<?xml version="1.0" encoding="UTF-8"?>
<corpus lang="hr" name="test-hr" sources="wordnet-croatian">
   <text id="d000">
      <sentence id="d000.s000" source="wordnet-croatian">
         <wf lemma="'" pos="X">'</wf>
         <wf lemma="'" pos="X">'</wf>
         <wf lemma="Tijelo" pos="X">Tijelo</wf>
         <wf lemma="'" pos="X">'</wf>
         <wf lemma="'" pos="X">'</wf>
         <wf lemma="je" pos="X">je</wf>
         <wf lemma="s" pos="X">s</wf>
         <wf lemma="'" pos="X">'</wf>
         <wf lemma="'" pos="X">'</wf>
         <wf lemma="rukom" pos="X">rukom</wf>
         <wf lemma="'" pos="X">'</wf>
         <wf lemma="'" pos="X">'</wf>
         <wf lemma="i" pos="X">i</wf>
         <wf lemma="'" pos="X">'</wf>
         <wf lemma="'" pos="X">'</wf>
         <wf lemma="nogom" pos="X">nogom</wf>
         <wf lemma="'" pos="X">'</wf>
         <wf lemma="'" pos="X">'</wf>
         <wf lemma="povezano" pos="X">povezano</wf>
         <wf lemma="odnosom" pos="X">odnosom</wf>
         <instance id="d000.s000.t000" lemma="holonimija" pos="NOUN">holonimije</instance>
         <wf lemma="." pos="X">.</wf>
      </sentence>
      <sentence id="d000.s001" source="wordnet-croatian">
         <instance id="d000.s001.t000" lemma="linija" pos="NOUN">Linije</instance>
         <wf lemma="koje" pos="X">koje</wf>
         <wf lemma="je" pos="X">je</wf>
         <wf lemma="nanosio" pos="X">nanosio</wf>
         <wf lemma="kistom" pos="X">kistom</wf>
         <wf lemma="polako" pos="X">polako</wf>
         <wf lemma="su" pos="X">su</wf>
         <wf lemma="počele" pos="X">počele</wf>
         <wf lemma="poprimati" pos="X">poprimati</wf>
         <wf lemma="jasan" pos="X">jasan</wf>
         <wf lemma="oblik" pos="X">oblik</wf>
         <wf lemma="psa" pos="X">psa</wf>
         <wf lemma="." pos="X">.</wf>
      </sentence>
      <sentence id="d000.s002" source="wordnet-croatian">
         <wf lemma="Ovoj" pos="X">Ovoj</wf>
         <wf lemma="juhi" pos="X">juhi</wf>
         <instance id="d000.s002.t000" lemma="nedostajati" pos="VERB">nedostaje</instance>
         <wf lemma="soli" pos="X">soli</wf>
         <wf lemma="." pos="X">.</wf>
      </sentence>
      <sentence id="d000.s003" source="wordnet-croatian">
         <wf lemma="Danas" pos="X">Danas</wf>
         <wf lemma="smo" pos="X">smo</wf>
         <wf lemma="učili" pos="X">učili</wf>
         <wf lemma="kako" pos="X">kako</wf>
         <wf lemma="se" pos="X">se</wf>
         <instance id="d000.s003.t000" lemma="hioscijamin" pos="NOUN">hioscijamin</instance>
         <wf lemma="izolira" pos="X">izolira</wf>
         <wf lemma="iz" pos="X">iz</wf>
         <wf lemma="korijena" pos="X">korijena</wf>
         <wf lemma="velebilja" pos="X">velebilja</wf>
         <wf lemma="." pos="X">.</wf>
      </sentence>
      <sentence id="d000.s004" source="wordnet-croatian">
         <wf lemma="Izbor" pos="X">Izbor</wf>
         <wf lemma="filmova" pos="X">filmova</wf>
         <wf lemma="na" pos="X">na</wf>
         <wf lemma="ovogodišnjem" pos="X">ovogodišnjem</wf>
         <wf lemma="festivalu" pos="X">festivalu</wf>
         <wf lemma="uistinu" pos="X">uistinu</wf>
         <wf lemma="je" pos="X">je</wf>
         <instance id="d000.s004.t000" lemma="raznolik" pos="ADJ">raznolik</instance>
         <wf lemma="." pos="X">.</wf>
      </sentence>
      <sentence id="d000.s005" source="wordnet-croatian">
         <instance id="d000.s005.t000" lemma="količina" pos="NOUN">Količina</instance>
         <wf lemma="izvezenih" pos="X">izvezenih</wf>
         <wf lemma="jabuka" pos="X">jabuka</wf>
         <wf lemma="ove" pos="X">ove</wf>
         <wf lemma="je" pos="X">je</wf>
         <wf lemma="godine" pos="X">godine</wf>
         <wf lemma="bila" pos="X">bila</wf>
         <wf lemma="rekordna" pos="X">rekordna</wf>
         <wf lemma="." pos="X">.</wf>
      </sentence>
      <sentence id="d000.s006" source="wordnet-croatian">
         <wf lemma="Bolesnik" pos="X">Bolesnik</wf>
         <wf lemma="je" pos="X">je</wf>
         <instance id="d000.s006.t000" lemma="urinirati" pos="VERB">urinirao</instance>
         <wf lemma="krv." pos="X">krv.</wf>
      </sentence>
      <sentence id="d000.s007" source="wordnet-croatian">
         <wf lemma="Smetala" pos="X">Smetala</wf>
         <wf lemma="ju" pos="X">ju</wf>
         <wf lemma="je" pos="X">je</wf>
         <wf lemma="njegova" pos="X">njegova</wf>
         <instance id="d000.s007.t000" lemma="neuglednost" pos="NOUN">neuglednost</instance>
         <wf lemma="." pos="X">.</wf>
      </sentence>
      <sentence id="d000.s008" source="wordnet-croatian">
         <instance id="d000.s008.t000" lemma="magnet" pos="NOUN">Magnetom</instance>
         <wf lemma="su" pos="X">su</wf>
         <wf lemma="pokupili" pos="X">pokupili</wf>
         <wf lemma="željeznu" pos="X">željeznu</wf>
         <wf lemma="prašinu" pos="X">prašinu</wf>
         <wf lemma="." pos="X">.</wf>
      </sentence>
      <sentence id="d000.s009" source="wordnet-croatian">
         <wf lemma="Njegovo" pos="X">Njegovo</wf>
         <wf lemma="drugo" pos="X">drugo</wf>
         <wf lemma="dijete" pos="X">dijete</wf>
         <wf lemma="je" pos="X">je</wf>
         <instance id="d000.s009.t000" lemma="dječak" pos="NOUN">dječak</instance>
         <wf lemma="." pos="X">.</wf>
      </sentence>
      <sentence id="d000.s010" source="wordnet-croatian">
         <wf lemma="Uvijek" pos="X">Uvijek</wf>
         <wf lemma="je" pos="X">je</wf>
         <wf lemma="po" pos="X">po</wf>
         <wf lemma="košulji" pos="X">košulji</wf>
         <wf lemma="oblačio" pos="X">oblačio</wf>
         <wf lemma="vuneni" pos="X">vuneni</wf>
         <instance id="d000.s010.t000" lemma="prsluk" pos="NOUN">prsluk</instance>
         <wf lemma="." pos="X">.</wf>
      </sentence>
      <sentence id="d000.s011" source="wordnet-croatian">
         <wf lemma="Ovisna" pos="X">Ovisna</wf>
         <wf lemma="sam" pos="X">sam</wf>
         <wf lemma="o" pos="X">o</wf>
         <instance id="d000.s011.t000" lemma="kofein" pos="NOUN">kofeinu</instance>
         <wf lemma="!" pos="X">!</wf>
      </sentence>
      <sentence id="d000.s012" source="wordnet-croatian">
         <wf lemma="Civile" pos="X">Civile</wf>
         <wf lemma="moramo" pos="X">moramo</wf>
         <wf lemma="maknuti" pos="X">maknuti</wf>
         <wf lemma="s" pos="X">s</wf>
         <instance id="d000.s012.t000" lemma="bojišnica" pos="NOUN">bojišnice</instance>
         <wf lemma="." pos="X">.</wf>
      </sentence>
      <sentence id="d000.s013" source="wordnet-croatian">
         <wf lemma="Njezini" pos="X">Njezini</wf>
         <wf lemma="su" pos="X">su</wf>
         <wf lemma="roditelji" pos="X">roditelji</wf>
         <wf lemma="bili" pos="X">bili</wf>
         <wf lemma="vrlo" pos="X">vrlo</wf>
         <instance id="d000.s013.t000" lemma="konzervativan" pos="ADJ">konzervativni</instance>
         <wf lemma="." pos="X">.</wf>
      </sentence>
      <sentence id="d000.s014" source="wordnet-croatian">
         <wf lemma="Izgledala" pos="X">Izgledala</wf>
         <wf lemma="je" pos="X">je</wf>
         <wf lemma="privlačno" pos="X">privlačno</wf>
         <wf lemma="u" pos="X">u</wf>
         <wf lemma="dugačkoj" pos="X">dugačkoj</wf>
         <wf lemma="svilenoj" pos="X">svilenoj</wf>
         <instance id="d000.s014.t000" lemma="tunika" pos="NOUN">tunici</instance>
         <wf lemma="s" pos="X">s</wf>
         <wf lemma="cvjetnim" pos="X">cvjetnim</wf>
         <wf lemma="uzorkom" pos="X">uzorkom</wf>
         <wf lemma="." pos="X">.</wf>
      </sentence>
      <sentence id="d000.s015" source="wordnet-croatian">
         <wf lemma="Sin" pos="X">Sin</wf>
         <wf lemma="im" pos="X">im</wf>
         <wf lemma="je" pos="X">je</wf>
         <wf lemma="nakon" pos="X">nakon</wf>
         <wf lemma="prometne" pos="X">prometne</wf>
         <wf lemma="nesreće" pos="X">nesreće</wf>
         <wf lemma="ostao" pos="X">ostao</wf>
         <instance id="d000.s015.t000" lemma="nepokretan" pos="ADJ">nepokretan</instance>
         <wf lemma="." pos="X">.</wf>
      </sentence>
      <sentence id="d000.s016" source="wordnet-croatian">
         <wf lemma="Pad" pos="X">Pad</wf>
         <wf lemma="na" pos="X">na</wf>
         <wf lemma="ispitu" pos="X">ispitu</wf>
         <wf lemma="za" pos="X">za</wf>
         <wf lemma="mene" pos="X">mene</wf>
         <wf lemma="je" pos="X">je</wf>
         <wf lemma="bio" pos="X">bio</wf>
         <wf lemma="veoma" pos="X">veoma</wf>
         <wf lemma="bolno" pos="X">bolno</wf>
         <instance id="d000.s016.t000" lemma="iskustvo" pos="NOUN">iskustvo</instance>
         <wf lemma="." pos="X">.</wf>
      </sentence>
      <sentence id="d000.s017" source="wordnet-croatian">
         <wf lemma="Maji" pos="X">Maji</wf>
         <wf lemma="je" pos="X">je</wf>
         <wf lemma="bio" pos="X">bio</wf>
         <wf lemma="veliki" pos="X">veliki</wf>
         <instance id="d000.s017.t000" lemma="napor" pos="NOUN">napor</instance>
         <wf lemma="zapamtiti" pos="X">zapamtiti</wf>
         <wf lemma="grčke" pos="X">grčke</wf>
         <wf lemma="nepravilne" pos="X">nepravilne</wf>
         <wf lemma="glagole" pos="X">glagole</wf>
         <wf lemma="." pos="X">.</wf>
      </sentence>
      <sentence id="d000.s018" source="wordnet-croatian">
         <wf lemma="Prije" pos="X">Prije</wf>
         <wf lemma="nego" pos="X">nego</wf>
         <wf lemma="što" pos="X">što</wf>
         <wf lemma="bi" pos="X">bi</wf>
         <wf lemma="otvorio" pos="X">otvorio</wf>
         <wf lemma="vrata" pos="X">vrata</wf>
         <wf lemma="," pos="X">,</wf>
         <wf lemma="pogledao" pos="X">pogledao</wf>
         <wf lemma="bi" pos="X">bi</wf>
         <wf lemma="kroz" pos="X">kroz</wf>
         <instance id="d000.s018.t000" lemma="zirak" pos="NOUN">zirak</instance>
         <wf lemma="." pos="X">.</wf>
      </sentence>
      <sentence id="d000.s019" source="wordnet-croatian">
         <wf lemma="Za" pos="X">Za</wf>
         <wf lemma="otklanjanje" pos="X">otklanjanje</wf>
         <instance id="d000.s019.t000" lemma="smetnja" pos="NOUN">smetnji</instance>
         <wf lemma="u" pos="X">u</wf>
         <wf lemma="probavi" pos="X">probavi</wf>
         <wf lemma="treba" pos="X">treba</wf>
         <wf lemma="piti" pos="X">piti</wf>
         <wf lemma="puno" pos="X">puno</wf>
         <wf lemma="kisela" pos="X">kisela</wf>
         <wf lemma="mlijeka" pos="X">mlijeka</wf>
         <wf lemma="." pos="X">.</wf>
      </sentence>
      <sentence id="d000.s020" source="wordnet-croatian">
         <wf lemma="Ostrugao" pos="X">Ostrugao</wf>
         <wf lemma="je" pos="X">je</wf>
         <instance id="d000.s020.t000" lemma="sloj" pos="NOUN">sloj</instance>
         <wf lemma="stare" pos="X">stare</wf>
         <wf lemma="boje" pos="X">boje</wf>
         <wf lemma="da" pos="X">da</wf>
         <wf lemma="bi" pos="X">bi</wf>
         <wf lemma="mogao" pos="X">mogao</wf>
         <wf lemma="ponovno" pos="X">ponovno</wf>
         <wf lemma="oličiti" pos="X">oličiti</wf>
         <wf lemma="prostoriju" pos="X">prostoriju</wf>
         <wf lemma="." pos="X">.</wf>
      </sentence>
      <sentence id="d000.s021" source="wordnet-croatian">
         <wf lemma="U" pos="X">U</wf>
         <wf lemma="božićno" pos="X">božićno</wf>
         <wf lemma="vrijeme" pos="X">vrijeme</wf>
         <wf lemma="svećenik" pos="X">svećenik</wf>
         <wf lemma="ide" pos="X">ide</wf>
         <wf lemma="po" pos="X">po</wf>
         <wf lemma="kućama" pos="X">kućama</wf>
         <wf lemma="i" pos="X">i</wf>
         <instance id="d000.s021.t000" lemma="škropilo" pos="NOUN">škropilom</instance>
         <wf lemma="blagoslivlja" pos="X">blagoslivlja</wf>
         <wf lemma="prostor" pos="X">prostor</wf>
         <wf lemma="i" pos="X">i</wf>
         <wf lemma="njegove" pos="X">njegove</wf>
         <wf lemma="stanare" pos="X">stanare</wf>
         <wf lemma="." pos="X">.</wf>
      </sentence>
      <sentence id="d000.s022" source="wordnet-croatian">
         <wf lemma="Nakon" pos="X">Nakon</wf>
         <wf lemma="zadnjeg" pos="X">zadnjeg</wf>
         <wf lemma="psihotičnog" pos="X">psihotičnog</wf>
         <wf lemma="ispada" pos="X">ispada</wf>
         <wf lemma="morali" pos="X">morali</wf>
         <wf lemma="su" pos="X">su</wf>
         <wf lemma="je" pos="X">je</wf>
         <instance id="d000.s022.t000" lemma="hospitalizirati" pos="VERB">hospitalizirati</instance>
         <wf lemma="." pos="X">.</wf>
      </sentence>
      <sentence id="d000.s023" source="wordnet-croatian">
         <instance id="d000.s023.t000" lemma="iznos" pos="NOUN">Iznos</instance>
         <wf lemma="računa" pos="X">računa</wf>
         <wf lemma="činio" pos="X">činio</wf>
         <wf lemma="mi" pos="X">mi</wf>
         <wf lemma="se" pos="X">se</wf>
         <wf lemma="prevelikim" pos="X">prevelikim</wf>
         <wf lemma="pa" pos="X">pa</wf>
         <wf lemma="sam" pos="X">sam</wf>
         <wf lemma="dobro" pos="X">dobro</wf>
         <wf lemma="prekontrolirao" pos="X">prekontrolirao</wf>
         <wf lemma="sve" pos="X">sve</wf>
         <wf lemma="zaračunate" pos="X">zaračunate</wf>
         <wf lemma="artikle" pos="X">artikle</wf>
         <wf lemma="." pos="X">.</wf>
      </sentence>
      <sentence id="d000.s024" source="wordnet-croatian">
         <wf lemma="činjenica" pos="X">činjenica</wf>
         <wf lemma="da" pos="X">da</wf>
         <wf lemma="je" pos="X">je</wf>
         <wf lemma="ona" pos="X">ona</wf>
         <wf lemma="bila" pos="X">bila</wf>
         <wf lemma="visoko" pos="X">visoko</wf>
         <wf lemma="obrazovana" pos="X">obrazovana</wf>
         <wf lemma="za" pos="X">za</wf>
         <wf lemma="njega" pos="X">njega</wf>
         <wf lemma="je" pos="X">je</wf>
         <wf lemma="bila" pos="X">bila</wf>
         <instance id="d000.s024.t000" lemma="plus" pos="NOUN">plus</instance>
         <wf lemma="." pos="X">.</wf>
      </sentence>
      <sentence id="d000.s025" source="wordnet-croatian">
         <wf lemma="Programsko" pos="X">Programsko</wf>
         <instance id="d000.s025.t000" lemma="inženjerstvo" pos="NOUN">inženjerstvo</instance>
         <wf lemma="primjena" pos="X">primjena</wf>
         <wf lemma="je" pos="X">je</wf>
         <wf lemma="sustavnog" pos="X">sustavnog</wf>
         <wf lemma="," pos="X">,</wf>
         <wf lemma="discipliniranog" pos="X">discipliniranog</wf>
         <wf lemma="i" pos="X">i</wf>
         <wf lemma="mjerljivog" pos="X">mjerljivog</wf>
         <wf lemma="pristupa" pos="X">pristupa</wf>
         <wf lemma="razvoju" pos="X">razvoju</wf>
         <wf lemma="," pos="X">,</wf>
         <wf lemma="uporabi" pos="X">uporabi</wf>
         <wf lemma="i" pos="X">i</wf>
         <wf lemma="održavanju" pos="X">održavanju</wf>
         <wf lemma="programske" pos="X">programske</wf>
         <wf lemma="podrške" pos="X">podrške</wf>
         <wf lemma="." pos="X">.</wf>
      </sentence>
      <sentence id="d000.s026" source="wordnet-croatian">
         <wf lemma="Razmišljao" pos="X">Razmišljao</wf>
         <wf lemma="je" pos="X">je</wf>
         <wf lemma="koja" pos="X">koja</wf>
         <wf lemma="bi" pos="X">bi</wf>
         <wf lemma="bila" pos="X">bila</wf>
         <wf lemma="najbolja" pos="X">najbolja</wf>
         <instance id="d000.s026.t000" lemma="tema" pos="NOUN">tema</instance>
         <wf lemma="njegova" pos="X">njegova</wf>
         <wf lemma="doktorata" pos="X">doktorata</wf>
         <wf lemma="." pos="X">.</wf>
      </sentence>
      <sentence id="d000.s027" source="wordnet-croatian">
         <wf lemma="Fakultet" pos="X">Fakultet</wf>
         <wf lemma="je" pos="X">je</wf>
         <instance id="d000.s027.t000" lemma="organizirati" pos="VERB">organizirao</instance>
         <wf lemma="božični" pos="X">božični</wf>
         <wf lemma="domjenak" pos="X">domjenak</wf>
         <wf lemma="." pos="X">.</wf>
      </sentence>
      <sentence id="d000.s028" source="wordnet-croatian">
         <wf lemma="Između" pos="X">Između</wf>
         <wf lemma="dva" pos="X">dva</wf>
         <wf lemma="zida" pos="X">zida</wf>
         <wf lemma="postoji" pos="X">postoji</wf>
         <wf lemma="mala" pos="X">mala</wf>
         <instance id="d000.s028.t000" lemma="rupa" pos="NOUN">rupa</instance>
         <wf lemma="kroz" pos="X">kroz</wf>
         <wf lemma="koju" pos="X">koju</wf>
         <wf lemma="prolaze" pos="X">prolaze</wf>
         <wf lemma="miševi" pos="X">miševi</wf>
         <wf lemma="." pos="X">.</wf>
      </sentence>
      <sentence id="d000.s029" source="wordnet-croatian">
         <wf lemma="Prepoznali" pos="X">Prepoznali</wf>
         <wf lemma="su" pos="X">su</wf>
         <wf lemma="ga" pos="X">ga</wf>
         <wf lemma="po" pos="X">po</wf>
         <instance id="d000.s029.t000" lemma="struktura" pos="NOUN">strukturi</instance>
         <wf lemma="DNK" pos="X">DNK</wf>
         <wf lemma="." pos="X">.</wf>
      </sentence>
      <sentence id="d000.s030" source="wordnet-croatian">
         <wf lemma="Uporabu" pos="X">Uporabu</wf>
         <wf lemma="parkirališta" pos="X">parkirališta</wf>
         <wf lemma="treba" pos="X">treba</wf>
         <instance id="d000.s030.t000" lemma="ograničiti" pos="VERB">ograničiti</instance>
         <wf lemma="na" pos="X">na</wf>
         <wf lemma="osoblje" pos="X">osoblje</wf>
         <wf lemma="tvrtke" pos="X">tvrtke</wf>
         <wf lemma="." pos="X">.</wf>
      </sentence>
      <sentence id="d000.s031" source="wordnet-croatian">
         <instance id="d000.s031.t000" lemma="štrajk" pos="NOUN">Štrajk</instance>
         <wf lemma="radnika" pos="X">radnika</wf>
         <wf lemma="na" pos="X">na</wf>
         <wf lemma="brodogradilištu" pos="X">brodogradilištu</wf>
         <wf lemma="izazvan" pos="X">izazvan</wf>
         <wf lemma="je" pos="X">je</wf>
         <wf lemma="lošom" pos="X">lošom</wf>
         <wf lemma="potezima" pos="X">potezima</wf>
         <wf lemma="uprave" pos="X">uprave</wf>
         <wf lemma="." pos="X">.</wf>
      </sentence>
      <sentence id="d000.s032" source="wordnet-croatian">
         <wf lemma="Na" pos="X">Na</wf>
         <wf lemma="javnu" pos="X">javnu</wf>
         <instance id="d000.s032.t000" lemma="rasvjeta" pos="NOUN">rasvjetu</instance>
         <wf lemma="troši" pos="X">troši</wf>
         <wf lemma="se" pos="X">se</wf>
         <wf lemma="velik" pos="X">velik</wf>
         <wf lemma="dio" pos="X">dio</wf>
         <wf lemma="gradskog" pos="X">gradskog</wf>
         <wf lemma="proračuna" pos="X">proračuna</wf>
         <wf lemma="." pos="X">.</wf>
      </sentence>
      <sentence id="d000.s033" source="wordnet-croatian">
         <wf lemma="Njezina" pos="X">Njezina</wf>
         <instance id="d000.s033.t000" lemma="bezosjećajnost" pos="NOUN">bezosjećajnost</instance>
         <wf lemma="prema" pos="X">prema</wf>
         <wf lemma="životinjama" pos="X">životinjama</wf>
         <wf lemma="potpuno" pos="X">potpuno</wf>
         <wf lemma="ga" pos="X">ga</wf>
         <wf lemma="je" pos="X">je</wf>
         <wf lemma="razočarala" pos="X">razočarala</wf>
         <wf lemma="." pos="X">.</wf>
      </sentence>
      <sentence id="d000.s034" source="wordnet-croatian">
         <wf lemma="Marica" pos="X">Marica</wf>
         <wf lemma="i" pos="X">i</wf>
         <wf lemma="Pero" pos="X">Pero</wf>
         <wf lemma="danima" pos="X">danima</wf>
         <wf lemma="su" pos="X">su</wf>
         <instance id="d000.s034.t000" lemma="uvježbavati" pos="VERB">uvježbavali</instance>
         <wf lemma="koreografiju" pos="X">koreografiju</wf>
         <wf lemma="za" pos="X">za</wf>
         <wf lemma="školsku" pos="X">školsku</wf>
         <wf lemma="priredbu" pos="X">priredbu</wf>
         <wf lemma="." pos="X">.</wf>
      </sentence>
      <sentence id="d000.s035" source="wordnet-croatian">
         <wf lemma="Majka" pos="X">Majka</wf>
         <wf lemma="i" pos="X">i</wf>
         <wf lemma="sin" pos="X">sin</wf>
         <wf lemma="imaju" pos="X">imaju</wf>
         <instance id="d000.s035.t000" lemma="isti" pos="ADJ">iste</instance>
         <wf lemma="plave" pos="X">plave</wf>
         <wf lemma="oči" pos="X">oči</wf>
         <wf lemma="." pos="X">.</wf>
      </sentence>
      <sentence id="d000.s036" source="wordnet-croatian">
         <wf lemma="Zbog" pos="X">Zbog</wf>
         <wf lemma="jake" pos="X">jake</wf>
         <wf lemma="bure" pos="X">bure</wf>
         <instance id="d000.s036.t000" lemma="most" pos="NOUN">most</instance>
         <wf lemma="je" pos="X">je</wf>
         <wf lemma="zatvoren" pos="X">zatvoren</wf>
         <wf lemma="za" pos="X">za</wf>
         <wf lemma="sve" pos="X">sve</wf>
         <wf lemma="skupine" pos="X">skupine</wf>
         <wf lemma="vozila" pos="X">vozila</wf>
         <wf lemma="." pos="X">.</wf>
      </sentence>
      <sentence id="d000.s037" source="wordnet-croatian">
         <wf lemma="Veselila" pos="X">Veselila</wf>
         <wf lemma="se" pos="X">se</wf>
         <instance id="d000.s037.t000" lemma="povratak" pos="NOUN">povratku</instance>
         <wf lemma="svog" pos="X">svog</wf>
         <wf lemma="oca" pos="X">oca</wf>
         <wf lemma="s" pos="X">s</wf>
         <wf lemma="poslovnog" pos="X">poslovnog</wf>
         <wf lemma="putovanja" pos="X">putovanja</wf>
         <wf lemma="." pos="X">.</wf>
      </sentence>
      <sentence id="d000.s038" source="wordnet-croatian">
         <instance id="d000.s038.t000" lemma="ispuniti" pos="VERB">Ispunio</instance>
         <wf lemma="je" pos="X">je</wf>
         <wf lemma="sve" pos="X">sve</wf>
         <wf lemma="uvjete" pos="X">uvjete</wf>
         <wf lemma="za" pos="X">za</wf>
         <wf lemma="izbor" pos="X">izbor</wf>
         <wf lemma="u" pos="X">u</wf>
         <wf lemma="više" pos="X">više</wf>
         <wf lemma="zvanje" pos="X">zvanje</wf>
         <wf lemma="." pos="X">.</wf>
      </sentence>
      <sentence id="d000.s039" source="wordnet-croatian">
         <wf lemma="Skinuo" pos="X">Skinuo</wf>
         <wf lemma="je" pos="X">je</wf>
         <instance id="d000.s039.t000" lemma="polucilindar" pos="NOUN">polucilindar</instance>
         <wf lemma="s" pos="X">s</wf>
         <wf lemma="glave" pos="X">glave</wf>
         <wf lemma="i" pos="X">i</wf>
         <wf lemma="odložio" pos="X">odložio</wf>
         <wf lemma="ga" pos="X">ga</wf>
         <wf lemma="na" pos="X">na</wf>
         <wf lemma="stol" pos="X">stol</wf>
         <wf lemma="." pos="X">.</wf>
      </sentence>
      <sentence id="d000.s040" source="wordnet-croatian">
         <wf lemma="Političari" pos="X">Političari</wf>
         <wf lemma="bi" pos="X">bi</wf>
         <wf lemma="trebali" pos="X">trebali</wf>
         <wf lemma="više" pos="X">više</wf>
         <wf lemma="raditi" pos="X">raditi</wf>
         <wf lemma="na" pos="X">na</wf>
         <wf lemma="promicanju" pos="X">promicanju</wf>
         <wf lemma="vjerske" pos="X">vjerske</wf>
         <instance id="d000.s040.t000" lemma="snošljivost" pos="NOUN">snošljivosti</instance>
         <wf lemma="u" pos="X">u</wf>
         <wf lemma="zemlji" pos="X">zemlji</wf>
         <wf lemma="." pos="X">.</wf>
      </sentence>
      <sentence id="d000.s041" source="wordnet-croatian">
         <wf lemma="Treba" pos="X">Treba</wf>
         <wf lemma="se" pos="X">se</wf>
         <wf lemma="izbjegavati" pos="X">izbjegavati</wf>
         <instance id="d000.s041.t000" lemma="kontakt" pos="NOUN">kontakt</instance>
         <wf lemma="električno" pos="X">električno</wf>
         <wf lemma="nabijenih" pos="X">nabijenih</wf>
         <wf lemma="objekata" pos="X">objekata</wf>
         <wf lemma="." pos="X">.</wf>
      </sentence>
      <sentence id="d000.s042" source="wordnet-croatian">
         <instance id="d000.s042.t000" lemma="šef" pos="NOUN">Šef</instance>
         <wf lemma="je" pos="X">je</wf>
         <wf lemma="danas" pos="X">danas</wf>
         <wf lemma="otpustio" pos="X">otpustio</wf>
         <wf lemma="nekoliko" pos="X">nekoliko</wf>
         <wf lemma="trgovaca" pos="X">trgovaca</wf>
         <wf lemma="u" pos="X">u</wf>
         <wf lemma="Konzumu" pos="X">Konzumu</wf>
         <wf lemma="." pos="X">.</wf>
      </sentence>
      <sentence id="d000.s043" source="wordnet-croatian">
         <wf lemma="Brojni" pos="X">Brojni</wf>
         <wf lemma="kognitivni" pos="X">kognitivni</wf>
         <instance id="d000.s043.t000" lemma="čimbenik" pos="NOUN">čimbenici</instance>
         <wf lemma="utječu" pos="X">utječu</wf>
         <wf lemma="na" pos="X">na</wf>
         <wf lemma="uspješnost" pos="X">uspješnost</wf>
         <wf lemma="učenja" pos="X">učenja</wf>
         <wf lemma="." pos="X">.</wf>
      </sentence>
      <sentence id="d000.s044" source="wordnet-croatian">
         <wf lemma="Mnoge" pos="X">Mnoge</wf>
         <wf lemma="se" pos="X">se</wf>
         <wf lemma="djevojčice" pos="X">djevojčice</wf>
         <wf lemma="žele" pos="X">žele</wf>
         <wf lemma="baviti" pos="X">baviti</wf>
         <instance id="d000.s044.t000" lemma="balet" pos="NOUN">baletom</instance>
         <wf lemma="zbog" pos="X">zbog</wf>
         <wf lemma="slatkih" pos="X">slatkih</wf>
         <wf lemma="kostima" pos="X">kostima</wf>
         <wf lemma="od" pos="X">od</wf>
         <wf lemma="tila" pos="X">tila</wf>
         <wf lemma="." pos="X">.</wf>
      </sentence>
      <sentence id="d000.s045" source="wordnet-croatian">
         <wf lemma="Bio" pos="X">Bio</wf>
         <wf lemma="je" pos="X">je</wf>
         <wf lemma="stručnjak" pos="X">stručnjak</wf>
         <wf lemma="za" pos="X">za</wf>
         <wf lemma="popravljanje" pos="X">popravljanje</wf>
         <instance id="d000.s045.t000" lemma="veš-mašina" pos="NOUN">veš-mašina</instance>
         <wf lemma="." pos="X">.</wf>
      </sentence>
      <sentence id="d000.s046" source="wordnet-croatian">
         <wf lemma="Volio" pos="X">Volio</wf>
         <wf lemma="ju" pos="X">ju</wf>
         <wf lemma="je" pos="X">je</wf>
         <wf lemma="jer" pos="X">jer</wf>
         <wf lemma="je" pos="X">je</wf>
         <wf lemma="bila" pos="X">bila</wf>
         <wf lemma="dobra" pos="X">dobra</wf>
         <wf lemma="osoba" pos="X">osoba</wf>
         <wf lemma="," pos="X">,</wf>
         <wf lemma="a" pos="X">a</wf>
         <wf lemma="ne" pos="X">ne</wf>
         <wf lemma="zbog" pos="X">zbog</wf>
         <instance id="d000.s046.t000" lemma="vanjština" pos="NOUN">vanjštine</instance>
         <wf lemma="." pos="X">.</wf>
      </sentence>
      <sentence id="d000.s047" source="wordnet-croatian">
         <wf lemma="Ne" pos="X">Ne</wf>
         <wf lemma="možeš" pos="X">možeš</wf>
         <instance id="d000.s047.t000" lemma="uspoređivati" pos="VERB">uspoređivati</instance>
         <wf lemma="ta" pos="X">ta</wf>
         <wf lemma="dva" pos="X">dva</wf>
         <wf lemma="postupka" pos="X">postupka</wf>
         <wf lemma="." pos="X">.</wf>
      </sentence>
      <sentence id="d000.s048" source="wordnet-croatian">
         <wf lemma="Na" pos="X">Na</wf>
         <wf lemma="poleđini" pos="X">poleđini</wf>
         <wf lemma="se" pos="X">se</wf>
         <wf lemma="nalazi" pos="X">nalazi</wf>
         <wf lemma="precizna" pos="X">precizna</wf>
         <instance id="d000.s048.t000" lemma="deskripcija" pos="NOUN">deskripcija</instance>
         <wf lemma="nuspojava" pos="X">nuspojava</wf>
         <wf lemma="lijeka" pos="X">lijeka</wf>
         <wf lemma="." pos="X">.</wf>
      </sentence>
      <sentence id="d000.s049" source="wordnet-croatian">
         <wf lemma="Radio" pos="X">Radio</wf>
         <wf lemma="je" pos="X">je</wf>
         <wf lemma="velikom" pos="X">velikom</wf>
         <instance id="d000.s049.t000" lemma="brzina" pos="NOUN">brzinom</instance>
         <wf lemma="i" pos="X">i</wf>
         <wf lemma="sve" pos="X">sve</wf>
         <wf lemma="je" pos="X">je</wf>
         <wf lemma="stigao" pos="X">stigao</wf>
         <wf lemma="na" pos="X">na</wf>
         <wf lemma="vrijeme" pos="X">vrijeme</wf>
         <wf lemma="." pos="X">.</wf>
      </sentence>
      <sentence id="d000.s050" source="wordnet-croatian">
         <wf lemma="Predsjednika" pos="X">Predsjednika</wf>
         <wf lemma="su" pos="X">su</wf>
         <instance id="d000.s050.t000" lemma="prekinuti" pos="VERB">prekinuli</instance>
         <wf lemma="usred" pos="X">usred</wf>
         <wf lemma="njegova" pos="X">njegova</wf>
         <wf lemma="govora" pos="X">govora</wf>
         <wf lemma="." pos="X">.</wf>
      </sentence>
      <sentence id="d000.s051" source="wordnet-croatian">
         <wf lemma="On" pos="X">On</wf>
         <wf lemma="je" pos="X">je</wf>
         <wf lemma="istaknut" pos="X">istaknut</wf>
         <wf lemma="član" pos="X">član</wf>
         <wf lemma="svoje" pos="X">svoje</wf>
         <instance id="d000.s051.t000" lemma="komuna" pos="NOUN">komune</instance>
         <wf lemma="." pos="X">.</wf>
      </sentence>
      <sentence id="d000.s052" source="wordnet-croatian">
         <wf lemma="Voljela" pos="X">Voljela</wf>
         <wf lemma="je" pos="X">je</wf>
         <wf lemma="lutati" pos="X">lutati</wf>
         <wf lemma="šumskim" pos="X">šumskim</wf>
         <instance id="d000.s052.t000" lemma="staza" pos="NOUN">stazama</instance>
         <wf lemma="." pos="X">.</wf>
      </sentence>
      <sentence id="d000.s053" source="wordnet-croatian">
         <instance id="d000.s053.t000" lemma="zreo" pos="ADJ">Zrela</instance>
         <wf lemma="je" pos="X">je</wf>
         <wf lemma="jajna" pos="X">jajna</wf>
         <wf lemma="stanica" pos="X">stanica</wf>
         <wf lemma="bila" pos="X">bila</wf>
         <wf lemma="spremna" pos="X">spremna</wf>
         <wf lemma="za" pos="X">za</wf>
         <wf lemma="oplodnju" pos="X">oplodnju</wf>
         <wf lemma="." pos="X">.</wf>
      </sentence>
      <sentence id="d000.s054" source="wordnet-croatian">
         <instance id="d000.s054.t000" lemma="vješalica" pos="NOUN">Vješalica</instance>
         <wf lemma="u" pos="X">u</wf>
         <wf lemma="predsoblju" pos="X">predsoblju</wf>
         <wf lemma="bila" pos="X">bila</wf>
         <wf lemma="je" pos="X">je</wf>
         <wf lemma="pretrpana" pos="X">pretrpana</wf>
         <wf lemma="kaputima" pos="X">kaputima</wf>
         <wf lemma="." pos="X">.</wf>
      </sentence>
      <sentence id="d000.s055" source="wordnet-croatian">
         <wf lemma="Put" pos="X">Put</wf>
         <wf lemma="do" pos="X">do</wf>
         <wf lemma="vrha" pos="X">vrha</wf>
         <wf lemma="planine" pos="X">planine</wf>
         <wf lemma="bio" pos="X">bio</wf>
         <wf lemma="je" pos="X">je</wf>
         <wf lemma="prava" pos="X">prava</wf>
         <instance id="d000.s055.t000" lemma="muka" pos="NOUN">muka</instance>
         <wf lemma="za" pos="X">za</wf>
         <wf lemma="mališane" pos="X">mališane</wf>
         <wf lemma="." pos="X">.</wf>
      </sentence>
      <sentence id="d000.s056" source="wordnet-croatian">
         <wf lemma="Savršeno" pos="X">Savršeno</wf>
         <instance id="d000.s056.t000" lemma="pristajanje" pos="NOUN">pristajanje</instance>
         <wf lemma="odjeće" pos="X">odjeće</wf>
         <wf lemma="uz" pos="X">uz</wf>
         <wf lemma="tijelo" pos="X">tijelo</wf>
         <wf lemma="bilo" pos="X">bilo</wf>
         <wf lemma="joj" pos="X">joj</wf>
         <wf lemma="je" pos="X">je</wf>
         <wf lemma="imperativ" pos="X">imperativ</wf>
         <wf lemma="pri" pos="X">pri</wf>
         <wf lemma="kupovini" pos="X">kupovini</wf>
         <wf lemma="." pos="X">.</wf>
      </sentence>
      <sentence id="d000.s057" source="wordnet-croatian">
         <wf lemma="Bazalna" pos="X">Bazalna</wf>
         <instance id="d000.s057.t000" lemma="lamina" pos="NOUN">lamina</instance>
         <wf lemma="sloj" pos="X">sloj</wf>
         <wf lemma="je" pos="X">je</wf>
         <wf lemma="izvanstanične" pos="X">izvanstanične</wf>
         <wf lemma="tvari" pos="X">tvari</wf>
         <wf lemma="na" pos="X">na</wf>
         <wf lemma="bazalnoj" pos="X">bazalnoj</wf>
         <wf lemma="strani" pos="X">strani</wf>
         <wf lemma="epitelnih" pos="X">epitelnih</wf>
         <wf lemma="stanica" pos="X">stanica</wf>
         <wf lemma="." pos="X">.</wf>
      </sentence>
      <sentence id="d000.s058" source="wordnet-croatian">
         <instance id="d000.s058.t000" lemma="napisati" pos="VERB">Napisao</instance>
         <wf lemma="joj" pos="X">joj</wf>
         <wf lemma="je" pos="X">je</wf>
         <wf lemma="da" pos="X">da</wf>
         <wf lemma="dolazi" pos="X">dolazi</wf>
         <wf lemma="za" pos="X">za</wf>
         <wf lemma="tri" pos="X">tri</wf>
         <wf lemma="godine" pos="X">godine</wf>
         <wf lemma="." pos="X">.</wf>
      </sentence>
      <sentence id="d000.s059" source="wordnet-croatian">
         <instance id="d000.s059.t000" lemma="uživati" pos="VERB">Uživala</instance>
         <wf lemma="je" pos="X">je</wf>
         <wf lemma="u" pos="X">u</wf>
         <wf lemma="svojoj" pos="X">svojoj</wf>
         <wf lemma="slavi" pos="X">slavi</wf>
         <wf lemma="." pos="X">.</wf>
      </sentence>
      <sentence id="d000.s060" source="wordnet-croatian">
         <wf lemma="Medicina" pos="X">Medicina</wf>
         <wf lemma="je" pos="X">je</wf>
         <wf lemma="danas" pos="X">danas</wf>
         <wf lemma="dobro" pos="X">dobro</wf>
         <wf lemma="upoznata" pos="X">upoznata</wf>
         <wf lemma="s" pos="X">s</wf>
         <instance id="d000.s060.t000" lemma="mehanizam" pos="NOUN">mehanizmom</instance>
         <wf lemma="uha" pos="X">uha</wf>
         <wf lemma="." pos="X">.</wf>
      </sentence>
      <sentence id="d000.s061" source="wordnet-croatian">
         <wf lemma="Pingvini" pos="X">Pingvini</wf>
         <wf lemma="žive" pos="X">žive</wf>
         <wf lemma="u" pos="X">u</wf>
         <wf lemma="polarnim" pos="X">polarnim</wf>
         <instance id="d000.s061.t000" lemma="kraj" pos="NOUN">krajevima</instance>
         <wf lemma="." pos="X">.</wf>
      </sentence>
      <sentence id="d000.s062" source="wordnet-croatian">
         <instance id="d000.s062.t000" lemma="kabanica" pos="NOUN">Kabanica</instance>
         <wf lemma="je" pos="X">je</wf>
         <wf lemma="nekad" pos="X">nekad</wf>
         <wf lemma="praktičnija" pos="X">praktičnija</wf>
         <wf lemma="od" pos="X">od</wf>
         <wf lemma="kišobrana" pos="X">kišobrana</wf>
         <wf lemma="." pos="X">.</wf>
      </sentence>
      <sentence id="d000.s063" source="wordnet-croatian">
         <wf lemma="Blaženka" pos="X">Blaženka</wf>
         <wf lemma="svakog" pos="X">svakog</wf>
         <wf lemma="ponedjeljka" pos="X">ponedjeljka</wf>
         <wf lemma="saziva" pos="X">saziva</wf>
         <instance id="d000.s063.t000" lemma="sjednica" pos="NOUN">sjednicu</instance>
         <wf lemma="kućnog" pos="X">kućnog</wf>
         <wf lemma="savjeta" pos="X">savjeta</wf>
         <wf lemma="." pos="X">.</wf>
      </sentence>
      <sentence id="d000.s064" source="wordnet-croatian">
         <wf lemma="Trener" pos="X">Trener</wf>
         <wf lemma="je" pos="X">je</wf>
         <instance id="d000.s064.t000" lemma="pozvati" pos="VERB">pozvao</instance>
         <wf lemma="igrače" pos="X">igrače</wf>
         <wf lemma="u" pos="X">u</wf>
         <wf lemma="svlačionicu" pos="X">svlačionicu</wf>
         <wf lemma="i" pos="X">i</wf>
         <wf lemma="održao" pos="X">održao</wf>
         <wf lemma="im" pos="X">im</wf>
         <wf lemma="bukvicu" pos="X">bukvicu</wf>
         <wf lemma="zbog" pos="X">zbog</wf>
         <wf lemma="nezalaganja" pos="X">nezalaganja</wf>
         <wf lemma="na" pos="X">na</wf>
         <wf lemma="terenu" pos="X">terenu</wf>
         <wf lemma="." pos="X">.</wf>
      </sentence>
      <sentence id="d000.s065" source="wordnet-croatian">
         <wf lemma="Ne" pos="X">Ne</wf>
         <wf lemma="možeš" pos="X">možeš</wf>
         <wf lemma="se" pos="X">se</wf>
         <wf lemma="vjenčati" pos="X">vjenčati</wf>
         <wf lemma="u" pos="X">u</wf>
         <wf lemma="crkvi" pos="X">crkvi</wf>
         <wf lemma="bez" pos="X">bez</wf>
         <wf lemma="svih" pos="X">svih</wf>
         <instance id="d000.s065.t000" lemma="sakrament" pos="NOUN">sakramenata</instance>
         <wf lemma="." pos="X">.</wf>
      </sentence>
      <sentence id="d000.s066" source="wordnet-croatian">
         <wf lemma="Svog" pos="X">Svog</wf>
         <wf lemma="su" pos="X">su</wf>
         <wf lemma="vođu" pos="X">vođu</wf>
         <wf lemma="smatrali" pos="X">smatrali</wf>
         <instance id="d000.s066.t000" lemma="božanstvo" pos="NOUN">božanstvom</instance>
         <wf lemma="." pos="X">.</wf>
      </sentence>
      <sentence id="d000.s067" source="wordnet-croatian">
         <wf lemma="Nadam" pos="X">Nadam</wf>
         <wf lemma="se" pos="X">se</wf>
         <wf lemma="da" pos="X">da</wf>
         <wf lemma="će" pos="X">će</wf>
         <wf lemma="profesor" pos="X">profesor</wf>
         <instance id="d000.s067.t000" lemma="odgoditi" pos="VERB">odgoditi</instance>
         <wf lemma="ispit" pos="X">ispit</wf>
         <wf lemma="." pos="X">.</wf>
      </sentence>
      <sentence id="d000.s068" source="wordnet-croatian">
         <wf lemma="Iz" pos="X">Iz</wf>
         <instance id="d000.s068.t000" lemma="dimnjak" pos="NOUN">dimnjaka</instance>
         <wf lemma="je" pos="X">je</wf>
         <wf lemma="sukljao" pos="X">sukljao</wf>
         <wf lemma="dim" pos="X">dim</wf>
         <wf lemma="." pos="X">.</wf>
      </sentence>
      <sentence id="d000.s069" source="wordnet-croatian">
         <wf lemma="Isus" pos="X">Isus</wf>
         <wf lemma="je" pos="X">je</wf>
         <wf lemma="svojim" pos="X">svojim</wf>
         <instance id="d000.s069.t000" lemma="učenik" pos="NOUN">učenicima</instance>
         <wf lemma="rekao" pos="X">rekao</wf>
         <wf lemma="da" pos="X">da</wf>
         <wf lemma="žive" pos="X">žive</wf>
         <wf lemma="skromno" pos="X">skromno</wf>
         <wf lemma="i" pos="X">i</wf>
         <wf lemma="pošteno" pos="X">pošteno</wf>
         <wf lemma="." pos="X">.</wf>
      </sentence>
      <sentence id="d000.s070" source="wordnet-croatian">
         <wf lemma="Mnogi" pos="X">Mnogi</wf>
         <wf lemma="su" pos="X">su</wf>
         <wf lemma="mu" pos="X">mu</wf>
         <wf lemma="zamjerali" pos="X">zamjerali</wf>
         <instance id="d000.s070.t000" lemma="rezerviranost" pos="NOUN">rezerviranost</instance>
         <wf lemma="prema" pos="X">prema</wf>
         <wf lemma="problemima" pos="X">problemima</wf>
         <wf lemma="malih" pos="X">malih</wf>
         <wf lemma="ljudi" pos="X">ljudi</wf>
         <wf lemma="." pos="X">.</wf>
      </sentence>
      <sentence id="d000.s071" source="wordnet-croatian">
         <wf lemma="Na" pos="X">Na</wf>
         <wf lemma="tavanu" pos="X">tavanu</wf>
         <wf lemma="je" pos="X">je</wf>
         <wf lemma="pronašao" pos="X">pronašao</wf>
         <wf lemma="stari" pos="X">stari</wf>
         <instance id="d000.s071.t000" lemma="bendžo" pos="NOUN">bendžo</instance>
         <wf lemma="." pos="X">.</wf>
      </sentence>
      <sentence id="d000.s072" source="wordnet-croatian">
         <wf lemma="Knjigoveža" pos="X">Knjigoveža</wf>
         <wf lemma="je" pos="X">je</wf>
         <instance id="d000.s072.t000" lemma="ukoričiti" pos="VERB">ukoričio</instance>
         <wf lemma="stari" pos="X">stari</wf>
         <wf lemma="rukopis" pos="X">rukopis</wf>
         <wf lemma="." pos="X">.</wf>
      </sentence>
      <sentence id="d000.s073" source="wordnet-croatian">
         <wf lemma="Nije" pos="X">Nije</wf>
         <wf lemma="mogao" pos="X">mogao</wf>
         <wf lemma="pronaći" pos="X">pronaći</wf>
         <instance id="d000.s073.t000" lemma="poklopac" pos="NOUN">poklopac</instance>
         <wf lemma="rezervoara" pos="X">rezervoara</wf>
         <wf lemma="za" pos="X">za</wf>
         <wf lemma="benzin" pos="X">benzin</wf>
         <wf lemma="." pos="X">.</wf>
      </sentence>
      <sentence id="d000.s074" source="wordnet-croatian">
         <wf lemma="Previše" pos="X">Previše</wf>
         <wf lemma="začina" pos="X">začina</wf>
         <wf lemma="često" pos="X">često</wf>
         <instance id="d000.s074.t000" lemma="pokvariti" pos="VERB">pokvari</instance>
         <wf lemma="jelo" pos="X">jelo</wf>
         <wf lemma="." pos="X">.</wf>
      </sentence>
      <sentence id="d000.s075" source="wordnet-croatian">
         <wf lemma="Ukrasili" pos="X">Ukrasili</wf>
         <wf lemma="su" pos="X">su</wf>
         <instance id="d000.s075.t000" lemma="dvorana" pos="NOUN">dvoranu</instance>
         <wf lemma="crvenim" pos="X">crvenim</wf>
         <wf lemma="i" pos="X">i</wf>
         <wf lemma="bijelim" pos="X">bijelim</wf>
         <wf lemma="balonima" pos="X">balonima</wf>
         <wf lemma="." pos="X">.</wf>
      </sentence>
      <sentence id="d000.s076" source="wordnet-croatian">
         <wf lemma="Iz" pos="X">Iz</wf>
         <wf lemma="njegove" pos="X">njegove</wf>
         <wf lemma="se" pos="X">se</wf>
         <instance id="d000.s076.t000" lemma="lula" pos="NOUN">lule</instance>
         <wf lemma="širio" pos="X">širio</wf>
         <wf lemma="miris" pos="X">miris</wf>
         <wf lemma="duhana" pos="X">duhana</wf>
         <wf lemma="." pos="X">.</wf>
      </sentence>
      <sentence id="d000.s077" source="wordnet-croatian">
         <wf lemma="Djeca" pos="X">Djeca</wf>
         <wf lemma="su" pos="X">su</wf>
         <instance id="d000.s077.t000" lemma="ovisan" pos="ADJ">ovisna</instance>
         <wf lemma="o" pos="X">o</wf>
         <wf lemma="roditeljima" pos="X">roditeljima</wf>
         <wf lemma="." pos="X">.</wf>
      </sentence>
      <sentence id="d000.s078" source="wordnet-croatian">
         <wf lemma="Na" pos="X">Na</wf>
         <wf lemma="svakoj" pos="X">svakoj</wf>
         <wf lemma="je" pos="X">je</wf>
         <wf lemma="ruci" pos="X">ruci</wf>
         <wf lemma="imala" pos="X">imala</wf>
         <wf lemma="po" pos="X">po</wf>
         <wf lemma="nekoliko" pos="X">nekoliko</wf>
         <instance id="d000.s078.t000" lemma="narukvica" pos="NOUN">narukvica</instance>
         <wf lemma="." pos="X">.</wf>
      </sentence>
      <sentence id="d000.s079" source="wordnet-croatian">
         <wf lemma="Često" pos="X">Često</wf>
         <wf lemma="se" pos="X">se</wf>
         <wf lemma="kaže" pos="X">kaže</wf>
         <wf lemma="da" pos="X">da</wf>
         <wf lemma="Hrvati" pos="X">Hrvati</wf>
         <wf lemma="imaju" pos="X">imaju</wf>
         <wf lemma="kmetski" pos="X">kmetski</wf>
         <instance id="d000.s079.t000" lemma="mentalitet" pos="NOUN">mentalitet</instance>
         <wf lemma="," pos="X">,</wf>
         <wf lemma="no" pos="X">no</wf>
         <wf lemma="pitanje" pos="X">pitanje</wf>
         <wf lemma="je" pos="X">je</wf>
         <wf lemma="je" pos="X">je</wf>
         <wf lemma="li" pos="X">li</wf>
         <wf lemma="to" pos="X">to</wf>
         <wf lemma="točno" pos="X">točno</wf>
         <wf lemma="." pos="X">.</wf>
      </sentence>
      <sentence id="d000.s080" source="wordnet-croatian">
         <wf lemma="Bez" pos="X">Bez</wf>
         <instance id="d000.s080.t000" lemma="mjernik" pos="NOUN">mjernika</instance>
         <wf lemma="ne" pos="X">ne</wf>
         <wf lemma="mogu" pos="X">mogu</wf>
         <wf lemma="raditi" pos="X">raditi</wf>
         <wf lemma="kemijske" pos="X">kemijske</wf>
         <wf lemma="pokuse" pos="X">pokuse</wf>
         <wf lemma="." pos="X">.</wf>
      </sentence>
      <sentence id="d000.s081" source="wordnet-croatian">
         <wf lemma="Cisterne" pos="X">Cisterne</wf>
         <wf lemma="moraju" pos="X">moraju</wf>
         <wf lemma="imati" pos="X">imati</wf>
         <wf lemma="ugrađenu" pos="X">ugrađenu</wf>
         <instance id="d000.s081.t000" lemma="razulja" pos="NOUN">razulju</instance>
         <wf lemma="." pos="X">.</wf>
      </sentence>
      <sentence id="d000.s082" source="wordnet-croatian">
         <wf lemma="Nezaposlenost" pos="X">Nezaposlenost</wf>
         <wf lemma="je" pos="X">je</wf>
         <wf lemma="opet" pos="X">opet</wf>
         <wf lemma="porasla" pos="X">porasla</wf>
         <wf lemma="u" pos="X">u</wf>
         <wf lemma="posljednjem" pos="X">posljednjem</wf>
         <instance id="d000.s082.t000" lemma="kvartal" pos="NOUN">kvartalu</instance>
         <wf lemma="godine" pos="X">godine</wf>
         <wf lemma="." pos="X">.</wf>
      </sentence>
      <sentence id="d000.s083" source="wordnet-croatian">
         <wf lemma="Nekvalitetan" pos="X">Nekvalitetan</wf>
         <instance id="d000.s083.t000" lemma="čep" pos="NOUN">čep</instance>
         <wf lemma="može" pos="X">može</wf>
         <wf lemma="pokvariti" pos="X">pokvariti</wf>
         <wf lemma="kvalitetu" pos="X">kvalitetu</wf>
         <wf lemma="vina" pos="X">vina</wf>
         <wf lemma="." pos="X">.</wf>
      </sentence>
      <sentence id="d000.s084" source="wordnet-croatian">
         <instance id="d000.s084.t000" lemma="odgajanje" pos="NOUN">Odgajanje</instance>
         <wf lemma="djeteta" pos="X">djeteta</wf>
         <wf lemma="najveća" pos="X">najveća</wf>
         <wf lemma="je" pos="X">je</wf>
         <wf lemma="roditeljska" pos="X">roditeljska</wf>
         <wf lemma="dužnost" pos="X">dužnost</wf>
         <wf lemma="." pos="X">.</wf>
      </sentence>
      <sentence id="d000.s085" source="wordnet-croatian">
         <instance id="d000.s085.t000" lemma="idući" pos="ADJ">Idući</instance>
         <wf lemma="tjedan" pos="X">tjedan</wf>
         <wf lemma="Ivan" pos="X">Ivan</wf>
         <wf lemma="ide" pos="X">ide</wf>
         <wf lemma="u" pos="X">u</wf>
         <wf lemma="Split" pos="X">Split</wf>
         <wf lemma="." pos="X">.</wf>
      </sentence>
      <sentence id="d000.s086" source="wordnet-croatian">
         <instance id="d000.s086.t000" lemma="specifičnost" pos="NOUN">Specifičnost</instance>
         <wf lemma="situacije" pos="X">situacije</wf>
         <wf lemma="u" pos="X">u</wf>
         <wf lemma="kojoj" pos="X">kojoj</wf>
         <wf lemma="se" pos="X">se</wf>
         <wf lemma="našao" pos="X">našao</wf>
         <wf lemma="nije" pos="X">nije</wf>
         <wf lemma="mogao" pos="X">mogao</wf>
         <wf lemma="nikome" pos="X">nikome</wf>
         <wf lemma="objasniti" pos="X">objasniti</wf>
         <wf lemma="." pos="X">.</wf>
      </sentence>
      <sentence id="d000.s087" source="wordnet-croatian">
         <wf lemma="Samo" pos="X">Samo</wf>
         <instance id="d000.s087.t000" lemma="mijena" pos="NOUN">mijena</instance>
         <wf lemma="stalna" pos="X">stalna</wf>
         <wf lemma="jest" pos="X">jest</wf>
         <wf lemma="!" pos="X">!</wf>
      </sentence>
      <sentence id="d000.s088" source="wordnet-croatian">
         <wf lemma="Za" pos="X">Za</wf>
         <wf lemma="mnoge" pos="X">mnoge</wf>
         <wf lemma="jezike" pos="X">jezike</wf>
         <wf lemma="nije" pos="X">nije</wf>
         <wf lemma="razvijeno" pos="X">razvijeno</wf>
         <instance id="d000.s088.t000" lemma="pismo" pos="NOUN">pismo</instance>
         <wf lemma="." pos="X">.</wf>
      </sentence>
      <sentence id="d000.s089" source="wordnet-croatian">
         <instance id="d000.s089.t000" lemma="pokazati" pos="VERB">Pokazala</instance>
         <wf lemma="je" pos="X">je</wf>
         <wf lemma="velik" pos="X">velik</wf>
         <wf lemma="talent" pos="X">talent</wf>
         <wf lemma="za" pos="X">za</wf>
         <wf lemma="spletkarenje" pos="X">spletkarenje</wf>
         <wf lemma="." pos="X">.</wf>
      </sentence>
      <sentence id="d000.s090" source="wordnet-croatian">
         <wf lemma="Njegov" pos="X">Njegov</wf>
         <instance id="d000.s090.t000" lemma="put" pos="NOUN">put</instance>
         <wf lemma="u" pos="X">u</wf>
         <wf lemma="Dubrovnik" pos="X">Dubrovnik</wf>
         <wf lemma="bio" pos="X">bio</wf>
         <wf lemma="je" pos="X">je</wf>
         <wf lemma="krajnje" pos="X">krajnje</wf>
         <wf lemma="zabavan" pos="X">zabavan</wf>
         <wf lemma="." pos="X">.</wf>
      </sentence>
      <sentence id="d000.s091" source="wordnet-croatian">
         <instance id="d000.s091.t000" lemma="fakt" pos="NOUN">Fakt</instance>
         <wf lemma="je" pos="X">je</wf>
         <wf lemma="da" pos="X">da</wf>
         <wf lemma="knjigu" pos="X">knjigu</wf>
         <wf lemma="nisi" pos="X">nisi</wf>
         <wf lemma="pročitao" pos="X">pročitao</wf>
         <wf lemma="i" pos="X">i</wf>
         <wf lemma="nemaš" pos="X">nemaš</wf>
         <wf lemma="pravo" pos="X">pravo</wf>
         <wf lemma="o" pos="X">o</wf>
         <wf lemma="njoj" pos="X">njoj</wf>
         <wf lemma="govoriti" pos="X">govoriti</wf>
         <wf lemma="." pos="X">.</wf>
      </sentence>
      <sentence id="d000.s092" source="wordnet-croatian">
         <wf lemma="Molim" pos="X">Molim</wf>
         <wf lemma="vas" pos="X">vas</wf>
         <wf lemma="da" pos="X">da</wf>
         <wf lemma="u" pos="X">u</wf>
         <wf lemma="pismu" pos="X">pismu</wf>
         <instance id="d000.s092.t000" lemma="navesti" pos="VERB">navedete</instance>
         <wf lemma="razloge" pos="X">razloge</wf>
         <wf lemma="svoje" pos="X">svoje</wf>
         <wf lemma="ostavke" pos="X">ostavke</wf>
         <wf lemma="." pos="X">.</wf>
      </sentence>
      <sentence id="d000.s093" source="wordnet-croatian">
         <wf lemma="Na" pos="X">Na</wf>
         <wf lemma="tečaju" pos="X">tečaju</wf>
         <wf lemma="se" pos="X">se</wf>
         <instance id="d000.s093.t000" lemma="obrađivati" pos="VERB">obrađuju</instance>
         <wf lemma="sve" pos="X">sve</wf>
         <wf lemma="tehnike" pos="X">tehnike</wf>
         <wf lemma="samoobrane" pos="X">samoobrane</wf>
         <wf lemma="." pos="X">.</wf>
      </sentence>
      <sentence id="d000.s094" source="wordnet-croatian">
         <wf lemma="Svojim" pos="X">Svojim</wf>
         <wf lemma="im" pos="X">im</wf>
         <wf lemma="je" pos="X">je</wf>
         <wf lemma="predavanjima" pos="X">predavanjima</wf>
         <wf lemma="želio" pos="X">želio</wf>
         <wf lemma="prikazati" pos="X">prikazati</wf>
         <instance id="d000.s094.t000" lemma="progres" pos="NOUN">progres</instance>
         <wf lemma="umjetnosti" pos="X">umjetnosti</wf>
         <wf lemma="kroz" pos="X">kroz</wf>
         <wf lemma="stoljeća" pos="X">stoljeća</wf>
         <wf lemma="." pos="X">.</wf>
      </sentence>
      <sentence id="d000.s095" source="wordnet-croatian">
         <wf lemma="Puno" pos="X">Puno</wf>
         <wf lemma="mi" pos="X">mi</wf>
         <wf lemma="je" pos="X">je</wf>
         <wf lemma="značila" pos="X">značila</wf>
         <wf lemma="vaša" pos="X">vaša</wf>
         <instance id="d000.s095.t000" lemma="prisutnost" pos="NOUN">prisutnost</instance>
         <wf lemma="na" pos="X">na</wf>
         <wf lemma="dodjeli" pos="X">dodjeli</wf>
         <wf lemma="nagrada" pos="X">nagrada</wf>
         <wf lemma="." pos="X">.</wf>
      </sentence>
      <sentence id="d000.s096" source="wordnet-croatian">
         <wf lemma="Odnio" pos="X">Odnio</wf>
         <wf lemma="sam" pos="X">sam</wf>
         <wf lemma="perilicu" pos="X">perilicu</wf>
         <wf lemma="na" pos="X">na</wf>
         <wf lemma="popravak" pos="X">popravak</wf>
         <instance id="d000.s096.t000" lemma="majstor" pos="NOUN">majstoru</instance>
         <wf lemma="." pos="X">.</wf>
      </sentence>
      <sentence id="d000.s097" source="wordnet-croatian">
         <wf lemma="Kljun" pos="X">Kljun</wf>
         <wf lemma="je" pos="X">je</wf>
         <wf lemma="prirodna" pos="X">prirodna</wf>
         <instance id="d000.s097.t000" lemma="izraslina" pos="NOUN">izraslina</instance>
         <wf lemma="u" pos="X">u</wf>
         <wf lemma="ptica" pos="X">ptica</wf>
         <wf lemma="." pos="X">.</wf>
      </sentence>
      <sentence id="d000.s098" source="wordnet-croatian">
         <instance id="d000.s098.t000" lemma="oporba" pos="NOUN">Oporba</instance>
         <wf lemma="je" pos="X">je</wf>
         <wf lemma="oštro" pos="X">oštro</wf>
         <wf lemma="kritizirala" pos="X">kritizirala</wf>
         <wf lemma="vlast" pos="X">vlast</wf>
         <wf lemma="." pos="X">.</wf>
      </sentence>
      <sentence id="d000.s099" source="wordnet-croatian">
         <wf lemma="Nakon" pos="X">Nakon</wf>
         <wf lemma="što" pos="X">što</wf>
         <wf lemma="je" pos="X">je</wf>
         <wf lemma="shvatio" pos="X">shvatio</wf>
         <wf lemma="koliko" pos="X">koliko</wf>
         <wf lemma="je" pos="X">je</wf>
         <wf lemma="sati" pos="X">sati</wf>
         <wf lemma="," pos="X">,</wf>
         <wf lemma="spremio" pos="X">spremio</wf>
         <wf lemma="je" pos="X">je</wf>
         <wf lemma="sav" pos="X">sav</wf>
         <instance id="d000.s099.t000" lemma="alat" pos="NOUN">alat</instance>
         <wf lemma="i" pos="X">i</wf>
         <wf lemma="otišao" pos="X">otišao</wf>
         <wf lemma="na" pos="X">na</wf>
         <wf lemma="počinak" pos="X">počinak</wf>
         <wf lemma="." pos="X">.</wf>
      </sentence>
      <sentence id="d000.s100" source="wordnet-croatian">
         <wf lemma="Vijest" pos="X">Vijest</wf>
         <wf lemma="se" pos="X">se</wf>
         <instance id="d000.s100.t000" lemma="pronijeti" pos="VERB">pronijela</instance>
         <wf lemma="svakim" pos="X">svakim</wf>
         <wf lemma="selom" pos="X">selom</wf>
         <wf lemma="u" pos="X">u</wf>
         <wf lemma="općini" pos="X">općini</wf>
         <wf lemma="." pos="X">.</wf>
      </sentence>
      <sentence id="d000.s101" source="wordnet-croatian">
         <instance id="d000.s101.t000" lemma="potratiti" pos="VERB">Potratio</instance>
         <wf lemma="je" pos="X">je</wf>
         <wf lemma="cijelo" pos="X">cijelo</wf>
         <wf lemma="nasljedstvo" pos="X">nasljedstvo</wf>
         <wf lemma="na" pos="X">na</wf>
         <wf lemma="žene" pos="X">žene</wf>
         <wf lemma="i" pos="X">i</wf>
         <wf lemma="alkohol" pos="X">alkohol</wf>
         <wf lemma="." pos="X">.</wf>
      </sentence>
      <sentence id="d000.s102" source="wordnet-croatian">
         <instance id="d000.s102.t000" lemma="mašta" pos="NOUN">Mašta</instance>
         <wf lemma="može" pos="X">može</wf>
         <wf lemma="svašta" pos="X">svašta</wf>
         <wf lemma="." pos="X">.</wf>
      </sentence>
      <sentence id="d000.s103" source="wordnet-croatian">
         <instance id="d000.s103.t000" lemma="pregorjeti" pos="VERB">Pregorjela</instance>
         <wf lemma="mi" pos="X">mi</wf>
         <wf lemma="je" pos="X">je</wf>
         <wf lemma="žarulja" pos="X">žarulja</wf>
         <wf lemma="u" pos="X">u</wf>
         <wf lemma="kuhinji" pos="X">kuhinji</wf>
         <wf lemma="." pos="X">.</wf>
      </sentence>
      <sentence id="d000.s104" source="wordnet-croatian">
         <wf lemma="Svakome" pos="X">Svakome</wf>
         <wf lemma="je" pos="X">je</wf>
         <wf lemma="potrebna" pos="X">potrebna</wf>
         <instance id="d000.s104.t000" lemma="razbibriga" pos="NOUN">razbibriga</instance>
         <wf lemma="tijekom" pos="X">tijekom</wf>
         <wf lemma="radnog" pos="X">radnog</wf>
         <wf lemma="dana" pos="X">dana</wf>
         <wf lemma="." pos="X">.</wf>
      </sentence>
      <sentence id="d000.s105" source="wordnet-croatian">
         <wf lemma="Kristali" pos="X">Kristali</wf>
         <wf lemma="su" pos="X">su</wf>
         <wf lemma="pravilna" pos="X">pravilna</wf>
         <wf lemma="geometrijska" pos="X">geometrijska</wf>
         <instance id="d000.s105.t000" lemma="tijelo" pos="NOUN">tijela</instance>
         <wf lemma="." pos="X">.</wf>
      </sentence>
      <sentence id="d000.s106" source="wordnet-croatian">
         <wf lemma="Lupio" pos="X">Lupio</wf>
         <wf lemma="se" pos="X">se</wf>
         <wf lemma="glavom" pos="X">glavom</wf>
         <wf lemma="o" pos="X">o</wf>
         <instance id="d000.s106.t000" lemma="štok" pos="NOUN">štok</instance>
         <wf lemma="." pos="X">.</wf>
      </sentence>
      <sentence id="d000.s107" source="wordnet-croatian">
         <wf lemma="Mnogi" pos="X">Mnogi</wf>
         <wf lemma="su" pos="X">su</wf>
         <wf lemma="dali" pos="X">dali</wf>
         <wf lemma="svoj" pos="X">svoj</wf>
         <wf lemma="život" pos="X">život</wf>
         <wf lemma="u" pos="X">u</wf>
         <instance id="d000.s107.t000" lemma="obrana" pos="NOUN">obrani</instance>
         <wf lemma="domovine" pos="X">domovine</wf>
         <wf lemma="." pos="X">.</wf>
      </sentence>
      <sentence id="d000.s108" source="wordnet-croatian">
         <wf lemma="Marija" pos="X">Marija</wf>
         <instance id="d000.s108.t000" lemma="boraviti" pos="VERB">boravi</instance>
         <wf lemma="u" pos="X">u</wf>
         <wf lemma="Zagrebu" pos="X">Zagrebu</wf>
         <wf lemma="još" pos="X">još</wf>
         <wf lemma="od" pos="X">od</wf>
         <wf lemma="studentskih" pos="X">studentskih</wf>
         <wf lemma="dana" pos="X">dana</wf>
         <wf lemma="." pos="X">.</wf>
      </sentence>
      <sentence id="d000.s109" source="wordnet-croatian">
         <wf lemma="Nakon" pos="X">Nakon</wf>
         <wf lemma="pobjede" pos="X">pobjede</wf>
         <wf lemma="naglo" pos="X">naglo</wf>
         <wf lemma="joj" pos="X">joj</wf>
         <wf lemma="je" pos="X">je</wf>
         <wf lemma="porasla" pos="X">porasla</wf>
         <instance id="d000.s109.t000" lemma="sigurnost" pos="NOUN">sigurnost</instance>
         <wf lemma="u" pos="X">u</wf>
         <wf lemma="vlastite" pos="X">vlastite</wf>
         <wf lemma="sposobnosti" pos="X">sposobnosti</wf>
         <wf lemma="." pos="X">.</wf>
      </sentence>
      <sentence id="d000.s110" source="wordnet-croatian">
         <wf lemma="Komarci" pos="X">Komarci</wf>
         <wf lemma="su" pos="X">su</wf>
         <wf lemma="me" pos="X">me</wf>
         <instance id="d000.s110.t000" lemma="uznemiravati" pos="VERB">uznemiravali</instance>
         <wf lemma="cijeu" pos="X">cijeu</wf>
         <wf lemma="noć" pos="X">noć</wf>
         <wf lemma="." pos="X">.</wf>
      </sentence>
      <sentence id="d000.s111" source="wordnet-croatian">
         <instance id="d000.s111.t000" lemma="loptica" pos="NOUN">Loptica</instance>
         <wf lemma="je" pos="X">je</wf>
         <wf lemma="jurila" pos="X">jurila</wf>
         <wf lemma="100" pos="X">100</wf>
         <wf lemma="km/h" pos="X">km/h</wf>
         <wf lemma="." pos="X">.</wf>
      </sentence>
      <sentence id="d000.s112" source="wordnet-croatian">
         <instance id="d000.s112.t000" lemma="rafinerija" pos="NOUN">Rafinerije</instance>
         <wf lemma="nafte" pos="X">nafte</wf>
         <wf lemma="veliki" pos="X">veliki</wf>
         <wf lemma="su" pos="X">su</wf>
         <wf lemma="zagađivači" pos="X">zagađivači</wf>
         <wf lemma="okoliša" pos="X">okoliša</wf>
         <wf lemma="." pos="X">.</wf>
      </sentence>
      <sentence id="d000.s113" source="wordnet-croatian">
         <wf lemma="Uvijek" pos="X">Uvijek</wf>
         <wf lemma="ispod" pos="X">ispod</wf>
         <wf lemma="kreveta" pos="X">kreveta</wf>
         <wf lemma="držim" pos="X">držim</wf>
         <instance id="d000.s113.t000" lemma="palica" pos="NOUN">palicu</instance>
         <wf lemma="za" pos="X">za</wf>
         <wf lemma="samoobranu" pos="X">samoobranu</wf>
         <wf lemma="." pos="X">.</wf>
      </sentence>
      <sentence id="d000.s114" source="wordnet-croatian">
         <wf lemma="Izum" pos="X">Izum</wf>
         <instance id="d000.s114.t000" lemma="telefon" pos="NOUN">telefona</instance>
         <wf lemma="omogućio" pos="X">omogućio</wf>
         <wf lemma="je" pos="X">je</wf>
         <wf lemma="puno" pos="X">puno</wf>
         <wf lemma="bržu" pos="X">bržu</wf>
         <wf lemma="komunikaciju" pos="X">komunikaciju</wf>
         <wf lemma="na" pos="X">na</wf>
         <wf lemma="daljinu" pos="X">daljinu</wf>
         <wf lemma="." pos="X">.</wf>
      </sentence>
      <sentence id="d000.s115" source="wordnet-croatian">
         <instance id="d000.s115.t000" lemma="navijanje" pos="NOUN">Navijanje</instance>
         <wf lemma="zidnog" pos="X">zidnog</wf>
         <wf lemma="sata" pos="X">sata</wf>
         <wf lemma="je" pos="X">je</wf>
         <wf lemma="dnevni" pos="X">dnevni</wf>
         <wf lemma="ceremonijal" pos="X">ceremonijal</wf>
         <wf lemma="moga" pos="X">moga</wf>
         <wf lemma="oca" pos="X">oca</wf>
         <wf lemma="." pos="X">.</wf>
      </sentence>
      <sentence id="d000.s116" source="wordnet-croatian">
         <wf lemma="Zubar" pos="X">Zubar</wf>
         <wf lemma="prije" pos="X">prije</wf>
         <wf lemma="pregleda" pos="X">pregleda</wf>
         <wf lemma="obavezno" pos="X">obavezno</wf>
         <wf lemma="navlači" pos="X">navlači</wf>
         <instance id="d000.s116.t000" lemma="rukavica" pos="NOUN">rukavice</instance>
         <wf lemma="od" pos="X">od</wf>
         <wf lemma="lateksa" pos="X">lateksa</wf>
         <wf lemma="." pos="X">.</wf>
      </sentence>
      <sentence id="d000.s117" source="wordnet-croatian">
         <instance id="d000.s117.t000" lemma="nezanimljivost" pos="NOUN">Nezanimljivost</instance>
         <wf lemma="je" pos="X">je</wf>
         <wf lemma="jedna" pos="X">jedna</wf>
         <wf lemma="od" pos="X">od</wf>
         <wf lemma="najvećih" pos="X">najvećih</wf>
         <wf lemma="mana" pos="X">mana</wf>
         <wf lemma="koju" pos="X">koju</wf>
         <wf lemma="profesor" pos="X">profesor</wf>
         <wf lemma="može" pos="X">može</wf>
         <wf lemma="imati" pos="X">imati</wf>
         <wf lemma="." pos="X">.</wf>
      </sentence>
      <sentence id="d000.s118" source="wordnet-croatian">
         <wf lemma="Preko" pos="X">Preko</wf>
         <wf lemma="košulje" pos="X">košulje</wf>
         <wf lemma="je" pos="X">je</wf>
         <wf lemma="obukla" pos="X">obukla</wf>
         <wf lemma="pletenu" pos="X">pletenu</wf>
         <instance id="d000.s118.t000" lemma="vesta" pos="NOUN">vestu</instance>
         <wf lemma="." pos="X">.</wf>
      </sentence>
      <sentence id="d000.s119" source="wordnet-croatian">
         <wf lemma="Dobar" pos="X">Dobar</wf>
         <wf lemma="je" pos="X">je</wf>
         <wf lemma="stil" pos="X">stil</wf>
         <instance id="d000.s119.t000" lemma="obilježje" pos="NOUN">obilježje</instance>
         <wf lemma="ovoga" pos="X">ovoga</wf>
         <wf lemma="djela" pos="X">djela</wf>
         <wf lemma="." pos="X">.</wf>
      </sentence>
      <sentence id="d000.s120" source="wordnet-croatian">
         <instance id="d000.s120.t000" lemma="povorka" pos="NOUN">Povorke</instance>
         <wf lemma="na" pos="X">na</wf>
         <wf lemma="javnim" pos="X">javnim</wf>
         <wf lemma="mjestima" pos="X">mjestima</wf>
         <wf lemma="zakonom" pos="X">zakonom</wf>
         <wf lemma="su" pos="X">su</wf>
         <wf lemma="zabranjene" pos="X">zabranjene</wf>
         <wf lemma="." pos="X">.</wf>
      </sentence>
      <sentence id="d000.s121" source="wordnet-croatian">
         <wf lemma="Prije" pos="X">Prije</wf>
         <wf lemma="puta" pos="X">puta</wf>
         <wf lemma="uvijek" pos="X">uvijek</wf>
         <instance id="d000.s121.t000" lemma="provjeriti" pos="VERB">provjerim</instance>
         <wf lemma="jesam" pos="X">jesam</wf>
         <wf lemma="li" pos="X">li</wf>
         <wf lemma="isključio" pos="X">isključio</wf>
         <wf lemma="plin" pos="X">plin</wf>
         <wf lemma="i" pos="X">i</wf>
         <wf lemma="struju" pos="X">struju</wf>
         <wf lemma="." pos="X">.</wf>
      </sentence>
      <sentence id="d000.s122" source="wordnet-croatian">
         <wf lemma="Nikako" pos="X">Nikako</wf>
         <wf lemma="nije" pos="X">nije</wf>
         <wf lemma="htjela" pos="X">htjela</wf>
         <wf lemma="zaspati" pos="X">zaspati</wf>
         <wf lemma="u" pos="X">u</wf>
         <instance id="d000.s122.t000" lemma="krevetić" pos="NOUN">krevetiću</instance>
         <wf lemma="," pos="X">,</wf>
         <wf lemma="što" pos="X">što</wf>
         <wf lemma="je" pos="X">je</wf>
         <wf lemma="zadavalo" pos="X">zadavalo</wf>
         <wf lemma="muke" pos="X">muke</wf>
         <wf lemma="roditeljima" pos="X">roditeljima</wf>
         <wf lemma="." pos="X">.</wf>
      </sentence>
      <sentence id="d000.s123" source="wordnet-croatian">
         <wf lemma="Boja" pos="X">Boja</wf>
         <wf lemma="monaških" pos="X">monaških</wf>
         <instance id="d000.s123.t000" lemma="habit" pos="NOUN">habita</instance>
         <wf lemma="razlikuje" pos="X">razlikuje</wf>
         <wf lemma="se" pos="X">se</wf>
         <wf lemma="ovisno" pos="X">ovisno</wf>
         <wf lemma="o" pos="X">o</wf>
         <wf lemma="pripadnosti" pos="X">pripadnosti</wf>
         <wf lemma="pojedinome" pos="X">pojedinome</wf>
         <wf lemma="redu" pos="X">redu</wf>
         <wf lemma="." pos="X">.</wf>
      </sentence>
      <sentence id="d000.s124" source="wordnet-croatian">
         <wf lemma="Nisam" pos="X">Nisam</wf>
         <instance id="d000.s124.t000" lemma="misliti" pos="VERB">mislio</instance>
         <wf lemma="ništa" pos="X">ništa</wf>
         <wf lemma="loše" pos="X">loše</wf>
         <wf lemma="." pos="X">.</wf>
      </sentence>
      <sentence id="d000.s125" source="wordnet-croatian">
         <wf lemma="Prošli" pos="X">Prošli</wf>
         <wf lemma="smo" pos="X">smo</wf>
         <instance id="d000.s125.t000" lemma="granica" pos="NOUN">granicu</instance>
         <wf lemma="države" pos="X">države</wf>
         <wf lemma="." pos="X">.</wf>
      </sentence>
      <sentence id="d000.s126" source="wordnet-croatian">
         <wf lemma="Često" pos="X">Često</wf>
         <instance id="d000.s126.t000" lemma="šetati" pos="VERB">šećem</instance>
         <wf lemma="po" pos="X">po</wf>
         <wf lemma="Medvednici" pos="X">Medvednici</wf>
         <wf lemma="." pos="X">.</wf>
      </sentence>
      <sentence id="d000.s127" source="wordnet-croatian">
         <wf lemma="Ove" pos="X">Ove</wf>
         <wf lemma="ću" pos="X">ću</wf>
         <wf lemma="godine" pos="X">godine</wf>
         <wf lemma="posaditi" pos="X">posaditi</wf>
         <instance id="d000.s127.t000" lemma="blitva" pos="NOUN">blitvu</instance>
         <wf lemma="u" pos="X">u</wf>
         <wf lemma="svojemu" pos="X">svojemu</wf>
         <wf lemma="vrtu" pos="X">vrtu</wf>
         <wf lemma="." pos="X">.</wf>
      </sentence>
      <sentence id="d000.s128" source="wordnet-croatian">
         <wf lemma="Svako" pos="X">Svako</wf>
         <wf lemma="je" pos="X">je</wf>
         <wf lemma="dijete" pos="X">dijete</wf>
         <wf lemma="dobilo" pos="X">dobilo</wf>
         <wf lemma="svoj" pos="X">svoj</wf>
         <instance id="d000.s128.t000" lemma="odsječak" pos="NOUN">odsječak</instance>
         <wf lemma="novina" pos="X">novina</wf>
         <wf lemma="." pos="X">.</wf>
      </sentence>
      <sentence id="d000.s129" source="wordnet-croatian">
         <instance id="d000.s129.t000" lemma="vatra" pos="NOUN">Vatra</instance>
         <wf lemma="je" pos="X">je</wf>
         <wf lemma="prema" pos="X">prema</wf>
         <wf lemma="Empedoklu" pos="X">Empedoklu</wf>
         <wf lemma="bila" pos="X">bila</wf>
         <wf lemma="korijenom" pos="X">korijenom</wf>
         <wf lemma="svih" pos="X">svih</wf>
         <wf lemma="stvari" pos="X">stvari</wf>
         <wf lemma="." pos="X">.</wf>
      </sentence>
      <sentence id="d000.s130" source="wordnet-croatian">
         <wf lemma="Kruta" pos="X">Kruta</wf>
         <wf lemma="hrana" pos="X">hrana</wf>
         <wf lemma="i" pos="X">i</wf>
         <wf lemma="crni" pos="X">crni</wf>
         <wf lemma="čaj" pos="X">čaj</wf>
         <instance id="d000.s130.t000" lemma="zatvarati" pos="VERB">zatvaraju</instance>
         <wf lemma="." pos="X">.</wf>
      </sentence>
      <sentence id="d000.s131" source="wordnet-croatian">
         <wf lemma="Tko" pos="X">Tko</wf>
         <wf lemma="tebe" pos="X">tebe</wf>
         <instance id="d000.s131.t000" lemma="kamen" pos="NOUN">kamenom</instance>
         <wf lemma="," pos="X">,</wf>
         <wf lemma="ti" pos="X">ti</wf>
         <wf lemma="njega" pos="X">njega</wf>
         <wf lemma="kruhom" pos="X">kruhom</wf>
         <wf lemma="!" pos="X">!</wf>
      </sentence>
      <sentence id="d000.s132" source="wordnet-croatian">
         <instance id="d000.s132.t000" lemma="obavijest" pos="NOUN">Obavijest</instance>
         <wf lemma="o" pos="X">o</wf>
         <wf lemma="nedolasku" pos="X">nedolasku</wf>
         <wf lemma="poslao" pos="X">poslao</wf>
         <wf lemma="je" pos="X">je</wf>
         <wf lemma="prekasno" pos="X">prekasno</wf>
         <wf lemma="." pos="X">.</wf>
      </sentence>
      <sentence id="d000.s133" source="wordnet-croatian">
         <wf lemma="Bogato" pos="X">Bogato</wf>
         <wf lemma="su" pos="X">su</wf>
         <wf lemma="opremili" pos="X">opremili</wf>
         <wf lemma="svoju" pos="X">svoju</wf>
         <wf lemma="novoizgrađenu" pos="X">novoizgrađenu</wf>
         <instance id="d000.s133.t000" lemma="kuća" pos="NOUN">kuću</instance>
         <wf lemma="." pos="X">.</wf>
      </sentence>
      <sentence id="d000.s134" source="wordnet-croatian">
         <wf lemma="Odgovornost" pos="X">Odgovornost</wf>
         <instance id="d000.s134.t000" lemma="ostajati" pos="VERB">ostaje</instance>
         <wf lemma="na" pos="X">na</wf>
         <wf lemma="tebi" pos="X">tebi</wf>
         <wf lemma="." pos="X">.</wf>
      </sentence>
      <sentence id="d000.s135" source="wordnet-croatian">
         <wf lemma="U" pos="X">U</wf>
         <wf lemma="svojoj" pos="X">svojoj</wf>
         <wf lemma="knjizi" pos="X">knjizi</wf>
         <instance id="d000.s135.t000" lemma="veličati" pos="VERB">veličao</instance>
         <wf lemma="je" pos="X">je</wf>
         <wf lemma="uspjehe" pos="X">uspjehe</wf>
         <wf lemma="Napoleona" pos="X">Napoleona</wf>
         <wf lemma="." pos="X">.</wf>
      </sentence>
      <sentence id="d000.s136" source="wordnet-croatian">
         <wf lemma="Javno" pos="X">Javno</wf>
         <wf lemma="je" pos="X">je</wf>
         <instance id="d000.s136.t000" lemma="iznijeti" pos="VERB">iznio</instance>
         <wf lemma="svoje" pos="X">svoje</wf>
         <wf lemma="mišljenje" pos="X">mišljenje</wf>
         <wf lemma="." pos="X">.</wf>
      </sentence>
      <sentence id="d000.s137" source="wordnet-croatian">
         <wf lemma="Uspio" pos="X">Uspio</wf>
         <wf lemma="ju" pos="X">ju</wf>
         <wf lemma="je" pos="X">je</wf>
         <wf lemma="uvjeriti" pos="X">uvjeriti</wf>
         <wf lemma="u" pos="X">u</wf>
         <instance id="d000.s137.t000" lemma="ispravnost" pos="NOUN">ispravnost</instance>
         <wf lemma="svojega" pos="X">svojega</wf>
         <wf lemma="stajališta" pos="X">stajališta</wf>
         <wf lemma="." pos="X">.</wf>
      </sentence>
      <sentence id="d000.s138" source="wordnet-croatian">
         <wf lemma="Njihova" pos="X">Njihova</wf>
         <wf lemma="trgovina" pos="X">trgovina</wf>
         <wf lemma="cipelama" pos="X">cipelama</wf>
         <instance id="d000.s138.t000" lemma="poslovati" pos="VERB">posluje</instance>
         <wf lemma="vrlo" pos="X">vrlo</wf>
         <wf lemma="dobro" pos="X">dobro</wf>
         <wf lemma="." pos="X">.</wf>
      </sentence>
      <sentence id="d000.s139" source="wordnet-croatian">
         <wf lemma="U" pos="X">U</wf>
         <wf lemma="modi" pos="X">modi</wf>
         <wf lemma="su" pos="X">su</wf>
         <wf lemma="nove" pos="X">nove</wf>
         <instance id="d000.s139.t000" lemma="gležnjerica" pos="NOUN">gležnjerice</instance>
         <wf lemma="s" pos="X">s</wf>
         <wf lemma="visokom" pos="X">visokom</wf>
         <wf lemma="petom" pos="X">petom</wf>
         <wf lemma="i" pos="X">i</wf>
         <wf lemma="krznenom" pos="X">krznenom</wf>
         <wf lemma="podstavom" pos="X">podstavom</wf>
         <wf lemma="." pos="X">.</wf>
      </sentence>
      <sentence id="d000.s140" source="wordnet-croatian">
         <wf lemma="U" pos="X">U</wf>
         <wf lemma="prošlosti" pos="X">prošlosti</wf>
         <wf lemma="se" pos="X">se</wf>
         <wf lemma="visina" pos="X">visina</wf>
         <wf lemma="Sunca" pos="X">Sunca</wf>
         <wf lemma="nad" pos="X">nad</wf>
         <wf lemma="obzorom" pos="X">obzorom</wf>
         <wf lemma="mjerila" pos="X">mjerila</wf>
         <instance id="d000.s140.t000" lemma="oktant" pos="NOUN">oktantom</instance>
         <wf lemma="." pos="X">.</wf>
      </sentence>
      <sentence id="d000.s141" source="wordnet-croatian">
         <instance id="d000.s141.t000" lemma="naučiti" pos="VERB">Naučio</instance>
         <wf lemma="me" pos="X">me</wf>
         <wf lemma="je" pos="X">je</wf>
         <wf lemma="plivati" pos="X">plivati</wf>
         <wf lemma="." pos="X">.</wf>
      </sentence>
      <sentence id="d000.s142" source="wordnet-croatian">
         <wf lemma="Kod" pos="X">Kod</wf>
         <wf lemma="koga" pos="X">koga</wf>
         <instance id="d000.s142.t000" lemma="boraviti" pos="VERB">boraviš</instance>
         <wf lemma="u" pos="X">u</wf>
         <wf lemma="Parizu" pos="X">Parizu</wf>
         <wf lemma="?" pos="X">?</wf>
      </sentence>
      <sentence id="d000.s143" source="wordnet-croatian">
         <wf lemma="Filmski" pos="X">Filmski</wf>
         <instance id="d000.s143.t000" lemma="producent" pos="NOUN">producenti</instance>
         <wf lemma="stupili" pos="X">stupili</wf>
         <wf lemma="su" pos="X">su</wf>
         <wf lemma="na" pos="X">na</wf>
         <wf lemma="pozornicu" pos="X">pozornicu</wf>
         <wf lemma="kako" pos="X">kako</wf>
         <wf lemma="bi" pos="X">bi</wf>
         <wf lemma="primili" pos="X">primili</wf>
         <wf lemma="Oscara" pos="X">Oscara</wf>
         <wf lemma="." pos="X">.</wf>
      </sentence>
      <sentence id="d000.s144" source="wordnet-croatian">
         <wf lemma="Jedva" pos="X">Jedva</wf>
         <wf lemma="čekam" pos="X">čekam</wf>
         <wf lemma="ljeto" pos="X">ljeto</wf>
         <wf lemma="da" pos="X">da</wf>
         <instance id="d000.s144.t000" lemma="izvući" pos="VERB">izvučem</instance>
         <wf lemma="lepršave" pos="X">lepršave</wf>
         <wf lemma="haljinice" pos="X">haljinice</wf>
         <wf lemma="iz" pos="X">iz</wf>
         <wf lemma="ormara" pos="X">ormara</wf>
         <wf lemma="." pos="X">.</wf>
      </sentence>
      <sentence id="d000.s145" source="wordnet-croatian">
         <instance id="d000.s145.t000" lemma="čišćenje" pos="NOUN">Čišćenje</instance>
         <wf lemma="stana" pos="X">stana</wf>
         <wf lemma="mora" pos="X">mora</wf>
         <wf lemma="biti" pos="X">biti</wf>
         <wf lemma="svakodnevno" pos="X">svakodnevno</wf>
         <wf lemma="." pos="X">.</wf>
      </sentence>
      <sentence id="d000.s146" source="wordnet-croatian">
         <wf lemma="Novi" pos="X">Novi</wf>
         <wf lemma="film" pos="X">film</wf>
         <wf lemma="Branka" pos="X">Branka</wf>
         <wf lemma="Schmidta" pos="X">Schmidta</wf>
         <wf lemma="govori" pos="X">govori</wf>
         <wf lemma="o" pos="X">o</wf>
         <instance id="d000.s146.t000" lemma="neljudskost" pos="NOUN">neljudskosti</instance>
         <wf lemma="zdravstvenih" pos="X">zdravstvenih</wf>
         <wf lemma="djelatnika" pos="X">djelatnika</wf>
         <wf lemma="." pos="X">.</wf>
      </sentence>
      <sentence id="d000.s147" source="wordnet-croatian">
         <wf lemma="S" pos="X">S</wf>
         <instance id="d000.s147.t000" lemma="bratić" pos="NOUN">bratićem</instance>
         <wf lemma="i" pos="X">i</wf>
         <wf lemma="sestričnom" pos="X">sestričnom</wf>
         <wf lemma="provodim" pos="X">provodim</wf>
         <wf lemma="više" pos="X">više</wf>
         <wf lemma="vremena" pos="X">vremena</wf>
         <wf lemma="nego" pos="X">nego</wf>
         <wf lemma="s" pos="X">s</wf>
         <wf lemma="vlastitom" pos="X">vlastitom</wf>
         <wf lemma="sestrom" pos="X">sestrom</wf>
         <wf lemma="." pos="X">.</wf>
      </sentence>
      <sentence id="d000.s148" source="wordnet-croatian">
         <wf lemma="Svinjama" pos="X">Svinjama</wf>
         <wf lemma="se" pos="X">se</wf>
         <wf lemma="svakodnevno" pos="X">svakodnevno</wf>
         <wf lemma="treba" pos="X">treba</wf>
         <wf lemma="nekoliko" pos="X">nekoliko</wf>
         <wf lemma="puta" pos="X">puta</wf>
         <wf lemma="davati" pos="X">davati</wf>
         <instance id="d000.s148.t000" lemma="napoj" pos="NOUN">napoj</instance>
         <wf lemma="." pos="X">.</wf>
      </sentence>
      <sentence id="d000.s149" source="wordnet-croatian">
         <instance id="d000.s149.t000" lemma="elegancija" pos="NOUN">Elegancija</instance>
         <wf lemma="joj" pos="X">joj</wf>
         <wf lemma="je" pos="X">je</wf>
         <wf lemma="uvijek" pos="X">uvijek</wf>
         <wf lemma="bila" pos="X">bila</wf>
         <wf lemma="na" pos="X">na</wf>
         <wf lemma="prvome" pos="X">prvome</wf>
         <wf lemma="mjestu" pos="X">mjestu</wf>
         <wf lemma="," pos="X">,</wf>
         <wf lemma="što" pos="X">što</wf>
         <wf lemma="se" pos="X">se</wf>
         <wf lemma="vidjelo" pos="X">vidjelo</wf>
         <wf lemma="i" pos="X">i</wf>
         <wf lemma="u" pos="X">u</wf>
         <wf lemma="uređenju" pos="X">uređenju</wf>
         <wf lemma="njezina" pos="X">njezina</wf>
         <wf lemma="doma" pos="X">doma</wf>
         <wf lemma="." pos="X">.</wf>
      </sentence>
      <sentence id="d000.s150" source="wordnet-croatian">
         <instance id="d000.s150.t000" lemma="iskoristiti" pos="VERB">Iskoristio</instance>
         <wf lemma="je" pos="X">je</wf>
         <wf lemma="svoju" pos="X">svoju</wf>
         <wf lemma="moć" pos="X">moć</wf>
         <wf lemma="da" pos="X">da</wf>
         <wf lemma="dođe" pos="X">dođe</wf>
         <wf lemma="do" pos="X">do</wf>
         <wf lemma="eksluzivnog" pos="X">eksluzivnog</wf>
         <wf lemma="ugovora" pos="X">ugovora</wf>
         <wf lemma="." pos="X">.</wf>
      </sentence>
      <sentence id="d000.s151" source="wordnet-croatian">
         <wf lemma="Zbog" pos="X">Zbog</wf>
         <wf lemma="svog" pos="X">svog</wf>
         <wf lemma="ponašanja" pos="X">ponašanja</wf>
         <instance id="d000.s151.t000" lemma="stjecati" pos="VERB">stjecat</instance>
         <wf lemma="će" pos="X">će</wf>
         <wf lemma="mnogo" pos="X">mnogo</wf>
         <wf lemma="neprijatelja" pos="X">neprijatelja</wf>
         <wf lemma="." pos="X">.</wf>
      </sentence>
      <sentence id="d000.s152" source="wordnet-croatian">
         <wf lemma="Bio" pos="X">Bio</wf>
         <wf lemma="je" pos="X">je</wf>
         <wf lemma="to" pos="X">to</wf>
         <wf lemma="težak" pos="X">težak</wf>
         <instance id="d000.s152.t000" lemma="uspon" pos="NOUN">uspon</instance>
         <wf lemma="na" pos="X">na</wf>
         <wf lemma="vrh" pos="X">vrh</wf>
         <wf lemma="." pos="X">.</wf>
      </sentence>
      <sentence id="d000.s153" source="wordnet-croatian">
         <wf lemma="Ništa" pos="X">Ništa</wf>
         <wf lemma="ne" pos="X">ne</wf>
         <wf lemma="može" pos="X">može</wf>
         <wf lemma="zamijeniti" pos="X">zamijeniti</wf>
         <wf lemma="djetinju" pos="X">djetinju</wf>
         <instance id="d000.s153.t000" lemma="bezbrižnost" pos="NOUN">bezbrižnost</instance>
         <wf lemma="." pos="X">.</wf>
      </sentence>
      <sentence id="d000.s154" source="wordnet-croatian">
         <wf lemma="Njezine" pos="X">Njezine</wf>
         <wf lemma="su" pos="X">su</wf>
         <wf lemma="me" pos="X">me</wf>
         <wf lemma="suze" pos="X">suze</wf>
         <instance id="d000.s154.t000" lemma="potaći" pos="VERB">potakle</instance>
         <wf lemma="da" pos="X">da</wf>
         <wf lemma="prestanem" pos="X">prestanem</wf>
         <wf lemma="pjevati" pos="X">pjevati</wf>
         <wf lemma="dok" pos="X">dok</wf>
         <wf lemma="se" pos="X">se</wf>
         <wf lemma="tuširam" pos="X">tuširam</wf>
         <wf lemma="." pos="X">.</wf>
      </sentence>
      <sentence id="d000.s155" source="wordnet-croatian">
         <wf lemma="Nakupilo" pos="X">Nakupilo</wf>
         <wf lemma="mu" pos="X">mu</wf>
         <wf lemma="se" pos="X">se</wf>
         <wf lemma="6" pos="X">6</wf>
         <instance id="d000.s155.t000" lemma="izostanak" pos="NOUN">izostanaka</instance>
         <wf lemma="s" pos="X">s</wf>
         <wf lemma="nastave" pos="X">nastave</wf>
         <wf lemma="." pos="X">.</wf>
      </sentence>
      <sentence id="d000.s156" source="wordnet-croatian">
         <wf lemma="Ova" pos="X">Ova</wf>
         <wf lemma="boja" pos="X">boja</wf>
         <wf lemma="na" pos="X">na</wf>
         <wf lemma="zidovima" pos="X">zidovima</wf>
         <wf lemma="će" pos="X">će</wf>
         <instance id="d000.s156.t000" lemma="razvedriti" pos="VERB">razvedriti</instance>
         <wf lemma="sobu" pos="X">sobu</wf>
         <wf lemma="." pos="X">.</wf>
      </sentence>
      <sentence id="d000.s157" source="wordnet-croatian">
         <wf lemma="Prije" pos="X">Prije</wf>
         <wf lemma="penjanja" pos="X">penjanja</wf>
         <wf lemma="na" pos="X">na</wf>
         <wf lemma="planinu" pos="X">planinu</wf>
         <instance id="d000.s157.t000" lemma="opskrbiti" pos="VERB">opskrbili</instance>
         <wf lemma="smo" pos="X">smo</wf>
         <wf lemma="se" pos="X">se</wf>
         <wf lemma="pitkom" pos="X">pitkom</wf>
         <wf lemma="vodom" pos="X">vodom</wf>
         <wf lemma="," pos="X">,</wf>
         <wf lemma="hranom" pos="X">hranom</wf>
         <wf lemma="i" pos="X">i</wf>
         <wf lemma="dobrom" pos="X">dobrom</wf>
         <wf lemma="voljom" pos="X">voljom</wf>
         <wf lemma="." pos="X">.</wf>
      </sentence>
      <sentence id="d000.s158" source="wordnet-croatian">
         <wf lemma="Brodica" pos="X">Brodica</wf>
         <wf lemma="je" pos="X">je</wf>
         <wf lemma="mirno" pos="X">mirno</wf>
         <wf lemma="uplovila" pos="X">uplovila</wf>
         <wf lemma="u" pos="X">u</wf>
         <instance id="d000.s158.t000" lemma="luka" pos="NOUN">luku</instance>
         <wf lemma="." pos="X">.</wf>
      </sentence>
      <sentence id="d000.s159" source="wordnet-croatian">
         <wf lemma="Kuća" pos="X">Kuća</wf>
         <wf lemma="je" pos="X">je</wf>
         <instance id="d000.s159.t000" lemma="ostati" pos="VERB">ostala</instance>
         <wf lemma="u" pos="X">u</wf>
         <wf lemma="nepromijenjenom" pos="X">nepromijenjenom</wf>
         <wf lemma="stanju" pos="X">stanju</wf>
         <wf lemma="preko" pos="X">preko</wf>
         <wf lemma="sto" pos="X">sto</wf>
         <wf lemma="godina" pos="X">godina</wf>
         <wf lemma="." pos="X">.</wf>
      </sentence>
      <sentence id="d000.s160" source="wordnet-croatian">
         <wf lemma="Koliko" pos="X">Koliko</wf>
         <wf lemma="dugo" pos="X">dugo</wf>
         <wf lemma="traje" pos="X">traje</wf>
         <instance id="d000.s160.t000" lemma="dan" pos="NOUN">dan</instance>
         <wf lemma="na" pos="X">na</wf>
         <wf lemma="Jupiteru" pos="X">Jupiteru</wf>
         <wf lemma="?" pos="X">?</wf>
      </sentence>
      <sentence id="d000.s161" source="wordnet-croatian">
         <wf lemma="Tvornica" pos="X">Tvornica</wf>
         <wf lemma="je" pos="X">je</wf>
         <wf lemma="bezobzirno" pos="X">bezobzirno</wf>
         <instance id="d000.s161.t000" lemma="onečistiti" pos="VERB">onečistila</instance>
         <wf lemma="rijeku" pos="X">rijeku</wf>
         <wf lemma="." pos="X">.</wf>
      </sentence>
      <sentence id="d000.s162" source="wordnet-croatian">
         <wf lemma="Waterloo" pos="X">Waterloo</wf>
         <wf lemma="je" pos="X">je</wf>
         <wf lemma="važna" pos="X">važna</wf>
         <instance id="d000.s162.t000" lemma="prekretnica" pos="NOUN">prekretnica</instance>
         <wf lemma="u" pos="X">u</wf>
         <wf lemma="povijesti" pos="X">povijesti</wf>
         <wf lemma="Zapada" pos="X">Zapada</wf>
         <wf lemma="." pos="X">.</wf>
      </sentence>
      <sentence id="d000.s163" source="wordnet-croatian">
         <wf lemma="Teodozije" pos="X">Teodozije</wf>
         <wf lemma="je" pos="X">je</wf>
         <wf lemma="392." pos="X">392.</wf>
         <wf lemma="izdao" pos="X">izdao</wf>
         <instance id="d000.s163.t000" lemma="edikt" pos="NOUN">edikt</instance>
         <wf lemma="kojim" pos="X">kojim</wf>
         <wf lemma="se" pos="X">se</wf>
         <wf lemma="naređuje" pos="X">naređuje</wf>
         <wf lemma="rušenje" pos="X">rušenje</wf>
         <wf lemma="poganskih" pos="X">poganskih</wf>
         <wf lemma="hramova" pos="X">hramova</wf>
         <wf lemma="." pos="X">.</wf>
      </sentence>
      <sentence id="d000.s164" source="wordnet-croatian">
         <wf lemma="Moram" pos="X">Moram</wf>
         <instance id="d000.s164.t000" lemma="raskrčiti" pos="VERB">raskrčiti</instance>
         <wf lemma="radni" pos="X">radni</wf>
         <wf lemma="stol" pos="X">stol</wf>
         <wf lemma="od" pos="X">od</wf>
         <wf lemma="nagomilanih" pos="X">nagomilanih</wf>
         <wf lemma="papira" pos="X">papira</wf>
         <wf lemma="." pos="X">.</wf>
      </sentence>
      <sentence id="d000.s165" source="wordnet-croatian">
         <wf lemma="Svi" pos="X">Svi</wf>
         <wf lemma="će" pos="X">će</wf>
         <wf lemma="zauvijek" pos="X">zauvijek</wf>
         <wf lemma="pamtiti" pos="X">pamtiti</wf>
         <instance id="d000.s165.t000" lemma="progon" pos="NOUN">progone</instance>
         <wf lemma="Židova" pos="X">Židova</wf>
         <wf lemma="u" pos="X">u</wf>
         <wf lemma="2." pos="X">2.</wf>
         <wf lemma="svjetskom" pos="X">svjetskom</wf>
         <wf lemma="ratu" pos="X">ratu</wf>
         <wf lemma="." pos="X">.</wf>
      </sentence>
      <sentence id="d000.s166" source="wordnet-croatian">
         <wf lemma="Gospođa" pos="X">Gospođa</wf>
         <wf lemma="u" pos="X">u</wf>
         <instance id="d000.s166.t000" lemma="centrala" pos="NOUN">centrali</instance>
         <wf lemma="spojila" pos="X">spojila</wf>
         <wf lemma="me" pos="X">me</wf>
         <wf lemma="s" pos="X">s</wf>
         <wf lemma="upraviteljem" pos="X">upraviteljem</wf>
         <wf lemma="tvrtke" pos="X">tvrtke</wf>
         <wf lemma="." pos="X">.</wf>
      </sentence>
      <sentence id="d000.s167" source="wordnet-croatian">
         <wf lemma="Moram" pos="X">Moram</wf>
         <wf lemma="početi" pos="X">početi</wf>
         <instance id="d000.s167.t000" lemma="misliti" pos="VERB">misliti</instance>
         <wf lemma="na" pos="X">na</wf>
         <wf lemma="budućnost" pos="X">budućnost</wf>
         <wf lemma="." pos="X">.</wf>
      </sentence>
      <sentence id="d000.s168" source="wordnet-croatian">
         <wf lemma="Zgrada" pos="X">Zgrada</wf>
         <wf lemma="je" pos="X">je</wf>
         <wf lemma="sagrađena" pos="X">sagrađena</wf>
         <wf lemma="na" pos="X">na</wf>
         <wf lemma="čvrstim" pos="X">čvrstim</wf>
         <instance id="d000.s168.t000" lemma="temelj" pos="NOUN">temeljima</instance>
         <wf lemma="." pos="X">.</wf>
      </sentence>
      <sentence id="d000.s169" source="wordnet-croatian">
         <wf lemma="Sve" pos="X">Sve</wf>
         <wf lemma="je" pos="X">je</wf>
         <wf lemma="dokumente" pos="X">dokumente</wf>
         <wf lemma="pohranjivao" pos="X">pohranjivao</wf>
         <wf lemma="u" pos="X">u</wf>
         <instance id="d000.s169.t000" lemma="ladica" pos="NOUN">ladicu</instance>
         <wf lemma="s" pos="X">s</wf>
         <wf lemma="ključem" pos="X">ključem</wf>
         <wf lemma="." pos="X">.</wf>
      </sentence>
      <sentence id="d000.s170" source="wordnet-croatian">
         <wf lemma="Postoje" pos="X">Postoje</wf>
         <wf lemma="dvotaktni" pos="X">dvotaktni</wf>
         <wf lemma="i" pos="X">i</wf>
         <wf lemma="četverotaktni" pos="X">četverotaktni</wf>
         <instance id="d000.s170.t000" lemma="motor" pos="NOUN">motori</instance>
         <wf lemma="." pos="X">.</wf>
      </sentence>
      <sentence id="d000.s171" source="wordnet-croatian">
         <wf lemma="Kada" pos="X">Kada</wf>
         <wf lemma="su" pos="X">su</wf>
         <wf lemma="otkriveni" pos="X">otkriveni</wf>
         <wf lemma="," pos="X">,</wf>
         <instance id="d000.s171.t000" lemma="antibiotik" pos="NOUN">antibiotici</instance>
         <wf lemma="su" pos="X">su</wf>
         <wf lemma="se" pos="X">se</wf>
         <wf lemma="nazivali" pos="X">nazivali</wf>
         <wf lemma="čudotvornim" pos="X">čudotvornim</wf>
         <wf lemma="lijekom" pos="X">lijekom</wf>
         <wf lemma="." pos="X">.</wf>
      </sentence>
      <sentence id="d000.s172" source="wordnet-croatian">
         <wf lemma="Nikako" pos="X">Nikako</wf>
         <wf lemma="se" pos="X">se</wf>
         <wf lemma="nije" pos="X">nije</wf>
         <wf lemma="mogao" pos="X">mogao</wf>
         <wf lemma="naviknuti" pos="X">naviknuti</wf>
         <wf lemma="na" pos="X">na</wf>
         <instance id="d000.s172.t000" lemma="surovost" pos="NOUN">surovost</instance>
         <wf lemma="zima" pos="X">zima</wf>
         <wf lemma="na" pos="X">na</wf>
         <wf lemma="sjeveru" pos="X">sjeveru</wf>
         <wf lemma="." pos="X">.</wf>
      </sentence>
      <sentence id="d000.s173" source="wordnet-croatian">
         <wf lemma="Stalno" pos="X">Stalno</wf>
         <wf lemma="je" pos="X">je</wf>
         <instance id="d000.s173.t000" lemma="ponavljati" pos="VERB">ponavljala</instance>
         <wf lemma="svoje" pos="X">svoje</wf>
         <wf lemma="sulude" pos="X">sulude</wf>
         <wf lemma="zahtjeve" pos="X">zahtjeve</wf>
         <wf lemma="." pos="X">.</wf>
      </sentence>
      <sentence id="d000.s174" source="wordnet-croatian">
         <wf lemma="Ana" pos="X">Ana</wf>
         <wf lemma="je" pos="X">je</wf>
         <instance id="d000.s174.t000" lemma="naučnik" pos="NOUN">naučnik</instance>
         <wf lemma="u" pos="X">u</wf>
         <wf lemma="pravnom" pos="X">pravnom</wf>
         <wf lemma="uredu" pos="X">uredu</wf>
         <wf lemma="." pos="X">.</wf>
      </sentence>
      <sentence id="d000.s175" source="wordnet-croatian">
         <wf lemma="Pacijent" pos="X">Pacijent</wf>
         <wf lemma="je" pos="X">je</wf>
         <wf lemma="trpio" pos="X">trpio</wf>
         <wf lemma="teške" pos="X">teške</wf>
         <instance id="d000.s175.t000" lemma="bol" pos="NOUN">bolove</instance>
         <wf lemma="." pos="X">.</wf>
      </sentence>
      <sentence id="d000.s176" source="wordnet-croatian">
         <wf lemma="Stari" pos="X">Stari</wf>
         <instance id="d000.s176.t000" lemma="nono" pos="NOUN">nono</instance>
         <wf lemma="," pos="X">,</wf>
         <wf lemma="zar" pos="X">zar</wf>
         <wf lemma="vavik" pos="X">vavik</wf>
         <wf lemma="moraš" pos="X">moraš</wf>
         <wf lemma="delat" pos="X">delat</wf>
         <wf lemma="?" pos="X">?</wf>
      </sentence>
      <sentence id="d000.s177" source="wordnet-croatian">
         <wf lemma="Pokazivao" pos="X">Pokazivao</wf>
         <wf lemma="je" pos="X">je</wf>
         <wf lemma="veliku" pos="X">veliku</wf>
         <instance id="d000.s177.t000" lemma="vještina" pos="NOUN">vještinu</instance>
         <wf lemma="u" pos="X">u</wf>
         <wf lemma="radu" pos="X">radu</wf>
         <wf lemma="s" pos="X">s</wf>
         <wf lemma="drvom" pos="X">drvom</wf>
         <wf lemma="." pos="X">.</wf>
      </sentence>
      <sentence id="d000.s178" source="wordnet-croatian">
         <wf lemma="Broj" pos="X">Broj</wf>
         <wf lemma="čitatelja" pos="X">čitatelja</wf>
         <instance id="d000.s178.t000" lemma="publicistika" pos="NOUN">publicistike</instance>
         <wf lemma="naglo" pos="X">naglo</wf>
         <wf lemma="pada" pos="X">pada</wf>
         <wf lemma="." pos="X">.</wf>
      </sentence>
      <sentence id="d000.s179" source="wordnet-croatian">
         <wf lemma="Hrvatska" pos="X">Hrvatska</wf>
         <wf lemma="je" pos="X">je</wf>
         <wf lemma="moj" pos="X">moj</wf>
         <instance id="d000.s179.t000" lemma="dom" pos="NOUN">dom</instance>
         <wf lemma="." pos="X">.</wf>
      </sentence>
      <sentence id="d000.s180" source="wordnet-croatian">
         <wf lemma="Željela" pos="X">Željela</wf>
         <wf lemma="je" pos="X">je</wf>
         <instance id="d000.s180.t000" lemma="neuobičajen" pos="ADJ">neuobičajene</instance>
         <wf lemma="prozore" pos="X">prozore</wf>
         <wf lemma="pa" pos="X">pa</wf>
         <wf lemma="ih" pos="X">ih</wf>
         <wf lemma="je" pos="X">je</wf>
         <wf lemma="dala" pos="X">dala</wf>
         <wf lemma="izraditi" pos="X">izraditi</wf>
         <wf lemma="po" pos="X">po</wf>
         <wf lemma="mjeri" pos="X">mjeri</wf>
         <wf lemma="." pos="X">.</wf>
      </sentence>
      <sentence id="d000.s181" source="wordnet-croatian">
         <instance id="d000.s181.t000" lemma="dekoracija" pos="NOUN">Dekoracija</instance>
         <wf lemma="gradskog" pos="X">gradskog</wf>
         <wf lemma="trga" pos="X">trga</wf>
         <wf lemma="ove" pos="X">ove</wf>
         <wf lemma="je" pos="X">je</wf>
         <wf lemma="godine" pos="X">godine</wf>
         <wf lemma="prošla" pos="X">prošla</wf>
         <wf lemma="uz" pos="X">uz</wf>
         <wf lemma="manje" pos="X">manje</wf>
         <wf lemma="nezgode" pos="X">nezgode</wf>
         <wf lemma="." pos="X">.</wf>
      </sentence>
      <sentence id="d000.s182" source="wordnet-croatian">
         <wf lemma="I" pos="X">I</wf>
         <wf lemma="prazan" pos="X">prazan</wf>
         <instance id="d000.s182.t000" lemma="skup" pos="NOUN">skup</instance>
         <wf lemma="jest" pos="X">jest</wf>
         <wf lemma="skup" pos="X">skup</wf>
         <wf lemma="u" pos="X">u</wf>
         <wf lemma="matematici" pos="X">matematici</wf>
         <wf lemma="." pos="X">.</wf>
      </sentence>
      <sentence id="d000.s183" source="wordnet-croatian">
         <wf lemma="Za" pos="X">Za</wf>
         <wf lemma="vjenčanje" pos="X">vjenčanje</wf>
         <wf lemma="su" pos="X">su</wf>
         <wf lemma="dobili" pos="X">dobili</wf>
         <wf lemma="skupocjen" pos="X">skupocjen</wf>
         <instance id="d000.s183.t000" lemma="servis" pos="NOUN">servis</instance>
         <wf lemma="." pos="X">.</wf>
      </sentence>
      <sentence id="d000.s184" source="wordnet-croatian">
         <wf lemma="Promet" pos="X">Promet</wf>
         <wf lemma="i" pos="X">i</wf>
         <instance id="d000.s184.t000" lemma="skladištenje" pos="NOUN">skladištenje</instance>
         <wf lemma="plina" pos="X">plina</wf>
         <wf lemma="treba" pos="X">treba</wf>
         <wf lemma="izdvojiti" pos="X">izdvojiti</wf>
         <wf lemma="u" pos="X">u</wf>
         <wf lemma="posebno" pos="X">posebno</wf>
         <wf lemma="poduzeće" pos="X">poduzeće</wf>
         <wf lemma="za" pos="X">za</wf>
         <wf lemma="njegovu" pos="X">njegovu</wf>
         <wf lemma="opskrbu" pos="X">opskrbu</wf>
         <wf lemma="." pos="X">.</wf>
      </sentence>
      <sentence id="d000.s185" source="wordnet-croatian">
         <wf lemma="Stavila" pos="X">Stavila</wf>
         <wf lemma="je" pos="X">je</wf>
         <wf lemma="kolač" pos="X">kolač</wf>
         <wf lemma="u" pos="X">u</wf>
         <instance id="d000.s185.t000" lemma="pećnica" pos="NOUN">pećnicu</instance>
         <wf lemma="i" pos="X">i</wf>
         <wf lemma="stan" pos="X">stan</wf>
         <wf lemma="se" pos="X">se</wf>
         <wf lemma="ispunio" pos="X">ispunio</wf>
         <wf lemma="slatkim" pos="X">slatkim</wf>
         <wf lemma="mirisom" pos="X">mirisom</wf>
         <wf lemma="." pos="X">.</wf>
      </sentence>
      <sentence id="d000.s186" source="wordnet-croatian">
         <wf lemma="Eksplozija" pos="X">Eksplozija</wf>
         <wf lemma="je" pos="X">je</wf>
         <wf lemma="načinila" pos="X">načinila</wf>
         <wf lemma="veliku" pos="X">veliku</wf>
         <instance id="d000.s186.t000" lemma="rupa" pos="NOUN">rupu</instance>
         <wf lemma="u" pos="X">u</wf>
         <wf lemma="zidu" pos="X">zidu</wf>
         <wf lemma="." pos="X">.</wf>
      </sentence>
      <sentence id="d000.s187" source="wordnet-croatian">
         <wf lemma="Stare" pos="X">Stare</wf>
         <wf lemma="bake" pos="X">bake</wf>
         <wf lemma="često" pos="X">često</wf>
         <instance id="d000.s187.t000" lemma="utapati" pos="VERB">utapaju</instance>
         <wf lemma="mlade" pos="X">mlade</wf>
         <wf lemma="mačiće" pos="X">mačiće</wf>
         <wf lemma="." pos="X">.</wf>
      </sentence>
      <sentence id="d000.s188" source="wordnet-croatian">
         <wf lemma="Europska" pos="X">Europska</wf>
         <wf lemma="unija" pos="X">unija</wf>
         <wf lemma="teži" pos="X">teži</wf>
         <wf lemma="prikazivanju" pos="X">prikazivanju</wf>
         <wf lemma="Europe" pos="X">Europe</wf>
         <wf lemma="kao" pos="X">kao</wf>
         <wf lemma="jedne" pos="X">jedne</wf>
         <instance id="d000.s188.t000" lemma="cjelina" pos="NOUN">cjeline</instance>
         <wf lemma="." pos="X">.</wf>
      </sentence>
      <sentence id="d000.s189" source="wordnet-croatian">
         <wf lemma="Išao" pos="X">Išao</wf>
         <wf lemma="je" pos="X">je</wf>
         <wf lemma="na" pos="X">na</wf>
         <instance id="d000.s189.t000" lemma="plivalište" pos="NOUN">plivalište</instance>
         <wf lemma="svako" pos="X">svako</wf>
         <wf lemma="jutro" pos="X">jutro</wf>
         <wf lemma="da" pos="X">da</wf>
         <wf lemma="napuni" pos="X">napuni</wf>
         <wf lemma="baterije" pos="X">baterije</wf>
         <wf lemma="za" pos="X">za</wf>
         <wf lemma="radni" pos="X">radni</wf>
         <wf lemma="dan" pos="X">dan</wf>
         <wf lemma="." pos="X">.</wf>
      </sentence>
      <sentence id="d000.s190" source="wordnet-croatian">
         <wf lemma="Njegovo" pos="X">Njegovo</wf>
         <instance id="d000.s190.t000" lemma="unapređenje" pos="NOUN">unapređenje</instance>
         <wf lemma="na" pos="X">na</wf>
         <wf lemma="mjesto" pos="X">mjesto</wf>
         <wf lemma="upravitelja" pos="X">upravitelja</wf>
         <wf lemma="mnogi" pos="X">mnogi</wf>
         <wf lemma="su" pos="X">su</wf>
         <wf lemma="propitivali" pos="X">propitivali</wf>
         <wf lemma="." pos="X">.</wf>
      </sentence>
      <sentence id="d000.s191" source="wordnet-croatian">
         <wf lemma="Za" pos="X">Za</wf>
         <wf lemma="izlazak" pos="X">izlazak</wf>
         <wf lemma="je" pos="X">je</wf>
         <wf lemma="odjenula" pos="X">odjenula</wf>
         <wf lemma="kratak" pos="X">kratak</wf>
         <instance id="d000.s191.t000" lemma="šos" pos="NOUN">šos</instance>
         <wf lemma="i" pos="X">i</wf>
         <wf lemma="visoke" pos="X">visoke</wf>
         <wf lemma="potpetice" pos="X">potpetice</wf>
         <wf lemma="." pos="X">.</wf>
      </sentence>
      <sentence id="d000.s192" source="wordnet-croatian">
         <wf lemma="Meci" pos="X">Meci</wf>
         <wf lemma="su" pos="X">su</wf>
         <instance id="d000.s192.t000" lemma="zviždati" pos="VERB">zviždali</instance>
         <wf lemma="oko" pos="X">oko</wf>
         <wf lemma="Mirkove" pos="X">Mirkove</wf>
         <wf lemma="glave" pos="X">glave</wf>
         <wf lemma="." pos="X">.</wf>
      </sentence>
      <sentence id="d000.s193" source="wordnet-croatian">
         <instance id="d000.s193.t000" lemma="glas" pos="NOUN">Glasovi</instance>
         <wf lemma="se" pos="X">se</wf>
         <wf lemma="razlikuju" pos="X">razlikuju</wf>
         <wf lemma="po" pos="X">po</wf>
         <wf lemma="zvučnosti" pos="X">zvučnosti</wf>
         <wf lemma="i" pos="X">i</wf>
         <wf lemma="po" pos="X">po</wf>
         <wf lemma="mjestu" pos="X">mjestu</wf>
         <wf lemma="tvorbe" pos="X">tvorbe</wf>
         <wf lemma="." pos="X">.</wf>
      </sentence>
      <sentence id="d000.s194" source="wordnet-croatian">
         <wf lemma="Umjetno" pos="X">Umjetno</wf>
         <instance id="d000.s194.t000" lemma="zubalo" pos="NOUN">zubalo</instance>
         <wf lemma="je" pos="X">je</wf>
         <wf lemma="bilo" pos="X">bilo</wf>
         <wf lemma="napravljeno" pos="X">napravljeno</wf>
         <wf lemma="toliko" pos="X">toliko</wf>
         <wf lemma="dobro" pos="X">dobro</wf>
         <wf lemma="da" pos="X">da</wf>
         <wf lemma="nitko" pos="X">nitko</wf>
         <wf lemma="nije" pos="X">nije</wf>
         <wf lemma="primijetio" pos="X">primijetio</wf>
         <wf lemma="da" pos="X">da</wf>
         <wf lemma="to" pos="X">to</wf>
         <wf lemma="nisu" pos="X">nisu</wf>
         <wf lemma="njegovi" pos="X">njegovi</wf>
         <wf lemma="zubi" pos="X">zubi</wf>
         <wf lemma="." pos="X">.</wf>
      </sentence>
      <sentence id="d000.s195" source="wordnet-croatian">
         <wf lemma="Mladi" pos="X">Mladi</wf>
         <wf lemma="su" pos="X">su</wf>
         <wf lemma="pioniri" pos="X">pioniri</wf>
         <wf lemma="prije" pos="X">prije</wf>
         <wf lemma="veoma" pos="X">veoma</wf>
         <wf lemma="angažirano" pos="X">angažirano</wf>
         <wf lemma="sudjelovali" pos="X">sudjelovali</wf>
         <wf lemma="u" pos="X">u</wf>
         <instance id="d000.s195.t000" lemma="štafeta" pos="NOUN">štafeti</instance>
         <wf lemma="za" pos="X">za</wf>
         <wf lemma="našeg" pos="X">našeg</wf>
         <wf lemma="Tita" pos="X">Tita</wf>
         <wf lemma="." pos="X">.</wf>
      </sentence>
      <sentence id="d000.s196" source="wordnet-croatian">
         <wf lemma="Kvalitetan" pos="X">Kvalitetan</wf>
         <instance id="d000.s196.t000" lemma="plan" pos="NOUN">plan</instance>
         <wf lemma="rada" pos="X">rada</wf>
         <wf lemma="osnovni" pos="X">osnovni</wf>
         <wf lemma="je" pos="X">je</wf>
         <wf lemma="preduvjet" pos="X">preduvjet</wf>
         <wf lemma="za" pos="X">za</wf>
         <wf lemma="uspješno" pos="X">uspješno</wf>
         <wf lemma="obavljanje" pos="X">obavljanje</wf>
         <wf lemma="posla" pos="X">posla</wf>
         <wf lemma="." pos="X">.</wf>
      </sentence>
      <sentence id="d000.s197" source="wordnet-croatian">
         <wf lemma="Ilegalan" pos="X">Ilegalan</wf>
         <wf lemma="prelazak" pos="X">prelazak</wf>
         <wf lemma="preko" pos="X">preko</wf>
         <instance id="d000.s197.t000" lemma="granica" pos="NOUN">granice</instance>
         <wf lemma="strogo" pos="X">strogo</wf>
         <wf lemma="se" pos="X">se</wf>
         <wf lemma="kažnjava" pos="X">kažnjava</wf>
         <wf lemma="." pos="X">.</wf>
      </sentence>
      <sentence id="d000.s198" source="wordnet-croatian">
         <instance id="d000.s198.t000" lemma="dodijeliti" pos="VERB">Dodijeljene</instance>
         <wf lemma="su" pos="X">su</wf>
         <wf lemma="nagrade" pos="X">nagrade</wf>
         <wf lemma="zaposlenicima" pos="X">zaposlenicima</wf>
         <wf lemma="godine" pos="X">godine</wf>
         <wf lemma="." pos="X">.</wf>
      </sentence>
      <sentence id="d000.s199" source="wordnet-croatian">
         <wf lemma="Dobro" pos="X">Dobro</wf>
         <wf lemma="vino" pos="X">vino</wf>
         <wf lemma="uvijek" pos="X">uvijek</wf>
         <instance id="d000.s199.t000" lemma="rasplamsati" pos="VERB">rasplamsa</instance>
         <wf lemma="rječitost" pos="X">rječitost</wf>
         <wf lemma="okupljenih" pos="X">okupljenih</wf>
         <wf lemma="." pos="X">.</wf>
      </sentence>
      <sentence id="d000.s200" source="wordnet-croatian">
         <wf lemma="Njegovi" pos="X">Njegovi</wf>
         <wf lemma="su" pos="X">su</wf>
         <wf lemma="roditelji" pos="X">roditelji</wf>
         <wf lemma="imali" pos="X">imali</wf>
         <wf lemma="velik" pos="X">velik</wf>
         <instance id="d000.s200.t000" lemma="utjecaj" pos="NOUN">utjecaj</instance>
         <wf lemma="u" pos="X">u</wf>
         <wf lemma="građevinarskom" pos="X">građevinarskom</wf>
         <wf lemma="lobiju" pos="X">lobiju</wf>
         <wf lemma="." pos="X">.</wf>
      </sentence>
      <sentence id="d000.s201" source="wordnet-croatian">
         <wf lemma="Razgovor" pos="X">Razgovor</wf>
         <wf lemma="je" pos="X">je</wf>
         <wf lemma="postao" pos="X">postao</wf>
         <instance id="d000.s201.t000" lemma="neugodan" pos="ADJ">neugodnim</instance>
         <wf lemma="." pos="X">.</wf>
      </sentence>
      <sentence id="d000.s202" source="wordnet-croatian">
         <wf lemma="Romani" pos="X">Romani</wf>
         <wf lemma="Agathe" pos="X">Agathe</wf>
         <wf lemma="Christie" pos="X">Christie</wf>
         <wf lemma="uvijek" pos="X">uvijek</wf>
         <wf lemma="su" pos="X">su</wf>
         <wf lemma="bili" pos="X">bili</wf>
         <wf lemma="velike" pos="X">velike</wf>
         <instance id="d000.s202.t000" lemma="uspješnica" pos="NOUN">uspješnice</instance>
         <wf lemma="." pos="X">.</wf>
      </sentence>
      <sentence id="d000.s203" source="wordnet-croatian">
         <wf lemma="Policija" pos="X">Policija</wf>
         <wf lemma="je" pos="X">je</wf>
         <wf lemma="pozvala" pos="X">pozvala</wf>
         <instance id="d000.s203.t000" lemma="stručnjak" pos="NOUN">stručnjaka</instance>
         <wf lemma="da" pos="X">da</wf>
         <wf lemma="procijeni" pos="X">procijeni</wf>
         <wf lemma="njeno" pos="X">njeno</wf>
         <wf lemma="mentalno" pos="X">mentalno</wf>
         <wf lemma="stanje" pos="X">stanje</wf>
         <wf lemma="." pos="X">.</wf>
      </sentence>
      <sentence id="d000.s204" source="wordnet-croatian">
         <instance id="d000.s204.t000" lemma="dizajn" pos="NOUN">Dizajn</instance>
         <wf lemma="kuće" pos="X">kuće</wf>
         <wf lemma="bio" pos="X">bio</wf>
         <wf lemma="je" pos="X">je</wf>
         <wf lemma="moderan" pos="X">moderan</wf>
         <wf lemma="," pos="X">,</wf>
         <wf lemma="ali" pos="X">ali</wf>
         <wf lemma="i" pos="X">i</wf>
         <wf lemma="ugodan" pos="X">ugodan</wf>
         <wf lemma="oku" pos="X">oku</wf>
         <wf lemma="." pos="X">.</wf>
      </sentence>
      <sentence id="d000.s205" source="wordnet-croatian">
         <wf lemma="Njegovu" pos="X">Njegovu</wf>
         <instance id="d000.s205.t000" lemma="odanost" pos="NOUN">odanost</instance>
         <wf lemma="prijateljima" pos="X">prijateljima</wf>
         <wf lemma="ništa" pos="X">ništa</wf>
         <wf lemma="nije" pos="X">nije</wf>
         <wf lemma="moglo" pos="X">moglo</wf>
         <wf lemma="pokolebati" pos="X">pokolebati</wf>
         <wf lemma="." pos="X">.</wf>
      </sentence>
      <sentence id="d000.s206" source="wordnet-croatian">
         <wf lemma="Udarila" pos="X">Udarila</wf>
         <wf lemma="je" pos="X">je</wf>
         <wf lemma="o" pos="X">o</wf>
         <instance id="d000.s206.t000" lemma="rub" pos="NOUN">rub</instance>
         <wf lemma="stola" pos="X">stola</wf>
         <wf lemma="i" pos="X">i</wf>
         <wf lemma="rasjekla" pos="X">rasjekla</wf>
         <wf lemma="glavu" pos="X">glavu</wf>
         <wf lemma="." pos="X">.</wf>
      </sentence>
      <sentence id="d000.s207" source="wordnet-croatian">
         <wf lemma="Učenici" pos="X">Učenici</wf>
         <wf lemma="nikako" pos="X">nikako</wf>
         <wf lemma="nisu" pos="X">nisu</wf>
         <wf lemma="mogli" pos="X">mogli</wf>
         <wf lemma="naučiti" pos="X">naučiti</wf>
         <wf lemma="razliku" pos="X">razliku</wf>
         <wf lemma="između" pos="X">između</wf>
         <wf lemma="pridjeva" pos="X">pridjeva</wf>
         <wf lemma="i" pos="X">i</wf>
         <instance id="d000.s207.t000" lemma="prilog" pos="NOUN">priloga</instance>
         <wf lemma="." pos="X">.</wf>
      </sentence>
      <sentence id="d000.s208" source="wordnet-croatian">
         <wf lemma="Normani" pos="X">Normani</wf>
         <wf lemma="su" pos="X">su</wf>
         <instance id="d000.s208.t000" lemma="proširiti" pos="VERB">proširili</instance>
         <wf lemma="francuski" pos="X">francuski</wf>
         <wf lemma="diljem" pos="X">diljem</wf>
         <wf lemma="Engleske" pos="X">Engleske</wf>
         <wf lemma="." pos="X">.</wf>
      </sentence>
      <sentence id="d000.s209" source="wordnet-croatian">
         <wf lemma="Zločesta" pos="X">Zločesta</wf>
         <wf lemma="djeca" pos="X">djeca</wf>
         <wf lemma="moraju" pos="X">moraju</wf>
         <wf lemma="stajati" pos="X">stajati</wf>
         <wf lemma="u" pos="X">u</wf>
         <instance id="d000.s209.t000" lemma="kut" pos="NOUN">kutu</instance>
         <wf lemma="sobe" pos="X">sobe</wf>
         <wf lemma="." pos="X">.</wf>
      </sentence>
      <sentence id="d000.s210" source="wordnet-croatian">
         <wf lemma="Ana" pos="X">Ana</wf>
         <wf lemma="je" pos="X">je</wf>
         <wf lemma="ostavila" pos="X">ostavila</wf>
         <wf lemma="film" pos="X">film</wf>
         <wf lemma="na" pos="X">na</wf>
         <instance id="d000.s210.t000" lemma="razvijanje" pos="NOUN">razvijanju</instance>
         <wf lemma="prije" pos="X">prije</wf>
         <wf lemma="dva" pos="X">dva</wf>
         <wf lemma="sata" pos="X">sata</wf>
         <wf lemma="." pos="X">.</wf>
      </sentence>
      <sentence id="d000.s211" source="wordnet-croatian">
         <wf lemma="Prije" pos="X">Prije</wf>
         <wf lemma="uporabe" pos="X">uporabe</wf>
         <wf lemma="pjene" pos="X">pjene</wf>
         <wf lemma="za" pos="X">za</wf>
         <wf lemma="kosu" pos="X">kosu</wf>
         <wf lemma="bočicu" pos="X">bočicu</wf>
         <wf lemma="treba" pos="X">treba</wf>
         <wf lemma="dobro" pos="X">dobro</wf>
         <instance id="d000.s211.t000" lemma="protresti" pos="VERB">protresti</instance>
         <wf lemma="." pos="X">.</wf>
      </sentence>
      <sentence id="d000.s212" source="wordnet-croatian">
         <wf lemma="Ovih" pos="X">Ovih</wf>
         <wf lemma="dana" pos="X">dana</wf>
         <instance id="d000.s212.t000" lemma="imati" pos="VERB">imam</instance>
         <wf lemma="mnogo" pos="X">mnogo</wf>
         <wf lemma="problema" pos="X">problema</wf>
         <wf lemma="." pos="X">.</wf>
      </sentence>
      <sentence id="d000.s213" source="wordnet-croatian">
         <instance id="d000.s213.t000" lemma="gomilanje" pos="NOUN">Gomilanje</instance>
         <wf lemma="igračaka" pos="X">igračaka</wf>
         <wf lemma="šalje" pos="X">šalje</wf>
         <wf lemma="krivu" pos="X">krivu</wf>
         <wf lemma="poruku" pos="X">poruku</wf>
         <wf lemma="djeci" pos="X">djeci</wf>
         <wf lemma="." pos="X">.</wf>
      </sentence>
      <sentence id="d000.s214" source="wordnet-croatian">
         <wf lemma="Ana" pos="X">Ana</wf>
         <wf lemma="je" pos="X">je</wf>
         <wf lemma="dobila" pos="X">dobila</wf>
         <wf lemma="upalu" pos="X">upalu</wf>
         <instance id="d000.s214.t000" lemma="grlo" pos="NOUN">grla</instance>
         <wf lemma="." pos="X">.</wf>
      </sentence>
      <sentence id="d000.s215" source="wordnet-croatian">
         <wf lemma="U" pos="X">U</wf>
         <wf lemma="ljekarni" pos="X">ljekarni</wf>
         <wf lemma="se" pos="X">se</wf>
         <wf lemma="može" pos="X">može</wf>
         <wf lemma="kupiti" pos="X">kupiti</wf>
         <wf lemma="tekući" pos="X">tekući</wf>
         <instance id="d000.s215.t000" lemma="baktericid" pos="NOUN">baktericid</instance>
         <wf lemma="za" pos="X">za</wf>
         <wf lemma="pranje" pos="X">pranje</wf>
         <wf lemma="ruku" pos="X">ruku</wf>
         <wf lemma="." pos="X">.</wf>
      </sentence>
      <sentence id="d000.s216" source="wordnet-croatian">
         <wf lemma="Čak" pos="X">Čak</wf>
         <wf lemma="ni" pos="X">ni</wf>
         <wf lemma="detaljno" pos="X">detaljno</wf>
         <instance id="d000.s216.t000" lemma="planiranje" pos="NOUN">planiranje</instance>
         <wf lemma="sastanka" pos="X">sastanka</wf>
         <wf lemma="nije" pos="X">nije</wf>
         <wf lemma="ga" pos="X">ga</wf>
         <wf lemma="pripremilo" pos="X">pripremilo</wf>
         <wf lemma="za" pos="X">za</wf>
         <wf lemma="ovakvo" pos="X">ovakvo</wf>
         <wf lemma="što" pos="X">što</wf>
         <wf lemma="." pos="X">.</wf>
      </sentence>
      <sentence id="d000.s217" source="wordnet-croatian">
         <wf lemma="Mještani" pos="X">Mještani</wf>
         <wf lemma="su" pos="X">su</wf>
         <wf lemma="svim" pos="X">svim</wf>
         <wf lemma="snagama" pos="X">snagama</wf>
         <wf lemma="radili" pos="X">radili</wf>
         <wf lemma="improvizirani" pos="X">improvizirani</wf>
         <instance id="d000.s217.t000" lemma="nasip" pos="NOUN">nasip</instance>
         <wf lemma="da" pos="X">da</wf>
         <wf lemma="se" pos="X">se</wf>
         <wf lemma="zaštite" pos="X">zaštite</wf>
         <wf lemma="od" pos="X">od</wf>
         <wf lemma="poplava" pos="X">poplava</wf>
         <wf lemma="." pos="X">.</wf>
      </sentence>
      <sentence id="d000.s218" source="wordnet-croatian">
         <wf lemma="Molim" pos="X">Molim</wf>
         <wf lemma="te" pos="X">te</wf>
         <wf lemma="," pos="X">,</wf>
         <wf lemma="nemoj" pos="X">nemoj</wf>
         <instance id="d000.s218.t000" lemma="parkirati" pos="VERB">parkirati</instance>
         <wf lemma="pred" pos="X">pred</wf>
         <wf lemma="našim" pos="X">našim</wf>
         <wf lemma="ulazom" pos="X">ulazom</wf>
         <wf lemma="." pos="X">.</wf>
      </sentence>
      <sentence id="d000.s219" source="wordnet-croatian">
         <wf lemma="Liječnici" pos="X">Liječnici</wf>
         <wf lemma="su" pos="X">su</wf>
         <wf lemma="godinama" pos="X">godinama</wf>
         <wf lemma="pokušavali" pos="X">pokušavali</wf>
         <wf lemma="otkriti" pos="X">otkriti</wf>
         <instance id="d000.s219.t000" lemma="uzročnik" pos="NOUN">uzročnika</instance>
         <wf lemma="tuberkuloze" pos="X">tuberkuloze</wf>
         <wf lemma="." pos="X">.</wf>
      </sentence>
      <sentence id="d000.s220" source="wordnet-croatian">
         <wf lemma="Sok" pos="X">Sok</wf>
         <wf lemma="od" pos="X">od</wf>
         <instance id="d000.s220.t000" lemma="brusnica" pos="NOUN">brusnice</instance>
         <wf lemma="pomaže" pos="X">pomaže</wf>
         <wf lemma="pri" pos="X">pri</wf>
         <wf lemma="upali" pos="X">upali</wf>
         <wf lemma="mokraćnoga" pos="X">mokraćnoga</wf>
         <wf lemma="mjehura" pos="X">mjehura</wf>
         <wf lemma="." pos="X">.</wf>
      </sentence>
      <sentence id="d000.s221" source="wordnet-croatian">
         <instance id="d000.s221.t000" lemma="pripomenuti" pos="VERB">Pripomenula</instance>
         <wf lemma="je" pos="X">je</wf>
         <wf lemma="da" pos="X">da</wf>
         <wf lemma="danas" pos="X">danas</wf>
         <wf lemma="mora" pos="X">mora</wf>
         <wf lemma="ranije" pos="X">ranije</wf>
         <wf lemma="doma" pos="X">doma</wf>
         <wf lemma="." pos="X">.</wf>
      </sentence>
      <sentence id="d000.s222" source="wordnet-croatian">
         <wf lemma="Na" pos="X">Na</wf>
         <instance id="d000.s222.t000" lemma="kraj" pos="NOUN">kraju</instance>
         <wf lemma="mola" pos="X">mola</wf>
         <wf lemma="zavezana" pos="X">zavezana</wf>
         <wf lemma="je" pos="X">je</wf>
         <wf lemma="barka" pos="X">barka</wf>
         <wf lemma="." pos="X">.</wf>
      </sentence>
      <sentence id="d000.s223" source="wordnet-croatian">
         <wf lemma="Perilica" pos="X">Perilica</wf>
         <wf lemma="za" pos="X">za</wf>
         <wf lemma="rublje" pos="X">rublje</wf>
         <wf lemma="ne" pos="X">ne</wf>
         <instance id="d000.s223.t000" lemma="funkcionirati" pos="VERB">funkcionira</instance>
         <wf lemma="kako" pos="X">kako</wf>
         <wf lemma="bi" pos="X">bi</wf>
         <wf lemma="trebala" pos="X">trebala</wf>
         <wf lemma="." pos="X">.</wf>
      </sentence>
      <sentence id="d000.s224" source="wordnet-croatian">
         <wf lemma="Nije" pos="X">Nije</wf>
         <wf lemma="mogla" pos="X">mogla</wf>
         <wf lemma="suspregnuti" pos="X">suspregnuti</wf>
         <wf lemma="suze" pos="X">suze</wf>
         <wf lemma="na" pos="X">na</wf>
         <instance id="d000.s224.t000" lemma="rastanak" pos="NOUN">rastanku</instance>
         <wf lemma="." pos="X">.</wf>
      </sentence>
      <sentence id="d000.s225" source="wordnet-croatian">
         <wf lemma="U" pos="X">U</wf>
         <wf lemma="daljini" pos="X">daljini</wf>
         <wf lemma="se" pos="X">se</wf>
         <wf lemma="čula" pos="X">čula</wf>
         <instance id="d000.s225.t000" lemma="buka" pos="NOUN">buka</instance>
         <wf lemma="grada" pos="X">grada</wf>
         <wf lemma="." pos="X">.</wf>
      </sentence>
      <sentence id="d000.s226" source="wordnet-croatian">
         <wf lemma="Novinari" pos="X">Novinari</wf>
         <wf lemma="su" pos="X">su</wf>
         <instance id="d000.s226.t000" lemma="poređenje" pos="NOUN">poređenjem</instance>
         <wf lemma="cijena" pos="X">cijena</wf>
         <wf lemma="u" pos="X">u</wf>
         <wf lemma="različitim" pos="X">različitim</wf>
         <wf lemma="gradovima" pos="X">gradovima</wf>
         <wf lemma="došli" pos="X">došli</wf>
         <wf lemma="do" pos="X">do</wf>
         <wf lemma="interesantnih" pos="X">interesantnih</wf>
         <wf lemma="zaključaka" pos="X">zaključaka</wf>
         <wf lemma="." pos="X">.</wf>
      </sentence>
      <sentence id="d000.s227" source="wordnet-croatian">
         <wf lemma="Osjećala" pos="X">Osjećala</wf>
         <wf lemma="je" pos="X">je</wf>
         <instance id="d000.s227.t000" lemma="gađenje" pos="NOUN">gađenje</instance>
         <wf lemma="dok" pos="X">dok</wf>
         <wf lemma="ju" pos="X">ju</wf>
         <wf lemma="je" pos="X">je</wf>
         <wf lemma="gledao" pos="X">gledao</wf>
         <wf lemma="u" pos="X">u</wf>
         <wf lemma="oči" pos="X">oči</wf>
         <wf lemma="i" pos="X">i</wf>
         <wf lemma="lagao" pos="X">lagao</wf>
         <wf lemma="joj" pos="X">joj</wf>
         <wf lemma="." pos="X">.</wf>
      </sentence>
      <sentence id="d000.s228" source="wordnet-croatian">
         <wf lemma="Bili" pos="X">Bili</wf>
         <wf lemma="su" pos="X">su</wf>
         <wf lemma="u" pos="X">u</wf>
         <wf lemma="svakodnevnoj" pos="X">svakodnevnoj</wf>
         <instance id="d000.s228.t000" lemma="veza" pos="NOUN">vezi</instance>
         <wf lemma="preko" pos="X">preko</wf>
         <wf lemma="telefona" pos="X">telefona</wf>
         <wf lemma="." pos="X">.</wf>
      </sentence>
      <sentence id="d000.s229" source="wordnet-croatian">
         <wf lemma="Ključni" pos="X">Ključni</wf>
         <instance id="d000.s229.t000" lemma="sastojak" pos="NOUN">sastojak</instance>
         <wf lemma="dobre" pos="X">dobre</wf>
         <wf lemma="kuhinje" pos="X">kuhinje</wf>
         <wf lemma="jest" pos="X">jest</wf>
         <wf lemma="ljubav" pos="X">ljubav</wf>
         <wf lemma="prema" pos="X">prema</wf>
         <wf lemma="kuhanju" pos="X">kuhanju</wf>
         <wf lemma="." pos="X">.</wf>
      </sentence>
      <sentence id="d000.s230" source="wordnet-croatian">
         <wf lemma="Za" pos="X">Za</wf>
         <wf lemma="kršenje" pos="X">kršenje</wf>
         <instance id="d000.s230.t000" lemma="propis" pos="NOUN">propisa</instance>
         <wf lemma="određena" pos="X">određena</wf>
         <wf lemma="je" pos="X">je</wf>
         <wf lemma="odgovarajuća" pos="X">odgovarajuća</wf>
         <wf lemma="novčana" pos="X">novčana</wf>
         <wf lemma="kazna" pos="X">kazna</wf>
         <wf lemma="." pos="X">.</wf>
      </sentence>
      <sentence id="d000.s231" source="wordnet-croatian">
         <wf lemma="Cijelu" pos="X">Cijelu</wf>
         <wf lemma="smo" pos="X">smo</wf>
         <wf lemma="noć" pos="X">noć</wf>
         <instance id="d000.s231.t000" lemma="diskutirati" pos="VERB">diskutirali</instance>
         <wf lemma="o" pos="X">o</wf>
         <wf lemma="mogućnostima" pos="X">mogućnostima</wf>
         <wf lemma="smanjenja" pos="X">smanjenja</wf>
         <wf lemma="troškova" pos="X">troškova</wf>
         <wf lemma="kućanstva" pos="X">kućanstva</wf>
         <wf lemma="." pos="X">.</wf>
      </sentence>
      <sentence id="d000.s232" source="wordnet-croatian">
         <instance id="d000.s232.t000" lemma="sila" pos="NOUN">Sila</instance>
         <wf lemma="se" pos="X">se</wf>
         <wf lemma="povećavala" pos="X">povećavala</wf>
         <wf lemma="zbog" pos="X">zbog</wf>
         <wf lemma="sve" pos="X">sve</wf>
         <wf lemma="veće" pos="X">veće</wf>
         <wf lemma="akceleracije" pos="X">akceleracije</wf>
         <wf lemma="tijela" pos="X">tijela</wf>
         <wf lemma="." pos="X">.</wf>
      </sentence>
      <sentence id="d000.s233" source="wordnet-croatian">
         <wf lemma="Brod" pos="X">Brod</wf>
         <wf lemma="je" pos="X">je</wf>
         <instance id="d000.s233.t000" lemma="ući" pos="VERB">ušao</instance>
         <wf lemma="duboko" pos="X">duboko</wf>
         <wf lemma="u" pos="X">u</wf>
         <wf lemma="zaljev" pos="X">zaljev</wf>
         <wf lemma="." pos="X">.</wf>
      </sentence>
      <sentence id="d000.s234" source="wordnet-croatian">
         <wf lemma="Raspucala" pos="X">Raspucala</wf>
         <instance id="d000.s234.t000" lemma="površina" pos="NOUN">površina</instance>
         <wf lemma="zemlje" pos="X">zemlje</wf>
         <wf lemma="svjedok" pos="X">svjedok</wf>
         <wf lemma="je" pos="X">je</wf>
         <wf lemma="dugoj" pos="X">dugoj</wf>
         <wf lemma="suši" pos="X">suši</wf>
         <wf lemma="." pos="X">.</wf>
      </sentence>
      <sentence id="d000.s235" source="wordnet-croatian">
         <wf lemma="U" pos="X">U</wf>
         <wf lemma="požaru" pos="X">požaru</wf>
         <wf lemma="je" pos="X">je</wf>
         <wf lemma="izgorio" pos="X">izgorio</wf>
         <wf lemma="i" pos="X">i</wf>
         <instance id="d000.s235.t000" lemma="harmonij" pos="NOUN">harmonij</instance>
         <wf lemma="," pos="X">,</wf>
         <wf lemma="što" pos="X">što</wf>
         <wf lemma="ga" pos="X">ga</wf>
         <wf lemma="je" pos="X">je</wf>
         <wf lemma="posebno" pos="X">posebno</wf>
         <wf lemma="žalostilo" pos="X">žalostilo</wf>
         <wf lemma="." pos="X">.</wf>
      </sentence>
      <sentence id="d000.s236" source="wordnet-croatian">
         <instance id="d000.s236.t000" lemma="upotrijebiti" pos="VERB">Upotrijebi</instance>
         <wf lemma="malo" pos="X">malo</wf>
         <wf lemma="svoj" pos="X">svoj</wf>
         <wf lemma="zdravi" pos="X">zdravi</wf>
         <wf lemma="razum" pos="X">razum</wf>
         <wf lemma="!" pos="X">!</wf>
      </sentence>
      <sentence id="d000.s237" source="wordnet-croatian">
         <wf lemma="Prije" pos="X">Prije</wf>
         <wf lemma="odlaska" pos="X">odlaska</wf>
         <wf lemma="na" pos="X">na</wf>
         <wf lemma="plažu" pos="X">plažu</wf>
         <instance id="d000.s237.t000" lemma="utrljati" pos="VERB">utrljala</instance>
         <wf lemma="je" pos="X">je</wf>
         <wf lemma="kremu" pos="X">kremu</wf>
         <wf lemma="za" pos="X">za</wf>
         <wf lemma="sunčanje" pos="X">sunčanje</wf>
         <wf lemma="u" pos="X">u</wf>
         <wf lemma="kožu" pos="X">kožu</wf>
         <wf lemma="." pos="X">.</wf>
      </sentence>
      <sentence id="d000.s238" source="wordnet-croatian">
         <wf lemma="Moj" pos="X">Moj</wf>
         <wf lemma="poslodavac" pos="X">poslodavac</wf>
         <instance id="d000.s238.t000" lemma="odbijati" pos="VERB">odbija</instance>
         <wf lemma="platiti" pos="X">platiti</wf>
         <wf lemma="porez" pos="X">porez</wf>
         <wf lemma="." pos="X">.</wf>
      </sentence>
      <sentence id="d000.s239" source="wordnet-croatian">
         <wf lemma="Njene" pos="X">Njene</wf>
         <wf lemma="su" pos="X">su</wf>
         <instance id="d000.s239.t000" lemma="kretnja" pos="NOUN">kretnje</instance>
         <wf lemma="nadasve" pos="X">nadasve</wf>
         <wf lemma="ženstvene" pos="X">ženstvene</wf>
         <wf lemma="." pos="X">.</wf>
      </sentence>
      <sentence id="d000.s240" source="wordnet-croatian">
         <wf lemma="Ana" pos="X">Ana</wf>
         <wf lemma="je" pos="X">je</wf>
         <wf lemma="ustupila" pos="X">ustupila</wf>
         <wf lemma="starici" pos="X">starici</wf>
         <wf lemma="svoje" pos="X">svoje</wf>
         <instance id="d000.s240.t000" lemma="mjesto" pos="NOUN">mjesto</instance>
         <wf lemma="u" pos="X">u</wf>
         <wf lemma="tramvaju" pos="X">tramvaju</wf>
         <wf lemma="." pos="X">.</wf>
      </sentence>
      <sentence id="d000.s241" source="wordnet-croatian">
         <wf lemma="Jakost" pos="X">Jakost</wf>
         <instance id="d000.s241.t000" lemma="struja" pos="NOUN">struje</instance>
         <wf lemma="mjeri" pos="X">mjeri</wf>
         <wf lemma="se" pos="X">se</wf>
         <wf lemma="u" pos="X">u</wf>
         <wf lemma="amperima" pos="X">amperima</wf>
         <wf lemma="." pos="X">.</wf>
      </sentence>
      <sentence id="d000.s242" source="wordnet-croatian">
         <wf lemma="Opasan" pos="X">Opasan</wf>
         <instance id="d000.s242.t000" lemma="zadatak" pos="NOUN">zadatak</instance>
         <wf lemma="uništavanja" pos="X">uništavanja</wf>
         <wf lemma="neprijateljskog" pos="X">neprijateljskog</wf>
         <wf lemma="gnijezda" pos="X">gnijezda</wf>
         <wf lemma="bio" pos="X">bio</wf>
         <wf lemma="je" pos="X">je</wf>
         <wf lemma="povjeren" pos="X">povjeren</wf>
         <wf lemma="Mirku" pos="X">Mirku</wf>
         <wf lemma="i" pos="X">i</wf>
         <wf lemma="Slavku" pos="X">Slavku</wf>
         <wf lemma="." pos="X">.</wf>
      </sentence>
      <sentence id="d000.s243" source="wordnet-croatian">
         <instance id="d000.s243.t000" lemma="vodik" pos="NOUN">Vodik</instance>
         <wf lemma="je" pos="X">je</wf>
         <wf lemma="najrasprostranjeniji" pos="X">najrasprostranjeniji</wf>
         <wf lemma="element" pos="X">element</wf>
         <wf lemma="." pos="X">.</wf>
      </sentence>
      <sentence id="d000.s244" source="wordnet-croatian">
         <instance id="d000.s244.t000" lemma="uspjeh" pos="NOUN">Uspjeh</instance>
         <wf lemma="naše" pos="X">naše</wf>
         <wf lemma="nogometne" pos="X">nogometne</wf>
         <wf lemma="vrste" pos="X">vrste</wf>
         <wf lemma="bio" pos="X">bio</wf>
         <wf lemma="je" pos="X">je</wf>
         <wf lemma="dvojben" pos="X">dvojben</wf>
         <wf lemma="." pos="X">.</wf>
      </sentence>
      <sentence id="d000.s245" source="wordnet-croatian">
         <wf lemma="Zbog" pos="X">Zbog</wf>
         <wf lemma="svih" pos="X">svih</wf>
         <wf lemma="tih" pos="X">tih</wf>
         <instance id="d000.s245.t000" lemma="stvar" pos="NOUN">stvari</instance>
         <wf lemma="dobio" pos="X">dobio</wf>
         <wf lemma="je" pos="X">je</wf>
         <wf lemma="otkaz" pos="X">otkaz</wf>
         <wf lemma="." pos="X">.</wf>
      </sentence>
      <sentence id="d000.s246" source="wordnet-croatian">
         <wf lemma="Ovu" pos="X">Ovu</wf>
         <wf lemma="cijev" pos="X">cijev</wf>
         <wf lemma="lako" pos="X">lako</wf>
         <wf lemma="možeš" pos="X">možeš</wf>
         <instance id="d000.s246.t000" lemma="svinuti" pos="VERB">svinuti</instance>
         <wf lemma="." pos="X">.</wf>
      </sentence>
      <sentence id="d000.s247" source="wordnet-croatian">
         <wf lemma="Nakon" pos="X">Nakon</wf>
         <wf lemma="prsnuća" pos="X">prsnuća</wf>
         <wf lemma="aorte" pos="X">aorte</wf>
         <wf lemma="srce" pos="X">srce</wf>
         <wf lemma="pacijenta" pos="X">pacijenta</wf>
         <wf lemma="prestalo" pos="X">prestalo</wf>
         <wf lemma="je" pos="X">je</wf>
         <instance id="d000.s247.t000" lemma="kucati" pos="VERB">kucati</instance>
         <wf lemma="." pos="X">.</wf>
      </sentence>
      <sentence id="d000.s248" source="wordnet-croatian">
         <instance id="d000.s248.t000" lemma="ispučenost" pos="NOUN">Ispučenost</instance>
         <wf lemma="njezinih" pos="X">njezinih</wf>
         <wf lemma="usana" pos="X">usana</wf>
         <wf lemma="zainteresirala" pos="X">zainteresirala</wf>
         <wf lemma="je" pos="X">je</wf>
         <wf lemma="mnoge" pos="X">mnoge</wf>
         <wf lemma="muškarce" pos="X">muškarce</wf>
         <wf lemma="." pos="X">.</wf>
      </sentence>
      <sentence id="d000.s249" source="wordnet-croatian">
         <wf lemma="Nakon" pos="X">Nakon</wf>
         <wf lemma="dugotrajne" pos="X">dugotrajne</wf>
         <wf lemma="parnice" pos="X">parnice</wf>
         <wf lemma="uspio" pos="X">uspio</wf>
         <wf lemma="je" pos="X">je</wf>
         <wf lemma="dokazati" pos="X">dokazati</wf>
         <wf lemma="da" pos="X">da</wf>
         <wf lemma="je" pos="X">je</wf>
         <wf lemma="kuća" pos="X">kuća</wf>
         <wf lemma="njegovo" pos="X">njegovo</wf>
         <instance id="d000.s249.t000" lemma="vlasništvo" pos="NOUN">vlasništvo</instance>
         <wf lemma="." pos="X">.</wf>
      </sentence>
      <sentence id="d000.s250" source="wordnet-croatian">
         <wf lemma="U" pos="X">U</wf>
         <wf lemma="tim" pos="X">tim</wf>
         <wf lemma="je" pos="X">je</wf>
         <wf lemma="danima" pos="X">danima</wf>
         <wf lemma="žena" pos="X">žena</wf>
         <wf lemma="često" pos="X">često</wf>
         <wf lemma="ovisila" pos="X">ovisila</wf>
         <wf lemma="o" pos="X">o</wf>
         <instance id="d000.s250.t000" lemma="milost" pos="NOUN">milosti</instance>
         <wf lemma="svoga" pos="X">svoga</wf>
         <wf lemma="supruga" pos="X">supruga</wf>
         <wf lemma="." pos="X">.</wf>
      </sentence>
      <sentence id="d000.s251" source="wordnet-croatian">
         <instance id="d000.s251.t000" lemma="gospodarenje" pos="NOUN">Gospodarenje</instance>
         <wf lemma="prirodnim" pos="X">prirodnim</wf>
         <wf lemma="resursima" pos="X">resursima</wf>
         <wf lemma="odgovoran" pos="X">odgovoran</wf>
         <wf lemma="je" pos="X">je</wf>
         <wf lemma="posao" pos="X">posao</wf>
         <wf lemma="." pos="X">.</wf>
      </sentence>
      <sentence id="d000.s252" source="wordnet-croatian">
         <instance id="d000.s252.t000" lemma="potjerati" pos="VERB">Potjeraj</instance>
         <wf lemma="malo" pos="X">malo</wf>
         <wf lemma="brže" pos="X">brže</wf>
         <wf lemma="te" pos="X">te</wf>
         <wf lemma="konje" pos="X">konje</wf>
         <wf lemma="." pos="X">.</wf>
      </sentence>
      <sentence id="d000.s253" source="wordnet-croatian">
         <wf lemma="Bezvoljno" pos="X">Bezvoljno</wf>
         <wf lemma="je" pos="X">je</wf>
         <wf lemma="pokušavao" pos="X">pokušavao</wf>
         <wf lemma="nabosti" pos="X">nabosti</wf>
         <wf lemma="komad" pos="X">komad</wf>
         <wf lemma="mesa" pos="X">mesa</wf>
         <wf lemma="na" pos="X">na</wf>
         <instance id="d000.s253.t000" lemma="vilica" pos="NOUN">vilicu</instance>
         <wf lemma="." pos="X">.</wf>
      </sentence>
      <sentence id="d000.s254" source="wordnet-croatian">
         <instance id="d000.s254.t000" lemma="povjerovati" pos="VERB">Povjerovala</instance>
         <wf lemma="je" pos="X">je</wf>
         <wf lemma="u" pos="X">u</wf>
         <wf lemma="sve" pos="X">sve</wf>
         <wf lemma="njegove" pos="X">njegove</wf>
         <wf lemma="laži" pos="X">laži</wf>
         <wf lemma="." pos="X">.</wf>
      </sentence>
      <sentence id="d000.s255" source="wordnet-croatian">
         <wf lemma="Brojne" pos="X">Brojne</wf>
         <wf lemma="su" pos="X">su</wf>
         <wf lemma="velike" pos="X">velike</wf>
         <wf lemma="ličnosti" pos="X">ličnosti</wf>
         <wf lemma="pokopane" pos="X">pokopane</wf>
         <wf lemma="u" pos="X">u</wf>
         <wf lemma="mirogojskim" pos="X">mirogojskim</wf>
         <instance id="d000.s255.t000" lemma="arkada" pos="NOUN">Arkadama</instance>
         <wf lemma="." pos="X">.</wf>
      </sentence>
      <sentence id="d000.s256" source="wordnet-croatian">
         <wf lemma="Ove" pos="X">Ove</wf>
         <wf lemma="će" pos="X">će</wf>
         <wf lemma="godine" pos="X">godine</wf>
         <wf lemma="praviti" pos="X">praviti</wf>
         <wf lemma="ulje" pos="X">ulje</wf>
         <wf lemma="od" pos="X">od</wf>
         <wf lemma="sjemenki" pos="X">sjemenki</wf>
         <instance id="d000.s256.t000" lemma="buća" pos="NOUN">buće</instance>
         <wf lemma="." pos="X">.</wf>
      </sentence>
      <sentence id="d000.s257" source="wordnet-croatian">
         <wf lemma="Koliko" pos="X">Koliko</wf>
         <wf lemma="je" pos="X">je</wf>
         <wf lemma="vrhunski" pos="X">vrhunski</wf>
         <wf lemma="stručnjak" pos="X">stručnjak</wf>
         <wf lemma="u" pos="X">u</wf>
         <instance id="d000.s257.t000" lemma="polje" pos="NOUN">polju</instance>
         <wf lemma="matematike" pos="X">matematike</wf>
         <wf lemma="," pos="X">,</wf>
         <wf lemma="toliko" pos="X">toliko</wf>
         <wf lemma="je" pos="X">je</wf>
         <wf lemma="i" pos="X">i</wf>
         <wf lemma="uspješan" pos="X">uspješan</wf>
         <wf lemma="na" pos="X">na</wf>
         <wf lemma="području" pos="X">području</wf>
         <wf lemma="astrofizike" pos="X">astrofizike</wf>
         <wf lemma="." pos="X">.</wf>
      </sentence>
      <sentence id="d000.s258" source="wordnet-croatian">
         <wf lemma="Svi" pos="X">Svi</wf>
         <wf lemma="su" pos="X">su</wf>
         <wf lemma="bili" pos="X">bili</wf>
         <wf lemma="očarani" pos="X">očarani</wf>
         <wf lemma="vrtom" pos="X">vrtom</wf>
         <wf lemma="oko" pos="X">oko</wf>
         <wf lemma="njegove" pos="X">njegove</wf>
         <instance id="d000.s258.t000" lemma="vila" pos="NOUN">vile</instance>
         <wf lemma="." pos="X">.</wf>
      </sentence>
      <sentence id="d000.s259" source="wordnet-croatian">
         <wf lemma="Ispalili" pos="X">Ispalili</wf>
         <wf lemma="su" pos="X">su</wf>
         <instance id="d000.s259.t000" lemma="raketa" pos="NOUN">raketu</instance>
         <wf lemma="u" pos="X">u</wf>
         <wf lemma="svemir" pos="X">svemir</wf>
         <wf lemma="." pos="X">.</wf>
      </sentence>
      <sentence id="d000.s260" source="wordnet-croatian">
         <wf lemma="Uvijek" pos="X">Uvijek</wf>
         <wf lemma="je" pos="X">je</wf>
         <wf lemma="tvrdila" pos="X">tvrdila</wf>
         <wf lemma="da" pos="X">da</wf>
         <wf lemma="nikad" pos="X">nikad</wf>
         <wf lemma="ne" pos="X">ne</wf>
         <instance id="d000.s260.t000" lemma="sanjati" pos="VERB">sanja</instance>
         <wf lemma="." pos="X">.</wf>
      </sentence>
      <sentence id="d000.s261" source="wordnet-croatian">
         <wf lemma="S" pos="X">S</wf>
         <wf lemma="donjeg" pos="X">donjeg</wf>
         <wf lemma="dijela" pos="X">dijela</wf>
         <wf lemma="majice" pos="X">majice</wf>
         <wf lemma="visjele" pos="X">visjele</wf>
         <wf lemma="su" pos="X">su</wf>
         <instance id="d000.s261.t000" lemma="resica" pos="NOUN">resice</instance>
         <wf lemma="." pos="X">.</wf>
      </sentence>
      <sentence id="d000.s262" source="wordnet-croatian">
         <wf lemma="Turizam" pos="X">Turizam</wf>
         <wf lemma="se" pos="X">se</wf>
         <wf lemma="na" pos="X">na</wf>
         <wf lemma="otocima" pos="X">otocima</wf>
         <wf lemma="sve" pos="X">sve</wf>
         <wf lemma="više" pos="X">više</wf>
         <instance id="d000.s262.t000" lemma="razvijati" pos="VERB">razvija</instance>
         <wf lemma="." pos="X">.</wf>
      </sentence>
      <sentence id="d000.s263" source="wordnet-croatian">
         <wf lemma="Predsjednik" pos="X">Predsjednik</wf>
         <wf lemma="države" pos="X">države</wf>
         <wf lemma="ima" pos="X">ima</wf>
         <wf lemma="vrlo" pos="X">vrlo</wf>
         <instance id="d000.s263.t000" lemma="odgovoran" pos="ADJ">odgovoran</instance>
         <wf lemma="posao" pos="X">posao</wf>
         <wf lemma="." pos="X">.</wf>
      </sentence>
      <sentence id="d000.s264" source="wordnet-croatian">
         <wf lemma="Trebaš" pos="X">Trebaš</wf>
         <instance id="d000.s264.t000" lemma="odagnati" pos="VERB">odagnati</instance>
         <wf lemma="tugu" pos="X">tugu</wf>
         <wf lemma="i" pos="X">i</wf>
         <wf lemma="čemer" pos="X">čemer</wf>
         <wf lemma="." pos="X">.</wf>
      </sentence>
      <sentence id="d000.s265" source="wordnet-croatian">
         <wf lemma="Naša" pos="X">Naša</wf>
         <wf lemma="je" pos="X">je</wf>
         <wf lemma="učiteljica" pos="X">učiteljica</wf>
         <instance id="d000.s265.t000" lemma="dobroćudan" pos="ADJ">dobroćudna</instance>
         <wf lemma="," pos="X">,</wf>
         <wf lemma="ne" pos="X">ne</wf>
         <wf lemma="grdi" pos="X">grdi</wf>
         <wf lemma="nas" pos="X">nas</wf>
         <wf lemma="ni" pos="X">ni</wf>
         <wf lemma="kada" pos="X">kada</wf>
         <wf lemma="pogriješimo" pos="X">pogriješimo</wf>
         <wf lemma="." pos="X">.</wf>
      </sentence>
      <sentence id="d000.s266" source="wordnet-croatian">
         <wf lemma="Kreši" pos="X">Kreši</wf>
         <wf lemma="je" pos="X">je</wf>
         <wf lemma="oduvijek" pos="X">oduvijek</wf>
         <wf lemma="bio" pos="X">bio</wf>
         <wf lemma="san" pos="X">san</wf>
         <wf lemma="imati" pos="X">imati</wf>
         <instance id="d000.s266.t000" lemma="farma" pos="NOUN">farmu</instance>
         <wf lemma="puževa" pos="X">puževa</wf>
         <wf lemma="." pos="X">.</wf>
      </sentence>
      <sentence id="d000.s267" source="wordnet-croatian">
         <wf lemma="Jedna" pos="X">Jedna</wf>
         <wf lemma="je" pos="X">je</wf>
         <wf lemma="naša" pos="X">naša</wf>
         <wf lemma="poznata" pos="X">poznata</wf>
         <wf lemma="glumica" pos="X">glumica</wf>
         <wf lemma="iznenada" pos="X">iznenada</wf>
         <wf lemma="odlučila" pos="X">odlučila</wf>
         <wf lemma="prekinuti" pos="X">prekinuti</wf>
         <wf lemma="karijeru" pos="X">karijeru</wf>
         <wf lemma="," pos="X">,</wf>
         <wf lemma="zarediti" pos="X">zarediti</wf>
         <wf lemma="se" pos="X">se</wf>
         <wf lemma="i" pos="X">i</wf>
         <wf lemma="otići" pos="X">otići</wf>
         <wf lemma="u" pos="X">u</wf>
         <wf lemma="zatvoreni" pos="X">zatvoreni</wf>
         <instance id="d000.s267.t000" lemma="samostan" pos="NOUN">samostan</instance>
         <wf lemma="." pos="X">.</wf>
      </sentence>
      <sentence id="d000.s268" source="wordnet-croatian">
         <wf lemma="Mirko" pos="X">Mirko</wf>
         <wf lemma="je" pos="X">je</wf>
         <wf lemma="pred" pos="X">pred</wf>
         <wf lemma="vijećem" pos="X">vijećem</wf>
         <instance id="d000.s268.t000" lemma="iznijeti" pos="VERB">iznio</instance>
         <wf lemma="neoborive" pos="X">neoborive</wf>
         <wf lemma="argumente" pos="X">argumente</wf>
         <wf lemma="." pos="X">.</wf>
      </sentence>
      <sentence id="d000.s269" source="wordnet-croatian">
         <wf lemma="Detektivi" pos="X">Detektivi</wf>
         <wf lemma="su" pos="X">su</wf>
         <instance id="d000.s269.t000" lemma="razjasniti" pos="VERB">razjasnili</instance>
         <wf lemma="zagonetnu" pos="X">zagonetnu</wf>
         <wf lemma="smrt" pos="X">smrt</wf>
         <wf lemma="odvjetnika" pos="X">odvjetnika</wf>
         <wf lemma="." pos="X">.</wf>
      </sentence>
      <sentence id="d000.s270" source="wordnet-croatian">
         <wf lemma="Moj" pos="X">Moj</wf>
         <wf lemma="je" pos="X">je</wf>
         <wf lemma="najbolji" pos="X">najbolji</wf>
         <wf lemma="prijatelj" pos="X">prijatelj</wf>
         <wf lemma="uvijek" pos="X">uvijek</wf>
         <instance id="d000.s270.t000" lemma="prijazan" pos="ADJ">prijazan</instance>
         <wf lemma="." pos="X">.</wf>
      </sentence>
      <sentence id="d000.s271" source="wordnet-croatian">
         <wf lemma="Od" pos="X">Od</wf>
         <wf lemma="obojanog" pos="X">obojanog</wf>
         <wf lemma="ukrasnog" pos="X">ukrasnog</wf>
         <instance id="d000.s271.t000" lemma="staklo" pos="NOUN">stakla</instance>
         <wf lemma="svakako" pos="X">svakako</wf>
         <wf lemma="je" pos="X">je</wf>
         <wf lemma="najpoznatije" pos="X">najpoznatije</wf>
         <wf lemma="Murano" pos="X">Murano</wf>
         <wf lemma="staklo" pos="X">staklo</wf>
         <wf lemma="iz" pos="X">iz</wf>
         <wf lemma="Italije" pos="X">Italije</wf>
         <wf lemma="." pos="X">.</wf>
      </sentence>
      <sentence id="d000.s272" source="wordnet-croatian">
         <wf lemma="Obrađena" pos="X">Obrađena</wf>
         <wf lemma="fotografska" pos="X">fotografska</wf>
         <instance id="d000.s272.t000" lemma="ploča" pos="NOUN">ploča</instance>
         <wf lemma="naziva" pos="X">naziva</wf>
         <wf lemma="se" pos="X">se</wf>
         <wf lemma="holgramom" pos="X">holgramom</wf>
         <wf lemma="i" pos="X">i</wf>
         <wf lemma="nosi" pos="X">nosi</wf>
         <wf lemma="potpunu" pos="X">potpunu</wf>
         <wf lemma="vizualnu" pos="X">vizualnu</wf>
         <wf lemma="informaciju" pos="X">informaciju</wf>
         <wf lemma="o" pos="X">o</wf>
         <wf lemma="trodimenzionalnoj" pos="X">trodimenzionalnoj</wf>
         <wf lemma="sceni" pos="X">sceni</wf>
         <wf lemma="." pos="X">.</wf>
      </sentence>
      <sentence id="d000.s273" source="wordnet-croatian">
         <wf lemma="Njegova" pos="X">Njegova</wf>
         <wf lemma="je" pos="X">je</wf>
         <instance id="d000.s273.t000" lemma="konoba" pos="NOUN">konoba</instance>
         <wf lemma="bila" pos="X">bila</wf>
         <wf lemma="poznata" pos="X">poznata</wf>
         <wf lemma="po" pos="X">po</wf>
         <wf lemma="odličnom" pos="X">odličnom</wf>
         <wf lemma="pršutu" pos="X">pršutu</wf>
         <wf lemma="." pos="X">.</wf>
      </sentence>
      <sentence id="d000.s274" source="wordnet-croatian">
         <wf lemma="Građanima" pos="X">Građanima</wf>
         <wf lemma="su" pos="X">su</wf>
         <wf lemma="dijeljene" pos="X">dijeljene</wf>
         <wf lemma="ruže" pos="X">ruže</wf>
         <wf lemma="kao" pos="X">kao</wf>
         <instance id="d000.s274.t000" lemma="simbol" pos="NOUN">simboli</instance>
         <wf lemma="ljubavi" pos="X">ljubavi</wf>
         <wf lemma="i" pos="X">i</wf>
         <wf lemma="života" pos="X">života</wf>
         <wf lemma="." pos="X">.</wf>
      </sentence>
      <sentence id="d000.s275" source="wordnet-croatian">
         <wf lemma="Ne" pos="X">Ne</wf>
         <wf lemma="znam" pos="X">znam</wf>
         <wf lemma="na" pos="X">na</wf>
         <wf lemma="koji" pos="X">koji</wf>
         <wf lemma="način" pos="X">način</wf>
         <instance id="d000.s275.t000" lemma="pristupiti" pos="VERB">pristupiti</instance>
         <wf lemma="preodgoju" pos="X">preodgoju</wf>
         <wf lemma="djeteta" pos="X">djeteta</wf>
         <wf lemma="." pos="X">.</wf>
      </sentence>
      <sentence id="d000.s276" source="wordnet-croatian">
         <instance id="d000.s276.t000" lemma="iskrivljenje" pos="NOUN">Iskrivljenje</instance>
         <wf lemma="kralježnice" pos="X">kralježnice</wf>
         <wf lemma="bilo" pos="X">bilo</wf>
         <wf lemma="je" pos="X">je</wf>
         <wf lemma="takvo" pos="X">takvo</wf>
         <wf lemma="da" pos="X">da</wf>
         <wf lemma="se" pos="X">se</wf>
         <wf lemma="ništa" pos="X">ništa</wf>
         <wf lemma="nije" pos="X">nije</wf>
         <wf lemma="moglo" pos="X">moglo</wf>
         <wf lemma="učiniti" pos="X">učiniti</wf>
         <wf lemma="da" pos="X">da</wf>
         <wf lemma="se" pos="X">se</wf>
         <wf lemma="stanje" pos="X">stanje</wf>
         <wf lemma="poboljša" pos="X">poboljša</wf>
         <wf lemma="." pos="X">.</wf>
      </sentence>
      <sentence id="d000.s277" source="wordnet-croatian">
         <wf lemma="Boce" pos="X">Boce</wf>
         <wf lemma="je" pos="X">je</wf>
         <wf lemma="potrebno" pos="X">potrebno</wf>
         <wf lemma="čvrsto" pos="X">čvrsto</wf>
         <wf lemma="zatvoriti" pos="X">zatvoriti</wf>
         <instance id="d000.s277.t000" lemma="čep" pos="NOUN">čepom</instance>
         <wf lemma="kako" pos="X">kako</wf>
         <wf lemma="se" pos="X">se</wf>
         <wf lemma="sadržaj" pos="X">sadržaj</wf>
         <wf lemma="ne" pos="X">ne</wf>
         <wf lemma="bi" pos="X">bi</wf>
         <wf lemma="pokvario" pos="X">pokvario</wf>
         <wf lemma="." pos="X">.</wf>
      </sentence>
      <sentence id="d000.s278" source="wordnet-croatian">
         <wf lemma="Napravili" pos="X">Napravili</wf>
         <wf lemma="smo" pos="X">smo</wf>
         <instance id="d000.s278.t000" lemma="dekontaminacija" pos="NOUN">dekontaminaciju</instance>
         <wf lemma="čitave" pos="X">čitave</wf>
         <wf lemma="bolnice" pos="X">bolnice</wf>
         <wf lemma="." pos="X">.</wf>
      </sentence>
      <sentence id="d000.s279" source="wordnet-croatian">
         <wf lemma="Matea" pos="X">Matea</wf>
         <wf lemma="je" pos="X">je</wf>
         <wf lemma="marljiv" pos="X">marljiv</wf>
         <instance id="d000.s279.t000" lemma="đak" pos="NOUN">đak</instance>
         <wf lemma="." pos="X">.</wf>
      </sentence>
      <sentence id="d000.s280" source="wordnet-croatian">
         <wf lemma="Ako" pos="X">Ako</wf>
         <wf lemma="taj" pos="X">taj</wf>
         <wf lemma="poduhvat" pos="X">poduhvat</wf>
         <wf lemma="ne" pos="X">ne</wf>
         <wf lemma="donese" pos="X">donese</wf>
         <wf lemma="neke" pos="X">neke</wf>
         <wf lemma="rezultate" pos="X">rezultate</wf>
         <wf lemma="smatrat" pos="X">smatrat</wf>
         <wf lemma="ćemo" pos="X">ćemo</wf>
         <wf lemma="ga" pos="X">ga</wf>
         <instance id="d000.s280.t000" lemma="traćenje" pos="NOUN">traćenjem</instance>
         <wf lemma="vremena" pos="X">vremena</wf>
         <wf lemma="." pos="X">.</wf>
      </sentence>
      <sentence id="d000.s281" source="wordnet-croatian">
         <wf lemma="Nemoguće" pos="X">Nemoguće</wf>
         <wf lemma="je" pos="X">je</wf>
         <wf lemma="neprimijetiti" pos="X">neprimijetiti</wf>
         <instance id="d000.s281.t000" lemma="srodnost" pos="NOUN">srodnost</instance>
         <wf lemma="između" pos="X">između</wf>
         <wf lemma="Andrićeve" pos="X">Andrićeve</wf>
         <wf lemma="književnosti" pos="X">književnosti</wf>
         <wf lemma="i" pos="X">i</wf>
         <wf lemma="Mlakićeve" pos="X">Mlakićeve</wf>
         <wf lemma="." pos="X">.</wf>
      </sentence>
      <sentence id="d000.s282" source="wordnet-croatian">
         <instance id="d000.s282.t000" lemma="stisnuti" pos="VERB">Stisnula</instance>
         <wf lemma="je" pos="X">je</wf>
         <wf lemma="zube" pos="X">zube</wf>
         <wf lemma="u" pos="X">u</wf>
         <wf lemma="napadu" pos="X">napadu</wf>
         <wf lemma="bijesa" pos="X">bijesa</wf>
         <wf lemma="." pos="X">.</wf>
      </sentence>
      <sentence id="d000.s283" source="wordnet-croatian">
         <instance id="d000.s283.t000" lemma="jedinstvenost" pos="NOUN">Jedinstvenost</instance>
         <wf lemma="i" pos="X">i</wf>
         <wf lemma="ljepota" pos="X">ljepota</wf>
         <wf lemma="ljudskoga" pos="X">ljudskoga</wf>
         <wf lemma="glasa" pos="X">glasa</wf>
         <wf lemma="cijene" pos="X">cijene</wf>
         <wf lemma="se" pos="X">se</wf>
         <wf lemma="već" pos="X">već</wf>
         <wf lemma="stoljećima" pos="X">stoljećima</wf>
         <wf lemma="." pos="X">.</wf>
      </sentence>
      <sentence id="d000.s284" source="wordnet-croatian">
         <wf lemma="Franjevci" pos="X">Franjevci</wf>
         <wf lemma="su" pos="X">su</wf>
         <instance id="d000.s284.t000" lemma="red" pos="NOUN">red</instance>
         <wf lemma="posvećen" pos="X">posvećen</wf>
         <wf lemma="skromnosti" pos="X">skromnosti</wf>
         <wf lemma="i" pos="X">i</wf>
         <wf lemma="pomaganju" pos="X">pomaganju</wf>
         <wf lemma="." pos="X">.</wf>
      </sentence>
      <sentence id="d000.s285" source="wordnet-croatian">
         <wf lemma="Puk" pos="X">Puk</wf>
         <wf lemma="je" pos="X">je</wf>
         <instance id="d000.s285.t000" lemma="giljotinirati" pos="VERB">giljotinirao</instance>
         <wf lemma="mnoge" pos="X">mnoge</wf>
         <wf lemma="plemiće" pos="X">plemiće</wf>
         <wf lemma="." pos="X">.</wf>
      </sentence>
      <sentence id="d000.s286" source="wordnet-croatian">
         <instance id="d000.s286.t000" lemma="jezik" pos="NOUN">Jezik</instance>
         <wf lemma="čini" pos="X">čini</wf>
         <wf lemma="čovjeka" pos="X">čovjeka</wf>
         <wf lemma="jedinstvenom" pos="X">jedinstvenom</wf>
         <wf lemma="životinjom" pos="X">životinjom</wf>
         <wf lemma="." pos="X">.</wf>
      </sentence>
      <sentence id="d000.s287" source="wordnet-croatian">
         <wf lemma="Ne" pos="X">Ne</wf>
         <wf lemma="priznajem" pos="X">priznajem</wf>
         <wf lemma="vaš" pos="X">vaš</wf>
         <wf lemma="sud" pos="X">sud</wf>
         <wf lemma="," pos="X">,</wf>
         <wf lemma="jer" pos="X">jer</wf>
         <wf lemma="vaše" pos="X">vaše</wf>
         <instance id="d000.s287.t000" lemma="dokazivanje" pos="NOUN">dokazivanje</instance>
         <wf lemma="nije" pos="X">nije</wf>
         <wf lemma="u" pos="X">u</wf>
         <wf lemma="skladu" pos="X">skladu</wf>
         <wf lemma="s" pos="X">s</wf>
         <wf lemma="činjeničnim" pos="X">činjeničnim</wf>
         <wf lemma="stanjem" pos="X">stanjem</wf>
         <wf lemma="." pos="X">.</wf>
      </sentence>
      <sentence id="d000.s288" source="wordnet-croatian">
         <instance id="d000.s288.t000" lemma="glagol" pos="NOUN">Glagol</instance>
         <wf lemma="je" pos="X">je</wf>
         <wf lemma="vrlo" pos="X">vrlo</wf>
         <wf lemma="važan" pos="X">važan</wf>
         <wf lemma="dio" pos="X">dio</wf>
         <wf lemma="rečenice" pos="X">rečenice</wf>
         <wf lemma="." pos="X">.</wf>
      </sentence>
      <sentence id="d000.s289" source="wordnet-croatian">
         <wf lemma="Vježbom" pos="X">Vježbom</wf>
         <instance id="d000.s289.t000" lemma="oblikovati" pos="VERB">oblikujemo</instance>
         <wf lemma="lijepo" pos="X">lijepo</wf>
         <wf lemma="tijelo" pos="X">tijelo</wf>
         <wf lemma="." pos="X">.</wf>
      </sentence>
      <sentence id="d000.s290" source="wordnet-croatian">
         <instance id="d000.s290.t000" lemma="sadržaj" pos="NOUN">Sadržaj</instance>
         <wf lemma="njegova" pos="X">njegova</wf>
         <wf lemma="izlaganja" pos="X">izlaganja</wf>
         <wf lemma="bio" pos="X">bio</wf>
         <wf lemma="je" pos="X">je</wf>
         <wf lemma="potpuno" pos="X">potpuno</wf>
         <wf lemma="nezanimljiv" pos="X">nezanimljiv</wf>
         <wf lemma="." pos="X">.</wf>
      </sentence>
      <sentence id="d000.s291" source="wordnet-croatian">
         <instance id="d000.s291.t000" lemma="zavezati" pos="VERB">Zavezao</instance>
         <wf lemma="sam" pos="X">sam</wf>
         <wf lemma="svežanj" pos="X">svežanj</wf>
         <wf lemma="starih" pos="X">starih</wf>
         <wf lemma="novina" pos="X">novina</wf>
         <wf lemma="i" pos="X">i</wf>
         <wf lemma="odnio" pos="X">odnio</wf>
         <wf lemma="ga" pos="X">ga</wf>
         <wf lemma="u" pos="X">u</wf>
         <wf lemma="kontejner." pos="X">kontejner.</wf>
      </sentence>
      <sentence id="d000.s292" source="wordnet-croatian">
         <wf lemma="Uputio" pos="X">Uputio</wf>
         <wf lemma="im" pos="X">im</wf>
         <wf lemma="je" pos="X">je</wf>
         <wf lemma="pisani" pos="X">pisani</wf>
         <instance id="d000.s292.t000" lemma="proglas" pos="NOUN">proglas</instance>
         <wf lemma="pozivajući" pos="X">pozivajući</wf>
         <wf lemma="ih" pos="X">ih</wf>
         <wf lemma="na" pos="X">na</wf>
         <wf lemma="razgovor" pos="X">razgovor</wf>
         <wf lemma="o" pos="X">o</wf>
         <wf lemma="toj" pos="X">toj</wf>
         <wf lemma="problematici" pos="X">problematici</wf>
         <wf lemma="." pos="X">.</wf>
      </sentence>
      <sentence id="d000.s293" source="wordnet-croatian">
         <wf lemma="Javno" pos="X">Javno</wf>
         <instance id="d000.s293.t000" lemma="odricanje" pos="NOUN">odricanje</instance>
         <wf lemma="od" pos="X">od</wf>
         <wf lemma="stranačkih" pos="X">stranačkih</wf>
         <wf lemma="stavova" pos="X">stavova</wf>
         <wf lemma="skupo" pos="X">skupo</wf>
         <wf lemma="ga" pos="X">ga</wf>
         <wf lemma="je" pos="X">je</wf>
         <wf lemma="stajalo" pos="X">stajalo</wf>
         <wf lemma="." pos="X">.</wf>
      </sentence>
      <sentence id="d000.s294" source="wordnet-croatian">
         <wf lemma="Mnogi" pos="X">Mnogi</wf>
         <wf lemma="se" pos="X">se</wf>
         <instance id="d000.s294.t000" lemma="toksin" pos="NOUN">toksini</instance>
         <wf lemma="nakupljaju" pos="X">nakupljaju</wf>
         <wf lemma="u" pos="X">u</wf>
         <wf lemma="našem" pos="X">našem</wf>
         <wf lemma="organizmu" pos="X">organizmu</wf>
         <wf lemma="tijekom" pos="X">tijekom</wf>
         <wf lemma="života" pos="X">života</wf>
         <wf lemma="te" pos="X">te</wf>
         <wf lemma="mogu" pos="X">mogu</wf>
         <wf lemma="izazvati" pos="X">izazvati</wf>
         <wf lemma="probleme" pos="X">probleme</wf>
         <wf lemma="sa" pos="X">sa</wf>
         <wf lemma="zdravljem" pos="X">zdravljem</wf>
         <wf lemma="." pos="X">.</wf>
      </sentence>
      <sentence id="d000.s295" source="wordnet-croatian">
         <wf lemma="Kupila" pos="X">Kupila</wf>
         <wf lemma="sam" pos="X">sam</wf>
         <wf lemma="avionsku" pos="X">avionsku</wf>
         <wf lemma="kartu" pos="X">kartu</wf>
         <wf lemma="s" pos="X">s</wf>
         <wf lemma="jednim" pos="X">jednim</wf>
         <instance id="d000.s295.t000" lemma="presjedanje" pos="NOUN">presjedanjem</instance>
         <wf lemma="u" pos="X">u</wf>
         <wf lemma="Frankfurtu" pos="X">Frankfurtu</wf>
         <wf lemma="." pos="X">.</wf>
      </sentence>
      <sentence id="d000.s296" source="wordnet-croatian">
         <wf lemma="Pokvario" pos="X">Pokvario</wf>
         <wf lemma="nam" pos="X">nam</wf>
         <wf lemma="se" pos="X">se</wf>
         <instance id="d000.s296.t000" lemma="lift" pos="NOUN">lift</instance>
         <wf lemma="u" pos="X">u</wf>
         <wf lemma="zgradi" pos="X">zgradi</wf>
         <wf lemma="pa" pos="X">pa</wf>
         <wf lemma="smo" pos="X">smo</wf>
         <wf lemma="na" pos="X">na</wf>
         <wf lemma="10." pos="X">10.</wf>
         <wf lemma="kat" pos="X">kat</wf>
         <wf lemma="morali" pos="X">morali</wf>
         <wf lemma="pješačiti" pos="X">pješačiti</wf>
         <wf lemma="." pos="X">.</wf>
      </sentence>
      <sentence id="d000.s297" source="wordnet-croatian">
         <wf lemma="Volim" pos="X">Volim</wf>
         <instance id="d000.s297.t000" lemma="bubnjati" pos="VERB">bubnjati</instance>
         <wf lemma="prstima" pos="X">prstima</wf>
         <wf lemma="po" pos="X">po</wf>
         <wf lemma="stolu" pos="X">stolu</wf>
         <wf lemma="." pos="X">.</wf>
      </sentence>
      <sentence id="d000.s298" source="wordnet-croatian">
         <wf lemma="Vjerni" pos="X">Vjerni</wf>
         <wf lemma="je" pos="X">je</wf>
         <wf lemma="pas" pos="X">pas</wf>
         <wf lemma="posvuda" pos="X">posvuda</wf>
         <instance id="d000.s298.t000" lemma="pratiti" pos="VERB">pratio</instance>
         <wf lemma="svoga" pos="X">svoga</wf>
         <wf lemma="gospodara" pos="X">gospodara</wf>
         <wf lemma="." pos="X">.</wf>
      </sentence>
      <sentence id="d000.s299" source="wordnet-croatian">
         <instance id="d000.s299.t000" lemma="čuvati" pos="VERB">Čuvala</instance>
         <wf lemma="je" pos="X">je</wf>
         <wf lemma="uspomenu" pos="X">uspomenu</wf>
         <wf lemma="na" pos="X">na</wf>
         <wf lemma="svoje" pos="X">svoje</wf>
         <wf lemma="roditelje" pos="X">roditelje</wf>
         <wf lemma="." pos="X">.</wf>
      </sentence>
      <sentence id="d000.s300" source="wordnet-croatian">
         <wf lemma="Uvijek" pos="X">Uvijek</wf>
         <wf lemma="je" pos="X">je</wf>
         <wf lemma="u" pos="X">u</wf>
         <wf lemma="borbama" pos="X">borbama</wf>
         <wf lemma="koristio" pos="X">koristio</wf>
         <wf lemma="svoj" pos="X">svoj</wf>
         <wf lemma="sretan" pos="X">sretan</wf>
         <instance id="d000.s300.t000" lemma="floret" pos="NOUN">floret</instance>
         <wf lemma="." pos="X">.</wf>
      </sentence>
      <sentence id="d000.s301" source="wordnet-croatian">
         <wf lemma="Nije" pos="X">Nije</wf>
         <wf lemma="mogao" pos="X">mogao</wf>
         <wf lemma="shvatiti" pos="X">shvatiti</wf>
         <instance id="d000.s301.t000" lemma="kompliciranost" pos="NOUN">kompliciranost</instance>
         <wf lemma="sudskoga" pos="X">sudskoga</wf>
         <wf lemma="postupka" pos="X">postupka</wf>
         <wf lemma="." pos="X">.</wf>
      </sentence>
      <sentence id="d000.s302" source="wordnet-croatian">
         <wf lemma="Točno" pos="X">Točno</wf>
         <wf lemma="je" pos="X">je</wf>
         <wf lemma="odredio" pos="X">odredio</wf>
         <instance id="d000.s302.t000" lemma="pozicija" pos="NOUN">poziciju</instance>
         <wf lemma="svakoga" pos="X">svakoga</wf>
         <wf lemma="sudionika" pos="X">sudionika</wf>
         <wf lemma="na" pos="X">na</wf>
         <wf lemma="skupu" pos="X">skupu</wf>
         <wf lemma="." pos="X">.</wf>
      </sentence>
      <sentence id="d000.s303" source="wordnet-croatian">
         <instance id="d000.s303.t000" lemma="svjedočiti" pos="VERB">Svjedočio</instance>
         <wf lemma="je" pos="X">je</wf>
         <wf lemma="najvećem" pos="X">najvećem</wf>
         <wf lemma="sportskom" pos="X">sportskom</wf>
         <wf lemma="spektaklu" pos="X">spektaklu</wf>
         <wf lemma="godine" pos="X">godine</wf>
         <wf lemma="." pos="X">.</wf>
      </sentence>
      <sentence id="d000.s304" source="wordnet-croatian">
         <wf lemma="To" pos="X">To</wf>
         <wf lemma="je" pos="X">je</wf>
         <wf lemma="bio" pos="X">bio</wf>
         <instance id="d000.s304.t000" lemma="podvig" pos="NOUN">podvig</instance>
         <wf lemma="godine" pos="X">godine</wf>
         <wf lemma="." pos="X">.</wf>
      </sentence>
      <sentence id="d000.s305" source="wordnet-croatian">
         <wf lemma="Bolničari" pos="X">Bolničari</wf>
         <wf lemma="su" pos="X">su</wf>
         <wf lemma="pažljivo" pos="X">pažljivo</wf>
         <instance id="d000.s305.t000" lemma="poleći" pos="VERB">polegli</instance>
         <wf lemma="pacijenta" pos="X">pacijenta</wf>
         <wf lemma="na" pos="X">na</wf>
         <wf lemma="krevet" pos="X">krevet</wf>
         <wf lemma="." pos="X">.</wf>
      </sentence>
      <sentence id="d000.s306" source="wordnet-croatian">
         <wf lemma="Tiho" pos="X">Tiho</wf>
         <wf lemma="je" pos="X">je</wf>
         <instance id="d000.s306.t000" lemma="koračati" pos="VERB">koračala</instance>
         <wf lemma="po" pos="X">po</wf>
         <wf lemma="kući" pos="X">kući</wf>
         <wf lemma="kako" pos="X">kako</wf>
         <wf lemma="ne" pos="X">ne</wf>
         <wf lemma="bi" pos="X">bi</wf>
         <wf lemma="probudila" pos="X">probudila</wf>
         <wf lemma="djecu" pos="X">djecu</wf>
         <wf lemma="." pos="X">.</wf>
      </sentence>
      <sentence id="d000.s307" source="wordnet-croatian">
         <instance id="d000.s307.t000" lemma="ujednačiti" pos="VERB">Ujednačila</instance>
         <wf lemma="sam" pos="X">sam</wf>
         <wf lemma="težinu" pos="X">težinu</wf>
         <wf lemma="zadataka" pos="X">zadataka</wf>
         <wf lemma="u" pos="X">u</wf>
         <wf lemma="objema" pos="X">objema</wf>
         <wf lemma="grupama" pos="X">grupama</wf>
         <wf lemma="." pos="X">.</wf>
      </sentence>
      <sentence id="d000.s308" source="wordnet-croatian">
         <wf lemma="Jesi" pos="X">Jesi</wf>
         <wf lemma="li" pos="X">li</wf>
         <instance id="d000.s308.t000" lemma="trpjeti" pos="VERB">trpio</instance>
         <wf lemma="jake" pos="X">jake</wf>
         <wf lemma="bolove" pos="X">bolove</wf>
         <wf lemma="nakon" pos="X">nakon</wf>
         <wf lemma="nesreće" pos="X">nesreće</wf>
         <wf lemma="?" pos="X">?</wf>
      </sentence>
      <sentence id="d000.s309" source="wordnet-croatian">
         <wf lemma="Tvoja" pos="X">Tvoja</wf>
         <wf lemma="je" pos="X">je</wf>
         <wf lemma="diploma" pos="X">diploma</wf>
         <wf lemma="tvoje" pos="X">tvoje</wf>
         <wf lemma="najveće" pos="X">najveće</wf>
         <wf lemma="životno" pos="X">životno</wf>
         <instance id="d000.s309.t000" lemma="postignuće" pos="NOUN">postignuće</instance>
         <wf lemma="." pos="X">.</wf>
      </sentence>
      <sentence id="d000.s310" source="wordnet-croatian">
         <instance id="d000.s310.t000" lemma="nevezanost" pos="NOUN">Nevezanost</instance>
         <wf lemma="za" pos="X">za</wf>
         <wf lemma="temu" pos="X">temu</wf>
         <wf lemma="kažnjava" pos="X">kažnjava</wf>
         <wf lemma="se" pos="X">se</wf>
         <wf lemma="oduzimanjem" pos="X">oduzimanjem</wf>
         <wf lemma="riječi" pos="X">riječi</wf>
         <wf lemma="." pos="X">.</wf>
      </sentence>
      <sentence id="d000.s311" source="wordnet-croatian">
         <wf lemma="Uz" pos="X">Uz</wf>
         <wf lemma="tjesteninu" pos="X">tjesteninu</wf>
         <wf lemma="se" pos="X">se</wf>
         <wf lemma="može" pos="X">može</wf>
         <wf lemma="poslužiti" pos="X">poslužiti</wf>
         <wf lemma="zdjelica" pos="X">zdjelica</wf>
         <instance id="d000.s311.t000" lemma="salata" pos="NOUN">salate</instance>
         <wf lemma="," pos="X">,</wf>
         <wf lemma="ili" pos="X">ili</wf>
         <wf lemma="se" pos="X">se</wf>
         <wf lemma="salata" pos="X">salata</wf>
         <wf lemma="može" pos="X">može</wf>
         <wf lemma="pripremiti" pos="X">pripremiti</wf>
         <wf lemma="kao" pos="X">kao</wf>
         <wf lemma="zaseban" pos="X">zaseban</wf>
         <wf lemma="obrok" pos="X">obrok</wf>
         <wf lemma="." pos="X">.</wf>
      </sentence>
      <sentence id="d000.s312" source="wordnet-croatian">
         <instance id="d000.s312.t000" lemma="izbočenost" pos="NOUN">Izbočenost</instance>
         <wf lemma="te" pos="X">te</wf>
         <wf lemma="slike" pos="X">slike</wf>
         <wf lemma="nervirala" pos="X">nervirala</wf>
         <wf lemma="ga" pos="X">ga</wf>
         <wf lemma="je" pos="X">je</wf>
         <wf lemma="svakoga" pos="X">svakoga</wf>
         <wf lemma="dana" pos="X">dana</wf>
         <wf lemma="." pos="X">.</wf>
      </sentence>
      <sentence id="d000.s313" source="wordnet-croatian">
         <instance id="d000.s313.t000" lemma="bezbožnost" pos="NOUN">Bezbožnost</instance>
         <wf lemma="se" pos="X">se</wf>
         <wf lemma="sve" pos="X">sve</wf>
         <wf lemma="više" pos="X">više</wf>
         <wf lemma="širi" pos="X">širi</wf>
         <wf lemma="među" pos="X">među</wf>
         <wf lemma="ljudima" pos="X">ljudima</wf>
         <wf lemma="." pos="X">.</wf>
      </sentence>
      <sentence id="d000.s314" source="wordnet-croatian">
         <wf lemma="Voljela" pos="X">Voljela</wf>
         <wf lemma="je" pos="X">je</wf>
         <wf lemma="gledati" pos="X">gledati</wf>
         <wf lemma="kako" pos="X">kako</wf>
         <wf lemma="se" pos="X">se</wf>
         <wf lemma="budi" pos="X">budi</wf>
         <instance id="d000.s314.t000" lemma="dan" pos="NOUN">dan</instance>
         <wf lemma="." pos="X">.</wf>
      </sentence>
      <sentence id="d000.s315" source="wordnet-croatian">
         <wf lemma="Nju" pos="X">Nju</wf>
         <wf lemma="su" pos="X">su</wf>
         <instance id="d000.s315.t000" lemma="predodrediti" pos="VERB">predodredili</instance>
         <wf lemma="za" pos="X">za</wf>
         <wf lemma="posao" pos="X">posao</wf>
         <wf lemma="glasnogovornice" pos="X">glasnogovornice</wf>
         <wf lemma="vlade" pos="X">vlade</wf>
         <wf lemma="." pos="X">.</wf>
      </sentence>
      <sentence id="d000.s316" source="wordnet-croatian">
         <wf lemma="Medicinska" pos="X">Medicinska</wf>
         <wf lemma="mi" pos="X">mi</wf>
         <instance id="d000.s316.t000" lemma="terminologija" pos="NOUN">terminologija</instance>
         <wf lemma="nije" pos="X">nije</wf>
         <wf lemma="bliska" pos="X">bliska</wf>
         <wf lemma="." pos="X">.</wf>
      </sentence>
      <sentence id="d000.s317" source="wordnet-croatian">
         <wf lemma="Pokušavala" pos="X">Pokušavala</wf>
         <wf lemma="je" pos="X">je</wf>
         <instance id="d000.s317.t000" lemma="sačuvati" pos="VERB">sačuvati</instance>
         <wf lemma="mir" pos="X">mir</wf>
         <wf lemma="u" pos="X">u</wf>
         <wf lemma="obitelji" pos="X">obitelji</wf>
         <wf lemma="." pos="X">.</wf>
      </sentence>
      <sentence id="d000.s318" source="wordnet-croatian">
         <wf lemma="Svi" pos="X">Svi</wf>
         <wf lemma="s" pos="X">s</wf>
         <wf lemma="nestrpljenjem" pos="X">nestrpljenjem</wf>
         <wf lemma="očekuju" pos="X">očekuju</wf>
         <instance id="d000.s318.t000" lemma="objava" pos="NOUN">objavu</instance>
         <wf lemma="dolaska" pos="X">dolaska</wf>
         <wf lemma="američkog" pos="X">američkog</wf>
         <wf lemma="predsjednika" pos="X">predsjednika</wf>
         <wf lemma="." pos="X">.</wf>
      </sentence>
      <sentence id="d000.s319" source="wordnet-croatian">
         <instance id="d000.s319.t000" lemma="inzistirati" pos="VERB">Inzistiram</instance>
         <wf lemma="da" pos="X">da</wf>
         <wf lemma="se" pos="X">se</wf>
         <wf lemma="taj" pos="X">taj</wf>
         <wf lemma="posao" pos="X">posao</wf>
         <wf lemma="obavi" pos="X">obavi</wf>
         <wf lemma="kako" pos="X">kako</wf>
         <wf lemma="treba" pos="X">treba</wf>
         <wf lemma="!" pos="X">!</wf>
      </sentence>
      <sentence id="d000.s320" source="wordnet-croatian">
         <wf lemma="Naklonom" pos="X">Naklonom</wf>
         <wf lemma="je" pos="X">je</wf>
         <wf lemma="izrazio" pos="X">izrazio</wf>
         <wf lemma="duboko" pos="X">duboko</wf>
         <instance id="d000.s320.t000" lemma="štovanje" pos="NOUN">štovanje</instance>
         <wf lemma="prema" pos="X">prema</wf>
         <wf lemma="biskupu" pos="X">biskupu</wf>
         <wf lemma="." pos="X">.</wf>
      </sentence>
      <sentence id="d000.s321" source="wordnet-croatian">
         <wf lemma="Pravni" pos="X">Pravni</wf>
         <instance id="d000.s321.t000" lemma="postupak" pos="NOUN">postupci</instance>
         <wf lemma="ponekad" pos="X">ponekad</wf>
         <wf lemma="traju" pos="X">traju</wf>
         <wf lemma="godinama" pos="X">godinama</wf>
         <wf lemma="." pos="X">.</wf>
      </sentence>
      <sentence id="d000.s322" source="wordnet-croatian">
         <wf lemma="Vlažni" pos="X">Vlažni</wf>
         <instance id="d000.s322.t000" lemma="okoliš" pos="NOUN">okoliš</instance>
         <wf lemma="pogoduje" pos="X">pogoduje</wf>
         <wf lemma="razvoju" pos="X">razvoju</wf>
         <wf lemma="plijesni" pos="X">plijesni</wf>
         <wf lemma="." pos="X">.</wf>
      </sentence>
      <sentence id="d000.s323" source="wordnet-croatian">
         <wf lemma="U" pos="X">U</wf>
         <wf lemma="njegovoj" pos="X">njegovoj</wf>
         <wf lemma="je" pos="X">je</wf>
         <instance id="d000.s323.t000" lemma="priroda" pos="NOUN">prirodi</instance>
         <wf lemma="da" pos="X">da</wf>
         <wf lemma="pomaže" pos="X">pomaže</wf>
         <wf lemma="drugima" pos="X">drugima</wf>
         <wf lemma="." pos="X">.</wf>
      </sentence>
      <sentence id="d000.s324" source="wordnet-croatian">
         <wf lemma="Leksem" pos="X">Leksem</wf>
         <wf lemma="'" pos="X">'</wf>
         <wf lemma="'" pos="X">'</wf>
         <wf lemma="konj" pos="X">konj</wf>
         <wf lemma="'" pos="X">'</wf>
         <wf lemma="'" pos="X">'</wf>
         <wf lemma="povezan" pos="X">povezan</wf>
         <wf lemma="je" pos="X">je</wf>
         <wf lemma="s" pos="X">s</wf>
         <wf lemma="leksemom" pos="X">leksemom</wf>
         <wf lemma="'" pos="X">'</wf>
         <wf lemma="'" pos="X">'</wf>
         <wf lemma="životinja" pos="X">životinja</wf>
         <wf lemma="'" pos="X">'</wf>
         <wf lemma="'" pos="X">'</wf>
         <wf lemma="odnosom" pos="X">odnosom</wf>
         <instance id="d000.s324.t000" lemma="hiponimija" pos="NOUN">hiponimije</instance>
         <wf lemma="." pos="X">.</wf>
      </sentence>
      <sentence id="d000.s325" source="wordnet-croatian">
         <wf lemma="Prve" pos="X">Prve</wf>
         <wf lemma="su" pos="X">su</wf>
         <instance id="d000.s325.t000" lemma="vojarna" pos="NOUN">vojarne</instance>
         <wf lemma="postojale" pos="X">postojale</wf>
         <wf lemma="još" pos="X">još</wf>
         <wf lemma="u" pos="X">u</wf>
         <wf lemma="doba" pos="X">doba</wf>
         <wf lemma="Rimskog" pos="X">Rimskog</wf>
         <wf lemma="Carstva" pos="X">Carstva</wf>
         <wf lemma="." pos="X">.</wf>
      </sentence>
      <sentence id="d000.s326" source="wordnet-croatian">
         <instance id="d000.s326.t000" lemma="muzičar" pos="NOUN">Muzičari</instance>
         <wf lemma="žive" pos="X">žive</wf>
         <wf lemma="za" pos="X">za</wf>
         <wf lemma="svoju" pos="X">svoju</wf>
         <wf lemma="glazbu" pos="X">glazbu</wf>
         <wf lemma="." pos="X">.</wf>
      </sentence>
      <sentence id="d000.s327" source="wordnet-croatian">
         <wf lemma="Legao" pos="X">Legao</wf>
         <wf lemma="je" pos="X">je</wf>
         <wf lemma="na" pos="X">na</wf>
         <wf lemma="postelju" pos="X">postelju</wf>
         <wf lemma="i" pos="X">i</wf>
         <wf lemma="nije" pos="X">nije</wf>
         <wf lemma="htio" pos="X">htio</wf>
         <wf lemma="niti" pos="X">niti</wf>
         <instance id="d000.s327.t000" lemma="okusiti" pos="VERB">okusiti</instance>
         <wf lemma="hrane" pos="X">hrane</wf>
         <wf lemma="." pos="X">.</wf>
      </sentence>
      <sentence id="d000.s328" source="wordnet-croatian">
         <wf lemma="Bilo" pos="X">Bilo</wf>
         <wf lemma="je" pos="X">je</wf>
         <wf lemma="to" pos="X">to</wf>
         <wf lemma="izvan" pos="X">izvan</wf>
         <instance id="d000.s328.t000" lemma="granica" pos="NOUN">granica</instance>
         <wf lemma="njegovih" pos="X">njegovih</wf>
         <wf lemma="mogućnosti" pos="X">mogućnosti</wf>
         <wf lemma="." pos="X">.</wf>
      </sentence>
      <sentence id="d000.s329" source="wordnet-croatian">
         <wf lemma="Zbog" pos="X">Zbog</wf>
         <wf lemma="puknuća" pos="X">puknuća</wf>
         <wf lemma="plinske" pos="X">plinske</wf>
         <instance id="d000.s329.t000" lemma="cijev" pos="NOUN">cijevi</instance>
         <wf lemma="raskopali" pos="X">raskopali</wf>
         <wf lemma="su" pos="X">su</wf>
         <wf lemma="nam" pos="X">nam</wf>
         <wf lemma="cijelu" pos="X">cijelu</wf>
         <wf lemma="ulicu" pos="X">ulicu</wf>
         <wf lemma="." pos="X">.</wf>
      </sentence>
      <sentence id="d000.s330" source="wordnet-croatian">
         <instance id="d000.s330.t000" lemma="zračenje" pos="NOUN">Zračenje</instance>
         <wf lemma="dobrote" pos="X">dobrote</wf>
         <wf lemma="iz" pos="X">iz</wf>
         <wf lemma="nje" pos="X">nje</wf>
         <wf lemma="osjećali" pos="X">osjećali</wf>
         <wf lemma="su" pos="X">su</wf>
         <wf lemma="svi" pos="X">svi</wf>
         <wf lemma="prisutni" pos="X">prisutni</wf>
         <wf lemma="." pos="X">.</wf>
      </sentence>
      <sentence id="d000.s331" source="wordnet-croatian">
         <wf lemma="Predstavljena" pos="X">Predstavljena</wf>
         <wf lemma="je" pos="X">je</wf>
         <wf lemma="kolekcija" pos="X">kolekcija</wf>
         <wf lemma="bila" pos="X">bila</wf>
         <instance id="d000.s331.t000" lemma="neoriginalan" pos="ADJ">neoriginalna</instance>
         <wf lemma="," pos="X">,</wf>
         <wf lemma="sve" pos="X">sve</wf>
         <wf lemma="je" pos="X">je</wf>
         <wf lemma="to" pos="X">to</wf>
         <wf lemma="već" pos="X">već</wf>
         <wf lemma="odavno" pos="X">odavno</wf>
         <wf lemma="viđeno" pos="X">viđeno</wf>
         <wf lemma="." pos="X">.</wf>
      </sentence>
      <sentence id="d000.s332" source="wordnet-croatian">
         <wf lemma="Sljez" pos="X">Sljez</wf>
         <wf lemma="je" pos="X">je</wf>
         <instance id="d000.s332.t000" lemma="djelotvoran" pos="ADJ">djelotvoran</instance>
         <wf lemma="kod" pos="X">kod</wf>
         <wf lemma="jakoga" pos="X">jakoga</wf>
         <wf lemma="kašlja" pos="X">kašlja</wf>
         <wf lemma="." pos="X">.</wf>
      </sentence>
      <sentence id="d000.s333" source="wordnet-croatian">
         <wf lemma="Tinejdžeri" pos="X">Tinejdžeri</wf>
         <wf lemma="često" pos="X">često</wf>
         <wf lemma="zbog" pos="X">zbog</wf>
         <instance id="d000.s333.t000" lemma="povodljivost" pos="NOUN">povodljivosti</instance>
         <wf lemma="čine" pos="X">čine</wf>
         <wf lemma="stvari" pos="X">stvari</wf>
         <wf lemma="koje" pos="X">koje</wf>
         <wf lemma="im" pos="X">im</wf>
         <wf lemma="samima" pos="X">samima</wf>
         <wf lemma="ne" pos="X">ne</wf>
         <wf lemma="bi" pos="X">bi</wf>
         <wf lemma="nikad" pos="X">nikad</wf>
         <wf lemma="pale" pos="X">pale</wf>
         <wf lemma="na" pos="X">na</wf>
         <wf lemma="pamet" pos="X">pamet</wf>
         <wf lemma="." pos="X">.</wf>
      </sentence>
      <sentence id="d000.s334" source="wordnet-croatian">
         <instance id="d000.s334.t000" lemma="agent" pos="NOUN">Agenti</instance>
         <wf lemma="Uskoka" pos="X">Uskoka</wf>
         <wf lemma="uhitili" pos="X">uhitili</wf>
         <wf lemma="su" pos="X">su</wf>
         <wf lemma="prominentnog" pos="X">prominentnog</wf>
         <wf lemma="poduzetnika" pos="X">poduzetnika</wf>
         <wf lemma="." pos="X">.</wf>
      </sentence>
      <sentence id="d000.s335" source="wordnet-croatian">
         <wf lemma="Ulaz" pos="X">Ulaz</wf>
         <wf lemma="u" pos="X">u</wf>
         <wf lemma="golf" pos="X">golf</wf>
         <wf lemma="klub" pos="X">klub</wf>
         <wf lemma="je" pos="X">je</wf>
         <wf lemma="dopušten" pos="X">dopušten</wf>
         <wf lemma="samo" pos="X">samo</wf>
         <instance id="d000.s335.t000" lemma="član" pos="NOUN">članovima</instance>
         <wf lemma="." pos="X">.</wf>
      </sentence>
      <sentence id="d000.s336" source="wordnet-croatian">
         <wf lemma="Dobio" pos="X">Dobio</wf>
         <wf lemma="je" pos="X">je</wf>
         <instance id="d000.s336.t000" lemma="povišica" pos="NOUN">povišicu</instance>
         <wf lemma="od" pos="X">od</wf>
         <wf lemma="3" pos="X">3</wf>
         <wf lemma="%" pos="X">%</wf>
         <wf lemma="." pos="X">.</wf>
      </sentence>
      <sentence id="d000.s337" source="wordnet-croatian">
         <wf lemma="Za" pos="X">Za</wf>
         <instance id="d000.s337.t000" lemma="uskrs" pos="NOUN">Uskrs</instance>
         <wf lemma="se" pos="X">se</wf>
         <wf lemma="jede" pos="X">jede</wf>
         <wf lemma="blagoslovljena" pos="X">blagoslovljena</wf>
         <wf lemma="hrana" pos="X">hrana</wf>
         <wf lemma="." pos="X">.</wf>
      </sentence>
      <sentence id="d000.s338" source="wordnet-croatian">
         <wf lemma="Haljina" pos="X">Haljina</wf>
         <wf lemma="je" pos="X">je</wf>
         <wf lemma="bila" pos="X">bila</wf>
         <wf lemma="puna" pos="X">puna</wf>
         <instance id="d000.s338.t000" lemma="mrlja" pos="NOUN">mrlja</instance>
         <wf lemma="od" pos="X">od</wf>
         <wf lemma="čokolade" pos="X">čokolade</wf>
         <wf lemma="." pos="X">.</wf>
      </sentence>
      <sentence id="d000.s339" source="wordnet-croatian">
         <instance id="d000.s339.t000" lemma="vraćanje" pos="NOUN">Vraćanje</instance>
         <wf lemma="zemlje" pos="X">zemlje</wf>
         <wf lemma="prijašnjim" pos="X">prijašnjim</wf>
         <wf lemma="vlasnicima" pos="X">vlasnicima</wf>
         <wf lemma="traje" pos="X">traje</wf>
         <wf lemma="već" pos="X">već</wf>
         <wf lemma="pet" pos="X">pet</wf>
         <wf lemma="godina" pos="X">godina</wf>
         <wf lemma="." pos="X">.</wf>
      </sentence>
      <sentence id="d000.s340" source="wordnet-croatian">
         <wf lemma="Radnici" pos="X">Radnici</wf>
         <wf lemma="su" pos="X">su</wf>
         <wf lemma="osjećali" pos="X">osjećali</wf>
         <wf lemma="veliko" pos="X">veliko</wf>
         <instance id="d000.s340.t000" lemma="nezadovoljstvo" pos="NOUN">nezadovoljstvo</instance>
         <wf lemma="i" pos="X">i</wf>
         <wf lemma="bilo" pos="X">bilo</wf>
         <wf lemma="je" pos="X">je</wf>
         <wf lemma="pitanje" pos="X">pitanje</wf>
         <wf lemma="dana" pos="X">dana</wf>
         <wf lemma="kada" pos="X">kada</wf>
         <wf lemma="će" pos="X">će</wf>
         <wf lemma="izaći" pos="X">izaći</wf>
         <wf lemma="na" pos="X">na</wf>
         <wf lemma="ulice" pos="X">ulice</wf>
         <wf lemma="." pos="X">.</wf>
      </sentence>
      <sentence id="d000.s341" source="wordnet-croatian">
         <wf lemma="Zanš" pos="X">Zanš</wf>
         <wf lemma="li" pos="X">li</wf>
         <wf lemma="koja" pos="X">koja</wf>
         <wf lemma="je" pos="X">je</wf>
         <instance id="d000.s341.t000" lemma="ura" pos="NOUN">ura</instance>
         <wf lemma="?" pos="X">?</wf>
      </sentence>
      <sentence id="d000.s342" source="wordnet-croatian">
         <instance id="d000.s342.t000" lemma="vratiti" pos="VERB">Vrati</instance>
         <wf lemma="knjigu" pos="X">knjigu</wf>
         <wf lemma="na" pos="X">na</wf>
         <wf lemma="policu" pos="X">policu</wf>
         <wf lemma="nakon" pos="X">nakon</wf>
         <wf lemma="što" pos="X">što</wf>
         <wf lemma="je" pos="X">je</wf>
         <wf lemma="pročitaš" pos="X">pročitaš</wf>
         <wf lemma="." pos="X">.</wf>
      </sentence>
      <sentence id="d000.s343" source="wordnet-croatian">
         <wf lemma="Restoran" pos="X">Restoran</wf>
         <wf lemma="je" pos="X">je</wf>
         <instance id="d000.s343.t000" lemma="procijeniti" pos="VERB">procijenjen</instance>
         <wf lemma="kao" pos="X">kao</wf>
         <wf lemma="vrhunaravan" pos="X">vrhunaravan</wf>
         <wf lemma="." pos="X">.</wf>
      </sentence>
      <sentence id="d000.s344" source="wordnet-croatian">
         <wf lemma="Sve" pos="X">Sve</wf>
         <wf lemma="su" pos="X">su</wf>
         <instance id="d000.s344.t000" lemma="zavjesa" pos="NOUN">zavjese</instance>
         <wf lemma="u" pos="X">u</wf>
         <wf lemma="njezinu" pos="X">njezinu</wf>
         <wf lemma="stanu" pos="X">stanu</wf>
         <wf lemma="bile" pos="X">bile</wf>
         <wf lemma="pomno" pos="X">pomno</wf>
         <wf lemma="odabrane" pos="X">odabrane</wf>
         <wf lemma="i" pos="X">i</wf>
         <wf lemma="odlično" pos="X">odlično</wf>
         <wf lemma="su" pos="X">su</wf>
         <wf lemma="se" pos="X">se</wf>
         <wf lemma="uklapale" pos="X">uklapale</wf>
         <wf lemma="u" pos="X">u</wf>
         <wf lemma="interijer" pos="X">interijer</wf>
         <wf lemma="." pos="X">.</wf>
      </sentence>
      <sentence id="d000.s345" source="wordnet-croatian">
         <instance id="d000.s345.t000" lemma="maskota" pos="NOUN">Maskota</instance>
         <wf lemma="hokejaškoga" pos="X">hokejaškoga</wf>
         <wf lemma="kluba" pos="X">kluba</wf>
         <wf lemma="&quot;" pos="X">&quot;</wf>
         <wf lemma="Medveščak" pos="X">Medveščak</wf>
         <wf lemma="&quot;" pos="X">&quot;</wf>
         <wf lemma="je" pos="X">je</wf>
         <wf lemma="medo" pos="X">medo</wf>
         <wf lemma="." pos="X">.</wf>
      </sentence>
      <sentence id="d000.s346" source="wordnet-croatian">
         <wf lemma="Nije" pos="X">Nije</wf>
         <wf lemma="mu" pos="X">mu</wf>
         <wf lemma="trebao" pos="X">trebao</wf>
         <wf lemma="nikakav" pos="X">nikakav</wf>
         <wf lemma="dodatan" pos="X">dodatan</wf>
         <instance id="d000.s346.t000" lemma="poticaj" pos="NOUN">poticaj</instance>
         <wf lemma="za" pos="X">za</wf>
         <wf lemma="učenje" pos="X">učenje</wf>
         <wf lemma="." pos="X">.</wf>
      </sentence>
      <sentence id="d000.s347" source="wordnet-croatian">
         <wf lemma="Ljeto" pos="X">Ljeto</wf>
         <wf lemma="pruža" pos="X">pruža</wf>
         <wf lemma="odličnu" pos="X">odličnu</wf>
         <instance id="d000.s347.t000" lemma="prilika" pos="NOUN">priliku</instance>
         <wf lemma="za" pos="X">za</wf>
         <wf lemma="ludi" pos="X">ludi</wf>
         <wf lemma="provod" pos="X">provod</wf>
         <wf lemma="." pos="X">.</wf>
      </sentence>
      <sentence id="d000.s348" source="wordnet-croatian">
         <wf lemma="Cijelo" pos="X">Cijelo</wf>
         <wf lemma="jutro" pos="X">jutro</wf>
         <wf lemma="je" pos="X">je</wf>
         <wf lemma="sekretarici" pos="X">sekretarici</wf>
         <instance id="d000.s348.t000" lemma="diktirati" pos="VERB">diktirao</instance>
         <wf lemma="izvješća" pos="X">izvješća</wf>
         <wf lemma="." pos="X">.</wf>
      </sentence>
      <sentence id="d000.s349" source="wordnet-croatian">
         <wf lemma="Srušena" pos="X">Srušena</wf>
         <wf lemma="stabla" pos="X">stabla</wf>
         <wf lemma="po" pos="X">po</wf>
         <wf lemma="ulici" pos="X">ulici</wf>
         <wf lemma="bila" pos="X">bila</wf>
         <wf lemma="su" pos="X">su</wf>
         <wf lemma="nepremostiva" pos="X">nepremostiva</wf>
         <instance id="d000.s349.t000" lemma="prepreka" pos="NOUN">prepreka</instance>
         <wf lemma="za" pos="X">za</wf>
         <wf lemma="prolazak" pos="X">prolazak</wf>
         <wf lemma="automobilima" pos="X">automobilima</wf>
         <wf lemma="." pos="X">.</wf>
      </sentence>
      <sentence id="d000.s350" source="wordnet-croatian">
         <wf lemma="Tesla" pos="X">Tesla</wf>
         <wf lemma="je" pos="X">je</wf>
         <wf lemma="1891." pos="X">1891.</wf>
         <wf lemma="konstruirao" pos="X">konstruirao</wf>
         <wf lemma="posebni" pos="X">posebni</wf>
         <instance id="d000.s350.t000" lemma="transformator" pos="NOUN">transformator</instance>
         <wf lemma="koji" pos="X">koji</wf>
         <wf lemma="se" pos="X">se</wf>
         <wf lemma="po" pos="X">po</wf>
         <wf lemma="njemu" pos="X">njemu</wf>
         <wf lemma="naziva" pos="X">naziva</wf>
         <wf lemma="Teslin" pos="X">Teslin</wf>
         <wf lemma="transformator" pos="X">transformator</wf>
         <wf lemma="." pos="X">.</wf>
      </sentence>
      <sentence id="d000.s351" source="wordnet-croatian">
         <wf lemma="Vjetar" pos="X">Vjetar</wf>
         <wf lemma="je" pos="X">je</wf>
         <wf lemma="nježno" pos="X">nježno</wf>
         <instance id="d000.s351.t000" lemma="ljuljati" pos="VERB">ljuljao</instance>
         <wf lemma="stabla" pos="X">stabla</wf>
         <wf lemma="." pos="X">.</wf>
      </sentence>
      <sentence id="d000.s352" source="wordnet-croatian">
         <wf lemma="Vladino" pos="X">Vladino</wf>
         <instance id="d000.s352.t000" lemma="odbacivanje" pos="NOUN">odbacivanje</instance>
         <wf lemma="prijedloga" pos="X">prijedloga</wf>
         <wf lemma="oporbe" pos="X">oporbe</wf>
         <wf lemma="učestala" pos="X">učestala</wf>
         <wf lemma="je" pos="X">je</wf>
         <wf lemma="pojavnost" pos="X">pojavnost</wf>
         <wf lemma="." pos="X">.</wf>
      </sentence>
      <sentence id="d000.s353" source="wordnet-croatian">
         <instance id="d000.s353.t000" lemma="ishodište" pos="NOUN">Ishodište</instance>
         <wf lemma="požara" pos="X">požara</wf>
         <wf lemma="bilo" pos="X">bilo</wf>
         <wf lemma="je" pos="X">je</wf>
         <wf lemma="u" pos="X">u</wf>
         <wf lemma="predgrađu" pos="X">predgrađu</wf>
         <wf lemma="." pos="X">.</wf>
      </sentence>
      <sentence id="d000.s354" source="wordnet-croatian">
         <instance id="d000.s354.t000" lemma="monitor" pos="NOUN">Monitor</instance>
         <wf lemma="je" pos="X">je</wf>
         <wf lemma="već" pos="X">već</wf>
         <wf lemma="danima" pos="X">danima</wf>
         <wf lemma="pokazivao" pos="X">pokazivao</wf>
         <wf lemma="pravilne" pos="X">pravilne</wf>
         <wf lemma="otkucaje" pos="X">otkucaje</wf>
         <wf lemma="srca" pos="X">srca</wf>
         <wf lemma="," pos="X">,</wf>
         <wf lemma="što" pos="X">što</wf>
         <wf lemma="je" pos="X">je</wf>
         <wf lemma="značilo" pos="X">značilo</wf>
         <wf lemma="da" pos="X">da</wf>
         <wf lemma="će" pos="X">će</wf>
         <wf lemma="uskoro" pos="X">uskoro</wf>
         <wf lemma="kući" pos="X">kući</wf>
         <wf lemma="." pos="X">.</wf>
      </sentence>
      <sentence id="d000.s355" source="wordnet-croatian">
         <instance id="d000.s355.t000" lemma="grijalica" pos="NOUN">Grijalica</instance>
         <wf lemma="je" pos="X">je</wf>
         <wf lemma="bila" pos="X">bila</wf>
         <wf lemma="uključena" pos="X">uključena</wf>
         <wf lemma="na" pos="X">na</wf>
         <wf lemma="maksimum" pos="X">maksimum</wf>
         <wf lemma="." pos="X">.</wf>
      </sentence>
      <sentence id="d000.s356" source="wordnet-croatian">
         <wf lemma="Stablo" pos="X">Stablo</wf>
         <wf lemma="ponekad" pos="X">ponekad</wf>
         <instance id="d000.s356.t000" lemma="koristiti" pos="VERB">koristi</instance>
         <wf lemma="kao" pos="X">kao</wf>
         <wf lemma="zaklon" pos="X">zaklon</wf>
         <wf lemma="od" pos="X">od</wf>
         <wf lemma="sunca" pos="X">sunca</wf>
         <wf lemma="." pos="X">.</wf>
      </sentence>
      <sentence id="d000.s357" source="wordnet-croatian">
         <wf lemma="Jesi" pos="X">Jesi</wf>
         <wf lemma="li" pos="X">li</wf>
         <instance id="d000.s357.t000" lemma="ovladati" pos="VERB">ovladao</instance>
         <wf lemma="gradivom" pos="X">gradivom</wf>
         <wf lemma="za" pos="X">za</wf>
         <wf lemma="ispit" pos="X">ispit</wf>
         <wf lemma="?" pos="X">?</wf>
      </sentence>
      <sentence id="d000.s358" source="wordnet-croatian">
         <instance id="d000.s358.t000" lemma="kabel" pos="NOUN">Kabel</instance>
         <wf lemma="je" pos="X">je</wf>
         <wf lemma="prolazio" pos="X">prolazio</wf>
         <wf lemma="preko" pos="X">preko</wf>
         <wf lemma="cijele" pos="X">cijele</wf>
         <wf lemma="sobe" pos="X">sobe</wf>
         <wf lemma="da" pos="X">da</wf>
         <wf lemma="bi" pos="X">bi</wf>
         <wf lemma="došao" pos="X">došao</wf>
         <wf lemma="do" pos="X">do</wf>
         <wf lemma="računala" pos="X">računala</wf>
         <wf lemma="." pos="X">.</wf>
      </sentence>
      <sentence id="d000.s359" source="wordnet-croatian">
         <wf lemma="Ona" pos="X">Ona</wf>
         <wf lemma="je" pos="X">je</wf>
         <instance id="d000.s359.t000" lemma="srediti" pos="VERB">sredila</instance>
         <wf lemma="sve" pos="X">sve</wf>
         <wf lemma="svoje" pos="X">svoje</wf>
         <wf lemma="financijske" pos="X">financijske</wf>
         <wf lemma="probleme" pos="X">probleme</wf>
         <wf lemma="otvaranjem" pos="X">otvaranjem</wf>
         <wf lemma="novog" pos="X">novog</wf>
         <wf lemma="kredita" pos="X">kredita</wf>
         <wf lemma="." pos="X">.</wf>
      </sentence>
      <sentence id="d000.s360" source="wordnet-croatian">
         <wf lemma="Oblik" pos="X">Oblik</wf>
         <instance id="d000.s360.t000" lemma="stepenište" pos="NOUN">stepeništa</instance>
         <wf lemma="ovisi" pos="X">ovisi</wf>
         <wf lemma="o" pos="X">o</wf>
         <wf lemma="visini" pos="X">visini</wf>
         <wf lemma="između" pos="X">između</wf>
         <wf lemma="dva" pos="X">dva</wf>
         <wf lemma="kata" pos="X">kata</wf>
         <wf lemma="." pos="X">.</wf>
      </sentence>
      <sentence id="d000.s361" source="wordnet-croatian">
         <wf lemma="Gledala" pos="X">Gledala</wf>
         <wf lemma="je" pos="X">je</wf>
         <wf lemma="kako" pos="X">kako</wf>
         <wf lemma="jato" pos="X">jato</wf>
         <wf lemma="riba" pos="X">riba</wf>
         <instance id="d000.s361.t000" lemma="prolaziti" pos="VERB">prolazi</instance>
         <wf lemma="pored" pos="X">pored</wf>
         <wf lemma="jedrilice" pos="X">jedrilice</wf>
         <wf lemma="." pos="X">.</wf>
      </sentence>
      <sentence id="d000.s362" source="wordnet-croatian">
         <wf lemma="Fluor" pos="X">Fluor</wf>
         <wf lemma="i" pos="X">i</wf>
         <wf lemma="kisik" pos="X">kisik</wf>
         <wf lemma="su" pos="X">su</wf>
         <instance id="d000.s362.t000" lemma="nemetal" pos="NOUN">nemetali</instance>
         <wf lemma="." pos="X">.</wf>
      </sentence>
      <sentence id="d000.s363" source="wordnet-croatian">
         <wf lemma="Učila" pos="X">Učila</wf>
         <wf lemma="je" pos="X">je</wf>
         <wf lemma="djecu" pos="X">djecu</wf>
         <wf lemma="da" pos="X">da</wf>
         <wf lemma="uvijek" pos="X">uvijek</wf>
         <wf lemma="kada" pos="X">kada</wf>
         <wf lemma="je" pos="X">je</wf>
         <wf lemma="to" pos="X">to</wf>
         <wf lemma="moguće" pos="X">moguće</wf>
         <wf lemma="hodaju" pos="X">hodaju</wf>
         <wf lemma="po" pos="X">po</wf>
         <instance id="d000.s363.t000" lemma="pločnik" pos="NOUN">pločniku</instance>
         <wf lemma="," pos="X">,</wf>
         <wf lemma="a" pos="X">a</wf>
         <wf lemma="ne" pos="X">ne</wf>
         <wf lemma="po" pos="X">po</wf>
         <wf lemma="cesti" pos="X">cesti</wf>
         <wf lemma="." pos="X">.</wf>
      </sentence>
      <sentence id="d000.s364" source="wordnet-croatian">
         <wf lemma="Pružni" pos="X">Pružni</wf>
         <wf lemma="radnici" pos="X">radnici</wf>
         <wf lemma="su" pos="X">su</wf>
         <instance id="d000.s364.t000" lemma="prikačiti" pos="VERB">prikačili</instance>
         <wf lemma="dva" pos="X">dva</wf>
         <wf lemma="teretna" pos="X">teretna</wf>
         <wf lemma="vagona" pos="X">vagona</wf>
         <wf lemma="na" pos="X">na</wf>
         <wf lemma="lokomotivu" pos="X">lokomotivu</wf>
         <wf lemma="." pos="X">.</wf>
      </sentence>
      <sentence id="d000.s365" source="wordnet-croatian">
         <wf lemma="Brižno" pos="X">Brižno</wf>
         <wf lemma="je" pos="X">je</wf>
         <wf lemma="nadopunjavao" pos="X">nadopunjavao</wf>
         <wf lemma="postav" pos="X">postav</wf>
         <instance id="d000.s365.t000" lemma="muzej" pos="NOUN">muzeja</instance>
         <wf lemma="novim" pos="X">novim</wf>
         <wf lemma="izlošcima" pos="X">izlošcima</wf>
         <wf lemma="." pos="X">.</wf>
      </sentence>
      <sentence id="d000.s366" source="wordnet-croatian">
         <wf lemma="Domjenak" pos="X">Domjenak</wf>
         <wf lemma="se" pos="X">se</wf>
         <wf lemma="održao" pos="X">održao</wf>
         <wf lemma="u" pos="X">u</wf>
         <instance id="d000.s366.t000" lemma="središnji" pos="ADJ">središnjoj</instance>
         <wf lemma="prostoriji" pos="X">prostoriji</wf>
         <wf lemma="zgrade" pos="X">zgrade</wf>
         <wf lemma="." pos="X">.</wf>
      </sentence>
      <sentence id="d000.s367" source="wordnet-croatian">
         <wf lemma="U" pos="X">U</wf>
         <wf lemma="organizam" pos="X">organizam</wf>
         <wf lemma="treba" pos="X">treba</wf>
         <wf lemma="unositi" pos="X">unositi</wf>
         <wf lemma="puno" pos="X">puno</wf>
         <instance id="d000.s367.t000" lemma="tekućina" pos="NOUN">tekućine</instance>
         <wf lemma="radi" pos="X">radi</wf>
         <wf lemma="zdravlja" pos="X">zdravlja</wf>
         <wf lemma="." pos="X">.</wf>
      </sentence>
      <sentence id="d000.s368" source="wordnet-croatian">
         <wf lemma="Na" pos="X">Na</wf>
         <wf lemma="tjelesnoj" pos="X">tjelesnoj</wf>
         <wf lemma="nastavi" pos="X">nastavi</wf>
         <wf lemma="morali" pos="X">morali</wf>
         <wf lemma="smo" pos="X">smo</wf>
         <wf lemma="često" pos="X">često</wf>
         <wf lemma="igrati" pos="X">igrati</wf>
         <instance id="d000.s368.t000" lemma="košarka" pos="NOUN">košarku</instance>
         <wf lemma="." pos="X">.</wf>
      </sentence>
      <sentence id="d000.s369" source="wordnet-croatian">
         <wf lemma="Moja" pos="X">Moja</wf>
         <wf lemma="je" pos="X">je</wf>
         <instance id="d000.s369.t000" lemma="mama" pos="NOUN">mama</instance>
         <wf lemma="najbolja" pos="X">najbolja</wf>
         <wf lemma="na" pos="X">na</wf>
         <wf lemma="svijetu" pos="X">svijetu</wf>
         <wf lemma="." pos="X">.</wf>
      </sentence>
      <sentence id="d000.s370" source="wordnet-croatian">
         <instance id="d000.s370.t000" lemma="konac" pos="NOUN">Koncem</instance>
         <wf lemma="rujna" pos="X">rujna</wf>
         <wf lemma="održat" pos="X">održat</wf>
         <wf lemma="će" pos="X">će</wf>
         <wf lemma="se" pos="X">se</wf>
         <wf lemma="promocija" pos="X">promocija</wf>
         <wf lemma="Anine" pos="X">Anine</wf>
         <wf lemma="najnovije" pos="X">najnovije</wf>
         <wf lemma="knjige" pos="X">knjige</wf>
         <wf lemma="." pos="X">.</wf>
      </sentence>
      <sentence id="d000.s371" source="wordnet-croatian">
         <wf lemma="Ana" pos="X">Ana</wf>
         <wf lemma="je" pos="X">je</wf>
         <wf lemma="kupila" pos="X">kupila</wf>
         <wf lemma="auto" pos="X">auto</wf>
         <wf lemma="koji" pos="X">koji</wf>
         <wf lemma="ide" pos="X">ide</wf>
         <wf lemma="na" pos="X">na</wf>
         <instance id="d000.s371.t000" lemma="struja" pos="NOUN">struju</instance>
         <wf lemma="." pos="X">.</wf>
      </sentence>
      <sentence id="d000.s372" source="wordnet-croatian">
         <wf lemma="Gorko" pos="X">Gorko</wf>
         <wf lemma="je" pos="X">je</wf>
         <instance id="d000.s372.t000" lemma="plakati" pos="VERB">plakala</instance>
         <wf lemma="nakon" pos="X">nakon</wf>
         <wf lemma="što" pos="X">što</wf>
         <wf lemma="je" pos="X">je</wf>
         <wf lemma="čula" pos="X">čula</wf>
         <wf lemma="da" pos="X">da</wf>
         <wf lemma="je" pos="X">je</wf>
         <wf lemma="preminuo" pos="X">preminuo</wf>
         <wf lemma="." pos="X">.</wf>
      </sentence>
      <sentence id="d000.s373" source="wordnet-croatian">
         <wf lemma="Kupila" pos="X">Kupila</wf>
         <wf lemma="sam" pos="X">sam</wf>
         <wf lemma="vanjsku" pos="X">vanjsku</wf>
         <instance id="d000.s373.t000" lemma="memorija" pos="NOUN">memoriju</instance>
         <wf lemma="za" pos="X">za</wf>
         <wf lemma="spremanje" pos="X">spremanje</wf>
         <wf lemma="velikih" pos="X">velikih</wf>
         <wf lemma="dokumenata" pos="X">dokumenata</wf>
         <wf lemma="." pos="X">.</wf>
      </sentence>
      <sentence id="d000.s374" source="wordnet-croatian">
         <wf lemma="Njegov" pos="X">Njegov</wf>
         <instance id="d000.s374.t000" lemma="glas" pos="NOUN">glas</instance>
         <wf lemma="presudio" pos="X">presudio</wf>
         <wf lemma="je" pos="X">je</wf>
         <wf lemma="u" pos="X">u</wf>
         <wf lemma="izboru" pos="X">izboru</wf>
         <wf lemma="novog" pos="X">novog</wf>
         <wf lemma="predsjednika" pos="X">predsjednika</wf>
         <wf lemma="tvrtke" pos="X">tvrtke</wf>
         <wf lemma="." pos="X">.</wf>
      </sentence>
      <sentence id="d000.s375" source="wordnet-croatian">
         <wf lemma="Prvu" pos="X">Prvu</wf>
         <wf lemma="sam" pos="X">sam</wf>
         <instance id="d000.s375.t000" lemma="kapica" pos="NOUN">kapicu</instance>
         <wf lemma="dobio" pos="X">dobio</wf>
         <wf lemma="od" pos="X">od</wf>
         <wf lemma="bake" pos="X">bake</wf>
         <wf lemma="." pos="X">.</wf>
      </sentence>
      <sentence id="d000.s376" source="wordnet-croatian">
         <wf lemma="Lako" pos="X">Lako</wf>
         <wf lemma="je" pos="X">je</wf>
         <wf lemma="odredio" pos="X">odredio</wf>
         <instance id="d000.s376.t000" lemma="položaj" pos="NOUN">položaj</instance>
         <wf lemma="njegove" pos="X">njegove</wf>
         <wf lemma="kuće" pos="X">kuće</wf>
         <wf lemma="u" pos="X">u</wf>
         <wf lemma="odnosu" pos="X">odnosu</wf>
         <wf lemma="na" pos="X">na</wf>
         <wf lemma="crkvu" pos="X">crkvu</wf>
         <wf lemma="." pos="X">.</wf>
      </sentence>
      <sentence id="d000.s377" source="wordnet-croatian">
         <wf lemma="Dolina" pos="X">Dolina</wf>
         <wf lemma="je" pos="X">je</wf>
         <instance id="d000.s377.t000" lemma="sezati" pos="VERB">sezala</instance>
         <wf lemma="sve" pos="X">sve</wf>
         <wf lemma="do" pos="X">do</wf>
         <wf lemma="mora" pos="X">mora</wf>
         <wf lemma="." pos="X">.</wf>
      </sentence>
      <sentence id="d000.s378" source="wordnet-croatian">
         <wf lemma="Kada" pos="X">Kada</wf>
         <wf lemma="je" pos="X">je</wf>
         <wf lemma="u" pos="X">u</wf>
         <instance id="d000.s378.t000" lemma="spis" pos="NOUN">spisu</instance>
         <wf lemma="o" pos="X">o</wf>
         <wf lemma="organiziranom" pos="X">organiziranom</wf>
         <wf lemma="kriminalu" pos="X">kriminalu</wf>
         <wf lemma="ugledala" pos="X">ugledala</wf>
         <wf lemma="prijateljevo" pos="X">prijateljevo</wf>
         <wf lemma="ime" pos="X">ime</wf>
         <wf lemma="," pos="X">,</wf>
         <wf lemma="oblio" pos="X">oblio</wf>
         <wf lemma="ju" pos="X">ju</wf>
         <wf lemma="je" pos="X">je</wf>
         <wf lemma="hladan" pos="X">hladan</wf>
         <wf lemma="znoj" pos="X">znoj</wf>
         <wf lemma="." pos="X">.</wf>
      </sentence>
      <sentence id="d000.s379" source="wordnet-croatian">
         <wf lemma="Kritizirali" pos="X">Kritizirali</wf>
         <wf lemma="su" pos="X">su</wf>
         <wf lemma="njegovo" pos="X">njegovo</wf>
         <wf lemma="nepouzdano" pos="X">nepouzdano</wf>
         <instance id="d000.s379.t000" lemma="izvršavanje" pos="NOUN">izvršavanje</instance>
         <wf lemma="obaveza" pos="X">obaveza</wf>
         <wf lemma="." pos="X">.</wf>
      </sentence>
      <sentence id="d000.s380" source="wordnet-croatian">
         <wf lemma="Sam" pos="X">Sam</wf>
         <wf lemma="je" pos="X">je</wf>
         <wf lemma="punio" pos="X">punio</wf>
         <instance id="d000.s380.t000" lemma="upaljač" pos="NOUN">upaljač</instance>
         <wf lemma="plinom" pos="X">plinom</wf>
         <wf lemma="." pos="X">.</wf>
      </sentence>
      <sentence id="d000.s381" source="wordnet-croatian">
         <wf lemma="Para" pos="X">Para</wf>
         <instance id="d000.s381.t000" lemma="pokretati" pos="VERB">pokreće</instance>
         <wf lemma="parobrode" pos="X">parobrode</wf>
         <wf lemma="." pos="X">.</wf>
      </sentence>
      <sentence id="d000.s382" source="wordnet-croatian">
         <wf lemma="Kod" pos="X">Kod</wf>
         <wf lemma="radijalnih" pos="X">radijalnih</wf>
         <wf lemma="ventilatora" pos="X">ventilatora</wf>
         <wf lemma="zrak" pos="X">zrak</wf>
         <wf lemma="izlazi" pos="X">izlazi</wf>
         <wf lemma="okomito" pos="X">okomito</wf>
         <wf lemma="na" pos="X">na</wf>
         <instance id="d000.s382.t000" lemma="os" pos="NOUN">os</instance>
         <wf lemma="vrtnje" pos="X">vrtnje</wf>
         <wf lemma="." pos="X">.</wf>
      </sentence>
      <sentence id="d000.s383" source="wordnet-croatian">
         <wf lemma="Sudac" pos="X">Sudac</wf>
         <wf lemma="je" pos="X">je</wf>
         <instance id="d000.s383.t000" lemma="preinačiti" pos="VERB">preinačio</instance>
         <wf lemma="presudu" pos="X">presudu</wf>
         <wf lemma="." pos="X">.</wf>
      </sentence>
      <sentence id="d000.s384" source="wordnet-croatian">
         <wf lemma="Tvoji" pos="X">Tvoji</wf>
         <instance id="d000.s384.t000" lemma="signal" pos="NOUN">signali</instance>
         <wf lemma="u" pos="X">u</wf>
         <wf lemma="noći" pos="X">noći</wf>
         <wf lemma="držali" pos="X">držali</wf>
         <wf lemma="su" pos="X">su</wf>
         <wf lemma="me" pos="X">me</wf>
         <wf lemma="budnom" pos="X">budnom</wf>
         <wf lemma="." pos="X">.</wf>
      </sentence>
      <sentence id="d000.s385" source="wordnet-croatian">
         <wf lemma="Nije" pos="X">Nije</wf>
         <wf lemma="voljela" pos="X">voljela</wf>
         <wf lemma="nositi" pos="X">nositi</wf>
         <instance id="d000.s385.t000" lemma="nakit" pos="NOUN">nakit</instance>
         <wf lemma="." pos="X">.</wf>
      </sentence>
      <sentence id="d000.s386" source="wordnet-croatian">
         <wf lemma="Konačno" pos="X">Konačno</wf>
         <wf lemma="su" pos="X">su</wf>
         <wf lemma="joj" pos="X">joj</wf>
         <wf lemma="ustupili" pos="X">ustupili</wf>
         <wf lemma="sve" pos="X">sve</wf>
         <wf lemma="pravne" pos="X">pravne</wf>
         <instance id="d000.s386.t000" lemma="dokument" pos="NOUN">dokumente</instance>
         <wf lemma="koje" pos="X">koje</wf>
         <wf lemma="je" pos="X">je</wf>
         <wf lemma="tražila" pos="X">tražila</wf>
         <wf lemma="od" pos="X">od</wf>
         <wf lemma="odvjetnika" pos="X">odvjetnika</wf>
         <wf lemma="." pos="X">.</wf>
      </sentence>
      <sentence id="d000.s387" source="wordnet-croatian">
         <wf lemma="U" pos="X">U</wf>
         <instance id="d000.s387.t000" lemma="okolica" pos="NOUN">okolici</instance>
         <wf lemma="Zagreba" pos="X">Zagreba</wf>
         <wf lemma="možete" pos="X">možete</wf>
         <wf lemma="pronaći" pos="X">pronaći</wf>
         <wf lemma="mnogo" pos="X">mnogo</wf>
         <wf lemma="eko-sela" pos="X">eko-sela</wf>
         <wf lemma="." pos="X">.</wf>
      </sentence>
      <sentence id="d000.s388" source="wordnet-croatian">
         <wf lemma="Pogledao" pos="X">Pogledao</wf>
         <wf lemma="je" pos="X">je</wf>
         <wf lemma="na" pos="X">na</wf>
         <instance id="d000.s388.t000" lemma="sat" pos="NOUN">sat</instance>
         <wf lemma="da" pos="X">da</wf>
         <wf lemma="vidi" pos="X">vidi</wf>
         <wf lemma="koliko" pos="X">koliko</wf>
         <wf lemma="još" pos="X">još</wf>
         <wf lemma="ima" pos="X">ima</wf>
         <wf lemma="vremena" pos="X">vremena</wf>
         <wf lemma="." pos="X">.</wf>
      </sentence>
      <sentence id="d000.s389" source="wordnet-croatian">
         <instance id="d000.s389.t000" lemma="pokretnost" pos="NOUN">Pokretnost</instance>
         <wf lemma="je" pos="X">je</wf>
         <wf lemma="ključna" pos="X">ključna</wf>
         <wf lemma="komponenta" pos="X">komponenta</wf>
         <wf lemma="za" pos="X">za</wf>
         <wf lemma="trošenje" pos="X">trošenje</wf>
         <wf lemma="masnoća" pos="X">masnoća</wf>
         <wf lemma="i" pos="X">i</wf>
         <wf lemma="korištenje" pos="X">korištenje</wf>
         <wf lemma="energije" pos="X">energije</wf>
         <wf lemma="." pos="X">.</wf>
      </sentence>
      <sentence id="d000.s390" source="wordnet-croatian">
         <instance id="d000.s390.t000" lemma="identifikacija" pos="NOUN">Identifikacija</instance>
         <wf lemma="trupla" pos="X">trupla</wf>
         <wf lemma="po" pos="X">po</wf>
         <wf lemma="tko" pos="X">tko</wf>
         <wf lemma="zna" pos="X">zna</wf>
         <wf lemma="koji" pos="X">koji</wf>
         <wf lemma="put" pos="X">put</wf>
         <wf lemma="nije" pos="X">nije</wf>
         <wf lemma="bila" pos="X">bila</wf>
         <wf lemma="uspješna" pos="X">uspješna</wf>
         <wf lemma="." pos="X">.</wf>
      </sentence>
      <sentence id="d000.s391" source="wordnet-croatian">
         <wf lemma="Policija" pos="X">Policija</wf>
         <wf lemma="je" pos="X">je</wf>
         <instance id="d000.s391.t000" lemma="skupiti" pos="VERB">skupila</instance>
         <wf lemma="dovoljno" pos="X">dovoljno</wf>
         <wf lemma="dokaza" pos="X">dokaza</wf>
         <wf lemma="za" pos="X">za</wf>
         <wf lemma="podizanje" pos="X">podizanje</wf>
         <wf lemma="optužnice" pos="X">optužnice</wf>
         <wf lemma="." pos="X">.</wf>
      </sentence>
      <sentence id="d000.s392" source="wordnet-croatian">
         <wf lemma="Probijanje" pos="X">Probijanje</wf>
         <wf lemma="kroz" pos="X">kroz</wf>
         <wf lemma="gomilu" pos="X">gomilu</wf>
         <wf lemma="bilo" pos="X">bilo</wf>
         <wf lemma="je" pos="X">je</wf>
         <wf lemma="prava" pos="X">prava</wf>
         <instance id="d000.s392.t000" lemma="borba" pos="NOUN">borba</instance>
         <wf lemma="za" pos="X">za</wf>
         <wf lemma="tako" pos="X">tako</wf>
         <wf lemma="malenu" pos="X">malenu</wf>
         <wf lemma="djevojčicu" pos="X">djevojčicu</wf>
         <wf lemma="." pos="X">.</wf>
      </sentence>
      <sentence id="d000.s393" source="wordnet-croatian">
         <wf lemma="On" pos="X">On</wf>
         <wf lemma="je" pos="X">je</wf>
         <wf lemma="naš" pos="X">naš</wf>
         <instance id="d000.s393.t000" lemma="djelatnik" pos="NOUN">djelatnik</instance>
         <wf lemma="mjeseca" pos="X">mjeseca</wf>
         <wf lemma="." pos="X">.</wf>
      </sentence>
      <sentence id="d000.s394" source="wordnet-croatian">
         <wf lemma="Trebamo" pos="X">Trebamo</wf>
         <wf lemma="konačno" pos="X">konačno</wf>
         <instance id="d000.s394.t000" lemma="izgladiti" pos="VERB">izgladiti</instance>
         <wf lemma="naše" pos="X">naše</wf>
         <wf lemma="nesuglasice" pos="X">nesuglasice</wf>
         <wf lemma="." pos="X">.</wf>
      </sentence>
      <sentence id="d000.s395" source="wordnet-croatian">
         <wf lemma="Kupili" pos="X">Kupili</wf>
         <wf lemma="su" pos="X">su</wf>
         <wf lemma="dizajnerske" pos="X">dizajnerske</wf>
         <instance id="d000.s395.t000" lemma="kanta" pos="NOUN">kante</instance>
         <wf lemma="za" pos="X">za</wf>
         <wf lemma="unutrašnjost" pos="X">unutrašnjost</wf>
         <wf lemma="bolnice" pos="X">bolnice</wf>
         <wf lemma="." pos="X">.</wf>
      </sentence>
      <sentence id="d000.s396" source="wordnet-croatian">
         <wf lemma="Našu" pos="X">Našu</wf>
         <wf lemma="kuhnju" pos="X">kuhnju</wf>
         <wf lemma="treba" pos="X">treba</wf>
         <instance id="d000.s396.t000" lemma="prilagoditi" pos="VERB">prilagoditi</instance>
         <wf lemma="potrebama" pos="X">potrebama</wf>
         <wf lemma="turizma" pos="X">turizma</wf>
         <wf lemma="." pos="X">.</wf>
      </sentence>
      <sentence id="d000.s397" source="wordnet-croatian">
         <wf lemma="Prezirao" pos="X">Prezirao</wf>
         <wf lemma="je" pos="X">je</wf>
         <instance id="d000.s397.t000" lemma="pokvarenost" pos="NOUN">pokvarenost</instance>
         <wf lemma="na" pos="X">na</wf>
         <wf lemma="koju" pos="X">koju</wf>
         <wf lemma="je" pos="X">je</wf>
         <wf lemma="nailazio" pos="X">nailazio</wf>
         <wf lemma="u" pos="X">u</wf>
         <wf lemma="međuljudskim" pos="X">međuljudskim</wf>
         <wf lemma="odnosima" pos="X">odnosima</wf>
         <wf lemma="." pos="X">.</wf>
      </sentence>
      <sentence id="d000.s398" source="wordnet-croatian">
         <wf lemma="Na" pos="X">Na</wf>
         <wf lemma="balkonu" pos="X">balkonu</wf>
         <instance id="d000.s398.t000" lemma="uzgajati" pos="VERB">uzgaja</instance>
         <wf lemma="rajčice" pos="X">rajčice</wf>
         <wf lemma="." pos="X">.</wf>
      </sentence>
      <sentence id="d000.s399" source="wordnet-croatian">
         <wf lemma="Bio" pos="X">Bio</wf>
         <wf lemma="je" pos="X">je</wf>
         <wf lemma="osoba" pos="X">osoba</wf>
         <wf lemma="s" pos="X">s</wf>
         <wf lemma="nevjerojatnim" pos="X">nevjerojatnim</wf>
         <instance id="d000.s399.t000" lemma="znanje" pos="NOUN">znanjem</instance>
         <wf lemma="." pos="X">.</wf>
      </sentence>
      <sentence id="d000.s400" source="wordnet-croatian">
         <instance id="d000.s400.t000" lemma="preokret" pos="NOUN">Preokret</instance>
         <wf lemma="u" pos="X">u</wf>
         <wf lemma="igri" pos="X">igri</wf>
         <wf lemma="momčadi" pos="X">momčadi</wf>
         <wf lemma="nastupio" pos="X">nastupio</wf>
         <wf lemma="je" pos="X">je</wf>
         <wf lemma="nakon" pos="X">nakon</wf>
         <wf lemma="očajničkih" pos="X">očajničkih</wf>
         <wf lemma="povika" pos="X">povika</wf>
         <wf lemma="trenera" pos="X">trenera</wf>
         <wf lemma="." pos="X">.</wf>
      </sentence>
      <sentence id="d000.s401" source="wordnet-croatian">
         <wf lemma="Treba" pos="X">Treba</wf>
         <wf lemma="biti" pos="X">biti</wf>
         <wf lemma="oprezan" pos="X">oprezan</wf>
         <wf lemma="pri" pos="X">pri</wf>
         <wf lemma="prelasku" pos="X">prelasku</wf>
         <wf lemma="na" pos="X">na</wf>
         <wf lemma="drugu" pos="X">drugu</wf>
         <wf lemma="stranu" pos="X">stranu</wf>
         <instance id="d000.s401.t000" lemma="cesta" pos="NOUN">ceste</instance>
         <wf lemma="." pos="X">.</wf>
      </sentence>
      <sentence id="d000.s402" source="wordnet-croatian">
         <wf lemma="Poznato" pos="X">Poznato</wf>
         <wf lemma="je" pos="X">je</wf>
         <wf lemma="da" pos="X">da</wf>
         <instance id="d000.s402.t000" lemma="vježba" pos="NOUN">vježba</instance>
         <wf lemma="čini" pos="X">čini</wf>
         <wf lemma="majstora" pos="X">majstora</wf>
         <wf lemma="." pos="X">.</wf>
      </sentence>
      <sentence id="d000.s403" source="wordnet-croatian">
         <wf lemma="Nakon" pos="X">Nakon</wf>
         <instance id="d000.s403.t000" lemma="korekcija" pos="NOUN">korekcija</instance>
         <wf lemma="uređaj" pos="X">uređaj</wf>
         <wf lemma="je" pos="X">je</wf>
         <wf lemma="opet" pos="X">opet</wf>
         <wf lemma="pušten" pos="X">pušten</wf>
         <wf lemma="u" pos="X">u</wf>
         <wf lemma="prodaju" pos="X">prodaju</wf>
         <wf lemma="." pos="X">.</wf>
      </sentence>
      <sentence id="d000.s404" source="wordnet-croatian">
         <wf lemma="Izvan" pos="X">Izvan</wf>
         <wf lemma="turističke" pos="X">turističke</wf>
         <wf lemma="sezone" pos="X">sezone</wf>
         <wf lemma="trgovine" pos="X">trgovine</wf>
         <wf lemma="na" pos="X">na</wf>
         <wf lemma="moru" pos="X">moru</wf>
         <wf lemma="imaju" pos="X">imaju</wf>
         <wf lemma="slab" pos="X">slab</wf>
         <instance id="d000.s404.t000" lemma="promet" pos="NOUN">promet</instance>
         <wf lemma="." pos="X">.</wf>
      </sentence>
      <sentence id="d000.s405" source="wordnet-croatian">
         <instance id="d000.s405.t000" lemma="pobožan" pos="ADJ">Pobožne</instance>
         <wf lemma="žene" pos="X">žene</wf>
         <wf lemma="nikada" pos="X">nikada</wf>
         <wf lemma="se" pos="X">se</wf>
         <wf lemma="nisu" pos="X">nisu</wf>
         <wf lemma="manje" pos="X">manje</wf>
         <wf lemma="cijenile" pos="X">cijenile</wf>
         <wf lemma="." pos="X">.</wf>
      </sentence>
      <sentence id="d000.s406" source="wordnet-croatian">
         <instance id="d000.s406.t000" lemma="obrada" pos="NOUN">Obrada</instance>
         <wf lemma="novopristiglih" pos="X">novopristiglih</wf>
         <wf lemma="podataka" pos="X">podataka</wf>
         <wf lemma="odvijala" pos="X">odvijala</wf>
         <wf lemma="se" pos="X">se</wf>
         <wf lemma="čitavu" pos="X">čitavu</wf>
         <wf lemma="noć." pos="X">noć.</wf>
      </sentence>
      <sentence id="d000.s407" source="wordnet-croatian">
         <instance id="d000.s407.t000" lemma="preferiranje" pos="NOUN">Preferiranje</instance>
         <wf lemma="bijelaca" pos="X">bijelaca</wf>
         <wf lemma="u" pos="X">u</wf>
         <wf lemma="položajima" pos="X">položajima</wf>
         <wf lemma="vlasti" pos="X">vlasti</wf>
         <wf lemma="i" pos="X">i</wf>
         <wf lemma="dalje" pos="X">dalje</wf>
         <wf lemma="je" pos="X">je</wf>
         <wf lemma="problem" pos="X">problem</wf>
         <wf lemma="zapadnih" pos="X">zapadnih</wf>
         <wf lemma="društava" pos="X">društava</wf>
         <wf lemma="." pos="X">.</wf>
      </sentence>
      <sentence id="d000.s408" source="wordnet-croatian">
         <instance id="d000.s408.t000" lemma="frižider" pos="NOUN">Frižider</instance>
         <wf lemma="joj" pos="X">joj</wf>
         <wf lemma="je" pos="X">je</wf>
         <wf lemma="bio" pos="X">bio</wf>
         <wf lemma="potpuno" pos="X">potpuno</wf>
         <wf lemma="prazan" pos="X">prazan</wf>
         <wf lemma="pa" pos="X">pa</wf>
         <wf lemma="je" pos="X">je</wf>
         <wf lemma="odlučila" pos="X">odlučila</wf>
         <wf lemma="da" pos="X">da</wf>
         <wf lemma="konačno" pos="X">konačno</wf>
         <wf lemma="mora" pos="X">mora</wf>
         <wf lemma="otići" pos="X">otići</wf>
         <wf lemma="do" pos="X">do</wf>
         <wf lemma="dućana" pos="X">dućana</wf>
         <wf lemma="." pos="X">.</wf>
      </sentence>
      <sentence id="d000.s409" source="wordnet-croatian">
         <wf lemma="Loša" pos="X">Loša</wf>
         <instance id="d000.s409.t000" lemma="sreća" pos="NOUN">sreća</instance>
         <wf lemma="bila" pos="X">bila</wf>
         <wf lemma="je" pos="X">je</wf>
         <wf lemma="uzrokom" pos="X">uzrokom</wf>
         <wf lemma="njegove" pos="X">njegove</wf>
         <wf lemma="propasti" pos="X">propasti</wf>
         <wf lemma="." pos="X">.</wf>
      </sentence>
      <sentence id="d000.s410" source="wordnet-croatian">
         <wf lemma="Za" pos="X">Za</wf>
         <instance id="d000.s410.t000" lemma="nadzor" pos="NOUN">nadzor</instance>
         <wf lemma="proizvodnje" pos="X">proizvodnje</wf>
         <wf lemma="zaduženi" pos="X">zaduženi</wf>
         <wf lemma="su" pos="X">su</wf>
         <wf lemma="predradnici" pos="X">predradnici</wf>
         <wf lemma="." pos="X">.</wf>
      </sentence>
      <sentence id="d000.s411" source="wordnet-croatian">
         <wf lemma="Krivo" pos="X">Krivo</wf>
         <wf lemma="je" pos="X">je</wf>
         <instance id="d000.s411.t000" lemma="napisati" pos="VERB">napisao</instance>
         <wf lemma="ime" pos="X">ime</wf>
         <wf lemma="stranog" pos="X">stranog</wf>
         <wf lemma="predavača" pos="X">predavača</wf>
         <wf lemma="." pos="X">.</wf>
      </sentence>
      <sentence id="d000.s412" source="wordnet-croatian">
         <wf lemma="Novine" pos="X">Novine</wf>
         <wf lemma="su" pos="X">su</wf>
         <wf lemma="postale" pos="X">postale</wf>
         <wf lemma="pune" pos="X">pune</wf>
         <instance id="d000.s412.t000" lemma="slika" pos="NOUN">slikama</instance>
         <wf lemma="." pos="X">.</wf>
      </sentence>
      <sentence id="d000.s413" source="wordnet-croatian">
         <wf lemma="Odbor" pos="X">Odbor</wf>
         <wf lemma="je" pos="X">je</wf>
         <wf lemma="saslušao" pos="X">saslušao</wf>
         <wf lemma="njezin" pos="X">njezin</wf>
         <instance id="d000.s413.t000" lemma="prijedlog" pos="NOUN">prijedlog</instance>
         <wf lemma="o" pos="X">o</wf>
         <wf lemma="restrukturiranju" pos="X">restrukturiranju</wf>
         <wf lemma="tvrtke" pos="X">tvrtke</wf>
         <wf lemma="." pos="X">.</wf>
      </sentence>
      <sentence id="d000.s414" source="wordnet-croatian">
         <wf lemma="Po" pos="X">Po</wf>
         <wf lemma="biološkoj" pos="X">biološkoj</wf>
         <instance id="d000.s414.t000" lemma="klasifikacija" pos="NOUN">klasifikaciji</instance>
         <wf lemma="biolozi" pos="X">biolozi</wf>
         <wf lemma="grupiraju" pos="X">grupiraju</wf>
         <wf lemma="živuće" pos="X">živuće</wf>
         <wf lemma="i" pos="X">i</wf>
         <wf lemma="izumrle" pos="X">izumrle</wf>
         <wf lemma="vrste" pos="X">vrste</wf>
         <wf lemma="i" pos="X">i</wf>
         <wf lemma="organizme" pos="X">organizme</wf>
         <wf lemma="." pos="X">.</wf>
      </sentence>
      <sentence id="d000.s415" source="wordnet-croatian">
         <wf lemma="Najčešći" pos="X">Najčešći</wf>
         <wf lemma="su" pos="X">su</wf>
         <instance id="d000.s415.t000" lemma="vodič" pos="NOUN">vodiči</instance>
         <wf lemma="metali" pos="X">metali</wf>
         <wf lemma="." pos="X">.</wf>
      </sentence>
      <sentence id="d000.s416" source="wordnet-croatian">
         <wf lemma="Policija" pos="X">Policija</wf>
         <wf lemma="ga" pos="X">ga</wf>
         <wf lemma="je" pos="X">je</wf>
         <instance id="d000.s416.t000" lemma="slijediti" pos="VERB">slijedila</instance>
         <wf lemma="tjednima" pos="X">tjednima</wf>
         <wf lemma="," pos="X">,</wf>
         <wf lemma="ali" pos="X">ali</wf>
         <wf lemma="nije" pos="X">nije</wf>
         <wf lemma="uspjela" pos="X">uspjela</wf>
         <wf lemma="dokazati" pos="X">dokazati</wf>
         <wf lemma="njegovu" pos="X">njegovu</wf>
         <wf lemma="povezanost" pos="X">povezanost</wf>
         <wf lemma="s" pos="X">s</wf>
         <wf lemma="bombaškim" pos="X">bombaškim</wf>
         <wf lemma="napadom" pos="X">napadom</wf>
         <wf lemma="." pos="X">.</wf>
      </sentence>
      <sentence id="d000.s417" source="wordnet-croatian">
         <wf lemma="Na" pos="X">Na</wf>
         <wf lemma="što" pos="X">što</wf>
         <wf lemma="točno" pos="X">točno</wf>
         <instance id="d000.s417.t000" lemma="ciljati" pos="VERB">ciljaš</instance>
         <wf lemma="kada" pos="X">kada</wf>
         <wf lemma="kažeš" pos="X">kažeš</wf>
         <wf lemma="da" pos="X">da</wf>
         <wf lemma="ćeš" pos="X">ćeš</wf>
         <wf lemma="pobiti" pos="X">pobiti</wf>
         <wf lemma="sve" pos="X">sve</wf>
         <wf lemma="u" pos="X">u</wf>
         <wf lemma="štetočine" pos="X">štetočine</wf>
         <wf lemma="u" pos="X">u</wf>
         <wf lemma="kući" pos="X">kući</wf>
         <wf lemma="?" pos="X">?</wf>
      </sentence>
      <sentence id="d000.s418" source="wordnet-croatian">
         <wf lemma="U" pos="X">U</wf>
         <wf lemma="Hrvatskoj" pos="X">Hrvatskoj</wf>
         <wf lemma="se" pos="X">se</wf>
         <wf lemma="najbolje" pos="X">najbolje</wf>
         <instance id="d000.s418.t000" lemma="mandarina" pos="NOUN">mandarine</instance>
         <wf lemma="proizvode" pos="X">proizvode</wf>
         <wf lemma="u" pos="X">u</wf>
         <wf lemma="dolini" pos="X">dolini</wf>
         <wf lemma="rijeke" pos="X">rijeke</wf>
         <wf lemma="Neretve" pos="X">Neretve</wf>
         <wf lemma="." pos="X">.</wf>
      </sentence>
      <sentence id="d000.s419" source="wordnet-croatian">
         <wf lemma="U" pos="X">U</wf>
         <wf lemma="jučerašnjim" pos="X">jučerašnjim</wf>
         <wf lemma="novinama" pos="X">novinama</wf>
         <wf lemma="osvanulo" pos="X">osvanulo</wf>
         <wf lemma="je" pos="X">je</wf>
         <wf lemma="njegovo" pos="X">njegovo</wf>
         <instance id="d000.s419.t000" lemma="povlačenje" pos="NOUN">povlačenje</instance>
         <wf lemma="prijašnjih" pos="X">prijašnjih</wf>
         <wf lemma="optužbi" pos="X">optužbi</wf>
         <wf lemma="." pos="X">.</wf>
      </sentence>
      <sentence id="d000.s420" source="wordnet-croatian">
         <instance id="d000.s420.t000" lemma="velik" pos="ADJ">Veliki</instance>
         <wf lemma="dio" pos="X">dio</wf>
         <wf lemma="populacije" pos="X">populacije</wf>
         <wf lemma="podržavao" pos="X">podržavao</wf>
         <wf lemma="je" pos="X">je</wf>
         <wf lemma="njegovu" pos="X">njegovu</wf>
         <wf lemma="kampanju" pos="X">kampanju</wf>
         <wf lemma="." pos="X">.</wf>
      </sentence>
      <sentence id="d000.s421" source="wordnet-croatian">
         <wf lemma="Odjenula" pos="X">Odjenula</wf>
         <wf lemma="je" pos="X">je</wf>
         <wf lemma="svoje" pos="X">svoje</wf>
         <wf lemma="nedjeljno" pos="X">nedjeljno</wf>
         <instance id="d000.s421.t000" lemma="ruho" pos="NOUN">ruho</instance>
         <wf lemma="i" pos="X">i</wf>
         <wf lemma="pošla" pos="X">pošla</wf>
         <wf lemma="u" pos="X">u</wf>
         <wf lemma="crkvu" pos="X">crkvu</wf>
         <wf lemma="." pos="X">.</wf>
      </sentence>
      <sentence id="d000.s422" source="wordnet-croatian">
         <wf lemma="Najgora" pos="X">Najgora</wf>
         <instance id="d000.s422.t000" lemma="smrt" pos="NOUN">smrt</instance>
         <wf lemma="bila" pos="X">bila</wf>
         <wf lemma="bi" pos="X">bi</wf>
         <wf lemma="spontano" pos="X">spontano</wf>
         <wf lemma="zapaljenje" pos="X">zapaljenje</wf>
         <wf lemma="očiju" pos="X">očiju</wf>
         <wf lemma="i" pos="X">i</wf>
         <wf lemma="potom" pos="X">potom</wf>
         <wf lemma="mozga" pos="X">mozga</wf>
         <wf lemma="zbog" pos="X">zbog</wf>
         <wf lemma="pretjeranog" pos="X">pretjeranog</wf>
         <wf lemma="gledanja" pos="X">gledanja</wf>
         <wf lemma="u" pos="X">u</wf>
         <wf lemma="računalo" pos="X">računalo</wf>
         <wf lemma="." pos="X">.</wf>
      </sentence>
      <sentence id="d000.s423" source="wordnet-croatian">
         <wf lemma="Automobil" pos="X">Automobil</wf>
         <wf lemma="je" pos="X">je</wf>
         <wf lemma="vozilo" pos="X">vozilo</wf>
         <wf lemma="na" pos="X">na</wf>
         <wf lemma="četiri" pos="X">četiri</wf>
         <wf lemma="," pos="X">,</wf>
         <wf lemma="a" pos="X">a</wf>
         <wf lemma="bicikl" pos="X">bicikl</wf>
         <wf lemma="na" pos="X">na</wf>
         <wf lemma="dva" pos="X">dva</wf>
         <instance id="d000.s423.t000" lemma="kotač" pos="NOUN">kotača</instance>
         <wf lemma="." pos="X">.</wf>
      </sentence>
      <sentence id="d000.s424" source="wordnet-croatian">
         <wf lemma="Na" pos="X">Na</wf>
         <instance id="d000.s424.t000" lemma="dno" pos="NOUN">dnu</instance>
         <wf lemma="moje" pos="X">moje</wf>
         <wf lemma="ulice" pos="X">ulice</wf>
         <wf lemma="nalazi" pos="X">nalazi</wf>
         <wf lemma="se" pos="X">se</wf>
         <wf lemma="dućan" pos="X">dućan</wf>
         <wf lemma="." pos="X">.</wf>
      </sentence>
      <sentence id="d000.s425" source="wordnet-croatian">
         <instance id="d000.s425.t000" lemma="tulumariti" pos="VERB">Tulumarili</instance>
         <wf lemma="smo" pos="X">smo</wf>
         <wf lemma="cijelu" pos="X">cijelu</wf>
         <wf lemma="noć." pos="X">noć.</wf>
      </sentence>
      <sentence id="d000.s426" source="wordnet-croatian">
         <wf lemma="Uvijek" pos="X">Uvijek</wf>
         <wf lemma="mu" pos="X">mu</wf>
         <wf lemma="je" pos="X">je</wf>
         <wf lemma="govorila" pos="X">govorila</wf>
         <wf lemma="da" pos="X">da</wf>
         <wf lemma="u" pos="X">u</wf>
         <wf lemma="prometu" pos="X">prometu</wf>
         <wf lemma="pazi" pos="X">pazi</wf>
         <wf lemma="na" pos="X">na</wf>
         <instance id="d000.s426.t000" lemma="odstojanje" pos="NOUN">odstojanje</instance>
         <wf lemma="." pos="X">.</wf>
      </sentence>
      <sentence id="d000.s427" source="wordnet-croatian">
         <wf lemma="Budno" pos="X">Budno</wf>
         <wf lemma="je" pos="X">je</wf>
         <wf lemma="pazila" pos="X">pazila</wf>
         <wf lemma="da" pos="X">da</wf>
         <wf lemma="nitko" pos="X">nitko</wf>
         <wf lemma="ne" pos="X">ne</wf>
         <wf lemma="prilazi" pos="X">prilazi</wf>
         <instance id="d000.s427.t000" lemma="kabinet" pos="NOUN">kabinetu</instance>
         <wf lemma="i" pos="X">i</wf>
         <wf lemma="kopa" pos="X">kopa</wf>
         <wf lemma="po" pos="X">po</wf>
         <wf lemma="njezinim" pos="X">njezinim</wf>
         <wf lemma="dokumentima" pos="X">dokumentima</wf>
         <wf lemma="." pos="X">.</wf>
      </sentence>
      <sentence id="d000.s428" source="wordnet-croatian">
         <wf lemma="Bez" pos="X">Bez</wf>
         <wf lemma="borbe" pos="X">borbe</wf>
         <wf lemma="su" pos="X">su</wf>
         <instance id="d000.s428.t000" lemma="prepustiti" pos="VERB">prepustili</instance>
         <wf lemma="grad" pos="X">grad</wf>
         <wf lemma="neprijatelju" pos="X">neprijatelju</wf>
         <wf lemma="." pos="X">.</wf>
      </sentence>
      <sentence id="d000.s429" source="wordnet-croatian">
         <wf lemma="Bio" pos="X">Bio</wf>
         <wf lemma="je" pos="X">je</wf>
         <wf lemma="to" pos="X">to</wf>
         <wf lemma="odličan" pos="X">odličan</wf>
         <wf lemma="udarac" pos="X">udarac</wf>
         <wf lemma="," pos="X">,</wf>
         <wf lemma="ali" pos="X">ali</wf>
         <wf lemma="je" pos="X">je</wf>
         <wf lemma="lopta" pos="X">lopta</wf>
         <wf lemma="udarila" pos="X">udarila</wf>
         <instance id="d000.s429.t000" lemma="prečka" pos="NOUN">prečku</instance>
         <wf lemma="." pos="X">.</wf>
      </sentence>
      <sentence id="d000.s430" source="wordnet-croatian">
         <wf lemma="U" pos="X">U</wf>
         <wf lemma="sudaru" pos="X">sudaru</wf>
         <wf lemma="je" pos="X">je</wf>
         <instance id="d000.s430.t000" lemma="pretrpjeti" pos="VERB">pretrpjela</instance>
         <wf lemma="tešku" pos="X">tešku</wf>
         <wf lemma="ozljedu" pos="X">ozljedu</wf>
         <wf lemma="vrata" pos="X">vrata</wf>
         <wf lemma="." pos="X">.</wf>
      </sentence>
      <sentence id="d000.s431" source="wordnet-croatian">
         <wf lemma="Cijelo" pos="X">Cijelo</wf>
         <wf lemma="popodne" pos="X">popodne</wf>
         <wf lemma="je" pos="X">je</wf>
         <instance id="d000.s431.t000" lemma="razmišljati" pos="VERB">razmišljao</instance>
         <wf lemma="o" pos="X">o</wf>
         <wf lemma="mogućim" pos="X">mogućim</wf>
         <wf lemma="posljedicam" pos="X">posljedicam</wf>
         <wf lemma="svoga" pos="X">svoga</wf>
         <wf lemma="postupka" pos="X">postupka</wf>
         <wf lemma="." pos="X">.</wf>
      </sentence>
      <sentence id="d000.s432" source="wordnet-croatian">
         <wf lemma="U" pos="X">U</wf>
         <wf lemma="svakom" pos="X">svakom</wf>
         <wf lemma="je" pos="X">je</wf>
         <wf lemma="trenutku" pos="X">trenutku</wf>
         <wf lemma="najvažnije" pos="X">najvažnije</wf>
         <wf lemma="ostati" pos="X">ostati</wf>
         <instance id="d000.s432.t000" lemma="zdrav" pos="ADJ">zdrav</instance>
         <wf lemma="." pos="X">.</wf>
      </sentence>
      <sentence id="d000.s433" source="wordnet-croatian">
         <wf lemma="Važni" pos="X">Važni</wf>
         <wf lemma="potezi" pos="X">potezi</wf>
         <wf lemma="zahtijevaju" pos="X">zahtijevaju</wf>
         <instance id="d000.s433.t000" lemma="reciprocitet" pos="NOUN">reciprocitet</instance>
         <wf lemma="u" pos="X">u</wf>
         <wf lemma="obliku" pos="X">obliku</wf>
         <wf lemma="poštovanja" pos="X">poštovanja</wf>
         <wf lemma="ljudskih" pos="X">ljudskih</wf>
         <wf lemma="prava" pos="X">prava</wf>
         <wf lemma="," pos="X">,</wf>
         <wf lemma="slobode" pos="X">slobode</wf>
         <wf lemma="tiska" pos="X">tiska</wf>
         <wf lemma="i" pos="X">i</wf>
         <wf lemma="vladavine" pos="X">vladavine</wf>
         <wf lemma="zakona" pos="X">zakona</wf>
         <wf lemma="." pos="X">.</wf>
      </sentence>
      <sentence id="d000.s434" source="wordnet-croatian">
         <wf lemma="Njegova" pos="X">Njegova</wf>
         <wf lemma="ih" pos="X">ih</wf>
         <wf lemma="je" pos="X">je</wf>
         <instance id="d000.s434.t000" lemma="razboritost" pos="NOUN">razboritost</instance>
         <wf lemma="spasila" pos="X">spasila</wf>
         <wf lemma="od" pos="X">od</wf>
         <wf lemma="sigurne" pos="X">sigurne</wf>
         <wf lemma="smrti" pos="X">smrti</wf>
         <wf lemma="." pos="X">.</wf>
      </sentence>
      <sentence id="d000.s435" source="wordnet-croatian">
         <wf lemma="Miš" pos="X">Miš</wf>
         <wf lemma="je" pos="X">je</wf>
         <wf lemma="ulovljen" pos="X">ulovljen</wf>
         <wf lemma="u" pos="X">u</wf>
         <instance id="d000.s435.t000" lemma="klopka" pos="NOUN">klopku</instance>
         <wf lemma="." pos="X">.</wf>
      </sentence>
      <sentence id="d000.s436" source="wordnet-croatian">
         <wf lemma="Mama" pos="X">Mama</wf>
         <wf lemma="mi" pos="X">mi</wf>
         <wf lemma="je" pos="X">je</wf>
         <wf lemma="napisala" pos="X">napisala</wf>
         <wf lemma="detaljan" pos="X">detaljan</wf>
         <wf lemma="opis" pos="X">opis</wf>
         <instance id="d000.s436.t000" lemma="postupak" pos="NOUN">postupka</instance>
         <wf lemma="pripreme" pos="X">pripreme</wf>
         <wf lemma="čokoladne" pos="X">čokoladne</wf>
         <wf lemma="torte" pos="X">torte</wf>
         <wf lemma="." pos="X">.</wf>
      </sentence>
      <sentence id="d000.s437" source="wordnet-croatian">
         <wf lemma="Prije" pos="X">Prije</wf>
         <wf lemma="nego" pos="X">nego</wf>
         <wf lemma="se" pos="X">se</wf>
         <wf lemma="brod" pos="X">brod</wf>
         <wf lemma="spušta" pos="X">spušta</wf>
         <wf lemma="u" pos="X">u</wf>
         <wf lemma="vodu" pos="X">vodu</wf>
         <wf lemma="moraju" pos="X">moraju</wf>
         <wf lemma="se" pos="X">se</wf>
         <wf lemma="provjeriti" pos="X">provjeriti</wf>
         <wf lemma="usisni" pos="X">usisni</wf>
         <wf lemma="i" pos="X">i</wf>
         <wf lemma="ispusni" pos="X">ispusni</wf>
         <instance id="d000.s437.t000" lemma="pipac" pos="NOUN">pipci</instance>
         <wf lemma="." pos="X">.</wf>
      </sentence>
      <sentence id="d000.s438" source="wordnet-croatian">
         <wf lemma="Jezični" pos="X">Jezični</wf>
         <wf lemma="znak" pos="X">znak</wf>
         <wf lemma="sastoji" pos="X">sastoji</wf>
         <wf lemma="se" pos="X">se</wf>
         <wf lemma="od" pos="X">od</wf>
         <instance id="d000.s438.t000" lemma="označitelj" pos="NOUN">označitelja</instance>
         <wf lemma="i" pos="X">i</wf>
         <wf lemma="označenoga" pos="X">označenoga</wf>
         <wf lemma="." pos="X">.</wf>
      </sentence>
      <sentence id="d000.s439" source="wordnet-croatian">
         <wf lemma="Svi" pos="X">Svi</wf>
         <wf lemma="su" pos="X">su</wf>
         <wf lemma="stigli" pos="X">stigli</wf>
         <wf lemma="malo" pos="X">malo</wf>
         <wf lemma="prije" pos="X">prije</wf>
         <instance id="d000.s439.t000" lemma="početak" pos="NOUN">početka</instance>
         <wf lemma="predavanja" pos="X">predavanja</wf>
         <wf lemma="." pos="X">.</wf>
      </sentence>
      <sentence id="d000.s440" source="wordnet-croatian">
         <wf lemma="Slavko" pos="X">Slavko</wf>
         <wf lemma="je" pos="X">je</wf>
         <instance id="d000.s440.t000" lemma="obavljati" pos="VERB">obavljao</instance>
         <wf lemma="posliće" pos="X">posliće</wf>
         <wf lemma="u" pos="X">u</wf>
         <wf lemma="stožeru" pos="X">stožeru</wf>
         <wf lemma="." pos="X">.</wf>
      </sentence>
      <sentence id="d000.s441" source="wordnet-croatian">
         <instance id="d000.s441.t000" lemma="prekinuti" pos="VERB">Prekinula</instance>
         <wf lemma="je" pos="X">je</wf>
         <wf lemma="prijateljstvo" pos="X">prijateljstvo</wf>
         <wf lemma="nakon" pos="X">nakon</wf>
         <wf lemma="svađe" pos="X">svađe</wf>
         <wf lemma="." pos="X">.</wf>
      </sentence>
      <sentence id="d000.s442" source="wordnet-croatian">
         <wf lemma="Dok" pos="X">Dok</wf>
         <wf lemma="je" pos="X">je</wf>
         <wf lemma="hodala" pos="X">hodala</wf>
         <wf lemma="ulicom" pos="X">ulicom</wf>
         <wf lemma="," pos="X">,</wf>
         <wf lemma="iza" pos="X">iza</wf>
         <wf lemma="nje" pos="X">nje</wf>
         <wf lemma="je" pos="X">je</wf>
         <wf lemma="ostajao" pos="X">ostajao</wf>
         <instance id="d000.s442.t000" lemma="oblak" pos="NOUN">oblak</instance>
         <wf lemma="parfema" pos="X">parfema</wf>
         <wf lemma="." pos="X">.</wf>
      </sentence>
      <sentence id="d000.s443" source="wordnet-croatian">
         <instance id="d000.s443.t000" lemma="pecivo" pos="NOUN">Pecivo</instance>
         <wf lemma="sa" pos="X">sa</wf>
         <wf lemma="sezamom" pos="X">sezamom</wf>
         <wf lemma="idealno" pos="X">idealno</wf>
         <wf lemma="je" pos="X">je</wf>
         <wf lemma="za" pos="X">za</wf>
         <wf lemma="pravljenje" pos="X">pravljenje</wf>
         <wf lemma="sendviča" pos="X">sendviča</wf>
         <wf lemma="koje" pos="X">koje</wf>
         <wf lemma="možete" pos="X">možete</wf>
         <wf lemma="pojesti" pos="X">pojesti</wf>
         <wf lemma="u" pos="X">u</wf>
         <wf lemma="stanci" pos="X">stanci</wf>
         <wf lemma="za" pos="X">za</wf>
         <wf lemma="ručak" pos="X">ručak</wf>
         <wf lemma="." pos="X">.</wf>
      </sentence>
      <sentence id="d000.s444" source="wordnet-croatian">
         <wf lemma="Tvoje" pos="X">Tvoje</wf>
         <wf lemma="mi" pos="X">mi</wf>
         <wf lemma="sviranje" pos="X">sviranje</wf>
         <wf lemma="predstavlja" pos="X">predstavlja</wf>
         <instance id="d000.s444.t000" lemma="smetnja" pos="NOUN">smetnju</instance>
         <wf lemma="dok" pos="X">dok</wf>
         <wf lemma="učim" pos="X">učim</wf>
         <wf lemma="." pos="X">.</wf>
      </sentence>
      <sentence id="d000.s445" source="wordnet-croatian">
         <instance id="d000.s445.t000" lemma="opipati" pos="VERB">Opipaj</instance>
         <wf lemma="ovu" pos="X">ovu</wf>
         <wf lemma="meku" pos="X">meku</wf>
         <wf lemma="tkaninu" pos="X">tkaninu</wf>
         <wf lemma="." pos="X">.</wf>
      </sentence>
      <sentence id="d000.s446" source="wordnet-croatian">
         <wf lemma="Hrvatska" pos="X">Hrvatska</wf>
         <wf lemma="i" pos="X">i</wf>
         <wf lemma="Mađarska" pos="X">Mađarska</wf>
         <instance id="d000.s446.t000" lemma="blizak" pos="ADJ">bliski</instance>
         <wf lemma="su" pos="X">su</wf>
         <wf lemma="susjedi" pos="X">susjedi</wf>
         <wf lemma="." pos="X">.</wf>
      </sentence>
      <sentence id="d000.s447" source="wordnet-croatian">
         <wf lemma="Za" pos="X">Za</wf>
         <wf lemma="pokretanje" pos="X">pokretanje</wf>
         <wf lemma="programa" pos="X">programa</wf>
         <wf lemma="potreban" pos="X">potreban</wf>
         <wf lemma="je" pos="X">je</wf>
         <wf lemma="dvostruki" pos="X">dvostruki</wf>
         <wf lemma="lijevi" pos="X">lijevi</wf>
         <wf lemma="klik" pos="X">klik</wf>
         <instance id="d000.s447.t000" lemma="miš" pos="NOUN">mišem</instance>
         <wf lemma="." pos="X">.</wf>
      </sentence>
      <sentence id="d000.s448" source="wordnet-croatian">
         <wf lemma="Volim" pos="X">Volim</wf>
         <wf lemma="obiteljske" pos="X">obiteljske</wf>
         <wf lemma="ručkove" pos="X">ručkove</wf>
         <instance id="d000.s448.t000" lemma="nedjelja" pos="NOUN">nedjeljom</instance>
         <wf lemma="." pos="X">.</wf>
      </sentence>
      <sentence id="d000.s449" source="wordnet-croatian">
         <wf lemma="Komparativna" pos="X">Komparativna</wf>
         <wf lemma="književnost" pos="X">književnost</wf>
         <instance id="d000.s449.t000" lemma="komparirati" pos="VERB">komparira</instance>
         <wf lemma="književna" pos="X">književna</wf>
         <wf lemma="djela" pos="X">djela</wf>
         <wf lemma="." pos="X">.</wf>
      </sentence>
      <sentence id="d000.s450" source="wordnet-croatian">
         <wf lemma="Potreban" pos="X">Potreban</wf>
         <wf lemma="nam" pos="X">nam</wf>
         <wf lemma="je" pos="X">je</wf>
         <instance id="d000.s450.t000" lemma="jedinstven" pos="ADJ">jedinstven</instance>
         <wf lemma="pristup" pos="X">pristup</wf>
         <wf lemma="u" pos="X">u</wf>
         <wf lemma="rješavanju" pos="X">rješavanju</wf>
         <wf lemma="problema" pos="X">problema</wf>
         <wf lemma="u" pos="X">u</wf>
         <wf lemma="državi" pos="X">državi</wf>
         <wf lemma="." pos="X">.</wf>
      </sentence>
      <sentence id="d000.s451" source="wordnet-croatian">
         <wf lemma="Kirurg" pos="X">Kirurg</wf>
         <wf lemma="je" pos="X">je</wf>
         <wf lemma="najprije" pos="X">najprije</wf>
         <wf lemma="napravio" pos="X">napravio</wf>
         <wf lemma="precizan" pos="X">precizan</wf>
         <wf lemma="rez" pos="X">rez</wf>
         <instance id="d000.s451.t000" lemma="skalpel" pos="NOUN">skalpelom</instance>
         <wf lemma="." pos="X">.</wf>
      </sentence>
      <sentence id="d000.s452" source="wordnet-croatian">
         <instance id="d000.s452.t000" lemma="uskladiti" pos="VERB">Uskladili</instance>
         <wf lemma="smo" pos="X">smo</wf>
         <wf lemma="termine" pos="X">termine</wf>
         <wf lemma="naših" pos="X">naših</wf>
         <wf lemma="predavanja" pos="X">predavanja</wf>
         <wf lemma="." pos="X">.</wf>
      </sentence>
      <sentence id="d000.s453" source="wordnet-croatian">
         <wf lemma="Na" pos="X">Na</wf>
         <wf lemma="podu" pos="X">podu</wf>
         <wf lemma="su" pos="X">su</wf>
         <wf lemma="se" pos="X">se</wf>
         <wf lemma="nalazili" pos="X">nalazili</wf>
         <wf lemma="komadići" pos="X">komadići</wf>
         <wf lemma="razbijenog" pos="X">razbijenog</wf>
         <instance id="d000.s453.t000" lemma="staklo" pos="NOUN">stakla</instance>
         <wf lemma="." pos="X">.</wf>
      </sentence>
      <sentence id="d000.s454" source="wordnet-croatian">
         <wf lemma="Mirko" pos="X">Mirko</wf>
         <wf lemma="i" pos="X">i</wf>
         <wf lemma="Slavko" pos="X">Slavko</wf>
         <wf lemma="odnedavno" pos="X">odnedavno</wf>
         <wf lemma="uvelike" pos="X">uvelike</wf>
         <wf lemma="podupiru" pos="X">podupiru</wf>
         <instance id="d000.s454.t000" lemma="kampanja" pos="NOUN">kampanju</instance>
         <wf lemma="za" pos="X">za</wf>
         <wf lemma="prava" pos="X">prava</wf>
         <wf lemma="homoseksualaca" pos="X">homoseksualaca</wf>
         <wf lemma="." pos="X">.</wf>
      </sentence>
      <sentence id="d000.s455" source="wordnet-croatian">
         <wf lemma="Molim" pos="X">Molim</wf>
         <wf lemma="te" pos="X">te</wf>
         <wf lemma="," pos="X">,</wf>
         <wf lemma="nemoj" pos="X">nemoj</wf>
         <instance id="d000.s455.t000" lemma="bacati" pos="VERB">bacati</instance>
         <wf lemma="kamenje" pos="X">kamenje</wf>
         <wf lemma="s" pos="X">s</wf>
         <wf lemma="vrha" pos="X">vrha</wf>
         <wf lemma="nebodera" pos="X">nebodera</wf>
         <wf lemma="." pos="X">.</wf>
      </sentence>
      <sentence id="d000.s456" source="wordnet-croatian">
         <wf lemma="Tri" pos="X">Tri</wf>
         <wf lemma="mala" pos="X">mala</wf>
         <wf lemma="praščića" pos="X">praščića</wf>
         <instance id="d000.s456.t000" lemma="izgraditi" pos="VERB">izgradila</instance>
         <wf lemma="su" pos="X">su</wf>
         <wf lemma="kućice" pos="X">kućice</wf>
         <wf lemma="od" pos="X">od</wf>
         <wf lemma="sijena" pos="X">sijena</wf>
         <wf lemma="," pos="X">,</wf>
         <wf lemma="drva" pos="X">drva</wf>
         <wf lemma="i" pos="X">i</wf>
         <wf lemma="cigle" pos="X">cigle</wf>
         <wf lemma="." pos="X">.</wf>
      </sentence>
      <sentence id="d000.s457" source="wordnet-croatian">
         <wf lemma="Selektivna" pos="X">Selektivna</wf>
         <instance id="d000.s457.t000" lemma="odvratnost" pos="NOUN">odvratnost</instance>
         <wf lemma="na" pos="X">na</wf>
         <wf lemma="meso" pos="X">meso</wf>
         <wf lemma="uz" pos="X">uz</wf>
         <wf lemma="neke" pos="X">neke</wf>
         <wf lemma="druge" pos="X">druge</wf>
         <wf lemma="simptome" pos="X">simptome</wf>
         <wf lemma="može" pos="X">može</wf>
         <wf lemma="upućivati" pos="X">upućivati</wf>
         <wf lemma="na" pos="X">na</wf>
         <wf lemma="bolesti" pos="X">bolesti</wf>
         <wf lemma="želuca" pos="X">želuca</wf>
         <wf lemma="." pos="X">.</wf>
      </sentence>
      <sentence id="d000.s458" source="wordnet-croatian">
         <wf lemma="Namrštenog" pos="X">Namrštenog</wf>
         <instance id="d000.s458.t000" lemma="čelo" pos="NOUN">čela</instance>
         <wf lemma="radila" pos="X">radila</wf>
         <wf lemma="je" pos="X">je</wf>
         <wf lemma="na" pos="X">na</wf>
         <wf lemma="rječniku" pos="X">rječniku</wf>
         <wf lemma="." pos="X">.</wf>
      </sentence>
      <sentence id="d000.s459" source="wordnet-croatian">
         <instance id="d000.s459.t000" lemma="nevažnost" pos="NOUN">Nevažnost</instance>
         <wf lemma="dobivenih" pos="X">dobivenih</wf>
         <wf lemma="podataka" pos="X">podataka</wf>
         <wf lemma="za" pos="X">za</wf>
         <wf lemma="analizu" pos="X">analizu</wf>
         <wf lemma="bacila" pos="X">bacila</wf>
         <wf lemma="ih" pos="X">ih</wf>
         <wf lemma="je" pos="X">je</wf>
         <wf lemma="nekoliko" pos="X">nekoliko</wf>
         <wf lemma="koraka" pos="X">koraka</wf>
         <wf lemma="unatrag" pos="X">unatrag</wf>
         <wf lemma="." pos="X">.</wf>
      </sentence>
      <sentence id="d000.s460" source="wordnet-croatian">
         <wf lemma="Odlučili" pos="X">Odlučili</wf>
         <wf lemma="su" pos="X">su</wf>
         <wf lemma="zaboraviti" pos="X">zaboraviti</wf>
         <wf lemma="pogreške" pos="X">pogreške</wf>
         <wf lemma="iz" pos="X">iz</wf>
         <instance id="d000.s460.t000" lemma="prošlost" pos="NOUN">prošlosti</instance>
         <wf lemma="i" pos="X">i</wf>
         <wf lemma="krenuti" pos="X">krenuti</wf>
         <wf lemma="ispočetka" pos="X">ispočetka</wf>
         <wf lemma="." pos="X">.</wf>
      </sentence>
      <sentence id="d000.s461" source="wordnet-croatian">
         <wf lemma="Iz" pos="X">Iz</wf>
         <wf lemma="pisaćeg" pos="X">pisaćeg</wf>
         <wf lemma="je" pos="X">je</wf>
         <instance id="d000.s461.t000" lemma="stol" pos="NOUN">stola</instance>
         <wf lemma="izvadila" pos="X">izvadila</wf>
         <wf lemma="pismo" pos="X">pismo</wf>
         <wf lemma="staro" pos="X">staro</wf>
         <wf lemma="mnogo" pos="X">mnogo</wf>
         <wf lemma="godina" pos="X">godina</wf>
         <wf lemma="." pos="X">.</wf>
      </sentence>
      <sentence id="d000.s462" source="wordnet-croatian">
         <wf lemma="Niz" pos="X">Niz</wf>
         <wf lemma="obraz" pos="X">obraz</wf>
         <wf lemma="su" pos="X">su</wf>
         <wf lemma="joj" pos="X">joj</wf>
         <wf lemma="se" pos="X">se</wf>
         <wf lemma="kotrljale" pos="X">kotrljale</wf>
         <wf lemma="velike" pos="X">velike</wf>
         <instance id="d000.s462.t000" lemma="suza" pos="NOUN">suze</instance>
         <wf lemma="." pos="X">.</wf>
      </sentence>
      <sentence id="d000.s463" source="wordnet-croatian">
         <wf lemma="Imao" pos="X">Imao</wf>
         <wf lemma="je" pos="X">je</wf>
         <wf lemma="upalu" pos="X">upalu</wf>
         <instance id="d000.s463.t000" lemma="eksterni" pos="ADJ">eksternog</instance>
         <wf lemma="dijela" pos="X">dijela</wf>
         <wf lemma="slušnog" pos="X">slušnog</wf>
         <wf lemma="kanala" pos="X">kanala</wf>
         <wf lemma="." pos="X">.</wf>
      </sentence>
      <sentence id="d000.s464" source="wordnet-croatian">
         <wf lemma="Sapunice" pos="X">Sapunice</wf>
         <wf lemma="su" pos="X">su</wf>
         <wf lemma="najomiljenije" pos="X">najomiljenije</wf>
         <wf lemma="serije" pos="X">serije</wf>
         <wf lemma="mnogih" pos="X">mnogih</wf>
         <instance id="d000.s464.t000" lemma="domaćica" pos="NOUN">domaćica</instance>
         <wf lemma="." pos="X">.</wf>
      </sentence>
      <sentence id="d000.s465" source="wordnet-croatian">
         <wf lemma="Jedva" pos="X">Jedva</wf>
         <wf lemma="sam" pos="X">sam</wf>
         <wf lemma="čekala" pos="X">čekala</wf>
         <wf lemma="dolazak" pos="X">dolazak</wf>
         <wf lemma="na" pos="X">na</wf>
         <wf lemma="posebnu" pos="X">posebnu</wf>
         <wf lemma="tržnicu" pos="X">tržnicu</wf>
         <instance id="d000.s465.t000" lemma="začin" pos="NOUN">začina</instance>
         <wf lemma="." pos="X">.</wf>
      </sentence>
      <sentence id="d000.s466" source="wordnet-croatian">
         <wf lemma="U" pos="X">U</wf>
         <wf lemma="srpnju" pos="X">srpnju</wf>
         <wf lemma="je" pos="X">je</wf>
         <wf lemma="pala" pos="X">pala</wf>
         <instance id="d000.s466.t000" lemma="neuobičajen" pos="ADJ">neuobičajena</instance>
         <wf lemma="količina" pos="X">količina</wf>
         <wf lemma="kiše" pos="X">kiše</wf>
         <wf lemma="." pos="X">.</wf>
      </sentence>
      <sentence id="d000.s467" source="wordnet-croatian">
         <wf lemma="Većina" pos="X">Većina</wf>
         <wf lemma="tvrtki" pos="X">tvrtki</wf>
         <wf lemma="ima" pos="X">ima</wf>
         <wf lemma="zaposlenika" pos="X">zaposlenika</wf>
         <wf lemma="zaduženog" pos="X">zaduženog</wf>
         <wf lemma="isključivo" pos="X">isključivo</wf>
         <wf lemma="za" pos="X">za</wf>
         <instance id="d000.s467.t000" lemma="marketing" pos="NOUN">marketing</instance>
         <wf lemma="." pos="X">.</wf>
      </sentence>
      <sentence id="d000.s468" source="wordnet-croatian">
         <instance id="d000.s468.t000" lemma="guranje" pos="NOUN">Guranje</instance>
         <wf lemma="u" pos="X">u</wf>
         <wf lemma="tramvaju" pos="X">tramvaju</wf>
         <wf lemma="nepristojno" pos="X">nepristojno</wf>
         <wf lemma="je" pos="X">je</wf>
         <wf lemma="." pos="X">.</wf>
      </sentence>
      <sentence id="d000.s469" source="wordnet-croatian">
         <wf lemma="Nesreća" pos="X">Nesreća</wf>
         <wf lemma="je" pos="X">je</wf>
         <instance id="d000.s469.t000" lemma="proizaći" pos="VERB">proizašla</instance>
         <wf lemma="iz" pos="X">iz</wf>
         <wf lemma="njegove" pos="X">njegove</wf>
         <wf lemma="divlje" pos="X">divlje</wf>
         <wf lemma="vožnje" pos="X">vožnje</wf>
         <wf lemma="." pos="X">.</wf>
      </sentence>
      <sentence id="d000.s470" source="wordnet-croatian">
         <wf lemma="Pokvarilo" pos="X">Pokvarilo</wf>
         <wf lemma="nam" pos="X">nam</wf>
         <wf lemma="se" pos="X">se</wf>
         <wf lemma="dizalo" pos="X">dizalo</wf>
         <wf lemma="u" pos="X">u</wf>
         <instance id="d000.s470.t000" lemma="neboder" pos="NOUN">neboderu</instance>
         <wf lemma="pa" pos="X">pa</wf>
         <wf lemma="moramo" pos="X">moramo</wf>
         <wf lemma="pješačiti" pos="X">pješačiti</wf>
         <wf lemma="do" pos="X">do</wf>
         <wf lemma="13." pos="X">13.</wf>
         <wf lemma="kata" pos="X">kata</wf>
         <wf lemma="." pos="X">.</wf>
      </sentence>
      <sentence id="d000.s471" source="wordnet-croatian">
         <wf lemma="Hitno" pos="X">Hitno</wf>
         <wf lemma="je" pos="X">je</wf>
         <wf lemma="osnovan" pos="X">osnovan</wf>
         <wf lemma="krizni" pos="X">krizni</wf>
         <instance id="d000.s471.t000" lemma="štab" pos="NOUN">štab</instance>
         <wf lemma="za" pos="X">za</wf>
         <wf lemma="zaštitu" pos="X">zaštitu</wf>
         <wf lemma="grada" pos="X">grada</wf>
         <wf lemma="od" pos="X">od</wf>
         <wf lemma="poplava" pos="X">poplava</wf>
         <wf lemma="." pos="X">.</wf>
      </sentence>
      <sentence id="d000.s472" source="wordnet-croatian">
         <wf lemma="Zabunom" pos="X">Zabunom</wf>
         <wf lemma="sam" pos="X">sam</wf>
         <instance id="d000.s472.t000" lemma="namočiti" pos="VERB">namočila</instance>
         <wf lemma="ruke" pos="X">ruke</wf>
         <wf lemma="u" pos="X">u</wf>
         <wf lemma="kipuću" pos="X">kipuću</wf>
         <wf lemma="vodu" pos="X">vodu</wf>
         <wf lemma="." pos="X">.</wf>
      </sentence>
      <sentence id="d000.s473" source="wordnet-croatian">
         <wf lemma="Nitko" pos="X">Nitko</wf>
         <wf lemma="nije" pos="X">nije</wf>
         <wf lemma="reagirao" pos="X">reagirao</wf>
         <wf lemma="na" pos="X">na</wf>
         <wf lemma="očitu" pos="X">očitu</wf>
         <instance id="d000.s473.t000" lemma="nezakonitost" pos="NOUN">nezakonitostu</instance>
         <wf lemma="takve" pos="X">takve</wf>
         <wf lemma="odluke" pos="X">odluke</wf>
         <wf lemma="ministra" pos="X">ministra</wf>
         <wf lemma="poljoprivrede" pos="X">poljoprivrede</wf>
         <wf lemma="." pos="X">.</wf>
      </sentence>
      <sentence id="d000.s474" source="wordnet-croatian">
         <wf lemma="Kuća" pos="X">Kuća</wf>
         <wf lemma="mu" pos="X">mu</wf>
         <wf lemma="je" pos="X">je</wf>
         <wf lemma="bila" pos="X">bila</wf>
         <instance id="d000.s474.t000" lemma="jamstvo" pos="NOUN">jamstvo</instance>
         <wf lemma="za" pos="X">za</wf>
         <wf lemma="dobivanje" pos="X">dobivanje</wf>
         <wf lemma="kredita" pos="X">kredita</wf>
         <wf lemma="." pos="X">.</wf>
      </sentence>
      <sentence id="d000.s475" source="wordnet-croatian">
         <wf lemma="Policija" pos="X">Policija</wf>
         <wf lemma="je" pos="X">je</wf>
         <wf lemma="nadzirala" pos="X">nadzirala</wf>
         <instance id="d000.s475.t000" lemma="kretanje" pos="NOUN">kretanje</instance>
         <wf lemma="razularene" pos="X">razularene</wf>
         <wf lemma="rulje" pos="X">rulje</wf>
         <wf lemma="." pos="X">.</wf>
      </sentence>
      <sentence id="d000.s476" source="wordnet-croatian">
         <instance id="d000.s476.t000" lemma="provjeravanje" pos="NOUN">Provjeravanje</instance>
         <wf lemma="činjenica" pos="X">činjenica</wf>
         <wf lemma="u" pos="X">u</wf>
         <wf lemma="enciklopediji" pos="X">enciklopediji</wf>
         <wf lemma="pomaže" pos="X">pomaže</wf>
         <wf lemma="kada" pos="X">kada</wf>
         <wf lemma="pamćenje" pos="X">pamćenje</wf>
         <wf lemma="ne" pos="X">ne</wf>
         <wf lemma="služi" pos="X">služi</wf>
         <wf lemma="kako" pos="X">kako</wf>
         <wf lemma="treba" pos="X">treba</wf>
         <wf lemma="." pos="X">.</wf>
      </sentence>
      <sentence id="d000.s477" source="wordnet-croatian">
         <wf lemma="Razdoblje" pos="X">Razdoblje</wf>
         <instance id="d000.s477.t000" lemma="došašće" pos="NOUN">došašća</instance>
         <wf lemma="obuhvaća" pos="X">obuhvaća</wf>
         <wf lemma="četiri" pos="X">četiri</wf>
         <wf lemma="nedjelje" pos="X">nedjelje</wf>
         <wf lemma="prije" pos="X">prije</wf>
         <wf lemma="Božića" pos="X">Božića</wf>
         <wf lemma="." pos="X">.</wf>
      </sentence>
      <sentence id="d000.s478" source="wordnet-croatian">
         <wf lemma="Jaja" pos="X">Jaja</wf>
         <wf lemma="se" pos="X">se</wf>
         <wf lemma="moraju" pos="X">moraju</wf>
         <wf lemma="čuvati" pos="X">čuvati</wf>
         <wf lemma="u" pos="X">u</wf>
         <instance id="d000.s478.t000" lemma="hladnjak" pos="NOUN">hladnjaku</instance>
         <wf lemma="da" pos="X">da</wf>
         <wf lemma="se" pos="X">se</wf>
         <wf lemma="ne" pos="X">ne</wf>
         <wf lemma="pokvare" pos="X">pokvare</wf>
         <wf lemma="." pos="X">.</wf>
      </sentence>
      <sentence id="d000.s479" source="wordnet-croatian">
         <instance id="d000.s479.t000" lemma="soba" pos="NOUN">Sobe</instance>
         <wf lemma="u" pos="X">u</wf>
         <wf lemma="mojem" pos="X">mojem</wf>
         <wf lemma="novom" pos="X">novom</wf>
         <wf lemma="stanu" pos="X">stanu</wf>
         <wf lemma="su" pos="X">su</wf>
         <wf lemma="male" pos="X">male</wf>
         <wf lemma="," pos="X">,</wf>
         <wf lemma="ali" pos="X">ali</wf>
         <wf lemma="vrlo" pos="X">vrlo</wf>
         <wf lemma="ugodne" pos="X">ugodne</wf>
         <wf lemma="za" pos="X">za</wf>
         <wf lemma="boravak" pos="X">boravak</wf>
         <wf lemma="." pos="X">.</wf>
      </sentence>
      <sentence id="d000.s480" source="wordnet-croatian">
         <wf lemma="Ista" pos="X">Ista</wf>
         <wf lemma="stvar" pos="X">stvar</wf>
         <instance id="d000.s480.t000" lemma="vrijediti" pos="VERB">vrijedi</instance>
         <wf lemma="i" pos="X">i</wf>
         <wf lemma="za" pos="X">za</wf>
         <wf lemma="tebe" pos="X">tebe</wf>
         <wf lemma="!" pos="X">!</wf>
      </sentence>
      <sentence id="d000.s481" source="wordnet-croatian">
         <wf lemma="Neki" pos="X">Neki</wf>
         <wf lemma="u" pos="X">u</wf>
         <wf lemma="masliovo" pos="X">masliovo</wf>
         <wf lemma="ulje" pos="X">ulje</wf>
         <instance id="d000.s481.t000" lemma="uranjati" pos="VERB">uranjaju</instance>
         <wf lemma="tartufe" pos="X">tartufe</wf>
         <wf lemma="i" pos="X">i</wf>
         <wf lemma="tako" pos="X">tako</wf>
         <wf lemma="mu" pos="X">mu</wf>
         <wf lemma="daju" pos="X">daju</wf>
         <wf lemma="posebno" pos="X">posebno</wf>
         <wf lemma="privlačnu" pos="X">privlačnu</wf>
         <wf lemma="aromu" pos="X">aromu</wf>
         <wf lemma="." pos="X">.</wf>
      </sentence>
      <sentence id="d000.s482" source="wordnet-croatian">
         <wf lemma="Cijela" pos="X">Cijela</wf>
         <wf lemma="sjeverna" pos="X">sjeverna</wf>
         <instance id="d000.s482.t000" lemma="regija" pos="NOUN">regija</instance>
         <wf lemma="države" pos="X">države</wf>
         <wf lemma="pogođena" pos="X">pogođena</wf>
         <wf lemma="je" pos="X">je</wf>
         <wf lemma="uraganom" pos="X">uraganom</wf>
         <wf lemma="." pos="X">.</wf>
      </sentence>
      <sentence id="d000.s483" source="wordnet-croatian">
         <wf lemma="Generali" pos="X">Generali</wf>
         <instance id="d000.s483.t000" lemma="upravljati" pos="VERB">upravljalju</instance>
         <wf lemma="vojskom" pos="X">vojskom</wf>
         <wf lemma="." pos="X">.</wf>
      </sentence>
      <sentence id="d000.s484" source="wordnet-croatian">
         <wf lemma="Prije" pos="X">Prije</wf>
         <wf lemma="dvoboja" pos="X">dvoboja</wf>
         <wf lemma="Mirko" pos="X">Mirko</wf>
         <wf lemma="uvijek" pos="X">uvijek</wf>
         <wf lemma="provjeri" pos="X">provjeri</wf>
         <wf lemma="je" pos="X">je</wf>
         <wf lemma="li" pos="X">li</wf>
         <instance id="d000.s484.t000" lemma="napuniti" pos="VERB">napunio</instance>
         <wf lemma="pištolje" pos="X">pištolje</wf>
         <wf lemma="." pos="X">.</wf>
      </sentence>
      <sentence id="d000.s485" source="wordnet-croatian">
         <wf lemma="Arhiv" pos="X">Arhiv</wf>
         <wf lemma="je" pos="X">je</wf>
         <wf lemma="izvor" pos="X">izvor</wf>
         <wf lemma="bogate" pos="X">bogate</wf>
         <instance id="d000.s485.t000" lemma="građa" pos="NOUN">građe</instance>
         <wf lemma="za" pos="X">za</wf>
         <wf lemma="razne" pos="X">razne</wf>
         <wf lemma="povijesne" pos="X">povijesne</wf>
         <wf lemma="analize" pos="X">analize</wf>
         <wf lemma="." pos="X">.</wf>
      </sentence>
      <sentence id="d000.s486" source="wordnet-croatian">
         <instance id="d000.s486.t000" lemma="znati" pos="VERB">Znam</instance>
         <wf lemma="da" pos="X">da</wf>
         <wf lemma="sam" pos="X">sam</wf>
         <wf lemma="ostavio" pos="X">ostavio</wf>
         <wf lemma="ključeve" pos="X">ključeve</wf>
         <wf lemma="na" pos="X">na</wf>
         <wf lemma="stolu" pos="X">stolu</wf>
         <wf lemma="." pos="X">.</wf>
      </sentence>
      <sentence id="d000.s487" source="wordnet-croatian">
         <wf lemma="Mrzila" pos="X">Mrzila</wf>
         <wf lemma="je" pos="X">je</wf>
         <wf lemma="pranje" pos="X">pranje</wf>
         <instance id="d000.s487.t000" lemma="pod" pos="NOUN">podova</instance>
         <wf lemma="." pos="X">.</wf>
      </sentence>
      <sentence id="d000.s488" source="wordnet-croatian">
         <wf lemma="Ptica" pos="X">Ptica</wf>
         <wf lemma="je" pos="X">je</wf>
         <instance id="d000.s488.t000" lemma="mlatiti" pos="VERB">mlatila</instance>
         <wf lemma="krilila" pos="X">krilila</wf>
         <wf lemma="dok" pos="X">dok</wf>
         <wf lemma="je" pos="X">je</wf>
         <wf lemma="letjela" pos="X">letjela</wf>
         <wf lemma="." pos="X">.</wf>
      </sentence>
      <sentence id="d000.s489" source="wordnet-croatian">
         <wf lemma="Ivanka" pos="X">Ivanka</wf>
         <wf lemma="je" pos="X">je</wf>
         <wf lemma="Slavici" pos="X">Slavici</wf>
         <wf lemma="učinila" pos="X">učinila</wf>
         <wf lemma="veliku" pos="X">veliku</wf>
         <wf lemma="uslugu" pos="X">uslugu</wf>
         <wf lemma="," pos="X">,</wf>
         <wf lemma="a" pos="X">a</wf>
         <wf lemma="za" pos="X">za</wf>
         <instance id="d000.s489.t000" lemma="uzvrat" pos="NOUN">uzvrat</instance>
         <wf lemma="nije" pos="X">nije</wf>
         <wf lemma="dobila" pos="X">dobila</wf>
         <wf lemma="ništa" pos="X">ništa</wf>
         <wf lemma="." pos="X">.</wf>
      </sentence>
      <sentence id="d000.s490" source="wordnet-croatian">
         <wf lemma="Samo" pos="X">Samo</wf>
         <wf lemma="je" pos="X">je</wf>
         <wf lemma="spakirao" pos="X">spakirao</wf>
         <instance id="d000.s490.t000" lemma="kofer" pos="NOUN">kofer</instance>
         <wf lemma="i" pos="X">i</wf>
         <wf lemma="otišao" pos="X">otišao</wf>
         <wf lemma="." pos="X">.</wf>
      </sentence>
      <sentence id="d000.s491" source="wordnet-croatian">
         <instance id="d000.s491.t000" lemma="krađa" pos="NOUN">Krađa</instance>
         <wf lemma="intelektualnog" pos="X">intelektualnog</wf>
         <wf lemma="vlasništva" pos="X">vlasništva</wf>
         <wf lemma="lopovluk" pos="X">lopovluk</wf>
         <wf lemma="je" pos="X">je</wf>
         <wf lemma="najgore" pos="X">najgore</wf>
         <wf lemma="vrste" pos="X">vrste</wf>
         <wf lemma="!" pos="X">!</wf>
      </sentence>
      <sentence id="d000.s492" source="wordnet-croatian">
         <wf lemma="Grnčarstvo" pos="X">Grnčarstvo</wf>
         <wf lemma="je" pos="X">je</wf>
         <wf lemma="bilo" pos="X">bilo</wf>
         <wf lemma="njegov" pos="X">njegov</wf>
         <instance id="d000.s492.t000" lemma="život" pos="NOUN">život</instance>
         <wf lemma="." pos="X">.</wf>
      </sentence>
      <sentence id="d000.s493" source="wordnet-croatian">
         <wf lemma="Ova" pos="X">Ova</wf>
         <wf lemma="boja" pos="X">boja</wf>
         <wf lemma="nije" pos="X">nije</wf>
         <wf lemma="bila" pos="X">bila</wf>
         <wf lemma="moj" pos="X">moj</wf>
         <instance id="d000.s493.t000" lemma="izbor" pos="NOUN">izbor</instance>
         <wf lemma="," pos="X">,</wf>
         <wf lemma="ali" pos="X">ali</wf>
         <wf lemma="mi" pos="X">mi</wf>
         <wf lemma="se" pos="X">se</wf>
         <wf lemma="nakon" pos="X">nakon</wf>
         <wf lemma="nekog" pos="X">nekog</wf>
         <wf lemma="vremena" pos="X">vremena</wf>
         <wf lemma="počela" pos="X">počela</wf>
         <wf lemma="sviđati" pos="X">sviđati</wf>
         <wf lemma="." pos="X">.</wf>
      </sentence>
      <sentence id="d000.s494" source="wordnet-croatian">
         <wf lemma="Veleposlaniku" pos="X">Veleposlaniku</wf>
         <wf lemma="Japana" pos="X">Japana</wf>
         <wf lemma="iskazane" pos="X">iskazane</wf>
         <wf lemma="su" pos="X">su</wf>
         <wf lemma="najveće" pos="X">najveće</wf>
         <instance id="d000.s494.t000" lemma="počast" pos="NOUN">počasti</instance>
         <wf lemma="." pos="X">.</wf>
      </sentence>
      <sentence id="d000.s495" source="wordnet-croatian">
         <instance id="d000.s495.t000" lemma="sustav" pos="NOUN">Sustavi</instance>
         <wf lemma="učenja" pos="X">učenja</wf>
         <wf lemma="na" pos="X">na</wf>
         <wf lemma="daljinu" pos="X">daljinu</wf>
         <wf lemma="sve" pos="X">sve</wf>
         <wf lemma="su" pos="X">su</wf>
         <wf lemma="popularniji" pos="X">popularniji</wf>
         <wf lemma="." pos="X">.</wf>
      </sentence>
      <sentence id="d000.s496" source="wordnet-croatian">
         <wf lemma="Osjećao" pos="X">Osjećao</wf>
         <wf lemma="je" pos="X">je</wf>
         <wf lemma="duboku" pos="X">duboku</wf>
         <instance id="d000.s496.t000" lemma="naklonost" pos="NOUN">naklonost</instance>
         <wf lemma="prema" pos="X">prema</wf>
         <wf lemma="svojem" pos="X">svojem</wf>
         <wf lemma="učitelju" pos="X">učitelju</wf>
         <wf lemma="." pos="X">.</wf>
      </sentence>
      <sentence id="d000.s497" source="wordnet-croatian">
         <wf lemma="Taj" pos="X">Taj</wf>
         <wf lemma="čovjek" pos="X">čovjek</wf>
         <wf lemma="nikad" pos="X">nikad</wf>
         <wf lemma="nije" pos="X">nije</wf>
         <wf lemma="pokazivao" pos="X">pokazivao</wf>
         <wf lemma="nimalo" pos="X">nimalo</wf>
         <instance id="d000.s497.t000" lemma="ljudskost" pos="NOUN">ljudskosti</instance>
         <wf lemma="." pos="X">.</wf>
      </sentence>
      <sentence id="d000.s498" source="wordnet-croatian">
         <wf lemma="Rođenje" pos="X">Rođenje</wf>
         <wf lemma="mog" pos="X">mog</wf>
         <wf lemma="djeteta" pos="X">djeteta</wf>
         <wf lemma="bio" pos="X">bio</wf>
         <wf lemma="je" pos="X">je</wf>
         <wf lemma="poseban" pos="X">poseban</wf>
         <instance id="d000.s498.t000" lemma="događaj" pos="NOUN">događaj</instance>
         <wf lemma="u" pos="X">u</wf>
         <wf lemma="mom" pos="X">mom</wf>
         <wf lemma="životu" pos="X">životu</wf>
         <wf lemma="." pos="X">.</wf>
      </sentence>
      <sentence id="d000.s499" source="wordnet-croatian">
         <wf lemma="Nije" pos="X">Nije</wf>
         <wf lemma="gledao" pos="X">gledao</wf>
         <wf lemma="kuda" pos="X">kuda</wf>
         <wf lemma="ide" pos="X">ide</wf>
         <wf lemma="pa" pos="X">pa</wf>
         <wf lemma="je" pos="X">je</wf>
         <instance id="d000.s499.t000" lemma="sudar" pos="NOUN">sudar</instance>
         <wf lemma="sa" pos="X">sa</wf>
         <wf lemma="staklenim" pos="X">staklenim</wf>
         <wf lemma="vratima" pos="X">vratima</wf>
         <wf lemma="bio" pos="X">bio</wf>
         <wf lemma="neizbježan" pos="X">neizbježan</wf>
         <wf lemma="." pos="X">.</wf>
      </sentence>
      <sentence id="d000.s500" source="wordnet-croatian">
         <wf lemma="Idemo" pos="X">Idemo</wf>
         <wf lemma="na" pos="X">na</wf>
         <wf lemma="izlet" pos="X">izlet</wf>
         <wf lemma="na" pos="X">na</wf>
         <instance id="d000.s500.t000" lemma="ušće" pos="NOUN">ušće</instance>
         <wf lemma="Zrmanje" pos="X">Zrmanje</wf>
         <wf lemma="." pos="X">.</wf>
      </sentence>
      <sentence id="d000.s501" source="wordnet-croatian">
         <wf lemma="Prijavljene" pos="X">Prijavljene</wf>
         <wf lemma="su" pos="X">su</wf>
         <wf lemma="ozbiljne" pos="X">ozbiljne</wf>
         <instance id="d000.s501.t000" lemma="poteškoća" pos="NOUN">poteškoće</instance>
         <wf lemma="u" pos="X">u</wf>
         <wf lemma="radu" pos="X">radu</wf>
         <wf lemma="stroja" pos="X">stroja</wf>
         <wf lemma="." pos="X">.</wf>
      </sentence>
      <sentence id="d000.s502" source="wordnet-croatian">
         <wf lemma="Jesi" pos="X">Jesi</wf>
         <wf lemma="li" pos="X">li</wf>
         <instance id="d000.s502.t000" lemma="čitati" pos="VERB">čitao</instance>
         <wf lemma="Aralicu" pos="X">Aralicu</wf>
         <wf lemma="?" pos="X">?</wf>
      </sentence>
      <sentence id="d000.s503" source="wordnet-croatian">
         <wf lemma="Potrebno" pos="X">Potrebno</wf>
         <wf lemma="je" pos="X">je</wf>
         <wf lemma="ponovno" pos="X">ponovno</wf>
         <wf lemma="ispitati" pos="X">ispitati</wf>
         <wf lemma="kvalitetu" pos="X">kvalitetu</wf>
         <wf lemma="i" pos="X">i</wf>
         <instance id="d000.s503.t000" lemma="svojstvo" pos="NOUN">svojstva</instance>
         <wf lemma="toga" pos="X">toga</wf>
         <wf lemma="proizvoda" pos="X">proizvoda</wf>
         <wf lemma="." pos="X">.</wf>
      </sentence>
      <sentence id="d000.s504" source="wordnet-croatian">
         <instance id="d000.s504.t000" lemma="proći" pos="VERB">Prošao</instance>
         <wf lemma="je" pos="X">je</wf>
         <wf lemma="pored" pos="X">pored</wf>
         <wf lemma="groblja" pos="X">groblja</wf>
         <wf lemma="bez" pos="X">bez</wf>
         <wf lemma="da" pos="X">da</wf>
         <wf lemma="se" pos="X">se</wf>
         <wf lemma="osvrnuo" pos="X">osvrnuo</wf>
         <wf lemma="." pos="X">.</wf>
      </sentence>
      <sentence id="d000.s505" source="wordnet-croatian">
         <instance id="d000.s505.t000" lemma="zviježđe" pos="NOUN">Zviježđe</instance>
         <wf lemma="Orion" pos="X">Orion</wf>
         <wf lemma="je" pos="X">je</wf>
         <wf lemma="vidljivo" pos="X">vidljivo</wf>
         <wf lemma="na" pos="X">na</wf>
         <wf lemma="noćnom" pos="X">noćnom</wf>
         <wf lemma="nebu" pos="X">nebu</wf>
         <wf lemma="po" pos="X">po</wf>
         <wf lemma="zimi" pos="X">zimi</wf>
         <wf lemma="." pos="X">.</wf>
      </sentence>
      <sentence id="d000.s506" source="wordnet-croatian">
         <wf lemma="Marija" pos="X">Marija</wf>
         <wf lemma="je" pos="X">je</wf>
         <wf lemma="imala" pos="X">imala</wf>
         <wf lemma="haljinu" pos="X">haljinu</wf>
         <wf lemma="s" pos="X">s</wf>
         <wf lemma="vrlo" pos="X">vrlo</wf>
         <wf lemma="neobičnim" pos="X">neobičnim</wf>
         <instance id="d000.s506.t000" lemma="dezen" pos="NOUN">dezenom</instance>
         <wf lemma="." pos="X">.</wf>
      </sentence>
      <sentence id="d000.s507" source="wordnet-croatian">
         <instance id="d000.s507.t000" lemma="primijeniti" pos="VERB">Primijenila</instance>
         <wf lemma="sam" pos="X">sam</wf>
         <wf lemma="pravilo" pos="X">pravilo</wf>
         <wf lemma="i" pos="X">i</wf>
         <wf lemma="došla" pos="X">došla</wf>
         <wf lemma="do" pos="X">do</wf>
         <wf lemma="rješenja" pos="X">rješenja</wf>
         <wf lemma="." pos="X">.</wf>
      </sentence>
      <sentence id="d000.s508" source="wordnet-croatian">
         <instance id="d000.s508.t000" lemma="lijevo" pos="NOUN">Lijevo</instance>
         <wf lemma="od" pos="X">od</wf>
         <wf lemma="nas" pos="X">nas</wf>
         <wf lemma="nalazi" pos="X">nalazi</wf>
         <wf lemma="se" pos="X">se</wf>
         <wf lemma="spomenik" pos="X">spomenik</wf>
         <wf lemma="kralju" pos="X">kralju</wf>
         <wf lemma="Tomislavu" pos="X">Tomislavu</wf>
         <wf lemma="." pos="X">.</wf>
      </sentence>
      <sentence id="d000.s509" source="wordnet-croatian">
         <wf lemma="Ta" pos="X">Ta</wf>
         <wf lemma="ti" pos="X">ti</wf>
         <wf lemma="haljina" pos="X">haljina</wf>
         <wf lemma="odlično" pos="X">odlično</wf>
         <instance id="d000.s509.t000" lemma="pristajati" pos="VERB">pristaje</instance>
         <wf lemma="!" pos="X">!</wf>
      </sentence>
      <sentence id="d000.s510" source="wordnet-croatian">
         <wf lemma="Na" pos="X">Na</wf>
         <wf lemma="sva" pos="X">sva</wf>
         <wf lemma="je" pos="X">je</wf>
         <wf lemma="vrata" pos="X">vrata</wf>
         <wf lemma="u" pos="X">u</wf>
         <wf lemma="ustanovi" pos="X">ustanovi</wf>
         <wf lemma="zalijepio" pos="X">zalijepio</wf>
         <instance id="d000.s510.t000" lemma="obavijest" pos="NOUN">obavijest</instance>
         <wf lemma="o" pos="X">o</wf>
         <wf lemma="hitnom" pos="X">hitnom</wf>
         <wf lemma="sastanku" pos="X">sastanku</wf>
         <wf lemma="." pos="X">.</wf>
      </sentence>
      <sentence id="d000.s511" source="wordnet-croatian">
         <wf lemma="Službeni" pos="X">Službeni</wf>
         <wf lemma="fotograf" pos="X">fotograf</wf>
         <wf lemma="je" pos="X">je</wf>
         <instance id="d000.s511.t000" lemma="snimiti" pos="VERB">snimio</instance>
         <wf lemma="obitelj" pos="X">obitelj</wf>
         <wf lemma="predsjednika" pos="X">predsjednika</wf>
         <wf lemma="." pos="X">.</wf>
      </sentence>
      <sentence id="d000.s512" source="wordnet-croatian">
         <wf lemma="Vrhovni" pos="X">Vrhovni</wf>
         <wf lemma="je" pos="X">je</wf>
         <wf lemma="sud" pos="X">sud</wf>
         <wf lemma="potvrdio" pos="X">potvrdio</wf>
         <instance id="d000.s512.t000" lemma="pravomoćnost" pos="NOUN">pravomoćnost</instance>
         <wf lemma="presude" pos="X">presude</wf>
         <wf lemma="." pos="X">.</wf>
      </sentence>
      <sentence id="d000.s513" source="wordnet-croatian">
         <wf lemma="Danas" pos="X">Danas</wf>
         <wf lemma="smo" pos="X">smo</wf>
         <instance id="d000.s513.t000" lemma="postaviti" pos="VERB">postavili</instance>
         <wf lemma="satelitsku" pos="X">satelitsku</wf>
         <wf lemma="antenu" pos="X">antenu</wf>
         <wf lemma="." pos="X">.</wf>
      </sentence>
      <sentence id="d000.s514" source="wordnet-croatian">
         <wf lemma="Za" pos="X">Za</wf>
         <instance id="d000.s514.t000" lemma="koordinacija" pos="NOUN">koordinaciju</instance>
         <wf lemma="ovog" pos="X">ovog</wf>
         <wf lemma="posla" pos="X">posla</wf>
         <wf lemma="zadužen" pos="X">zadužen</wf>
         <wf lemma="je" pos="X">je</wf>
         <wf lemma="izvršni" pos="X">izvršni</wf>
         <wf lemma="direktor" pos="X">direktor</wf>
         <wf lemma="." pos="X">.</wf>
      </sentence>
      <sentence id="d000.s515" source="wordnet-croatian">
         <instance id="d000.s515.t000" lemma="ministar" pos="NOUN">Ministar</instance>
         <wf lemma="obrazovanja" pos="X">obrazovanja</wf>
         <wf lemma="nedavno" pos="X">nedavno</wf>
         <wf lemma="je" pos="X">je</wf>
         <wf lemma="redao" pos="X">redao</wf>
         <wf lemma="svoju" pos="X">svoju</wf>
         <wf lemma="ostavku" pos="X">ostavku</wf>
         <wf lemma="." pos="X">.</wf>
      </sentence>
      <sentence id="d000.s516" source="wordnet-croatian">
         <wf lemma="Volio" pos="X">Volio</wf>
         <wf lemma="je" pos="X">je</wf>
         <wf lemma="uzbuđenje" pos="X">uzbuđenje</wf>
         <wf lemma="koje" pos="X">koje</wf>
         <wf lemma="mu" pos="X">mu</wf>
         <wf lemma="je" pos="X">je</wf>
         <wf lemma="donosila" pos="X">donosila</wf>
         <instance id="d000.s516.t000" lemma="brzina" pos="NOUN">brzina</instance>
         <wf lemma="." pos="X">.</wf>
      </sentence>
      <sentence id="d000.s517" source="wordnet-croatian">
         <wf lemma="Uvijek" pos="X">Uvijek</wf>
         <wf lemma="je" pos="X">je</wf>
         <wf lemma="pokušavala" pos="X">pokušavala</wf>
         <wf lemma="pronaći" pos="X">pronaći</wf>
         <instance id="d000.s517.t000" lemma="dobro" pos="NOUN">dobro</instance>
         <wf lemma="u" pos="X">u</wf>
         <wf lemma="ljudima" pos="X">ljudima</wf>
         <wf lemma="." pos="X">.</wf>
      </sentence>
      <sentence id="d000.s518" source="wordnet-croatian">
         <wf lemma="Zakon" pos="X">Zakon</wf>
         <wf lemma="o" pos="X">o</wf>
         <wf lemma="nepušenju" pos="X">nepušenju</wf>
         <wf lemma="pozitivno" pos="X">pozitivno</wf>
         <instance id="d000.s518.t000" lemma="utjecati" pos="VERB">utječe</instance>
         <wf lemma="i" pos="X">i</wf>
         <wf lemma="na" pos="X">na</wf>
         <wf lemma="pušače" pos="X">pušače</wf>
         <wf lemma="." pos="X">.</wf>
      </sentence>
      <sentence id="d000.s519" source="wordnet-croatian">
         <wf lemma="Sladoled" pos="X">Sladoled</wf>
         <wf lemma="se" pos="X">se</wf>
         <instance id="d000.s519.t000" lemma="rastopiti" pos="VERB">rastopio</instance>
         <wf lemma="na" pos="X">na</wf>
         <wf lemma="suncu" pos="X">suncu</wf>
         <wf lemma="." pos="X">.</wf>
      </sentence>
      <sentence id="d000.s520" source="wordnet-croatian">
         <wf lemma="Nakon" pos="X">Nakon</wf>
         <wf lemma="dolaska" pos="X">dolaska</wf>
         <wf lemma="na" pos="X">na</wf>
         <wf lemma="mjesto" pos="X">mjesto</wf>
         <wf lemma="upravitelja" pos="X">upravitelja</wf>
         <instance id="d000.s520.t000" lemma="poreći" pos="VERB">porekao</instance>
         <wf lemma="je" pos="X">je</wf>
         <wf lemma="svoje" pos="X">svoje</wf>
         <wf lemma="tvrdnje" pos="X">tvrdnje</wf>
         <wf lemma="o" pos="X">o</wf>
         <wf lemma="korupciji" pos="X">korupciji</wf>
         <wf lemma="priašnje" pos="X">priašnje</wf>
         <wf lemma="uprave" pos="X">uprave</wf>
         <wf lemma="." pos="X">.</wf>
      </sentence>
      <sentence id="d000.s521" source="wordnet-croatian">
         <wf lemma="Danas" pos="X">Danas</wf>
         <wf lemma="ćemo" pos="X">ćemo</wf>
         <instance id="d000.s521.t000" lemma="ukrasiti" pos="VERB">ukrasiti</instance>
         <wf lemma="sobu" pos="X">sobu</wf>
         <wf lemma="novim" pos="X">novim</wf>
         <wf lemma="slikama" pos="X">slikama</wf>
         <wf lemma="." pos="X">.</wf>
      </sentence>
      <sentence id="d000.s522" source="wordnet-croatian">
         <instance id="d000.s522.t000" lemma="prasak" pos="NOUN">Prasak</instance>
         <wf lemma="automobilske" pos="X">automobilske</wf>
         <wf lemma="gume" pos="X">gume</wf>
         <wf lemma="probudila" pos="X">probudila</wf>
         <wf lemma="je" pos="X">je</wf>
         <wf lemma="cijelo" pos="X">cijelo</wf>
         <wf lemma="susjedstvo" pos="X">susjedstvo</wf>
         <wf lemma="." pos="X">.</wf>
      </sentence>
      <sentence id="d000.s523" source="wordnet-croatian">
         <wf lemma="Nemoj" pos="X">Nemoj</wf>
         <wf lemma="ga" pos="X">ga</wf>
         <wf lemma="smetati" pos="X">smetati</wf>
         <wf lemma="-" pos="X">-</wf>
         <wf lemma="upravo" pos="X">upravo</wf>
         <instance id="d000.s523.t000" lemma="stvarati" pos="VERB">stvara</instance>
         <wf lemma="." pos="X">.</wf>
      </sentence>
      <sentence id="d000.s524" source="wordnet-croatian">
         <wf lemma="Iako" pos="X">Iako</wf>
         <wf lemma="ima" pos="X">ima</wf>
         <wf lemma="zanimljiv" pos="X">zanimljiv</wf>
         <wf lemma="posao" pos="X">posao</wf>
         <wf lemma="," pos="X">,</wf>
         <wf lemma="plaća" pos="X">plaća</wf>
         <wf lemma="je" pos="X">je</wf>
         <instance id="d000.s524.t000" lemma="loš" pos="ADJ">loša</instance>
         <wf lemma="." pos="X">.</wf>
      </sentence>
      <sentence id="d000.s525" source="wordnet-croatian">
         <instance id="d000.s525.t000" lemma="začeti" pos="VERB">Začela</instance>
         <wf lemma="je" pos="X">je</wf>
         <wf lemma="novu" pos="X">novu</wf>
         <wf lemma="temu" pos="X">temu</wf>
         <wf lemma="razgovora" pos="X">razgovora</wf>
         <wf lemma="." pos="X">.</wf>
      </sentence>
      <sentence id="d000.s526" source="wordnet-croatian">
         <wf lemma="Prošli" pos="X">Prošli</wf>
         <wf lemma="zadatak" pos="X">zadatak</wf>
         <wf lemma="bit" pos="X">bit</wf>
         <wf lemma="će" pos="X">će</wf>
         <instance id="d000.s526.t000" lemma="podloga" pos="NOUN">podloga</instance>
         <wf lemma="za" pos="X">za</wf>
         <wf lemma="kompleksnije" pos="X">kompleksnije</wf>
         <wf lemma="zadatke" pos="X">zadatke</wf>
         <wf lemma="." pos="X">.</wf>
      </sentence>
      <sentence id="d000.s527" source="wordnet-croatian">
         <wf lemma="Zbog" pos="X">Zbog</wf>
         <wf lemma="primanja" pos="X">primanja</wf>
         <wf lemma="mita" pos="X">mita</wf>
         <wf lemma="Marko" pos="X">Marko</wf>
         <wf lemma="je" pos="X">je</wf>
         <wf lemma="dobio" pos="X">dobio</wf>
         <instance id="d000.s527.t000" lemma="otkaz" pos="NOUN">otkaz</instance>
         <wf lemma="." pos="X">.</wf>
      </sentence>
      <sentence id="d000.s528" source="wordnet-croatian">
         <wf lemma="Jako" pos="X">Jako</wf>
         <wf lemma="bih" pos="X">bih</wf>
         <wf lemma="željela" pos="X">željela</wf>
         <instance id="d000.s528.t000" lemma="sestra" pos="NOUN">sestru</instance>
         <wf lemma="." pos="X">.</wf>
      </sentence>
      <sentence id="d000.s529" source="wordnet-croatian">
         <wf lemma="Poskliznuo" pos="X">Poskliznuo</wf>
         <wf lemma="se" pos="X">se</wf>
         <wf lemma="na" pos="X">na</wf>
         <wf lemma="netom" pos="X">netom</wf>
         <wf lemma="ispoliranim" pos="X">ispoliranim</wf>
         <instance id="d000.s529.t000" lemma="stepenica" pos="NOUN">stepenicama</instance>
         <wf lemma="i" pos="X">i</wf>
         <wf lemma="pao" pos="X">pao</wf>
         <wf lemma="." pos="X">.</wf>
      </sentence>
      <sentence id="d000.s530" source="wordnet-croatian">
         <wf lemma="Broj" pos="X">Broj</wf>
         <wf lemma="otpuštenih" pos="X">otpuštenih</wf>
         <wf lemma="radnika" pos="X">radnika</wf>
         <wf lemma="postao" pos="X">postao</wf>
         <wf lemma="je" pos="X">je</wf>
         <instance id="d000.s530.t000" lemma="mjerilo" pos="NOUN">mjerilo</instance>
         <wf lemma="uspješnosti" pos="X">uspješnosti</wf>
         <wf lemma="menadžera" pos="X">menadžera</wf>
         <wf lemma="." pos="X">.</wf>
      </sentence>
      <sentence id="d000.s531" source="wordnet-croatian">
         <instance id="d000.s531.t000" lemma="predstaviti" pos="VERB">Predstavila</instance>
         <wf lemma="je" pos="X">je</wf>
         <wf lemma="naše" pos="X">naše</wf>
         <wf lemma="nove" pos="X">nove</wf>
         <wf lemma="suradnike" pos="X">suradnike</wf>
         <wf lemma="." pos="X">.</wf>
      </sentence>
      <sentence id="d000.s532" source="wordnet-croatian">
         <wf lemma="Sunce" pos="X">Sunce</wf>
         <wf lemma="sve" pos="X">sve</wf>
         <wf lemma="kasnije" pos="X">kasnije</wf>
         <instance id="d000.s532.t000" lemma="zalaziti" pos="VERB">zalazi</instance>
         <wf lemma="ovih" pos="X">ovih</wf>
         <wf lemma="dana" pos="X">dana</wf>
         <wf lemma="." pos="X">.</wf>
      </sentence>
      <sentence id="d000.s533" source="wordnet-croatian">
         <wf lemma="Teška" pos="X">Teška</wf>
         <instance id="d000.s533.t000" lemma="industrija" pos="NOUN">industrija</instance>
         <wf lemma="ove" pos="X">ove</wf>
         <wf lemma="države" pos="X">države</wf>
         <wf lemma="propada" pos="X">propada</wf>
         <wf lemma="." pos="X">.</wf>
      </sentence>
      <sentence id="d000.s534" source="wordnet-croatian">
         <wf lemma="Otpio" pos="X">Otpio</wf>
         <wf lemma="je" pos="X">je</wf>
         <wf lemma="malo" pos="X">malo</wf>
         <wf lemma="soka" pos="X">soka</wf>
         <wf lemma="i" pos="X">i</wf>
         <instance id="d000.s534.t000" lemma="povratiti" pos="VERB">povratila</instance>
         <wf lemma="mu" pos="X">mu</wf>
         <wf lemma="se" pos="X">se</wf>
         <wf lemma="snaga" pos="X">snaga</wf>
         <wf lemma="." pos="X">.</wf>
      </sentence>
      <sentence id="d000.s535" source="wordnet-croatian">
         <instance id="d000.s535.t000" lemma="zapis" pos="NOUN">Zapis</instance>
         <wf lemma="popa" pos="X">popa</wf>
         <wf lemma="Martinca" pos="X">Martinca</wf>
         <wf lemma="svjedočanstvo" pos="X">svjedočanstvo</wf>
         <wf lemma="je" pos="X">je</wf>
         <wf lemma="o" pos="X">o</wf>
         <wf lemma="Krbavskoj" pos="X">Krbavskoj</wf>
         <wf lemma="bitci" pos="X">bitci</wf>
         <wf lemma="." pos="X">.</wf>
      </sentence>
      <sentence id="d000.s536" source="wordnet-croatian">
         <wf lemma="Isabella" pos="X">Isabella</wf>
         <wf lemma="Andreini" pos="X">Andreini</wf>
         <wf lemma="je" pos="X">je</wf>
         <instance id="d000.s536.t000" lemma="izbrusiti" pos="VERB">izbrusila</instance>
         <wf lemma="svoj" pos="X">svoj</wf>
         <wf lemma="glumački" pos="X">glumački</wf>
         <wf lemma="zanat" pos="X">zanat</wf>
         <wf lemma="putujući" pos="X">putujući</wf>
         <wf lemma="po" pos="X">po</wf>
         <wf lemma="Italiji" pos="X">Italiji</wf>
         <wf lemma="." pos="X">.</wf>
      </sentence>
      <sentence id="d000.s537" source="wordnet-croatian">
         <instance id="d000.s537.t000" lemma="napraviti" pos="VERB">Napravio</instance>
         <wf lemma="sam" pos="X">sam</wf>
         <wf lemma="izvrsnu" pos="X">izvrsnu</wf>
         <wf lemma="pitu" pos="X">pitu</wf>
         <wf lemma="zeljanicu" pos="X">zeljanicu</wf>
         <wf lemma="." pos="X">.</wf>
      </sentence>
      <sentence id="d000.s538" source="wordnet-croatian">
         <wf lemma="Nije" pos="X">Nije</wf>
         <wf lemma="izlazila" pos="X">izlazila</wf>
         <wf lemma="van" pos="X">van</wf>
         <wf lemma="iz" pos="X">iz</wf>
         <wf lemma="kuće" pos="X">kuće</wf>
         <wf lemma="bez" pos="X">bez</wf>
         <instance id="d000.s538.t000" lemma="kapa" pos="NOUN">kape</instance>
         <wf lemma="na" pos="X">na</wf>
         <wf lemma="glavi" pos="X">glavi</wf>
         <wf lemma="." pos="X">.</wf>
      </sentence>
      <sentence id="d000.s539" source="wordnet-croatian">
         <wf lemma="Na" pos="X">Na</wf>
         <instance id="d000.s539.t000" lemma="bojište" pos="NOUN">bojištu</instance>
         <wf lemma="su" pos="X">su</wf>
         <wf lemma="se" pos="X">se</wf>
         <wf lemma="skupili" pos="X">skupili</wf>
         <wf lemma="lešinari" pos="X">lešinari</wf>
         <wf lemma="." pos="X">.</wf>
      </sentence>
      <sentence id="d000.s540" source="wordnet-croatian">
         <wf lemma="Voljela" pos="X">Voljela</wf>
         <wf lemma="je" pos="X">je</wf>
         <instance id="d000.s540.t000" lemma="dodirivati" pos="VERB">dodirivati</instance>
         <wf lemma="ljude" pos="X">ljude</wf>
         <wf lemma="s" pos="X">s</wf>
         <wf lemma="kojima" pos="X">kojima</wf>
         <wf lemma="je" pos="X">je</wf>
         <wf lemma="bliska" pos="X">bliska</wf>
         <wf lemma="." pos="X">.</wf>
      </sentence>
      <sentence id="d000.s541" source="wordnet-croatian">
         <wf lemma="Sjeo" pos="X">Sjeo</wf>
         <wf lemma="je" pos="X">je</wf>
         <wf lemma="na" pos="X">na</wf>
         <wf lemma="rub" pos="X">rub</wf>
         <instance id="d000.s541.t000" lemma="ležaj" pos="NOUN">ležaja</instance>
         <wf lemma="i" pos="X">i</wf>
         <wf lemma="plakao" pos="X">plakao</wf>
         <wf lemma="." pos="X">.</wf>
      </sentence>
      <sentence id="d000.s542" source="wordnet-croatian">
         <wf lemma="Ovaj" pos="X">Ovaj</wf>
         <wf lemma="rukopis" pos="X">rukopis</wf>
         <wf lemma="ne" pos="X">ne</wf>
         <instance id="d000.s542.t000" lemma="odgovarati" pos="VERB">odgovara</instance>
         <wf lemma="onome" pos="X">onome</wf>
         <wf lemma="u" pos="X">u</wf>
         <wf lemma="tvojoj" pos="X">tvojoj</wf>
         <wf lemma="bilježnici" pos="X">bilježnici</wf>
         <wf lemma="." pos="X">.</wf>
      </sentence>
      <sentence id="d000.s543" source="wordnet-croatian">
         <wf lemma="Ti" pos="X">Ti</wf>
         <wf lemma="arhitekti" pos="X">arhitekti</wf>
         <instance id="d000.s543.t000" lemma="graditi" pos="VERB">grade</instance>
         <wf lemma="nevjerojatne" pos="X">nevjerojatne</wf>
         <wf lemma="zgrade" pos="X">zgrade</wf>
         <wf lemma="." pos="X">.</wf>
      </sentence>
      <sentence id="d000.s544" source="wordnet-croatian">
         <wf lemma="Zbog" pos="X">Zbog</wf>
         <instance id="d000.s544.t000" lemma="smetnja" pos="NOUN">smetnji</instance>
         <wf lemma="u" pos="X">u</wf>
         <wf lemma="sustavu" pos="X">sustavu</wf>
         <wf lemma="danas" pos="X">danas</wf>
         <wf lemma="ne" pos="X">ne</wf>
         <wf lemma="radimo" pos="X">radimo</wf>
         <wf lemma="." pos="X">.</wf>
      </sentence>
      <sentence id="d000.s545" source="wordnet-croatian">
         <wf lemma="Moguće" pos="X">Moguće</wf>
         <wf lemma="je" pos="X">je</wf>
         <wf lemma="da" pos="X">da</wf>
         <wf lemma="je" pos="X">je</wf>
         <wf lemma="virus" pos="X">virus</wf>
         <wf lemma="svinjske" pos="X">svinjske</wf>
         <wf lemma="gripe" pos="X">gripe</wf>
         <instance id="d000.s545.t000" lemma="proizvod" pos="NOUN">proizvod</instance>
         <wf lemma="nepotrebnog" pos="X">nepotrebnog</wf>
         <wf lemma="poigravanja" pos="X">poigravanja</wf>
         <wf lemma="mutacijama" pos="X">mutacijama</wf>
         <wf lemma="u" pos="X">u</wf>
         <wf lemma="laboratoriju" pos="X">laboratoriju</wf>
         <wf lemma="." pos="X">.</wf>
      </sentence>
      <sentence id="d000.s546" source="wordnet-croatian">
         <wf lemma="Obožavam" pos="X">Obožavam</wf>
         <instance id="d000.s546.t000" lemma="nektar" pos="NOUN">nektar</instance>
         <wf lemma="od" pos="X">od</wf>
         <wf lemma="crnoga" pos="X">crnoga</wf>
         <wf lemma="ribizla" pos="X">ribizla</wf>
         <wf lemma="." pos="X">.</wf>
      </sentence>
      <sentence id="d000.s547" source="wordnet-croatian">
         <wf lemma="Uvijek" pos="X">Uvijek</wf>
         <wf lemma="se" pos="X">se</wf>
         <wf lemma="koristio" pos="X">koristio</wf>
         <instance id="d000.s547.t000" lemma="hladan" pos="ADJ">hladnom</instance>
         <wf lemma="logikom" pos="X">logikom</wf>
         <wf lemma="." pos="X">.</wf>
      </sentence>
      <sentence id="d000.s548" source="wordnet-croatian">
         <wf lemma="Nisam" pos="X">Nisam</wf>
         <wf lemma="imao" pos="X">imao</wf>
         <wf lemma="peršina" pos="X">peršina</wf>
         <wf lemma="," pos="X">,</wf>
         <wf lemma="pa" pos="X">pa</wf>
         <wf lemma="sam" pos="X">sam</wf>
         <wf lemma="umjesto" pos="X">umjesto</wf>
         <wf lemma="njega" pos="X">njega</wf>
         <wf lemma="stavio" pos="X">stavio</wf>
         <instance id="d000.s548.t000" lemma="krasuljica" pos="NOUN">krasuljicu</instance>
         <wf lemma="." pos="X">.</wf>
      </sentence>
      <sentence id="d000.s549" source="wordnet-croatian">
         <instance id="d000.s549.t000" lemma="falsificirati" pos="VERB">Falsificirala</instance>
         <wf lemma="je" pos="X">je</wf>
         <wf lemma="podatke" pos="X">podatke</wf>
         <wf lemma="u" pos="X">u</wf>
         <wf lemma="godišnjoj" pos="X">godišnjoj</wf>
         <wf lemma="prijavi" pos="X">prijavi</wf>
         <wf lemma="poreza" pos="X">poreza</wf>
         <wf lemma="." pos="X">.</wf>
      </sentence>
      <sentence id="d000.s550" source="wordnet-croatian">
         <wf lemma="Plan" pos="X">Plan</wf>
         <wf lemma="je" pos="X">je</wf>
         <wf lemma="već" pos="X">već</wf>
         <wf lemma="od" pos="X">od</wf>
         <wf lemma="svog" pos="X">svog</wf>
         <instance id="d000.s550.t000" lemma="nastanak" pos="NOUN">nastanka</instance>
         <wf lemma="bio" pos="X">bio</wf>
         <wf lemma="osuđen" pos="X">osuđen</wf>
         <wf lemma="na" pos="X">na</wf>
         <wf lemma="propast" pos="X">propast</wf>
         <wf lemma="." pos="X">.</wf>
      </sentence>
      <sentence id="d000.s551" source="wordnet-croatian">
         <instance id="d000.s551.t000" lemma="očitanje" pos="NOUN">Očitanjem</instance>
         <wf lemma="brojila" pos="X">brojila</wf>
         <wf lemma="utvrđuje" pos="X">utvrđuje</wf>
         <wf lemma="se" pos="X">se</wf>
         <wf lemma="potrošnja" pos="X">potrošnja</wf>
         <wf lemma="struje" pos="X">struje</wf>
         <wf lemma="." pos="X">.</wf>
      </sentence>
      <sentence id="d000.s552" source="wordnet-croatian">
         <wf lemma="Dala" pos="X">Dala</wf>
         <wf lemma="sam" pos="X">sam</wf>
         <wf lemma="mu" pos="X">mu</wf>
         <wf lemma="svu" pos="X">svu</wf>
         <wf lemma="svoju" pos="X">svoju</wf>
         <wf lemma="ljubav" pos="X">ljubav</wf>
         <wf lemma="," pos="X">,</wf>
         <wf lemma="a" pos="X">a</wf>
         <wf lemma="dobila" pos="X">dobila</wf>
         <wf lemma="sam" pos="X">sam</wf>
         <wf lemma="frišku" pos="X">frišku</wf>
         <instance id="d000.s552.t000" lemma="figa" pos="NOUN">figu</instance>
         <wf lemma="." pos="X">.</wf>
      </sentence>
      <sentence id="d000.s553" source="wordnet-croatian">
         <wf lemma="Njegovo" pos="X">Njegovo</wf>
         <wf lemma="znanje" pos="X">znanje</wf>
         <wf lemma="o" pos="X">o</wf>
         <wf lemma="botanici" pos="X">botanici</wf>
         <wf lemma="ne" pos="X">ne</wf>
         <instance id="d000.s553.t000" lemma="ići" pos="VERB">ide</instance>
         <wf lemma="baš" pos="X">baš</wf>
         <wf lemma="daleko" pos="X">daleko</wf>
         <wf lemma="." pos="X">.</wf>
      </sentence>
      <sentence id="d000.s554" source="wordnet-croatian">
         <wf lemma="Previše" pos="X">Previše</wf>
         <wf lemma="namještaja" pos="X">namještaja</wf>
         <wf lemma="u" pos="X">u</wf>
         <wf lemma="jednoj" pos="X">jednoj</wf>
         <wf lemma="prostoriji" pos="X">prostoriji</wf>
         <wf lemma="rezultat" pos="X">rezultat</wf>
         <wf lemma="je" pos="X">je</wf>
         <wf lemma="neuspješnog" pos="X">neuspješnog</wf>
         <instance id="d000.s554.t000" lemma="uređenje" pos="NOUN">uređenja</instance>
         <wf lemma="." pos="X">.</wf>
      </sentence>
      <sentence id="d000.s555" source="wordnet-croatian">
         <wf lemma="Narucio" pos="X">Narucio</wf>
         <wf lemma="je" pos="X">je</wf>
         <instance id="d000.s555.t000" lemma="hladan" pos="ADJ">hladno</instance>
         <wf lemma="pice" pos="X">pice</wf>
         <wf lemma="." pos="X">.</wf>
      </sentence>
      <sentence id="d000.s556" source="wordnet-croatian">
         <instance id="d000.s556.t000" lemma="glazba" pos="NOUN">Glazba</instance>
         <wf lemma="mu" pos="X">mu</wf>
         <wf lemma="je" pos="X">je</wf>
         <wf lemma="bio" pos="X">bio</wf>
         <wf lemma="posao" pos="X">posao</wf>
         <wf lemma="," pos="X">,</wf>
         <wf lemma="ali" pos="X">ali</wf>
         <wf lemma="i" pos="X">i</wf>
         <wf lemma="zadovoljstvo" pos="X">zadovoljstvo</wf>
         <wf lemma="." pos="X">.</wf>
      </sentence>
      <sentence id="d000.s557" source="wordnet-croatian">
         <instance id="d000.s557.t000" lemma="zrno" pos="NOUN">Zrno</instance>
         <wf lemma="je" pos="X">je</wf>
         <wf lemma="," pos="X">,</wf>
         <wf lemma="srećom" pos="X">srećom</wf>
         <wf lemma="," pos="X">,</wf>
         <wf lemma="pogodilo" pos="X">pogodilo</wf>
         <wf lemma="zid" pos="X">zid</wf>
         <wf lemma="," pos="X">,</wf>
         <wf lemma="a" pos="X">a</wf>
         <wf lemma="ne" pos="X">ne</wf>
         <wf lemma="njega" pos="X">njega</wf>
         <wf lemma="." pos="X">.</wf>
      </sentence>
      <sentence id="d000.s558" source="wordnet-croatian">
         <wf lemma="Njegov" pos="X">Njegov</wf>
         <wf lemma="je" pos="X">je</wf>
         <wf lemma="hobi" pos="X">hobi</wf>
         <instance id="d000.s558.t000" lemma="izrađivanje" pos="NOUN">izrađivanje</instance>
         <wf lemma="maketa" pos="X">maketa</wf>
         <wf lemma="tramvaja" pos="X">tramvaja</wf>
         <wf lemma="." pos="X">.</wf>
      </sentence>
      <sentence id="d000.s559" source="wordnet-croatian">
         <wf lemma="Jučer" pos="X">Jučer</wf>
         <wf lemma="je" pos="X">je</wf>
         <wf lemma="dobila" pos="X">dobila</wf>
         <instance id="d000.s559.t000" lemma="nagrada" pos="NOUN">nagradu</instance>
         <wf lemma="za" pos="X">za</wf>
         <wf lemma="najbolji" pos="X">najbolji</wf>
         <wf lemma="autorski" pos="X">autorski</wf>
         <wf lemma="scenarij" pos="X">scenarij</wf>
         <wf lemma="." pos="X">.</wf>
      </sentence>
      <sentence id="d000.s560" source="wordnet-croatian">
         <wf lemma="Udarili" pos="X">Udarili</wf>
         <wf lemma="su" pos="X">su</wf>
         <wf lemma="o" pos="X">o</wf>
         <wf lemma="stijenu" pos="X">stijenu</wf>
         <wf lemma="i" pos="X">i</wf>
         <wf lemma="razbili" pos="X">razbili</wf>
         <instance id="d000.s560.t000" lemma="propeler" pos="NOUN">propeler</instance>
         <wf lemma="." pos="X">.</wf>
      </sentence>
      <sentence id="d000.s561" source="wordnet-croatian">
         <wf lemma="Izborno" pos="X">Izborno</wf>
         <wf lemma="povjerenstvo" pos="X">povjerenstvo</wf>
         <wf lemma="je" pos="X">je</wf>
         <wf lemma="do" pos="X">do</wf>
         <wf lemma="ponoći" pos="X">ponoći</wf>
         <instance id="d000.s561.t000" lemma="pobrojati" pos="VERB">pobrojalo</instance>
         <wf lemma="sve" pos="X">sve</wf>
         <wf lemma="glasove" pos="X">glasove</wf>
         <wf lemma="." pos="X">.</wf>
      </sentence>
      <sentence id="d000.s562" source="wordnet-croatian">
         <wf lemma="Skupljao" pos="X">Skupljao</wf>
         <wf lemma="je" pos="X">je</wf>
         <wf lemma="stare" pos="X">stare</wf>
         <wf lemma="vojničke" pos="X">vojničke</wf>
         <instance id="d000.s562.t000" lemma="šljem" pos="NOUN">šljemove</instance>
         <wf lemma="." pos="X">.</wf>
      </sentence>
      <sentence id="d000.s563" source="wordnet-croatian">
         <instance id="d000.s563.t000" lemma="registar" pos="NOUN">Registar</instance>
         <wf lemma="nezaposlenih" pos="X">nezaposlenih</wf>
         <wf lemma="osoba" pos="X">osoba</wf>
         <wf lemma="povećavao" pos="X">povećavao</wf>
         <wf lemma="se" pos="X">se</wf>
         <wf lemma="iz" pos="X">iz</wf>
         <wf lemma="mjeseca" pos="X">mjeseca</wf>
         <wf lemma="u" pos="X">u</wf>
         <wf lemma="mjesec" pos="X">mjesec</wf>
         <wf lemma="." pos="X">.</wf>
      </sentence>
      <sentence id="d000.s564" source="wordnet-croatian">
         <wf lemma="Nije" pos="X">Nije</wf>
         <wf lemma="mogao" pos="X">mogao</wf>
         <wf lemma="pronaći" pos="X">pronaći</wf>
         <wf lemma="sve" pos="X">sve</wf>
         <instance id="d000.s564.t000" lemma="element" pos="NOUN">elemente</instance>
         <wf lemma="slagalice" pos="X">slagalice</wf>
         <wf lemma="." pos="X">.</wf>
      </sentence>
      <sentence id="d000.s565" source="wordnet-croatian">
         <wf lemma="U" pos="X">U</wf>
         <instance id="d000.s565.t000" lemma="proces" pos="NOUN">procesu</instance>
         <wf lemma="učenja" pos="X">učenja</wf>
         <wf lemma="rabe" pos="X">rabe</wf>
         <wf lemma="se" pos="X">se</wf>
         <wf lemma="različite" pos="X">različite</wf>
         <wf lemma="strategije" pos="X">strategije</wf>
         <wf lemma="." pos="X">.</wf>
      </sentence>
      <sentence id="d000.s566" source="wordnet-croatian">
         <wf lemma="Koliko" pos="X">Koliko</wf>
         <wf lemma="puta" pos="X">puta</wf>
         <wf lemma="ste" pos="X">ste</wf>
         <wf lemma="donijeli" pos="X">donijeli</wf>
         <wf lemma="odluku" pos="X">odluku</wf>
         <wf lemma="samo" pos="X">samo</wf>
         <wf lemma="na" pos="X">na</wf>
         <wf lemma="temelju" pos="X">temelju</wf>
         <instance id="d000.s566.t000" lemma="pretpostavka" pos="NOUN">pretpostavki</instance>
         <wf lemma="i" pos="X">i</wf>
         <wf lemma="pogriješili" pos="X">pogriješili</wf>
         <wf lemma="?" pos="X">?</wf>
      </sentence>
      <sentence id="d000.s567" source="wordnet-croatian">
         <instance id="d000.s567.t000" lemma="sudac" pos="NOUN">Sudac</instance>
         <wf lemma="ove" pos="X">ove</wf>
         <wf lemma="utakmice" pos="X">utakmice</wf>
         <wf lemma="imat" pos="X">imat</wf>
         <wf lemma="će" pos="X">će</wf>
         <wf lemma="težak" pos="X">težak</wf>
         <wf lemma="zadatak" pos="X">zadatak</wf>
         <wf lemma="." pos="X">.</wf>
      </sentence>
      <sentence id="d000.s568" source="wordnet-croatian">
         <wf lemma="Prevođenje" pos="X">Prevođenje</wf>
         <instance id="d000.s568.t000" lemma="naplaćivati" pos="VERB">naplaćuje</instance>
         <wf lemma="100" pos="X">100</wf>
         <wf lemma="kuna" pos="X">kuna</wf>
         <wf lemma="po" pos="X">po</wf>
         <wf lemma="kartici" pos="X">kartici</wf>
         <wf lemma="teksta" pos="X">teksta</wf>
         <wf lemma="." pos="X">.</wf>
      </sentence>
      <sentence id="d000.s569" source="wordnet-croatian">
         <wf lemma="Mrzim" pos="X">Mrzim</wf>
         <wf lemma="kad" pos="X">kad</wf>
         <wf lemma="me" pos="X">me</wf>
         <instance id="d000.s569.t000" lemma="ometati" pos="VERB">ometaju</instance>
         <wf lemma="dok" pos="X">dok</wf>
         <wf lemma="radim" pos="X">radim</wf>
         <wf lemma="!" pos="X">!</wf>
      </sentence>
      <sentence id="d000.s570" source="wordnet-croatian">
         <instance id="d000.s570.t000" lemma="potčinjenost" pos="NOUN">Potčinjenosti</instance>
         <wf lemma="žene" pos="X">žene</wf>
         <wf lemma="prema" pos="X">prema</wf>
         <wf lemma="muškarcu" pos="X">muškarcu</wf>
         <wf lemma="došao" pos="X">došao</wf>
         <wf lemma="je" pos="X">je</wf>
         <wf lemma="kraj" pos="X">kraj</wf>
         <wf lemma="!" pos="X">!</wf>
      </sentence>
      <sentence id="d000.s571" source="wordnet-croatian">
         <wf lemma="Brojni" pos="X">Brojni</wf>
         <wf lemma="su" pos="X">su</wf>
         <instance id="d000.s571.t000" lemma="dvorac" pos="NOUN">dvorci</instance>
         <wf lemma="danas" pos="X">danas</wf>
         <wf lemma="pretvoreni" pos="X">pretvoreni</wf>
         <wf lemma="u" pos="X">u</wf>
         <wf lemma="turističke" pos="X">turističke</wf>
         <wf lemma="objekte" pos="X">objekte</wf>
         <wf lemma="." pos="X">.</wf>
      </sentence>
      <sentence id="d000.s572" source="wordnet-croatian">
         <instance id="d000.s572.t000" lemma="pregled" pos="NOUN">Pregledom</instance>
         <wf lemma="knjiga" pos="X">knjiga</wf>
         <wf lemma="nisu" pos="X">nisu</wf>
         <wf lemma="utvrđen" pos="X">utvrđen</wf>
         <wf lemma="nikakve" pos="X">nikakve</wf>
         <wf lemma="nepravilnosti" pos="X">nepravilnosti</wf>
         <wf lemma="u" pos="X">u</wf>
         <wf lemma="poslovanju" pos="X">poslovanju</wf>
         <wf lemma="." pos="X">.</wf>
      </sentence>
      <sentence id="d000.s573" source="wordnet-croatian">
         <wf lemma="Liječnik" pos="X">Liječnik</wf>
         <wf lemma="je" pos="X">je</wf>
         <wf lemma="dječaku" pos="X">dječaku</wf>
         <instance id="d000.s573.t000" lemma="operirati" pos="VERB">operirao</instance>
         <wf lemma="slijepo" pos="X">slijepo</wf>
         <wf lemma="crijevo" pos="X">crijevo</wf>
         <wf lemma="." pos="X">.</wf>
      </sentence>
      <sentence id="d000.s574" source="wordnet-croatian">
         <wf lemma="Nije" pos="X">Nije</wf>
         <wf lemma="joj" pos="X">joj</wf>
         <wf lemma="stigao" pos="X">stigao</wf>
         <wf lemma="prenijeti" pos="X">prenijeti</wf>
         <wf lemma="sestrinu" pos="X">sestrinu</wf>
         <instance id="d000.s574.t000" lemma="poruka" pos="NOUN">poruku</instance>
         <wf lemma="." pos="X">.</wf>
      </sentence>
      <sentence id="d000.s575" source="wordnet-croatian">
         <wf lemma="Rudarenje" pos="X">Rudarenje</wf>
         <wf lemma="je" pos="X">je</wf>
         <instance id="d000.s575.t000" lemma="prljav" pos="ADJ">prljav</instance>
         <wf lemma="posao" pos="X">posao</wf>
         <wf lemma="." pos="X">.</wf>
      </sentence>
      <sentence id="d000.s576" source="wordnet-croatian">
         <wf lemma="Svojim" pos="X">Svojim</wf>
         <wf lemma="je" pos="X">je</wf>
         <wf lemma="ponašanjem" pos="X">ponašanjem</wf>
         <instance id="d000.s576.t000" lemma="stvoriti" pos="VERB">stvorio</instance>
         <wf lemma="mnogo" pos="X">mnogo</wf>
         <wf lemma="neprijatelja" pos="X">neprijatelja</wf>
         <wf lemma="." pos="X">.</wf>
      </sentence>
      <sentence id="d000.s577" source="wordnet-croatian">
         <wf lemma="Biljke" pos="X">Biljke</wf>
         <wf lemma="stvaraju" pos="X">stvaraju</wf>
         <instance id="d000.s577.t000" lemma="kisik" pos="NOUN">kisik</instance>
         <wf lemma="fotosintezom" pos="X">fotosintezom</wf>
         <wf lemma="." pos="X">.</wf>
      </sentence>
      <sentence id="d000.s578" source="wordnet-croatian">
         <instance id="d000.s578.t000" lemma="suspenzija" pos="NOUN">Suspenziju</instance>
         <wf lemma="magnezija" pos="X">magnezija</wf>
         <wf lemma="koja" pos="X">koja</wf>
         <wf lemma="se" pos="X">se</wf>
         <wf lemma="zove" pos="X">zove</wf>
         <wf lemma="magnezijevo" pos="X">magnezijevo</wf>
         <wf lemma="mlijeko" pos="X">mlijeko</wf>
         <wf lemma="lako" pos="X">lako</wf>
         <wf lemma="se" pos="X">se</wf>
         <wf lemma="može" pos="X">može</wf>
         <wf lemma="napraviti" pos="X">napraviti</wf>
         <wf lemma="i" pos="X">i</wf>
         <wf lemma="doma" pos="X">doma</wf>
         <wf lemma="." pos="X">.</wf>
      </sentence>
      <sentence id="d000.s579" source="wordnet-croatian">
         <wf lemma="Nikad" pos="X">Nikad</wf>
         <wf lemma="nije" pos="X">nije</wf>
         <wf lemma="pušio" pos="X">pušio</wf>
         <wf lemma="cigarete" pos="X">cigarete</wf>
         <wf lemma="," pos="X">,</wf>
         <wf lemma="nego" pos="X">nego</wf>
         <wf lemma="samo" pos="X">samo</wf>
         <instance id="d000.s579.t000" lemma="lula" pos="NOUN">lulu</instance>
         <wf lemma="." pos="X">.</wf>
      </sentence>
      <sentence id="d000.s580" source="wordnet-croatian">
         <wf lemma="Odjenula" pos="X">Odjenula</wf>
         <wf lemma="je" pos="X">je</wf>
         <wf lemma="omiljenu" pos="X">omiljenu</wf>
         <wf lemma="majicu" pos="X">majicu</wf>
         <wf lemma="s" pos="X">s</wf>
         <wf lemma="crvenim" pos="X">crvenim</wf>
         <instance id="d000.s580.t000" lemma="točkica" pos="NOUN">točkicama</instance>
         <wf lemma="." pos="X">.</wf>
      </sentence>
      <sentence id="d000.s581" source="wordnet-croatian">
         <wf lemma="Moj" pos="X">Moj</wf>
         <wf lemma="brat" pos="X">brat</wf>
         <wf lemma="je" pos="X">je</wf>
         <wf lemma="taj" pos="X">taj</wf>
         <wf lemma="koji" pos="X">koji</wf>
         <wf lemma="ne" pos="X">ne</wf>
         <wf lemma="voli" pos="X">voli</wf>
         <wf lemma="isticati" pos="X">isticati</wf>
         <wf lemma="naše" pos="X">naše</wf>
         <instance id="d000.s581.t000" lemma="srodstvo" pos="NOUN">srodstvo</instance>
         <wf lemma="." pos="X">.</wf>
      </sentence>
      <sentence id="d000.s582" source="wordnet-croatian">
         <wf lemma="Svećenik" pos="X">Svećenik</wf>
         <wf lemma="tijekom" pos="X">tijekom</wf>
         <wf lemma="služenja" pos="X">služenja</wf>
         <wf lemma="euharistije" pos="X">euharistije</wf>
         <wf lemma="nekoliko" pos="X">nekoliko</wf>
         <wf lemma="puta" pos="X">puta</wf>
         <wf lemma="podiže" pos="X">podiže</wf>
         <instance id="d000.s582.t000" lemma="kalež" pos="NOUN">kalež</instance>
         <wf lemma="." pos="X">.</wf>
      </sentence>
      <sentence id="d000.s583" source="wordnet-croatian">
         <instance id="d000.s583.t000" lemma="poslušati" pos="VERB">Poslušala</instance>
         <wf lemma="sam" pos="X">sam</wf>
         <wf lemma="majčin" pos="X">majčin</wf>
         <wf lemma="savjet" pos="X">savjet</wf>
         <wf lemma="i" pos="X">i</wf>
         <wf lemma="izabrala" pos="X">izabrala</wf>
         <wf lemma="dobrog" pos="X">dobrog</wf>
         <wf lemma="muža" pos="X">muža</wf>
         <wf lemma="." pos="X">.</wf>
      </sentence>
      <sentence id="d000.s584" source="wordnet-croatian">
         <instance id="d000.s584.t000" lemma="usklađivanje" pos="NOUN">Usklađivanje</instance>
         <wf lemma="plesača" pos="X">plesača</wf>
         <wf lemma="u" pos="X">u</wf>
         <wf lemma="njihovoj" pos="X">njihovoj</wf>
         <wf lemma="izvedbi" pos="X">izvedbi</wf>
         <wf lemma="zahtijevalo" pos="X">zahtijevalo</wf>
         <wf lemma="je" pos="X">je</wf>
         <wf lemma="mnogo" pos="X">mnogo</wf>
         <wf lemma="vježbe" pos="X">vježbe</wf>
         <wf lemma="." pos="X">.</wf>
      </sentence>
      <sentence id="d000.s585" source="wordnet-croatian">
         <instance id="d000.s585.t000" lemma="acetaldehid" pos="NOUN">Acetaldehid</instance>
         <wf lemma="vrlo" pos="X">vrlo</wf>
         <wf lemma="brzo" pos="X">brzo</wf>
         <wf lemma="isparava" pos="X">isparava</wf>
         <wf lemma="." pos="X">.</wf>
      </sentence>
      <sentence id="d000.s586" source="wordnet-croatian">
         <wf lemma="Tijelo" pos="X">Tijelo</wf>
         <wf lemma="je" pos="X">je</wf>
         <wf lemma="zadobilo" pos="X">zadobilo</wf>
         <wf lemma="oblik" pos="X">oblik</wf>
         <instance id="d000.s586.t000" lemma="kugla" pos="NOUN">kugle</instance>
         <wf lemma="." pos="X">.</wf>
      </sentence>
      <sentence id="d000.s587" source="wordnet-croatian">
         <instance id="d000.s587.t000" lemma="razderotina" pos="NOUN">Razderotina</instance>
         <wf lemma="na" pos="X">na</wf>
         <wf lemma="čarapi" pos="X">čarapi</wf>
         <wf lemma="je" pos="X">je</wf>
         <wf lemma="postajala" pos="X">postajala</wf>
         <wf lemma="sve" pos="X">sve</wf>
         <wf lemma="veća" pos="X">veća</wf>
         <wf lemma="." pos="X">.</wf>
      </sentence>
      <sentence id="d000.s588" source="wordnet-croatian">
         <wf lemma="Danas" pos="X">Danas</wf>
         <wf lemma="ću" pos="X">ću</wf>
         <wf lemma="ja" pos="X">ja</wf>
         <instance id="d000.s588.t000" lemma="platiti" pos="VERB">platiti</instance>
         <wf lemma="kavu" pos="X">kavu</wf>
         <wf lemma="!" pos="X">!</wf>
      </sentence>
      <sentence id="d000.s589" source="wordnet-croatian">
         <wf lemma="Vid" pos="X">Vid</wf>
         <wf lemma="mi" pos="X">mi</wf>
         <wf lemma="je" pos="X">je</wf>
         <wf lemma="počeo" pos="X">počeo</wf>
         <wf lemma="slabiti" pos="X">slabiti</wf>
         <wf lemma="pa" pos="X">pa</wf>
         <wf lemma="sam" pos="X">sam</wf>
         <wf lemma="počela" pos="X">počela</wf>
         <wf lemma="nositi" pos="X">nositi</wf>
         <instance id="d000.s589.t000" lemma="naočale" pos="NOUN">naočale</instance>
         <wf lemma="." pos="X">.</wf>
      </sentence>
      <sentence id="d000.s590" source="wordnet-croatian">
         <wf lemma="Njegove" pos="X">Njegove</wf>
         <wf lemma="odluke" pos="X">odluke</wf>
         <wf lemma="više" pos="X">više</wf>
         <wf lemma="nisu" pos="X">nisu</wf>
         <wf lemma="imale" pos="X">imale</wf>
         <wf lemma="nikakvu" pos="X">nikakvu</wf>
         <instance id="d000.s590.t000" lemma="važnost" pos="NOUN">važnost</instance>
         <wf lemma="." pos="X">.</wf>
      </sentence>
      <sentence id="d000.s591" source="wordnet-croatian">
         <wf lemma="Kvartet" pos="X">Kvartet</wf>
         <wf lemma="je" pos="X">je</wf>
         <wf lemma="odsvirao" pos="X">odsvirao</wf>
         <wf lemma="klasičan" pos="X">klasičan</wf>
         <wf lemma="repertoar" pos="X">repertoar</wf>
         <wf lemma="na" pos="X">na</wf>
         <instance id="d000.s591.t000" lemma="okarina" pos="NOUN">okarinama</instance>
         <wf lemma="." pos="X">.</wf>
      </sentence>
      <sentence id="d000.s592" source="wordnet-croatian">
         <wf lemma="Mnogi" pos="X">Mnogi</wf>
         <instance id="d000.s592.t000" lemma="pratiti" pos="VERB">prate</instance>
         <wf lemma="događanja" pos="X">događanja</wf>
         <wf lemma="u" pos="X">u</wf>
         <wf lemma="naftnoj" pos="X">naftnoj</wf>
         <wf lemma="industriji" pos="X">industriji</wf>
         <wf lemma="." pos="X">.</wf>
      </sentence>
      <sentence id="d000.s593" source="wordnet-croatian">
         <instance id="d000.s593.t000" lemma="ići" pos="VERB">Idem</instance>
         <wf lemma="na" pos="X">na</wf>
         <wf lemma="tečaj" pos="X">tečaj</wf>
         <wf lemma="ruskoga" pos="X">ruskoga</wf>
         <wf lemma="jezika" pos="X">jezika</wf>
         <wf lemma="." pos="X">.</wf>
      </sentence>
      <sentence id="d000.s594" source="wordnet-croatian">
         <wf lemma="Domaćica" pos="X">Domaćica</wf>
         <wf lemma="je" pos="X">je</wf>
         <instance id="d000.s594.t000" lemma="servirati" pos="VERB">servirala</instance>
         <wf lemma="gostima" pos="X">gostima</wf>
         <wf lemma="domaću" pos="X">domaću</wf>
         <wf lemma="juhu" pos="X">juhu</wf>
         <wf lemma="." pos="X">.</wf>
      </sentence>
      <sentence id="d000.s595" source="wordnet-croatian">
         <wf lemma="Našao" pos="X">Našao</wf>
         <wf lemma="se" pos="X">se</wf>
         <wf lemma="u" pos="X">u</wf>
         <instance id="d000.s595.t000" lemma="moralan" pos="ADJ">moralnoj</instance>
         <wf lemma="neprilici" pos="X">neprilici</wf>
         <wf lemma="." pos="X">.</wf>
      </sentence>
      <sentence id="d000.s596" source="wordnet-croatian">
         <wf lemma="Bio" pos="X">Bio</wf>
         <wf lemma="je" pos="X">je</wf>
         <wf lemma="vrlo" pos="X">vrlo</wf>
         <instance id="d000.s596.t000" lemma="darežljiv" pos="ADJ">darežljiv</instance>
         <wf lemma="i" pos="X">i</wf>
         <wf lemma="uvijek" pos="X">uvijek</wf>
         <wf lemma="se" pos="X">se</wf>
         <wf lemma="odazivao" pos="X">odazivao</wf>
         <wf lemma="dobrotvornim" pos="X">dobrotvornim</wf>
         <wf lemma="akcijama" pos="X">akcijama</wf>
         <wf lemma="." pos="X">.</wf>
      </sentence>
      <sentence id="d000.s597" source="wordnet-croatian">
         <wf lemma="Kompanija" pos="X">Kompanija</wf>
         <wf lemma="je" pos="X">je</wf>
         <wf lemma="poslala" pos="X">poslala</wf>
         <wf lemma="svoje" pos="X">svoje</wf>
         <wf lemma="najbolje" pos="X">najbolje</wf>
         <instance id="d000.s597.t000" lemma="pregovarač" pos="NOUN">pregovarače</instance>
         <wf lemma="kako" pos="X">kako</wf>
         <wf lemma="bi" pos="X">bi</wf>
         <wf lemma="raspravljali" pos="X">raspravljali</wf>
         <wf lemma="o" pos="X">o</wf>
         <wf lemma="udruženju" pos="X">udruženju</wf>
         <wf lemma="." pos="X">.</wf>
      </sentence>
      <sentence id="d000.s598" source="wordnet-croatian">
         <wf lemma="Dodala" pos="X">Dodala</wf>
         <wf lemma="sam" pos="X">sam</wf>
         <wf lemma="Gustin" pos="X">Gustin</wf>
         <wf lemma="kako" pos="X">kako</wf>
         <wf lemma="bih" pos="X">bih</wf>
         <instance id="d000.s598.t000" lemma="skrutiti" pos="VERB">skrutila</instance>
         <wf lemma="umak" pos="X">umak</wf>
         <wf lemma="za" pos="X">za</wf>
         <wf lemma="tjesteninu" pos="X">tjesteninu</wf>
         <wf lemma="." pos="X">.</wf>
      </sentence>
      <sentence id="d000.s599" source="wordnet-croatian">
         <wf lemma="Prebacio" pos="X">Prebacio</wf>
         <wf lemma="je" pos="X">je</wf>
         <instance id="d000.s599.t000" lemma="ogrtač" pos="NOUN">ogrtač</instance>
         <wf lemma="preko" pos="X">preko</wf>
         <wf lemma="ramena" pos="X">ramena</wf>
         <wf lemma="i" pos="X">i</wf>
         <wf lemma="odjurio" pos="X">odjurio</wf>
         <wf lemma="." pos="X">.</wf>
      </sentence>
      <sentence id="d000.s600" source="wordnet-croatian">
         <wf lemma="U" pos="X">U</wf>
         <wf lemma="Nizozemskoj" pos="X">Nizozemskoj</wf>
         <wf lemma="se" pos="X">se</wf>
         <wf lemma="diče" pos="X">diče</wf>
         <wf lemma="poznatim" pos="X">poznatim</wf>
         <wf lemma="plesom" pos="X">plesom</wf>
         <instance id="d000.s600.t000" lemma="klompa" pos="NOUN">klompi</instance>
         <wf lemma="-" pos="X">-</wf>
         <wf lemma="klompendansom" pos="X">klompendansom</wf>
         <wf lemma="." pos="X">.</wf>
      </sentence>
      <sentence id="d000.s601" source="wordnet-croatian">
         <instance id="d000.s601.t000" lemma="žudnja" pos="NOUN">Žudnja</instance>
         <wf lemma="za" pos="X">za</wf>
         <wf lemma="ženom" pos="X">ženom</wf>
         <wf lemma="koju" pos="X">koju</wf>
         <wf lemma="nije" pos="X">nije</wf>
         <wf lemma="mogao" pos="X">mogao</wf>
         <wf lemma="imati" pos="X">imati</wf>
         <wf lemma="polako" pos="X">polako</wf>
         <wf lemma="ga" pos="X">ga</wf>
         <wf lemma="je" pos="X">je</wf>
         <wf lemma="uništavala" pos="X">uništavala</wf>
         <wf lemma="i" pos="X">i</wf>
         <wf lemma="psihički" pos="X">psihički</wf>
         <wf lemma="i" pos="X">i</wf>
         <wf lemma="tjelesno" pos="X">tjelesno</wf>
         <wf lemma="." pos="X">.</wf>
      </sentence>
      <sentence id="d000.s602" source="wordnet-croatian">
         <wf lemma="Na" pos="X">Na</wf>
         <wf lemma="donjem" pos="X">donjem</wf>
         <wf lemma="rubu" pos="X">rubu</wf>
         <wf lemma="haljine" pos="X">haljine</wf>
         <wf lemma="izvirivala" pos="X">izvirivala</wf>
         <wf lemma="je" pos="X">je</wf>
         <wf lemma="čipka" pos="X">čipka</wf>
         <wf lemma="prišivena" pos="X">prišivena</wf>
         <wf lemma="na" pos="X">na</wf>
         <instance id="d000.s602.t000" lemma="podstava" pos="NOUN">podstavu</instance>
         <wf lemma="." pos="X">.</wf>
      </sentence>
      <sentence id="d000.s603" source="wordnet-croatian">
         <wf lemma="Ostatci" pos="X">Ostatci</wf>
         <wf lemma="potopljenog" pos="X">potopljenog</wf>
         <wf lemma="broda" pos="X">broda</wf>
         <instance id="d000.s603.t000" lemma="doplutati" pos="VERB">doplutali</instance>
         <wf lemma="su" pos="X">su</wf>
         <wf lemma="na" pos="X">na</wf>
         <wf lemma="obalu" pos="X">obalu</wf>
         <wf lemma="." pos="X">.</wf>
      </sentence>
      <sentence id="d000.s604" source="wordnet-croatian">
         <wf lemma="Svaki" pos="X">Svaki</wf>
         <wf lemma="pilot" pos="X">pilot</wf>
         <wf lemma="mora" pos="X">mora</wf>
         <wf lemma="odlično" pos="X">odlično</wf>
         <wf lemma="poznavati" pos="X">poznavati</wf>
         <instance id="d000.s604.t000" lemma="procedura" pos="NOUN">proceduru</instance>
         <wf lemma="u" pos="X">u</wf>
         <wf lemma="izvanrednim" pos="X">izvanrednim</wf>
         <wf lemma="situacijama" pos="X">situacijama</wf>
         <wf lemma="." pos="X">.</wf>
      </sentence>
      <sentence id="d000.s605" source="wordnet-croatian">
         <wf lemma="Sjeli" pos="X">Sjeli</wf>
         <wf lemma="su" pos="X">su</wf>
         <wf lemma="na" pos="X">na</wf>
         <wf lemma="svoja" pos="X">svoja</wf>
         <instance id="d000.s605.t000" lemma="sjedalo" pos="NOUN">sjedala</instance>
         <wf lemma="i" pos="X">i</wf>
         <wf lemma="čekali" pos="X">čekali</wf>
         <wf lemma="da" pos="X">da</wf>
         <wf lemma="avion" pos="X">avion</wf>
         <wf lemma="poleti" pos="X">poleti</wf>
         <wf lemma="." pos="X">.</wf>
      </sentence>
      <sentence id="d000.s606" source="wordnet-croatian">
         <wf lemma="Od" pos="X">Od</wf>
         <wf lemma="tate" pos="X">tate</wf>
         <wf lemma="je" pos="X">je</wf>
         <wf lemma="naslijedila" pos="X">naslijedila</wf>
         <wf lemma="obiteljski" pos="X">obiteljski</wf>
         <instance id="d000.s606.t000" lemma="biznis" pos="NOUN">biznis</instance>
         <wf lemma="." pos="X">.</wf>
      </sentence>
      <sentence id="d000.s607" source="wordnet-croatian">
         <wf lemma="Ispod" pos="X">Ispod</wf>
         <wf lemma="grube" pos="X">grube</wf>
         <instance id="d000.s607.t000" lemma="vanjština" pos="NOUN">vanjštine</instance>
         <wf lemma="krilo" pos="X">krilo</wf>
         <wf lemma="se" pos="X">se</wf>
         <wf lemma="vrlo" pos="X">vrlo</wf>
         <wf lemma="osjećajno" pos="X">osjećajno</wf>
         <wf lemma="biće" pos="X">biće</wf>
         <wf lemma="." pos="X">.</wf>
      </sentence>
      <sentence id="d000.s608" source="wordnet-croatian">
         <wf lemma="Životinjske" pos="X">Životinjske</wf>
         <instance id="d000.s608.t000" lemma="masnoća" pos="NOUN">masnoće</instance>
         <wf lemma="zdrave" pos="X">zdrave</wf>
         <wf lemma="su" pos="X">su</wf>
         <wf lemma="ako" pos="X">ako</wf>
         <wf lemma="se" pos="X">se</wf>
         <wf lemma="kontrolirano" pos="X">kontrolirano</wf>
         <wf lemma="unose" pos="X">unose</wf>
         <wf lemma="u" pos="X">u</wf>
         <wf lemma="organizam" pos="X">organizam</wf>
         <wf lemma="." pos="X">.</wf>
      </sentence>
      <sentence id="d000.s609" source="wordnet-croatian">
         <instance id="d000.s609.t000" lemma="žumanjak" pos="NOUN">Žumanjak</instance>
         <wf lemma="je" pos="X">je</wf>
         <wf lemma="najkaloričniji" pos="X">najkaloričniji</wf>
         <wf lemma="dio" pos="X">dio</wf>
         <wf lemma="jajeta" pos="X">jajeta</wf>
         <wf lemma="." pos="X">.</wf>
      </sentence>
      <sentence id="d000.s610" source="wordnet-croatian">
         <wf lemma="Šumom" pos="X">Šumom</wf>
         <wf lemma="je" pos="X">je</wf>
         <wf lemma="odzvanjao" pos="X">odzvanjao</wf>
         <instance id="d000.s610.t000" lemma="zveket" pos="NOUN">zveket</instance>
         <wf lemma="oružja" pos="X">oružja</wf>
         <wf lemma="." pos="X">.</wf>
      </sentence>
      <sentence id="d000.s611" source="wordnet-croatian">
         <wf lemma="Mnogi" pos="X">Mnogi</wf>
         <wf lemma="su" pos="X">su</wf>
         <wf lemma="znanstvenici" pos="X">znanstvenici</wf>
         <wf lemma="deklarirani" pos="X">deklarirani</wf>
         <instance id="d000.s611.t000" lemma="ateist" pos="NOUN">ateisti</instance>
         <wf lemma="." pos="X">.</wf>
      </sentence>
      <sentence id="d000.s612" source="wordnet-croatian">
         <wf lemma="Mog" pos="X">Mog</wf>
         <wf lemma="su" pos="X">su</wf>
         <wf lemma="oca" pos="X">oca</wf>
         <instance id="d000.s612.t000" lemma="krstiti" pos="VERB">krstili</instance>
         <wf lemma="s" pos="X">s</wf>
         <wf lemma="dvije" pos="X">dvije</wf>
         <wf lemma="godine" pos="X">godine</wf>
         <wf lemma="starosti" pos="X">starosti</wf>
         <wf lemma="." pos="X">.</wf>
      </sentence>
      <sentence id="d000.s613" source="wordnet-croatian">
         <wf lemma="Skinuo" pos="X">Skinuo</wf>
         <wf lemma="je" pos="X">je</wf>
         <instance id="d000.s613.t000" lemma="suh" pos="ADJ">suhu</instance>
         <wf lemma="odjecu" pos="X">odjecu</wf>
         <wf lemma="s" pos="X">s</wf>
         <wf lemma="užeta" pos="X">užeta</wf>
         <wf lemma="." pos="X">.</wf>
      </sentence>
      <sentence id="d000.s614" source="wordnet-croatian">
         <wf lemma="Isusa" pos="X">Isusa</wf>
         <wf lemma="Krista" pos="X">Krista</wf>
         <instance id="d000.s614.t000" lemma="razapeti" pos="VERB">razapeli</instance>
         <wf lemma="su" pos="X">su</wf>
         <wf lemma="uz" pos="X">uz</wf>
         <wf lemma="dvojicu" pos="X">dvojicu</wf>
         <wf lemma="lopova" pos="X">lopova</wf>
         <wf lemma="." pos="X">.</wf>
      </sentence>
      <sentence id="d000.s615" source="wordnet-croatian">
         <wf lemma="Nikad" pos="X">Nikad</wf>
         <wf lemma="nije" pos="X">nije</wf>
         <instance id="d000.s615.t000" lemma="iskusiti" pos="VERB">iskusila</instance>
         <wf lemma="toliku" pos="X">toliku</wf>
         <wf lemma="sreću" pos="X">sreću</wf>
         <wf lemma="kao" pos="X">kao</wf>
         <wf lemma="kad" pos="X">kad</wf>
         <wf lemma="je" pos="X">je</wf>
         <wf lemma="doznala" pos="X">doznala</wf>
         <wf lemma="da" pos="X">da</wf>
         <wf lemma="joj" pos="X">joj</wf>
         <wf lemma="je" pos="X">je</wf>
         <wf lemma="dijete" pos="X">dijete</wf>
         <wf lemma="dobro" pos="X">dobro</wf>
         <wf lemma="." pos="X">.</wf>
      </sentence>
      <sentence id="d000.s616" source="wordnet-croatian">
         <wf lemma="Konačno" pos="X">Konačno</wf>
         <wf lemma="su" pos="X">su</wf>
         <wf lemma="bili" pos="X">bili</wf>
         <wf lemma="zadovoljni" pos="X">zadovoljni</wf>
         <instance id="d000.s616.t000" lemma="raspored" pos="NOUN">rasporedom</instance>
         <wf lemma="sjedenja" pos="X">sjedenja</wf>
         <wf lemma="gostiju" pos="X">gostiju</wf>
         <wf lemma="." pos="X">.</wf>
      </sentence>
      <sentence id="d000.s617" source="wordnet-croatian">
         <wf lemma="Smatra" pos="X">Smatra</wf>
         <wf lemma="se" pos="X">se</wf>
         <wf lemma="da" pos="X">da</wf>
         <instance id="d000.s617.t000" lemma="grejp" pos="NOUN">grejp</instance>
         <wf lemma="dolazi" pos="X">dolazi</wf>
         <wf lemma="s" pos="X">s</wf>
         <wf lemma="Barbadosa" pos="X">Barbadosa</wf>
         <wf lemma="gdje" pos="X">gdje</wf>
         <wf lemma="su" pos="X">su</wf>
         <wf lemma="ga" pos="X">ga</wf>
         <wf lemma="u" pos="X">u</wf>
         <wf lemma="18." pos="X">18.</wf>
         <wf lemma="stoljeću" pos="X">stoljeću</wf>
         <wf lemma="nazivali" pos="X">nazivali</wf>
         <wf lemma="'" pos="X">'</wf>
         <wf lemma="'" pos="X">'</wf>
         <wf lemma="zabranjenim" pos="X">zabranjenim</wf>
         <wf lemma="voćem" pos="X">voćem</wf>
         <wf lemma="'" pos="X">'</wf>
         <wf lemma="'" pos="X">'</wf>
         <wf lemma="." pos="X">.</wf>
      </sentence>
      <sentence id="d000.s618" source="wordnet-croatian">
         <wf lemma="Svinjska" pos="X">Svinjska</wf>
         <instance id="d000.s618.t000" lemma="mast" pos="NOUN">mast</instance>
         <wf lemma="je" pos="X">je</wf>
         <wf lemma="prava" pos="X">prava</wf>
         <wf lemma="poslastica" pos="X">poslastica</wf>
         <wf lemma="." pos="X">.</wf>
      </sentence>
      <sentence id="d000.s619" source="wordnet-croatian">
         <wf lemma="Ova" pos="X">Ova</wf>
         <wf lemma="klinka" pos="X">klinka</wf>
         <wf lemma="mi" pos="X">mi</wf>
         <wf lemma="je" pos="X">je</wf>
         <wf lemma="isplazila" pos="X">isplazila</wf>
         <instance id="d000.s619.t000" lemma="jezik" pos="NOUN">jezik</instance>
         <wf lemma="!" pos="X">!</wf>
      </sentence>
      <sentence id="d000.s620" source="wordnet-croatian">
         <wf lemma="Propustio" pos="X">Propustio</wf>
         <wf lemma="je" pos="X">je</wf>
         <wf lemma="previše" pos="X">previše</wf>
         <instance id="d000.s620.t000" lemma="proba" pos="NOUN">proba</instance>
         <wf lemma="i" pos="X">i</wf>
         <wf lemma="na" pos="X">na</wf>
         <wf lemma="kraju" pos="X">kraju</wf>
         <wf lemma="zakazao" pos="X">zakazao</wf>
         <wf lemma="na" pos="X">na</wf>
         <wf lemma="koncertu" pos="X">koncertu</wf>
         <wf lemma="." pos="X">.</wf>
      </sentence>
      <sentence id="d000.s621" source="wordnet-croatian">
         <wf lemma="Kako" pos="X">Kako</wf>
         <wf lemma="je" pos="X">je</wf>
         <wf lemma="postajao" pos="X">postajao</wf>
         <wf lemma="stariji" pos="X">stariji</wf>
         <wf lemma="," pos="X">,</wf>
         <wf lemma="njegovi" pos="X">njegovi</wf>
         <wf lemma="su" pos="X">su</wf>
         <wf lemma="stavovi" pos="X">stavovi</wf>
         <wf lemma="bili" pos="X">bili</wf>
         <wf lemma="sve" pos="X">sve</wf>
         <wf lemma="više" pos="X">više</wf>
         <instance id="d000.s621.t000" lemma="liberalan" pos="ADJ">liberalni</instance>
         <wf lemma="." pos="X">.</wf>
      </sentence>
      <sentence id="d000.s622" source="wordnet-croatian">
         <wf lemma="Obožavam" pos="X">Obožavam</wf>
         <wf lemma="istočnjačku" pos="X">istočnjačku</wf>
         <instance id="d000.s622.t000" lemma="kuhinja" pos="NOUN">kuhinju</instance>
         <wf lemma="." pos="X">.</wf>
      </sentence>
      <sentence id="d000.s623" source="wordnet-croatian">
         <wf lemma="Brojna" pos="X">Brojna</wf>
         <wf lemma="istraživanja" pos="X">istraživanja</wf>
         <wf lemma="koja" pos="X">koja</wf>
         <wf lemma="smo" pos="X">smo</wf>
         <wf lemma="proveli" pos="X">proveli</wf>
         <wf lemma="jasan" pos="X">jasan</wf>
         <wf lemma="su" pos="X">su</wf>
         <instance id="d000.s623.t000" lemma="dokaz" pos="NOUN">dokaz</instance>
         <wf lemma="da" pos="X">da</wf>
         <wf lemma="su" pos="X">su</wf>
         <wf lemma="pušenje" pos="X">pušenje</wf>
         <wf lemma="i" pos="X">i</wf>
         <wf lemma="rak" pos="X">rak</wf>
         <wf lemma="pluća" pos="X">pluća</wf>
         <wf lemma="izravno" pos="X">izravno</wf>
         <wf lemma="povezani" pos="X">povezani</wf>
         <wf lemma="." pos="X">.</wf>
      </sentence>
      <sentence id="d000.s624" source="wordnet-croatian">
         <wf lemma="Imao" pos="X">Imao</wf>
         <wf lemma="je" pos="X">je</wf>
         <wf lemma="kovanu" pos="X">kovanu</wf>
         <wf lemma="ogradu" pos="X">ogradu</wf>
         <wf lemma="s" pos="X">s</wf>
         <instance id="d000.s624.t000" lemma="vrata" pos="NOUN">vratima</instance>
         <wf lemma="koja" pos="X">koja</wf>
         <wf lemma="se" pos="X">se</wf>
         <wf lemma="otvaraju" pos="X">otvaraju</wf>
         <wf lemma="na" pos="X">na</wf>
         <wf lemma="daljinski" pos="X">daljinski</wf>
         <wf lemma="upravljač" pos="X">upravljač</wf>
         <wf lemma="." pos="X">.</wf>
      </sentence>
      <sentence id="d000.s625" source="wordnet-croatian">
         <wf lemma="Nikako" pos="X">Nikako</wf>
         <wf lemma="nije" pos="X">nije</wf>
         <wf lemma="mogao" pos="X">mogao</wf>
         <wf lemma="odrediti" pos="X">odrediti</wf>
         <instance id="d000.s625.t000" lemma="cijena" pos="NOUN">cijenu</instance>
         <wf lemma="svoje" pos="X">svoje</wf>
         <wf lemma="kolekcije" pos="X">kolekcije</wf>
         <wf lemma="." pos="X">.</wf>
      </sentence>
      <sentence id="d000.s626" source="wordnet-croatian">
         <wf lemma="Prednost" pos="X">Prednost</wf>
         <wf lemma="je" pos="X">je</wf>
         <wf lemma="teške" pos="X">teške</wf>
         <instance id="d000.s626.t000" lemma="artiljerija" pos="NOUN">artiljerije</instance>
         <wf lemma="snaga" pos="X">snaga</wf>
         <wf lemma="," pos="X">,</wf>
         <wf lemma="ali" pos="X">ali</wf>
         <wf lemma="joj" pos="X">joj</wf>
         <wf lemma="je" pos="X">je</wf>
         <wf lemma="nedostatak" pos="X">nedostatak</wf>
         <wf lemma="brzina" pos="X">brzina</wf>
         <wf lemma="." pos="X">.</wf>
      </sentence>
      <sentence id="d000.s627" source="wordnet-croatian">
         <wf lemma="Električni" pos="X">Električni</wf>
         <instance id="d000.s627.t000" lemma="generator" pos="NOUN">generator</instance>
         <wf lemma="opskrbljuje" pos="X">opskrbljuje</wf>
         <wf lemma="strujom" pos="X">strujom</wf>
         <wf lemma="sve" pos="X">sve</wf>
         <wf lemma="električne" pos="X">električne</wf>
         <wf lemma="uređaje" pos="X">uređaje</wf>
         <wf lemma="automobila" pos="X">automobila</wf>
         <wf lemma="i" pos="X">i</wf>
         <wf lemma="puni" pos="X">puni</wf>
         <wf lemma="akumulator" pos="X">akumulator</wf>
         <wf lemma="." pos="X">.</wf>
      </sentence>
      <sentence id="d000.s628" source="wordnet-croatian">
         <wf lemma="Nova" pos="X">Nova</wf>
         <wf lemma="školska" pos="X">školska</wf>
         <wf lemma="godina" pos="X">godina</wf>
         <wf lemma="počinje" pos="X">počinje</wf>
         <wf lemma="3." pos="X">3.</wf>
         <instance id="d000.s628.t000" lemma="rujan" pos="NOUN">rujna</instance>
         <wf lemma="." pos="X">.</wf>
      </sentence>
      <sentence id="d000.s629" source="wordnet-croatian">
         <wf lemma="Afganistan" pos="X">Afganistan</wf>
         <wf lemma="je" pos="X">je</wf>
         <wf lemma="opasna" pos="X">opasna</wf>
         <wf lemma="zemlja" pos="X">zemlja</wf>
         <wf lemma="za" pos="X">za</wf>
         <wf lemma="nepripremljene" pos="X">nepripremljene</wf>
         <instance id="d000.s629.t000" lemma="pridošlica" pos="NOUN">pridošlice</instance>
         <wf lemma="." pos="X">.</wf>
      </sentence>
      <sentence id="d000.s630" source="wordnet-croatian">
         <wf lemma="Mirko" pos="X">Mirko</wf>
         <wf lemma="je" pos="X">je</wf>
         <wf lemma="imao" pos="X">imao</wf>
         <wf lemma="ogromnu" pos="X">ogromnu</wf>
         <instance id="d000.s630.t000" lemma="poderotina" pos="NOUN">poderotinu</instance>
         <wf lemma="na" pos="X">na</wf>
         <wf lemma="hlačama" pos="X">hlačama</wf>
         <wf lemma="." pos="X">.</wf>
      </sentence>
      <sentence id="d000.s631" source="wordnet-croatian">
         <instance id="d000.s631.t000" lemma="nevolja" pos="NOUN">Nevolja</instance>
         <wf lemma="nikad" pos="X">nikad</wf>
         <wf lemma="ne" pos="X">ne</wf>
         <wf lemma="dolazi" pos="X">dolazi</wf>
         <wf lemma="sama" pos="X">sama</wf>
         <wf lemma="." pos="X">.</wf>
      </sentence>
      <sentence id="d000.s632" source="wordnet-croatian">
         <wf lemma="Za" pos="X">Za</wf>
         <wf lemma="prestanak" pos="X">prestanak</wf>
         <wf lemma="pušenja" pos="X">pušenja</wf>
         <wf lemma="potrebno" pos="X">potrebno</wf>
         <wf lemma="je" pos="X">je</wf>
         <wf lemma="mnogo" pos="X">mnogo</wf>
         <wf lemma="odricanja" pos="X">odricanja</wf>
         <wf lemma="i" pos="X">i</wf>
         <instance id="d000.s632.t000" lemma="samodisciplina" pos="NOUN">samodiscipline</instance>
         <wf lemma="." pos="X">.</wf>
      </sentence>
      <sentence id="d000.s633" source="wordnet-croatian">
         <wf lemma="Gerilci" pos="X">Gerilci</wf>
         <wf lemma="su" pos="X">su</wf>
         <wf lemma="pripremili" pos="X">pripremili</wf>
         <instance id="d000.s633.t000" lemma="stupica" pos="NOUN">stupicu</instance>
         <wf lemma="na" pos="X">na</wf>
         <wf lemma="kraju" pos="X">kraju</wf>
         <wf lemma="kanjona" pos="X">kanjona</wf>
         <wf lemma="." pos="X">.</wf>
      </sentence>
      <sentence id="d000.s634" source="wordnet-croatian">
         <instance id="d000.s634.t000" lemma="prekinuti" pos="VERB">Prekinula</instance>
         <wf lemma="je" pos="X">je</wf>
         <wf lemma="svirku" pos="X">svirku</wf>
         <wf lemma="kako" pos="X">kako</wf>
         <wf lemma="bi" pos="X">bi</wf>
         <wf lemma="otpila" pos="X">otpila</wf>
         <wf lemma="gutljaj" pos="X">gutljaj</wf>
         <wf lemma="pive" pos="X">pive</wf>
         <wf lemma="." pos="X">.</wf>
      </sentence>
      <sentence id="d000.s635" source="wordnet-croatian">
         <wf lemma="Mnogi" pos="X">Mnogi</wf>
         <wf lemma="su" pos="X">su</wf>
         <wf lemma="optuženi" pos="X">optuženi</wf>
         <wf lemma="za" pos="X">za</wf>
         <wf lemma="ratno" pos="X">ratno</wf>
         <instance id="d000.s635.t000" lemma="profiterstvo" pos="NOUN">profiterstvo</instance>
         <wf lemma="," pos="X">,</wf>
         <wf lemma="no" pos="X">no</wf>
         <wf lemma="malo" pos="X">malo</wf>
         <wf lemma="je" pos="X">je</wf>
         <wf lemma="tko" pos="X">tko</wf>
         <wf lemma="zaista" pos="X">zaista</wf>
         <wf lemma="i" pos="X">i</wf>
         <wf lemma="osuđen" pos="X">osuđen</wf>
         <wf lemma="." pos="X">.</wf>
      </sentence>
      <sentence id="d000.s636" source="wordnet-croatian">
         <instance id="d000.s636.t000" lemma="dvoglasnik" pos="NOUN">Dvoglasnici</instance>
         <wf lemma="nisu" pos="X">nisu</wf>
         <wf lemma="tipični" pos="X">tipični</wf>
         <wf lemma="za" pos="X">za</wf>
         <wf lemma="hrvatski" pos="X">hrvatski</wf>
         <wf lemma="jezik" pos="X">jezik</wf>
         <wf lemma="." pos="X">.</wf>
      </sentence>
      <sentence id="d000.s637" source="wordnet-croatian">
         <wf lemma="Kako" pos="X">Kako</wf>
         <wf lemma="je" pos="X">je</wf>
         <wf lemma="krenulo" pos="X">krenulo</wf>
         <wf lemma="," pos="X">,</wf>
         <instance id="d000.s637.t000" lemma="stvar" pos="NOUN">stvar</instance>
         <wf lemma="se" pos="X">se</wf>
         <wf lemma="ipak" pos="X">ipak</wf>
         <wf lemma="dobro" pos="X">dobro</wf>
         <wf lemma="razvija" pos="X">razvija</wf>
         <wf lemma="." pos="X">.</wf>
      </sentence>
      <sentence id="d000.s638" source="wordnet-croatian">
         <wf lemma="Puka" pos="X">Puka</wf>
         <instance id="d000.s638.t000" lemma="zabrinutost" pos="NOUN">zabrinutost</instance>
         <wf lemma="zbog" pos="X">zbog</wf>
         <wf lemma="globalnog" pos="X">globalnog</wf>
         <wf lemma="zagrijavanja" pos="X">zagrijavanja</wf>
         <wf lemma="neće" pos="X">neće</wf>
         <wf lemma="dovesti" pos="X">dovesti</wf>
         <wf lemma="do" pos="X">do</wf>
         <wf lemma="rješenja" pos="X">rješenja</wf>
         <wf lemma="problema" pos="X">problema</wf>
         <wf lemma="." pos="X">.</wf>
      </sentence>
      <sentence id="d000.s639" source="wordnet-croatian">
         <instance id="d000.s639.t000" lemma="otkriti" pos="VERB">Otkrio</instance>
         <wf lemma="mi" pos="X">mi</wf>
         <wf lemma="je" pos="X">je</wf>
         <wf lemma="ime" pos="X">ime</wf>
         <wf lemma="svoje" pos="X">svoje</wf>
         <wf lemma="ljubavnice" pos="X">ljubavnice</wf>
         <wf lemma="." pos="X">.</wf>
      </sentence>
      <sentence id="d000.s640" source="wordnet-croatian">
         <instance id="d000.s640.t000" lemma="izvršenje" pos="NOUN">Izvršenje</instance>
         <wf lemma="radova" pos="X">radova</wf>
         <wf lemma="pokazalo" pos="X">pokazalo</wf>
         <wf lemma="se" pos="X">se</wf>
         <wf lemma="dugoročnim" pos="X">dugoročnim</wf>
         <wf lemma="." pos="X">.</wf>
      </sentence>
      <sentence id="d000.s641" source="wordnet-croatian">
         <instance id="d000.s641.t000" lemma="grijanje" pos="NOUN">Grijanje</instance>
         <wf lemma="u" pos="X">u</wf>
         <wf lemma="našem" pos="X">našem</wf>
         <wf lemma="stanu" pos="X">stanu</wf>
         <wf lemma="ne" pos="X">ne</wf>
         <wf lemma="funkcionira" pos="X">funkcionira</wf>
         <wf lemma="ispravno" pos="X">ispravno</wf>
         <wf lemma="." pos="X">.</wf>
      </sentence>
      <sentence id="d000.s642" source="wordnet-croatian">
         <wf lemma="Uživaj" pos="X">Uživaj</wf>
         <wf lemma="u" pos="X">u</wf>
         <wf lemma="slobodnom" pos="X">slobodnom</wf>
         <instance id="d000.s642.t000" lemma="vrijeme" pos="NOUN">vremenu</instance>
         <wf lemma="," pos="X">,</wf>
         <wf lemma="dok" pos="X">dok</wf>
         <wf lemma="ga" pos="X">ga</wf>
         <wf lemma="još" pos="X">još</wf>
         <wf lemma="imaš" pos="X">imaš</wf>
         <wf lemma="!" pos="X">!</wf>
      </sentence>
      <sentence id="d000.s643" source="wordnet-croatian">
         <instance id="d000.s643.t000" lemma="potresti" pos="VERB">Potresla</instance>
         <wf lemma="me" pos="X">me</wf>
         <wf lemma="vijest" pos="X">vijest</wf>
         <wf lemma="o" pos="X">o</wf>
         <wf lemma="potresu" pos="X">potresu</wf>
         <wf lemma="." pos="X">.</wf>
      </sentence>
      <sentence id="d000.s644" source="wordnet-croatian">
         <wf lemma="To" pos="X">To</wf>
         <wf lemma="je" pos="X">je</wf>
         <wf lemma="stvar" pos="X">stvar</wf>
         <wf lemma="izbora" pos="X">izbora</wf>
         <wf lemma="svakog" pos="X">svakog</wf>
         <instance id="d000.s644.t000" lemma="pojedinac" pos="NOUN">pojedinca</instance>
         <wf lemma="." pos="X">.</wf>
      </sentence>
      <sentence id="d000.s645" source="wordnet-croatian">
         <wf lemma="Ulaganje" pos="X">Ulaganje</wf>
         <wf lemma="u" pos="X">u</wf>
         <wf lemma="dionice" pos="X">dionice</wf>
         <wf lemma="pravi" pos="X">pravi</wf>
         <wf lemma="je" pos="X">je</wf>
         <instance id="d000.s645.t000" lemma="rizik" pos="NOUN">rizik</instance>
         <wf lemma="." pos="X">.</wf>
      </sentence>
      <sentence id="d000.s646" source="wordnet-croatian">
         <wf lemma="Beba" pos="X">Beba</wf>
         <wf lemma="već" pos="X">već</wf>
         <wf lemma="pomalo" pos="X">pomalo</wf>
         <instance id="d000.s646.t000" lemma="govoriti" pos="VERB">govori</instance>
         <wf lemma="." pos="X">.</wf>
      </sentence>
      <sentence id="d000.s647" source="wordnet-croatian">
         <wf lemma="Već" pos="X">Već</wf>
         <wf lemma="je" pos="X">je</wf>
         <wf lemma="u" pos="X">u</wf>
         <wf lemma="najmlađoj" pos="X">najmlađoj</wf>
         <wf lemma="dobi" pos="X">dobi</wf>
         <instance id="d000.s647.t000" lemma="iskusiti" pos="VERB">iskusila</instance>
         <wf lemma="veliku" pos="X">veliku</wf>
         <wf lemma="tugu" pos="X">tugu</wf>
         <wf lemma="." pos="X">.</wf>
      </sentence>
      <sentence id="d000.s648" source="wordnet-croatian">
         <wf lemma="Naprosto" pos="X">Naprosto</wf>
         <wf lemma="je" pos="X">je</wf>
         <instance id="d000.s648.t000" lemma="briljirati" pos="VERB">briljirao</instance>
         <wf lemma="na" pos="X">na</wf>
         <wf lemma="današnjoj" pos="X">današnjoj</wf>
         <wf lemma="utakmici" pos="X">utakmici</wf>
         <wf lemma="." pos="X">.</wf>
      </sentence>
      <sentence id="d000.s649" source="wordnet-croatian">
         <wf lemma="S" pos="X">S</wf>
         <instance id="d000.s649.t000" lemma="kula" pos="NOUN">kule</instance>
         <wf lemma="Lotrščak" pos="X">Lotrščak</wf>
         <wf lemma="svaki" pos="X">svaki</wf>
         <wf lemma="dan" pos="X">dan</wf>
         <wf lemma="točno" pos="X">točno</wf>
         <wf lemma="u" pos="X">u</wf>
         <wf lemma="podne" pos="X">podne</wf>
         <wf lemma="opali" pos="X">opali</wf>
         <wf lemma="top" pos="X">top</wf>
         <wf lemma="." pos="X">.</wf>
      </sentence>
      <sentence id="d000.s650" source="wordnet-croatian">
         <wf lemma="Iako" pos="X">Iako</wf>
         <wf lemma="sam" pos="X">sam</wf>
         <wf lemma="punoljetan" pos="X">punoljetan</wf>
         <wf lemma="," pos="X">,</wf>
         <wf lemma="roditelji" pos="X">roditelji</wf>
         <wf lemma="me" pos="X">me</wf>
         <wf lemma="još" pos="X">još</wf>
         <wf lemma="uvijek" pos="X">uvijek</wf>
         <instance id="d000.s650.t000" lemma="uzdržavati" pos="VERB">uzdržavaju</instance>
         <wf lemma="." pos="X">.</wf>
      </sentence>
      <sentence id="d000.s651" source="wordnet-croatian">
         <wf lemma="Franjevci" pos="X">Franjevci</wf>
         <wf lemma="nose" pos="X">nose</wf>
         <instance id="d000.s651.t000" lemma="mantija" pos="NOUN">mantije</instance>
         <wf lemma="smeđe" pos="X">smeđe</wf>
         <wf lemma="boje" pos="X">boje</wf>
         <wf lemma="." pos="X">.</wf>
      </sentence>
      <sentence id="d000.s652" source="wordnet-croatian">
         <instance id="d000.s652.t000" lemma="nepopularnost" pos="NOUN">Nepopularnost</instance>
         <wf lemma="Vladinih" pos="X">Vladinih</wf>
         <wf lemma="mjera" pos="X">mjera</wf>
         <wf lemma="ne" pos="X">ne</wf>
         <wf lemma="znači" pos="X">znači</wf>
         <wf lemma="da" pos="X">da</wf>
         <wf lemma="te" pos="X">te</wf>
         <wf lemma="mjere" pos="X">mjere</wf>
         <wf lemma="nisu" pos="X">nisu</wf>
         <wf lemma="potrebne" pos="X">potrebne</wf>
         <wf lemma="za" pos="X">za</wf>
         <wf lemma="spas" pos="X">spas</wf>
         <wf lemma="države" pos="X">države</wf>
         <wf lemma="." pos="X">.</wf>
      </sentence>
      <sentence id="d000.s653" source="wordnet-croatian">
         <wf lemma="Na" pos="X">Na</wf>
         <wf lemma="obrazu" pos="X">obrazu</wf>
         <wf lemma="joj" pos="X">joj</wf>
         <wf lemma="je" pos="X">je</wf>
         <wf lemma="blještao" pos="X">blještao</wf>
         <instance id="d000.s653.t000" lemma="trag" pos="NOUN">trag</instance>
         <wf lemma="suze" pos="X">suze</wf>
         <wf lemma="." pos="X">.</wf>
      </sentence>
      <sentence id="d000.s654" source="wordnet-croatian">
         <instance id="d000.s654.t000" lemma="janjetina" pos="NOUN">Janjetina</instance>
         <wf lemma="je" pos="X">je</wf>
         <wf lemma="pravi" pos="X">pravi</wf>
         <wf lemma="specijalitet" pos="X">specijalitet</wf>
         <wf lemma="." pos="X">.</wf>
      </sentence>
      <sentence id="d000.s655" source="wordnet-croatian">
         <wf lemma="S" pos="X">S</wf>
         <wf lemma="našega" pos="X">našega</wf>
         <instance id="d000.s655.t000" lemma="gledište" pos="NOUN">gledišta</instance>
         <wf lemma="takav" pos="X">takav</wf>
         <wf lemma="je" pos="X">je</wf>
         <wf lemma="rasplet" pos="X">rasplet</wf>
         <wf lemma="događaja" pos="X">događaja</wf>
         <wf lemma="nedopustiv" pos="X">nedopustiv</wf>
         <wf lemma="." pos="X">.</wf>
      </sentence>
      <sentence id="d000.s656" source="wordnet-croatian">
         <instance id="d000.s656.t000" lemma="izgladnjivati" pos="VERB">Izgladnjivali</instance>
         <wf lemma="su" pos="X">su</wf>
         <wf lemma="zatvorenike" pos="X">zatvorenike</wf>
         <wf lemma="." pos="X">.</wf>
      </sentence>
      <sentence id="d000.s657" source="wordnet-croatian">
         <wf lemma="Dobio" pos="X">Dobio</wf>
         <wf lemma="je" pos="X">je</wf>
         <instance id="d000.s657.t000" lemma="odrješenje" pos="NOUN">odrješenje</instance>
         <wf lemma="iz" pos="X">iz</wf>
         <wf lemma="vojske" pos="X">vojske</wf>
         <wf lemma="." pos="X">.</wf>
      </sentence>
      <sentence id="d000.s658" source="wordnet-croatian">
         <wf lemma="Nakon" pos="X">Nakon</wf>
         <instance id="d000.s658.t000" lemma="priopćavanje" pos="NOUN">priopćavanja</instance>
         <wf lemma="rezultata" pos="X">rezultata</wf>
         <wf lemma="momčad" pos="X">momčad</wf>
         <wf lemma="se" pos="X">se</wf>
         <wf lemma="vratila" pos="X">vratila</wf>
         <wf lemma="u" pos="X">u</wf>
         <wf lemma="Zagreb." pos="X">Zagreb.</wf>
      </sentence>
      <sentence id="d000.s659" source="wordnet-croatian">
         <instance id="d000.s659.t000" lemma="usnuti" pos="VERB">Usnuo</instance>
         <wf lemma="je" pos="X">je</wf>
         <wf lemma="čudan" pos="X">čudan</wf>
         <wf lemma="san" pos="X">san</wf>
         <wf lemma="." pos="X">.</wf>
      </sentence>
      <sentence id="d000.s660" source="wordnet-croatian">
         <wf lemma="Bivši" pos="X">Bivši</wf>
         <wf lemma="gradonačelnik" pos="X">gradonačelnik</wf>
         <wf lemma="navodno" pos="X">navodno</wf>
         <wf lemma="je" pos="X">je</wf>
         <wf lemma="imao" pos="X">imao</wf>
         <wf lemma="mnoštvo" pos="X">mnoštvo</wf>
         <instance id="d000.s660.t000" lemma="ljubavnica" pos="NOUN">ljubavnica</instance>
         <wf lemma="." pos="X">.</wf>
      </sentence>
      <sentence id="d000.s661" source="wordnet-croatian">
         <wf lemma="Roditelji" pos="X">Roditelji</wf>
         <wf lemma="su" pos="X">su</wf>
         <wf lemma="svome" pos="X">svome</wf>
         <wf lemma="djetetu" pos="X">djetetu</wf>
         <wf lemma="najveći" pos="X">najveći</wf>
         <instance id="d000.s661.t000" lemma="uzor" pos="NOUN">uzor</instance>
         <wf lemma="u" pos="X">u</wf>
         <wf lemma="životu" pos="X">životu</wf>
         <wf lemma="." pos="X">.</wf>
      </sentence>
      <sentence id="d000.s662" source="wordnet-croatian">
         <wf lemma="Nisam" pos="X">Nisam</wf>
         <wf lemma="uspio" pos="X">uspio</wf>
         <instance id="d000.s662.t000" lemma="pronaći" pos="VERB">pronaći</instance>
         <wf lemma="gdje" pos="X">gdje</wf>
         <wf lemma="je" pos="X">je</wf>
         <wf lemma="točno" pos="X">točno</wf>
         <wf lemma="smješten" pos="X">smješten</wf>
         <wf lemma="tumor" pos="X">tumor</wf>
         <wf lemma="," pos="X">,</wf>
         <wf lemma="premda" pos="X">premda</wf>
         <wf lemma="su" pos="X">su</wf>
         <wf lemma="nalazi" pos="X">nalazi</wf>
         <wf lemma="ukazivali" pos="X">ukazivali</wf>
         <wf lemma="na" pos="X">na</wf>
         <wf lemma="njegovo" pos="X">njegovo</wf>
         <wf lemma="postojanje" pos="X">postojanje</wf>
         <wf lemma="." pos="X">.</wf>
      </sentence>
      <sentence id="d000.s663" source="wordnet-croatian">
         <wf lemma="Ta" pos="X">Ta</wf>
         <wf lemma="je" pos="X">je</wf>
         <wf lemma="teorija" pos="X">teorija</wf>
         <instance id="d000.s663.t000" lemma="primiti" pos="VERB">primljena</instance>
         <wf lemma="s" pos="X">s</wf>
         <wf lemma="velikom" pos="X">velikom</wf>
         <wf lemma="sumnjom" pos="X">sumnjom</wf>
         <wf lemma="." pos="X">.</wf>
      </sentence>
      <sentence id="d000.s664" source="wordnet-croatian">
         <wf lemma="Igranje" pos="X">Igranje</wf>
         <wf lemma="lota" pos="X">lota</wf>
         <wf lemma="uvijek" pos="X">uvijek</wf>
         <wf lemma="pruža" pos="X">pruža</wf>
         <instance id="d000.s664.t000" lemma="mogućnost" pos="NOUN">mogućnost</instance>
         <wf lemma="nenadane" pos="X">nenadane</wf>
         <wf lemma="zarade" pos="X">zarade</wf>
         <wf lemma="." pos="X">.</wf>
      </sentence>
      <sentence id="d000.s665" source="wordnet-croatian">
         <wf lemma="Balzac" pos="X">Balzac</wf>
         <wf lemma="je" pos="X">je</wf>
         <wf lemma="napisao" pos="X">napisao</wf>
         <wf lemma="da" pos="X">da</wf>
         <wf lemma="je" pos="X">je</wf>
         <instance id="d000.s665.t000" lemma="nezahvalnost" pos="NOUN">nezahvalnost</instance>
         <wf lemma="oznaka" pos="X">oznaka</wf>
         <wf lemma="slabih" pos="X">slabih</wf>
         <wf lemma="." pos="X">.</wf>
      </sentence>
      <sentence id="d000.s666" source="wordnet-croatian">
         <wf lemma="Premijerove" pos="X">Premijerove</wf>
         <instance id="d000.s666.t000" lemma="izjava" pos="NOUN">izjave</instance>
         <wf lemma="u" pos="X">u</wf>
         <wf lemma="potpunoj" pos="X">potpunoj</wf>
         <wf lemma="su" pos="X">su</wf>
         <wf lemma="kontradikciji" pos="X">kontradikciji</wf>
         <wf lemma="s" pos="X">s</wf>
         <wf lemma="utvrđenim" pos="X">utvrđenim</wf>
         <wf lemma="činjenicama" pos="X">činjenicama</wf>
         <wf lemma="." pos="X">.</wf>
      </sentence>
      <sentence id="d000.s667" source="wordnet-croatian">
         <wf lemma="Domaća" pos="X">Domaća</wf>
         <wf lemma="momčad" pos="X">momčad</wf>
         <wf lemma="nije" pos="X">nije</wf>
         <wf lemma="uspjela" pos="X">uspjela</wf>
         <instance id="d000.s667.t000" lemma="osvojiti" pos="VERB">osvojiti</instance>
         <wf lemma="prvenstvo" pos="X">prvenstvo</wf>
         <wf lemma="." pos="X">.</wf>
      </sentence>
      <sentence id="d000.s668" source="wordnet-croatian">
         <wf lemma="Svi" pos="X">Svi</wf>
         <wf lemma="su" pos="X">su</wf>
         <wf lemma="primijetili" pos="X">primijetili</wf>
         <wf lemma="njegov" pos="X">njegov</wf>
         <wf lemma="elegantan" pos="X">elegantan</wf>
         <wf lemma="crni" pos="X">crni</wf>
         <instance id="d000.s668.t000" lemma="remen" pos="NOUN">remen</instance>
         <wf lemma="." pos="X">.</wf>
      </sentence>
      <sentence id="d000.s669" source="wordnet-croatian">
         <wf lemma="Dok" pos="X">Dok</wf>
         <wf lemma="se" pos="X">se</wf>
         <wf lemma="uspinjao" pos="X">uspinjao</wf>
         <wf lemma="na" pos="X">na</wf>
         <instance id="d000.s669.t000" lemma="pozornica" pos="NOUN">pozornicu</instance>
         <wf lemma="," pos="X">,</wf>
         <wf lemma="klecale" pos="X">klecale</wf>
         <wf lemma="su" pos="X">su</wf>
         <wf lemma="mu" pos="X">mu</wf>
         <wf lemma="noge" pos="X">noge</wf>
         <wf lemma="." pos="X">.</wf>
      </sentence>
      <sentence id="d000.s670" source="wordnet-croatian">
         <wf lemma="Obožavam" pos="X">Obožavam</wf>
         <wf lemma="velike" pos="X">velike</wf>
         <wf lemma="engleske" pos="X">engleske</wf>
         <instance id="d000.s670.t000" lemma="vrt" pos="NOUN">vrtove</instance>
         <wf lemma="." pos="X">.</wf>
      </sentence>
      <sentence id="d000.s671" source="wordnet-croatian">
         <wf lemma="Kako" pos="X">Kako</wf>
         <wf lemma="bi" pos="X">bi</wf>
         <wf lemma="strijela" pos="X">strijela</wf>
         <wf lemma="bila" pos="X">bila</wf>
         <wf lemma="smrtonosnija" pos="X">smrtonosnija</wf>
         <wf lemma="," pos="X">,</wf>
         <wf lemma="njezin" pos="X">njezin</wf>
         <wf lemma="se" pos="X">se</wf>
         <instance id="d000.s671.t000" lemma="vršak" pos="NOUN">vršak</instance>
         <wf lemma="umakao" pos="X">umakao</wf>
         <wf lemma="u" pos="X">u</wf>
         <wf lemma="otrov" pos="X">otrov</wf>
         <wf lemma="." pos="X">.</wf>
      </sentence>
      <sentence id="d000.s672" source="wordnet-croatian">
         <wf lemma="Marko" pos="X">Marko</wf>
         <wf lemma="je" pos="X">je</wf>
         <wf lemma="položio" pos="X">položio</wf>
         <wf lemma="tečaj" pos="X">tečaj</wf>
         <wf lemma="za" pos="X">za</wf>
         <instance id="d000.s672.t000" lemma="rukovatelj" pos="NOUN">rukovatelja</instance>
         <wf lemma="radnim" pos="X">radnim</wf>
         <wf lemma="strojevima" pos="X">strojevima</wf>
         <wf lemma="." pos="X">.</wf>
      </sentence>
      <sentence id="d000.s673" source="wordnet-croatian">
         <instance id="d000.s673.t000" lemma="pokućstvo" pos="NOUN">Pokućstvo</instance>
         <wf lemma="im" pos="X">im</wf>
         <wf lemma="je" pos="X">je</wf>
         <wf lemma="bilo" pos="X">bilo</wf>
         <wf lemma="skromno" pos="X">skromno</wf>
         <wf lemma="," pos="X">,</wf>
         <wf lemma="ali" pos="X">ali</wf>
         <wf lemma="bili" pos="X">bili</wf>
         <wf lemma="su" pos="X">su</wf>
         <wf lemma="zadovoljni" pos="X">zadovoljni</wf>
         <wf lemma="." pos="X">.</wf>
      </sentence>
      <sentence id="d000.s674" source="wordnet-croatian">
         <wf lemma="Operni" pos="X">Operni</wf>
         <wf lemma="pjevači" pos="X">pjevači</wf>
         <wf lemma="dugo" pos="X">dugo</wf>
         <wf lemma="školuju" pos="X">školuju</wf>
         <wf lemma="svoj" pos="X">svoj</wf>
         <instance id="d000.s674.t000" lemma="glas" pos="NOUN">glas</instance>
         <wf lemma="." pos="X">.</wf>
      </sentence>
      <sentence id="d000.s675" source="wordnet-croatian">
         <wf lemma="Zaprepašten" pos="X">Zaprepašten</wf>
         <instance id="d000.s675.t000" lemma="izraz" pos="NOUN">izraz</instance>
         <wf lemma="njezina" pos="X">njezina</wf>
         <wf lemma="lica" pos="X">lica</wf>
         <wf lemma="govorio" pos="X">govorio</wf>
         <wf lemma="je" pos="X">je</wf>
         <wf lemma="da" pos="X">da</wf>
         <wf lemma="nešto" pos="X">nešto</wf>
         <wf lemma="nije" pos="X">nije</wf>
         <wf lemma="u" pos="X">u</wf>
         <wf lemma="redu" pos="X">redu</wf>
         <wf lemma="." pos="X">.</wf>
      </sentence>
      <sentence id="d000.s676" source="wordnet-croatian">
         <wf lemma="Nikako" pos="X">Nikako</wf>
         <wf lemma="nije" pos="X">nije</wf>
         <wf lemma="mogla" pos="X">mogla</wf>
         <wf lemma="pobijediti" pos="X">pobijediti</wf>
         <instance id="d000.s676.t000" lemma="želja" pos="NOUN">želju</instance>
         <wf lemma="za" pos="X">za</wf>
         <wf lemma="slatkim" pos="X">slatkim</wf>
         <wf lemma="." pos="X">.</wf>
      </sentence>
      <sentence id="d000.s677" source="wordnet-croatian">
         <wf lemma="Toplina" pos="X">Toplina</wf>
         <wf lemma="njegova" pos="X">njegova</wf>
         <instance id="d000.s677.t000" lemma="stan" pos="NOUN">stana</instance>
         <wf lemma="ugodno" pos="X">ugodno</wf>
         <wf lemma="me" pos="X">me</wf>
         <wf lemma="iznenadila" pos="X">iznenadila</wf>
         <wf lemma="." pos="X">.</wf>
      </sentence>
      <sentence id="d000.s678" source="wordnet-croatian">
         <wf lemma="Svi" pos="X">Svi</wf>
         <wf lemma="su" pos="X">su</wf>
         <wf lemma="satovi" pos="X">satovi</wf>
         <instance id="d000.s678.t000" lemma="poduka" pos="NOUN">poduke</instance>
         <wf lemma="bilo" pos="X">bilo</wf>
         <wf lemma="pomno" pos="X">pomno</wf>
         <wf lemma="isplanirani" pos="X">isplanirani</wf>
         <wf lemma="." pos="X">.</wf>
      </sentence>
      <sentence id="d000.s679" source="wordnet-croatian">
         <wf lemma="Ovaj" pos="X">Ovaj</wf>
         <wf lemma="automobil" pos="X">automobil</wf>
         <instance id="d000.s679.t000" lemma="vrijediti" pos="VERB">vrijedi</instance>
         <wf lemma="barem" pos="X">barem</wf>
         <wf lemma="30" pos="X">30</wf>
         <wf lemma="000" pos="X">000</wf>
         <wf lemma="eura" pos="X">eura</wf>
         <wf lemma="." pos="X">.</wf>
      </sentence>
      <sentence id="d000.s680" source="wordnet-croatian">
         <wf lemma="Otrovne" pos="X">Otrovne</wf>
         <instance id="d000.s680.t000" lemma="supstancija" pos="NOUN">supstancije</instance>
         <wf lemma="mogu" pos="X">mogu</wf>
         <wf lemma="se" pos="X">se</wf>
         <wf lemma="naći" pos="X">naći</wf>
         <wf lemma="u" pos="X">u</wf>
         <wf lemma="elektroničkim" pos="X">elektroničkim</wf>
         <wf lemma="uređajima" pos="X">uređajima</wf>
         <wf lemma="." pos="X">.</wf>
      </sentence>
      <sentence id="d000.s681" source="wordnet-croatian">
         <wf lemma="Odlikovanje" pos="X">Odlikovanje</wf>
         <wf lemma="je" pos="X">je</wf>
         <wf lemma="bilo" pos="X">bilo</wf>
         <wf lemma="veoma" pos="X">veoma</wf>
         <instance id="d000.s681.t000" lemma="dostojanstven" pos="ADJ">dostojanstveno</instance>
         <wf lemma="." pos="X">.</wf>
      </sentence>
      <sentence id="d000.s682" source="wordnet-croatian">
         <wf lemma="Okretanjem" pos="X">Okretanjem</wf>
         <wf lemma="pedala" pos="X">pedala</wf>
         <instance id="d000.s682.t000" lemma="pokretati" pos="VERB">pokreću</instance>
         <wf lemma="se" pos="X">se</wf>
         <wf lemma="kotači" pos="X">kotači</wf>
         <wf lemma="na" pos="X">na</wf>
         <wf lemma="biciklu" pos="X">biciklu</wf>
         <wf lemma="." pos="X">.</wf>
      </sentence>
      <sentence id="d000.s683" source="wordnet-croatian">
         <wf lemma="Svi" pos="X">Svi</wf>
         <wf lemma="su" pos="X">su</wf>
         <wf lemma="mu" pos="X">mu</wf>
         <wf lemma="ukazivali" pos="X">ukazivali</wf>
         <wf lemma="na" pos="X">na</wf>
         <instance id="d000.s683.t000" lemma="neispravnost" pos="NOUN">neispravnost</instance>
         <wf lemma="njegovih" pos="X">njegovih</wf>
         <wf lemma="odluka" pos="X">odluka</wf>
         <wf lemma="." pos="X">.</wf>
      </sentence>
      <sentence id="d000.s684" source="wordnet-croatian">
         <wf lemma="Odbila" pos="X">Odbila</wf>
         <wf lemma="ju" pos="X">ju</wf>
         <wf lemma="je" pos="X">je</wf>
         <wf lemma="njegova" pos="X">njegova</wf>
         <instance id="d000.s684.t000" lemma="neprijaznost" pos="NOUN">neprijaznost</instance>
         <wf lemma="." pos="X">.</wf>
      </sentence>
      <sentence id="d000.s685" source="wordnet-croatian">
         <wf lemma="Njegov" pos="X">Njegov</wf>
         <wf lemma="je" pos="X">je</wf>
         <instance id="d000.s685.t000" lemma="govor" pos="NOUN">govor</instance>
         <wf lemma="bio" pos="X">bio</wf>
         <wf lemma="skroz" pos="X">skroz</wf>
         <wf lemma="neprirodan" pos="X">neprirodan</wf>
         <wf lemma="pa" pos="X">pa</wf>
         <wf lemma="sam" pos="X">sam</wf>
         <wf lemma="posumnjao" pos="X">posumnjao</wf>
         <wf lemma="da" pos="X">da</wf>
         <wf lemma="nešto" pos="X">nešto</wf>
         <wf lemma="nije" pos="X">nije</wf>
         <wf lemma="u" pos="X">u</wf>
         <wf lemma="redu" pos="X">redu</wf>
         <wf lemma="." pos="X">.</wf>
      </sentence>
      <sentence id="d000.s686" source="wordnet-croatian">
         <instance id="d000.s686.t000" lemma="podučavati" pos="VERB">Podučavao</instance>
         <wf lemma="sam" pos="X">sam</wf>
         <wf lemma="ih" pos="X">ih</wf>
         <wf lemma="francuski" pos="X">francuski</wf>
         <wf lemma="dvije" pos="X">dvije</wf>
         <wf lemma="godine" pos="X">godine</wf>
         <wf lemma="." pos="X">.</wf>
      </sentence>
      <sentence id="d000.s687" source="wordnet-croatian">
         <wf lemma="Sutrašnjim" pos="X">Sutrašnjim</wf>
         <wf lemma="je" pos="X">je</wf>
         <instance id="d000.s687.t000" lemma="izgled" pos="NOUN">izgledom</instance>
         <wf lemma="željela" pos="X">željela</wf>
         <wf lemma="očarati" pos="X">očarati</wf>
         <wf lemma="sve" pos="X">sve</wf>
         <wf lemma="prisutne" pos="X">prisutne</wf>
         <wf lemma="." pos="X">.</wf>
      </sentence>
      <sentence id="d000.s688" source="wordnet-croatian">
         <wf lemma="Tema" pos="X">Tema</wf>
         <wf lemma="njegova" pos="X">njegova</wf>
         <wf lemma="rada" pos="X">rada</wf>
         <wf lemma="jest" pos="X">jest</wf>
         <wf lemma="mogućnost" pos="X">mogućnost</wf>
         <instance id="d000.s688.t000" lemma="spoznaja" pos="NOUN">spoznaje</instance>
         <wf lemma="." pos="X">.</wf>
      </sentence>
      <sentence id="d000.s689" source="wordnet-croatian">
         <wf lemma="Nije" pos="X">Nije</wf>
         <wf lemma="voljela" pos="X">voljela</wf>
         <wf lemma="kavu" pos="X">kavu</wf>
         <wf lemma="iz" pos="X">iz</wf>
         <instance id="d000.s689.t000" lemma="automat" pos="NOUN">automata</instance>
         <wf lemma="." pos="X">.</wf>
      </sentence>
      <sentence id="d000.s690" source="wordnet-croatian">
         <instance id="d000.s690.t000" lemma="razgovor" pos="NOUN">Razgovor</instance>
         <wf lemma="među" pos="X">među</wf>
         <wf lemma="njima" pos="X">njima</wf>
         <wf lemma="uvijek" pos="X">uvijek</wf>
         <wf lemma="je" pos="X">je</wf>
         <wf lemma="bio" pos="X">bio</wf>
         <wf lemma="ugodan" pos="X">ugodan</wf>
         <wf lemma="." pos="X">.</wf>
      </sentence>
      <sentence id="d000.s691" source="wordnet-croatian">
         <wf lemma="Starogrčki" pos="X">Starogrčki</wf>
         <wf lemma="filozofi" pos="X">filozofi</wf>
         <wf lemma="počelo" pos="X">počelo</wf>
         <wf lemma="su" pos="X">su</wf>
         <wf lemma="svemira" pos="X">svemira</wf>
         <wf lemma="tražili" pos="X">tražili</wf>
         <wf lemma="u" pos="X">u</wf>
         <instance id="d000.s691.t000" lemma="element" pos="NOUN">elementima</instance>
         <wf lemma="." pos="X">.</wf>
      </sentence>
      <sentence id="d000.s692" source="wordnet-croatian">
         <instance id="d000.s692.t000" lemma="adapter" pos="NOUN">Adapteri</instance>
         <wf lemma="na" pos="X">na</wf>
         <wf lemma="prijenosnim" pos="X">prijenosnim</wf>
         <wf lemma="računalima" pos="X">računalima</wf>
         <wf lemma="brzo" pos="X">brzo</wf>
         <wf lemma="se" pos="X">se</wf>
         <wf lemma="kvare" pos="X">kvare</wf>
         <wf lemma="." pos="X">.</wf>
      </sentence>
      <sentence id="d000.s693" source="wordnet-croatian">
         <wf lemma="Spojio" pos="X">Spojio</wf>
         <wf lemma="je" pos="X">je</wf>
         <wf lemma="papire" pos="X">papire</wf>
         <instance id="d000.s693.t000" lemma="klamerica" pos="NOUN">klamericom</instance>
         <wf lemma="." pos="X">.</wf>
      </sentence>
      <sentence id="d000.s694" source="wordnet-croatian">
         <wf lemma="Čelik" pos="X">Čelik</wf>
         <wf lemma="se" pos="X">se</wf>
         <instance id="d000.s694.t000" lemma="taliti" pos="VERB">tali</instance>
         <wf lemma="na" pos="X">na</wf>
         <wf lemma="1500" pos="X">1500</wf>
         <wf lemma="stupnjeva" pos="X">stupnjeva</wf>
         <wf lemma="." pos="X">.</wf>
      </sentence>
      <sentence id="d000.s695" source="wordnet-croatian">
         <instance id="d000.s695.t000" lemma="hodanje" pos="NOUN">Hodanje</instance>
         <wf lemma="je" pos="X">je</wf>
         <wf lemma="zdrava" pos="X">zdrava</wf>
         <wf lemma="fizička" pos="X">fizička</wf>
         <wf lemma="aktivnost" pos="X">aktivnost</wf>
         <wf lemma="." pos="X">.</wf>
      </sentence>
      <sentence id="d000.s696" source="wordnet-croatian">
         <wf lemma="Brod" pos="X">Brod</wf>
         <wf lemma="je" pos="X">je</wf>
         <instance id="d000.s696.t000" lemma="pramac" pos="NOUN">pramcem</instance>
         <wf lemma="udario" pos="X">udario</wf>
         <wf lemma="o" pos="X">o</wf>
         <wf lemma="santu" pos="X">santu</wf>
         <wf lemma="leda" pos="X">leda</wf>
         <wf lemma="." pos="X">.</wf>
      </sentence>
      <sentence id="d000.s697" source="wordnet-croatian">
         <instance id="d000.s697.t000" lemma="pretražiti" pos="VERB">Pretražili</instance>
         <wf lemma="su" pos="X">su</wf>
         <wf lemma="čitavu" pos="X">čitavu</wf>
         <wf lemma="zemlju" pos="X">zemlju</wf>
         <wf lemma="," pos="X">,</wf>
         <wf lemma="ali" pos="X">ali</wf>
         <wf lemma="bjegunca" pos="X">bjegunca</wf>
         <wf lemma="nisu" pos="X">nisu</wf>
         <wf lemma="uspjeli" pos="X">uspjeli</wf>
         <wf lemma="pronaći" pos="X">pronaći</wf>
         <wf lemma="." pos="X">.</wf>
      </sentence>
      <sentence id="d000.s698" source="wordnet-croatian">
         <wf lemma="Bilo" pos="X">Bilo</wf>
         <wf lemma="je" pos="X">je</wf>
         <wf lemma="toliko" pos="X">toliko</wf>
         <wf lemma="hladno" pos="X">hladno</wf>
         <wf lemma="da" pos="X">da</wf>
         <wf lemma="se" pos="X">se</wf>
         <wf lemma="nije" pos="X">nije</wf>
         <wf lemma="uspjela" pos="X">uspjela</wf>
         <wf lemma="ugrijati" pos="X">ugrijati</wf>
         <wf lemma="ni" pos="X">ni</wf>
         <wf lemma="pod" pos="X">pod</wf>
         <instance id="d000.s698.t000" lemma="pokrivač" pos="NOUN">pokrivačem</instance>
         <wf lemma="." pos="X">.</wf>
      </sentence>
      <sentence id="d000.s699" source="wordnet-croatian">
         <wf lemma="Jedina" pos="X">Jedina</wf>
         <wf lemma="je" pos="X">je</wf>
         <instance id="d000.s699.t000" lemma="mrlja" pos="NOUN">mrlja</instance>
         <wf lemma="u" pos="X">u</wf>
         <wf lemma="njegovu" pos="X">njegovu</wf>
         <wf lemma="životopisu" pos="X">životopisu</wf>
         <wf lemma="bilo" pos="X">bilo</wf>
         <wf lemma="suradništvo" pos="X">suradništvo</wf>
         <wf lemma="s" pos="X">s</wf>
         <wf lemma="fašističkim" pos="X">fašističkim</wf>
         <wf lemma="režimom" pos="X">režimom</wf>
         <wf lemma="." pos="X">.</wf>
      </sentence>
      <sentence id="d000.s700" source="wordnet-croatian">
         <wf lemma="Knjige" pos="X">Knjige</wf>
         <instance id="d000.s700.t000" lemma="biti" pos="VERB">su</instance>
         <wf lemma="ležale" pos="X">ležale</wf>
         <wf lemma="u" pos="X">u</wf>
         <wf lemma="kutu" pos="X">kutu</wf>
         <wf lemma="sobe" pos="X">sobe</wf>
         <wf lemma="." pos="X">.</wf>
      </sentence>
      <sentence id="d000.s701" source="wordnet-croatian">
         <wf lemma="Policija" pos="X">Policija</wf>
         <wf lemma="je" pos="X">je</wf>
         <instance id="d000.s701.t000" lemma="zadržati" pos="VERB">zadržala</instance>
         <wf lemma="prosvjednike" pos="X">prosvjednike</wf>
         <wf lemma="na" pos="X">na</wf>
         <wf lemma="trgu" pos="X">trgu</wf>
         <wf lemma="." pos="X">.</wf>
      </sentence>
      <sentence id="d000.s702" source="wordnet-croatian">
         <wf lemma="Clinton" pos="X">Clinton</wf>
         <wf lemma="je" pos="X">je</wf>
         <wf lemma="pušio" pos="X">pušio</wf>
         <wf lemma="marihuanu" pos="X">marihuanu</wf>
         <wf lemma="," pos="X">,</wf>
         <wf lemma="ali" pos="X">ali</wf>
         <wf lemma="nije" pos="X">nije</wf>
         <instance id="d000.s702.t000" lemma="udisati" pos="VERB">udisao</instance>
         <wf lemma="." pos="X">.</wf>
      </sentence>
      <sentence id="d000.s703" source="wordnet-croatian">
         <wf lemma="Volim" pos="X">Volim</wf>
         <wf lemma="sjesti" pos="X">sjesti</wf>
         <wf lemma="pokraj" pos="X">pokraj</wf>
         <wf lemma="potoka" pos="X">potoka</wf>
         <wf lemma="i" pos="X">i</wf>
         <wf lemma="slušati" pos="X">slušati</wf>
         <wf lemma="kako" pos="X">kako</wf>
         <wf lemma="voda" pos="X">voda</wf>
         <instance id="d000.s703.t000" lemma="žuboriti" pos="VERB">žubori</instance>
         <wf lemma="." pos="X">.</wf>
      </sentence>
      <sentence id="d000.s704" source="wordnet-croatian">
         <wf lemma="Vojska" pos="X">Vojska</wf>
         <wf lemma="je" pos="X">je</wf>
         <wf lemma="na" pos="X">na</wf>
         <instance id="d000.s704.t000" lemma="vježbalište" pos="NOUN">vježbalištu</instance>
         <wf lemma="isprobala" pos="X">isprobala</wf>
         <wf lemma="novi" pos="X">novi</wf>
         <wf lemma="protuzračni" pos="X">protuzračni</wf>
         <wf lemma="sustav" pos="X">sustav</wf>
         <wf lemma="." pos="X">.</wf>
      </sentence>
      <sentence id="d000.s705" source="wordnet-croatian">
         <wf lemma="Crvi" pos="X">Crvi</wf>
         <wf lemma="su" pos="X">su</wf>
         <wf lemma="mu" pos="X">mu</wf>
         <wf lemma="služili" pos="X">služili</wf>
         <wf lemma="kao" pos="X">kao</wf>
         <instance id="d000.s705.t000" lemma="mamac" pos="NOUN">mamac</instance>
         <wf lemma="za" pos="X">za</wf>
         <wf lemma="ribe" pos="X">ribe</wf>
         <wf lemma="." pos="X">.</wf>
      </sentence>
      <sentence id="d000.s706" source="wordnet-croatian">
         <wf lemma="Sjela" pos="X">Sjela</wf>
         <wf lemma="je" pos="X">je</wf>
         <wf lemma="ispred" pos="X">ispred</wf>
         <wf lemma="svoje" pos="X">svoje</wf>
         <wf lemma="pisaće" pos="X">pisaće</wf>
         <wf lemma="mašine" pos="X">mašine</wf>
         <wf lemma="i" pos="X">i</wf>
         <wf lemma="počela" pos="X">počela</wf>
         <wf lemma="zapisivati" pos="X">zapisivati</wf>
         <wf lemma="svoj" pos="X">svoj</wf>
         <instance id="d000.s706.t000" lemma="tok" pos="NOUN">tok</instance>
         <wf lemma="misli" pos="X">misli</wf>
         <wf lemma="." pos="X">.</wf>
      </sentence>
      <sentence id="d000.s707" source="wordnet-croatian">
         <wf lemma="Sportaš" pos="X">Sportaš</wf>
         <wf lemma="mora" pos="X">mora</wf>
         <wf lemma="prihvatiti" pos="X">prihvatiti</wf>
         <wf lemma="činjenicu" pos="X">činjenicu</wf>
         <wf lemma="da" pos="X">da</wf>
         <wf lemma="je" pos="X">je</wf>
         <wf lemma="neuspjeh" pos="X">neuspjeh</wf>
         <wf lemma="sastavni" pos="X">sastavni</wf>
         <instance id="d000.s707.t000" lemma="dio" pos="NOUN">dio</instance>
         <wf lemma="sporta" pos="X">sporta</wf>
         <wf lemma="." pos="X">.</wf>
      </sentence>
      <sentence id="d000.s708" source="wordnet-croatian">
         <instance id="d000.s708.t000" lemma="uspostava" pos="NOUN">Uspostava</instance>
         <wf lemma="vladavine" pos="X">vladavine</wf>
         <wf lemma="prava" pos="X">prava</wf>
         <wf lemma="ne" pos="X">ne</wf>
         <wf lemma="smije" pos="X">smije</wf>
         <wf lemma="se" pos="X">se</wf>
         <wf lemma="odgađati" pos="X">odgađati</wf>
         <wf lemma="." pos="X">.</wf>
      </sentence>
      <sentence id="d000.s709" source="wordnet-croatian">
         <wf lemma="Osim" pos="X">Osim</wf>
         <wf lemma="materinskog" pos="X">materinskog</wf>
         <wf lemma="," pos="X">,</wf>
         <wf lemma="znala" pos="X">znala</wf>
         <wf lemma="je" pos="X">je</wf>
         <wf lemma="i" pos="X">i</wf>
         <wf lemma="tri" pos="X">tri</wf>
         <wf lemma="strana" pos="X">strana</wf>
         <instance id="d000.s709.t000" lemma="jezik" pos="NOUN">jezika</instance>
         <wf lemma="." pos="X">.</wf>
      </sentence>
      <sentence id="d000.s710" source="wordnet-croatian">
         <instance id="d000.s710.t000" lemma="izvrsnost" pos="NOUN">Izvrsnost</instance>
         <wf lemma="je" pos="X">je</wf>
         <wf lemma="imperativ" pos="X">imperativ</wf>
         <wf lemma="današenjga" pos="X">današenjga</wf>
         <wf lemma="društva" pos="X">društva</wf>
         <wf lemma="." pos="X">.</wf>
      </sentence>
      <sentence id="d000.s711" source="wordnet-croatian">
         <wf lemma="Mogu" pos="X">Mogu</wf>
         <wf lemma="li" pos="X">li</wf>
         <instance id="d000.s711.t000" lemma="posuditi" pos="VERB">posuditi</instance>
         <wf lemma="onu" pos="X">onu</wf>
         <wf lemma="tvoju" pos="X">tvoju</wf>
         <wf lemma="zelenu" pos="X">zelenu</wf>
         <wf lemma="torbicu" pos="X">torbicu</wf>
         <wf lemma="?" pos="X">?</wf>
      </sentence>
      <sentence id="d000.s712" source="wordnet-croatian">
         <wf lemma="Majčin" pos="X">Majčin</wf>
         <instance id="d000.s712.t000" lemma="dan" pos="NOUN">dan</instance>
         <wf lemma="slavi" pos="X">slavi</wf>
         <wf lemma="se" pos="X">se</wf>
         <wf lemma="u" pos="X">u</wf>
         <wf lemma="proljeće" pos="X">proljeće</wf>
         <wf lemma="." pos="X">.</wf>
      </sentence>
      <sentence id="d000.s713" source="wordnet-croatian">
         <wf lemma="Životinje" pos="X">Životinje</wf>
         <wf lemma="ne" pos="X">ne</wf>
         <wf lemma="zaboravljaju" pos="X">zaboravljaju</wf>
         <instance id="d000.s713.t000" lemma="dobročinstvo" pos="NOUN">dobročinstvo</instance>
         <wf lemma="." pos="X">.</wf>
      </sentence>
      <sentence id="d000.s714" source="wordnet-croatian">
         <wf lemma="Običaj" pos="X">Običaj</wf>
         <wf lemma="je" pos="X">je</wf>
         <wf lemma="da" pos="X">da</wf>
         <wf lemma="mladoženja" pos="X">mladoženja</wf>
         <instance id="d000.s714.t000" lemma="prenijeti" pos="VERB">prenese</instance>
         <wf lemma="mladenku" pos="X">mladenku</wf>
         <wf lemma="preko" pos="X">preko</wf>
         <wf lemma="kućnoga" pos="X">kućnoga</wf>
         <wf lemma="praga" pos="X">praga</wf>
         <wf lemma="." pos="X">.</wf>
      </sentence>
      <sentence id="d000.s715" source="wordnet-croatian">
         <wf lemma="Roditelji" pos="X">Roditelji</wf>
         <wf lemma="bi" pos="X">bi</wf>
         <wf lemma="trebali" pos="X">trebali</wf>
         <wf lemma="počiti" pos="X">počiti</wf>
         <wf lemma="svoju" pos="X">svoju</wf>
         <wf lemma="djecu" pos="X">djecu</wf>
         <wf lemma="životnim" pos="X">životnim</wf>
         <instance id="d000.s715.t000" lemma="vrijednost" pos="NOUN">vrijednostima</instance>
         <wf lemma="." pos="X">.</wf>
      </sentence>
      <sentence id="d000.s716" source="wordnet-croatian">
         <wf lemma="Kad" pos="X">Kad</wf>
         <wf lemma="si" pos="X">si</wf>
         <wf lemma="u" pos="X">u</wf>
         <wf lemma="stranoj" pos="X">stranoj</wf>
         <wf lemma="zemlji" pos="X">zemlji</wf>
         <wf lemma="moraš" pos="X">moraš</wf>
         <instance id="d000.s716.t000" lemma="slijediti" pos="VERB">slijediti</instance>
         <wf lemma="svojeg" pos="X">svojeg</wf>
         <wf lemma="turističkog" pos="X">turističkog</wf>
         <wf lemma="vodiča" pos="X">vodiča</wf>
         <wf lemma="." pos="X">.</wf>
      </sentence>
      <sentence id="d000.s717" source="wordnet-croatian">
         <wf lemma="To" pos="X">To</wf>
         <wf lemma="je" pos="X">je</wf>
         <instance id="d000.s717.t000" lemma="stvar" pos="NOUN">stvar</instance>
         <wf lemma="moje" pos="X">moje</wf>
         <wf lemma="odluke" pos="X">odluke</wf>
         <wf lemma="." pos="X">.</wf>
      </sentence>
      <sentence id="d000.s718" source="wordnet-croatian">
         <wf lemma="Prosula" pos="X">Prosula</wf>
         <wf lemma="je" pos="X">je</wf>
         <wf lemma="cijelu" pos="X">cijelu</wf>
         <instance id="d000.s718.t000" lemma="limenka" pos="NOUN">limenku</instance>
         <wf lemma="brašna" pos="X">brašna</wf>
         <wf lemma="po" pos="X">po</wf>
         <wf lemma="podu" pos="X">podu</wf>
         <wf lemma="." pos="X">.</wf>
      </sentence>
      <sentence id="d000.s719" source="wordnet-croatian">
         <wf lemma="Imali" pos="X">Imali</wf>
         <wf lemma="su" pos="X">su</wf>
         <wf lemma="puno" pos="X">puno</wf>
         <wf lemma="jače" pos="X">jače</wf>
         <instance id="d000.s719.t000" lemma="naoružanje" pos="NOUN">naoružanje</instance>
         <wf lemma="od" pos="X">od</wf>
         <wf lemma="protivnika" pos="X">protivnika</wf>
         <wf lemma="što" pos="X">što</wf>
         <wf lemma="im" pos="X">im</wf>
         <wf lemma="je" pos="X">je</wf>
         <wf lemma="donijelo" pos="X">donijelo</wf>
         <wf lemma="pobjedu" pos="X">pobjedu</wf>
         <wf lemma="." pos="X">.</wf>
      </sentence>
      <sentence id="d000.s720" source="wordnet-croatian">
         <wf lemma="Leksikologija" pos="X">Leksikologija</wf>
         <wf lemma="je" pos="X">je</wf>
         <wf lemma="grana" pos="X">grana</wf>
         <wf lemma="lingvistike" pos="X">lingvistike</wf>
         <wf lemma="koja" pos="X">koja</wf>
         <wf lemma="proučava" pos="X">proučava</wf>
         <wf lemma="leksik" pos="X">leksik</wf>
         <wf lemma="," pos="X">,</wf>
         <wf lemma="a" pos="X">a</wf>
         <wf lemma="time" pos="X">time</wf>
         <wf lemma="i" pos="X">i</wf>
         <instance id="d000.s720.t000" lemma="leksem" pos="NOUN">lekseme</instance>
         <wf lemma="." pos="X">.</wf>
      </sentence>
      <sentence id="d000.s721" source="wordnet-croatian">
         <wf lemma="Radnici" pos="X">Radnici</wf>
         <wf lemma="na" pos="X">na</wf>
         <instance id="d000.s721.t000" lemma="stroj" pos="NOUN">stroju</instance>
         <wf lemma="slabo" pos="X">slabo</wf>
         <wf lemma="su" pos="X">su</wf>
         <wf lemma="plaćeni" pos="X">plaćeni</wf>
         <wf lemma="." pos="X">.</wf>
      </sentence>
      <sentence id="d000.s722" source="wordnet-croatian">
         <wf lemma="Njezino" pos="X">Njezino</wf>
         <wf lemma="ignoriranje" pos="X">ignoriranje</wf>
         <wf lemma="jako" pos="X">jako</wf>
         <wf lemma="me" pos="X">me</wf>
         <wf lemma="je" pos="X">je</wf>
         <instance id="d000.s722.t000" lemma="povrijediti" pos="VERB">povrijedilo</instance>
         <wf lemma="." pos="X">.</wf>
      </sentence>
      <sentence id="d000.s723" source="wordnet-croatian">
         <instance id="d000.s723.t000" lemma="položiti" pos="VERB">Položi</instance>
         <wf lemma="knjige" pos="X">knjige</wf>
         <wf lemma="na" pos="X">na</wf>
         <wf lemma="policu" pos="X">policu</wf>
         <wf lemma="." pos="X">.</wf>
      </sentence>
      <sentence id="d000.s724" source="wordnet-croatian">
         <wf lemma="Često" pos="X">Često</wf>
         <wf lemma="s" pos="X">s</wf>
         <wf lemma="prijateljima" pos="X">prijateljima</wf>
         <instance id="d000.s724.t000" lemma="razgovarati" pos="VERB">razgovaram</instance>
         <wf lemma="o" pos="X">o</wf>
         <wf lemma="poslu" pos="X">poslu</wf>
         <wf lemma="." pos="X">.</wf>
      </sentence>
      <sentence id="d000.s725" source="wordnet-croatian">
         <wf lemma="Iako" pos="X">Iako</wf>
         <wf lemma="je" pos="X">je</wf>
         <wf lemma="imala" pos="X">imala</wf>
         <instance id="d000.s725.t000" lemma="krinka" pos="NOUN">krinku</instance>
         <wf lemma="," pos="X">,</wf>
         <wf lemma="prepoznao" pos="X">prepoznao</wf>
         <wf lemma="ju" pos="X">ju</wf>
         <wf lemma="je" pos="X">je</wf>
         <wf lemma="istoga" pos="X">istoga</wf>
         <wf lemma="trenutka" pos="X">trenutka</wf>
         <wf lemma="." pos="X">.</wf>
      </sentence>
      <sentence id="d000.s726" source="wordnet-croatian">
         <wf lemma="Bojala" pos="X">Bojala</wf>
         <wf lemma="se" pos="X">se</wf>
         <wf lemma="otvorena" pos="X">otvorena</wf>
         <instance id="d000.s726.t000" lemma="prostor" pos="NOUN">prostora</instance>
         <wf lemma="." pos="X">.</wf>
      </sentence>
      <sentence id="d000.s727" source="wordnet-croatian">
         <wf lemma="Zabunom" pos="X">Zabunom</wf>
         <wf lemma="je" pos="X">je</wf>
         <wf lemma="izbrisao" pos="X">izbrisao</wf>
         <wf lemma="važnu" pos="X">važnu</wf>
         <instance id="d000.s727.t000" lemma="datoteka" pos="NOUN">datoteku</instance>
         <wf lemma="s" pos="X">s</wf>
         <wf lemma="računala" pos="X">računala</wf>
         <wf lemma="." pos="X">.</wf>
      </sentence>
      <sentence id="d000.s728" source="wordnet-croatian">
         <wf lemma="U" pos="X">U</wf>
         <wf lemma="nekim" pos="X">nekim</wf>
         <wf lemma="državama" pos="X">državama</wf>
         <wf lemma="žene" pos="X">žene</wf>
         <wf lemma="još" pos="X">još</wf>
         <wf lemma="uvijek" pos="X">uvijek</wf>
         <wf lemma="nemaju" pos="X">nemaju</wf>
         <instance id="d000.s728.t000" lemma="pravo" pos="NOUN">pravo</instance>
         <wf lemma="glasa" pos="X">glasa</wf>
         <wf lemma="." pos="X">.</wf>
      </sentence>
      <sentence id="d000.s729" source="wordnet-croatian">
         <wf lemma="Za" pos="X">Za</wf>
         <wf lemma="peti" pos="X">peti</wf>
         <wf lemma="rođendan" pos="X">rođendan</wf>
         <wf lemma="dobila" pos="X">dobila</wf>
         <wf lemma="sam" pos="X">sam</wf>
         <instance id="d000.s729.t000" lemma="kazetofon" pos="NOUN">kazetofon</instance>
         <wf lemma="koji" pos="X">koji</wf>
         <wf lemma="čuvam" pos="X">čuvam</wf>
         <wf lemma="i" pos="X">i</wf>
         <wf lemma="danas" pos="X">danas</wf>
         <wf lemma="." pos="X">.</wf>
      </sentence>
      <sentence id="d000.s730" source="wordnet-croatian">
         <wf lemma="Svojim" pos="X">Svojim</wf>
         <wf lemma="savjetima" pos="X">savjetima</wf>
         <wf lemma="znatno" pos="X">znatno</wf>
         <wf lemma="je" pos="X">je</wf>
         <instance id="d000.s730.t000" lemma="utjecati" pos="VERB">utjecala</instance>
         <wf lemma="na" pos="X">na</wf>
         <wf lemma="odabir" pos="X">odabir</wf>
         <wf lemma="njegova" pos="X">njegova</wf>
         <wf lemma="zanimanja" pos="X">zanimanja</wf>
         <wf lemma="." pos="X">.</wf>
      </sentence>
      <sentence id="d000.s731" source="wordnet-croatian">
         <instance id="d000.s731.t000" lemma="beživotnost" pos="NOUN">Beživotnost</instance>
         <wf lemma="njezina" pos="X">njezina</wf>
         <wf lemma="tijela" pos="X">tijela</wf>
         <wf lemma="natjerala" pos="X">natjerala</wf>
         <wf lemma="ga" pos="X">ga</wf>
         <wf lemma="je" pos="X">je</wf>
         <wf lemma="u" pos="X">u</wf>
         <wf lemma="nezaustavljiv" pos="X">nezaustavljiv</wf>
         <wf lemma="plač" pos="X">plač</wf>
         <wf lemma="." pos="X">.</wf>
      </sentence>
      <sentence id="d000.s732" source="wordnet-croatian">
         <wf lemma="Sa" pos="X">Sa</wf>
         <wf lemma="svakim" pos="X">svakim</wf>
         <wf lemma="je" pos="X">je</wf>
         <wf lemma="korakom" pos="X">korakom</wf>
         <instance id="d000.s732.t000" lemma="udaljenost" pos="NOUN">udaljenost</instance>
         <wf lemma="među" pos="X">među</wf>
         <wf lemma="njima" pos="X">njima</wf>
         <wf lemma="postajala" pos="X">postajala</wf>
         <wf lemma="sve" pos="X">sve</wf>
         <wf lemma="veća" pos="X">veća</wf>
         <wf lemma="." pos="X">.</wf>
      </sentence>
      <sentence id="d000.s733" source="wordnet-croatian">
         <wf lemma="Provukao" pos="X">Provukao</wf>
         <wf lemma="se" pos="X">se</wf>
         <wf lemma="kroz" pos="X">kroz</wf>
         <instance id="d000.s733.t000" lemma="ušica" pos="NOUN">ušicu</instance>
         <wf lemma="igle" pos="X">igle</wf>
         <wf lemma="." pos="X">.</wf>
      </sentence>
      <sentence id="d000.s734" source="wordnet-croatian">
         <wf lemma="Imala" pos="X">Imala</wf>
         <wf lemma="sam" pos="X">sam</wf>
         <wf lemma="osjećaj" pos="X">osjećaj</wf>
         <wf lemma="da" pos="X">da</wf>
         <wf lemma="će" pos="X">će</wf>
         <wf lemma="skije" pos="X">skije</wf>
         <wf lemma="pri" pos="X">pri</wf>
         <wf lemma="toj" pos="X">toj</wf>
         <wf lemma="brzini" pos="X">brzini</wf>
         <wf lemma="pasti" pos="X">pasti</wf>
         <wf lemma="s" pos="X">s</wf>
         <instance id="d000.s734.t000" lemma="nosač" pos="NOUN">nosača</instance>
         <wf lemma="." pos="X">.</wf>
      </sentence>
      <sentence id="d000.s735" source="wordnet-croatian">
         <wf lemma="Ljudi" pos="X">Ljudi</wf>
         <wf lemma="su" pos="X">su</wf>
         <wf lemma="uvijek" pos="X">uvijek</wf>
         <wf lemma="jači" pos="X">jači</wf>
         <wf lemma="kad" pos="X">kad</wf>
         <wf lemma="se" pos="X">se</wf>
         <instance id="d000.s735.t000" lemma="udružiti" pos="VERB">udruže</instance>
         <wf lemma="i" pos="X">i</wf>
         <wf lemma="rade" pos="X">rade</wf>
         <wf lemma="zajedno" pos="X">zajedno</wf>
         <wf lemma="." pos="X">.</wf>
      </sentence>
      <sentence id="d000.s736" source="wordnet-croatian">
         <wf lemma="Njezina" pos="X">Njezina</wf>
         <wf lemma="je" pos="X">je</wf>
         <wf lemma="odjeća" pos="X">odjeća</wf>
         <wf lemma="bila" pos="X">bila</wf>
         <instance id="d000.s736.t000" lemma="prikladan" pos="ADJ">prikladna</instance>
         <wf lemma="za" pos="X">za</wf>
         <wf lemma="rad" pos="X">rad</wf>
         <wf lemma="u" pos="X">u</wf>
         <wf lemma="uredu" pos="X">uredu</wf>
         <wf lemma="." pos="X">.</wf>
      </sentence>
      <sentence id="d000.s737" source="wordnet-croatian">
         <instance id="d000.s737.t000" lemma="uskratiti" pos="VERB">Uskratili</instance>
         <wf lemma="su" pos="X">su</wf>
         <wf lemma="nam" pos="X">nam</wf>
         <wf lemma="pristup" pos="X">pristup</wf>
         <wf lemma="u" pos="X">u</wf>
         <wf lemma="našu" pos="X">našu</wf>
         <wf lemma="kuću" pos="X">kuću</wf>
         <wf lemma="!" pos="X">!</wf>
      </sentence>
      <sentence id="d000.s738" source="wordnet-croatian">
         <wf lemma="Uočen" pos="X">Uočen</wf>
         <wf lemma="je" pos="X">je</wf>
         <wf lemma="njegov" pos="X">njegov</wf>
         <wf lemma="upadljivi" pos="X">upadljivi</wf>
         <wf lemma="renesansni" pos="X">renesansni</wf>
         <wf lemma="duh" pos="X">duh</wf>
         <wf lemma="," pos="X">,</wf>
         <wf lemma="deskriptivno" pos="X">deskriptivno</wf>
         <wf lemma="se" pos="X">se</wf>
         <wf lemma="ukazivalo" pos="X">ukazivalo</wf>
         <wf lemma="na" pos="X">na</wf>
         <wf lemma="pojedine" pos="X">pojedine</wf>
         <wf lemma="motive" pos="X">motive</wf>
         <wf lemma="," pos="X">,</wf>
         <wf lemma="ne" pos="X">ne</wf>
         <wf lemma="ulazeći" pos="X">ulazeći</wf>
         <wf lemma="pritom" pos="X">pritom</wf>
         <wf lemma="u" pos="X">u</wf>
         <wf lemma="njihovu" pos="X">njihovu</wf>
         <wf lemma="koherentnost" pos="X">koherentnost</wf>
         <wf lemma="," pos="X">,</wf>
         <wf lemma="simboliku" pos="X">simboliku</wf>
         <wf lemma="i" pos="X">i</wf>
         <wf lemma="likovne" pos="X">likovne</wf>
         <instance id="d000.s738.t000" lemma="alegorija" pos="NOUN">alegorije</instance>
         <wf lemma="." pos="X">.</wf>
      </sentence>
      <sentence id="d000.s739" source="wordnet-croatian">
         <wf lemma="Krenuli" pos="X">Krenuli</wf>
         <wf lemma="su" pos="X">su</wf>
         <instance id="d000.s739.t000" lemma="odvojen" pos="ADJ">odvojenim</instance>
         <wf lemma="putevima" pos="X">putevima</wf>
         <wf lemma="." pos="X">.</wf>
      </sentence>
      <sentence id="d000.s740" source="wordnet-croatian">
         <wf lemma="Mirko" pos="X">Mirko</wf>
         <wf lemma="je" pos="X">je</wf>
         <wf lemma="tijekom" pos="X">tijekom</wf>
         <wf lemma="godina" pos="X">godina</wf>
         <instance id="d000.s740.t000" lemma="skupiti" pos="VERB">skupio</instance>
         <wf lemma="gotovo" pos="X">gotovo</wf>
         <wf lemma="sve" pos="X">sve</wf>
         <wf lemma="brojeve" pos="X">brojeve</wf>
         <wf lemma="Alana" pos="X">Alana</wf>
         <wf lemma="Forda" pos="X">Forda</wf>
         <wf lemma="." pos="X">.</wf>
      </sentence>
      <sentence id="d000.s741" source="wordnet-croatian">
         <wf lemma="Ona" pos="X">Ona</wf>
         <wf lemma="se" pos="X">se</wf>
         <wf lemma="potpuno" pos="X">potpuno</wf>
         <instance id="d000.s741.t000" lemma="posvetiti" pos="VERB">posvetila</instance>
         <wf lemma="misionarskom" pos="X">misionarskom</wf>
         <wf lemma="poslu" pos="X">poslu</wf>
         <wf lemma="." pos="X">.</wf>
      </sentence>
      <sentence id="d000.s742" source="wordnet-croatian">
         <wf lemma="Glasači" pos="X">Glasači</wf>
         <wf lemma="su" pos="X">su</wf>
         <wf lemma="podijeljeni" pos="X">podijeljeni</wf>
         <wf lemma="po" pos="X">po</wf>
         <wf lemma="izbornim" pos="X">izbornim</wf>
         <instance id="d000.s742.t000" lemma="jedinica" pos="NOUN">jedinicama</instance>
         <wf lemma="." pos="X">.</wf>
      </sentence>
      <sentence id="d000.s743" source="wordnet-croatian">
         <wf lemma="Svoje" pos="X">Svoje</wf>
         <wf lemma="poštovanje" pos="X">poštovanje</wf>
         <wf lemma="prema" pos="X">prema</wf>
         <wf lemma="umjetniku" pos="X">umjetniku</wf>
         <wf lemma="publika" pos="X">publika</wf>
         <wf lemma="je" pos="X">je</wf>
         <instance id="d000.s743.t000" lemma="iskazati" pos="VERB">iskazala</instance>
         <wf lemma="dugotrajnim" pos="X">dugotrajnim</wf>
         <wf lemma="pljeskom" pos="X">pljeskom</wf>
         <wf lemma="." pos="X">.</wf>
      </sentence>
      <sentence id="d000.s744" source="wordnet-croatian">
         <wf lemma="Prenoćili" pos="X">Prenoćili</wf>
         <wf lemma="smo" pos="X">smo</wf>
         <wf lemma="u" pos="X">u</wf>
         <instance id="d000.s744.t000" lemma="gradić" pos="NOUN">gradiću</instance>
         <wf lemma="na" pos="X">na</wf>
         <wf lemma="obali" pos="X">obali</wf>
         <wf lemma="." pos="X">.</wf>
      </sentence>
      <sentence id="d000.s745" source="wordnet-croatian">
         <wf lemma="Za" pos="X">Za</wf>
         <wf lemma="ispit" pos="X">ispit</wf>
         <wf lemma="je" pos="X">je</wf>
         <wf lemma="morao" pos="X">morao</wf>
         <wf lemma="naučiti" pos="X">naučiti</wf>
         <instance id="d000.s745.t000" lemma="zakon" pos="NOUN">zakone</instance>
         <wf lemma="termodinamike" pos="X">termodinamike</wf>
         <wf lemma="." pos="X">.</wf>
      </sentence>
      <sentence id="d000.s746" source="wordnet-croatian">
         <instance id="d000.s746.t000" lemma="džin" pos="NOUN">Džin</instance>
         <wf lemma="se" pos="X">se</wf>
         <wf lemma="često" pos="X">često</wf>
         <wf lemma="pije" pos="X">pije</wf>
         <wf lemma="pomiješan" pos="X">pomiješan</wf>
         <wf lemma="s" pos="X">s</wf>
         <wf lemma="tonikom" pos="X">tonikom</wf>
         <wf lemma="." pos="X">.</wf>
      </sentence>
      <sentence id="d000.s747" source="wordnet-croatian">
         <wf lemma="Sva" pos="X">Sva</wf>
         <wf lemma="je" pos="X">je</wf>
         <wf lemma="voda" pos="X">voda</wf>
         <instance id="d000.s747.t000" lemma="iščeznuti" pos="VERB">iščeznula</instance>
         <wf lemma="iz" pos="X">iz</wf>
         <wf lemma="korita" pos="X">korita</wf>
         <wf lemma="." pos="X">.</wf>
      </sentence>
      <sentence id="d000.s748" source="wordnet-croatian">
         <wf lemma="Iako" pos="X">Iako</wf>
         <wf lemma="je" pos="X">je</wf>
         <wf lemma="imala" pos="X">imala</wf>
         <wf lemma="toplu" pos="X">toplu</wf>
         <instance id="d000.s748.t000" lemma="pidžama" pos="NOUN">pidžamu</instance>
         <wf lemma="," pos="X">,</wf>
         <wf lemma="cijelu" pos="X">cijelu</wf>
         <wf lemma="se" pos="X">se</wf>
         <wf lemma="noć" pos="X">noć</wf>
         <wf lemma="nije" pos="X">nije</wf>
         <wf lemma="mogla" pos="X">mogla</wf>
         <wf lemma="ugrijati" pos="X">ugrijati</wf>
         <wf lemma="." pos="X">.</wf>
      </sentence>
      <sentence id="d000.s749" source="wordnet-croatian">
         <instance id="d000.s749.t000" lemma="dati" pos="VERB">Dala</instance>
         <wf lemma="sam" pos="X">sam</wf>
         <wf lemma="mu" pos="X">mu</wf>
         <wf lemma="svu" pos="X">svu</wf>
         <wf lemma="svoju" pos="X">svoju</wf>
         <wf lemma="ušteđevinu" pos="X">ušteđevinu</wf>
         <wf lemma="." pos="X">.</wf>
      </sentence>
      <sentence id="d000.s750" source="wordnet-croatian">
         <wf lemma="Za" pos="X">Za</wf>
         <wf lemma="blagdan" pos="X">blagdan</wf>
         <wf lemma="Svih" pos="X">Svih</wf>
         <wf lemma="svetih" pos="X">svetih</wf>
         <wf lemma="pali" pos="X">pali</wf>
         <wf lemma="se" pos="X">se</wf>
         <wf lemma="mnoštvo" pos="X">mnoštvo</wf>
         <instance id="d000.s750.t000" lemma="svijeća" pos="NOUN">svijeća</instance>
         <wf lemma="." pos="X">.</wf>
      </sentence>
      <sentence id="d000.s751" source="wordnet-croatian">
         <instance id="d000.s751.t000" lemma="veselje" pos="NOUN">Veselje</instance>
         <wf lemma="zbog" pos="X">zbog</wf>
         <wf lemma="zaruka" pos="X">zaruka</wf>
         <wf lemma="vidjelo" pos="X">vidjelo</wf>
         <wf lemma="joj" pos="X">joj</wf>
         <wf lemma="se" pos="X">se</wf>
         <wf lemma="u" pos="X">u</wf>
         <wf lemma="očima" pos="X">očima</wf>
         <wf lemma="." pos="X">.</wf>
      </sentence>
      <sentence id="d000.s752" source="wordnet-croatian">
         <instance id="d000.s752.t000" lemma="proces" pos="NOUN">proces</instance>
         <wf lemma="okoštavanja" pos="X">okoštavanja</wf>
         <wf lemma="počinje" pos="X">počinje</wf>
         <wf lemma="u" pos="X">u</wf>
         <wf lemma="ranoj" pos="X">ranoj</wf>
         <wf lemma="djetetovoj" pos="X">djetetovoj</wf>
         <wf lemma="dobi" pos="X">dobi</wf>
         <wf lemma="." pos="X">.</wf>
      </sentence>
      <sentence id="d000.s753" source="wordnet-croatian">
         <wf lemma="U" pos="X">U</wf>
         <wf lemma="novi" pos="X">novi</wf>
         <wf lemma="je" pos="X">je</wf>
         <wf lemma="stan" pos="X">stan</wf>
         <wf lemma="postavio" pos="X">postavio</wf>
         <wf lemma="starinske" pos="X">starinske</wf>
         <instance id="d000.s753.t000" lemma="svjetiljka" pos="NOUN">svjetiljke</instance>
         <wf lemma="." pos="X">.</wf>
      </sentence>
      <sentence id="d000.s754" source="wordnet-croatian">
         <wf lemma="Mama" pos="X">Mama</wf>
         <wf lemma="," pos="X">,</wf>
         <wf lemma="Perica" pos="X">Perica</wf>
         <wf lemma="mi" pos="X">mi</wf>
         <wf lemma="je" pos="X">je</wf>
         <instance id="d000.s754.t000" lemma="potrgati" pos="VERB">potrgao</instance>
         <wf lemma="haljinu" pos="X">haljinu</wf>
         <wf lemma="!" pos="X">!</wf>
      </sentence>
      <sentence id="d000.s755" source="wordnet-croatian">
         <wf lemma="Djeca" pos="X">Djeca</wf>
         <wf lemma="su" pos="X">su</wf>
         <wf lemma="se" pos="X">se</wf>
         <instance id="d000.s755.t000" lemma="igrati" pos="VERB">igrala</instance>
         <wf lemma="skrivača" pos="X">skrivača</wf>
         <wf lemma="." pos="X">.</wf>
      </sentence>
      <sentence id="d000.s756" source="wordnet-croatian">
         <wf lemma="Čitam" pos="X">Čitam</wf>
         <wf lemma="kako" pos="X">kako</wf>
         <wf lemma="bih" pos="X">bih</wf>
         <wf lemma="unaprijedio" pos="X">unaprijedio</wf>
         <wf lemma="svoje" pos="X">svoje</wf>
         <instance id="d000.s756.t000" lemma="znanje" pos="NOUN">znanje</instance>
         <wf lemma="." pos="X">.</wf>
      </sentence>
      <sentence id="d000.s757" source="wordnet-croatian">
         <wf lemma="Ovce" pos="X">Ovce</wf>
         <wf lemma="moraju" pos="X">moraju</wf>
         <instance id="d000.s757.t000" lemma="čuvati" pos="VERB">čuvati</instance>
         <wf lemma="pastiri" pos="X">pastiri</wf>
         <wf lemma="." pos="X">.</wf>
      </sentence>
      <sentence id="d000.s758" source="wordnet-croatian">
         <instance id="d000.s758.t000" lemma="krštenje" pos="NOUN">Krštenjem</instance>
         <wf lemma="se" pos="X">se</wf>
         <wf lemma="postaje" pos="X">postaje</wf>
         <wf lemma="član" pos="X">član</wf>
         <wf lemma="zajednice" pos="X">zajednice</wf>
         <wf lemma="vjernika" pos="X">vjernika</wf>
         <wf lemma="kod" pos="X">kod</wf>
         <wf lemma="katolika" pos="X">katolika</wf>
         <wf lemma="," pos="X">,</wf>
         <wf lemma="pravoslavaca" pos="X">pravoslavaca</wf>
         <wf lemma="i" pos="X">i</wf>
         <wf lemma="protestanata" pos="X">protestanata</wf>
         <wf lemma="." pos="X">.</wf>
      </sentence>
      <sentence id="d000.s759" source="wordnet-croatian">
         <wf lemma="Zemlja" pos="X">Zemlja</wf>
         <wf lemma="ima" pos="X">ima</wf>
         <instance id="d000.s759.t000" lemma="oblik" pos="NOUN">oblik</instance>
         <wf lemma="kugle" pos="X">kugle</wf>
         <wf lemma="." pos="X">.</wf>
      </sentence>
      <sentence id="d000.s760" source="wordnet-croatian">
         <wf lemma="Puškin" pos="X">Puškin</wf>
         <wf lemma="se" pos="X">se</wf>
         <wf lemma="udaljio" pos="X">udaljio</wf>
         <wf lemma="20" pos="X">20</wf>
         <instance id="d000.s760.t000" lemma="korak" pos="NOUN">koraka</instance>
         <wf lemma="od" pos="X">od</wf>
         <wf lemma="suparnika" pos="X">suparnika</wf>
         <wf lemma="," pos="X">,</wf>
         <wf lemma="okrenuo" pos="X">okrenuo</wf>
         <wf lemma="i" pos="X">i</wf>
         <wf lemma="zapucao" pos="X">zapucao</wf>
         <wf lemma="." pos="X">.</wf>
      </sentence>
      <sentence id="d000.s761" source="wordnet-croatian">
         <wf lemma="Društvo" pos="X">Društvo</wf>
         <wf lemma="s" pos="X">s</wf>
         <wf lemma="kojim" pos="X">kojim</wf>
         <wf lemma="sam" pos="X">sam</wf>
         <wf lemma="se" pos="X">se</wf>
         <wf lemma="trebala" pos="X">trebala</wf>
         <wf lemma="naći" pos="X">naći</wf>
         <instance id="d000.s761.t000" lemma="obećavati" pos="VERB">obećavalo</instance>
         <wf lemma="je" pos="X">je</wf>
         <wf lemma="dobru" pos="X">dobru</wf>
         <wf lemma="zabavu" pos="X">zabavu</wf>
         <wf lemma="." pos="X">.</wf>
      </sentence>
      <sentence id="d000.s762" source="wordnet-croatian">
         <wf lemma="Ribari" pos="X">Ribari</wf>
         <wf lemma="su" pos="X">su</wf>
         <wf lemma="bacili" pos="X">bacili</wf>
         <instance id="d000.s762.t000" lemma="mreža" pos="NOUN">mreže</instance>
         <wf lemma="i" pos="X">i</wf>
         <wf lemma="čekali" pos="X">čekali</wf>
         <wf lemma="ulov" pos="X">ulov</wf>
         <wf lemma="." pos="X">.</wf>
      </sentence>
      <sentence id="d000.s763" source="wordnet-croatian">
         <wf lemma="Mjuzikl" pos="X">Mjuzikl</wf>
         <wf lemma="'" pos="X">'</wf>
         <wf lemma="Mamma" pos="X">Mamma</wf>
         <wf lemma="mia" pos="X">mia</wf>
         <wf lemma="'" pos="X">'</wf>
         <wf lemma="velik" pos="X">velik</wf>
         <wf lemma="je" pos="X">je</wf>
         <instance id="d000.s763.t000" lemma="hit" pos="NOUN">hit</instance>
         <wf lemma="diljem" pos="X">diljem</wf>
         <wf lemma="Europe" pos="X">Europe</wf>
         <wf lemma="." pos="X">.</wf>
      </sentence>
      <sentence id="d000.s764" source="wordnet-croatian">
         <wf lemma="Moja" pos="X">Moja</wf>
         <instance id="d000.s764.t000" lemma="prosudba" pos="NOUN">prosudba</instance>
         <wf lemma="kandidatovih" pos="X">kandidatovih</wf>
         <wf lemma="sposobnosti" pos="X">sposobnosti</wf>
         <wf lemma="bila" pos="X">bila</wf>
         <wf lemma="je" pos="X">je</wf>
         <wf lemma="vrlo" pos="X">vrlo</wf>
         <wf lemma="oštra" pos="X">oštra</wf>
         <wf lemma="." pos="X">.</wf>
      </sentence>
      <sentence id="d000.s765" source="wordnet-croatian">
         <instance id="d000.s765.t000" lemma="smjer" pos="NOUN">Smjer</instance>
         <wf lemma="svih" pos="X">svih</wf>
         <wf lemma="rijeka" pos="X">rijeka</wf>
         <wf lemma="je" pos="X">je</wf>
         <wf lemma="od" pos="X">od</wf>
         <wf lemma="izvora" pos="X">izvora</wf>
         <wf lemma="prema" pos="X">prema</wf>
         <wf lemma="ušću" pos="X">ušću</wf>
         <wf lemma="." pos="X">.</wf>
      </sentence>
      <sentence id="d000.s766" source="wordnet-croatian">
         <wf lemma="Bog" pos="X">Bog</wf>
         <wf lemma="će" pos="X">će</wf>
         <wf lemma="osuditi" pos="X">osuditi</wf>
         <instance id="d000.s766.t000" lemma="štovanje" pos="NOUN">štovanje</instance>
         <wf lemma="lažnih" pos="X">lažnih</wf>
         <wf lemma="proroka" pos="X">proroka</wf>
         <wf lemma="." pos="X">.</wf>
      </sentence>
      <sentence id="d000.s767" source="wordnet-croatian">
         <wf lemma="Vatrogasci" pos="X">Vatrogasci</wf>
         <wf lemma="su" pos="X">su</wf>
         <wf lemma="uspjeli" pos="X">uspjeli</wf>
         <instance id="d000.s767.t000" lemma="lokalizirati" pos="VERB">lokalizirati</instance>
         <wf lemma="požar" pos="X">požar</wf>
         <wf lemma="." pos="X">.</wf>
      </sentence>
      <sentence id="d000.s768" source="wordnet-croatian">
         <wf lemma="Za" pos="X">Za</wf>
         <wf lemma="meksička" pos="X">meksička</wf>
         <wf lemma="jela" pos="X">jela</wf>
         <wf lemma="jako" pos="X">jako</wf>
         <wf lemma="je" pos="X">je</wf>
         <wf lemma="dobar" pos="X">dobar</wf>
         <wf lemma="(" pos="X">(</wf>
         <wf lemma="grah" pos="X">grah</wf>
         <wf lemma=")" pos="X">)</wf>
         <instance id="d000.s768.t000" lemma="bubrežnjak" pos="NOUN">bubrežnjak</instance>
         <wf lemma="." pos="X">.</wf>
      </sentence>
      <sentence id="d000.s769" source="wordnet-croatian">
         <wf lemma="Jedan" pos="X">Jedan</wf>
         <wf lemma="flomaster" pos="X">flomaster</wf>
         <instance id="d000.s769.t000" lemma="faliti" pos="VERB">fali</instance>
         <wf lemma="u" pos="X">u</wf>
         <wf lemma="mojoj" pos="X">mojoj</wf>
         <wf lemma="pernici" pos="X">pernici</wf>
         <wf lemma="!" pos="X">!</wf>
      </sentence>
      <sentence id="d000.s770" source="wordnet-croatian">
         <wf lemma="Suncobran" pos="X">Suncobran</wf>
         <wf lemma="im" pos="X">im</wf>
         <wf lemma="je" pos="X">je</wf>
         <wf lemma="pružao" pos="X">pružao</wf>
         <wf lemma="jedinu" pos="X">jedinu</wf>
         <instance id="d000.s770.t000" lemma="hladovina" pos="NOUN">hladovinu</instance>
         <wf lemma="na" pos="X">na</wf>
         <wf lemma="paklenoj" pos="X">paklenoj</wf>
         <wf lemma="vrućini" pos="X">vrućini</wf>
         <wf lemma="." pos="X">.</wf>
      </sentence>
      <sentence id="d000.s771" source="wordnet-croatian">
         <wf lemma="Potpis" pos="X">Potpis</wf>
         <wf lemma="treba" pos="X">treba</wf>
         <wf lemma="staviti" pos="X">staviti</wf>
         <wf lemma="na" pos="X">na</wf>
         <instance id="d000.s771.t000" lemma="vrh" pos="NOUN">vrh</instance>
         <wf lemma="stranice" pos="X">stranice</wf>
         <wf lemma="." pos="X">.</wf>
      </sentence>
      <sentence id="d000.s772" source="wordnet-croatian">
         <wf lemma="Njegova" pos="X">Njegova</wf>
         <wf lemma="nova" pos="X">nova</wf>
         <wf lemma="knjiga" pos="X">knjiga</wf>
         <instance id="d000.s772.t000" lemma="opisivati" pos="VERB">opisuje</instance>
         <wf lemma="povijest" pos="X">povijest</wf>
         <wf lemma="drevnih" pos="X">drevnih</wf>
         <wf lemma="civilizacija" pos="X">civilizacija</wf>
         <wf lemma="." pos="X">.</wf>
      </sentence>
      <sentence id="d000.s773" source="wordnet-croatian">
         <wf lemma="Imala" pos="X">Imala</wf>
         <wf lemma="je" pos="X">je</wf>
         <instance id="d000.s773.t000" lemma="averzija" pos="NOUN">averziju</instance>
         <wf lemma="prema" pos="X">prema</wf>
         <wf lemma="sintetičkoj" pos="X">sintetičkoj</wf>
         <wf lemma="odjeći" pos="X">odjeći</wf>
         <wf lemma="." pos="X">.</wf>
      </sentence>
      <sentence id="d000.s774" source="wordnet-croatian">
         <wf lemma="Vodu" pos="X">Vodu</wf>
         <wf lemma="iz" pos="X">iz</wf>
         <wf lemma="neprovjerenih" pos="X">neprovjerenih</wf>
         <wf lemma="izvora" pos="X">izvora</wf>
         <wf lemma="treba" pos="X">treba</wf>
         <instance id="d000.s774.t000" lemma="pročistiti" pos="VERB">pročistiti</instance>
         <wf lemma="." pos="X">.</wf>
      </sentence>
      <sentence id="d000.s775" source="wordnet-croatian">
         <wf lemma="Nakon" pos="X">Nakon</wf>
         <wf lemma="požara" pos="X">požara</wf>
         <wf lemma="sve" pos="X">sve</wf>
         <wf lemma="je" pos="X">je</wf>
         <wf lemma="bilo" pos="X">bilo</wf>
         <wf lemma="puno" pos="X">puno</wf>
         <instance id="d000.s775.t000" lemma="čađa" pos="NOUN">čađe</instance>
         <wf lemma="." pos="X">.</wf>
      </sentence>
      <sentence id="d000.s776" source="wordnet-croatian">
         <instance id="d000.s776.t000" lemma="rasipanje" pos="NOUN">Rasipanje</instance>
         <wf lemma="prirodnih" pos="X">prirodnih</wf>
         <wf lemma="bogatstava" pos="X">bogatstava</wf>
         <wf lemma="vodi" pos="X">vodi</wf>
         <wf lemma="nas" pos="X">nas</wf>
         <wf lemma="u" pos="X">u</wf>
         <wf lemma="propast" pos="X">propast</wf>
         <wf lemma="." pos="X">.</wf>
      </sentence>
      <sentence id="d000.s777" source="wordnet-croatian">
         <instance id="d000.s777.t000" lemma="ismijati" pos="VERB">Ismijala</instance>
         <wf lemma="je" pos="X">je</wf>
         <wf lemma="njegove" pos="X">njegove</wf>
         <wf lemma="pokušaje" pos="X">pokušaje</wf>
         <wf lemma="udvaranja" pos="X">udvaranja</wf>
         <wf lemma="." pos="X">.</wf>
      </sentence>
      <sentence id="d000.s778" source="wordnet-croatian">
         <wf lemma="Prepustio" pos="X">Prepustio</wf>
         <wf lemma="se" pos="X">se</wf>
         <instance id="d000.s778.t000" lemma="milost" pos="NOUN">milosti</instance>
         <wf lemma="suda" pos="X">suda</wf>
         <wf lemma="." pos="X">.</wf>
      </sentence>
      <sentence id="d000.s779" source="wordnet-croatian">
         <instance id="d000.s779.t000" lemma="klimavost" pos="NOUN">Klimavost</instance>
         <wf lemma="zuba" pos="X">zuba</wf>
         <wf lemma="upozorila" pos="X">upozorila</wf>
         <wf lemma="ju" pos="X">ju</wf>
         <wf lemma="je" pos="X">je</wf>
         <wf lemma="da" pos="X">da</wf>
         <wf lemma="mora" pos="X">mora</wf>
         <wf lemma="zubaru" pos="X">zubaru</wf>
         <wf lemma="." pos="X">.</wf>
      </sentence>
      <sentence id="d000.s780" source="wordnet-croatian">
         <wf lemma="Matični" pos="X">Matični</wf>
         <instance id="d000.s780.t000" lemma="broj" pos="NOUN">broj</instance>
         <wf lemma="građana" pos="X">građana</wf>
         <wf lemma="ima" pos="X">ima</wf>
         <wf lemma="13" pos="X">13</wf>
         <wf lemma="znamenaka" pos="X">znamenaka</wf>
         <wf lemma="." pos="X">.</wf>
      </sentence>
      <sentence id="d000.s781" source="wordnet-croatian">
         <wf lemma="Vlada" pos="X">Vlada</wf>
         <wf lemma="je" pos="X">je</wf>
         <wf lemma="dala" pos="X">dala</wf>
         <instance id="d000.s781.t000" lemma="jamstvo" pos="NOUN">jamstva</instance>
         <wf lemma="za" pos="X">za</wf>
         <wf lemma="izgradnju" pos="X">izgradnju</wf>
         <wf lemma="brodova" pos="X">brodova</wf>
         <wf lemma="u" pos="X">u</wf>
         <wf lemma="Brodosplitu" pos="X">Brodosplitu</wf>
         <wf lemma="." pos="X">.</wf>
      </sentence>
      <sentence id="d000.s782" source="wordnet-croatian">
         <instance id="d000.s782.t000" lemma="usjeklina" pos="NOUN">Usjekline</instance>
         <wf lemma="u" pos="X">u</wf>
         <wf lemma="površini" pos="X">površini</wf>
         <wf lemma="Marsa" pos="X">Marsa</wf>
         <wf lemma="nastale" pos="X">nastale</wf>
         <wf lemma="su" pos="X">su</wf>
         <wf lemma="od" pos="X">od</wf>
         <wf lemma="lave" pos="X">lave</wf>
         <wf lemma="niske" pos="X">niske</wf>
         <wf lemma="viskoznosti" pos="X">viskoznosti</wf>
         <wf lemma="." pos="X">.</wf>
      </sentence>
      <sentence id="d000.s783" source="wordnet-croatian">
         <wf lemma="Svećenik" pos="X">Svećenik</wf>
         <wf lemma="je" pos="X">je</wf>
         <instance id="d000.s783.t000" lemma="kropilo" pos="NOUN">kropilom</instance>
         <wf lemma="blagoslovio" pos="X">blagoslovio</wf>
         <wf lemma="predmete" pos="X">predmete</wf>
         <wf lemma="koje" pos="X">koje</wf>
         <wf lemma="su" pos="X">su</wf>
         <wf lemma="vjernici" pos="X">vjernici</wf>
         <wf lemma="donijeli" pos="X">donijeli</wf>
         <wf lemma="." pos="X">.</wf>
      </sentence>
      <sentence id="d000.s784" source="wordnet-croatian">
         <instance id="d000.s784.t000" lemma="razvitak" pos="NOUN">Razvitak</instance>
         <wf lemma="turizma" pos="X">turizma</wf>
         <wf lemma="mora" pos="X">mora</wf>
         <wf lemma="biti" pos="X">biti</wf>
         <wf lemma="u" pos="X">u</wf>
         <wf lemma="skladu" pos="X">skladu</wf>
         <wf lemma="s" pos="X">s</wf>
         <wf lemma="ekološkim" pos="X">ekološkim</wf>
         <wf lemma="načelima" pos="X">načelima</wf>
         <wf lemma="." pos="X">.</wf>
      </sentence>
      <sentence id="d000.s785" source="wordnet-croatian">
         <wf lemma="Uvijek" pos="X">Uvijek</wf>
         <wf lemma="je" pos="X">je</wf>
         <wf lemma="dobro" pos="X">dobro</wf>
         <instance id="d000.s785.t000" lemma="postupati" pos="VERB">postupao</instance>
         <wf lemma="ukriznim" pos="X">ukriznim</wf>
         <wf lemma="situacijima" pos="X">situacijima</wf>
         <wf lemma="." pos="X">.</wf>
      </sentence>
      <sentence id="d000.s786" source="wordnet-croatian">
         <instance id="d000.s786.t000" lemma="slijediti" pos="VERB">Slijedila</instance>
         <wf lemma="je" pos="X">je</wf>
         <wf lemma="feministički" pos="X">feministički</wf>
         <wf lemma="pokret" pos="X">pokret</wf>
         <wf lemma="." pos="X">.</wf>
      </sentence>
      <sentence id="d000.s787" source="wordnet-croatian">
         <wf lemma="Sunce" pos="X">Sunce</wf>
         <wf lemma="je" pos="X">je</wf>
         <instance id="d000.s787.t000" lemma="izvor" pos="NOUN">izvor</instance>
         <wf lemma="života" pos="X">života</wf>
         <wf lemma="." pos="X">.</wf>
      </sentence>
      <sentence id="d000.s788" source="wordnet-croatian">
         <wf lemma="šarani" pos="X">šarani</wf>
         <wf lemma="pripadaju" pos="X">pripadaju</wf>
         <wf lemma="u" pos="X">u</wf>
         <instance id="d000.s788.t000" lemma="porodica" pos="NOUN">porodicu</instance>
         <wf lemma="šarana" pos="X">šarana</wf>
         <wf lemma="." pos="X">.</wf>
      </sentence>
      <sentence id="d000.s789" source="wordnet-croatian">
         <instance id="d000.s789.t000" lemma="muzičar" pos="NOUN">Muzičari</instance>
         <wf lemma="su" pos="X">su</wf>
         <wf lemma="pratili" pos="X">pratili</wf>
         <wf lemma="povorku" pos="X">povorku</wf>
         <wf lemma="na" pos="X">na</wf>
         <wf lemma="ulici" pos="X">ulici</wf>
         <wf lemma="." pos="X">.</wf>
      </sentence>
      <sentence id="d000.s790" source="wordnet-croatian">
         <wf lemma="Na" pos="X">Na</wf>
         <wf lemma="papiru" pos="X">papiru</wf>
         <wf lemma="je" pos="X">je</wf>
         <wf lemma="bio" pos="X">bio</wf>
         <wf lemma="otisnut" pos="X">otisnut</wf>
         <wf lemma="tek" pos="X">tek</wf>
         <wf lemma="jedan" pos="X">jedan</wf>
         <instance id="d000.s790.t000" lemma="redak" pos="NOUN">redak</instance>
         <wf lemma="." pos="X">.</wf>
      </sentence>
      <sentence id="d000.s791" source="wordnet-croatian">
         <instance id="d000.s791.t000" lemma="nastava" pos="NOUN">Nastava</instance>
         <wf lemma="je" pos="X">je</wf>
         <wf lemma="počela" pos="X">počela</wf>
         <wf lemma="kasnije" pos="X">kasnije</wf>
         <wf lemma="zbog" pos="X">zbog</wf>
         <wf lemma="velikih" pos="X">velikih</wf>
         <wf lemma="vrućina" pos="X">vrućina</wf>
         <wf lemma="." pos="X">.</wf>
      </sentence>
      <sentence id="d000.s792" source="wordnet-croatian">
         <wf lemma="Ugradila" pos="X">Ugradila</wf>
         <wf lemma="sam" pos="X">sam</wf>
         <instance id="d000.s792.t000" lemma="otvor" pos="NOUN">otvor</instance>
         <wf lemma="na" pos="X">na</wf>
         <wf lemma="vratima" pos="X">vratima</wf>
         <wf lemma="kako" pos="X">kako</wf>
         <wf lemma="bi" pos="X">bi</wf>
         <wf lemma="se" pos="X">se</wf>
         <wf lemma="moja" pos="X">moja</wf>
         <wf lemma="maca" pos="X">maca</wf>
         <wf lemma="mogla" pos="X">mogla</wf>
         <wf lemma="slobodno" pos="X">slobodno</wf>
         <wf lemma="kretati" pos="X">kretati</wf>
         <wf lemma="." pos="X">.</wf>
      </sentence>
      <sentence id="d000.s793" source="wordnet-croatian">
         <wf lemma="Možeš" pos="X">Možeš</wf>
         <wf lemma="li" pos="X">li</wf>
         <wf lemma="mi" pos="X">mi</wf>
         <wf lemma="nekako" pos="X">nekako</wf>
         <instance id="d000.s793.t000" lemma="srediti" pos="VERB">srediti</instance>
         <wf lemma="sastank" pos="X">sastank</wf>
         <wf lemma="s" pos="X">s</wf>
         <wf lemma="pročelnicom" pos="X">pročelnicom</wf>
         <wf lemma="odsjeka" pos="X">odsjeka</wf>
         <wf lemma="?" pos="X">?</wf>
      </sentence>
      <sentence id="d000.s794" source="wordnet-croatian">
         <wf lemma="Pretražio" pos="X">Pretražio</wf>
         <wf lemma="je" pos="X">je</wf>
         <wf lemma="cijeli" pos="X">cijeli</wf>
         <instance id="d000.s794.t000" lemma="arhiv" pos="NOUN">arhiv</instance>
         <wf lemma="," pos="X">,</wf>
         <wf lemma="ali" pos="X">ali</wf>
         <wf lemma="nije" pos="X">nije</wf>
         <wf lemma="pronašao" pos="X">pronašao</wf>
         <wf lemma="podatak" pos="X">podatak</wf>
         <wf lemma="koji" pos="X">koji</wf>
         <wf lemma="je" pos="X">je</wf>
         <wf lemma="tražio" pos="X">tražio</wf>
         <wf lemma="." pos="X">.</wf>
      </sentence>
      <sentence id="d000.s795" source="wordnet-croatian">
         <wf lemma="Mirko" pos="X">Mirko</wf>
         <wf lemma="je" pos="X">je</wf>
         <instance id="d000.s795.t000" lemma="darovati" pos="VERB">darovao</instance>
         <wf lemma="krv" pos="X">krv</wf>
         <wf lemma="kako" pos="X">kako</wf>
         <wf lemma="bi" pos="X">bi</wf>
         <wf lemma="spasio" pos="X">spasio</wf>
         <wf lemma="Slavku" pos="X">Slavku</wf>
         <wf lemma="život" pos="X">život</wf>
         <wf lemma="." pos="X">.</wf>
      </sentence>
      <sentence id="d000.s796" source="wordnet-croatian">
         <instance id="d000.s796.t000" lemma="put" pos="NOUN">Put</instance>
         <wf lemma="kroz" pos="X">kroz</wf>
         <wf lemma="šumu" pos="X">šumu</wf>
         <wf lemma="koji" pos="X">koji</wf>
         <wf lemma="su" pos="X">su</wf>
         <wf lemma="odabrali" pos="X">odabrali</wf>
         <wf lemma="nije" pos="X">nije</wf>
         <wf lemma="ih" pos="X">ih</wf>
         <wf lemma="doveo" pos="X">doveo</wf>
         <wf lemma="do" pos="X">do</wf>
         <wf lemma="kolibe" pos="X">kolibe</wf>
         <wf lemma="." pos="X">.</wf>
      </sentence>
      <sentence id="d000.s797" source="wordnet-croatian">
         <wf lemma="Iako" pos="X">Iako</wf>
         <wf lemma="je" pos="X">je</wf>
         <wf lemma="cijepljenje" pos="X">cijepljenje</wf>
         <wf lemma="zapravo" pos="X">zapravo</wf>
         <instance id="d000.s797.t000" lemma="medikament" pos="NOUN">medikament</instance>
         <wf lemma="," pos="X">,</wf>
         <wf lemma="njega" pos="X">njega</wf>
         <wf lemma="treba" pos="X">treba</wf>
         <wf lemma="izbjegavati" pos="X">izbjegavati</wf>
         <wf lemma="u" pos="X">u</wf>
         <wf lemma="trudnoći" pos="X">trudnoći</wf>
         <wf lemma="." pos="X">.</wf>
      </sentence>
      <sentence id="d000.s798" source="wordnet-croatian">
         <wf lemma="Tajnica" pos="X">Tajnica</wf>
         <wf lemma="mi" pos="X">mi</wf>
         <wf lemma="je" pos="X">je</wf>
         <instance id="d000.s798.t000" lemma="rezervirati" pos="VERB">rezervirala</instance>
         <wf lemma="sjedalo" pos="X">sjedalo</wf>
         <wf lemma="za" pos="X">za</wf>
         <wf lemma="prvi" pos="X">prvi</wf>
         <wf lemma="sljedeći" pos="X">sljedeći</wf>
         <wf lemma="let" pos="X">let</wf>
         <wf lemma="." pos="X">.</wf>
      </sentence>
      <sentence id="d000.s799" source="wordnet-croatian">
         <wf lemma="U" pos="X">U</wf>
         <wf lemma="industriji" pos="X">industriji</wf>
         <wf lemma="često" pos="X">često</wf>
         <instance id="d000.s799.t000" lemma="kondenzirati" pos="VERB">kondenziraju</instance>
         <wf lemma="mlijeko" pos="X">mlijeko</wf>
         <wf lemma="." pos="X">.</wf>
      </sentence>
      <sentence id="d000.s800" source="wordnet-croatian">
         <wf lemma="Zadnjom" pos="X">Zadnjom</wf>
         <wf lemma="je" pos="X">je</wf>
         <instance id="d000.s800.t000" lemma="nadogradnja" pos="NOUN">nadogradnjom</instance>
         <wf lemma="stvarno" pos="X">stvarno</wf>
         <wf lemma="nagrdio" pos="X">nagrdio</wf>
         <wf lemma="kuću" pos="X">kuću</wf>
         <wf lemma="." pos="X">.</wf>
      </sentence>
      <sentence id="d000.s801" source="wordnet-croatian">
         <wf lemma="Njezini" pos="X">Njezini</wf>
         <instance id="d000.s801.t000" lemma="iskaz" pos="NOUN">iskazi</instance>
         <wf lemma="često" pos="X">često</wf>
         <wf lemma="zbunjuju" pos="X">zbunjuju</wf>
         <wf lemma="." pos="X">.</wf>
      </sentence>
      <sentence id="d000.s802" source="wordnet-croatian">
         <wf lemma="Očigledna" pos="X">Očigledna</wf>
         <instance id="d000.s802.t000" lemma="blagonaklonost" pos="NOUN">blagonaklonost</instance>
         <wf lemma="sudaca" pos="X">sudaca</wf>
         <wf lemma="prema" pos="X">prema</wf>
         <wf lemma="domaćoj" pos="X">domaćoj</wf>
         <wf lemma="momčadi" pos="X">momčadi</wf>
         <wf lemma="razljutila" pos="X">razljutila</wf>
         <wf lemma="je" pos="X">je</wf>
         <wf lemma="gostujuće" pos="X">gostujuće</wf>
         <wf lemma="igrače" pos="X">igrače</wf>
         <wf lemma="." pos="X">.</wf>
      </sentence>
      <sentence id="d000.s803" source="wordnet-croatian">
         <wf lemma="Bila" pos="X">Bila</wf>
         <wf lemma="je" pos="X">je</wf>
         <wf lemma="na" pos="X">na</wf>
         <wf lemma="strogoj" pos="X">strogoj</wf>
         <wf lemma="dijeti" pos="X">dijeti</wf>
         <wf lemma="," pos="X">,</wf>
         <wf lemma="a" pos="X">a</wf>
         <wf lemma="nije" pos="X">nije</wf>
         <wf lemma="izgubila" pos="X">izgubila</wf>
         <wf lemma="ni" pos="X">ni</wf>
         <instance id="d000.s803.t000" lemma="gram" pos="NOUN">grama</instance>
         <wf lemma="." pos="X">.</wf>
      </sentence>
      <sentence id="d000.s804" source="wordnet-croatian">
         <wf lemma="U" pos="X">U</wf>
         <wf lemma="svojem" pos="X">svojem</wf>
         <wf lemma="je" pos="X">je</wf>
         <wf lemma="vrtu" pos="X">vrtu</wf>
         <wf lemma="otkrio" pos="X">otkrio</wf>
         <wf lemma="duboku" pos="X">duboku</wf>
         <instance id="d000.s804.t000" lemma="zasjeklina" pos="NOUN">zasjeklinu</instance>
         <wf lemma="." pos="X">.</wf>
      </sentence>
      <sentence id="d000.s805" source="wordnet-croatian">
         <instance id="d000.s805.t000" lemma="pravilnost" pos="NOUN">Pravilnost</instance>
         <wf lemma="u" pos="X">u</wf>
         <wf lemma="poslovanju" pos="X">poslovanju</wf>
         <wf lemma="njegove" pos="X">njegove</wf>
         <wf lemma="tvrtke" pos="X">tvrtke</wf>
         <wf lemma="iznenadila" pos="X">iznenadila</wf>
         <wf lemma="je" pos="X">je</wf>
         <wf lemma="inspektore" pos="X">inspektore</wf>
         <wf lemma="." pos="X">.</wf>
      </sentence>
      <sentence id="d000.s806" source="wordnet-croatian">
         <wf lemma="Ishod" pos="X">Ishod</wf>
         <wf lemma="ovisi" pos="X">ovisi</wf>
         <wf lemma="o" pos="X">o</wf>
         <instance id="d000.s806.t000" lemma="raspored" pos="NOUN">rasporedu</instance>
         <wf lemma="snaga" pos="X">snaga</wf>
         <wf lemma="u" pos="X">u</wf>
         <wf lemma="vrijeme" pos="X">vrijeme</wf>
         <wf lemma="utakmice" pos="X">utakmice</wf>
         <wf lemma="." pos="X">.</wf>
      </sentence>
      <sentence id="d000.s807" source="wordnet-croatian">
         <wf lemma="Kvadratnu" pos="X">Kvadratnu</wf>
         <instance id="d000.s807.t000" lemma="mreža" pos="NOUN">mrežu</instance>
         <wf lemma="nazivamo" pos="X">nazivamo</wf>
         <wf lemma="raster" pos="X">raster</wf>
         <wf lemma="." pos="X">.</wf>
      </sentence>
      <sentence id="d000.s808" source="wordnet-croatian">
         <wf lemma="Gubitci" pos="X">Gubitci</wf>
         <wf lemma="na" pos="X">na</wf>
         <wf lemma="tom" pos="X">tom</wf>
         <instance id="d000.s808.t000" lemma="posao" pos="NOUN">poslu</instance>
         <wf lemma="bili" pos="X">bili</wf>
         <wf lemma="su" pos="X">su</wf>
         <wf lemma="nevjerojatno" pos="X">nevjerojatno</wf>
         <wf lemma="visoki" pos="X">visoki</wf>
         <wf lemma="." pos="X">.</wf>
      </sentence>
      <sentence id="d000.s809" source="wordnet-croatian">
         <wf lemma="Svratili" pos="X">Svratili</wf>
         <wf lemma="su" pos="X">su</wf>
         <wf lemma="u" pos="X">u</wf>
         <instance id="d000.s809.t000" lemma="posjet" pos="NOUN">posjet</instance>
         <wf lemma="starim" pos="X">starim</wf>
         <wf lemma="prijateljima" pos="X">prijateljima</wf>
         <wf lemma="." pos="X">.</wf>
      </sentence>
      <sentence id="d000.s810" source="wordnet-croatian">
         <wf lemma="Oblačenje" pos="X">Oblačenje</wf>
         <wf lemma="prvo" pos="X">prvo</wf>
         <wf lemma="lijeve" pos="X">lijeve</wf>
         <wf lemma="," pos="X">,</wf>
         <wf lemma="a" pos="X">a</wf>
         <wf lemma="onda" pos="X">onda</wf>
         <wf lemma="desne" pos="X">desne</wf>
         <wf lemma="čarape" pos="X">čarape</wf>
         <instance id="d000.s810.t000" lemma="stvar" pos="NOUN">stvar</instance>
         <wf lemma="je" pos="X">je</wf>
         <wf lemma="navike" pos="X">navike</wf>
         <wf lemma="." pos="X">.</wf>
      </sentence>
      <sentence id="d000.s811" source="wordnet-croatian">
         <instance id="d000.s811.t000" lemma="vjerovati" pos="VERB">Vjerujem</instance>
         <wf lemma="u" pos="X">u</wf>
         <wf lemma="ispravnost" pos="X">ispravnost</wf>
         <wf lemma="svoje" pos="X">svoje</wf>
         <wf lemma="odluke" pos="X">odluke</wf>
         <wf lemma="." pos="X">.</wf>
      </sentence>
      <sentence id="d000.s812" source="wordnet-croatian">
         <wf lemma="Ja" pos="X">Ja</wf>
         <wf lemma="i" pos="X">i</wf>
         <wf lemma="moja" pos="X">moja</wf>
         <instance id="d000.s812.t000" lemma="ljubav" pos="NOUN">ljubav</instance>
         <wf lemma="idemo" pos="X">idemo</wf>
         <wf lemma="na" pos="X">na</wf>
         <wf lemma="more" pos="X">more</wf>
         <wf lemma="." pos="X">.</wf>
      </sentence>
      <sentence id="d000.s813" source="wordnet-croatian">
         <wf lemma="Posjetili" pos="X">Posjetili</wf>
         <wf lemma="su" pos="X">su</wf>
         <instance id="d000.s813.t000" lemma="različit" pos="ADJ">različite</instance>
         <wf lemma="dijelove" pos="X">dijelove</wf>
         <wf lemma="države" pos="X">države</wf>
         <wf lemma="." pos="X">.</wf>
      </sentence>
      <sentence id="d000.s814" source="wordnet-croatian">
         <wf lemma="Došle" pos="X">Došle</wf>
         <wf lemma="su" pos="X">su</wf>
         <wf lemma="nova" pos="X">nova</wf>
         <instance id="d000.s814.t000" lemma="naređenje" pos="NOUN">naređenja</instance>
         <wf lemma="iz" pos="X">iz</wf>
         <wf lemma="vrhovnog" pos="X">vrhovnog</wf>
         <wf lemma="stožera" pos="X">stožera</wf>
         <wf lemma="." pos="X">.</wf>
      </sentence>
      <sentence id="d000.s815" source="wordnet-croatian">
         <wf lemma="Dobili" pos="X">Dobili</wf>
         <wf lemma="su" pos="X">su</wf>
         <wf lemma="brojne" pos="X">brojne</wf>
         <instance id="d000.s815.t000" lemma="telegram" pos="NOUN">telegrame</instance>
         <wf lemma="sućuti" pos="X">sućuti</wf>
         <wf lemma="zbog" pos="X">zbog</wf>
         <wf lemma="smrti" pos="X">smrti</wf>
         <wf lemma="člana" pos="X">člana</wf>
         <wf lemma="njihove" pos="X">njihove</wf>
         <wf lemma="obitelji" pos="X">obitelji</wf>
         <wf lemma="." pos="X">.</wf>
      </sentence>
      <sentence id="d000.s816" source="wordnet-croatian">
         <wf lemma="Sunce" pos="X">Sunce</wf>
         <wf lemma="je" pos="X">je</wf>
         <instance id="d000.s816.t000" lemma="isušiti" pos="VERB">isušilo</instance>
         <wf lemma="zemlju" pos="X">zemlju</wf>
         <wf lemma="." pos="X">.</wf>
      </sentence>
      <sentence id="d000.s817" source="wordnet-croatian">
         <instance id="d000.s817.t000" lemma="gorivo" pos="NOUN">Gorivo</instance>
         <wf lemma="u" pos="X">u</wf>
         <wf lemma="autu" pos="X">autu</wf>
         <wf lemma="je" pos="X">je</wf>
         <wf lemma="na" pos="X">na</wf>
         <wf lemma="rezervi" pos="X">rezervi</wf>
         <wf lemma="." pos="X">.</wf>
      </sentence>
      <sentence id="d000.s818" source="wordnet-croatian">
         <wf lemma="U" pos="X">U</wf>
         <instance id="d000.s818.t000" lemma="suština" pos="NOUN">suštini</instance>
         <wf lemma="smo" pos="X">smo</wf>
         <wf lemma="svi" pos="X">svi</wf>
         <wf lemma="jednaki" pos="X">jednaki</wf>
         <wf lemma="." pos="X">.</wf>
      </sentence>
      <sentence id="d000.s819" source="wordnet-croatian">
         <wf lemma="Razne" pos="X">Razne</wf>
         <instance id="d000.s819.t000" lemma="legura" pos="NOUN">legure</instance>
         <wf lemma="bile" pos="X">bile</wf>
         <wf lemma="su" pos="X">su</wf>
         <wf lemma="jako" pos="X">jako</wf>
         <wf lemma="cijenjene" pos="X">cijenjene</wf>
         <wf lemma="u" pos="X">u</wf>
         <wf lemma="antici" pos="X">antici</wf>
         <wf lemma="." pos="X">.</wf>
      </sentence>
      <sentence id="d000.s820" source="wordnet-croatian">
         <wf lemma="Voditelji" pos="X">Voditelji</wf>
         <wf lemma="na" pos="X">na</wf>
         <instance id="d000.s820.t000" lemma="radio" pos="NOUN">radiju</instance>
         <wf lemma="ne" pos="X">ne</wf>
         <wf lemma="smiju" pos="X">smiju</wf>
         <wf lemma="imati" pos="X">imati</wf>
         <wf lemma="govornih" pos="X">govornih</wf>
         <wf lemma="poteškoća" pos="X">poteškoća</wf>
         <wf lemma="." pos="X">.</wf>
      </sentence>
      <sentence id="d000.s821" source="wordnet-croatian">
         <wf lemma="Kvadrat" pos="X">Kvadrat</wf>
         <wf lemma="je" pos="X">je</wf>
         <instance id="d000.s821.t000" lemma="dio" pos="NOUN">dio</instance>
         <wf lemma="kocke" pos="X">kocke</wf>
         <wf lemma="." pos="X">.</wf>
      </sentence>
      <sentence id="d000.s822" source="wordnet-croatian">
         <wf lemma="Imao" pos="X">Imao</wf>
         <wf lemma="je" pos="X">je</wf>
         <instance id="d000.s822.t000" lemma="blag" pos="ADJ">blagu</instance>
         <wf lemma="upalu" pos="X">upalu</wf>
         <wf lemma="uha" pos="X">uha</wf>
         <wf lemma="." pos="X">.</wf>
      </sentence>
      <sentence id="d000.s823" source="wordnet-croatian">
         <wf lemma="Prošlogodišnji" pos="X">Prošlogodišnji</wf>
         <wf lemma="uspjeh" pos="X">uspjeh</wf>
         <wf lemma="naše" pos="X">naše</wf>
         <wf lemma="tvrtke" pos="X">tvrtke</wf>
         <wf lemma="postao" pos="X">postao</wf>
         <wf lemma="je" pos="X">je</wf>
         <instance id="d000.s823.t000" lemma="mjera" pos="NOUN">mjera</instance>
         <wf lemma="i" pos="X">i</wf>
         <wf lemma="za" pos="X">za</wf>
         <wf lemma="sve" pos="X">sve</wf>
         <wf lemma="druge" pos="X">druge</wf>
         <wf lemma="." pos="X">.</wf>
      </sentence>
      <sentence id="d000.s824" source="wordnet-croatian">
         <wf lemma="Uvijek" pos="X">Uvijek</wf>
         <wf lemma="je" pos="X">je</wf>
         <wf lemma="dobro" pos="X">dobro</wf>
         <wf lemma="pazila" pos="X">pazila</wf>
         <wf lemma="da" pos="X">da</wf>
         <wf lemma="joj" pos="X">joj</wf>
         <wf lemma="dijete" pos="X">dijete</wf>
         <wf lemma="ne" pos="X">ne</wf>
         <wf lemma="padne" pos="X">padne</wf>
         <wf lemma="pod" pos="X">pod</wf>
         <instance id="d000.s824.t000" lemma="kotač" pos="NOUN">kotač</instance>
         <wf lemma="vagona" pos="X">vagona</wf>
         <wf lemma="." pos="X">.</wf>
      </sentence>
      <sentence id="d000.s825" source="wordnet-croatian">
         <instance id="d000.s825.t000" lemma="smrtnost" pos="NOUN">Smrtnost</instance>
         <wf lemma="se" pos="X">se</wf>
         <wf lemma="na" pos="X">na</wf>
         <wf lemma="našem" pos="X">našem</wf>
         <wf lemma="području" pos="X">području</wf>
         <wf lemma="iz" pos="X">iz</wf>
         <wf lemma="godine" pos="X">godine</wf>
         <wf lemma="u" pos="X">u</wf>
         <wf lemma="godinu" pos="X">godinu</wf>
         <wf lemma="smanjuje" pos="X">smanjuje</wf>
         <wf lemma="." pos="X">.</wf>
      </sentence>
      <sentence id="d000.s826" source="wordnet-croatian">
         <wf lemma="Veselo" pos="X">Veselo</wf>
         <wf lemma="je" pos="X">je</wf>
         <instance id="d000.s826.t000" lemma="uskliknuti" pos="VERB">uskliknula</instance>
         <wf lemma="kad" pos="X">kad</wf>
         <wf lemma="je" pos="X">je</wf>
         <wf lemma="saznala" pos="X">saznala</wf>
         <wf lemma="da" pos="X">da</wf>
         <wf lemma="je" pos="X">je</wf>
         <wf lemma="trudna" pos="X">trudna</wf>
         <wf lemma="." pos="X">.</wf>
      </sentence>
      <sentence id="d000.s827" source="wordnet-croatian">
         <wf lemma="Uspjeli" pos="X">Uspjeli</wf>
         <wf lemma="su" pos="X">su</wf>
         <wf lemma="postići" pos="X">postići</wf>
         <wf lemma="zgoditak" pos="X">zgoditak</wf>
         <wf lemma="u" pos="X">u</wf>
         <wf lemma="posljednjoj" pos="X">posljednjoj</wf>
         <instance id="d000.s827.t000" lemma="izmjena" pos="NOUN">izmjeni</instance>
         <wf lemma="." pos="X">.</wf>
      </sentence>
      <sentence id="d000.s828" source="wordnet-croatian">
         <wf lemma="Imam" pos="X">Imam</wf>
         <wf lemma="samo" pos="X">samo</wf>
         <wf lemma="crno-bijeli" pos="X">crno-bijeli</wf>
         <instance id="d000.s828.t000" lemma="pisač" pos="NOUN">pisač</instance>
         <wf lemma="pa" pos="X">pa</wf>
         <wf lemma="ne" pos="X">ne</wf>
         <wf lemma="mogu" pos="X">mogu</wf>
         <wf lemma="ispisivati" pos="X">ispisivati</wf>
         <wf lemma="slike" pos="X">slike</wf>
         <wf lemma="u" pos="X">u</wf>
         <wf lemma="boji" pos="X">boji</wf>
         <wf lemma="." pos="X">.</wf>
      </sentence>
      <sentence id="d000.s829" source="wordnet-croatian">
         <instance id="d000.s829.t000" lemma="jabuka" pos="NOUN">Jabuka</instance>
         <wf lemma="ne" pos="X">ne</wf>
         <wf lemma="pada" pos="X">pada</wf>
         <wf lemma="daleko" pos="X">daleko</wf>
         <wf lemma="od" pos="X">od</wf>
         <wf lemma="stabla" pos="X">stabla</wf>
         <wf lemma="." pos="X">.</wf>
      </sentence>
      <sentence id="d000.s830" source="wordnet-croatian">
         <instance id="d000.s830.t000" lemma="nepovezanost" pos="NOUN">Nepovezanost</instance>
         <wf lemma="njegovih" pos="X">njegovih</wf>
         <wf lemma="upadica" pos="X">upadica</wf>
         <wf lemma="bila" pos="X">bila</wf>
         <wf lemma="je" pos="X">je</wf>
         <wf lemma="svima" pos="X">svima</wf>
         <wf lemma="iritantna" pos="X">iritantna</wf>
         <wf lemma="." pos="X">.</wf>
      </sentence>
      <sentence id="d000.s831" source="wordnet-croatian">
         <wf lemma="Spustio" pos="X">Spustio</wf>
         <wf lemma="je" pos="X">je</wf>
         <instance id="d000.s831.t000" lemma="vizir" pos="NOUN">vizir</instance>
         <wf lemma="na" pos="X">na</wf>
         <wf lemma="kacigi" pos="X">kacigi</wf>
         <wf lemma="i" pos="X">i</wf>
         <wf lemma="hrabro" pos="X">hrabro</wf>
         <wf lemma="krenuo" pos="X">krenuo</wf>
         <wf lemma="u" pos="X">u</wf>
         <wf lemma="bitku" pos="X">bitku</wf>
         <wf lemma="." pos="X">.</wf>
      </sentence>
      <sentence id="d000.s832" source="wordnet-croatian">
         <instance id="d000.s832.t000" lemma="karakteristika" pos="NOUN">Karakteristike</instance>
         <wf lemma="su" pos="X">su</wf>
         <wf lemma="njegovih" pos="X">njegovih</wf>
         <wf lemma="pjesama" pos="X">pjesama</wf>
         <wf lemma="jednostavnost" pos="X">jednostavnost</wf>
         <wf lemma="," pos="X">,</wf>
         <wf lemma="sažetost" pos="X">sažetost</wf>
         <wf lemma="i" pos="X">i</wf>
         <wf lemma="kratkoća" pos="X">kratkoća</wf>
         <wf lemma="." pos="X">.</wf>
      </sentence>
      <sentence id="d000.s833" source="wordnet-croatian">
         <wf lemma="Za" pos="X">Za</wf>
         <wf lemma="vjenčanje" pos="X">vjenčanje</wf>
         <wf lemma="su" pos="X">su</wf>
         <wf lemma="dobili" pos="X">dobili</wf>
         <wf lemma="razne" pos="X">razne</wf>
         <wf lemma="kućanske" pos="X">kućanske</wf>
         <instance id="d000.s833.t000" lemma="aparat" pos="NOUN">aparate</instance>
         <wf lemma="." pos="X">.</wf>
      </sentence>
      <sentence id="d000.s834" source="wordnet-croatian">
         <wf lemma="Zbog" pos="X">Zbog</wf>
         <wf lemma="neugodnih" pos="X">neugodnih</wf>
         <wf lemma="nametnika" pos="X">nametnika</wf>
         <wf lemma="u" pos="X">u</wf>
         <wf lemma="ostavi" pos="X">ostavi</wf>
         <wf lemma="morat" pos="X">morat</wf>
         <wf lemma="ću" pos="X">ću</wf>
         <instance id="d000.s834.t000" lemma="pozvati" pos="VERB">pozvati</instance>
         <wf lemma="službu" pos="X">službu</wf>
         <wf lemma="za" pos="X">za</wf>
         <wf lemma="deratizaciju" pos="X">deratizaciju</wf>
         <wf lemma="." pos="X">.</wf>
      </sentence>
      <sentence id="d000.s835" source="wordnet-croatian">
         <wf lemma="Sve" pos="X">Sve</wf>
         <wf lemma="sam" pos="X">sam</wf>
         <wf lemma="slike" pos="X">slike</wf>
         <wf lemma="organizirao" pos="X">organizirao</wf>
         <wf lemma="u" pos="X">u</wf>
         <wf lemma="jedan" pos="X">jedan</wf>
         <instance id="d000.s835.t000" lemma="fajl" pos="NOUN">fajl</instance>
         <wf lemma="." pos="X">.</wf>
      </sentence>
      <sentence id="d000.s836" source="wordnet-croatian">
         <wf lemma="Političari" pos="X">Političari</wf>
         <wf lemma="su" pos="X">su</wf>
         <wf lemma="pravi" pos="X">pravi</wf>
         <instance id="d000.s836.t000" lemma="neprijatelj" pos="NOUN">neprijatelji</instance>
         <wf lemma="države" pos="X">države</wf>
         <wf lemma="." pos="X">.</wf>
      </sentence>
      <sentence id="d000.s837" source="wordnet-croatian">
         <wf lemma="Molim" pos="X">Molim</wf>
         <wf lemma="te" pos="X">te</wf>
         <wf lemma="," pos="X">,</wf>
         <wf lemma="pomagaj" pos="X">pomagaj</wf>
         <wf lemma="," pos="X">,</wf>
         <wf lemma="ti" pos="X">ti</wf>
         <wf lemma="si" pos="X">si</wf>
         <wf lemma="mi" pos="X">mi</wf>
         <wf lemma="zadnja" pos="X">zadnja</wf>
         <instance id="d000.s837.t000" lemma="nada" pos="NOUN">nada</instance>
         <wf lemma="!" pos="X">!</wf>
      </sentence>
      <sentence id="d000.s838" source="wordnet-croatian">
         <wf lemma="Eksperimentom" pos="X">Eksperimentom</wf>
         <wf lemma="je" pos="X">je</wf>
         <instance id="d000.s838.t000" lemma="ustanoviti" pos="VERB">ustanovio</instance>
         <wf lemma="vrijednost" pos="X">vrijednost</wf>
         <wf lemma="svoje" pos="X">svoje</wf>
         <wf lemma="pretpostavke" pos="X">pretpostavke</wf>
         <wf lemma="." pos="X">.</wf>
      </sentence>
      <sentence id="d000.s839" source="wordnet-croatian">
         <wf lemma="Neki" pos="X">Neki</wf>
         <wf lemma="narodi" pos="X">narodi</wf>
         <wf lemma="su" pos="X">su</wf>
         <wf lemma="svoje" pos="X">svoje</wf>
         <wf lemma="neprijatelje" pos="X">neprijatelje</wf>
         <wf lemma="nabijali" pos="X">nabijali</wf>
         <wf lemma="na" pos="X">na</wf>
         <instance id="d000.s839.t000" lemma="kolac" pos="NOUN">kolac</instance>
         <wf lemma="." pos="X">.</wf>
      </sentence>
      <sentence id="d000.s840" source="wordnet-croatian">
         <instance id="d000.s840.t000" lemma="onečišćenje" pos="NOUN">Onečišćenje</instance>
         <wf lemma="okoliša" pos="X">okoliša</wf>
         <wf lemma="predmet" pos="X">predmet</wf>
         <wf lemma="je" pos="X">je</wf>
         <wf lemma="velike" pos="X">velike</wf>
         <wf lemma="rasprave" pos="X">rasprave</wf>
         <wf lemma="." pos="X">.</wf>
      </sentence>
      <sentence id="d000.s841" source="wordnet-croatian">
         <wf lemma="Bio" pos="X">Bio</wf>
         <wf lemma="je" pos="X">je</wf>
         <wf lemma="zaista" pos="X">zaista</wf>
         <wf lemma="talentiran" pos="X">talentiran</wf>
         <wf lemma="," pos="X">,</wf>
         <wf lemma="ali" pos="X">ali</wf>
         <wf lemma="nikada" pos="X">nikada</wf>
         <wf lemma="nije" pos="X">nije</wf>
         <wf lemma="osvojio" pos="X">osvojio</wf>
         <wf lemma="nijednu" pos="X">nijednu</wf>
         <instance id="d000.s841.t000" lemma="medalja" pos="NOUN">medalju</instance>
         <wf lemma="." pos="X">.</wf>
      </sentence>
      <sentence id="d000.s842" source="wordnet-croatian">
         <wf lemma="Zakonska" pos="X">Zakonska</wf>
         <wf lemma="je" pos="X">je</wf>
         <instance id="d000.s842.t000" lemma="regulacija" pos="NOUN">regulacija</instance>
         <wf lemma="u" pos="X">u</wf>
         <wf lemma="rukama" pos="X">rukama</wf>
         <wf lemma="političara" pos="X">političara</wf>
         <wf lemma="." pos="X">.</wf>
      </sentence>
      <sentence id="d000.s843" source="wordnet-croatian">
         <wf lemma="Televizor" pos="X">Televizor</wf>
         <wf lemma="je" pos="X">je</wf>
         <instance id="d000.s843.t000" lemma="implodirati" pos="VERB">implodirao</instance>
         <wf lemma="." pos="X">.</wf>
      </sentence>
      <sentence id="d000.s844" source="wordnet-croatian">
         <wf lemma="Ne" pos="X">Ne</wf>
         <wf lemma="volim" pos="X">volim</wf>
         <wf lemma="kolače" pos="X">kolače</wf>
         <wf lemma="s" pos="X">s</wf>
         <instance id="d000.s844.t000" lemma="grožđica" pos="NOUN">grožđicama</instance>
         <wf lemma="." pos="X">.</wf>
      </sentence>
      <sentence id="d000.s845" source="wordnet-croatian">
         <wf lemma="Od" pos="X">Od</wf>
         <wf lemma="nekoliko" pos="X">nekoliko</wf>
         <wf lemma="je" pos="X">je</wf>
         <wf lemma="dasaka" pos="X">dasaka</wf>
         <wf lemma="sklepao" pos="X">sklepao</wf>
         <instance id="d000.s845.t000" lemma="splav" pos="NOUN">splav</instance>
         <wf lemma="i" pos="X">i</wf>
         <wf lemma="otisnuo" pos="X">otisnuo</wf>
         <wf lemma="se" pos="X">se</wf>
         <wf lemma="niz" pos="X">niz</wf>
         <wf lemma="rijeku" pos="X">rijeku</wf>
         <wf lemma="." pos="X">.</wf>
      </sentence>
      <sentence id="d000.s846" source="wordnet-croatian">
         <wf lemma="Nitko" pos="X">Nitko</wf>
         <wf lemma="mu" pos="X">mu</wf>
         <wf lemma="nikada" pos="X">nikada</wf>
         <wf lemma="neće" pos="X">neće</wf>
         <wf lemma="moći" pos="X">moći</wf>
         <instance id="d000.s846.t000" lemma="nadoknaditi" pos="VERB">nadoknaditi</instance>
         <wf lemma="izgubljenu" pos="X">izgubljenu</wf>
         <wf lemma="nogu" pos="X">nogu</wf>
         <wf lemma="." pos="X">.</wf>
      </sentence>
      <sentence id="d000.s847" source="wordnet-croatian">
         <wf lemma="Vožnja" pos="X">Vožnja</wf>
         <wf lemma="automobilom" pos="X">automobilom</wf>
         <wf lemma="preko" pos="X">preko</wf>
         <wf lemma="mosta" pos="X">mosta</wf>
         <wf lemma="može" pos="X">može</wf>
         <wf lemma="biti" pos="X">biti</wf>
         <wf lemma="posebno" pos="X">posebno</wf>
         <wf lemma="nezgodna" pos="X">nezgodna</wf>
         <wf lemma="kada" pos="X">kada</wf>
         <wf lemma="padne" pos="X">padne</wf>
         <instance id="d000.s847.t000" lemma="mraz" pos="NOUN">mraz</instance>
         <wf lemma="." pos="X">.</wf>
      </sentence>
      <sentence id="d000.s848" source="wordnet-croatian">
         <wf lemma="Glavni" pos="X">Glavni</wf>
         <wf lemma="je" pos="X">je</wf>
         <wf lemma="kriterij" pos="X">kriterij</wf>
         <wf lemma="odabira" pos="X">odabira</wf>
         <wf lemma="materijala" pos="X">materijala</wf>
         <wf lemma="za" pos="X">za</wf>
         <wf lemma="gradnju" pos="X">gradnju</wf>
         <wf lemma="njihova" pos="X">njihova</wf>
         <instance id="d000.s848.t000" lemma="postojanost" pos="NOUN">postojanost</instance>
         <wf lemma="." pos="X">.</wf>
      </sentence>
      <sentence id="d000.s849" source="wordnet-croatian">
         <wf lemma="Prilikom" pos="X">Prilikom</wf>
         <wf lemma="gradnje" pos="X">gradnje</wf>
         <wf lemma="tunela" pos="X">tunela</wf>
         <wf lemma="bilo" pos="X">bilo</wf>
         <wf lemma="je" pos="X">je</wf>
         <wf lemma="potrebno" pos="X">potrebno</wf>
         <instance id="d000.s849.t000" lemma="iskopati" pos="VERB">iskopati</instance>
         <wf lemma="veliki" pos="X">veliki</wf>
         <wf lemma="dio" pos="X">dio</wf>
         <wf lemma="brda" pos="X">brda</wf>
         <wf lemma="." pos="X">.</wf>
      </sentence>
      <sentence id="d000.s850" source="wordnet-croatian">
         <wf lemma="Poremećaj" pos="X">Poremećaj</wf>
         <wf lemma="štitnjače" pos="X">štitnjače</wf>
         <wf lemma="može" pos="X">može</wf>
         <wf lemma="uzrokovati" pos="X">uzrokovati</wf>
         <instance id="d000.s850.t000" lemma="gubitak" pos="NOUN">gubitak</instance>
         <wf lemma="težine" pos="X">težine</wf>
         <wf lemma="." pos="X">.</wf>
      </sentence>
      <sentence id="d000.s851" source="wordnet-croatian">
         <wf lemma="Turci" pos="X">Turci</wf>
         <wf lemma="su" pos="X">su</wf>
         <wf lemma="uredili" pos="X">uredili</wf>
         <wf lemma="čitav" pos="X">čitav</wf>
         <wf lemma="krbavski" pos="X">krbavski</wf>
         <instance id="d000.s851.t000" lemma="kotar" pos="NOUN">kotar</instance>
         <wf lemma="kao" pos="X">kao</wf>
         <wf lemma="političku" pos="X">političku</wf>
         <wf lemma="cjelinu" pos="X">cjelinu</wf>
         <wf lemma="." pos="X">.</wf>
      </sentence>
      <sentence id="d000.s852" source="wordnet-croatian">
         <instance id="d000.s852.t000" lemma="pjesma" pos="NOUN">Pjesme</instance>
         <wf lemma="Vesne" pos="X">Vesne</wf>
         <wf lemma="Parun" pos="X">Parun</wf>
         <wf lemma="bile" pos="X">bile</wf>
         <wf lemma="su" pos="X">su</wf>
         <wf lemma="joj" pos="X">joj</wf>
         <wf lemma="pravo" pos="X">pravo</wf>
         <wf lemma="nadahnuće" pos="X">nadahnuće</wf>
         <wf lemma="." pos="X">.</wf>
      </sentence>
      <sentence id="d000.s853" source="wordnet-croatian">
         <wf lemma="Stečaj" pos="X">Stečaj</wf>
         <wf lemma="je" pos="X">je</wf>
         <wf lemma="tužan" pos="X">tužan</wf>
         <instance id="d000.s853.t000" lemma="svršetak" pos="NOUN">svršetak</instance>
         <wf lemma="svakoga" pos="X">svakoga</wf>
         <wf lemma="poduzeća" pos="X">poduzeća</wf>
         <wf lemma="." pos="X">.</wf>
      </sentence>
      <sentence id="d000.s854" source="wordnet-croatian">
         <wf lemma="Imao" pos="X">Imao</wf>
         <wf lemma="je" pos="X">je</wf>
         <instance id="d000.s854.t000" lemma="teškoća" pos="NOUN">teškoća</instance>
         <wf lemma="s" pos="X">s</wf>
         <wf lemma="učenjem" pos="X">učenjem</wf>
         <wf lemma="matematike" pos="X">matematike</wf>
         <wf lemma="," pos="X">,</wf>
         <wf lemma="ali" pos="X">ali</wf>
         <wf lemma="je" pos="X">je</wf>
         <wf lemma="i" pos="X">i</wf>
         <wf lemma="to" pos="X">to</wf>
         <wf lemma="na" pos="X">na</wf>
         <wf lemma="kraju" pos="X">kraju</wf>
         <wf lemma="prevladao" pos="X">prevladao</wf>
         <wf lemma="." pos="X">.</wf>
         <wf lemma="." pos="X">.</wf>
      </sentence>
      <sentence id="d000.s855" source="wordnet-croatian">
         <wf lemma="Smatrao" pos="X">Smatrao</wf>
         <wf lemma="je" pos="X">je</wf>
         <wf lemma="da" pos="X">da</wf>
         <wf lemma="je" pos="X">je</wf>
         <wf lemma="došlo" pos="X">došlo</wf>
         <wf lemma="vrijeme" pos="X">vrijeme</wf>
         <wf lemma="da" pos="X">da</wf>
         <wf lemma="prepusti" pos="X">prepusti</wf>
         <instance id="d000.s855.t000" lemma="vodstvo" pos="NOUN">vodstvo</instance>
         <wf lemma="svojemu" pos="X">svojemu</wf>
         <wf lemma="sinu" pos="X">sinu</wf>
         <wf lemma="." pos="X">.</wf>
      </sentence>
      <sentence id="d000.s856" source="wordnet-croatian">
         <wf lemma="Problemi" pos="X">Problemi</wf>
         <instance id="d000.s856.t000" lemma="ležati" pos="VERB">leže</instance>
         <wf lemma="u" pos="X">u</wf>
         <wf lemma="njezinu" pos="X">njezinu</wf>
         <wf lemma="dugogodišnjem" pos="X">dugogodišnjem</wf>
         <wf lemma="zanemarivanju" pos="X">zanemarivanju</wf>
         <wf lemma="djece" pos="X">djece</wf>
         <wf lemma="." pos="X">.</wf>
      </sentence>
      <sentence id="d000.s857" source="wordnet-croatian">
         <wf lemma="Puknuo" pos="X">Puknuo</wf>
         <wf lemma="je" pos="X">je</wf>
         <instance id="d000.s857.t000" lemma="članak" pos="NOUN">članak</instance>
         <wf lemma="na" pos="X">na</wf>
         <wf lemma="radijatoru" pos="X">radijatoru</wf>
         <wf lemma="i" pos="X">i</wf>
         <wf lemma="cijeli" pos="X">cijeli</wf>
         <wf lemma="je" pos="X">je</wf>
         <wf lemma="stan" pos="X">stan</wf>
         <wf lemma="poplavio" pos="X">poplavio</wf>
         <wf lemma="." pos="X">.</wf>
      </sentence>
      <sentence id="d000.s858" source="wordnet-croatian">
         <wf lemma="Požar" pos="X">Požar</wf>
         <wf lemma="je" pos="X">je</wf>
         <wf lemma="u" pos="X">u</wf>
         <wf lemma="potpunosti" pos="X">potpunosti</wf>
         <instance id="d000.s858.t000" lemma="ogoliti" pos="VERB">ogolio</instance>
         <wf lemma="otok" pos="X">otok</wf>
         <wf lemma="." pos="X">.</wf>
      </sentence>
      <sentence id="d000.s859" source="wordnet-croatian">
         <wf lemma="Ta" pos="X">Ta</wf>
         <wf lemma="dobra" pos="X">dobra</wf>
         <wf lemma="vijest" pos="X">vijest</wf>
         <wf lemma="uzrokovala" pos="X">uzrokovala</wf>
         <wf lemma="je" pos="X">je</wf>
         <instance id="d000.s859.t000" lemma="porast" pos="NOUN">porast</instance>
         <wf lemma="vrijednosti" pos="X">vrijednosti</wf>
         <wf lemma="dionica" pos="X">dionica</wf>
         <wf lemma="u" pos="X">u</wf>
         <wf lemma="cijeloj" pos="X">cijeloj</wf>
         <wf lemma="regiji" pos="X">regiji</wf>
         <wf lemma="." pos="X">.</wf>
      </sentence>
      <sentence id="d000.s860" source="wordnet-croatian">
         <wf lemma="Kad" pos="X">Kad</wf>
         <wf lemma="čovjek" pos="X">čovjek</wf>
         <wf lemma="počne" pos="X">počne</wf>
         <wf lemma="raditi" pos="X">raditi</wf>
         <wf lemma="i" pos="X">i</wf>
         <wf lemma="na" pos="X">na</wf>
         <wf lemma="svome" pos="X">svome</wf>
         <wf lemma="duhu" pos="X">duhu</wf>
         <wf lemma="i" pos="X">i</wf>
         <wf lemma="na" pos="X">na</wf>
         <wf lemma="svome" pos="X">svome</wf>
         <wf lemma="tijelu" pos="X">tijelu</wf>
         <wf lemma="," pos="X">,</wf>
         <wf lemma="njegov" pos="X">njegov</wf>
         <wf lemma="će" pos="X">će</wf>
         <wf lemma="razvoj" pos="X">razvoj</wf>
         <wf lemma="doseći" pos="X">doseći</wf>
         <instance id="d000.s860.t000" lemma="potpunost" pos="NOUN">potpunost</instance>
         <wf lemma="." pos="X">.</wf>
      </sentence>
      <sentence id="d000.s861" source="wordnet-croatian">
         <wf lemma="Nije" pos="X">Nije</wf>
         <wf lemma="mu" pos="X">mu</wf>
         <wf lemma="bilo" pos="X">bilo</wf>
         <wf lemma="teško" pos="X">teško</wf>
         <wf lemma="završiti" pos="X">završiti</wf>
         <wf lemma="posao" pos="X">posao</wf>
         <wf lemma="s" pos="X">s</wf>
         <wf lemma="toliko" pos="X">toliko</wf>
         <wf lemma="prijatelja" pos="X">prijatelja</wf>
         <instance id="d000.s861.t000" lemma="voljan" pos="ADJ">voljnih</instance>
         <wf lemma="pomoci" pos="X">pomoci</wf>
         <wf lemma="." pos="X">.</wf>
      </sentence>
      <sentence id="d000.s862" source="wordnet-croatian">
         <wf lemma="Imao" pos="X">Imao</wf>
         <wf lemma="je" pos="X">je</wf>
         <wf lemma="zakrpe" pos="X">zakrpe</wf>
         <wf lemma="na" pos="X">na</wf>
         <wf lemma="obje" pos="X">obje</wf>
         <instance id="d000.s862.t000" lemma="nogavica" pos="NOUN">nogavice</instance>
         <wf lemma="." pos="X">.</wf>
      </sentence>
      <sentence id="d000.s863" source="wordnet-croatian">
         <wf lemma="Njemačka" pos="X">Njemačka</wf>
         <wf lemma="je" pos="X">je</wf>
         <instance id="d000.s863.t000" lemma="okupirati" pos="VERB">okupirala</instance>
         <wf lemma="Francusku" pos="X">Francusku</wf>
         <wf lemma="u" pos="X">u</wf>
         <wf lemma="Drugom" pos="X">Drugom</wf>
         <wf lemma="svjetskom" pos="X">svjetskom</wf>
         <wf lemma="ratu" pos="X">ratu</wf>
         <wf lemma="." pos="X">.</wf>
      </sentence>
      <sentence id="d000.s864" source="wordnet-croatian">
         <wf lemma="Putaovanje" pos="X">Putaovanje</wf>
         <wf lemma="u" pos="X">u</wf>
         <wf lemma="Amazonu" pos="X">Amazonu</wf>
         <wf lemma="može" pos="X">može</wf>
         <wf lemma="biti" pos="X">biti</wf>
         <wf lemma="prava" pos="X">prava</wf>
         <instance id="d000.s864.t000" lemma="pogibelj" pos="NOUN">pogibelj</instance>
         <wf lemma="." pos="X">.</wf>
      </sentence>
      <sentence id="d000.s865" source="wordnet-croatian">
         <wf lemma="Skupina" pos="X">Skupina</wf>
         <wf lemma="mladih" pos="X">mladih</wf>
         <instance id="d000.s865.t000" lemma="kreativac" pos="NOUN">kreativaca</instance>
         <wf lemma="pronašla" pos="X">pronašla</wf>
         <wf lemma="je" pos="X">je</wf>
         <wf lemma="nove" pos="X">nove</wf>
         <wf lemma="načine" pos="X">načine</wf>
         <wf lemma="za" pos="X">za</wf>
         <wf lemma="zaradu" pos="X">zaradu</wf>
         <wf lemma="." pos="X">.</wf>
      </sentence>
      <sentence id="d000.s866" source="wordnet-croatian">
         <wf lemma="Parkirali" pos="X">Parkirali</wf>
         <wf lemma="su" pos="X">su</wf>
         <wf lemma="se" pos="X">se</wf>
         <wf lemma="na" pos="X">na</wf>
         <instance id="d000.s866.t000" lemma="prilaz" pos="NOUN">prilazu</instance>
         <wf lemma="." pos="X">.</wf>
      </sentence>
      <sentence id="d000.s867" source="wordnet-croatian">
         <instance id="d000.s867.t000" lemma="istozvučnica" pos="NOUN">Istozvučnice</instance>
         <wf lemma="su" pos="X">su</wf>
         <wf lemma="rijetke" pos="X">rijetke</wf>
         <wf lemma="u" pos="X">u</wf>
         <wf lemma="hrvatskome" pos="X">hrvatskome</wf>
         <wf lemma="jeziku" pos="X">jeziku</wf>
         <wf lemma="." pos="X">.</wf>
      </sentence>
      <sentence id="d000.s868" source="wordnet-croatian">
         <wf lemma="Na" pos="X">Na</wf>
         <instance id="d000.s868.t000" lemma="skuter" pos="NOUN">skuteru</instance>
         <wf lemma="je" pos="X">je</wf>
         <wf lemma="ponekad" pos="X">ponekad</wf>
         <wf lemma="vozio" pos="X">vozio</wf>
         <wf lemma="i" pos="X">i</wf>
         <wf lemma="svoju" pos="X">svoju</wf>
         <wf lemma="djevojku" pos="X">djevojku</wf>
         <wf lemma="." pos="X">.</wf>
      </sentence>
      <sentence id="d000.s869" source="wordnet-croatian">
         <wf lemma="Istraživao" pos="X">Istraživao</wf>
         <wf lemma="je" pos="X">je</wf>
         <instance id="d000.s869.t000" lemma="govor" pos="NOUN">govor</instance>
         <wf lemma="marginlnih" pos="X">marginlnih</wf>
         <wf lemma="skupina" pos="X">skupina</wf>
         <wf lemma="društva" pos="X">društva</wf>
         <wf lemma="." pos="X">.</wf>
      </sentence>
      <sentence id="d000.s870" source="wordnet-croatian">
         <instance id="d000.s870.t000" lemma="dobrovoljan" pos="ADJ">Dobrovoljno</instance>
         <wf lemma="je" pos="X">je</wf>
         <wf lemma="sudjelovao" pos="X">sudjelovao</wf>
         <wf lemma="u" pos="X">u</wf>
         <wf lemma="istraživanju" pos="X">istraživanju</wf>
         <wf lemma="." pos="X">.</wf>
      </sentence>
      <sentence id="d000.s871" source="wordnet-croatian">
         <wf lemma="Uvijek" pos="X">Uvijek</wf>
         <wf lemma="se" pos="X">se</wf>
         <wf lemma="bojao" pos="X">bojao</wf>
         <wf lemma="da" pos="X">da</wf>
         <wf lemma="će" pos="X">će</wf>
         <wf lemma="mu" pos="X">mu</wf>
         <wf lemma="nestašan" pos="X">nestašan</wf>
         <wf lemma="mačak" pos="X">mačak</wf>
         <wf lemma="završiti" pos="X">završiti</wf>
         <wf lemma="pod" pos="X">pod</wf>
         <instance id="d000.s871.t000" lemma="kotač" pos="NOUN">kotačima</instance>
         <wf lemma="auta" pos="X">auta</wf>
         <wf lemma="." pos="X">.</wf>
      </sentence>
      <sentence id="d000.s872" source="wordnet-croatian">
         <wf lemma="Bio" pos="X">Bio</wf>
         <wf lemma="je" pos="X">je</wf>
         <instance id="d000.s872.t000" lemma="hladan" pos="ADJ">hladan</instance>
         <wf lemma="," pos="X">,</wf>
         <wf lemma="nikad" pos="X">nikad</wf>
         <wf lemma="nije" pos="X">nije</wf>
         <wf lemma="pokazivao" pos="X">pokazivao</wf>
         <wf lemma="osjećaje" pos="X">osjećaje</wf>
         <wf lemma="." pos="X">.</wf>
      </sentence>
      <sentence id="d000.s873" source="wordnet-croatian">
         <wf lemma="Slavko" pos="X">Slavko</wf>
         <wf lemma="je" pos="X">je</wf>
         <instance id="d000.s873.t000" lemma="shvatiti" pos="VERB">shvatio</instance>
         <wf lemma="predavanje" pos="X">predavanje</wf>
         <wf lemma="različito" pos="X">različito</wf>
         <wf lemma="od" pos="X">od</wf>
         <wf lemma="Mirka" pos="X">Mirka</wf>
         <wf lemma="." pos="X">.</wf>
      </sentence>
      <sentence id="d000.s874" source="wordnet-croatian">
         <wf lemma="Pri" pos="X">Pri</wf>
         <wf lemma="iskopavanju" pos="X">iskopavanju</wf>
         <wf lemma="tla" pos="X">tla</wf>
         <wf lemma="radnici" pos="X">radnici</wf>
         <wf lemma="su" pos="X">su</wf>
         <wf lemma="otkrili" pos="X">otkrili</wf>
         <wf lemma="tanki" pos="X">tanki</wf>
         <wf lemma="sloj" pos="X">sloj</wf>
         <instance id="d000.s874.t000" lemma="halkopirit" pos="NOUN">halkopirita</instance>
         <wf lemma="." pos="X">.</wf>
      </sentence>
      <sentence id="d000.s875" source="wordnet-croatian">
         <wf lemma="Sustav" pos="X">Sustav</wf>
         <wf lemma="za" pos="X">za</wf>
         <instance id="d000.s875.t000" lemma="grijanje" pos="NOUN">grijanje</instance>
         <wf lemma="ove" pos="X">ove</wf>
         <wf lemma="zime" pos="X">zime</wf>
         <wf lemma="nije" pos="X">nije</wf>
         <wf lemma="radio" pos="X">radio</wf>
         <wf lemma="zbog" pos="X">zbog</wf>
         <wf lemma="nedostatka" pos="X">nedostatka</wf>
         <wf lemma="plina" pos="X">plina</wf>
         <wf lemma="." pos="X">.</wf>
      </sentence>
      <sentence id="d000.s876" source="wordnet-croatian">
         <wf lemma="Mnoge" pos="X">Mnoge</wf>
         <wf lemma="zemlje" pos="X">zemlje</wf>
         <wf lemma="nemaju" pos="X">nemaju</wf>
         <wf lemma="ugovor" pos="X">ugovor</wf>
         <wf lemma="o" pos="X">o</wf>
         <wf lemma="izručenju" pos="X">izručenju</wf>
         <wf lemma="hrvatskih" pos="X">hrvatskih</wf>
         <instance id="d000.s876.t000" lemma="državljanin" pos="NOUN">državljana</instance>
         <wf lemma="." pos="X">.</wf>
      </sentence>
      <sentence id="d000.s877" source="wordnet-croatian">
         <wf lemma="Svako" pos="X">Svako</wf>
         <wf lemma="je" pos="X">je</wf>
         <wf lemma="jutro" pos="X">jutro</wf>
         <wf lemma="barem" pos="X">barem</wf>
         <wf lemma="pola" pos="X">pola</wf>
         <wf lemma="sata" pos="X">sata</wf>
         <wf lemma="plivao" pos="X">plivao</wf>
         <wf lemma="u" pos="X">u</wf>
         <instance id="d000.s877.t000" lemma="bazen" pos="NOUN">bazenu</instance>
         <wf lemma="." pos="X">.</wf>
      </sentence>
      <sentence id="d000.s878" source="wordnet-croatian">
         <wf lemma="Nije" pos="X">Nije</wf>
         <wf lemma="na" pos="X">na</wf>
         <wf lemma="vrijeme" pos="X">vrijeme</wf>
         <wf lemma="primijetio" pos="X">primijetio</wf>
         <instance id="d000.s878.t000" lemma="oznaka" pos="NOUN">oznaku</instance>
         <wf lemma="opasnosti" pos="X">opasnosti</wf>
         <wf lemma="od" pos="X">od</wf>
         <wf lemma="napona" pos="X">napona</wf>
         <wf lemma="." pos="X">.</wf>
      </sentence>
      <sentence id="d000.s879" source="wordnet-croatian">
         <instance id="d000.s879.t000" lemma="štovatelj" pos="NOUN">Štovatelji</instance>
         <wf lemma="učenja" pos="X">učenja</wf>
         <wf lemma="Sai" pos="X">Sai</wf>
         <wf lemma="Babe" pos="X">Babe</wf>
         <wf lemma="oplakivali" pos="X">oplakivali</wf>
         <wf lemma="su" pos="X">su</wf>
         <wf lemma="njegovu" pos="X">njegovu</wf>
         <wf lemma="smrt" pos="X">smrt</wf>
         <wf lemma="." pos="X">.</wf>
      </sentence>
      <sentence id="d000.s880" source="wordnet-croatian">
         <wf lemma="Gomila" pos="X">Gomila</wf>
         <wf lemma="se" pos="X">se</wf>
         <wf lemma="smijala" pos="X">smijala</wf>
         <instance id="d000.s880.t000" lemma="apsurdnost" pos="NOUN">apsurdnosti</instance>
         <wf lemma="klaunova" pos="X">klaunova</wf>
         <wf lemma="ponašanja" pos="X">ponašanja</wf>
         <wf lemma="." pos="X">.</wf>
      </sentence>
      <sentence id="d000.s881" source="wordnet-croatian">
         <wf lemma="U" pos="X">U</wf>
         <wf lemma="vinarijama" pos="X">vinarijama</wf>
         <wf lemma="je" pos="X">je</wf>
         <wf lemma="uvijek" pos="X">uvijek</wf>
         <wf lemma="moguća" pos="X">moguća</wf>
         <instance id="d000.s881.t000" lemma="degustacija" pos="NOUN">degustacija</instance>
         <wf lemma="vina" pos="X">vina</wf>
         <wf lemma="." pos="X">.</wf>
      </sentence>
      <sentence id="d000.s882" source="wordnet-croatian">
         <instance id="d000.s882.t000" lemma="nasilje" pos="NOUN">Nasilje</instance>
         <wf lemma="u" pos="X">u</wf>
         <wf lemma="školama" pos="X">školama</wf>
         <wf lemma="se" pos="X">se</wf>
         <wf lemma="smanjilo" pos="X">smanjilo</wf>
         <wf lemma="." pos="X">.</wf>
      </sentence>
      <sentence id="d000.s883" source="wordnet-croatian">
         <wf lemma="Teške" pos="X">Teške</wf>
         <instance id="d000.s883.t000" lemma="briga" pos="NOUN">brige</instance>
         <wf lemma="ostavile" pos="X">ostavile</wf>
         <wf lemma="su" pos="X">su</wf>
         <wf lemma="traga" pos="X">traga</wf>
         <wf lemma="na" pos="X">na</wf>
         <wf lemma="njegovom" pos="X">njegovom</wf>
         <wf lemma="licu" pos="X">licu</wf>
         <wf lemma="." pos="X">.</wf>
      </sentence>
      <sentence id="d000.s884" source="wordnet-croatian">
         <instance id="d000.s884.t000" lemma="počešljati" pos="VERB">Počešljaj</instance>
         <wf lemma="kosu" pos="X">kosu</wf>
         <wf lemma="prije" pos="X">prije</wf>
         <wf lemma="odlaska" pos="X">odlaska</wf>
         <wf lemma="u" pos="X">u</wf>
         <wf lemma="kazalište" pos="X">kazalište</wf>
         <wf lemma="." pos="X">.</wf>
      </sentence>
      <sentence id="d000.s885" source="wordnet-croatian">
         <wf lemma="Isplela" pos="X">Isplela</wf>
         <wf lemma="je" pos="X">je</wf>
         <wf lemma="vestu" pos="X">vestu</wf>
         <wf lemma="s" pos="X">s</wf>
         <instance id="d000.s885.t000" lemma="pruga" pos="NOUN">prugama</instance>
         <wf lemma="raznih" pos="X">raznih</wf>
         <wf lemma="boja" pos="X">boja</wf>
         <wf lemma="." pos="X">.</wf>
      </sentence>
      <sentence id="d000.s886" source="wordnet-croatian">
         <wf lemma="Ne" pos="X">Ne</wf>
         <wf lemma="poznajem" pos="X">poznajem</wf>
         <wf lemma="ni" pos="X">ni</wf>
         <wf lemma="jednoga" pos="X">jednoga</wf>
         <instance id="d000.s886.t000" lemma="poligamist" pos="NOUN">poligamista</instance>
         <wf lemma="." pos="X">.</wf>
      </sentence>
      <sentence id="d000.s887" source="wordnet-croatian">
         <wf lemma="Elegantno" pos="X">Elegantno</wf>
         <wf lemma="je" pos="X">je</wf>
         <wf lemma="prinijela" pos="X">prinijela</wf>
         <instance id="d000.s887.t000" lemma="cigaršpic" pos="NOUN">cigaršpic</instance>
         <wf lemma="ustima" pos="X">ustima</wf>
         <wf lemma="i" pos="X">i</wf>
         <wf lemma="povukla" pos="X">povukla</wf>
         <wf lemma="dim" pos="X">dim</wf>
         <wf lemma="." pos="X">.</wf>
      </sentence>
      <sentence id="d000.s888" source="wordnet-croatian">
         <wf lemma="Svako" pos="X">Svako</wf>
         <wf lemma="me" pos="X">me</wf>
         <wf lemma="jutro" pos="X">jutro</wf>
         <wf lemma="u" pos="X">u</wf>
         <wf lemma="zgradi" pos="X">zgradi</wf>
         <wf lemma="dočeka" pos="X">dočeka</wf>
         <instance id="d000.s888.t000" lemma="prljav" pos="ADJ">prljav</instance>
         <wf lemma="hodnik" pos="X">hodnik</wf>
         <wf lemma="." pos="X">.</wf>
      </sentence>
      <sentence id="d000.s889" source="wordnet-croatian">
         <wf lemma="Zaboravio" pos="X">Zaboravio</wf>
         <wf lemma="mu" pos="X">mu</wf>
         <wf lemma="je" pos="X">je</wf>
         <wf lemma="prenijeti" pos="X">prenijeti</wf>
         <instance id="d000.s889.t000" lemma="poruka" pos="NOUN">poruku</instance>
         <wf lemma="profesora" pos="X">profesora</wf>
         <wf lemma="." pos="X">.</wf>
      </sentence>
      <sentence id="d000.s890" source="wordnet-croatian">
         <wf lemma="Kina" pos="X">Kina</wf>
         <wf lemma="je" pos="X">je</wf>
         <wf lemma="poznata" pos="X">poznata</wf>
         <wf lemma="po" pos="X">po</wf>
         <wf lemma="velikim" pos="X">velikim</wf>
         <wf lemma="nasadima" pos="X">nasadima</wf>
         <wf lemma="biljke" pos="X">biljke</wf>
         <instance id="d000.s890.t000" lemma="slanutak" pos="NOUN">slanutka</instance>
         <wf lemma="." pos="X">.</wf>
      </sentence>
      <sentence id="d000.s891" source="wordnet-croatian">
         <instance id="d000.s891.t000" lemma="zaklati" pos="VERB">Zaklali</instance>
         <wf lemma="su" pos="X">su</wf>
         <wf lemma="jučer" pos="X">jučer</wf>
         <wf lemma="najdebljeg" pos="X">najdebljeg</wf>
         <wf lemma="prasca" pos="X">prasca</wf>
         <wf lemma="." pos="X">.</wf>
      </sentence>
      <sentence id="d000.s892" source="wordnet-croatian">
         <instance id="d000.s892.t000" lemma="paljenje" pos="NOUN">Paljenje</instance>
         <wf lemma="sijena" pos="X">sijena</wf>
         <wf lemma="može" pos="X">može</wf>
         <wf lemma="uzrokovati" pos="X">uzrokovati</wf>
         <wf lemma="požare" pos="X">požare</wf>
         <wf lemma="." pos="X">.</wf>
      </sentence>
      <sentence id="d000.s893" source="wordnet-croatian">
         <wf lemma="Filozofski" pos="X">Filozofski</wf>
         <wf lemma="fakultet" pos="X">fakultet</wf>
         <wf lemma="jedna" pos="X">jedna</wf>
         <wf lemma="je" pos="X">je</wf>
         <wf lemma="od" pos="X">od</wf>
         <instance id="d000.s893.t000" lemma="sastavnica" pos="NOUN">sastavnica</instance>
         <wf lemma="Sveučilišta" pos="X">Sveučilišta</wf>
         <wf lemma="u" pos="X">u</wf>
         <wf lemma="Zagrebu" pos="X">Zagrebu</wf>
         <wf lemma="." pos="X">.</wf>
      </sentence>
      <sentence id="d000.s894" source="wordnet-croatian">
         <wf lemma="Falanga" pos="X">Falanga</wf>
         <wf lemma="je" pos="X">je</wf>
         <wf lemma="stara" pos="X">stara</wf>
         <wf lemma="vojna" pos="X">vojna</wf>
         <instance id="d000.s894.t000" lemma="formacija" pos="NOUN">formacija</instance>
         <wf lemma="." pos="X">.</wf>
      </sentence>
      <sentence id="d000.s895" source="wordnet-croatian">
         <wf lemma="Nikad" pos="X">Nikad</wf>
         <wf lemma="nisam" pos="X">nisam</wf>
         <wf lemma="upoznao" pos="X">upoznao</wf>
         <wf lemma="svojega" pos="X">svojega</wf>
         <wf lemma="starijeg" pos="X">starijeg</wf>
         <instance id="d000.s895.t000" lemma="polubrat" pos="NOUN">polubrata</instance>
         <wf lemma="." pos="X">.</wf>
      </sentence>
      <sentence id="d000.s896" source="wordnet-croatian">
         <wf lemma="Ugovor" pos="X">Ugovor</wf>
         <wf lemma="je" pos="X">je</wf>
         <wf lemma="imao" pos="X">imao</wf>
         <wf lemma="nekoliko" pos="X">nekoliko</wf>
         <instance id="d000.s896.t000" lemma="točka" pos="NOUN">točaka</instance>
         <wf lemma="." pos="X">.</wf>
      </sentence>
      <sentence id="d000.s897" source="wordnet-croatian">
         <wf lemma="Glavni" pos="X">Glavni</wf>
         <wf lemma="oblik" pos="X">oblik</wf>
         <instance id="d000.s897.t000" lemma="eskapizam" pos="NOUN">eskapizma</instance>
         <wf lemma="u" pos="X">u</wf>
         <wf lemma="19." pos="X">19.</wf>
         <wf lemma="stoljeću" pos="X">stoljeću</wf>
         <wf lemma="bio" pos="X">bio</wf>
         <wf lemma="je" pos="X">je</wf>
         <wf lemma="čitanje" pos="X">čitanje</wf>
         <wf lemma="romantičnih" pos="X">romantičnih</wf>
         <wf lemma="romana" pos="X">romana</wf>
         <wf lemma="." pos="X">.</wf>
      </sentence>
      <sentence id="d000.s898" source="wordnet-croatian">
         <instance id="d000.s898.t000" lemma="gljiva" pos="NOUN">Gljive</instance>
         <wf lemma="sam" pos="X">sam</wf>
         <wf lemma="počela" pos="X">počela</wf>
         <wf lemma="jesti" pos="X">jesti</wf>
         <wf lemma="nedavno" pos="X">nedavno</wf>
         <wf lemma="i" pos="X">i</wf>
         <wf lemma="sada" pos="X">sada</wf>
         <wf lemma="ih" pos="X">ih</wf>
         <wf lemma="koristim" pos="X">koristim</wf>
         <wf lemma="u" pos="X">u</wf>
         <wf lemma="svakome" pos="X">svakome</wf>
         <wf lemma="jelu" pos="X">jelu</wf>
         <wf lemma="." pos="X">.</wf>
      </sentence>
      <sentence id="d000.s899" source="wordnet-croatian">
         <instance id="d000.s899.t000" lemma="start" pos="NOUN">Start</instance>
         <wf lemma="utrke" pos="X">utrke</wf>
         <wf lemma="jest" pos="X">jest</wf>
         <wf lemma="točno" pos="X">točno</wf>
         <wf lemma="u" pos="X">u</wf>
         <wf lemma="podne" pos="X">podne</wf>
         <wf lemma="." pos="X">.</wf>
      </sentence>
      <sentence id="d000.s900" source="wordnet-croatian">
         <instance id="d000.s900.t000" lemma="raditi" pos="VERB">Radila</instance>
         <wf lemma="je" pos="X">je</wf>
         <wf lemma="kao" pos="X">kao</wf>
         <wf lemma="liječnica" pos="X">liječnica</wf>
         <wf lemma="opće" pos="X">opće</wf>
         <wf lemma="medicine" pos="X">medicine</wf>
         <wf lemma="." pos="X">.</wf>
      </sentence>
      <sentence id="d000.s901" source="wordnet-croatian">
         <wf lemma="Poznati" pos="X">Poznati</wf>
         <wf lemma="je" pos="X">je</wf>
         <wf lemma="umjetnik" pos="X">umjetnik</wf>
         <instance id="d000.s901.t000" lemma="izložiti" pos="VERB">izložio</instance>
         <wf lemma="svoja" pos="X">svoja</wf>
         <wf lemma="djela" pos="X">djela</wf>
         <wf lemma="na" pos="X">na</wf>
         <wf lemma="ulici" pos="X">ulici</wf>
         <wf lemma="." pos="X">.</wf>
      </sentence>
      <sentence id="d000.s902" source="wordnet-croatian">
         <wf lemma="Iz" pos="X">Iz</wf>
         <instance id="d000.s902.t000" lemma="arterija" pos="NOUN">arterije</instance>
         <wf lemma="je" pos="X">je</wf>
         <wf lemma="šikljala" pos="X">šikljala</wf>
         <wf lemma="krv." pos="X">krv.</wf>
      </sentence>
      <sentence id="d000.s903" source="wordnet-croatian">
         <wf lemma="Nemoj" pos="X">Nemoj</wf>
         <wf lemma="ići" pos="X">ići</wf>
         <wf lemma="u" pos="X">u</wf>
         <instance id="d000.s903.t000" lemma="jazbina" pos="NOUN">jazbinu</instance>
         <wf lemma="lopova" pos="X">lopova</wf>
         <wf lemma="!" pos="X">!</wf>
      </sentence>
      <sentence id="d000.s904" source="wordnet-croatian">
         <wf lemma="Prema" pos="X">Prema</wf>
         <wf lemma="mojem" pos="X">mojem</wf>
         <wf lemma="osobnom" pos="X">osobnom</wf>
         <wf lemma="mišljenju" pos="X">mišljenju</wf>
         <wf lemma="," pos="X">,</wf>
         <instance id="d000.s904.t000" lemma="smatrati" pos="VERB">smatram</instance>
         <wf lemma="da" pos="X">da</wf>
         <wf lemma="niste" pos="X">niste</wf>
         <wf lemma="primjeren" pos="X">primjeren</wf>
         <wf lemma="kandidat" pos="X">kandidat</wf>
         <wf lemma="za" pos="X">za</wf>
         <wf lemma="ovo" pos="X">ovo</wf>
         <wf lemma="radno" pos="X">radno</wf>
         <wf lemma="mjesto" pos="X">mjesto</wf>
         <wf lemma="." pos="X">.</wf>
      </sentence>
      <sentence id="d000.s905" source="wordnet-croatian">
         <wf lemma="Osiguravajuće" pos="X">Osiguravajuće</wf>
         <wf lemma="društvo" pos="X">društvo</wf>
         <wf lemma="je" pos="X">je</wf>
         <instance id="d000.s905.t000" lemma="namiriti" pos="VERB">namirilo</instance>
         <wf lemma="sva" pos="X">sva</wf>
         <wf lemma="svoja" pos="X">svoja</wf>
         <wf lemma="dugovanja" pos="X">dugovanja</wf>
         <wf lemma="prema" pos="X">prema</wf>
         <wf lemma="klijentima" pos="X">klijentima</wf>
         <wf lemma="." pos="X">.</wf>
      </sentence>
      <sentence id="d000.s906" source="wordnet-croatian">
         <wf lemma="Njegova" pos="X">Njegova</wf>
         <wf lemma="je" pos="X">je</wf>
         <wf lemma="žena" pos="X">žena</wf>
         <instance id="d000.s906.t000" lemma="raditi" pos="VERB">radila</instance>
         <wf lemma="kao" pos="X">kao</wf>
         <wf lemma="njegova" pos="X">njegova</wf>
         <wf lemma="osobna" pos="X">osobna</wf>
         <wf lemma="tajnica" pos="X">tajnica</wf>
         <wf lemma="." pos="X">.</wf>
      </sentence>
      <sentence id="d000.s907" source="wordnet-croatian">
         <wf lemma="Klub" pos="X">Klub</wf>
         <wf lemma="iz" pos="X">iz</wf>
         <wf lemma="treće" pos="X">treće</wf>
         <wf lemma="lige" pos="X">lige</wf>
         <wf lemma="pokazao" pos="X">pokazao</wf>
         <wf lemma="se" pos="X">se</wf>
         <wf lemma="dostojnim" pos="X">dostojnim</wf>
         <instance id="d000.s907.t000" lemma="suparnik" pos="NOUN">suparnikom</instance>
         <wf lemma="." pos="X">.</wf>
      </sentence>
      <sentence id="d000.s908" source="wordnet-croatian">
         <wf lemma="U" pos="X">U</wf>
         <wf lemma="njihovoj" pos="X">njihovoj</wf>
         <wf lemma="obitelji" pos="X">obitelji</wf>
         <wf lemma="jedino" pos="X">jedino</wf>
         <wf lemma="otac" pos="X">otac</wf>
         <wf lemma="nešto" pos="X">nešto</wf>
         <instance id="d000.s908.t000" lemma="privređivati" pos="VERB">privređuje</instance>
         <wf lemma="." pos="X">.</wf>
      </sentence>
      <sentence id="d000.s909" source="wordnet-croatian">
         <wf lemma="Loša" pos="X">Loša</wf>
         <instance id="d000.s909.t000" lemma="kvaliteta" pos="NOUN">kvaliteta</instance>
         <wf lemma="hrane" pos="X">hrane</wf>
         <wf lemma="prouzročila" pos="X">prouzročila</wf>
         <wf lemma="je" pos="X">je</wf>
         <wf lemma="velike" pos="X">velike</wf>
         <wf lemma="probleme" pos="X">probleme</wf>
         <wf lemma="vlasniku" pos="X">vlasniku</wf>
         <wf lemma="poznate" pos="X">poznate</wf>
         <wf lemma="zalogajnice" pos="X">zalogajnice</wf>
         <wf lemma="&quot;" pos="X">&quot;</wf>
         <wf lemma="Kod" pos="X">Kod</wf>
         <wf lemma="Trovača" pos="X">Trovača</wf>
         <wf lemma="&quot;" pos="X">&quot;</wf>
         <wf lemma="." pos="X">.</wf>
      </sentence>
      <sentence id="d000.s910" source="wordnet-croatian">
         <wf lemma="Ona" pos="X">Ona</wf>
         <wf lemma="je" pos="X">je</wf>
         <wf lemma="potpuno" pos="X">potpuno</wf>
         <instance id="d000.s910.t000" lemma="beskoristan" pos="ADJ">beskorisna</instance>
         <wf lemma="u" pos="X">u</wf>
         <wf lemma="hitnim" pos="X">hitnim</wf>
         <wf lemma="slučajevima" pos="X">slučajevima</wf>
         <wf lemma="." pos="X">.</wf>
      </sentence>
      <sentence id="d000.s911" source="wordnet-croatian">
         <wf lemma="Njezino" pos="X">Njezino</wf>
         <wf lemma="je" pos="X">je</wf>
         <wf lemma="ponašanje" pos="X">ponašanje</wf>
         <instance id="d000.s911.t000" lemma="znak" pos="NOUN">znak</instance>
         <wf lemma="da" pos="X">da</wf>
         <wf lemma="nešto" pos="X">nešto</wf>
         <wf lemma="nije" pos="X">nije</wf>
         <wf lemma="u" pos="X">u</wf>
         <wf lemma="redu" pos="X">redu</wf>
         <wf lemma="." pos="X">.</wf>
      </sentence>
      <sentence id="d000.s912" source="wordnet-croatian">
         <wf lemma="Netko" pos="X">Netko</wf>
         <wf lemma="ga" pos="X">ga</wf>
         <wf lemma="je" pos="X">je</wf>
         <wf lemma="potegnuo" pos="X">potegnuo</wf>
         <wf lemma="za" pos="X">za</wf>
         <instance id="d000.s912.t000" lemma="rukav" pos="NOUN">rukav</instance>
         <wf lemma="i" pos="X">i</wf>
         <wf lemma="on" pos="X">on</wf>
         <wf lemma="se" pos="X">se</wf>
         <wf lemma="zaustavio" pos="X">zaustavio</wf>
         <wf lemma="." pos="X">.</wf>
      </sentence>
      <sentence id="d000.s913" source="wordnet-croatian">
         <wf lemma="Pao" pos="X">Pao</wf>
         <wf lemma="joj" pos="X">joj</wf>
         <wf lemma="je" pos="X">je</wf>
         <wf lemma="okvir" pos="X">okvir</wf>
         <wf lemma="za" pos="X">za</wf>
         <wf lemma="slike" pos="X">slike</wf>
         <wf lemma="iz" pos="X">iz</wf>
         <wf lemma="ruke" pos="X">ruke</wf>
         <wf lemma="i" pos="X">i</wf>
         <instance id="d000.s913.t000" lemma="staklo" pos="NOUN">staklo</instance>
         <wf lemma="se" pos="X">se</wf>
         <wf lemma="razbilo" pos="X">razbilo</wf>
         <wf lemma="u" pos="X">u</wf>
         <wf lemma="tisuću" pos="X">tisuću</wf>
         <wf lemma="komadića" pos="X">komadića</wf>
         <wf lemma="." pos="X">.</wf>
      </sentence>
      <sentence id="d000.s914" source="wordnet-croatian">
         <wf lemma="Prijedlog" pos="X">Prijedlog</wf>
         <wf lemma="je" pos="X">je</wf>
         <wf lemma="naišao" pos="X">naišao</wf>
         <wf lemma="na" pos="X">na</wf>
         <instance id="d000.s914.t000" lemma="neodobravanje" pos="NOUN">neodobravanje</instance>
         <wf lemma="u" pos="X">u</wf>
         <wf lemma="Saboru" pos="X">Saboru</wf>
         <wf lemma="." pos="X">.</wf>
      </sentence>
      <sentence id="d000.s915" source="wordnet-croatian">
         <wf lemma="Nemoj" pos="X">Nemoj</wf>
         <wf lemma="gurati" pos="X">gurati</wf>
         <instance id="d000.s915.t000" lemma="glava" pos="NOUN">glavu</instance>
         <wf lemma="kroz" pos="X">kroz</wf>
         <wf lemma="prozor" pos="X">prozor</wf>
         <wf lemma="jurećeg" pos="X">jurećeg</wf>
         <wf lemma="vlaka" pos="X">vlaka</wf>
         <wf lemma="!" pos="X">!</wf>
      </sentence>
      <sentence id="d000.s916" source="wordnet-croatian">
         <instance id="d000.s916.t000" lemma="snaga" pos="NOUN">Snage</instance>
         <wf lemma="zla" pos="X">zla</wf>
         <wf lemma="nikada" pos="X">nikada</wf>
         <wf lemma="neće" pos="X">neće</wf>
         <wf lemma="pobijediti" pos="X">pobijediti</wf>
         <wf lemma="!" pos="X">!</wf>
      </sentence>
      <sentence id="d000.s917" source="wordnet-croatian">
         <wf lemma="Neodgovorni" pos="X">Neodgovorni</wf>
         <wf lemma="pojedinci" pos="X">pojedinci</wf>
         <instance id="d000.s917.t000" lemma="proširivati" pos="VERB">proširuju</instance>
         <wf lemma="ilegalna" pos="X">ilegalna</wf>
         <wf lemma="odlagališta" pos="X">odlagališta</wf>
         <wf lemma="otpada" pos="X">otpada</wf>
         <wf lemma="." pos="X">.</wf>
      </sentence>
      <sentence id="d000.s918" source="wordnet-croatian">
         <wf lemma="On" pos="X">On</wf>
         <instance id="d000.s918.t000" lemma="voziti" pos="VERB">vozi</instance>
         <wf lemma="bicikl" pos="X">bicikl</wf>
         <wf lemma="." pos="X">.</wf>
      </sentence>
      <sentence id="d000.s919" source="wordnet-croatian">
         <instance id="d000.s919.t000" lemma="istraživanje" pos="NOUN">Istraživanje</instance>
         <wf lemma="o" pos="X">o</wf>
         <wf lemma="utjecaju" pos="X">utjecaju</wf>
         <wf lemma="ispušnih" pos="X">ispušnih</wf>
         <wf lemma="plinova" pos="X">plinova</wf>
         <wf lemma="na" pos="X">na</wf>
         <wf lemma="globalno" pos="X">globalno</wf>
         <wf lemma="zatopljenje" pos="X">zatopljenje</wf>
         <wf lemma="nije" pos="X">nije</wf>
         <wf lemma="donijelo" pos="X">donijelo</wf>
         <wf lemma="nove" pos="X">nove</wf>
         <wf lemma="spoznaje" pos="X">spoznaje</wf>
         <wf lemma="." pos="X">.</wf>
      </sentence>
      <sentence id="d000.s920" source="wordnet-croatian">
         <instance id="d000.s920.t000" lemma="odbiti" pos="VERB">Odbila</instance>
         <wf lemma="je" pos="X">je</wf>
         <wf lemma="pomiriti" pos="X">pomiriti</wf>
         <wf lemma="se" pos="X">se</wf>
         <wf lemma="s" pos="X">s</wf>
         <wf lemma="njom" pos="X">njom</wf>
         <wf lemma="." pos="X">.</wf>
      </sentence>
      <sentence id="d000.s921" source="wordnet-croatian">
         <wf lemma="Oni" pos="X">Oni</wf>
         <wf lemma="me" pos="X">me</wf>
         <instance id="d000.s921.t000" lemma="prisiljavati" pos="VERB">prisiljavaju</instance>
         <wf lemma="na" pos="X">na</wf>
         <wf lemma="skakanje" pos="X">skakanje</wf>
         <wf lemma="padobranom" pos="X">padobranom</wf>
         <wf lemma="." pos="X">.</wf>
      </sentence>
      <sentence id="d000.s922" source="wordnet-croatian">
         <wf lemma="Tvoj" pos="X">Tvoj</wf>
         <wf lemma="komentar" pos="X">komentar</wf>
         <instance id="d000.s922.t000" lemma="pobuditi" pos="VERB">pobudio</instance>
         <wf lemma="je" pos="X">je</wf>
         <wf lemma="osjećaj" pos="X">osjećaj</wf>
         <wf lemma="ushita" pos="X">ushita</wf>
         <wf lemma="i" pos="X">i</wf>
         <wf lemma="oduševljenja" pos="X">oduševljenja</wf>
         <wf lemma="u" pos="X">u</wf>
         <wf lemma="mojoj" pos="X">mojoj</wf>
         <wf lemma="izmučenoj" pos="X">izmučenoj</wf>
         <wf lemma="duši" pos="X">duši</wf>
         <wf lemma="." pos="X">.</wf>
      </sentence>
      <sentence id="d000.s923" source="wordnet-croatian">
         <wf lemma="Moja" pos="X">Moja</wf>
         <wf lemma="žena" pos="X">žena</wf>
         <wf lemma="ima" pos="X">ima</wf>
         <wf lemma="veliku" pos="X">veliku</wf>
         <instance id="d000.s923.t000" lemma="tolerancija" pos="NOUN">toleranciju</instance>
         <wf lemma="za" pos="X">za</wf>
         <wf lemma="moje" pos="X">moje</wf>
         <wf lemma="ljubavne" pos="X">ljubavne</wf>
         <wf lemma="eskapade" pos="X">eskapade</wf>
         <wf lemma="." pos="X">.</wf>
      </sentence>
      <sentence id="d000.s924" source="wordnet-croatian">
         <wf lemma="Imam" pos="X">Imam</wf>
         <wf lemma="dva" pos="X">dva</wf>
         <instance id="d000.s924.t000" lemma="slobodan" pos="ADJ">slobodna</instance>
         <wf lemma="sata" pos="X">sata</wf>
         <wf lemma="koja" pos="X">koja</wf>
         <wf lemma="mogu" pos="X">mogu</wf>
         <wf lemma="iskoristiti" pos="X">iskoristiti</wf>
         <wf lemma="samo" pos="X">samo</wf>
         <wf lemma="za" pos="X">za</wf>
         <wf lemma="sebe" pos="X">sebe</wf>
         <wf lemma="." pos="X">.</wf>
      </sentence>
      <sentence id="d000.s925" source="wordnet-croatian">
         <wf lemma="Za" pos="X">Za</wf>
         <wf lemma="sav" pos="X">sav</wf>
         <wf lemma="ovaj" pos="X">ovaj</wf>
         <wf lemma="trud" pos="X">trud</wf>
         <wf lemma="nećemo" pos="X">nećemo</wf>
         <wf lemma="dobiti" pos="X">dobiti</wf>
         <instance id="d000.s925.t000" lemma="ništa" pos="NOUN">ništa</instance>
         <wf lemma="." pos="X">.</wf>
      </sentence>
      <sentence id="d000.s926" source="wordnet-croatian">
         <instance id="d000.s926.t000" lemma="empatija" pos="NOUN">Empatija</instance>
         <wf lemma="je" pos="X">je</wf>
         <wf lemma="vrlo" pos="X">vrlo</wf>
         <wf lemma="plemenit" pos="X">plemenit</wf>
         <wf lemma="i" pos="X">i</wf>
         <wf lemma="iskren" pos="X">iskren</wf>
         <wf lemma="osjećaj" pos="X">osjećaj</wf>
         <wf lemma="." pos="X">.</wf>
      </sentence>
      <sentence id="d000.s927" source="wordnet-croatian">
         <wf lemma="Zbog" pos="X">Zbog</wf>
         <wf lemma="razmjera" pos="X">razmjera</wf>
         <wf lemma="svađe" pos="X">svađe</wf>
         <wf lemma="u" pos="X">u</wf>
         <wf lemma="kućanstvu" pos="X">kućanstvu</wf>
         <wf lemma="bila" pos="X">bila</wf>
         <wf lemma="je" pos="X">je</wf>
         <wf lemma="potrebna" pos="X">potrebna</wf>
         <instance id="d000.s927.t000" lemma="intervencija" pos="NOUN">intervencija</instance>
         <wf lemma="policije" pos="X">policije</wf>
         <wf lemma="." pos="X">.</wf>
      </sentence>
      <sentence id="d000.s928" source="wordnet-croatian">
         <wf lemma="Naučio" pos="X">Naučio</wf>
         <wf lemma="je" pos="X">je</wf>
         <instance id="d000.s928.t000" lemma="trpjeti" pos="VERB">trpjeti</instance>
         <wf lemma="hladnoću" pos="X">hladnoću</wf>
         <wf lemma="." pos="X">.</wf>
      </sentence>
      <sentence id="d000.s929" source="wordnet-croatian">
         <wf lemma="Mirko" pos="X">Mirko</wf>
         <wf lemma="je" pos="X">je</wf>
         <wf lemma="bespogovorno" pos="X">bespogovorno</wf>
         <instance id="d000.s929.t000" lemma="ispunjavati" pos="VERB">ispunjavao</instance>
         <wf lemma="svaki" pos="X">svaki</wf>
         <wf lemma="zadatak" pos="X">zadatak</wf>
         <wf lemma="." pos="X">.</wf>
      </sentence>
      <sentence id="d000.s930" source="wordnet-croatian">
         <wf lemma="Još" pos="X">Još</wf>
         <wf lemma="uvijek" pos="X">uvijek</wf>
         <wf lemma="vrijedi" pos="X">vrijedi</wf>
         <wf lemma="ona" pos="X">ona</wf>
         <wf lemma="stara" pos="X">stara</wf>
         <wf lemma=":" pos="X">:</wf>
         <wf lemma="'" pos="X">'</wf>
         <wf lemma="'" pos="X">'</wf>
         <wf lemma="čiji" pos="X">čiji</wf>
         <wf lemma="novac" pos="X">novac</wf>
         <wf lemma="," pos="X">,</wf>
         <wf lemma="njegova" pos="X">njegova</wf>
         <wf lemma="i" pos="X">i</wf>
         <instance id="d000.s930.t000" lemma="ortodoksija" pos="NOUN">ortodoksija</instance>
         <wf lemma="'" pos="X">'</wf>
         <wf lemma="'" pos="X">'</wf>
         <wf lemma="." pos="X">.</wf>
      </sentence>
      <sentence id="d000.s931" source="wordnet-croatian">
         <wf lemma="Za" pos="X">Za</wf>
         <wf lemma="Jergovića" pos="X">Jergovića</wf>
         <wf lemma="su" pos="X">su</wf>
         <wf lemma="jako" pos="X">jako</wf>
         <wf lemma="bitne" pos="X">bitne</wf>
         <wf lemma="franjevačke" pos="X">franjevačke</wf>
         <instance id="d000.s931.t000" lemma="kronika" pos="NOUN">kronike</instance>
         <wf lemma="." pos="X">.</wf>
      </sentence>
      <sentence id="d000.s932" source="wordnet-croatian">
         <instance id="d000.s932.t000" lemma="skupina" pos="NOUN">Skupina</instance>
         <wf lemma="seljaka" pos="X">seljaka</wf>
         <wf lemma="orala" pos="X">orala</wf>
         <wf lemma="je" pos="X">je</wf>
         <wf lemma="isto" pos="X">isto</wf>
         <wf lemma="polje" pos="X">polje</wf>
         <wf lemma="." pos="X">.</wf>
      </sentence>
      <sentence id="d000.s933" source="wordnet-croatian">
         <wf lemma="Za" pos="X">Za</wf>
         <wf lemma="vrijeme" pos="X">vrijeme</wf>
         <wf lemma="migrene" pos="X">migrene</wf>
         <wf lemma="pacijenti" pos="X">pacijenti</wf>
         <wf lemma="osjećaju" pos="X">osjećaju</wf>
         <instance id="d000.s933.t000" lemma="žestok" pos="ADJ">žestoku</instance>
         <wf lemma="bol" pos="X">bol</wf>
         <wf lemma="." pos="X">.</wf>
      </sentence>
      <sentence id="d000.s934" source="wordnet-croatian">
         <wf lemma="Moj" pos="X">Moj</wf>
         <wf lemma="prijatelj" pos="X">prijatelj</wf>
         <wf lemma="svakodnevno" pos="X">svakodnevno</wf>
         <instance id="d000.s934.t000" lemma="trebati" pos="VERB">treba</instance>
         <wf lemma="velike" pos="X">velike</wf>
         <wf lemma="količine" pos="X">količine</wf>
         <wf lemma="kave" pos="X">kave</wf>
         <wf lemma="." pos="X">.</wf>
      </sentence>
      <sentence id="d000.s935" source="wordnet-croatian">
         <instance id="d000.s935.t000" lemma="ostaviti" pos="VERB">Ostavio</instance>
         <wf lemma="je" pos="X">je</wf>
         <wf lemma="šestoro" pos="X">šestoro</wf>
         <wf lemma="djece" pos="X">djece</wf>
         <wf lemma="iza" pos="X">iza</wf>
         <wf lemma="sebe" pos="X">sebe</wf>
         <wf lemma="." pos="X">.</wf>
      </sentence>
      <sentence id="d000.s936" source="wordnet-croatian">
         <wf lemma="Sada" pos="X">Sada</wf>
         <wf lemma="je" pos="X">je</wf>
         <wf lemma="točno" pos="X">točno</wf>
         <wf lemma="dvanaest" pos="X">dvanaest</wf>
         <instance id="d000.s936.t000" lemma="sat" pos="NOUN">sati</instance>
         <wf lemma="." pos="X">.</wf>
      </sentence>
      <sentence id="d000.s937" source="wordnet-croatian">
         <wf lemma="Nikada" pos="X">Nikada</wf>
         <wf lemma="nemojte" pos="X">nemojte</wf>
         <wf lemma="dopustiti" pos="X">dopustiti</wf>
         <wf lemma="da" pos="X">da</wf>
         <wf lemma="vas" pos="X">vas</wf>
         <wf lemma="obuzme" pos="X">obuzme</wf>
         <instance id="d000.s937.t000" lemma="beznađe" pos="NOUN">beznađe</instance>
         <wf lemma="." pos="X">.</wf>
      </sentence>
      <sentence id="d000.s938" source="wordnet-croatian">
         <wf lemma="Isus" pos="X">Isus</wf>
         <wf lemma="nas" pos="X">nas</wf>
         <wf lemma="svojim" pos="X">svojim</wf>
         <wf lemma="djelovanjem" pos="X">djelovanjem</wf>
         <wf lemma="poziva" pos="X">poziva</wf>
         <wf lemma="na" pos="X">na</wf>
         <instance id="d000.s938.t000" lemma="ljubav" pos="NOUN">ljubav</instance>
         <wf lemma="prema" pos="X">prema</wf>
         <wf lemma="bližnjem" pos="X">bližnjem</wf>
         <wf lemma="." pos="X">.</wf>
      </sentence>
      <sentence id="d000.s939" source="wordnet-croatian">
         <wf lemma="Nalazimo" pos="X">Nalazimo</wf>
         <wf lemma="se" pos="X">se</wf>
         <wf lemma="na" pos="X">na</wf>
         <instance id="d000.s939.t000" lemma="prijelaz" pos="NOUN">prijelazu</instance>
         <wf lemma="stoljeća" pos="X">stoljeća</wf>
         <wf lemma="." pos="X">.</wf>
      </sentence>
      <sentence id="d000.s940" source="wordnet-croatian">
         <wf lemma="Listovi" pos="X">Listovi</wf>
         <wf lemma="išaranog" pos="X">išaranog</wf>
         <instance id="d000.s940.t000" lemma="papir" pos="NOUN">papira</instance>
         <wf lemma="s" pos="X">s</wf>
         <wf lemma="bilješkama" pos="X">bilješkama</wf>
         <wf lemma="prekrivali" pos="X">prekrivali</wf>
         <wf lemma="su" pos="X">su</wf>
         <wf lemma="čitavu" pos="X">čitavu</wf>
         <wf lemma="policu" pos="X">policu</wf>
         <wf lemma="za" pos="X">za</wf>
         <wf lemma="knjige" pos="X">knjige</wf>
         <wf lemma="." pos="X">.</wf>
      </sentence>
      <sentence id="d000.s941" source="wordnet-croatian">
         <wf lemma="Ovaj" pos="X">Ovaj</wf>
         <wf lemma="je" pos="X">je</wf>
         <wf lemma="komentar" pos="X">komentar</wf>
         <wf lemma="bio" pos="X">bio</wf>
         <wf lemma="potpuno" pos="X">potpuno</wf>
         <instance id="d000.s941.t000" lemma="nepotreban" pos="ADJ">nepotreban</instance>
         <wf lemma="." pos="X">.</wf>
      </sentence>
      <sentence id="d000.s942" source="wordnet-croatian">
         <instance id="d000.s942.t000" lemma="neumjesnost" pos="NOUN">Neumjesnost</instance>
         <wf lemma="tvojih" pos="X">tvojih</wf>
         <wf lemma="postupaka" pos="X">postupaka</wf>
         <wf lemma="na" pos="X">na</wf>
         <wf lemma="svadbi" pos="X">svadbi</wf>
         <wf lemma="ne" pos="X">ne</wf>
         <wf lemma="može" pos="X">može</wf>
         <wf lemma="se" pos="X">se</wf>
         <wf lemma="opravdati" pos="X">opravdati</wf>
         <wf lemma="." pos="X">.</wf>
      </sentence>
      <sentence id="d000.s943" source="wordnet-croatian">
         <wf lemma="Uvijek" pos="X">Uvijek</wf>
         <wf lemma="bi" pos="X">bi</wf>
         <wf lemma="ga" pos="X">ga</wf>
         <wf lemma="za" pos="X">za</wf>
         <wf lemma="kišnih" pos="X">kišnih</wf>
         <wf lemma="dana" pos="X">dana</wf>
         <wf lemma="obuzela" pos="X">obuzela</wf>
         <wf lemma="neobjašnjiva" pos="X">neobjašnjiva</wf>
         <instance id="d000.s943.t000" lemma="nostalgija" pos="NOUN">nostalgija</instance>
         <wf lemma="za" pos="X">za</wf>
         <wf lemma="djetinjstvom" pos="X">djetinjstvom</wf>
         <wf lemma="." pos="X">.</wf>
      </sentence>
      <sentence id="d000.s944" source="wordnet-croatian">
         <wf lemma="Rasuđivanje" pos="X">Rasuđivanje</wf>
         <wf lemma="je" pos="X">je</wf>
         <wf lemma="jedan" pos="X">jedan</wf>
         <wf lemma="od" pos="X">od</wf>
         <wf lemma="kognitivnih" pos="X">kognitivnih</wf>
         <instance id="d000.s944.t000" lemma="proces" pos="NOUN">procesa</instance>
         <wf lemma="." pos="X">.</wf>
      </sentence>
      <sentence id="d000.s945" source="wordnet-croatian">
         <wf lemma="Mirko" pos="X">Mirko</wf>
         <wf lemma="je" pos="X">je</wf>
         <wf lemma="drugom" pos="X">drugom</wf>
         <wf lemma="bataljonu" pos="X">bataljonu</wf>
         <instance id="d000.s945.t000" lemma="odaslati" pos="VERB">odaslao</instance>
         <wf lemma="naredbu" pos="X">naredbu</wf>
         <wf lemma="o" pos="X">o</wf>
         <wf lemma="frontalnom" pos="X">frontalnom</wf>
         <wf lemma="jurišu" pos="X">jurišu</wf>
         <wf lemma="u" pos="X">u</wf>
         <wf lemma="zoru" pos="X">zoru</wf>
         <wf lemma="," pos="X">,</wf>
         <wf lemma="uz" pos="X">uz</wf>
         <wf lemma="obavezni" pos="X">obavezni</wf>
         <wf lemma="urlik" pos="X">urlik</wf>
         <wf lemma=":" pos="X">:</wf>
         <wf lemma="&quot;" pos="X">&quot;</wf>
         <wf lemma="Hura" pos="X">Hura</wf>
         <wf lemma="," pos="X">,</wf>
         <wf lemma="naprijed" pos="X">naprijed</wf>
         <wf lemma="!" pos="X">!</wf>
         <wf lemma="&quot;" pos="X">&quot;</wf>
         <wf lemma="." pos="X">.</wf>
      </sentence>
      <sentence id="d000.s946" source="wordnet-croatian">
         <instance id="d000.s946.t000" lemma="kompeticija" pos="NOUN">Kompeticija</instance>
         <wf lemma="među" pos="X">među</wf>
         <wf lemma="tvrtkama" pos="X">tvrtkama</wf>
         <wf lemma="dobra" pos="X">dobra</wf>
         <wf lemma="je" pos="X">je</wf>
         <wf lemma="za" pos="X">za</wf>
         <wf lemma="razvoj" pos="X">razvoj</wf>
         <wf lemma="gospodarstva" pos="X">gospodarstva</wf>
         <wf lemma="." pos="X">.</wf>
      </sentence>
      <sentence id="d000.s947" source="wordnet-croatian">
         <wf lemma="U" pos="X">U</wf>
         <wf lemma="sljedećem" pos="X">sljedećem</wf>
         <wf lemma="je" pos="X">je</wf>
         <wf lemma="zadatku" pos="X">zadatku</wf>
         <wf lemma="potrebno" pos="X">potrebno</wf>
         <wf lemma="izračunati" pos="X">izračunati</wf>
         <wf lemma="jednadžbu" pos="X">jednadžbu</wf>
         <instance id="d000.s947.t000" lemma="hitnica" pos="NOUN">hitnice</instance>
         <wf lemma="." pos="X">.</wf>
      </sentence>
      <sentence id="d000.s948" source="wordnet-croatian">
         <wf lemma="Tvoje" pos="X">Tvoje</wf>
         <instance id="d000.s948.t000" lemma="bježanje" pos="NOUN">bježanje</instance>
         <wf lemma="iz" pos="X">iz</wf>
         <wf lemma="zatvora" pos="X">zatvora</wf>
         <wf lemma="zapravo" pos="X">zapravo</wf>
         <wf lemma="je" pos="X">je</wf>
         <wf lemma="dokaz" pos="X">dokaz</wf>
         <wf lemma="tvoje" pos="X">tvoje</wf>
         <wf lemma="krivnje" pos="X">krivnje</wf>
         <wf lemma="." pos="X">.</wf>
      </sentence>
      <sentence id="d000.s949" source="wordnet-croatian">
         <wf lemma="Nakon" pos="X">Nakon</wf>
         <wf lemma="pljačke" pos="X">pljačke</wf>
         <wf lemma="slijedi" pos="X">slijedi</wf>
         <instance id="d000.s949.t000" lemma="podjela" pos="NOUN">podjela</instance>
         <wf lemma="plijena" pos="X">plijena</wf>
         <wf lemma="." pos="X">.</wf>
      </sentence>
      <sentence id="d000.s950" source="wordnet-croatian">
         <wf lemma="Bio" pos="X">Bio</wf>
         <wf lemma="je" pos="X">je</wf>
         <wf lemma="to" pos="X">to</wf>
         <wf lemma="još" pos="X">još</wf>
         <wf lemma="jedan" pos="X">jedan</wf>
         <instance id="d000.s950.t000" lemma="uobičajen" pos="ADJ">uobičajen</instance>
         <wf lemma="dan" pos="X">dan</wf>
         <wf lemma="." pos="X">.</wf>
      </sentence>
      <sentence id="d000.s951" source="wordnet-croatian">
         <wf lemma="Župnik" pos="X">Župnik</wf>
         <wf lemma="ga" pos="X">ga</wf>
         <wf lemma="je" pos="X">je</wf>
         <wf lemma="pitao" pos="X">pitao</wf>
         <wf lemma="zašto" pos="X">zašto</wf>
         <wf lemma="ne" pos="X">ne</wf>
         <wf lemma="dolazi" pos="X">dolazi</wf>
         <wf lemma="redovito" pos="X">redovito</wf>
         <wf lemma="na" pos="X">na</wf>
         <instance id="d000.s951.t000" lemma="misa" pos="NOUN">misu</instance>
         <wf lemma="." pos="X">.</wf>
      </sentence>
      <sentence id="d000.s952" source="wordnet-croatian">
         <wf lemma="O" pos="X">O</wf>
         <wf lemma="grandioznosti" pos="X">grandioznosti</wf>
         <wf lemma="Rima" pos="X">Rima</wf>
         <instance id="d000.s952.t000" lemma="svjedočiti" pos="VERB">svjedoče</instance>
         <wf lemma="mnoge" pos="X">mnoge</wf>
         <wf lemma="ruševine" pos="X">ruševine</wf>
         <wf lemma="." pos="X">.</wf>
      </sentence>
      <sentence id="d000.s953" source="wordnet-croatian">
         <wf lemma="Bakina" pos="X">Bakina</wf>
         <wf lemma="pisma" pos="X">pisma</wf>
         <wf lemma="Ani" pos="X">Ani</wf>
         <wf lemma="bila" pos="X">bila</wf>
         <wf lemma="su" pos="X">su</wf>
         <wf lemma="jedina" pos="X">jedina</wf>
         <instance id="d000.s953.t000" lemma="veza" pos="NOUN">veza</instance>
         <wf lemma="s" pos="X">s</wf>
         <wf lemma="njezinim" pos="X">njezinim</wf>
         <wf lemma="djetinjstvom" pos="X">djetinjstvom</wf>
         <wf lemma="." pos="X">.</wf>
      </sentence>
      <sentence id="d000.s954" source="wordnet-croatian">
         <wf lemma="Na" pos="X">Na</wf>
         <wf lemma="sudu" pos="X">sudu</wf>
         <wf lemma="su" pos="X">su</wf>
         <wf lemma="videozapisu" pos="X">videozapisu</wf>
         <wf lemma="kao" pos="X">kao</wf>
         <instance id="d000.s954.t000" lemma="opreka" pos="NOUN">opreka</instance>
         <wf lemma="predstavljene" pos="X">predstavljene</wf>
         <wf lemma="fotografije" pos="X">fotografije</wf>
         <wf lemma="." pos="X">.</wf>
      </sentence>
      <sentence id="d000.s955" source="wordnet-croatian">
         <instance id="d000.s955.t000" lemma="pripadnik" pos="NOUN">Pripadnici</instance>
         <wf lemma="akademske" pos="X">akademske</wf>
         <wf lemma="zajednice" pos="X">zajednice</wf>
         <wf lemma="su" pos="X">su</wf>
         <wf lemma="dobri" pos="X">dobri</wf>
         <wf lemma="i" pos="X">i</wf>
         <wf lemma="pošteni" pos="X">pošteni</wf>
         <wf lemma="ljudi" pos="X">ljudi</wf>
         <wf lemma="." pos="X">.</wf>
      </sentence>
      <sentence id="d000.s956" source="wordnet-croatian">
         <wf lemma="Sestra" pos="X">Sestra</wf>
         <wf lemma="je" pos="X">je</wf>
         <wf lemma="ponijela" pos="X">ponijela</wf>
         <instance id="d000.s956.t000" lemma="tlakomjer" pos="NOUN">tlakomjer</instance>
         <wf lemma="na" pos="X">na</wf>
         <wf lemma="teren" pos="X">teren</wf>
         <wf lemma="kako" pos="X">kako</wf>
         <wf lemma="bi" pos="X">bi</wf>
         <wf lemma="pacijentu" pos="X">pacijentu</wf>
         <wf lemma="mogla" pos="X">mogla</wf>
         <wf lemma="odmah" pos="X">odmah</wf>
         <wf lemma="izmjeriti" pos="X">izmjeriti</wf>
         <wf lemma="tlak" pos="X">tlak</wf>
         <wf lemma="." pos="X">.</wf>
      </sentence>
      <sentence id="d000.s957" source="wordnet-croatian">
         <wf lemma="Satelitsku" pos="X">Satelitsku</wf>
         <wf lemma="antenu" pos="X">antenu</wf>
         <wf lemma="treba" pos="X">treba</wf>
         <instance id="d000.s957.t000" lemma="okrenuti" pos="VERB">okrenuti</instance>
         <wf lemma="prema" pos="X">prema</wf>
         <wf lemma="jugu" pos="X">jugu</wf>
         <wf lemma="," pos="X">,</wf>
         <wf lemma="a" pos="X">a</wf>
         <wf lemma="prema" pos="X">prema</wf>
         <wf lemma="sjeveru" pos="X">sjeveru</wf>
         <wf lemma="." pos="X">.</wf>
      </sentence>
      <sentence id="d000.s958" source="wordnet-croatian">
         <wf lemma="U" pos="X">U</wf>
         <wf lemma="dvorani" pos="X">dvorani</wf>
         <wf lemma="se" pos="X">se</wf>
         <wf lemma="nalazio" pos="X">nalazio</wf>
         <wf lemma="samo" pos="X">samo</wf>
         <instance id="d000.s958.t000" lemma="red" pos="NOUN">red</instance>
         <wf lemma="stolica" pos="X">stolica</wf>
         <wf lemma="." pos="X">.</wf>
      </sentence>
      <sentence id="d000.s959" source="wordnet-croatian">
         <instance id="d000.s959.t000" lemma="izgled" pos="NOUN">Izgled</instance>
         <wf lemma="grada" pos="X">grada</wf>
         <wf lemma="bitno" pos="X">bitno</wf>
         <wf lemma="se" pos="X">se</wf>
         <wf lemma="promijenio" pos="X">promijenio</wf>
         <wf lemma="u" pos="X">u</wf>
         <wf lemma="zadnjih" pos="X">zadnjih</wf>
         <wf lemma="deset" pos="X">deset</wf>
         <wf lemma="godina" pos="X">godina</wf>
         <wf lemma="." pos="X">.</wf>
      </sentence>
      <sentence id="d000.s960" source="wordnet-croatian">
         <wf lemma="Bila" pos="X">Bila</wf>
         <wf lemma="je" pos="X">je</wf>
         <wf lemma="najbolji" pos="X">najbolji</wf>
         <wf lemma="stručnjak" pos="X">stručnjak</wf>
         <wf lemma="u" pos="X">u</wf>
         <wf lemma="svom" pos="X">svom</wf>
         <instance id="d000.s960.t000" lemma="polje" pos="NOUN">polju</instance>
         <wf lemma="." pos="X">.</wf>
      </sentence>
      <sentence id="d000.s961" source="wordnet-croatian">
         <instance id="d000.s961.t000" lemma="kliziti" pos="VERB">Klizio</instance>
         <wf lemma="je" pos="X">je</wf>
         <wf lemma="prstima" pos="X">prstima</wf>
         <wf lemma="preko" pos="X">preko</wf>
         <wf lemma="stola" pos="X">stola</wf>
         <wf lemma="." pos="X">.</wf>
      </sentence>
      <sentence id="d000.s962" source="wordnet-croatian">
         <wf lemma="Veliki" pos="X">Veliki</wf>
         <wf lemma="kamion" pos="X">kamion</wf>
         <wf lemma="blokirao" pos="X">blokirao</wf>
         <wf lemma="je" pos="X">je</wf>
         <instance id="d000.s962.t000" lemma="izlaz" pos="NOUN">izlaz</instance>
         <wf lemma="s" pos="X">s</wf>
         <wf lemma="parkirališta" pos="X">parkirališta</wf>
         <wf lemma="drugim" pos="X">drugim</wf>
         <wf lemma="vozilima" pos="X">vozilima</wf>
         <wf lemma="." pos="X">.</wf>
      </sentence>
      <sentence id="d000.s963" source="wordnet-croatian">
         <instance id="d000.s963.t000" lemma="zakonitost" pos="NOUN">Zakonitost</instance>
         <wf lemma="njihova" pos="X">njihova</wf>
         <wf lemma="braka" pos="X">braka</wf>
         <wf lemma="nitko" pos="X">nitko</wf>
         <wf lemma="nije" pos="X">nije</wf>
         <wf lemma="dovodio" pos="X">dovodio</wf>
         <wf lemma="u" pos="X">u</wf>
         <wf lemma="pitanje" pos="X">pitanje</wf>
         <wf lemma="." pos="X">.</wf>
      </sentence>
      <sentence id="d000.s964" source="wordnet-croatian">
         <wf lemma="Unesrećenom" pos="X">Unesrećenom</wf>
         <wf lemma="planinaru" pos="X">planinaru</wf>
         <wf lemma="liječnici" pos="X">liječnici</wf>
         <wf lemma="su" pos="X">su</wf>
         <wf lemma="morali" pos="X">morali</wf>
         <instance id="d000.s964.t000" lemma="amputirati" pos="VERB">amputirati</instance>
         <wf lemma="smrznute" pos="X">smrznute</wf>
         <wf lemma="prste" pos="X">prste</wf>
         <wf lemma="." pos="X">.</wf>
      </sentence>
      <sentence id="d000.s965" source="wordnet-croatian">
         <wf lemma="On" pos="X">On</wf>
         <instance id="d000.s965.t000" lemma="trenirati" pos="VERB">trenira</instance>
         <wf lemma="našu" pos="X">našu</wf>
         <wf lemma="skijašku" pos="X">skijašku</wf>
         <wf lemma="reprezentaciju" pos="X">reprezentaciju</wf>
         <wf lemma="." pos="X">.</wf>
      </sentence>
      <sentence id="d000.s966" source="wordnet-croatian">
         <wf lemma="Voljela" pos="X">Voljela</wf>
         <wf lemma="bih" pos="X">bih</wf>
         <wf lemma="probati" pos="X">probati</wf>
         <wf lemma="puding" pos="X">puding</wf>
         <wf lemma="začinjen" pos="X">začinjen</wf>
         <instance id="d000.s966.t000" lemma="lazarkinja" pos="NOUN">lazarkinjom</instance>
         <wf lemma="." pos="X">.</wf>
      </sentence>
      <sentence id="d000.s967" source="wordnet-croatian">
         <instance id="d000.s967.t000" lemma="promatrati" pos="VERB">Promatrala</instance>
         <wf lemma="je" pos="X">je</wf>
         <wf lemma="prekrasnu" pos="X">prekrasnu</wf>
         <wf lemma="prirodu" pos="X">prirodu</wf>
         <wf lemma="u" pos="X">u</wf>
         <wf lemma="parku" pos="X">parku</wf>
         <wf lemma="." pos="X">.</wf>
      </sentence>
      <sentence id="d000.s968" source="wordnet-croatian">
         <wf lemma="Unutrašnjost" pos="X">Unutrašnjost</wf>
         <instance id="d000.s968.t000" lemma="kupola" pos="NOUN">kupola</instance>
         <wf lemma="u" pos="X">u</wf>
         <wf lemma="crkvama" pos="X">crkvama</wf>
         <wf lemma="obično" pos="X">obično</wf>
         <wf lemma="je" pos="X">je</wf>
         <wf lemma="oslikana" pos="X">oslikana</wf>
         <wf lemma="." pos="X">.</wf>
      </sentence>
      <sentence id="d000.s969" source="wordnet-croatian">
         <wf lemma="Sunce" pos="X">Sunce</wf>
         <wf lemma="je" pos="X">je</wf>
         <instance id="d000.s969.t000" lemma="otopiti" pos="VERB">otopilo</instance>
         <wf lemma="led" pos="X">led</wf>
         <wf lemma="." pos="X">.</wf>
      </sentence>
      <sentence id="d000.s970" source="wordnet-croatian">
         <wf lemma="U" pos="X">U</wf>
         <wf lemma="kroničnih" pos="X">kroničnih</wf>
         <wf lemma="bubrežnih" pos="X">bubrežnih</wf>
         <wf lemma="bolesnika" pos="X">bolesnika</wf>
         <instance id="d000.s970.t000" lemma="eritropoetin" pos="NOUN">eritropoetin</instance>
         <wf lemma="se" pos="X">se</wf>
         <wf lemma="ne" pos="X">ne</wf>
         <wf lemma="može" pos="X">može</wf>
         <wf lemma="stvarati" pos="X">stvarati</wf>
         <wf lemma="u" pos="X">u</wf>
         <wf lemma="dovoljnim" pos="X">dovoljnim</wf>
         <wf lemma="količinama" pos="X">količinama</wf>
         <wf lemma="." pos="X">.</wf>
      </sentence>
      <sentence id="d000.s971" source="wordnet-croatian">
         <wf lemma="Moja" pos="X">Moja</wf>
         <wf lemma="majka" pos="X">majka</wf>
         <wf lemma="svako" pos="X">svako</wf>
         <wf lemma="jutro" pos="X">jutro</wf>
         <wf lemma="pojede" pos="X">pojede</wf>
         <wf lemma="salatu" pos="X">salatu</wf>
         <wf lemma="s" pos="X">s</wf>
         <wf lemma="klicama" pos="X">klicama</wf>
         <instance id="d000.s971.t000" lemma="bambus" pos="NOUN">bambusa</instance>
         <wf lemma="." pos="X">.</wf>
      </sentence>
      <sentence id="d000.s972" source="wordnet-croatian">
         <wf lemma="Pohlepa" pos="X">Pohlepa</wf>
         <wf lemma="nije" pos="X">nije</wf>
         <wf lemma="poželjna" pos="X">poželjna</wf>
         <instance id="d000.s972.t000" lemma="karakteristika" pos="NOUN">karakteristika</instance>
         <wf lemma="u" pos="X">u</wf>
         <wf lemma="našoj" pos="X">našoj</wf>
         <wf lemma="kulturi" pos="X">kulturi</wf>
         <wf lemma="." pos="X">.</wf>
      </sentence>
      <sentence id="d000.s973" source="wordnet-croatian">
         <wf lemma="Mornari" pos="X">Mornari</wf>
         <wf lemma="nose" pos="X">nose</wf>
         <wf lemma="majice" pos="X">majice</wf>
         <wf lemma="na" pos="X">na</wf>
         <wf lemma="plavo-bijele" pos="X">plavo-bijele</wf>
         <instance id="d000.s973.t000" lemma="pruga" pos="NOUN">pruge</instance>
         <wf lemma="." pos="X">.</wf>
      </sentence>
      <sentence id="d000.s974" source="wordnet-croatian">
         <wf lemma="Zamisli" pos="X">Zamisli</wf>
         <wf lemma="," pos="X">,</wf>
         <wf lemma="sreo" pos="X">sreo</wf>
         <wf lemma="sam" pos="X">sam</wf>
         <wf lemma="njihovu" pos="X">njihovu</wf>
         <instance id="d000.s974.t000" lemma="mater" pos="NOUN">mater</instance>
         <wf lemma="danas" pos="X">danas</wf>
         <wf lemma="." pos="X">.</wf>
      </sentence>
      <sentence id="d000.s975" source="wordnet-croatian">
         <wf lemma="Publika" pos="X">Publika</wf>
         <wf lemma="je" pos="X">je</wf>
         <wf lemma="bila" pos="X">bila</wf>
         <wf lemma="oduševljena" pos="X">oduševljena</wf>
         <instance id="d000.s975.t000" lemma="kostim" pos="NOUN">kostimima</instance>
         <wf lemma="koji" pos="X">koji</wf>
         <wf lemma="su" pos="X">su</wf>
         <wf lemma="digli" pos="X">digli</wf>
         <wf lemma="predstavu" pos="X">predstavu</wf>
         <wf lemma="na" pos="X">na</wf>
         <wf lemma="višu" pos="X">višu</wf>
         <wf lemma="razinu" pos="X">razinu</wf>
         <wf lemma="." pos="X">.</wf>
      </sentence>
      <sentence id="d000.s976" source="wordnet-croatian">
         <wf lemma="Vješta" pos="X">Vješta</wf>
         <wf lemma="će" pos="X">će</wf>
         <wf lemma="krojačica" pos="X">krojačica</wf>
         <wf lemma="svaku" pos="X">svaku</wf>
         <wf lemma="rupu" pos="X">rupu</wf>
         <instance id="d000.s976.t000" lemma="zakrpati" pos="VERB">zakrpati</instance>
         <wf lemma="za" pos="X">za</wf>
         <wf lemma="tili" pos="X">tili</wf>
         <wf lemma="čas" pos="X">čas</wf>
         <wf lemma="." pos="X">.</wf>
      </sentence>
      <sentence id="d000.s977" source="wordnet-croatian">
         <wf lemma="Mirko" pos="X">Mirko</wf>
         <wf lemma="mora" pos="X">mora</wf>
         <wf lemma="konzultirati" pos="X">konzultirati</wf>
         <wf lemma="svoje" pos="X">svoje</wf>
         <instance id="d000.s977.t000" lemma="suradnik" pos="NOUN">suradnike</instance>
         <wf lemma="prije" pos="X">prije</wf>
         <wf lemma="negoli" pos="X">negoli</wf>
         <wf lemma="sklopi" pos="X">sklopi</wf>
         <wf lemma="ugovor" pos="X">ugovor</wf>
         <wf lemma="." pos="X">.</wf>
      </sentence>
      <sentence id="d000.s978" source="wordnet-croatian">
         <wf lemma="Šalica" pos="X">Šalica</wf>
         <wf lemma="je" pos="X">je</wf>
         <wf lemma="odlično" pos="X">odlično</wf>
         <instance id="d000.s978.t000" lemma="funkcionirati" pos="VERB">funkcionirala</instance>
         <wf lemma="kao" pos="X">kao</wf>
         <wf lemma="stalak" pos="X">stalak</wf>
         <wf lemma="za" pos="X">za</wf>
         <wf lemma="olovke" pos="X">olovke</wf>
         <wf lemma="." pos="X">.</wf>
      </sentence>
      <sentence id="d000.s979" source="wordnet-croatian">
         <wf lemma="Bakterije" pos="X">Bakterije</wf>
         <wf lemma="su" pos="X">su</wf>
         <wf lemma="opasne" pos="X">opasne</wf>
         <wf lemma="," pos="X">,</wf>
         <wf lemma="iako" pos="X">iako</wf>
         <wf lemma="su" pos="X">su</wf>
         <wf lemma="vidljive" pos="X">vidljive</wf>
         <wf lemma="samo" pos="X">samo</wf>
         <instance id="d000.s979.t000" lemma="mikroskop" pos="NOUN">mikroskopom</instance>
         <wf lemma="." pos="X">.</wf>
      </sentence>
      <sentence id="d000.s980" source="wordnet-croatian">
         <wf lemma="Profesionalno" pos="X">Profesionalno</wf>
         <instance id="d000.s980.t000" lemma="pjevanje" pos="NOUN">pjevanje</instance>
         <wf lemma="zahtijeva" pos="X">zahtijeva</wf>
         <wf lemma="mnogo" pos="X">mnogo</wf>
         <wf lemma="vježbe" pos="X">vježbe</wf>
         <wf lemma="i" pos="X">i</wf>
         <wf lemma="odricanja" pos="X">odricanja</wf>
         <wf lemma="." pos="X">.</wf>
      </sentence>
      <sentence id="d000.s981" source="wordnet-croatian">
         <wf lemma="Bizoni" pos="X">Bizoni</wf>
         <wf lemma="su" pos="X">su</wf>
         <wf lemma="nekada" pos="X">nekada</wf>
         <wf lemma="slobodno" pos="X">slobodno</wf>
         <wf lemma="lutali" pos="X">lutali</wf>
         <wf lemma="velikim" pos="X">velikim</wf>
         <instance id="d000.s981.t000" lemma="ravnica" pos="NOUN">ravnicama</instance>
         <wf lemma="Amerike" pos="X">Amerike</wf>
         <wf lemma="." pos="X">.</wf>
      </sentence>
      <sentence id="d000.s982" source="wordnet-croatian">
         <wf lemma="Lako" pos="X">Lako</wf>
         <wf lemma="je" pos="X">je</wf>
         <wf lemma="voljeti" pos="X">voljeti</wf>
         <wf lemma="tuđe" pos="X">tuđe</wf>
         <instance id="d000.s982.t000" lemma="vrlina" pos="NOUN">vrline</instance>
         <wf lemma="," pos="X">,</wf>
         <wf lemma="ali" pos="X">ali</wf>
         <wf lemma="je" pos="X">je</wf>
         <wf lemma="teško" pos="X">teško</wf>
         <wf lemma="naučiti" pos="X">naučiti</wf>
         <wf lemma="voljeti" pos="X">voljeti</wf>
         <wf lemma="mane" pos="X">mane</wf>
         <wf lemma="naših" pos="X">naših</wf>
         <wf lemma="bližnjih" pos="X">bližnjih</wf>
         <wf lemma="." pos="X">.</wf>
      </sentence>
      <sentence id="d000.s983" source="wordnet-croatian">
         <wf lemma="Predstava" pos="X">Predstava</wf>
         <wf lemma="je" pos="X">je</wf>
         <instance id="d000.s983.t000" lemma="zabaviti" pos="VERB">zabavila</instance>
         <wf lemma="dame" pos="X">dame</wf>
         <wf lemma="." pos="X">.</wf>
      </sentence>
      <sentence id="d000.s984" source="wordnet-croatian">
         <wf lemma="Ovaj" pos="X">Ovaj</wf>
         <instance id="d000.s984.t000" lemma="teren" pos="NOUN">teren</instance>
         <wf lemma="je" pos="X">je</wf>
         <wf lemma="nepogodan" pos="X">nepogodan</wf>
         <wf lemma="za" pos="X">za</wf>
         <wf lemma="natjecanja" pos="X">natjecanja</wf>
         <wf lemma="po" pos="X">po</wf>
         <wf lemma="kiši" pos="X">kiši</wf>
         <wf lemma="." pos="X">.</wf>
      </sentence>
      <sentence id="d000.s985" source="wordnet-croatian">
         <wf lemma="Njegov" pos="X">Njegov</wf>
         <instance id="d000.s985.t000" lemma="posao" pos="NOUN">posao</instance>
         <wf lemma="nije" pos="X">nije</wf>
         <wf lemma="zahtijevao" pos="X">zahtijevao</wf>
         <wf lemma="velik" pos="X">velik</wf>
         <wf lemma="umni" pos="X">umni</wf>
         <wf lemma="napor" pos="X">napor</wf>
         <wf lemma="." pos="X">.</wf>
      </sentence>
      <sentence id="d000.s986" source="wordnet-croatian">
         <wf lemma="Policija" pos="X">Policija</wf>
         <instance id="d000.s986.t000" lemma="tragati" pos="VERB">traga</instance>
         <wf lemma="za" pos="X">za</wf>
         <wf lemma="dokazima" pos="X">dokazima</wf>
         <wf lemma="." pos="X">.</wf>
      </sentence>
      <sentence id="d000.s987" source="wordnet-croatian">
         <instance id="d000.s987.t000" lemma="učenjak" pos="NOUN">Učenjaci</instance>
         <wf lemma="diljem" pos="X">diljem</wf>
         <wf lemma="svijeta" pos="X">svijeta</wf>
         <wf lemma="pokušavaju" pos="X">pokušavaju</wf>
         <wf lemma="riješiti" pos="X">riješiti</wf>
         <wf lemma="problem" pos="X">problem</wf>
         <wf lemma="zagađenja" pos="X">zagađenja</wf>
         <wf lemma="okoliša" pos="X">okoliša</wf>
         <wf lemma="." pos="X">.</wf>
      </sentence>
      <sentence id="d000.s988" source="wordnet-croatian">
         <wf lemma="Imali" pos="X">Imali</wf>
         <wf lemma="su" pos="X">su</wf>
         <instance id="d000.s988.t000" lemma="žestok" pos="ADJ">žestoku</instance>
         <wf lemma="ljubavnu" pos="X">ljubavnu</wf>
         <wf lemma="avanturu" pos="X">avanturu</wf>
         <wf lemma="." pos="X">.</wf>
      </sentence>
      <sentence id="d000.s989" source="wordnet-croatian">
         <wf lemma="old" pos="X">old</wf>
         <instance id="d000.s989.t000" lemma="people" pos="NOUN">people</instance>
         <wf lemma="." pos="X">.</wf>
      </sentence>
      <sentence id="d000.s990" source="wordnet-croatian">
         <wf lemma="Žao" pos="X">Žao</wf>
         <wf lemma="mi" pos="X">mi</wf>
         <wf lemma="je" pos="X">je</wf>
         <wf lemma="što" pos="X">što</wf>
         <wf lemma="nisam" pos="X">nisam</wf>
         <wf lemma="kupila" pos="X">kupila</wf>
         <wf lemma="one" pos="X">one</wf>
         <wf lemma="(" pos="X">(</wf>
         <wf lemma="svježe" pos="X">svježe</wf>
         <wf lemma=")" pos="X">)</wf>
         <instance id="d000.s990.t000" lemma="mahuna" pos="NOUN">mahune</instance>
         <wf lemma="," pos="X">,</wf>
         <wf lemma="ali" pos="X">ali</wf>
         <wf lemma="nisam" pos="X">nisam</wf>
         <wf lemma="imala" pos="X">imala</wf>
         <wf lemma="više" pos="X">više</wf>
         <wf lemma="novca" pos="X">novca</wf>
         <wf lemma="." pos="X">.</wf>
      </sentence>
      <sentence id="d000.s991" source="wordnet-croatian">
         <wf lemma="Sveti" pos="X">Sveti</wf>
         <wf lemma="je" pos="X">je</wf>
         <wf lemma="Otac" pos="X">Otac</wf>
         <instance id="d000.s991.t000" lemma="očitovati" pos="VERB">očitovao</instance>
         <wf lemma="duboku" pos="X">duboku</wf>
         <wf lemma="bol" pos="X">bol</wf>
         <wf lemma="zbog" pos="X">zbog</wf>
         <wf lemma="krvoprolića" pos="X">krvoprolića</wf>
         <wf lemma="u" pos="X">u</wf>
         <wf lemma="školi" pos="X">školi</wf>
         <wf lemma="." pos="X">.</wf>
      </sentence>
      <sentence id="d000.s992" source="wordnet-croatian">
         <wf lemma="Kao" pos="X">Kao</wf>
         <instance id="d000.s992.t000" lemma="reziduum" pos="NOUN">reziduum</instance>
         <wf lemma="isparavanja" pos="X">isparavanja</wf>
         <wf lemma="vode" pos="X">vode</wf>
         <wf lemma="ostaje" pos="X">ostaje</wf>
         <wf lemma="nam" pos="X">nam</wf>
         <wf lemma="kamenac" pos="X">kamenac</wf>
         <wf lemma="." pos="X">.</wf>
      </sentence>
      <sentence id="d000.s993" source="wordnet-croatian">
         <wf lemma="Točke" pos="X">Točke</wf>
         <wf lemma="infleksije" pos="X">infleksije</wf>
         <wf lemma="jesu" pos="X">jesu</wf>
         <wf lemma="točke" pos="X">točke</wf>
         <wf lemma="prijelaza" pos="X">prijelaza</wf>
         <wf lemma="iz" pos="X">iz</wf>
         <instance id="d000.s993.t000" lemma="konveksnost" pos="NOUN">konveksnosti</instance>
         <wf lemma="u" pos="X">u</wf>
         <wf lemma="konkavnost" pos="X">konkavnost</wf>
         <wf lemma="i" pos="X">i</wf>
         <wf lemma="obratno" pos="X">obratno</wf>
         <wf lemma="." pos="X">.</wf>
      </sentence>
      <sentence id="d000.s994" source="wordnet-croatian">
         <instance id="d000.s994.t000" lemma="odredba" pos="NOUN">Odredbe</instance>
         <wf lemma="novoga" pos="X">novoga</wf>
         <wf lemma="zakona" pos="X">zakona</wf>
         <wf lemma="jako" pos="X">jako</wf>
         <wf lemma="su" pos="X">su</wf>
         <wf lemma="nejasne" pos="X">nejasne</wf>
         <wf lemma="." pos="X">.</wf>
      </sentence>
      <sentence id="d000.s995" source="wordnet-croatian">
         <instance id="d000.s995.t000" lemma="zaboraviti" pos="VERB">Zaboravio</instance>
         <wf lemma="sam" pos="X">sam</wf>
         <wf lemma="imena" pos="X">imena</wf>
         <wf lemma="mnogih" pos="X">mnogih</wf>
         <wf lemma="bivših" pos="X">bivših</wf>
         <wf lemma="drugova" pos="X">drugova</wf>
         <wf lemma="i" pos="X">i</wf>
         <wf lemma="drugarica" pos="X">drugarica</wf>
         <wf lemma="." pos="X">.</wf>
      </sentence>
      <sentence id="d000.s996" source="wordnet-croatian">
         <wf lemma="Kupio" pos="X">Kupio</wf>
         <wf lemma="sam" pos="X">sam</wf>
         <instance id="d000.s996.t000" lemma="boca" pos="NOUN">bocu</instance>
         <wf lemma="maslinova" pos="X">maslinova</wf>
         <wf lemma="ulja" pos="X">ulja</wf>
         <wf lemma="za" pos="X">za</wf>
         <wf lemma="svog" pos="X">svog</wf>
         <wf lemma="djeda" pos="X">djeda</wf>
         <wf lemma="." pos="X">.</wf>
      </sentence>
      <sentence id="d000.s997" source="wordnet-croatian">
         <wf lemma="Ta" pos="X">Ta</wf>
         <wf lemma="je" pos="X">je</wf>
         <wf lemma="zemlja" pos="X">zemlja</wf>
         <instance id="d000.s997.t000" lemma="razviti" pos="VERB">razvila</instance>
         <wf lemma="svoje" pos="X">svoje</wf>
         <wf lemma="prirodne" pos="X">prirodne</wf>
         <wf lemma="resurse" pos="X">resurse</wf>
         <wf lemma="." pos="X">.</wf>
      </sentence>
      <sentence id="d000.s998" source="wordnet-croatian">
         <wf lemma="Voljela" pos="X">Voljela</wf>
         <wf lemma="je" pos="X">je</wf>
         <wf lemma="torbe" pos="X">torbe</wf>
         <wf lemma="s" pos="X">s</wf>
         <wf lemma="puno" pos="X">puno</wf>
         <instance id="d000.s998.t000" lemma="pretinac" pos="NOUN">pretinaca</instance>
         <wf lemma="jer" pos="X">jer</wf>
         <wf lemma="je" pos="X">je</wf>
         <wf lemma="u" pos="X">u</wf>
         <wf lemma="njih" pos="X">njih</wf>
         <wf lemma="mogla" pos="X">mogla</wf>
         <wf lemma="sve" pos="X">sve</wf>
         <wf lemma="uredno" pos="X">uredno</wf>
         <wf lemma="posložiti" pos="X">posložiti</wf>
         <wf lemma="." pos="X">.</wf>
      </sentence>
      <sentence id="d000.s999" source="wordnet-croatian">
         <wf lemma="Biolozi" pos="X">Biolozi</wf>
         <wf lemma="su" pos="X">su</wf>
         <wf lemma="dokazali" pos="X">dokazali</wf>
         <wf lemma="kako" pos="X">kako</wf>
         <wf lemma="ne" pos="X">ne</wf>
         <wf lemma="postoje" pos="X">postoje</wf>
         <wf lemma="bitne" pos="X">bitne</wf>
         <wf lemma="genetske" pos="X">genetske</wf>
         <wf lemma="razlike" pos="X">razlike</wf>
         <wf lemma="među" pos="X">među</wf>
         <instance id="d000.s999.t000" lemma="rasa" pos="NOUN">rasama</instance>
         <wf lemma="." pos="X">.</wf>
      </sentence>
      <sentence id="d000.s1000" source="wordnet-croatian">
         <wf lemma="Tijekom" pos="X">Tijekom</wf>
         <wf lemma="zime" pos="X">zime</wf>
         <wf lemma="ljudi" pos="X">ljudi</wf>
         <wf lemma="se" pos="X">se</wf>
         <wf lemma="obično" pos="X">obično</wf>
         <wf lemma="griju" pos="X">griju</wf>
         <wf lemma="čašom" pos="X">čašom</wf>
         <wf lemma="kuhanog" pos="X">kuhanog</wf>
         <wf lemma="vina" pos="X">vina</wf>
         <wf lemma="ili" pos="X">ili</wf>
         <instance id="d000.s1000.t000" lemma="punč" pos="NOUN">punča</instance>
         <wf lemma="." pos="X">.</wf>
      </sentence>
      <sentence id="d000.s1001" source="wordnet-croatian">
         <wf lemma="Svakome" pos="X">Svakome</wf>
         <wf lemma="u" pos="X">u</wf>
         <wf lemma="životu" pos="X">životu</wf>
         <wf lemma="treba" pos="X">treba</wf>
         <wf lemma="malo" pos="X">malo</wf>
         <instance id="d000.s1001.t000" lemma="zabava" pos="NOUN">zabave</instance>
         <wf lemma="." pos="X">.</wf>
      </sentence>
      <sentence id="d000.s1002" source="wordnet-croatian">
         <wf lemma="Napravila" pos="X">Napravila</wf>
         <wf lemma="je" pos="X">je</wf>
         <wf lemma="nekoliko" pos="X">nekoliko</wf>
         <instance id="d000.s1002.t000" lemma="inačica" pos="NOUN">inačica</instance>
         <wf lemma="haljine" pos="X">haljine</wf>
         <wf lemma="u" pos="X">u</wf>
         <wf lemma="različitim" pos="X">različitim</wf>
         <wf lemma="bojama" pos="X">bojama</wf>
         <wf lemma="." pos="X">.</wf>
      </sentence>
      <sentence id="d000.s1003" source="wordnet-croatian">
         <wf lemma="Engleski" pos="X">Engleski</wf>
         <instance id="d000.s1003.t000" lemma="parlament" pos="NOUN">parlament</instance>
         <wf lemma="se" pos="X">se</wf>
         <wf lemma="sastoji" pos="X">sastoji</wf>
         <wf lemma="od" pos="X">od</wf>
         <wf lemma="dva" pos="X">dva</wf>
         <wf lemma="doma" pos="X">doma</wf>
         <wf lemma="." pos="X">.</wf>
      </sentence>
      <sentence id="d000.s1004" source="wordnet-croatian">
         <wf lemma="Nikada" pos="X">Nikada</wf>
         <wf lemma="nije" pos="X">nije</wf>
         <wf lemma="zaboravila" pos="X">zaboravila</wf>
         <wf lemma="kako" pos="X">kako</wf>
         <wf lemma="su" pos="X">su</wf>
         <wf lemma="je" pos="X">je</wf>
         <wf lemma="u" pos="X">u</wf>
         <wf lemma="teškim" pos="X">teškim</wf>
         <wf lemma="vremenima" pos="X">vremenima</wf>
         <wf lemma="nesebično" pos="X">nesebično</wf>
         <instance id="d000.s1004.t000" lemma="poduprijeti" pos="VERB">poduprle</instance>
         <wf lemma="kolege" pos="X">kolege</wf>
         <wf lemma="s" pos="X">s</wf>
         <wf lemma="posla" pos="X">posla</wf>
         <wf lemma="." pos="X">.</wf>
      </sentence>
      <sentence id="d000.s1005" source="wordnet-croatian">
         <instance id="d000.s1005.t000" lemma="organizacija" pos="NOUN">Organizacija</instance>
         <wf lemma="momčadi" pos="X">momčadi</wf>
         <wf lemma="omogućit" pos="X">omogućit</wf>
         <wf lemma="će" pos="X">će</wf>
         <wf lemma="pobjedu" pos="X">pobjedu</wf>
         <wf lemma="." pos="X">.</wf>
      </sentence>
      <sentence id="d000.s1006" source="wordnet-croatian">
         <wf lemma="Vijest" pos="X">Vijest</wf>
         <wf lemma="se" pos="X">se</wf>
         <wf lemma="pronijela" pos="X">pronijela</wf>
         <wf lemma="po" pos="X">po</wf>
         <wf lemma="čitavom" pos="X">čitavom</wf>
         <instance id="d000.s1006.t000" lemma="kamp" pos="NOUN">kampu</instance>
         <wf lemma="." pos="X">.</wf>
      </sentence>
      <sentence id="d000.s1007" source="wordnet-croatian">
         <wf lemma="Neki" pos="X">Neki</wf>
         <wf lemma="roditelji" pos="X">roditelji</wf>
         <wf lemma="sami" pos="X">sami</wf>
         <instance id="d000.s1007.t000" lemma="trenirati" pos="VERB">treniraju</instance>
         <wf lemma="svoju" pos="X">svoju</wf>
         <wf lemma="djecu" pos="X">djecu</wf>
         <wf lemma="." pos="X">.</wf>
      </sentence>
      <sentence id="d000.s1008" source="wordnet-croatian">
         <wf lemma="Razlikujemo" pos="X">Razlikujemo</wf>
         <wf lemma="krute" pos="X">krute</wf>
         <wf lemma="i" pos="X">i</wf>
         <wf lemma="elastične" pos="X">elastične</wf>
         <instance id="d000.s1008.t000" lemma="spojnica" pos="NOUN">spojnice</instance>
         <wf lemma="." pos="X">.</wf>
      </sentence>
      <sentence id="d000.s1009" source="wordnet-croatian">
         <instance id="d000.s1009.t000" lemma="izdrobiti" pos="VERB">Izdrobi</instance>
         <wf lemma="začinsko" pos="X">začinsko</wf>
         <wf lemma="bilje" pos="X">bilje</wf>
         <wf lemma="u" pos="X">u</wf>
         <wf lemma="mužaru" pos="X">mužaru</wf>
         <wf lemma="." pos="X">.</wf>
      </sentence>
      <sentence id="d000.s1010" source="wordnet-croatian">
         <wf lemma="Prošli" pos="X">Prošli</wf>
         <wf lemma="su" pos="X">su</wf>
         <wf lemma="se" pos="X">se</wf>
         <wf lemma="tjedan" pos="X">tjedan</wf>
         <wf lemma="u" pos="X">u</wf>
         <wf lemma="Berlinu" pos="X">Berlinu</wf>
         <wf lemma="okupili" pos="X">okupili</wf>
         <wf lemma="svi" pos="X">svi</wf>
         <wf lemma="veliki" pos="X">veliki</wf>
         <wf lemma="svjetski" pos="X">svjetski</wf>
         <instance id="d000.s1010.t000" lemma="glazbenik" pos="NOUN">glazbenici</instance>
         <wf lemma="." pos="X">.</wf>
      </sentence>
      <sentence id="d000.s1011" source="wordnet-croatian">
         <wf lemma="Ivan" pos="X">Ivan</wf>
         <wf lemma="je" pos="X">je</wf>
         <instance id="d000.s1011.t000" lemma="smatrati" pos="VERB">smatrao</instance>
         <wf lemma="Mariju" pos="X">Mariju</wf>
         <wf lemma="vrlo" pos="X">vrlo</wf>
         <wf lemma="pametnom" pos="X">pametnom</wf>
         <wf lemma="." pos="X">.</wf>
      </sentence>
      <sentence id="d000.s1012" source="wordnet-croatian">
         <instance id="d000.s1012.t000" lemma="izgled" pos="NOUN">Izgled</instance>
         <wf lemma="ovog" pos="X">ovog</wf>
         <wf lemma="mjesta" pos="X">mjesta</wf>
         <wf lemma="uopće" pos="X">uopće</wf>
         <wf lemma="mi" pos="X">mi</wf>
         <wf lemma="se" pos="X">se</wf>
         <wf lemma="ne" pos="X">ne</wf>
         <wf lemma="sviđa" pos="X">sviđa</wf>
         <wf lemma="." pos="X">.</wf>
      </sentence>
      <sentence id="d000.s1013" source="wordnet-croatian">
         <instance id="d000.s1013.t000" lemma="proliti" pos="VERB">Prolio</instance>
         <wf lemma="je" pos="X">je</wf>
         <wf lemma="mlijeko" pos="X">mlijeko</wf>
         <wf lemma="po" pos="X">po</wf>
         <wf lemma="podu" pos="X">podu</wf>
         <wf lemma="." pos="X">.</wf>
      </sentence>
      <sentence id="d000.s1014" source="wordnet-croatian">
         <wf lemma="Na" pos="X">Na</wf>
         <wf lemma="fakultetu" pos="X">fakultetu</wf>
         <wf lemma="postoji" pos="X">postoji</wf>
         <wf lemma="veliki" pos="X">veliki</wf>
         <instance id="d000.s1014.t000" lemma="izbor" pos="NOUN">izbor</instance>
         <wf lemma="različitih" pos="X">različitih</wf>
         <wf lemma="kolegija" pos="X">kolegija</wf>
         <wf lemma="." pos="X">.</wf>
      </sentence>
      <sentence id="d000.s1015" source="wordnet-croatian">
         <wf lemma="Hladnokrvno" pos="X">Hladnokrvno</wf>
         <wf lemma="su" pos="X">su</wf>
         <wf lemma="mu" pos="X">mu</wf>
         <instance id="d000.s1015.t000" lemma="ubiti" pos="VERB">ubili</instance>
         <wf lemma="ženu" pos="X">ženu</wf>
         <wf lemma="i" pos="X">i</wf>
         <wf lemma="dijete" pos="X">dijete</wf>
         <wf lemma="." pos="X">.</wf>
      </sentence>
      <sentence id="d000.s1016" source="wordnet-croatian">
         <wf lemma="Pretrpali" pos="X">Pretrpali</wf>
         <wf lemma="su" pos="X">su</wf>
         <instance id="d000.s1016.t000" lemma="kolica" pos="NOUN">kolica</instance>
         <wf lemma="namirnicama" pos="X">namirnicama</wf>
         <wf lemma="." pos="X">.</wf>
      </sentence>
      <sentence id="d000.s1017" source="wordnet-croatian">
         <wf lemma="Mnogi" pos="X">Mnogi</wf>
         <wf lemma="su" pos="X">su</wf>
         <wf lemma="joj" pos="X">joj</wf>
         <wf lemma="zavidjeli" pos="X">zavidjeli</wf>
         <wf lemma="zbog" pos="X">zbog</wf>
         <instance id="d000.s1017.t000" lemma="atraktivnost" pos="NOUN">atraktivnosti</instance>
         <wf lemma="." pos="X">.</wf>
      </sentence>
      <sentence id="d000.s1018" source="wordnet-croatian">
         <wf lemma="Bila" pos="X">Bila</wf>
         <wf lemma="je" pos="X">je</wf>
         <instance id="d000.s1018.t000" lemma="kasan" pos="ADJ">kasna</instance>
         <wf lemma="večer" pos="X">večer</wf>
         <wf lemma="kad" pos="X">kad</wf>
         <wf lemma="se" pos="X">se</wf>
         <wf lemma="napokon" pos="X">napokon</wf>
         <wf lemma="vratio" pos="X">vratio</wf>
         <wf lemma="kući" pos="X">kući</wf>
         <wf lemma="s" pos="X">s</wf>
         <wf lemma="posla" pos="X">posla</wf>
         <wf lemma="." pos="X">.</wf>
      </sentence>
      <sentence id="d000.s1019" source="wordnet-croatian">
         <wf lemma="Izgubio" pos="X">Izgubio</wf>
         <wf lemma="je" pos="X">je</wf>
         <wf lemma="gem" pos="X">gem</wf>
         <wf lemma="," pos="X">,</wf>
         <wf lemma="ali" pos="X">ali</wf>
         <instance id="d000.s1019.t000" lemma="dobiti" pos="VERB">dobio</instance>
         <wf lemma="je" pos="X">je</wf>
         <wf lemma="meč" pos="X">meč</wf>
         <wf lemma="." pos="X">.</wf>
      </sentence>
      <sentence id="d000.s1020" source="wordnet-croatian">
         <instance id="d000.s1020.t000" lemma="poštovati" pos="VERB">Poštujem</instance>
         <wf lemma="tvoju" pos="X">tvoju</wf>
         <wf lemma="slobodu" pos="X">slobodu</wf>
         <wf lemma="govora" pos="X">govora</wf>
         <wf lemma="." pos="X">.</wf>
      </sentence>
      <sentence id="d000.s1021" source="wordnet-croatian">
         <wf lemma="Na" pos="X">Na</wf>
         <wf lemma="vjetru" pos="X">vjetru</wf>
         <wf lemma="mi" pos="X">mi</wf>
         <wf lemma="nerijetko" pos="X">nerijetko</wf>
         <instance id="d000.s1021.t000" lemma="suziti" pos="VERB">suze</instance>
         <wf lemma="oči" pos="X">oči</wf>
         <wf lemma="." pos="X">.</wf>
      </sentence>
      <sentence id="d000.s1022" source="wordnet-croatian">
         <wf lemma="Promotrio" pos="X">Promotrio</wf>
         <wf lemma="je" pos="X">je</wf>
         <wf lemma="problem" pos="X">problem</wf>
         <wf lemma="sa" pos="X">sa</wf>
         <wf lemma="svih" pos="X">svih</wf>
         <instance id="d000.s1022.t000" lemma="strana" pos="NOUN">strana</instance>
         <wf lemma="." pos="X">.</wf>
      </sentence>
      <sentence id="d000.s1023" source="wordnet-croatian">
         <wf lemma="Mirko" pos="X">Mirko</wf>
         <wf lemma="je" pos="X">je</wf>
         <instance id="d000.s1023.t000" lemma="smanjiti" pos="VERB">smanjio</instance>
         <wf lemma="dnevni" pos="X">dnevni</wf>
         <wf lemma="unos" pos="X">unos</wf>
         <wf lemma="ugljikohidrata" pos="X">ugljikohidrata</wf>
         <wf lemma="." pos="X">.</wf>
      </sentence>
      <sentence id="d000.s1024" source="wordnet-croatian">
         <wf lemma="Dermatolozi" pos="X">Dermatolozi</wf>
         <wf lemma="bezbolno" pos="X">bezbolno</wf>
         <wf lemma="spaljuju" pos="X">spaljuju</wf>
         <wf lemma="virusne" pos="X">virusne</wf>
         <instance id="d000.s1024.t000" lemma="bradavica" pos="NOUN">bradavice</instance>
         <wf lemma="." pos="X">.</wf>
      </sentence>
      <sentence id="d000.s1025" source="wordnet-croatian">
         <wf lemma="Od" pos="X">Od</wf>
         <wf lemma="previše" pos="X">previše</wf>
         <instance id="d000.s1025.t000" lemma="razmišljanje" pos="NOUN">razmišljanja</instance>
         <wf lemma="nikakve" pos="X">nikakve</wf>
         <wf lemma="koristi" pos="X">koristi</wf>
         <wf lemma="." pos="X">.</wf>
      </sentence>
      <sentence id="d000.s1026" source="wordnet-croatian">
         <wf lemma="Dirigent" pos="X">Dirigent</wf>
         <wf lemma="je" pos="X">je</wf>
         <wf lemma="u" pos="X">u</wf>
         <wf lemma="svečanom" pos="X">svečanom</wf>
         <instance id="d000.s1026.t000" lemma="frak" pos="NOUN">fraku</instance>
         <wf lemma="elegantno" pos="X">elegantno</wf>
         <wf lemma="mahao" pos="X">mahao</wf>
         <wf lemma="dirigentskim" pos="X">dirigentskim</wf>
         <wf lemma="štapićem" pos="X">štapićem</wf>
         <wf lemma="." pos="X">.</wf>
      </sentence>
      <sentence id="d000.s1027" source="wordnet-croatian">
         <instance id="d000.s1027.t000" lemma="šef" pos="NOUN">Šef</instance>
         <wf lemma="odbora" pos="X">odbora</wf>
         <wf lemma="dao" pos="X">dao</wf>
         <wf lemma="je" pos="X">je</wf>
         <wf lemma="ostavku" pos="X">ostavku</wf>
         <wf lemma="." pos="X">.</wf>
      </sentence>
      <sentence id="d000.s1028" source="wordnet-croatian">
         <wf lemma="Hoće" pos="X">Hoće</wf>
         <wf lemma="li" pos="X">li</wf>
         <wf lemma="ti" pos="X">ti</wf>
         <wf lemma="200" pos="X">200</wf>
         <wf lemma="kuna" pos="X">kuna</wf>
         <instance id="d000.s1028.t000" lemma="dostajati" pos="VERB">dostajati</instance>
         <wf lemma="za" pos="X">za</wf>
         <wf lemma="večerašnji" pos="X">večerašnji</wf>
         <wf lemma="izlazak" pos="X">izlazak</wf>
         <wf lemma="?" pos="X">?</wf>
      </sentence>
      <sentence id="d000.s1029" source="wordnet-croatian">
         <wf lemma="Ovo" pos="X">Ovo</wf>
         <wf lemma="je" pos="X">je</wf>
         <wf lemma="jedan" pos="X">jedan</wf>
         <wf lemma="od" pos="X">od</wf>
         <wf lemma="ključnih" pos="X">ključnih</wf>
         <wf lemma="događaja" pos="X">događaja</wf>
         <wf lemma="u" pos="X">u</wf>
         <instance id="d000.s1029.t000" lemma="povijest" pos="NOUN">povijesti</instance>
         <wf lemma="naše" pos="X">naše</wf>
         <wf lemma="države" pos="X">države</wf>
         <wf lemma="." pos="X">.</wf>
      </sentence>
      <sentence id="d000.s1030" source="wordnet-croatian">
         <instance id="d000.s1030.t000" lemma="ustroj" pos="NOUN">Ustroj</instance>
         <wf lemma="fakulteta" pos="X">fakulteta</wf>
         <wf lemma="potrebno" pos="X">potrebno</wf>
         <wf lemma="je" pos="X">je</wf>
         <wf lemma="reformirati" pos="X">reformirati</wf>
         <wf lemma="." pos="X">.</wf>
      </sentence>
      <sentence id="d000.s1031" source="wordnet-croatian">
         <wf lemma="Svaki" pos="X">Svaki</wf>
         <wf lemma="vikend" pos="X">vikend</wf>
         <wf lemma="idem" pos="X">idem</wf>
         <wf lemma="na" pos="X">na</wf>
         <wf lemma="kratak" pos="X">kratak</wf>
         <instance id="d000.s1031.t000" lemma="izlet" pos="NOUN">izlet</instance>
         <wf lemma="na" pos="X">na</wf>
         <wf lemma="selo" pos="X">selo</wf>
         <wf lemma="." pos="X">.</wf>
      </sentence>
      <sentence id="d000.s1032" source="wordnet-croatian">
         <wf lemma="Tim" pos="X">Tim</wf>
         <wf lemma="činom" pos="X">činom</wf>
         <instance id="d000.s1032.t000" lemma="dovesti" pos="VERB">doveo</instance>
         <wf lemma="me" pos="X">me</wf>
         <wf lemma="je" pos="X">je</wf>
         <wf lemma="u" pos="X">u</wf>
         <wf lemma="vrlo" pos="X">vrlo</wf>
         <wf lemma="neugodnu" pos="X">neugodnu</wf>
         <wf lemma="situaciju" pos="X">situaciju</wf>
         <wf lemma="." pos="X">.</wf>
      </sentence>
      <sentence id="d000.s1033" source="wordnet-croatian">
         <wf lemma="Kaže" pos="X">Kaže</wf>
         <wf lemma="se" pos="X">se</wf>
         <wf lemma="da" pos="X">da</wf>
         <wf lemma="na" pos="X">na</wf>
         <wf lemma="dan" pos="X">dan</wf>
         <wf lemma="sv." pos="X">sv.</wf>
         <wf lemma="Martina" pos="X">Martina</wf>
         <instance id="d000.s1033.t000" lemma="mošt" pos="NOUN">mošt</instance>
         <wf lemma="prelazi" pos="X">prelazi</wf>
         <wf lemma="u" pos="X">u</wf>
         <wf lemma="vino" pos="X">vino</wf>
         <wf lemma="." pos="X">.</wf>
      </sentence>
      <sentence id="d000.s1034" source="wordnet-croatian">
         <wf lemma="Govorio" pos="X">Govorio</wf>
         <wf lemma="je" pos="X">je</wf>
         <wf lemma="nešto" pos="X">nešto</wf>
         <wf lemma="potpuno" pos="X">potpuno</wf>
         <instance id="d000.s1034.t000" lemma="nevezan" pos="ADJ">nevezano</instance>
         <wf lemma="uz" pos="X">uz</wf>
         <wf lemma="temu" pos="X">temu</wf>
         <wf lemma="." pos="X">.</wf>
      </sentence>
      <sentence id="d000.s1035" source="wordnet-croatian">
         <wf lemma="Svi" pos="X">Svi</wf>
         <wf lemma="su" pos="X">su</wf>
         <wf lemma="dočekali" pos="X">dočekali</wf>
         <wf lemma="vođu" pos="X">vođu</wf>
         <wf lemma="u" pos="X">u</wf>
         <wf lemma="stajaćem" pos="X">stajaćem</wf>
         <instance id="d000.s1035.t000" lemma="položaj" pos="NOUN">položaju</instance>
         <wf lemma="." pos="X">.</wf>
      </sentence>
      <sentence id="d000.s1036" source="wordnet-croatian">
         <wf lemma="Svim" pos="X">Svim</wf>
         <instance id="d000.s1036.t000" lemma="zaposlenik" pos="NOUN">zaposlenicima</instance>
         <wf lemma="ukinute" pos="X">ukinute</wf>
         <wf lemma="su" pos="X">su</wf>
         <wf lemma="božićnice" pos="X">božićnice</wf>
         <wf lemma="." pos="X">.</wf>
      </sentence>
      <sentence id="d000.s1037" source="wordnet-croatian">
         <wf lemma="Postoje" pos="X">Postoje</wf>
         <wf lemma="različiti" pos="X">različiti</wf>
         <instance id="d000.s1037.t000" lemma="dozator" pos="NOUN">dozatori</instance>
         <wf lemma="za" pos="X">za</wf>
         <wf lemma="mjerenje" pos="X">mjerenje</wf>
         <wf lemma="količine" pos="X">količine</wf>
         <wf lemma="alkoholnih" pos="X">alkoholnih</wf>
         <wf lemma="pića" pos="X">pića</wf>
         <wf lemma="." pos="X">.</wf>
      </sentence>
      <sentence id="d000.s1038" source="wordnet-croatian">
         <wf lemma="Neučinkovitost" pos="X">Neučinkovitost</wf>
         <wf lemma="je" pos="X">je</wf>
         <wf lemma="jedna" pos="X">jedna</wf>
         <wf lemma="od" pos="X">od</wf>
         <wf lemma="najizraženijih" pos="X">najizraženijih</wf>
         <instance id="d000.s1038.t000" lemma="karakteristika" pos="NOUN">karakteristika</instance>
         <wf lemma="socijalističkog" pos="X">socijalističkog</wf>
         <wf lemma="gospodarstva" pos="X">gospodarstva</wf>
         <wf lemma="." pos="X">.</wf>
      </sentence>
      <sentence id="d000.s1039" source="wordnet-croatian">
         <wf lemma="Sve" pos="X">Sve</wf>
         <wf lemma="sam" pos="X">sam</wf>
         <wf lemma="podatke" pos="X">podatke</wf>
         <wf lemma="obradio" pos="X">obradio</wf>
         <wf lemma="pomoću" pos="X">pomoću</wf>
         <instance id="d000.s1039.t000" lemma="kompjutor" pos="NOUN">kompjutora</instance>
         <wf lemma="." pos="X">.</wf>
      </sentence>
      <sentence id="d000.s1040" source="wordnet-croatian">
         <wf lemma="Zašto" pos="X">Zašto</wf>
         <wf lemma="ne" pos="X">ne</wf>
         <wf lemma="odjeneš" pos="X">odjeneš</wf>
         <wf lemma="kraću" pos="X">kraću</wf>
         <wf lemma="suknju" pos="X">suknju</wf>
         <wf lemma="i" pos="X">i</wf>
         <instance id="d000.s1040.t000" lemma="pokazati" pos="VERB">pokažeš</instance>
         <wf lemma="svoje" pos="X">svoje</wf>
         <wf lemma="lijepe" pos="X">lijepe</wf>
         <wf lemma="noge" pos="X">noge</wf>
         <wf lemma="?" pos="X">?</wf>
      </sentence>
      <sentence id="d000.s1041" source="wordnet-croatian">
         <wf lemma="Recesija" pos="X">Recesija</wf>
         <wf lemma="je" pos="X">je</wf>
         <wf lemma="ozbiljan" pos="X">ozbiljan</wf>
         <instance id="d000.s1041.t000" lemma="indikator" pos="NOUN">indikator</instance>
         <wf lemma="krize" pos="X">krize</wf>
         <wf lemma="." pos="X">.</wf>
      </sentence>
      <sentence id="d000.s1042" source="wordnet-croatian">
         <wf lemma="Humanističke" pos="X">Humanističke</wf>
         <wf lemma="znanosti" pos="X">znanosti</wf>
         <wf lemma="tvore" pos="X">tvore</wf>
         <wf lemma="zasebno" pos="X">zasebno</wf>
         <wf lemma="znanstveno" pos="X">znanstveno</wf>
         <instance id="d000.s1042.t000" lemma="područje" pos="NOUN">područje</instance>
         <wf lemma="." pos="X">.</wf>
      </sentence>
      <sentence id="d000.s1043" source="wordnet-croatian">
         <wf lemma="Poruka" pos="X">Poruka</wf>
         <wf lemma="se" pos="X">se</wf>
         <wf lemma="mora" pos="X">mora</wf>
         <instance id="d000.s1043.t000" lemma="kodirati" pos="VERB">kodirati</instance>
         <wf lemma="zbog" pos="X">zbog</wf>
         <wf lemma="sigurnosnih" pos="X">sigurnosnih</wf>
         <wf lemma="razloga" pos="X">razloga</wf>
         <wf lemma="." pos="X">.</wf>
      </sentence>
      <sentence id="d000.s1044" source="wordnet-croatian">
         <wf lemma="Na" pos="X">Na</wf>
         <wf lemma="seoskim" pos="X">seoskim</wf>
         <wf lemma="domaćinstvima" pos="X">domaćinstvima</wf>
         <wf lemma="ljudi" pos="X">ljudi</wf>
         <wf lemma="još" pos="X">još</wf>
         <wf lemma="uvijek" pos="X">uvijek</wf>
         <instance id="d000.s1044.t000" lemma="čerupati" pos="VERB">čerupaju</instance>
         <wf lemma="perad" pos="X">perad</wf>
         <wf lemma="u" pos="X">u</wf>
         <wf lemma="svome" pos="X">svome</wf>
         <wf lemma="domu" pos="X">domu</wf>
         <wf lemma="." pos="X">.</wf>
      </sentence>
      <sentence id="d000.s1045" source="wordnet-croatian">
         <wf lemma="Iako" pos="X">Iako</wf>
         <wf lemma="sam" pos="X">sam</wf>
         <wf lemma="njegova" pos="X">njegova</wf>
         <wf lemma="udvaranja" pos="X">udvaranja</wf>
         <instance id="d000.s1045.t000" lemma="smatrati" pos="VERB">smatrala</instance>
         <wf lemma="budalastima" pos="X">budalastima</wf>
         <wf lemma="," pos="X">,</wf>
         <wf lemma="ipak" pos="X">ipak</wf>
         <wf lemma="sam" pos="X">sam</wf>
         <wf lemma="se" pos="X">se</wf>
         <wf lemma="udala" pos="X">udala</wf>
         <wf lemma="za" pos="X">za</wf>
         <wf lemma="njega" pos="X">njega</wf>
         <wf lemma="." pos="X">.</wf>
      </sentence>
      <sentence id="d000.s1046" source="wordnet-croatian">
         <wf lemma="Manekenke" pos="X">Manekenke</wf>
         <wf lemma="uče" pos="X">uče</wf>
         <wf lemma="trikove" pos="X">trikove</wf>
         <wf lemma="poziranja" pos="X">poziranja</wf>
         <wf lemma="pred" pos="X">pred</wf>
         <instance id="d000.s1046.t000" lemma="fotoaparat" pos="NOUN">fotoaparatom</instance>
         <wf lemma="." pos="X">.</wf>
      </sentence>
      <sentence id="d000.s1047" source="wordnet-croatian">
         <wf lemma="Uz" pos="X">Uz</wf>
         <instance id="d000.s1047.t000" lemma="put" pos="NOUN">put</instance>
         <wf lemma="je" pos="X">je</wf>
         <wf lemma="raslo" pos="X">raslo</wf>
         <wf lemma="mirisno" pos="X">mirisno</wf>
         <wf lemma="cvijeće" pos="X">cvijeće</wf>
         <wf lemma="svih" pos="X">svih</wf>
         <wf lemma="boja" pos="X">boja</wf>
         <wf lemma="." pos="X">.</wf>
      </sentence>
      <sentence id="d000.s1048" source="wordnet-croatian">
         <instance id="d000.s1048.t000" lemma="krivulja" pos="NOUN">Krivulja</instance>
         <wf lemma="je" pos="X">je</wf>
         <wf lemma="pokazivala" pos="X">pokazivala</wf>
         <wf lemma="blagi" pos="X">blagi</wf>
         <wf lemma="rast" pos="X">rast</wf>
         <wf lemma="prihoda" pos="X">prihoda</wf>
         <wf lemma="u" pos="X">u</wf>
         <wf lemma="posljednjem" pos="X">posljednjem</wf>
         <wf lemma="kvartalu" pos="X">kvartalu</wf>
         <wf lemma="godine" pos="X">godine</wf>
         <wf lemma="." pos="X">.</wf>
      </sentence>
      <sentence id="d000.s1049" source="wordnet-croatian">
         <wf lemma="Studenti" pos="X">Studenti</wf>
         <wf lemma="nisu" pos="X">nisu</wf>
         <wf lemma="bili" pos="X">bili</wf>
         <wf lemma="zadovoljni" pos="X">zadovoljni</wf>
         <instance id="d000.s1049.t000" lemma="struktura" pos="NOUN">strukturom</instance>
         <wf lemma="njezinih" pos="X">njezinih</wf>
         <wf lemma="predavanja" pos="X">predavanja</wf>
         <wf lemma="." pos="X">.</wf>
      </sentence>
      <sentence id="d000.s1050" source="wordnet-croatian">
         <wf lemma="Čisti" pos="X">Čisti</wf>
         <wf lemma="je" pos="X">je</wf>
         <instance id="d000.s1050.t000" lemma="topaz" pos="NOUN">topaz</instance>
         <wf lemma="proziran" pos="X">proziran</wf>
         <wf lemma="." pos="X">.</wf>
      </sentence>
      <sentence id="d000.s1051" source="wordnet-croatian">
         <wf lemma="Heroin" pos="X">Heroin</wf>
         <wf lemma="i" pos="X">i</wf>
         <wf lemma="morfij" pos="X">morfij</wf>
         <wf lemma="su" pos="X">su</wf>
         <wf lemma="snažni" pos="X">snažni</wf>
         <instance id="d000.s1051.t000" lemma="opijat" pos="NOUN">opijati</instance>
         <wf lemma="." pos="X">.</wf>
      </sentence>
      <sentence id="d000.s1052" source="wordnet-croatian">
         <wf lemma="Sve" pos="X">Sve</wf>
         <wf lemma="je" pos="X">je</wf>
         <instance id="d000.s1052.t000" lemma="moguć" pos="ADJ">moguće</instance>
         <wf lemma="." pos="X">.</wf>
      </sentence>
      <sentence id="d000.s1053" source="wordnet-croatian">
         <wf lemma="Ivana" pos="X">Ivana</wf>
         <wf lemma="je" pos="X">je</wf>
         <wf lemma="nasreću" pos="X">nasreću</wf>
         <wf lemma="sačuvala" pos="X">sačuvala</wf>
         <wf lemma="sve" pos="X">sve</wf>
         <instance id="d000.s1053.t000" lemma="dokument" pos="NOUN">dokumente</instance>
         <wf lemma="o" pos="X">o</wf>
         <wf lemma="zločinu" pos="X">zločinu</wf>
         <wf lemma="." pos="X">.</wf>
      </sentence>
      <sentence id="d000.s1054" source="wordnet-croatian">
         <wf lemma="Ispod" pos="X">Ispod</wf>
         <instance id="d000.s1054.t000" lemma="sloj" pos="NOUN">sloja</instance>
         <wf lemma="mahovine" pos="X">mahovine</wf>
         <wf lemma="nalazi" pos="X">nalazi</wf>
         <wf lemma="se" pos="X">se</wf>
         <wf lemma="kora" pos="X">kora</wf>
         <wf lemma="stabla" pos="X">stabla</wf>
         <wf lemma="." pos="X">.</wf>
      </sentence>
      <sentence id="d000.s1055" source="wordnet-croatian">
         <instance id="d000.s1055.t000" lemma="posipati" pos="VERB">Posipala</instance>
         <wf lemma="je" pos="X">je</wf>
         <wf lemma="tortu" pos="X">tortu</wf>
         <wf lemma="ukrasnim" pos="X">ukrasnim</wf>
         <wf lemma="čokoladnim" pos="X">čokoladnim</wf>
         <wf lemma="mrvicama" pos="X">mrvicama</wf>
         <wf lemma="." pos="X">.</wf>
      </sentence>
      <sentence id="d000.s1056" source="wordnet-croatian">
         <wf lemma="Hlače" pos="X">Hlače</wf>
         <wf lemma="su" pos="X">su</wf>
         <wf lemma="joj" pos="X">joj</wf>
         <wf lemma="bile" pos="X">bile</wf>
         <wf lemma="malo" pos="X">malo</wf>
         <wf lemma="predugačke" pos="X">predugačke</wf>
         <wf lemma="pa" pos="X">pa</wf>
         <wf lemma="je" pos="X">je</wf>
         <wf lemma="zavrnula" pos="X">zavrnula</wf>
         <instance id="d000.s1056.t000" lemma="nogavica" pos="NOUN">nogavice</instance>
         <wf lemma="." pos="X">.</wf>
      </sentence>
      <sentence id="d000.s1057" source="wordnet-croatian">
         <wf lemma="Nakon" pos="X">Nakon</wf>
         <wf lemma="proglašenja" pos="X">proglašenja</wf>
         <wf lemma="pobjednika" pos="X">pobjednika</wf>
         <wf lemma="na" pos="X">na</wf>
         <wf lemma="svim" pos="X">svim</wf>
         <wf lemma="se" pos="X">se</wf>
         <wf lemma="licima" pos="X">licima</wf>
         <wf lemma="vidjela" pos="X">vidjela</wf>
         <wf lemma="posvemašnja" pos="X">posvemašnja</wf>
         <instance id="d000.s1057.t000" lemma="zapanjenost" pos="NOUN">zapanjenost</instance>
         <wf lemma="." pos="X">.</wf>
      </sentence>
      <sentence id="d000.s1058" source="wordnet-croatian">
         <instance id="d000.s1058.t000" lemma="vjerovati" pos="VERB">Vjerujem</instance>
         <wf lemma="da" pos="X">da</wf>
         <wf lemma="je" pos="X">je</wf>
         <wf lemma="izvršio" pos="X">izvršio</wf>
         <wf lemma="svoj" pos="X">svoj</wf>
         <wf lemma="zadatak" pos="X">zadatak</wf>
         <wf lemma="." pos="X">.</wf>
      </sentence>
      <sentence id="d000.s1059" source="wordnet-croatian">
         <wf lemma="U" pos="X">U</wf>
         <instance id="d000.s1059.t000" lemma="proljeće" pos="NOUN">proljeće</instance>
         <wf lemma="se" pos="X">se</wf>
         <wf lemma="priroda" pos="X">priroda</wf>
         <wf lemma="počinje" pos="X">počinje</wf>
         <wf lemma="buditi" pos="X">buditi</wf>
         <wf lemma="." pos="X">.</wf>
      </sentence>
      <sentence id="d000.s1060" source="wordnet-croatian">
         <instance id="d000.s1060.t000" lemma="nepoštovanje" pos="NOUN">Nepoštovanje</instance>
         <wf lemma="suda" pos="X">suda</wf>
         <wf lemma="kažnjava" pos="X">kažnjava</wf>
         <wf lemma="se" pos="X">se</wf>
         <wf lemma="novčanom" pos="X">novčanom</wf>
         <wf lemma="ili" pos="X">ili</wf>
         <wf lemma="zatvorskom" pos="X">zatvorskom</wf>
         <wf lemma="kaznom" pos="X">kaznom</wf>
         <wf lemma="." pos="X">.</wf>
      </sentence>
      <sentence id="d000.s1061" source="wordnet-croatian">
         <wf lemma="Sama" pos="X">Sama</wf>
         <wf lemma="je" pos="X">je</wf>
         <wf lemma="morala" pos="X">morala</wf>
         <wf lemma="napraviti" pos="X">napraviti</wf>
         <instance id="d000.s1061.t000" lemma="raspored" pos="NOUN">raspored</instance>
         <wf lemma="sjedenja" pos="X">sjedenja</wf>
         <wf lemma="za" pos="X">za</wf>
         <wf lemma="tisuću" pos="X">tisuću</wf>
         <wf lemma="uzvanika" pos="X">uzvanika</wf>
         <wf lemma="." pos="X">.</wf>
      </sentence>
      <sentence id="d000.s1062" source="wordnet-croatian">
         <wf lemma="Ljudi" pos="X">Ljudi</wf>
         <wf lemma="se" pos="X">se</wf>
         <wf lemma="razmnožavaju" pos="X">razmnožavaju</wf>
         <wf lemma="isključivo" pos="X">isključivo</wf>
         <instance id="d000.s1062.t000" lemma="spolan" pos="ADJ">spolnim</instance>
         <wf lemma="putem" pos="X">putem</wf>
         <wf lemma="." pos="X">.</wf>
      </sentence>
      <sentence id="d000.s1063" source="wordnet-croatian">
         <wf lemma="Uvijek" pos="X">Uvijek</wf>
         <wf lemma="je" pos="X">je</wf>
         <wf lemma="iskazivala" pos="X">iskazivala</wf>
         <instance id="d000.s1063.t000" lemma="milost" pos="NOUN">milost</instance>
         <wf lemma="prema" pos="X">prema</wf>
         <wf lemma="potrebitima" pos="X">potrebitima</wf>
         <wf lemma="." pos="X">.</wf>
      </sentence>
      <sentence id="d000.s1064" source="wordnet-croatian">
         <wf lemma="Cijeli" pos="X">Cijeli</wf>
         <wf lemma="je" pos="X">je</wf>
         <instance id="d000.s1064.t000" lemma="grad" pos="NOUN">grad</instance>
         <wf lemma="navijao" pos="X">navijao</wf>
         <wf lemma="za" pos="X">za</wf>
         <wf lemma="svoju" pos="X">svoju</wf>
         <wf lemma="momčad" pos="X">momčad</wf>
         <wf lemma="." pos="X">.</wf>
      </sentence>
      <sentence id="d000.s1065" source="wordnet-croatian">
         <wf lemma="O" pos="X">O</wf>
         <wf lemma="izboru" pos="X">izboru</wf>
         <wf lemma="između" pos="X">između</wf>
         <wf lemma="signalnih" pos="X">signalnih</wf>
         <instance id="d000.s1065.t000" lemma="funkcija" pos="NOUN">funkcija</instance>
         <wf lemma="ne" pos="X">ne</wf>
         <wf lemma="trebate" pos="X">trebate</wf>
         <wf lemma="brinuti" pos="X">brinuti</wf>
         <wf lemma="jer" pos="X">jer</wf>
         <wf lemma="se" pos="X">se</wf>
         <wf lemma="on" pos="X">on</wf>
         <wf lemma="vrši" pos="X">vrši</wf>
         <wf lemma="posebno" pos="X">posebno</wf>
         <wf lemma="." pos="X">.</wf>
      </sentence>
      <sentence id="d000.s1066" source="wordnet-croatian">
         <wf lemma="On" pos="X">On</wf>
         <wf lemma="je" pos="X">je</wf>
         <wf lemma="bio" pos="X">bio</wf>
         <instance id="d000.s1066.t000" lemma="beznačajan" pos="ADJ">beznačajni</instance>
         <wf lemma="činovničić" pos="X">činovničić</wf>
         <wf lemma="." pos="X">.</wf>
      </sentence>
      <sentence id="d000.s1067" source="wordnet-croatian">
         <wf lemma="Svojim" pos="X">Svojim</wf>
         <wf lemma="je" pos="X">je</wf>
         <wf lemma="neuobičajenim" pos="X">neuobičajenim</wf>
         <wf lemma="ponašanjem" pos="X">ponašanjem</wf>
         <wf lemma="ljutila" pos="X">ljutila</wf>
         <instance id="d000.s1067.t000" lemma="konzervativan" pos="ADJ">konzervativne</instance>
         <wf lemma="roditelje" pos="X">roditelje</wf>
         <wf lemma="." pos="X">.</wf>
      </sentence>
      <sentence id="d000.s1068" source="wordnet-croatian">
         <wf lemma="U" pos="X">U</wf>
         <wf lemma="vrućoj" pos="X">vrućoj</wf>
         <wf lemma="je" pos="X">je</wf>
         <instance id="d000.s1068.t000" lemma="kovačnica" pos="NOUN">kovačnici</instance>
         <wf lemma="seoski" pos="X">seoski</wf>
         <wf lemma="kovač" pos="X">kovač</wf>
         <wf lemma="svaki" pos="X">svaki</wf>
         <wf lemma="dan" pos="X">dan</wf>
         <wf lemma="kovao" pos="X">kovao</wf>
         <wf lemma="oružje" pos="X">oružje</wf>
         <wf lemma="." pos="X">.</wf>
      </sentence>
      <sentence id="d000.s1069" source="wordnet-croatian">
         <wf lemma="U" pos="X">U</wf>
         <wf lemma="našoj" pos="X">našoj</wf>
         <wf lemma="zemlji" pos="X">zemlji</wf>
         <wf lemma="vlada" pos="X">vlada</wf>
         <instance id="d000.s1069.t000" lemma="topao" pos="ADJ">topla</instance>
         <wf lemma="klima" pos="X">klima</wf>
         <wf lemma="." pos="X">.</wf>
      </sentence>
      <sentence id="d000.s1070" source="wordnet-croatian">
         <wf lemma="Film" pos="X">Film</wf>
         <wf lemma="je" pos="X">je</wf>
         <wf lemma="dobio" pos="X">dobio</wf>
         <instance id="d000.s1070.t000" lemma="loš" pos="ADJ">loše</instance>
         <wf lemma="kritike" pos="X">kritike</wf>
         <wf lemma="." pos="X">.</wf>
      </sentence>
      <sentence id="d000.s1071" source="wordnet-croatian">
         <wf lemma="Volio" pos="X">Volio</wf>
         <wf lemma="je" pos="X">je</wf>
         <wf lemma="crtati" pos="X">crtati</wf>
         <instance id="d000.s1071.t000" lemma="mrtav" pos="ADJ">mrtvu</instance>
         <wf lemma="prirodu" pos="X">prirodu</wf>
         <wf lemma="." pos="X">.</wf>
      </sentence>
      <sentence id="d000.s1072" source="wordnet-croatian">
         <wf lemma="Godine" pos="X">Godine</wf>
         <wf lemma="nezaustavljivo" pos="X">nezaustavljivo</wf>
         <instance id="d000.s1072.t000" lemma="odmicati" pos="VERB">odmiču</instance>
         <wf lemma="." pos="X">.</wf>
      </sentence>
      <sentence id="d000.s1073" source="wordnet-croatian">
         <instance id="d000.s1073.t000" lemma="koristiti" pos="VERB">Koristi</instance>
         <wf lemma="svoj" pos="X">svoj</wf>
         <wf lemma="mozak" pos="X">mozak</wf>
         <wf lemma="dok" pos="X">dok</wf>
         <wf lemma="govoriš" pos="X">govoriš</wf>
         <wf lemma="." pos="X">.</wf>
      </sentence>
      <sentence id="d000.s1074" source="wordnet-croatian">
         <wf lemma="Na" pos="X">Na</wf>
         <wf lemma="nebu" pos="X">nebu</wf>
         <wf lemma="se" pos="X">se</wf>
         <wf lemma="sjajio" pos="X">sjajio</wf>
         <instance id="d000.s1074.t000" lemma="niz" pos="NOUN">niz</instance>
         <wf lemma="duginih" pos="X">duginih</wf>
         <wf lemma="boja" pos="X">boja</wf>
         <wf lemma="." pos="X">.</wf>
      </sentence>
      <sentence id="d000.s1075" source="wordnet-croatian">
         <wf lemma="Postoji" pos="X">Postoji</wf>
         <wf lemma="nekoliko" pos="X">nekoliko</wf>
         <wf lemma="teorija" pos="X">teorija</wf>
         <wf lemma="u" pos="X">u</wf>
         <wf lemma="kemiji" pos="X">kemiji</wf>
         <wf lemma="koje" pos="X">koje</wf>
         <wf lemma="objašnjavaju" pos="X">objašnjavaju</wf>
         <wf lemma="nastajanje" pos="X">nastajanje</wf>
         <instance id="d000.s1075.t000" lemma="baza" pos="NOUN">baza</instance>
         <wf lemma="." pos="X">.</wf>
      </sentence>
      <sentence id="d000.s1076" source="wordnet-croatian">
         <wf lemma="Nakon" pos="X">Nakon</wf>
         <wf lemma="pranja" pos="X">pranja</wf>
         <wf lemma="zuba" pos="X">zuba</wf>
         <wf lemma="dobro" pos="X">dobro</wf>
         <wf lemma="je" pos="X">je</wf>
         <wf lemma="usta" pos="X">usta</wf>
         <instance id="d000.s1076.t000" lemma="isprati" pos="VERB">isprati</instance>
         <wf lemma="i" pos="X">i</wf>
         <wf lemma="vodicom" pos="X">vodicom</wf>
         <wf lemma="za" pos="X">za</wf>
         <wf lemma="ispiranje" pos="X">ispiranje</wf>
         <wf lemma="usta" pos="X">usta</wf>
         <wf lemma="." pos="X">.</wf>
      </sentence>
      <sentence id="d000.s1077" source="wordnet-croatian">
         <wf lemma="Zagrijavanjem" pos="X">Zagrijavanjem</wf>
         <wf lemma="otopine" pos="X">otopine</wf>
         <wf lemma="povećava" pos="X">povećava</wf>
         <wf lemma="se" pos="X">se</wf>
         <instance id="d000.s1077.t000" lemma="kretljivost" pos="NOUN">kretljivost</instance>
         <wf lemma="elektrona" pos="X">elektrona</wf>
         <wf lemma="." pos="X">.</wf>
      </sentence>
      <sentence id="d000.s1078" source="wordnet-croatian">
         <wf lemma="Upozorio" pos="X">Upozorio</wf>
         <wf lemma="me" pos="X">me</wf>
         <wf lemma="na" pos="X">na</wf>
         <wf lemma="složena" pos="X">složena</wf>
         <wf lemma="sigurnosna" pos="X">sigurnosna</wf>
         <wf lemma="pravila" pos="X">pravila</wf>
         <wf lemma="koja" pos="X">koja</wf>
         <wf lemma="treba" pos="X">treba</wf>
         <wf lemma="poštovati" pos="X">poštovati</wf>
         <wf lemma="prilikom" pos="X">prilikom</wf>
         <instance id="d000.s1078.t000" lemma="uporaba" pos="NOUN">uporabe</instance>
         <wf lemma="viljuškara" pos="X">viljuškara</wf>
         <wf lemma="." pos="X">.</wf>
      </sentence>
      <sentence id="d000.s1079" source="wordnet-croatian">
         <instance id="d000.s1079.t000" lemma="živjeti" pos="VERB">Živim</instance>
         <wf lemma="na" pos="X">na</wf>
         <wf lemma="najmanjem" pos="X">najmanjem</wf>
         <wf lemma="otoku" pos="X">otoku</wf>
         <wf lemma="u" pos="X">u</wf>
         <wf lemma="Hrvatskoj" pos="X">Hrvatskoj</wf>
         <wf lemma="." pos="X">.</wf>
      </sentence>
      <sentence id="d000.s1080" source="wordnet-croatian">
         <instance id="d000.s1080.t000" lemma="skratiti" pos="VERB">Skratio</instance>
         <wf lemma="je" pos="X">je</wf>
         <wf lemma="svoje" pos="X">svoje</wf>
         <wf lemma="putovanje" pos="X">putovanje</wf>
         <wf lemma="zbog" pos="X">zbog</wf>
         <wf lemma="bolesti" pos="X">bolesti</wf>
         <wf lemma="." pos="X">.</wf>
      </sentence>
      <sentence id="d000.s1081" source="wordnet-croatian">
         <wf lemma="Unutar" pos="X">Unutar</wf>
         <instance id="d000.s1081.t000" lemma="kategorija" pos="NOUN">kategorije</instance>
         <wf lemma="postoje" pos="X">postoje</wf>
         <wf lemma="tipični" pos="X">tipični</wf>
         <wf lemma="i" pos="X">i</wf>
         <wf lemma="manje" pos="X">manje</wf>
         <wf lemma="tipični" pos="X">tipični</wf>
         <wf lemma="primjerci" pos="X">primjerci</wf>
         <wf lemma="." pos="X">.</wf>
      </sentence>
      <sentence id="d000.s1082" source="wordnet-croatian">
         <wf lemma="Prihvaćanje" pos="X">Prihvaćanje</wf>
         <wf lemma="dužnosti" pos="X">dužnosti</wf>
         <wf lemma="prodekana" pos="X">prodekana</wf>
         <wf lemma="bio" pos="X">bio</wf>
         <wf lemma="mu" pos="X">mu</wf>
         <wf lemma="je" pos="X">je</wf>
         <wf lemma="odličan" pos="X">odličan</wf>
         <instance id="d000.s1082.t000" lemma="potez" pos="NOUN">potez</instance>
         <wf lemma="." pos="X">.</wf>
      </sentence>
      <sentence id="d000.s1083" source="wordnet-croatian">
         <wf lemma="Ona" pos="X">Ona</wf>
         <wf lemma="uvijek" pos="X">uvijek</wf>
         <wf lemma="u" pos="X">u</wf>
         <wf lemma="salate" pos="X">salate</wf>
         <wf lemma="dodaje" pos="X">dodaje</wf>
         <wf lemma="malo" pos="X">malo</wf>
         <instance id="d000.s1083.t000" lemma="leća" pos="NOUN">leće</instance>
         <wf lemma="." pos="X">.</wf>
      </sentence>
      <sentence id="d000.s1084" source="wordnet-croatian">
         <instance id="d000.s1084.t000" lemma="pamet" pos="NOUN">Pamet</instance>
         <wf lemma="me" pos="X">me</wf>
         <wf lemma="ne" pos="X">ne</wf>
         <wf lemma="služi" pos="X">služi</wf>
         <wf lemma="kao" pos="X">kao</wf>
         <wf lemma="prije" pos="X">prije</wf>
         <wf lemma="." pos="X">.</wf>
      </sentence>
      <sentence id="d000.s1085" source="wordnet-croatian">
         <instance id="d000.s1085.t000" lemma="očekivati" pos="VERB">Očekuju</instance>
         <wf lemma="bebu" pos="X">bebu</wf>
         <wf lemma="na" pos="X">na</wf>
         <wf lemma="proljeće" pos="X">proljeće</wf>
         <wf lemma="." pos="X">.</wf>
      </sentence>
      <sentence id="d000.s1086" source="wordnet-croatian">
         <instance id="d000.s1086.t000" lemma="lupati" pos="VERB">Lupao</instance>
         <wf lemma="se" pos="X">se</wf>
         <wf lemma="je" pos="X">je</wf>
         <wf lemma="po" pos="X">po</wf>
         <wf lemma="prsima" pos="X">prsima</wf>
         <wf lemma="očajan" pos="X">očajan</wf>
         <wf lemma="zbog" pos="X">zbog</wf>
         <wf lemma="krivog" pos="X">krivog</wf>
         <wf lemma="izračuna" pos="X">izračuna</wf>
         <wf lemma="," pos="X">,</wf>
         <wf lemma="." pos="X">.</wf>
      </sentence>
      <sentence id="d000.s1087" source="wordnet-croatian">
         <wf lemma="Roditeljski" pos="X">Roditeljski</wf>
         <instance id="d000.s1087.t000" lemma="nadzor" pos="NOUN">nadzor</instance>
         <wf lemma="vrlo" pos="X">vrlo</wf>
         <wf lemma="je" pos="X">je</wf>
         <wf lemma="važan" pos="X">važan</wf>
         <wf lemma="u" pos="X">u</wf>
         <wf lemma="tim" pos="X">tim</wf>
         <wf lemma="godinama" pos="X">godinama</wf>
         <wf lemma="." pos="X">.</wf>
      </sentence>
      <sentence id="d000.s1088" source="wordnet-croatian">
         <wf lemma="Veselim" pos="X">Veselim</wf>
         <wf lemma="se" pos="X">se</wf>
         <wf lemma="novome" pos="X">novome</wf>
         <instance id="d000.s1088.t000" lemma="unuk" pos="NOUN">unuku</instance>
         <wf lemma="!" pos="X">!</wf>
      </sentence>
      <sentence id="d000.s1089" source="wordnet-croatian">
         <wf lemma="Prošle" pos="X">Prošle</wf>
         <wf lemma="godine" pos="X">godine</wf>
         <wf lemma="izabrana" pos="X">izabrana</wf>
         <wf lemma="je" pos="X">je</wf>
         <wf lemma="u" pos="X">u</wf>
         <wf lemma="zvanje" pos="X">zvanje</wf>
         <wf lemma="redovnog" pos="X">redovnog</wf>
         <instance id="d000.s1089.t000" lemma="profesor" pos="NOUN">profesora</instance>
         <wf lemma="." pos="X">.</wf>
      </sentence>
      <sentence id="d000.s1090" source="wordnet-croatian">
         <instance id="d000.s1090.t000" lemma="raster" pos="NOUN">Raster</instance>
         <wf lemma="se" pos="X">se</wf>
         <wf lemma="razlikuje" pos="X">razlikuje</wf>
         <wf lemma="od" pos="X">od</wf>
         <wf lemma="vektorskog" pos="X">vektorskog</wf>
         <wf lemma="prikaza" pos="X">prikaza</wf>
         <wf lemma="slike" pos="X">slike</wf>
         <wf lemma="." pos="X">.</wf>
      </sentence>
      <sentence id="d000.s1091" source="wordnet-croatian">
         <instance id="d000.s1091.t000" lemma="uložiti" pos="VERB">Uložila</instance>
         <wf lemma="je" pos="X">je</wf>
         <wf lemma="sav" pos="X">sav</wf>
         <wf lemma="novac" pos="X">novac</wf>
         <wf lemma="na" pos="X">na</wf>
         <wf lemma="neparne" pos="X">neparne</wf>
         <wf lemma="brojeve" pos="X">brojeve</wf>
         <wf lemma="." pos="X">.</wf>
      </sentence>
      <sentence id="d000.s1092" source="wordnet-croatian">
         <wf lemma="Svoje" pos="X">Svoje</wf>
         <wf lemma="riječi" pos="X">riječi</wf>
         <instance id="d000.s1092.t000" lemma="naglašavati" pos="VERB">naglašavao</instance>
         <wf lemma="je" pos="X">je</wf>
         <wf lemma="gestama" pos="X">gestama</wf>
         <wf lemma="." pos="X">.</wf>
      </sentence>
      <sentence id="d000.s1093" source="wordnet-croatian">
         <wf lemma="Kakav" pos="X">Kakav</wf>
         <wf lemma="je" pos="X">je</wf>
         <wf lemma="to" pos="X">to</wf>
         <wf lemma="opet" pos="X">opet</wf>
         <instance id="d000.s1093.t000" lemma="zastoj" pos="NOUN">zastoj</instance>
         <wf lemma="na" pos="X">na</wf>
         <wf lemma="cesti" pos="X">cesti</wf>
         <wf lemma="?" pos="X">?</wf>
      </sentence>
      <sentence id="d000.s1094" source="wordnet-croatian">
         <wf lemma="Nisi" pos="X">Nisi</wf>
         <wf lemma="ništa" pos="X">ništa</wf>
         <wf lemma="propustila" pos="X">propustila</wf>
         <wf lemma="," pos="X">,</wf>
         <wf lemma="bile" pos="X">bile</wf>
         <wf lemma="su" pos="X">su</wf>
         <wf lemma="to" pos="X">to</wf>
         <wf lemma="samo" pos="X">samo</wf>
         <instance id="d000.s1094.t000" lemma="varijacija" pos="NOUN">varijacije</instance>
         <wf lemma="na" pos="X">na</wf>
         <wf lemma="istu" pos="X">istu</wf>
         <wf lemma="temu" pos="X">temu</wf>
         <wf lemma="." pos="X">.</wf>
      </sentence>
      <sentence id="d000.s1095" source="wordnet-croatian">
         <wf lemma="Od" pos="X">Od</wf>
         <wf lemma="obreda" pos="X">obreda</wf>
         <wf lemma="koje" pos="X">koje</wf>
         <wf lemma="obavljam" pos="X">obavljam</wf>
         <wf lemma="kao" pos="X">kao</wf>
         <wf lemma="svečenik" pos="X">svečenik</wf>
         <wf lemma="najdraži" pos="X">najdraži</wf>
         <wf lemma="mi" pos="X">mi</wf>
         <wf lemma="je" pos="X">je</wf>
         <instance id="d000.s1095.t000" lemma="obred" pos="NOUN">obred</instance>
         <wf lemma="krštenja" pos="X">krštenja</wf>
         <wf lemma="." pos="X">.</wf>
      </sentence>
      <sentence id="d000.s1096" source="wordnet-croatian">
         <wf lemma="Majka" pos="X">Majka</wf>
         <wf lemma="je" pos="X">je</wf>
         <instance id="d000.s1096.t000" lemma="reći" pos="VERB">rekla</instance>
         <wf lemma="sinu" pos="X">sinu</wf>
         <wf lemma="da" pos="X">da</wf>
         <wf lemma="mora" pos="X">mora</wf>
         <wf lemma="pojesti" pos="X">pojesti</wf>
         <wf lemma="svo" pos="X">svo</wf>
         <wf lemma="varivo" pos="X">varivo</wf>
         <wf lemma="." pos="X">.</wf>
      </sentence>
      <sentence id="d000.s1097" source="wordnet-croatian">
         <wf lemma="Brazilska" pos="X">Brazilska</wf>
         <wf lemma="je" pos="X">je</wf>
         <wf lemma="reprezentacija" pos="X">reprezentacija</wf>
         <instance id="d000.s1097.t000" lemma="dati" pos="VERB">dala</instance>
         <wf lemma="četiri" pos="X">četiri</wf>
         <wf lemma="gola" pos="X">gola</wf>
         <wf lemma="na" pos="X">na</wf>
         <wf lemma="posljednjoj" pos="X">posljednjoj</wf>
         <wf lemma="utakmici" pos="X">utakmici</wf>
         <wf lemma="." pos="X">.</wf>
      </sentence>
      <sentence id="d000.s1098" source="wordnet-croatian">
         <wf lemma="Marica" pos="X">Marica</wf>
         <wf lemma="je" pos="X">je</wf>
         <wf lemma="radila" pos="X">radila</wf>
         <wf lemma="u" pos="X">u</wf>
         <instance id="d000.s1098.t000" lemma="malen" pos="ADJ">malenoj</instance>
         <wf lemma="trgovini" pos="X">trgovini</wf>
         <wf lemma="." pos="X">.</wf>
      </sentence>
      <sentence id="d000.s1099" source="wordnet-croatian">
         <wf lemma="Klempave" pos="X">Klempave</wf>
         <wf lemma="uške" pos="X">uške</wf>
         <wf lemma="su" pos="X">su</wf>
         <wf lemma="one" pos="X">one</wf>
         <wf lemma="kod" pos="X">kod</wf>
         <wf lemma="kojih" pos="X">kojih</wf>
         <wf lemma="je" pos="X">je</wf>
         <instance id="d000.s1099.t000" lemma="izbočenost" pos="NOUN">izbočenost</instance>
         <wf lemma="od" pos="X">od</wf>
         <wf lemma="ravnine" pos="X">ravnine</wf>
         <wf lemma="glave" pos="X">glave</wf>
         <wf lemma="veća" pos="X">veća</wf>
         <wf lemma="od" pos="X">od</wf>
         <wf lemma="2.5" pos="X">2.5</wf>
         <wf lemma="cm" pos="X">cm</wf>
         <wf lemma="." pos="X">.</wf>
      </sentence>
      <sentence id="d000.s1100" source="wordnet-croatian">
         <wf lemma="Prošla" pos="X">Prošla</wf>
         <wf lemma="je" pos="X">je</wf>
         <wf lemma="godina" pos="X">godina</wf>
         <wf lemma="obilježena" pos="X">obilježena</wf>
         <wf lemma="snažnim" pos="X">snažnim</wf>
         <instance id="d000.s1100.t000" lemma="porast" pos="NOUN">porastom</instance>
         <wf lemma="poreza" pos="X">poreza</wf>
         <wf lemma="na" pos="X">na</wf>
         <wf lemma="dobit" pos="X">dobit</wf>
         <wf lemma="." pos="X">.</wf>
      </sentence>
      <sentence id="d000.s1101" source="wordnet-croatian">
         <wf lemma="Na" pos="X">Na</wf>
         <wf lemma="tvome" pos="X">tvome</wf>
         <wf lemma="se" pos="X">se</wf>
         <instance id="d000.s1101.t000" lemma="mjesto" pos="NOUN">mjestu</instance>
         <wf lemma="ne" pos="X">ne</wf>
         <wf lemma="bih" pos="X">bih</wf>
         <wf lemma="brinula" pos="X">brinula</wf>
         <wf lemma="o" pos="X">o</wf>
         <wf lemma="ishodu" pos="X">ishodu</wf>
         <wf lemma="parnice" pos="X">parnice</wf>
         <wf lemma="." pos="X">.</wf>
      </sentence>
      <sentence id="d000.s1102" source="wordnet-croatian">
         <wf lemma="Na" pos="X">Na</wf>
         <wf lemma="jesen" pos="X">jesen</wf>
         <wf lemma="smo" pos="X">smo</wf>
         <wf lemma="još" pos="X">još</wf>
         <wf lemma="uvijek" pos="X">uvijek</wf>
         <wf lemma="prepričavali" pos="X">prepričavali</wf>
         <instance id="d000.s1102.t000" lemma="dogodovština" pos="NOUN">dogodovštine</instance>
         <wf lemma="s" pos="X">s</wf>
         <wf lemma="mora" pos="X">mora</wf>
         <wf lemma="." pos="X">.</wf>
      </sentence>
      <sentence id="d000.s1103" source="wordnet-croatian">
         <wf lemma="Nova" pos="X">Nova</wf>
         <wf lemma="je" pos="X">je</wf>
         <wf lemma="reklama" pos="X">reklama</wf>
         <wf lemma="izazvala" pos="X">izazvala</wf>
         <instance id="d000.s1103.t000" lemma="nepovoljan" pos="ADJ">nepovoljne</instance>
         <wf lemma="reakcije" pos="X">reakcije</wf>
         <wf lemma="." pos="X">.</wf>
      </sentence>
      <sentence id="d000.s1104" source="wordnet-croatian">
         <wf lemma="Napisao" pos="X">Napisao</wf>
         <wf lemma="je" pos="X">je</wf>
         <wf lemma="posebno" pos="X">posebno</wf>
         <wf lemma="vještu" pos="X">vještu</wf>
         <instance id="d000.s1104.t000" lemma="usporedba" pos="NOUN">usporedbu</instance>
         <wf lemma="dviju" pos="X">dviju</wf>
         <wf lemma="Ujevićevih" pos="X">Ujevićevih</wf>
         <wf lemma="pjesama" pos="X">pjesama</wf>
         <wf lemma="." pos="X">.</wf>
      </sentence>
      <sentence id="d000.s1105" source="wordnet-croatian">
         <wf lemma="Oluja" pos="X">Oluja</wf>
         <wf lemma="je" pos="X">je</wf>
         <instance id="d000.s1105.t000" lemma="prevrnuti" pos="VERB">prevrnula</instance>
         <wf lemma="čamac" pos="X">čamac</wf>
         <wf lemma="za" pos="X">za</wf>
         <wf lemma="spašavanje" pos="X">spašavanje</wf>
         <wf lemma="." pos="X">.</wf>
      </sentence>
      <sentence id="d000.s1106" source="wordnet-croatian">
         <wf lemma="Policija" pos="X">Policija</wf>
         <wf lemma="je" pos="X">je</wf>
         <wf lemma="pružila" pos="X">pružila</wf>
         <wf lemma="punu" pos="X">punu</wf>
         <instance id="d000.s1106.t000" lemma="zaštita" pos="NOUN">zaštitu</instance>
         <wf lemma="krunskom" pos="X">krunskom</wf>
         <wf lemma="svjedoku" pos="X">svjedoku</wf>
         <wf lemma="." pos="X">.</wf>
      </sentence>
      <sentence id="d000.s1107" source="wordnet-croatian">
         <wf lemma="Telekomunikacijske" pos="X">Telekomunikacijske</wf>
         <wf lemma="tvrtke" pos="X">tvrtke</wf>
         <wf lemma="stalno" pos="X">stalno</wf>
         <instance id="d000.s1107.t000" lemma="razvijati" pos="VERB">razvijaju</instance>
         <wf lemma="svoju" pos="X">svoju</wf>
         <wf lemma="ponudu" pos="X">ponudu</wf>
         <wf lemma="usluga" pos="X">usluga</wf>
         <wf lemma="." pos="X">.</wf>
      </sentence>
      <sentence id="d000.s1108" source="wordnet-croatian">
         <wf lemma="Iznenada" pos="X">Iznenada</wf>
         <wf lemma="je" pos="X">je</wf>
         <instance id="d000.s1108.t000" lemma="buknuti" pos="VERB">buknuo</instance>
         <wf lemma="požar" pos="X">požar</wf>
         <wf lemma="." pos="X">.</wf>
      </sentence>
      <sentence id="d000.s1109" source="wordnet-croatian">
         <wf lemma="Svi" pos="X">Svi</wf>
         <wf lemma="su" pos="X">su</wf>
         <wf lemma="se" pos="X">se</wf>
         <wf lemma="pitali" pos="X">pitali</wf>
         <wf lemma="što" pos="X">što</wf>
         <wf lemma="ga" pos="X">ga</wf>
         <wf lemma="je" pos="X">je</wf>
         <wf lemma="natjeralo" pos="X">natjeralo</wf>
         <wf lemma="da" pos="X">da</wf>
         <instance id="d000.s1109.t000" lemma="skrenuti" pos="VERB">skrene</instance>
         <wf lemma="s" pos="X">s</wf>
         <wf lemma="puta" pos="X">puta</wf>
         <wf lemma="pravednika" pos="X">pravednika</wf>
         <wf lemma="." pos="X">.</wf>
      </sentence>
      <sentence id="d000.s1110" source="wordnet-croatian">
         <wf lemma="Toplom" pos="X">Toplom</wf>
         <wf lemma="vodom" pos="X">vodom</wf>
         <wf lemma="moguće" pos="X">moguće</wf>
         <wf lemma="je" pos="X">je</wf>
         <wf lemma="sa" pos="X">sa</wf>
         <wf lemma="vune" pos="X">vune</wf>
         <wf lemma="odstraniti" pos="X">odstraniti</wf>
         <wf lemma="tvrdokornu" pos="X">tvrdokornu</wf>
         <instance id="d000.s1110.t000" lemma="prljavoća" pos="NOUN">prljavoću</instance>
         <wf lemma="." pos="X">.</wf>
      </sentence>
      <sentence id="d000.s1111" source="wordnet-croatian">
         <wf lemma="Pridružila" pos="X">Pridružila</wf>
         <wf lemma="se" pos="X">se</wf>
         <instance id="d000.s1111.t000" lemma="zabava" pos="NOUN">zabavi</instance>
         <wf lemma="nakon" pos="X">nakon</wf>
         <wf lemma="večere" pos="X">večere</wf>
         <wf lemma="." pos="X">.</wf>
      </sentence>
      <sentence id="d000.s1112" source="wordnet-croatian">
         <wf lemma="Koncertni" pos="X">Koncertni</wf>
         <instance id="d000.s1112.t000" lemma="impresario" pos="NOUN">impresario</instance>
         <wf lemma="našao" pos="X">našao</wf>
         <wf lemma="se" pos="X">se</wf>
         <wf lemma="u" pos="X">u</wf>
         <wf lemma="raljama" pos="X">raljama</wf>
         <wf lemma="dugova" pos="X">dugova</wf>
         <wf lemma="." pos="X">.</wf>
      </sentence>
      <sentence id="d000.s1113" source="wordnet-croatian">
         <instance id="d000.s1113.t000" lemma="šum" pos="NOUN">Šum</instance>
         <wf lemma="automobila" pos="X">automobila</wf>
         <wf lemma="lagano" pos="X">lagano</wf>
         <wf lemma="ju" pos="X">ju</wf>
         <wf lemma="je" pos="X">je</wf>
         <wf lemma="bacao" pos="X">bacao</wf>
         <wf lemma="u" pos="X">u</wf>
         <wf lemma="san" pos="X">san</wf>
         <wf lemma="." pos="X">.</wf>
      </sentence>
      <sentence id="d000.s1114" source="wordnet-croatian">
         <wf lemma="U" pos="X">U</wf>
         <wf lemma="ovom" pos="X">ovom</wf>
         <wf lemma="su" pos="X">su</wf>
         <wf lemma="dućanu" pos="X">dućanu</wf>
         <wf lemma="cijene" pos="X">cijene</wf>
         <wf lemma="zaista" pos="X">zaista</wf>
         <instance id="d000.s1114.t000" lemma="nizak" pos="ADJ">niske</instance>
         <wf lemma="." pos="X">.</wf>
      </sentence>
      <sentence id="d000.s1115" source="wordnet-croatian">
         <wf lemma="To" pos="X">To</wf>
         <wf lemma="je" pos="X">je</wf>
         <wf lemma="potpuno" pos="X">potpuno</wf>
         <instance id="d000.s1115.t000" lemma="drukčiji" pos="ADJ">drukčiji</instance>
         <wf lemma="problem" pos="X">problem</wf>
         <wf lemma="." pos="X">.</wf>
      </sentence>
      <sentence id="d000.s1116" source="wordnet-croatian">
         <wf lemma="Nakon" pos="X">Nakon</wf>
         <instance id="d000.s1116.t000" lemma="uređenje" pos="NOUN">uređenja</instance>
         <wf lemma="stana" pos="X">stana</wf>
         <wf lemma="," pos="X">,</wf>
         <wf lemma="svaka" pos="X">svaka</wf>
         <wf lemma="je" pos="X">je</wf>
         <wf lemma="stvar" pos="X">stvar</wf>
         <wf lemma="došla" pos="X">došla</wf>
         <wf lemma="na" pos="X">na</wf>
         <wf lemma="svoje" pos="X">svoje</wf>
         <wf lemma="mjesto" pos="X">mjesto</wf>
         <wf lemma="." pos="X">.</wf>
      </sentence>
      <sentence id="d000.s1117" source="wordnet-croatian">
         <wf lemma="Između" pos="X">Između</wf>
         <wf lemma="oca" pos="X">oca</wf>
         <wf lemma="i" pos="X">i</wf>
         <wf lemma="sina" pos="X">sina</wf>
         <wf lemma="postojala" pos="X">postojala</wf>
         <wf lemma="je" pos="X">je</wf>
         <wf lemma="velika" pos="X">velika</wf>
         <instance id="d000.s1117.t000" lemma="sličnost" pos="NOUN">sličnost</instance>
         <wf lemma="." pos="X">.</wf>
      </sentence>
      <sentence id="d000.s1118" source="wordnet-croatian">
         <wf lemma="Tom" pos="X">Tom</wf>
         <wf lemma="svjetiljkom" pos="X">svjetiljkom</wf>
         <wf lemma="možeš" pos="X">možeš</wf>
         <instance id="d000.s1118.t000" lemma="osvijetliti" pos="VERB">osvijetliti</instance>
         <wf lemma="cjelokupnu" pos="X">cjelokupnu</wf>
         <wf lemma="sobu" pos="X">sobu</wf>
         <wf lemma="." pos="X">.</wf>
      </sentence>
      <sentence id="d000.s1119" source="wordnet-croatian">
         <instance id="d000.s1119.t000" lemma="nepouzdanost" pos="NOUN">Nepouzdanost</instance>
         <wf lemma="partnera" pos="X">partnera</wf>
         <wf lemma="čest" pos="X">čest</wf>
         <wf lemma="je" pos="X">je</wf>
         <wf lemma="uzrok" pos="X">uzrok</wf>
         <wf lemma="prekida" pos="X">prekida</wf>
         <wf lemma="ljubavnih" pos="X">ljubavnih</wf>
         <wf lemma="veza" pos="X">veza</wf>
         <wf lemma="." pos="X">.</wf>
      </sentence>
      <sentence id="d000.s1120" source="wordnet-croatian">
         <wf lemma="U" pos="X">U</wf>
         <wf lemma="Egiptu" pos="X">Egiptu</wf>
         <wf lemma="su" pos="X">su</wf>
         <instance id="d000.s1120.t000" lemma="piramida" pos="NOUN">piramide</instance>
         <wf lemma="najveća" pos="X">najveća</wf>
         <wf lemma="znamenitost" pos="X">znamenitost</wf>
         <wf lemma="." pos="X">.</wf>
      </sentence>
      <sentence id="d000.s1121" source="wordnet-croatian">
         <wf lemma="Jednaka" pos="X">Jednaka</wf>
         <wf lemma="i" pos="X">i</wf>
         <wf lemma="neotuđiva" pos="X">neotuđiva</wf>
         <wf lemma="prava" pos="X">prava</wf>
         <wf lemma="svih" pos="X">svih</wf>
         <wf lemma="građana" pos="X">građana</wf>
         <instance id="d000.s1121.t000" lemma="osnova" pos="NOUN">osnova</instance>
         <wf lemma="su" pos="X">su</wf>
         <wf lemma="svake" pos="X">svake</wf>
         <wf lemma="demokracije" pos="X">demokracije</wf>
         <wf lemma="." pos="X">.</wf>
      </sentence>
      <sentence id="d000.s1122" source="wordnet-croatian">
         <wf lemma="Mama" pos="X">Mama</wf>
         <wf lemma="mi" pos="X">mi</wf>
         <wf lemma="je" pos="X">je</wf>
         <wf lemma="pomogla" pos="X">pomogla</wf>
         <wf lemma="u" pos="X">u</wf>
         <instance id="d000.s1122.t000" lemma="postavljanje" pos="NOUN">postavljanju</instance>
         <wf lemma="zavjesa" pos="X">zavjesa</wf>
         <wf lemma="u" pos="X">u</wf>
         <wf lemma="dnevnoj" pos="X">dnevnoj</wf>
         <wf lemma="sobi" pos="X">sobi</wf>
         <wf lemma="." pos="X">.</wf>
      </sentence>
      <sentence id="d000.s1123" source="wordnet-croatian">
         <wf lemma="Neki" pos="X">Neki</wf>
         <wf lemma="su" pos="X">su</wf>
         <wf lemma="vulkani" pos="X">vulkani</wf>
         <wf lemma="neprestano" pos="X">neprestano</wf>
         <instance id="d000.s1123.t000" lemma="aktivan" pos="ADJ">aktivni</instance>
         <wf lemma="." pos="X">.</wf>
      </sentence>
      <sentence id="d000.s1124" source="wordnet-croatian">
         <wf lemma="Široko" pos="X">Široko</wf>
         <instance id="d000.s1124.t000" lemma="ždrijelo" pos="NOUN">ždrijelo</instance>
         <wf lemma="klanca" pos="X">klanca</wf>
         <wf lemma="palo" pos="X">palo</wf>
         <wf lemma="je" pos="X">je</wf>
         <wf lemma="u" pos="X">u</wf>
         <wf lemma="sjenu" pos="X">sjenu</wf>
         <wf lemma="." pos="X">.</wf>
      </sentence>
      <sentence id="d000.s1125" source="wordnet-croatian">
         <instance id="d000.s1125.t000" lemma="površina" pos="NOUN">Površina</instance>
         <wf lemma="kopnene" pos="X">kopnene</wf>
         <wf lemma="Hrvatske" pos="X">Hrvatske</wf>
         <wf lemma="iznosi" pos="X">iznosi</wf>
         <wf lemma="oko" pos="X">oko</wf>
         <wf lemma="56500" pos="X">56500</wf>
         <wf lemma="kvadratnih" pos="X">kvadratnih</wf>
         <wf lemma="kilometara" pos="X">kilometara</wf>
         <wf lemma="." pos="X">.</wf>
      </sentence>
      <sentence id="d000.s1126" source="wordnet-croatian">
         <wf lemma="Snijeg" pos="X">Snijeg</wf>
         <wf lemma="u" pos="X">u</wf>
         <instance id="d000.s1126.t000" lemma="sredina" pos="NOUN">sredini</instance>
         <wf lemma="travnja" pos="X">travnja</wf>
         <wf lemma="vrlo" pos="X">vrlo</wf>
         <wf lemma="je" pos="X">je</wf>
         <wf lemma="neuobičajena" pos="X">neuobičajena</wf>
         <wf lemma="pojava" pos="X">pojava</wf>
         <wf lemma="." pos="X">.</wf>
      </sentence>
      <sentence id="d000.s1127" source="wordnet-croatian">
         <wf lemma="Lingvistika" pos="X">Lingvistika</wf>
         <wf lemma="je" pos="X">je</wf>
         <wf lemma="bila" pos="X">bila</wf>
         <wf lemma="njezina" pos="X">njezina</wf>
         <wf lemma="velika" pos="X">velika</wf>
         <instance id="d000.s1127.t000" lemma="ljubav" pos="NOUN">ljubav</instance>
         <wf lemma="." pos="X">.</wf>
      </sentence>
      <sentence id="d000.s1128" source="wordnet-croatian">
         <wf lemma="Našli" pos="X">Našli</wf>
         <wf lemma="su" pos="X">su</wf>
         <wf lemma="osobu" pos="X">osobu</wf>
         <wf lemma="koja" pos="X">koja</wf>
         <wf lemma="je" pos="X">je</wf>
         <instance id="d000.s1128.t000" lemma="počiniti" pos="VERB">počinila</instance>
         <wf lemma="taj" pos="X">taj</wf>
         <wf lemma="gnjusan" pos="X">gnjusan</wf>
         <wf lemma="zločin" pos="X">zločin</wf>
         <wf lemma="." pos="X">.</wf>
      </sentence>
      <sentence id="d000.s1129" source="wordnet-croatian">
         <wf lemma="Bio" pos="X">Bio</wf>
         <wf lemma="je" pos="X">je</wf>
         <instance id="d000.s1129.t000" lemma="škrt" pos="ADJ">škrt</instance>
         <wf lemma="i" pos="X">i</wf>
         <wf lemma="prema" pos="X">prema</wf>
         <wf lemma="sebi" pos="X">sebi</wf>
         <wf lemma="i" pos="X">i</wf>
         <wf lemma="prema" pos="X">prema</wf>
         <wf lemma="drugima" pos="X">drugima</wf>
         <wf lemma="." pos="X">.</wf>
      </sentence>
      <sentence id="d000.s1130" source="wordnet-croatian">
         <wf lemma="U" pos="X">U</wf>
         <wf lemma="kompjutorskom" pos="X">kompjutorskom</wf>
         <instance id="d000.s1130.t000" lemma="kod" pos="NOUN">kodu</instance>
         <wf lemma="dozvoljena" pos="X">dozvoljena</wf>
         <wf lemma="je" pos="X">je</wf>
         <wf lemma="upotreba" pos="X">upotreba</wf>
         <wf lemma="i" pos="X">i</wf>
         <wf lemma="eksplicitne" pos="X">eksplicitne</wf>
         <wf lemma="sheme" pos="X">sheme</wf>
         <wf lemma="." pos="X">.</wf>
      </sentence>
      <sentence id="d000.s1131" source="wordnet-croatian">
         <instance id="d000.s1131.t000" lemma="izlječivost" pos="NOUN">Izlječivost</instance>
         <wf lemma="od" pos="X">od</wf>
         <wf lemma="te" pos="X">te</wf>
         <wf lemma="bolesti" pos="X">bolesti</wf>
         <wf lemma="doseže" pos="X">doseže</wf>
         <wf lemma="i" pos="X">i</wf>
         <wf lemma="do" pos="X">do</wf>
         <wf lemma="80" pos="X">80</wf>
         <wf lemma="%" pos="X">%</wf>
         <wf lemma="." pos="X">.</wf>
      </sentence>
      <sentence id="d000.s1132" source="wordnet-croatian">
         <wf lemma="Voljela" pos="X">Voljela</wf>
         <wf lemma="je" pos="X">je</wf>
         <wf lemma="šetati" pos="X">šetati</wf>
         <wf lemma="i" pos="X">i</wf>
         <wf lemma="čitati" pos="X">čitati</wf>
         <instance id="d000.s1132.t000" lemma="naziv" pos="NOUN">nazive</instance>
         <wf lemma="ulica" pos="X">ulica</wf>
         <wf lemma="i" pos="X">i</wf>
         <wf lemma="trgova" pos="X">trgova</wf>
         <wf lemma="." pos="X">.</wf>
      </sentence>
      <sentence id="d000.s1133" source="wordnet-croatian">
         <wf lemma="U" pos="X">U</wf>
         <wf lemma="svojim" pos="X">svojim</wf>
         <wf lemma="pjesmama" pos="X">pjesmama</wf>
         <wf lemma="obrađuje" pos="X">obrađuje</wf>
         <wf lemma="ljubavne" pos="X">ljubavne</wf>
         <instance id="d000.s1133.t000" lemma="tema" pos="NOUN">teme</instance>
         <wf lemma="." pos="X">.</wf>
      </sentence>
      <sentence id="d000.s1134" source="wordnet-croatian">
         <wf lemma="Naciljao" pos="X">Naciljao</wf>
         <wf lemma="je" pos="X">je</wf>
         <wf lemma="kroz" pos="X">kroz</wf>
         <instance id="d000.s1134.t000" lemma="puškarnica" pos="NOUN">puškarnicu</instance>
         <wf lemma="i" pos="X">i</wf>
         <wf lemma="opalio" pos="X">opalio</wf>
         <wf lemma="." pos="X">.</wf>
      </sentence>
      <sentence id="d000.s1135" source="wordnet-croatian">
         <wf lemma="Cijele" pos="X">Cijele</wf>
         <wf lemma="je" pos="X">je</wf>
         <wf lemma="noći" pos="X">noći</wf>
         <wf lemma="radila" pos="X">radila</wf>
         <wf lemma="u" pos="X">u</wf>
         <wf lemma="tvornici" pos="X">tvornici</wf>
         <wf lemma="na" pos="X">na</wf>
         <instance id="d000.s1135.t000" lemma="traka" pos="NOUN">traci</instance>
         <wf lemma="." pos="X">.</wf>
      </sentence>
      <sentence id="d000.s1136" source="wordnet-croatian">
         <wf lemma="Mladi" pos="X">Mladi</wf>
         <wf lemma="pijanist" pos="X">pijanist</wf>
         <wf lemma="će" pos="X">će</wf>
         <wf lemma="održati" pos="X">održati</wf>
         <wf lemma="svoj" pos="X">svoj</wf>
         <instance id="d000.s1136.t000" lemma="koncert" pos="NOUN">koncert</instance>
         <wf lemma="u" pos="X">u</wf>
         <wf lemma="petak" pos="X">petak</wf>
         <wf lemma="u" pos="X">u</wf>
         <wf lemma="Klovićevim" pos="X">Klovićevim</wf>
         <wf lemma="dvorima" pos="X">dvorima</wf>
         <wf lemma="." pos="X">.</wf>
      </sentence>
      <sentence id="d000.s1137" source="wordnet-croatian">
         <instance id="d000.s1137.t000" lemma="četvrtak" pos="NOUN">Četvrtkom</instance>
         <wf lemma="ujutro" pos="X">ujutro</wf>
         <wf lemma="obavljam" pos="X">obavljam</wf>
         <wf lemma="tjednu" pos="X">tjednu</wf>
         <wf lemma="kupovinu" pos="X">kupovinu</wf>
         <wf lemma="." pos="X">.</wf>
      </sentence>
      <sentence id="d000.s1138" source="wordnet-croatian">
         <instance id="d000.s1138.t000" lemma="svečanost" pos="NOUN">Svečanosti</instance>
         <wf lemma="su" pos="X">su</wf>
         <wf lemma="počele" pos="X">počele</wf>
         <wf lemma="u" pos="X">u</wf>
         <wf lemma="maju" pos="X">maju</wf>
         <wf lemma="." pos="X">.</wf>
      </sentence>
      <sentence id="d000.s1139" source="wordnet-croatian">
         <wf lemma="Nisu" pos="X">Nisu</wf>
         <wf lemma="se" pos="X">se</wf>
         <wf lemma="slagali" pos="X">slagali</wf>
         <wf lemma="," pos="X">,</wf>
         <wf lemma="no" pos="X">no</wf>
         <wf lemma="ostavili" pos="X">ostavili</wf>
         <wf lemma="su" pos="X">su</wf>
         <wf lemma="otvorenom" pos="X">otvorenom</wf>
         <wf lemma="mogućnost" pos="X">mogućnost</wf>
         <instance id="d000.s1139.t000" lemma="pregovaranje" pos="NOUN">pregovaranja</instance>
         <wf lemma="." pos="X">.</wf>
      </sentence>
      <sentence id="d000.s1140" source="wordnet-croatian">
         <instance id="d000.s1140.t000" lemma="tužiti" pos="VERB">Tužila</instance>
         <wf lemma="je" pos="X">je</wf>
         <wf lemma="tvrtku" pos="X">tvrtku</wf>
         <wf lemma="zbog" pos="X">zbog</wf>
         <wf lemma="diskriminacije" pos="X">diskriminacije</wf>
         <wf lemma="." pos="X">.</wf>
      </sentence>
      <sentence id="d000.s1141" source="wordnet-croatian">
         <wf lemma="Kvaliteta" pos="X">Kvaliteta</wf>
         <instance id="d000.s1141.t000" lemma="oklop" pos="NOUN">oklopa</instance>
         <wf lemma="ovisi" pos="X">ovisi</wf>
         <wf lemma="o" pos="X">o</wf>
         <wf lemma="vrsti" pos="X">vrsti</wf>
         <wf lemma="materijala" pos="X">materijala</wf>
         <wf lemma="od" pos="X">od</wf>
         <wf lemma="kojeg" pos="X">kojeg</wf>
         <wf lemma="je" pos="X">je</wf>
         <wf lemma="napravljen" pos="X">napravljen</wf>
         <wf lemma="." pos="X">.</wf>
      </sentence>
      <sentence id="d000.s1142" source="wordnet-croatian">
         <wf lemma="Prije" pos="X">Prije</wf>
         <wf lemma="upisa" pos="X">upisa</wf>
         <wf lemma="na" pos="X">na</wf>
         <wf lemma="fakultet" pos="X">fakultet</wf>
         <instance id="d000.s1142.t000" lemma="prethoditi" pos="VERB">prethodi</instance>
         <wf lemma="ti" pos="X">ti</wf>
         <wf lemma="mnogo" pos="X">mnogo</wf>
         <wf lemma="učenja" pos="X">učenja</wf>
         <wf lemma="za" pos="X">za</wf>
         <wf lemma="prijemni" pos="X">prijemni</wf>
         <wf lemma="ispit" pos="X">ispit</wf>
         <wf lemma="." pos="X">.</wf>
      </sentence>
      <sentence id="d000.s1143" source="wordnet-croatian">
         <instance id="d000.s1143.t000" lemma="iznenaditi" pos="VERB">Iznenadio</instance>
         <wf lemma="ih" pos="X">ih</wf>
         <wf lemma="je" pos="X">je</wf>
         <wf lemma="kad" pos="X">kad</wf>
         <wf lemma="je" pos="X">je</wf>
         <wf lemma="banuo" pos="X">banuo</wf>
         <wf lemma="na" pos="X">na</wf>
         <wf lemma="sastanak" pos="X">sastanak</wf>
         <wf lemma="." pos="X">.</wf>
      </sentence>
      <sentence id="d000.s1144" source="wordnet-croatian">
         <wf lemma="Muškarci" pos="X">Muškarci</wf>
         <wf lemma="su" pos="X">su</wf>
         <wf lemma="na" pos="X">na</wf>
         <wf lemma="bal" pos="X">bal</wf>
         <wf lemma="došli" pos="X">došli</wf>
         <wf lemma="odjeveni" pos="X">odjeveni</wf>
         <wf lemma="u" pos="X">u</wf>
         <instance id="d000.s1144.t000" lemma="smoking" pos="NOUN">smokinge</instance>
         <wf lemma="." pos="X">.</wf>
      </sentence>
      <sentence id="d000.s1145" source="wordnet-croatian">
         <instance id="d000.s1145.t000" lemma="spremnik" pos="NOUN">Spremnici</instance>
         <wf lemma="s" pos="X">s</wf>
         <wf lemma="vodom" pos="X">vodom</wf>
         <wf lemma="bili" pos="X">bili</wf>
         <wf lemma="su" pos="X">su</wf>
         <wf lemma="puni" pos="X">puni</wf>
         <wf lemma="do" pos="X">do</wf>
         <wf lemma="vrha" pos="X">vrha</wf>
         <wf lemma="." pos="X">.</wf>
      </sentence>
      <sentence id="d000.s1146" source="wordnet-croatian">
         <wf lemma="Sve" pos="X">Sve</wf>
         <wf lemma="je" pos="X">je</wf>
         <wf lemma="popularnije" pos="X">popularnije</wf>
         <wf lemma="pisati" pos="X">pisati</wf>
         <instance id="d000.s1146.t000" lemma="životopis" pos="NOUN">životopise</instance>
         <wf lemma="popularnih" pos="X">popularnih</wf>
         <wf lemma="pjevača" pos="X">pjevača</wf>
         <wf lemma="." pos="X">.</wf>
      </sentence>
      <sentence id="d000.s1147" source="wordnet-croatian">
         <wf lemma="Suosjećanje" pos="X">Suosjećanje</wf>
         <wf lemma="je" pos="X">je</wf>
         <instance id="d000.s1147.t000" lemma="kvaliteta" pos="NOUN">kvaliteta</instance>
         <wf lemma="koju" pos="X">koju</wf>
         <wf lemma="mnogi" pos="X">mnogi</wf>
         <wf lemma="nemaju" pos="X">nemaju</wf>
         <wf lemma="." pos="X">.</wf>
      </sentence>
      <sentence id="d000.s1148" source="wordnet-croatian">
         <wf lemma="Na" pos="X">Na</wf>
         <wf lemma="nogometnoj" pos="X">nogometnoj</wf>
         <wf lemma="utakmici" pos="X">utakmici</wf>
         <wf lemma="izbila" pos="X">izbila</wf>
         <wf lemma="je" pos="X">je</wf>
         <instance id="d000.s1148.t000" lemma="tuča" pos="NOUN">tuča</instance>
         <wf lemma="između" pos="X">između</wf>
         <wf lemma="navijača" pos="X">navijača</wf>
         <wf lemma="suparničkih" pos="X">suparničkih</wf>
         <wf lemma="klubova" pos="X">klubova</wf>
         <wf lemma="." pos="X">.</wf>
      </sentence>
      <sentence id="d000.s1149" source="wordnet-croatian">
         <wf lemma="Bacili" pos="X">Bacili</wf>
         <wf lemma="su" pos="X">su</wf>
         <wf lemma="ga" pos="X">ga</wf>
         <wf lemma="u" pos="X">u</wf>
         <wf lemma="vlažnu" pos="X">vlažnu</wf>
         <instance id="d000.s1149.t000" lemma="tamnica" pos="NOUN">tamnicu</instance>
         <wf lemma="i" pos="X">i</wf>
         <wf lemma="ostavili" pos="X">ostavili</wf>
         <wf lemma="bez" pos="X">bez</wf>
         <wf lemma="hrane" pos="X">hrane</wf>
         <wf lemma="i" pos="X">i</wf>
         <wf lemma="vode" pos="X">vode</wf>
         <wf lemma="." pos="X">.</wf>
      </sentence>
      <sentence id="d000.s1150" source="wordnet-croatian">
         <wf lemma="Otišao" pos="X">Otišao</wf>
         <wf lemma="je" pos="X">je</wf>
         <wf lemma="kupiti" pos="X">kupiti</wf>
         <instance id="d000.s1150.t000" lemma="lijek" pos="NOUN">lijek</instance>
         <wf lemma="protiv" pos="X">protiv</wf>
         <wf lemma="kašlja" pos="X">kašlja</wf>
         <wf lemma="." pos="X">.</wf>
      </sentence>
      <sentence id="d000.s1151" source="wordnet-croatian">
         <wf lemma="Tijekom" pos="X">Tijekom</wf>
         <wf lemma="cijelog" pos="X">cijelog</wf>
         <wf lemma="leta" pos="X">leta</wf>
         <wf lemma="panično" pos="X">panično</wf>
         <wf lemma="je" pos="X">je</wf>
         <instance id="d000.s1151.t000" lemma="stiskati" pos="VERB">stiskala</instance>
         <wf lemma="naslon" pos="X">naslon</wf>
         <wf lemma="za" pos="X">za</wf>
         <wf lemma="ruku" pos="X">ruku</wf>
         <wf lemma="." pos="X">.</wf>
      </sentence>
      <sentence id="d000.s1152" source="wordnet-croatian">
         <wf lemma="U" pos="X">U</wf>
         <wf lemma="čovjeka" pos="X">čovjeka</wf>
         <instance id="d000.s1152.t000" lemma="koža" pos="NOUN">koža</instance>
         <wf lemma="je" pos="X">je</wf>
         <wf lemma="najveći" pos="X">najveći</wf>
         <wf lemma="organ" pos="X">organ</wf>
         <wf lemma="od" pos="X">od</wf>
         <wf lemma="1.5" pos="X">1.5</wf>
         <wf lemma="do" pos="X">do</wf>
         <wf lemma="2" pos="X">2</wf>
         <wf lemma="m2" pos="X">m2</wf>
         <wf lemma="." pos="X">.</wf>
      </sentence>
      <sentence id="d000.s1153" source="wordnet-croatian">
         <wf lemma="Treba" pos="X">Treba</wf>
         <wf lemma="znati" pos="X">znati</wf>
         <instance id="d000.s1153.t000" lemma="obuzdati" pos="VERB">obuzdati</instance>
         <wf lemma="divljega" pos="X">divljega</wf>
         <wf lemma="konja" pos="X">konja</wf>
         <wf lemma="." pos="X">.</wf>
      </sentence>
      <sentence id="d000.s1154" source="wordnet-croatian">
         <wf lemma="Na" pos="X">Na</wf>
         <wf lemma="internetskim" pos="X">internetskim</wf>
         <wf lemma="je" pos="X">je</wf>
         <wf lemma="stranicama" pos="X">stranicama</wf>
         <wf lemma="objavljen" pos="X">objavljen</wf>
         <instance id="d000.s1154.t000" lemma="program" pos="NOUN">program</instance>
         <wf lemma="festivala" pos="X">festivala</wf>
         <wf lemma="." pos="X">.</wf>
      </sentence>
      <sentence id="d000.s1155" source="wordnet-croatian">
         <instance id="d000.s1155.t000" lemma="dodijeliti" pos="VERB">Dodijeljena</instance>
         <wf lemma="su" pos="X">su</wf>
         <wf lemma="znatna" pos="X">znatna</wf>
         <wf lemma="financijska" pos="X">financijska</wf>
         <wf lemma="sredstva" pos="X">sredstva</wf>
         <wf lemma="najboljim" pos="X">najboljim</wf>
         <wf lemma="istraživačkim" pos="X">istraživačkim</wf>
         <wf lemma="projektima" pos="X">projektima</wf>
         <wf lemma="." pos="X">.</wf>
      </sentence>
      <sentence id="d000.s1156" source="wordnet-croatian">
         <wf lemma="Pomet" pos="X">Pomet</wf>
         <wf lemma="je" pos="X">je</wf>
         <wf lemma="bio" pos="X">bio</wf>
         <wf lemma="najzanimljivije" pos="X">najzanimljivije</wf>
         <instance id="d000.s1156.t000" lemma="lice" pos="NOUN">lice</instance>
         <wf lemma="večerašnje" pos="X">večerašnje</wf>
         <wf lemma="predstave" pos="X">predstave</wf>
         <wf lemma="." pos="X">.</wf>
      </sentence>
      <sentence id="d000.s1157" source="wordnet-croatian">
         <instance id="d000.s1157.t000" lemma="računanje" pos="NOUN">Računanje</instance>
         <wf lemma="se" pos="X">se</wf>
         <wf lemma="uči" pos="X">uči</wf>
         <wf lemma="u" pos="X">u</wf>
         <wf lemma="prvim" pos="X">prvim</wf>
         <wf lemma="razredima" pos="X">razredima</wf>
         <wf lemma="osnovne" pos="X">osnovne</wf>
         <wf lemma="škole" pos="X">škole</wf>
         <wf lemma="." pos="X">.</wf>
      </sentence>
      <sentence id="d000.s1158" source="wordnet-croatian">
         <instance id="d000.s1158.t000" lemma="bešćutnost" pos="NOUN">Bešćutnost</instance>
         <wf lemma="koju" pos="X">koju</wf>
         <wf lemma="je" pos="X">je</wf>
         <wf lemma="pokazao" pos="X">pokazao</wf>
         <wf lemma="prema" pos="X">prema</wf>
         <wf lemma="psu" pos="X">psu</wf>
         <wf lemma="zgrozila" pos="X">zgrozila</wf>
         <wf lemma="ju" pos="X">ju</wf>
         <wf lemma="je" pos="X">je</wf>
         <wf lemma="." pos="X">.</wf>
      </sentence>
      <sentence id="d000.s1159" source="wordnet-croatian">
         <wf lemma="Za" pos="X">Za</wf>
         <wf lemma="mene" pos="X">mene</wf>
         <wf lemma="je" pos="X">je</wf>
         <wf lemma="upornost" pos="X">upornost</wf>
         <wf lemma="prava" pos="X">prava</wf>
         <instance id="d000.s1159.t000" lemma="vrlina" pos="NOUN">vrlina</instance>
         <wf lemma="." pos="X">.</wf>
      </sentence>
      <sentence id="d000.s1160" source="wordnet-croatian">
         <wf lemma="Deset" pos="X">Deset</wf>
         <wf lemma="djevojaka" pos="X">djevojaka</wf>
         <instance id="d000.s1160.t000" lemma="sačinjavati" pos="VERB">sačinjavalo</instance>
         <wf lemma="je" pos="X">je</wf>
         <wf lemma="malen" pos="X">malen</wf>
         <wf lemma="ženski" pos="X">ženski</wf>
         <wf lemma="zbor" pos="X">zbor</wf>
         <wf lemma="." pos="X">.</wf>
      </sentence>
      <sentence id="d000.s1161" source="wordnet-croatian">
         <wf lemma="Poseban" pos="X">Poseban</wf>
         <wf lemma="je" pos="X">je</wf>
         <wf lemma="doživljaj" pos="X">doživljaj</wf>
         <wf lemma="gledati" pos="X">gledati</wf>
         <wf lemma="utakmicu" pos="X">utakmicu</wf>
         <wf lemma="uživo" pos="X">uživo</wf>
         <wf lemma="na" pos="X">na</wf>
         <instance id="d000.s1161.t000" lemma="stadion" pos="NOUN">stadionu</instance>
         <wf lemma="." pos="X">.</wf>
      </sentence>
      <sentence id="d000.s1162" source="wordnet-croatian">
         <wf lemma="Bio" pos="X">Bio</wf>
         <wf lemma="je" pos="X">je</wf>
         <wf lemma="to" pos="X">to</wf>
         <wf lemma="nepromišljen" pos="X">nepromišljen</wf>
         <wf lemma="i" pos="X">i</wf>
         <instance id="d000.s1162.t000" lemma="neodgovoran" pos="ADJ">neodgovoran</instance>
         <wf lemma="čin" pos="X">čin</wf>
         <wf lemma="." pos="X">.</wf>
      </sentence>
      <sentence id="d000.s1163" source="wordnet-croatian">
         <wf lemma="Molim" pos="X">Molim</wf>
         <wf lemma="te" pos="X">te</wf>
         <wf lemma="," pos="X">,</wf>
         <instance id="d000.s1163.t000" lemma="iscijediti" pos="VERB">iscijedi</instance>
         <wf lemma="mi" pos="X">mi</wf>
         <wf lemma="naranču" pos="X">naranču</wf>
         <wf lemma="." pos="X">.</wf>
      </sentence>
      <sentence id="d000.s1164" source="wordnet-croatian">
         <wf lemma="Glava" pos="X">Glava</wf>
         <wf lemma="mu" pos="X">mu</wf>
         <wf lemma="nije" pos="X">nije</wf>
         <wf lemma="mogla" pos="X">mogla</wf>
         <wf lemma="proći" pos="X">proći</wf>
         <wf lemma="kroz" pos="X">kroz</wf>
         <wf lemma="uzak" pos="X">uzak</wf>
         <instance id="d000.s1164.t000" lemma="izrez" pos="NOUN">izrez</instance>
         <wf lemma="na" pos="X">na</wf>
         <wf lemma="majici" pos="X">majici</wf>
         <wf lemma="." pos="X">.</wf>
      </sentence>
      <sentence id="d000.s1165" source="wordnet-croatian">
         <wf lemma="Njezino" pos="X">Njezino</wf>
         <wf lemma="ponašanje" pos="X">ponašanje</wf>
         <wf lemma="kod" pos="X">kod</wf>
         <wf lemma="starijih" pos="X">starijih</wf>
         <wf lemma="nije" pos="X">nije</wf>
         <wf lemma="nailazilo" pos="X">nailazilo</wf>
         <wf lemma="na" pos="X">na</wf>
         <instance id="d000.s1165.t000" lemma="odobravanje" pos="NOUN">odobravanje</instance>
         <wf lemma="." pos="X">.</wf>
      </sentence>
      <sentence id="d000.s1166" source="wordnet-croatian">
         <wf lemma="Pseudosudovi" pos="X">Pseudosudovi</wf>
         <wf lemma="bili" pos="X">bili</wf>
         <wf lemma="su" pos="X">su</wf>
         <instance id="d000.s1166.t000" lemma="osnova" pos="NOUN">osnova</instance>
         <wf lemma="njegove" pos="X">njegove</wf>
         <wf lemma="argumentacije" pos="X">argumentacije</wf>
         <wf lemma="," pos="X">,</wf>
         <wf lemma="no" pos="X">no</wf>
         <wf lemma="protivnici" pos="X">protivnici</wf>
         <wf lemma="su" pos="X">su</wf>
         <wf lemma="ga" pos="X">ga</wf>
         <wf lemma="brzo" pos="X">brzo</wf>
         <wf lemma="razotkrili" pos="X">razotkrili</wf>
         <wf lemma="." pos="X">.</wf>
      </sentence>
      <sentence id="d000.s1167" source="wordnet-croatian">
         <wf lemma="Svjetonazor" pos="X">Svjetonazor</wf>
         <wf lemma="je" pos="X">je</wf>
         <instance id="d000.s1167.t000" lemma="ukupnost" pos="NOUN">ukupnost</instance>
         <wf lemma="stavova" pos="X">stavova</wf>
         <wf lemma="o" pos="X">o</wf>
         <wf lemma="svijetu" pos="X">svijetu</wf>
         <wf lemma="i" pos="X">i</wf>
         <wf lemma="o" pos="X">o</wf>
         <wf lemma="svemu" pos="X">svemu</wf>
         <wf lemma="što" pos="X">što</wf>
         <wf lemma="čovjeka" pos="X">čovjeka</wf>
         <wf lemma="okružuje" pos="X">okružuje</wf>
         <wf lemma="." pos="X">.</wf>
      </sentence>
      <sentence id="d000.s1168" source="wordnet-croatian">
         <instance id="d000.s1168.t000" lemma="zapaziti" pos="VERB">Zapazio</instance>
         <wf lemma="sam" pos="X">sam</wf>
         <wf lemma="da" pos="X">da</wf>
         <wf lemma="je" pos="X">je</wf>
         <wf lemma="Daniela" pos="X">Daniela</wf>
         <wf lemma="jako" pos="X">jako</wf>
         <wf lemma="umorna" pos="X">umorna</wf>
         <wf lemma="." pos="X">.</wf>
      </sentence>
      <sentence id="d000.s1169" source="wordnet-croatian">
         <wf lemma="Državno" pos="X">Državno</wf>
         <instance id="d000.s1169.t000" lemma="vodstvo" pos="NOUN">vodstvo</instance>
         <wf lemma="iznijelo" pos="X">iznijelo</wf>
         <wf lemma="je" pos="X">je</wf>
         <wf lemma="novi" pos="X">novi</wf>
         <wf lemma="rebalans" pos="X">rebalans</wf>
         <wf lemma="proračna" pos="X">proračna</wf>
         <wf lemma="." pos="X">.</wf>
      </sentence>
      <sentence id="d000.s1170" source="wordnet-croatian">
         <instance id="d000.s1170.t000" lemma="sponzorstvo" pos="NOUN">Sponzorstvo</instance>
         <wf lemma="je" pos="X">je</wf>
         <wf lemma="sportašima" pos="X">sportašima</wf>
         <wf lemma="bitan" pos="X">bitan</wf>
         <wf lemma="dio" pos="X">dio</wf>
         <wf lemma="zarade" pos="X">zarade</wf>
         <wf lemma="." pos="X">.</wf>
      </sentence>
      <sentence id="d000.s1171" source="wordnet-croatian">
         <wf lemma="U" pos="X">U</wf>
         <wf lemma="nekoliko" pos="X">nekoliko</wf>
         <instance id="d000.s1171.t000" lemma="naredni" pos="ADJ">narednih</instance>
         <wf lemma="mjeseci" pos="X">mjeseci</wf>
         <wf lemma="moram" pos="X">moram</wf>
         <wf lemma="napisati" pos="X">napisati</wf>
         <wf lemma="knjigu" pos="X">knjigu</wf>
         <wf lemma="." pos="X">.</wf>
      </sentence>
      <sentence id="d000.s1172" source="wordnet-croatian">
         <wf lemma="Izgubio" pos="X">Izgubio</wf>
         <wf lemma="se" pos="X">se</wf>
         <wf lemma="pod" pos="X">pod</wf>
         <instance id="d000.s1172.t000" lemma="okrilje" pos="NOUN">okriljem</instance>
         <wf lemma="noći" pos="X">noći</wf>
         <wf lemma="." pos="X">.</wf>
      </sentence>
      <sentence id="d000.s1173" source="wordnet-croatian">
         <wf lemma="Osvanuo" pos="X">Osvanuo</wf>
         <wf lemma="je" pos="X">je</wf>
         <wf lemma="još" pos="X">još</wf>
         <wf lemma="jedan" pos="X">jedan</wf>
         <instance id="d000.s1173.t000" lemma="prohladan" pos="ADJ">prohladan</instance>
         <wf lemma="jesenski" pos="X">jesenski</wf>
         <wf lemma="dan" pos="X">dan</wf>
         <wf lemma="." pos="X">.</wf>
      </sentence>
      <sentence id="d000.s1174" source="wordnet-croatian">
         <wf lemma="Ovo" pos="X">Ovo</wf>
         <wf lemma="je" pos="X">je</wf>
         <wf lemma="vrsta" pos="X">vrsta</wf>
         <instance id="d000.s1174.t000" lemma="nemirišljav" pos="ADJ">nemirišljavih</instance>
         <wf lemma="ruža" pos="X">ruža</wf>
         <wf lemma="." pos="X">.</wf>
      </sentence>
      <sentence id="d000.s1175" source="wordnet-croatian">
         <wf lemma="Ne" pos="X">Ne</wf>
         <wf lemma="možemo" pos="X">možemo</wf>
         <instance id="d000.s1175.t000" lemma="regulirati" pos="VERB">regulirati</instance>
         <wf lemma="kako" pos="X">kako</wf>
         <wf lemma="će" pos="X">će</wf>
         <wf lemma="se" pos="X">se</wf>
         <wf lemma="ljudi" pos="X">ljudi</wf>
         <wf lemma="ponašati" pos="X">ponašati</wf>
         <wf lemma="kod" pos="X">kod</wf>
         <wf lemma="svoje" pos="X">svoje</wf>
         <wf lemma="kuće" pos="X">kuće</wf>
         <wf lemma="." pos="X">.</wf>
      </sentence>
      <sentence id="d000.s1176" source="wordnet-croatian">
         <wf lemma="Svoga" pos="X">Svoga</wf>
         <instance id="d000.s1176.t000" lemma="rođak" pos="NOUN">rođaka</instance>
         <wf lemma="volim" pos="X">volim</wf>
         <wf lemma="kao" pos="X">kao</wf>
         <wf lemma="brata" pos="X">brata</wf>
         <wf lemma="." pos="X">.</wf>
      </sentence>
      <sentence id="d000.s1177" source="wordnet-croatian">
         <wf lemma="Svima" pos="X">Svima</wf>
         <wf lemma="je" pos="X">je</wf>
         <instance id="d000.s1177.t000" lemma="dijeliti" pos="VERB">dijelila</instance>
         <wf lemma="komplimente" pos="X">komplimente</wf>
         <wf lemma="." pos="X">.</wf>
      </sentence>
      <sentence id="d000.s1178" source="wordnet-croatian">
         <instance id="d000.s1178.t000" lemma="početi" pos="VERB">Počeli</instance>
         <wf lemma="smo" pos="X">smo</wf>
         <wf lemma="raditi" pos="X">raditi</wf>
         <wf lemma="u" pos="X">u</wf>
         <wf lemma="pet" pos="X">pet</wf>
         <wf lemma="ujutro" pos="X">ujutro</wf>
         <wf lemma="." pos="X">.</wf>
      </sentence>
      <sentence id="d000.s1179" source="wordnet-croatian">
         <instance id="d000.s1179.t000" lemma="signaliziranje" pos="NOUN">Signaliziranje</instance>
         <wf lemma="posade" pos="X">posade</wf>
         <wf lemma="uočili" pos="X">uočili</wf>
         <wf lemma="se" pos="X">se</wf>
         <wf lemma="prekasno" pos="X">prekasno</wf>
         <wf lemma="." pos="X">.</wf>
      </sentence>
      <sentence id="d000.s1180" source="wordnet-croatian">
         <wf lemma="Njegova" pos="X">Njegova</wf>
         <wf lemma="mu" pos="X">mu</wf>
         <wf lemma="se" pos="X">se</wf>
         <instance id="d000.s1180.t000" lemma="tvrdoglavost" pos="NOUN">tvrdoglavost</instance>
         <wf lemma="na" pos="X">na</wf>
         <wf lemma="kraju" pos="X">kraju</wf>
         <wf lemma="isplatila" pos="X">isplatila</wf>
         <wf lemma="." pos="X">.</wf>
      </sentence>
      <sentence id="d000.s1181" source="wordnet-croatian">
         <instance id="d000.s1181.t000" lemma="odanost" pos="NOUN">Odanost</instance>
         <wf lemma="sam" pos="X">sam</wf>
         <wf lemma="iskazala" pos="X">iskazala</wf>
         <wf lemma="nebrojenim" pos="X">nebrojenim</wf>
         <wf lemma="žrtvama" pos="X">žrtvama</wf>
         <wf lemma="na" pos="X">na</wf>
         <wf lemma="radnom" pos="X">radnom</wf>
         <wf lemma="mjestu" pos="X">mjestu</wf>
         <wf lemma="!" pos="X">!</wf>
      </sentence>
      <sentence id="d000.s1182" source="wordnet-croatian">
         <wf lemma="Vojnici" pos="X">Vojnici</wf>
         <wf lemma="su" pos="X">su</wf>
         <instance id="d000.s1182.t000" lemma="stupati" pos="VERB">stupali</instance>
         <wf lemma="vježbalištem" pos="X">vježbalištem</wf>
         <wf lemma="u" pos="X">u</wf>
         <wf lemma="dvoredu" pos="X">dvoredu</wf>
         <wf lemma="." pos="X">.</wf>
      </sentence>
      <sentence id="d000.s1183" source="wordnet-croatian">
         <wf lemma="Vijest" pos="X">Vijest</wf>
         <wf lemma="o" pos="X">o</wf>
         <wf lemma="potresu" pos="X">potresu</wf>
         <wf lemma="vrlo" pos="X">vrlo</wf>
         <wf lemma="me" pos="X">me</wf>
         <wf lemma="je" pos="X">je</wf>
         <instance id="d000.s1183.t000" lemma="potresti" pos="VERB">potresla</instance>
         <wf lemma="." pos="X">.</wf>
      </sentence>
      <sentence id="d000.s1184" source="wordnet-croatian">
         <wf lemma="Odbacili" pos="X">Odbacili</wf>
         <wf lemma="su" pos="X">su</wf>
         <wf lemma="njegove" pos="X">njegove</wf>
         <wf lemma="zaključke" pos="X">zaključke</wf>
         <wf lemma="jer" pos="X">jer</wf>
         <wf lemma="u" pos="X">u</wf>
         <wf lemma="njima" pos="X">njima</wf>
         <wf lemma="nema" pos="X">nema</wf>
         <instance id="d000.s1184.t000" lemma="relevancija" pos="NOUN">relevancije</instance>
         <wf lemma="." pos="X">.</wf>
      </sentence>
      <sentence id="d000.s1185" source="wordnet-croatian">
         <wf lemma="Neki" pos="X">Neki</wf>
         <wf lemma="ljudi" pos="X">ljudi</wf>
         <wf lemma="imaju" pos="X">imaju</wf>
         <wf lemma="udubljeni" pos="X">udubljeni</wf>
         <wf lemma="," pos="X">,</wf>
         <wf lemma="a" pos="X">a</wf>
         <wf lemma="neki" pos="X">neki</wf>
         <wf lemma="izbočeni" pos="X">izbočeni</wf>
         <instance id="d000.s1185.t000" lemma="pupak" pos="NOUN">pupak</instance>
         <wf lemma="." pos="X">.</wf>
      </sentence>
      <sentence id="d000.s1186" source="wordnet-croatian">
         <wf lemma="Nikada" pos="X">Nikada</wf>
         <wf lemma="nije" pos="X">nije</wf>
         <wf lemma="jela" pos="X">jela</wf>
         <instance id="d000.s1186.t000" lemma="leblebija" pos="NOUN">leblebiju</instance>
         <wf lemma="i" pos="X">i</wf>
         <wf lemma="zato" pos="X">zato</wf>
         <wf lemma="jedva" pos="X">jedva</wf>
         <wf lemma="čeka" pos="X">čeka</wf>
         <wf lemma="sutrašnji" pos="X">sutrašnji</wf>
         <wf lemma="ručak" pos="X">ručak</wf>
         <wf lemma="." pos="X">.</wf>
      </sentence>
      <sentence id="d000.s1187" source="wordnet-croatian">
         <wf lemma="Ona" pos="X">Ona</wf>
         <wf lemma="profesionalno" pos="X">profesionalno</wf>
         <instance id="d000.s1187.t000" lemma="uzgajati" pos="VERB">uzgaja</instance>
         <wf lemma="pekinezere" pos="X">pekinezere</wf>
         <wf lemma="." pos="X">.</wf>
      </sentence>
      <sentence id="d000.s1188" source="wordnet-croatian">
         <wf lemma="Na" pos="X">Na</wf>
         <wf lemma="mjestu" pos="X">mjestu</wf>
         <instance id="d000.s1188.t000" lemma="star" pos="ADJ">stare</instance>
         <wf lemma="kuće" pos="X">kuće</wf>
         <wf lemma="sagradili" pos="X">sagradili</wf>
         <wf lemma="su" pos="X">su</wf>
         <wf lemma="novu" pos="X">novu</wf>
         <wf lemma="." pos="X">.</wf>
      </sentence>
      <sentence id="d000.s1189" source="wordnet-croatian">
         <wf lemma="Noge" pos="X">Noge</wf>
         <wf lemma="su" pos="X">su</wf>
         <wf lemma="mi" pos="X">mi</wf>
         <wf lemma="bile" pos="X">bile</wf>
         <instance id="d000.s1189.t000" lemma="obložiti" pos="VERB">obložene</instance>
         <wf lemma="blatom" pos="X">blatom</wf>
         <wf lemma="." pos="X">.</wf>
      </sentence>
      <sentence id="d000.s1190" source="wordnet-croatian">
         <wf lemma="Tornado" pos="X">Tornado</wf>
         <wf lemma="je" pos="X">je</wf>
         <instance id="d000.s1190.t000" lemma="stvoriti" pos="VERB">stvorio</instance>
         <wf lemma="ogromnu" pos="X">ogromnu</wf>
         <wf lemma="paniku" pos="X">paniku</wf>
         <wf lemma="." pos="X">.</wf>
      </sentence>
      <sentence id="d000.s1191" source="wordnet-croatian">
         <wf lemma="Dječak" pos="X">Dječak</wf>
         <wf lemma="je" pos="X">je</wf>
         <wf lemma="natrpao" pos="X">natrpao</wf>
         <instance id="d000.s1191.t000" lemma="usta" pos="NOUN">usta</instance>
         <wf lemma="slatkišima" pos="X">slatkišima</wf>
         <wf lemma="." pos="X">.</wf>
      </sentence>
      <sentence id="d000.s1192" source="wordnet-croatian">
         <instance id="d000.s1192.t000" lemma="testirati" pos="VERB">Testirali</instance>
         <wf lemma="smo" pos="X">smo</wf>
         <wf lemma="nosivost" pos="X">nosivost</wf>
         <wf lemma="mosta" pos="X">mosta</wf>
         <wf lemma="." pos="X">.</wf>
      </sentence>
      <sentence id="d000.s1193" source="wordnet-croatian">
         <wf lemma="Ljudi" pos="X">Ljudi</wf>
         <wf lemma="često" pos="X">često</wf>
         <wf lemma="tvrde" pos="X">tvrde</wf>
         <wf lemma="da" pos="X">da</wf>
         <wf lemma="su" pos="X">su</wf>
         <wf lemma="vidjeli" pos="X">vidjeli</wf>
         <wf lemma="razne" pos="X">razne</wf>
         <instance id="d000.s1193.t000" lemma="utvara" pos="NOUN">utvare</instance>
         <wf lemma="." pos="X">.</wf>
      </sentence>
      <sentence id="d000.s1194" source="wordnet-croatian">
         <instance id="d000.s1194.t000" lemma="izraditi" pos="VERB">Izradila</instance>
         <wf lemma="si" pos="X">si</wf>
         <wf lemma="divnu" pos="X">divnu</wf>
         <wf lemma="haljinu" pos="X">haljinu</wf>
         <wf lemma="." pos="X">.</wf>
      </sentence>
      <sentence id="d000.s1195" source="wordnet-croatian">
         <instance id="d000.s1195.t000" lemma="nemaran" pos="ADJ">Nemarne</instance>
         <wf lemma="osobe" pos="X">osobe</wf>
         <wf lemma="ostavljaju" pos="X">ostavljaju</wf>
         <wf lemma="svoje" pos="X">svoje</wf>
         <wf lemma="stvari" pos="X">stvari</wf>
         <wf lemma="posvuda" pos="X">posvuda</wf>
         <wf lemma="." pos="X">.</wf>
      </sentence>
      <sentence id="d000.s1196" source="wordnet-croatian">
         <wf lemma="Prosvjednici" pos="X">Prosvjednici</wf>
         <wf lemma="su" pos="X">su</wf>
         <wf lemma="od" pos="X">od</wf>
         <wf lemma="policije" pos="X">policije</wf>
         <wf lemma="zatražili" pos="X">zatražili</wf>
         <wf lemma="pravo" pos="X">pravo</wf>
         <wf lemma="na" pos="X">na</wf>
         <wf lemma="javni" pos="X">javni</wf>
         <instance id="d000.s1196.t000" lemma="skup" pos="NOUN">skup</instance>
         <wf lemma="." pos="X">.</wf>
      </sentence>
      <sentence id="d000.s1197" source="wordnet-croatian">
         <wf lemma="Studiranje" pos="X">Studiranje</wf>
         <wf lemma="mnogima" pos="X">mnogima</wf>
         <instance id="d000.s1197.t000" lemma="oduzimati" pos="VERB">oduzima</instance>
         <wf lemma="vrijeme" pos="X">vrijeme</wf>
         <wf lemma="i" pos="X">i</wf>
         <wf lemma="živce" pos="X">živce</wf>
         <wf lemma="." pos="X">.</wf>
      </sentence>
      <sentence id="d000.s1198" source="wordnet-croatian">
         <wf lemma="Obavila" pos="X">Obavila</wf>
         <wf lemma="je" pos="X">je</wf>
         <instance id="d000.s1198.t000" lemma="raspitivanje" pos="NOUN">raspitivanje</instance>
         <wf lemma="kod" pos="X">kod</wf>
         <wf lemma="iznajmljivača" pos="X">iznajmljivača</wf>
         <wf lemma="stanova" pos="X">stanova</wf>
         <wf lemma="u" pos="X">u</wf>
         <wf lemma="centru" pos="X">centru</wf>
         <wf lemma="grada" pos="X">grada</wf>
         <wf lemma="." pos="X">.</wf>
      </sentence>
      <sentence id="d000.s1199" source="wordnet-croatian">
         <wf lemma="U" pos="X">U</wf>
         <instance id="d000.s1199.t000" lemma="temelj" pos="NOUN">temeljima</instance>
         <wf lemma="zgrade" pos="X">zgrade</wf>
         <wf lemma="pronašli" pos="X">pronašli</wf>
         <wf lemma="su" pos="X">su</wf>
         <wf lemma="ostatke" pos="X">ostatke</wf>
         <wf lemma="starog" pos="X">starog</wf>
         <wf lemma="naselja" pos="X">naselja</wf>
         <wf lemma="." pos="X">.</wf>
      </sentence>
      <sentence id="d000.s1200" source="wordnet-croatian">
         <wf lemma="Izležavanje" pos="X">Izležavanje</wf>
         <wf lemma="na" pos="X">na</wf>
         <wf lemma="plaži" pos="X">plaži</wf>
         <wf lemma="činilo" pos="X">činilo</wf>
         <wf lemma="joj" pos="X">joj</wf>
         <wf lemma="je" pos="X">je</wf>
         <wf lemma="veliko" pos="X">veliko</wf>
         <instance id="d000.s1200.t000" lemma="zadovoljstvo" pos="NOUN">zadovoljstvo</instance>
         <wf lemma="." pos="X">.</wf>
      </sentence>
      <sentence id="d000.s1201" source="wordnet-croatian">
         <wf lemma="Proešćimo" pos="X">Proešćimo</wf>
         <wf lemma="plažom" pos="X">plažom</wf>
         <wf lemma="i" pos="X">i</wf>
         <instance id="d000.s1201.t000" lemma="sakupiti" pos="VERB">sakupinmo</instance>
         <wf lemma="zanimljive" pos="X">zanimljive</wf>
         <wf lemma="kamenčiće" pos="X">kamenčiće</wf>
         <wf lemma="," pos="X">,</wf>
         <wf lemma="dječice" pos="X">dječice</wf>
         <wf lemma="!" pos="X">!</wf>
      </sentence>
      <sentence id="d000.s1202" source="wordnet-croatian">
         <wf lemma="Mariji" pos="X">Mariji</wf>
         <wf lemma="je" pos="X">je</wf>
         <wf lemma="jedina" pos="X">jedina</wf>
         <instance id="d000.s1202.t000" lemma="želja" pos="NOUN">želja</instance>
         <wf lemma="bila" pos="X">bila</wf>
         <wf lemma="ponovno" pos="X">ponovno</wf>
         <wf lemma="vidjeti" pos="X">vidjeti</wf>
         <wf lemma="svog" pos="X">svog</wf>
         <wf lemma="oca" pos="X">oca</wf>
         <wf lemma="." pos="X">.</wf>
      </sentence>
      <sentence id="d000.s1203" source="wordnet-croatian">
         <instance id="d000.s1203.t000" lemma="votka" pos="NOUN">Votka</instance>
         <wf lemma="potječe" pos="X">potječe</wf>
         <wf lemma="iz" pos="X">iz</wf>
         <wf lemma="Rusije" pos="X">Rusije</wf>
         <wf lemma="." pos="X">.</wf>
      </sentence>
      <sentence id="d000.s1204" source="wordnet-croatian">
         <wf lemma="Imate" pos="X">Imate</wf>
         <wf lemma="li" pos="X">li</wf>
         <instance id="d000.s1204.t000" lemma="upaljač" pos="NOUN">upaljač</instance>
         <wf lemma="?" pos="X">?</wf>
      </sentence>
      <sentence id="d000.s1205" source="wordnet-croatian">
         <wf lemma="Uvijek" pos="X">Uvijek</wf>
         <wf lemma="je" pos="X">je</wf>
         <wf lemma="pametno" pos="X">pametno</wf>
         <instance id="d000.s1205.t000" lemma="napustiti" pos="VERB">napustiti</instance>
         <wf lemma="brod" pos="X">brod</wf>
         <wf lemma="koji" pos="X">koji</wf>
         <wf lemma="tone" pos="X">tone</wf>
         <wf lemma="." pos="X">.</wf>
      </sentence>
      <sentence id="d000.s1206" source="wordnet-croatian">
         <wf lemma="Prodavač" pos="X">Prodavač</wf>
         <wf lemma="za" pos="X">za</wf>
         <instance id="d000.s1206.t000" lemma="šalter" pos="NOUN">šalterom</instance>
         <wf lemma="bio" pos="X">bio</wf>
         <wf lemma="je" pos="X">je</wf>
         <wf lemma="iznimno" pos="X">iznimno</wf>
         <wf lemma="ljubazan" pos="X">ljubazan</wf>
         <wf lemma="." pos="X">.</wf>
      </sentence>
      <sentence id="d000.s1207" source="wordnet-croatian">
         <wf lemma="Na" pos="X">Na</wf>
         <wf lemma="meni" pos="X">meni</wf>
         <wf lemma="je" pos="X">je</wf>
         <instance id="d000.s1207.t000" lemma="red" pos="NOUN">red</instance>
         <wf lemma="da" pos="X">da</wf>
         <wf lemma="zovem" pos="X">zovem</wf>
         <wf lemma="adut" pos="X">adut</wf>
         <wf lemma="!" pos="X">!</wf>
      </sentence>
      <sentence id="d000.s1208" source="wordnet-croatian">
         <instance id="d000.s1208.t000" lemma="dizalica" pos="NOUN">Dizalice</instance>
         <wf lemma="moraju" pos="X">moraju</wf>
         <wf lemma="biti" pos="X">biti</wf>
         <wf lemma="dobro" pos="X">dobro</wf>
         <wf lemma="učvršćene" pos="X">učvršćene</wf>
         <wf lemma="da" pos="X">da</wf>
         <wf lemma="ne" pos="X">ne</wf>
         <wf lemma="dođe" pos="X">dođe</wf>
         <wf lemma="do" pos="X">do</wf>
         <wf lemma="nezgode" pos="X">nezgode</wf>
         <wf lemma="." pos="X">.</wf>
      </sentence>
      <sentence id="d000.s1209" source="wordnet-croatian">
         <wf lemma="Čipka" pos="X">Čipka</wf>
         <wf lemma="je" pos="X">je</wf>
         <wf lemma="jedna" pos="X">jedna</wf>
         <wf lemma="od" pos="X">od</wf>
         <instance id="d000.s1209.t000" lemma="posebnost" pos="NOUN">posebnosti</instance>
         <wf lemma="otoka" pos="X">otoka</wf>
         <wf lemma="Paga" pos="X">Paga</wf>
         <wf lemma="." pos="X">.</wf>
      </sentence>
      <sentence id="d000.s1210" source="wordnet-croatian">
         <wf lemma="Hrvatska" pos="X">Hrvatska</wf>
         <wf lemma="je" pos="X">je</wf>
         <wf lemma="izuzetno" pos="X">izuzetno</wf>
         <instance id="d000.s1210.t000" lemma="lijep" pos="ADJ">lijepa</instance>
         <wf lemma="zemlja" pos="X">zemlja</wf>
         <wf lemma="." pos="X">.</wf>
      </sentence>
      <sentence id="d000.s1211" source="wordnet-croatian">
         <instance id="d000.s1211.t000" lemma="reći" pos="VERB">Reci</instance>
         <wf lemma="im" pos="X">im</wf>
         <wf lemma="da" pos="X">da</wf>
         <wf lemma="ćemo" pos="X">ćemo</wf>
         <wf lemma="zakasniti" pos="X">zakasniti</wf>
         <wf lemma="na" pos="X">na</wf>
         <wf lemma="večeru" pos="X">večeru</wf>
         <wf lemma="." pos="X">.</wf>
      </sentence>
      <sentence id="d000.s1212" source="wordnet-croatian">
         <wf lemma="U" pos="X">U</wf>
         <wf lemma="urbanističkom" pos="X">urbanističkom</wf>
         <wf lemma="planu" pos="X">planu</wf>
         <instance id="d000.s1212.t000" lemma="izvlaštenje" pos="NOUN">izvlaštenje</instance>
         <wf lemma="zemljišta" pos="X">zemljišta</wf>
         <wf lemma="obuhvaća" pos="X">obuhvaća</wf>
         <wf lemma="i" pos="X">i</wf>
         <wf lemma="zgradu" pos="X">zgradu</wf>
         <wf lemma="i" pos="X">i</wf>
         <wf lemma="druge" pos="X">druge</wf>
         <wf lemma="građevine" pos="X">građevine</wf>
         <wf lemma="." pos="X">.</wf>
      </sentence>
      <sentence id="d000.s1213" source="wordnet-croatian">
         <wf lemma="Kocka" pos="X">Kocka</wf>
         <wf lemma="ima" pos="X">ima</wf>
         <wf lemma="osam" pos="X">osam</wf>
         <instance id="d000.s1213.t000" lemma="kut" pos="NOUN">kutova</instance>
         <wf lemma="." pos="X">.</wf>
      </sentence>
      <sentence id="d000.s1214" source="wordnet-croatian">
         <wf lemma="Njegovo" pos="X">Njegovo</wf>
         <wf lemma="snažno" pos="X">snažno</wf>
         <instance id="d000.s1214.t000" lemma="zagovaranje" pos="NOUN">zagovaranje</instance>
         <wf lemma="socijalne" pos="X">socijalne</wf>
         <wf lemma="politike" pos="X">politike</wf>
         <wf lemma="dovelo" pos="X">dovelo</wf>
         <wf lemma="ga" pos="X">ga</wf>
         <wf lemma="je" pos="X">je</wf>
         <wf lemma="u" pos="X">u</wf>
         <wf lemma="sukob" pos="X">sukob</wf>
         <wf lemma="s" pos="X">s</wf>
         <wf lemma="konzervativcima" pos="X">konzervativcima</wf>
         <wf lemma="." pos="X">.</wf>
      </sentence>
      <sentence id="d000.s1215" source="wordnet-croatian">
         <wf lemma="Naljutila" pos="X">Naljutila</wf>
         <wf lemma="sam" pos="X">sam</wf>
         <wf lemma="se" pos="X">se</wf>
         <wf lemma="jer" pos="X">jer</wf>
         <wf lemma="moje" pos="X">moje</wf>
         <wf lemma="ime" pos="X">ime</wf>
         <wf lemma="nije" pos="X">nije</wf>
         <wf lemma="bilo" pos="X">bilo</wf>
         <wf lemma="na" pos="X">na</wf>
         <instance id="d000.s1215.t000" lemma="lista" pos="NOUN">listi</instance>
         <wf lemma="." pos="X">.</wf>
      </sentence>
      <sentence id="d000.s1216" source="wordnet-croatian">
         <wf lemma="Teško" pos="X">Teško</wf>
         <wf lemma="je" pos="X">je</wf>
         <wf lemma="promijeniti" pos="X">promijeniti</wf>
         <wf lemma="tuđe" pos="X">tuđe</wf>
         <wf lemma="," pos="X">,</wf>
         <wf lemma="usađene" pos="X">usađene</wf>
         <instance id="d000.s1216.t000" lemma="nazor" pos="NOUN">nazore</instance>
         <wf lemma="." pos="X">.</wf>
      </sentence>
      <sentence id="d000.s1217" source="wordnet-croatian">
         <wf lemma="Na" pos="X">Na</wf>
         <instance id="d000.s1217.t000" lemma="konac" pos="NOUN">koncu</instance>
         <wf lemma="ćemo" pos="X">ćemo</wf>
         <wf lemma="svi" pos="X">svi</wf>
         <wf lemma="biti" pos="X">biti</wf>
         <wf lemma="zadovoljni" pos="X">zadovoljni</wf>
         <wf lemma="." pos="X">.</wf>
      </sentence>
      <sentence id="d000.s1218" source="wordnet-croatian">
         <wf lemma="Pravi" pos="X">Pravi</wf>
         <instance id="d000.s1218.t000" lemma="gospodin" pos="NOUN">gospodin</instance>
         <wf lemma="nikada" pos="X">nikada</wf>
         <wf lemma="ne" pos="X">ne</wf>
         <wf lemma="bi" pos="X">bi</wf>
         <wf lemma="srkao" pos="X">srkao</wf>
         <wf lemma="juhu" pos="X">juhu</wf>
         <wf lemma="." pos="X">.</wf>
      </sentence>
      <sentence id="d000.s1219" source="wordnet-croatian">
         <wf lemma="Oduševljena" pos="X">Oduševljena</wf>
         <wf lemma="publika" pos="X">publika</wf>
         <wf lemma="je" pos="X">je</wf>
         <instance id="d000.s1219.t000" lemma="ustati" pos="VERB">ustala</instance>
         <wf lemma="i" pos="X">i</wf>
         <wf lemma="glasno" pos="X">glasno</wf>
         <wf lemma="zapljeskala" pos="X">zapljeskala</wf>
         <wf lemma="." pos="X">.</wf>
      </sentence>
      <sentence id="d000.s1220" source="wordnet-croatian">
         <wf lemma="Kupio" pos="X">Kupio</wf>
         <wf lemma="je" pos="X">je</wf>
         <wf lemma="bežični" pos="X">bežični</wf>
         <instance id="d000.s1220.t000" lemma="miš" pos="NOUN">miš</instance>
         <wf lemma="." pos="X">.</wf>
      </sentence>
      <sentence id="d000.s1221" source="wordnet-croatian">
         <wf lemma="Cijelu" pos="X">Cijelu</wf>
         <wf lemma="noć" pos="X">noć</wf>
         <wf lemma="hoda" pos="X">hoda</wf>
         <wf lemma="po" pos="X">po</wf>
         <wf lemma="krčama" pos="X">krčama</wf>
         <wf lemma="i" pos="X">i</wf>
         <instance id="d000.s1221.t000" lemma="tražiti" pos="VERB">traži</instance>
         <wf lemma="nevolje" pos="X">nevolje</wf>
         <wf lemma="." pos="X">.</wf>
      </sentence>
      <sentence id="d000.s1222" source="wordnet-croatian">
         <wf lemma="Kafić" pos="X">Kafić</wf>
         <wf lemma="se" pos="X">se</wf>
         <wf lemma="skrio" pos="X">skrio</wf>
         <wf lemma="u" pos="X">u</wf>
         <wf lemma="malenom" pos="X">malenom</wf>
         <instance id="d000.s1222.t000" lemma="prolaz" pos="NOUN">prolazu</instance>
         <wf lemma="i" pos="X">i</wf>
         <wf lemma="samo" pos="X">samo</wf>
         <wf lemma="su" pos="X">su</wf>
         <wf lemma="ga" pos="X">ga</wf>
         <wf lemma="dobro" pos="X">dobro</wf>
         <wf lemma="upućeni" pos="X">upućeni</wf>
         <wf lemma="mogli" pos="X">mogli</wf>
         <wf lemma="naći" pos="X">naći</wf>
         <wf lemma="." pos="X">.</wf>
      </sentence>
      <sentence id="d000.s1223" source="wordnet-croatian">
         <wf lemma="Mnogi" pos="X">Mnogi</wf>
         <wf lemma="sumnjaju" pos="X">sumnjaju</wf>
         <wf lemma="u" pos="X">u</wf>
         <instance id="d000.s1223.t000" lemma="regularnost" pos="NOUN">regularnost</instance>
         <wf lemma="izbora" pos="X">izbora</wf>
         <wf lemma="u" pos="X">u</wf>
         <wf lemma="Rusiji" pos="X">Rusiji</wf>
         <wf lemma="." pos="X">.</wf>
      </sentence>
      <sentence id="d000.s1224" source="wordnet-croatian">
         <wf lemma="Poznati" pos="X">Poznati</wf>
         <wf lemma="detektiv" pos="X">detektiv</wf>
         <instance id="d000.s1224.t000" lemma="istraživati" pos="VERB">istražuje</instance>
         <wf lemma="nestanak" pos="X">nestanak</wf>
         <wf lemma="bogate" pos="X">bogate</wf>
         <wf lemma="nasljednice" pos="X">nasljednice</wf>
         <wf lemma="." pos="X">.</wf>
      </sentence>
      <sentence id="d000.s1225" source="wordnet-croatian">
         <wf lemma="Sjedili" pos="X">Sjedili</wf>
         <wf lemma="smo" pos="X">smo</wf>
         <wf lemma="tri" pos="X">tri</wf>
         <wf lemma="sata" pos="X">sata</wf>
         <wf lemma="," pos="X">,</wf>
         <wf lemma="ali" pos="X">ali</wf>
         <wf lemma="smo" pos="X">smo</wf>
         <wf lemma="popili" pos="X">popili</wf>
         <wf lemma="samo" pos="X">samo</wf>
         <wf lemma="jedno" pos="X">jedno</wf>
         <instance id="d000.s1225.t000" lemma="piće" pos="NOUN">piće</instance>
         <wf lemma="." pos="X">.</wf>
      </sentence>
      <sentence id="d000.s1226" source="wordnet-croatian">
         <wf lemma="Nije" pos="X">Nije</wf>
         <wf lemma="osjećala" pos="X">osjećala</wf>
         <wf lemma="nikakvo" pos="X">nikakvo</wf>
         <instance id="d000.s1226.t000" lemma="suosjećanje" pos="NOUN">suosjećanje</instance>
         <wf lemma="za" pos="X">za</wf>
         <wf lemma="patnje" pos="X">patnje</wf>
         <wf lemma="čovjeka" pos="X">čovjeka</wf>
         <wf lemma="koji" pos="X">koji</wf>
         <wf lemma="joj" pos="X">joj</wf>
         <wf lemma="je" pos="X">je</wf>
         <wf lemma="u" pos="X">u</wf>
         <wf lemma="životu" pos="X">životu</wf>
         <wf lemma="nanio" pos="X">nanio</wf>
         <wf lemma="toliku" pos="X">toliku</wf>
         <wf lemma="bol" pos="X">bol</wf>
         <wf lemma="." pos="X">.</wf>
      </sentence>
      <sentence id="d000.s1227" source="wordnet-croatian">
         <wf lemma="Policija" pos="X">Policija</wf>
         <wf lemma="je" pos="X">je</wf>
         <wf lemma="cijeli" pos="X">cijeli</wf>
         <wf lemma="slučaj" pos="X">slučaj</wf>
         <instance id="d000.s1227.t000" lemma="opisati" pos="VERB">opisala</instance>
         <wf lemma="vrlo" pos="X">vrlo</wf>
         <wf lemma="šturo" pos="X">šturo</wf>
         <wf lemma="." pos="X">.</wf>
      </sentence>
      <sentence id="d000.s1228" source="wordnet-croatian">
         <wf lemma="Kupnjom" pos="X">Kupnjom</wf>
         <wf lemma="vlastitoga" pos="X">vlastitoga</wf>
         <wf lemma="stana" pos="X">stana</wf>
         <wf lemma="ostvario" pos="X">ostvario</wf>
         <wf lemma="je" pos="X">je</wf>
         <wf lemma="svoju" pos="X">svoju</wf>
         <wf lemma="dugogodišnju" pos="X">dugogodišnju</wf>
         <instance id="d000.s1228.t000" lemma="želja" pos="NOUN">želju</instance>
         <wf lemma="." pos="X">.</wf>
      </sentence>
      <sentence id="d000.s1229" source="wordnet-croatian">
         <wf lemma="Nitko" pos="X">Nitko</wf>
         <wf lemma="ne" pos="X">ne</wf>
         <wf lemma="bi" pos="X">bi</wf>
         <wf lemma="smio" pos="X">smio</wf>
         <wf lemma="dozvoliti" pos="X">dozvoliti</wf>
         <instance id="d000.s1229.t000" lemma="kaljanje" pos="NOUN">kaljanje</instance>
         <wf lemma="vlastitoga" pos="X">vlastitoga</wf>
         <wf lemma="naroda" pos="X">naroda</wf>
         <wf lemma="." pos="X">.</wf>
      </sentence>
      <sentence id="d000.s1230" source="wordnet-croatian">
         <instance id="d000.s1230.t000" lemma="provincija" pos="NOUN">Provincije</instance>
         <wf lemma="moraju" pos="X">moraju</wf>
         <wf lemma="plaćati" pos="X">plaćati</wf>
         <wf lemma="danak" pos="X">danak</wf>
         <wf lemma="!" pos="X">!</wf>
      </sentence>
      <sentence id="d000.s1231" source="wordnet-croatian">
         <wf lemma="Veoma" pos="X">Veoma</wf>
         <instance id="d000.s1231.t000" lemma="snažan" pos="ADJ">snažni</instance>
         <wf lemma="otrovi" pos="X">otrovi</wf>
         <wf lemma="mogu" pos="X">mogu</wf>
         <wf lemma="usmrtiti" pos="X">usmrtiti</wf>
         <wf lemma="u" pos="X">u</wf>
         <wf lemma="nekoliko" pos="X">nekoliko</wf>
         <wf lemma="sekundi" pos="X">sekundi</wf>
         <wf lemma="." pos="X">.</wf>
      </sentence>
      <sentence id="d000.s1232" source="wordnet-croatian">
         <wf lemma="Prirodna" pos="X">Prirodna</wf>
         <instance id="d000.s1232.t000" lemma="selekcija" pos="NOUN">selekcija</instance>
         <wf lemma="i" pos="X">i</wf>
         <wf lemma="dalje" pos="X">dalje</wf>
         <wf lemma="se" pos="X">se</wf>
         <wf lemma="nastavlja" pos="X">nastavlja</wf>
         <wf lemma="." pos="X">.</wf>
      </sentence>
      <sentence id="d000.s1233" source="wordnet-croatian">
         <instance id="d000.s1233.t000" lemma="koš" pos="NOUN">Koš</instance>
         <wf lemma="za" pos="X">za</wf>
         <wf lemma="smeće" pos="X">smeće</wf>
         <wf lemma="trebalo" pos="X">trebalo</wf>
         <wf lemma="je" pos="X">je</wf>
         <wf lemma="hitno" pos="X">hitno</wf>
         <wf lemma="isprazniti" pos="X">isprazniti</wf>
         <wf lemma="." pos="X">.</wf>
      </sentence>
      <sentence id="d000.s1234" source="wordnet-croatian">
         <instance id="d000.s1234.t000" lemma="izručiti" pos="VERB">Izručili</instance>
         <wf lemma="su" pos="X">su</wf>
         <wf lemma="pljačkaše" pos="X">pljačkaše</wf>
         <wf lemma="koji" pos="X">koji</wf>
         <wf lemma="su" pos="X">su</wf>
         <wf lemma="se" pos="X">se</wf>
         <wf lemma="skrivali" pos="X">skrivali</wf>
         <wf lemma="u" pos="X">u</wf>
         <wf lemma="Brazilu" pos="X">Brazilu</wf>
         <wf lemma="." pos="X">.</wf>
      </sentence>
      <sentence id="d000.s1235" source="wordnet-croatian">
         <wf lemma="Djecu" pos="X">Djecu</wf>
         <wf lemma="treba" pos="X">treba</wf>
         <wf lemma="navikavati" pos="X">navikavati</wf>
         <wf lemma="na" pos="X">na</wf>
         <wf lemma="svakodnevnu" pos="X">svakodnevnu</wf>
         <instance id="d000.s1235.t000" lemma="rekreacija" pos="NOUN">rekreaciju</instance>
         <wf lemma="." pos="X">.</wf>
      </sentence>
      <sentence id="d000.s1236" source="wordnet-croatian">
         <instance id="d000.s1236.t000" lemma="zagađivanje" pos="NOUN">Zagađivanje</instance>
         <wf lemma="mora" pos="X">mora</wf>
         <wf lemma="veće" pos="X">veće</wf>
         <wf lemma="je" pos="X">je</wf>
         <wf lemma="tijekom" pos="X">tijekom</wf>
         <wf lemma="turističke" pos="X">turističke</wf>
         <wf lemma="sezone" pos="X">sezone</wf>
         <wf lemma="." pos="X">.</wf>
      </sentence>
      <sentence id="d000.s1237" source="wordnet-croatian">
         <wf lemma="Kraljevna" pos="X">Kraljevna</wf>
         <wf lemma="je" pos="X">je</wf>
         <wf lemma="poljupcem" pos="X">poljupcem</wf>
         <instance id="d000.s1237.t000" lemma="preobraziti" pos="VERB">preobrazila</instance>
         <wf lemma="žabu" pos="X">žabu</wf>
         <wf lemma="u" pos="X">u</wf>
         <wf lemma="kraljevića" pos="X">kraljevića</wf>
         <wf lemma="." pos="X">.</wf>
      </sentence>
      <sentence id="d000.s1238" source="wordnet-croatian">
         <wf lemma="Mladoženja" pos="X">Mladoženja</wf>
         <wf lemma="je" pos="X">je</wf>
         <wf lemma="imao" pos="X">imao</wf>
         <wf lemma="prekrasno" pos="X">prekrasno</wf>
         <instance id="d000.s1238.t000" lemma="odijelo" pos="NOUN">odijelo</instance>
         <wf lemma="boje" pos="X">boje</wf>
         <wf lemma="šampanjca" pos="X">šampanjca</wf>
         <wf lemma="." pos="X">.</wf>
      </sentence>
      <sentence id="d000.s1239" source="wordnet-croatian">
         <instance id="d000.s1239.t000" lemma="gnječiti" pos="VERB">Gnječila</instance>
         <wf lemma="je" pos="X">je</wf>
         <wf lemma="glinu" pos="X">glinu</wf>
         <wf lemma="dok" pos="X">dok</wf>
         <wf lemma="nije" pos="X">nije</wf>
         <wf lemma="postala" pos="X">postala</wf>
         <wf lemma="mekana" pos="X">mekana</wf>
         <wf lemma="." pos="X">.</wf>
      </sentence>
      <sentence id="d000.s1240" source="wordnet-croatian">
         <instance id="d000.s1240.t000" lemma="prestati" pos="VERB">Prestani</instance>
         <wf lemma="tući" pos="X">tući</wf>
         <wf lemma="ostalu" pos="X">ostalu</wf>
         <wf lemma="djecu" pos="X">djecu</wf>
         <wf lemma="u" pos="X">u</wf>
         <wf lemma="školi" pos="X">školi</wf>
         <wf lemma="!" pos="X">!</wf>
      </sentence>
      <sentence id="d000.s1241" source="wordnet-croatian">
         <wf lemma="Rasprave" pos="X">Rasprave</wf>
         <wf lemma="o" pos="X">o</wf>
         <wf lemma="jeziku" pos="X">jeziku</wf>
         <wf lemma="pripadaju" pos="X">pripadaju</wf>
         <wf lemma="području" pos="X">području</wf>
         <instance id="d000.s1241.t000" lemma="jezikoslovlje" pos="NOUN">jezikoslovlja</instance>
         <wf lemma="." pos="X">.</wf>
      </sentence>
      <sentence id="d000.s1242" source="wordnet-croatian">
         <wf lemma="Mnogi" pos="X">Mnogi</wf>
         <wf lemma="smatraju" pos="X">smatraju</wf>
         <wf lemma="da" pos="X">da</wf>
         <wf lemma="su" pos="X">su</wf>
         <wf lemma="društvene" pos="X">društvene</wf>
         <wf lemma="mreže" pos="X">mreže</wf>
         <wf lemma="surogat" pos="X">surogat</wf>
         <wf lemma="za" pos="X">za</wf>
         <instance id="d000.s1242.t000" lemma="nemoćnost" pos="NOUN">nemoćnost</instance>
         <wf lemma="i" pos="X">i</wf>
         <wf lemma="nedostatak" pos="X">nedostatak</wf>
         <wf lemma="resursa" pos="X">resursa</wf>
         <wf lemma="za" pos="X">za</wf>
         <wf lemma="kvalitetnu" pos="X">kvalitetnu</wf>
         <wf lemma="komunikaciju" pos="X">komunikaciju</wf>
         <wf lemma="." pos="X">.</wf>
      </sentence>
      <sentence id="d000.s1243" source="wordnet-croatian">
         <wf lemma="Volim" pos="X">Volim</wf>
         <instance id="d000.s1243.t000" lemma="mahanje" pos="NOUN">mahanje</instance>
         <wf lemma="repom" pos="X">repom</wf>
         <wf lemma="svoga" pos="X">svoga</wf>
         <wf lemma="psića" pos="X">psića</wf>
         <wf lemma="." pos="X">.</wf>
      </sentence>
      <sentence id="d000.s1244" source="wordnet-croatian">
         <wf lemma="Kralj" pos="X">Kralj</wf>
         <wf lemma="je" pos="X">je</wf>
         <wf lemma="imao" pos="X">imao</wf>
         <wf lemma="tri" pos="X">tri</wf>
         <wf lemma="prekrasne" pos="X">prekrasne</wf>
         <instance id="d000.s1244.t000" lemma="kći" pos="NOUN">kćeri</instance>
         <wf lemma="," pos="X">,</wf>
         <wf lemma="sve" pos="X">sve</wf>
         <wf lemma="jedna" pos="X">jedna</wf>
         <wf lemma="ljepša" pos="X">ljepša</wf>
         <wf lemma="od" pos="X">od</wf>
         <wf lemma="druge" pos="X">druge</wf>
         <wf lemma="." pos="X">.</wf>
      </sentence>
      <sentence id="d000.s1245" source="wordnet-croatian">
         <wf lemma="Ništa" pos="X">Ništa</wf>
         <wf lemma="više" pos="X">više</wf>
         <wf lemma="nije" pos="X">nije</wf>
         <wf lemma="moglo" pos="X">moglo</wf>
         <wf lemma="ispraviti" pos="X">ispraviti</wf>
         <instance id="d000.s1245.t000" lemma="nepravda" pos="NOUN">nepravdu</instance>
         <wf lemma="koja" pos="X">koja</wf>
         <wf lemma="mu" pos="X">mu</wf>
         <wf lemma="je" pos="X">je</wf>
         <wf lemma="nanesena" pos="X">nanesena</wf>
         <wf lemma="." pos="X">.</wf>
      </sentence>
      <sentence id="d000.s1246" source="wordnet-croatian">
         <wf lemma="Michelangelo" pos="X">Michelangelo</wf>
         <wf lemma="je" pos="X">je</wf>
         <wf lemma="majstorski" pos="X">majstorski</wf>
         <wf lemma="oslikao" pos="X">oslikao</wf>
         <instance id="d000.s1246.t000" lemma="svod" pos="NOUN">svod</instance>
         <wf lemma="Sikstinske" pos="X">Sikstinske</wf>
         <wf lemma="kapele" pos="X">kapele</wf>
         <wf lemma="." pos="X">.</wf>
      </sentence>
      <sentence id="d000.s1247" source="wordnet-croatian">
         <instance id="d000.s1247.t000" lemma="šampanjac" pos="NOUN">Šampanjac</instance>
         <wf lemma="se" pos="X">se</wf>
         <wf lemma="pije" pos="X">pije</wf>
         <wf lemma="u" pos="X">u</wf>
         <wf lemma="posebnim" pos="X">posebnim</wf>
         <wf lemma="prigodama" pos="X">prigodama</wf>
         <wf lemma="." pos="X">.</wf>
      </sentence>
      <sentence id="d000.s1248" source="wordnet-croatian">
         <instance id="d000.s1248.t000" lemma="razvitak" pos="NOUN">Razvitak</instance>
         <wf lemma="gospodarstva" pos="X">gospodarstva</wf>
         <wf lemma="je" pos="X">je</wf>
         <wf lemma="neophodan" pos="X">neophodan</wf>
         <wf lemma="." pos="X">.</wf>
      </sentence>
      <sentence id="d000.s1249" source="wordnet-croatian">
         <instance id="d000.s1249.t000" lemma="vijest" pos="NOUN">Vijest</instance>
         <wf lemma="o" pos="X">o</wf>
         <wf lemma="potpisivanju" pos="X">potpisivanju</wf>
         <wf lemma="primirja" pos="X">primirja</wf>
         <wf lemma="za" pos="X">za</wf>
         <wf lemma="njega" pos="X">njega</wf>
         <wf lemma="je" pos="X">je</wf>
         <wf lemma="stigla" pos="X">stigla</wf>
         <wf lemma="prekasno" pos="X">prekasno</wf>
         <wf lemma="." pos="X">.</wf>
      </sentence>
      <sentence id="d000.s1250" source="wordnet-croatian">
         <wf lemma="Bio" pos="X">Bio</wf>
         <wf lemma="je" pos="X">je</wf>
         <wf lemma="to" pos="X">to</wf>
         <instance id="d000.s1250.t000" lemma="mučan" pos="ADJ">mučan</instance>
         <wf lemma="zadatak" pos="X">zadatak</wf>
         <wf lemma="." pos="X">.</wf>
      </sentence>
      <sentence id="d000.s1251" source="wordnet-croatian">
         <wf lemma="U" pos="X">U</wf>
         <wf lemma="karnevalskoj" pos="X">karnevalskoj</wf>
         <wf lemma="se" pos="X">se</wf>
         <instance id="d000.s1251.t000" lemma="parada" pos="NOUN">paradi</instance>
         <wf lemma="mogu" pos="X">mogu</wf>
         <wf lemma="vidjeti" pos="X">vidjeti</wf>
         <wf lemma="najrazličitije" pos="X">najrazličitije</wf>
         <wf lemma="maske" pos="X">maske</wf>
         <wf lemma="." pos="X">.</wf>
      </sentence>
      <sentence id="d000.s1252" source="wordnet-croatian">
         <instance id="d000.s1252.t000" lemma="natopiti" pos="VERB">Natopi</instance>
         <wf lemma="ručnik" pos="X">ručnik</wf>
         <wf lemma="alkoholom" pos="X">alkoholom</wf>
         <wf lemma="." pos="X">.</wf>
      </sentence>
      <sentence id="d000.s1253" source="wordnet-croatian">
         <wf lemma="Cijeli" pos="X">Cijeli</wf>
         <wf lemma="vikend" pos="X">vikend</wf>
         <wf lemma="raspravljali" pos="X">raspravljali</wf>
         <wf lemma="su" pos="X">su</wf>
         <wf lemma="o" pos="X">o</wf>
         <instance id="d000.s1253.t000" lemma="smještaj" pos="NOUN">smještaju</instance>
         <wf lemma="uzvanika" pos="X">uzvanika</wf>
         <wf lemma="na" pos="X">na</wf>
         <wf lemma="svadbu" pos="X">svadbu</wf>
         <wf lemma="." pos="X">.</wf>
      </sentence>
      <sentence id="d000.s1254" source="wordnet-croatian">
         <wf lemma="Podulji" pos="X">Podulji</wf>
         <wf lemma="roman" pos="X">roman</wf>
         <wf lemma="koji" pos="X">koji</wf>
         <wf lemma="nikad" pos="X">nikad</wf>
         <wf lemma="nije" pos="X">nije</wf>
         <wf lemma="završila" pos="X">završila</wf>
         <wf lemma="imao" pos="X">imao</wf>
         <wf lemma="je" pos="X">je</wf>
         <wf lemma="1200" pos="X">1200</wf>
         <instance id="d000.s1254.t000" lemma="stranica" pos="NOUN">stranica</instance>
         <wf lemma="." pos="X">.</wf>
      </sentence>
      <sentence id="d000.s1255" source="wordnet-croatian">
         <wf lemma="Pri" pos="X">Pri</wf>
         <wf lemma="rukovanju" pos="X">rukovanju</wf>
         <wf lemma="opasnim" pos="X">opasnim</wf>
         <instance id="d000.s1255.t000" lemma="supstancija" pos="NOUN">supstancijama</instance>
         <wf lemma="treba" pos="X">treba</wf>
         <wf lemma="biti" pos="X">biti</wf>
         <wf lemma="jako" pos="X">jako</wf>
         <wf lemma="oprezan" pos="X">oprezan</wf>
         <wf lemma="." pos="X">.</wf>
      </sentence>
      <sentence id="d000.s1256" source="wordnet-croatian">
         <instance id="d000.s1256.t000" lemma="povezanost" pos="NOUN">Povezanost</instance>
         <wf lemma="majke" pos="X">majke</wf>
         <wf lemma="i" pos="X">i</wf>
         <wf lemma="djeteta" pos="X">djeteta</wf>
         <wf lemma="neraskidiva" pos="X">neraskidiva</wf>
         <wf lemma="je" pos="X">je</wf>
         <wf lemma="." pos="X">.</wf>
      </sentence>
      <sentence id="d000.s1257" source="wordnet-croatian">
         <wf lemma="Mafija" pos="X">Mafija</wf>
         <wf lemma="je" pos="X">je</wf>
         <wf lemma="dala" pos="X">dala</wf>
         <instance id="d000.s1257.t000" lemma="pogubiti" pos="VERB">pogubiti</instance>
         <wf lemma="doušnika" pos="X">doušnika</wf>
         <wf lemma="." pos="X">.</wf>
      </sentence>
      <sentence id="d000.s1258" source="wordnet-croatian">
         <instance id="d000.s1258.t000" lemma="popis" pos="NOUN">Popis</instance>
         <wf lemma="s" pos="X">s</wf>
         <wf lemma="imenima" pos="X">imenima</wf>
         <wf lemma="učenika" pos="X">učenika</wf>
         <wf lemma="nije" pos="X">nije</wf>
         <wf lemma="potpun" pos="X">potpun</wf>
         <wf lemma="." pos="X">.</wf>
      </sentence>
      <sentence id="d000.s1259" source="wordnet-croatian">
         <wf lemma="Ona" pos="X">Ona</wf>
         <wf lemma="je" pos="X">je</wf>
         <wf lemma="u" pos="X">u</wf>
         <wf lemma="svako" pos="X">svako</wf>
         <wf lemma="jelo" pos="X">jelo</wf>
         <wf lemma="morala" pos="X">morala</wf>
         <wf lemma="staviti" pos="X">staviti</wf>
         <wf lemma="barem" pos="X">barem</wf>
         <wf lemma="malo" pos="X">malo</wf>
         <instance id="d000.s1259.t000" lemma="bambus" pos="NOUN">bambusa</instance>
         <wf lemma="." pos="X">.</wf>
      </sentence>
      <sentence id="d000.s1260" source="wordnet-croatian">
         <instance id="d000.s1260.t000" lemma="zvjerstvo" pos="NOUN">Zvjerstva</instance>
         <wf lemma="počinjena" pos="X">počinjena</wf>
         <wf lemma="u" pos="X">u</wf>
         <wf lemma="ratu" pos="X">ratu</wf>
         <wf lemma="svjedoče" pos="X">svjedoče</wf>
         <wf lemma="o" pos="X">o</wf>
         <wf lemma="tamnoj" pos="X">tamnoj</wf>
         <wf lemma="strani" pos="X">strani</wf>
         <wf lemma="ljudske" pos="X">ljudske</wf>
         <wf lemma="prirode" pos="X">prirode</wf>
         <wf lemma="." pos="X">.</wf>
      </sentence>
      <sentence id="d000.s1261" source="wordnet-croatian">
         <wf lemma="Nije" pos="X">Nije</wf>
         <wf lemma="htio" pos="X">htio</wf>
         <wf lemma="priznati" pos="X">priznati</wf>
         <instance id="d000.s1261.t000" lemma="nekorisnost" pos="NOUN">nekorisnost</instance>
         <wf lemma="i" pos="X">i</wf>
         <wf lemma="neopravdanost" pos="X">neopravdanost</wf>
         <wf lemma="svojih" pos="X">svojih</wf>
         <wf lemma="postupaka" pos="X">postupaka</wf>
         <wf lemma="." pos="X">.</wf>
      </sentence>
      <sentence id="d000.s1262" source="wordnet-croatian">
         <wf lemma="Prije" pos="X">Prije</wf>
         <wf lemma="Božića" pos="X">Božića</wf>
         <wf lemma="oprala" pos="X">oprala</wf>
         <wf lemma="je" pos="X">je</wf>
         <wf lemma="sve" pos="X">sve</wf>
         <instance id="d000.s1262.t000" lemma="zavjesa" pos="NOUN">zavjese</instance>
         <wf lemma="." pos="X">.</wf>
      </sentence>
      <sentence id="d000.s1263" source="wordnet-croatian">
         <wf lemma="Bio" pos="X">Bio</wf>
         <wf lemma="je" pos="X">je</wf>
         <wf lemma="to" pos="X">to</wf>
         <wf lemma="njezin" pos="X">njezin</wf>
         <wf lemma="treći" pos="X">treći</wf>
         <instance id="d000.s1263.t000" lemma="pokušaj" pos="NOUN">pokušaj</instance>
         <wf lemma="da" pos="X">da</wf>
         <wf lemma="položi" pos="X">položi</wf>
         <wf lemma="taj" pos="X">taj</wf>
         <wf lemma="težak" pos="X">težak</wf>
         <wf lemma="ispit" pos="X">ispit</wf>
         <wf lemma="." pos="X">.</wf>
      </sentence>
      <sentence id="d000.s1264" source="wordnet-croatian">
         <wf lemma="Zaštita" pos="X">Zaštita</wf>
         <instance id="d000.s1264.t000" lemma="malodobnik" pos="NOUN">malodobnika</instance>
         <wf lemma="pri" pos="X">pri</wf>
         <wf lemma="zapošljavanju" pos="X">zapošljavanju</wf>
         <wf lemma="zakonski" pos="X">zakonski</wf>
         <wf lemma="je" pos="X">je</wf>
         <wf lemma="regulirana" pos="X">regulirana</wf>
         <wf lemma="." pos="X">.</wf>
      </sentence>
      <sentence id="d000.s1265" source="wordnet-croatian">
         <wf lemma="Sirene" pos="X">Sirene</wf>
         <wf lemma="su" pos="X">su</wf>
         <instance id="d000.s1265.t000" lemma="mamiti" pos="VERB">mamile</instance>
         <wf lemma="mornare" pos="X">mornare</wf>
         <wf lemma="zavodljivim" pos="X">zavodljivim</wf>
         <wf lemma="pjevom" pos="X">pjevom</wf>
         <wf lemma="." pos="X">.</wf>
      </sentence>
      <sentence id="d000.s1266" source="wordnet-croatian">
         <wf lemma="Slovenija" pos="X">Slovenija</wf>
         <wf lemma="je" pos="X">je</wf>
         <wf lemma="prekinula" pos="X">prekinula</wf>
         <instance id="d000.s1266.t000" lemma="blokada" pos="NOUN">blokadu</instance>
         <wf lemma="pristupa" pos="X">pristupa</wf>
         <wf lemma="Hrvatske" pos="X">Hrvatske</wf>
         <wf lemma="Europskoj" pos="X">Europskoj</wf>
         <wf lemma="uniji" pos="X">uniji</wf>
         <wf lemma="." pos="X">.</wf>
      </sentence>
      <sentence id="d000.s1267" source="wordnet-croatian">
         <instance id="d000.s1267.t000" lemma="suh" pos="ADJ">Suha</instance>
         <wf lemma="zemlja" pos="X">zemlja</wf>
         <wf lemma="ne" pos="X">ne</wf>
         <wf lemma="može" pos="X">može</wf>
         <wf lemma="roditi" pos="X">roditi</wf>
         <wf lemma="." pos="X">.</wf>
      </sentence>
      <sentence id="d000.s1268" source="wordnet-croatian">
         <wf lemma="Udarao" pos="X">Udarao</wf>
         <wf lemma="je" pos="X">je</wf>
         <wf lemma="u" pos="X">u</wf>
         <instance id="d000.s1268.t000" lemma="bubanj" pos="NOUN">bubnjeve</instance>
         <wf lemma="kao" pos="X">kao</wf>
         <wf lemma="lud" pos="X">lud</wf>
         <wf lemma="." pos="X">.</wf>
      </sentence>
      <sentence id="d000.s1269" source="wordnet-croatian">
         <wf lemma="Hrvatski" pos="X">Hrvatski</wf>
         <wf lemma="predsjednik" pos="X">predsjednik</wf>
         <wf lemma="podržao" pos="X">podržao</wf>
         <wf lemma="je" pos="X">je</wf>
         <instance id="d000.s1269.t000" lemma="stajalište" pos="NOUN">stajalište</instance>
         <wf lemma="Vlade" pos="X">Vlade</wf>
         <wf lemma="." pos="X">.</wf>
      </sentence>
      <sentence id="d000.s1270" source="wordnet-croatian">
         <wf lemma="U" pos="X">U</wf>
         <wf lemma="krvi" pos="X">krvi</wf>
         <wf lemma="mogu" pos="X">mogu</wf>
         <wf lemma="biti" pos="X">biti</wf>
         <instance id="d000.s1270.t000" lemma="prisutan" pos="ADJ">prisutne</instance>
         <wf lemma="različite" pos="X">različite</wf>
         <wf lemma="bakterije" pos="X">bakterije</wf>
         <wf lemma="." pos="X">.</wf>
      </sentence>
      <sentence id="d000.s1271" source="wordnet-croatian">
         <wf lemma="Oni" pos="X">Oni</wf>
         <wf lemma="strahuju" pos="X">strahuju</wf>
         <wf lemma="od" pos="X">od</wf>
         <wf lemma="javne" pos="X">javne</wf>
         <wf lemma="prozivke" pos="X">prozivke</wf>
         <wf lemma="," pos="X">,</wf>
         <instance id="d000.s1271.t000" lemma="difamacija" pos="NOUN">difamacije</instance>
         <wf lemma="i" pos="X">i</wf>
         <wf lemma="odstupanja" pos="X">odstupanja</wf>
         <wf lemma="s" pos="X">s</wf>
         <wf lemma="dužnosti" pos="X">dužnosti</wf>
         <wf lemma="." pos="X">.</wf>
      </sentence>
      <sentence id="d000.s1272" source="wordnet-croatian">
         <wf lemma="Nemojte" pos="X">Nemojte</wf>
         <wf lemma="zanemarivati" pos="X">zanemarivati</wf>
         <instance id="d000.s1272.t000" lemma="značajnost" pos="NOUN">značajnost</instance>
         <wf lemma="nuklearnog" pos="X">nuklearnog</wf>
         <wf lemma="oružja" pos="X">oružja</wf>
         <wf lemma="." pos="X">.</wf>
      </sentence>
      <sentence id="d000.s1273" source="wordnet-croatian">
         <wf lemma="Mjed" pos="X">Mjed</wf>
         <wf lemma="je" pos="X">je</wf>
         <instance id="d000.s1273.t000" lemma="slitina" pos="NOUN">slitina</instance>
         <wf lemma="cinka" pos="X">cinka</wf>
         <wf lemma="i" pos="X">i</wf>
         <wf lemma="bakra" pos="X">bakra</wf>
         <wf lemma="." pos="X">.</wf>
      </sentence>
      <sentence id="d000.s1274" source="wordnet-croatian">
         <wf lemma="Njezin" pos="X">Njezin</wf>
         <wf lemma="je" pos="X">je</wf>
         <wf lemma="iskaz" pos="X">iskaz</wf>
         <wf lemma="bio" pos="X">bio</wf>
         <wf lemma="toliko" pos="X">toliko</wf>
         <instance id="d000.s1274.t000" lemma="nepovezan" pos="ADJ">nepovezan</instance>
         <wf lemma="da" pos="X">da</wf>
         <wf lemma="je" pos="X">je</wf>
         <wf lemma="nitko" pos="X">nitko</wf>
         <wf lemma="nije" pos="X">nije</wf>
         <wf lemma="mogao" pos="X">mogao</wf>
         <wf lemma="razumjeti" pos="X">razumjeti</wf>
         <wf lemma="." pos="X">.</wf>
      </sentence>
      <sentence id="d000.s1275" source="wordnet-croatian">
         <wf lemma="Zaustavio" pos="X">Zaustavio</wf>
         <wf lemma="je" pos="X">je</wf>
         <wf lemma="auto" pos="X">auto</wf>
         <wf lemma="i" pos="X">i</wf>
         <wf lemma="ugasio" pos="X">ugasio</wf>
         <instance id="d000.s1275.t000" lemma="svjetlo" pos="NOUN">svjetla</instance>
         <wf lemma="." pos="X">.</wf>
      </sentence>
      <sentence id="d000.s1276" source="wordnet-croatian">
         <wf lemma="Na" pos="X">Na</wf>
         <wf lemma="aerodromu" pos="X">aerodromu</wf>
         <wf lemma="su" pos="X">su</wf>
         <wf lemma="me" pos="X">me</wf>
         <instance id="d000.s1276.t000" lemma="pregledati" pos="VERB">pregledali</instance>
         <wf lemma="od" pos="X">od</wf>
         <wf lemma="glave" pos="X">glave</wf>
         <wf lemma="do" pos="X">do</wf>
         <wf lemma="pete" pos="X">pete</wf>
         <wf lemma="." pos="X">.</wf>
      </sentence>
      <sentence id="d000.s1277" source="wordnet-croatian">
         <wf lemma="Često" pos="X">Često</wf>
         <instance id="d000.s1277.t000" lemma="otvaranje" pos="NOUN">otvaranje</instance>
         <wf lemma="vrata" pos="X">vrata</wf>
         <wf lemma="razgibat" pos="X">razgibat</wf>
         <wf lemma="će" pos="X">će</wf>
         <wf lemma="kvaku" pos="X">kvaku</wf>
         <wf lemma="." pos="X">.</wf>
      </sentence>
      <sentence id="d000.s1278" source="wordnet-croatian">
         <wf lemma="Vodili" pos="X">Vodili</wf>
         <wf lemma="smo" pos="X">smo</wf>
         <wf lemma="duge" pos="X">duge</wf>
         <instance id="d000.s1278.t000" lemma="razgovor" pos="NOUN">razgovore</instance>
         <wf lemma="," pos="X">,</wf>
         <wf lemma="no" pos="X">no</wf>
         <wf lemma="nismo" pos="X">nismo</wf>
         <wf lemma="pronašli" pos="X">pronašli</wf>
         <wf lemma="rješenje" pos="X">rješenje</wf>
         <wf lemma="problema" pos="X">problema</wf>
         <wf lemma="." pos="X">.</wf>
      </sentence>
      <sentence id="d000.s1279" source="wordnet-croatian">
         <instance id="d000.s1279.t000" lemma="barometar" pos="NOUN">Barometar</instance>
         <wf lemma="je" pos="X">je</wf>
         <wf lemma="neizostavan" pos="X">neizostavan</wf>
         <wf lemma="mjerni" pos="X">mjerni</wf>
         <wf lemma="instrument" pos="X">instrument</wf>
         <wf lemma="u" pos="X">u</wf>
         <wf lemma="meteorologiji" pos="X">meteorologiji</wf>
         <wf lemma="." pos="X">.</wf>
      </sentence>
      <sentence id="d000.s1280" source="wordnet-croatian">
         <wf lemma="On" pos="X">On</wf>
         <instance id="d000.s1280.t000" lemma="voziti" pos="VERB">vozi</instance>
         <wf lemma="autobus" pos="X">autobus</wf>
         <wf lemma="." pos="X">.</wf>
      </sentence>
      <sentence id="d000.s1281" source="wordnet-croatian">
         <wf lemma="Rijetko" pos="X">Rijetko</wf>
         <wf lemma="je" pos="X">je</wf>
         <wf lemma="mijenjao" pos="X">mijenjao</wf>
         <wf lemma="svoja" pos="X">svoja</wf>
         <instance id="d000.s1281.t000" lemma="uvjerenje" pos="NOUN">uvjerenja</instance>
         <wf lemma="." pos="X">.</wf>
      </sentence>
      <sentence id="d000.s1282" source="wordnet-croatian">
         <instance id="d000.s1282.t000" lemma="zahtijevati" pos="VERB">Zahtijevao</instance>
         <wf lemma="je" pos="X">je</wf>
         <wf lemma="predan" pos="X">predan</wf>
         <wf lemma="rad" pos="X">rad</wf>
         <wf lemma="svojih" pos="X">svojih</wf>
         <wf lemma="zaposlenika" pos="X">zaposlenika</wf>
         <wf lemma="." pos="X">.</wf>
      </sentence>
      <sentence id="d000.s1283" source="wordnet-croatian">
         <instance id="d000.s1283.t000" lemma="zakvačiti" pos="VERB">Zakvačio</instance>
         <wf lemma="sam" pos="X">sam</wf>
         <wf lemma="u" pos="X">u</wf>
         <wf lemma="prolazu" pos="X">prolazu</wf>
         <wf lemma="puloverom" pos="X">puloverom</wf>
         <wf lemma="o" pos="X">o</wf>
         <wf lemma="zaostali" pos="X">zaostali</wf>
         <wf lemma="čavao" pos="X">čavao</wf>
         <wf lemma="." pos="X">.</wf>
      </sentence>
      <sentence id="d000.s1284" source="wordnet-croatian">
         <wf lemma="Bavila" pos="X">Bavila</wf>
         <wf lemma="se" pos="X">se</wf>
         <wf lemma="egzotičnim" pos="X">egzotičnim</wf>
         <instance id="d000.s1284.t000" lemma="ples" pos="NOUN">plesom</instance>
         <wf lemma="." pos="X">.</wf>
      </sentence>
      <sentence id="d000.s1285" source="wordnet-croatian">
         <wf lemma="Gospodarica" pos="X">Gospodarica</wf>
         <wf lemma="je" pos="X">je</wf>
         <wf lemma="morala" pos="X">morala</wf>
         <wf lemma="otpustiti" pos="X">otpustiti</wf>
         <wf lemma="mnoge" pos="X">mnoge</wf>
         <instance id="d000.s1285.t000" lemma="sluga" pos="NOUN">sluge</instance>
         <wf lemma="nakon" pos="X">nakon</wf>
         <wf lemma="propale" pos="X">propale</wf>
         <wf lemma="žetve" pos="X">žetve</wf>
         <wf lemma="." pos="X">.</wf>
      </sentence>
      <sentence id="d000.s1286" source="wordnet-croatian">
         <wf lemma="Svi" pos="X">Svi</wf>
         <wf lemma="su" pos="X">su</wf>
         <wf lemma="bili" pos="X">bili</wf>
         <wf lemma="iznenađeni" pos="X">iznenađeni</wf>
         <instance id="d000.s1286.t000" lemma="bistrina" pos="NOUN">bistrinom</instance>
         <wf lemma="tako" pos="X">tako</wf>
         <wf lemma="malog" pos="X">malog</wf>
         <wf lemma="djeteta" pos="X">djeteta</wf>
         <wf lemma="." pos="X">.</wf>
      </sentence>
      <sentence id="d000.s1287" source="wordnet-croatian">
         <instance id="d000.s1287.t000" lemma="imati" pos="VERB">Ima</instance>
         <wf lemma="veliko" pos="X">veliko</wf>
         <wf lemma="znanje" pos="X">znanje</wf>
         <wf lemma="o" pos="X">o</wf>
         <wf lemma="kretanju" pos="X">kretanju</wf>
         <wf lemma="zvijezda" pos="X">zvijezda</wf>
         <wf lemma="." pos="X">.</wf>
      </sentence>
      <sentence id="d000.s1288" source="wordnet-croatian">
         <wf lemma="Biljkama" pos="X">Biljkama</wf>
         <wf lemma="penjačicama" pos="X">penjačicama</wf>
         <wf lemma="potreban" pos="X">potreban</wf>
         <wf lemma="je" pos="X">je</wf>
         <instance id="d000.s1288.t000" lemma="potporanj" pos="NOUN">potporanj</instance>
         <wf lemma="." pos="X">.</wf>
      </sentence>
      <sentence id="d000.s1289" source="wordnet-croatian">
         <wf lemma="Glavni" pos="X">Glavni</wf>
         <instance id="d000.s1289.t000" lemma="suparnik" pos="NOUN">suparnik</instance>
         <wf lemma="HDZ-u" pos="X">HDZ-u</wf>
         <wf lemma="oduvijek" pos="X">oduvijek</wf>
         <wf lemma="je" pos="X">je</wf>
         <wf lemma="bio" pos="X">bio</wf>
         <wf lemma="SDP" pos="X">SDP</wf>
         <wf lemma="." pos="X">.</wf>
      </sentence>
      <sentence id="d000.s1290" source="wordnet-croatian">
         <wf lemma="Nakon" pos="X">Nakon</wf>
         <wf lemma="što" pos="X">što</wf>
         <wf lemma="su" pos="X">su</wf>
         <wf lemma="ga" pos="X">ga</wf>
         <wf lemma="onako" pos="X">onako</wf>
         <wf lemma="pretukli" pos="X">pretukli</wf>
         <wf lemma="u" pos="X">u</wf>
         <wf lemma="zadnjoj" pos="X">zadnjoj</wf>
         <wf lemma="borbi" pos="X">borbi</wf>
         <wf lemma="," pos="X">,</wf>
         <wf lemma="nije" pos="X">nije</wf>
         <wf lemma="se" pos="X">se</wf>
         <wf lemma="više" pos="X">više</wf>
         <wf lemma="mislio" pos="X">mislio</wf>
         <wf lemma="vraćati" pos="X">vraćati</wf>
         <wf lemma="u" pos="X">u</wf>
         <instance id="d000.s1290.t000" lemma="ring" pos="NOUN">ring</instance>
         <wf lemma="." pos="X">.</wf>
      </sentence>
      <sentence id="d000.s1291" source="wordnet-croatian">
         <wf lemma="Postoje" pos="X">Postoje</wf>
         <instance id="d000.s1291.t000" lemma="konvencionalan" pos="ADJ">konvencionalni</instance>
         <wf lemma="oblici" pos="X">oblici</wf>
         <wf lemma="pisanja" pos="X">pisanja</wf>
         <wf lemma="životopisa" pos="X">životopisa</wf>
         <wf lemma="." pos="X">.</wf>
      </sentence>
      <sentence id="d000.s1292" source="wordnet-croatian">
         <wf lemma="Ana" pos="X">Ana</wf>
         <wf lemma="se" pos="X">se</wf>
         <wf lemma="još" pos="X">još</wf>
         <wf lemma="uvijek" pos="X">uvijek</wf>
         <wf lemma="sjeća" pos="X">sjeća</wf>
         <wf lemma="njihovog" pos="X">njihovog</wf>
         <instance id="d000.s1292.t000" lemma="susret" pos="NOUN">susreta</instance>
         <wf lemma="na" pos="X">na</wf>
         <wf lemma="moru" pos="X">moru</wf>
         <wf lemma="." pos="X">.</wf>
      </sentence>
      <sentence id="d000.s1293" source="wordnet-croatian">
         <wf lemma="Mislim" pos="X">Mislim</wf>
         <wf lemma="da" pos="X">da</wf>
         <wf lemma="mogu" pos="X">mogu</wf>
         <instance id="d000.s1293.t000" lemma="zamisliti" pos="VERB">zamisliti</instance>
         <wf lemma="što" pos="X">što</wf>
         <wf lemma="će" pos="X">će</wf>
         <wf lemma="se" pos="X">se</wf>
         <wf lemma="dogoditi" pos="X">dogoditi</wf>
         <wf lemma="." pos="X">.</wf>
      </sentence>
      <sentence id="d000.s1294" source="wordnet-croatian">
         <wf lemma="Imao" pos="X">Imao</wf>
         <wf lemma="je" pos="X">je</wf>
         <wf lemma="veliki" pos="X">veliki</wf>
         <instance id="d000.s1294.t000" lemma="broj" pos="NOUN">broj</instance>
         <wf lemma="bezvrijednih" pos="X">bezvrijednih</wf>
         <wf lemma="dionica" pos="X">dionica</wf>
         <wf lemma="." pos="X">.</wf>
      </sentence>
      <sentence id="d000.s1295" source="wordnet-croatian">
         <wf lemma="Pravi" pos="X">Pravi</wf>
         <wf lemma="prijatelj" pos="X">prijatelj</wf>
         <wf lemma="uvijek" pos="X">uvijek</wf>
         <instance id="d000.s1295.t000" lemma="ukazati" pos="VERB">ukaže</instance>
         <wf lemma="na" pos="X">na</wf>
         <wf lemma="propuste" pos="X">propuste</wf>
         <wf lemma="i" pos="X">i</wf>
         <wf lemma="pogreške" pos="X">pogreške</wf>
         <wf lemma="." pos="X">.</wf>
      </sentence>
      <sentence id="d000.s1296" source="wordnet-croatian">
         <instance id="d000.s1296.t000" lemma="krenuti" pos="VERB">Krenuo</instance>
         <wf lemma="je" pos="X">je</wf>
         <wf lemma="s" pos="X">s</wf>
         <wf lemma="juhom" pos="X">juhom</wf>
         <wf lemma="dok" pos="X">dok</wf>
         <wf lemma="je" pos="X">je</wf>
         <wf lemma="još" pos="X">još</wf>
         <wf lemma="bila" pos="X">bila</wf>
         <wf lemma="vruća" pos="X">vruća</wf>
         <wf lemma="." pos="X">.</wf>
      </sentence>
      <sentence id="d000.s1297" source="wordnet-croatian">
         <wf lemma="U" pos="X">U</wf>
         <wf lemma="školi" pos="X">školi</wf>
         <wf lemma="za" pos="X">za</wf>
         <wf lemma="domaćice" pos="X">domaćice</wf>
         <wf lemma="vježbaju" pos="X">vježbaju</wf>
         <wf lemma="i" pos="X">i</wf>
         <wf lemma="pravilno" pos="X">pravilno</wf>
         <instance id="d000.s1297.t000" lemma="rasprostiranje" pos="NOUN">rasprostiranje</instance>
         <wf lemma="stolnjaka" pos="X">stolnjaka</wf>
         <wf lemma="." pos="X">.</wf>
      </sentence>
      <sentence id="d000.s1298" source="wordnet-croatian">
         <wf lemma="Kupio" pos="X">Kupio</wf>
         <wf lemma="je" pos="X">je</wf>
         <wf lemma="poslovni" pos="X">poslovni</wf>
         <wf lemma="prostor" pos="X">prostor</wf>
         <wf lemma="u" pos="X">u</wf>
         <wf lemma="novom" pos="X">novom</wf>
         <instance id="d000.s1298.t000" lemma="kompleks" pos="NOUN">kompleksu</instance>
         <wf lemma="u" pos="X">u</wf>
         <wf lemma="centru" pos="X">centru</wf>
         <wf lemma="grada" pos="X">grada</wf>
         <wf lemma="." pos="X">.</wf>
      </sentence>
      <sentence id="d000.s1299" source="wordnet-croatian">
         <wf lemma="Sve" pos="X">Sve</wf>
         <wf lemma="je" pos="X">je</wf>
         <wf lemma="dobro" pos="X">dobro</wf>
         <wf lemma="što" pos="X">što</wf>
         <wf lemma="se" pos="X">se</wf>
         <wf lemma="dobro" pos="X">dobro</wf>
         <instance id="d000.s1299.t000" lemma="svršiti" pos="VERB">svrši</instance>
         <wf lemma="." pos="X">.</wf>
      </sentence>
      <sentence id="d000.s1300" source="wordnet-croatian">
         <wf lemma="Putnici" pos="X">Putnici</wf>
         <wf lemma="su" pos="X">su</wf>
         <wf lemma="prijavili" pos="X">prijavili</wf>
         <wf lemma="taksista" pos="X">taksista</wf>
         <wf lemma="zbog" pos="X">zbog</wf>
         <wf lemma="neispravnog" pos="X">neispravnog</wf>
         <instance id="d000.s1300.t000" lemma="taksimetar" pos="NOUN">taksimetra</instance>
         <wf lemma="." pos="X">.</wf>
      </sentence>
      <sentence id="d000.s1301" source="wordnet-croatian">
         <wf lemma="Dijete" pos="X">Dijete</wf>
         <wf lemma="joj" pos="X">joj</wf>
         <wf lemma="je" pos="X">je</wf>
         <wf lemma="dobilo" pos="X">dobilo</wf>
         <instance id="d000.s1301.t000" lemma="visok" pos="ADJ">visoku</instance>
         <wf lemma="temperaturu" pos="X">temperaturu</wf>
         <wf lemma="." pos="X">.</wf>
      </sentence>
      <sentence id="d000.s1302" source="wordnet-croatian">
         <wf lemma="Svi" pos="X">Svi</wf>
         <wf lemma="se" pos="X">se</wf>
         <wf lemma="odvjetnici" pos="X">odvjetnici</wf>
         <wf lemma="bore" pos="X">bore</wf>
         <wf lemma="za" pos="X">za</wf>
         <instance id="d000.s1302.t000" lemma="zastupanje" pos="NOUN">zastupanje</instance>
         <wf lemma="moćnika" pos="X">moćnika</wf>
         <wf lemma="na" pos="X">na</wf>
         <wf lemma="sudu" pos="X">sudu</wf>
         <wf lemma="." pos="X">.</wf>
      </sentence>
      <sentence id="d000.s1303" source="wordnet-croatian">
         <instance id="d000.s1303.t000" lemma="izrađivač" pos="NOUN">Izrađivači</instance>
         <wf lemma="igračaka" pos="X">igračaka</wf>
         <wf lemma="na" pos="X">na</wf>
         <wf lemma="umu" pos="X">umu</wf>
         <wf lemma="uvijek" pos="X">uvijek</wf>
         <wf lemma="imaju" pos="X">imaju</wf>
         <wf lemma="njihovu" pos="X">njihovu</wf>
         <wf lemma="sigurnost" pos="X">sigurnost</wf>
         <wf lemma="za" pos="X">za</wf>
         <wf lemma="djecu" pos="X">djecu</wf>
         <wf lemma="." pos="X">.</wf>
      </sentence>
      <sentence id="d000.s1304" source="wordnet-croatian">
         <instance id="d000.s1304.t000" lemma="žarište" pos="NOUN">Žarište</instance>
         <wf lemma="upale" pos="X">upale</wf>
         <wf lemma="je" pos="X">je</wf>
         <wf lemma="u" pos="X">u</wf>
         <wf lemma="jetri" pos="X">jetri</wf>
         <wf lemma="." pos="X">.</wf>
      </sentence>
      <sentence id="d000.s1305" source="wordnet-croatian">
         <wf lemma="Na" pos="X">Na</wf>
         <instance id="d000.s1305.t000" lemma="kraj" pos="NOUN">kraju</instance>
         <wf lemma="predstave" pos="X">predstave</wf>
         <wf lemma="glumci" pos="X">glumci</wf>
         <wf lemma="su" pos="X">su</wf>
         <wf lemma="se" pos="X">se</wf>
         <wf lemma="poklonili" pos="X">poklonili</wf>
         <wf lemma="." pos="X">.</wf>
      </sentence>
      <sentence id="d000.s1306" source="wordnet-croatian">
         <wf lemma="Bilo" pos="X">Bilo</wf>
         <wf lemma="je" pos="X">je</wf>
         <wf lemma="potrebno" pos="X">potrebno</wf>
         <wf lemma="četvero" pos="X">četvero</wf>
         <wf lemma="ljudi" pos="X">ljudi</wf>
         <wf lemma="za" pos="X">za</wf>
         <wf lemma="podizanje" pos="X">podizanje</wf>
         <wf lemma="stare" pos="X">stare</wf>
         <instance id="d000.s1306.t000" lemma="komoda" pos="NOUN">komode</instance>
         <wf lemma="od" pos="X">od</wf>
         <wf lemma="punoga" pos="X">punoga</wf>
         <wf lemma="drveta" pos="X">drveta</wf>
         <wf lemma="." pos="X">.</wf>
      </sentence>
      <sentence id="d000.s1307" source="wordnet-croatian">
         <wf lemma="Upala" pos="X">Upala</wf>
         <wf lemma="je" pos="X">je</wf>
         <wf lemma="u" pos="X">u</wf>
         <wf lemma="financijsku" pos="X">financijsku</wf>
         <wf lemma="krizu" pos="X">krizu</wf>
         <wf lemma="nakon" pos="X">nakon</wf>
         <wf lemma="sumnjivih" pos="X">sumnjivih</wf>
         <instance id="d000.s1307.t000" lemma="kupoprodaja" pos="NOUN">kupoprodaja</instance>
         <wf lemma="nekretnina" pos="X">nekretnina</wf>
         <wf lemma="." pos="X">.</wf>
      </sentence>
      <sentence id="d000.s1308" source="wordnet-croatian">
         <wf lemma="Moj" pos="X">Moj</wf>
         <wf lemma="se" pos="X">se</wf>
         <wf lemma="omiljeni" pos="X">omiljeni</wf>
         <instance id="d000.s1308.t000" lemma="restoran" pos="NOUN">restoran</instance>
         <wf lemma="u" pos="X">u</wf>
         <wf lemma="posljednje" pos="X">posljednje</wf>
         <wf lemma="vrijeme" pos="X">vrijeme</wf>
         <wf lemma="pokvario" pos="X">pokvario</wf>
         <wf lemma="." pos="X">.</wf>
      </sentence>
      <sentence id="d000.s1309" source="wordnet-croatian">
         <instance id="d000.s1309.t000" lemma="religioznost" pos="NOUN">Religioznost</instance>
         <wf lemma="se" pos="X">se</wf>
         <wf lemma="ne" pos="X">ne</wf>
         <wf lemma="iskazuje" pos="X">iskazuje</wf>
         <wf lemma="odlascima" pos="X">odlascima</wf>
         <wf lemma="u" pos="X">u</wf>
         <wf lemma="crkvu" pos="X">crkvu</wf>
         <wf lemma="." pos="X">.</wf>
      </sentence>
      <sentence id="d000.s1310" source="wordnet-croatian">
         <wf lemma="Molim" pos="X">Molim</wf>
         <wf lemma="te" pos="X">te</wf>
         <wf lemma="," pos="X">,</wf>
         <instance id="d000.s1310.t000" lemma="očistiti" pos="VERB">očisti</instance>
         <wf lemma="mrlje" pos="X">mrlje</wf>
         <wf lemma="s" pos="X">s</wf>
         <wf lemma="moga" pos="X">moga</wf>
         <wf lemma="ćilima" pos="X">ćilima</wf>
         <wf lemma="." pos="X">.</wf>
      </sentence>
      <sentence id="d000.s1311" source="wordnet-croatian">
         <wf lemma="Harali" pos="X">Harali</wf>
         <wf lemma="su" pos="X">su</wf>
         <wf lemma="cijelom" pos="X">cijelom</wf>
         <wf lemma="zemljom" pos="X">zemljom</wf>
         <wf lemma="i" pos="X">i</wf>
         <wf lemma="činili" pos="X">činili</wf>
         <instance id="d000.s1311.t000" lemma="užas" pos="NOUN">užase</instance>
         <wf lemma="." pos="X">.</wf>
      </sentence>
      <sentence id="d000.s1312" source="wordnet-croatian">
         <wf lemma="Na" pos="X">Na</wf>
         <wf lemma="toj" pos="X">toj</wf>
         <wf lemma="su" pos="X">su</wf>
         <wf lemma="pokretnoj" pos="X">pokretnoj</wf>
         <instance id="d000.s1312.t000" lemma="traka" pos="NOUN">traci</instance>
         <wf lemma="radila" pos="X">radila</wf>
         <wf lemma="tri" pos="X">tri</wf>
         <wf lemma="radnika" pos="X">radnika</wf>
         <wf lemma="." pos="X">.</wf>
      </sentence>
      <sentence id="d000.s1313" source="wordnet-croatian">
         <wf lemma="Nije" pos="X">Nije</wf>
         <wf lemma="mu" pos="X">mu</wf>
         <wf lemma="mogao" pos="X">mogao</wf>
         <instance id="d000.s1313.t000" lemma="parirati" pos="VERB">parirati</instance>
         <wf lemma="u" pos="X">u</wf>
         <wf lemma="tenisu" pos="X">tenisu</wf>
         <wf lemma="." pos="X">.</wf>
      </sentence>
      <sentence id="d000.s1314" source="wordnet-croatian">
         <instance id="d000.s1314.t000" lemma="zadržati" pos="VERB">Zadržala</instance>
         <wf lemma="sam" pos="X">sam</wf>
         <wf lemma="neke" pos="X">neke</wf>
         <wf lemma="stare" pos="X">stare</wf>
         <wf lemma="stvari" pos="X">stvari</wf>
         <wf lemma="," pos="X">,</wf>
         <wf lemma="iako" pos="X">iako</wf>
         <wf lemma="nisam" pos="X">nisam</wf>
         <wf lemma="bila" pos="X">bila</wf>
         <wf lemma="sigurna" pos="X">sigurna</wf>
         <wf lemma="hoću" pos="X">hoću</wf>
         <wf lemma="li" pos="X">li</wf>
         <wf lemma="ih" pos="X">ih</wf>
         <wf lemma="ikad" pos="X">ikad</wf>
         <wf lemma="više" pos="X">više</wf>
         <wf lemma="koristiti" pos="X">koristiti</wf>
         <wf lemma="." pos="X">.</wf>
      </sentence>
      <sentence id="d000.s1315" source="wordnet-croatian">
         <wf lemma="Diplomirao" pos="X">Diplomirao</wf>
         <wf lemma="je" pos="X">je</wf>
         <wf lemma="u" pos="X">u</wf>
         <instance id="d000.s1315.t000" lemma="jesen" pos="NOUN">jesen</instance>
         <wf lemma="2001." pos="X">2001.</wf>
      </sentence>
      <sentence id="d000.s1316" source="wordnet-croatian">
         <wf lemma="Mirko" pos="X">Mirko</wf>
         <wf lemma="je" pos="X">je</wf>
         <instance id="d000.s1316.t000" lemma="objesiti" pos="VERB">objesio</instance>
         <wf lemma="Slavkovu" pos="X">Slavkovu</wf>
         <wf lemma="sliku" pos="X">sliku</wf>
         <wf lemma="na" pos="X">na</wf>
         <wf lemma="zid" pos="X">zid</wf>
         <wf lemma="." pos="X">.</wf>
      </sentence>
      <sentence id="d000.s1317" source="wordnet-croatian">
         <wf lemma="Roditelji" pos="X">Roditelji</wf>
         <wf lemma="su" pos="X">su</wf>
         <wf lemma="Mirku" pos="X">Mirku</wf>
         <wf lemma="uvijek" pos="X">uvijek</wf>
         <wf lemma="davali" pos="X">davali</wf>
         <wf lemma="emocionalnu" pos="X">emocionalnu</wf>
         <instance id="d000.s1317.t000" lemma="podrška" pos="NOUN">podršku</instance>
         <wf lemma="." pos="X">.</wf>
      </sentence>
      <sentence id="d000.s1318" source="wordnet-croatian">
         <instance id="d000.s1318.t000" lemma="sprednjača" pos="NOUN">Sprednjače</instance>
         <wf lemma="se" pos="X">se</wf>
         <wf lemma="danas" pos="X">danas</wf>
         <wf lemma="rijetko" pos="X">rijetko</wf>
         <wf lemma="koriste" pos="X">koriste</wf>
         <wf lemma="." pos="X">.</wf>
      </sentence>
      <sentence id="d000.s1319" source="wordnet-croatian">
         <wf lemma="Marija" pos="X">Marija</wf>
         <wf lemma="je" pos="X">je</wf>
         <instance id="d000.s1319.t000" lemma="otvoriti" pos="VERB">otvorila</instance>
         <wf lemma="vrata" pos="X">vrata</wf>
         <wf lemma="automobila" pos="X">automobila</wf>
         <wf lemma="." pos="X">.</wf>
      </sentence>
      <sentence id="d000.s1320" source="wordnet-croatian">
         <wf lemma="Policija" pos="X">Policija</wf>
         <wf lemma="je" pos="X">je</wf>
         <wf lemma="lovila" pos="X">lovila</wf>
         <wf lemma="vozača" pos="X">vozača</wf>
         <wf lemma="koji" pos="X">koji</wf>
         <wf lemma="je" pos="X">je</wf>
         <wf lemma="vozio" pos="X">vozio</wf>
         <instance id="d000.s1320.t000" lemma="autoput" pos="NOUN">autoputom</instance>
         <wf lemma="u" pos="X">u</wf>
         <wf lemma="pogrešnom" pos="X">pogrešnom</wf>
         <wf lemma="smjeru" pos="X">smjeru</wf>
         <wf lemma="." pos="X">.</wf>
      </sentence>
      <sentence id="d000.s1321" source="wordnet-croatian">
         <wf lemma="Toliko" pos="X">Toliko</wf>
         <wf lemma="je" pos="X">je</wf>
         <instance id="d000.s1321.t000" lemma="put" pos="NOUN">puta</instance>
         <wf lemma="prošao" pos="X">prošao</wf>
         <wf lemma="dvorištem" pos="X">dvorištem</wf>
         <wf lemma="po" pos="X">po</wf>
         <wf lemma="istom" pos="X">istom</wf>
         <wf lemma="pravcu" pos="X">pravcu</wf>
         <wf lemma="da" pos="X">da</wf>
         <wf lemma="je" pos="X">je</wf>
         <wf lemma="utabao" pos="X">utabao</wf>
         <wf lemma="put" pos="X">put</wf>
         <wf lemma="." pos="X">.</wf>
      </sentence>
      <sentence id="d000.s1322" source="wordnet-croatian">
         <instance id="d000.s1322.t000" lemma="kupiti" pos="VERB">Kupili</instance>
         <wf lemma="smo" pos="X">smo</wf>
         <wf lemma="novi" pos="X">novi</wf>
         <wf lemma="auto" pos="X">auto</wf>
         <wf lemma="." pos="X">.</wf>
      </sentence>
      <sentence id="d000.s1323" source="wordnet-croatian">
         <wf lemma="Izjalovila" pos="X">Izjalovila</wf>
         <wf lemma="su" pos="X">su</wf>
         <wf lemma="se" pos="X">se</wf>
         <instance id="d000.s1323.t000" lemma="nastojanje" pos="NOUN">nastojanja</instance>
         <wf lemma="vlade" pos="X">vlade</wf>
         <wf lemma="da" pos="X">da</wf>
         <wf lemma="postigne" pos="X">postigne</wf>
         <wf lemma="dogovore" pos="X">dogovore</wf>
         <wf lemma="u" pos="X">u</wf>
         <wf lemma="pregovorima" pos="X">pregovorima</wf>
         <wf lemma="." pos="X">.</wf>
      </sentence>
      <sentence id="d000.s1324" source="wordnet-croatian">
         <wf lemma="Jezik" pos="X">Jezik</wf>
         <wf lemma="je" pos="X">je</wf>
         <wf lemma="glavni" pos="X">glavni</wf>
         <wf lemma="medij" pos="X">medij</wf>
         <wf lemma="i" pos="X">i</wf>
         <wf lemma="baza" pos="X">baza</wf>
         <wf lemma="cjelokupne" pos="X">cjelokupne</wf>
         <wf lemma="znanstvene" pos="X">znanstvene</wf>
         <instance id="d000.s1324.t000" lemma="spoznaja" pos="NOUN">spoznaje</instance>
         <wf lemma="." pos="X">.</wf>
      </sentence>
      <sentence id="d000.s1325" source="wordnet-croatian">
         <wf lemma="Taj" pos="X">Taj</wf>
         <wf lemma="Mahal" pos="X">Mahal</wf>
         <wf lemma="je" pos="X">je</wf>
         <wf lemma="impresivno" pos="X">impresivno</wf>
         <instance id="d000.s1325.t000" lemma="zdanje" pos="NOUN">zdanje</instance>
         <wf lemma="." pos="X">.</wf>
      </sentence>
      <sentence id="d000.s1326" source="wordnet-croatian">
         <instance id="d000.s1326.t000" lemma="raskošnost" pos="NOUN">Raskošnost</instance>
         <wf lemma="palače" pos="X">palače</wf>
         <wf lemma="očarala" pos="X">očarala</wf>
         <wf lemma="je" pos="X">je</wf>
         <wf lemma="sve" pos="X">sve</wf>
         <wf lemma="posjetitelje" pos="X">posjetitelje</wf>
         <wf lemma="." pos="X">.</wf>
      </sentence>
      <sentence id="d000.s1327" source="wordnet-croatian">
         <wf lemma="Jedna" pos="X">Jedna</wf>
         <wf lemma="od" pos="X">od</wf>
         <wf lemma="glavnih" pos="X">glavnih</wf>
         <instance id="d000.s1327.t000" lemma="značajka" pos="NOUN">značajki</instance>
         <wf lemma="baroka" pos="X">baroka</wf>
         <wf lemma="zasigurno" pos="X">zasigurno</wf>
         <wf lemma="jest" pos="X">jest</wf>
         <wf lemma="kićenost" pos="X">kićenost</wf>
         <wf lemma="." pos="X">.</wf>
      </sentence>
      <sentence id="d000.s1328" source="wordnet-croatian">
         <wf lemma="Ta" pos="X">Ta</wf>
         <wf lemma="tvrtka" pos="X">tvrtka</wf>
         <instance id="d000.s1328.t000" lemma="perforirati" pos="VERB">perforira</instance>
         <wf lemma="," pos="X">,</wf>
         <wf lemma="štanca" pos="X">štanca</wf>
         <wf lemma="i" pos="X">i</wf>
         <wf lemma="buši" pos="X">buši</wf>
         <wf lemma="ukrasni" pos="X">ukrasni</wf>
         <wf lemma="papir" pos="X">papir</wf>
         <wf lemma="." pos="X">.</wf>
      </sentence>
      <sentence id="d000.s1329" source="wordnet-croatian">
         <wf lemma="Dignuo" pos="X">Dignuo</wf>
         <wf lemma="se" pos="X">se</wf>
         <instance id="d000.s1329.t000" lemma="zastor" pos="NOUN">zastor</instance>
         <wf lemma="i" pos="X">i</wf>
         <wf lemma="predstava" pos="X">predstava</wf>
         <wf lemma="je" pos="X">je</wf>
         <wf lemma="mogla" pos="X">mogla</wf>
         <wf lemma="početi" pos="X">početi</wf>
         <wf lemma="." pos="X">.</wf>
      </sentence>
      <sentence id="d000.s1330" source="wordnet-croatian">
         <wf lemma="Moja" pos="X">Moja</wf>
         <wf lemma="me" pos="X">me</wf>
         <wf lemma="žena" pos="X">žena</wf>
         <wf lemma="iz" pos="X">iz</wf>
         <wf lemma="nepoznata" pos="X">nepoznata</wf>
         <wf lemma="razloga" pos="X">razloga</wf>
         <wf lemma="voli" pos="X">voli</wf>
         <wf lemma="nježno" pos="X">nježno</wf>
         <instance id="d000.s1330.t000" lemma="grickati" pos="VERB">grickati</instance>
         <wf lemma="." pos="X">.</wf>
      </sentence>
      <sentence id="d000.s1331" source="wordnet-croatian">
         <instance id="d000.s1331.t000" lemma="zanatlija" pos="NOUN">Zanatlije</instance>
         <wf lemma="su" pos="X">su</wf>
         <wf lemma="u" pos="X">u</wf>
         <wf lemma="srednjom" pos="X">srednjom</wf>
         <wf lemma="vijeku" pos="X">vijeku</wf>
         <wf lemma="bile" pos="X">bile</wf>
         <wf lemma="okupljene" pos="X">okupljene</wf>
         <wf lemma="u" pos="X">u</wf>
         <wf lemma="cehove" pos="X">cehove</wf>
         <wf lemma="." pos="X">.</wf>
      </sentence>
      <sentence id="d000.s1332" source="wordnet-croatian">
         <wf lemma="Tu" pos="X">Tu</wf>
         <wf lemma="ću" pos="X">ću</wf>
         <wf lemma="tajnu" pos="X">tajnu</wf>
         <instance id="d000.s1332.t000" lemma="ponijeti" pos="VERB">ponijeti</instance>
         <wf lemma="u" pos="X">u</wf>
         <wf lemma="grob" pos="X">grob</wf>
         <wf lemma="." pos="X">.</wf>
      </sentence>
      <sentence id="d000.s1333" source="wordnet-croatian">
         <wf lemma="Prije" pos="X">Prije</wf>
         <wf lemma="rada" pos="X">rada</wf>
         <wf lemma="u" pos="X">u</wf>
         <wf lemma="vrtu" pos="X">vrtu</wf>
         <wf lemma="stavljala" pos="X">stavljala</wf>
         <wf lemma="je" pos="X">je</wf>
         <instance id="d000.s1333.t000" lemma="rukavica" pos="NOUN">rukavice</instance>
         <wf lemma="da" pos="X">da</wf>
         <wf lemma="ne" pos="X">ne</wf>
         <wf lemma="prlja" pos="X">prlja</wf>
         <wf lemma="ruke" pos="X">ruke</wf>
         <wf lemma="." pos="X">.</wf>
      </sentence>
      <sentence id="d000.s1334" source="wordnet-croatian">
         <wf lemma="Bio" pos="X">Bio</wf>
         <wf lemma="je" pos="X">je</wf>
         <wf lemma="veoma" pos="X">veoma</wf>
         <instance id="d000.s1334.t000" lemma="ljubazan" pos="ADJ">ljubazan</instance>
         <wf lemma="prema" pos="X">prema</wf>
         <wf lemma="bolesnim" pos="X">bolesnim</wf>
         <wf lemma="pacijentima" pos="X">pacijentima</wf>
         <wf lemma="." pos="X">.</wf>
      </sentence>
      <sentence id="d000.s1335" source="wordnet-croatian">
         <wf lemma="Neki" pos="X">Neki</wf>
         <wf lemma="tvrde" pos="X">tvrde</wf>
         <wf lemma="da" pos="X">da</wf>
         <wf lemma="je" pos="X">je</wf>
         <instance id="d000.s1335.t000" lemma="religija" pos="NOUN">religija</instance>
         <wf lemma="opijum" pos="X">opijum</wf>
         <wf lemma="za" pos="X">za</wf>
         <wf lemma="narod" pos="X">narod</wf>
         <wf lemma="." pos="X">.</wf>
      </sentence>
      <sentence id="d000.s1336" source="wordnet-croatian">
         <wf lemma="Nikad" pos="X">Nikad</wf>
         <wf lemma="nije" pos="X">nije</wf>
         <wf lemma="griješila" pos="X">griješila</wf>
         <wf lemma="u" pos="X">u</wf>
         <instance id="d000.s1336.t000" lemma="prosudba" pos="NOUN">prosudbi</instance>
         <wf lemma="karaktera" pos="X">karaktera</wf>
         <wf lemma="ljudi" pos="X">ljudi</wf>
         <wf lemma="." pos="X">.</wf>
      </sentence>
      <sentence id="d000.s1337" source="wordnet-croatian">
         <wf lemma="Učenik" pos="X">Učenik</wf>
         <wf lemma="je" pos="X">je</wf>
         <wf lemma="dao" pos="X">dao</wf>
         <instance id="d000.s1337.t000" lemma="inteligentan" pos="ADJ">inteligentan</instance>
         <wf lemma="odgovor" pos="X">odgovor</wf>
         <wf lemma="." pos="X">.</wf>
      </sentence>
      <sentence id="d000.s1338" source="wordnet-croatian">
         <instance id="d000.s1338.t000" lemma="ideal" pos="NOUN">Ideal</instance>
         <wf lemma="ženske" pos="X">ženske</wf>
         <wf lemma="ljepote" pos="X">ljepote</wf>
         <wf lemma="različit" pos="X">različit</wf>
         <wf lemma="je" pos="X">je</wf>
         <wf lemma="u" pos="X">u</wf>
         <wf lemma="različitim" pos="X">različitim</wf>
         <wf lemma="kulturama" pos="X">kulturama</wf>
         <wf lemma="i" pos="X">i</wf>
         <wf lemma="u" pos="X">u</wf>
         <wf lemma="različitim" pos="X">različitim</wf>
         <wf lemma="vremenima" pos="X">vremenima</wf>
         <wf lemma="." pos="X">.</wf>
      </sentence>
      <sentence id="d000.s1339" source="wordnet-croatian">
         <wf lemma="Trebam" pos="X">Trebam</wf>
         <wf lemma="nabaviti" pos="X">nabaviti</wf>
         <wf lemma="dozvolu" pos="X">dozvolu</wf>
         <wf lemma="za" pos="X">za</wf>
         <wf lemma="posjedovanje" pos="X">posjedovanje</wf>
         <instance id="d000.s1339.t000" lemma="oružje" pos="NOUN">oružja</instance>
         <wf lemma="." pos="X">.</wf>
      </sentence>
      <sentence id="d000.s1340" source="wordnet-croatian">
         <wf lemma="Vratio" pos="X">Vratio</wf>
         <wf lemma="je" pos="X">je</wf>
         <wf lemma="knjigu" pos="X">knjigu</wf>
         <wf lemma="na" pos="X">na</wf>
         <wf lemma="svoje" pos="X">svoje</wf>
         <instance id="d000.s1340.t000" lemma="mjesto" pos="NOUN">mjesto</instance>
         <wf lemma="na" pos="X">na</wf>
         <wf lemma="polici" pos="X">polici</wf>
         <wf lemma="." pos="X">.</wf>
      </sentence>
      <sentence id="d000.s1341" source="wordnet-croatian">
         <wf lemma="Ljudi" pos="X">Ljudi</wf>
         <wf lemma="teško" pos="X">teško</wf>
         <wf lemma="podnose" pos="X">podnose</wf>
         <instance id="d000.s1341.t000" lemma="gubitak" pos="NOUN">gubitak</instance>
         <wf lemma="svoje" pos="X">svoje</wf>
         <wf lemma="momčadi" pos="X">momčadi</wf>
         <wf lemma="u" pos="X">u</wf>
         <wf lemma="sportu" pos="X">sportu</wf>
         <wf lemma="." pos="X">.</wf>
      </sentence>
      <sentence id="d000.s1342" source="wordnet-croatian">
         <instance id="d000.s1342.t000" lemma="razotkrivanje" pos="NOUN">Razotkrivanje</instance>
         <wf lemma="korumpiranih" pos="X">korumpiranih</wf>
         <wf lemma="političara" pos="X">političara</wf>
         <wf lemma="sljedeći" pos="X">sljedeći</wf>
         <wf lemma="je" pos="X">je</wf>
         <wf lemma="zadatak" pos="X">zadatak</wf>
         <wf lemma="nove" pos="X">nove</wf>
         <wf lemma="vlade" pos="X">vlade</wf>
         <wf lemma="." pos="X">.</wf>
      </sentence>
      <sentence id="d000.s1343" source="wordnet-croatian">
         <wf lemma="Moramo" pos="X">Moramo</wf>
         <wf lemma="brzo" pos="X">brzo</wf>
         <instance id="d000.s1343.t000" lemma="djelovati" pos="VERB">djelovati</instance>
         <wf lemma="." pos="X">.</wf>
      </sentence>
      <sentence id="d000.s1344" source="wordnet-croatian">
         <wf lemma="Cijeli" pos="X">Cijeli</wf>
         <wf lemma="je" pos="X">je</wf>
         <wf lemma="svoj" pos="X">svoj</wf>
         <wf lemma="život" pos="X">život</wf>
         <instance id="d000.s1344.t000" lemma="služiti" pos="VERB">služio</instance>
         <wf lemma="svojoj" pos="X">svojoj</wf>
         <wf lemma="domovini" pos="X">domovini</wf>
         <wf lemma="." pos="X">.</wf>
      </sentence>
      <sentence id="d000.s1345" source="wordnet-croatian">
         <wf lemma="Uvijek" pos="X">Uvijek</wf>
         <wf lemma="se" pos="X">se</wf>
         <wf lemma="oslanjao" pos="X">oslanjao</wf>
         <wf lemma="na" pos="X">na</wf>
         <instance id="d000.s1345.t000" lemma="imućan" pos="ADJ">imućne</instance>
         <wf lemma="ujake" pos="X">ujake</wf>
         <wf lemma="." pos="X">.</wf>
      </sentence>
      <sentence id="d000.s1346" source="wordnet-croatian">
         <wf lemma="Medicinska" pos="X">Medicinska</wf>
         <wf lemma="sestra" pos="X">sestra</wf>
         <wf lemma="je" pos="X">je</wf>
         <instance id="d000.s1346.t000" lemma="njegovati" pos="VERB">njegovala</instance>
         <wf lemma="žrtvu" pos="X">žrtvu</wf>
         <wf lemma="bombaškog" pos="X">bombaškog</wf>
         <wf lemma="napada" pos="X">napada</wf>
         <wf lemma="." pos="X">.</wf>
      </sentence>
      <sentence id="d000.s1347" source="wordnet-croatian">
         <instance id="d000.s1347.t000" lemma="grananje" pos="NOUN">Grananje</instance>
         <wf lemma="stabala" pos="X">stabala</wf>
         <wf lemma="zahtijeva" pos="X">zahtijeva</wf>
         <wf lemma="njihovo" pos="X">njihovo</wf>
         <wf lemma="redovito" pos="X">redovito</wf>
         <wf lemma="održavanje" pos="X">održavanje</wf>
         <wf lemma="." pos="X">.</wf>
      </sentence>
      <sentence id="d000.s1348" source="wordnet-croatian">
         <wf lemma="Bila" pos="X">Bila</wf>
         <wf lemma="je" pos="X">je</wf>
         <wf lemma="odjevena" pos="X">odjevena</wf>
         <wf lemma="u" pos="X">u</wf>
         <wf lemma="crno" pos="X">crno</wf>
         <wf lemma="pa" pos="X">pa</wf>
         <wf lemma="je" pos="X">je</wf>
         <wf lemma="u" pos="X">u</wf>
         <wf lemma="kosu" pos="X">kosu</wf>
         <wf lemma="stavila" pos="X">stavila</wf>
         <instance id="d000.s1348.t000" lemma="ukras" pos="NOUN">ukras</instance>
         <wf lemma="crvene" pos="X">crvene</wf>
         <wf lemma="boje" pos="X">boje</wf>
         <wf lemma="da" pos="X">da</wf>
         <wf lemma="razbije" pos="X">razbije</wf>
         <wf lemma="monotoniju" pos="X">monotoniju</wf>
         <wf lemma="." pos="X">.</wf>
      </sentence>
      <sentence id="d000.s1349" source="wordnet-croatian">
         <wf lemma="Uzgajali" pos="X">Uzgajali</wf>
         <wf lemma="su" pos="X">su</wf>
         <wf lemma="jagode" pos="X">jagode</wf>
         <wf lemma="u" pos="X">u</wf>
         <wf lemma="velikim" pos="X">velikim</wf>
         <instance id="d000.s1349.t000" lemma="staklenik" pos="NOUN">staklenicima</instance>
         <wf lemma="." pos="X">.</wf>
      </sentence>
      <sentence id="d000.s1350" source="wordnet-croatian">
         <instance id="d000.s1350.t000" lemma="svršetak" pos="NOUN">Svršetak</instance>
         <wf lemma="ove" pos="X">ove</wf>
         <wf lemma="drame" pos="X">drame</wf>
         <wf lemma="ipak" pos="X">ipak</wf>
         <wf lemma="je" pos="X">je</wf>
         <wf lemma="sretan" pos="X">sretan</wf>
         <wf lemma="." pos="X">.</wf>
      </sentence>
      <sentence id="d000.s1351" source="wordnet-croatian">
         <instance id="d000.s1351.t000" lemma="postići" pos="VERB">Postigla</instance>
         <wf lemma="je" pos="X">je</wf>
         <wf lemma="svoj" pos="X">svoj</wf>
         <wf lemma="cilj" pos="X">cilj</wf>
         <wf lemma="usprkos" pos="X">usprkos</wf>
         <wf lemma="svim" pos="X">svim</wf>
         <wf lemma="preprekama" pos="X">preprekama</wf>
         <wf lemma="." pos="X">.</wf>
      </sentence>
      <sentence id="d000.s1352" source="wordnet-croatian">
         <wf lemma="Napokon" pos="X">Napokon</wf>
         <wf lemma="sam" pos="X">sam</wf>
         <wf lemma="jako" pos="X">jako</wf>
         <wf lemma="dobro" pos="X">dobro</wf>
         <instance id="d000.s1352.t000" lemma="naučiti" pos="VERB">naučio</instance>
         <wf lemma="plesati" pos="X">plesati</wf>
         <wf lemma="sambu" pos="X">sambu</wf>
         <wf lemma="." pos="X">.</wf>
      </sentence>
      <sentence id="d000.s1353" source="wordnet-croatian">
         <wf lemma="Bilo" pos="X">Bilo</wf>
         <wf lemma="joj" pos="X">joj</wf>
         <wf lemma="je" pos="X">je</wf>
         <wf lemma="čudno" pos="X">čudno</wf>
         <wf lemma="vidjeti" pos="X">vidjeti</wf>
         <wf lemma="se" pos="X">se</wf>
         <wf lemma="na" pos="X">na</wf>
         <wf lemma="velikom" pos="X">velikom</wf>
         <instance id="d000.s1353.t000" lemma="ekran" pos="NOUN">ekranu</instance>
         <wf lemma="." pos="X">.</wf>
      </sentence>
      <sentence id="d000.s1354" source="wordnet-croatian">
         <wf lemma="Globalno" pos="X">Globalno</wf>
         <wf lemma="je" pos="X">je</wf>
         <wf lemma="zatopljenje" pos="X">zatopljenje</wf>
         <wf lemma="veoma" pos="X">veoma</wf>
         <instance id="d000.s1354.t000" lemma="važan" pos="ADJ">važna</instance>
         <wf lemma="pojava" pos="X">pojava</wf>
         <wf lemma="i" pos="X">i</wf>
         <wf lemma="ne" pos="X">ne</wf>
         <wf lemma="smije" pos="X">smije</wf>
         <wf lemma="se" pos="X">se</wf>
         <wf lemma="zanemarivati" pos="X">zanemarivati</wf>
         <wf lemma="." pos="X">.</wf>
      </sentence>
      <sentence id="d000.s1355" source="wordnet-croatian">
         <wf lemma="Je" pos="X">Je</wf>
         <wf lemma="li" pos="X">li</wf>
         <wf lemma="moguće" pos="X">moguće</wf>
         <wf lemma="produžiti" pos="X">produžiti</wf>
         <instance id="d000.s1355.t000" lemma="trajanje" pos="NOUN">trajanje</instance>
         <wf lemma="projekta" pos="X">projekta</wf>
         <wf lemma="za" pos="X">za</wf>
         <wf lemma="još" pos="X">još</wf>
         <wf lemma="dva" pos="X">dva</wf>
         <wf lemma="mjeseca" pos="X">mjeseca</wf>
         <wf lemma="?" pos="X">?</wf>
      </sentence>
      <sentence id="d000.s1356" source="wordnet-croatian">
         <wf lemma="U" pos="X">U</wf>
         <wf lemma="spavaćoj" pos="X">spavaćoj</wf>
         <wf lemma="sobi" pos="X">sobi</wf>
         <wf lemma="bio" pos="X">bio</wf>
         <wf lemma="je" pos="X">je</wf>
         <wf lemma="samo" pos="X">samo</wf>
         <instance id="d000.s1356.t000" lemma="krevet" pos="NOUN">krevet</instance>
         <wf lemma="i" pos="X">i</wf>
         <wf lemma="ormar" pos="X">ormar</wf>
         <wf lemma="." pos="X">.</wf>
      </sentence>
      <sentence id="d000.s1357" source="wordnet-croatian">
         <wf lemma="Više" pos="X">Više</wf>
         <wf lemma="je" pos="X">je</wf>
         <wf lemma="voljela" pos="X">voljela</wf>
         <wf lemma="svirati" pos="X">svirati</wf>
         <instance id="d000.s1357.t000" lemma="pik" pos="NOUN">pikom</instance>
         <wf lemma="nego" pos="X">nego</wf>
         <wf lemma="prstima" pos="X">prstima</wf>
         <wf lemma="." pos="X">.</wf>
      </sentence>
      <sentence id="d000.s1358" source="wordnet-croatian">
         <instance id="d000.s1358.t000" lemma="opskrba" pos="NOUN">Opskrba</instance>
         <wf lemma="otoka" pos="X">otoka</wf>
         <wf lemma="vodom" pos="X">vodom</wf>
         <wf lemma="obavlja" pos="X">obavlja</wf>
         <wf lemma="se" pos="X">se</wf>
         <wf lemma="brodskim" pos="X">brodskim</wf>
         <wf lemma="transportom" pos="X">transportom</wf>
         <wf lemma="." pos="X">.</wf>
      </sentence>
      <sentence id="d000.s1359" source="wordnet-croatian">
         <wf lemma="Vožnja" pos="X">Vožnja</wf>
         <wf lemma="je" pos="X">je</wf>
         <wf lemma="bila" pos="X">bila</wf>
         <instance id="d000.s1359.t000" lemma="nezanimljiv" pos="ADJ">nezanimljiv</instance>
         <wf lemma="dio" pos="X">dio</wf>
         <wf lemma="putovanja" pos="X">putovanja</wf>
         <wf lemma="." pos="X">.</wf>
      </sentence>
      <sentence id="d000.s1360" source="wordnet-croatian">
         <wf lemma="Loše" pos="X">Loše</wf>
         <wf lemma="gume" pos="X">gume</wf>
         <wf lemma="mogu" pos="X">mogu</wf>
         <wf lemma="uzrokovati" pos="X">uzrokovati</wf>
         <instance id="d000.s1360.t000" lemma="klizanje" pos="NOUN">klizanje</instance>
         <wf lemma="na" pos="X">na</wf>
         <wf lemma="mokroj" pos="X">mokroj</wf>
         <wf lemma="cesti" pos="X">cesti</wf>
         <wf lemma="." pos="X">.</wf>
      </sentence>
      <sentence id="d000.s1361" source="wordnet-croatian">
         <wf lemma="Svaku" pos="X">Svaku</wf>
         <wf lemma="večer" pos="X">večer</wf>
         <wf lemma="perem" pos="X">perem</wf>
         <instance id="d000.s1361.t000" lemma="lice" pos="NOUN">lice</instance>
         <wf lemma="posebnim" pos="X">posebnim</wf>
         <wf lemma="sapunom" pos="X">sapunom</wf>
         <wf lemma="." pos="X">.</wf>
      </sentence>
      <sentence id="d000.s1362" source="wordnet-croatian">
         <instance id="d000.s1362.t000" lemma="krep" pos="NOUN">Krep</instance>
         <wf lemma="posteljina" pos="X">posteljina</wf>
         <wf lemma="ne" pos="X">ne</wf>
         <wf lemma="mora" pos="X">mora</wf>
         <wf lemma="se" pos="X">se</wf>
         <wf lemma="glačati" pos="X">glačati</wf>
         <wf lemma="." pos="X">.</wf>
      </sentence>
      <sentence id="d000.s1363" source="wordnet-croatian">
         <wf lemma="Radnici" pos="X">Radnici</wf>
         <wf lemma="su" pos="X">su</wf>
         <instance id="d000.s1363.t000" lemma="napraviti" pos="VERB">napravili</instance>
         <wf lemma="most" pos="X">most</wf>
         <wf lemma="preko" pos="X">preko</wf>
         <wf lemma="rijeke" pos="X">rijeke</wf>
         <wf lemma="." pos="X">.</wf>
      </sentence>
      <sentence id="d000.s1364" source="wordnet-croatian">
         <wf lemma="Primio" pos="X">Primio</wf>
         <wf lemma="je" pos="X">je</wf>
         <instance id="d000.s1364.t000" lemma="štit" pos="NOUN">štit</instance>
         <wf lemma="u" pos="X">u</wf>
         <wf lemma="jednu" pos="X">jednu</wf>
         <wf lemma="," pos="X">,</wf>
         <wf lemma="a" pos="X">a</wf>
         <wf lemma="mač" pos="X">mač</wf>
         <wf lemma="u" pos="X">u</wf>
         <wf lemma="drugu" pos="X">drugu</wf>
         <wf lemma="ruku" pos="X">ruku</wf>
         <wf lemma="i" pos="X">i</wf>
         <wf lemma="hrabro" pos="X">hrabro</wf>
         <wf lemma="krenuo" pos="X">krenuo</wf>
         <wf lemma="u" pos="X">u</wf>
         <wf lemma="borbu" pos="X">borbu</wf>
         <wf lemma="." pos="X">.</wf>
      </sentence>
      <sentence id="d000.s1365" source="wordnet-croatian">
         <wf lemma="Ruže" pos="X">Ruže</wf>
         <wf lemma="u" pos="X">u</wf>
         <wf lemma="vrtu" pos="X">vrtu</wf>
         <wf lemma="su" pos="X">su</wf>
         <instance id="d000.s1365.t000" lemma="procvjetati" pos="VERB">procvjetale</instance>
         <wf lemma="." pos="X">.</wf>
      </sentence>
      <sentence id="d000.s1366" source="wordnet-croatian">
         <wf lemma="Kupila" pos="X">Kupila</wf>
         <wf lemma="je" pos="X">je</wf>
         <wf lemma="novi" pos="X">novi</wf>
         <wf lemma="čipkasti" pos="X">čipkasti</wf>
         <instance id="d000.s1366.t000" lemma="grudnjak" pos="NOUN">grudnjak</instance>
         <wf lemma="da" pos="X">da</wf>
         <wf lemma="iznenadi" pos="X">iznenadi</wf>
         <wf lemma="muža" pos="X">muža</wf>
         <wf lemma="." pos="X">.</wf>
      </sentence>
      <sentence id="d000.s1367" source="wordnet-croatian">
         <wf lemma="Mrzim" pos="X">Mrzim</wf>
         <wf lemma="tvoju" pos="X">tvoju</wf>
         <instance id="d000.s1367.t000" lemma="neangažiranost" pos="NOUN">neangažiranost</instance>
         <wf lemma="oko" pos="X">oko</wf>
         <wf lemma="našeg" pos="X">našeg</wf>
         <wf lemma="vjenčanja" pos="X">vjenčanja</wf>
         <wf lemma="." pos="X">.</wf>
      </sentence>
      <sentence id="d000.s1368" source="wordnet-croatian">
         <wf lemma="U" pos="X">U</wf>
         <wf lemma="svom" pos="X">svom</wf>
         <instance id="d000.s1368.t000" lemma="opis" pos="NOUN">opisu</instance>
         <wf lemma="napadača" pos="X">napadača</wf>
         <wf lemma="niste" pos="X">niste</wf>
         <wf lemma="naveli" pos="X">naveli</wf>
         <wf lemma="njegovu" pos="X">njegovu</wf>
         <wf lemma="visinu" pos="X">visinu</wf>
         <wf lemma="." pos="X">.</wf>
      </sentence>
      <sentence id="d000.s1369" source="wordnet-croatian">
         <instance id="d000.s1369.t000" lemma="metak" pos="NOUN">Metak</instance>
         <wf lemma="mu" pos="X">mu</wf>
         <wf lemma="je" pos="X">je</wf>
         <wf lemma="srećom" pos="X">srećom</wf>
         <wf lemma="samo" pos="X">samo</wf>
         <wf lemma="okrznuo" pos="X">okrznuo</wf>
         <wf lemma="rame" pos="X">rame</wf>
         <wf lemma="." pos="X">.</wf>
      </sentence>
      <sentence id="d000.s1370" source="wordnet-croatian">
         <instance id="d000.s1370.t000" lemma="voditelj" pos="NOUN">Voditelj</instance>
         <wf lemma="projekta" pos="X">projekta</wf>
         <wf lemma="nije" pos="X">nije</wf>
         <wf lemma="se" pos="X">se</wf>
         <wf lemma="pojavio" pos="X">pojavio</wf>
         <wf lemma="na" pos="X">na</wf>
         <wf lemma="sastanku" pos="X">sastanku</wf>
         <wf lemma="jer" pos="X">jer</wf>
         <wf lemma="je" pos="X">je</wf>
         <wf lemma="zaspao" pos="X">zaspao</wf>
         <wf lemma="." pos="X">.</wf>
      </sentence>
      <sentence id="d000.s1371" source="wordnet-croatian">
         <wf lemma="Svojim" pos="X">Svojim</wf>
         <wf lemma="je" pos="X">je</wf>
         <wf lemma="inovacijama" pos="X">inovacijama</wf>
         <wf lemma="povećao" pos="X">povećao</wf>
         <instance id="d000.s1371.t000" lemma="učinkovitost" pos="NOUN">učinkovitost</instance>
         <wf lemma="stroja" pos="X">stroja</wf>
         <wf lemma="." pos="X">.</wf>
      </sentence>
      <sentence id="d000.s1372" source="wordnet-croatian">
         <wf lemma="Naš" pos="X">Naš</wf>
         <wf lemma="novi" pos="X">novi</wf>
         <instance id="d000.s1372.t000" lemma="proizvod" pos="NOUN">proizvod</instance>
         <wf lemma="naći" pos="X">naći</wf>
         <wf lemma="će" pos="X">će</wf>
         <wf lemma="se" pos="X">se</wf>
         <wf lemma="na" pos="X">na</wf>
         <wf lemma="policama" pos="X">policama</wf>
         <wf lemma="trgovina" pos="X">trgovina</wf>
         <wf lemma="već" pos="X">već</wf>
         <wf lemma="sljedećeg" pos="X">sljedećeg</wf>
         <wf lemma="mjeseca" pos="X">mjeseca</wf>
         <wf lemma="." pos="X">.</wf>
      </sentence>
      <sentence id="d000.s1373" source="wordnet-croatian">
         <wf lemma="U" pos="X">U</wf>
         <wf lemma="kući" pos="X">kući</wf>
         <wf lemma="punoj" pos="X">punoj</wf>
         <wf lemma="dječaka" pos="X">dječaka</wf>
         <wf lemma="moraš" pos="X">moraš</wf>
         <wf lemma="imati" pos="X">imati</wf>
         <instance id="d000.s1373.t000" lemma="čvrst" pos="ADJ">čvrst</instance>
         <wf lemma="namještaj" pos="X">namještaj</wf>
         <wf lemma="." pos="X">.</wf>
      </sentence>
      <sentence id="d000.s1374" source="wordnet-croatian">
         <wf lemma="Žlijezde" pos="X">Žlijezde</wf>
         <wf lemma="slinovnice" pos="X">slinovnice</wf>
         <wf lemma="izlučuju" pos="X">izlučuju</wf>
         <wf lemma="enzim" pos="X">enzim</wf>
         <instance id="d000.s1374.t000" lemma="ptijalin" pos="NOUN">ptijalin</instance>
         <wf lemma="." pos="X">.</wf>
      </sentence>
      <sentence id="d000.s1375" source="wordnet-croatian">
         <wf lemma="Njegov" pos="X">Njegov</wf>
         <wf lemma="je" pos="X">je</wf>
         <instance id="d000.s1375.t000" lemma="elan" pos="NOUN">elan</instance>
         <wf lemma="bio" pos="X">bio</wf>
         <wf lemma="zarazan" pos="X">zarazan</wf>
         <wf lemma="." pos="X">.</wf>
      </sentence>
      <sentence id="d000.s1376" source="wordnet-croatian">
         <wf lemma="Živini" pos="X">Živini</wf>
         <instance id="d000.s1376.t000" lemma="toplomjer" pos="NOUN">toplomjeri</instance>
         <wf lemma="precizniji" pos="X">precizniji</wf>
         <wf lemma="su" pos="X">su</wf>
         <wf lemma="od" pos="X">od</wf>
         <wf lemma="digitalnih" pos="X">digitalnih</wf>
         <wf lemma="toplomjera" pos="X">toplomjera</wf>
         <wf lemma="." pos="X">.</wf>
      </sentence>
      <sentence id="d000.s1377" source="wordnet-croatian">
         <instance id="d000.s1377.t000" lemma="većina" pos="NOUN">Većina</instance>
         <wf lemma="njihovih" pos="X">njihovih</wf>
         <wf lemma="klijenata" pos="X">klijenata</wf>
         <wf lemma="pohvalila" pos="X">pohvalila</wf>
         <wf lemma="je" pos="X">je</wf>
         <wf lemma="novi" pos="X">novi</wf>
         <wf lemma="proizvod" pos="X">proizvod</wf>
         <wf lemma="." pos="X">.</wf>
      </sentence>
      <sentence id="d000.s1378" source="wordnet-croatian">
         <wf lemma="Njezina" pos="X">Njezina</wf>
         <wf lemma="joj" pos="X">joj</wf>
         <wf lemma="je" pos="X">je</wf>
         <instance id="d000.s1378.t000" lemma="pričljivost" pos="NOUN">pričljivost</instance>
         <wf lemma="pomogla" pos="X">pomogla</wf>
         <wf lemma="u" pos="X">u</wf>
         <wf lemma="ostvarivanju" pos="X">ostvarivanju</wf>
         <wf lemma="brojnih" pos="X">brojnih</wf>
         <wf lemma="kontakata" pos="X">kontakata</wf>
         <wf lemma="." pos="X">.</wf>
      </sentence>
      <sentence id="d000.s1379" source="wordnet-croatian">
         <wf lemma="Radila" pos="X">Radila</wf>
         <wf lemma="sam" pos="X">sam</wf>
         <wf lemma="kolač" pos="X">kolač</wf>
         <wf lemma="od" pos="X">od</wf>
         <instance id="d000.s1379.t000" lemma="maskarpone" pos="NOUN">maskarponea</instance>
         <wf lemma="." pos="X">.</wf>
      </sentence>
      <sentence id="d000.s1380" source="wordnet-croatian">
         <wf lemma="Mnogi" pos="X">Mnogi</wf>
         <wf lemma="slikari" pos="X">slikari</wf>
         <wf lemma="pokušali" pos="X">pokušali</wf>
         <wf lemma="su" pos="X">su</wf>
         <instance id="d000.s1380.t000" lemma="preslikati" pos="VERB">preslikati</instance>
         <wf lemma="poznati" pos="X">poznati</wf>
         <wf lemma="Giocondin" pos="X">Giocondin</wf>
         <wf lemma="osmjeh" pos="X">osmjeh</wf>
         <wf lemma="." pos="X">.</wf>
      </sentence>
      <sentence id="d000.s1381" source="wordnet-croatian">
         <wf lemma="Njegova" pos="X">Njegova</wf>
         <wf lemma="je" pos="X">je</wf>
         <wf lemma="odluka" pos="X">odluka</wf>
         <wf lemma="naišla" pos="X">naišla</wf>
         <wf lemma="na" pos="X">na</wf>
         <wf lemma="opće" pos="X">opće</wf>
         <instance id="d000.s1381.t000" lemma="odobravanje" pos="NOUN">odobravanje</instance>
         <wf lemma="." pos="X">.</wf>
      </sentence>
      <sentence id="d000.s1382" source="wordnet-croatian">
         <wf lemma="Novi" pos="X">Novi</wf>
         <wf lemma="film" pos="X">film</wf>
         <wf lemma="braće" pos="X">braće</wf>
         <wf lemma="Coen" pos="X">Coen</wf>
         <wf lemma="propagira" pos="X">propagira</wf>
         <instance id="d000.s1382.t000" lemma="humanost" pos="NOUN">humanost</instance>
         <wf lemma="i" pos="X">i</wf>
         <wf lemma="solidarnost" pos="X">solidarnost</wf>
         <wf lemma="s" pos="X">s</wf>
         <wf lemma="drugima" pos="X">drugima</wf>
         <wf lemma="." pos="X">.</wf>
      </sentence>
      <sentence id="d000.s1383" source="wordnet-croatian">
         <wf lemma="Ustavni" pos="X">Ustavni</wf>
         <wf lemma="sud" pos="X">sud</wf>
         <wf lemma="upozorio" pos="X">upozorio</wf>
         <wf lemma="je" pos="X">je</wf>
         <wf lemma="na" pos="X">na</wf>
         <instance id="d000.s1383.t000" lemma="nezakonitost" pos="NOUN">nezakonitost</instance>
         <wf lemma="takve" pos="X">takve</wf>
         <wf lemma="odluke" pos="X">odluke</wf>
         <wf lemma="." pos="X">.</wf>
      </sentence>
      <sentence id="d000.s1384" source="wordnet-croatian">
         <wf lemma="Na" pos="X">Na</wf>
         <wf lemma="vrhu" pos="X">vrhu</wf>
         <instance id="d000.s1384.t000" lemma="kupola" pos="NOUN">kupole</instance>
         <wf lemma="često" pos="X">često</wf>
         <wf lemma="se" pos="X">se</wf>
         <wf lemma="ostavlja" pos="X">ostavlja</wf>
         <wf lemma="otvor" pos="X">otvor</wf>
         <wf lemma="za" pos="X">za</wf>
         <wf lemma="svjetlo" pos="X">svjetlo</wf>
         <wf lemma="." pos="X">.</wf>
      </sentence>
      <sentence id="d000.s1385" source="wordnet-croatian">
         <wf lemma="Mnoge" pos="X">Mnoge</wf>
         <wf lemma="su" pos="X">su</wf>
         <wf lemma="svečanosti" pos="X">svečanosti</wf>
         <wf lemma="održane" pos="X">održane</wf>
         <wf lemma="," pos="X">,</wf>
         <wf lemma="među" pos="X">među</wf>
         <wf lemma="kojima" pos="X">kojima</wf>
         <wf lemma="je" pos="X">je</wf>
         <wf lemma="i" pos="X">i</wf>
         <instance id="d000.s1385.t000" lemma="posvećivanje" pos="NOUN">posvećivanje</instance>
         <wf lemma="Međugorja" pos="X">Međugorja</wf>
         <wf lemma="." pos="X">.</wf>
      </sentence>
      <sentence id="d000.s1386" source="wordnet-croatian">
         <wf lemma="Golubovi" pos="X">Golubovi</wf>
         <wf lemma="su" pos="X">su</wf>
         <wf lemma="u" pos="X">u</wf>
         <wf lemma="potkrovlje" pos="X">potkrovlje</wf>
         <wf lemma="ušli" pos="X">ušli</wf>
         <wf lemma="kroz" pos="X">kroz</wf>
         <instance id="d000.s1386.t000" lemma="rupa" pos="NOUN">rupu</instance>
         <wf lemma="na" pos="X">na</wf>
         <wf lemma="krovu" pos="X">krovu</wf>
         <wf lemma="." pos="X">.</wf>
      </sentence>
      <sentence id="d000.s1387" source="wordnet-croatian">
         <wf lemma="Pratila" pos="X">Pratila</wf>
         <wf lemma="je" pos="X">je</wf>
         <instance id="d000.s1387.t000" lemma="otisak" pos="NOUN">otiske</instance>
         <wf lemma="u" pos="X">u</wf>
         <wf lemma="snijegu" pos="X">snijegu</wf>
         <wf lemma="." pos="X">.</wf>
      </sentence>
      <sentence id="d000.s1388" source="wordnet-croatian">
         <wf lemma="Postolar" pos="X">Postolar</wf>
         <wf lemma="je" pos="X">je</wf>
         <wf lemma="ranim" pos="X">ranim</wf>
         <wf lemma="jutrom" pos="X">jutrom</wf>
         <wf lemma="ušao" pos="X">ušao</wf>
         <wf lemma="u" pos="X">u</wf>
         <wf lemma="svoju" pos="X">svoju</wf>
         <instance id="d000.s1388.t000" lemma="radionica" pos="NOUN">radionicu</instance>
         <wf lemma="." pos="X">.</wf>
      </sentence>
      <sentence id="d000.s1389" source="wordnet-croatian">
         <wf lemma="Svilene" pos="X">Svilene</wf>
         <instance id="d000.s1389.t000" lemma="spavaćica" pos="NOUN">spavaćice</instance>
         <wf lemma="nosila" pos="X">nosila</wf>
         <wf lemma="je" pos="X">je</wf>
         <wf lemma="samo" pos="X">samo</wf>
         <wf lemma="u" pos="X">u</wf>
         <wf lemma="posebnim" pos="X">posebnim</wf>
         <wf lemma="prigodama" pos="X">prigodama</wf>
         <wf lemma="." pos="X">.</wf>
      </sentence>
      <sentence id="d000.s1390" source="wordnet-croatian">
         <wf lemma="Ljubavnicima" pos="X">Ljubavnicima</wf>
         <wf lemma="je" pos="X">je</wf>
         <wf lemma="dosadilo" pos="X">dosadilo</wf>
         <wf lemma="konstantno" pos="X">konstantno</wf>
         <instance id="d000.s1390.t000" lemma="skrivanje" pos="NOUN">skrivanje</instance>
         <wf lemma="po" pos="X">po</wf>
         <wf lemma="hotelima" pos="X">hotelima</wf>
         <wf lemma="." pos="X">.</wf>
      </sentence>
      <sentence id="d000.s1391" source="wordnet-croatian">
         <wf lemma="Već" pos="X">Već</wf>
         <wf lemma="je" pos="X">je</wf>
         <wf lemma="bilo" pos="X">bilo</wf>
         <wf lemma="prekasno" pos="X">prekasno</wf>
         <wf lemma="kada" pos="X">kada</wf>
         <wf lemma="je" pos="X">je</wf>
         <wf lemma="shvatila" pos="X">shvatila</wf>
         <wf lemma="da" pos="X">da</wf>
         <wf lemma="je" pos="X">je</wf>
         <wf lemma="on" pos="X">on</wf>
         <wf lemma="potpuno" pos="X">potpuno</wf>
         <instance id="d000.s1391.t000" lemma="amoralan" pos="ADJ">amoralna</instance>
         <wf lemma="osoba" pos="X">osoba</wf>
         <wf lemma="." pos="X">.</wf>
      </sentence>
      <sentence id="d000.s1392" source="wordnet-croatian">
         <instance id="d000.s1392.t000" lemma="obnašati" pos="VERB">Obnaša</instance>
         <wf lemma="dužnost" pos="X">dužnost</wf>
         <wf lemma="hrvatskog" pos="X">hrvatskog</wf>
         <wf lemma="veleposlanika" pos="X">veleposlanika</wf>
         <wf lemma="u" pos="X">u</wf>
         <wf lemma="SAD-u" pos="X">SAD-u</wf>
         <wf lemma="." pos="X">.</wf>
      </sentence>
      <sentence id="d000.s1393" source="wordnet-croatian">
         <wf lemma="Najpoznatiji" pos="X">Najpoznatiji</wf>
         <wf lemma="su" pos="X">su</wf>
         <wf lemma="antički" pos="X">antički</wf>
         <wf lemma="sustavi" pos="X">sustavi</wf>
         <instance id="d000.s1393.t000" lemma="vodovod" pos="NOUN">vodovoda</instance>
         <wf lemma="iranski" pos="X">iranski</wf>
         <wf lemma="kanati" pos="X">kanati</wf>
         <wf lemma="i" pos="X">i</wf>
         <wf lemma="rimski" pos="X">rimski</wf>
         <wf lemma="akvadukti" pos="X">akvadukti</wf>
         <wf lemma="." pos="X">.</wf>
      </sentence>
      <sentence id="d000.s1394" source="wordnet-croatian">
         <wf lemma="Ranku" pos="X">Ranku</wf>
         <wf lemma="sam" pos="X">sam</wf>
         <wf lemma="za" pos="X">za</wf>
         <wf lemma="rođendan" pos="X">rođendan</wf>
         <wf lemma="poklonila" pos="X">poklonila</wf>
         <instance id="d000.s1394.t000" lemma="knjiga" pos="NOUN">knjigu</instance>
         <wf lemma="o" pos="X">o</wf>
         <wf lemma="konjima" pos="X">konjima</wf>
         <wf lemma="." pos="X">.</wf>
      </sentence>
      <sentence id="d000.s1395" source="wordnet-croatian">
         <wf lemma="Nedavno" pos="X">Nedavno</wf>
         <wf lemma="u" pos="X">u</wf>
         <wf lemma="starim" pos="X">starim</wf>
         <wf lemma="Biblijama" pos="X">Biblijama</wf>
         <wf lemma="otkrivene" pos="X">otkrivene</wf>
         <instance id="d000.s1395.t000" lemma="inskripcija" pos="NOUN">inskripcije</instance>
         <wf lemma="koje" pos="X">koje</wf>
         <wf lemma="govore" pos="X">govore</wf>
         <wf lemma="o" pos="X">o</wf>
         <wf lemma="životu" pos="X">životu</wf>
         <wf lemma="monaha" pos="X">monaha</wf>
         <wf lemma="manastira" pos="X">manastira</wf>
         <wf lemma="." pos="X">.</wf>
      </sentence>
      <sentence id="d000.s1396" source="wordnet-croatian">
         <wf lemma="Kip" pos="X">Kip</wf>
         <wf lemma="je" pos="X">je</wf>
         <wf lemma="stajao" pos="X">stajao</wf>
         <wf lemma="na" pos="X">na</wf>
         <wf lemma="mramornom" pos="X">mramornom</wf>
         <instance id="d000.s1396.t000" lemma="postolje" pos="NOUN">postolju</instance>
         <wf lemma="." pos="X">.</wf>
      </sentence>
      <sentence id="d000.s1397" source="wordnet-croatian">
         <wf lemma="Nakon" pos="X">Nakon</wf>
         <wf lemma="pet" pos="X">pet</wf>
         <wf lemma="godina" pos="X">godina</wf>
         <wf lemma="izbivanja" pos="X">izbivanja</wf>
         <wf lemma="Josip" pos="X">Josip</wf>
         <wf lemma="se" pos="X">se</wf>
         <wf lemma="napokon" pos="X">napokon</wf>
         <wf lemma="vratio" pos="X">vratio</wf>
         <instance id="d000.s1397.t000" lemma="kuća" pos="NOUN">kući</instance>
         <wf lemma="." pos="X">.</wf>
      </sentence>
      <sentence id="d000.s1398" source="wordnet-croatian">
         <wf lemma="Njegov" pos="X">Njegov</wf>
         <wf lemma="je" pos="X">je</wf>
         <wf lemma="otac" pos="X">otac</wf>
         <wf lemma="iznimno" pos="X">iznimno</wf>
         <instance id="d000.s1398.t000" lemma="bogat" pos="ADJ">bogat</instance>
         <wf lemma="." pos="X">.</wf>
      </sentence>
      <sentence id="d000.s1399" source="wordnet-croatian">
         <wf lemma="On" pos="X">On</wf>
         <wf lemma="je" pos="X">je</wf>
         <wf lemma="bio" pos="X">bio</wf>
         <instance id="d000.s1399.t000" lemma="dominantan" pos="ADJ">dominantan</instance>
         <wf lemma="partner" pos="X">partner</wf>
         <wf lemma="u" pos="X">u</wf>
         <wf lemma="njihovu" pos="X">njihovu</wf>
         <wf lemma="braku" pos="X">braku</wf>
         <wf lemma="." pos="X">.</wf>
      </sentence>
      <sentence id="d000.s1400" source="wordnet-croatian">
         <wf lemma="Nikako" pos="X">Nikako</wf>
         <wf lemma="nije" pos="X">nije</wf>
         <wf lemma="mogao" pos="X">mogao</wf>
         <wf lemma="razumjeti" pos="X">razumjeti</wf>
         <wf lemma="taj" pos="X">taj</wf>
         <instance id="d000.s1400.t000" lemma="sustav" pos="NOUN">sustav</instance>
         <wf lemma="klasifikacije" pos="X">klasifikacije</wf>
         <wf lemma="." pos="X">.</wf>
      </sentence>
      <sentence id="d000.s1401" source="wordnet-croatian">
         <wf lemma="Naša" pos="X">Naša</wf>
         <wf lemma="priča" pos="X">priča</wf>
         <wf lemma="se" pos="X">se</wf>
         <wf lemma="," pos="X">,</wf>
         <wf lemma="djeco" pos="X">djeco</wf>
         <wf lemma="," pos="X">,</wf>
         <wf lemma="polako" pos="X">polako</wf>
         <wf lemma="privodi" pos="X">privodi</wf>
         <instance id="d000.s1401.t000" lemma="kraj" pos="NOUN">kraju</instance>
         <wf lemma="." pos="X">.</wf>
      </sentence>
      <sentence id="d000.s1402" source="wordnet-croatian">
         <instance id="d000.s1402.t000" lemma="ustupiti" pos="VERB">Ustupio</instance>
         <wf lemma="je" pos="X">je</wf>
         <wf lemma="siromasima" pos="X">siromasima</wf>
         <wf lemma="svoju" pos="X">svoju</wf>
         <wf lemma="brvnaru" pos="X">brvnaru</wf>
         <wf lemma="." pos="X">.</wf>
      </sentence>
      <sentence id="d000.s1403" source="wordnet-croatian">
         <wf lemma="Geometrija" pos="X">Geometrija</wf>
         <instance id="d000.s1403.t000" lemma="ravnina" pos="NOUN">ravnine</instance>
         <wf lemma="nikad" pos="X">nikad</wf>
         <wf lemma="mi" pos="X">mi</wf>
         <wf lemma="nije" pos="X">nije</wf>
         <wf lemma="bila" pos="X">bila</wf>
         <wf lemma="zanimljiva" pos="X">zanimljiva</wf>
         <wf lemma="." pos="X">.</wf>
      </sentence>
      <sentence id="d000.s1404" source="wordnet-croatian">
         <wf lemma="Molim" pos="X">Molim</wf>
         <wf lemma="te" pos="X">te</wf>
         <wf lemma="," pos="X">,</wf>
         <instance id="d000.s1404.t000" lemma="provjeriti" pos="VERB">provjeri</instance>
         <wf lemma="kočnice" pos="X">kočnice</wf>
         <wf lemma="." pos="X">.</wf>
      </sentence>
      <sentence id="d000.s1405" source="wordnet-croatian">
         <wf lemma="Nestrpljivo" pos="X">Nestrpljivo</wf>
         <wf lemma="smo" pos="X">smo</wf>
         <instance id="d000.s1405.t000" lemma="očekivati" pos="VERB">očekivali</instance>
         <wf lemma="posjetu" pos="X">posjetu</wf>
         <wf lemma="tete" pos="X">tete</wf>
         <wf lemma="Micike" pos="X">Micike</wf>
         <wf lemma="iz" pos="X">iz</wf>
         <wf lemma="Siska" pos="X">Siska</wf>
         <wf lemma="." pos="X">.</wf>
      </sentence>
      <sentence id="d000.s1406" source="wordnet-croatian">
         <wf lemma="Nije" pos="X">Nije</wf>
         <wf lemma="mogla" pos="X">mogla</wf>
         <wf lemma="vjerovati" pos="X">vjerovati</wf>
         <wf lemma="da" pos="X">da</wf>
         <wf lemma="u" pos="X">u</wf>
         <wf lemma="njemu" pos="X">njemu</wf>
         <wf lemma="nema" pos="X">nema</wf>
         <wf lemma="nimalo" pos="X">nimalo</wf>
         <instance id="d000.s1406.t000" lemma="šarmantnost" pos="NOUN">šarmantnosti</instance>
         <wf lemma="." pos="X">.</wf>
      </sentence>
      <sentence id="d000.s1407" source="wordnet-croatian">
         <instance id="d000.s1407.t000" lemma="šljivovica" pos="NOUN">Šljivovica</instance>
         <wf lemma="se" pos="X">se</wf>
         <wf lemma="često" pos="X">često</wf>
         <wf lemma="koristi" pos="X">koristi</wf>
         <wf lemma="kao" pos="X">kao</wf>
         <wf lemma="lijek" pos="X">lijek</wf>
         <wf lemma="." pos="X">.</wf>
      </sentence>
      <sentence id="d000.s1408" source="wordnet-croatian">
         <wf lemma="U" pos="X">U</wf>
         <wf lemma="povijesti" pos="X">povijesti</wf>
         <wf lemma="je" pos="X">je</wf>
         <wf lemma="bilo" pos="X">bilo</wf>
         <wf lemma="mnogo" pos="X">mnogo</wf>
         <wf lemma="pokušaja" pos="X">pokušaja</wf>
         <instance id="d000.s1408.t000" lemma="atentat" pos="NOUN">atentata</instance>
         <wf lemma="na" pos="X">na</wf>
         <wf lemma="papu" pos="X">papu</wf>
         <wf lemma="." pos="X">.</wf>
      </sentence>
      <sentence id="d000.s1409" source="wordnet-croatian">
         <wf lemma="Brojni" pos="X">Brojni</wf>
         <wf lemma="su" pos="X">su</wf>
         <instance id="d000.s1409.t000" lemma="neustrašiv" pos="ADJ">neustrašivi</instance>
         <wf lemma="momci" pos="X">momci</wf>
         <wf lemma="opjevani" pos="X">opjevani</wf>
         <wf lemma="u" pos="X">u</wf>
         <wf lemma="pjesmama" pos="X">pjesmama</wf>
         <wf lemma="." pos="X">.</wf>
      </sentence>
      <sentence id="d000.s1410" source="wordnet-croatian">
         <wf lemma="Bio" pos="X">Bio</wf>
         <wf lemma="je" pos="X">je</wf>
         <wf lemma="pravi" pos="X">pravi</wf>
         <wf lemma="majstor" pos="X">majstor</wf>
         <wf lemma="u" pos="X">u</wf>
         <wf lemma="krpanju" pos="X">krpanju</wf>
         <instance id="d000.s1410.t000" lemma="zračnica" pos="NOUN">zračnica</instance>
         <wf lemma="za" pos="X">za</wf>
         <wf lemma="bicikl" pos="X">bicikl</wf>
         <wf lemma="." pos="X">.</wf>
      </sentence>
      <sentence id="d000.s1411" source="wordnet-croatian">
         <wf lemma="Imaju" pos="X">Imaju</wf>
         <wf lemma="dvoje" pos="X">dvoje</wf>
         <wf lemma="prekrasne" pos="X">prekrasne</wf>
         <instance id="d000.s1411.t000" lemma="dijete" pos="NOUN">djece</instance>
         <wf lemma="." pos="X">.</wf>
      </sentence>
      <sentence id="d000.s1412" source="wordnet-croatian">
         <wf lemma="Igralište" pos="X">Igralište</wf>
         <wf lemma="je" pos="X">je</wf>
         <wf lemma="imalo" pos="X">imalo</wf>
         <instance id="d000.s1412.t000" lemma="rasvjeta" pos="NOUN">rasvjetu</instance>
         <wf lemma="pa" pos="X">pa</wf>
         <wf lemma="su" pos="X">su</wf>
         <wf lemma="se" pos="X">se</wf>
         <wf lemma="mogle" pos="X">mogle</wf>
         <wf lemma="igrati" pos="X">igrati</wf>
         <wf lemma="i" pos="X">i</wf>
         <wf lemma="noćne" pos="X">noćne</wf>
         <wf lemma="utakmice" pos="X">utakmice</wf>
         <wf lemma="." pos="X">.</wf>
      </sentence>
      <sentence id="d000.s1413" source="wordnet-croatian">
         <instance id="d000.s1413.t000" lemma="sekret" pos="NOUN">Sekret</instance>
         <wf lemma="iz" pos="X">iz</wf>
         <wf lemma="nosa" pos="X">nosa</wf>
         <wf lemma="treba" pos="X">treba</wf>
         <wf lemma="se" pos="X">se</wf>
         <wf lemma="ispuhati" pos="X">ispuhati</wf>
         <wf lemma="pod" pos="X">pod</wf>
         <wf lemma="mlazom" pos="X">mlazom</wf>
         <wf lemma="tople" pos="X">tople</wf>
         <wf lemma="vode" pos="X">vode</wf>
         <wf lemma="." pos="X">.</wf>
      </sentence>
      <sentence id="d000.s1414" source="wordnet-croatian">
         <wf lemma="Svoje" pos="X">Svoje</wf>
         <wf lemma="je" pos="X">je</wf>
         <instance id="d000.s1414.t000" lemma="zadaća" pos="NOUN">zadaće</instance>
         <wf lemma="obavljala" pos="X">obavljala</wf>
         <wf lemma="na" pos="X">na</wf>
         <wf lemma="vrijeme" pos="X">vrijeme</wf>
         <wf lemma="i" pos="X">i</wf>
         <wf lemma="savjesno" pos="X">savjesno</wf>
         <wf lemma="." pos="X">.</wf>
      </sentence>
      <sentence id="d000.s1415" source="wordnet-croatian">
         <instance id="d000.s1415.t000" lemma="međa" pos="NOUN">Međa</instance>
         <wf lemma="našeg" pos="X">našeg</wf>
         <wf lemma="vrta" pos="X">vrta</wf>
         <wf lemma="bila" pos="X">bila</wf>
         <wf lemma="je" pos="X">je</wf>
         <wf lemma="obilježena" pos="X">obilježena</wf>
         <wf lemma="ogradom" pos="X">ogradom</wf>
         <wf lemma="." pos="X">.</wf>
      </sentence>
      <sentence id="d000.s1416" source="wordnet-croatian">
         <wf lemma="Bio" pos="X">Bio</wf>
         <wf lemma="je" pos="X">je</wf>
         <wf lemma="užasno" pos="X">užasno</wf>
         <instance id="d000.s1416.t000" lemma="tvrdoglav" pos="ADJ">tvrdoglav</instance>
         <wf lemma="i" pos="X">i</wf>
         <wf lemma="uvijek" pos="X">uvijek</wf>
         <wf lemma="je" pos="X">je</wf>
         <wf lemma="sve" pos="X">sve</wf>
         <wf lemma="radio" pos="X">radio</wf>
         <wf lemma="po" pos="X">po</wf>
         <wf lemma="svojem" pos="X">svojem</wf>
         <wf lemma="." pos="X">.</wf>
      </sentence>
      <sentence id="d000.s1417" source="wordnet-croatian">
         <instance id="d000.s1417.t000" lemma="staza" pos="NOUN">Staze</instance>
         <wf lemma="slonova" pos="X">slonova</wf>
         <wf lemma="su" pos="X">su</wf>
         <wf lemma="još" pos="X">još</wf>
         <wf lemma="uvijek" pos="X">uvijek</wf>
         <wf lemma="velika" pos="X">velika</wf>
         <wf lemma="misterija" pos="X">misterija</wf>
         <wf lemma="." pos="X">.</wf>
      </sentence>
      <sentence id="d000.s1418" source="wordnet-croatian">
         <wf lemma="Prosijavali" pos="X">Prosijavali</wf>
         <wf lemma="su" pos="X">su</wf>
         <wf lemma="zemlju" pos="X">zemlju</wf>
         <wf lemma="kroz" pos="X">kroz</wf>
         <instance id="d000.s1418.t000" lemma="rešeto" pos="NOUN">rešeto</instance>
         <wf lemma="da" pos="X">da</wf>
         <wf lemma="im" pos="X">im</wf>
         <wf lemma="ne" pos="X">ne</wf>
         <wf lemma="bi" pos="X">bi</wf>
         <wf lemma="promaknuo" pos="X">promaknuo</wf>
         <wf lemma="ni" pos="X">ni</wf>
         <wf lemma="jedan" pos="X">jedan</wf>
         <wf lemma="arheološki" pos="X">arheološki</wf>
         <wf lemma="nalaz" pos="X">nalaz</wf>
         <wf lemma="." pos="X">.</wf>
      </sentence>
      <sentence id="d000.s1419" source="wordnet-croatian">
         <instance id="d000.s1419.t000" lemma="kompozicija" pos="NOUN">Kompozicija</instance>
         <wf lemma="se" pos="X">se</wf>
         <wf lemma="sastoji" pos="X">sastoji</wf>
         <wf lemma="od" pos="X">od</wf>
         <wf lemma="tri" pos="X">tri</wf>
         <wf lemma="stavka" pos="X">stavka</wf>
         <wf lemma="." pos="X">.</wf>
      </sentence>
      <sentence id="d000.s1420" source="wordnet-croatian">
         <instance id="d000.s1420.t000" lemma="prebaciti" pos="VERB">Prebacila</instance>
         <wf lemma="sam" pos="X">sam</wf>
         <wf lemma="novce" pos="X">novce</wf>
         <wf lemma="na" pos="X">na</wf>
         <wf lemma="tvoj" pos="X">tvoj</wf>
         <wf lemma="račun" pos="X">račun</wf>
         <wf lemma="." pos="X">.</wf>
      </sentence>
      <sentence id="d000.s1421" source="wordnet-croatian">
         <wf lemma="Njegova" pos="X">Njegova</wf>
         <wf lemma="težina" pos="X">težina</wf>
         <wf lemma="nije" pos="X">nije</wf>
         <wf lemma="puno" pos="X">puno</wf>
         <instance id="d000.s1421.t000" lemma="varirati" pos="VERB">varirala</instance>
         <wf lemma="." pos="X">.</wf>
      </sentence>
      <sentence id="d000.s1422" source="wordnet-croatian">
         <wf lemma="Hodao" pos="X">Hodao</wf>
         <wf lemma="je" pos="X">je</wf>
         <instance id="d000.s1422.t000" lemma="ulica" pos="NOUN">ulicom</instance>
         <wf lemma="i" pos="X">i</wf>
         <wf lemma="promatrao" pos="X">promatrao</wf>
         <wf lemma="ljude" pos="X">ljude</wf>
         <wf lemma="oko" pos="X">oko</wf>
         <wf lemma="sebe" pos="X">sebe</wf>
         <wf lemma="." pos="X">.</wf>
      </sentence>
      <sentence id="d000.s1423" source="wordnet-croatian">
         <instance id="d000.s1423.t000" lemma="homoseksualan" pos="ADJ">Homoseksualne</instance>
         <wf lemma="osobe" pos="X">osobe</wf>
         <wf lemma="nerijetko" pos="X">nerijetko</wf>
         <wf lemma="skrivaju" pos="X">skrivaju</wf>
         <wf lemma="svoju" pos="X">svoju</wf>
         <wf lemma="seksualnu" pos="X">seksualnu</wf>
         <wf lemma="orijentaciju" pos="X">orijentaciju</wf>
         <wf lemma="." pos="X">.</wf>
      </sentence>
      <sentence id="d000.s1424" source="wordnet-croatian">
         <wf lemma="Na" pos="X">Na</wf>
         <wf lemma="političkoj" pos="X">političkoj</wf>
         <wf lemma="sceni" pos="X">sceni</wf>
         <wf lemma="nema" pos="X">nema</wf>
         <instance id="d000.s1424.t000" lemma="prostor" pos="NOUN">prostora</instance>
         <wf lemma="za" pos="X">za</wf>
         <wf lemma="mlakonje" pos="X">mlakonje</wf>
         <wf lemma="." pos="X">.</wf>
      </sentence>
      <sentence id="d000.s1425" source="wordnet-croatian">
         <wf lemma="Znanstvenici" pos="X">Znanstvenici</wf>
         <wf lemma="intenzivno" pos="X">intenzivno</wf>
         <instance id="d000.s1425.t000" lemma="proučavati" pos="VERB">proučavaju</instance>
         <wf lemma="ustroj" pos="X">ustroj</wf>
         <wf lemma="ljudskog" pos="X">ljudskog</wf>
         <wf lemma="genoma" pos="X">genoma</wf>
         <wf lemma="." pos="X">.</wf>
      </sentence>
      <sentence id="d000.s1426" source="wordnet-croatian">
         <instance id="d000.s1426.t000" lemma="priznavati" pos="VERB">Priznaje</instance>
         <wf lemma="ti" pos="X">ti</wf>
         <wf lemma="se" pos="X">se</wf>
         <wf lemma="akademski" pos="X">akademski</wf>
         <wf lemma="naziv" pos="X">naziv</wf>
         <wf lemma="i" pos="X">i</wf>
         <wf lemma="sva" pos="X">sva</wf>
         <wf lemma="prava" pos="X">prava</wf>
         <wf lemma="koja" pos="X">koja</wf>
         <wf lemma="mu" pos="X">mu</wf>
         <wf lemma="pripadaju" pos="X">pripadaju</wf>
         <wf lemma="." pos="X">.</wf>
      </sentence>
      <sentence id="d000.s1427" source="wordnet-croatian">
         <wf lemma="Stipendija" pos="X">Stipendija</wf>
         <wf lemma="mi" pos="X">mi</wf>
         <wf lemma="ne" pos="X">ne</wf>
         <instance id="d000.s1427.t000" lemma="pokrivati" pos="VERB">pokriva</instance>
         <wf lemma="sve" pos="X">sve</wf>
         <wf lemma="troškove" pos="X">troškove</wf>
         <wf lemma="života" pos="X">života</wf>
         <wf lemma="." pos="X">.</wf>
      </sentence>
      <sentence id="d000.s1428" source="wordnet-croatian">
         <wf lemma="Stjerao" pos="X">Stjerao</wf>
         <wf lemma="ga" pos="X">ga</wf>
         <wf lemma="je" pos="X">je</wf>
         <wf lemma="u" pos="X">u</wf>
         <wf lemma="sam" pos="X">sam</wf>
         <wf lemma="kut" pos="X">kut</wf>
         <instance id="d000.s1428.t000" lemma="ring" pos="NOUN">ringa</instance>
         <wf lemma="i" pos="X">i</wf>
         <wf lemma="nemilosrdno" pos="X">nemilosrdno</wf>
         <wf lemma="ga" pos="X">ga</wf>
         <wf lemma="udarao" pos="X">udarao</wf>
         <wf lemma="." pos="X">.</wf>
      </sentence>
      <sentence id="d000.s1429" source="wordnet-croatian">
         <instance id="d000.s1429.t000" lemma="metar" pos="NOUN">Metrom</instance>
         <wf lemma="smo" pos="X">smo</wf>
         <wf lemma="izmjerili" pos="X">izmjerili</wf>
         <wf lemma="duljinu" pos="X">duljinu</wf>
         <wf lemma="stola" pos="X">stola</wf>
         <wf lemma="da" pos="X">da</wf>
         <wf lemma="damo" pos="X">damo</wf>
         <wf lemma="sašiti" pos="X">sašiti</wf>
         <wf lemma="stolnjak" pos="X">stolnjak</wf>
         <wf lemma="." pos="X">.</wf>
      </sentence>
      <sentence id="d000.s1430" source="wordnet-croatian">
         <wf lemma="Taj" pos="X">Taj</wf>
         <wf lemma="je" pos="X">je</wf>
         <wf lemma="film" pos="X">film</wf>
         <instance id="d000.s1430.t000" lemma="uspaliti" pos="VERB">uspalio</instance>
         <wf lemma="Mirkove" pos="X">Mirkove</wf>
         <wf lemma="prijatelje" pos="X">prijatelje</wf>
         <wf lemma="." pos="X">.</wf>
      </sentence>
      <sentence id="d000.s1431" source="wordnet-croatian">
         <wf lemma="Dodaj" pos="X">Dodaj</wf>
         <wf lemma="mi" pos="X">mi</wf>
         <wf lemma="grablje" pos="X">grablje</wf>
         <wf lemma="iz" pos="X">iz</wf>
         <instance id="d000.s1431.t000" lemma="spremište" pos="NOUN">spremišta</instance>
         <wf lemma="!" pos="X">!</wf>
      </sentence>
      <sentence id="d000.s1432" source="wordnet-croatian">
         <wf lemma="Banka" pos="X">Banka</wf>
         <wf lemma="nam" pos="X">nam</wf>
         <wf lemma="je" pos="X">je</wf>
         <wf lemma="ovaj" pos="X">ovaj</wf>
         <wf lemma="mjesec" pos="X">mjesec</wf>
         <wf lemma="velikodušno" pos="X">velikodušno</wf>
         <instance id="d000.s1432.t000" lemma="produljiti" pos="VERB">produljila</instance>
         <wf lemma="rok" pos="X">rok</wf>
         <wf lemma="za" pos="X">za</wf>
         <wf lemma="plaćanje" pos="X">plaćanje</wf>
         <wf lemma="rate" pos="X">rate</wf>
         <wf lemma="kredita" pos="X">kredita</wf>
         <wf lemma="." pos="X">.</wf>
      </sentence>
      <sentence id="d000.s1433" source="wordnet-croatian">
         <wf lemma="Japanci" pos="X">Japanci</wf>
         <wf lemma="su" pos="X">su</wf>
         <instance id="d000.s1433.t000" lemma="potopiti" pos="VERB">potopili</instance>
         <wf lemma="mnoge" pos="X">mnoge</wf>
         <wf lemma="američke" pos="X">američke</wf>
         <wf lemma="brodove" pos="X">brodove</wf>
         <wf lemma="u" pos="X">u</wf>
         <wf lemma="ratu" pos="X">ratu</wf>
         <wf lemma="." pos="X">.</wf>
      </sentence>
      <sentence id="d000.s1434" source="wordnet-croatian">
         <wf lemma="Njemu" pos="X">Njemu</wf>
         <wf lemma="se" pos="X">se</wf>
         <wf lemma="mora" pos="X">mora</wf>
         <wf lemma="odati" pos="X">odati</wf>
         <instance id="d000.s1434.t000" lemma="priznanje" pos="NOUN">priznanje</instance>
         <wf lemma="u" pos="X">u</wf>
         <wf lemma="borbi" pos="X">borbi</wf>
         <wf lemma="protiv" pos="X">protiv</wf>
         <wf lemma="diskriminacije" pos="X">diskriminacije</wf>
         <wf lemma="." pos="X">.</wf>
      </sentence>
      <sentence id="d000.s1435" source="wordnet-croatian">
         <wf lemma="Nakon" pos="X">Nakon</wf>
         <wf lemma="što" pos="X">što</wf>
         <wf lemma="me" pos="X">me</wf>
         <wf lemma="ujela" pos="X">ujela</wf>
         <wf lemma="," pos="X">,</wf>
         <wf lemma="zmija" pos="X">zmija</wf>
         <wf lemma="je" pos="X">je</wf>
         <instance id="d000.s1435.t000" lemma="kliznuti" pos="VERB">kliznula</instance>
         <wf lemma="u" pos="X">u</wf>
         <wf lemma="grmlje" pos="X">grmlje</wf>
         <wf lemma="." pos="X">.</wf>
      </sentence>
      <sentence id="d000.s1436" source="wordnet-croatian">
         <wf lemma="Liječnici" pos="X">Liječnici</wf>
         <wf lemma="su" pos="X">su</wf>
         <wf lemma="mu" pos="X">mu</wf>
         <wf lemma="ozlijeđeni" pos="X">ozlijeđeni</wf>
         <wf lemma="prst" pos="X">prst</wf>
         <wf lemma="omotali" pos="X">omotali</wf>
         <instance id="d000.s1436.t000" lemma="zavoj" pos="NOUN">zavojem</instance>
         <wf lemma="." pos="X">.</wf>
      </sentence>
      <sentence id="d000.s1437" source="wordnet-croatian">
         <wf lemma="Njegov" pos="X">Njegov</wf>
         <wf lemma="je" pos="X">je</wf>
         <wf lemma="stil" pos="X">stil</wf>
         <wf lemma="života" pos="X">života</wf>
         <wf lemma="bio" pos="X">bio</wf>
         <instance id="d000.s1437.t000" lemma="neortodoksan" pos="ADJ">neortodoksan</instance>
         <wf lemma="." pos="X">.</wf>
      </sentence>
      <sentence id="d000.s1438" source="wordnet-croatian">
         <instance id="d000.s1438.t000" lemma="izdržavati" pos="VERB">Izdržavao</instance>
         <wf lemma="je" pos="X">je</wf>
         <wf lemma="dugogodišnju" pos="X">dugogodišnju</wf>
         <wf lemma="zatvorsku" pos="X">zatvorsku</wf>
         <wf lemma="kaznu" pos="X">kaznu</wf>
         <wf lemma="." pos="X">.</wf>
      </sentence>
      <sentence id="d000.s1439" source="wordnet-croatian">
         <instance id="d000.s1439.t000" lemma="dobiti" pos="VERB">Dobila</instance>
         <wf lemma="je" pos="X">je</wf>
         <wf lemma="brojne" pos="X">brojne</wf>
         <wf lemma="umjetnine" pos="X">umjetnine</wf>
         <wf lemma="od" pos="X">od</wf>
         <wf lemma="svojega" pos="X">svojega</wf>
         <wf lemma="ujaka" pos="X">ujaka</wf>
         <wf lemma="." pos="X">.</wf>
      </sentence>
      <sentence id="d000.s1440" source="wordnet-croatian">
         <wf lemma="Provukao" pos="X">Provukao</wf>
         <wf lemma="je" pos="X">je</wf>
         <wf lemma="vrpcu" pos="X">vrpcu</wf>
         <wf lemma="kroz" pos="X">kroz</wf>
         <instance id="d000.s1440.t000" lemma="prsten" pos="NOUN">prsten</instance>
         <wf lemma="i" pos="X">i</wf>
         <wf lemma="svezao" pos="X">svezao</wf>
         <wf lemma="čvor" pos="X">čvor</wf>
         <wf lemma="." pos="X">.</wf>
      </sentence>
      <sentence id="d000.s1441" source="wordnet-croatian">
         <instance id="d000.s1441.t000" lemma="gramofon" pos="NOUN">Gramofon</instance>
         <wf lemma="sve" pos="X">sve</wf>
         <wf lemma="više" pos="X">više</wf>
         <wf lemma="i" pos="X">i</wf>
         <wf lemma="više" pos="X">više</wf>
         <wf lemma="postaje" pos="X">postaje</wf>
         <wf lemma="rijetka" pos="X">rijetka</wf>
         <wf lemma="pojava" pos="X">pojava</wf>
         <wf lemma="." pos="X">.</wf>
      </sentence>
      <sentence id="d000.s1442" source="wordnet-croatian">
         <wf lemma="Svaki" pos="X">Svaki</wf>
         <wf lemma="vodoinstalater" pos="X">vodoinstalater</wf>
         <wf lemma="za" pos="X">za</wf>
         <wf lemma="kvalitetno" pos="X">kvalitetno</wf>
         <wf lemma="obavljanje" pos="X">obavljanje</wf>
         <wf lemma="posla" pos="X">posla</wf>
         <wf lemma="mora" pos="X">mora</wf>
         <wf lemma="imati" pos="X">imati</wf>
         <wf lemma="dobar" pos="X">dobar</wf>
         <instance id="d000.s1442.t000" lemma="alat" pos="NOUN">alat</instance>
         <wf lemma="." pos="X">.</wf>
      </sentence>
      <sentence id="d000.s1443" source="wordnet-croatian">
         <wf lemma="Građevinari" pos="X">Građevinari</wf>
         <wf lemma="ne" pos="X">ne</wf>
         <wf lemma="mogu" pos="X">mogu</wf>
         <wf lemma="raditi" pos="X">raditi</wf>
         <wf lemma="bez" pos="X">bez</wf>
         <instance id="d000.s1443.t000" lemma="razulja" pos="NOUN">razulje</instance>
         <wf lemma="." pos="X">.</wf>
      </sentence>
      <sentence id="d000.s1444" source="wordnet-croatian">
         <instance id="d000.s1444.t000" lemma="epruveta" pos="NOUN">Epruvete</instance>
         <wf lemma="u" pos="X">u</wf>
         <wf lemma="koje" pos="X">koje</wf>
         <wf lemma="se" pos="X">se</wf>
         <wf lemma="stavljaju" pos="X">stavljaju</wf>
         <wf lemma="uzorci" pos="X">uzorci</wf>
         <wf lemma="moraju" pos="X">moraju</wf>
         <wf lemma="biti" pos="X">biti</wf>
         <wf lemma="sterilne" pos="X">sterilne</wf>
         <wf lemma="." pos="X">.</wf>
      </sentence>
      <sentence id="d000.s1445" source="wordnet-croatian">
         <wf lemma="Vjerujem" pos="X">Vjerujem</wf>
         <wf lemma="u" pos="X">u</wf>
         <wf lemma="tvoju" pos="X">tvoju</wf>
         <instance id="d000.s1445.t000" lemma="mogućnost" pos="NOUN">mogućnost</instance>
         <wf lemma="procjene" pos="X">procjene</wf>
         <wf lemma="." pos="X">.</wf>
      </sentence>
      <sentence id="d000.s1446" source="wordnet-croatian">
         <wf lemma="Bitno" pos="X">Bitno</wf>
         <wf lemma="je" pos="X">je</wf>
         <wf lemma="da" pos="X">da</wf>
         <wf lemma="važne" pos="X">važne</wf>
         <instance id="d000.s1446.t000" lemma="obavijest" pos="NOUN">obavijesti</instance>
         <wf lemma="stignu" pos="X">stignu</wf>
         <wf lemma="na" pos="X">na</wf>
         <wf lemma="vrijeme" pos="X">vrijeme</wf>
         <wf lemma="." pos="X">.</wf>
      </sentence>
      <sentence id="d000.s1447" source="wordnet-croatian">
         <wf lemma="U" pos="X">U</wf>
         <wf lemma="moru" pos="X">moru</wf>
         <wf lemma="se" pos="X">se</wf>
         <wf lemma="kupam" pos="X">kupam</wf>
         <wf lemma="tek" pos="X">tek</wf>
         <wf lemma="kada" pos="X">kada</wf>
         <wf lemma="se" pos="X">se</wf>
         <wf lemma="zagrije" pos="X">zagrije</wf>
         <wf lemma="na" pos="X">na</wf>
         <wf lemma="25" pos="X">25</wf>
         <instance id="d000.s1447.t000" lemma="stupanj" pos="NOUN">stupnjeva</instance>
         <wf lemma="Celzijusa" pos="X">Celzijusa</wf>
         <wf lemma="," pos="X">,</wf>
         <wf lemma="odnosno" pos="X">odnosno</wf>
         <wf lemma="79" pos="X">79</wf>
         <wf lemma="stupnjeva" pos="X">stupnjeva</wf>
         <wf lemma="Fahrenheita" pos="X">Fahrenheita</wf>
         <wf lemma="." pos="X">.</wf>
      </sentence>
      <sentence id="d000.s1448" source="wordnet-croatian">
         <instance id="d000.s1448.t000" lemma="genij" pos="NOUN">Genij</instance>
         <wf lemma="poput" pos="X">poput</wf>
         <wf lemma="Einsteinovog" pos="X">Einsteinovog</wf>
         <wf lemma="rijetko" pos="X">rijetko</wf>
         <wf lemma="se" pos="X">se</wf>
         <wf lemma="može" pos="X">može</wf>
         <wf lemma="naći" pos="X">naći</wf>
         <wf lemma="." pos="X">.</wf>
      </sentence>
      <sentence id="d000.s1449" source="wordnet-croatian">
         <wf lemma="Ovaj" pos="X">Ovaj</wf>
         <wf lemma="brod" pos="X">brod</wf>
         <instance id="d000.s1449.t000" lemma="gaziti" pos="VERB">gazi</instance>
         <wf lemma="na" pos="X">na</wf>
         <wf lemma="5" pos="X">5</wf>
         <wf lemma="metara" pos="X">metara</wf>
         <wf lemma="." pos="X">.</wf>
      </sentence>
      <sentence id="d000.s1450" source="wordnet-croatian">
         <wf lemma="Sve" pos="X">Sve</wf>
         <wf lemma="se" pos="X">se</wf>
         <wf lemma="više" pos="X">više</wf>
         <wf lemma="izbjegava" pos="X">izbjegava</wf>
         <wf lemma="stavljanje" pos="X">stavljanje</wf>
         <instance id="d000.s1450.t000" lemma="sag" pos="NOUN">sagova</instance>
         <wf lemma="u" pos="X">u</wf>
         <wf lemma="kuće" pos="X">kuće</wf>
         <wf lemma="i" pos="X">i</wf>
         <wf lemma="stanove" pos="X">stanove</wf>
         <wf lemma="," pos="X">,</wf>
         <wf lemma="vjerojatno" pos="X">vjerojatno</wf>
         <wf lemma="zato" pos="X">zato</wf>
         <wf lemma="što" pos="X">što</wf>
         <wf lemma="ih" pos="X">ih</wf>
         <wf lemma="je" pos="X">je</wf>
         <wf lemma="teže" pos="X">teže</wf>
         <wf lemma="čistiti" pos="X">čistiti</wf>
         <wf lemma="nego" pos="X">nego</wf>
         <wf lemma="parkete" pos="X">parkete</wf>
         <wf lemma="ili" pos="X">ili</wf>
         <wf lemma="pločice" pos="X">pločice</wf>
         <wf lemma="." pos="X">.</wf>
      </sentence>
      <sentence id="d000.s1451" source="wordnet-croatian">
         <instance id="d000.s1451.t000" lemma="odobriti" pos="VERB">Odobrila</instance>
         <wf lemma="je" pos="X">je</wf>
         <wf lemma="sinu" pos="X">sinu</wf>
         <wf lemma="da" pos="X">da</wf>
         <wf lemma="ode" pos="X">ode</wf>
         <wf lemma="na" pos="X">na</wf>
         <wf lemma="godinu" pos="X">godinu</wf>
         <wf lemma="dana" pos="X">dana</wf>
         <wf lemma="u" pos="X">u</wf>
         <wf lemma="Ameriku" pos="X">Ameriku</wf>
         <wf lemma="." pos="X">.</wf>
      </sentence>
      <sentence id="d000.s1452" source="wordnet-croatian">
         <wf lemma="Moja" pos="X">Moja</wf>
         <wf lemma="žena" pos="X">žena</wf>
         <wf lemma="ponekad" pos="X">ponekad</wf>
         <wf lemma="dobro" pos="X">dobro</wf>
         <instance id="d000.s1452.t000" lemma="glačati" pos="VERB">glača</instance>
         <wf lemma="." pos="X">.</wf>
      </sentence>
      <sentence id="d000.s1453" source="wordnet-croatian">
         <wf lemma="Pljačkaši" pos="X">Pljačkaši</wf>
         <wf lemma="su" pos="X">su</wf>
         <wf lemma="nosili" pos="X">nosili</wf>
         <instance id="d000.s1453.t000" lemma="fantomka" pos="NOUN">fantomke</instance>
         <wf lemma="pa" pos="X">pa</wf>
         <wf lemma="ih" pos="X">ih</wf>
         <wf lemma="službenica" pos="X">službenica</wf>
         <wf lemma="nije" pos="X">nije</wf>
         <wf lemma="mogla" pos="X">mogla</wf>
         <wf lemma="identificirati" pos="X">identificirati</wf>
         <wf lemma="." pos="X">.</wf>
      </sentence>
      <sentence id="d000.s1454" source="wordnet-croatian">
         <wf lemma="Nevaljali" pos="X">Nevaljali</wf>
         <wf lemma="Mirko" pos="X">Mirko</wf>
         <instance id="d000.s1454.t000" lemma="uštipnuti" pos="VERB">uštipnuo</instance>
         <wf lemma="je" pos="X">je</wf>
         <wf lemma="drugaricu" pos="X">drugaricu</wf>
         <wf lemma="Slavicu" pos="X">Slavicu</wf>
         <wf lemma="za" pos="X">za</wf>
         <wf lemma="ruku" pos="X">ruku</wf>
         <wf lemma="." pos="X">.</wf>
      </sentence>
      <sentence id="d000.s1455" source="wordnet-croatian">
         <wf lemma="Kad" pos="X">Kad</wf>
         <wf lemma="se" pos="X">se</wf>
         <wf lemma="dobro" pos="X">dobro</wf>
         <wf lemma="najedem" pos="X">najedem</wf>
         <wf lemma="i" pos="X">i</wf>
         <wf lemma="napijem" pos="X">napijem</wf>
         <wf lemma="," pos="X">,</wf>
         <wf lemma="razvežm" pos="X">razvežm</wf>
         <wf lemma="kravatu" pos="X">kravatu</wf>
         <wf lemma="," pos="X">,</wf>
         <wf lemma="odvežem" pos="X">odvežem</wf>
         <wf lemma="opasač" pos="X">opasač</wf>
         <wf lemma="i" pos="X">i</wf>
         <instance id="d000.s1455.t000" lemma="odriješiti" pos="VERB">odriješim</instance>
         <wf lemma="kesu" pos="X">kesu</wf>
         <wf lemma="ako" pos="X">ako</wf>
         <wf lemma="su" pos="X">su</wf>
         <wf lemma="tamburaši" pos="X">tamburaši</wf>
         <wf lemma="u" pos="X">u</wf>
         <wf lemma="blizini" pos="X">blizini</wf>
         <wf lemma="." pos="X">.</wf>
      </sentence>
      <sentence id="d000.s1456" source="wordnet-croatian">
         <wf lemma="Išli" pos="X">Išli</wf>
         <wf lemma="smo" pos="X">smo</wf>
         <wf lemma="u" pos="X">u</wf>
         <wf lemma="kino" pos="X">kino</wf>
         <wf lemma="na" pos="X">na</wf>
         <instance id="d000.s1456.t000" lemma="kasan" pos="ADJ">kasnu</instance>
         <wf lemma="projekciju" pos="X">projekciju</wf>
         <wf lemma="jer" pos="X">jer</wf>
         <wf lemma="je" pos="X">je</wf>
         <wf lemma="tada" pos="X">tada</wf>
         <wf lemma="manja" pos="X">manja</wf>
         <wf lemma="gužva" pos="X">gužva</wf>
         <wf lemma="." pos="X">.</wf>
      </sentence>
      <sentence id="d000.s1457" source="wordnet-croatian">
         <wf lemma="Slova" pos="X">Slova</wf>
         <wf lemma="su" pos="X">su</wf>
         <wf lemma="bila" pos="X">bila</wf>
         <wf lemma="toliko" pos="X">toliko</wf>
         <wf lemma="sitna" pos="X">sitna</wf>
         <wf lemma="da" pos="X">da</wf>
         <wf lemma="mu" pos="X">mu</wf>
         <wf lemma="je" pos="X">je</wf>
         <wf lemma="za" pos="X">za</wf>
         <wf lemma="čitanje" pos="X">čitanje</wf>
         <wf lemma="trebalo" pos="X">trebalo</wf>
         <instance id="d000.s1457.t000" lemma="povećalo" pos="NOUN">povećalo</instance>
         <wf lemma="." pos="X">.</wf>
      </sentence>
      <sentence id="d000.s1458" source="wordnet-croatian">
         <wf lemma="Na" pos="X">Na</wf>
         <wf lemma="aerodromu" pos="X">aerodromu</wf>
         <wf lemma="su" pos="X">su</wf>
         <wf lemma="mi" pos="X">mi</wf>
         <wf lemma="napravili" pos="X">napravili</wf>
         <instance id="d000.s1458.t000" lemma="pregled" pos="NOUN">pregled</instance>
         <wf lemma="prtljage" pos="X">prtljage</wf>
         <wf lemma="." pos="X">.</wf>
      </sentence>
      <sentence id="d000.s1459" source="wordnet-croatian">
         <wf lemma="Objavljena" pos="X">Objavljena</wf>
         <wf lemma="je" pos="X">je</wf>
         <wf lemma="njegova" pos="X">njegova</wf>
         <instance id="d000.s1459.t000" lemma="korespondencija" pos="NOUN">korespondencija</instance>
         <wf lemma="s" pos="X">s</wf>
         <wf lemma="drugim" pos="X">drugim</wf>
         <wf lemma="književnicima" pos="X">književnicima</wf>
         <wf lemma="." pos="X">.</wf>
      </sentence>
      <sentence id="d000.s1460" source="wordnet-croatian">
         <wf lemma="Onoga" pos="X">Onoga</wf>
         <instance id="d000.s1460.t000" lemma="tren" pos="NOUN">trena</instance>
         <wf lemma="kada" pos="X">kada</wf>
         <wf lemma="je" pos="X">je</wf>
         <wf lemma="Daniela" pos="X">Daniela</wf>
         <wf lemma="stigla" pos="X">stigla</wf>
         <wf lemma="na" pos="X">na</wf>
         <wf lemma="feštu" pos="X">feštu</wf>
         <wf lemma="," pos="X">,</wf>
         <wf lemma="počela" pos="X">počela</wf>
         <wf lemma="je" pos="X">je</wf>
         <wf lemma="ludnica" pos="X">ludnica</wf>
         <wf lemma="." pos="X">.</wf>
      </sentence>
      <sentence id="d000.s1461" source="wordnet-croatian">
         <wf lemma="Močvarna" pos="X">Močvarna</wf>
         <wf lemma="područja" pos="X">područja</wf>
         <wf lemma="česta" pos="X">česta</wf>
         <wf lemma="su" pos="X">su</wf>
         <wf lemma="mjesta" pos="X">mjesta</wf>
         <wf lemma="na" pos="X">na</wf>
         <wf lemma="kojima" pos="X">kojima</wf>
         <wf lemma="nastaje" pos="X">nastaje</wf>
         <instance id="d000.s1461.t000" lemma="treset" pos="NOUN">treset</instance>
         <wf lemma="." pos="X">.</wf>
      </sentence>
      <sentence id="d000.s1462" source="wordnet-croatian">
         <wf lemma="Velika" pos="X">Velika</wf>
         <wf lemma="je" pos="X">je</wf>
         <wf lemma="pažnja" pos="X">pažnja</wf>
         <wf lemma="posvećena" pos="X">posvećena</wf>
         <instance id="d000.s1462.t000" lemma="unutarnji" pos="ADJ">unutarnjem</instance>
         <wf lemma="uređenju" pos="X">uređenju</wf>
         <wf lemma="kuće" pos="X">kuće</wf>
         <wf lemma="." pos="X">.</wf>
      </sentence>
      <sentence id="d000.s1463" source="wordnet-croatian">
         <instance id="d000.s1463.t000" lemma="izvedba" pos="NOUN">Izvedba</instance>
         <wf lemma="tog" pos="X">tog</wf>
         <wf lemma="djela" pos="X">djela</wf>
         <wf lemma="bila" pos="X">bila</wf>
         <wf lemma="je" pos="X">je</wf>
         <wf lemma="nadahnuta" pos="X">nadahnuta</wf>
         <wf lemma="." pos="X">.</wf>
      </sentence>
      <sentence id="d000.s1464" source="wordnet-croatian">
         <wf lemma="Kroz" pos="X">Kroz</wf>
         <wf lemma="malene" pos="X">malene</wf>
         <wf lemma="je" pos="X">je</wf>
         <wf lemma="otvore" pos="X">otvore</wf>
         <wf lemma="na" pos="X">na</wf>
         <instance id="d000.s1464.t000" lemma="roleta" pos="NOUN">roletama</instance>
         <wf lemma="virio" pos="X">virio</wf>
         <wf lemma="na" pos="X">na</wf>
         <wf lemma="ulicu" pos="X">ulicu</wf>
         <wf lemma="." pos="X">.</wf>
      </sentence>
      <sentence id="d000.s1465" source="wordnet-croatian">
         <wf lemma="Na" pos="X">Na</wf>
         <instance id="d000.s1465.t000" lemma="kraj" pos="NOUN">kraju</instance>
         <wf lemma="godine" pos="X">godine</wf>
         <wf lemma="svi" pos="X">svi</wf>
         <wf lemma="zbrajaju" pos="X">zbrajaju</wf>
         <wf lemma="svoja" pos="X">svoja</wf>
         <wf lemma="postignuća" pos="X">postignuća</wf>
         <wf lemma="i" pos="X">i</wf>
         <wf lemma="pogreške" pos="X">pogreške</wf>
         <wf lemma="." pos="X">.</wf>
      </sentence>
      <sentence id="d000.s1466" source="wordnet-croatian">
         <wf lemma="Površina" pos="X">Površina</wf>
         <wf lemma="lista" pos="X">lista</wf>
         <wf lemma="može" pos="X">može</wf>
         <wf lemma="se" pos="X">se</wf>
         <wf lemma="mjeriti" pos="X">mjeriti</wf>
         <instance id="d000.s1466.t000" lemma="planimetar" pos="NOUN">planimetrom</instance>
         <wf lemma="." pos="X">.</wf>
      </sentence>
      <sentence id="d000.s1467" source="wordnet-croatian">
         <wf lemma="Čim" pos="X">Čim</wf>
         <wf lemma="bi" pos="X">bi</wf>
         <wf lemma="vidio" pos="X">vidio</wf>
         <instance id="d000.s1467.t000" lemma="šprica" pos="NOUN">špricu</instance>
         <wf lemma="," pos="X">,</wf>
         <wf lemma="padao" pos="X">padao</wf>
         <wf lemma="bi" pos="X">bi</wf>
         <wf lemma="u" pos="X">u</wf>
         <wf lemma="nesvijest" pos="X">nesvijest</wf>
         <wf lemma="." pos="X">.</wf>
      </sentence>
      <sentence id="d000.s1468" source="wordnet-croatian">
         <wf lemma="Proveo" pos="X">Proveo</wf>
         <wf lemma="sam" pos="X">sam</wf>
         <wf lemma="vrlo" pos="X">vrlo</wf>
         <wf lemma="ugodnu" pos="X">ugodnu</wf>
         <instance id="d000.s1468.t000" lemma="noć" pos="NOUN">noć</instance>
         <wf lemma="na" pos="X">na</wf>
         <wf lemma="novom" pos="X">novom</wf>
         <wf lemma="krevetu" pos="X">krevetu</wf>
         <wf lemma="." pos="X">.</wf>
      </sentence>
      <sentence id="d000.s1469" source="wordnet-croatian">
         <wf lemma="Nikadan" pos="X">Nikadan</wf>
         <wf lemma="nije" pos="X">nije</wf>
         <wf lemma="skidao" pos="X">skidao</wf>
         <instance id="d000.s1469.t000" lemma="veseo" pos="ADJ">veseo</instance>
         <wf lemma="osmijeh" pos="X">osmijeh</wf>
         <wf lemma="s" pos="X">s</wf>
         <wf lemma="lica" pos="X">lica</wf>
         <wf lemma="." pos="X">.</wf>
      </sentence>
      <sentence id="d000.s1470" source="wordnet-croatian">
         <wf lemma="Duh" pos="X">Duh</wf>
         <wf lemma="je" pos="X">je</wf>
         <instance id="d000.s1470.t000" lemma="nematerijalan" pos="ADJ">nematerijalan</instance>
         <wf lemma="dio" pos="X">dio</wf>
         <wf lemma="našega" pos="X">našega</wf>
         <wf lemma="bića" pos="X">bića</wf>
         <wf lemma="." pos="X">.</wf>
      </sentence>
      <sentence id="d000.s1471" source="wordnet-croatian">
         <wf lemma="Ta" pos="X">Ta</wf>
         <wf lemma="me" pos="X">me</wf>
         <wf lemma="je" pos="X">je</wf>
         <wf lemma="vijest" pos="X">vijest</wf>
         <wf lemma="jako" pos="X">jako</wf>
         <instance id="d000.s1471.t000" lemma="iznenaditi" pos="VERB">iznenadila</instance>
         <wf lemma="." pos="X">.</wf>
      </sentence>
      <sentence id="d000.s1472" source="wordnet-croatian">
         <wf lemma="Zabrinuta" pos="X">Zabrinuta</wf>
         <wf lemma="sam" pos="X">sam</wf>
         <wf lemma="jer" pos="X">jer</wf>
         <wf lemma="moje" pos="X">moje</wf>
         <wf lemma="ime" pos="X">ime</wf>
         <wf lemma="nije" pos="X">nije</wf>
         <wf lemma="na" pos="X">na</wf>
         <instance id="d000.s1472.t000" lemma="lista" pos="NOUN">listi</instance>
         <wf lemma="." pos="X">.</wf>
      </sentence>
      <sentence id="d000.s1473" source="wordnet-croatian">
         <wf lemma="Mene" pos="X">Mene</wf>
         <wf lemma="će" pos="X">će</wf>
         <wf lemma="pokopati" pos="X">pokopati</wf>
         <wf lemma="u" pos="X">u</wf>
         <wf lemma="obiteljsku" pos="X">obiteljsku</wf>
         <instance id="d000.s1473.t000" lemma="grobnica" pos="NOUN">grobnicu</instance>
         <wf lemma="." pos="X">.</wf>
      </sentence>
      <sentence id="d000.s1474" source="wordnet-croatian">
         <wf lemma="Što" pos="X">Što</wf>
         <wf lemma="danas" pos="X">danas</wf>
         <wf lemma="kuhaš" pos="X">kuhaš</wf>
         <wf lemma="za" pos="X">za</wf>
         <instance id="d000.s1474.t000" lemma="ručak" pos="NOUN">ručak</instance>
         <wf lemma="?" pos="X">?</wf>
      </sentence>
      <sentence id="d000.s1475" source="wordnet-croatian">
         <wf lemma="Na" pos="X">Na</wf>
         <instance id="d000.s1475.t000" lemma="ovratnik" pos="NOUN">ovratniku</instance>
         <wf lemma="mu" pos="X">mu</wf>
         <wf lemma="je" pos="X">je</wf>
         <wf lemma="ostala" pos="X">ostala</wf>
         <wf lemma="mrlja" pos="X">mrlja</wf>
         <wf lemma="od" pos="X">od</wf>
         <wf lemma="njezina" pos="X">njezina</wf>
         <wf lemma="ruža" pos="X">ruža</wf>
         <wf lemma="." pos="X">.</wf>
      </sentence>
      <sentence id="d000.s1476" source="wordnet-croatian">
         <wf lemma="Detaljno" pos="X">Detaljno</wf>
         <wf lemma="nam" pos="X">nam</wf>
         <wf lemma="je" pos="X">je</wf>
         <instance id="d000.s1476.t000" lemma="opisati" pos="VERB">opisao</instance>
         <wf lemma="plan" pos="X">plan</wf>
         <wf lemma="putovanja" pos="X">putovanja</wf>
         <wf lemma="po" pos="X">po</wf>
         <wf lemma="Africi" pos="X">Africi</wf>
         <wf lemma="." pos="X">.</wf>
      </sentence>
      <sentence id="d000.s1477" source="wordnet-croatian">
         <instance id="d000.s1477.t000" lemma="vjera" pos="NOUN">Vjera</instance>
         <wf lemma="često" pos="X">često</wf>
         <wf lemma="pomaže" pos="X">pomaže</wf>
         <wf lemma="ljudima" pos="X">ljudima</wf>
         <wf lemma="da" pos="X">da</wf>
         <wf lemma="prebrode" pos="X">prebrode</wf>
         <wf lemma="životne" pos="X">životne</wf>
         <wf lemma="nedaće" pos="X">nedaće</wf>
         <wf lemma="." pos="X">.</wf>
      </sentence>
      <sentence id="d000.s1478" source="wordnet-croatian">
         <wf lemma="Jedva" pos="X">Jedva</wf>
         <wf lemma="je" pos="X">je</wf>
         <wf lemma="čekao" pos="X">čekao</wf>
         <wf lemma="kraj" pos="X">kraj</wf>
         <wf lemma="radnoga" pos="X">radnoga</wf>
         <instance id="d000.s1478.t000" lemma="tjedan" pos="NOUN">tjedna</instance>
         <wf lemma="da" pos="X">da</wf>
         <wf lemma="se" pos="X">se</wf>
         <wf lemma="malo" pos="X">malo</wf>
         <wf lemma="odmori" pos="X">odmori</wf>
         <wf lemma="." pos="X">.</wf>
      </sentence>
      <sentence id="d000.s1479" source="wordnet-croatian">
         <instance id="d000.s1479.t000" lemma="luk" pos="NOUN">Luk</instance>
         <wf lemma="je" pos="X">je</wf>
         <wf lemma="mogao" pos="X">mogao</wf>
         <wf lemma="pojesti" pos="X">pojesti</wf>
         <wf lemma="samo" pos="X">samo</wf>
         <wf lemma="uz" pos="X">uz</wf>
         <wf lemma="ćevape" pos="X">ćevape</wf>
         <wf lemma="." pos="X">.</wf>
      </sentence>
      <sentence id="d000.s1480" source="wordnet-croatian">
         <wf lemma="Pitao" pos="X">Pitao</wf>
         <wf lemma="me" pos="X">me</wf>
         <wf lemma="gdje" pos="X">gdje</wf>
         <wf lemma="idem" pos="X">idem</wf>
         <wf lemma="i" pos="X">i</wf>
         <wf lemma="ja" pos="X">ja</wf>
         <wf lemma="sam" pos="X">sam</wf>
         <wf lemma="dao" pos="X">dao</wf>
         <wf lemma="svoj" pos="X">svoj</wf>
         <instance id="d000.s1480.t000" lemma="odgovor" pos="NOUN">odgovor</instance>
         <wf lemma="-" pos="X">-</wf>
         <wf lemma="nigdje" pos="X">nigdje</wf>
         <wf lemma="." pos="X">.</wf>
      </sentence>
      <sentence id="d000.s1481" source="wordnet-croatian">
         <instance id="d000.s1481.t000" lemma="mehanizam" pos="NOUN">Mehanizam</instance>
         <wf lemma="društvene" pos="X">društvene</wf>
         <wf lemma="kontrole" pos="X">kontrole</wf>
         <wf lemma="složena" pos="X">složena</wf>
         <wf lemma="je" pos="X">je</wf>
         <wf lemma="pojava" pos="X">pojava</wf>
         <wf lemma="u" pos="X">u</wf>
         <wf lemma="modernim" pos="X">modernim</wf>
         <wf lemma="društvima" pos="X">društvima</wf>
         <wf lemma="." pos="X">.</wf>
      </sentence>
      <sentence id="d000.s1482" source="wordnet-croatian">
         <wf lemma="Gledanje" pos="X">Gledanje</wf>
         <wf lemma="romantičnih" pos="X">romantičnih</wf>
         <wf lemma="komedija" pos="X">komedija</wf>
         <wf lemma="njezina" pos="X">njezina</wf>
         <wf lemma="je" pos="X">je</wf>
         <wf lemma="omiljena" pos="X">omiljena</wf>
         <instance id="d000.s1482.t000" lemma="zabava" pos="NOUN">zabava</instance>
         <wf lemma="." pos="X">.</wf>
      </sentence>
      <sentence id="d000.s1483" source="wordnet-croatian">
         <instance id="d000.s1483.t000" lemma="otrov" pos="NOUN">Otrov</instance>
         <wf lemma="je" pos="X">je</wf>
         <wf lemma="bio" pos="X">bio</wf>
         <wf lemma="omiljeno" pos="X">omiljeno</wf>
         <wf lemma="sredstvo" pos="X">sredstvo</wf>
         <wf lemma="ubojstva" pos="X">ubojstva</wf>
         <wf lemma="u" pos="X">u</wf>
         <wf lemma="romanima" pos="X">romanima</wf>
         <wf lemma="Agathe" pos="X">Agathe</wf>
         <wf lemma="Christie" pos="X">Christie</wf>
         <wf lemma="." pos="X">.</wf>
      </sentence>
      <sentence id="d000.s1484" source="wordnet-croatian">
         <wf lemma="Prije" pos="X">Prije</wf>
         <wf lemma="izlaska" pos="X">izlaska</wf>
         <wf lemma="redovito" pos="X">redovito</wf>
         <wf lemma="treba" pos="X">treba</wf>
         <instance id="d000.s1484.t000" lemma="očetkati" pos="VERB">očetkati</instance>
         <wf lemma="odijelo" pos="X">odijelo</wf>
         <wf lemma="." pos="X">.</wf>
      </sentence>
      <sentence id="d000.s1485" source="wordnet-croatian">
         <wf lemma="Estetička" pos="X">Estetička</wf>
         <wf lemma="je" pos="X">je</wf>
         <instance id="d000.s1485.t000" lemma="tendencija" pos="NOUN">tendencija</instance>
         <wf lemma="u" pos="X">u</wf>
         <wf lemma="njega" pos="X">njega</wf>
         <wf lemma="jača" pos="X">jača</wf>
         <wf lemma="nego" pos="X">nego</wf>
         <wf lemma="filozofijska" pos="X">filozofijska</wf>
         <wf lemma="." pos="X">.</wf>
      </sentence>
      <sentence id="d000.s1486" source="wordnet-croatian">
         <wf lemma="&quot;" pos="X">&quot;</wf>
         <instance id="d000.s1486.t000" lemma="mjesto" pos="NOUN">Mjesta</instance>
         <wf lemma="," pos="X">,</wf>
         <wf lemma="mjesta" pos="X">mjesta</wf>
         <wf lemma="!" pos="X">!</wf>
         <wf lemma="&quot;" pos="X">&quot;</wf>
         <wf lemma="vikali" pos="X">vikali</wf>
         <wf lemma="su" pos="X">su</wf>
         <wf lemma="bolničari" pos="X">bolničari</wf>
         <wf lemma="provlačeći" pos="X">provlačeći</wf>
         <wf lemma="se" pos="X">se</wf>
         <wf lemma="kroz" pos="X">kroz</wf>
         <wf lemma="mnoštvo" pos="X">mnoštvo</wf>
         <wf lemma="koje" pos="X">koje</wf>
         <wf lemma="je" pos="X">je</wf>
         <wf lemma="promatralo" pos="X">promatralo</wf>
         <wf lemma="prometnu" pos="X">prometnu</wf>
         <wf lemma="nesreću" pos="X">nesreću</wf>
         <wf lemma="." pos="X">.</wf>
      </sentence>
      <sentence id="d000.s1487" source="wordnet-croatian">
         <wf lemma="U" pos="X">U</wf>
         <wf lemma="sklopu" pos="X">sklopu</wf>
         <wf lemma="obilaska" pos="X">obilaska</wf>
         <wf lemma="posjetili" pos="X">posjetili</wf>
         <wf lemma="su" pos="X">su</wf>
         <wf lemma="i" pos="X">i</wf>
         <wf lemma="malu" pos="X">malu</wf>
         <wf lemma="obiteljsku" pos="X">obiteljsku</wf>
         <instance id="d000.s1487.t000" lemma="pivovara" pos="NOUN">pivovaru</instance>
         <wf lemma="." pos="X">.</wf>
      </sentence>
      <sentence id="d000.s1488" source="wordnet-croatian">
         <wf lemma="Ovim" pos="X">Ovim</wf>
         <wf lemma="eksperimentom" pos="X">eksperimentom</wf>
         <instance id="d000.s1488.t000" lemma="proizvesti" pos="VERB">proizveden</instance>
         <wf lemma="je" pos="X">je</wf>
         <wf lemma="novi" pos="X">novi</wf>
         <wf lemma="lijek" pos="X">lijek</wf>
         <wf lemma="." pos="X">.</wf>
      </sentence>
      <sentence id="d000.s1489" source="wordnet-croatian">
         <instance id="d000.s1489.t000" lemma="prekontrolirati" pos="VERB">Prekontroliraj</instance>
         <wf lemma="zadaću" pos="X">zadaću</wf>
         <wf lemma="prije" pos="X">prije</wf>
         <wf lemma="škole" pos="X">škole</wf>
         <wf lemma="." pos="X">.</wf>
      </sentence>
      <sentence id="d000.s1490" source="wordnet-croatian">
         <wf lemma="Majstori" pos="X">Majstori</wf>
         <instance id="d000.s1490.t000" lemma="cizelirati" pos="VERB">cizeliraju</instance>
         <wf lemma="srebro" pos="X">srebro</wf>
         <wf lemma="." pos="X">.</wf>
      </sentence>
      <sentence id="d000.s1491" source="wordnet-croatian">
         <wf lemma="Izašli" pos="X">Izašli</wf>
         <wf lemma="su" pos="X">su</wf>
         <wf lemma="iz" pos="X">iz</wf>
         <wf lemma="šume" pos="X">šume</wf>
         <wf lemma="ravno" pos="X">ravno</wf>
         <wf lemma="na" pos="X">na</wf>
         <wf lemma="veliku" pos="X">veliku</wf>
         <wf lemma="asfaltiranu" pos="X">asfaltiranu</wf>
         <instance id="d000.s1491.t000" lemma="ravnina" pos="NOUN">ravninu</instance>
         <wf lemma="." pos="X">.</wf>
      </sentence>
      <sentence id="d000.s1492" source="wordnet-croatian">
         <instance id="d000.s1492.t000" lemma="okupljanje" pos="NOUN">Okupljanje</instance>
         <wf lemma="ljudi" pos="X">ljudi</wf>
         <wf lemma="na" pos="X">na</wf>
         <wf lemma="javnim" pos="X">javnim</wf>
         <wf lemma="mjestima" pos="X">mjestima</wf>
         <wf lemma="nije" pos="X">nije</wf>
         <wf lemma="dozvoljeno" pos="X">dozvoljeno</wf>
         <wf lemma="." pos="X">.</wf>
      </sentence>
      <sentence id="d000.s1493" source="wordnet-croatian">
         <instance id="d000.s1493.t000" lemma="složenost" pos="NOUN">Složenost</instance>
         <wf lemma="njegova" pos="X">njegova</wf>
         <wf lemma="uma" pos="X">uma</wf>
         <wf lemma="ponekad" pos="X">ponekad</wf>
         <wf lemma="je" pos="X">je</wf>
         <wf lemma="zastrašujuća" pos="X">zastrašujuća</wf>
         <wf lemma="." pos="X">.</wf>
      </sentence>
      <sentence id="d000.s1494" source="wordnet-croatian">
         <instance id="d000.s1494.t000" lemma="soboslikarstvo" pos="NOUN">Soboslikarstvo</instance>
         <wf lemma="je" pos="X">je</wf>
         <wf lemma="bio" pos="X">bio</wf>
         <wf lemma="jedini" pos="X">jedini</wf>
         <wf lemma="posao" pos="X">posao</wf>
         <wf lemma="u" pos="X">u</wf>
         <wf lemma="kojem" pos="X">kojem</wf>
         <wf lemma="je" pos="X">je</wf>
         <wf lemma="istinski" pos="X">istinski</wf>
         <wf lemma="uživao" pos="X">uživao</wf>
         <wf lemma="." pos="X">.</wf>
      </sentence>
      <sentence id="d000.s1495" source="wordnet-croatian">
         <wf lemma="Srednjovjekovne" pos="X">Srednjovjekovne</wf>
         <wf lemma="katedrale" pos="X">katedrale</wf>
         <wf lemma="predstavljaju" pos="X">predstavljaju</wf>
         <wf lemma="vrlo" pos="X">vrlo</wf>
         <wf lemma="složene" pos="X">složene</wf>
         <wf lemma="građevinske" pos="X">građevinske</wf>
         <instance id="d000.s1495.t000" lemma="konstrukcija" pos="NOUN">konstrukcije</instance>
         <wf lemma="." pos="X">.</wf>
      </sentence>
      <sentence id="d000.s1496" source="wordnet-croatian">
         <wf lemma="Država" pos="X">Država</wf>
         <wf lemma="treba" pos="X">treba</wf>
         <wf lemma="biti" pos="X">biti</wf>
         <instance id="d000.s1496.t000" lemma="medijator" pos="NOUN">medijator</instance>
         <wf lemma="uspjeha" pos="X">uspjeha</wf>
         <wf lemma="ili" pos="X">ili</wf>
         <wf lemma="neuspjeha" pos="X">neuspjeha</wf>
         <wf lemma="pojedinih" pos="X">pojedinih</wf>
         <wf lemma="društava" pos="X">društava</wf>
         <wf lemma="." pos="X">.</wf>
      </sentence>
      <sentence id="d000.s1497" source="wordnet-croatian">
         <wf lemma="Njezinom" pos="X">Njezinom</wf>
         <wf lemma="je" pos="X">je</wf>
         <wf lemma="kućom" pos="X">kućom</wf>
         <wf lemma="vladao" pos="X">vladao</wf>
         <instance id="d000.s1497.t000" lemma="sklad" pos="NOUN">sklad</instance>
         <wf lemma="boja" pos="X">boja</wf>
         <wf lemma="i" pos="X">i</wf>
         <wf lemma="oblika" pos="X">oblika</wf>
         <wf lemma="." pos="X">.</wf>
      </sentence>
      <sentence id="d000.s1498" source="wordnet-croatian">
         <wf lemma="Mnoge" pos="X">Mnoge</wf>
         <wf lemma="se" pos="X">se</wf>
         <wf lemma="udruge" pos="X">udruge</wf>
         <wf lemma="bore" pos="X">bore</wf>
         <wf lemma="protiv" pos="X">protiv</wf>
         <wf lemma="raznih" pos="X">raznih</wf>
         <wf lemma="oblika" pos="X">oblika</wf>
         <instance id="d000.s1498.t000" lemma="netrpeljivost" pos="NOUN">netrpeljivosti</instance>
         <wf lemma="." pos="X">.</wf>
      </sentence>
      <sentence id="d000.s1499" source="wordnet-croatian">
         <instance id="d000.s1499.t000" lemma="ufanje" pos="NOUN">Ufanje</instance>
         <wf lemma="je" pos="X">je</wf>
         <wf lemma="sad" pos="X">sad</wf>
         <wf lemma="jedino" pos="X">jedino</wf>
         <wf lemma="što" pos="X">što</wf>
         <wf lemma="nam" pos="X">nam</wf>
         <wf lemma="preostaje" pos="X">preostaje</wf>
         <wf lemma="." pos="X">.</wf>
      </sentence>
      <sentence id="d000.s1500" source="wordnet-croatian">
         <wf lemma="policija" pos="X">policija</wf>
         <wf lemma="je" pos="X">je</wf>
         <instance id="d000.s1500.t000" lemma="pretražiti" pos="VERB">pretražila</instance>
         <wf lemma="sumnnjivca" pos="X">sumnnjivca</wf>
         <wf lemma="." pos="X">.</wf>
      </sentence>
      <sentence id="d000.s1501" source="wordnet-croatian">
         <wf lemma="Razgovor" pos="X">Razgovor</wf>
         <wf lemma="s" pos="X">s</wf>
         <wf lemma="mojim" pos="X">mojim</wf>
         <wf lemma="šefom" pos="X">šefom</wf>
         <wf lemma="potpuno" pos="X">potpuno</wf>
         <wf lemma="me" pos="X">me</wf>
         <instance id="d000.s1501.t000" lemma="iscrpiti" pos="VERB">iscrpio</instance>
         <wf lemma="." pos="X">.</wf>
      </sentence>
      <sentence id="d000.s1502" source="wordnet-croatian">
         <wf lemma="Svatko" pos="X">Svatko</wf>
         <wf lemma="je" pos="X">je</wf>
         <wf lemma="dao" pos="X">dao</wf>
         <wf lemma="svoj" pos="X">svoj</wf>
         <instance id="d000.s1502.t000" lemma="prijedlog" pos="NOUN">prijedlog</instance>
         <wf lemma="uređenja" pos="X">uređenja</wf>
         <wf lemma="okoliša" pos="X">okoliša</wf>
         <wf lemma="." pos="X">.</wf>
      </sentence>
      <sentence id="d000.s1503" source="wordnet-croatian">
         <wf lemma="Nije" pos="X">Nije</wf>
         <wf lemma="mogla" pos="X">mogla</wf>
         <wf lemma="sakriti" pos="X">sakriti</wf>
         <instance id="d000.s1503.t000" lemma="neotmjenost" pos="NOUN">neotmjenost</instance>
         <wf lemma="." pos="X">.</wf>
      </sentence>
      <sentence id="d000.s1504" source="wordnet-croatian">
         <wf lemma="Katarakta" pos="X">Katarakta</wf>
         <wf lemma="je" pos="X">je</wf>
         <wf lemma="česta" pos="X">česta</wf>
         <wf lemma="staračka" pos="X">staračka</wf>
         <wf lemma="bolest" pos="X">bolest</wf>
         <instance id="d000.s1504.t000" lemma="leća" pos="NOUN">leće</instance>
         <wf lemma="." pos="X">.</wf>
      </sentence>
      <sentence id="d000.s1505" source="wordnet-croatian">
         <instance id="d000.s1505.t000" lemma="jabuka" pos="NOUN">Jabuke</instance>
         <wf lemma="se" pos="X">se</wf>
         <wf lemma="mogu" pos="X">mogu</wf>
         <wf lemma="narezati" pos="X">narezati</wf>
         <wf lemma="na" pos="X">na</wf>
         <wf lemma="ploške" pos="X">ploške</wf>
         <wf lemma="i" pos="X">i</wf>
         <wf lemma="osušiti" pos="X">osušiti</wf>
         <wf lemma="," pos="X">,</wf>
         <wf lemma="čime" pos="X">čime</wf>
         <wf lemma="se" pos="X">se</wf>
         <wf lemma="dobiva" pos="X">dobiva</wf>
         <wf lemma="ukusan" pos="X">ukusan</wf>
         <wf lemma="čips" pos="X">čips</wf>
         <wf lemma="od" pos="X">od</wf>
         <wf lemma="jabuke" pos="X">jabuke</wf>
         <wf lemma="." pos="X">.</wf>
      </sentence>
      <sentence id="d000.s1506" source="wordnet-croatian">
         <wf lemma="Uže" pos="X">Uže</wf>
         <wf lemma="je" pos="X">je</wf>
         <instance id="d000.s1506.t000" lemma="popustiti" pos="VERB">popustilo</instance>
         <wf lemma="." pos="X">.</wf>
      </sentence>
      <sentence id="d000.s1507" source="wordnet-croatian">
         <instance id="d000.s1507.t000" lemma="dovesti" pos="VERB">Doveli</instance>
         <wf lemma="su" pos="X">su</wf>
         <wf lemma="ga" pos="X">ga</wf>
         <wf lemma="plemenskom" pos="X">plemenskom</wf>
         <wf lemma="poglavici" pos="X">poglavici</wf>
         <wf lemma="na" pos="X">na</wf>
         <wf lemma="upoznavanje" pos="X">upoznavanje</wf>
         <wf lemma="." pos="X">.</wf>
      </sentence>
      <sentence id="d000.s1508" source="wordnet-croatian">
         <wf lemma="Njegova" pos="X">Njegova</wf>
         <instance id="d000.s1508.t000" lemma="porodica" pos="NOUN">porodica</instance>
         <wf lemma="se" pos="X">se</wf>
         <wf lemma="oduvijek" pos="X">oduvijek</wf>
         <wf lemma="bavi" pos="X">bavi</wf>
         <wf lemma="uzgojem" pos="X">uzgojem</wf>
         <wf lemma="vinove" pos="X">vinove</wf>
         <wf lemma="loze" pos="X">loze</wf>
         <wf lemma="." pos="X">.</wf>
      </sentence>
      <sentence id="d000.s1509" source="wordnet-croatian">
         <wf lemma="Mnogi" pos="X">Mnogi</wf>
         <wf lemma="su" pos="X">su</wf>
         <wf lemma="pokušali" pos="X">pokušali</wf>
         <wf lemma="ukrasti" pos="X">ukrasti</wf>
         <instance id="d000.s1509.t000" lemma="formula" pos="NOUN">formulu</instance>
         <wf lemma="Coca-Cole" pos="X">Coca-Cole</wf>
         <wf lemma="." pos="X">.</wf>
      </sentence>
      <sentence id="d000.s1510" source="wordnet-croatian">
         <instance id="d000.s1510.t000" lemma="sadašnji" pos="ADJ">Sadašnji</instance>
         <wf lemma="sustav" pos="X">sustav</wf>
         <wf lemma="nije" pos="X">nije</wf>
         <wf lemma="dobar" pos="X">dobar</wf>
         <wf lemma="i" pos="X">i</wf>
         <wf lemma="hitno" pos="X">hitno</wf>
         <wf lemma="se" pos="X">se</wf>
         <wf lemma="treba" pos="X">treba</wf>
         <wf lemma="mijenjati" pos="X">mijenjati</wf>
         <wf lemma="." pos="X">.</wf>
      </sentence>
      <sentence id="d000.s1511" source="wordnet-croatian">
         <wf lemma="Ispod" pos="X">Ispod</wf>
         <wf lemma="auta" pos="X">auta</wf>
         <wf lemma="pronađena" pos="X">pronađena</wf>
         <wf lemma="je" pos="X">je</wf>
         <wf lemma="eksplozivna" pos="X">eksplozivna</wf>
         <instance id="d000.s1511.t000" lemma="naprava" pos="NOUN">naprava</instance>
         <wf lemma="." pos="X">.</wf>
      </sentence>
      <sentence id="d000.s1512" source="wordnet-croatian">
         <wf lemma="Vjernici" pos="X">Vjernici</wf>
         <wf lemma="su" pos="X">su</wf>
         <wf lemma="palili" pos="X">palili</wf>
         <wf lemma="svijeće" pos="X">svijeće</wf>
         <wf lemma="ispod" pos="X">ispod</wf>
         <instance id="d000.s1512.t000" lemma="križ" pos="NOUN">križa</instance>
         <wf lemma="." pos="X">.</wf>
      </sentence>
      <sentence id="d000.s1513" source="wordnet-croatian">
         <wf lemma="Pokus" pos="X">Pokus</wf>
         <wf lemma="je" pos="X">je</wf>
         <instance id="d000.s1513.t000" lemma="dokazati" pos="VERB">dokazao</instance>
         <wf lemma="nestabilnost" pos="X">nestabilnost</wf>
         <wf lemma="nitroglicerina" pos="X">nitroglicerina</wf>
         <wf lemma="pri" pos="X">pri</wf>
         <wf lemma="sobnoj" pos="X">sobnoj</wf>
         <wf lemma="temperaturi" pos="X">temperaturi</wf>
         <wf lemma="." pos="X">.</wf>
      </sentence>
      <sentence id="d000.s1514" source="wordnet-croatian">
         <wf lemma="Zahvaljujući" pos="X">Zahvaljujući</wf>
         <wf lemma="završnoj" pos="X">završnoj</wf>
         <wf lemma="riječi" pos="X">riječi</wf>
         <instance id="d000.s1514.t000" lemma="odvjetnik" pos="NOUN">odvjetnika</instance>
         <wf lemma="," pos="X">,</wf>
         <wf lemma="optuženi" pos="X">optuženi</wf>
         <wf lemma="je" pos="X">je</wf>
         <wf lemma="oslobođen" pos="X">oslobođen</wf>
         <wf lemma="svih" pos="X">svih</wf>
         <wf lemma="optužbi" pos="X">optužbi</wf>
         <wf lemma="." pos="X">.</wf>
      </sentence>
      <sentence id="d000.s1515" source="wordnet-croatian">
         <wf lemma="Koju" pos="X">Koju</wf>
         <instance id="d000.s1515.t000" lemma="vrsta" pos="NOUN">vrstu</instance>
         <wf lemma="glazbe" pos="X">glazbe</wf>
         <wf lemma="voliš" pos="X">voliš</wf>
         <wf lemma="slušati" pos="X">slušati</wf>
         <wf lemma="?" pos="X">?</wf>
      </sentence>
      <sentence id="d000.s1516" source="wordnet-croatian">
         <wf lemma="Za" pos="X">Za</wf>
         <wf lemma="dobar" pos="X">dobar</wf>
         <wf lemma="san" pos="X">san</wf>
         <wf lemma="važan" pos="X">važan</wf>
         <wf lemma="je" pos="X">je</wf>
         <wf lemma="kvalitetan" pos="X">kvalitetan</wf>
         <instance id="d000.s1516.t000" lemma="madrac" pos="NOUN">madrac</instance>
         <wf lemma="." pos="X">.</wf>
      </sentence>
      <sentence id="d000.s1517" source="wordnet-croatian">
         <wf lemma="Zločinci" pos="X">Zločinci</wf>
         <wf lemma="su" pos="X">su</wf>
         <wf lemma="uhvaćeni" pos="X">uhvaćeni</wf>
         <wf lemma="s" pos="X">s</wf>
         <wf lemma="dvije" pos="X">dvije</wf>
         <instance id="d000.s1517.t000" lemma="kila" pos="NOUN">kile</instance>
         <wf lemma="kokaina" pos="X">kokaina</wf>
         <wf lemma="." pos="X">.</wf>
      </sentence>
      <sentence id="d000.s1518" source="wordnet-croatian">
         <wf lemma="Poznati" pos="X">Poznati</wf>
         <instance id="d000.s1518.t000" lemma="proizvođač" pos="NOUN">proizvođač</instance>
         <wf lemma="mesnih" pos="X">mesnih</wf>
         <wf lemma="proizvoda" pos="X">proizvoda</wf>
         <wf lemma="pod" pos="X">pod</wf>
         <wf lemma="istragom" pos="X">istragom</wf>
         <wf lemma="je" pos="X">je</wf>
         <wf lemma="zbog" pos="X">zbog</wf>
         <wf lemma="sumnjivog" pos="X">sumnjivog</wf>
         <wf lemma="podrijetla" pos="X">podrijetla</wf>
         <wf lemma="mesa" pos="X">mesa</wf>
         <wf lemma="." pos="X">.</wf>
      </sentence>
      <sentence id="d000.s1519" source="wordnet-croatian">
         <wf lemma="Volim" pos="X">Volim</wf>
         <wf lemma="hladna" pos="X">hladna</wf>
         <instance id="d000.s1519.t000" lemma="piće" pos="NOUN">pića</instance>
         <wf lemma="." pos="X">.</wf>
      </sentence>
      <sentence id="d000.s1520" source="wordnet-croatian">
         <instance id="d000.s1520.t000" lemma="spona" pos="NOUN">Spona</instance>
         <wf lemma="koju" pos="X">koju</wf>
         <wf lemma="je" pos="X">je</wf>
         <wf lemma="osjećala" pos="X">osjećala</wf>
         <wf lemma="najednom" pos="X">najednom</wf>
         <wf lemma="je" pos="X">je</wf>
         <wf lemma="nestala" pos="X">nestala</wf>
         <wf lemma="." pos="X">.</wf>
      </sentence>
      <sentence id="d000.s1521" source="wordnet-croatian">
         <wf lemma="Mirko" pos="X">Mirko</wf>
         <wf lemma="je" pos="X">je</wf>
         <instance id="d000.s1521.t000" lemma="mrmljati" pos="VERB">mrmljao</instance>
         <wf lemma="nešto" pos="X">nešto</wf>
         <wf lemma="sebi" pos="X">sebi</wf>
         <wf lemma="u" pos="X">u</wf>
         <wf lemma="bradu" pos="X">bradu</wf>
         <wf lemma="dok" pos="X">dok</wf>
         <wf lemma="su" pos="X">su</wf>
         <wf lemma="hodali" pos="X">hodali</wf>
         <wf lemma="kroz" pos="X">kroz</wf>
         <wf lemma="šumu" pos="X">šumu</wf>
         <wf lemma="." pos="X">.</wf>
      </sentence>
      <sentence id="d000.s1522" source="wordnet-croatian">
         <instance id="d000.s1522.t000" lemma="sudac" pos="NOUN">Sudac</instance>
         <wf lemma="je" pos="X">je</wf>
         <wf lemma="donio" pos="X">donio</wf>
         <wf lemma="odluku" pos="X">odluku</wf>
         <wf lemma="o" pos="X">o</wf>
         <wf lemma="poništenju" pos="X">poništenju</wf>
         <wf lemma="suđenja" pos="X">suđenja</wf>
         <wf lemma="." pos="X">.</wf>
      </sentence>
      <sentence id="d000.s1523" source="wordnet-croatian">
         <wf lemma="Jučerašnji" pos="X">Jučerašnji</wf>
         <wf lemma="potres" pos="X">potres</wf>
         <instance id="d000.s1523.t000" lemma="odnijeti" pos="VERB">odnio</instance>
         <wf lemma="je" pos="X">je</wf>
         <wf lemma="mnoge" pos="X">mnoge</wf>
         <wf lemma="živote" pos="X">živote</wf>
         <wf lemma="." pos="X">.</wf>
      </sentence>
      <sentence id="d000.s1524" source="wordnet-croatian">
         <wf lemma="Molim" pos="X">Molim</wf>
         <wf lemma="te" pos="X">te</wf>
         <wf lemma="," pos="X">,</wf>
         <instance id="d000.s1524.t000" lemma="zbrojiti" pos="VERB">zbroji</instance>
         <wf lemma="27" pos="X">27</wf>
         <wf lemma="i" pos="X">i</wf>
         <wf lemma="49" pos="X">49</wf>
         <wf lemma="." pos="X">.</wf>
      </sentence>
      <sentence id="d000.s1525" source="wordnet-croatian">
         <wf lemma="Pri" pos="X">Pri</wf>
         <wf lemma="visokim" pos="X">visokim</wf>
         <wf lemma="temperaturama" pos="X">temperaturama</wf>
         <wf lemma="dolazi" pos="X">dolazi</wf>
         <wf lemma="do" pos="X">do</wf>
         <instance id="d000.s1525.t000" lemma="izobličenje" pos="NOUN">izobličenja</instance>
         <wf lemma="gumenih" pos="X">gumenih</wf>
         <wf lemma="oplata" pos="X">oplata</wf>
         <wf lemma="." pos="X">.</wf>
      </sentence>
      <sentence id="d000.s1526" source="wordnet-croatian">
         <wf lemma="Današnjoj" pos="X">Današnjoj</wf>
         <wf lemma="politici" pos="X">politici</wf>
         <wf lemma="nedostaje" pos="X">nedostaje</wf>
         <instance id="d000.s1526.t000" lemma="moralnost" pos="NOUN">moralnost</instance>
         <wf lemma="." pos="X">.</wf>
      </sentence>
      <sentence id="d000.s1527" source="wordnet-croatian">
         <wf lemma="Imao" pos="X">Imao</wf>
         <wf lemma="sam" pos="X">sam</wf>
         <instance id="d000.s1527.t000" lemma="rok" pos="NOUN">rok</instance>
         <wf lemma="od" pos="X">od</wf>
         <wf lemma="dva" pos="X">dva</wf>
         <wf lemma="dana" pos="X">dana</wf>
         <wf lemma="da" pos="X">da</wf>
         <wf lemma="izvadim" pos="X">izvadim</wf>
         <wf lemma="novu" pos="X">novu</wf>
         <wf lemma="osobnu" pos="X">osobnu</wf>
         <wf lemma="iskaznicu" pos="X">iskaznicu</wf>
         <wf lemma="." pos="X">.</wf>
      </sentence>
      <sentence id="d000.s1528" source="wordnet-croatian">
         <wf lemma="Ljudi" pos="X">Ljudi</wf>
         <wf lemma="će" pos="X">će</wf>
         <instance id="d000.s1528.t000" lemma="eksploatirati" pos="VERB">eksploatirati</instance>
         <wf lemma="Zemljina" pos="X">Zemljina</wf>
         <wf lemma="bogatstva" pos="X">bogatstva</wf>
         <wf lemma="sve" pos="X">sve</wf>
         <wf lemma="dok" pos="X">dok</wf>
         <wf lemma="ih" pos="X">ih</wf>
         <wf lemma="u" pos="X">u</wf>
         <wf lemma="potpunosti" pos="X">potpunosti</wf>
         <wf lemma="ne" pos="X">ne</wf>
         <wf lemma="iscrpe" pos="X">iscrpe</wf>
         <wf lemma="." pos="X">.</wf>
      </sentence>
      <sentence id="d000.s1529" source="wordnet-croatian">
         <wf lemma="Nikada" pos="X">Nikada</wf>
         <wf lemma="ne" pos="X">ne</wf>
         <wf lemma="mogu" pos="X">mogu</wf>
         <wf lemma="zapamtiti" pos="X">zapamtiti</wf>
         <wf lemma="imena" pos="X">imena</wf>
         <wf lemma="svih" pos="X">svih</wf>
         <wf lemma="svojih" pos="X">svojih</wf>
         <instance id="d000.s1529.t000" lemma="poznanik" pos="NOUN">poznanika</instance>
         <wf lemma="." pos="X">.</wf>
      </sentence>
      <sentence id="d000.s1530" source="wordnet-croatian">
         <wf lemma="Iz" pos="X">Iz</wf>
         <wf lemma="crkve" pos="X">crkve</wf>
         <wf lemma="je" pos="X">je</wf>
         <wf lemma="ukraden" pos="X">ukraden</wf>
         <instance id="d000.s1530.t000" lemma="kalež" pos="NOUN">kalež</instance>
         <wf lemma="." pos="X">.</wf>
      </sentence>
      <sentence id="d000.s1531" source="wordnet-croatian">
         <wf lemma="Kada" pos="X">Kada</wf>
         <wf lemma="malo" pos="X">malo</wf>
         <wf lemma="bolje" pos="X">bolje</wf>
         <wf lemma="razmisli" pos="X">razmisli</wf>
         <wf lemma="," pos="X">,</wf>
         <wf lemma="imala" pos="X">imala</wf>
         <wf lemma="je" pos="X">je</wf>
         <wf lemma="stvarno" pos="X">stvarno</wf>
         <wf lemma="sretno" pos="X">sretno</wf>
         <instance id="d000.s1531.t000" lemma="djetinjstvo" pos="NOUN">djetinjstvo</instance>
         <wf lemma="." pos="X">.</wf>
      </sentence>
      <sentence id="d000.s1532" source="wordnet-croatian">
         <wf lemma="Mirko" pos="X">Mirko</wf>
         <wf lemma="je" pos="X">je</wf>
         <wf lemma="polje" pos="X">polje</wf>
         <instance id="d000.s1532.t000" lemma="zasijati" pos="VERB">zasijao</instance>
         <wf lemma="sjemenom" pos="X">sjemenom</wf>
         <wf lemma="lana" pos="X">lana</wf>
         <wf lemma="." pos="X">.</wf>
      </sentence>
      <sentence id="d000.s1533" source="wordnet-croatian">
         <wf lemma="Odsjela" pos="X">Odsjela</wf>
         <wf lemma="je" pos="X">je</wf>
         <wf lemma="u" pos="X">u</wf>
         <instance id="d000.s1533.t000" lemma="hotel" pos="NOUN">hotelu</instance>
         <wf lemma="s" pos="X">s</wf>
         <wf lemma="pet" pos="X">pet</wf>
         <wf lemma="zvjezdica" pos="X">zvjezdica</wf>
         <wf lemma="." pos="X">.</wf>
      </sentence>
      <sentence id="d000.s1534" source="wordnet-croatian">
         <wf lemma="Rijeka" pos="X">Rijeka</wf>
         <wf lemma="je" pos="X">je</wf>
         <instance id="d000.s1534.t000" lemma="vijugati" pos="VERB">vijugala</instance>
         <wf lemma="kroz" pos="X">kroz</wf>
         <wf lemma="dolinu" pos="X">dolinu</wf>
         <wf lemma="." pos="X">.</wf>
      </sentence>
      <sentence id="d000.s1535" source="wordnet-croatian">
         <wf lemma="Njihova" pos="X">Njihova</wf>
         <wf lemma="je" pos="X">je</wf>
         <wf lemma="nova" pos="X">nova</wf>
         <wf lemma="kolekcija" pos="X">kolekcija</wf>
         <wf lemma="dobila" pos="X">dobila</wf>
         <wf lemma="negativne" pos="X">negativne</wf>
         <wf lemma="kritike" pos="X">kritike</wf>
         <wf lemma="zbog" pos="X">zbog</wf>
         <wf lemma="vidljive" pos="X">vidljive</wf>
         <instance id="d000.s1535.t000" lemma="nekreativnost" pos="NOUN">nekreativnosti</instance>
         <wf lemma="." pos="X">.</wf>
      </sentence>
      <sentence id="d000.s1536" source="wordnet-croatian">
         <instance id="d000.s1536.t000" lemma="ljuljanje" pos="NOUN">Ljuljanje</instance>
         <wf lemma="malih" pos="X">malih</wf>
         <wf lemma="beba" pos="X">beba</wf>
         <wf lemma="u" pos="X">u</wf>
         <wf lemma="kolijevci" pos="X">kolijevci</wf>
         <wf lemma="me" pos="X">me</wf>
         <wf lemma="uznemiruje" pos="X">uznemiruje</wf>
         <wf lemma="." pos="X">.</wf>
      </sentence>
      <sentence id="d000.s1537" source="wordnet-croatian">
         <wf lemma="Tek" pos="X">Tek</wf>
         <wf lemma="s" pos="X">s</wf>
         <wf lemma="pronalaskom" pos="X">pronalaskom</wf>
         <wf lemma="primjerene" pos="X">primjerene</wf>
         <instance id="d000.s1537.t000" lemma="orma" pos="NOUN">orme</instance>
         <wf lemma="postalo" pos="X">postalo</wf>
         <wf lemma="je" pos="X">je</wf>
         <wf lemma="moguće" pos="X">moguće</wf>
         <wf lemma="korištenje" pos="X">korištenje</wf>
         <wf lemma="konja" pos="X">konja</wf>
         <wf lemma="kao" pos="X">kao</wf>
         <wf lemma="radne" pos="X">radne</wf>
         <wf lemma="životinje" pos="X">životinje</wf>
         <wf lemma="." pos="X">.</wf>
      </sentence>
      <sentence id="d000.s1538" source="wordnet-croatian">
         <wf lemma="Smaragd" pos="X">Smaragd</wf>
         <wf lemma="i" pos="X">i</wf>
         <wf lemma="akvamarin" pos="X">akvamarin</wf>
         <wf lemma="vrste" pos="X">vrste</wf>
         <wf lemma="su" pos="X">su</wf>
         <instance id="d000.s1538.t000" lemma="beril" pos="NOUN">berila</instance>
         <wf lemma="." pos="X">.</wf>
      </sentence>
      <sentence id="d000.s1539" source="wordnet-croatian">
         <wf lemma="Zahvaljujući" pos="X">Zahvaljujući</wf>
         <instance id="d000.s1539.t000" lemma="ran" pos="ADJ">ranoj</instance>
         <wf lemma="dijagnozi" pos="X">dijagnozi</wf>
         <wf lemma="," pos="X">,</wf>
         <wf lemma="uspjela" pos="X">uspjela</wf>
         <wf lemma="se" pos="X">se</wf>
         <wf lemma="izliječiti" pos="X">izliječiti</wf>
         <wf lemma="od" pos="X">od</wf>
         <wf lemma="raka" pos="X">raka</wf>
         <wf lemma="." pos="X">.</wf>
      </sentence>
      <sentence id="d000.s1540" source="wordnet-croatian">
         <wf lemma="Sve" pos="X">Sve</wf>
         <wf lemma="je" pos="X">je</wf>
         <instance id="d000.s1540.t000" lemma="dokument" pos="NOUN">dokumente</instance>
         <wf lemma="čuvao" pos="X">čuvao</wf>
         <wf lemma="u" pos="X">u</wf>
         <wf lemma="sefu" pos="X">sefu</wf>
         <wf lemma="." pos="X">.</wf>
      </sentence>
      <sentence id="d000.s1541" source="wordnet-croatian">
         <instance id="d000.s1541.t000" lemma="silazak" pos="NOUN">Silazak</instance>
         <wf lemma="stepenicama" pos="X">stepenicama</wf>
         <wf lemma="lakši" pos="X">lakši</wf>
         <wf lemma="je" pos="X">je</wf>
         <wf lemma="nego" pos="X">nego</wf>
         <wf lemma="penjanje" pos="X">penjanje</wf>
         <wf lemma="njima" pos="X">njima</wf>
         <wf lemma="." pos="X">.</wf>
      </sentence>
      <sentence id="d000.s1542" source="wordnet-croatian">
         <wf lemma="Hrvatsko" pos="X">Hrvatsko</wf>
         <instance id="d000.s1542.t000" lemma="zakonodavstvo" pos="NOUN">zakonodavstvo</instance>
         <wf lemma="ostalo" pos="X">ostalo</wf>
         <wf lemma="je" pos="X">je</wf>
         <wf lemma="u" pos="X">u</wf>
         <wf lemma="sjeni" pos="X">sjeni</wf>
         <wf lemma="parlamenta" pos="X">parlamenta</wf>
         <wf lemma="." pos="X">.</wf>
      </sentence>
      <sentence id="d000.s1543" source="wordnet-croatian">
         <wf lemma="Molim" pos="X">Molim</wf>
         <wf lemma="Vas" pos="X">Vas</wf>
         <wf lemma="20" pos="X">20</wf>
         <wf lemma="dag" pos="X">dag</wf>
         <instance id="d000.s1543.t000" lemma="edamer" pos="NOUN">edamera</instance>
         <wf lemma="!" pos="X">!</wf>
      </sentence>
      <sentence id="d000.s1544" source="wordnet-croatian">
         <wf lemma="Studentsko" pos="X">Studentsko</wf>
         <instance id="d000.s1544.t000" lemma="vijeće" pos="NOUN">vijeće</instance>
         <wf lemma="poslalo" pos="X">poslalo</wf>
         <wf lemma="je" pos="X">je</wf>
         <wf lemma="svog" pos="X">svog</wf>
         <wf lemma="predstavnika" pos="X">predstavnika</wf>
         <wf lemma="na" pos="X">na</wf>
         <wf lemma="sastanak" pos="X">sastanak</wf>
         <wf lemma="." pos="X">.</wf>
      </sentence>
      <sentence id="d000.s1545" source="wordnet-croatian">
         <instance id="d000.s1545.t000" lemma="iščekivati" pos="VERB">Iščekivali</instance>
         <wf lemma="su" pos="X">su</wf>
         <wf lemma="prinovu" pos="X">prinovu</wf>
         <wf lemma="u" pos="X">u</wf>
         <wf lemma="obitelji" pos="X">obitelji</wf>
         <wf lemma="." pos="X">.</wf>
      </sentence>
      <sentence id="d000.s1546" source="wordnet-croatian">
         <wf lemma="Djed" pos="X">Djed</wf>
         <wf lemma="Božićnjak" pos="X">Božićnjak</wf>
         <wf lemma="kroz" pos="X">kroz</wf>
         <instance id="d000.s1546.t000" lemma="dimnjak" pos="NOUN">dimnjake</instance>
         <wf lemma="djeci" pos="X">djeci</wf>
         <wf lemma="ubacuje" pos="X">ubacuje</wf>
         <wf lemma="darove" pos="X">darove</wf>
         <wf lemma="." pos="X">.</wf>
      </sentence>
      <sentence id="d000.s1547" source="wordnet-croatian">
         <wf lemma="U" pos="X">U</wf>
         <wf lemma="starok" pos="X">starok</wf>
         <wf lemma="Grčkoj" pos="X">Grčkoj</wf>
         <wf lemma="pjesme" pos="X">pjesme</wf>
         <wf lemma="su" pos="X">su</wf>
         <wf lemma="se" pos="X">se</wf>
         <wf lemma="izvodile" pos="X">izvodile</wf>
         <wf lemma="uz" pos="X">uz</wf>
         <wf lemma="pratnju" pos="X">pratnju</wf>
         <instance id="d000.s1547.t000" lemma="lira" pos="NOUN">lire</instance>
         <wf lemma="." pos="X">.</wf>
      </sentence>
      <sentence id="d000.s1548" source="wordnet-croatian">
         <wf lemma="Probudio" pos="X">Probudio</wf>
         <wf lemma="ga" pos="X">ga</wf>
         <wf lemma="je" pos="X">je</wf>
         <instance id="d000.s1548.t000" lemma="alarm" pos="NOUN">alarm</instance>
         <wf lemma="." pos="X">.</wf>
      </sentence>
      <sentence id="d000.s1549" source="wordnet-croatian">
         <wf lemma="U" pos="X">U</wf>
         <wf lemma="elizabetinskom" pos="X">elizabetinskom</wf>
         <wf lemma="su" pos="X">su</wf>
         <wf lemma="kazalištu" pos="X">kazalištu</wf>
         <wf lemma="svi" pos="X">svi</wf>
         <instance id="d000.s1549.t000" lemma="glumac" pos="NOUN">glumci</instance>
         <wf lemma="bili" pos="X">bili</wf>
         <wf lemma="muškarci" pos="X">muškarci</wf>
         <wf lemma="." pos="X">.</wf>
      </sentence>
      <sentence id="d000.s1550" source="wordnet-croatian">
         <wf lemma="On" pos="X">On</wf>
         <wf lemma="je" pos="X">je</wf>
         <wf lemma="majstor" pos="X">majstor</wf>
         <instance id="d000.s1550.t000" lemma="prerušavanje" pos="NOUN">prerušavanja</instance>
         <wf lemma="." pos="X">.</wf>
      </sentence>
      <sentence id="d000.s1551" source="wordnet-croatian">
         <wf lemma="Markov" pos="X">Markov</wf>
         <instance id="d000.s1551.t000" lemma="sin" pos="NOUN">sin</instance>
         <wf lemma="postao" pos="X">postao</wf>
         <wf lemma="je" pos="X">je</wf>
         <wf lemma="slavni" pos="X">slavni</wf>
         <wf lemma="sudac" pos="X">sudac</wf>
         <wf lemma="." pos="X">.</wf>
      </sentence>
      <sentence id="d000.s1552" source="wordnet-croatian">
         <wf lemma="Pravne" pos="X">Pravne</wf>
         <wf lemma="osobe" pos="X">osobe</wf>
         <wf lemma="koje" pos="X">koje</wf>
         <wf lemma="koriste" pos="X">koriste</wf>
         <wf lemma="nelicenciran" pos="X">nelicenciran</wf>
         <instance id="d000.s1552.t000" lemma="softver" pos="NOUN">softver</instance>
         <wf lemma="bit" pos="X">bit</wf>
         <wf lemma="će" pos="X">će</wf>
         <wf lemma="kažnjene" pos="X">kažnjene</wf>
         <wf lemma="." pos="X">.</wf>
      </sentence>
      <sentence id="d000.s1553" source="wordnet-croatian">
         <wf lemma="Nikada" pos="X">Nikada</wf>
         <wf lemma="ne" pos="X">ne</wf>
         <wf lemma="bi" pos="X">bi</wf>
         <wf lemma="odbila" pos="X">odbila</wf>
         <wf lemma="njegov" pos="X">njegov</wf>
         <instance id="d000.s1553.t000" lemma="poziv" pos="NOUN">poziv</instance>
         <wf lemma="za" pos="X">za</wf>
         <wf lemma="ručak" pos="X">ručak</wf>
         <wf lemma="." pos="X">.</wf>
      </sentence>
      <sentence id="d000.s1554" source="wordnet-croatian">
         <wf lemma="Njegova" pos="X">Njegova</wf>
         <wf lemma="djela" pos="X">djela</wf>
         <instance id="d000.s1554.t000" lemma="ispuniti" pos="VERB">ispunila</instance>
         <wf lemma="su" pos="X">su</wf>
         <wf lemma="njegove" pos="X">njegove</wf>
         <wf lemma="roditelje" pos="X">roditelje</wf>
         <wf lemma="ponosom" pos="X">ponosom</wf>
         <wf lemma="." pos="X">.</wf>
      </sentence>
      <sentence id="d000.s1555" source="wordnet-croatian">
         <wf lemma="Smatra" pos="X">Smatra</wf>
         <wf lemma="se" pos="X">se</wf>
         <wf lemma="da" pos="X">da</wf>
         <wf lemma="su" pos="X">su</wf>
         <instance id="d000.s1555.t000" lemma="svetac" pos="NOUN">sveci</instance>
         <wf lemma="zaštitnici" pos="X">zaštitnici</wf>
         <wf lemma="u" pos="X">u</wf>
         <wf lemma="nevolji" pos="X">nevolji</wf>
         <wf lemma="." pos="X">.</wf>
      </sentence>
      <sentence id="d000.s1556" source="wordnet-croatian">
         <wf lemma="Bio" pos="X">Bio</wf>
         <wf lemma="je" pos="X">je</wf>
         <wf lemma="to" pos="X">to</wf>
         <wf lemma="pravi" pos="X">pravi</wf>
         <wf lemma="nesklad" pos="X">nesklad</wf>
         <wf lemma="zvukova" pos="X">zvukova</wf>
         <wf lemma="," pos="X">,</wf>
         <wf lemma="prava" pos="X">prava</wf>
         <instance id="d000.s1556.t000" lemma="kakofonija" pos="NOUN">kakofonija</instance>
         <wf lemma="." pos="X">.</wf>
      </sentence>
      <sentence id="d000.s1557" source="wordnet-croatian">
         <instance id="d000.s1557.t000" lemma="odvojiti" pos="VERB">Odvojio</instance>
         <wf lemma="je" pos="X">je</wf>
         <wf lemma="prioritetne" pos="X">prioritetne</wf>
         <wf lemma="od" pos="X">od</wf>
         <wf lemma="manje" pos="X">manje</wf>
         <wf lemma="važnih" pos="X">važnih</wf>
         <wf lemma="zadataka" pos="X">zadataka</wf>
         <wf lemma="." pos="X">.</wf>
      </sentence>
      <sentence id="d000.s1558" source="wordnet-croatian">
         <instance id="d000.s1558.t000" lemma="klizenje" pos="NOUN">Klizenje</instance>
         <wf lemma="kuće" pos="X">kuće</wf>
         <wf lemma="niz" pos="X">niz</wf>
         <wf lemma="padinu" pos="X">padinu</wf>
         <wf lemma="popravili" pos="X">popravili</wf>
         <wf lemma="smo" pos="X">smo</wf>
         <wf lemma="potpornjima" pos="X">potpornjima</wf>
         <wf lemma="." pos="X">.</wf>
      </sentence>
      <sentence id="d000.s1559" source="wordnet-croatian">
         <instance id="d000.s1559.t000" lemma="delegiranje" pos="NOUN">Delegiranje</instance>
         <wf lemma="mi" pos="X">mi</wf>
         <wf lemma="nije" pos="X">nije</wf>
         <wf lemma="išlo" pos="X">išlo</wf>
         <wf lemma="pri" pos="X">pri</wf>
         <wf lemma="organizaciji" pos="X">organizaciji</wf>
         <wf lemma="tvrtke" pos="X">tvrtke</wf>
         <wf lemma="." pos="X">.</wf>
      </sentence>
      <sentence id="d000.s1560" source="wordnet-croatian">
         <wf lemma="Ljubav" pos="X">Ljubav</wf>
         <wf lemma="je" pos="X">je</wf>
         <wf lemma="bila" pos="X">bila</wf>
         <instance id="d000.s1560.t000" lemma="lajtmotiv" pos="NOUN">lajtmotiv</instance>
         <wf lemma="njegovih" pos="X">njegovih</wf>
         <wf lemma="djela" pos="X">djela</wf>
         <wf lemma="." pos="X">.</wf>
      </sentence>
      <sentence id="d000.s1561" source="wordnet-croatian">
         <wf lemma="Smjesa" pos="X">Smjesa</wf>
         <wf lemma="se" pos="X">se</wf>
         <wf lemma="uvodi" pos="X">uvodi</wf>
         <wf lemma="u" pos="X">u</wf>
         <instance id="d000.s1561.t000" lemma="ekstraktor" pos="NOUN">ekstraktor</instance>
         <wf lemma="uz" pos="X">uz</wf>
         <wf lemma="dodatak" pos="X">dodatak</wf>
         <wf lemma="otapala" pos="X">otapala</wf>
         <wf lemma="." pos="X">.</wf>
      </sentence>
      <sentence id="d000.s1562" source="wordnet-croatian">
         <instance id="d000.s1562.t000" lemma="štoperica" pos="NOUN">Štopericom</instance>
         <wf lemma="je" pos="X">je</wf>
         <wf lemma="mjerio" pos="X">mjerio</wf>
         <wf lemma="koliko" pos="X">koliko</wf>
         <wf lemma="mu" pos="X">mu</wf>
         <wf lemma="treba" pos="X">treba</wf>
         <wf lemma="da" pos="X">da</wf>
         <wf lemma="pretrči" pos="X">pretrči</wf>
         <wf lemma="100" pos="X">100</wf>
         <wf lemma="metara" pos="X">metara</wf>
         <wf lemma="." pos="X">.</wf>
      </sentence>
      <sentence id="d000.s1563" source="wordnet-croatian">
         <wf lemma="U" pos="X">U</wf>
         <wf lemma="gužvi" pos="X">gužvi</wf>
         <wf lemma="mu" pos="X">mu</wf>
         <wf lemma="je" pos="X">je</wf>
         <wf lemma="netko" pos="X">netko</wf>
         <wf lemma="ukrao" pos="X">ukrao</wf>
         <instance id="d000.s1563.t000" lemma="novčanik" pos="NOUN">novčanik</instance>
         <wf lemma="." pos="X">.</wf>
      </sentence>
      <sentence id="d000.s1564" source="wordnet-croatian">
         <wf lemma="Govornik" pos="X">Govornik</wf>
         <wf lemma="je" pos="X">je</wf>
         <wf lemma="počeo" pos="X">počeo</wf>
         <instance id="d000.s1564.t000" lemma="zamuckivati" pos="VERB">zamuckivati</instance>
         <wf lemma="kad" pos="X">kad</wf>
         <wf lemma="je" pos="X">je</wf>
         <wf lemma="vidio" pos="X">vidio</wf>
         <wf lemma="da" pos="X">da</wf>
         <wf lemma="mu" pos="X">mu</wf>
         <wf lemma="mama" pos="X">mama</wf>
         <wf lemma="ulazi" pos="X">ulazi</wf>
         <wf lemma="u" pos="X">u</wf>
         <wf lemma="sobu" pos="X">sobu</wf>
         <wf lemma="." pos="X">.</wf>
      </sentence>
      <sentence id="d000.s1565" source="wordnet-croatian">
         <wf lemma="Godinama" pos="X">Godinama</wf>
         <wf lemma="je" pos="X">je</wf>
         <instance id="d000.s1565.t000" lemma="obučavati" pos="VERB">obučavao</instance>
         <wf lemma="svog" pos="X">svog</wf>
         <wf lemma="sina" pos="X">sina</wf>
         <wf lemma="za" pos="X">za</wf>
         <wf lemma="direktora" pos="X">direktora</wf>
         <wf lemma="obiteljske" pos="X">obiteljske</wf>
         <wf lemma="tvrtke" pos="X">tvrtke</wf>
         <wf lemma="." pos="X">.</wf>
      </sentence>
      <sentence id="d000.s1566" source="wordnet-croatian">
         <wf lemma="Prometna" pos="X">Prometna</wf>
         <instance id="d000.s1566.t000" lemma="nepovezanost" pos="NOUN">nepovezanost</instance>
         <wf lemma="Hrvatske" pos="X">Hrvatske</wf>
         <wf lemma="izluđivala" pos="X">izluđivala</wf>
         <wf lemma="je" pos="X">je</wf>
         <wf lemma="brojne" pos="X">brojne</wf>
         <wf lemma="stanovnike" pos="X">stanovnike</wf>
         <wf lemma="." pos="X">.</wf>
      </sentence>
      <sentence id="d000.s1567" source="wordnet-croatian">
         <wf lemma="Para" pos="X">Para</wf>
         <wf lemma="je" pos="X">je</wf>
         <wf lemma="voda" pos="X">voda</wf>
         <wf lemma="u" pos="X">u</wf>
         <instance id="d000.s1567.t000" lemma="plinovit" pos="ADJ">plinovitom</instance>
         <wf lemma="stanju" pos="X">stanju</wf>
         <wf lemma="." pos="X">.</wf>
      </sentence>
      <sentence id="d000.s1568" source="wordnet-croatian">
         <wf lemma="Vrijeme" pos="X">Vrijeme</wf>
         <wf lemma="je" pos="X">je</wf>
         <instance id="d000.s1568.t000" lemma="postajati" pos="VERB">postajalo</instance>
         <wf lemma="sve" pos="X">sve</wf>
         <wf lemma="gore" pos="X">gore</wf>
         <wf lemma="." pos="X">.</wf>
      </sentence>
      <sentence id="d000.s1569" source="wordnet-croatian">
         <wf lemma="Veze" pos="X">Veze</wf>
         <wf lemma="na" pos="X">na</wf>
         <instance id="d000.s1569.t000" lemma="daljina" pos="NOUN">daljinu</instance>
         <wf lemma="teško" pos="X">teško</wf>
         <wf lemma="je" pos="X">je</wf>
         <wf lemma="održavati" pos="X">održavati</wf>
         <wf lemma="." pos="X">.</wf>
      </sentence>
      <sentence id="d000.s1570" source="wordnet-croatian">
         <wf lemma="Rukama" pos="X">Rukama</wf>
         <wf lemma="je" pos="X">je</wf>
         <wf lemma="cijelo" pos="X">cijelo</wf>
         <wf lemma="vrijeme" pos="X">vrijeme</wf>
         <wf lemma="izravnavala" pos="X">izravnavala</wf>
         <instance id="d000.s1570.t000" lemma="nabor" pos="NOUN">nabore</instance>
         <wf lemma="na" pos="X">na</wf>
         <wf lemma="stolnjaku" pos="X">stolnjaku</wf>
         <wf lemma="." pos="X">.</wf>
      </sentence>
      <sentence id="d000.s1571" source="wordnet-croatian">
         <wf lemma="Ta" pos="X">Ta</wf>
         <wf lemma="ideja" pos="X">ideja</wf>
         <wf lemma="je" pos="X">je</wf>
         <wf lemma="moje" pos="X">moje</wf>
         <wf lemma="intelektualno" pos="X">intelektualno</wf>
         <instance id="d000.s1571.t000" lemma="vlasništvo" pos="NOUN">vlasništvo</instance>
         <wf lemma="." pos="X">.</wf>
      </sentence>
      <sentence id="d000.s1572" source="wordnet-croatian">
         <wf lemma="Taj" pos="X">Taj</wf>
         <wf lemma="se" pos="X">se</wf>
         <wf lemma="glas" pos="X">glas</wf>
         <wf lemma="razlikuje" pos="X">razlikuje</wf>
         <wf lemma="po" pos="X">po</wf>
         <instance id="d000.s1572.t000" lemma="obilježje" pos="NOUN">obilježju</instance>
         <wf lemma="zvučnosti" pos="X">zvučnosti</wf>
         <wf lemma="." pos="X">.</wf>
      </sentence>
      <sentence id="d000.s1573" source="wordnet-croatian">
         <wf lemma="Možemo" pos="X">Možemo</wf>
         <wf lemma="li" pos="X">li</wf>
         <wf lemma="promijeniti" pos="X">promijeniti</wf>
         <instance id="d000.s1573.t000" lemma="tema" pos="NOUN">temu</instance>
         <wf lemma="?" pos="X">?</wf>
      </sentence>
      <sentence id="d000.s1574" source="wordnet-croatian">
         <wf lemma="Malu" pos="X">Malu</wf>
         <wf lemma="Anu" pos="X">Anu</wf>
         <wf lemma="oduševila" pos="X">oduševila</wf>
         <wf lemma="je" pos="X">je</wf>
         <wf lemma="priča" pos="X">priča</wf>
         <wf lemma="o" pos="X">o</wf>
         <instance id="d000.s1574.t000" lemma="rast" pos="NOUN">rastu</instance>
         <wf lemma="čudesnog" pos="X">čudesnog</wf>
         <wf lemma="graha" pos="X">graha</wf>
         <wf lemma="." pos="X">.</wf>
      </sentence>
      <sentence id="d000.s1575" source="wordnet-croatian">
         <wf lemma="U" pos="X">U</wf>
         <wf lemma="nedjelju" pos="X">nedjelju</wf>
         <wf lemma="održat" pos="X">održat</wf>
         <wf lemma="će" pos="X">će</wf>
         <wf lemma="se" pos="X">se</wf>
         <wf lemma="prigodna" pos="X">prigodna</wf>
         <instance id="d000.s1575.t000" lemma="priredba" pos="NOUN">priredba</instance>
         <wf lemma="u" pos="X">u</wf>
         <wf lemma="prostorijama" pos="X">prostorijama</wf>
         <wf lemma="škole" pos="X">škole</wf>
         <wf lemma="." pos="X">.</wf>
      </sentence>
      <sentence id="d000.s1576" source="wordnet-croatian">
         <wf lemma="Stara" pos="X">Stara</wf>
         <wf lemma="je" pos="X">je</wf>
         <wf lemma="gospođa" pos="X">gospođa</wf>
         <wf lemma="trebala" pos="X">trebala</wf>
         <wf lemma="svakodnevnu" pos="X">svakodnevnu</wf>
         <instance id="d000.s1576.t000" lemma="njega" pos="NOUN">njegu</instance>
         <wf lemma="." pos="X">.</wf>
      </sentence>
      <sentence id="d000.s1577" source="wordnet-croatian">
         <wf lemma="Od" pos="X">Od</wf>
         <wf lemma="malena" pos="X">malena</wf>
         <wf lemma="je" pos="X">je</wf>
         <wf lemma="svirao" pos="X">svirao</wf>
         <instance id="d000.s1577.t000" lemma="bubanj" pos="NOUN">bubnjeve</instance>
         <wf lemma="." pos="X">.</wf>
      </sentence>
      <sentence id="d000.s1578" source="wordnet-croatian">
         <wf lemma="Ni" pos="X">Ni</wf>
         <wf lemma="u" pos="X">u</wf>
         <wf lemma="najtežim" pos="X">najtežim</wf>
         <wf lemma="trenucima" pos="X">trenucima</wf>
         <wf lemma="nije" pos="X">nije</wf>
         <wf lemma="gubio" pos="X">gubio</wf>
         <instance id="d000.s1578.t000" lemma="nada" pos="NOUN">nadu</instance>
         <wf lemma="." pos="X">.</wf>
      </sentence>
      <sentence id="d000.s1579" source="wordnet-croatian">
         <wf lemma="Zagrli" pos="X">Zagrli</wf>
         <wf lemma="me" pos="X">me</wf>
         <wf lemma="kao" pos="X">kao</wf>
         <wf lemma="što" pos="X">što</wf>
         <wf lemma="me" pos="X">me</wf>
         <wf lemma="nikad" pos="X">nikad</wf>
         <wf lemma="nisi" pos="X">nisi</wf>
         <instance id="d000.s1579.t000" lemma="grliti" pos="VERB">grlila</instance>
         <wf lemma="." pos="X">.</wf>
      </sentence>
      <sentence id="d000.s1580" source="wordnet-croatian">
         <wf lemma="Kod" pos="X">Kod</wf>
         <wf lemma="zatvora" pos="X">zatvora</wf>
         <wf lemma="su" pos="X">su</wf>
         <instance id="d000.s1580.t000" lemma="pokret" pos="NOUN">pokreti</instance>
         <wf lemma="crijeva" pos="X">crijeva</wf>
         <wf lemma="vrlo" pos="X">vrlo</wf>
         <wf lemma="neredoviti" pos="X">neredoviti</wf>
         <wf lemma="." pos="X">.</wf>
      </sentence>
      <sentence id="d000.s1581" source="wordnet-croatian">
         <instance id="d000.s1581.t000" lemma="puhati" pos="VERB">Puhati</instance>
         <wf lemma="u" pos="X">u</wf>
         <wf lemma="trubu" pos="X">trubu</wf>
         <wf lemma="bilo" pos="X">bilo</wf>
         <wf lemma="mu" pos="X">mu</wf>
         <wf lemma="je" pos="X">je</wf>
         <wf lemma="najdraži" pos="X">najdraži</wf>
         <wf lemma="odmor" pos="X">odmor</wf>
         <wf lemma="." pos="X">.</wf>
      </sentence>
      <sentence id="d000.s1582" source="wordnet-croatian">
         <wf lemma="Djeca" pos="X">Djeca</wf>
         <wf lemma="moraju" pos="X">moraju</wf>
         <wf lemma="naučiti" pos="X">naučiti</wf>
         <instance id="d000.s1582.t000" lemma="razmišljati" pos="VERB">razmišljati</instance>
         <wf lemma="." pos="X">.</wf>
      </sentence>
      <sentence id="d000.s1583" source="wordnet-croatian">
         <wf lemma="Kolumbo" pos="X">Kolumbo</wf>
         <wf lemma="je" pos="X">je</wf>
         <instance id="d000.s1583.t000" lemma="otkriti" pos="VERB">otkrio</instance>
         <wf lemma="Ameriku" pos="X">Ameriku</wf>
         <wf lemma="." pos="X">.</wf>
      </sentence>
      <sentence id="d000.s1584" source="wordnet-croatian">
         <wf lemma="Ne" pos="X">Ne</wf>
         <wf lemma="može" pos="X">može</wf>
         <wf lemma="se" pos="X">se</wf>
         <wf lemma="u" pos="X">u</wf>
         <wf lemma="svemu" pos="X">svemu</wf>
         <wf lemma="tražiti" pos="X">tražiti</wf>
         <wf lemma="utjecaj" pos="X">utjecaj</wf>
         <instance id="d000.s1584.t000" lemma="ideologija" pos="NOUN">ideologije</instance>
         <wf lemma="." pos="X">.</wf>
      </sentence>
      <sentence id="d000.s1585" source="wordnet-croatian">
         <wf lemma="Nisam" pos="X">Nisam</wf>
         <wf lemma="mogao" pos="X">mogao</wf>
         <wf lemma="razumjeti" pos="X">razumjeti</wf>
         <instance id="d000.s1585.t000" lemma="motiv" pos="NOUN">motive</instance>
         <wf lemma="njegova" pos="X">njegova</wf>
         <wf lemma="ponašanja" pos="X">ponašanja</wf>
         <wf lemma="." pos="X">.</wf>
      </sentence>
      <sentence id="d000.s1586" source="wordnet-croatian">
         <wf lemma="U" pos="X">U</wf>
         <wf lemma="tvrtkama" pos="X">tvrtkama</wf>
         <wf lemma="je" pos="X">je</wf>
         <wf lemma="često" pos="X">često</wf>
         <instance id="d000.s1586.t000" lemma="nezakonit" pos="ADJ">nezakonito</instance>
         <wf lemma="zapošljavanje" pos="X">zapošljavanje</wf>
         <wf lemma="." pos="X">.</wf>
      </sentence>
      <sentence id="d000.s1587" source="wordnet-croatian">
         <wf lemma="Nakon" pos="X">Nakon</wf>
         <wf lemma="njegove" pos="X">njegove</wf>
         <wf lemma="pobjede" pos="X">pobjede</wf>
         <instance id="d000.s1587.t000" lemma="padati" pos="VERB">padale</instance>
         <wf lemma="su" pos="X">su</wf>
         <wf lemma="glave" pos="X">glave</wf>
         <wf lemma="njegovih" pos="X">njegovih</wf>
         <wf lemma="protivnika" pos="X">protivnika</wf>
         <wf lemma="." pos="X">.</wf>
      </sentence>
      <sentence id="d000.s1588" source="wordnet-croatian">
         <wf lemma="Tijekom" pos="X">Tijekom</wf>
         <wf lemma="razgovora" pos="X">razgovora</wf>
         <instance id="d000.s1588.t000" lemma="iskrsnuti" pos="VERB">iskrsnule</instance>
         <wf lemma="su" pos="X">su</wf>
         <wf lemma="nepremostive" pos="X">nepremostive</wf>
         <wf lemma="razlike" pos="X">razlike</wf>
         <wf lemma="u" pos="X">u</wf>
         <wf lemma="stavovima" pos="X">stavovima</wf>
         <wf lemma="." pos="X">.</wf>
      </sentence>
      <sentence id="d000.s1589" source="wordnet-croatian">
         <wf lemma="U" pos="X">U</wf>
         <instance id="d000.s1589.t000" lemma="sudar" pos="NOUN">sudaru</instance>
         <wf lemma="s" pos="X">s</wf>
         <wf lemma="protivnikovim" pos="X">protivnikovim</wf>
         <wf lemma="tijelom" pos="X">tijelom</wf>
         <wf lemma="ozlijedio" pos="X">ozlijedio</wf>
         <wf lemma="je" pos="X">je</wf>
         <wf lemma="ruku" pos="X">ruku</wf>
         <wf lemma="." pos="X">.</wf>
      </sentence>
      <sentence id="d000.s1590" source="wordnet-croatian">
         <wf lemma="Neorganski" pos="X">Neorganski</wf>
         <wf lemma="je" pos="X">je</wf>
         <wf lemma="svijet" pos="X">svijet</wf>
         <instance id="d000.s1590.t000" lemma="neživ" pos="ADJ">neživ</instance>
         <wf lemma="." pos="X">.</wf>
      </sentence>
      <sentence id="d000.s1591" source="wordnet-croatian">
         <wf lemma="Ivana" pos="X">Ivana</wf>
         <wf lemma="su" pos="X">su</wf>
         <instance id="d000.s1591.t000" lemma="promovirati" pos="VERB">promovirali</instance>
         <wf lemma="na" pos="X">na</wf>
         <wf lemma="mjesto" pos="X">mjesto</wf>
         <wf lemma="potpredsjednika" pos="X">potpredsjednika</wf>
         <wf lemma="tvrtke" pos="X">tvrtke</wf>
         <wf lemma="." pos="X">.</wf>
      </sentence>
      <sentence id="d000.s1592" source="wordnet-croatian">
         <wf lemma="Svirala" pos="X">Svirala</wf>
         <wf lemma="je" pos="X">je</wf>
         <instance id="d000.s1592.t000" lemma="čelo" pos="NOUN">čelo</instance>
         <wf lemma="s" pos="X">s</wf>
         <wf lemma="luđačkim" pos="X">luđačkim</wf>
         <wf lemma="zanosom" pos="X">zanosom</wf>
         <wf lemma="." pos="X">.</wf>
      </sentence>
      <sentence id="d000.s1593" source="wordnet-croatian">
         <wf lemma="Mario" pos="X">Mario</wf>
         <wf lemma="Ančić" pos="X">Ančić</wf>
         <wf lemma="pomeo" pos="X">pomeo</wf>
         <wf lemma="je" pos="X">je</wf>
         <instance id="d000.s1593.t000" lemma="konkurencija" pos="NOUN">konkurenciju</instance>
         <wf lemma="na" pos="X">na</wf>
         <wf lemma="Davis" pos="X">Davis</wf>
         <wf lemma="Cupu" pos="X">Cupu</wf>
         <wf lemma="." pos="X">.</wf>
      </sentence>
      <sentence id="d000.s1594" source="wordnet-croatian">
         <instance id="d000.s1594.t000" lemma="jestivost" pos="NOUN">Jestivost</instance>
         <wf lemma="nekih" pos="X">nekih</wf>
         <wf lemma="gljiva" pos="X">gljiva</wf>
         <wf lemma="još" pos="X">još</wf>
         <wf lemma="je" pos="X">je</wf>
         <wf lemma="uvijek" pos="X">uvijek</wf>
         <wf lemma="upitna" pos="X">upitna</wf>
         <wf lemma="." pos="X">.</wf>
      </sentence>
      <sentence id="d000.s1595" source="wordnet-croatian">
         <instance id="d000.s1595.t000" lemma="plaćanje" pos="NOUN">Plaćanje</instance>
         <wf lemma="računa" pos="X">računa</wf>
         <wf lemma="svaki" pos="X">svaki</wf>
         <wf lemma="mi" pos="X">mi</wf>
         <wf lemma="mjesec" pos="X">mjesec</wf>
         <wf lemma="oduzme" pos="X">oduzme</wf>
         <wf lemma="većinu" pos="X">većinu</wf>
         <wf lemma="plaće" pos="X">plaće</wf>
         <wf lemma="." pos="X">.</wf>
      </sentence>
      <sentence id="d000.s1596" source="wordnet-croatian">
         <wf lemma="Morala" pos="X">Morala</wf>
         <wf lemma="sam" pos="X">sam</wf>
         <instance id="d000.s1596.t000" lemma="čekati" pos="VERB">čekati</instance>
         <wf lemma="u" pos="X">u</wf>
         <wf lemma="redu" pos="X">redu</wf>
         <wf lemma="dva" pos="X">dva</wf>
         <wf lemma="sata" pos="X">sata</wf>
         <wf lemma="da" pos="X">da</wf>
         <wf lemma="kupim" pos="X">kupim</wf>
         <wf lemma="karte" pos="X">karte</wf>
         <wf lemma="za" pos="X">za</wf>
         <wf lemma="koncert" pos="X">koncert</wf>
         <wf lemma="." pos="X">.</wf>
      </sentence>
      <sentence id="d000.s1597" source="wordnet-croatian">
         <wf lemma="Ljepše" pos="X">Ljepše</wf>
         <wf lemma="mi" pos="X">mi</wf>
         <wf lemma="je" pos="X">je</wf>
         <wf lemma="živjeti" pos="X">živjeti</wf>
         <wf lemma="u" pos="X">u</wf>
         <wf lemma="kući" pos="X">kući</wf>
         <wf lemma="nego" pos="X">nego</wf>
         <wf lemma="u" pos="X">u</wf>
         <instance id="d000.s1597.t000" lemma="zgrada" pos="NOUN">zgradi</instance>
         <wf lemma="." pos="X">.</wf>
      </sentence>
      <sentence id="d000.s1598" source="wordnet-croatian">
         <wf lemma="U" pos="X">U</wf>
         <wf lemma="drugoj" pos="X">drugoj</wf>
         <wf lemma="bi" pos="X">bi</wf>
         <instance id="d000.s1598.t000" lemma="varijanta" pos="NOUN">varijanti</instance>
         <wf lemma="priča" pos="X">priča</wf>
         <wf lemma="imala" pos="X">imala</wf>
         <wf lemma="sretan" pos="X">sretan</wf>
         <wf lemma="kraj" pos="X">kraj</wf>
         <wf lemma="." pos="X">.</wf>
      </sentence>
      <sentence id="d000.s1599" source="wordnet-croatian">
         <wf lemma="Fotografska" pos="X">Fotografska</wf>
         <instance id="d000.s1599.t000" lemma="ploča" pos="NOUN">ploča</instance>
         <wf lemma="upotrebljava" pos="X">upotrebljava</wf>
         <wf lemma="se" pos="X">se</wf>
         <wf lemma="za" pos="X">za</wf>
         <wf lemma="slikanje" pos="X">slikanje</wf>
         <wf lemma="ljudskoga" pos="X">ljudskoga</wf>
         <wf lemma="tijela" pos="X">tijela</wf>
         <wf lemma="rendgenskim" pos="X">rendgenskim</wf>
         <wf lemma="zračenjem" pos="X">zračenjem</wf>
         <wf lemma="." pos="X">.</wf>
      </sentence>
      <sentence id="d000.s1600" source="wordnet-croatian">
         <wf lemma="Novi" pos="X">Novi</wf>
         <wf lemma="uređaj" pos="X">uređaj</wf>
         <wf lemma="omogućit" pos="X">omogućit</wf>
         <wf lemma="će" pos="X">će</wf>
         <wf lemma="nam" pos="X">nam</wf>
         <wf lemma="lakše" pos="X">lakše</wf>
         <instance id="d000.s1600.t000" lemma="dijagnosticiranje" pos="NOUN">dijagnosticiranje</instance>
         <wf lemma="bolesti" pos="X">bolesti</wf>
         <wf lemma="jetre" pos="X">jetre</wf>
         <wf lemma="." pos="X">.</wf>
      </sentence>
      <sentence id="d000.s1601" source="wordnet-croatian">
         <instance id="d000.s1601.t000" lemma="popis" pos="NOUN">Popis</instance>
         <wf lemma="učenika" pos="X">učenika</wf>
         <wf lemma="koji" pos="X">koji</wf>
         <wf lemma="ste" pos="X">ste</wf>
         <wf lemma="predali" pos="X">predali</wf>
         <wf lemma="nije" pos="X">nije</wf>
         <wf lemma="potpun" pos="X">potpun</wf>
         <wf lemma="." pos="X">.</wf>
      </sentence>
      <sentence id="d000.s1602" source="wordnet-croatian">
         <wf lemma="Bacio" pos="X">Bacio</wf>
         <wf lemma="je" pos="X">je</wf>
         <wf lemma="smeće" pos="X">smeće</wf>
         <wf lemma="u" pos="X">u</wf>
         <instance id="d000.s1602.t000" lemma="kanta" pos="NOUN">kantu</instance>
         <wf lemma="ispred" pos="X">ispred</wf>
         <wf lemma="kuće" pos="X">kuće</wf>
         <wf lemma="." pos="X">.</wf>
      </sentence>
      <sentence id="d000.s1603" source="wordnet-croatian">
         <wf lemma="Ne" pos="X">Ne</wf>
         <wf lemma="mogu" pos="X">mogu</wf>
         <instance id="d000.s1603.t000" lemma="prihvatiti" pos="VERB">prihvatiti</instance>
         <wf lemma="tvoj" pos="X">tvoj</wf>
         <wf lemma="novac" pos="X">novac</wf>
         <wf lemma="." pos="X">.</wf>
      </sentence>
      <sentence id="d000.s1604" source="wordnet-croatian">
         <wf lemma="Princ" pos="X">Princ</wf>
         <wf lemma="se" pos="X">se</wf>
         <wf lemma="zahvalio" pos="X">zahvalio</wf>
         <wf lemma="talijanskoj" pos="X">talijanskoj</wf>
         <wf lemma="vladi" pos="X">vladi</wf>
         <wf lemma="na" pos="X">na</wf>
         <wf lemma="odluci" pos="X">odluci</wf>
         <wf lemma="da" pos="X">da</wf>
         <wf lemma="pošalje" pos="X">pošalje</wf>
         <wf lemma="veleposlanika" pos="X">veleposlanika</wf>
         <wf lemma="na" pos="X">na</wf>
         <instance id="d000.s1604.t000" lemma="sprovod" pos="NOUN">sprovod</instance>
         <wf lemma="." pos="X">.</wf>
      </sentence>
      <sentence id="d000.s1605" source="wordnet-croatian">
         <wf lemma="Šutljivost" pos="X">Šutljivost</wf>
         <wf lemma="je" pos="X">je</wf>
         <wf lemma="bila" pos="X">bila</wf>
         <wf lemma="velik" pos="X">velik</wf>
         <instance id="d000.s1605.t000" lemma="nedostatak" pos="NOUN">nedostatak</instance>
         <wf lemma="u" pos="X">u</wf>
         <wf lemma="njegovu" pos="X">njegovu</wf>
         <wf lemma="poslu" pos="X">poslu</wf>
         <wf lemma="." pos="X">.</wf>
      </sentence>
      <sentence id="d000.s1606" source="wordnet-croatian">
         <instance id="d000.s1606.t000" lemma="pravednost" pos="NOUN">Pravednost</instance>
         <wf lemma="sudskoga" pos="X">sudskoga</wf>
         <wf lemma="postupka" pos="X">postupka</wf>
         <wf lemma="nužna" pos="X">nužna</wf>
         <wf lemma="je" pos="X">je</wf>
         <wf lemma="u" pos="X">u</wf>
         <wf lemma="društvu" pos="X">društvu</wf>
         <wf lemma="koje" pos="X">koje</wf>
         <wf lemma="sebe" pos="X">sebe</wf>
         <wf lemma="smatra" pos="X">smatra</wf>
         <wf lemma="demokratskim" pos="X">demokratskim</wf>
         <wf lemma="." pos="X">.</wf>
      </sentence>
      <sentence id="d000.s1607" source="wordnet-croatian">
         <wf lemma="Pošli" pos="X">Pošli</wf>
         <wf lemma="smo" pos="X">smo</wf>
         <wf lemma="na" pos="X">na</wf>
         <wf lemma="izlet" pos="X">izlet</wf>
         <wf lemma="do" pos="X">do</wf>
         <instance id="d000.s1607.t000" lemma="obližnji" pos="ADJ">obližnjeg</instance>
         <wf lemma="dvorca" pos="X">dvorca</wf>
         <wf lemma="." pos="X">.</wf>
      </sentence>
      <sentence id="d000.s1608" source="wordnet-croatian">
         <wf lemma="Treba" pos="X">Treba</wf>
         <wf lemma="se" pos="X">se</wf>
         <wf lemma="još" pos="X">još</wf>
         <wf lemma="izvesti" pos="X">izvesti</wf>
         <instance id="d000.s1608.t000" lemma="delimitacija" pos="NOUN">delimitacija</instance>
         <wf lemma="Hrvatske" pos="X">Hrvatske</wf>
         <wf lemma="sa" pos="X">sa</wf>
         <wf lemma="Slovenijom" pos="X">Slovenijom</wf>
         <wf lemma="." pos="X">.</wf>
      </sentence>
      <sentence id="d000.s1609" source="wordnet-croatian">
         <wf lemma="Moja" pos="X">Moja</wf>
         <wf lemma="obitelj" pos="X">obitelj</wf>
         <wf lemma="voli" pos="X">voli</wf>
         <instance id="d000.s1609.t000" lemma="putovanje" pos="NOUN">putovanja</instance>
         <wf lemma="u" pos="X">u</wf>
         <wf lemma="daleke" pos="X">daleke</wf>
         <wf lemma="zemlje" pos="X">zemlje</wf>
         <wf lemma="." pos="X">.</wf>
      </sentence>
      <sentence id="d000.s1610" source="wordnet-croatian">
         <wf lemma="Uvijek" pos="X">Uvijek</wf>
         <wf lemma="je" pos="X">je</wf>
         <wf lemma="morao" pos="X">morao</wf>
         <wf lemma="nositi" pos="X">nositi</wf>
         <wf lemma="remen" pos="X">remen</wf>
         <wf lemma="ili" pos="X">ili</wf>
         <instance id="d000.s1610.t000" lemma="naramenica" pos="NOUN">naramenice</instance>
         <wf lemma="da" pos="X">da</wf>
         <wf lemma="mu" pos="X">mu</wf>
         <wf lemma="hlače" pos="X">hlače</wf>
         <wf lemma="ne" pos="X">ne</wf>
         <wf lemma="bi" pos="X">bi</wf>
         <wf lemma="spadale" pos="X">spadale</wf>
         <wf lemma="." pos="X">.</wf>
      </sentence>
      <sentence id="d000.s1611" source="wordnet-croatian">
         <instance id="d000.s1611.t000" lemma="vjenčati" pos="VERB">Vjenčao</instance>
         <wf lemma="nas" pos="X">nas</wf>
         <wf lemma="je" pos="X">je</wf>
         <wf lemma="svećenik" pos="X">svećenik</wf>
         <wf lemma="koji" pos="X">koji</wf>
         <wf lemma="je" pos="X">je</wf>
         <wf lemma="dugogodišnji" pos="X">dugogodišnji</wf>
         <wf lemma="prijatelj" pos="X">prijatelj</wf>
         <wf lemma="moje" pos="X">moje</wf>
         <wf lemma="obitelji" pos="X">obitelji</wf>
         <wf lemma="." pos="X">.</wf>
      </sentence>
      <sentence id="d000.s1612" source="wordnet-croatian">
         <instance id="d000.s1612.t000" lemma="odobravati" pos="VERB">Odobravamo</instance>
         <wf lemma="zakon" pos="X">zakon</wf>
         <wf lemma="o" pos="X">o</wf>
         <wf lemma="ekološkom" pos="X">ekološkom</wf>
         <wf lemma="zbrinjavanju" pos="X">zbrinjavanju</wf>
         <wf lemma="otpada" pos="X">otpada</wf>
         <wf lemma="." pos="X">.</wf>
      </sentence>
      <sentence id="d000.s1613" source="wordnet-croatian">
         <wf lemma="Ispričao" pos="X">Ispričao</wf>
         <wf lemma="se" pos="X">se</wf>
         <wf lemma="zbog" pos="X">zbog</wf>
         <wf lemma="ružnih" pos="X">ružnih</wf>
         <wf lemma="riječi" pos="X">riječi</wf>
         <wf lemma="koje" pos="X">koje</wf>
         <wf lemma="joj" pos="X">joj</wf>
         <wf lemma="je" pos="X">je</wf>
         <wf lemma="u" pos="X">u</wf>
         <instance id="d000.s1613.t000" lemma="afekt" pos="NOUN">afektu</instance>
         <wf lemma="izrekao" pos="X">izrekao</wf>
         <wf lemma="." pos="X">.</wf>
      </sentence>
      <sentence id="d000.s1614" source="wordnet-croatian">
         <wf lemma="Zatvorenik" pos="X">Zatvorenik</wf>
         <wf lemma="je" pos="X">je</wf>
         <wf lemma="nakon" pos="X">nakon</wf>
         <wf lemma="dugog" pos="X">dugog</wf>
         <wf lemma="niza" pos="X">niza</wf>
         <wf lemma="godina" pos="X">godina</wf>
         <wf lemma="dobio" pos="X">dobio</wf>
         <instance id="d000.s1614.t000" lemma="pomilovanje" pos="NOUN">pomilovanje</instance>
         <wf lemma="i" pos="X">i</wf>
         <wf lemma="vratio" pos="X">vratio</wf>
         <wf lemma="se" pos="X">se</wf>
         <wf lemma="kući" pos="X">kući</wf>
         <wf lemma="." pos="X">.</wf>
      </sentence>
      <sentence id="d000.s1615" source="wordnet-croatian">
         <wf lemma="Novinari" pos="X">Novinari</wf>
         <wf lemma="su" pos="X">su</wf>
         <wf lemma="okružili" pos="X">okružili</wf>
         <instance id="d000.s1615.t000" lemma="ustanova" pos="NOUN">ustanovu</instance>
         <wf lemma="i" pos="X">i</wf>
         <wf lemma="tražili" pos="X">tražili</wf>
         <wf lemma="da" pos="X">da</wf>
         <wf lemma="im" pos="X">im</wf>
         <wf lemma="djelatnici" pos="X">djelatnici</wf>
         <wf lemma="odgovore" pos="X">odgovore</wf>
         <wf lemma="na" pos="X">na</wf>
         <wf lemma="postavljena" pos="X">postavljena</wf>
         <wf lemma="pitanja" pos="X">pitanja</wf>
         <wf lemma="." pos="X">.</wf>
      </sentence>
      <sentence id="d000.s1616" source="wordnet-croatian">
         <wf lemma="Oluja" pos="X">Oluja</wf>
         <wf lemma="je" pos="X">je</wf>
         <wf lemma="postupno" pos="X">postupno</wf>
         <instance id="d000.s1616.t000" lemma="jenjavati" pos="VERB">jenjavala</instance>
         <wf lemma="." pos="X">.</wf>
      </sentence>
      <sentence id="d000.s1617" source="wordnet-croatian">
         <wf lemma="Još" pos="X">Još</wf>
         <wf lemma="uvijek" pos="X">uvijek</wf>
         <wf lemma="se" pos="X">se</wf>
         <wf lemma="ponaša" pos="X">ponaša</wf>
         <wf lemma="kao" pos="X">kao</wf>
         <instance id="d000.s1617.t000" lemma="neodgovoran" pos="ADJ">neodgovorno</instance>
         <wf lemma="dijete" pos="X">dijete</wf>
         <wf lemma="," pos="X">,</wf>
         <wf lemma="iako" pos="X">iako</wf>
         <wf lemma="ima" pos="X">ima</wf>
         <wf lemma="30" pos="X">30</wf>
         <wf lemma="godina" pos="X">godina</wf>
         <wf lemma="." pos="X">.</wf>
      </sentence>
      <sentence id="d000.s1618" source="wordnet-croatian">
         <wf lemma="U" pos="X">U</wf>
         <wf lemma="sklopu" pos="X">sklopu</wf>
         <wf lemma="mojeg" pos="X">mojeg</wf>
         <wf lemma="omiljenog" pos="X">omiljenog</wf>
         <instance id="d000.s1618.t000" lemma="supermarket" pos="NOUN">supermarketa</instance>
         <wf lemma="otvorila" pos="X">otvorila</wf>
         <wf lemma="se" pos="X">se</wf>
         <wf lemma="i" pos="X">i</wf>
         <wf lemma="mesnica" pos="X">mesnica</wf>
         <wf lemma="." pos="X">.</wf>
      </sentence>
      <sentence id="d000.s1619" source="wordnet-croatian">
         <wf lemma="Šestarom" pos="X">Šestarom</wf>
         <wf lemma="je" pos="X">je</wf>
         <wf lemma="nacrtao" pos="X">nacrtao</wf>
         <instance id="d000.s1619.t000" lemma="luk" pos="NOUN">luk</instance>
         <wf lemma="nad" pos="X">nad</wf>
         <wf lemma="pravcem" pos="X">pravcem</wf>
         <wf lemma="." pos="X">.</wf>
      </sentence>
      <sentence id="d000.s1620" source="wordnet-croatian">
         <wf lemma="Jučer" pos="X">Jučer</wf>
         <wf lemma="je" pos="X">je</wf>
         <wf lemma="otišla" pos="X">otišla</wf>
         <wf lemma="u" pos="X">u</wf>
         <wf lemma="bolnicu" pos="X">bolnicu</wf>
         <wf lemma="da" pos="X">da</wf>
         <wf lemma="joj" pos="X">joj</wf>
         <wf lemma="pogledaju" pos="X">pogledaju</wf>
         <instance id="d000.s1620.t000" lemma="kvržica" pos="NOUN">kvržice</instance>
         <wf lemma="na" pos="X">na</wf>
         <wf lemma="vratu" pos="X">vratu</wf>
         <wf lemma="." pos="X">.</wf>
      </sentence>
      <sentence id="d000.s1621" source="wordnet-croatian">
         <wf lemma="Ako" pos="X">Ako</wf>
         <wf lemma="će" pos="X">će</wf>
         <wf lemma="se" pos="X">se</wf>
         <wf lemma="sve" pos="X">sve</wf>
         <wf lemma="odvijati" pos="X">odvijati</wf>
         <wf lemma="prema" pos="X">prema</wf>
         <instance id="d000.s1621.t000" lemma="plan" pos="NOUN">planu</instance>
         <wf lemma="," pos="X">,</wf>
         <wf lemma="projekt" pos="X">projekt</wf>
         <wf lemma="će" pos="X">će</wf>
         <wf lemma="biti" pos="X">biti</wf>
         <wf lemma="dovršen" pos="X">dovršen</wf>
         <wf lemma="na" pos="X">na</wf>
         <wf lemma="vrijeme" pos="X">vrijeme</wf>
         <wf lemma="." pos="X">.</wf>
      </sentence>
      <sentence id="d000.s1622" source="wordnet-croatian">
         <instance id="d000.s1622.t000" lemma="ženidba" pos="NOUN">Ženidba</instance>
         <wf lemma="me" pos="X">me</wf>
         <wf lemma="je" pos="X">je</wf>
         <wf lemma="skupo" pos="X">skupo</wf>
         <wf lemma="stajala" pos="X">stajala</wf>
         <wf lemma="." pos="X">.</wf>
      </sentence>
      <sentence id="d000.s1623" source="wordnet-croatian">
         <wf lemma="Nikada" pos="X">Nikada</wf>
         <wf lemma="nije" pos="X">nije</wf>
         <wf lemma="kod" pos="X">kod</wf>
         <wf lemma="sebe" pos="X">sebe</wf>
         <wf lemma="imao" pos="X">imao</wf>
         <wf lemma="mnogo" pos="X">mnogo</wf>
         <instance id="d000.s1623.t000" lemma="gotovina" pos="NOUN">gotovine</instance>
         <wf lemma="," pos="X">,</wf>
         <wf lemma="više" pos="X">više</wf>
         <wf lemma="je" pos="X">je</wf>
         <wf lemma="volio" pos="X">volio</wf>
         <wf lemma="plaćati" pos="X">plaćati</wf>
         <wf lemma="karticama" pos="X">karticama</wf>
         <wf lemma="." pos="X">.</wf>
      </sentence>
      <sentence id="d000.s1624" source="wordnet-croatian">
         <wf lemma="Sapunska" pos="X">Sapunska</wf>
         <instance id="d000.s1624.t000" lemma="baza" pos="NOUN">baza</instance>
         <wf lemma="može" pos="X">može</wf>
         <wf lemma="se" pos="X">se</wf>
         <wf lemma="nabaviti" pos="X">nabaviti</wf>
         <wf lemma="u" pos="X">u</wf>
         <wf lemma="slobodnoj" pos="X">slobodnoj</wf>
         <wf lemma="prodaji" pos="X">prodaji</wf>
         <wf lemma="." pos="X">.</wf>
      </sentence>
      <sentence id="d000.s1625" source="wordnet-croatian">
         <wf lemma="Ona" pos="X">Ona</wf>
         <wf lemma="je" pos="X">je</wf>
         <wf lemma="sama" pos="X">sama</wf>
         <instance id="d000.s1625.t000" lemma="uzdržavati" pos="VERB">uzdržavala</instance>
         <wf lemma="cijelu" pos="X">cijelu</wf>
         <wf lemma="obitelj" pos="X">obitelj</wf>
         <wf lemma="." pos="X">.</wf>
      </sentence>
      <sentence id="d000.s1626" source="wordnet-croatian">
         <wf lemma="Bila" pos="X">Bila</wf>
         <wf lemma="je" pos="X">je</wf>
         <wf lemma="to" pos="X">to</wf>
         <wf lemma="grupa" pos="X">grupa</wf>
         <wf lemma="međusobno" pos="X">međusobno</wf>
         <instance id="d000.s1626.t000" lemma="različit" pos="ADJ">različitih</instance>
         <wf lemma="ljudi" pos="X">ljudi</wf>
         <wf lemma="." pos="X">.</wf>
      </sentence>
      <sentence id="d000.s1627" source="wordnet-croatian">
         <wf lemma="Promatrala" pos="X">Promatrala</wf>
         <wf lemma="je" pos="X">je</wf>
         <instance id="d000.s1627.t000" lemma="dioba" pos="NOUN">diobu</instance>
         <wf lemma="stanica" pos="X">stanica</wf>
         <wf lemma="mikroskopom" pos="X">mikroskopom</wf>
         <wf lemma="." pos="X">.</wf>
      </sentence>
      <sentence id="d000.s1628" source="wordnet-croatian">
         <wf lemma="Školska" pos="X">Školska</wf>
         <instance id="d000.s1628.t000" lemma="godina" pos="NOUN">godina</instance>
         <wf lemma="traje" pos="X">traje</wf>
         <wf lemma="od" pos="X">od</wf>
         <wf lemma="jeseni" pos="X">jeseni</wf>
         <wf lemma="do" pos="X">do</wf>
         <wf lemma="ljeta" pos="X">ljeta</wf>
         <wf lemma="." pos="X">.</wf>
      </sentence>
      <sentence id="d000.s1629" source="wordnet-croatian">
         <instance id="d000.s1629.t000" lemma="klavir" pos="NOUN">Klavir</instance>
         <wf lemma="je" pos="X">je</wf>
         <wf lemma="prvo" pos="X">prvo</wf>
         <wf lemma="trebalo" pos="X">trebalo</wf>
         <wf lemma="dobro" pos="X">dobro</wf>
         <wf lemma="uštimati" pos="X">uštimati</wf>
         <wf lemma="." pos="X">.</wf>
      </sentence>
      <sentence id="d000.s1630" source="wordnet-croatian">
         <wf lemma="Imala" pos="X">Imala</wf>
         <wf lemma="je" pos="X">je</wf>
         <instance id="d000.s1630.t000" lemma="običan" pos="ADJ">običnu</instance>
         <wf lemma="domaću" pos="X">domaću</wf>
         <wf lemma="mačku" pos="X">mačku</wf>
         <wf lemma="." pos="X">.</wf>
      </sentence>
      <sentence id="d000.s1631" source="wordnet-croatian">
         <wf lemma="Sava" pos="X">Sava</wf>
         <instance id="d000.s1631.t000" lemma="utjecati" pos="VERB">utječe</instance>
         <wf lemma="u" pos="X">u</wf>
         <wf lemma="Dunav" pos="X">Dunav</wf>
         <wf lemma="." pos="X">.</wf>
      </sentence>
      <sentence id="d000.s1632" source="wordnet-croatian">
         <wf lemma="Naporno" pos="X">Naporno</wf>
         <wf lemma="su" pos="X">su</wf>
         <wf lemma="radili" pos="X">radili</wf>
         <wf lemma="da" pos="X">da</wf>
         <wf lemma="bi" pos="X">bi</wf>
         <wf lemma="povezali" pos="X">povezali</wf>
         <wf lemma="sijeno" pos="X">sijeno</wf>
         <wf lemma="u" pos="X">u</wf>
         <instance id="d000.s1632.t000" lemma="snop" pos="NOUN">snopove</instance>
         <wf lemma="." pos="X">.</wf>
      </sentence>
      <sentence id="d000.s1633" source="wordnet-croatian">
         <wf lemma="Svi" pos="X">Svi</wf>
         <wf lemma="u" pos="X">u</wf>
         <wf lemma="selu" pos="X">selu</wf>
         <wf lemma="nosili" pos="X">nosili</wf>
         <wf lemma="su" pos="X">su</wf>
         <wf lemma="mu" pos="X">mu</wf>
         <instance id="d000.s1633.t000" lemma="mreža" pos="NOUN">mreže</instance>
         <wf lemma="na" pos="X">na</wf>
         <wf lemma="krpanje" pos="X">krpanje</wf>
         <wf lemma="." pos="X">.</wf>
      </sentence>
      <sentence id="d000.s1634" source="wordnet-croatian">
         <wf lemma="Prelazila" pos="X">Prelazila</wf>
         <wf lemma="je" pos="X">je</wf>
         <wf lemma="rukom" pos="X">rukom</wf>
         <wf lemma="preko" pos="X">preko</wf>
         <instance id="d000.s1634.t000" lemma="nabor" pos="NOUN">nabora</instance>
         <wf lemma="na" pos="X">na</wf>
         <wf lemma="njegovu" pos="X">njegovu</wf>
         <wf lemma="vratu" pos="X">vratu</wf>
         <wf lemma="." pos="X">.</wf>
      </sentence>
      <sentence id="d000.s1635" source="wordnet-croatian">
         <wf lemma="Stolovi" pos="X">Stolovi</wf>
         <wf lemma="u" pos="X">u</wf>
         <wf lemma="kafićima" pos="X">kafićima</wf>
         <wf lemma="obično" pos="X">obično</wf>
         <wf lemma="imaju" pos="X">imaju</wf>
         <wf lemma="jednu" pos="X">jednu</wf>
         <instance id="d000.s1635.t000" lemma="noga" pos="NOUN">nogu</instance>
         <wf lemma="." pos="X">.</wf>
      </sentence>
      <sentence id="d000.s1636" source="wordnet-croatian">
         <instance id="d000.s1636.t000" lemma="konvencionalnost" pos="NOUN">Konvencionalnost</instance>
         <wf lemma="za" pos="X">za</wf>
         <wf lemma="nju" pos="X">nju</wf>
         <wf lemma="nikada" pos="X">nikada</wf>
         <wf lemma="nije" pos="X">nije</wf>
         <wf lemma="bila" pos="X">bila</wf>
         <wf lemma="opcija" pos="X">opcija</wf>
         <wf lemma="." pos="X">.</wf>
      </sentence>
      <sentence id="d000.s1637" source="wordnet-croatian">
         <wf lemma="Smetala" pos="X">Smetala</wf>
         <wf lemma="mu" pos="X">mu</wf>
         <wf lemma="je" pos="X">je</wf>
         <instance id="d000.s1637.t000" lemma="istovrsnost" pos="NOUN">istovrsnost</instance>
         <wf lemma="motiva" pos="X">motiva</wf>
         <wf lemma="na" pos="X">na</wf>
         <wf lemma="svim" pos="X">svim</wf>
         <wf lemma="njegovim" pos="X">njegovim</wf>
         <wf lemma="slikama" pos="X">slikama</wf>
         <wf lemma="." pos="X">.</wf>
      </sentence>
      <sentence id="d000.s1638" source="wordnet-croatian">
         <instance id="d000.s1638.t000" lemma="eksterijer" pos="NOUN">Eksterijer</instance>
         <wf lemma="kuće" pos="X">kuće</wf>
         <wf lemma="bio" pos="X">bio</wf>
         <wf lemma="je" pos="X">je</wf>
         <wf lemma="krajnje" pos="X">krajnje</wf>
         <wf lemma="zapušten" pos="X">zapušten</wf>
         <wf lemma="." pos="X">.</wf>
      </sentence>
      <sentence id="d000.s1639" source="wordnet-croatian">
         <wf lemma="Ovaj" pos="X">Ovaj</wf>
         <wf lemma="je" pos="X">je</wf>
         <wf lemma="namještaj" pos="X">namještaj</wf>
         <wf lemma="tako" pos="X">tako</wf>
         <instance id="d000.s1639.t000" lemma="ružan" pos="ADJ">ružan</instance>
         <wf lemma="!" pos="X">!</wf>
      </sentence>
      <sentence id="d000.s1640" source="wordnet-croatian">
         <wf lemma="Svi" pos="X">Svi</wf>
         <instance id="d000.s1640.t000" lemma="natjecatelj" pos="NOUN">natjecatelji</instance>
         <wf lemma="ove" pos="X">ove</wf>
         <wf lemma="utrke" pos="X">utrke</wf>
         <wf lemma="okupili" pos="X">okupili</wf>
         <wf lemma="su" pos="X">su</wf>
         <wf lemma="se" pos="X">se</wf>
         <wf lemma="na" pos="X">na</wf>
         <wf lemma="startnoj" pos="X">startnoj</wf>
         <wf lemma="liniji" pos="X">liniji</wf>
         <wf lemma="." pos="X">.</wf>
      </sentence>
      <sentence id="d000.s1641" source="wordnet-croatian">
         <wf lemma="Njemu" pos="X">Njemu</wf>
         <wf lemma="treba" pos="X">treba</wf>
         <wf lemma="zahvaliti" pos="X">zahvaliti</wf>
         <wf lemma="za" pos="X">za</wf>
         <instance id="d000.s1641.t000" lemma="početak" pos="NOUN">početak</instance>
         <wf lemma="reformi" pos="X">reformi</wf>
         <wf lemma="u" pos="X">u</wf>
         <wf lemma="visokom" pos="X">visokom</wf>
         <wf lemma="obrazovanju" pos="X">obrazovanju</wf>
         <wf lemma="." pos="X">.</wf>
      </sentence>
      <sentence id="d000.s1642" source="wordnet-croatian">
         <wf lemma="Stavljanjem" pos="X">Stavljanjem</wf>
         <instance id="d000.s1642.t000" lemma="kvasac" pos="NOUN">kvasca</instance>
         <wf lemma="u" pos="X">u</wf>
         <wf lemma="smjesu" pos="X">smjesu</wf>
         <wf lemma="brašna" pos="X">brašna</wf>
         <wf lemma="i" pos="X">i</wf>
         <wf lemma="vode" pos="X">vode</wf>
         <wf lemma="dobivamo" pos="X">dobivamo</wf>
         <wf lemma="dizano" pos="X">dizano</wf>
         <wf lemma="tijesto" pos="X">tijesto</wf>
         <wf lemma="." pos="X">.</wf>
      </sentence>
      <sentence id="d000.s1643" source="wordnet-croatian">
         <wf lemma="Velike" pos="X">Velike</wf>
         <wf lemma="količine" pos="X">količine</wf>
         <instance id="d000.s1643.t000" lemma="nafta" pos="NOUN">nafte</instance>
         <wf lemma="nalaze" pos="X">nalaze</wf>
         <wf lemma="se" pos="X">se</wf>
         <wf lemma="na" pos="X">na</wf>
         <wf lemma="Bliskom" pos="X">Bliskom</wf>
         <wf lemma="istoku" pos="X">istoku</wf>
         <wf lemma="." pos="X">.</wf>
      </sentence>
      <sentence id="d000.s1644" source="wordnet-croatian">
         <wf lemma="Rendgenske" pos="X">Rendgenske</wf>
         <wf lemma="slike" pos="X">slike</wf>
         <wf lemma="izdaju" pos="X">izdaju</wf>
         <wf lemma="se" pos="X">se</wf>
         <wf lemma="u" pos="X">u</wf>
         <wf lemma="kartonskom" pos="X">kartonskom</wf>
         <instance id="d000.s1644.t000" lemma="omot" pos="NOUN">omotu</instance>
         <wf lemma="." pos="X">.</wf>
      </sentence>
      <sentence id="d000.s1645" source="wordnet-croatian">
         <wf lemma="U" pos="X">U</wf>
         <wf lemma="vrijeme" pos="X">vrijeme</wf>
         <wf lemma="SFR" pos="X">SFR</wf>
         <wf lemma="Jugoslavije" pos="X">Jugoslavije</wf>
         <wf lemma="propagiralo" pos="X">propagiralo</wf>
         <wf lemma="se" pos="X">se</wf>
         <instance id="d000.s1645.t000" lemma="bratstvo" pos="NOUN">bratstvo</instance>
         <wf lemma="i" pos="X">i</wf>
         <wf lemma="jedinstvo" pos="X">jedinstvo</wf>
         <wf lemma="među" pos="X">među</wf>
         <wf lemma="svim" pos="X">svim</wf>
         <wf lemma="narodima" pos="X">narodima</wf>
         <wf lemma="i" pos="X">i</wf>
         <wf lemma="narodnostima" pos="X">narodnostima</wf>
         <wf lemma="u" pos="X">u</wf>
         <wf lemma="državi" pos="X">državi</wf>
         <wf lemma="." pos="X">.</wf>
      </sentence>
      <sentence id="d000.s1646" source="wordnet-croatian">
         <wf lemma="Nije" pos="X">Nije</wf>
         <wf lemma="mogao" pos="X">mogao</wf>
         <wf lemma="sakriti" pos="X">sakriti</wf>
         <instance id="d000.s1646.t000" lemma="stid" pos="NOUN">stid</instance>
         <wf lemma="zbog" pos="X">zbog</wf>
         <wf lemma="nepromišljene" pos="X">nepromišljene</wf>
         <wf lemma="izjave" pos="X">izjave</wf>
         <wf lemma="." pos="X">.</wf>
      </sentence>
      <sentence id="d000.s1647" source="wordnet-croatian">
         <wf lemma="Pri" pos="X">Pri</wf>
         <wf lemma="selidbi" pos="X">selidbi</wf>
         <wf lemma="ostavila" pos="X">ostavila</wf>
         <wf lemma="sam" pos="X">sam</wf>
         <wf lemma="hrpu" pos="X">hrpu</wf>
         <wf lemma="svojih" pos="X">svojih</wf>
         <instance id="d000.s1647.t000" lemma="stvar" pos="NOUN">stvari</instance>
         <wf lemma="u" pos="X">u</wf>
         <wf lemma="starom" pos="X">starom</wf>
         <wf lemma="stanu" pos="X">stanu</wf>
         <wf lemma="." pos="X">.</wf>
      </sentence>
      <sentence id="d000.s1648" source="wordnet-croatian">
         <wf lemma="Nemoj" pos="X">Nemoj</wf>
         <instance id="d000.s1648.t000" lemma="grepsti" pos="VERB">grepsti</instance>
         <wf lemma="ubode" pos="X">ubode</wf>
         <wf lemma="insekata" pos="X">insekata</wf>
         <wf lemma="!" pos="X">!</wf>
      </sentence>
      <sentence id="d000.s1649" source="wordnet-croatian">
         <wf lemma="Te" pos="X">Te</wf>
         <wf lemma="novine" pos="X">novine</wf>
         <instance id="d000.s1649.t000" lemma="napadati" pos="VERB">napadaju</instance>
         <wf lemma="svaki" pos="X">svaki</wf>
         <wf lemma="potez" pos="X">potez</wf>
         <wf lemma="vlade" pos="X">vlade</wf>
         <wf lemma="." pos="X">.</wf>
      </sentence>
      <sentence id="d000.s1650" source="wordnet-croatian">
         <wf lemma="U" pos="X">U</wf>
         <wf lemma="svijetu" pos="X">svijetu</wf>
         <instance id="d000.s1650.t000" lemma="politika" pos="NOUN">politike</instance>
         <wf lemma="treba" pos="X">treba</wf>
         <wf lemma="znati" pos="X">znati</wf>
         <wf lemma="biti" pos="X">biti</wf>
         <wf lemma="diplomatičan" pos="X">diplomatičan</wf>
         <wf lemma="." pos="X">.</wf>
      </sentence>
      <sentence id="d000.s1651" source="wordnet-croatian">
         <instance id="d000.s1651.t000" lemma="doručak" pos="NOUN">Doručak</instance>
         <wf lemma="je" pos="X">je</wf>
         <wf lemma="najvažniji" pos="X">najvažniji</wf>
         <wf lemma="obrok" pos="X">obrok</wf>
         <wf lemma="u" pos="X">u</wf>
         <wf lemma="danu" pos="X">danu</wf>
         <wf lemma="." pos="X">.</wf>
      </sentence>
      <sentence id="d000.s1652" source="wordnet-croatian">
         <wf lemma="Preko" pos="X">Preko</wf>
         <wf lemma="mosta" pos="X">mosta</wf>
         <wf lemma="nisu" pos="X">nisu</wf>
         <wf lemma="smjela" pos="X">smjela</wf>
         <wf lemma="prelaziti" pos="X">prelaziti</wf>
         <wf lemma="vozila" pos="X">vozila</wf>
         <wf lemma="teža" pos="X">teža</wf>
         <wf lemma="od" pos="X">od</wf>
         <wf lemma="3" pos="X">3</wf>
         <instance id="d000.s1652.t000" lemma="tona" pos="NOUN">tone</instance>
         <wf lemma="." pos="X">.</wf>
      </sentence>
      <sentence id="d000.s1653" source="wordnet-croatian">
         <wf lemma="Živjela" pos="X">Živjela</wf>
         <wf lemma="je" pos="X">je</wf>
         <wf lemma="na" pos="X">na</wf>
         <wf lemma="razmeđu" pos="X">razmeđu</wf>
         <instance id="d000.s1653.t000" lemma="stoljeće" pos="NOUN">stoljeća</instance>
         <wf lemma="." pos="X">.</wf>
      </sentence>
      <sentence id="d000.s1654" source="wordnet-croatian">
         <wf lemma="Poznato" pos="X">Poznato</wf>
         <wf lemma="je" pos="X">je</wf>
         <wf lemma="da" pos="X">da</wf>
         <wf lemma="osim" pos="X">osim</wf>
         <wf lemma="ljudi" pos="X">ljudi</wf>
         <wf lemma="i" pos="X">i</wf>
         <wf lemma="neke" pos="X">neke</wf>
         <wf lemma="druge" pos="X">druge</wf>
         <wf lemma="životinje" pos="X">životinje</wf>
         <instance id="d000.s1654.t000" lemma="komunicirati" pos="VERB">komuniciraju</instance>
         <wf lemma="." pos="X">.</wf>
      </sentence>
      <sentence id="d000.s1655" source="wordnet-croatian">
         <wf lemma="Protekle" pos="X">Protekle</wf>
         <wf lemma="je" pos="X">je</wf>
         <wf lemma="godine" pos="X">godine</wf>
         <wf lemma="višestruko" pos="X">višestruko</wf>
         <instance id="d000.s1655.t000" lemma="umnožiti" pos="VERB">umnožio</instance>
         <wf lemma="svoje" pos="X">svoje</wf>
         <wf lemma="prihode" pos="X">prihode</wf>
         <wf lemma="." pos="X">.</wf>
      </sentence>
      <sentence id="d000.s1656" source="wordnet-croatian">
         <wf lemma="On" pos="X">On</wf>
         <wf lemma="je" pos="X">je</wf>
         <wf lemma="najbolji" pos="X">najbolji</wf>
         <wf lemma="u" pos="X">u</wf>
         <wf lemma="svojoj" pos="X">svojoj</wf>
         <instance id="d000.s1656.t000" lemma="struka" pos="NOUN">struci</instance>
         <wf lemma="." pos="X">.</wf>
      </sentence>
      <sentence id="d000.s1657" source="wordnet-croatian">
         <wf lemma="Pao" pos="X">Pao</wf>
         <wf lemma="je" pos="X">je</wf>
         <wf lemma="jer" pos="X">jer</wf>
         <wf lemma="mu" pos="X">mu</wf>
         <wf lemma="je" pos="X">je</wf>
         <wf lemma="noga" pos="X">noga</wf>
         <wf lemma="upala" pos="X">upala</wf>
         <wf lemma="u" pos="X">u</wf>
         <instance id="d000.s1657.t000" lemma="pukotina" pos="NOUN">pukotinu</instance>
         <wf lemma="na" pos="X">na</wf>
         <wf lemma="asfaltu" pos="X">asfaltu</wf>
         <wf lemma="." pos="X">.</wf>
      </sentence>
      <sentence id="d000.s1658" source="wordnet-croatian">
         <wf lemma="Žena" pos="X">Žena</wf>
         <wf lemma="ga" pos="X">ga</wf>
         <wf lemma="je" pos="X">je</wf>
         <wf lemma="optužila" pos="X">optužila</wf>
         <wf lemma="da" pos="X">da</wf>
         <wf lemma="je" pos="X">je</wf>
         <instance id="d000.s1658.t000" lemma="bigamist" pos="NOUN">bigamist</instance>
         <wf lemma="nakon" pos="X">nakon</wf>
         <wf lemma="što" pos="X">što</wf>
         <wf lemma="je" pos="X">je</wf>
         <wf lemma="otkrila" pos="X">otkrila</wf>
         <wf lemma="da" pos="X">da</wf>
         <wf lemma="je" pos="X">je</wf>
         <wf lemma="vodio" pos="X">vodio</wf>
         <wf lemma="dvostruki" pos="X">dvostruki</wf>
         <wf lemma="život" pos="X">život</wf>
         <wf lemma="." pos="X">.</wf>
      </sentence>
      <sentence id="d000.s1659" source="wordnet-croatian">
         <wf lemma="Zvuk" pos="X">Zvuk</wf>
         <instance id="d000.s1659.t000" lemma="violina" pos="NOUN">violine</instance>
         <wf lemma="dirao" pos="X">dirao</wf>
         <wf lemma="ju" pos="X">ju</wf>
         <wf lemma="je" pos="X">je</wf>
         <wf lemma="u" pos="X">u</wf>
         <wf lemma="dušu" pos="X">dušu</wf>
         <wf lemma="." pos="X">.</wf>
      </sentence>
      <sentence id="d000.s1660" source="wordnet-croatian">
         <wf lemma="Moj" pos="X">Moj</wf>
         <wf lemma="tata" pos="X">tata</wf>
         <wf lemma="ima" pos="X">ima</wf>
         <instance id="d000.s1660.t000" lemma="navika" pos="NOUN">naviku</instance>
         <wf lemma="spavati" pos="X">spavati</wf>
         <wf lemma="svako" pos="X">svako</wf>
         <wf lemma="poslijepodne" pos="X">poslijepodne</wf>
         <wf lemma="." pos="X">.</wf>
      </sentence>
      <sentence id="d000.s1661" source="wordnet-croatian">
         <wf lemma="Profesor" pos="X">Profesor</wf>
         <wf lemma="je" pos="X">je</wf>
         <instance id="d000.s1661.t000" lemma="pobiti" pos="VERB">pobio</instance>
         <wf lemma="protivnikove" pos="X">protivnikove</wf>
         <wf lemma="argumente" pos="X">argumente</wf>
         <wf lemma="." pos="X">.</wf>
      </sentence>
      <sentence id="d000.s1662" source="wordnet-croatian">
         <wf lemma="Odjeća" pos="X">Odjeća</wf>
         <wf lemma="joj" pos="X">joj</wf>
         <wf lemma="je" pos="X">je</wf>
         <wf lemma="bila" pos="X">bila</wf>
         <wf lemma="u" pos="X">u</wf>
         <instance id="d000.s1662.t000" lemma="loš" pos="ADJ">lošem</instance>
         <wf lemma="stanju" pos="X">stanju</wf>
         <wf lemma="." pos="X">.</wf>
      </sentence>
      <sentence id="d000.s1663" source="wordnet-croatian">
         <wf lemma="Alkohol" pos="X">Alkohol</wf>
         <wf lemma="ima" pos="X">ima</wf>
         <wf lemma="negativan" pos="X">negativan</wf>
         <wf lemma="utjecaj" pos="X">utjecaj</wf>
         <wf lemma="na" pos="X">na</wf>
         <instance id="d000.s1663.t000" lemma="percepcija" pos="NOUN">percepciju</instance>
         <wf lemma="." pos="X">.</wf>
      </sentence>
      <sentence id="d000.s1664" source="wordnet-croatian">
         <wf lemma="Izraelska" pos="X">Izraelska</wf>
         <instance id="d000.s1664.t000" lemma="ofenziva" pos="NOUN">ofenziva</instance>
         <wf lemma="na" pos="X">na</wf>
         <wf lemma="grad" pos="X">grad</wf>
         <wf lemma="Isusovog" pos="X">Isusovog</wf>
         <wf lemma="rođenja" pos="X">rođenja</wf>
         <wf lemma="počela" pos="X">počela</wf>
         <wf lemma="je" pos="X">je</wf>
         <wf lemma="rano" pos="X">rano</wf>
         <wf lemma="navečer" pos="X">navečer</wf>
         <wf lemma="." pos="X">.</wf>
      </sentence>
      <sentence id="d000.s1665" source="wordnet-croatian">
         <wf lemma="Već" pos="X">Već</wf>
         <wf lemma="nekoliko" pos="X">nekoliko</wf>
         <wf lemma="mjeseci" pos="X">mjeseci</wf>
         <instance id="d000.s1665.t000" lemma="ležati" pos="VERB">leži</instance>
         <wf lemma="u" pos="X">u</wf>
         <wf lemma="komi" pos="X">komi</wf>
         <wf lemma="." pos="X">.</wf>
      </sentence>
      <sentence id="d000.s1666" source="wordnet-croatian">
         <instance id="d000.s1666.t000" lemma="spremiti" pos="VERB">Spremili</instance>
         <wf lemma="smo" pos="X">smo</wf>
         <wf lemma="zalihe" pos="X">zalihe</wf>
         <wf lemma="povrća" pos="X">povrća</wf>
         <wf lemma="za" pos="X">za</wf>
         <wf lemma="zimu" pos="X">zimu</wf>
         <wf lemma="." pos="X">.</wf>
      </sentence>
      <sentence id="d000.s1667" source="wordnet-croatian">
         <instance id="d000.s1667.t000" lemma="svojstvenost" pos="NOUN">Svojstvenost</instance>
         <wf lemma="Humeove" pos="X">Humeove</wf>
         <wf lemma="filozofije" pos="X">filozofije</wf>
         <wf lemma="prepoznata" pos="X">prepoznata</wf>
         <wf lemma="je" pos="X">je</wf>
         <wf lemma="i" pos="X">i</wf>
         <wf lemma="danas" pos="X">danas</wf>
         <wf lemma="." pos="X">.</wf>
      </sentence>
      <sentence id="d000.s1668" source="wordnet-croatian">
         <instance id="d000.s1668.t000" lemma="nanizati" pos="VERB">Nanizala</instance>
         <wf lemma="je" pos="X">je</wf>
         <wf lemma="staklene" pos="X">staklene</wf>
         <wf lemma="kuglice" pos="X">kuglice</wf>
         <wf lemma="na" pos="X">na</wf>
         <wf lemma="konac" pos="X">konac</wf>
         <wf lemma="." pos="X">.</wf>
      </sentence>
      <sentence id="d000.s1669" source="wordnet-croatian">
         <wf lemma="Vrijednosni" pos="X">Vrijednosni</wf>
         <wf lemma="je" pos="X">je</wf>
         <wf lemma="sustav" pos="X">sustav</wf>
         <wf lemma="u" pos="X">u</wf>
         <wf lemma="krizi" pos="X">krizi</wf>
         <wf lemma="i" pos="X">i</wf>
         <wf lemma="potrebno" pos="X">potrebno</wf>
         <wf lemma="je" pos="X">je</wf>
         <wf lemma="vratiti" pos="X">vratiti</wf>
         <wf lemma="se" pos="X">se</wf>
         <wf lemma="starim" pos="X">starim</wf>
         <instance id="d000.s1669.t000" lemma="vrednota" pos="NOUN">vrednotama</instance>
         <wf lemma="." pos="X">.</wf>
      </sentence>
      <sentence id="d000.s1670" source="wordnet-croatian">
         <wf lemma="Njegov" pos="X">Njegov</wf>
         <wf lemma="roman" pos="X">roman</wf>
         <instance id="d000.s1670.t000" lemma="sadržavati" pos="VERB">sadržava</instance>
         <wf lemma="mnoge" pos="X">mnoge</wf>
         <wf lemma="skrivene" pos="X">skrivene</wf>
         <wf lemma="simbole" pos="X">simbole</wf>
         <wf lemma="." pos="X">.</wf>
      </sentence>
      <sentence id="d000.s1671" source="wordnet-croatian">
         <wf lemma="Nakon" pos="X">Nakon</wf>
         <wf lemma="oporavka" pos="X">oporavka</wf>
         <wf lemma="nije" pos="X">nije</wf>
         <wf lemma="mu" pos="X">mu</wf>
         <wf lemma="bila" pos="X">bila</wf>
         <wf lemma="potrebna" pos="X">potrebna</wf>
         <wf lemma="dodatna" pos="X">dodatna</wf>
         <wf lemma="medicinska" pos="X">medicinska</wf>
         <instance id="d000.s1671.t000" lemma="pomoć" pos="NOUN">pomoć</instance>
         <wf lemma="." pos="X">.</wf>
      </sentence>
      <sentence id="d000.s1672" source="wordnet-croatian">
         <wf lemma="Poslala" pos="X">Poslala</wf>
         <wf lemma="sam" pos="X">sam</wf>
         <instance id="d000.s1672.t000" lemma="muž" pos="NOUN">muža</instance>
         <wf lemma="po" pos="X">po</wf>
         <wf lemma="djecu" pos="X">djecu</wf>
         <wf lemma="na" pos="X">na</wf>
         <wf lemma="aerodrom" pos="X">aerodrom</wf>
         <wf lemma="." pos="X">.</wf>
      </sentence>
      <sentence id="d000.s1673" source="wordnet-croatian">
         <wf lemma="Uvijek" pos="X">Uvijek</wf>
         <wf lemma="je" pos="X">je</wf>
         <wf lemma="patila" pos="X">patila</wf>
         <wf lemma="zbog" pos="X">zbog</wf>
         <wf lemma="svoje" pos="X">svoje</wf>
         <instance id="d000.s1673.t000" lemma="visina" pos="NOUN">visine</instance>
         <wf lemma="." pos="X">.</wf>
      </sentence>
      <sentence id="d000.s1674" source="wordnet-croatian">
         <wf lemma="Izvršili" pos="X">Izvršili</wf>
         <wf lemma="smo" pos="X">smo</wf>
         <instance id="d000.s1674.t000" lemma="pretraga" pos="NOUN">pretragu</instance>
         <wf lemma="aviona" pos="X">aviona</wf>
         <wf lemma="," pos="X">,</wf>
         <wf lemma="ali" pos="X">ali</wf>
         <wf lemma="nismo" pos="X">nismo</wf>
         <wf lemma="našli" pos="X">našli</wf>
         <wf lemma="slijepe" pos="X">slijepe</wf>
         <wf lemma="putnike" pos="X">putnike</wf>
         <wf lemma="." pos="X">.</wf>
      </sentence>
      <sentence id="d000.s1675" source="wordnet-croatian">
         <wf lemma="Crkva" pos="X">Crkva</wf>
         <wf lemma="okuplja" pos="X">okuplja</wf>
         <wf lemma="mnoge" pos="X">mnoge</wf>
         <instance id="d000.s1675.t000" lemma="umnik" pos="NOUN">umnike</instance>
         <wf lemma="koji" pos="X">koji</wf>
         <wf lemma="se" pos="X">se</wf>
         <wf lemma="bave" pos="X">bave</wf>
         <wf lemma="tumačenjem" pos="X">tumačenjem</wf>
         <wf lemma="Biblije" pos="X">Biblije</wf>
         <wf lemma="u" pos="X">u</wf>
         <wf lemma="modernom" pos="X">modernom</wf>
         <wf lemma="svijetu" pos="X">svijetu</wf>
         <wf lemma="." pos="X">.</wf>
      </sentence>
      <sentence id="d000.s1676" source="wordnet-croatian">
         <instance id="d000.s1676.t000" lemma="naslon" pos="NOUN">Naslon</instance>
         <wf lemma="je" pos="X">je</wf>
         <wf lemma="zubarske" pos="X">zubarske</wf>
         <wf lemma="stolice" pos="X">stolice</wf>
         <wf lemma="prilagodljiv" pos="X">prilagodljiv</wf>
         <wf lemma="." pos="X">.</wf>
      </sentence>
      <sentence id="d000.s1677" source="wordnet-croatian">
         <wf lemma="Cijeli" pos="X">Cijeli</wf>
         <wf lemma="je" pos="X">je</wf>
         <wf lemma="grad" pos="X">grad</wf>
         <wf lemma="bio" pos="X">bio</wf>
         <wf lemma="oblijepljen" pos="X">oblijepljen</wf>
         <instance id="d000.s1677.t000" lemma="reklama" pos="NOUN">reklamama</instance>
         <wf lemma="političkih" pos="X">političkih</wf>
         <wf lemma="stranaka" pos="X">stranaka</wf>
         <wf lemma="." pos="X">.</wf>
      </sentence>
      <sentence id="d000.s1678" source="wordnet-croatian">
         <wf lemma="Zakon" pos="X">Zakon</wf>
         <wf lemma="je" pos="X">je</wf>
         <wf lemma="lako" pos="X">lako</wf>
         <instance id="d000.s1678.t000" lemma="proći" pos="VERB">prošao</instance>
         <wf lemma="u" pos="X">u</wf>
         <wf lemma="Saboru" pos="X">Saboru</wf>
         <wf lemma="." pos="X">.</wf>
      </sentence>
      <sentence id="d000.s1679" source="wordnet-croatian">
         <wf lemma="Iz" pos="X">Iz</wf>
         <instance id="d000.s1679.t000" lemma="kava" pos="NOUN">kavea</instance>
         <wf lemma="se" pos="X">se</wf>
         <wf lemma="ništa" pos="X">ništa</wf>
         <wf lemma="nije" pos="X">nije</wf>
         <wf lemma="moglo" pos="X">moglo</wf>
         <wf lemma="vidjeti" pos="X">vidjeti</wf>
         <wf lemma="." pos="X">.</wf>
      </sentence>
      <sentence id="d000.s1680" source="wordnet-croatian">
         <wf lemma="Nemoj" pos="X">Nemoj</wf>
         <wf lemma="me" pos="X">me</wf>
         <instance id="d000.s1680.t000" lemma="siliti" pos="VERB">siliti</instance>
         <wf lemma="da" pos="X">da</wf>
         <wf lemma="jedem" pos="X">jedem</wf>
         <wf lemma="poriluk" pos="X">poriluk</wf>
         <wf lemma="." pos="X">.</wf>
      </sentence>
      <sentence id="d000.s1681" source="wordnet-croatian">
         <wf lemma="Bio" pos="X">Bio</wf>
         <wf lemma="joj" pos="X">joj</wf>
         <wf lemma="je" pos="X">je</wf>
         <instance id="d000.s1681.t000" lemma="neprivlačan" pos="ADJ">neprivlačan</instance>
         <wf lemma="kad" pos="X">kad</wf>
         <wf lemma="bi" pos="X">bi</wf>
         <wf lemma="previše" pos="X">previše</wf>
         <wf lemma="popio" pos="X">popio</wf>
         <wf lemma="." pos="X">.</wf>
      </sentence>
      <sentence id="d000.s1682" source="wordnet-croatian">
         <wf lemma="Marija" pos="X">Marija</wf>
         <wf lemma="je" pos="X">je</wf>
         <wf lemma="uspjela" pos="X">uspjela</wf>
         <instance id="d000.s1682.t000" lemma="pridobiti" pos="VERB">pridobiti</instance>
         <wf lemma="Ivanu" pos="X">Ivanu</wf>
         <wf lemma="da" pos="X">da</wf>
         <wf lemma="postane" pos="X">postane</wf>
         <wf lemma="vegetarijanka" pos="X">vegetarijanka</wf>
         <wf lemma="." pos="X">.</wf>
      </sentence>
      <sentence id="d000.s1683" source="wordnet-croatian">
         <instance id="d000.s1683.t000" lemma="kočija" pos="NOUN">Kočija</instance>
         <wf lemma="je" pos="X">je</wf>
         <wf lemma="danas" pos="X">danas</wf>
         <wf lemma="neuobičajena" pos="X">neuobičajena</wf>
         <wf lemma="pojava" pos="X">pojava</wf>
         <wf lemma="na" pos="X">na</wf>
         <wf lemma="ulicama" pos="X">ulicama</wf>
         <wf lemma="." pos="X">.</wf>
      </sentence>
      <sentence id="d000.s1684" source="wordnet-croatian">
         <wf lemma="On" pos="X">On</wf>
         <wf lemma="potječe" pos="X">potječe</wf>
         <wf lemma="iz" pos="X">iz</wf>
         <instance id="d000.s1684.t000" lemma="okolica" pos="NOUN">okolice</instance>
         <wf lemma="Sinja" pos="X">Sinja</wf>
         <wf lemma="." pos="X">.</wf>
      </sentence>
      <sentence id="d000.s1685" source="wordnet-croatian">
         <wf lemma="Njegova" pos="X">Njegova</wf>
         <instance id="d000.s1685.t000" lemma="moralnost" pos="NOUN">moralnost</instance>
         <wf lemma="nije" pos="X">nije</wf>
         <wf lemma="mu" pos="X">mu</wf>
         <wf lemma="dozvoljavala" pos="X">dozvoljavala</wf>
         <wf lemma="da" pos="X">da</wf>
         <wf lemma="ju" pos="X">ju</wf>
         <wf lemma="napusti" pos="X">napusti</wf>
         <wf lemma="." pos="X">.</wf>
      </sentence>
      <sentence id="d000.s1686" source="wordnet-croatian">
         <wf lemma="Vježbala" pos="X">Vježbala</wf>
         <wf lemma="je" pos="X">je</wf>
         <wf lemma="samo" pos="X">samo</wf>
         <wf lemma="u" pos="X">u</wf>
         <instance id="d000.s1686.t000" lemma="topić" pos="NOUN">topiću</instance>
         <wf lemma="i" pos="X">i</wf>
         <wf lemma="hlačicama" pos="X">hlačicama</wf>
         <wf lemma="." pos="X">.</wf>
      </sentence>
      <sentence id="d000.s1687" source="wordnet-croatian">
         <wf lemma="Pad" pos="X">Pad</wf>
         <wf lemma="svoje" pos="X">svoje</wf>
         <wf lemma="popularnosti" pos="X">popularnosti</wf>
         <wf lemma="vlada" pos="X">vlada</wf>
         <instance id="d000.s1687.t000" lemma="pripisivati" pos="VERB">pripisuje</instance>
         <wf lemma="prevrtljivosti" pos="X">prevrtljivosti</wf>
         <wf lemma="običnog" pos="X">običnog</wf>
         <wf lemma="čovjeka" pos="X">čovjeka</wf>
         <wf lemma="." pos="X">.</wf>
      </sentence>
      <sentence id="d000.s1688" source="wordnet-croatian">
         <wf lemma="U" pos="X">U</wf>
         <wf lemma="trgovini" pos="X">trgovini</wf>
         <wf lemma="su" pos="X">su</wf>
         <wf lemma="se" pos="X">se</wf>
         <wf lemma="prodavali" pos="X">prodavali</wf>
         <wf lemma="razni" pos="X">razni</wf>
         <instance id="d000.s1688.t000" lemma="ukras" pos="NOUN">ukrasi</instance>
         <wf lemma="za" pos="X">za</wf>
         <wf lemma="kosu" pos="X">kosu</wf>
         <wf lemma="." pos="X">.</wf>
      </sentence>
      <sentence id="d000.s1689" source="wordnet-croatian">
         <wf lemma="Za" pos="X">Za</wf>
         <wf lemma="dobru" pos="X">dobru</wf>
         <instance id="d000.s1689.t000" lemma="roba" pos="NOUN">robu</instance>
         <wf lemma="nije" pos="X">nije</wf>
         <wf lemma="mu" pos="X">mu</wf>
         <wf lemma="bilo" pos="X">bilo</wf>
         <wf lemma="teško" pos="X">teško</wf>
         <wf lemma="izdvojiti" pos="X">izdvojiti</wf>
         <wf lemma="novac" pos="X">novac</wf>
         <wf lemma="." pos="X">.</wf>
      </sentence>
      <sentence id="d000.s1690" source="wordnet-croatian">
         <wf lemma="Nakon" pos="X">Nakon</wf>
         <instance id="d000.s1690.t000" lemma="povjeravanje" pos="NOUN">povjeravanja</instance>
         <wf lemma="mandata" pos="X">mandata</wf>
         <wf lemma="lokalnom" pos="X">lokalnom</wf>
         <wf lemma="moćniku" pos="X">moćniku</wf>
         <wf lemma="mnogi" pos="X">mnogi</wf>
         <wf lemma="su" pos="X">su</wf>
         <wf lemma="zažalili" pos="X">zažalili</wf>
         <wf lemma="." pos="X">.</wf>
      </sentence>
      <sentence id="d000.s1691" source="wordnet-croatian">
         <wf lemma="Djeca" pos="X">Djeca</wf>
         <wf lemma="vrlo" pos="X">vrlo</wf>
         <wf lemma="rano" pos="X">rano</wf>
         <wf lemma="počinju" pos="X">počinju</wf>
         <wf lemma="izražavati" pos="X">izražavati</wf>
         <wf lemma="svoju" pos="X">svoju</wf>
         <instance id="d000.s1691.t000" lemma="individualnost" pos="NOUN">individualnost</instance>
         <wf lemma="." pos="X">.</wf>
      </sentence>
      <sentence id="d000.s1692" source="wordnet-croatian">
         <instance id="d000.s1692.t000" lemma="nemarnost" pos="NOUN">Nemarnost</instance>
         <wf lemma="liječnika" pos="X">liječnika</wf>
         <wf lemma="može" pos="X">može</wf>
         <wf lemma="imati" pos="X">imati</wf>
         <wf lemma="ozbiljne" pos="X">ozbiljne</wf>
         <wf lemma="posljedice" pos="X">posljedice</wf>
         <wf lemma="." pos="X">.</wf>
      </sentence>
      <sentence id="d000.s1693" source="wordnet-croatian">
         <instance id="d000.s1693.t000" lemma="seizmograf" pos="NOUN">Seizmografi</instance>
         <wf lemma="zabilježe" pos="X">zabilježe</wf>
         <wf lemma="nekoliko" pos="X">nekoliko</wf>
         <wf lemma="milijuna" pos="X">milijuna</wf>
         <wf lemma="potresa" pos="X">potresa</wf>
         <wf lemma="svake" pos="X">svake</wf>
         <wf lemma="godine" pos="X">godine</wf>
         <wf lemma="." pos="X">.</wf>
      </sentence>
      <sentence id="d000.s1694" source="wordnet-croatian">
         <wf lemma="Temperatura" pos="X">Temperatura</wf>
         <wf lemma="koju" pos="X">koju</wf>
         <wf lemma="su" pos="X">su</wf>
         <wf lemma="prognostičari" pos="X">prognostičari</wf>
         <wf lemma="predvidjeli" pos="X">predvidjeli</wf>
         <wf lemma="za" pos="X">za</wf>
         <wf lemma="danas" pos="X">danas</wf>
         <wf lemma="uvelike" pos="X">uvelike</wf>
         <wf lemma="se" pos="X">se</wf>
         <wf lemma="razlikuje" pos="X">razlikuje</wf>
         <wf lemma="od" pos="X">od</wf>
         <instance id="d000.s1694.t000" lemma="stvaran" pos="ADJ">stvarne</instance>
         <wf lemma="temperature" pos="X">temperature</wf>
         <wf lemma="." pos="X">.</wf>
      </sentence>
      <sentence id="d000.s1695" source="wordnet-croatian">
         <wf lemma="Bio" pos="X">Bio</wf>
         <wf lemma="je" pos="X">je</wf>
         <instance id="d000.s1695.t000" lemma="svjestan" pos="ADJ">svjestan</instance>
         <wf lemma="da" pos="X">da</wf>
         <wf lemma="je" pos="X">je</wf>
         <wf lemma="vozio" pos="X">vozio</wf>
         <wf lemma="brže" pos="X">brže</wf>
         <wf lemma="nego" pos="X">nego</wf>
         <wf lemma="što" pos="X">što</wf>
         <wf lemma="je" pos="X">je</wf>
         <wf lemma="dopušteno" pos="X">dopušteno</wf>
         <wf lemma="." pos="X">.</wf>
      </sentence>
      <sentence id="d000.s1696" source="wordnet-croatian">
         <instance id="d000.s1696.t000" lemma="objašnjenje" pos="NOUN">Objašnjenje</instance>
         <wf lemma="je" pos="X">je</wf>
         <wf lemma="bilo" pos="X">bilo</wf>
         <wf lemma="vrlo" pos="X">vrlo</wf>
         <wf lemma="jednostavno" pos="X">jednostavno</wf>
         <wf lemma="." pos="X">.</wf>
      </sentence>
      <sentence id="d000.s1697" source="wordnet-croatian">
         <wf lemma="Premijer" pos="X">Premijer</wf>
         <wf lemma="je" pos="X">je</wf>
         <wf lemma="obznanio" pos="X">obznanio</wf>
         <instance id="d000.s1697.t000" lemma="pučanstvo" pos="NOUN">pučanstvu</instance>
         <wf lemma="da" pos="X">da</wf>
         <wf lemma="se" pos="X">se</wf>
         <wf lemma="povlači" pos="X">povlači</wf>
         <wf lemma="s" pos="X">s</wf>
         <wf lemma="položaja" pos="X">položaja</wf>
         <wf lemma="." pos="X">.</wf>
      </sentence>
      <sentence id="d000.s1698" source="wordnet-croatian">
         <wf lemma="Njegov" pos="X">Njegov</wf>
         <instance id="d000.s1698.t000" lemma="prikaz" pos="NOUN">prikaz</instance>
         <wf lemma="događaja" pos="X">događaja</wf>
         <wf lemma="ne" pos="X">ne</wf>
         <wf lemma="podudara" pos="X">podudara</wf>
         <wf lemma="se" pos="X">se</wf>
         <wf lemma="s" pos="X">s</wf>
         <wf lemma="činjenicama" pos="X">činjenicama</wf>
         <wf lemma="." pos="X">.</wf>
      </sentence>
      <sentence id="d000.s1699" source="wordnet-croatian">
         <instance id="d000.s1699.t000" lemma="odustati" pos="VERB">Odustali</instance>
         <wf lemma="smo" pos="X">smo</wf>
         <wf lemma="od" pos="X">od</wf>
         <wf lemma="kupnje" pos="X">kupnje</wf>
         <wf lemma="stana" pos="X">stana</wf>
         <wf lemma="." pos="X">.</wf>
      </sentence>
      <sentence id="d000.s1700" source="wordnet-croatian">
         <wf lemma="Srbi" pos="X">Srbi</wf>
         <wf lemma="su" pos="X">su</wf>
         <instance id="d000.s1700.t000" lemma="napasti" pos="VERB">napali</instance>
         <wf lemma="selo" pos="X">selo</wf>
         <wf lemma="po" pos="X">po</wf>
         <wf lemma="noći" pos="X">noći</wf>
         <wf lemma="." pos="X">.</wf>
      </sentence>
      <sentence id="d000.s1701" source="wordnet-croatian">
         <wf lemma="Pribio" pos="X">Pribio</wf>
         <wf lemma="je" pos="X">je</wf>
         <instance id="d000.s1701.t000" lemma="daska" pos="NOUN">daske</instance>
         <wf lemma="na" pos="X">na</wf>
         <wf lemma="prozore" pos="X">prozore</wf>
         <wf lemma="." pos="X">.</wf>
      </sentence>
      <sentence id="d000.s1702" source="wordnet-croatian">
         <wf lemma="Nakon" pos="X">Nakon</wf>
         <wf lemma="požara" pos="X">požara</wf>
         <wf lemma="Slavko" pos="X">Slavko</wf>
         <wf lemma="je" pos="X">je</wf>
         <wf lemma="zatražio" pos="X">zatražio</wf>
         <instance id="d000.s1702.t000" lemma="procjena" pos="NOUN">procjenu</instance>
         <wf lemma="štete" pos="X">štete</wf>
         <wf lemma="." pos="X">.</wf>
      </sentence>
      <sentence id="d000.s1703" source="wordnet-croatian">
         <wf lemma="Slika" pos="X">Slika</wf>
         <wf lemma="prikazuje" pos="X">prikazuje</wf>
         <wf lemma="glazbenika" pos="X">glazbenika</wf>
         <wf lemma="za" pos="X">za</wf>
         <instance id="d000.s1703.t000" lemma="vibrafon" pos="NOUN">vibrafonom</instance>
         <wf lemma="." pos="X">.</wf>
      </sentence>
      <sentence id="d000.s1704" source="wordnet-croatian">
         <wf lemma="Danas" pos="X">Danas</wf>
         <wf lemma="je" pos="X">je</wf>
         <wf lemma="moguće" pos="X">moguće</wf>
         <wf lemma="otisnuti" pos="X">otisnuti</wf>
         <wf lemma="fotografije" pos="X">fotografije</wf>
         <wf lemma="kod" pos="X">kod</wf>
         <wf lemma="kuće" pos="X">kuće</wf>
         <wf lemma="na" pos="X">na</wf>
         <instance id="d000.s1704.t000" lemma="fotopapir" pos="NOUN">fotopapiru</instance>
         <wf lemma="." pos="X">.</wf>
      </sentence>
      <sentence id="d000.s1705" source="wordnet-croatian">
         <wf lemma="Morfem" pos="X">Morfem</wf>
         <wf lemma="je" pos="X">je</wf>
         <wf lemma="najmanja" pos="X">najmanja</wf>
         <wf lemma="jezična" pos="X">jezična</wf>
         <wf lemma="jedinica" pos="X">jedinica</wf>
         <wf lemma="koja" pos="X">koja</wf>
         <wf lemma="ima" pos="X">ima</wf>
         <instance id="d000.s1705.t000" lemma="izraz" pos="NOUN">izraz</instance>
         <wf lemma="i" pos="X">i</wf>
         <wf lemma="sadržaj" pos="X">sadržaj</wf>
         <wf lemma="." pos="X">.</wf>
      </sentence>
      <sentence id="d000.s1706" source="wordnet-croatian">
         <wf lemma="Glavni" pos="X">Glavni</wf>
         <instance id="d000.s1706.t000" lemma="stožer" pos="NOUN">stožer</instance>
         <wf lemma="kopnene" pos="X">kopnene</wf>
         <wf lemma="vojske" pos="X">vojske</wf>
         <wf lemma="donio" pos="X">donio</wf>
         <wf lemma="je" pos="X">je</wf>
         <wf lemma="odluku" pos="X">odluku</wf>
         <wf lemma="o" pos="X">o</wf>
         <wf lemma="napadu" pos="X">napadu</wf>
         <wf lemma="na" pos="X">na</wf>
         <wf lemma="neprijateljske" pos="X">neprijateljske</wf>
         <wf lemma="položaje" pos="X">položaje</wf>
         <wf lemma="." pos="X">.</wf>
      </sentence>
      <sentence id="d000.s1707" source="wordnet-croatian">
         <wf lemma="Moraš" pos="X">Moraš</wf>
         <instance id="d000.s1707.t000" lemma="povećati" pos="VERB">povećati</instance>
         <wf lemma="svoju" pos="X">svoju</wf>
         <wf lemma="učinkovitost" pos="X">učinkovitost</wf>
         <wf lemma="." pos="X">.</wf>
      </sentence>
      <sentence id="d000.s1708" source="wordnet-croatian">
         <instance id="d000.s1708.t000" lemma="kavijar" pos="NOUN">Kavijar</instance>
         <wf lemma="je" pos="X">je</wf>
         <wf lemma="danas" pos="X">danas</wf>
         <wf lemma="statusni" pos="X">statusni</wf>
         <wf lemma="simbol" pos="X">simbol</wf>
         <wf lemma="." pos="X">.</wf>
      </sentence>
      <sentence id="d000.s1709" source="wordnet-croatian">
         <wf lemma="Djeca" pos="X">Djeca</wf>
         <wf lemma="su" pos="X">su</wf>
         <wf lemma="jela" pos="X">jela</wf>
         <instance id="d000.s1709.t000" lemma="murva" pos="NOUN">murve</instance>
         <wf lemma="sa" pos="X">sa</wf>
         <wf lemma="stabla" pos="X">stabla</wf>
         <wf lemma="u" pos="X">u</wf>
         <wf lemma="našemu" pos="X">našemu</wf>
         <wf lemma="dvorištu" pos="X">dvorištu</wf>
         <wf lemma="." pos="X">.</wf>
      </sentence>
      <sentence id="d000.s1710" source="wordnet-croatian">
         <wf lemma="Više" pos="X">Više</wf>
         <wf lemma="volim" pos="X">volim</wf>
         <wf lemma="ići" pos="X">ići</wf>
         <wf lemma="stepenicama" pos="X">stepenicama</wf>
         <wf lemma="nego" pos="X">nego</wf>
         <instance id="d000.s1710.t000" lemma="dizalo" pos="NOUN">dizalom</instance>
         <wf lemma="." pos="X">.</wf>
      </sentence>
      <sentence id="d000.s1711" source="wordnet-croatian">
         <instance id="d000.s1711.t000" lemma="pozdravljati" pos="VERB">Pozdravljam</instance>
         <wf lemma="tvoju" pos="X">tvoju</wf>
         <wf lemma="želju" pos="X">želju</wf>
         <wf lemma="za" pos="X">za</wf>
         <wf lemma="svakodnevnim" pos="X">svakodnevnim</wf>
         <wf lemma="ispovjedanjem" pos="X">ispovjedanjem</wf>
         <wf lemma="gijeha" pos="X">gijeha</wf>
         <wf lemma="." pos="X">.</wf>
      </sentence>
      <sentence id="d000.s1712" source="wordnet-croatian">
         <wf lemma="Kula" pos="X">Kula</wf>
         <wf lemma="je" pos="X">je</wf>
         <wf lemma="imala" pos="X">imala</wf>
         <wf lemma="brojne" pos="X">brojne</wf>
         <instance id="d000.s1712.t000" lemma="puškarnica" pos="NOUN">puškarnice</instance>
         <wf lemma="." pos="X">.</wf>
      </sentence>
      <sentence id="d000.s1713" source="wordnet-croatian">
         <wf lemma="Bila" pos="X">Bila</wf>
         <wf lemma="je" pos="X">je</wf>
         <wf lemma="to" pos="X">to</wf>
         <wf lemma="burna" pos="X">burna</wf>
         <instance id="d000.s1713.t000" lemma="prepirka" pos="NOUN">prepirka</instance>
         <wf lemma="u" pos="X">u</wf>
         <wf lemma="Saboru" pos="X">Saboru</wf>
         <wf lemma="." pos="X">.</wf>
      </sentence>
      <sentence id="d000.s1714" source="wordnet-croatian">
         <wf lemma="Prisjećao" pos="X">Prisjećao</wf>
         <wf lemma="se" pos="X">se</wf>
         <wf lemma="raznih" pos="X">raznih</wf>
         <instance id="d000.s1714.t000" lemma="doživljaj" pos="NOUN">doživljaja</instance>
         <wf lemma="s" pos="X">s</wf>
         <wf lemma="putovanja" pos="X">putovanja</wf>
         <wf lemma="u" pos="X">u</wf>
         <wf lemma="pustinju" pos="X">pustinju</wf>
         <wf lemma="." pos="X">.</wf>
      </sentence>
      <sentence id="d000.s1715" source="wordnet-croatian">
         <instance id="d000.s1715.t000" lemma="menadžer" pos="NOUN">Menadžer</instance>
         <wf lemma="pjevačke" pos="X">pjevačke</wf>
         <wf lemma="zvijezde" pos="X">zvijezde</wf>
         <wf lemma="izjavio" pos="X">izjavio</wf>
         <wf lemma="je" pos="X">je</wf>
         <wf lemma="da" pos="X">da</wf>
         <wf lemma="se" pos="X">se</wf>
         <wf lemma="povlači" pos="X">povlači</wf>
         <wf lemma="iz" pos="X">iz</wf>
         <wf lemma="posla" pos="X">posla</wf>
         <wf lemma="." pos="X">.</wf>
      </sentence>
      <sentence id="d000.s1716" source="wordnet-croatian">
         <instance id="d000.s1716.t000" lemma="degradirati" pos="VERB">Degradirali</instance>
         <wf lemma="su" pos="X">su</wf>
         <wf lemma="ga" pos="X">ga</wf>
         <wf lemma="na" pos="X">na</wf>
         <wf lemma="položaj" pos="X">položaj</wf>
         <wf lemma="običnog" pos="X">običnog</wf>
         <wf lemma="pješaka" pos="X">pješaka</wf>
         <wf lemma="." pos="X">.</wf>
      </sentence>
      <sentence id="d000.s1717" source="wordnet-croatian">
         <wf lemma="Za" pos="X">Za</wf>
         <wf lemma="rođendan" pos="X">rođendan</wf>
         <wf lemma="joj" pos="X">joj</wf>
         <wf lemma="je" pos="X">je</wf>
         <wf lemma="na" pos="X">na</wf>
         <wf lemma="posao" pos="X">posao</wf>
         <wf lemma="poslao" pos="X">poslao</wf>
         <instance id="d000.s1717.t000" lemma="buket" pos="NOUN">buket</instance>
         <wf lemma="crvenih" pos="X">crvenih</wf>
         <wf lemma="ruža" pos="X">ruža</wf>
         <wf lemma="." pos="X">.</wf>
      </sentence>
      <sentence id="d000.s1718" source="wordnet-croatian">
         <wf lemma="Hrvatski" pos="X">Hrvatski</wf>
         <instance id="d000.s1718.t000" lemma="intelektualac" pos="NOUN">intelektualci</instance>
         <wf lemma="okupili" pos="X">okupili</wf>
         <wf lemma="su" pos="X">su</wf>
         <wf lemma="se" pos="X">se</wf>
         <wf lemma="kako" pos="X">kako</wf>
         <wf lemma="bi" pos="X">bi</wf>
         <wf lemma="razgovarali" pos="X">razgovarali</wf>
         <wf lemma="o" pos="X">o</wf>
         <wf lemma="glavnim" pos="X">glavnim</wf>
         <wf lemma="problemima" pos="X">problemima</wf>
         <wf lemma="našega" pos="X">našega</wf>
         <wf lemma="društva" pos="X">društva</wf>
         <wf lemma="." pos="X">.</wf>
      </sentence>
      <sentence id="d000.s1719" source="wordnet-croatian">
         <instance id="d000.s1719.t000" lemma="brana" pos="NOUN">Brana</instance>
         <wf lemma="je" pos="X">je</wf>
         <wf lemma="popustila" pos="X">popustila</wf>
         <wf lemma="i" pos="X">i</wf>
         <wf lemma="selu" pos="X">selu</wf>
         <wf lemma="je" pos="X">je</wf>
         <wf lemma="prijetila" pos="X">prijetila</wf>
         <wf lemma="velika" pos="X">velika</wf>
         <wf lemma="poplava" pos="X">poplava</wf>
         <wf lemma="." pos="X">.</wf>
      </sentence>
      <sentence id="d000.s1720" source="wordnet-croatian">
         <instance id="d000.s1720.t000" lemma="autor" pos="NOUN">Autor</instance>
         <wf lemma="bestselera" pos="X">bestselera</wf>
         <wf lemma="obogatio" pos="X">obogatio</wf>
         <wf lemma="se" pos="X">se</wf>
         <wf lemma="preko" pos="X">preko</wf>
         <wf lemma="noći" pos="X">noći</wf>
         <wf lemma="." pos="X">.</wf>
      </sentence>
      <sentence id="d000.s1721" source="wordnet-croatian">
         <wf lemma="Osvojio" pos="X">Osvojio</wf>
         <wf lemma="je" pos="X">je</wf>
         <wf lemma="nagradu" pos="X">nagradu</wf>
         <wf lemma="za" pos="X">za</wf>
         <wf lemma="najbolji" pos="X">najbolji</wf>
         <instance id="d000.s1721.t000" lemma="kostim" pos="NOUN">kostim</instance>
         <wf lemma="." pos="X">.</wf>
      </sentence>
      <sentence id="d000.s1722" source="wordnet-croatian">
         <wf lemma="Došla" pos="X">Došla</wf>
         <wf lemma="sam" pos="X">sam</wf>
         <wf lemma="do" pos="X">do</wf>
         <instance id="d000.s1722.t000" lemma="granica" pos="NOUN">granice</instance>
         <wf lemma="svog" pos="X">svog</wf>
         <wf lemma="strpljenja" pos="X">strpljenja</wf>
         <wf lemma="." pos="X">.</wf>
      </sentence>
      <sentence id="d000.s1723" source="wordnet-croatian">
         <wf lemma="Odnosi" pos="X">Odnosi</wf>
         <instance id="d000.s1723.t000" lemma="hiperonimija" pos="NOUN">hiperonimije</instance>
         <wf lemma="i" pos="X">i</wf>
         <wf lemma="hiponimije" pos="X">hiponimije</wf>
         <wf lemma="binarni" pos="X">binarni</wf>
         <wf lemma="su" pos="X">su</wf>
         <wf lemma="odnosi" pos="X">odnosi</wf>
         <wf lemma="." pos="X">.</wf>
      </sentence>
      <sentence id="d000.s1724" source="wordnet-croatian">
         <wf lemma="Njegova" pos="X">Njegova</wf>
         <wf lemma="ga" pos="X">ga</wf>
         <instance id="d000.s1724.t000" lemma="starost" pos="NOUN">starost</instance>
         <wf lemma="nije" pos="X">nije</wf>
         <wf lemma="nimalo" pos="X">nimalo</wf>
         <wf lemma="sputavala" pos="X">sputavala</wf>
         <wf lemma="," pos="X">,</wf>
         <wf lemma="i" pos="X">i</wf>
         <wf lemma="dalje" pos="X">dalje</wf>
         <wf lemma="je" pos="X">je</wf>
         <wf lemma="aktivno" pos="X">aktivno</wf>
         <wf lemma="planinario" pos="X">planinario</wf>
         <wf lemma="kao" pos="X">kao</wf>
         <wf lemma="i" pos="X">i</wf>
         <wf lemma="prije" pos="X">prije</wf>
         <wf lemma="dvadeset" pos="X">dvadeset</wf>
         <wf lemma="godina" pos="X">godina</wf>
         <wf lemma="." pos="X">.</wf>
      </sentence>
      <sentence id="d000.s1725" source="wordnet-croatian">
         <wf lemma="Varivo" pos="X">Varivo</wf>
         <wf lemma="od" pos="X">od</wf>
         <instance id="d000.s1725.t000" lemma="bamija" pos="NOUN">bamija</instance>
         <wf lemma="nije" pos="X">nije</wf>
         <wf lemma="jeo" pos="X">jeo</wf>
         <wf lemma="otkad" pos="X">otkad</wf>
         <wf lemma="mu" pos="X">mu</wf>
         <wf lemma="je" pos="X">je</wf>
         <wf lemma="umrla" pos="X">umrla</wf>
         <wf lemma="baka" pos="X">baka</wf>
         <wf lemma="." pos="X">.</wf>
      </sentence>
      <sentence id="d000.s1726" source="wordnet-croatian">
         <wf lemma="U" pos="X">U</wf>
         <wf lemma="staklenoj" pos="X">staklenoj</wf>
         <instance id="d000.s1726.t000" lemma="vaza" pos="NOUN">vazi</instance>
         <wf lemma="stajala" pos="X">stajala</wf>
         <wf lemma="je" pos="X">je</wf>
         <wf lemma="prekrasna" pos="X">prekrasna</wf>
         <wf lemma="crvena" pos="X">crvena</wf>
         <wf lemma="ruža" pos="X">ruža</wf>
         <wf lemma="." pos="X">.</wf>
      </sentence>
      <sentence id="d000.s1727" source="wordnet-croatian">
         <instance id="d000.s1727.t000" lemma="način" pos="NOUN">Način</instance>
         <wf lemma="na" pos="X">na</wf>
         <wf lemma="koji" pos="X">koji</wf>
         <wf lemma="je" pos="X">je</wf>
         <wf lemma="komunicirao" pos="X">komunicirao</wf>
         <wf lemma="s" pos="X">s</wf>
         <wf lemma="kolegama" pos="X">kolegama</wf>
         <wf lemma="učinio" pos="X">učinio</wf>
         <wf lemma="ga" pos="X">ga</wf>
         <wf lemma="je" pos="X">je</wf>
         <wf lemma="omiljenim" pos="X">omiljenim</wf>
         <wf lemma="." pos="X">.</wf>
      </sentence>
      <sentence id="d000.s1728" source="wordnet-croatian">
         <wf lemma="Imao" pos="X">Imao</wf>
         <wf lemma="je" pos="X">je</wf>
         <instance id="d000.s1728.t000" lemma="ortodoksan" pos="ADJ">ortodoksan</instance>
         <wf lemma="pogled" pos="X">pogled</wf>
         <wf lemma="na" pos="X">na</wf>
         <wf lemma="svijet" pos="X">svijet</wf>
         <wf lemma="." pos="X">.</wf>
      </sentence>
      <sentence id="d000.s1729" source="wordnet-croatian">
         <wf lemma="Novija" pos="X">Novija</wf>
         <wf lemma="hrvatska" pos="X">hrvatska</wf>
         <wf lemma="književnost" pos="X">književnost</wf>
         <wf lemma="bila" pos="X">bila</wf>
         <wf lemma="je" pos="X">je</wf>
         <wf lemma="njegovo" pos="X">njegovo</wf>
         <instance id="d000.s1729.t000" lemma="područje" pos="NOUN">područje</instance>
         <wf lemma="pa" pos="X">pa</wf>
         <wf lemma="je" pos="X">je</wf>
         <wf lemma="s" pos="X">s</wf>
         <wf lemma="užitkom" pos="X">užitkom</wf>
         <wf lemma="održao" pos="X">održao</wf>
         <wf lemma="predavanje" pos="X">predavanje</wf>
         <wf lemma="o" pos="X">o</wf>
         <wf lemma="Krleži" pos="X">Krleži</wf>
         <wf lemma="." pos="X">.</wf>
      </sentence>
      <sentence id="d000.s1730" source="wordnet-croatian">
         <wf lemma="Mještani" pos="X">Mještani</wf>
         <wf lemma="nemaju" pos="X">nemaju</wf>
         <instance id="d000.s1730.t000" lemma="običaj" pos="NOUN">običaj</instance>
         <wf lemma="doći" pos="X">doći</wf>
         <wf lemma="u" pos="X">u</wf>
         <wf lemma="kratkim" pos="X">kratkim</wf>
         <wf lemma="hlačama" pos="X">hlačama</wf>
         <wf lemma="na" pos="X">na</wf>
         <wf lemma="večeru" pos="X">večeru</wf>
         <wf lemma="." pos="X">.</wf>
      </sentence>
      <sentence id="d000.s1731" source="wordnet-croatian">
         <wf lemma="Dva" pos="X">Dva</wf>
         <wf lemma="metka" pos="X">metka</wf>
         <wf lemma="u" pos="X">u</wf>
         <instance id="d000.s1731.t000" lemma="trbuh" pos="NOUN">trbuh</instance>
         <wf lemma="nisu" pos="X">nisu</wf>
         <wf lemma="ga" pos="X">ga</wf>
         <wf lemma="ubila" pos="X">ubila</wf>
         <wf lemma="." pos="X">.</wf>
      </sentence>
      <sentence id="d000.s1732" source="wordnet-croatian">
         <wf lemma="Nisam" pos="X">Nisam</wf>
         <wf lemma="mogao" pos="X">mogao</wf>
         <wf lemma="dobiti" pos="X">dobiti</wf>
         <wf lemma="starog" pos="X">starog</wf>
         <wf lemma="prijatelja" pos="X">prijatelja</wf>
         <instance id="d000.s1732.t000" lemma="telefon" pos="NOUN">telefonom</instance>
         <wf lemma="pa" pos="X">pa</wf>
         <wf lemma="sam" pos="X">sam</wf>
         <wf lemma="mu" pos="X">mu</wf>
         <wf lemma="posalo" pos="X">posalo</wf>
         <wf lemma="pismo" pos="X">pismo</wf>
         <wf lemma="." pos="X">.</wf>
      </sentence>
      <sentence id="d000.s1733" source="wordnet-croatian">
         <wf lemma="Odobravao" pos="X">Odobravao</wf>
         <wf lemma="je" pos="X">je</wf>
         <wf lemma="moje" pos="X">moje</wf>
         <wf lemma="riječi" pos="X">riječi</wf>
         <instance id="d000.s1733.t000" lemma="kimanje" pos="NOUN">kimanjem</instance>
         <wf lemma="." pos="X">.</wf>
      </sentence>
      <sentence id="d000.s1734" source="wordnet-croatian">
         <wf lemma="Nije" pos="X">Nije</wf>
         <wf lemma="mogao" pos="X">mogao</wf>
         <wf lemma="obuti" pos="X">obuti</wf>
         <wf lemma="cipele" pos="X">cipele</wf>
         <wf lemma="bez" pos="X">bez</wf>
         <instance id="d000.s1734.t000" lemma="žlica" pos="NOUN">žlice</instance>
         <wf lemma="." pos="X">.</wf>
      </sentence>
      <sentence id="d000.s1735" source="wordnet-croatian">
         <instance id="d000.s1735.t000" lemma="oblikovati" pos="VERB">Oblikovala</instance>
         <wf lemma="je" pos="X">je</wf>
         <wf lemma="mnoštvo" pos="X">mnoštvo</wf>
         <wf lemma="zanimljivih" pos="X">zanimljivih</wf>
         <wf lemma="figura" pos="X">figura</wf>
         <wf lemma="iz" pos="X">iz</wf>
         <wf lemma="plastelina" pos="X">plastelina</wf>
         <wf lemma="." pos="X">.</wf>
      </sentence>
      <sentence id="d000.s1736" source="wordnet-croatian">
         <wf lemma="Uvijek" pos="X">Uvijek</wf>
         <wf lemma="je" pos="X">je</wf>
         <wf lemma="očaravala" pos="X">očaravala</wf>
         <wf lemma="prisutne" pos="X">prisutne</wf>
         <instance id="d000.s1736.t000" lemma="izricanje" pos="NOUN">izricanjem</instance>
         <wf lemma="latinskih" pos="X">latinskih</wf>
         <wf lemma="fraza" pos="X">fraza</wf>
         <wf lemma="." pos="X">.</wf>
      </sentence>
      <sentence id="d000.s1737" source="wordnet-croatian">
         <wf lemma="U" pos="X">U</wf>
         <wf lemma="stanu" pos="X">stanu</wf>
         <wf lemma="je" pos="X">je</wf>
         <wf lemma="isključivo" pos="X">isključivo</wf>
         <instance id="d000.s1737.t000" lemma="namještaj" pos="NOUN">namještaj</instance>
         <wf lemma="moderna" pos="X">moderna</wf>
         <wf lemma="dizajna" pos="X">dizajna</wf>
         <wf lemma="." pos="X">.</wf>
      </sentence>
      <sentence id="d000.s1738" source="wordnet-croatian">
         <wf lemma="Mirkova" pos="X">Mirkova</wf>
         <wf lemma="obitelj" pos="X">obitelj</wf>
         <wf lemma="ima" pos="X">ima</wf>
         <wf lemma="veliko" pos="X">veliko</wf>
         <instance id="d000.s1738.t000" lemma="imanje" pos="NOUN">imanje</instance>
         <wf lemma="nadomak" pos="X">nadomak</wf>
         <wf lemma="Gospića" pos="X">Gospića</wf>
         <wf lemma="." pos="X">.</wf>
      </sentence>
      <sentence id="d000.s1739" source="wordnet-croatian">
         <instance id="d000.s1739.t000" lemma="dati" pos="VERB">Dala</instance>
         <wf lemma="mu" pos="X">mu</wf>
         <wf lemma="je" pos="X">je</wf>
         <wf lemma="lijep" pos="X">lijep</wf>
         <wf lemma="poklon" pos="X">poklon</wf>
         <wf lemma="." pos="X">.</wf>
      </sentence>
      <sentence id="d000.s1740" source="wordnet-croatian">
         <wf lemma="Mislila" pos="X">Mislila</wf>
         <wf lemma="je" pos="X">je</wf>
         <wf lemma="da" pos="X">da</wf>
         <wf lemma="njezin" pos="X">njezin</wf>
         <wf lemma="život" pos="X">život</wf>
         <wf lemma="ne" pos="X">ne</wf>
         <wf lemma="bi" pos="X">bi</wf>
         <wf lemma="imao" pos="X">imao</wf>
         <wf lemma="smisla" pos="X">smisla</wf>
         <wf lemma="bez" pos="X">bez</wf>
         <wf lemma="svakodnevnih" pos="X">svakodnevnih</wf>
         <wf lemma="lumpanja" pos="X">lumpanja</wf>
         <wf lemma="po" pos="X">po</wf>
         <wf lemma="noćnim" pos="X">noćnim</wf>
         <instance id="d000.s1740.t000" lemma="klub" pos="NOUN">klubovima</instance>
         <wf lemma="." pos="X">.</wf>
      </sentence>
      <sentence id="d000.s1741" source="wordnet-croatian">
         <wf lemma="Zgrozila" pos="X">Zgrozila</wf>
         <wf lemma="ju" pos="X">ju</wf>
         <wf lemma="je" pos="X">je</wf>
         <instance id="d000.s1741.t000" lemma="nemoralnost" pos="NOUN">nemoralnost</instance>
         <wf lemma="njegove" pos="X">njegove</wf>
         <wf lemma="ponude" pos="X">ponude</wf>
         <wf lemma="." pos="X">.</wf>
      </sentence>
      <sentence id="d000.s1742" source="wordnet-croatian">
         <wf lemma="Policija" pos="X">Policija</wf>
         <wf lemma="je" pos="X">je</wf>
         <instance id="d000.s1742.t000" lemma="zgrabiti" pos="VERB">zgrabila</instance>
         <wf lemma="lopova" pos="X">lopova</wf>
         <wf lemma="na" pos="X">na</wf>
         <wf lemma="izlazu" pos="X">izlazu</wf>
         <wf lemma="iz" pos="X">iz</wf>
         <wf lemma="grada" pos="X">grada</wf>
         <wf lemma="." pos="X">.</wf>
      </sentence>
      <sentence id="d000.s1743" source="wordnet-croatian">
         <wf lemma="Posljednja" pos="X">Posljednja</wf>
         <wf lemma="je" pos="X">je</wf>
         <instance id="d000.s1743.t000" lemma="znamenka" pos="NOUN">znamenka</instance>
         <wf lemma="mojeg" pos="X">mojeg</wf>
         <wf lemma="matičnog" pos="X">matičnog</wf>
         <wf lemma="broja" pos="X">broja</wf>
         <wf lemma="sedam" pos="X">sedam</wf>
         <wf lemma="." pos="X">.</wf>
      </sentence>
      <sentence id="d000.s1744" source="wordnet-croatian">
         <wf lemma="Te" pos="X">Te</wf>
         <wf lemma="smo" pos="X">smo</wf>
         <wf lemma="večeri" pos="X">večeri</wf>
         <wf lemma="moja" pos="X">moja</wf>
         <wf lemma="žena" pos="X">žena</wf>
         <wf lemma="i" pos="X">i</wf>
         <wf lemma="ja" pos="X">ja</wf>
         <instance id="d000.s1744.t000" lemma="pocugati" pos="VERB">pocugali</instance>
         <wf lemma="deset" pos="X">deset</wf>
         <wf lemma="litara" pos="X">litara</wf>
         <wf lemma="vina" pos="X">vina</wf>
         <wf lemma="." pos="X">.</wf>
      </sentence>
      <sentence id="d000.s1745" source="wordnet-croatian">
         <wf lemma="Ta" pos="X">Ta</wf>
         <wf lemma="ih" pos="X">ih</wf>
         <wf lemma="je" pos="X">je</wf>
         <wf lemma="vijest" pos="X">vijest</wf>
         <instance id="d000.s1745.t000" lemma="demoralizirati" pos="VERB">demoralizirala</instance>
         <wf lemma="." pos="X">.</wf>
      </sentence>
      <sentence id="d000.s1746" source="wordnet-croatian">
         <wf lemma="Imao" pos="X">Imao</wf>
         <wf lemma="je" pos="X">je</wf>
         <instance id="d000.s1746.t000" lemma="besprijekoran" pos="ADJ">besprijekorne</instance>
         <wf lemma="manire" pos="X">manire</wf>
         <wf lemma="." pos="X">.</wf>
      </sentence>
      <sentence id="d000.s1747" source="wordnet-croatian">
         <instance id="d000.s1747.t000" lemma="pasti" pos="VERB">Pala</instance>
         <wf lemma="je" pos="X">je</wf>
         <wf lemma="ravno" pos="X">ravno</wf>
         <wf lemma="u" pos="X">u</wf>
         <wf lemma="ruke" pos="X">ruke</wf>
         <wf lemma="neprijatelja" pos="X">neprijatelja</wf>
         <wf lemma="." pos="X">.</wf>
      </sentence>
      <sentence id="d000.s1748" source="wordnet-croatian">
         <wf lemma="Bomba" pos="X">Bomba</wf>
         <wf lemma="je" pos="X">je</wf>
         <instance id="d000.s1748.t000" lemma="eksplodirati" pos="VERB">eksplodirala</instance>
         <wf lemma="." pos="X">.</wf>
      </sentence>
      <sentence id="d000.s1749" source="wordnet-croatian">
         <wf lemma="Gubitak" pos="X">Gubitak</wf>
         <wf lemma="posla" pos="X">posla</wf>
         <wf lemma="za" pos="X">za</wf>
         <wf lemma="njega" pos="X">njega</wf>
         <wf lemma="je" pos="X">je</wf>
         <wf lemma="prava" pos="X">prava</wf>
         <instance id="d000.s1749.t000" lemma="degradacija" pos="NOUN">degradacija</instance>
         <wf lemma="." pos="X">.</wf>
      </sentence>
      <sentence id="d000.s1750" source="wordnet-croatian">
         <wf lemma="Novinari" pos="X">Novinari</wf>
         <wf lemma="su" pos="X">su</wf>
         <wf lemma="intervjuirali" pos="X">intervjuirali</wf>
         <instance id="d000.s1750.t000" lemma="osoblje" pos="NOUN">osoblje</instance>
         <wf lemma="bolnice" pos="X">bolnice</wf>
         <wf lemma="." pos="X">.</wf>
      </sentence>
      <sentence id="d000.s1751" source="wordnet-croatian">
         <wf lemma="Taj" pos="X">Taj</wf>
         <wf lemma="je" pos="X">je</wf>
         <wf lemma="čovjek" pos="X">čovjek</wf>
         <instance id="d000.s1751.t000" lemma="ubiti" pos="VERB">ubio</instance>
         <wf lemma="ne" pos="X">ne</wf>
         <wf lemma="samo" pos="X">samo</wf>
         <wf lemma="vlastitu" pos="X">vlastitu</wf>
         <wf lemma="ženu" pos="X">ženu</wf>
         <wf lemma="," pos="X">,</wf>
         <wf lemma="već" pos="X">već</wf>
         <wf lemma="i" pos="X">i</wf>
         <wf lemma="punicu" pos="X">punicu</wf>
         <wf lemma="." pos="X">.</wf>
      </sentence>
      <sentence id="d000.s1752" source="wordnet-croatian">
         <wf lemma="Ja" pos="X">Ja</wf>
         <wf lemma="ću" pos="X">ću</wf>
         <wf lemma="bacati" pos="X">bacati</wf>
         <wf lemma="," pos="X">,</wf>
         <wf lemma="a" pos="X">a</wf>
         <wf lemma="ti" pos="X">ti</wf>
         <wf lemma="ćeš" pos="X">ćeš</wf>
         <instance id="d000.s1752.t000" lemma="loviti" pos="VERB">loviti</instance>
         <wf lemma="lopticu" pos="X">lopticu</wf>
         <wf lemma="." pos="X">.</wf>
      </sentence>
      <sentence id="d000.s1753" source="wordnet-croatian">
         <wf lemma="Djeca" pos="X">Djeca</wf>
         <wf lemma="su" pos="X">su</wf>
         <wf lemma="joj" pos="X">joj</wf>
         <wf lemma="pomogla" pos="X">pomogla</wf>
         <wf lemma="odnijeti" pos="X">odnijeti</wf>
         <instance id="d000.s1753.t000" lemma="posuđe" pos="NOUN">posuđe</instance>
         <wf lemma="u" pos="X">u</wf>
         <wf lemma="kuhinju" pos="X">kuhinju</wf>
         <wf lemma="." pos="X">.</wf>
      </sentence>
      <sentence id="d000.s1754" source="wordnet-croatian">
         <wf lemma="Miris" pos="X">Miris</wf>
         <instance id="d000.s1754.t000" lemma="klinčić" pos="NOUN">klinčića</instance>
         <wf lemma="i" pos="X">i</wf>
         <wf lemma="cimeta" pos="X">cimeta</wf>
         <wf lemma="osjetio" pos="X">osjetio</wf>
         <wf lemma="se" pos="X">se</wf>
         <wf lemma="po" pos="X">po</wf>
         <wf lemma="cijeloj" pos="X">cijeloj</wf>
         <wf lemma="kući" pos="X">kući</wf>
         <wf lemma="." pos="X">.</wf>
      </sentence>
      <sentence id="d000.s1755" source="wordnet-croatian">
         <wf lemma="Znanstvenici" pos="X">Znanstvenici</wf>
         <wf lemma="moraju" pos="X">moraju</wf>
         <wf lemma="marljivo" pos="X">marljivo</wf>
         <instance id="d000.s1755.t000" lemma="raditi" pos="VERB">raditi</instance>
         <wf lemma="." pos="X">.</wf>
      </sentence>
      <sentence id="d000.s1756" source="wordnet-croatian">
         <instance id="d000.s1756.t000" lemma="socijalizacija" pos="NOUN">Socijalizacija</instance>
         <wf lemma="djeteta" pos="X">djeteta</wf>
         <wf lemma="u" pos="X">u</wf>
         <wf lemma="ranoj" pos="X">ranoj</wf>
         <wf lemma="dobi" pos="X">dobi</wf>
         <wf lemma="važna" pos="X">važna</wf>
         <wf lemma="je" pos="X">je</wf>
         <wf lemma="za" pos="X">za</wf>
         <wf lemma="njegov" pos="X">njegov</wf>
         <wf lemma="razvoj" pos="X">razvoj</wf>
         <wf lemma="." pos="X">.</wf>
      </sentence>
      <sentence id="d000.s1757" source="wordnet-croatian">
         <wf lemma="Odsvirao" pos="X">Odsvirao</wf>
         <wf lemma="je" pos="X">je</wf>
         <instance id="d000.s1757.t000" lemma="nježan" pos="ADJ">nježan</instance>
         <wf lemma="stavak" pos="X">stavak</wf>
         <wf lemma="za" pos="X">za</wf>
         <wf lemma="violinu" pos="X">violinu</wf>
         <wf lemma="." pos="X">.</wf>
      </sentence>
      <sentence id="d000.s1758" source="wordnet-croatian">
         <wf lemma="Na" pos="X">Na</wf>
         <wf lemma="trećoj" pos="X">trećoj</wf>
         <wf lemma="godini" pos="X">godini</wf>
         <wf lemma="studija" pos="X">studija</wf>
         <instance id="d000.s1758.t000" lemma="zamijeniti" pos="VERB">zamijenio</instance>
         <wf lemma="je" pos="X">je</wf>
         <wf lemma="svoje" pos="X">svoje</wf>
         <wf lemma="ime" pos="X">ime</wf>
         <wf lemma="." pos="X">.</wf>
      </sentence>
      <sentence id="d000.s1759" source="wordnet-croatian">
         <wf lemma="Bio" pos="X">Bio</wf>
         <wf lemma="je" pos="X">je</wf>
         <instance id="d000.s1759.t000" lemma="prisutan" pos="ADJ">prisutan</instance>
         <wf lemma="na" pos="X">na</wf>
         <wf lemma="vjenčanju" pos="X">vjenčanju</wf>
         <wf lemma="." pos="X">.</wf>
      </sentence>
      <sentence id="d000.s1760" source="wordnet-croatian">
         <wf lemma="Za" pos="X">Za</wf>
         <wf lemma="svaku" pos="X">svaku</wf>
         <wf lemma="tvrdnju" pos="X">tvrdnju</wf>
         <wf lemma="treba" pos="X">treba</wf>
         <instance id="d000.s1760.t000" lemma="predočiti" pos="VERB">predočiti</instance>
         <wf lemma="dokaze" pos="X">dokaze</wf>
         <wf lemma="." pos="X">.</wf>
      </sentence>
      <sentence id="d000.s1761" source="wordnet-croatian">
         <wf lemma="To" pos="X">To</wf>
         <instance id="d000.s1761.t000" lemma="izgledati" pos="VERB">izgleda</instance>
         <wf lemma="nerješivim" pos="X">nerješivim</wf>
         <wf lemma="problemom" pos="X">problemom</wf>
         <wf lemma="." pos="X">.</wf>
      </sentence>
      <sentence id="d000.s1762" source="wordnet-croatian">
         <wf lemma="Dok" pos="X">Dok</wf>
         <wf lemma="je" pos="X">je</wf>
         <wf lemma="hodala" pos="X">hodala</wf>
         <wf lemma="po" pos="X">po</wf>
         <wf lemma="livadi" pos="X">livadi</wf>
         <wf lemma="trava" pos="X">trava</wf>
         <wf lemma="je" pos="X">je</wf>
         <instance id="d000.s1762.t000" lemma="golicati" pos="VERB">golicala</instance>
         <wf lemma="njezina" pos="X">njezina</wf>
         <wf lemma="koljena" pos="X">koljena</wf>
         <wf lemma="." pos="X">.</wf>
      </sentence>
      <sentence id="d000.s1763" source="wordnet-croatian">
         <wf lemma="Djeca" pos="X">Djeca</wf>
         <wf lemma="su" pos="X">su</wf>
         <wf lemma="slasno" pos="X">slasno</wf>
         <instance id="d000.s1763.t000" lemma="mljackati" pos="VERB">mljackala</instance>
         <wf lemma="." pos="X">.</wf>
      </sentence>
      <sentence id="d000.s1764" source="wordnet-croatian">
         <wf lemma="Tvrtka" pos="X">Tvrtka</wf>
         <wf lemma="je" pos="X">je</wf>
         <wf lemma="postala" pos="X">postala</wf>
         <wf lemma="zapuštena" pos="X">zapuštena</wf>
         <wf lemma="zbog" pos="X">zbog</wf>
         <instance id="d000.s1764.t000" lemma="nemarnost" pos="NOUN">nemarnosti</instance>
         <wf lemma="njenih" pos="X">njenih</wf>
         <wf lemma="članova" pos="X">članova</wf>
         <wf lemma="." pos="X">.</wf>
      </sentence>
      <sentence id="d000.s1765" source="wordnet-croatian">
         <wf lemma="Zubar" pos="X">Zubar</wf>
         <wf lemma="mu" pos="X">mu</wf>
         <wf lemma="je" pos="X">je</wf>
         <instance id="d000.s1765.t000" lemma="iščupati" pos="VERB">iščupao</instance>
         <wf lemma="pokvareni" pos="X">pokvareni</wf>
         <wf lemma="zub" pos="X">zub</wf>
         <wf lemma="." pos="X">.</wf>
      </sentence>
      <sentence id="d000.s1766" source="wordnet-croatian">
         <wf lemma="Nesretno" pos="X">Nesretno</wf>
         <wf lemma="djetinjstvo" pos="X">djetinjstvo</wf>
         <wf lemma="je" pos="X">je</wf>
         <instance id="d000.s1766.t000" lemma="formirati" pos="VERB">formiralo</instance>
         <wf lemma="njezin" pos="X">njezin</wf>
         <wf lemma="kasniji" pos="X">kasniji</wf>
         <wf lemma="spisateljski" pos="X">spisateljski</wf>
         <wf lemma="put" pos="X">put</wf>
         <wf lemma="." pos="X">.</wf>
      </sentence>
      <sentence id="d000.s1767" source="wordnet-croatian">
         <wf lemma="Prava" pos="X">Prava</wf>
         <wf lemma="se" pos="X">se</wf>
         <instance id="d000.s1767.t000" lemma="pobožnost" pos="NOUN">pobožnost</instance>
         <wf lemma="ne" pos="X">ne</wf>
         <wf lemma="mjeri" pos="X">mjeri</wf>
         <wf lemma="odlascima" pos="X">odlascima</wf>
         <wf lemma="u" pos="X">u</wf>
         <wf lemma="crkvu" pos="X">crkvu</wf>
         <wf lemma="." pos="X">.</wf>
      </sentence>
      <sentence id="d000.s1768" source="wordnet-croatian">
         <wf lemma="Svi" pos="X">Svi</wf>
         <instance id="d000.s1768.t000" lemma="unutarnji" pos="ADJ">unutarnji</instance>
         <wf lemma="dijelovi" pos="X">dijelovi</wf>
         <wf lemma="nadzornog" pos="X">nadzornog</wf>
         <wf lemma="uređaja" pos="X">uređaja</wf>
         <wf lemma="moraju" pos="X">moraju</wf>
         <wf lemma="biti" pos="X">biti</wf>
         <wf lemma="zaštićeni" pos="X">zaštićeni</wf>
         <wf lemma="od" pos="X">od</wf>
         <wf lemma="vlage" pos="X">vlage</wf>
         <wf lemma="i" pos="X">i</wf>
         <wf lemma="prašine" pos="X">prašine</wf>
         <wf lemma="." pos="X">.</wf>
      </sentence>
      <sentence id="d000.s1769" source="wordnet-croatian">
         <wf lemma="Ljudska" pos="X">Ljudska</wf>
         <instance id="d000.s1769.t000" lemma="zloća" pos="NOUN">zloća</instance>
         <wf lemma="raste" pos="X">raste</wf>
         <wf lemma="do" pos="X">do</wf>
         <wf lemma="neslućenih" pos="X">neslućenih</wf>
         <wf lemma="granica" pos="X">granica</wf>
         <wf lemma="." pos="X">.</wf>
      </sentence>
      <sentence id="d000.s1770" source="wordnet-croatian">
         <instance id="d000.s1770.t000" lemma="primiti" pos="VERB">Primi</instance>
         <wf lemma="ovu" pos="X">ovu</wf>
         <wf lemma="zdjelu" pos="X">zdjelu</wf>
         <wf lemma="na" pos="X">na</wf>
         <wf lemma="tren" pos="X">tren</wf>
         <wf lemma="." pos="X">.</wf>
      </sentence>
      <sentence id="d000.s1771" source="wordnet-croatian">
         <wf lemma="Na" pos="X">Na</wf>
         <wf lemma="imanju" pos="X">imanju</wf>
         <wf lemma="mu" pos="X">mu</wf>
         <wf lemma="je" pos="X">je</wf>
         <wf lemma="trebao" pos="X">trebao</wf>
         <wf lemma="dobar" pos="X">dobar</wf>
         <instance id="d000.s1771.t000" lemma="poznavalac" pos="NOUN">poznavalac</instance>
         <wf lemma="konja" pos="X">konja</wf>
         <wf lemma="." pos="X">.</wf>
      </sentence>
      <sentence id="d000.s1772" source="wordnet-croatian">
         <instance id="d000.s1772.t000" lemma="pravilo" pos="NOUN">Pravila</instance>
         <wf lemma="se" pos="X">se</wf>
         <wf lemma="jednostavno" pos="X">jednostavno</wf>
         <wf lemma="moraju" pos="X">moraju</wf>
         <wf lemma="poštivati" pos="X">poštivati</wf>
         <wf lemma="." pos="X">.</wf>
      </sentence>
      <sentence id="d000.s1773" source="wordnet-croatian">
         <wf lemma="Ljekarnik" pos="X">Ljekarnik</wf>
         <wf lemma="je" pos="X">je</wf>
         <instance id="d000.s1773.t000" lemma="izmiješati" pos="VERB">izmiješao</instance>
         <wf lemma="sastojke" pos="X">sastojke</wf>
         <wf lemma="i" pos="X">i</wf>
         <wf lemma="pripremio" pos="X">pripremio</wf>
         <wf lemma="lijek" pos="X">lijek</wf>
         <wf lemma="." pos="X">.</wf>
      </sentence>
      <sentence id="d000.s1774" source="wordnet-croatian">
         <wf lemma="Ne" pos="X">Ne</wf>
         <wf lemma="mogu" pos="X">mogu</wf>
         <instance id="d000.s1774.t000" lemma="prihvatiti" pos="VERB">prihvatiti</instance>
         <wf lemma="tvoj" pos="X">tvoj</wf>
         <wf lemma="poziv" pos="X">poziv</wf>
         <wf lemma="u" pos="X">u</wf>
         <wf lemma="kino" pos="X">kino</wf>
         <wf lemma="." pos="X">.</wf>
      </sentence>
      <sentence id="d000.s1775" source="wordnet-croatian">
         <wf lemma="Najdraže" pos="X">Najdraže</wf>
         <wf lemma="su" pos="X">su</wf>
         <wf lemma="mi" pos="X">mi</wf>
         <wf lemma="bombonijere" pos="X">bombonijere</wf>
         <wf lemma="koje" pos="X">koje</wf>
         <wf lemma="imaju" pos="X">imaju</wf>
         <wf lemma="razan" pos="X">razan</wf>
         <wf lemma="asortiman" pos="X">asortiman</wf>
         <instance id="d000.s1775.t000" lemma="slatkiš" pos="NOUN">slatkiša</instance>
         <wf lemma="." pos="X">.</wf>
      </sentence>
      <sentence id="d000.s1776" source="wordnet-croatian">
         <wf lemma="U" pos="X">U</wf>
         <wf lemma="Bibliji" pos="X">Bibliji</wf>
         <wf lemma="je" pos="X">je</wf>
         <wf lemma="Adam" pos="X">Adam</wf>
         <wf lemma="davao" pos="X">davao</wf>
         <wf lemma="životinjama" pos="X">životinjama</wf>
         <instance id="d000.s1776.t000" lemma="naziv" pos="NOUN">nazive</instance>
         <wf lemma="po" pos="X">po</wf>
         <wf lemma="kojima" pos="X">kojima</wf>
         <wf lemma="ih" pos="X">ih</wf>
         <wf lemma="danas" pos="X">danas</wf>
         <wf lemma="poznajemo" pos="X">poznajemo</wf>
         <wf lemma="." pos="X">.</wf>
      </sentence>
      <sentence id="d000.s1777" source="wordnet-croatian">
         <wf lemma="Sobarica" pos="X">Sobarica</wf>
         <wf lemma="je" pos="X">je</wf>
         <instance id="d000.s1777.t000" lemma="izgladiti" pos="VERB">izgladila</instance>
         <wf lemma="nabore" pos="X">nabore</wf>
         <wf lemma="na" pos="X">na</wf>
         <wf lemma="krevetu" pos="X">krevetu</wf>
         <wf lemma="." pos="X">.</wf>
      </sentence>
      <sentence id="d000.s1778" source="wordnet-croatian">
         <wf lemma="Prije" pos="X">Prije</wf>
         <wf lemma="selidbe" pos="X">selidbe</wf>
         <wf lemma="moramo" pos="X">moramo</wf>
         <instance id="d000.s1778.t000" lemma="spakirati" pos="VERB">spakirati</instance>
         <wf lemma="sve" pos="X">sve</wf>
         <wf lemma="knjige" pos="X">knjige</wf>
         <wf lemma="u" pos="X">u</wf>
         <wf lemma="kutije" pos="X">kutije</wf>
         <wf lemma="." pos="X">.</wf>
      </sentence>
      <sentence id="d000.s1779" source="wordnet-croatian">
         <wf lemma="Građani" pos="X">Građani</wf>
         <wf lemma="plaćaju" pos="X">plaćaju</wf>
         <wf lemma="sve" pos="X">sve</wf>
         <instance id="d000.s1779.t000" lemma="težak" pos="ADJ">teže</instance>
         <wf lemma="namete" pos="X">namete</wf>
         <wf lemma="." pos="X">.</wf>
      </sentence>
      <sentence id="d000.s1780" source="wordnet-croatian">
         <wf lemma="U" pos="X">U</wf>
         <wf lemma="hotelima" pos="X">hotelima</wf>
         <wf lemma="se" pos="X">se</wf>
         <wf lemma="posebna" pos="X">posebna</wf>
         <wf lemma="pozornost" pos="X">pozornost</wf>
         <wf lemma="poklanja" pos="X">poklanja</wf>
         <wf lemma="čistoći" pos="X">čistoći</wf>
         <instance id="d000.s1780.t000" lemma="posteljina" pos="NOUN">posteljine</instance>
         <wf lemma="." pos="X">.</wf>
      </sentence>
      <sentence id="d000.s1781" source="wordnet-croatian">
         <wf lemma="Jako" pos="X">Jako</wf>
         <wf lemma="je" pos="X">je</wf>
         <wf lemma="volio" pos="X">volio</wf>
         <instance id="d000.s1781.t000" lemma="dinstati" pos="VERB">dinstati</instance>
         <wf lemma="povrće" pos="X">povrće</wf>
         <wf lemma="u" pos="X">u</wf>
         <wf lemma="vinu" pos="X">vinu</wf>
         <wf lemma="." pos="X">.</wf>
      </sentence>
      <sentence id="d000.s1782" source="wordnet-croatian">
         <instance id="d000.s1782.t000" lemma="poricanje" pos="NOUN">Poricanje</instance>
         <wf lemma="krivnje" pos="X">krivnje</wf>
         <wf lemma="na" pos="X">na</wf>
         <wf lemma="sudu" pos="X">sudu</wf>
         <wf lemma="mu" pos="X">mu</wf>
         <wf lemma="nije" pos="X">nije</wf>
         <wf lemma="pomoglo" pos="X">pomoglo</wf>
         <wf lemma="." pos="X">.</wf>
      </sentence>
      <sentence id="d000.s1783" source="wordnet-croatian">
         <wf lemma="Postoje" pos="X">Postoje</wf>
         <wf lemma="mnoge" pos="X">mnoge</wf>
         <instance id="d000.s1783.t000" lemma="razlika" pos="NOUN">razlike</instance>
         <wf lemma="između" pos="X">između</wf>
         <wf lemma="dobre" pos="X">dobre</wf>
         <wf lemma="i" pos="X">i</wf>
         <wf lemma="loše" pos="X">loše</wf>
         <wf lemma="glazbe" pos="X">glazbe</wf>
         <wf lemma="." pos="X">.</wf>
      </sentence>
      <sentence id="d000.s1784" source="wordnet-croatian">
         <wf lemma="Ta" pos="X">Ta</wf>
         <wf lemma="je" pos="X">je</wf>
         <instance id="d000.s1784.t000" lemma="potankost" pos="NOUN">potankost</instance>
         <wf lemma="bila" pos="X">bila</wf>
         <wf lemma="presudna" pos="X">presudna</wf>
         <wf lemma="." pos="X">.</wf>
      </sentence>
      <sentence id="d000.s1785" source="wordnet-croatian">
         <instance id="d000.s1785.t000" lemma="luk" pos="NOUN">Luk</instance>
         <wf lemma="i" pos="X">i</wf>
         <wf lemma="strijela" pos="X">strijela</wf>
         <wf lemma="bili" pos="X">bili</wf>
         <wf lemma="su" pos="X">su</wf>
         <wf lemma="vrlo" pos="X">vrlo</wf>
         <wf lemma="popularno" pos="X">popularno</wf>
         <wf lemma="oružje" pos="X">oružje</wf>
         <wf lemma="za" pos="X">za</wf>
         <wf lemma="lov" pos="X">lov</wf>
         <wf lemma="." pos="X">.</wf>
      </sentence>
      <sentence id="d000.s1786" source="wordnet-croatian">
         <wf lemma="Nikako" pos="X">Nikako</wf>
         <wf lemma="nije" pos="X">nije</wf>
         <wf lemma="mogao" pos="X">mogao</wf>
         <wf lemma="pronaći" pos="X">pronaći</wf>
         <instance id="d000.s1786.t000" lemma="greška" pos="NOUN">grešku</instance>
         <wf lemma="u" pos="X">u</wf>
         <wf lemma="algoritmu" pos="X">algoritmu</wf>
         <wf lemma="zbog" pos="X">zbog</wf>
         <wf lemma="koje" pos="X">koje</wf>
         <wf lemma="sustav" pos="X">sustav</wf>
         <wf lemma="nije" pos="X">nije</wf>
         <wf lemma="radio" pos="X">radio</wf>
         <wf lemma="." pos="X">.</wf>
      </sentence>
      <sentence id="d000.s1787" source="wordnet-croatian">
         <wf lemma="Nikada" pos="X">Nikada</wf>
         <wf lemma="nije" pos="X">nije</wf>
         <wf lemma="s" pos="X">s</wf>
         <wf lemma="drugima" pos="X">drugima</wf>
         <wf lemma="podijelila" pos="X">podijelila</wf>
         <wf lemma="ni" pos="X">ni</wf>
         <instance id="d000.s1787.t000" lemma="djelić" pos="NOUN">djelić</instance>
         <wf lemma="svoga" pos="X">svoga</wf>
         <wf lemma="obroka" pos="X">obroka</wf>
         <wf lemma="." pos="X">.</wf>
      </sentence>
      <sentence id="d000.s1788" source="wordnet-croatian">
         <wf lemma="Svjetina" pos="X">Svjetina</wf>
         <wf lemma="je" pos="X">je</wf>
         <instance id="d000.s1788.t000" lemma="linčovati" pos="VERB">linčovala</instance>
         <wf lemma="ubojicu" pos="X">ubojicu</wf>
         <wf lemma="djeteta" pos="X">djeteta</wf>
         <wf lemma="." pos="X">.</wf>
      </sentence>
      <sentence id="d000.s1789" source="wordnet-croatian">
         <wf lemma="Ta" pos="X">Ta</wf>
         <instance id="d000.s1789.t000" lemma="stvar" pos="NOUN">stvar</instance>
         <wf lemma="nije" pos="X">nije</wf>
         <wf lemma="za" pos="X">za</wf>
         <wf lemma="javnost" pos="X">javnost</wf>
         <wf lemma="." pos="X">.</wf>
      </sentence>
      <sentence id="d000.s1790" source="wordnet-croatian">
         <wf lemma="Treba" pos="X">Treba</wf>
         <wf lemma="biti" pos="X">biti</wf>
         <wf lemma="vješt" pos="X">vješt</wf>
         <wf lemma="da" pos="X">da</wf>
         <wf lemma="obučeš" pos="X">obučeš</wf>
         <instance id="d000.s1790.t000" lemma="sar" pos="NOUN">sari</instance>
         <wf lemma="tako" pos="X">tako</wf>
         <wf lemma="da" pos="X">da</wf>
         <wf lemma="svi" pos="X">svi</wf>
         <wf lemma="nabori" pos="X">nabori</wf>
         <wf lemma="elegantno" pos="X">elegantno</wf>
         <wf lemma="padaju" pos="X">padaju</wf>
         <wf lemma="." pos="X">.</wf>
      </sentence>
      <sentence id="d000.s1791" source="wordnet-croatian">
         <wf lemma="Strujni" pos="X">Strujni</wf>
         <wf lemma="udar" pos="X">udar</wf>
         <wf lemma="nastaje" pos="X">nastaje</wf>
         <wf lemma="uključenjem" pos="X">uključenjem</wf>
         <wf lemma="tijela" pos="X">tijela</wf>
         <wf lemma="u" pos="X">u</wf>
         <wf lemma="strujni" pos="X">strujni</wf>
         <instance id="d000.s1791.t000" lemma="krug" pos="NOUN">krug</instance>
         <wf lemma="." pos="X">.</wf>
      </sentence>
      <sentence id="d000.s1792" source="wordnet-croatian">
         <wf lemma="Moj" pos="X">Moj</wf>
         <wf lemma="je" pos="X">je</wf>
         <instance id="d000.s1792.t000" lemma="tata" pos="NOUN">tata</instance>
         <wf lemma="jači" pos="X">jači</wf>
         <wf lemma="od" pos="X">od</wf>
         <wf lemma="tvojega" pos="X">tvojega</wf>
         <wf lemma="tate" pos="X">tate</wf>
         <wf lemma="." pos="X">.</wf>
      </sentence>
      <sentence id="d000.s1793" source="wordnet-croatian">
         <instance id="d000.s1793.t000" lemma="ampermetar" pos="NOUN">Ampermetar</instance>
         <wf lemma="se" pos="X">se</wf>
         <wf lemma="spaja" pos="X">spaja</wf>
         <wf lemma="serijski" pos="X">serijski</wf>
         <wf lemma="s" pos="X">s</wf>
         <wf lemma="trošilom" pos="X">trošilom</wf>
         <wf lemma="." pos="X">.</wf>
      </sentence>
      <sentence id="d000.s1794" source="wordnet-croatian">
         <wf lemma="Moj" pos="X">Moj</wf>
         <wf lemma="najbliži" pos="X">najbliži</wf>
         <instance id="d000.s1794.t000" lemma="pomoćnik" pos="NOUN">pomoćnik</instance>
         <wf lemma="me" pos="X">me</wf>
         <wf lemma="je" pos="X">je</wf>
         <wf lemma="napustio" pos="X">napustio</wf>
         <wf lemma="u" pos="X">u</wf>
         <wf lemma="ključnom" pos="X">ključnom</wf>
         <wf lemma="trenutku" pos="X">trenutku</wf>
         <wf lemma="." pos="X">.</wf>
      </sentence>
      <sentence id="d000.s1795" source="wordnet-croatian">
         <wf lemma="Liječnik" pos="X">Liječnik</wf>
         <wf lemma="mij" pos="X">mij</wf>
         <wf lemma="je" pos="X">je</wf>
         <instance id="d000.s1795.t000" lemma="savjetovati" pos="VERB">savjetovao</instance>
         <wf lemma="da" pos="X">da</wf>
         <wf lemma="više" pos="X">više</wf>
         <wf lemma="spavam" pos="X">spavam</wf>
         <wf lemma="." pos="X">.</wf>
      </sentence>
      <sentence id="d000.s1796" source="wordnet-croatian">
         <wf lemma="Rat" pos="X">Rat</wf>
         <wf lemma="je" pos="X">je</wf>
         <instance id="d000.s1796.t000" lemma="završiti" pos="VERB">završio</instance>
         <wf lemma="potpisivanjem" pos="X">potpisivanjem</wf>
         <wf lemma="mirovnih" pos="X">mirovnih</wf>
         <wf lemma="ugovora" pos="X">ugovora</wf>
         <wf lemma="." pos="X">.</wf>
      </sentence>
      <sentence id="d000.s1797" source="wordnet-croatian">
         <wf lemma="Mirko" pos="X">Mirko</wf>
         <wf lemma="je" pos="X">je</wf>
         <instance id="d000.s1797.t000" lemma="razmotati" pos="VERB">razmotao</instance>
         <wf lemma="poklone" pos="X">poklone</wf>
         <wf lemma="." pos="X">.</wf>
      </sentence>
      <sentence id="d000.s1798" source="wordnet-croatian">
         <wf lemma="Uh" pos="X">Uh</wf>
         <wf lemma="," pos="X">,</wf>
         <wf lemma="bila" pos="X">bila</wf>
         <wf lemma="je" pos="X">je</wf>
         <wf lemma="to" pos="X">to</wf>
         <wf lemma="iznimno" pos="X">iznimno</wf>
         <wf lemma="teška" pos="X">teška</wf>
         <instance id="d000.s1798.t000" lemma="prodaja" pos="NOUN">prodaja</instance>
         <wf lemma="auta" pos="X">auta</wf>
         <wf lemma="!" pos="X">!</wf>
      </sentence>
      <sentence id="d000.s1799" source="wordnet-croatian">
         <wf lemma="Nikada" pos="X">Nikada</wf>
         <wf lemma="nas" pos="X">nas</wf>
         <wf lemma="ne" pos="X">ne</wf>
         <wf lemma="smije" pos="X">smije</wf>
         <wf lemma="napustiti" pos="X">napustiti</wf>
         <instance id="d000.s1799.t000" lemma="nada" pos="NOUN">nada</instance>
         <wf lemma="." pos="X">.</wf>
      </sentence>
      <sentence id="d000.s1800" source="wordnet-croatian">
         <wf lemma="Profesor" pos="X">Profesor</wf>
         <wf lemma="je" pos="X">je</wf>
         <instance id="d000.s1800.t000" lemma="potjerati" pos="VERB">potjerao</instance>
         <wf lemma="neposlušnog" pos="X">neposlušnog</wf>
         <wf lemma="učenika" pos="X">učenika</wf>
         <wf lemma="iz" pos="X">iz</wf>
         <wf lemma="učionice" pos="X">učionice</wf>
         <wf lemma="." pos="X">.</wf>
      </sentence>
      <sentence id="d000.s1801" source="wordnet-croatian">
         <wf lemma="Prosvjednici" pos="X">Prosvjednici</wf>
         <wf lemma="su" pos="X">su</wf>
         <wf lemma="neumorno" pos="X">neumorno</wf>
         <wf lemma="izvikivali" pos="X">izvikivali</wf>
         <wf lemma="parole" pos="X">parole</wf>
         <wf lemma="pred" pos="X">pred</wf>
         <instance id="d000.s1801.t000" lemma="ministarstvo" pos="NOUN">ministarstvom</instance>
         <wf lemma="." pos="X">.</wf>
      </sentence>
      <sentence id="d000.s1802" source="wordnet-croatian">
         <wf lemma="Izišla" pos="X">Izišla</wf>
         <wf lemma="je" pos="X">je</wf>
         <wf lemma="iz" pos="X">iz</wf>
         <wf lemma="stana" pos="X">stana</wf>
         <wf lemma="i" pos="X">i</wf>
         <wf lemma="nije" pos="X">nije</wf>
         <wf lemma="primijetila" pos="X">primijetila</wf>
         <instance id="d000.s1802.t000" lemma="smrljotina" pos="NOUN">smrljotinu</instance>
         <wf lemma="na" pos="X">na</wf>
         <wf lemma="majici" pos="X">majici</wf>
         <wf lemma="." pos="X">.</wf>
      </sentence>
      <sentence id="d000.s1803" source="wordnet-croatian">
         <wf lemma="Nesavjesni" pos="X">Nesavjesni</wf>
         <wf lemma="vozači" pos="X">vozači</wf>
         <wf lemma="uklanjaju" pos="X">uklanjaju</wf>
         <wf lemma="tvronički" pos="X">tvronički</wf>
         <wf lemma="ugrađeno" pos="X">ugrađeno</wf>
         <instance id="d000.s1803.t000" lemma="ograničenje" pos="NOUN">ograničenje</instance>
         <wf lemma="brzine" pos="X">brzine</wf>
         <wf lemma="motora" pos="X">motora</wf>
         <wf lemma="." pos="X">.</wf>
      </sentence>
      <sentence id="d000.s1804" source="wordnet-croatian">
         <instance id="d000.s1804.t000" lemma="radon" pos="NOUN">Radon</instance>
         <wf lemma="se" pos="X">se</wf>
         <wf lemma="i" pos="X">i</wf>
         <wf lemma="sam" pos="X">sam</wf>
         <wf lemma="radioaktivno" pos="X">radioaktivno</wf>
         <wf lemma="raspada" pos="X">raspada</wf>
         <wf lemma="." pos="X">.</wf>
      </sentence>
      <sentence id="d000.s1805" source="wordnet-croatian">
         <wf lemma="Nudila" pos="X">Nudila</wf>
         <wf lemma="mu" pos="X">mu</wf>
         <wf lemma="je" pos="X">je</wf>
         <wf lemma="pravo" pos="X">pravo</wf>
         <wf lemma="bogatstvo" pos="X">bogatstvo</wf>
         <wf lemma="za" pos="X">za</wf>
         <wf lemma="stari" pos="X">stari</wf>
         <wf lemma="obiteljski" pos="X">obiteljski</wf>
         <instance id="d000.s1805.t000" lemma="kredenc" pos="NOUN">kredenc</instance>
         <wf lemma="," pos="X">,</wf>
         <wf lemma="no" pos="X">no</wf>
         <wf lemma="on" pos="X">on</wf>
         <wf lemma="nije" pos="X">nije</wf>
         <wf lemma="popuštao" pos="X">popuštao</wf>
         <wf lemma="." pos="X">.</wf>
      </sentence>
      <sentence id="d000.s1806" source="wordnet-croatian">
         <wf lemma="Izgrađen" pos="X">Izgrađen</wf>
         <wf lemma="je" pos="X">je</wf>
         <wf lemma="novi" pos="X">novi</wf>
         <instance id="d000.s1806.t000" lemma="dok" pos="NOUN">dok</instance>
         <wf lemma="u" pos="X">u</wf>
         <wf lemma="dubrovačkoj" pos="X">dubrovačkoj</wf>
         <wf lemma="luci" pos="X">luci</wf>
         <wf lemma="." pos="X">.</wf>
      </sentence>
      <sentence id="d000.s1807" source="wordnet-croatian">
         <wf lemma="John" pos="X">John</wf>
         <wf lemma="Cage" pos="X">Cage</wf>
         <wf lemma="u" pos="X">u</wf>
         <wf lemma="svojoj" pos="X">svojoj</wf>
         <wf lemma="je" pos="X">je</wf>
         <wf lemma="kompoziciji" pos="X">kompoziciji</wf>
         <wf lemma="snimio" pos="X">snimio</wf>
         <instance id="d000.s1807.t000" lemma="zvonjava" pos="NOUN">zvonjavu</instance>
         <wf lemma="zagrebačkih" pos="X">zagrebačkih</wf>
         <wf lemma="zvona" pos="X">zvona</wf>
         <wf lemma="." pos="X">.</wf>
      </sentence>
      <sentence id="d000.s1808" source="wordnet-croatian">
         <wf lemma="Nakon" pos="X">Nakon</wf>
         <wf lemma="pet" pos="X">pet</wf>
         <wf lemma="godina" pos="X">godina</wf>
         <wf lemma="bila" pos="X">bila</wf>
         <wf lemma="je" pos="X">je</wf>
         <wf lemma="potrebna" pos="X">potrebna</wf>
         <instance id="d000.s1808.t000" lemma="reorganizacija" pos="NOUN">reorganizacija</instance>
         <wf lemma="cijeloga" pos="X">cijeloga</wf>
         <wf lemma="programa" pos="X">programa</wf>
         <wf lemma="." pos="X">.</wf>
      </sentence>
      <sentence id="d000.s1809" source="wordnet-croatian">
         <wf lemma="Nakon" pos="X">Nakon</wf>
         <wf lemma="naporna" pos="X">naporna</wf>
         <wf lemma="posla" pos="X">posla</wf>
         <instance id="d000.s1809.t000" lemma="užitak" pos="NOUN">užitak</instance>
         <wf lemma="je" pos="X">je</wf>
         <wf lemma="biti" pos="X">biti</wf>
         <wf lemma="dugo" pos="X">dugo</wf>
         <wf lemma="na" pos="X">na</wf>
         <wf lemma="godišnjem" pos="X">godišnjem</wf>
         <wf lemma="odmoru" pos="X">odmoru</wf>
         <wf lemma="." pos="X">.</wf>
      </sentence>
      <sentence id="d000.s1810" source="wordnet-croatian">
         <wf lemma="Počele" pos="X">Počele</wf>
         <wf lemma="su" pos="X">su</wf>
         <instance id="d000.s1810.t000" lemma="priprema" pos="NOUN">pripreme</instance>
         <wf lemma="za" pos="X">za</wf>
         <wf lemma="vojnu" pos="X">vojnu</wf>
         <wf lemma="povorku" pos="X">povorku</wf>
         <wf lemma="." pos="X">.</wf>
      </sentence>
      <sentence id="d000.s1811" source="wordnet-croatian">
         <wf lemma="Nikako" pos="X">Nikako</wf>
         <wf lemma="ne" pos="X">ne</wf>
         <wf lemma="mogu" pos="X">mogu</wf>
         <wf lemma="pronaći" pos="X">pronaći</wf>
         <instance id="d000.s1811.t000" lemma="poklopac" pos="NOUN">poklopac</instance>
         <wf lemma="koji" pos="X">koji</wf>
         <wf lemma="bi" pos="X">bi</wf>
         <wf lemma="odgovarao" pos="X">odgovarao</wf>
         <wf lemma="ovoj" pos="X">ovoj</wf>
         <wf lemma="zdjeli" pos="X">zdjeli</wf>
         <wf lemma="." pos="X">.</wf>
      </sentence>
      <sentence id="d000.s1812" source="wordnet-croatian">
         <wf lemma="Sistem" pos="X">Sistem</wf>
         <instance id="d000.s1812.t000" lemma="pismo" pos="NOUN">pisma</instance>
         <wf lemma="Egipćana" pos="X">Egipćana</wf>
         <wf lemma="nije" pos="X">nije</wf>
         <wf lemma="lako" pos="X">lako</wf>
         <wf lemma="naučiti" pos="X">naučiti</wf>
         <wf lemma="." pos="X">.</wf>
      </sentence>
      <sentence id="d000.s1813" source="wordnet-croatian">
         <wf lemma="Nadali" pos="X">Nadali</wf>
         <wf lemma="su" pos="X">su</wf>
         <wf lemma="se" pos="X">se</wf>
         <wf lemma="da" pos="X">da</wf>
         <wf lemma="će" pos="X">će</wf>
         <instance id="d000.s1813.t000" lemma="izbacivanje" pos="NOUN">izbacivanje</instance>
         <wf lemma="iz" pos="X">iz</wf>
         <wf lemma="aviona" pos="X">aviona</wf>
         <wf lemma="proći" pos="X">proći</wf>
         <wf lemma="uspješno" pos="X">uspješno</wf>
         <wf lemma="." pos="X">.</wf>
      </sentence>
      <sentence id="d000.s1814" source="wordnet-croatian">
         <wf lemma="Za" pos="X">Za</wf>
         <wf lemma="današnje" pos="X">današnje</wf>
         <wf lemma="nam" pos="X">nam</wf>
         <wf lemma="je" pos="X">je</wf>
         <wf lemma="izlaganje" pos="X">izlaganje</wf>
         <wf lemma="potreban" pos="X">potreban</wf>
         <instance id="d000.s1814.t000" lemma="projektor" pos="NOUN">projektor</instance>
         <wf lemma="." pos="X">.</wf>
      </sentence>
      <sentence id="d000.s1815" source="wordnet-croatian">
         <wf lemma="Već" pos="X">Već</wf>
         <wf lemma="se" pos="X">se</wf>
         <wf lemma="po" pos="X">po</wf>
         <wf lemma="izgledu" pos="X">izgledu</wf>
         <wf lemma="vidi" pos="X">vidi</wf>
         <wf lemma="da" pos="X">da</wf>
         <wf lemma="mi" pos="X">mi</wf>
         <wf lemma="je" pos="X">je</wf>
         <wf lemma="on" pos="X">on</wf>
         <instance id="d000.s1815.t000" lemma="brat" pos="NOUN">brat</instance>
         <wf lemma="." pos="X">.</wf>
      </sentence>
      <sentence id="d000.s1816" source="wordnet-croatian">
         <instance id="d000.s1816.t000" lemma="generacija" pos="NOUN">Generacija</instance>
         <wf lemma="2008." pos="X">2008.</wf>
         <wf lemma="nije" pos="X">nije</wf>
         <wf lemma="radila" pos="X">radila</wf>
         <wf lemma="nerede" pos="X">nerede</wf>
         <wf lemma="na" pos="X">na</wf>
         <wf lemma="svojoj" pos="X">svojoj</wf>
         <wf lemma="dodjeli" pos="X">dodjeli</wf>
         <wf lemma="diplome" pos="X">diplome</wf>
         <wf lemma="." pos="X">.</wf>
      </sentence>
      <sentence id="d000.s1817" source="wordnet-croatian">
         <wf lemma="Izučio" pos="X">Izučio</wf>
         <wf lemma="je" pos="X">je</wf>
         <wf lemma="dimnjačarski" pos="X">dimnjačarski</wf>
         <instance id="d000.s1817.t000" lemma="zanat" pos="NOUN">zanat</instance>
         <wf lemma="kod" pos="X">kod</wf>
         <wf lemma="svoga" pos="X">svoga</wf>
         <wf lemma="djeda" pos="X">djeda</wf>
         <wf lemma="." pos="X">.</wf>
      </sentence>
      <sentence id="d000.s1818" source="wordnet-croatian">
         <wf lemma="Majke" pos="X">Majke</wf>
         <wf lemma="odlikuje" pos="X">odlikuje</wf>
         <instance id="d000.s1818.t000" lemma="nesebičnost" pos="NOUN">nesebičnost</instance>
         <wf lemma="prema" pos="X">prema</wf>
         <wf lemma="djeci" pos="X">djeci</wf>
         <wf lemma="." pos="X">.</wf>
      </sentence>
      <sentence id="d000.s1819" source="wordnet-croatian">
         <wf lemma="Imao" pos="X">Imao</wf>
         <wf lemma="je" pos="X">je</wf>
         <instance id="d000.s1819.t000" lemma="fotić" pos="NOUN">fotić</instance>
         <wf lemma="sa" pos="X">sa</wf>
         <wf lemma="sobom" pos="X">sobom</wf>
         <wf lemma="u" pos="X">u</wf>
         <wf lemma="svakoj" pos="X">svakoj</wf>
         <wf lemma="prilici" pos="X">prilici</wf>
         <wf lemma="." pos="X">.</wf>
      </sentence>
      <sentence id="d000.s1820" source="wordnet-croatian">
         <wf lemma="Trebaju" pos="X">Trebaju</wf>
         <wf lemma="mi" pos="X">mi</wf>
         <wf lemma="dodatne" pos="X">dodatne</wf>
         <instance id="d000.s1820.t000" lemma="komponenta" pos="NOUN">komponente</instance>
         <wf lemma="za" pos="X">za</wf>
         <wf lemma="moje" pos="X">moje</wf>
         <wf lemma="računalo" pos="X">računalo</wf>
         <wf lemma="." pos="X">.</wf>
      </sentence>
      <sentence id="d000.s1821" source="wordnet-croatian">
         <wf lemma="Automobili" pos="X">Automobili</wf>
         <wf lemma="imaju" pos="X">imaju</wf>
         <wf lemma="četiri" pos="X">četiri</wf>
         <instance id="d000.s1821.t000" lemma="kotač" pos="NOUN">kotača</instance>
         <wf lemma="." pos="X">.</wf>
      </sentence>
      <sentence id="d000.s1822" source="wordnet-croatian">
         <wf lemma="Društvo" pos="X">Društvo</wf>
         <wf lemma="ne" pos="X">ne</wf>
         <wf lemma="reagira" pos="X">reagira</wf>
         <wf lemma="na" pos="X">na</wf>
         <instance id="d000.s1822.t000" lemma="nemoral" pos="NOUN">nemoral</instance>
         <wf lemma="i" pos="X">i</wf>
         <wf lemma="seksualnu" pos="X">seksualnu</wf>
         <wf lemma="raspuštenost" pos="X">raspuštenost</wf>
         <wf lemma="mladih" pos="X">mladih</wf>
         <wf lemma="." pos="X">.</wf>
      </sentence>
      <sentence id="d000.s1823" source="wordnet-croatian">
         <wf lemma="Strpao" pos="X">Strpao</wf>
         <wf lemma="je" pos="X">je</wf>
         <wf lemma="svoje" pos="X">svoje</wf>
         <wf lemma="prljavo" pos="X">prljavo</wf>
         <wf lemma="rublje" pos="X">rublje</wf>
         <wf lemma="u" pos="X">u</wf>
         <wf lemma="veliku" pos="X">veliku</wf>
         <wf lemma="platnenu" pos="X">platnenu</wf>
         <instance id="d000.s1823.t000" lemma="vreća" pos="NOUN">vreću</instance>
         <wf lemma="." pos="X">.</wf>
      </sentence>
      <sentence id="d000.s1824" source="wordnet-croatian">
         <wf lemma="Kapljice" pos="X">Kapljice</wf>
         <wf lemma="rose" pos="X">rose</wf>
         <wf lemma="na" pos="X">na</wf>
         <wf lemma="paukovoj" pos="X">paukovoj</wf>
         <instance id="d000.s1824.t000" lemma="mreža" pos="NOUN">mreži</instance>
         <wf lemma="blistale" pos="X">blistale</wf>
         <wf lemma="su" pos="X">su</wf>
         <wf lemma="obasjane" pos="X">obasjane</wf>
         <wf lemma="jutarnjim" pos="X">jutarnjim</wf>
         <wf lemma="suncem" pos="X">suncem</wf>
         <wf lemma="." pos="X">.</wf>
      </sentence>
      <sentence id="d000.s1825" source="wordnet-croatian">
         <wf lemma="Referentna" pos="X">Referentna</wf>
         <wf lemma="građa" pos="X">građa</wf>
         <wf lemma="naše" pos="X">naše</wf>
         <wf lemma="knjižnice" pos="X">knjižnice</wf>
         <wf lemma="sastoji" pos="X">sastoji</wf>
         <wf lemma="se" pos="X">se</wf>
         <wf lemma="od" pos="X">od</wf>
         <wf lemma="brojnih" pos="X">brojnih</wf>
         <instance id="d000.s1825.t000" lemma="priručnik" pos="NOUN">priručnika</instance>
         <wf lemma="." pos="X">.</wf>
      </sentence>
      <sentence id="d000.s1826" source="wordnet-croatian">
         <wf lemma="Bio" pos="X">Bio</wf>
         <wf lemma="je" pos="X">je</wf>
         <instance id="d000.s1826.t000" lemma="nesvjestan" pos="ADJ">nesvjestan</instance>
         <wf lemma="svojih" pos="X">svojih</wf>
         <wf lemma="djela" pos="X">djela</wf>
         <wf lemma="i" pos="X">i</wf>
         <wf lemma="zla" pos="X">zla</wf>
         <wf lemma="koje" pos="X">koje</wf>
         <wf lemma="njima" pos="X">njima</wf>
         <wf lemma="nanosi" pos="X">nanosi</wf>
         <wf lemma="." pos="X">.</wf>
      </sentence>
      <sentence id="d000.s1827" source="wordnet-croatian">
         <wf lemma="Dao" pos="X">Dao</wf>
         <wf lemma="sam" pos="X">sam</wf>
         <wf lemma="razviti" pos="X">razviti</wf>
         <instance id="d000.s1827.t000" lemma="fotografija" pos="NOUN">fotografije</instance>
         <wf lemma="s" pos="X">s</wf>
         <wf lemma="našeg" pos="X">našeg</wf>
         <wf lemma="vjenčanja" pos="X">vjenčanja</wf>
         <wf lemma="." pos="X">.</wf>
      </sentence>
      <sentence id="d000.s1828" source="wordnet-croatian">
         <wf lemma="Nakon" pos="X">Nakon</wf>
         <wf lemma="što" pos="X">što</wf>
         <wf lemma="je" pos="X">je</wf>
         <wf lemma="s" pos="X">s</wf>
         <wf lemma="njim" pos="X">njim</wf>
         <wf lemma="malo" pos="X">malo</wf>
         <wf lemma="popričala" pos="X">popričala</wf>
         <wf lemma="," pos="X">,</wf>
         <wf lemma="nije" pos="X">nije</wf>
         <wf lemma="joj" pos="X">joj</wf>
         <wf lemma="se" pos="X">se</wf>
         <wf lemma="činio" pos="X">činio</wf>
         <wf lemma="toliko" pos="X">toliko</wf>
         <instance id="d000.s1828.t000" lemma="rugoban" pos="ADJ">rugoban</instance>
         <wf lemma="." pos="X">.</wf>
      </sentence>
      <sentence id="d000.s1829" source="wordnet-croatian">
         <instance id="d000.s1829.t000" lemma="idući" pos="ADJ">Idućih</instance>
         <wf lemma="ću" pos="X">ću</wf>
         <wf lemma="dana" pos="X">dana</wf>
         <wf lemma="intenzivno" pos="X">intenzivno</wf>
         <wf lemma="vježbati" pos="X">vježbati</wf>
         <wf lemma="." pos="X">.</wf>
      </sentence>
      <sentence id="d000.s1830" source="wordnet-croatian">
         <wf lemma="U" pos="X">U</wf>
         <wf lemma="vrijeme" pos="X">vrijeme</wf>
         <wf lemma="recesije" pos="X">recesije</wf>
         <wf lemma="vlada" pos="X">vlada</wf>
         <wf lemma="nastoji" pos="X">nastoji</wf>
         <wf lemma="potaknuti" pos="X">potaknuti</wf>
         <instance id="d000.s1830.t000" lemma="prodaja" pos="NOUN">prodaju</instance>
         <wf lemma="." pos="X">.</wf>
      </sentence>
      <sentence id="d000.s1831" source="wordnet-croatian">
         <wf lemma="Optužili" pos="X">Optužili</wf>
         <wf lemma="su" pos="X">su</wf>
         <wf lemma="ga" pos="X">ga</wf>
         <wf lemma="za" pos="X">za</wf>
         <instance id="d000.s1831.t000" lemma="umorstvo" pos="NOUN">umorstvo</instance>
         <wf lemma="." pos="X">.</wf>
      </sentence>
      <sentence id="d000.s1832" source="wordnet-croatian">
         <instance id="d000.s1832.t000" lemma="masa" pos="NOUN">Masa</instance>
         <wf lemma="se" pos="X">se</wf>
         <wf lemma="skupila" pos="X">skupila</wf>
         <wf lemma="na" pos="X">na</wf>
         <wf lemma="glavnom" pos="X">glavnom</wf>
         <wf lemma="trgu" pos="X">trgu</wf>
         <wf lemma="očekujući" pos="X">očekujući</wf>
         <wf lemma="dolazak" pos="X">dolazak</wf>
         <wf lemma="rukometaša" pos="X">rukometaša</wf>
         <wf lemma="." pos="X">.</wf>
      </sentence>
      <sentence id="d000.s1833" source="wordnet-croatian">
         <wf lemma="Društveni" pos="X">Društveni</wf>
         <instance id="d000.s1833.t000" lemma="položaj" pos="NOUN">položaj</instance>
         <wf lemma="radničke" pos="X">radničke</wf>
         <wf lemma="klase" pos="X">klase</wf>
         <wf lemma="uvijek" pos="X">uvijek</wf>
         <wf lemma="je" pos="X">je</wf>
         <wf lemma="bio" pos="X">bio</wf>
         <wf lemma="lošiji" pos="X">lošiji</wf>
         <wf lemma="položaja" pos="X">položaja</wf>
         <wf lemma="industrijalaca" pos="X">industrijalaca</wf>
         <wf lemma="." pos="X">.</wf>
      </sentence>
      <sentence id="d000.s1834" source="wordnet-croatian">
         <wf lemma="Nikako" pos="X">Nikako</wf>
         <wf lemma="nisam" pos="X">nisam</wf>
         <wf lemma="mogla" pos="X">mogla</wf>
         <wf lemma="pronaći" pos="X">pronaći</wf>
         <instance id="d000.s1834.t000" lemma="cjedilica" pos="NOUN">cjedilicu</instance>
         <wf lemma="za" pos="X">za</wf>
         <wf lemma="čaj" pos="X">čaj</wf>
         <wf lemma="pa" pos="X">pa</wf>
         <wf lemma="sam" pos="X">sam</wf>
         <wf lemma="se" pos="X">se</wf>
         <wf lemma="morala" pos="X">morala</wf>
         <wf lemma="drugačije" pos="X">drugačije</wf>
         <wf lemma="snaći" pos="X">snaći</wf>
         <wf lemma="." pos="X">.</wf>
      </sentence>
      <sentence id="d000.s1835" source="wordnet-croatian">
         <wf lemma="Htio" pos="X">Htio</wf>
         <wf lemma="je" pos="X">je</wf>
         <wf lemma="da" pos="X">da</wf>
         <wf lemma="drugi" pos="X">drugi</wf>
         <wf lemma="prokomentiraju" pos="X">prokomentiraju</wf>
         <wf lemma="njegove" pos="X">njegove</wf>
         <wf lemma="crtačke" pos="X">crtačke</wf>
         <instance id="d000.s1835.t000" lemma="vještina" pos="NOUN">vještine</instance>
         <wf lemma="." pos="X">.</wf>
      </sentence>
      <sentence id="d000.s1836" source="wordnet-croatian">
         <instance id="d000.s1836.t000" lemma="glupavost" pos="NOUN">Glupavost</instance>
         <wf lemma="mog" pos="X">mog</wf>
         <wf lemma="psa" pos="X">psa</wf>
         <wf lemma="uvijek" pos="X">uvijek</wf>
         <wf lemma="me" pos="X">me</wf>
         <wf lemma="može" pos="X">može</wf>
         <wf lemma="nasmijati" pos="X">nasmijati</wf>
         <wf lemma="." pos="X">.</wf>
      </sentence>
      <sentence id="d000.s1837" source="wordnet-croatian">
         <wf lemma="Negativne" pos="X">Negativne</wf>
         <instance id="d000.s1837.t000" lemma="kritika" pos="NOUN">kritike</instance>
         <wf lemma="stizale" pos="X">stizale</wf>
         <wf lemma="su" pos="X">su</wf>
         <wf lemma="sa" pos="X">sa</wf>
         <wf lemma="svih" pos="X">svih</wf>
         <wf lemma="strana" pos="X">strana</wf>
         <wf lemma="." pos="X">.</wf>
      </sentence>
      <sentence id="d000.s1838" source="wordnet-croatian">
         <instance id="d000.s1838.t000" lemma="rasvijetliti" pos="VERB">Rasvijetlila</instance>
         <wf lemma="sam" pos="X">sam</wf>
         <wf lemma="činjenice" pos="X">činjenice</wf>
         <wf lemma="oko" pos="X">oko</wf>
         <wf lemma="njegova" pos="X">njegova</wf>
         <wf lemma="promaknuća" pos="X">promaknuća</wf>
         <wf lemma="." pos="X">.</wf>
      </sentence>
      <sentence id="d000.s1839" source="wordnet-croatian">
         <wf lemma="Mirovna" pos="X">Mirovna</wf>
         <wf lemma="konferencija" pos="X">konferencija</wf>
         <wf lemma="je" pos="X">je</wf>
         <wf lemma="bila" pos="X">bila</wf>
         <wf lemma="mali" pos="X">mali</wf>
         <instance id="d000.s1839.t000" lemma="time-out" pos="NOUN">time-out</instance>
         <wf lemma="u" pos="X">u</wf>
         <wf lemma="ratnom" pos="X">ratnom</wf>
         <wf lemma="vrtlogu" pos="X">vrtlogu</wf>
         <wf lemma="." pos="X">.</wf>
      </sentence>
      <sentence id="d000.s1840" source="wordnet-croatian">
         <wf lemma="Bio" pos="X">Bio</wf>
         <wf lemma="je" pos="X">je</wf>
         <wf lemma="spreman" pos="X">spreman</wf>
         <wf lemma="pristati" pos="X">pristati</wf>
         <wf lemma="na" pos="X">na</wf>
         <instance id="d000.s1840.t000" lemma="velik" pos="ADJ">veliki</instance>
         <wf lemma="rizik" pos="X">rizik</wf>
         <wf lemma="kako" pos="X">kako</wf>
         <wf lemma="bi" pos="X">bi</wf>
         <wf lemma="napredovao" pos="X">napredovao</wf>
         <wf lemma="." pos="X">.</wf>
      </sentence>
      <sentence id="d000.s1841" source="wordnet-croatian">
         <wf lemma="Riječ" pos="X">Riječ</wf>
         <wf lemma="je" pos="X">je</wf>
         <wf lemma="o" pos="X">o</wf>
         <wf lemma="međunarodnoj" pos="X">međunarodnoj</wf>
         <wf lemma="organizaciji" pos="X">organizaciji</wf>
         <wf lemma="koja" pos="X">koja</wf>
         <wf lemma="nastoji" pos="X">nastoji</wf>
         <wf lemma="spriječiti" pos="X">spriječiti</wf>
         <instance id="d000.s1841.t000" lemma="izbijanje" pos="NOUN">izbijanje</instance>
         <wf lemma="sukoba" pos="X">sukoba</wf>
         <wf lemma="." pos="X">.</wf>
      </sentence>
      <sentence id="d000.s1842" source="wordnet-croatian">
         <wf lemma="Ključna" pos="X">Ključna</wf>
         <wf lemma="teza" pos="X">teza</wf>
         <wf lemma="mu" pos="X">mu</wf>
         <wf lemma="je" pos="X">je</wf>
         <instance id="d000.s1842.t000" lemma="opovrgavanje" pos="NOUN">opovrgavanje</instance>
         <wf lemma="evolucije" pos="X">evolucije</wf>
         <wf lemma="." pos="X">.</wf>
      </sentence>
      <sentence id="d000.s1843" source="wordnet-croatian">
         <wf lemma="Bio" pos="X">Bio</wf>
         <wf lemma="je" pos="X">je</wf>
         <instance id="d000.s1843.t000" lemma="srčan" pos="ADJ">srčan</instance>
         <wf lemma="u" pos="X">u</wf>
         <wf lemma="zastupanju" pos="X">zastupanju</wf>
         <wf lemma="svojega" pos="X">svojega</wf>
         <wf lemma="mišljenja" pos="X">mišljenja</wf>
         <wf lemma="." pos="X">.</wf>
      </sentence>
      <sentence id="d000.s1844" source="wordnet-croatian">
         <wf lemma="Utipkao" pos="X">Utipkao</wf>
         <wf lemma="sam" pos="X">sam</wf>
         <wf lemma="pogrešan" pos="X">pogrešan</wf>
         <wf lemma="PIN" pos="X">PIN</wf>
         <wf lemma="i" pos="X">i</wf>
         <instance id="d000.s1844.t000" lemma="bankomat" pos="NOUN">bankomat</instance>
         <wf lemma="mi" pos="X">mi</wf>
         <wf lemma="je" pos="X">je</wf>
         <wf lemma="progutao" pos="X">progutao</wf>
         <wf lemma="karticu" pos="X">karticu</wf>
         <wf lemma="." pos="X">.</wf>
      </sentence>
      <sentence id="d000.s1845" source="wordnet-croatian">
         <wf lemma="Mirko" pos="X">Mirko</wf>
         <wf lemma="je" pos="X">je</wf>
         <wf lemma="otišao" pos="X">otišao</wf>
         <wf lemma="pozdraviti" pos="X">pozdraviti</wf>
         <instance id="d000.s1845.t000" lemma="dama" pos="NOUN">dame</instance>
         <wf lemma="u" pos="X">u</wf>
         <wf lemma="salonu" pos="X">salonu</wf>
         <wf lemma="." pos="X">.</wf>
      </sentence>
      <sentence id="d000.s1846" source="wordnet-croatian">
         <wf lemma="Zemno" pos="X">Zemno</wf>
         <wf lemma="ulje" pos="X">ulje</wf>
         <wf lemma="osnova" pos="X">osnova</wf>
         <wf lemma="je" pos="X">je</wf>
         <wf lemma="za" pos="X">za</wf>
         <wf lemma="proizvodnju" pos="X">proizvodnju</wf>
         <wf lemma="mnogih" pos="X">mnogih</wf>
         <wf lemma="derivata" pos="X">derivata</wf>
         <instance id="d000.s1846.t000" lemma="nafta" pos="NOUN">nafte</instance>
         <wf lemma="." pos="X">.</wf>
      </sentence>
      <sentence id="d000.s1847" source="wordnet-croatian">
         <instance id="d000.s1847.t000" lemma="prodor" pos="NOUN">Prodori</instance>
         <wf lemma="Tatara" pos="X">Tatara</wf>
         <wf lemma="na" pos="X">na</wf>
         <wf lemma="hrvatski" pos="X">hrvatski</wf>
         <wf lemma="teritorij" pos="X">teritorij</wf>
         <wf lemma="natjerali" pos="X">natjerali</wf>
         <wf lemma="su" pos="X">su</wf>
         <wf lemma="kralja" pos="X">kralja</wf>
         <wf lemma="na" pos="X">na</wf>
         <wf lemma="bijeg" pos="X">bijeg</wf>
         <wf lemma="." pos="X">.</wf>
      </sentence>
      <sentence id="d000.s1848" source="wordnet-croatian">
         <wf lemma="Snježana" pos="X">Snježana</wf>
         <instance id="d000.s1848.t000" lemma="pušiti" pos="VERB">puši</instance>
         <wf lemma="dvadeset" pos="X">dvadeset</wf>
         <wf lemma="cigareta" pos="X">cigareta</wf>
         <wf lemma="dnevno" pos="X">dnevno</wf>
         <wf lemma="." pos="X">.</wf>
      </sentence>
      <sentence id="d000.s1849" source="wordnet-croatian">
         <wf lemma="Plodovi" pos="X">Plodovi</wf>
         <wf lemma="su" pos="X">su</wf>
         <wf lemma="još" pos="X">još</wf>
         <instance id="d000.s1849.t000" lemma="nezreo" pos="ADJ">nezreli</instance>
         <wf lemma="," pos="X">,</wf>
         <wf lemma="počet" pos="X">počet</wf>
         <wf lemma="ćemo" pos="X">ćemo</wf>
         <wf lemma="s" pos="X">s</wf>
         <wf lemma="berbom" pos="X">berbom</wf>
         <wf lemma="tek" pos="X">tek</wf>
         <wf lemma="za" pos="X">za</wf>
         <wf lemma="dva" pos="X">dva</wf>
         <wf lemma="tjedna" pos="X">tjedna</wf>
         <wf lemma="." pos="X">.</wf>
      </sentence>
      <sentence id="d000.s1850" source="wordnet-croatian">
         <wf lemma="Međuljudski" pos="X">Međuljudski</wf>
         <instance id="d000.s1850.t000" lemma="odnos" pos="NOUN">odnosi</instance>
         <wf lemma="u" pos="X">u</wf>
         <wf lemma="zaraćenom" pos="X">zaraćenom</wf>
         <wf lemma="području" pos="X">području</wf>
         <wf lemma="jako" pos="X">jako</wf>
         <wf lemma="su" pos="X">su</wf>
         <wf lemma="narušeni" pos="X">narušeni</wf>
         <wf lemma="." pos="X">.</wf>
      </sentence>
      <sentence id="d000.s1851" source="wordnet-croatian">
         <instance id="d000.s1851.t000" lemma="originalnost" pos="NOUN">Originalnost</instance>
         <wf lemma="u" pos="X">u</wf>
         <wf lemma="umjetnosti" pos="X">umjetnosti</wf>
         <wf lemma="uvijek" pos="X">uvijek</wf>
         <wf lemma="je" pos="X">je</wf>
         <wf lemma="na" pos="X">na</wf>
         <wf lemma="cijeni" pos="X">cijeni</wf>
         <wf lemma="." pos="X">.</wf>
      </sentence>
      <sentence id="d000.s1852" source="wordnet-croatian">
         <wf lemma="Dali" pos="X">Dali</wf>
         <wf lemma="su" pos="X">su</wf>
         <wf lemma="mu" pos="X">mu</wf>
         <wf lemma="dvije" pos="X">dvije</wf>
         <instance id="d000.s1852.t000" lemma="ampula" pos="NOUN">ampule</instance>
         <wf lemma="adrenalina" pos="X">adrenalina</wf>
         <wf lemma="," pos="X">,</wf>
         <wf lemma="no" pos="X">no</wf>
         <wf lemma="ni" pos="X">ni</wf>
         <wf lemma="to" pos="X">to</wf>
         <wf lemma="nije" pos="X">nije</wf>
         <wf lemma="pomoglo" pos="X">pomoglo</wf>
         <wf lemma="." pos="X">.</wf>
      </sentence>
      <sentence id="d000.s1853" source="wordnet-croatian">
         <instance id="d000.s1853.t000" lemma="nesnošljivost" pos="NOUN">Nesnošljivosti</instance>
         <wf lemma="među" pos="X">među</wf>
         <wf lemma="susjednim" pos="X">susjednim</wf>
         <wf lemma="narodima" pos="X">narodima</wf>
         <wf lemma="treba" pos="X">treba</wf>
         <wf lemma="konačno" pos="X">konačno</wf>
         <wf lemma="stati" pos="X">stati</wf>
         <wf lemma="na" pos="X">na</wf>
         <wf lemma="kraj" pos="X">kraj</wf>
         <wf lemma="." pos="X">.</wf>
      </sentence>
      <sentence id="d000.s1854" source="wordnet-croatian">
         <wf lemma="Nikad" pos="X">Nikad</wf>
         <wf lemma="nije" pos="X">nije</wf>
         <wf lemma="imala" pos="X">imala</wf>
         <wf lemma="dovoljno" pos="X">dovoljno</wf>
         <instance id="d000.s1854.t000" lemma="vješalica" pos="NOUN">vješalica</instance>
         <wf lemma="u" pos="X">u</wf>
         <wf lemma="ormaru" pos="X">ormaru</wf>
         <wf lemma="." pos="X">.</wf>
      </sentence>
      <sentence id="d000.s1855" source="wordnet-croatian">
         <wf lemma="Španjolsko" pos="X">Španjolsko</wf>
         <instance id="d000.s1855.t000" lemma="pučanstvo" pos="NOUN">pučanstvo</instance>
         <wf lemma="se" pos="X">se</wf>
         <wf lemma="sastoji" pos="X">sastoji</wf>
         <wf lemma="od" pos="X">od</wf>
         <wf lemma="više" pos="X">više</wf>
         <wf lemma="naroda" pos="X">naroda</wf>
         <wf lemma="." pos="X">.</wf>
      </sentence>
      <sentence id="d000.s1856" source="wordnet-croatian">
         <instance id="d000.s1856.t000" lemma="letenje" pos="NOUN">Letenje</instance>
         <wf lemma="je" pos="X">je</wf>
         <wf lemma="dobar" pos="X">dobar</wf>
         <wf lemma="izbor" pos="X">izbor</wf>
         <wf lemma="ako" pos="X">ako</wf>
         <wf lemma="želiš" pos="X">želiš</wf>
         <wf lemma="uštediti" pos="X">uštediti</wf>
         <wf lemma="vrijeme" pos="X">vrijeme</wf>
         <wf lemma="." pos="X">.</wf>
      </sentence>
      <sentence id="d000.s1857" source="wordnet-croatian">
         <wf lemma="Olimpijska" pos="X">Olimpijska</wf>
         <wf lemma="mu" pos="X">mu</wf>
         <wf lemma="je" pos="X">je</wf>
         <wf lemma="bronca" pos="X">bronca</wf>
         <wf lemma="bila" pos="X">bila</wf>
         <wf lemma="najljepši" pos="X">najljepši</wf>
         <wf lemma="mogući" pos="X">mogući</wf>
         <instance id="d000.s1857.t000" lemma="završetak" pos="NOUN">završetak</instance>
         <wf lemma="karijere" pos="X">karijere</wf>
         <wf lemma="." pos="X">.</wf>
      </sentence>
      <sentence id="d000.s1858" source="wordnet-croatian">
         <instance id="d000.s1858.t000" lemma="politika" pos="NOUN">Politika</instance>
         <wf lemma="ga" pos="X">ga</wf>
         <wf lemma="nikada" pos="X">nikada</wf>
         <wf lemma="nije" pos="X">nije</wf>
         <wf lemma="zanimala" pos="X">zanimala</wf>
         <wf lemma="." pos="X">.</wf>
      </sentence>
      <sentence id="d000.s1859" source="wordnet-croatian">
         <wf lemma="Bila" pos="X">Bila</wf>
         <wf lemma="joj" pos="X">joj</wf>
         <wf lemma="je" pos="X">je</wf>
         <wf lemma="iznimna" pos="X">iznimna</wf>
         <instance id="d000.s1859.t000" lemma="čast" pos="NOUN">čast</instance>
         <wf lemma="ugostiti" pos="X">ugostiti</wf>
         <wf lemma="ga" pos="X">ga</wf>
         <wf lemma="u" pos="X">u</wf>
         <wf lemma="svojem" pos="X">svojem</wf>
         <wf lemma="domu" pos="X">domu</wf>
         <wf lemma="." pos="X">.</wf>
      </sentence>
      <sentence id="d000.s1860" source="wordnet-croatian">
         <wf lemma="Zbog" pos="X">Zbog</wf>
         <wf lemma="bolesti" pos="X">bolesti</wf>
         <wf lemma="je" pos="X">je</wf>
         <wf lemma="dobila" pos="X">dobila</wf>
         <instance id="d000.s1860.t000" lemma="izuzeće" pos="NOUN">izuzeće</instance>
         <wf lemma="s" pos="X">s</wf>
         <wf lemma="tjelesne" pos="X">tjelesne</wf>
         <wf lemma="nastave" pos="X">nastave</wf>
         <wf lemma="." pos="X">.</wf>
      </sentence>
      <sentence id="d000.s1861" source="wordnet-croatian">
         <wf lemma="Haljina" pos="X">Haljina</wf>
         <wf lemma="je" pos="X">je</wf>
         <instance id="d000.s1861.t000" lemma="ostati" pos="VERB">ostala</instance>
         <wf lemma="iste" pos="X">iste</wf>
         <wf lemma="boje" pos="X">boje</wf>
         <wf lemma="i" pos="X">i</wf>
         <wf lemma="nakon" pos="X">nakon</wf>
         <wf lemma="višestrukog" pos="X">višestrukog</wf>
         <wf lemma="pranja" pos="X">pranja</wf>
         <wf lemma="." pos="X">.</wf>
      </sentence>
      <sentence id="d000.s1862" source="wordnet-croatian">
         <instance id="d000.s1862.t000" lemma="stijeg" pos="NOUN">Stijeg</instance>
         <wf lemma="je" pos="X">je</wf>
         <wf lemma="simbol" pos="X">simbol</wf>
         <wf lemma="neovisnosti" pos="X">neovisnosti</wf>
         <wf lemma="neke" pos="X">neke</wf>
         <wf lemma="zemlje" pos="X">zemlje</wf>
         <wf lemma="." pos="X">.</wf>
      </sentence>
      <sentence id="d000.s1863" source="wordnet-croatian">
         <wf lemma="U" pos="X">U</wf>
         <wf lemma="Stonu" pos="X">Stonu</wf>
         <wf lemma="se" pos="X">se</wf>
         <wf lemma="mogu" pos="X">mogu</wf>
         <wf lemma="jesti" pos="X">jesti</wf>
         <instance id="d000.s1863.t000" lemma="kamenica" pos="NOUN">kamenice</instance>
         <wf lemma="netom" pos="X">netom</wf>
         <wf lemma="izvađene" pos="X">izvađene</wf>
         <wf lemma="iz" pos="X">iz</wf>
         <wf lemma="mora" pos="X">mora</wf>
         <wf lemma="." pos="X">.</wf>
      </sentence>
      <sentence id="d000.s1864" source="wordnet-croatian">
         <wf lemma="Hrvatska" pos="X">Hrvatska</wf>
         <wf lemma="abeceda" pos="X">abeceda</wf>
         <wf lemma="ima" pos="X">ima</wf>
         <wf lemma="30" pos="X">30</wf>
         <instance id="d000.s1864.t000" lemma="slovo" pos="NOUN">slova</instance>
         <wf lemma="." pos="X">.</wf>
      </sentence>
      <sentence id="d000.s1865" source="wordnet-croatian">
         <wf lemma="Postavio" pos="X">Postavio</wf>
         <wf lemma="je" pos="X">je</wf>
         <wf lemma="satelitski" pos="X">satelitski</wf>
         <instance id="d000.s1865.t000" lemma="tanjur" pos="NOUN">tanjur</instance>
         <wf lemma="na" pos="X">na</wf>
         <wf lemma="balkon" pos="X">balkon</wf>
         <wf lemma="." pos="X">.</wf>
      </sentence>
      <sentence id="d000.s1866" source="wordnet-croatian">
         <wf lemma="Tek" pos="X">Tek</wf>
         <wf lemma="kada" pos="X">kada</wf>
         <wf lemma="je" pos="X">je</wf>
         <wf lemma="razvio" pos="X">razvio</wf>
         <wf lemma="punu" pos="X">punu</wf>
         <wf lemma="snagu" pos="X">snagu</wf>
         <wf lemma="i" pos="X">i</wf>
         <wf lemma="stekao" pos="X">stekao</wf>
         <instance id="d000.s1866.t000" lemma="omiljelost" pos="NOUN">omiljelost</instance>
         <wf lemma="," pos="X">,</wf>
         <wf lemma="zapovjednik" pos="X">zapovjednik</wf>
         <wf lemma="ga" pos="X">ga</wf>
         <wf lemma="je" pos="X">je</wf>
         <wf lemma="teško" pos="X">teško</wf>
         <wf lemma="kaznio" pos="X">kaznio</wf>
         <wf lemma="." pos="X">.</wf>
      </sentence>
      <sentence id="d000.s1867" source="wordnet-croatian">
         <wf lemma="Pekarica" pos="X">Pekarica</wf>
         <wf lemma="je" pos="X">je</wf>
         <instance id="d000.s1867.t000" lemma="umijesiti" pos="VERB">umijesila</instance>
         <wf lemma="tijesto" pos="X">tijesto</wf>
         <wf lemma="za" pos="X">za</wf>
         <wf lemma="kruh" pos="X">kruh</wf>
         <wf lemma="." pos="X">.</wf>
      </sentence>
      <sentence id="d000.s1868" source="wordnet-croatian">
         <wf lemma="Nikada" pos="X">Nikada</wf>
         <wf lemma="mi" pos="X">mi</wf>
         <wf lemma="nije" pos="X">nije</wf>
         <wf lemma="išlo" pos="X">išlo</wf>
         <instance id="d000.s1868.t000" lemma="udaranje" pos="NOUN">udaranje</instance>
         <wf lemma="lopte" pos="X">lopte</wf>
         <wf lemma="s" pos="X">s</wf>
         <wf lemma="nogom" pos="X">nogom</wf>
         <wf lemma="." pos="X">.</wf>
      </sentence>
      <sentence id="d000.s1869" source="wordnet-croatian">
         <wf lemma="Velike" pos="X">Velike</wf>
         <wf lemma="će" pos="X">će</wf>
         <wf lemma="se" pos="X">se</wf>
         <wf lemma="kompanije" pos="X">kompanije</wf>
         <wf lemma="širiti" pos="X">širiti</wf>
         <wf lemma="kroz" pos="X">kroz</wf>
         <instance id="d000.s1869.t000" lemma="akvizicija" pos="NOUN">akvizicije</instance>
         <wf lemma="." pos="X">.</wf>
      </sentence>
      <sentence id="d000.s1870" source="wordnet-croatian">
         <wf lemma="Cijelo" pos="X">Cijelo</wf>
         <wf lemma="sam" pos="X">sam</wf>
         <instance id="d000.s1870.t000" lemma="jutro" pos="NOUN">jutro</instance>
         <wf lemma="uređivala" pos="X">uređivala</wf>
         <wf lemma="vrt." pos="X">vrt.</wf>
      </sentence>
      <sentence id="d000.s1871" source="wordnet-croatian">
         <wf lemma="Namirnice" pos="X">Namirnice</wf>
         <wf lemma="se" pos="X">se</wf>
         <instance id="d000.s1871.t000" lemma="održavati" pos="VERB">održavaju</instance>
         <wf lemma="svježima" pos="X">svježima</wf>
         <wf lemma="čuvanjem" pos="X">čuvanjem</wf>
         <wf lemma="u" pos="X">u</wf>
         <wf lemma="hladnjaku" pos="X">hladnjaku</wf>
         <wf lemma="." pos="X">.</wf>
      </sentence>
      <sentence id="d000.s1872" source="wordnet-croatian">
         <wf lemma="Temeljna" pos="X">Temeljna</wf>
         <instance id="d000.s1872.t000" lemma="postavka" pos="NOUN">postavka</instance>
         <wf lemma="njegove" pos="X">njegove</wf>
         <wf lemma="teorije" pos="X">teorije</wf>
         <wf lemma="iznesena" pos="X">iznesena</wf>
         <wf lemma="je" pos="X">je</wf>
         <wf lemma="na" pos="X">na</wf>
         <wf lemma="početku" pos="X">početku</wf>
         <wf lemma="rada" pos="X">rada</wf>
         <wf lemma="." pos="X">.</wf>
      </sentence>
      <sentence id="d000.s1873" source="wordnet-croatian">
         <wf lemma="Dozvoljeni" pos="X">Dozvoljeni</wf>
         <instance id="d000.s1873.t000" lemma="limit" pos="NOUN">limit</instance>
         <wf lemma="na" pos="X">na</wf>
         <wf lemma="kreditnoj" pos="X">kreditnoj</wf>
         <wf lemma="kartici" pos="X">kartici</wf>
         <wf lemma="je" pos="X">je</wf>
         <wf lemma="premalen" pos="X">premalen</wf>
         <wf lemma="." pos="X">.</wf>
      </sentence>
      <sentence id="d000.s1874" source="wordnet-croatian">
         <wf lemma="Njoj" pos="X">Njoj</wf>
         <wf lemma="su" pos="X">su</wf>
         <wf lemma="uvijek" pos="X">uvijek</wf>
         <wf lemma="bile" pos="X">bile</wf>
         <wf lemma="važne" pos="X">važne</wf>
         <instance id="d000.s1874.t000" lemma="pojedinost" pos="NOUN">pojedinosti</instance>
         <wf lemma="." pos="X">.</wf>
      </sentence>
      <sentence id="d000.s1875" source="wordnet-croatian">
         <wf lemma="Iako" pos="X">Iako</wf>
         <wf lemma="je" pos="X">je</wf>
         <wf lemma="pijanica" pos="X">pijanica</wf>
         <wf lemma="," pos="X">,</wf>
         <wf lemma="bratić" pos="X">bratić</wf>
         <wf lemma="Mirko" pos="X">Mirko</wf>
         <wf lemma="je" pos="X">je</wf>
         <wf lemma="ipak" pos="X">ipak</wf>
         <wf lemma="moj" pos="X">moj</wf>
         <instance id="d000.s1875.t000" lemma="rod" pos="NOUN">rod</instance>
         <wf lemma="." pos="X">.</wf>
      </sentence>
      <sentence id="d000.s1876" source="wordnet-croatian">
         <wf lemma="Zbog" pos="X">Zbog</wf>
         <wf lemma="kvalitetnog" pos="X">kvalitetnog</wf>
         <wf lemma="seminarskog" pos="X">seminarskog</wf>
         <wf lemma="rada" pos="X">rada</wf>
         <instance id="d000.s1876.t000" lemma="osloboditi" pos="VERB">oslobodili</instance>
         <wf lemma="su" pos="X">su</wf>
         <wf lemma="me" pos="X">me</wf>
         <wf lemma="od" pos="X">od</wf>
         <wf lemma="pismenog" pos="X">pismenog</wf>
         <wf lemma="ispita" pos="X">ispita</wf>
         <wf lemma="." pos="X">.</wf>
      </sentence>
      <sentence id="d000.s1877" source="wordnet-croatian">
         <wf lemma="Cijeli" pos="X">Cijeli</wf>
         <wf lemma="je" pos="X">je</wf>
         <wf lemma="dan" pos="X">dan</wf>
         <wf lemma="bacala" pos="X">bacala</wf>
         <wf lemma="nepotrebne" pos="X">nepotrebne</wf>
         <wf lemma="stvari" pos="X">stvari</wf>
         <wf lemma="iz" pos="X">iz</wf>
         <instance id="d000.s1877.t000" lemma="spremište" pos="NOUN">spremišta</instance>
         <wf lemma="i" pos="X">i</wf>
         <wf lemma="nije" pos="X">nije</wf>
         <wf lemma="mogla" pos="X">mogla</wf>
         <wf lemma="vjerovati" pos="X">vjerovati</wf>
         <wf lemma="kako" pos="X">kako</wf>
         <wf lemma="je" pos="X">je</wf>
         <wf lemma="uspjela" pos="X">uspjela</wf>
         <wf lemma="skupiti" pos="X">skupiti</wf>
         <wf lemma="toliko" pos="X">toliko</wf>
         <wf lemma="gluposti" pos="X">gluposti</wf>
         <wf lemma="." pos="X">.</wf>
      </sentence>
      <sentence id="d000.s1878" source="wordnet-croatian">
         <wf lemma="Danas" pos="X">Danas</wf>
         <wf lemma="me" pos="X">me</wf>
         <wf lemma="uhvatio" pos="X">uhvatio</wf>
         <wf lemma="pravi" pos="X">pravi</wf>
         <wf lemma="kreativni" pos="X">kreativni</wf>
         <instance id="d000.s1878.t000" lemma="zanos" pos="NOUN">zanos</instance>
         <wf lemma="." pos="X">.</wf>
      </sentence>
      <sentence id="d000.s1879" source="wordnet-croatian">
         <instance id="d000.s1879.t000" lemma="skok" pos="NOUN">Skokovi</instance>
         <wf lemma="s" pos="X">s</wf>
         <wf lemma="padobranom" pos="X">padobranom</wf>
         <wf lemma="dio" pos="X">dio</wf>
         <wf lemma="su" pos="X">su</wf>
         <wf lemma="obuke" pos="X">obuke</wf>
         <wf lemma="specijalnih" pos="X">specijalnih</wf>
         <wf lemma="vojnih" pos="X">vojnih</wf>
         <wf lemma="postrojbi" pos="X">postrojbi</wf>
         <wf lemma="." pos="X">.</wf>
      </sentence>
      <sentence id="d000.s1880" source="wordnet-croatian">
         <instance id="d000.s1880.t000" lemma="zapeti" pos="VERB">Zapeo</instance>
         <wf lemma="sam" pos="X">sam</wf>
         <wf lemma="u" pos="X">u</wf>
         <wf lemma="prometu" pos="X">prometu</wf>
         <wf lemma="i" pos="X">i</wf>
         <wf lemma="propustio" pos="X">propustio</wf>
         <wf lemma="sastanak" pos="X">sastanak</wf>
         <wf lemma="." pos="X">.</wf>
      </sentence>
      <sentence id="d000.s1881" source="wordnet-croatian">
         <wf lemma="Prva" pos="X">Prva</wf>
         <instance id="d000.s1881.t000" lemma="lager" pos="NOUN">lager</instance>
         <wf lemma="piva" pos="X">piva</wf>
         <wf lemma="potječu" pos="X">potječu</wf>
         <wf lemma="iz" pos="X">iz</wf>
         <wf lemma="Češke" pos="X">Češke</wf>
         <wf lemma="i" pos="X">i</wf>
         <wf lemma="Bavarske" pos="X">Bavarske</wf>
         <wf lemma="." pos="X">.</wf>
      </sentence>
      <sentence id="d000.s1882" source="wordnet-croatian">
         <instance id="d000.s1882.t000" lemma="predsjednik" pos="NOUN">Predsjednik</instance>
         <wf lemma="skupštine" pos="X">skupštine</wf>
         <wf lemma="najavio" pos="X">najavio</wf>
         <wf lemma="je" pos="X">je</wf>
         <wf lemma="stanku" pos="X">stanku</wf>
         <wf lemma="za" pos="X">za</wf>
         <wf lemma="ručak" pos="X">ručak</wf>
         <wf lemma="." pos="X">.</wf>
      </sentence>
      <sentence id="d000.s1883" source="wordnet-croatian">
         <wf lemma="Nije" pos="X">Nije</wf>
         <wf lemma="imala" pos="X">imala</wf>
         <wf lemma="jasan" pos="X">jasan</wf>
         <instance id="d000.s1883.t000" lemma="stav" pos="NOUN">stav</instance>
         <wf lemma="o" pos="X">o</wf>
         <wf lemma="položaju" pos="X">položaju</wf>
         <wf lemma="žena" pos="X">žena</wf>
         <wf lemma="u" pos="X">u</wf>
         <wf lemma="akademskoj" pos="X">akademskoj</wf>
         <wf lemma="zajednici" pos="X">zajednici</wf>
         <wf lemma="." pos="X">.</wf>
      </sentence>
      <sentence id="d000.s1884" source="wordnet-croatian">
         <wf lemma="Počeo" pos="X">Počeo</wf>
         <wf lemma="je" pos="X">je</wf>
         <wf lemma="svirati" pos="X">svirati</wf>
         <instance id="d000.s1884.t000" lemma="kontrafagot" pos="NOUN">kontrafagot</instance>
         <wf lemma="sasvim" pos="X">sasvim</wf>
         <wf lemma="slučajno" pos="X">slučajno</wf>
         <wf lemma="." pos="X">.</wf>
      </sentence>
      <sentence id="d000.s1885" source="wordnet-croatian">
         <wf lemma="Što" pos="X">Što</wf>
         <wf lemma="je" pos="X">je</wf>
         <wf lemma="bila" pos="X">bila</wf>
         <wf lemma="starija" pos="X">starija</wf>
         <wf lemma="," pos="X">,</wf>
         <wf lemma="sve" pos="X">sve</wf>
         <wf lemma="je" pos="X">je</wf>
         <wf lemma="više" pos="X">više</wf>
         <instance id="d000.s1885.t000" lemma="nalikovati" pos="VERB">nalikovala</instance>
         <wf lemma="na" pos="X">na</wf>
         <wf lemma="svoju" pos="X">svoju</wf>
         <wf lemma="baku" pos="X">baku</wf>
         <wf lemma="." pos="X">.</wf>
      </sentence>
      <sentence id="d000.s1886" source="wordnet-croatian">
         <wf lemma="Slučajno" pos="X">Slučajno</wf>
         <wf lemma="mi" pos="X">mi</wf>
         <wf lemma="se" pos="X">se</wf>
         <wf lemma="upalio" pos="X">upalio</wf>
         <instance id="d000.s1886.t000" lemma="alarm" pos="NOUN">alarm</instance>
         <wf lemma="na" pos="X">na</wf>
         <wf lemma="autu" pos="X">autu</wf>
         <wf lemma="i" pos="X">i</wf>
         <wf lemma="probudio" pos="X">probudio</wf>
         <wf lemma="cijelo" pos="X">cijelo</wf>
         <wf lemma="susjedstvo" pos="X">susjedstvo</wf>
         <wf lemma="." pos="X">.</wf>
      </sentence>
      <sentence id="d000.s1887" source="wordnet-croatian">
         <instance id="d000.s1887.t000" lemma="pokazivati" pos="VERB">Pokazivao</instance>
         <wf lemma="je" pos="X">je</wf>
         <wf lemma="svoje" pos="X">svoje</wf>
         <wf lemma="rane" pos="X">rane</wf>
         <wf lemma="zadobivene" pos="X">zadobivene</wf>
         <wf lemma="u" pos="X">u</wf>
         <wf lemma="ljutom" pos="X">ljutom</wf>
         <wf lemma="boju" pos="X">boju</wf>
         <wf lemma="." pos="X">.</wf>
      </sentence>
      <sentence id="d000.s1888" source="wordnet-croatian">
         <wf lemma="Svi" pos="X">Svi</wf>
         <wf lemma="su" pos="X">su</wf>
         <wf lemma="zamjećivali" pos="X">zamjećivali</wf>
         <instance id="d000.s1888.t000" lemma="uzorak" pos="NOUN">uzorak</instance>
         <wf lemma="na" pos="X">na</wf>
         <wf lemma="njezinoj" pos="X">njezinoj</wf>
         <wf lemma="majici" pos="X">majici</wf>
         <wf lemma="." pos="X">.</wf>
      </sentence>
      <sentence id="d000.s1889" source="wordnet-croatian">
         <wf lemma="Preskakanje" pos="X">Preskakanje</wf>
         <instance id="d000.s1889.t000" lemma="konopac" pos="NOUN">konopca</instance>
         <wf lemma="odlično" pos="X">odlično</wf>
         <wf lemma="je" pos="X">je</wf>
         <wf lemma="za" pos="X">za</wf>
         <wf lemma="vježbanje" pos="X">vježbanje</wf>
         <wf lemma="motorike" pos="X">motorike</wf>
         <wf lemma="." pos="X">.</wf>
      </sentence>
      <sentence id="d000.s1890" source="wordnet-croatian">
         <wf lemma="Doktorica" pos="X">Doktorica</wf>
         <wf lemma="joj" pos="X">joj</wf>
         <wf lemma="je" pos="X">je</wf>
         <wf lemma="propisala" pos="X">propisala</wf>
         <wf lemma="blagi" pos="X">blagi</wf>
         <instance id="d000.s1890.t000" lemma="analgetik" pos="NOUN">analgetik</instance>
         <wf lemma="za" pos="X">za</wf>
         <wf lemma="bolove" pos="X">bolove</wf>
         <wf lemma="u" pos="X">u</wf>
         <wf lemma="želucu" pos="X">želucu</wf>
         <wf lemma="." pos="X">.</wf>
      </sentence>
      <sentence id="d000.s1891" source="wordnet-croatian">
         <wf lemma="Njihov" pos="X">Njihov</wf>
         <wf lemma="je" pos="X">je</wf>
         <wf lemma="razvod" pos="X">razvod</wf>
         <wf lemma="izazvao" pos="X">izazvao</wf>
         <wf lemma="bujicu" pos="X">bujicu</wf>
         <instance id="d000.s1891.t000" lemma="trač" pos="NOUN">tračeva</instance>
         <wf lemma="." pos="X">.</wf>
      </sentence>
      <sentence id="d000.s1892" source="wordnet-croatian">
         <wf lemma="Svako" pos="X">Svako</wf>
         <wf lemma="si" pos="X">si</wf>
         <wf lemma="je" pos="X">je</wf>
         <wf lemma="večer" pos="X">večer</wf>
         <wf lemma="ribao" pos="X">ribao</wf>
         <instance id="d000.s1892.t000" lemma="celer" pos="NOUN">celer</instance>
         <wf lemma="i" pos="X">i</wf>
         <wf lemma="jeo" pos="X">jeo</wf>
         <wf lemma="ga" pos="X">ga</wf>
         <wf lemma="s" pos="X">s</wf>
         <wf lemma="jogurtom" pos="X">jogurtom</wf>
         <wf lemma="." pos="X">.</wf>
      </sentence>
      <sentence id="d000.s1893" source="wordnet-croatian">
         <wf lemma="U" pos="X">U</wf>
         <wf lemma="Zagrebu" pos="X">Zagrebu</wf>
         <wf lemma="postoji" pos="X">postoji</wf>
         <wf lemma="nekoliko" pos="X">nekoliko</wf>
         <instance id="d000.s1893.t000" lemma="spremište" pos="NOUN">spremišta</instance>
         <wf lemma="tramvaja" pos="X">tramvaja</wf>
         <wf lemma="." pos="X">.</wf>
      </sentence>
      <sentence id="d000.s1894" source="wordnet-croatian">
         <wf lemma="Vesele" pos="X">Vesele</wf>
         <wf lemma="ga" pos="X">ga</wf>
         <instance id="d000.s1894.t000" lemma="dalek" pos="ADJ">daleki</instance>
         <wf lemma="dosezi" pos="X">dosezi</wf>
         <wf lemma="američke" pos="X">američke</wf>
         <wf lemma="demokracije" pos="X">demokracije</wf>
         <wf lemma="." pos="X">.</wf>
      </sentence>
      <sentence id="d000.s1895" source="wordnet-croatian">
         <wf lemma="Kruh" pos="X">Kruh</wf>
         <wf lemma="i" pos="X">i</wf>
         <wf lemma="mlijeko" pos="X">mlijeko</wf>
         <instance id="d000.s1895.t000" lemma="činiti" pos="VERB">čine</instance>
         <wf lemma="osnovne" pos="X">osnovne</wf>
         <wf lemma="namirnice" pos="X">namirnice</wf>
         <wf lemma="u" pos="X">u</wf>
         <wf lemma="nas" pos="X">nas</wf>
         <wf lemma="." pos="X">.</wf>
      </sentence>
      <sentence id="d000.s1896" source="wordnet-croatian">
         <wf lemma="Knjige" pos="X">Knjige</wf>
         <wf lemma="su" pos="X">su</wf>
         <wf lemma="u" pos="X">u</wf>
         <wf lemma="knjižari" pos="X">knjižari</wf>
         <wf lemma="omotane" pos="X">omotane</wf>
         <wf lemma="celofanskom" pos="X">celofanskom</wf>
         <instance id="d000.s1896.t000" lemma="ovojnica" pos="NOUN">ovojnicom</instance>
         <wf lemma="kako" pos="X">kako</wf>
         <wf lemma="se" pos="X">se</wf>
         <wf lemma="ne" pos="X">ne</wf>
         <wf lemma="bi" pos="X">bi</wf>
         <wf lemma="oštetile" pos="X">oštetile</wf>
         <wf lemma="." pos="X">.</wf>
      </sentence>
      <sentence id="d000.s1897" source="wordnet-croatian">
         <wf lemma="On" pos="X">On</wf>
         <wf lemma="je" pos="X">je</wf>
         <wf lemma="imao" pos="X">imao</wf>
         <wf lemma="najzahtjevniju" pos="X">najzahtjevniju</wf>
         <wf lemma="glumačku" pos="X">glumačku</wf>
         <instance id="d000.s1897.t000" lemma="uloga" pos="NOUN">ulogu</instance>
         <wf lemma="." pos="X">.</wf>
      </sentence>
      <sentence id="d000.s1898" source="wordnet-croatian">
         <wf lemma="Moja" pos="X">Moja</wf>
         <wf lemma="mama" pos="X">mama</wf>
         <wf lemma="ima" pos="X">ima</wf>
         <wf lemma="jedinstven" pos="X">jedinstven</wf>
         <instance id="d000.s1898.t000" lemma="glas" pos="NOUN">glas</instance>
         <wf lemma="." pos="X">.</wf>
      </sentence>
      <sentence id="d000.s1899" source="wordnet-croatian">
         <instance id="d000.s1899.t000" lemma="čuvati" pos="VERB">Čuvam</instance>
         <wf lemma="recept" pos="X">recept</wf>
         <wf lemma="za" pos="X">za</wf>
         <wf lemma="svoj" pos="X">svoj</wf>
         <wf lemma="specijalitet" pos="X">specijalitet</wf>
         <wf lemma="u" pos="X">u</wf>
         <wf lemma="strogoj" pos="X">strogoj</wf>
         <wf lemma="tajnosti" pos="X">tajnosti</wf>
         <wf lemma="." pos="X">.</wf>
      </sentence>
      <sentence id="d000.s1900" source="wordnet-croatian">
         <wf lemma="Čvor" pos="X">Čvor</wf>
         <wf lemma="je" pos="X">je</wf>
         <instance id="d000.s1900.t000" lemma="olabaviti" pos="VERB">olabavio</instance>
         <wf lemma="." pos="X">.</wf>
      </sentence>
      <sentence id="d000.s1901" source="wordnet-croatian">
         <wf lemma="Kolijevka" pos="X">Kolijevka</wf>
         <wf lemma="je" pos="X">je</wf>
         <wf lemma="bila" pos="X">bila</wf>
         <wf lemma="prekrivena" pos="X">prekrivena</wf>
         <wf lemma="platnenim" pos="X">platnenim</wf>
         <instance id="d000.s1901.t000" lemma="pokrov" pos="NOUN">pokrovom</instance>
         <wf lemma="oslikanim" pos="X">oslikanim</wf>
         <wf lemma="medvjedićima" pos="X">medvjedićima</wf>
         <wf lemma="." pos="X">.</wf>
      </sentence>
      <sentence id="d000.s1902" source="wordnet-croatian">
         <wf lemma="Teško" pos="X">Teško</wf>
         <wf lemma="je" pos="X">je</wf>
         <wf lemma="biti" pos="X">biti</wf>
         <instance id="d000.s1902.t000" lemma="majstor" pos="NOUN">majstor</instance>
         <wf lemma="u" pos="X">u</wf>
         <wf lemma="vlastitoj" pos="X">vlastitoj</wf>
         <wf lemma="kuhinji" pos="X">kuhinji</wf>
         <wf lemma="." pos="X">.</wf>
      </sentence>
      <sentence id="d000.s1903" source="wordnet-croatian">
         <instance id="d000.s1903.t000" lemma="provjeravati" pos="VERB">Provjeravaš</instance>
         <wf lemma="li" pos="X">li</wf>
         <wf lemma="temperaturu" pos="X">temperaturu</wf>
         <wf lemma="?" pos="X">?</wf>
      </sentence>
      <sentence id="d000.s1904" source="wordnet-croatian">
         <wf lemma="Moraš" pos="X">Moraš</wf>
         <instance id="d000.s1904.t000" lemma="ustrajati" pos="VERB">ustrajati</instance>
         <wf lemma="u" pos="X">u</wf>
         <wf lemma="dijeti" pos="X">dijeti</wf>
         <wf lemma="." pos="X">.</wf>
      </sentence>
      <sentence id="d000.s1905" source="wordnet-croatian">
         <wf lemma="Taj" pos="X">Taj</wf>
         <wf lemma="se" pos="X">se</wf>
         <instance id="d000.s1905.t000" lemma="stil" pos="NOUN">stil</instance>
         <wf lemma="odijevanja" pos="X">odijevanja</wf>
         <wf lemma="još" pos="X">još</wf>
         <wf lemma="uvijek" pos="X">uvijek</wf>
         <wf lemma="jako" pos="X">jako</wf>
         <wf lemma="cijeni" pos="X">cijeni</wf>
         <wf lemma="." pos="X">.</wf>
      </sentence>
      <sentence id="d000.s1906" source="wordnet-croatian">
         <wf lemma="Tvoja" pos="X">Tvoja</wf>
         <wf lemma="žena" pos="X">žena</wf>
         <wf lemma="nije" pos="X">nije</wf>
         <wf lemma="tvoje" pos="X">tvoje</wf>
         <instance id="d000.s1906.t000" lemma="vlasništvo" pos="NOUN">vlasništvo</instance>
         <wf lemma="." pos="X">.</wf>
      </sentence>
      <sentence id="d000.s1907" source="wordnet-croatian">
         <wf lemma="Dr." pos="X">Dr.</wf>
         <wf lemma="Bernard" pos="X">Bernard</wf>
         <wf lemma="je" pos="X">je</wf>
         <instance id="d000.s1907.t000" lemma="otpočeti" pos="VERB">otpočeo</instance>
         <wf lemma="s" pos="X">s</wf>
         <wf lemma="transplatcijom" pos="X">transplatcijom</wf>
         <wf lemma="srca" pos="X">srca</wf>
         <wf lemma="kod" pos="X">kod</wf>
         <wf lemma="ljudskih" pos="X">ljudskih</wf>
         <wf lemma="pacijenata" pos="X">pacijenata</wf>
         <wf lemma="." pos="X">.</wf>
      </sentence>
      <sentence id="d000.s1908" source="wordnet-croatian">
         <wf lemma="Dao" pos="X">Dao</wf>
         <wf lemma="sam" pos="X">sam</wf>
         <wf lemma="bakin" pos="X">bakin</wf>
         <wf lemma="stan" pos="X">stan</wf>
         <wf lemma="u" pos="X">u</wf>
         <instance id="d000.s1908.t000" lemma="najam" pos="NOUN">najam</instance>
         <wf lemma="nekim" pos="X">nekim</wf>
         <wf lemma="studentima" pos="X">studentima</wf>
         <wf lemma="." pos="X">.</wf>
      </sentence>
      <sentence id="d000.s1909" source="wordnet-croatian">
         <wf lemma="Sutra" pos="X">Sutra</wf>
         <instance id="d000.s1909.t000" lemma="planirati" pos="VERB">planiram</instance>
         <wf lemma="izaći" pos="X">izaći</wf>
         <wf lemma="na" pos="X">na</wf>
         <wf lemma="ispit" pos="X">ispit</wf>
         <wf lemma="." pos="X">.</wf>
      </sentence>
      <sentence id="d000.s1910" source="wordnet-croatian">
         <wf lemma="Poveljom" pos="X">Poveljom</wf>
         <wf lemma="kralja" pos="X">kralja</wf>
         <wf lemma="i" pos="X">i</wf>
         <wf lemma="Zagreb" pos="X">Zagreb</wf>
         <wf lemma="je" pos="X">je</wf>
         <wf lemma="postao" pos="X">postao</wf>
         <instance id="d000.s1910.t000" lemma="grad" pos="NOUN">gradom</instance>
         <wf lemma="." pos="X">.</wf>
      </sentence>
      <sentence id="d000.s1911" source="wordnet-croatian">
         <instance id="d000.s1911.t000" lemma="naručiti" pos="VERB">Naručila</instance>
         <wf lemma="se" pos="X">se</wf>
         <wf lemma="kod" pos="X">kod</wf>
         <wf lemma="frizera" pos="X">frizera</wf>
         <wf lemma="u" pos="X">u</wf>
         <wf lemma="pola" pos="X">pola</wf>
         <wf lemma="pet" pos="X">pet</wf>
         <wf lemma="." pos="X">.</wf>
      </sentence>
      <sentence id="d000.s1912" source="wordnet-croatian">
         <instance id="d000.s1912.t000" lemma="beskorisnost" pos="NOUN">Beskorisnost</instance>
         <wf lemma="novih" pos="X">novih</wf>
         <wf lemma="radnika" pos="X">radnika</wf>
         <wf lemma="izluđivala" pos="X">izluđivala</wf>
         <wf lemma="je" pos="X">je</wf>
         <wf lemma="šefa" pos="X">šefa</wf>
         <wf lemma="." pos="X">.</wf>
      </sentence>
      <sentence id="d000.s1913" source="wordnet-croatian">
         <instance id="d000.s1913.t000" lemma="zahtijevati" pos="VERB">Zahtijevali</instance>
         <wf lemma="su" pos="X">su</wf>
         <wf lemma="brisanje" pos="X">brisanje</wf>
         <wf lemma="iz" pos="X">iz</wf>
         <wf lemma="registra" pos="X">registra</wf>
         <wf lemma="dužnika" pos="X">dužnika</wf>
         <wf lemma="." pos="X">.</wf>
      </sentence>
      <sentence id="d000.s1914" source="wordnet-croatian">
         <wf lemma="Nakon" pos="X">Nakon</wf>
         <instance id="d000.s1914.t000" lemma="saslušanje" pos="NOUN">saslušanja</instance>
         <wf lemma="svjedoka" pos="X">svjedoka</wf>
         <wf lemma="odvjetnik" pos="X">odvjetnik</wf>
         <wf lemma="je" pos="X">je</wf>
         <wf lemma="prešao" pos="X">prešao</wf>
         <wf lemma="na" pos="X">na</wf>
         <wf lemma="završnu" pos="X">završnu</wf>
         <wf lemma="riječ" pos="X">riječ</wf>
         <wf lemma="." pos="X">.</wf>
      </sentence>
      <sentence id="d000.s1915" source="wordnet-croatian">
         <wf lemma="Neoprezna" pos="X">Neoprezna</wf>
         <wf lemma="je" pos="X">je</wf>
         <wf lemma="sobarica" pos="X">sobarica</wf>
         <instance id="d000.s1915.t000" lemma="okrhnuti" pos="VERB">okrhnula</instance>
         <wf lemma="vrijednu" pos="X">vrijednu</wf>
         <wf lemma="vazu" pos="X">vazu</wf>
         <wf lemma="." pos="X">.</wf>
      </sentence>
      <sentence id="d000.s1916" source="wordnet-croatian">
         <wf lemma="Nakon" pos="X">Nakon</wf>
         <wf lemma="nekoliko" pos="X">nekoliko</wf>
         <wf lemma="pokušaja" pos="X">pokušaja</wf>
         <wf lemma="konačno" pos="X">konačno</wf>
         <wf lemma="je" pos="X">je</wf>
         <wf lemma="uspjela" pos="X">uspjela</wf>
         <wf lemma="dobiti" pos="X">dobiti</wf>
         <wf lemma="željenu" pos="X">željenu</wf>
         <instance id="d000.s1916.t000" lemma="nijansa" pos="NOUN">nijansu</instance>
         <wf lemma="plave" pos="X">plave</wf>
         <wf lemma="boje" pos="X">boje</wf>
         <wf lemma="." pos="X">.</wf>
      </sentence>
      <sentence id="d000.s1917" source="wordnet-croatian">
         <wf lemma="Bubrežni" pos="X">Bubrežni</wf>
         <wf lemma="bolesnici" pos="X">bolesnici</wf>
         <wf lemma="trebaju" pos="X">trebaju</wf>
         <instance id="d000.s1917.t000" lemma="piti" pos="VERB">piti</instance>
         <wf lemma="najmanje" pos="X">najmanje</wf>
         <wf lemma="dvije" pos="X">dvije</wf>
         <wf lemma="litre" pos="X">litre</wf>
         <wf lemma="vode" pos="X">vode</wf>
         <wf lemma="dnevno" pos="X">dnevno</wf>
         <wf lemma="." pos="X">.</wf>
      </sentence>
      <sentence id="d000.s1918" source="wordnet-croatian">
         <wf lemma="Knjiga" pos="X">Knjiga</wf>
         <wf lemma="se" pos="X">se</wf>
         <wf lemma="sastoji" pos="X">sastoji</wf>
         <wf lemma="od" pos="X">od</wf>
         <wf lemma="120" pos="X">120</wf>
         <instance id="d000.s1918.t000" lemma="list" pos="NOUN">listova</instance>
         <wf lemma="." pos="X">.</wf>
      </sentence>
      <sentence id="d000.s1919" source="wordnet-croatian">
         <wf lemma="Marija" pos="X">Marija</wf>
         <instance id="d000.s1919.t000" lemma="posjedovati" pos="VERB">posjeduje</instance>
         <wf lemma="zlatnike" pos="X">zlatnike</wf>
         <wf lemma="još" pos="X">još</wf>
         <wf lemma="od" pos="X">od</wf>
         <wf lemma="vremena" pos="X">vremena</wf>
         <wf lemma="Austro-Ugarske" pos="X">Austro-Ugarske</wf>
         <wf lemma="Monarhije" pos="X">Monarhije</wf>
         <wf lemma="." pos="X">.</wf>
      </sentence>
      <sentence id="d000.s1920" source="wordnet-croatian">
         <wf lemma="Nije" pos="X">Nije</wf>
         <wf lemma="lako" pos="X">lako</wf>
         <instance id="d000.s1920.t000" lemma="uskladiti" pos="VERB">uskladiti</instance>
         <wf lemma="posao" pos="X">posao</wf>
         <wf lemma="i" pos="X">i</wf>
         <wf lemma="roditeljske" pos="X">roditeljske</wf>
         <wf lemma="zadatke" pos="X">zadatke</wf>
         <wf lemma="." pos="X">.</wf>
      </sentence>
      <sentence id="d000.s1921" source="wordnet-croatian">
         <instance id="d000.s1921.t000" lemma="potrgati" pos="VERB">Potrgao</instance>
         <wf lemma="je" pos="X">je</wf>
         <wf lemma="budilicu" pos="X">budilicu</wf>
         <wf lemma="dok" pos="X">dok</wf>
         <wf lemma="ju" pos="X">ju</wf>
         <wf lemma="je" pos="X">je</wf>
         <wf lemma="pokušavao" pos="X">pokušavao</wf>
         <wf lemma="popraviti" pos="X">popraviti</wf>
         <wf lemma="." pos="X">.</wf>
      </sentence>
      <sentence id="d000.s1922" source="wordnet-croatian">
         <wf lemma="Ona" pos="X">Ona</wf>
         <wf lemma="nikada" pos="X">nikada</wf>
         <wf lemma="ne" pos="X">ne</wf>
         <instance id="d000.s1922.t000" lemma="pomagati" pos="VERB">pomaže</instance>
         <wf lemma="u" pos="X">u</wf>
         <wf lemma="kućnim" pos="X">kućnim</wf>
         <wf lemma="poslovima" pos="X">poslovima</wf>
         <wf lemma="." pos="X">.</wf>
      </sentence>
      <sentence id="d000.s1923" source="wordnet-croatian">
         <wf lemma="Snažni" pos="X">Snažni</wf>
         <instance id="d000.s1923.t000" lemma="vjetar" pos="NOUN">vjetar</instance>
         <wf lemma="donio" pos="X">donio</wf>
         <wf lemma="je" pos="X">je</wf>
         <wf lemma="pustinjski" pos="X">pustinjski</wf>
         <wf lemma="pijesak" pos="X">pijesak</wf>
         <wf lemma="nad" pos="X">nad</wf>
         <wf lemma="jadransku" pos="X">jadransku</wf>
         <wf lemma="obalu" pos="X">obalu</wf>
         <wf lemma="." pos="X">.</wf>
      </sentence>
      <sentence id="d000.s1924" source="wordnet-croatian">
         <instance id="d000.s1924.t000" lemma="dekan" pos="NOUN">Dekan</instance>
         <wf lemma="Ekonomskog" pos="X">Ekonomskog</wf>
         <wf lemma="fakulteta" pos="X">fakulteta</wf>
         <wf lemma="održao" pos="X">održao</wf>
         <wf lemma="je" pos="X">je</wf>
         <wf lemma="svečani" pos="X">svečani</wf>
         <wf lemma="govor" pos="X">govor</wf>
         <wf lemma="." pos="X">.</wf>
      </sentence>
      <sentence id="d000.s1925" source="wordnet-croatian">
         <wf lemma="S" pos="X">S</wf>
         <wf lemma="radošću" pos="X">radošću</wf>
         <wf lemma="je" pos="X">je</wf>
         <wf lemma="kukičala" pos="X">kukičala</wf>
         <instance id="d000.s1925.t000" lemma="stolnjak" pos="NOUN">stolnjake</instance>
         <wf lemma="raznih" pos="X">raznih</wf>
         <wf lemma="oblika" pos="X">oblika</wf>
         <wf lemma="," pos="X">,</wf>
         <wf lemma="uzoraka" pos="X">uzoraka</wf>
         <wf lemma="i" pos="X">i</wf>
         <wf lemma="veličina" pos="X">veličina</wf>
         <wf lemma="." pos="X">.</wf>
      </sentence>
      <sentence id="d000.s1926" source="wordnet-croatian">
         <wf lemma="Tu" pos="X">Tu</wf>
         <wf lemma="večer" pos="X">večer</wf>
         <wf lemma="čeznuo" pos="X">čeznuo</wf>
         <wf lemma="je" pos="X">je</wf>
         <wf lemma="za" pos="X">za</wf>
         <wf lemma="dobrim" pos="X">dobrim</wf>
         <instance id="d000.s1926.t000" lemma="društvo" pos="NOUN">društvom</instance>
         <wf lemma="." pos="X">.</wf>
      </sentence>
      <sentence id="d000.s1927" source="wordnet-croatian">
         <wf lemma="Zemlja" pos="X">Zemlja</wf>
         <instance id="d000.s1927.t000" lemma="kružiti" pos="VERB">kruži</instance>
         <wf lemma="oko" pos="X">oko</wf>
         <wf lemma="Sunca" pos="X">Sunca</wf>
         <wf lemma="." pos="X">.</wf>
      </sentence>
      <sentence id="d000.s1928" source="wordnet-croatian">
         <instance id="d000.s1928.t000" lemma="dati" pos="VERB">Daj</instance>
         <wf lemma="mi" pos="X">mi</wf>
         <wf lemma="svoj" pos="X">svoj</wf>
         <wf lemma="broj" pos="X">broj</wf>
         <wf lemma="telefona" pos="X">telefona</wf>
         <wf lemma="pa" pos="X">pa</wf>
         <wf lemma="ću" pos="X">ću</wf>
         <wf lemma="ti" pos="X">ti</wf>
         <wf lemma="se" pos="X">se</wf>
         <wf lemma="javiti" pos="X">javiti</wf>
         <wf lemma="." pos="X">.</wf>
      </sentence>
      <sentence id="d000.s1929" source="wordnet-croatian">
         <instance id="d000.s1929.t000" lemma="malina" pos="NOUN">Maline</instance>
         <wf lemma="me" pos="X">me</wf>
         <wf lemma="podsjećaju" pos="X">podsjećaju</wf>
         <wf lemma="na" pos="X">na</wf>
         <wf lemma="djetinjstvo" pos="X">djetinjstvo</wf>
         <wf lemma="." pos="X">.</wf>
      </sentence>
      <sentence id="d000.s1930" source="wordnet-croatian">
         <wf lemma="Ona" pos="X">Ona</wf>
         <instance id="d000.s1930.t000" lemma="prevoditi" pos="VERB">prevodi</instance>
         <wf lemma="knjige" pos="X">knjige</wf>
         <wf lemma="i" pos="X">i</wf>
         <wf lemma="filmove" pos="X">filmove</wf>
         <wf lemma="." pos="X">.</wf>
      </sentence>
      <sentence id="d000.s1931" source="wordnet-croatian">
         <wf lemma="Razlog" pos="X">Razlog</wf>
         <wf lemma="za" pos="X">za</wf>
         <wf lemma="njihov" pos="X">njihov</wf>
         <wf lemma="sukob" pos="X">sukob</wf>
         <wf lemma="stoji" pos="X">stoji</wf>
         <wf lemma="u" pos="X">u</wf>
         <instance id="d000.s1931.t000" lemma="pozadina" pos="NOUN">pozadini</instance>
         <wf lemma="priče" pos="X">priče</wf>
         <wf lemma="." pos="X">.</wf>
      </sentence>
      <sentence id="d000.s1932" source="wordnet-croatian">
         <wf lemma="Na" pos="X">Na</wf>
         <wf lemma="sredini" pos="X">sredini</wf>
         <instance id="d000.s1932.t000" lemma="trg" pos="NOUN">trga</instance>
         <wf lemma="nalazila" pos="X">nalazila</wf>
         <wf lemma="se" pos="X">se</wf>
         <wf lemma="fontana" pos="X">fontana</wf>
         <wf lemma="." pos="X">.</wf>
      </sentence>
      <sentence id="d000.s1933" source="wordnet-croatian">
         <wf lemma="Morali" pos="X">Morali</wf>
         <wf lemma="smo" pos="X">smo</wf>
         <wf lemma="pozvati" pos="X">pozvati</wf>
         <wf lemma="vodoinstalatera" pos="X">vodoinstalatera</wf>
         <wf lemma="da" pos="X">da</wf>
         <wf lemma="otkloni" pos="X">otkloni</wf>
         <instance id="d000.s1933.t000" lemma="začepljenje" pos="NOUN">začepljenje</instance>
         <wf lemma="." pos="X">.</wf>
      </sentence>
      <sentence id="d000.s1934" source="wordnet-croatian">
         <instance id="d000.s1934.t000" lemma="nepravednost" pos="NOUN">Nepravednost</instance>
         <wf lemma="klasnoga" pos="X">klasnoga</wf>
         <wf lemma="društva" pos="X">društva</wf>
         <wf lemma="ne" pos="X">ne</wf>
         <wf lemma="treba" pos="X">treba</wf>
         <wf lemma="posebno" pos="X">posebno</wf>
         <wf lemma="objašnjavati" pos="X">objašnjavati</wf>
         <wf lemma="." pos="X">.</wf>
      </sentence>
      <sentence id="d000.s1935" source="wordnet-croatian">
         <wf lemma="Novinari" pos="X">Novinari</wf>
         <wf lemma="vole" pos="X">vole</wf>
         <wf lemma="kopati" pos="X">kopati</wf>
         <wf lemma="po" pos="X">po</wf>
         <instance id="d000.s1935.t000" lemma="prošlost" pos="NOUN">prošlosti</instance>
         <wf lemma="slavnih" pos="X">slavnih</wf>
         <wf lemma="osoba" pos="X">osoba</wf>
         <wf lemma="." pos="X">.</wf>
      </sentence>
      <sentence id="d000.s1936" source="wordnet-croatian">
         <wf lemma="Unajmili" pos="X">Unajmili</wf>
         <wf lemma="smo" pos="X">smo</wf>
         <wf lemma="ljude" pos="X">ljude</wf>
         <wf lemma="za" pos="X">za</wf>
         <instance id="d000.s1936.t000" lemma="košnja" pos="NOUN">košnju</instance>
         <wf lemma="." pos="X">.</wf>
      </sentence>
      <sentence id="d000.s1937" source="wordnet-croatian">
         <wf lemma="Baka" pos="X">Baka</wf>
         <wf lemma="je" pos="X">je</wf>
         <wf lemma="," pos="X">,</wf>
         <wf lemma="ponosna" pos="X">ponosna</wf>
         <wf lemma="," pos="X">,</wf>
         <wf lemma="svima" pos="X">svima</wf>
         <instance id="d000.s1937.t000" lemma="pokazivati" pos="VERB">pokazivala</instance>
         <wf lemma="sliku" pos="X">sliku</wf>
         <wf lemma="svojega" pos="X">svojega</wf>
         <wf lemma="unuka" pos="X">unuka</wf>
         <wf lemma="." pos="X">.</wf>
      </sentence>
      <sentence id="d000.s1938" source="wordnet-croatian">
         <wf lemma="Ovogodišnji" pos="X">Ovogodišnji</wf>
         <instance id="d000.s1938.t000" lemma="domaćin" pos="NOUN">domaćin</instance>
         <wf lemma="Svjetkog" pos="X">Svjetkog</wf>
         <wf lemma="nogometnog" pos="X">nogometnog</wf>
         <wf lemma="prvenstva" pos="X">prvenstva</wf>
         <wf lemma="je" pos="X">je</wf>
         <wf lemma="Južnoafričaka" pos="X">Južnoafričaka</wf>
         <wf lemma="Republika" pos="X">Republika</wf>
         <wf lemma="." pos="X">.</wf>
      </sentence>
      <sentence id="d000.s1939" source="wordnet-croatian">
         <wf lemma="Mediteransko" pos="X">Mediteransko</wf>
         <instance id="d000.s1939.t000" lemma="kulinarstvo" pos="NOUN">kulinarstvo</instance>
         <wf lemma="ima" pos="X">ima</wf>
         <wf lemma="dugu" pos="X">dugu</wf>
         <wf lemma="i" pos="X">i</wf>
         <wf lemma="vrijednu" pos="X">vrijednu</wf>
         <wf lemma="tradiciju" pos="X">tradiciju</wf>
         <wf lemma="." pos="X">.</wf>
      </sentence>
      <sentence id="d000.s1940" source="wordnet-croatian">
         <wf lemma="Lako" pos="X">Lako</wf>
         <wf lemma="je" pos="X">je</wf>
         <wf lemma="igrati" pos="X">igrati</wf>
         <wf lemma="belot" pos="X">belot</wf>
         <wf lemma="kada" pos="X">kada</wf>
         <wf lemma="ti" pos="X">ti</wf>
         <wf lemma="partner" pos="X">partner</wf>
         <wf lemma="uvijek" pos="X">uvijek</wf>
         <wf lemma="dobiva" pos="X">dobiva</wf>
         <instance id="d000.s1940.t000" lemma="as" pos="NOUN">aseve</instance>
         <wf lemma="." pos="X">.</wf>
      </sentence>
      <sentence id="d000.s1941" source="wordnet-croatian">
         <wf lemma="Konferenciju" pos="X">Konferenciju</wf>
         <wf lemma="je" pos="X">je</wf>
         <wf lemma="otvorio" pos="X">otvorio</wf>
         <instance id="d000.s1941.t000" lemma="predsjedavajući" pos="NOUN">predsjedavajući</instance>
         <wf lemma="akademik" pos="X">akademik</wf>
         <wf lemma="i" pos="X">i</wf>
         <wf lemma="emeritus" pos="X">emeritus</wf>
         <wf lemma="na" pos="X">na</wf>
         <wf lemma="fakultetu" pos="X">fakultetu</wf>
         <wf lemma="." pos="X">.</wf>
      </sentence>
      <sentence id="d000.s1942" source="wordnet-croatian">
         <wf lemma="Svi" pos="X">Svi</wf>
         <wf lemma="su" pos="X">su</wf>
         <wf lemma="sudjelovali" pos="X">sudjelovali</wf>
         <wf lemma="na" pos="X">na</wf>
         <wf lemma="najvažnijem" pos="X">najvažnijem</wf>
         <instance id="d000.s1942.t000" lemma="događaj" pos="NOUN">događaju</instance>
         <wf lemma="godine" pos="X">godine</wf>
         <wf lemma="." pos="X">.</wf>
      </sentence>
      <sentence id="d000.s1943" source="wordnet-croatian">
         <wf lemma="Prodala" pos="X">Prodala</wf>
         <wf lemma="je" pos="X">je</wf>
         <wf lemma="jednu" pos="X">jednu</wf>
         <wf lemma="Meštrovićevu" pos="X">Meštrovićevu</wf>
         <instance id="d000.s1943.t000" lemma="skulptura" pos="NOUN">skulpturu</instance>
         <wf lemma="i" pos="X">i</wf>
         <wf lemma="preselila" pos="X">preselila</wf>
         <wf lemma="u" pos="X">u</wf>
         <wf lemma="Ameriku" pos="X">Ameriku</wf>
         <wf lemma="." pos="X">.</wf>
      </sentence>
      <sentence id="d000.s1944" source="wordnet-croatian">
         <wf lemma="Sada" pos="X">Sada</wf>
         <wf lemma="nije" pos="X">nije</wf>
         <instance id="d000.s1944.t000" lemma="vrijeme" pos="NOUN">vrijeme</instance>
         <wf lemma="za" pos="X">za</wf>
         <wf lemma="diskusiju" pos="X">diskusiju</wf>
         <wf lemma="o" pos="X">o</wf>
         <wf lemma="tome" pos="X">tome</wf>
         <wf lemma="." pos="X">.</wf>
      </sentence>
      <sentence id="d000.s1945" source="wordnet-croatian">
         <wf lemma="Imao" pos="X">Imao</wf>
         <wf lemma="je" pos="X">je</wf>
         <wf lemma="svoju" pos="X">svoju</wf>
         <wf lemma="najdražu" pos="X">najdražu</wf>
         <instance id="d000.s1945.t000" lemma="fotelja" pos="NOUN">fotelju</instance>
         <wf lemma="u" pos="X">u</wf>
         <wf lemma="kojoj" pos="X">kojoj</wf>
         <wf lemma="nitko" pos="X">nitko</wf>
         <wf lemma="osim" pos="X">osim</wf>
         <wf lemma="njega" pos="X">njega</wf>
         <wf lemma="nije" pos="X">nije</wf>
         <wf lemma="smio" pos="X">smio</wf>
         <wf lemma="sjediti" pos="X">sjediti</wf>
         <wf lemma="." pos="X">.</wf>
      </sentence>
      <sentence id="d000.s1946" source="wordnet-croatian">
         <wf lemma="Mnogi" pos="X">Mnogi</wf>
         <wf lemma="ekonomisti" pos="X">ekonomisti</wf>
         <wf lemma="odbijaju" pos="X">odbijaju</wf>
         <wf lemma="se" pos="X">se</wf>
         <wf lemma="baviti" pos="X">baviti</wf>
         <instance id="d000.s1946.t000" lemma="računovodstvo" pos="NOUN">računovodstvom</instance>
         <wf lemma="." pos="X">.</wf>
      </sentence>
      <sentence id="d000.s1947" source="wordnet-croatian">
         <instance id="d000.s1947.t000" lemma="streljivo" pos="NOUN">Streljivo</instance>
         <wf lemma="treba" pos="X">treba</wf>
         <wf lemma="skladištiti" pos="X">skladištiti</wf>
         <wf lemma="na" pos="X">na</wf>
         <wf lemma="suhom" pos="X">suhom</wf>
         <wf lemma="i" pos="X">i</wf>
         <wf lemma="sigurnom" pos="X">sigurnom</wf>
         <wf lemma="mjestu" pos="X">mjestu</wf>
         <wf lemma="." pos="X">.</wf>
      </sentence>
      <sentence id="d000.s1948" source="wordnet-croatian">
         <wf lemma="Policija" pos="X">Policija</wf>
         <wf lemma="još" pos="X">još</wf>
         <wf lemma="nije" pos="X">nije</wf>
         <wf lemma="utvrdila" pos="X">utvrdila</wf>
         <instance id="d000.s1948.t000" lemma="uzrok" pos="NOUN">uzrok</instance>
         <wf lemma="nesreće" pos="X">nesreće</wf>
         <wf lemma="." pos="X">.</wf>
      </sentence>
      <sentence id="d000.s1949" source="wordnet-croatian">
         <wf lemma="U" pos="X">U</wf>
         <wf lemma="nekim" pos="X">nekim</wf>
         <wf lemma="kulturama" pos="X">kulturama</wf>
         <wf lemma="se" pos="X">se</wf>
         <wf lemma="pokazivanje" pos="X">pokazivanje</wf>
         <wf lemma="srednjeg" pos="X">srednjeg</wf>
         <wf lemma="prsta" pos="X">prsta</wf>
         <wf lemma="ne" pos="X">ne</wf>
         <wf lemma="smatra" pos="X">smatra</wf>
         <instance id="d000.s1949.t000" lemma="uvreda" pos="NOUN">uvredom</instance>
         <wf lemma="." pos="X">.</wf>
      </sentence>
      <sentence id="d000.s1950" source="wordnet-croatian">
         <wf lemma="Bio" pos="X">Bio</wf>
         <wf lemma="je" pos="X">je</wf>
         <wf lemma="pun" pos="X">pun</wf>
         <instance id="d000.s1950.t000" lemma="život" pos="NOUN">života</instance>
         <wf lemma="." pos="X">.</wf>
      </sentence>
      <sentence id="d000.s1951" source="wordnet-croatian">
         <wf lemma="Plod" pos="X">Plod</wf>
         <instance id="d000.s1951.t000" lemma="kumkvat" pos="NOUN">kumkvata</instance>
         <wf lemma="može" pos="X">može</wf>
         <wf lemma="biti" pos="X">biti</wf>
         <wf lemma="malen" pos="X">malen</wf>
         <wf lemma="poput" pos="X">poput</wf>
         <wf lemma="žira" pos="X">žira</wf>
         <wf lemma="." pos="X">.</wf>
      </sentence>
      <sentence id="d000.s1952" source="wordnet-croatian">
         <wf lemma="Ugledao" pos="X">Ugledao</wf>
         <wf lemma="je" pos="X">je</wf>
         <wf lemma="mrlju" pos="X">mrlju</wf>
         <wf lemma="na" pos="X">na</wf>
         <instance id="d000.s1952.t000" lemma="košulja" pos="NOUN">košulji</instance>
         <wf lemma="pa" pos="X">pa</wf>
         <wf lemma="se" pos="X">se</wf>
         <wf lemma="vratio" pos="X">vratio</wf>
         <wf lemma="u" pos="X">u</wf>
         <wf lemma="stan" pos="X">stan</wf>
         <wf lemma="da" pos="X">da</wf>
         <wf lemma="se" pos="X">se</wf>
         <wf lemma="presvuče" pos="X">presvuče</wf>
         <wf lemma="." pos="X">.</wf>
      </sentence>
      <sentence id="d000.s1953" source="wordnet-croatian">
         <wf lemma="Nikada" pos="X">Nikada</wf>
         <wf lemma="nisam" pos="X">nisam</wf>
         <wf lemma="naučio" pos="X">naučio</wf>
         <instance id="d000.s1953.t000" lemma="koristiti" pos="VERB">koristiti</instance>
         <wf lemma="motornu" pos="X">motornu</wf>
         <wf lemma="pilu" pos="X">pilu</wf>
         <wf lemma="da" pos="X">da</wf>
         <wf lemma="brže" pos="X">brže</wf>
         <wf lemma="porušim" pos="X">porušim</wf>
         <wf lemma="stabla" pos="X">stabla</wf>
         <wf lemma="," pos="X">,</wf>
         <wf lemma="i" pos="X">i</wf>
         <wf lemma="dalje" pos="X">dalje</wf>
         <wf lemma="sam" pos="X">sam</wf>
         <wf lemma="radio" pos="X">radio</wf>
         <wf lemma="sjekirom" pos="X">sjekirom</wf>
         <wf lemma="." pos="X">.</wf>
      </sentence>
      <sentence id="d000.s1954" source="wordnet-croatian">
         <wf lemma="Pacijent" pos="X">Pacijent</wf>
         <wf lemma="je" pos="X">je</wf>
         <wf lemma="školski" pos="X">školski</wf>
         <instance id="d000.s1954.t000" lemma="primjer" pos="NOUN">primjer</instance>
         <wf lemma="za" pos="X">za</wf>
         <wf lemma="sindrom" pos="X">sindrom</wf>
         <wf lemma="o" pos="X">o</wf>
         <wf lemma="kojem" pos="X">kojem</wf>
         <wf lemma="smo" pos="X">smo</wf>
         <wf lemma="govorili" pos="X">govorili</wf>
         <wf lemma="." pos="X">.</wf>
      </sentence>
      <sentence id="d000.s1955" source="wordnet-croatian">
         <wf lemma="Nakon" pos="X">Nakon</wf>
         <wf lemma="automobilske" pos="X">automobilske</wf>
         <wf lemma="nesreće" pos="X">nesreće</wf>
         <wf lemma="putnici" pos="X">putnici</wf>
         <wf lemma="su" pos="X">su</wf>
         <wf lemma="bili" pos="X">bili</wf>
         <wf lemma="u" pos="X">u</wf>
         <instance id="d000.s1955.t000" lemma="šok" pos="NOUN">šoku</instance>
         <wf lemma="." pos="X">.</wf>
      </sentence>
      <sentence id="d000.s1956" source="wordnet-croatian">
         <wf lemma="Gradske" pos="X">Gradske</wf>
         <wf lemma="su" pos="X">su</wf>
         <instance id="d000.s1956.t000" lemma="gužva" pos="NOUN">gužve</instance>
         <wf lemma="najgore" pos="X">najgore</wf>
         <wf lemma="." pos="X">.</wf>
      </sentence>
      <sentence id="d000.s1957" source="wordnet-croatian">
         <wf lemma="Panj" pos="X">Panj</wf>
         <wf lemma="mu" pos="X">mu</wf>
         <wf lemma="je" pos="X">je</wf>
         <wf lemma="poslužio" pos="X">poslužio</wf>
         <wf lemma="kao" pos="X">kao</wf>
         <instance id="d000.s1957.t000" lemma="stolac" pos="NOUN">stolac</instance>
         <wf lemma="." pos="X">.</wf>
      </sentence>
      <sentence id="d000.s1958" source="wordnet-croatian">
         <wf lemma="Svi" pos="X">Svi</wf>
         <wf lemma="se" pos="X">se</wf>
         <wf lemma="trude" pos="X">trude</wf>
         <wf lemma="napraviti" pos="X">napraviti</wf>
         <wf lemma="što" pos="X">što</wf>
         <wf lemma="bolju" pos="X">bolju</wf>
         <instance id="d000.s1958.t000" lemma="maska" pos="NOUN">masku</instance>
         <wf lemma="za" pos="X">za</wf>
         <wf lemma="karneval" pos="X">karneval</wf>
         <wf lemma="." pos="X">.</wf>
      </sentence>
      <sentence id="d000.s1959" source="wordnet-croatian">
         <wf lemma="Možeš" pos="X">Možeš</wf>
         <wf lemma="li" pos="X">li</wf>
         <instance id="d000.s1959.t000" lemma="povezati" pos="VERB">povezati</instance>
         <wf lemma="prethodno" pos="X">prethodno</wf>
         <wf lemma="znanje" pos="X">znanje</wf>
         <wf lemma="iz" pos="X">iz</wf>
         <wf lemma="engleskog" pos="X">engleskog</wf>
         <wf lemma="s" pos="X">s</wf>
         <wf lemma="radom" pos="X">radom</wf>
         <wf lemma="na" pos="X">na</wf>
         <wf lemma="ovom" pos="X">ovom</wf>
         <wf lemma="projektu" pos="X">projektu</wf>
         <wf lemma="?" pos="X">?</wf>
      </sentence>
      <sentence id="d000.s1960" source="wordnet-croatian">
         <wf lemma="Guma" pos="X">Guma</wf>
         <wf lemma="sa" pos="X">sa</wf>
         <instance id="d000.s1960.t000" lemma="zračnica" pos="NOUN">zračnicom</instance>
         <wf lemma="mora" pos="X">mora</wf>
         <wf lemma="prianjati" pos="X">prianjati</wf>
         <wf lemma="u" pos="X">u</wf>
         <wf lemma="žlijeb" pos="X">žlijeb</wf>
         <wf lemma="obruča" pos="X">obruča</wf>
         <wf lemma="kotača" pos="X">kotača</wf>
         <wf lemma="." pos="X">.</wf>
      </sentence>
      <sentence id="d000.s1961" source="wordnet-croatian">
         <wf lemma="Svaki" pos="X">Svaki</wf>
         <wf lemma="pravi" pos="X">pravi</wf>
         <instance id="d000.s1961.t000" lemma="biznismen" pos="NOUN">biznismen</instance>
         <wf lemma="trebao" pos="X">trebao</wf>
         <wf lemma="bi" pos="X">bi</wf>
         <wf lemma="nositi" pos="X">nositi</wf>
         <wf lemma="odijelo" pos="X">odijelo</wf>
         <wf lemma="i" pos="X">i</wf>
         <wf lemma="aktovku" pos="X">aktovku</wf>
         <wf lemma="na" pos="X">na</wf>
         <wf lemma="posao" pos="X">posao</wf>
         <wf lemma="." pos="X">.</wf>
      </sentence>
      <sentence id="d000.s1962" source="wordnet-croatian">
         <wf lemma="Elastčnost" pos="X">Elastčnost</wf>
         <wf lemma="pokazuje" pos="X">pokazuje</wf>
         <instance id="d000.s1962.t000" lemma="izotropija" pos="NOUN">izotropiju</instance>
         <wf lemma="." pos="X">.</wf>
      </sentence>
      <sentence id="d000.s1963" source="wordnet-croatian">
         <wf lemma="Grom" pos="X">Grom</wf>
         <wf lemma="je" pos="X">je</wf>
         <instance id="d000.s1963.t000" lemma="udariti" pos="VERB">udario</instance>
         <wf lemma="u" pos="X">u</wf>
         <wf lemma="toranj" pos="X">toranj</wf>
         <wf lemma="crkve" pos="X">crkve</wf>
         <wf lemma="." pos="X">.</wf>
      </sentence>
      <sentence id="d000.s1964" source="wordnet-croatian">
         <wf lemma="Zbog" pos="X">Zbog</wf>
         <wf lemma="nepodopština" pos="X">nepodopština</wf>
         <wf lemma="," pos="X">,</wf>
         <wf lemma="cijeli" pos="X">cijeli</wf>
         <wf lemma="tjedan" pos="X">tjedan</wf>
         <wf lemma="sam" pos="X">sam</wf>
         <wf lemma="bio" pos="X">bio</wf>
         <wf lemma="u" pos="X">u</wf>
         <wf lemma="noćnoj" pos="X">noćnoj</wf>
         <wf lemma="smjeni" pos="X">smjeni</wf>
         <instance id="d000.s1964.t000" lemma="straža" pos="NOUN">straže</instance>
         <wf lemma="." pos="X">.</wf>
      </sentence>
      <sentence id="d000.s1965" source="wordnet-croatian">
         <wf lemma="Najzanimljiviji" pos="X">Najzanimljiviji</wf>
         <wf lemma="dio" pos="X">dio</wf>
         <instance id="d000.s1965.t000" lemma="diskusija" pos="NOUN">diskusije</instance>
         <wf lemma="odnosio" pos="X">odnosio</wf>
         <wf lemma="se" pos="X">se</wf>
         <wf lemma="na" pos="X">na</wf>
         <wf lemma="prava" pos="X">prava</wf>
         <wf lemma="građana" pos="X">građana</wf>
         <wf lemma="." pos="X">.</wf>
      </sentence>
      <sentence id="d000.s1966" source="wordnet-croatian">
         <wf lemma="Istraga" pos="X">Istraga</wf>
         <wf lemma="je" pos="X">je</wf>
         <wf lemma="pokazala" pos="X">pokazala</wf>
         <wf lemma="da" pos="X">da</wf>
         <wf lemma="je" pos="X">je</wf>
         <wf lemma="godinama" pos="X">godinama</wf>
         <wf lemma="radio" pos="X">radio</wf>
         <wf lemma="kao" pos="X">kao</wf>
         <instance id="d000.s1966.t000" lemma="špijun" pos="NOUN">špijun</instance>
         <wf lemma="." pos="X">.</wf>
      </sentence>
      <sentence id="d000.s1967" source="wordnet-croatian">
         <wf lemma="20." pos="X">20.</wf>
         <wf lemma="stoljeće" pos="X">stoljeće</wf>
         <wf lemma="zaslužno" pos="X">zaslužno</wf>
         <wf lemma="je" pos="X">je</wf>
         <wf lemma="za" pos="X">za</wf>
         <wf lemma="velika" pos="X">velika</wf>
         <instance id="d000.s1967.t000" lemma="dostignuće" pos="NOUN">dostignuća</instance>
         <wf lemma="u" pos="X">u</wf>
         <wf lemma="znanosti" pos="X">znanosti</wf>
         <wf lemma="." pos="X">.</wf>
      </sentence>
      <sentence id="d000.s1968" source="wordnet-croatian">
         <wf lemma="Svojim" pos="X">Svojim</wf>
         <wf lemma="je" pos="X">je</wf>
         <wf lemma="komentarima" pos="X">komentarima</wf>
         <wf lemma="dovela" pos="X">dovela</wf>
         <wf lemma="u" pos="X">u</wf>
         <wf lemma="pitanje" pos="X">pitanje</wf>
         <instance id="d000.s1968.t000" lemma="moralnost" pos="NOUN">moralnost</instance>
         <wf lemma="njegovih" pos="X">njegovih</wf>
         <wf lemma="postupaka" pos="X">postupaka</wf>
         <wf lemma="." pos="X">.</wf>
      </sentence>
      <sentence id="d000.s1969" source="wordnet-croatian">
         <wf lemma="Profesor" pos="X">Profesor</wf>
         <wf lemma="je" pos="X">je</wf>
         <instance id="d000.s1969.t000" lemma="uputiti" pos="VERB">uputio</instance>
         <wf lemma="studente" pos="X">studente</wf>
         <wf lemma="gdje" pos="X">gdje</wf>
         <wf lemma="mogu" pos="X">mogu</wf>
         <wf lemma="naći" pos="X">naći</wf>
         <wf lemma="svu" pos="X">svu</wf>
         <wf lemma="potrebnu" pos="X">potrebnu</wf>
         <wf lemma="litaraturu" pos="X">litaraturu</wf>
         <wf lemma="." pos="X">.</wf>
      </sentence>
      <sentence id="d000.s1970" source="wordnet-croatian">
         <wf lemma="U" pos="X">U</wf>
         <wf lemma="karijeri" pos="X">karijeri</wf>
         <wf lemma="je" pos="X">je</wf>
         <wf lemma="objavila" pos="X">objavila</wf>
         <wf lemma="brojne" pos="X">brojne</wf>
         <instance id="d000.s1970.t000" lemma="članak" pos="NOUN">članke</instance>
         <wf lemma="o" pos="X">o</wf>
         <wf lemma="likovima" pos="X">likovima</wf>
         <wf lemma="žena" pos="X">žena</wf>
         <wf lemma="u" pos="X">u</wf>
         <wf lemma="književnosti" pos="X">književnosti</wf>
         <wf lemma="." pos="X">.</wf>
      </sentence>
      <sentence id="d000.s1971" source="wordnet-croatian">
         <wf lemma="U" pos="X">U</wf>
         <wf lemma="preferansu" pos="X">preferansu</wf>
         <wf lemma="treba" pos="X">treba</wf>
         <wf lemma="znati" pos="X">znati</wf>
         <instance id="d000.s1971.t000" lemma="odigrati" pos="VERB">odigrati</instance>
         <wf lemma="sve" pos="X">sve</wf>
         <wf lemma="licitirane" pos="X">licitirane</wf>
         <wf lemma="igre" pos="X">igre</wf>
         <wf lemma="." pos="X">.</wf>
      </sentence>
      <sentence id="d000.s1972" source="wordnet-croatian">
         <instance id="d000.s1972.t000" lemma="priznati" pos="VERB">Priznao</instance>
         <wf lemma="je" pos="X">je</wf>
         <wf lemma="da" pos="X">da</wf>
         <wf lemma="je" pos="X">je</wf>
         <wf lemma="pogriješio" pos="X">pogriješio</wf>
         <wf lemma="." pos="X">.</wf>
      </sentence>
      <sentence id="d000.s1973" source="wordnet-croatian">
         <wf lemma="Smrt" pos="X">Smrt</wf>
         <wf lemma="djeteta" pos="X">djeteta</wf>
         <wf lemma="strašna" pos="X">strašna</wf>
         <wf lemma="je" pos="X">je</wf>
         <instance id="d000.s1973.t000" lemma="nesreća" pos="NOUN">nesreća</instance>
         <wf lemma="svakoj" pos="X">svakoj</wf>
         <wf lemma="obitelji" pos="X">obitelji</wf>
         <wf lemma="." pos="X">.</wf>
      </sentence>
      <sentence id="d000.s1974" source="wordnet-croatian">
         <wf lemma="Suze" pos="X">Suze</wf>
         <wf lemma="su" pos="X">su</wf>
         <instance id="d000.s1974.t000" lemma="izraz" pos="NOUN">izraz</instance>
         <wf lemma="žalosti" pos="X">žalosti</wf>
         <wf lemma="." pos="X">.</wf>
      </sentence>
      <sentence id="d000.s1975" source="wordnet-croatian">
         <wf lemma="Rekla" pos="X">Rekla</wf>
         <wf lemma="je" pos="X">je</wf>
         <wf lemma="istu" pos="X">istu</wf>
         <instance id="d000.s1975.t000" lemma="stvar" pos="NOUN">stvar</instance>
         <wf lemma="drugim" pos="X">drugim</wf>
         <wf lemma="riječima" pos="X">riječima</wf>
         <wf lemma="." pos="X">.</wf>
      </sentence>
      <sentence id="d000.s1976" source="wordnet-croatian">
         <wf lemma="Oduvijek" pos="X">Oduvijek</wf>
         <wf lemma="je" pos="X">je</wf>
         <wf lemma="pokazivao" pos="X">pokazivao</wf>
         <wf lemma="iznimno" pos="X">iznimno</wf>
         <instance id="d000.s1976.t000" lemma="zanimanje" pos="NOUN">zanimanje</instance>
         <wf lemma="za" pos="X">za</wf>
         <wf lemma="poeziju" pos="X">poeziju</wf>
         <wf lemma="." pos="X">.</wf>
      </sentence>
      <sentence id="d000.s1977" source="wordnet-croatian">
         <wf lemma="Molekule" pos="X">Molekule</wf>
         <wf lemma="kisika" pos="X">kisika</wf>
         <wf lemma="u" pos="X">u</wf>
         <instance id="d000.s1977.t000" lemma="interakcija" pos="NOUN">interakciji</instance>
         <wf lemma="su" pos="X">su</wf>
         <wf lemma="s" pos="X">s</wf>
         <wf lemma="molekulama" pos="X">molekulama</wf>
         <wf lemma="vodika" pos="X">vodika</wf>
         <wf lemma="." pos="X">.</wf>
      </sentence>
      <sentence id="d000.s1978" source="wordnet-croatian">
         <wf lemma="Djeca" pos="X">Djeca</wf>
         <wf lemma="su" pos="X">su</wf>
         <wf lemma="razmažena" pos="X">razmažena</wf>
         <wf lemma="zbog" pos="X">zbog</wf>
         <instance id="d000.s1978.t000" lemma="popustljivost" pos="NOUN">popustljivosti</instance>
         <wf lemma="moje" pos="X">moje</wf>
         <wf lemma="žene" pos="X">žene</wf>
         <wf lemma="." pos="X">.</wf>
      </sentence>
      <sentence id="d000.s1979" source="wordnet-croatian">
         <wf lemma="Djeci" pos="X">Djeci</wf>
         <wf lemma="je" pos="X">je</wf>
         <wf lemma="u" pos="X">u</wf>
         <wf lemma="početku" pos="X">početku</wf>
         <wf lemma="teško" pos="X">teško</wf>
         <wf lemma="istovremeno" pos="X">istovremeno</wf>
         <wf lemma="okretati" pos="X">okretati</wf>
         <wf lemma="pedale" pos="X">pedale</wf>
         <wf lemma="i" pos="X">i</wf>
         <wf lemma="upravljati" pos="X">upravljati</wf>
         <instance id="d000.s1979.t000" lemma="volan" pos="NOUN">volanom</instance>
         <wf lemma="." pos="X">.</wf>
      </sentence>
      <sentence id="d000.s1980" source="wordnet-croatian">
         <wf lemma="Sovjetski" pos="X">Sovjetski</wf>
         <instance id="d000.s1980.t000" lemma="savez" pos="NOUN">Savez</instance>
         <wf lemma="je" pos="X">je</wf>
         <wf lemma="bio" pos="X">bio</wf>
         <wf lemma="teritorijalno" pos="X">teritorijalno</wf>
         <wf lemma="jedna" pos="X">jedna</wf>
         <wf lemma="od" pos="X">od</wf>
         <wf lemma="najvećih" pos="X">najvećih</wf>
         <wf lemma="zemalja" pos="X">zemalja</wf>
         <wf lemma="." pos="X">.</wf>
      </sentence>
      <sentence id="d000.s1981" source="wordnet-croatian">
         <wf lemma="Gledao" pos="X">Gledao</wf>
         <wf lemma="mu" pos="X">mu</wf>
         <wf lemma="je" pos="X">je</wf>
         <wf lemma="ravno" pos="X">ravno</wf>
         <wf lemma="u" pos="X">u</wf>
         <instance id="d000.s1981.t000" lemma="lice" pos="NOUN">lice</instance>
         <wf lemma="." pos="X">.</wf>
      </sentence>
      <sentence id="d000.s1982" source="wordnet-croatian">
         <wf lemma="Svoje" pos="X">Svoje</wf>
         <wf lemma="želje" pos="X">želje</wf>
         <wf lemma="obuzdavao" pos="X">obuzdavao</wf>
         <wf lemma="je" pos="X">je</wf>
         <instance id="d000.s1982.t000" lemma="razum" pos="NOUN">razumom</instance>
         <wf lemma="." pos="X">.</wf>
      </sentence>
      <sentence id="d000.s1983" source="wordnet-croatian">
         <instance id="d000.s1983.t000" lemma="pojuriti" pos="VERB">Pojurila</instance>
         <wf lemma="je" pos="X">je</wf>
         <wf lemma="u" pos="X">u</wf>
         <wf lemma="dućan" pos="X">dućan</wf>
         <wf lemma="po" pos="X">po</wf>
         <wf lemma="vino" pos="X">vino</wf>
         <wf lemma="za" pos="X">za</wf>
         <wf lemma="goste" pos="X">goste</wf>
         <wf lemma="." pos="X">.</wf>
      </sentence>
      <sentence id="d000.s1984" source="wordnet-croatian">
         <wf lemma="Čuvao" pos="X">Čuvao</wf>
         <wf lemma="je" pos="X">je</wf>
         <wf lemma="sve" pos="X">sve</wf>
         <wf lemma="svoje" pos="X">svoje</wf>
         <wf lemma="stare" pos="X">stare</wf>
         <wf lemma="gramofonske" pos="X">gramofonske</wf>
         <instance id="d000.s1984.t000" lemma="ploča" pos="NOUN">ploče</instance>
         <wf lemma="." pos="X">.</wf>
      </sentence>
      <sentence id="d000.s1985" source="wordnet-croatian">
         <instance id="d000.s1985.t000" lemma="bubnjanje" pos="NOUN">Bubnjanje</instance>
         <wf lemma="moga" pos="X">moga</wf>
         <wf lemma="sina" pos="X">sina</wf>
         <wf lemma="na" pos="X">na</wf>
         <wf lemma="tim" pos="X">tim</wf>
         <wf lemma="timpanima" pos="X">timpanima</wf>
         <wf lemma="me" pos="X">me</wf>
         <wf lemma="izluđuje" pos="X">izluđuje</wf>
         <wf lemma="." pos="X">.</wf>
      </sentence>
      <sentence id="d000.s1986" source="wordnet-croatian">
         <wf lemma="Bila" pos="X">Bila</wf>
         <wf lemma="je" pos="X">je</wf>
         <wf lemma="poznata" pos="X">poznata</wf>
         <wf lemma="po" pos="X">po</wf>
         <wf lemma="svom" pos="X">svom</wf>
         <instance id="d000.s1986.t000" lemma="nemaran" pos="ADJ">nemarnom</instance>
         <wf lemma="odijevanju" pos="X">odijevanju</wf>
         <wf lemma="." pos="X">.</wf>
      </sentence>
      <sentence id="d000.s1987" source="wordnet-croatian">
         <wf lemma="Od" pos="X">Od</wf>
         <wf lemma="dana" pos="X">dana</wf>
         <wf lemma="vjenčanja" pos="X">vjenčanja</wf>
         <wf lemma="nikad" pos="X">nikad</wf>
         <wf lemma="nije" pos="X">nije</wf>
         <wf lemma="skidao" pos="X">skidao</wf>
         <instance id="d000.s1987.t000" lemma="burma" pos="NOUN">burmu</instance>
         <wf lemma="s" pos="X">s</wf>
         <wf lemma="prsta" pos="X">prsta</wf>
         <wf lemma="." pos="X">.</wf>
      </sentence>
      <sentence id="d000.s1988" source="wordnet-croatian">
         <wf lemma="Do" pos="X">Do</wf>
         <wf lemma="nas" pos="X">nas</wf>
         <wf lemma="je" pos="X">je</wf>
         <wf lemma="iz" pos="X">iz</wf>
         <wf lemma="obližnje" pos="X">obližnje</wf>
         <wf lemma="pekare" pos="X">pekare</wf>
         <instance id="d000.s1988.t000" lemma="dopirati" pos="VERB">dopirao</instance>
         <wf lemma="miris" pos="X">miris</wf>
         <wf lemma="svježeg" pos="X">svježeg</wf>
         <wf lemma="kruha" pos="X">kruha</wf>
         <wf lemma="." pos="X">.</wf>
      </sentence>
      <sentence id="d000.s1989" source="wordnet-croatian">
         <wf lemma="Bila" pos="X">Bila</wf>
         <wf lemma="je" pos="X">je</wf>
         <wf lemma="divota" pos="X">divota</wf>
         <wf lemma="gledati" pos="X">gledati</wf>
         <wf lemma="kuhara" pos="X">kuhara</wf>
         <wf lemma="kako" pos="X">kako</wf>
         <instance id="d000.s1989.t000" lemma="baratati" pos="VERB">barata</instance>
         <wf lemma="noževima" pos="X">noževima</wf>
         <wf lemma="i" pos="X">i</wf>
         <wf lemma="sjekiricama" pos="X">sjekiricama</wf>
         <wf lemma="." pos="X">.</wf>
      </sentence>
      <sentence id="d000.s1990" source="wordnet-croatian">
         <wf lemma="Možeš" pos="X">Možeš</wf>
         <wf lemma="li" pos="X">li</wf>
         <wf lemma="mi" pos="X">mi</wf>
         <instance id="d000.s1990.t000" lemma="napraviti" pos="VERB">napraviti</instance>
         <wf lemma="doručak" pos="X">doručak</wf>
         <wf lemma="?" pos="X">?</wf>
      </sentence>
      <sentence id="d000.s1991" source="wordnet-croatian">
         <wf lemma="Biti" pos="X">Biti</wf>
         <instance id="d000.s1991.t000" lemma="monogamist" pos="NOUN">monogamistom</instance>
         <wf lemma="uobičajeno" pos="X">uobičajeno</wf>
         <wf lemma="je" pos="X">je</wf>
         <wf lemma="u" pos="X">u</wf>
         <wf lemma="našoj" pos="X">našoj</wf>
         <wf lemma="kulturi" pos="X">kulturi</wf>
         <wf lemma="." pos="X">.</wf>
      </sentence>
      <sentence id="d000.s1992" source="wordnet-croatian">
         <instance id="d000.s1992.t000" lemma="dalekozor" pos="NOUN">Dalekozor</instance>
         <wf lemma="je" pos="X">je</wf>
         <wf lemma="važan" pos="X">važan</wf>
         <wf lemma="dio" pos="X">dio</wf>
         <wf lemma="lovačke" pos="X">lovačke</wf>
         <wf lemma="opreme" pos="X">opreme</wf>
         <wf lemma="." pos="X">.</wf>
      </sentence>
      <sentence id="d000.s1993" source="wordnet-croatian">
         <wf lemma="Gotovo" pos="X">Gotovo</wf>
         <wf lemma="su" pos="X">su</wf>
         <wf lemma="sve" pos="X">sve</wf>
         <wf lemma="svjetske" pos="X">svjetske</wf>
         <wf lemma="agencije" pos="X">agencije</wf>
         <instance id="d000.s1993.t000" lemma="prenijeti" pos="VERB">prenijele</instance>
         <wf lemma="zapanjujuće" pos="X">zapanjujuće</wf>
         <wf lemma="vijesti" pos="X">vijesti</wf>
         <wf lemma="o" pos="X">o</wf>
         <wf lemma="kravi" pos="X">kravi</wf>
         <wf lemma="Šarki" pos="X">Šarki</wf>
         <wf lemma="iz" pos="X">iz</wf>
         <wf lemma="Našica" pos="X">Našica</wf>
         <wf lemma="." pos="X">.</wf>
      </sentence>
      <sentence id="d000.s1994" source="wordnet-croatian">
         <wf lemma="Izašla" pos="X">Izašla</wf>
         <wf lemma="je" pos="X">je</wf>
         <wf lemma="na" pos="X">na</wf>
         <instance id="d000.s1994.t000" lemma="trijem" pos="NOUN">trijem</instance>
         <wf lemma="dočekati" pos="X">dočekati</wf>
         <wf lemma="goste" pos="X">goste</wf>
         <wf lemma="." pos="X">.</wf>
      </sentence>
      <sentence id="d000.s1995" source="wordnet-croatian">
         <instance id="d000.s1995.t000" lemma="cilj" pos="NOUN">Cilj</instance>
         <wf lemma="njezina" pos="X">njezina</wf>
         <wf lemma="boravka" pos="X">boravka</wf>
         <wf lemma="u" pos="X">u</wf>
         <wf lemma="Londonu" pos="X">Londonu</wf>
         <wf lemma="bio" pos="X">bio</wf>
         <wf lemma="je" pos="X">je</wf>
         <wf lemma="naučiti" pos="X">naučiti</wf>
         <wf lemma="engleski" pos="X">engleski</wf>
         <wf lemma="." pos="X">.</wf>
      </sentence>
      <sentence id="d000.s1996" source="wordnet-croatian">
         <instance id="d000.s1996.t000" lemma="izabrati" pos="VERB">Izabrali</instance>
         <wf lemma="su" pos="X">su</wf>
         <wf lemma="ga" pos="X">ga</wf>
         <wf lemma="za" pos="X">za</wf>
         <wf lemma="predsjednika" pos="X">predsjednika</wf>
         <wf lemma="uprave" pos="X">uprave</wf>
         <wf lemma="." pos="X">.</wf>
      </sentence>
      <sentence id="d000.s1997" source="wordnet-croatian">
         <wf lemma="Na" pos="X">Na</wf>
         <wf lemma="slici" pos="X">slici</wf>
         <wf lemma="planeta" pos="X">planeta</wf>
         <wf lemma="lijepo" pos="X">lijepo</wf>
         <wf lemma="se" pos="X">se</wf>
         <wf lemma="vide" pos="X">vide</wf>
         <instance id="d000.s1997.t000" lemma="voda" pos="NOUN">voda</instance>
         <wf lemma="i" pos="X">i</wf>
         <wf lemma="kopno" pos="X">kopno</wf>
         <wf lemma="." pos="X">.</wf>
      </sentence>
      <sentence id="d000.s1998" source="wordnet-croatian">
         <wf lemma="Kamperi" pos="X">Kamperi</wf>
         <wf lemma="su" pos="X">su</wf>
         <wf lemma="zapalili" pos="X">zapalili</wf>
         <wf lemma="vatru" pos="X">vatru</wf>
         <wf lemma="na" pos="X">na</wf>
         <instance id="d000.s1998.t000" lemma="ulaz" pos="NOUN">ulazu</instance>
         <wf lemma="u" pos="X">u</wf>
         <wf lemma="špilju" pos="X">špilju</wf>
         <wf lemma="." pos="X">.</wf>
      </sentence>
      <sentence id="d000.s1999" source="wordnet-croatian">
         <wf lemma="Mirko" pos="X">Mirko</wf>
         <wf lemma="je" pos="X">je</wf>
         <instance id="d000.s1999.t000" lemma="politi" pos="VERB">polio</instance>
         <wf lemma="onesviještenog" pos="X">onesviještenog</wf>
         <wf lemma="Slavka" pos="X">Slavka</wf>
         <wf lemma="vodom" pos="X">vodom</wf>
         <wf lemma="." pos="X">.</wf>
      </sentence>
      <sentence id="d000.s2000" source="wordnet-croatian">
         <wf lemma="Crvena" pos="X">Crvena</wf>
         <instance id="d000.s2000.t000" lemma="krv" pos="NOUN">krv</instance>
         <wf lemma="je" pos="X">je</wf>
         <wf lemma="potekla" pos="X">potekla</wf>
         <wf lemma="iz" pos="X">iz</wf>
         <wf lemma="rane" pos="X">rane</wf>
         <wf lemma="." pos="X">.</wf>
      </sentence>
      <sentence id="d000.s2001" source="wordnet-croatian">
         <wf lemma="Prljavu" pos="X">Prljavu</wf>
         <wf lemma="vodu" pos="X">vodu</wf>
         <wf lemma="treba" pos="X">treba</wf>
         <wf lemma="obavezno" pos="X">obavezno</wf>
         <instance id="d000.s2001.t000" lemma="filtrirati" pos="VERB">filtrirati</instance>
         <wf lemma="prije" pos="X">prije</wf>
         <wf lemma="uporabe" pos="X">uporabe</wf>
         <wf lemma="." pos="X">.</wf>
      </sentence>
      <sentence id="d000.s2002" source="wordnet-croatian">
         <wf lemma="U" pos="X">U</wf>
         <wf lemma="Slavoniji" pos="X">Slavoniji</wf>
         <wf lemma="ima" pos="X">ima</wf>
         <wf lemma="mnogo" pos="X">mnogo</wf>
         <wf lemma="polja" pos="X">polja</wf>
         <instance id="d000.s2002.t000" lemma="pšenica" pos="NOUN">pšenice</instance>
         <wf lemma="." pos="X">.</wf>
      </sentence>
      <sentence id="d000.s2003" source="wordnet-croatian">
         <wf lemma="Bilo" pos="X">Bilo</wf>
         <wf lemma="mu" pos="X">mu</wf>
         <wf lemma="je" pos="X">je</wf>
         <wf lemma="mučno" pos="X">mučno</wf>
         <wf lemma="od" pos="X">od</wf>
         <wf lemma="vožnje" pos="X">vožnje</wf>
         <wf lemma="po" pos="X">po</wf>
         <instance id="d000.s2003.t000" lemma="vijugav" pos="ADJ">vijugavoj</instance>
         <wf lemma="cesti" pos="X">cesti</wf>
         <wf lemma="." pos="X">.</wf>
      </sentence>
      <sentence id="d000.s2004" source="wordnet-croatian">
         <instance id="d000.s2004.t000" lemma="otići" pos="VERB">Otiđi</instance>
         <wf lemma="prije" pos="X">prije</wf>
         <wf lemma="nego" pos="X">nego</wf>
         <wf lemma="se" pos="X">se</wf>
         <wf lemma="rasplačem" pos="X">rasplačem</wf>
         <wf lemma="." pos="X">.</wf>
      </sentence>
      <sentence id="d000.s2005" source="wordnet-croatian">
         <wf lemma="Pokušavao" pos="X">Pokušavao</wf>
         <wf lemma="je" pos="X">je</wf>
         <wf lemma="zaboraviti" pos="X">zaboraviti</wf>
         <instance id="d000.s2005.t000" lemma="tuga" pos="NOUN">tugu</instance>
         <wf lemma="pisanjem" pos="X">pisanjem</wf>
         <wf lemma="pjesama" pos="X">pjesama</wf>
         <wf lemma="." pos="X">.</wf>
      </sentence>
      <sentence id="d000.s2006" source="wordnet-croatian">
         <instance id="d000.s2006.t000" lemma="načuti" pos="VERB">Načula</instance>
         <wf lemma="sam" pos="X">sam</wf>
         <wf lemma="da" pos="X">da</wf>
         <wf lemma="voditelj" pos="X">voditelj</wf>
         <wf lemma="projekta" pos="X">projekta</wf>
         <wf lemma="zapravo" pos="X">zapravo</wf>
         <wf lemma="ništa" pos="X">ništa</wf>
         <wf lemma="konkretno" pos="X">konkretno</wf>
         <wf lemma="ne" pos="X">ne</wf>
         <wf lemma="radi" pos="X">radi</wf>
         <wf lemma="." pos="X">.</wf>
      </sentence>
      <sentence id="d000.s2007" source="wordnet-croatian">
         <wf lemma="Njegovo" pos="X">Njegovo</wf>
         <wf lemma="se" pos="X">se</wf>
         <wf lemma="ime" pos="X">ime</wf>
         <instance id="d000.s2007.t000" lemma="spominjati" pos="VERB">spominjalo</instance>
         <wf lemma="u" pos="X">u</wf>
         <wf lemma="jako" pos="X">jako</wf>
         <wf lemma="negativnom" pos="X">negativnom</wf>
         <wf lemma="kontekstu" pos="X">kontekstu</wf>
         <wf lemma="." pos="X">.</wf>
      </sentence>
      <sentence id="d000.s2008" source="wordnet-croatian">
         <instance id="d000.s2008.t000" lemma="raditi" pos="VERB">Radi</instance>
         <wf lemma="li" pos="X">li</wf>
         <wf lemma="još" pos="X">još</wf>
         <wf lemma="uvijek" pos="X">uvijek</wf>
         <wf lemma="taj" pos="X">taj</wf>
         <wf lemma="stari" pos="X">stari</wf>
         <wf lemma="radio" pos="X">radio</wf>
         <wf lemma="?" pos="X">?</wf>
      </sentence>
      <sentence id="d000.s2009" source="wordnet-croatian">
         <instance id="d000.s2009.t000" lemma="htjeti" pos="VERB">Hoću</instance>
         <wf lemma="hodati" pos="X">hodati</wf>
         <wf lemma="s" pos="X">s</wf>
         <wf lemma="najzgodnijim" pos="X">najzgodnijim</wf>
         <wf lemma="dečkom" pos="X">dečkom</wf>
         <wf lemma="u" pos="X">u</wf>
         <wf lemma="razredu" pos="X">razredu</wf>
         <wf lemma="!" pos="X">!</wf>
      </sentence>
      <sentence id="d000.s2010" source="wordnet-croatian">
         <wf lemma="Policija" pos="X">Policija</wf>
         <wf lemma="je" pos="X">je</wf>
         <wf lemma="batinama" pos="X">batinama</wf>
         <instance id="d000.s2010.t000" lemma="iznuditi" pos="VERB">iznudila</instance>
         <wf lemma="priznanje" pos="X">priznanje</wf>
         <wf lemma="." pos="X">.</wf>
      </sentence>
      <sentence id="d000.s2011" source="wordnet-croatian">
         <instance id="d000.s2011.t000" lemma="skladište" pos="NOUN">Skladišta</instance>
         <wf lemma="u" pos="X">u</wf>
         <wf lemma="lukama" pos="X">lukama</wf>
         <wf lemma="obično" pos="X">obično</wf>
         <wf lemma="se" pos="X">se</wf>
         <wf lemma="nalaze" pos="X">nalaze</wf>
         <wf lemma="blizu" pos="X">blizu</wf>
         <wf lemma="pristaništa" pos="X">pristaništa</wf>
         <wf lemma="." pos="X">.</wf>
      </sentence>
      <sentence id="d000.s2012" source="wordnet-croatian">
         <instance id="d000.s2012.t000" lemma="prikaz" pos="NOUN">Prikaz</instance>
         <wf lemma="kretanja" pos="X">kretanja</wf>
         <wf lemma="elektrona" pos="X">elektrona</wf>
         <wf lemma="donijet" pos="X">donijet</wf>
         <wf lemma="ću" pos="X">ću</wf>
         <wf lemma="vam" pos="X">vam</wf>
         <wf lemma="sutra" pos="X">sutra</wf>
         <wf lemma="." pos="X">.</wf>
      </sentence>
      <sentence id="d000.s2013" source="wordnet-croatian">
         <wf lemma="Sunce" pos="X">Sunce</wf>
         <wf lemma="je" pos="X">je</wf>
         <instance id="d000.s2013.t000" lemma="opržiti" pos="VERB">opržilo</instance>
         <wf lemma="svu" pos="X">svu</wf>
         <wf lemma="travu" pos="X">travu</wf>
         <wf lemma="u" pos="X">u</wf>
         <wf lemma="mojem" pos="X">mojem</wf>
         <wf lemma="vrtu" pos="X">vrtu</wf>
         <wf lemma="." pos="X">.</wf>
      </sentence>
      <sentence id="d000.s2014" source="wordnet-croatian">
         <wf lemma="Podizanjem" pos="X">Podizanjem</wf>
         <wf lemma="zavjese" pos="X">zavjese</wf>
         <instance id="d000.s2014.t000" lemma="otkriti" pos="VERB">otkrila</instance>
         <wf lemma="se" pos="X">se</wf>
         <wf lemma="prekrasna" pos="X">prekrasna</wf>
         <wf lemma="scena" pos="X">scena</wf>
         <wf lemma="." pos="X">.</wf>
      </sentence>
      <sentence id="d000.s2015" source="wordnet-croatian">
         <wf lemma="Kruh" pos="X">Kruh</wf>
         <wf lemma="i" pos="X">i</wf>
         <wf lemma="ulje" pos="X">ulje</wf>
         <wf lemma="opet" pos="X">opet</wf>
         <wf lemma="su" pos="X">su</wf>
         <wf lemma="poskupili" pos="X">poskupili</wf>
         <wf lemma="zbog" pos="X">zbog</wf>
         <instance id="d000.s2015.t000" lemma="inflacija" pos="NOUN">inflacije</instance>
         <wf lemma="u" pos="X">u</wf>
         <wf lemma="državi" pos="X">državi</wf>
         <wf lemma="." pos="X">.</wf>
      </sentence>
      <sentence id="d000.s2016" source="wordnet-croatian">
         <wf lemma="Dobio" pos="X">Dobio</wf>
         <wf lemma="je" pos="X">je</wf>
         <instance id="d000.s2016.t000" lemma="priznanje" pos="NOUN">priznanje</instance>
         <wf lemma="predsjednika" pos="X">predsjednika</wf>
         <wf lemma="države" pos="X">države</wf>
         <wf lemma="za" pos="X">za</wf>
         <wf lemma="iznimnu" pos="X">iznimnu</wf>
         <wf lemma="hrabrost" pos="X">hrabrost</wf>
         <wf lemma="." pos="X">.</wf>
      </sentence>
      <sentence id="d000.s2017" source="wordnet-croatian">
         <wf lemma="Pas" pos="X">Pas</wf>
         <wf lemma="je" pos="X">je</wf>
         <wf lemma="pao" pos="X">pao</wf>
         <wf lemma="u" pos="X">u</wf>
         <instance id="d000.s2017.t000" lemma="rupa" pos="NOUN">rupu</instance>
         <wf lemma="koju" pos="X">koju</wf>
         <wf lemma="smo" pos="X">smo</wf>
         <wf lemma="počeli" pos="X">počeli</wf>
         <wf lemma="kopati" pos="X">kopati</wf>
         <wf lemma="za" pos="X">za</wf>
         <wf lemma="zdenac" pos="X">zdenac</wf>
         <wf lemma="." pos="X">.</wf>
      </sentence>
      <sentence id="d000.s2018" source="wordnet-croatian">
         <wf lemma="Nije" pos="X">Nije</wf>
         <wf lemma="mogla" pos="X">mogla</wf>
         <wf lemma="podnijeti" pos="X">podnijeti</wf>
         <wf lemma="njegovu" pos="X">njegovu</wf>
         <instance id="d000.s2018.t000" lemma="ravnodušnost" pos="NOUN">ravnodušnost</instance>
         <wf lemma="prema" pos="X">prema</wf>
         <wf lemma="financijskim" pos="X">financijskim</wf>
         <wf lemma="problemima" pos="X">problemima</wf>
         <wf lemma="." pos="X">.</wf>
      </sentence>
      <sentence id="d000.s2019" source="wordnet-croatian">
         <wf lemma="U" pos="X">U</wf>
         <wf lemma="kućanstvu" pos="X">kućanstvu</wf>
         <wf lemma="se" pos="X">se</wf>
         <wf lemma="obično" pos="X">obično</wf>
         <wf lemma="koriste" pos="X">koriste</wf>
         <wf lemma="univerzalna" pos="X">univerzalna</wf>
         <instance id="d000.s2019.t000" lemma="ljepilo" pos="NOUN">ljepila</instance>
         <wf lemma="za" pos="X">za</wf>
         <wf lemma="spajanje" pos="X">spajanje</wf>
         <wf lemma="svih" pos="X">svih</wf>
         <wf lemma="podloga" pos="X">podloga</wf>
         <wf lemma="." pos="X">.</wf>
      </sentence>
      <sentence id="d000.s2020" source="wordnet-croatian">
         <wf lemma="Poezija" pos="X">Poezija</wf>
         <wf lemma="romantičara" pos="X">romantičara</wf>
         <wf lemma="slavila" pos="X">slavila</wf>
         <wf lemma="je" pos="X">je</wf>
         <wf lemma="život" pos="X">život</wf>
         <wf lemma="na" pos="X">na</wf>
         <instance id="d000.s2020.t000" lemma="selo" pos="NOUN">selu</instance>
         <wf lemma="." pos="X">.</wf>
      </sentence>
      <sentence id="d000.s2021" source="wordnet-croatian">
         <instance id="d000.s2021.t000" lemma="osnovica" pos="NOUN">Osnovica</instance>
         <wf lemma="jednakokračnog" pos="X">jednakokračnog</wf>
         <wf lemma="trokuta" pos="X">trokuta</wf>
         <wf lemma="duga" pos="X">duga</wf>
         <wf lemma="je" pos="X">je</wf>
         <wf lemma="3" pos="X">3</wf>
         <wf lemma="centimetra" pos="X">centimetra</wf>
         <wf lemma="." pos="X">.</wf>
      </sentence>
      <sentence id="d000.s2022" source="wordnet-croatian">
         <wf lemma="Prijeti" pos="X">Prijeti</wf>
         <wf lemma="mu" pos="X">mu</wf>
         <instance id="d000.s2022.t000" lemma="egzekucija" pos="NOUN">egzekucija</instance>
         <wf lemma="zbog" pos="X">zbog</wf>
         <wf lemma="otmice" pos="X">otmice</wf>
         <wf lemma="." pos="X">.</wf>
      </sentence>
      <sentence id="d000.s2023" source="wordnet-croatian">
         <wf lemma="Tata" pos="X">Tata</wf>
         <wf lemma="ga" pos="X">ga</wf>
         <wf lemma="je" pos="X">je</wf>
         <wf lemma="učio" pos="X">učio</wf>
         <instance id="d000.s2023.t000" lemma="slovo" pos="NOUN">slova</instance>
         <wf lemma="," pos="X">,</wf>
         <wf lemma="ali" pos="X">ali</wf>
         <wf lemma="mali" pos="X">mali</wf>
         <wf lemma="nije" pos="X">nije</wf>
         <wf lemma="ništa" pos="X">ništa</wf>
         <wf lemma="shvaćao" pos="X">shvaćao</wf>
         <wf lemma="." pos="X">.</wf>
      </sentence>
      <sentence id="d000.s2024" source="wordnet-croatian">
         <wf lemma="Na" pos="X">Na</wf>
         <wf lemma="promociju" pos="X">promociju</wf>
         <wf lemma="je" pos="X">je</wf>
         <wf lemma="donijela" pos="X">donijela</wf>
         <wf lemma="svoj" pos="X">svoj</wf>
         <instance id="d000.s2024.t000" lemma="primjerak" pos="NOUN">primjerak</instance>
         <wf lemma="knjige" pos="X">knjige</wf>
         <wf lemma="da" pos="X">da</wf>
         <wf lemma="joj" pos="X">joj</wf>
         <wf lemma="pisac" pos="X">pisac</wf>
         <wf lemma="napiše" pos="X">napiše</wf>
         <wf lemma="posvetu" pos="X">posvetu</wf>
         <wf lemma="." pos="X">.</wf>
      </sentence>
      <sentence id="d000.s2025" source="wordnet-croatian">
         <wf lemma="Stavio" pos="X">Stavio</wf>
         <wf lemma="je" pos="X">je</wf>
         <instance id="d000.s2025.t000" lemma="vjetrovka" pos="NOUN">vjetrovku</instance>
         <wf lemma="i" pos="X">i</wf>
         <wf lemma="otišao" pos="X">otišao</wf>
         <wf lemma="trčati" pos="X">trčati</wf>
         <wf lemma="unatoč" pos="X">unatoč</wf>
         <wf lemma="jakom" pos="X">jakom</wf>
         <wf lemma="vjetru" pos="X">vjetru</wf>
         <wf lemma="." pos="X">.</wf>
      </sentence>
      <sentence id="d000.s2026" source="wordnet-croatian">
         <instance id="d000.s2026.t000" lemma="piment" pos="NOUN">Piment</instance>
         <wf lemma="je" pos="X">je</wf>
         <wf lemma="vrlo" pos="X">vrlo</wf>
         <wf lemma="popularan" pos="X">popularan</wf>
         <wf lemma="začin" pos="X">začin</wf>
         <wf lemma="u" pos="X">u</wf>
         <wf lemma="Meksiku" pos="X">Meksiku</wf>
         <wf lemma="." pos="X">.</wf>
      </sentence>
      <sentence id="d000.s2027" source="wordnet-croatian">
         <wf lemma="Nakon" pos="X">Nakon</wf>
         <wf lemma="večere" pos="X">večere</wf>
         <wf lemma="odigrali" pos="X">odigrali</wf>
         <wf lemma="su" pos="X">su</wf>
         <wf lemma="partiju" pos="X">partiju</wf>
         <wf lemma="tenisa" pos="X">tenisa</wf>
         <wf lemma="na" pos="X">na</wf>
         <wf lemma="dva" pos="X">dva</wf>
         <wf lemma="dobivena" pos="X">dobivena</wf>
         <instance id="d000.s2027.t000" lemma="set" pos="NOUN">seta</instance>
         <wf lemma="." pos="X">.</wf>
      </sentence>
      <sentence id="d000.s2028" source="wordnet-croatian">
         <wf lemma="Na" pos="X">Na</wf>
         <wf lemma="vratu" pos="X">vratu</wf>
         <wf lemma="je" pos="X">je</wf>
         <wf lemma="napipala" pos="X">napipala</wf>
         <wf lemma="prilično" pos="X">prilično</wf>
         <wf lemma="veliku" pos="X">veliku</wf>
         <instance id="d000.s2028.t000" lemma="izraslina" pos="NOUN">izraslinu</instance>
         <wf lemma="." pos="X">.</wf>
      </sentence>
      <sentence id="d000.s2029" source="wordnet-croatian">
         <wf lemma="Moram" pos="X">Moram</wf>
         <instance id="d000.s2029.t000" lemma="srediti" pos="VERB">srediti</instance>
         <wf lemma="svoje" pos="X">svoje</wf>
         <wf lemma="misli" pos="X">misli</wf>
         <wf lemma="prije" pos="X">prije</wf>
         <wf lemma="nego" pos="X">nego</wf>
         <wf lemma="li" pos="X">li</wf>
         <wf lemma="išta" pos="X">išta</wf>
         <wf lemma="odlučim" pos="X">odlučim</wf>
         <wf lemma="." pos="X">.</wf>
      </sentence>
      <sentence id="d000.s2030" source="wordnet-croatian">
         <wf lemma="Primarne" pos="X">Primarne</wf>
         <wf lemma="se" pos="X">se</wf>
         <instance id="d000.s2030.t000" lemma="baterija" pos="NOUN">baterije</instance>
         <wf lemma="nakon" pos="X">nakon</wf>
         <wf lemma="trošenja" pos="X">trošenja</wf>
         <wf lemma="više" pos="X">više</wf>
         <wf lemma="ne" pos="X">ne</wf>
         <wf lemma="mogu" pos="X">mogu</wf>
         <wf lemma="koristiti" pos="X">koristiti</wf>
         <wf lemma="." pos="X">.</wf>
      </sentence>
      <sentence id="d000.s2031" source="wordnet-croatian">
         <wf lemma="Snijeg" pos="X">Snijeg</wf>
         <wf lemma="je" pos="X">je</wf>
         <instance id="d000.s2031.t000" lemma="prekriti" pos="VERB">prekrio</instance>
         <wf lemma="dolove" pos="X">dolove</wf>
         <wf lemma="i" pos="X">i</wf>
         <wf lemma="brijeg" pos="X">brijeg</wf>
         <wf lemma="." pos="X">.</wf>
      </sentence>
      <sentence id="d000.s2032" source="wordnet-croatian">
         <wf lemma="Pastiri" pos="X">Pastiri</wf>
         <wf lemma="su" pos="X">su</wf>
         <wf lemma="često" pos="X">često</wf>
         <wf lemma="svirali" pos="X">svirali</wf>
         <instance id="d000.s2032.t000" lemma="frula" pos="NOUN">frulu</instance>
         <wf lemma="da" pos="X">da</wf>
         <wf lemma="si" pos="X">si</wf>
         <wf lemma="prikrate" pos="X">prikrate</wf>
         <wf lemma="vrijeme" pos="X">vrijeme</wf>
         <wf lemma="." pos="X">.</wf>
      </sentence>
      <sentence id="d000.s2033" source="wordnet-croatian">
         <wf lemma="Iskopali" pos="X">Iskopali</wf>
         <wf lemma="su" pos="X">su</wf>
         <instance id="d000.s2033.t000" lemma="galenit" pos="NOUN">galenit</instance>
         <wf lemma="oblika" pos="X">oblika</wf>
         <wf lemma="savršene" pos="X">savršene</wf>
         <wf lemma="kocke" pos="X">kocke</wf>
         <wf lemma="." pos="X">.</wf>
      </sentence>
      <sentence id="d000.s2034" source="wordnet-croatian">
         <wf lemma="Na" pos="X">Na</wf>
         <wf lemma="cesti" pos="X">cesti</wf>
         <wf lemma="su" pos="X">su</wf>
         <wf lemma="vidljiva" pos="X">vidljiva</wf>
         <instance id="d000.s2034.t000" lemma="ulegnuće" pos="NOUN">ulegnuća</instance>
         <wf lemma="od" pos="X">od</wf>
         <wf lemma="čestog" pos="X">čestog</wf>
         <wf lemma="prolaska" pos="X">prolaska</wf>
         <wf lemma="kamiona" pos="X">kamiona</wf>
         <wf lemma="." pos="X">.</wf>
      </sentence>
      <sentence id="d000.s2035" source="wordnet-croatian">
         <instance id="d000.s2035.t000" lemma="platiti" pos="VERB">Platio</instance>
         <wf lemma="sam" pos="X">sam</wf>
         <wf lemma="kavu" pos="X">kavu</wf>
         <wf lemma="više" pos="X">više</wf>
         <wf lemma="nego" pos="X">nego</wf>
         <wf lemma="što" pos="X">što</wf>
         <wf lemma="je" pos="X">je</wf>
         <wf lemma="trebalo" pos="X">trebalo</wf>
         <wf lemma="." pos="X">.</wf>
      </sentence>
      <sentence id="d000.s2036" source="wordnet-croatian">
         <wf lemma="Doručak" pos="X">Doručak</wf>
         <wf lemma="je" pos="X">je</wf>
         <wf lemma="najvažniji" pos="X">najvažniji</wf>
         <instance id="d000.s2036.t000" lemma="obrok" pos="NOUN">obrok</instance>
         <wf lemma="dana" pos="X">dana</wf>
         <wf lemma="." pos="X">.</wf>
      </sentence>
      <sentence id="d000.s2037" source="wordnet-croatian">
         <wf lemma="Sve" pos="X">Sve</wf>
         <wf lemma="zajedno" pos="X">zajedno</wf>
         <instance id="d000.s2037.t000" lemma="iznositi" pos="VERB">iznosi</instance>
         <wf lemma="567" pos="X">567</wf>
         <wf lemma="kuna" pos="X">kuna</wf>
         <wf lemma="i" pos="X">i</wf>
         <wf lemma="34" pos="X">34</wf>
         <wf lemma="lipe" pos="X">lipe</wf>
         <wf lemma="." pos="X">.</wf>
      </sentence>
      <sentence id="d000.s2038" source="wordnet-croatian">
         <wf lemma="Nadugačko" pos="X">Nadugačko</wf>
         <wf lemma="je" pos="X">je</wf>
         <instance id="d000.s2038.t000" lemma="komentirati" pos="VERB">komentirao</instance>
         <wf lemma="trenutnu" pos="X">trenutnu</wf>
         <wf lemma="političku" pos="X">političku</wf>
         <wf lemma="situaciju" pos="X">situaciju</wf>
         <wf lemma="svojoj" pos="X">svojoj</wf>
         <wf lemma="kolumni" pos="X">kolumni</wf>
         <wf lemma="." pos="X">.</wf>
      </sentence>
      <sentence id="d000.s2039" source="wordnet-croatian">
         <wf lemma="Nije" pos="X">Nije</wf>
         <wf lemma="se" pos="X">se</wf>
         <wf lemma="dugo" pos="X">dugo</wf>
         <wf lemma="čekalo" pos="X">čekalo</wf>
         <wf lemma="na" pos="X">na</wf>
         <instance id="d000.s2039.t000" lemma="osuda" pos="NOUN">osudu</instance>
         <wf lemma="takvog" pos="X">takvog</wf>
         <wf lemma="postupanja" pos="X">postupanja</wf>
         <wf lemma="prema" pos="X">prema</wf>
         <wf lemma="građanima" pos="X">građanima</wf>
         <wf lemma="." pos="X">.</wf>
      </sentence>
      <sentence id="d000.s2040" source="wordnet-croatian">
         <wf lemma="Uspio" pos="X">Uspio</wf>
         <wf lemma="je" pos="X">je</wf>
         <instance id="d000.s2040.t000" lemma="nabaviti" pos="VERB">nabaviti</instance>
         <wf lemma="pivo" pos="X">pivo</wf>
         <wf lemma="iako" pos="X">iako</wf>
         <wf lemma="je" pos="X">je</wf>
         <wf lemma="bilo" pos="X">bilo</wf>
         <wf lemma="2" pos="X">2</wf>
         <wf lemma="ujutro" pos="X">ujutro</wf>
         <wf lemma="." pos="X">.</wf>
      </sentence>
      <sentence id="d000.s2041" source="wordnet-croatian">
         <wf lemma="Amerikanci" pos="X">Amerikanci</wf>
         <wf lemma="i" pos="X">i</wf>
         <wf lemma="dalje" pos="X">dalje</wf>
         <wf lemma="pokušavaju" pos="X">pokušavaju</wf>
         <wf lemma="spriječiti" pos="X">spriječiti</wf>
         <instance id="d000.s2041.t000" lemma="imigracija" pos="NOUN">imigracije</instance>
         <wf lemma="Latinoamerikanaca" pos="X">Latinoamerikanaca</wf>
         <wf lemma="." pos="X">.</wf>
      </sentence>
      <sentence id="d000.s2042" source="wordnet-croatian">
         <instance id="d000.s2042.t000" lemma="indikator" pos="NOUN">Indikator</instance>
         <wf lemma="temperature" pos="X">temperature</wf>
         <wf lemma="odjednom" pos="X">odjednom</wf>
         <wf lemma="je" pos="X">je</wf>
         <wf lemma="počeo" pos="X">počeo</wf>
         <wf lemma="ludovati" pos="X">ludovati</wf>
         <wf lemma="." pos="X">.</wf>
      </sentence>
      <sentence id="d000.s2043" source="wordnet-croatian">
         <wf lemma="Želio" pos="X">Želio</wf>
         <wf lemma="bih" pos="X">bih</wf>
         <instance id="d000.s2043.t000" lemma="znati" pos="VERB">znati</instance>
         <wf lemma="koji" pos="X">koji</wf>
         <wf lemma="su" pos="X">su</wf>
         <wf lemma="njegovi" pos="X">njegovi</wf>
         <wf lemma="daljnji" pos="X">daljnji</wf>
         <wf lemma="planovi" pos="X">planovi</wf>
         <wf lemma="." pos="X">.</wf>
      </sentence>
      <sentence id="d000.s2044" source="wordnet-croatian">
         <wf lemma="Ornitolozi" pos="X">Ornitolozi</wf>
         <wf lemma="redovito" pos="X">redovito</wf>
         <instance id="d000.s2044.t000" lemma="prstenovati" pos="VERB">prstenuju</instance>
         <wf lemma="bjeloglave" pos="X">bjeloglave</wf>
         <wf lemma="supove" pos="X">supove</wf>
         <wf lemma="." pos="X">.</wf>
      </sentence>
      <sentence id="d000.s2045" source="wordnet-croatian">
         <instance id="d000.s2045.t000" lemma="volan" pos="NOUN">Volan</instance>
         <wf lemma="je" pos="X">je</wf>
         <wf lemma="zablokirao" pos="X">zablokirao</wf>
         <wf lemma="i" pos="X">i</wf>
         <wf lemma="zabili" pos="X">zabili</wf>
         <wf lemma="su" pos="X">su</wf>
         <wf lemma="se" pos="X">se</wf>
         <wf lemma="u" pos="X">u</wf>
         <wf lemma="stup" pos="X">stup</wf>
         <wf lemma="." pos="X">.</wf>
      </sentence>
      <sentence id="d000.s2046" source="wordnet-croatian">
         <wf lemma="Napunila" pos="X">Napunila</wf>
         <wf lemma="je" pos="X">je</wf>
         <instance id="d000.s2046.t000" lemma="lavor" pos="NOUN">lavor</instance>
         <wf lemma="hladnom" pos="X">hladnom</wf>
         <wf lemma="vodom" pos="X">vodom</wf>
         <wf lemma="i" pos="X">i</wf>
         <wf lemma="umila" pos="X">umila</wf>
         <wf lemma="se" pos="X">se</wf>
         <wf lemma="." pos="X">.</wf>
      </sentence>
      <sentence id="d000.s2047" source="wordnet-croatian">
         <wf lemma="Pritisnuo" pos="X">Pritisnuo</wf>
         <wf lemma="je" pos="X">je</wf>
         <instance id="d000.s2047.t000" lemma="gumb" pos="NOUN">gumb</instance>
         <wf lemma="za" pos="X">za</wf>
         <wf lemma="pozivanje" pos="X">pozivanje</wf>
         <wf lemma="dizala" pos="X">dizala</wf>
         <wf lemma="." pos="X">.</wf>
      </sentence>
      <sentence id="d000.s2048" source="wordnet-croatian">
         <wf lemma="Zečevi" pos="X">Zečevi</wf>
         <wf lemma="su" pos="X">su</wf>
         <wf lemma="mi" pos="X">mi</wf>
         <wf lemma="uništili" pos="X">uništili</wf>
         <instance id="d000.s2048.t000" lemma="nasad" pos="NOUN">nasad</instance>
         <wf lemma="kupusa" pos="X">kupusa</wf>
         <wf lemma="." pos="X">.</wf>
      </sentence>
      <sentence id="d000.s2049" source="wordnet-croatian">
         <wf lemma="Nikome" pos="X">Nikome</wf>
         <wf lemma="nije" pos="X">nije</wf>
         <wf lemma="bilo" pos="X">bilo</wf>
         <wf lemma="jasno" pos="X">jasno</wf>
         <wf lemma="koje" pos="X">koje</wf>
         <wf lemma="su" pos="X">su</wf>
         <instance id="d000.s2049.t000" lemma="prednost" pos="NOUN">prednosti</instance>
         <wf lemma="reforme" pos="X">reforme</wf>
         <wf lemma="poreznog" pos="X">poreznog</wf>
         <wf lemma="sustava" pos="X">sustava</wf>
         <wf lemma="." pos="X">.</wf>
      </sentence>
      <sentence id="d000.s2050" source="wordnet-croatian">
         <wf lemma="Pismeni" pos="X">Pismeni</wf>
         <instance id="d000.s2050.t000" lemma="dio" pos="NOUN">dio</instance>
         <wf lemma="ispita" pos="X">ispita</wf>
         <wf lemma="bit" pos="X">bit</wf>
         <wf lemma="će" pos="X">će</wf>
         <wf lemma="tjedan" pos="X">tjedan</wf>
         <wf lemma="dana" pos="X">dana</wf>
         <wf lemma="prije" pos="X">prije</wf>
         <wf lemma="usmenoga" pos="X">usmenoga</wf>
         <wf lemma="." pos="X">.</wf>
      </sentence>
      <sentence id="d000.s2051" source="wordnet-croatian">
         <instance id="d000.s2051.t000" lemma="materija" pos="NOUN">Materija</instance>
         <wf lemma="ispunjava" pos="X">ispunjava</wf>
         <wf lemma="tek" pos="X">tek</wf>
         <wf lemma="malen" pos="X">malen</wf>
         <wf lemma="dio" pos="X">dio</wf>
         <wf lemma="svemira" pos="X">svemira</wf>
         <wf lemma="." pos="X">.</wf>
      </sentence>
      <sentence id="d000.s2052" source="wordnet-croatian">
         <wf lemma="U" pos="X">U</wf>
         <instance id="d000.s2052.t000" lemma="predsoblje" pos="NOUN">predsoblju</instance>
         <wf lemma="su" pos="X">su</wf>
         <wf lemma="imali" pos="X">imali</wf>
         <wf lemma="samo" pos="X">samo</wf>
         <wf lemma="vješalicu" pos="X">vješalicu</wf>
         <wf lemma="za" pos="X">za</wf>
         <wf lemma="odlaganje" pos="X">odlaganje</wf>
         <wf lemma="kaputa" pos="X">kaputa</wf>
         <wf lemma="." pos="X">.</wf>
      </sentence>
      <sentence id="d000.s2053" source="wordnet-croatian">
         <wf lemma="Ova" pos="X">Ova</wf>
         <wf lemma="zabava" pos="X">zabava</wf>
         <wf lemma="je" pos="X">je</wf>
         <wf lemma="bila" pos="X">bila</wf>
         <wf lemma="potpuni" pos="X">potpuni</wf>
         <instance id="d000.s2053.t000" lemma="neuspjeh" pos="NOUN">neuspjeh</instance>
         <wf lemma="." pos="X">.</wf>
      </sentence>
      <sentence id="d000.s2054" source="wordnet-croatian">
         <wf lemma="Oštetilo" pos="X">Oštetilo</wf>
         <wf lemma="se" pos="X">se</wf>
         <wf lemma="desno" pos="X">desno</wf>
         <instance id="d000.s2054.t000" lemma="krilo" pos="NOUN">krilo</instance>
         <wf lemma="aviona" pos="X">aviona</wf>
         <wf lemma="," pos="X">,</wf>
         <wf lemma="no" pos="X">no</wf>
         <wf lemma="pilot" pos="X">pilot</wf>
         <wf lemma="ga" pos="X">ga</wf>
         <wf lemma="je" pos="X">je</wf>
         <wf lemma="uspio" pos="X">uspio</wf>
         <wf lemma="sigurno" pos="X">sigurno</wf>
         <wf lemma="prizemljiti" pos="X">prizemljiti</wf>
         <wf lemma="." pos="X">.</wf>
      </sentence>
      <sentence id="d000.s2055" source="wordnet-croatian">
         <wf lemma="Liječnici" pos="X">Liječnici</wf>
         <wf lemma="često" pos="X">često</wf>
         <wf lemma="upozoravaju" pos="X">upozoravaju</wf>
         <wf lemma="na" pos="X">na</wf>
         <instance id="d000.s2055.t000" lemma="razumnost" pos="NOUN">razumnost</instance>
         <wf lemma="nekorištenja" pos="X">nekorištenja</wf>
         <wf lemma="alternativnih" pos="X">alternativnih</wf>
         <wf lemma="metoda" pos="X">metoda</wf>
         <wf lemma="liječenja" pos="X">liječenja</wf>
         <wf lemma="," pos="X">,</wf>
         <wf lemma="no" pos="X">no</wf>
         <wf lemma="mnogi" pos="X">mnogi</wf>
         <wf lemma="ih" pos="X">ih</wf>
         <wf lemma="ne" pos="X">ne</wf>
         <wf lemma="shvaćaju" pos="X">shvaćaju</wf>
         <wf lemma="ozbiljno" pos="X">ozbiljno</wf>
         <wf lemma="." pos="X">.</wf>
      </sentence>
      <sentence id="d000.s2056" source="wordnet-croatian">
         <wf lemma="Za" pos="X">Za</wf>
         <wf lemma="ukrašavanje" pos="X">ukrašavanje</wf>
         <wf lemma="torta" pos="X">torta</wf>
         <wf lemma="potrebno" pos="X">potrebno</wf>
         <wf lemma="je" pos="X">je</wf>
         <wf lemma="prilično" pos="X">prilično</wf>
         <wf lemma="veliko" pos="X">veliko</wf>
         <instance id="d000.s2056.t000" lemma="umijeće" pos="NOUN">umijeće</instance>
         <wf lemma="." pos="X">.</wf>
      </sentence>
      <sentence id="d000.s2057" source="wordnet-croatian">
         <instance id="d000.s2057.t000" lemma="opskrbljivač" pos="NOUN">Opskrbljivači</instance>
         <wf lemma="plinom" pos="X">plinom</wf>
         <wf lemma="zahtijevaju" pos="X">zahtijevaju</wf>
         <wf lemma="veće" pos="X">veće</wf>
         <wf lemma="naknade" pos="X">naknade</wf>
         <wf lemma="." pos="X">.</wf>
      </sentence>
      <sentence id="d000.s2058" source="wordnet-croatian">
         <wf lemma="Gospodarsko" pos="X">Gospodarsko</wf>
         <instance id="d000.s2058.t000" lemma="stanje" pos="NOUN">stanje</instance>
         <wf lemma="sve" pos="X">sve</wf>
         <wf lemma="je" pos="X">je</wf>
         <wf lemma="teže" pos="X">teže</wf>
         <wf lemma="." pos="X">.</wf>
      </sentence>
      <sentence id="d000.s2059" source="wordnet-croatian">
         <wf lemma="Snaga" pos="X">Snaga</wf>
         <wf lemma="njegova" pos="X">njegova</wf>
         <instance id="d000.s2059.t000" lemma="intelekt" pos="NOUN">intelekta</instance>
         <wf lemma="ostavila" pos="X">ostavila</wf>
         <wf lemma="je" pos="X">je</wf>
         <wf lemma="sve" pos="X">sve</wf>
         <wf lemma="akademike" pos="X">akademike</wf>
         <wf lemma="bez" pos="X">bez</wf>
         <wf lemma="riječi" pos="X">riječi</wf>
         <wf lemma="." pos="X">.</wf>
      </sentence>
      <sentence id="d000.s2060" source="wordnet-croatian">
         <wf lemma="Nije" pos="X">Nije</wf>
         <wf lemma="se" pos="X">se</wf>
         <wf lemma="mogla" pos="X">mogla</wf>
         <wf lemma="nositi" pos="X">nositi</wf>
         <wf lemma="s" pos="X">s</wf>
         <wf lemma="trajnom" pos="X">trajnom</wf>
         <instance id="d000.s2060.t000" lemma="nepokretnost" pos="NOUN">nepokretnošću</instance>
         <wf lemma="i" pos="X">i</wf>
         <wf lemma="vezanošću" pos="X">vezanošću</wf>
         <wf lemma="za" pos="X">za</wf>
         <wf lemma="krevet" pos="X">krevet</wf>
         <wf lemma="." pos="X">.</wf>
      </sentence>
      <sentence id="d000.s2061" source="wordnet-croatian">
         <wf lemma="Uvijek" pos="X">Uvijek</wf>
         <instance id="d000.s2061.t000" lemma="provjeriti" pos="VERB">provjeri</instance>
         <wf lemma="svoje" pos="X">svoje</wf>
         <wf lemma="tvrdnje" pos="X">tvrdnje</wf>
         <wf lemma="konzultirajući" pos="X">konzultirajući</wf>
         <wf lemma="se" pos="X">se</wf>
         <wf lemma="sa" pos="X">sa</wf>
         <wf lemma="stručnjacima" pos="X">stručnjacima</wf>
         <wf lemma="." pos="X">.</wf>
      </sentence>
      <sentence id="d000.s2062" source="wordnet-croatian">
         <wf lemma="Za" pos="X">Za</wf>
         <wf lemma="stvari" pos="X">stvari</wf>
         <wf lemma="koje" pos="X">koje</wf>
         <wf lemma="prvi" pos="X">prvi</wf>
         <wf lemma="put" pos="X">put</wf>
         <wf lemma="vidim" pos="X">vidim</wf>
         <wf lemma="uvijek" pos="X">uvijek</wf>
         <wf lemma="smišljam" pos="X">smišljam</wf>
         <wf lemma="nova" pos="X">nova</wf>
         <instance id="d000.s2062.t000" lemma="ime" pos="NOUN">imena</instance>
         <wf lemma="." pos="X">.</wf>
      </sentence>
      <sentence id="d000.s2063" source="wordnet-croatian">
         <wf lemma="Svojim" pos="X">Svojim</wf>
         <wf lemma="je" pos="X">je</wf>
         <instance id="d000.s2063.t000" lemma="ponašanje" pos="NOUN">ponašanjem</instance>
         <wf lemma="izluđivao" pos="X">izluđivao</wf>
         <wf lemma="kolege" pos="X">kolege</wf>
         <wf lemma="na" pos="X">na</wf>
         <wf lemma="poslu" pos="X">poslu</wf>
         <wf lemma="." pos="X">.</wf>
      </sentence>
      <sentence id="d000.s2064" source="wordnet-croatian">
         <wf lemma="Uvijek" pos="X">Uvijek</wf>
         <wf lemma="je" pos="X">je</wf>
         <wf lemma="mislila" pos="X">mislila</wf>
         <wf lemma="na" pos="X">na</wf>
         <instance id="d000.s2064.t000" lemma="budućnost" pos="NOUN">budućnost</instance>
         <wf lemma="svoje" pos="X">svoje</wf>
         <wf lemma="djece" pos="X">djece</wf>
         <wf lemma="." pos="X">.</wf>
      </sentence>
      <sentence id="d000.s2065" source="wordnet-croatian">
         <wf lemma="Akademici" pos="X">Akademici</wf>
         <wf lemma="su" pos="X">su</wf>
         <wf lemma="zapravo" pos="X">zapravo</wf>
         <instance id="d000.s2065.t000" lemma="učenik" pos="NOUN">učenici</instance>
         <wf lemma="cijelog" pos="X">cijelog</wf>
         <wf lemma="svog" pos="X">svog</wf>
         <wf lemma="života" pos="X">života</wf>
         <wf lemma="." pos="X">.</wf>
      </sentence>
      <sentence id="d000.s2066" source="wordnet-croatian">
         <instance id="d000.s2066.t000" lemma="smrviti" pos="VERB">Smrvi</instance>
         <wf lemma="dvije" pos="X">dvije</wf>
         <wf lemma="glavice" pos="X">glavice</wf>
         <wf lemma="češnjaka" pos="X">češnjaka</wf>
         <wf lemma="i" pos="X">i</wf>
         <wf lemma="samelji" pos="X">samelji</wf>
         <wf lemma="pola" pos="X">pola</wf>
         <wf lemma="kile" pos="X">kile</wf>
         <wf lemma="mesa" pos="X">mesa</wf>
         <wf lemma="za" pos="X">za</wf>
         <wf lemma="sutrašnji" pos="X">sutrašnji</wf>
         <wf lemma="ručak" pos="X">ručak</wf>
         <wf lemma="." pos="X">.</wf>
      </sentence>
      <sentence id="d000.s2067" source="wordnet-croatian">
         <wf lemma="Kvaliteta" pos="X">Kvaliteta</wf>
         <wf lemma="ćevapa" pos="X">ćevapa</wf>
         <wf lemma="u" pos="X">u</wf>
         <wf lemma="zalogajnici" pos="X">zalogajnici</wf>
         <wf lemma="&quot;" pos="X">&quot;</wf>
         <wf lemma="Kod" pos="X">Kod</wf>
         <wf lemma="Trovača" pos="X">Trovača</wf>
         <wf lemma="&quot;" pos="X">&quot;</wf>
         <wf lemma="podignuta" pos="X">podignuta</wf>
         <wf lemma="je" pos="X">je</wf>
         <wf lemma="na" pos="X">na</wf>
         <wf lemma="osjetno" pos="X">osjetno</wf>
         <wf lemma="viši" pos="X">viši</wf>
         <instance id="d000.s2067.t000" lemma="nivo" pos="NOUN">nivo</instance>
         <wf lemma="." pos="X">.</wf>
      </sentence>
      <sentence id="d000.s2068" source="wordnet-croatian">
         <instance id="d000.s2068.t000" lemma="pismo" pos="NOUN">Pisma</instance>
         <wf lemma="čitatelja" pos="X">čitatelja</wf>
         <wf lemma="često" pos="X">često</wf>
         <wf lemma="otkrivaju" pos="X">otkrivaju</wf>
         <wf lemma="skribomanske" pos="X">skribomanske</wf>
         <wf lemma="navade" pos="X">navade</wf>
         <wf lemma="pošiljatelja" pos="X">pošiljatelja</wf>
         <wf lemma="." pos="X">.</wf>
      </sentence>
      <sentence id="d000.s2069" source="wordnet-croatian">
         <instance id="d000.s2069.t000" lemma="bojilo" pos="NOUN">Bojila</instance>
         <wf lemma="u" pos="X">u</wf>
         <wf lemma="slatkišima" pos="X">slatkišima</wf>
         <wf lemma="mogu" pos="X">mogu</wf>
         <wf lemma="biti" pos="X">biti</wf>
         <wf lemma="opasna" pos="X">opasna</wf>
         <wf lemma="za" pos="X">za</wf>
         <wf lemma="konzumaciju" pos="X">konzumaciju</wf>
         <wf lemma="." pos="X">.</wf>
      </sentence>
      <sentence id="d000.s2070" source="wordnet-croatian">
         <instance id="d000.s2070.t000" lemma="micanje" pos="NOUN">Micanje</instance>
         <wf lemma="namještaja" pos="X">namještaja</wf>
         <wf lemma="u" pos="X">u</wf>
         <wf lemma="drugu" pos="X">drugu</wf>
         <wf lemma="sobu" pos="X">sobu</wf>
         <wf lemma="bio" pos="X">bio</wf>
         <wf lemma="je" pos="X">je</wf>
         <wf lemma="dugotrajan" pos="X">dugotrajan</wf>
         <wf lemma="i" pos="X">i</wf>
         <wf lemma="naporan" pos="X">naporan</wf>
         <wf lemma="posao" pos="X">posao</wf>
         <wf lemma="." pos="X">.</wf>
      </sentence>
      <sentence id="d000.s2071" source="wordnet-croatian">
         <wf lemma="Svakomu" pos="X">Svakomu</wf>
         <wf lemma="treba" pos="X">treba</wf>
         <wf lemma="pružiti" pos="X">pružiti</wf>
         <instance id="d000.s2071.t000" lemma="pomoć" pos="NOUN">pomoć</instance>
         <wf lemma="u" pos="X">u</wf>
         <wf lemma="neprilici" pos="X">neprilici</wf>
         <wf lemma="." pos="X">.</wf>
      </sentence>
      <sentence id="d000.s2072" source="wordnet-croatian">
         <wf lemma="Ovakvom" pos="X">Ovakvom</wf>
         <wf lemma="se" pos="X">se</wf>
         <instance id="d000.s2072.t000" lemma="ishod" pos="NOUN">ishodu</instance>
         <wf lemma="nismo" pos="X">nismo</wf>
         <wf lemma="nadali" pos="X">nadali</wf>
         <wf lemma="na" pos="X">na</wf>
         <wf lemma="početku" pos="X">početku</wf>
         <wf lemma="prvenstva" pos="X">prvenstva</wf>
         <wf lemma="." pos="X">.</wf>
      </sentence>
      <sentence id="d000.s2073" source="wordnet-croatian">
         <wf lemma="Djetešce" pos="X">Djetešce</wf>
         <wf lemma="je" pos="X">je</wf>
         <wf lemma="osvojilo" pos="X">osvojilo</wf>
         <instance id="d000.s2073.t000" lemma="naklonost" pos="NOUN">naklonost</instance>
         <wf lemma="svih" pos="X">svih</wf>
         <wf lemma="prisutnih" pos="X">prisutnih</wf>
         <wf lemma="." pos="X">.</wf>
      </sentence>
      <sentence id="d000.s2074" source="wordnet-croatian">
         <wf lemma="Nitko" pos="X">Nitko</wf>
         <wf lemma="ne" pos="X">ne</wf>
         <wf lemma="uzna" pos="X">uzna</wf>
         <wf lemma="što" pos="X">što</wf>
         <wf lemma="točno" pos="X">točno</wf>
         <wf lemma="radi" pos="X">radi</wf>
         <instance id="d000.s2074.t000" lemma="agencija" pos="NOUN">Agencija</instance>
         <wf lemma="za" pos="X">za</wf>
         <wf lemma="zračni" pos="X">zračni</wf>
         <wf lemma="promet" pos="X">promet</wf>
         <wf lemma="." pos="X">.</wf>
      </sentence>
      <sentence id="d000.s2075" source="wordnet-croatian">
         <wf lemma="Crvenkapica" pos="X">Crvenkapica</wf>
         <wf lemma="je" pos="X">je</wf>
         <wf lemma="u" pos="X">u</wf>
         <wf lemma="košari" pos="X">košari</wf>
         <instance id="d000.s2075.t000" lemma="nositi" pos="VERB">nosila</instance>
         <wf lemma="hranu" pos="X">hranu</wf>
         <wf lemma="za" pos="X">za</wf>
         <wf lemma="bakicu" pos="X">bakicu</wf>
         <wf lemma="." pos="X">.</wf>
      </sentence>
      <sentence id="d000.s2076" source="wordnet-croatian">
         <wf lemma="Jonski" pos="X">Jonski</wf>
         <wf lemma="je" pos="X">je</wf>
         <instance id="d000.s2076.t000" lemma="stup" pos="NOUN">stup</instance>
         <wf lemma="lakši" pos="X">lakši</wf>
         <wf lemma="od" pos="X">od</wf>
         <wf lemma="dorskog" pos="X">dorskog</wf>
         <wf lemma="." pos="X">.</wf>
      </sentence>
      <sentence id="d000.s2077" source="wordnet-croatian">
         <wf lemma="Situacija" pos="X">Situacija</wf>
         <wf lemma="je" pos="X">je</wf>
         <wf lemma="izmakla" pos="X">izmakla</wf>
         <instance id="d000.s2077.t000" lemma="kontrola" pos="NOUN">kontroli</instance>
         <wf lemma="." pos="X">.</wf>
      </sentence>
      <sentence id="d000.s2078" source="wordnet-croatian">
         <wf lemma="Piaget" pos="X">Piaget</wf>
         <wf lemma="je" pos="X">je</wf>
         <wf lemma="smatrao" pos="X">smatrao</wf>
         <wf lemma="da" pos="X">da</wf>
         <wf lemma="je" pos="X">je</wf>
         <wf lemma="jezik" pos="X">jezik</wf>
         <wf lemma="najfleksibilnije" pos="X">najfleksibilnije</wf>
         <wf lemma="sredstvo" pos="X">sredstvo</wf>
         <wf lemma="za" pos="X">za</wf>
         <wf lemma="mentalno" pos="X">mentalno</wf>
         <instance id="d000.s2078.t000" lemma="predočavanje" pos="NOUN">predočavanje</instance>
         <wf lemma="." pos="X">.</wf>
      </sentence>
      <sentence id="d000.s2079" source="wordnet-croatian">
         <wf lemma="Brzo" pos="X">Brzo</wf>
         <wf lemma="je" pos="X">je</wf>
         <wf lemma="uočila" pos="X">uočila</wf>
         <instance id="d000.s2079.t000" lemma="greška" pos="NOUN">greške</instance>
         <wf lemma="koje" pos="X">koje</wf>
         <wf lemma="su" pos="X">su</wf>
         <wf lemma="nastale" pos="X">nastale</wf>
         <wf lemma="u" pos="X">u</wf>
         <wf lemma="radu" pos="X">radu</wf>
         <wf lemma="." pos="X">.</wf>
      </sentence>
      <sentence id="d000.s2080" source="wordnet-croatian">
         <wf lemma="Svijet" pos="X">Svijet</wf>
         <wf lemma="je" pos="X">je</wf>
         <wf lemma="postao" pos="X">postao</wf>
         <instance id="d000.s2080.t000" lemma="tmuran" pos="ADJ">tmuran</instance>
         <wf lemma="i" pos="X">i</wf>
         <wf lemma="dosadan" pos="X">dosadan</wf>
         <wf lemma="." pos="X">.</wf>
      </sentence>
      <sentence id="d000.s2081" source="wordnet-croatian">
         <instance id="d000.s2081.t000" lemma="pouzdanost" pos="NOUN">Pouzdanost</instance>
         <wf lemma="je" pos="X">je</wf>
         <wf lemma="osobina" pos="X">osobina</wf>
         <wf lemma="koju" pos="X">koju</wf>
         <wf lemma="uvijek" pos="X">uvijek</wf>
         <wf lemma="tražim" pos="X">tražim</wf>
         <wf lemma="od" pos="X">od</wf>
         <wf lemma="svojih" pos="X">svojih</wf>
         <wf lemma="prijatelja" pos="X">prijatelja</wf>
         <wf lemma="." pos="X">.</wf>
      </sentence>
      <sentence id="d000.s2082" source="wordnet-croatian">
         <wf lemma="Bio" pos="X">Bio</wf>
         <wf lemma="sam" pos="X">sam</wf>
         <wf lemma="u" pos="X">u</wf>
         <wf lemma="Egiptu" pos="X">Egiptu</wf>
         <instance id="d000.s2082.t000" lemma="prošli" pos="ADJ">prošle</instance>
         <wf lemma="godine" pos="X">godine</wf>
         <wf lemma="." pos="X">.</wf>
      </sentence>
      <sentence id="d000.s2083" source="wordnet-croatian">
         <wf lemma="Ma" pos="X">Ma</wf>
         <wf lemma="on" pos="X">on</wf>
         <wf lemma="ti" pos="X">ti</wf>
         <wf lemma="je" pos="X">je</wf>
         <instance id="d000.s2083.t000" lemma="autsajder" pos="NOUN">autsajder</instance>
         <wf lemma="," pos="X">,</wf>
         <wf lemma="nikad" pos="X">nikad</wf>
         <wf lemma="se" pos="X">se</wf>
         <wf lemma="nije" pos="X">nije</wf>
         <wf lemma="želio" pos="X">želio</wf>
         <wf lemma="uključiti" pos="X">uključiti</wf>
         <wf lemma="u" pos="X">u</wf>
         <wf lemma="našu" pos="X">našu</wf>
         <wf lemma="zajednicu" pos="X">zajednicu</wf>
         <wf lemma="." pos="X">.</wf>
      </sentence>
      <sentence id="d000.s2084" source="wordnet-croatian">
         <wf lemma="Poznato" pos="X">Poznato</wf>
         <wf lemma="je" pos="X">je</wf>
         <wf lemma="da" pos="X">da</wf>
         <wf lemma="Šime" pos="X">Šime</wf>
         <wf lemma="ima" pos="X">ima</wf>
         <wf lemma="divlji" pos="X">divlji</wf>
         <instance id="d000.s2084.t000" lemma="temperament" pos="NOUN">temperament</instance>
         <wf lemma="." pos="X">.</wf>
      </sentence>
      <sentence id="d000.s2085" source="wordnet-croatian">
         <instance id="d000.s2085.t000" lemma="akumulacija" pos="NOUN">Akumulacijom</instance>
         <wf lemma="svih" pos="X">svih</wf>
         <wf lemma="dobara" pos="X">dobara</wf>
         <wf lemma="moći" pos="X">moći</wf>
         <wf lemma="ćemo" pos="X">ćemo</wf>
         <wf lemma="otplatiti" pos="X">otplatiti</wf>
         <wf lemma="dug" pos="X">dug</wf>
         <wf lemma="." pos="X">.</wf>
      </sentence>
      <sentence id="d000.s2086" source="wordnet-croatian">
         <instance id="d000.s2086.t000" lemma="neposlušnost" pos="NOUN">Neposlušnost</instance>
         <wf lemma="njegove" pos="X">njegove</wf>
         <wf lemma="djece" pos="X">djece</wf>
         <wf lemma="dovodila" pos="X">dovodila</wf>
         <wf lemma="ga" pos="X">ga</wf>
         <wf lemma="je" pos="X">je</wf>
         <wf lemma="do" pos="X">do</wf>
         <wf lemma="ruba" pos="X">ruba</wf>
         <wf lemma="ludila" pos="X">ludila</wf>
         <wf lemma="." pos="X">.</wf>
      </sentence>
      <sentence id="d000.s2087" source="wordnet-croatian">
         <wf lemma="Uvijek" pos="X">Uvijek</wf>
         <wf lemma="se" pos="X">se</wf>
         <wf lemma="trudila" pos="X">trudila</wf>
         <wf lemma="za" pos="X">za</wf>
         <wf lemma="posao" pos="X">posao</wf>
         <wf lemma="oblačiti" pos="X">oblačiti</wf>
         <instance id="d000.s2087.t000" lemma="neutralan" pos="ADJ">neutralnu</instance>
         <wf lemma="odjeću" pos="X">odjeću</wf>
         <wf lemma="." pos="X">.</wf>
      </sentence>
      <sentence id="d000.s2088" source="wordnet-croatian">
         <wf lemma="S" pos="X">S</wf>
         <wf lemma="diplomom" pos="X">diplomom</wf>
         <wf lemma="iz" pos="X">iz</wf>
         <wf lemma="lingvistike" pos="X">lingvistike</wf>
         <wf lemma="lako" pos="X">lako</wf>
         <wf lemma="možete" pos="X">možete</wf>
         <wf lemma="naći" pos="X">naći</wf>
         <wf lemma="posao" pos="X">posao</wf>
         <wf lemma="u" pos="X">u</wf>
         <instance id="d000.s2088.t000" lemma="izdavaštvo" pos="NOUN">izdavaštvu</instance>
         <wf lemma="." pos="X">.</wf>
      </sentence>
      <sentence id="d000.s2089" source="wordnet-croatian">
         <wf lemma="Budući" pos="X">Budući</wf>
         <wf lemma="da" pos="X">da</wf>
         <wf lemma="je" pos="X">je</wf>
         <instance id="d000.s2089.t000" lemma="žurnalist" pos="NOUN">žurnalist</instance>
         <wf lemma="koji" pos="X">koji</wf>
         <wf lemma="djeluje" pos="X">djeluje</wf>
         <wf lemma="u" pos="X">u</wf>
         <wf lemma="Afganistanu" pos="X">Afganistanu</wf>
         <wf lemma="," pos="X">,</wf>
         <wf lemma="Boris" pos="X">Boris</wf>
         <wf lemma="živi" pos="X">živi</wf>
         <wf lemma="u" pos="X">u</wf>
         <wf lemma="stalnoj" pos="X">stalnoj</wf>
         <wf lemma="opasnosti" pos="X">opasnosti</wf>
         <wf lemma="." pos="X">.</wf>
      </sentence>
      <sentence id="d000.s2090" source="wordnet-croatian">
         <wf lemma="U" pos="X">U</wf>
         <instance id="d000.s2090.t000" lemma="listopad" pos="NOUN">listopadu</instance>
         <wf lemma="pada" pos="X">pada</wf>
         <wf lemma="lišće" pos="X">lišće</wf>
         <wf lemma="sa" pos="X">sa</wf>
         <wf lemma="stabala" pos="X">stabala</wf>
         <wf lemma="." pos="X">.</wf>
      </sentence>
      <sentence id="d000.s2091" source="wordnet-croatian">
         <wf lemma="Nije" pos="X">Nije</wf>
         <wf lemma="voljela" pos="X">voljela</wf>
         <wf lemma="neobična" pos="X">neobična</wf>
         <instance id="d000.s2091.t000" lemma="ime" pos="NOUN">imena</instance>
         <wf lemma="jer" pos="X">jer</wf>
         <wf lemma="ih" pos="X">ih</wf>
         <wf lemma="nikako" pos="X">nikako</wf>
         <wf lemma="nije" pos="X">nije</wf>
         <wf lemma="mogla" pos="X">mogla</wf>
         <wf lemma="upamtiti" pos="X">upamtiti</wf>
         <wf lemma="." pos="X">.</wf>
      </sentence>
      <sentence id="d000.s2092" source="wordnet-croatian">
         <wf lemma="I" pos="X">I</wf>
         <wf lemma="dalje" pos="X">dalje</wf>
         <wf lemma="niječe" pos="X">niječe</wf>
         <wf lemma="svoj" pos="X">svoj</wf>
         <instance id="d000.s2092.t000" lemma="angažman" pos="NOUN">angažman</instance>
         <wf lemma="u" pos="X">u</wf>
         <wf lemma="pregovorima" pos="X">pregovorima</wf>
         <wf lemma="." pos="X">.</wf>
      </sentence>
      <sentence id="d000.s2093" source="wordnet-croatian">
         <instance id="d000.s2093.t000" lemma="kazalište" pos="NOUN">Kazalište</instance>
         <wf lemma="prima" pos="X">prima</wf>
         <wf lemma="700" pos="X">700</wf>
         <wf lemma="ljudi" pos="X">ljudi</wf>
         <wf lemma="." pos="X">.</wf>
      </sentence>
      <sentence id="d000.s2094" source="wordnet-croatian">
         <wf lemma="Za" pos="X">Za</wf>
         <wf lemma="rođendan" pos="X">rođendan</wf>
         <wf lemma="joj" pos="X">joj</wf>
         <wf lemma="je" pos="X">je</wf>
         <wf lemma="poklonio" pos="X">poklonio</wf>
         <instance id="d000.s2094.t000" lemma="ogrlica" pos="NOUN">ogrlicu</instance>
         <wf lemma="s" pos="X">s</wf>
         <wf lemma="njezinim" pos="X">njezinim</wf>
         <wf lemma="imenom" pos="X">imenom</wf>
         <wf lemma="." pos="X">.</wf>
      </sentence>
      <sentence id="d000.s2095" source="wordnet-croatian">
         <wf lemma="Sve" pos="X">Sve</wf>
         <wf lemma="materijalne" pos="X">materijalne</wf>
         <wf lemma="stvari" pos="X">stvari</wf>
         <wf lemma="određene" pos="X">određene</wf>
         <wf lemma="su" pos="X">su</wf>
         <wf lemma="svojom" pos="X">svojom</wf>
         <instance id="d000.s2095.t000" lemma="dimenzionalnost" pos="NOUN">dimenzionalnošću</instance>
         <wf lemma="." pos="X">.</wf>
      </sentence>
      <sentence id="d000.s2096" source="wordnet-croatian">
         <wf lemma="Uspješno" pos="X">Uspješno</wf>
         <wf lemma="sam" pos="X">sam</wf>
         <instance id="d000.s2096.t000" lemma="zaobići" pos="VERB">zaobišao</instance>
         <wf lemma="sve" pos="X">sve</wf>
         <wf lemma="zapreke" pos="X">zapreke</wf>
         <wf lemma="na" pos="X">na</wf>
         <wf lemma="cesti" pos="X">cesti</wf>
         <wf lemma="." pos="X">.</wf>
      </sentence>
      <sentence id="d000.s2097" source="wordnet-croatian">
         <wf lemma="Vrijedna" pos="X">Vrijedna</wf>
         <wf lemma="je" pos="X">je</wf>
         <wf lemma="domaćica" pos="X">domaćica</wf>
         <instance id="d000.s2097.t000" lemma="usavršavati" pos="VERB">usavršavala</instance>
         <wf lemma="uzorak" pos="X">uzorak</wf>
         <wf lemma="goblena" pos="X">goblena</wf>
         <wf lemma="cijelu" pos="X">cijelu</wf>
         <wf lemma="proteklu" pos="X">proteklu</wf>
         <wf lemma="godinu" pos="X">godinu</wf>
         <wf lemma="." pos="X">.</wf>
      </sentence>
      <sentence id="d000.s2098" source="wordnet-croatian">
         <wf lemma="Kao" pos="X">Kao</wf>
         <instance id="d000.s2098.t000" lemma="djevojčica" pos="NOUN">djevojčica</instance>
         <wf lemma="imala" pos="X">imala</wf>
         <wf lemma="je" pos="X">je</wf>
         <wf lemma="prekrasne" pos="X">prekrasne</wf>
         <wf lemma="plave" pos="X">plave</wf>
         <wf lemma="uvojke" pos="X">uvojke</wf>
         <wf lemma="." pos="X">.</wf>
      </sentence>
      <sentence id="d000.s2099" source="wordnet-croatian">
         <wf lemma="Dolazimo" pos="X">Dolazimo</wf>
         <wf lemma="iz" pos="X">iz</wf>
         <instance id="d000.s2099.t000" lemma="dalek" pos="ADJ">daleke</instance>
         <wf lemma="zemlje" pos="X">zemlje</wf>
         <wf lemma="." pos="X">.</wf>
      </sentence>
      <sentence id="d000.s2100" source="wordnet-croatian">
         <instance id="d000.s2100.t000" lemma="nogomet" pos="NOUN">Nogomet</instance>
         <wf lemma="je" pos="X">je</wf>
         <wf lemma="popularan" pos="X">popularan</wf>
         <wf lemma="sport" pos="X">sport</wf>
         <wf lemma="u" pos="X">u</wf>
         <wf lemma="Hrvatskoj" pos="X">Hrvatskoj</wf>
         <wf lemma="." pos="X">.</wf>
      </sentence>
      <sentence id="d000.s2101" source="wordnet-croatian">
         <wf lemma="Na" pos="X">Na</wf>
         <instance id="d000.s2101.t000" lemma="površina" pos="NOUN">površini</instance>
         <wf lemma="vode" pos="X">vode</wf>
         <wf lemma="šetala" pos="X">šetala</wf>
         <wf lemma="se" pos="X">se</wf>
         <wf lemma="mala" pos="X">mala</wf>
         <wf lemma="gazivoda" pos="X">gazivoda</wf>
         <wf lemma="." pos="X">.</wf>
      </sentence>
      <sentence id="d000.s2102" source="wordnet-croatian">
         <wf lemma="Za" pos="X">Za</wf>
         <wf lemma="svečanu" pos="X">svečanu</wf>
         <wf lemma="je" pos="X">je</wf>
         <wf lemma="večeru" pos="X">večeru</wf>
         <wf lemma="izabrala" pos="X">izabrala</wf>
         <wf lemma="frizuru" pos="X">frizuru</wf>
         <wf lemma="u" pos="X">u</wf>
         <wf lemma="obliku" pos="X">obliku</wf>
         <instance id="d000.s2102.t000" lemma="petlja" pos="NOUN">petlje</instance>
         <wf lemma="sa" pos="X">sa</wf>
         <wf lemma="strane" pos="X">strane</wf>
         <wf lemma="." pos="X">.</wf>
      </sentence>
      <sentence id="d000.s2103" source="wordnet-croatian">
         <wf lemma="Treba" pos="X">Treba</wf>
         <wf lemma="znati" pos="X">znati</wf>
         <wf lemma="dobro" pos="X">dobro</wf>
         <wf lemma="pripremiti" pos="X">pripremiti</wf>
         <instance id="d000.s2103.t000" lemma="školjka" pos="NOUN">školjke</instance>
         <wf lemma="." pos="X">.</wf>
      </sentence>
      <sentence id="d000.s2104" source="wordnet-croatian">
         <instance id="d000.s2104.t000" lemma="neopravdanost" pos="NOUN">Neopravdanost</instance>
         <wf lemma="tvrdnji" pos="X">tvrdnji</wf>
         <wf lemma="da" pos="X">da</wf>
         <wf lemma="je" pos="X">je</wf>
         <wf lemma="gospodarstvo" pos="X">gospodarstvo</wf>
         <wf lemma="propalo" pos="X">propalo</wf>
         <wf lemma="pokazuje" pos="X">pokazuje</wf>
         <wf lemma="i" pos="X">i</wf>
         <wf lemma="gospodarski" pos="X">gospodarski</wf>
         <wf lemma="rast" pos="X">rast</wf>
         <wf lemma="u" pos="X">u</wf>
         <wf lemma="posljednjem" pos="X">posljednjem</wf>
         <wf lemma="tromjesečju" pos="X">tromjesečju</wf>
         <wf lemma="." pos="X">.</wf>
      </sentence>
      <sentence id="d000.s2105" source="wordnet-croatian">
         <wf lemma="Teški" pos="X">Teški</wf>
         <wf lemma="ovisnici" pos="X">ovisnici</wf>
         <wf lemma="o" pos="X">o</wf>
         <instance id="d000.s2105.t000" lemma="heroin" pos="NOUN">heroinu</instance>
         <wf lemma="svoju" pos="X">svoju</wf>
         <wf lemma="ovisnost" pos="X">ovisnost</wf>
         <wf lemma="skrivaju" pos="X">skrivaju</wf>
         <wf lemma="ubrizgavanjem" pos="X">ubrizgavanjem</wf>
         <wf lemma="u" pos="X">u</wf>
         <wf lemma="očne" pos="X">očne</wf>
         <wf lemma="kapilare" pos="X">kapilare</wf>
         <wf lemma="." pos="X">.</wf>
      </sentence>
      <sentence id="d000.s2106" source="wordnet-croatian">
         <wf lemma="Osjećam" pos="X">Osjećam</wf>
         <wf lemma="se" pos="X">se</wf>
         <wf lemma="kao" pos="X">kao</wf>
         <wf lemma="da" pos="X">da</wf>
         <wf lemma="me" pos="X">me</wf>
         <wf lemma="netko" pos="X">netko</wf>
         <wf lemma="mlatnuo" pos="X">mlatnuo</wf>
         <instance id="d000.s2106.t000" lemma="toljaga" pos="NOUN">toljagom</instance>
         <wf lemma="po" pos="X">po</wf>
         <wf lemma="glavi" pos="X">glavi</wf>
         <wf lemma="." pos="X">.</wf>
      </sentence>
      <sentence id="d000.s2107" source="wordnet-croatian">
         <wf lemma="Umjesto" pos="X">Umjesto</wf>
         <wf lemma="kave" pos="X">kave</wf>
         <wf lemma="Iva" pos="X">Iva</wf>
         <wf lemma="pije" pos="X">pije</wf>
         <wf lemma="crni" pos="X">crni</wf>
         <instance id="d000.s2107.t000" lemma="čaj" pos="NOUN">čaj</instance>
         <wf lemma="." pos="X">.</wf>
      </sentence>
      <sentence id="d000.s2108" source="wordnet-croatian">
         <wf lemma="Samo" pos="X">Samo</wf>
         <wf lemma="sam" pos="X">sam</wf>
         <wf lemma="malo" pos="X">malo</wf>
         <instance id="d000.s2108.t000" lemma="virnuti" pos="VERB">virnula</instance>
         <wf lemma="unutra" pos="X">unutra</wf>
         <wf lemma="," pos="X">,</wf>
         <wf lemma="no" pos="X">no</wf>
         <wf lemma="nisam" pos="X">nisam</wf>
         <wf lemma="vidjela" pos="X">vidjela</wf>
         <wf lemma="nikoga" pos="X">nikoga</wf>
         <wf lemma="poznatoga" pos="X">poznatoga</wf>
         <wf lemma="." pos="X">.</wf>
      </sentence>
      <sentence id="d000.s2109" source="wordnet-croatian">
         <wf lemma="Bio" pos="X">Bio</wf>
         <wf lemma="je" pos="X">je</wf>
         <wf lemma="to" pos="X">to</wf>
         <wf lemma="vrlo" pos="X">vrlo</wf>
         <instance id="d000.s2109.t000" lemma="velik" pos="ADJ">velik</instance>
         <wf lemma="događaj" pos="X">događaj</wf>
         <wf lemma="za" pos="X">za</wf>
         <wf lemma="našu" pos="X">našu</wf>
         <wf lemma="obitelj" pos="X">obitelj</wf>
         <wf lemma="." pos="X">.</wf>
      </sentence>
      <sentence id="d000.s2110" source="wordnet-croatian">
         <wf lemma="Zurio" pos="X">Zurio</wf>
         <wf lemma="je" pos="X">je</wf>
         <wf lemma="u" pos="X">u</wf>
         <wf lemma="nju" pos="X">nju</wf>
         <wf lemma="dok" pos="X">dok</wf>
         <wf lemma="je" pos="X">je</wf>
         <wf lemma="zakopčavala" pos="X">zakopčavala</wf>
         <instance id="d000.s2110.t000" lemma="top" pos="NOUN">top</instance>
         <wf lemma="." pos="X">.</wf>
      </sentence>
      <sentence id="d000.s2111" source="wordnet-croatian">
         <wf lemma="Molim" pos="X">Molim</wf>
         <wf lemma="te" pos="X">te</wf>
         <wf lemma="da" pos="X">da</wf>
         <instance id="d000.s2111.t000" lemma="prestati" pos="VERB">prestaneš</instance>
         <wf lemma="pušiti" pos="X">pušiti</wf>
         <wf lemma="i" pos="X">i</wf>
         <wf lemma="piti" pos="X">piti</wf>
         <wf lemma="alkohol" pos="X">alkohol</wf>
         <wf lemma="." pos="X">.</wf>
      </sentence>
      <sentence id="d000.s2112" source="wordnet-croatian">
         <wf lemma="Postavljali" pos="X">Postavljali</wf>
         <wf lemma="su" pos="X">su</wf>
         <instance id="d000.s2112.t000" lemma="zamka" pos="NOUN">zamke</instance>
         <wf lemma="za" pos="X">za</wf>
         <wf lemma="zečeve" pos="X">zečeve</wf>
         <wf lemma="." pos="X">.</wf>
      </sentence>
      <sentence id="d000.s2113" source="wordnet-croatian">
         <instance id="d000.s2113.t000" lemma="ručka" pos="NOUN">Ručka</instance>
         <wf lemma="moje" pos="X">moje</wf>
         <wf lemma="nove" pos="X">nove</wf>
         <wf lemma="torbe" pos="X">torbe</wf>
         <wf lemma="bila" pos="X">bila</wf>
         <wf lemma="je" pos="X">je</wf>
         <wf lemma="od" pos="X">od</wf>
         <wf lemma="lakirane" pos="X">lakirane</wf>
         <wf lemma="kože" pos="X">kože</wf>
         <wf lemma="." pos="X">.</wf>
      </sentence>
      <sentence id="d000.s2114" source="wordnet-croatian">
         <instance id="d000.s2114.t000" lemma="kretati" pos="VERB">Krećem</instance>
         <wf lemma="na" pos="X">na</wf>
         <wf lemma="posao" pos="X">posao</wf>
         <wf lemma="točno" pos="X">točno</wf>
         <wf lemma="u" pos="X">u</wf>
         <wf lemma="osam" pos="X">osam</wf>
         <wf lemma="sati" pos="X">sati</wf>
         <wf lemma="ujutro" pos="X">ujutro</wf>
         <wf lemma="." pos="X">.</wf>
      </sentence>
      <sentence id="d000.s2115" source="wordnet-croatian">
         <instance id="d000.s2115.t000" lemma="vidjeti" pos="VERB">Vidjet</instance>
         <wf lemma="ćemo" pos="X">ćemo</wf>
         <wf lemma="se" pos="X">se</wf>
         <wf lemma="na" pos="X">na</wf>
         <wf lemma="sastanku" pos="X">sastanku</wf>
         <wf lemma="." pos="X">.</wf>
      </sentence>
      <sentence id="d000.s2116" source="wordnet-croatian">
         <wf lemma="Konj" pos="X">Konj</wf>
         <wf lemma="je" pos="X">je</wf>
         <wf lemma="lijepo" pos="X">lijepo</wf>
         <instance id="d000.s2116.t000" lemma="kaskati" pos="VERB">kaskao</instance>
         <wf lemma="." pos="X">.</wf>
      </sentence>
      <sentence id="d000.s2117" source="wordnet-croatian">
         <wf lemma="Ivica" pos="X">Ivica</wf>
         <wf lemma="i" pos="X">i</wf>
         <wf lemma="Marica" pos="X">Marica</wf>
         <wf lemma="posuli" pos="X">posuli</wf>
         <wf lemma="su" pos="X">su</wf>
         <wf lemma="mrvicama" pos="X">mrvicama</wf>
         <wf lemma="kruha" pos="X">kruha</wf>
         <instance id="d000.s2117.t000" lemma="put" pos="NOUN">put</instance>
         <wf lemma="kojim" pos="X">kojim</wf>
         <wf lemma="su" pos="X">su</wf>
         <wf lemma="se" pos="X">se</wf>
         <wf lemma="kretali" pos="X">kretali</wf>
         <wf lemma="." pos="X">.</wf>
      </sentence>
      <sentence id="d000.s2118" source="wordnet-croatian">
         <wf lemma="Novčani" pos="X">Novčani</wf>
         <instance id="d000.s2118.t000" lemma="fond" pos="NOUN">fond</instance>
         <wf lemma="za" pos="X">za</wf>
         <wf lemma="razvoj" pos="X">razvoj</wf>
         <wf lemma="kulture" pos="X">kulture</wf>
         <wf lemma="ove" pos="X">ove</wf>
         <wf lemma="je" pos="X">je</wf>
         <wf lemma="godine" pos="X">godine</wf>
         <wf lemma="manji" pos="X">manji</wf>
         <wf lemma="nego" pos="X">nego</wf>
         <wf lemma="ikad" pos="X">ikad</wf>
         <wf lemma="." pos="X">.</wf>
      </sentence>
      <sentence id="d000.s2119" source="wordnet-croatian">
         <wf lemma="Svi" pos="X">Svi</wf>
         <wf lemma="su" pos="X">su</wf>
         <wf lemma="slavili" pos="X">slavili</wf>
         <instance id="d000.s2119.t000" lemma="rođenje" pos="NOUN">rođenje</instance>
         <wf lemma="njihove" pos="X">njihove</wf>
         <wf lemma="kćerkice" pos="X">kćerkice</wf>
         <wf lemma="." pos="X">.</wf>
      </sentence>
      <sentence id="d000.s2120" source="wordnet-croatian">
         <instance id="d000.s2120.t000" lemma="trljati" pos="VERB">Trljao</instance>
         <wf lemma="je" pos="X">je</wf>
         <wf lemma="ruke" pos="X">ruke</wf>
         <wf lemma="kako" pos="X">kako</wf>
         <wf lemma="bi" pos="X">bi</wf>
         <wf lemma="ih" pos="X">ih</wf>
         <wf lemma="zagrija" pos="X">zagrija</wf>
         <wf lemma="na" pos="X">na</wf>
         <wf lemma="hladnoći" pos="X">hladnoći</wf>
         <wf lemma="." pos="X">.</wf>
      </sentence>
      <sentence id="d000.s2121" source="wordnet-croatian">
         <wf lemma="Uvijek" pos="X">Uvijek</wf>
         <wf lemma="me" pos="X">me</wf>
         <instance id="d000.s2121.t000" lemma="oslovljavati" pos="VERB">oslovljavala</instance>
         <wf lemma="prezimenom" pos="X">prezimenom</wf>
         <wf lemma="." pos="X">.</wf>
      </sentence>
      <sentence id="d000.s2122" source="wordnet-croatian">
         <instance id="d000.s2122.t000" lemma="skretanje" pos="NOUN">Skretanjem</instance>
         <wf lemma="s" pos="X">s</wf>
         <wf lemma="teme" pos="X">teme</wf>
         <wf lemma="pokušala" pos="X">pokušala</wf>
         <wf lemma="je" pos="X">je</wf>
         <wf lemma="izbjeći" pos="X">izbjeći</wf>
         <wf lemma="odgovor" pos="X">odgovor</wf>
         <wf lemma="na" pos="X">na</wf>
         <wf lemma="pitanje" pos="X">pitanje</wf>
         <wf lemma="." pos="X">.</wf>
      </sentence>
      <sentence id="d000.s2123" source="wordnet-croatian">
         <wf lemma="Ova" pos="X">Ova</wf>
         <wf lemma="odluka" pos="X">odluka</wf>
         <wf lemma="pokazala" pos="X">pokazala</wf>
         <wf lemma="se" pos="X">se</wf>
         <wf lemma="kao" pos="X">kao</wf>
         <wf lemma="loša" pos="X">loša</wf>
         <instance id="d000.s2123.t000" lemma="ideja" pos="NOUN">ideja</instance>
         <wf lemma="." pos="X">.</wf>
      </sentence>
      <sentence id="d000.s2124" source="wordnet-croatian">
         <wf lemma="Bezbrižno" pos="X">Bezbrižno</wf>
         <wf lemma="je" pos="X">je</wf>
         <instance id="d000.s2124.t000" lemma="pijuckati" pos="VERB">pijuckala</instance>
         <wf lemma="martini" pos="X">martini</wf>
         <wf lemma="u" pos="X">u</wf>
         <wf lemma="kutu" pos="X">kutu</wf>
         <wf lemma="sobe" pos="X">sobe</wf>
         <wf lemma="za" pos="X">za</wf>
         <wf lemma="primanje" pos="X">primanje</wf>
         <wf lemma="i" pos="X">i</wf>
         <wf lemma="čitala" pos="X">čitala</wf>
         <wf lemma="novine" pos="X">novine</wf>
         <wf lemma="." pos="X">.</wf>
      </sentence>
      <sentence id="d000.s2125" source="wordnet-croatian">
         <wf lemma="Polaritet" pos="X">Polaritet</wf>
         <instance id="d000.s2125.t000" lemma="anoda" pos="NOUN">anode</instance>
         <wf lemma="prema" pos="X">prema</wf>
         <wf lemma="katodi" pos="X">katodi</wf>
         <wf lemma="ovisi" pos="X">ovisi</wf>
         <wf lemma="o" pos="X">o</wf>
         <wf lemma="smjeru" pos="X">smjeru</wf>
         <wf lemma="kojim" pos="X">kojim</wf>
         <wf lemma="teče" pos="X">teče</wf>
         <wf lemma="električna" pos="X">električna</wf>
         <wf lemma="struja" pos="X">struja</wf>
         <wf lemma="." pos="X">.</wf>
      </sentence>
      <sentence id="d000.s2126" source="wordnet-croatian">
         <wf lemma="Na" pos="X">Na</wf>
         <wf lemma="fakultetu" pos="X">fakultetu</wf>
         <wf lemma="je" pos="X">je</wf>
         <instance id="d000.s2126.t000" lemma="osnovati" pos="VERB">osnovan</instance>
         <wf lemma="novi" pos="X">novi</wf>
         <wf lemma="odsjek" pos="X">odsjek</wf>
         <wf lemma="." pos="X">.</wf>
      </sentence>
      <sentence id="d000.s2127" source="wordnet-croatian">
         <instance id="d000.s2127.t000" lemma="uzus" pos="NOUN">Uzus</instance>
         <wf lemma="je" pos="X">je</wf>
         <wf lemma="da" pos="X">da</wf>
         <wf lemma="psihijatar" pos="X">psihijatar</wf>
         <wf lemma="intervjuira" pos="X">intervjuira</wf>
         <wf lemma="potencijalne" pos="X">potencijalne</wf>
         <wf lemma="pacijente" pos="X">pacijente</wf>
         <wf lemma="." pos="X">.</wf>
      </sentence>
      <sentence id="d000.s2128" source="wordnet-croatian">
         <wf lemma="Njezina" pos="X">Njezina</wf>
         <instance id="d000.s2128.t000" lemma="slika" pos="NOUN">slika</instance>
         <wf lemma="događaja" pos="X">događaja</wf>
         <wf lemma="potpuno" pos="X">potpuno</wf>
         <wf lemma="je" pos="X">je</wf>
         <wf lemma="iskrivljena" pos="X">iskrivljena</wf>
         <wf lemma="i" pos="X">i</wf>
         <wf lemma="netočna" pos="X">netočna</wf>
         <wf lemma="." pos="X">.</wf>
      </sentence>
      <sentence id="d000.s2129" source="wordnet-croatian">
         <wf lemma="Nosila" pos="X">Nosila</wf>
         <wf lemma="je" pos="X">je</wf>
         <wf lemma="samo" pos="X">samo</wf>
         <wf lemma="jedan" pos="X">jedan</wf>
         <instance id="d000.s2129.t000" lemma="prsten" pos="NOUN">prsten</instance>
         <wf lemma="s" pos="X">s</wf>
         <wf lemma="malenim" pos="X">malenim</wf>
         <wf lemma="dijamantom" pos="X">dijamantom</wf>
         <wf lemma="." pos="X">.</wf>
      </sentence>
      <sentence id="d000.s2130" source="wordnet-croatian">
         <instance id="d000.s2130.t000" lemma="obuća" pos="NOUN">Obuću</instance>
         <wf lemma="je" pos="X">je</wf>
         <wf lemma="potrebno" pos="X">potrebno</wf>
         <wf lemma="održavati" pos="X">održavati</wf>
         <wf lemma="prema" pos="X">prema</wf>
         <wf lemma="uputama" pos="X">uputama</wf>
         <wf lemma="proizvođača" pos="X">proizvođača</wf>
         <wf lemma="." pos="X">.</wf>
      </sentence>
      <sentence id="d000.s2131" source="wordnet-croatian">
         <instance id="d000.s2131.t000" lemma="odbijati" pos="VERB">Odbijaju</instance>
         <wf lemma="primiti" pos="X">primiti</wf>
         <wf lemma="nove" pos="X">nove</wf>
         <wf lemma="članove" pos="X">članove</wf>
         <wf lemma="u" pos="X">u</wf>
         <wf lemma="stranku" pos="X">stranku</wf>
         <wf lemma="." pos="X">.</wf>
      </sentence>
      <sentence id="d000.s2132" source="wordnet-croatian">
         <wf lemma="Izviđači" pos="X">Izviđači</wf>
         <wf lemma="su" pos="X">su</wf>
         <wf lemma="cijelo" pos="X">cijelo</wf>
         <wf lemma="popodne" pos="X">popodne</wf>
         <wf lemma="marljivo" pos="X">marljivo</wf>
         <instance id="d000.s2132.t000" lemma="skupljati" pos="VERB">skupljali</instance>
         <wf lemma="drva" pos="X">drva</wf>
         <wf lemma="za" pos="X">za</wf>
         <wf lemma="veliku" pos="X">veliku</wf>
         <wf lemma="logorsku" pos="X">logorsku</wf>
         <wf lemma="vatru" pos="X">vatru</wf>
         <wf lemma="." pos="X">.</wf>
      </sentence>
      <sentence id="d000.s2133" source="wordnet-croatian">
         <wf lemma="the" pos="X">the</wf>
         <wf lemma="novel" pos="X">novel</wf>
         <wf lemma="attained" pos="X">attained</wf>
         <wf lemma="the" pos="X">the</wf>
         <instance id="d000.s2133.t000" lemma="status" pos="NOUN">status</instance>
         <wf lemma="of" pos="X">of</wf>
         <wf lemma="a" pos="X">a</wf>
         <wf lemma="classic" pos="X">classic</wf>
         <wf lemma="." pos="X">.</wf>
      </sentence>
      <sentence id="d000.s2134" source="wordnet-croatian">
         <instance id="d000.s2134.t000" lemma="propis" pos="NOUN">Propis</instance>
         <wf lemma="prema" pos="X">prema</wf>
         <wf lemma="kojem" pos="X">kojem</wf>
         <wf lemma="se" pos="X">se</wf>
         <wf lemma="u" pos="X">u</wf>
         <wf lemma="crkve" pos="X">crkve</wf>
         <wf lemma="treba" pos="X">treba</wf>
         <wf lemma="ulaziti" pos="X">ulaziti</wf>
         <wf lemma="pristojno" pos="X">pristojno</wf>
         <wf lemma="odjeven" pos="X">odjeven</wf>
         <wf lemma="mnogi" pos="X">mnogi</wf>
         <wf lemma="turisti" pos="X">turisti</wf>
         <wf lemma="ljeti" pos="X">ljeti</wf>
         <wf lemma="ne" pos="X">ne</wf>
         <wf lemma="poštuju" pos="X">poštuju</wf>
         <wf lemma="." pos="X">.</wf>
      </sentence>
      <sentence id="d000.s2135" source="wordnet-croatian">
         <wf lemma="Čestitali" pos="X">Čestitali</wf>
         <wf lemma="smo" pos="X">smo</wf>
         <wf lemma="mu" pos="X">mu</wf>
         <wf lemma="na" pos="X">na</wf>
         <instance id="d000.s2135.t000" lemma="nastup" pos="NOUN">nastupu</instance>
         <wf lemma="na" pos="X">na</wf>
         <wf lemma="recitalu" pos="X">recitalu</wf>
         <wf lemma="." pos="X">.</wf>
      </sentence>
      <sentence id="d000.s2136" source="wordnet-croatian">
         <wf lemma="Primio" pos="X">Primio</wf>
         <wf lemma="je" pos="X">je</wf>
         <instance id="d000.s2136.t000" lemma="gitara" pos="NOUN">gitaru</instance>
         <wf lemma="u" pos="X">u</wf>
         <wf lemma="ruke" pos="X">ruke</wf>
         <wf lemma="i" pos="X">i</wf>
         <wf lemma="zabava" pos="X">zabava</wf>
         <wf lemma="je" pos="X">je</wf>
         <wf lemma="počela" pos="X">počela</wf>
         <wf lemma="." pos="X">.</wf>
      </sentence>
      <sentence id="d000.s2137" source="wordnet-croatian">
         <wf lemma="Imao" pos="X">Imao</wf>
         <wf lemma="je" pos="X">je</wf>
         <wf lemma="sve" pos="X">sve</wf>
         <instance id="d000.s2137.t000" lemma="simptom" pos="NOUN">simptome</instance>
         <wf lemma="gripe" pos="X">gripe</wf>
         <wf lemma="pa" pos="X">pa</wf>
         <wf lemma="ga" pos="X">ga</wf>
         <wf lemma="je" pos="X">je</wf>
         <wf lemma="liječnik" pos="X">liječnik</wf>
         <wf lemma="poslao" pos="X">poslao</wf>
         <wf lemma="na" pos="X">na</wf>
         <wf lemma="bolovanje" pos="X">bolovanje</wf>
         <wf lemma="." pos="X">.</wf>
      </sentence>
      <sentence id="d000.s2138" source="wordnet-croatian">
         <wf lemma="Stigla" pos="X">Stigla</wf>
         <wf lemma="su" pos="X">su</wf>
         <instance id="d000.s2138.t000" lemma="težak" pos="ADJ">teška</instance>
         <wf lemma="vremena" pos="X">vremena</wf>
         <wf lemma="." pos="X">.</wf>
      </sentence>
      <sentence id="d000.s2139" source="wordnet-croatian">
         <wf lemma="Kad" pos="X">Kad</wf>
         <wf lemma="se" pos="X">se</wf>
         <wf lemma="zagrebalo" pos="X">zagrebalo</wf>
         <wf lemma="ispod" pos="X">ispod</wf>
         <instance id="d000.s2139.t000" lemma="površina" pos="NOUN">površine</instance>
         <wf lemma="," pos="X">,</wf>
         <wf lemma="vidjelo" pos="X">vidjelo</wf>
         <wf lemma="se" pos="X">se</wf>
         <wf lemma="da" pos="X">da</wf>
         <wf lemma="je" pos="X">je</wf>
         <wf lemma="problem" pos="X">problem</wf>
         <wf lemma="u" pos="X">u</wf>
         <wf lemma="nečemu" pos="X">nečemu</wf>
         <wf lemma="sasvim" pos="X">sasvim</wf>
         <wf lemma="drugom" pos="X">drugom</wf>
         <wf lemma="." pos="X">.</wf>
      </sentence>
      <sentence id="d000.s2140" source="wordnet-croatian">
         <wf lemma="Slavko" pos="X">Slavko</wf>
         <wf lemma="uvijek" pos="X">uvijek</wf>
         <instance id="d000.s2140.t000" lemma="misliti" pos="VERB">misli</instance>
         <wf lemma="na" pos="X">na</wf>
         <wf lemma="Mirka" pos="X">Mirka</wf>
         <wf lemma="." pos="X">.</wf>
      </sentence>
      <sentence id="d000.s2141" source="wordnet-croatian">
         <wf lemma="Mirko" pos="X">Mirko</wf>
         <wf lemma="je" pos="X">je</wf>
         <wf lemma="kupio" pos="X">kupio</wf>
         <instance id="d000.s2141.t000" lemma="komad" pos="NOUN">komad</instance>
         <wf lemma="bratovog" pos="X">bratovog</wf>
         <wf lemma="zemljišta" pos="X">zemljišta</wf>
         <wf lemma="." pos="X">.</wf>
      </sentence>
      <sentence id="d000.s2142" source="wordnet-croatian">
         <wf lemma="Marko" pos="X">Marko</wf>
         <wf lemma="je" pos="X">je</wf>
         <wf lemma="slomio" pos="X">slomio</wf>
         <wf lemma="ključnu" pos="X">ključnu</wf>
         <instance id="d000.s2142.t000" lemma="kost" pos="NOUN">kost</instance>
         <wf lemma="." pos="X">.</wf>
      </sentence>
      <sentence id="d000.s2143" source="wordnet-croatian">
         <wf lemma="Sve" pos="X">Sve</wf>
         <wf lemma="sam" pos="X">sam</wf>
         <wf lemma="pare" pos="X">pare</wf>
         <instance id="d000.s2143.t000" lemma="proćerdati" pos="VERB">proćerdao</instance>
         <wf lemma="na" pos="X">na</wf>
         <wf lemma="piće" pos="X">piće</wf>
         <wf lemma="i" pos="X">i</wf>
         <wf lemma="žene" pos="X">žene</wf>
         <wf lemma="sumnjiva" pos="X">sumnjiva</wf>
         <wf lemma="morala" pos="X">morala</wf>
         <wf lemma="," pos="X">,</wf>
         <wf lemma="a" pos="X">a</wf>
         <wf lemma="utjehe" pos="X">utjehe</wf>
         <wf lemma="našao" pos="X">našao</wf>
         <wf lemma="nisam" pos="X">nisam</wf>
         <wf lemma="." pos="X">.</wf>
      </sentence>
      <sentence id="d000.s2144" source="wordnet-croatian">
         <wf lemma="Biljke" pos="X">Biljke</wf>
         <instance id="d000.s2144.t000" lemma="otpuštati" pos="VERB">otpuštaju</instance>
         <wf lemma="kisik" pos="X">kisik</wf>
         <wf lemma="po" pos="X">po</wf>
         <wf lemma="danu" pos="X">danu</wf>
         <wf lemma="," pos="X">,</wf>
         <wf lemma="a" pos="X">a</wf>
         <wf lemma="ugikov" pos="X">ugikov</wf>
         <wf lemma="dioksid" pos="X">dioksid</wf>
         <wf lemma="po" pos="X">po</wf>
         <wf lemma="noći" pos="X">noći</wf>
         <wf lemma="." pos="X">.</wf>
      </sentence>
      <sentence id="d000.s2145" source="wordnet-croatian">
         <wf lemma="Proces" pos="X">Proces</wf>
         <wf lemma="makroekonomske" pos="X">makroekonomske</wf>
         <instance id="d000.s2145.t000" lemma="konvergencija" pos="NOUN">konvergencije</instance>
         <wf lemma="ima" pos="X">ima</wf>
         <wf lemma="veliko" pos="X">veliko</wf>
         <wf lemma="značenje" pos="X">značenje</wf>
         <wf lemma="za" pos="X">za</wf>
         <wf lemma="dugoročni" pos="X">dugoročni</wf>
         <wf lemma="razvitak" pos="X">razvitak</wf>
         <wf lemma="Hrvatske" pos="X">Hrvatske</wf>
         <wf lemma="." pos="X">.</wf>
      </sentence>
      <sentence id="d000.s2146" source="wordnet-croatian">
         <wf lemma="Državana" pos="X">Državana</wf>
         <instance id="d000.s2146.t000" lemma="agencija" pos="NOUN">agencija</instance>
         <wf lemma="za" pos="X">za</wf>
         <wf lemma="privatizaciju" pos="X">privatizaciju</wf>
         <wf lemma="odigrala" pos="X">odigrala</wf>
         <wf lemma="je" pos="X">je</wf>
         <wf lemma="ključnu" pos="X">ključnu</wf>
         <wf lemma="ulogu" pos="X">ulogu</wf>
         <wf lemma="u" pos="X">u</wf>
         <wf lemma="preustroju" pos="X">preustroju</wf>
         <wf lemma="vlasništva" pos="X">vlasništva</wf>
         <wf lemma="i" pos="X">i</wf>
         <wf lemma="društvenih" pos="X">društvenih</wf>
         <wf lemma="slojeva" pos="X">slojeva</wf>
         <wf lemma="." pos="X">.</wf>
      </sentence>
      <sentence id="d000.s2147" source="wordnet-croatian">
         <wf lemma="Zimi" pos="X">Zimi</wf>
         <wf lemma="nije" pos="X">nije</wf>
         <wf lemma="izlazio" pos="X">izlazio</wf>
         <wf lemma="van" pos="X">van</wf>
         <wf lemma="bez" pos="X">bez</wf>
         <instance id="d000.s2147.t000" lemma="šešir" pos="NOUN">šešira</instance>
         <wf lemma="." pos="X">.</wf>
      </sentence>
      <sentence id="d000.s2148" source="wordnet-croatian">
         <instance id="d000.s2148.t000" lemma="usvajanje" pos="NOUN">Usvajanje</instance>
         <wf lemma="stranog" pos="X">stranog</wf>
         <wf lemma="jezika" pos="X">jezika</wf>
         <wf lemma="najlakše" pos="X">najlakše</wf>
         <wf lemma="je" pos="X">je</wf>
         <wf lemma="u" pos="X">u</wf>
         <wf lemma="ranoj" pos="X">ranoj</wf>
         <wf lemma="dječjoj" pos="X">dječjoj</wf>
         <wf lemma="dobi" pos="X">dobi</wf>
         <wf lemma="." pos="X">.</wf>
      </sentence>
      <sentence id="d000.s2149" source="wordnet-croatian">
         <wf lemma="Njihovo" pos="X">Njihovo</wf>
         <wf lemma="je" pos="X">je</wf>
         <wf lemma="mala" pos="X">mala</wf>
         <wf lemma="zajednica" pos="X">zajednica</wf>
         <wf lemma="imala" pos="X">imala</wf>
         <wf lemma="čak" pos="X">čak</wf>
         <wf lemma="i" pos="X">i</wf>
         <wf lemma="svoju" pos="X">svoju</wf>
         <instance id="d000.s2149.t000" lemma="zastava" pos="NOUN">zastavu</instance>
         <wf lemma="." pos="X">.</wf>
      </sentence>
      <sentence id="d000.s2150" source="wordnet-croatian">
         <wf lemma="Stavila" pos="X">Stavila</wf>
         <wf lemma="je" pos="X">je</wf>
         <wf lemma="na" pos="X">na</wf>
         <wf lemma="stol" pos="X">stol</wf>
         <instance id="d000.s2150.t000" lemma="stolnjak" pos="NOUN">stolnjak</instance>
         <wf lemma="s" pos="X">s</wf>
         <wf lemma="prigodnim" pos="X">prigodnim</wf>
         <wf lemma="božićnim" pos="X">božićnim</wf>
         <wf lemma="motivima" pos="X">motivima</wf>
         <wf lemma="." pos="X">.</wf>
      </sentence>
      <sentence id="d000.s2151" source="wordnet-croatian">
         <wf lemma="Pukovnik" pos="X">Pukovnik</wf>
         <wf lemma="je" pos="X">je</wf>
         <wf lemma="odveo" pos="X">odveo</wf>
         <wf lemma="svoje" pos="X">svoje</wf>
         <instance id="d000.s2151.t000" lemma="novak" pos="NOUN">novake</instance>
         <wf lemma="na" pos="X">na</wf>
         <wf lemma="vojne" pos="X">vojne</wf>
         <wf lemma="vježbe" pos="X">vježbe</wf>
         <wf lemma="." pos="X">.</wf>
      </sentence>
      <sentence id="d000.s2152" source="wordnet-croatian">
         <instance id="d000.s2152.t000" lemma="početi" pos="VERB">Počeli</instance>
         <wf lemma="smo" pos="X">smo</wf>
         <wf lemma="učiti" pos="X">učiti</wf>
         <wf lemma="fiziku" pos="X">fiziku</wf>
         <wf lemma="u" pos="X">u</wf>
         <wf lemma="7." pos="X">7.</wf>
         <wf lemma="razredu" pos="X">razredu</wf>
         <wf lemma="." pos="X">.</wf>
      </sentence>
      <sentence id="d000.s2153" source="wordnet-croatian">
         <instance id="d000.s2153.t000" lemma="jelovnik" pos="NOUN">Jelovnik</instance>
         <wf lemma="je" pos="X">je</wf>
         <wf lemma="bio" pos="X">bio</wf>
         <wf lemma="na" pos="X">na</wf>
         <wf lemma="francuskom" pos="X">francuskom</wf>
         <wf lemma="." pos="X">.</wf>
      </sentence>
      <sentence id="d000.s2154" source="wordnet-croatian">
         <wf lemma="Pišemo" pos="X">Pišemo</wf>
         <wf lemma="vam" pos="X">vam</wf>
         <wf lemma="kako" pos="X">kako</wf>
         <wf lemma="bismo" pos="X">bismo</wf>
         <wf lemma="vam" pos="X">vam</wf>
         <wf lemma="priopćili" pos="X">priopćili</wf>
         <instance id="d000.s2154.t000" lemma="tužan" pos="ADJ">tužnu</instance>
         <wf lemma="vijest" pos="X">vijest</wf>
         <wf lemma="." pos="X">.</wf>
      </sentence>
      <sentence id="d000.s2155" source="wordnet-croatian">
         <instance id="d000.s2155.t000" lemma="dojmiti" pos="VERB">Dojmila</instance>
         <wf lemma="me" pos="X">me</wf>
         <wf lemma="neočekivana" pos="X">neočekivana</wf>
         <wf lemma="zrelost" pos="X">zrelost</wf>
         <wf lemma="toga" pos="X">toga</wf>
         <wf lemma="djeteta" pos="X">djeteta</wf>
         <wf lemma="." pos="X">.</wf>
      </sentence>
      <sentence id="d000.s2156" source="wordnet-croatian">
         <wf lemma="Nije" pos="X">Nije</wf>
         <wf lemma="pristojno" pos="X">pristojno</wf>
         <instance id="d000.s2156.t000" lemma="šuškati" pos="VERB">šuškati</instance>
         <wf lemma="vrećicom" pos="X">vrećicom</wf>
         <wf lemma="od" pos="X">od</wf>
         <wf lemma="bombona" pos="X">bombona</wf>
         <wf lemma="u" pos="X">u</wf>
         <wf lemma="kazalištu" pos="X">kazalištu</wf>
         <wf lemma="." pos="X">.</wf>
      </sentence>
      <sentence id="d000.s2157" source="wordnet-croatian">
         <instance id="d000.s2157.t000" lemma="prikrivati" pos="VERB">Prikrivala</instance>
         <wf lemma="je" pos="X">je</wf>
         <wf lemma="istinu" pos="X">istinu</wf>
         <wf lemma="o" pos="X">o</wf>
         <wf lemma="sebi" pos="X">sebi</wf>
         <wf lemma="čak" pos="X">čak</wf>
         <wf lemma="i" pos="X">i</wf>
         <wf lemma="najboljim" pos="X">najboljim</wf>
         <wf lemma="prijateljima" pos="X">prijateljima</wf>
         <wf lemma="." pos="X">.</wf>
      </sentence>
      <sentence id="d000.s2158" source="wordnet-croatian">
         <wf lemma="Mirko" pos="X">Mirko</wf>
         <wf lemma="je" pos="X">je</wf>
         <wf lemma="dobio" pos="X">dobio</wf>
         <wf lemma="snažan" pos="X">snažan</wf>
         <wf lemma="udarac" pos="X">udarac</wf>
         <wf lemma="u" pos="X">u</wf>
         <instance id="d000.s2158.t000" lemma="brada" pos="NOUN">bradu</instance>
         <wf lemma="." pos="X">.</wf>
      </sentence>
      <sentence id="d000.s2159" source="wordnet-croatian">
         <wf lemma="Za" pos="X">Za</wf>
         <wf lemma="kraj" pos="X">kraj</wf>
         <wf lemma="je" pos="X">je</wf>
         <wf lemma="odsvirao" pos="X">odsvirao</wf>
         <wf lemma="skladbu" pos="X">skladbu</wf>
         <wf lemma="na" pos="X">na</wf>
         <instance id="d000.s2159.t000" lemma="truba" pos="NOUN">trubi</instance>
         <wf lemma="." pos="X">.</wf>
      </sentence>
      <sentence id="d000.s2160" source="wordnet-croatian">
         <wf lemma="U" pos="X">U</wf>
         <wf lemma="našoj" pos="X">našoj</wf>
         <wf lemma="je" pos="X">je</wf>
         <wf lemma="grupi" pos="X">grupi</wf>
         <wf lemma="oduvijek" pos="X">oduvijek</wf>
         <wf lemma="vladalo" pos="X">vladalo</wf>
         <wf lemma="veliko" pos="X">veliko</wf>
         <instance id="d000.s2160.t000" lemma="zajedništvo" pos="NOUN">zajedništvo</instance>
         <wf lemma="," pos="X">,</wf>
         <wf lemma="što" pos="X">što</wf>
         <wf lemma="je" pos="X">je</wf>
         <wf lemma="bilo" pos="X">bilo</wf>
         <wf lemma="i" pos="X">i</wf>
         <wf lemma="ključ" pos="X">ključ</wf>
         <wf lemma="velikog" pos="X">velikog</wf>
         <wf lemma="uspjeha" pos="X">uspjeha</wf>
         <wf lemma="." pos="X">.</wf>
      </sentence>
      <sentence id="d000.s2161" source="wordnet-croatian">
         <wf lemma="Živimo" pos="X">Živimo</wf>
         <wf lemma="u" pos="X">u</wf>
         <instance id="d000.s2161.t000" lemma="nezavisan" pos="ADJ">nezavisnoj</instance>
         <wf lemma="državi" pos="X">državi</wf>
         <wf lemma="." pos="X">.</wf>
      </sentence>
      <sentence id="d000.s2162" source="wordnet-croatian">
         <wf lemma="Amerika" pos="X">Amerika</wf>
         <wf lemma="ima" pos="X">ima</wf>
         <wf lemma="najjaču" pos="X">najjaču</wf>
         <instance id="d000.s2162.t000" lemma="vojska" pos="NOUN">vojsku</instance>
         <wf lemma="na" pos="X">na</wf>
         <wf lemma="svijetu" pos="X">svijetu</wf>
         <wf lemma="." pos="X">.</wf>
      </sentence>
      <sentence id="d000.s2163" source="wordnet-croatian">
         <wf lemma="Istraživanje" pos="X">Istraživanje</wf>
         <wf lemma="se" pos="X">se</wf>
         <wf lemma="sastojalo" pos="X">sastojalo</wf>
         <wf lemma="od" pos="X">od</wf>
         <wf lemma="brojnih" pos="X">brojnih</wf>
         <instance id="d000.s2163.t000" lemma="element" pos="NOUN">elemenata</instance>
         <wf lemma="." pos="X">.</wf>
      </sentence>
      <sentence id="d000.s2164" source="wordnet-croatian">
         <wf lemma="U" pos="X">U</wf>
         <wf lemma="blagavaonicu" pos="X">blagavaonicu</wf>
         <wf lemma="smo" pos="X">smo</wf>
         <wf lemma="nedavno" pos="X">nedavno</wf>
         <wf lemma="postavili" pos="X">postavili</wf>
         <wf lemma="lijepi" pos="X">lijepi</wf>
         <wf lemma="stakleni" pos="X">stakleni</wf>
         <instance id="d000.s2164.t000" lemma="stol" pos="NOUN">stol</instance>
         <wf lemma="." pos="X">.</wf>
      </sentence>
      <sentence id="d000.s2165" source="wordnet-croatian">
         <wf lemma="Ja" pos="X">Ja</wf>
         <instance id="d000.s2165.t000" lemma="zastupati" pos="VERB">zastupam</instance>
         <wf lemma="tihu" pos="X">tihu</wf>
         <wf lemma="većinu" pos="X">većinu</wf>
         <wf lemma="." pos="X">.</wf>
      </sentence>
      <sentence id="d000.s2166" source="wordnet-croatian">
         <wf lemma="Posebnim" pos="X">Posebnim</wf>
         <wf lemma="sredstvom" pos="X">sredstvom</wf>
         <instance id="d000.s2166.t000" lemma="isušiti" pos="VERB">isušio</instance>
         <wf lemma="je" pos="X">je</wf>
         <wf lemma="vlagu" pos="X">vlagu</wf>
         <wf lemma="u" pos="X">u</wf>
         <wf lemma="zidu" pos="X">zidu</wf>
         <wf lemma="." pos="X">.</wf>
      </sentence>
      <sentence id="d000.s2167" source="wordnet-croatian">
         <wf lemma="Bilo" pos="X">Bilo</wf>
         <wf lemma="je" pos="X">je</wf>
         <wf lemma="to" pos="X">to</wf>
         <wf lemma="malo" pos="X">malo</wf>
         <wf lemma="seosko" pos="X">seosko</wf>
         <instance id="d000.s2167.t000" lemma="vjenčanje" pos="NOUN">vjenčanje</instance>
         <wf lemma="." pos="X">.</wf>
      </sentence>
      <sentence id="d000.s2168" source="wordnet-croatian">
         <wf lemma="Voda" pos="X">Voda</wf>
         <wf lemma="za" pos="X">za</wf>
         <wf lemma="piće" pos="X">piće</wf>
         <wf lemma="mora" pos="X">mora</wf>
         <wf lemma="biti" pos="X">biti</wf>
         <wf lemma="bistra" pos="X">bistra</wf>
         <wf lemma="," pos="X">,</wf>
         <instance id="d000.s2168.t000" lemma="bezbojan" pos="ADJ">bezbojna</instance>
         <wf lemma="i" pos="X">i</wf>
         <wf lemma="bez" pos="X">bez</wf>
         <wf lemma="mirisa" pos="X">mirisa</wf>
         <wf lemma="." pos="X">.</wf>
      </sentence>
      <sentence id="d000.s2169" source="wordnet-croatian">
         <wf lemma="Nikada" pos="X">Nikada</wf>
         <wf lemma="nije" pos="X">nije</wf>
         <wf lemma="prekršio" pos="X">prekršio</wf>
         <wf lemma="svoje" pos="X">svoje</wf>
         <instance id="d000.s2169.t000" lemma="obećanje" pos="NOUN">obećanje</instance>
         <wf lemma="." pos="X">.</wf>
      </sentence>
      <sentence id="d000.s2170" source="wordnet-croatian">
         <instance id="d000.s2170.t000" lemma="uspjeti" pos="VERB">Uspjeli</instance>
         <wf lemma="smo" pos="X">smo</wf>
         <wf lemma="nabaviti" pos="X">nabaviti</wf>
         <wf lemma="ulaznice" pos="X">ulaznice</wf>
         <wf lemma="za" pos="X">za</wf>
         <wf lemma="utakmicu" pos="X">utakmicu</wf>
         <wf lemma="." pos="X">.</wf>
      </sentence>
      <sentence id="d000.s2171" source="wordnet-croatian">
         <wf lemma="Njegovo" pos="X">Njegovo</wf>
         <wf lemma="je" pos="X">je</wf>
         <instance id="d000.s2171.t000" lemma="rezoniranje" pos="NOUN">rezoniranje</instance>
         <wf lemma="posve" pos="X">posve</wf>
         <wf lemma="uvjerljivo" pos="X">uvjerljivo</wf>
         <wf lemma="." pos="X">.</wf>
      </sentence>
      <sentence id="d000.s2172" source="wordnet-croatian">
         <wf lemma="Za" pos="X">Za</wf>
         <instance id="d000.s2172.t000" lemma="ilustracija" pos="NOUN">ilustraciju</instance>
         <wf lemma="otvorite" pos="X">otvorite</wf>
         <wf lemma="stranicu" pos="X">stranicu</wf>
         <wf lemma="10." pos="X">10.</wf>
      </sentence>
      <sentence id="d000.s2173" source="wordnet-croatian">
         <wf lemma="Smijeh" pos="X">Smijeh</wf>
         <wf lemma="i" pos="X">i</wf>
         <instance id="d000.s2173.t000" lemma="veselje" pos="NOUN">veselje</instance>
         <wf lemma="odjekivali" pos="X">odjekivali</wf>
         <wf lemma="su" pos="X">su</wf>
         <wf lemma="kućom" pos="X">kućom</wf>
         <wf lemma="." pos="X">.</wf>
      </sentence>
      <sentence id="d000.s2174" source="wordnet-croatian">
         <instance id="d000.s2174.t000" lemma="micanje" pos="NOUN">Micanje</instance>
         <wf lemma="namještaja" pos="X">namještaja</wf>
         <wf lemma="trajalo" pos="X">trajalo</wf>
         <wf lemma="je" pos="X">je</wf>
         <wf lemma="čitavo" pos="X">čitavo</wf>
         <wf lemma="jutro" pos="X">jutro</wf>
         <wf lemma="." pos="X">.</wf>
      </sentence>
      <sentence id="d000.s2175" source="wordnet-croatian">
         <instance id="d000.s2175.t000" lemma="požuriti" pos="VERB">Požuri</instance>
         <wf lemma="se" pos="X">se</wf>
         <wf lemma="," pos="X">,</wf>
         <wf lemma="moramo" pos="X">moramo</wf>
         <wf lemma="stići" pos="X">stići</wf>
         <wf lemma="doma" pos="X">doma</wf>
         <wf lemma="prije" pos="X">prije</wf>
         <wf lemma="kiše" pos="X">kiše</wf>
         <wf lemma="!" pos="X">!</wf>
      </sentence>
      <sentence id="d000.s2176" source="wordnet-croatian">
         <wf lemma="Krojač" pos="X">Krojač</wf>
         <wf lemma="joj" pos="X">joj</wf>
         <wf lemma="je" pos="X">je</wf>
         <wf lemma="uzeo" pos="X">uzeo</wf>
         <instance id="d000.s2176.t000" lemma="mjera" pos="NOUN">mjere</instance>
         <wf lemma="za" pos="X">za</wf>
         <wf lemma="novu" pos="X">novu</wf>
         <wf lemma="haljinu" pos="X">haljinu</wf>
         <wf lemma="." pos="X">.</wf>
      </sentence>
      <sentence id="d000.s2177" source="wordnet-croatian">
         <wf lemma="Situacija" pos="X">Situacija</wf>
         <wf lemma="je" pos="X">je</wf>
         <wf lemma="zahtjevala" pos="X">zahtjevala</wf>
         <wf lemma="snažne" pos="X">snažne</wf>
         <instance id="d000.s2177.t000" lemma="mjera" pos="NOUN">mjere</instance>
         <wf lemma="sigurnosti" pos="X">sigurnosti</wf>
         <wf lemma="." pos="X">.</wf>
      </sentence>
      <sentence id="d000.s2178" source="wordnet-croatian">
         <wf lemma="Znanstvenici" pos="X">Znanstvenici</wf>
         <wf lemma="su" pos="X">su</wf>
         <instance id="d000.s2178.t000" lemma="oploditi" pos="VERB">oplodili</instance>
         <wf lemma="jajašce" pos="X">jajašce</wf>
         <wf lemma="." pos="X">.</wf>
      </sentence>
      <sentence id="d000.s2179" source="wordnet-croatian">
         <wf lemma="Njezin" pos="X">Njezin</wf>
         <instance id="d000.s2179.t000" lemma="učitelj" pos="NOUN">učitelj</instance>
         <wf lemma="dobro" pos="X">dobro</wf>
         <wf lemma="objašnjava" pos="X">objašnjava</wf>
         <wf lemma="gradivo" pos="X">gradivo</wf>
         <wf lemma="." pos="X">.</wf>
      </sentence>
      <sentence id="d000.s2180" source="wordnet-croatian">
         <instance id="d000.s2180.t000" lemma="luk" pos="NOUN">Luk</instance>
         <wf lemma="se" pos="X">se</wf>
         <wf lemma="često" pos="X">često</wf>
         <wf lemma="koristi" pos="X">koristi</wf>
         <wf lemma="pri" pos="X">pri</wf>
         <wf lemma="gradnji" pos="X">gradnji</wf>
         <wf lemma="sportskih" pos="X">sportskih</wf>
         <wf lemma="dvorana" pos="X">dvorana</wf>
         <wf lemma="." pos="X">.</wf>
      </sentence>
      <sentence id="d000.s2181" source="wordnet-croatian">
         <instance id="d000.s2181.t000" lemma="staviti" pos="VERB">Stavi</instance>
         <wf lemma="čaše" pos="X">čaše</wf>
         <wf lemma="na" pos="X">na</wf>
         <wf lemma="stol" pos="X">stol</wf>
         <wf lemma="." pos="X">.</wf>
      </sentence>
      <sentence id="d000.s2182" source="wordnet-croatian">
         <wf lemma="Otvorio" pos="X">Otvorio</wf>
         <wf lemma="je" pos="X">je</wf>
         <instance id="d000.s2182.t000" lemma="šaloporka" pos="NOUN">šaloporke</instance>
         <wf lemma="da" pos="X">da</wf>
         <wf lemma="u" pos="X">u</wf>
         <wf lemma="sobu" pos="X">sobu</wf>
         <wf lemma="uđe" pos="X">uđe</wf>
         <wf lemma="malo" pos="X">malo</wf>
         <wf lemma="svjetlosti" pos="X">svjetlosti</wf>
         <wf lemma="." pos="X">.</wf>
      </sentence>
      <sentence id="d000.s2183" source="wordnet-croatian">
         <wf lemma="Ovo" pos="X">Ovo</wf>
         <instance id="d000.s2183.t000" lemma="biti" pos="VERB">je</instance>
         <wf lemma="točan" pos="X">točan</wf>
         <wf lemma="odgovor" pos="X">odgovor</wf>
         <wf lemma="." pos="X">.</wf>
      </sentence>
      <sentence id="d000.s2184" source="wordnet-croatian">
         <wf lemma="Financijska" pos="X">Financijska</wf>
         <instance id="d000.s2184.t000" lemma="pomoć" pos="NOUN">pomoć</instance>
         <wf lemma="prije" pos="X">prije</wf>
         <wf lemma="Božića" pos="X">Božića</wf>
         <wf lemma="uvijek" pos="X">uvijek</wf>
         <wf lemma="je" pos="X">je</wf>
         <wf lemma="dobrodošla" pos="X">dobrodošla</wf>
         <wf lemma="." pos="X">.</wf>
      </sentence>
      <sentence id="d000.s2185" source="wordnet-croatian">
         <wf lemma="Bubanjar" pos="X">Bubanjar</wf>
         <wf lemma="je" pos="X">je</wf>
         <instance id="d000.s2185.t000" lemma="udarati" pos="VERB">udarao</instance>
         <wf lemma="po" pos="X">po</wf>
         <wf lemma="bubnju" pos="X">bubnju</wf>
         <wf lemma="kao" pos="X">kao</wf>
         <wf lemma="da" pos="X">da</wf>
         <wf lemma="je" pos="X">je</wf>
         <wf lemma="lud" pos="X">lud</wf>
         <wf lemma="." pos="X">.</wf>
      </sentence>
      <sentence id="d000.s2186" source="wordnet-croatian">
         <instance id="d000.s2186.t000" lemma="kontinuitet" pos="NOUN">Kontinuitet</instance>
         <wf lemma="naše" pos="X">naše</wf>
         <wf lemma="narodnosti" pos="X">narodnosti</wf>
         <wf lemma="ne" pos="X">ne</wf>
         <wf lemma="mogu" pos="X">mogu</wf>
         <wf lemma="prekinuti" pos="X">prekinuti</wf>
         <wf lemma="ratovi" pos="X">ratovi</wf>
         <wf lemma="niti" pos="X">niti</wf>
         <wf lemma="federacije" pos="X">federacije</wf>
         <wf lemma="." pos="X">.</wf>
      </sentence>
      <sentence id="d000.s2187" source="wordnet-croatian">
         <wf lemma="Zašto" pos="X">Zašto</wf>
         <wf lemma="stražari" pos="X">stražari</wf>
         <wf lemma="nisu" pos="X">nisu</wf>
         <wf lemma="bili" pos="X">bili</wf>
         <wf lemma="na" pos="X">na</wf>
         <wf lemma="svome" pos="X">svome</wf>
         <instance id="d000.s2187.t000" lemma="mjesto" pos="NOUN">mjestu</instance>
         <wf lemma="?" pos="X">?</wf>
      </sentence>
      <sentence id="d000.s2188" source="wordnet-croatian">
         <instance id="d000.s2188.t000" lemma="odvezati" pos="VERB">Odvezali</instance>
         <wf lemma="su" pos="X">su</wf>
         <wf lemma="zatvorenika" pos="X">zatvorenika</wf>
         <wf lemma="i" pos="X">i</wf>
         <wf lemma="pustili" pos="X">pustili</wf>
         <wf lemma="ga" pos="X">ga</wf>
         <wf lemma="na" pos="X">na</wf>
         <wf lemma="slobodu" pos="X">slobodu</wf>
         <wf lemma="." pos="X">.</wf>
      </sentence>
      <sentence id="d000.s2189" source="wordnet-croatian">
         <wf lemma="Dijete" pos="X">Dijete</wf>
         <wf lemma="mora" pos="X">mora</wf>
         <instance id="d000.s2189.t000" lemma="usvojiti" pos="VERB">usvojiti</instance>
         <wf lemma="pravila" pos="X">pravila</wf>
         <wf lemma="lijepog" pos="X">lijepog</wf>
         <wf lemma="ponašanja" pos="X">ponašanja</wf>
         <wf lemma="za" pos="X">za</wf>
         <wf lemma="stolom" pos="X">stolom</wf>
         <wf lemma="." pos="X">.</wf>
      </sentence>
      <sentence id="d000.s2190" source="wordnet-croatian">
         <wf lemma="Matična" pos="X">Matična</wf>
         <wf lemma="mliječ" pos="X">mliječ</wf>
         <wf lemma="je" pos="X">je</wf>
         <instance id="d000.s2190.t000" lemma="lučevina" pos="NOUN">lučevina</instance>
         <wf lemma="pčela" pos="X">pčela</wf>
         <wf lemma="kojom" pos="X">kojom</wf>
         <wf lemma="se" pos="X">se</wf>
         <wf lemma="hrane" pos="X">hrane</wf>
         <wf lemma="ličinke" pos="X">ličinke</wf>
         <wf lemma="." pos="X">.</wf>
      </sentence>
      <sentence id="d000.s2191" source="wordnet-croatian">
         <wf lemma="Bombaške" pos="X">Bombaške</wf>
         <wf lemma="napade" pos="X">napade</wf>
         <wf lemma="djeca" pos="X">djeca</wf>
         <wf lemma="su" pos="X">su</wf>
         <wf lemma="provela" pos="X">provela</wf>
         <wf lemma="u" pos="X">u</wf>
         <instance id="d000.s2191.t000" lemma="sklonište" pos="NOUN">skloništu</instance>
         <wf lemma="." pos="X">.</wf>
      </sentence>
      <sentence id="d000.s2192" source="wordnet-croatian">
         <wf lemma="Dan" pos="X">Dan</wf>
         <wf lemma="prije" pos="X">prije</wf>
         <wf lemma="vjenčanja" pos="X">vjenčanja</wf>
         <wf lemma="održava" pos="X">održava</wf>
         <wf lemma="se" pos="X">se</wf>
         <instance id="d000.s2192.t000" lemma="pokus" pos="NOUN">pokus</instance>
         <wf lemma="." pos="X">.</wf>
      </sentence>
      <sentence id="d000.s2193" source="wordnet-croatian">
         <wf lemma="Koliko" pos="X">Koliko</wf>
         <wf lemma="je" pos="X">je</wf>
         <wf lemma="dijete" pos="X">dijete</wf>
         <instance id="d000.s2193.t000" lemma="star" pos="ADJ">staro</instance>
         <wf lemma="?" pos="X">?</wf>
         <wf lemma="Ima" pos="X">Ima</wf>
         <wf lemma="li" pos="X">li</wf>
         <wf lemma="već" pos="X">već</wf>
         <wf lemma="dva" pos="X">dva</wf>
         <wf lemma="tjedna" pos="X">tjedna</wf>
         <wf lemma="?" pos="X">?</wf>
      </sentence>
      <sentence id="d000.s2194" source="wordnet-croatian">
         <wf lemma="Pripremite" pos="X">Pripremite</wf>
         <wf lemma="se" pos="X">se</wf>
         <wf lemma="za" pos="X">za</wf>
         <instance id="d000.s2194.t000" lemma="spuštanje" pos="NOUN">spuštanje</instance>
         <wf lemma="zrakoplova" pos="X">zrakoplova</wf>
         <wf lemma="." pos="X">.</wf>
      </sentence>
      <sentence id="d000.s2195" source="wordnet-croatian">
         <wf lemma="Vodio" pos="X">Vodio</wf>
         <wf lemma="je" pos="X">je</wf>
         <instance id="d000.s2195.t000" lemma="ćudoredan" pos="ADJ">ćudoredan</instance>
         <wf lemma="život" pos="X">život</wf>
         <wf lemma="." pos="X">.</wf>
      </sentence>
      <sentence id="d000.s2196" source="wordnet-croatian">
         <wf lemma="Matematika" pos="X">Matematika</wf>
         <wf lemma="je" pos="X">je</wf>
         <wf lemma="jedna" pos="X">jedna</wf>
         <wf lemma="od" pos="X">od</wf>
         <wf lemma="temeljnih" pos="X">temeljnih</wf>
         <instance id="d000.s2196.t000" lemma="znanost" pos="NOUN">znanosti</instance>
         <wf lemma="za" pos="X">za</wf>
         <wf lemma="shvaćanje" pos="X">shvaćanje</wf>
         <wf lemma="pojava" pos="X">pojava</wf>
         <wf lemma="oko" pos="X">oko</wf>
         <wf lemma="nas" pos="X">nas</wf>
         <wf lemma="." pos="X">.</wf>
      </sentence>
      <sentence id="d000.s2197" source="wordnet-croatian">
         <wf lemma="Ova" pos="X">Ova</wf>
         <wf lemma="situacija" pos="X">situacija</wf>
         <instance id="d000.s2197.t000" lemma="iziskivati" pos="VERB">iziskuje</instance>
         <wf lemma="hitno" pos="X">hitno</wf>
         <wf lemma="djelovanje" pos="X">djelovanje</wf>
         <wf lemma="." pos="X">.</wf>
      </sentence>
      <sentence id="d000.s2198" source="wordnet-croatian">
         <instance id="d000.s2198.t000" lemma="kuhanje" pos="NOUN">Kuhanje</instance>
         <wf lemma="je" pos="X">je</wf>
         <wf lemma="umijeće" pos="X">umijeće</wf>
         <wf lemma="." pos="X">.</wf>
      </sentence>
      <sentence id="d000.s2199" source="wordnet-croatian">
         <wf lemma="U" pos="X">U</wf>
         <wf lemma="sam" pos="X">sam</wf>
         <instance id="d000.s2199.t000" lemma="osvit" pos="NOUN">osvit</instance>
         <wf lemma="čovječanstva" pos="X">čovječanstva</wf>
         <wf lemma="zemljom" pos="X">zemljom</wf>
         <wf lemma="su" pos="X">su</wf>
         <wf lemma="hodali" pos="X">hodali</wf>
         <wf lemma="veliki" pos="X">veliki</wf>
         <wf lemma="sisavci" pos="X">sisavci</wf>
         <wf lemma="." pos="X">.</wf>
      </sentence>
      <sentence id="d000.s2200" source="wordnet-croatian">
         <wf lemma="Politika" pos="X">Politika</wf>
         <wf lemma="nije" pos="X">nije</wf>
         <wf lemma="nimalo" pos="X">nimalo</wf>
         <instance id="d000.s2200.t000" lemma="nevažan" pos="ADJ">nevažna</instance>
         <wf lemma="." pos="X">.</wf>
      </sentence>
      <sentence id="d000.s2201" source="wordnet-croatian">
         <wf lemma="Čuvao" pos="X">Čuvao</wf>
         <wf lemma="je" pos="X">je</wf>
         <instance id="d000.s2201.t000" lemma="ostatak" pos="NOUN">ostatke</instance>
         <wf lemma="tkanine" pos="X">tkanine</wf>
         <wf lemma="pa" pos="X">pa</wf>
         <wf lemma="ih" pos="X">ih</wf>
         <wf lemma="kasnije" pos="X">kasnije</wf>
         <wf lemma="koristio" pos="X">koristio</wf>
         <wf lemma="kao" pos="X">kao</wf>
         <wf lemma="zakrpe" pos="X">zakrpe</wf>
         <wf lemma="." pos="X">.</wf>
      </sentence>
      <sentence id="d000.s2202" source="wordnet-croatian">
         <wf lemma="Svi" pos="X">Svi</wf>
         <wf lemma="su" pos="X">su</wf>
         <wf lemma="ostali" pos="X">ostali</wf>
         <wf lemma="bez" pos="X">bez</wf>
         <wf lemma="daha" pos="X">daha</wf>
         <wf lemma="kad" pos="X">kad</wf>
         <wf lemma="je" pos="X">je</wf>
         <instance id="d000.s2202.t000" lemma="okrenuti" pos="VERB">okrenula</instance>
         <wf lemma="svoje" pos="X">svoje</wf>
         <wf lemma="karte" pos="X">karte</wf>
         <wf lemma="." pos="X">.</wf>
      </sentence>
      <sentence id="d000.s2203" source="wordnet-croatian">
         <wf lemma="Uvijek" pos="X">Uvijek</wf>
         <wf lemma="uz" pos="X">uz</wf>
         <wf lemma="kuhanu" pos="X">kuhanu</wf>
         <instance id="d000.s2203.t000" lemma="govedina" pos="NOUN">govedinu</instance>
         <wf lemma="poslužujem" pos="X">poslužujem</wf>
         <wf lemma="umak" pos="X">umak</wf>
         <wf lemma="od" pos="X">od</wf>
         <wf lemma="hrena" pos="X">hrena</wf>
         <wf lemma="." pos="X">.</wf>
      </sentence>
      <sentence id="d000.s2204" source="wordnet-croatian">
         <wf lemma="Bio" pos="X">Bio</wf>
         <wf lemma="je" pos="X">je</wf>
         <wf lemma="to" pos="X">to</wf>
         <wf lemma="uzaludan" pos="X">uzaludan</wf>
         <instance id="d000.s2204.t000" lemma="pokušaj" pos="NOUN">pokušaj</instance>
         <wf lemma="rješavanja" pos="X">rješavanja</wf>
         <wf lemma="postojećeg" pos="X">postojećeg</wf>
         <wf lemma="problema" pos="X">problema</wf>
         <wf lemma="." pos="X">.</wf>
      </sentence>
      <sentence id="d000.s2205" source="wordnet-croatian">
         <wf lemma="Nekadašnji" pos="X">Nekadašnji</wf>
         <instance id="d000.s2205.t000" lemma="posrednik" pos="NOUN">posrednik</instance>
         <wf lemma="u" pos="X">u</wf>
         <wf lemma="mirovnim" pos="X">mirovnim</wf>
         <wf lemma="pregovorima" pos="X">pregovorima</wf>
         <wf lemma="vratio" pos="X">vratio</wf>
         <wf lemma="se" pos="X">se</wf>
         <wf lemma="u" pos="X">u</wf>
         <wf lemma="zemlju" pos="X">zemlju</wf>
         <wf lemma="." pos="X">.</wf>
      </sentence>
      <sentence id="d000.s2206" source="wordnet-croatian">
         <wf lemma="Penjali" pos="X">Penjali</wf>
         <wf lemma="su" pos="X">su</wf>
         <wf lemma="se" pos="X">se</wf>
         <wf lemma="na" pos="X">na</wf>
         <instance id="d000.s2206.t000" lemma="visok" pos="ADJ">visoku</instance>
         <wf lemma="planinu" pos="X">planinu</wf>
         <wf lemma="." pos="X">.</wf>
      </sentence>
      <sentence id="d000.s2207" source="wordnet-croatian">
         <instance id="d000.s2207.t000" lemma="operacija" pos="NOUN">Operacija</instance>
         <wf lemma="&quot;" pos="X">&quot;</wf>
         <wf lemma="Index" pos="X">Index</wf>
         <wf lemma="&quot;" pos="X">&quot;</wf>
         <wf lemma="provedena" pos="X">provedena</wf>
         <wf lemma="je" pos="X">je</wf>
         <wf lemma="munjevito" pos="X">munjevito</wf>
         <wf lemma="." pos="X">.</wf>
      </sentence>
      <sentence id="d000.s2208" source="wordnet-croatian">
         <wf lemma="Kupio" pos="X">Kupio</wf>
         <wf lemma="sam" pos="X">sam</wf>
         <wf lemma="si" pos="X">si</wf>
         <instance id="d000.s2208.t000" lemma="brzinomjer" pos="NOUN">brzinomjer</instance>
         <wf lemma="za" pos="X">za</wf>
         <wf lemma="bicikl" pos="X">bicikl</wf>
         <wf lemma="." pos="X">.</wf>
      </sentence>
      <sentence id="d000.s2209" source="wordnet-croatian">
         <wf lemma="Prvi" pos="X">Prvi</wf>
         <wf lemma="se" pos="X">se</wf>
         <wf lemma="dokaz" pos="X">dokaz</wf>
         <wf lemma="za" pos="X">za</wf>
         <instance id="d000.s2209.t000" lemma="nemoralnost" pos="NOUN">nemoralnost</instance>
         <wf lemma="rata" pos="X">rata</wf>
         <wf lemma="pronalazi" pos="X">pronalazi</wf>
         <wf lemma="u" pos="X">u</wf>
         <wf lemma="dostojanstvu" pos="X">dostojanstvu</wf>
         <wf lemma="ljudske" pos="X">ljudske</wf>
         <wf lemma="osobe" pos="X">osobe</wf>
         <wf lemma="." pos="X">.</wf>
      </sentence>
      <sentence id="d000.s2210" source="wordnet-croatian">
         <wf lemma="Tek" pos="X">Tek</wf>
         <wf lemma="kupljena" pos="X">kupljena</wf>
         <wf lemma="roba" pos="X">roba</wf>
         <wf lemma="može" pos="X">može</wf>
         <wf lemma="biti" pos="X">biti</wf>
         <wf lemma="puna" pos="X">puna</wf>
         <wf lemma="tjelesnih" pos="X">tjelesnih</wf>
         <instance id="d000.s2210.t000" lemma="izlučevina" pos="NOUN">izlučevina</instance>
         <wf lemma="pa" pos="X">pa</wf>
         <wf lemma="ju" pos="X">ju</wf>
         <wf lemma="je" pos="X">je</wf>
         <wf lemma="dobro" pos="X">dobro</wf>
         <wf lemma="oprati" pos="X">oprati</wf>
         <wf lemma="nakon" pos="X">nakon</wf>
         <wf lemma="kupnje" pos="X">kupnje</wf>
         <wf lemma="." pos="X">.</wf>
      </sentence>
      <sentence id="d000.s2211" source="wordnet-croatian">
         <wf lemma="Ivica" pos="X">Ivica</wf>
         <wf lemma="je" pos="X">je</wf>
         <wf lemma="krušnim" pos="X">krušnim</wf>
         <wf lemma="mrvicama" pos="X">mrvicama</wf>
         <instance id="d000.s2211.t000" lemma="obilježiti" pos="VERB">obilježio</instance>
         <wf lemma="put" pos="X">put</wf>
         <wf lemma="do" pos="X">do</wf>
         <wf lemma="kuće" pos="X">kuće</wf>
         <wf lemma="." pos="X">.</wf>
      </sentence>
      <sentence id="d000.s2212" source="wordnet-croatian">
         <wf lemma="Liječnik" pos="X">Liječnik</wf>
         <wf lemma="je" pos="X">je</wf>
         <instance id="d000.s2212.t000" lemma="opipati" pos="VERB">opipao</instance>
         <wf lemma="bolni" pos="X">bolni</wf>
         <wf lemma="abdomen" pos="X">abdomen</wf>
         <wf lemma="pacijenta" pos="X">pacijenta</wf>
         <wf lemma="." pos="X">.</wf>
      </sentence>
      <sentence id="d000.s2213" source="wordnet-croatian">
         <wf lemma="Nevenova" pos="X">Nevenova</wf>
         <instance id="d000.s2213.t000" lemma="mast" pos="NOUN">mast</instance>
         <wf lemma="pomaže" pos="X">pomaže</wf>
         <wf lemma="u" pos="X">u</wf>
         <wf lemma="zarastanju" pos="X">zarastanju</wf>
         <wf lemma="rana" pos="X">rana</wf>
         <wf lemma="." pos="X">.</wf>
      </sentence>
      <sentence id="d000.s2214" source="wordnet-croatian">
         <wf lemma="Ostali" pos="X">Ostali</wf>
         <wf lemma="smo" pos="X">smo</wf>
         <wf lemma="zapanjeni" pos="X">zapanjeni</wf>
         <instance id="d000.s2214.t000" lemma="veličina" pos="NOUN">veličinom</instance>
         <wf lemma="pustinje" pos="X">pustinje</wf>
         <wf lemma="." pos="X">.</wf>
      </sentence>
      <sentence id="d000.s2215" source="wordnet-croatian">
         <instance id="d000.s2215.t000" lemma="uobičajen" pos="ADJ">Uobičajeno</instance>
         <wf lemma="je" pos="X">je</wf>
         <wf lemma="radno" pos="X">radno</wf>
         <wf lemma="vrijeme" pos="X">vrijeme</wf>
         <wf lemma="8" pos="X">8</wf>
         <wf lemma="sati" pos="X">sati</wf>
         <wf lemma="na" pos="X">na</wf>
         <wf lemma="dan" pos="X">dan</wf>
         <wf lemma="." pos="X">.</wf>
      </sentence>
      <sentence id="d000.s2216" source="wordnet-croatian">
         <wf lemma="Što" pos="X">Što</wf>
         <instance id="d000.s2216.t000" lemma="misliti" pos="VERB">misliš</instance>
         <wf lemma="o" pos="X">o</wf>
         <wf lemma="našoj" pos="X">našoj</wf>
         <wf lemma="novoj" pos="X">novoj</wf>
         <wf lemma="premijerki" pos="X">premijerki</wf>
         <wf lemma="?" pos="X">?</wf>
      </sentence>
      <sentence id="d000.s2217" source="wordnet-croatian">
         <instance id="d000.s2217.t000" lemma="htjeti" pos="VERB">Hoćemo</instance>
         <wf lemma="li" pos="X">li</wf>
         <wf lemma="mu" pos="X">mu</wf>
         <wf lemma="prirediti" pos="X">prirediti</wf>
         <wf lemma="tulum" pos="X">tulum</wf>
         <wf lemma="iznenađenja" pos="X">iznenađenja</wf>
         <wf lemma="?" pos="X">?</wf>
      </sentence>
      <sentence id="d000.s2218" source="wordnet-croatian">
         <wf lemma="Rok" pos="X">Rok</wf>
         <wf lemma="uporabe" pos="X">uporabe</wf>
         <wf lemma="piše" pos="X">piše</wf>
         <wf lemma="na" pos="X">na</wf>
         <instance id="d000.s2218.t000" lemma="poleđina" pos="NOUN">poleđini</instance>
         <wf lemma="." pos="X">.</wf>
      </sentence>
      <sentence id="d000.s2219" source="wordnet-croatian">
         <wf lemma="Svaku" pos="X">Svaku</wf>
         <wf lemma="večer" pos="X">večer</wf>
         <wf lemma="prelista" pos="X">prelista</wf>
         <wf lemma="po" pos="X">po</wf>
         <wf lemma="jedno" pos="X">jedno</wf>
         <instance id="d000.s2219.t000" lemma="poglavlje" pos="NOUN">poglavlje</instance>
         <wf lemma="Uliksa" pos="X">Uliksa</wf>
         <wf lemma="." pos="X">.</wf>
      </sentence>
      <sentence id="d000.s2220" source="wordnet-croatian">
         <wf lemma="Njegov" pos="X">Njegov</wf>
         <wf lemma="odlazak" pos="X">odlazak</wf>
         <wf lemma="s" pos="X">s</wf>
         <wf lemma="vlasti" pos="X">vlasti</wf>
         <wf lemma="može" pos="X">može</wf>
         <wf lemma="se" pos="X">se</wf>
         <wf lemma="smatrati" pos="X">smatrati</wf>
         <instance id="d000.s2220.t000" lemma="nagovještaj" pos="NOUN">nagovještajem</instance>
         <wf lemma="korjenitih" pos="X">korjenitih</wf>
         <wf lemma="promjena" pos="X">promjena</wf>
         <wf lemma="." pos="X">.</wf>
      </sentence>
      <sentence id="d000.s2221" source="wordnet-croatian">
         <wf lemma="Svećenik" pos="X">Svećenik</wf>
         <wf lemma="je" pos="X">je</wf>
         <wf lemma="s" pos="X">s</wf>
         <instance id="d000.s2221.t000" lemma="propovjedaonica" pos="NOUN">propovjedaonice</instance>
         <wf lemma="uputio" pos="X">uputio</wf>
         <wf lemma="vjernicima" pos="X">vjernicima</wf>
         <wf lemma="dirljivu" pos="X">dirljivu</wf>
         <wf lemma="božićnu" pos="X">božićnu</wf>
         <wf lemma="čestitku" pos="X">čestitku</wf>
         <wf lemma="." pos="X">.</wf>
      </sentence>
      <sentence id="d000.s2222" source="wordnet-croatian">
         <wf lemma="Bio" pos="X">Bio</wf>
         <wf lemma="je" pos="X">je</wf>
         <wf lemma="u" pos="X">u</wf>
         <wf lemma="nemilosti" pos="X">nemilosti</wf>
         <wf lemma="zbog" pos="X">zbog</wf>
         <instance id="d000.s2222.t000" lemma="neplaćanje" pos="NOUN">neplaćanja</instance>
         <wf lemma="duga" pos="X">duga</wf>
         <wf lemma="." pos="X">.</wf>
      </sentence>
      <sentence id="d000.s2223" source="wordnet-croatian">
         <instance id="d000.s2223.t000" lemma="mozgati" pos="VERB">Mozgali</instance>
         <wf lemma="smo" pos="X">smo</wf>
         <wf lemma="o" pos="X">o</wf>
         <wf lemma="tome" pos="X">tome</wf>
         <wf lemma="treba" pos="X">treba</wf>
         <wf lemma="li" pos="X">li</wf>
         <wf lemma="predsjkednik" pos="X">predsjkednik</wf>
         <wf lemma="dati" pos="X">dati</wf>
         <wf lemma="ostavku" pos="X">ostavku</wf>
         <wf lemma="nakon" pos="X">nakon</wf>
         <wf lemma="skandala" pos="X">skandala</wf>
         <wf lemma="." pos="X">.</wf>
      </sentence>
      <sentence id="d000.s2224" source="wordnet-croatian">
         <wf lemma="Tužena" pos="X">Tužena</wf>
         <instance id="d000.s2224.t000" lemma="stranka" pos="NOUN">stranka</instance>
         <wf lemma="se" pos="X">se</wf>
         <wf lemma="nije" pos="X">nije</wf>
         <wf lemma="pojavila" pos="X">pojavila</wf>
         <wf lemma="na" pos="X">na</wf>
         <wf lemma="suđenju" pos="X">suđenju</wf>
         <wf lemma="." pos="X">.</wf>
      </sentence>
      <sentence id="d000.s2225" source="wordnet-croatian">
         <wf lemma="Drvosječe" pos="X">Drvosječe</wf>
         <wf lemma="su" pos="X">su</wf>
         <wf lemma="cijeli" pos="X">cijeli</wf>
         <wf lemma="dan" pos="X">dan</wf>
         <instance id="d000.s2225.t000" lemma="obarati" pos="VERB">obarali</instance>
         <wf lemma="stabla" pos="X">stabla</wf>
         <wf lemma="." pos="X">.</wf>
      </sentence>
      <sentence id="d000.s2226" source="wordnet-croatian">
         <wf lemma="Najbolje" pos="X">Najbolje</wf>
         <wf lemma="je" pos="X">je</wf>
         <instance id="d000.s2226.t000" lemma="namirnica" pos="NOUN">namirnice</instance>
         <wf lemma="nabavljati" pos="X">nabavljati</wf>
         <wf lemma="od" pos="X">od</wf>
         <wf lemma="ekoloških" pos="X">ekoloških</wf>
         <wf lemma="uzgajivača" pos="X">uzgajivača</wf>
         <wf lemma="." pos="X">.</wf>
      </sentence>
      <sentence id="d000.s2227" source="wordnet-croatian">
         <wf lemma="Nije" pos="X">Nije</wf>
         <wf lemma="imao" pos="X">imao</wf>
         <wf lemma="pravi" pos="X">pravi</wf>
         <instance id="d000.s2227.t000" lemma="spojnik" pos="NOUN">spojnik</instance>
         <wf lemma="između" pos="X">između</wf>
         <wf lemma="pojačala" pos="X">pojačala</wf>
         <wf lemma="i" pos="X">i</wf>
         <wf lemma="slušalica" pos="X">slušalica</wf>
         <wf lemma="." pos="X">.</wf>
      </sentence>
      <sentence id="d000.s2228" source="wordnet-croatian">
         <wf lemma="On" pos="X">On</wf>
         <wf lemma="je" pos="X">je</wf>
         <instance id="d000.s2228.t000" lemma="prehodati" pos="VERB">prehodao</instance>
         <wf lemma="pola" pos="X">pola</wf>
         <wf lemma="Europe" pos="X">Europe</wf>
         <wf lemma="." pos="X">.</wf>
      </sentence>
      <sentence id="d000.s2229" source="wordnet-croatian">
         <wf lemma="Ne" pos="X">Ne</wf>
         <wf lemma="mogu" pos="X">mogu</wf>
         <wf lemma="to" pos="X">to</wf>
         <wf lemma="kupiti" pos="X">kupiti</wf>
         <wf lemma="jer" pos="X">jer</wf>
         <wf lemma="nemam" pos="X">nemam</wf>
         <wf lemma="ni" pos="X">ni</wf>
         <instance id="d000.s2229.t000" lemma="dinar" pos="NOUN">dinara</instance>
         <wf lemma="." pos="X">.</wf>
      </sentence>
      <sentence id="d000.s2230" source="wordnet-croatian">
         <instance id="d000.s2230.t000" lemma="ozdravljati" pos="VERB">Ozdravljao</instance>
         <wf lemma="je" pos="X">je</wf>
         <wf lemma="bolesnike" pos="X">bolesnike</wf>
         <wf lemma="," pos="X">,</wf>
         <wf lemma="izgonio" pos="X">izgonio</wf>
         <wf lemma="zloduhe" pos="X">zloduhe</wf>
         <wf lemma="i" pos="X">i</wf>
         <wf lemma="oživljavao" pos="X">oživljavao</wf>
         <wf lemma="mrtvace" pos="X">mrtvace</wf>
         <wf lemma="." pos="X">.</wf>
      </sentence>
      <sentence id="d000.s2231" source="wordnet-croatian">
         <wf lemma="Nije" pos="X">Nije</wf>
         <wf lemma="lako" pos="X">lako</wf>
         <wf lemma="opisati" pos="X">opisati</wf>
         <instance id="d000.s2231.t000" lemma="osobenost" pos="NOUN">osobenost</instance>
         <wf lemma="jedne" pos="X">jedne</wf>
         <wf lemma="ili" pos="X">ili</wf>
         <wf lemma="druge" pos="X">druge</wf>
         <wf lemma="nacije" pos="X">nacije</wf>
         <wf lemma="." pos="X">.</wf>
      </sentence>
      <sentence id="d000.s2232" source="wordnet-croatian">
         <wf lemma="Bez" pos="X">Bez</wf>
         <wf lemma="vaganaja" pos="X">vaganaja</wf>
         <wf lemma="je" pos="X">je</wf>
         <wf lemma="u" pos="X">u</wf>
         <wf lemma="stanju" pos="X">stanju</wf>
         <instance id="d000.s2232.t000" lemma="ocijeniti" pos="VERB">ocijeniti</instance>
         <wf lemma="težinu" pos="X">težinu</wf>
         <wf lemma="svake" pos="X">svake</wf>
         <wf lemma="lubenice" pos="X">lubenice</wf>
         <wf lemma="." pos="X">.</wf>
      </sentence>
      <sentence id="d000.s2233" source="wordnet-croatian">
         <wf lemma="Bilo" pos="X">Bilo</wf>
         <wf lemma="joj" pos="X">joj</wf>
         <wf lemma="je" pos="X">je</wf>
         <wf lemma="vruće" pos="X">vruće</wf>
         <wf lemma="," pos="X">,</wf>
         <wf lemma="iako" pos="X">iako</wf>
         <wf lemma="je" pos="X">je</wf>
         <wf lemma="na" pos="X">na</wf>
         <wf lemma="sebi" pos="X">sebi</wf>
         <wf lemma="imala" pos="X">imala</wf>
         <wf lemma="samo" pos="X">samo</wf>
         <wf lemma="vruće" pos="X">vruće</wf>
         <wf lemma="hlačice" pos="X">hlačice</wf>
         <wf lemma="i" pos="X">i</wf>
         <wf lemma="majicu" pos="X">majicu</wf>
         <wf lemma="na" pos="X">na</wf>
         <instance id="d000.s2233.t000" lemma="bretela" pos="NOUN">bretele</instance>
         <wf lemma="." pos="X">.</wf>
      </sentence>
      <sentence id="d000.s2234" source="wordnet-croatian">
         <instance id="d000.s2234.t000" lemma="čitati" pos="VERB">Čitaš</instance>
         <wf lemma="li" pos="X">li</wf>
         <wf lemma="grčki" pos="X">grčki</wf>
         <wf lemma="?" pos="X">?</wf>
      </sentence>
      <sentence id="d000.s2235" source="wordnet-croatian">
         <wf lemma="Ančić" pos="X">Ančić</wf>
         <wf lemma="je" pos="X">je</wf>
         <wf lemma="zabilježio" pos="X">zabilježio</wf>
         <wf lemma="veliki" pos="X">veliki</wf>
         <instance id="d000.s2235.t000" lemma="skok" pos="NOUN">skok</instance>
         <wf lemma="na" pos="X">na</wf>
         <wf lemma="ljestvici" pos="X">ljestvici</wf>
         <wf lemma="najboljih" pos="X">najboljih</wf>
         <wf lemma="tenisača" pos="X">tenisača</wf>
         <wf lemma="svijeta" pos="X">svijeta</wf>
         <wf lemma="." pos="X">.</wf>
      </sentence>
      <sentence id="d000.s2236" source="wordnet-croatian">
         <wf lemma="Tvoja" pos="X">Tvoja</wf>
         <instance id="d000.s2236.t000" lemma="pakost" pos="NOUN">pakost</instance>
         <wf lemma="ga" pos="X">ga</wf>
         <wf lemma="je" pos="X">je</wf>
         <wf lemma="otjerala" pos="X">otjerala</wf>
         <wf lemma="u" pos="X">u</wf>
         <wf lemma="grob" pos="X">grob</wf>
         <wf lemma="." pos="X">.</wf>
      </sentence>
      <sentence id="d000.s2237" source="wordnet-croatian">
         <instance id="d000.s2237.t000" lemma="protestirati" pos="VERB">Protestirali</instance>
         <wf lemma="su" pos="X">su</wf>
         <wf lemma="protiv" pos="X">protiv</wf>
         <wf lemma="novog" pos="X">novog</wf>
         <wf lemma="zakona" pos="X">zakona</wf>
         <wf lemma="o" pos="X">o</wf>
         <wf lemma="umjetnoj" pos="X">umjetnoj</wf>
         <wf lemma="oplodnji" pos="X">oplodnji</wf>
         <wf lemma="." pos="X">.</wf>
      </sentence>
      <sentence id="d000.s2238" source="wordnet-croatian">
         <wf lemma="Tvornica" pos="X">Tvornica</wf>
         <wf lemma="je" pos="X">je</wf>
         <wf lemma="stavljala" pos="X">stavljala</wf>
         <wf lemma="jedinstven" pos="X">jedinstven</wf>
         <instance id="d000.s2238.t000" lemma="biljeg" pos="NOUN">biljeg</instance>
         <wf lemma="na" pos="X">na</wf>
         <wf lemma="sve" pos="X">sve</wf>
         <wf lemma="svoje" pos="X">svoje</wf>
         <wf lemma="proizvode" pos="X">proizvode</wf>
         <wf lemma="." pos="X">.</wf>
      </sentence>
      <sentence id="d000.s2239" source="wordnet-croatian">
         <wf lemma="Kamion" pos="X">Kamion</wf>
         <wf lemma="je" pos="X">je</wf>
         <wf lemma="prevozio" pos="X">prevozio</wf>
         <instance id="d000.s2239.t000" lemma="lagan" pos="ADJ">lagan</instance>
         <wf lemma="teret" pos="X">teret</wf>
         <wf lemma="." pos="X">.</wf>
      </sentence>
      <sentence id="d000.s2240" source="wordnet-croatian">
         <wf lemma="U" pos="X">U</wf>
         <wf lemma="njegovim" pos="X">njegovim</wf>
         <wf lemma="je" pos="X">je</wf>
         <wf lemma="tekstovima" pos="X">tekstovima</wf>
         <wf lemma="uočila" pos="X">uočila</wf>
         <wf lemma="brojne" pos="X">brojne</wf>
         <instance id="d000.s2240.t000" lemma="različitost" pos="NOUN">različitosti</instance>
         <wf lemma="u" pos="X">u</wf>
         <wf lemma="odnosu" pos="X">odnosu</wf>
         <wf lemma="na" pos="X">na</wf>
         <wf lemma="ekspresionizam" pos="X">ekspresionizam</wf>
         <wf lemma="." pos="X">.</wf>
      </sentence>
      <sentence id="d000.s2241" source="wordnet-croatian">
         <wf lemma="Imali" pos="X">Imali</wf>
         <wf lemma="su" pos="X">su</wf>
         <instance id="d000.s2241.t000" lemma="različit" pos="ADJ">različita</instance>
         <wf lemma="stajališta" pos="X">stajališta</wf>
         <wf lemma="o" pos="X">o</wf>
         <wf lemma="problemu" pos="X">problemu</wf>
         <wf lemma="." pos="X">.</wf>
      </sentence>
      <sentence id="d000.s2242" source="wordnet-croatian">
         <wf lemma="Zaboravila" pos="X">Zaboravila</wf>
         <wf lemma="sam" pos="X">sam</wf>
         <instance id="d000.s2242.t000" lemma="spisak" pos="NOUN">spisak</instance>
         <wf lemma="namirnica" pos="X">namirnica</wf>
         <wf lemma="koje" pos="X">koje</wf>
         <wf lemma="trebam" pos="X">trebam</wf>
         <wf lemma="kupiti" pos="X">kupiti</wf>
         <wf lemma="." pos="X">.</wf>
      </sentence>
      <sentence id="d000.s2243" source="wordnet-croatian">
         <instance id="d000.s2243.t000" lemma="zvonjava" pos="NOUN">Zvonjava</instance>
         <wf lemma="zove" pos="X">zove</wf>
         <wf lemma="na" pos="X">na</wf>
         <wf lemma="misu" pos="X">misu</wf>
         <wf lemma="." pos="X">.</wf>
      </sentence>
      <sentence id="d000.s2244" source="wordnet-croatian">
         <wf lemma="Nakon" pos="X">Nakon</wf>
         <wf lemma="dugog" pos="X">dugog</wf>
         <wf lemma="razdoblja" pos="X">razdoblja</wf>
         <wf lemma="depresije" pos="X">depresije</wf>
         <wf lemma="odlučila" pos="X">odlučila</wf>
         <wf lemma="je" pos="X">je</wf>
         <wf lemma="početi" pos="X">početi</wf>
         <instance id="d000.s2244.t000" lemma="živjeti" pos="VERB">živjeti</instance>
         <wf lemma="punim" pos="X">punim</wf>
         <wf lemma="plućima" pos="X">plućima</wf>
         <wf lemma="." pos="X">.</wf>
      </sentence>
      <sentence id="d000.s2245" source="wordnet-croatian">
         <wf lemma="Hladna" pos="X">Hladna</wf>
         <wf lemma="voda" pos="X">voda</wf>
         <instance id="d000.s2245.t000" lemma="utažiti" pos="VERB">utažila</instance>
         <wf lemma="je" pos="X">je</wf>
         <wf lemma="njegovu" pos="X">njegovu</wf>
         <wf lemma="žeđ." pos="X">žeđ.</wf>
      </sentence>
      <sentence id="d000.s2246" source="wordnet-croatian">
         <instance id="d000.s2246.t000" lemma="dobiti" pos="VERB">Dobio</instance>
         <wf lemma="sam" pos="X">sam</wf>
         <wf lemma="osip" pos="X">osip</wf>
         <wf lemma="po" pos="X">po</wf>
         <wf lemma="cijelom" pos="X">cijelom</wf>
         <wf lemma="tijelu" pos="X">tijelu</wf>
         <wf lemma="." pos="X">.</wf>
      </sentence>
      <sentence id="d000.s2247" source="wordnet-croatian">
         <wf lemma="Nemoj" pos="X">Nemoj</wf>
         <wf lemma="me" pos="X">me</wf>
         <instance id="d000.s2247.t000" lemma="uvlačiti" pos="VERB">uvlačiti</instance>
         <wf lemma="u" pos="X">u</wf>
         <wf lemma="svoje" pos="X">svoje</wf>
         <wf lemma="privatne" pos="X">privatne</wf>
         <wf lemma="probleme" pos="X">probleme</wf>
         <wf lemma="!" pos="X">!</wf>
      </sentence>
      <sentence id="d000.s2248" source="wordnet-croatian">
         <instance id="d000.s2248.t000" lemma="lagan" pos="ADJ">Lagan</instance>
         <wf lemma="snijeg" pos="X">snijeg</wf>
         <wf lemma="lepršao" pos="X">lepršao</wf>
         <wf lemma="je" pos="X">je</wf>
         <wf lemma="nad" pos="X">nad</wf>
         <wf lemma="gradom" pos="X">gradom</wf>
         <wf lemma="." pos="X">.</wf>
      </sentence>
      <sentence id="d000.s2249" source="wordnet-croatian">
         <instance id="d000.s2249.t000" lemma="otkriti" pos="VERB">Otkrio</instance>
         <wf lemma="sam" pos="X">sam</wf>
         <wf lemma="je" pos="X">je</wf>
         <wf lemma="Radovan" pos="X">Radovan</wf>
         <wf lemma="prije" pos="X">prije</wf>
         <wf lemma="operacije" pos="X">operacije</wf>
         <wf lemma="bio" pos="X">bio</wf>
         <wf lemma="žena" pos="X">žena</wf>
         <wf lemma="." pos="X">.</wf>
      </sentence>
      <sentence id="d000.s2250" source="wordnet-croatian">
         <instance id="d000.s2250.t000" lemma="oružje" pos="NOUN">Oružje</instance>
         <wf lemma="je" pos="X">je</wf>
         <wf lemma="najsigurnije" pos="X">najsigurnije</wf>
         <wf lemma="čuvati" pos="X">čuvati</wf>
         <wf lemma="zaključano" pos="X">zaključano</wf>
         <wf lemma="." pos="X">.</wf>
      </sentence>
      <sentence id="d000.s2251" source="wordnet-croatian">
         <wf lemma="Marta" pos="X">Marta</wf>
         <wf lemma="je" pos="X">je</wf>
         <wf lemma="za" pos="X">za</wf>
         <wf lemma="treći" pos="X">treći</wf>
         <wf lemma="rođendan" pos="X">rođendan</wf>
         <wf lemma="dobila" pos="X">dobila</wf>
         <wf lemma="svoj" pos="X">svoj</wf>
         <wf lemma="prvi" pos="X">prvi</wf>
         <instance id="d000.s2251.t000" lemma="bicikl" pos="NOUN">bicikl</instance>
         <wf lemma="." pos="X">.</wf>
      </sentence>
      <sentence id="d000.s2252" source="wordnet-croatian">
         <wf lemma="Požar" pos="X">Požar</wf>
         <wf lemma="je" pos="X">je</wf>
         <wf lemma="nanio" pos="X">nanio</wf>
         <wf lemma="ozbiljnu" pos="X">ozbiljnu</wf>
         <instance id="d000.s2252.t000" lemma="šteta" pos="NOUN">štetu</instance>
         <wf lemma="njihovom" pos="X">njihovom</wf>
         <wf lemma="poslovanju" pos="X">poslovanju</wf>
         <wf lemma="." pos="X">.</wf>
      </sentence>
      <sentence id="d000.s2253" source="wordnet-croatian">
         <wf lemma="SOS" pos="X">SOS</wf>
         <wf lemma="je" pos="X">je</wf>
         <instance id="d000.s2253.t000" lemma="poruka" pos="NOUN">poruka</instance>
         <wf lemma="koja" pos="X">koja</wf>
         <wf lemma="označava" pos="X">označava</wf>
         <wf lemma="opasnost" pos="X">opasnost</wf>
         <wf lemma="." pos="X">.</wf>
      </sentence>
      <sentence id="d000.s2254" source="wordnet-croatian">
         <wf lemma="Novogodišnji" pos="X">Novogodišnji</wf>
         <wf lemma="me" pos="X">me</wf>
         <instance id="d000.s2254.t000" lemma="program" pos="NOUN">program</instance>
         <wf lemma="ove" pos="X">ove</wf>
         <wf lemma="godine" pos="X">godine</wf>
         <wf lemma="oduševio" pos="X">oduševio</wf>
         <wf lemma="." pos="X">.</wf>
      </sentence>
      <sentence id="d000.s2255" source="wordnet-croatian">
         <wf lemma="Bake" pos="X">Bake</wf>
         <wf lemma="često" pos="X">često</wf>
         <instance id="d000.s2255.t000" lemma="razmaziti" pos="VERB">razmaze</instance>
         <wf lemma="unuke" pos="X">unuke</wf>
         <wf lemma="." pos="X">.</wf>
      </sentence>
      <sentence id="d000.s2256" source="wordnet-croatian">
         <wf lemma="Ona" pos="X">Ona</wf>
         <wf lemma="je" pos="X">je</wf>
         <instance id="d000.s2256.t000" lemma="napisati" pos="VERB">napisala</instance>
         <wf lemma="roman" pos="X">roman</wf>
         <wf lemma="." pos="X">.</wf>
      </sentence>
      <sentence id="d000.s2257" source="wordnet-croatian">
         <wf lemma="Zemlja" pos="X">Zemlja</wf>
         <wf lemma="ima" pos="X">ima</wf>
         <wf lemma="brojne" pos="X">brojne</wf>
         <wf lemma="umjetne" pos="X">umjetne</wf>
         <instance id="d000.s2257.t000" lemma="satelit" pos="NOUN">satelite</instance>
         <wf lemma="." pos="X">.</wf>
      </sentence>
      <sentence id="d000.s2258" source="wordnet-croatian">
         <wf lemma="Golf" pos="X">Golf</wf>
         <wf lemma="se" pos="X">se</wf>
         <wf lemma="razvio" pos="X">razvio</wf>
         <wf lemma="u" pos="X">u</wf>
         <wf lemma="Istri" pos="X">Istri</wf>
         <wf lemma="izgradnjom" pos="X">izgradnjom</wf>
         <wf lemma="mnogih" pos="X">mnogih</wf>
         <instance id="d000.s2258.t000" lemma="golf" pos="NOUN">golf</instance>
         <wf lemma="terena" pos="X">terena</wf>
         <wf lemma="." pos="X">.</wf>
      </sentence>
      <sentence id="d000.s2259" source="wordnet-croatian">
         <wf lemma="Uživala" pos="X">Uživala</wf>
         <wf lemma="je" pos="X">je</wf>
         <wf lemma="u" pos="X">u</wf>
         <wf lemma="pripremanju" pos="X">pripremanju</wf>
         <wf lemma="jela" pos="X">jela</wf>
         <wf lemma="u" pos="X">u</wf>
         <wf lemma="svojoj" pos="X">svojoj</wf>
         <wf lemma="novoj" pos="X">novoj</wf>
         <instance id="d000.s2259.t000" lemma="kuhinja" pos="NOUN">kuhinji</instance>
         <wf lemma="." pos="X">.</wf>
      </sentence>
      <sentence id="d000.s2260" source="wordnet-croatian">
         <wf lemma="U" pos="X">U</wf>
         <instance id="d000.s2260.t000" lemma="veljača" pos="NOUN">veljači</instance>
         <wf lemma="počinje" pos="X">počinje</wf>
         <wf lemma="cvasti" pos="X">cvasti</wf>
         <wf lemma="prvo" pos="X">prvo</wf>
         <wf lemma="proljetno" pos="X">proljetno</wf>
         <wf lemma="cvijeće" pos="X">cvijeće</wf>
         <wf lemma="." pos="X">.</wf>
      </sentence>
      <sentence id="d000.s2261" source="wordnet-croatian">
         <wf lemma="Svi" pos="X">Svi</wf>
         <wf lemma="su" pos="X">su</wf>
         <wf lemma="znali" pos="X">znali</wf>
         <wf lemma="za" pos="X">za</wf>
         <wf lemma="Mirkove" pos="X">Mirkove</wf>
         <wf lemma="ljubavne" pos="X">ljubavne</wf>
         <instance id="d000.s2261.t000" lemma="jad" pos="NOUN">jade</instance>
         <wf lemma="." pos="X">.</wf>
      </sentence>
      <sentence id="d000.s2262" source="wordnet-croatian">
         <wf lemma="Narodu" pos="X">Narodu</wf>
         <wf lemma="je" pos="X">je</wf>
         <wf lemma="već" pos="X">već</wf>
         <instance id="d000.s2262.t000" lemma="muka" pos="NOUN">muka</instance>
         <wf lemma="od" pos="X">od</wf>
         <wf lemma="stalnih" pos="X">stalnih</wf>
         <wf lemma="laži" pos="X">laži</wf>
         <wf lemma="." pos="X">.</wf>
      </sentence>
      <sentence id="d000.s2263" source="wordnet-croatian">
         <wf lemma="Mnoge" pos="X">Mnoge</wf>
         <wf lemma="ulazno/izlazne" pos="X">ulazno/izlazne</wf>
         <wf lemma="(" pos="X">(</wf>
         <wf lemma="I/O" pos="X">I/O</wf>
         <wf lemma=")" pos="X">)</wf>
         <instance id="d000.s2263.t000" lemma="rutina" pos="NOUN">rutine</instance>
         <wf lemma="ne" pos="X">ne</wf>
         <wf lemma="vraćaju" pos="X">vraćaju</wf>
         <wf lemma="status" pos="X">status</wf>
         <wf lemma="(" pos="X">(</wf>
         <wf lemma="npr." pos="X">npr.</wf>
         <wf lemma="Reset" pos="X">Reset</wf>
         <wf lemma=")" pos="X">)</wf>
         <wf lemma="." pos="X">.</wf>
      </sentence>
      <sentence id="d000.s2264" source="wordnet-croatian">
         <wf lemma="Rana" pos="X">Rana</wf>
         <wf lemma="na" pos="X">na</wf>
         <wf lemma="mojoj" pos="X">mojoj</wf>
         <wf lemma="nozi" pos="X">nozi</wf>
         <wf lemma="je" pos="X">je</wf>
         <wf lemma="napokon" pos="X">napokon</wf>
         <instance id="d000.s2264.t000" lemma="zarasti" pos="VERB">zarasla</instance>
         <wf lemma="." pos="X">.</wf>
      </sentence>
      <sentence id="d000.s2265" source="wordnet-croatian">
         <wf lemma="Mama" pos="X">Mama</wf>
         <wf lemma="je" pos="X">je</wf>
         <wf lemma="djeci" pos="X">djeci</wf>
         <wf lemma="svako" pos="X">svako</wf>
         <wf lemma="jutro" pos="X">jutro</wf>
         <instance id="d000.s2265.t000" lemma="svezivati" pos="VERB">svezivala</instance>
         <wf lemma="vezice" pos="X">vezice</wf>
         <wf lemma="na" pos="X">na</wf>
         <wf lemma="cipelama" pos="X">cipelama</wf>
         <wf lemma="." pos="X">.</wf>
      </sentence>
      <sentence id="d000.s2266" source="wordnet-croatian">
         <wf lemma="U" pos="X">U</wf>
         <wf lemma="teškoj" pos="X">teškoj</wf>
         <wf lemma="prometnoj" pos="X">prometnoj</wf>
         <wf lemma="nesreći" pos="X">nesreći</wf>
         <wf lemma="poginula" pos="X">poginula</wf>
         <wf lemma="su" pos="X">su</wf>
         <wf lemma="trojica" pos="X">trojica</wf>
         <instance id="d000.s2266.t000" lemma="mladić" pos="NOUN">mladića</instance>
         <wf lemma="." pos="X">.</wf>
      </sentence>
      <sentence id="d000.s2267" source="wordnet-croatian">
         <wf lemma="Sa" pos="X">Sa</wf>
         <wf lemma="svake" pos="X">svake</wf>
         <wf lemma="strane" pos="X">strane</wf>
         <wf lemma="kreveta" pos="X">kreveta</wf>
         <wf lemma="stajao" pos="X">stajao</wf>
         <wf lemma="je" pos="X">je</wf>
         <wf lemma="malen" pos="X">malen</wf>
         <instance id="d000.s2267.t000" lemma="ormarić" pos="NOUN">ormarić</instance>
         <wf lemma="." pos="X">.</wf>
      </sentence>
      <sentence id="d000.s2268" source="wordnet-croatian">
         <wf lemma="Danas" pos="X">Danas</wf>
         <wf lemma="smo" pos="X">smo</wf>
         <wf lemma="za" pos="X">za</wf>
         <wf lemma="ručak" pos="X">ručak</wf>
         <wf lemma="imali" pos="X">imali</wf>
         <instance id="d000.s2268.t000" lemma="puretina" pos="NOUN">puretinu</instance>
         <wf lemma="u" pos="X">u</wf>
         <wf lemma="umaku" pos="X">umaku</wf>
         <wf lemma="od" pos="X">od</wf>
         <wf lemma="gljiva" pos="X">gljiva</wf>
         <wf lemma="." pos="X">.</wf>
      </sentence>
      <sentence id="d000.s2269" source="wordnet-croatian">
         <wf lemma="Našao" pos="X">Našao</wf>
         <wf lemma="se" pos="X">se</wf>
         <wf lemma="u" pos="X">u</wf>
         <instance id="d000.s2269.t000" lemma="težak" pos="ADJ">teškoj</instance>
         <wf lemma="situaciji" pos="X">situaciji</wf>
         <wf lemma="i" pos="X">i</wf>
         <wf lemma="trebala" pos="X">trebala</wf>
         <wf lemma="mu" pos="X">mu</wf>
         <wf lemma="je" pos="X">je</wf>
         <wf lemma="pomoć" pos="X">pomoć</wf>
         <wf lemma="." pos="X">.</wf>
      </sentence>
      <sentence id="d000.s2270" source="wordnet-croatian">
         <instance id="d000.s2270.t000" lemma="uložak" pos="NOUN">Uložak</instance>
         <wf lemma="je" pos="X">je</wf>
         <wf lemma="napravljen" pos="X">napravljen</wf>
         <wf lemma="od" pos="X">od</wf>
         <wf lemma="memorijske" pos="X">memorijske</wf>
         <wf lemma="pjene" pos="X">pjene</wf>
         <wf lemma="." pos="X">.</wf>
      </sentence>
      <sentence id="d000.s2271" source="wordnet-croatian">
         <wf lemma="Cijela" pos="X">Cijela</wf>
         <wf lemma="je" pos="X">je</wf>
         <wf lemma="akcija" pos="X">akcija</wf>
         <wf lemma="poprimila" pos="X">poprimila</wf>
         <wf lemma="krivi" pos="X">krivi</wf>
         <instance id="d000.s2271.t000" lemma="kurs" pos="NOUN">kurs</instance>
         <wf lemma="!" pos="X">!</wf>
      </sentence>
      <sentence id="d000.s2272" source="wordnet-croatian">
         <instance id="d000.s2272.t000" lemma="osjetiti" pos="VERB">Osjetila</instance>
         <wf lemma="je" pos="X">je</wf>
         <wf lemma="snažan" pos="X">snažan</wf>
         <wf lemma="bijes" pos="X">bijes</wf>
         <wf lemma="kad" pos="X">kad</wf>
         <wf lemma="su" pos="X">su</wf>
         <wf lemma="joj" pos="X">joj</wf>
         <wf lemma="rekli" pos="X">rekli</wf>
         <wf lemma="da" pos="X">da</wf>
         <wf lemma="mora" pos="X">mora</wf>
         <wf lemma="ići" pos="X">ići</wf>
         <wf lemma="u" pos="X">u</wf>
         <wf lemma="banku" pos="X">banku</wf>
         <wf lemma="po" pos="X">po</wf>
         <wf lemma="novce" pos="X">novce</wf>
         <wf lemma="." pos="X">.</wf>
      </sentence>
      <sentence id="d000.s2273" source="wordnet-croatian">
         <wf lemma="Željezo" pos="X">Željezo</wf>
         <wf lemma="nakon" pos="X">nakon</wf>
         <wf lemma="nekog" pos="X">nekog</wf>
         <wf lemma="vremena" pos="X">vremena</wf>
         <wf lemma="prirodno" pos="X">prirodno</wf>
         <instance id="d000.s2273.t000" lemma="deteriorirati" pos="VERB">deteriorira</instance>
         <wf lemma="i" pos="X">i</wf>
         <wf lemma="pojavljuje" pos="X">pojavljuje</wf>
         <wf lemma="se" pos="X">se</wf>
         <wf lemma="hrđa" pos="X">hrđa</wf>
         <wf lemma="." pos="X">.</wf>
      </sentence>
      <sentence id="d000.s2274" source="wordnet-croatian">
         <instance id="d000.s2274.t000" lemma="maknuti" pos="VERB">Maknula</instance>
         <wf lemma="je" pos="X">je</wf>
         <wf lemma="prljave" pos="X">prljave</wf>
         <wf lemma="tanjure" pos="X">tanjure</wf>
         <wf lemma="sa" pos="X">sa</wf>
         <wf lemma="stola" pos="X">stola</wf>
         <wf lemma="." pos="X">.</wf>
      </sentence>
      <sentence id="d000.s2275" source="wordnet-croatian">
         <wf lemma="Mozartove" pos="X">Mozartove</wf>
         <instance id="d000.s2275.t000" lemma="skladba" pos="NOUN">skladbe</instance>
         <wf lemma="svi" pos="X">svi</wf>
         <wf lemma="rado" pos="X">rado</wf>
         <wf lemma="slušaju" pos="X">slušaju</wf>
         <wf lemma="." pos="X">.</wf>
      </sentence>
      <sentence id="d000.s2276" source="wordnet-croatian">
         <wf lemma="Obuzeo" pos="X">Obuzeo</wf>
         <wf lemma="ju" pos="X">ju</wf>
         <wf lemma="je" pos="X">je</wf>
         <wf lemma="neki" pos="X">neki</wf>
         <wf lemma="neobjašnjiv" pos="X">neobjašnjiv</wf>
         <instance id="d000.s2276.t000" lemma="nemir" pos="NOUN">nemir</instance>
         <wf lemma="pa" pos="X">pa</wf>
         <wf lemma="si" pos="X">si</wf>
         <wf lemma="je" pos="X">je</wf>
         <wf lemma="skuhala" pos="X">skuhala</wf>
         <wf lemma="čaj" pos="X">čaj</wf>
         <wf lemma="." pos="X">.</wf>
      </sentence>
      <sentence id="d000.s2277" source="wordnet-croatian">
         <wf lemma="Njegova" pos="X">Njegova</wf>
         <wf lemma="je" pos="X">je</wf>
         <wf lemma="smrt" pos="X">smrt</wf>
         <wf lemma="označila" pos="X">označila</wf>
         <instance id="d000.s2277.t000" lemma="kraj" pos="NOUN">kraj</instance>
         <wf lemma="jedne" pos="X">jedne</wf>
         <wf lemma="ere" pos="X">ere</wf>
         <wf lemma="." pos="X">.</wf>
      </sentence>
      <sentence id="d000.s2278" source="wordnet-croatian">
         <wf lemma="Svi" pos="X">Svi</wf>
         <wf lemma="igrači" pos="X">igrači</wf>
         <wf lemma="u" pos="X">u</wf>
         <wf lemma="momčadi" pos="X">momčadi</wf>
         <wf lemma="djelovali" pos="X">djelovali</wf>
         <wf lemma="su" pos="X">su</wf>
         <wf lemma="kao" pos="X">kao</wf>
         <instance id="d000.s2278.t000" lemma="cjelina" pos="NOUN">cjelina</instance>
         <wf lemma="." pos="X">.</wf>
      </sentence>
      <sentence id="d000.s2279" source="wordnet-croatian">
         <wf lemma="Gledao" pos="X">Gledao</wf>
         <wf lemma="je" pos="X">je</wf>
         <wf lemma="televizor" pos="X">televizor</wf>
         <wf lemma="svaku" pos="X">svaku</wf>
         <instance id="d000.s2279.t000" lemma="večer" pos="NOUN">večer</instance>
         <wf lemma="." pos="X">.</wf>
      </sentence>
      <sentence id="d000.s2280" source="wordnet-croatian">
         <instance id="d000.s2280.t000" lemma="sekretarica" pos="NOUN">Sekretarice</instance>
         <wf lemma="su" pos="X">su</wf>
         <wf lemma="poznate" pos="X">poznate</wf>
         <wf lemma="po" pos="X">po</wf>
         <wf lemma="svojim" pos="X">svojim</wf>
         <wf lemma="daktilografskim" pos="X">daktilografskim</wf>
         <wf lemma="sposobnostima" pos="X">sposobnostima</wf>
         <wf lemma="." pos="X">.</wf>
      </sentence>
      <sentence id="d000.s2281" source="wordnet-croatian">
         <wf lemma="Nikako" pos="X">Nikako</wf>
         <wf lemma="ne" pos="X">ne</wf>
         <wf lemma="mogu" pos="X">mogu</wf>
         <instance id="d000.s2281.t000" lemma="povezati" pos="VERB">povezati</instance>
         <wf lemma="ta" pos="X">ta</wf>
         <wf lemma="dva" pos="X">dva</wf>
         <wf lemma="događaja" pos="X">događaja</wf>
         <wf lemma="." pos="X">.</wf>
      </sentence>
      <sentence id="d000.s2282" source="wordnet-croatian">
         <wf lemma="Nikad" pos="X">Nikad</wf>
         <wf lemma="nisam" pos="X">nisam</wf>
         <wf lemma="naučila" pos="X">naučila</wf>
         <wf lemma="igrati" pos="X">igrati</wf>
         <wf lemma="s" pos="X">s</wf>
         <wf lemma="talijanskim" pos="X">talijanskim</wf>
         <instance id="d000.s2282.t000" lemma="karta" pos="NOUN">kartama</instance>
         <wf lemma="." pos="X">.</wf>
      </sentence>
      <sentence id="d000.s2283" source="wordnet-croatian">
         <wf lemma="Nakon" pos="X">Nakon</wf>
         <wf lemma="smrti" pos="X">smrti</wf>
         <wf lemma="majke" pos="X">majke</wf>
         <wf lemma="odrastao" pos="X">odrastao</wf>
         <wf lemma="je" pos="X">je</wf>
         <wf lemma="s" pos="X">s</wf>
         <instance id="d000.s2283.t000" lemma="ujak" pos="NOUN">ujakom</instance>
         <wf lemma="." pos="X">.</wf>
      </sentence>
      <sentence id="d000.s2284" source="wordnet-croatian">
         <wf lemma="Razlika" pos="X">Razlika</wf>
         <wf lemma="između" pos="X">između</wf>
         <wf lemma="geografskog" pos="X">geografskog</wf>
         <wf lemma="i" pos="X">i</wf>
         <wf lemma="magnetskog" pos="X">magnetskog</wf>
         <instance id="d000.s2284.t000" lemma="sjever" pos="NOUN">sjevera</instance>
         <wf lemma="poznata" pos="X">poznata</wf>
         <wf lemma="je" pos="X">je</wf>
         <wf lemma="kao" pos="X">kao</wf>
         <wf lemma="magnetska" pos="X">magnetska</wf>
         <wf lemma="varijacija" pos="X">varijacija</wf>
         <wf lemma="." pos="X">.</wf>
      </sentence>
      <sentence id="d000.s2285" source="wordnet-croatian">
         <wf lemma="Kvalitetan" pos="X">Kvalitetan</wf>
         <wf lemma="bi" pos="X">bi</wf>
         <instance id="d000.s2285.t000" lemma="kardigan" pos="NOUN">kardigan</instance>
         <wf lemma="trebao" pos="X">trebao</wf>
         <wf lemma="biti" pos="X">biti</wf>
         <wf lemma="u" pos="X">u</wf>
         <wf lemma="ormaru" pos="X">ormaru</wf>
         <wf lemma="svakoga" pos="X">svakoga</wf>
         <wf lemma="muškarca" pos="X">muškarca</wf>
         <wf lemma="." pos="X">.</wf>
      </sentence>
      <sentence id="d000.s2286" source="wordnet-croatian">
         <wf lemma="Nije" pos="X">Nije</wf>
         <wf lemma="imao" pos="X">imao</wf>
         <wf lemma="odgovarajući" pos="X">odgovarajući</wf>
         <instance id="d000.s2286.t000" lemma="šaraf" pos="NOUN">šaraf</instance>
         <wf lemma="pa" pos="X">pa</wf>
         <wf lemma="je" pos="X">je</wf>
         <wf lemma="skoknuo" pos="X">skoknuo</wf>
         <wf lemma="do" pos="X">do</wf>
         <wf lemma="trgovine" pos="X">trgovine</wf>
         <wf lemma="građevinskom" pos="X">građevinskom</wf>
         <wf lemma="opremom" pos="X">opremom</wf>
         <wf lemma="." pos="X">.</wf>
      </sentence>
      <sentence id="d000.s2287" source="wordnet-croatian">
         <wf lemma="Penicilin" pos="X">Penicilin</wf>
         <wf lemma="je" pos="X">je</wf>
         <instance id="d000.s2287.t000" lemma="izliječiti" pos="VERB">izliječio</instance>
         <wf lemma="mnoge" pos="X">mnoge</wf>
         <wf lemma="infektivne" pos="X">infektivne</wf>
         <wf lemma="bolesti" pos="X">bolesti</wf>
         <wf lemma="." pos="X">.</wf>
      </sentence>
      <sentence id="d000.s2288" source="wordnet-croatian">
         <instance id="d000.s2288.t000" lemma="anizotropija" pos="NOUN">Anizotropija</instance>
         <wf lemma="je" pos="X">je</wf>
         <wf lemma="prvi" pos="X">prvi</wf>
         <wf lemma="put" pos="X">put</wf>
         <wf lemma="utvrđena" pos="X">utvrđena</wf>
         <wf lemma="1669." pos="X">1669.</wf>
      </sentence>
      <sentence id="d000.s2289" source="wordnet-croatian">
         <wf lemma="Osjećala" pos="X">Osjećala</wf>
         <wf lemma="je" pos="X">je</wf>
         <wf lemma="veliku" pos="X">veliku</wf>
         <instance id="d000.s2289.t000" lemma="samilost" pos="NOUN">samilost</instance>
         <wf lemma="prema" pos="X">prema</wf>
         <wf lemma="nemoćnima" pos="X">nemoćnima</wf>
         <wf lemma="." pos="X">.</wf>
      </sentence>
      <sentence id="d000.s2290" source="wordnet-croatian">
         <wf lemma="Smijem" pos="X">Smijem</wf>
         <wf lemma="li" pos="X">li</wf>
         <instance id="d000.s2290.t000" lemma="otpratiti" pos="VERB">otpratiti</instance>
         <wf lemma="tu" pos="X">tu</wf>
         <wf lemma="divnu" pos="X">divnu</wf>
         <wf lemma="profesoricu" pos="X">profesoricu</wf>
         <wf lemma="na" pos="X">na</wf>
         <wf lemma="večeru" pos="X">večeru</wf>
         <wf lemma="?" pos="X">?</wf>
      </sentence>
      <sentence id="d000.s2291" source="wordnet-croatian">
         <wf lemma="Nisu" pos="X">Nisu</wf>
         <wf lemma="se" pos="X">se</wf>
         <wf lemma="mogli" pos="X">mogli</wf>
         <wf lemma="dogovoriti" pos="X">dogovoriti</wf>
         <wf lemma="oko" pos="X">oko</wf>
         <instance id="d000.s2291.t000" lemma="ključan" pos="ADJ">ključnih</instance>
         <wf lemma="stavki" pos="X">stavki</wf>
         <wf lemma="ugovora" pos="X">ugovora</wf>
         <wf lemma="pa" pos="X">pa</wf>
         <wf lemma="je" pos="X">je</wf>
         <wf lemma="njihova" pos="X">njihova</wf>
         <wf lemma="suradnja" pos="X">suradnja</wf>
         <wf lemma="bila" pos="X">bila</wf>
         <wf lemma="nemoguća" pos="X">nemoguća</wf>
         <wf lemma="." pos="X">.</wf>
      </sentence>
      <sentence id="d000.s2292" source="wordnet-croatian">
         <wf lemma="Nije" pos="X">Nije</wf>
         <wf lemma="bilo" pos="X">bilo</wf>
         <wf lemma="tragova" pos="X">tragova</wf>
         <wf lemma="nasilja" pos="X">nasilja</wf>
         <wf lemma="na" pos="X">na</wf>
         <instance id="d000.s2292.t000" lemma="pozorište" pos="NOUN">pozorištu</instance>
         <wf lemma="." pos="X">.</wf>
      </sentence>
      <sentence id="d000.s2293" source="wordnet-croatian">
         <instance id="d000.s2293.t000" lemma="predstavnik" pos="NOUN">Predstavnik</instance>
         <wf lemma="UN-a" pos="X">UN-a</wf>
         <wf lemma="stigao" pos="X">stigao</wf>
         <wf lemma="je" pos="X">je</wf>
         <wf lemma="na" pos="X">na</wf>
         <wf lemma="pregovore" pos="X">pregovore</wf>
         <wf lemma="." pos="X">.</wf>
      </sentence>
      <sentence id="d000.s2294" source="wordnet-croatian">
         <instance id="d000.s2294.t000" lemma="izraz" pos="NOUN">Izraz</instance>
         <wf lemma="'" pos="X">'</wf>
         <wf lemma="raskružje" pos="X">raskružje</wf>
         <wf lemma="'" pos="X">'</wf>
         <wf lemma="vjerojatno" pos="X">vjerojatno</wf>
         <wf lemma="nikada" pos="X">nikada</wf>
         <wf lemma="neće" pos="X">neće</wf>
         <wf lemma="ući" pos="X">ući</wf>
         <wf lemma="u" pos="X">u</wf>
         <wf lemma="svakodnevni" pos="X">svakodnevni</wf>
         <wf lemma="govor" pos="X">govor</wf>
         <wf lemma="." pos="X">.</wf>
      </sentence>
      <sentence id="d000.s2295" source="wordnet-croatian">
         <wf lemma="Poredajte" pos="X">Poredajte</wf>
         <wf lemma="događaje" pos="X">događaje</wf>
         <wf lemma="prema" pos="X">prema</wf>
         <instance id="d000.s2295.t000" lemma="kronologija" pos="NOUN">kronologiji</instance>
         <wf lemma="!" pos="X">!</wf>
      </sentence>
      <sentence id="d000.s2296" source="wordnet-croatian">
         <instance id="d000.s2296.t000" lemma="zadužiti" pos="VERB">Zadužili</instance>
         <wf lemma="su" pos="X">su</wf>
         <wf lemma="ga" pos="X">ga</wf>
         <wf lemma="da" pos="X">da</wf>
         <wf lemma="uvede" pos="X">uvede</wf>
         <wf lemma="reda" pos="X">reda</wf>
         <wf lemma="u" pos="X">u</wf>
         <wf lemma="tom" pos="X">tom</wf>
         <wf lemma="poduzeću" pos="X">poduzeću</wf>
         <wf lemma="." pos="X">.</wf>
      </sentence>
      <sentence id="d000.s2297" source="wordnet-croatian">
         <wf lemma="Koja" pos="X">Koja</wf>
         <wf lemma="je" pos="X">je</wf>
         <wf lemma="tvoja" pos="X">tvoja</wf>
         <instance id="d000.s2297.t000" lemma="adresa" pos="NOUN">adresa</instance>
         <wf lemma="u" pos="X">u</wf>
         <wf lemma="Londonu" pos="X">Londonu</wf>
         <wf lemma="?" pos="X">?</wf>
      </sentence>
      <sentence id="d000.s2298" source="wordnet-croatian">
         <wf lemma="Bacila" pos="X">Bacila</wf>
         <wf lemma="je" pos="X">je</wf>
         <instance id="d000.s2298.t000" lemma="pozivnica" pos="NOUN">pozivnicu</instance>
         <wf lemma="u" pos="X">u</wf>
         <wf lemma="smeće" pos="X">smeće</wf>
         <wf lemma="." pos="X">.</wf>
      </sentence>
      <sentence id="d000.s2299" source="wordnet-croatian">
         <wf lemma="Radila" pos="X">Radila</wf>
         <wf lemma="je" pos="X">je</wf>
         <wf lemma="stolnjak" pos="X">stolnjak</wf>
         <wf lemma="kompliciranoga" pos="X">kompliciranoga</wf>
         <instance id="d000.s2299.t000" lemma="uzorak" pos="NOUN">uzorka</instance>
         <wf lemma="." pos="X">.</wf>
      </sentence>
      <sentence id="d000.s2300" source="wordnet-croatian">
         <wf lemma="Bavio" pos="X">Bavio</wf>
         <wf lemma="se" pos="X">se</wf>
         <wf lemma="popravljanjem" pos="X">popravljanjem</wf>
         <wf lemma="električnih" pos="X">električnih</wf>
         <instance id="d000.s2300.t000" lemma="uređaj" pos="NOUN">uređaja</instance>
         <wf lemma="." pos="X">.</wf>
      </sentence>
      <sentence id="d000.s2301" source="wordnet-croatian">
         <wf lemma="Odnos" pos="X">Odnos</wf>
         <wf lemma="između" pos="X">između</wf>
         <wf lemma="pacijenta" pos="X">pacijenta</wf>
         <wf lemma="i" pos="X">i</wf>
         <wf lemma="liječnika" pos="X">liječnika</wf>
         <wf lemma="temelji" pos="X">temelji</wf>
         <wf lemma="se" pos="X">se</wf>
         <wf lemma="na" pos="X">na</wf>
         <instance id="d000.s2301.t000" lemma="povjerenje" pos="NOUN">povjerenju</instance>
         <wf lemma="." pos="X">.</wf>
      </sentence>
      <sentence id="d000.s2302" source="wordnet-croatian">
         <instance id="d000.s2302.t000" lemma="prekid" pos="NOUN">Prekid</instance>
         <wf lemma="emitiranja" pos="X">emitiranja</wf>
         <wf lemma="programa" pos="X">programa</wf>
         <wf lemma="uslijedio" pos="X">uslijedio</wf>
         <wf lemma="je" pos="X">je</wf>
         <wf lemma="zbog" pos="X">zbog</wf>
         <wf lemma="jakog" pos="X">jakog</wf>
         <wf lemma="nevremena" pos="X">nevremena</wf>
         <wf lemma="." pos="X">.</wf>
      </sentence>
      <sentence id="d000.s2303" source="wordnet-croatian">
         <instance id="d000.s2303.t000" lemma="temperatura" pos="NOUN">Temperatura</instance>
         <wf lemma="zraka" pos="X">zraka</wf>
         <wf lemma="ni" pos="X">ni</wf>
         <wf lemma="danas" pos="X">danas</wf>
         <wf lemma="se" pos="X">se</wf>
         <wf lemma="neće" pos="X">neće</wf>
         <wf lemma="penjati" pos="X">penjati</wf>
         <wf lemma="iznad" pos="X">iznad</wf>
         <wf lemma="ništice" pos="X">ništice</wf>
         <wf lemma="." pos="X">.</wf>
      </sentence>
      <sentence id="d000.s2304" source="wordnet-croatian">
         <wf lemma="Na" pos="X">Na</wf>
         <wf lemma="konferenciji" pos="X">konferenciji</wf>
         <wf lemma="je" pos="X">je</wf>
         <wf lemma="izneseno" pos="X">izneseno</wf>
         <instance id="d000.s2304.t000" lemma="priopćenje" pos="NOUN">priopćenje</instance>
         <wf lemma="o" pos="X">o</wf>
         <wf lemma="izvandrednom" pos="X">izvandrednom</wf>
         <wf lemma="zasjedanju" pos="X">zasjedanju</wf>
         <wf lemma="Sabora" pos="X">Sabora</wf>
         <wf lemma="." pos="X">.</wf>
      </sentence>
      <sentence id="d000.s2305" source="wordnet-croatian">
         <instance id="d000.s2305.t000" lemma="žena" pos="NOUN">Žena</instance>
         <wf lemma="drži" pos="X">drži</wf>
         <wf lemma="tri" pos="X">tri</wf>
         <wf lemma="kuta" pos="X">kuta</wf>
         <wf lemma="kuće" pos="X">kuće</wf>
         <wf lemma="," pos="X">,</wf>
         <wf lemma="kaže" pos="X">kaže</wf>
         <wf lemma="narod" pos="X">narod</wf>
         <wf lemma="." pos="X">.</wf>
      </sentence>
      <sentence id="d000.s2306" source="wordnet-croatian">
         <wf lemma="Vokalno" pos="X">Vokalno</wf>
         <wf lemma="instrumentalni" pos="X">instrumentalni</wf>
         <wf lemma="sastav" pos="X">sastav</wf>
         <wf lemma="&quot;" pos="X">&quot;</wf>
         <wf lemma="Roboti" pos="X">Roboti</wf>
         <wf lemma="&quot;" pos="X">&quot;</wf>
         <instance id="d000.s2306.t000" lemma="svirati" pos="VERB">svirao</instance>
         <wf lemma="je" pos="X">je</wf>
         <wf lemma="dugo" pos="X">dugo</wf>
         <wf lemma="u" pos="X">u</wf>
         <wf lemma="toplu" pos="X">toplu</wf>
         <wf lemma="ljetnu" pos="X">ljetnu</wf>
         <wf lemma="noć" pos="X">noć</wf>
         <wf lemma="." pos="X">.</wf>
      </sentence>
      <sentence id="d000.s2307" source="wordnet-croatian">
         <wf lemma="Plastične" pos="X">Plastične</wf>
         <instance id="d000.s2307.t000" lemma="vrećica" pos="NOUN">vrećice</instance>
         <wf lemma="nisu" pos="X">nisu</wf>
         <wf lemma="dobre" pos="X">dobre</wf>
         <wf lemma="za" pos="X">za</wf>
         <wf lemma="naš" pos="X">naš</wf>
         <wf lemma="okoliš" pos="X">okoliš</wf>
         <wf lemma="." pos="X">.</wf>
      </sentence>
      <sentence id="d000.s2308" source="wordnet-croatian">
         <instance id="d000.s2308.t000" lemma="efikasnost" pos="NOUN">Efikasnost</instance>
         <wf lemma="sustava" pos="X">sustava</wf>
         <wf lemma="promatrali" pos="X">promatrali</wf>
         <wf lemma="su" pos="X">su</wf>
         <wf lemma="godinama" pos="X">godinama</wf>
         <wf lemma="." pos="X">.</wf>
      </sentence>
      <sentence id="d000.s2309" source="wordnet-croatian">
         <wf lemma="Za" pos="X">Za</wf>
         <wf lemma="doručak" pos="X">doručak</wf>
         <wf lemma="je" pos="X">je</wf>
         <wf lemma="pojela" pos="X">pojela</wf>
         <wf lemma="sendvič" pos="X">sendvič</wf>
         <wf lemma="od" pos="X">od</wf>
         <wf lemma="peciva" pos="X">peciva</wf>
         <wf lemma="sa" pos="X">sa</wf>
         <wf lemma="žitaricama" pos="X">žitaricama</wf>
         <wf lemma="i" pos="X">i</wf>
         <wf lemma="šunke" pos="X">šunke</wf>
         <wf lemma="u" pos="X">u</wf>
         <instance id="d000.s2309.t000" lemma="ovitak" pos="NOUN">ovitku</instance>
         <wf lemma="." pos="X">.</wf>
      </sentence>
      <sentence id="d000.s2310" source="wordnet-croatian">
         <instance id="d000.s2310.t000" lemma="čuvati" pos="VERB">Čuvaj</instance>
         <wf lemma="energiju" pos="X">energiju</wf>
         <wf lemma="za" pos="X">za</wf>
         <wf lemma="važnije" pos="X">važnije</wf>
         <wf lemma="stvari" pos="X">stvari</wf>
         <wf lemma="!" pos="X">!</wf>
      </sentence>
      <sentence id="d000.s2311" source="wordnet-croatian">
         <wf lemma="Odnijela" pos="X">Odnijela</wf>
         <wf lemma="sam" pos="X">sam</wf>
         <wf lemma="računalo" pos="X">računalo</wf>
         <wf lemma="na" pos="X">na</wf>
         <instance id="d000.s2311.t000" lemma="popravak" pos="NOUN">popravak</instance>
         <wf lemma="u" pos="X">u</wf>
         <wf lemma="servis" pos="X">servis</wf>
         <wf lemma="." pos="X">.</wf>
      </sentence>
      <sentence id="d000.s2312" source="wordnet-croatian">
         <instance id="d000.s2312.t000" lemma="sustići" pos="VERB">Sustići</instance>
         <wf lemma="će" pos="X">će</wf>
         <wf lemma="je" pos="X">je</wf>
         <wf lemma="kazna" pos="X">kazna</wf>
         <wf lemma="kad-tad" pos="X">kad-tad</wf>
         <wf lemma="-" pos="X">-</wf>
         <wf lemma="takvo" pos="X">takvo</wf>
         <wf lemma="ponašanje" pos="X">ponašanje</wf>
         <wf lemma="nikad" pos="X">nikad</wf>
         <wf lemma="ne" pos="X">ne</wf>
         <wf lemma="može" pos="X">može</wf>
         <wf lemma="dobro" pos="X">dobro</wf>
         <wf lemma="završiti" pos="X">završiti</wf>
         <wf lemma="." pos="X">.</wf>
      </sentence>
      <sentence id="d000.s2313" source="wordnet-croatian">
         <instance id="d000.s2313.t000" lemma="bezbožan" pos="ADJ">Bezbožni</instance>
         <wf lemma="ljudi" pos="X">ljudi</wf>
         <wf lemma="kod" pos="X">kod</wf>
         <wf lemma="nas" pos="X">nas</wf>
         <wf lemma="nisu" pos="X">nisu</wf>
         <wf lemma="dobrodošli" pos="X">dobrodošli</wf>
         <wf lemma="." pos="X">.</wf>
      </sentence>
      <sentence id="d000.s2314" source="wordnet-croatian">
         <wf lemma="Kriška" pos="X">Kriška</wf>
         <wf lemma="bijelog" pos="X">bijelog</wf>
         <instance id="d000.s2314.t000" lemma="kruh" pos="NOUN">kruha</instance>
         <wf lemma="s" pos="X">s</wf>
         <wf lemma="marmeladom" pos="X">marmeladom</wf>
         <wf lemma="omiljeni" pos="X">omiljeni</wf>
         <wf lemma="je" pos="X">je</wf>
         <wf lemma="doručak" pos="X">doručak</wf>
         <wf lemma="mnogim" pos="X">mnogim</wf>
         <wf lemma="starim" pos="X">starim</wf>
         <wf lemma="Zagrepčanima" pos="X">Zagrepčanima</wf>
         <wf lemma="." pos="X">.</wf>
      </sentence>
      <sentence id="d000.s2315" source="wordnet-croatian">
         <wf lemma="Nalazimo" pos="X">Nalazimo</wf>
         <wf lemma="se" pos="X">se</wf>
         <wf lemma="u" pos="X">u</wf>
         <wf lemma="potpuno" pos="X">potpuno</wf>
         <instance id="d000.s2315.t000" lemma="nekritičan" pos="ADJ">nekritičnom</instance>
         <wf lemma="razdoblju" pos="X">razdoblju</wf>
         <wf lemma="poslovanja" pos="X">poslovanja</wf>
         <wf lemma="." pos="X">.</wf>
      </sentence>
      <sentence id="d000.s2316" source="wordnet-croatian">
         <wf lemma="Studenti" pos="X">Studenti</wf>
         <wf lemma="su" pos="X">su</wf>
         <instance id="d000.s2316.t000" lemma="piljiti" pos="VERB">piljili</instance>
         <wf lemma="u" pos="X">u</wf>
         <wf lemma="profesora" pos="X">profesora</wf>
         <wf lemma="s" pos="X">s</wf>
         <wf lemma="nevjericom" pos="X">nevjericom</wf>
         <wf lemma="." pos="X">.</wf>
      </sentence>
      <sentence id="d000.s2317" source="wordnet-croatian">
         <instance id="d000.s2317.t000" lemma="vjetroelektrana" pos="NOUN">Vjetroelektrane</instance>
         <wf lemma="se" pos="X">se</wf>
         <wf lemma="grade" pos="X">grade</wf>
         <wf lemma="na" pos="X">na</wf>
         <wf lemma="mjestima" pos="X">mjestima</wf>
         <wf lemma="na" pos="X">na</wf>
         <wf lemma="kojima" pos="X">kojima</wf>
         <wf lemma="stalno" pos="X">stalno</wf>
         <wf lemma="puše" pos="X">puše</wf>
         <wf lemma="jak" pos="X">jak</wf>
         <wf lemma="vjetar" pos="X">vjetar</wf>
         <wf lemma="." pos="X">.</wf>
      </sentence>
      <sentence id="d000.s2318" source="wordnet-croatian">
         <wf lemma="Put" pos="X">Put</wf>
         <wf lemma="na" pos="X">na</wf>
         <wf lemma="planinu" pos="X">planinu</wf>
         <wf lemma="pokazao" pos="X">pokazao</wf>
         <wf lemma="se" pos="X">se</wf>
         <instance id="d000.s2318.t000" lemma="naporan" pos="ADJ">napornijim</instance>
         <wf lemma="nego" pos="X">nego</wf>
         <wf lemma="što" pos="X">što</wf>
         <wf lemma="se" pos="X">se</wf>
         <wf lemma="u" pos="X">u</wf>
         <wf lemma="početku" pos="X">početku</wf>
         <wf lemma="činilo" pos="X">činilo</wf>
         <wf lemma="." pos="X">.</wf>
      </sentence>
      <sentence id="d000.s2319" source="wordnet-croatian">
         <instance id="d000.s2319.t000" lemma="stjecanje" pos="NOUN">Stjecanje</instance>
         <wf lemma="bogatstva" pos="X">bogatstva</wf>
         <wf lemma="bilo" pos="X">bilo</wf>
         <wf lemma="je" pos="X">je</wf>
         <wf lemma="glavna" pos="X">glavna</wf>
         <wf lemma="preokupacija" pos="X">preokupacija</wf>
         <wf lemma="predsjednika" pos="X">predsjednika</wf>
         <wf lemma="tvrtke" pos="X">tvrtke</wf>
         <wf lemma="." pos="X">.</wf>
      </sentence>
      <sentence id="d000.s2320" source="wordnet-croatian">
         <wf lemma="Ogrnuo" pos="X">Ogrnuo</wf>
         <wf lemma="se" pos="X">se</wf>
         <instance id="d000.s2320.t000" lemma="ogrtač" pos="NOUN">ogrtačem</instance>
         <wf lemma="i" pos="X">i</wf>
         <wf lemma="nestao" pos="X">nestao</wf>
         <wf lemma="u" pos="X">u</wf>
         <wf lemma="noći" pos="X">noći</wf>
         <wf lemma="." pos="X">.</wf>
      </sentence>
      <sentence id="d000.s2321" source="wordnet-croatian">
         <wf lemma="Meteorolozi" pos="X">Meteorolozi</wf>
         <instance id="d000.s2321.t000" lemma="predviđati" pos="VERB">predviđaju</instance>
         <wf lemma="dugotrajno" pos="X">dugotrajno</wf>
         <wf lemma="kišno" pos="X">kišno</wf>
         <wf lemma="razdoblje" pos="X">razdoblje</wf>
         <wf lemma="." pos="X">.</wf>
      </sentence>
      <sentence id="d000.s2322" source="wordnet-croatian">
         <wf lemma="Majstori" pos="X">Majstori</wf>
         <wf lemma="u" pos="X">u</wf>
         <wf lemma="današnje" pos="X">današnje</wf>
         <wf lemma="vrijeme" pos="X">vrijeme</wf>
         <wf lemma="često" pos="X">često</wf>
         <instance id="d000.s2322.t000" lemma="brljati" pos="VERB">brljaju</instance>
         <wf lemma="." pos="X">.</wf>
      </sentence>
      <sentence id="d000.s2323" source="wordnet-croatian">
         <wf lemma="Još" pos="X">Još</wf>
         <wf lemma="uvijek" pos="X">uvijek</wf>
         <instance id="d000.s2323.t000" lemma="čuvati" pos="VERB">čuvam</instance>
         <wf lemma="sve" pos="X">sve</wf>
         <wf lemma="svoje" pos="X">svoje</wf>
         <wf lemma="stare" pos="X">stare</wf>
         <wf lemma="igračke" pos="X">igračke</wf>
         <wf lemma="." pos="X">.</wf>
      </sentence>
      <sentence id="d000.s2324" source="wordnet-croatian">
         <wf lemma="Jedan" pos="X">Jedan</wf>
         <wf lemma="revolveraš" pos="X">revolveraš</wf>
         <wf lemma="uvijek" pos="X">uvijek</wf>
         <instance id="d000.s2324.t000" lemma="potezati" pos="VERB">poteže</instance>
         <wf lemma="brže" pos="X">brže</wf>
         <wf lemma="od" pos="X">od</wf>
         <wf lemma="drugoga" pos="X">drugoga</wf>
         <wf lemma="." pos="X">.</wf>
      </sentence>
      <sentence id="d000.s2325" source="wordnet-croatian">
         <wf lemma="Nisam" pos="X">Nisam</wf>
         <wf lemma="to" pos="X">to</wf>
         <wf lemma="tako" pos="X">tako</wf>
         <wf lemma="mislio" pos="X">mislio</wf>
         <instance id="d000.s2325.t000" lemma="srce" pos="NOUN">srce</instance>
         <wf lemma="moje" pos="X">moje</wf>
         <wf lemma="!" pos="X">!</wf>
      </sentence>
      <sentence id="d000.s2326" source="wordnet-croatian">
         <wf lemma="Hoćemo" pos="X">Hoćemo</wf>
         <wf lemma="li" pos="X">li</wf>
         <instance id="d000.s2326.t000" lemma="zamijeniti" pos="VERB">zamijeniti</instance>
         <wf lemma="mjesta" pos="X">mjesta</wf>
         <wf lemma="?" pos="X">?</wf>
      </sentence>
      <sentence id="d000.s2327" source="wordnet-croatian">
         <wf lemma="Na" pos="X">Na</wf>
         <instance id="d000.s2327.t000" lemma="poleđina" pos="NOUN">poleđini</instance>
         <wf lemma="fotografije" pos="X">fotografije</wf>
         <wf lemma="pisao" pos="X">pisao</wf>
         <wf lemma="je" pos="X">je</wf>
         <wf lemma="datum" pos="X">datum</wf>
         <wf lemma="." pos="X">.</wf>
      </sentence>
      <sentence id="d000.s2328" source="wordnet-croatian">
         <wf lemma="Predstava" pos="X">Predstava</wf>
         <wf lemma="se" pos="X">se</wf>
         <wf lemma="temeljila" pos="X">temeljila</wf>
         <wf lemma="na" pos="X">na</wf>
         <instance id="d000.s2328.t000" lemma="parodija" pos="NOUN">parodiji</instance>
         <wf lemma="." pos="X">.</wf>
      </sentence>
      <sentence id="d000.s2329" source="wordnet-croatian">
         <wf lemma="Pad" pos="X">Pad</wf>
         <instance id="d000.s2329.t000" lemma="poslovanje" pos="NOUN">poslovanja</instance>
         <wf lemma="odrazio" pos="X">odrazio</wf>
         <wf lemma="se" pos="X">se</wf>
         <wf lemma="na" pos="X">na</wf>
         <wf lemma="burzovnim" pos="X">burzovnim</wf>
         <wf lemma="indeksima" pos="X">indeksima</wf>
         <wf lemma="." pos="X">.</wf>
      </sentence>
      <sentence id="d000.s2330" source="wordnet-croatian">
         <wf lemma="Pradjed" pos="X">Pradjed</wf>
         <wf lemma="slabo" pos="X">slabo</wf>
         <wf lemma="čuje" pos="X">čuje</wf>
         <wf lemma="," pos="X">,</wf>
         <wf lemma="pa" pos="X">pa</wf>
         <wf lemma="ćeš" pos="X">ćeš</wf>
         <wf lemma="morati" pos="X">morati</wf>
         <instance id="d000.s2330.t000" lemma="vikati" pos="VERB">vikati</instance>
         <wf lemma="." pos="X">.</wf>
      </sentence>
      <sentence id="d000.s2331" source="wordnet-croatian">
         <instance id="d000.s2331.t000" lemma="asimetrija" pos="NOUN">Asimetrija</instance>
         <wf lemma="lijeve" pos="X">lijeve</wf>
         <wf lemma="i" pos="X">i</wf>
         <wf lemma="desne" pos="X">desne</wf>
         <wf lemma="strane" pos="X">strane</wf>
         <wf lemma="ljudskoga" pos="X">ljudskoga</wf>
         <wf lemma="tijela" pos="X">tijela</wf>
         <wf lemma="normalna" pos="X">normalna</wf>
         <wf lemma="je" pos="X">je</wf>
         <wf lemma="," pos="X">,</wf>
         <wf lemma="da" pos="X">da</wf>
         <wf lemma="su" pos="X">su</wf>
         <wf lemma="nam" pos="X">nam</wf>
         <wf lemma="obje" pos="X">obje</wf>
         <wf lemma="strane" pos="X">strane</wf>
         <wf lemma="simetrične" pos="X">simetrične</wf>
         <wf lemma="," pos="X">,</wf>
         <wf lemma="izgledali" pos="X">izgledali</wf>
         <wf lemma="bismo" pos="X">bismo</wf>
         <wf lemma="čudno" pos="X">čudno</wf>
         <wf lemma="." pos="X">.</wf>
      </sentence>
      <sentence id="d000.s2332" source="wordnet-croatian">
         <instance id="d000.s2332.t000" lemma="oprečnost" pos="NOUN">Oprečnost</instance>
         <wf lemma="u" pos="X">u</wf>
         <wf lemma="mišljenjima" pos="X">mišljenjima</wf>
         <wf lemma="poželjna" pos="X">poželjna</wf>
         <wf lemma="je" pos="X">je</wf>
         <wf lemma="u" pos="X">u</wf>
         <wf lemma="diskusiji" pos="X">diskusiji</wf>
         <wf lemma="." pos="X">.</wf>
      </sentence>
      <sentence id="d000.s2333" source="wordnet-croatian">
         <wf lemma="Bend" pos="X">Bend</wf>
         <wf lemma="se" pos="X">se</wf>
         <wf lemma="žalio" pos="X">žalio</wf>
         <wf lemma="organizatorima" pos="X">organizatorima</wf>
         <wf lemma="zbog" pos="X">zbog</wf>
         <wf lemma="lošeg" pos="X">lošeg</wf>
         <instance id="d000.s2333.t000" lemma="razglas" pos="NOUN">razglasa</instance>
         <wf lemma="u" pos="X">u</wf>
         <wf lemma="dvorani" pos="X">dvorani</wf>
         <wf lemma="." pos="X">.</wf>
      </sentence>
      <sentence id="d000.s2334" source="wordnet-croatian">
         <wf lemma="Na" pos="X">Na</wf>
         <instance id="d000.s2334.t000" lemma="raširenost" pos="NOUN">raširenost</instance>
         <wf lemma="marihuane" pos="X">marihuane</wf>
         <wf lemma="utječe" pos="X">utječe</wf>
         <wf lemma="njezine" pos="X">njezine</wf>
         <wf lemma="laka" pos="X">laka</wf>
         <wf lemma="dostupnost" pos="X">dostupnost</wf>
         <wf lemma="." pos="X">.</wf>
      </sentence>
      <sentence id="d000.s2335" source="wordnet-croatian">
         <wf lemma="Vjerovala" pos="X">Vjerovala</wf>
         <wf lemma="ti" pos="X">ti</wf>
         <wf lemma="meni" pos="X">meni</wf>
         <wf lemma="ili" pos="X">ili</wf>
         <wf lemma="ne" pos="X">ne</wf>
         <wf lemma="," pos="X">,</wf>
         <wf lemma="ali" pos="X">ali</wf>
         <wf lemma="ja" pos="X">ja</wf>
         <wf lemma="biljku" pos="X">biljku</wf>
         <instance id="d000.s2335.t000" lemma="leća" pos="NOUN">leće</instance>
         <wf lemma="nikada" pos="X">nikada</wf>
         <wf lemma="nisam" pos="X">nisam</wf>
         <wf lemma="vidjela" pos="X">vidjela</wf>
         <wf lemma="." pos="X">.</wf>
      </sentence>
      <sentence id="d000.s2336" source="wordnet-croatian">
         <wf lemma="Prošle" pos="X">Prošle</wf>
         <wf lemma="godine" pos="X">godine</wf>
         <wf lemma="prestao" pos="X">prestao</wf>
         <wf lemma="je" pos="X">je</wf>
         <wf lemma="uzgajati" pos="X">uzgajati</wf>
         <instance id="d000.s2336.t000" lemma="špinat" pos="NOUN">špinat</instance>
         <wf lemma="." pos="X">.</wf>
      </sentence>
      <sentence id="d000.s2337" source="wordnet-croatian">
         <wf lemma="Novi" pos="X">Novi</wf>
         <instance id="d000.s2337.t000" lemma="stereo" pos="NOUN">stereo</instance>
         <wf lemma="uređaji" pos="X">uređaji</wf>
         <wf lemma="mogu" pos="X">mogu</wf>
         <wf lemma="se" pos="X">se</wf>
         <wf lemma="naknadno" pos="X">naknadno</wf>
         <wf lemma="proširivati" pos="X">proširivati</wf>
         <wf lemma="." pos="X">.</wf>
      </sentence>
      <sentence id="d000.s2338" source="wordnet-croatian">
         <wf lemma="Nemoj" pos="X">Nemoj</wf>
         <instance id="d000.s2338.t000" lemma="parkirati" pos="VERB">parkirati</instance>
         <wf lemma="u" pos="X">u</wf>
         <wf lemma="toj" pos="X">toj</wf>
         <wf lemma="ulici" pos="X">ulici</wf>
         <wf lemma="." pos="X">.</wf>
      </sentence>
      <sentence id="d000.s2339" source="wordnet-croatian">
         <wf lemma="S" pos="X">S</wf>
         <instance id="d000.s2339.t000" lemma="tribina" pos="NOUN">tribina</instance>
         <wf lemma="se" pos="X">se</wf>
         <wf lemma="orio" pos="X">orio</wf>
         <wf lemma="pljesak" pos="X">pljesak</wf>
         <wf lemma="." pos="X">.</wf>
      </sentence>
      <sentence id="d000.s2340" source="wordnet-croatian">
         <wf lemma="Nakon" pos="X">Nakon</wf>
         <wf lemma="dva" pos="X">dva</wf>
         <wf lemma="sata" pos="X">sata</wf>
         <wf lemma="predavanja" pos="X">predavanja</wf>
         <wf lemma="imali" pos="X">imali</wf>
         <wf lemma="smo" pos="X">smo</wf>
         <wf lemma="kratku" pos="X">kratku</wf>
         <instance id="d000.s2340.t000" lemma="stanka" pos="NOUN">stanku</instance>
         <wf lemma="." pos="X">.</wf>
      </sentence>
      <sentence id="d000.s2341" source="wordnet-croatian">
         <instance id="d000.s2341.t000" lemma="baza" pos="NOUN">Baza</instance>
         <wf lemma="lubanje" pos="X">lubanje</wf>
         <wf lemma="je" pos="X">je</wf>
         <wf lemma="donji" pos="X">donji</wf>
         <wf lemma="dio" pos="X">dio</wf>
         <wf lemma="lubanje" pos="X">lubanje</wf>
         <wf lemma="." pos="X">.</wf>
      </sentence>
      <sentence id="d000.s2342" source="wordnet-croatian">
         <wf lemma="Sudac" pos="X">Sudac</wf>
         <wf lemma="mu" pos="X">mu</wf>
         <wf lemma="je" pos="X">je</wf>
         <instance id="d000.s2342.t000" lemma="dati" pos="VERB">dao</instance>
         <wf lemma="deset" pos="X">deset</wf>
         <wf lemma="godina" pos="X">godina</wf>
         <wf lemma="zatvora" pos="X">zatvora</wf>
         <wf lemma="." pos="X">.</wf>
      </sentence>
      <sentence id="d000.s2343" source="wordnet-croatian">
         <wf lemma="Dok" pos="X">Dok</wf>
         <wf lemma="je" pos="X">je</wf>
         <wf lemma="slušala" pos="X">slušala</wf>
         <wf lemma="njegove" pos="X">njegove</wf>
         <wf lemma="pjesme" pos="X">pjesme</wf>
         <wf lemma="," pos="X">,</wf>
         <wf lemma="u" pos="X">u</wf>
         <wf lemma="njoj" pos="X">njoj</wf>
         <wf lemma="se" pos="X">se</wf>
         <wf lemma="javio" pos="X">javio</wf>
         <wf lemma="osjećaj" pos="X">osjećaj</wf>
         <instance id="d000.s2343.t000" lemma="uzvišenost" pos="NOUN">uzvišenosti</instance>
         <wf lemma="." pos="X">.</wf>
      </sentence>
      <sentence id="d000.s2344" source="wordnet-croatian">
         <wf lemma="Ako" pos="X">Ako</wf>
         <wf lemma="želiš" pos="X">želiš</wf>
         <wf lemma="peći" pos="X">peći</wf>
         <wf lemma="kolače" pos="X">kolače</wf>
         <wf lemma="," pos="X">,</wf>
         <wf lemma="moraš" pos="X">moraš</wf>
         <wf lemma="prvo" pos="X">prvo</wf>
         <instance id="d000.s2344.t000" lemma="oljuštiti" pos="VERB">oljuštiti</instance>
         <wf lemma="orahe" pos="X">orahe</wf>
         <wf lemma="." pos="X">.</wf>
      </sentence>
      <sentence id="d000.s2345" source="wordnet-croatian">
         <wf lemma="Borovina" pos="X">Borovina</wf>
         <wf lemma="odlično" pos="X">odlično</wf>
         <instance id="d000.s2345.t000" lemma="gorjeti" pos="VERB">gori</instance>
         <wf lemma="." pos="X">.</wf>
      </sentence>
      <sentence id="d000.s2346" source="wordnet-croatian">
         <wf lemma="Stražar" pos="X">Stražar</wf>
         <wf lemma="se" pos="X">se</wf>
         <wf lemma="vratio" pos="X">vratio</wf>
         <wf lemma="u" pos="X">u</wf>
         <instance id="d000.s2346.t000" lemma="stražarnica" pos="NOUN">stražarnicu</instance>
         <wf lemma="." pos="X">.</wf>
      </sentence>
      <sentence id="d000.s2347" source="wordnet-croatian">
         <wf lemma="Na" pos="X">Na</wf>
         <wf lemma="putu" pos="X">putu</wf>
         <wf lemma="za" pos="X">za</wf>
         <wf lemma="Rijeku" pos="X">Rijeku</wf>
         <instance id="d000.s2347.t000" lemma="proći" pos="VERB">prošli</instance>
         <wf lemma="smo" pos="X">smo</wf>
         <wf lemma="kroz" pos="X">kroz</wf>
         <wf lemma="mnoge" pos="X">mnoge</wf>
         <wf lemma="tunele" pos="X">tunele</wf>
         <wf lemma="." pos="X">.</wf>
      </sentence>
      <sentence id="d000.s2348" source="wordnet-croatian">
         <wf lemma="'" pos="X">'</wf>
         <wf lemma="Nositi" pos="X">Nositi</wf>
         <wf lemma="glavu" pos="X">glavu</wf>
         <wf lemma="u" pos="X">u</wf>
         <wf lemma="torbi" pos="X">torbi</wf>
         <wf lemma="'" pos="X">'</wf>
         <instance id="d000.s2348.t000" lemma="fraza" pos="NOUN">fraza</instance>
         <wf lemma="je" pos="X">je</wf>
         <wf lemma="koja" pos="X">koja</wf>
         <wf lemma="dobro" pos="X">dobro</wf>
         <wf lemma="opisuje" pos="X">opisuje</wf>
         <wf lemma="posao" pos="X">posao</wf>
         <wf lemma="pilota" pos="X">pilota</wf>
         <wf lemma="." pos="X">.</wf>
      </sentence>
      <sentence id="d000.s2349" source="wordnet-croatian">
         <wf lemma="Molim" pos="X">Molim</wf>
         <wf lemma="te" pos="X">te</wf>
         <wf lemma="," pos="X">,</wf>
         <instance id="d000.s2349.t000" lemma="skuhati" pos="VERB">skuhaj</instance>
         <wf lemma="krumpire" pos="X">krumpire</wf>
         <wf lemma="." pos="X">.</wf>
      </sentence>
      <sentence id="d000.s2350" source="wordnet-croatian">
         <instance id="d000.s2350.t000" lemma="higroskop" pos="NOUN">Higroskopom</instance>
         <wf lemma="smo" pos="X">smo</wf>
         <wf lemma="izmjerili" pos="X">izmjerili</wf>
         <wf lemma="vrlo" pos="X">vrlo</wf>
         <wf lemma="veliku" pos="X">veliku</wf>
         <wf lemma="vlažnost" pos="X">vlažnost</wf>
         <wf lemma="." pos="X">.</wf>
      </sentence>
      <sentence id="d000.s2351" source="wordnet-croatian">
         <wf lemma="Vrlo" pos="X">Vrlo</wf>
         <wf lemma="često" pos="X">često</wf>
         <wf lemma="jedemo" pos="X">jedemo</wf>
         <instance id="d000.s2351.t000" lemma="svinjetina" pos="NOUN">svinjetinu</instance>
         <wf lemma="." pos="X">.</wf>
      </sentence>
      <sentence id="d000.s2352" source="wordnet-croatian">
         <instance id="d000.s2352.t000" lemma="premetaljka" pos="NOUN">Premetaljke</instance>
         <wf lemma="su" pos="X">su</wf>
         <wf lemma="vrlo" pos="X">vrlo</wf>
         <wf lemma="popularne" pos="X">popularne</wf>
         <wf lemma="među" pos="X">među</wf>
         <wf lemma="djecom" pos="X">djecom</wf>
         <wf lemma="." pos="X">.</wf>
      </sentence>
      <sentence id="d000.s2353" source="wordnet-croatian">
         <wf lemma="Njegovo" pos="X">Njegovo</wf>
         <instance id="d000.s2353.t000" lemma="lunjanje" pos="NOUN">lunjanje</instance>
         <wf lemma="gradom" pos="X">gradom</wf>
         <wf lemma="zamijetili" pos="X">zamijetili</wf>
         <wf lemma="su" pos="X">su</wf>
         <wf lemma="starosjedioci" pos="X">starosjedioci</wf>
         <wf lemma="." pos="X">.</wf>
      </sentence>
      <sentence id="d000.s2354" source="wordnet-croatian">
         <wf lemma="Taj" pos="X">Taj</wf>
         <instance id="d000.s2354.t000" lemma="podražaj" pos="NOUN">podražaj</instance>
         <wf lemma="naveo" pos="X">naveo</wf>
         <wf lemma="ga" pos="X">ga</wf>
         <wf lemma="je" pos="X">je</wf>
         <wf lemma="da" pos="X">da</wf>
         <wf lemma="napokon" pos="X">napokon</wf>
         <wf lemma="reagira" pos="X">reagira</wf>
         <wf lemma="." pos="X">.</wf>
      </sentence>
      <sentence id="d000.s2355" source="wordnet-croatian">
         <wf lemma="Održao" pos="X">Održao</wf>
         <wf lemma="je" pos="X">je</wf>
         <wf lemma="koncert" pos="X">koncert</wf>
         <wf lemma="na" pos="X">na</wf>
         <instance id="d000.s2355.t000" lemma="vanjski" pos="ADJ">vanjskoj</instance>
         <wf lemma="pozornici" pos="X">pozornici</wf>
         <wf lemma="." pos="X">.</wf>
      </sentence>
      <sentence id="d000.s2356" source="wordnet-croatian">
         <wf lemma="Zbog" pos="X">Zbog</wf>
         <instance id="d000.s2356.t000" lemma="razilaženje" pos="NOUN">razilaženja</instance>
         <wf lemma="u" pos="X">u</wf>
         <wf lemma="mišljenjima" pos="X">mišljenjima</wf>
         <wf lemma="raskinuli" pos="X">raskinuli</wf>
         <wf lemma="su" pos="X">su</wf>
         <wf lemma="partnerstvo" pos="X">partnerstvo</wf>
         <wf lemma="." pos="X">.</wf>
      </sentence>
      <sentence id="d000.s2357" source="wordnet-croatian">
         <instance id="d000.s2357.t000" lemma="razdioba" pos="NOUN">Razdioba</instance>
         <wf lemma="teritorija" pos="X">teritorija</wf>
         <wf lemma="bila" pos="X">bila</wf>
         <wf lemma="je" pos="X">je</wf>
         <wf lemma="protuustavna" pos="X">protuustavna</wf>
         <wf lemma="." pos="X">.</wf>
      </sentence>
      <sentence id="d000.s2358" source="wordnet-croatian">
         <instance id="d000.s2358.t000" lemma="namjestiti" pos="VERB">Namjestio</instance>
         <wf lemma="sam" pos="X">sam</wf>
         <wf lemma="točno" pos="X">točno</wf>
         <wf lemma="vrijeme" pos="X">vrijeme</wf>
         <wf lemma="prema" pos="X">prema</wf>
         <wf lemma="signalu" pos="X">signalu</wf>
         <wf lemma="s" pos="X">s</wf>
         <wf lemma="radija" pos="X">radija</wf>
         <wf lemma="." pos="X">.</wf>
      </sentence>
      <sentence id="d000.s2359" source="wordnet-croatian">
         <instance id="d000.s2359.t000" lemma="ljepota" pos="NOUN">Ljepota</instance>
         <wf lemma="slike" pos="X">slike</wf>
         <wf lemma="sve" pos="X">sve</wf>
         <wf lemma="je" pos="X">je</wf>
         <wf lemma="ostavila" pos="X">ostavila</wf>
         <wf lemma="bez" pos="X">bez</wf>
         <wf lemma="daha" pos="X">daha</wf>
         <wf lemma="." pos="X">.</wf>
      </sentence>
      <sentence id="d000.s2360" source="wordnet-croatian">
         <wf lemma="Pravda" pos="X">Pravda</wf>
         <wf lemma="i" pos="X">i</wf>
         <instance id="d000.s2360.t000" lemma="moral" pos="NOUN">moral</instance>
         <wf lemma="njemu" pos="X">njemu</wf>
         <wf lemma="su" pos="X">su</wf>
         <wf lemma="uvijek" pos="X">uvijek</wf>
         <wf lemma="bili" pos="X">bili</wf>
         <wf lemma="najvažniji" pos="X">najvažniji</wf>
         <wf lemma="." pos="X">.</wf>
      </sentence>
      <sentence id="d000.s2361" source="wordnet-croatian">
         <wf lemma="Već" pos="X">Već</wf>
         <wf lemma="je" pos="X">je</wf>
         <wf lemma="deset" pos="X">deset</wf>
         <wf lemma="godina" pos="X">godina</wf>
         <wf lemma="makrobiotičar" pos="X">makrobiotičar</wf>
         <wf lemma="i" pos="X">i</wf>
         <wf lemma="ne" pos="X">ne</wf>
         <wf lemma="jede" pos="X">jede</wf>
         <wf lemma="ništa" pos="X">ništa</wf>
         <wf lemma="drugo" pos="X">drugo</wf>
         <wf lemma="osim" pos="X">osim</wf>
         <wf lemma="različitih" pos="X">različitih</wf>
         <instance id="d000.s2361.t000" lemma="izdanak" pos="NOUN">izdanaka</instance>
         <wf lemma="." pos="X">.</wf>
      </sentence>
      <sentence id="d000.s2362" source="wordnet-croatian">
         <wf lemma="Braća" pos="X">Braća</wf>
         <wf lemma="su" pos="X">su</wf>
         <wf lemma="se" pos="X">se</wf>
         <instance id="d000.s2362.t000" lemma="prskati" pos="VERB">prskala</instance>
         <wf lemma="pištoljima" pos="X">pištoljima</wf>
         <wf lemma="na" pos="X">na</wf>
         <wf lemma="vodu" pos="X">vodu</wf>
         <wf lemma="." pos="X">.</wf>
      </sentence>
      <sentence id="d000.s2363" source="wordnet-croatian">
         <wf lemma="Naša" pos="X">Naša</wf>
         <wf lemma="grupa" pos="X">grupa</wf>
         <instance id="d000.s2363.t000" lemma="obuhvaćati" pos="VERB">obuhvaća</instance>
         <wf lemma="ljude" pos="X">ljude</wf>
         <wf lemma="različitih" pos="X">različitih</wf>
         <wf lemma="dobnih" pos="X">dobnih</wf>
         <wf lemma="skupina" pos="X">skupina</wf>
         <wf lemma="." pos="X">.</wf>
      </sentence>
      <sentence id="d000.s2364" source="wordnet-croatian">
         <wf lemma="Ta" pos="X">Ta</wf>
         <wf lemma="me" pos="X">me</wf>
         <wf lemma="je" pos="X">je</wf>
         <wf lemma="vijest" pos="X">vijest</wf>
         <instance id="d000.s2364.t000" lemma="zaprepastiti" pos="VERB">zaprepastila</instance>
         <wf lemma="." pos="X">.</wf>
      </sentence>
      <sentence id="d000.s2365" source="wordnet-croatian">
         <instance id="d000.s2365.t000" lemma="identičnost" pos="NOUN">Identičnost</instance>
         <wf lemma="stilskih" pos="X">stilskih</wf>
         <wf lemma="postupaka" pos="X">postupaka</wf>
         <wf lemma="u" pos="X">u</wf>
         <wf lemma="djelima" pos="X">djelima</wf>
         <wf lemma="tih" pos="X">tih</wf>
         <wf lemma="autora" pos="X">autora</wf>
         <wf lemma="posljedica" pos="X">posljedica</wf>
         <wf lemma="je" pos="X">je</wf>
         <wf lemma="pripadnosti" pos="X">pripadnosti</wf>
         <wf lemma="istoj" pos="X">istoj</wf>
         <wf lemma="poetici" pos="X">poetici</wf>
         <wf lemma="." pos="X">.</wf>
      </sentence>
      <sentence id="d000.s2366" source="wordnet-croatian">
         <wf lemma="Sultan" pos="X">Sultan</wf>
         <wf lemma="je" pos="X">je</wf>
         <wf lemma="kao" pos="X">kao</wf>
         <instance id="d000.s2366.t000" lemma="mnogoženac" pos="NOUN">mnogoženac</instance>
         <wf lemma="u" pos="X">u</wf>
         <wf lemma="svojemu" pos="X">svojemu</wf>
         <wf lemma="haremu" pos="X">haremu</wf>
         <wf lemma="imao" pos="X">imao</wf>
         <wf lemma="brojne" pos="X">brojne</wf>
         <wf lemma="prekrasne" pos="X">prekrasne</wf>
         <wf lemma="žene" pos="X">žene</wf>
         <wf lemma="." pos="X">.</wf>
      </sentence>
      <sentence id="d000.s2367" source="wordnet-croatian">
         <wf lemma="Kada" pos="X">Kada</wf>
         <wf lemma="putujete" pos="X">putujete</wf>
         <wf lemma="u" pos="X">u</wf>
         <wf lemma="egzotične" pos="X">egzotične</wf>
         <wf lemma="zemlje" pos="X">zemlje</wf>
         <wf lemma="trebate" pos="X">trebate</wf>
         <wf lemma="poštovati" pos="X">poštovati</wf>
         <wf lemma="ondašnje" pos="X">ondašnje</wf>
         <instance id="d000.s2367.t000" lemma="običaj" pos="NOUN">običaje</instance>
         <wf lemma="." pos="X">.</wf>
      </sentence>
      <sentence id="d000.s2368" source="wordnet-croatian">
         <wf lemma="Prodavači" pos="X">Prodavači</wf>
         <wf lemma="često" pos="X">često</wf>
         <instance id="d000.s2368.t000" lemma="razrjeđivati" pos="VERB">razrjeđuju</instance>
         <wf lemma="maslinovo" pos="X">maslinovo</wf>
         <wf lemma="ulje" pos="X">ulje</wf>
         <wf lemma="." pos="X">.</wf>
      </sentence>
      <sentence id="d000.s2369" source="wordnet-croatian">
         <wf lemma="Osobama" pos="X">Osobama</wf>
         <wf lemma="s" pos="X">s</wf>
         <wf lemma="posebnim" pos="X">posebnim</wf>
         <wf lemma="potrebama" pos="X">potrebama</wf>
         <wf lemma="treba" pos="X">treba</wf>
         <instance id="d000.s2369.t000" lemma="olakšati" pos="VERB">olakšati</instance>
         <wf lemma="pristup" pos="X">pristup</wf>
         <wf lemma="javnim" pos="X">javnim</wf>
         <wf lemma="zgradama" pos="X">zgradama</wf>
         <wf lemma="." pos="X">.</wf>
      </sentence>
      <sentence id="d000.s2370" source="wordnet-croatian">
         <wf lemma="Njegova" pos="X">Njegova</wf>
         <wf lemma="je" pos="X">je</wf>
         <instance id="d000.s2370.t000" lemma="nemoć" pos="NOUN">nemoć</instance>
         <wf lemma="postajala" pos="X">postajala</wf>
         <wf lemma="sve" pos="X">sve</wf>
         <wf lemma="očitijom" pos="X">očitijom</wf>
         <wf lemma="iz" pos="X">iz</wf>
         <wf lemma="dana" pos="X">dana</wf>
         <wf lemma="u" pos="X">u</wf>
         <wf lemma="dan" pos="X">dan</wf>
         <wf lemma="." pos="X">.</wf>
      </sentence>
      <sentence id="d000.s2371" source="wordnet-croatian">
         <wf lemma="Među" pos="X">Među</wf>
         <wf lemma="Mirkom" pos="X">Mirkom</wf>
         <wf lemma="i" pos="X">i</wf>
         <wf lemma="Slavkom" pos="X">Slavkom</wf>
         <wf lemma="u" pos="X">u</wf>
         <wf lemma="zadnje" pos="X">zadnje</wf>
         <wf lemma="se" pos="X">se</wf>
         <wf lemma="vrijeme" pos="X">vrijeme</wf>
         <wf lemma="osjeća" pos="X">osjeća</wf>
         <wf lemma="jaki" pos="X">jaki</wf>
         <instance id="d000.s2371.t000" lemma="animozitet" pos="NOUN">animozitet</instance>
         <wf lemma="." pos="X">.</wf>
      </sentence>
      <sentence id="d000.s2372" source="wordnet-croatian">
         <instance id="d000.s2372.t000" lemma="dotaknuti" pos="VERB">Dotaknuo</instance>
         <wf lemma="je" pos="X">je</wf>
         <wf lemma="njenu" pos="X">njenu</wf>
         <wf lemma="ruku" pos="X">ruku</wf>
         <wf lemma="u" pos="X">u</wf>
         <wf lemma="tramvaju" pos="X">tramvaju</wf>
         <wf lemma="." pos="X">.</wf>
      </sentence>
      <sentence id="d000.s2373" source="wordnet-croatian">
         <instance id="d000.s2373.t000" lemma="kazniti" pos="VERB">Kaznili</instance>
         <wf lemma="su" pos="X">su</wf>
         <wf lemma="djecu" pos="X">djecu</wf>
         <wf lemma="zbog" pos="X">zbog</wf>
         <wf lemma="loših" pos="X">loših</wf>
         <wf lemma="ocjena" pos="X">ocjena</wf>
         <wf lemma="." pos="X">.</wf>
      </sentence>
      <sentence id="d000.s2374" source="wordnet-croatian">
         <wf lemma="Stavila" pos="X">Stavila</wf>
         <wf lemma="je" pos="X">je</wf>
         <instance id="d000.s2374.t000" lemma="umetak" pos="NOUN">umetke</instance>
         <wf lemma="u" pos="X">u</wf>
         <wf lemma="grudi" pos="X">grudi</wf>
         <wf lemma="." pos="X">.</wf>
      </sentence>
      <sentence id="d000.s2375" source="wordnet-croatian">
         <wf lemma="Iako" pos="X">Iako</wf>
         <wf lemma="mi" pos="X">mi</wf>
         <wf lemma="je" pos="X">je</wf>
         <wf lemma="bio" pos="X">bio</wf>
         <instance id="d000.s2375.t000" lemma="očuh" pos="NOUN">očuh</instance>
         <wf lemma="," pos="X">,</wf>
         <wf lemma="volio" pos="X">volio</wf>
         <wf lemma="me" pos="X">me</wf>
         <wf lemma="kao" pos="X">kao</wf>
         <wf lemma="vlastito" pos="X">vlastito</wf>
         <wf lemma="dijete" pos="X">dijete</wf>
         <wf lemma="." pos="X">.</wf>
      </sentence>
      <sentence id="d000.s2376" source="wordnet-croatian">
         <wf lemma="Svečana" pos="X">Svečana</wf>
         <wf lemma="večera" pos="X">večera</wf>
         <instance id="d000.s2376.t000" lemma="uključivati" pos="VERB">uključuje</instance>
         <wf lemma="i" pos="X">i</wf>
         <wf lemma="desert" pos="X">desert</wf>
         <wf lemma="." pos="X">.</wf>
      </sentence>
      <sentence id="d000.s2377" source="wordnet-croatian">
         <instance id="d000.s2377.t000" lemma="raspredati" pos="VERB">Raspredali</instance>
         <wf lemma="su" pos="X">su</wf>
         <wf lemma="o" pos="X">o</wf>
         <wf lemma="cijeni" pos="X">cijeni</wf>
         <wf lemma="žita" pos="X">žita</wf>
         <wf lemma="po" pos="X">po</wf>
         <wf lemma="cio" pos="X">cio</wf>
         <wf lemma="dan" pos="X">dan</wf>
         <wf lemma="." pos="X">.</wf>
      </sentence>
      <sentence id="d000.s2378" source="wordnet-croatian">
         <wf lemma="Dopuštena" pos="X">Dopuštena</wf>
         <wf lemma="dob" pos="X">dob</wf>
         <wf lemma="za" pos="X">za</wf>
         <wf lemma="konzumaciju" pos="X">konzumaciju</wf>
         <instance id="d000.s2378.t000" lemma="alkohol" pos="NOUN">alkohola</instance>
         <wf lemma="je" pos="X">je</wf>
         <wf lemma="18" pos="X">18</wf>
         <wf lemma="godina" pos="X">godina</wf>
         <wf lemma="." pos="X">.</wf>
      </sentence>
      <sentence id="d000.s2379" source="wordnet-croatian">
         <wf lemma="Predsjednik" pos="X">Predsjednik</wf>
         <wf lemma="je" pos="X">je</wf>
         <instance id="d000.s2379.t000" lemma="objaviti" pos="VERB">objavio</instance>
         <wf lemma="rat" pos="X">rat</wf>
         <wf lemma="." pos="X">.</wf>
      </sentence>
      <sentence id="d000.s2380" source="wordnet-croatian">
         <wf lemma="Vesna" pos="X">Vesna</wf>
         <instance id="d000.s2380.t000" lemma="djelovati" pos="VERB">djeluje</instance>
         <wf lemma="vrlo" pos="X">vrlo</wf>
         <wf lemma="sretno" pos="X">sretno</wf>
         <wf lemma="." pos="X">.</wf>
      </sentence>
      <sentence id="d000.s2381" source="wordnet-croatian">
         <instance id="d000.s2381.t000" lemma="zahtijevati" pos="VERB">Zahtijevam</instance>
         <wf lemma="da" pos="X">da</wf>
         <wf lemma="mi" pos="X">mi</wf>
         <wf lemma="se" pos="X">se</wf>
         <wf lemma="isplati" pos="X">isplati</wf>
         <wf lemma="moj" pos="X">moj</wf>
         <wf lemma="novac" pos="X">novac</wf>
         <wf lemma="!" pos="X">!</wf>
      </sentence>
      <sentence id="d000.s2382" source="wordnet-croatian">
         <wf lemma="Dvostrukui" pos="X">Dvostrukui</wf>
         <wf lemma="agent" pos="X">agent</wf>
         <wf lemma="je" pos="X">je</wf>
         <instance id="d000.s2382.t000" lemma="ucmekati" pos="VERB">ucmekan</instance>
         <wf lemma="na" pos="X">na</wf>
         <wf lemma="glavnom" pos="X">glavnom</wf>
         <wf lemma="trgu" pos="X">trgu</wf>
         <wf lemma="s" pos="X">s</wf>
         <wf lemma="tri" pos="X">tri</wf>
         <wf lemma="hica" pos="X">hica</wf>
         <wf lemma="u" pos="X">u</wf>
         <wf lemma="glavu" pos="X">glavu</wf>
         <wf lemma="." pos="X">.</wf>
      </sentence>
      <sentence id="d000.s2383" source="wordnet-croatian">
         <wf lemma="Žena" pos="X">Žena</wf>
         <wf lemma="mu" pos="X">mu</wf>
         <wf lemma="je" pos="X">je</wf>
         <wf lemma="bila" pos="X">bila</wf>
         <instance id="d000.s2383.t000" lemma="mrtav" pos="ADJ">mrtva</instance>
         <wf lemma="već" pos="X">već</wf>
         <wf lemma="godinama" pos="X">godinama</wf>
         <wf lemma="," pos="X">,</wf>
         <wf lemma="a" pos="X">a</wf>
         <wf lemma="on" pos="X">on</wf>
         <wf lemma="joj" pos="X">joj</wf>
         <wf lemma="je" pos="X">je</wf>
         <wf lemma="i" pos="X">i</wf>
         <wf lemma="dalje" pos="X">dalje</wf>
         <wf lemma="svakoga" pos="X">svakoga</wf>
         <wf lemma="dana" pos="X">dana</wf>
         <wf lemma="na" pos="X">na</wf>
         <wf lemma="grob" pos="X">grob</wf>
         <wf lemma="donosio" pos="X">donosio</wf>
         <wf lemma="crvene" pos="X">crvene</wf>
         <wf lemma="ruže" pos="X">ruže</wf>
         <wf lemma="." pos="X">.</wf>
      </sentence>
      <sentence id="d000.s2384" source="wordnet-croatian">
         <wf lemma="Ovdašnja" pos="X">Ovdašnja</wf>
         <wf lemma="klima" pos="X">klima</wf>
         <instance id="d000.s2384.t000" lemma="pogodovati" pos="VERB">pogoduje</instance>
         <wf lemma="raznim" pos="X">raznim</wf>
         <wf lemma="žitaricama" pos="X">žitaricama</wf>
         <wf lemma="." pos="X">.</wf>
      </sentence>
      <sentence id="d000.s2385" source="wordnet-croatian">
         <wf lemma="Prilikom" pos="X">Prilikom</wf>
         <wf lemma="rješavanja" pos="X">rješavanja</wf>
         <wf lemma="zadatka" pos="X">zadatka</wf>
         <wf lemma="treba" pos="X">treba</wf>
         <wf lemma="poštovati" pos="X">poštovati</wf>
         <wf lemma="navedeni" pos="X">navedeni</wf>
         <instance id="d000.s2385.t000" lemma="skup" pos="NOUN">skup</instance>
         <wf lemma="pravila" pos="X">pravila</wf>
         <wf lemma="." pos="X">.</wf>
      </sentence>
      <sentence id="d000.s2386" source="wordnet-croatian">
         <wf lemma="Sportske" pos="X">Sportske</wf>
         <instance id="d000.s2386.t000" lemma="čarapa" pos="NOUN">čarape</instance>
         <wf lemma="nikako" pos="X">nikako</wf>
         <wf lemma="ne" pos="X">ne</wf>
         <wf lemma="idu" pos="X">idu</wf>
         <wf lemma="na" pos="X">na</wf>
         <wf lemma="elegantne" pos="X">elegantne</wf>
         <wf lemma="cipele" pos="X">cipele</wf>
         <wf lemma="." pos="X">.</wf>
      </sentence>
      <sentence id="d000.s2387" source="wordnet-croatian">
         <instance id="d000.s2387.t000" lemma="raspored" pos="NOUN">Raspored</instance>
         <wf lemma="klupa" pos="X">klupa</wf>
         <wf lemma="u" pos="X">u</wf>
         <wf lemma="ovoj" pos="X">ovoj</wf>
         <wf lemma="predavaonici" pos="X">predavaonici</wf>
         <wf lemma="nije" pos="X">nije</wf>
         <wf lemma="prikladan" pos="X">prikladan</wf>
         <wf lemma="za" pos="X">za</wf>
         <wf lemma="efikasnu" pos="X">efikasnu</wf>
         <wf lemma="nastvu" pos="X">nastvu</wf>
         <wf lemma="." pos="X">.</wf>
      </sentence>
      <sentence id="d000.s2388" source="wordnet-croatian">
         <wf lemma="Avion" pos="X">Avion</wf>
         <wf lemma="se" pos="X">se</wf>
         <wf lemma="okrenuo" pos="X">okrenuo</wf>
         <wf lemma="nad" pos="X">nad</wf>
         <wf lemma="morem" pos="X">morem</wf>
         <wf lemma="i" pos="X">i</wf>
         <wf lemma="sletio" pos="X">sletio</wf>
         <wf lemma="na" pos="X">na</wf>
         <instance id="d000.s2388.t000" lemma="kopno" pos="NOUN">kopno</instance>
         <wf lemma="." pos="X">.</wf>
      </sentence>
      <sentence id="d000.s2389" source="wordnet-croatian">
         <wf lemma="Ako" pos="X">Ako</wf>
         <wf lemma="budeš" pos="X">budeš</wf>
         <wf lemma="dobar" pos="X">dobar</wf>
         <wf lemma="," pos="X">,</wf>
         <wf lemma="ići" pos="X">ići</wf>
         <wf lemma="ćeš" pos="X">ćeš</wf>
         <wf lemma="u" pos="X">u</wf>
         <instance id="d000.s2389.t000" lemma="raj" pos="NOUN">raj</instance>
         <wf lemma="." pos="X">.</wf>
      </sentence>
      <sentence id="d000.s2390" source="wordnet-croatian">
         <wf lemma="Hodali" pos="X">Hodali</wf>
         <wf lemma="su" pos="X">su</wf>
         <wf lemma="kroz" pos="X">kroz</wf>
         <wf lemma="tunel" pos="X">tunel</wf>
         <wf lemma="s" pos="X">s</wf>
         <instance id="d000.s2390.t000" lemma="nizak" pos="ADJ">niskim</instance>
         <wf lemma="stropom" pos="X">stropom</wf>
         <wf lemma="." pos="X">.</wf>
      </sentence>
      <sentence id="d000.s2391" source="wordnet-croatian">
         <wf lemma="Stopa" pos="X">Stopa</wf>
         <instance id="d000.s2391.t000" lemma="smrtnost" pos="NOUN">smrtnosti</instance>
         <wf lemma="novorođenčadi" pos="X">novorođenčadi</wf>
         <wf lemma="jedan" pos="X">jedan</wf>
         <wf lemma="je" pos="X">je</wf>
         <wf lemma="od" pos="X">od</wf>
         <wf lemma="glavnih" pos="X">glavnih</wf>
         <wf lemma="pokazatelja" pos="X">pokazatelja</wf>
         <wf lemma="razvijenosti" pos="X">razvijenosti</wf>
         <wf lemma="države" pos="X">države</wf>
         <wf lemma="." pos="X">.</wf>
      </sentence>
      <sentence id="d000.s2392" source="wordnet-croatian">
         <wf lemma="Kupio" pos="X">Kupio</wf>
         <wf lemma="je" pos="X">je</wf>
         <wf lemma="novi" pos="X">novi</wf>
         <wf lemma="stol" pos="X">stol</wf>
         <wf lemma="i" pos="X">i</wf>
         <wf lemma="šest" pos="X">šest</wf>
         <instance id="d000.s2392.t000" lemma="stolac" pos="NOUN">stolaca</instance>
         <wf lemma="." pos="X">.</wf>
      </sentence>
      <sentence id="d000.s2393" source="wordnet-croatian">
         <instance id="d000.s2393.t000" lemma="star" pos="ADJ">Stara</instance>
         <wf lemma="su" pos="X">su</wf>
         <wf lemma="vina" pos="X">vina</wf>
         <wf lemma="obično" pos="X">obično</wf>
         <wf lemma="vrlo" pos="X">vrlo</wf>
         <wf lemma="skupa" pos="X">skupa</wf>
         <wf lemma="," pos="X">,</wf>
         <wf lemma="ali" pos="X">ali</wf>
         <wf lemma="i" pos="X">i</wf>
         <wf lemma="kvalitetna" pos="X">kvalitetna</wf>
         <wf lemma="." pos="X">.</wf>
      </sentence>
      <sentence id="d000.s2394" source="wordnet-croatian">
         <wf lemma="Križni" pos="X">Križni</wf>
         <instance id="d000.s2394.t000" lemma="svod" pos="NOUN">svod</instance>
         <wf lemma="izum" pos="X">izum</wf>
         <wf lemma="je" pos="X">je</wf>
         <wf lemma="starih" pos="X">starih</wf>
         <wf lemma="Rimljana" pos="X">Rimljana</wf>
         <wf lemma="." pos="X">.</wf>
      </sentence>
      <sentence id="d000.s2395" source="wordnet-croatian">
         <wf lemma="Tajnica" pos="X">Tajnica</wf>
         <wf lemma="je" pos="X">je</wf>
         <instance id="d000.s2395.t000" lemma="propustiti" pos="VERB">propustila</instance>
         <wf lemma="obavijestiti" pos="X">obavijestiti</wf>
         <wf lemma="direktora" pos="X">direktora</wf>
         <wf lemma="o" pos="X">o</wf>
         <wf lemma="hitnom" pos="X">hitnom</wf>
         <wf lemma="sastanku" pos="X">sastanku</wf>
         <wf lemma="." pos="X">.</wf>
      </sentence>
      <sentence id="d000.s2396" source="wordnet-croatian">
         <wf lemma="Važno" pos="X">Važno</wf>
         <wf lemma="je" pos="X">je</wf>
         <wf lemma="na" pos="X">na</wf>
         <wf lemma="bicikl" pos="X">bicikl</wf>
         <wf lemma="staviti" pos="X">staviti</wf>
         <wf lemma="kvalitetan" pos="X">kvalitetan</wf>
         <instance id="d000.s2396.t000" lemma="lokot" pos="NOUN">lokot</instance>
         <wf lemma="." pos="X">.</wf>
      </sentence>
      <sentence id="d000.s2397" source="wordnet-croatian">
         <wf lemma="Našao" pos="X">Našao</wf>
         <wf lemma="se" pos="X">se</wf>
         <wf lemma="u" pos="X">u</wf>
         <instance id="d000.s2397.t000" lemma="nevolja" pos="NOUN">nevolji</instance>
         <wf lemma="zbog" pos="X">zbog</wf>
         <wf lemma="prokockanog" pos="X">prokockanog</wf>
         <wf lemma="novca" pos="X">novca</wf>
         <wf lemma="." pos="X">.</wf>
      </sentence>
      <sentence id="d000.s2398" source="wordnet-croatian">
         <wf lemma="Ovaj" pos="X">Ovaj</wf>
         <wf lemma="lijek" pos="X">lijek</wf>
         <wf lemma="je" pos="X">je</wf>
         <instance id="d000.s2398.t000" lemma="pogoršati" pos="VERB">pogoršao</instance>
         <wf lemma="stanje" pos="X">stanje</wf>
         <wf lemma="pacijenta" pos="X">pacijenta</wf>
         <wf lemma="." pos="X">.</wf>
      </sentence>
      <sentence id="d000.s2399" source="wordnet-croatian">
         <wf lemma="Na" pos="X">Na</wf>
         <wf lemma="temelju" pos="X">temelju</wf>
         <wf lemma="dosadašnjih" pos="X">dosadašnjih</wf>
         <wf lemma="rezultata" pos="X">rezultata</wf>
         <instance id="d000.s2399.t000" lemma="predviđati" pos="VERB">predviđam</instance>
         <wf lemma="joj" pos="X">joj</wf>
         <wf lemma="veliki" pos="X">veliki</wf>
         <wf lemma="uspjeh" pos="X">uspjeh</wf>
         <wf lemma="." pos="X">.</wf>
      </sentence>
      <sentence id="d000.s2400" source="wordnet-croatian">
         <wf lemma="Dobila" pos="X">Dobila</wf>
         <wf lemma="sam" pos="X">sam</wf>
         <wf lemma="bocu" pos="X">bocu</wf>
         <instance id="d000.s2400.t000" lemma="tokajac" pos="NOUN">tokajca</instance>
         <wf lemma="na" pos="X">na</wf>
         <wf lemma="poklon" pos="X">poklon</wf>
         <wf lemma="." pos="X">.</wf>
      </sentence>
      <sentence id="d000.s2401" source="wordnet-croatian">
         <wf lemma="Izvadila" pos="X">Izvadila</wf>
         <wf lemma="je" pos="X">je</wf>
         <wf lemma="oprano" pos="X">oprano</wf>
         <wf lemma="rublje" pos="X">rublje</wf>
         <wf lemma="iz" pos="X">iz</wf>
         <instance id="d000.s2401.t000" lemma="perilica" pos="NOUN">perilice</instance>
         <wf lemma="i" pos="X">i</wf>
         <wf lemma="objesila" pos="X">objesila</wf>
         <wf lemma="ga" pos="X">ga</wf>
         <wf lemma="da" pos="X">da</wf>
         <wf lemma="se" pos="X">se</wf>
         <wf lemma="posuši" pos="X">posuši</wf>
         <wf lemma="." pos="X">.</wf>
      </sentence>
      <sentence id="d000.s2402" source="wordnet-croatian">
         <wf lemma="Uspio" pos="X">Uspio</wf>
         <wf lemma="je" pos="X">je</wf>
         <wf lemma="svladati" pos="X">svladati</wf>
         <wf lemma="sve" pos="X">sve</wf>
         <instance id="d000.s2402.t000" lemma="prepreka" pos="NOUN">prepreke</instance>
         <wf lemma="i" pos="X">i</wf>
         <wf lemma="ostvariti" pos="X">ostvariti</wf>
         <wf lemma="svoj" pos="X">svoj</wf>
         <wf lemma="cilj" pos="X">cilj</wf>
         <wf lemma="." pos="X">.</wf>
      </sentence>
      <sentence id="d000.s2403" source="wordnet-croatian">
         <wf lemma="Bivši" pos="X">Bivši</wf>
         <wf lemma="njemački" pos="X">njemački</wf>
         <instance id="d000.s2403.t000" lemma="kancelar" pos="NOUN">kancelar</instance>
         <wf lemma="sadašnju" pos="X">sadašnju</wf>
         <wf lemma="situaciju" pos="X">situaciju</wf>
         <wf lemma="u" pos="X">u</wf>
         <wf lemma="zemlji" pos="X">zemlji</wf>
         <wf lemma="ne" pos="X">ne</wf>
         <wf lemma="smatra" pos="X">smatra</wf>
         <wf lemma="bajnom" pos="X">bajnom</wf>
         <wf lemma="." pos="X">.</wf>
      </sentence>
      <sentence id="d000.s2404" source="wordnet-croatian">
         <wf lemma="'" pos="X">'</wf>
         <wf lemma="'" pos="X">'</wf>
         <wf lemma="Da" pos="X">Da</wf>
         <wf lemma="'" pos="X">'</wf>
         <wf lemma="'" pos="X">'</wf>
         <wf lemma="i" pos="X">i</wf>
         <wf lemma="'" pos="X">'</wf>
         <wf lemma="'" pos="X">'</wf>
         <wf lemma="ne" pos="X">ne</wf>
         <wf lemma="'" pos="X">'</wf>
         <wf lemma="'" pos="X">'</wf>
         <wf lemma="su" pos="X">su</wf>
         <instance id="d000.s2404.t000" lemma="čestica" pos="NOUN">čestice</instance>
         <wf lemma="." pos="X">.</wf>
      </sentence>
      <sentence id="d000.s2405" source="wordnet-croatian">
         <wf lemma="Sva" pos="X">Sva</wf>
         <instance id="d000.s2405.t000" lemma="biće" pos="NOUN">bića</instance>
         <wf lemma="pod" pos="X">pod</wf>
         <wf lemma="ovim" pos="X">ovim</wf>
         <wf lemma="nebom" pos="X">nebom</wf>
         <wf lemma="žele" pos="X">žele</wf>
         <wf lemma="biti" pos="X">biti</wf>
         <wf lemma="voljena" pos="X">voljena</wf>
         <wf lemma="." pos="X">.</wf>
      </sentence>
      <sentence id="d000.s2406" source="wordnet-croatian">
         <wf lemma="Cijene" pos="X">Cijene</wf>
         <wf lemma="kuća" pos="X">kuća</wf>
         <wf lemma="u" pos="X">u</wf>
         <wf lemma="našem" pos="X">našem</wf>
         <wf lemma="kraju" pos="X">kraju</wf>
         <instance id="d000.s2406.t000" lemma="kretati" pos="VERB">kreću</instance>
         <wf lemma="od" pos="X">od</wf>
         <wf lemma="30" pos="X">30</wf>
         <wf lemma="000" pos="X">000</wf>
         <wf lemma="eura" pos="X">eura</wf>
         <wf lemma="." pos="X">.</wf>
      </sentence>
      <sentence id="d000.s2407" source="wordnet-croatian">
         <instance id="d000.s2407.t000" lemma="otmica" pos="NOUN">Otmice</instance>
         <wf lemma="mladih" pos="X">mladih</wf>
         <wf lemma="radi" pos="X">radi</wf>
         <wf lemma="trgovine" pos="X">trgovine</wf>
         <wf lemma="organa" pos="X">organa</wf>
         <wf lemma="česta" pos="X">česta</wf>
         <wf lemma="su" pos="X">su</wf>
         <wf lemma="pojava" pos="X">pojava</wf>
         <wf lemma="u" pos="X">u</wf>
         <wf lemma="nekim" pos="X">nekim</wf>
         <wf lemma="zemljama" pos="X">zemljama</wf>
         <wf lemma="." pos="X">.</wf>
      </sentence>
      <sentence id="d000.s2408" source="wordnet-croatian">
         <wf lemma="Olovna" pos="X">Olovna</wf>
         <instance id="d000.s2408.t000" lemma="prašina" pos="NOUN">prašina</instance>
         <wf lemma="može" pos="X">može</wf>
         <wf lemma="se" pos="X">se</wf>
         <wf lemma="nakupljati" pos="X">nakupljati</wf>
         <wf lemma="na" pos="X">na</wf>
         <wf lemma="zidovima" pos="X">zidovima</wf>
         <wf lemma="tvornice" pos="X">tvornice</wf>
         <wf lemma="i" pos="X">i</wf>
         <wf lemma="biti" pos="X">biti</wf>
         <wf lemma="pogubna" pos="X">pogubna</wf>
         <wf lemma="za" pos="X">za</wf>
         <wf lemma="zdravlje" pos="X">zdravlje</wf>
         <wf lemma="." pos="X">.</wf>
      </sentence>
      <sentence id="d000.s2409" source="wordnet-croatian">
         <wf lemma="Njegov" pos="X">Njegov</wf>
         <wf lemma="su" pos="X">su</wf>
         <wf lemma="snažan" pos="X">snažan</wf>
         <instance id="d000.s2409.t000" lemma="servis" pos="NOUN">servis</instance>
         <wf lemma="i" pos="X">i</wf>
         <wf lemma="najbolji" pos="X">najbolji</wf>
         <wf lemma="tenisači" pos="X">tenisači</wf>
         <wf lemma="s" pos="X">s</wf>
         <wf lemma="mukom" pos="X">mukom</wf>
         <wf lemma="vraćali" pos="X">vraćali</wf>
         <wf lemma="." pos="X">.</wf>
      </sentence>
      <sentence id="d000.s2410" source="wordnet-croatian">
         <instance id="d000.s2410.t000" lemma="odvodnja" pos="NOUN">Odvodnja</instance>
         <wf lemma="kanalizacije" pos="X">kanalizacije</wf>
         <wf lemma="mora" pos="X">mora</wf>
         <wf lemma="se" pos="X">se</wf>
         <wf lemma="nanovo" pos="X">nanovo</wf>
         <wf lemma="obaviti" pos="X">obaviti</wf>
         <wf lemma="." pos="X">.</wf>
      </sentence>
      <sentence id="d000.s2411" source="wordnet-croatian">
         <wf lemma="Nikad" pos="X">Nikad</wf>
         <wf lemma="ne" pos="X">ne</wf>
         <wf lemma="zaboravi" pos="X">zaboravi</wf>
         <wf lemma="da" pos="X">da</wf>
         <wf lemma="u" pos="X">u</wf>
         <wf lemma="smrtnom" pos="X">smrtnom</wf>
         <wf lemma="ćeš" pos="X">ćeš</wf>
         <wf lemma="času" pos="X">času</wf>
         <instance id="d000.s2411.t000" lemma="zazivati" pos="VERB">zazivati</instance>
         <wf lemma="Božje" pos="X">Božje</wf>
         <wf lemma="ime" pos="X">ime</wf>
         <wf lemma="!" pos="X">!</wf>
      </sentence>
      <sentence id="d000.s2412" source="wordnet-croatian">
         <wf lemma="Taj" pos="X">Taj</wf>
         <wf lemma="problem" pos="X">problem</wf>
         <wf lemma="ne" pos="X">ne</wf>
         <instance id="d000.s2412.t000" lemma="pripadati" pos="VERB">pripada</instance>
         <wf lemma="mojoj" pos="X">mojoj</wf>
         <wf lemma="domeni" pos="X">domeni</wf>
         <wf lemma="rada" pos="X">rada</wf>
         <wf lemma="." pos="X">.</wf>
      </sentence>
      <sentence id="d000.s2413" source="wordnet-croatian">
         <wf lemma="Tata" pos="X">Tata</wf>
         <wf lemma="je" pos="X">je</wf>
         <instance id="d000.s2413.t000" lemma="zabiti" pos="VERB">zabio</instance>
         <wf lemma="daske" pos="X">daske</wf>
         <wf lemma="na" pos="X">na</wf>
         <wf lemma="prozore" pos="X">prozore</wf>
         <wf lemma="kako" pos="X">kako</wf>
         <wf lemma="bi" pos="X">bi</wf>
         <wf lemma="ih" pos="X">ih</wf>
         <wf lemma="zaštitio" pos="X">zaštitio</wf>
         <wf lemma="od" pos="X">od</wf>
         <wf lemma="olujnog" pos="X">olujnog</wf>
         <wf lemma="vjetra" pos="X">vjetra</wf>
         <wf lemma="." pos="X">.</wf>
      </sentence>
      <sentence id="d000.s2414" source="wordnet-croatian">
         <wf lemma="Na" pos="X">Na</wf>
         <instance id="d000.s2414.t000" lemma="seminar" pos="NOUN">seminarima</instance>
         <wf lemma="primijenjujemo" pos="X">primijenjujemo</wf>
         <wf lemma="teoriju" pos="X">teoriju</wf>
         <wf lemma="koju" pos="X">koju</wf>
         <wf lemma="ste" pos="X">ste</wf>
         <wf lemma="čuli" pos="X">čuli</wf>
         <wf lemma="na" pos="X">na</wf>
         <wf lemma="predavanjima" pos="X">predavanjima</wf>
         <wf lemma="." pos="X">.</wf>
      </sentence>
      <sentence id="d000.s2415" source="wordnet-croatian">
         <instance id="d000.s2415.t000" lemma="otpočinjati" pos="VERB">Otpočinje</instance>
         <wf lemma="dan" pos="X">dan</wf>
         <wf lemma="jutarnjom" pos="X">jutarnjom</wf>
         <wf lemma="gimnastikom" pos="X">gimnastikom</wf>
         <wf lemma="." pos="X">.</wf>
      </sentence>
      <sentence id="d000.s2416" source="wordnet-croatian">
         <instance id="d000.s2416.t000" lemma="fanatizam" pos="NOUN">Fanatizam</instance>
         <wf lemma="se" pos="X">se</wf>
         <wf lemma="može" pos="X">može</wf>
         <wf lemma="pojaviti" pos="X">pojaviti</wf>
         <wf lemma="bilo" pos="X">bilo</wf>
         <wf lemma="gdje" pos="X">gdje</wf>
         <wf lemma="i" pos="X">i</wf>
         <wf lemma="bilo" pos="X">bilo</wf>
         <wf lemma="kada" pos="X">kada</wf>
         <wf lemma="," pos="X">,</wf>
         <wf lemma="a" pos="X">a</wf>
         <wf lemma="osobito" pos="X">osobito</wf>
         <wf lemma="je" pos="X">je</wf>
         <wf lemma="čest" pos="X">čest</wf>
         <wf lemma="u" pos="X">u</wf>
         <wf lemma="religiji" pos="X">religiji</wf>
         <wf lemma="," pos="X">,</wf>
         <wf lemma="sportu" pos="X">sportu</wf>
         <wf lemma="i" pos="X">i</wf>
         <wf lemma="politici" pos="X">politici</wf>
         <wf lemma="." pos="X">.</wf>
      </sentence>
      <sentence id="d000.s2417" source="wordnet-croatian">
         <wf lemma="Dignula" pos="X">Dignula</wf>
         <wf lemma="je" pos="X">je</wf>
         <wf lemma="nogu" pos="X">nogu</wf>
         <wf lemma="pod" pos="X">pod</wf>
         <instance id="d000.s2417.t000" lemma="kut" pos="NOUN">kutom</instance>
         <wf lemma="od" pos="X">od</wf>
         <wf lemma="90" pos="X">90</wf>
         <wf lemma="stupnjeva" pos="X">stupnjeva</wf>
         <wf lemma="." pos="X">.</wf>
      </sentence>
      <sentence id="d000.s2418" source="wordnet-croatian">
         <wf lemma="Njegov" pos="X">Njegov</wf>
         <wf lemma="je" pos="X">je</wf>
         <wf lemma="rad" pos="X">rad</wf>
         <wf lemma="ocijenjen" pos="X">ocijenjen</wf>
         <wf lemma="kao" pos="X">kao</wf>
         <wf lemma="jako" pos="X">jako</wf>
         <instance id="d000.s2418.t000" lemma="dobar" pos="ADJ">dobar</instance>
         <wf lemma="." pos="X">.</wf>
      </sentence>
      <sentence id="d000.s2419" source="wordnet-croatian">
         <wf lemma="Pratim" pos="X">Pratim</wf>
         <instance id="d000.s2419.t000" lemma="tok" pos="NOUN">tok</instance>
         <wf lemma="rijeke" pos="X">rijeke</wf>
         <wf lemma="pogledom" pos="X">pogledom</wf>
         <wf lemma="." pos="X">.</wf>
      </sentence>
      <sentence id="d000.s2420" source="wordnet-croatian">
         <wf lemma="Mirko" pos="X">Mirko</wf>
         <wf lemma="i" pos="X">i</wf>
         <wf lemma="Slavko" pos="X">Slavko</wf>
         <wf lemma="bili" pos="X">bili</wf>
         <wf lemma="su" pos="X">su</wf>
         <instance id="d000.s2420.t000" lemma="izvidnica" pos="NOUN">izvidnica</instance>
         <wf lemma="za" pos="X">za</wf>
         <wf lemma="13." pos="X">13.</wf>
         <wf lemma="diviziju" pos="X">diviziju</wf>
         <wf lemma="." pos="X">.</wf>
      </sentence>
      <sentence id="d000.s2421" source="wordnet-croatian">
         <instance id="d000.s2421.t000" lemma="nagađati" pos="VERB">Nagađam</instance>
         <wf lemma="da" pos="X">da</wf>
         <wf lemma="će" pos="X">će</wf>
         <wf lemma="cijene" pos="X">cijene</wf>
         <wf lemma="nekretnina" pos="X">nekretnina</wf>
         <wf lemma="početi" pos="X">početi</wf>
         <wf lemma="padati" pos="X">padati</wf>
         <wf lemma="." pos="X">.</wf>
      </sentence>
      <sentence id="d000.s2422" source="wordnet-croatian">
         <instance id="d000.s2422.t000" lemma="udruženje" pos="NOUN">Udruženje</instance>
         <wf lemma="lovaca" pos="X">lovaca</wf>
         <wf lemma="se" pos="X">se</wf>
         <wf lemma="zalaže" pos="X">zalaže</wf>
         <wf lemma="za" pos="X">za</wf>
         <wf lemma="veće" pos="X">veće</wf>
         <wf lemma="kvote" pos="X">kvote</wf>
         <wf lemma="odstrela" pos="X">odstrela</wf>
         <wf lemma="." pos="X">.</wf>
      </sentence>
      <sentence id="d000.s2423" source="wordnet-croatian">
         <wf lemma="Prije" pos="X">Prije</wf>
         <wf lemma="par" pos="X">par</wf>
         <wf lemma="dana" pos="X">dana</wf>
         <instance id="d000.s2423.t000" lemma="prestraviti" pos="VERB">prestravila</instance>
         <wf lemma="me" pos="X">me</wf>
         <wf lemma="je" pos="X">je</wf>
         <wf lemma="vijest" pos="X">vijest</wf>
         <wf lemma="o" pos="X">o</wf>
         <wf lemma="pojavi" pos="X">pojavi</wf>
         <wf lemma="novog" pos="X">novog</wf>
         <wf lemma="tipa" pos="X">tipa</wf>
         <wf lemma="virusa" pos="X">virusa</wf>
         <wf lemma="gripe" pos="X">gripe</wf>
         <wf lemma="." pos="X">.</wf>
      </sentence>
      <sentence id="d000.s2424" source="wordnet-croatian">
         <wf lemma="Visoka" pos="X">Visoka</wf>
         <wf lemma="temeperatura" pos="X">temeperatura</wf>
         <wf lemma="je" pos="X">je</wf>
         <instance id="d000.s2424.t000" lemma="ukazivati" pos="VERB">ukazivala</instance>
         <wf lemma="da" pos="X">da</wf>
         <wf lemma="se" pos="X">se</wf>
         <wf lemma="radi" pos="X">radi</wf>
         <wf lemma="o" pos="X">o</wf>
         <wf lemma="težoj" pos="X">težoj</wf>
         <wf lemma="bolesti" pos="X">bolesti</wf>
         <wf lemma="." pos="X">.</wf>
      </sentence>
      <sentence id="d000.s2425" source="wordnet-croatian">
         <wf lemma="Policajci" pos="X">Policajci</wf>
         <wf lemma="su" pos="X">su</wf>
         <wf lemma="pretražili" pos="X">pretražili</wf>
         <wf lemma="čitav" pos="X">čitav</wf>
         <instance id="d000.s2425.t000" lemma="okrug" pos="NOUN">okrug</instance>
         <wf lemma="u" pos="X">u</wf>
         <wf lemma="potrazi" pos="X">potrazi</wf>
         <wf lemma="za" pos="X">za</wf>
         <wf lemma="kriminalcem" pos="X">kriminalcem</wf>
         <wf lemma="." pos="X">.</wf>
      </sentence>
      <sentence id="d000.s2426" source="wordnet-croatian">
         <wf lemma="Tijekom" pos="X">Tijekom</wf>
         <wf lemma="treninga" pos="X">treninga</wf>
         <wf lemma="pse" pos="X">pse</wf>
         <wf lemma="se" pos="X">se</wf>
         <wf lemma="treba" pos="X">treba</wf>
         <wf lemma="nagrađivati" pos="X">nagrađivati</wf>
         <instance id="d000.s2426.t000" lemma="poslastica" pos="NOUN">poslasticama</instance>
         <wf lemma="za" pos="X">za</wf>
         <wf lemma="poslušnost" pos="X">poslušnost</wf>
         <wf lemma="." pos="X">.</wf>
      </sentence>
      <sentence id="d000.s2427" source="wordnet-croatian">
         <wf lemma="Stari" pos="X">Stari</wf>
         <instance id="d000.s2427.t000" lemma="rival" pos="NOUN">rivali</instance>
         <wf lemma="ponovno" pos="X">ponovno</wf>
         <wf lemma="će" pos="X">će</wf>
         <wf lemma="odmjeriti" pos="X">odmjeriti</wf>
         <wf lemma="snage" pos="X">snage</wf>
         <wf lemma="." pos="X">.</wf>
      </sentence>
      <sentence id="d000.s2428" source="wordnet-croatian">
         <wf lemma="Dijete" pos="X">Dijete</wf>
         <wf lemma="je" pos="X">je</wf>
         <wf lemma="namjerno" pos="X">namjerno</wf>
         <instance id="d000.s2428.t000" lemma="razbiti" pos="VERB">razbilo</instance>
         <wf lemma="bakine" pos="X">bakine</wf>
         <wf lemma="šalice" pos="X">šalice</wf>
         <wf lemma="." pos="X">.</wf>
      </sentence>
      <sentence id="d000.s2429" source="wordnet-croatian">
         <wf lemma="Zastupnički" pos="X">Zastupnički</wf>
         <wf lemma="ga" pos="X">ga</wf>
         <wf lemma="je" pos="X">je</wf>
         <instance id="d000.s2429.t000" lemma="imunitet" pos="NOUN">imunitet</instance>
         <wf lemma="spasio" pos="X">spasio</wf>
         <wf lemma="od" pos="X">od</wf>
         <wf lemma="suđenja" pos="X">suđenja</wf>
         <wf lemma="." pos="X">.</wf>
      </sentence>
      <sentence id="d000.s2430" source="wordnet-croatian">
         <instance id="d000.s2430.t000" lemma="čajnik" pos="NOUN">Čajnik</instance>
         <wf lemma="je" pos="X">je</wf>
         <wf lemma="pištao" pos="X">pištao</wf>
         <wf lemma="upozoravajući" pos="X">upozoravajući</wf>
         <wf lemma="da" pos="X">da</wf>
         <wf lemma="je" pos="X">je</wf>
         <wf lemma="voda" pos="X">voda</wf>
         <wf lemma="zakipjela" pos="X">zakipjela</wf>
         <wf lemma="." pos="X">.</wf>
      </sentence>
      <sentence id="d000.s2431" source="wordnet-croatian">
         <wf lemma="Kroz" pos="X">Kroz</wf>
         <instance id="d000.s2431.t000" lemma="prolaz" pos="NOUN">prolaz</instance>
         <wf lemma="između" pos="X">između</wf>
         <wf lemma="dviju" pos="X">dviju</wf>
         <wf lemma="ulica" pos="X">ulica</wf>
         <wf lemma="nije" pos="X">nije</wf>
         <wf lemma="se" pos="X">se</wf>
         <wf lemma="moglo" pos="X">moglo</wf>
         <wf lemma="proći" pos="X">proći</wf>
         <wf lemma="autom" pos="X">autom</wf>
         <wf lemma="." pos="X">.</wf>
      </sentence>
      <sentence id="d000.s2432" source="wordnet-croatian">
         <instance id="d000.s2432.t000" lemma="očekivati" pos="VERB">Očekuju</instance>
         <wf lemma="prinovu" pos="X">prinovu</wf>
         <wf lemma="u" pos="X">u</wf>
         <wf lemma="ožujku" pos="X">ožujku</wf>
         <wf lemma="." pos="X">.</wf>
      </sentence>
      <sentence id="d000.s2433" source="wordnet-croatian">
         <wf lemma="Prebojala" pos="X">Prebojala</wf>
         <wf lemma="je" pos="X">je</wf>
         <wf lemma="sav" pos="X">sav</wf>
         <wf lemma="namještaj" pos="X">namještaj</wf>
         <wf lemma="u" pos="X">u</wf>
         <wf lemma="bijelu" pos="X">bijelu</wf>
         <instance id="d000.s2433.t000" lemma="boja" pos="NOUN">boju</instance>
         <wf lemma="." pos="X">.</wf>
      </sentence>
      <sentence id="d000.s2434" source="wordnet-croatian">
         <wf lemma="U" pos="X">U</wf>
         <instance id="d000.s2434.t000" lemma="imaginacija" pos="NOUN">imaginaciji</instance>
         <wf lemma="popularnih" pos="X">popularnih</wf>
         <wf lemma="pisaca" pos="X">pisaca</wf>
         <wf lemma="nastaju" pos="X">nastaju</wf>
         <wf lemma="svjetovi" pos="X">svjetovi</wf>
         <wf lemma="puni" pos="X">puni</wf>
         <wf lemma="demona" pos="X">demona</wf>
         <wf lemma="i" pos="X">i</wf>
         <wf lemma="mitskih" pos="X">mitskih</wf>
         <wf lemma="bića" pos="X">bića</wf>
         <wf lemma="." pos="X">.</wf>
      </sentence>
      <sentence id="d000.s2435" source="wordnet-croatian">
         <wf lemma="Odnijela" pos="X">Odnijela</wf>
         <wf lemma="je" pos="X">je</wf>
         <instance id="d000.s2435.t000" lemma="film" pos="NOUN">film</instance>
         <wf lemma="na" pos="X">na</wf>
         <wf lemma="razvijanje" pos="X">razvijanje</wf>
         <wf lemma="i" pos="X">i</wf>
         <wf lemma="nestrpljivo" pos="X">nestrpljivo</wf>
         <wf lemma="čekala" pos="X">čekala</wf>
         <wf lemma="fotografije" pos="X">fotografije</wf>
         <wf lemma="." pos="X">.</wf>
      </sentence>
      <sentence id="d000.s2436" source="wordnet-croatian">
         <wf lemma="Zimi" pos="X">Zimi</wf>
         <wf lemma="nije" pos="X">nije</wf>
         <wf lemma="izlazila" pos="X">izlazila</wf>
         <wf lemma="iz" pos="X">iz</wf>
         <wf lemma="kuće" pos="X">kuće</wf>
         <wf lemma="bez" pos="X">bez</wf>
         <wf lemma="toplih" pos="X">toplih</wf>
         <instance id="d000.s2436.t000" lemma="rukavica" pos="NOUN">rukavica</instance>
         <wf lemma="." pos="X">.</wf>
      </sentence>
      <sentence id="d000.s2437" source="wordnet-croatian">
         <instance id="d000.s2437.t000" lemma="pogledati" pos="VERB">Pogledaj</instance>
         <wf lemma="u" pos="X">u</wf>
         <wf lemma="dućan" pos="X">dućan</wf>
         <wf lemma="pokraj" pos="X">pokraj</wf>
         <wf lemma="," pos="X">,</wf>
         <wf lemma="možda" pos="X">možda</wf>
         <wf lemma="tamo" pos="X">tamo</wf>
         <wf lemma="drže" pos="X">drže</wf>
         <wf lemma="odjeću" pos="X">odjeću</wf>
         <wf lemma="!" pos="X">!</wf>
      </sentence>
      <sentence id="d000.s2438" source="wordnet-croatian">
         <wf lemma="Nije" pos="X">Nije</wf>
         <wf lemma="se" pos="X">se</wf>
         <wf lemma="ograničavao" pos="X">ograničavao</wf>
         <wf lemma="na" pos="X">na</wf>
         <wf lemma="samo" pos="X">samo</wf>
         <wf lemma="jednu" pos="X">jednu</wf>
         <wf lemma="znanstvenu" pos="X">znanstvenu</wf>
         <instance id="d000.s2438.t000" lemma="domena" pos="NOUN">domenu</instance>
         <wf lemma="i" pos="X">i</wf>
         <wf lemma="zato" pos="X">zato</wf>
         <wf lemma="je" pos="X">je</wf>
         <wf lemma="uočio" pos="X">uočio</wf>
         <wf lemma="probleme" pos="X">probleme</wf>
         <wf lemma="koje" pos="X">koje</wf>
         <wf lemma="su" pos="X">su</wf>
         <wf lemma="drugi" pos="X">drugi</wf>
         <wf lemma="previdjeli" pos="X">previdjeli</wf>
         <wf lemma="." pos="X">.</wf>
      </sentence>
      <sentence id="d000.s2439" source="wordnet-croatian">
         <wf lemma="Zdravstveni" pos="X">Zdravstveni</wf>
         <wf lemma="radnici" pos="X">radnici</wf>
         <wf lemma="na" pos="X">na</wf>
         <wf lemma="radnom" pos="X">radnom</wf>
         <wf lemma="mjestu" pos="X">mjestu</wf>
         <wf lemma="najčešće" pos="X">najčešće</wf>
         <wf lemma="nose" pos="X">nose</wf>
         <instance id="d000.s2439.t000" lemma="klompa" pos="NOUN">klompe</instance>
         <wf lemma="." pos="X">.</wf>
      </sentence>
      <sentence id="d000.s2440" source="wordnet-croatian">
         <instance id="d000.s2440.t000" lemma="imitiranje" pos="NOUN">Imitiranje</instance>
         <wf lemma="oblačenja" pos="X">oblačenja</wf>
         <wf lemma="slavnih" pos="X">slavnih</wf>
         <wf lemma="osoba" pos="X">osoba</wf>
         <wf lemma="uzelo" pos="X">uzelo</wf>
         <wf lemma="je" pos="X">je</wf>
         <wf lemma="maha" pos="X">maha</wf>
         <wf lemma="među" pos="X">među</wf>
         <wf lemma="tinejdžerima" pos="X">tinejdžerima</wf>
         <wf lemma="." pos="X">.</wf>
      </sentence>
      <sentence id="d000.s2441" source="wordnet-croatian">
         <instance id="d000.s2441.t000" lemma="ulaganje" pos="NOUN">Ulaganje</instance>
         <wf lemma="u" pos="X">u</wf>
         <wf lemma="nekretnine" pos="X">nekretnine</wf>
         <wf lemma="ne" pos="X">ne</wf>
         <wf lemma="isplati" pos="X">isplati</wf>
         <wf lemma="se" pos="X">se</wf>
         <wf lemma="danas" pos="X">danas</wf>
         <wf lemma="kao" pos="X">kao</wf>
         <wf lemma="nekada" pos="X">nekada</wf>
         <wf lemma="." pos="X">.</wf>
      </sentence>
      <sentence id="d000.s2442" source="wordnet-croatian">
         <wf lemma="Iz" pos="X">Iz</wf>
         <instance id="d000.s2442.t000" lemma="baza" pos="NOUN">baze</instance>
         <wf lemma="se" pos="X">se</wf>
         <wf lemma="uzdiže" pos="X">uzdiže</wf>
         <wf lemma="visok" pos="X">visok</wf>
         <wf lemma="stup" pos="X">stup</wf>
         <wf lemma="." pos="X">.</wf>
      </sentence>
      <sentence id="d000.s2443" source="wordnet-croatian">
         <wf lemma="Njihova" pos="X">Njihova</wf>
         <wf lemma="se" pos="X">se</wf>
         <wf lemma="porodica" pos="X">porodica</wf>
         <wf lemma="dičila" pos="X">dičila</wf>
         <wf lemma="svojim" pos="X">svojim</wf>
         <instance id="d000.s2443.t000" lemma="emblem" pos="NOUN">emblemom</instance>
         <wf lemma="." pos="X">.</wf>
      </sentence>
      <sentence id="d000.s2444" source="wordnet-croatian">
         <wf lemma="Javni" pos="X">Javni</wf>
         <wf lemma="prijevoz" pos="X">prijevoz</wf>
         <wf lemma="često" pos="X">često</wf>
         <wf lemma="je" pos="X">je</wf>
         <wf lemma="uzrok" pos="X">uzrok</wf>
         <wf lemma="raznoraznog" pos="X">raznoraznog</wf>
         <instance id="d000.s2444.t000" lemma="uzrujavanje" pos="NOUN">uzrujavanja</instance>
         <wf lemma="." pos="X">.</wf>
      </sentence>
      <sentence id="d000.s2445" source="wordnet-croatian">
         <wf lemma="Kuharica" pos="X">Kuharica</wf>
         <wf lemma="je" pos="X">je</wf>
         <wf lemma="prilikom" pos="X">prilikom</wf>
         <wf lemma="spravljanja" pos="X">spravljanja</wf>
         <wf lemma="ručka" pos="X">ručka</wf>
         <instance id="d000.s2445.t000" lemma="uroniti" pos="VERB">uronila</instance>
         <wf lemma="odereske" pos="X">odereske</wf>
         <wf lemma="u" pos="X">u</wf>
         <wf lemma="umak" pos="X">umak</wf>
         <wf lemma="." pos="X">.</wf>
      </sentence>
      <sentence id="d000.s2446" source="wordnet-croatian">
         <wf lemma="Demokratski" pos="X">Demokratski</wf>
         <wf lemma="režmi" pos="X">režmi</wf>
         <wf lemma="zagovaraju" pos="X">zagovaraju</wf>
         <instance id="d000.s2446.t000" lemma="istost" pos="NOUN">istost</instance>
         <wf lemma="svih" pos="X">svih</wf>
         <wf lemma="(" pos="X">(</wf>
         <wf lemma="nekadašnjih" pos="X">nekadašnjih</wf>
         <wf lemma=")" pos="X">)</wf>
         <wf lemma="staleža" pos="X">staleža</wf>
         <wf lemma="." pos="X">.</wf>
      </sentence>
      <sentence id="d000.s2447" source="wordnet-croatian">
         <wf lemma="Jedva" pos="X">Jedva</wf>
         <wf lemma="je" pos="X">je</wf>
         <wf lemma="ostao" pos="X">ostao</wf>
         <instance id="d000.s2447.t000" lemma="živ" pos="ADJ">živ</instance>
         <wf lemma="nakon" pos="X">nakon</wf>
         <wf lemma="teške" pos="X">teške</wf>
         <wf lemma="automobilske" pos="X">automobilske</wf>
         <wf lemma="nesreće" pos="X">nesreće</wf>
         <wf lemma="." pos="X">.</wf>
      </sentence>
      <sentence id="d000.s2448" source="wordnet-croatian">
         <wf lemma="Znanje" pos="X">Znanje</wf>
         <wf lemma="je" pos="X">je</wf>
         <wf lemma="pravi" pos="X">pravi</wf>
         <instance id="d000.s2448.t000" lemma="put" pos="NOUN">put</instance>
         <wf lemma="do" pos="X">do</wf>
         <wf lemma="uspjeha" pos="X">uspjeha</wf>
         <wf lemma="." pos="X">.</wf>
      </sentence>
      <sentence id="d000.s2449" source="wordnet-croatian">
         <wf lemma="Došlo" pos="X">Došlo</wf>
         <wf lemma="je" pos="X">je</wf>
         <wf lemma="do" pos="X">do</wf>
         <wf lemma="nenadanog" pos="X">nenadanog</wf>
         <wf lemma="kvara" pos="X">kvara</wf>
         <wf lemma="u" pos="X">u</wf>
         <wf lemma="računalnom" pos="X">računalnom</wf>
         <instance id="d000.s2449.t000" lemma="sustav" pos="NOUN">sustavu</instance>
         <wf lemma="fakulteta" pos="X">fakulteta</wf>
         <wf lemma="." pos="X">.</wf>
      </sentence>
      <sentence id="d000.s2450" source="wordnet-croatian">
         <wf lemma="Nakon" pos="X">Nakon</wf>
         <wf lemma="nesreće" pos="X">nesreće</wf>
         <wf lemma="su" pos="X">su</wf>
         <wf lemma="hitno" pos="X">hitno</wf>
         <instance id="d000.s2450.t000" lemma="poslati" pos="VERB">poslali</instance>
         <wf lemma="po" pos="X">po</wf>
         <wf lemma="liječnika" pos="X">liječnika</wf>
         <wf lemma="." pos="X">.</wf>
      </sentence>
      <sentence id="d000.s2451" source="wordnet-croatian">
         <wf lemma="Njegovi" pos="X">Njegovi</wf>
         <wf lemma="se" pos="X">se</wf>
         <wf lemma="grozni" pos="X">grozni</wf>
         <wf lemma="postupci" pos="X">postupci</wf>
         <wf lemma="mogu" pos="X">mogu</wf>
         <wf lemma="dobro" pos="X">dobro</wf>
         <wf lemma="okarakterizirati" pos="X">okarakterizirati</wf>
         <wf lemma="samo" pos="X">samo</wf>
         <instance id="d000.s2451.t000" lemma="kakofemizam" pos="NOUN">kakofemizmima</instance>
         <wf lemma="." pos="X">.</wf>
      </sentence>
      <sentence id="d000.s2452" source="wordnet-croatian">
         <wf lemma="Kupila" pos="X">Kupila</wf>
         <wf lemma="je" pos="X">je</wf>
         <wf lemma="nove" pos="X">nove</wf>
         <instance id="d000.s2452.t000" lemma="slušalica" pos="NOUN">slušalice</instance>
         <wf lemma="za" pos="X">za</wf>
         <wf lemma="slušanje" pos="X">slušanje</wf>
         <wf lemma="glazbe" pos="X">glazbe</wf>
         <wf lemma="preko" pos="X">preko</wf>
         <wf lemma="mobitela" pos="X">mobitela</wf>
         <wf lemma="." pos="X">.</wf>
      </sentence>
      <sentence id="d000.s2453" source="wordnet-croatian">
         <wf lemma="Njezin" pos="X">Njezin</wf>
         <wf lemma="je" pos="X">je</wf>
         <instance id="d000.s2453.t000" lemma="predak" pos="NOUN">predak</instance>
         <wf lemma="bio" pos="X">bio</wf>
         <wf lemma="slavni" pos="X">slavni</wf>
         <wf lemma="spisatelj" pos="X">spisatelj</wf>
         <wf lemma="." pos="X">.</wf>
      </sentence>
      <sentence id="d000.s2454" source="wordnet-croatian">
         <wf lemma="Račun" pos="X">Račun</wf>
         <wf lemma="za" pos="X">za</wf>
         <wf lemma="večeru" pos="X">večeru</wf>
         <wf lemma="u" pos="X">u</wf>
         <wf lemma="novootvorenom" pos="X">novootvorenom</wf>
         <wf lemma="restoranu" pos="X">restoranu</wf>
         <instance id="d000.s2454.t000" lemma="iznositi" pos="VERB">iznosio</instance>
         <wf lemma="je" pos="X">je</wf>
         <wf lemma="tri" pos="X">tri</wf>
         <wf lemma="puta" pos="X">puta</wf>
         <wf lemma="više" pos="X">više</wf>
         <wf lemma="od" pos="X">od</wf>
         <wf lemma="naših" pos="X">naših</wf>
         <wf lemma="očekivanja" pos="X">očekivanja</wf>
         <wf lemma="." pos="X">.</wf>
      </sentence>
      <sentence id="d000.s2455" source="wordnet-croatian">
         <wf lemma="Taj" pos="X">Taj</wf>
         <wf lemma="tvoj" pos="X">tvoj</wf>
         <instance id="d000.s2455.t000" lemma="kompanjon" pos="NOUN">kompanjon</instance>
         <wf lemma="uvijek" pos="X">uvijek</wf>
         <wf lemma="mora" pos="X">mora</wf>
         <wf lemma="ići" pos="X">ići</wf>
         <wf lemma="s" pos="X">s</wf>
         <wf lemma="nama" pos="X">nama</wf>
         <wf lemma="na" pos="X">na</wf>
         <wf lemma="večeru" pos="X">večeru</wf>
         <wf lemma="." pos="X">.</wf>
      </sentence>
      <sentence id="d000.s2456" source="wordnet-croatian">
         <wf lemma="Stotine" pos="X">Stotine</wf>
         <wf lemma="ljudi" pos="X">ljudi</wf>
         <wf lemma="je" pos="X">je</wf>
         <wf lemma="prisustvovalo" pos="X">prisustvovalo</wf>
         <wf lemma="na" pos="X">na</wf>
         <wf lemma="krunidbenoj" pos="X">krunidbenoj</wf>
         <instance id="d000.s2456.t000" lemma="ceremonija" pos="NOUN">ceremoniji</instance>
         <wf lemma="." pos="X">.</wf>
      </sentence>
      <sentence id="d000.s2457" source="wordnet-croatian">
         <wf lemma="Zbog" pos="X">Zbog</wf>
         <instance id="d000.s2457.t000" lemma="previd" pos="NOUN">previda</instance>
         <wf lemma="u" pos="X">u</wf>
         <wf lemma="knjigama" pos="X">knjigama</wf>
         <wf lemma="banka" pos="X">banka</wf>
         <wf lemma="je" pos="X">je</wf>
         <wf lemma="ostala" pos="X">ostala</wf>
         <wf lemma="u" pos="X">u</wf>
         <wf lemma="velikom" pos="X">velikom</wf>
         <wf lemma="minusu" pos="X">minusu</wf>
         <wf lemma="." pos="X">.</wf>
      </sentence>
      <sentence id="d000.s2458" source="wordnet-croatian">
         <wf lemma="Kao" pos="X">Kao</wf>
         <wf lemma="priznanje" pos="X">priznanje</wf>
         <wf lemma="za" pos="X">za</wf>
         <wf lemma="svoj" pos="X">svoj</wf>
         <wf lemma="rad" pos="X">rad</wf>
         <wf lemma="pjesnici" pos="X">pjesnici</wf>
         <wf lemma="su" pos="X">su</wf>
         <wf lemma="u" pos="X">u</wf>
         <wf lemma="antici" pos="X">antici</wf>
         <wf lemma="okrunjivani" pos="X">okrunjivani</wf>
         <wf lemma="lovorovim" pos="X">lovorovim</wf>
         <instance id="d000.s2458.t000" lemma="vijenac" pos="NOUN">vijencem</instance>
         <wf lemma="." pos="X">.</wf>
      </sentence>
      <sentence id="d000.s2459" source="wordnet-croatian">
         <wf lemma="Molim" pos="X">Molim</wf>
         <wf lemma="te" pos="X">te</wf>
         <wf lemma="," pos="X">,</wf>
         <instance id="d000.s2459.t000" lemma="izvršiti" pos="VERB">izvrši</instance>
         <wf lemma="svoje" pos="X">svoje</wf>
         <wf lemma="obveze" pos="X">obveze</wf>
         <wf lemma="." pos="X">.</wf>
      </sentence>
      <sentence id="d000.s2460" source="wordnet-croatian">
         <instance id="d000.s2460.t000" lemma="apstrakcija" pos="NOUN">Apstrakcija</instance>
         <wf lemma="mu" pos="X">mu</wf>
         <wf lemma="je" pos="X">je</wf>
         <wf lemma="omogućavala" pos="X">omogućavala</wf>
         <wf lemma="razvijanje" pos="X">razvijanje</wf>
         <wf lemma="mašte" pos="X">mašte</wf>
         <wf lemma="." pos="X">.</wf>
      </sentence>
      <sentence id="d000.s2461" source="wordnet-croatian">
         <wf lemma="Gradski" pos="X">Gradski</wf>
         <instance id="d000.s2461.t000" lemma="vodovod" pos="NOUN">vodovod</instance>
         <wf lemma="uvodi" pos="X">uvodi</wf>
         <wf lemma="novi" pos="X">novi</wf>
         <wf lemma="način" pos="X">način</wf>
         <wf lemma="obračuna" pos="X">obračuna</wf>
         <wf lemma="potrošene" pos="X">potrošene</wf>
         <wf lemma="vode" pos="X">vode</wf>
         <wf lemma="." pos="X">.</wf>
      </sentence>
      <sentence id="d000.s2462" source="wordnet-croatian">
         <wf lemma="Pucanj" pos="X">Pucanj</wf>
         <wf lemma="je" pos="X">je</wf>
         <wf lemma="označio" pos="X">označio</wf>
         <wf lemma="početak" pos="X">početak</wf>
         <instance id="d000.s2462.t000" lemma="utrka" pos="NOUN">utrke</instance>
         <wf lemma="automobila" pos="X">automobila</wf>
         <wf lemma="." pos="X">.</wf>
      </sentence>
      <sentence id="d000.s2463" source="wordnet-croatian">
         <instance id="d000.s2463.t000" lemma="shvatiti" pos="VERB">Shvatio</instance>
         <wf lemma="sam" pos="X">sam</wf>
         <wf lemma="njegovu" pos="X">njegovu</wf>
         <wf lemma="upadicu" pos="X">upadicu</wf>
         <wf lemma="kao" pos="X">kao</wf>
         <wf lemma="šalu" pos="X">šalu</wf>
         <wf lemma="." pos="X">.</wf>
      </sentence>
      <sentence id="d000.s2464" source="wordnet-croatian">
         <wf lemma="Više" pos="X">Više</wf>
         <wf lemma="voli" pos="X">voli</wf>
         <wf lemma="baratati" pos="X">baratati</wf>
         <instance id="d000.s2464.t000" lemma="brojka" pos="NOUN">brojkama</instance>
         <wf lemma="nego" pos="X">nego</wf>
         <wf lemma="riječima" pos="X">riječima</wf>
         <wf lemma="." pos="X">.</wf>
      </sentence>
      <sentence id="d000.s2465" source="wordnet-croatian">
         <wf lemma="Taj" pos="X">Taj</wf>
         <wf lemma="orkestar" pos="X">orkestar</wf>
         <wf lemma="redovito" pos="X">redovito</wf>
         <instance id="d000.s2465.t000" lemma="nastupati" pos="VERB">nastupa</instance>
         <wf lemma="u" pos="X">u</wf>
         <wf lemma="Lisinskom" pos="X">Lisinskom</wf>
         <wf lemma="." pos="X">.</wf>
      </sentence>
      <sentence id="d000.s2466" source="wordnet-croatian">
         <instance id="d000.s2466.t000" lemma="prihvatiti" pos="VERB">Prihvatili</instance>
         <wf lemma="su" pos="X">su</wf>
         <wf lemma="ga" pos="X">ga</wf>
         <wf lemma="u" pos="X">u</wf>
         <wf lemma="Društvo" pos="X">Društvo</wf>
         <wf lemma="književnika" pos="X">književnika</wf>
         <wf lemma="." pos="X">.</wf>
      </sentence>
      <sentence id="d000.s2467" source="wordnet-croatian">
         <instance id="d000.s2467.t000" lemma="film" pos="NOUN">Film</instance>
         <wf lemma="je" pos="X">je</wf>
         <wf lemma="snimljen" pos="X">snimljen</wf>
         <wf lemma="na" pos="X">na</wf>
         <wf lemma="živopisnim" pos="X">živopisnim</wf>
         <wf lemma="lokacijama" pos="X">lokacijama</wf>
         <wf lemma="." pos="X">.</wf>
      </sentence>
      <sentence id="d000.s2468" source="wordnet-croatian">
         <wf lemma="Na" pos="X">Na</wf>
         <wf lemma="zidu" pos="X">zidu</wf>
         <wf lemma="dječje" pos="X">dječje</wf>
         <wf lemma="sobe" pos="X">sobe</wf>
         <wf lemma="visio" pos="X">visio</wf>
         <wf lemma="je" pos="X">je</wf>
         <wf lemma="papirnati" pos="X">papirnati</wf>
         <instance id="d000.s2468.t000" lemma="mjesec" pos="NOUN">mjesec</instance>
         <wf lemma="." pos="X">.</wf>
      </sentence>
      <sentence id="d000.s2469" source="wordnet-croatian">
         <wf lemma="Hodajući" pos="X">Hodajući</wf>
         <wf lemma="šumom" pos="X">šumom</wf>
         <wf lemma="naišli" pos="X">naišli</wf>
         <wf lemma="su" pos="X">su</wf>
         <wf lemma="na" pos="X">na</wf>
         <instance id="d000.s2469.t000" lemma="koliba" pos="NOUN">kolibu</instance>
         <wf lemma="." pos="X">.</wf>
      </sentence>
      <sentence id="d000.s2470" source="wordnet-croatian">
         <wf lemma="Medicinska" pos="X">Medicinska</wf>
         <wf lemma="sestra" pos="X">sestra</wf>
         <wf lemma="je" pos="X">je</wf>
         <instance id="d000.s2470.t000" lemma="vaditi" pos="VERB">vadila</instance>
         <wf lemma="krv" pos="X">krv</wf>
         <wf lemma="svima" pos="X">svima</wf>
         <wf lemma="kojima" pos="X">kojima</wf>
         <wf lemma="je" pos="X">je</wf>
         <wf lemma="mogla" pos="X">mogla</wf>
         <wf lemma="." pos="X">.</wf>
      </sentence>
      <sentence id="d000.s2471" source="wordnet-croatian">
         <wf lemma="Često" pos="X">Često</wf>
         <wf lemma="je" pos="X">je</wf>
         <wf lemma="funkcija" pos="X">funkcija</wf>
         <instance id="d000.s2471.t000" lemma="bide" pos="NOUN">bidea</instance>
         <wf lemma="više" pos="X">više</wf>
         <wf lemma="dekorativna" pos="X">dekorativna</wf>
         <wf lemma="nego" pos="X">nego</wf>
         <wf lemma="praktična" pos="X">praktična</wf>
         <wf lemma="." pos="X">.</wf>
      </sentence>
      <sentence id="d000.s2472" source="wordnet-croatian">
         <wf lemma="Po" pos="X">Po</wf>
         <wf lemma="noći" pos="X">noći</wf>
         <wf lemma="se" pos="X">se</wf>
         <wf lemma="smije" pos="X">smije</wf>
         <wf lemma="kretati" pos="X">kretati</wf>
         <wf lemma="samo" pos="X">samo</wf>
         <wf lemma="za" pos="X">za</wf>
         <instance id="d000.s2472.t000" lemma="mjesec" pos="NOUN">mjeseca</instance>
         <wf lemma="." pos="X">.</wf>
      </sentence>
      <sentence id="d000.s2473" source="wordnet-croatian">
         <instance id="d000.s2473.t000" lemma="nedaleki" pos="ADJ">Nedaleki</instance>
         <wf lemma="grad" pos="X">grad</wf>
         <wf lemma="činio" pos="X">činio</wf>
         <wf lemma="joj" pos="X">joj</wf>
         <wf lemma="se" pos="X">se</wf>
         <wf lemma="interesantnim" pos="X">interesantnim</wf>
         <wf lemma="." pos="X">.</wf>
      </sentence>
      <sentence id="d000.s2474" source="wordnet-croatian">
         <wf lemma="Teretnjak" pos="X">Teretnjak</wf>
         <wf lemma="je" pos="X">je</wf>
         <wf lemma="pristao" pos="X">pristao</wf>
         <wf lemma="u" pos="X">u</wf>
         <wf lemma="riječku" pos="X">riječku</wf>
         <instance id="d000.s2474.t000" lemma="luka" pos="NOUN">luku</instance>
         <wf lemma="." pos="X">.</wf>
      </sentence>
      <sentence id="d000.s2475" source="wordnet-croatian">
         <wf lemma="Uklonjene" pos="X">Uklonjene</wf>
         <wf lemma="su" pos="X">su</wf>
         <wf lemma="sve" pos="X">sve</wf>
         <instance id="d000.s2475.t000" lemma="zapreka" pos="NOUN">zapreke</instance>
         <wf lemma="pa" pos="X">pa</wf>
         <wf lemma="će" pos="X">će</wf>
         <wf lemma="projekt" pos="X">projekt</wf>
         <wf lemma="biti" pos="X">biti</wf>
         <wf lemma="proveden" pos="X">proveden</wf>
         <wf lemma="." pos="X">.</wf>
      </sentence>
      <sentence id="d000.s2476" source="wordnet-croatian">
         <wf lemma="Sud" pos="X">Sud</wf>
         <wf lemma="je" pos="X">je</wf>
         <wf lemma="jučer" pos="X">jučer</wf>
         <wf lemma="izdao" pos="X">izdao</wf>
         <instance id="d000.s2476.t000" lemma="nalog" pos="NOUN">nalog</instance>
         <wf lemma="za" pos="X">za</wf>
         <wf lemma="uhićenje" pos="X">uhićenje</wf>
         <wf lemma="tog" pos="X">tog</wf>
         <wf lemma="velikog" pos="X">velikog</wf>
         <wf lemma="zločinca" pos="X">zločinca</wf>
         <wf lemma="." pos="X">.</wf>
      </sentence>
      <sentence id="d000.s2477" source="wordnet-croatian">
         <wf lemma="Kupila" pos="X">Kupila</wf>
         <wf lemma="je" pos="X">je</wf>
         <wf lemma="ogrlicu" pos="X">ogrlicu</wf>
         <wf lemma="s" pos="X">s</wf>
         <wf lemma="prekrasnim" pos="X">prekrasnim</wf>
         <wf lemma="okruglo" pos="X">okruglo</wf>
         <wf lemma="brušenim" pos="X">brušenim</wf>
         <instance id="d000.s2477.t000" lemma="malahit" pos="NOUN">malahitom</instance>
         <wf lemma="." pos="X">.</wf>
      </sentence>
      <sentence id="d000.s2478" source="wordnet-croatian">
         <wf lemma="Za" pos="X">Za</wf>
         <wf lemma="godišnjicu" pos="X">godišnjicu</wf>
         <wf lemma="braka" pos="X">braka</wf>
         <wf lemma="kupio" pos="X">kupio</wf>
         <wf lemma="joj" pos="X">joj</wf>
         <wf lemma="je" pos="X">je</wf>
         <wf lemma="prekrasnu" pos="X">prekrasnu</wf>
         <wf lemma="kožnu" pos="X">kožnu</wf>
         <instance id="d000.s2478.t000" lemma="novčarka" pos="NOUN">novčarku</instance>
         <wf lemma="." pos="X">.</wf>
      </sentence>
      <sentence id="d000.s2479" source="wordnet-croatian">
         <wf lemma="Njegovi" pos="X">Njegovi</wf>
         <wf lemma="su" pos="X">su</wf>
         <instance id="d000.s2479.t000" lemma="refleks" pos="NOUN">refleksi</instance>
         <wf lemma="postajali" pos="X">postajali</wf>
         <wf lemma="s" pos="X">s</wf>
         <wf lemma="godinama" pos="X">godinama</wf>
         <wf lemma="sve" pos="X">sve</wf>
         <wf lemma="slabijima" pos="X">slabijima</wf>
         <wf lemma="." pos="X">.</wf>
      </sentence>
      <sentence id="d000.s2480" source="wordnet-croatian">
         <instance id="d000.s2480.t000" lemma="snažan" pos="ADJ">Snažan</instance>
         <wf lemma="vjetar" pos="X">vjetar</wf>
         <wf lemma="srušio" pos="X">srušio</wf>
         <wf lemma="je" pos="X">je</wf>
         <wf lemma="stablo" pos="X">stablo</wf>
         <wf lemma="." pos="X">.</wf>
      </sentence>
      <sentence id="d000.s2481" source="wordnet-croatian">
         <wf lemma="Za" pos="X">Za</wf>
         <wf lemma="skijanje" pos="X">skijanje</wf>
         <wf lemma="je" pos="X">je</wf>
         <wf lemma="obavezno" pos="X">obavezno</wf>
         <wf lemma="oblačio" pos="X">oblačio</wf>
         <instance id="d000.s2481.t000" lemma="kombinezon" pos="NOUN">kombinezon</instance>
         <wf lemma="." pos="X">.</wf>
      </sentence>
      <sentence id="d000.s2482" source="wordnet-croatian">
         <instance id="d000.s2482.t000" lemma="razmjena" pos="NOUN">Razmjena</instance>
         <wf lemma="prirodnih" pos="X">prirodnih</wf>
         <wf lemma="dobara" pos="X">dobara</wf>
         <wf lemma="prvi" pos="X">prvi</wf>
         <wf lemma="je" pos="X">je</wf>
         <wf lemma="oblik" pos="X">oblik</wf>
         <wf lemma="trgovine" pos="X">trgovine</wf>
         <wf lemma="." pos="X">.</wf>
      </sentence>
      <sentence id="d000.s2483" source="wordnet-croatian">
         <instance id="d000.s2483.t000" lemma="dodjeljivanje" pos="NOUN">Dodjeljivanje</instance>
         <wf lemma="mjesta" pos="X">mjesta</wf>
         <wf lemma="u" pos="X">u</wf>
         <wf lemma="Saboru" pos="X">Saboru</wf>
         <wf lemma="ovisi" pos="X">ovisi</wf>
         <wf lemma="o" pos="X">o</wf>
         <wf lemma="postignutom" pos="X">postignutom</wf>
         <wf lemma="uspjehu" pos="X">uspjehu</wf>
         <wf lemma="na" pos="X">na</wf>
         <wf lemma="izborima" pos="X">izborima</wf>
         <wf lemma="." pos="X">.</wf>
      </sentence>
      <sentence id="d000.s2484" source="wordnet-croatian">
         <wf lemma="Živio" pos="X">Živio</wf>
         <wf lemma="je" pos="X">je</wf>
         <wf lemma="u" pos="X">u</wf>
         <wf lemma="području" pos="X">području</wf>
         <wf lemma="s" pos="X">s</wf>
         <instance id="d000.s2484.t000" lemma="hladan" pos="ADJ">hladnom</instance>
         <wf lemma="klimom" pos="X">klimom</wf>
         <wf lemma="." pos="X">.</wf>
      </sentence>
      <sentence id="d000.s2485" source="wordnet-croatian">
         <wf lemma="Nije" pos="X">Nije</wf>
         <wf lemma="imao" pos="X">imao</wf>
         <instance id="d000.s2485.t000" lemma="novac" pos="NOUN">novca</instance>
         <wf lemma="pa" pos="X">pa</wf>
         <wf lemma="je" pos="X">je</wf>
         <wf lemma="trgovcu" pos="X">trgovcu</wf>
         <wf lemma="platio" pos="X">platio</wf>
         <wf lemma="pranjem" pos="X">pranjem</wf>
         <wf lemma="prozora" pos="X">prozora</wf>
         <wf lemma="." pos="X">.</wf>
      </sentence>
      <sentence id="d000.s2486" source="wordnet-croatian">
         <wf lemma="Koncert" pos="X">Koncert</wf>
         <wf lemma="je" pos="X">je</wf>
         <instance id="d000.s2486.t000" lemma="završiti" pos="VERB">završio</instance>
         <wf lemma="vrlo" pos="X">vrlo</wf>
         <wf lemma="kasno" pos="X">kasno</wf>
         <wf lemma="." pos="X">.</wf>
      </sentence>
      <sentence id="d000.s2487" source="wordnet-croatian">
         <wf lemma="Ovogodišnji" pos="X">Ovogodišnji</wf>
         <wf lemma="tulum" pos="X">tulum</wf>
         <wf lemma="bio" pos="X">bio</wf>
         <wf lemma="je" pos="X">je</wf>
         <wf lemma="veliki" pos="X">veliki</wf>
         <instance id="d000.s2487.t000" lemma="promašaj" pos="NOUN">promašaj</instance>
         <wf lemma="." pos="X">.</wf>
      </sentence>
      <sentence id="d000.s2488" source="wordnet-croatian">
         <instance id="d000.s2488.t000" lemma="zemlja" pos="NOUN">Zemlja</instance>
         <wf lemma="se" pos="X">se</wf>
         <wf lemma="tresla" pos="X">tresla</wf>
         <wf lemma="nekoliko" pos="X">nekoliko</wf>
         <wf lemma="minuta" pos="X">minuta</wf>
         <wf lemma="." pos="X">.</wf>
      </sentence>
      <sentence id="d000.s2489" source="wordnet-croatian">
         <wf lemma="Neki" pos="X">Neki</wf>
         <wf lemma="geolozi" pos="X">geolozi</wf>
         <wf lemma="dijele" pos="X">dijele</wf>
         <wf lemma="Zemljinu" pos="X">Zemljinu</wf>
         <wf lemma="povijest" pos="X">povijest</wf>
         <wf lemma="u" pos="X">u</wf>
         <wf lemma="dva" pos="X">dva</wf>
         <wf lemma="velika" pos="X">velika</wf>
         <instance id="d000.s2489.t000" lemma="eon" pos="NOUN">eona</instance>
         <wf lemma=":" pos="X">:</wf>
         <wf lemma="prakambrij" pos="X">prakambrij</wf>
         <wf lemma="i" pos="X">i</wf>
         <wf lemma="fanerozoik" pos="X">fanerozoik</wf>
         <wf lemma="." pos="X">.</wf>
      </sentence>
      <sentence id="d000.s2490" source="wordnet-croatian">
         <instance id="d000.s2490.t000" lemma="srodnost" pos="NOUN">Srodnost</instance>
         <wf lemma="ljudi" pos="X">ljudi</wf>
         <wf lemma="jest" pos="X">jest</wf>
         <wf lemma="srodnost" pos="X">srodnost</wf>
         <wf lemma="duša" pos="X">duša</wf>
         <wf lemma="." pos="X">.</wf>
      </sentence>
      <sentence id="d000.s2491" source="wordnet-croatian">
         <wf lemma="Vlada" pos="X">Vlada</wf>
         <wf lemma="mora" pos="X">mora</wf>
         <wf lemma="shvatiti" pos="X">shvatiti</wf>
         <instance id="d000.s2491.t000" lemma="bitnost" pos="NOUN">bitnost</instance>
         <wf lemma="pitanja" pos="X">pitanja</wf>
         <wf lemma="poljoprivrede" pos="X">poljoprivrede</wf>
         <wf lemma="." pos="X">.</wf>
      </sentence>
      <sentence id="d000.s2492" source="wordnet-croatian">
         <wf lemma="Ovi" pos="X">Ovi</wf>
         <wf lemma="sinonimi" pos="X">sinonimi</wf>
         <instance id="d000.s2492.t000" lemma="činjenica" pos="NOUN">činjenica</instance>
         <wf lemma="su" pos="X">su</wf>
         <wf lemma="hrvatskoga" pos="X">hrvatskoga</wf>
         <wf lemma="jezika" pos="X">jezika</wf>
         <wf lemma="." pos="X">.</wf>
      </sentence>
      <sentence id="d000.s2493" source="wordnet-croatian">
         <wf lemma="Lopov" pos="X">Lopov</wf>
         <wf lemma="je" pos="X">je</wf>
         <instance id="d000.s2493.t000" lemma="zgrabiti" pos="VERB">zgrabio</instance>
         <wf lemma="novac" pos="X">novac</wf>
         <wf lemma="iz" pos="X">iz</wf>
         <wf lemma="otvorene" pos="X">otvorene</wf>
         <wf lemma="blagajne" pos="X">blagajne</wf>
         <wf lemma="i" pos="X">i</wf>
         <wf lemma="pobjegao" pos="X">pobjegao</wf>
         <wf lemma="." pos="X">.</wf>
      </sentence>
      <sentence id="d000.s2494" source="wordnet-croatian">
         <instance id="d000.s2494.t000" lemma="riskirati" pos="VERB">Riskirao</instance>
         <wf lemma="je" pos="X">je</wf>
         <wf lemma="kupnjom" pos="X">kupnjom</wf>
         <wf lemma="tih" pos="X">tih</wf>
         <wf lemma="dionica" pos="X">dionica</wf>
         <wf lemma="." pos="X">.</wf>
      </sentence>
      <sentence id="d000.s2495" source="wordnet-croatian">
         <wf lemma="Iz" pos="X">Iz</wf>
         <instance id="d000.s2495.t000" lemma="sumnja" pos="NOUN">sumnje</instance>
         <wf lemma="se" pos="X">se</wf>
         <wf lemma="često" pos="X">često</wf>
         <wf lemma="rađaju" pos="X">rađaju</wf>
         <wf lemma="nove" pos="X">nove</wf>
         <wf lemma="ideje" pos="X">ideje</wf>
         <wf lemma="." pos="X">.</wf>
      </sentence>
      <sentence id="d000.s2496" source="wordnet-croatian">
         <wf lemma="Slikar" pos="X">Slikar</wf>
         <wf lemma="je" pos="X">je</wf>
         <wf lemma="cijeli" pos="X">cijeli</wf>
         <wf lemma="dan" pos="X">dan</wf>
         <instance id="d000.s2496.t000" lemma="slikati" pos="VERB">slikao</instance>
         <wf lemma="u" pos="X">u</wf>
         <wf lemma="vrtu" pos="X">vrtu</wf>
         <wf lemma="." pos="X">.</wf>
      </sentence>
      <sentence id="d000.s2497" source="wordnet-croatian">
         <instance id="d000.s2497.t000" lemma="osnutak" pos="NOUN">Osnutku</instance>
         <wf lemma="države" pos="X">države</wf>
         <wf lemma="prethodio" pos="X">prethodio</wf>
         <wf lemma="je" pos="X">je</wf>
         <wf lemma="krvavi" pos="X">krvavi</wf>
         <wf lemma="rat" pos="X">rat</wf>
         <wf lemma="." pos="X">.</wf>
      </sentence>
      <sentence id="d000.s2498" source="wordnet-croatian">
         <wf lemma="U" pos="X">U</wf>
         <wf lemma="klub" pos="X">klub</wf>
         <wf lemma="ne" pos="X">ne</wf>
         <instance id="d000.s2498.t000" lemma="puštati" pos="VERB">puštaju</instance>
         <wf lemma="nikoga" pos="X">nikoga</wf>
         <wf lemma="osim" pos="X">osim</wf>
         <wf lemma="članova" pos="X">članova</wf>
         <wf lemma="." pos="X">.</wf>
      </sentence>
      <sentence id="d000.s2499" source="wordnet-croatian">
         <wf lemma="Koje" pos="X">Koje</wf>
         <wf lemma="su" pos="X">su</wf>
         <wf lemma="osnovne" pos="X">osnovne</wf>
         <instance id="d000.s2499.t000" lemma="značajka" pos="NOUN">značajke</instance>
         <wf lemma="gospodarskog" pos="X">gospodarskog</wf>
         <wf lemma="programa" pos="X">programa</wf>
         <wf lemma="Vlade" pos="X">Vlade</wf>
         <wf lemma="?" pos="X">?</wf>
      </sentence>
      <sentence id="d000.s2500" source="wordnet-croatian">
         <wf lemma="Svaka" pos="X">Svaka</wf>
         <instance id="d000.s2500.t000" lemma="osoba" pos="NOUN">osoba</instance>
         <wf lemma="je" pos="X">je</wf>
         <wf lemma="jedinstvena" pos="X">jedinstvena</wf>
         <wf lemma="." pos="X">.</wf>
      </sentence>
      <sentence id="d000.s2501" source="wordnet-croatian">
         <wf lemma="Svi" pos="X">Svi</wf>
         <wf lemma="su" pos="X">su</wf>
         <wf lemma="mislili" pos="X">mislili</wf>
         <wf lemma="da" pos="X">da</wf>
         <wf lemma="svojoj" pos="X">svojoj</wf>
         <wf lemma="djeci" pos="X">djeci</wf>
         <instance id="d000.s2501.t000" lemma="omogućavati" pos="VERB">omogućava</instance>
         <wf lemma="i" pos="X">i</wf>
         <wf lemma="previše" pos="X">previše</wf>
         <wf lemma="." pos="X">.</wf>
      </sentence>
      <sentence id="d000.s2502" source="wordnet-croatian">
         <wf lemma="Pjesništvo" pos="X">Pjesništvo</wf>
         <wf lemma="Anke" pos="X">Anke</wf>
         <wf lemma="Žagar" pos="X">Žagar</wf>
         <wf lemma="obiluje" pos="X">obiluje</wf>
         <instance id="d000.s2502.t000" lemma="hapaks" pos="NOUN">hapaksima</instance>
         <wf lemma="." pos="X">.</wf>
      </sentence>
      <sentence id="d000.s2503" source="wordnet-croatian">
         <wf lemma="Javne" pos="X">Javne</wf>
         <instance id="d000.s2503.t000" lemma="priredba" pos="NOUN">priredbe</instance>
         <wf lemma="veliko" pos="X">veliko</wf>
         <wf lemma="su" pos="X">su</wf>
         <wf lemma="veselje" pos="X">veselje</wf>
         <wf lemma="šetačima" pos="X">šetačima</wf>
         <wf lemma="na" pos="X">na</wf>
         <wf lemma="promenadi" pos="X">promenadi</wf>
         <wf lemma="." pos="X">.</wf>
      </sentence>
      <sentence id="d000.s2504" source="wordnet-croatian">
         <wf lemma="Pune" pos="X">Pune</wf>
         <wf lemma="su" pos="X">su</wf>
         <wf lemma="ulice" pos="X">ulice</wf>
         <wf lemma="ljudi" pos="X">ljudi</wf>
         <wf lemma="koji" pos="X">koji</wf>
         <instance id="d000.s2504.t000" lemma="prositi" pos="VERB">prose</instance>
         <wf lemma="za" pos="X">za</wf>
         <wf lemma="hranu" pos="X">hranu</wf>
         <wf lemma="." pos="X">.</wf>
      </sentence>
      <sentence id="d000.s2505" source="wordnet-croatian">
         <wf lemma="U" pos="X">U</wf>
         <wf lemma="Sydneyu" pos="X">Sydneyu</wf>
         <wf lemma="se" pos="X">se</wf>
         <wf lemma="emitira" pos="X">emitira</wf>
         <instance id="d000.s2505.t000" lemma="program" pos="NOUN">program</instance>
         <wf lemma="na" pos="X">na</wf>
         <wf lemma="hrvatskom" pos="X">hrvatskom</wf>
         <wf lemma="jeziku" pos="X">jeziku</wf>
         <wf lemma="na" pos="X">na</wf>
         <wf lemma="tri" pos="X">tri</wf>
         <wf lemma="radijske" pos="X">radijske</wf>
         <wf lemma="i" pos="X">i</wf>
         <wf lemma="jednoj" pos="X">jednoj</wf>
         <wf lemma="televizijskoj" pos="X">televizijskoj</wf>
         <wf lemma="postaji" pos="X">postaji</wf>
         <wf lemma="." pos="X">.</wf>
      </sentence>
      <sentence id="d000.s2506" source="wordnet-croatian">
         <wf lemma="Trebaš" pos="X">Trebaš</wf>
         <wf lemma="dobro" pos="X">dobro</wf>
         <instance id="d000.s2506.t000" lemma="pogledati" pos="VERB">pogledati</instance>
         <wf lemma="tu" pos="X">tu</wf>
         <wf lemma="sliku" pos="X">sliku</wf>
         <wf lemma="jer" pos="X">jer</wf>
         <wf lemma="je" pos="X">je</wf>
         <wf lemma="riječ" pos="X">riječ</wf>
         <wf lemma="o" pos="X">o</wf>
         <wf lemma="vrhunskom" pos="X">vrhunskom</wf>
         <wf lemma="djelu" pos="X">djelu</wf>
         <wf lemma="." pos="X">.</wf>
      </sentence>
      <sentence id="d000.s2507" source="wordnet-croatian">
         <wf lemma="Isticala" pos="X">Isticala</wf>
         <wf lemma="se" pos="X">se</wf>
         <wf lemma="svojim" pos="X">svojim</wf>
         <wf lemma="radom" pos="X">radom</wf>
         <wf lemma="u" pos="X">u</wf>
         <wf lemma="recitatorskoj" pos="X">recitatorskoj</wf>
         <instance id="d000.s2507.t000" lemma="sekcija" pos="NOUN">sekciji</instance>
         <wf lemma="kulturno-umjetničkog" pos="X">kulturno-umjetničkog</wf>
         <wf lemma="društva" pos="X">društva</wf>
         <wf lemma="." pos="X">.</wf>
      </sentence>
      <sentence id="d000.s2508" source="wordnet-croatian">
         <wf lemma="Mnoga" pos="X">Mnoga</wf>
         <wf lemma="su" pos="X">su</wf>
         <wf lemma="društva" pos="X">društva</wf>
         <wf lemma="počivala" pos="X">počivala</wf>
         <wf lemma="na" pos="X">na</wf>
         <instance id="d000.s2508.t000" lemma="izrabljivanje" pos="NOUN">izrabljivanju</instance>
         <wf lemma="siromašnih" pos="X">siromašnih</wf>
         <wf lemma="ljudi" pos="X">ljudi</wf>
         <wf lemma="." pos="X">.</wf>
      </sentence>
      <sentence id="d000.s2509" source="wordnet-croatian">
         <wf lemma="Mnoge" pos="X">Mnoge</wf>
         <wf lemma="tvrtke" pos="X">tvrtke</wf>
         <wf lemma="imaju" pos="X">imaju</wf>
         <instance id="d000.s2509.t000" lemma="sjedište" pos="NOUN">sjedište</instance>
         <wf lemma="u" pos="X">u</wf>
         <wf lemma="Zagrebu" pos="X">Zagrebu</wf>
         <wf lemma="." pos="X">.</wf>
      </sentence>
      <sentence id="d000.s2510" source="wordnet-croatian">
         <instance id="d000.s2510.t000" lemma="iskopati" pos="VERB">Iskopao</instance>
         <wf lemma="sam" pos="X">sam</wf>
         <wf lemma="staru" pos="X">staru</wf>
         <wf lemma="kutiju" pos="X">kutiju</wf>
         <wf lemma="u" pos="X">u</wf>
         <wf lemma="svome" pos="X">svome</wf>
         <wf lemma="vrtu" pos="X">vrtu</wf>
         <wf lemma="." pos="X">.</wf>
      </sentence>
      <sentence id="d000.s2511" source="wordnet-croatian">
         <wf lemma="Ukupnost" pos="X">Ukupnost</wf>
         <wf lemma="flore" pos="X">flore</wf>
         <wf lemma="na" pos="X">na</wf>
         <wf lemma="površini" pos="X">površini</wf>
         <wf lemma="zemlje" pos="X">zemlje</wf>
         <wf lemma="naziva" pos="X">naziva</wf>
         <wf lemma="se" pos="X">se</wf>
         <wf lemma="biljnim" pos="X">biljnim</wf>
         <instance id="d000.s2511.t000" lemma="pokrov" pos="NOUN">pokrovom</instance>
         <wf lemma="." pos="X">.</wf>
      </sentence>
      <sentence id="d000.s2512" source="wordnet-croatian">
         <wf lemma="U" pos="X">U</wf>
         <wf lemma="današnje" pos="X">današnje</wf>
         <wf lemma="doba" pos="X">doba</wf>
         <wf lemma="nije" pos="X">nije</wf>
         <wf lemma="lako" pos="X">lako</wf>
         <wf lemma="biti" pos="X">biti</wf>
         <wf lemma="mali" pos="X">mali</wf>
         <instance id="d000.s2512.t000" lemma="obrtnik" pos="NOUN">obrtnik</instance>
         <wf lemma="." pos="X">.</wf>
      </sentence>
      <sentence id="d000.s2513" source="wordnet-croatian">
         <wf lemma="Konačno" pos="X">Konačno</wf>
         <wf lemma="sam" pos="X">sam</wf>
         <instance id="d000.s2513.t000" lemma="spoznati" pos="VERB">spoznala</instance>
         <wf lemma="o" pos="X">o</wf>
         <wf lemma="kakvoj" pos="X">kakvoj</wf>
         <wf lemma="je" pos="X">je</wf>
         <wf lemma="osobi" pos="X">osobi</wf>
         <wf lemma="riječ" pos="X">riječ</wf>
         <wf lemma="." pos="X">.</wf>
      </sentence>
      <sentence id="d000.s2514" source="wordnet-croatian">
         <wf lemma="Zanjega" pos="X">Zanjega</wf>
         <wf lemma="je" pos="X">je</wf>
         <wf lemma="oduvijek" pos="X">oduvijek</wf>
         <instance id="d000.s2514.t000" lemma="forma" pos="NOUN">forma</instance>
         <wf lemma="bila" pos="X">bila</wf>
         <wf lemma="najvažnija" pos="X">najvažnija</wf>
         <wf lemma="," pos="X">,</wf>
         <wf lemma="a" pos="X">a</wf>
         <wf lemma="kvaliteta" pos="X">kvaliteta</wf>
         <wf lemma="i" pos="X">i</wf>
         <wf lemma="sadržaj" pos="X">sadržaj</wf>
         <wf lemma="bili" pos="X">bili</wf>
         <wf lemma="su" pos="X">su</wf>
         <wf lemma="u" pos="X">u</wf>
         <wf lemma="drugom" pos="X">drugom</wf>
         <wf lemma="planu" pos="X">planu</wf>
         <wf lemma="." pos="X">.</wf>
      </sentence>
      <sentence id="d000.s2515" source="wordnet-croatian">
         <wf lemma="Nikako" pos="X">Nikako</wf>
         <wf lemma="nije" pos="X">nije</wf>
         <wf lemma="mogao" pos="X">mogao</wf>
         <wf lemma="naučiti" pos="X">naučiti</wf>
         <wf lemma="zavezati" pos="X">zavezati</wf>
         <instance id="d000.s2515.t000" lemma="vezica" pos="NOUN">vezice</instance>
         <wf lemma="na" pos="X">na</wf>
         <wf lemma="tenisici" pos="X">tenisici</wf>
         <wf lemma="." pos="X">.</wf>
      </sentence>
      <sentence id="d000.s2516" source="wordnet-croatian">
         <wf lemma="Proizvodili" pos="X">Proizvodili</wf>
         <wf lemma="su" pos="X">su</wf>
         <wf lemma="isključivo" pos="X">isključivo</wf>
         <wf lemma="suhomesnatu" pos="X">suhomesnatu</wf>
         <instance id="d000.s2516.t000" lemma="roba" pos="NOUN">robu</instance>
         <wf lemma="." pos="X">.</wf>
      </sentence>
      <sentence id="d000.s2517" source="wordnet-croatian">
         <wf lemma="Pomoću" pos="X">Pomoću</wf>
         <instance id="d000.s2517.t000" lemma="spektroskop" pos="NOUN">spektroskopa</instance>
         <wf lemma="smo" pos="X">smo</wf>
         <wf lemma="u" pos="X">u</wf>
         <wf lemma="razredu" pos="X">razredu</wf>
         <wf lemma="promatrali" pos="X">promatrali</wf>
         <wf lemma="spektar" pos="X">spektar</wf>
         <wf lemma="boja" pos="X">boja</wf>
         <wf lemma="nastao" pos="X">nastao</wf>
         <wf lemma="iz" pos="X">iz</wf>
         <wf lemma="svjetlosti" pos="X">svjetlosti</wf>
         <wf lemma="proizvedene" pos="X">proizvedene</wf>
         <wf lemma="različitim" pos="X">različitim</wf>
         <wf lemma="izvorima" pos="X">izvorima</wf>
         <wf lemma="(" pos="X">(</wf>
         <wf lemma="laserom" pos="X">laserom</wf>
         <wf lemma="," pos="X">,</wf>
         <wf lemma="različitim" pos="X">različitim</wf>
         <wf lemma="žaruljama" pos="X">žaruljama</wf>
         <wf lemma=")" pos="X">)</wf>
         <wf lemma="." pos="X">.</wf>
      </sentence>
      <sentence id="d000.s2518" source="wordnet-croatian">
         <wf lemma="Vrlo" pos="X">Vrlo</wf>
         <wf lemma="je" pos="X">je</wf>
         <wf lemma="vješto" pos="X">vješto</wf>
         <instance id="d000.s2518.t000" lemma="udružiti" pos="VERB">udružio</instance>
         <wf lemma="svoje" pos="X">svoje</wf>
         <wf lemma="plesno" pos="X">plesno</wf>
         <wf lemma="i" pos="X">i</wf>
         <wf lemma="glazbeno" pos="X">glazbeno</wf>
         <wf lemma="umijeće" pos="X">umijeće</wf>
         <wf lemma="." pos="X">.</wf>
      </sentence>
      <sentence id="d000.s2519" source="wordnet-croatian">
         <wf lemma="Marko" pos="X">Marko</wf>
         <wf lemma="je" pos="X">je</wf>
         <instance id="d000.s2519.t000" lemma="imati" pos="VERB">imao</instance>
         <wf lemma="veliko" pos="X">veliko</wf>
         <wf lemma="znanje" pos="X">znanje</wf>
         <wf lemma="engleskog" pos="X">engleskog</wf>
         <wf lemma="jezika" pos="X">jezika</wf>
         <wf lemma="." pos="X">.</wf>
      </sentence>
      <sentence id="d000.s2520" source="wordnet-croatian">
         <wf lemma="Na" pos="X">Na</wf>
         <instance id="d000.s2520.t000" lemma="čvorište" pos="NOUN">čvorištu</instance>
         <wf lemma="tih" pos="X">tih</wf>
         <wf lemma="dviju" pos="X">dviju</wf>
         <wf lemma="cesta" pos="X">cesta</wf>
         <wf lemma="često" pos="X">često</wf>
         <wf lemma="su" pos="X">su</wf>
         <wf lemma="se" pos="X">se</wf>
         <wf lemma="događale" pos="X">događale</wf>
         <wf lemma="prometne" pos="X">prometne</wf>
         <wf lemma="nesreće" pos="X">nesreće</wf>
         <wf lemma="." pos="X">.</wf>
      </sentence>
      <sentence id="d000.s2521" source="wordnet-croatian">
         <wf lemma="Tiho" pos="X">Tiho</wf>
         <wf lemma="je" pos="X">je</wf>
         <instance id="d000.s2521.t000" lemma="pjevuckati" pos="VERB">pjevuckala</instance>
         <wf lemma="popularnu" pos="X">popularnu</wf>
         <wf lemma="melodiju" pos="X">melodiju</wf>
         <wf lemma="dok" pos="X">dok</wf>
         <wf lemma="je" pos="X">je</wf>
         <wf lemma="brisala" pos="X">brisala</wf>
         <wf lemma="prašinu" pos="X">prašinu</wf>
         <wf lemma="." pos="X">.</wf>
      </sentence>
      <sentence id="d000.s2522" source="wordnet-croatian">
         <instance id="d000.s2522.t000" lemma="poklanjanje" pos="NOUN">Poklanjanje</instance>
         <wf lemma="u" pos="X">u</wf>
         <wf lemma="našoj" pos="X">našoj</wf>
         <wf lemma="obitelji" pos="X">obitelji</wf>
         <wf lemma="nije" pos="X">nije</wf>
         <wf lemma="tradicija" pos="X">tradicija</wf>
         <wf lemma="." pos="X">.</wf>
      </sentence>
      <sentence id="d000.s2523" source="wordnet-croatian">
         <wf lemma="Kako" pos="X">Kako</wf>
         <wf lemma="si" pos="X">si</wf>
         <wf lemma="mogao" pos="X">mogao</wf>
         <instance id="d000.s2523.t000" lemma="previdjeti" pos="VERB">previdjeti</instance>
         <wf lemma="tu" pos="X">tu</wf>
         <wf lemma="pravopisnu" pos="X">pravopisnu</wf>
         <wf lemma="pogrešku" pos="X">pogrešku</wf>
         <wf lemma="?" pos="X">?</wf>
      </sentence>
      <sentence id="d000.s2524" source="wordnet-croatian">
         <wf lemma="Cijelo" pos="X">Cijelo</wf>
         <wf lemma="ga" pos="X">ga</wf>
         <wf lemma="je" pos="X">je</wf>
         <wf lemma="vrijeme" pos="X">vrijeme</wf>
         <wf lemma="zbunjivala" pos="X">zbunjivala</wf>
         <instance id="d000.s2524.t000" lemma="konkavnost" pos="NOUN">konkavnost</instance>
         <wf lemma="leća" pos="X">leća</wf>
         <wf lemma="." pos="X">.</wf>
      </sentence>
      <sentence id="d000.s2525" source="wordnet-croatian">
         <wf lemma="Koristila" pos="X">Koristila</wf>
         <wf lemma="je" pos="X">je</wf>
         <wf lemma="brojne" pos="X">brojne</wf>
         <instance id="d000.s2525.t000" lemma="pomada" pos="NOUN">pomade</instance>
         <wf lemma="kako" pos="X">kako</wf>
         <wf lemma="bi" pos="X">bi</wf>
         <wf lemma="zadržala" pos="X">zadržala</wf>
         <wf lemma="mladoliku" pos="X">mladoliku</wf>
         <wf lemma="kožu" pos="X">kožu</wf>
         <wf lemma="." pos="X">.</wf>
      </sentence>
      <sentence id="d000.s2526" source="wordnet-croatian">
         <wf lemma="Svi" pos="X">Svi</wf>
         <wf lemma="na" pos="X">na</wf>
         <wf lemma="svijetu" pos="X">svijetu</wf>
         <wf lemma="osjećaju" pos="X">osjećaju</wf>
         <instance id="d000.s2526.t000" lemma="utjecaj" pos="NOUN">utjecaj</instance>
         <wf lemma="gravitacije" pos="X">gravitacije</wf>
         <wf lemma="." pos="X">.</wf>
      </sentence>
      <sentence id="d000.s2527" source="wordnet-croatian">
         <wf lemma="Djeca" pos="X">Djeca</wf>
         <wf lemma="su" pos="X">su</wf>
         <instance id="d000.s2527.t000" lemma="napraviti" pos="VERB">napravila</instance>
         <wf lemma="užasan" pos="X">užasan</wf>
         <wf lemma="nered" pos="X">nered</wf>
         <wf lemma="u" pos="X">u</wf>
         <wf lemma="sobi" pos="X">sobi</wf>
         <wf lemma="." pos="X">.</wf>
      </sentence>
      <sentence id="d000.s2528" source="wordnet-croatian">
         <wf lemma="Nitko" pos="X">Nitko</wf>
         <wf lemma="ne" pos="X">ne</wf>
         <wf lemma="bi" pos="X">bi</wf>
         <wf lemma="trebao" pos="X">trebao</wf>
         <wf lemma="dovoditi" pos="X">dovoditi</wf>
         <wf lemma="u" pos="X">u</wf>
         <wf lemma="pitanje" pos="X">pitanje</wf>
         <instance id="d000.s2528.t000" lemma="valjanost" pos="NOUN">valjanost</instance>
         <wf lemma="njegove" pos="X">njegove</wf>
         <wf lemma="odluke" pos="X">odluke</wf>
         <wf lemma="." pos="X">.</wf>
      </sentence>
      <sentence id="d000.s2529" source="wordnet-croatian">
         <wf lemma="Slavica" pos="X">Slavica</wf>
         <wf lemma="je" pos="X">je</wf>
         <wf lemma="za" pos="X">za</wf>
         <wf lemma="sobom" pos="X">sobom</wf>
         <instance id="d000.s2529.t000" lemma="vući" pos="VERB">vukla</instance>
         <wf lemma="ogroman" pos="X">ogroman</wf>
         <wf lemma="i" pos="X">i</wf>
         <wf lemma="težak" pos="X">težak</wf>
         <wf lemma="kovčeg" pos="X">kovčeg</wf>
         <wf lemma="." pos="X">.</wf>
      </sentence>
      <sentence id="d000.s2530" source="wordnet-croatian">
         <wf lemma="Njegov" pos="X">Njegov</wf>
         <wf lemma="tekst" pos="X">tekst</wf>
         <wf lemma="ne" pos="X">ne</wf>
         <wf lemma="zadovoljava" pos="X">zadovoljava</wf>
         <wf lemma="sve" pos="X">sve</wf>
         <instance id="d000.s2530.t000" lemma="element" pos="NOUN">elemente</instance>
         <wf lemma="znanstvenog" pos="X">znanstvenog</wf>
         <wf lemma="članka" pos="X">članka</wf>
         <wf lemma="." pos="X">.</wf>
      </sentence>
      <sentence id="d000.s2531" source="wordnet-croatian">
         <instance id="d000.s2531.t000" lemma="dati" pos="VERB">Dao</instance>
         <wf lemma="joj" pos="X">joj</wf>
         <wf lemma="je" pos="X">je</wf>
         <wf lemma="riječ" pos="X">riječ</wf>
         <wf lemma="da" pos="X">da</wf>
         <wf lemma="će" pos="X">će</wf>
         <wf lemma="je" pos="X">je</wf>
         <wf lemma="odvesti" pos="X">odvesti</wf>
         <wf lemma="pred" pos="X">pred</wf>
         <wf lemma="oltar" pos="X">oltar</wf>
         <wf lemma="." pos="X">.</wf>
      </sentence>
      <sentence id="d000.s2532" source="wordnet-croatian">
         <instance id="d000.s2532.t000" lemma="pripremiti" pos="VERB">Pripremila</instance>
         <wf lemma="sam" pos="X">sam</wf>
         <wf lemma="svečanu" pos="X">svečanu</wf>
         <wf lemma="večeru" pos="X">večeru</wf>
         <wf lemma="za" pos="X">za</wf>
         <wf lemma="svoju" pos="X">svoju</wf>
         <wf lemma="obitelj" pos="X">obitelj</wf>
         <wf lemma="." pos="X">.</wf>
      </sentence>
      <sentence id="d000.s2533" source="wordnet-croatian">
         <wf lemma="Policijac" pos="X">Policijac</wf>
         <wf lemma="je" pos="X">je</wf>
         <instance id="d000.s2533.t000" lemma="megafon" pos="NOUN">megafonom</instance>
         <wf lemma="poručio" pos="X">poručio</wf>
         <wf lemma="otmičaru" pos="X">otmičaru</wf>
         <wf lemma="da" pos="X">da</wf>
         <wf lemma="se" pos="X">se</wf>
         <wf lemma="preda" pos="X">preda</wf>
         <wf lemma="." pos="X">.</wf>
      </sentence>
      <sentence id="d000.s2534" source="wordnet-croatian">
         <instance id="d000.s2534.t000" lemma="ugljen" pos="NOUN">Ugljen</instance>
         <wf lemma="se" pos="X">se</wf>
         <wf lemma="zbog" pos="X">zbog</wf>
         <wf lemma="svoje" pos="X">svoje</wf>
         <wf lemma="crne" pos="X">crne</wf>
         <wf lemma="boje" pos="X">boje</wf>
         <wf lemma="često" pos="X">često</wf>
         <wf lemma="koristi" pos="X">koristi</wf>
         <wf lemma="u" pos="X">u</wf>
         <wf lemma="izradi" pos="X">izradi</wf>
         <wf lemma="grafitnih" pos="X">grafitnih</wf>
         <wf lemma="olovaka" pos="X">olovaka</wf>
         <wf lemma="i" pos="X">i</wf>
         <wf lemma="crtaćih" pos="X">crtaćih</wf>
         <wf lemma="štapića" pos="X">štapića</wf>
         <wf lemma="." pos="X">.</wf>
      </sentence>
      <sentence id="d000.s2535" source="wordnet-croatian">
         <wf lemma="Dionice" pos="X">Dionice</wf>
         <wf lemma="naše" pos="X">naše</wf>
         <wf lemma="tvrtke" pos="X">tvrtke</wf>
         <wf lemma="danas" pos="X">danas</wf>
         <wf lemma="dobro" pos="X">dobro</wf>
         <instance id="d000.s2535.t000" lemma="kotirati" pos="VERB">kotiraju</instance>
         <wf lemma="." pos="X">.</wf>
      </sentence>
      <sentence id="d000.s2536" source="wordnet-croatian">
         <wf lemma="U" pos="X">U</wf>
         <wf lemma="povrtni" pos="X">povrtni</wf>
         <wf lemma="proljetni" pos="X">proljetni</wf>
         <wf lemma="složenac" pos="X">složenac</wf>
         <wf lemma="možete" pos="X">možete</wf>
         <wf lemma="staviti" pos="X">staviti</wf>
         <instance id="d000.s2536.t000" lemma="red" pos="NOUN">red</instance>
         <wf lemma="krumpira" pos="X">krumpira</wf>
         <wf lemma="," pos="X">,</wf>
         <wf lemma="red" pos="X">red</wf>
         <wf lemma="tikvica" pos="X">tikvica</wf>
         <wf lemma="," pos="X">,</wf>
         <wf lemma="red" pos="X">red</wf>
         <wf lemma="patliđana" pos="X">patliđana</wf>
         <wf lemma="i" pos="X">i</wf>
         <wf lemma="pirjane" pos="X">pirjane</wf>
         <wf lemma="rajčice" pos="X">rajčice</wf>
         <wf lemma="." pos="X">.</wf>
      </sentence>
      <sentence id="d000.s2537" source="wordnet-croatian">
         <wf lemma="Samo" pos="X">Samo</wf>
         <wf lemma="je" pos="X">je</wf>
         <wf lemma="bahatim" pos="X">bahatim</wf>
         <wf lemma="ponašanjem" pos="X">ponašanjem</wf>
         <wf lemma="mogao" pos="X">mogao</wf>
         <wf lemma="postići" pos="X">postići</wf>
         <wf lemma="svoj" pos="X">svoj</wf>
         <instance id="d000.s2537.t000" lemma="cilj" pos="NOUN">cilj</instance>
         <wf lemma="." pos="X">.</wf>
      </sentence>
      <sentence id="d000.s2538" source="wordnet-croatian">
         <wf lemma="Mirko" pos="X">Mirko</wf>
         <wf lemma="cijelo" pos="X">cijelo</wf>
         <wf lemma="vrijeme" pos="X">vrijeme</wf>
         <instance id="d000.s2538.t000" lemma="juriti" pos="VERB">juri</instance>
         <wf lemma="nekamo" pos="X">nekamo</wf>
         <wf lemma="," pos="X">,</wf>
         <wf lemma="ali" pos="X">ali</wf>
         <wf lemma="mislim" pos="X">mislim</wf>
         <wf lemma="da" pos="X">da</wf>
         <wf lemma="se" pos="X">se</wf>
         <wf lemma="samo" pos="X">samo</wf>
         <wf lemma="pravi" pos="X">pravi</wf>
         <wf lemma="zaposlen" pos="X">zaposlen</wf>
         <wf lemma="." pos="X">.</wf>
      </sentence>
      <sentence id="d000.s2539" source="wordnet-croatian">
         <wf lemma="Košulja" pos="X">Košulja</wf>
         <wf lemma="se" pos="X">se</wf>
         <wf lemma="vezala" pos="X">vezala</wf>
         <wf lemma="srebrnim" pos="X">srebrnim</wf>
         <instance id="d000.s2539.t000" lemma="gajtan" pos="NOUN">gajtanom</instance>
         <wf lemma="." pos="X">.</wf>
      </sentence>
      <sentence id="d000.s2540" source="wordnet-croatian">
         <instance id="d000.s2540.t000" lemma="škrinja" pos="NOUN">Škrinja</instance>
         <wf lemma="je" pos="X">je</wf>
         <wf lemma="čuvala" pos="X">čuvala</wf>
         <wf lemma="brojne" pos="X">brojne</wf>
         <wf lemma="uspomene" pos="X">uspomene</wf>
         <wf lemma="." pos="X">.</wf>
      </sentence>
      <sentence id="d000.s2541" source="wordnet-croatian">
         <wf lemma="Živim" pos="X">Živim</wf>
         <wf lemma="u" pos="X">u</wf>
         <instance id="d000.s2541.t000" lemma="centar" pos="NOUN">centru</instance>
         <wf lemma="grada" pos="X">grada</wf>
         <wf lemma="." pos="X">.</wf>
      </sentence>
      <sentence id="d000.s2542" source="wordnet-croatian">
         <wf lemma="Tužan" pos="X">Tužan</wf>
         <instance id="d000.s2542.t000" lemma="izraz" pos="NOUN">izraz</instance>
         <wf lemma="njezina" pos="X">njezina</wf>
         <wf lemma="lica" pos="X">lica</wf>
         <wf lemma="nagnao" pos="X">nagnao</wf>
         <wf lemma="mi" pos="X">mi</wf>
         <wf lemma="je" pos="X">je</wf>
         <wf lemma="suze" pos="X">suze</wf>
         <wf lemma="na" pos="X">na</wf>
         <wf lemma="oči" pos="X">oči</wf>
         <wf lemma="." pos="X">.</wf>
      </sentence>
      <sentence id="d000.s2543" source="wordnet-croatian">
         <instance id="d000.s2543.t000" lemma="utorak" pos="NOUN">Utorak</instance>
         <wf lemma="mi" pos="X">mi</wf>
         <wf lemma="je" pos="X">je</wf>
         <wf lemma="najgori" pos="X">najgori</wf>
         <wf lemma="dan" pos="X">dan</wf>
         <wf lemma="." pos="X">.</wf>
      </sentence>
      <sentence id="d000.s2544" source="wordnet-croatian">
         <instance id="d000.s2544.t000" lemma="poznavatelj" pos="NOUN">Poznavatelji</instance>
         <wf lemma="vrhunskih" pos="X">vrhunskih</wf>
         <wf lemma="vina" pos="X">vina</wf>
         <wf lemma="sve" pos="X">sve</wf>
         <wf lemma="su" pos="X">su</wf>
         <wf lemma="traženiji" pos="X">traženiji</wf>
         <wf lemma="na" pos="X">na</wf>
         <wf lemma="tržištu" pos="X">tržištu</wf>
         <wf lemma="rada" pos="X">rada</wf>
         <wf lemma="." pos="X">.</wf>
      </sentence>
      <sentence id="d000.s2545" source="wordnet-croatian">
         <wf lemma="Crvenica" pos="X">Crvenica</wf>
         <wf lemma="je" pos="X">je</wf>
         <wf lemma="vrsta" pos="X">vrsta</wf>
         <instance id="d000.s2545.t000" lemma="tlo" pos="NOUN">tla</instance>
         <wf lemma="specifična" pos="X">specifična</wf>
         <wf lemma="za" pos="X">za</wf>
         <wf lemma="primorske" pos="X">primorske</wf>
         <wf lemma="krajeve" pos="X">krajeve</wf>
         <wf lemma="." pos="X">.</wf>
      </sentence>
      <sentence id="d000.s2546" source="wordnet-croatian">
         <wf lemma="Nakon" pos="X">Nakon</wf>
         <wf lemma="tri" pos="X">tri</wf>
         <wf lemma="dana" pos="X">dana</wf>
         <wf lemma="pješačenja" pos="X">pješačenja</wf>
         <wf lemma="kroz" pos="X">kroz</wf>
         <wf lemma="pustinju" pos="X">pustinju</wf>
         <wf lemma="svi" pos="X">svi</wf>
         <wf lemma="su" pos="X">su</wf>
         <wf lemma="popadali" pos="X">popadali</wf>
         <wf lemma="s" pos="X">s</wf>
         <wf lemma="nogu" pos="X">nogu</wf>
         <wf lemma="od" pos="X">od</wf>
         <instance id="d000.s2546.t000" lemma="iscrpljenost" pos="NOUN">iscrpljenosti</instance>
         <wf lemma="." pos="X">.</wf>
      </sentence>
      <sentence id="d000.s2547" source="wordnet-croatian">
         <wf lemma="Bio" pos="X">Bio</wf>
         <wf lemma="je" pos="X">je</wf>
         <wf lemma="to" pos="X">to</wf>
         <wf lemma="provjereni" pos="X">provjereni</wf>
         <instance id="d000.s2547.t000" lemma="sistem" pos="NOUN">sistem</instance>
         <wf lemma="za" pos="X">za</wf>
         <wf lemma="trajnu" pos="X">trajnu</wf>
         <wf lemma="izolaciju" pos="X">izolaciju</wf>
         <wf lemma="." pos="X">.</wf>
      </sentence>
      <sentence id="d000.s2548" source="wordnet-croatian">
         <wf lemma="Nebeska" pos="X">Nebeska</wf>
         <instance id="d000.s2548.t000" lemma="tijelo" pos="NOUN">tijela</instance>
         <wf lemma="se" pos="X">se</wf>
         <wf lemma="gibaju" pos="X">gibaju</wf>
         <wf lemma="po" pos="X">po</wf>
         <wf lemma="određenim" pos="X">određenim</wf>
         <wf lemma="putanjama" pos="X">putanjama</wf>
         <wf lemma="." pos="X">.</wf>
      </sentence>
      <sentence id="d000.s2549" source="wordnet-croatian">
         <wf lemma="Molim" pos="X">Molim</wf>
         <wf lemma="te" pos="X">te</wf>
         <wf lemma="," pos="X">,</wf>
         <wf lemma="nemoj" pos="X">nemoj</wf>
         <instance id="d000.s2549.t000" lemma="razglašavati" pos="VERB">razglašavati</instance>
         <wf lemma="po" pos="X">po</wf>
         <wf lemma="uredu" pos="X">uredu</wf>
         <wf lemma="da" pos="X">da</wf>
         <wf lemma="direktor" pos="X">direktor</wf>
         <wf lemma="ne" pos="X">ne</wf>
         <wf lemma="pere" pos="X">pere</wf>
         <wf lemma="ruke" pos="X">ruke</wf>
         <wf lemma="nakon" pos="X">nakon</wf>
         <wf lemma="uporabe" pos="X">uporabe</wf>
         <wf lemma="WC-a" pos="X">WC-a</wf>
         <wf lemma="." pos="X">.</wf>
      </sentence>
      <sentence id="d000.s2550" source="wordnet-croatian">
         <instance id="d000.s2550.t000" lemma="pobrati" pos="VERB">Pobrala</instance>
         <wf lemma="je" pos="X">je</wf>
         <wf lemma="sve" pos="X">sve</wf>
         <wf lemma="zasluge" pos="X">zasluge</wf>
         <wf lemma="za" pos="X">za</wf>
         <wf lemma="tuđi" pos="X">tuđi</wf>
         <wf lemma="rad" pos="X">rad</wf>
         <wf lemma="." pos="X">.</wf>
      </sentence>
      <sentence id="d000.s2551" source="wordnet-croatian">
         <wf lemma="Osjećao" pos="X">Osjećao</wf>
         <wf lemma="je" pos="X">je</wf>
         <instance id="d000.s2551.t000" lemma="odbojnost" pos="NOUN">odbojnost</instance>
         <wf lemma="prema" pos="X">prema</wf>
         <wf lemma="svim" pos="X">svim</wf>
         <wf lemma="vrstama" pos="X">vrstama</wf>
         <wf lemma="neugodnih" pos="X">neugodnih</wf>
         <wf lemma="mirisa" pos="X">mirisa</wf>
         <wf lemma="." pos="X">.</wf>
      </sentence>
      <sentence id="d000.s2552" source="wordnet-croatian">
         <wf lemma="Pisari" pos="X">Pisari</wf>
         <wf lemma="su" pos="X">su</wf>
         <wf lemma="dugo" pos="X">dugo</wf>
         <wf lemma="u" pos="X">u</wf>
         <wf lemma="noć" pos="X">noć</wf>
         <instance id="d000.s2552.t000" lemma="ispisivati" pos="VERB">ispisivali</instance>
         <wf lemma="faraonovu" pos="X">faraonovu</wf>
         <wf lemma="zapovijed" pos="X">zapovijed</wf>
         <wf lemma="." pos="X">.</wf>
      </sentence>
      <sentence id="d000.s2553" source="wordnet-croatian">
         <wf lemma="Svaki" pos="X">Svaki</wf>
         <wf lemma="dan" pos="X">dan</wf>
         <wf lemma="naša" pos="X">naša</wf>
         <wf lemma="tvrtka" pos="X">tvrtka</wf>
         <wf lemma="bilježi" pos="X">bilježi</wf>
         <wf lemma="rast" pos="X">rast</wf>
         <instance id="d000.s2553.t000" lemma="posao" pos="NOUN">posla</instance>
         <wf lemma="," pos="X">,</wf>
         <wf lemma="narudžbi" pos="X">narudžbi</wf>
         <wf lemma="i" pos="X">i</wf>
         <wf lemma="mušterija" pos="X">mušterija</wf>
         <wf lemma="." pos="X">.</wf>
      </sentence>
      <sentence id="d000.s2554" source="wordnet-croatian">
         <instance id="d000.s2554.t000" lemma="površina" pos="NOUN">Površina</instance>
         <wf lemma="stijene" pos="X">stijene</wf>
         <wf lemma="bila" pos="X">bila</wf>
         <wf lemma="je" pos="X">je</wf>
         <wf lemma="toliko" pos="X">toliko</wf>
         <wf lemma="glatka" pos="X">glatka</wf>
         <wf lemma="da" pos="X">da</wf>
         <wf lemma="je" pos="X">je</wf>
         <wf lemma="bilo" pos="X">bilo</wf>
         <wf lemma="gotovo" pos="X">gotovo</wf>
         <wf lemma="nemoguće" pos="X">nemoguće</wf>
         <wf lemma="penjati" pos="X">penjati</wf>
         <wf lemma="se" pos="X">se</wf>
         <wf lemma="po" pos="X">po</wf>
         <wf lemma="njoj" pos="X">njoj</wf>
         <wf lemma="." pos="X">.</wf>
      </sentence>
      <sentence id="d000.s2555" source="wordnet-croatian">
         <instance id="d000.s2555.t000" lemma="koktel" pos="NOUN">Koktel</instance>
         <wf lemma="je" pos="X">je</wf>
         <wf lemma="tipićno" pos="X">tipićno</wf>
         <wf lemma="ljetno" pos="X">ljetno</wf>
         <wf lemma="piće" pos="X">piće</wf>
         <wf lemma="." pos="X">.</wf>
      </sentence>
      <sentence id="d000.s2556" source="wordnet-croatian">
         <wf lemma="U" pos="X">U</wf>
         <wf lemma="moju" pos="X">moju</wf>
         <wf lemma="su" pos="X">su</wf>
         <instance id="d000.s2556.t000" lemma="garaža" pos="NOUN">garažu</instance>
         <wf lemma="mogla" pos="X">mogla</wf>
         <wf lemma="bez" pos="X">bez</wf>
         <wf lemma="problema" pos="X">problema</wf>
         <wf lemma="stati" pos="X">stati</wf>
         <wf lemma="dva" pos="X">dva</wf>
         <wf lemma="automobila" pos="X">automobila</wf>
         <wf lemma="." pos="X">.</wf>
      </sentence>
      <sentence id="d000.s2557" source="wordnet-croatian">
         <wf lemma="Prefiksacijom" pos="X">Prefiksacijom</wf>
         <wf lemma="se" pos="X">se</wf>
         <wf lemma="glagolu" pos="X">glagolu</wf>
         <wf lemma="može" pos="X">može</wf>
         <wf lemma="promijeniti" pos="X">promijeniti</wf>
         <instance id="d000.s2557.t000" lemma="aspekt" pos="NOUN">aspekt</instance>
         <wf lemma="." pos="X">.</wf>
      </sentence>
      <sentence id="d000.s2558" source="wordnet-croatian">
         <wf lemma="Zmija" pos="X">Zmija</wf>
         <wf lemma="se" pos="X">se</wf>
         <wf lemma="zavukla" pos="X">zavukla</wf>
         <wf lemma="u" pos="X">u</wf>
         <wf lemma="svoje" pos="X">svoje</wf>
         <instance id="d000.s2558.t000" lemma="skrovište" pos="NOUN">skrovište</instance>
         <wf lemma="i" pos="X">i</wf>
         <wf lemma="čekala" pos="X">čekala</wf>
         <wf lemma="plijen" pos="X">plijen</wf>
         <wf lemma="." pos="X">.</wf>
      </sentence>
      <sentence id="d000.s2559" source="wordnet-croatian">
         <wf lemma="Otvaranje" pos="X">Otvaranje</wf>
         <wf lemma="ugostiteljskog" pos="X">ugostiteljskog</wf>
         <wf lemma="obrta" pos="X">obrta</wf>
         <wf lemma="pokazalo" pos="X">pokazalo</wf>
         <wf lemma="se" pos="X">se</wf>
         <wf lemma="kao" pos="X">kao</wf>
         <wf lemma="zahtjevan" pos="X">zahtjevan</wf>
         <instance id="d000.s2559.t000" lemma="poduhvat" pos="NOUN">poduhvat</instance>
         <wf lemma="." pos="X">.</wf>
      </sentence>
      <sentence id="d000.s2560" source="wordnet-croatian">
         <wf lemma="Nikada" pos="X">Nikada</wf>
         <wf lemma="dosad" pos="X">dosad</wf>
         <wf lemma="nije" pos="X">nije</wf>
         <wf lemma="uistinu" pos="X">uistinu</wf>
         <wf lemma="shvaćao" pos="X">shvaćao</wf>
         <wf lemma="koliku" pos="X">koliku</wf>
         <instance id="d000.s2560.t000" lemma="važnost" pos="NOUN">važnost</instance>
         <wf lemma="djeca" pos="X">djeca</wf>
         <wf lemma="imaju" pos="X">imaju</wf>
         <wf lemma="u" pos="X">u</wf>
         <wf lemma="njegovu" pos="X">njegovu</wf>
         <wf lemma="životu" pos="X">životu</wf>
         <wf lemma="." pos="X">.</wf>
      </sentence>
      <sentence id="d000.s2561" source="wordnet-croatian">
         <instance id="d000.s2561.t000" lemma="grupa" pos="NOUN">Grupa</instance>
         <wf lemma="turiste" pos="X">turiste</wf>
         <wf lemma="hodala" pos="X">hodala</wf>
         <wf lemma="je" pos="X">je</wf>
         <wf lemma="kroz" pos="X">kroz</wf>
         <wf lemma="grad" pos="X">grad</wf>
         <wf lemma="." pos="X">.</wf>
      </sentence>
      <sentence id="d000.s2562" source="wordnet-croatian">
         <wf lemma="Njezinu" pos="X">Njezinu</wf>
         <instance id="d000.s2562.t000" lemma="sreća" pos="NOUN">sreću</instance>
         <wf lemma="u" pos="X">u</wf>
         <wf lemma="tom" pos="X">tom</wf>
         <wf lemma="trenutku" pos="X">trenutku</wf>
         <wf lemma="ništa" pos="X">ništa</wf>
         <wf lemma="nije" pos="X">nije</wf>
         <wf lemma="moglo" pos="X">moglo</wf>
         <wf lemma="pokvariti" pos="X">pokvariti</wf>
         <wf lemma="." pos="X">.</wf>
      </sentence>
      <sentence id="d000.s2563" source="wordnet-croatian">
         <instance id="d000.s2563.t000" lemma="prehrana" pos="NOUN">Prehrana</instance>
         <wf lemma="omnivora" pos="X">omnivora</wf>
         <wf lemma="uključuje" pos="X">uključuje</wf>
         <wf lemma="unos" pos="X">unos</wf>
         <wf lemma="biljne" pos="X">biljne</wf>
         <wf lemma="i" pos="X">i</wf>
         <wf lemma="životinjske" pos="X">životinjske</wf>
         <wf lemma="hrane" pos="X">hrane</wf>
         <wf lemma="." pos="X">.</wf>
      </sentence>
      <sentence id="d000.s2564" source="wordnet-croatian">
         <wf lemma="Odbio" pos="X">Odbio</wf>
         <wf lemma="je" pos="X">je</wf>
         <wf lemma="živjeti" pos="X">živjeti</wf>
         <wf lemma="u" pos="X">u</wf>
         <wf lemma="premijerskoj" pos="X">premijerskoj</wf>
         <instance id="d000.s2564.t000" lemma="rezidencija" pos="NOUN">rezidenciji</instance>
         <wf lemma="." pos="X">.</wf>
      </sentence>
      <sentence id="d000.s2565" source="wordnet-croatian">
         <wf lemma="Pisma" pos="X">Pisma</wf>
         <wf lemma="ubacite" pos="X">ubacite</wf>
         <wf lemma="kroz" pos="X">kroz</wf>
         <instance id="d000.s2565.t000" lemma="otvor" pos="NOUN">otvor</instance>
         <wf lemma="na" pos="X">na</wf>
         <wf lemma="sandučiću" pos="X">sandučiću</wf>
         <wf lemma="." pos="X">.</wf>
      </sentence>
      <sentence id="d000.s2566" source="wordnet-croatian">
         <wf lemma="Dodaj" pos="X">Dodaj</wf>
         <instance id="d000.s2566.t000" lemma="haš" pos="NOUN">haš</instance>
         <wf lemma="u" pos="X">u</wf>
         <wf lemma="duhan" pos="X">duhan</wf>
         <wf lemma="." pos="X">.</wf>
      </sentence>
      <sentence id="d000.s2567" source="wordnet-croatian">
         <wf lemma="Andrićevo" pos="X">Andrićevo</wf>
         <wf lemma="je" pos="X">je</wf>
         <instance id="d000.s2567.t000" lemma="pisanje" pos="NOUN">pisanje</instance>
         <wf lemma="uvijek" pos="X">uvijek</wf>
         <wf lemma="trajalo" pos="X">trajalo</wf>
         <wf lemma="satima" pos="X">satima</wf>
         <wf lemma="." pos="X">.</wf>
      </sentence>
      <sentence id="d000.s2568" source="wordnet-croatian">
         <wf lemma="Mirko" pos="X">Mirko</wf>
         <wf lemma="je" pos="X">je</wf>
         <instance id="d000.s2568.t000" lemma="postići" pos="VERB">postigao</instance>
         <wf lemma="novi" pos="X">novi</wf>
         <wf lemma="rekord" pos="X">rekord</wf>
         <wf lemma="lokalne" pos="X">lokalne</wf>
         <wf lemma="gostione" pos="X">gostione</wf>
         <wf lemma="u" pos="X">u</wf>
         <wf lemma="brzom" pos="X">brzom</wf>
         <wf lemma="ispijanju" pos="X">ispijanju</wf>
         <wf lemma="velikog" pos="X">velikog</wf>
         <wf lemma="gemišta" pos="X">gemišta</wf>
         <wf lemma="." pos="X">.</wf>
      </sentence>
      <sentence id="d000.s2569" source="wordnet-croatian">
         <wf lemma="Njezine" pos="X">Njezine</wf>
         <wf lemma="su" pos="X">su</wf>
         <wf lemma="odjevne" pos="X">odjevne</wf>
         <wf lemma="kombinacije" pos="X">kombinacije</wf>
         <instance id="d000.s2569.t000" lemma="čudan" pos="ADJ">čudne</instance>
         <wf lemma="." pos="X">.</wf>
      </sentence>
      <sentence id="d000.s2570" source="wordnet-croatian">
         <wf lemma="Ovaj" pos="X">Ovaj</wf>
         <wf lemma="nas" pos="X">nas</wf>
         <wf lemma="je" pos="X">je</wf>
         <wf lemma="čovjek" pos="X">čovjek</wf>
         <instance id="d000.s2570.t000" lemma="oguliti" pos="VERB">ogulio</instance>
         <wf lemma="!" pos="X">!</wf>
      </sentence>
      <sentence id="d000.s2571" source="wordnet-croatian">
         <instance id="d000.s2571.t000" lemma="dušik" pos="NOUN">Dušik</instance>
         <wf lemma="ne" pos="X">ne</wf>
         <wf lemma="gori" pos="X">gori</wf>
         <wf lemma="." pos="X">.</wf>
      </sentence>
      <sentence id="d000.s2572" source="wordnet-croatian">
         <instance id="d000.s2572.t000" lemma="slaganje" pos="NOUN">Slaganje</instance>
         <wf lemma="igračaka" pos="X">igračaka</wf>
         <wf lemma="veseli" pos="X">veseli</wf>
         <wf lemma="svako" pos="X">svako</wf>
         <wf lemma="dijete" pos="X">dijete</wf>
         <wf lemma="." pos="X">.</wf>
      </sentence>
      <sentence id="d000.s2573" source="wordnet-croatian">
         <wf lemma="Na" pos="X">Na</wf>
         <instance id="d000.s2573.t000" lemma="kraj" pos="NOUN">kraju</instance>
         <wf lemma="recitacije" pos="X">recitacije</wf>
         <wf lemma="dvoranom" pos="X">dvoranom</wf>
         <wf lemma="je" pos="X">je</wf>
         <wf lemma="odjeknuo" pos="X">odjeknuo</wf>
         <wf lemma="gromoglasni" pos="X">gromoglasni</wf>
         <wf lemma="pljesak" pos="X">pljesak</wf>
         <wf lemma="." pos="X">.</wf>
      </sentence>
      <sentence id="d000.s2574" source="wordnet-croatian">
         <instance id="d000.s2574.t000" lemma="svjetlomjer" pos="NOUN">Svjetlomjeri</instance>
         <wf lemma="se" pos="X">se</wf>
         <wf lemma="ugrađuju" pos="X">ugrađuju</wf>
         <wf lemma="u" pos="X">u</wf>
         <wf lemma="fotoaparate" pos="X">fotoaparate</wf>
         <wf lemma="." pos="X">.</wf>
      </sentence>
      <sentence id="d000.s2575" source="wordnet-croatian">
         <wf lemma="Svaki" pos="X">Svaki</wf>
         <wf lemma="dan" pos="X">dan</wf>
         <instance id="d000.s2575.t000" lemma="ići" pos="VERB">idem</instance>
         <wf lemma="tramvajem" pos="X">tramvajem</wf>
         <wf lemma="na" pos="X">na</wf>
         <wf lemma="posao" pos="X">posao</wf>
         <wf lemma="." pos="X">.</wf>
      </sentence>
      <sentence id="d000.s2576" source="wordnet-croatian">
         <wf lemma="Njegova" pos="X">Njegova</wf>
         <wf lemma="vožnja" pos="X">vožnja</wf>
         <instance id="d000.s2576.t000" lemma="rezultirati" pos="VERB">rezultirala</instance>
         <wf lemma="je" pos="X">je</wf>
         <wf lemma="nesrećom" pos="X">nesrećom</wf>
         <wf lemma="." pos="X">.</wf>
      </sentence>
      <sentence id="d000.s2577" source="wordnet-croatian">
         <wf lemma="Mirisni" pos="X">Mirisni</wf>
         <wf lemma="listovi" pos="X">listovi</wf>
         <instance id="d000.s2577.t000" lemma="kaloper" pos="NOUN">kalopera</instance>
         <wf lemma="koristili" pos="X">koristili</wf>
         <wf lemma="su" pos="X">su</wf>
         <wf lemma="se" pos="X">se</wf>
         <wf lemma="za" pos="X">za</wf>
         <wf lemma="konzerviranje" pos="X">konzerviranje</wf>
         <wf lemma="i" pos="X">i</wf>
         <wf lemma="davanje" pos="X">davanje</wf>
         <wf lemma="arome" pos="X">arome</wf>
         <wf lemma="pivu" pos="X">pivu</wf>
         <wf lemma="." pos="X">.</wf>
      </sentence>
      <sentence id="d000.s2578" source="wordnet-croatian">
         <wf lemma="Volim" pos="X">Volim</wf>
         <wf lemma="sve" pos="X">sve</wf>
         <wf lemma="mlijčne" pos="X">mlijčne</wf>
         <instance id="d000.s2578.t000" lemma="proizvod" pos="NOUN">proizvode</instance>
         <wf lemma="." pos="X">.</wf>
      </sentence>
      <sentence id="d000.s2579" source="wordnet-croatian">
         <wf lemma="Ove" pos="X">Ove</wf>
         <wf lemma="smo" pos="X">smo</wf>
         <wf lemma="se" pos="X">se</wf>
         <wf lemma="godine" pos="X">godine</wf>
         <wf lemma="odlučili" pos="X">odlučili</wf>
         <wf lemma="za" pos="X">za</wf>
         <wf lemma="neobičan" pos="X">neobičan</wf>
         <wf lemma="odmor" pos="X">odmor</wf>
         <wf lemma="i" pos="X">i</wf>
         <wf lemma="iznajmili" pos="X">iznajmili</wf>
         <wf lemma="smo" pos="X">smo</wf>
         <wf lemma="prekrasan" pos="X">prekrasan</wf>
         <instance id="d000.s2579.t000" lemma="svjetionik" pos="NOUN">svjetionik</instance>
         <wf lemma="." pos="X">.</wf>
      </sentence>
      <sentence id="d000.s2580" source="wordnet-croatian">
         <wf lemma="Proslavila" pos="X">Proslavila</wf>
         <wf lemma="se" pos="X">se</wf>
         <wf lemma="sviranjem" pos="X">sviranjem</wf>
         <instance id="d000.s2580.t000" lemma="gitara" pos="NOUN">gitare</instance>
         <wf lemma="na" pos="X">na</wf>
         <wf lemma="ulici" pos="X">ulici</wf>
         <wf lemma="." pos="X">.</wf>
      </sentence>
      <sentence id="d000.s2581" source="wordnet-croatian">
         <instance id="d000.s2581.t000" lemma="koreografija" pos="NOUN">Koreografija</instance>
         <wf lemma="je" pos="X">je</wf>
         <wf lemma="bila" pos="X">bila</wf>
         <wf lemma="iznimno" pos="X">iznimno</wf>
         <wf lemma="zahtjevna" pos="X">zahtjevna</wf>
         <wf lemma="pa" pos="X">pa</wf>
         <wf lemma="ju" pos="X">ju</wf>
         <wf lemma="je" pos="X">je</wf>
         <wf lemma="ansambl" pos="X">ansambl</wf>
         <wf lemma="mjesecima" pos="X">mjesecima</wf>
         <wf lemma="svakodnevno" pos="X">svakodnevno</wf>
         <wf lemma="uvježbavao" pos="X">uvježbavao</wf>
         <wf lemma="." pos="X">.</wf>
      </sentence>
      <sentence id="d000.s2582" source="wordnet-croatian">
         <wf lemma="Morao" pos="X">Morao</wf>
         <wf lemma="je" pos="X">je</wf>
         <wf lemma="kupiti" pos="X">kupiti</wf>
         <instance id="d000.s2582.t000" lemma="pretvarač" pos="NOUN">pretvarač</instance>
         <wf lemma="struje" pos="X">struje</wf>
         <wf lemma="za" pos="X">za</wf>
         <wf lemma="svoj" pos="X">svoj</wf>
         <wf lemma="novi" pos="X">novi</wf>
         <wf lemma="kućanski" pos="X">kućanski</wf>
         <wf lemma="aparat" pos="X">aparat</wf>
         <wf lemma="." pos="X">.</wf>
      </sentence>
      <sentence id="d000.s2583" source="wordnet-croatian">
         <instance id="d000.s2583.t000" lemma="odstranjivanje" pos="NOUN">Odstranjivanje</instance>
         <wf lemma="madeža" pos="X">madeža</wf>
         <wf lemma="jednostavan" pos="X">jednostavan</wf>
         <wf lemma="je" pos="X">je</wf>
         <wf lemma="zahvat" pos="X">zahvat</wf>
         <wf lemma="." pos="X">.</wf>
      </sentence>
      <sentence id="d000.s2584" source="wordnet-croatian">
         <instance id="d000.s2584.t000" lemma="ekvator" pos="NOUN">Ekvator</instance>
         <wf lemma="dijeli" pos="X">dijeli</wf>
         <wf lemma="Zemlju" pos="X">Zemlju</wf>
         <wf lemma="na" pos="X">na</wf>
         <wf lemma="sjevernu" pos="X">sjevernu</wf>
         <wf lemma="i" pos="X">i</wf>
         <wf lemma="južnu" pos="X">južnu</wf>
         <wf lemma="polutku" pos="X">polutku</wf>
         <wf lemma="te" pos="X">te</wf>
         <wf lemma="se" pos="X">se</wf>
         <wf lemma="zato" pos="X">zato</wf>
         <wf lemma="naziva" pos="X">naziva</wf>
         <wf lemma="i" pos="X">i</wf>
         <wf lemma="polutnik" pos="X">polutnik</wf>
         <wf lemma="." pos="X">.</wf>
      </sentence>
      <sentence id="d000.s2585" source="wordnet-croatian">
         <instance id="d000.s2585.t000" lemma="pričati" pos="VERB">Pričali</instance>
         <wf lemma="su" pos="X">su</wf>
         <wf lemma="na" pos="X">na</wf>
         <wf lemma="nepoznatom" pos="X">nepoznatom</wf>
         <wf lemma="jeziku" pos="X">jeziku</wf>
         <wf lemma="." pos="X">.</wf>
      </sentence>
      <sentence id="d000.s2586" source="wordnet-croatian">
         <wf lemma="'" pos="X">'</wf>
         <wf lemma="'" pos="X">'</wf>
         <wf lemma="Braco" pos="X">Braco</wf>
         <wf lemma="'" pos="X">'</wf>
         <wf lemma="'" pos="X">'</wf>
         <wf lemma="je" pos="X">je</wf>
         <wf lemma="vrlo" pos="X">vrlo</wf>
         <wf lemma="čest" pos="X">čest</wf>
         <instance id="d000.s2586.t000" lemma="nadimak" pos="NOUN">nadimak</instance>
         <wf lemma="." pos="X">.</wf>
      </sentence>
      <sentence id="d000.s2587" source="wordnet-croatian">
         <wf lemma="Mnogi" pos="X">Mnogi</wf>
         <instance id="d000.s2587.t000" lemma="kompozitor" pos="NOUN">kompozitori</instance>
         <wf lemma="gregorijanskih" pos="X">gregorijanskih</wf>
         <wf lemma="korala" pos="X">korala</wf>
         <wf lemma="ostali" pos="X">ostali</wf>
         <wf lemma="su" pos="X">su</wf>
         <wf lemma="nepoznati" pos="X">nepoznati</wf>
         <wf lemma="." pos="X">.</wf>
      </sentence>
      <sentence id="d000.s2588" source="wordnet-croatian">
         <wf lemma="Na" pos="X">Na</wf>
         <instance id="d000.s2588.t000" lemma="skala" pos="NOUN">skali</instance>
         <wf lemma="od" pos="X">od</wf>
         <wf lemma="jedan" pos="X">jedan</wf>
         <wf lemma="do" pos="X">do</wf>
         <wf lemma="pet" pos="X">pet</wf>
         <wf lemma="njegova" pos="X">njegova</wf>
         <wf lemma="izvedba" pos="X">izvedba</wf>
         <wf lemma="zaslužuje" pos="X">zaslužuje</wf>
         <wf lemma="čistu" pos="X">čistu</wf>
         <wf lemma="desetku" pos="X">desetku</wf>
         <wf lemma="." pos="X">.</wf>
      </sentence>
      <sentence id="d000.s2589" source="wordnet-croatian">
         <instance id="d000.s2589.t000" lemma="rastegnuti" pos="VERB">Rastegnula</instance>
         <wf lemma="je" pos="X">je</wf>
         <wf lemma="svoje" pos="X">svoje</wf>
         <wf lemma="izlaganje" pos="X">izlaganje</wf>
         <wf lemma="na" pos="X">na</wf>
         <wf lemma="čitavo" pos="X">čitavo</wf>
         <wf lemma="popodne" pos="X">popodne</wf>
         <wf lemma="." pos="X">.</wf>
      </sentence>
      <sentence id="d000.s2590" source="wordnet-croatian">
         <wf lemma="Umjetnička" pos="X">Umjetnička</wf>
         <instance id="d000.s2590.t000" lemma="sekcija" pos="NOUN">sekcija</instance>
         <wf lemma="našeg" pos="X">našeg</wf>
         <wf lemma="poduzeća" pos="X">poduzeća</wf>
         <wf lemma="izvest" pos="X">izvest</wf>
         <wf lemma="će" pos="X">će</wf>
         <wf lemma="recitaciju" pos="X">recitaciju</wf>
         <wf lemma="." pos="X">.</wf>
      </sentence>
      <sentence id="d000.s2591" source="wordnet-croatian">
         <wf lemma="Nakon" pos="X">Nakon</wf>
         <wf lemma="udaje" pos="X">udaje</wf>
         <instance id="d000.s2591.t000" lemma="zadržati" pos="VERB">zadržala</instance>
         <wf lemma="je" pos="X">je</wf>
         <wf lemma="djevojačko" pos="X">djevojačko</wf>
         <wf lemma="prezime" pos="X">prezime</wf>
         <wf lemma="." pos="X">.</wf>
      </sentence>
      <sentence id="d000.s2592" source="wordnet-croatian">
         <wf lemma="Nije" pos="X">Nije</wf>
         <wf lemma="mogla" pos="X">mogla</wf>
         <wf lemma="pojesti" pos="X">pojesti</wf>
         <wf lemma="salatu" pos="X">salatu</wf>
         <wf lemma="jer" pos="X">jer</wf>
         <wf lemma="je" pos="X">je</wf>
         <wf lemma="u" pos="X">u</wf>
         <wf lemma="njoj" pos="X">njoj</wf>
         <wf lemma="bilo" pos="X">bilo</wf>
         <wf lemma="sirovog" pos="X">sirovog</wf>
         <instance id="d000.s2592.t000" lemma="anason" pos="NOUN">anasona</instance>
         <wf lemma="." pos="X">.</wf>
      </sentence>
      <sentence id="d000.s2593" source="wordnet-croatian">
         <wf lemma="Ta" pos="X">Ta</wf>
         <instance id="d000.s2593.t000" lemma="misao" pos="NOUN">misao</instance>
         <wf lemma="nikada" pos="X">nikada</wf>
         <wf lemma="nije" pos="X">nije</wf>
         <wf lemma="imala" pos="X">imala</wf>
         <wf lemma="odjeka" pos="X">odjeka</wf>
         <wf lemma="u" pos="X">u</wf>
         <wf lemma="javnosti" pos="X">javnosti</wf>
         <wf lemma="." pos="X">.</wf>
      </sentence>
      <sentence id="d000.s2594" source="wordnet-croatian">
         <instance id="d000.s2594.t000" lemma="nebo" pos="NOUN">Nebo</instance>
         <wf lemma="je" pos="X">je</wf>
         <wf lemma="bilo" pos="X">bilo</wf>
         <wf lemma="prekrasne" pos="X">prekrasne</wf>
         <wf lemma="plave" pos="X">plave</wf>
         <wf lemma="boje" pos="X">boje</wf>
         <wf lemma="." pos="X">.</wf>
      </sentence>
      <sentence id="d000.s2595" source="wordnet-croatian">
         <wf lemma="U" pos="X">U</wf>
         <wf lemma="smočnici" pos="X">smočnici</wf>
         <wf lemma="držim" pos="X">držim</wf>
         <wf lemma="sve" pos="X">sve</wf>
         <wf lemma="osnovne" pos="X">osnovne</wf>
         <instance id="d000.s2595.t000" lemma="namirnica" pos="NOUN">namirnice</instance>
         <wf lemma="u" pos="X">u</wf>
         <wf lemma="slučaju" pos="X">slučaju</wf>
         <wf lemma="da" pos="X">da</wf>
         <wf lemma="ih" pos="X">ih</wf>
         <wf lemma="ponestane" pos="X">ponestane</wf>
         <wf lemma="u" pos="X">u</wf>
         <wf lemma="dućanu" pos="X">dućanu</wf>
         <wf lemma="." pos="X">.</wf>
      </sentence>
      <sentence id="d000.s2596" source="wordnet-croatian">
         <wf lemma="Stani" pos="X">Stani</wf>
         <wf lemma="u" pos="X">u</wf>
         <instance id="d000.s2596.t000" lemma="sredina" pos="NOUN">sredinu</instance>
         <wf lemma="kruga" pos="X">kruga</wf>
         <wf lemma="." pos="X">.</wf>
      </sentence>
      <sentence id="d000.s2597" source="wordnet-croatian">
         <wf lemma="Hrvatski" pos="X">Hrvatski</wf>
         <instance id="d000.s2597.t000" lemma="pravopis" pos="NOUN">pravopis</instance>
         <wf lemma="mnogima" pos="X">mnogima</wf>
         <wf lemma="predstavlja" pos="X">predstavlja</wf>
         <wf lemma="veliku" pos="X">veliku</wf>
         <wf lemma="zagonetku" pos="X">zagonetku</wf>
         <wf lemma="." pos="X">.</wf>
      </sentence>
      <sentence id="d000.s2598" source="wordnet-croatian">
         <wf lemma="U" pos="X">U</wf>
         <wf lemma="nekim" pos="X">nekim</wf>
         <wf lemma="zemljama" pos="X">zemljama</wf>
         <wf lemma="zakonski" pos="X">zakonski</wf>
         <wf lemma="je" pos="X">je</wf>
         <wf lemma="zabranjeno" pos="X">zabranjeno</wf>
         <instance id="d000.s2598.t000" lemma="kockanje" pos="NOUN">kockanje</instance>
         <wf lemma="." pos="X">.</wf>
      </sentence>
      <sentence id="d000.s2599" source="wordnet-croatian">
         <wf lemma="Znao" pos="X">Znao</wf>
         <wf lemma="je" pos="X">je</wf>
         <wf lemma="da" pos="X">da</wf>
         <wf lemma="ima" pos="X">ima</wf>
         <wf lemma="velike" pos="X">velike</wf>
         <instance id="d000.s2599.t000" lemma="ambicija" pos="NOUN">ambicije</instance>
         <wf lemma="," pos="X">,</wf>
         <wf lemma="ali" pos="X">ali</wf>
         <wf lemma="ništa" pos="X">ništa</wf>
         <wf lemma="ga" pos="X">ga</wf>
         <wf lemma="nije" pos="X">nije</wf>
         <wf lemma="moglo" pos="X">moglo</wf>
         <wf lemma="zaustaviti" pos="X">zaustaviti</wf>
         <wf lemma="u" pos="X">u</wf>
         <wf lemma="njihovu" pos="X">njihovu</wf>
         <wf lemma="ostvarenju" pos="X">ostvarenju</wf>
         <wf lemma="." pos="X">.</wf>
      </sentence>
      <sentence id="d000.s2600" source="wordnet-croatian">
         <instance id="d000.s2600.t000" lemma="izjesti" pos="VERB">Izjeo</instance>
         <wf lemma="je" pos="X">je</wf>
         <wf lemma="sve" pos="X">sve</wf>
         <wf lemma="što" pos="X">što</wf>
         <wf lemma="je" pos="X">je</wf>
         <wf lemma="bilo" pos="X">bilo</wf>
         <wf lemma="na" pos="X">na</wf>
         <wf lemma="stolu" pos="X">stolu</wf>
         <wf lemma="." pos="X">.</wf>
      </sentence>
      <sentence id="d000.s2601" source="wordnet-croatian">
         <instance id="d000.s2601.t000" lemma="osjećati" pos="VERB">Osjećao</instance>
         <wf lemma="je" pos="X">je</wf>
         <wf lemma="na" pos="X">na</wf>
         <wf lemma="koži" pos="X">koži</wf>
         <wf lemma="njezine" pos="X">njezine</wf>
         <wf lemma="dodire" pos="X">dodire</wf>
         <wf lemma="." pos="X">.</wf>
      </sentence>
      <sentence id="d000.s2602" source="wordnet-croatian">
         <wf lemma="Zagađeni" pos="X">Zagađeni</wf>
         <wf lemma="okoliš" pos="X">okoliš</wf>
         <instance id="d000.s2602.t000" lemma="ugrožavati" pos="VERB">ugrožava</instance>
         <wf lemma="naše" pos="X">naše</wf>
         <wf lemma="zdravlje" pos="X">zdravlje</wf>
         <wf lemma="." pos="X">.</wf>
      </sentence>
      <sentence id="d000.s2603" source="wordnet-croatian">
         <wf lemma="Nakon" pos="X">Nakon</wf>
         <wf lemma="pet" pos="X">pet</wf>
         <wf lemma="godina" pos="X">godina</wf>
         <wf lemma="predavanja" pos="X">predavanja</wf>
         <instance id="d000.s2603.t000" lemma="vidjeti" pos="VERB">vidim</instance>
         <wf lemma="da" pos="X">da</wf>
         <wf lemma="studenti" pos="X">studenti</wf>
         <wf lemma="vole" pos="X">vole</wf>
         <wf lemma="zanimljive" pos="X">zanimljive</wf>
         <wf lemma="predmete" pos="X">predmete</wf>
         <wf lemma="." pos="X">.</wf>
      </sentence>
      <sentence id="d000.s2604" source="wordnet-croatian">
         <wf lemma="Moj" pos="X">Moj</wf>
         <instance id="d000.s2604.t000" lemma="oponent" pos="NOUN">oponent</instance>
         <wf lemma="očito" pos="X">očito</wf>
         <wf lemma="nema" pos="X">nema</wf>
         <wf lemma="razrađen" pos="X">razrađen</wf>
         <wf lemma="program" pos="X">program</wf>
         <wf lemma="unutarnje" pos="X">unutarnje</wf>
         <wf lemma="politike" pos="X">politike</wf>
         <wf lemma="." pos="X">.</wf>
      </sentence>
      <sentence id="d000.s2605" source="wordnet-croatian">
         <wf lemma="Avion" pos="X">Avion</wf>
         <wf lemma="je" pos="X">je</wf>
         <wf lemma="iz" pos="X">iz</wf>
         <wf lemma="nepoznatih" pos="X">nepoznatih</wf>
         <wf lemma="razloga" pos="X">razloga</wf>
         <wf lemma="pao" pos="X">pao</wf>
         <wf lemma="na" pos="X">na</wf>
         <instance id="d000.s2605.t000" lemma="uzletište" pos="NOUN">uzletište</instance>
         <wf lemma="." pos="X">.</wf>
      </sentence>
      <sentence id="d000.s2606" source="wordnet-croatian">
         <instance id="d000.s2606.t000" lemma="napuštati" pos="VERB">Napušta</instance>
         <wf lemma="mjesto" pos="X">mjesto</wf>
         <wf lemma="predsjednika" pos="X">predsjednika</wf>
         <wf lemma="uprave" pos="X">uprave</wf>
         <wf lemma="nakon" pos="X">nakon</wf>
         <wf lemma="30" pos="X">30</wf>
         <wf lemma="godina" pos="X">godina</wf>
         <wf lemma="predana" pos="X">predana</wf>
         <wf lemma="rada" pos="X">rada</wf>
         <wf lemma="." pos="X">.</wf>
      </sentence>
      <sentence id="d000.s2607" source="wordnet-croatian">
         <instance id="d000.s2607.t000" lemma="memorija" pos="NOUN">Memorije</instance>
         <wf lemma="se" pos="X">se</wf>
         <wf lemma="ugrađuju" pos="X">ugrađuju</wf>
         <wf lemma="u" pos="X">u</wf>
         <wf lemma="računalo" pos="X">računalo</wf>
         <wf lemma="u" pos="X">u</wf>
         <wf lemma="obliku" pos="X">obliku</wf>
         <wf lemma="čipova" pos="X">čipova</wf>
         <wf lemma="." pos="X">.</wf>
      </sentence>
      <sentence id="d000.s2608" source="wordnet-croatian">
         <wf lemma="On" pos="X">On</wf>
         <wf lemma="se" pos="X">se</wf>
         <wf lemma="voli" pos="X">voli</wf>
         <wf lemma="kretati" pos="X">kretati</wf>
         <wf lemma="u" pos="X">u</wf>
         <wf lemma="umjetničkim" pos="X">umjetničkim</wf>
         <instance id="d000.s2608.t000" lemma="krug" pos="NOUN">krugovima</instance>
         <wf lemma="." pos="X">.</wf>
      </sentence>
      <sentence id="d000.s2609" source="wordnet-croatian">
         <instance id="d000.s2609.t000" lemma="unutrašnjost" pos="NOUN">Unutrašnjost</instance>
         <wf lemma="kuće" pos="X">kuće</wf>
         <wf lemma="starinski" pos="X">starinski</wf>
         <wf lemma="je" pos="X">je</wf>
         <wf lemma="uređena" pos="X">uređena</wf>
         <wf lemma="." pos="X">.</wf>
      </sentence>
      <sentence id="d000.s2610" source="wordnet-croatian">
         <wf lemma="Oceani" pos="X">Oceani</wf>
         <wf lemma="vrve" pos="X">vrve</wf>
         <instance id="d000.s2610.t000" lemma="život" pos="NOUN">životom</instance>
         <wf lemma="." pos="X">.</wf>
      </sentence>
      <sentence id="d000.s2611" source="wordnet-croatian">
         <wf lemma="Najavljen" pos="X">Najavljen</wf>
         <wf lemma="je" pos="X">je</wf>
         <instance id="d000.s2611.t000" lemma="završetak" pos="NOUN">završetak</instance>
         <wf lemma="pregovora" pos="X">pregovora</wf>
         <wf lemma="." pos="X">.</wf>
      </sentence>
      <sentence id="d000.s2612" source="wordnet-croatian">
         <wf lemma="Kao" pos="X">Kao</wf>
         <instance id="d000.s2612.t000" lemma="odgovor" pos="NOUN">odgovor</instance>
         <wf lemma="na" pos="X">na</wf>
         <wf lemma="njegov" pos="X">njegov</wf>
         <wf lemma="argument" pos="X">argument</wf>
         <wf lemma="o" pos="X">o</wf>
         <wf lemma="slobodi" pos="X">slobodi</wf>
         <wf lemma="govora" pos="X">govora</wf>
         <wf lemma="on" pos="X">on</wf>
         <wf lemma="je" pos="X">je</wf>
         <wf lemma="samo" pos="X">samo</wf>
         <wf lemma="slijegnuo" pos="X">slijegnuo</wf>
         <wf lemma="ramenima" pos="X">ramenima</wf>
         <wf lemma="." pos="X">.</wf>
      </sentence>
      <sentence id="d000.s2613" source="wordnet-croatian">
         <instance id="d000.s2613.t000" lemma="škrtost" pos="NOUN">Škrtost</instance>
         <wf lemma="je" pos="X">je</wf>
         <wf lemma="vrlo" pos="X">vrlo</wf>
         <wf lemma="omiljena" pos="X">omiljena</wf>
         <wf lemma="tema" pos="X">tema</wf>
         <wf lemma="među" pos="X">među</wf>
         <wf lemma="književnicima" pos="X">književnicima</wf>
         <wf lemma="." pos="X">.</wf>
      </sentence>
      <sentence id="d000.s2614" source="wordnet-croatian">
         <wf lemma="S" pos="X">S</wf>
         <wf lemma="ponosom" pos="X">ponosom</wf>
         <wf lemma="je" pos="X">je</wf>
         <instance id="d000.s2614.t000" lemma="objaviti" pos="VERB">objavila</instance>
         <wf lemma="svoje" pos="X">svoje</wf>
         <wf lemma="zaruke" pos="X">zaruke</wf>
         <wf lemma="." pos="X">.</wf>
      </sentence>
      <sentence id="d000.s2615" source="wordnet-croatian">
         <wf lemma="Susjedi" pos="X">Susjedi</wf>
         <wf lemma="su" pos="X">su</wf>
         <wf lemma="se" pos="X">se</wf>
         <wf lemma="bunili" pos="X">bunili</wf>
         <wf lemma="otkad" pos="X">otkad</wf>
         <wf lemma="je" pos="X">je</wf>
         <wf lemma="novi" pos="X">novi</wf>
         <wf lemma="stanar" pos="X">stanar</wf>
         <wf lemma="počeo" pos="X">počeo</wf>
         <wf lemma="koristiti" pos="X">koristiti</wf>
         <instance id="d000.s2615.t000" lemma="pojačivač" pos="NOUN">pojačivače</instance>
         <wf lemma="." pos="X">.</wf>
      </sentence>
      <sentence id="d000.s2616" source="wordnet-croatian">
         <wf lemma="Fotelja" pos="X">Fotelja</wf>
         <wf lemma="je" pos="X">je</wf>
         <wf lemma="bila" pos="X">bila</wf>
         <wf lemma="u" pos="X">u</wf>
         <instance id="d000.s2616.t000" lemma="fokus" pos="NOUN">fokusu</instance>
         <wf lemma="fotografije" pos="X">fotografije</wf>
         <wf lemma="." pos="X">.</wf>
      </sentence>
      <sentence id="d000.s2617" source="wordnet-croatian">
         <wf lemma="Narod" pos="X">Narod</wf>
         <wf lemma="je" pos="X">je</wf>
         <wf lemma="giljotinom" pos="X">giljotinom</wf>
         <instance id="d000.s2617.t000" lemma="obezglaviti" pos="VERB">obezglavio</instance>
         <wf lemma="Luja" pos="X">Luja</wf>
         <wf lemma="XVI" pos="X">XVI</wf>
         <wf lemma="." pos="X">.</wf>
      </sentence>
      <sentence id="d000.s2618" source="wordnet-croatian">
         <wf lemma="Dani" pos="X">Dani</wf>
         <wf lemma="mi" pos="X">mi</wf>
         <instance id="d000.s2618.t000" lemma="prolaziti" pos="VERB">prolaze</instance>
         <wf lemma="sporo" pos="X">sporo</wf>
         <wf lemma="." pos="X">.</wf>
      </sentence>
      <sentence id="d000.s2619" source="wordnet-croatian">
         <instance id="d000.s2619.t000" lemma="prosuti" pos="VERB">Prosuo</instance>
         <wf lemma="je" pos="X">je</wf>
         <wf lemma="šećer" pos="X">šećer</wf>
         <wf lemma="po" pos="X">po</wf>
         <wf lemma="podu" pos="X">podu</wf>
         <wf lemma="." pos="X">.</wf>
      </sentence>
      <sentence id="d000.s2620" source="wordnet-croatian">
         <wf lemma="Nanesene" pos="X">Nanesene</wf>
         <wf lemma="su" pos="X">su</wf>
         <wf lemma="mu" pos="X">mu</wf>
         <wf lemma="višestruke" pos="X">višestruke</wf>
         <instance id="d000.s2620.t000" lemma="ozljeda" pos="NOUN">ozljede</instance>
         <wf lemma="opasne" pos="X">opasne</wf>
         <wf lemma="po" pos="X">po</wf>
         <wf lemma="život" pos="X">život</wf>
         <wf lemma="." pos="X">.</wf>
      </sentence>
      <sentence id="d000.s2621" source="wordnet-croatian">
         <wf lemma="Iako" pos="X">Iako</wf>
         <wf lemma="sam" pos="X">sam</wf>
         <wf lemma="se" pos="X">se</wf>
         <wf lemma="prije" pos="X">prije</wf>
         <wf lemma="smijao" pos="X">smijao</wf>
         <wf lemma="," pos="X">,</wf>
         <wf lemma="tek" pos="X">tek</wf>
         <wf lemma="sam" pos="X">sam</wf>
         <wf lemma="sada" pos="X">sada</wf>
         <instance id="d000.s2621.t000" lemma="shvatiti" pos="VERB">shvatio</instance>
         <wf lemma="vic" pos="X">vic</wf>
         <wf lemma="." pos="X">.</wf>
      </sentence>
      <sentence id="d000.s2622" source="wordnet-croatian">
         <instance id="d000.s2622.t000" lemma="dio" pos="NOUN">Dio</instance>
         <wf lemma="sibirskog" pos="X">sibirskog</wf>
         <wf lemma="prostranstva" pos="X">prostranstva</wf>
         <wf lemma="ispunjen" pos="X">ispunjen</wf>
         <wf lemma="je" pos="X">je</wf>
         <wf lemma="tajgom" pos="X">tajgom</wf>
         <wf lemma="." pos="X">.</wf>
      </sentence>
      <sentence id="d000.s2623" source="wordnet-croatian">
         <wf lemma="Ona" pos="X">Ona</wf>
         <wf lemma="slijedi" pos="X">slijedi</wf>
         <wf lemma="sve" pos="X">sve</wf>
         <wf lemma="frizerske" pos="X">frizerske</wf>
         <instance id="d000.s2623.t000" lemma="trend" pos="NOUN">trendove</instance>
         <wf lemma="." pos="X">.</wf>
      </sentence>
      <sentence id="d000.s2624" source="wordnet-croatian">
         <wf lemma="Za" pos="X">Za</wf>
         <wf lemma="diplomski" pos="X">diplomski</wf>
         <wf lemma="je" pos="X">je</wf>
         <wf lemma="rad" pos="X">rad</wf>
         <wf lemma="odabrala" pos="X">odabrala</wf>
         <wf lemma="uspoređivanje" pos="X">uspoređivanje</wf>
         <instance id="d000.s2624.t000" lemma="karakteristika" pos="NOUN">karakteristika</instance>
         <wf lemma="renesansne" pos="X">renesansne</wf>
         <wf lemma="i" pos="X">i</wf>
         <wf lemma="barokne" pos="X">barokne</wf>
         <wf lemma="poezije" pos="X">poezije</wf>
         <wf lemma="." pos="X">.</wf>
      </sentence>
      <sentence id="d000.s2625" source="wordnet-croatian">
         <wf lemma="Molim" pos="X">Molim</wf>
         <wf lemma="te" pos="X">te</wf>
         <wf lemma="," pos="X">,</wf>
         <instance id="d000.s2625.t000" lemma="ukapati" pos="VERB">ukapaj</instance>
         <wf lemma="mi" pos="X">mi</wf>
         <wf lemma="kapi" pos="X">kapi</wf>
         <wf lemma="u" pos="X">u</wf>
         <wf lemma="oči" pos="X">oči</wf>
         <wf lemma="." pos="X">.</wf>
      </sentence>
      <sentence id="d000.s2626" source="wordnet-croatian">
         <wf lemma="Otkriven" pos="X">Otkriven</wf>
         <wf lemma="glavni" pos="X">glavni</wf>
         <wf lemma="krivac" pos="X">krivac</wf>
         <wf lemma="za" pos="X">za</wf>
         <wf lemma="prošlogodišnje" pos="X">prošlogodišnje</wf>
         <instance id="d000.s2626.t000" lemma="nedaća" pos="NOUN">nedaće</instance>
         <wf lemma="." pos="X">.</wf>
      </sentence>
      <sentence id="d000.s2627" source="wordnet-croatian">
         <wf lemma="Smatra" pos="X">Smatra</wf>
         <wf lemma="se" pos="X">se</wf>
         <wf lemma="da" pos="X">da</wf>
         <instance id="d000.s2627.t000" lemma="opal" pos="NOUN">opal</instance>
         <wf lemma="donosi" pos="X">donosi</wf>
         <wf lemma="lijepe" pos="X">lijepe</wf>
         <wf lemma="snove" pos="X">snove</wf>
         <wf lemma="." pos="X">.</wf>
      </sentence>
      <sentence id="d000.s2628" source="wordnet-croatian">
         <wf lemma="Masovno" pos="X">Masovno</wf>
         <instance id="d000.s2628.t000" lemma="otpuštanje" pos="NOUN">otpuštanje</instance>
         <wf lemma="radnika" pos="X">radnika</wf>
         <wf lemma="izazvalo" pos="X">izazvalo</wf>
         <wf lemma="je" pos="X">je</wf>
         <wf lemma="prosvjede" pos="X">prosvjede</wf>
         <wf lemma="." pos="X">.</wf>
      </sentence>
      <sentence id="d000.s2629" source="wordnet-croatian">
         <wf lemma="Napisati" pos="X">Napisati</wf>
         <wf lemma="knjigu" pos="X">knjigu</wf>
         <wf lemma="veliki" pos="X">veliki</wf>
         <wf lemma="je" pos="X">je</wf>
         <instance id="d000.s2629.t000" lemma="pothvat" pos="NOUN">pothvat</instance>
         <wf lemma="." pos="X">.</wf>
      </sentence>
      <sentence id="d000.s2630" source="wordnet-croatian">
         <wf lemma="Nakon" pos="X">Nakon</wf>
         <wf lemma="ponoći" pos="X">ponoći</wf>
         <wf lemma="započelo" pos="X">započelo</wf>
         <wf lemma="je" pos="X">je</wf>
         <instance id="d000.s2630.t000" lemma="razilaženje" pos="NOUN">razilaženje</instance>
         <wf lemma="ljudi" pos="X">ljudi</wf>
         <wf lemma="na" pos="X">na</wf>
         <wf lemma="trgu" pos="X">trgu</wf>
         <wf lemma="." pos="X">.</wf>
      </sentence>
      <sentence id="d000.s2631" source="wordnet-croatian">
         <instance id="d000.s2631.t000" lemma="zaprljati" pos="VERB">Zaprljao</instance>
         <wf lemma="je" pos="X">je</wf>
         <wf lemma="svoju" pos="X">svoju</wf>
         <wf lemma="sobu" pos="X">sobu</wf>
         <wf lemma="." pos="X">.</wf>
      </sentence>
      <sentence id="d000.s2632" source="wordnet-croatian">
         <wf lemma="Loše" pos="X">Loše</wf>
         <wf lemma="je" pos="X">je</wf>
         <wf lemma="vrijeme" pos="X">vrijeme</wf>
         <instance id="d000.s2632.t000" lemma="trajati" pos="VERB">trajalo</instance>
         <wf lemma="već" pos="X">već</wf>
         <wf lemma="danima" pos="X">danima</wf>
         <wf lemma="." pos="X">.</wf>
      </sentence>
      <sentence id="d000.s2633" source="wordnet-croatian">
         <wf lemma="Njegovo" pos="X">Njegovo</wf>
         <wf lemma="tijelo" pos="X">tijelo</wf>
         <wf lemma="bilo" pos="X">bilo</wf>
         <wf lemma="je" pos="X">je</wf>
         <wf lemma="izrešetano" pos="X">izrešetano</wf>
         <wf lemma="metcima" pos="X">metcima</wf>
         <wf lemma="iz" pos="X">iz</wf>
         <instance id="d000.s2633.t000" lemma="mitraljez" pos="NOUN">mitraljeza</instance>
         <wf lemma="." pos="X">.</wf>
      </sentence>
      <sentence id="d000.s2634" source="wordnet-croatian">
         <wf lemma="Spremni" pos="X">Spremni</wf>
         <wf lemma="smo" pos="X">smo</wf>
         <wf lemma="proizvodnju" pos="X">proizvodnju</wf>
         <instance id="d000.s2634.t000" lemma="prilagoditi" pos="VERB">prilagoditi</instance>
         <wf lemma="specifičnim" pos="X">specifičnim</wf>
         <wf lemma="potrebama" pos="X">potrebama</wf>
         <wf lemma="ribara" pos="X">ribara</wf>
         <wf lemma="." pos="X">.</wf>
      </sentence>
      <sentence id="d000.s2635" source="wordnet-croatian">
         <wf lemma="Da" pos="X">Da</wf>
         <wf lemma="nisi" pos="X">nisi</wf>
         <wf lemma="nikome" pos="X">nikome</wf>
         <instance id="d000.s2635.t000" lemma="zucnuti" pos="VERB">zucnuo</instance>
         <wf lemma="ni" pos="X">ni</wf>
         <wf lemma="slova" pos="X">slova</wf>
         <wf lemma="o" pos="X">o</wf>
         <wf lemma="tome" pos="X">tome</wf>
         <wf lemma="da" pos="X">da</wf>
         <wf lemma="ideš" pos="X">ideš</wf>
         <wf lemma="u" pos="X">u</wf>
         <wf lemma="školu" pos="X">školu</wf>
         <wf lemma="baleta" pos="X">baleta</wf>
         <wf lemma="!" pos="X">!</wf>
      </sentence>
      <sentence id="d000.s2636" source="wordnet-croatian">
         <wf lemma="Bio" pos="X">Bio</wf>
         <wf lemma="je" pos="X">je</wf>
         <instance id="d000.s2636.t000" lemma="siguran" pos="ADJ">siguran</instance>
         <wf lemma="u" pos="X">u</wf>
         <wf lemma="pobjedu" pos="X">pobjedu</wf>
         <wf lemma="." pos="X">.</wf>
      </sentence>
      <sentence id="d000.s2637" source="wordnet-croatian">
         <instance id="d000.s2637.t000" lemma="pripravak" pos="NOUN">Pripravak</instance>
         <wf lemma="modre" pos="X">modre</wf>
         <wf lemma="galice" pos="X">galice</wf>
         <wf lemma="treba" pos="X">treba</wf>
         <wf lemma="podvrgnuti" pos="X">podvrgnuti</wf>
         <wf lemma="daljnjem" pos="X">daljnjem</wf>
         <wf lemma="ispitivanju" pos="X">ispitivanju</wf>
         <wf lemma="." pos="X">.</wf>
      </sentence>
      <sentence id="d000.s2638" source="wordnet-croatian">
         <instance id="d000.s2638.t000" lemma="jamčiti" pos="VERB">Jamčim</instance>
         <wf lemma="svojom" pos="X">svojom</wf>
         <wf lemma="čašću" pos="X">čašću</wf>
         <wf lemma="." pos="X">.</wf>
      </sentence>
      <sentence id="d000.s2639" source="wordnet-croatian">
         <instance id="d000.s2639.t000" lemma="supružnik" pos="NOUN">Supružnici</instance>
         <wf lemma="imaju" pos="X">imaju</wf>
         <wf lemma="pravo" pos="X">pravo</wf>
         <wf lemma="posjeta" pos="X">posjeta</wf>
         <wf lemma="u" pos="X">u</wf>
         <wf lemma="bolnici" pos="X">bolnici</wf>
         <wf lemma="." pos="X">.</wf>
      </sentence>
      <sentence id="d000.s2640" source="wordnet-croatian">
         <wf lemma="2." pos="X">2.</wf>
         <wf lemma="svjetski" pos="X">svjetski</wf>
         <wf lemma="rat" pos="X">rat</wf>
         <instance id="d000.s2640.t000" lemma="početi" pos="VERB">počeo</instance>
         <wf lemma="je" pos="X">je</wf>
         <wf lemma="1939." pos="X">1939.</wf>
      </sentence>
      <sentence id="d000.s2641" source="wordnet-croatian">
         <wf lemma="Grašak" pos="X">Grašak</wf>
         <wf lemma="se" pos="X">se</wf>
         <wf lemma="često" pos="X">često</wf>
         <instance id="d000.s2641.t000" lemma="konzervirati" pos="VERB">konzervira</instance>
         <wf lemma="u" pos="X">u</wf>
         <wf lemma="limenkama" pos="X">limenkama</wf>
         <wf lemma="različitih" pos="X">različitih</wf>
         <wf lemma="veličina" pos="X">veličina</wf>
         <wf lemma="." pos="X">.</wf>
      </sentence>
      <sentence id="d000.s2642" source="wordnet-croatian">
         <wf lemma="papa" pos="X">papa</wf>
         <wf lemma="je" pos="X">je</wf>
         <wf lemma="izjavio" pos="X">izjavio</wf>
         <wf lemma="da" pos="X">da</wf>
         <wf lemma="je" pos="X">je</wf>
         <wf lemma="Torinsko" pos="X">Torinsko</wf>
         <wf lemma="platno" pos="X">platno</wf>
         <wf lemma="važan" pos="X">važan</wf>
         <instance id="d000.s2642.t000" lemma="simbol" pos="NOUN">simbol</instance>
         <wf lemma="za" pos="X">za</wf>
         <wf lemma="vjernike" pos="X">vjernike</wf>
         <wf lemma="." pos="X">.</wf>
      </sentence>
      <sentence id="d000.s2643" source="wordnet-croatian">
         <instance id="d000.s2643.t000" lemma="priprema" pos="NOUN">Priprema</instance>
         <wf lemma="za" pos="X">za</wf>
         <wf lemma="istraživanje" pos="X">istraživanje</wf>
         <wf lemma="zahtijevala" pos="X">zahtijevala</wf>
         <wf lemma="je" pos="X">je</wf>
         <wf lemma="puno" pos="X">puno</wf>
         <wf lemma="truda" pos="X">truda</wf>
         <wf lemma="i" pos="X">i</wf>
         <wf lemma="znanja" pos="X">znanja</wf>
         <wf lemma="." pos="X">.</wf>
      </sentence>
      <sentence id="d000.s2644" source="wordnet-croatian">
         <wf lemma="Vuk" pos="X">Vuk</wf>
         <wf lemma="je" pos="X">je</wf>
         <wf lemma="otprilike" pos="X">otprilike</wf>
         <wf lemma="iste" pos="X">iste</wf>
         <instance id="d000.s2644.t000" lemma="veličina" pos="NOUN">veličine</instance>
         <wf lemma="kao" pos="X">kao</wf>
         <wf lemma="i" pos="X">i</wf>
         <wf lemma="veći" pos="X">veći</wf>
         <wf lemma="pas" pos="X">pas</wf>
         <wf lemma="." pos="X">.</wf>
      </sentence>
      <sentence id="d000.s2645" source="wordnet-croatian">
         <wf lemma="Mirko" pos="X">Mirko</wf>
         <wf lemma="je" pos="X">je</wf>
         <wf lemma="te" pos="X">te</wf>
         <wf lemma="večeri" pos="X">večeri</wf>
         <wf lemma="izuzetno" pos="X">izuzetno</wf>
         <wf lemma="dobro" pos="X">dobro</wf>
         <instance id="d000.s2645.t000" lemma="podnositi" pos="VERB">podnosio</instance>
         <wf lemma="mnoga" pos="X">mnoga</wf>
         <wf lemma="alkoholna" pos="X">alkoholna</wf>
         <wf lemma="pića" pos="X">pića</wf>
         <wf lemma="." pos="X">.</wf>
      </sentence>
      <sentence id="d000.s2646" source="wordnet-croatian">
         <wf lemma="Bio" pos="X">Bio</wf>
         <wf lemma="je" pos="X">je</wf>
         <wf lemma="čovjek" pos="X">čovjek</wf>
         <wf lemma="bez" pos="X">bez</wf>
         <wf lemma="formalnoga" pos="X">formalnoga</wf>
         <instance id="d000.s2646.t000" lemma="obrazovanje" pos="NOUN">obrazovanja</instance>
         <wf lemma="." pos="X">.</wf>
      </sentence>
      <sentence id="d000.s2647" source="wordnet-croatian">
         <instance id="d000.s2647.t000" lemma="pravilnik" pos="NOUN">Pravilnik</instance>
         <wf lemma="o" pos="X">o</wf>
         <wf lemma="ribolovu" pos="X">ribolovu</wf>
         <wf lemma="mora" pos="X">mora</wf>
         <wf lemma="se" pos="X">se</wf>
         <wf lemma="hitno" pos="X">hitno</wf>
         <wf lemma="mijenjati" pos="X">mijenjati</wf>
         <wf lemma="." pos="X">.</wf>
      </sentence>
      <sentence id="d000.s2648" source="wordnet-croatian">
         <wf lemma="Njegova" pos="X">Njegova</wf>
         <wf lemma="je" pos="X">je</wf>
         <wf lemma="majka" pos="X">majka</wf>
         <wf lemma="bila" pos="X">bila</wf>
         <wf lemma="poznata" pos="X">poznata</wf>
         <wf lemma="sviračica" pos="X">sviračica</wf>
         <instance id="d000.s2648.t000" lemma="klarinet" pos="NOUN">klarineta</instance>
         <wf lemma="." pos="X">.</wf>
      </sentence>
      <sentence id="d000.s2649" source="wordnet-croatian">
         <wf lemma="Na" pos="X">Na</wf>
         <wf lemma="njezinu" pos="X">njezinu</wf>
         <instance id="d000.s2649.t000" lemma="preporuka" pos="NOUN">preporuku</instance>
         <wf lemma="obratila" pos="X">obratila</wf>
         <wf lemma="sam" pos="X">sam</wf>
         <wf lemma="se" pos="X">se</wf>
         <wf lemma="njemu" pos="X">njemu</wf>
         <wf lemma="za" pos="X">za</wf>
         <wf lemma="pomoć" pos="X">pomoć</wf>
         <wf lemma="." pos="X">.</wf>
      </sentence>
      <sentence id="d000.s2650" source="wordnet-croatian">
         <wf lemma="Divila" pos="X">Divila</wf>
         <wf lemma="se" pos="X">se</wf>
         <wf lemma="kristalnim" pos="X">kristalnim</wf>
         <instance id="d000.s2650.t000" lemma="svijećnjak" pos="NOUN">svijećnjacima</instance>
         <wf lemma="u" pos="X">u</wf>
         <wf lemma="crkvi" pos="X">crkvi</wf>
         <wf lemma="." pos="X">.</wf>
      </sentence>
      <sentence id="d000.s2651" source="wordnet-croatian">
         <wf lemma="Još" pos="X">Još</wf>
         <wf lemma="uvijek" pos="X">uvijek</wf>
         <wf lemma="nije" pos="X">nije</wf>
         <wf lemma="srušen" pos="X">srušen</wf>
         <wf lemma="rekord" pos="X">rekord</wf>
         <wf lemma="u" pos="X">u</wf>
         <instance id="d000.s2651.t000" lemma="utrka" pos="NOUN">utrci</instance>
         <wf lemma="na" pos="X">na</wf>
         <wf lemma="100" pos="X">100</wf>
         <wf lemma="metara" pos="X">metara</wf>
         <wf lemma="." pos="X">.</wf>
      </sentence>
      <sentence id="d000.s2652" source="wordnet-croatian">
         <wf lemma="Tajni" pos="X">Tajni</wf>
         <wf lemma="agenti" pos="X">agenti</wf>
         <wf lemma="imaju" pos="X">imaju</wf>
         <wf lemma="tajne" pos="X">tajne</wf>
         <instance id="d000.s2652.t000" lemma="zadatak" pos="NOUN">zadatke</instance>
         <wf lemma="." pos="X">.</wf>
      </sentence>
      <sentence id="d000.s2653" source="wordnet-croatian">
         <wf lemma="Nismo" pos="X">Nismo</wf>
         <wf lemma="mislili" pos="X">mislili</wf>
         <wf lemma="na" pos="X">na</wf>
         <instance id="d000.s2653.t000" lemma="račvanje" pos="NOUN">račvanje</instance>
         <wf lemma="ceste" pos="X">ceste</wf>
         <wf lemma="." pos="X">.</wf>
      </sentence>
      <sentence id="d000.s2654" source="wordnet-croatian">
         <wf lemma="Poslovno" pos="X">Poslovno</wf>
         <wf lemma="je" pos="X">je</wf>
         <instance id="d000.s2654.t000" lemma="natjecanje" pos="NOUN">natjecanje</instance>
         <wf lemma="zdravo" pos="X">zdravo</wf>
         <wf lemma="za" pos="X">za</wf>
         <wf lemma="tržište" pos="X">tržište</wf>
         <wf lemma="." pos="X">.</wf>
      </sentence>
      <sentence id="d000.s2655" source="wordnet-croatian">
         <wf lemma="Lišće" pos="X">Lišće</wf>
         <wf lemma="je" pos="X">je</wf>
         <instance id="d000.s2655.t000" lemma="šumiti" pos="VERB">šumilo</instance>
         <wf lemma="nošeno" pos="X">nošeno</wf>
         <wf lemma="laganim" pos="X">laganim</wf>
         <wf lemma="povjetarcem" pos="X">povjetarcem</wf>
         <wf lemma="." pos="X">.</wf>
      </sentence>
      <sentence id="d000.s2656" source="wordnet-croatian">
         <wf lemma="Osnovna" pos="X">Osnovna</wf>
         <wf lemma="je" pos="X">je</wf>
         <instance id="d000.s2656.t000" lemma="značajka" pos="NOUN">značajka</instance>
         <wf lemma="našeg" pos="X">našeg</wf>
         <wf lemma="programa" pos="X">programa</wf>
         <wf lemma="da" pos="X">da</wf>
         <wf lemma="se" pos="X">se</wf>
         <wf lemma="zaležemo" pos="X">zaležemo</wf>
         <wf lemma="za" pos="X">za</wf>
         <wf lemma="pravednu" pos="X">pravednu</wf>
         <wf lemma="državu" pos="X">državu</wf>
         <wf lemma="." pos="X">.</wf>
      </sentence>
      <sentence id="d000.s2657" source="wordnet-croatian">
         <wf lemma="Sjedio" pos="X">Sjedio</wf>
         <wf lemma="je" pos="X">je</wf>
         <wf lemma="u" pos="X">u</wf>
         <wf lemma="svojoj" pos="X">svojoj</wf>
         <wf lemma="sobi" pos="X">sobi</wf>
         <wf lemma="i" pos="X">i</wf>
         <wf lemma="s" pos="X">s</wf>
         <wf lemma="nestrpljenje" pos="X">nestrpljenje</wf>
         <wf lemma="iščekivao" pos="X">iščekivao</wf>
         <instance id="d000.s2657.t000" lemma="novost" pos="NOUN">novosti</instance>
         <wf lemma="o" pos="X">o</wf>
         <wf lemma="prodaji" pos="X">prodaji</wf>
         <wf lemma="." pos="X">.</wf>
      </sentence>
      <sentence id="d000.s2658" source="wordnet-croatian">
         <wf lemma="Djeca" pos="X">Djeca</wf>
         <wf lemma="su" pos="X">su</wf>
         <wf lemma="mu" pos="X">mu</wf>
         <wf lemma="predstavljala" pos="X">predstavljala</wf>
         <wf lemma="samo" pos="X">samo</wf>
         <instance id="d000.s2658.t000" lemma="smetnja" pos="NOUN">smetnju</instance>
         <wf lemma="u" pos="X">u</wf>
         <wf lemma="njegovoj" pos="X">njegovoj</wf>
         <wf lemma="karijeri" pos="X">karijeri</wf>
         <wf lemma="." pos="X">.</wf>
      </sentence>
      <sentence id="d000.s2659" source="wordnet-croatian">
         <wf lemma="Nikako" pos="X">Nikako</wf>
         <wf lemma="nisam" pos="X">nisam</wf>
         <wf lemma="mogao" pos="X">mogao</wf>
         <wf lemma="naći" pos="X">naći</wf>
         <wf lemma="odgovarajući" pos="X">odgovarajući</wf>
         <wf lemma="antivirusni" pos="X">antivirusni</wf>
         <instance id="d000.s2659.t000" lemma="program" pos="NOUN">program</instance>
         <wf lemma="." pos="X">.</wf>
      </sentence>
      <sentence id="d000.s2660" source="wordnet-croatian">
         <instance id="d000.s2660.t000" lemma="zamijetiti" pos="VERB">Zamijetio</instance>
         <wf lemma="je" pos="X">je</wf>
         <wf lemma="neobičnog" pos="X">neobičnog</wf>
         <wf lemma="čovjeka" pos="X">čovjeka</wf>
         <wf lemma="koji" pos="X">koji</wf>
         <wf lemma="mu" pos="X">mu</wf>
         <wf lemma="se" pos="X">se</wf>
         <wf lemma="sve" pos="X">sve</wf>
         <wf lemma="više" pos="X">više</wf>
         <wf lemma="približavao" pos="X">približavao</wf>
         <wf lemma="." pos="X">.</wf>
      </sentence>
      <sentence id="d000.s2661" source="wordnet-croatian">
         <wf lemma="Prema" pos="X">Prema</wf>
         <wf lemma="zarobljenim" pos="X">zarobljenim</wf>
         <wf lemma="neprijateljskim" pos="X">neprijateljskim</wf>
         <wf lemma="vojnicima" pos="X">vojnicima</wf>
         <wf lemma="ponašao" pos="X">ponašao</wf>
         <wf lemma="se" pos="X">se</wf>
         <instance id="d000.s2661.t000" lemma="plemenit" pos="ADJ">plemenito</instance>
         <wf lemma="." pos="X">.</wf>
      </sentence>
      <sentence id="d000.s2662" source="wordnet-croatian">
         <instance id="d000.s2662.t000" lemma="odbiti" pos="VERB">Odbio</instance>
         <wf lemma="je" pos="X">je</wf>
         <wf lemma="dati" pos="X">dati</wf>
         <wf lemma="joj" pos="X">joj</wf>
         <wf lemma="povišicu" pos="X">povišicu</wf>
         <wf lemma="." pos="X">.</wf>
      </sentence>
      <sentence id="d000.s2663" source="wordnet-croatian">
         <instance id="d000.s2663.t000" lemma="primijeniti" pos="VERB">Primijenila</instance>
         <wf lemma="je" pos="X">je</wf>
         <wf lemma="na" pos="X">na</wf>
         <wf lemma="njemu" pos="X">njemu</wf>
         <wf lemma="svoje" pos="X">svoje</wf>
         <wf lemma="boksačko" pos="X">boksačko</wf>
         <wf lemma="umijeće" pos="X">umijeće</wf>
         <wf lemma="." pos="X">.</wf>
      </sentence>
      <sentence id="d000.s2664" source="wordnet-croatian">
         <wf lemma="Bila" pos="X">Bila</wf>
         <wf lemma="je" pos="X">je</wf>
         <wf lemma="ljubitelj" pos="X">ljubitelj</wf>
         <wf lemma="filmske" pos="X">filmske</wf>
         <instance id="d000.s2664.t000" lemma="umjetnost" pos="NOUN">umjetnosti</instance>
         <wf lemma="." pos="X">.</wf>
      </sentence>
      <sentence id="d000.s2665" source="wordnet-croatian">
         <wf lemma="Hrvatski" pos="X">Hrvatski</wf>
         <wf lemma="se" pos="X">se</wf>
         <wf lemma="narod" pos="X">narod</wf>
         <wf lemma="oduvijek" pos="X">oduvijek</wf>
         <wf lemma="odlikovao" pos="X">odlikovao</wf>
         <wf lemma="neizmjernim" pos="X">neizmjernim</wf>
         <instance id="d000.s2665.t000" lemma="junaštvo" pos="NOUN">junaštvom</instance>
         <wf lemma="." pos="X">.</wf>
      </sentence>
      <sentence id="d000.s2666" source="wordnet-croatian">
         <wf lemma="Nosila" pos="X">Nosila</wf>
         <wf lemma="je" pos="X">je</wf>
         <instance id="d000.s2666.t000" lemma="šilterica" pos="NOUN">šiltericu</instance>
         <wf lemma="da" pos="X">da</wf>
         <wf lemma="zaštiti" pos="X">zaštiti</wf>
         <wf lemma="glavu" pos="X">glavu</wf>
         <wf lemma="od" pos="X">od</wf>
         <wf lemma="sunca" pos="X">sunca</wf>
         <wf lemma="." pos="X">.</wf>
      </sentence>
      <sentence id="d000.s2667" source="wordnet-croatian">
         <instance id="d000.s2667.t000" lemma="normalan" pos="ADJ">Normalan</instance>
         <wf lemma="je" pos="X">je</wf>
         <wf lemma="poredak" pos="X">poredak</wf>
         <wf lemma="riječi" pos="X">riječi</wf>
         <wf lemma="u" pos="X">u</wf>
         <wf lemma="hrvatskome" pos="X">hrvatskome</wf>
         <wf lemma="jeziku" pos="X">jeziku</wf>
         <wf lemma="subjekt" pos="X">subjekt</wf>
         <wf lemma="," pos="X">,</wf>
         <wf lemma="predikat" pos="X">predikat</wf>
         <wf lemma="," pos="X">,</wf>
         <wf lemma="objekt" pos="X">objekt</wf>
         <wf lemma="." pos="X">.</wf>
      </sentence>
      <sentence id="d000.s2668" source="wordnet-croatian">
         <wf lemma="Studenti" pos="X">Studenti</wf>
         <wf lemma="medicine" pos="X">medicine</wf>
         <wf lemma="su" pos="X">su</wf>
         <wf lemma="vježbali" pos="X">vježbali</wf>
         <instance id="d000.s2668.t000" lemma="umetanje" pos="NOUN">umetanje</instance>
         <wf lemma="igle" pos="X">igle</wf>
         <wf lemma="u" pos="X">u</wf>
         <wf lemma="venu" pos="X">venu</wf>
         <wf lemma="." pos="X">.</wf>
      </sentence>
      <sentence id="d000.s2669" source="wordnet-croatian">
         <wf lemma="Vodu" pos="X">Vodu</wf>
         <wf lemma="za" pos="X">za</wf>
         <wf lemma="glačanje" pos="X">glačanje</wf>
         <wf lemma="treba" pos="X">treba</wf>
         <instance id="d000.s2669.t000" lemma="destilirati" pos="VERB">destilirati</instance>
         <wf lemma="radi" pos="X">radi</wf>
         <wf lemma="uklanjanja" pos="X">uklanjanja</wf>
         <wf lemma="kamenca" pos="X">kamenca</wf>
         <wf lemma="." pos="X">.</wf>
      </sentence>
      <sentence id="d000.s2670" source="wordnet-croatian">
         <wf lemma="Cijelo" pos="X">Cijelo</wf>
         <wf lemma="polje" pos="X">polje</wf>
         <instance id="d000.s2670.t000" lemma="cikla" pos="NOUN">cikle</instance>
         <wf lemma="uništeno" pos="X">uništeno</wf>
         <wf lemma="je" pos="X">je</wf>
         <wf lemma="zbog" pos="X">zbog</wf>
         <wf lemma="ovogodišnje" pos="X">ovogodišnje</wf>
         <wf lemma="suše" pos="X">suše</wf>
         <wf lemma="." pos="X">.</wf>
      </sentence>
      <sentence id="d000.s2671" source="wordnet-croatian">
         <instance id="d000.s2671.t000" lemma="čovjek" pos="NOUN">Čovjek</instance>
         <wf lemma="je" pos="X">je</wf>
         <wf lemma="najrazvijenije" pos="X">najrazvijenije</wf>
         <wf lemma="živo" pos="X">živo</wf>
         <wf lemma="biće" pos="X">biće</wf>
         <wf lemma="na" pos="X">na</wf>
         <wf lemma="Zemlji" pos="X">Zemlji</wf>
         <wf lemma="." pos="X">.</wf>
      </sentence>
      <sentence id="d000.s2672" source="wordnet-croatian">
         <instance id="d000.s2672.t000" lemma="istraživanje" pos="NOUN">Istraživanje</instance>
         <wf lemma="ljudskog" pos="X">ljudskog</wf>
         <wf lemma="genoma" pos="X">genoma</wf>
         <wf lemma="daleko" pos="X">daleko</wf>
         <wf lemma="je" pos="X">je</wf>
         <wf lemma="došlo" pos="X">došlo</wf>
         <wf lemma="." pos="X">.</wf>
      </sentence>
      <sentence id="d000.s2673" source="wordnet-croatian">
         <wf lemma="Nekako" pos="X">Nekako</wf>
         <wf lemma="je" pos="X">je</wf>
         <wf lemma="morao" pos="X">morao</wf>
         <wf lemma="pobijediti" pos="X">pobijediti</wf>
         <wf lemma="svoju" pos="X">svoju</wf>
         <instance id="d000.s2673.t000" lemma="inercija" pos="NOUN">inerciju</instance>
         <wf lemma="i" pos="X">i</wf>
         <wf lemma="opet" pos="X">opet</wf>
         <wf lemma="prionuti" pos="X">prionuti</wf>
         <wf lemma="poslu" pos="X">poslu</wf>
         <wf lemma="." pos="X">.</wf>
      </sentence>
      <sentence id="d000.s2674" source="wordnet-croatian">
         <wf lemma="Znansvenik" pos="X">Znansvenik</wf>
         <wf lemma="je" pos="X">je</wf>
         <instance id="d000.s2674.t000" lemma="objaviti" pos="VERB">objavio</instance>
         <wf lemma="nevjerojatne" pos="X">nevjerojatne</wf>
         <wf lemma="podatke" pos="X">podatke</wf>
         <wf lemma="dobivene" pos="X">dobivene</wf>
         <wf lemma="istraživanjem" pos="X">istraživanjem</wf>
         <wf lemma="." pos="X">.</wf>
      </sentence>
      <sentence id="d000.s2675" source="wordnet-croatian">
         <wf lemma="Dala" pos="X">Dala</wf>
         <wf lemma="sam" pos="X">sam</wf>
         <instance id="d000.s2675.t000" lemma="sterilizirati" pos="VERB">sterilizirati</instance>
         <wf lemma="svoju" pos="X">svoju</wf>
         <wf lemma="mačku" pos="X">mačku</wf>
         <wf lemma="." pos="X">.</wf>
      </sentence>
      <sentence id="d000.s2676" source="wordnet-croatian">
         <wf lemma="Na" pos="X">Na</wf>
         <wf lemma="svom" pos="X">svom</wf>
         <instance id="d000.s2676.t000" lemma="polje" pos="NOUN">polju</instance>
         <wf lemma="zasadio" pos="X">zasadio</wf>
         <wf lemma="je" pos="X">je</wf>
         <wf lemma="pšenicu" pos="X">pšenicu</wf>
         <wf lemma="." pos="X">.</wf>
      </sentence>
      <sentence id="d000.s2677" source="wordnet-croatian">
         <wf lemma="Ispitivanje" pos="X">Ispitivanje</wf>
         <wf lemma="dječjeg" pos="X">dječjeg</wf>
         <wf lemma="sluha" pos="X">sluha</wf>
         <instance id="d000.s2677.t000" lemma="audiometar" pos="NOUN">audiometrom</instance>
         <wf lemma="traje" pos="X">traje</wf>
         <wf lemma="manje" pos="X">manje</wf>
         <wf lemma="od" pos="X">od</wf>
         <wf lemma="minute" pos="X">minute</wf>
         <wf lemma="po" pos="X">po</wf>
         <wf lemma="uhu" pos="X">uhu</wf>
         <wf lemma="." pos="X">.</wf>
      </sentence>
      <sentence id="d000.s2678" source="wordnet-croatian">
         <wf lemma="Odložili" pos="X">Odložili</wf>
         <wf lemma="su" pos="X">su</wf>
         <instance id="d000.s2678.t000" lemma="ogrtač" pos="NOUN">ogrtače</instance>
         <wf lemma="u" pos="X">u</wf>
         <wf lemma="garderobi" pos="X">garderobi</wf>
         <wf lemma="i" pos="X">i</wf>
         <wf lemma="požurili" pos="X">požurili</wf>
         <wf lemma="da" pos="X">da</wf>
         <wf lemma="ne" pos="X">ne</wf>
         <wf lemma="zakasne" pos="X">zakasne</wf>
         <wf lemma="na" pos="X">na</wf>
         <wf lemma="predstavu" pos="X">predstavu</wf>
         <wf lemma="." pos="X">.</wf>
      </sentence>
      <sentence id="d000.s2679" source="wordnet-croatian">
         <wf lemma="Svoje" pos="X">Svoje</wf>
         <wf lemma="ideje" pos="X">ideje</wf>
         <wf lemma="spoji" pos="X">spoji</wf>
         <wf lemma="u" pos="X">u</wf>
         <instance id="d000.s2679.t000" lemma="kompleks" pos="NOUN">kompleks</instance>
         <wf lemma="i" pos="X">i</wf>
         <wf lemma="nastat" pos="X">nastat</wf>
         <wf lemma="će" pos="X">će</wf>
         <wf lemma="pravo" pos="X">pravo</wf>
         <wf lemma="umjetničko" pos="X">umjetničko</wf>
         <wf lemma="djelo" pos="X">djelo</wf>
         <wf lemma="." pos="X">.</wf>
      </sentence>
      <sentence id="d000.s2680" source="wordnet-croatian">
         <wf lemma="Kupovala" pos="X">Kupovala</wf>
         <wf lemma="je" pos="X">je</wf>
         <wf lemma="isključivo" pos="X">isključivo</wf>
         <wf lemma="proizvode" pos="X">proizvode</wf>
         <wf lemma="poznatih" pos="X">poznatih</wf>
         <wf lemma="robnih" pos="X">robnih</wf>
         <instance id="d000.s2680.t000" lemma="marka" pos="NOUN">marki</instance>
         <wf lemma="." pos="X">.</wf>
      </sentence>
      <sentence id="d000.s2681" source="wordnet-croatian">
         <wf lemma="I" pos="X">I</wf>
         <wf lemma="dalje" pos="X">dalje</wf>
         <instance id="d000.s2681.t000" lemma="primati" pos="VERB">primam</instance>
         <wf lemma="njegova" pos="X">njegova</wf>
         <wf lemma="pisma" pos="X">pisma</wf>
         <wf lemma="svaki" pos="X">svaki</wf>
         <wf lemma="mjesec" pos="X">mjesec</wf>
         <wf lemma="." pos="X">.</wf>
      </sentence>
      <sentence id="d000.s2682" source="wordnet-croatian">
         <wf lemma="Djeca" pos="X">Djeca</wf>
         <wf lemma="bi" pos="X">bi</wf>
         <wf lemma="se" pos="X">se</wf>
         <wf lemma="po" pos="X">po</wf>
         <wf lemma="lijepom" pos="X">lijepom</wf>
         <wf lemma="vremenu" pos="X">vremenu</wf>
         <wf lemma="uvijek" pos="X">uvijek</wf>
         <wf lemma="igrala" pos="X">igrala</wf>
         <wf lemma="na" pos="X">na</wf>
         <instance id="d000.s2682.t000" lemma="dvorište" pos="NOUN">dvorištu</instance>
         <wf lemma="." pos="X">.</wf>
      </sentence>
      <sentence id="d000.s2683" source="wordnet-croatian">
         <instance id="d000.s2683.t000" lemma="dozvoljavati" pos="VERB">Dozvoljavam</instance>
         <wf lemma="da" pos="X">da</wf>
         <wf lemma="je" pos="X">je</wf>
         <wf lemma="to" pos="X">to</wf>
         <wf lemma="moguće" pos="X">moguće</wf>
         <wf lemma="." pos="X">.</wf>
      </sentence>
      <sentence id="d000.s2684" source="wordnet-croatian">
         <wf lemma="I" pos="X">I</wf>
         <wf lemma="moj" pos="X">moj</wf>
         <wf lemma="je" pos="X">je</wf>
         <wf lemma="djed" pos="X">djed</wf>
         <wf lemma="bio" pos="X">bio</wf>
         <instance id="d000.s2684.t000" lemma="oficir" pos="NOUN">oficir</instance>
         <wf lemma="u" pos="X">u</wf>
         <wf lemma="prošloj" pos="X">prošloj</wf>
         <wf lemma="državi" pos="X">državi</wf>
         <wf lemma="." pos="X">.</wf>
      </sentence>
      <sentence id="d000.s2685" source="wordnet-croatian">
         <instance id="d000.s2685.t000" lemma="steći" pos="VERB">Stekao</instance>
         <wf lemma="je" pos="X">je</wf>
         <wf lemma="mnogo" pos="X">mnogo</wf>
         <wf lemma="isksutva" pos="X">isksutva</wf>
         <wf lemma="na" pos="X">na</wf>
         <wf lemma="svojim" pos="X">svojim</wf>
         <wf lemma="putovanjima" pos="X">putovanjima</wf>
         <wf lemma="." pos="X">.</wf>
      </sentence>
      <sentence id="d000.s2686" source="wordnet-croatian">
         <wf lemma="Molim" pos="X">Molim</wf>
         <wf lemma="te" pos="X">te</wf>
         <wf lemma="," pos="X">,</wf>
         <instance id="d000.s2686.t000" lemma="izaći" pos="VERB">izađi</instance>
         <wf lemma="iz" pos="X">iz</wf>
         <wf lemma="sobe" pos="X">sobe</wf>
         <wf lemma="." pos="X">.</wf>
      </sentence>
      <sentence id="d000.s2687" source="wordnet-croatian">
         <instance id="d000.s2687.t000" lemma="neispravnost" pos="NOUN">Neispravnost</instance>
         <wf lemma="aparata" pos="X">aparata</wf>
         <wf lemma="koji" pos="X">koji</wf>
         <wf lemma="je" pos="X">je</wf>
         <wf lemma="netom" pos="X">netom</wf>
         <wf lemma="kupila" pos="X">kupila</wf>
         <wf lemma="jako" pos="X">jako</wf>
         <wf lemma="ju" pos="X">ju</wf>
         <wf lemma="je" pos="X">je</wf>
         <wf lemma="razljutila" pos="X">razljutila</wf>
         <wf lemma="." pos="X">.</wf>
      </sentence>
      <sentence id="d000.s2688" source="wordnet-croatian">
         <wf lemma="Skakavci" pos="X">Skakavci</wf>
         <wf lemma="imaju" pos="X">imaju</wf>
         <wf lemma="samačku" pos="X">samačku</wf>
         <wf lemma="i" pos="X">i</wf>
         <wf lemma="rojnu" pos="X">rojnu</wf>
         <instance id="d000.s2688.t000" lemma="faza" pos="NOUN">fazu</instance>
         <wf lemma="." pos="X">.</wf>
      </sentence>
      <sentence id="d000.s2689" source="wordnet-croatian">
         <wf lemma="Na" pos="X">Na</wf>
         <wf lemma="njega" pos="X">njega</wf>
         <wf lemma="je" pos="X">je</wf>
         <wf lemma="utjecao" pos="X">utjecao</wf>
         <wf lemma="čitav" pos="X">čitav</wf>
         <instance id="d000.s2689.t000" lemma="splet" pos="NOUN">splet</instance>
         <wf lemma="okolnosti" pos="X">okolnosti</wf>
         <wf lemma="." pos="X">.</wf>
      </sentence>
      <sentence id="d000.s2690" source="wordnet-croatian">
         <wf lemma="Vrlo" pos="X">Vrlo</wf>
         <wf lemma="mala" pos="X">mala</wf>
         <wf lemma="djeca" pos="X">djeca</wf>
         <wf lemma="ne" pos="X">ne</wf>
         <wf lemma="mogu" pos="X">mogu</wf>
         <wf lemma="pojmiti" pos="X">pojmiti</wf>
         <instance id="d000.s2690.t000" lemma="apstrakcija" pos="NOUN">apstrakcije</instance>
         <wf lemma="." pos="X">.</wf>
      </sentence>
      <sentence id="d000.s2691" source="wordnet-croatian">
         <wf lemma="S" pos="X">S</wf>
         <wf lemma="ovom" pos="X">ovom</wf>
         <wf lemma="si" pos="X">si</wf>
         <wf lemma="izjavom" pos="X">izjavom</wf>
         <instance id="d000.s2691.t000" lemma="otići" pos="VERB">otišla</instance>
         <wf lemma="predaleko" pos="X">predaleko</wf>
         <wf lemma="." pos="X">.</wf>
      </sentence>
      <sentence id="d000.s2692" source="wordnet-croatian">
         <instance id="d000.s2692.t000" lemma="siguran" pos="ADJ">Sigurno</instance>
         <wf lemma="je" pos="X">je</wf>
         <wf lemma="da" pos="X">da</wf>
         <wf lemma="svaka" pos="X">svaka</wf>
         <wf lemma="posljedica" pos="X">posljedica</wf>
         <wf lemma="ima" pos="X">ima</wf>
         <wf lemma="svoj" pos="X">svoj</wf>
         <wf lemma="uzrok" pos="X">uzrok</wf>
         <wf lemma="." pos="X">.</wf>
      </sentence>
      <sentence id="d000.s2693" source="wordnet-croatian">
         <wf lemma="Slasnu" pos="X">Slasnu</wf>
         <wf lemma="večeru" pos="X">večeru</wf>
         <wf lemma="obilno" pos="X">obilno</wf>
         <wf lemma="je" pos="X">je</wf>
         <instance id="d000.s2693.t000" lemma="zaliti" pos="VERB">zalio</instance>
         <wf lemma="vinom" pos="X">vinom</wf>
         <wf lemma="." pos="X">.</wf>
      </sentence>
      <sentence id="d000.s2694" source="wordnet-croatian">
         <wf lemma="Nakon" pos="X">Nakon</wf>
         <wf lemma="što" pos="X">što</wf>
         <wf lemma="bi" pos="X">bi</wf>
         <wf lemma="stigli" pos="X">stigli</wf>
         <wf lemma="do" pos="X">do</wf>
         <wf lemma="kraja" pos="X">kraja</wf>
         <wf lemma="pokretne" pos="X">pokretne</wf>
         <instance id="d000.s2694.t000" lemma="traka" pos="NOUN">trake</instance>
         <wf lemma="," pos="X">,</wf>
         <wf lemma="proizvodi" pos="X">proizvodi</wf>
         <wf lemma="bi" pos="X">bi</wf>
         <wf lemma="se" pos="X">se</wf>
         <wf lemma="pakirali" pos="X">pakirali</wf>
         <wf lemma="u" pos="X">u</wf>
         <wf lemma="kutije" pos="X">kutije</wf>
         <wf lemma="." pos="X">.</wf>
      </sentence>
      <sentence id="d000.s2695" source="wordnet-croatian">
         <wf lemma="Optužuje" pos="X">Optužuje</wf>
         <wf lemma="ih" pos="X">ih</wf>
         <wf lemma="se" pos="X">se</wf>
         <wf lemma="da" pos="X">da</wf>
         <wf lemma="su" pos="X">su</wf>
         <instance id="d000.s2695.t000" lemma="sljednik" pos="NOUN">sljednici</instance>
         <wf lemma="Komunističke" pos="X">Komunističke</wf>
         <wf lemma="partije" pos="X">partije</wf>
         <wf lemma="." pos="X">.</wf>
      </sentence>
      <sentence id="d000.s2696" source="wordnet-croatian">
         <instance id="d000.s2696.t000" lemma="floret" pos="NOUN">Floreti</instance>
         <wf lemma="su" pos="X">su</wf>
         <wf lemma="zveckali" pos="X">zveckali</wf>
         <wf lemma="dok" pos="X">dok</wf>
         <wf lemma="su" pos="X">su</wf>
         <wf lemma="se" pos="X">se</wf>
         <wf lemma="mačevaoci" pos="X">mačevaoci</wf>
         <wf lemma="srčano" pos="X">srčano</wf>
         <wf lemma="borili" pos="X">borili</wf>
         <wf lemma="." pos="X">.</wf>
      </sentence>
      <sentence id="d000.s2697" source="wordnet-croatian">
         <wf lemma="Često" pos="X">Često</wf>
         <wf lemma="su" pos="X">su</wf>
         <wf lemma="vodili" pos="X">vodili</wf>
         <instance id="d000.s2697.t000" lemma="žestok" pos="ADJ">žestoke</instance>
         <wf lemma="rasprave" pos="X">rasprave</wf>
         <wf lemma="." pos="X">.</wf>
      </sentence>
      <sentence id="d000.s2698" source="wordnet-croatian">
         <wf lemma="Moramo" pos="X">Moramo</wf>
         <instance id="d000.s2698.t000" lemma="sijati" pos="VERB">sijati</instance>
         <wf lemma="ako" pos="X">ako</wf>
         <wf lemma="želimo" pos="X">želimo</wf>
         <wf lemma="jesti" pos="X">jesti</wf>
         <wf lemma="." pos="X">.</wf>
      </sentence>
      <sentence id="d000.s2699" source="wordnet-croatian">
         <wf lemma="Krešo" pos="X">Krešo</wf>
         <wf lemma="je" pos="X">je</wf>
         <wf lemma="odlično" pos="X">odlično</wf>
         <wf lemma="svirao" pos="X">svirao</wf>
         <instance id="d000.s2699.t000" lemma="saksofon" pos="NOUN">saksofon</instance>
         <wf lemma="." pos="X">.</wf>
      </sentence>
      <sentence id="d000.s2700" source="wordnet-croatian">
         <wf lemma="Iz" pos="X">Iz</wf>
         <instance id="d000.s2700.t000" lemma="graf" pos="NOUN">grafa</instance>
         <wf lemma="se" pos="X">se</wf>
         <wf lemma="mogao" pos="X">mogao</wf>
         <wf lemma="jasno" pos="X">jasno</wf>
         <wf lemma="iščitati" pos="X">iščitati</wf>
         <wf lemma="pad" pos="X">pad</wf>
         <wf lemma="vrijednosti" pos="X">vrijednosti</wf>
         <wf lemma="dionica" pos="X">dionica</wf>
         <wf lemma="." pos="X">.</wf>
      </sentence>
      <sentence id="d000.s2701" source="wordnet-croatian">
         <instance id="d000.s2701.t000" lemma="nadodati" pos="VERB">Nadodala</instance>
         <wf lemma="je" pos="X">je</wf>
         <wf lemma="još" pos="X">još</wf>
         <wf lemma="brašna" pos="X">brašna</wf>
         <wf lemma="u" pos="X">u</wf>
         <wf lemma="smjesu" pos="X">smjesu</wf>
         <wf lemma="." pos="X">.</wf>
      </sentence>
      <sentence id="d000.s2702" source="wordnet-croatian">
         <instance id="d000.s2702.t000" lemma="pivo" pos="NOUN">Pivo</instance>
         <wf lemma="se" pos="X">se</wf>
         <wf lemma="kod" pos="X">kod</wf>
         <wf lemma="nas" pos="X">nas</wf>
         <wf lemma="svrstava" pos="X">svrstava</wf>
         <wf lemma="u" pos="X">u</wf>
         <wf lemma="prehrambene" pos="X">prehrambene</wf>
         <wf lemma="proizvode" pos="X">proizvode</wf>
         <wf lemma="." pos="X">.</wf>
      </sentence>
      <sentence id="d000.s2703" source="wordnet-croatian">
         <instance id="d000.s2703.t000" lemma="lov" pos="NOUN">Lov</instance>
         <wf lemma="na" pos="X">na</wf>
         <wf lemma="jelena" pos="X">jelena</wf>
         <wf lemma="trajao" pos="X">trajao</wf>
         <wf lemma="je" pos="X">je</wf>
         <wf lemma="dva" pos="X">dva</wf>
         <wf lemma="dana" pos="X">dana</wf>
         <wf lemma="." pos="X">.</wf>
      </sentence>
      <sentence id="d000.s2704" source="wordnet-croatian">
         <wf lemma="Glasna" pos="X">Glasna</wf>
         <wf lemma="sirena" pos="X">sirena</wf>
         <instance id="d000.s2704.t000" lemma="upozoriti" pos="VERB">upozorila</instance>
         <wf lemma="je" pos="X">je</wf>
         <wf lemma="stanovnike" pos="X">stanovnike</wf>
         <wf lemma="na" pos="X">na</wf>
         <wf lemma="opasnost" pos="X">opasnost</wf>
         <wf lemma="." pos="X">.</wf>
      </sentence>
      <sentence id="d000.s2705" source="wordnet-croatian">
         <instance id="d000.s2705.t000" lemma="pozicioniranje" pos="NOUN">Pozicioniranje</instance>
         <wf lemma="igrača" pos="X">igrača</wf>
         <wf lemma="u" pos="X">u</wf>
         <wf lemma="formaciju" pos="X">formaciju</wf>
         <wf lemma="vodio" pos="X">vodio</wf>
         <wf lemma="je" pos="X">je</wf>
         <wf lemma="njihov" pos="X">njihov</wf>
         <wf lemma="trener" pos="X">trener</wf>
         <wf lemma="." pos="X">.</wf>
      </sentence>
      <sentence id="d000.s2706" source="wordnet-croatian">
         <wf lemma="Čudan" pos="X">Čudan</wf>
         <wf lemma="je" pos="X">je</wf>
         <instance id="d000.s2706.t000" lemma="stvor" pos="NOUN">stvor</instance>
         <wf lemma="taj" pos="X">taj</wf>
         <wf lemma="moj" pos="X">moj</wf>
         <wf lemma="prijatelj" pos="X">prijatelj</wf>
         <wf lemma="." pos="X">.</wf>
      </sentence>
      <sentence id="d000.s2707" source="wordnet-croatian">
         <wf lemma="Svi" pos="X">Svi</wf>
         <wf lemma="ga" pos="X">ga</wf>
         <wf lemma="izbjegavaju" pos="X">izbjegavaju</wf>
         <wf lemma="jer" pos="X">jer</wf>
         <wf lemma="se" pos="X">se</wf>
         <wf lemma="rijetko" pos="X">rijetko</wf>
         <wf lemma="tušira" pos="X">tušira</wf>
         <wf lemma="i" pos="X">i</wf>
         <instance id="d000.s2707.t000" lemma="smrdjeti" pos="VERB">smrdi</instance>
         <wf lemma="." pos="X">.</wf>
      </sentence>
      <sentence id="d000.s2708" source="wordnet-croatian">
         <instance id="d000.s2708.t000" lemma="napad" pos="NOUN">Napad</instance>
         <wf lemma="je" pos="X">je</wf>
         <wf lemma="," pos="X">,</wf>
         <wf lemma="kao" pos="X">kao</wf>
         <wf lemma="i" pos="X">i</wf>
         <wf lemma="obično" pos="X">obično</wf>
         <wf lemma="," pos="X">,</wf>
         <wf lemma="počeo" pos="X">počeo</wf>
         <wf lemma="u" pos="X">u</wf>
         <wf lemma="zoru" pos="X">zoru</wf>
         <wf lemma="." pos="X">.</wf>
      </sentence>
      <sentence id="d000.s2709" source="wordnet-croatian">
         <instance id="d000.s2709.t000" lemma="regulator" pos="NOUN">Regulatori</instance>
         <wf lemma="tlaka" pos="X">tlaka</wf>
         <wf lemma="za" pos="X">za</wf>
         <wf lemma="vodu" pos="X">vodu</wf>
         <wf lemma="neophodni" pos="X">neophodni</wf>
         <wf lemma="su" pos="X">su</wf>
         <wf lemma="u" pos="X">u</wf>
         <wf lemma="vodovodnim" pos="X">vodovodnim</wf>
         <wf lemma="sistemima" pos="X">sistemima</wf>
         <wf lemma="." pos="X">.</wf>
      </sentence>
      <sentence id="d000.s2710" source="wordnet-croatian">
         <wf lemma="Godinama" pos="X">Godinama</wf>
         <wf lemma="je" pos="X">je</wf>
         <instance id="d000.s2710.t000" lemma="prikupljati" pos="VERB">prikupljao</instance>
         <wf lemma="leptire" pos="X">leptire</wf>
         <wf lemma="po" pos="X">po</wf>
         <wf lemma="Africi" pos="X">Africi</wf>
         <wf lemma="." pos="X">.</wf>
      </sentence>
      <sentence id="d000.s2711" source="wordnet-croatian">
         <wf lemma="Katodna" pos="X">Katodna</wf>
         <instance id="d000.s2711.t000" lemma="cijev" pos="NOUN">cijev</instance>
         <wf lemma="osnovni" pos="X">osnovni</wf>
         <wf lemma="je" pos="X">je</wf>
         <wf lemma="dio" pos="X">dio</wf>
         <wf lemma="televizora" pos="X">televizora</wf>
         <wf lemma="." pos="X">.</wf>
      </sentence>
      <sentence id="d000.s2712" source="wordnet-croatian">
         <wf lemma="Veliki" pos="X">Veliki</wf>
         <wf lemma="je" pos="X">je</wf>
         <wf lemma="krijes" pos="X">krijes</wf>
         <wf lemma="sagrađen" pos="X">sagrađen</wf>
         <wf lemma="u" pos="X">u</wf>
         <instance id="d000.s2712.t000" lemma="sredina" pos="NOUN">sredini</instance>
         <wf lemma="sela" pos="X">sela</wf>
         <wf lemma="." pos="X">.</wf>
      </sentence>
      <sentence id="d000.s2713" source="wordnet-croatian">
         <wf lemma="Od" pos="X">Od</wf>
         <wf lemma="pokojne" pos="X">pokojne</wf>
         <wf lemma="joj" pos="X">joj</wf>
         <wf lemma="je" pos="X">je</wf>
         <wf lemma="majke" pos="X">majke</wf>
         <wf lemma="ostao" pos="X">ostao</wf>
         <wf lemma="samo" pos="X">samo</wf>
         <wf lemma="jedan" pos="X">jedan</wf>
         <instance id="d000.s2713.t000" lemma="broš" pos="NOUN">broš</instance>
         <wf lemma="." pos="X">.</wf>
      </sentence>
      <sentence id="d000.s2714" source="wordnet-croatian">
         <wf lemma="Iznenadio" pos="X">Iznenadio</wf>
         <wf lemma="je" pos="X">je</wf>
         <wf lemma="ženu" pos="X">ženu</wf>
         <wf lemma="kupivši" pos="X">kupivši</wf>
         <wf lemma="joj" pos="X">joj</wf>
         <wf lemma="novo" pos="X">novo</wf>
         <wf lemma="," pos="X">,</wf>
         <wf lemma="izazovno" pos="X">izazovno</wf>
         <wf lemma="donje" pos="X">donje</wf>
         <instance id="d000.s2714.t000" lemma="rublje" pos="NOUN">rublje</instance>
         <wf lemma="." pos="X">.</wf>
      </sentence>
      <sentence id="d000.s2715" source="wordnet-croatian">
         <instance id="d000.s2715.t000" lemma="sistem" pos="NOUN">Sistem</instance>
         <wf lemma="koji" pos="X">koji</wf>
         <wf lemma="ne" pos="X">ne</wf>
         <wf lemma="uzima" pos="X">uzima</wf>
         <wf lemma="u" pos="X">u</wf>
         <wf lemma="obzir" pos="X">obzir</wf>
         <wf lemma="prava" pos="X">prava</wf>
         <wf lemma="pojedinaca" pos="X">pojedinaca</wf>
         <wf lemma="osuđen" pos="X">osuđen</wf>
         <wf lemma="je" pos="X">je</wf>
         <wf lemma="na" pos="X">na</wf>
         <wf lemma="propast" pos="X">propast</wf>
         <wf lemma="." pos="X">.</wf>
      </sentence>
      <sentence id="d000.s2716" source="wordnet-croatian">
         <instance id="d000.s2716.t000" lemma="preoteti" pos="VERB">Preoteo</instance>
         <wf lemma="mu" pos="X">mu</wf>
         <wf lemma="je" pos="X">je</wf>
         <wf lemma="vlast" pos="X">vlast</wf>
         <wf lemma="u" pos="X">u</wf>
         <wf lemma="zemlji" pos="X">zemlji</wf>
         <wf lemma="." pos="X">.</wf>
      </sentence>
      <sentence id="d000.s2717" source="wordnet-croatian">
         <wf lemma="Jedva" pos="X">Jedva</wf>
         <wf lemma="je" pos="X">je</wf>
         <wf lemma="dočekala" pos="X">dočekala</wf>
         <wf lemma="ljeto" pos="X">ljeto</wf>
         <wf lemma="da" pos="X">da</wf>
         <wf lemma="može" pos="X">može</wf>
         <wf lemma="nositi" pos="X">nositi</wf>
         <wf lemma="lepršave" pos="X">lepršave</wf>
         <instance id="d000.s2717.t000" lemma="haljina" pos="NOUN">haljine</instance>
         <wf lemma="." pos="X">.</wf>
      </sentence>
      <sentence id="d000.s2718" source="wordnet-croatian">
         <instance id="d000.s2718.t000" lemma="spisak" pos="NOUN">Spisak</instance>
         <wf lemma="ljudi" pos="X">ljudi</wf>
         <wf lemma="za" pos="X">za</wf>
         <wf lemma="umirovljenje" pos="X">umirovljenje</wf>
         <wf lemma="prilično" pos="X">prilično</wf>
         <wf lemma="je" pos="X">je</wf>
         <wf lemma="dugačak" pos="X">dugačak</wf>
         <wf lemma="." pos="X">.</wf>
      </sentence>
      <sentence id="d000.s2719" source="wordnet-croatian">
         <wf lemma="U" pos="X">U</wf>
         <wf lemma="čaši" pos="X">čaši</wf>
         <wf lemma="je" pos="X">je</wf>
         <wf lemma="nastala" pos="X">nastala</wf>
         <instance id="d000.s2719.t000" lemma="otopina" pos="NOUN">otopina</instance>
         <wf lemma="kamenca" pos="X">kamenca</wf>
         <wf lemma="." pos="X">.</wf>
      </sentence>
      <sentence id="d000.s2720" source="wordnet-croatian">
         <wf lemma="Molim" pos="X">Molim</wf>
         <wf lemma="te" pos="X">te</wf>
         <wf lemma="," pos="X">,</wf>
         <instance id="d000.s2720.t000" lemma="skuhati" pos="VERB">skuhaj</instance>
         <wf lemma="mi" pos="X">mi</wf>
         <wf lemma="ručak" pos="X">ručak</wf>
         <wf lemma="." pos="X">.</wf>
      </sentence>
      <sentence id="d000.s2721" source="wordnet-croatian">
         <wf lemma="Postigao" pos="X">Postigao</wf>
         <wf lemma="sam" pos="X">sam</wf>
         <wf lemma="uspjeh" pos="X">uspjeh</wf>
         <wf lemma="i" pos="X">i</wf>
         <wf lemma="njime" pos="X">njime</wf>
         <instance id="d000.s2721.t000" lemma="osvojiti" pos="VERB">osvojio</instance>
         <wf lemma="njegovu" pos="X">njegovu</wf>
         <wf lemma="naklonost" pos="X">naklonost</wf>
         <wf lemma="." pos="X">.</wf>
      </sentence>
      <sentence id="d000.s2722" source="wordnet-croatian">
         <instance id="d000.s2722.t000" lemma="dati" pos="VERB">Dao</instance>
         <wf lemma="je" pos="X">je</wf>
         <wf lemma="život" pos="X">život</wf>
         <wf lemma="za" pos="X">za</wf>
         <wf lemma="domovinu" pos="X">domovinu</wf>
         <wf lemma="." pos="X">.</wf>
      </sentence>
      <sentence id="d000.s2723" source="wordnet-croatian">
         <wf lemma="Njih" pos="X">Njih</wf>
         <wf lemma="se" pos="X">se</wf>
         <wf lemma="dvojica" pos="X">dvojica</wf>
         <wf lemma="nisu" pos="X">nisu</wf>
         <wf lemma="pretjerano" pos="X">pretjerano</wf>
         <wf lemma="trudili" pos="X">trudili</wf>
         <wf lemma="oko" pos="X">oko</wf>
         <instance id="d000.s2723.t000" lemma="grafika" pos="NOUN">grafike</instance>
         <wf lemma="." pos="X">.</wf>
      </sentence>
      <sentence id="d000.s2724" source="wordnet-croatian">
         <wf lemma="Vojvodina" pos="X">Vojvodina</wf>
         <wf lemma="je" pos="X">je</wf>
         <wf lemma="danas" pos="X">danas</wf>
         <wf lemma="autonomna" pos="X">autonomna</wf>
         <instance id="d000.s2724.t000" lemma="pokrajina" pos="NOUN">pokrajina</instance>
         <wf lemma="." pos="X">.</wf>
      </sentence>
      <sentence id="d000.s2725" source="wordnet-croatian">
         <instance id="d000.s2725.t000" lemma="naslov" pos="NOUN">Naslov</instance>
         <wf lemma="knjige" pos="X">knjige</wf>
         <wf lemma="privukao" pos="X">privukao</wf>
         <wf lemma="je" pos="X">je</wf>
         <wf lemma="mnoge" pos="X">mnoge</wf>
         <wf lemma="čitatelje" pos="X">čitatelje</wf>
         <wf lemma="." pos="X">.</wf>
      </sentence>
      <sentence id="d000.s2726" source="wordnet-croatian">
         <wf lemma="Domaći" pos="X">Domaći</wf>
         <instance id="d000.s2726.t000" lemma="performer" pos="NOUN">performer</instance>
         <wf lemma="oduševio" pos="X">oduševio</wf>
         <wf lemma="je" pos="X">je</wf>
         <wf lemma="i" pos="X">i</wf>
         <wf lemma="staro" pos="X">staro</wf>
         <wf lemma="i" pos="X">i</wf>
         <wf lemma="mlado" pos="X">mlado</wf>
         <wf lemma="." pos="X">.</wf>
      </sentence>
      <sentence id="d000.s2727" source="wordnet-croatian">
         <wf lemma="Živim" pos="X">Živim</wf>
         <wf lemma="u" pos="X">u</wf>
         <wf lemma="mirnom" pos="X">mirnom</wf>
         <instance id="d000.s2727.t000" lemma="susjedstvo" pos="NOUN">susjedstvu</instance>
         <wf lemma="." pos="X">.</wf>
      </sentence>
      <sentence id="d000.s2728" source="wordnet-croatian">
         <instance id="d000.s2728.t000" lemma="uložiti" pos="VERB">Uložio</instance>
         <wf lemma="je" pos="X">je</wf>
         <wf lemma="sve" pos="X">sve</wf>
         <wf lemma="na" pos="X">na</wf>
         <wf lemma="crveno" pos="X">crveno</wf>
         <wf lemma="." pos="X">.</wf>
      </sentence>
      <sentence id="d000.s2729" source="wordnet-croatian">
         <wf lemma="Profesor" pos="X">Profesor</wf>
         <instance id="d000.s2729.t000" lemma="ispravljati" pos="VERB">ispravlja</instance>
         <wf lemma="pogreške" pos="X">pogreške</wf>
         <wf lemma="studenata" pos="X">studenata</wf>
         <wf lemma="na" pos="X">na</wf>
         <wf lemma="predavanjima" pos="X">predavanjima</wf>
         <wf lemma="." pos="X">.</wf>
      </sentence>
      <sentence id="d000.s2730" source="wordnet-croatian">
         <wf lemma="Našli" pos="X">Našli</wf>
         <wf lemma="smo" pos="X">smo</wf>
         <wf lemma="malu" pos="X">malu</wf>
         <instance id="d000.s2730.t000" lemma="zalogajnica" pos="NOUN">zalogajnicu</instance>
         <wf lemma="i" pos="X">i</wf>
         <wf lemma="stali" pos="X">stali</wf>
         <wf lemma="na" pos="X">na</wf>
         <wf lemma="doručku" pos="X">doručku</wf>
         <wf lemma="." pos="X">.</wf>
      </sentence>
      <sentence id="d000.s2731" source="wordnet-croatian">
         <wf lemma="U" pos="X">U</wf>
         <wf lemma="kantini" pos="X">kantini</wf>
         <wf lemma="se" pos="X">se</wf>
         <instance id="d000.s2731.t000" lemma="služiti" pos="VERB">služi</instance>
         <wf lemma="unaprijed" pos="X">unaprijed</wf>
         <wf lemma="pripremljna" pos="X">pripremljna</wf>
         <wf lemma="hrana" pos="X">hrana</wf>
         <wf lemma="." pos="X">.</wf>
      </sentence>
      <sentence id="d000.s2732" source="wordnet-croatian">
         <instance id="d000.s2732.t000" lemma="igranje" pos="NOUN">Igranje</instance>
         <wf lemma="s" pos="X">s</wf>
         <wf lemma="lutkama" pos="X">lutkama</wf>
         <wf lemma="omiljena" pos="X">omiljena</wf>
         <wf lemma="je" pos="X">je</wf>
         <wf lemma="zabava" pos="X">zabava</wf>
         <wf lemma="većine" pos="X">većine</wf>
         <wf lemma="djevojčica" pos="X">djevojčica</wf>
         <wf lemma="." pos="X">.</wf>
      </sentence>
      <sentence id="d000.s2733" source="wordnet-croatian">
         <instance id="d000.s2733.t000" lemma="neispravnost" pos="NOUN">Neispravnost</instance>
         <wf lemma="njezine" pos="X">njezine</wf>
         <wf lemma="odluke" pos="X">odluke</wf>
         <wf lemma="svima" pos="X">svima</wf>
         <wf lemma="je" pos="X">je</wf>
         <wf lemma="bila" pos="X">bila</wf>
         <wf lemma="očita" pos="X">očita</wf>
         <wf lemma="." pos="X">.</wf>
      </sentence>
      <sentence id="d000.s2734" source="wordnet-croatian">
         <wf lemma="Ovo" pos="X">Ovo</wf>
         <wf lemma="je" pos="X">je</wf>
         <wf lemma="zadnji" pos="X">zadnji</wf>
         <wf lemma="put" pos="X">put</wf>
         <wf lemma="da" pos="X">da</wf>
         <wf lemma="sam" pos="X">sam</wf>
         <wf lemma="ti" pos="X">ti</wf>
         <instance id="d000.s2734.t000" lemma="povjeriti" pos="VERB">povjerila</instance>
         <wf lemma="svoju" pos="X">svoju</wf>
         <wf lemma="tajnu" pos="X">tajnu</wf>
         <wf lemma="!" pos="X">!</wf>
      </sentence>
      <sentence id="d000.s2735" source="wordnet-croatian">
         <wf lemma="Preko" pos="X">Preko</wf>
         <instance id="d000.s2735.t000" lemma="prolaz" pos="NOUN">prolaza</instance>
         <wf lemma="prelazi" pos="X">prelazi</wf>
         <wf lemma="most" pos="X">most</wf>
         <wf lemma="koji" pos="X">koji</wf>
         <wf lemma="spaja" pos="X">spaja</wf>
         <wf lemma="otok" pos="X">otok</wf>
         <wf lemma="s" pos="X">s</wf>
         <wf lemma="kopnom" pos="X">kopnom</wf>
         <wf lemma="." pos="X">.</wf>
      </sentence>
      <sentence id="d000.s2736" source="wordnet-croatian">
         <wf lemma="Otmičari" pos="X">Otmičari</wf>
         <wf lemma="su" pos="X">su</wf>
         <wf lemma="u" pos="X">u</wf>
         <wf lemma="zgradi" pos="X">zgradi</wf>
         <wf lemma="zračne" pos="X">zračne</wf>
         <wf lemma="luke" pos="X">luke</wf>
         <instance id="d000.s2736.t000" lemma="zatočiti" pos="VERB">zatočili</instance>
         <wf lemma="veću" pos="X">veću</wf>
         <wf lemma="skupinu" pos="X">skupinu</wf>
         <wf lemma="taoca" pos="X">taoca</wf>
         <wf lemma="." pos="X">.</wf>
      </sentence>
      <sentence id="d000.s2737" source="wordnet-croatian">
         <wf lemma="Uvijek" pos="X">Uvijek</wf>
         <wf lemma="me" pos="X">me</wf>
         <wf lemma="zimi" pos="X">zimi</wf>
         <wf lemma="obuzme" pos="X">obuzme</wf>
         <instance id="d000.s2737.t000" lemma="apatija" pos="NOUN">apatija</instance>
         <wf lemma="." pos="X">.</wf>
      </sentence>
      <sentence id="d000.s2738" source="wordnet-croatian">
         <wf lemma="Tvoja" pos="X">Tvoja</wf>
         <wf lemma="je" pos="X">je</wf>
         <instance id="d000.s2738.t000" lemma="dužnost" pos="NOUN">dužnost</instance>
         <wf lemma="da" pos="X">da</wf>
         <wf lemma="svoj" pos="X">svoj</wf>
         <wf lemma="posao" pos="X">posao</wf>
         <wf lemma="obavljaš" pos="X">obavljaš</wf>
         <wf lemma="pošteno" pos="X">pošteno</wf>
         <wf lemma="." pos="X">.</wf>
      </sentence>
      <sentence id="d000.s2739" source="wordnet-croatian">
         <wf lemma="Svi" pos="X">Svi</wf>
         <instance id="d000.s2739.t000" lemma="nečlan" pos="NOUN">nečlanovi</instance>
         <wf lemma="moraju" pos="X">moraju</wf>
         <wf lemma="platiti" pos="X">platiti</wf>
         <wf lemma="ulazak" pos="X">ulazak</wf>
         <wf lemma="na" pos="X">na</wf>
         <wf lemma="golf" pos="X">golf</wf>
         <wf lemma="teren" pos="X">teren</wf>
         <wf lemma="." pos="X">.</wf>
      </sentence>
      <sentence id="d000.s2740" source="wordnet-croatian">
         <wf lemma="Mnogi" pos="X">Mnogi</wf>
         <instance id="d000.s2740.t000" lemma="mališan" pos="NOUN">mališani</instance>
         <wf lemma="idu" pos="X">idu</wf>
         <wf lemma="u" pos="X">u</wf>
         <wf lemma="vrtiće" pos="X">vrtiće</wf>
         <wf lemma="." pos="X">.</wf>
      </sentence>
      <sentence id="d000.s2741" source="wordnet-croatian">
         <wf lemma="Prije" pos="X">Prije</wf>
         <wf lemma="zime" pos="X">zime</wf>
         <wf lemma="treba" pos="X">treba</wf>
         <wf lemma="ozračiti" pos="X">ozračiti</wf>
         <instance id="d000.s2741.t000" lemma="radijator" pos="NOUN">radijatore</instance>
         <wf lemma="." pos="X">.</wf>
      </sentence>
      <sentence id="d000.s2742" source="wordnet-croatian">
         <instance id="d000.s2742.t000" lemma="neorganiziranost" pos="NOUN">Neorganiziranost</instance>
         <wf lemma="uvijek" pos="X">uvijek</wf>
         <wf lemma="dovodi" pos="X">dovodi</wf>
         <wf lemma="do" pos="X">do</wf>
         <wf lemma="nepoštivanja" pos="X">nepoštivanja</wf>
         <wf lemma="rokova" pos="X">rokova</wf>
         <wf lemma="." pos="X">.</wf>
      </sentence>
      <sentence id="d000.s2743" source="wordnet-croatian">
         <wf lemma="Folklorno" pos="X">Folklorno</wf>
         <wf lemma="je" pos="X">je</wf>
         <wf lemma="društvo" pos="X">društvo</wf>
         <wf lemma="skupljalo" pos="X">skupljalo</wf>
         <wf lemma="vrijedne" pos="X">vrijedne</wf>
         <wf lemma="komade" pos="X">komade</wf>
         <wf lemma="narodnih" pos="X">narodnih</wf>
         <instance id="d000.s2743.t000" lemma="nošnja" pos="NOUN">nošnji</instance>
         <wf lemma="." pos="X">.</wf>
      </sentence>
      <sentence id="d000.s2744" source="wordnet-croatian">
         <wf lemma="Čitatelji" pos="X">Čitatelji</wf>
         <wf lemma="su" pos="X">su</wf>
         <wf lemma="čitajući" pos="X">čitajući</wf>
         <wf lemma="njegove" pos="X">njegove</wf>
         <instance id="d000.s2744.t000" lemma="opis" pos="NOUN">opise</instance>
         <wf lemma="prostora" pos="X">prostora</wf>
         <wf lemma="gotovo" pos="X">gotovo</wf>
         <wf lemma="mogli" pos="X">mogli</wf>
         <wf lemma="vidjeti" pos="X">vidjeti</wf>
         <wf lemma="taj" pos="X">taj</wf>
         <wf lemma="prostor" pos="X">prostor</wf>
         <wf lemma="." pos="X">.</wf>
      </sentence>
      <sentence id="d000.s2745" source="wordnet-croatian">
         <wf lemma="Kod" pos="X">Kod</wf>
         <wf lemma="djece" pos="X">djece</wf>
         <wf lemma="je" pos="X">je</wf>
         <wf lemma="potrebno" pos="X">potrebno</wf>
         <wf lemma="razvijati" pos="X">razvijati</wf>
         <wf lemma="različite" pos="X">različite</wf>
         <instance id="d000.s2745.t000" lemma="vještina" pos="NOUN">vještine</instance>
         <wf lemma="." pos="X">.</wf>
      </sentence>
      <sentence id="d000.s2746" source="wordnet-croatian">
         <wf lemma="Njegov" pos="X">Njegov</wf>
         <instance id="d000.s2746.t000" lemma="nemar" pos="NOUN">nemar</instance>
         <wf lemma="je" pos="X">je</wf>
         <wf lemma="kriv" pos="X">kriv</wf>
         <wf lemma="za" pos="X">za</wf>
         <wf lemma="smrt" pos="X">smrt</wf>
         <wf lemma="pacijenta" pos="X">pacijenta</wf>
         <wf lemma="." pos="X">.</wf>
      </sentence>
      <sentence id="d000.s2747" source="wordnet-croatian">
         <wf lemma="Kupila" pos="X">Kupila</wf>
         <wf lemma="je" pos="X">je</wf>
         <wf lemma="dvije" pos="X">dvije</wf>
         <instance id="d000.s2747.t000" lemma="limenka" pos="NOUN">limenke</instance>
         <wf lemma="hrane" pos="X">hrane</wf>
         <wf lemma="za" pos="X">za</wf>
         <wf lemma="mačke" pos="X">mačke</wf>
         <wf lemma="." pos="X">.</wf>
      </sentence>
      <sentence id="d000.s2748" source="wordnet-croatian">
         <wf lemma="Polaganje" pos="X">Polaganje</wf>
         <wf lemma="svih" pos="X">svih</wf>
         <wf lemma="ispita" pos="X">ispita</wf>
         <wf lemma="u" pos="X">u</wf>
         <wf lemma="ljetnom" pos="X">ljetnom</wf>
         <wf lemma="roku" pos="X">roku</wf>
         <wf lemma="bio" pos="X">bio</wf>
         <wf lemma="je" pos="X">je</wf>
         <wf lemma="velik" pos="X">velik</wf>
         <instance id="d000.s2748.t000" lemma="napor" pos="NOUN">napor</instance>
         <wf lemma="za" pos="X">za</wf>
         <wf lemma="jadne" pos="X">jadne</wf>
         <wf lemma="studente" pos="X">studente</wf>
         <wf lemma="." pos="X">.</wf>
      </sentence>
      <sentence id="d000.s2749" source="wordnet-croatian">
         <instance id="d000.s2749.t000" lemma="zapis" pos="NOUN">Zapisi</instance>
         <wf lemma="na" pos="X">na</wf>
         <wf lemma="marginama" pos="X">marginama</wf>
         <wf lemma="otkrivaju" pos="X">otkrivaju</wf>
         <wf lemma="puno" pos="X">puno</wf>
         <wf lemma="toga" pos="X">toga</wf>
         <wf lemma="o" pos="X">o</wf>
         <wf lemma="čitatelju" pos="X">čitatelju</wf>
         <wf lemma="." pos="X">.</wf>
      </sentence>
      <sentence id="d000.s2750" source="wordnet-croatian">
         <wf lemma="Žrtvovanje" pos="X">Žrtvovanje</wf>
         <instance id="d000.s2750.t000" lemma="figura" pos="NOUN">figure</instance>
         <wf lemma="bio" pos="X">bio</wf>
         <wf lemma="je" pos="X">je</wf>
         <wf lemma="mudar" pos="X">mudar</wf>
         <wf lemma="strateški" pos="X">strateški</wf>
         <wf lemma="potez" pos="X">potez</wf>
         <wf lemma="." pos="X">.</wf>
      </sentence>
      <sentence id="d000.s2751" source="wordnet-croatian">
         <wf lemma="Ani" pos="X">Ani</wf>
         <wf lemma="i" pos="X">i</wf>
         <wf lemma="Maji" pos="X">Maji</wf>
         <wf lemma="je" pos="X">je</wf>
         <wf lemma="kartanje" pos="X">kartanje</wf>
         <instance id="d000.s2751.t000" lemma="razonoda" pos="NOUN">razonoda</instance>
         <wf lemma="." pos="X">.</wf>
      </sentence>
      <sentence id="d000.s2752" source="wordnet-croatian">
         <instance id="d000.s2752.t000" lemma="podešavanje" pos="NOUN">Podešavanje</instance>
         <wf lemma="velikog" pos="X">velikog</wf>
         <wf lemma="sata" pos="X">sata</wf>
         <wf lemma="na" pos="X">na</wf>
         <wf lemma="crkvi" pos="X">crkvi</wf>
         <wf lemma="obavlja" pos="X">obavlja</wf>
         <wf lemma="se" pos="X">se</wf>
         <wf lemma="dvaput" pos="X">dvaput</wf>
         <wf lemma="godišnje" pos="X">godišnje</wf>
         <wf lemma="." pos="X">.</wf>
      </sentence>
      <sentence id="d000.s2753" source="wordnet-croatian">
         <instance id="d000.s2753.t000" lemma="tacna" pos="NOUN">Tacna</instance>
         <wf lemma="je" pos="X">je</wf>
         <wf lemma="bila" pos="X">bila</wf>
         <wf lemma="prepuna" pos="X">prepuna</wf>
         <wf lemma="mirisnih" pos="X">mirisnih</wf>
         <wf lemma="kolača" pos="X">kolača</wf>
         <wf lemma="." pos="X">.</wf>
      </sentence>
      <sentence id="d000.s2754" source="wordnet-croatian">
         <instance id="d000.s2754.t000" lemma="služiti" pos="VERB">Služila</instance>
         <wf lemma="je" pos="X">je</wf>
         <wf lemma="u" pos="X">u</wf>
         <wf lemma="zračnoj" pos="X">zračnoj</wf>
         <wf lemma="floti" pos="X">floti</wf>
         <wf lemma="." pos="X">.</wf>
      </sentence>
      <sentence id="d000.s2755" source="wordnet-croatian">
         <wf lemma="Nil" pos="X">Nil</wf>
         <wf lemma="se" pos="X">se</wf>
         <wf lemma="dijeli" pos="X">dijeli</wf>
         <wf lemma="na" pos="X">na</wf>
         <wf lemma="gornji" pos="X">gornji</wf>
         <wf lemma="i" pos="X">i</wf>
         <wf lemma="donji" pos="X">donji</wf>
         <instance id="d000.s2755.t000" lemma="dio" pos="NOUN">dio</instance>
         <wf lemma="." pos="X">.</wf>
      </sentence>
      <sentence id="d000.s2756" source="wordnet-croatian">
         <wf lemma="Moje" pos="X">Moje</wf>
         <wf lemma="dijete" pos="X">dijete</wf>
         <wf lemma="zna" pos="X">zna</wf>
         <instance id="d000.s2756.t000" lemma="brojati" pos="VERB">brojati</instance>
         <wf lemma="do" pos="X">do</wf>
         <wf lemma="sto" pos="X">sto</wf>
         <wf lemma="." pos="X">.</wf>
      </sentence>
      <sentence id="d000.s2757" source="wordnet-croatian">
         <wf lemma="Bila" pos="X">Bila</wf>
         <wf lemma="je" pos="X">je</wf>
         <wf lemma="svakom" pos="X">svakom</wf>
         <wf lemma="loncu" pos="X">loncu</wf>
         <instance id="d000.s2757.t000" lemma="poklopac" pos="NOUN">poklopac</instance>
         <wf lemma="." pos="X">.</wf>
      </sentence>
      <sentence id="d000.s2758" source="wordnet-croatian">
         <instance id="d000.s2758.t000" lemma="sastaviti" pos="VERB">Sastavio</instance>
         <wf lemma="je" pos="X">je</wf>
         <wf lemma="maketu" pos="X">maketu</wf>
         <wf lemma="broda" pos="X">broda</wf>
         <wf lemma="od" pos="X">od</wf>
         <wf lemma="puno" pos="X">puno</wf>
         <wf lemma="malih" pos="X">malih</wf>
         <wf lemma="dijelova" pos="X">dijelova</wf>
         <wf lemma="." pos="X">.</wf>
      </sentence>
      <sentence id="d000.s2759" source="wordnet-croatian">
         <wf lemma="Čovjek" pos="X">Čovjek</wf>
         <wf lemma="može" pos="X">može</wf>
         <wf lemma="živjeti" pos="X">živjeti</wf>
         <wf lemma="bez" pos="X">bez</wf>
         <instance id="d000.s2759.t000" lemma="hrana" pos="NOUN">hrane</instance>
         <wf lemma="samo" pos="X">samo</wf>
         <wf lemma="3" pos="X">3</wf>
         <wf lemma="do" pos="X">do</wf>
         <wf lemma="4" pos="X">4</wf>
         <wf lemma="tjedna" pos="X">tjedna</wf>
         <wf lemma="." pos="X">.</wf>
      </sentence>
      <sentence id="d000.s2760" source="wordnet-croatian">
         <wf lemma="Nagazio" pos="X">Nagazio</wf>
         <wf lemma="je" pos="X">je</wf>
         <wf lemma="na" pos="X">na</wf>
         <instance id="d000.s2760.t000" lemma="mina" pos="NOUN">minu</instance>
         <wf lemma="i" pos="X">i</wf>
         <wf lemma="poginuo" pos="X">poginuo</wf>
         <wf lemma="." pos="X">.</wf>
      </sentence>
      <sentence id="d000.s2761" source="wordnet-croatian">
         <wf lemma="Momčad" pos="X">Momčad</wf>
         <wf lemma="je" pos="X">je</wf>
         <wf lemma="bila" pos="X">bila</wf>
         <wf lemma="spremna" pos="X">spremna</wf>
         <wf lemma="za" pos="X">za</wf>
         <instance id="d000.s2761.t000" lemma="pohod" pos="NOUN">pohod</instance>
         <wf lemma="na" pos="X">na</wf>
         <wf lemma="vrh" pos="X">vrh</wf>
         <wf lemma="." pos="X">.</wf>
      </sentence>
      <sentence id="d000.s2762" source="wordnet-croatian">
         <wf lemma="Kupio" pos="X">Kupio</wf>
         <wf lemma="je" pos="X">je</wf>
         <wf lemma="stan" pos="X">stan</wf>
         <wf lemma="u" pos="X">u</wf>
         <instance id="d000.s2762.t000" lemma="prizemlje" pos="NOUN">prizemlju</instance>
         <wf lemma="da" pos="X">da</wf>
         <wf lemma="se" pos="X">se</wf>
         <wf lemma="ne" pos="X">ne</wf>
         <wf lemma="mora" pos="X">mora</wf>
         <wf lemma="penjati" pos="X">penjati</wf>
         <wf lemma="po" pos="X">po</wf>
         <wf lemma="stubama" pos="X">stubama</wf>
         <wf lemma="." pos="X">.</wf>
      </sentence>
      <sentence id="d000.s2763" source="wordnet-croatian">
         <wf lemma="Promjene" pos="X">Promjene</wf>
         <wf lemma="vremena" pos="X">vremena</wf>
         <wf lemma="snažno" pos="X">snažno</wf>
         <instance id="d000.s2763.t000" lemma="djelovati" pos="VERB">djeluju</instance>
         <wf lemma="na" pos="X">na</wf>
         <wf lemma="moje" pos="X">moje</wf>
         <wf lemma="raspoloženje" pos="X">raspoloženje</wf>
         <wf lemma="." pos="X">.</wf>
      </sentence>
      <sentence id="d000.s2764" source="wordnet-croatian">
         <wf lemma="Na" pos="X">Na</wf>
         <wf lemma="početku" pos="X">početku</wf>
         <wf lemma="rasprave" pos="X">rasprave</wf>
         <wf lemma="nužan" pos="X">nužan</wf>
         <wf lemma="je" pos="X">je</wf>
         <wf lemma="verbalni" pos="X">verbalni</wf>
         <instance id="d000.s2764.t000" lemma="opis" pos="NOUN">opis</instance>
         <wf lemma="prikazanih" pos="X">prikazanih</wf>
         <wf lemma="dijagrama" pos="X">dijagrama</wf>
         <wf lemma="." pos="X">.</wf>
      </sentence>
      <sentence id="d000.s2765" source="wordnet-croatian">
         <instance id="d000.s2765.t000" lemma="posjednik" pos="NOUN">Posjednik</instance>
         <wf lemma="vinograda" pos="X">vinograda</wf>
         <wf lemma="odlučio" pos="X">odlučio</wf>
         <wf lemma="je" pos="X">je</wf>
         <wf lemma="smanjiti" pos="X">smanjiti</wf>
         <wf lemma="godišnju" pos="X">godišnju</wf>
         <wf lemma="proizvodnju" pos="X">proizvodnju</wf>
         <wf lemma="." pos="X">.</wf>
      </sentence>
      <sentence id="d000.s2766" source="wordnet-croatian">
         <wf lemma="Goya" pos="X">Goya</wf>
         <wf lemma="je" pos="X">je</wf>
         <instance id="d000.s2766.t000" lemma="portretirati" pos="VERB">portretirao</instance>
         <wf lemma="svolje" pos="X">svolje</wf>
         <wf lemma="ljubavnice" pos="X">ljubavnice</wf>
         <wf lemma="." pos="X">.</wf>
      </sentence>
      <sentence id="d000.s2767" source="wordnet-croatian">
         <instance id="d000.s2767.t000" lemma="kućište" pos="NOUN">Kućišta</instance>
         <wf lemma="računala" pos="X">računala</wf>
         <wf lemma="obično" pos="X">obično</wf>
         <wf lemma="su" pos="X">su</wf>
         <wf lemma="napravljena" pos="X">napravljena</wf>
         <wf lemma="od" pos="X">od</wf>
         <wf lemma="aluminija" pos="X">aluminija</wf>
         <wf lemma="," pos="X">,</wf>
         <wf lemma="plastike" pos="X">plastike</wf>
         <wf lemma="ili" pos="X">ili</wf>
         <wf lemma="čelika" pos="X">čelika</wf>
         <wf lemma="." pos="X">.</wf>
      </sentence>
      <sentence id="d000.s2768" source="wordnet-croatian">
         <instance id="d000.s2768.t000" lemma="stići" pos="VERB">Stigla</instance>
         <wf lemma="je" pos="X">je</wf>
         <wf lemma="doma" pos="X">doma</wf>
         <wf lemma="baš" pos="X">baš</wf>
         <wf lemma="na" pos="X">na</wf>
         <wf lemma="vrijeme" pos="X">vrijeme</wf>
         <wf lemma="za" pos="X">za</wf>
         <wf lemma="večeru" pos="X">večeru</wf>
         <wf lemma="." pos="X">.</wf>
      </sentence>
      <sentence id="d000.s2769" source="wordnet-croatian">
         <wf lemma="Djela" pos="X">Djela</wf>
         <wf lemma="nastala" pos="X">nastala</wf>
         <wf lemma="na" pos="X">na</wf>
         <instance id="d000.s2769.t000" lemma="prijelaz" pos="NOUN">prijelazu</instance>
         <wf lemma="iz" pos="X">iz</wf>
         <wf lemma="renesanse" pos="X">renesanse</wf>
         <wf lemma="u" pos="X">u</wf>
         <wf lemma="barok" pos="X">barok</wf>
         <wf lemma="nije" pos="X">nije</wf>
         <wf lemma="lako" pos="X">lako</wf>
         <wf lemma="jasno" pos="X">jasno</wf>
         <wf lemma="odrediti" pos="X">odrediti</wf>
         <wf lemma="." pos="X">.</wf>
      </sentence>
      <sentence id="d000.s2770" source="wordnet-croatian">
         <wf lemma="Svojim" pos="X">Svojim</wf>
         <instance id="d000.s2770.t000" lemma="sljedbenik" pos="NOUN">sljedbenicima</instance>
         <wf lemma="crkva" pos="X">crkva</wf>
         <wf lemma="daje" pos="X">daje</wf>
         <wf lemma="blagoslov" pos="X">blagoslov</wf>
         <wf lemma="." pos="X">.</wf>
      </sentence>
      <sentence id="d000.s2771" source="wordnet-croatian">
         <instance id="d000.s2771.t000" lemma="zakonitost" pos="NOUN">Zakonitost</instance>
         <wf lemma="novoga" pos="X">novoga</wf>
         <wf lemma="zakona" pos="X">zakona</wf>
         <wf lemma="treba" pos="X">treba</wf>
         <wf lemma="preispitati" pos="X">preispitati</wf>
         <wf lemma="Ustavni" pos="X">Ustavni</wf>
         <wf lemma="sud" pos="X">sud</wf>
         <wf lemma="." pos="X">.</wf>
      </sentence>
      <sentence id="d000.s2772" source="wordnet-croatian">
         <wf lemma="Sigurnost" pos="X">Sigurnost</wf>
         <wf lemma="putnika" pos="X">putnika</wf>
         <wf lemma="mora" pos="X">mora</wf>
         <wf lemma="biti" pos="X">biti</wf>
         <wf lemma="najvažnija" pos="X">najvažnija</wf>
         <instance id="d000.s2772.t000" lemma="briga" pos="NOUN">briga</instance>
         <wf lemma="prijevoznika" pos="X">prijevoznika</wf>
         <wf lemma="." pos="X">.</wf>
      </sentence>
      <sentence id="d000.s2773" source="wordnet-croatian">
         <wf lemma="Njemu" pos="X">Njemu</wf>
         <wf lemma="je" pos="X">je</wf>
         <wf lemma="violina" pos="X">violina</wf>
         <wf lemma="bila" pos="X">bila</wf>
         <wf lemma="jedini" pos="X">jedini</wf>
         <instance id="d000.s2773.t000" lemma="preostatak" pos="NOUN">preostatak</instance>
         <wf lemma="iz" pos="X">iz</wf>
         <wf lemma="boljih" pos="X">boljih</wf>
         <wf lemma="dana" pos="X">dana</wf>
         <wf lemma="." pos="X">.</wf>
      </sentence>
      <sentence id="d000.s2774" source="wordnet-croatian">
         <wf lemma="Početak" pos="X">Početak</wf>
         <wf lemma="predstave" pos="X">predstave</wf>
         <wf lemma="bio" pos="X">bio</wf>
         <wf lemma="je" pos="X">je</wf>
         <instance id="d000.s2774.t000" lemma="efektan" pos="ADJ">efektan</instance>
         <wf lemma="." pos="X">.</wf>
      </sentence>
      <sentence id="d000.s2775" source="wordnet-croatian">
         <instance id="d000.s2775.t000" lemma="preseljenje" pos="NOUN">Preseljenje</instance>
         <wf lemma="Markove" pos="X">Markove</wf>
         <wf lemma="tvrtke" pos="X">tvrtke</wf>
         <wf lemma="na" pos="X">na</wf>
         <wf lemma="novu" pos="X">novu</wf>
         <wf lemma="lokaciju" pos="X">lokaciju</wf>
         <wf lemma="trajalo" pos="X">trajalo</wf>
         <wf lemma="je" pos="X">je</wf>
         <wf lemma="dva" pos="X">dva</wf>
         <wf lemma="mjeseca" pos="X">mjeseca</wf>
         <wf lemma="." pos="X">.</wf>
      </sentence>
      <sentence id="d000.s2776" source="wordnet-croatian">
         <wf lemma="Sve" pos="X">Sve</wf>
         <wf lemma="vaše" pos="X">vaše</wf>
         <wf lemma="obveze" pos="X">obveze</wf>
         <wf lemma="popisane" pos="X">popisane</wf>
         <wf lemma="su" pos="X">su</wf>
         <wf lemma="u" pos="X">u</wf>
         <instance id="d000.s2776.t000" lemma="propisnik" pos="NOUN">propisniku</instance>
         <wf lemma="." pos="X">.</wf>
      </sentence>
      <sentence id="d000.s2777" source="wordnet-croatian">
         <wf lemma="Snažno" pos="X">Snažno</wf>
         <wf lemma="je" pos="X">je</wf>
         <instance id="d000.s2777.t000" lemma="gestikulirati" pos="VERB">gestikulirao</instance>
         <wf lemma="rukama" pos="X">rukama</wf>
         <wf lemma="kako" pos="X">kako</wf>
         <wf lemma="bi" pos="X">bi</wf>
         <wf lemma="upozorio" pos="X">upozorio</wf>
         <wf lemma="na" pos="X">na</wf>
         <wf lemma="opasnost" pos="X">opasnost</wf>
         <wf lemma="." pos="X">.</wf>
      </sentence>
      <sentence id="d000.s2778" source="wordnet-croatian">
         <wf lemma="Nosio" pos="X">Nosio</wf>
         <wf lemma="je" pos="X">je</wf>
         <wf lemma="još" pos="X">još</wf>
         <wf lemma="jedan" pos="X">jedan</wf>
         <wf lemma="malen" pos="X">malen</wf>
         <instance id="d000.s2778.t000" lemma="pištolj" pos="NOUN">pištolj</instance>
         <wf lemma="oko" pos="X">oko</wf>
         <wf lemma="gležnja" pos="X">gležnja</wf>
         <wf lemma="." pos="X">.</wf>
      </sentence>
      <sentence id="d000.s2779" source="wordnet-croatian">
         <wf lemma="Riba" pos="X">Riba</wf>
         <wf lemma="je" pos="X">je</wf>
         <wf lemma="posebno" pos="X">posebno</wf>
         <wf lemma="sočna" pos="X">sočna</wf>
         <wf lemma="kad" pos="X">kad</wf>
         <wf lemma="se" pos="X">se</wf>
         <wf lemma="peče" pos="X">peče</wf>
         <wf lemma="omotana" pos="X">omotana</wf>
         <wf lemma="u" pos="X">u</wf>
         <instance id="d000.s2779.t000" lemma="staniol" pos="NOUN">staniol</instance>
         <wf lemma="." pos="X">.</wf>
      </sentence>
      <sentence id="d000.s2780" source="wordnet-croatian">
         <wf lemma="Jedina" pos="X">Jedina</wf>
         <wf lemma="je" pos="X">je</wf>
         <wf lemma="ispravna" pos="X">ispravna</wf>
         <instance id="d000.s2780.t000" lemma="varijanta" pos="NOUN">varijanta</instance>
         <wf lemma="odstupiti" pos="X">odstupiti</wf>
         <wf lemma="s" pos="X">s</wf>
         <wf lemma="mjesta" pos="X">mjesta</wf>
         <wf lemma="predsjednika" pos="X">predsjednika</wf>
         <wf lemma="." pos="X">.</wf>
      </sentence>
      <sentence id="d000.s2781" source="wordnet-croatian">
         <wf lemma="Izrađivali" pos="X">Izrađivali</wf>
         <wf lemma="su" pos="X">su</wf>
         <instance id="d000.s2781.t000" lemma="ljestvica" pos="NOUN">ljestvicu</instance>
         <wf lemma="prema" pos="X">prema</wf>
         <wf lemma="kojoj" pos="X">kojoj</wf>
         <wf lemma="će" pos="X">će</wf>
         <wf lemma="mjeriti" pos="X">mjeriti</wf>
         <wf lemma="uspjeh" pos="X">uspjeh</wf>
         <wf lemma="studenata" pos="X">studenata</wf>
         <wf lemma="." pos="X">.</wf>
      </sentence>
      <sentence id="d000.s2782" source="wordnet-croatian">
         <wf lemma="Rukovanje" pos="X">Rukovanje</wf>
         <instance id="d000.s2782.t000" lemma="mjerač" pos="NOUN">mjeračima</instance>
         <wf lemma="vlage" pos="X">vlage</wf>
         <wf lemma="vrlo" pos="X">vrlo</wf>
         <wf lemma="je" pos="X">je</wf>
         <wf lemma="jednostavno" pos="X">jednostavno</wf>
         <wf lemma="." pos="X">.</wf>
      </sentence>
      <sentence id="d000.s2783" source="wordnet-croatian">
         <wf lemma="Na" pos="X">Na</wf>
         <wf lemma="prozore" pos="X">prozore</wf>
         <wf lemma="smo" pos="X">smo</wf>
         <wf lemma="stavljali" pos="X">stavljali</wf>
         <instance id="d000.s2783.t000" lemma="mrežica" pos="NOUN">mrežice</instance>
         <wf lemma="protiv" pos="X">protiv</wf>
         <wf lemma="komaraca" pos="X">komaraca</wf>
         <wf lemma="." pos="X">.</wf>
      </sentence>
      <sentence id="d000.s2784" source="wordnet-croatian">
         <instance id="d000.s2784.t000" lemma="obrađivati" pos="VERB">Obrađivao</instance>
         <wf lemma="je" pos="X">je</wf>
         <wf lemma="istočni" pos="X">istočni</wf>
         <wf lemma="dio" pos="X">dio</wf>
         <wf lemma="grada" pos="X">grada</wf>
         <wf lemma="." pos="X">.</wf>
      </sentence>
      <sentence id="d000.s2785" source="wordnet-croatian">
         <wf lemma="Geološka" pos="X">Geološka</wf>
         <instance id="d000.s2785.t000" lemma="era" pos="NOUN">era</instance>
         <wf lemma="mezozoik" pos="X">mezozoik</wf>
         <wf lemma="dijeli" pos="X">dijeli</wf>
         <wf lemma="se" pos="X">se</wf>
         <wf lemma="na" pos="X">na</wf>
         <wf lemma="tri" pos="X">tri</wf>
         <wf lemma="perioda" pos="X">perioda</wf>
         <wf lemma=":" pos="X">:</wf>
         <wf lemma="trijas" pos="X">trijas</wf>
         <wf lemma="," pos="X">,</wf>
         <wf lemma="juru" pos="X">juru</wf>
         <wf lemma="i" pos="X">i</wf>
         <wf lemma="kredu" pos="X">kredu</wf>
         <wf lemma="." pos="X">.</wf>
      </sentence>
      <sentence id="d000.s2786" source="wordnet-croatian">
         <wf lemma="Stara" pos="X">Stara</wf>
         <wf lemma="je" pos="X">je</wf>
         <instance id="d000.s2786.t000" lemma="vodenica" pos="NOUN">vodenica</instance>
         <wf lemma="ponovno" pos="X">ponovno</wf>
         <wf lemma="proradila" pos="X">proradila</wf>
         <wf lemma="." pos="X">.</wf>
      </sentence>
      <sentence id="d000.s2787" source="wordnet-croatian">
         <instance id="d000.s2787.t000" lemma="populacija" pos="NOUN">Populacija</instance>
         <wf lemma="u" pos="X">u</wf>
         <wf lemma="primorskim" pos="X">primorskim</wf>
         <wf lemma="krajevima" pos="X">krajevima</wf>
         <wf lemma="opada" pos="X">opada</wf>
         <wf lemma="zadnjih" pos="X">zadnjih</wf>
         <wf lemma="godina" pos="X">godina</wf>
         <wf lemma="." pos="X">.</wf>
      </sentence>
      <sentence id="d000.s2788" source="wordnet-croatian">
         <wf lemma="Travnjak" pos="X">Travnjak</wf>
         <wf lemma="su" pos="X">su</wf>
         <wf lemma="zalijevali" pos="X">zalijevali</wf>
         <wf lemma="pomoću" pos="X">pomoću</wf>
         <instance id="d000.s2788.t000" lemma="raspršivač" pos="NOUN">raspršivača</instance>
         <wf lemma="." pos="X">.</wf>
      </sentence>
      <sentence id="d000.s2789" source="wordnet-croatian">
         <wf lemma="Svojim" pos="X">Svojim</wf>
         <wf lemma="je" pos="X">je</wf>
         <wf lemma="nastupom" pos="X">nastupom</wf>
         <wf lemma="pokušao" pos="X">pokušao</wf>
         <wf lemma="izazvati" pos="X">izazvati</wf>
         <instance id="d000.s2789.t000" lemma="suosjećanje" pos="NOUN">suosjećanje</instance>
         <wf lemma="," pos="X">,</wf>
         <wf lemma="ali" pos="X">ali</wf>
         <wf lemma="nije" pos="X">nije</wf>
         <wf lemma="uspio" pos="X">uspio</wf>
         <wf lemma="." pos="X">.</wf>
      </sentence>
      <sentence id="d000.s2790" source="wordnet-croatian">
         <wf lemma="Slike" pos="X">Slike</wf>
         <wf lemma="hrvatske" pos="X">hrvatske</wf>
         <wf lemma="naive" pos="X">naive</wf>
         <wf lemma="pravi" pos="X">pravi</wf>
         <wf lemma="su" pos="X">su</wf>
         <instance id="d000.s2790.t000" lemma="dragulj" pos="NOUN">dragulj</instance>
         <wf lemma="hrvatske" pos="X">hrvatske</wf>
         <wf lemma="nacije" pos="X">nacije</wf>
         <wf lemma="." pos="X">.</wf>
      </sentence>
      <sentence id="d000.s2791" source="wordnet-croatian">
         <wf lemma="Koaliciju" pos="X">Koaliciju</wf>
         <wf lemma="čini" pos="X">čini</wf>
         <wf lemma="više" pos="X">više</wf>
         <wf lemma="udruđenih" pos="X">udruđenih</wf>
         <instance id="d000.s2791.t000" lemma="stranka" pos="NOUN">stranaka</instance>
         <wf lemma="." pos="X">.</wf>
      </sentence>
      <sentence id="d000.s2792" source="wordnet-croatian">
         <instance id="d000.s2792.t000" lemma="dečko" pos="NOUN">Dečko</instance>
         <wf lemma="je" pos="X">je</wf>
         <wf lemma="najjača" pos="X">najjača</wf>
         <wf lemma="karta" pos="X">karta</wf>
         <wf lemma="u" pos="X">u</wf>
         <wf lemma="adutu" pos="X">adutu</wf>
         <wf lemma="u" pos="X">u</wf>
         <wf lemma="belotu" pos="X">belotu</wf>
         <wf lemma="." pos="X">.</wf>
      </sentence>
      <sentence id="d000.s2793" source="wordnet-croatian">
         <wf lemma="Nije" pos="X">Nije</wf>
         <wf lemma="mi" pos="X">mi</wf>
         <wf lemma="se" pos="X">se</wf>
         <wf lemma="sviđao" pos="X">sviđao</wf>
         <wf lemma="i" pos="X">i</wf>
         <instance id="d000.s2793.t000" lemma="osjećaj" pos="NOUN">osjećaj</instance>
         <wf lemma="je" pos="X">je</wf>
         <wf lemma="bio" pos="X">bio</wf>
         <wf lemma="obostran" pos="X">obostran</wf>
         <wf lemma="." pos="X">.</wf>
      </sentence>
      <sentence id="d000.s2794" source="wordnet-croatian">
         <wf lemma="Dobra" pos="X">Dobra</wf>
         <wf lemma="organizacija" pos="X">organizacija</wf>
         <instance id="d000.s2794.t000" lemma="baza" pos="NOUN">baza</instance>
         <wf lemma="je" pos="X">je</wf>
         <wf lemma="svakom" pos="X">svakom</wf>
         <wf lemma="napretku" pos="X">napretku</wf>
         <wf lemma="." pos="X">.</wf>
      </sentence>
      <sentence id="d000.s2795" source="wordnet-croatian">
         <wf lemma="U" pos="X">U</wf>
         <wf lemma="pekari" pos="X">pekari</wf>
         <wf lemma="neprestano" pos="X">neprestano</wf>
         <instance id="d000.s2795.t000" lemma="podizati" pos="VERB">podižu</instance>
         <wf lemma="cijenu" pos="X">cijenu</wf>
         <wf lemma="kruha" pos="X">kruha</wf>
         <wf lemma="." pos="X">.</wf>
      </sentence>
      <sentence id="d000.s2796" source="wordnet-croatian">
         <instance id="d000.s2796.t000" lemma="spoj" pos="NOUN">Spoj</instance>
         <wf lemma="vanjskih" pos="X">vanjskih</wf>
         <wf lemma="i" pos="X">i</wf>
         <wf lemma="unutarnjih" pos="X">unutarnjih</wf>
         <wf lemma="zidova" pos="X">zidova</wf>
         <wf lemma="građevine" pos="X">građevine</wf>
         <wf lemma="mora" pos="X">mora</wf>
         <wf lemma="biti" pos="X">biti</wf>
         <wf lemma="čvrst" pos="X">čvrst</wf>
         <wf lemma="." pos="X">.</wf>
      </sentence>
      <sentence id="d000.s2797" source="wordnet-croatian">
         <instance id="d000.s2797.t000" lemma="razdvojiti" pos="VERB">Razdvojila</instance>
         <wf lemma="je" pos="X">je</wf>
         <wf lemma="dvije" pos="X">dvije</wf>
         <wf lemma="ukrštene" pos="X">ukrštene</wf>
         <wf lemma="grane" pos="X">grane</wf>
         <wf lemma="." pos="X">.</wf>
      </sentence>
      <sentence id="d000.s2798" source="wordnet-croatian">
         <wf lemma="Ako" pos="X">Ako</wf>
         <wf lemma="vjeruješ" pos="X">vjeruješ</wf>
         <wf lemma="u" pos="X">u</wf>
         <instance id="d000.s2798.t000" lemma="sudbina" pos="NOUN">sudbinu</instance>
         <wf lemma="," pos="X">,</wf>
         <wf lemma="ne" pos="X">ne</wf>
         <wf lemma="isplati" pos="X">isplati</wf>
         <wf lemma="se" pos="X">se</wf>
         <wf lemma="boriti" pos="X">boriti</wf>
         <wf lemma="ni" pos="X">ni</wf>
         <wf lemma="za" pos="X">za</wf>
         <wf lemma="što" pos="X">što</wf>
         <wf lemma="." pos="X">.</wf>
      </sentence>
      <sentence id="d000.s2799" source="wordnet-croatian">
         <wf lemma="Brudet" pos="X">Brudet</wf>
         <wf lemma="od" pos="X">od</wf>
         <wf lemma="puževa" pos="X">puževa</wf>
         <wf lemma="i" pos="X">i</wf>
         <instance id="d000.s2799.t000" lemma="priljepak" pos="NOUN">priljepaka</instance>
         <wf lemma="pravi" pos="X">pravi</wf>
         <wf lemma="je" pos="X">je</wf>
         <wf lemma="specijalitet" pos="X">specijalitet</wf>
         <wf lemma="." pos="X">.</wf>
      </sentence>
      <sentence id="d000.s2800" source="wordnet-croatian">
         <wf lemma="Stariji" pos="X">Stariji</wf>
         <wf lemma="liječnici" pos="X">liječnici</wf>
         <wf lemma="više" pos="X">više</wf>
         <wf lemma="vole" pos="X">vole</wf>
         <wf lemma="živine" pos="X">živine</wf>
         <instance id="d000.s2800.t000" lemma="tlakomjer" pos="NOUN">tlakomjere</instance>
         <wf lemma="nego" pos="X">nego</wf>
         <wf lemma="digitalne" pos="X">digitalne</wf>
         <wf lemma="." pos="X">.</wf>
      </sentence>
      <sentence id="d000.s2801" source="wordnet-croatian">
         <wf lemma="Kupila" pos="X">Kupila</wf>
         <wf lemma="sam" pos="X">sam</wf>
         <wf lemma="lijep" pos="X">lijep</wf>
         <instance id="d000.s2801.t000" lemma="namještaj" pos="NOUN">namještaj</instance>
         <wf lemma="za" pos="X">za</wf>
         <wf lemma="dnevnu" pos="X">dnevnu</wf>
         <wf lemma="sobu" pos="X">sobu</wf>
         <wf lemma="." pos="X">.</wf>
      </sentence>
      <sentence id="d000.s2802" source="wordnet-croatian">
         <wf lemma="Uveo" pos="X">Uveo</wf>
         <wf lemma="je" pos="X">je</wf>
         <wf lemma="nove" pos="X">nove</wf>
         <wf lemma="metode" pos="X">metode</wf>
         <instance id="d000.s2802.t000" lemma="proizvodnja" pos="NOUN">proizvodnje</instance>
         <wf lemma="." pos="X">.</wf>
      </sentence>
      <sentence id="d000.s2803" source="wordnet-croatian">
         <wf lemma="Moja" pos="X">Moja</wf>
         <instance id="d000.s2803.t000" lemma="apstinencija" pos="NOUN">apstinencija</instance>
         <wf lemma="od" pos="X">od</wf>
         <wf lemma="alkohola" pos="X">alkohola</wf>
         <wf lemma="traje" pos="X">traje</wf>
         <wf lemma="već" pos="X">već</wf>
         <wf lemma="dvije" pos="X">dvije</wf>
         <wf lemma="godine" pos="X">godine</wf>
         <wf lemma="." pos="X">.</wf>
      </sentence>
      <sentence id="d000.s2804" source="wordnet-croatian">
         <wf lemma="Turci" pos="X">Turci</wf>
         <wf lemma="su" pos="X">su</wf>
         <wf lemma="bezuspješno" pos="X">bezuspješno</wf>
         <instance id="d000.s2804.t000" lemma="opsjedati" pos="VERB">opsjedali</instance>
         <wf lemma="Beč" pos="X">Beč</wf>
         <wf lemma="." pos="X">.</wf>
      </sentence>
      <sentence id="d000.s2805" source="wordnet-croatian">
         <wf lemma="On" pos="X">On</wf>
         <wf lemma="joj" pos="X">joj</wf>
         <instance id="d000.s2805.t000" lemma="uskraćivati" pos="VERB">uskraćuje</instance>
         <wf lemma="jubav" pos="X">jubav</wf>
         <wf lemma="." pos="X">.</wf>
      </sentence>
      <sentence id="d000.s2806" source="wordnet-croatian">
         <wf lemma="Zavrtio" pos="X">Zavrtio</wf>
         <wf lemma="je" pos="X">je</wf>
         <instance id="d000.s2806.t000" lemma="globus" pos="NOUN">globus</instance>
         <wf lemma="i" pos="X">i</wf>
         <wf lemma="prstom" pos="X">prstom</wf>
         <wf lemma="upro" pos="X">upro</wf>
         <wf lemma="u" pos="X">u</wf>
         <wf lemma="državu" pos="X">državu</wf>
         <wf lemma="u" pos="X">u</wf>
         <wf lemma="kojoj" pos="X">kojoj</wf>
         <wf lemma="se" pos="X">se</wf>
         <wf lemma="rodio" pos="X">rodio</wf>
         <wf lemma="." pos="X">.</wf>
      </sentence>
      <sentence id="d000.s2807" source="wordnet-croatian">
         <wf lemma="Cvijeće" pos="X">Cvijeće</wf>
         <wf lemma="uvijek" pos="X">uvijek</wf>
         <instance id="d000.s2807.t000" lemma="uljepšati" pos="VERB">uljepša</instance>
         <wf lemma="radni" pos="X">radni</wf>
         <wf lemma="stol" pos="X">stol</wf>
         <wf lemma="." pos="X">.</wf>
      </sentence>
      <sentence id="d000.s2808" source="wordnet-croatian">
         <wf lemma="Kada" pos="X">Kada</wf>
         <wf lemma="je" pos="X">je</wf>
         <wf lemma="čula" pos="X">čula</wf>
         <wf lemma="da" pos="X">da</wf>
         <wf lemma="je" pos="X">je</wf>
         <wf lemma="dobila" pos="X">dobila</wf>
         <wf lemma="seku" pos="X">seku</wf>
         <wf lemma="," pos="X">,</wf>
         <wf lemma="počela" pos="X">počela</wf>
         <wf lemma="je" pos="X">je</wf>
         <wf lemma="skakati" pos="X">skakati</wf>
         <wf lemma="od" pos="X">od</wf>
         <instance id="d000.s2808.t000" lemma="sreća" pos="NOUN">sreće</instance>
         <wf lemma="." pos="X">.</wf>
      </sentence>
      <sentence id="d000.s2809" source="wordnet-croatian">
         <wf lemma="U" pos="X">U</wf>
         <wf lemma="staklenci" pos="X">staklenci</wf>
         <wf lemma="u" pos="X">u</wf>
         <wf lemma="kuhinji" pos="X">kuhinji</wf>
         <wf lemma="skupljala" pos="X">skupljala</wf>
         <wf lemma="je" pos="X">je</wf>
         <instance id="d000.s2809.t000" lemma="kovanica" pos="NOUN">kovanice</instance>
         <wf lemma="." pos="X">.</wf>
      </sentence>
      <sentence id="d000.s2810" source="wordnet-croatian">
         <wf lemma="Čim" pos="X">Čim</wf>
         <wf lemma="dobijem" pos="X">dobijem</wf>
         <wf lemma="plaću" pos="X">plaću</wf>
         <wf lemma="," pos="X">,</wf>
         <instance id="d000.s2810.t000" lemma="podmiriti" pos="VERB">podmirim</instance>
         <wf lemma="sve" pos="X">sve</wf>
         <wf lemma="dugove" pos="X">dugove</wf>
         <wf lemma="." pos="X">.</wf>
      </sentence>
      <sentence id="d000.s2811" source="wordnet-croatian">
         <wf lemma="Borba" pos="X">Borba</wf>
         <wf lemma="za" pos="X">za</wf>
         <instance id="d000.s2811.t000" lemma="nezavisnost" pos="NOUN">nezavisnost</instance>
         <wf lemma="Hrvatske" pos="X">Hrvatske</wf>
         <wf lemma="trajala" pos="X">trajala</wf>
         <wf lemma="je" pos="X">je</wf>
         <wf lemma="dugi" pos="X">dugi</wf>
         <wf lemma="niz" pos="X">niz</wf>
         <wf lemma="godina" pos="X">godina</wf>
         <wf lemma="." pos="X">.</wf>
      </sentence>
      <sentence id="d000.s2812" source="wordnet-croatian">
         <wf lemma="Čim" pos="X">Čim</wf>
         <wf lemma="sam" pos="X">sam</wf>
         <wf lemma="ušla" pos="X">ušla</wf>
         <wf lemma="u" pos="X">u</wf>
         <wf lemma="kuću" pos="X">kuću</wf>
         <wf lemma="," pos="X">,</wf>
         <wf lemma="majka" pos="X">majka</wf>
         <wf lemma="me" pos="X">me</wf>
         <wf lemma="je" pos="X">je</wf>
         <instance id="d000.s2812.t000" lemma="uposliti" pos="VERB">uposlila</instance>
         <wf lemma="." pos="X">.</wf>
      </sentence>
      <sentence id="d000.s2813" source="wordnet-croatian">
         <instance id="d000.s2813.t000" lemma="kapljica" pos="NOUN">Kapljice</instance>
         <wf lemma="znoja" pos="X">znoja</wf>
         <wf lemma="cijedile" pos="X">cijedile</wf>
         <wf lemma="su" pos="X">su</wf>
         <wf lemma="se" pos="X">se</wf>
         <wf lemma="s" pos="X">s</wf>
         <wf lemma="njegova" pos="X">njegova</wf>
         <wf lemma="čela" pos="X">čela</wf>
         <wf lemma="." pos="X">.</wf>
      </sentence>
      <sentence id="d000.s2814" source="wordnet-croatian">
         <wf lemma="U" pos="X">U</wf>
         <wf lemma="teškim" pos="X">teškim</wf>
         <wf lemma="vremenima" pos="X">vremenima</wf>
         <wf lemma="ljudi" pos="X">ljudi</wf>
         <wf lemma="znaju" pos="X">znaju</wf>
         <wf lemma="kavu" pos="X">kavu</wf>
         <instance id="d000.s2814.t000" lemma="nadomjestiti" pos="VERB">nadomjestiti</instance>
         <wf lemma="divkom" pos="X">divkom</wf>
         <wf lemma="." pos="X">.</wf>
      </sentence>
      <sentence id="d000.s2815" source="wordnet-croatian">
         <wf lemma="Ovaj" pos="X">Ovaj</wf>
         <wf lemma="je" pos="X">je</wf>
         <wf lemma="projekt" pos="X">projekt</wf>
         <wf lemma="njezino" pos="X">njezino</wf>
         <instance id="d000.s2815.t000" lemma="čedo" pos="NOUN">čedo</instance>
         <wf lemma="." pos="X">.</wf>
      </sentence>
      <sentence id="d000.s2816" source="wordnet-croatian">
         <instance id="d000.s2816.t000" lemma="područje" pos="NOUN">Područja</instance>
         <wf lemma="njegova" pos="X">njegova</wf>
         <wf lemma="interesa" pos="X">interesa</wf>
         <wf lemma="uglavnom" pos="X">uglavnom</wf>
         <wf lemma="su" pos="X">su</wf>
         <wf lemma="se" pos="X">se</wf>
         <wf lemma="ticala" pos="X">ticala</wf>
         <wf lemma="novije" pos="X">novije</wf>
         <wf lemma="europske" pos="X">europske</wf>
         <wf lemma="povijesti" pos="X">povijesti</wf>
         <wf lemma="." pos="X">.</wf>
      </sentence>
      <sentence id="d000.s2817" source="wordnet-croatian">
         <wf lemma="U" pos="X">U</wf>
         <wf lemma="lijevom" pos="X">lijevom</wf>
         <wf lemma="krilu" pos="X">krilu</wf>
         <wf lemma="zgrade" pos="X">zgrade</wf>
         <wf lemma="nalazio" pos="X">nalazio</wf>
         <wf lemma="se" pos="X">se</wf>
         <instance id="d000.s2817.t000" lemma="niz" pos="NOUN">niz</instance>
         <wf lemma="predavaonica" pos="X">predavaonica</wf>
         <wf lemma="." pos="X">.</wf>
      </sentence>
      <sentence id="d000.s2818" source="wordnet-croatian">
         <wf lemma="Svemirski" pos="X">Svemirski</wf>
         <wf lemma="brod" pos="X">brod</wf>
         <wf lemma="prešao" pos="X">prešao</wf>
         <wf lemma="je" pos="X">je</wf>
         <instance id="d000.s2818.t000" lemma="granica" pos="NOUN">granicu</instance>
         <wf lemma="Sunčevog" pos="X">Sunčevog</wf>
         <wf lemma="sustava" pos="X">sustava</wf>
         <wf lemma="." pos="X">.</wf>
      </sentence>
      <sentence id="d000.s2819" source="wordnet-croatian">
         <wf lemma="Nitko" pos="X">Nitko</wf>
         <wf lemma="se" pos="X">se</wf>
         <wf lemma="nije" pos="X">nije</wf>
         <wf lemma="micao" pos="X">micao</wf>
         <wf lemma="i" pos="X">i</wf>
         <wf lemma="ta" pos="X">ta</wf>
         <wf lemma="je" pos="X">je</wf>
         <instance id="d000.s2819.t000" lemma="ukipljenost" pos="NOUN">ukipljenost</instance>
         <wf lemma="potrajala" pos="X">potrajala</wf>
         <wf lemma="dok" pos="X">dok</wf>
         <wf lemma="profesor" pos="X">profesor</wf>
         <wf lemma="nije" pos="X">nije</wf>
         <wf lemma="izišao" pos="X">izišao</wf>
         <wf lemma="iz" pos="X">iz</wf>
         <wf lemma="razreda" pos="X">razreda</wf>
         <wf lemma="." pos="X">.</wf>
      </sentence>
      <sentence id="d000.s2820" source="wordnet-croatian">
         <instance id="d000.s2820.t000" lemma="imenovanje" pos="NOUN">Imenovanje</instance>
         <wf lemma="glavnih" pos="X">glavnih</wf>
         <wf lemma="gradova" pos="X">gradova</wf>
         <wf lemma="nikad" pos="X">nikad</wf>
         <wf lemma="mu" pos="X">mu</wf>
         <wf lemma="nije" pos="X">nije</wf>
         <wf lemma="išlo" pos="X">išlo</wf>
         <wf lemma="." pos="X">.</wf>
      </sentence>
      <sentence id="d000.s2821" source="wordnet-croatian">
         <wf lemma="Za" pos="X">Za</wf>
         <wf lemma="nju" pos="X">nju</wf>
         <wf lemma="je" pos="X">je</wf>
         <instance id="d000.s2821.t000" lemma="muzika" pos="NOUN">muzika</instance>
         <wf lemma="bila" pos="X">bila</wf>
         <wf lemma="nešto" pos="X">nešto</wf>
         <wf lemma="u" pos="X">u</wf>
         <wf lemma="čemu" pos="X">čemu</wf>
         <wf lemma="uživa" pos="X">uživa</wf>
         <wf lemma="." pos="X">.</wf>
      </sentence>
      <sentence id="d000.s2822" source="wordnet-croatian">
         <wf lemma="Ne" pos="X">Ne</wf>
         <wf lemma="," pos="X">,</wf>
         <wf lemma="moj" pos="X">moj</wf>
         <wf lemma="suprug" pos="X">suprug</wf>
         <wf lemma="nikakada" pos="X">nikakada</wf>
         <wf lemma="nije" pos="X">nije</wf>
         <instance id="d000.s2822.t000" lemma="raditi" pos="VERB">radio</instance>
         <wf lemma="." pos="X">.</wf>
      </sentence>
      <sentence id="d000.s2823" source="wordnet-croatian">
         <instance id="d000.s2823.t000" lemma="praksa" pos="NOUN">Praksa</instance>
         <wf lemma="je" pos="X">je</wf>
         <wf lemma="u" pos="X">u</wf>
         <wf lemma="razvijenim" pos="X">razvijenim</wf>
         <wf lemma="zapadnim" pos="X">zapadnim</wf>
         <wf lemma="zemljama" pos="X">zemljama</wf>
         <wf lemma="omogućiti" pos="X">omogućiti</wf>
         <wf lemma="svima" pos="X">svima</wf>
         <wf lemma="pravo" pos="X">pravo</wf>
         <wf lemma="na" pos="X">na</wf>
         <wf lemma="slobodu" pos="X">slobodu</wf>
         <wf lemma="govora" pos="X">govora</wf>
         <wf lemma="." pos="X">.</wf>
      </sentence>
      <sentence id="d000.s2824" source="wordnet-croatian">
         <wf lemma="U" pos="X">U</wf>
         <wf lemma="grad" pos="X">grad</wf>
         <wf lemma="je" pos="X">je</wf>
         <wf lemma="došao" pos="X">došao</wf>
         <instance id="d000.s2824.t000" lemma="vlasnik" pos="NOUN">vlasnik</instance>
         <wf lemma="poznatog" pos="X">poznatog</wf>
         <wf lemma="lanca" pos="X">lanca</wf>
         <wf lemma="hotela" pos="X">hotela</wf>
         <wf lemma="." pos="X">.</wf>
      </sentence>
      <sentence id="d000.s2825" source="wordnet-croatian">
         <wf lemma="Pucanjem" pos="X">Pucanjem</wf>
         <wf lemma="iz" pos="X">iz</wf>
         <instance id="d000.s2825.t000" lemma="revolver" pos="NOUN">revolvera</instance>
         <wf lemma="izbacivao" pos="X">izbacivao</wf>
         <wf lemma="je" pos="X">je</wf>
         <wf lemma="negativnu" pos="X">negativnu</wf>
         <wf lemma="energiju" pos="X">energiju</wf>
         <wf lemma="." pos="X">.</wf>
      </sentence>
      <sentence id="d000.s2826" source="wordnet-croatian">
         <instance id="d000.s2826.t000" lemma="odvratiti" pos="VERB">Odvratila</instance>
         <wf lemma="me" pos="X">me</wf>
         <wf lemma="je" pos="X">je</wf>
         <wf lemma="od" pos="X">od</wf>
         <wf lemma="mojega" pos="X">mojega</wf>
         <wf lemma="zločinačkoga" pos="X">zločinačkoga</wf>
         <wf lemma="nauma" pos="X">nauma</wf>
         <wf lemma="." pos="X">.</wf>
      </sentence>
      <sentence id="d000.s2827" source="wordnet-croatian">
         <wf lemma="Imao" pos="X">Imao</wf>
         <wf lemma="je" pos="X">je</wf>
         <instance id="d000.s2827.t000" lemma="masivan" pos="ADJ">masivno</instance>
         <wf lemma="pokućstvo" pos="X">pokućstvo</wf>
         <wf lemma="od" pos="X">od</wf>
         <wf lemma="mahagonija" pos="X">mahagonija</wf>
         <wf lemma="." pos="X">.</wf>
      </sentence>
      <sentence id="d000.s2828" source="wordnet-croatian">
         <instance id="d000.s2828.t000" lemma="snimka" pos="NOUN">Snimka</instance>
         <wf lemma="s" pos="X">s</wf>
         <wf lemma="nadzornih" pos="X">nadzornih</wf>
         <wf lemma="kamera" pos="X">kamera</wf>
         <wf lemma="pomogla" pos="X">pomogla</wf>
         <wf lemma="im" pos="X">im</wf>
         <wf lemma="je" pos="X">je</wf>
         <wf lemma="uhvatiti" pos="X">uhvatiti</wf>
         <wf lemma="pljačkaša" pos="X">pljačkaša</wf>
         <wf lemma="banke" pos="X">banke</wf>
         <wf lemma="." pos="X">.</wf>
      </sentence>
      <sentence id="d000.s2829" source="wordnet-croatian">
         <wf lemma="he" pos="X">he</wf>
         <wf lemma="always" pos="X">always</wf>
         <wf lemma="rode" pos="X">rode</wf>
         <wf lemma="the" pos="X">the</wf>
         <instance id="d000.s2829.t000" lemma="bus" pos="NOUN">bus</instance>
         <wf lemma="to" pos="X">to</wf>
         <wf lemma="work" pos="X">work</wf>
         <wf lemma="." pos="X">.</wf>
      </sentence>
      <sentence id="d000.s2830" source="wordnet-croatian">
         <wf lemma="Noćas" pos="X">Noćas</wf>
         <wf lemma="je" pos="X">je</wf>
         <wf lemma="zbog" pos="X">zbog</wf>
         <instance id="d000.s2830.t000" lemma="snijeg" pos="NOUN">snijega</instance>
         <wf lemma="zatvorena" pos="X">zatvorena</wf>
         <wf lemma="autocesta" pos="X">autocesta</wf>
         <wf lemma="." pos="X">.</wf>
      </sentence>
      <sentence id="d000.s2831" source="wordnet-croatian">
         <wf lemma="Ulaznice" pos="X">Ulaznice</wf>
         <wf lemma="za" pos="X">za</wf>
         <wf lemma="sutrašnji" pos="X">sutrašnji</wf>
         <instance id="d000.s2831.t000" lemma="meč" pos="NOUN">meč</instance>
         <wf lemma="su" pos="X">su</wf>
         <wf lemma="rasprodane" pos="X">rasprodane</wf>
         <wf lemma="." pos="X">.</wf>
      </sentence>
      <sentence id="d000.s2832" source="wordnet-croatian">
         <wf lemma="Samo" pos="X">Samo</wf>
         <wf lemma="spominjanje" pos="X">spominjanje</wf>
         <wf lemma="njegova" pos="X">njegova</wf>
         <wf lemma="imena" pos="X">imena</wf>
         <wf lemma="evocira" pos="X">evocira</wf>
         <instance id="d000.s2832.t000" lemma="malevolentnost" pos="NOUN">malevolentnost</instance>
         <wf lemma="." pos="X">.</wf>
      </sentence>
      <sentence id="d000.s2833" source="wordnet-croatian">
         <instance id="d000.s2833.t000" lemma="predmet" pos="NOUN">Predmete</instance>
         <wf lemma="poput" pos="X">poput</wf>
         <wf lemma="matematike" pos="X">matematike</wf>
         <wf lemma="ili" pos="X">ili</wf>
         <wf lemma="fizike" pos="X">fizike</wf>
         <wf lemma="učenici" pos="X">učenici</wf>
         <wf lemma="rijetko" pos="X">rijetko</wf>
         <wf lemma="vole" pos="X">vole</wf>
         <wf lemma="." pos="X">.</wf>
      </sentence>
      <sentence id="d000.s2834" source="wordnet-croatian">
         <wf lemma="Pripremio" pos="X">Pripremio</wf>
         <wf lemma="je" pos="X">je</wf>
         <instance id="d000.s2834.t000" lemma="mladica" pos="NOUN">mladice</instance>
         <wf lemma="biljaka" pos="X">biljaka</wf>
         <wf lemma=":" pos="X">:</wf>
         <wf lemma="dio" pos="X">dio</wf>
         <wf lemma="će" pos="X">će</wf>
         <wf lemma="zasaditi" pos="X">zasaditi</wf>
         <wf lemma="," pos="X">,</wf>
         <wf lemma="a" pos="X">a</wf>
         <wf lemma="dio" pos="X">dio</wf>
         <wf lemma="će" pos="X">će</wf>
         <wf lemma="danas" pos="X">danas</wf>
         <wf lemma="pripremiti" pos="X">pripremiti</wf>
         <wf lemma="za" pos="X">za</wf>
         <wf lemma="goste" pos="X">goste</wf>
         <wf lemma="." pos="X">.</wf>
      </sentence>
      <sentence id="d000.s2835" source="wordnet-croatian">
         <wf lemma="Prije" pos="X">Prije</wf>
         <wf lemma="izlaska" pos="X">izlaska</wf>
         <wf lemma="uvijek" pos="X">uvijek</wf>
         <wf lemma="treba" pos="X">treba</wf>
         <instance id="d000.s2835.t000" lemma="ulaštiti" pos="VERB">ulaštiti</instance>
         <wf lemma="cipele" pos="X">cipele</wf>
         <wf lemma="." pos="X">.</wf>
      </sentence>
      <sentence id="d000.s2836" source="wordnet-croatian">
         <wf lemma="Svi" pos="X">Svi</wf>
         <wf lemma="su" pos="X">su</wf>
         <wf lemma="građani" pos="X">građani</wf>
         <wf lemma="jednaki" pos="X">jednaki</wf>
         <wf lemma="pred" pos="X">pred</wf>
         <instance id="d000.s2836.t000" lemma="zakon" pos="NOUN">zakonom</instance>
         <wf lemma="." pos="X">.</wf>
      </sentence>
      <sentence id="d000.s2837" source="wordnet-croatian">
         <wf lemma="Bio" pos="X">Bio</wf>
         <wf lemma="je" pos="X">je</wf>
         <wf lemma="zadovoljan" pos="X">zadovoljan</wf>
         <instance id="d000.s2837.t000" lemma="jednostavan" pos="ADJ">jednostavnim</instance>
         <wf lemma="rješenjima" pos="X">rješenjima</wf>
         <wf lemma="." pos="X">.</wf>
      </sentence>
      <sentence id="d000.s2838" source="wordnet-croatian">
         <wf lemma="Prosjaci" pos="X">Prosjaci</wf>
         <wf lemma="su" pos="X">su</wf>
         <wf lemma="svake" pos="X">svake</wf>
         <wf lemma="nedjelje" pos="X">nedjelje</wf>
         <instance id="d000.s2838.t000" lemma="nahrupljivati" pos="VERB">nahrupljivali</instance>
         <wf lemma="pred" pos="X">pred</wf>
         <wf lemma="ulaze" pos="X">ulaze</wf>
         <wf lemma="u" pos="X">u</wf>
         <wf lemma="crkve" pos="X">crkve</wf>
         <wf lemma="." pos="X">.</wf>
      </sentence>
      <sentence id="d000.s2839" source="wordnet-croatian">
         <wf lemma="Rezultati" pos="X">Rezultati</wf>
         <instance id="d000.s2839.t000" lemma="izlazni" pos="ADJ">izlaznih</instance>
         <wf lemma="anketa" pos="X">anketa</wf>
         <wf lemma="nisu" pos="X">nisu</wf>
         <wf lemma="uvijek" pos="X">uvijek</wf>
         <wf lemma="pouzdani" pos="X">pouzdani</wf>
         <wf lemma="." pos="X">.</wf>
      </sentence>
      <sentence id="d000.s2840" source="wordnet-croatian">
         <wf lemma="Njezin" pos="X">Njezin</wf>
         <instance id="d000.s2840.t000" lemma="opis" pos="NOUN">opis</instance>
         <wf lemma="njihova" pos="X">njihova</wf>
         <wf lemma="odnosa" pos="X">odnosa</wf>
         <wf lemma="nije" pos="X">nije</wf>
         <wf lemma="objektivan" pos="X">objektivan</wf>
         <wf lemma="." pos="X">.</wf>
      </sentence>
      <sentence id="d000.s2841" source="wordnet-croatian">
         <wf lemma="Svakodnevno" pos="X">Svakodnevno</wf>
         <instance id="d000.s2841.t000" lemma="ometanje" pos="NOUN">ometanje</instance>
         <wf lemma="mališana" pos="X">mališana</wf>
         <wf lemma="ne" pos="X">ne</wf>
         <wf lemma="dopušta" pos="X">dopušta</wf>
         <wf lemma="mi" pos="X">mi</wf>
         <wf lemma="da" pos="X">da</wf>
         <wf lemma="radim" pos="X">radim</wf>
         <wf lemma="kod" pos="X">kod</wf>
         <wf lemma="kuće" pos="X">kuće</wf>
         <wf lemma="." pos="X">.</wf>
      </sentence>
      <sentence id="d000.s2842" source="wordnet-croatian">
         <wf lemma="Ona" pos="X">Ona</wf>
         <wf lemma="je" pos="X">je</wf>
         <instance id="d000.s2842.t000" lemma="proglasiti" pos="VERB">proglašena</instance>
         <wf lemma="potpuno" pos="X">potpuno</wf>
         <wf lemma="nekompetentnom" pos="X">nekompetentnom</wf>
         <wf lemma="za" pos="X">za</wf>
         <wf lemma="posao" pos="X">posao</wf>
         <wf lemma="kojim" pos="X">kojim</wf>
         <wf lemma="se" pos="X">se</wf>
         <wf lemma="trenutno" pos="X">trenutno</wf>
         <wf lemma="bavi" pos="X">bavi</wf>
         <wf lemma="." pos="X">.</wf>
      </sentence>
      <sentence id="d000.s2843" source="wordnet-croatian">
         <wf lemma="Morfij" pos="X">Morfij</wf>
         <wf lemma="je" pos="X">je</wf>
         <wf lemma="snažan" pos="X">snažan</wf>
         <instance id="d000.s2843.t000" lemma="narkotik" pos="NOUN">narkotik</instance>
         <wf lemma="kojeg" pos="X">kojeg</wf>
         <wf lemma="se" pos="X">se</wf>
         <wf lemma="smije" pos="X">smije</wf>
         <wf lemma="koristiti" pos="X">koristiti</wf>
         <wf lemma="samo" pos="X">samo</wf>
         <wf lemma="u" pos="X">u</wf>
         <wf lemma="najtežim" pos="X">najtežim</wf>
         <wf lemma="slučajevima" pos="X">slučajevima</wf>
         <wf lemma="." pos="X">.</wf>
      </sentence>
      <sentence id="d000.s2844" source="wordnet-croatian">
         <instance id="d000.s2844.t000" lemma="pod" pos="NOUN">Podovi</instance>
         <wf lemma="su" pos="X">su</wf>
         <wf lemma="bili" pos="X">bili</wf>
         <wf lemma="prekriveni" pos="X">prekriveni</wf>
         <wf lemma="tepisima" pos="X">tepisima</wf>
         <wf lemma="." pos="X">.</wf>
      </sentence>
      <sentence id="d000.s2845" source="wordnet-croatian">
         <wf lemma="To" pos="X">To</wf>
         <instance id="d000.s2845.t000" lemma="tlo" pos="NOUN">tlo</instance>
         <wf lemma="treba" pos="X">treba</wf>
         <wf lemma="preorati" pos="X">preorati</wf>
         <wf lemma="višse" pos="X">višse</wf>
         <wf lemma="puta" pos="X">puta</wf>
         <wf lemma="godišnje" pos="X">godišnje</wf>
         <wf lemma="." pos="X">.</wf>
      </sentence>
      <sentence id="d000.s2846" source="wordnet-croatian">
         <wf lemma="Od" pos="X">Od</wf>
         <wf lemma="18." pos="X">18.</wf>
         <wf lemma="godine" pos="X">godine</wf>
         <wf lemma="nije" pos="X">nije</wf>
         <wf lemma="se" pos="X">se</wf>
         <wf lemma="skidao" pos="X">skidao</wf>
         <wf lemma="iz" pos="X">iz</wf>
         <wf lemma="svećeničke" pos="X">svećeničke</wf>
         <instance id="d000.s2846.t000" lemma="halja" pos="NOUN">halje</instance>
         <wf lemma="." pos="X">.</wf>
      </sentence>
      <sentence id="d000.s2847" source="wordnet-croatian">
         <wf lemma="Te" pos="X">Te</wf>
         <wf lemma="novine" pos="X">novine</wf>
         <wf lemma="žestoko" pos="X">žestoko</wf>
         <instance id="d000.s2847.t000" lemma="kritizirati" pos="VERB">kritiziraju</instance>
         <wf lemma="svaku" pos="X">svaku</wf>
         <wf lemma="vladu" pos="X">vladu</wf>
         <wf lemma="." pos="X">.</wf>
      </sentence>
      <sentence id="d000.s2848" source="wordnet-croatian">
         <instance id="d000.s2848.t000" lemma="uključiti" pos="VERB">Uključili</instance>
         <wf lemma="smo" pos="X">smo</wf>
         <wf lemma="je" pos="X">je</wf>
         <wf lemma="u" pos="X">u</wf>
         <wf lemma="našu" pos="X">našu</wf>
         <wf lemma="stranku" pos="X">stranku</wf>
         <wf lemma="." pos="X">.</wf>
      </sentence>
      <sentence id="d000.s2849" source="wordnet-croatian">
         <wf lemma="Ovaj" pos="X">Ovaj</wf>
         <wf lemma="pokrivač" pos="X">pokrivač</wf>
         <wf lemma="će" pos="X">će</wf>
         <wf lemma="te" pos="X">te</wf>
         <instance id="d000.s2849.t000" lemma="ugrijati" pos="VERB">ugrijati</instance>
         <wf lemma="." pos="X">.</wf>
      </sentence>
      <sentence id="d000.s2850" source="wordnet-croatian">
         <wf lemma="Uspjeh" pos="X">Uspjeh</wf>
         <wf lemma="u" pos="X">u</wf>
         <wf lemma="poslu" pos="X">poslu</wf>
         <wf lemma="ovisi" pos="X">ovisi</wf>
         <wf lemma="o" pos="X">o</wf>
         <wf lemma="kvaliteti" pos="X">kvaliteti</wf>
         <instance id="d000.s2850.t000" lemma="roba" pos="NOUN">robe</instance>
         <wf lemma="." pos="X">.</wf>
      </sentence>
      <sentence id="d000.s2851" source="wordnet-croatian">
         <wf lemma="Slikar" pos="X">Slikar</wf>
         <wf lemma="je" pos="X">je</wf>
         <instance id="d000.s2851.t000" lemma="naslikati" pos="VERB">naslikao</instance>
         <wf lemma="svoju" pos="X">svoju</wf>
         <wf lemma="ženu" pos="X">ženu</wf>
         <wf lemma="kao" pos="X">kao</wf>
         <wf lemma="mladu" pos="X">mladu</wf>
         <wf lemma="djevojku" pos="X">djevojku</wf>
         <wf lemma="na" pos="X">na</wf>
         <wf lemma="studencu" pos="X">studencu</wf>
         <wf lemma="." pos="X">.</wf>
      </sentence>
      <sentence id="d000.s2852" source="wordnet-croatian">
         <wf lemma="Izašao" pos="X">Izašao</wf>
         <wf lemma="je" pos="X">je</wf>
         <wf lemma="iz" pos="X">iz</wf>
         <wf lemma="bazena" pos="X">bazena</wf>
         <wf lemma="i" pos="X">i</wf>
         <wf lemma="zamotao" pos="X">zamotao</wf>
         <wf lemma="se" pos="X">se</wf>
         <wf lemma="u" pos="X">u</wf>
         <instance id="d000.s2852.t000" lemma="ogrtač" pos="NOUN">ogrtač</instance>
         <wf lemma="." pos="X">.</wf>
      </sentence>
      <sentence id="d000.s2853" source="wordnet-croatian">
         <wf lemma="Volim" pos="X">Volim</wf>
         <instance id="d000.s2853.t000" lemma="ljupčac" pos="NOUN">ljupčac</instance>
         <wf lemma="zbog" pos="X">zbog</wf>
         <wf lemma="njegova" pos="X">njegova</wf>
         <wf lemma="jaka" pos="X">jaka</wf>
         <wf lemma="i" pos="X">i</wf>
         <wf lemma="ugodna" pos="X">ugodna</wf>
         <wf lemma="mirisa" pos="X">mirisa</wf>
         <wf lemma="." pos="X">.</wf>
      </sentence>
      <sentence id="d000.s2854" source="wordnet-croatian">
         <wf lemma="Vrijeme" pos="X">Vrijeme</wf>
         <wf lemma="je" pos="X">je</wf>
         <wf lemma="da" pos="X">da</wf>
         <wf lemma="ova" pos="X">ova</wf>
         <wf lemma="vlada" pos="X">vlada</wf>
         <instance id="d000.s2854.t000" lemma="pasti" pos="VERB">padne</instance>
         <wf lemma="!" pos="X">!</wf>
      </sentence>
      <sentence id="d000.s2855" source="wordnet-croatian">
         <wf lemma="Ove" pos="X">Ove</wf>
         <wf lemma="je" pos="X">je</wf>
         <wf lemma="cipele" pos="X">cipele</wf>
         <wf lemma="nemoguće" pos="X">nemoguće</wf>
         <wf lemma="nositi" pos="X">nositi</wf>
         <wf lemma="bez" pos="X">bez</wf>
         <instance id="d000.s2855.t000" lemma="čarapa" pos="NOUN">čarapa</instance>
         <wf lemma="." pos="X">.</wf>
      </sentence>
      <sentence id="d000.s2856" source="wordnet-croatian">
         <wf lemma="Prlinari" pos="X">Prlinari</wf>
         <wf lemma="moraju" pos="X">moraju</wf>
         <instance id="d000.s2856.t000" lemma="instalirati" pos="VERB">instalirati</instance>
         <wf lemma="novi" pos="X">novi</wf>
         <wf lemma="bojler" pos="X">bojler</wf>
         <wf lemma="." pos="X">.</wf>
      </sentence>
      <sentence id="d000.s2857" source="wordnet-croatian">
         <instance id="d000.s2857.t000" lemma="budilica" pos="NOUN">Budilica</instance>
         <wf lemma="je" pos="X">je</wf>
         <wf lemma="zazvonila" pos="X">zazvonila</wf>
         <wf lemma="i" pos="X">i</wf>
         <wf lemma="on" pos="X">on</wf>
         <wf lemma="ju" pos="X">ju</wf>
         <wf lemma="je" pos="X">je</wf>
         <wf lemma="brzo" pos="X">brzo</wf>
         <wf lemma="ugasio" pos="X">ugasio</wf>
         <wf lemma="." pos="X">.</wf>
      </sentence>
      <sentence id="d000.s2858" source="wordnet-croatian">
         <wf lemma="Napoleon" pos="X">Napoleon</wf>
         <wf lemma="je" pos="X">je</wf>
         <wf lemma="jedna" pos="X">jedna</wf>
         <wf lemma="od" pos="X">od</wf>
         <instance id="d000.s2858.t000" lemma="čuven" pos="ADJ">čuvenih</instance>
         <wf lemma="povijesnih" pos="X">povijesnih</wf>
         <wf lemma="ličnosti" pos="X">ličnosti</wf>
         <wf lemma="." pos="X">.</wf>
      </sentence>
      <sentence id="d000.s2859" source="wordnet-croatian">
         <wf lemma="Nabavila" pos="X">Nabavila</wf>
         <wf lemma="je" pos="X">je</wf>
         <wf lemma="kvalitetan" pos="X">kvalitetan</wf>
         <instance id="d000.s2859.t000" lemma="razglas" pos="NOUN">razglas</instance>
         <wf lemma="za" pos="X">za</wf>
         <wf lemma="veliki" pos="X">veliki</wf>
         <wf lemma="tulum" pos="X">tulum</wf>
         <wf lemma="koji" pos="X">koji</wf>
         <wf lemma="je" pos="X">je</wf>
         <wf lemma="spremala" pos="X">spremala</wf>
         <wf lemma="." pos="X">.</wf>
      </sentence>
      <sentence id="d000.s2860" source="wordnet-croatian">
         <wf lemma="Imao" pos="X">Imao</wf>
         <wf lemma="je" pos="X">je</wf>
         <wf lemma="strašan" pos="X">strašan</wf>
         <instance id="d000.s2860.t000" lemma="osjećaj" pos="NOUN">osjećaj</instance>
         <wf lemma="krivnje" pos="X">krivnje</wf>
         <wf lemma="." pos="X">.</wf>
      </sentence>
      <sentence id="d000.s2861" source="wordnet-croatian">
         <instance id="d000.s2861.t000" lemma="ignorirati" pos="VERB">Ignorirao</instance>
         <wf lemma="je" pos="X">je</wf>
         <wf lemma="naredbe" pos="X">naredbe</wf>
         <wf lemma="s" pos="X">s</wf>
         <wf lemma="vrha" pos="X">vrha</wf>
         <wf lemma="pa" pos="X">pa</wf>
         <wf lemma="je" pos="X">je</wf>
         <wf lemma="dobio" pos="X">dobio</wf>
         <wf lemma="otkaz" pos="X">otkaz</wf>
         <wf lemma="." pos="X">.</wf>
      </sentence>
      <sentence id="d000.s2862" source="wordnet-croatian">
         <wf lemma="U" pos="X">U</wf>
         <wf lemma="čijem" pos="X">čijem</wf>
         <wf lemma="je" pos="X">je</wf>
         <wf lemma="vlasništvu" pos="X">vlasništvu</wf>
         <wf lemma="ovaj" pos="X">ovaj</wf>
         <instance id="d000.s2862.t000" lemma="posjed" pos="NOUN">posjed</instance>
         <wf lemma="?" pos="X">?</wf>
      </sentence>
      <sentence id="d000.s2863" source="wordnet-croatian">
         <wf lemma="U" pos="X">U</wf>
         <wf lemma="ovoj" pos="X">ovoj</wf>
         <wf lemma="ustanovi" pos="X">ustanovi</wf>
         <wf lemma="ne" pos="X">ne</wf>
         <wf lemma="točimo" pos="X">točimo</wf>
         <wf lemma="alkohol" pos="X">alkohol</wf>
         <instance id="d000.s2863.t000" lemma="maloljetnik" pos="NOUN">maloljetnicima</instance>
         <wf lemma="." pos="X">.</wf>
      </sentence>
      <sentence id="d000.s2864" source="wordnet-croatian">
         <wf lemma="Postao" pos="X">Postao</wf>
         <wf lemma="je" pos="X">je</wf>
         <instance id="d000.s2864.t000" lemma="predmet" pos="NOUN">predmet</instance>
         <wf lemma="njezina" pos="X">njezina</wf>
         <wf lemma="obožavanja" pos="X">obožavanja</wf>
         <wf lemma="." pos="X">.</wf>
      </sentence>
      <sentence id="d000.s2865" source="wordnet-croatian">
         <wf lemma="Rat" pos="X">Rat</wf>
         <wf lemma="je" pos="X">je</wf>
         <wf lemma="najstrašniji" pos="X">najstrašniji</wf>
         <instance id="d000.s2865.t000" lemma="usud" pos="NOUN">usud</instance>
         <wf lemma="čovječanstva" pos="X">čovječanstva</wf>
         <wf lemma="." pos="X">.</wf>
      </sentence>
      <sentence id="d000.s2866" source="wordnet-croatian">
         <wf lemma="Tijelo" pos="X">Tijelo</wf>
         <wf lemma="je" pos="X">je</wf>
         <wf lemma="isplivalo" pos="X">isplivalo</wf>
         <wf lemma="na" pos="X">na</wf>
         <instance id="d000.s2866.t000" lemma="površina" pos="NOUN">površinu</instance>
         <wf lemma="vode" pos="X">vode</wf>
         <wf lemma="." pos="X">.</wf>
      </sentence>
      <sentence id="d000.s2867" source="wordnet-croatian">
         <wf lemma="Uvijek" pos="X">Uvijek</wf>
         <wf lemma="je" pos="X">je</wf>
         <wf lemma="imala" pos="X">imala</wf>
         <wf lemma="veliku" pos="X">veliku</wf>
         <instance id="d000.s2867.t000" lemma="sklonost" pos="NOUN">sklonost</instance>
         <wf lemma="za" pos="X">za</wf>
         <wf lemma="čitanjem" pos="X">čitanjem</wf>
         <wf lemma="." pos="X">.</wf>
      </sentence>
      <sentence id="d000.s2868" source="wordnet-croatian">
         <wf lemma="Analitičari" pos="X">Analitičari</wf>
         <wf lemma="tvrde" pos="X">tvrde</wf>
         <wf lemma="da" pos="X">da</wf>
         <wf lemma="je" pos="X">je</wf>
         <wf lemma="ta" pos="X">ta</wf>
         <wf lemma="zemlja" pos="X">zemlja</wf>
         <wf lemma="još" pos="X">još</wf>
         <wf lemma="uvijek" pos="X">uvijek</wf>
         <wf lemma="nestabilan" pos="X">nestabilan</wf>
         <wf lemma="državno-pravni" pos="X">državno-pravni</wf>
         <instance id="d000.s2868.t000" lemma="fakat" pos="NOUN">fakat</instance>
         <wf lemma="." pos="X">.</wf>
      </sentence>
      <sentence id="d000.s2869" source="wordnet-croatian">
         <wf lemma="U" pos="X">U</wf>
         <wf lemma="novim" pos="X">novim</wf>
         <wf lemma="naseljima" pos="X">naseljima</wf>
         <wf lemma="kuće" pos="X">kuće</wf>
         <wf lemma="se" pos="X">se</wf>
         <wf lemma="u" pos="X">u</wf>
         <wf lemma="pravilu" pos="X">pravilu</wf>
         <wf lemma="međusobno" pos="X">međusobno</wf>
         <instance id="d000.s2869.t000" lemma="dodirivati" pos="VERB">dodiruju</instance>
         <wf lemma="." pos="X">.</wf>
      </sentence>
      <sentence id="d000.s2870" source="wordnet-croatian">
         <instance id="d000.s2870.t000" lemma="dodati" pos="VERB">Dodaj</instance>
         <wf lemma="još" pos="X">još</wf>
         <wf lemma="dva" pos="X">dva</wf>
         <wf lemma="piva" pos="X">piva</wf>
         <wf lemma="na" pos="X">na</wf>
         <wf lemma="popis" pos="X">popis</wf>
         <wf lemma="." pos="X">.</wf>
      </sentence>
      <sentence id="d000.s2871" source="wordnet-croatian">
         <wf lemma="Nikako" pos="X">Nikako</wf>
         <wf lemma="nije" pos="X">nije</wf>
         <wf lemma="mogao" pos="X">mogao</wf>
         <wf lemma="savladati" pos="X">savladati</wf>
         <wf lemma="tehniku" pos="X">tehniku</wf>
         <wf lemma="bacanja" pos="X">bacanja</wf>
         <instance id="d000.s2871.t000" lemma="bumerang" pos="NOUN">bumeranga</instance>
         <wf lemma="." pos="X">.</wf>
      </sentence>
      <sentence id="d000.s2872" source="wordnet-croatian">
         <wf lemma="Prozirne" pos="X">Prozirne</wf>
         <instance id="d000.s2872.t000" lemma="naramenica" pos="NOUN">naramenice</instance>
         <wf lemma="mogu" pos="X">mogu</wf>
         <wf lemma="se" pos="X">se</wf>
         <wf lemma="kupiti" pos="X">kupiti</wf>
         <wf lemma="odvojeno" pos="X">odvojeno</wf>
         <wf lemma="od" pos="X">od</wf>
         <wf lemma="grudnjaka" pos="X">grudnjaka</wf>
         <wf lemma="." pos="X">.</wf>
      </sentence>
      <sentence id="d000.s2873" source="wordnet-croatian">
         <wf lemma="Nova" pos="X">Nova</wf>
         <wf lemma="vlast" pos="X">vlast</wf>
         <instance id="d000.s2873.t000" lemma="započeti" pos="VERB">započela</instance>
         <wf lemma="je" pos="X">je</wf>
         <wf lemma="borbu" pos="X">borbu</wf>
         <wf lemma="protiv" pos="X">protiv</wf>
         <wf lemma="korupcije" pos="X">korupcije</wf>
         <wf lemma="." pos="X">.</wf>
      </sentence>
      <sentence id="d000.s2874" source="wordnet-croatian">
         <wf lemma="Kiša" pos="X">Kiša</wf>
         <wf lemma="i" pos="X">i</wf>
         <wf lemma="snijeg" pos="X">snijeg</wf>
         <wf lemma="su" pos="X">su</wf>
         <wf lemma="nemilice" pos="X">nemilice</wf>
         <instance id="d000.s2874.t000" lemma="padati" pos="VERB">padali</instance>
         <wf lemma="." pos="X">.</wf>
      </sentence>
      <sentence id="d000.s2875" source="wordnet-croatian">
         <wf lemma="Naše" pos="X">Naše</wf>
         <wf lemma="društvo" pos="X">društvo</wf>
         <wf lemma="počiva" pos="X">počiva</wf>
         <wf lemma="na" pos="X">na</wf>
         <wf lemma="brojnim" pos="X">brojnim</wf>
         <instance id="d000.s2875.t000" lemma="vjerovanje" pos="NOUN">vjerovanjima</instance>
         <wf lemma="." pos="X">.</wf>
      </sentence>
      <sentence id="d000.s2876" source="wordnet-croatian">
         <wf lemma="Idemo" pos="X">Idemo</wf>
         <wf lemma="na" pos="X">na</wf>
         <instance id="d000.s2876.t000" lemma="pecanje" pos="NOUN">pecanje</instance>
         <wf lemma="ovu" pos="X">ovu</wf>
         <wf lemma="nedjelju" pos="X">nedjelju</wf>
         <wf lemma="!" pos="X">!</wf>
      </sentence>
      <sentence id="d000.s2877" source="wordnet-croatian">
         <wf lemma="Nemoj" pos="X">Nemoj</wf>
         <instance id="d000.s2877.t000" lemma="lagati" pos="VERB">lagati</instance>
         <wf lemma="roditeljima" pos="X">roditeljima</wf>
         <wf lemma="." pos="X">.</wf>
      </sentence>
      <sentence id="d000.s2878" source="wordnet-croatian">
         <wf lemma="Nije" pos="X">Nije</wf>
         <wf lemma="mogao" pos="X">mogao</wf>
         <wf lemma="podnijeti" pos="X">podnijeti</wf>
         <instance id="d000.s2878.t000" lemma="nemoćnost" pos="NOUN">nemoćnost</instance>
         <wf lemma="koju" pos="X">koju</wf>
         <wf lemma="je" pos="X">je</wf>
         <wf lemma="uzrokovala" pos="X">uzrokovala</wf>
         <wf lemma="ta" pos="X">ta</wf>
         <wf lemma="teška" pos="X">teška</wf>
         <wf lemma="bolest" pos="X">bolest</wf>
         <wf lemma="." pos="X">.</wf>
      </sentence>
      <sentence id="d000.s2879" source="wordnet-croatian">
         <wf lemma="Cijeli" pos="X">Cijeli</wf>
         <wf lemma="tjedan" pos="X">tjedan</wf>
         <wf lemma="nisam" pos="X">nisam</wf>
         <wf lemma="dobio" pos="X">dobio</wf>
         <instance id="d000.s2879.t000" lemma="pošta" pos="NOUN">poštu</instance>
         <wf lemma="," pos="X">,</wf>
         <wf lemma="sigurno" pos="X">sigurno</wf>
         <wf lemma="se" pos="X">se</wf>
         <wf lemma="poštar" pos="X">poštar</wf>
         <wf lemma="razbolio" pos="X">razbolio</wf>
         <wf lemma="." pos="X">.</wf>
      </sentence>
      <sentence id="d000.s2880" source="wordnet-croatian">
         <instance id="d000.s2880.t000" lemma="jednoličnost" pos="NOUN">Jednoličnost</instance>
         <wf lemma="glazbe" pos="X">glazbe</wf>
         <wf lemma="na" pos="X">na</wf>
         <wf lemma="radiju" pos="X">radiju</wf>
         <wf lemma="ubrzo" pos="X">ubrzo</wf>
         <wf lemma="me" pos="X">me</wf>
         <wf lemma="uspavala" pos="X">uspavala</wf>
         <wf lemma="." pos="X">.</wf>
      </sentence>
      <sentence id="d000.s2881" source="wordnet-croatian">
         <wf lemma="Majka" pos="X">Majka</wf>
         <wf lemma="je" pos="X">je</wf>
         <instance id="d000.s2881.t000" lemma="poslati" pos="VERB">poslala</instance>
         <wf lemma="djecu" pos="X">djecu</wf>
         <wf lemma="u" pos="X">u</wf>
         <wf lemma="dućan" pos="X">dućan</wf>
         <wf lemma="po" pos="X">po</wf>
         <wf lemma="kruh" pos="X">kruh</wf>
         <wf lemma="i" pos="X">i</wf>
         <wf lemma="mlijeko" pos="X">mlijeko</wf>
         <wf lemma="." pos="X">.</wf>
      </sentence>
      <sentence id="d000.s2882" source="wordnet-croatian">
         <wf lemma="Roditelji" pos="X">Roditelji</wf>
         <wf lemma="su" pos="X">su</wf>
         <wf lemma="mu" pos="X">mu</wf>
         <instance id="d000.s2882.t000" lemma="zanijekati" pos="VERB">zanijekali</instance>
         <wf lemma="nasljedstvo" pos="X">nasljedstvo</wf>
         <wf lemma="." pos="X">.</wf>
      </sentence>
      <sentence id="d000.s2883" source="wordnet-croatian">
         <wf lemma="Na" pos="X">Na</wf>
         <instance id="d000.s2883.t000" lemma="kraj" pos="NOUN">kraju</instance>
         <wf lemma="predstave" pos="X">predstave</wf>
         <wf lemma="publika" pos="X">publika</wf>
         <wf lemma="ih" pos="X">ih</wf>
         <wf lemma="je" pos="X">je</wf>
         <wf lemma="nagradila" pos="X">nagradila</wf>
         <wf lemma="velikim" pos="X">velikim</wf>
         <wf lemma="pljeskom" pos="X">pljeskom</wf>
         <wf lemma="." pos="X">.</wf>
      </sentence>
      <sentence id="d000.s2884" source="wordnet-croatian">
         <wf lemma="Njegov" pos="X">Njegov</wf>
         <wf lemma="je" pos="X">je</wf>
         <wf lemma="članak" pos="X">članak</wf>
         <wf lemma="dobio" pos="X">dobio</wf>
         <instance id="d000.s2884.t000" lemma="negativan" pos="ADJ">negativnu</instance>
         <wf lemma="recenziju" pos="X">recenziju</wf>
         <wf lemma="i" pos="X">i</wf>
         <wf lemma="neće" pos="X">neće</wf>
         <wf lemma="biti" pos="X">biti</wf>
         <wf lemma="objavljen" pos="X">objavljen</wf>
         <wf lemma="." pos="X">.</wf>
      </sentence>
      <sentence id="d000.s2885" source="wordnet-croatian">
         <instance id="d000.s2885.t000" lemma="ekscentričan" pos="ADJ">Ekscentrični</instance>
         <wf lemma="ljudi" pos="X">ljudi</wf>
         <wf lemma="česti" pos="X">česti</wf>
         <wf lemma="su" pos="X">su</wf>
         <wf lemma="u" pos="X">u</wf>
         <wf lemma="bogataškim" pos="X">bogataškim</wf>
         <wf lemma="slojevima" pos="X">slojevima</wf>
         <wf lemma="." pos="X">.</wf>
      </sentence>
      <sentence id="d000.s2886" source="wordnet-croatian">
         <wf lemma="Radnici" pos="X">Radnici</wf>
         <wf lemma="su" pos="X">su</wf>
         <instance id="d000.s2886.t000" lemma="gurati" pos="VERB">gurali</instance>
         <wf lemma="kutije" pos="X">kutije</wf>
         <wf lemma="po" pos="X">po</wf>
         <wf lemma="skladištu" pos="X">skladištu</wf>
         <wf lemma="cijeli" pos="X">cijeli</wf>
         <wf lemma="dan" pos="X">dan</wf>
         <wf lemma="." pos="X">.</wf>
      </sentence>
      <sentence id="d000.s2887" source="wordnet-croatian">
         <wf lemma="Čak" pos="X">Čak</wf>
         <wf lemma="i" pos="X">i</wf>
         <wf lemma="vrhunskim" pos="X">vrhunskim</wf>
         <instance id="d000.s2887.t000" lemma="ocjenitelj" pos="NOUN">ocjeniteljima</instance>
         <wf lemma="vina" pos="X">vina</wf>
         <wf lemma="može" pos="X">može</wf>
         <wf lemma="se" pos="X">se</wf>
         <wf lemma="potkrasti" pos="X">potkrasti</wf>
         <wf lemma="pogreška" pos="X">pogreška</wf>
         <wf lemma="." pos="X">.</wf>
      </sentence>
      <sentence id="d000.s2888" source="wordnet-croatian">
         <wf lemma="Uvijek" pos="X">Uvijek</wf>
         <instance id="d000.s2888.t000" lemma="nositi" pos="VERB">nosim</instance>
         <wf lemma="kišobran" pos="X">kišobran</wf>
         <wf lemma="u" pos="X">u</wf>
         <wf lemma="torbi" pos="X">torbi</wf>
         <wf lemma="." pos="X">.</wf>
      </sentence>
      <sentence id="d000.s2889" source="wordnet-croatian">
         <instance id="d000.s2889.t000" lemma="upravljanje" pos="NOUN">Upravljanje</instance>
         <wf lemma="gradskim" pos="X">gradskim</wf>
         <wf lemma="resursim" pos="X">resursim</wf>
         <wf lemma="trebalo" pos="X">trebalo</wf>
         <wf lemma="bi" pos="X">bi</wf>
         <wf lemma="biti" pos="X">biti</wf>
         <wf lemma="u" pos="X">u</wf>
         <wf lemma="ovlasti" pos="X">ovlasti</wf>
         <wf lemma="čitave" pos="X">čitave</wf>
         <wf lemma="gradske" pos="X">gradske</wf>
         <wf lemma="uprave" pos="X">uprave</wf>
         <wf lemma="." pos="X">.</wf>
      </sentence>
      <sentence id="d000.s2890" source="wordnet-croatian">
         <wf lemma="Sretan" pos="X">Sretan</wf>
         <instance id="d000.s2890.t000" lemma="imendan" pos="NOUN">imendan</instance>
         <wf lemma="svima" pos="X">svima</wf>
         <wf lemma="koji" pos="X">koji</wf>
         <wf lemma="ga" pos="X">ga</wf>
         <wf lemma="danas" pos="X">danas</wf>
         <wf lemma="slave" pos="X">slave</wf>
         <wf lemma="." pos="X">.</wf>
      </sentence>
      <sentence id="d000.s2891" source="wordnet-croatian">
         <wf lemma="Cijela" pos="X">Cijela</wf>
         <wf lemma="se" pos="X">se</wf>
         <wf lemma="obitelj" pos="X">obitelj</wf>
         <wf lemma="uputila" pos="X">uputila</wf>
         <wf lemma="na" pos="X">na</wf>
         <instance id="d000.s2891.t000" lemma="odmorište" pos="NOUN">odmorište</instance>
         <wf lemma="na" pos="X">na</wf>
         <wf lemma="moru" pos="X">moru</wf>
         <wf lemma="." pos="X">.</wf>
      </sentence>
      <sentence id="d000.s2892" source="wordnet-croatian">
         <wf lemma="Ostavi" pos="X">Ostavi</wf>
         <wf lemma="to" pos="X">to</wf>
         <wf lemma="za" pos="X">za</wf>
         <wf lemma="neki" pos="X">neki</wf>
         <instance id="d000.s2892.t000" lemma="drugi" pos="ADJ">drugi</instance>
         <wf lemma="dan" pos="X">dan</wf>
         <wf lemma="." pos="X">.</wf>
      </sentence>
      <sentence id="d000.s2893" source="wordnet-croatian">
         <wf lemma="Abraham" pos="X">Abraham</wf>
         <wf lemma="je" pos="X">je</wf>
         <wf lemma="bio" pos="X">bio</wf>
         <wf lemma="spreman" pos="X">spreman</wf>
         <instance id="d000.s2893.t000" lemma="žrtvovati" pos="VERB">žrtvovati</instance>
         <wf lemma="svoga" pos="X">svoga</wf>
         <wf lemma="sina" pos="X">sina</wf>
         <wf lemma="jedinca" pos="X">jedinca</wf>
         <wf lemma="," pos="X">,</wf>
         <wf lemma="Izaka" pos="X">Izaka</wf>
         <wf lemma="." pos="X">.</wf>
      </sentence>
      <sentence id="d000.s2894" source="wordnet-croatian">
         <wf lemma="Moja" pos="X">Moja</wf>
         <wf lemma="susjeda" pos="X">susjeda</wf>
         <wf lemma="skuplja" pos="X">skuplja</wf>
         <wf lemma="figurice" pos="X">figurice</wf>
         <wf lemma="od" pos="X">od</wf>
         <instance id="d000.s2894.t000" lemma="alabaster" pos="NOUN">alabastera</instance>
         <wf lemma="." pos="X">.</wf>
      </sentence>
      <sentence id="d000.s2895" source="wordnet-croatian">
         <wf lemma="Dječak" pos="X">Dječak</wf>
         <wf lemma="je" pos="X">je</wf>
         <instance id="d000.s2895.t000" lemma="puštati" pos="VERB">puštao</instance>
         <wf lemma="nizvodno" pos="X">nizvodno</wf>
         <wf lemma="papirnate" pos="X">papirnate</wf>
         <wf lemma="brodiće" pos="X">brodiće</wf>
         <wf lemma="." pos="X">.</wf>
      </sentence>
      <sentence id="d000.s2896" source="wordnet-croatian">
         <wf lemma="Ujutro" pos="X">Ujutro</wf>
         <wf lemma="uvijek" pos="X">uvijek</wf>
         <wf lemma="popijem" pos="X">popijem</wf>
         <wf lemma="šalicu" pos="X">šalicu</wf>
         <instance id="d000.s2896.t000" lemma="kava" pos="NOUN">kave</instance>
         <wf lemma="." pos="X">.</wf>
      </sentence>
      <sentence id="d000.s2897" source="wordnet-croatian">
         <wf lemma="Otkriće" pos="X">Otkriće</wf>
         <wf lemma="fosilnih" pos="X">fosilnih</wf>
         <wf lemma="ostataka" pos="X">ostataka</wf>
         <wf lemma="u" pos="X">u</wf>
         <wf lemma="okolici" pos="X">okolici</wf>
         <wf lemma="Benkovca" pos="X">Benkovca</wf>
         <wf lemma="vrlo" pos="X">vrlo</wf>
         <wf lemma="ga" pos="X">ga</wf>
         <wf lemma="je" pos="X">je</wf>
         <instance id="d000.s2897.t000" lemma="zainteresirati" pos="VERB">zainteresiralo</instance>
         <wf lemma="." pos="X">.</wf>
      </sentence>
      <sentence id="d000.s2898" source="wordnet-croatian">
         <wf lemma="Pravi" pos="X">Pravi</wf>
         <instance id="d000.s2898.t000" lemma="znalac" pos="NOUN">znalci</instance>
         <wf lemma="mogu" pos="X">mogu</wf>
         <wf lemma="raspoznati" pos="X">raspoznati</wf>
         <wf lemma="kopiju" pos="X">kopiju</wf>
         <wf lemma="slike" pos="X">slike</wf>
         <wf lemma="od" pos="X">od</wf>
         <wf lemma="originala" pos="X">originala</wf>
         <wf lemma="." pos="X">.</wf>
      </sentence>
      <sentence id="d000.s2899" source="wordnet-croatian">
         <wf lemma="Zvuk" pos="X">Zvuk</wf>
         <instance id="d000.s2899.t000" lemma="flauta" pos="NOUN">flaute</instance>
         <wf lemma="odlično" pos="X">odlično</wf>
         <wf lemma="se" pos="X">se</wf>
         <wf lemma="uklopio" pos="X">uklopio</wf>
         <wf lemma="u" pos="X">u</wf>
         <wf lemma="skladbu" pos="X">skladbu</wf>
         <wf lemma="." pos="X">.</wf>
      </sentence>
      <sentence id="d000.s2900" source="wordnet-croatian">
         <wf lemma="Za" pos="X">Za</wf>
         <wf lemma="čišćenje" pos="X">čišćenje</wf>
         <wf lemma="kuhinjskih" pos="X">kuhinjskih</wf>
         <instance id="d000.s2900.t000" lemma="površina" pos="NOUN">površina</instance>
         <wf lemma="najbolja" pos="X">najbolja</wf>
         <wf lemma="je" pos="X">je</wf>
         <wf lemma="topla" pos="X">topla</wf>
         <wf lemma="voda" pos="X">voda</wf>
         <wf lemma="." pos="X">.</wf>
      </sentence>
      <sentence id="d000.s2901" source="wordnet-croatian">
         <wf lemma="Obično" pos="X">Obično</wf>
         <wf lemma="se" pos="X">se</wf>
         <wf lemma="pjevaju" pos="X">pjevaju</wf>
         <wf lemma="samo" pos="X">samo</wf>
         <wf lemma="prve" pos="X">prve</wf>
         <wf lemma="dvije" pos="X">dvije</wf>
         <instance id="d000.s2901.t000" lemma="strofa" pos="NOUN">strofe</instance>
         <wf lemma="hrvatske" pos="X">hrvatske</wf>
         <wf lemma="himne" pos="X">himne</wf>
         <wf lemma="." pos="X">.</wf>
      </sentence>
      <sentence id="d000.s2902" source="wordnet-croatian">
         <wf lemma="Odlaganje" pos="X">Odlaganje</wf>
         <instance id="d000.s2902.t000" lemma="plastika" pos="NOUN">plastike</instance>
         <wf lemma="veliki" pos="X">veliki</wf>
         <wf lemma="je" pos="X">je</wf>
         <wf lemma="problem" pos="X">problem</wf>
         <wf lemma="zbog" pos="X">zbog</wf>
         <wf lemma="spore" pos="X">spore</wf>
         <wf lemma="brzine" pos="X">brzine</wf>
         <wf lemma="njenog" pos="X">njenog</wf>
         <wf lemma="raspadanja" pos="X">raspadanja</wf>
         <wf lemma="." pos="X">.</wf>
      </sentence>
      <sentence id="d000.s2903" source="wordnet-croatian">
         <wf lemma="Seljani" pos="X">Seljani</wf>
         <wf lemma="su" pos="X">su</wf>
         <wf lemma="obavili" pos="X">obavili</wf>
         <instance id="d000.s2903.t000" lemma="distribucija" pos="NOUN">distribuciju</instance>
         <wf lemma="dobara" pos="X">dobara</wf>
         <wf lemma="." pos="X">.</wf>
      </sentence>
      <sentence id="d000.s2904" source="wordnet-croatian">
         <wf lemma="Val" pos="X">Val</wf>
         <instance id="d000.s2904.t000" lemma="emigracija" pos="NOUN">emigracija</instance>
         <wf lemma="pogodio" pos="X">pogodio</wf>
         <wf lemma="je" pos="X">je</wf>
         <wf lemma="Hrvatsku" pos="X">Hrvatsku</wf>
         <wf lemma="zbog" pos="X">zbog</wf>
         <wf lemma="peronospore" pos="X">peronospore</wf>
         <wf lemma="." pos="X">.</wf>
      </sentence>
      <sentence id="d000.s2905" source="wordnet-croatian">
         <wf lemma="U" pos="X">U</wf>
         <wf lemma="zadnje" pos="X">zadnje</wf>
         <wf lemma="vrijeme" pos="X">vrijeme</wf>
         <wf lemma="bavi" pos="X">bavi</wf>
         <wf lemma="se" pos="X">se</wf>
         <instance id="d000.s2905.t000" lemma="partonimija" pos="NOUN">partonimijom</instance>
         <wf lemma="." pos="X">.</wf>
      </sentence>
      <sentence id="d000.s2906" source="wordnet-croatian">
         <wf lemma="Za" pos="X">Za</wf>
         <wf lemma="zimske" pos="X">zimske</wf>
         <wf lemma="uvjete" pos="X">uvjete</wf>
         <wf lemma="dobro" pos="X">dobro</wf>
         <wf lemma="je" pos="X">je</wf>
         <wf lemma="imati" pos="X">imati</wf>
         <wf lemma="auto" pos="X">auto</wf>
         <wf lemma="s" pos="X">s</wf>
         <instance id="d000.s2906.t000" lemma="pogon" pos="NOUN">pogonom</instance>
         <wf lemma="na" pos="X">na</wf>
         <wf lemma="četiri" pos="X">četiri</wf>
         <wf lemma="kotača" pos="X">kotača</wf>
         <wf lemma="." pos="X">.</wf>
      </sentence>
      <sentence id="d000.s2907" source="wordnet-croatian">
         <wf lemma="Njegovim" pos="X">Njegovim</wf>
         <wf lemma="herojskim" pos="X">herojskim</wf>
         <wf lemma="činom" pos="X">činom</wf>
         <wf lemma="spašeni" pos="X">spašeni</wf>
         <wf lemma="su" pos="X">su</wf>
         <wf lemma="mnogi" pos="X">mnogi</wf>
         <instance id="d000.s2907.t000" lemma="život" pos="NOUN">životi</instance>
         <wf lemma="." pos="X">.</wf>
      </sentence>
      <sentence id="d000.s2908" source="wordnet-croatian">
         <wf lemma="Sumnjam" pos="X">Sumnjam</wf>
         <wf lemma="da" pos="X">da</wf>
         <wf lemma="će" pos="X">će</wf>
         <wf lemma="se" pos="X">se</wf>
         <wf lemma="njezina" pos="X">njezina</wf>
         <instance id="d000.s2908.t000" lemma="kći" pos="NOUN">kći</instance>
         <wf lemma="brinuti" pos="X">brinuti</wf>
         <wf lemma="o" pos="X">o</wf>
         <wf lemma="njoj" pos="X">njoj</wf>
         <wf lemma="u" pos="X">u</wf>
         <wf lemma="staroj" pos="X">staroj</wf>
         <wf lemma="dobi" pos="X">dobi</wf>
         <wf lemma="." pos="X">.</wf>
      </sentence>
      <sentence id="d000.s2909" source="wordnet-croatian">
         <wf lemma="Volim" pos="X">Volim</wf>
         <instance id="d000.s2909.t000" lemma="promatrati" pos="VERB">promatrati</instance>
         <wf lemma="ptice" pos="X">ptice</wf>
         <wf lemma="u" pos="X">u</wf>
         <wf lemma="letu" pos="X">letu</wf>
         <wf lemma="." pos="X">.</wf>
      </sentence>
      <sentence id="d000.s2910" source="wordnet-croatian">
         <instance id="d000.s2910.t000" lemma="stanovanje" pos="NOUN">Stanovanje</instance>
         <wf lemma="u" pos="X">u</wf>
         <wf lemma="Zagrebu" pos="X">Zagrebu</wf>
         <wf lemma="skuplje" pos="X">skuplje</wf>
         <wf lemma="je" pos="X">je</wf>
         <wf lemma="od" pos="X">od</wf>
         <wf lemma="života" pos="X">života</wf>
         <wf lemma="na" pos="X">na</wf>
         <wf lemma="selu" pos="X">selu</wf>
         <wf lemma="." pos="X">.</wf>
      </sentence>
      <sentence id="d000.s2911" source="wordnet-croatian">
         <wf lemma="Imao" pos="X">Imao</wf>
         <wf lemma="je" pos="X">je</wf>
         <instance id="d000.s2911.t000" lemma="nagao" pos="ADJ">naglu</instance>
         <wf lemma="ćud" pos="X">ćud</wf>
         <wf lemma="," pos="X">,</wf>
         <wf lemma="razljutio" pos="X">razljutio</wf>
         <wf lemma="bi" pos="X">bi</wf>
         <wf lemma="se" pos="X">se</wf>
         <wf lemma="zbog" pos="X">zbog</wf>
         <wf lemma="gluposti" pos="X">gluposti</wf>
         <wf lemma="." pos="X">.</wf>
      </sentence>
      <sentence id="d000.s2912" source="wordnet-croatian">
         <wf lemma="Amerika" pos="X">Amerika</wf>
         <wf lemma="neće" pos="X">neće</wf>
         <wf lemma="dozvoliti" pos="X">dozvoliti</wf>
         <instance id="d000.s2912.t000" lemma="upad" pos="NOUN">upade</instance>
         <wf lemma="Palestinaca" pos="X">Palestinaca</wf>
         <wf lemma="na" pos="X">na</wf>
         <wf lemma="izraelski" pos="X">izraelski</wf>
         <wf lemma="teritorij" pos="X">teritorij</wf>
         <wf lemma="." pos="X">.</wf>
      </sentence>
      <sentence id="d000.s2913" source="wordnet-croatian">
         <wf lemma="Bio" pos="X">Bio</wf>
         <wf lemma="je" pos="X">je</wf>
         <instance id="d000.s2913.t000" lemma="vruć" pos="ADJ">vruć</instance>
         <wf lemma="ljetni" pos="X">ljetni</wf>
         <wf lemma="dan" pos="X">dan</wf>
         <wf lemma="." pos="X">.</wf>
      </sentence>
      <sentence id="d000.s2914" source="wordnet-croatian">
         <wf lemma="Naša" pos="X">Naša</wf>
         <wf lemma="se" pos="X">se</wf>
         <instance id="d000.s2914.t000" lemma="poslovnica" pos="NOUN">poslovnica</instance>
         <wf lemma="nalazi" pos="X">nalazi</wf>
         <wf lemma="u" pos="X">u</wf>
         <wf lemma="Savskoj" pos="X">Savskoj</wf>
         <wf lemma="ulici" pos="X">ulici</wf>
         <wf lemma="." pos="X">.</wf>
      </sentence>
      <sentence id="d000.s2915" source="wordnet-croatian">
         <wf lemma="Udžbenik" pos="X">Udžbenik</wf>
         <wf lemma="je" pos="X">je</wf>
         <wf lemma="bio" pos="X">bio</wf>
         <wf lemma="prepun" pos="X">prepun</wf>
         <wf lemma="poučnih" pos="X">poučnih</wf>
         <instance id="d000.s2915.t000" lemma="ilustracija" pos="NOUN">ilustracija</instance>
         <wf lemma="." pos="X">.</wf>
      </sentence>
      <sentence id="d000.s2916" source="wordnet-croatian">
         <wf lemma="Petkom" pos="X">Petkom</wf>
         <wf lemma="obično" pos="X">obično</wf>
         <wf lemma="jedemo" pos="X">jedemo</wf>
         <instance id="d000.s2916.t000" lemma="riba" pos="NOUN">ribu</instance>
         <wf lemma="." pos="X">.</wf>
      </sentence>
      <sentence id="d000.s2917" source="wordnet-croatian">
         <wf lemma="Tlak" pos="X">Tlak</wf>
         <wf lemma="zraka" pos="X">zraka</wf>
         <wf lemma="je" pos="X">je</wf>
         <wf lemma="jučer" pos="X">jučer</wf>
         <wf lemma="naglo" pos="X">naglo</wf>
         <instance id="d000.s2917.t000" lemma="opasti" pos="VERB">opao</instance>
         <wf lemma="zbog" pos="X">zbog</wf>
         <wf lemma="južine" pos="X">južine</wf>
         <wf lemma="." pos="X">.</wf>
      </sentence>
      <sentence id="d000.s2918" source="wordnet-croatian">
         <wf lemma="Kompjutorski" pos="X">Kompjutorski</wf>
         <instance id="d000.s2918.t000" lemma="terminal" pos="NOUN">terminal</instance>
         <wf lemma="obično" pos="X">obično</wf>
         <wf lemma="se" pos="X">se</wf>
         <wf lemma="pri" pos="X">pri</wf>
         <wf lemma="čitanju" pos="X">čitanju</wf>
         <wf lemma="nalazi" pos="X">nalazi</wf>
         <wf lemma="dalje" pos="X">dalje</wf>
         <wf lemma="od" pos="X">od</wf>
         <wf lemma="knjige" pos="X">knjige</wf>
         <wf lemma="pa" pos="X">pa</wf>
         <wf lemma="se" pos="X">se</wf>
         <wf lemma="očni" pos="X">očni</wf>
         <wf lemma="mišić" pos="X">mišić</wf>
         <wf lemma="mora" pos="X">mora</wf>
         <wf lemma="jače" pos="X">jače</wf>
         <wf lemma="naprezati" pos="X">naprezati</wf>
         <wf lemma="." pos="X">.</wf>
      </sentence>
      <sentence id="d000.s2919" source="wordnet-croatian">
         <wf lemma="Iz" pos="X">Iz</wf>
         <wf lemma="kuhinje" pos="X">kuhinje</wf>
         <wf lemma="se" pos="X">se</wf>
         <wf lemma="širio" pos="X">širio</wf>
         <instance id="d000.s2919.t000" lemma="miris" pos="NOUN">miris</instance>
         <wf lemma="svježe" pos="X">svježe</wf>
         <wf lemma="pečenih" pos="X">pečenih</wf>
         <wf lemma="kolača" pos="X">kolača</wf>
         <wf lemma="." pos="X">.</wf>
      </sentence>
      <sentence id="d000.s2920" source="wordnet-croatian">
         <wf lemma="Moj" pos="X">Moj</wf>
         <instance id="d000.s2920.t000" lemma="partner" pos="NOUN">partner</instance>
         <wf lemma="i" pos="X">i</wf>
         <wf lemma="ja" pos="X">ja</wf>
         <wf lemma="uvijek" pos="X">uvijek</wf>
         <wf lemma="skupa" pos="X">skupa</wf>
         <wf lemma="ljetujemo" pos="X">ljetujemo</wf>
         <wf lemma="." pos="X">.</wf>
      </sentence>
      <sentence id="d000.s2921" source="wordnet-croatian">
         <wf lemma="Možemo" pos="X">Možemo</wf>
         <wf lemma="li" pos="X">li</wf>
         <instance id="d000.s2921.t000" lemma="kampirati" pos="VERB">kampirati</instance>
         <wf lemma="u" pos="X">u</wf>
         <wf lemma="planinama" pos="X">planinama</wf>
         <wf lemma="ovo" pos="X">ovo</wf>
         <wf lemma="ljeto" pos="X">ljeto</wf>
         <wf lemma="?" pos="X">?</wf>
      </sentence>
      <sentence id="d000.s2922" source="wordnet-croatian">
         <wf lemma="Njegova" pos="X">Njegova</wf>
         <wf lemma="snažna" pos="X">snažna</wf>
         <instance id="d000.s2922.t000" lemma="ljubav" pos="NOUN">ljubav</instance>
         <wf lemma="prema" pos="X">prema</wf>
         <wf lemma="Marici" pos="X">Marici</wf>
         <wf lemma="bila" pos="X">bila</wf>
         <wf lemma="je" pos="X">je</wf>
         <wf lemma="pomalo" pos="X">pomalo</wf>
         <wf lemma="divna" pos="X">divna</wf>
         <wf lemma="." pos="X">.</wf>
      </sentence>
      <sentence id="d000.s2923" source="wordnet-croatian">
         <wf lemma="Moj" pos="X">Moj</wf>
         <wf lemma="sin" pos="X">sin</wf>
         <wf lemma="mi" pos="X">mi</wf>
         <wf lemma="je" pos="X">je</wf>
         <instance id="d000.s2923.t000" lemma="razbacati" pos="VERB">razbacao</instance>
         <wf lemma="sve" pos="X">sve</wf>
         <wf lemma="papire" pos="X">papire</wf>
         <wf lemma="sa" pos="X">sa</wf>
         <wf lemma="stola" pos="X">stola</wf>
         <wf lemma="." pos="X">.</wf>
      </sentence>
      <sentence id="d000.s2924" source="wordnet-croatian">
         <wf lemma="Popravila" pos="X">Popravila</wf>
         <wf lemma="je" pos="X">je</wf>
         <instance id="d000.s2924.t000" lemma="nabor" pos="NOUN">nabore</instance>
         <wf lemma="na" pos="X">na</wf>
         <wf lemma="haljini" pos="X">haljini</wf>
         <wf lemma="i" pos="X">i</wf>
         <wf lemma="ušla" pos="X">ušla</wf>
         <wf lemma="u" pos="X">u</wf>
         <wf lemma="prostoriju" pos="X">prostoriju</wf>
         <wf lemma="." pos="X">.</wf>
      </sentence>
      <sentence id="d000.s2925" source="wordnet-croatian">
         <wf lemma="Uvijek" pos="X">Uvijek</wf>
         <wf lemma="je" pos="X">je</wf>
         <wf lemma="teško" pos="X">teško</wf>
         <wf lemma="uloviti" pos="X">uloviti</wf>
         <wf lemma="radni" pos="X">radni</wf>
         <wf lemma="ritam" pos="X">ritam</wf>
         <wf lemma="u" pos="X">u</wf>
         <instance id="d000.s2925.t000" lemma="ponedjeljak" pos="NOUN">ponedjeljak</instance>
         <wf lemma="ujutro" pos="X">ujutro</wf>
         <wf lemma="." pos="X">.</wf>
      </sentence>
      <sentence id="d000.s2926" source="wordnet-croatian">
         <wf lemma="Na" pos="X">Na</wf>
         <instance id="d000.s2926.t000" lemma="površina" pos="NOUN">površini</instance>
         <wf lemma="alata" pos="X">alata</wf>
         <wf lemma="bile" pos="X">bile</wf>
         <wf lemma="su" pos="X">su</wf>
         <wf lemma="vidljive" pos="X">vidljive</wf>
         <wf lemma="ogrebotine" pos="X">ogrebotine</wf>
         <wf lemma="od" pos="X">od</wf>
         <wf lemma="česte" pos="X">česte</wf>
         <wf lemma="uporabe" pos="X">uporabe</wf>
         <wf lemma="." pos="X">.</wf>
      </sentence>
      <sentence id="d000.s2927" source="wordnet-croatian">
         <instance id="d000.s2927.t000" lemma="ponuda" pos="NOUN">Ponuda</instance>
         <wf lemma="u" pos="X">u</wf>
         <wf lemma="dućanu" pos="X">dućanu</wf>
         <wf lemma="u" pos="X">u</wf>
         <wf lemma="našoj" pos="X">našoj</wf>
         <wf lemma="zgradi" pos="X">zgradi</wf>
         <wf lemma="bila" pos="X">bila</wf>
         <wf lemma="je" pos="X">je</wf>
         <wf lemma="skromna" pos="X">skromna</wf>
         <wf lemma="." pos="X">.</wf>
      </sentence>
      <sentence id="d000.s2928" source="wordnet-croatian">
         <wf lemma="Nisu" pos="X">Nisu</wf>
         <wf lemma="mi" pos="X">mi</wf>
         <instance id="d000.s2928.t000" lemma="dodijeliti" pos="VERB">dodijeljena</instance>
         <wf lemma="dovoljna" pos="X">dovoljna</wf>
         <wf lemma="sredstva" pos="X">sredstva</wf>
         <wf lemma="pa" pos="X">pa</wf>
         <wf lemma="sam" pos="X">sam</wf>
         <wf lemma="odustao" pos="X">odustao</wf>
         <wf lemma="od" pos="X">od</wf>
         <wf lemma="projekta" pos="X">projekta</wf>
         <wf lemma="." pos="X">.</wf>
      </sentence>
      <sentence id="d000.s2929" source="wordnet-croatian">
         <wf lemma="Nikada" pos="X">Nikada</wf>
         <wf lemma="nije" pos="X">nije</wf>
         <wf lemma="mogao" pos="X">mogao</wf>
         <wf lemma="pojmiti" pos="X">pojmiti</wf>
         <wf lemma="klanjanje" pos="X">klanjanje</wf>
         <instance id="d000.s2929.t000" lemma="bog" pos="NOUN">bogovima</instance>
         <wf lemma="." pos="X">.</wf>
      </sentence>
      <sentence id="d000.s2930" source="wordnet-croatian">
         <wf lemma="Prije" pos="X">Prije</wf>
         <wf lemma="puta" pos="X">puta</wf>
         <wf lemma="na" pos="X">na</wf>
         <wf lemma="more" pos="X">more</wf>
         <wf lemma="uvijek" pos="X">uvijek</wf>
         <instance id="d000.s2930.t000" lemma="nakrcati" pos="VERB">nakrcamo</instance>
         <wf lemma="auto" pos="X">auto</wf>
         <wf lemma="prtljagom" pos="X">prtljagom</wf>
         <wf lemma="." pos="X">.</wf>
      </sentence>
      <sentence id="d000.s2931" source="wordnet-croatian">
         <wf lemma="Carinik" pos="X">Carinik</wf>
         <wf lemma="je" pos="X">je</wf>
         <instance id="d000.s2931.t000" lemma="pregledati" pos="VERB">pregledao</instance>
         <wf lemma="svu" pos="X">svu</wf>
         <wf lemma="moju" pos="X">moju</wf>
         <wf lemma="prtljagu" pos="X">prtljagu</wf>
         <wf lemma="." pos="X">.</wf>
      </sentence>
      <sentence id="d000.s2932" source="wordnet-croatian">
         <wf lemma="Bivši" pos="X">Bivši</wf>
         <wf lemma="pripadnici" pos="X">pripadnici</wf>
         <wf lemma="brigade" pos="X">brigade</wf>
         <wf lemma="prisustvovali" pos="X">prisustvovali</wf>
         <wf lemma="su" pos="X">su</wf>
         <wf lemma="mimohodu" pos="X">mimohodu</wf>
         <wf lemma="u" pos="X">u</wf>
         <instance id="d000.s2932.t000" lemma="civil" pos="NOUN">civilu</instance>
         <wf lemma="." pos="X">.</wf>
      </sentence>
      <sentence id="d000.s2933" source="wordnet-croatian">
         <wf lemma="Krađa" pos="X">Krađa</wf>
         <wf lemma="je" pos="X">je</wf>
         <wf lemma="kažnjivo" pos="X">kažnjivo</wf>
         <instance id="d000.s2933.t000" lemma="djelo" pos="NOUN">djelo</instance>
         <wf lemma="." pos="X">.</wf>
      </sentence>
      <sentence id="d000.s2934" source="wordnet-croatian">
         <wf lemma="Nikad" pos="X">Nikad</wf>
         <wf lemma="mi" pos="X">mi</wf>
         <wf lemma="nije" pos="X">nije</wf>
         <wf lemma="išlo" pos="X">išlo</wf>
         <instance id="d000.s2934.t000" lemma="hvatanje" pos="NOUN">hvatanje</instance>
         <wf lemma="lopte" pos="X">lopte</wf>
         <wf lemma="u" pos="X">u</wf>
         <wf lemma="graničaru" pos="X">graničaru</wf>
         <wf lemma="." pos="X">.</wf>
      </sentence>
      <sentence id="d000.s2935" source="wordnet-croatian">
         <wf lemma="Jako" pos="X">Jako</wf>
         <wf lemma="volim" pos="X">volim</wf>
         <instance id="d000.s2935.t000" lemma="ležati" pos="VERB">ležati</instance>
         <wf lemma="na" pos="X">na</wf>
         <wf lemma="kauču" pos="X">kauču</wf>
         <wf lemma="." pos="X">.</wf>
      </sentence>
      <sentence id="d000.s2936" source="wordnet-croatian">
         <instance id="d000.s2936.t000" lemma="praksa" pos="NOUN">Praksa</instance>
         <wf lemma="je" pos="X">je</wf>
         <wf lemma="takva" pos="X">takva</wf>
         <wf lemma="da" pos="X">da</wf>
         <wf lemma="se" pos="X">se</wf>
         <wf lemma="svi" pos="X">svi</wf>
         <wf lemma="izuvaju" pos="X">izuvaju</wf>
         <wf lemma="na" pos="X">na</wf>
         <wf lemma="ulasku" pos="X">ulasku</wf>
         <wf lemma="u" pos="X">u</wf>
         <wf lemma="prostoriju" pos="X">prostoriju</wf>
         <wf lemma="." pos="X">.</wf>
      </sentence>
      <sentence id="d000.s2937" source="wordnet-croatian">
         <wf lemma="U" pos="X">U</wf>
         <wf lemma="pučkoj" pos="X">pučkoj</wf>
         <wf lemma="se" pos="X">se</wf>
         <instance id="d000.s2937.t000" lemma="škola" pos="NOUN">školi</instance>
         <wf lemma="uči" pos="X">uči</wf>
         <wf lemma="čitati" pos="X">čitati</wf>
         <wf lemma="i" pos="X">i</wf>
         <wf lemma="pisati" pos="X">pisati</wf>
         <wf lemma="." pos="X">.</wf>
      </sentence>
      <sentence id="d000.s2938" source="wordnet-croatian">
         <wf lemma="Molim" pos="X">Molim</wf>
         <wf lemma="te" pos="X">te</wf>
         <wf lemma="," pos="X">,</wf>
         <instance id="d000.s2938.t000" lemma="podići" pos="VERB">podigni</instance>
         <wf lemma="knjige" pos="X">knjige</wf>
         <wf lemma="na" pos="X">na</wf>
         <wf lemma="gornju" pos="X">gornju</wf>
         <wf lemma="policu" pos="X">policu</wf>
         <wf lemma="." pos="X">.</wf>
      </sentence>
      <sentence id="d000.s2939" source="wordnet-croatian">
         <wf lemma="Svi" pos="X">Svi</wf>
         <wf lemma="smo" pos="X">smo</wf>
         <wf lemma="mi" pos="X">mi</wf>
         <wf lemma="Božja" pos="X">Božja</wf>
         <instance id="d000.s2939.t000" lemma="stvorenje" pos="NOUN">stvorenja</instance>
         <wf lemma="." pos="X">.</wf>
      </sentence>
      <sentence id="d000.s2940" source="wordnet-croatian">
         <wf lemma="Potres" pos="X">Potres</wf>
         <wf lemma="je" pos="X">je</wf>
         <instance id="d000.s2940.t000" lemma="uzrokovati" pos="VERB">uzrokovao</instance>
         <wf lemma="mnoge" pos="X">mnoge</wf>
         <wf lemma="štete" pos="X">štete</wf>
         <wf lemma="." pos="X">.</wf>
      </sentence>
      <sentence id="d000.s2941" source="wordnet-croatian">
         <wf lemma="Često" pos="X">Često</wf>
         <wf lemma="je" pos="X">je</wf>
         <wf lemma="nosio" pos="X">nosio</wf>
         <instance id="d000.s2941.t000" lemma="mokasina" pos="NOUN">mokasine</instance>
         <wf lemma="jer" pos="X">jer</wf>
         <wf lemma="su" pos="X">su</wf>
         <wf lemma="bile" pos="X">bile</wf>
         <wf lemma="vrlo" pos="X">vrlo</wf>
         <wf lemma="udobne" pos="X">udobne</wf>
         <wf lemma="," pos="X">,</wf>
         <wf lemma="pogotov" pos="X">pogotov</wf>
         <wf lemma="za" pos="X">za</wf>
         <wf lemma="dulje" pos="X">dulje</wf>
         <wf lemma="hodanje" pos="X">hodanje</wf>
         <wf lemma="." pos="X">.</wf>
      </sentence>
      <sentence id="d000.s2942" source="wordnet-croatian">
         <wf lemma="Zakonski" pos="X">Zakonski</wf>
         <instance id="d000.s2942.t000" lemma="akt" pos="NOUN">akti</instance>
         <wf lemma="Vlade" pos="X">Vlade</wf>
         <wf lemma="začudili" pos="X">začudili</wf>
         <wf lemma="su" pos="X">su</wf>
         <wf lemma="novinare" pos="X">novinare</wf>
         <wf lemma="." pos="X">.</wf>
      </sentence>
      <sentence id="d000.s2943" source="wordnet-croatian">
         <wf lemma="Odnedavno" pos="X">Odnedavno</wf>
         <wf lemma="su" pos="X">su</wf>
         <wf lemma="u" pos="X">u</wf>
         <wf lemma="prodaji" pos="X">prodaji</wf>
         <wf lemma="automobili" pos="X">automobili</wf>
         <wf lemma="prilagođeni" pos="X">prilagođeni</wf>
         <wf lemma="za" pos="X">za</wf>
         <wf lemma="pogon" pos="X">pogon</wf>
         <wf lemma="na" pos="X">na</wf>
         <instance id="d000.s2943.t000" lemma="gazohol" pos="NOUN">gazohol</instance>
         <wf lemma="." pos="X">.</wf>
      </sentence>
      <sentence id="d000.s2944" source="wordnet-croatian">
         <wf lemma="Svaki" pos="X">Svaki</wf>
         <wf lemma="dan" pos="X">dan</wf>
         <instance id="d000.s2944.t000" lemma="ići" pos="VERB">idem</instance>
         <wf lemma="autom" pos="X">autom</wf>
         <wf lemma="na" pos="X">na</wf>
         <wf lemma="posao" pos="X">posao</wf>
         <wf lemma="." pos="X">.</wf>
      </sentence>
      <sentence id="d000.s2945" source="wordnet-croatian">
         <wf lemma="Uljene" pos="X">Uljene</wf>
         <instance id="d000.s2945.t000" lemma="boja" pos="NOUN">boje</instance>
         <wf lemma="omiljena" pos="X">omiljena</wf>
         <wf lemma="su" pos="X">su</wf>
         <wf lemma="tehnika" pos="X">tehnika</wf>
         <wf lemma="impresionističkih" pos="X">impresionističkih</wf>
         <wf lemma="slikara" pos="X">slikara</wf>
         <wf lemma="." pos="X">.</wf>
      </sentence>
      <sentence id="d000.s2946" source="wordnet-croatian">
         <wf lemma="Umjesto" pos="X">Umjesto</wf>
         <wf lemma="mantije" pos="X">mantije</wf>
         <wf lemma="preuzeo" pos="X">preuzeo</wf>
         <wf lemma="je" pos="X">je</wf>
         <wf lemma="političarsko" pos="X">političarsko</wf>
         <instance id="d000.s2946.t000" lemma="ruho" pos="NOUN">ruho</instance>
         <wf lemma="." pos="X">.</wf>
      </sentence>
      <sentence id="d000.s2947" source="wordnet-croatian">
         <wf lemma="On" pos="X">On</wf>
         <wf lemma="je" pos="X">je</wf>
         <wf lemma="bio" pos="X">bio</wf>
         <wf lemma="moj" pos="X">moj</wf>
         <wf lemma="najboji" pos="X">najboji</wf>
         <instance id="d000.s2947.t000" lemma="prijatelj" pos="NOUN">prijatelj</instance>
         <wf lemma="tijekom" pos="X">tijekom</wf>
         <wf lemma="studija" pos="X">studija</wf>
         <wf lemma="." pos="X">.</wf>
      </sentence>
      <sentence id="d000.s2948" source="wordnet-croatian">
         <wf lemma="Znanstvenici" pos="X">Znanstvenici</wf>
         <wf lemma="pokušavaju" pos="X">pokušavaju</wf>
         <wf lemma="otkriti" pos="X">otkriti</wf>
         <wf lemma="postoji" pos="X">postoji</wf>
         <wf lemma="li" pos="X">li</wf>
         <instance id="d000.s2948.t000" lemma="veza" pos="NOUN">veza</instance>
         <wf lemma="između" pos="X">između</wf>
         <wf lemma="smanjenja" pos="X">smanjenja</wf>
         <wf lemma="inteligencije" pos="X">inteligencije</wf>
         <wf lemma="i" pos="X">i</wf>
         <wf lemma="starenja" pos="X">starenja</wf>
         <wf lemma="." pos="X">.</wf>
      </sentence>
      <sentence id="d000.s2949" source="wordnet-croatian">
         <wf lemma="Svaki" pos="X">Svaki</wf>
         <instance id="d000.s2949.t000" lemma="arbitar" pos="NOUN">arbitar</instance>
         <wf lemma="mora" pos="X">mora</wf>
         <wf lemma="biti" pos="X">biti</wf>
         <wf lemma="nepristran" pos="X">nepristran</wf>
         <wf lemma="pri" pos="X">pri</wf>
         <wf lemma="donošenju" pos="X">donošenju</wf>
         <wf lemma="odluka" pos="X">odluka</wf>
         <wf lemma="." pos="X">.</wf>
      </sentence>
      <sentence id="d000.s2950" source="wordnet-croatian">
         <wf lemma="Huligani" pos="X">Huligani</wf>
         <wf lemma="su" pos="X">su</wf>
         <wf lemma="poderali" pos="X">poderali</wf>
         <wf lemma="sve" pos="X">sve</wf>
         <wf lemma="reklamne" pos="X">reklamne</wf>
         <instance id="d000.s2950.t000" lemma="plakat" pos="NOUN">plakate</instance>
         <wf lemma="na" pos="X">na</wf>
         <wf lemma="kolodvoru" pos="X">kolodvoru</wf>
         <wf lemma="." pos="X">.</wf>
      </sentence>
      <sentence id="d000.s2951" source="wordnet-croatian">
         <wf lemma="Na" pos="X">Na</wf>
         <wf lemma="svojoj" pos="X">svojoj</wf>
         <instance id="d000.s2951.t000" lemma="parcela" pos="NOUN">parceli</instance>
         <wf lemma="zasadio" pos="X">zasadio</wf>
         <wf lemma="je" pos="X">je</wf>
         <wf lemma="krumpire" pos="X">krumpire</wf>
         <wf lemma="." pos="X">.</wf>
      </sentence>
      <sentence id="d000.s2952" source="wordnet-croatian">
         <wf lemma="Moja" pos="X">Moja</wf>
         <instance id="d000.s2952.t000" lemma="kćerka" pos="NOUN">kćerka</instance>
         <wf lemma="se" pos="X">se</wf>
         <wf lemma="jako" pos="X">jako</wf>
         <wf lemma="dobro" pos="X">dobro</wf>
         <wf lemma="brine" pos="X">brine</wf>
         <wf lemma="o" pos="X">o</wf>
         <wf lemma="vlastitom" pos="X">vlastitom</wf>
         <wf lemma="kućanstvu" pos="X">kućanstvu</wf>
         <wf lemma="." pos="X">.</wf>
      </sentence>
      <sentence id="d000.s2953" source="wordnet-croatian">
         <wf lemma="Poništena" pos="X">Poništena</wf>
         <wf lemma="je" pos="X">je</wf>
         <instance id="d000.s2953.t000" lemma="presuda" pos="NOUN">presuda</instance>
         <wf lemma="potplaćenog" pos="X">potplaćenog</wf>
         <wf lemma="suca" pos="X">suca</wf>
         <wf lemma="." pos="X">.</wf>
      </sentence>
      <sentence id="d000.s2954" source="wordnet-croatian">
         <wf lemma="Uvijek" pos="X">Uvijek</wf>
         <wf lemma="sam" pos="X">sam</wf>
         <wf lemma="smatrala" pos="X">smatrala</wf>
         <wf lemma="da" pos="X">da</wf>
         <wf lemma="je" pos="X">je</wf>
         <instance id="d000.s2954.t000" lemma="potezanje" pos="NOUN">potezanje</instance>
         <wf lemma="za" pos="X">za</wf>
         <wf lemma="pletenice" pos="X">pletenice</wf>
         <wf lemma="nepristojno" pos="X">nepristojno</wf>
         <wf lemma="." pos="X">.</wf>
      </sentence>
      <sentence id="d000.s2955" source="wordnet-croatian">
         <wf lemma="Urednik" pos="X">Urednik</wf>
         <wf lemma="je" pos="X">je</wf>
         <instance id="d000.s2955.t000" lemma="popraviti" pos="VERB">popravio</instance>
         <wf lemma="prethodnu" pos="X">prethodnu</wf>
         <wf lemma="inačicu" pos="X">inačicu</wf>
         <wf lemma="knjige" pos="X">knjige</wf>
         <wf lemma="mnogim" pos="X">mnogim</wf>
         <wf lemma="komentarima" pos="X">komentarima</wf>
         <wf lemma="." pos="X">.</wf>
      </sentence>
      <sentence id="d000.s2956" source="wordnet-croatian">
         <wf lemma="Šef" pos="X">Šef</wf>
         <wf lemma="mafije" pos="X">mafije</wf>
         <instance id="d000.s2956.t000" lemma="utjecajan" pos="ADJ">utjecajan</instance>
         <wf lemma="je" pos="X">je</wf>
         <wf lemma="čovjek" pos="X">čovjek</wf>
         <wf lemma="u" pos="X">u</wf>
         <wf lemma="mome" pos="X">mome</wf>
         <wf lemma="selu" pos="X">selu</wf>
         <wf lemma="." pos="X">.</wf>
      </sentence>
      <sentence id="d000.s2957" source="wordnet-croatian">
         <wf lemma="Znanstvenik" pos="X">Znanstvenik</wf>
         <wf lemma="je" pos="X">je</wf>
         <wf lemma="održao" pos="X">održao</wf>
         <instance id="d000.s2957.t000" lemma="predavanje" pos="NOUN">predavanje</instance>
         <wf lemma="na" pos="X">na</wf>
         <wf lemma="temu" pos="X">temu</wf>
         <wf lemma="etičnosti" pos="X">etičnosti</wf>
         <wf lemma="u" pos="X">u</wf>
         <wf lemma="istraživanjima" pos="X">istraživanjima</wf>
         <wf lemma="." pos="X">.</wf>
      </sentence>
      <sentence id="d000.s2958" source="wordnet-croatian">
         <instance id="d000.s2958.t000" lemma="sušilica" pos="NOUN">Sušilica</instance>
         <wf lemma="za" pos="X">za</wf>
         <wf lemma="rublje" pos="X">rublje</wf>
         <wf lemma="troši" pos="X">troši</wf>
         <wf lemma="puno" pos="X">puno</wf>
         <wf lemma="struje" pos="X">struje</wf>
         <wf lemma="." pos="X">.</wf>
      </sentence>
      <sentence id="d000.s2959" source="wordnet-croatian">
         <wf lemma="Ušla" pos="X">Ušla</wf>
         <wf lemma="je" pos="X">je</wf>
         <wf lemma="u" pos="X">u</wf>
         <instance id="d000.s2959.t000" lemma="kritičan" pos="ADJ">kritičnu</instance>
         <wf lemma="fazu" pos="X">fazu</wf>
         <wf lemma="bolesti" pos="X">bolesti</wf>
         <wf lemma="." pos="X">.</wf>
      </sentence>
      <sentence id="d000.s2960" source="wordnet-croatian">
         <wf lemma="Liječnik" pos="X">Liječnik</wf>
         <wf lemma="joj" pos="X">joj</wf>
         <wf lemma="je" pos="X">je</wf>
         <wf lemma="potvrdio" pos="X">potvrdio</wf>
         <wf lemma="da" pos="X">da</wf>
         <instance id="d000.s2960.t000" lemma="nositi" pos="VERB">nosi</instance>
         <wf lemma="blizance" pos="X">blizance</wf>
         <wf lemma="." pos="X">.</wf>
      </sentence>
      <sentence id="d000.s2961" source="wordnet-croatian">
         <wf lemma="Ispusni" pos="X">Ispusni</wf>
         <instance id="d000.s2961.t000" lemma="otvor" pos="NOUN">otvor</instance>
         <wf lemma="za" pos="X">za</wf>
         <wf lemma="kavu" pos="X">kavu</wf>
         <wf lemma="prilagođen" pos="X">prilagođen</wf>
         <wf lemma="je" pos="X">je</wf>
         <wf lemma="šalicama" pos="X">šalicama</wf>
         <wf lemma="svih" pos="X">svih</wf>
         <wf lemma="visina" pos="X">visina</wf>
         <wf lemma="." pos="X">.</wf>
      </sentence>
      <sentence id="d000.s2962" source="wordnet-croatian">
         <wf lemma="Kićenost" pos="X">Kićenost</wf>
         <wf lemma="je" pos="X">je</wf>
         <wf lemma="jedno" pos="X">jedno</wf>
         <wf lemma="od" pos="X">od</wf>
         <wf lemma="glavnih" pos="X">glavnih</wf>
         <instance id="d000.s2962.t000" lemma="obilježje" pos="NOUN">obilježja</instance>
         <wf lemma="baroka" pos="X">baroka</wf>
         <wf lemma="." pos="X">.</wf>
      </sentence>
      <sentence id="d000.s2963" source="wordnet-croatian">
         <wf lemma="Prije" pos="X">Prije</wf>
         <wf lemma="transfuzije" pos="X">transfuzije</wf>
         <wf lemma="mora" pos="X">mora</wf>
         <wf lemma="biti" pos="X">biti</wf>
         <wf lemma="provedena" pos="X">provedena</wf>
         <wf lemma="pozitivna" pos="X">pozitivna</wf>
         <instance id="d000.s2963.t000" lemma="identifikacija" pos="NOUN">identifikacija</instance>
         <wf lemma="bolesnika" pos="X">bolesnika</wf>
         <wf lemma="." pos="X">.</wf>
      </sentence>
      <sentence id="d000.s2964" source="wordnet-croatian">
         <wf lemma="U" pos="X">U</wf>
         <wf lemma="tom" pos="X">tom</wf>
         <wf lemma="su" pos="X">su</wf>
         <wf lemma="zatvorskom" pos="X">zatvorskom</wf>
         <instance id="d000.s2964.t000" lemma="blok" pos="NOUN">bloku</instance>
         <wf lemma="bili" pos="X">bili</wf>
         <wf lemma="višestruki" pos="X">višestruki</wf>
         <wf lemma="ubojice" pos="X">ubojice</wf>
         <wf lemma="." pos="X">.</wf>
      </sentence>
      <sentence id="d000.s2965" source="wordnet-croatian">
         <wf lemma="Cijelom" pos="X">Cijelom</wf>
         <wf lemma="cestom" pos="X">cestom</wf>
         <wf lemma="bili" pos="X">bili</wf>
         <wf lemma="su" pos="X">su</wf>
         <wf lemma="postavljeni" pos="X">postavljeni</wf>
         <wf lemma="znakovi" pos="X">znakovi</wf>
         <wf lemma="za" pos="X">za</wf>
         <instance id="d000.s2965.t000" lemma="opasnost" pos="NOUN">opasnost</instance>
         <wf lemma="." pos="X">.</wf>
      </sentence>
      <sentence id="d000.s2966" source="wordnet-croatian">
         <wf lemma="Roditeljima" pos="X">Roditeljima</wf>
         <wf lemma="često" pos="X">često</wf>
         <wf lemma="manjka" pos="X">manjka</wf>
         <instance id="d000.s2966.t000" lemma="objektivnost" pos="NOUN">objektivnosti</instance>
         <wf lemma="kad" pos="X">kad</wf>
         <wf lemma="su" pos="X">su</wf>
         <wf lemma="u" pos="X">u</wf>
         <wf lemma="pitanju" pos="X">pitanju</wf>
         <wf lemma="njihova" pos="X">njihova</wf>
         <wf lemma="djeca" pos="X">djeca</wf>
         <wf lemma="." pos="X">.</wf>
      </sentence>
      <sentence id="d000.s2967" source="wordnet-croatian">
         <wf lemma="Ovoj" pos="X">Ovoj</wf>
         <wf lemma="je" pos="X">je</wf>
         <instance id="d000.s2967.t000" lemma="šalica" pos="NOUN">šalici</instance>
         <wf lemma="slomljena" pos="X">slomljena</wf>
         <wf lemma="ručka" pos="X">ručka</wf>
         <wf lemma="." pos="X">.</wf>
      </sentence>
      <sentence id="d000.s2968" source="wordnet-croatian">
         <wf lemma="Psi" pos="X">Psi</wf>
         <wf lemma="su" pos="X">su</wf>
         <instance id="d000.s2968.t000" lemma="lajati" pos="VERB">lajali</instance>
         <wf lemma="cijelu" pos="X">cijelu</wf>
         <wf lemma="noć" pos="X">noć</wf>
         <wf lemma="u" pos="X">u</wf>
         <wf lemma="selu" pos="X">selu</wf>
         <wf lemma="." pos="X">.</wf>
      </sentence>
      <sentence id="d000.s2969" source="wordnet-croatian">
         <wf lemma="Nije" pos="X">Nije</wf>
         <wf lemma="mogla" pos="X">mogla</wf>
         <wf lemma="pratiti" pos="X">pratiti</wf>
         <instance id="d000.s2969.t000" lemma="gestikulacija" pos="NOUN">gestikulaciju</instance>
         <wf lemma="osoba" pos="X">osoba</wf>
         <wf lemma="koje" pos="X">koje</wf>
         <wf lemma="su" pos="X">su</wf>
         <wf lemma="se" pos="X">se</wf>
         <wf lemma="sporazumijevale" pos="X">sporazumijevale</wf>
         <wf lemma="znakovnim" pos="X">znakovnim</wf>
         <wf lemma="jezikom" pos="X">jezikom</wf>
         <wf lemma="." pos="X">.</wf>
      </sentence>
      <sentence id="d000.s2970" source="wordnet-croatian">
         <wf lemma="Još" pos="X">Još</wf>
         <wf lemma="nije" pos="X">nije</wf>
         <wf lemma="dokazana" pos="X">dokazana</wf>
         <instance id="d000.s2970.t000" lemma="djelotvornost" pos="NOUN">djelotvornost</instance>
         <wf lemma="novog" pos="X">novog</wf>
         <wf lemma="lijeka" pos="X">lijeka</wf>
         <wf lemma="protiv" pos="X">protiv</wf>
         <wf lemma="HIV-a" pos="X">HIV-a</wf>
         <wf lemma="." pos="X">.</wf>
      </sentence>
      <sentence id="d000.s2971" source="wordnet-croatian">
         <wf lemma="U" pos="X">U</wf>
         <wf lemma="vrtiću" pos="X">vrtiću</wf>
         <wf lemma="se" pos="X">se</wf>
         <wf lemma="djeca" pos="X">djeca</wf>
         <wf lemma="uče" pos="X">uče</wf>
         <wf lemma="samostalno" pos="X">samostalno</wf>
         <instance id="d000.s2971.t000" lemma="oblačiti" pos="VERB">oblačiti</instance>
         <wf lemma="." pos="X">.</wf>
      </sentence>
      <sentence id="d000.s2972" source="wordnet-croatian">
         <wf lemma="Nikako" pos="X">Nikako</wf>
         <wf lemma="nije" pos="X">nije</wf>
         <wf lemma="mogla" pos="X">mogla</wf>
         <wf lemma="shvatiti" pos="X">shvatiti</wf>
         <instance id="d000.s2972.t000" lemma="recipročnost" pos="NOUN">recipročnost</instance>
         <wf lemma="svojih" pos="X">svojih</wf>
         <wf lemma="osjećaja" pos="X">osjećaja</wf>
         <wf lemma="." pos="X">.</wf>
      </sentence>
      <sentence id="d000.s2973" source="wordnet-croatian">
         <instance id="d000.s2973.t000" lemma="zločin" pos="NOUN">Zločine</instance>
         <wf lemma="treba" pos="X">treba</wf>
         <wf lemma="sustavno" pos="X">sustavno</wf>
         <wf lemma="kažnjavati" pos="X">kažnjavati</wf>
         <wf lemma="." pos="X">.</wf>
      </sentence>
      <sentence id="d000.s2974" source="wordnet-croatian">
         <wf lemma="Pored" pos="X">Pored</wf>
         <wf lemma="šećera" pos="X">šećera</wf>
         <wf lemma="i" pos="X">i</wf>
         <wf lemma="kiselina" pos="X">kiselina</wf>
         <wf lemma="u" pos="X">u</wf>
         <wf lemma="sazrijevanju" pos="X">sazrijevanju</wf>
         <wf lemma="mošta" pos="X">mošta</wf>
         <wf lemma="i" pos="X">i</wf>
         <wf lemma="vina" pos="X">vina</wf>
         <wf lemma="važnu" pos="X">važnu</wf>
         <wf lemma="ulogu" pos="X">ulogu</wf>
         <wf lemma="imaju" pos="X">imaju</wf>
         <instance id="d000.s2974.t000" lemma="ferment" pos="NOUN">fermenti</instance>
         <wf lemma="," pos="X">,</wf>
         <wf lemma="vitamini" pos="X">vitamini</wf>
         <wf lemma="i" pos="X">i</wf>
         <wf lemma="minerali" pos="X">minerali</wf>
         <wf lemma="." pos="X">.</wf>
      </sentence>
      <sentence id="d000.s2975" source="wordnet-croatian">
         <wf lemma="Prekrasni" pos="X">Prekrasni</wf>
         <instance id="d000.s2975.t000" lemma="zvuk" pos="NOUN">zvukovi</instance>
         <wf lemma="dopirali" pos="X">dopirali</wf>
         <wf lemma="su" pos="X">su</wf>
         <wf lemma="iz" pos="X">iz</wf>
         <wf lemma="njegove" pos="X">njegove</wf>
         <wf lemma="frulice" pos="X">frulice</wf>
         <wf lemma="." pos="X">.</wf>
      </sentence>
      <sentence id="d000.s2976" source="wordnet-croatian">
         <wf lemma="Morat" pos="X">Morat</wf>
         <wf lemma="ćemo" pos="X">ćemo</wf>
         <wf lemma="kupiti" pos="X">kupiti</wf>
         <wf lemma="novu" pos="X">novu</wf>
         <instance id="d000.s2976.t000" lemma="fotokopirka" pos="NOUN">fotokopirku</instance>
         <wf lemma="jer" pos="X">jer</wf>
         <wf lemma="nam" pos="X">nam</wf>
         <wf lemma="se" pos="X">se</wf>
         <wf lemma="stara" pos="X">stara</wf>
         <wf lemma="stalno" pos="X">stalno</wf>
         <wf lemma="kvari" pos="X">kvari</wf>
         <wf lemma="." pos="X">.</wf>
      </sentence>
      <sentence id="d000.s2977" source="wordnet-croatian">
         <instance id="d000.s2977.t000" lemma="veranda" pos="NOUN">Veranda</instance>
         <wf lemma="je" pos="X">je</wf>
         <wf lemma="bila" pos="X">bila</wf>
         <wf lemma="puna" pos="X">puna</wf>
         <wf lemma="lončanica" pos="X">lončanica</wf>
         <wf lemma="u" pos="X">u</wf>
         <wf lemma="cvatu" pos="X">cvatu</wf>
         <wf lemma="." pos="X">.</wf>
      </sentence>
      <sentence id="d000.s2978" source="wordnet-croatian">
         <instance id="d000.s2978.t000" lemma="misliti" pos="VERB">Mislim</instance>
         <wf lemma="da" pos="X">da</wf>
         <wf lemma="sjajno" pos="X">sjajno</wf>
         <wf lemma="zarađuje" pos="X">zarađuje</wf>
         <wf lemma="na" pos="X">na</wf>
         <wf lemma="uzgoju" pos="X">uzgoju</wf>
         <wf lemma="šljiva" pos="X">šljiva</wf>
         <wf lemma="i" pos="X">i</wf>
         <wf lemma="prodaji" pos="X">prodaji</wf>
         <wf lemma="šljivovice" pos="X">šljivovice</wf>
         <wf lemma="." pos="X">.</wf>
      </sentence>
      <sentence id="d000.s2979" source="wordnet-croatian">
         <instance id="d000.s2979.t000" lemma="prijenos" pos="NOUN">Prijenos</instance>
         <wf lemma="s" pos="X">s</wf>
         <wf lemma="Marsa" pos="X">Marsa</wf>
         <wf lemma="kasni" pos="X">kasni</wf>
         <wf lemma="oko" pos="X">oko</wf>
         <wf lemma="7" pos="X">7</wf>
         <wf lemma="minuta" pos="X">minuta</wf>
         <wf lemma="." pos="X">.</wf>
      </sentence>
      <sentence id="d000.s2980" source="wordnet-croatian">
         <wf lemma="Stavi" pos="X">Stavi</wf>
         <wf lemma="na" pos="X">na</wf>
         <instance id="d000.s2980.t000" lemma="tanjur" pos="NOUN">tanjur</instance>
         <wf lemma="onoliko" pos="X">onoliko</wf>
         <wf lemma="koliko" pos="X">koliko</wf>
         <wf lemma="možeš" pos="X">možeš</wf>
         <wf lemma="pojesti" pos="X">pojesti</wf>
         <wf lemma="." pos="X">.</wf>
      </sentence>
      <sentence id="d000.s2981" source="wordnet-croatian">
         <instance id="d000.s2981.t000" lemma="uvoz" pos="NOUN">Uvoz</instance>
         <wf lemma="jeftine" pos="X">jeftine</wf>
         <wf lemma="radne" pos="X">radne</wf>
         <wf lemma="snage" pos="X">snage</wf>
         <wf lemma="naštetit" pos="X">naštetit</wf>
         <wf lemma="će" pos="X">će</wf>
         <wf lemma="domaćim" pos="X">domaćim</wf>
         <wf lemma="radnicima" pos="X">radnicima</wf>
         <wf lemma="." pos="X">.</wf>
      </sentence>
      <sentence id="d000.s2982" source="wordnet-croatian">
         <wf lemma="Iako" pos="X">Iako</wf>
         <wf lemma="su" pos="X">su</wf>
         <wf lemma="koristili" pos="X">koristili</wf>
         <instance id="d000.s2982.t000" lemma="zaštita" pos="NOUN">zaštitu</instance>
         <wf lemma="," pos="X">,</wf>
         <wf lemma="ostala" pos="X">ostala</wf>
         <wf lemma="je" pos="X">je</wf>
         <wf lemma="trudna" pos="X">trudna</wf>
         <wf lemma="." pos="X">.</wf>
      </sentence>
      <sentence id="d000.s2983" source="wordnet-croatian">
         <instance id="d000.s2983.t000" lemma="otvor" pos="NOUN">Otvor</instance>
         <wf lemma="je" pos="X">je</wf>
         <wf lemma="bio" pos="X">bio</wf>
         <wf lemma="preuzak" pos="X">preuzak</wf>
         <wf lemma="za" pos="X">za</wf>
         <wf lemma="njegovo" pos="X">njegovo</wf>
         <wf lemma="široko" pos="X">široko</wf>
         <wf lemma="stopalo" pos="X">stopalo</wf>
         <wf lemma="." pos="X">.</wf>
      </sentence>
      <sentence id="d000.s2984" source="wordnet-croatian">
         <wf lemma="Mirko" pos="X">Mirko</wf>
         <wf lemma="dobro" pos="X">dobro</wf>
         <instance id="d000.s2984.t000" lemma="napredovati" pos="VERB">napreduje</instance>
         <wf lemma="u" pos="X">u</wf>
         <wf lemma="školi" pos="X">školi</wf>
         <wf lemma="." pos="X">.</wf>
      </sentence>
      <sentence id="d000.s2985" source="wordnet-croatian">
         <wf lemma="Istraživanja" pos="X">Istraživanja</wf>
         <wf lemma="pokazuju" pos="X">pokazuju</wf>
         <wf lemma="da" pos="X">da</wf>
         <wf lemma="oko" pos="X">oko</wf>
         <wf lemma="80%" pos="X">80%</wf>
         <wf lemma="žena" pos="X">žena</wf>
         <wf lemma="nosi" pos="X">nosi</wf>
         <instance id="d000.s2985.t000" lemma="grudnjak" pos="NOUN">grudnjak</instance>
         <wf lemma="pogrešne" pos="X">pogrešne</wf>
         <wf lemma="veličine" pos="X">veličine</wf>
         <wf lemma="." pos="X">.</wf>
      </sentence>
      <sentence id="d000.s2986" source="wordnet-croatian">
         <wf lemma="Njezin" pos="X">Njezin</wf>
         <wf lemma="je" pos="X">je</wf>
         <instance id="d000.s2986.t000" lemma="izgled" pos="NOUN">izgled</instance>
         <wf lemma="odavao" pos="X">odavao</wf>
         <wf lemma="njezinu" pos="X">njezinu</wf>
         <wf lemma="nesigurnost" pos="X">nesigurnost</wf>
         <wf lemma="." pos="X">.</wf>
      </sentence>
      <sentence id="d000.s2987" source="wordnet-croatian">
         <instance id="d000.s2987.t000" lemma="glumljenje" pos="NOUN">Glumljenje</instance>
         <wf lemma="teških" pos="X">teških</wf>
         <wf lemma="životnih" pos="X">životnih</wf>
         <wf lemma="situacija" pos="X">situacija</wf>
         <wf lemma="najbolje" pos="X">najbolje</wf>
         <wf lemma="joj" pos="X">joj</wf>
         <wf lemma="je" pos="X">je</wf>
         <wf lemma="uspijevalo" pos="X">uspijevalo</wf>
         <wf lemma="." pos="X">.</wf>
      </sentence>
      <sentence id="d000.s2988" source="wordnet-croatian">
         <wf lemma="Gornja" pos="X">Gornja</wf>
         <wf lemma="je" pos="X">je</wf>
         <instance id="d000.s2988.t000" lemma="površina" pos="NOUN">površina</instance>
         <wf lemma="jezika" pos="X">jezika</wf>
         <wf lemma="hrapava" pos="X">hrapava</wf>
         <wf lemma="." pos="X">.</wf>
      </sentence>
      <sentence id="d000.s2989" source="wordnet-croatian">
         <wf lemma="Tvoj" pos="X">Tvoj</wf>
         <instance id="d000.s2989.t000" lemma="odabir" pos="NOUN">odabir</instance>
         <wf lemma="boja" pos="X">boja</wf>
         <wf lemma="je" pos="X">je</wf>
         <wf lemma="loš" pos="X">loš</wf>
         <wf lemma="." pos="X">.</wf>
      </sentence>
      <sentence id="d000.s2990" source="wordnet-croatian">
         <instance id="d000.s2990.t000" lemma="uzeti" pos="VERB">Uzet</instance>
         <wf lemma="ću" pos="X">ću</wf>
         <wf lemma="ti" pos="X">ti</wf>
         <wf lemma="ovu" pos="X">ovu</wf>
         <wf lemma="bilježnicu" pos="X">bilježnicu</wf>
         <wf lemma="." pos="X">.</wf>
      </sentence>
      <sentence id="d000.s2991" source="wordnet-croatian">
         <wf lemma="Opalio" pos="X">Opalio</wf>
         <wf lemma="je" pos="X">je</wf>
         <wf lemma="iz" pos="X">iz</wf>
         <instance id="d000.s2991.t000" lemma="puška" pos="NOUN">puške</instance>
         <wf lemma="," pos="X">,</wf>
         <wf lemma="ali" pos="X">ali</wf>
         <wf lemma="je" pos="X">je</wf>
         <wf lemma="promašio" pos="X">promašio</wf>
         <wf lemma="lovinu" pos="X">lovinu</wf>
         <wf lemma="." pos="X">.</wf>
      </sentence>
      <sentence id="d000.s2992" source="wordnet-croatian">
         <wf lemma="Svatko" pos="X">Svatko</wf>
         <wf lemma="tko" pos="X">tko</wf>
         <wf lemma="se" pos="X">se</wf>
         <wf lemma="prijavljuje" pos="X">prijavljuje</wf>
         <wf lemma="na" pos="X">na</wf>
         <wf lemma="natječaj" pos="X">natječaj</wf>
         <wf lemma="za" pos="X">za</wf>
         <wf lemma="posao" pos="X">posao</wf>
         <wf lemma="mora" pos="X">mora</wf>
         <wf lemma="ispunjavati" pos="X">ispunjavati</wf>
         <instance id="d000.s2992.t000" lemma="opći" pos="ADJ">opće</instance>
         <wf lemma="uvjete" pos="X">uvjete</wf>
         <wf lemma="." pos="X">.</wf>
      </sentence>
      <sentence id="d000.s2993" source="wordnet-croatian">
         <wf lemma="U" pos="X">U</wf>
         <wf lemma="razredu" pos="X">razredu</wf>
         <wf lemma="je" pos="X">je</wf>
         <wf lemma="vladalo" pos="X">vladalo</wf>
         <wf lemma="uzbuđenje" pos="X">uzbuđenje</wf>
         <wf lemma="jer" pos="X">jer</wf>
         <wf lemma="smo" pos="X">smo</wf>
         <wf lemma="secirali" pos="X">secirali</wf>
         <wf lemma="žabu" pos="X">žabu</wf>
         <instance id="d000.s2993.t000" lemma="skalpel" pos="NOUN">skalpelom</instance>
         <wf lemma="." pos="X">.</wf>
      </sentence>
      <sentence id="d000.s2994" source="wordnet-croatian">
         <wf lemma="Glavna" pos="X">Glavna</wf>
         <instance id="d000.s2994.t000" lemma="nagrada" pos="NOUN">nagrada</instance>
         <wf lemma="kviza" pos="X">kviza</wf>
         <wf lemma="bio" pos="X">bio</wf>
         <wf lemma="je" pos="X">je</wf>
         <wf lemma="put" pos="X">put</wf>
         <wf lemma="oko" pos="X">oko</wf>
         <wf lemma="svijeta" pos="X">svijeta</wf>
         <wf lemma="." pos="X">.</wf>
      </sentence>
      <sentence id="d000.s2995" source="wordnet-croatian">
         <wf lemma="Koji" pos="X">Koji</wf>
         <wf lemma="sve" pos="X">sve</wf>
         <instance id="d000.s2995.t000" lemma="konstituent" pos="NOUN">konstituenti</instance>
         <wf lemma="čine" pos="X">čine</wf>
         <wf lemma="ovu" pos="X">ovu</wf>
         <wf lemma="cjelinu" pos="X">cjelinu</wf>
         <wf lemma="?" pos="X">?</wf>
      </sentence>
      <sentence id="d000.s2996" source="wordnet-croatian">
         <wf lemma="Bio" pos="X">Bio</wf>
         <wf lemma="je" pos="X">je</wf>
         <wf lemma="to" pos="X">to</wf>
         <wf lemma="ključni" pos="X">ključni</wf>
         <instance id="d000.s2996.t000" lemma="faktor" pos="NOUN">faktor</instance>
         <wf lemma="njezina" pos="X">njezina</wf>
         <wf lemma="uspjeha" pos="X">uspjeha</wf>
         <wf lemma="." pos="X">.</wf>
      </sentence>
      <sentence id="d000.s2997" source="wordnet-croatian">
         <wf lemma="Neke" pos="X">Neke</wf>
         <wf lemma="mlade" pos="X">mlade</wf>
         <wf lemma="žene" pos="X">žene</wf>
         <wf lemma="misle" pos="X">misle</wf>
         <wf lemma="da" pos="X">da</wf>
         <wf lemma="nikada" pos="X">nikada</wf>
         <wf lemma="neće" pos="X">neće</wf>
         <wf lemma="zasnovati" pos="X">zasnovati</wf>
         <instance id="d000.s2997.t000" lemma="obitelj" pos="NOUN">obitelj</instance>
         <wf lemma="." pos="X">.</wf>
      </sentence>
      <sentence id="d000.s2998" source="wordnet-croatian">
         <wf lemma="U" pos="X">U</wf>
         <wf lemma="muzeju" pos="X">muzeju</wf>
         <wf lemma="su" pos="X">su</wf>
         <wf lemma="bili" pos="X">bili</wf>
         <wf lemma="izloženi" pos="X">izloženi</wf>
         <wf lemma="viteški" pos="X">viteški</wf>
         <instance id="d000.s2998.t000" lemma="oklop" pos="NOUN">oklopi</instance>
         <wf lemma="." pos="X">.</wf>
      </sentence>
      <sentence id="d000.s2999" source="wordnet-croatian">
         <instance id="d000.s2999.t000" lemma="čovječnost" pos="NOUN">čovječnost</instance>
         <wf lemma="se" pos="X">se</wf>
         <wf lemma="mjeri" pos="X">mjeri</wf>
         <wf lemma="odnosom" pos="X">odnosom</wf>
         <wf lemma="prema" pos="X">prema</wf>
         <wf lemma="trećima" pos="X">trećima</wf>
         <wf lemma="." pos="X">.</wf>
      </sentence>
      <sentence id="d000.s3000" source="wordnet-croatian">
         <instance id="d000.s3000.t000" lemma="nakrivljenje" pos="NOUN">Nakrivljenje</instance>
         <wf lemma="stoljetnog" pos="X">stoljetnog</wf>
         <wf lemma="hrasta" pos="X">hrasta</wf>
         <wf lemma="ugrozilo" pos="X">ugrozilo</wf>
         <wf lemma="je" pos="X">je</wf>
         <wf lemma="obližnje" pos="X">obližnje</wf>
         <wf lemma="kuće" pos="X">kuće</wf>
         <wf lemma="." pos="X">.</wf>
      </sentence>
      <sentence id="d000.s3001" source="wordnet-croatian">
         <wf lemma="Imao" pos="X">Imao</wf>
         <wf lemma="je" pos="X">je</wf>
         <instance id="d000.s3001.t000" lemma="vertikalan" pos="ADJ">vertikalan</instance>
         <wf lemma="prijelom" pos="X">prijelom</wf>
         <wf lemma="ruke" pos="X">ruke</wf>
         <wf lemma="." pos="X">.</wf>
      </sentence>
      <sentence id="d000.s3002" source="wordnet-croatian">
         <wf lemma="Morao" pos="X">Morao</wf>
         <wf lemma="je" pos="X">je</wf>
         <wf lemma="promijeniti" pos="X">promijeniti</wf>
         <wf lemma="gume" pos="X">gume</wf>
         <wf lemma="na" pos="X">na</wf>
         <instance id="d000.s3002.t000" lemma="kotač" pos="NOUN">kotačima</instance>
         <wf lemma="." pos="X">.</wf>
      </sentence>
      <sentence id="d000.s3003" source="wordnet-croatian">
         <wf lemma="Iako" pos="X">Iako</wf>
         <wf lemma="su" pos="X">su</wf>
         <wf lemma="bili" pos="X">bili</wf>
         <wf lemma="veliki" pos="X">veliki</wf>
         <wf lemma="prijatelji" pos="X">prijatelji</wf>
         <wf lemma="," pos="X">,</wf>
         <wf lemma="svaka" pos="X">svaka</wf>
         <wf lemma="je" pos="X">je</wf>
         <wf lemma="njihova" pos="X">njihova</wf>
         <wf lemma="utrka" pos="X">utrka</wf>
         <wf lemma="bila" pos="X">bila</wf>
         <wf lemma="pravo" pos="X">pravo</wf>
         <instance id="d000.s3003.t000" lemma="nadmetanje" pos="NOUN">nadmetanje</instance>
         <wf lemma="." pos="X">.</wf>
      </sentence>
      <sentence id="d000.s3004" source="wordnet-croatian">
         <wf lemma="U" pos="X">U</wf>
         <wf lemma="svijetu" pos="X">svijetu</wf>
         <wf lemma="Maja" pos="X">Maja</wf>
         <wf lemma="pronađeno" pos="X">pronađeno</wf>
         <wf lemma="je" pos="X">je</wf>
         <wf lemma="nekoliko" pos="X">nekoliko</wf>
         <wf lemma="kamenih" pos="X">kamenih</wf>
         <instance id="d000.s3004.t000" lemma="sfera" pos="NOUN">sfera</instance>
         <wf lemma="različite" pos="X">različite</wf>
         <wf lemma="veličine" pos="X">veličine</wf>
         <wf lemma="." pos="X">.</wf>
      </sentence>
      <sentence id="d000.s3005" source="wordnet-croatian">
         <instance id="d000.s3005.t000" lemma="stric" pos="NOUN">Stric</instance>
         <wf lemma="Ante" pos="X">Ante</wf>
         <wf lemma="često" pos="X">često</wf>
         <wf lemma="je" pos="X">je</wf>
         <wf lemma="svraćao" pos="X">svraćao</wf>
         <wf lemma="kod" pos="X">kod</wf>
         <wf lemma="nas" pos="X">nas</wf>
         <wf lemma="." pos="X">.</wf>
      </sentence>
      <sentence id="d000.s3006" source="wordnet-croatian">
         <instance id="d000.s3006.t000" lemma="okretanje" pos="NOUN">Okretanje</instance>
         <wf lemma="planeta" pos="X">planeta</wf>
         <wf lemma="idem" pos="X">idem</wf>
         <wf lemma="promatrati" pos="X">promatrati</wf>
         <wf lemma="u" pos="X">u</wf>
         <wf lemma="planetarij." pos="X">planetarij.</wf>
      </sentence>
      <sentence id="d000.s3007" source="wordnet-croatian">
         <instance id="d000.s3007.t000" lemma="rotacija" pos="NOUN">Rotacija</instance>
         <wf lemma="zemlje" pos="X">zemlje</wf>
         <wf lemma="je" pos="X">je</wf>
         <wf lemma="neprestana" pos="X">neprestana</wf>
         <wf lemma="." pos="X">.</wf>
      </sentence>
      <sentence id="d000.s3008" source="wordnet-croatian">
         <instance id="d000.s3008.t000" lemma="provesti" pos="VERB">Proveli</instance>
         <wf lemma="smo" pos="X">smo</wf>
         <wf lemma="žice" pos="X">žice</wf>
         <wf lemma="po" pos="X">po</wf>
         <wf lemma="cijeloj" pos="X">cijeloj</wf>
         <wf lemma="kući" pos="X">kući</wf>
         <wf lemma="." pos="X">.</wf>
      </sentence>
      <sentence id="d000.s3009" source="wordnet-croatian">
         <instance id="d000.s3009.t000" lemma="ugledan" pos="ADJ">Ugledni</instance>
         <wf lemma="profesor" pos="X">profesor</wf>
         <wf lemma="gostuje" pos="X">gostuje</wf>
         <wf lemma="na" pos="X">na</wf>
         <wf lemma="našem" pos="X">našem</wf>
         <wf lemma="fakultetu" pos="X">fakultetu</wf>
         <wf lemma="sljedeći" pos="X">sljedeći</wf>
         <wf lemma="tjedan" pos="X">tjedan</wf>
         <wf lemma="." pos="X">.</wf>
      </sentence>
      <sentence id="d000.s3010" source="wordnet-croatian">
         <wf lemma="Naš" pos="X">Naš</wf>
         <wf lemma="lokalni" pos="X">lokalni</wf>
         <wf lemma="dućan" pos="X">dućan</wf>
         <wf lemma="po" pos="X">po</wf>
         <wf lemma="zahtjevu" pos="X">zahtjevu</wf>
         <instance id="d000.s3010.t000" lemma="dopremati" pos="VERB">doprema</instance>
         <wf lemma="robu" pos="X">robu</wf>
         <wf lemma="na" pos="X">na</wf>
         <wf lemma="kućnu" pos="X">kućnu</wf>
         <wf lemma="adresu" pos="X">adresu</wf>
         <wf lemma="." pos="X">.</wf>
      </sentence>
      <sentence id="d000.s3011" source="wordnet-croatian">
         <wf lemma="Loše" pos="X">Loše</wf>
         <wf lemma="radno" pos="X">radno</wf>
         <wf lemma="okruženje" pos="X">okruženje</wf>
         <wf lemma="stvaralo" pos="X">stvaralo</wf>
         <wf lemma="mu" pos="X">mu</wf>
         <wf lemma="je" pos="X">je</wf>
         <instance id="d000.s3011.t000" lemma="neprilika" pos="NOUN">neprilike</instance>
         <wf lemma="." pos="X">.</wf>
      </sentence>
      <sentence id="d000.s3012" source="wordnet-croatian">
         <instance id="d000.s3012.t000" lemma="visak" pos="NOUN">Visak</instance>
         <wf lemma="se" pos="X">se</wf>
         <wf lemma="," pos="X">,</wf>
         <wf lemma="osim" pos="X">osim</wf>
         <wf lemma="za" pos="X">za</wf>
         <wf lemma="određivanje" pos="X">određivanje</wf>
         <wf lemma="vertikale" pos="X">vertikale</wf>
         <wf lemma="," pos="X">,</wf>
         <wf lemma="koristi" pos="X">koristi</wf>
         <wf lemma="i" pos="X">i</wf>
         <wf lemma="u" pos="X">u</wf>
         <wf lemma="radiesteziji" pos="X">radiesteziji</wf>
         <wf lemma="." pos="X">.</wf>
      </sentence>
      <sentence id="d000.s3013" source="wordnet-croatian">
         <wf lemma="Dubrovnik" pos="X">Dubrovnik</wf>
         <wf lemma="je" pos="X">je</wf>
         <wf lemma="stoljećima" pos="X">stoljećima</wf>
         <wf lemma="bio" pos="X">bio</wf>
         <instance id="d000.s3013.t000" lemma="slobodan" pos="ADJ">slobodna</instance>
         <wf lemma="republika" pos="X">republika</wf>
         <wf lemma="." pos="X">.</wf>
      </sentence>
      <sentence id="d000.s3014" source="wordnet-croatian">
         <wf lemma="Nikad" pos="X">Nikad</wf>
         <wf lemma="ne" pos="X">ne</wf>
         <wf lemma="bih" pos="X">bih</wf>
         <wf lemma="mogla" pos="X">mogla</wf>
         <wf lemma="biti" pos="X">biti</wf>
         <instance id="d000.s3014.t000" lemma="surogat-majka" pos="NOUN">surogat-majka</instance>
         <wf lemma="." pos="X">.</wf>
      </sentence>
      <sentence id="d000.s3015" source="wordnet-croatian">
         <instance id="d000.s3015.t000" lemma="učenje" pos="NOUN">Učenje</instance>
         <wf lemma="drugog" pos="X">drugog</wf>
         <wf lemma="jezika" pos="X">jezika</wf>
         <wf lemma="dugotrajan" pos="X">dugotrajan</wf>
         <wf lemma="je" pos="X">je</wf>
         <wf lemma="proces" pos="X">proces</wf>
         <wf lemma="." pos="X">.</wf>
      </sentence>
      <sentence id="d000.s3016" source="wordnet-croatian">
         <wf lemma="Ne" pos="X">Ne</wf>
         <wf lemma="smijemo" pos="X">smijemo</wf>
         <instance id="d000.s3016.t000" lemma="dopustiti" pos="VERB">dopustiti</instance>
         <wf lemma="vranama" pos="X">vranama</wf>
         <wf lemma="da" pos="X">da</wf>
         <wf lemma="nam" pos="X">nam</wf>
         <wf lemma="unište" pos="X">unište</wf>
         <wf lemma="usjeve" pos="X">usjeve</wf>
         <wf lemma="." pos="X">.</wf>
      </sentence>
      <sentence id="d000.s3017" source="wordnet-croatian">
         <wf lemma="Dijete" pos="X">Dijete</wf>
         <wf lemma="bi" pos="X">bi</wf>
         <wf lemma="joj" pos="X">joj</wf>
         <wf lemma="uvijek" pos="X">uvijek</wf>
         <wf lemma="zaspalo" pos="X">zaspalo</wf>
         <wf lemma="u" pos="X">u</wf>
         <instance id="d000.s3017.t000" lemma="nosiljka" pos="NOUN">nosiljci</instance>
         <wf lemma="." pos="X">.</wf>
      </sentence>
      <sentence id="d000.s3018" source="wordnet-croatian">
         <wf lemma="Ona" pos="X">Ona</wf>
         <wf lemma="satima" pos="X">satima</wf>
         <instance id="d000.s3018.t000" lemma="šetati" pos="VERB">šeta</instance>
         <wf lemma="svoje" pos="X">svoje</wf>
         <wf lemma="pse" pos="X">pse</wf>
         <wf lemma="." pos="X">.</wf>
      </sentence>
      <sentence id="d000.s3019" source="wordnet-croatian">
         <wf lemma="Marko" pos="X">Marko</wf>
         <wf lemma="je" pos="X">je</wf>
         <instance id="d000.s3019.t000" lemma="zaboraviti" pos="VERB">zaboravio</instance>
         <wf lemma="kišobran" pos="X">kišobran</wf>
         <wf lemma="u" pos="X">u</wf>
         <wf lemma="resotoranu" pos="X">resotoranu</wf>
         <wf lemma="." pos="X">.</wf>
      </sentence>
      <sentence id="d000.s3020" source="wordnet-croatian">
         <wf lemma="Časopis" pos="X">Časopis</wf>
         <wf lemma="mu" pos="X">mu</wf>
         <wf lemma="je" pos="X">je</wf>
         <instance id="d000.s3020.t000" lemma="odbiti" pos="VERB">odbio</instance>
         <wf lemma="članak" pos="X">članak</wf>
         <wf lemma="." pos="X">.</wf>
      </sentence>
      <sentence id="d000.s3021" source="wordnet-croatian">
         <wf lemma="Država" pos="X">Država</wf>
         <wf lemma="bi" pos="X">bi</wf>
         <wf lemma="jače" pos="X">jače</wf>
         <wf lemma="trebala" pos="X">trebala</wf>
         <instance id="d000.s3021.t000" lemma="nadzirati" pos="VERB">nadzirati</instance>
         <wf lemma="svoje" pos="X">svoje</wf>
         <wf lemma="granice" pos="X">granice</wf>
         <wf lemma="." pos="X">.</wf>
      </sentence>
      <sentence id="d000.s3022" source="wordnet-croatian">
         <wf lemma="Otkrio" pos="X">Otkrio</wf>
         <wf lemma="je" pos="X">je</wf>
         <wf lemma="rukopis" pos="X">rukopis</wf>
         <instance id="d000.s3022.t000" lemma="nejasan" pos="ADJ">nejasna</instance>
         <wf lemma="porijekla" pos="X">porijekla</wf>
         <wf lemma="." pos="X">.</wf>
      </sentence>
      <sentence id="d000.s3023" source="wordnet-croatian">
         <wf lemma="Tko" pos="X">Tko</wf>
         <wf lemma="trenutno" pos="X">trenutno</wf>
         <instance id="d000.s3023.t000" lemma="vladati" pos="VERB">vlada</instance>
         <wf lemma="tom" pos="X">tom</wf>
         <wf lemma="zemljom" pos="X">zemljom</wf>
         <wf lemma="?" pos="X">?</wf>
      </sentence>
      <sentence id="d000.s3024" source="wordnet-croatian">
         <instance id="d000.s3024.t000" lemma="akvamarin" pos="NOUN">Akvamarin</instance>
         <wf lemma="je" pos="X">je</wf>
         <wf lemma="kamen" pos="X">kamen</wf>
         <wf lemma="hrabrosti" pos="X">hrabrosti</wf>
         <wf lemma="." pos="X">.</wf>
      </sentence>
      <sentence id="d000.s3025" source="wordnet-croatian">
         <wf lemma="Marko" pos="X">Marko</wf>
         <wf lemma="je" pos="X">je</wf>
         <wf lemma="pravi" pos="X">pravi</wf>
         <instance id="d000.s3025.t000" lemma="pehist" pos="NOUN">pehist</instance>
         <wf lemma="-" pos="X">-</wf>
         <wf lemma="prvo" pos="X">prvo</wf>
         <wf lemma="je" pos="X">je</wf>
         <wf lemma="izgubio" pos="X">izgubio</wf>
         <wf lemma="posao" pos="X">posao</wf>
         <wf lemma="," pos="X">,</wf>
         <wf lemma="a" pos="X">a</wf>
         <wf lemma="sad" pos="X">sad</wf>
         <wf lemma="ga" pos="X">ga</wf>
         <wf lemma="je" pos="X">je</wf>
         <wf lemma="i" pos="X">i</wf>
         <wf lemma="žena" pos="X">žena</wf>
         <wf lemma="napustila" pos="X">napustila</wf>
         <wf lemma="." pos="X">.</wf>
      </sentence>
      <sentence id="d000.s3026" source="wordnet-croatian">
         <wf lemma="Stalno" pos="X">Stalno</wf>
         <wf lemma="joj" pos="X">joj</wf>
         <wf lemma="je" pos="X">je</wf>
         <instance id="d000.s3026.t000" lemma="citirati" pos="VERB">citirao</instance>
         <wf lemma="dijelove" pos="X">dijelove</wf>
         <wf lemma="Biblije" pos="X">Biblije</wf>
         <wf lemma="." pos="X">.</wf>
      </sentence>
      <sentence id="d000.s3027" source="wordnet-croatian">
         <wf lemma="Dolazak" pos="X">Dolazak</wf>
         <wf lemma="novoga" pos="X">novoga</wf>
         <instance id="d000.s3027.t000" lemma="tisućljeće" pos="NOUN">tisućljeća</instance>
         <wf lemma="bučno" pos="X">bučno</wf>
         <wf lemma="je" pos="X">je</wf>
         <wf lemma="proslavljen" pos="X">proslavljen</wf>
         <wf lemma="diljem" pos="X">diljem</wf>
         <wf lemma="zemlje" pos="X">zemlje</wf>
         <wf lemma="." pos="X">.</wf>
      </sentence>
      <sentence id="d000.s3028" source="wordnet-croatian">
         <instance id="d000.s3028.t000" lemma="rakija" pos="NOUN">Rakija</instance>
         <wf lemma="je" pos="X">je</wf>
         <wf lemma="dobar" pos="X">dobar</wf>
         <wf lemma="aperitiv" pos="X">aperitiv</wf>
         <wf lemma="." pos="X">.</wf>
      </sentence>
      <sentence id="d000.s3029" source="wordnet-croatian">
         <wf lemma="Život" pos="X">Život</wf>
         <wf lemma="bez" pos="X">bez</wf>
         <instance id="d000.s3029.t000" lemma="računalo" pos="NOUN">računala</instance>
         <wf lemma="danas" pos="X">danas</wf>
         <wf lemma="je" pos="X">je</wf>
         <wf lemma="nezamisliv" pos="X">nezamisliv</wf>
         <wf lemma="." pos="X">.</wf>
      </sentence>
      <sentence id="d000.s3030" source="wordnet-croatian">
         <wf lemma="Hitno" pos="X">Hitno</wf>
         <wf lemma="moram" pos="X">moram</wf>
         <wf lemma="kupiti" pos="X">kupiti</wf>
         <instance id="d000.s3030.t000" lemma="tiskanica" pos="NOUN">tiskanicu</instance>
         <wf lemma="za" pos="X">za</wf>
         <wf lemma="dopunsko" pos="X">dopunsko</wf>
         <wf lemma="zdravstveno" pos="X">zdravstveno</wf>
         <wf lemma="osiguranje" pos="X">osiguranje</wf>
         <wf lemma="." pos="X">.</wf>
      </sentence>
      <sentence id="d000.s3031" source="wordnet-croatian">
         <wf lemma="Dijete" pos="X">Dijete</wf>
         <wf lemma="je" pos="X">je</wf>
         <instance id="d000.s3031.t000" lemma="probati" pos="VERB">probalo</instance>
         <wf lemma="voziti" pos="X">voziti</wf>
         <wf lemma="bicikl" pos="X">bicikl</wf>
         <wf lemma="." pos="X">.</wf>
      </sentence>
      <sentence id="d000.s3032" source="wordnet-croatian">
         <instance id="d000.s3032.t000" lemma="boraks" pos="NOUN">Boraks</instance>
         <wf lemma="se" pos="X">se</wf>
         <wf lemma="vrlo" pos="X">vrlo</wf>
         <wf lemma="sporo" pos="X">sporo</wf>
         <wf lemma="izlučuje" pos="X">izlučuje</wf>
         <wf lemma="iz" pos="X">iz</wf>
         <wf lemma="organizma" pos="X">organizma</wf>
         <wf lemma="pa" pos="X">pa</wf>
         <wf lemma="može" pos="X">može</wf>
         <wf lemma="biti" pos="X">biti</wf>
         <wf lemma="jako" pos="X">jako</wf>
         <wf lemma="otrovan" pos="X">otrovan</wf>
         <wf lemma="." pos="X">.</wf>
      </sentence>
      <sentence id="d000.s3033" source="wordnet-croatian">
         <wf lemma="Policija" pos="X">Policija</wf>
         <wf lemma="je" pos="X">je</wf>
         <wf lemma="automobilima" pos="X">automobilima</wf>
         <instance id="d000.s3033.t000" lemma="juriti" pos="VERB">jurila</instance>
         <wf lemma="pljačkaše" pos="X">pljačkaše</wf>
         <wf lemma="." pos="X">.</wf>
      </sentence>
      <sentence id="d000.s3034" source="wordnet-croatian">
         <wf lemma="Radnici" pos="X">Radnici</wf>
         <wf lemma="neprestano" pos="X">neprestano</wf>
         <instance id="d000.s3034.t000" lemma="prosvjedovati" pos="VERB">prosvjeduju</instance>
         <wf lemma="protiv" pos="X">protiv</wf>
         <wf lemma="vladinih" pos="X">vladinih</wf>
         <wf lemma="mjera" pos="X">mjera</wf>
         <wf lemma="." pos="X">.</wf>
      </sentence>
      <sentence id="d000.s3035" source="wordnet-croatian">
         <wf lemma="Nabavili" pos="X">Nabavili</wf>
         <wf lemma="smo" pos="X">smo</wf>
         <wf lemma="ekološki" pos="X">ekološki</wf>
         <wf lemma="proizveden" pos="X">proizveden</wf>
         <instance id="d000.s3035.t000" lemma="ječam" pos="NOUN">ječam</instance>
         <wf lemma="." pos="X">.</wf>
      </sentence>
      <sentence id="d000.s3036" source="wordnet-croatian">
         <wf lemma="Često" pos="X">Često</wf>
         <instance id="d000.s3036.t000" lemma="prljanje" pos="NOUN">prljanje</instance>
         <wf lemma="odjeće" pos="X">odjeće</wf>
         <wf lemma="ne" pos="X">ne</wf>
         <wf lemma="možete" pos="X">možete</wf>
         <wf lemma="spriječiti" pos="X">spriječiti</wf>
         <wf lemma="." pos="X">.</wf>
      </sentence>
      <sentence id="d000.s3037" source="wordnet-croatian">
         <wf lemma="Glina" pos="X">Glina</wf>
         <wf lemma="je" pos="X">je</wf>
         <wf lemma="vrlo" pos="X">vrlo</wf>
         <instance id="d000.s3037.t000" lemma="podatan" pos="ADJ">podatna</instance>
         <wf lemma="." pos="X">.</wf>
      </sentence>
      <sentence id="d000.s3038" source="wordnet-croatian">
         <wf lemma="Bio" pos="X">Bio</wf>
         <wf lemma="je" pos="X">je</wf>
         <instance id="d000.s3038.t000" lemma="nesiguran" pos="ADJ">nesiguran</instance>
         <wf lemma="u" pos="X">u</wf>
         <wf lemma="sebe" pos="X">sebe</wf>
         <wf lemma="i" pos="X">i</wf>
         <wf lemma="svoju" pos="X">svoju</wf>
         <wf lemma="budućnost" pos="X">budućnost</wf>
         <wf lemma="." pos="X">.</wf>
      </sentence>
      <sentence id="d000.s3039" source="wordnet-croatian">
         <wf lemma="Zbog" pos="X">Zbog</wf>
         <wf lemma="velikih" pos="X">velikih</wf>
         <wf lemma="vrućina" pos="X">vrućina</wf>
         <wf lemma="sva" pos="X">sva</wf>
         <wf lemma="su" pos="X">su</wf>
         <instance id="d000.s3039.t000" lemma="kupalište" pos="NOUN">kupališta</instance>
         <wf lemma="u" pos="X">u</wf>
         <wf lemma="zemlji" pos="X">zemlji</wf>
         <wf lemma="krcata" pos="X">krcata</wf>
         <wf lemma="." pos="X">.</wf>
      </sentence>
      <sentence id="d000.s3040" source="wordnet-croatian">
         <wf lemma="Tenisači" pos="X">Tenisači</wf>
         <wf lemma="često" pos="X">često</wf>
         <wf lemma="igraju" pos="X">igraju</wf>
         <wf lemma="sa" pos="X">sa</wf>
         <instance id="d000.s3040.t000" lemma="šilterica" pos="NOUN">šiltericom</instance>
         <wf lemma="na" pos="X">na</wf>
         <wf lemma="glavi" pos="X">glavi</wf>
         <wf lemma="." pos="X">.</wf>
      </sentence>
      <sentence id="d000.s3041" source="wordnet-croatian">
         <wf lemma="Kada" pos="X">Kada</wf>
         <wf lemma="se" pos="X">se</wf>
         <wf lemma="dijete" pos="X">dijete</wf>
         <wf lemma="rodi" pos="X">rodi</wf>
         <wf lemma="," pos="X">,</wf>
         <wf lemma="upisuje" pos="X">upisuje</wf>
         <wf lemma="ga" pos="X">ga</wf>
         <wf lemma="se" pos="X">se</wf>
         <wf lemma="u" pos="X">u</wf>
         <instance id="d000.s3041.t000" lemma="registar" pos="NOUN">registar</instance>
         <wf lemma="rođenih" pos="X">rođenih</wf>
         <wf lemma="osoba" pos="X">osoba</wf>
         <wf lemma="." pos="X">.</wf>
      </sentence>
      <sentence id="d000.s3042" source="wordnet-croatian">
         <wf lemma="On" pos="X">On</wf>
         <wf lemma="je" pos="X">je</wf>
         <wf lemma="bio" pos="X">bio</wf>
         <wf lemma="moj" pos="X">moj</wf>
         <instance id="d000.s3042.t000" lemma="izbor" pos="NOUN">izbor</instance>
         <wf lemma="za" pos="X">za</wf>
         <wf lemma="predsjednika" pos="X">predsjednika</wf>
         <wf lemma="." pos="X">.</wf>
      </sentence>
      <sentence id="d000.s3043" source="wordnet-croatian">
         <wf lemma="Proglašenjem" pos="X">Proglašenjem</wf>
         <wf lemma="najbolje" pos="X">najbolje</wf>
         <wf lemma="odjevenih" pos="X">odjevenih</wf>
         <wf lemma="osoba" pos="X">osoba</wf>
         <wf lemma="iz" pos="X">iz</wf>
         <wf lemma="javnog" pos="X">javnog</wf>
         <wf lemma="života" pos="X">života</wf>
         <wf lemma="završeno" pos="X">završeno</wf>
         <wf lemma="je" pos="X">je</wf>
         <wf lemma="četverodnevno" pos="X">četverodnevno</wf>
         <wf lemma="modno" pos="X">modno</wf>
         <instance id="d000.s3043.t000" lemma="događanje" pos="NOUN">događanje</instance>
         <wf lemma="." pos="X">.</wf>
      </sentence>
      <sentence id="d000.s3044" source="wordnet-croatian">
         <wf lemma="S" pos="X">S</wf>
         <wf lemma="putovanja" pos="X">putovanja</wf>
         <wf lemma="u" pos="X">u</wf>
         <wf lemma="Meksiko" pos="X">Meksiko</wf>
         <wf lemma="prijatelj" pos="X">prijatelj</wf>
         <wf lemma="mi" pos="X">mi</wf>
         <wf lemma="je" pos="X">je</wf>
         <wf lemma="donio" pos="X">donio</wf>
         <instance id="d000.s3044.t000" lemma="sombrero" pos="NOUN">sombrero</instance>
         <wf lemma="." pos="X">.</wf>
      </sentence>
      <sentence id="d000.s3045" source="wordnet-croatian">
         <instance id="d000.s3045.t000" lemma="paviljon" pos="NOUN">Paviljon</instance>
         <wf lemma="na" pos="X">na</wf>
         <wf lemma="Zrinjevcu" pos="X">Zrinjevcu</wf>
         <wf lemma="izgleda" pos="X">izgleda</wf>
         <wf lemma="prekrasno" pos="X">prekrasno</wf>
         <wf lemma="," pos="X">,</wf>
         <wf lemma="pogotovo" pos="X">pogotovo</wf>
         <wf lemma="zimi" pos="X">zimi</wf>
         <wf lemma="." pos="X">.</wf>
      </sentence>
      <sentence id="d000.s3046" source="wordnet-croatian">
         <instance id="d000.s3046.t000" lemma="uništenje" pos="NOUN">Uništenje</instance>
         <wf lemma="grada" pos="X">grada</wf>
         <wf lemma="bilo" pos="X">bilo</wf>
         <wf lemma="je" pos="X">je</wf>
         <wf lemma="neizbježno" pos="X">neizbježno</wf>
         <wf lemma="." pos="X">.</wf>
      </sentence>
      <sentence id="d000.s3047" source="wordnet-croatian">
         <wf lemma="Priča" pos="X">Priča</wf>
         <instance id="d000.s3047.t000" lemma="govoriti" pos="VERB">govori</instance>
         <wf lemma="o" pos="X">o</wf>
         <wf lemma="najvažnijim" pos="X">najvažnijim</wf>
         <wf lemma="ljudskim" pos="X">ljudskim</wf>
         <wf lemma="vrijednostima" pos="X">vrijednostima</wf>
         <wf lemma="." pos="X">.</wf>
      </sentence>
      <sentence id="d000.s3048" source="wordnet-croatian">
         <wf lemma="Kroz" pos="X">Kroz</wf>
         <instance id="d000.s3048.t000" lemma="procjep" pos="NOUN">procjep</instance>
         <wf lemma="je" pos="X">je</wf>
         <wf lemma="dopiralo" pos="X">dopiralo</wf>
         <wf lemma="slabašno" pos="X">slabašno</wf>
         <wf lemma="svjetlo" pos="X">svjetlo</wf>
         <wf lemma="." pos="X">.</wf>
      </sentence>
      <sentence id="d000.s3049" source="wordnet-croatian">
         <instance id="d000.s3049.t000" lemma="srediti" pos="VERB">Sredi</instance>
         <wf lemma="ove" pos="X">ove</wf>
         <wf lemma="razbacane" pos="X">razbacane</wf>
         <wf lemma="papire" pos="X">papire</wf>
         <wf lemma="na" pos="X">na</wf>
         <wf lemma="stolu" pos="X">stolu</wf>
         <wf lemma="!" pos="X">!</wf>
      </sentence>
      <sentence id="d000.s3050" source="wordnet-croatian">
         <wf lemma="Prije" pos="X">Prije</wf>
         <wf lemma="uporabe" pos="X">uporabe</wf>
         <instance id="d000.s3050.t000" lemma="odstraniti" pos="VERB">odstranite</instance>
         <wf lemma="zaštitni" pos="X">zaštitni</wf>
         <wf lemma="omotač" pos="X">omotač</wf>
         <wf lemma="." pos="X">.</wf>
      </sentence>
      <sentence id="d000.s3051" source="wordnet-croatian">
         <wf lemma="Zataknuo" pos="X">Zataknuo</wf>
         <wf lemma="je" pos="X">je</wf>
         <wf lemma="pištolj" pos="X">pištolj</wf>
         <wf lemma="za" pos="X">za</wf>
         <instance id="d000.s3051.t000" lemma="pojas" pos="NOUN">pojas</instance>
         <wf lemma="i" pos="X">i</wf>
         <wf lemma="krenuo" pos="X">krenuo</wf>
         <wf lemma="u" pos="X">u</wf>
         <wf lemma="patrolu" pos="X">patrolu</wf>
         <wf lemma="." pos="X">.</wf>
      </sentence>
      <sentence id="d000.s3052" source="wordnet-croatian">
         <wf lemma="Osim" pos="X">Osim</wf>
         <wf lemma="općih" pos="X">općih</wf>
         <wf lemma="," pos="X">,</wf>
         <wf lemma="moraš" pos="X">moraš</wf>
         <wf lemma="zadovoljavati" pos="X">zadovoljavati</wf>
         <wf lemma="i" pos="X">i</wf>
         <instance id="d000.s3052.t000" lemma="poseban" pos="ADJ">posebne</instance>
         <wf lemma="uvjete" pos="X">uvjete</wf>
         <wf lemma="kako" pos="X">kako</wf>
         <wf lemma="bi" pos="X">bi</wf>
         <wf lemma="dobio" pos="X">dobio</wf>
         <wf lemma="ovaj" pos="X">ovaj</wf>
         <wf lemma="posao" pos="X">posao</wf>
         <wf lemma="." pos="X">.</wf>
      </sentence>
      <sentence id="d000.s3053" source="wordnet-croatian">
         <instance id="d000.s3053.t000" lemma="prijepodnevni" pos="ADJ">Prijepodnevna</instance>
         <wf lemma="kava" pos="X">kava</wf>
         <wf lemma="bila" pos="X">bila</wf>
         <wf lemma="joj" pos="X">joj</wf>
         <wf lemma="je" pos="X">je</wf>
         <wf lemma="omiljen" pos="X">omiljen</wf>
         <wf lemma="ritual" pos="X">ritual</wf>
         <wf lemma="." pos="X">.</wf>
      </sentence>
      <sentence id="d000.s3054" source="wordnet-croatian">
         <wf lemma="Gitaristi" pos="X">Gitaristi</wf>
         <wf lemma="imaju" pos="X">imaju</wf>
         <wf lemma="otvrdnute" pos="X">otvrdnute</wf>
         <instance id="d000.s3054.t000" lemma="jagodica" pos="NOUN">jagodice</instance>
         <wf lemma="." pos="X">.</wf>
      </sentence>
      <sentence id="d000.s3055" source="wordnet-croatian">
         <wf lemma="Panteon" pos="X">Panteon</wf>
         <wf lemma="u" pos="X">u</wf>
         <wf lemma="Rimu" pos="X">Rimu</wf>
         <wf lemma="jedna" pos="X">jedna</wf>
         <wf lemma="je" pos="X">je</wf>
         <wf lemma="od" pos="X">od</wf>
         <wf lemma="najvećih" pos="X">najvećih</wf>
         <wf lemma="i" pos="X">i</wf>
         <wf lemma="najpoznatijih" pos="X">najpoznatijih</wf>
         <instance id="d000.s3055.t000" lemma="kupola" pos="NOUN">kupola</instance>
         <wf lemma="." pos="X">.</wf>
      </sentence>
      <sentence id="d000.s3056" source="wordnet-croatian">
         <instance id="d000.s3056.t000" lemma="tlo" pos="NOUN">Tlo</instance>
         <wf lemma="je" pos="X">je</wf>
         <wf lemma="bilo" pos="X">bilo</wf>
         <wf lemma="prekriveno" pos="X">prekriveno</wf>
         <wf lemma="suhim" pos="X">suhim</wf>
         <wf lemma="jesenjim" pos="X">jesenjim</wf>
         <wf lemma="lišćem" pos="X">lišćem</wf>
         <wf lemma="." pos="X">.</wf>
      </sentence>
      <sentence id="d000.s3057" source="wordnet-croatian">
         <instance id="d000.s3057.t000" lemma="kosa" pos="NOUN">Kosu</instance>
         <wf lemma="češljam" pos="X">češljam</wf>
         <wf lemma="jedino" pos="X">jedino</wf>
         <wf lemma="nakon" pos="X">nakon</wf>
         <wf lemma="pranja" pos="X">pranja</wf>
         <wf lemma="." pos="X">.</wf>
      </sentence>
      <sentence id="d000.s3058" source="wordnet-croatian">
         <wf lemma="Za" pos="X">Za</wf>
         <instance id="d000.s3058.t000" lemma="pravica" pos="NOUN">pravicu</instance>
         <wf lemma="je" pos="X">je</wf>
         <wf lemma="bio" pos="X">bio</wf>
         <wf lemma="spreman" pos="X">spreman</wf>
         <wf lemma="i" pos="X">i</wf>
         <wf lemma="poginuti" pos="X">poginuti</wf>
         <wf lemma="." pos="X">.</wf>
      </sentence>
      <sentence id="d000.s3059" source="wordnet-croatian">
         <wf lemma="Ljudska" pos="X">Ljudska</wf>
         <wf lemma="se" pos="X">se</wf>
         <instance id="d000.s3059.t000" lemma="povijest" pos="NOUN">povijest</instance>
         <wf lemma="vrlo" pos="X">vrlo</wf>
         <wf lemma="često" pos="X">često</wf>
         <wf lemma="svodi" pos="X">svodi</wf>
         <wf lemma="na" pos="X">na</wf>
         <wf lemma="povijest" pos="X">povijest</wf>
         <wf lemma="ratovanja" pos="X">ratovanja</wf>
         <wf lemma="." pos="X">.</wf>
      </sentence>
      <sentence id="d000.s3060" source="wordnet-croatian">
         <instance id="d000.s3060.t000" lemma="zapis" pos="NOUN">Zapisi</instance>
         <wf lemma="na" pos="X">na</wf>
         <wf lemma="marginama" pos="X">marginama</wf>
         <wf lemma="pomogli" pos="X">pomogli</wf>
         <wf lemma="su" pos="X">su</wf>
         <wf lemma="istraživačima" pos="X">istraživačima</wf>
         <wf lemma="u" pos="X">u</wf>
         <wf lemma="otkrivanju" pos="X">otkrivanju</wf>
         <wf lemma="mnogih" pos="X">mnogih</wf>
         <wf lemma="tajni" pos="X">tajni</wf>
         <wf lemma="." pos="X">.</wf>
      </sentence>
      <sentence id="d000.s3061" source="wordnet-croatian">
         <wf lemma="Dobili" pos="X">Dobili</wf>
         <wf lemma="smo" pos="X">smo</wf>
         <wf lemma="karte" pos="X">karte</wf>
         <wf lemma="na" pos="X">na</wf>
         <wf lemma="gornjim" pos="X">gornjim</wf>
         <instance id="d000.s3061.t000" lemma="tribina" pos="NOUN">tribinama</instance>
         <wf lemma="." pos="X">.</wf>
      </sentence>
      <sentence id="d000.s3062" source="wordnet-croatian">
         <wf lemma="Svakodnevno" pos="X">Svakodnevno</wf>
         <instance id="d000.s3062.t000" lemma="kuhati" pos="VERB">kuham</instance>
         <wf lemma="za" pos="X">za</wf>
         <wf lemma="svoju" pos="X">svoju</wf>
         <wf lemma="obitelj" pos="X">obitelj</wf>
         <wf lemma="." pos="X">.</wf>
      </sentence>
      <sentence id="d000.s3063" source="wordnet-croatian">
         <wf lemma="Bio" pos="X">Bio</wf>
         <wf lemma="je" pos="X">je</wf>
         <wf lemma="toliko" pos="X">toliko</wf>
         <wf lemma="prehlađen" pos="X">prehlađen</wf>
         <wf lemma="da" pos="X">da</wf>
         <wf lemma="je" pos="X">je</wf>
         <wf lemma="potrošio" pos="X">potrošio</wf>
         <wf lemma="pet" pos="X">pet</wf>
         <instance id="d000.s3063.t000" lemma="paket" pos="NOUN">paketa</instance>
         <wf lemma="maramica" pos="X">maramica</wf>
         <wf lemma="." pos="X">.</wf>
      </sentence>
      <sentence id="d000.s3064" source="wordnet-croatian">
         <wf lemma="Kao" pos="X">Kao</wf>
         <instance id="d000.s3064.t000" lemma="aperitiv" pos="NOUN">aperitiv</instance>
         <wf lemma="ponudili" pos="X">ponudili</wf>
         <wf lemma="su" pos="X">su</wf>
         <wf lemma="nam" pos="X">nam</wf>
         <wf lemma="višnjevac" pos="X">višnjevac</wf>
         <wf lemma="." pos="X">.</wf>
      </sentence>
      <sentence id="d000.s3065" source="wordnet-croatian">
         <wf lemma="Stavio" pos="X">Stavio</wf>
         <wf lemma="je" pos="X">je</wf>
         <wf lemma="prljave" pos="X">prljave</wf>
         <instance id="d000.s3065.t000" lemma="šalica" pos="NOUN">šalice</instance>
         <wf lemma="u" pos="X">u</wf>
         <wf lemma="perilicu" pos="X">perilicu</wf>
         <wf lemma="." pos="X">.</wf>
      </sentence>
      <sentence id="d000.s3066" source="wordnet-croatian">
         <wf lemma="Nagomilani" pos="X">Nagomilani</wf>
         <wf lemma="posao" pos="X">posao</wf>
         <wf lemma="bacao" pos="X">bacao</wf>
         <wf lemma="ju" pos="X">ju</wf>
         <wf lemma="je" pos="X">je</wf>
         <wf lemma="u" pos="X">u</wf>
         <instance id="d000.s3066.t000" lemma="očaj" pos="NOUN">očaj</instance>
         <wf lemma="." pos="X">.</wf>
      </sentence>
      <sentence id="d000.s3067" source="wordnet-croatian">
         <wf lemma="Dugotrajno" pos="X">Dugotrajno</wf>
         <instance id="d000.s3067.t000" lemma="boravljenje" pos="NOUN">boravljenje</instance>
         <wf lemma="na" pos="X">na</wf>
         <wf lemma="suncu" pos="X">suncu</wf>
         <wf lemma="iziskuje" pos="X">iziskuje</wf>
         <wf lemma="adekvatnu" pos="X">adekvatnu</wf>
         <wf lemma="zaštitu" pos="X">zaštitu</wf>
         <wf lemma="kože" pos="X">kože</wf>
         <wf lemma="." pos="X">.</wf>
      </sentence>
      <sentence id="d000.s3068" source="wordnet-croatian">
         <instance id="d000.s3068.t000" lemma="susretljiv" pos="ADJ">Susretljivi</instance>
         <wf lemma="prodavači" pos="X">prodavači</wf>
         <wf lemma="oduševili" pos="X">oduševili</wf>
         <wf lemma="su" pos="X">su</wf>
         <wf lemma="kupca" pos="X">kupca</wf>
         <wf lemma="." pos="X">.</wf>
      </sentence>
      <sentence id="d000.s3069" source="wordnet-croatian">
         <wf lemma="Ispred" pos="X">Ispred</wf>
         <wf lemma="kina" pos="X">kina</wf>
         <wf lemma="stajao" pos="X">stajao</wf>
         <wf lemma="je" pos="X">je</wf>
         <wf lemma="ogroman" pos="X">ogroman</wf>
         <instance id="d000.s3069.t000" lemma="red" pos="NOUN">red</instance>
         <wf lemma="ljudi" pos="X">ljudi</wf>
         <wf lemma="." pos="X">.</wf>
      </sentence>
      <sentence id="d000.s3070" source="wordnet-croatian">
         <wf lemma="Pokvario" pos="X">Pokvario</wf>
         <wf lemma="se" pos="X">se</wf>
         <instance id="d000.s3070.t000" lemma="protok" pos="NOUN">protok</instance>
         <wf lemma="vode" pos="X">vode</wf>
         <wf lemma="u" pos="X">u</wf>
         <wf lemma="bojleru" pos="X">bojleru</wf>
         <wf lemma="." pos="X">.</wf>
      </sentence>
      <sentence id="d000.s3071" source="wordnet-croatian">
         <wf lemma="Djeca" pos="X">Djeca</wf>
         <wf lemma="često" pos="X">često</wf>
         <wf lemma="pokazuju" pos="X">pokazuju</wf>
         <instance id="d000.s3071.t000" lemma="otpor" pos="NOUN">otpor</instance>
         <wf lemma="prema" pos="X">prema</wf>
         <wf lemma="učenju" pos="X">učenju</wf>
         <wf lemma="." pos="X">.</wf>
      </sentence>
      <sentence id="d000.s3072" source="wordnet-croatian">
         <wf lemma="Kasnio" pos="X">Kasnio</wf>
         <wf lemma="je" pos="X">je</wf>
         <wf lemma="na" pos="X">na</wf>
         <wf lemma="sastanak" pos="X">sastanak</wf>
         <wf lemma="jer" pos="X">jer</wf>
         <wf lemma="je" pos="X">je</wf>
         <wf lemma="zaboravio" pos="X">zaboravio</wf>
         <instance id="d000.s3072.t000" lemma="aktovka" pos="NOUN">aktovku</instance>
         <wf lemma="na" pos="X">na</wf>
         <wf lemma="uredskom" pos="X">uredskom</wf>
         <wf lemma="stolu" pos="X">stolu</wf>
         <wf lemma="." pos="X">.</wf>
      </sentence>
      <sentence id="d000.s3073" source="wordnet-croatian">
         <instance id="d000.s3073.t000" lemma="zemlja" pos="NOUN">Zemlja</instance>
         <wf lemma="se" pos="X">se</wf>
         <wf lemma="kreće" pos="X">kreće</wf>
         <wf lemma="oko" pos="X">oko</wf>
         <wf lemma="Sunca" pos="X">Sunca</wf>
         <wf lemma="." pos="X">.</wf>
      </sentence>
      <sentence id="d000.s3074" source="wordnet-croatian">
         <instance id="d000.s3074.t000" lemma="pričvrstiti" pos="VERB">Pričvrstio</instance>
         <wf lemma="je" pos="X">je</wf>
         <wf lemma="nosače" pos="X">nosače</wf>
         <wf lemma="na" pos="X">na</wf>
         <wf lemma="krov" pos="X">krov</wf>
         <wf lemma="automobila" pos="X">automobila</wf>
         <wf lemma="," pos="X">,</wf>
         <wf lemma="a" pos="X">a</wf>
         <wf lemma="na" pos="X">na</wf>
         <wf lemma="njih" pos="X">njih</wf>
         <wf lemma="je" pos="X">je</wf>
         <wf lemma="nasadio" pos="X">nasadio</wf>
         <wf lemma="skije" pos="X">skije</wf>
         <wf lemma="i" pos="X">i</wf>
         <wf lemma="bicikl" pos="X">bicikl</wf>
         <wf lemma="." pos="X">.</wf>
      </sentence>
      <sentence id="d000.s3075" source="wordnet-croatian">
         <instance id="d000.s3075.t000" lemma="uvoznik" pos="NOUN">Uvoznici</instance>
         <wf lemma="nafte" pos="X">nafte</wf>
         <wf lemma="strahuju" pos="X">strahuju</wf>
         <wf lemma="od" pos="X">od</wf>
         <wf lemma="novih" pos="X">novih</wf>
         <wf lemma="promjena" pos="X">promjena</wf>
         <wf lemma="na" pos="X">na</wf>
         <wf lemma="tržištu" pos="X">tržištu</wf>
         <wf lemma="." pos="X">.</wf>
      </sentence>
      <sentence id="d000.s3076" source="wordnet-croatian">
         <wf lemma="Iz" pos="X">Iz</wf>
         <wf lemma="bolnice" pos="X">bolnice</wf>
         <wf lemma="nam" pos="X">nam</wf>
         <wf lemma="stižu" pos="X">stižu</wf>
         <instance id="d000.s3076.t000" lemma="dobar" pos="ADJ">dobre</instance>
         <wf lemma="vijesti" pos="X">vijesti</wf>
         <wf lemma="." pos="X">.</wf>
      </sentence>
      <sentence id="d000.s3077" source="wordnet-croatian">
         <wf lemma="Freudova" pos="X">Freudova</wf>
         <wf lemma="je" pos="X">je</wf>
         <instance id="d000.s3077.t000" lemma="teorija" pos="NOUN">teorija</instance>
         <wf lemma="o" pos="X">o</wf>
         <wf lemma="ljudskoj" pos="X">ljudskoj</wf>
         <wf lemma="psihi" pos="X">psihi</wf>
         <wf lemma="zanimljiva" pos="X">zanimljiva</wf>
         <wf lemma="," pos="X">,</wf>
         <wf lemma="ali" pos="X">ali</wf>
         <wf lemma="joj" pos="X">joj</wf>
         <wf lemma="nedostaju" pos="X">nedostaju</wf>
         <wf lemma="konkretni" pos="X">konkretni</wf>
         <wf lemma="dokazi" pos="X">dokazi</wf>
         <wf lemma="." pos="X">.</wf>
      </sentence>
      <sentence id="d000.s3078" source="wordnet-croatian">
         <wf lemma="Televizija" pos="X">Televizija</wf>
         <wf lemma="ima" pos="X">ima</wf>
         <instance id="d000.s3078.t000" lemma="dominantan" pos="ADJ">dominantnu</instance>
         <wf lemma="ulogu" pos="X">ulogu</wf>
         <wf lemma="u" pos="X">u</wf>
         <wf lemma="oblikovanju" pos="X">oblikovanju</wf>
         <wf lemma="javnoga" pos="X">javnoga</wf>
         <wf lemma="mijenja" pos="X">mijenja</wf>
         <wf lemma="." pos="X">.</wf>
      </sentence>
      <sentence id="d000.s3079" source="wordnet-croatian">
         <wf lemma="Vaša" pos="X">Vaša</wf>
         <wf lemma="je" pos="X">je</wf>
         <wf lemma="kartica" pos="X">kartica</wf>
         <instance id="d000.s3079.t000" lemma="neaktivan" pos="ADJ">neaktivna</instance>
         <wf lemma="već" pos="X">već</wf>
         <wf lemma="tri" pos="X">tri</wf>
         <wf lemma="mjeseca" pos="X">mjeseca</wf>
         <wf lemma="." pos="X">.</wf>
      </sentence>
      <sentence id="d000.s3080" source="wordnet-croatian">
         <instance id="d000.s3080.t000" lemma="rasporediti" pos="VERB">Rasporedio</instance>
         <wf lemma="sam" pos="X">sam</wf>
         <wf lemma="financije" pos="X">financije</wf>
         <wf lemma="tako" pos="X">tako</wf>
         <wf lemma="da" pos="X">da</wf>
         <wf lemma="možemo" pos="X">možemo</wf>
         <wf lemma="pokriti" pos="X">pokriti</wf>
         <wf lemma="sve" pos="X">sve</wf>
         <wf lemma="planirane" pos="X">planirane</wf>
         <wf lemma="troškove" pos="X">troškove</wf>
         <wf lemma="." pos="X">.</wf>
      </sentence>
      <sentence id="d000.s3081" source="wordnet-croatian">
         <wf lemma="Osjetila" pos="X">Osjetila</wf>
         <wf lemma="je" pos="X">je</wf>
         <wf lemma="strašnu" pos="X">strašnu</wf>
         <instance id="d000.s3081.t000" lemma="odbojnost" pos="NOUN">odbojnost</instance>
         <wf lemma="prema" pos="X">prema</wf>
         <wf lemma="tome" pos="X">tome</wf>
         <wf lemma="biznismenu" pos="X">biznismenu</wf>
         <wf lemma="." pos="X">.</wf>
      </sentence>
      <sentence id="d000.s3082" source="wordnet-croatian">
         <wf lemma="Nacrtajte" pos="X">Nacrtajte</wf>
         <wf lemma="molekulu" pos="X">molekulu</wf>
         <instance id="d000.s3082.t000" lemma="gliceraldehid" pos="NOUN">gliceraldehida</instance>
         <wf lemma="!" pos="X">!</wf>
      </sentence>
      <sentence id="d000.s3083" source="wordnet-croatian">
         <wf lemma="Spojila" pos="X">Spojila</wf>
         <wf lemma="ih" pos="X">ih</wf>
         <wf lemma="je" pos="X">je</wf>
         <instance id="d000.s3083.t000" lemma="istovjetnost" pos="NOUN">istovjetnost</instance>
         <wf lemma="mišljenja" pos="X">mišljenja</wf>
         <wf lemma="." pos="X">.</wf>
      </sentence>
      <sentence id="d000.s3084" source="wordnet-croatian">
         <wf lemma="Sa" pos="X">Sa</wf>
         <instance id="d000.s3084.t000" lemma="solucija" pos="NOUN">solucijama</instance>
         <wf lemma="kiselina" pos="X">kiselina</wf>
         <wf lemma="treba" pos="X">treba</wf>
         <wf lemma="se" pos="X">se</wf>
         <wf lemma="oprezno" pos="X">oprezno</wf>
         <wf lemma="postupati" pos="X">postupati</wf>
         <wf lemma="." pos="X">.</wf>
      </sentence>
      <sentence id="d000.s3085" source="wordnet-croatian">
         <wf lemma="Na" pos="X">Na</wf>
         <wf lemma="livadi" pos="X">livadi</wf>
         <wf lemma="se" pos="X">se</wf>
         <wf lemma="nalazio" pos="X">nalazio</wf>
         <wf lemma="i" pos="X">i</wf>
         <instance id="d000.s3085.t000" lemma="red" pos="NOUN">red</instance>
         <wf lemma="stabala" pos="X">stabala</wf>
         <wf lemma="." pos="X">.</wf>
      </sentence>
      <sentence id="d000.s3086" source="wordnet-croatian">
         <wf lemma="Upravna" pos="X">Upravna</wf>
         <instance id="d000.s3086.t000" lemma="vlast" pos="NOUN">vlast</instance>
         <wf lemma="treba" pos="X">treba</wf>
         <wf lemma="služiti" pos="X">služiti</wf>
         <wf lemma="narodu" pos="X">narodu</wf>
         <wf lemma="," pos="X">,</wf>
         <wf lemma="a" pos="X">a</wf>
         <wf lemma="ne" pos="X">ne</wf>
         <wf lemma="obratno" pos="X">obratno</wf>
         <wf lemma="!" pos="X">!</wf>
      </sentence>
      <sentence id="d000.s3087" source="wordnet-croatian">
         <wf lemma="Profesor" pos="X">Profesor</wf>
         <instance id="d000.s3087.t000" lemma="očekivati" pos="VERB">očekuje</instance>
         <wf lemma="od" pos="X">od</wf>
         <wf lemma="studenata" pos="X">studenata</wf>
         <wf lemma="da" pos="X">da</wf>
         <wf lemma="budu" pos="X">budu</wf>
         <wf lemma="redoviti" pos="X">redoviti</wf>
         <wf lemma="na" pos="X">na</wf>
         <wf lemma="nastavi" pos="X">nastavi</wf>
         <wf lemma="." pos="X">.</wf>
      </sentence>
      <sentence id="d000.s3088" source="wordnet-croatian">
         <wf lemma="Neke" pos="X">Neke</wf>
         <wf lemma="amazonske" pos="X">amazonske</wf>
         <instance id="d000.s3088.t000" lemma="riba" pos="NOUN">ribe</instance>
         <wf lemma="također" pos="X">također</wf>
         <wf lemma="mogu" pos="X">mogu</wf>
         <wf lemma="biti" pos="X">biti</wf>
         <wf lemma="veoma" pos="X">veoma</wf>
         <wf lemma="opasne" pos="X">opasne</wf>
         <wf lemma="." pos="X">.</wf>
      </sentence>
      <sentence id="d000.s3089" source="wordnet-croatian">
         <wf lemma="Smetao" pos="X">Smetao</wf>
         <wf lemma="mi" pos="X">mi</wf>
         <wf lemma="je" pos="X">je</wf>
         <instance id="d000.s3089.t000" lemma="reflektor" pos="NOUN">reflektor</instance>
         <wf lemma="koji" pos="X">koji</wf>
         <wf lemma="mi" pos="X">mi</wf>
         <wf lemma="je" pos="X">je</wf>
         <wf lemma="bio" pos="X">bio</wf>
         <wf lemma="uperen" pos="X">uperen</wf>
         <wf lemma="ravno" pos="X">ravno</wf>
         <wf lemma="u" pos="X">u</wf>
         <wf lemma="oči" pos="X">oči</wf>
         <wf lemma="." pos="X">.</wf>
      </sentence>
      <sentence id="d000.s3090" source="wordnet-croatian">
         <wf lemma="Dobra" pos="X">Dobra</wf>
         <wf lemma="pregovarača" pos="X">pregovarača</wf>
         <wf lemma="mora" pos="X">mora</wf>
         <wf lemma="krasiti" pos="X">krasiti</wf>
         <instance id="d000.s3090.t000" lemma="pronicljivost" pos="NOUN">pronicljivost</instance>
         <wf lemma="." pos="X">.</wf>
      </sentence>
      <sentence id="d000.s3091" source="wordnet-croatian">
         <wf lemma="Imao" pos="X">Imao</wf>
         <wf lemma="je" pos="X">je</wf>
         <wf lemma="prostrijelnu" pos="X">prostrijelnu</wf>
         <wf lemma="ranu" pos="X">ranu</wf>
         <wf lemma="od" pos="X">od</wf>
         <instance id="d000.s3091.t000" lemma="metak" pos="NOUN">metka</instance>
         <wf lemma="posred" pos="X">posred</wf>
         <wf lemma="čela" pos="X">čela</wf>
         <wf lemma="." pos="X">.</wf>
      </sentence>
      <sentence id="d000.s3092" source="wordnet-croatian">
         <instance id="d000.s3092.t000" lemma="prikaz" pos="NOUN">Prikazi</instance>
         <wf lemma="promjena" pos="X">promjena</wf>
         <wf lemma="nisu" pos="X">nisu</wf>
         <wf lemma="jasni" pos="X">jasni</wf>
         <wf lemma="." pos="X">.</wf>
      </sentence>
      <sentence id="d000.s3093" source="wordnet-croatian">
         <wf lemma="Kroz" pos="X">Kroz</wf>
         <wf lemma="jednu" pos="X">jednu</wf>
         <wf lemma="se" pos="X">se</wf>
         <wf lemma="točku" pos="X">točku</wf>
         <wf lemma="može" pos="X">može</wf>
         <wf lemma="povući" pos="X">povući</wf>
         <wf lemma="beskonačno" pos="X">beskonačno</wf>
         <wf lemma="puno" pos="X">puno</wf>
         <instance id="d000.s3093.t000" lemma="pravac" pos="NOUN">pravaca</instance>
         <wf lemma="." pos="X">.</wf>
      </sentence>
      <sentence id="d000.s3094" source="wordnet-croatian">
         <wf lemma="Za" pos="X">Za</wf>
         <wf lemma="izvedbu" pos="X">izvedbu</wf>
         <wf lemma="skladbe" pos="X">skladbe</wf>
         <wf lemma="za" pos="X">za</wf>
         <wf lemma="dvije" pos="X">dvije</wf>
         <wf lemma="violine" pos="X">violine</wf>
         <wf lemma="i" pos="X">i</wf>
         <instance id="d000.s3094.t000" lemma="viola" pos="NOUN">violu</instance>
         <wf lemma="dobili" pos="X">dobili</wf>
         <wf lemma="su" pos="X">su</wf>
         <wf lemma="najveći" pos="X">najveći</wf>
         <wf lemma="pljesak" pos="X">pljesak</wf>
         <wf lemma="." pos="X">.</wf>
      </sentence>
      <sentence id="d000.s3095" source="wordnet-croatian">
         <wf lemma="Aristotel" pos="X">Aristotel</wf>
         <wf lemma="i" pos="X">i</wf>
         <wf lemma="Platon" pos="X">Platon</wf>
         <wf lemma="i" pos="X">i</wf>
         <wf lemma="dalje" pos="X">dalje</wf>
         <wf lemma="su" pos="X">su</wf>
         <wf lemma="jedni" pos="X">jedni</wf>
         <wf lemma="od" pos="X">od</wf>
         <wf lemma="najvećih" pos="X">najvećih</wf>
         <instance id="d000.s3095.t000" lemma="mislilac" pos="NOUN">mislilaca</instance>
         <wf lemma="čovječanstva" pos="X">čovječanstva</wf>
         <wf lemma="." pos="X">.</wf>
      </sentence>
      <sentence id="d000.s3096" source="wordnet-croatian">
         <wf lemma="Sveučilište" pos="X">Sveučilište</wf>
         <wf lemma="u" pos="X">u</wf>
         <wf lemma="Zagrebu" pos="X">Zagrebu</wf>
         <wf lemma="ima" pos="X">ima</wf>
         <wf lemma="brojne" pos="X">brojne</wf>
         <instance id="d000.s3096.t000" lemma="sastavnica" pos="NOUN">sastavnice</instance>
         <wf lemma="." pos="X">.</wf>
      </sentence>
      <sentence id="d000.s3097" source="wordnet-croatian">
         <wf lemma="Po" pos="X">Po</wf>
         <wf lemma="zimi" pos="X">zimi</wf>
         <wf lemma="odjeću" pos="X">odjeću</wf>
         <instance id="d000.s3097.t000" lemma="sušiti" pos="VERB">sušim</instance>
         <wf lemma="u" pos="X">u</wf>
         <wf lemma="sušilici" pos="X">sušilici</wf>
         <wf lemma="." pos="X">.</wf>
      </sentence>
      <sentence id="d000.s3098" source="wordnet-croatian">
         <wf lemma="Djeca" pos="X">Djeca</wf>
         <wf lemma="se" pos="X">se</wf>
         <instance id="d000.s3098.t000" lemma="upoznati" pos="VERB">upoznaju</instance>
         <wf lemma="s" pos="X">s</wf>
         <wf lemma="funkcijama" pos="X">funkcijama</wf>
         <wf lemma="padeža" pos="X">padeža</wf>
         <wf lemma="u" pos="X">u</wf>
         <wf lemma="petom" pos="X">petom</wf>
         <wf lemma="razredu" pos="X">razredu</wf>
         <wf lemma="osnovne" pos="X">osnovne</wf>
         <wf lemma="škole" pos="X">škole</wf>
         <wf lemma="." pos="X">.</wf>
      </sentence>
      <sentence id="d000.s3099" source="wordnet-croatian">
         <instance id="d000.s3099.t000" lemma="raditi" pos="VERB">Radi</instance>
         <wf lemma="li" pos="X">li</wf>
         <wf lemma="tvoj" pos="X">tvoj</wf>
         <wf lemma="suprug" pos="X">suprug</wf>
         <wf lemma="opet" pos="X">opet</wf>
         <wf lemma="?" pos="X">?</wf>
      </sentence>
      <sentence id="d000.s3100" source="wordnet-croatian">
         <wf lemma="Otvorila" pos="X">Otvorila</wf>
         <wf lemma="je" pos="X">je</wf>
         <wf lemma="konzervu" pos="X">konzervu</wf>
         <wf lemma="iz" pos="X">iz</wf>
         <wf lemma="trećeg" pos="X">trećeg</wf>
         <instance id="d000.s3100.t000" lemma="pokušaj" pos="NOUN">pokušaja</instance>
         <wf lemma="." pos="X">.</wf>
      </sentence>
      <sentence id="d000.s3101" source="wordnet-croatian">
         <wf lemma="Mirko" pos="X">Mirko</wf>
         <wf lemma="je" pos="X">je</wf>
         <wf lemma="prošli" pos="X">prošli</wf>
         <wf lemma="tjedan" pos="X">tjedan</wf>
         <wf lemma="patio" pos="X">patio</wf>
         <wf lemma="od" pos="X">od</wf>
         <instance id="d000.s3101.t000" lemma="užasan" pos="ADJ">užasnog</instance>
         <wf lemma="kašlja" pos="X">kašlja</wf>
         <wf lemma="." pos="X">.</wf>
      </sentence>
      <sentence id="d000.s3102" source="wordnet-croatian">
         <wf lemma="Najviše" pos="X">Najviše</wf>
         <wf lemma="je" pos="X">je</wf>
         <wf lemma="voljela" pos="X">voljela</wf>
         <wf lemma="svoju" pos="X">svoju</wf>
         <wf lemma="rozu" pos="X">rozu</wf>
         <wf lemma="haljinicu" pos="X">haljinicu</wf>
         <wf lemma="sa" pos="X">sa</wf>
         <wf lemma="srebrnim" pos="X">srebrnim</wf>
         <instance id="d000.s3102.t000" lemma="gajtan" pos="NOUN">gajtanom</instance>
         <wf lemma="." pos="X">.</wf>
      </sentence>
      <sentence id="d000.s3103" source="wordnet-croatian">
         <instance id="d000.s3103.t000" lemma="steći" pos="VERB">Stekao</instance>
         <wf lemma="je" pos="X">je</wf>
         <wf lemma="natpolovično" pos="X">natpolovično</wf>
         <wf lemma="vlasništvo" pos="X">vlasništvo</wf>
         <wf lemma="u" pos="X">u</wf>
         <wf lemma="tvrtci" pos="X">tvrtci</wf>
         <wf lemma="." pos="X">.</wf>
      </sentence>
      <sentence id="d000.s3104" source="wordnet-croatian">
         <wf lemma="Formaldehid" pos="X">Formaldehid</wf>
         <wf lemma="je" pos="X">je</wf>
         <wf lemma="tipičan" pos="X">tipičan</wf>
         <wf lemma="predstavnik" pos="X">predstavnik</wf>
         <instance id="d000.s3104.t000" lemma="aldehid" pos="NOUN">aldehida</instance>
         <wf lemma="." pos="X">.</wf>
      </sentence>
      <sentence id="d000.s3105" source="wordnet-croatian">
         <wf lemma="Pacijent" pos="X">Pacijent</wf>
         <wf lemma="je" pos="X">je</wf>
         <wf lemma="osjetio" pos="X">osjetio</wf>
         <instance id="d000.s3105.t000" lemma="akutan" pos="ADJ">akutnu</instance>
         <wf lemma="bol" pos="X">bol</wf>
         <wf lemma="u" pos="X">u</wf>
         <wf lemma="prsima" pos="X">prsima</wf>
         <wf lemma="." pos="X">.</wf>
      </sentence>
      <sentence id="d000.s3106" source="wordnet-croatian">
         <wf lemma="Malo" pos="X">Malo</wf>
         <wf lemma="je" pos="X">je</wf>
         <wf lemma="medicinskih" pos="X">medicinskih</wf>
         <wf lemma="problema" pos="X">problema</wf>
         <wf lemma="gdje" pos="X">gdje</wf>
         <wf lemma="je" pos="X">je</wf>
         <instance id="d000.s3106.t000" lemma="nemoć" pos="NOUN">nemoć</instance>
         <wf lemma="u" pos="X">u</wf>
         <wf lemma="rješavanju" pos="X">rješavanju</wf>
         <wf lemma="problema" pos="X">problema</wf>
         <wf lemma="tako" pos="X">tako</wf>
         <wf lemma="velika" pos="X">velika</wf>
         <wf lemma="kao" pos="X">kao</wf>
         <wf lemma="što" pos="X">što</wf>
         <wf lemma="je" pos="X">je</wf>
         <wf lemma="to" pos="X">to</wf>
         <wf lemma="u" pos="X">u</wf>
         <wf lemma="slučaju" pos="X">slučaju</wf>
         <wf lemma="opstipacije" pos="X">opstipacije</wf>
         <wf lemma="." pos="X">.</wf>
      </sentence>
      <sentence id="d000.s3107" source="wordnet-croatian">
         <wf lemma="Visoke" pos="X">Visoke</wf>
         <wf lemma="je" pos="X">je</wf>
         <wf lemma="borove" pos="X">borove</wf>
         <wf lemma="u" pos="X">u</wf>
         <wf lemma="Badnju" pos="X">Badnju</wf>
         <wf lemma="noć" pos="X">noć</wf>
         <wf lemma="okitilo" pos="X">okitilo</wf>
         <instance id="d000.s3107.t000" lemma="inje" pos="NOUN">inje</instance>
         <wf lemma="." pos="X">.</wf>
      </sentence>
      <sentence id="d000.s3108" source="wordnet-croatian">
         <wf lemma="Bacanje" pos="X">Bacanje</wf>
         <instance id="d000.s3108.t000" lemma="disk" pos="NOUN">diska</instance>
         <wf lemma="nije" pos="X">nije</wf>
         <wf lemma="među" pos="X">među</wf>
         <wf lemma="najpopularnijim" pos="X">najpopularnijim</wf>
         <wf lemma="atletskim" pos="X">atletskim</wf>
         <wf lemma="disciplinama" pos="X">disciplinama</wf>
         <wf lemma="." pos="X">.</wf>
      </sentence>
      <sentence id="d000.s3109" source="wordnet-croatian">
         <wf lemma="Odi" pos="X">Odi</wf>
         <wf lemma="u" pos="X">u</wf>
         <wf lemma="sobu" pos="X">sobu</wf>
         <wf lemma="-" pos="X">-</wf>
         <wf lemma="to" pos="X">to</wf>
         <wf lemma="je" pos="X">je</wf>
         <instance id="d000.s3109.t000" lemma="naredba" pos="NOUN">naredba</instance>
         <wf lemma="!" pos="X">!</wf>
      </sentence>
      <sentence id="d000.s3110" source="wordnet-croatian">
         <wf lemma="Moram" pos="X">Moram</wf>
         <instance id="d000.s3110.t000" lemma="proučiti" pos="VERB">proučiti</instance>
         <wf lemma="sve" pos="X">sve</wf>
         <wf lemma="detalje" pos="X">detalje</wf>
         <wf lemma="na" pos="X">na</wf>
         <wf lemma="karti" pos="X">karti</wf>
         <wf lemma="grada" pos="X">grada</wf>
         <wf lemma="." pos="X">.</wf>
      </sentence>
      <sentence id="d000.s3111" source="wordnet-croatian">
         <wf lemma="Dobrodušnost" pos="X">Dobrodušnost</wf>
         <wf lemma="je" pos="X">je</wf>
         <wf lemma="njegova" pos="X">njegova</wf>
         <wf lemma="najbolja" pos="X">najbolja</wf>
         <instance id="d000.s3111.t000" lemma="karakteristika" pos="NOUN">karakteristika</instance>
         <wf lemma="." pos="X">.</wf>
      </sentence>
      <sentence id="d000.s3112" source="wordnet-croatian">
         <wf lemma="Neki" pos="X">Neki</wf>
         <wf lemma="se" pos="X">se</wf>
         <instance id="d000.s3112.t000" lemma="lik" pos="NOUN">lik</instance>
         <wf lemma="motao" pos="X">motao</wf>
         <wf lemma="ispred" pos="X">ispred</wf>
         <wf lemma="moje" pos="X">moje</wf>
         <wf lemma="kuću" pos="X">kuću</wf>
         <wf lemma="ječer" pos="X">ječer</wf>
         <wf lemma="navečer" pos="X">navečer</wf>
         <wf lemma="." pos="X">.</wf>
      </sentence>
      <sentence id="d000.s3113" source="wordnet-croatian">
         <wf lemma="Tek" pos="X">Tek</wf>
         <wf lemma="su" pos="X">su</wf>
         <wf lemma="nedavno" pos="X">nedavno</wf>
         <wf lemma="asfaltirali" pos="X">asfaltirali</wf>
         <wf lemma="kolni" pos="X">kolni</wf>
         <instance id="d000.s3113.t000" lemma="prilaz" pos="NOUN">prilaz</instance>
         <wf lemma="ispred" pos="X">ispred</wf>
         <wf lemma="kuće" pos="X">kuće</wf>
         <wf lemma="." pos="X">.</wf>
      </sentence>
      <sentence id="d000.s3114" source="wordnet-croatian">
         <wf lemma="Svijetlile" pos="X">Svijetlile</wf>
         <wf lemma="su" pos="X">su</wf>
         <wf lemma="samo" pos="X">samo</wf>
         <wf lemma="dvije" pos="X">dvije</wf>
         <wf lemma="od" pos="X">od</wf>
         <wf lemma="šest" pos="X">šest</wf>
         <wf lemma="žarulja" pos="X">žarulja</wf>
         <wf lemma="na" pos="X">na</wf>
         <instance id="d000.s3114.t000" lemma="luster" pos="NOUN">lusteru</instance>
         <wf lemma="." pos="X">.</wf>
      </sentence>
      <sentence id="d000.s3115" source="wordnet-croatian">
         <wf lemma="Čaj" pos="X">Čaj</wf>
         <wf lemma="od" pos="X">od</wf>
         <instance id="d000.s3115.t000" lemma="koromač" pos="NOUN">koromača</instance>
         <wf lemma="preporuča" pos="X">preporuča</wf>
         <wf lemma="se" pos="X">se</wf>
         <wf lemma="za" pos="X">za</wf>
         <wf lemma="malu" pos="X">malu</wf>
         <wf lemma="djecu" pos="X">djecu</wf>
         <wf lemma="." pos="X">.</wf>
      </sentence>
      <sentence id="d000.s3116" source="wordnet-croatian">
         <wf lemma="Zaštitar" pos="X">Zaštitar</wf>
         <wf lemma="je" pos="X">je</wf>
         <wf lemma="drškom" pos="X">drškom</wf>
         <wf lemma="pištolja" pos="X">pištolja</wf>
         <wf lemma="dobro" pos="X">dobro</wf>
         <instance id="d000.s3116.t000" lemma="bubnuti" pos="VERB">bubnuo</instance>
         <wf lemma="pljačkaša" pos="X">pljačkaša</wf>
         <wf lemma="." pos="X">.</wf>
      </sentence>
      <sentence id="d000.s3117" source="wordnet-croatian">
         <wf lemma="Vijest" pos="X">Vijest</wf>
         <wf lemma="o" pos="X">o</wf>
         <wf lemma="potresu" pos="X">potresu</wf>
         <wf lemma="čula" pos="X">čula</wf>
         <wf lemma="je" pos="X">je</wf>
         <wf lemma="na" pos="X">na</wf>
         <instance id="d000.s3117.t000" lemma="radio" pos="NOUN">radiju</instance>
         <wf lemma="." pos="X">.</wf>
      </sentence>
      <sentence id="d000.s3118" source="wordnet-croatian">
         <instance id="d000.s3118.t000" lemma="njihanje" pos="NOUN">Njihanje</instance>
         <wf lemma="trave" pos="X">trave</wf>
         <wf lemma="na" pos="X">na</wf>
         <wf lemma="vjetru" pos="X">vjetru</wf>
         <wf lemma="me" pos="X">me</wf>
         <wf lemma="umiruje" pos="X">umiruje</wf>
         <wf lemma="." pos="X">.</wf>
      </sentence>
      <sentence id="d000.s3119" source="wordnet-croatian">
         <wf lemma="Kada" pos="X">Kada</wf>
         <wf lemma="se" pos="X">se</wf>
         <wf lemma="ucrtaju" pos="X">ucrtaju</wf>
         <wf lemma="u" pos="X">u</wf>
         <wf lemma="krug" pos="X">krug</wf>
         <wf lemma="te" pos="X">te</wf>
         <wf lemma="trideset" pos="X">trideset</wf>
         <wf lemma="i" pos="X">i</wf>
         <wf lemma="dvije" pos="X">dvije</wf>
         <instance id="d000.s3119.t000" lemma="točka" pos="NOUN">točke</instance>
         <wf lemma="kompasa" pos="X">kompasa</wf>
         <wf lemma="," pos="X">,</wf>
         <wf lemma="savršeno" pos="X">savršeno</wf>
         <wf lemma="odgovaraju" pos="X">odgovaraju</wf>
         <wf lemma="tradicionalnoj" pos="X">tradicionalnoj</wf>
         <wf lemma="ruži" pos="X">ruži</wf>
         <wf lemma="od" pos="X">od</wf>
         <wf lemma="trideset" pos="X">trideset</wf>
         <wf lemma="i" pos="X">i</wf>
         <wf lemma="dvije" pos="X">dvije</wf>
         <wf lemma="latice" pos="X">latice</wf>
         <wf lemma="." pos="X">.</wf>
      </sentence>
      <sentence id="d000.s3120" source="wordnet-croatian">
         <wf lemma="Mirkovi" pos="X">Mirkovi</wf>
         <wf lemma="komentari" pos="X">komentari</wf>
         <instance id="d000.s3120.t000" lemma="izazvati" pos="VERB">izazvali</instance>
         <wf lemma="su" pos="X">su</wf>
         <wf lemma="oštru" pos="X">oštru</wf>
         <wf lemma="drugarsku" pos="X">drugarsku</wf>
         <wf lemma="kritiku" pos="X">kritiku</wf>
         <wf lemma="." pos="X">.</wf>
      </sentence>
      <sentence id="d000.s3121" source="wordnet-croatian">
         <wf lemma="Štenci" pos="X">Štenci</wf>
         <wf lemma="su" pos="X">su</wf>
         <instance id="d000.s3121.t000" lemma="štektati" pos="VERB">štektali</instance>
         <wf lemma="dozivajući" pos="X">dozivajući</wf>
         <wf lemma="mamu" pos="X">mamu</wf>
         <wf lemma="." pos="X">.</wf>
      </sentence>
      <sentence id="d000.s3122" source="wordnet-croatian">
         <wf lemma="Svi" pos="X">Svi</wf>
         <wf lemma="smo" pos="X">smo</wf>
         <wf lemma="se" pos="X">se</wf>
         <wf lemma="napili" pos="X">napili</wf>
         <wf lemma="na" pos="X">na</wf>
         <wf lemma="Aninoj" pos="X">Aninoj</wf>
         <instance id="d000.s3122.t000" lemma="zabava" pos="NOUN">zabavi</instance>
         <wf lemma="." pos="X">.</wf>
      </sentence>
      <sentence id="d000.s3123" source="wordnet-croatian">
         <wf lemma="Moraš" pos="X">Moraš</wf>
         <instance id="d000.s3123.t000" lemma="paziti" pos="VERB">paziti</instance>
         <wf lemma="da" pos="X">da</wf>
         <wf lemma="u" pos="X">u</wf>
         <wf lemma="zgradu" pos="X">zgradu</wf>
         <wf lemma="ne" pos="X">ne</wf>
         <wf lemma="uđe" pos="X">uđe</wf>
         <wf lemma="nitko" pos="X">nitko</wf>
         <wf lemma="neovlašten" pos="X">neovlašten</wf>
         <wf lemma="." pos="X">.</wf>
      </sentence>
      <sentence id="d000.s3124" source="wordnet-croatian">
         <wf lemma="Daj" pos="X">Daj</wf>
         <wf lemma="mi" pos="X">mi</wf>
         <instance id="d000.s3124.t000" lemma="list" pos="NOUN">list</instance>
         <wf lemma="papira" pos="X">papira</wf>
         <wf lemma="da" pos="X">da</wf>
         <wf lemma="ti" pos="X">ti</wf>
         <wf lemma="napišem" pos="X">napišem</wf>
         <wf lemma="što" pos="X">što</wf>
         <wf lemma="sve" pos="X">sve</wf>
         <wf lemma="trebaš" pos="X">trebaš</wf>
         <wf lemma="napraviti" pos="X">napraviti</wf>
         <wf lemma="." pos="X">.</wf>
      </sentence>
      <sentence id="d000.s3125" source="wordnet-croatian">
         <wf lemma="Govorio" pos="X">Govorio</wf>
         <wf lemma="je" pos="X">je</wf>
         <wf lemma="toliko" pos="X">toliko</wf>
         <wf lemma="brzo" pos="X">brzo</wf>
         <wf lemma="da" pos="X">da</wf>
         <wf lemma="nije" pos="X">nije</wf>
         <wf lemma="mogla" pos="X">mogla</wf>
         <wf lemma="slijediti" pos="X">slijediti</wf>
         <wf lemma="njegove" pos="X">njegove</wf>
         <instance id="d000.s3125.t000" lemma="uputa" pos="NOUN">upute</instance>
         <wf lemma="." pos="X">.</wf>
      </sentence>
      <sentence id="d000.s3126" source="wordnet-croatian">
         <wf lemma="Bio" pos="X">Bio</wf>
         <wf lemma="je" pos="X">je</wf>
         <instance id="d000.s3126.t000" lemma="neuljudan" pos="ADJ">neuljudan</instance>
         <wf lemma="prema" pos="X">prema</wf>
         <wf lemma="mušterijama" pos="X">mušterijama</wf>
         <wf lemma="pa" pos="X">pa</wf>
         <wf lemma="je" pos="X">je</wf>
         <wf lemma="ubrzo" pos="X">ubrzo</wf>
         <wf lemma="izgubio" pos="X">izgubio</wf>
         <wf lemma="posao" pos="X">posao</wf>
         <wf lemma="." pos="X">.</wf>
      </sentence>
      <sentence id="d000.s3127" source="wordnet-croatian">
         <wf lemma="Za" pos="X">Za</wf>
         <wf lemma="slalom" pos="X">slalom</wf>
         <wf lemma="su" pos="X">su</wf>
         <wf lemma="potrebne" pos="X">potrebne</wf>
         <wf lemma="kraće" pos="X">kraće</wf>
         <instance id="d000.s3127.t000" lemma="skija" pos="NOUN">skije</instance>
         <wf lemma="." pos="X">.</wf>
      </sentence>
      <sentence id="d000.s3128" source="wordnet-croatian">
         <wf lemma="Konačno" pos="X">Konačno</wf>
         <wf lemma="mu" pos="X">mu</wf>
         <wf lemma="je" pos="X">je</wf>
         <instance id="d000.s3128.t000" lemma="dati" pos="VERB">dala</instance>
         <wf lemma="razvod" pos="X">razvod</wf>
         <wf lemma="." pos="X">.</wf>
      </sentence>
      <sentence id="d000.s3129" source="wordnet-croatian">
         <wf lemma="Molim" pos="X">Molim</wf>
         <wf lemma="te" pos="X">te</wf>
         <wf lemma="," pos="X">,</wf>
         <instance id="d000.s3129.t000" lemma="nakovrčati" pos="VERB">nakovrčaj</instance>
         <wf lemma="moju" pos="X">moju</wf>
         <wf lemma="bujnu" pos="X">bujnu</wf>
         <wf lemma="kosu" pos="X">kosu</wf>
         <wf lemma="." pos="X">.</wf>
      </sentence>
      <sentence id="d000.s3130" source="wordnet-croatian">
         <wf lemma="Mnoge" pos="X">Mnoge</wf>
         <wf lemma="tamne" pos="X">tamne</wf>
         <wf lemma="misli" pos="X">misli</wf>
         <wf lemma="kriju" pos="X">kriju</wf>
         <wf lemma="se" pos="X">se</wf>
         <wf lemma="u" pos="X">u</wf>
         <wf lemma="njegovu" pos="X">njegovu</wf>
         <wf lemma="zločinačkom" pos="X">zločinačkom</wf>
         <instance id="d000.s3130.t000" lemma="um" pos="NOUN">umu</instance>
         <wf lemma="." pos="X">.</wf>
      </sentence>
      <sentence id="d000.s3131" source="wordnet-croatian">
         <wf lemma="Nitko" pos="X">Nitko</wf>
         <wf lemma="nije" pos="X">nije</wf>
         <wf lemma="osporavao" pos="X">osporavao</wf>
         <wf lemma="njegovu" pos="X">njegovu</wf>
         <instance id="d000.s3131.t000" lemma="moć" pos="NOUN">moć</instance>
         <wf lemma="u" pos="X">u</wf>
         <wf lemma="državi" pos="X">državi</wf>
         <wf lemma="." pos="X">.</wf>
      </sentence>
      <sentence id="d000.s3132" source="wordnet-croatian">
         <wf lemma="Izlazak" pos="X">Izlazak</wf>
         <wf lemma="iz" pos="X">iz</wf>
         <wf lemma="krize" pos="X">krize</wf>
         <instance id="d000.s3132.t000" lemma="moguć" pos="ADJ">moguć</instance>
         <wf lemma="je" pos="X">je</wf>
         <wf lemma="tek" pos="X">tek</wf>
         <wf lemma="sljedeće" pos="X">sljedeće</wf>
         <wf lemma="godine" pos="X">godine</wf>
         <wf lemma="." pos="X">.</wf>
      </sentence>
      <sentence id="d000.s3133" source="wordnet-croatian">
         <wf lemma="Hrvatska" pos="X">Hrvatska</wf>
         <instance id="d000.s3133.t000" lemma="ležati" pos="VERB">leži</instance>
         <wf lemma="između" pos="X">između</wf>
         <wf lemma="Zapada" pos="X">Zapada</wf>
         <wf lemma="i" pos="X">i</wf>
         <wf lemma="Istoka" pos="X">Istoka</wf>
         <wf lemma="." pos="X">.</wf>
      </sentence>
      <sentence id="d000.s3134" source="wordnet-croatian">
         <wf lemma="Željela" pos="X">Željela</wf>
         <wf lemma="se" pos="X">se</wf>
         <wf lemma="baviti" pos="X">baviti</wf>
         <wf lemma="razvojem" pos="X">razvojem</wf>
         <wf lemma="prirodne" pos="X">prirodne</wf>
         <instance id="d000.s3134.t000" lemma="kozmetika" pos="NOUN">kozmetike</instance>
         <wf lemma="i" pos="X">i</wf>
         <wf lemma="činila" pos="X">činila</wf>
         <wf lemma="je" pos="X">je</wf>
         <wf lemma="sve" pos="X">sve</wf>
         <wf lemma="da" pos="X">da</wf>
         <wf lemma="ostvari" pos="X">ostvari</wf>
         <wf lemma="svoj" pos="X">svoj</wf>
         <wf lemma="san" pos="X">san</wf>
         <wf lemma="." pos="X">.</wf>
      </sentence>
      <sentence id="d000.s3135" source="wordnet-croatian">
         <instance id="d000.s3135.t000" lemma="uzdignut" pos="ADJ">Uzdignut</instance>
         <wf lemma="rep" pos="X">rep</wf>
         <wf lemma="sugerira" pos="X">sugerira</wf>
         <wf lemma="da" pos="X">da</wf>
         <wf lemma="je" pos="X">je</wf>
         <wf lemma="pas" pos="X">pas</wf>
         <wf lemma="agresivan" pos="X">agresivan</wf>
         <wf lemma="." pos="X">.</wf>
      </sentence>
      <sentence id="d000.s3136" source="wordnet-croatian">
         <wf lemma="Njihove" pos="X">Njihove</wf>
         <wf lemma="su" pos="X">su</wf>
         <wf lemma="različite" pos="X">različite</wf>
         <wf lemma="reakcije" pos="X">reakcije</wf>
         <wf lemma="u" pos="X">u</wf>
         <wf lemma="istoj" pos="X">istoj</wf>
         <wf lemma="situacije" pos="X">situacije</wf>
         <wf lemma="pokazivale" pos="X">pokazivale</wf>
         <wf lemma="različitost" pos="X">različitost</wf>
         <wf lemma="njihova" pos="X">njihova</wf>
         <instance id="d000.s3136.t000" lemma="karakter" pos="NOUN">karaktera</instance>
         <wf lemma="." pos="X">.</wf>
      </sentence>
      <sentence id="d000.s3137" source="wordnet-croatian">
         <wf lemma="Mora" pos="X">Mora</wf>
         <wf lemma="se" pos="X">se</wf>
         <wf lemma="priznati" pos="X">priznati</wf>
         <wf lemma="kako" pos="X">kako</wf>
         <wf lemma="je" pos="X">je</wf>
         <wf lemma="lijepo" pos="X">lijepo</wf>
         <wf lemma="napravio" pos="X">napravio</wf>
         <instance id="d000.s3137.t000" lemma="spoj" pos="NOUN">spoj</instance>
         <wf lemma="modernog" pos="X">modernog</wf>
         <wf lemma="i" pos="X">i</wf>
         <wf lemma="tradicionalnog" pos="X">tradicionalnog</wf>
         <wf lemma="." pos="X">.</wf>
      </sentence>
      <sentence id="d000.s3138" source="wordnet-croatian">
         <wf lemma="Neki" pos="X">Neki</wf>
         <wf lemma="me" pos="X">me</wf>
         <instance id="d000.s3138.t000" lemma="čovjek" pos="NOUN">čovjek</instance>
         <wf lemma="zaustavio" pos="X">zaustavio</wf>
         <wf lemma="na" pos="X">na</wf>
         <wf lemma="ulici" pos="X">ulici</wf>
         <wf lemma="." pos="X">.</wf>
      </sentence>
      <sentence id="d000.s3139" source="wordnet-croatian">
         <wf lemma="Mačka" pos="X">Mačka</wf>
         <wf lemma="je" pos="X">je</wf>
         <instance id="d000.s3139.t000" lemma="ščepati" pos="VERB">ščepala</instance>
         <wf lemma="miša" pos="X">miša</wf>
         <wf lemma="." pos="X">.</wf>
      </sentence>
      <sentence id="d000.s3140" source="wordnet-croatian">
         <wf lemma="Točno" pos="X">Točno</wf>
         <wf lemma="u" pos="X">u</wf>
         <instance id="d000.s3140.t000" lemma="podne" pos="NOUN">podne</instance>
         <wf lemma="oglasio" pos="X">oglasio</wf>
         <wf lemma="se" pos="X">se</wf>
         <wf lemma="Grički" pos="X">Grički</wf>
         <wf lemma="top" pos="X">top</wf>
         <wf lemma="." pos="X">.</wf>
      </sentence>
      <sentence id="d000.s3141" source="wordnet-croatian">
         <wf lemma="Čitav" pos="X">Čitav</wf>
         <instance id="d000.s3141.t000" lemma="razred" pos="NOUN">razred</instance>
         <wf lemma="otišao" pos="X">otišao</wf>
         <wf lemma="je" pos="X">je</wf>
         <wf lemma="na" pos="X">na</wf>
         <wf lemma="maturalac" pos="X">maturalac</wf>
         <wf lemma="u" pos="X">u</wf>
         <wf lemma="Pulu" pos="X">Pulu</wf>
         <wf lemma="." pos="X">.</wf>
      </sentence>
      <sentence id="d000.s3142" source="wordnet-croatian">
         <instance id="d000.s3142.t000" lemma="nesvakidašnjost" pos="NOUN">Nesvakidašnjost</instance>
         <wf lemma="njezina" pos="X">njezina</wf>
         <wf lemma="ponašanja" pos="X">ponašanja</wf>
         <wf lemma="već" pos="X">već</wf>
         <wf lemma="je" pos="X">je</wf>
         <wf lemma="danima" pos="X">danima</wf>
         <wf lemma="zabrinjavala" pos="X">zabrinjavala</wf>
         <wf lemma="roditelje" pos="X">roditelje</wf>
         <wf lemma="." pos="X">.</wf>
      </sentence>
      <sentence id="d000.s3143" source="wordnet-croatian">
         <instance id="d000.s3143.t000" lemma="imputirati" pos="VERB">Imputirali</instance>
         <wf lemma="su" pos="X">su</wf>
         <wf lemma="mu" pos="X">mu</wf>
         <wf lemma="krivicu" pos="X">krivicu</wf>
         <wf lemma="za" pos="X">za</wf>
         <wf lemma="propast" pos="X">propast</wf>
         <wf lemma="poduzeća" pos="X">poduzeća</wf>
         <wf lemma="." pos="X">.</wf>
      </sentence>
      <sentence id="d000.s3144" source="wordnet-croatian">
         <wf lemma="Pogledao" pos="X">Pogledao</wf>
         <wf lemma="se" pos="X">se</wf>
         <wf lemma="u" pos="X">u</wf>
         <wf lemma="ogledalo" pos="X">ogledalo</wf>
         <wf lemma="," pos="X">,</wf>
         <wf lemma="zataknuo" pos="X">zataknuo</wf>
         <instance id="d000.s3144.t000" lemma="rupčić" pos="NOUN">rupčić</instance>
         <wf lemma="u" pos="X">u</wf>
         <wf lemma="džep" pos="X">džep</wf>
         <wf lemma="sakoa" pos="X">sakoa</wf>
         <wf lemma="i" pos="X">i</wf>
         <wf lemma="krenuo" pos="X">krenuo</wf>
         <wf lemma="na" pos="X">na</wf>
         <wf lemma="sastanak" pos="X">sastanak</wf>
         <wf lemma="." pos="X">.</wf>
      </sentence>
      <sentence id="d000.s3145" source="wordnet-croatian">
         <wf lemma="Uvijek" pos="X">Uvijek</wf>
         <wf lemma="je" pos="X">je</wf>
         <wf lemma="glasno" pos="X">glasno</wf>
         <wf lemma="izražavala" pos="X">izražavala</wf>
         <wf lemma="svoje" pos="X">svoje</wf>
         <instance id="d000.s3145.t000" lemma="mišljenje" pos="NOUN">mišljenje</instance>
         <wf lemma="." pos="X">.</wf>
      </sentence>
      <sentence id="d000.s3146" source="wordnet-croatian">
         <instance id="d000.s3146.t000" lemma="pospremiti" pos="VERB">Pospremi</instance>
         <wf lemma="igračke" pos="X">igračke</wf>
         <wf lemma="!" pos="X">!</wf>
      </sentence>
      <sentence id="d000.s3147" source="wordnet-croatian">
         <wf lemma="Automobil" pos="X">Automobil</wf>
         <wf lemma="je" pos="X">je</wf>
         <instance id="d000.s3147.t000" lemma="lupati" pos="VERB">lupao</instance>
         <wf lemma="jer" pos="X">jer</wf>
         <wf lemma="sam" pos="X">sam</wf>
         <wf lemma="natočio" pos="X">natočio</wf>
         <wf lemma="krivi" pos="X">krivi</wf>
         <wf lemma="benzin" pos="X">benzin</wf>
         <wf lemma="." pos="X">.</wf>
      </sentence>
      <sentence id="d000.s3148" source="wordnet-croatian">
         <instance id="d000.s3148.t000" lemma="treset" pos="NOUN">Treset</instance>
         <wf lemma="se" pos="X">se</wf>
         <wf lemma="po" pos="X">po</wf>
         <wf lemma="vremenu" pos="X">vremenu</wf>
         <wf lemma="nastajanja" pos="X">nastajanja</wf>
         <wf lemma="smatra" pos="X">smatra</wf>
         <wf lemma="najmlađim" pos="X">najmlađim</wf>
         <wf lemma="fosilnim" pos="X">fosilnim</wf>
         <wf lemma="gorivom" pos="X">gorivom</wf>
         <wf lemma="." pos="X">.</wf>
      </sentence>
      <sentence id="d000.s3149" source="wordnet-croatian">
         <instance id="d000.s3149.t000" lemma="ples" pos="NOUN">Plesom</instance>
         <wf lemma="je" pos="X">je</wf>
         <wf lemma="izbacivala" pos="X">izbacivala</wf>
         <wf lemma="svu" pos="X">svu</wf>
         <wf lemma="negativnu" pos="X">negativnu</wf>
         <wf lemma="energiju" pos="X">energiju</wf>
         <wf lemma="i" pos="X">i</wf>
         <wf lemma="dovodila" pos="X">dovodila</wf>
         <wf lemma="u" pos="X">u</wf>
         <wf lemma="sklad" pos="X">sklad</wf>
         <wf lemma="svoj" pos="X">svoj</wf>
         <wf lemma="um" pos="X">um</wf>
         <wf lemma="i" pos="X">i</wf>
         <wf lemma="tijelo" pos="X">tijelo</wf>
         <wf lemma="." pos="X">.</wf>
      </sentence>
      <sentence id="d000.s3150" source="wordnet-croatian">
         <wf lemma="Opet" pos="X">Opet</wf>
         <wf lemma="je" pos="X">je</wf>
         <wf lemma="zapala" pos="X">zapala</wf>
         <wf lemma="u" pos="X">u</wf>
         <wf lemma="jedno" pos="X">jedno</wf>
         <wf lemma="od" pos="X">od</wf>
         <wf lemma="svojih" pos="X">svojih</wf>
         <instance id="d000.s3150.t000" lemma="tmuran" pos="ADJ">tmurnih</instance>
         <wf lemma="raspoloženja" pos="X">raspoloženja</wf>
         <wf lemma="." pos="X">.</wf>
      </sentence>
      <sentence id="d000.s3151" source="wordnet-croatian">
         <wf lemma="Anketa" pos="X">Anketa</wf>
         <wf lemma="je" pos="X">je</wf>
         <wf lemma="pokazala" pos="X">pokazala</wf>
         <wf lemma="statistički" pos="X">statistički</wf>
         <instance id="d000.s3151.t000" lemma="značajan" pos="ADJ">značajnu</instance>
         <wf lemma="prednost" pos="X">prednost</wf>
         <wf lemma="oporbene" pos="X">oporbene</wf>
         <wf lemma="stranke" pos="X">stranke</wf>
         <wf lemma="." pos="X">.</wf>
      </sentence>
      <sentence id="d000.s3152" source="wordnet-croatian">
         <wf lemma="Ime" pos="X">Ime</wf>
         <instance id="d000.s3152.t000" lemma="astat" pos="NOUN">astat</instance>
         <wf lemma="dolazi" pos="X">dolazi</wf>
         <wf lemma="od" pos="X">od</wf>
         <wf lemma="grčke" pos="X">grčke</wf>
         <wf lemma="riječi" pos="X">riječi</wf>
         <wf lemma="'" pos="X">'</wf>
         <wf lemma="'" pos="X">'</wf>
         <wf lemma="astatos" pos="X">astatos</wf>
         <wf lemma="'" pos="X">'</wf>
         <wf lemma="'" pos="X">'</wf>
         <wf lemma="," pos="X">,</wf>
         <wf lemma="što" pos="X">što</wf>
         <wf lemma="znači" pos="X">znači</wf>
         <wf lemma="nepostojan" pos="X">nepostojan</wf>
         <wf lemma="." pos="X">.</wf>
      </sentence>
      <sentence id="d000.s3153" source="wordnet-croatian">
         <wf lemma="Ljubavni" pos="X">Ljubavni</wf>
         <wf lemma="se" pos="X">se</wf>
         <wf lemma="par" pos="X">par</wf>
         <wf lemma="strasno" pos="X">strasno</wf>
         <instance id="d000.s3153.t000" lemma="grliti" pos="VERB">grlio</instance>
         <wf lemma="na" pos="X">na</wf>
         <wf lemma="stražnjem" pos="X">stražnjem</wf>
         <wf lemma="sjedalu" pos="X">sjedalu</wf>
         <wf lemma="automobila" pos="X">automobila</wf>
         <wf lemma="." pos="X">.</wf>
      </sentence>
      <sentence id="d000.s3154" source="wordnet-croatian">
         <instance id="d000.s3154.t000" lemma="isključiti" pos="VERB">Isključi</instance>
         <wf lemma="ovu" pos="X">ovu</wf>
         <wf lemma="aplikaciju" pos="X">aplikaciju</wf>
         <wf lemma="na" pos="X">na</wf>
         <wf lemma="računalu" pos="X">računalu</wf>
         <wf lemma="," pos="X">,</wf>
         <wf lemma="molim" pos="X">molim</wf>
         <wf lemma="te" pos="X">te</wf>
         <wf lemma="." pos="X">.</wf>
      </sentence>
      <sentence id="d000.s3155" source="wordnet-croatian">
         <instance id="d000.s3155.t000" lemma="povratak" pos="NOUN">Povratak</instance>
         <wf lemma="izgubljenog" pos="X">izgubljenog</wf>
         <wf lemma="psića" pos="X">psića</wf>
         <wf lemma="kući" pos="X">kući</wf>
         <wf lemma="trajao" pos="X">trajao</wf>
         <wf lemma="je" pos="X">je</wf>
         <wf lemma="tri" pos="X">tri</wf>
         <wf lemma="dana" pos="X">dana</wf>
         <wf lemma="." pos="X">.</wf>
      </sentence>
      <sentence id="d000.s3156" source="wordnet-croatian">
         <instance id="d000.s3156.t000" lemma="balansirati" pos="VERB">Balansirao</instance>
         <wf lemma="je" pos="X">je</wf>
         <wf lemma="između" pos="X">između</wf>
         <wf lemma="djevojke" pos="X">djevojke</wf>
         <wf lemma="i" pos="X">i</wf>
         <wf lemma="prijatelja" pos="X">prijatelja</wf>
         <wf lemma="." pos="X">.</wf>
      </sentence>
      <sentence id="d000.s3157" source="wordnet-croatian">
         <wf lemma="Virkao" pos="X">Virkao</wf>
         <wf lemma="je" pos="X">je</wf>
         <wf lemma="kroz" pos="X">kroz</wf>
         <instance id="d000.s3157.t000" lemma="zavjesa" pos="NOUN">zavjesu</instance>
         <wf lemma="na" pos="X">na</wf>
         <wf lemma="pozornici" pos="X">pozornici</wf>
         <wf lemma="da" pos="X">da</wf>
         <wf lemma="vidi" pos="X">vidi</wf>
         <wf lemma="koliko" pos="X">koliko</wf>
         <wf lemma="ima" pos="X">ima</wf>
         <wf lemma="gledatelja" pos="X">gledatelja</wf>
         <wf lemma="u" pos="X">u</wf>
         <wf lemma="dvorani" pos="X">dvorani</wf>
         <wf lemma="." pos="X">.</wf>
      </sentence>
      <sentence id="d000.s3158" source="wordnet-croatian">
         <wf lemma="U" pos="X">U</wf>
         <wf lemma="krčmi" pos="X">krčmi</wf>
         <wf lemma="je" pos="X">je</wf>
         <wf lemma="bila" pos="X">bila</wf>
         <wf lemma="neka" pos="X">neka</wf>
         <wf lemma="vika" pos="X">vika</wf>
         <wf lemma="i" pos="X">i</wf>
         <instance id="d000.s3158.t000" lemma="kavga" pos="NOUN">kavga</instance>
         <wf lemma="." pos="X">.</wf>
      </sentence>
      <sentence id="d000.s3159" source="wordnet-croatian">
         <wf lemma="Nikada" pos="X">Nikada</wf>
         <wf lemma="se" pos="X">se</wf>
         <wf lemma="nije" pos="X">nije</wf>
         <wf lemma="postidio" pos="X">postidio</wf>
         <wf lemma="svoje" pos="X">svoje</wf>
         <instance id="d000.s3159.t000" lemma="pobožnost" pos="NOUN">pobožnosti</instance>
         <wf lemma="." pos="X">.</wf>
      </sentence>
      <sentence id="d000.s3160" source="wordnet-croatian">
         <wf lemma="Nisu" pos="X">Nisu</wf>
         <wf lemma="uspjeli" pos="X">uspjeli</wf>
         <wf lemma="riješiti" pos="X">riješiti</wf>
         <instance id="d000.s3160.t000" lemma="dvojba" pos="NOUN">dvojbu</instance>
         <wf lemma="je" pos="X">je</wf>
         <wf lemma="li" pos="X">li</wf>
         <wf lemma="pobačaj" pos="X">pobačaj</wf>
         <wf lemma="ubojstvo" pos="X">ubojstvo</wf>
         <wf lemma="ili" pos="X">ili</wf>
         <wf lemma="tek" pos="X">tek</wf>
         <wf lemma="rutinski" pos="X">rutinski</wf>
         <wf lemma="medicinski" pos="X">medicinski</wf>
         <wf lemma="zahvat" pos="X">zahvat</wf>
         <wf lemma="." pos="X">.</wf>
      </sentence>
      <sentence id="d000.s3161" source="wordnet-croatian">
         <instance id="d000.s3161.t000" lemma="odjel" pos="NOUN">Odjel</instance>
         <wf lemma="za" pos="X">za</wf>
         <wf lemma="dermatologiju" pos="X">dermatologiju</wf>
         <wf lemma="nalazi" pos="X">nalazi</wf>
         <wf lemma="se" pos="X">se</wf>
         <wf lemma="u" pos="X">u</wf>
         <wf lemma="lijevom" pos="X">lijevom</wf>
         <wf lemma="hodniku" pos="X">hodniku</wf>
         <wf lemma="." pos="X">.</wf>
      </sentence>
      <sentence id="d000.s3162" source="wordnet-croatian">
         <instance id="d000.s3162.t000" lemma="oznaka" pos="NOUN">Oznaka</instance>
         <wf lemma="države" pos="X">države</wf>
         <wf lemma="mora" pos="X">mora</wf>
         <wf lemma="biti" pos="X">biti</wf>
         <wf lemma="vidljiva" pos="X">vidljiva</wf>
         <wf lemma="sa" pos="X">sa</wf>
         <wf lemma="stražnje" pos="X">stražnje</wf>
         <wf lemma="strane" pos="X">strane</wf>
         <wf lemma="vozila" pos="X">vozila</wf>
         <wf lemma="." pos="X">.</wf>
      </sentence>
      <sentence id="d000.s3163" source="wordnet-croatian">
         <wf lemma="Sav" pos="X">Sav</wf>
         <wf lemma="je" pos="X">je</wf>
         <wf lemma="pocrvenio" pos="X">pocrvenio</wf>
         <wf lemma="od" pos="X">od</wf>
         <instance id="d000.s3163.t000" lemma="ljutnja" pos="NOUN">ljutnje</instance>
         <wf lemma="." pos="X">.</wf>
      </sentence>
      <sentence id="d000.s3164" source="wordnet-croatian">
         <wf lemma="Voljela" pos="X">Voljela</wf>
         <wf lemma="se" pos="X">se</wf>
         <wf lemma="nasloniti" pos="X">nasloniti</wf>
         <wf lemma="na" pos="X">na</wf>
         <instance id="d000.s3164.t000" lemma="ograda" pos="NOUN">ogradu</instance>
         <wf lemma="i" pos="X">i</wf>
         <wf lemma="razgovarati" pos="X">razgovarati</wf>
         <wf lemma="sa" pos="X">sa</wf>
         <wf lemma="susjedima" pos="X">susjedima</wf>
         <wf lemma="." pos="X">.</wf>
      </sentence>
      <sentence id="d000.s3165" source="wordnet-croatian">
         <wf lemma="S" pos="X">S</wf>
         <wf lemma="moje" pos="X">moje</wf>
         <wf lemma="točke" pos="X">točke</wf>
         <instance id="d000.s3165.t000" lemma="gledište" pos="NOUN">gledišta</instance>
         <wf lemma="on" pos="X">on</wf>
         <wf lemma="je" pos="X">je</wf>
         <wf lemma="bio" pos="X">bio</wf>
         <wf lemma="potpuno" pos="X">potpuno</wf>
         <wf lemma="u" pos="X">u</wf>
         <wf lemma="krivu" pos="X">krivu</wf>
         <wf lemma="." pos="X">.</wf>
      </sentence>
      <sentence id="d000.s3166" source="wordnet-croatian">
         <wf lemma="Njegovo" pos="X">Njegovo</wf>
         <instance id="d000.s3166.t000" lemma="ignoriranje" pos="NOUN">ignoriranje</instance>
         <wf lemma="kolega" pos="X">kolega</wf>
         <wf lemma="s" pos="X">s</wf>
         <wf lemma="odsjeka" pos="X">odsjeka</wf>
         <wf lemma="bilo" pos="X">bilo</wf>
         <wf lemma="je" pos="X">je</wf>
         <wf lemma="vrlo" pos="X">vrlo</wf>
         <wf lemma="upadljivo" pos="X">upadljivo</wf>
         <wf lemma="." pos="X">.</wf>
      </sentence>
      <sentence id="d000.s3167" source="wordnet-croatian">
         <instance id="d000.s3167.t000" lemma="apatit" pos="NOUN">Apatit</instance>
         <wf lemma="se" pos="X">se</wf>
         <wf lemma="rijetko" pos="X">rijetko</wf>
         <wf lemma="koristi" pos="X">koristi</wf>
         <wf lemma="za" pos="X">za</wf>
         <wf lemma="izradu" pos="X">izradu</wf>
         <wf lemma="nakita" pos="X">nakita</wf>
         <wf lemma="zbog" pos="X">zbog</wf>
         <wf lemma="mekane" pos="X">mekane</wf>
         <wf lemma="teksture" pos="X">teksture</wf>
         <wf lemma="," pos="X">,</wf>
         <wf lemma="ali" pos="X">ali</wf>
         <wf lemma="je" pos="X">je</wf>
         <wf lemma="zato" pos="X">zato</wf>
         <wf lemma="česti" pos="X">česti</wf>
         <wf lemma="primjerak" pos="X">primjerak</wf>
         <wf lemma="u" pos="X">u</wf>
         <wf lemma="zbirkama" pos="X">zbirkama</wf>
         <wf lemma="minerala" pos="X">minerala</wf>
         <wf lemma="." pos="X">.</wf>
      </sentence>
      <sentence id="d000.s3168" source="wordnet-croatian">
         <wf lemma="Britanija" pos="X">Britanija</wf>
         <wf lemma="je" pos="X">je</wf>
         <wf lemma="nekoć" pos="X">nekoć</wf>
         <wf lemma="bila" pos="X">bila</wf>
         <instance id="d000.s3168.t000" lemma="moćan" pos="ADJ">moćan</instance>
         <wf lemma="imperij" pos="X">imperij</wf>
         <wf lemma="." pos="X">.</wf>
      </sentence>
      <sentence id="d000.s3169" source="wordnet-croatian">
         <wf lemma="Mađioničar" pos="X">Mađioničar</wf>
         <wf lemma="je" pos="X">je</wf>
         <wf lemma="izveo" pos="X">izveo</wf>
         <wf lemma="poznati" pos="X">poznati</wf>
         <wf lemma="trik" pos="X">trik</wf>
         <wf lemma="vađenja" pos="X">vađenja</wf>
         <wf lemma="zeca" pos="X">zeca</wf>
         <wf lemma="iz" pos="X">iz</wf>
         <instance id="d000.s3169.t000" lemma="cilindar" pos="NOUN">cilindra</instance>
         <wf lemma="." pos="X">.</wf>
      </sentence>
      <sentence id="d000.s3170" source="wordnet-croatian">
         <instance id="d000.s3170.t000" lemma="prtljaga" pos="NOUN">Prtljaga</instance>
         <wf lemma="joj" pos="X">joj</wf>
         <wf lemma="se" pos="X">se</wf>
         <wf lemma="zagubila" pos="X">zagubila</wf>
         <wf lemma="na" pos="X">na</wf>
         <wf lemma="aerodromu" pos="X">aerodromu</wf>
         <wf lemma="." pos="X">.</wf>
      </sentence>
      <sentence id="d000.s3171" source="wordnet-croatian">
         <wf lemma="Molim" pos="X">Molim</wf>
         <wf lemma="jedan" pos="X">jedan</wf>
         <instance id="d000.s3171.t000" lemma="visak" pos="NOUN">viski</instance>
         <wf lemma="s" pos="X">s</wf>
         <wf lemma="ledom" pos="X">ledom</wf>
         <wf lemma="." pos="X">.</wf>
      </sentence>
      <sentence id="d000.s3172" source="wordnet-croatian">
         <wf lemma="Za" pos="X">Za</wf>
         <wf lemma="Francuze" pos="X">Francuze</wf>
         <wf lemma="je" pos="X">je</wf>
         <wf lemma="nedopustivo" pos="X">nedopustivo</wf>
         <instance id="d000.s3172.t000" lemma="pomiješati" pos="VERB">pomiješati</instance>
         <wf lemma="vodu" pos="X">vodu</wf>
         <wf lemma="s" pos="X">s</wf>
         <wf lemma="vinom" pos="X">vinom</wf>
         <wf lemma="." pos="X">.</wf>
      </sentence>
      <sentence id="d000.s3173" source="wordnet-croatian">
         <instance id="d000.s3173.t000" lemma="program" pos="NOUN">Program</instance>
         <wf lemma="se" pos="X">se</wf>
         <wf lemma="sastojao" pos="X">sastojao</wf>
         <wf lemma="od" pos="X">od</wf>
         <wf lemma="stotina" pos="X">stotina</wf>
         <wf lemma="linija" pos="X">linija</wf>
         <wf lemma="koda" pos="X">koda</wf>
         <wf lemma="." pos="X">.</wf>
      </sentence>
      <sentence id="d000.s3174" source="wordnet-croatian">
         <instance id="d000.s3174.t000" lemma="natovariti" pos="VERB">Natovario</instance>
         <wf lemma="je" pos="X">je</wf>
         <wf lemma="sijeno" pos="X">sijeno</wf>
         <wf lemma="na" pos="X">na</wf>
         <wf lemma="kola" pos="X">kola</wf>
         <wf lemma="." pos="X">.</wf>
      </sentence>
      <sentence id="d000.s3175" source="wordnet-croatian">
         <wf lemma="Nosila" pos="X">Nosila</wf>
         <wf lemma="je" pos="X">je</wf>
         <wf lemma="veoma" pos="X">veoma</wf>
         <instance id="d000.s3175.t000" lemma="atraktivan" pos="ADJ">atraktivnu</instance>
         <wf lemma="odjeću" pos="X">odjeću</wf>
         <wf lemma="." pos="X">.</wf>
      </sentence>
      <sentence id="d000.s3176" source="wordnet-croatian">
         <wf lemma="Složili" pos="X">Složili</wf>
         <wf lemma="su" pos="X">su</wf>
         <wf lemma="se" pos="X">se</wf>
         <wf lemma="oko" pos="X">oko</wf>
         <instance id="d000.s3176.t000" lemma="težina" pos="NOUN">težine</instance>
         <wf lemma="uspona" pos="X">uspona</wf>
         <wf lemma="na" pos="X">na</wf>
         <wf lemma="najviši" pos="X">najviši</wf>
         <wf lemma="vrh" pos="X">vrh</wf>
         <wf lemma="brda" pos="X">brda</wf>
         <wf lemma="." pos="X">.</wf>
      </sentence>
      <sentence id="d000.s3177" source="wordnet-croatian">
         <wf lemma="Svoj" pos="X">Svoj</wf>
         <wf lemma="članak" pos="X">članak</wf>
         <wf lemma="moraš" pos="X">moraš</wf>
         <instance id="d000.s3177.t000" lemma="sažeti" pos="VERB">sažeti</instance>
         <wf lemma="na" pos="X">na</wf>
         <wf lemma="pet" pos="X">pet</wf>
         <wf lemma="stranica" pos="X">stranica</wf>
         <wf lemma="." pos="X">.</wf>
      </sentence>
      <sentence id="d000.s3178" source="wordnet-croatian">
         <wf lemma="Vlada" pos="X">Vlada</wf>
         <wf lemma="nije" pos="X">nije</wf>
         <wf lemma="bila" pos="X">bila</wf>
         <wf lemma="spremna" pos="X">spremna</wf>
         <wf lemma="za" pos="X">za</wf>
         <instance id="d000.s3178.t000" lemma="sukob" pos="NOUN">sukob</instance>
         <wf lemma="sa" pos="X">sa</wf>
         <wf lemma="sindikatima" pos="X">sindikatima</wf>
         <wf lemma="." pos="X">.</wf>
      </sentence>
      <sentence id="d000.s3179" source="wordnet-croatian">
         <wf lemma="Današnja" pos="X">Današnja</wf>
         <wf lemma="je" pos="X">je</wf>
         <instance id="d000.s3179.t000" lemma="rasprava" pos="NOUN">rasprava</instance>
         <wf lemma="o" pos="X">o</wf>
         <wf lemma="pravima" pos="X">pravima</wf>
         <wf lemma="umirovljenika" pos="X">umirovljenika</wf>
         <wf lemma="bila" pos="X">bila</wf>
         <wf lemma="vrlo" pos="X">vrlo</wf>
         <wf lemma="burna" pos="X">burna</wf>
         <wf lemma="." pos="X">.</wf>
      </sentence>
      <sentence id="d000.s3180" source="wordnet-croatian">
         <wf lemma="Vraćam" pos="X">Vraćam</wf>
         <wf lemma="se" pos="X">se</wf>
         <wf lemma="za" pos="X">za</wf>
         <wf lemma="pet" pos="X">pet</wf>
         <instance id="d000.s3180.t000" lemma="minuta" pos="NOUN">minuta</instance>
         <wf lemma="." pos="X">.</wf>
      </sentence>
      <sentence id="d000.s3181" source="wordnet-croatian">
         <wf lemma="Premijer" pos="X">Premijer</wf>
         <wf lemma="je" pos="X">je</wf>
         <wf lemma="ovo" pos="X">ovo</wf>
         <wf lemma="maestralno" pos="X">maestralno</wf>
         <instance id="d000.s3181.t000" lemma="odigrati" pos="VERB">odigrao</instance>
         <wf lemma="!" pos="X">!</wf>
      </sentence>
      <sentence id="d000.s3182" source="wordnet-croatian">
         <wf lemma="Toplomjer" pos="X">Toplomjer</wf>
         <wf lemma="je" pos="X">je</wf>
         <instance id="d000.s3182.t000" lemma="pokazati" pos="VERB">pokazao</instance>
         <wf lemma="da" pos="X">da</wf>
         <wf lemma="imaš" pos="X">imaš</wf>
         <wf lemma="povišenu" pos="X">povišenu</wf>
         <wf lemma="temeraturu" pos="X">temeraturu</wf>
         <wf lemma="." pos="X">.</wf>
      </sentence>
      <sentence id="d000.s3183" source="wordnet-croatian">
         <instance id="d000.s3183.t000" lemma="rupa" pos="NOUN">Rupu</instance>
         <wf lemma="u" pos="X">u</wf>
         <wf lemma="zidu" pos="X">zidu</wf>
         <wf lemma="prekrili" pos="X">prekrili</wf>
         <wf lemma="su" pos="X">su</wf>
         <wf lemma="slikom" pos="X">slikom</wf>
         <wf lemma="." pos="X">.</wf>
      </sentence>
      <sentence id="d000.s3184" source="wordnet-croatian">
         <wf lemma="Dobio" pos="X">Dobio</wf>
         <wf lemma="sam" pos="X">sam</wf>
         <wf lemma="najveći" pos="X">najveći</wf>
         <instance id="d000.s3184.t000" lemma="komad" pos="NOUN">komad</instance>
         <wf lemma="torte" pos="X">torte</wf>
         <wf lemma="." pos="X">.</wf>
      </sentence>
      <sentence id="d000.s3185" source="wordnet-croatian">
         <instance id="d000.s3185.t000" lemma="ritual" pos="NOUN">Rituali</instance>
         <wf lemma="starih" pos="X">starih</wf>
         <wf lemma="druida" pos="X">druida</wf>
         <wf lemma="izvodili" pos="X">izvodili</wf>
         <wf lemma="su" pos="X">su</wf>
         <wf lemma="se" pos="X">se</wf>
         <wf lemma="prema" pos="X">prema</wf>
         <wf lemma="lunarnom" pos="X">lunarnom</wf>
         <wf lemma="kalendaru" pos="X">kalendaru</wf>
         <wf lemma="." pos="X">.</wf>
      </sentence>
      <sentence id="d000.s3186" source="wordnet-croatian">
         <wf lemma="Okruženi" pos="X">Okruženi</wf>
         <wf lemma="smo" pos="X">smo</wf>
         <instance id="d000.s3186.t000" lemma="materijalan" pos="ADJ">materijalnim</instance>
         <wf lemma="svijetom" pos="X">svijetom</wf>
         <wf lemma="." pos="X">.</wf>
      </sentence>
      <sentence id="d000.s3187" source="wordnet-croatian">
         <wf lemma="Jadran" pos="X">Jadran</wf>
         <wf lemma="je" pos="X">je</wf>
         <instance id="d000.s3187.t000" lemma="omiljen" pos="ADJ">omiljeno</instance>
         <wf lemma="turističko" pos="X">turističko</wf>
         <wf lemma="odredište" pos="X">odredište</wf>
         <wf lemma="." pos="X">.</wf>
      </sentence>
      <sentence id="d000.s3188" source="wordnet-croatian">
         <wf lemma="Studente" pos="X">Studente</wf>
         <wf lemma="je" pos="X">je</wf>
         <instance id="d000.s3188.t000" lemma="uputiti" pos="VERB">uputio</instance>
         <wf lemma="na" pos="X">na</wf>
         <wf lemma="dodatnu" pos="X">dodatnu</wf>
         <wf lemma="literaturu" pos="X">literaturu</wf>
         <wf lemma="." pos="X">.</wf>
      </sentence>
      <sentence id="d000.s3189" source="wordnet-croatian">
         <wf lemma="Astrolozi" pos="X">Astrolozi</wf>
         <wf lemma="stalno" pos="X">stalno</wf>
         <wf lemma="otkrivaju" pos="X">otkrivaju</wf>
         <instance id="d000.s3189.t000" lemma="nov" pos="ADJ">nove</instance>
         <wf lemma="zvijezde" pos="X">zvijezde</wf>
         <wf lemma="." pos="X">.</wf>
      </sentence>
      <sentence id="d000.s3190" source="wordnet-croatian">
         <wf lemma="Imali" pos="X">Imali</wf>
         <wf lemma="su" pos="X">su</wf>
         <instance id="d000.s3190.t000" lemma="sretan" pos="ADJ">sretan</instance>
         <wf lemma="i" pos="X">i</wf>
         <wf lemma="skladan" pos="X">skladan</wf>
         <wf lemma="brak" pos="X">brak</wf>
         <wf lemma="." pos="X">.</wf>
      </sentence>
      <sentence id="d000.s3191" source="wordnet-croatian">
         <wf lemma="Farmer" pos="X">Farmer</wf>
         <wf lemma="je" pos="X">je</wf>
         <instance id="d000.s3191.t000" lemma="usmrtiti" pos="VERB">usmrtio</instance>
         <wf lemma="bolesnu" pos="X">bolesnu</wf>
         <wf lemma="kobilu" pos="X">kobilu</wf>
         <wf lemma="." pos="X">.</wf>
      </sentence>
      <sentence id="d000.s3192" source="wordnet-croatian">
         <wf lemma="Liječnik" pos="X">Liječnik</wf>
         <wf lemma="joj" pos="X">joj</wf>
         <wf lemma="je" pos="X">je</wf>
         <wf lemma="propisao" pos="X">propisao</wf>
         <wf lemma="odmor" pos="X">odmor</wf>
         <wf lemma="u" pos="X">u</wf>
         <instance id="d000.s3192.t000" lemma="toplice" pos="NOUN">toplicama</instance>
         <wf lemma="." pos="X">.</wf>
      </sentence>
      <sentence id="d000.s3193" source="wordnet-croatian">
         <wf lemma="Žuži" pos="X">Žuži</wf>
         <wf lemma="je" pos="X">je</wf>
         <wf lemma="žena" pos="X">žena</wf>
         <wf lemma="bogatog" pos="X">bogatog</wf>
         <wf lemma="životnog" pos="X">životnog</wf>
         <instance id="d000.s3193.t000" lemma="iskustvo" pos="NOUN">iskustva</instance>
         <wf lemma="." pos="X">.</wf>
      </sentence>
      <sentence id="d000.s3194" source="wordnet-croatian">
         <wf lemma="Kako" pos="X">Kako</wf>
         <wf lemma="možeš" pos="X">možeš</wf>
         <wf lemma="biti" pos="X">biti</wf>
         <wf lemma="tako" pos="X">tako</wf>
         <instance id="d000.s3194.t000" lemma="bezosjećajan" pos="ADJ">bezosjećajan</instance>
         <wf lemma="?" pos="X">?</wf>
      </sentence>
      <sentence id="d000.s3195" source="wordnet-croatian">
         <instance id="d000.s3195.t000" lemma="istjerati" pos="VERB">Istjerala</instance>
         <wf lemma="ga" pos="X">ga</wf>
         <wf lemma="je" pos="X">je</wf>
         <wf lemma="van" pos="X">van</wf>
         <wf lemma="iz" pos="X">iz</wf>
         <wf lemma="sobe" pos="X">sobe</wf>
         <wf lemma="." pos="X">.</wf>
      </sentence>
      <sentence id="d000.s3196" source="wordnet-croatian">
         <wf lemma="Na" pos="X">Na</wf>
         <wf lemma="tržnici" pos="X">tržnici</wf>
         <wf lemma="sam" pos="X">sam</wf>
         <wf lemma="kupila" pos="X">kupila</wf>
         <wf lemma="mnogo" pos="X">mnogo</wf>
         <wf lemma="domaćeg" pos="X">domaćeg</wf>
         <instance id="d000.s3196.t000" lemma="voće" pos="NOUN">voća</instance>
         <wf lemma="." pos="X">.</wf>
      </sentence>
      <sentence id="d000.s3197" source="wordnet-croatian">
         <wf lemma="Kupio" pos="X">Kupio</wf>
         <wf lemma="sam" pos="X">sam</wf>
         <wf lemma="novi" pos="X">novi</wf>
         <instance id="d000.s3197.t000" lemma="komad" pos="NOUN">komad</instance>
         <wf lemma="namještaja" pos="X">namještaja</wf>
         <wf lemma="." pos="X">.</wf>
      </sentence>
      <sentence id="d000.s3198" source="wordnet-croatian">
         <wf lemma="Stranku" pos="X">Stranku</wf>
         <wf lemma="je" pos="X">je</wf>
         <wf lemma="uništila" pos="X">uništila</wf>
         <instance id="d000.s3198.t000" lemma="taština" pos="NOUN">taština</instance>
         <wf lemma="vladajućih" pos="X">vladajućih</wf>
         <wf lemma="." pos="X">.</wf>
      </sentence>
      <sentence id="d000.s3199" source="wordnet-croatian">
         <wf lemma="Imao" pos="X">Imao</wf>
         <wf lemma="sam" pos="X">sam</wf>
         <wf lemma="manju" pos="X">manju</wf>
         <wf lemma="prometnu" pos="X">prometnu</wf>
         <wf lemma="nesreću" pos="X">nesreću</wf>
         <wf lemma="pa" pos="X">pa</wf>
         <wf lemma="moram" pos="X">moram</wf>
         <wf lemma="promijeniti" pos="X">promijeniti</wf>
         <wf lemma="lijevi" pos="X">lijevi</wf>
         <wf lemma="prednji" pos="X">prednji</wf>
         <instance id="d000.s3199.t000" lemma="blatobran" pos="NOUN">blatobran</instance>
         <wf lemma="." pos="X">.</wf>
      </sentence>
      <sentence id="d000.s3200" source="wordnet-croatian">
         <wf lemma="Čips" pos="X">Čips</wf>
         <wf lemma="i" pos="X">i</wf>
         <wf lemma="slani" pos="X">slani</wf>
         <wf lemma="štapići" pos="X">štapići</wf>
         <wf lemma="su" pos="X">su</wf>
         <wf lemma="obavezne" pos="X">obavezne</wf>
         <instance id="d000.s3200.t000" lemma="grickalica" pos="NOUN">grickalice</instance>
         <wf lemma="na" pos="X">na</wf>
         <wf lemma="Aninim" pos="X">Aninim</wf>
         <wf lemma="zabavama" pos="X">zabavama</wf>
         <wf lemma="." pos="X">.</wf>
      </sentence>
      <sentence id="d000.s3201" source="wordnet-croatian">
         <wf lemma="Europski" pos="X">Europski</wf>
         <wf lemma="monetarni" pos="X">monetarni</wf>
         <instance id="d000.s3201.t000" lemma="fond" pos="NOUN">fond</instance>
         <wf lemma="sve" pos="X">sve</wf>
         <wf lemma="je" pos="X">je</wf>
         <wf lemma="nestabilniji" pos="X">nestabilniji</wf>
         <wf lemma="." pos="X">.</wf>
      </sentence>
      <sentence id="d000.s3202" source="wordnet-croatian">
         <wf lemma="Spustila" pos="X">Spustila</wf>
         <wf lemma="se" pos="X">se</wf>
         <wf lemma="kiša" pos="X">kiša</wf>
         <wf lemma="," pos="X">,</wf>
         <wf lemma="a" pos="X">a</wf>
         <wf lemma="ona" pos="X">ona</wf>
         <wf lemma="nije" pos="X">nije</wf>
         <wf lemma="imala" pos="X">imala</wf>
         <instance id="d000.s3202.t000" lemma="kišobran" pos="NOUN">kišobrana</instance>
         <wf lemma="pa" pos="X">pa</wf>
         <wf lemma="je" pos="X">je</wf>
         <wf lemma="potpuno" pos="X">potpuno</wf>
         <wf lemma="pokisla" pos="X">pokisla</wf>
         <wf lemma="." pos="X">.</wf>
      </sentence>
      <sentence id="d000.s3203" source="wordnet-croatian">
         <instance id="d000.s3203.t000" lemma="padobran" pos="NOUN">Padobran</instance>
         <wf lemma="mu" pos="X">mu</wf>
         <wf lemma="je" pos="X">je</wf>
         <wf lemma="spasio" pos="X">spasio</wf>
         <wf lemma="život" pos="X">život</wf>
         <wf lemma="." pos="X">.</wf>
      </sentence>
      <sentence id="d000.s3204" source="wordnet-croatian">
         <wf lemma="Svojim" pos="X">Svojim</wf>
         <wf lemma="uspjesima" pos="X">uspjesima</wf>
         <instance id="d000.s3204.t000" lemma="pridodati" pos="VERB">pridodao</instance>
         <wf lemma="je" pos="X">je</wf>
         <wf lemma="još" pos="X">još</wf>
         <wf lemma="i" pos="X">i</wf>
         <wf lemma="ovaj" pos="X">ovaj</wf>
         <wf lemma="posljednji" pos="X">posljednji</wf>
         <wf lemma="." pos="X">.</wf>
      </sentence>
      <sentence id="d000.s3205" source="wordnet-croatian">
         <wf lemma="Prije" pos="X">Prije</wf>
         <wf lemma="kupnje" pos="X">kupnje</wf>
         <wf lemma="namještaja" pos="X">namještaja</wf>
         <wf lemma="," pos="X">,</wf>
         <wf lemma="potrebno" pos="X">potrebno</wf>
         <wf lemma="je" pos="X">je</wf>
         <wf lemma="dobro" pos="X">dobro</wf>
         <wf lemma="izmjeriti" pos="X">izmjeriti</wf>
         <instance id="d000.s3205.t000" lemma="dimenzija" pos="NOUN">dimenzije</instance>
         <wf lemma="prostora" pos="X">prostora</wf>
         <wf lemma="." pos="X">.</wf>
      </sentence>
      <sentence id="d000.s3206" source="wordnet-croatian">
         <wf lemma="Mlijeko" pos="X">Mlijeko</wf>
         <wf lemma="sadrži" pos="X">sadrži</wf>
         <instance id="d000.s3206.t000" lemma="kalcij" pos="NOUN">kalcij</instance>
         <wf lemma="." pos="X">.</wf>
      </sentence>
      <sentence id="d000.s3207" source="wordnet-croatian">
         <wf lemma="Par" pos="X">Par</wf>
         <wf lemma="je" pos="X">je</wf>
         <instance id="d000.s3207.t000" lemma="prekinuti" pos="VERB">prekinuo</instance>
         <wf lemma="nakon" pos="X">nakon</wf>
         <wf lemma="15" pos="X">15</wf>
         <wf lemma="godina" pos="X">godina</wf>
         <wf lemma="hodanja" pos="X">hodanja</wf>
         <wf lemma="." pos="X">.</wf>
      </sentence>
      <sentence id="d000.s3208" source="wordnet-croatian">
         <wf lemma="Srušio" pos="X">Srušio</wf>
         <wf lemma="nam" pos="X">nam</wf>
         <wf lemma="se" pos="X">se</wf>
         <wf lemma="čitav" pos="X">čitav</wf>
         <instance id="d000.s3208.t000" lemma="svijet" pos="NOUN">svijet</instance>
         <wf lemma="." pos="X">.</wf>
      </sentence>
      <sentence id="d000.s3209" source="wordnet-croatian">
         <wf lemma="Koristim" pos="X">Koristim</wf>
         <wf lemma="stari" pos="X">stari</wf>
         <instance id="d000.s3209.t000" lemma="trik" pos="NOUN">trik</instance>
         <wf lemma="-" pos="X">-</wf>
         <wf lemma="oženim" pos="X">oženim</wf>
         <wf lemma="se" pos="X">se</wf>
         <wf lemma="za" pos="X">za</wf>
         <wf lemma="bogatu" pos="X">bogatu</wf>
         <wf lemma="stariju" pos="X">stariju</wf>
         <wf lemma="ženu" pos="X">ženu</wf>
         <wf lemma="i" pos="X">i</wf>
         <wf lemma="čekam" pos="X">čekam</wf>
         <wf lemma="da" pos="X">da</wf>
         <wf lemma="umre" pos="X">umre</wf>
         <wf lemma="." pos="X">.</wf>
      </sentence>
      <sentence id="d000.s3210" source="wordnet-croatian">
         <wf lemma="Dnevne" pos="X">Dnevne</wf>
         <wf lemma="novine" pos="X">novine</wf>
         <wf lemma="dostavljaju" pos="X">dostavljaju</wf>
         <wf lemma="mu" pos="X">mu</wf>
         <wf lemma="u" pos="X">u</wf>
         <wf lemma="njegov" pos="X">njegov</wf>
         <instance id="d000.s3210.t000" lemma="dom" pos="NOUN">dom</instance>
         <wf lemma="." pos="X">.</wf>
      </sentence>
      <sentence id="d000.s3211" source="wordnet-croatian">
         <wf lemma="Dugo" pos="X">Dugo</wf>
         <wf lemma="su" pos="X">su</wf>
         <wf lemma="razmišljali" pos="X">razmišljali</wf>
         <wf lemma="o" pos="X">o</wf>
         <wf lemma="tome" pos="X">tome</wf>
         <wf lemma="kakav" pos="X">kakav</wf>
         <wf lemma="krovni" pos="X">krovni</wf>
         <instance id="d000.s3211.t000" lemma="pokrov" pos="NOUN">pokrov</instance>
         <wf lemma="staviti" pos="X">staviti</wf>
         <wf lemma="na" pos="X">na</wf>
         <wf lemma="kuću" pos="X">kuću</wf>
         <wf lemma="." pos="X">.</wf>
      </sentence>
      <sentence id="d000.s3212" source="wordnet-croatian">
         <wf lemma="U" pos="X">U</wf>
         <wf lemma="varivo" pos="X">varivo</wf>
         <wf lemma="treba" pos="X">treba</wf>
         <wf lemma="uvijek" pos="X">uvijek</wf>
         <instance id="d000.s3212.t000" lemma="dodati" pos="VERB">dodati</instance>
         <wf lemma="mediteranskoga" pos="X">mediteranskoga</wf>
         <wf lemma="bilja" pos="X">bilja</wf>
         <wf lemma="." pos="X">.</wf>
      </sentence>
      <sentence id="d000.s3213" source="wordnet-croatian">
         <instance id="d000.s3213.t000" lemma="filmaš" pos="NOUN">Filmaši</instance>
         <wf lemma="su" pos="X">su</wf>
         <wf lemma="pohrlili" pos="X">pohrlili</wf>
         <wf lemma="kako" pos="X">kako</wf>
         <wf lemma="bi" pos="X">bi</wf>
         <wf lemma="financirali" pos="X">financirali</wf>
         <wf lemma="stvaranje" pos="X">stvaranje</wf>
         <wf lemma="novog" pos="X">novog</wf>
         <wf lemma="nastavka" pos="X">nastavka</wf>
         <wf lemma="velikog" pos="X">velikog</wf>
         <wf lemma="filmskog" pos="X">filmskog</wf>
         <wf lemma="hita" pos="X">hita</wf>
         <wf lemma="." pos="X">.</wf>
      </sentence>
      <sentence id="d000.s3214" source="wordnet-croatian">
         <wf lemma="Volumen" pos="X">Volumen</wf>
         <instance id="d000.s3214.t000" lemma="tekućina" pos="NOUN">tekućine</instance>
         <wf lemma="se" pos="X">se</wf>
         <wf lemma="ne" pos="X">ne</wf>
         <wf lemma="mijenja" pos="X">mijenja</wf>
         <wf lemma="bez" pos="X">bez</wf>
         <wf lemma="obzira" pos="X">obzira</wf>
         <wf lemma="na" pos="X">na</wf>
         <wf lemma="oblik" pos="X">oblik</wf>
         <wf lemma="i" pos="X">i</wf>
         <wf lemma="prividnu" pos="X">prividnu</wf>
         <wf lemma="veličinu" pos="X">veličinu</wf>
         <wf lemma="spremnika" pos="X">spremnika</wf>
         <wf lemma="." pos="X">.</wf>
      </sentence>
      <sentence id="d000.s3215" source="wordnet-croatian">
         <instance id="d000.s3215.t000" lemma="doticaj" pos="NOUN">Doticaj</instance>
         <wf lemma="podzemnih" pos="X">podzemnih</wf>
         <wf lemma="voda" pos="X">voda</wf>
         <wf lemma="s" pos="X">s</wf>
         <wf lemma="radioaktivnim" pos="X">radioaktivnim</wf>
         <wf lemma="tvarima" pos="X">tvarima</wf>
         <wf lemma="može" pos="X">može</wf>
         <wf lemma="izazvati" pos="X">izazvati</wf>
         <wf lemma="ekološku" pos="X">ekološku</wf>
         <wf lemma="katastrofu" pos="X">katastrofu</wf>
         <wf lemma="." pos="X">.</wf>
      </sentence>
      <sentence id="d000.s3216" source="wordnet-croatian">
         <wf lemma="Iz" pos="X">Iz</wf>
         <wf lemma="vojnog" pos="X">vojnog</wf>
         <instance id="d000.s3216.t000" lemma="tabor" pos="NOUN">tabora</instance>
         <wf lemma="stizale" pos="X">stizale</wf>
         <wf lemma="su" pos="X">su</wf>
         <wf lemma="samo" pos="X">samo</wf>
         <wf lemma="loše" pos="X">loše</wf>
         <wf lemma="vijesti" pos="X">vijesti</wf>
         <wf lemma="." pos="X">.</wf>
      </sentence>
      <sentence id="d000.s3217" source="wordnet-croatian">
         <wf lemma="Naišao" pos="X">Naišao</wf>
         <wf lemma="je" pos="X">je</wf>
         <wf lemma="na" pos="X">na</wf>
         <instance id="d000.s3217.t000" lemma="protivnik" pos="NOUN">protivnika</instance>
         <wf lemma="kojeg" pos="X">kojeg</wf>
         <wf lemma="nije" pos="X">nije</wf>
         <wf lemma="mogao" pos="X">mogao</wf>
         <wf lemma="pobjediti" pos="X">pobjediti</wf>
         <wf lemma="u" pos="X">u</wf>
         <wf lemma="šahu" pos="X">šahu</wf>
         <wf lemma="." pos="X">.</wf>
      </sentence>
      <sentence id="d000.s3218" source="wordnet-croatian">
         <instance id="d000.s3218.t000" lemma="željeti" pos="VERB">Želim</instance>
         <wf lemma="ti" pos="X">ti</wf>
         <wf lemma="dobar" pos="X">dobar</wf>
         <wf lemma="dan" pos="X">dan</wf>
         <wf lemma="." pos="X">.</wf>
      </sentence>
      <sentence id="d000.s3219" source="wordnet-croatian">
         <wf lemma="Imao" pos="X">Imao</wf>
         <wf lemma="je" pos="X">je</wf>
         <instance id="d000.s3219.t000" lemma="glup" pos="ADJ">glup</instance>
         <wf lemma="posao" pos="X">posao</wf>
         <wf lemma="koji" pos="X">koji</wf>
         <wf lemma="je" pos="X">je</wf>
         <wf lemma="uključivao" pos="X">uključivao</wf>
         <wf lemma="i" pos="X">i</wf>
         <wf lemma="neinteligentne" pos="X">neinteligentne</wf>
         <wf lemma="suradnike" pos="X">suradnike</wf>
         <wf lemma="." pos="X">.</wf>
      </sentence>
      <sentence id="d000.s3220" source="wordnet-croatian">
         <wf lemma="Sin" pos="X">Sin</wf>
         <wf lemma="je" pos="X">je</wf>
         <wf lemma="bio" pos="X">bio</wf>
         <instance id="d000.s3220.t000" lemma="nalik" pos="ADJ">nalik</instance>
         <wf lemma="ocu" pos="X">ocu</wf>
         <wf lemma="." pos="X">.</wf>
      </sentence>
      <sentence id="d000.s3221" source="wordnet-croatian">
         <wf lemma="Marko" pos="X">Marko</wf>
         <wf lemma="je" pos="X">je</wf>
         <wf lemma="danas" pos="X">danas</wf>
         <wf lemma="zaboravio" pos="X">zaboravio</wf>
         <wf lemma="na" pos="X">na</wf>
         <wf lemma="jutarnje" pos="X">jutarnje</wf>
         <instance id="d000.s3221.t000" lemma="brijanje" pos="NOUN">brijanje</instance>
         <wf lemma="." pos="X">.</wf>
      </sentence>
      <sentence id="d000.s3222" source="wordnet-croatian">
         <wf lemma="Oni" pos="X">Oni</wf>
         <wf lemma="su" pos="X">su</wf>
         <wf lemma="obitelj" pos="X">obitelj</wf>
         <wf lemma="koja" pos="X">koja</wf>
         <wf lemma="i" pos="X">i</wf>
         <wf lemma="u" pos="X">u</wf>
         <wf lemma="ovim" pos="X">ovim</wf>
         <wf lemma="teškim" pos="X">teškim</wf>
         <wf lemma="vremenima" pos="X">vremenima</wf>
         <wf lemma="i" pos="X">i</wf>
         <wf lemma="dalje" pos="X">dalje</wf>
         <instance id="d000.s3222.t000" lemma="držati" pos="VERB">drži</instance>
         <wf lemma="poslugu" pos="X">poslugu</wf>
         <wf lemma="." pos="X">.</wf>
      </sentence>
      <sentence id="d000.s3223" source="wordnet-croatian">
         <wf lemma="Više" pos="X">Više</wf>
         <wf lemma="ne" pos="X">ne</wf>
         <wf lemma="mogu" pos="X">mogu</wf>
         <instance id="d000.s3223.t000" lemma="bančiti" pos="VERB">bančiti</instance>
         <wf lemma="kao" pos="X">kao</wf>
         <wf lemma="nekad" pos="X">nekad</wf>
         <wf lemma="." pos="X">.</wf>
      </sentence>
      <sentence id="d000.s3224" source="wordnet-croatian">
         <wf lemma="S" pos="X">S</wf>
         <wf lemma="toga" pos="X">toga</wf>
         <instance id="d000.s3224.t000" lemma="aspekt" pos="NOUN">aspekta</instance>
         <wf lemma="ne" pos="X">ne</wf>
         <wf lemma="možeš" pos="X">možeš</wf>
         <wf lemma="sagledati" pos="X">sagledati</wf>
         <wf lemma="problem" pos="X">problem</wf>
         <wf lemma="." pos="X">.</wf>
      </sentence>
      <sentence id="d000.s3225" source="wordnet-croatian">
         <wf lemma="Izgradili" pos="X">Izgradili</wf>
         <wf lemma="su" pos="X">su</wf>
         <wf lemma="novi" pos="X">novi</wf>
         <instance id="d000.s3225.t000" lemma="put" pos="NOUN">put</instance>
         <wf lemma="kako" pos="X">kako</wf>
         <wf lemma="bi" pos="X">bi</wf>
         <wf lemma="što" pos="X">što</wf>
         <wf lemma="brže" pos="X">brže</wf>
         <wf lemma="dovozili" pos="X">dovozili</wf>
         <wf lemma="materijal" pos="X">materijal</wf>
         <wf lemma="na" pos="X">na</wf>
         <wf lemma="gradilište" pos="X">gradilište</wf>
         <wf lemma="." pos="X">.</wf>
      </sentence>
      <sentence id="d000.s3226" source="wordnet-croatian">
         <instance id="d000.s3226.t000" lemma="smatrati" pos="VERB">Smatrao</instance>
         <wf lemma="je" pos="X">je</wf>
         <wf lemma="taj" pos="X">taj</wf>
         <wf lemma="problm" pos="X">problm</wf>
         <wf lemma="riješenim" pos="X">riješenim</wf>
         <wf lemma="." pos="X">.</wf>
      </sentence>
      <sentence id="d000.s3227" source="wordnet-croatian">
         <wf lemma="Kaput" pos="X">Kaput</wf>
         <wf lemma="joj" pos="X">joj</wf>
         <wf lemma="se" pos="X">se</wf>
         <wf lemma="bio" pos="X">bio</wf>
         <wf lemma="izmucao" pos="X">izmucao</wf>
         <wf lemma="od" pos="X">od</wf>
         <wf lemma="svakodnevne" pos="X">svakodnevne</wf>
         <instance id="d000.s3227.t000" lemma="nošnja" pos="NOUN">nošnje</instance>
         <wf lemma="." pos="X">.</wf>
      </sentence>
      <sentence id="d000.s3228" source="wordnet-croatian">
         <wf lemma="Vakuumska" pos="X">Vakuumska</wf>
         <instance id="d000.s3228.t000" lemma="cijev" pos="NOUN">cijev</instance>
         <wf lemma="apsorbira" pos="X">apsorbira</wf>
         <wf lemma="sunčevo" pos="X">sunčevo</wf>
         <wf lemma="zračenje" pos="X">zračenje</wf>
         <wf lemma="i" pos="X">i</wf>
         <wf lemma="pretvara" pos="X">pretvara</wf>
         <wf lemma="ga" pos="X">ga</wf>
         <wf lemma="u" pos="X">u</wf>
         <wf lemma="toplinsku" pos="X">toplinsku</wf>
         <wf lemma="energiju" pos="X">energiju</wf>
         <wf lemma="." pos="X">.</wf>
      </sentence>
      <sentence id="d000.s3229" source="wordnet-croatian">
         <wf lemma="Uhvatiti" pos="X">Uhvatiti</wf>
         <instance id="d000.s3229.t000" lemma="objekt" pos="NOUN">objekt</instance>
         <wf lemma="u" pos="X">u</wf>
         <wf lemma="kretanju" pos="X">kretanju</wf>
         <wf lemma="na" pos="X">na</wf>
         <wf lemma="platnu" pos="X">platnu</wf>
         <wf lemma="nije" pos="X">nije</wf>
         <wf lemma="lak" pos="X">lak</wf>
         <wf lemma="zadatak" pos="X">zadatak</wf>
         <wf lemma="." pos="X">.</wf>
      </sentence>
      <sentence id="d000.s3230" source="wordnet-croatian">
         <instance id="d000.s3230.t000" lemma="pokazivač" pos="NOUN">Pokazivač</instance>
         <wf lemma="brzine" pos="X">brzine</wf>
         <wf lemma="kazao" pos="X">kazao</wf>
         <wf lemma="je" pos="X">je</wf>
         <wf lemma="da" pos="X">da</wf>
         <wf lemma="se" pos="X">se</wf>
         <wf lemma="vozimo" pos="X">vozimo</wf>
         <wf lemma="200" pos="X">200</wf>
         <wf lemma="km/h" pos="X">km/h</wf>
         <wf lemma="i" pos="X">i</wf>
         <wf lemma="nije" pos="X">nije</wf>
         <wf lemma="mi" pos="X">mi</wf>
         <wf lemma="bilo" pos="X">bilo</wf>
         <wf lemma="svejedno" pos="X">svejedno</wf>
         <wf lemma="." pos="X">.</wf>
      </sentence>
      <sentence id="d000.s3231" source="wordnet-croatian">
         <wf lemma="Nužno" pos="X">Nužno</wf>
         <wf lemma="je" pos="X">je</wf>
         <wf lemma="uspostaviti" pos="X">uspostaviti</wf>
         <instance id="d000.s3231.t000" lemma="dijalog" pos="NOUN">dijalog</instance>
         <wf lemma="među" pos="X">među</wf>
         <wf lemma="zaraćenim" pos="X">zaraćenim</wf>
         <wf lemma="stranama" pos="X">stranama</wf>
         <wf lemma="." pos="X">.</wf>
      </sentence>
      <sentence id="d000.s3232" source="wordnet-croatian">
         <instance id="d000.s3232.t000" lemma="tjestenina" pos="NOUN">Tjestenina</instance>
         <wf lemma="je" pos="X">je</wf>
         <wf lemma="vrlo" pos="X">vrlo</wf>
         <wf lemma="popularna" pos="X">popularna</wf>
         <wf lemma="hrana" pos="X">hrana</wf>
         <wf lemma="." pos="X">.</wf>
      </sentence>
      <sentence id="d000.s3233" source="wordnet-croatian">
         <instance id="d000.s3233.t000" lemma="poreći" pos="VERB">Porekao</instance>
         <wf lemma="je" pos="X">je</wf>
         <wf lemma="sve" pos="X">sve</wf>
         <wf lemma="optužbe" pos="X">optužbe</wf>
         <wf lemma="." pos="X">.</wf>
      </sentence>
      <sentence id="d000.s3234" source="wordnet-croatian">
         <wf lemma="Statistički" pos="X">Statistički</wf>
         <instance id="d000.s3234.t000" lemma="podatak" pos="NOUN">podatci</instance>
         <wf lemma="rijetko" pos="X">rijetko</wf>
         <wf lemma="prikazuju" pos="X">prikazuju</wf>
         <wf lemma="cjelokupnu" pos="X">cjelokupnu</wf>
         <wf lemma="sliku" pos="X">sliku</wf>
         <wf lemma="." pos="X">.</wf>
      </sentence>
      <sentence id="d000.s3235" source="wordnet-croatian">
         <wf lemma="Tisak" pos="X">Tisak</wf>
         <wf lemma="je" pos="X">je</wf>
         <instance id="d000.s3235.t000" lemma="objelodaniti" pos="VERB">objelodanio</instance>
         <wf lemma="veliku" pos="X">veliku</wf>
         <wf lemma="predsjednikovu" pos="X">predsjednikovu</wf>
         <wf lemma="aferu" pos="X">aferu</wf>
         <wf lemma="." pos="X">.</wf>
      </sentence>
      <sentence id="d000.s3236" source="wordnet-croatian">
         <wf lemma="Medicinska" pos="X">Medicinska</wf>
         <wf lemma="je" pos="X">je</wf>
         <wf lemma="sestra" pos="X">sestra</wf>
         <wf lemma="glasno" pos="X">glasno</wf>
         <instance id="d000.s3236.t000" lemma="izgovoriti" pos="VERB">izgovorila</instance>
         <wf lemma="moje" pos="X">moje</wf>
         <wf lemma="ime" pos="X">ime</wf>
         <wf lemma="i" pos="X">i</wf>
         <wf lemma="zlobno" pos="X">zlobno</wf>
         <wf lemma="se" pos="X">se</wf>
         <wf lemma="nasmiješila" pos="X">nasmiješila</wf>
         <wf lemma="." pos="X">.</wf>
      </sentence>
      <sentence id="d000.s3237" source="wordnet-croatian">
         <instance id="d000.s3237.t000" lemma="propustiti" pos="VERB">Propustio</instance>
         <wf lemma="sam" pos="X">sam</wf>
         <wf lemma="priliku" pos="X">priliku</wf>
         <wf lemma="za" pos="X">za</wf>
         <wf lemma="jeftino" pos="X">jeftino</wf>
         <wf lemma="putovanje" pos="X">putovanje</wf>
         <wf lemma="." pos="X">.</wf>
      </sentence>
      <sentence id="d000.s3238" source="wordnet-croatian">
         <wf lemma="Tečaj" pos="X">Tečaj</wf>
         <wf lemma="stranog" pos="X">stranog</wf>
         <wf lemma="jezika" pos="X">jezika</wf>
         <wf lemma="često" pos="X">često</wf>
         <wf lemma="ti" pos="X">ti</wf>
         <wf lemma="može" pos="X">može</wf>
         <instance id="d000.s3238.t000" lemma="omogućiti" pos="VERB">omogućiti</instance>
         <wf lemma="bolji" pos="X">bolji</wf>
         <wf lemma="posao" pos="X">posao</wf>
         <wf lemma="." pos="X">.</wf>
      </sentence>
      <sentence id="d000.s3239" source="wordnet-croatian">
         <wf lemma="Ovaj" pos="X">Ovaj</wf>
         <wf lemma="lijek" pos="X">lijek</wf>
         <wf lemma="je" pos="X">je</wf>
         <instance id="d000.s3239.t000" lemma="pomoći" pos="VERB">pomogao</instance>
         <wf lemma="mnogim" pos="X">mnogim</wf>
         <wf lemma="pacijentima" pos="X">pacijentima</wf>
         <wf lemma="." pos="X">.</wf>
      </sentence>
      <sentence id="d000.s3240" source="wordnet-croatian">
         <wf lemma="Malo" pos="X">Malo</wf>
         <wf lemma="je" pos="X">je</wf>
         <instance id="d000.s3240.t000" lemma="čedo" pos="NOUN">čedo</instance>
         <wf lemma="zaplakalo" pos="X">zaplakalo</wf>
         <wf lemma="u" pos="X">u</wf>
         <wf lemma="majčinom" pos="X">majčinom</wf>
         <wf lemma="naručju" pos="X">naručju</wf>
         <wf lemma="." pos="X">.</wf>
      </sentence>
      <sentence id="d000.s3241" source="wordnet-croatian">
         <instance id="d000.s3241.t000" lemma="smještaj" pos="NOUN">Smještaj</instance>
         <wf lemma="velikoga" pos="X">velikoga</wf>
         <wf lemma="stola" pos="X">stola</wf>
         <wf lemma="u" pos="X">u</wf>
         <wf lemma="sredinu" pos="X">sredinu</wf>
         <wf lemma="sobe" pos="X">sobe</wf>
         <wf lemma="može" pos="X">može</wf>
         <wf lemma="biti" pos="X">biti</wf>
         <wf lemma="nepraktičan" pos="X">nepraktičan</wf>
         <wf lemma="." pos="X">.</wf>
      </sentence>
      <sentence id="d000.s3242" source="wordnet-croatian">
         <wf lemma="Djeca" pos="X">Djeca</wf>
         <wf lemma="su" pos="X">su</wf>
         <instance id="d000.s3242.t000" lemma="modelirati" pos="VERB">modelirala</instance>
         <wf lemma="figurice" pos="X">figurice</wf>
         <wf lemma="iz" pos="X">iz</wf>
         <wf lemma="gline" pos="X">gline</wf>
         <wf lemma="." pos="X">.</wf>
      </sentence>
      <sentence id="d000.s3243" source="wordnet-croatian">
         <instance id="d000.s3243.t000" lemma="uskladiti" pos="VERB">Uskladio</instance>
         <wf lemma="je" pos="X">je</wf>
         <wf lemma="rukopis" pos="X">rukopis</wf>
         <wf lemma="sa" pos="X">sa</wf>
         <wf lemma="sugestijama" pos="X">sugestijama</wf>
         <wf lemma="recenzenata" pos="X">recenzenata</wf>
         <wf lemma="." pos="X">.</wf>
      </sentence>
      <sentence id="d000.s3244" source="wordnet-croatian">
         <wf lemma="Ljeti" pos="X">Ljeti</wf>
         <wf lemma="ga" pos="X">ga</wf>
         <wf lemma="uvijek" pos="X">uvijek</wf>
         <wf lemma="osvježi" pos="X">osvježi</wf>
         <wf lemma="salata" pos="X">salata</wf>
         <wf lemma="od" pos="X">od</wf>
         <instance id="d000.s3244.t000" lemma="krastavac" pos="NOUN">krastavaca</instance>
         <wf lemma="." pos="X">.</wf>
      </sentence>
      <sentence id="d000.s3245" source="wordnet-croatian">
         <wf lemma="Zbog" pos="X">Zbog</wf>
         <wf lemma="smetnji" pos="X">smetnji</wf>
         <wf lemma="u" pos="X">u</wf>
         <instance id="d000.s3245.t000" lemma="kanal" pos="NOUN">kanalu</instance>
         <wf lemma="morali" pos="X">morali</wf>
         <wf lemma="smo" pos="X">smo</wf>
         <wf lemma="prekinuti" pos="X">prekinuti</wf>
         <wf lemma="prijenos" pos="X">prijenos</wf>
         <wf lemma="utakmice" pos="X">utakmice</wf>
         <wf lemma="." pos="X">.</wf>
      </sentence>
      <sentence id="d000.s3246" source="wordnet-croatian">
         <wf lemma="Imali" pos="X">Imali</wf>
         <wf lemma="su" pos="X">su</wf>
         <wf lemma="spreman" pos="X">spreman</wf>
         <instance id="d000.s3246.t000" lemma="rezervoar" pos="NOUN">rezervoar</instance>
         <wf lemma="pun" pos="X">pun</wf>
         <wf lemma="vode" pos="X">vode</wf>
         <wf lemma="za" pos="X">za</wf>
         <wf lemma="zalijevanje" pos="X">zalijevanje</wf>
         <wf lemma="biljaka" pos="X">biljaka</wf>
         <wf lemma="." pos="X">.</wf>
      </sentence>
      <sentence id="d000.s3247" source="wordnet-croatian">
         <wf lemma="Broj" pos="X">Broj</wf>
         <instance id="d000.s3247.t000" lemma="pristalica" pos="NOUN">pristalica</instance>
         <wf lemma="denacionalizacije" pos="X">denacionalizacije</wf>
         <wf lemma="smanjio" pos="X">smanjio</wf>
         <wf lemma="se" pos="X">se</wf>
         <wf lemma="od" pos="X">od</wf>
         <wf lemma="1991." pos="X">1991.</wf>
      </sentence>
      <sentence id="d000.s3248" source="wordnet-croatian">
         <wf lemma="Sobe" pos="X">Sobe</wf>
         <wf lemma="su" pos="X">su</wf>
         <wf lemma="imale" pos="X">imale</wf>
         <instance id="d000.s3248.t000" lemma="visok" pos="ADJ">visoke</instance>
         <wf lemma="stropove" pos="X">stropove</wf>
         <wf lemma="." pos="X">.</wf>
      </sentence>
      <sentence id="d000.s3249" source="wordnet-croatian">
         <wf lemma="Danas" pos="X">Danas</wf>
         <wf lemma="se" pos="X">se</wf>
         <wf lemma="koristi" pos="X">koristi</wf>
         <wf lemma="nekoliko" pos="X">nekoliko</wf>
         <wf lemma="mjernih" pos="X">mjernih</wf>
         <instance id="d000.s3249.t000" lemma="ljestvica" pos="NOUN">ljestvica</instance>
         <wf lemma="za" pos="X">za</wf>
         <wf lemma="određivanje" pos="X">određivanje</wf>
         <wf lemma="temperature" pos="X">temperature</wf>
         <wf lemma="." pos="X">.</wf>
      </sentence>
      <sentence id="d000.s3250" source="wordnet-croatian">
         <wf lemma="Sunce" pos="X">Sunce</wf>
         <instance id="d000.s3250.t000" lemma="sjati" pos="VERB">sja</instance>
         <wf lemma="." pos="X">.</wf>
      </sentence>
      <sentence id="d000.s3251" source="wordnet-croatian">
         <wf lemma="Baterije" pos="X">Baterije</wf>
         <wf lemma="imaju" pos="X">imaju</wf>
         <wf lemma="vrlo" pos="X">vrlo</wf>
         <wf lemma="kratak" pos="X">kratak</wf>
         <wf lemma="rok" pos="X">rok</wf>
         <instance id="d000.s3251.t000" lemma="trajanje" pos="NOUN">trajanja</instance>
         <wf lemma="." pos="X">.</wf>
      </sentence>
      <sentence id="d000.s3252" source="wordnet-croatian">
         <wf lemma="Nosi" pos="X">Nosi</wf>
         <instance id="d000.s3252.t000" lemma="umrljan" pos="ADJ">umrljanu</instance>
         <wf lemma="košulju" pos="X">košulju</wf>
         <wf lemma="." pos="X">.</wf>
      </sentence>
      <sentence id="d000.s3253" source="wordnet-croatian">
         <wf lemma="Napravila" pos="X">Napravila</wf>
         <wf lemma="je" pos="X">je</wf>
         <instance id="d000.s3253.t000" lemma="otopina" pos="NOUN">otopini</instance>
         <wf lemma="peroksida" pos="X">peroksida</wf>
         <wf lemma="i" pos="X">i</wf>
         <wf lemma="vode" pos="X">vode</wf>
         <wf lemma="." pos="X">.</wf>
      </sentence>
      <sentence id="d000.s3254" source="wordnet-croatian">
         <wf lemma="Jedino" pos="X">Jedino</wf>
         <wf lemma="što" pos="X">što</wf>
         <wf lemma="smo" pos="X">smo</wf>
         <wf lemma="dobila" pos="X">dobila</wf>
         <instance id="d000.s3254.t000" lemma="obećanje" pos="NOUN">obećanje</instance>
         <wf lemma="je" pos="X">je</wf>
         <wf lemma="o" pos="X">o</wf>
         <wf lemma="pravu" pos="X">pravu</wf>
         <wf lemma="prvokupa" pos="X">prvokupa</wf>
         <wf lemma="." pos="X">.</wf>
      </sentence>
      <sentence id="d000.s3255" source="wordnet-croatian">
         <wf lemma="Imao" pos="X">Imao</wf>
         <wf lemma="je" pos="X">je</wf>
         <instance id="d000.s3255.t000" lemma="sklonost" pos="NOUN">sklonost</instance>
         <wf lemma="rješavati" pos="X">rješavati</wf>
         <wf lemma="sve" pos="X">sve</wf>
         <wf lemma="zadatke" pos="X">zadatke</wf>
         <wf lemma="u" pos="X">u</wf>
         <wf lemma="zadnji" pos="X">zadnji</wf>
         <wf lemma="čas" pos="X">čas</wf>
         <wf lemma="." pos="X">.</wf>
      </sentence>
      <sentence id="d000.s3256" source="wordnet-croatian">
         <wf lemma="Uvijek" pos="X">Uvijek</wf>
         <instance id="d000.s3256.t000" lemma="pisati" pos="VERB">piši</instance>
         <wf lemma="majci" pos="X">majci</wf>
         <wf lemma="." pos="X">.</wf>
      </sentence>
      <sentence id="d000.s3257" source="wordnet-croatian">
         <wf lemma="Uz" pos="X">Uz</wf>
         <instance id="d000.s3257.t000" lemma="tresak" pos="NOUN">tresak</instance>
         <wf lemma="vratiju" pos="X">vratiju</wf>
         <wf lemma="izašla" pos="X">izašla</wf>
         <wf lemma="je" pos="X">je</wf>
         <wf lemma="iz" pos="X">iz</wf>
         <wf lemma="prostorije" pos="X">prostorije</wf>
         <wf lemma="." pos="X">.</wf>
      </sentence>
      <sentence id="d000.s3258" source="wordnet-croatian">
         <instance id="d000.s3258.t000" lemma="uzgojiti" pos="VERB">Uzgojio</instance>
         <wf lemma="je" pos="X">je</wf>
         <wf lemma="novu" pos="X">novu</wf>
         <wf lemma="vrstu" pos="X">vrstu</wf>
         <wf lemma="jabuke" pos="X">jabuke</wf>
         <wf lemma="." pos="X">.</wf>
      </sentence>
      <sentence id="d000.s3259" source="wordnet-croatian">
         <wf lemma="Za" pos="X">Za</wf>
         <wf lemma="pogon" pos="X">pogon</wf>
         <wf lemma="vodeničkog" pos="X">vodeničkog</wf>
         <instance id="d000.s3259.t000" lemma="kolo" pos="NOUN">kola</instance>
         <wf lemma="koristi" pos="X">koristi</wf>
         <wf lemma="se" pos="X">se</wf>
         <wf lemma="voda" pos="X">voda</wf>
         <wf lemma="." pos="X">.</wf>
      </sentence>
      <sentence id="d000.s3260" source="wordnet-croatian">
         <wf lemma="Kad" pos="X">Kad</wf>
         <wf lemma="ugledaš" pos="X">ugledaš</wf>
         <instance id="d000.s3260.t000" lemma="peraja" pos="NOUN">peraju</instance>
         <wf lemma="morskog" pos="X">morskog</wf>
         <wf lemma="psa" pos="X">psa</wf>
         <wf lemma="pored" pos="X">pored</wf>
         <wf lemma="sebe" pos="X">sebe</wf>
         <wf lemma="," pos="X">,</wf>
         <wf lemma="već" pos="X">već</wf>
         <wf lemma="je" pos="X">je</wf>
         <wf lemma="prekasno" pos="X">prekasno</wf>
         <wf lemma="." pos="X">.</wf>
      </sentence>
      <sentence id="d000.s3261" source="wordnet-croatian">
         <wf lemma="Pronašla" pos="X">Pronašla</wf>
         <wf lemma="sam" pos="X">sam</wf>
         <instance id="d000.s3261.t000" lemma="gnijezdo" pos="NOUN">gnijezdo</instance>
         <wf lemma="s" pos="X">s</wf>
         <wf lemma="pet" pos="X">pet</wf>
         <wf lemma="jaja" pos="X">jaja</wf>
         <wf lemma="." pos="X">.</wf>
      </sentence>
      <sentence id="d000.s3262" source="wordnet-croatian">
         <wf lemma="Toliko" pos="X">Toliko</wf>
         <wf lemma="je" pos="X">je</wf>
         <wf lemma="smršavio" pos="X">smršavio</wf>
         <wf lemma="da" pos="X">da</wf>
         <wf lemma="su" pos="X">su</wf>
         <wf lemma="mu" pos="X">mu</wf>
         <instance id="d000.s3262.t000" lemma="nogavica" pos="NOUN">nogavice</instance>
         <wf lemma="plesale" pos="X">plesale</wf>
         <wf lemma="oko" pos="X">oko</wf>
         <wf lemma="nogu" pos="X">nogu</wf>
         <wf lemma="." pos="X">.</wf>
      </sentence>
      <sentence id="d000.s3263" source="wordnet-croatian">
         <wf lemma="Bolje" pos="X">Bolje</wf>
         <wf lemma="je" pos="X">je</wf>
         <wf lemma="izgubiti" pos="X">izgubiti</wf>
         <instance id="d000.s3263.t000" lemma="ponos" pos="NOUN">ponos</instance>
         <wf lemma="zbog" pos="X">zbog</wf>
         <wf lemma="ljubavi" pos="X">ljubavi</wf>
         <wf lemma="nego" pos="X">nego</wf>
         <wf lemma="ljubav" pos="X">ljubav</wf>
         <wf lemma="zbog" pos="X">zbog</wf>
         <wf lemma="ponosa" pos="X">ponosa</wf>
         <wf lemma="." pos="X">.</wf>
      </sentence>
      <sentence id="d000.s3264" source="wordnet-croatian">
         <wf lemma="Nikada" pos="X">Nikada</wf>
         <wf lemma="nije" pos="X">nije</wf>
         <wf lemma="dobro" pos="X">dobro</wf>
         <wf lemma="prihvaćala" pos="X">prihvaćala</wf>
         <wf lemma="neumjesne" pos="X">neumjesne</wf>
         <instance id="d000.s3264.t000" lemma="primjedba" pos="NOUN">primjedbe</instance>
         <wf lemma="na" pos="X">na</wf>
         <wf lemma="svoj" pos="X">svoj</wf>
         <wf lemma="račun" pos="X">račun</wf>
         <wf lemma="." pos="X">.</wf>
      </sentence>
      <sentence id="d000.s3265" source="wordnet-croatian">
         <wf lemma="Putovali" pos="X">Putovali</wf>
         <wf lemma="smo" pos="X">smo</wf>
         <wf lemma="u" pos="X">u</wf>
         <instance id="d000.s3265.t000" lemma="pravac" pos="NOUN">pravcu</instance>
         <wf lemma="Splita" pos="X">Splita</wf>
         <wf lemma="." pos="X">.</wf>
      </sentence>
      <sentence id="d000.s3266" source="wordnet-croatian">
         <instance id="d000.s3266.t000" lemma="prekid" pos="NOUN">Prekid</instance>
         <wf lemma="pregovora" pos="X">pregovora</wf>
         <wf lemma="prouzročio" pos="X">prouzročio</wf>
         <wf lemma="je" pos="X">je</wf>
         <wf lemma="nelagodu" pos="X">nelagodu</wf>
         <wf lemma="u" pos="X">u</wf>
         <wf lemma="Saboru" pos="X">Saboru</wf>
         <wf lemma="." pos="X">.</wf>
      </sentence>
      <sentence id="d000.s3267" source="wordnet-croatian">
         <wf lemma="Bio" pos="X">Bio</wf>
         <wf lemma="je" pos="X">je</wf>
         <wf lemma="stručnjak" pos="X">stručnjak</wf>
         <wf lemma="u" pos="X">u</wf>
         <wf lemma="svome" pos="X">svome</wf>
         <instance id="d000.s3267.t000" lemma="područje" pos="NOUN">području</instance>
         <wf lemma="i" pos="X">i</wf>
         <wf lemma="to" pos="X">to</wf>
         <wf lemma="jedan" pos="X">jedan</wf>
         <wf lemma="od" pos="X">od</wf>
         <wf lemma="najboljih" pos="X">najboljih</wf>
         <wf lemma="!" pos="X">!</wf>
      </sentence>
      <sentence id="d000.s3268" source="wordnet-croatian">
         <wf lemma="Pregled" pos="X">Pregled</wf>
         <instance id="d000.s3268.t000" lemma="sediment" pos="NOUN">sedimenta</instance>
         <wf lemma="važan" pos="X">važan</wf>
         <wf lemma="je" pos="X">je</wf>
         <wf lemma="dio" pos="X">dio</wf>
         <wf lemma="rutinske" pos="X">rutinske</wf>
         <wf lemma="pretrage" pos="X">pretrage</wf>
         <wf lemma="mokraće" pos="X">mokraće</wf>
         <wf lemma="." pos="X">.</wf>
      </sentence>
      <sentence id="d000.s3269" source="wordnet-croatian">
         <wf lemma="Prije" pos="X">Prije</wf>
         <wf lemma="polaganja" pos="X">polaganja</wf>
         <wf lemma="vozačkog" pos="X">vozačkog</wf>
         <wf lemma="ispita" pos="X">ispita</wf>
         <wf lemma="moraju" pos="X">moraju</wf>
         <wf lemma="se" pos="X">se</wf>
         <wf lemma="naučiti" pos="X">naučiti</wf>
         <wf lemma="prometni" pos="X">prometni</wf>
         <instance id="d000.s3269.t000" lemma="znak" pos="NOUN">znakovi</instance>
         <wf lemma="." pos="X">.</wf>
      </sentence>
      <sentence id="d000.s3270" source="wordnet-croatian">
         <wf lemma="Već" pos="X">Već</wf>
         <wf lemma="danima" pos="X">danima</wf>
         <wf lemma="ništa" pos="X">ništa</wf>
         <wf lemma="nije" pos="X">nije</wf>
         <wf lemma="moglo" pos="X">moglo</wf>
         <wf lemma="popraviti" pos="X">popraviti</wf>
         <wf lemma="njegovo" pos="X">njegovo</wf>
         <instance id="d000.s3270.t000" lemma="raspoloženje" pos="NOUN">raspoloženje</instance>
         <wf lemma="." pos="X">.</wf>
      </sentence>
      <sentence id="d000.s3271" source="wordnet-croatian">
         <wf lemma="Roditelji" pos="X">Roditelji</wf>
         <wf lemma="su" pos="X">su</wf>
         <wf lemma="me" pos="X">me</wf>
         <instance id="d000.s3271.t000" lemma="potaći" pos="VERB">potakli</instance>
         <wf lemma="da" pos="X">da</wf>
         <wf lemma="studiram" pos="X">studiram</wf>
         <wf lemma="komparativnu" pos="X">komparativnu</wf>
         <wf lemma="književnost" pos="X">književnost</wf>
         <wf lemma="." pos="X">.</wf>
      </sentence>
      <sentence id="d000.s3272" source="wordnet-croatian">
         <wf lemma="Postoji" pos="X">Postoji</wf>
         <wf lemma="jak" pos="X">jak</wf>
         <wf lemma="i" pos="X">i</wf>
         <instance id="d000.s3272.t000" lemma="slab" pos="ADJ">slab</instance>
         <wf lemma="naglasak" pos="X">naglasak</wf>
         <wf lemma="." pos="X">.</wf>
      </sentence>
      <sentence id="d000.s3273" source="wordnet-croatian">
         <wf lemma="Slati" pos="X">Slati</wf>
         <wf lemma="ga" pos="X">ga</wf>
         <wf lemma="na" pos="X">na</wf>
         <wf lemma="taj" pos="X">taj</wf>
         <wf lemma="let" pos="X">let</wf>
         <wf lemma="bilo" pos="X">bilo</wf>
         <wf lemma="je" pos="X">je</wf>
         <wf lemma="čisto" pos="X">čisto</wf>
         <instance id="d000.s3273.t000" lemma="ubojstvo" pos="NOUN">ubojstvo</instance>
         <wf lemma="." pos="X">.</wf>
      </sentence>
      <sentence id="d000.s3274" source="wordnet-croatian">
         <instance id="d000.s3274.t000" lemma="ustupiti" pos="VERB">Ustupila</instance>
         <wf lemma="sam" pos="X">sam</wf>
         <wf lemma="svoj" pos="X">svoj</wf>
         <wf lemma="krevet" pos="X">krevet</wf>
         <wf lemma="gostima" pos="X">gostima</wf>
         <wf lemma="," pos="X">,</wf>
         <wf lemma="a" pos="X">a</wf>
         <wf lemma="ja" pos="X">ja</wf>
         <wf lemma="sam" pos="X">sam</wf>
         <wf lemma="spavala" pos="X">spavala</wf>
         <wf lemma="na" pos="X">na</wf>
         <wf lemma="kauču" pos="X">kauču</wf>
         <wf lemma="." pos="X">.</wf>
      </sentence>
      <sentence id="d000.s3275" source="wordnet-croatian">
         <wf lemma="Da" pos="X">Da</wf>
         <wf lemma="Ante" pos="X">Ante</wf>
         <wf lemma="nije" pos="X">nije</wf>
         <wf lemma="trenirao" pos="X">trenirao</wf>
         <instance id="d000.s3275.t000" lemma="džudo" pos="NOUN">džudo</instance>
         <wf lemma="," pos="X">,</wf>
         <wf lemma="ne" pos="X">ne</wf>
         <wf lemma="bi" pos="X">bi</wf>
         <wf lemma="se" pos="X">se</wf>
         <wf lemma="uspio" pos="X">uspio</wf>
         <wf lemma="obraniti" pos="X">obraniti</wf>
         <wf lemma="navečer" pos="X">navečer</wf>
         <wf lemma="u" pos="X">u</wf>
         <wf lemma="parku" pos="X">parku</wf>
         <wf lemma="." pos="X">.</wf>
      </sentence>
      <sentence id="d000.s3276" source="wordnet-croatian">
         <wf lemma="U" pos="X">U</wf>
         <wf lemma="božićno" pos="X">božićno</wf>
         <wf lemma="je" pos="X">je</wf>
         <wf lemma="doba" pos="X">doba</wf>
         <wf lemma="potrebno" pos="X">potrebno</wf>
         <wf lemma="mnogo" pos="X">mnogo</wf>
         <instance id="d000.s3276.t000" lemma="darivanje" pos="NOUN">darivanja</instance>
         <wf lemma="." pos="X">.</wf>
      </sentence>
      <sentence id="d000.s3277" source="wordnet-croatian">
         <wf lemma="Stvarno" pos="X">Stvarno</wf>
         <instance id="d000.s3277.t000" lemma="voljeti" pos="VERB">volim</instance>
         <wf lemma="svoje" pos="X">svoje</wf>
         <wf lemma="prijatelje" pos="X">prijatelje</wf>
         <wf lemma="." pos="X">.</wf>
      </sentence>
      <sentence id="d000.s3278" source="wordnet-croatian">
         <wf lemma="Od" pos="X">Od</wf>
         <instance id="d000.s3278.t000" lemma="krpica" pos="NOUN">krpica</instance>
         <wf lemma="koje" pos="X">koje</wf>
         <wf lemma="bi" pos="X">bi</wf>
         <wf lemma="joj" pos="X">joj</wf>
         <wf lemma="ostajale" pos="X">ostajale</wf>
         <wf lemma="pri" pos="X">pri</wf>
         <wf lemma="šivanju" pos="X">šivanju</wf>
         <wf lemma="izradila" pos="X">izradila</wf>
         <wf lemma="je" pos="X">je</wf>
         <wf lemma="prekrasnu" pos="X">prekrasnu</wf>
         <wf lemma="krpenu" pos="X">krpenu</wf>
         <wf lemma="lutku" pos="X">lutku</wf>
         <wf lemma="." pos="X">.</wf>
      </sentence>
      <sentence id="d000.s3279" source="wordnet-croatian">
         <wf lemma="Uvijek" pos="X">Uvijek</wf>
         <wf lemma="upotrebljava" pos="X">upotrebljava</wf>
         <wf lemma="mnogo" pos="X">mnogo</wf>
         <instance id="d000.s3279.t000" lemma="pridjev" pos="NOUN">pridjeva</instance>
         <wf lemma="u" pos="X">u</wf>
         <wf lemma="svojim" pos="X">svojim</wf>
         <wf lemma="tekstovima" pos="X">tekstovima</wf>
         <wf lemma="." pos="X">.</wf>
      </sentence>
      <sentence id="d000.s3280" source="wordnet-croatian">
         <wf lemma="Žuti" pos="X">Žuti</wf>
         <instance id="d000.s3280.t000" lemma="kišobran" pos="NOUN">kišobran</instance>
         <wf lemma="unosi" pos="X">unosi</wf>
         <wf lemma="malo" pos="X">malo</wf>
         <wf lemma="veselja" pos="X">veselja</wf>
         <wf lemma="u" pos="X">u</wf>
         <wf lemma="kišan" pos="X">kišan</wf>
         <wf lemma="dan" pos="X">dan</wf>
         <wf lemma="." pos="X">.</wf>
      </sentence>
      <sentence id="d000.s3281" source="wordnet-croatian">
         <wf lemma="Nakon" pos="X">Nakon</wf>
         <wf lemma="posla" pos="X">posla</wf>
         <wf lemma="otišli" pos="X">otišli</wf>
         <wf lemma="bi" pos="X">bi</wf>
         <wf lemma="popiti" pos="X">popiti</wf>
         <instance id="d000.s3281.t000" lemma="hladan" pos="ADJ">hladno</instance>
         <wf lemma="pivo" pos="X">pivo</wf>
         <wf lemma="." pos="X">.</wf>
      </sentence>
      <sentence id="d000.s3282" source="wordnet-croatian">
         <instance id="d000.s3282.t000" lemma="napadaj" pos="NOUN">Napadaji</instance>
         <wf lemma="epilepsije" pos="X">epilepsije</wf>
         <wf lemma="liječe" pos="X">liječe</wf>
         <wf lemma="se" pos="X">se</wf>
         <wf lemma="odvajanjem" pos="X">odvajanjem</wf>
         <wf lemma="moždanih" pos="X">moždanih</wf>
         <wf lemma="hemisfera" pos="X">hemisfera</wf>
         <wf lemma="." pos="X">.</wf>
      </sentence>
      <sentence id="d000.s3283" source="wordnet-croatian">
         <wf lemma="Nakon" pos="X">Nakon</wf>
         <wf lemma="trčanja" pos="X">trčanja</wf>
         <wf lemma="trebaš" pos="X">trebaš</wf>
         <wf lemma="dobro" pos="X">dobro</wf>
         <instance id="d000.s3283.t000" lemma="istegnuti" pos="VERB">istegnuti</instance>
         <wf lemma="kvadricepse" pos="X">kvadricepse</wf>
         <wf lemma="." pos="X">.</wf>
      </sentence>
      <sentence id="d000.s3284" source="wordnet-croatian">
         <instance id="d000.s3284.t000" lemma="broj" pos="NOUN">Broj</instance>
         <wf lemma="turista" pos="X">turista</wf>
         <wf lemma="na" pos="X">na</wf>
         <wf lemma="obali" pos="X">obali</wf>
         <wf lemma="iskazuje" pos="X">iskazuje</wf>
         <wf lemma="se" pos="X">se</wf>
         <wf lemma="pomoću" pos="X">pomoću</wf>
         <wf lemma="broja" pos="X">broja</wf>
         <wf lemma="ostvarenih" pos="X">ostvarenih</wf>
         <wf lemma="noćenja" pos="X">noćenja</wf>
         <wf lemma="." pos="X">.</wf>
      </sentence>
      <sentence id="d000.s3285" source="wordnet-croatian">
         <wf lemma="Uvijek" pos="X">Uvijek</wf>
         <instance id="d000.s3285.t000" lemma="kupovati" pos="VERB">kupujem</instance>
         <wf lemma="u" pos="X">u</wf>
         <wf lemma="istom" pos="X">istom</wf>
         <wf lemma="dućanu" pos="X">dućanu</wf>
         <wf lemma="." pos="X">.</wf>
      </sentence>
      <sentence id="d000.s3286" source="wordnet-croatian">
         <wf lemma="Kvalitetno" pos="X">Kvalitetno</wf>
         <wf lemma="je" pos="X">je</wf>
         <instance id="d000.s3286.t000" lemma="podučavanje" pos="NOUN">podučavanje</instance>
         <wf lemma="rijetko" pos="X">rijetko</wf>
         <wf lemma="kada" pos="X">kada</wf>
         <wf lemma="nagrađeno" pos="X">nagrađeno</wf>
         <wf lemma="." pos="X">.</wf>
      </sentence>
      <sentence id="d000.s3287" source="wordnet-croatian">
         <wf lemma="Liječnikov" pos="X">Liječnikov</wf>
         <wf lemma="je" pos="X">je</wf>
         <instance id="d000.s3287.t000" lemma="rukopis" pos="NOUN">rukopis</instance>
         <wf lemma="bio" pos="X">bio</wf>
         <wf lemma="nečitljiv" pos="X">nečitljiv</wf>
         <wf lemma="." pos="X">.</wf>
      </sentence>
      <sentence id="d000.s3288" source="wordnet-croatian">
         <wf lemma="Ženski" pos="X">Ženski</wf>
         <wf lemma="su" pos="X">su</wf>
         <wf lemma="ispitanici" pos="X">ispitanici</wf>
         <instance id="d000.s3288.t000" lemma="služiti" pos="VERB">služili</instance>
         <wf lemma="kao" pos="X">kao</wf>
         <wf lemma="kontrolna" pos="X">kontrolna</wf>
         <wf lemma="skupina" pos="X">skupina</wf>
         <wf lemma="." pos="X">.</wf>
      </sentence>
      <sentence id="d000.s3289" source="wordnet-croatian">
         <wf lemma="Plitku" pos="X">Plitku</wf>
         <wf lemma="su" pos="X">su</wf>
         <wf lemma="rijeku" pos="X">rijeku</wf>
         <wf lemma="bez" pos="X">bez</wf>
         <wf lemma="problema" pos="X">problema</wf>
         <instance id="d000.s3289.t000" lemma="pregaziti" pos="VERB">pregazila</instance>
         <wf lemma="i" pos="X">i</wf>
         <wf lemma="najmanja" pos="X">najmanja</wf>
         <wf lemma="djeca" pos="X">djeca</wf>
         <wf lemma="u" pos="X">u</wf>
         <wf lemma="našoj" pos="X">našoj</wf>
         <wf lemma="skupini" pos="X">skupini</wf>
         <wf lemma="izletnika" pos="X">izletnika</wf>
         <wf lemma="." pos="X">.</wf>
      </sentence>
      <sentence id="d000.s3290" source="wordnet-croatian">
         <wf lemma="Možeš" pos="X">Možeš</wf>
         <wf lemma="li" pos="X">li</wf>
         <instance id="d000.s3290.t000" lemma="uspraviti" pos="VERB">uspraviti</instance>
         <wf lemma="policu" pos="X">policu</wf>
         <wf lemma="koju" pos="X">koju</wf>
         <wf lemma="si" pos="X">si</wf>
         <wf lemma="srušio" pos="X">srušio</wf>
         <wf lemma="?" pos="X">?</wf>
      </sentence>
      <sentence id="d000.s3291" source="wordnet-croatian">
         <wf lemma="Nikad" pos="X">Nikad</wf>
         <wf lemma="nije" pos="X">nije</wf>
         <wf lemma="koristila" pos="X">koristila</wf>
         <instance id="d000.s3291.t000" lemma="žlica" pos="NOUN">žlicu</instance>
         <wf lemma="za" pos="X">za</wf>
         <wf lemma="cipele" pos="X">cipele</wf>
         <wf lemma="." pos="X">.</wf>
      </sentence>
      <sentence id="d000.s3292" source="wordnet-croatian">
         <wf lemma="Nacrtao" pos="X">Nacrtao</wf>
         <wf lemma="je" pos="X">je</wf>
         <wf lemma="pravac" pos="X">pravac</wf>
         <wf lemma="koji" pos="X">koji</wf>
         <wf lemma="je" pos="X">je</wf>
         <wf lemma="prolazio" pos="X">prolazio</wf>
         <wf lemma="kroz" pos="X">kroz</wf>
         <instance id="d000.s3292.t000" lemma="ishodište" pos="NOUN">ishodište</instance>
         <wf lemma="." pos="X">.</wf>
      </sentence>
      <sentence id="d000.s3293" source="wordnet-croatian">
         <wf lemma="Direktor" pos="X">Direktor</wf>
         <wf lemma="je" pos="X">je</wf>
         <wf lemma="otpustio" pos="X">otpustio</wf>
         <wf lemma="svojeg" pos="X">svojeg</wf>
         <instance id="d000.s3293.t000" lemma="asistent" pos="NOUN">asistenta</instance>
         <wf lemma="." pos="X">.</wf>
      </sentence>
      <sentence id="d000.s3294" source="wordnet-croatian">
         <wf lemma="Žalba" pos="X">Žalba</wf>
         <wf lemma="ide" pos="X">ide</wf>
         <wf lemma="preko" pos="X">preko</wf>
         <wf lemma="službenih" pos="X">službenih</wf>
         <instance id="d000.s3294.t000" lemma="kanal" pos="NOUN">kanala</instance>
         <wf lemma="." pos="X">.</wf>
      </sentence>
      <sentence id="d000.s3295" source="wordnet-croatian">
         <wf lemma="Kupio" pos="X">Kupio</wf>
         <wf lemma="sam" pos="X">sam</wf>
         <instance id="d000.s3295.t000" lemma="namotač" pos="NOUN">namotač</instance>
         <wf lemma="za" pos="X">za</wf>
         <wf lemma="bazensko" pos="X">bazensko</wf>
         <wf lemma="pokrivalo" pos="X">pokrivalo</wf>
         <wf lemma="." pos="X">.</wf>
      </sentence>
      <sentence id="d000.s3296" source="wordnet-croatian">
         <wf lemma="Među" pos="X">Među</wf>
         <wf lemma="našom" pos="X">našom</wf>
         <wf lemma="braćom" pos="X">braćom</wf>
         <wf lemma="ne" pos="X">ne</wf>
         <wf lemma="smije" pos="X">smije</wf>
         <wf lemma="postojati" pos="X">postojati</wf>
         <instance id="d000.s3296.t000" lemma="nejedinstvo" pos="NOUN">nejedinstvo</instance>
         <wf lemma="." pos="X">.</wf>
      </sentence>
      <sentence id="d000.s3297" source="wordnet-croatian">
         <wf lemma="Snažno" pos="X">Snažno</wf>
         <wf lemma="ju" pos="X">ju</wf>
         <wf lemma="je" pos="X">je</wf>
         <instance id="d000.s3297.t000" lemma="pritisnuti" pos="VERB">pritisnuo</instance>
         <wf lemma="uza" pos="X">uza</wf>
         <wf lemma="se" pos="X">se</wf>
         <wf lemma="." pos="X">.</wf>
      </sentence>
      <sentence id="d000.s3298" source="wordnet-croatian">
         <wf lemma="Cijelu" pos="X">Cijelu</wf>
         <wf lemma="noć" pos="X">noć</wf>
         <instance id="d000.s3298.t000" lemma="pripremati" pos="VERB">pripremao</instance>
         <wf lemma="je" pos="X">je</wf>
         <wf lemma="sutrašnji" pos="X">sutrašnji</wf>
         <wf lemma="govor" pos="X">govor</wf>
         <wf lemma="pred" pos="X">pred</wf>
         <wf lemma="vijećem" pos="X">vijećem</wf>
         <wf lemma="." pos="X">.</wf>
      </sentence>
      <sentence id="d000.s3299" source="wordnet-croatian">
         <wf lemma="Zeko" pos="X">Zeko</wf>
         <wf lemma="je" pos="X">je</wf>
         <wf lemma="veselo" pos="X">veselo</wf>
         <instance id="d000.s3299.t000" lemma="skakutati" pos="VERB">skakutao</instance>
         <wf lemma="livadom" pos="X">livadom</wf>
         <wf lemma="." pos="X">.</wf>
      </sentence>
      <sentence id="d000.s3300" source="wordnet-croatian">
         <instance id="d000.s3300.t000" lemma="pokušati" pos="VERB">Pokušao</instance>
         <wf lemma="je" pos="X">je</wf>
         <wf lemma="prikriti" pos="X">prikriti</wf>
         <wf lemma="strah" pos="X">strah</wf>
         <wf lemma="." pos="X">.</wf>
      </sentence>
      <sentence id="d000.s3301" source="wordnet-croatian">
         <wf lemma="Avion" pos="X">Avion</wf>
         <wf lemma="se" pos="X">se</wf>
         <wf lemma="srušio" pos="X">srušio</wf>
         <wf lemma="u" pos="X">u</wf>
         <instance id="d000.s3301.t000" lemma="blizina" pos="NOUN">blizini</instance>
         <wf lemma="velikog" pos="X">velikog</wf>
         <wf lemma="grada" pos="X">grada</wf>
         <wf lemma="." pos="X">.</wf>
      </sentence>
      <sentence id="d000.s3302" source="wordnet-croatian">
         <wf lemma="Učenici" pos="X">Učenici</wf>
         <wf lemma="su" pos="X">su</wf>
         <wf lemma="dobili" pos="X">dobili</wf>
         <wf lemma="za" pos="X">za</wf>
         <wf lemma="zadaću" pos="X">zadaću</wf>
         <wf lemma="nacrtati" pos="X">nacrtati</wf>
         <wf lemma="sliku" pos="X">sliku</wf>
         <wf lemma="vodenim" pos="X">vodenim</wf>
         <instance id="d000.s3302.t000" lemma="boja" pos="NOUN">bojama</instance>
         <wf lemma="." pos="X">.</wf>
      </sentence>
      <sentence id="d000.s3303" source="wordnet-croatian">
         <wf lemma="Svake" pos="X">Svake</wf>
         <wf lemma="godine" pos="X">godine</wf>
         <wf lemma="kada" pos="X">kada</wf>
         <wf lemma="se" pos="X">se</wf>
         <wf lemma="vraćamo" pos="X">vraćamo</wf>
         <wf lemma="sa" pos="X">sa</wf>
         <wf lemma="skijanja" pos="X">skijanja</wf>
         <wf lemma="u" pos="X">u</wf>
         <wf lemma="Austriji" pos="X">Austriji</wf>
         <wf lemma="jedem" pos="X">jedem</wf>
         <wf lemma="tjesteninu" pos="X">tjesteninu</wf>
         <wf lemma="s" pos="X">s</wf>
         <instance id="d000.s3303.t000" lemma="tartuf" pos="NOUN">tartufima</instance>
         <wf lemma="." pos="X">.</wf>
      </sentence>
      <sentence id="d000.s3304" source="wordnet-croatian">
         <wf lemma="Jedva" pos="X">Jedva</wf>
         <wf lemma="je" pos="X">je</wf>
         <wf lemma="mogao" pos="X">mogao</wf>
         <instance id="d000.s3304.t000" lemma="preživjeti" pos="VERB">preživjeti</instance>
         <wf lemma="od" pos="X">od</wf>
         <wf lemma="profesorske" pos="X">profesorske</wf>
         <wf lemma="plaće" pos="X">plaće</wf>
         <wf lemma="." pos="X">.</wf>
      </sentence>
      <sentence id="d000.s3305" source="wordnet-croatian">
         <instance id="d000.s3305.t000" lemma="pustiti" pos="VERB">Pusti</instance>
         <wf lemma="tu" pos="X">tu</wf>
         <wf lemma="kvaku" pos="X">kvaku</wf>
         <wf lemma="!" pos="X">!</wf>
      </sentence>
      <sentence id="d000.s3306" source="wordnet-croatian">
         <wf lemma="Marko" pos="X">Marko</wf>
         <wf lemma="je" pos="X">je</wf>
         <wf lemma="boravio" pos="X">boravio</wf>
         <wf lemma="godinama" pos="X">godinama</wf>
         <wf lemma="na" pos="X">na</wf>
         <wf lemma="naftnom" pos="X">naftnom</wf>
         <instance id="d000.s3306.t000" lemma="postrojenje" pos="NOUN">postrojenju</instance>
         <wf lemma="u" pos="X">u</wf>
         <wf lemma="Đurđevcu" pos="X">Đurđevcu</wf>
         <wf lemma="." pos="X">.</wf>
      </sentence>
      <sentence id="d000.s3307" source="wordnet-croatian">
         <wf lemma="Najbolje" pos="X">Najbolje</wf>
         <wf lemma="se" pos="X">se</wf>
         <wf lemma="dobro" pos="X">dobro</wf>
         <instance id="d000.s3307.t000" lemma="protegnuti" pos="VERB">protegnuti</instance>
         <wf lemma="prije" pos="X">prije</wf>
         <wf lemma="ustajanja" pos="X">ustajanja</wf>
         <wf lemma="iz" pos="X">iz</wf>
         <wf lemma="kreveta" pos="X">kreveta</wf>
         <wf lemma="." pos="X">.</wf>
      </sentence>
      <sentence id="d000.s3308" source="wordnet-croatian">
         <wf lemma="Recesija" pos="X">Recesija</wf>
         <wf lemma="je" pos="X">je</wf>
         <instance id="d000.s3308.t000" lemma="zadesiti" pos="VERB">zadesila</instance>
         <wf lemma="mnoge" pos="X">mnoge</wf>
         <wf lemma="zemlje" pos="X">zemlje</wf>
         <wf lemma="," pos="X">,</wf>
         <wf lemma="pa" pos="X">pa</wf>
         <wf lemma="tako" pos="X">tako</wf>
         <wf lemma="i" pos="X">i</wf>
         <wf lemma="Hrvatsku" pos="X">Hrvatsku</wf>
         <wf lemma="." pos="X">.</wf>
      </sentence>
      <sentence id="d000.s3309" source="wordnet-croatian">
         <wf lemma="Preporuča" pos="X">Preporuča</wf>
         <wf lemma="se" pos="X">se</wf>
         <wf lemma="korištenje" pos="X">korištenje</wf>
         <wf lemma="štednih" pos="X">štednih</wf>
         <instance id="d000.s3309.t000" lemma="sijalica" pos="NOUN">sijalica</instance>
         <wf lemma="." pos="X">.</wf>
      </sentence>
      <sentence id="d000.s3310" source="wordnet-croatian">
         <instance id="d000.s3310.t000" lemma="zaslužiti" pos="VERB">Zaslužila</instance>
         <wf lemma="sam" pos="X">sam</wf>
         <wf lemma="svaki" pos="X">svaki</wf>
         <wf lemma="novčić" pos="X">novčić</wf>
         <wf lemma="svoje" pos="X">svoje</wf>
         <wf lemma="plaće" pos="X">plaće</wf>
         <wf lemma="." pos="X">.</wf>
      </sentence>
      <sentence id="d000.s3311" source="wordnet-croatian">
         <wf lemma="Napravio" pos="X">Napravio</wf>
         <wf lemma="je" pos="X">je</wf>
         <wf lemma="neprimjerenu" pos="X">neprimjerenu</wf>
         <instance id="d000.s3311.t000" lemma="gesta" pos="NOUN">gestu</instance>
         <wf lemma="rukom" pos="X">rukom</wf>
         <wf lemma="." pos="X">.</wf>
      </sentence>
      <sentence id="d000.s3312" source="wordnet-croatian">
         <wf lemma="Publika" pos="X">Publika</wf>
         <wf lemma="je" pos="X">je</wf>
         <wf lemma="uživala" pos="X">uživala</wf>
         <wf lemma="u" pos="X">u</wf>
         <instance id="d000.s3312.t000" lemma="prikaz" pos="NOUN">prikazu</instance>
         <wf lemma="poznatih" pos="X">poznatih</wf>
         <wf lemma="lica" pos="X">lica</wf>
         <wf lemma="." pos="X">.</wf>
      </sentence>
      <sentence id="d000.s3313" source="wordnet-croatian">
         <wf lemma="Sidrište" pos="X">Sidrište</wf>
         <wf lemma="mora" pos="X">mora</wf>
         <wf lemma="imati" pos="X">imati</wf>
         <instance id="d000.s3313.t000" lemma="provrt" pos="NOUN">provrt</instance>
         <wf lemma="s" pos="X">s</wf>
         <wf lemma="navojem" pos="X">navojem</wf>
         <wf lemma="od" pos="X">od</wf>
         <wf lemma="7" pos="X">7</wf>
         <wf lemma="do" pos="X">do</wf>
         <wf lemma="16" pos="X">16</wf>
         <wf lemma="inča" pos="X">inča</wf>
         <wf lemma="." pos="X">.</wf>
      </sentence>
      <sentence id="d000.s3314" source="wordnet-croatian">
         <wf lemma="Čini" pos="X">Čini</wf>
         <wf lemma="se" pos="X">se</wf>
         <wf lemma="da" pos="X">da</wf>
         <wf lemma="TV" pos="X">TV</wf>
         <wf lemma="voditelji" pos="X">voditelji</wf>
         <wf lemma="nikada" pos="X">nikada</wf>
         <wf lemma="ne" pos="X">ne</wf>
         <instance id="d000.s3314.t000" lemma="treptati" pos="VERB">trepću</instance>
         <wf lemma="očima" pos="X">očima</wf>
         <wf lemma="." pos="X">.</wf>
      </sentence>
      <sentence id="d000.s3315" source="wordnet-croatian">
         <wf lemma="Bio" pos="X">Bio</wf>
         <wf lemma="je" pos="X">je</wf>
         <instance id="d000.s3315.t000" lemma="sumoran" pos="ADJ">sumoran</instance>
         <wf lemma="čak" pos="X">čak</wf>
         <wf lemma="i" pos="X">i</wf>
         <wf lemma="na" pos="X">na</wf>
         <wf lemma="zabavama" pos="X">zabavama</wf>
         <wf lemma="." pos="X">.</wf>
      </sentence>
      <sentence id="d000.s3316" source="wordnet-croatian">
         <instance id="d000.s3316.t000" lemma="vjetrobran" pos="NOUN">Vjetrobran</instance>
         <wf lemma="je" pos="X">je</wf>
         <wf lemma="bio" pos="X">bio</wf>
         <wf lemma="toliko" pos="X">toliko</wf>
         <wf lemma="zamagljen" pos="X">zamagljen</wf>
         <wf lemma="da" pos="X">da</wf>
         <wf lemma="vozač" pos="X">vozač</wf>
         <wf lemma="nije" pos="X">nije</wf>
         <wf lemma="vidio" pos="X">vidio</wf>
         <wf lemma="cestu" pos="X">cestu</wf>
         <wf lemma="." pos="X">.</wf>
      </sentence>
      <sentence id="d000.s3317" source="wordnet-croatian">
         <wf lemma="Nismo" pos="X">Nismo</wf>
         <wf lemma="mogli" pos="X">mogli</wf>
         <wf lemma="zaustaviti" pos="X">zaustaviti</wf>
         <instance id="d000.s3317.t000" lemma="blijeđenje" pos="NOUN">blijeđenje</instance>
         <wf lemma="boja" pos="X">boja</wf>
         <wf lemma="na" pos="X">na</wf>
         <wf lemma="tkanini" pos="X">tkanini</wf>
         <wf lemma="." pos="X">.</wf>
      </sentence>
      <sentence id="d000.s3318" source="wordnet-croatian">
         <wf lemma="Brod" pos="X">Brod</wf>
         <wf lemma="je" pos="X">je</wf>
         <wf lemma="ostao" pos="X">ostao</wf>
         <wf lemma="svezan" pos="X">svezan</wf>
         <wf lemma="na" pos="X">na</wf>
         <instance id="d000.s3318.t000" lemma="pristanište" pos="NOUN">pristaništu</instance>
         <wf lemma="." pos="X">.</wf>
      </sentence>
      <sentence id="d000.s3319" source="wordnet-croatian">
         <wf lemma="U" pos="X">U</wf>
         <wf lemma="životu" pos="X">životu</wf>
         <wf lemma="su" pos="X">su</wf>
         <wf lemma="ga" pos="X">ga</wf>
         <wf lemma="snašle" pos="X">snašle</wf>
         <wf lemma="mnoge" pos="X">mnoge</wf>
         <instance id="d000.s3319.t000" lemma="nedaća" pos="NOUN">nedaće</instance>
         <wf lemma="." pos="X">.</wf>
      </sentence>
      <sentence id="d000.s3320" source="wordnet-croatian">
         <wf lemma="Teško" pos="X">Teško</wf>
         <wf lemma="je" pos="X">je</wf>
         <wf lemma="odrediti" pos="X">odrediti</wf>
         <wf lemma="koje" pos="X">koje</wf>
         <wf lemma="je" pos="X">je</wf>
         <instance id="d000.s3320.t000" lemma="gledište" pos="NOUN">gledište</instance>
         <wf lemma="ispravno" pos="X">ispravno</wf>
         <wf lemma="." pos="X">.</wf>
      </sentence>
      <sentence id="d000.s3321" source="wordnet-croatian">
         <wf lemma="Moja" pos="X">Moja</wf>
         <instance id="d000.s3321.t000" lemma="firma" pos="NOUN">firma</instance>
         <wf lemma="mi" pos="X">mi</wf>
         <wf lemma="je" pos="X">je</wf>
         <wf lemma="priredila" pos="X">priredila</wf>
         <wf lemma="veliku" pos="X">veliku</wf>
         <wf lemma="zabavu" pos="X">zabavu</wf>
         <wf lemma="povodom" pos="X">povodom</wf>
         <wf lemma="moga" pos="X">moga</wf>
         <wf lemma="promaknuća" pos="X">promaknuća</wf>
         <wf lemma="." pos="X">.</wf>
      </sentence>
      <sentence id="d000.s3322" source="wordnet-croatian">
         <wf lemma="Ugradnjom" pos="X">Ugradnjom</wf>
         <instance id="d000.s3322.t000" lemma="kalorimetar" pos="NOUN">kalorimetra</instance>
         <wf lemma="na" pos="X">na</wf>
         <wf lemma="računima" pos="X">računima</wf>
         <wf lemma="za" pos="X">za</wf>
         <wf lemma="grijanje" pos="X">grijanje</wf>
         <wf lemma="može" pos="X">može</wf>
         <wf lemma="se" pos="X">se</wf>
         <wf lemma="uštediti" pos="X">uštediti</wf>
         <wf lemma="i" pos="X">i</wf>
         <wf lemma="do" pos="X">do</wf>
         <wf lemma="20" pos="X">20</wf>
         <wf lemma="%" pos="X">%</wf>
         <wf lemma="." pos="X">.</wf>
      </sentence>
      <sentence id="d000.s3323" source="wordnet-croatian">
         <wf lemma="Predsjednikovo" pos="X">Predsjednikovo</wf>
         <wf lemma="nepojavljivanje" pos="X">nepojavljivanje</wf>
         <wf lemma="u" pos="X">u</wf>
         <wf lemma="javnosti" pos="X">javnosti</wf>
         <wf lemma="jasna" pos="X">jasna</wf>
         <wf lemma="je" pos="X">je</wf>
         <instance id="d000.s3323.t000" lemma="indikacija" pos="NOUN">indikacija</instance>
         <wf lemma="da" pos="X">da</wf>
         <wf lemma="nešto" pos="X">nešto</wf>
         <wf lemma="nije" pos="X">nije</wf>
         <wf lemma="u" pos="X">u</wf>
         <wf lemma="redu" pos="X">redu</wf>
         <wf lemma="." pos="X">.</wf>
      </sentence>
      <sentence id="d000.s3324" source="wordnet-croatian">
         <wf lemma="Mafija" pos="X">Mafija</wf>
         <wf lemma="je" pos="X">je</wf>
         <instance id="d000.s3324.t000" lemma="likvidirati" pos="VERB">likvidirala</instance>
         <wf lemma="sve" pos="X">sve</wf>
         <wf lemma="policijske" pos="X">policijske</wf>
         <wf lemma="doušnike" pos="X">doušnike</wf>
         <wf lemma="." pos="X">.</wf>
      </sentence>
      <sentence id="d000.s3325" source="wordnet-croatian">
         <wf lemma="&quot;" pos="X">&quot;</wf>
         <wf lemma="Nijemi" pos="X">Nijemi</wf>
         <wf lemma="Fatum" pos="X">Fatum</wf>
         <wf lemma="grdan" pos="X">grdan</wf>
         <wf lemma="sanduk" pos="X">sanduk</wf>
         <wf lemma="kuje" pos="X">kuje</wf>
         <wf lemma="&quot;" pos="X">&quot;</wf>
         <wf lemma="znači" pos="X">znači</wf>
         <wf lemma="da" pos="X">da</wf>
         <wf lemma="nas" pos="X">nas</wf>
         <wf lemma="čeka" pos="X">čeka</wf>
         <wf lemma="zla" pos="X">zla</wf>
         <instance id="d000.s3325.t000" lemma="sudba" pos="NOUN">sudba</instance>
         <wf lemma="." pos="X">.</wf>
      </sentence>
      <sentence id="d000.s3326" source="wordnet-croatian">
         <wf lemma="Svaka" pos="X">Svaka</wf>
         <wf lemma="tvrtka" pos="X">tvrtka</wf>
         <wf lemma="mora" pos="X">mora</wf>
         <wf lemma="imati" pos="X">imati</wf>
         <wf lemma="svoj" pos="X">svoj</wf>
         <instance id="d000.s3326.t000" lemma="pečat" pos="NOUN">pečat</instance>
         <wf lemma="." pos="X">.</wf>
      </sentence>
      <sentence id="d000.s3327" source="wordnet-croatian">
         <wf lemma="Dobrodušnost" pos="X">Dobrodušnost</wf>
         <wf lemma="je" pos="X">je</wf>
         <wf lemma="postala" pos="X">postala</wf>
         <instance id="d000.s3327.t000" lemma="svojstvo" pos="NOUN">svojstvo</instance>
         <wf lemma="njegova" pos="X">njegova</wf>
         <wf lemma="karaktera" pos="X">karaktera</wf>
         <wf lemma="." pos="X">.</wf>
      </sentence>
      <sentence id="d000.s3328" source="wordnet-croatian">
         <wf lemma="Molim" pos="X">Molim</wf>
         <wf lemma="te" pos="X">te</wf>
         <wf lemma="," pos="X">,</wf>
         <instance id="d000.s3328.t000" lemma="isključiti" pos="VERB">isključi</instance>
         <wf lemma="radio" pos="X">radio</wf>
         <wf lemma="." pos="X">.</wf>
      </sentence>
      <sentence id="d000.s3329" source="wordnet-croatian">
         <instance id="d000.s3329.t000" lemma="brtva" pos="NOUN">Brtva</instance>
         <wf lemma="je" pos="X">je</wf>
         <wf lemma="popustila" pos="X">popustila</wf>
         <wf lemma="i" pos="X">i</wf>
         <wf lemma="oko" pos="X">oko</wf>
         <wf lemma="osovine" pos="X">osovine</wf>
         <wf lemma="je" pos="X">je</wf>
         <wf lemma="počela" pos="X">počela</wf>
         <wf lemma="curiti" pos="X">curiti</wf>
         <wf lemma="voda" pos="X">voda</wf>
         <wf lemma="." pos="X">.</wf>
      </sentence>
      <sentence id="d000.s3330" source="wordnet-croatian">
         <wf lemma="Pustinjska" pos="X">Pustinjska</wf>
         <wf lemma="je" pos="X">je</wf>
         <wf lemma="klima" pos="X">klima</wf>
         <instance id="d000.s3330.t000" lemma="suh" pos="ADJ">suha</instance>
         <wf lemma="." pos="X">.</wf>
      </sentence>
      <sentence id="d000.s3331" source="wordnet-croatian">
         <wf lemma="Postoje" pos="X">Postoje</wf>
         <wf lemma="dvije" pos="X">dvije</wf>
         <instance id="d000.s3331.t000" lemma="vrsta" pos="NOUN">vrste</instance>
         <wf lemma="ljudi" pos="X">ljudi</wf>
         <wf lemma=":" pos="X">:</wf>
         <wf lemma="ljudi" pos="X">ljudi</wf>
         <wf lemma="nahvao" pos="X">nahvao</wf>
         <wf lemma="i" pos="X">i</wf>
         <wf lemma="ljudi" pos="X">ljudi</wf>
         <wf lemma="nazbilj" pos="X">nazbilj</wf>
         <wf lemma="." pos="X">.</wf>
      </sentence>
      <sentence id="d000.s3332" source="wordnet-croatian">
         <instance id="d000.s3332.t000" lemma="okarakterizirati" pos="VERB">Okarakterizirala</instance>
         <wf lemma="bih" pos="X">bih</wf>
         <wf lemma="ga" pos="X">ga</wf>
         <wf lemma="kao" pos="X">kao</wf>
         <wf lemma="vrlo" pos="X">vrlo</wf>
         <wf lemma="kaotičnu" pos="X">kaotičnu</wf>
         <wf lemma="osobu" pos="X">osobu</wf>
         <wf lemma="." pos="X">.</wf>
      </sentence>
      <sentence id="d000.s3333" source="wordnet-croatian">
         <wf lemma="Vrijedne" pos="X">Vrijedne</wf>
         <wf lemma="pošiljke" pos="X">pošiljke</wf>
         <wf lemma="treba" pos="X">treba</wf>
         <instance id="d000.s3333.t000" lemma="slati" pos="VERB">slati</instance>
         <wf lemma="preporučeno" pos="X">preporučeno</wf>
         <wf lemma="." pos="X">.</wf>
      </sentence>
      <sentence id="d000.s3334" source="wordnet-croatian">
         <instance id="d000.s3334.t000" lemma="kanta" pos="NOUN">Kante</instance>
         <wf lemma="za" pos="X">za</wf>
         <wf lemma="smeće" pos="X">smeće</wf>
         <wf lemma="treba" pos="X">treba</wf>
         <wf lemma="postaviti" pos="X">postaviti</wf>
         <wf lemma="na" pos="X">na</wf>
         <wf lemma="vidljivo" pos="X">vidljivo</wf>
         <wf lemma="mjesto" pos="X">mjesto</wf>
         <wf lemma="kako" pos="X">kako</wf>
         <wf lemma="bi" pos="X">bi</wf>
         <wf lemma="ih" pos="X">ih</wf>
         <wf lemma="smetlari" pos="X">smetlari</wf>
         <wf lemma="ispraznili" pos="X">ispraznili</wf>
         <wf lemma="." pos="X">.</wf>
      </sentence>
      <sentence id="d000.s3335" source="wordnet-croatian">
         <wf lemma="Unajmila" pos="X">Unajmila</wf>
         <wf lemma="sam" pos="X">sam</wf>
         <wf lemma="gudački" pos="X">gudački</wf>
         <instance id="d000.s3335.t000" lemma="ansambl" pos="NOUN">ansambl</instance>
         <wf lemma="da" pos="X">da</wf>
         <wf lemma="mi" pos="X">mi</wf>
         <wf lemma="svira" pos="X">svira</wf>
         <wf lemma="na" pos="X">na</wf>
         <wf lemma="vjenčanju" pos="X">vjenčanju</wf>
         <wf lemma="." pos="X">.</wf>
      </sentence>
      <sentence id="d000.s3336" source="wordnet-croatian">
         <wf lemma="Nakon" pos="X">Nakon</wf>
         <wf lemma="zauzimanja" pos="X">zauzimanja</wf>
         <wf lemma="pozicije" pos="X">pozicije</wf>
         <wf lemma="," pos="X">,</wf>
         <wf lemma="vojnici" pos="X">vojnici</wf>
         <wf lemma="su" pos="X">su</wf>
         <wf lemma="čekali" pos="X">čekali</wf>
         <wf lemma="daljnje" pos="X">daljnje</wf>
         <instance id="d000.s3336.t000" lemma="naredba" pos="NOUN">naredbe</instance>
         <wf lemma="." pos="X">.</wf>
      </sentence>
      <sentence id="d000.s3337" source="wordnet-croatian">
         <wf lemma="Znanstvenici" pos="X">Znanstvenici</wf>
         <wf lemma="su" pos="X">su</wf>
         <instance id="d000.s3337.t000" lemma="pronaći" pos="VERB">pronašli</instance>
         <wf lemma="tvar" pos="X">tvar</wf>
         <wf lemma="koja" pos="X">koja</wf>
         <wf lemma="uništava" pos="X">uništava</wf>
         <wf lemma="tumorske" pos="X">tumorske</wf>
         <wf lemma="stanice" pos="X">stanice</wf>
         <wf lemma="." pos="X">.</wf>
      </sentence>
      <sentence id="d000.s3338" source="wordnet-croatian">
         <wf lemma="Imali" pos="X">Imali</wf>
         <wf lemma="su" pos="X">su</wf>
         <instance id="d000.s3338.t000" lemma="malen" pos="ADJ">malenu</instance>
         <wf lemma="kućicu" pos="X">kućicu</wf>
         <wf lemma="," pos="X">,</wf>
         <wf lemma="ali" pos="X">ali</wf>
         <wf lemma="su" pos="X">su</wf>
         <wf lemma="svejedno" pos="X">svejedno</wf>
         <wf lemma="bili" pos="X">bili</wf>
         <wf lemma="zadovoljni" pos="X">zadovoljni</wf>
         <wf lemma="." pos="X">.</wf>
      </sentence>
      <sentence id="d000.s3339" source="wordnet-croatian">
         <wf lemma="Lopov" pos="X">Lopov</wf>
         <wf lemma="je" pos="X">je</wf>
         <wf lemma="za" pos="X">za</wf>
         <instance id="d000.s3339.t000" lemma="maskiranje" pos="NOUN">maskiranje</instance>
         <wf lemma="upotrijebio" pos="X">upotrijebio</wf>
         <wf lemma="običnu" pos="X">običnu</wf>
         <wf lemma="crnu" pos="X">crnu</wf>
         <wf lemma="čarapu" pos="X">čarapu</wf>
         <wf lemma="." pos="X">.</wf>
      </sentence>
      <sentence id="d000.s3340" source="wordnet-croatian">
         <wf lemma="Njegova" pos="X">Njegova</wf>
         <instance id="d000.s3340.t000" lemma="obzirnost" pos="NOUN">obzirnost</instance>
         <wf lemma="prema" pos="X">prema</wf>
         <wf lemma="starijim" pos="X">starijim</wf>
         <wf lemma="ljudima" pos="X">ljudima</wf>
         <wf lemma="nije" pos="X">nije</wf>
         <wf lemma="bila" pos="X">bila</wf>
         <wf lemma="iskrena" pos="X">iskrena</wf>
         <wf lemma="." pos="X">.</wf>
      </sentence>
      <sentence id="d000.s3341" source="wordnet-croatian">
         <wf lemma="Uvijek" pos="X">Uvijek</wf>
         <wf lemma="bismo" pos="X">bismo</wf>
         <wf lemma="na" pos="X">na</wf>
         <wf lemma="putovanjima" pos="X">putovanjima</wf>
         <wf lemma="odsjedali" pos="X">odsjedali</wf>
         <wf lemma="u" pos="X">u</wf>
         <instance id="d000.s3341.t000" lemma="hostel" pos="NOUN">hostelima</instance>
         <wf lemma="zbog" pos="X">zbog</wf>
         <wf lemma="pristupačne" pos="X">pristupačne</wf>
         <wf lemma="cijene" pos="X">cijene</wf>
         <wf lemma="." pos="X">.</wf>
      </sentence>
      <sentence id="d000.s3342" source="wordnet-croatian">
         <wf lemma="Sve" pos="X">Sve</wf>
         <wf lemma="bi" pos="X">bi</wf>
         <wf lemma="političare" pos="X">političare</wf>
         <wf lemma="trebalo" pos="X">trebalo</wf>
         <wf lemma="poslati" pos="X">poslati</wf>
         <wf lemma="na" pos="X">na</wf>
         <wf lemma="tečaj" pos="X">tečaj</wf>
         <wf lemma="iz" pos="X">iz</wf>
         <instance id="d000.s3342.t000" lemma="retorika" pos="NOUN">retorike</instance>
         <wf lemma="." pos="X">.</wf>
      </sentence>
      <sentence id="d000.s3343" source="wordnet-croatian">
         <wf lemma="Po" pos="X">Po</wf>
         <wf lemma="svom" pos="X">svom</wf>
         <instance id="d000.s3343.t000" lemma="običaj" pos="NOUN">običaju</instance>
         <wf lemma="ona" pos="X">ona</wf>
         <wf lemma="nije" pos="X">nije</wf>
         <wf lemma="predala" pos="X">predala</wf>
         <wf lemma="referat" pos="X">referat</wf>
         <wf lemma="na" pos="X">na</wf>
         <wf lemma="vrijeme" pos="X">vrijeme</wf>
         <wf lemma="." pos="X">.</wf>
      </sentence>
      <sentence id="d000.s3344" source="wordnet-croatian">
         <wf lemma="Imaš" pos="X">Imaš</wf>
         <wf lemma="stvarno" pos="X">stvarno</wf>
         <instance id="d000.s3344.t000" lemma="bezuman" pos="ADJ">bezumne</instance>
         <wf lemma="ideje" pos="X">ideje</wf>
         <wf lemma="." pos="X">.</wf>
      </sentence>
      <sentence id="d000.s3345" source="wordnet-croatian">
         <wf lemma="Oblak" pos="X">Oblak</wf>
         <wf lemma="sumnje" pos="X">sumnje</wf>
         <wf lemma="joj" pos="X">joj</wf>
         <wf lemma="je" pos="X">je</wf>
         <wf lemma="neprestano" pos="X">neprestano</wf>
         <instance id="d000.s3345.t000" lemma="visiti" pos="VERB">visio</instance>
         <wf lemma="nad" pos="X">nad</wf>
         <wf lemma="glavom" pos="X">glavom</wf>
         <wf lemma="." pos="X">.</wf>
      </sentence>
      <sentence id="d000.s3346" source="wordnet-croatian">
         <wf lemma="Svim" pos="X">Svim</wf>
         <instance id="d000.s3346.t000" lemma="polaznik" pos="NOUN">polaznicima</instance>
         <wf lemma="vozačke" pos="X">vozačke</wf>
         <wf lemma="škole" pos="X">škole</wf>
         <wf lemma="preporuča" pos="X">preporuča</wf>
         <wf lemma="se" pos="X">se</wf>
         <wf lemma="uzimanje" pos="X">uzimanje</wf>
         <wf lemma="dodatnih" pos="X">dodatnih</wf>
         <wf lemma="sati" pos="X">sati</wf>
         <wf lemma="vožnje" pos="X">vožnje</wf>
         <wf lemma="." pos="X">.</wf>
      </sentence>
      <sentence id="d000.s3347" source="wordnet-croatian">
         <wf lemma="Svojoj" pos="X">Svojoj</wf>
         <wf lemma="djeci" pos="X">djeci</wf>
         <wf lemma="moramo" pos="X">moramo</wf>
         <wf lemma="usaditi" pos="X">usaditi</wf>
         <wf lemma="osjećaj" pos="X">osjećaj</wf>
         <instance id="d000.s3347.t000" lemma="odgovornost" pos="NOUN">odgovornosti</instance>
         <wf lemma="." pos="X">.</wf>
      </sentence>
      <sentence id="d000.s3348" source="wordnet-croatian">
         <wf lemma="Smilja" pos="X">Smilja</wf>
         <wf lemma="se" pos="X">se</wf>
         <wf lemma="rado" pos="X">rado</wf>
         <instance id="d000.s3348.t000" lemma="razodijevati" pos="VERB">razodijevala</instance>
         <wf lemma="u" pos="X">u</wf>
         <wf lemma="javnosti" pos="X">javnosti</wf>
         <wf lemma="." pos="X">.</wf>
      </sentence>
      <sentence id="d000.s3349" source="wordnet-croatian">
         <instance id="d000.s3349.t000" lemma="slom" pos="NOUN">Slom</instance>
         <wf lemma="njenih" pos="X">njenih</wf>
         <wf lemma="živaca" pos="X">živaca</wf>
         <wf lemma="očekuje" pos="X">očekuje</wf>
         <wf lemma="se" pos="X">se</wf>
         <wf lemma="sljedeći" pos="X">sljedeći</wf>
         <wf lemma="mjesec" pos="X">mjesec</wf>
         <wf lemma="." pos="X">.</wf>
      </sentence>
      <sentence id="d000.s3350" source="wordnet-croatian">
         <wf lemma="Sokrat" pos="X">Sokrat</wf>
         <wf lemma="je" pos="X">je</wf>
         <wf lemma="bio" pos="X">bio</wf>
         <wf lemma="optužen" pos="X">optužen</wf>
         <wf lemma="da" pos="X">da</wf>
         <wf lemma="je" pos="X">je</wf>
         <instance id="d000.s3350.t000" lemma="kvariti" pos="VERB">kvario</instance>
         <wf lemma="mladež" pos="X">mladež</wf>
         <wf lemma="." pos="X">.</wf>
      </sentence>
      <sentence id="d000.s3351" source="wordnet-croatian">
         <wf lemma="Majka" pos="X">Majka</wf>
         <wf lemma="je" pos="X">je</wf>
         <instance id="d000.s3351.t000" lemma="nadojiti" pos="VERB">nadojila</instance>
         <wf lemma="dijete" pos="X">dijete</wf>
         <wf lemma="." pos="X">.</wf>
      </sentence>
      <sentence id="d000.s3352" source="wordnet-croatian">
         <wf lemma="Do" pos="X">Do</wf>
         <wf lemma="nesreće" pos="X">nesreće</wf>
         <wf lemma="je" pos="X">je</wf>
         <wf lemma="došlo" pos="X">došlo</wf>
         <wf lemma="zbog" pos="X">zbog</wf>
         <wf lemma="eksplozije" pos="X">eksplozije</wf>
         <wf lemma="automobilskoga" pos="X">automobilskoga</wf>
         <instance id="d000.s3352.t000" lemma="kotač" pos="NOUN">kotača</instance>
         <wf lemma="." pos="X">.</wf>
      </sentence>
      <sentence id="d000.s3353" source="wordnet-croatian">
         <wf lemma="Cijelo" pos="X">Cijelo</wf>
         <wf lemma="popodne" pos="X">popodne</wf>
         <wf lemma="skupljao" pos="X">skupljao</wf>
         <wf lemma="je" pos="X">je</wf>
         <wf lemma="veće" pos="X">veće</wf>
         <wf lemma="i" pos="X">i</wf>
         <wf lemma="manje" pos="X">manje</wf>
         <instance id="d000.s3353.t000" lemma="prut" pos="NOUN">prutove</instance>
         <wf lemma="za" pos="X">za</wf>
         <wf lemma="potpalu" pos="X">potpalu</wf>
         <wf lemma="vatre" pos="X">vatre</wf>
         <wf lemma="." pos="X">.</wf>
      </sentence>
      <sentence id="d000.s3354" source="wordnet-croatian">
         <wf lemma="Voće" pos="X">Voće</wf>
         <wf lemma="se" pos="X">se</wf>
         <wf lemma="može" pos="X">može</wf>
         <instance id="d000.s3354.t000" lemma="potopiti" pos="VERB">potopiti</instance>
         <wf lemma="u" pos="X">u</wf>
         <wf lemma="alkohol" pos="X">alkohol</wf>
         <wf lemma="." pos="X">.</wf>
      </sentence>
      <sentence id="d000.s3355" source="wordnet-croatian">
         <wf lemma="Konačno" pos="X">Konačno</wf>
         <wf lemma="je" pos="X">je</wf>
         <instance id="d000.s3355.t000" lemma="završiti" pos="VERB">završio</instance>
         <wf lemma="svoj" pos="X">svoj</wf>
         <wf lemma="doktorat" pos="X">doktorat</wf>
         <wf lemma="." pos="X">.</wf>
      </sentence>
      <sentence id="d000.s3356" source="wordnet-croatian">
         <wf lemma="Marko" pos="X">Marko</wf>
         <wf lemma="se" pos="X">se</wf>
         <wf lemma="uvijek" pos="X">uvijek</wf>
         <wf lemma="ponosio" pos="X">ponosio</wf>
         <wf lemma="svojim" pos="X">svojim</wf>
         <instance id="d000.s3356.t000" lemma="snažan" pos="ADJ">snažnim</instance>
         <wf lemma="stiskom" pos="X">stiskom</wf>
         <wf lemma="ruke" pos="X">ruke</wf>
         <wf lemma="." pos="X">.</wf>
      </sentence>
      <sentence id="d000.s3357" source="wordnet-croatian">
         <wf lemma="Jutros" pos="X">Jutros</wf>
         <wf lemma="je" pos="X">je</wf>
         <wf lemma="stigao" pos="X">stigao</wf>
         <instance id="d000.s3357.t000" lemma="brzojav" pos="NOUN">brzojav</instance>
         <wf lemma="potpore" pos="X">potpore</wf>
         <wf lemma="prosvjednicima" pos="X">prosvjednicima</wf>
         <wf lemma="." pos="X">.</wf>
      </sentence>
      <sentence id="d000.s3358" source="wordnet-croatian">
         <wf lemma="Koliko" pos="X">Koliko</wf>
         <wf lemma="god" pos="X">god</wf>
         <wf lemma="nešto" pos="X">nešto</wf>
         <wf lemma="voljeli" pos="X">voljeli</wf>
         <wf lemma="," pos="X">,</wf>
         <wf lemma="moramo" pos="X">moramo</wf>
         <wf lemma="biti" pos="X">biti</wf>
         <wf lemma="oprezni" pos="X">oprezni</wf>
         <wf lemma="da" pos="X">da</wf>
         <wf lemma="ne" pos="X">ne</wf>
         <wf lemma="upadnemo" pos="X">upadnemo</wf>
         <wf lemma="u" pos="X">u</wf>
         <wf lemma="stanje" pos="X">stanje</wf>
         <instance id="d000.s3358.t000" lemma="fanatičnost" pos="NOUN">fanatičnosti</instance>
         <wf lemma="." pos="X">.</wf>
      </sentence>
      <sentence id="d000.s3359" source="wordnet-croatian">
         <wf lemma="Svi" pos="X">Svi</wf>
         <wf lemma="hrvatski" pos="X">hrvatski</wf>
         <wf lemma="glagoli" pos="X">glagoli</wf>
         <wf lemma="imaju" pos="X">imaju</wf>
         <wf lemma="kategoriju" pos="X">kategoriju</wf>
         <wf lemma="glagolskoga" pos="X">glagolskoga</wf>
         <instance id="d000.s3359.t000" lemma="vid" pos="NOUN">vida</instance>
         <wf lemma="." pos="X">.</wf>
      </sentence>
      <sentence id="d000.s3360" source="wordnet-croatian">
         <wf lemma="Dijete" pos="X">Dijete</wf>
         <wf lemma="je" pos="X">je</wf>
         <instance id="d000.s3360.t000" lemma="zakotrljati" pos="VERB">zakotrljalo</instance>
         <wf lemma="loptu" pos="X">loptu</wf>
         <wf lemma="niz" pos="X">niz</wf>
         <wf lemma="brijeg" pos="X">brijeg</wf>
         <wf lemma="." pos="X">.</wf>
      </sentence>
      <sentence id="d000.s3361" source="wordnet-croatian">
         <wf lemma="Poklanjam" pos="X">Poklanjam</wf>
         <wf lemma="ti" pos="X">ti</wf>
         <wf lemma="još" pos="X">još</wf>
         <instance id="d000.s3361.t000" lemma="neupotrebljen" pos="ADJ">neupotrebljen</instance>
         <wf lemma="aparat" pos="X">aparat</wf>
         <wf lemma="za" pos="X">za</wf>
         <wf lemma="kavu" pos="X">kavu</wf>
         <wf lemma="." pos="X">.</wf>
      </sentence>
      <sentence id="d000.s3362" source="wordnet-croatian">
         <wf lemma="Nije" pos="X">Nije</wf>
         <wf lemma="ju" pos="X">ju</wf>
         <wf lemma="cijenio" pos="X">cijenio</wf>
         <wf lemma="zbog" pos="X">zbog</wf>
         <wf lemma="njezine" pos="X">njezine</wf>
         <wf lemma="pretjerane" pos="X">pretjerane</wf>
         <instance id="d000.s3362.t000" lemma="poniznost" pos="NOUN">poniznosti</instance>
         <wf lemma="pred" pos="X">pred</wf>
         <wf lemma="nadređenima" pos="X">nadređenima</wf>
         <wf lemma="." pos="X">.</wf>
      </sentence>
      <sentence id="d000.s3363" source="wordnet-croatian">
         <instance id="d000.s3363.t000" lemma="željeti" pos="VERB">Željela</instance>
         <wf lemma="bih" pos="X">bih</wf>
         <wf lemma="ostati" pos="X">ostati</wf>
         <wf lemma="cijeli" pos="X">cijeli</wf>
         <wf lemma="dan" pos="X">dan</wf>
         <wf lemma="u" pos="X">u</wf>
         <wf lemma="krevetu" pos="X">krevetu</wf>
         <wf lemma="," pos="X">,</wf>
         <wf lemma="ali" pos="X">ali</wf>
         <wf lemma="mi" pos="X">mi</wf>
         <wf lemma="ukućani" pos="X">ukućani</wf>
         <wf lemma="ne" pos="X">ne</wf>
         <wf lemma="daju" pos="X">daju</wf>
         <wf lemma="mira" pos="X">mira</wf>
         <wf lemma="." pos="X">.</wf>
      </sentence>
      <sentence id="d000.s3364" source="wordnet-croatian">
         <wf lemma="Rasna" pos="X">Rasna</wf>
         <instance id="d000.s3364.t000" lemma="diskriminacija" pos="NOUN">diskriminacija</instance>
         <wf lemma="u" pos="X">u</wf>
         <wf lemma="školama" pos="X">školama</wf>
         <wf lemma="nije" pos="X">nije</wf>
         <wf lemma="u" pos="X">u</wf>
         <wf lemma="potpunosti" pos="X">potpunosti</wf>
         <wf lemma="nestala" pos="X">nestala</wf>
         <wf lemma="." pos="X">.</wf>
      </sentence>
      <sentence id="d000.s3365" source="wordnet-croatian">
         <instance id="d000.s3365.t000" lemma="ostružica" pos="NOUN">Ostružica</instance>
         <wf lemma="nije" pos="X">nije</wf>
         <wf lemma="često" pos="X">često</wf>
         <wf lemma="voće" pos="X">voće</wf>
         <wf lemma="kod" pos="X">kod</wf>
         <wf lemma="nas" pos="X">nas</wf>
         <wf lemma="." pos="X">.</wf>
      </sentence>
      <sentence id="d000.s3366" source="wordnet-croatian">
         <wf lemma="U" pos="X">U</wf>
         <wf lemma="adventsko" pos="X">adventsko</wf>
         <wf lemma="vrijeme" pos="X">vrijeme</wf>
         <wf lemma="svećenici" pos="X">svećenici</wf>
         <wf lemma="nose" pos="X">nose</wf>
         <wf lemma="ljubičasto" pos="X">ljubičasto</wf>
         <instance id="d000.s3366.t000" lemma="ruho" pos="NOUN">ruho</instance>
         <wf lemma="." pos="X">.</wf>
      </sentence>
      <sentence id="d000.s3367" source="wordnet-croatian">
         <wf lemma="Planinari" pos="X">Planinari</wf>
         <wf lemma="su" pos="X">su</wf>
         <instance id="d000.s3367.t000" lemma="markirati" pos="VERB">markirali</instance>
         <wf lemma="novi" pos="X">novi</wf>
         <wf lemma="put" pos="X">put</wf>
         <wf lemma="na" pos="X">na</wf>
         <wf lemma="Velebitu" pos="X">Velebitu</wf>
         <wf lemma="." pos="X">.</wf>
      </sentence>
      <sentence id="d000.s3368" source="wordnet-croatian">
         <wf lemma="Bavio" pos="X">Bavio</wf>
         <wf lemma="se" pos="X">se</wf>
         <wf lemma="izradom" pos="X">izradom</wf>
         <wf lemma="unikatnih" pos="X">unikatnih</wf>
         <wf lemma="drvenih" pos="X">drvenih</wf>
         <instance id="d000.s3368.t000" lemma="tronožac" pos="NOUN">tronožaca</instance>
         <wf lemma="." pos="X">.</wf>
      </sentence>
      <sentence id="d000.s3369" source="wordnet-croatian">
         <wf lemma="Bez" pos="X">Bez</wf>
         <instance id="d000.s3369.t000" lemma="potpora" pos="NOUN">potpore</instance>
         <wf lemma="bogatih" pos="X">bogatih</wf>
         <wf lemma="roditelja" pos="X">roditelja</wf>
         <wf lemma="Mirko" pos="X">Mirko</wf>
         <wf lemma="nikada" pos="X">nikada</wf>
         <wf lemma="ne" pos="X">ne</wf>
         <wf lemma="bi" pos="X">bi</wf>
         <wf lemma="završio" pos="X">završio</wf>
         <wf lemma="fakultet" pos="X">fakultet</wf>
         <wf lemma="." pos="X">.</wf>
      </sentence>
      <sentence id="d000.s3370" source="wordnet-croatian">
         <instance id="d000.s3370.t000" lemma="izjuriti" pos="VERB">Izjurio</instance>
         <wf lemma="je" pos="X">je</wf>
         <wf lemma="iz" pos="X">iz</wf>
         <wf lemma="kuće" pos="X">kuće</wf>
         <wf lemma="zahvaćene" pos="X">zahvaćene</wf>
         <wf lemma="plamenom" pos="X">plamenom</wf>
         <wf lemma="." pos="X">.</wf>
      </sentence>
      <sentence id="d000.s3371" source="wordnet-croatian">
         <wf lemma="Zapošljavamo" pos="X">Zapošljavamo</wf>
         <wf lemma="isključivo" pos="X">isključivo</wf>
         <instance id="d000.s3371.t000" lemma="ambiciozan" pos="ADJ">ambiciozne</instance>
         <wf lemma="ljude" pos="X">ljude</wf>
         <wf lemma="." pos="X">.</wf>
      </sentence>
      <sentence id="d000.s3372" source="wordnet-croatian">
         <wf lemma="U" pos="X">U</wf>
         <wf lemma="njezinim" pos="X">njezinim</wf>
         <wf lemma="ju" pos="X">ju</wf>
         <wf lemma="je" pos="X">je</wf>
         <wf lemma="postupcima" pos="X">postupcima</wf>
         <instance id="d000.s3372.t000" lemma="voditi" pos="VERB">vodila</instance>
         <wf lemma="strast" pos="X">strast</wf>
         <wf lemma="." pos="X">.</wf>
      </sentence>
      <sentence id="d000.s3373" source="wordnet-croatian">
         <wf lemma="Trebalo" pos="X">Trebalo</wf>
         <wf lemma="mu" pos="X">mu</wf>
         <wf lemma="je" pos="X">je</wf>
         <wf lemma="pola" pos="X">pola</wf>
         <wf lemma="sata" pos="X">sata</wf>
         <wf lemma="da" pos="X">da</wf>
         <wf lemma="riješi" pos="X">riješi</wf>
         <instance id="d000.s3373.t000" lemma="ispit" pos="NOUN">ispit</instance>
         <wf lemma="iz" pos="X">iz</wf>
         <wf lemma="matematike" pos="X">matematike</wf>
         <wf lemma="." pos="X">.</wf>
      </sentence>
      <sentence id="d000.s3374" source="wordnet-croatian">
         <wf lemma="Spremio" pos="X">Spremio</wf>
         <wf lemma="je" pos="X">je</wf>
         <wf lemma="svoju" pos="X">svoju</wf>
         <wf lemma="violinu" pos="X">violinu</wf>
         <wf lemma="u" pos="X">u</wf>
         <instance id="d000.s3374.t000" lemma="sanduk" pos="NOUN">sanduk</instance>
         <wf lemma="i" pos="X">i</wf>
         <wf lemma="ostavio" pos="X">ostavio</wf>
         <wf lemma="je" pos="X">je</wf>
         <wf lemma="iza" pos="X">iza</wf>
         <wf lemma="pozornice" pos="X">pozornice</wf>
         <wf lemma="." pos="X">.</wf>
      </sentence>
      <sentence id="d000.s3375" source="wordnet-croatian">
         <wf lemma="Imala" pos="X">Imala</wf>
         <wf lemma="je" pos="X">je</wf>
         <instance id="d000.s3375.t000" lemma="pašmina" pos="NOUN">pašmine</instance>
         <wf lemma="raznih" pos="X">raznih</wf>
         <wf lemma="boja" pos="X">boja</wf>
         <wf lemma="kojima" pos="X">kojima</wf>
         <wf lemma="je" pos="X">je</wf>
         <wf lemma="dopunjavala" pos="X">dopunjavala</wf>
         <wf lemma="svoje" pos="X">svoje</wf>
         <wf lemma="odjevne" pos="X">odjevne</wf>
         <wf lemma="kombinacije" pos="X">kombinacije</wf>
         <wf lemma="." pos="X">.</wf>
      </sentence>
      <sentence id="d000.s3376" source="wordnet-croatian">
         <wf lemma="Prije" pos="X">Prije</wf>
         <wf lemma="pečenja" pos="X">pečenja</wf>
         <wf lemma="ribu" pos="X">ribu</wf>
         <wf lemma="treba" pos="X">treba</wf>
         <instance id="d000.s3376.t000" lemma="ostrugati" pos="VERB">ostrugati</instance>
         <wf lemma="." pos="X">.</wf>
      </sentence>
      <sentence id="d000.s3377" source="wordnet-croatian">
         <wf lemma="Cijela" pos="X">Cijela</wf>
         <wf lemma="ta" pos="X">ta</wf>
         <wf lemma="obitelj" pos="X">obitelj</wf>
         <wf lemma="jednostavno" pos="X">jednostavno</wf>
         <instance id="d000.s3377.t000" lemma="odisati" pos="VERB">odiše</instance>
         <wf lemma="začudnim" pos="X">začudnim</wf>
         <wf lemma="poštenjem" pos="X">poštenjem</wf>
         <wf lemma="." pos="X">.</wf>
      </sentence>
      <sentence id="d000.s3378" source="wordnet-croatian">
         <wf lemma="Dobar" pos="X">Dobar</wf>
         <instance id="d000.s3378.t000" lemma="razglas" pos="NOUN">razglas</instance>
         <wf lemma="važan" pos="X">važan</wf>
         <wf lemma="je" pos="X">je</wf>
         <wf lemma="za" pos="X">za</wf>
         <wf lemma="javne" pos="X">javne</wf>
         <wf lemma="skupove" pos="X">skupove</wf>
         <wf lemma="kako" pos="X">kako</wf>
         <wf lemma="bi" pos="X">bi</wf>
         <wf lemma="poruka" pos="X">poruka</wf>
         <wf lemma="doprla" pos="X">doprla</wf>
         <wf lemma="do" pos="X">do</wf>
         <wf lemma="svih" pos="X">svih</wf>
         <wf lemma="slušatelja" pos="X">slušatelja</wf>
         <wf lemma="." pos="X">.</wf>
      </sentence>
      <sentence id="d000.s3379" source="wordnet-croatian">
         <wf lemma="Stavio" pos="X">Stavio</wf>
         <wf lemma="je" pos="X">je</wf>
         <instance id="d000.s3379.t000" lemma="ključ" pos="NOUN">ključ</instance>
         <wf lemma="u" pos="X">u</wf>
         <wf lemma="bravu" pos="X">bravu</wf>
         <wf lemma="i" pos="X">i</wf>
         <wf lemma="otvorio" pos="X">otvorio</wf>
         <wf lemma="." pos="X">.</wf>
      </sentence>
      <sentence id="d000.s3380" source="wordnet-croatian">
         <wf lemma="Kontrabas" pos="X">Kontrabas</wf>
         <wf lemma="je" pos="X">je</wf>
         <instance id="d000.s3380.t000" lemma="bas" pos="NOUN">bas</instance>
         <wf lemma="među" pos="X">među</wf>
         <wf lemma="gudačkim" pos="X">gudačkim</wf>
         <wf lemma="instrumentima" pos="X">instrumentima</wf>
         <wf lemma="." pos="X">.</wf>
      </sentence>
      <sentence id="d000.s3381" source="wordnet-croatian">
         <instance id="d000.s3381.t000" lemma="prestići" pos="VERB">Prestigli</instance>
         <wf lemma="su" pos="X">su</wf>
         <wf lemma="nas" pos="X">nas</wf>
         <wf lemma="na" pos="X">na</wf>
         <wf lemma="ravnom" pos="X">ravnom</wf>
         <wf lemma="dijelu" pos="X">dijelu</wf>
         <wf lemma="staze" pos="X">staze</wf>
         <wf lemma="." pos="X">.</wf>
      </sentence>
      <sentence id="d000.s3382" source="wordnet-croatian">
         <instance id="d000.s3382.t000" lemma="igra" pos="NOUN">Igra</instance>
         <wf lemma="mašte" pos="X">mašte</wf>
         <wf lemma="je" pos="X">je</wf>
         <wf lemma="ono" pos="X">ono</wf>
         <wf lemma="što" pos="X">što</wf>
         <wf lemma="ne" pos="X">ne</wf>
         <wf lemma="znamo" pos="X">znamo</wf>
         <wf lemma="točno" pos="X">točno</wf>
         <wf lemma="što" pos="X">što</wf>
         <wf lemma="to" pos="X">to</wf>
         <wf lemma="jest" pos="X">jest</wf>
         <wf lemma="." pos="X">.</wf>
      </sentence>
      <sentence id="d000.s3383" source="wordnet-croatian">
         <wf lemma="Mirko" pos="X">Mirko</wf>
         <wf lemma="je" pos="X">je</wf>
         <wf lemma="vodio" pos="X">vodio</wf>
         <instance id="d000.s3383.t000" lemma="nekonvencionalan" pos="ADJ">nekonvencionalan</instance>
         <wf lemma="stil" pos="X">stil</wf>
         <wf lemma="života" pos="X">života</wf>
         <wf lemma="." pos="X">.</wf>
      </sentence>
      <sentence id="d000.s3384" source="wordnet-croatian">
         <wf lemma="Nosila" pos="X">Nosila</wf>
         <wf lemma="je" pos="X">je</wf>
         <instance id="d000.s3384.t000" lemma="veličina" pos="NOUN">veličinu</instance>
         <wf lemma="42." pos="X">42.</wf>
      </sentence>
      <sentence id="d000.s3385" source="wordnet-croatian">
         <wf lemma="Najveći" pos="X">Najveći</wf>
         <wf lemma="doživljaj" pos="X">doživljaj</wf>
         <wf lemma="bio" pos="X">bio</wf>
         <wf lemma="je" pos="X">je</wf>
         <wf lemma="posjet" pos="X">posjet</wf>
         <wf lemma="plantaži" pos="X">plantaži</wf>
         <instance id="d000.s3385.t000" lemma="riža" pos="NOUN">riže</instance>
         <wf lemma="." pos="X">.</wf>
      </sentence>
      <sentence id="d000.s3386" source="wordnet-croatian">
         <wf lemma="Materijal" pos="X">Materijal</wf>
         <wf lemma="je" pos="X">je</wf>
         <wf lemma="postao" pos="X">postao</wf>
         <instance id="d000.s3386.t000" lemma="grub" pos="ADJ">grub</instance>
         <wf lemma="nakon" pos="X">nakon</wf>
         <wf lemma="brojnih" pos="X">brojnih</wf>
         <wf lemma="pranja" pos="X">pranja</wf>
         <wf lemma="." pos="X">.</wf>
      </sentence>
      <sentence id="d000.s3387" source="wordnet-croatian">
         <wf lemma="Udarac" pos="X">Udarac</wf>
         <wf lemma="u" pos="X">u</wf>
         <instance id="d000.s3387.t000" lemma="sljepoočnica" pos="NOUN">sljepoočnicu</instance>
         <wf lemma="može" pos="X">može</wf>
         <wf lemma="biti" pos="X">biti</wf>
         <wf lemma="smrtonosan" pos="X">smrtonosan</wf>
         <wf lemma="." pos="X">.</wf>
      </sentence>
      <sentence id="d000.s3388" source="wordnet-croatian">
         <wf lemma="Na" pos="X">Na</wf>
         <wf lemma="novom" pos="X">novom</wf>
         <wf lemma="poslu" pos="X">poslu</wf>
         <wf lemma="jako" pos="X">jako</wf>
         <wf lemma="dobro" pos="X">dobro</wf>
         <instance id="d000.s3388.t000" lemma="zarađivati" pos="VERB">zarađuje</instance>
         <wf lemma="." pos="X">.</wf>
      </sentence>
      <sentence id="d000.s3389" source="wordnet-croatian">
         <wf lemma="Dok" pos="X">Dok</wf>
         <wf lemma="su" pos="X">su</wf>
         <wf lemma="djeca" pos="X">djeca</wf>
         <wf lemma="bila" pos="X">bila</wf>
         <wf lemma="mala" pos="X">mala</wf>
         <wf lemma="nikada" pos="X">nikada</wf>
         <wf lemma="nismo" pos="X">nismo</wf>
         <instance id="d000.s3389.t000" lemma="izlaziti" pos="VERB">izlazili</instance>
         <wf lemma="." pos="X">.</wf>
      </sentence>
      <sentence id="d000.s3390" source="wordnet-croatian">
         <wf lemma="On" pos="X">On</wf>
         <wf lemma="je" pos="X">je</wf>
         <wf lemma="moj" pos="X">moj</wf>
         <instance id="d000.s3390.t000" lemma="ljubavnik" pos="NOUN">ljubavnik</instance>
         <wf lemma="i" pos="X">i</wf>
         <wf lemma="moj" pos="X">moj</wf>
         <wf lemma="najbolji" pos="X">najbolji</wf>
         <wf lemma="prijatelj" pos="X">prijatelj</wf>
         <wf lemma="." pos="X">.</wf>
      </sentence>
      <sentence id="d000.s3391" source="wordnet-croatian">
         <wf lemma="Novce" pos="X">Novce</wf>
         <wf lemma="uvijek" pos="X">uvijek</wf>
         <instance id="d000.s3391.t000" lemma="držati" pos="VERB">držim</instance>
         <wf lemma="na" pos="X">na</wf>
         <wf lemma="istom" pos="X">istom</wf>
         <wf lemma="mjestu" pos="X">mjestu</wf>
         <wf lemma="-" pos="X">-</wf>
         <wf lemma="u" pos="X">u</wf>
         <wf lemma="svojoj" pos="X">svojoj</wf>
         <wf lemma="čarapi" pos="X">čarapi</wf>
         <wf lemma="." pos="X">.</wf>
      </sentence>
      <sentence id="d000.s3392" source="wordnet-croatian">
         <instance id="d000.s3392.t000" lemma="prekrižiti" pos="VERB">Prekrižila</instance>
         <wf lemma="sam" pos="X">sam</wf>
         <wf lemma="ga" pos="X">ga</wf>
         <wf lemma="sa" pos="X">sa</wf>
         <wf lemma="svog" pos="X">svog</wf>
         <wf lemma="popisa" pos="X">popisa</wf>
         <wf lemma="najboljih" pos="X">najboljih</wf>
         <wf lemma="prijatelja" pos="X">prijatelja</wf>
         <wf lemma="." pos="X">.</wf>
      </sentence>
      <sentence id="d000.s3393" source="wordnet-croatian">
         <instance id="d000.s3393.t000" lemma="popisivanje" pos="NOUN">Popisivanje</instance>
         <wf lemma="stanovništva" pos="X">stanovništva</wf>
         <wf lemma="izvršeno" pos="X">izvršeno</wf>
         <wf lemma="je" pos="X">je</wf>
         <wf lemma="veoma" pos="X">veoma</wf>
         <wf lemma="brzo" pos="X">brzo</wf>
         <wf lemma="i" pos="X">i</wf>
         <wf lemma="precizno" pos="X">precizno</wf>
         <wf lemma="." pos="X">.</wf>
      </sentence>
      <sentence id="d000.s3394" source="wordnet-croatian">
         <wf lemma="Požar" pos="X">Požar</wf>
         <wf lemma="je" pos="X">je</wf>
         <wf lemma="izbio" pos="X">izbio</wf>
         <wf lemma="iz" pos="X">iz</wf>
         <instance id="d000.s3394.t000" lemma="nehaj" pos="NOUN">nehaja</instance>
         <wf lemma="." pos="X">.</wf>
      </sentence>
      <sentence id="d000.s3395" source="wordnet-croatian">
         <wf lemma="Već" pos="X">Već</wf>
         <wf lemma="je" pos="X">je</wf>
         <wf lemma="puna" pos="X">puna</wf>
         <wf lemma="dva" pos="X">dva</wf>
         <instance id="d000.s3395.t000" lemma="desetljeće" pos="NOUN">desetljeća</instance>
         <wf lemma="bio" pos="X">bio</wf>
         <wf lemma="u" pos="X">u</wf>
         <wf lemma="braku" pos="X">braku</wf>
         <wf lemma="." pos="X">.</wf>
      </sentence>
      <sentence id="d000.s3396" source="wordnet-croatian">
         <wf lemma="Pelješac" pos="X">Pelješac</wf>
         <wf lemma="je" pos="X">je</wf>
         <wf lemma="drugi" pos="X">drugi</wf>
         <wf lemma="najveći" pos="X">najveći</wf>
         <wf lemma="hrvatski" pos="X">hrvatski</wf>
         <instance id="d000.s3396.t000" lemma="poluotok" pos="NOUN">poluotok</instance>
         <wf lemma="." pos="X">.</wf>
      </sentence>
      <sentence id="d000.s3397" source="wordnet-croatian">
         <wf lemma="Poznati" pos="X">Poznati</wf>
         <wf lemma="germanist" pos="X">germanist</wf>
         <wf lemma="konačno" pos="X">konačno</wf>
         <wf lemma="je" pos="X">je</wf>
         <wf lemma="postao" pos="X">postao</wf>
         <instance id="d000.s3397.t000" lemma="akademik" pos="NOUN">akademik</instance>
         <wf lemma="." pos="X">.</wf>
      </sentence>
      <sentence id="d000.s3398" source="wordnet-croatian">
         <wf lemma="Postavili" pos="X">Postavili</wf>
         <wf lemma="smo" pos="X">smo</wf>
         <instance id="d000.s3398.t000" lemma="gorionik" pos="NOUN">gorionik</instance>
         <wf lemma="na" pos="X">na</wf>
         <wf lemma="rabljeno" pos="X">rabljeno</wf>
         <wf lemma="ulje" pos="X">ulje</wf>
         <wf lemma="." pos="X">.</wf>
      </sentence>
      <sentence id="d000.s3399" source="wordnet-croatian">
         <wf lemma="Nova" pos="X">Nova</wf>
         <wf lemma="meteorološka" pos="X">meteorološka</wf>
         <instance id="d000.s3399.t000" lemma="postaja" pos="NOUN">postaja</instance>
         <wf lemma="izgrađena" pos="X">izgrađena</wf>
         <wf lemma="je" pos="X">je</wf>
         <wf lemma="na" pos="X">na</wf>
         <wf lemma="vrhu" pos="X">vrhu</wf>
         <wf lemma="planine" pos="X">planine</wf>
         <wf lemma="." pos="X">.</wf>
      </sentence>
      <sentence id="d000.s3400" source="wordnet-croatian">
         <wf lemma="Njegovo" pos="X">Njegovo</wf>
         <instance id="d000.s3400.t000" lemma="pogledavanje" pos="NOUN">pogledavanje</instance>
         <wf lemma="prema" pos="X">prema</wf>
         <wf lemma="ženama" pos="X">ženama</wf>
         <wf lemma="stranaca" pos="X">stranaca</wf>
         <wf lemma="uvijek" pos="X">uvijek</wf>
         <wf lemma="mu" pos="X">mu</wf>
         <wf lemma="je" pos="X">je</wf>
         <wf lemma="domnosilo" pos="X">domnosilo</wf>
         <wf lemma="probleme" pos="X">probleme</wf>
         <wf lemma="." pos="X">.</wf>
      </sentence>
      <sentence id="d000.s3401" source="wordnet-croatian">
         <wf lemma="Njezina" pos="X">Njezina</wf>
         <wf lemma="je" pos="X">je</wf>
         <instance id="d000.s3401.t000" lemma="zlonamjernost" pos="NOUN">zlonamjernost</instance>
         <wf lemma="bila" pos="X">bila</wf>
         <wf lemma="vidljiva" pos="X">vidljiva</wf>
         <wf lemma="u" pos="X">u</wf>
         <wf lemma="njezinu" pos="X">njezinu</wf>
         <wf lemma="pogledu" pos="X">pogledu</wf>
         <wf lemma="." pos="X">.</wf>
      </sentence>
      <sentence id="d000.s3402" source="wordnet-croatian">
         <wf lemma="Računalni" pos="X">Računalni</wf>
         <instance id="d000.s3402.t000" lemma="terminal" pos="NOUN">terminal</instance>
         <wf lemma="omogućava" pos="X">omogućava</wf>
         <wf lemma="svim" pos="X">svim</wf>
         <wf lemma="zaposlenicima" pos="X">zaposlenicima</wf>
         <wf lemma="tvrtke" pos="X">tvrtke</wf>
         <wf lemma="pristup" pos="X">pristup</wf>
         <wf lemma="bazi" pos="X">bazi</wf>
         <wf lemma="podataka" pos="X">podataka</wf>
         <wf lemma="." pos="X">.</wf>
      </sentence>
      <sentence id="d000.s3403" source="wordnet-croatian">
         <wf lemma="Mesar" pos="X">Mesar</wf>
         <wf lemma="mi" pos="X">mi</wf>
         <wf lemma="je" pos="X">je</wf>
         <instance id="d000.s3403.t000" lemma="otfikariti" pos="VERB">otfikario</instance>
         <wf lemma="najfiniji" pos="X">najfiniji</wf>
         <wf lemma="komad" pos="X">komad</wf>
         <wf lemma="lungića" pos="X">lungića</wf>
         <wf lemma="." pos="X">.</wf>
      </sentence>
      <sentence id="d000.s3404" source="wordnet-croatian">
         <wf lemma="Svoj" pos="X">Svoj</wf>
         <wf lemma="je" pos="X">je</wf>
         <wf lemma="argument" pos="X">argument</wf>
         <wf lemma="potkrijepio" pos="X">potkrijepio</wf>
         <wf lemma="brojnim" pos="X">brojnim</wf>
         <instance id="d000.s3404.t000" lemma="činjenica" pos="NOUN">činjenicama</instance>
         <wf lemma="." pos="X">.</wf>
      </sentence>
      <sentence id="d000.s3405" source="wordnet-croatian">
         <instance id="d000.s3405.t000" lemma="srijeda" pos="NOUN">Srijedom</instance>
         <wf lemma="idem" pos="X">idem</wf>
         <wf lemma="na" pos="X">na</wf>
         <wf lemma="kavu" pos="X">kavu</wf>
         <wf lemma="s" pos="X">s</wf>
         <wf lemma="prijateljicama" pos="X">prijateljicama</wf>
         <wf lemma="iz" pos="X">iz</wf>
         <wf lemma="djetinjstva" pos="X">djetinjstva</wf>
         <wf lemma="." pos="X">.</wf>
      </sentence>
      <sentence id="d000.s3406" source="wordnet-croatian">
         <instance id="d000.s3406.t000" lemma="nesebičnost" pos="NOUN">Nesebičnost</instance>
         <wf lemma="prema" pos="X">prema</wf>
         <wf lemma="drugima" pos="X">drugima</wf>
         <wf lemma="bila" pos="X">bila</wf>
         <wf lemma="je" pos="X">je</wf>
         <wf lemma="dijelom" pos="X">dijelom</wf>
         <wf lemma="njezine" pos="X">njezine</wf>
         <wf lemma="ličnosti" pos="X">ličnosti</wf>
         <wf lemma="od" pos="X">od</wf>
         <wf lemma="malih" pos="X">malih</wf>
         <wf lemma="nogu" pos="X">nogu</wf>
         <wf lemma="." pos="X">.</wf>
      </sentence>
      <sentence id="d000.s3407" source="wordnet-croatian">
         <wf lemma="Važno" pos="X">Važno</wf>
         <wf lemma="je" pos="X">je</wf>
         <wf lemma="krenuti" pos="X">krenuti</wf>
         <wf lemma="od" pos="X">od</wf>
         <wf lemma="osnovnih" pos="X">osnovnih</wf>
         <instance id="d000.s3407.t000" lemma="jedinica" pos="NOUN">jedinica</instance>
         <wf lemma="na" pos="X">na</wf>
         <wf lemma="temelju" pos="X">temelju</wf>
         <wf lemma="kojih" pos="X">kojih</wf>
         <wf lemma="je" pos="X">je</wf>
         <wf lemma="ono" pos="X">ono</wf>
         <wf lemma="kompleksnije" pos="X">kompleksnije</wf>
         <wf lemma="građeno" pos="X">građeno</wf>
         <wf lemma="." pos="X">.</wf>
      </sentence>
      <sentence id="d000.s3408" source="wordnet-croatian">
         <wf lemma="Okolnosti" pos="X">Okolnosti</wf>
         <instance id="d000.s3408.t000" lemma="događaj" pos="NOUN">događaja</instance>
         <wf lemma="su" pos="X">su</wf>
         <wf lemma="nepoznate" pos="X">nepoznate</wf>
         <wf lemma="." pos="X">.</wf>
      </sentence>
      <sentence id="d000.s3409" source="wordnet-croatian">
         <wf lemma="Dobio" pos="X">Dobio</wf>
         <wf lemma="sam" pos="X">sam</wf>
         <instance id="d000.s3409.t000" lemma="ovlaštenje" pos="NOUN">ovlaštenje</instance>
         <wf lemma="da" pos="X">da</wf>
         <wf lemma="raspolažem" pos="X">raspolažem</wf>
         <wf lemma="njenim" pos="X">njenim</wf>
         <wf lemma="dionicama" pos="X">dionicama</wf>
         <wf lemma="na" pos="X">na</wf>
         <wf lemma="burzi" pos="X">burzi</wf>
         <wf lemma="." pos="X">.</wf>
      </sentence>
      <sentence id="d000.s3410" source="wordnet-croatian">
         <wf lemma="Domaća" pos="X">Domaća</wf>
         <wf lemma="ekipa" pos="X">ekipa</wf>
         <wf lemma="je" pos="X">je</wf>
         <instance id="d000.s3410.t000" lemma="zabiti" pos="VERB">zabila</instance>
         <wf lemma="tri" pos="X">tri</wf>
         <wf lemma="gola" pos="X">gola</wf>
         <wf lemma="." pos="X">.</wf>
      </sentence>
      <sentence id="d000.s3411" source="wordnet-croatian">
         <wf lemma="Kritičari" pos="X">Kritičari</wf>
         <wf lemma="su" pos="X">su</wf>
         <wf lemma="potpuno" pos="X">potpuno</wf>
         <instance id="d000.s3411.t000" lemma="podcijeniti" pos="VERB">podcijenili</instance>
         <wf lemma="umjetničku" pos="X">umjetničku</wf>
         <wf lemma="vrijednost" pos="X">vrijednost</wf>
         <wf lemma="moje" pos="X">moje</wf>
         <wf lemma="prve" pos="X">prve</wf>
         <wf lemma="zbirke" pos="X">zbirke</wf>
         <wf lemma="introspektivne" pos="X">introspektivne</wf>
         <wf lemma="lirike" pos="X">lirike</wf>
         <wf lemma="." pos="X">.</wf>
      </sentence>
      <sentence id="d000.s3412" source="wordnet-croatian">
         <wf lemma="Prije" pos="X">Prije</wf>
         <wf lemma="puta" pos="X">puta</wf>
         <wf lemma="u" pos="X">u</wf>
         <wf lemma="stranu" pos="X">stranu</wf>
         <wf lemma="zemlju" pos="X">zemlju</wf>
         <wf lemma="morao" pos="X">morao</wf>
         <wf lemma="sam" pos="X">sam</wf>
         <instance id="d000.s3412.t000" lemma="pretvoriti" pos="VERB">pretvoriti</instance>
         <wf lemma="domaću" pos="X">domaću</wf>
         <wf lemma="valutu" pos="X">valutu</wf>
         <wf lemma="u" pos="X">u</wf>
         <wf lemma="stranu" pos="X">stranu</wf>
         <wf lemma="." pos="X">.</wf>
      </sentence>
      <sentence id="d000.s3413" source="wordnet-croatian">
         <wf lemma="Moja" pos="X">Moja</wf>
         <wf lemma="je" pos="X">je</wf>
         <wf lemma="prijateljica" pos="X">prijateljica</wf>
         <instance id="d000.s3413.t000" lemma="roditi" pos="VERB">rodila</instance>
         <wf lemma="krasne" pos="X">krasne</wf>
         <wf lemma="blizance" pos="X">blizance</wf>
         <wf lemma="." pos="X">.</wf>
      </sentence>
      <sentence id="d000.s3414" source="wordnet-croatian">
         <instance id="d000.s3414.t000" lemma="protaktinij" pos="NOUN">Protaktinij</instance>
         <wf lemma="su" pos="X">su</wf>
         <wf lemma="1913." pos="X">1913.</wf>
         <wf lemma="godine" pos="X">godine</wf>
         <wf lemma="otkrili" pos="X">otkrili</wf>
         <wf lemma="Kasimir" pos="X">Kasimir</wf>
         <wf lemma="Fajans" pos="X">Fajans</wf>
         <wf lemma="i" pos="X">i</wf>
         <wf lemma="Otto" pos="X">Otto</wf>
         <wf lemma="H." pos="X">H.</wf>
         <wf lemma="Göhring" pos="X">Göhring</wf>
         <wf lemma="." pos="X">.</wf>
      </sentence>
      <sentence id="d000.s3415" source="wordnet-croatian">
         <wf lemma="U" pos="X">U</wf>
         <wf lemma="različito" pos="X">različito</wf>
         <wf lemma="se" pos="X">se</wf>
         <wf lemma="doba" pos="X">doba</wf>
         <wf lemma="dana" pos="X">dana</wf>
         <instance id="d000.s3415.t000" lemma="sjena" pos="NOUN">sjena</instance>
         <wf lemma="stvara" pos="X">stvara</wf>
         <wf lemma="na" pos="X">na</wf>
         <wf lemma="različitim" pos="X">različitim</wf>
         <wf lemma="dijelovima" pos="X">dijelovima</wf>
         <wf lemma="dvorišta" pos="X">dvorišta</wf>
         <wf lemma="." pos="X">.</wf>
      </sentence>
      <sentence id="d000.s3416" source="wordnet-croatian">
         <wf lemma="Za" pos="X">Za</wf>
         <wf lemma="vrijeme" pos="X">vrijeme</wf>
         <wf lemma="boravka" pos="X">boravka</wf>
         <wf lemma="u" pos="X">u</wf>
         <wf lemma="inozemstvu" pos="X">inozemstvu</wf>
         <instance id="d000.s3416.t000" lemma="steći" pos="VERB">stekao</instance>
         <wf lemma="je" pos="X">je</wf>
         <wf lemma="mnoge" pos="X">mnoge</wf>
         <wf lemma="prijatelje" pos="X">prijatelje</wf>
         <wf lemma="." pos="X">.</wf>
      </sentence>
      <sentence id="d000.s3417" source="wordnet-croatian">
         <wf lemma="Nikad" pos="X">Nikad</wf>
         <wf lemma="nemoj" pos="X">nemoj</wf>
         <instance id="d000.s3417.t000" lemma="uperiti" pos="VERB">uperiti</instance>
         <wf lemma="oružje" pos="X">oružje</wf>
         <wf lemma="prema" pos="X">prema</wf>
         <wf lemma="čovjeku" pos="X">čovjeku</wf>
         <wf lemma="." pos="X">.</wf>
      </sentence>
      <sentence id="d000.s3418" source="wordnet-croatian">
         <wf lemma="Rekao" pos="X">Rekao</wf>
         <wf lemma="joj" pos="X">joj</wf>
         <wf lemma="da" pos="X">da</wf>
         <wf lemma="može" pos="X">može</wf>
         <instance id="d000.s3418.t000" lemma="navesti" pos="VERB">navesti</instance>
         <wf lemma="više" pos="X">više</wf>
         <wf lemma="primjera" pos="X">primjera</wf>
         <wf lemma="njezina" pos="X">njezina</wf>
         <wf lemma="nedolična" pos="X">nedolična</wf>
         <wf lemma="ponašanja" pos="X">ponašanja</wf>
         <wf lemma="u" pos="X">u</wf>
         <wf lemma="javnosti" pos="X">javnosti</wf>
         <wf lemma="." pos="X">.</wf>
      </sentence>
      <sentence id="d000.s3419" source="wordnet-croatian">
         <wf lemma="Gradska" pos="X">Gradska</wf>
         <wf lemma="kavana" pos="X">kavana</wf>
         <wf lemma="omiljeno" pos="X">omiljeno</wf>
         <wf lemma="je" pos="X">je</wf>
         <instance id="d000.s3419.t000" lemma="sastajalište" pos="NOUN">sastajalište</instance>
         <wf lemma="starih" pos="X">starih</wf>
         <wf lemma="Zagrepčana" pos="X">Zagrepčana</wf>
         <wf lemma="." pos="X">.</wf>
      </sentence>
      <sentence id="d000.s3420" source="wordnet-croatian">
         <instance id="d000.s3420.t000" lemma="znati" pos="VERB">Znamo</instance>
         <wf lemma="taj" pos="X">taj</wf>
         <wf lemma="film" pos="X">film</wf>
         <wf lemma="." pos="X">.</wf>
      </sentence>
      <sentence id="d000.s3421" source="wordnet-croatian">
         <wf lemma="Moram" pos="X">Moram</wf>
         <instance id="d000.s3421.t000" lemma="trenirati" pos="VERB">trenirati</instance>
         <wf lemma="svoje" pos="X">svoje</wf>
         <wf lemma="okusne" pos="X">okusne</wf>
         <wf lemma="pupoljke" pos="X">pupoljke</wf>
         <wf lemma="!" pos="X">!</wf>
      </sentence>
      <sentence id="d000.s3422" source="wordnet-croatian">
         <wf lemma="U" pos="X">U</wf>
         <wf lemma="automobilu" pos="X">automobilu</wf>
         <wf lemma="je" pos="X">je</wf>
         <wf lemma="uvijek" pos="X">uvijek</wf>
         <wf lemma="imao" pos="X">imao</wf>
         <instance id="d000.s3422.t000" lemma="baterija" pos="NOUN">bateriju</instance>
         <wf lemma="." pos="X">.</wf>
      </sentence>
      <sentence id="d000.s3423" source="wordnet-croatian">
         <instance id="d000.s3423.t000" lemma="apatija" pos="NOUN">Apatija</instance>
         <wf lemma="je" pos="X">je</wf>
         <wf lemma="zavladala" pos="X">zavladala</wf>
         <wf lemma="cijelim" pos="X">cijelim</wf>
         <wf lemma="narodom" pos="X">narodom</wf>
         <wf lemma="i" pos="X">i</wf>
         <wf lemma="nije" pos="X">nije</wf>
         <wf lemma="se" pos="X">se</wf>
         <wf lemma="nazirala" pos="X">nazirala</wf>
         <wf lemma="nikakva" pos="X">nikakva</wf>
         <wf lemma="mogućnost" pos="X">mogućnost</wf>
         <wf lemma="promjena" pos="X">promjena</wf>
         <wf lemma="." pos="X">.</wf>
      </sentence>
      <sentence id="d000.s3424" source="wordnet-croatian">
         <instance id="d000.s3424.t000" lemma="igrati" pos="VERB">Igrali</instance>
         <wf lemma="smo" pos="X">smo</wf>
         <wf lemma="nogomet" pos="X">nogomet</wf>
         <wf lemma="cijelo" pos="X">cijelo</wf>
         <wf lemma="popodne" pos="X">popodne</wf>
         <wf lemma="." pos="X">.</wf>
      </sentence>
      <sentence id="d000.s3425" source="wordnet-croatian">
         <wf lemma="Milka" pos="X">Milka</wf>
         <wf lemma="je" pos="X">je</wf>
         <wf lemma="morala" pos="X">morala</wf>
         <instance id="d000.s3425.t000" lemma="probaviti" pos="VERB">probaviti</instance>
         <wf lemma="dvije" pos="X">dvije</wf>
         <wf lemma="godine" pos="X">godine</wf>
         <wf lemma="lošeg" pos="X">lošeg</wf>
         <wf lemma="braka" pos="X">braka</wf>
         <wf lemma="." pos="X">.</wf>
      </sentence>
      <sentence id="d000.s3426" source="wordnet-croatian">
         <wf lemma="Molim" pos="X">Molim</wf>
         <wf lemma="te" pos="X">te</wf>
         <wf lemma="jednu" pos="X">jednu</wf>
         <instance id="d000.s3426.t000" lemma="šnita" pos="NOUN">šnitu</instance>
         <wf lemma="kruha" pos="X">kruha</wf>
         <wf lemma="." pos="X">.</wf>
      </sentence>
      <sentence id="d000.s3427" source="wordnet-croatian">
         <wf lemma="Pomno" pos="X">Pomno</wf>
         <wf lemma="je" pos="X">je</wf>
         <instance id="d000.s3427.t000" lemma="očistiti" pos="VERB">očistio</instance>
         <wf lemma="nokte" pos="X">nokte</wf>
         <wf lemma="nakon" pos="X">nakon</wf>
         <wf lemma="kopanja" pos="X">kopanja</wf>
         <wf lemma="." pos="X">.</wf>
      </sentence>
      <sentence id="d000.s3428" source="wordnet-croatian">
         <wf lemma="Nikad" pos="X">Nikad</wf>
         <wf lemma="nisam" pos="X">nisam</wf>
         <wf lemma="uživo" pos="X">uživo</wf>
         <wf lemma="vidjela" pos="X">vidjela</wf>
         <instance id="d000.s3428.t000" lemma="pagoda" pos="NOUN">pagodu</instance>
         <wf lemma="." pos="X">.</wf>
      </sentence>
      <sentence id="d000.s3429" source="wordnet-croatian">
         <wf lemma="Njegov" pos="X">Njegov</wf>
         <wf lemma="me" pos="X">me</wf>
         <wf lemma="je" pos="X">je</wf>
         <instance id="d000.s3429.t000" lemma="malodušan" pos="ADJ">malodušan</instance>
         <wf lemma="stav" pos="X">stav</wf>
         <wf lemma="razočarao" pos="X">razočarao</wf>
         <wf lemma="." pos="X">.</wf>
      </sentence>
      <sentence id="d000.s3430" source="wordnet-croatian">
         <wf lemma="Nakon" pos="X">Nakon</wf>
         <wf lemma="napornog" pos="X">napornog</wf>
         <wf lemma="dana" pos="X">dana</wf>
         <wf lemma="," pos="X">,</wf>
         <instance id="d000.s3430.t000" lemma="razonoda" pos="NOUN">razonodu</instance>
         <wf lemma="je" pos="X">je</wf>
         <wf lemma="pronašao" pos="X">pronašao</wf>
         <wf lemma="u" pos="X">u</wf>
         <wf lemma="igranju" pos="X">igranju</wf>
         <wf lemma="šaha" pos="X">šaha</wf>
         <wf lemma="." pos="X">.</wf>
      </sentence>
      <sentence id="d000.s3431" source="wordnet-croatian">
         <instance id="d000.s3431.t000" lemma="kemija" pos="NOUN">Kemija</instance>
         <wf lemma="je" pos="X">je</wf>
         <wf lemma="nezamisliva" pos="X">nezamisliva</wf>
         <wf lemma="bez" pos="X">bez</wf>
         <wf lemma="pokusa" pos="X">pokusa</wf>
         <wf lemma="." pos="X">.</wf>
      </sentence>
      <sentence id="d000.s3432" source="wordnet-croatian">
         <wf lemma="Moj" pos="X">Moj</wf>
         <instance id="d000.s3432.t000" lemma="sugovornik" pos="NOUN">sugovornik</instance>
         <wf lemma="sažeo" pos="X">sažeo</wf>
         <wf lemma="je" pos="X">je</wf>
         <wf lemma="sve" pos="X">sve</wf>
         <wf lemma="što" pos="X">što</wf>
         <wf lemma="sam" pos="X">sam</wf>
         <wf lemma="htio" pos="X">htio</wf>
         <wf lemma="reći" pos="X">reći</wf>
         <wf lemma="." pos="X">.</wf>
      </sentence>
      <sentence id="d000.s3433" source="wordnet-croatian">
         <wf lemma="Ako" pos="X">Ako</wf>
         <wf lemma="imate" pos="X">imate</wf>
         <wf lemma="malo" pos="X">malo</wf>
         <wf lemma="dijete" pos="X">dijete</wf>
         <wf lemma="," pos="X">,</wf>
         <wf lemma="u" pos="X">u</wf>
         <wf lemma="autu" pos="X">autu</wf>
         <wf lemma="morate" pos="X">morate</wf>
         <wf lemma="imati" pos="X">imati</wf>
         <wf lemma="posebnu" pos="X">posebnu</wf>
         <instance id="d000.s3433.t000" lemma="sjedalica" pos="NOUN">sjedalicu</instance>
         <wf lemma="." pos="X">.</wf>
      </sentence>
      <sentence id="d000.s3434" source="wordnet-croatian">
         <wf lemma="Mirko" pos="X">Mirko</wf>
         <wf lemma="je" pos="X">je</wf>
         <wf lemma="Slavka" pos="X">Slavka</wf>
         <instance id="d000.s3434.t000" lemma="potapšati" pos="VERB">potapšao</instance>
         <wf lemma="po" pos="X">po</wf>
         <wf lemma="ramenu" pos="X">ramenu</wf>
         <wf lemma="." pos="X">.</wf>
      </sentence>
      <sentence id="d000.s3435" source="wordnet-croatian">
         <wf lemma="Bio" pos="X">Bio</wf>
         <wf lemma="je" pos="X">je</wf>
         <instance id="d000.s3435.t000" lemma="odgovoran" pos="ADJ">odgovoran</instance>
         <wf lemma="roditelj" pos="X">roditelj</wf>
         <wf lemma="." pos="X">.</wf>
      </sentence>
      <sentence id="d000.s3436" source="wordnet-croatian">
         <wf lemma="Ivan" pos="X">Ivan</wf>
         <wf lemma="je" pos="X">je</wf>
         <wf lemma="u" pos="X">u</wf>
         <wf lemma="požaru" pos="X">požaru</wf>
         <instance id="d000.s3436.t000" lemma="zadobiti" pos="VERB">zadobio</instance>
         <wf lemma="opekline" pos="X">opekline</wf>
         <wf lemma="prvoga" pos="X">prvoga</wf>
         <wf lemma="stupnja" pos="X">stupnja</wf>
         <wf lemma="." pos="X">.</wf>
      </sentence>
      <sentence id="d000.s3437" source="wordnet-croatian">
         <instance id="d000.s3437.t000" lemma="simetrija" pos="NOUN">Simetrija</instance>
         <wf lemma="koju" pos="X">koju</wf>
         <wf lemma="poznajemo" pos="X">poznajemo</wf>
         <wf lemma="iz" pos="X">iz</wf>
         <wf lemma="geometrije" pos="X">geometrije</wf>
         <wf lemma="važna" pos="X">važna</wf>
         <wf lemma="je" pos="X">je</wf>
         <wf lemma="i" pos="X">i</wf>
         <wf lemma="u" pos="X">u</wf>
         <wf lemma="likovnoj" pos="X">likovnoj</wf>
         <wf lemma="umjetnosti" pos="X">umjetnosti</wf>
         <wf lemma="." pos="X">.</wf>
      </sentence>
      <sentence id="d000.s3438" source="wordnet-croatian">
         <wf lemma="Bogate" pos="X">Bogate</wf>
         <wf lemma="zemlje" pos="X">zemlje</wf>
         <wf lemma="šalju" pos="X">šalju</wf>
         <wf lemma="pomoć" pos="X">pomoć</wf>
         <instance id="d000.s3438.t000" lemma="siromašan" pos="ADJ">siromašnima</instance>
         <wf lemma="." pos="X">.</wf>
      </sentence>
      <sentence id="d000.s3439" source="wordnet-croatian">
         <instance id="d000.s3439.t000" lemma="život" pos="NOUN">Život</instance>
         <wf lemma="je" pos="X">je</wf>
         <wf lemma="posvetio" pos="X">posvetio</wf>
         <wf lemma="pomaganju" pos="X">pomaganju</wf>
         <wf lemma="siromašnima" pos="X">siromašnima</wf>
         <wf lemma="." pos="X">.</wf>
      </sentence>
      <sentence id="d000.s3440" source="wordnet-croatian">
         <wf lemma="Smeđa" pos="X">Smeđa</wf>
         <wf lemma="boja" pos="X">boja</wf>
         <wf lemma="ženki" pos="X">ženki</wf>
         <wf lemma="fazana" pos="X">fazana</wf>
         <wf lemma="služi" pos="X">služi</wf>
         <wf lemma="im" pos="X">im</wf>
         <wf lemma="kao" pos="X">kao</wf>
         <instance id="d000.s3440.t000" lemma="kamuflaža" pos="NOUN">kamuflaža</instance>
         <wf lemma="." pos="X">.</wf>
      </sentence>
      <sentence id="d000.s3441" source="wordnet-croatian">
         <wf lemma="Pri" pos="X">Pri</wf>
         <wf lemma="pisanju" pos="X">pisanju</wf>
         <wf lemma="ispita" pos="X">ispita</wf>
         <wf lemma="nije" pos="X">nije</wf>
         <wf lemma="dozvoljeno" pos="X">dozvoljeno</wf>
         <wf lemma="koristiti" pos="X">koristiti</wf>
         <instance id="d000.s3441.t000" lemma="kalkulator" pos="NOUN">kalkulator</instance>
         <wf lemma="." pos="X">.</wf>
      </sentence>
      <sentence id="d000.s3442" source="wordnet-croatian">
         <wf lemma="Minerali" pos="X">Minerali</wf>
         <wf lemma="se" pos="X">se</wf>
         <wf lemma="mogu" pos="X">mogu</wf>
         <wf lemma="unositi" pos="X">unositi</wf>
         <wf lemma="u" pos="X">u</wf>
         <wf lemma="organizam" pos="X">organizam</wf>
         <wf lemma="putem" pos="X">putem</wf>
         <instance id="d000.s3442.t000" lemma="fluid" pos="NOUN">fluida</instance>
         <wf lemma="." pos="X">.</wf>
      </sentence>
      <sentence id="d000.s3443" source="wordnet-croatian">
         <wf lemma="Pljačkaši" pos="X">Pljačkaši</wf>
         <wf lemma="se" pos="X">se</wf>
         <wf lemma="vrlo" pos="X">vrlo</wf>
         <wf lemma="često" pos="X">često</wf>
         <instance id="d000.s3443.t000" lemma="maskirati" pos="VERB">maskiraju</instance>
         <wf lemma="prije" pos="X">prije</wf>
         <wf lemma="pljački" pos="X">pljački</wf>
         <wf lemma="." pos="X">.</wf>
      </sentence>
      <sentence id="d000.s3444" source="wordnet-croatian">
         <wf lemma="Kao" pos="X">Kao</wf>
         <wf lemma="djevojka" pos="X">djevojka</wf>
         <wf lemma="bila" pos="X">bila</wf>
         <wf lemma="je" pos="X">je</wf>
         <wf lemma="vrlo" pos="X">vrlo</wf>
         <wf lemma="vesele" pos="X">vesele</wf>
         <instance id="d000.s3444.t000" lemma="priroda" pos="NOUN">prirode</instance>
         <wf lemma="," pos="X">,</wf>
         <wf lemma="ali" pos="X">ali</wf>
         <wf lemma="je" pos="X">je</wf>
         <wf lemma="kao" pos="X">kao</wf>
         <wf lemma="starica" pos="X">starica</wf>
         <wf lemma="promijenila" pos="X">promijenila</wf>
         <wf lemma="svoju" pos="X">svoju</wf>
         <wf lemma="ćud" pos="X">ćud</wf>
         <wf lemma="." pos="X">.</wf>
      </sentence>
      <sentence id="d000.s3445" source="wordnet-croatian">
         <wf lemma="Vratio" pos="X">Vratio</wf>
         <wf lemma="se" pos="X">se</wf>
         <wf lemma="u" pos="X">u</wf>
         <wf lemma="rodnu" pos="X">rodnu</wf>
         <instance id="d000.s3445.t000" lemma="zemlja" pos="NOUN">zemlju</instance>
         <wf lemma="." pos="X">.</wf>
      </sentence>
      <sentence id="d000.s3446" source="wordnet-croatian">
         <wf lemma="Pljačkaš" pos="X">Pljačkaš</wf>
         <wf lemma="je" pos="X">je</wf>
         <wf lemma="uzeo" pos="X">uzeo</wf>
         <wf lemma="sve" pos="X">sve</wf>
         <wf lemma="novce" pos="X">novce</wf>
         <wf lemma="iz" pos="X">iz</wf>
         <instance id="d000.s3446.t000" lemma="blagajna" pos="NOUN">blagajne</instance>
         <wf lemma="." pos="X">.</wf>
      </sentence>
      <sentence id="d000.s3447" source="wordnet-croatian">
         <instance id="d000.s3447.t000" lemma="složiti" pos="VERB">Složi</instance>
         <wf lemma="svoj" pos="X">svoj</wf>
         <wf lemma="krevet" pos="X">krevet</wf>
         <wf lemma="!" pos="X">!</wf>
      </sentence>
      <sentence id="d000.s3448" source="wordnet-croatian">
         <wf lemma="Kada" pos="X">Kada</wf>
         <wf lemma="mu" pos="X">mu</wf>
         <wf lemma="je" pos="X">je</wf>
         <wf lemma="rekla" pos="X">rekla</wf>
         <wf lemma="da" pos="X">da</wf>
         <wf lemma="je" pos="X">je</wf>
         <wf lemma="potrošila" pos="X">potrošila</wf>
         <wf lemma="300" pos="X">300</wf>
         <wf lemma="eura" pos="X">eura</wf>
         <wf lemma="," pos="X">,</wf>
         <wf lemma="potpuno" pos="X">potpuno</wf>
         <wf lemma="je" pos="X">je</wf>
         <wf lemma="pocrvenio" pos="X">pocrvenio</wf>
         <wf lemma="u" pos="X">u</wf>
         <instance id="d000.s3448.t000" lemma="lice" pos="NOUN">licu</instance>
         <wf lemma="." pos="X">.</wf>
      </sentence>
      <sentence id="d000.s3449" source="wordnet-croatian">
         <wf lemma="Prije" pos="X">Prije</wf>
         <wf lemma="kupnje" pos="X">kupnje</wf>
         <wf lemma="novog" pos="X">novog</wf>
         <wf lemma="mobitela" pos="X">mobitela</wf>
         <wf lemma="dobro" pos="X">dobro</wf>
         <wf lemma="je" pos="X">je</wf>
         <wf lemma="proučila" pos="X">proučila</wf>
         <wf lemma="njegova" pos="X">njegova</wf>
         <instance id="d000.s3449.t000" lemma="svojstvo" pos="NOUN">svojstva</instance>
         <wf lemma="." pos="X">.</wf>
      </sentence>
      <sentence id="d000.s3450" source="wordnet-croatian">
         <instance id="d000.s3450.t000" lemma="cjedilo" pos="NOUN">Cjedilo</instance>
         <wf lemma="je" pos="X">je</wf>
         <wf lemma="dio" pos="X">dio</wf>
         <wf lemma="pribora" pos="X">pribora</wf>
         <wf lemma="za" pos="X">za</wf>
         <wf lemma="pripravljanje" pos="X">pripravljanje</wf>
         <wf lemma="rakije" pos="X">rakije</wf>
         <wf lemma="u" pos="X">u</wf>
         <wf lemma="kojem" pos="X">kojem</wf>
         <wf lemma="se" pos="X">se</wf>
         <wf lemma="pere" pos="X">pere</wf>
         <wf lemma="i" pos="X">i</wf>
         <wf lemma="suši" pos="X">suši</wf>
         <wf lemma="voće" pos="X">voće</wf>
         <wf lemma="ili" pos="X">ili</wf>
         <wf lemma="bilje" pos="X">bilje</wf>
         <wf lemma="." pos="X">.</wf>
      </sentence>
      <sentence id="d000.s3451" source="wordnet-croatian">
         <wf lemma="Arhimed" pos="X">Arhimed</wf>
         <wf lemma="je" pos="X">je</wf>
         <wf lemma="prvi" pos="X">prvi</wf>
         <wf lemma="znao" pos="X">znao</wf>
         <wf lemma="točno" pos="X">točno</wf>
         <wf lemma="izračunati" pos="X">izračunati</wf>
         <wf lemma="volumen" pos="X">volumen</wf>
         <instance id="d000.s3451.t000" lemma="valjak" pos="NOUN">valjka</instance>
         <wf lemma="." pos="X">.</wf>
      </sentence>
      <sentence id="d000.s3452" source="wordnet-croatian">
         <wf lemma="Oči" pos="X">Oči</wf>
         <wf lemma="su" pos="X">su</wf>
         <wf lemma="mu" pos="X">mu</wf>
         <wf lemma="se" pos="X">se</wf>
         <wf lemma="napunile" pos="X">napunile</wf>
         <instance id="d000.s3452.t000" lemma="suza" pos="NOUN">suzama</instance>
         <wf lemma="." pos="X">.</wf>
      </sentence>
      <sentence id="d000.s3453" source="wordnet-croatian">
         <wf lemma="Konačno" pos="X">Konačno</wf>
         <wf lemma="sam" pos="X">sam</wf>
         <instance id="d000.s3453.t000" lemma="otplatiti" pos="VERB">otplatio</instance>
         <wf lemma="cijeli" pos="X">cijeli</wf>
         <wf lemma="kredit" pos="X">kredit</wf>
         <wf lemma="!" pos="X">!</wf>
      </sentence>
      <sentence id="d000.s3454" source="wordnet-croatian">
         <wf lemma="Ana" pos="X">Ana</wf>
         <wf lemma="i" pos="X">i</wf>
         <wf lemma="Maja" pos="X">Maja</wf>
         <wf lemma="su" pos="X">su</wf>
         <wf lemma="dobitna" pos="X">dobitna</wf>
         <instance id="d000.s3454.t000" lemma="kombinacija" pos="NOUN">kombinacija</instance>
         <wf lemma="u" pos="X">u</wf>
         <wf lemma="beli" pos="X">beli</wf>
         <wf lemma="." pos="X">.</wf>
      </sentence>
      <sentence id="d000.s3455" source="wordnet-croatian">
         <instance id="d000.s3455.t000" lemma="uzbuđivati" pos="VERB">Uzbuđivalo</instance>
         <wf lemma="ga" pos="X">ga</wf>
         <wf lemma="je" pos="X">je</wf>
         <wf lemma="rješavanje" pos="X">rješavanje</wf>
         <wf lemma="naizgled" pos="X">naizgled</wf>
         <wf lemma="nerješivih" pos="X">nerješivih</wf>
         <wf lemma="zadataka" pos="X">zadataka</wf>
         <wf lemma="." pos="X">.</wf>
      </sentence>
      <sentence id="d000.s3456" source="wordnet-croatian">
         <instance id="d000.s3456.t000" lemma="predočiti" pos="VERB">Predočila</instance>
         <wf lemma="mu" pos="X">mu</wf>
         <wf lemma="je" pos="X">je</wf>
         <wf lemma="pismo" pos="X">pismo</wf>
         <wf lemma="koje" pos="X">koje</wf>
         <wf lemma="ga" pos="X">ga</wf>
         <wf lemma="je" pos="X">je</wf>
         <wf lemma="optuživalo" pos="X">optuživalo</wf>
         <wf lemma="za" pos="X">za</wf>
         <wf lemma="nevjeru" pos="X">nevjeru</wf>
         <wf lemma="." pos="X">.</wf>
      </sentence>
      <sentence id="d000.s3457" source="wordnet-croatian">
         <wf lemma="Stražnji" pos="X">Stražnji</wf>
         <instance id="d000.s3457.t000" lemma="dio" pos="NOUN">dio</instance>
         <wf lemma="auta" pos="X">auta</wf>
         <wf lemma="je" pos="X">je</wf>
         <wf lemma="bio" pos="X">bio</wf>
         <wf lemma="teško" pos="X">teško</wf>
         <wf lemma="oštećen" pos="X">oštećen</wf>
         <wf lemma="u" pos="X">u</wf>
         <wf lemma="sudaru" pos="X">sudaru</wf>
         <wf lemma="." pos="X">.</wf>
      </sentence>
      <sentence id="d000.s3458" source="wordnet-croatian">
         <instance id="d000.s3458.t000" lemma="biologija" pos="NOUN">Biologija</instance>
         <wf lemma="se" pos="X">se</wf>
         <wf lemma="," pos="X">,</wf>
         <wf lemma="među" pos="X">među</wf>
         <wf lemma="ostalim" pos="X">ostalim</wf>
         <wf lemma="," pos="X">,</wf>
         <wf lemma="bavi" pos="X">bavi</wf>
         <wf lemma="i" pos="X">i</wf>
         <wf lemma="jednostaničnim" pos="X">jednostaničnim</wf>
         <wf lemma="organizmima" pos="X">organizmima</wf>
         <wf lemma="." pos="X">.</wf>
      </sentence>
      <sentence id="d000.s3459" source="wordnet-croatian">
         <instance id="d000.s3459.t000" lemma="neslaganje" pos="NOUN">Neslaganje</instance>
         <wf lemma="u" pos="X">u</wf>
         <wf lemma="mišljenjima" pos="X">mišljenjima</wf>
         <wf lemma="o" pos="X">o</wf>
         <wf lemma="vrlo" pos="X">vrlo</wf>
         <wf lemma="važnim" pos="X">važnim</wf>
         <wf lemma="aspektima" pos="X">aspektima</wf>
         <wf lemma="zajedničkoga" pos="X">zajedničkoga</wf>
         <wf lemma="života" pos="X">života</wf>
         <wf lemma="dovelo" pos="X">dovelo</wf>
         <wf lemma="je" pos="X">je</wf>
         <wf lemma="do" pos="X">do</wf>
         <wf lemma="prekida" pos="X">prekida</wf>
         <wf lemma="njihove" pos="X">njihove</wf>
         <wf lemma="veze" pos="X">veze</wf>
         <wf lemma="." pos="X">.</wf>
      </sentence>
      <sentence id="d000.s3460" source="wordnet-croatian">
         <instance id="d000.s3460.t000" lemma="grickati" pos="VERB">Grickala</instance>
         <wf lemma="je" pos="X">je</wf>
         <wf lemma="jedno" pos="X">jedno</wf>
         <wf lemma="pecivo" pos="X">pecivo</wf>
         <wf lemma="cijelo" pos="X">cijelo</wf>
         <wf lemma="jutro" pos="X">jutro</wf>
         <wf lemma="." pos="X">.</wf>
      </sentence>
      <sentence id="d000.s3461" source="wordnet-croatian">
         <wf lemma="Zbog" pos="X">Zbog</wf>
         <wf lemma="njezine" pos="X">njezine</wf>
         <wf lemma="su" pos="X">su</wf>
         <wf lemma="se" pos="X">se</wf>
         <instance id="d000.s3461.t000" lemma="prirodnost" pos="NOUN">prirodnosti</instance>
         <wf lemma="svi" pos="X">svi</wf>
         <wf lemma="ugodno" pos="X">ugodno</wf>
         <wf lemma="osjećali" pos="X">osjećali</wf>
         <wf lemma="u" pos="X">u</wf>
         <wf lemma="njezinu" pos="X">njezinu</wf>
         <wf lemma="društvu" pos="X">društvu</wf>
         <wf lemma="." pos="X">.</wf>
      </sentence>
      <sentence id="d000.s3462" source="wordnet-croatian">
         <wf lemma="Napokon" pos="X">Napokon</wf>
         <wf lemma="je" pos="X">je</wf>
         <wf lemma="uspio" pos="X">uspio</wf>
         <instance id="d000.s3462.t000" lemma="osloboditi" pos="VERB">osloboditi</instance>
         <wf lemma="nogu" pos="X">nogu</wf>
         <wf lemma="koja" pos="X">koja</wf>
         <wf lemma="mu" pos="X">mu</wf>
         <wf lemma="je" pos="X">je</wf>
         <wf lemma="bila" pos="X">bila</wf>
         <wf lemma="zapela" pos="X">zapela</wf>
         <wf lemma="između" pos="X">između</wf>
         <wf lemma="tračnica" pos="X">tračnica</wf>
         <wf lemma="." pos="X">.</wf>
      </sentence>
      <sentence id="d000.s3463" source="wordnet-croatian">
         <wf lemma="Vis" pos="X">Vis</wf>
         <wf lemma="je" pos="X">je</wf>
         <wf lemma="ugodno" pos="X">ugodno</wf>
         <instance id="d000.s3463.t000" lemma="boravište" pos="NOUN">boravište</instance>
         <wf lemma="umjetnicima" pos="X">umjetnicima</wf>
         <wf lemma="svijeta" pos="X">svijeta</wf>
         <wf lemma="." pos="X">.</wf>
      </sentence>
      <sentence id="d000.s3464" source="wordnet-croatian">
         <wf lemma="Mnogo" pos="X">Mnogo</wf>
         <wf lemma="je" pos="X">je</wf>
         <instance id="d000.s3464.t000" lemma="mina" pos="NOUN">mina</instance>
         <wf lemma="još" pos="X">još</wf>
         <wf lemma="zaostalo" pos="X">zaostalo</wf>
         <wf lemma="od" pos="X">od</wf>
         <wf lemma="rata" pos="X">rata</wf>
         <wf lemma="." pos="X">.</wf>
      </sentence>
      <sentence id="d000.s3465" source="wordnet-croatian">
         <wf lemma="Mačka" pos="X">Mačka</wf>
         <wf lemma="se" pos="X">se</wf>
         <instance id="d000.s3465.t000" lemma="umivati" pos="VERB">umiva</instance>
         <wf lemma="nekoliko" pos="X">nekoliko</wf>
         <wf lemma="puta" pos="X">puta</wf>
         <wf lemma="na" pos="X">na</wf>
         <wf lemma="dan" pos="X">dan</wf>
         <wf lemma="." pos="X">.</wf>
      </sentence>
      <sentence id="d000.s3466" source="wordnet-croatian">
         <wf lemma="Učinio" pos="X">Učinio</wf>
         <wf lemma="je" pos="X">je</wf>
         <instance id="d000.s3466.t000" lemma="okret" pos="NOUN">okret</instance>
         <wf lemma="udesno" pos="X">udesno</wf>
         <wf lemma="." pos="X">.</wf>
      </sentence>
      <sentence id="d000.s3467" source="wordnet-croatian">
         <wf lemma="Njegov" pos="X">Njegov</wf>
         <wf lemma="je" pos="X">je</wf>
         <wf lemma="pas" pos="X">pas</wf>
         <wf lemma="bio" pos="X">bio</wf>
         <wf lemma="stvarno" pos="X">stvarno</wf>
         <instance id="d000.s3467.t000" lemma="poslušan" pos="ADJ">poslušan</instance>
         <wf lemma="." pos="X">.</wf>
      </sentence>
      <sentence id="d000.s3468" source="wordnet-croatian">
         <wf lemma="Ne" pos="X">Ne</wf>
         <wf lemma="volim" pos="X">volim</wf>
         <instance id="d000.s3468.t000" lemma="ovisiti" pos="VERB">ovisiti</instance>
         <wf lemma="o" pos="X">o</wf>
         <wf lemma="drugima" pos="X">drugima</wf>
         <wf lemma="." pos="X">.</wf>
      </sentence>
      <sentence id="d000.s3469" source="wordnet-croatian">
         <instance id="d000.s3469.t000" lemma="napad" pos="NOUN">Napad</instance>
         <wf lemma="granatama" pos="X">granatama</wf>
         <wf lemma="na" pos="X">na</wf>
         <wf lemma="protivničke" pos="X">protivničke</wf>
         <wf lemma="rovove" pos="X">rovove</wf>
         <wf lemma="počeo" pos="X">počeo</wf>
         <wf lemma="je" pos="X">je</wf>
         <wf lemma="u" pos="X">u</wf>
         <wf lemma="ranu" pos="X">ranu</wf>
         <wf lemma="zoru" pos="X">zoru</wf>
         <wf lemma="." pos="X">.</wf>
      </sentence>
      <sentence id="d000.s3470" source="wordnet-croatian">
         <wf lemma="Nervozno" pos="X">Nervozno</wf>
         <wf lemma="je" pos="X">je</wf>
         <instance id="d000.s3470.t000" lemma="bubnjati" pos="VERB">bubnjao</instance>
         <wf lemma="prstima" pos="X">prstima</wf>
         <wf lemma="po" pos="X">po</wf>
         <wf lemma="stolu" pos="X">stolu</wf>
         <wf lemma="." pos="X">.</wf>
      </sentence>
      <sentence id="d000.s3471" source="wordnet-croatian">
         <wf lemma="Svi" pos="X">Svi</wf>
         <wf lemma="su" pos="X">su</wf>
         <wf lemma="pisani" pos="X">pisani</wf>
         <instance id="d000.s3471.t000" lemma="dokument" pos="NOUN">dokumenti</instance>
         <wf lemma="spremljeni" pos="X">spremljeni</wf>
         <wf lemma="u" pos="X">u</wf>
         <wf lemma="arhiv" pos="X">arhiv</wf>
         <wf lemma="." pos="X">.</wf>
      </sentence>
      <sentence id="d000.s3472" source="wordnet-croatian">
         <wf lemma="Marko" pos="X">Marko</wf>
         <wf lemma="je" pos="X">je</wf>
         <instance id="d000.s3472.t000" lemma="novinar" pos="NOUN">novinar</instance>
         <wf lemma="koji" pos="X">koji</wf>
         <wf lemma="piše" pos="X">piše</wf>
         <wf lemma="o" pos="X">o</wf>
         <wf lemma="političkim" pos="X">političkim</wf>
         <wf lemma="temama" pos="X">temama</wf>
         <wf lemma="." pos="X">.</wf>
      </sentence>
      <sentence id="d000.s3473" source="wordnet-croatian">
         <instance id="d000.s3473.t000" lemma="proširiti" pos="VERB">Proširili</instance>
         <wf lemma="smo" pos="X">smo</wf>
         <wf lemma="naš" pos="X">naš</wf>
         <wf lemma="dvorac" pos="X">dvorac</wf>
         <wf lemma="još" pos="X">još</wf>
         <wf lemma="jednim" pos="X">jednim</wf>
         <wf lemma="krilom" pos="X">krilom</wf>
         <wf lemma="." pos="X">.</wf>
      </sentence>
      <sentence id="d000.s3474" source="wordnet-croatian">
         <wf lemma="Sat" pos="X">Sat</wf>
         <wf lemma="je" pos="X">je</wf>
         <wf lemma="poslužio" pos="X">poslužio</wf>
         <wf lemma="kao" pos="X">kao</wf>
         <instance id="d000.s3474.t000" lemma="detonator" pos="NOUN">detonator</instance>
         <wf lemma="bombe" pos="X">bombe</wf>
         <wf lemma="." pos="X">.</wf>
      </sentence>
      <sentence id="d000.s3475" source="wordnet-croatian">
         <wf lemma="Njegovo" pos="X">Njegovo</wf>
         <wf lemma="je" pos="X">je</wf>
         <instance id="d000.s3475.t000" lemma="potomstvo" pos="NOUN">potomstvo</instance>
         <wf lemma="spiskalo" pos="X">spiskalo</wf>
         <wf lemma="obiteljsko" pos="X">obiteljsko</wf>
         <wf lemma="bogatstvo" pos="X">bogatstvo</wf>
         <wf lemma="." pos="X">.</wf>
      </sentence>
      <sentence id="d000.s3476" source="wordnet-croatian">
         <wf lemma="U" pos="X">U</wf>
         <wf lemma="pekarstvu" pos="X">pekarstvu</wf>
         <wf lemma="se" pos="X">se</wf>
         <wf lemma="koriste" pos="X">koriste</wf>
         <wf lemma="mješovite" pos="X">mješovite</wf>
         <instance id="d000.s3476.t000" lemma="kultura" pos="NOUN">kulture</instance>
         <wf lemma="kvasaca" pos="X">kvasaca</wf>
         <wf lemma="i" pos="X">i</wf>
         <wf lemma="bakterija" pos="X">bakterija</wf>
         <wf lemma="." pos="X">.</wf>
      </sentence>
      <sentence id="d000.s3477" source="wordnet-croatian">
         <instance id="d000.s3477.t000" lemma="slaganje" pos="NOUN">Slaganje</instance>
         <wf lemma="lego-kockica" pos="X">lego-kockica</wf>
         <wf lemma="bilo" pos="X">bilo</wf>
         <wf lemma="je" pos="X">je</wf>
         <wf lemma="njegova" pos="X">njegova</wf>
         <wf lemma="omiljena" pos="X">omiljena</wf>
         <wf lemma="zabava" pos="X">zabava</wf>
         <wf lemma="u" pos="X">u</wf>
         <wf lemma="djetinjstvu" pos="X">djetinjstvu</wf>
         <wf lemma="." pos="X">.</wf>
      </sentence>
      <sentence id="d000.s3478" source="wordnet-croatian">
         <wf lemma="U" pos="X">U</wf>
         <wf lemma="kolaču" pos="X">kolaču</wf>
         <instance id="d000.s3478.t000" lemma="prevladavati" pos="VERB">prevladava</instance>
         <wf lemma="okus" pos="X">okus</wf>
         <wf lemma="jagode" pos="X">jagode</wf>
         <wf lemma="." pos="X">.</wf>
      </sentence>
      <sentence id="d000.s3479" source="wordnet-croatian">
         <instance id="d000.s3479.t000" lemma="izgubiti" pos="VERB">Izgubila</instance>
         <wf lemma="je" pos="X">je</wf>
         <wf lemma="vjenčani" pos="X">vjenčani</wf>
         <wf lemma="prsten" pos="X">prsten</wf>
         <wf lemma="ubrzo" pos="X">ubrzo</wf>
         <wf lemma="nakon" pos="X">nakon</wf>
         <wf lemma="vjenčanja" pos="X">vjenčanja</wf>
         <wf lemma="." pos="X">.</wf>
      </sentence>
      <sentence id="d000.s3480" source="wordnet-croatian">
         <wf lemma="Kada" pos="X">Kada</wf>
         <wf lemma="je" pos="X">je</wf>
         <wf lemma="saznala" pos="X">saznala</wf>
         <wf lemma="za" pos="X">za</wf>
         <wf lemma="muževu" pos="X">muževu</wf>
         <wf lemma="nevjeru" pos="X">nevjeru</wf>
         <wf lemma="počela" pos="X">počela</wf>
         <wf lemma="je" pos="X">je</wf>
         <instance id="d000.s3480.t000" lemma="kipjeti" pos="VERB">kipjeti</instance>
         <wf lemma="od" pos="X">od</wf>
         <wf lemma="bijesa" pos="X">bijesa</wf>
         <wf lemma="." pos="X">.</wf>
      </sentence>
      <sentence id="d000.s3481" source="wordnet-croatian">
         <wf lemma="Naftna" pos="X">Naftna</wf>
         <wf lemma="kriza" pos="X">kriza</wf>
         <wf lemma="povećala" pos="X">povećala</wf>
         <wf lemma="je" pos="X">je</wf>
         <instance id="d000.s3481.t000" lemma="potrošnja" pos="NOUN">potrošnju</instance>
         <wf lemma="električne" pos="X">električne</wf>
         <wf lemma="energije" pos="X">energije</wf>
         <wf lemma="." pos="X">.</wf>
      </sentence>
      <sentence id="d000.s3482" source="wordnet-croatian">
         <instance id="d000.s3482.t000" lemma="razlika" pos="NOUN">Razlika</instance>
         <wf lemma="u" pos="X">u</wf>
         <wf lemma="godinama" pos="X">godinama</wf>
         <wf lemma="za" pos="X">za</wf>
         <wf lemma="ljubav" pos="X">ljubav</wf>
         <wf lemma="nije" pos="X">nije</wf>
         <wf lemma="bitna" pos="X">bitna</wf>
         <wf lemma="." pos="X">.</wf>
      </sentence>
      <sentence id="d000.s3483" source="wordnet-croatian">
         <wf lemma="Od" pos="X">Od</wf>
         <wf lemma="straha" pos="X">straha</wf>
         <wf lemma="mi" pos="X">mi</wf>
         <wf lemma="nije" pos="X">nije</wf>
         <wf lemma="mogao" pos="X">mogao</wf>
         <instance id="d000.s3483.t000" lemma="kazati" pos="VERB">kazati</instance>
         <wf lemma="o" pos="X">o</wf>
         <wf lemma="čemu" pos="X">čemu</wf>
         <wf lemma="je" pos="X">je</wf>
         <wf lemma="riječ" pos="X">riječ</wf>
         <wf lemma="." pos="X">.</wf>
      </sentence>
      <sentence id="d000.s3484" source="wordnet-croatian">
         <wf lemma="Jak" pos="X">Jak</wf>
         <wf lemma="vjetar" pos="X">vjetar</wf>
         <instance id="d000.s3484.t000" lemma="lomiti" pos="VERB">lomio</instance>
         <wf lemma="je" pos="X">je</wf>
         <wf lemma="i" pos="X">i</wf>
         <wf lemma="rušio" pos="X">rušio</wf>
         <wf lemma="stabla" pos="X">stabla</wf>
         <wf lemma="." pos="X">.</wf>
      </sentence>
      <sentence id="d000.s3485" source="wordnet-croatian">
         <wf lemma="Sa" pos="X">Sa</wf>
         <wf lemma="strepnjom" pos="X">strepnjom</wf>
         <wf lemma="su" pos="X">su</wf>
         <wf lemma="čekali" pos="X">čekali</wf>
         <instance id="d000.s3485.t000" lemma="novost" pos="NOUN">novosti</instance>
         <wf lemma="o" pos="X">o</wf>
         <wf lemma="zdravstvenom" pos="X">zdravstvenom</wf>
         <wf lemma="stanju" pos="X">stanju</wf>
         <wf lemma="svojega" pos="X">svojega</wf>
         <wf lemma="sina" pos="X">sina</wf>
         <wf lemma="." pos="X">.</wf>
      </sentence>
      <sentence id="d000.s3486" source="wordnet-croatian">
         <wf lemma="Neuzvraćena" pos="X">Neuzvraćena</wf>
         <wf lemma="ljubav" pos="X">ljubav</wf>
         <wf lemma="prouzročila" pos="X">prouzročila</wf>
         <wf lemma="je" pos="X">je</wf>
         <wf lemma="veliku" pos="X">veliku</wf>
         <instance id="d000.s3486.t000" lemma="patnja" pos="NOUN">patnju</instance>
         <wf lemma="mladome" pos="X">mladome</wf>
         <wf lemma="pjesniku" pos="X">pjesniku</wf>
         <wf lemma="." pos="X">.</wf>
      </sentence>
      <sentence id="d000.s3487" source="wordnet-croatian">
         <wf lemma="Put" pos="X">Put</wf>
         <wf lemma="u" pos="X">u</wf>
         <wf lemma="Tursku" pos="X">Tursku</wf>
         <wf lemma="bio" pos="X">bio</wf>
         <wf lemma="je" pos="X">je</wf>
         <instance id="d000.s3487.t000" lemma="iznenađenje" pos="NOUN">iznenađenje</instance>
         <wf lemma="za" pos="X">za</wf>
         <wf lemma="njen" pos="X">njen</wf>
         <wf lemma="rođendan" pos="X">rođendan</wf>
         <wf lemma="." pos="X">.</wf>
      </sentence>
      <sentence id="d000.s3488" source="wordnet-croatian">
         <wf lemma="Kolika" pos="X">Kolika</wf>
         <wf lemma="je" pos="X">je</wf>
         <wf lemma="širina" pos="X">širina</wf>
         <instance id="d000.s3488.t000" lemma="otkos" pos="NOUN">otkosa</instance>
         <wf lemma="?" pos="X">?</wf>
      </sentence>
      <sentence id="d000.s3489" source="wordnet-croatian">
         <instance id="d000.s3489.t000" lemma="kreator" pos="NOUN">Kreator</instance>
         <wf lemma="poznat" pos="X">poznat</wf>
         <wf lemma="Heroice" pos="X">Heroice</wf>
         <wf lemma="bio" pos="X">bio</wf>
         <wf lemma="je" pos="X">je</wf>
         <wf lemma="gluh" pos="X">gluh</wf>
         <wf lemma="." pos="X">.</wf>
      </sentence>
      <sentence id="d000.s3490" source="wordnet-croatian">
         <instance id="d000.s3490.t000" lemma="zahvala" pos="NOUN">Zahvala</instance>
         <wf lemma="za" pos="X">za</wf>
         <wf lemma="kakvu" pos="X">kakvu</wf>
         <wf lemma="pomoć" pos="X">pomoć</wf>
         <wf lemma="stvar" pos="X">stvar</wf>
         <wf lemma="je" pos="X">je</wf>
         <wf lemma="dobrog" pos="X">dobrog</wf>
         <wf lemma="odgoja" pos="X">odgoja</wf>
         <wf lemma="." pos="X">.</wf>
      </sentence>
      <sentence id="d000.s3491" source="wordnet-croatian">
         <instance id="d000.s3491.t000" lemma="dvonožnost" pos="NOUN">Dvonožnost</instance>
         <wf lemma="nije" pos="X">nije</wf>
         <wf lemma="svojstvo" pos="X">svojstvo</wf>
         <wf lemma="svih" pos="X">svih</wf>
         <wf lemma="životinja" pos="X">životinja</wf>
         <wf lemma="." pos="X">.</wf>
      </sentence>
      <sentence id="d000.s3492" source="wordnet-croatian">
         <wf lemma="Učinilo" pos="X">Učinilo</wf>
         <wf lemma="mi" pos="X">mi</wf>
         <wf lemma="se" pos="X">se</wf>
         <wf lemma="da" pos="X">da</wf>
         <wf lemma="sam" pos="X">sam</wf>
         <instance id="d000.s3492.t000" lemma="čuti" pos="VERB">čuo</instance>
         <wf lemma="zvono" pos="X">zvono</wf>
         <wf lemma="." pos="X">.</wf>
      </sentence>
      <sentence id="d000.s3493" source="wordnet-croatian">
         <wf lemma="Biračko" pos="X">Biračko</wf>
         <instance id="d000.s3493.t000" lemma="tijelo" pos="NOUN">tijelo</instance>
         <wf lemma="čine" pos="X">čine</wf>
         <wf lemma="svi" pos="X">svi</wf>
         <wf lemma="punoljetni" pos="X">punoljetni</wf>
         <wf lemma="građani" pos="X">građani</wf>
         <wf lemma="." pos="X">.</wf>
      </sentence>
      <sentence id="d000.s3494" source="wordnet-croatian">
         <instance id="d000.s3494.t000" lemma="zlosretnik" pos="NOUN">Zlosretnicima</instance>
         <wf lemma="se" pos="X">se</wf>
         <wf lemma="može" pos="X">može</wf>
         <wf lemma="pomoći" pos="X">pomoći</wf>
         <wf lemma="jedino" pos="X">jedino</wf>
         <wf lemma="razumijevanjem" pos="X">razumijevanjem</wf>
         <wf lemma="." pos="X">.</wf>
      </sentence>
      <sentence id="d000.s3495" source="wordnet-croatian">
         <wf lemma="Krbavsko" pos="X">Krbavsko</wf>
         <instance id="d000.s3495.t000" lemma="polje" pos="NOUN">polje</instance>
         <wf lemma="poprište" pos="X">poprište</wf>
         <wf lemma="je" pos="X">je</wf>
         <wf lemma="velike" pos="X">velike</wf>
         <wf lemma="povijesne" pos="X">povijesne</wf>
         <wf lemma="bitke" pos="X">bitke</wf>
         <wf lemma="." pos="X">.</wf>
      </sentence>
      <sentence id="d000.s3496" source="wordnet-croatian">
         <wf lemma="Ivan" pos="X">Ivan</wf>
         <wf lemma="je" pos="X">je</wf>
         <wf lemma="složio" pos="X">složio</wf>
         <instance id="d000.s3496.t000" lemma="cjepanica" pos="NOUN">cjepanice</instance>
         <wf lemma="u" pos="X">u</wf>
         <wf lemma="kamin" pos="X">kamin</wf>
         <wf lemma="." pos="X">.</wf>
      </sentence>
      <sentence id="d000.s3497" source="wordnet-croatian">
         <instance id="d000.s3497.t000" lemma="red" pos="NOUN">Redovi</instance>
         <wf lemma="cigala" pos="X">cigala</wf>
         <wf lemma="izrastali" pos="X">izrastali</wf>
         <wf lemma="su" pos="X">su</wf>
         <wf lemma="jedan" pos="X">jedan</wf>
         <wf lemma="za" pos="X">za</wf>
         <wf lemma="drugim" pos="X">drugim</wf>
         <wf lemma="." pos="X">.</wf>
      </sentence>
      <sentence id="d000.s3498" source="wordnet-croatian">
         <instance id="d000.s3498.t000" lemma="posteljina" pos="NOUN">Posteljina</instance>
         <wf lemma="se" pos="X">se</wf>
         <wf lemma="pere" pos="X">pere</wf>
         <wf lemma="na" pos="X">na</wf>
         <wf lemma="visokim" pos="X">visokim</wf>
         <wf lemma="temperaturama" pos="X">temperaturama</wf>
         <wf lemma="." pos="X">.</wf>
      </sentence>
      <sentence id="d000.s3499" source="wordnet-croatian">
         <wf lemma="Nakon" pos="X">Nakon</wf>
         <wf lemma="prvog" pos="X">prvog</wf>
         <instance id="d000.s3499.t000" lemma="čin" pos="NOUN">čina</instance>
         <wf lemma="predstave" pos="X">predstave</wf>
         <wf lemma="bila" pos="X">bila</wf>
         <wf lemma="je" pos="X">je</wf>
         <wf lemma="kratka" pos="X">kratka</wf>
         <wf lemma="stanka" pos="X">stanka</wf>
         <wf lemma="." pos="X">.</wf>
      </sentence>
      <sentence id="d000.s3500" source="wordnet-croatian">
         <instance id="d000.s3500.t000" lemma="dijamant" pos="NOUN">Dijamanti</instance>
         <wf lemma="su" pos="X">su</wf>
         <wf lemma="vječni" pos="X">vječni</wf>
         <wf lemma="." pos="X">.</wf>
      </sentence>
      <sentence id="d000.s3501" source="wordnet-croatian">
         <wf lemma="Svi" pos="X">Svi</wf>
         <wf lemma="su" pos="X">su</wf>
         <instance id="d000.s3501.t000" lemma="reflektor" pos="NOUN">reflektori</instance>
         <wf lemma="bili" pos="X">bili</wf>
         <wf lemma="upereni" pos="X">upereni</wf>
         <wf lemma="u" pos="X">u</wf>
         <wf lemma="glavnoga" pos="X">glavnoga</wf>
         <wf lemma="glumca" pos="X">glumca</wf>
         <wf lemma="." pos="X">.</wf>
      </sentence>
      <sentence id="d000.s3502" source="wordnet-croatian">
         <wf lemma="Maja" pos="X">Maja</wf>
         <wf lemma="je" pos="X">je</wf>
         <wf lemma="za" pos="X">za</wf>
         <wf lemma="Božić" pos="X">Božić</wf>
         <instance id="d000.s3502.t000" lemma="poželjeti" pos="VERB">poželjela</instance>
         <wf lemma="lutku" pos="X">lutku</wf>
         <wf lemma="Orašara" pos="X">Orašara</wf>
         <wf lemma="." pos="X">.</wf>
      </sentence>
      <sentence id="d000.s3503" source="wordnet-croatian">
         <wf lemma="Iako" pos="X">Iako</wf>
         <wf lemma="je" pos="X">je</wf>
         <instance id="d000.s3503.t000" lemma="nevjernik" pos="NOUN">nevjernik</instance>
         <wf lemma="," pos="X">,</wf>
         <wf lemma="moj" pos="X">moj</wf>
         <wf lemma="je" pos="X">je</wf>
         <wf lemma="otac" pos="X">otac</wf>
         <wf lemma="prisustvovao" pos="X">prisustvovao</wf>
         <wf lemma="krštenju" pos="X">krštenju</wf>
         <wf lemma="u" pos="X">u</wf>
         <wf lemma="crkvi" pos="X">crkvi</wf>
         <wf lemma="." pos="X">.</wf>
      </sentence>
      <sentence id="d000.s3504" source="wordnet-croatian">
         <instance id="d000.s3504.t000" lemma="razjedinjenost" pos="NOUN">Razjedinjenost</instance>
         <wf lemma="pokrajina" pos="X">pokrajina</wf>
         <wf lemma="dovela" pos="X">dovela</wf>
         <wf lemma="je" pos="X">je</wf>
         <wf lemma="do" pos="X">do</wf>
         <wf lemma="raspada" pos="X">raspada</wf>
         <wf lemma="države" pos="X">države</wf>
         <wf lemma="." pos="X">.</wf>
      </sentence>
      <sentence id="d000.s3505" source="wordnet-croatian">
         <instance id="d000.s3505.t000" lemma="pražnjenje" pos="NOUN">Pražnjenje</instance>
         <wf lemma="septičke" pos="X">septičke</wf>
         <wf lemma="jame" pos="X">jame</wf>
         <wf lemma="obavili" pos="X">obavili</wf>
         <wf lemma="su" pos="X">su</wf>
         <wf lemma="djelatnici" pos="X">djelatnici</wf>
         <wf lemma="gradske" pos="X">gradske</wf>
         <wf lemma="čistoće" pos="X">čistoće</wf>
         <wf lemma="." pos="X">.</wf>
      </sentence>
      <sentence id="d000.s3506" source="wordnet-croatian">
         <wf lemma="Mirko" pos="X">Mirko</wf>
         <wf lemma="je" pos="X">je</wf>
         <wf lemma="platio" pos="X">platio</wf>
         <instance id="d000.s3506.t000" lemma="težak" pos="ADJ">tešku</instance>
         <wf lemma="kaznu" pos="X">kaznu</wf>
         <wf lemma="zbog" pos="X">zbog</wf>
         <wf lemma="učestalog" pos="X">učestalog</wf>
         <wf lemma="krivog" pos="X">krivog</wf>
         <wf lemma="parkiranja" pos="X">parkiranja</wf>
         <wf lemma="." pos="X">.</wf>
      </sentence>
      <sentence id="d000.s3507" source="wordnet-croatian">
         <instance id="d000.s3507.t000" lemma="zadirkivanje" pos="NOUN">Zadirkivanje</instance>
         <wf lemma="djevojčica" pos="X">djevojčica</wf>
         <wf lemma="štetilo" pos="X">štetilo</wf>
         <wf lemma="je" pos="X">je</wf>
         <wf lemma="dječakovom" pos="X">dječakovom</wf>
         <wf lemma="ponosu" pos="X">ponosu</wf>
         <wf lemma="." pos="X">.</wf>
      </sentence>
      <sentence id="d000.s3508" source="wordnet-croatian">
         <wf lemma="Predsjedniku" pos="X">Predsjedniku</wf>
         <wf lemma="nije" pos="X">nije</wf>
         <wf lemma="trebao" pos="X">trebao</wf>
         <wf lemma="jučerašnji" pos="X">jučerašnji</wf>
         <instance id="d000.s3508.t000" lemma="kiks" pos="NOUN">kiks</instance>
         <wf lemma="u" pos="X">u</wf>
         <wf lemma="njegovom" pos="X">njegovom</wf>
         <wf lemma="obraćanju" pos="X">obraćanju</wf>
         <wf lemma="naciji" pos="X">naciji</wf>
         <wf lemma="." pos="X">.</wf>
      </sentence>
      <sentence id="d000.s3509" source="wordnet-croatian">
         <wf lemma="Na" pos="X">Na</wf>
         <wf lemma="putu" pos="X">putu</wf>
         <wf lemma="mu" pos="X">mu</wf>
         <wf lemma="je" pos="X">je</wf>
         <wf lemma="otpao" pos="X">otpao</wf>
         <instance id="d000.s3509.t000" lemma="prednji" pos="ADJ">prednji</instance>
         <wf lemma="desni" pos="X">desni</wf>
         <wf lemma="kotač" pos="X">kotač</wf>
         <wf lemma="." pos="X">.</wf>
      </sentence>
      <sentence id="d000.s3510" source="wordnet-croatian">
         <wf lemma="Vrijednosti" pos="X">Vrijednosti</wf>
         <wf lemma="zagađenja" pos="X">zagađenja</wf>
         <wf lemma="zraka" pos="X">zraka</wf>
         <wf lemma="na" pos="X">na</wf>
         <instance id="d000.s3510.t000" lemma="ljestvica" pos="NOUN">ljestvici</instance>
         <wf lemma="su" pos="X">su</wf>
         <wf lemma="se" pos="X">se</wf>
         <wf lemma="popele" pos="X">popele</wf>
         <wf lemma="visoko" pos="X">visoko</wf>
         <wf lemma="." pos="X">.</wf>
      </sentence>
      <sentence id="d000.s3511" source="wordnet-croatian">
         <wf lemma="Kada" pos="X">Kada</wf>
         <wf lemma="govori" pos="X">govori</wf>
         <wf lemma="ona" pos="X">ona</wf>
         <instance id="d000.s3511.t000" lemma="držati" pos="VERB">drži</instance>
         <wf lemma="glavu" pos="X">glavu</wf>
         <wf lemma="ukoso" pos="X">ukoso</wf>
         <wf lemma="." pos="X">.</wf>
      </sentence>
      <sentence id="d000.s3512" source="wordnet-croatian">
         <wf lemma="Kako" pos="X">Kako</wf>
         <wf lemma="glasi" pos="X">glasi</wf>
         <instance id="d000.s3512.t000" lemma="komparativ" pos="NOUN">komparativ</instance>
         <wf lemma="pridjeva" pos="X">pridjeva</wf>
         <wf lemma="'" pos="X">'</wf>
         <wf lemma="'" pos="X">'</wf>
         <wf lemma="zao" pos="X">zao</wf>
         <wf lemma="'" pos="X">'</wf>
         <wf lemma="'" pos="X">'</wf>
         <wf lemma="?" pos="X">?</wf>
      </sentence>
      <sentence id="d000.s3513" source="wordnet-croatian">
         <wf lemma="Ne" pos="X">Ne</wf>
         <wf lemma="smijete" pos="X">smijete</wf>
         <wf lemma="ući" pos="X">ući</wf>
         <wf lemma="u" pos="X">u</wf>
         <wf lemma="zabranjenu" pos="X">zabranjenu</wf>
         <instance id="d000.s3513.t000" lemma="zona" pos="NOUN">zonu</instance>
         <wf lemma="!" pos="X">!</wf>
      </sentence>
      <sentence id="d000.s3514" source="wordnet-croatian">
         <wf lemma="Uz" pos="X">Uz</wf>
         <wf lemma="more" pos="X">more</wf>
         <wf lemma="me" pos="X">me</wf>
         <wf lemma="vežu" pos="X">vežu</wf>
         <wf lemma="lijepe" pos="X">lijepe</wf>
         <instance id="d000.s3514.t000" lemma="asocijacija" pos="NOUN">asocijacije</instance>
         <wf lemma="." pos="X">.</wf>
      </sentence>
      <sentence id="d000.s3515" source="wordnet-croatian">
         <wf lemma="Poznati" pos="X">Poznati</wf>
         <instance id="d000.s3515.t000" lemma="glazbenik" pos="NOUN">glazbenici</instance>
         <wf lemma="izvodili" pos="X">izvodili</wf>
         <wf lemma="su" pos="X">su</wf>
         <wf lemma="stare" pos="X">stare</wf>
         <wf lemma="francuske" pos="X">francuske</wf>
         <wf lemma="šansone" pos="X">šansone</wf>
         <wf lemma="." pos="X">.</wf>
      </sentence>
      <sentence id="d000.s3516" source="wordnet-croatian">
         <wf lemma="Moj" pos="X">Moj</wf>
         <wf lemma="pas" pos="X">pas</wf>
         <wf lemma="od" pos="X">od</wf>
         <wf lemma="svega" pos="X">svega</wf>
         <wf lemma="najviše" pos="X">najviše</wf>
         <wf lemma="voli" pos="X">voli</wf>
         <instance id="d000.s3516.t000" lemma="jesti" pos="VERB">jesti</instance>
         <wf lemma="kikiriki" pos="X">kikiriki</wf>
         <wf lemma="." pos="X">.</wf>
      </sentence>
      <sentence id="d000.s3517" source="wordnet-croatian">
         <wf lemma="Molim" pos="X">Molim</wf>
         <wf lemma="te" pos="X">te</wf>
         <wf lemma="," pos="X">,</wf>
         <instance id="d000.s3517.t000" lemma="dodati" pos="VERB">dodaj</instance>
         <wf lemma="mi" pos="X">mi</wf>
         <wf lemma="žlicu" pos="X">žlicu</wf>
         <wf lemma="." pos="X">.</wf>
      </sentence>
      <sentence id="d000.s3518" source="wordnet-croatian">
         <instance id="d000.s3518.t000" lemma="konzument" pos="NOUN">Konzument</instance>
         <wf lemma="obično" pos="X">obično</wf>
         <wf lemma="ne" pos="X">ne</wf>
         <wf lemma="zna" pos="X">zna</wf>
         <wf lemma="što" pos="X">što</wf>
         <wf lemma="je" pos="X">je</wf>
         <wf lemma="sastav" pos="X">sastav</wf>
         <wf lemma="kupljenih" pos="X">kupljenih</wf>
         <wf lemma="tableta" pos="X">tableta</wf>
         <wf lemma="." pos="X">.</wf>
      </sentence>
      <sentence id="d000.s3519" source="wordnet-croatian">
         <wf lemma="Koja" pos="X">Koja</wf>
         <wf lemma="su" pos="X">su</wf>
         <wf lemma="imena" pos="X">imena</wf>
         <instance id="d000.s3519.t000" lemma="mjesec" pos="NOUN">mjeseci</instance>
         <wf lemma="u" pos="X">u</wf>
         <wf lemma="hrvatskome" pos="X">hrvatskome</wf>
         <wf lemma="?" pos="X">?</wf>
      </sentence>
      <sentence id="d000.s3520" source="wordnet-croatian">
         <wf lemma="S" pos="X">S</wf>
         <wf lemma="povjerenjem" pos="X">povjerenjem</wf>
         <wf lemma="sam" pos="X">sam</wf>
         <wf lemma="joj" pos="X">joj</wf>
         <wf lemma="prepustio" pos="X">prepustio</wf>
         <instance id="d000.s3520.t000" lemma="upravljač" pos="NOUN">upravljač</instance>
         <wf lemma="svoga" pos="X">svoga</wf>
         <wf lemma="automobila" pos="X">automobila</wf>
         <wf lemma="." pos="X">.</wf>
      </sentence>
      <sentence id="d000.s3521" source="wordnet-croatian">
         <wf lemma="Kakvo" pos="X">Kakvo</wf>
         <wf lemma="je" pos="X">je</wf>
         <wf lemma="tvoje" pos="X">tvoje</wf>
         <instance id="d000.s3521.t000" lemma="stajalište" pos="NOUN">stajalište</instance>
         <wf lemma="o" pos="X">o</wf>
         <wf lemma="južnoameričkim" pos="X">južnoameričkim</wf>
         <wf lemma="diktatorima" pos="X">diktatorima</wf>
         <wf lemma="?" pos="X">?</wf>
      </sentence>
      <sentence id="d000.s3522" source="wordnet-croatian">
         <wf lemma="Bez" pos="X">Bez</wf>
         <wf lemma="problema" pos="X">problema</wf>
         <wf lemma="je" pos="X">je</wf>
         <wf lemma="baratao" pos="X">baratao</wf>
         <wf lemma="različitim" pos="X">različitim</wf>
         <instance id="d000.s3522.t000" lemma="mjera" pos="NOUN">mjerama</instance>
         <wf lemma="." pos="X">.</wf>
      </sentence>
      <sentence id="d000.s3523" source="wordnet-croatian">
         <wf lemma="Svemirski" pos="X">Svemirski</wf>
         <wf lemma="je" pos="X">je</wf>
         <wf lemma="teleskop" pos="X">teleskop</wf>
         <wf lemma="jučer" pos="X">jučer</wf>
         <wf lemma="prestao" pos="X">prestao</wf>
         <instance id="d000.s3523.t000" lemma="funkcionirati" pos="VERB">funkcionirati</instance>
         <wf lemma="." pos="X">.</wf>
      </sentence>
      <sentence id="d000.s3524" source="wordnet-croatian">
         <wf lemma="Njegov" pos="X">Njegov</wf>
         <instance id="d000.s3524.t000" lemma="otac" pos="NOUN">otac</instance>
         <wf lemma="je" pos="X">je</wf>
         <wf lemma="porijeklom" pos="X">porijeklom</wf>
         <wf lemma="iz" pos="X">iz</wf>
         <wf lemma="Zagorja" pos="X">Zagorja</wf>
         <wf lemma="." pos="X">.</wf>
      </sentence>
      <sentence id="d000.s3525" source="wordnet-croatian">
         <wf lemma="Ana" pos="X">Ana</wf>
         <wf lemma="je" pos="X">je</wf>
         <wf lemma="odmalena" pos="X">odmalena</wf>
         <wf lemma="svirala" pos="X">svirala</wf>
         <instance id="d000.s3525.t000" lemma="flauta" pos="NOUN">flautu</instance>
         <wf lemma="." pos="X">.</wf>
      </sentence>
      <sentence id="d000.s3526" source="wordnet-croatian">
         <wf lemma="Ispitivali" pos="X">Ispitivali</wf>
         <wf lemma="su" pos="X">su</wf>
         <wf lemma="njegovu" pos="X">njegovu</wf>
         <wf lemma="sposobnost" pos="X">sposobnost</wf>
         <wf lemma="orijentacije" pos="X">orijentacije</wf>
         <wf lemma="u" pos="X">u</wf>
         <instance id="d000.s3526.t000" lemma="prostor" pos="NOUN">prostoru</instance>
         <wf lemma="." pos="X">.</wf>
      </sentence>
      <sentence id="d000.s3527" source="wordnet-croatian">
         <wf lemma="Većina" pos="X">Većina</wf>
         <wf lemma="je" pos="X">je</wf>
         <instance id="d000.s3527.t000" lemma="pothodnik" pos="NOUN">pothodnika</instance>
         <wf lemma="oslikana" pos="X">oslikana</wf>
         <wf lemma="grafitima" pos="X">grafitima</wf>
         <wf lemma="." pos="X">.</wf>
      </sentence>
      <sentence id="d000.s3528" source="wordnet-croatian">
         <instance id="d000.s3528.t000" lemma="plutonij" pos="NOUN">Plutonij</instance>
         <wf lemma="se" pos="X">se</wf>
         <wf lemma="ne" pos="X">ne</wf>
         <wf lemma="smije" pos="X">smije</wf>
         <wf lemma="dirati" pos="X">dirati</wf>
         <wf lemma="golim" pos="X">golim</wf>
         <wf lemma="rukama" pos="X">rukama</wf>
         <wf lemma="jer" pos="X">jer</wf>
         <wf lemma="može" pos="X">može</wf>
         <wf lemma="izazvati" pos="X">izazvati</wf>
         <wf lemma="radijaciju" pos="X">radijaciju</wf>
         <wf lemma="i" pos="X">i</wf>
         <wf lemma="smrt" pos="X">smrt</wf>
         <wf lemma="." pos="X">.</wf>
      </sentence>
      <sentence id="d000.s3529" source="wordnet-croatian">
         <wf lemma="Njegovu" pos="X">Njegovu</wf>
         <instance id="d000.s3529.t000" lemma="odlučnost" pos="NOUN">odlučnost</instance>
         <wf lemma="da" pos="X">da</wf>
         <wf lemma="završi" pos="X">završi</wf>
         <wf lemma="utrku" pos="X">utrku</wf>
         <wf lemma="unatoč" pos="X">unatoč</wf>
         <wf lemma="svim" pos="X">svim</wf>
         <wf lemma="poteškoćama" pos="X">poteškoćama</wf>
         <wf lemma="publika" pos="X">publika</wf>
         <wf lemma="je" pos="X">je</wf>
         <wf lemma="nagradila" pos="X">nagradila</wf>
         <wf lemma="pljeskom" pos="X">pljeskom</wf>
         <wf lemma="." pos="X">.</wf>
      </sentence>
      <sentence id="d000.s3530" source="wordnet-croatian">
         <wf lemma="Bezobzirni" pos="X">Bezobzirni</wf>
         <wf lemma="vozači" pos="X">vozači</wf>
         <wf lemma="parkiraju" pos="X">parkiraju</wf>
         <wf lemma="automobile" pos="X">automobile</wf>
         <wf lemma="na" pos="X">na</wf>
         <instance id="d000.s3530.t000" lemma="nogostup" pos="NOUN">nogostupu</instance>
         <wf lemma="ne" pos="X">ne</wf>
         <wf lemma="ostavljajući" pos="X">ostavljajući</wf>
         <wf lemma="mjesta" pos="X">mjesta</wf>
         <wf lemma="za" pos="X">za</wf>
         <wf lemma="pješake" pos="X">pješake</wf>
         <wf lemma="." pos="X">.</wf>
      </sentence>
      <sentence id="d000.s3531" source="wordnet-croatian">
         <wf lemma="Nauči" pos="X">Nauči</wf>
         <instance id="d000.s3531.t000" lemma="nadzirati" pos="VERB">nadzirati</instance>
         <wf lemma="svoje" pos="X">svoje</wf>
         <wf lemma="izljeve" pos="X">izljeve</wf>
         <wf lemma="bijesa" pos="X">bijesa</wf>
         <wf lemma="." pos="X">.</wf>
      </sentence>
      <sentence id="d000.s3532" source="wordnet-croatian">
         <wf lemma="Kada" pos="X">Kada</wf>
         <wf lemma="je" pos="X">je</wf>
         <wf lemma="saznala" pos="X">saznala</wf>
         <wf lemma="da" pos="X">da</wf>
         <wf lemma="je" pos="X">je</wf>
         <wf lemma="posvojena" pos="X">posvojena</wf>
         <wf lemma="," pos="X">,</wf>
         <wf lemma="počela" pos="X">počela</wf>
         <wf lemma="je" pos="X">je</wf>
         <wf lemma="istraživati" pos="X">istraživati</wf>
         <wf lemma="svoje" pos="X">svoje</wf>
         <wf lemma="pravo" pos="X">pravo</wf>
         <instance id="d000.s3532.t000" lemma="porijeklo" pos="NOUN">porijeklo</instance>
         <wf lemma="." pos="X">.</wf>
      </sentence>
      <sentence id="d000.s3533" source="wordnet-croatian">
         <wf lemma="Morski" pos="X">Morski</wf>
         <instance id="d000.s3533.t000" lemma="rak" pos="NOUN">rak</instance>
         <wf lemma="ima" pos="X">ima</wf>
         <wf lemma="jako" pos="X">jako</wf>
         <wf lemma="ukusno" pos="X">ukusno</wf>
         <wf lemma="meso" pos="X">meso</wf>
         <wf lemma="." pos="X">.</wf>
      </sentence>
      <sentence id="d000.s3534" source="wordnet-croatian">
         <wf lemma="Liječnici" pos="X">Liječnici</wf>
         <wf lemma="preporučaju" pos="X">preporučaju</wf>
         <wf lemma="da" pos="X">da</wf>
         <wf lemma="bubrežni" pos="X">bubrežni</wf>
         <wf lemma="bolesnici" pos="X">bolesnici</wf>
         <instance id="d000.s3534.t000" lemma="uzimati" pos="VERB">uzimaju</instance>
         <wf lemma="barem" pos="X">barem</wf>
         <wf lemma="dvije" pos="X">dvije</wf>
         <wf lemma="litre" pos="X">litre</wf>
         <wf lemma="vode" pos="X">vode</wf>
         <wf lemma="ili" pos="X">ili</wf>
         <wf lemma="pive" pos="X">pive</wf>
         <wf lemma="dnevno" pos="X">dnevno</wf>
         <wf lemma="." pos="X">.</wf>
      </sentence>
      <sentence id="d000.s3535" source="wordnet-croatian">
         <wf lemma="U" pos="X">U</wf>
         <wf lemma="javnost" pos="X">javnost</wf>
         <wf lemma="su" pos="X">su</wf>
         <wf lemma="procurili" pos="X">procurili</wf>
         <wf lemma="samo" pos="X">samo</wf>
         <wf lemma="neki" pos="X">neki</wf>
         <instance id="d000.s3535.t000" lemma="detalj" pos="NOUN">detalji</instance>
         <wf lemma="o" pos="X">o</wf>
         <wf lemma="tom" pos="X">tom</wf>
         <wf lemma="važnom" pos="X">važnom</wf>
         <wf lemma="događaju" pos="X">događaju</wf>
         <wf lemma="." pos="X">.</wf>
      </sentence>
      <sentence id="d000.s3536" source="wordnet-croatian">
         <wf lemma="Potrebno" pos="X">Potrebno</wf>
         <wf lemma="je" pos="X">je</wf>
         <wf lemma="vrijeme" pos="X">vrijeme</wf>
         <wf lemma="da" pos="X">da</wf>
         <wf lemma="se" pos="X">se</wf>
         <wf lemma="izvođač" pos="X">izvođač</wf>
         <wf lemma="navikne" pos="X">navikne</wf>
         <wf lemma="na" pos="X">na</wf>
         <wf lemma="rad" pos="X">rad</wf>
         <wf lemma="s" pos="X">s</wf>
         <instance id="d000.s3536.t000" lemma="metronom" pos="NOUN">metronomom</instance>
         <wf lemma="." pos="X">.</wf>
      </sentence>
      <sentence id="d000.s3537" source="wordnet-croatian">
         <wf lemma="Dala" pos="X">Dala</wf>
         <wf lemma="mu" pos="X">mu</wf>
         <wf lemma="je" pos="X">je</wf>
         <wf lemma="vruće" pos="X">vruće</wf>
         <wf lemma="juhe" pos="X">juhe</wf>
         <wf lemma="da" pos="X">da</wf>
         <wf lemma="mu" pos="X">mu</wf>
         <wf lemma="se" pos="X">se</wf>
         <wf lemma="povrati" pos="X">povrati</wf>
         <instance id="d000.s3537.t000" lemma="snaga" pos="NOUN">snaga</instance>
         <wf lemma="." pos="X">.</wf>
      </sentence>
      <sentence id="d000.s3538" source="wordnet-croatian">
         <instance id="d000.s3538.t000" lemma="vožnja" pos="NOUN">Vožnja</instance>
         <wf lemma="prema" pos="X">prema</wf>
         <wf lemma="moru" pos="X">moru</wf>
         <wf lemma="bila" pos="X">bila</wf>
         <wf lemma="je" pos="X">je</wf>
         <wf lemma="vrla" pos="X">vrla</wf>
         <wf lemma="ugodna" pos="X">ugodna</wf>
         <wf lemma="u" pos="X">u</wf>
         <wf lemma="našem" pos="X">našem</wf>
         <wf lemma="novom" pos="X">novom</wf>
         <wf lemma="autu" pos="X">autu</wf>
         <wf lemma="." pos="X">.</wf>
      </sentence>
      <sentence id="d000.s3539" source="wordnet-croatian">
         <wf lemma="Kako" pos="X">Kako</wf>
         <wf lemma="si" pos="X">si</wf>
         <wf lemma="," pos="X">,</wf>
         <wf lemma="zaboga" pos="X">zaboga</wf>
         <wf lemma="," pos="X">,</wf>
         <wf lemma="mogao" pos="X">mogao</wf>
         <wf lemma="reći" pos="X">reći</wf>
         <wf lemma="takvu" pos="X">takvu</wf>
         <instance id="d000.s3539.t000" lemma="stvar" pos="NOUN">stvar</instance>
         <wf lemma="?" pos="X">?</wf>
      </sentence>
      <sentence id="d000.s3540" source="wordnet-croatian">
         <wf lemma="Morala" pos="X">Morala</wf>
         <wf lemma="sam" pos="X">sam</wf>
         <wf lemma="si" pos="X">si</wf>
         <wf lemma="hitno" pos="X">hitno</wf>
         <wf lemma="naći" pos="X">naći</wf>
         <wf lemma="novi" pos="X">novi</wf>
         <instance id="d000.s3540.t000" lemma="smještaj" pos="NOUN">smještaj</instance>
         <wf lemma="." pos="X">.</wf>
      </sentence>
      <sentence id="d000.s3541" source="wordnet-croatian">
         <wf lemma="Vozač" pos="X">Vozač</wf>
         <wf lemma="je" pos="X">je</wf>
         <wf lemma="zaustavljen" pos="X">zaustavljen</wf>
         <wf lemma="zbog" pos="X">zbog</wf>
         <instance id="d000.s3541.t000" lemma="brzanje" pos="NOUN">brzanja</instance>
         <wf lemma="na" pos="X">na</wf>
         <wf lemma="cesti" pos="X">cesti</wf>
         <wf lemma="." pos="X">.</wf>
      </sentence>
      <sentence id="d000.s3542" source="wordnet-croatian">
         <wf lemma="Financijska" pos="X">Financijska</wf>
         <instance id="d000.s3542.t000" lemma="politika" pos="NOUN">politika</instance>
         <wf lemma="ove" pos="X">ove</wf>
         <wf lemma="vlade" pos="X">vlade</wf>
         <wf lemma="vodi" pos="X">vodi</wf>
         <wf lemma="nas" pos="X">nas</wf>
         <wf lemma="u" pos="X">u</wf>
         <wf lemma="propast" pos="X">propast</wf>
         <wf lemma="." pos="X">.</wf>
      </sentence>
      <sentence id="d000.s3543" source="wordnet-croatian">
         <wf lemma="Njegov" pos="X">Njegov</wf>
         <wf lemma="je" pos="X">je</wf>
         <wf lemma="glas" pos="X">glas</wf>
         <instance id="d000.s3543.t000" lemma="odzvanjati" pos="VERB">odzvanjao</instance>
         <wf lemma="šumom" pos="X">šumom</wf>
         <wf lemma="." pos="X">.</wf>
      </sentence>
      <sentence id="d000.s3544" source="wordnet-croatian">
         <wf lemma="Zaposlenici" pos="X">Zaposlenici</wf>
         <instance id="d000.s3544.t000" lemma="tražiti" pos="VERB">traže</instance>
         <wf lemma="smjenu" pos="X">smjenu</wf>
         <wf lemma="šefa" pos="X">šefa</wf>
         <wf lemma="." pos="X">.</wf>
      </sentence>
      <sentence id="d000.s3545" source="wordnet-croatian">
         <wf lemma="Ovo" pos="X">Ovo</wf>
         <instance id="d000.s3545.t000" lemma="zemljište" pos="NOUN">zemljište</instance>
         <wf lemma="odlično" pos="X">odlično</wf>
         <wf lemma="je" pos="X">je</wf>
         <wf lemma="za" pos="X">za</wf>
         <wf lemma="gradnju" pos="X">gradnju</wf>
         <wf lemma="kuće" pos="X">kuće</wf>
         <wf lemma="." pos="X">.</wf>
      </sentence>
      <sentence id="d000.s3546" source="wordnet-croatian">
         <instance id="d000.s3546.t000" lemma="specifičnost" pos="NOUN">Specifičnost</instance>
         <wf lemma="problema" pos="X">problema</wf>
         <wf lemma="pred" pos="X">pred</wf>
         <wf lemma="kojim" pos="X">kojim</wf>
         <wf lemma="su" pos="X">su</wf>
         <wf lemma="se" pos="X">se</wf>
         <wf lemma="našli" pos="X">našli</wf>
         <wf lemma="tjerala" pos="X">tjerala</wf>
         <wf lemma="ih" pos="X">ih</wf>
         <wf lemma="je" pos="X">je</wf>
         <wf lemma="na" pos="X">na</wf>
         <wf lemma="intenzivno" pos="X">intenzivno</wf>
         <wf lemma="razmišljanje" pos="X">razmišljanje</wf>
         <wf lemma="." pos="X">.</wf>
      </sentence>
      <sentence id="d000.s3547" source="wordnet-croatian">
         <wf lemma="Slavni" pos="X">Slavni</wf>
         <wf lemma="je" pos="X">je</wf>
         <wf lemma="detektiv" pos="X">detektiv</wf>
         <instance id="d000.s3547.t000" lemma="riješiti" pos="VERB">riješio</instance>
         <wf lemma="zagonetku" pos="X">zagonetku</wf>
         <wf lemma="ubojstva" pos="X">ubojstva</wf>
         <wf lemma="?" pos="X">?</wf>
      </sentence>
      <sentence id="d000.s3548" source="wordnet-croatian">
         <wf lemma="Bjegunac" pos="X">Bjegunac</wf>
         <wf lemma="je" pos="X">je</wf>
         <instance id="d000.s3548.t000" lemma="napustiti" pos="VERB">napustio</instance>
         <wf lemma="zemlju" pos="X">zemlju</wf>
         <wf lemma="." pos="X">.</wf>
      </sentence>
      <sentence id="d000.s3549" source="wordnet-croatian">
         <wf lemma="Bila" pos="X">Bila</wf>
         <wf lemma="je" pos="X">je</wf>
         <wf lemma="u" pos="X">u</wf>
         <wf lemma="bezizlaznoj" pos="X">bezizlaznoj</wf>
         <wf lemma="situaciji" pos="X">situaciji</wf>
         <wf lemma="i" pos="X">i</wf>
         <wf lemma="nije" pos="X">nije</wf>
         <wf lemma="joj" pos="X">joj</wf>
         <wf lemma="preostalo" pos="X">preostalo</wf>
         <wf lemma="ništa" pos="X">ništa</wf>
         <wf lemma="drugo" pos="X">drugo</wf>
         <wf lemma="nego" pos="X">nego</wf>
         <instance id="d000.s3549.t000" lemma="založiti" pos="VERB">založiti</instance>
         <wf lemma="stari" pos="X">stari</wf>
         <wf lemma="bakin" pos="X">bakin</wf>
         <wf lemma="prsten" pos="X">prsten</wf>
         <wf lemma="." pos="X">.</wf>
      </sentence>
      <sentence id="d000.s3550" source="wordnet-croatian">
         <wf lemma="Ne" pos="X">Ne</wf>
         <instance id="d000.s3550.t000" lemma="uviđati" pos="VERB">uviđam</instance>
         <wf lemma="što" pos="X">što</wf>
         <wf lemma="time" pos="X">time</wf>
         <wf lemma="želiš" pos="X">želiš</wf>
         <wf lemma="postići" pos="X">postići</wf>
         <wf lemma="." pos="X">.</wf>
      </sentence>
      <sentence id="d000.s3551" source="wordnet-croatian">
         <wf lemma="Nakon" pos="X">Nakon</wf>
         <wf lemma="sat" pos="X">sat</wf>
         <wf lemma="vremena" pos="X">vremena</wf>
         <wf lemma="pile" pos="X">pile</wf>
         <wf lemma="se" pos="X">se</wf>
         <wf lemma="treba" pos="X">treba</wf>
         <instance id="d000.s3551.t000" lemma="izvaditi" pos="VERB">izvaditi</instance>
         <wf lemma="iz" pos="X">iz</wf>
         <wf lemma="pećnice" pos="X">pećnice</wf>
         <wf lemma="." pos="X">.</wf>
      </sentence>
      <sentence id="d000.s3552" source="wordnet-croatian">
         <wf lemma="Na" pos="X">Na</wf>
         <wf lemma="toj" pos="X">toj</wf>
         <wf lemma="su" pos="X">su</wf>
         <instance id="d000.s3552.t000" lemma="polica" pos="NOUN">polici</instance>
         <wf lemma="bile" pos="X">bile</wf>
         <wf lemma="smještene" pos="X">smještene</wf>
         <wf lemma="sve" pos="X">sve</wf>
         <wf lemma="njezine" pos="X">njezine</wf>
         <wf lemma="uspomene" pos="X">uspomene</wf>
         <wf lemma="." pos="X">.</wf>
      </sentence>
      <sentence id="d000.s3553" source="wordnet-croatian">
         <wf lemma="Mala" pos="X">Mala</wf>
         <wf lemma="su" pos="X">su</wf>
         <wf lemma="djeca" pos="X">djeca</wf>
         <wf lemma="posebno" pos="X">posebno</wf>
         <instance id="d000.s3553.t000" lemma="podložan" pos="ADJ">podložna</instance>
         <wf lemma="bolestima" pos="X">bolestima</wf>
         <wf lemma="." pos="X">.</wf>
      </sentence>
      <sentence id="d000.s3554" source="wordnet-croatian">
         <wf lemma="Izgaranjem" pos="X">Izgaranjem</wf>
         <instance id="d000.s3554.t000" lemma="gorivo" pos="NOUN">goriva</instance>
         <wf lemma="oslobađa" pos="X">oslobađa</wf>
         <wf lemma="se" pos="X">se</wf>
         <wf lemma="toplinska" pos="X">toplinska</wf>
         <wf lemma="energija" pos="X">energija</wf>
         <wf lemma="koja" pos="X">koja</wf>
         <wf lemma="se" pos="X">se</wf>
         <wf lemma="dalje" pos="X">dalje</wf>
         <wf lemma="može" pos="X">može</wf>
         <wf lemma="pretvarati" pos="X">pretvarati</wf>
         <wf lemma="u" pos="X">u</wf>
         <wf lemma="druge" pos="X">druge</wf>
         <wf lemma="oblike" pos="X">oblike</wf>
         <wf lemma="energije" pos="X">energije</wf>
         <wf lemma="." pos="X">.</wf>
      </sentence>
      <sentence id="d000.s3555" source="wordnet-croatian">
         <wf lemma="Njezina" pos="X">Njezina</wf>
         <wf lemma="nedjela" pos="X">nedjela</wf>
         <wf lemma="iz" pos="X">iz</wf>
         <wf lemma="mladosti" pos="X">mladosti</wf>
         <instance id="d000.s3555.t000" lemma="pratiti" pos="VERB">pratila</instance>
         <wf lemma="su" pos="X">su</wf>
         <wf lemma="je" pos="X">je</wf>
         <wf lemma="čitav" pos="X">čitav</wf>
         <wf lemma="život" pos="X">život</wf>
         <wf lemma="." pos="X">.</wf>
      </sentence>
      <sentence id="d000.s3556" source="wordnet-croatian">
         <wf lemma="Prozračne" pos="X">Prozračne</wf>
         <instance id="d000.s3556.t000" lemma="tunika" pos="NOUN">tunike</instance>
         <wf lemma="idealna" pos="X">idealna</wf>
         <wf lemma="su" pos="X">su</wf>
         <wf lemma="odjeća" pos="X">odjeća</wf>
         <wf lemma="za" pos="X">za</wf>
         <wf lemma="ljeto" pos="X">ljeto</wf>
         <wf lemma="." pos="X">.</wf>
      </sentence>
      <sentence id="d000.s3557" source="wordnet-croatian">
         <wf lemma="Napravila" pos="X">Napravila</wf>
         <wf lemma="mu" pos="X">mu</wf>
         <wf lemma="je" pos="X">je</wf>
         <wf lemma="sendvič" pos="X">sendvič</wf>
         <wf lemma="za" pos="X">za</wf>
         <wf lemma="školu" pos="X">školu</wf>
         <wf lemma="i" pos="X">i</wf>
         <wf lemma="omotala" pos="X">omotala</wf>
         <wf lemma="ga" pos="X">ga</wf>
         <wf lemma="u" pos="X">u</wf>
         <instance id="d000.s3557.t000" lemma="folija" pos="NOUN">foliju</instance>
         <wf lemma="." pos="X">.</wf>
      </sentence>
      <sentence id="d000.s3558" source="wordnet-croatian">
         <wf lemma="Našao" pos="X">Našao</wf>
         <wf lemma="se" pos="X">se</wf>
         <wf lemma="u" pos="X">u</wf>
         <instance id="d000.s3558.t000" lemma="nezamisliv" pos="ADJ">nezamislivoj</instance>
         <wf lemma="situaciji" pos="X">situaciji</wf>
         <wf lemma="." pos="X">.</wf>
      </sentence>
      <sentence id="d000.s3559" source="wordnet-croatian">
         <wf lemma="Pero" pos="X">Pero</wf>
         <wf lemma="Kvrgić" pos="X">Kvrgić</wf>
         <wf lemma="bio" pos="X">bio</wf>
         <wf lemma="je" pos="X">je</wf>
         <wf lemma="rođeni" pos="X">rođeni</wf>
         <instance id="d000.s3559.t000" lemma="zabavljač" pos="NOUN">zabavljač</instance>
         <wf lemma="." pos="X">.</wf>
      </sentence>
      <sentence id="d000.s3560" source="wordnet-croatian">
         <wf lemma="Gatara" pos="X">Gatara</wf>
         <wf lemma="svakog" pos="X">svakog</wf>
         <wf lemma="petka" pos="X">petka</wf>
         <instance id="d000.s3560.t000" lemma="čitati" pos="VERB">čita</instance>
         <wf lemma="Mirku" pos="X">Mirku</wf>
         <wf lemma="iz" pos="X">iz</wf>
         <wf lemma="dlana" pos="X">dlana</wf>
         <wf lemma="." pos="X">.</wf>
      </sentence>
      <sentence id="d000.s3561" source="wordnet-croatian">
         <wf lemma="Od" pos="X">Od</wf>
         <instance id="d000.s3561.t000" lemma="plivanje" pos="NOUN">plivanje</instance>
         <wf lemma="ćeš" pos="X">ćeš</wf>
         <wf lemma="dobiti" pos="X">dobiti</wf>
         <wf lemma="jaka" pos="X">jaka</wf>
         <wf lemma="ramena" pos="X">ramena</wf>
         <wf lemma="i" pos="X">i</wf>
         <wf lemma="dobre" pos="X">dobre</wf>
         <wf lemma="trbušne" pos="X">trbušne</wf>
         <wf lemma="mišiće" pos="X">mišiće</wf>
         <wf lemma="." pos="X">.</wf>
      </sentence>
      <sentence id="d000.s3562" source="wordnet-croatian">
         <wf lemma="Njegova" pos="X">Njegova</wf>
         <wf lemma="ga" pos="X">ga</wf>
         <wf lemma="je" pos="X">je</wf>
         <instance id="d000.s3562.t000" lemma="okolina" pos="NOUN">okolina</instance>
         <wf lemma="sputavala" pos="X">sputavala</wf>
         <wf lemma="u" pos="X">u</wf>
         <wf lemma="životu" pos="X">životu</wf>
         <wf lemma="." pos="X">.</wf>
      </sentence>
      <sentence id="d000.s3563" source="wordnet-croatian">
         <wf lemma="Zaprimili" pos="X">Zaprimili</wf>
         <wf lemma="smo" pos="X">smo</wf>
         <instance id="d000.s3563.t000" lemma="nalog" pos="NOUN">nalog</instance>
         <wf lemma="za" pos="X">za</wf>
         <wf lemma="pretraživanje" pos="X">pretraživanje</wf>
         <wf lemma="kuće" pos="X">kuće</wf>
         <wf lemma="." pos="X">.</wf>
      </sentence>
      <sentence id="d000.s3564" source="wordnet-croatian">
         <instance id="d000.s3564.t000" lemma="pomaknuti" pos="VERB">Pomaknuo</instance>
         <wf lemma="je" pos="X">je</wf>
         <wf lemma="svoju" pos="X">svoju</wf>
         <wf lemma="ruku" pos="X">ruku</wf>
         <wf lemma="bliže" pos="X">bliže</wf>
         <wf lemma="njezinoj" pos="X">njezinoj</wf>
         <wf lemma="." pos="X">.</wf>
      </sentence>
      <sentence id="d000.s3565" source="wordnet-croatian">
         <wf lemma="Znala" pos="X">Znala</wf>
         <wf lemma="je" pos="X">je</wf>
         <instance id="d000.s3565.t000" lemma="učiniti" pos="VERB">učiniti</instance>
         <wf lemma="ljude" pos="X">ljude</wf>
         <wf lemma="oko" pos="X">oko</wf>
         <wf lemma="sebe" pos="X">sebe</wf>
         <wf lemma="sretnima" pos="X">sretnima</wf>
         <wf lemma="." pos="X">.</wf>
      </sentence>
      <sentence id="d000.s3566" source="wordnet-croatian">
         <wf lemma="Hrvatska" pos="X">Hrvatska</wf>
         <wf lemma="je" pos="X">je</wf>
         <wf lemma="potpisala" pos="X">potpisala</wf>
         <instance id="d000.s3566.t000" lemma="protokol" pos="NOUN">protokol</instance>
         <wf lemma="o" pos="X">o</wf>
         <wf lemma="ulasku" pos="X">ulasku</wf>
         <wf lemma="u" pos="X">u</wf>
         <wf lemma="EU" pos="X">EU</wf>
         <wf lemma="." pos="X">.</wf>
      </sentence>
      <sentence id="d000.s3567" source="wordnet-croatian">
         <instance id="d000.s3567.t000" lemma="pristaša" pos="NOUN">Pristaše</instance>
         <wf lemma="nacističkog" pos="X">nacističkog</wf>
         <wf lemma="pokreta" pos="X">pokreta</wf>
         <wf lemma="počinile" pos="X">počinile</wf>
         <wf lemma="su" pos="X">su</wf>
         <wf lemma="mnoga" pos="X">mnoga</wf>
         <wf lemma="zlodjela" pos="X">zlodjela</wf>
         <wf lemma="." pos="X">.</wf>
      </sentence>
      <sentence id="d000.s3568" source="wordnet-croatian">
         <instance id="d000.s3568.t000" lemma="bačva" pos="NOUN">Bačve</instance>
         <wf lemma="se" pos="X">se</wf>
         <wf lemma="trebaju" pos="X">trebaju</wf>
         <wf lemma="dobro" pos="X">dobro</wf>
         <wf lemma="oprati" pos="X">oprati</wf>
         <wf lemma="prije" pos="X">prije</wf>
         <wf lemma="berbe" pos="X">berbe</wf>
         <wf lemma="." pos="X">.</wf>
      </sentence>
      <sentence id="d000.s3569" source="wordnet-croatian">
         <wf lemma="Ova" pos="X">Ova</wf>
         <wf lemma="sinfonija" pos="X">sinfonija</wf>
         <wf lemma="je" pos="X">je</wf>
         <wf lemma="njegovo" pos="X">njegovo</wf>
         <wf lemma="životno" pos="X">životno</wf>
         <instance id="d000.s3569.t000" lemma="djelo" pos="NOUN">djelo</instance>
         <wf lemma="." pos="X">.</wf>
      </sentence>
      <sentence id="d000.s3570" source="wordnet-croatian">
         <instance id="d000.s3570.t000" lemma="spoj" pos="NOUN">Spojevi</instance>
         <wf lemma="na" pos="X">na</wf>
         <wf lemma="željeznim" pos="X">željeznim</wf>
         <wf lemma="pločama" pos="X">pločama</wf>
         <wf lemma="moraju" pos="X">moraju</wf>
         <wf lemma="biti" pos="X">biti</wf>
         <wf lemma="savršeni" pos="X">savršeni</wf>
         <wf lemma="." pos="X">.</wf>
      </sentence>
      <sentence id="d000.s3571" source="wordnet-croatian">
         <wf lemma="Otišla" pos="X">Otišla</wf>
         <wf lemma="je" pos="X">je</wf>
         <wf lemma="previti" pos="X">previti</wf>
         <instance id="d000.s3571.t000" lemma="dijete" pos="NOUN">dijete</instance>
         <wf lemma="." pos="X">.</wf>
      </sentence>
      <sentence id="d000.s3572" source="wordnet-croatian">
         <wf lemma="Potpis" pos="X">Potpis</wf>
         <wf lemma="na" pos="X">na</wf>
         <wf lemma="kraju" pos="X">kraju</wf>
         <wf lemma="ugovora" pos="X">ugovora</wf>
         <wf lemma="samo" pos="X">samo</wf>
         <wf lemma="je" pos="X">je</wf>
         <instance id="d000.s3572.t000" lemma="formalnost" pos="NOUN">formalnost</instance>
         <wf lemma="." pos="X">.</wf>
      </sentence>
      <sentence id="d000.s3573" source="wordnet-croatian">
         <wf lemma="Učenici" pos="X">Učenici</wf>
         <wf lemma="srednjih" pos="X">srednjih</wf>
         <wf lemma="škola" pos="X">škola</wf>
         <wf lemma="imaju" pos="X">imaju</wf>
         <wf lemma="velikih" pos="X">velikih</wf>
         <wf lemma="problema" pos="X">problema</wf>
         <wf lemma="s" pos="X">s</wf>
         <instance id="d000.s3573.t000" lemma="ortografija" pos="NOUN">ortografijom</instance>
         <wf lemma="." pos="X">.</wf>
      </sentence>
      <sentence id="d000.s3574" source="wordnet-croatian">
         <wf lemma="Ana" pos="X">Ana</wf>
         <wf lemma="nikada" pos="X">nikada</wf>
         <wf lemma="nije" pos="X">nije</wf>
         <wf lemma="naučila" pos="X">naučila</wf>
         <wf lemma="čitati" pos="X">čitati</wf>
         <instance id="d000.s3574.t000" lemma="krivulja" pos="NOUN">krivulje</instance>
         <wf lemma="na" pos="X">na</wf>
         <wf lemma="grafovima" pos="X">grafovima</wf>
         <wf lemma="." pos="X">.</wf>
      </sentence>
      <sentence id="d000.s3575" source="wordnet-croatian">
         <wf lemma="Voljela" pos="X">Voljela</wf>
         <wf lemma="je" pos="X">je</wf>
         <instance id="d000.s3575.t000" lemma="umakati" pos="VERB">umakati</instance>
         <wf lemma="čips" pos="X">čips</wf>
         <wf lemma="u" pos="X">u</wf>
         <wf lemma="ljuti" pos="X">ljuti</wf>
         <wf lemma="umak" pos="X">umak</wf>
         <wf lemma="." pos="X">.</wf>
      </sentence>
      <sentence id="d000.s3576" source="wordnet-croatian">
         <instance id="d000.s3576.t000" lemma="strojnica" pos="NOUN">Strojnica</instance>
         <wf lemma="mu" pos="X">mu</wf>
         <wf lemma="je" pos="X">je</wf>
         <wf lemma="bila" pos="X">bila</wf>
         <wf lemma="omiljeno" pos="X">omiljeno</wf>
         <wf lemma="oružje" pos="X">oružje</wf>
         <wf lemma="." pos="X">.</wf>
      </sentence>
      <sentence id="d000.s3577" source="wordnet-croatian">
         <wf lemma="Nije" pos="X">Nije</wf>
         <wf lemma="mu" pos="X">mu</wf>
         <wf lemma="bila" pos="X">bila</wf>
         <wf lemma="potrebna" pos="X">potrebna</wf>
         <wf lemma="ni" pos="X">ni</wf>
         <instance id="d000.s3577.t000" lemma="daska" pos="NOUN">daska</instance>
         <wf lemma="-" pos="X">-</wf>
         <wf lemma="samo" pos="X">samo</wf>
         <wf lemma="je" pos="X">je</wf>
         <wf lemma="uskočio" pos="X">uskočio</wf>
         <wf lemma="na" pos="X">na</wf>
         <wf lemma="brod" pos="X">brod</wf>
         <wf lemma="." pos="X">.</wf>
      </sentence>
      <sentence id="d000.s3578" source="wordnet-croatian">
         <instance id="d000.s3578.t000" lemma="nadzornik" pos="NOUN">Nadzornik</instance>
         <wf lemma="radova" pos="X">radova</wf>
         <wf lemma="na" pos="X">na</wf>
         <wf lemma="spomen-obilježju" pos="X">spomen-obilježju</wf>
         <wf lemma="stradalima" pos="X">stradalima</wf>
         <wf lemma="dao" pos="X">dao</wf>
         <wf lemma="je" pos="X">je</wf>
         <wf lemma="izjavu" pos="X">izjavu</wf>
         <wf lemma="za" pos="X">za</wf>
         <wf lemma="tisak" pos="X">tisak</wf>
         <wf lemma="." pos="X">.</wf>
      </sentence>
      <sentence id="d000.s3579" source="wordnet-croatian">
         <wf lemma="Prijeti" pos="X">Prijeti</wf>
         <wf lemma="nam" pos="X">nam</wf>
         <instance id="d000.s3579.t000" lemma="raskid" pos="NOUN">raskid</instance>
         <wf lemma="ugovora" pos="X">ugovora</wf>
         <wf lemma="s" pos="X">s</wf>
         <wf lemma="dobavljačem" pos="X">dobavljačem</wf>
         <wf lemma="!" pos="X">!</wf>
      </sentence>
      <sentence id="d000.s3580" source="wordnet-croatian">
         <wf lemma="U" pos="X">U</wf>
         <wf lemma="sobi" pos="X">sobi</wf>
         <wf lemma="se" pos="X">se</wf>
         <wf lemma="čuo" pos="X">čuo</wf>
         <wf lemma="samo" pos="X">samo</wf>
         <instance id="d000.s3580.t000" lemma="žamor" pos="NOUN">žamor</instance>
         <wf lemma="ljudi" pos="X">ljudi</wf>
         <wf lemma="i" pos="X">i</wf>
         <wf lemma="zvuk" pos="X">zvuk</wf>
         <wf lemma="klavira" pos="X">klavira</wf>
         <wf lemma="." pos="X">.</wf>
      </sentence>
      <sentence id="d000.s3581" source="wordnet-croatian">
         <wf lemma="Rad" pos="X">Rad</wf>
         <wf lemma="na" pos="X">na</wf>
         <wf lemma="projektu" pos="X">projektu</wf>
         <wf lemma="potpuno" pos="X">potpuno</wf>
         <wf lemma="me" pos="X">me</wf>
         <wf lemma="je" pos="X">je</wf>
         <instance id="d000.s3581.t000" lemma="iscrpiti" pos="VERB">iscrpio</instance>
         <wf lemma="." pos="X">.</wf>
      </sentence>
      <sentence id="d000.s3582" source="wordnet-croatian">
         <wf lemma="Ravnatelj" pos="X">Ravnatelj</wf>
         <wf lemma="laboratorija" pos="X">laboratorija</wf>
         <instance id="d000.s3582.t000" lemma="unovačiti" pos="VERB">unovačio</instance>
         <wf lemma="je" pos="X">je</wf>
         <wf lemma="velik" pos="X">velik</wf>
         <wf lemma="broj" pos="X">broj</wf>
         <wf lemma="asistenata" pos="X">asistenata</wf>
         <wf lemma="." pos="X">.</wf>
      </sentence>
      <sentence id="d000.s3583" source="wordnet-croatian">
         <wf lemma="Na" pos="X">Na</wf>
         <wf lemma="Jarunu" pos="X">Jarunu</wf>
         <wf lemma="i" pos="X">i</wf>
         <wf lemma="zimi" pos="X">zimi</wf>
         <wf lemma="treniraju" pos="X">treniraju</wf>
         <instance id="d000.s3583.t000" lemma="veslanje" pos="NOUN">veslanje</instance>
         <wf lemma="." pos="X">.</wf>
      </sentence>
      <sentence id="d000.s3584" source="wordnet-croatian">
         <instance id="d000.s3584.t000" lemma="ispasti" pos="VERB">Ispalo</instance>
         <wf lemma="je" pos="X">je</wf>
         <wf lemma="da" pos="X">da</wf>
         <wf lemma="ju" pos="X">ju</wf>
         <wf lemma="je" pos="X">je</wf>
         <wf lemma="izdala" pos="X">izdala</wf>
         <wf lemma="najbolja" pos="X">najbolja</wf>
         <wf lemma="prijateljica" pos="X">prijateljica</wf>
         <wf lemma="." pos="X">.</wf>
      </sentence>
      <sentence id="d000.s3585" source="wordnet-croatian">
         <wf lemma="Restaurirala" pos="X">Restaurirala</wf>
         <wf lemma="je" pos="X">je</wf>
         <wf lemma="bakin" pos="X">bakin</wf>
         <instance id="d000.s3585.t000" lemma="radiogramofon" pos="NOUN">radiogramofon</instance>
         <wf lemma="i" pos="X">i</wf>
         <wf lemma="smjestila" pos="X">smjestila</wf>
         <wf lemma="ga" pos="X">ga</wf>
         <wf lemma="na" pos="X">na</wf>
         <wf lemma="policu" pos="X">policu</wf>
         <wf lemma="kako" pos="X">kako</wf>
         <wf lemma="bi" pos="X">bi</wf>
         <wf lemma="je" pos="X">je</wf>
         <wf lemma="podsjećao" pos="X">podsjećao</wf>
         <wf lemma="na" pos="X">na</wf>
         <wf lemma="dobra" pos="X">dobra</wf>
         <wf lemma="stara" pos="X">stara</wf>
         <wf lemma="vremena" pos="X">vremena</wf>
         <wf lemma="." pos="X">.</wf>
      </sentence>
      <sentence id="d000.s3586" source="wordnet-croatian">
         <wf lemma="Bila" pos="X">Bila</wf>
         <wf lemma="sam" pos="X">sam</wf>
         <wf lemma="jako" pos="X">jako</wf>
         <wf lemma="tužna" pos="X">tužna</wf>
         <wf lemma="jer" pos="X">jer</wf>
         <wf lemma="sam" pos="X">sam</wf>
         <wf lemma="negdje" pos="X">negdje</wf>
         <wf lemma="izgubila" pos="X">izgubila</wf>
         <wf lemma="vrlo" pos="X">vrlo</wf>
         <wf lemma="drag" pos="X">drag</wf>
         <instance id="d000.s3586.t000" lemma="broš" pos="NOUN">broš</instance>
         <wf lemma="." pos="X">.</wf>
      </sentence>
      <sentence id="d000.s3587" source="wordnet-croatian">
         <wf lemma="Nisu" pos="X">Nisu</wf>
         <wf lemma="se" pos="X">se</wf>
         <wf lemma="bojali" pos="X">bojali</wf>
         <wf lemma="jer" pos="X">jer</wf>
         <wf lemma="je" pos="X">je</wf>
         <instance id="d000.s3587.t000" lemma="pravičnost" pos="NOUN">pravičnost</instance>
         <wf lemma="bila" pos="X">bila</wf>
         <wf lemma="na" pos="X">na</wf>
         <wf lemma="njihovoj" pos="X">njihovoj</wf>
         <wf lemma="strani" pos="X">strani</wf>
         <wf lemma="." pos="X">.</wf>
      </sentence>
      <sentence id="d000.s3588" source="wordnet-croatian">
         <wf lemma="Opet" pos="X">Opet</wf>
         <wf lemma="si" pos="X">si</wf>
         <instance id="d000.s3588.t000" lemma="pogoditi" pos="VERB">pogodio</instance>
         <wf lemma="u" pos="X">u</wf>
         <wf lemma="kojoj" pos="X">kojoj</wf>
         <wf lemma="ruci" pos="X">ruci</wf>
         <wf lemma="držim" pos="X">držim</wf>
         <wf lemma="lopticu" pos="X">lopticu</wf>
         <wf lemma="." pos="X">.</wf>
      </sentence>
      <sentence id="d000.s3589" source="wordnet-croatian">
         <wf lemma="Volim" pos="X">Volim</wf>
         <wf lemma="moderan" pos="X">moderan</wf>
         <wf lemma="namještaj" pos="X">namještaj</wf>
         <wf lemma="i" pos="X">i</wf>
         <wf lemma="ravne" pos="X">ravne</wf>
         <instance id="d000.s3589.t000" lemma="ploha" pos="NOUN">plohe</instance>
         <wf lemma="." pos="X">.</wf>
      </sentence>
      <sentence id="d000.s3590" source="wordnet-croatian">
         <wf lemma="Neki" pos="X">Neki</wf>
         <wf lemma="kažu" pos="X">kažu</wf>
         <wf lemma="da" pos="X">da</wf>
         <wf lemma="su" pos="X">su</wf>
         <instance id="d000.s3590.t000" lemma="inženjer" pos="NOUN">inženjeri</instance>
         <wf lemma="i" pos="X">i</wf>
         <wf lemma="tehničari" pos="X">tehničari</wf>
         <wf lemma="današnjice" pos="X">današnjice</wf>
         <wf lemma="zapravo" pos="X">zapravo</wf>
         <wf lemma="znanstvenici" pos="X">znanstvenici</wf>
         <wf lemma="budućnosti" pos="X">budućnosti</wf>
         <wf lemma="." pos="X">.</wf>
      </sentence>
      <sentence id="d000.s3591" source="wordnet-croatian">
         <wf lemma="Žene" pos="X">Žene</wf>
         <wf lemma="danas" pos="X">danas</wf>
         <wf lemma="ne" pos="X">ne</wf>
         <instance id="d000.s3591.t000" lemma="udovoljavati" pos="VERB">udovoljavaju</instance>
         <wf lemma="muževima" pos="X">muževima</wf>
         <wf lemma="kao" pos="X">kao</wf>
         <wf lemma="prije" pos="X">prije</wf>
         <wf lemma="." pos="X">.</wf>
      </sentence>
      <sentence id="d000.s3592" source="wordnet-croatian">
         <wf lemma="Njegove" pos="X">Njegove</wf>
         <wf lemma="su" pos="X">su</wf>
         <wf lemma="kritike" pos="X">kritike</wf>
         <wf lemma="bile" pos="X">bile</wf>
         <instance id="d000.s3592.t000" lemma="blag" pos="ADJ">blage</instance>
         <wf lemma="." pos="X">.</wf>
      </sentence>
      <sentence id="d000.s3593" source="wordnet-croatian">
         <wf lemma="Skakačica" pos="X">Skakačica</wf>
         <wf lemma="u" pos="X">u</wf>
         <wf lemma="vis" pos="X">vis</wf>
         <wf lemma="ima" pos="X">ima</wf>
         <wf lemma="po" pos="X">po</wf>
         <wf lemma="pet" pos="X">pet</wf>
         <wf lemma="sati" pos="X">sati</wf>
         <instance id="d000.s3593.t000" lemma="trening" pos="NOUN">treninga</instance>
         <wf lemma="dnevno" pos="X">dnevno</wf>
         <wf lemma="." pos="X">.</wf>
      </sentence>
      <sentence id="d000.s3594" source="wordnet-croatian">
         <wf lemma="Došlo" pos="X">Došlo</wf>
         <wf lemma="je" pos="X">je</wf>
         <wf lemma="do" pos="X">do</wf>
         <instance id="d000.s3594.t000" lemma="raskol" pos="NOUN">raskola</instance>
         <wf lemma="unutar" pos="X">unutar</wf>
         <wf lemma="najveće" pos="X">najveće</wf>
         <wf lemma="hrvatske" pos="X">hrvatske</wf>
         <wf lemma="stranke" pos="X">stranke</wf>
         <wf lemma="." pos="X">.</wf>
      </sentence>
      <sentence id="d000.s3595" source="wordnet-croatian">
         <wf lemma="Daj" pos="X">Daj</wf>
         <wf lemma="mi" pos="X">mi</wf>
         <instance id="d000.s3595.t000" lemma="para" pos="NOUN">pare</instance>
         <wf lemma="ili" pos="X">ili</wf>
         <wf lemma="ću" pos="X">ću</wf>
         <wf lemma="te" pos="X">te</wf>
         <wf lemma="prebiti" pos="X">prebiti</wf>
         <wf lemma="!" pos="X">!</wf>
      </sentence>
      <sentence id="d000.s3596" source="wordnet-croatian">
         <wf lemma="Igra" pos="X">Igra</wf>
         <wf lemma="sa" pos="X">sa</wf>
         <wf lemma="sinom" pos="X">sinom</wf>
         <wf lemma="u" pos="X">u</wf>
         <wf lemma="trenutku" pos="X">trenutku</wf>
         <wf lemma="bi" pos="X">bi</wf>
         <wf lemma="izbrisala" pos="X">izbrisala</wf>
         <wf lemma="svu" pos="X">svu</wf>
         <instance id="d000.s3596.t000" lemma="tuga" pos="NOUN">tugu</instance>
         <wf lemma="s" pos="X">s</wf>
         <wf lemma="njegova" pos="X">njegova</wf>
         <wf lemma="lica" pos="X">lica</wf>
         <wf lemma="." pos="X">.</wf>
      </sentence>
      <sentence id="d000.s3597" source="wordnet-croatian">
         <wf lemma="Mirko" pos="X">Mirko</wf>
         <wf lemma="živi" pos="X">živi</wf>
         <wf lemma="u" pos="X">u</wf>
         <instance id="d000.s3597.t000" lemma="velik" pos="ADJ">velikom</instance>
         <wf lemma="gradu" pos="X">gradu</wf>
         <wf lemma="." pos="X">.</wf>
      </sentence>
      <sentence id="d000.s3598" source="wordnet-croatian">
         <wf lemma="Danas" pos="X">Danas</wf>
         <wf lemma="je" pos="X">je</wf>
         <wf lemma="u" pos="X">u</wf>
         <wf lemma="lovu" pos="X">lovu</wf>
         <wf lemma="isprobao" pos="X">isprobao</wf>
         <wf lemma="novu" pos="X">novu</wf>
         <instance id="d000.s3598.t000" lemma="sačmarica" pos="NOUN">sačmaricu</instance>
         <wf lemma="." pos="X">.</wf>
      </sentence>
      <sentence id="d000.s3599" source="wordnet-croatian">
         <wf lemma="Uvijek" pos="X">Uvijek</wf>
         <instance id="d000.s3599.t000" lemma="tražiti" pos="VERB">traži</instance>
         <wf lemma="nove" pos="X">nove</wf>
         <wf lemma="prijatelje" pos="X">prijatelje</wf>
         <wf lemma="i" pos="X">i</wf>
         <wf lemma="pustolovine" pos="X">pustolovine</wf>
         <wf lemma="." pos="X">.</wf>
      </sentence>
      <sentence id="d000.s3600" source="wordnet-croatian">
         <instance id="d000.s3600.t000" lemma="pokret" pos="NOUN">Pokret</instance>
         <wf lemma="za" pos="X">za</wf>
         <wf lemma="zaštitu" pos="X">zaštitu</wf>
         <wf lemma="okoliša" pos="X">okoliša</wf>
         <wf lemma="dobiva" pos="X">dobiva</wf>
         <wf lemma="sve" pos="X">sve</wf>
         <wf lemma="veću" pos="X">veću</wf>
         <wf lemma="potporu" pos="X">potporu</wf>
         <wf lemma="industrijskih" pos="X">industrijskih</wf>
         <wf lemma="zemalja" pos="X">zemalja</wf>
         <wf lemma="." pos="X">.</wf>
      </sentence>
      <sentence id="d000.s3601" source="wordnet-croatian">
         <wf lemma="Ovakva" pos="X">Ovakva</wf>
         <wf lemma="se" pos="X">se</wf>
         <instance id="d000.s3601.t000" lemma="epizoda" pos="NOUN">epizoda</instance>
         <wf lemma="kao" pos="X">kao</wf>
         <wf lemma="ovaj" pos="X">ovaj</wf>
         <wf lemma="incident" pos="X">incident</wf>
         <wf lemma="na" pos="X">na</wf>
         <wf lemma="poslu" pos="X">poslu</wf>
         <wf lemma="danas" pos="X">danas</wf>
         <wf lemma="ne" pos="X">ne</wf>
         <wf lemma="smije" pos="X">smije</wf>
         <wf lemma="ponoviti" pos="X">ponoviti</wf>
         <wf lemma="." pos="X">.</wf>
      </sentence>
      <sentence id="d000.s3602" source="wordnet-croatian">
         <wf lemma="Kod" pos="X">Kod</wf>
         <wf lemma="sebe" pos="X">sebe</wf>
         <wf lemma="uvijek" pos="X">uvijek</wf>
         <instance id="d000.s3602.t000" lemma="držati" pos="VERB">drži</instance>
         <wf lemma="dosta" pos="X">dosta</wf>
         <wf lemma="novaca" pos="X">novaca</wf>
         <wf lemma="." pos="X">.</wf>
      </sentence>
      <sentence id="d000.s3603" source="wordnet-croatian">
         <wf lemma="Pridržao" pos="X">Pridržao</wf>
         <wf lemma="joj" pos="X">joj</wf>
         <wf lemma="je" pos="X">je</wf>
         <instance id="d000.s3603.t000" lemma="kaput" pos="NOUN">kaput</instance>
         <wf lemma="kao" pos="X">kao</wf>
         <wf lemma="pravi" pos="X">pravi</wf>
         <wf lemma="kavalir" pos="X">kavalir</wf>
         <wf lemma="." pos="X">.</wf>
      </sentence>
      <sentence id="d000.s3604" source="wordnet-croatian">
         <wf lemma="Mnogi" pos="X">Mnogi</wf>
         <wf lemma="su" pos="X">su</wf>
         <wf lemma="ljudi" pos="X">ljudi</wf>
         <wf lemma="očarani" pos="X">očarani</wf>
         <wf lemma="njezinom" pos="X">njezinom</wf>
         <instance id="d000.s3604.t000" lemma="elegantnost" pos="NOUN">elegantnošću</instance>
         <wf lemma="i" pos="X">i</wf>
         <wf lemma="ljepotom" pos="X">ljepotom</wf>
         <wf lemma="." pos="X">.</wf>
      </sentence>
      <sentence id="d000.s3605" source="wordnet-croatian">
         <wf lemma="Uvijek" pos="X">Uvijek</wf>
         <wf lemma="se" pos="X">se</wf>
         <wf lemma="lako" pos="X">lako</wf>
         <wf lemma="okomiti" pos="X">okomiti</wf>
         <wf lemma="na" pos="X">na</wf>
         <instance id="d000.s3605.t000" lemma="nemoćan" pos="ADJ">nemoćne</instance>
         <wf lemma="." pos="X">.</wf>
      </sentence>
      <sentence id="d000.s3606" source="wordnet-croatian">
         <wf lemma="Radi" pos="X">Radi</wf>
         <wf lemma="se" pos="X">se</wf>
         <wf lemma="o" pos="X">o</wf>
         <instance id="d000.s3606.t000" lemma="nekomercijalan" pos="ADJ">nekomercijalnom</instance>
         <wf lemma="proizvodu" pos="X">proizvodu</wf>
         <wf lemma="." pos="X">.</wf>
      </sentence>
      <sentence id="d000.s3607" source="wordnet-croatian">
         <instance id="d000.s3607.t000" lemma="adolescencija" pos="NOUN">Adolescencija</instance>
         <wf lemma="je" pos="X">je</wf>
         <wf lemma="vrlo" pos="X">vrlo</wf>
         <wf lemma="osjetljivo" pos="X">osjetljivo</wf>
         <wf lemma="razdoblje" pos="X">razdoblje</wf>
         <wf lemma="." pos="X">.</wf>
      </sentence>
      <sentence id="d000.s3608" source="wordnet-croatian">
         <wf lemma="Brzina" pos="X">Brzina</wf>
         <wf lemma="je" pos="X">je</wf>
         <wf lemma="važno" pos="X">važno</wf>
         <instance id="d000.s3608.t000" lemma="svojstvo" pos="NOUN">svojstvo</instance>
         <wf lemma="nogometa" pos="X">nogometa</wf>
         <wf lemma="." pos="X">.</wf>
      </sentence>
      <sentence id="d000.s3609" source="wordnet-croatian">
         <wf lemma="Vjerujem" pos="X">Vjerujem</wf>
         <wf lemma="u" pos="X">u</wf>
         <wf lemma="postojanje" pos="X">postojanje</wf>
         <wf lemma="više" pos="X">više</wf>
         <instance id="d000.s3609.t000" lemma="sila" pos="NOUN">sile</instance>
         <wf lemma="." pos="X">.</wf>
      </sentence>
      <sentence id="d000.s3610" source="wordnet-croatian">
         <instance id="d000.s3610.t000" lemma="stabilnost" pos="NOUN">Stabilnost</instance>
         <wf lemma="njihove" pos="X">njihove</wf>
         <wf lemma="veze" pos="X">veze</wf>
         <wf lemma="nisu" pos="X">nisu</wf>
         <wf lemma="mogli" pos="X">mogli</wf>
         <wf lemma="narušiti" pos="X">narušiti</wf>
         <wf lemma="zlobni" pos="X">zlobni</wf>
         <wf lemma="tračevi" pos="X">tračevi</wf>
         <wf lemma="." pos="X">.</wf>
      </sentence>
      <sentence id="d000.s3611" source="wordnet-croatian">
         <wf lemma="Student" pos="X">Student</wf>
         <wf lemma="je" pos="X">je</wf>
         <wf lemma="zatražio" pos="X">zatražio</wf>
         <instance id="d000.s3611.t000" lemma="produljenje" pos="NOUN">produljenje</instance>
         <wf lemma="roka" pos="X">roka</wf>
         <wf lemma="za" pos="X">za</wf>
         <wf lemma="predaju" pos="X">predaju</wf>
         <wf lemma="seminara" pos="X">seminara</wf>
         <wf lemma="." pos="X">.</wf>
      </sentence>
      <sentence id="d000.s3612" source="wordnet-croatian">
         <wf lemma="Na" pos="X">Na</wf>
         <wf lemma="kat" pos="X">kat</wf>
         <wf lemma="se" pos="X">se</wf>
         <wf lemma="penjalo" pos="X">penjalo</wf>
         <wf lemma="spiralnim" pos="X">spiralnim</wf>
         <instance id="d000.s3612.t000" lemma="stubište" pos="NOUN">stubištem</instance>
         <wf lemma="od" pos="X">od</wf>
         <wf lemma="hrastova" pos="X">hrastova</wf>
         <wf lemma="drva" pos="X">drva</wf>
         <wf lemma="." pos="X">.</wf>
      </sentence>
      <sentence id="d000.s3613" source="wordnet-croatian">
         <wf lemma="Matematičari" pos="X">Matematičari</wf>
         <wf lemma="često" pos="X">često</wf>
         <instance id="d000.s3613.t000" lemma="vizualizirati" pos="VERB">vizualiziraju</instance>
         <wf lemma="geometrijeske" pos="X">geometrijeske</wf>
         <wf lemma="odnose" pos="X">odnose</wf>
         <wf lemma="." pos="X">.</wf>
      </sentence>
      <sentence id="d000.s3614" source="wordnet-croatian">
         <wf lemma="Iznijela" pos="X">Iznijela</wf>
         <wf lemma="je" pos="X">je</wf>
         <wf lemma="svu" pos="X">svu</wf>
         <instance id="d000.s3614.t000" lemma="krevetnina" pos="NOUN">krevetninu</instance>
         <wf lemma="van" pos="X">van</wf>
         <wf lemma="i" pos="X">i</wf>
         <wf lemma="dobro" pos="X">dobro</wf>
         <wf lemma="je" pos="X">je</wf>
         <wf lemma="protresla" pos="X">protresla</wf>
         <wf lemma="." pos="X">.</wf>
      </sentence>
      <sentence id="d000.s3615" source="wordnet-croatian">
         <wf lemma="Trbušni" pos="X">Trbušni</wf>
         <wf lemma="ples" pos="X">ples</wf>
         <wf lemma="u" pos="X">u</wf>
         <wf lemma="velikoj" pos="X">velikoj</wf>
         <wf lemma="je" pos="X">je</wf>
         <instance id="d000.s3615.t000" lemma="moda" pos="NOUN">modi</instance>
         <wf lemma="među" pos="X">među</wf>
         <wf lemma="ovdašnjim" pos="X">ovdašnjim</wf>
         <wf lemma="ženama" pos="X">ženama</wf>
         <wf lemma="." pos="X">.</wf>
      </sentence>
      <sentence id="d000.s3616" source="wordnet-croatian">
         <wf lemma="Imamo" pos="X">Imamo</wf>
         <instance id="d000.s3616.t000" lemma="dozvola" pos="NOUN">dozvolu</instance>
         <wf lemma="za" pos="X">za</wf>
         <wf lemma="gradnju" pos="X">gradnju</wf>
         <wf lemma="kuće" pos="X">kuće</wf>
         <wf lemma="na" pos="X">na</wf>
         <wf lemma="jezeru" pos="X">jezeru</wf>
         <wf lemma="." pos="X">.</wf>
      </sentence>
      <sentence id="d000.s3617" source="wordnet-croatian">
         <instance id="d000.s3617.t000" lemma="detektor" pos="NOUN">Detektori</instance>
         <wf lemma="pokreta" pos="X">pokreta</wf>
         <wf lemma="važan" pos="X">važan</wf>
         <wf lemma="su" pos="X">su</wf>
         <wf lemma="dio" pos="X">dio</wf>
         <wf lemma="alarmnih" pos="X">alarmnih</wf>
         <wf lemma="sustava" pos="X">sustava</wf>
         <wf lemma="." pos="X">.</wf>
      </sentence>
      <sentence id="d000.s3618" source="wordnet-croatian">
         <wf lemma="Policija" pos="X">Policija</wf>
         <wf lemma="je" pos="X">je</wf>
         <wf lemma="na" pos="X">na</wf>
         <wf lemma="pločniku" pos="X">pločniku</wf>
         <wf lemma="kredom" pos="X">kredom</wf>
         <instance id="d000.s3618.t000" lemma="iscrtati" pos="VERB">iscrtala</instance>
         <wf lemma="obrise" pos="X">obrise</wf>
         <wf lemma="žrtve" pos="X">žrtve</wf>
         <wf lemma="." pos="X">.</wf>
      </sentence>
      <sentence id="d000.s3619" source="wordnet-croatian">
         <wf lemma="Žene" pos="X">Žene</wf>
         <wf lemma="vole" pos="X">vole</wf>
         <instance id="d000.s3619.t000" lemma="čavrljati" pos="VERB">čavrljati</instance>
         <wf lemma="preko" pos="X">preko</wf>
         <wf lemma="telefona" pos="X">telefona</wf>
         <wf lemma="." pos="X">.</wf>
      </sentence>
      <sentence id="d000.s3620" source="wordnet-croatian">
         <wf lemma="Najbolje" pos="X">Najbolje</wf>
         <wf lemma="šale" pos="X">šale</wf>
         <wf lemma="se" pos="X">se</wf>
         <wf lemma="ne" pos="X">ne</wf>
         <instance id="d000.s3620.t000" lemma="trošiti" pos="VERB">troše</instance>
         <wf lemma="na" pos="X">na</wf>
         <wf lemma="nezahvalnu" pos="X">nezahvalnu</wf>
         <wf lemma="publiku" pos="X">publiku</wf>
         <wf lemma="." pos="X">.</wf>
      </sentence>
      <sentence id="d000.s3621" source="wordnet-croatian">
         <wf lemma="Djevojka" pos="X">Djevojka</wf>
         <wf lemma="s" pos="X">s</wf>
         <instance id="d000.s3621.t000" lemma="harfa" pos="NOUN">harfom</instance>
         <wf lemma="čest" pos="X">čest</wf>
         <wf lemma="je" pos="X">je</wf>
         <wf lemma="slikarski" pos="X">slikarski</wf>
         <wf lemma="motiv" pos="X">motiv</wf>
         <wf lemma="." pos="X">.</wf>
      </sentence>
      <sentence id="d000.s3622" source="wordnet-croatian">
         <wf lemma="Nije" pos="X">Nije</wf>
         <instance id="d000.s3622.t000" lemma="problem" pos="NOUN">problem</instance>
         <wf lemma="samo" pos="X">samo</wf>
         <wf lemma="u" pos="X">u</wf>
         <wf lemma="pojedincu" pos="X">pojedincu</wf>
         <wf lemma="," pos="X">,</wf>
         <wf lemma="već" pos="X">već</wf>
         <wf lemma="i" pos="X">i</wf>
         <wf lemma="u" pos="X">u</wf>
         <wf lemma="društvu" pos="X">društvu</wf>
         <wf lemma="." pos="X">.</wf>
      </sentence>
      <sentence id="d000.s3623" source="wordnet-croatian">
         <wf lemma="U" pos="X">U</wf>
         <wf lemma="hrvatskome" pos="X">hrvatskome</wf>
         <wf lemma="jeziku" pos="X">jeziku</wf>
         <wf lemma="ima" pos="X">ima</wf>
         <wf lemma="dosta" pos="X">dosta</wf>
         <instance id="d000.s3623.t000" lemma="galicizam" pos="NOUN">galicizama</instance>
         <wf lemma="." pos="X">.</wf>
      </sentence>
      <sentence id="d000.s3624" source="wordnet-croatian">
         <wf lemma="Svaki" pos="X">Svaki</wf>
         <wf lemma="stan" pos="X">stan</wf>
         <wf lemma="u" pos="X">u</wf>
         <wf lemma="zgradi" pos="X">zgradi</wf>
         <wf lemma="imao" pos="X">imao</wf>
         <wf lemma="je" pos="X">je</wf>
         <wf lemma="svoj" pos="X">svoj</wf>
         <instance id="d000.s3624.t000" lemma="kalorimetar" pos="NOUN">kalorimetar</instance>
         <wf lemma="." pos="X">.</wf>
      </sentence>
      <sentence id="d000.s3625" source="wordnet-croatian">
         <wf lemma="Poznati" pos="X">Poznati</wf>
         <instance id="d000.s3625.t000" lemma="producent" pos="NOUN">producent</instance>
         <wf lemma="koji" pos="X">koji</wf>
         <wf lemma="je" pos="X">je</wf>
         <wf lemma="surađivao" pos="X">surađivao</wf>
         <wf lemma="s" pos="X">s</wf>
         <wf lemma="Beatlesima" pos="X">Beatlesima</wf>
         <wf lemma="započeo" pos="X">započeo</wf>
         <wf lemma="je" pos="X">je</wf>
         <wf lemma="novi" pos="X">novi</wf>
         <wf lemma="projekt" pos="X">projekt</wf>
         <wf lemma="." pos="X">.</wf>
      </sentence>
      <sentence id="d000.s3626" source="wordnet-croatian">
         <wf lemma="Svaki" pos="X">Svaki</wf>
         <wf lemma="petak" pos="X">petak</wf>
         <wf lemma="Ana" pos="X">Ana</wf>
         <wf lemma="ide" pos="X">ide</wf>
         <wf lemma="van" pos="X">van</wf>
         <wf lemma="sa" pos="X">sa</wf>
         <wf lemma="svojom" pos="X">svojom</wf>
         <instance id="d000.s3626.t000" lemma="ekipa" pos="NOUN">ekipom</instance>
         <wf lemma="." pos="X">.</wf>
      </sentence>
      <sentence id="d000.s3627" source="wordnet-croatian">
         <wf lemma="Ljudsko" pos="X">Ljudsko</wf>
         <wf lemma="je" pos="X">je</wf>
         <wf lemma="tijelo" pos="X">tijelo</wf>
         <wf lemma="uistinu" pos="X">uistinu</wf>
         <wf lemma="složen" pos="X">složen</wf>
         <instance id="d000.s3627.t000" lemma="mehanizam" pos="NOUN">mehanizam</instance>
         <wf lemma="." pos="X">.</wf>
      </sentence>
      <sentence id="d000.s3628" source="wordnet-croatian">
         <instance id="d000.s3628.t000" lemma="izvući" pos="VERB">Izvukla</instance>
         <wf lemma="je" pos="X">je</wf>
         <wf lemma="maksimalnu" pos="X">maksimalnu</wf>
         <wf lemma="korist" pos="X">korist</wf>
         <wf lemma="iz" pos="X">iz</wf>
         <wf lemma="pozicije" pos="X">pozicije</wf>
         <wf lemma="u" pos="X">u</wf>
         <wf lemma="kojoj" pos="X">kojoj</wf>
         <wf lemma="se" pos="X">se</wf>
         <wf lemma="našla" pos="X">našla</wf>
         <wf lemma="." pos="X">.</wf>
      </sentence>
      <sentence id="d000.s3629" source="wordnet-croatian">
         <wf lemma="Političari" pos="X">Političari</wf>
         <wf lemma="vrlo" pos="X">vrlo</wf>
         <wf lemma="vješto" pos="X">vješto</wf>
         <wf lemma="prikrivaju" pos="X">prikrivaju</wf>
         <wf lemma="svoju" pos="X">svoju</wf>
         <instance id="d000.s3629.t000" lemma="nesposobnost" pos="NOUN">nesposobnost</instance>
         <wf lemma="lukavim" pos="X">lukavim</wf>
         <wf lemma="govorima" pos="X">govorima</wf>
         <wf lemma="." pos="X">.</wf>
      </sentence>
      <sentence id="d000.s3630" source="wordnet-croatian">
         <wf lemma="Moraš" pos="X">Moraš</wf>
         <instance id="d000.s3630.t000" lemma="ustrajati" pos="VERB">ustrajati</instance>
         <wf lemma="i" pos="X">i</wf>
         <wf lemma="izdržati" pos="X">izdržati</wf>
         <wf lemma="sve" pos="X">sve</wf>
         <wf lemma="nedaće" pos="X">nedaće</wf>
         <wf lemma="." pos="X">.</wf>
      </sentence>
      <sentence id="d000.s3631" source="wordnet-croatian">
         <instance id="d000.s3631.t000" lemma="pozajmiti" pos="VERB">Pozajmila</instance>
         <wf lemma="sam" pos="X">sam</wf>
         <wf lemma="1000" pos="X">1000</wf>
         <wf lemma="kuna" pos="X">kuna</wf>
         <wf lemma="." pos="X">.</wf>
      </sentence>
      <sentence id="d000.s3632" source="wordnet-croatian">
         <instance id="d000.s3632.t000" lemma="skidati" pos="VERB">Skidala</instance>
         <wf lemma="sam" pos="X">sam</wf>
         <wf lemma="tapete" pos="X">tapete</wf>
         <wf lemma="s" pos="X">s</wf>
         <wf lemma="zida" pos="X">zida</wf>
         <wf lemma="puna" pos="X">puna</wf>
         <wf lemma="dva" pos="X">dva</wf>
         <wf lemma="dana" pos="X">dana</wf>
         <wf lemma="." pos="X">.</wf>
      </sentence>
      <sentence id="d000.s3633" source="wordnet-croatian">
         <wf lemma="Htio" pos="X">Htio</wf>
         <wf lemma="bih" pos="X">bih</wf>
         <wf lemma="s" pos="X">s</wf>
         <wf lemma="tobom" pos="X">tobom</wf>
         <instance id="d000.s3633.t000" lemma="podijeliti" pos="VERB">podijeliti</instance>
         <wf lemma="tajnu" pos="X">tajnu</wf>
         <wf lemma="recepta" pos="X">recepta</wf>
         <wf lemma="za" pos="X">za</wf>
         <wf lemma="čokoladnu" pos="X">čokoladnu</wf>
         <wf lemma="tortu" pos="X">tortu</wf>
         <wf lemma="." pos="X">.</wf>
      </sentence>
      <sentence id="d000.s3634" source="wordnet-croatian">
         <wf lemma="Oduvijek" pos="X">Oduvijek</wf>
         <wf lemma="je" pos="X">je</wf>
         <wf lemma="mrzio" pos="X">mrzio</wf>
         <instance id="d000.s3634.t000" lemma="bolnica" pos="NOUN">bolnice</instance>
         <wf lemma="." pos="X">.</wf>
      </sentence>
      <sentence id="d000.s3635" source="wordnet-croatian">
         <wf lemma="Primorske" pos="X">Primorske</wf>
         <instance id="d000.s3635.t000" lemma="fešta" pos="NOUN">fešte</instance>
         <wf lemma="su" pos="X">su</wf>
         <wf lemma="najbolje" pos="X">najbolje</wf>
         <wf lemma="!" pos="X">!</wf>
      </sentence>
      <sentence id="d000.s3636" source="wordnet-croatian">
         <wf lemma="Na" pos="X">Na</wf>
         <instance id="d000.s3636.t000" lemma="kraj" pos="NOUN">kraju</instance>
         <wf lemma="filma" pos="X">filma</wf>
         <wf lemma="pokazalo" pos="X">pokazalo</wf>
         <wf lemma="se" pos="X">se</wf>
         <wf lemma="kako" pos="X">kako</wf>
         <wf lemma="ljubav" pos="X">ljubav</wf>
         <wf lemma="uvijek" pos="X">uvijek</wf>
         <wf lemma="pobjeđuje" pos="X">pobjeđuje</wf>
         <wf lemma="." pos="X">.</wf>
      </sentence>
      <sentence id="d000.s3637" source="wordnet-croatian">
         <instance id="d000.s3637.t000" lemma="izmjena" pos="NOUN">Izmjena</instance>
         <wf lemma="vodstva" pos="X">vodstva</wf>
         <wf lemma="desila" pos="X">desila</wf>
         <wf lemma="se" pos="X">se</wf>
         <wf lemma="u" pos="X">u</wf>
         <wf lemma="zadnjem" pos="X">zadnjem</wf>
         <wf lemma="krugu" pos="X">krugu</wf>
         <wf lemma="." pos="X">.</wf>
      </sentence>
      <sentence id="d000.s3638" source="wordnet-croatian">
         <wf lemma="Zbog" pos="X">Zbog</wf>
         <wf lemma="njezina" pos="X">njezina</wf>
         <wf lemma="smo" pos="X">smo</wf>
         <wf lemma="je" pos="X">je</wf>
         <wf lemma="ponašanja" pos="X">ponašanja</wf>
         <instance id="d000.s3638.t000" lemma="isključiti" pos="VERB">isključili</instance>
         <wf lemma="iz" pos="X">iz</wf>
         <wf lemma="društva" pos="X">društva</wf>
         <wf lemma="." pos="X">.</wf>
      </sentence>
      <sentence id="d000.s3639" source="wordnet-croatian">
         <instance id="d000.s3639.t000" lemma="poredati" pos="VERB">Poredaj</instance>
         <wf lemma="knjige" pos="X">knjige</wf>
         <wf lemma="po" pos="X">po</wf>
         <wf lemma="abecedi" pos="X">abecedi</wf>
         <wf lemma="," pos="X">,</wf>
         <wf lemma="ako" pos="X">ako</wf>
         <wf lemma="si" pos="X">si</wf>
         <wf lemma="je" pos="X">je</wf>
         <wf lemma="do" pos="X">do</wf>
         <wf lemma="sada" pos="X">sada</wf>
         <wf lemma="naučio" pos="X">naučio</wf>
         <wf lemma="." pos="X">.</wf>
      </sentence>
      <sentence id="d000.s3640" source="wordnet-croatian">
         <wf lemma="Ispričao" pos="X">Ispričao</wf>
         <wf lemma="nam" pos="X">nam</wf>
         <wf lemma="je" pos="X">je</wf>
         <instance id="d000.s3640.t000" lemma="dobar" pos="ADJ">dobru</instance>
         <wf lemma="šalu" pos="X">šalu</wf>
         <wf lemma="." pos="X">.</wf>
      </sentence>
      <sentence id="d000.s3641" source="wordnet-croatian">
         <wf lemma="Nakon" pos="X">Nakon</wf>
         <wf lemma="višesatnoga" pos="X">višesatnoga</wf>
         <wf lemma="hodanja" pos="X">hodanja</wf>
         <wf lemma="našli" pos="X">našli</wf>
         <wf lemma="su" pos="X">su</wf>
         <wf lemma="prikladno" pos="X">prikladno</wf>
         <wf lemma="mjesto" pos="X">mjesto</wf>
         <wf lemma="i" pos="X">i</wf>
         <wf lemma="postavili" pos="X">postavili</wf>
         <instance id="d000.s3641.t000" lemma="šator" pos="NOUN">šator</instance>
         <wf lemma="." pos="X">.</wf>
      </sentence>
      <sentence id="d000.s3642" source="wordnet-croatian">
         <wf lemma="Sljedbenici" pos="X">Sljedbenici</wf>
         <wf lemma="su" pos="X">su</wf>
         <wf lemma="bili" pos="X">bili</wf>
         <wf lemma="pod" pos="X">pod</wf>
         <wf lemma="snažnim" pos="X">snažnim</wf>
         <instance id="d000.s3642.t000" lemma="utjecaj" pos="NOUN">utjecajem</instance>
         <wf lemma="lažnoga" pos="X">lažnoga</wf>
         <wf lemma="proroka" pos="X">proroka</wf>
         <wf lemma="." pos="X">.</wf>
      </sentence>
      <sentence id="d000.s3643" source="wordnet-croatian">
         <instance id="d000.s3643.t000" lemma="proklamacija" pos="NOUN">Proklamacijom</instance>
         <wf lemma="o" pos="X">o</wf>
         <wf lemma="emancipaciji" pos="X">emancipaciji</wf>
         <wf lemma="oslobođeni" pos="X">oslobođeni</wf>
         <wf lemma="su" pos="X">su</wf>
         <wf lemma="robovi" pos="X">robovi</wf>
         <wf lemma="u" pos="X">u</wf>
         <wf lemma="pobunjenim" pos="X">pobunjenim</wf>
         <wf lemma="južnjačkim" pos="X">južnjačkim</wf>
         <wf lemma="državama" pos="X">državama</wf>
         <wf lemma="." pos="X">.</wf>
      </sentence>
      <sentence id="d000.s3644" source="wordnet-croatian">
         <instance id="d000.s3644.t000" lemma="uzeti" pos="VERB">Uzela</instance>
         <wf lemma="sam" pos="X">sam</wf>
         <wf lemma="bijelu" pos="X">bijelu</wf>
         <wf lemma="suknju" pos="X">suknju</wf>
         <wf lemma="u" pos="X">u</wf>
         <wf lemma="trgovini" pos="X">trgovini</wf>
         <wf lemma="iako" pos="X">iako</wf>
         <wf lemma="mi" pos="X">mi</wf>
         <wf lemma="se" pos="X">se</wf>
         <wf lemma="više" pos="X">više</wf>
         <wf lemma="sviđala" pos="X">sviđala</wf>
         <wf lemma="crna" pos="X">crna</wf>
         <wf lemma="." pos="X">.</wf>
      </sentence>
      <sentence id="d000.s3645" source="wordnet-croatian">
         <wf lemma="U" pos="X">U</wf>
         <wf lemma="hladnim" pos="X">hladnim</wf>
         <wf lemma="zimskim" pos="X">zimskim</wf>
         <wf lemma="danima" pos="X">danima</wf>
         <instance id="d000.s3645.t000" lemma="liječnik" pos="NOUN">liječnici</instance>
         <wf lemma="savjetuju" pos="X">savjetuju</wf>
         <wf lemma="konzumiranje" pos="X">konzumiranje</wf>
         <wf lemma="toplih" pos="X">toplih</wf>
         <wf lemma="napitaka" pos="X">napitaka</wf>
         <wf lemma="." pos="X">.</wf>
      </sentence>
      <sentence id="d000.s3646" source="wordnet-croatian">
         <instance id="d000.s3646.t000" lemma="dovesti" pos="VERB">Dovela</instance>
         <wf lemma="je" pos="X">je</wf>
         <wf lemma="svoju" pos="X">svoju</wf>
         <wf lemma="ideju" pos="X">ideju</wf>
         <wf lemma="do" pos="X">do</wf>
         <wf lemma="ekstrema" pos="X">ekstrema</wf>
         <wf lemma="." pos="X">.</wf>
      </sentence>
      <sentence id="d000.s3647" source="wordnet-croatian">
         <wf lemma="Njegovi" pos="X">Njegovi</wf>
         <wf lemma="romani" pos="X">romani</wf>
         <wf lemma="predstavljaju" pos="X">predstavljaju</wf>
         <wf lemma="sraz" pos="X">sraz</wf>
         <instance id="d000.s3647.t000" lemma="pakost" pos="NOUN">pakosti</instance>
         <wf lemma="i" pos="X">i</wf>
         <wf lemma="dobrote" pos="X">dobrote</wf>
         <wf lemma="ondašnjeg" pos="X">ondašnjeg</wf>
         <wf lemma="društva" pos="X">društva</wf>
         <wf lemma="." pos="X">.</wf>
      </sentence>
      <sentence id="d000.s3648" source="wordnet-croatian">
         <wf lemma="Na" pos="X">Na</wf>
         <instance id="d000.s3648.t000" lemma="kraj" pos="NOUN">kraju</instance>
         <wf lemma="šume" pos="X">šume</wf>
         <wf lemma="nalazila" pos="X">nalazila</wf>
         <wf lemma="se" pos="X">se</wf>
         <wf lemma="mala" pos="X">mala</wf>
         <wf lemma="kućica" pos="X">kućica</wf>
         <wf lemma="." pos="X">.</wf>
      </sentence>
      <sentence id="d000.s3649" source="wordnet-croatian">
         <wf lemma="Djeca" pos="X">Djeca</wf>
         <wf lemma="se" pos="X">se</wf>
         <wf lemma="kreću" pos="X">kreću</wf>
         <instance id="d000.s3649.t000" lemma="nesiguran" pos="ADJ">nesigurnim</instance>
         <wf lemma="koracima" pos="X">koracima</wf>
         <wf lemma="." pos="X">.</wf>
      </sentence>
      <sentence id="d000.s3650" source="wordnet-croatian">
         <wf lemma="Nadamo" pos="X">Nadamo</wf>
         <wf lemma="se" pos="X">se</wf>
         <wf lemma="da" pos="X">da</wf>
         <wf lemma="će" pos="X">će</wf>
         <wf lemma="ovom" pos="X">ovom</wf>
         <instance id="d000.s3650.t000" lemma="prigoda" pos="NOUN">prigodom</instance>
         <wf lemma="uspjeti" pos="X">uspjeti</wf>
         <wf lemma="preskočiti" pos="X">preskočiti</wf>
         <wf lemma="jarak" pos="X">jarak</wf>
         <wf lemma="." pos="X">.</wf>
      </sentence>
      <sentence id="d000.s3651" source="wordnet-croatian">
         <wf lemma="U" pos="X">U</wf>
         <wf lemma="industriji" pos="X">industriji</wf>
         <wf lemma="su" pos="X">su</wf>
         <wf lemma="razvijene" pos="X">razvijene</wf>
         <wf lemma="standardne" pos="X">standardne</wf>
         <wf lemma="metode" pos="X">metode</wf>
         <wf lemma="skladištenja" pos="X">skladištenja</wf>
         <instance id="d000.s3651.t000" lemma="krutina" pos="NOUN">krutina</instance>
         <wf lemma="." pos="X">.</wf>
      </sentence>
      <sentence id="d000.s3652" source="wordnet-croatian">
         <wf lemma="Uspio" pos="X">Uspio</wf>
         <wf lemma="je" pos="X">je</wf>
         <instance id="d000.s3652.t000" lemma="uštedjeti" pos="VERB">uštedjeti</instance>
         <wf lemma="dovoljno" pos="X">dovoljno</wf>
         <wf lemma="za" pos="X">za</wf>
         <wf lemma="novi" pos="X">novi</wf>
         <wf lemma="stan" pos="X">stan</wf>
         <wf lemma="." pos="X">.</wf>
      </sentence>
      <sentence id="d000.s3653" source="wordnet-croatian">
         <wf lemma="Na" pos="X">Na</wf>
         <wf lemma="stolu" pos="X">stolu</wf>
         <wf lemma="je" pos="X">je</wf>
         <wf lemma="bio" pos="X">bio</wf>
         <instance id="d000.s3653.t000" lemma="ukusan" pos="ADJ">ukusan</instance>
         <wf lemma="aranžman" pos="X">aranžman</wf>
         <wf lemma="." pos="X">.</wf>
      </sentence>
      <sentence id="d000.s3654" source="wordnet-croatian">
         <wf lemma="Za" pos="X">Za</wf>
         <wf lemma="pripremu" pos="X">pripremu</wf>
         <wf lemma="zdravog" pos="X">zdravog</wf>
         <wf lemma="kakao" pos="X">kakao</wf>
         <wf lemma="napitka" pos="X">napitka</wf>
         <wf lemma="preporuča" pos="X">preporuča</wf>
         <wf lemma="se" pos="X">se</wf>
         <wf lemma="nabaviti" pos="X">nabaviti</wf>
         <wf lemma="organski" pos="X">organski</wf>
         <wf lemma="kakao" pos="X">kakao</wf>
         <instance id="d000.s3654.t000" lemma="prašak" pos="NOUN">prašak</instance>
         <wf lemma="." pos="X">.</wf>
      </sentence>
      <sentence id="d000.s3655" source="wordnet-croatian">
         <wf lemma="Samo" pos="X">Samo</wf>
         <wf lemma="si" pos="X">si</wf>
         <wf lemma="bogataši" pos="X">bogataši</wf>
         <wf lemma="mogu" pos="X">mogu</wf>
         <wf lemma="priuštiti" pos="X">priuštiti</wf>
         <instance id="d000.s3655.t000" lemma="penthaus" pos="NOUN">penthaus</instance>
         <wf lemma="." pos="X">.</wf>
      </sentence>
      <sentence id="d000.s3656" source="wordnet-croatian">
         <wf lemma="Ona" pos="X">Ona</wf>
         <wf lemma="je" pos="X">je</wf>
         <instance id="d000.s3656.t000" lemma="priznati" pos="VERB">priznala</instance>
         <wf lemma="pronevjeru" pos="X">pronevjeru</wf>
         <wf lemma="novaca" pos="X">novaca</wf>
         <wf lemma="." pos="X">.</wf>
      </sentence>
      <sentence id="d000.s3657" source="wordnet-croatian">
         <wf lemma="Njegov" pos="X">Njegov</wf>
         <wf lemma="je" pos="X">je</wf>
         <wf lemma="zadatak" pos="X">zadatak</wf>
         <wf lemma="bio" pos="X">bio</wf>
         <wf lemma="vrlo" pos="X">vrlo</wf>
         <instance id="d000.s3657.t000" lemma="jednostavan" pos="ADJ">jednostavan</instance>
         <wf lemma="i" pos="X">i</wf>
         <wf lemma="brzo" pos="X">brzo</wf>
         <wf lemma="ga" pos="X">ga</wf>
         <wf lemma="je" pos="X">je</wf>
         <wf lemma="riješio" pos="X">riješio</wf>
         <wf lemma="." pos="X">.</wf>
      </sentence>
      <sentence id="d000.s3658" source="wordnet-croatian">
         <wf lemma="Trudio" pos="X">Trudio</wf>
         <wf lemma="se" pos="X">se</wf>
         <wf lemma="uhvatiti" pos="X">uhvatiti</wf>
         <wf lemma="bolji" pos="X">bolji</wf>
         <instance id="d000.s3658.t000" lemma="pogled" pos="NOUN">pogled</instance>
         <wf lemma="na" pos="X">na</wf>
         <wf lemma="pozornicu" pos="X">pozornicu</wf>
         <wf lemma="." pos="X">.</wf>
      </sentence>
      <sentence id="d000.s3659" source="wordnet-croatian">
         <wf lemma="Svaki" pos="X">Svaki</wf>
         <wf lemma="petak" pos="X">petak</wf>
         <wf lemma="se" pos="X">se</wf>
         <wf lemma="nalazim" pos="X">nalazim</wf>
         <wf lemma="s" pos="X">s</wf>
         <instance id="d000.s3659.t000" lemma="frend" pos="NOUN">frendovima</instance>
         <wf lemma="u" pos="X">u</wf>
         <wf lemma="bircu" pos="X">bircu</wf>
         <wf lemma="." pos="X">.</wf>
      </sentence>
      <sentence id="d000.s3660" source="wordnet-croatian">
         <wf lemma="Mnogo" pos="X">Mnogo</wf>
         <wf lemma="je" pos="X">je</wf>
         <instance id="d000.s3660.t000" lemma="dužnosnik" pos="NOUN">dužnosnika</instance>
         <wf lemma="u" pos="X">u</wf>
         <wf lemma="našoj" pos="X">našoj</wf>
         <wf lemma="zemlji" pos="X">zemlji</wf>
         <wf lemma="ostalo" pos="X">ostalo</wf>
         <wf lemma="bez" pos="X">bez</wf>
         <wf lemma="posla" pos="X">posla</wf>
         <wf lemma="." pos="X">.</wf>
      </sentence>
      <sentence id="d000.s3661" source="wordnet-croatian">
         <wf lemma="U" pos="X">U</wf>
         <wf lemma="prodaju" pos="X">prodaju</wf>
         <wf lemma="je" pos="X">je</wf>
         <wf lemma="pušten" pos="X">pušten</wf>
         <instance id="d000.s3661.t000" lemma="nov" pos="ADJ">novi</instance>
         <wf lemma="model" pos="X">model</wf>
         <wf lemma="računala" pos="X">računala</wf>
         <wf lemma="." pos="X">.</wf>
      </sentence>
      <sentence id="d000.s3662" source="wordnet-croatian">
         <wf lemma="Prvi" pos="X">Prvi</wf>
         <wf lemma="su" pos="X">su</wf>
         <wf lemma="turisti" pos="X">turisti</wf>
         <instance id="d000.s3662.t000" lemma="započinjati" pos="VERB">započinjali</instance>
         <wf lemma="dolaziti" pos="X">dolaziti</wf>
         <wf lemma="." pos="X">.</wf>
      </sentence>
      <sentence id="d000.s3663" source="wordnet-croatian">
         <wf lemma="S" pos="X">S</wf>
         <instance id="d000.s3663.t000" lemma="violina" pos="NOUN">violinom</instance>
         <wf lemma="u" pos="X">u</wf>
         <wf lemma="rukama" pos="X">rukama</wf>
         <wf lemma="izgledala" pos="X">izgledala</wf>
         <wf lemma="je" pos="X">je</wf>
         <wf lemma="poput" pos="X">poput</wf>
         <wf lemma="anđela" pos="X">anđela</wf>
         <wf lemma="." pos="X">.</wf>
      </sentence>
      <sentence id="d000.s3664" source="wordnet-croatian">
         <wf lemma="Svu" pos="X">Svu</wf>
         <wf lemma="svoju" pos="X">svoju</wf>
         <wf lemma="energiju" pos="X">energiju</wf>
         <wf lemma="je" pos="X">je</wf>
         <instance id="d000.s3664.t000" lemma="usmjeriti" pos="VERB">usmjerio</instance>
         <wf lemma="u" pos="X">u</wf>
         <wf lemma="pisanje" pos="X">pisanje</wf>
         <wf lemma="doktorata" pos="X">doktorata</wf>
         <wf lemma="." pos="X">.</wf>
      </sentence>
      <sentence id="d000.s3665" source="wordnet-croatian">
         <instance id="d000.s3665.t000" lemma="nesposobnost" pos="NOUN">Nesposobnost</instance>
         <wf lemma="za" pos="X">za</wf>
         <wf lemma="rad" pos="X">rad</wf>
         <wf lemma="psihički" pos="X">psihički</wf>
         <wf lemma="ga" pos="X">ga</wf>
         <wf lemma="je" pos="X">je</wf>
         <wf lemma="slomila" pos="X">slomila</wf>
         <wf lemma="." pos="X">.</wf>
      </sentence>
      <sentence id="d000.s3666" source="wordnet-croatian">
         <instance id="d000.s3666.t000" lemma="cilj" pos="NOUN">Cilj</instance>
         <wf lemma="opravdava" pos="X">opravdava</wf>
         <wf lemma="sredstvo" pos="X">sredstvo</wf>
         <wf lemma="." pos="X">.</wf>
      </sentence>
      <sentence id="d000.s3667" source="wordnet-croatian">
         <wf lemma="Djeca" pos="X">Djeca</wf>
         <wf lemma="rano" pos="X">rano</wf>
         <wf lemma="nauče" pos="X">nauče</wf>
         <instance id="d000.s3667.t000" lemma="kategorizirati" pos="VERB">kategorizirati</instance>
         <wf lemma="pojave" pos="X">pojave</wf>
         <wf lemma="iz" pos="X">iz</wf>
         <wf lemma="svoje" pos="X">svoje</wf>
         <wf lemma="okoline" pos="X">okoline</wf>
         <wf lemma="." pos="X">.</wf>
      </sentence>
      <sentence id="d000.s3668" source="wordnet-croatian">
         <wf lemma="Treba" pos="X">Treba</wf>
         <instance id="d000.s3668.t000" lemma="sabrati" pos="VERB">sabrati</instance>
         <wf lemma="misli" pos="X">misli</wf>
         <wf lemma="prije" pos="X">prije</wf>
         <wf lemma="završnoga" pos="X">završnoga</wf>
         <wf lemma="ispita" pos="X">ispita</wf>
         <wf lemma="." pos="X">.</wf>
      </sentence>
      <sentence id="d000.s3669" source="wordnet-croatian">
         <wf lemma="Voljela" pos="X">Voljela</wf>
         <wf lemma="je" pos="X">je</wf>
         <wf lemma="šetati" pos="X">šetati</wf>
         <instance id="d000.s3669.t000" lemma="aleja" pos="NOUN">alejom</instance>
         <wf lemma="kestenova" pos="X">kestenova</wf>
         <wf lemma="sve" pos="X">sve</wf>
         <wf lemma="do" pos="X">do</wf>
         <wf lemma="napuštenoga" pos="X">napuštenoga</wf>
         <wf lemma="dvorca" pos="X">dvorca</wf>
         <wf lemma="." pos="X">.</wf>
      </sentence>
      <sentence id="d000.s3670" source="wordnet-croatian">
         <instance id="d000.s3670.t000" lemma="pjesnik" pos="NOUN">Pjesnici</instance>
         <wf lemma="slove" pos="X">slove</wf>
         <wf lemma="kao" pos="X">kao</wf>
         <wf lemma="osjećajne" pos="X">osjećajne</wf>
         <wf lemma="duše" pos="X">duše</wf>
         <wf lemma="." pos="X">.</wf>
      </sentence>
      <sentence id="d000.s3671" source="wordnet-croatian">
         <wf lemma="Egzorcisti" pos="X">Egzorcisti</wf>
         <wf lemma="molitvama" pos="X">molitvama</wf>
         <instance id="d000.s3671.t000" lemma="istjerivati" pos="VERB">istjeruju</instance>
         <wf lemma="đavla" pos="X">đavla</wf>
         <wf lemma="." pos="X">.</wf>
      </sentence>
      <sentence id="d000.s3672" source="wordnet-croatian">
         <wf lemma="Zabila" pos="X">Zabila</wf>
         <wf lemma="mu" pos="X">mu</wf>
         <wf lemma="je" pos="X">je</wf>
         <instance id="d000.s3672.t000" lemma="bodež" pos="NOUN">bodež</instance>
         <wf lemma="u" pos="X">u</wf>
         <wf lemma="srce" pos="X">srce</wf>
         <wf lemma="." pos="X">.</wf>
      </sentence>
      <sentence id="d000.s3673" source="wordnet-croatian">
         <instance id="d000.s3673.t000" lemma="razmjer" pos="NOUN">Razmjeri</instance>
         <wf lemma="oštećenja" pos="X">oštećenja</wf>
         <wf lemma="grada" pos="X">grada</wf>
         <wf lemma="nakon" pos="X">nakon</wf>
         <wf lemma="potresa" pos="X">potresa</wf>
         <wf lemma="bili" pos="X">bili</wf>
         <wf lemma="su" pos="X">su</wf>
         <wf lemma="vidljivi" pos="X">vidljivi</wf>
         <wf lemma="tek" pos="X">tek</wf>
         <wf lemma="drugi" pos="X">drugi</wf>
         <wf lemma="dan" pos="X">dan</wf>
         <wf lemma="." pos="X">.</wf>
      </sentence>
      <sentence id="d000.s3674" source="wordnet-croatian">
         <wf lemma="Nije" pos="X">Nije</wf>
         <wf lemma="znao" pos="X">znao</wf>
         <wf lemma="da" pos="X">da</wf>
         <wf lemma="se" pos="X">se</wf>
         <wf lemma="može" pos="X">može</wf>
         <wf lemma="napraviti" pos="X">napraviti</wf>
         <wf lemma="kolač" pos="X">kolač</wf>
         <wf lemma="od" pos="X">od</wf>
         <instance id="d000.s3674.t000" lemma="tikva" pos="NOUN">tikve</instance>
         <wf lemma="." pos="X">.</wf>
      </sentence>
      <sentence id="d000.s3675" source="wordnet-croatian">
         <wf lemma="U" pos="X">U</wf>
         <wf lemma="Zagrebu" pos="X">Zagrebu</wf>
         <wf lemma="se" pos="X">se</wf>
         <instance id="d000.s3675.t000" lemma="snimati" pos="VERB">snima</instance>
         <wf lemma="film" pos="X">film</wf>
         <wf lemma="o" pos="X">o</wf>
         <wf lemma="tri" pos="X">tri</wf>
         <wf lemma="mušketira" pos="X">mušketira</wf>
         <wf lemma="." pos="X">.</wf>
      </sentence>
      <sentence id="d000.s3676" source="wordnet-croatian">
         <instance id="d000.s3676.t000" lemma="nosač" pos="NOUN">Nosači</instance>
         <wf lemma="za" pos="X">za</wf>
         <wf lemma="bicikle" pos="X">bicikle</wf>
         <wf lemma="moraju" pos="X">moraju</wf>
         <wf lemma="se" pos="X">se</wf>
         <wf lemma="pravilno" pos="X">pravilno</wf>
         <wf lemma="i" pos="X">i</wf>
         <wf lemma="čvrsto" pos="X">čvrsto</wf>
         <wf lemma="montirati" pos="X">montirati</wf>
         <wf lemma="na" pos="X">na</wf>
         <wf lemma="automobile" pos="X">automobile</wf>
         <wf lemma="." pos="X">.</wf>
      </sentence>
      <sentence id="d000.s3677" source="wordnet-croatian">
         <instance id="d000.s3677.t000" lemma="snaga" pos="NOUN">Snaga</instance>
         <wf lemma="moje" pos="X">moje</wf>
         <wf lemma="ljubavi" pos="X">ljubavi</wf>
         <wf lemma="srušit" pos="X">srušit</wf>
         <wf lemma="će" pos="X">će</wf>
         <wf lemma="sve" pos="X">sve</wf>
         <wf lemma="prepreke" pos="X">prepreke</wf>
         <wf lemma="." pos="X">.</wf>
      </sentence>
      <sentence id="d000.s3678" source="wordnet-croatian">
         <wf lemma="Nikako" pos="X">Nikako</wf>
         <wf lemma="nije" pos="X">nije</wf>
         <wf lemma="mogla" pos="X">mogla</wf>
         <wf lemma="pronaći" pos="X">pronaći</wf>
         <instance id="d000.s3678.t000" lemma="potvrda" pos="NOUN">potvrdu</instance>
         <wf lemma="o" pos="X">o</wf>
         <wf lemma="plaćenom" pos="X">plaćenom</wf>
         <wf lemma="telefonskom" pos="X">telefonskom</wf>
         <wf lemma="računu" pos="X">računu</wf>
         <wf lemma="." pos="X">.</wf>
      </sentence>
      <sentence id="d000.s3679" source="wordnet-croatian">
         <wf lemma="Možeš" pos="X">Možeš</wf>
         <wf lemma="li" pos="X">li</wf>
         <instance id="d000.s3679.t000" lemma="izraziti" pos="VERB">izraziti</instance>
         <wf lemma="tu" pos="X">tu</wf>
         <wf lemma="udaljenost" pos="X">udaljenost</wf>
         <wf lemma="u" pos="X">u</wf>
         <wf lemma="miljama" pos="X">miljama</wf>
         <wf lemma="?" pos="X">?</wf>
      </sentence>
      <sentence id="d000.s3680" source="wordnet-croatian">
         <instance id="d000.s3680.t000" lemma="smisao" pos="NOUN">Smisao</instance>
         <wf lemma="njegove" pos="X">njegove</wf>
         <wf lemma="izjave" pos="X">izjave</wf>
         <wf lemma="bio" pos="X">bio</wf>
         <wf lemma="je" pos="X">je</wf>
         <wf lemma="nedvosmislen" pos="X">nedvosmislen</wf>
         <wf lemma="." pos="X">.</wf>
      </sentence>
      <sentence id="d000.s3681" source="wordnet-croatian">
         <wf lemma="Nemoguće" pos="X">Nemoguće</wf>
         <wf lemma="je" pos="X">je</wf>
         <wf lemma="predvidjeti" pos="X">predvidjeti</wf>
         <wf lemma="pobjednika" pos="X">pobjednika</wf>
         <wf lemma="u" pos="X">u</wf>
         <wf lemma="ovogodišnjoj" pos="X">ovogodišnjoj</wf>
         <instance id="d000.s3681.t000" lemma="utrka" pos="NOUN">utrci</instance>
         <wf lemma="za" pos="X">za</wf>
         <wf lemma="predsjedničko" pos="X">predsjedničko</wf>
         <wf lemma="mjesto" pos="X">mjesto</wf>
         <wf lemma="." pos="X">.</wf>
      </sentence>
      <sentence id="d000.s3682" source="wordnet-croatian">
         <instance id="d000.s3682.t000" lemma="mlin" pos="NOUN">Mlin</instance>
         <wf lemma="je" pos="X">je</wf>
         <wf lemma="jedan" pos="X">jedan</wf>
         <wf lemma="od" pos="X">od</wf>
         <wf lemma="najstarijih" pos="X">najstarijih</wf>
         <wf lemma="ljudskih" pos="X">ljudskih</wf>
         <wf lemma="tehničkih" pos="X">tehničkih</wf>
         <wf lemma="izuma" pos="X">izuma</wf>
         <wf lemma="." pos="X">.</wf>
      </sentence>
      <sentence id="d000.s3683" source="wordnet-croatian">
         <wf lemma="Na" pos="X">Na</wf>
         <instance id="d000.s3683.t000" lemma="zavod" pos="NOUN">Zavodu</instance>
         <wf lemma="za" pos="X">za</wf>
         <wf lemma="lingvistiku" pos="X">lingvistiku</wf>
         <wf lemma="vrlo" pos="X">vrlo</wf>
         <wf lemma="je" pos="X">je</wf>
         <wf lemma="živo" pos="X">živo</wf>
         <wf lemma="." pos="X">.</wf>
      </sentence>
      <sentence id="d000.s3684" source="wordnet-croatian">
         <wf lemma="Ostrugao" pos="X">Ostrugao</wf>
         <wf lemma="je" pos="X">je</wf>
         <wf lemma="led" pos="X">led</wf>
         <wf lemma="s" pos="X">s</wf>
         <instance id="d000.s3684.t000" lemma="prozor" pos="NOUN">prozora</instance>
         <wf lemma="jer" pos="X">jer</wf>
         <wf lemma="inače" pos="X">inače</wf>
         <wf lemma="ne" pos="X">ne</wf>
         <wf lemma="bi" pos="X">bi</wf>
         <wf lemma="ništa" pos="X">ništa</wf>
         <wf lemma="vidio" pos="X">vidio</wf>
         <wf lemma="." pos="X">.</wf>
      </sentence>
      <sentence id="d000.s3685" source="wordnet-croatian">
         <wf lemma="Skinuo" pos="X">Skinuo</wf>
         <wf lemma="je" pos="X">je</wf>
         <instance id="d000.s3685.t000" lemma="kapica" pos="NOUN">kapicu</instance>
         <wf lemma="s" pos="X">s</wf>
         <wf lemma="pjenušca" pos="X">pjenušca</wf>
         <wf lemma="i" pos="X">i</wf>
         <wf lemma="natočio" pos="X">natočio</wf>
         <wf lemma="suradnicima" pos="X">suradnicima</wf>
         <wf lemma="da" pos="X">da</wf>
         <wf lemma="nazdrave" pos="X">nazdrave</wf>
         <wf lemma="." pos="X">.</wf>
      </sentence>
      <sentence id="d000.s3686" source="wordnet-croatian">
         <wf lemma="Svi" pos="X">Svi</wf>
         <instance id="d000.s3686.t000" lemma="element" pos="NOUN">elementi</instance>
         <wf lemma="eseja" pos="X">eseja</wf>
         <wf lemma="nisu" pos="X">nisu</wf>
         <wf lemma="zadovoljeni" pos="X">zadovoljeni</wf>
         <wf lemma="." pos="X">.</wf>
      </sentence>
      <sentence id="d000.s3687" source="wordnet-croatian">
         <wf lemma="Samo" pos="X">Samo</wf>
         <wf lemma="veći" pos="X">veći</wf>
         <wf lemma="gradovi" pos="X">gradovi</wf>
         <wf lemma="s" pos="X">s</wf>
         <wf lemma="velikim" pos="X">velikim</wf>
         <wf lemma="protokom" pos="X">protokom</wf>
         <wf lemma="automobila" pos="X">automobila</wf>
         <wf lemma="imaju" pos="X">imaju</wf>
         <instance id="d000.s3687.t000" lemma="avenija" pos="NOUN">avenije</instance>
         <wf lemma="." pos="X">.</wf>
      </sentence>
      <sentence id="d000.s3688" source="wordnet-croatian">
         <instance id="d000.s3688.t000" lemma="kićenje" pos="NOUN">Kićenje</instance>
         <wf lemma="jelke" pos="X">jelke</wf>
         <wf lemma="obavio" pos="X">obavio</wf>
         <wf lemma="je" pos="X">je</wf>
         <wf lemma="tata" pos="X">tata</wf>
         <wf lemma="." pos="X">.</wf>
      </sentence>
      <sentence id="d000.s3689" source="wordnet-croatian">
         <wf lemma="Mahatma" pos="X">Mahatma</wf>
         <wf lemma="Gandhi" pos="X">Gandhi</wf>
         <wf lemma="bio" pos="X">bio</wf>
         <wf lemma="je" pos="X">je</wf>
         <wf lemma="odlučan" pos="X">odlučan</wf>
         <instance id="d000.s3689.t000" lemma="zagovaratelj" pos="NOUN">zagovaratelj</instance>
         <wf lemma="mira" pos="X">mira</wf>
         <wf lemma="." pos="X">.</wf>
      </sentence>
      <sentence id="d000.s3690" source="wordnet-croatian">
         <wf lemma="Njegovi" pos="X">Njegovi</wf>
         <wf lemma="sabrani" pos="X">sabrani</wf>
         <instance id="d000.s3690.t000" lemma="tekst" pos="NOUN">tekstovi</instance>
         <wf lemma="izdani" pos="X">izdani</wf>
         <wf lemma="su" pos="X">su</wf>
         <wf lemma="kao" pos="X">kao</wf>
         <wf lemma="zbirka" pos="X">zbirka</wf>
         <wf lemma="eseja" pos="X">eseja</wf>
         <wf lemma="." pos="X">.</wf>
      </sentence>
      <sentence id="d000.s3691" source="wordnet-croatian">
         <wf lemma="Tvoje" pos="X">Tvoje</wf>
         <wf lemma="ponašanje" pos="X">ponašanje</wf>
         <instance id="d000.s3691.t000" lemma="graničiti" pos="VERB">graniči</instance>
         <wf lemma="s" pos="X">s</wf>
         <wf lemma="ludošću" pos="X">ludošću</wf>
         <wf lemma="!" pos="X">!</wf>
      </sentence>
      <sentence id="d000.s3692" source="wordnet-croatian">
         <wf lemma="Živjela" pos="X">Živjela</wf>
         <wf lemma="je" pos="X">je</wf>
         <wf lemma="u" pos="X">u</wf>
         <wf lemma="brdovitu" pos="X">brdovitu</wf>
         <instance id="d000.s3692.t000" lemma="kraj" pos="NOUN">kraju</instance>
         <wf lemma="." pos="X">.</wf>
      </sentence>
      <sentence id="d000.s3693" source="wordnet-croatian">
         <instance id="d000.s3693.t000" lemma="manjak" pos="NOUN">Manjak</instance>
         <wf lemma="vode" pos="X">vode</wf>
         <wf lemma="u" pos="X">u</wf>
         <wf lemma="pustinji" pos="X">pustinji</wf>
         <wf lemma="mogu" pos="X">mogu</wf>
         <wf lemma="izdržati" pos="X">izdržati</wf>
         <wf lemma="samo" pos="X">samo</wf>
         <wf lemma="vrlo" pos="X">vrlo</wf>
         <wf lemma="prilagodljive" pos="X">prilagodljive</wf>
         <wf lemma="biljke" pos="X">biljke</wf>
         <wf lemma="." pos="X">.</wf>
      </sentence>
      <sentence id="d000.s3694" source="wordnet-croatian">
         <instance id="d000.s3694.t000" lemma="eliminirati" pos="VERB">Eliminirajmo</instance>
         <wf lemma="sve" pos="X">sve</wf>
         <wf lemma="dosadne" pos="X">dosadne</wf>
         <wf lemma="izborne" pos="X">izborne</wf>
         <wf lemma="predmete" pos="X">predmete</wf>
         <wf lemma="iz" pos="X">iz</wf>
         <wf lemma="našeg" pos="X">našeg</wf>
         <wf lemma="rasporeda" pos="X">rasporeda</wf>
         <wf lemma="." pos="X">.</wf>
      </sentence>
      <sentence id="d000.s3695" source="wordnet-croatian">
         <instance id="d000.s3695.t000" lemma="regulator" pos="NOUN">Regulator</instance>
         <wf lemma="temperature" pos="X">temperature</wf>
         <wf lemma="i" pos="X">i</wf>
         <wf lemma="vlage" pos="X">vlage</wf>
         <wf lemma="postavili" pos="X">postavili</wf>
         <wf lemma="su" pos="X">su</wf>
         <wf lemma="u" pos="X">u</wf>
         <wf lemma="dnevni" pos="X">dnevni</wf>
         <wf lemma="boravak" pos="X">boravak</wf>
         <wf lemma="." pos="X">.</wf>
      </sentence>
      <sentence id="d000.s3696" source="wordnet-croatian">
         <instance id="d000.s3696.t000" lemma="prevesti" pos="VERB">Preveo</instance>
         <wf lemma="je" pos="X">je</wf>
         <wf lemma="pjesmu" pos="X">pjesmu</wf>
         <wf lemma="s" pos="X">s</wf>
         <wf lemma="francuskog" pos="X">francuskog</wf>
         <wf lemma="na" pos="X">na</wf>
         <wf lemma="engleski" pos="X">engleski</wf>
         <wf lemma="." pos="X">.</wf>
      </sentence>
      <sentence id="d000.s3697" source="wordnet-croatian">
         <wf lemma="Na" pos="X">Na</wf>
         <wf lemma="desnoj" pos="X">desnoj</wf>
         <wf lemma="strani" pos="X">strani</wf>
         <wf lemma="beretke" pos="X">beretke</wf>
         <wf lemma="nalaze" pos="X">nalaze</wf>
         <wf lemma="se" pos="X">se</wf>
         <wf lemma="dva" pos="X">dva</wf>
         <wf lemma="metalna" pos="X">metalna</wf>
         <wf lemma="prstena" pos="X">prstena</wf>
         <wf lemma="na" pos="X">na</wf>
         <instance id="d000.s3697.t000" lemma="razmak" pos="NOUN">razmaku</instance>
         <wf lemma="od" pos="X">od</wf>
         <wf lemma="30" pos="X">30</wf>
         <wf lemma="milimetar" pos="X">milimetar</wf>
         <wf lemma="." pos="X">.</wf>
      </sentence>
      <sentence id="d000.s3698" source="wordnet-croatian">
         <instance id="d000.s3698.t000" lemma="nastojati" pos="VERB">Nastojao</instance>
         <wf lemma="je" pos="X">je</wf>
         <wf lemma="popraviti" pos="X">popraviti</wf>
         <wf lemma="svoj" pos="X">svoj</wf>
         <wf lemma="ponašanje" pos="X">ponašanje</wf>
         <wf lemma="." pos="X">.</wf>
      </sentence>
      <sentence id="d000.s3699" source="wordnet-croatian">
         <wf lemma="Što" pos="X">Što</wf>
         <wf lemma="se" pos="X">se</wf>
         <wf lemma="može" pos="X">može</wf>
         <wf lemma="," pos="X">,</wf>
         <instance id="d000.s3699.t000" lemma="buraz" pos="NOUN">buraz</instance>
         <wf lemma="," pos="X">,</wf>
         <wf lemma="ni" pos="X">ni</wf>
         <wf lemma="cure" pos="X">cure</wf>
         <wf lemma="nisu" pos="X">nisu</wf>
         <wf lemma="što" pos="X">što</wf>
         <wf lemma="su" pos="X">su</wf>
         <wf lemma="nekad" pos="X">nekad</wf>
         <wf lemma="bile" pos="X">bile</wf>
         <wf lemma="." pos="X">.</wf>
      </sentence>
      <sentence id="d000.s3700" source="wordnet-croatian">
         <wf lemma="Zajednički" pos="X">Zajednički</wf>
         <instance id="d000.s3700.t000" lemma="pothvat" pos="NOUN">pothvat</instance>
         <wf lemma="mirovnih" pos="X">mirovnih</wf>
         <wf lemma="snaga" pos="X">snaga</wf>
         <wf lemma="urodio" pos="X">urodio</wf>
         <wf lemma="je" pos="X">je</wf>
         <wf lemma="plodom" pos="X">plodom</wf>
         <wf lemma="." pos="X">.</wf>
      </sentence>
      <sentence id="d000.s3701" source="wordnet-croatian">
         <wf lemma="Alkoholom" pos="X">Alkoholom</wf>
         <wf lemma="se" pos="X">se</wf>
         <wf lemma="ne" pos="X">ne</wf>
         <wf lemma="može" pos="X">može</wf>
         <wf lemma="istinski" pos="X">istinski</wf>
         <wf lemma="iskorijeniti" pos="X">iskorijeniti</wf>
         <instance id="d000.s3701.t000" lemma="obeshrabrenost" pos="NOUN">obeshrabrenost</instance>
         <wf lemma="." pos="X">.</wf>
      </sentence>
      <sentence id="d000.s3702" source="wordnet-croatian">
         <instance id="d000.s3702.t000" lemma="agent" pos="NOUN">Agent</instance>
         <wf lemma="iz" pos="X">iz</wf>
         <wf lemma="izdavačke" pos="X">izdavačke</wf>
         <wf lemma="kuće" pos="X">kuće</wf>
         <wf lemma="mi" pos="X">mi</wf>
         <wf lemma="je" pos="X">je</wf>
         <wf lemma="ponudio" pos="X">ponudio</wf>
         <wf lemma="ugovor" pos="X">ugovor</wf>
         <wf lemma="za" pos="X">za</wf>
         <wf lemma="novu" pos="X">novu</wf>
         <wf lemma="knjigu" pos="X">knjigu</wf>
         <wf lemma="." pos="X">.</wf>
      </sentence>
      <sentence id="d000.s3703" source="wordnet-croatian">
         <wf lemma="Padao" pos="X">Padao</wf>
         <wf lemma="je" pos="X">je</wf>
         <wf lemma="mrak" pos="X">mrak</wf>
         <wf lemma="pa" pos="X">pa</wf>
         <wf lemma="smo" pos="X">smo</wf>
         <wf lemma="odlučili" pos="X">odlučili</wf>
         <wf lemma="pronaći" pos="X">pronaći</wf>
         <instance id="d000.s3703.t000" lemma="prenoćište" pos="NOUN">prenoćište</instance>
         <wf lemma="." pos="X">.</wf>
      </sentence>
      <sentence id="d000.s3704" source="wordnet-croatian">
         <instance id="d000.s3704.t000" lemma="utaja" pos="NOUN">Utaja</instance>
         <wf lemma="poreza" pos="X">poreza</wf>
         <wf lemma="kazneno" pos="X">kazneno</wf>
         <wf lemma="je" pos="X">je</wf>
         <wf lemma="djelo" pos="X">djelo</wf>
         <wf lemma="." pos="X">.</wf>
      </sentence>
      <sentence id="d000.s3705" source="wordnet-croatian">
         <instance id="d000.s3705.t000" lemma="potez" pos="NOUN">Potez</instance>
         <wf lemma="autoceste" pos="X">autoceste</wf>
         <wf lemma="od" pos="X">od</wf>
         <wf lemma="Karlovca" pos="X">Karlovca</wf>
         <wf lemma="do" pos="X">do</wf>
         <wf lemma="Zagreba" pos="X">Zagreba</wf>
         <wf lemma="bio" pos="X">bio</wf>
         <wf lemma="je" pos="X">je</wf>
         <wf lemma="jučer" pos="X">jučer</wf>
         <wf lemma="zatvoren" pos="X">zatvoren</wf>
         <wf lemma="." pos="X">.</wf>
      </sentence>
      <sentence id="d000.s3706" source="wordnet-croatian">
         <instance id="d000.s3706.t000" lemma="sufiks" pos="NOUN">Sufiksi</instance>
         <wf lemma="se" pos="X">se</wf>
         <wf lemma="obično" pos="X">obično</wf>
         <wf lemma="dijele" pos="X">dijele</wf>
         <wf lemma="na" pos="X">na</wf>
         <wf lemma="tvorbene" pos="X">tvorbene</wf>
         <wf lemma="i" pos="X">i</wf>
         <wf lemma="oblikotvorne" pos="X">oblikotvorne</wf>
         <wf lemma="." pos="X">.</wf>
      </sentence>
      <sentence id="d000.s3707" source="wordnet-croatian">
         <instance id="d000.s3707.t000" lemma="podudaranje" pos="NOUN">Podudaranje</instance>
         <wf lemma="njihovih" pos="X">njihovih</wf>
         <wf lemma="mišljenja" pos="X">mišljenja</wf>
         <wf lemma="činilo" pos="X">činilo</wf>
         <wf lemma="se" pos="X">se</wf>
         <wf lemma="nemogućim" pos="X">nemogućim</wf>
         <wf lemma="." pos="X">.</wf>
      </sentence>
      <sentence id="d000.s3708" source="wordnet-croatian">
         <wf lemma="Razrezani" pos="X">Razrezani</wf>
         <wf lemma="sirevi" pos="X">sirevi</wf>
         <wf lemma="najbolje" pos="X">najbolje</wf>
         <wf lemma="se" pos="X">se</wf>
         <wf lemma="čuvaju" pos="X">čuvaju</wf>
         <wf lemma="zamotani" pos="X">zamotani</wf>
         <wf lemma="u" pos="X">u</wf>
         <instance id="d000.s3708.t000" lemma="folija" pos="NOUN">foliju</instance>
         <wf lemma="." pos="X">.</wf>
      </sentence>
      <sentence id="d000.s3709" source="wordnet-croatian">
         <wf lemma="Zaključili" pos="X">Zaključili</wf>
         <wf lemma="su" pos="X">su</wf>
         <instance id="d000.s3709.t000" lemma="kupovina" pos="NOUN">kupovinu</instance>
         <wf lemma="rukovanjem" pos="X">rukovanjem</wf>
         <wf lemma="." pos="X">.</wf>
      </sentence>
      <sentence id="d000.s3710" source="wordnet-croatian">
         <wf lemma="Po" pos="X">Po</wf>
         <wf lemma="univerzalnom" pos="X">univerzalnom</wf>
         <wf lemma="principu" pos="X">principu</wf>
         <wf lemma="kauzaliteta" pos="X">kauzaliteta</wf>
         <wf lemma="," pos="X">,</wf>
         <wf lemma="prirodnom" pos="X">prirodnom</wf>
         <instance id="d000.s3710.t000" lemma="zakon" pos="NOUN">zakonu</instance>
         <wf lemma="uzroka" pos="X">uzroka</wf>
         <wf lemma="i" pos="X">i</wf>
         <wf lemma="posljedica" pos="X">posljedica</wf>
         <wf lemma="," pos="X">,</wf>
         <wf lemma="dobivamo" pos="X">dobivamo</wf>
         <wf lemma="ono" pos="X">ono</wf>
         <wf lemma="što" pos="X">što</wf>
         <wf lemma="dajemo" pos="X">dajemo</wf>
         <wf lemma="," pos="X">,</wf>
         <wf lemma="i" pos="X">i</wf>
         <wf lemma="svaka" pos="X">svaka</wf>
         <wf lemma="akcija" pos="X">akcija</wf>
         <wf lemma="izaziva" pos="X">izaziva</wf>
         <wf lemma="reakciju" pos="X">reakciju</wf>
         <wf lemma="." pos="X">.</wf>
      </sentence>
      <sentence id="d000.s3711" source="wordnet-croatian">
         <wf lemma="Policija" pos="X">Policija</wf>
         <wf lemma="traži" pos="X">traži</wf>
         <instance id="d000.s3711.t000" lemma="srodnik" pos="NOUN">srodnike</instance>
         <wf lemma="preminule" pos="X">preminule</wf>
         <wf lemma="osobe" pos="X">osobe</wf>
         <wf lemma="." pos="X">.</wf>
      </sentence>
      <sentence id="d000.s3712" source="wordnet-croatian">
         <instance id="d000.s3712.t000" lemma="komparacija" pos="NOUN">Komparacijom</instance>
         <wf lemma="poslovanja" pos="X">poslovanja</wf>
         <wf lemma="tih" pos="X">tih</wf>
         <wf lemma="dviju" pos="X">dviju</wf>
         <wf lemma="tvrtki" pos="X">tvrtki</wf>
         <wf lemma="moguće" pos="X">moguće</wf>
         <wf lemma="je" pos="X">je</wf>
         <wf lemma="jasno" pos="X">jasno</wf>
         <wf lemma="vidjeti" pos="X">vidjeti</wf>
         <wf lemma="koja" pos="X">koja</wf>
         <wf lemma="od" pos="X">od</wf>
         <wf lemma="njih" pos="X">njih</wf>
         <wf lemma="ima" pos="X">ima</wf>
         <wf lemma="veću" pos="X">veću</wf>
         <wf lemma="dobit" pos="X">dobit</wf>
         <wf lemma="." pos="X">.</wf>
      </sentence>
      <sentence id="d000.s3713" source="wordnet-croatian">
         <wf lemma="Pažljivo" pos="X">Pažljivo</wf>
         <wf lemma="je" pos="X">je</wf>
         <wf lemma="promotrio" pos="X">promotrio</wf>
         <wf lemma="sve" pos="X">sve</wf>
         <instance id="d000.s3713.t000" lemma="okolnost" pos="NOUN">okolnosti</instance>
         <wf lemma="zbog" pos="X">zbog</wf>
         <wf lemma="kojih" pos="X">kojih</wf>
         <wf lemma="se" pos="X">se</wf>
         <wf lemma="našao" pos="X">našao</wf>
         <wf lemma="u" pos="X">u</wf>
         <wf lemma="tako" pos="X">tako</wf>
         <wf lemma="lošoj" pos="X">lošoj</wf>
         <wf lemma="poziciji" pos="X">poziciji</wf>
         <wf lemma="kako" pos="X">kako</wf>
         <wf lemma="bi" pos="X">bi</wf>
         <wf lemma="se" pos="X">se</wf>
         <wf lemma="iz" pos="X">iz</wf>
         <wf lemma="nje" pos="X">nje</wf>
         <wf lemma="izvukao" pos="X">izvukao</wf>
         <wf lemma="." pos="X">.</wf>
      </sentence>
      <sentence id="d000.s3714" source="wordnet-croatian">
         <wf lemma="Nasljedstvo" pos="X">Nasljedstvo</wf>
         <wf lemma="mojega" pos="X">mojega</wf>
         <wf lemma="strica" pos="X">strica</wf>
         <wf lemma="iz" pos="X">iz</wf>
         <wf lemma="Amerike" pos="X">Amerike</wf>
         <instance id="d000.s3714.t000" lemma="tvoriti" pos="VERB">tvori</instance>
         <wf lemma="dobru" pos="X">dobru</wf>
         <wf lemma="podlogu" pos="X">podlogu</wf>
         <wf lemma="za" pos="X">za</wf>
         <wf lemma="moju" pos="X">moju</wf>
         <wf lemma="budućnost" pos="X">budućnost</wf>
         <wf lemma="." pos="X">.</wf>
      </sentence>
      <sentence id="d000.s3715" source="wordnet-croatian">
         <instance id="d000.s3715.t000" lemma="zvuk" pos="NOUN">Zvuk</instance>
         <wf lemma="kiše" pos="X">kiše</wf>
         <wf lemma="ga" pos="X">ga</wf>
         <wf lemma="je" pos="X">je</wf>
         <wf lemma="umirivao" pos="X">umirivao</wf>
         <wf lemma="." pos="X">.</wf>
      </sentence>
      <sentence id="d000.s3716" source="wordnet-croatian">
         <wf lemma="Sve" pos="X">Sve</wf>
         <wf lemma="smo" pos="X">smo</wf>
         <instance id="d000.s3716.t000" lemma="pretražiti" pos="VERB">pretražili</instance>
         <wf lemma="," pos="X">,</wf>
         <wf lemma="ali" pos="X">ali</wf>
         <wf lemma="nismo" pos="X">nismo</wf>
         <wf lemma="pronašli" pos="X">pronašli</wf>
         <wf lemma="izgubljenog" pos="X">izgubljenog</wf>
         <wf lemma="psića" pos="X">psića</wf>
         <wf lemma="." pos="X">.</wf>
      </sentence>
      <sentence id="d000.s3717" source="wordnet-croatian">
         <wf lemma="Morala" pos="X">Morala</wf>
         <wf lemma="sam" pos="X">sam</wf>
         <wf lemma="otići" pos="X">otići</wf>
         <wf lemma="s" pos="X">s</wf>
         <wf lemma="predavanja" pos="X">predavanja</wf>
         <wf lemma="u" pos="X">u</wf>
         <wf lemma="najzanimljivijem" pos="X">najzanimljivijem</wf>
         <instance id="d000.s3717.t000" lemma="trenutak" pos="NOUN">trenutku</instance>
         <wf lemma="." pos="X">.</wf>
      </sentence>
      <sentence id="d000.s3718" source="wordnet-croatian">
         <wf lemma="Podacima" pos="X">Podacima</wf>
         <wf lemma="o" pos="X">o</wf>
         <instance id="d000.s3718.t000" lemma="učinkovitost" pos="NOUN">učinkovitosti</instance>
         <wf lemma="sustava" pos="X">sustava</wf>
         <wf lemma="mogli" pos="X">mogli</wf>
         <wf lemma="su" pos="X">su</wf>
         <wf lemma="lako" pos="X">lako</wf>
         <wf lemma="manipulirati" pos="X">manipulirati</wf>
         <wf lemma="." pos="X">.</wf>
      </sentence>
      <sentence id="d000.s3719" source="wordnet-croatian">
         <wf lemma="Kipar" pos="X">Kipar</wf>
         <wf lemma="je" pos="X">je</wf>
         <wf lemma="iz" pos="X">iz</wf>
         <wf lemma="bronce" pos="X">bronce</wf>
         <instance id="d000.s3719.t000" lemma="napraviti" pos="VERB">napravio</instance>
         <wf lemma="bistu" pos="X">bistu</wf>
         <wf lemma="mlade" pos="X">mlade</wf>
         <wf lemma="žene" pos="X">žene</wf>
         <wf lemma="." pos="X">.</wf>
      </sentence>
      <sentence id="d000.s3720" source="wordnet-croatian">
         <wf lemma="Nije" pos="X">Nije</wf>
         <wf lemma="mogla" pos="X">mogla</wf>
         <wf lemma="naći" pos="X">naći</wf>
         <instance id="d000.s3720.t000" lemma="kopija" pos="NOUN">kopiju</instance>
         <wf lemma="članka" pos="X">članka</wf>
         <wf lemma="o" pos="X">o</wf>
         <wf lemma="dubrovačkoj" pos="X">dubrovačkoj</wf>
         <wf lemma="aristokraciji" pos="X">aristokraciji</wf>
         <wf lemma="." pos="X">.</wf>
      </sentence>
      <sentence id="d000.s3721" source="wordnet-croatian">
         <instance id="d000.s3721.t000" lemma="obruč" pos="NOUN">Obruči</instance>
         <wf lemma="na" pos="X">na</wf>
         <wf lemma="bačvi" pos="X">bačvi</wf>
         <wf lemma="potpuno" pos="X">potpuno</wf>
         <wf lemma="su" pos="X">su</wf>
         <wf lemma="zahrđali" pos="X">zahrđali</wf>
         <wf lemma="." pos="X">.</wf>
      </sentence>
      <sentence id="d000.s3722" source="wordnet-croatian">
         <instance id="d000.s3722.t000" lemma="izvanrednost" pos="NOUN">Izvanrednost</instance>
         <wf lemma="je" pos="X">je</wf>
         <wf lemma="njegovih" pos="X">njegovih</wf>
         <wf lemma="pjesama" pos="X">pjesama</wf>
         <wf lemma="u" pos="X">u</wf>
         <wf lemma="jednostavnosti" pos="X">jednostavnosti</wf>
         <wf lemma="izraza" pos="X">izraza</wf>
         <wf lemma="." pos="X">.</wf>
      </sentence>
      <sentence id="d000.s3723" source="wordnet-croatian">
         <wf lemma="Arheolozi" pos="X">Arheolozi</wf>
         <wf lemma="na" pos="X">na</wf>
         <instance id="d000.s3723.t000" lemma="dno" pos="NOUN">dnu</instance>
         <wf lemma="mora" pos="X">mora</wf>
         <wf lemma="traže" pos="X">traže</wf>
         <wf lemma="stare" pos="X">stare</wf>
         <wf lemma="amfore" pos="X">amfore</wf>
         <wf lemma="." pos="X">.</wf>
      </sentence>
      <sentence id="d000.s3724" source="wordnet-croatian">
         <wf lemma="Nakon" pos="X">Nakon</wf>
         <wf lemma="deset" pos="X">deset</wf>
         <wf lemma="godina" pos="X">godina</wf>
         <instance id="d000.s3724.t000" lemma="ostaviti" pos="VERB">ostavila</instance>
         <wf lemma="je" pos="X">je</wf>
         <wf lemma="muža" pos="X">muža</wf>
         <wf lemma="." pos="X">.</wf>
      </sentence>
      <sentence id="d000.s3725" source="wordnet-croatian">
         <instance id="d000.s3725.t000" lemma="otpratiti" pos="VERB">Otpratit</instance>
         <wf lemma="ću" pos="X">ću</wf>
         <wf lemma="te" pos="X">te</wf>
         <wf lemma="do" pos="X">do</wf>
         <wf lemma="auta" pos="X">auta</wf>
         <wf lemma="." pos="X">.</wf>
      </sentence>
      <sentence id="d000.s3726" source="wordnet-croatian">
         <wf lemma="Sjedi" pos="X">Sjedi</wf>
         <wf lemma="po" pos="X">po</wf>
         <instance id="d000.s3726.t000" lemma="cio" pos="ADJ">cio</instance>
         <wf lemma="dan" pos="X">dan</wf>
         <wf lemma="." pos="X">.</wf>
      </sentence>
      <sentence id="d000.s3727" source="wordnet-croatian">
         <wf lemma="Na" pos="X">Na</wf>
         <wf lemma="moru" pos="X">moru</wf>
         <wf lemma="smo" pos="X">smo</wf>
         <wf lemma="si" pos="X">si</wf>
         <wf lemma="vrijeme" pos="X">vrijeme</wf>
         <wf lemma="kratili" pos="X">kratili</wf>
         <instance id="d000.s3727.t000" lemma="ping-pong" pos="NOUN">ping-pongom</instance>
         <wf lemma="u" pos="X">u</wf>
         <wf lemma="kampu" pos="X">kampu</wf>
         <wf lemma="." pos="X">.</wf>
      </sentence>
      <sentence id="d000.s3728" source="wordnet-croatian">
         <wf lemma="Njezina" pos="X">Njezina</wf>
         <wf lemma="je" pos="X">je</wf>
         <instance id="d000.s3728.t000" lemma="karijera" pos="NOUN">karijera</instance>
         <wf lemma="bila" pos="X">bila</wf>
         <wf lemma="važnija" pos="X">važnija</wf>
         <wf lemma="od" pos="X">od</wf>
         <wf lemma="obitelji" pos="X">obitelji</wf>
         <wf lemma="." pos="X">.</wf>
      </sentence>
      <sentence id="d000.s3729" source="wordnet-croatian">
         <wf lemma="Njegovo" pos="X">Njegovo</wf>
         <wf lemma="je" pos="X">je</wf>
         <instance id="d000.s3729.t000" lemma="napredovanje" pos="NOUN">napredovanje</instance>
         <wf lemma="u" pos="X">u</wf>
         <wf lemma="poslu" pos="X">poslu</wf>
         <wf lemma="bilo" pos="X">bilo</wf>
         <wf lemma="vidljivo" pos="X">vidljivo</wf>
         <wf lemma="." pos="X">.</wf>
      </sentence>
      <sentence id="d000.s3730" source="wordnet-croatian">
         <wf lemma="Zbog" pos="X">Zbog</wf>
         <wf lemma="loše" pos="X">loše</wf>
         <wf lemma="prosudbe" pos="X">prosudbe</wf>
         <instance id="d000.s3730.t000" lemma="broker" pos="NOUN">brokera</instance>
         <wf lemma="," pos="X">,</wf>
         <wf lemma="tvrtka" pos="X">tvrtka</wf>
         <wf lemma="je" pos="X">je</wf>
         <wf lemma="izgubila" pos="X">izgubila</wf>
         <wf lemma="goleme" pos="X">goleme</wf>
         <wf lemma="svote" pos="X">svote</wf>
         <wf lemma="novca" pos="X">novca</wf>
         <wf lemma="." pos="X">.</wf>
      </sentence>
      <sentence id="d000.s3731" source="wordnet-croatian">
         <wf lemma="Uspješno" pos="X">Uspješno</wf>
         <wf lemma="je" pos="X">je</wf>
         <instance id="d000.s3731.t000" lemma="provesti" pos="VERB">proveo</instance>
         <wf lemma="novi" pos="X">novi</wf>
         <wf lemma="gospodarski" pos="X">gospodarski</wf>
         <wf lemma="plan" pos="X">plan</wf>
         <wf lemma="." pos="X">.</wf>
      </sentence>
      <sentence id="d000.s3732" source="wordnet-croatian">
         <instance id="d000.s3732.t000" lemma="neredovitost" pos="NOUN">Neredovitost</instance>
         <wf lemma="isplata" pos="X">isplata</wf>
         <wf lemma="plaće" pos="X">plaće</wf>
         <wf lemma="problem" pos="X">problem</wf>
         <wf lemma="je" pos="X">je</wf>
         <wf lemma="kojim" pos="X">kojim</wf>
         <wf lemma="bi" pos="X">bi</wf>
         <wf lemma="se" pos="X">se</wf>
         <wf lemma="vlast" pos="X">vlast</wf>
         <wf lemma="trebala" pos="X">trebala</wf>
         <wf lemma="hitno" pos="X">hitno</wf>
         <wf lemma="pozabaviti" pos="X">pozabaviti</wf>
         <wf lemma="." pos="X">.</wf>
      </sentence>
      <sentence id="d000.s3733" source="wordnet-croatian">
         <wf lemma="Žene" pos="X">Žene</wf>
         <wf lemma="su" pos="X">su</wf>
         <wf lemma="u" pos="X">u</wf>
         <wf lemma="dvatesetom" pos="X">dvatesetom</wf>
         <wf lemma="stoljeću" pos="X">stoljeću</wf>
         <wf lemma="napokon" pos="X">napokon</wf>
         <wf lemma="prerasle" pos="X">prerasle</wf>
         <wf lemma="ulogu" pos="X">ulogu</wf>
         <wf lemma="majke" pos="X">majke</wf>
         <wf lemma="i" pos="X">i</wf>
         <instance id="d000.s3733.t000" lemma="kućanica" pos="NOUN">kućanice</instance>
         <wf lemma="." pos="X">.</wf>
      </sentence>
      <sentence id="d000.s3734" source="wordnet-croatian">
         <instance id="d000.s3734.t000" lemma="predsjednik" pos="NOUN">Predsjednik</instance>
         <wf lemma="Republike" pos="X">Republike</wf>
         <wf lemma="Hrvatske" pos="X">Hrvatske</wf>
         <wf lemma="otputovao" pos="X">otputovao</wf>
         <wf lemma="je" pos="X">je</wf>
         <wf lemma="u" pos="X">u</wf>
         <wf lemma="inozemstvo" pos="X">inozemstvo</wf>
         <wf lemma="." pos="X">.</wf>
      </sentence>
      <sentence id="d000.s3735" source="wordnet-croatian">
         <wf lemma="Haljina" pos="X">Haljina</wf>
         <wf lemma="je" pos="X">je</wf>
         <wf lemma="isticala" pos="X">isticala</wf>
         <wf lemma="njezinu" pos="X">njezinu</wf>
         <wf lemma="vitku" pos="X">vitku</wf>
         <instance id="d000.s3735.t000" lemma="figura" pos="NOUN">figuru</instance>
         <wf lemma="." pos="X">.</wf>
      </sentence>
      <sentence id="d000.s3736" source="wordnet-croatian">
         <wf lemma="Nakon" pos="X">Nakon</wf>
         <wf lemma="večre" pos="X">večre</wf>
         <wf lemma="volio" pos="X">volio</wf>
         <wf lemma="je" pos="X">je</wf>
         <wf lemma="na" pos="X">na</wf>
         <wf lemma="balkonu" pos="X">balkonu</wf>
         <wf lemma="pijuckati" pos="X">pijuckati</wf>
         <wf lemma="vino" pos="X">vino</wf>
         <wf lemma="i" pos="X">i</wf>
         <instance id="d000.s3736.t000" lemma="dimiti" pos="VERB">dimiti</instance>
         <wf lemma="cigare" pos="X">cigare</wf>
         <wf lemma="." pos="X">.</wf>
      </sentence>
      <sentence id="d000.s3737" source="wordnet-croatian">
         <wf lemma="Internetski" pos="X">Internetski</wf>
         <wf lemma="portali" pos="X">portali</wf>
         <wf lemma="dobar" pos="X">dobar</wf>
         <wf lemma="su" pos="X">su</wf>
         <instance id="d000.s3737.t000" lemma="izvor" pos="NOUN">izvor</instance>
         <wf lemma="svježih" pos="X">svježih</wf>
         <wf lemma="informacija" pos="X">informacija</wf>
         <wf lemma="." pos="X">.</wf>
      </sentence>
      <sentence id="d000.s3738" source="wordnet-croatian">
         <instance id="d000.s3738.t000" lemma="konzerva" pos="NOUN">Konzerve</instance>
         <wf lemma="paštete" pos="X">paštete</wf>
         <wf lemma="bile" pos="X">bile</wf>
         <wf lemma="su" pos="X">su</wf>
         <wf lemma="mu" pos="X">mu</wf>
         <wf lemma="glavna" pos="X">glavna</wf>
         <wf lemma="hrana" pos="X">hrana</wf>
         <wf lemma="." pos="X">.</wf>
      </sentence>
      <sentence id="d000.s3739" source="wordnet-croatian">
         <wf lemma="Retoričarima" pos="X">Retoričarima</wf>
         <wf lemma="je" pos="X">je</wf>
         <wf lemma="glavni" pos="X">glavni</wf>
         <wf lemma="zadatak" pos="X">zadatak</wf>
         <instance id="d000.s3739.t000" lemma="uvjeriti" pos="VERB">uvjeriti</instance>
         <wf lemma="slušatelje" pos="X">slušatelje</wf>
         <wf lemma="u" pos="X">u</wf>
         <wf lemma="ispravnost" pos="X">ispravnost</wf>
         <wf lemma="onoga" pos="X">onoga</wf>
         <wf lemma="što" pos="X">što</wf>
         <wf lemma="govore" pos="X">govore</wf>
         <wf lemma="." pos="X">.</wf>
      </sentence>
      <sentence id="d000.s3740" source="wordnet-croatian">
         <wf lemma="Od" pos="X">Od</wf>
         <wf lemma="svih" pos="X">svih</wf>
         <instance id="d000.s3740.t000" lemma="boja" pos="NOUN">boja</instance>
         <wf lemma="za" pos="X">za</wf>
         <wf lemma="kosu" pos="X">kosu</wf>
         <wf lemma="najdraža" pos="X">najdraža</wf>
         <wf lemma="mi" pos="X">mi</wf>
         <wf lemma="je" pos="X">je</wf>
         <wf lemma="plava" pos="X">plava</wf>
         <wf lemma="." pos="X">.</wf>
      </sentence>
      <sentence id="d000.s3741" source="wordnet-croatian">
         <wf lemma="Mlada" pos="X">Mlada</wf>
         <wf lemma="stabla" pos="X">stabla</wf>
         <wf lemma="pričvršćuju" pos="X">pričvršćuju</wf>
         <wf lemma="se" pos="X">se</wf>
         <wf lemma="za" pos="X">za</wf>
         <instance id="d000.s3741.t000" lemma="kolac" pos="NOUN">kolce</instance>
         <wf lemma="da" pos="X">da</wf>
         <wf lemma="ih" pos="X">ih</wf>
         <wf lemma="se" pos="X">se</wf>
         <wf lemma="obrani" pos="X">obrani</wf>
         <wf lemma="od" pos="X">od</wf>
         <wf lemma="vjetra" pos="X">vjetra</wf>
         <wf lemma="." pos="X">.</wf>
      </sentence>
      <sentence id="d000.s3742" source="wordnet-croatian">
         <wf lemma="Kiša" pos="X">Kiša</wf>
         <wf lemma="je" pos="X">je</wf>
         <wf lemma="cijelu" pos="X">cijelu</wf>
         <wf lemma="noć" pos="X">noć</wf>
         <wf lemma="lijevala" pos="X">lijevala</wf>
         <wf lemma="kroz" pos="X">kroz</wf>
         <instance id="d000.s3742.t000" lemma="razderotina" pos="NOUN">razderotinu</instance>
         <wf lemma="na" pos="X">na</wf>
         <wf lemma="šatoru" pos="X">šatoru</wf>
         <wf lemma="." pos="X">.</wf>
      </sentence>
      <sentence id="d000.s3743" source="wordnet-croatian">
         <wf lemma="Vijci" pos="X">Vijci</wf>
         <wf lemma="za" pos="X">za</wf>
         <wf lemma="lim" pos="X">lim</wf>
         <wf lemma="razlikuju" pos="X">razlikuju</wf>
         <wf lemma="se" pos="X">se</wf>
         <wf lemma="od" pos="X">od</wf>
         <instance id="d000.s3743.t000" lemma="vijak" pos="NOUN">vijaka</instance>
         <wf lemma="za" pos="X">za</wf>
         <wf lemma="drvo" pos="X">drvo</wf>
         <wf lemma="." pos="X">.</wf>
      </sentence>
      <sentence id="d000.s3744" source="wordnet-croatian">
         <instance id="d000.s3744.t000" lemma="eksploatacija" pos="NOUN">Eksploatacija</instance>
         <wf lemma="rudače" pos="X">rudače</wf>
         <wf lemma="zahtijeva" pos="X">zahtijeva</wf>
         <wf lemma="visoko" pos="X">visoko</wf>
         <wf lemma="razvijenu" pos="X">razvijenu</wf>
         <wf lemma="tehnologiju" pos="X">tehnologiju</wf>
         <wf lemma="." pos="X">.</wf>
      </sentence>
      <sentence id="d000.s3745" source="wordnet-croatian">
         <wf lemma="Krpene" pos="X">Krpene</wf>
         <wf lemma="lutke" pos="X">lutke</wf>
         <wf lemma="više" pos="X">više</wf>
         <wf lemma="nisu" pos="X">nisu</wf>
         <instance id="d000.s3745.t000" lemma="popularan" pos="ADJ">popularne</instance>
         <wf lemma="." pos="X">.</wf>
      </sentence>
      <sentence id="d000.s3746" source="wordnet-croatian">
         <wf lemma="Osjećao" pos="X">Osjećao</wf>
         <wf lemma="se" pos="X">se</wf>
         <wf lemma="bolje" pos="X">bolje</wf>
         <wf lemma="nakon" pos="X">nakon</wf>
         <wf lemma="malo" pos="X">malo</wf>
         <instance id="d000.s3746.t000" lemma="san" pos="NOUN">sna</instance>
         <wf lemma="." pos="X">.</wf>
      </sentence>
      <sentence id="d000.s3747" source="wordnet-croatian">
         <wf lemma="Danima" pos="X">Danima</wf>
         <wf lemma="je" pos="X">je</wf>
         <wf lemma="pokušavao" pos="X">pokušavao</wf>
         <wf lemma="riješiti" pos="X">riješiti</wf>
         <instance id="d000.s3747.t000" lemma="problem" pos="NOUN">problem</instance>
         <wf lemma="koji" pos="X">koji</wf>
         <wf lemma="ga" pos="X">ga</wf>
         <wf lemma="je" pos="X">je</wf>
         <wf lemma="mučio" pos="X">mučio</wf>
         <wf lemma="." pos="X">.</wf>
      </sentence>
      <sentence id="d000.s3748" source="wordnet-croatian">
         <wf lemma="Prošle" pos="X">Prošle</wf>
         <wf lemma="se" pos="X">se</wf>
         <wf lemma="godine" pos="X">godine</wf>
         <wf lemma="povećao" pos="X">povećao</wf>
         <wf lemma="broj" pos="X">broj</wf>
         <instance id="d000.s3748.t000" lemma="napad" pos="NOUN">napada</instance>
         <wf lemma="na" pos="X">na</wf>
         <wf lemma="žene" pos="X">žene</wf>
         <wf lemma="." pos="X">.</wf>
      </sentence>
      <sentence id="d000.s3749" source="wordnet-croatian">
         <wf lemma="Hitno" pos="X">Hitno</wf>
         <wf lemma="je" pos="X">je</wf>
         <wf lemma="potrebno" pos="X">potrebno</wf>
         <wf lemma="popraviti" pos="X">popraviti</wf>
         <wf lemma="transportnu" pos="X">transportnu</wf>
         <instance id="d000.s3749.t000" lemma="traka" pos="NOUN">traku</instance>
         <wf lemma="." pos="X">.</wf>
      </sentence>
      <sentence id="d000.s3750" source="wordnet-croatian">
         <wf lemma="Ova" pos="X">Ova</wf>
         <wf lemma="će" pos="X">će</wf>
         <wf lemma="ti" pos="X">ti</wf>
         <wf lemma="krema" pos="X">krema</wf>
         <instance id="d000.s3750.t000" lemma="ublažiti" pos="VERB">ublažiti</instance>
         <wf lemma="upalu" pos="X">upalu</wf>
         <wf lemma="mišića" pos="X">mišića</wf>
         <wf lemma="." pos="X">.</wf>
      </sentence>
      <sentence id="d000.s3751" source="wordnet-croatian">
         <wf lemma="Za" pos="X">Za</wf>
         <wf lemma="svečane" pos="X">svečane</wf>
         <wf lemma="je" pos="X">je</wf>
         <wf lemma="ručkove" pos="X">ručkove</wf>
         <wf lemma="stol" pos="X">stol</wf>
         <wf lemma="obavezno" pos="X">obavezno</wf>
         <wf lemma="prekriven" pos="X">prekriven</wf>
         <wf lemma="bijelim" pos="X">bijelim</wf>
         <instance id="d000.s3751.t000" lemma="stolnjak" pos="NOUN">stolnjakom</instance>
         <wf lemma="." pos="X">.</wf>
      </sentence>
      <sentence id="d000.s3752" source="wordnet-croatian">
         <wf lemma="Moja" pos="X">Moja</wf>
         <wf lemma="je" pos="X">je</wf>
         <wf lemma="snaha" pos="X">snaha</wf>
         <wf lemma="unijela" pos="X">unijela</wf>
         <instance id="d000.s3752.t000" lemma="živost" pos="NOUN">živost</instance>
         <wf lemma="u" pos="X">u</wf>
         <wf lemma="našu" pos="X">našu</wf>
         <wf lemma="obitelj" pos="X">obitelj</wf>
         <wf lemma="." pos="X">.</wf>
      </sentence>
      <sentence id="d000.s3753" source="wordnet-croatian">
         <wf lemma="Možete" pos="X">Možete</wf>
         <wf lemma="li" pos="X">li</wf>
         <wf lemma="me" pos="X">me</wf>
         <instance id="d000.s3753.t000" lemma="odvesti" pos="VERB">odvesti</instance>
         <wf lemma="do" pos="X">do</wf>
         <wf lemma="najbliže" pos="X">najbliže</wf>
         <wf lemma="ljekarne" pos="X">ljekarne</wf>
         <wf lemma="?" pos="X">?</wf>
      </sentence>
      <sentence id="d000.s3754" source="wordnet-croatian">
         <instance id="d000.s3754.t000" lemma="složiti" pos="VERB">Složit</instance>
         <wf lemma="ću" pos="X">ću</wf>
         <wf lemma="ti" pos="X">ti</wf>
         <wf lemma="kompilaciju" pos="X">kompilaciju</wf>
         <wf lemma="mojih" pos="X">mojih</wf>
         <wf lemma="omiljenih" pos="X">omiljenih</wf>
         <wf lemma="popijevaka" pos="X">popijevaka</wf>
         <wf lemma="." pos="X">.</wf>
      </sentence>
      <sentence id="d000.s3755" source="wordnet-croatian">
         <wf lemma="Postoji" pos="X">Postoji</wf>
         <wf lemma="velika" pos="X">velika</wf>
         <instance id="d000.s3755.t000" lemma="bojazan" pos="NOUN">bojazan</instance>
         <wf lemma="od" pos="X">od</wf>
         <wf lemma="širenja" pos="X">širenja</wf>
         <wf lemma="zaraze" pos="X">zaraze</wf>
         <wf lemma="." pos="X">.</wf>
      </sentence>
      <sentence id="d000.s3756" source="wordnet-croatian">
         <wf lemma="Nikada" pos="X">Nikada</wf>
         <wf lemma="se" pos="X">se</wf>
         <wf lemma="ne" pos="X">ne</wf>
         <wf lemma="smije" pos="X">smije</wf>
         <wf lemma="sputavati" pos="X">sputavati</wf>
         <wf lemma="nečija" pos="X">nečija</wf>
         <instance id="d000.s3756.t000" lemma="kreativnost" pos="NOUN">kreativnost</instance>
         <wf lemma="." pos="X">.</wf>
      </sentence>
      <sentence id="d000.s3757" source="wordnet-croatian">
         <instance id="d000.s3757.t000" lemma="predstavljanje" pos="NOUN">Predstavljanje</instance>
         <wf lemma="rezultat" pos="X">rezultat</wf>
         <wf lemma="istraživanja" pos="X">istraživanja</wf>
         <wf lemma="održano" pos="X">održano</wf>
         <wf lemma="je" pos="X">je</wf>
         <wf lemma="u" pos="X">u</wf>
         <wf lemma="velikoj" pos="X">velikoj</wf>
         <wf lemma="dvorani" pos="X">dvorani</wf>
         <wf lemma="." pos="X">.</wf>
      </sentence>
      <sentence id="d000.s3758" source="wordnet-croatian">
         <wf lemma="Imam" pos="X">Imam</wf>
         <instance id="d000.s3758.t000" lemma="let" pos="NOUN">let</instance>
         <wf lemma="za" pos="X">za</wf>
         <wf lemma="pola" pos="X">pola</wf>
         <wf lemma="sata" pos="X">sata</wf>
         <wf lemma="." pos="X">.</wf>
      </sentence>
      <sentence id="d000.s3759" source="wordnet-croatian">
         <wf lemma="Skladala" pos="X">Skladala</wf>
         <wf lemma="je" pos="X">je</wf>
         <wf lemma="skladbe" pos="X">skladbe</wf>
         <wf lemma="za" pos="X">za</wf>
         <instance id="d000.s3759.t000" lemma="udaraljka" pos="NOUN">udaraljke</instance>
         <wf lemma="." pos="X">.</wf>
      </sentence>
      <sentence id="d000.s3760" source="wordnet-croatian">
         <instance id="d000.s3760.t000" lemma="glasati" pos="VERB">Glasao</instance>
         <wf lemma="sam" pos="X">sam</wf>
         <wf lemma="za" pos="X">za</wf>
         <wf lemma="demokrate" pos="X">demokrate</wf>
         <wf lemma="." pos="X">.</wf>
      </sentence>
      <sentence id="d000.s3761" source="wordnet-croatian">
         <instance id="d000.s3761.t000" lemma="upozoriti" pos="VERB">Upozorio</instance>
         <wf lemma="sam" pos="X">sam</wf>
         <wf lemma="ga" pos="X">ga</wf>
         <wf lemma="da" pos="X">da</wf>
         <wf lemma="ne" pos="X">ne</wf>
         <wf lemma="ide" pos="X">ide</wf>
         <wf lemma="tako" pos="X">tako</wf>
         <wf lemma="daleko" pos="X">daleko</wf>
         <wf lemma="." pos="X">.</wf>
      </sentence>
      <sentence id="d000.s3762" source="wordnet-croatian">
         <instance id="d000.s3762.t000" lemma="suzdržati" pos="VERB">Suzdrži</instance>
         <wf lemma="svoju" pos="X">svoju</wf>
         <wf lemma="potrebu" pos="X">potrebu</wf>
         <wf lemma="za" pos="X">za</wf>
         <wf lemma="svađom" pos="X">svađom</wf>
         <wf lemma="." pos="X">.</wf>
      </sentence>
      <sentence id="d000.s3763" source="wordnet-croatian">
         <instance id="d000.s3763.t000" lemma="obnoviti" pos="VERB">Obnovila</instance>
         <wf lemma="je" pos="X">je</wf>
         <wf lemma="vjeru" pos="X">vjeru</wf>
         <wf lemma="u" pos="X">u</wf>
         <wf lemma="sebe" pos="X">sebe</wf>
         <wf lemma="nakon" pos="X">nakon</wf>
         <wf lemma="ovakvog" pos="X">ovakvog</wf>
         <wf lemma="uspjeha" pos="X">uspjeha</wf>
         <wf lemma="." pos="X">.</wf>
      </sentence>
      <sentence id="d000.s3764" source="wordnet-croatian">
         <instance id="d000.s3764.t000" lemma="kadmij" pos="NOUN">Kadmij</instance>
         <wf lemma="se" pos="X">se</wf>
         <wf lemma="koristi" pos="X">koristi</wf>
         <wf lemma="u" pos="X">u</wf>
         <wf lemma="nuklearnim" pos="X">nuklearnim</wf>
         <wf lemma="reaktorima" pos="X">reaktorima</wf>
         <wf lemma="." pos="X">.</wf>
      </sentence>
      <sentence id="d000.s3765" source="wordnet-croatian">
         <wf lemma="Iako" pos="X">Iako</wf>
         <wf lemma="su" pos="X">su</wf>
         <wf lemma="znanstvenici" pos="X">znanstvenici</wf>
         <wf lemma="davno" pos="X">davno</wf>
         <wf lemma="upozoravali" pos="X">upozoravali</wf>
         <wf lemma="na" pos="X">na</wf>
         <wf lemma="štetnost" pos="X">štetnost</wf>
         <wf lemma="životinjskih" pos="X">životinjskih</wf>
         <wf lemma="masnoća" pos="X">masnoća</wf>
         <wf lemma="," pos="X">,</wf>
         <wf lemma="ona" pos="X">ona</wf>
         <wf lemma="nikada" pos="X">nikada</wf>
         <wf lemma="nije" pos="X">nije</wf>
         <wf lemma="koristila" pos="X">koristila</wf>
         <wf lemma="biljna" pos="X">biljna</wf>
         <instance id="d000.s3765.t000" lemma="ulje" pos="NOUN">ulja</instance>
         <wf lemma="u" pos="X">u</wf>
         <wf lemma="kuhinji" pos="X">kuhinji</wf>
         <wf lemma="." pos="X">.</wf>
      </sentence>
      <sentence id="d000.s3766" source="wordnet-croatian">
         <wf lemma="Uvijek" pos="X">Uvijek</wf>
         <wf lemma="mi" pos="X">mi</wf>
         <wf lemma="je" pos="X">je</wf>
         <wf lemma="mučno" pos="X">mučno</wf>
         <wf lemma="kad" pos="X">kad</wf>
         <instance id="d000.s3766.t000" lemma="vijugati" pos="VERB">vijugamo</instance>
         <wf lemma="po" pos="X">po</wf>
         <wf lemma="cesti" pos="X">cesti</wf>
         <wf lemma="." pos="X">.</wf>
      </sentence>
      <sentence id="d000.s3767" source="wordnet-croatian">
         <wf lemma="Ubojica" pos="X">Ubojica</wf>
         <wf lemma="je" pos="X">je</wf>
         <wf lemma="koristio" pos="X">koristio</wf>
         <wf lemma="pištolj" pos="X">pištolj</wf>
         <wf lemma="s" pos="X">s</wf>
         <instance id="d000.s3767.t000" lemma="prigušivač" pos="NOUN">prigušivačem</instance>
         <wf lemma="," pos="X">,</wf>
         <wf lemma="zato" pos="X">zato</wf>
         <wf lemma="nitko" pos="X">nitko</wf>
         <wf lemma="nije" pos="X">nije</wf>
         <wf lemma="čuo" pos="X">čuo</wf>
         <wf lemma="pucanj" pos="X">pucanj</wf>
         <wf lemma="." pos="X">.</wf>
      </sentence>
      <sentence id="d000.s3768" source="wordnet-croatian">
         <wf lemma="U" pos="X">U</wf>
         <instance id="d000.s3768.t000" lemma="afekt" pos="NOUN">afektu</instance>
         <wf lemma="često" pos="X">često</wf>
         <wf lemma="kažemo" pos="X">kažemo</wf>
         <wf lemma="nešto" pos="X">nešto</wf>
         <wf lemma="što" pos="X">što</wf>
         <wf lemma="ne" pos="X">ne</wf>
         <wf lemma="mislimo" pos="X">mislimo</wf>
         <wf lemma="." pos="X">.</wf>
      </sentence>
      <sentence id="d000.s3769" source="wordnet-croatian">
         <wf lemma="Potrošio" pos="X">Potrošio</wf>
         <wf lemma="je" pos="X">je</wf>
         <wf lemma="svu" pos="X">svu</wf>
         <instance id="d000.s3769.t000" lemma="municija" pos="NOUN">municiju</instance>
         <wf lemma="," pos="X">,</wf>
         <wf lemma="a" pos="X">a</wf>
         <wf lemma="nije" pos="X">nije</wf>
         <wf lemma="ulovio" pos="X">ulovio</wf>
         <wf lemma="ništa" pos="X">ništa</wf>
         <wf lemma="." pos="X">.</wf>
      </sentence>
      <sentence id="d000.s3770" source="wordnet-croatian">
         <wf lemma="Pričuvne" pos="X">Pričuvne</wf>
         <wf lemma="snage" pos="X">snage</wf>
         <wf lemma="su" pos="X">su</wf>
         <wf lemma="se" pos="X">se</wf>
         <wf lemma="sastojale" pos="X">sastojale</wf>
         <wf lemma="od" pos="X">od</wf>
         <wf lemma="dvije" pos="X">dvije</wf>
         <wf lemma="pješačke" pos="X">pješačke</wf>
         <instance id="d000.s3770.t000" lemma="divizija" pos="NOUN">divizije</instance>
         <wf lemma="." pos="X">.</wf>
      </sentence>
      <sentence id="d000.s3771" source="wordnet-croatian">
         <wf lemma="Bio" pos="X">Bio</wf>
         <wf lemma="je" pos="X">je</wf>
         <instance id="d000.s3771.t000" lemma="brižan" pos="ADJ">brižan</instance>
         <wf lemma="prema" pos="X">prema</wf>
         <wf lemma="svojoj" pos="X">svojoj</wf>
         <wf lemma="djeci" pos="X">djeci</wf>
         <wf lemma="." pos="X">.</wf>
      </sentence>
      <sentence id="d000.s3772" source="wordnet-croatian">
         <wf lemma="Mnoge" pos="X">Mnoge</wf>
         <wf lemma="alotropske" pos="X">alotropske</wf>
         <wf lemma="varijacije" pos="X">varijacije</wf>
         <instance id="d000.s3772.t000" lemma="fosfor" pos="NOUN">fosfora</instance>
         <wf lemma="zapaljive" pos="X">zapaljive</wf>
         <wf lemma="su" pos="X">su</wf>
         <wf lemma="na" pos="X">na</wf>
         <wf lemma="zraku" pos="X">zraku</wf>
         <wf lemma="." pos="X">.</wf>
      </sentence>
      <sentence id="d000.s3773" source="wordnet-croatian">
         <wf lemma="U" pos="X">U</wf>
         <wf lemma="našim" pos="X">našim</wf>
         <wf lemma="trgovinama" pos="X">trgovinama</wf>
         <wf lemma="nudimo" pos="X">nudimo</wf>
         <wf lemma="veliki" pos="X">veliki</wf>
         <instance id="d000.s3773.t000" lemma="izbor" pos="NOUN">izbor</instance>
         <wf lemma="sagova" pos="X">sagova</wf>
         <wf lemma="po" pos="X">po</wf>
         <wf lemma="niskim" pos="X">niskim</wf>
         <wf lemma="cijenama" pos="X">cijenama</wf>
         <wf lemma="." pos="X">.</wf>
      </sentence>
      <sentence id="d000.s3774" source="wordnet-croatian">
         <wf lemma="Knjige" pos="X">Knjige</wf>
         <wf lemma="su" pos="X">su</wf>
         <wf lemma="bile" pos="X">bile</wf>
         <wf lemma="poslagane" pos="X">poslagane</wf>
         <wf lemma="na" pos="X">na</wf>
         <instance id="d000.s3774.t000" lemma="polica" pos="NOUN">polici</instance>
         <wf lemma="abecednim" pos="X">abecednim</wf>
         <wf lemma="redoslijedom" pos="X">redoslijedom</wf>
         <wf lemma="." pos="X">.</wf>
      </sentence>
      <sentence id="d000.s3775" source="wordnet-croatian">
         <instance id="d000.s3775.t000" lemma="bombardiranje" pos="NOUN">Bombardiranje</instance>
         <wf lemma="Londona" pos="X">Londona</wf>
         <wf lemma="trajalo" pos="X">trajalo</wf>
         <wf lemma="je" pos="X">je</wf>
         <wf lemma="mnogo" pos="X">mnogo</wf>
         <wf lemma="mjeseci" pos="X">mjeseci</wf>
         <wf lemma="." pos="X">.</wf>
      </sentence>
      <sentence id="d000.s3776" source="wordnet-croatian">
         <wf lemma="Na" pos="X">Na</wf>
         <wf lemma="čelu" pos="X">čelu</wf>
         <instance id="d000.s3776.t000" lemma="tvrtka" pos="NOUN">tvrtke</instance>
         <wf lemma="nalazi" pos="X">nalazi</wf>
         <wf lemma="se" pos="X">se</wf>
         <wf lemma="generalni" pos="X">generalni</wf>
         <wf lemma="direktor" pos="X">direktor</wf>
         <wf lemma="." pos="X">.</wf>
      </sentence>
      <sentence id="d000.s3777" source="wordnet-croatian">
         <instance id="d000.s3777.t000" lemma="ispražnjavanje" pos="NOUN">Ispražnjavanje</instance>
         <wf lemma="kontenjera" pos="X">kontenjera</wf>
         <wf lemma="obavlja" pos="X">obavlja</wf>
         <wf lemma="se" pos="X">se</wf>
         <wf lemma="pomoću" pos="X">pomoću</wf>
         <wf lemma="strojeva" pos="X">strojeva</wf>
         <wf lemma="." pos="X">.</wf>
      </sentence>
      <sentence id="d000.s3778" source="wordnet-croatian">
         <wf lemma="Takvo" pos="X">Takvo</wf>
         <wf lemma="je" pos="X">je</wf>
         <instance id="d000.s3778.t000" lemma="opći" pos="ADJ">opće</instance>
         <wf lemma="pravilo" pos="X">pravilo</wf>
         <wf lemma="i" pos="X">i</wf>
         <wf lemma="ne" pos="X">ne</wf>
         <wf lemma="može" pos="X">može</wf>
         <wf lemma="ga" pos="X">ga</wf>
         <wf lemma="se" pos="X">se</wf>
         <wf lemma="kršiti" pos="X">kršiti</wf>
         <wf lemma="." pos="X">.</wf>
      </sentence>
      <sentence id="d000.s3779" source="wordnet-croatian">
         <wf lemma="Na" pos="X">Na</wf>
         <instance id="d000.s3779.t000" lemma="teritorij" pos="NOUN">teritoriju</instance>
         <wf lemma="ovog" pos="X">ovog</wf>
         <wf lemma="grada" pos="X">grada</wf>
         <wf lemma="ne" pos="X">ne</wf>
         <wf lemma="smije" pos="X">smije</wf>
         <wf lemma="se" pos="X">se</wf>
         <wf lemma="nositi" pos="X">nositi</wf>
         <wf lemma="oružje" pos="X">oružje</wf>
         <wf lemma="." pos="X">.</wf>
      </sentence>
      <sentence id="d000.s3780" source="wordnet-croatian">
         <wf lemma="Neki" pos="X">Neki</wf>
         <wf lemma="restorani" pos="X">restorani</wf>
         <wf lemma="nude" pos="X">nude</wf>
         <wf lemma="pohanu" pos="X">pohanu</wf>
         <wf lemma="riblju" pos="X">riblju</wf>
         <instance id="d000.s3780.t000" lemma="mliječ" pos="NOUN">mliječ</instance>
         <wf lemma="." pos="X">.</wf>
      </sentence>
      <sentence id="d000.s3781" source="wordnet-croatian">
         <wf lemma="Važno" pos="X">Važno</wf>
         <wf lemma="je" pos="X">je</wf>
         <wf lemma="čuvati" pos="X">čuvati</wf>
         <instance id="d000.s3781.t000" lemma="star" pos="ADJ">stara</instance>
         <wf lemma="prijateljstva" pos="X">prijateljstva</wf>
         <wf lemma="." pos="X">.</wf>
      </sentence>
      <sentence id="d000.s3782" source="wordnet-croatian">
         <wf lemma="Moja" pos="X">Moja</wf>
         <wf lemma="žena" pos="X">žena</wf>
         <wf lemma="lako" pos="X">lako</wf>
         <instance id="d000.s3782.t000" lemma="prelaziti" pos="VERB">prelazi</instance>
         <wf lemma="sa" pos="X">sa</wf>
         <wf lemma="standardnog" pos="X">standardnog</wf>
         <wf lemma="jezika" pos="X">jezika</wf>
         <wf lemma="na" pos="X">na</wf>
         <wf lemma="rodni" pos="X">rodni</wf>
         <wf lemma="dijalekt" pos="X">dijalekt</wf>
         <wf lemma="." pos="X">.</wf>
      </sentence>
      <sentence id="d000.s3783" source="wordnet-croatian">
         <wf lemma="U" pos="X">U</wf>
         <wf lemma="fizici" pos="X">fizici</wf>
         <wf lemma="se" pos="X">se</wf>
         <instance id="d000.s3783.t000" lemma="fluid" pos="NOUN">fluidima</instance>
         <wf lemma="bavi" pos="X">bavi</wf>
         <wf lemma="mehanika" pos="X">mehanika</wf>
         <wf lemma="fluida" pos="X">fluida</wf>
         <wf lemma="." pos="X">.</wf>
      </sentence>
      <sentence id="d000.s3784" source="wordnet-croatian">
         <wf lemma="Nije" pos="X">Nije</wf>
         <wf lemma="zdravo" pos="X">zdravo</wf>
         <wf lemma="sjediti" pos="X">sjediti</wf>
         <wf lemma="na" pos="X">na</wf>
         <instance id="d000.s3784.t000" lemma="beton" pos="NOUN">betonu</instance>
         <wf lemma="." pos="X">.</wf>
      </sentence>
      <sentence id="d000.s3785" source="wordnet-croatian">
         <wf lemma="Stil" pos="X">Stil</wf>
         <wf lemma="odlikuje" pos="X">odlikuje</wf>
         <wf lemma="izrazita" pos="X">izrazita</wf>
         <instance id="d000.s3785.t000" lemma="jednostavnost" pos="NOUN">jednostavnost</instance>
         <wf lemma="." pos="X">.</wf>
      </sentence>
      <sentence id="d000.s3786" source="wordnet-croatian">
         <wf lemma="Muškarci" pos="X">Muškarci</wf>
         <wf lemma="ne" pos="X">ne</wf>
         <wf lemma="znaju" pos="X">znaju</wf>
         <wf lemma="koliko" pos="X">koliko</wf>
         <instance id="d000.s3786.t000" lemma="depilacija" pos="NOUN">depilacija</instance>
         <wf lemma="boli" pos="X">boli</wf>
         <wf lemma="." pos="X">.</wf>
      </sentence>
      <sentence id="d000.s3787" source="wordnet-croatian">
         <wf lemma="Bacio" pos="X">Bacio</wf>
         <wf lemma="sam" pos="X">sam</wf>
         <instance id="d000.s3787.t000" lemma="ostatak" pos="NOUN">ostatke</instance>
         <wf lemma="svoje" pos="X">svoje</wf>
         <wf lemma="večere" pos="X">večere</wf>
         <wf lemma="u" pos="X">u</wf>
         <wf lemma="smeće" pos="X">smeće</wf>
         <wf lemma="." pos="X">.</wf>
      </sentence>
      <sentence id="d000.s3788" source="wordnet-croatian">
         <wf lemma="Molim" pos="X">Molim</wf>
         <wf lemma="te" pos="X">te</wf>
         <wf lemma="," pos="X">,</wf>
         <instance id="d000.s3788.t000" lemma="ubaciti" pos="VERB">ubaci</instance>
         <wf lemma="grafikone" pos="X">grafikone</wf>
         <wf lemma="u" pos="X">u</wf>
         <wf lemma="tekst" pos="X">tekst</wf>
         <wf lemma="." pos="X">.</wf>
      </sentence>
      <sentence id="d000.s3789" source="wordnet-croatian">
         <instance id="d000.s3789.t000" lemma="slomiti" pos="VERB">Slomio</instance>
         <wf lemma="je" pos="X">je</wf>
         <wf lemma="stakleni" pos="X">stakleni</wf>
         <wf lemma="tanjur" pos="X">tanjur</wf>
         <wf lemma="." pos="X">.</wf>
      </sentence>
      <sentence id="d000.s3790" source="wordnet-croatian">
         <wf lemma="Tvoje" pos="X">Tvoje</wf>
         <instance id="d000.s3790.t000" lemma="flertanje" pos="NOUN">flertanje</instance>
         <wf lemma="s" pos="X">s</wf>
         <wf lemma="drugim" pos="X">drugim</wf>
         <wf lemma="ženama" pos="X">ženama</wf>
         <wf lemma="jako" pos="X">jako</wf>
         <wf lemma="me" pos="X">me</wf>
         <wf lemma="ljuti" pos="X">ljuti</wf>
         <wf lemma="!" pos="X">!</wf>
      </sentence>
      <sentence id="d000.s3791" source="wordnet-croatian">
         <instance id="d000.s3791.t000" lemma="proglas" pos="NOUN">Proglas</instance>
         <wf lemma="Zelene" pos="X">Zelene</wf>
         <wf lemma="stranke" pos="X">stranke</wf>
         <wf lemma="kaže" pos="X">kaže</wf>
         <wf lemma=":" pos="X">:</wf>
         <wf lemma="&quot;" pos="X">&quot;</wf>
         <wf lemma="Vratimo" pos="X">Vratimo</wf>
         <wf lemma="ulice" pos="X">ulice</wf>
         <wf lemma="ljudima" pos="X">ljudima</wf>
         <wf lemma="barem" pos="X">barem</wf>
         <wf lemma="jedan" pos="X">jedan</wf>
         <wf lemma="dan" pos="X">dan</wf>
         <wf lemma="u" pos="X">u</wf>
         <wf lemma="mjesecu" pos="X">mjesecu</wf>
         <wf lemma="&quot;" pos="X">&quot;</wf>
         <wf lemma="." pos="X">.</wf>
      </sentence>
      <sentence id="d000.s3792" source="wordnet-croatian">
         <wf lemma="Postoji" pos="X">Postoji</wf>
         <wf lemma="više" pos="X">više</wf>
         <instance id="d000.s3792.t000" lemma="način" pos="NOUN">načina</instance>
         <wf lemma="za" pos="X">za</wf>
         <wf lemma="dobivanje" pos="X">dobivanje</wf>
         <wf lemma="promaknuća" pos="X">promaknuća</wf>
         <wf lemma="." pos="X">.</wf>
      </sentence>
      <sentence id="d000.s3793" source="wordnet-croatian">
         <wf lemma="Bio" pos="X">Bio</wf>
         <wf lemma="je" pos="X">je</wf>
         <instance id="d000.s3793.t000" lemma="neovisan" pos="ADJ">neovisan</instance>
         <wf lemma="u" pos="X">u</wf>
         <wf lemma="donošenju" pos="X">donošenju</wf>
         <wf lemma="odluka" pos="X">odluka</wf>
         <wf lemma="i" pos="X">i</wf>
         <wf lemma="procjena" pos="X">procjena</wf>
         <wf lemma="." pos="X">.</wf>
      </sentence>
      <sentence id="d000.s3794" source="wordnet-croatian">
         <wf lemma="Djeca" pos="X">Djeca</wf>
         <wf lemma="mi" pos="X">mi</wf>
         <wf lemma="neprestano" pos="X">neprestano</wf>
         <instance id="d000.s3794.t000" lemma="uzrokovati" pos="VERB">uzrokuju</instance>
         <wf lemma="probleme" pos="X">probleme</wf>
         <wf lemma="." pos="X">.</wf>
      </sentence>
      <sentence id="d000.s3795" source="wordnet-croatian">
         <wf lemma="Možeš" pos="X">Možeš</wf>
         <wf lemma="li" pos="X">li</wf>
         <instance id="d000.s3795.t000" lemma="zamisliti" pos="VERB">zamisliti</instance>
         <wf lemma="situaciju" pos="X">situaciju</wf>
         <wf lemma="u" pos="X">u</wf>
         <wf lemma="kojoj" pos="X">kojoj</wf>
         <wf lemma="bi" pos="X">bi</wf>
         <wf lemma="on" pos="X">on</wf>
         <wf lemma="postao" pos="X">postao</wf>
         <wf lemma="predsjednik" pos="X">predsjednik</wf>
         <wf lemma="?" pos="X">?</wf>
      </sentence>
      <sentence id="d000.s3796" source="wordnet-croatian">
         <wf lemma="Zaboravio" pos="X">Zaboravio</wf>
         <wf lemma="sam" pos="X">sam</wf>
         <wf lemma="ponijeti" pos="X">ponijeti</wf>
         <instance id="d000.s3796.t000" lemma="pancerica" pos="NOUN">pancerice</instance>
         <wf lemma="kad" pos="X">kad</wf>
         <wf lemma="sam" pos="X">sam</wf>
         <wf lemma="prošle" pos="X">prošle</wf>
         <wf lemma="zime" pos="X">zime</wf>
         <wf lemma="išao" pos="X">išao</wf>
         <wf lemma="na" pos="X">na</wf>
         <wf lemma="skijanje" pos="X">skijanje</wf>
         <wf lemma="u" pos="X">u</wf>
         <wf lemma="Austriju" pos="X">Austriju</wf>
         <wf lemma="." pos="X">.</wf>
      </sentence>
      <sentence id="d000.s3797" source="wordnet-croatian">
         <wf lemma="U" pos="X">U</wf>
         <wf lemma="taj" pos="X">taj</wf>
         <wf lemma="kasni" pos="X">kasni</wf>
         <instance id="d000.s3797.t000" lemma="sat" pos="NOUN">sat</instance>
         <wf lemma="ulice" pos="X">ulice</wf>
         <wf lemma="su" pos="X">su</wf>
         <wf lemma="bile" pos="X">bile</wf>
         <wf lemma="potpuno" pos="X">potpuno</wf>
         <wf lemma="prazne" pos="X">prazne</wf>
         <wf lemma="." pos="X">.</wf>
      </sentence>
      <sentence id="d000.s3798" source="wordnet-croatian">
         <wf lemma="Imala" pos="X">Imala</wf>
         <wf lemma="je" pos="X">je</wf>
         <instance id="d000.s3798.t000" lemma="suh" pos="ADJ">suhu</instance>
         <wf lemma="kožu" pos="X">kožu</wf>
         <wf lemma="pa" pos="X">pa</wf>
         <wf lemma="ju" pos="X">ju</wf>
         <wf lemma="je" pos="X">je</wf>
         <wf lemma="neprestano" pos="X">neprestano</wf>
         <wf lemma="mazala" pos="X">mazala</wf>
         <wf lemma="kremom" pos="X">kremom</wf>
         <wf lemma="." pos="X">.</wf>
      </sentence>
      <sentence id="d000.s3799" source="wordnet-croatian">
         <wf lemma="Cijela" pos="X">Cijela</wf>
         <wf lemma="je" pos="X">je</wf>
         <wf lemma="kuća" pos="X">kuća</wf>
         <wf lemma="odisala" pos="X">odisala</wf>
         <wf lemma="nekom" pos="X">nekom</wf>
         <wf lemma="mističnom" pos="X">mističnom</wf>
         <instance id="d000.s3799.t000" lemma="atmosfera" pos="NOUN">atmosferom</instance>
         <wf lemma="." pos="X">.</wf>
      </sentence>
      <sentence id="d000.s3800" source="wordnet-croatian">
         <wf lemma="Letak" pos="X">Letak</wf>
         <instance id="d000.s3800.t000" lemma="vrijediti" pos="VERB">vrijedi</instance>
         <wf lemma="kao" pos="X">kao</wf>
         <wf lemma="ulaznica" pos="X">ulaznica</wf>
         <wf lemma="za" pos="X">za</wf>
         <wf lemma="dvije" pos="X">dvije</wf>
         <wf lemma="osobe" pos="X">osobe</wf>
         <wf lemma="." pos="X">.</wf>
      </sentence>
      <sentence id="d000.s3801" source="wordnet-croatian">
         <wf lemma="Sama" pos="X">Sama</wf>
         <wf lemma="sam" pos="X">sam</wf>
         <wf lemma="izradila" pos="X">izradila</wf>
         <instance id="d000.s3801.t000" lemma="okvir" pos="NOUN">okvir</instance>
         <wf lemma="za" pos="X">za</wf>
         <wf lemma="slike" pos="X">slike</wf>
         <wf lemma="." pos="X">.</wf>
      </sentence>
      <sentence id="d000.s3802" source="wordnet-croatian">
         <wf lemma="Gange" pos="X">Gange</wf>
         <wf lemma="me" pos="X">me</wf>
         <instance id="d000.s3802.t000" lemma="tjerati" pos="VERB">tjeraju</instance>
         <wf lemma="na" pos="X">na</wf>
         <wf lemma="duboku" pos="X">duboku</wf>
         <wf lemma="meditativnost" pos="X">meditativnost</wf>
         <wf lemma="." pos="X">.</wf>
      </sentence>
      <sentence id="d000.s3803" source="wordnet-croatian">
         <wf lemma="Molim" pos="X">Molim</wf>
         <wf lemma="te" pos="X">te</wf>
         <wf lemma="," pos="X">,</wf>
         <instance id="d000.s3803.t000" lemma="donijeti" pos="VERB">donesi</instance>
         <wf lemma="puno" pos="X">puno</wf>
         <wf lemma="vina" pos="X">vina</wf>
         <wf lemma="." pos="X">.</wf>
      </sentence>
      <sentence id="d000.s3804" source="wordnet-croatian">
         <instance id="d000.s3804.t000" lemma="ravnalo" pos="NOUN">Ravnalo</instance>
         <wf lemma="i" pos="X">i</wf>
         <wf lemma="trokut" pos="X">trokut</wf>
         <wf lemma="osnovni" pos="X">osnovni</wf>
         <wf lemma="su" pos="X">su</wf>
         <wf lemma="dijelovi" pos="X">dijelovi</wf>
         <wf lemma="geometrijskog" pos="X">geometrijskog</wf>
         <wf lemma="pribora" pos="X">pribora</wf>
         <wf lemma="." pos="X">.</wf>
      </sentence>
      <sentence id="d000.s3805" source="wordnet-croatian">
         <wf lemma="Nije" pos="X">Nije</wf>
         <wf lemma="propuštao" pos="X">propuštao</wf>
         <wf lemma="svoju" pos="X">svoju</wf>
         <instance id="d000.s3805.t000" lemma="šetnja" pos="NOUN">šetnju</instance>
         <wf lemma="niti" pos="X">niti</wf>
         <wf lemma="po" pos="X">po</wf>
         <wf lemma="kiši" pos="X">kiši</wf>
         <wf lemma="." pos="X">.</wf>
      </sentence>
      <sentence id="d000.s3806" source="wordnet-croatian">
         <wf lemma="Koralji" pos="X">Koralji</wf>
         <wf lemma="su" pos="X">su</wf>
         <instance id="d000.s3806.t000" lemma="pripadnik" pos="NOUN">pripadnici</instance>
         <wf lemma="carstva" pos="X">carstva</wf>
         <wf lemma="životinja" pos="X">životinja</wf>
         <wf lemma="." pos="X">.</wf>
      </sentence>
      <sentence id="d000.s3807" source="wordnet-croatian">
         <instance id="d000.s3807.t000" lemma="snimiti" pos="VERB">Snimili</instance>
         <wf lemma="su" pos="X">su</wf>
         <wf lemma="svoje" pos="X">svoje</wf>
         <wf lemma="pjevanje" pos="X">pjevanje</wf>
         <wf lemma="." pos="X">.</wf>
      </sentence>
      <sentence id="d000.s3808" source="wordnet-croatian">
         <wf lemma="Žalio" pos="X">Žalio</wf>
         <wf lemma="se" pos="X">se</wf>
         <wf lemma="na" pos="X">na</wf>
         <instance id="d000.s3808.t000" lemma="odluka" pos="NOUN">odluku</instance>
         <wf lemma="suda" pos="X">suda</wf>
         <wf lemma="." pos="X">.</wf>
      </sentence>
      <sentence id="d000.s3809" source="wordnet-croatian">
         <wf lemma="Na" pos="X">Na</wf>
         <wf lemma="kraju" pos="X">kraju</wf>
         <instance id="d000.s3809.t000" lemma="umiksati" pos="VERB">umiksajte</instance>
         <wf lemma="jaja" pos="X">jaja</wf>
         <wf lemma="u" pos="X">u</wf>
         <wf lemma="brašno" pos="X">brašno</wf>
         <wf lemma="." pos="X">.</wf>
      </sentence>
      <sentence id="d000.s3810" source="wordnet-croatian">
         <wf lemma="Rješavanjem" pos="X">Rješavanjem</wf>
         <wf lemma="različitih" pos="X">različitih</wf>
         <wf lemma="zagonetki" pos="X">zagonetki</wf>
         <wf lemma="povećavao" pos="X">povećavao</wf>
         <wf lemma="je" pos="X">je</wf>
         <instance id="d000.s3810.t000" lemma="moć" pos="NOUN">moć</instance>
         <wf lemma="svoga" pos="X">svoga</wf>
         <wf lemma="uma" pos="X">uma</wf>
         <wf lemma="." pos="X">.</wf>
      </sentence>
      <sentence id="d000.s3811" source="wordnet-croatian">
         <instance id="d000.s3811.t000" lemma="uložiti" pos="VERB">Uložio</instance>
         <wf lemma="sam" pos="X">sam</wf>
         <wf lemma="mnogo" pos="X">mnogo</wf>
         <wf lemma="truda" pos="X">truda</wf>
         <wf lemma="u" pos="X">u</wf>
         <wf lemma="uspjeh" pos="X">uspjeh</wf>
         <wf lemma="naše" pos="X">naše</wf>
         <wf lemma="tvrtke" pos="X">tvrtke</wf>
         <wf lemma="." pos="X">.</wf>
      </sentence>
      <sentence id="d000.s3812" source="wordnet-croatian">
         <wf lemma="Jednim" pos="X">Jednim</wf>
         <instance id="d000.s3812.t000" lemma="potez" pos="NOUN">potezom</instance>
         <wf lemma="policajac" pos="X">policajac</wf>
         <wf lemma="je" pos="X">je</wf>
         <wf lemma="srušio" pos="X">srušio</wf>
         <wf lemma="napadača" pos="X">napadača</wf>
         <wf lemma="." pos="X">.</wf>
      </sentence>
      <sentence id="d000.s3813" source="wordnet-croatian">
         <wf lemma="Izbacit" pos="X">Izbacit</wf>
         <wf lemma="ću" pos="X">ću</wf>
         <wf lemma="vas" pos="X">vas</wf>
         <wf lemma="zbog" pos="X">zbog</wf>
         <instance id="d000.s3813.t000" lemma="ometanje" pos="NOUN">ometanja</instance>
         <wf lemma="nastave" pos="X">nastave</wf>
         <wf lemma="!" pos="X">!</wf>
      </sentence>
      <sentence id="d000.s3814" source="wordnet-croatian">
         <wf lemma="Ona" pos="X">Ona</wf>
         <wf lemma="čak" pos="X">čak</wf>
         <wf lemma="ne" pos="X">ne</wf>
         <wf lemma="zna" pos="X">zna</wf>
         <wf lemma="ni" pos="X">ni</wf>
         <wf lemma="nabrojiti" pos="X">nabrojiti</wf>
         <wf lemma="sve" pos="X">sve</wf>
         <instance id="d000.s3814.t000" lemma="lik" pos="NOUN">likove</instance>
         <wf lemma="." pos="X">.</wf>
      </sentence>
      <sentence id="d000.s3815" source="wordnet-croatian">
         <wf lemma="Hladni" pos="X">Hladni</wf>
         <wf lemma="nas" pos="X">nas</wf>
         <wf lemma="je" pos="X">je</wf>
         <wf lemma="tuš" pos="X">tuš</wf>
         <wf lemma="sve" pos="X">sve</wf>
         <instance id="d000.s3815.t000" lemma="osvježiti" pos="VERB">osvježio</instance>
         <wf lemma="." pos="X">.</wf>
      </sentence>
      <sentence id="d000.s3816" source="wordnet-croatian">
         <wf lemma="Kolomaz" pos="X">Kolomaz</wf>
         <wf lemma="je" pos="X">je</wf>
         <instance id="d000.s3816.t000" lemma="mazivo" pos="NOUN">mazivo</instance>
         <wf lemma="crne" pos="X">crne</wf>
         <wf lemma="boje" pos="X">boje</wf>
         <wf lemma="koje" pos="X">koje</wf>
         <wf lemma="služi" pos="X">služi</wf>
         <wf lemma="za" pos="X">za</wf>
         <wf lemma="podmazivanje" pos="X">podmazivanje</wf>
         <wf lemma="ležajeva" pos="X">ležajeva</wf>
         <wf lemma="glavina" pos="X">glavina</wf>
         <wf lemma="kotača" pos="X">kotača</wf>
         <wf lemma="na" pos="X">na</wf>
         <wf lemma="motornim" pos="X">motornim</wf>
         <wf lemma="vozilima" pos="X">vozilima</wf>
         <wf lemma="." pos="X">.</wf>
      </sentence>
      <sentence id="d000.s3817" source="wordnet-croatian">
         <wf lemma="Knjiga" pos="X">Knjiga</wf>
         <wf lemma="počinje" pos="X">počinje</wf>
         <wf lemma="izvrsnom" pos="X">izvrsnom</wf>
         <instance id="d000.s3817.t000" lemma="diskusija" pos="NOUN">diskusijom</instance>
         <wf lemma="o" pos="X">o</wf>
         <wf lemma="načelima" pos="X">načelima</wf>
         <wf lemma="estetike" pos="X">estetike</wf>
         <wf lemma="." pos="X">.</wf>
      </sentence>
      <sentence id="d000.s3818" source="wordnet-croatian">
         <wf lemma="Bila" pos="X">Bila</wf>
         <wf lemma="je" pos="X">je</wf>
         <instance id="d000.s3818.t000" lemma="dobar" pos="ADJ">dobra</instance>
         <wf lemma="u" pos="X">u</wf>
         <wf lemma="rješavanju" pos="X">rješavanju</wf>
         <wf lemma="hitnih" pos="X">hitnih</wf>
         <wf lemma="zadataka" pos="X">zadataka</wf>
         <wf lemma="." pos="X">.</wf>
      </sentence>
      <sentence id="d000.s3819" source="wordnet-croatian">
         <wf lemma="Prema" pos="X">Prema</wf>
         <wf lemma="njima" pos="X">njima</wf>
         <wf lemma="se" pos="X">se</wf>
         <wf lemma="treba" pos="X">treba</wf>
         <wf lemma="ponašati" pos="X">ponašati</wf>
         <wf lemma="kao" pos="X">kao</wf>
         <wf lemma="prema" pos="X">prema</wf>
         <wf lemma="sebi" pos="X">sebi</wf>
         <instance id="d000.s3819.t000" lemma="ravnopravan" pos="NOUN">ravnopravnima</instance>
         <wf lemma="." pos="X">.</wf>
      </sentence>
      <sentence id="d000.s3820" source="wordnet-croatian">
         <wf lemma="Ona" pos="X">Ona</wf>
         <wf lemma="je" pos="X">je</wf>
         <wf lemma="obožavala" pos="X">obožavala</wf>
         <instance id="d000.s3820.t000" lemma="jahati" pos="VERB">jahati</instance>
         <wf lemma="na" pos="X">na</wf>
         <wf lemma="devama" pos="X">devama</wf>
         <wf lemma="." pos="X">.</wf>
      </sentence>
      <sentence id="d000.s3821" source="wordnet-croatian">
         <instance id="d000.s3821.t000" lemma="stati" pos="VERB">Stao</instance>
         <wf lemma="je" pos="X">je</wf>
         <wf lemma="vikati" pos="X">vikati</wf>
         <wf lemma="na" pos="X">na</wf>
         <wf lemma="mene" pos="X">mene</wf>
         <wf lemma="bez" pos="X">bez</wf>
         <wf lemma="razloga" pos="X">razloga</wf>
         <wf lemma="." pos="X">.</wf>
      </sentence>
      <sentence id="d000.s3822" source="wordnet-croatian">
         <wf lemma="Proizvodi" pos="X">Proizvodi</wf>
         <wf lemma="su" pos="X">su</wf>
         <wf lemma="se" pos="X">se</wf>
         <wf lemma="prenosili" pos="X">prenosili</wf>
         <wf lemma="u" pos="X">u</wf>
         <wf lemma="drugi" pos="X">drugi</wf>
         <wf lemma="dio" pos="X">dio</wf>
         <wf lemma="tvornice" pos="X">tvornice</wf>
         <wf lemma="pomičnom" pos="X">pomičnom</wf>
         <instance id="d000.s3822.t000" lemma="traka" pos="NOUN">trakom</instance>
         <wf lemma="." pos="X">.</wf>
      </sentence>
      <sentence id="d000.s3823" source="wordnet-croatian">
         <wf lemma="Drugom" pos="X">Drugom</wf>
         <wf lemma="izdanju" pos="X">izdanju</wf>
         <wf lemma="svoga" pos="X">svoga</wf>
         <wf lemma="priručnika" pos="X">priručnika</wf>
         <instance id="d000.s3823.t000" lemma="dodati" pos="VERB">dodao</instance>
         <wf lemma="je" pos="X">je</wf>
         <wf lemma="detaljni" pos="X">detaljni</wf>
         <wf lemma="pojmovnik" pos="X">pojmovnik</wf>
         <wf lemma="i" pos="X">i</wf>
         <wf lemma="upute" pos="X">upute</wf>
         <wf lemma="za" pos="X">za</wf>
         <wf lemma="korištenje" pos="X">korištenje</wf>
         <wf lemma="." pos="X">.</wf>
      </sentence>
      <sentence id="d000.s3824" source="wordnet-croatian">
         <wf lemma="Ljubomora" pos="X">Ljubomora</wf>
         <wf lemma="je" pos="X">je</wf>
         <wf lemma="bila" pos="X">bila</wf>
         <wf lemma="neprivlačna" pos="X">neprivlačna</wf>
         <instance id="d000.s3824.t000" lemma="komponenta" pos="NOUN">komponenta</instance>
         <wf lemma="njegova" pos="X">njegova</wf>
         <wf lemma="karaktera" pos="X">karaktera</wf>
         <wf lemma="." pos="X">.</wf>
      </sentence>
      <sentence id="d000.s3825" source="wordnet-croatian">
         <wf lemma="Zavidna" pos="X">Zavidna</wf>
         <wf lemma="sam" pos="X">sam</wf>
         <wf lemma="joj" pos="X">joj</wf>
         <wf lemma="na" pos="X">na</wf>
         <wf lemma="tome" pos="X">tome</wf>
         <wf lemma="kako" pos="X">kako</wf>
         <wf lemma="si" pos="X">si</wf>
         <wf lemma="je" pos="X">je</wf>
         <instance id="d000.s3825.t000" lemma="urediti" pos="VERB">uredila</instance>
         <wf lemma="život" pos="X">život</wf>
         <wf lemma="." pos="X">.</wf>
      </sentence>
      <sentence id="d000.s3826" source="wordnet-croatian">
         <wf lemma="Zubar" pos="X">Zubar</wf>
         <wf lemma="je" pos="X">je</wf>
         <wf lemma="uspio" pos="X">uspio</wf>
         <instance id="d000.s3826.t000" lemma="ukloniti" pos="VERB">ukloniti</instance>
         <wf lemma="iz" pos="X">iz</wf>
         <wf lemma="usne" pos="X">usne</wf>
         <wf lemma="šupljine" pos="X">šupljine</wf>
         <wf lemma="ukliješteni" pos="X">ukliješteni</wf>
         <wf lemma="komadić" pos="X">komadić</wf>
         <wf lemma="hrane" pos="X">hrane</wf>
         <wf lemma="." pos="X">.</wf>
      </sentence>
      <sentence id="d000.s3827" source="wordnet-croatian">
         <wf lemma="Boli" pos="X">Boli</wf>
         <wf lemma="me" pos="X">me</wf>
         <instance id="d000.s3827.t000" lemma="koljeno" pos="NOUN">koljeno</instance>
         <wf lemma="od" pos="X">od</wf>
         <wf lemma="trčanja" pos="X">trčanja</wf>
         <wf lemma="." pos="X">.</wf>
      </sentence>
      <sentence id="d000.s3828" source="wordnet-croatian">
         <wf lemma="Helikopter" pos="X">Helikopter</wf>
         <wf lemma="se" pos="X">se</wf>
         <wf lemma="srušio" pos="X">srušio</wf>
         <wf lemma="jer" pos="X">jer</wf>
         <wf lemma="mu" pos="X">mu</wf>
         <wf lemma="je" pos="X">je</wf>
         <wf lemma="otpala" pos="X">otpala</wf>
         <instance id="d000.s3828.t000" lemma="elisa" pos="NOUN">elisa</instance>
         <wf lemma="." pos="X">.</wf>
      </sentence>
      <sentence id="d000.s3829" source="wordnet-croatian">
         <wf lemma="Za" pos="X">Za</wf>
         <wf lemma="uspješno" pos="X">uspješno</wf>
         <wf lemma="funkcioniranje" pos="X">funkcioniranje</wf>
         <wf lemma="države" pos="X">države</wf>
         <wf lemma="potrebno" pos="X">potrebno</wf>
         <wf lemma="je" pos="X">je</wf>
         <wf lemma="smanjiti" pos="X">smanjiti</wf>
         <wf lemma="broj" pos="X">broj</wf>
         <wf lemma="nepotrebnih" pos="X">nepotrebnih</wf>
         <wf lemma="administrativnih" pos="X">administrativnih</wf>
         <instance id="d000.s3829.t000" lemma="jedinica" pos="NOUN">jedinica</instance>
         <wf lemma="." pos="X">.</wf>
      </sentence>
      <sentence id="d000.s3830" source="wordnet-croatian">
         <wf lemma="Glagolski" pos="X">Glagolski</wf>
         <instance id="d000.s3830.t000" lemma="aspekt" pos="NOUN">aspekt</instance>
         <wf lemma="predstavlja" pos="X">predstavlja</wf>
         <wf lemma="strancima" pos="X">strancima</wf>
         <wf lemma="velik" pos="X">velik</wf>
         <wf lemma="problem" pos="X">problem</wf>
         <wf lemma="pri" pos="X">pri</wf>
         <wf lemma="učenju" pos="X">učenju</wf>
         <wf lemma="hrvatskog" pos="X">hrvatskog</wf>
         <wf lemma="jezika" pos="X">jezika</wf>
         <wf lemma="." pos="X">.</wf>
      </sentence>
      <sentence id="d000.s3831" source="wordnet-croatian">
         <wf lemma="Molim" pos="X">Molim</wf>
         <wf lemma="te" pos="X">te</wf>
         <wf lemma="," pos="X">,</wf>
         <instance id="d000.s3831.t000" lemma="izbrisati" pos="VERB">izbriši</instance>
         <wf lemma="sve" pos="X">sve</wf>
         <wf lemma="riječi" pos="X">riječi</wf>
         <wf lemma="koje" pos="X">koje</wf>
         <wf lemma="počinju" pos="X">počinju</wf>
         <wf lemma="samoglasnikom" pos="X">samoglasnikom</wf>
         <wf lemma="." pos="X">.</wf>
      </sentence>
      <sentence id="d000.s3832" source="wordnet-croatian">
         <wf lemma="Ova" pos="X">Ova</wf>
         <wf lemma="mjera" pos="X">mjera</wf>
         <instance id="d000.s3832.t000" lemma="predstavljati" pos="VERB">predstavlja</instance>
         <wf lemma="napad" pos="X">napad</wf>
         <wf lemma="na" pos="X">na</wf>
         <wf lemma="našu" pos="X">našu</wf>
         <wf lemma="slobodu" pos="X">slobodu</wf>
         <wf lemma="." pos="X">.</wf>
      </sentence>
      <sentence id="d000.s3833" source="wordnet-croatian">
         <instance id="d000.s3833.t000" lemma="dagnja" pos="NOUN">Dagnje</instance>
         <wf lemma="su" pos="X">su</wf>
         <wf lemma="mi" pos="X">mi</wf>
         <wf lemma="bile" pos="X">bile</wf>
         <wf lemma="malo" pos="X">malo</wf>
         <wf lemma="preslane" pos="X">preslane</wf>
         <wf lemma="." pos="X">.</wf>
      </sentence>
      <sentence id="d000.s3834" source="wordnet-croatian">
         <wf lemma="Marica" pos="X">Marica</wf>
         <wf lemma="je" pos="X">je</wf>
         <instance id="d000.s3834.t000" lemma="sestra" pos="NOUN">sestra</instance>
         <wf lemma="iz" pos="X">iz</wf>
         <wf lemma="udruge" pos="X">udruge</wf>
         <wf lemma="&quot;" pos="X">&quot;</wf>
         <wf lemma="Zlatni" pos="X">Zlatni</wf>
         <wf lemma="klas" pos="X">klas</wf>
         <wf lemma="&quot;" pos="X">&quot;</wf>
         <wf lemma="." pos="X">.</wf>
      </sentence>
      <sentence id="d000.s3835" source="wordnet-croatian">
         <wf lemma="Gospođa" pos="X">Gospođa</wf>
         <wf lemma="Jaga" pos="X">Jaga</wf>
         <instance id="d000.s3835.t000" lemma="prekopati" pos="VERB">prekopala</instance>
         <wf lemma="je" pos="X">je</wf>
         <wf lemma="svoj" pos="X">svoj</wf>
         <wf lemma="povrtnjak" pos="X">povrtnjak</wf>
         <wf lemma="prije" pos="X">prije</wf>
         <wf lemma="sadnje" pos="X">sadnje</wf>
         <wf lemma="rajčica" pos="X">rajčica</wf>
         <wf lemma="." pos="X">.</wf>
      </sentence>
      <sentence id="d000.s3836" source="wordnet-croatian">
         <instance id="d000.s3836.t000" lemma="pohraniti" pos="VERB">Pohranila</instance>
         <wf lemma="sam" pos="X">sam</wf>
         <wf lemma="nakit" pos="X">nakit</wf>
         <wf lemma="u" pos="X">u</wf>
         <wf lemma="banci" pos="X">banci</wf>
         <wf lemma="." pos="X">.</wf>
      </sentence>
      <sentence id="d000.s3837" source="wordnet-croatian">
         <wf lemma="Njegova" pos="X">Njegova</wf>
         <wf lemma="se" pos="X">se</wf>
         <instance id="d000.s3837.t000" lemma="energičnost" pos="NOUN">energičnost</instance>
         <wf lemma="prelila" pos="X">prelila</wf>
         <wf lemma="i" pos="X">i</wf>
         <wf lemma="na" pos="X">na</wf>
         <wf lemma="njegove" pos="X">njegove</wf>
         <wf lemma="slike" pos="X">slike</wf>
         <wf lemma="." pos="X">.</wf>
      </sentence>
      <sentence id="d000.s3838" source="wordnet-croatian">
         <wf lemma="Ta" pos="X">Ta</wf>
         <wf lemma="vrsta" pos="X">vrsta</wf>
         <wf lemma="ne" pos="X">ne</wf>
         <instance id="d000.s3838.t000" lemma="preživljavati" pos="VERB">preživljava</instance>
         <wf lemma="ekstremno" pos="X">ekstremno</wf>
         <wf lemma="visoke" pos="X">visoke</wf>
         <wf lemma="temperature" pos="X">temperature</wf>
         <wf lemma="." pos="X">.</wf>
      </sentence>
      <sentence id="d000.s3839" source="wordnet-croatian">
         <wf lemma="liječnici" pos="X">liječnici</wf>
         <wf lemma="su" pos="X">su</wf>
         <wf lemma="danonoćno" pos="X">danonoćno</wf>
         <wf lemma="nastojali" pos="X">nastojali</wf>
         <wf lemma="spasiti" pos="X">spasiti</wf>
         <wf lemma="njegov" pos="X">njegov</wf>
         <instance id="d000.s3839.t000" lemma="život" pos="NOUN">život</instance>
         <wf lemma="." pos="X">.</wf>
      </sentence>
      <sentence id="d000.s3840" source="wordnet-croatian">
         <wf lemma="Šarenim" pos="X">Šarenim</wf>
         <wf lemma="je" pos="X">je</wf>
         <instance id="d000.s3840.t000" lemma="prostirač" pos="NOUN">prostiračima</instance>
         <wf lemma="unijela" pos="X">unijela</wf>
         <wf lemma="dodatnu" pos="X">dodatnu</wf>
         <wf lemma="toplinu" pos="X">toplinu</wf>
         <wf lemma="u" pos="X">u</wf>
         <wf lemma="svoj" pos="X">svoj</wf>
         <wf lemma="dom" pos="X">dom</wf>
         <wf lemma="." pos="X">.</wf>
      </sentence>
      <sentence id="d000.s3841" source="wordnet-croatian">
         <wf lemma="Ako" pos="X">Ako</wf>
         <instance id="d000.s3841.t000" lemma="miješati" pos="VERB">miješaš</instance>
         <wf lemma="konja" pos="X">konja</wf>
         <wf lemma="i" pos="X">i</wf>
         <wf lemma="magaricu" pos="X">magaricu</wf>
         <wf lemma="dobit" pos="X">dobit</wf>
         <wf lemma="ćeš" pos="X">ćeš</wf>
         <wf lemma="mazgu" pos="X">mazgu</wf>
         <wf lemma="." pos="X">.</wf>
      </sentence>
      <sentence id="d000.s3842" source="wordnet-croatian">
         <wf lemma="Prevršio" pos="X">Prevršio</wf>
         <wf lemma="si" pos="X">si</wf>
         <wf lemma="svaku" pos="X">svaku</wf>
         <instance id="d000.s3842.t000" lemma="mjera" pos="NOUN">mjeru</instance>
         <wf lemma="!" pos="X">!</wf>
      </sentence>
      <sentence id="d000.s3843" source="wordnet-croatian">
         <wf lemma="Žena" pos="X">Žena</wf>
         <wf lemma="me" pos="X">me</wf>
         <wf lemma="vječito" pos="X">vječito</wf>
         <instance id="d000.s3843.t000" lemma="prekoravati" pos="VERB">prekorava</instance>
         <wf lemma="zbog" pos="X">zbog</wf>
         <wf lemma="loše" pos="X">loše</wf>
         <wf lemma="higijene" pos="X">higijene</wf>
         <wf lemma="." pos="X">.</wf>
      </sentence>
      <sentence id="d000.s3844" source="wordnet-croatian">
         <wf lemma="Lopov" pos="X">Lopov</wf>
         <wf lemma="je" pos="X">je</wf>
         <wf lemma="u" pos="X">u</wf>
         <wf lemma="trenu" pos="X">trenu</wf>
         <wf lemma="nestao" pos="X">nestao</wf>
         <wf lemma="iza" pos="X">iza</wf>
         <instance id="d000.s3844.t000" lemma="ugao" pos="NOUN">ugla</instance>
         <wf lemma="." pos="X">.</wf>
      </sentence>
      <sentence id="d000.s3845" source="wordnet-croatian">
         <wf lemma="Nikada" pos="X">Nikada</wf>
         <wf lemma="nije" pos="X">nije</wf>
         <wf lemma="mogao" pos="X">mogao</wf>
         <instance id="d000.s3845.t000" lemma="obuzdati" pos="VERB">obuzdati</instance>
         <wf lemma="svoju" pos="X">svoju</wf>
         <wf lemma="divlju" pos="X">divlju</wf>
         <wf lemma="ćud" pos="X">ćud</wf>
         <wf lemma="." pos="X">.</wf>
      </sentence>
      <sentence id="d000.s3846" source="wordnet-croatian">
         <wf lemma="Organski" pos="X">Organski</wf>
         <instance id="d000.s3846.t000" lemma="kositar" pos="NOUN">kositar</instance>
         <wf lemma="može" pos="X">može</wf>
         <wf lemma="se" pos="X">se</wf>
         <wf lemma="na" pos="X">na</wf>
         <wf lemma="nižim" pos="X">nižim</wf>
         <wf lemma="temperaturama" pos="X">temperaturama</wf>
         <wf lemma="pretvoriti" pos="X">pretvoriti</wf>
         <wf lemma="u" pos="X">u</wf>
         <wf lemma="prah" pos="X">prah</wf>
         <wf lemma="koji" pos="X">koji</wf>
         <wf lemma="se" pos="X">se</wf>
         <wf lemma="naziva" pos="X">naziva</wf>
         <wf lemma="kositrena" pos="X">kositrena</wf>
         <wf lemma="kuga" pos="X">kuga</wf>
         <wf lemma="." pos="X">.</wf>
      </sentence>
      <sentence id="d000.s3847" source="wordnet-croatian">
         <instance id="d000.s3847.t000" lemma="nepodudarnost" pos="NOUN">Nepodudarnost</instance>
         <wf lemma="cipela" pos="X">cipela</wf>
         <wf lemma="i" pos="X">i</wf>
         <wf lemma="torbe" pos="X">torbe</wf>
         <wf lemma="nije" pos="X">nije</wf>
         <wf lemma="postojala" pos="X">postojala</wf>
         <wf lemma="kao" pos="X">kao</wf>
         <wf lemma="mogućnost" pos="X">mogućnost</wf>
         <wf lemma="u" pos="X">u</wf>
         <wf lemma="njezinu" pos="X">njezinu</wf>
         <wf lemma="stilu" pos="X">stilu</wf>
         <wf lemma="odijevanja" pos="X">odijevanja</wf>
         <wf lemma="." pos="X">.</wf>
      </sentence>
      <sentence id="d000.s3848" source="wordnet-croatian">
         <wf lemma="Još" pos="X">Još</wf>
         <wf lemma="uvijek" pos="X">uvijek</wf>
         <wf lemma="svake" pos="X">svake</wf>
         <wf lemma="subote" pos="X">subote</wf>
         <instance id="d000.s3848.t000" lemma="izlaziti" pos="VERB">izlazim</instance>
         <wf lemma="s" pos="X">s</wf>
         <wf lemma="prijateljima" pos="X">prijateljima</wf>
         <wf lemma="iz" pos="X">iz</wf>
         <wf lemma="srednje" pos="X">srednje</wf>
         <wf lemma="škole" pos="X">škole</wf>
         <wf lemma="." pos="X">.</wf>
      </sentence>
      <sentence id="d000.s3849" source="wordnet-croatian">
         <wf lemma="Lopta" pos="X">Lopta</wf>
         <wf lemma="je" pos="X">je</wf>
         <wf lemma="udarila" pos="X">udarila</wf>
         <wf lemma="u" pos="X">u</wf>
         <instance id="d000.s3849.t000" lemma="vratnica" pos="NOUN">vratnicu</instance>
         <wf lemma="i" pos="X">i</wf>
         <wf lemma="spasila" pos="X">spasila</wf>
         <wf lemma="gostujuću" pos="X">gostujuću</wf>
         <wf lemma="momčad" pos="X">momčad</wf>
         <wf lemma="od" pos="X">od</wf>
         <wf lemma="pogotka" pos="X">pogotka</wf>
         <wf lemma="." pos="X">.</wf>
      </sentence>
      <sentence id="d000.s3850" source="wordnet-croatian">
         <wf lemma="Njegovo" pos="X">Njegovo</wf>
         <wf lemma="je" pos="X">je</wf>
         <instance id="d000.s3850.t000" lemma="koračanje" pos="NOUN">koračanje</instance>
         <wf lemma="bilo" pos="X">bilo</wf>
         <wf lemma="uspuhano" pos="X">uspuhano</wf>
         <wf lemma="." pos="X">.</wf>
      </sentence>
      <sentence id="d000.s3851" source="wordnet-croatian">
         <wf lemma="Jučer" pos="X">Jučer</wf>
         <wf lemma="se" pos="X">se</wf>
         <wf lemma="dogodio" pos="X">dogodio</wf>
         <wf lemma="još" pos="X">još</wf>
         <wf lemma="jedan" pos="X">jedan</wf>
         <instance id="d000.s3851.t000" lemma="slučaj" pos="NOUN">slučaj</instance>
         <wf lemma="razbojstva" pos="X">razbojstva</wf>
         <wf lemma="." pos="X">.</wf>
      </sentence>
      <sentence id="d000.s3852" source="wordnet-croatian">
         <wf lemma="Političar" pos="X">Političar</wf>
         <wf lemma="je" pos="X">je</wf>
         <wf lemma="vješto" pos="X">vješto</wf>
         <instance id="d000.s3852.t000" lemma="šarmirati" pos="VERB">šarmirao</instance>
         <wf lemma="publiku" pos="X">publiku</wf>
         <wf lemma="u" pos="X">u</wf>
         <wf lemma="studiju" pos="X">studiju</wf>
         <wf lemma="." pos="X">.</wf>
      </sentence>
      <sentence id="d000.s3853" source="wordnet-croatian">
         <wf lemma="Moje" pos="X">Moje</wf>
         <instance id="d000.s3853.t000" lemma="mišljenje" pos="NOUN">mišljenje</instance>
         <wf lemma="o" pos="X">o</wf>
         <wf lemma="događajima" pos="X">događajima</wf>
         <wf lemma="u" pos="X">u</wf>
         <wf lemma="društvu" pos="X">društvu</wf>
         <wf lemma="razlikuje" pos="X">razlikuje</wf>
         <wf lemma="se" pos="X">se</wf>
         <wf lemma="od" pos="X">od</wf>
         <wf lemma="tvojega" pos="X">tvojega</wf>
         <wf lemma="." pos="X">.</wf>
      </sentence>
      <sentence id="d000.s3854" source="wordnet-croatian">
         <wf lemma="Našli" pos="X">Našli</wf>
         <wf lemma="su" pos="X">su</wf>
         <wf lemma="tijelo" pos="X">tijelo</wf>
         <wf lemma="na" pos="X">na</wf>
         <instance id="d000.s3854.t000" lemma="dno" pos="NOUN">dnu</instance>
         <wf lemma="jezera" pos="X">jezera</wf>
         <wf lemma="." pos="X">.</wf>
      </sentence>
      <sentence id="d000.s3855" source="wordnet-croatian">
         <instance id="d000.s3855.t000" lemma="muškarac" pos="NOUN">Muškarci</instance>
         <wf lemma="trebaju" pos="X">trebaju</wf>
         <wf lemma="znati" pos="X">znati</wf>
         <wf lemma="biti" pos="X">biti</wf>
         <wf lemma="kavaliri" pos="X">kavaliri</wf>
         <wf lemma="." pos="X">.</wf>
      </sentence>
      <sentence id="d000.s3856" source="wordnet-croatian">
         <wf lemma="Zatražio" pos="X">Zatražio</wf>
         <wf lemma="je" pos="X">je</wf>
         <wf lemma="od" pos="X">od</wf>
         <wf lemma="kućedomaćina" pos="X">kućedomaćina</wf>
         <instance id="d000.s3856.t000" lemma="dozvola" pos="NOUN">dozvolu</instance>
         <wf lemma="da" pos="X">da</wf>
         <wf lemma="zapali" pos="X">zapali</wf>
         <wf lemma="cigaretu" pos="X">cigaretu</wf>
         <wf lemma="u" pos="X">u</wf>
         <wf lemma="blagovaonici" pos="X">blagovaonici</wf>
         <wf lemma="." pos="X">.</wf>
      </sentence>
      <sentence id="d000.s3857" source="wordnet-croatian">
         <wf lemma="Sladoled" pos="X">Sladoled</wf>
         <wf lemma="mi" pos="X">mi</wf>
         <wf lemma="se" pos="X">se</wf>
         <instance id="d000.s3857.t000" lemma="rastopiti" pos="VERB">rastopio</instance>
         <wf lemma="u" pos="X">u</wf>
         <wf lemma="ruci" pos="X">ruci</wf>
         <wf lemma="." pos="X">.</wf>
      </sentence>
      <sentence id="d000.s3858" source="wordnet-croatian">
         <wf lemma="Bili" pos="X">Bili</wf>
         <wf lemma="su" pos="X">su</wf>
         <wf lemma="zadovoljni" pos="X">zadovoljni</wf>
         <instance id="d000.s3858.t000" lemma="snimka" pos="NOUN">snimkom</instance>
         <wf lemma="njihova" pos="X">njihova</wf>
         <wf lemma="zadnjeg" pos="X">zadnjeg</wf>
         <wf lemma="koncerta" pos="X">koncerta</wf>
         <wf lemma="." pos="X">.</wf>
      </sentence>
      <sentence id="d000.s3859" source="wordnet-croatian">
         <instance id="d000.s3859.t000" lemma="berilij" pos="NOUN">Berilij</instance>
         <wf lemma="je" pos="X">je</wf>
         <wf lemma="visokotehnološki" pos="X">visokotehnološki</wf>
         <wf lemma="metal" pos="X">metal</wf>
         <wf lemma="." pos="X">.</wf>
      </sentence>
      <sentence id="d000.s3860" source="wordnet-croatian">
         <wf lemma="Liječnik" pos="X">Liječnik</wf>
         <wf lemma="je" pos="X">je</wf>
         <wf lemma="pacijentu" pos="X">pacijentu</wf>
         <instance id="d000.s3860.t000" lemma="spaliti" pos="VERB">spalio</instance>
         <wf lemma="sve" pos="X">sve</wf>
         <wf lemma="bradavice" pos="X">bradavice</wf>
         <wf lemma="na" pos="X">na</wf>
         <wf lemma="licu" pos="X">licu</wf>
         <wf lemma="." pos="X">.</wf>
      </sentence>
      <sentence id="d000.s3861" source="wordnet-croatian">
         <instance id="d000.s3861.t000" lemma="silina" pos="NOUN">Silina</instance>
         <wf lemma="vjetra" pos="X">vjetra</wf>
         <wf lemma="odnijela" pos="X">odnijela</wf>
         <wf lemma="je" pos="X">je</wf>
         <wf lemma="suncobrane" pos="X">suncobrane</wf>
         <wf lemma="s" pos="X">s</wf>
         <wf lemma="plaže" pos="X">plaže</wf>
         <wf lemma="." pos="X">.</wf>
      </sentence>
      <sentence id="d000.s3862" source="wordnet-croatian">
         <wf lemma="Sabor" pos="X">Sabor</wf>
         <wf lemma="je" pos="X">je</wf>
         <wf lemma="raspravljao" pos="X">raspravljao</wf>
         <wf lemma="o" pos="X">o</wf>
         <instance id="d000.s3862.t000" lemma="ilegalnost" pos="NOUN">ilegalnosti</instance>
         <wf lemma="posjedovanja" pos="X">posjedovanja</wf>
         <wf lemma="marihuane" pos="X">marihuane</wf>
         <wf lemma="." pos="X">.</wf>
      </sentence>
      <sentence id="d000.s3863" source="wordnet-croatian">
         <wf lemma="U" pos="X">U</wf>
         <wf lemma="debatama" pos="X">debatama</wf>
         <wf lemma="se" pos="X">se</wf>
         <wf lemma="treba" pos="X">treba</wf>
         <wf lemma="koristiti" pos="X">koristiti</wf>
         <instance id="d000.s3863.t000" lemma="činjenica" pos="NOUN">činjenicama</instance>
         <wf lemma="," pos="X">,</wf>
         <wf lemma="a" pos="X">a</wf>
         <wf lemma="ne" pos="X">ne</wf>
         <wf lemma="nagađanjima" pos="X">nagađanjima</wf>
         <wf lemma="." pos="X">.</wf>
      </sentence>
      <sentence id="d000.s3864" source="wordnet-croatian">
         <wf lemma="Sve" pos="X">Sve</wf>
         <wf lemma="je" pos="X">je</wf>
         <wf lemma="svoje" pos="X">svoje</wf>
         <instance id="d000.s3864.t000" lemma="obveza" pos="NOUN">obveze</instance>
         <wf lemma="podmirivao" pos="X">podmirivao</wf>
         <wf lemma="na" pos="X">na</wf>
         <wf lemma="vrijeme" pos="X">vrijeme</wf>
         <wf lemma="." pos="X">.</wf>
      </sentence>
      <sentence id="d000.s3865" source="wordnet-croatian">
         <instance id="d000.s3865.t000" lemma="načuti" pos="VERB">Načuli</instance>
         <wf lemma="smo" pos="X">smo</wf>
         <wf lemma="razgovor" pos="X">razgovor</wf>
         <wf lemma="ljudi" pos="X">ljudi</wf>
         <wf lemma="za" pos="X">za</wf>
         <wf lemma="susjednim" pos="X">susjednim</wf>
         <wf lemma="stolom" pos="X">stolom</wf>
         <wf lemma="." pos="X">.</wf>
      </sentence>
      <sentence id="d000.s3866" source="wordnet-croatian">
         <wf lemma="Kupio" pos="X">Kupio</wf>
         <wf lemma="je" pos="X">je</wf>
         <wf lemma="novi" pos="X">novi</wf>
         <wf lemma="sat" pos="X">sat</wf>
         <wf lemma="s" pos="X">s</wf>
         <instance id="d000.s3866.t000" lemma="kronometar" pos="NOUN">kronometrom</instance>
         <wf lemma="." pos="X">.</wf>
      </sentence>
      <sentence id="d000.s3867" source="wordnet-croatian">
         <wf lemma="Nabrala" pos="X">Nabrala</wf>
         <wf lemma="je" pos="X">je</wf>
         <wf lemma="poljsko" pos="X">poljsko</wf>
         <wf lemma="cvijeće" pos="X">cvijeće</wf>
         <wf lemma="i" pos="X">i</wf>
         <wf lemma="povezala" pos="X">povezala</wf>
         <wf lemma="ga" pos="X">ga</wf>
         <instance id="d000.s3867.t000" lemma="špaga" pos="NOUN">špagom</instance>
         <wf lemma="." pos="X">.</wf>
      </sentence>
      <sentence id="d000.s3868" source="wordnet-croatian">
         <wf lemma="Tijekom" pos="X">Tijekom</wf>
         <wf lemma="ljeta" pos="X">ljeta</wf>
         <wf lemma="na" pos="X">na</wf>
         <wf lemma="obali" pos="X">obali</wf>
         <wf lemma="se" pos="X">se</wf>
         <wf lemma="može" pos="X">može</wf>
         <wf lemma="vidjeti" pos="X">vidjeti</wf>
         <wf lemma="puno" pos="X">puno</wf>
         <instance id="d000.s3868.t000" lemma="stranac" pos="NOUN">stranaca</instance>
         <wf lemma="." pos="X">.</wf>
      </sentence>
      <sentence id="d000.s3869" source="wordnet-croatian">
         <wf lemma="Ovaj" pos="X">Ovaj</wf>
         <wf lemma="mi" pos="X">mi</wf>
         <wf lemma="pronalazak" pos="X">pronalazak</wf>
         <instance id="d000.s3869.t000" lemma="jamčiti" pos="VERB">jamči</instance>
         <wf lemma="slavu" pos="X">slavu</wf>
         <wf lemma="." pos="X">.</wf>
      </sentence>
      <sentence id="d000.s3870" source="wordnet-croatian">
         <wf lemma="Nemar" pos="X">Nemar</wf>
         <wf lemma="kriminalista" pos="X">kriminalista</wf>
         <wf lemma="kriva" pos="X">kriva</wf>
         <wf lemma="je" pos="X">je</wf>
         <wf lemma="za" pos="X">za</wf>
         <instance id="d000.s3870.t000" lemma="neupotrebljivost" pos="NOUN">neupotrebljivost</instance>
         <wf lemma="dokaza" pos="X">dokaza</wf>
         <wf lemma="na" pos="X">na</wf>
         <wf lemma="sudu" pos="X">sudu</wf>
         <wf lemma="." pos="X">.</wf>
      </sentence>
      <sentence id="d000.s3871" source="wordnet-croatian">
         <wf lemma="Plesači" pos="X">Plesači</wf>
         <wf lemma="su" pos="X">su</wf>
         <instance id="d000.s3871.t000" lemma="kliziti" pos="VERB">klizili</instance>
         <wf lemma="podijem" pos="X">podijem</wf>
         <wf lemma="." pos="X">.</wf>
      </sentence>
      <sentence id="d000.s3872" source="wordnet-croatian">
         <wf lemma="Ghandi" pos="X">Ghandi</wf>
         <wf lemma="je" pos="X">je</wf>
         <wf lemma="bio" pos="X">bio</wf>
         <instance id="d000.s3872.t000" lemma="vođa" pos="NOUN">vođa</instance>
         <wf lemma="indijskog" pos="X">indijskog</wf>
         <wf lemma="pokreta" pos="X">pokreta</wf>
         <wf lemma="za" pos="X">za</wf>
         <wf lemma="nezavisnost" pos="X">nezavisnost</wf>
         <wf lemma="." pos="X">.</wf>
      </sentence>
      <sentence id="d000.s3873" source="wordnet-croatian">
         <wf lemma="Voljela" pos="X">Voljela</wf>
         <wf lemma="sam" pos="X">sam</wf>
         <instance id="d000.s3873.t000" lemma="razmjenjivati" pos="VERB">razmjenjivati</instance>
         <wf lemma="ideje" pos="X">ideje</wf>
         <wf lemma="s" pos="X">s</wf>
         <wf lemma="kolegama" pos="X">kolegama</wf>
         <wf lemma="." pos="X">.</wf>
      </sentence>
      <sentence id="d000.s3874" source="wordnet-croatian">
         <wf lemma="Ivan" pos="X">Ivan</wf>
         <wf lemma="je" pos="X">je</wf>
         <wf lemma="kao" pos="X">kao</wf>
         <instance id="d000.s3874.t000" lemma="podoficir" pos="NOUN">podoficir</instance>
         <wf lemma="austrougarske" pos="X">austrougarske</wf>
         <wf lemma="vojske" pos="X">vojske</wf>
         <wf lemma="dobio" pos="X">dobio</wf>
         <wf lemma="kuću" pos="X">kuću</wf>
         <wf lemma="u" pos="X">u</wf>
         <wf lemma="Grabovici" pos="X">Grabovici</wf>
         <wf lemma="." pos="X">.</wf>
      </sentence>
      <sentence id="d000.s3875" source="wordnet-croatian">
         <wf lemma="Premijer" pos="X">Premijer</wf>
         <wf lemma="je" pos="X">je</wf>
         <wf lemma="jučer" pos="X">jučer</wf>
         <instance id="d000.s3875.t000" lemma="objaviti" pos="VERB">objavio</instance>
         <wf lemma="da" pos="X">da</wf>
         <wf lemma="se" pos="X">se</wf>
         <wf lemma="povlači" pos="X">povlači</wf>
         <wf lemma="s" pos="X">s</wf>
         <wf lemma="funkcije" pos="X">funkcije</wf>
         <wf lemma="." pos="X">.</wf>
      </sentence>
      <sentence id="d000.s3876" source="wordnet-croatian">
         <wf lemma="Obožavam" pos="X">Obožavam</wf>
         <wf lemma="pekmez" pos="X">pekmez</wf>
         <wf lemma="od" pos="X">od</wf>
         <instance id="d000.s3876.t000" lemma="marelica" pos="NOUN">marelica</instance>
         <wf lemma="." pos="X">.</wf>
      </sentence>
      <sentence id="d000.s3877" source="wordnet-croatian">
         <wf lemma="Naišli" pos="X">Naišli</wf>
         <wf lemma="smo" pos="X">smo</wf>
         <wf lemma="na" pos="X">na</wf>
         <instance id="d000.s3877.t000" lemma="prepreka" pos="NOUN">prepreku</instance>
         <wf lemma="na" pos="X">na</wf>
         <wf lemma="cesti" pos="X">cesti</wf>
         <wf lemma="." pos="X">.</wf>
      </sentence>
      <sentence id="d000.s3878" source="wordnet-croatian">
         <wf lemma="Do" pos="X">Do</wf>
         <instance id="d000.s3878.t000" lemma="podatak" pos="NOUN">podataka</instance>
         <wf lemma="o" pos="X">o</wf>
         <wf lemma="broju" pos="X">broju</wf>
         <wf lemma="stanovnika" pos="X">stanovnika</wf>
         <wf lemma="došli" pos="X">došli</wf>
         <wf lemma="smo" pos="X">smo</wf>
         <wf lemma="velikim" pos="X">velikim</wf>
         <wf lemma="istraživanjem" pos="X">istraživanjem</wf>
         <wf lemma="." pos="X">.</wf>
      </sentence>
      <sentence id="d000.s3879" source="wordnet-croatian">
         <instance id="d000.s3879.t000" lemma="posluga" pos="NOUN">Posluga</instance>
         <wf lemma="u" pos="X">u</wf>
         <wf lemma="ovoj" pos="X">ovoj</wf>
         <wf lemma="kući" pos="X">kući</wf>
         <wf lemma="mora" pos="X">mora</wf>
         <wf lemma="naučiti" pos="X">naučiti</wf>
         <wf lemma="gdje" pos="X">gdje</wf>
         <wf lemma="joj" pos="X">joj</wf>
         <wf lemma="je" pos="X">je</wf>
         <wf lemma="mjesto" pos="X">mjesto</wf>
         <wf lemma="." pos="X">.</wf>
      </sentence>
      <sentence id="d000.s3880" source="wordnet-croatian">
         <wf lemma="Osjećala" pos="X">Osjećala</wf>
         <wf lemma="se" pos="X">se</wf>
         <wf lemma="kao" pos="X">kao</wf>
         <wf lemma="da" pos="X">da</wf>
         <wf lemma="ne" pos="X">ne</wf>
         <instance id="d000.s3880.t000" lemma="pripadati" pos="VERB">pripada</instance>
         <wf lemma="toj" pos="X">toj</wf>
         <wf lemma="obitelji" pos="X">obitelji</wf>
         <wf lemma="." pos="X">.</wf>
      </sentence>
      <sentence id="d000.s3881" source="wordnet-croatian">
         <wf lemma="Balerina" pos="X">Balerina</wf>
         <wf lemma="je" pos="X">je</wf>
         <instance id="d000.s3881.t000" lemma="napraviti" pos="VERB">napravila</instance>
         <wf lemma="prekrasan" pos="X">prekrasan</wf>
         <wf lemma="skok" pos="X">skok</wf>
         <wf lemma="." pos="X">.</wf>
      </sentence>
      <sentence id="d000.s3882" source="wordnet-croatian">
         <wf lemma="U" pos="X">U</wf>
         <wf lemma="srednjem" pos="X">srednjem</wf>
         <wf lemma="vijeku" pos="X">vijeku</wf>
         <instance id="d000.s3882.t000" lemma="štit" pos="NOUN">štitovi</instance>
         <wf lemma="su" pos="X">su</wf>
         <wf lemma="bili" pos="X">bili</wf>
         <wf lemma="oslikani" pos="X">oslikani</wf>
         <wf lemma="grbovima" pos="X">grbovima</wf>
         <wf lemma="što" pos="X">što</wf>
         <wf lemma="je" pos="X">je</wf>
         <wf lemma="olakšavalo" pos="X">olakšavalo</wf>
         <wf lemma="međusobno" pos="X">međusobno</wf>
         <wf lemma="raspoznavanje" pos="X">raspoznavanje</wf>
         <wf lemma="." pos="X">.</wf>
      </sentence>
      <sentence id="d000.s3883" source="wordnet-croatian">
         <instance id="d000.s3883.t000" lemma="vrijeme" pos="NOUN">Vrijeme</instance>
         <wf lemma="njezina" pos="X">njezina</wf>
         <wf lemma="djetinjstva" pos="X">djetinjstva</wf>
         <wf lemma="bilo" pos="X">bilo</wf>
         <wf lemma="je" pos="X">je</wf>
         <wf lemma="prepuno" pos="X">prepuno</wf>
         <wf lemma="ljubavi" pos="X">ljubavi</wf>
         <wf lemma="i" pos="X">i</wf>
         <wf lemma="radosti" pos="X">radosti</wf>
         <wf lemma="." pos="X">.</wf>
      </sentence>
      <sentence id="d000.s3884" source="wordnet-croatian">
         <wf lemma="Sada" pos="X">Sada</wf>
         <wf lemma="slijedi" pos="X">slijedi</wf>
         <instance id="d000.s3884.t000" lemma="podjela" pos="NOUN">podjela</instance>
         <wf lemma="novca" pos="X">novca</wf>
         <wf lemma="." pos="X">.</wf>
      </sentence>
      <sentence id="d000.s3885" source="wordnet-croatian">
         <instance id="d000.s3885.t000" lemma="leksikografija" pos="NOUN">Leksikografija</instance>
         <wf lemma="je" pos="X">je</wf>
         <wf lemma="u" pos="X">u</wf>
         <wf lemma="prošlosti" pos="X">prošlosti</wf>
         <wf lemma="podrazumijevala" pos="X">podrazumijevala</wf>
         <wf lemma="izradu" pos="X">izradu</wf>
         <wf lemma="rječnika" pos="X">rječnika</wf>
         <wf lemma="pisanih" pos="X">pisanih</wf>
         <wf lemma="rukom" pos="X">rukom</wf>
         <wf lemma="." pos="X">.</wf>
      </sentence>
      <sentence id="d000.s3886" source="wordnet-croatian">
         <wf lemma="Većina" pos="X">Većina</wf>
         <wf lemma="tiskara" pos="X">tiskara</wf>
         <wf lemma="ima" pos="X">ima</wf>
         <wf lemma="strojeve" pos="X">strojeve</wf>
         <wf lemma="koji" pos="X">koji</wf>
         <wf lemma="od" pos="X">od</wf>
         <wf lemma="štamparskih" pos="X">štamparskih</wf>
         <instance id="d000.s3886.t000" lemma="slovo" pos="NOUN">slova</instance>
         <wf lemma="slažu" pos="X">slažu</wf>
         <wf lemma="pojedine" pos="X">pojedine</wf>
         <wf lemma="redove" pos="X">redove</wf>
         <wf lemma="članka" pos="X">članka</wf>
         <wf lemma="." pos="X">.</wf>
      </sentence>
      <sentence id="d000.s3887" source="wordnet-croatian">
         <wf lemma="Vrata" pos="X">Vrata</wf>
         <wf lemma="su" pos="X">su</wf>
         <instance id="d000.s3887.t000" lemma="zaškripati" pos="VERB">zaškripala</instance>
         <wf lemma="svaki" pos="X">svaki</wf>
         <wf lemma="put" pos="X">put</wf>
         <wf lemma="kada" pos="X">kada</wf>
         <wf lemma="bi" pos="X">bi</wf>
         <wf lemma="netko" pos="X">netko</wf>
         <wf lemma="kroz" pos="X">kroz</wf>
         <wf lemma="njih" pos="X">njih</wf>
         <wf lemma="ušao" pos="X">ušao</wf>
         <wf lemma="." pos="X">.</wf>
      </sentence>
      <sentence id="d000.s3888" source="wordnet-croatian">
         <wf lemma="Plavu" pos="X">Plavu</wf>
         <instance id="d000.s3888.t000" lemma="farba" pos="NOUN">farbu</instance>
         <wf lemma="kupila" pos="X">kupila</wf>
         <wf lemma="je" pos="X">je</wf>
         <wf lemma="za" pos="X">za</wf>
         <wf lemma="bojenje" pos="X">bojenje</wf>
         <wf lemma="svoje" pos="X">svoje</wf>
         <wf lemma="bijele" pos="X">bijele</wf>
         <wf lemma="majice" pos="X">majice</wf>
         <wf lemma="." pos="X">.</wf>
      </sentence>
      <sentence id="d000.s3889" source="wordnet-croatian">
         <wf lemma="Napravljen" pos="X">Napravljen</wf>
         <wf lemma="je" pos="X">je</wf>
         <instance id="d000.s3889.t000" lemma="inventar" pos="NOUN">inventar</instance>
         <wf lemma="barokne" pos="X">barokne</wf>
         <wf lemma="crkve" pos="X">crkve</wf>
         <wf lemma="u" pos="X">u</wf>
         <wf lemma="Dubrovniku" pos="X">Dubrovniku</wf>
         <wf lemma="." pos="X">.</wf>
      </sentence>
      <sentence id="d000.s3890" source="wordnet-croatian">
         <instance id="d000.s3890.t000" lemma="spremiti" pos="VERB">Spremila</instance>
         <wf lemma="je" pos="X">je</wf>
         <wf lemma="svoje" pos="X">svoje</wf>
         <wf lemma="fotografije" pos="X">fotografije</wf>
         <wf lemma="iz" pos="X">iz</wf>
         <wf lemma="mladosti" pos="X">mladosti</wf>
         <wf lemma="kako" pos="X">kako</wf>
         <wf lemma="bi" pos="X">bi</wf>
         <wf lemma="ih" pos="X">ih</wf>
         <wf lemma="pokazala" pos="X">pokazala</wf>
         <wf lemma="svojim" pos="X">svojim</wf>
         <wf lemma="unucima" pos="X">unucima</wf>
         <wf lemma="." pos="X">.</wf>
      </sentence>
      <sentence id="d000.s3891" source="wordnet-croatian">
         <wf lemma="Jedini" pos="X">Jedini</wf>
         <instance id="d000.s3891.t000" lemma="lov" pos="NOUN">lov</instance>
         <wf lemma="koji" pos="X">koji</wf>
         <wf lemma="smatram" pos="X">smatram</wf>
         <wf lemma="sportskim" pos="X">sportskim</wf>
         <wf lemma="je" pos="X">je</wf>
         <wf lemma="sportski" pos="X">sportski</wf>
         <wf lemma="ribolov" pos="X">ribolov</wf>
         <wf lemma="." pos="X">.</wf>
      </sentence>
      <sentence id="d000.s3892" source="wordnet-croatian">
         <wf lemma="Brala" pos="X">Brala</wf>
         <wf lemma="je" pos="X">je</wf>
         <wf lemma="kupine" pos="X">kupine</wf>
         <wf lemma="u" pos="X">u</wf>
         <wf lemma="plastičnu" pos="X">plastičnu</wf>
         <instance id="d000.s3892.t000" lemma="posuda" pos="NOUN">posudu</instance>
         <wf lemma="." pos="X">.</wf>
      </sentence>
      <sentence id="d000.s3893" source="wordnet-croatian">
         <instance id="d000.s3893.t000" lemma="nebo" pos="NOUN">Nebo</instance>
         <wf lemma="su" pos="X">su</wf>
         <wf lemma="ispunili" pos="X">ispunili</wf>
         <wf lemma="tamni" pos="X">tamni</wf>
         <wf lemma="oblaci" pos="X">oblaci</wf>
         <wf lemma="." pos="X">.</wf>
      </sentence>
      <sentence id="d000.s3894" source="wordnet-croatian">
         <wf lemma="Povijesne" pos="X">Povijesne</wf>
         <instance id="d000.s3894.t000" lemma="kronika" pos="NOUN">kronike</instance>
         <wf lemma="bile" pos="X">bile</wf>
         <wf lemma="su" pos="X">su</wf>
         <wf lemma="jedan" pos="X">jedan</wf>
         <wf lemma="od" pos="X">od</wf>
         <wf lemma="omiljenih" pos="X">omiljenih</wf>
         <wf lemma="žanrova" pos="X">žanrova</wf>
         <wf lemma="u" pos="X">u</wf>
         <wf lemma="srednjem" pos="X">srednjem</wf>
         <wf lemma="vijeku" pos="X">vijeku</wf>
         <wf lemma="." pos="X">.</wf>
      </sentence>
      <sentence id="d000.s3895" source="wordnet-croatian">
         <instance id="d000.s3895.t000" lemma="izručiti" pos="VERB">Izručili</instance>
         <wf lemma="su" pos="X">su</wf>
         <wf lemma="ubojicu" pos="X">ubojicu</wf>
         <wf lemma="policiji" pos="X">policiji</wf>
         <wf lemma="." pos="X">.</wf>
      </sentence>
      <sentence id="d000.s3896" source="wordnet-croatian">
         <wf lemma="Kada" pos="X">Kada</wf>
         <wf lemma="je" pos="X">je</wf>
         <wf lemma="vidio" pos="X">vidio</wf>
         <wf lemma="da" pos="X">da</wf>
         <wf lemma="institucije" pos="X">institucije</wf>
         <wf lemma="ništa" pos="X">ništa</wf>
         <wf lemma="ne" pos="X">ne</wf>
         <wf lemma="poduzimaju" pos="X">poduzimaju</wf>
         <wf lemma="," pos="X">,</wf>
         <wf lemma="uzeo" pos="X">uzeo</wf>
         <wf lemma="je" pos="X">je</wf>
         <instance id="d000.s3896.t000" lemma="pravda" pos="NOUN">pravdu</instance>
         <wf lemma="u" pos="X">u</wf>
         <wf lemma="svoje" pos="X">svoje</wf>
         <wf lemma="ruke" pos="X">ruke</wf>
         <wf lemma="." pos="X">.</wf>
      </sentence>
      <sentence id="d000.s3897" source="wordnet-croatian">
         <wf lemma="Piramide" pos="X">Piramide</wf>
         <wf lemma="su" pos="X">su</wf>
         <wf lemma="izgrađene" pos="X">izgrađene</wf>
         <wf lemma="od" pos="X">od</wf>
         <wf lemma="velikih" pos="X">velikih</wf>
         <wf lemma="kamenih" pos="X">kamenih</wf>
         <instance id="d000.s3897.t000" lemma="blok" pos="NOUN">blokova</instance>
         <wf lemma="." pos="X">.</wf>
      </sentence>
      <sentence id="d000.s3898" source="wordnet-croatian">
         <wf lemma="Elegantno" pos="X">Elegantno</wf>
         <wf lemma="je" pos="X">je</wf>
         <wf lemma="prebirala" pos="X">prebirala</wf>
         <wf lemma="žice" pos="X">žice</wf>
         <wf lemma="na" pos="X">na</wf>
         <instance id="d000.s3898.t000" lemma="harfa" pos="NOUN">harfi</instance>
         <wf lemma="." pos="X">.</wf>
      </sentence>
      <sentence id="d000.s3899" source="wordnet-croatian">
         <wf lemma="Zidovi" pos="X">Zidovi</wf>
         <wf lemma="su" pos="X">su</wf>
         <wf lemma="još" pos="X">još</wf>
         <wf lemma="bili" pos="X">bili</wf>
         <instance id="d000.s3899.t000" lemma="vlažan" pos="ADJ">vlažni</instance>
         <wf lemma="od" pos="X">od</wf>
         <wf lemma="svježe" pos="X">svježe</wf>
         <wf lemma="boje" pos="X">boje</wf>
         <wf lemma="pa" pos="X">pa</wf>
         <wf lemma="ih" pos="X">ih</wf>
         <wf lemma="se" pos="X">se</wf>
         <wf lemma="nije" pos="X">nije</wf>
         <wf lemma="smjelo" pos="X">smjelo</wf>
         <wf lemma="dirati" pos="X">dirati</wf>
         <wf lemma="." pos="X">.</wf>
      </sentence>
      <sentence id="d000.s3900" source="wordnet-croatian">
         <wf lemma="Marko" pos="X">Marko</wf>
         <wf lemma="je" pos="X">je</wf>
         <wf lemma="napamet" pos="X">napamet</wf>
         <wf lemma="naučio" pos="X">naučio</wf>
         <wf lemma="Deset" pos="X">Deset</wf>
         <wf lemma="Božjih" pos="X">Božjih</wf>
         <instance id="d000.s3900.t000" lemma="zapovijed" pos="NOUN">zapovijedi</instance>
         <wf lemma="." pos="X">.</wf>
      </sentence>
      <sentence id="d000.s3901" source="wordnet-croatian">
         <wf lemma="Za" pos="X">Za</wf>
         <wf lemma="pokretanje" pos="X">pokretanje</wf>
         <wf lemma="gospodarstva" pos="X">gospodarstva</wf>
         <wf lemma="nužno" pos="X">nužno</wf>
         <wf lemma="je" pos="X">je</wf>
         <instance id="d000.s3901.t000" lemma="obvezivanje" pos="NOUN">obvezivanje</instance>
         <wf lemma="dobavljača" pos="X">dobavljača</wf>
         <wf lemma="na" pos="X">na</wf>
         <wf lemma="pravovremenu" pos="X">pravovremenu</wf>
         <wf lemma="dostavu" pos="X">dostavu</wf>
         <wf lemma="." pos="X">.</wf>
      </sentence>
      <sentence id="d000.s3902" source="wordnet-croatian">
         <wf lemma="Potrebno" pos="X">Potrebno</wf>
         <wf lemma="je" pos="X">je</wf>
         <wf lemma="provjeriti" pos="X">provjeriti</wf>
         <wf lemma="sve" pos="X">sve</wf>
         <wf lemma="njegove" pos="X">njegove</wf>
         <instance id="d000.s3902.t000" lemma="podatak" pos="NOUN">podatke</instance>
         <wf lemma="." pos="X">.</wf>
      </sentence>
      <sentence id="d000.s3903" source="wordnet-croatian">
         <wf lemma="Sv." pos="X">Sv.</wf>
         <wf lemma="Nikola" pos="X">Nikola</wf>
         <wf lemma="omiljen" pos="X">omiljen</wf>
         <wf lemma="je" pos="X">je</wf>
         <instance id="d000.s3903.t000" lemma="svetac" pos="NOUN">svetac</instance>
         <wf lemma="među" pos="X">među</wf>
         <wf lemma="djecom" pos="X">djecom</wf>
         <wf lemma="." pos="X">.</wf>
      </sentence>
      <sentence id="d000.s3904" source="wordnet-croatian">
         <wf lemma="Hitler" pos="X">Hitler</wf>
         <wf lemma="je" pos="X">je</wf>
         <instance id="d000.s3904.t000" lemma="zauzeti" pos="VERB">zauzeo</instance>
         <wf lemma="baltičke" pos="X">baltičke</wf>
         <wf lemma="zemlje" pos="X">zemlje</wf>
         <wf lemma="." pos="X">.</wf>
      </sentence>
      <sentence id="d000.s3905" source="wordnet-croatian">
         <wf lemma="Predsjednik" pos="X">Predsjednik</wf>
         <wf lemma="nadzornog" pos="X">nadzornog</wf>
         <wf lemma="odbora" pos="X">odbora</wf>
         <wf lemma="inzistirao" pos="X">inzistirao</wf>
         <wf lemma="da" pos="X">da</wf>
         <wf lemma="dobije" pos="X">dobije</wf>
         <wf lemma="na" pos="X">na</wf>
         <wf lemma="uvid" pos="X">uvid</wf>
         <wf lemma="plan" pos="X">plan</wf>
         <instance id="d000.s3905.t000" lemma="upravljanje" pos="NOUN">upravljanja</instance>
         <wf lemma="poduzećem" pos="X">poduzećem</wf>
         <wf lemma="." pos="X">.</wf>
      </sentence>
      <sentence id="d000.s3906" source="wordnet-croatian">
         <wf lemma="Savjestan" pos="X">Savjestan</wf>
         <wf lemma="vrtlar" pos="X">vrtlar</wf>
         <wf lemma="svaki" pos="X">svaki</wf>
         <wf lemma="dan" pos="X">dan</wf>
         <instance id="d000.s3906.t000" lemma="čupati" pos="VERB">čupa</instance>
         <wf lemma="korov" pos="X">korov</wf>
         <wf lemma="." pos="X">.</wf>
      </sentence>
      <sentence id="d000.s3907" source="wordnet-croatian">
         <instance id="d000.s3907.t000" lemma="širenje" pos="NOUN">Širenje</instance>
         <wf lemma="zaraznih" pos="X">zaraznih</wf>
         <wf lemma="bolesti" pos="X">bolesti</wf>
         <wf lemma="teško" pos="X">teško</wf>
         <wf lemma="je" pos="X">je</wf>
         <wf lemma="kontrolirati" pos="X">kontrolirati</wf>
         <wf lemma="." pos="X">.</wf>
      </sentence>
      <sentence id="d000.s3908" source="wordnet-croatian">
         <wf lemma="Otišli" pos="X">Otišli</wf>
         <wf lemma="su" pos="X">su</wf>
         <wf lemma="na" pos="X">na</wf>
         <wf lemma="novu" pos="X">novu</wf>
         <instance id="d000.s3908.t000" lemma="izložba" pos="NOUN">izložbu</instance>
         <wf lemma="u" pos="X">u</wf>
         <wf lemma="Muzej" pos="X">Muzej</wf>
         <wf lemma="za" pos="X">za</wf>
         <wf lemma="umjetnost" pos="X">umjetnost</wf>
         <wf lemma="i" pos="X">i</wf>
         <wf lemma="obrt" pos="X">obrt</wf>
         <wf lemma="." pos="X">.</wf>
      </sentence>
      <sentence id="d000.s3909" source="wordnet-croatian">
         <wf lemma="Majstori" pos="X">Majstori</wf>
         <wf lemma="su" pos="X">su</wf>
         <instance id="d000.s3909.t000" lemma="obložiti" pos="VERB">obložili</instance>
         <wf lemma="prednju" pos="X">prednju</wf>
         <wf lemma="stranu" pos="X">stranu</wf>
         <wf lemma="kuće" pos="X">kuće</wf>
         <wf lemma="skupocjenim" pos="X">skupocjenim</wf>
         <wf lemma="mramorom" pos="X">mramorom</wf>
         <wf lemma="." pos="X">.</wf>
      </sentence>
      <sentence id="d000.s3910" source="wordnet-croatian">
         <wf lemma="U" pos="X">U</wf>
         <wf lemma="vlaku" pos="X">vlaku</wf>
         <wf lemma="je" pos="X">je</wf>
         <wf lemma="zaboravio" pos="X">zaboravio</wf>
         <wf lemma="sve" pos="X">sve</wf>
         <instance id="d000.s3910.t000" lemma="dokument" pos="NOUN">dokumente</instance>
         <wf lemma="." pos="X">.</wf>
      </sentence>
      <sentence id="d000.s3911" source="wordnet-croatian">
         <wf lemma="U" pos="X">U</wf>
         <wf lemma="nedavnoj" pos="X">nedavnoj</wf>
         <wf lemma="je" pos="X">je</wf>
         <instance id="d000.s3911.t000" lemma="studija" pos="NOUN">studiji</instance>
         <wf lemma="utvrđeno" pos="X">utvrđeno</wf>
         <wf lemma="pozitivno" pos="X">pozitivno</wf>
         <wf lemma="djelovanje" pos="X">djelovanje</wf>
         <wf lemma="čaja" pos="X">čaja</wf>
         <wf lemma="na" pos="X">na</wf>
         <wf lemma="koncentraciju" pos="X">koncentraciju</wf>
         <wf lemma="." pos="X">.</wf>
      </sentence>
      <sentence id="d000.s3912" source="wordnet-croatian">
         <wf lemma="Jučer" pos="X">Jučer</wf>
         <wf lemma="sam" pos="X">sam</wf>
         <wf lemma="pobacala" pos="X">pobacala</wf>
         <wf lemma="sve" pos="X">sve</wf>
         <instance id="d000.s3912.t000" lemma="starudija" pos="NOUN">starudije</instance>
         <wf lemma="iz" pos="X">iz</wf>
         <wf lemma="podruma" pos="X">podruma</wf>
         <wf lemma="." pos="X">.</wf>
      </sentence>
      <sentence id="d000.s3913" source="wordnet-croatian">
         <wf lemma="Prije" pos="X">Prije</wf>
         <wf lemma="uzlijetanja" pos="X">uzlijetanja</wf>
         <wf lemma="zrakoplova" pos="X">zrakoplova</wf>
         <wf lemma="mora" pos="X">mora</wf>
         <wf lemma="se" pos="X">se</wf>
         <wf lemma="provjeriti" pos="X">provjeriti</wf>
         <wf lemma="da" pos="X">da</wf>
         <wf lemma="nema" pos="X">nema</wf>
         <wf lemma="nikoga" pos="X">nikoga</wf>
         <wf lemma="na" pos="X">na</wf>
         <instance id="d000.s3913.t000" lemma="pista" pos="NOUN">pisti</instance>
         <wf lemma="." pos="X">.</wf>
      </sentence>
      <sentence id="d000.s3914" source="wordnet-croatian">
         <wf lemma="Kraljevska" pos="X">Kraljevska</wf>
         <wf lemma="je" pos="X">je</wf>
         <instance id="d000.s3914.t000" lemma="artiljerija" pos="NOUN">artiljerija</instance>
         <wf lemma="lako" pos="X">lako</wf>
         <wf lemma="pomela" pos="X">pomela</wf>
         <wf lemma="protivničku" pos="X">protivničku</wf>
         <wf lemma="vojsku" pos="X">vojsku</wf>
         <wf lemma="sastavljenu" pos="X">sastavljenu</wf>
         <wf lemma="uglavnom" pos="X">uglavnom</wf>
         <wf lemma="od" pos="X">od</wf>
         <wf lemma="pješaka" pos="X">pješaka</wf>
         <wf lemma="." pos="X">.</wf>
      </sentence>
      <sentence id="d000.s3915" source="wordnet-croatian">
         <wf lemma="U" pos="X">U</wf>
         <wf lemma="lokalno" pos="X">lokalno</wf>
         <wf lemma="restoranu" pos="X">restoranu</wf>
         <wf lemma="jedemo" pos="X">jedemo</wf>
         <wf lemma="besplatno" pos="X">besplatno</wf>
         <wf lemma="jer" pos="X">jer</wf>
         <wf lemma="znamo" pos="X">znamo</wf>
         <instance id="d000.s3915.t000" lemma="gazda" pos="NOUN">gazdu</instance>
         <wf lemma="." pos="X">.</wf>
      </sentence>
      <sentence id="d000.s3916" source="wordnet-croatian">
         <wf lemma="Predstavili" pos="X">Predstavili</wf>
         <wf lemma="su" pos="X">su</wf>
         <wf lemma="novi" pos="X">novi</wf>
         <wf lemma="model" pos="X">model</wf>
         <instance id="d000.s3916.t000" lemma="pretvornik" pos="NOUN">pretvornika</instance>
         <wf lemma="." pos="X">.</wf>
      </sentence>
      <sentence id="d000.s3917" source="wordnet-croatian">
         <instance id="d000.s3917.t000" lemma="vrištati" pos="VERB">Vrištala</instance>
         <wf lemma="je" pos="X">je</wf>
         <wf lemma="od" pos="X">od</wf>
         <wf lemma="boli" pos="X">boli</wf>
         <wf lemma="dok" pos="X">dok</wf>
         <wf lemma="joj" pos="X">joj</wf>
         <wf lemma="je" pos="X">je</wf>
         <wf lemma="doktor" pos="X">doktor</wf>
         <wf lemma="davao" pos="X">davao</wf>
         <wf lemma="injekciju" pos="X">injekciju</wf>
         <wf lemma="." pos="X">.</wf>
      </sentence>
      <sentence id="d000.s3918" source="wordnet-croatian">
         <wf lemma="Uspio" pos="X">Uspio</wf>
         <wf lemma="sam" pos="X">sam</wf>
         <wf lemma="uhvatiti" pos="X">uhvatiti</wf>
         <instance id="d000.s3918.t000" lemma="jak" pos="ADJ">jak</instance>
         <wf lemma="signal" pos="X">signal</wf>
         <wf lemma="." pos="X">.</wf>
      </sentence>
      <sentence id="d000.s3919" source="wordnet-croatian">
         <instance id="d000.s3919.t000" lemma="metal" pos="NOUN">Metali</instance>
         <wf lemma="su" pos="X">su</wf>
         <wf lemma="glavni" pos="X">glavni</wf>
         <wf lemma="izvor" pos="X">izvor</wf>
         <wf lemma="vodiča" pos="X">vodiča</wf>
         <wf lemma="električne" pos="X">električne</wf>
         <wf lemma="struje" pos="X">struje</wf>
         <wf lemma="." pos="X">.</wf>
      </sentence>
      <sentence id="d000.s3920" source="wordnet-croatian">
         <wf lemma="71%" pos="X">71%</wf>
         <instance id="d000.s3920.t000" lemma="površina" pos="NOUN">površine</instance>
         <wf lemma="planeta" pos="X">planeta</wf>
         <wf lemma="pokriveno" pos="X">pokriveno</wf>
         <wf lemma="je" pos="X">je</wf>
         <wf lemma="morem" pos="X">morem</wf>
         <wf lemma="." pos="X">.</wf>
      </sentence>
      <sentence id="d000.s3921" source="wordnet-croatian">
         <wf lemma="Male" pos="X">Male</wf>
         <wf lemma="odluke" pos="X">odluke</wf>
         <instance id="d000.s3921.t000" lemma="mijenjati" pos="VERB">mijenju</instance>
         <wf lemma="život" pos="X">život</wf>
         <wf lemma="na" pos="X">na</wf>
         <wf lemma="bolje" pos="X">bolje</wf>
         <wf lemma="." pos="X">.</wf>
      </sentence>
      <sentence id="d000.s3922" source="wordnet-croatian">
         <wf lemma="Poznata" pos="X">Poznata</wf>
         <wf lemma="tražilica" pos="X">tražilica</wf>
         <wf lemma="promijenila" pos="X">promijenila</wf>
         <wf lemma="je" pos="X">je</wf>
         <instance id="d000.s3922.t000" lemma="sučelje" pos="NOUN">sučelje</instance>
         <wf lemma="kako" pos="X">kako</wf>
         <wf lemma="bi" pos="X">bi</wf>
         <wf lemma="se" pos="X">se</wf>
         <wf lemma="korisnicima" pos="X">korisnicima</wf>
         <wf lemma="što" pos="X">što</wf>
         <wf lemma="više" pos="X">više</wf>
         <wf lemma="olakšalo" pos="X">olakšalo</wf>
         <wf lemma="njezino" pos="X">njezino</wf>
         <wf lemma="korištenje" pos="X">korištenje</wf>
         <wf lemma="." pos="X">.</wf>
      </sentence>
      <sentence id="d000.s3923" source="wordnet-croatian">
         <wf lemma="Dvorana" pos="X">Dvorana</wf>
         <wf lemma="ne" pos="X">ne</wf>
         <wf lemma="može" pos="X">može</wf>
         <instance id="d000.s3923.t000" lemma="primiti" pos="VERB">primiti</instance>
         <wf lemma="više" pos="X">više</wf>
         <wf lemma="od" pos="X">od</wf>
         <wf lemma="500" pos="X">500</wf>
         <wf lemma="posjetitelja" pos="X">posjetitelja</wf>
         <wf lemma="pa" pos="X">pa</wf>
         <wf lemma="vas" pos="X">vas</wf>
         <wf lemma="molimo" pos="X">molimo</wf>
         <wf lemma="da" pos="X">da</wf>
         <wf lemma="na" pos="X">na</wf>
         <wf lemma="vrijeme" pos="X">vrijeme</wf>
         <wf lemma="osigurate" pos="X">osigurate</wf>
         <wf lemma="svoje" pos="X">svoje</wf>
         <wf lemma="ulaznice" pos="X">ulaznice</wf>
         <wf lemma="." pos="X">.</wf>
      </sentence>
      <sentence id="d000.s3924" source="wordnet-croatian">
         <wf lemma="Razmisli" pos="X">Razmisli</wf>
         <wf lemma="dobro" pos="X">dobro</wf>
         <wf lemma="prije" pos="X">prije</wf>
         <wf lemma="nego" pos="X">nego</wf>
         <instance id="d000.s3924.t000" lemma="postupiti" pos="VERB">postupiš</instance>
         <wf lemma="krivo" pos="X">krivo</wf>
         <wf lemma="." pos="X">.</wf>
      </sentence>
      <sentence id="d000.s3925" source="wordnet-croatian">
         <wf lemma="Dokazano" pos="X">Dokazano</wf>
         <wf lemma="je" pos="X">je</wf>
         <wf lemma="da" pos="X">da</wf>
         <wf lemma="pas" pos="X">pas</wf>
         <wf lemma="osjeća" pos="X">osjeća</wf>
         <wf lemma="veliku" pos="X">veliku</wf>
         <instance id="d000.s3925.t000" lemma="odanost" pos="NOUN">odanost</instance>
         <wf lemma="prema" pos="X">prema</wf>
         <wf lemma="svom" pos="X">svom</wf>
         <wf lemma="vlasniku" pos="X">vlasniku</wf>
         <wf lemma="." pos="X">.</wf>
      </sentence>
      <sentence id="d000.s3926" source="wordnet-croatian">
         <wf lemma="Nikako" pos="X">Nikako</wf>
         <wf lemma="nije" pos="X">nije</wf>
         <wf lemma="mogao" pos="X">mogao</wf>
         <wf lemma="točno" pos="X">točno</wf>
         <wf lemma="izračunati" pos="X">izračunati</wf>
         <wf lemma="veličinu" pos="X">veličinu</wf>
         <wf lemma="kuta" pos="X">kuta</wf>
         <wf lemma="nad" pos="X">nad</wf>
         <instance id="d000.s3926.t000" lemma="baza" pos="NOUN">bazom</instance>
         <wf lemma="." pos="X">.</wf>
      </sentence>
      <sentence id="d000.s3927" source="wordnet-croatian">
         <wf lemma="Usprkos" pos="X">Usprkos</wf>
         <instance id="d000.s3927.t000" lemma="protivljenje" pos="NOUN">protivljenju</instance>
         <wf lemma="kolega" pos="X">kolega</wf>
         <wf lemma="nastavio" pos="X">nastavio</wf>
         <wf lemma="je" pos="X">je</wf>
         <wf lemma="s" pos="X">s</wf>
         <wf lemma="takvim" pos="X">takvim</wf>
         <wf lemma="postupcima" pos="X">postupcima</wf>
         <wf lemma="." pos="X">.</wf>
      </sentence>
      <sentence id="d000.s3928" source="wordnet-croatian">
         <instance id="d000.s3928.t000" lemma="pokazivanje" pos="NOUN">Pokazivanje</instance>
         <wf lemma="glavnih" pos="X">glavnih</wf>
         <wf lemma="gradova" pos="X">gradova</wf>
         <wf lemma="na" pos="X">na</wf>
         <wf lemma="karti" pos="X">karti</wf>
         <wf lemma="dio" pos="X">dio</wf>
         <wf lemma="je" pos="X">je</wf>
         <wf lemma="ispita" pos="X">ispita</wf>
         <wf lemma="iz" pos="X">iz</wf>
         <wf lemma="zemljopisa" pos="X">zemljopisa</wf>
         <wf lemma="." pos="X">.</wf>
      </sentence>
      <sentence id="d000.s3929" source="wordnet-croatian">
         <wf lemma="Djeco" pos="X">Djeco</wf>
         <wf lemma="," pos="X">,</wf>
         <wf lemma="sada" pos="X">sada</wf>
         <wf lemma="možete" pos="X">možete</wf>
         <instance id="d000.s3929.t000" lemma="razmotati" pos="VERB">razmotati</instance>
         <wf lemma="poklone" pos="X">poklone</wf>
         <wf lemma="." pos="X">.</wf>
      </sentence>
      <sentence id="d000.s3930" source="wordnet-croatian">
         <wf lemma="Za" pos="X">Za</wf>
         <instance id="d000.s3930.t000" lemma="predavanje" pos="NOUN">predavanje</instance>
         <wf lemma="sam" pos="X">sam</wf>
         <wf lemma="spremila" pos="X">spremila</wf>
         <wf lemma="i" pos="X">i</wf>
         <wf lemma="uručke" pos="X">uručke</wf>
         <wf lemma="koje" pos="X">koje</wf>
         <wf lemma="ću" pos="X">ću</wf>
         <wf lemma="studentima" pos="X">studentima</wf>
         <wf lemma="podijeliti" pos="X">podijeliti</wf>
         <wf lemma="." pos="X">.</wf>
      </sentence>
      <sentence id="d000.s3931" source="wordnet-croatian">
         <instance id="d000.s3931.t000" lemma="izgledati" pos="VERB">Izgleda</instance>
         <wf lemma="poput" pos="X">poput</wf>
         <wf lemma="svojega" pos="X">svojega</wf>
         <wf lemma="oca" pos="X">oca</wf>
         <wf lemma="." pos="X">.</wf>
      </sentence>
      <sentence id="d000.s3932" source="wordnet-croatian">
         <wf lemma="Našli" pos="X">Našli</wf>
         <wf lemma="smo" pos="X">smo</wf>
         <wf lemma="odličnu" pos="X">odličnu</wf>
         <instance id="d000.s3932.t000" lemma="lokacija" pos="NOUN">lokaciju</instance>
         <wf lemma="za" pos="X">za</wf>
         <wf lemma="gradnju" pos="X">gradnju</wf>
         <wf lemma="naše" pos="X">naše</wf>
         <wf lemma="vikendice" pos="X">vikendice</wf>
         <wf lemma="." pos="X">.</wf>
      </sentence>
      <sentence id="d000.s3933" source="wordnet-croatian">
         <instance id="d000.s3933.t000" lemma="početak" pos="NOUN">Početak</instance>
         <wf lemma="filma" pos="X">filma</wf>
         <wf lemma="publika" pos="X">publika</wf>
         <wf lemma="je" pos="X">je</wf>
         <wf lemma="pozdravila" pos="X">pozdravila</wf>
         <wf lemma="pljeskom" pos="X">pljeskom</wf>
         <wf lemma="." pos="X">.</wf>
      </sentence>
      <sentence id="d000.s3934" source="wordnet-croatian">
         <wf lemma="Konzumerizam" pos="X">Konzumerizam</wf>
         <wf lemma="ubija" pos="X">ubija</wf>
         <instance id="d000.s3934.t000" lemma="suosjećanje" pos="NOUN">suosjećanje</instance>
         <wf lemma="među" pos="X">među</wf>
         <wf lemma="ljudima" pos="X">ljudima</wf>
         <wf lemma="." pos="X">.</wf>
      </sentence>
      <sentence id="d000.s3935" source="wordnet-croatian">
         <wf lemma="U" pos="X">U</wf>
         <wf lemma="vrijeme" pos="X">vrijeme</wf>
         <wf lemma="rata" pos="X">rata</wf>
         <wf lemma="sa" pos="X">sa</wf>
         <wf lemma="svih" pos="X">svih</wf>
         <wf lemma="se" pos="X">se</wf>
         <wf lemma="strana" pos="X">strana</wf>
         <wf lemma="pokušava" pos="X">pokušava</wf>
         <wf lemma="doći" pos="X">doći</wf>
         <wf lemma="do" pos="X">do</wf>
         <instance id="d000.s3935.t000" lemma="naoružanje" pos="NOUN">naoružanja</instance>
         <wf lemma="." pos="X">.</wf>
      </sentence>
      <sentence id="d000.s3936" source="wordnet-croatian">
         <instance id="d000.s3936.t000" lemma="napustiti" pos="VERB">Napustila</instance>
         <wf lemma="ju" pos="X">ju</wf>
         <wf lemma="je" pos="X">je</wf>
         <wf lemma="dobra" pos="X">dobra</wf>
         <wf lemma="sreća" pos="X">sreća</wf>
         <wf lemma="." pos="X">.</wf>
      </sentence>
      <sentence id="d000.s3937" source="wordnet-croatian">
         <instance id="d000.s3937.t000" lemma="raditi" pos="VERB">Radili</instance>
         <wf lemma="su" pos="X">su</wf>
         <wf lemma="cipele" pos="X">cipele</wf>
         <wf lemma="za" pos="X">za</wf>
         <wf lemma="vojsku" pos="X">vojsku</wf>
         <wf lemma="." pos="X">.</wf>
      </sentence>
      <sentence id="d000.s3938" source="wordnet-croatian">
         <wf lemma="Pantomimičar" pos="X">Pantomimičar</wf>
         <wf lemma="je" pos="X">je</wf>
         <instance id="d000.s3938.t000" lemma="imitirati" pos="VERB">imitirao</instance>
         <wf lemma="hod" pos="X">hod</wf>
         <wf lemma="prolaznika" pos="X">prolaznika</wf>
         <wf lemma="." pos="X">.</wf>
      </sentence>
      <sentence id="d000.s3939" source="wordnet-croatian">
         <instance id="d000.s3939.t000" lemma="administracija" pos="NOUN">Administracija</instance>
         <wf lemma="je" pos="X">je</wf>
         <wf lemma="pronašla" pos="X">pronašla</wf>
         <wf lemma="rješenje" pos="X">rješenje</wf>
         <wf lemma="za" pos="X">za</wf>
         <wf lemma="dodatne" pos="X">dodatne</wf>
         <wf lemma="zaposlenike" pos="X">zaposlenike</wf>
         <wf lemma="." pos="X">.</wf>
      </sentence>
      <sentence id="d000.s3940" source="wordnet-croatian">
         <instance id="d000.s3940.t000" lemma="započeti" pos="VERB">Započeli</instance>
         <wf lemma="smo" pos="X">smo</wf>
         <wf lemma="s" pos="X">s</wf>
         <wf lemma="novim" pos="X">novim</wf>
         <wf lemma="projektom" pos="X">projektom</wf>
         <wf lemma="." pos="X">.</wf>
      </sentence>
      <sentence id="d000.s3941" source="wordnet-croatian">
         <wf lemma="Prijestupnik" pos="X">Prijestupnik</wf>
         <wf lemma="je" pos="X">je</wf>
         <wf lemma="uhićen" pos="X">uhićen</wf>
         <wf lemma="u" pos="X">u</wf>
         <wf lemma="kladionici" pos="X">kladionici</wf>
         <wf lemma="jer" pos="X">jer</wf>
         <wf lemma="je" pos="X">je</wf>
         <wf lemma="doslovno" pos="X">doslovno</wf>
         <wf lemma="skrivao" pos="X">skrivao</wf>
         <instance id="d000.s3941.t000" lemma="as" pos="NOUN">asa</instance>
         <wf lemma="u" pos="X">u</wf>
         <wf lemma="rukavu" pos="X">rukavu</wf>
         <wf lemma="." pos="X">.</wf>
      </sentence>
      <sentence id="d000.s3942" source="wordnet-croatian">
         <wf lemma="Ne" pos="X">Ne</wf>
         <wf lemma="smije" pos="X">smije</wf>
         <wf lemma="kretati" pos="X">kretati</wf>
         <wf lemma="s" pos="X">s</wf>
         <wf lemma="tom" pos="X">tom</wf>
         <instance id="d000.s3942.t000" lemma="presupozicija" pos="NOUN">presupozicijom</instance>
         <wf lemma="ako" pos="X">ako</wf>
         <wf lemma="želi" pos="X">želi</wf>
         <wf lemma="nešto" pos="X">nešto</wf>
         <wf lemma="saznati" pos="X">saznati</wf>
         <wf lemma="." pos="X">.</wf>
      </sentence>
      <sentence id="d000.s3943" source="wordnet-croatian">
         <instance id="d000.s3943.t000" lemma="prodati" pos="VERB">Prodao</instance>
         <wf lemma="je" pos="X">je</wf>
         <wf lemma="vikendicu" pos="X">vikendicu</wf>
         <wf lemma="na" pos="X">na</wf>
         <wf lemma="moru" pos="X">moru</wf>
         <wf lemma="." pos="X">.</wf>
      </sentence>
      <sentence id="d000.s3944" source="wordnet-croatian">
         <wf lemma="Trener" pos="X">Trener</wf>
         <wf lemma="do" pos="X">do</wf>
         <wf lemma="samog" pos="X">samog</wf>
         <wf lemma="početka" pos="X">početka</wf>
         <wf lemma="utakmice" pos="X">utakmice</wf>
         <wf lemma="nije" pos="X">nije</wf>
         <wf lemma="želio" pos="X">želio</wf>
         <wf lemma="otkriti" pos="X">otkriti</wf>
         <instance id="d000.s3944.t000" lemma="formacija" pos="NOUN">formaciju</instance>
         <wf lemma="svoje" pos="X">svoje</wf>
         <wf lemma="momčadi" pos="X">momčadi</wf>
         <wf lemma="." pos="X">.</wf>
      </sentence>
      <sentence id="d000.s3945" source="wordnet-croatian">
         <wf lemma="Ako" pos="X">Ako</wf>
         <instance id="d000.s3945.t000" lemma="dočasnik" pos="NOUN">dočasnik</instance>
         <wf lemma="nakon" pos="X">nakon</wf>
         <wf lemma="četrdesete" pos="X">četrdesete</wf>
         <wf lemma="nije" pos="X">nije</wf>
         <wf lemma="promaknut" pos="X">promaknut</wf>
         <wf lemma="u" pos="X">u</wf>
         <wf lemma="viši" pos="X">viši</wf>
         <wf lemma="čin" pos="X">čin</wf>
         <wf lemma="," pos="X">,</wf>
         <wf lemma="može" pos="X">može</wf>
         <wf lemma="izgubiti" pos="X">izgubiti</wf>
         <wf lemma="svoje" pos="X">svoje</wf>
         <wf lemma="radno" pos="X">radno</wf>
         <wf lemma="mjesto" pos="X">mjesto</wf>
         <wf lemma="." pos="X">.</wf>
      </sentence>
      <sentence id="d000.s3946" source="wordnet-croatian">
         <wf lemma="Torta" pos="X">Torta</wf>
         <wf lemma="od" pos="X">od</wf>
         <instance id="d000.s3946.t000" lemma="banana" pos="NOUN">banana</instance>
         <wf lemma="i" pos="X">i</wf>
         <wf lemma="čokolade" pos="X">čokolade</wf>
         <wf lemma="nestala" pos="X">nestala</wf>
         <wf lemma="je" pos="X">je</wf>
         <wf lemma="u" pos="X">u</wf>
         <wf lemma="trenu" pos="X">trenu</wf>
         <wf lemma="." pos="X">.</wf>
      </sentence>
      <sentence id="d000.s3947" source="wordnet-croatian">
         <wf lemma="Razlikovali" pos="X">Razlikovali</wf>
         <wf lemma="su" pos="X">su</wf>
         <wf lemma="se" pos="X">se</wf>
         <wf lemma="u" pos="X">u</wf>
         <instance id="d000.s3947.t000" lemma="poimanje" pos="NOUN">poimanju</instance>
         <wf lemma="modernizacije" pos="X">modernizacije</wf>
         <wf lemma="." pos="X">.</wf>
      </sentence>
      <sentence id="d000.s3948" source="wordnet-croatian">
         <wf lemma="Optuženi" pos="X">Optuženi</wf>
         <wf lemma="su" pos="X">su</wf>
         <wf lemma="se" pos="X">se</wf>
         <wf lemma="branili" pos="X">branili</wf>
         <wf lemma="da" pos="X">da</wf>
         <wf lemma="su" pos="X">su</wf>
         <wf lemma="zabunom" pos="X">zabunom</wf>
         <wf lemma="za" pos="X">za</wf>
         <instance id="d000.s3948.t000" lemma="prasak" pos="NOUN">prasak</instance>
         <wf lemma="iz" pos="X">iz</wf>
         <wf lemma="ispušne" pos="X">ispušne</wf>
         <wf lemma="cijevi" pos="X">cijevi</wf>
         <wf lemma="mislili" pos="X">mislili</wf>
         <wf lemma="da" pos="X">da</wf>
         <wf lemma="pucanj" pos="X">pucanj</wf>
         <wf lemma="." pos="X">.</wf>
      </sentence>
      <sentence id="d000.s3949" source="wordnet-croatian">
         <instance id="d000.s3949.t000" lemma="odvesti" pos="VERB">Odvezli</instance>
         <wf lemma="su" pos="X">su</wf>
         <wf lemma="se" pos="X">se</wf>
         <wf lemma="u" pos="X">u</wf>
         <wf lemma="Rim" pos="X">Rim</wf>
         <wf lemma="." pos="X">.</wf>
      </sentence>
      <sentence id="d000.s3950" source="wordnet-croatian">
         <wf lemma="Velika" pos="X">Velika</wf>
         <wf lemma="stada" pos="X">stada</wf>
         <wf lemma="bizona" pos="X">bizona</wf>
         <wf lemma="nekada" pos="X">nekada</wf>
         <wf lemma="su" pos="X">su</wf>
         <instance id="d000.s3950.t000" lemma="tumarati" pos="VERB">tumarala</instance>
         <wf lemma="prerijom" pos="X">prerijom</wf>
         <wf lemma="." pos="X">.</wf>
      </sentence>
      <sentence id="d000.s3951" source="wordnet-croatian">
         <wf lemma="Nije" pos="X">Nije</wf>
         <wf lemma="imao" pos="X">imao</wf>
         <instance id="d000.s3951.t000" lemma="dizalica" pos="NOUN">dizalicu</instance>
         <wf lemma="za" pos="X">za</wf>
         <wf lemma="auto" pos="X">auto</wf>
         <wf lemma="pa" pos="X">pa</wf>
         <wf lemma="nije" pos="X">nije</wf>
         <wf lemma="mogao" pos="X">mogao</wf>
         <wf lemma="promijeniti" pos="X">promijeniti</wf>
         <wf lemma="gumu" pos="X">gumu</wf>
         <wf lemma="." pos="X">.</wf>
      </sentence>
      <sentence id="d000.s3952" source="wordnet-croatian">
         <instance id="d000.s3952.t000" lemma="zakonitost" pos="NOUN">Zakonitost</instance>
         <wf lemma="nekih" pos="X">nekih</wf>
         <wf lemma="Vladinih" pos="X">Vladinih</wf>
         <wf lemma="akata" pos="X">akata</wf>
         <wf lemma="potrebno" pos="X">potrebno</wf>
         <wf lemma="je" pos="X">je</wf>
         <wf lemma="preispitati" pos="X">preispitati</wf>
         <wf lemma="." pos="X">.</wf>
      </sentence>
      <sentence id="d000.s3953" source="wordnet-croatian">
         <instance id="d000.s3953.t000" lemma="spajanje" pos="NOUN">Spajanje</instance>
         <wf lemma="stakala" pos="X">stakala</wf>
         <wf lemma="nikada" pos="X">nikada</wf>
         <wf lemma="nije" pos="X">nije</wf>
         <wf lemma="lak" pos="X">lak</wf>
         <wf lemma="posao" pos="X">posao</wf>
         <wf lemma="." pos="X">.</wf>
      </sentence>
      <sentence id="d000.s3954" source="wordnet-croatian">
         <wf lemma="Tražio" pos="X">Tražio</wf>
         <wf lemma="je" pos="X">je</wf>
         <instance id="d000.s3954.t000" lemma="pripomoć" pos="NOUN">pripomoć</instance>
         <wf lemma="u" pos="X">u</wf>
         <wf lemma="iznosu" pos="X">iznosu</wf>
         <wf lemma="od" pos="X">od</wf>
         <wf lemma="700" pos="X">700</wf>
         <wf lemma="kn" pos="X">kn</wf>
         <wf lemma="." pos="X">.</wf>
      </sentence>
      <sentence id="d000.s3955" source="wordnet-croatian">
         <wf lemma="Mnoge" pos="X">Mnoge</wf>
         <wf lemma="televizije" pos="X">televizije</wf>
         <instance id="d000.s3955.t000" lemma="emitirati" pos="VERB">emitiraju</instance>
         <wf lemma="turske" pos="X">turske</wf>
         <wf lemma="sapunice" pos="X">sapunice</wf>
         <wf lemma="." pos="X">.</wf>
      </sentence>
      <sentence id="d000.s3956" source="wordnet-croatian">
         <wf lemma="Njeno" pos="X">Njeno</wf>
         <wf lemma="srce" pos="X">srce</wf>
         <instance id="d000.s3956.t000" lemma="tući" pos="VERB">tuklo</instance>
         <wf lemma="je" pos="X">je</wf>
         <wf lemma="brže" pos="X">brže</wf>
         <wf lemma="u" pos="X">u</wf>
         <wf lemma="Mirkovoj" pos="X">Mirkovoj</wf>
         <wf lemma="blizini" pos="X">blizini</wf>
         <wf lemma="." pos="X">.</wf>
      </sentence>
      <sentence id="d000.s3957" source="wordnet-croatian">
         <wf lemma="Nikad" pos="X">Nikad</wf>
         <wf lemma="nije" pos="X">nije</wf>
         <wf lemma="volio" pos="X">volio</wf>
         <wf lemma="nositi" pos="X">nositi</wf>
         <wf lemma="nakit" pos="X">nakit</wf>
         <wf lemma="," pos="X">,</wf>
         <wf lemma="pa" pos="X">pa</wf>
         <wf lemma="tako" pos="X">tako</wf>
         <wf lemma="ni" pos="X">ni</wf>
         <instance id="d000.s3957.t000" lemma="narukvica" pos="NOUN">narukvice</instance>
         <wf lemma="." pos="X">.</wf>
      </sentence>
      <sentence id="d000.s3958" source="wordnet-croatian">
         <instance id="d000.s3958.t000" lemma="kruh" pos="NOUN">Kruh</instance>
         <wf lemma="je" pos="X">je</wf>
         <wf lemma="kiseliji" pos="X">kiseliji</wf>
         <wf lemma="ako" pos="X">ako</wf>
         <wf lemma="se" pos="X">se</wf>
         <wf lemma="tijesto" pos="X">tijesto</wf>
         <wf lemma="diže" pos="X">diže</wf>
         <wf lemma="duže" pos="X">duže</wf>
         <wf lemma="vrijeme" pos="X">vrijeme</wf>
         <wf lemma="." pos="X">.</wf>
      </sentence>
      <sentence id="d000.s3959" source="wordnet-croatian">
         <wf lemma="Izbor" pos="X">Izbor</wf>
         <wf lemma="dekana" pos="X">dekana</wf>
         <wf lemma="provodi" pos="X">provodi</wf>
         <wf lemma="se" pos="X">se</wf>
         <wf lemma="tajnim" pos="X">tajnim</wf>
         <instance id="d000.s3959.t000" lemma="glasovanje" pos="NOUN">glasovanjem</instance>
         <wf lemma="." pos="X">.</wf>
      </sentence>
      <sentence id="d000.s3960" source="wordnet-croatian">
         <wf lemma="Ovi" pos="X">Ovi</wf>
         <wf lemma="lijekovi" pos="X">lijekovi</wf>
         <instance id="d000.s3960.t000" lemma="sprečavati" pos="VERB">sprečavaju</instance>
         <wf lemma="napredovanje" pos="X">napredovanje</wf>
         <wf lemma="bolesti" pos="X">bolesti</wf>
         <wf lemma="." pos="X">.</wf>
      </sentence>
      <sentence id="d000.s3961" source="wordnet-croatian">
         <wf lemma="Krivi" pos="X">Krivi</wf>
         <wf lemma="izračuni" pos="X">izračuni</wf>
         <wf lemma="bili" pos="X">bili</wf>
         <wf lemma="su" pos="X">su</wf>
         <wf lemma="posljedica" pos="X">posljedica</wf>
         <instance id="d000.s3961.t000" lemma="nepažnja" pos="NOUN">nepažnje</instance>
         <wf lemma="," pos="X">,</wf>
         <wf lemma="a" pos="X">a</wf>
         <wf lemma="ne" pos="X">ne</wf>
         <wf lemma="neznanja" pos="X">neznanja</wf>
         <wf lemma="." pos="X">.</wf>
      </sentence>
      <sentence id="d000.s3962" source="wordnet-croatian">
         <wf lemma="Vježbao" pos="X">Vježbao</wf>
         <wf lemma="je" pos="X">je</wf>
         <wf lemma="pojačanim" pos="X">pojačanim</wf>
         <instance id="d000.s3962.t000" lemma="intenzitet" pos="NOUN">intenzitetom</instance>
         <wf lemma="pa" pos="X">pa</wf>
         <wf lemma="su" pos="X">su</wf>
         <wf lemma="ga" pos="X">ga</wf>
         <wf lemma="poslije" pos="X">poslije</wf>
         <wf lemma="boljeli" pos="X">boljeli</wf>
         <wf lemma="svi" pos="X">svi</wf>
         <wf lemma="mišići" pos="X">mišići</wf>
         <wf lemma="." pos="X">.</wf>
      </sentence>
      <sentence id="d000.s3963" source="wordnet-croatian">
         <instance id="d000.s3963.t000" lemma="skupljanje" pos="NOUN">Skupljanje</instance>
         <wf lemma="sličica" pos="X">sličica</wf>
         <wf lemma="bila" pos="X">bila</wf>
         <wf lemma="mu" pos="X">mu</wf>
         <wf lemma="je" pos="X">je</wf>
         <wf lemma="omiljena" pos="X">omiljena</wf>
         <wf lemma="razonoda" pos="X">razonoda</wf>
         <wf lemma="." pos="X">.</wf>
      </sentence>
      <sentence id="d000.s3964" source="wordnet-croatian">
         <wf lemma="Jučer" pos="X">Jučer</wf>
         <wf lemma="je" pos="X">je</wf>
         <wf lemma="Ana" pos="X">Ana</wf>
         <wf lemma="organizirala" pos="X">organizirala</wf>
         <wf lemma="zabavno" pos="X">zabavno</wf>
         <instance id="d000.s3964.t000" lemma="druženje" pos="NOUN">druženje</instance>
         <wf lemma="u" pos="X">u</wf>
         <wf lemma="svom" pos="X">svom</wf>
         <wf lemma="stanu" pos="X">stanu</wf>
         <wf lemma="." pos="X">.</wf>
      </sentence>
      <sentence id="d000.s3965" source="wordnet-croatian">
         <wf lemma="Slavko" pos="X">Slavko</wf>
         <wf lemma="je" pos="X">je</wf>
         <instance id="d000.s3965.t000" lemma="reducirati" pos="VERB">reducirao</instance>
         <wf lemma="sve" pos="X">sve</wf>
         <wf lemma="svoje" pos="X">svoje</wf>
         <wf lemma="obveze" pos="X">obveze</wf>
         <wf lemma="nakon" pos="X">nakon</wf>
         <wf lemma="bolesti" pos="X">bolesti</wf>
         <wf lemma="." pos="X">.</wf>
      </sentence>
      <sentence id="d000.s3966" source="wordnet-croatian">
         <wf lemma="Američka" pos="X">Američka</wf>
         <instance id="d000.s3966.t000" lemma="industrija" pos="NOUN">industrija</instance>
         <wf lemma="uvelike" pos="X">uvelike</wf>
         <wf lemma="se" pos="X">se</wf>
         <wf lemma="koristi" pos="X">koristi</wf>
         <wf lemma="računalima" pos="X">računalima</wf>
         <wf lemma="u" pos="X">u</wf>
         <wf lemma="procesu" pos="X">procesu</wf>
         <wf lemma="proizvodnje" pos="X">proizvodnje</wf>
         <wf lemma="." pos="X">.</wf>
      </sentence>
      <sentence id="d000.s3967" source="wordnet-croatian">
         <wf lemma="Svaka" pos="X">Svaka</wf>
         <wf lemma="je" pos="X">je</wf>
         <wf lemma="učionica" pos="X">učionica</wf>
         <wf lemma="opremljena" pos="X">opremljena</wf>
         <instance id="d000.s3967.t000" lemma="projektor" pos="NOUN">projektorom</instance>
         <wf lemma="." pos="X">.</wf>
      </sentence>
      <sentence id="d000.s3968" source="wordnet-croatian">
         <wf lemma="Proglasili" pos="X">Proglasili</wf>
         <wf lemma="su" pos="X">su</wf>
         <instance id="d000.s3968.t000" lemma="obustava" pos="NOUN">obustavu</instance>
         <wf lemma="rada" pos="X">rada</wf>
         <wf lemma="." pos="X">.</wf>
      </sentence>
      <sentence id="d000.s3969" source="wordnet-croatian">
         <wf lemma="Za" pos="X">Za</wf>
         <wf lemma="izradu" pos="X">izradu</wf>
         <instance id="d000.s3969.t000" lemma="vodič" pos="NOUN">vodiča</instance>
         <wf lemma="u" pos="X">u</wf>
         <wf lemma="dalekovodima" pos="X">dalekovodima</wf>
         <wf lemma="najčešće" pos="X">najčešće</wf>
         <wf lemma="se" pos="X">se</wf>
         <wf lemma="koristi" pos="X">koristi</wf>
         <wf lemma="aluminij" pos="X">aluminij</wf>
         <wf lemma="." pos="X">.</wf>
      </sentence>
      <sentence id="d000.s3970" source="wordnet-croatian">
         <instance id="d000.s3970.t000" lemma="prepoznati" pos="VERB">Prepoznala</instance>
         <wf lemma="je" pos="X">je</wf>
         <wf lemma="lice" pos="X">lice</wf>
         <wf lemma="pljačkaša" pos="X">pljačkaša</wf>
         <wf lemma="na" pos="X">na</wf>
         <wf lemma="tjeralici" pos="X">tjeralici</wf>
         <wf lemma="." pos="X">.</wf>
      </sentence>
      <sentence id="d000.s3971" source="wordnet-croatian">
         <wf lemma="G." pos="X">G.</wf>
         <wf lemma="Perić" pos="X">Perić</wf>
         <instance id="d000.s3971.t000" lemma="tražiti" pos="VERB">traži</instance>
         <wf lemma="oslobođenje" pos="X">oslobođenje</wf>
         <wf lemma="od" pos="X">od</wf>
         <wf lemma="plaćanja" pos="X">plaćanja</wf>
         <wf lemma="većeg" pos="X">većeg</wf>
         <wf lemma="poreza" pos="X">poreza</wf>
         <wf lemma="na" pos="X">na</wf>
         <wf lemma="temelju" pos="X">temelju</wf>
         <wf lemma="niskih" pos="X">niskih</wf>
         <wf lemma="primanja" pos="X">primanja</wf>
         <wf lemma="." pos="X">.</wf>
      </sentence>
      <sentence id="d000.s3972" source="wordnet-croatian">
         <instance id="d000.s3972.t000" lemma="podizanje" pos="NOUN">Podizanje</instance>
         <wf lemma="razine" pos="X">razine</wf>
         <wf lemma="mora" pos="X">mora</wf>
         <wf lemma="posljedica" pos="X">posljedica</wf>
         <wf lemma="je" pos="X">je</wf>
         <wf lemma="globalnog" pos="X">globalnog</wf>
         <wf lemma="zatopljenja" pos="X">zatopljenja</wf>
         <wf lemma="." pos="X">.</wf>
      </sentence>
      <sentence id="d000.s3973" source="wordnet-croatian">
         <wf lemma="Tako" pos="X">Tako</wf>
         <wf lemma="se" pos="X">se</wf>
         <wf lemma="ne" pos="X">ne</wf>
         <instance id="d000.s3973.t000" lemma="voditi" pos="VERB">vodi</instance>
         <wf lemma="posao" pos="X">posao</wf>
         <wf lemma="!" pos="X">!</wf>
      </sentence>
      <sentence id="d000.s3974" source="wordnet-croatian">
         <wf lemma="Osoba" pos="X">Osoba</wf>
         <wf lemma="može" pos="X">može</wf>
         <wf lemma="biti" pos="X">biti</wf>
         <wf lemma="primljena" pos="X">primljena</wf>
         <wf lemma="samo" pos="X">samo</wf>
         <wf lemma="pod" pos="X">pod</wf>
         <instance id="d000.s3974.t000" lemma="uvjet" pos="NOUN">uvjetom</instance>
         <wf lemma="da" pos="X">da</wf>
         <wf lemma="je" pos="X">je</wf>
         <wf lemma="student" pos="X">student</wf>
         <wf lemma="." pos="X">.</wf>
      </sentence>
      <sentence id="d000.s3975" source="wordnet-croatian">
         <wf lemma="Sama" pos="X">Sama</wf>
         <wf lemma="je" pos="X">je</wf>
         <wf lemma="isplela" pos="X">isplela</wf>
         <wf lemma="dugačak" pos="X">dugačak</wf>
         <instance id="d000.s3975.t000" lemma="šal" pos="NOUN">šal</instance>
         <wf lemma="koji" pos="X">koji</wf>
         <wf lemma="je" pos="X">je</wf>
         <wf lemma="poklonila" pos="X">poklonila</wf>
         <wf lemma="svojoj" pos="X">svojoj</wf>
         <wf lemma="prijateljici" pos="X">prijateljici</wf>
         <wf lemma="." pos="X">.</wf>
      </sentence>
      <sentence id="d000.s3976" source="wordnet-croatian">
         <wf lemma="Olga" pos="X">Olga</wf>
         <wf lemma="je" pos="X">je</wf>
         <wf lemma="odlučila" pos="X">odlučila</wf>
         <wf lemma="prevesti" pos="X">prevesti</wf>
         <wf lemma="nekoliko" pos="X">nekoliko</wf>
         <instance id="d000.s3976.t000" lemma="kitica" pos="NOUN">kitica</instance>
         <wf lemma="iz" pos="X">iz</wf>
         <wf lemma="Ilijade" pos="X">Ilijade</wf>
         <wf lemma="na" pos="X">na</wf>
         <wf lemma="makedonski" pos="X">makedonski</wf>
         <wf lemma="jezik" pos="X">jezik</wf>
         <wf lemma="." pos="X">.</wf>
      </sentence>
      <sentence id="d000.s3977" source="wordnet-croatian">
         <instance id="d000.s3977.t000" lemma="oružarnica" pos="NOUN">Oružarnice</instance>
         <wf lemma="moraju" pos="X">moraju</wf>
         <wf lemma="biti" pos="X">biti</wf>
         <wf lemma="dobro" pos="X">dobro</wf>
         <wf lemma="čuvane" pos="X">čuvane</wf>
         <wf lemma="." pos="X">.</wf>
      </sentence>
      <sentence id="d000.s3978" source="wordnet-croatian">
         <wf lemma="Dobro" pos="X">Dobro</wf>
         <wf lemma="je" pos="X">je</wf>
         <wf lemma="poznata" pos="X">poznata</wf>
         <instance id="d000.s3978.t000" lemma="neučinkovitost" pos="NOUN">neučinkovitost</instance>
         <wf lemma="antibiotika" pos="X">antibiotika</wf>
         <wf lemma="za" pos="X">za</wf>
         <wf lemma="gripu" pos="X">gripu</wf>
         <wf lemma="." pos="X">.</wf>
      </sentence>
      <sentence id="d000.s3979" source="wordnet-croatian">
         <wf lemma="Podivljala" pos="X">Podivljala</wf>
         <instance id="d000.s3979.t000" lemma="svjetina" pos="NOUN">svjetina</instance>
         <wf lemma="krenula" pos="X">krenula</wf>
         <wf lemma="je" pos="X">je</wf>
         <wf lemma="prema" pos="X">prema</wf>
         <wf lemma="parlamentu" pos="X">parlamentu</wf>
         <wf lemma="započevši" pos="X">započevši</wf>
         <wf lemma="tako" pos="X">tako</wf>
         <wf lemma="pravu" pos="X">pravu</wf>
         <wf lemma="revoluciju" pos="X">revoluciju</wf>
         <wf lemma="." pos="X">.</wf>
      </sentence>
      <sentence id="d000.s3980" source="wordnet-croatian">
         <instance id="d000.s3980.t000" lemma="završetak" pos="NOUN">Završetak</instance>
         <wf lemma="riječi" pos="X">riječi</wf>
         <wf lemma="ne" pos="X">ne</wf>
         <wf lemma="mora" pos="X">mora</wf>
         <wf lemma="nužno" pos="X">nužno</wf>
         <wf lemma="biti" pos="X">biti</wf>
         <wf lemma="jednak" pos="X">jednak</wf>
         <wf lemma="sufiksu" pos="X">sufiksu</wf>
         <wf lemma="." pos="X">.</wf>
      </sentence>
      <sentence id="d000.s3981" source="wordnet-croatian">
         <wf lemma="I" pos="X">I</wf>
         <wf lemma="ja" pos="X">ja</wf>
         <wf lemma="imam" pos="X">imam</wf>
         <wf lemma="pravo" pos="X">pravo</wf>
         <wf lemma="na" pos="X">na</wf>
         <instance id="d000.s3981.t000" lemma="dio" pos="NOUN">dio</instance>
         <wf lemma="roditeljske" pos="X">roditeljske</wf>
         <wf lemma="ljubavi" pos="X">ljubavi</wf>
         <wf lemma="." pos="X">.</wf>
      </sentence>
      <sentence id="d000.s3982" source="wordnet-croatian">
         <wf lemma="Frend" pos="X">Frend</wf>
         <wf lemma="mi" pos="X">mi</wf>
         <wf lemma="svakodnevno" pos="X">svakodnevno</wf>
         <wf lemma="nabavlja" pos="X">nabavlja</wf>
         <instance id="d000.s3982.t000" lemma="trava" pos="NOUN">travu</instance>
         <wf lemma="." pos="X">.</wf>
      </sentence>
      <sentence id="d000.s3983" source="wordnet-croatian">
         <wf lemma="Moj" pos="X">Moj</wf>
         <wf lemma="ujak" pos="X">ujak</wf>
         <wf lemma="ima" pos="X">ima</wf>
         <wf lemma="firmu" pos="X">firmu</wf>
         <wf lemma="za" pos="X">za</wf>
         <instance id="d000.s3983.t000" lemma="transport" pos="NOUN">transport</instance>
         <wf lemma="živadi" pos="X">živadi</wf>
         <wf lemma="." pos="X">.</wf>
      </sentence>
      <sentence id="d000.s3984" source="wordnet-croatian">
         <wf lemma="Spoji" pos="X">Spoji</wf>
         <instance id="d000.s3984.t000" lemma="točka" pos="NOUN">točke</instance>
         <wf lemma="ravnom" pos="X">ravnom</wf>
         <wf lemma="crtom" pos="X">crtom</wf>
         <wf lemma="!" pos="X">!</wf>
      </sentence>
      <sentence id="d000.s3985" source="wordnet-croatian">
         <wf lemma="Moram" pos="X">Moram</wf>
         <instance id="d000.s3985.t000" lemma="uhvatiti" pos="VERB">uhvatiti</instance>
         <wf lemma="popodnevni" pos="X">popodnevni</wf>
         <wf lemma="vlak" pos="X">vlak</wf>
         <wf lemma="." pos="X">.</wf>
      </sentence>
      <sentence id="d000.s3986" source="wordnet-croatian">
         <wf lemma="Nismo" pos="X">Nismo</wf>
         <wf lemma="još" pos="X">još</wf>
         <instance id="d000.s3986.t000" lemma="primiti" pos="VERB">primili</instance>
         <wf lemma="plaću" pos="X">plaću</wf>
         <wf lemma="za" pos="X">za</wf>
         <wf lemma="prošli" pos="X">prošli</wf>
         <wf lemma="mjesec" pos="X">mjesec</wf>
         <wf lemma="." pos="X">.</wf>
      </sentence>
      <sentence id="d000.s3987" source="wordnet-croatian">
         <wf lemma="U" pos="X">U</wf>
         <instance id="d000.s3987.t000" lemma="vaza" pos="NOUN">vazu</instance>
         <wf lemma="je" pos="X">je</wf>
         <wf lemma="stavila" pos="X">stavila</wf>
         <wf lemma="pregršt" pos="X">pregršt</wf>
         <wf lemma="poljskoga" pos="X">poljskoga</wf>
         <wf lemma="cvijeća" pos="X">cvijeća</wf>
         <wf lemma="." pos="X">.</wf>
      </sentence>
      <sentence id="d000.s3988" source="wordnet-croatian">
         <wf lemma="čitavu" pos="X">čitavu</wf>
         <wf lemma="sam" pos="X">sam</wf>
         <instance id="d000.s3988.t000" lemma="plaća" pos="NOUN">plaću</instance>
         <wf lemma="spiskao" pos="X">spiskao</wf>
         <wf lemma="na" pos="X">na</wf>
         <wf lemma="jelo" pos="X">jelo</wf>
         <wf lemma="i" pos="X">i</wf>
         <wf lemma="piće" pos="X">piće</wf>
         <wf lemma="." pos="X">.</wf>
      </sentence>
      <sentence id="d000.s3989" source="wordnet-croatian">
         <wf lemma="Profesor" pos="X">Profesor</wf>
         <wf lemma="je" pos="X">je</wf>
         <instance id="d000.s3989.t000" lemma="lupiti" pos="VERB">lupio</instance>
         <wf lemma="učenika" pos="X">učenika</wf>
         <wf lemma="po" pos="X">po</wf>
         <wf lemma="nosu" pos="X">nosu</wf>
         <wf lemma="." pos="X">.</wf>
      </sentence>
      <sentence id="d000.s3990" source="wordnet-croatian">
         <instance id="d000.s3990.t000" lemma="naušnica" pos="NOUN">Naušnice</instance>
         <wf lemma="su" pos="X">su</wf>
         <wf lemma="jedan" pos="X">jedan</wf>
         <wf lemma="od" pos="X">od</wf>
         <wf lemma="omiljenih" pos="X">omiljenih</wf>
         <wf lemma="ženskih" pos="X">ženskih</wf>
         <wf lemma="modnih" pos="X">modnih</wf>
         <wf lemma="detalja" pos="X">detalja</wf>
         <wf lemma="." pos="X">.</wf>
      </sentence>
      <sentence id="d000.s3991" source="wordnet-croatian">
         <wf lemma="Kako" pos="X">Kako</wf>
         <wf lemma="bi" pos="X">bi</wf>
         <wf lemma="se" pos="X">se</wf>
         <wf lemma="zaštitio" pos="X">zaštitio</wf>
         <wf lemma="okoliš" pos="X">okoliš</wf>
         <wf lemma="," pos="X">,</wf>
         <wf lemma="potiče" pos="X">potiče</wf>
         <wf lemma="se" pos="X">se</wf>
         <wf lemma="razvoj" pos="X">razvoj</wf>
         <instance id="d000.s3991.t000" lemma="elektrana" pos="NOUN">elektrana</instance>
         <wf lemma="na" pos="X">na</wf>
         <wf lemma="obnovljive" pos="X">obnovljive</wf>
         <wf lemma="izvore" pos="X">izvore</wf>
         <wf lemma="." pos="X">.</wf>
      </sentence>
      <sentence id="d000.s3992" source="wordnet-croatian">
         <instance id="d000.s3992.t000" lemma="izumiti" pos="VERB">Izumio</instance>
         <wf lemma="je" pos="X">je</wf>
         <wf lemma="novu" pos="X">novu</wf>
         <wf lemma="vrstu" pos="X">vrstu</wf>
         <wf lemma="korneta" pos="X">korneta</wf>
         <wf lemma="za" pos="X">za</wf>
         <wf lemma="sladoled" pos="X">sladoled</wf>
         <wf lemma="." pos="X">.</wf>
      </sentence>
      <sentence id="d000.s3993" source="wordnet-croatian">
         <wf lemma="Prosvjednici" pos="X">Prosvjednici</wf>
         <wf lemma="su" pos="X">su</wf>
         <wf lemma="morali" pos="X">morali</wf>
         <instance id="d000.s3993.t000" lemma="napustiti" pos="VERB">napustiti</instance>
         <wf lemma="trg" pos="X">trg</wf>
         <wf lemma="nakon" pos="X">nakon</wf>
         <wf lemma="što" pos="X">što</wf>
         <wf lemma="su" pos="X">su</wf>
         <wf lemma="se" pos="X">se</wf>
         <wf lemma="pojavili" pos="X">pojavili</wf>
         <wf lemma="specijalci" pos="X">specijalci</wf>
         <wf lemma="." pos="X">.</wf>
      </sentence>
      <sentence id="d000.s3994" source="wordnet-croatian">
         <wf lemma="Kocka" pos="X">Kocka</wf>
         <wf lemma="ima" pos="X">ima</wf>
         <wf lemma="šest" pos="X">šest</wf>
         <instance id="d000.s3994.t000" lemma="strana" pos="NOUN">strana</instance>
         <wf lemma="." pos="X">.</wf>
      </sentence>
      <sentence id="d000.s3995" source="wordnet-croatian">
         <wf lemma="Provalnici" pos="X">Provalnici</wf>
         <wf lemma="su" pos="X">su</wf>
         <wf lemma="razbili" pos="X">razbili</wf>
         <instance id="d000.s3995.t000" lemma="lokot" pos="NOUN">lokot</instance>
         <wf lemma="na" pos="X">na</wf>
         <wf lemma="sefu" pos="X">sefu</wf>
         <wf lemma="i" pos="X">i</wf>
         <wf lemma="odnijeli" pos="X">odnijeli</wf>
         <wf lemma="novac" pos="X">novac</wf>
         <wf lemma="." pos="X">.</wf>
      </sentence>
      <sentence id="d000.s3996" source="wordnet-croatian">
         <wf lemma="Prodavači" pos="X">Prodavači</wf>
         <wf lemma="balona" pos="X">balona</wf>
         <wf lemma="moraju" pos="X">moraju</wf>
         <wf lemma="imati" pos="X">imati</wf>
         <instance id="d000.s3996.t000" lemma="manometar" pos="NOUN">manometar</instance>
         <wf lemma="za" pos="X">za</wf>
         <wf lemma="helij" pos="X">helij</wf>
         <wf lemma="." pos="X">.</wf>
      </sentence>
      <sentence id="d000.s3997" source="wordnet-croatian">
         <wf lemma="Porast" pos="X">Porast</wf>
         <wf lemma="cijena" pos="X">cijena</wf>
         <wf lemma="ulja" pos="X">ulja</wf>
         <wf lemma="i" pos="X">i</wf>
         <wf lemma="benzina" pos="X">benzina</wf>
         <wf lemma="izazvao" pos="X">izazvao</wf>
         <wf lemma="je" pos="X">je</wf>
         <wf lemma="snažno" pos="X">snažno</wf>
         <instance id="d000.s3997.t000" lemma="negodovanje" pos="NOUN">negodovanje</instance>
         <wf lemma="javnosti" pos="X">javnosti</wf>
         <wf lemma="." pos="X">.</wf>
      </sentence>
      <sentence id="d000.s3998" source="wordnet-croatian">
         <wf lemma="Držao" pos="X">Držao</wf>
         <wf lemma="je" pos="X">je</wf>
         <wf lemma="sve" pos="X">sve</wf>
         <wf lemma="svoje" pos="X">svoje</wf>
         <wf lemma="dragocjenosti" pos="X">dragocjenosti</wf>
         <wf lemma="u" pos="X">u</wf>
         <instance id="d000.s3998.t000" lemma="sef" pos="NOUN">sefu</instance>
         <wf lemma="." pos="X">.</wf>
      </sentence>
      <sentence id="d000.s3999" source="wordnet-croatian">
         <wf lemma="Novi" pos="X">Novi</wf>
         <instance id="d000.s3999.t000" lemma="zakon" pos="NOUN">zakon</instance>
         <wf lemma="o" pos="X">o</wf>
         <wf lemma="umjetnoj" pos="X">umjetnoj</wf>
         <wf lemma="oplodnji" pos="X">oplodnji</wf>
         <wf lemma="uznemirio" pos="X">uznemirio</wf>
         <wf lemma="je" pos="X">je</wf>
         <wf lemma="javnost" pos="X">javnost</wf>
         <wf lemma="." pos="X">.</wf>
      </sentence>
      <sentence id="d000.s4000" source="wordnet-croatian">
         <wf lemma="Gazda" pos="X">Gazda</wf>
         <wf lemma="je" pos="X">je</wf>
         <wf lemma="platio" pos="X">platio</wf>
         <instance id="d000.s4000.t000" lemma="svirač" pos="NOUN">sviračim</instance>
         <wf lemma="1000" pos="X">1000</wf>
         <wf lemma="kuna" pos="X">kuna</wf>
         <wf lemma="po" pos="X">po</wf>
         <wf lemma="noći" pos="X">noći</wf>
         <wf lemma="." pos="X">.</wf>
      </sentence>
      <sentence id="d000.s4001" source="wordnet-croatian">
         <wf lemma="Prije" pos="X">Prije</wf>
         <wf lemma="ručka" pos="X">ručka</wf>
         <wf lemma="popili" pos="X">popili</wf>
         <wf lemma="smo" pos="X">smo</wf>
         <wf lemma="čašicu" pos="X">čašicu</wf>
         <instance id="d000.s4001.t000" lemma="anisovača" pos="NOUN">anisovače</instance>
         <wf lemma="." pos="X">.</wf>
      </sentence>
      <sentence id="d000.s4002" source="wordnet-croatian">
         <wf lemma="Novi" pos="X">Novi</wf>
         <wf lemma="se" pos="X">se</wf>
         <wf lemma="reklamni" pos="X">reklamni</wf>
         <wf lemma="oglas" pos="X">oglas</wf>
         <wf lemma="prikazuje" pos="X">prikazuje</wf>
         <wf lemma="na" pos="X">na</wf>
         <instance id="d000.s4002.t000" lemma="komercijalan" pos="ADJ">komercijalnoj</instance>
         <wf lemma="televiziji" pos="X">televiziji</wf>
         <wf lemma="." pos="X">.</wf>
      </sentence>
      <sentence id="d000.s4003" source="wordnet-croatian">
         <instance id="d000.s4003.t000" lemma="pokazati" pos="VERB">Pokazao</instance>
         <wf lemma="sam" pos="X">sam</wf>
         <wf lemma="mu" pos="X">mu</wf>
         <wf lemma="put" pos="X">put</wf>
         <wf lemma="do" pos="X">do</wf>
         <wf lemma="kolodvora" pos="X">kolodvora</wf>
         <wf lemma="." pos="X">.</wf>
      </sentence>
      <sentence id="d000.s4004" source="wordnet-croatian">
         <wf lemma="Kukuruz" pos="X">Kukuruz</wf>
         <wf lemma="dobro" pos="X">dobro</wf>
         <instance id="d000.s4004.t000" lemma="rasti" pos="VERB">raste</instance>
         <wf lemma="u" pos="X">u</wf>
         <wf lemma="ovom" pos="X">ovom</wf>
         <wf lemma="podneblju" pos="X">podneblju</wf>
         <wf lemma="." pos="X">.</wf>
      </sentence>
      <sentence id="d000.s4005" source="wordnet-croatian">
         <wf lemma="Ana" pos="X">Ana</wf>
         <wf lemma="je" pos="X">je</wf>
         <wf lemma="upisala" pos="X">upisala</wf>
         <wf lemma="tečaj" pos="X">tečaj</wf>
         <instance id="d000.s4005.t000" lemma="šivanje" pos="NOUN">šivanja</instance>
         <wf lemma="kako" pos="X">kako</wf>
         <wf lemma="bi" pos="X">bi</wf>
         <wf lemma="sama" pos="X">sama</wf>
         <wf lemma="mogla" pos="X">mogla</wf>
         <wf lemma="sašiti" pos="X">sašiti</wf>
         <wf lemma="haljinu" pos="X">haljinu</wf>
         <wf lemma="." pos="X">.</wf>
      </sentence>
      <sentence id="d000.s4006" source="wordnet-croatian">
         <wf lemma="Voda" pos="X">Voda</wf>
         <wf lemma="je" pos="X">je</wf>
         <instance id="d000.s4006.t000" lemma="šiknuti" pos="VERB">šiknula</instance>
         <wf lemma="iz" pos="X">iz</wf>
         <wf lemma="puknute" pos="X">puknute</wf>
         <wf lemma="cijevi" pos="X">cijevi</wf>
         <wf lemma="." pos="X">.</wf>
      </sentence>
      <sentence id="d000.s4007" source="wordnet-croatian">
         <wf lemma="Loše" pos="X">Loše</wf>
         <wf lemma="vrijeme" pos="X">vrijeme</wf>
         <wf lemma="je" pos="X">je</wf>
         <instance id="d000.s4007.t000" lemma="potrajati" pos="VERB">potrajalo</instance>
         <wf lemma="više" pos="X">više</wf>
         <wf lemma="od" pos="X">od</wf>
         <wf lemma="dva" pos="X">dva</wf>
         <wf lemma="tjedna" pos="X">tjedna</wf>
         <wf lemma="." pos="X">.</wf>
      </sentence>
      <sentence id="d000.s4008" source="wordnet-croatian">
         <wf lemma="Najbolji" pos="X">Najbolji</wf>
         <wf lemma="je" pos="X">je</wf>
         <instance id="d000.s4008.t000" lemma="višnjevac" pos="NOUN">višnjevac</instance>
         <wf lemma="od" pos="X">od</wf>
         <wf lemma="domaćih" pos="X">domaćih</wf>
         <wf lemma="višanja" pos="X">višanja</wf>
         <wf lemma="." pos="X">.</wf>
      </sentence>
      <sentence id="d000.s4009" source="wordnet-croatian">
         <wf lemma="Svi" pos="X">Svi</wf>
         <wf lemma="zidovi" pos="X">zidovi</wf>
         <wf lemma="učionice" pos="X">učionice</wf>
         <wf lemma="oblijepljeni" pos="X">oblijepljeni</wf>
         <wf lemma="su" pos="X">su</wf>
         <instance id="d000.s4009.t000" lemma="poster" pos="NOUN">posterima</instance>
         <wf lemma="." pos="X">.</wf>
      </sentence>
      <sentence id="d000.s4010" source="wordnet-croatian">
         <wf lemma="Užasnut" pos="X">Užasnut</wf>
         <wf lemma="izraz" pos="X">izraz</wf>
         <wf lemma="na" pos="X">na</wf>
         <wf lemma="njegovom" pos="X">njegovom</wf>
         <instance id="d000.s4010.t000" lemma="lice" pos="NOUN">licu</instance>
         <wf lemma="nije" pos="X">nije</wf>
         <wf lemma="se" pos="X">se</wf>
         <wf lemma="moglo" pos="X">moglo</wf>
         <wf lemma="zanemariti" pos="X">zanemariti</wf>
         <wf lemma="." pos="X">.</wf>
      </sentence>
      <sentence id="d000.s4011" source="wordnet-croatian">
         <wf lemma="Tek" pos="X">Tek</wf>
         <wf lemma="su" pos="X">su</wf>
         <wf lemma="se" pos="X">se</wf>
         <wf lemma="uselili" pos="X">uselili</wf>
         <wf lemma="pa" pos="X">pa</wf>
         <wf lemma="još" pos="X">još</wf>
         <wf lemma="nisu" pos="X">nisu</wf>
         <wf lemma="stavili" pos="X">stavili</wf>
         <instance id="d000.s4011.t000" lemma="zastor" pos="NOUN">zastore</instance>
         <wf lemma="." pos="X">.</wf>
      </sentence>
      <sentence id="d000.s4012" source="wordnet-croatian">
         <wf lemma="Morali" pos="X">Morali</wf>
         <wf lemma="smo" pos="X">smo</wf>
         <instance id="d000.s4012.t000" lemma="prerasporediti" pos="VERB">prerasporediti</instance>
         <wf lemma="sastanke" pos="X">sastanke</wf>
         <wf lemma="zakazane" pos="X">zakazane</wf>
         <wf lemma="za" pos="X">za</wf>
         <wf lemma="petak" pos="X">petak</wf>
         <wf lemma="." pos="X">.</wf>
      </sentence>
      <sentence id="d000.s4013" source="wordnet-croatian">
         <wf lemma="Sama" pos="X">Sama</wf>
         <wf lemma="si" pos="X">si</wf>
         <wf lemma="je" pos="X">je</wf>
         <wf lemma="sašila" pos="X">sašila</wf>
         <wf lemma="torbu" pos="X">torbu</wf>
         <wf lemma="od" pos="X">od</wf>
         <instance id="d000.s4013.t000" lemma="samt" pos="NOUN">samta</instance>
         <wf lemma="." pos="X">.</wf>
      </sentence>
      <sentence id="d000.s4014" source="wordnet-croatian">
         <wf lemma="Mirko" pos="X">Mirko</wf>
         <wf lemma="je" pos="X">je</wf>
         <wf lemma="ovu" pos="X">ovu</wf>
         <wf lemma="sezonu" pos="X">sezonu</wf>
         <wf lemma="u" pos="X">u</wf>
         <wf lemma="vrtu" pos="X">vrtu</wf>
         <wf lemma="odlučio" pos="X">odlučio</wf>
         <instance id="d000.s4014.t000" lemma="posaditi" pos="VERB">posaditi</instance>
         <wf lemma="bugenvilije" pos="X">bugenvilije</wf>
         <wf lemma="." pos="X">.</wf>
      </sentence>
      <sentence id="d000.s4015" source="wordnet-croatian">
         <wf lemma="U" pos="X">U</wf>
         <instance id="d000.s4015.t000" lemma="kontinuum" pos="NOUN">kontinuumu</instance>
         <wf lemma="hrvatske" pos="X">hrvatske</wf>
         <wf lemma="književnosti" pos="X">književnosti</wf>
         <wf lemma="javljaju" pos="X">javljaju</wf>
         <wf lemma="se" pos="X">se</wf>
         <wf lemma="brojne" pos="X">brojne</wf>
         <wf lemma="velike" pos="X">velike</wf>
         <wf lemma="ličnosti" pos="X">ličnosti</wf>
         <wf lemma="." pos="X">.</wf>
      </sentence>
      <sentence id="d000.s4016" source="wordnet-croatian">
         <wf lemma="Vlada" pos="X">Vlada</wf>
         <wf lemma="mora" pos="X">mora</wf>
         <wf lemma="ozbiljnije" pos="X">ozbiljnije</wf>
         <wf lemma="shvatiti" pos="X">shvatiti</wf>
         <wf lemma="borbu" pos="X">borbu</wf>
         <wf lemma="protiv" pos="X">protiv</wf>
         <instance id="d000.s4016.t000" lemma="droga" pos="NOUN">droge</instance>
         <wf lemma="." pos="X">.</wf>
      </sentence>
      <sentence id="d000.s4017" source="wordnet-croatian">
         <instance id="d000.s4017.t000" lemma="kidnapirati" pos="VERB">Kidnapirali</instance>
         <wf lemma="su" pos="X">su</wf>
         <wf lemma="sina" pos="X">sina</wf>
         <wf lemma="dobroga" pos="X">dobroga</wf>
         <wf lemma="generala" pos="X">generala</wf>
         <wf lemma="." pos="X">.</wf>
      </sentence>
      <sentence id="d000.s4018" source="wordnet-croatian">
         <wf lemma="Erozija" pos="X">Erozija</wf>
         <wf lemma="je" pos="X">je</wf>
         <instance id="d000.s4018.t000" lemma="podlokati" pos="VERB">podlokala</instance>
         <wf lemma="temelje" pos="X">temelje</wf>
         <wf lemma="." pos="X">.</wf>
      </sentence>
      <sentence id="d000.s4019" source="wordnet-croatian">
         <wf lemma="Lijenost" pos="X">Lijenost</wf>
         <wf lemma="je" pos="X">je</wf>
         <wf lemma="zaslužna" pos="X">zaslužna</wf>
         <wf lemma="za" pos="X">za</wf>
         <wf lemma="njegovo" pos="X">njegovo</wf>
         <instance id="d000.s4019.t000" lemma="nazadovanje" pos="NOUN">nazadovanje</instance>
         <wf lemma="u" pos="X">u</wf>
         <wf lemma="firmi" pos="X">firmi</wf>
         <wf lemma="." pos="X">.</wf>
      </sentence>
      <sentence id="d000.s4020" source="wordnet-croatian">
         <wf lemma="Led" pos="X">Led</wf>
         <wf lemma="je" pos="X">je</wf>
         <wf lemma="voda" pos="X">voda</wf>
         <wf lemma="u" pos="X">u</wf>
         <instance id="d000.s4020.t000" lemma="krut" pos="ADJ">krutom</instance>
         <wf lemma="stanju" pos="X">stanju</wf>
         <wf lemma="." pos="X">.</wf>
      </sentence>
      <sentence id="d000.s4021" source="wordnet-croatian">
         <wf lemma="Električni" pos="X">Električni</wf>
         <instance id="d000.s4021.t000" lemma="krug" pos="NOUN">krug</instance>
         <wf lemma="nastaje" pos="X">nastaje</wf>
         <wf lemma="povezivanjem" pos="X">povezivanjem</wf>
         <wf lemma="električnog" pos="X">električnog</wf>
         <wf lemma="izvora" pos="X">izvora</wf>
         <wf lemma="s" pos="X">s</wf>
         <wf lemma="trošilom" pos="X">trošilom</wf>
         <wf lemma="." pos="X">.</wf>
      </sentence>
      <sentence id="d000.s4022" source="wordnet-croatian">
         <wf lemma="Mirko" pos="X">Mirko</wf>
         <wf lemma="je" pos="X">je</wf>
         <wf lemma="ujutro" pos="X">ujutro</wf>
         <wf lemma="imao" pos="X">imao</wf>
         <instance id="d000.s4022.t000" lemma="sastanak" pos="NOUN">sastanak</instance>
         <wf lemma="sa" pos="X">sa</wf>
         <wf lemma="šefovima" pos="X">šefovima</wf>
         <wf lemma="firmi" pos="X">firmi</wf>
         <wf lemma="." pos="X">.</wf>
      </sentence>
      <sentence id="d000.s4023" source="wordnet-croatian">
         <wf lemma="Za" pos="X">Za</wf>
         <wf lemma="skok" pos="X">skok</wf>
         <wf lemma="s" pos="X">s</wf>
         <instance id="d000.s4023.t000" lemma="padobran" pos="NOUN">padobranom</instance>
         <wf lemma="potrebna" pos="X">potrebna</wf>
         <wf lemma="je" pos="X">je</wf>
         <wf lemma="dobra" pos="X">dobra</wf>
         <wf lemma="tjelesna" pos="X">tjelesna</wf>
         <wf lemma="kondicija" pos="X">kondicija</wf>
         <wf lemma="i" pos="X">i</wf>
         <wf lemma="kvalitetna" pos="X">kvalitetna</wf>
         <wf lemma="priprema" pos="X">priprema</wf>
         <wf lemma="." pos="X">.</wf>
      </sentence>
      <sentence id="d000.s4024" source="wordnet-croatian">
         <wf lemma="Vrlo" pos="X">Vrlo</wf>
         <wf lemma="sam" pos="X">sam</wf>
         <wf lemma="temeljito" pos="X">temeljito</wf>
         <instance id="d000.s4024.t000" lemma="oglodati" pos="VERB">oglodao</instance>
         <wf lemma="cijeli" pos="X">cijeli</wf>
         <wf lemma="medvjeđi" pos="X">medvjeđi</wf>
         <wf lemma="but" pos="X">but</wf>
         <wf lemma="." pos="X">.</wf>
      </sentence>
      <sentence id="d000.s4025" source="wordnet-croatian">
         <wf lemma="Danas" pos="X">Danas</wf>
         <wf lemma="se" pos="X">se</wf>
         <wf lemma="ultrazvukom" pos="X">ultrazvukom</wf>
         <wf lemma="može" pos="X">može</wf>
         <wf lemma="precizno" pos="X">precizno</wf>
         <wf lemma="odrediti" pos="X">odrediti</wf>
         <instance id="d000.s4025.t000" lemma="starost" pos="NOUN">starost</instance>
         <wf lemma="," pos="X">,</wf>
         <wf lemma="odnosno" pos="X">odnosno</wf>
         <wf lemma="dob" pos="X">dob</wf>
         <wf lemma="fetusa" pos="X">fetusa</wf>
         <wf lemma="." pos="X">.</wf>
      </sentence>
      <sentence id="d000.s4026" source="wordnet-croatian">
         <instance id="d000.s4026.t000" lemma="glasovir" pos="NOUN">Glasovir</instance>
         <wf lemma="je" pos="X">je</wf>
         <wf lemma="pri" pos="X">pri</wf>
         <wf lemma="seljenju" pos="X">seljenju</wf>
         <wf lemma="moralo" pos="X">moralo</wf>
         <wf lemma="nositi" pos="X">nositi</wf>
         <wf lemma="barem" pos="X">barem</wf>
         <wf lemma="šest" pos="X">šest</wf>
         <wf lemma="osoba" pos="X">osoba</wf>
         <wf lemma="." pos="X">.</wf>
      </sentence>
      <sentence id="d000.s4027" source="wordnet-croatian">
         <wf lemma="Putujuće" pos="X">Putujuće</wf>
         <wf lemma="glumačke" pos="X">glumačke</wf>
         <instance id="d000.s4027.t000" lemma="družina" pos="NOUN">družine</instance>
         <wf lemma="postojale" pos="X">postojale</wf>
         <wf lemma="su" pos="X">su</wf>
         <wf lemma="još" pos="X">još</wf>
         <wf lemma="u" pos="X">u</wf>
         <wf lemma="staroj" pos="X">staroj</wf>
         <wf lemma="Grčkoj" pos="X">Grčkoj</wf>
         <wf lemma="." pos="X">.</wf>
      </sentence>
      <sentence id="d000.s4028" source="wordnet-croatian">
         <wf lemma="Borio" pos="X">Borio</wf>
         <wf lemma="se" pos="X">se</wf>
         <wf lemma="protiv" pos="X">protiv</wf>
         <instance id="d000.s4028.t000" lemma="nepravda" pos="NOUN">nepravde</instance>
         <wf lemma="koja" pos="X">koja</wf>
         <wf lemma="trenutno" pos="X">trenutno</wf>
         <wf lemma="vlada" pos="X">vlada</wf>
         <wf lemma="cijelim" pos="X">cijelim</wf>
         <wf lemma="svijetom" pos="X">svijetom</wf>
         <wf lemma="." pos="X">.</wf>
      </sentence>
      <sentence id="d000.s4029" source="wordnet-croatian">
         <instance id="d000.s4029.t000" lemma="rasplinjač" pos="NOUN">Rasplinjač</instance>
         <wf lemma="mora" pos="X">mora</wf>
         <wf lemma="pripraviti" pos="X">pripraviti</wf>
         <wf lemma="smjesu" pos="X">smjesu</wf>
         <wf lemma="goriva" pos="X">goriva</wf>
         <wf lemma="i" pos="X">i</wf>
         <wf lemma="zraka" pos="X">zraka</wf>
         <wf lemma="." pos="X">.</wf>
      </sentence>
      <sentence id="d000.s4030" source="wordnet-croatian">
         <wf lemma="Dobar" pos="X">Dobar</wf>
         <wf lemma="razgovor" pos="X">razgovor</wf>
         <instance id="d000.s4030.t000" lemma="poticati" pos="VERB">potiče</instance>
         <wf lemma="mnoge" pos="X">mnoge</wf>
         <wf lemma="dobre" pos="X">dobre</wf>
         <wf lemma="ideje" pos="X">ideje</wf>
         <wf lemma="." pos="X">.</wf>
      </sentence>
      <sentence id="d000.s4031" source="wordnet-croatian">
         <wf lemma="Policajac" pos="X">Policajac</wf>
         <wf lemma="je" pos="X">je</wf>
         <wf lemma="dobio" pos="X">dobio</wf>
         <wf lemma="metak" pos="X">metak</wf>
         <wf lemma="u" pos="X">u</wf>
         <instance id="d000.s4031.t000" lemma="stražnjica" pos="NOUN">stražnjicu</instance>
         <wf lemma="." pos="X">.</wf>
      </sentence>
      <sentence id="d000.s4032" source="wordnet-croatian">
         <instance id="d000.s4032.t000" lemma="opremiti" pos="VERB">Opremili</instance>
         <wf lemma="smo" pos="X">smo</wf>
         <wf lemma="stan" pos="X">stan</wf>
         <wf lemma="novim" pos="X">novim</wf>
         <wf lemma="namještajem" pos="X">namještajem</wf>
         <wf lemma="." pos="X">.</wf>
      </sentence>
      <sentence id="d000.s4033" source="wordnet-croatian">
         <wf lemma="Polako" pos="X">Polako</wf>
         <wf lemma="je" pos="X">je</wf>
         <wf lemma="otpuštao" pos="X">otpuštao</wf>
         <instance id="d000.s4033.t000" lemma="spojka" pos="NOUN">spojku</instance>
         <wf lemma="." pos="X">.</wf>
      </sentence>
      <sentence id="d000.s4034" source="wordnet-croatian">
         <wf lemma="U" pos="X">U</wf>
         <wf lemma="sklopu" pos="X">sklopu</wf>
         <wf lemma="obilaska" pos="X">obilaska</wf>
         <wf lemma="posjetili" pos="X">posjetili</wf>
         <wf lemma="su" pos="X">su</wf>
         <wf lemma="pogon" pos="X">pogon</wf>
         <wf lemma="za" pos="X">za</wf>
         <wf lemma="proizvodnju" pos="X">proizvodnju</wf>
         <instance id="d000.s4034.t000" lemma="keramika" pos="NOUN">keramike</instance>
         <wf lemma="." pos="X">.</wf>
      </sentence>
      <sentence id="d000.s4035" source="wordnet-croatian">
         <instance id="d000.s4035.t000" lemma="tekst" pos="NOUN">Tekst</instance>
         <wf lemma="se" pos="X">se</wf>
         <wf lemma="sastojao" pos="X">sastojao</wf>
         <wf lemma="od" pos="X">od</wf>
         <wf lemma="stotinjak" pos="X">stotinjak</wf>
         <wf lemma="riječi" pos="X">riječi</wf>
         <wf lemma="." pos="X">.</wf>
      </sentence>
      <sentence id="d000.s4036" source="wordnet-croatian">
         <wf lemma="Osjećao" pos="X">Osjećao</wf>
         <wf lemma="je" pos="X">je</wf>
         <wf lemma="jaku" pos="X">jaku</wf>
         <wf lemma="bol" pos="X">bol</wf>
         <wf lemma="u" pos="X">u</wf>
         <wf lemma="leđima" pos="X">leđima</wf>
         <wf lemma="zbog" pos="X">zbog</wf>
         <instance id="d000.s4036.t000" lemma="udubljenost" pos="NOUN">udubljenosti</instance>
         <wf lemma="njegove" pos="X">njegove</wf>
         <wf lemma="omiljene" pos="X">omiljene</wf>
         <wf lemma="fotelje" pos="X">fotelje</wf>
         <wf lemma="." pos="X">.</wf>
      </sentence>
      <sentence id="d000.s4037" source="wordnet-croatian">
         <wf lemma="Uvijek" pos="X">Uvijek</wf>
         <wf lemma="su" pos="X">su</wf>
         <wf lemma="me" pos="X">me</wf>
         <wf lemma="oduševljavali" pos="X">oduševljavali</wf>
         <instance id="d000.s4037.t000" lemma="skok" pos="NOUN">skokovi</instance>
         <wf lemma="delfina" pos="X">delfina</wf>
         <wf lemma="." pos="X">.</wf>
      </sentence>
      <sentence id="d000.s4038" source="wordnet-croatian">
         <wf lemma="Matematika" pos="X">Matematika</wf>
         <wf lemma="je" pos="X">je</wf>
         <wf lemma="njezina" pos="X">njezina</wf>
         <wf lemma="najveća" pos="X">najveća</wf>
         <instance id="d000.s4038.t000" lemma="muka" pos="NOUN">muka</instance>
         <wf lemma="." pos="X">.</wf>
      </sentence>
      <sentence id="d000.s4039" source="wordnet-croatian">
         <wf lemma="Ovakvu" pos="X">Ovakvu</wf>
         <instance id="d000.s4039.t000" lemma="malodušnost" pos="NOUN">malodušnost</instance>
         <wf lemma="ne" pos="X">ne</wf>
         <wf lemma="smijemo" pos="X">smijemo</wf>
         <wf lemma="dopustiti" pos="X">dopustiti</wf>
         <wf lemma="u" pos="X">u</wf>
         <wf lemma="poluvremenu" pos="X">poluvremenu</wf>
         <wf lemma="." pos="X">.</wf>
      </sentence>
      <sentence id="d000.s4040" source="wordnet-croatian">
         <wf lemma="Stol" pos="X">Stol</wf>
         <wf lemma="je" pos="X">je</wf>
         <instance id="d000.s4040.t000" lemma="imenica" pos="NOUN">imenica</instance>
         <wf lemma="u" pos="X">u</wf>
         <wf lemma="muškome" pos="X">muškome</wf>
         <wf lemma="rodu" pos="X">rodu</wf>
         <wf lemma="jednine" pos="X">jednine</wf>
         <wf lemma="." pos="X">.</wf>
      </sentence>
      <sentence id="d000.s4041" source="wordnet-croatian">
         <wf lemma="Pričali" pos="X">Pričali</wf>
         <wf lemma="smo" pos="X">smo</wf>
         <wf lemma="o" pos="X">o</wf>
         <wf lemma="hrani" pos="X">hrani</wf>
         <wf lemma="i" pos="X">i</wf>
         <wf lemma="on" pos="X">on</wf>
         <wf lemma="mi" pos="X">mi</wf>
         <wf lemma="je" pos="X">je</wf>
         <wf lemma="rekao" pos="X">rekao</wf>
         <wf lemma="kako" pos="X">kako</wf>
         <wf lemma="kao" pos="X">kao</wf>
         <wf lemma="mali" pos="X">mali</wf>
         <wf lemma="nije" pos="X">nije</wf>
         <wf lemma="volio" pos="X">volio</wf>
         <instance id="d000.s4041.t000" lemma="poriluk" pos="NOUN">poriluk</instance>
         <wf lemma="." pos="X">.</wf>
      </sentence>
      <sentence id="d000.s4042" source="wordnet-croatian">
         <instance id="d000.s4042.t000" lemma="poslužiti" pos="VERB">Poslužila</instance>
         <wf lemma="mi" pos="X">mi</wf>
         <wf lemma="je" pos="X">je</wf>
         <wf lemma="doručak" pos="X">doručak</wf>
         <wf lemma="u" pos="X">u</wf>
         <wf lemma="krevet" pos="X">krevet</wf>
         <wf lemma="." pos="X">.</wf>
      </sentence>
      <sentence id="d000.s4043" source="wordnet-croatian">
         <wf lemma="Imao" pos="X">Imao</wf>
         <wf lemma="je" pos="X">je</wf>
         <wf lemma="vrlo" pos="X">vrlo</wf>
         <wf lemma="liberalno" pos="X">liberalno</wf>
         <instance id="d000.s4043.t000" lemma="stajalište" pos="NOUN">stajalište</instance>
         <wf lemma="o" pos="X">o</wf>
         <wf lemma="homoseksualnim" pos="X">homoseksualnim</wf>
         <wf lemma="brakovima" pos="X">brakovima</wf>
         <wf lemma="." pos="X">.</wf>
      </sentence>
      <sentence id="d000.s4044" source="wordnet-croatian">
         <wf lemma="Došli" pos="X">Došli</wf>
         <wf lemma="su" pos="X">su</wf>
         <wf lemma="do" pos="X">do</wf>
         <instance id="d000.s4044.t000" lemma="različit" pos="ADJ">različitih</instance>
         <wf lemma="zaključaka" pos="X">zaključaka</wf>
         <wf lemma="na" pos="X">na</wf>
         <wf lemma="temelju" pos="X">temelju</wf>
         <wf lemma="istih" pos="X">istih</wf>
         <wf lemma="podataka" pos="X">podataka</wf>
         <wf lemma="." pos="X">.</wf>
      </sentence>
      <sentence id="d000.s4045" source="wordnet-croatian">
         <instance id="d000.s4045.t000" lemma="pravednost" pos="NOUN">Pravednost</instance>
         <wf lemma="raspodjele" pos="X">raspodjele</wf>
         <wf lemma="dobara" pos="X">dobara</wf>
         <wf lemma="potrebno" pos="X">potrebno</wf>
         <wf lemma="je" pos="X">je</wf>
         <wf lemma="prispitati" pos="X">prispitati</wf>
         <wf lemma="." pos="X">.</wf>
      </sentence>
      <sentence id="d000.s4046" source="wordnet-croatian">
         <wf lemma="Pacijentu" pos="X">Pacijentu</wf>
         <wf lemma="su" pos="X">su</wf>
         <wf lemma="kroz" pos="X">kroz</wf>
         <instance id="d000.s4046.t000" lemma="kateter" pos="NOUN">kateter</instance>
         <wf lemma="u" pos="X">u</wf>
         <wf lemma="krvni" pos="X">krvni</wf>
         <wf lemma="ugrušak" pos="X">ugrušak</wf>
         <wf lemma="uveli" pos="X">uveli</wf>
         <wf lemma="lijek" pos="X">lijek</wf>
         <wf lemma="za" pos="X">za</wf>
         <wf lemma="njegovo" pos="X">njegovo</wf>
         <wf lemma="otapanje" pos="X">otapanje</wf>
         <wf lemma="." pos="X">.</wf>
      </sentence>
      <sentence id="d000.s4047" source="wordnet-croatian">
         <wf lemma="Gradonačelnik" pos="X">Gradonačelnik</wf>
         <wf lemma="će" pos="X">će</wf>
         <instance id="d000.s4047.t000" lemma="zadržati" pos="VERB">zadržati</instance>
         <wf lemma="svoj" pos="X">svoj</wf>
         <wf lemma="ugled" pos="X">ugled</wf>
         <wf lemma="što" pos="X">što</wf>
         <wf lemma="god" pos="X">god</wf>
         <wf lemma="da" pos="X">da</wf>
         <wf lemma="napravi" pos="X">napravi</wf>
         <wf lemma="." pos="X">.</wf>
      </sentence>
      <sentence id="d000.s4048" source="wordnet-croatian">
         <instance id="d000.s4048.t000" lemma="pozornica" pos="NOUN">Pozornica</instance>
         <wf lemma="je" pos="X">je</wf>
         <wf lemma="bila" pos="X">bila</wf>
         <wf lemma="osvijetljena" pos="X">osvijetljena</wf>
         <wf lemma="mnoštvom" pos="X">mnoštvom</wf>
         <wf lemma="raznobojnih" pos="X">raznobojnih</wf>
         <wf lemma="svjetala" pos="X">svjetala</wf>
         <wf lemma="." pos="X">.</wf>
      </sentence>
      <sentence id="d000.s4049" source="wordnet-croatian">
         <instance id="d000.s4049.t000" lemma="ormar" pos="NOUN">Ormar</instance>
         <wf lemma="je" pos="X">je</wf>
         <wf lemma="bio" pos="X">bio</wf>
         <wf lemma="prenatrpan" pos="X">prenatrpan</wf>
         <wf lemma="i" pos="X">i</wf>
         <wf lemma="neuredan" pos="X">neuredan</wf>
         <wf lemma="." pos="X">.</wf>
      </sentence>
      <sentence id="d000.s4050" source="wordnet-croatian">
         <wf lemma="Njena" pos="X">Njena</wf>
         <wf lemma="je" pos="X">je</wf>
         <instance id="d000.s4050.t000" lemma="smrt" pos="NOUN">smrt</instance>
         <wf lemma="bila" pos="X">bila</wf>
         <wf lemma="veliki" pos="X">veliki</wf>
         <wf lemma="šok" pos="X">šok</wf>
         <wf lemma="za" pos="X">za</wf>
         <wf lemma="njenog" pos="X">njenog</wf>
         <wf lemma="muža" pos="X">muža</wf>
         <wf lemma="." pos="X">.</wf>
      </sentence>
      <sentence id="d000.s4051" source="wordnet-croatian">
         <wf lemma="Snažnim" pos="X">Snažnim</wf>
         <wf lemma="je" pos="X">je</wf>
         <instance id="d000.s4051.t000" lemma="zamah" pos="NOUN">zamahom</instance>
         <wf lemma="udario" pos="X">udario</wf>
         <wf lemma="lopticu" pos="X">lopticu</wf>
         <wf lemma="." pos="X">.</wf>
      </sentence>
      <sentence id="d000.s4052" source="wordnet-croatian">
         <wf lemma="Na" pos="X">Na</wf>
         <wf lemma="tulum" pos="X">tulum</wf>
         <wf lemma="su" pos="X">su</wf>
         <wf lemma="došle" pos="X">došle</wf>
         <wf lemma="slavne" pos="X">slavne</wf>
         <instance id="d000.s4052.t000" lemma="faca" pos="NOUN">face</instance>
         <wf lemma="." pos="X">.</wf>
      </sentence>
      <sentence id="d000.s4053" source="wordnet-croatian">
         <wf lemma="Zbog" pos="X">Zbog</wf>
         <wf lemma="debelog" pos="X">debelog</wf>
         <wf lemma="je" pos="X">je</wf>
         <wf lemma="vrata" pos="X">vrata</wf>
         <wf lemma="morao" pos="X">morao</wf>
         <wf lemma="nositi" pos="X">nositi</wf>
         <wf lemma="majice" pos="X">majice</wf>
         <wf lemma="sa" pos="X">sa</wf>
         <wf lemma="širokim" pos="X">širokim</wf>
         <instance id="d000.s4053.t000" lemma="okovratnik" pos="NOUN">okovratnikom</instance>
         <wf lemma="." pos="X">.</wf>
      </sentence>
      <sentence id="d000.s4054" source="wordnet-croatian">
         <wf lemma="Američki" pos="X">Američki</wf>
         <wf lemma="auti" pos="X">auti</wf>
         <instance id="d000.s4054.t000" lemma="trošiti" pos="VERB">troše</instance>
         <wf lemma="puno" pos="X">puno</wf>
         <wf lemma="benzina" pos="X">benzina</wf>
         <wf lemma="." pos="X">.</wf>
      </sentence>
      <sentence id="d000.s4055" source="wordnet-croatian">
         <wf lemma="I" pos="X">I</wf>
         <wf lemma="veliki" pos="X">veliki</wf>
         <wf lemma="govornici" pos="X">govornici</wf>
         <wf lemma="osjećaju" pos="X">osjećaju</wf>
         <wf lemma="tremu" pos="X">tremu</wf>
         <wf lemma="kad" pos="X">kad</wf>
         <wf lemma="se" pos="X">se</wf>
         <wf lemma="popnu" pos="X">popnu</wf>
         <wf lemma="na" pos="X">na</wf>
         <instance id="d000.s4055.t000" lemma="podij" pos="NOUN">podij</instance>
         <wf lemma="." pos="X">.</wf>
      </sentence>
      <sentence id="d000.s4056" source="wordnet-croatian">
         <wf lemma="Ne" pos="X">Ne</wf>
         <wf lemma="volim" pos="X">volim</wf>
         <wf lemma="svoju" pos="X">svoju</wf>
         <wf lemma="tetu" pos="X">tetu</wf>
         <wf lemma="," pos="X">,</wf>
         <wf lemma="iako" pos="X">iako</wf>
         <wf lemma="mi" pos="X">mi</wf>
         <wf lemma="je" pos="X">je</wf>
         <instance id="d000.s4056.t000" lemma="rodbina" pos="NOUN">rodbina</instance>
         <wf lemma="." pos="X">.</wf>
      </sentence>
      <sentence id="d000.s4057" source="wordnet-croatian">
         <wf lemma="Obično" pos="X">Obično</wf>
         <instance id="d000.s4057.t000" lemma="uzimati" pos="VERB">uzimam</instance>
         <wf lemma="voće" pos="X">voće</wf>
         <wf lemma="na" pos="X">na</wf>
         <wf lemma="tržnici" pos="X">tržnici</wf>
         <wf lemma="." pos="X">.</wf>
      </sentence>
      <sentence id="d000.s4058" source="wordnet-croatian">
         <instance id="d000.s4058.t000" lemma="obavijest" pos="NOUN">Obavijest</instance>
         <wf lemma="o" pos="X">o</wf>
         <wf lemma="dobitku" pos="X">dobitku</wf>
         <wf lemma="na" pos="X">na</wf>
         <wf lemma="lutriji" pos="X">lutriji</wf>
         <wf lemma="stigla" pos="X">stigla</wf>
         <wf lemma="je" pos="X">je</wf>
         <wf lemma="u" pos="X">u</wf>
         <wf lemma="pravi" pos="X">pravi</wf>
         <wf lemma="trenutak" pos="X">trenutak</wf>
         <wf lemma="." pos="X">.</wf>
      </sentence>
      <sentence id="d000.s4059" source="wordnet-croatian">
         <wf lemma="Bespogovorno" pos="X">Bespogovorno</wf>
         <wf lemma="je" pos="X">je</wf>
         <instance id="d000.s4059.t000" lemma="slijediti" pos="VERB">slijedio</instance>
         <wf lemma="Ivanove" pos="X">Ivanove</wf>
         <wf lemma="upute" pos="X">upute</wf>
         <wf lemma="." pos="X">.</wf>
      </sentence>
      <sentence id="d000.s4060" source="wordnet-croatian">
         <instance id="d000.s4060.t000" lemma="čuti" pos="VERB">Čujem</instance>
         <wf lemma="te" pos="X">te</wf>
         <wf lemma="i" pos="X">i</wf>
         <wf lemma="razumijem" pos="X">razumijem</wf>
         <wf lemma="sasvim" pos="X">sasvim</wf>
         <wf lemma="dobro" pos="X">dobro</wf>
         <wf lemma="!" pos="X">!</wf>
      </sentence>
      <sentence id="d000.s4061" source="wordnet-croatian">
         <wf lemma="Sve" pos="X">Sve</wf>
         <wf lemma="je" pos="X">je</wf>
         <wf lemma="spremno" pos="X">spremno</wf>
         <wf lemma="za" pos="X">za</wf>
         <wf lemma="večerašnji" pos="X">večerašnji</wf>
         <instance id="d000.s4061.t000" lemma="sukob" pos="NOUN">sukob</instance>
         <wf lemma="momčadi" pos="X">momčadi</wf>
         <wf lemma="." pos="X">.</wf>
      </sentence>
      <sentence id="d000.s4062" source="wordnet-croatian">
         <wf lemma="Održali" pos="X">Održali</wf>
         <wf lemma="su" pos="X">su</wf>
         <instance id="d000.s4062.t000" lemma="zajednički" pos="ADJ">zajedničku</instance>
         <wf lemma="konferenciju" pos="X">konferenciju</wf>
         <wf lemma="za" pos="X">za</wf>
         <wf lemma="novinare" pos="X">novinare</wf>
         <wf lemma="." pos="X">.</wf>
      </sentence>
      <sentence id="d000.s4063" source="wordnet-croatian">
         <wf lemma="Svaki" pos="X">Svaki</wf>
         <wf lemma="je" pos="X">je</wf>
         <wf lemma="mjesec" pos="X">mjesec</wf>
         <wf lemma="mijenjala" pos="X">mijenjala</wf>
         <instance id="d000.s4063.t000" lemma="razmještaj" pos="NOUN">razmještaj</instance>
         <wf lemma="namještaja" pos="X">namještaja</wf>
         <wf lemma="u" pos="X">u</wf>
         <wf lemma="svom" pos="X">svom</wf>
         <wf lemma="stanu" pos="X">stanu</wf>
         <wf lemma="." pos="X">.</wf>
      </sentence>
      <sentence id="d000.s4064" source="wordnet-croatian">
         <wf lemma="Moj" pos="X">Moj</wf>
         <wf lemma="novi" pos="X">novi</wf>
         <wf lemma="auto" pos="X">auto</wf>
         <wf lemma="ima" pos="X">ima</wf>
         <wf lemma="ugrađene" pos="X">ugrađene</wf>
         <instance id="d000.s4064.t000" lemma="senzor" pos="NOUN">senzore</instance>
         <wf lemma="za" pos="X">za</wf>
         <wf lemma="parkiranje" pos="X">parkiranje</wf>
         <wf lemma="." pos="X">.</wf>
      </sentence>
      <sentence id="d000.s4065" source="wordnet-croatian">
         <wf lemma="Godinama" pos="X">Godinama</wf>
         <wf lemma="je" pos="X">je</wf>
         <wf lemma="časno" pos="X">časno</wf>
         <instance id="d000.s4065.t000" lemma="služiti" pos="VERB">služio</instance>
         <wf lemma="domovini" pos="X">domovini</wf>
         <wf lemma="." pos="X">.</wf>
      </sentence>
      <sentence id="d000.s4066" source="wordnet-croatian">
         <wf lemma="Gledao" pos="X">Gledao</wf>
         <wf lemma="je" pos="X">je</wf>
         <wf lemma="isti" pos="X">isti</wf>
         <wf lemma="film" pos="X">film</wf>
         <wf lemma="," pos="X">,</wf>
         <wf lemma="ali" pos="X">ali</wf>
         <wf lemma="drugu" pos="X">drugu</wf>
         <instance id="d000.s4066.t000" lemma="verzija" pos="NOUN">verziju</instance>
         <wf lemma="." pos="X">.</wf>
      </sentence>
      <sentence id="d000.s4067" source="wordnet-croatian">
         <wf lemma="Naše" pos="X">Naše</wf>
         <wf lemma="su" pos="X">su</wf>
         <wf lemma="jabuke" pos="X">jabuke</wf>
         <wf lemma="prekrasno" pos="X">prekrasno</wf>
         <instance id="d000.s4067.t000" lemma="roditi" pos="VERB">rodile</instance>
         <wf lemma="ove" pos="X">ove</wf>
         <wf lemma="godine" pos="X">godine</wf>
         <wf lemma="." pos="X">.</wf>
      </sentence>
      <sentence id="d000.s4068" source="wordnet-croatian">
         <wf lemma="Imala" pos="X">Imala</wf>
         <wf lemma="je" pos="X">je</wf>
         <instance id="d000.s4068.t000" lemma="velik" pos="ADJ">veliku</instance>
         <wf lemma="modricu" pos="X">modricu</wf>
         <wf lemma="na" pos="X">na</wf>
         <wf lemma="oku" pos="X">oku</wf>
         <wf lemma="." pos="X">.</wf>
      </sentence>
      <sentence id="d000.s4069" source="wordnet-croatian">
         <wf lemma="Dekani" pos="X">Dekani</wf>
         <wf lemma="moraju" pos="X">moraju</wf>
         <wf lemma="biti" pos="X">biti</wf>
         <wf lemma="svjesni" pos="X">svjesni</wf>
         <wf lemma="toga" pos="X">toga</wf>
         <wf lemma="da" pos="X">da</wf>
         <wf lemma="su" pos="X">su</wf>
         <wf lemma="fakulteti" pos="X">fakulteti</wf>
         <instance id="d000.s4069.t000" lemma="sastavnica" pos="NOUN">sastavnice</instance>
         <wf lemma="sveučilišta" pos="X">sveučilišta</wf>
         <wf lemma="." pos="X">.</wf>
      </sentence>
      <sentence id="d000.s4070" source="wordnet-croatian">
         <instance id="d000.s4070.t000" lemma="suprotnost" pos="NOUN">Suprotnosti</instance>
         <wf lemma="se" pos="X">se</wf>
         <wf lemma="često" pos="X">često</wf>
         <wf lemma="privlače" pos="X">privlače</wf>
         <wf lemma="." pos="X">.</wf>
      </sentence>
      <sentence id="d000.s4071" source="wordnet-croatian">
         <wf lemma="Svako" pos="X">Svako</wf>
         <wf lemma="bi" pos="X">bi</wf>
         <instance id="d000.s4071.t000" lemma="poslijepodne" pos="NOUN">poslijepodne</instance>
         <wf lemma="izvela" pos="X">izvela</wf>
         <wf lemma="dijete" pos="X">dijete</wf>
         <wf lemma="u" pos="X">u</wf>
         <wf lemma="park" pos="X">park</wf>
         <wf lemma="." pos="X">.</wf>
      </sentence>
      <sentence id="d000.s4072" source="wordnet-croatian">
         <wf lemma="Uvijek" pos="X">Uvijek</wf>
         <wf lemma="je" pos="X">je</wf>
         <wf lemma="nosila" pos="X">nosila</wf>
         <wf lemma="cipele" pos="X">cipele</wf>
         <wf lemma="na" pos="X">na</wf>
         <instance id="d000.s4072.t000" lemma="nizak" pos="ADJ">nisku</instance>
         <wf lemma="petu" pos="X">petu</wf>
         <wf lemma="." pos="X">.</wf>
      </sentence>
      <sentence id="d000.s4073" source="wordnet-croatian">
         <wf lemma="Sve" pos="X">Sve</wf>
         <wf lemma="je" pos="X">je</wf>
         <wf lemma="manje" pos="X">manje</wf>
         <wf lemma="poštenih" pos="X">poštenih</wf>
         <wf lemma="i" pos="X">i</wf>
         <wf lemma="vrijednih" pos="X">vrijednih</wf>
         <wf lemma="ljudi" pos="X">ljudi</wf>
         <wf lemma="," pos="X">,</wf>
         <wf lemma="a" pos="X">a</wf>
         <wf lemma="sve" pos="X">sve</wf>
         <wf lemma="više" pos="X">više</wf>
         <instance id="d000.s4073.t000" lemma="neradnik" pos="NOUN">neradnika</instance>
         <wf lemma="i" pos="X">i</wf>
         <wf lemma="lopova" pos="X">lopova</wf>
         <wf lemma="." pos="X">.</wf>
      </sentence>
      <sentence id="d000.s4074" source="wordnet-croatian">
         <instance id="d000.s4074.t000" lemma="zečetina" pos="NOUN">Zečetina</instance>
         <wf lemma="se" pos="X">se</wf>
         <wf lemma="danas" pos="X">danas</wf>
         <wf lemma="rijetko" pos="X">rijetko</wf>
         <wf lemma="može" pos="X">može</wf>
         <wf lemma="kupiti" pos="X">kupiti</wf>
         <wf lemma="na" pos="X">na</wf>
         <wf lemma="tržnici" pos="X">tržnici</wf>
         <wf lemma="zbog" pos="X">zbog</wf>
         <wf lemma="toga" pos="X">toga</wf>
         <wf lemma="što" pos="X">što</wf>
         <wf lemma="je" pos="X">je</wf>
         <wf lemma="mnogi" pos="X">mnogi</wf>
         <wf lemma="odbijaju" pos="X">odbijaju</wf>
         <wf lemma="jesti" pos="X">jesti</wf>
         <wf lemma="." pos="X">.</wf>
      </sentence>
      <sentence id="d000.s4075" source="wordnet-croatian">
         <wf lemma="Darovao" pos="X">Darovao</wf>
         <wf lemma="je" pos="X">je</wf>
         <instance id="d000.s4075.t000" lemma="odjeća" pos="NOUN">odjeću</instance>
         <wf lemma="koju" pos="X">koju</wf>
         <wf lemma="više" pos="X">više</wf>
         <wf lemma="nije" pos="X">nije</wf>
         <wf lemma="mislio" pos="X">mislio</wf>
         <wf lemma="nositi" pos="X">nositi</wf>
         <wf lemma="beskućnicima" pos="X">beskućnicima</wf>
         <wf lemma="." pos="X">.</wf>
      </sentence>
      <sentence id="d000.s4076" source="wordnet-croatian">
         <wf lemma="Cijelo" pos="X">Cijelo</wf>
         <wf lemma="jutro" pos="X">jutro</wf>
         <wf lemma="slušao" pos="X">slušao</wf>
         <wf lemma="je" pos="X">je</wf>
         <wf lemma="glazbene" pos="X">glazbene</wf>
         <instance id="d000.s4076.t000" lemma="kompozicija" pos="NOUN">kompozicije</instance>
         <wf lemma="različitih" pos="X">različitih</wf>
         <wf lemma="autora" pos="X">autora</wf>
         <wf lemma="." pos="X">.</wf>
      </sentence>
      <sentence id="d000.s4077" source="wordnet-croatian">
         <wf lemma="Naučila" pos="X">Naučila</wf>
         <wf lemma="je" pos="X">je</wf>
         <wf lemma="djecu" pos="X">djecu</wf>
         <wf lemma="da" pos="X">da</wf>
         <wf lemma="budu" pos="X">budu</wf>
         <instance id="d000.s4077.t000" lemma="pažljiv" pos="ADJ">pažljiva</instance>
         <wf lemma="kad" pos="X">kad</wf>
         <wf lemma="prelaze" pos="X">prelaze</wf>
         <wf lemma="ulicu" pos="X">ulicu</wf>
         <wf lemma="." pos="X">.</wf>
      </sentence>
      <sentence id="d000.s4078" source="wordnet-croatian">
         <wf lemma="Morat" pos="X">Morat</wf>
         <wf lemma="ćemo" pos="X">ćemo</wf>
         <instance id="d000.s4078.t000" lemma="utoviti" pos="VERB">utoviti</instance>
         <wf lemma="naše" pos="X">naše</wf>
         <wf lemma="prasce" pos="X">prasce</wf>
         <wf lemma="ako" pos="X">ako</wf>
         <wf lemma="želimo" pos="X">želimo</wf>
         <wf lemma="da" pos="X">da</wf>
         <wf lemma="nam" pos="X">nam</wf>
         <wf lemma="čvarci" pos="X">čvarci</wf>
         <wf lemma="budu" pos="X">budu</wf>
         <wf lemma="sočni" pos="X">sočni</wf>
         <wf lemma="." pos="X">.</wf>
      </sentence>
      <sentence id="d000.s4079" source="wordnet-croatian">
         <wf lemma="Slavko" pos="X">Slavko</wf>
         <instance id="d000.s4079.t000" lemma="pretjerivati" pos="VERB">pretjeruje</instance>
         <wf lemma="u" pos="X">u</wf>
         <wf lemma="piću" pos="X">piću</wf>
         <wf lemma="." pos="X">.</wf>
      </sentence>
      <sentence id="d000.s4080" source="wordnet-croatian">
         <wf lemma="Svima" pos="X">Svima</wf>
         <wf lemma="su" pos="X">su</wf>
         <instance id="d000.s4080.t000" lemma="raspodijeliti" pos="VERB">raspodijeljeni</instance>
         <wf lemma="novi" pos="X">novi</wf>
         <wf lemma="zadatci" pos="X">zadatci</wf>
         <wf lemma="." pos="X">.</wf>
      </sentence>
      <sentence id="d000.s4081" source="wordnet-croatian">
         <wf lemma="Tijelo" pos="X">Tijelo</wf>
         <wf lemma="mu" pos="X">mu</wf>
         <wf lemma="je" pos="X">je</wf>
         <instance id="d000.s4081.t000" lemma="oslabiti" pos="VERB">oslabilo</instance>
         <wf lemma="zbog" pos="X">zbog</wf>
         <wf lemma="neurednog" pos="X">neurednog</wf>
         <wf lemma="života" pos="X">života</wf>
         <wf lemma="." pos="X">.</wf>
      </sentence>
      <sentence id="d000.s4082" source="wordnet-croatian">
         <wf lemma="Motor" pos="X">Motor</wf>
         <wf lemma="njegova" pos="X">njegova</wf>
         <wf lemma="automobila" pos="X">automobila</wf>
         <instance id="d000.s4082.t000" lemma="zazvučati" pos="VERB">zazvučao</instance>
         <wf lemma="je" pos="X">je</wf>
         <wf lemma="veoma" pos="X">veoma</wf>
         <wf lemma="čudno" pos="X">čudno</wf>
         <wf lemma="prije" pos="X">prije</wf>
         <wf lemma="nego" pos="X">nego</wf>
         <wf lemma="što" pos="X">što</wf>
         <wf lemma="se" pos="X">se</wf>
         <wf lemma="ugasio" pos="X">ugasio</wf>
         <wf lemma="." pos="X">.</wf>
      </sentence>
      <sentence id="d000.s4083" source="wordnet-croatian">
         <wf lemma="U" pos="X">U</wf>
         <wf lemma="termoelektranama" pos="X">termoelektranama</wf>
         <wf lemma="koriste" pos="X">koriste</wf>
         <wf lemma="se" pos="X">se</wf>
         <wf lemma="parne" pos="X">parne</wf>
         <instance id="d000.s4083.t000" lemma="turbina" pos="NOUN">turbine</instance>
         <wf lemma="." pos="X">.</wf>
      </sentence>
      <sentence id="d000.s4084" source="wordnet-croatian">
         <wf lemma="Danima" pos="X">Danima</wf>
         <wf lemma="sam" pos="X">sam</wf>
         <wf lemma="čekala" pos="X">čekala</wf>
         <wf lemma="na" pos="X">na</wf>
         <wf lemma="njihov" pos="X">njihov</wf>
         <instance id="d000.s4084.t000" lemma="odgovor" pos="NOUN">odgovor</instance>
         <wf lemma="." pos="X">.</wf>
      </sentence>
      <sentence id="d000.s4085" source="wordnet-croatian">
         <wf lemma="Posjetitelje" pos="X">Posjetitelje</wf>
         <wf lemma="su" pos="X">su</wf>
         <wf lemma="zamolili" pos="X">zamolili</wf>
         <wf lemma="da" pos="X">da</wf>
         <wf lemma="pričekaju" pos="X">pričekaju</wf>
         <wf lemma="vodiča" pos="X">vodiča</wf>
         <wf lemma="u" pos="X">u</wf>
         <instance id="d000.s4085.t000" lemma="predvorje" pos="NOUN">predvorju</instance>
         <wf lemma="dvorca" pos="X">dvorca</wf>
         <wf lemma="." pos="X">.</wf>
      </sentence>
      <sentence id="d000.s4086" source="wordnet-croatian">
         <wf lemma="Mirko" pos="X">Mirko</wf>
         <wf lemma="je" pos="X">je</wf>
         <wf lemma="jedva" pos="X">jedva</wf>
         <instance id="d000.s4086.t000" lemma="odlazak" pos="NOUN">odlazak</instance>
         <wf lemma="Slavka" pos="X">Slavka</wf>
         <wf lemma="u" pos="X">u</wf>
         <wf lemma="Južnu" pos="X">Južnu</wf>
         <wf lemma="Ameriku" pos="X">Ameriku</wf>
         <wf lemma="." pos="X">.</wf>
      </sentence>
      <sentence id="d000.s4087" source="wordnet-croatian">
         <instance id="d000.s4087.t000" lemma="mrziti" pos="VERB">Mrzim</instance>
         <wf lemma="poriluk" pos="X">poriluk</wf>
         <wf lemma="." pos="X">.</wf>
      </sentence>
      <sentence id="d000.s4088" source="wordnet-croatian">
         <wf lemma="Nije" pos="X">Nije</wf>
         <wf lemma="uzela" pos="X">uzela</wf>
         <wf lemma="u" pos="X">u</wf>
         <wf lemma="obzir" pos="X">obzir</wf>
         <instance id="d000.s4088.t000" lemma="nestabilnost" pos="NOUN">nestabilnost</instance>
         <wf lemma="stolca" pos="X">stolca</wf>
         <wf lemma="na" pos="X">na</wf>
         <wf lemma="koji" pos="X">koji</wf>
         <wf lemma="se" pos="X">se</wf>
         <wf lemma="popela" pos="X">popela</wf>
         <wf lemma="pa" pos="X">pa</wf>
         <wf lemma="je" pos="X">je</wf>
         <wf lemma="pala" pos="X">pala</wf>
         <wf lemma="i" pos="X">i</wf>
         <wf lemma="slomila" pos="X">slomila</wf>
         <wf lemma="nogu" pos="X">nogu</wf>
         <wf lemma="." pos="X">.</wf>
      </sentence>
      <sentence id="d000.s4089" source="wordnet-croatian">
         <wf lemma="Nije" pos="X">Nije</wf>
         <wf lemma="mogla" pos="X">mogla</wf>
         <instance id="d000.s4089.t000" lemma="obuzdati" pos="VERB">obuzdati</instance>
         <wf lemma="suze" pos="X">suze</wf>
         <wf lemma="." pos="X">.</wf>
      </sentence>
      <sentence id="d000.s4090" source="wordnet-croatian">
         <wf lemma="Markova" pos="X">Markova</wf>
         <wf lemma="je" pos="X">je</wf>
         <wf lemma="iznenadna" pos="X">iznenadna</wf>
         <instance id="d000.s4090.t000" lemma="nedruštvenost" pos="NOUN">nedruštvenost</instance>
         <wf lemma="svima" pos="X">svima</wf>
         <wf lemma="bila" pos="X">bila</wf>
         <wf lemma="čudna" pos="X">čudna</wf>
         <wf lemma="." pos="X">.</wf>
      </sentence>
      <sentence id="d000.s4091" source="wordnet-croatian">
         <instance id="d000.s4091.t000" lemma="živjeti" pos="VERB">Živjela</instance>
         <wf lemma="je" pos="X">je</wf>
         <wf lemma="nesretno" pos="X">nesretno</wf>
         <wf lemma="i" pos="X">i</wf>
         <wf lemma="usamljeno" pos="X">usamljeno</wf>
         <wf lemma="." pos="X">.</wf>
      </sentence>
      <sentence id="d000.s4092" source="wordnet-croatian">
         <wf lemma="Neugodan" pos="X">Neugodan</wf>
         <instance id="d000.s4092.t000" lemma="incident" pos="NOUN">incident</instance>
         <wf lemma="se" pos="X">se</wf>
         <wf lemma="zbio" pos="X">zbio</wf>
         <wf lemma="sat" pos="X">sat</wf>
         <wf lemma="i" pos="X">i</wf>
         <wf lemma="pol" pos="X">pol</wf>
         <wf lemma="uoči" pos="X">uoči</wf>
         <wf lemma="utakmice" pos="X">utakmice</wf>
         <wf lemma="." pos="X">.</wf>
      </sentence>
      <sentence id="d000.s4093" source="wordnet-croatian">
         <wf lemma="Njegova" pos="X">Njegova</wf>
         <wf lemma="ju" pos="X">ju</wf>
         <wf lemma="je" pos="X">je</wf>
         <instance id="d000.s4093.t000" lemma="oštrina" pos="NOUN">oštrina</instance>
         <wf lemma="slomila" pos="X">slomila</wf>
         <wf lemma="." pos="X">.</wf>
      </sentence>
      <sentence id="d000.s4094" source="wordnet-croatian">
         <wf lemma="Možeš" pos="X">Možeš</wf>
         <wf lemma="li" pos="X">li</wf>
         <instance id="d000.s4094.t000" lemma="pomaknuti" pos="VERB">pomaknuti</instance>
         <wf lemma="sjedalo" pos="X">sjedalo</wf>
         <wf lemma="prema" pos="X">prema</wf>
         <wf lemma="naprijed" pos="X">naprijed</wf>
         <wf lemma="?" pos="X">?</wf>
      </sentence>
      <sentence id="d000.s4095" source="wordnet-croatian">
         <wf lemma="Svoju" pos="X">Svoju</wf>
         <wf lemma="zločinačku" pos="X">zločinačku</wf>
         <wf lemma="prošlost" pos="X">prošlost</wf>
         <wf lemma="nosio" pos="X">nosio</wf>
         <wf lemma="je" pos="X">je</wf>
         <wf lemma="kao" pos="X">kao</wf>
         <instance id="d000.s4095.t000" lemma="žig" pos="NOUN">žig</instance>
         <wf lemma="cijeli" pos="X">cijeli</wf>
         <wf lemma="život" pos="X">život</wf>
         <wf lemma="." pos="X">.</wf>
      </sentence>
      <sentence id="d000.s4096" source="wordnet-croatian">
         <wf lemma="Ovom" pos="X">Ovom</wf>
         <wf lemma="brzinom" pos="X">brzinom</wf>
         <wf lemma="vožnje" pos="X">vožnje</wf>
         <wf lemma="do" pos="X">do</wf>
         <wf lemma="Dubrovnika" pos="X">Dubrovnika</wf>
         <wf lemma="nećemo" pos="X">nećemo</wf>
         <instance id="d000.s4096.t000" lemma="stići" pos="VERB">stići</instance>
         <wf lemma="još" pos="X">još</wf>
         <wf lemma="dva" pos="X">dva</wf>
         <wf lemma="dana" pos="X">dana</wf>
         <wf lemma="." pos="X">.</wf>
      </sentence>
      <sentence id="d000.s4097" source="wordnet-croatian">
         <wf lemma="Premijer" pos="X">Premijer</wf>
         <wf lemma="je" pos="X">je</wf>
         <wf lemma="javno" pos="X">javno</wf>
         <wf lemma="objavio" pos="X">objavio</wf>
         <instance id="d000.s4097.t000" lemma="odluka" pos="NOUN">odluku</instance>
         <wf lemma="o" pos="X">o</wf>
         <wf lemma="ukidanju" pos="X">ukidanju</wf>
         <wf lemma="više" pos="X">više</wf>
         <wf lemma="stope" pos="X">stope</wf>
         <wf lemma="poreza" pos="X">poreza</wf>
         <wf lemma="." pos="X">.</wf>
      </sentence>
      <sentence id="d000.s4098" source="wordnet-croatian">
         <wf lemma="Svi" pos="X">Svi</wf>
         <wf lemma="su" pos="X">su</wf>
         <wf lemma="osim" pos="X">osim</wf>
         <wf lemma="njega" pos="X">njega</wf>
         <wf lemma="uviđali" pos="X">uviđali</wf>
         <instance id="d000.s4098.t000" lemma="irelevantnost" pos="NOUN">irelevantnost</instance>
         <wf lemma="toga" pos="X">toga</wf>
         <wf lemma="materijala" pos="X">materijala</wf>
         <wf lemma="za" pos="X">za</wf>
         <wf lemma="njihovo" pos="X">njihovo</wf>
         <wf lemma="istraživanje" pos="X">istraživanje</wf>
         <wf lemma="." pos="X">.</wf>
      </sentence>
      <sentence id="d000.s4099" source="wordnet-croatian">
         <wf lemma="Ako" pos="X">Ako</wf>
         <wf lemma="ga" pos="X">ga</wf>
         <wf lemma="zagrijemo" pos="X">zagrijemo</wf>
         <wf lemma="," pos="X">,</wf>
         <instance id="d000.s4099.t000" lemma="vodič" pos="NOUN">vodiču</instance>
         <wf lemma="se" pos="X">se</wf>
         <wf lemma="smanjuje" pos="X">smanjuje</wf>
         <wf lemma="vodljivost" pos="X">vodljivost</wf>
         <wf lemma="." pos="X">.</wf>
      </sentence>
      <sentence id="d000.s4100" source="wordnet-croatian">
         <wf lemma="Uvijek" pos="X">Uvijek</wf>
         <wf lemma="me" pos="X">me</wf>
         <wf lemma="razveseli" pos="X">razveseli</wf>
         <wf lemma="dozrijevanje" pos="X">dozrijevanje</wf>
         <instance id="d000.s4100.t000" lemma="ran" pos="ADJ">ranih</instance>
         <wf lemma="jabuka" pos="X">jabuka</wf>
         <wf lemma="." pos="X">.</wf>
      </sentence>
      <sentence id="d000.s4101" source="wordnet-croatian">
         <wf lemma="Marko" pos="X">Marko</wf>
         <wf lemma="je" pos="X">je</wf>
         <instance id="d000.s4101.t000" lemma="doći" pos="VERB">došao</instance>
         <wf lemma="u" pos="X">u</wf>
         <wf lemma="Zagreb" pos="X">Zagreb</wf>
         <wf lemma="ranojutarnjim" pos="X">ranojutarnjim</wf>
         <wf lemma="vlakom" pos="X">vlakom</wf>
         <wf lemma="." pos="X">.</wf>
      </sentence>
      <sentence id="d000.s4102" source="wordnet-croatian">
         <instance id="d000.s4102.t000" lemma="smočnica" pos="NOUN">Smočnica</instance>
         <wf lemma="je" pos="X">je</wf>
         <wf lemma="bila" pos="X">bila</wf>
         <wf lemma="puna" pos="X">puna</wf>
         <wf lemma="staklenki" pos="X">staklenki</wf>
         <wf lemma="s" pos="X">s</wf>
         <wf lemma="domaćim" pos="X">domaćim</wf>
         <wf lemma="proizvodima" pos="X">proizvodima</wf>
         <wf lemma="." pos="X">.</wf>
      </sentence>
      <sentence id="d000.s4103" source="wordnet-croatian">
         <wf lemma="Ne" pos="X">Ne</wf>
         <wf lemma="znam" pos="X">znam</wf>
         <wf lemma="kako" pos="X">kako</wf>
         <wf lemma="da" pos="X">da</wf>
         <wf lemma="te" pos="X">te</wf>
         <wf lemma="uvjerim" pos="X">uvjerim</wf>
         <wf lemma="u" pos="X">u</wf>
         <instance id="d000.s4103.t000" lemma="trajnost" pos="NOUN">trajnost</instance>
         <wf lemma="mojih" pos="X">mojih</wf>
         <wf lemma="osjećaja" pos="X">osjećaja</wf>
         <wf lemma="." pos="X">.</wf>
      </sentence>
      <sentence id="d000.s4104" source="wordnet-croatian">
         <wf lemma="Konačno" pos="X">Konačno</wf>
         <wf lemma="je" pos="X">je</wf>
         <wf lemma="promijenio" pos="X">promijenio</wf>
         <wf lemma="pregorjelu" pos="X">pregorjelu</wf>
         <instance id="d000.s4104.t000" lemma="žarulja" pos="NOUN">žarulju</instance>
         <wf lemma="." pos="X">.</wf>
      </sentence>
      <sentence id="d000.s4105" source="wordnet-croatian">
         <wf lemma="Nitko" pos="X">Nitko</wf>
         <wf lemma="ne" pos="X">ne</wf>
         <wf lemma="može" pos="X">može</wf>
         <instance id="d000.s4105.t000" lemma="predvidjeti" pos="VERB">predvidjeti</instance>
         <wf lemma="tko" pos="X">tko</wf>
         <wf lemma="će" pos="X">će</wf>
         <wf lemma="ove" pos="X">ove</wf>
         <wf lemma="godine" pos="X">godine</wf>
         <wf lemma="pobijediti" pos="X">pobijediti</wf>
         <wf lemma="na" pos="X">na</wf>
         <wf lemma="izborima" pos="X">izborima</wf>
         <wf lemma="." pos="X">.</wf>
      </sentence>
      <sentence id="d000.s4106" source="wordnet-croatian">
         <instance id="d000.s4106.t000" lemma="epizoda" pos="NOUN">Epizoda</instance>
         <wf lemma="prepirke" pos="X">prepirke</wf>
         <wf lemma="bila" pos="X">bila</wf>
         <wf lemma="je" pos="X">je</wf>
         <wf lemma="vrlo" pos="X">vrlo</wf>
         <wf lemma="komična" pos="X">komična</wf>
         <wf lemma="." pos="X">.</wf>
      </sentence>
      <sentence id="d000.s4107" source="wordnet-croatian">
         <wf lemma="Rezervirali" pos="X">Rezervirali</wf>
         <wf lemma="smo" pos="X">smo</wf>
         <instance id="d000.s4107.t000" lemma="stol" pos="NOUN">stol</instance>
         <wf lemma="u" pos="X">u</wf>
         <wf lemma="restoranu" pos="X">restoranu</wf>
         <wf lemma="." pos="X">.</wf>
      </sentence>
      <sentence id="d000.s4108" source="wordnet-croatian">
         <instance id="d000.s4108.t000" lemma="nadglednik" pos="NOUN">Nadglednik</instance>
         <wf lemma="robova" pos="X">robova</wf>
         <wf lemma="smjestio" pos="X">smjestio</wf>
         <wf lemma="je" pos="X">je</wf>
         <wf lemma="pridošlice" pos="X">pridošlice</wf>
         <wf lemma="u" pos="X">u</wf>
         <wf lemma="svoje" pos="X">svoje</wf>
         <wf lemma="ćelije" pos="X">ćelije</wf>
         <wf lemma="." pos="X">.</wf>
      </sentence>
      <sentence id="d000.s4109" source="wordnet-croatian">
         <wf lemma="Prikazali" pos="X">Prikazali</wf>
         <wf lemma="su" pos="X">su</wf>
         <wf lemma="snimku" pos="X">snimku</wf>
         <instance id="d000.s4109.t000" lemma="tranzicija" pos="NOUN">tranzicije</instance>
         <wf lemma="kukca" pos="X">kukca</wf>
         <wf lemma="iz" pos="X">iz</wf>
         <wf lemma="gusjenice" pos="X">gusjenice</wf>
         <wf lemma="u" pos="X">u</wf>
         <wf lemma="leptira" pos="X">leptira</wf>
         <wf lemma="." pos="X">.</wf>
      </sentence>
      <sentence id="d000.s4110" source="wordnet-croatian">
         <wf lemma="Jaki" pos="X">Jaki</wf>
         <wf lemma="udari" pos="X">udari</wf>
         <wf lemma="vjetra" pos="X">vjetra</wf>
         <instance id="d000.s4110.t000" lemma="odnijeti" pos="VERB">odnijeli</instance>
         <wf lemma="su" pos="X">su</wf>
         <wf lemma="loptu" pos="X">loptu</wf>
         <wf lemma="daleko" pos="X">daleko</wf>
         <wf lemma="na" pos="X">na</wf>
         <wf lemma="pučinu" pos="X">pučinu</wf>
         <wf lemma="." pos="X">.</wf>
      </sentence>
      <sentence id="d000.s4111" source="wordnet-croatian">
         <wf lemma="Plašila" pos="X">Plašila</wf>
         <wf lemma="ga" pos="X">ga</wf>
         <wf lemma="je" pos="X">je</wf>
         <wf lemma="njegova" pos="X">njegova</wf>
         <instance id="d000.s4111.t000" lemma="beznačajnost" pos="NOUN">beznačajnost</instance>
         <wf lemma="u" pos="X">u</wf>
         <wf lemma="društvu" pos="X">društvu</wf>
         <wf lemma="u" pos="X">u</wf>
         <wf lemma="kojem" pos="X">kojem</wf>
         <wf lemma="je" pos="X">je</wf>
         <wf lemma="živio" pos="X">živio</wf>
         <wf lemma="." pos="X">.</wf>
      </sentence>
      <sentence id="d000.s4112" source="wordnet-croatian">
         <wf lemma="Mislimo" pos="X">Mislimo</wf>
         <wf lemma="da" pos="X">da</wf>
         <wf lemma="je" pos="X">je</wf>
         <wf lemma="ubojica" pos="X">ubojica</wf>
         <wf lemma="bila" pos="X">bila</wf>
         <instance id="d000.s4112.t000" lemma="žena" pos="NOUN">žena</instance>
         <wf lemma="." pos="X">.</wf>
      </sentence>
      <sentence id="d000.s4113" source="wordnet-croatian">
         <wf lemma="Mentor" pos="X">Mentor</wf>
         <wf lemma="joj" pos="X">joj</wf>
         <wf lemma="je" pos="X">je</wf>
         <wf lemma="savjetovao" pos="X">savjetovao</wf>
         <wf lemma="da" pos="X">da</wf>
         <wf lemma="dodatno" pos="X">dodatno</wf>
         <instance id="d000.s4113.t000" lemma="razraditi" pos="VERB">razradi</instance>
         <wf lemma="glavne" pos="X">glavne</wf>
         <wf lemma="postavke" pos="X">postavke</wf>
         <wf lemma="svoje" pos="X">svoje</wf>
         <wf lemma="doktorske" pos="X">doktorske</wf>
         <wf lemma="disertacije" pos="X">disertacije</wf>
         <wf lemma="." pos="X">.</wf>
      </sentence>
      <sentence id="d000.s4114" source="wordnet-croatian">
         <wf lemma="Kada" pos="X">Kada</wf>
         <wf lemma="ste" pos="X">ste</wf>
         <wf lemma="zadnji" pos="X">zadnji</wf>
         <wf lemma="put" pos="X">put</wf>
         <wf lemma="bili" pos="X">bili</wf>
         <wf lemma="na" pos="X">na</wf>
         <instance id="d000.s4114.t000" lemma="ispovijest" pos="NOUN">ispovijesti</instance>
         <wf lemma="?" pos="X">?</wf>
      </sentence>
      <sentence id="d000.s4115" source="wordnet-croatian">
         <wf lemma="Predsjednik" pos="X">Predsjednik</wf>
         <wf lemma="je" pos="X">je</wf>
         <wf lemma="zbog" pos="X">zbog</wf>
         <wf lemma="ljubavne" pos="X">ljubavne</wf>
         <wf lemma="afere" pos="X">afere</wf>
         <instance id="d000.s4115.t000" lemma="odstupiti" pos="VERB">odstupio</instance>
         <wf lemma="." pos="X">.</wf>
      </sentence>
      <sentence id="d000.s4116" source="wordnet-croatian">
         <instance id="d000.s4116.t000" lemma="otopiti" pos="VERB">Otopila</instance>
         <wf lemma="je" pos="X">je</wf>
         <wf lemma="čokoladu" pos="X">čokoladu</wf>
         <wf lemma="za" pos="X">za</wf>
         <wf lemma="kuhanje" pos="X">kuhanje</wf>
         <wf lemma="." pos="X">.</wf>
      </sentence>
      <sentence id="d000.s4117" source="wordnet-croatian">
         <wf lemma="Bio" pos="X">Bio</wf>
         <wf lemma="je" pos="X">je</wf>
         <wf lemma="to" pos="X">to</wf>
         <instance id="d000.s4117.t000" lemma="trenutak" pos="NOUN">trenutak</instance>
         <wf lemma="za" pos="X">za</wf>
         <wf lemma="pamćenje" pos="X">pamćenje</wf>
         <wf lemma="." pos="X">.</wf>
      </sentence>
      <sentence id="d000.s4118" source="wordnet-croatian">
         <wf lemma="Uvijek" pos="X">Uvijek</wf>
         <wf lemma="zaboravim" pos="X">zaboravim</wf>
         <wf lemma="kišobran" pos="X">kišobran</wf>
         <wf lemma="baš" pos="X">baš</wf>
         <wf lemma="kad" pos="X">kad</wf>
         <wf lemma="počne" pos="X">počne</wf>
         <instance id="d000.s4118.t000" lemma="pljuštati" pos="VERB">pljuštati</instance>
         <wf lemma="!" pos="X">!</wf>
      </sentence>
      <sentence id="d000.s4119" source="wordnet-croatian">
         <wf lemma="Otac" pos="X">Otac</wf>
         <wf lemma="je" pos="X">je</wf>
         <instance id="d000.s4119.t000" lemma="uskratiti" pos="VERB">uskratio</instance>
         <wf lemma="sinu" pos="X">sinu</wf>
         <wf lemma="džeparac" pos="X">džeparac</wf>
         <wf lemma="jer" pos="X">jer</wf>
         <wf lemma="nije" pos="X">nije</wf>
         <wf lemma="pisao" pos="X">pisao</wf>
         <wf lemma="domaće" pos="X">domaće</wf>
         <wf lemma="zadaće" pos="X">zadaće</wf>
         <wf lemma="." pos="X">.</wf>
      </sentence>
      <sentence id="d000.s4120" source="wordnet-croatian">
         <instance id="d000.s4120.t000" lemma="profesor" pos="NOUN">Profesor</instance>
         <wf lemma="im" pos="X">im</wf>
         <wf lemma="nije" pos="X">nije</wf>
         <wf lemma="dao" pos="X">dao</wf>
         <wf lemma="domaću" pos="X">domaću</wf>
         <wf lemma="zadaću" pos="X">zadaću</wf>
         <wf lemma="za" pos="X">za</wf>
         <wf lemma="ovaj" pos="X">ovaj</wf>
         <wf lemma="tjedan" pos="X">tjedan</wf>
         <wf lemma="." pos="X">.</wf>
      </sentence>
      <sentence id="d000.s4121" source="wordnet-croatian">
         <wf lemma="Tvrtke" pos="X">Tvrtke</wf>
         <wf lemma="žele" pos="X">žele</wf>
         <wf lemma="zaštititi" pos="X">zaštititi</wf>
         <wf lemma="prava" pos="X">prava</wf>
         <instance id="d000.s4121.t000" lemma="potrošač" pos="NOUN">potrošača</instance>
         <wf lemma="." pos="X">.</wf>
      </sentence>
      <sentence id="d000.s4122" source="wordnet-croatian">
         <wf lemma="Ovo" pos="X">Ovo</wf>
         <wf lemma="računalo" pos="X">računalo</wf>
         <wf lemma="ne" pos="X">ne</wf>
         <instance id="d000.s4122.t000" lemma="prihvaćati" pos="VERB">prihvaća</instance>
         <wf lemma="kopirane" pos="X">kopirane</wf>
         <wf lemma="CD-e" pos="X">CD-e</wf>
         <wf lemma="." pos="X">.</wf>
      </sentence>
      <sentence id="d000.s4123" source="wordnet-croatian">
         <wf lemma="Kutije" pos="X">Kutije</wf>
         <wf lemma="su" pos="X">su</wf>
         <wf lemma="bile" pos="X">bile</wf>
         <instance id="d000.s4123.t000" lemma="jednak" pos="ADJ">jednakih</instance>
         <wf lemma="dimenzija" pos="X">dimenzija</wf>
         <wf lemma="." pos="X">.</wf>
      </sentence>
      <sentence id="d000.s4124" source="wordnet-croatian">
         <wf lemma="Zbog" pos="X">Zbog</wf>
         <wf lemma="dugog" pos="X">dugog</wf>
         <wf lemma="čekanja" pos="X">čekanja</wf>
         <wf lemma="mnogi" pos="X">mnogi</wf>
         <wf lemma="pacijenti" pos="X">pacijenti</wf>
         <wf lemma="radije" pos="X">radije</wf>
         <wf lemma="odlaze" pos="X">odlaze</wf>
         <wf lemma="privatnim" pos="X">privatnim</wf>
         <instance id="d000.s4124.t000" lemma="zubar" pos="NOUN">zubarima</instance>
         <wf lemma="." pos="X">.</wf>
      </sentence>
      <sentence id="d000.s4125" source="wordnet-croatian">
         <wf lemma="Hrvatski" pos="X">Hrvatski</wf>
         <wf lemma="nogometaši" pos="X">nogometaši</wf>
         <wf lemma="nisu" pos="X">nisu</wf>
         <wf lemma="uputili" pos="X">uputili</wf>
         <wf lemma="nijedan" pos="X">nijedan</wf>
         <instance id="d000.s4125.t000" lemma="udarac" pos="NOUN">udarac</instance>
         <wf lemma="prema" pos="X">prema</wf>
         <wf lemma="golu" pos="X">golu</wf>
         <wf lemma="na" pos="X">na</wf>
         <wf lemma="jučerašnjoj" pos="X">jučerašnjoj</wf>
         <wf lemma="utakmici" pos="X">utakmici</wf>
         <wf lemma="." pos="X">.</wf>
      </sentence>
      <sentence id="d000.s4126" source="wordnet-croatian">
         <wf lemma="Hobi" pos="X">Hobi</wf>
         <wf lemma="joj" pos="X">joj</wf>
         <wf lemma="je" pos="X">je</wf>
         <wf lemma="bilo" pos="X">bilo</wf>
         <instance id="d000.s4126.t000" lemma="oponašanje" pos="NOUN">oponašanje</instance>
         <wf lemma="glasanja" pos="X">glasanja</wf>
         <wf lemma="životinja" pos="X">životinja</wf>
         <wf lemma="." pos="X">.</wf>
      </sentence>
      <sentence id="d000.s4127" source="wordnet-croatian">
         <instance id="d000.s4127.t000" lemma="nikal" pos="NOUN">Nikal</instance>
         <wf lemma="sa" pos="X">sa</wf>
         <wf lemma="željezom" pos="X">željezom</wf>
         <wf lemma="i" pos="X">i</wf>
         <wf lemma="kobaltom" pos="X">kobaltom</wf>
         <wf lemma="čini" pos="X">čini</wf>
         <wf lemma="trijadu" pos="X">trijadu</wf>
         <wf lemma="željeza" pos="X">željeza</wf>
         <wf lemma="." pos="X">.</wf>
      </sentence>
      <sentence id="d000.s4128" source="wordnet-croatian">
         <wf lemma="Marko" pos="X">Marko</wf>
         <wf lemma="," pos="X">,</wf>
         <wf lemma="gdje" pos="X">gdje</wf>
         <wf lemma="ti" pos="X">ti</wf>
         <wf lemma="je" pos="X">je</wf>
         <wf lemma="nestala" pos="X">nestala</wf>
         <instance id="d000.s4128.t000" lemma="samokontrola" pos="NOUN">samokontrola</instance>
         <wf lemma="?" pos="X">?</wf>
         <wf lemma="Koje" pos="X">Koje</wf>
         <wf lemma="je" pos="X">je</wf>
         <wf lemma="ovo" pos="X">ovo</wf>
         <wf lemma="piće" pos="X">piće</wf>
         <wf lemma="po" pos="X">po</wf>
         <wf lemma="redu" pos="X">redu</wf>
         <wf lemma="?" pos="X">?</wf>
      </sentence>
      <sentence id="d000.s4129" source="wordnet-croatian">
         <wf lemma="Upisala" pos="X">Upisala</wf>
         <wf lemma="sam" pos="X">sam</wf>
         <wf lemma="tečaj" pos="X">tečaj</wf>
         <wf lemma="za" pos="X">za</wf>
         <instance id="d000.s4129.t000" lemma="samoobrana" pos="NOUN">samoobranu</instance>
         <wf lemma="." pos="X">.</wf>
      </sentence>
      <sentence id="d000.s4130" source="wordnet-croatian">
         <wf lemma="Bio" pos="X">Bio</wf>
         <wf lemma="je" pos="X">je</wf>
         <instance id="d000.s4130.t000" lemma="oprezan" pos="ADJ">oprezan</instance>
         <wf lemma="u" pos="X">u</wf>
         <wf lemma="iznošenju" pos="X">iznošenju</wf>
         <wf lemma="neprovjerenih" pos="X">neprovjerenih</wf>
         <wf lemma="tvrdnji" pos="X">tvrdnji</wf>
         <wf lemma="." pos="X">.</wf>
      </sentence>
      <sentence id="d000.s4131" source="wordnet-croatian">
         <wf lemma="Ljudi" pos="X">Ljudi</wf>
         <wf lemma="su" pos="X">su</wf>
         <wf lemma="godinama" pos="X">godinama</wf>
         <wf lemma="osvajali" pos="X">osvajali</wf>
         <wf lemma="nove" pos="X">nove</wf>
         <wf lemma="teritorije" pos="X">teritorije</wf>
         <wf lemma="u" pos="X">u</wf>
         <wf lemma="potrazi" pos="X">potrazi</wf>
         <wf lemma="za" pos="X">za</wf>
         <instance id="d000.s4131.t000" lemma="sirovina" pos="NOUN">sirovinama</instance>
         <wf lemma="." pos="X">.</wf>
      </sentence>
      <sentence id="d000.s4132" source="wordnet-croatian">
         <wf lemma="U" pos="X">U</wf>
         <wf lemma="nekim" pos="X">nekim</wf>
         <wf lemma="državama" pos="X">državama</wf>
         <wf lemma="još" pos="X">još</wf>
         <wf lemma="uvijek" pos="X">uvijek</wf>
         <instance id="d000.s4132.t000" lemma="pogubljivati" pos="VERB">pogubljuju</instance>
         <wf lemma="teške" pos="X">teške</wf>
         <wf lemma="kriminalce" pos="X">kriminalce</wf>
         <wf lemma="." pos="X">.</wf>
      </sentence>
      <sentence id="d000.s4133" source="wordnet-croatian">
         <wf lemma="Uspjela" pos="X">Uspjela</wf>
         <wf lemma="je" pos="X">je</wf>
         <wf lemma="saznati" pos="X">saznati</wf>
         <wf lemma="kako" pos="X">kako</wf>
         <wf lemma="do" pos="X">do</wf>
         <wf lemma="Kotora" pos="X">Kotora</wf>
         <instance id="d000.s4133.t000" lemma="stići" pos="VERB">stići</instance>
         <wf lemma="brodom" pos="X">brodom</wf>
         <wf lemma="." pos="X">.</wf>
      </sentence>
      <sentence id="d000.s4134" source="wordnet-croatian">
         <wf lemma="Uhvatio" pos="X">Uhvatio</wf>
         <wf lemma="se" pos="X">se</wf>
         <wf lemma="za" pos="X">za</wf>
         <instance id="d000.s4134.t000" lemma="prečka" pos="NOUN">prečku</instance>
         <wf lemma="i" pos="X">i</wf>
         <wf lemma="radio" pos="X">radio</wf>
         <wf lemma="zgibove" pos="X">zgibove</wf>
         <wf lemma="." pos="X">.</wf>
      </sentence>
      <sentence id="d000.s4135" source="wordnet-croatian">
         <instance id="d000.s4135.t000" lemma="neprijateljstvo" pos="NOUN">Neprijateljstvo</instance>
         <wf lemma="među" pos="X">među</wf>
         <wf lemma="bandama" pos="X">bandama</wf>
         <wf lemma="posljednjim" pos="X">posljednjim</wf>
         <wf lemma="je" pos="X">je</wf>
         <wf lemma="napadom" pos="X">napadom</wf>
         <wf lemma="doesglo" pos="X">doesglo</wf>
         <wf lemma="vrhunac" pos="X">vrhunac</wf>
         <wf lemma="." pos="X">.</wf>
      </sentence>
      <sentence id="d000.s4136" source="wordnet-croatian">
         <wf lemma="Podatke" pos="X">Podatke</wf>
         <wf lemma="o" pos="X">o</wf>
         <wf lemma="potrošačima" pos="X">potrošačima</wf>
         <wf lemma="pronaći" pos="X">pronaći</wf>
         <wf lemma="ćete" pos="X">ćete</wf>
         <wf lemma="u" pos="X">u</wf>
         <instance id="d000.s4136.t000" lemma="odjel" pos="NOUN">odjelu</instance>
         <wf lemma="za" pos="X">za</wf>
         <wf lemma="prodaju" pos="X">prodaju</wf>
         <wf lemma="." pos="X">.</wf>
      </sentence>
      <sentence id="d000.s4137" source="wordnet-croatian">
         <wf lemma="Ujutro" pos="X">Ujutro</wf>
         <wf lemma="se" pos="X">se</wf>
         <instance id="d000.s4137.t000" lemma="odijevati" pos="VERB">odijevam</instance>
         <wf lemma="na" pos="X">na</wf>
         <wf lemma="brzinu" pos="X">brzinu</wf>
         <wf lemma="." pos="X">.</wf>
      </sentence>
      <sentence id="d000.s4138" source="wordnet-croatian">
         <wf lemma="Ne" pos="X">Ne</wf>
         <wf lemma="mogu" pos="X">mogu</wf>
         <wf lemma="vjerovati" pos="X">vjerovati</wf>
         <wf lemma="u" pos="X">u</wf>
         <instance id="d000.s4138.t000" lemma="opstanak" pos="NOUN">opstanak</instance>
         <wf lemma="tako" pos="X">tako</wf>
         <wf lemma="primitivnih" pos="X">primitivnih</wf>
         <wf lemma="ideja" pos="X">ideja</wf>
         <wf lemma="." pos="X">.</wf>
      </sentence>
      <sentence id="d000.s4139" source="wordnet-croatian">
         <wf lemma="Ove" pos="X">Ove</wf>
         <wf lemma="godine" pos="X">godine</wf>
         <wf lemma="Crkva" pos="X">Crkva</wf>
         <wf lemma="slavi" pos="X">slavi</wf>
         <wf lemma="veliki" pos="X">veliki</wf>
         <instance id="d000.s4139.t000" lemma="jubilej" pos="NOUN">jubilej</instance>
         <wf lemma="." pos="X">.</wf>
      </sentence>
      <sentence id="d000.s4140" source="wordnet-croatian">
         <wf lemma="Mnogi" pos="X">Mnogi</wf>
         <wf lemma="nikad" pos="X">nikad</wf>
         <wf lemma="nisu" pos="X">nisu</wf>
         <wf lemma="čuli" pos="X">čuli</wf>
         <wf lemma="za" pos="X">za</wf>
         <instance id="d000.s4140.t000" lemma="dragun" pos="NOUN">dragun</instance>
         <wf lemma="." pos="X">.</wf>
      </sentence>
      <sentence id="d000.s4141" source="wordnet-croatian">
         <wf lemma="Muškarci" pos="X">Muškarci</wf>
         <wf lemma="često" pos="X">često</wf>
         <wf lemma="nose" pos="X">nose</wf>
         <instance id="d000.s4141.t000" lemma="treger" pos="NOUN">tregere</instance>
         <wf lemma="na" pos="X">na</wf>
         <wf lemma="hlačama" pos="X">hlačama</wf>
         <wf lemma="." pos="X">.</wf>
      </sentence>
      <sentence id="d000.s4142" source="wordnet-croatian">
         <wf lemma="Svakidašnja" pos="X">Svakidašnja</wf>
         <instance id="d000.s4142.t000" lemma="jadikovka" pos="NOUN">jadikovka</instance>
         <wf lemma="ljudi" pos="X">ljudi</wf>
         <wf lemma="vrti" pos="X">vrti</wf>
         <wf lemma="se" pos="X">se</wf>
         <wf lemma="oko" pos="X">oko</wf>
         <wf lemma="životnog" pos="X">životnog</wf>
         <wf lemma="standarda" pos="X">standarda</wf>
         <wf lemma="." pos="X">.</wf>
      </sentence>
      <sentence id="d000.s4143" source="wordnet-croatian">
         <wf lemma="Učestalo" pos="X">Učestalo</wf>
         <instance id="d000.s4143.t000" lemma="prekretanje" pos="NOUN">prekretanje</instance>
         <wf lemma="(" pos="X">(</wf>
         <wf lemma="reverzija" pos="X">reverzija</wf>
         <wf lemma=")" pos="X">)</wf>
         <wf lemma="sa" pos="X">sa</wf>
         <wf lemma="jedne" pos="X">jedne</wf>
         <wf lemma="šahte" pos="X">šahte</wf>
         <wf lemma="na" pos="X">na</wf>
         <wf lemma="drugu" pos="X">drugu</wf>
         <wf lemma="zahtijeva" pos="X">zahtijeva</wf>
         <wf lemma="prekretne" pos="X">prekretne</wf>
         <wf lemma="uređaje" pos="X">uređaje</wf>
         <wf lemma="za" pos="X">za</wf>
         <wf lemma="gorivo" pos="X">gorivo</wf>
         <wf lemma="," pos="X">,</wf>
         <wf lemma="zrak" pos="X">zrak</wf>
         <wf lemma="za" pos="X">za</wf>
         <wf lemma="sagorijevanje" pos="X">sagorijevanje</wf>
         <wf lemma="i" pos="X">i</wf>
         <wf lemma="zrak" pos="X">zrak</wf>
         <wf lemma="za" pos="X">za</wf>
         <wf lemma="hlađenje" pos="X">hlađenje</wf>
         <wf lemma="." pos="X">.</wf>
      </sentence>
      <sentence id="d000.s4144" source="wordnet-croatian">
         <instance id="d000.s4144.t000" lemma="penjanje" pos="NOUN">Penjanje</instance>
         <wf lemma="na" pos="X">na</wf>
         <wf lemma="stablo" pos="X">stablo</wf>
         <wf lemma="lako" pos="X">lako</wf>
         <wf lemma="je" pos="X">je</wf>
         <wf lemma="kad" pos="X">kad</wf>
         <wf lemma="si" pos="X">si</wf>
         <wf lemma="dijete" pos="X">dijete</wf>
         <wf lemma="." pos="X">.</wf>
      </sentence>
      <sentence id="d000.s4145" source="wordnet-croatian">
         <wf lemma="Naučio" pos="X">Naučio</wf>
         <wf lemma="ih" pos="X">ih</wf>
         <wf lemma="je" pos="X">je</wf>
         <instance id="d000.s4145.t000" lemma="korak" pos="NOUN">korake</instance>
         <wf lemma="polke" pos="X">polke</wf>
         <wf lemma="i" pos="X">i</wf>
         <wf lemma="valcera" pos="X">valcera</wf>
         <wf lemma="." pos="X">.</wf>
      </sentence>
      <sentence id="d000.s4146" source="wordnet-croatian">
         <instance id="d000.s4146.t000" lemma="djed" pos="NOUN">Djed</instance>
         <wf lemma="me" pos="X">me</wf>
         <wf lemma="naučio" pos="X">naučio</wf>
         <wf lemma="pecanju" pos="X">pecanju</wf>
         <wf lemma="i" pos="X">i</wf>
         <wf lemma="gljivarenju" pos="X">gljivarenju</wf>
         <wf lemma="." pos="X">.</wf>
      </sentence>
      <sentence id="d000.s4147" source="wordnet-croatian">
         <wf lemma="Drugom" pos="X">Drugom</wf>
         <wf lemma="je" pos="X">je</wf>
         <wf lemma="trkaču" pos="X">trkaču</wf>
         <wf lemma="falio" pos="X">falio</wf>
         <instance id="d000.s4147.t000" lemma="pedalj" pos="NOUN">pedalj</instance>
         <wf lemma="do" pos="X">do</wf>
         <wf lemma="cilja" pos="X">cilja</wf>
         <wf lemma="." pos="X">.</wf>
      </sentence>
      <sentence id="d000.s4148" source="wordnet-croatian">
         <wf lemma="Uvijek" pos="X">Uvijek</wf>
         <wf lemma="je" pos="X">je</wf>
         <wf lemma="u" pos="X">u</wf>
         <wf lemma="torbi" pos="X">torbi</wf>
         <wf lemma="imala" pos="X">imala</wf>
         <wf lemma="paketić" pos="X">paketić</wf>
         <instance id="d000.s4148.t000" lemma="maramica" pos="NOUN">maramica</instance>
         <wf lemma="." pos="X">.</wf>
      </sentence>
      <sentence id="d000.s4149" source="wordnet-croatian">
         <instance id="d000.s4149.t000" lemma="sprej" pos="NOUN">Sprej</instance>
         <wf lemma="za" pos="X">za</wf>
         <wf lemma="nos" pos="X">nos</wf>
         <wf lemma="praktičniji" pos="X">praktičniji</wf>
         <wf lemma="je" pos="X">je</wf>
         <wf lemma="od" pos="X">od</wf>
         <wf lemma="kapi" pos="X">kapi</wf>
         <wf lemma="." pos="X">.</wf>
      </sentence>
      <sentence id="d000.s4150" source="wordnet-croatian">
         <wf lemma="Prodaja" pos="X">Prodaja</wf>
         <wf lemma="nam" pos="X">nam</wf>
         <wf lemma="je" pos="X">je</wf>
         <wf lemma="jako" pos="X">jako</wf>
         <instance id="d000.s4150.t000" lemma="pasti" pos="VERB">pala</instance>
         <wf lemma="." pos="X">.</wf>
      </sentence>
      <sentence id="d000.s4151" source="wordnet-croatian">
         <wf lemma="Mirko" pos="X">Mirko</wf>
         <wf lemma="je" pos="X">je</wf>
         <wf lemma="pred" pos="X">pred</wf>
         <wf lemma="kućom" pos="X">kućom</wf>
         <instance id="d000.s4151.t000" lemma="piliti" pos="VERB">pilio</instance>
         <wf lemma="drva" pos="X">drva</wf>
         <wf lemma="za" pos="X">za</wf>
         <wf lemma="zimu" pos="X">zimu</wf>
         <wf lemma="." pos="X">.</wf>
      </sentence>
      <sentence id="d000.s4152" source="wordnet-croatian">
         <wf lemma="Bolesnik" pos="X">Bolesnik</wf>
         <wf lemma="je" pos="X">je</wf>
         <wf lemma="cijeli" pos="X">cijeli</wf>
         <wf lemma="dan" pos="X">dan</wf>
         <instance id="d000.s4152.t000" lemma="ležati" pos="VERB">ležao</instance>
         <wf lemma="u" pos="X">u</wf>
         <wf lemma="krevetu" pos="X">krevetu</wf>
         <wf lemma="." pos="X">.</wf>
      </sentence>
      <sentence id="d000.s4153" source="wordnet-croatian">
         <wf lemma="Svoj" pos="X">Svoj</wf>
         <wf lemma="bijes" pos="X">bijes</wf>
         <wf lemma="ne" pos="X">ne</wf>
         <wf lemma="smiješ" pos="X">smiješ</wf>
         <instance id="d000.s4153.t000" lemma="usmjeravati" pos="VERB">usmjeravati</instance>
         <wf lemma="prema" pos="X">prema</wf>
         <wf lemma="nedužnima" pos="X">nedužnima</wf>
         <wf lemma="." pos="X">.</wf>
      </sentence>
      <sentence id="d000.s4154" source="wordnet-croatian">
         <wf lemma="Ljudi" pos="X">Ljudi</wf>
         <wf lemma="su" pos="X">su</wf>
         <wf lemma="često" pos="X">često</wf>
         <wf lemma="iskorištavali" pos="X">iskorištavali</wf>
         <wf lemma="njezinu" pos="X">njezinu</wf>
         <instance id="d000.s4154.t000" lemma="naivnost" pos="NOUN">naivnost</instance>
         <wf lemma="." pos="X">.</wf>
      </sentence>
      <sentence id="d000.s4155" source="wordnet-croatian">
         <wf lemma="Nikad" pos="X">Nikad</wf>
         <wf lemma="nisam" pos="X">nisam</wf>
         <wf lemma="naučila" pos="X">naučila</wf>
         <instance id="d000.s4155.t000" lemma="pretvarati" pos="VERB">pretvarati</instance>
         <wf lemma="centimetre" pos="X">centimetre</wf>
         <wf lemma="u" pos="X">u</wf>
         <wf lemma="inče" pos="X">inče</wf>
         <wf lemma="." pos="X">.</wf>
      </sentence>
      <sentence id="d000.s4156" source="wordnet-croatian">
         <instance id="d000.s4156.t000" lemma="premjestiti" pos="VERB">Premjestio</instance>
         <wf lemma="sam" pos="X">sam</wf>
         <wf lemma="sav" pos="X">sav</wf>
         <wf lemma="svoj" pos="X">svoj</wf>
         <wf lemma="novac" pos="X">novac</wf>
         <wf lemma="u" pos="X">u</wf>
         <wf lemma="pouzdaniju" pos="X">pouzdaniju</wf>
         <wf lemma="banku" pos="X">banku</wf>
         <wf lemma="." pos="X">.</wf>
      </sentence>
      <sentence id="d000.s4157" source="wordnet-croatian">
         <wf lemma="Na" pos="X">Na</wf>
         <wf lemma="kojem" pos="X">kojem</wf>
         <wf lemma="je" pos="X">je</wf>
         <instance id="d000.s4157.t000" lemma="kat" pos="NOUN">katu</instance>
         <wf lemma="vaš" pos="X">vaš</wf>
         <wf lemma="ured" pos="X">ured</wf>
         <wf lemma="?" pos="X">?</wf>
      </sentence>
      <sentence id="d000.s4158" source="wordnet-croatian">
         <wf lemma="Ugovorio" pos="X">Ugovorio</wf>
         <wf lemma="je" pos="X">je</wf>
         <wf lemma="sastanak" pos="X">sastanak</wf>
         <wf lemma="s" pos="X">s</wf>
         <instance id="d000.s4158.t000" lemma="predsjednik" pos="NOUN">predsjednikom</instance>
         <wf lemma="Savezne" pos="X">Savezne</wf>
         <wf lemma="Republike" pos="X">Republike</wf>
         <wf lemma="Njemačke" pos="X">Njemačke</wf>
         <wf lemma="." pos="X">.</wf>
      </sentence>
      <sentence id="d000.s4159" source="wordnet-croatian">
         <wf lemma="Svaki" pos="X">Svaki</wf>
         <wf lemma="taksi" pos="X">taksi</wf>
         <wf lemma="mora" pos="X">mora</wf>
         <wf lemma="imati" pos="X">imati</wf>
         <instance id="d000.s4159.t000" lemma="taksimetar" pos="NOUN">taksimetar</instance>
         <wf lemma="koji" pos="X">koji</wf>
         <wf lemma="se" pos="X">se</wf>
         <wf lemma="uključuje" pos="X">uključuje</wf>
         <wf lemma="kad" pos="X">kad</wf>
         <wf lemma="putnik" pos="X">putnik</wf>
         <wf lemma="sjedne" pos="X">sjedne</wf>
         <wf lemma="u" pos="X">u</wf>
         <wf lemma="vozilo" pos="X">vozilo</wf>
         <wf lemma="." pos="X">.</wf>
      </sentence>
      <sentence id="d000.s4160" source="wordnet-croatian">
         <wf lemma="Ne" pos="X">Ne</wf>
         <wf lemma="mogu" pos="X">mogu</wf>
         <instance id="d000.s4160.t000" lemma="podnijeti" pos="VERB">podnijeti</instance>
         <wf lemma="njegovo" pos="X">njegovo</wf>
         <wf lemma="stalno" pos="X">stalno</wf>
         <wf lemma="prigovaranje" pos="X">prigovaranje</wf>
         <wf lemma="." pos="X">.</wf>
      </sentence>
      <sentence id="d000.s4161" source="wordnet-croatian">
         <wf lemma="Nikada" pos="X">Nikada</wf>
         <wf lemma="nisam" pos="X">nisam</wf>
         <wf lemma="razumjela" pos="X">razumjela</wf>
         <wf lemma="što" pos="X">što</wf>
         <wf lemma="se" pos="X">se</wf>
         <wf lemma="misli" pos="X">misli</wf>
         <wf lemma="kad" pos="X">kad</wf>
         <wf lemma="se" pos="X">se</wf>
         <wf lemma="kaže" pos="X">kaže</wf>
         <wf lemma="da" pos="X">da</wf>
         <wf lemma="je" pos="X">je</wf>
         <wf lemma="netko" pos="X">netko</wf>
         <wf lemma="visok" pos="X">visok</wf>
         <wf lemma="šest" pos="X">šest</wf>
         <instance id="d000.s4161.t000" lemma="stopa" pos="NOUN">stopa</instance>
         <wf lemma="." pos="X">.</wf>
      </sentence>
      <sentence id="d000.s4162" source="wordnet-croatian">
         <wf lemma="Nikako" pos="X">Nikako</wf>
         <wf lemma="nije" pos="X">nije</wf>
         <wf lemma="mogla" pos="X">mogla</wf>
         <wf lemma="provući" pos="X">provući</wf>
         <instance id="d000.s4162.t000" lemma="nit" pos="NOUN">nit</instance>
         <wf lemma="kroz" pos="X">kroz</wf>
         <wf lemma="ušicu" pos="X">ušicu</wf>
         <wf lemma="igle" pos="X">igle</wf>
         <wf lemma="." pos="X">.</wf>
      </sentence>
      <sentence id="d000.s4163" source="wordnet-croatian">
         <wf lemma="Prošle" pos="X">Prošle</wf>
         <wf lemma="godine" pos="X">godine</wf>
         <wf lemma="snijeg" pos="X">snijeg</wf>
         <wf lemma="je" pos="X">je</wf>
         <instance id="d000.s4163.t000" lemma="pasti" pos="VERB">pao</instance>
         <wf lemma="za" pos="X">za</wf>
         <wf lemma="Uskrs" pos="X">Uskrs</wf>
         <wf lemma="." pos="X">.</wf>
      </sentence>
      <sentence id="d000.s4164" source="wordnet-croatian">
         <wf lemma="Djecu" pos="X">Djecu</wf>
         <wf lemma="se" pos="X">se</wf>
         <wf lemma="odmalena" pos="X">odmalena</wf>
         <wf lemma="uči" pos="X">uči</wf>
         <wf lemma="prepoznavati" pos="X">prepoznavati</wf>
         <wf lemma="policijsku" pos="X">policijsku</wf>
         <instance id="d000.s4164.t000" lemma="uniforma" pos="NOUN">uniformu</instance>
         <wf lemma="." pos="X">.</wf>
      </sentence>
      <sentence id="d000.s4165" source="wordnet-croatian">
         <wf lemma="Pojeo" pos="X">Pojeo</wf>
         <wf lemma="je" pos="X">je</wf>
         <wf lemma="tri" pos="X">tri</wf>
         <instance id="d000.s4165.t000" lemma="šeflja" pos="NOUN">šeflje</instance>
         <wf lemma="juhe" pos="X">juhe</wf>
         <wf lemma="i" pos="X">i</wf>
         <wf lemma="svima" pos="X">svima</wf>
         <wf lemma="je" pos="X">je</wf>
         <wf lemma="bilo" pos="X">bilo</wf>
         <wf lemma="jasno" pos="X">jasno</wf>
         <wf lemma="da" pos="X">da</wf>
         <wf lemma="je" pos="X">je</wf>
         <wf lemma="napokon" pos="X">napokon</wf>
         <wf lemma="ozdravio" pos="X">ozdravio</wf>
         <wf lemma="." pos="X">.</wf>
      </sentence>
      <sentence id="d000.s4166" source="wordnet-croatian">
         <wf lemma="Veliki" pos="X">Veliki</wf>
         <wf lemma="i" pos="X">i</wf>
         <wf lemma="dragi" pos="X">dragi</wf>
         <wf lemma="vođa" pos="X">vođa</wf>
         <wf lemma="više" pos="X">više</wf>
         <wf lemma="ne" pos="X">ne</wf>
         <instance id="d000.s4166.t000" lemma="živjeti" pos="VERB">živi</instance>
         <wf lemma="." pos="X">.</wf>
      </sentence>
      <sentence id="d000.s4167" source="wordnet-croatian">
         <wf lemma="Limun" pos="X">Limun</wf>
         <wf lemma="pri" pos="X">pri</wf>
         <wf lemma="visokim" pos="X">visokim</wf>
         <wf lemma="temperaturama" pos="X">temperaturama</wf>
         <wf lemma="gubi" pos="X">gubi</wf>
         <wf lemma="svoja" pos="X">svoja</wf>
         <wf lemma="blagotvorna" pos="X">blagotvorna</wf>
         <instance id="d000.s4167.t000" lemma="svojstvo" pos="NOUN">svojstva</instance>
         <wf lemma="." pos="X">.</wf>
      </sentence>
      <sentence id="d000.s4168" source="wordnet-croatian">
         <wf lemma="Iako" pos="X">Iako</wf>
         <wf lemma="je" pos="X">je</wf>
         <instance id="d000.s4168.t000" lemma="germanij" pos="NOUN">germanij</instance>
         <wf lemma="otkriven" pos="X">otkriven</wf>
         <wf lemma="1886." pos="X">1886.</wf>
         <wf lemma="," pos="X">,</wf>
         <wf lemma="Mendeljejev" pos="X">Mendeljejev</wf>
         <wf lemma="ga" pos="X">ga</wf>
         <wf lemma="je" pos="X">je</wf>
         <wf lemma="predvidio" pos="X">predvidio</wf>
         <wf lemma="15" pos="X">15</wf>
         <wf lemma="godina" pos="X">godina</wf>
         <wf lemma="ranije" pos="X">ranije</wf>
         <wf lemma="." pos="X">.</wf>
      </sentence>
      <sentence id="d000.s4169" source="wordnet-croatian">
         <instance id="d000.s4169.t000" lemma="poredak" pos="NOUN">Poredak</instance>
         <wf lemma="pitanja" pos="X">pitanja</wf>
         <wf lemma="na" pos="X">na</wf>
         <wf lemma="ispitu" pos="X">ispitu</wf>
         <wf lemma="me" pos="X">me</wf>
         <wf lemma="zbunio" pos="X">zbunio</wf>
         <wf lemma="." pos="X">.</wf>
      </sentence>
      <sentence id="d000.s4170" source="wordnet-croatian">
         <wf lemma="Vlada" pos="X">Vlada</wf>
         <wf lemma="mora" pos="X">mora</wf>
         <wf lemma="obaviti" pos="X">obaviti</wf>
         <wf lemma="svoje" pos="X">svoje</wf>
         <instance id="d000.s4170.t000" lemma="uloga" pos="NOUN">ulogu</instance>
         <wf lemma="u" pos="X">u</wf>
         <wf lemma="pregovorima" pos="X">pregovorima</wf>
         <wf lemma="." pos="X">.</wf>
      </sentence>
      <sentence id="d000.s4171" source="wordnet-croatian">
         <instance id="d000.s4171.t000" lemma="medij" pos="NOUN">Mediji</instance>
         <wf lemma="su" pos="X">su</wf>
         <wf lemma="objavili" pos="X">objavili</wf>
         <wf lemma="njegovo" pos="X">njegovo</wf>
         <wf lemma="otvoreno" pos="X">otvoreno</wf>
         <wf lemma="pismo" pos="X">pismo</wf>
         <wf lemma="." pos="X">.</wf>
      </sentence>
      <sentence id="d000.s4172" source="wordnet-croatian">
         <wf lemma="Na" pos="X">Na</wf>
         <wf lemma="neopranim" pos="X">neopranim</wf>
         <wf lemma="čašama" pos="X">čašama</wf>
         <wf lemma="skupio" pos="X">skupio</wf>
         <wf lemma="se" pos="X">se</wf>
         <instance id="d000.s4172.t000" lemma="talog" pos="NOUN">talog</instance>
         <wf lemma="kamenca" pos="X">kamenca</wf>
         <wf lemma="." pos="X">.</wf>
      </sentence>
      <sentence id="d000.s4173" source="wordnet-croatian">
         <wf lemma="Ljudi" pos="X">Ljudi</wf>
         <wf lemma="su" pos="X">su</wf>
         <wf lemma="kao" pos="X">kao</wf>
         <instance id="d000.s4173.t000" lemma="glavnja" pos="NOUN">glavnja</instance>
         <wf lemma="iz" pos="X">iz</wf>
         <wf lemma="ognja" pos="X">ognja</wf>
         <wf lemma="istrgnuta" pos="X">istrgnuta</wf>
         <wf lemma="." pos="X">.</wf>
      </sentence>
      <sentence id="d000.s4174" source="wordnet-croatian">
         <wf lemma="U" pos="X">U</wf>
         <wf lemma="našem" pos="X">našem</wf>
         <wf lemma="mjestu" pos="X">mjestu</wf>
         <wf lemma="svi" pos="X">svi</wf>
         <wf lemma="ljudi" pos="X">ljudi</wf>
         <wf lemma="žive" pos="X">žive</wf>
         <wf lemma="u" pos="X">u</wf>
         <instance id="d000.s4174.t000" lemma="sloga" pos="NOUN">slozi</instance>
         <wf lemma="." pos="X">.</wf>
      </sentence>
      <sentence id="d000.s4175" source="wordnet-croatian">
         <wf lemma="Omotao" pos="X">Omotao</wf>
         <wf lemma="je" pos="X">je</wf>
         <instance id="d000.s4175.t000" lemma="vrpca" pos="NOUN">vrpcu</instance>
         <wf lemma="oko" pos="X">oko</wf>
         <wf lemma="poklona" pos="X">poklona</wf>
         <wf lemma="." pos="X">.</wf>
      </sentence>
      <sentence id="d000.s4176" source="wordnet-croatian">
         <wf lemma="Tko" pos="X">Tko</wf>
         <wf lemma="je" pos="X">je</wf>
         <wf lemma="danas" pos="X">danas</wf>
         <instance id="d000.s4176.t000" lemma="služiti" pos="VERB">služio</instance>
         <wf lemma="misu" pos="X">misu</wf>
         <wf lemma="?" pos="X">?</wf>
      </sentence>
      <sentence id="d000.s4177" source="wordnet-croatian">
         <wf lemma="Bez" pos="X">Bez</wf>
         <wf lemma="imalo" pos="X">imalo</wf>
         <wf lemma="grižnje" pos="X">grižnje</wf>
         <wf lemma="savjesti" pos="X">savjesti</wf>
         <wf lemma="bacio" pos="X">bacio</wf>
         <wf lemma="je" pos="X">je</wf>
         <wf lemma="opušak" pos="X">opušak</wf>
         <wf lemma="kroz" pos="X">kroz</wf>
         <instance id="d000.s4177.t000" lemma="prozor" pos="NOUN">prozor</instance>
         <wf lemma="." pos="X">.</wf>
      </sentence>
      <sentence id="d000.s4178" source="wordnet-croatian">
         <wf lemma="Imala" pos="X">Imala</wf>
         <wf lemma="je" pos="X">je</wf>
         <wf lemma="haljinu" pos="X">haljinu</wf>
         <wf lemma="s" pos="X">s</wf>
         <instance id="d000.s4178.t000" lemma="prorez" pos="NOUN">prorezom</instance>
         <wf lemma="do" pos="X">do</wf>
         <wf lemma="sredine" pos="X">sredine</wf>
         <wf lemma="bedara" pos="X">bedara</wf>
         <wf lemma="." pos="X">.</wf>
      </sentence>
      <sentence id="d000.s4179" source="wordnet-croatian">
         <wf lemma="Brojne" pos="X">Brojne</wf>
         <wf lemma="ljekarne" pos="X">ljekarne</wf>
         <wf lemma="opremljene" pos="X">opremljene</wf>
         <wf lemma="su" pos="X">su</wf>
         <wf lemma="digitalnim" pos="X">digitalnim</wf>
         <instance id="d000.s4179.t000" lemma="tlakomjer" pos="NOUN">tlakomjerima</instance>
         <wf lemma="pomoću" pos="X">pomoću</wf>
         <wf lemma="kojih" pos="X">kojih</wf>
         <wf lemma="si" pos="X">si</wf>
         <wf lemma="kupci" pos="X">kupci</wf>
         <wf lemma="mogu" pos="X">mogu</wf>
         <wf lemma="provjeriti" pos="X">provjeriti</wf>
         <wf lemma="krvni" pos="X">krvni</wf>
         <wf lemma="tlak" pos="X">tlak</wf>
         <wf lemma="." pos="X">.</wf>
      </sentence>
      <sentence id="d000.s4180" source="wordnet-croatian">
         <wf lemma="Zbog" pos="X">Zbog</wf>
         <wf lemma="boje" pos="X">boje</wf>
         <wf lemma="koja" pos="X">koja</wf>
         <wf lemma="se" pos="X">se</wf>
         <wf lemma="preljeva" pos="X">preljeva</wf>
         <wf lemma="iz" pos="X">iz</wf>
         <wf lemma="plave" pos="X">plave</wf>
         <wf lemma="u" pos="X">u</wf>
         <wf lemma="zelenu" pos="X">zelenu</wf>
         <wf lemma="te" pos="X">te</wf>
         <wf lemma="ljubičastu" pos="X">ljubičastu</wf>
         <wf lemma="," pos="X">,</wf>
         <instance id="d000.s4180.t000" lemma="bornit" pos="NOUN">bornit</instance>
         <wf lemma="je" pos="X">je</wf>
         <wf lemma="dobio" pos="X">dobio</wf>
         <wf lemma="svoj" pos="X">svoj</wf>
         <wf lemma="nadimak" pos="X">nadimak</wf>
         <wf lemma="&quot;" pos="X">&quot;</wf>
         <wf lemma="paunova" pos="X">paunova</wf>
         <wf lemma="ruda" pos="X">ruda</wf>
         <wf lemma="&quot;" pos="X">&quot;</wf>
         <wf lemma="." pos="X">.</wf>
      </sentence>
      <sentence id="d000.s4181" source="wordnet-croatian">
         <wf lemma="Ova" pos="X">Ova</wf>
         <wf lemma="je" pos="X">je</wf>
         <wf lemma="stolica" pos="X">stolica</wf>
         <wf lemma="toliko" pos="X">toliko</wf>
         <instance id="d000.s4181.t000" lemma="neudoban" pos="ADJ">neudobna</instance>
         <wf lemma="!" pos="X">!</wf>
      </sentence>
      <sentence id="d000.s4182" source="wordnet-croatian">
         <wf lemma="Čulo" pos="X">Čulo</wf>
         <wf lemma="se" pos="X">se</wf>
         <wf lemma="kako" pos="X">kako</wf>
         <wf lemma="kapljice" pos="X">kapljice</wf>
         <wf lemma="kiše" pos="X">kiše</wf>
         <wf lemma="udaraju" pos="X">udaraju</wf>
         <wf lemma="o" pos="X">o</wf>
         <instance id="d000.s4182.t000" lemma="žlijeb" pos="NOUN">žlijeb</instance>
         <wf lemma="na" pos="X">na</wf>
         <wf lemma="krovu" pos="X">krovu</wf>
         <wf lemma="." pos="X">.</wf>
      </sentence>
      <sentence id="d000.s4183" source="wordnet-croatian">
         <wf lemma="To" pos="X">To</wf>
         <wf lemma="se" pos="X">se</wf>
         <wf lemma="dogodilo" pos="X">dogodilo</wf>
         <wf lemma="u" pos="X">u</wf>
         <instance id="d000.s4183.t000" lemma="nedaleki" pos="ADJ">nedalekoj</instance>
         <wf lemma="prošlosti" pos="X">prošlosti</wf>
         <wf lemma="pa" pos="X">pa</wf>
         <wf lemma="su" pos="X">su</wf>
         <wf lemma="rane" pos="X">rane</wf>
         <wf lemma="još" pos="X">još</wf>
         <wf lemma="uvijek" pos="X">uvijek</wf>
         <wf lemma="svježe" pos="X">svježe</wf>
         <wf lemma="." pos="X">.</wf>
      </sentence>
      <sentence id="d000.s4184" source="wordnet-croatian">
         <wf lemma="Voće" pos="X">Voće</wf>
         <wf lemma="treba" pos="X">treba</wf>
         <instance id="d000.s4184.t000" lemma="oprati" pos="VERB">oprati</instance>
         <wf lemma="prije" pos="X">prije</wf>
         <wf lemma="jela" pos="X">jela</wf>
         <wf lemma="." pos="X">.</wf>
      </sentence>
      <sentence id="d000.s4185" source="wordnet-croatian">
         <wf lemma="Mnogima" pos="X">Mnogima</wf>
         <wf lemma="je" pos="X">je</wf>
         <wf lemma="zbog" pos="X">zbog</wf>
         <wf lemma="Božića" pos="X">Božića</wf>
         <instance id="d000.s4185.t000" lemma="prosinac" pos="NOUN">prosinac</instance>
         <wf lemma="najdraži" pos="X">najdraži</wf>
         <wf lemma="mjesec" pos="X">mjesec</wf>
         <wf lemma="u" pos="X">u</wf>
         <wf lemma="godini" pos="X">godini</wf>
         <wf lemma="." pos="X">.</wf>
      </sentence>
      <sentence id="d000.s4186" source="wordnet-croatian">
         <wf lemma="Tipično" pos="X">Tipično</wf>
         <instance id="d000.s4186.t000" lemma="kućanstvo" pos="NOUN">kućanstvo</instance>
         <wf lemma="posjeduje" pos="X">posjeduje</wf>
         <wf lemma="televizor" pos="X">televizor</wf>
         <wf lemma="," pos="X">,</wf>
         <wf lemma="hladnjak" pos="X">hladnjak</wf>
         <wf lemma="i" pos="X">i</wf>
         <wf lemma="telefon" pos="X">telefon</wf>
         <wf lemma="." pos="X">.</wf>
      </sentence>
      <sentence id="d000.s4187" source="wordnet-croatian">
         <wf lemma="Stavio" pos="X">Stavio</wf>
         <wf lemma="je" pos="X">je</wf>
         <wf lemma="komad" pos="X">komad</wf>
         <wf lemma="drva" pos="X">drva</wf>
         <wf lemma="u" pos="X">u</wf>
         <wf lemma="čeljusti" pos="X">čeljusti</wf>
         <instance id="d000.s4187.t000" lemma="škrip" pos="NOUN">škripa</instance>
         <wf lemma="i" pos="X">i</wf>
         <wf lemma="dobro" pos="X">dobro</wf>
         <wf lemma="ga" pos="X">ga</wf>
         <wf lemma="stegnuo" pos="X">stegnuo</wf>
         <wf lemma="." pos="X">.</wf>
      </sentence>
      <sentence id="d000.s4188" source="wordnet-croatian">
         <instance id="d000.s4188.t000" lemma="pravac" pos="NOUN">Pravac</instance>
         <wf lemma="kojim" pos="X">kojim</wf>
         <wf lemma="su" pos="X">su</wf>
         <wf lemma="krenuli" pos="X">krenuli</wf>
         <wf lemma="bio" pos="X">bio</wf>
         <wf lemma="je" pos="X">je</wf>
         <wf lemma="pogrešan" pos="X">pogrešan</wf>
         <wf lemma="." pos="X">.</wf>
      </sentence>
      <sentence id="d000.s4189" source="wordnet-croatian">
         <wf lemma="Moje" pos="X">Moje</wf>
         <instance id="d000.s4189.t000" lemma="zemljište" pos="NOUN">zemljište</instance>
         <wf lemma="je" pos="X">je</wf>
         <wf lemma="i" pos="X">i</wf>
         <wf lemma="dalje" pos="X">dalje</wf>
         <wf lemma="neobrađeno" pos="X">neobrađeno</wf>
         <wf lemma="." pos="X">.</wf>
      </sentence>
      <sentence id="d000.s4190" source="wordnet-croatian">
         <wf lemma="Fakultet" pos="X">Fakultet</wf>
         <wf lemma="je" pos="X">je</wf>
         <wf lemma="dodijelio" pos="X">dodijelio</wf>
         <wf lemma="nagrade" pos="X">nagrade</wf>
         <wf lemma="za" pos="X">za</wf>
         <instance id="d000.s4190.t000" lemma="izvrsnost" pos="NOUN">izvrsnost</instance>
         <wf lemma="u" pos="X">u</wf>
         <wf lemma="studiju" pos="X">studiju</wf>
         <wf lemma="." pos="X">.</wf>
      </sentence>
      <sentence id="d000.s4191" source="wordnet-croatian">
         <wf lemma="Benzinski" pos="X">Benzinski</wf>
         <wf lemma="se" pos="X">se</wf>
         <instance id="d000.s4191.t000" lemma="motor" pos="NOUN">motori</instance>
         <wf lemma="razlikuju" pos="X">razlikuju</wf>
         <wf lemma="od" pos="X">od</wf>
         <wf lemma="dizelskih" pos="X">dizelskih</wf>
         <wf lemma="u" pos="X">u</wf>
         <wf lemma="sustavu" pos="X">sustavu</wf>
         <wf lemma="goriva" pos="X">goriva</wf>
         <wf lemma="i" pos="X">i</wf>
         <wf lemma="njegova" pos="X">njegova</wf>
         <wf lemma="paljenja" pos="X">paljenja</wf>
         <wf lemma="." pos="X">.</wf>
      </sentence>
      <sentence id="d000.s4192" source="wordnet-croatian">
         <wf lemma="Svi" pos="X">Svi</wf>
         <wf lemma="su" pos="X">su</wf>
         <wf lemma="muškarci" pos="X">muškarci</wf>
         <wf lemma="padali" pos="X">padali</wf>
         <wf lemma="pod" pos="X">pod</wf>
         <wf lemma="utjecaj" pos="X">utjecaj</wf>
         <wf lemma="njezine" pos="X">njezine</wf>
         <instance id="d000.s4192.t000" lemma="vanjština" pos="NOUN">vanjštine</instance>
         <wf lemma="," pos="X">,</wf>
         <wf lemma="no" pos="X">no</wf>
         <wf lemma="ostavljali" pos="X">ostavljali</wf>
         <wf lemma="bi" pos="X">bi</wf>
         <wf lemma="je" pos="X">je</wf>
         <wf lemma="čim" pos="X">čim</wf>
         <wf lemma="bi" pos="X">bi</wf>
         <wf lemma="upoznali" pos="X">upoznali</wf>
         <wf lemma="njezinu" pos="X">njezinu</wf>
         <wf lemma="tešku" pos="X">tešku</wf>
         <wf lemma="narav" pos="X">narav</wf>
         <wf lemma="." pos="X">.</wf>
      </sentence>
      <sentence id="d000.s4193" source="wordnet-croatian">
         <instance id="d000.s4193.t000" lemma="spust" pos="NOUN">Spust</instance>
         <wf lemma="niz" pos="X">niz</wf>
         <wf lemma="planinu" pos="X">planinu</wf>
         <wf lemma="bio" pos="X">bio</wf>
         <wf lemma="je" pos="X">je</wf>
         <wf lemma="zahtjevan" pos="X">zahtjevan</wf>
         <wf lemma="." pos="X">.</wf>
      </sentence>
      <sentence id="d000.s4194" source="wordnet-croatian">
         <wf lemma="Crtanje" pos="X">Crtanje</wf>
         <wf lemma="je" pos="X">je</wf>
         <wf lemma="metoda" pos="X">metoda</wf>
         <instance id="d000.s4194.t000" lemma="simbolizacija" pos="NOUN">simbolizacije</instance>
         <wf lemma="vizualne" pos="X">vizualne</wf>
         <wf lemma="svijesti" pos="X">svijesti</wf>
         <wf lemma="." pos="X">.</wf>
      </sentence>
      <sentence id="d000.s4195" source="wordnet-croatian">
         <wf lemma="Svi" pos="X">Svi</wf>
         <instance id="d000.s4195.t000" lemma="pokazatelj" pos="NOUN">pokazatelji</instance>
         <wf lemma="ozbiljne" pos="X">ozbiljne</wf>
         <wf lemma="mentalne" pos="X">mentalne</wf>
         <wf lemma="bolesti" pos="X">bolesti</wf>
         <wf lemma="prisutni" pos="X">prisutni</wf>
         <wf lemma="su" pos="X">su</wf>
         <wf lemma="u" pos="X">u</wf>
         <wf lemma="njegovoj" pos="X">njegovoj</wf>
         <wf lemma="dijagnozi" pos="X">dijagnozi</wf>
         <wf lemma="." pos="X">.</wf>
      </sentence>
      <sentence id="d000.s4196" source="wordnet-croatian">
         <wf lemma="Nikako" pos="X">Nikako</wf>
         <wf lemma="nisu" pos="X">nisu</wf>
         <wf lemma="mogli" pos="X">mogli</wf>
         <wf lemma="postići" pos="X">postići</wf>
         <instance id="d000.s4196.t000" lemma="podudaranje" pos="NOUN">podudaranje</instance>
         <wf lemma="teorije" pos="X">teorije</wf>
         <wf lemma="i" pos="X">i</wf>
         <wf lemma="prakse" pos="X">prakse</wf>
         <wf lemma="." pos="X">.</wf>
      </sentence>
      <sentence id="d000.s4197" source="wordnet-croatian">
         <instance id="d000.s4197.t000" lemma="proslava" pos="NOUN">Proslavu</instance>
         <wf lemma="godišnjice" pos="X">godišnjice</wf>
         <wf lemma="braka" pos="X">braka</wf>
         <wf lemma="obilježili" pos="X">obilježili</wf>
         <wf lemma="su" pos="X">su</wf>
         <wf lemma="obnovom" pos="X">obnovom</wf>
         <wf lemma="zavjeta" pos="X">zavjeta</wf>
         <wf lemma="." pos="X">.</wf>
      </sentence>
      <sentence id="d000.s4198" source="wordnet-croatian">
         <wf lemma="Svakog" pos="X">Svakog</wf>
         <wf lemma="bi" pos="X">bi</wf>
         <wf lemma="jutra" pos="X">jutra</wf>
         <wf lemma="pročitala" pos="X">pročitala</wf>
         <wf lemma="sve" pos="X">sve</wf>
         <instance id="d000.s4198.t000" lemma="zanimljivost" pos="NOUN">zanimljivosti</instance>
         <wf lemma="u" pos="X">u</wf>
         <wf lemma="novinama" pos="X">novinama</wf>
         <wf lemma="." pos="X">.</wf>
      </sentence>
      <sentence id="d000.s4199" source="wordnet-croatian">
         <wf lemma="Dobila" pos="X">Dobila</wf>
         <wf lemma="je" pos="X">je</wf>
         <wf lemma="posao" pos="X">posao</wf>
         <wf lemma="zahvaljujući" pos="X">zahvaljujući</wf>
         <wf lemma="svojim" pos="X">svojim</wf>
         <instance id="d000.s4199.t000" lemma="sposobnost" pos="NOUN">sposobnostima</instance>
         <wf lemma="." pos="X">.</wf>
      </sentence>
      <sentence id="d000.s4200" source="wordnet-croatian">
         <wf lemma="Pao" pos="X">Pao</wf>
         <wf lemma="je" pos="X">je</wf>
         <wf lemma="u" pos="X">u</wf>
         <wf lemma="nesvjest" pos="X">nesvjest</wf>
         <wf lemma="nakon" pos="X">nakon</wf>
         <instance id="d000.s4200.t000" lemma="udarac" pos="NOUN">udarca</instance>
         <wf lemma="u" pos="X">u</wf>
         <wf lemma="glavu" pos="X">glavu</wf>
         <wf lemma="." pos="X">.</wf>
      </sentence>
      <sentence id="d000.s4201" source="wordnet-croatian">
         <instance id="d000.s4201.t000" lemma="rasprostranjenost" pos="NOUN">Rasprostranjenost</instance>
         <wf lemma="velebitske" pos="X">velebitske</wf>
         <wf lemma="degenije" pos="X">degenije</wf>
         <wf lemma="svela" pos="X">svela</wf>
         <wf lemma="se" pos="X">se</wf>
         <wf lemma="na" pos="X">na</wf>
         <wf lemma="samo" pos="X">samo</wf>
         <wf lemma="tri" pos="X">tri</wf>
         <wf lemma="područja" pos="X">područja</wf>
         <wf lemma="na" pos="X">na</wf>
         <wf lemma="Velebitu" pos="X">Velebitu</wf>
         <wf lemma="." pos="X">.</wf>
      </sentence>
      <sentence id="d000.s4202" source="wordnet-croatian">
         <instance id="d000.s4202.t000" lemma="visinomjer" pos="NOUN">Visinomjer</instance>
         <wf lemma="mjeri" pos="X">mjeri</wf>
         <wf lemma="visinu" pos="X">visinu</wf>
         <wf lemma="leta" pos="X">leta</wf>
         <wf lemma="zrakoplova" pos="X">zrakoplova</wf>
         <wf lemma="." pos="X">.</wf>
      </sentence>
      <sentence id="d000.s4203" source="wordnet-croatian">
         <wf lemma="Silovanje" pos="X">Silovanje</wf>
         <wf lemma="je" pos="X">je</wf>
         <instance id="d000.s4203.t000" lemma="nečovječan" pos="ADJ">nečovječan</instance>
         <wf lemma="čin" pos="X">čin</wf>
         <wf lemma="." pos="X">.</wf>
      </sentence>
      <sentence id="d000.s4204" source="wordnet-croatian">
         <wf lemma="Bila" pos="X">Bila</wf>
         <wf lemma="je" pos="X">je</wf>
         <wf lemma="alergična" pos="X">alergična</wf>
         <wf lemma="na" pos="X">na</wf>
         <wf lemma="kredu" pos="X">kredu</wf>
         <wf lemma="pa" pos="X">pa</wf>
         <wf lemma="je" pos="X">je</wf>
         <wf lemma="izbjegavala" pos="X">izbjegavala</wf>
         <wf lemma="pisanje" pos="X">pisanje</wf>
         <wf lemma="po" pos="X">po</wf>
         <instance id="d000.s4204.t000" lemma="ploča" pos="NOUN">ploči</instance>
         <wf lemma="." pos="X">.</wf>
      </sentence>
      <sentence id="d000.s4205" source="wordnet-croatian">
         <wf lemma="Malo" pos="X">Malo</wf>
         <instance id="d000.s4205.t000" lemma="poduzetništvo" pos="NOUN">poduzetništvo</instance>
         <wf lemma="sve" pos="X">sve</wf>
         <wf lemma="se" pos="X">se</wf>
         <wf lemma="više" pos="X">više</wf>
         <wf lemma="razvija" pos="X">razvija</wf>
         <wf lemma="." pos="X">.</wf>
      </sentence>
      <sentence id="d000.s4206" source="wordnet-croatian">
         <instance id="d000.s4206.t000" lemma="kolonijalizam" pos="NOUN">Kolonijalizam</instance>
         <wf lemma="je" pos="X">je</wf>
         <wf lemma="svoj" pos="X">svoj</wf>
         <wf lemma="procvat" pos="X">procvat</wf>
         <wf lemma="doživio" pos="X">doživio</wf>
         <wf lemma="nakon" pos="X">nakon</wf>
         <wf lemma="velikih" pos="X">velikih</wf>
         <wf lemma="geografskih" pos="X">geografskih</wf>
         <wf lemma="otkrića" pos="X">otkrića</wf>
         <wf lemma="." pos="X">.</wf>
      </sentence>
      <sentence id="d000.s4207" source="wordnet-croatian">
         <instance id="d000.s4207.t000" lemma="nepokretnost" pos="NOUN">Nepokretnost</instance>
         <wf lemma="nakon" pos="X">nakon</wf>
         <wf lemma="nesreće" pos="X">nesreće</wf>
         <wf lemma="nije" pos="X">nije</wf>
         <wf lemma="ju" pos="X">ju</wf>
         <wf lemma="slomila" pos="X">slomila</wf>
         <wf lemma="," pos="X">,</wf>
         <wf lemma="samo" pos="X">samo</wf>
         <wf lemma="joj" pos="X">joj</wf>
         <wf lemma="je" pos="X">je</wf>
         <wf lemma="udahnula" pos="X">udahnula</wf>
         <wf lemma="još" pos="X">još</wf>
         <wf lemma="veću" pos="X">veću</wf>
         <wf lemma="želju" pos="X">želju</wf>
         <wf lemma="za" pos="X">za</wf>
         <wf lemma="životom" pos="X">životom</wf>
         <wf lemma="." pos="X">.</wf>
      </sentence>
      <sentence id="d000.s4208" source="wordnet-croatian">
         <instance id="d000.s4208.t000" lemma="podijeliti" pos="VERB">Podijelili</instance>
         <wf lemma="smo" pos="X">smo</wf>
         <wf lemma="tortu" pos="X">tortu</wf>
         <wf lemma="." pos="X">.</wf>
      </sentence>
      <sentence id="d000.s4209" source="wordnet-croatian">
         <wf lemma="Najudobnije" pos="X">Najudobnije</wf>
         <wf lemma="se" pos="X">se</wf>
         <wf lemma="osjećala" pos="X">osjećala</wf>
         <wf lemma="u" pos="X">u</wf>
         <wf lemma="širokim" pos="X">širokim</wf>
         <wf lemma="sportskim" pos="X">sportskim</wf>
         <instance id="d000.s4209.t000" lemma="majica" pos="NOUN">majicama</instance>
         <wf lemma="." pos="X">.</wf>
      </sentence>
      <sentence id="d000.s4210" source="wordnet-croatian">
         <instance id="d000.s4210.t000" lemma="plakat" pos="NOUN">Plakat</instance>
         <wf lemma="je" pos="X">je</wf>
         <wf lemma="moćno" pos="X">moćno</wf>
         <wf lemma="oružje" pos="X">oružje</wf>
         <wf lemma="reklamne" pos="X">reklamne</wf>
         <wf lemma="industrije" pos="X">industrije</wf>
         <wf lemma="." pos="X">.</wf>
      </sentence>
      <sentence id="d000.s4211" source="wordnet-croatian">
         <wf lemma="Najbitnije" pos="X">Najbitnije</wf>
         <wf lemma="je" pos="X">je</wf>
         <wf lemma="uputiti" pos="X">uputiti</wf>
         <wf lemma="na" pos="X">na</wf>
         <instance id="d000.s4211.t000" lemma="poveznica" pos="NOUN">poveznice</instance>
         <wf lemma="njegova" pos="X">njegova</wf>
         <wf lemma="djela" pos="X">djela</wf>
         <wf lemma="s" pos="X">s</wf>
         <wf lemma="Proustovim" pos="X">Proustovim</wf>
         <wf lemma="." pos="X">.</wf>
      </sentence>
      <sentence id="d000.s4212" source="wordnet-croatian">
         <wf lemma="Znao" pos="X">Znao</wf>
         <wf lemma="sam" pos="X">sam</wf>
         <wf lemma="njegovo" pos="X">njegovo</wf>
         <wf lemma="ime" pos="X">ime</wf>
         <wf lemma="," pos="X">,</wf>
         <wf lemma="no" pos="X">no</wf>
         <wf lemma="u" pos="X">u</wf>
         <wf lemma="tom" pos="X">tom</wf>
         <wf lemma="sam" pos="X">sam</wf>
         <wf lemma="trenutku" pos="X">trenutku</wf>
         <wf lemma="imao" pos="X">imao</wf>
         <instance id="d000.s4212.t000" lemma="blokada" pos="NOUN">blokadu</instance>
         <wf lemma="." pos="X">.</wf>
      </sentence>
      <sentence id="d000.s4213" source="wordnet-croatian">
         <wf lemma="Zastava" pos="X">Zastava</wf>
         <wf lemma="Ujedinjenog" pos="X">Ujedinjenog</wf>
         <wf lemma="Kraljevstva" pos="X">Kraljevstva</wf>
         <wf lemma="pojavljuje" pos="X">pojavljuje</wf>
         <wf lemma="se" pos="X">se</wf>
         <wf lemma="kao" pos="X">kao</wf>
         <instance id="d000.s4213.t000" lemma="unija" pos="NOUN">unija</instance>
         <wf lemma="na" pos="X">na</wf>
         <wf lemma="zastavama" pos="X">zastavama</wf>
         <wf lemma="britanskih" pos="X">britanskih</wf>
         <wf lemma="prekomorskih" pos="X">prekomorskih</wf>
         <wf lemma="teritorija" pos="X">teritorija</wf>
         <wf lemma="i" pos="X">i</wf>
         <wf lemma="nekih" pos="X">nekih</wf>
         <wf lemma="bivših" pos="X">bivših</wf>
         <wf lemma="kolonija" pos="X">kolonija</wf>
         <wf lemma="." pos="X">.</wf>
      </sentence>
      <sentence id="d000.s4214" source="wordnet-croatian">
         <wf lemma="Policija" pos="X">Policija</wf>
         <wf lemma="je" pos="X">je</wf>
         <wf lemma="zadužena" pos="X">zadužena</wf>
         <wf lemma="za" pos="X">za</wf>
         <wf lemma="očuvanje" pos="X">očuvanje</wf>
         <wf lemma="javnog" pos="X">javnog</wf>
         <instance id="d000.s4214.t000" lemma="red" pos="NOUN">reda</instance>
         <wf lemma="." pos="X">.</wf>
      </sentence>
      <sentence id="d000.s4215" source="wordnet-croatian">
         <wf lemma="Časnik" pos="X">Časnik</wf>
         <wf lemma="je" pos="X">je</wf>
         <wf lemma="glasno" pos="X">glasno</wf>
         <instance id="d000.s4215.t000" lemma="prozivati" pos="VERB">prozivao</instance>
         <wf lemma="imena" pos="X">imena</wf>
         <wf lemma="vojnika" pos="X">vojnika</wf>
         <wf lemma="." pos="X">.</wf>
      </sentence>
      <sentence id="d000.s4216" source="wordnet-croatian">
         <wf lemma="Kapacitet" pos="X">Kapacitet</wf>
         <instance id="d000.s4216.t000" lemma="kapaljka" pos="NOUN">kapaljke</instance>
         <wf lemma="obično" pos="X">obično</wf>
         <wf lemma="iznosi" pos="X">iznosi</wf>
         <wf lemma="od" pos="X">od</wf>
         <wf lemma="1" pos="X">1</wf>
         <wf lemma="do" pos="X">do</wf>
         <wf lemma="2" pos="X">2</wf>
         <wf lemma="ml." pos="X">ml.</wf>
      </sentence>
      <sentence id="d000.s4217" source="wordnet-croatian">
         <wf lemma="Na" pos="X">Na</wf>
         <wf lemma="haljini" pos="X">haljini</wf>
         <wf lemma="su" pos="X">su</wf>
         <wf lemma="potrebne" pos="X">potrebne</wf>
         <wf lemma="neke" pos="X">neke</wf>
         <instance id="d000.s4217.t000" lemma="izmjena" pos="NOUN">izmjene</instance>
         <wf lemma="ako" pos="X">ako</wf>
         <wf lemma="je" pos="X">je</wf>
         <wf lemma="želite" pos="X">želite</wf>
         <wf lemma="nositi" pos="X">nositi</wf>
         <wf lemma="u" pos="X">u</wf>
         <wf lemma="javnosti" pos="X">javnosti</wf>
         <wf lemma="." pos="X">.</wf>
      </sentence>
      <sentence id="d000.s4218" source="wordnet-croatian">
         <wf lemma="Ili" pos="X">Ili</wf>
         <wf lemma="pokaži" pos="X">pokaži</wf>
         <instance id="d000.s4218.t000" lemma="dokaz" pos="NOUN">dokaze</instance>
         <wf lemma="koji" pos="X">koji</wf>
         <wf lemma="potvrđuju" pos="X">potvrđuju</wf>
         <wf lemma="tvoje" pos="X">tvoje</wf>
         <wf lemma="navode" pos="X">navode</wf>
         <wf lemma="ili" pos="X">ili</wf>
         <wf lemma="me" pos="X">me</wf>
         <wf lemma="prestani" pos="X">prestani</wf>
         <wf lemma="optuživati" pos="X">optuživati</wf>
         <wf lemma="." pos="X">.</wf>
      </sentence>
      <sentence id="d000.s4219" source="wordnet-croatian">
         <wf lemma="Šumari" pos="X">Šumari</wf>
         <wf lemma="su" pos="X">su</wf>
         <instance id="d000.s4219.t000" lemma="raščistiti" pos="VERB">raščistili</instance>
         <wf lemma="šumski" pos="X">šumski</wf>
         <wf lemma="put" pos="X">put</wf>
         <wf lemma="od" pos="X">od</wf>
         <wf lemma="napadalog" pos="X">napadalog</wf>
         <wf lemma="granja" pos="X">granja</wf>
         <wf lemma="." pos="X">.</wf>
      </sentence>
      <sentence id="d000.s4220" source="wordnet-croatian">
         <wf lemma="Roditelji" pos="X">Roditelji</wf>
         <wf lemma="su" pos="X">su</wf>
         <wf lemma="na" pos="X">na</wf>
         <wf lemma="sav" pos="X">sav</wf>
         <wf lemma="glas" pos="X">glas</wf>
         <instance id="d000.s4220.t000" lemma="hvaliti" pos="VERB">hvalili</instance>
         <wf lemma="uspjehe" pos="X">uspjehe</wf>
         <wf lemma="svoga" pos="X">svoga</wf>
         <wf lemma="sina" pos="X">sina</wf>
         <wf lemma="jedinca" pos="X">jedinca</wf>
         <wf lemma="." pos="X">.</wf>
      </sentence>
      <sentence id="d000.s4221" source="wordnet-croatian">
         <wf lemma="Skladna" pos="X">Skladna</wf>
         <instance id="d000.s4221.t000" lemma="kompozicija" pos="NOUN">kompozicija</instance>
         <wf lemma="temelj" pos="X">temelj</wf>
         <wf lemma="je" pos="X">je</wf>
         <wf lemma="umjetničkoga" pos="X">umjetničkoga</wf>
         <wf lemma="djela" pos="X">djela</wf>
         <wf lemma="." pos="X">.</wf>
      </sentence>
      <sentence id="d000.s4222" source="wordnet-croatian">
         <instance id="d000.s4222.t000" lemma="pridružiti" pos="VERB">Pridružio</instance>
         <wf lemma="sam" pos="X">sam</wf>
         <wf lemma="se" pos="X">se</wf>
         <wf lemma="najnovijem" pos="X">najnovijem</wf>
         <wf lemma="pokretu" pos="X">pokretu</wf>
         <wf lemma="za" pos="X">za</wf>
         <wf lemma="mir" pos="X">mir</wf>
         <wf lemma="u" pos="X">u</wf>
         <wf lemma="svijetu" pos="X">svijetu</wf>
         <wf lemma="." pos="X">.</wf>
      </sentence>
      <sentence id="d000.s4223" source="wordnet-croatian">
         <wf lemma="Ljepota" pos="X">Ljepota</wf>
         <wf lemma="konja" pos="X">konja</wf>
         <wf lemma="dodatno" pos="X">dodatno</wf>
         <wf lemma="se" pos="X">se</wf>
         <wf lemma="ističe" pos="X">ističe</wf>
         <wf lemma="kada" pos="X">kada</wf>
         <wf lemma="ga" pos="X">ga</wf>
         <wf lemma="se" pos="X">se</wf>
         <wf lemma="zaodjene" pos="X">zaodjene</wf>
         <wf lemma="u" pos="X">u</wf>
         <wf lemma="svečanu" pos="X">svečanu</wf>
         <instance id="d000.s4223.t000" lemma="orma" pos="NOUN">ormu</instance>
         <wf lemma="." pos="X">.</wf>
      </sentence>
      <sentence id="d000.s4224" source="wordnet-croatian">
         <instance id="d000.s4224.t000" lemma="odgojitelj" pos="NOUN">Odgojitelji</instance>
         <wf lemma="imaju" pos="X">imaju</wf>
         <wf lemma="važnu" pos="X">važnu</wf>
         <wf lemma="ulogu" pos="X">ulogu</wf>
         <wf lemma="u" pos="X">u</wf>
         <wf lemma="životu" pos="X">životu</wf>
         <wf lemma="mališana" pos="X">mališana</wf>
         <wf lemma="." pos="X">.</wf>
      </sentence>
      <sentence id="d000.s4225" source="wordnet-croatian">
         <wf lemma="Kinin" pos="X">Kinin</wf>
         <wf lemma="je" pos="X">je</wf>
         <wf lemma="lijek" pos="X">lijek</wf>
         <wf lemma="koji" pos="X">koji</wf>
         <wf lemma="je" pos="X">je</wf>
         <instance id="d000.s4225.t000" lemma="specifičan" pos="ADJ">specifičan</instance>
         <wf lemma="za" pos="X">za</wf>
         <wf lemma="malariju" pos="X">malariju</wf>
         <wf lemma="." pos="X">.</wf>
      </sentence>
      <sentence id="d000.s4226" source="wordnet-croatian">
         <wf lemma="Kroz" pos="X">Kroz</wf>
         <instance id="d000.s4226.t000" lemma="glazba" pos="NOUN">glazbu</instance>
         <wf lemma="je" pos="X">je</wf>
         <wf lemma="mogao" pos="X">mogao</wf>
         <wf lemma="najbolje" pos="X">najbolje</wf>
         <wf lemma="izraziti" pos="X">izraziti</wf>
         <wf lemma="svoja" pos="X">svoja</wf>
         <wf lemma="nemirna" pos="X">nemirna</wf>
         <wf lemma="unutrašnja" pos="X">unutrašnja</wf>
         <wf lemma="stanja" pos="X">stanja</wf>
         <wf lemma="." pos="X">.</wf>
      </sentence>
      <sentence id="d000.s4227" source="wordnet-croatian">
         <wf lemma="Njegov" pos="X">Njegov</wf>
         <wf lemma="zanat" pos="X">zanat</wf>
         <wf lemma="bilo" pos="X">bilo</wf>
         <wf lemma="je" pos="X">je</wf>
         <wf lemma="obijanje" pos="X">obijanje</wf>
         <instance id="d000.s4227.t000" lemma="bravo" pos="NOUN">brava</instance>
         <wf lemma="." pos="X">.</wf>
      </sentence>
      <sentence id="d000.s4228" source="wordnet-croatian">
         <wf lemma="Zidovi" pos="X">Zidovi</wf>
         <wf lemma="kafića" pos="X">kafića</wf>
         <wf lemma="bili" pos="X">bili</wf>
         <wf lemma="s" pos="X">s</wf>
         <wf lemma="prepuni" pos="X">prepuni</wf>
         <wf lemma="gramofonskih" pos="X">gramofonskih</wf>
         <instance id="d000.s4228.t000" lemma="ploča" pos="NOUN">ploča</instance>
         <wf lemma="." pos="X">.</wf>
      </sentence>
      <sentence id="d000.s4229" source="wordnet-croatian">
         <instance id="d000.s4229.t000" lemma="svibanj" pos="NOUN">Svibanj</instance>
         <wf lemma="je" pos="X">je</wf>
         <wf lemma="dobio" pos="X">dobio</wf>
         <wf lemma="ime" pos="X">ime</wf>
         <wf lemma="po" pos="X">po</wf>
         <wf lemma="biljci" pos="X">biljci</wf>
         <wf lemma="svibu" pos="X">svibu</wf>
         <wf lemma="." pos="X">.</wf>
      </sentence>
      <sentence id="d000.s4230" source="wordnet-croatian">
         <wf lemma="Preporučljivo" pos="X">Preporučljivo</wf>
         <wf lemma="je" pos="X">je</wf>
         <wf lemma="mijenjati" pos="X">mijenjati</wf>
         <instance id="d000.s4230.t000" lemma="madrac" pos="NOUN">madrac</instance>
         <wf lemma="svakih" pos="X">svakih</wf>
         <wf lemma="pet" pos="X">pet</wf>
         <wf lemma="do" pos="X">do</wf>
         <wf lemma="deset" pos="X">deset</wf>
         <wf lemma="godina" pos="X">godina</wf>
         <wf lemma="." pos="X">.</wf>
      </sentence>
      <sentence id="d000.s4231" source="wordnet-croatian">
         <instance id="d000.s4231.t000" lemma="volja" pos="NOUN">Volja</instance>
         <wf lemma="naroda" pos="X">naroda</wf>
         <wf lemma="odlučit" pos="X">odlučit</wf>
         <wf lemma="će" pos="X">će</wf>
         <wf lemma="o" pos="X">o</wf>
         <wf lemma="pobjedniku" pos="X">pobjedniku</wf>
         <wf lemma="na" pos="X">na</wf>
         <wf lemma="izborima" pos="X">izborima</wf>
         <wf lemma="." pos="X">.</wf>
      </sentence>
      <sentence id="d000.s4232" source="wordnet-croatian">
         <instance id="d000.s4232.t000" lemma="krenuti" pos="VERB">Krenite</instance>
         <wf lemma="s" pos="X">s</wf>
         <wf lemma="izlaganjem" pos="X">izlaganjem</wf>
         <wf lemma="čim" pos="X">čim</wf>
         <wf lemma="se" pos="X">se</wf>
         <wf lemma="okupe" pos="X">okupe</wf>
         <wf lemma="slušači" pos="X">slušači</wf>
         <wf lemma="." pos="X">.</wf>
      </sentence>
      <sentence id="d000.s4233" source="wordnet-croatian">
         <wf lemma="Nisu" pos="X">Nisu</wf>
         <wf lemma="imali" pos="X">imali</wf>
         <wf lemma="struje" pos="X">struje</wf>
         <wf lemma="dva" pos="X">dva</wf>
         <wf lemma="dana" pos="X">dana</wf>
         <wf lemma="i" pos="X">i</wf>
         <wf lemma="pokvarila" pos="X">pokvarila</wf>
         <wf lemma="im" pos="X">im</wf>
         <wf lemma="se" pos="X">se</wf>
         <wf lemma="sva" pos="X">sva</wf>
         <wf lemma="hrana" pos="X">hrana</wf>
         <wf lemma="u" pos="X">u</wf>
         <instance id="d000.s4233.t000" lemma="frižider" pos="NOUN">frižideru</instance>
         <wf lemma="." pos="X">.</wf>
      </sentence>
      <sentence id="d000.s4234" source="wordnet-croatian">
         <instance id="d000.s4234.t000" lemma="prigušivač" pos="NOUN">Prigušivači</instance>
         <wf lemma="zvuka" pos="X">zvuka</wf>
         <wf lemma="stavljaju" pos="X">stavljaju</wf>
         <wf lemma="se" pos="X">se</wf>
         <wf lemma="u" pos="X">u</wf>
         <wf lemma="klimatizirane" pos="X">klimatizirane</wf>
         <wf lemma="i" pos="X">i</wf>
         <wf lemma="ventilirane" pos="X">ventilirane</wf>
         <wf lemma="prostorije" pos="X">prostorije</wf>
         <wf lemma="za" pos="X">za</wf>
         <wf lemma="smanjenje" pos="X">smanjenje</wf>
         <wf lemma="buke" pos="X">buke</wf>
         <wf lemma="." pos="X">.</wf>
      </sentence>
      <sentence id="d000.s4235" source="wordnet-croatian">
         <wf lemma="Bio" pos="X">Bio</wf>
         <wf lemma="je" pos="X">je</wf>
         <wf lemma="potpuno" pos="X">potpuno</wf>
         <instance id="d000.s4235.t000" lemma="nemoćan" pos="ADJ">nemoćan</instance>
         <wf lemma="pred" pos="X">pred</wf>
         <wf lemma="njezinim" pos="X">njezinim</wf>
         <wf lemma="pogledom" pos="X">pogledom</wf>
         <wf lemma="." pos="X">.</wf>
      </sentence>
      <sentence id="d000.s4236" source="wordnet-croatian">
         <wf lemma="Za" pos="X">Za</wf>
         <wf lemma="teški" pos="X">teški</wf>
         <wf lemma="ispit" pos="X">ispit</wf>
         <wf lemma="moraš" pos="X">moraš</wf>
         <wf lemma="se" pos="X">se</wf>
         <instance id="d000.s4236.t000" lemma="prirediti" pos="VERB">prirediti</instance>
         <wf lemma="više" pos="X">više</wf>
         <wf lemma="nego" pos="X">nego</wf>
         <wf lemma="za" pos="X">za</wf>
         <wf lemma="lagan" pos="X">lagan</wf>
         <wf lemma="." pos="X">.</wf>
      </sentence>
      <sentence id="d000.s4237" source="wordnet-croatian">
         <wf lemma="Glavni" pos="X">Glavni</wf>
         <instance id="d000.s4237.t000" lemma="suparnik" pos="NOUN">suparnik</instance>
         <wf lemma="Kennedyju" pos="X">Kennedyju</wf>
         <wf lemma="bio" pos="X">bio</wf>
         <wf lemma="je" pos="X">je</wf>
         <wf lemma="Nixon" pos="X">Nixon</wf>
         <wf lemma="." pos="X">.</wf>
      </sentence>
      <sentence id="d000.s4238" source="wordnet-croatian">
         <wf lemma="Odvezao" pos="X">Odvezao</wf>
         <wf lemma="mu" pos="X">mu</wf>
         <wf lemma="se" pos="X">se</wf>
         <instance id="d000.s4238.t000" lemma="žniranac" pos="NOUN">žniranac</instance>
         <wf lemma="na" pos="X">na</wf>
         <wf lemma="cipeli" pos="X">cipeli</wf>
         <wf lemma="pa" pos="X">pa</wf>
         <wf lemma="se" pos="X">se</wf>
         <wf lemma="sagnuo" pos="X">sagnuo</wf>
         <wf lemma="da" pos="X">da</wf>
         <wf lemma="ga" pos="X">ga</wf>
         <wf lemma="ponovno" pos="X">ponovno</wf>
         <wf lemma="zaveže" pos="X">zaveže</wf>
         <wf lemma="." pos="X">.</wf>
      </sentence>
      <sentence id="d000.s4239" source="wordnet-croatian">
         <wf lemma="Tek" pos="X">Tek</wf>
         <wf lemma="će" pos="X">će</wf>
         <wf lemma="ga" pos="X">ga</wf>
         <instance id="d000.s4239.t000" lemma="budući" pos="ADJ">budući</instance>
         <wf lemma="naraštaji" pos="X">naraštaji</wf>
         <wf lemma="moći" pos="X">moći</wf>
         <wf lemma="objektivno" pos="X">objektivno</wf>
         <wf lemma="vrednovati" pos="X">vrednovati</wf>
         <wf lemma="." pos="X">.</wf>
      </sentence>
      <sentence id="d000.s4240" source="wordnet-croatian">
         <instance id="d000.s4240.t000" lemma="postaviti" pos="VERB">Postavi</instance>
         <wf lemma="pravila" pos="X">pravila</wf>
         <wf lemma="koja" pos="X">koja</wf>
         <wf lemma="će" pos="X">će</wf>
         <wf lemma="svi" pos="X">svi</wf>
         <wf lemma="slijediti" pos="X">slijediti</wf>
         <wf lemma="." pos="X">.</wf>
      </sentence>
      <sentence id="d000.s4241" source="wordnet-croatian">
         <wf lemma="Nije" pos="X">Nije</wf>
         <wf lemma="dobro" pos="X">dobro</wf>
         <instance id="d000.s4241.t000" lemma="odugovlačiti" pos="VERB">odugovlačiti</instance>
         <wf lemma="s" pos="X">s</wf>
         <wf lemma="učenjem" pos="X">učenjem</wf>
         <wf lemma="za" pos="X">za</wf>
         <wf lemma="ispite" pos="X">ispite</wf>
         <wf lemma="." pos="X">.</wf>
      </sentence>
      <sentence id="d000.s4242" source="wordnet-croatian">
         <wf lemma="Dobrotvora" pos="X">Dobrotvora</wf>
         <wf lemma="kojima" pos="X">kojima</wf>
         <wf lemma="se" pos="X">se</wf>
         <wf lemma="pristupa" pos="X">pristupa</wf>
         <wf lemma="s" pos="X">s</wf>
         <instance id="d000.s4242.t000" lemma="vizitkarta" pos="NOUN">vizitkartama</instance>
         <wf lemma="treba" pos="X">treba</wf>
         <wf lemma="se" pos="X">se</wf>
         <wf lemma="kloniti" pos="X">kloniti</wf>
         <wf lemma="." pos="X">.</wf>
      </sentence>
      <sentence id="d000.s4243" source="wordnet-croatian">
         <wf lemma="Na" pos="X">Na</wf>
         <wf lemma="um" pos="X">um</wf>
         <wf lemma="mi" pos="X">mi</wf>
         <wf lemma="je" pos="X">je</wf>
         <wf lemma="pala" pos="X">pala</wf>
         <wf lemma="odlična" pos="X">odlična</wf>
         <instance id="d000.s4243.t000" lemma="ideja" pos="NOUN">ideja</instance>
         <wf lemma="." pos="X">.</wf>
      </sentence>
      <sentence id="d000.s4244" source="wordnet-croatian">
         <wf lemma="'" pos="X">'</wf>
         <wf lemma="'" pos="X">'</wf>
         <wf lemma="Stolni" pos="X">Stolni</wf>
         <wf lemma="'" pos="X">'</wf>
         <wf lemma="'" pos="X">'</wf>
         <wf lemma="je" pos="X">je</wf>
         <instance id="d000.s4244.t000" lemma="izvedenica" pos="NOUN">izvedenica</instance>
         <wf lemma="od" pos="X">od</wf>
         <wf lemma="'" pos="X">'</wf>
         <wf lemma="'" pos="X">'</wf>
         <wf lemma="stol" pos="X">stol</wf>
         <wf lemma="'" pos="X">'</wf>
         <wf lemma="'" pos="X">'</wf>
         <wf lemma="." pos="X">.</wf>
      </sentence>
      <sentence id="d000.s4245" source="wordnet-croatian">
         <wf lemma="Zbog" pos="X">Zbog</wf>
         <instance id="d000.s4245.t000" lemma="neopreznost" pos="NOUN">neopreznosti</instance>
         <wf lemma="je" pos="X">je</wf>
         <wf lemma="uplatila" pos="X">uplatila</wf>
         <wf lemma="novac" pos="X">novac</wf>
         <wf lemma="na" pos="X">na</wf>
         <wf lemma="krivi" pos="X">krivi</wf>
         <wf lemma="račun" pos="X">račun</wf>
         <wf lemma="." pos="X">.</wf>
      </sentence>
      <sentence id="d000.s4246" source="wordnet-croatian">
         <instance id="d000.s4246.t000" lemma="preokrenuti" pos="VERB">Preokrenulo</instance>
         <wf lemma="se" pos="X">se</wf>
         <wf lemma="javno" pos="X">javno</wf>
         <wf lemma="mišljenje" pos="X">mišljenje</wf>
         <wf lemma="o" pos="X">o</wf>
         <wf lemma="radu" pos="X">radu</wf>
         <wf lemma="nedjeljom" pos="X">nedjeljom</wf>
         <wf lemma="." pos="X">.</wf>
      </sentence>
      <sentence id="d000.s4247" source="wordnet-croatian">
         <wf lemma="Imao" pos="X">Imao</wf>
         <wf lemma="je" pos="X">je</wf>
         <wf lemma="čudne" pos="X">čudne</wf>
         <wf lemma="odgojne" pos="X">odgojne</wf>
         <instance id="d000.s4247.t000" lemma="metoda" pos="NOUN">metode</instance>
         <wf lemma="." pos="X">.</wf>
      </sentence>
      <sentence id="d000.s4248" source="wordnet-croatian">
         <wf lemma="Za" pos="X">Za</wf>
         <instance id="d000.s4248.t000" lemma="užina" pos="NOUN">užinu</instance>
         <wf lemma="obično" pos="X">obično</wf>
         <wf lemma="jedem" pos="X">jedem</wf>
         <wf lemma="voće" pos="X">voće</wf>
         <wf lemma="." pos="X">.</wf>
      </sentence>
      <sentence id="d000.s4249" source="wordnet-croatian">
         <wf lemma="Sve" pos="X">Sve</wf>
         <wf lemma="se" pos="X">se</wf>
         <wf lemma="žene" pos="X">žene</wf>
         <wf lemma="boje" pos="X">boje</wf>
         <instance id="d000.s4249.t000" lemma="neatraktivnost" pos="NOUN">neatraktivnosti</instance>
         <wf lemma="." pos="X">.</wf>
      </sentence>
      <sentence id="d000.s4250" source="wordnet-croatian">
         <wf lemma="Bolovao" pos="X">Bolovao</wf>
         <wf lemma="je" pos="X">je</wf>
         <wf lemma="od" pos="X">od</wf>
         <instance id="d000.s4250.t000" lemma="nespecifičan" pos="ADJ">nespecifične</instance>
         <wf lemma="bolesti" pos="X">bolesti</wf>
         <wf lemma="kostiju" pos="X">kostiju</wf>
         <wf lemma="." pos="X">.</wf>
      </sentence>
      <sentence id="d000.s4251" source="wordnet-croatian">
         <wf lemma="Razvijene" pos="X">Razvijene</wf>
         <wf lemma="su" pos="X">su</wf>
         <wf lemma="brojne" pos="X">brojne</wf>
         <wf lemma="psihološke" pos="X">psihološke</wf>
         <wf lemma="metode" pos="X">metode</wf>
         <wf lemma="za" pos="X">za</wf>
         <wf lemma="otklanjanje" pos="X">otklanjanje</wf>
         <wf lemma="mentalnih" pos="X">mentalnih</wf>
         <instance id="d000.s4251.t000" lemma="blokada" pos="NOUN">blokada</instance>
         <wf lemma="." pos="X">.</wf>
      </sentence>
      <sentence id="d000.s4252" source="wordnet-croatian">
         <wf lemma="Cijela" pos="X">Cijela</wf>
         <wf lemma="je" pos="X">je</wf>
         <wf lemma="obitelj" pos="X">obitelj</wf>
         <wf lemma="došla" pos="X">došla</wf>
         <wf lemma="na" pos="X">na</wf>
         <wf lemma="rođendansko" pos="X">rođendansko</wf>
         <instance id="d000.s4252.t000" lemma="slavlje" pos="NOUN">slavlje</instance>
         <wf lemma="." pos="X">.</wf>
      </sentence>
      <sentence id="d000.s4253" source="wordnet-croatian">
         <wf lemma="Mirko" pos="X">Mirko</wf>
         <wf lemma="rado" pos="X">rado</wf>
         <instance id="d000.s4253.t000" lemma="misliti" pos="VERB">misli</instance>
         <wf lemma="o" pos="X">o</wf>
         <wf lemma="slavnim" pos="X">slavnim</wf>
         <wf lemma="Slavkovim" pos="X">Slavkovim</wf>
         <wf lemma="podvizima" pos="X">podvizima</wf>
         <wf lemma="." pos="X">.</wf>
      </sentence>
      <sentence id="d000.s4254" source="wordnet-croatian">
         <wf lemma="Zauvijek" pos="X">Zauvijek</wf>
         <wf lemma="je" pos="X">je</wf>
         <instance id="d000.s4254.t000" lemma="ostaviti" pos="VERB">ostavio</instance>
         <wf lemma="svoju" pos="X">svoju</wf>
         <wf lemma="obitelj" pos="X">obitelj</wf>
         <wf lemma="." pos="X">.</wf>
      </sentence>
      <sentence id="d000.s4255" source="wordnet-croatian">
         <wf lemma="Pukla" pos="X">Pukla</wf>
         <wf lemma="nam" pos="X">nam</wf>
         <wf lemma="je" pos="X">je</wf>
         <wf lemma="vodovodna" pos="X">vodovodna</wf>
         <instance id="d000.s4255.t000" lemma="cijev" pos="NOUN">cijev</instance>
         <wf lemma="i" pos="X">i</wf>
         <wf lemma="voda" pos="X">voda</wf>
         <wf lemma="je" pos="X">je</wf>
         <wf lemma="poplavila" pos="X">poplavila</wf>
         <wf lemma="cijelu" pos="X">cijelu</wf>
         <wf lemma="kupaonicu" pos="X">kupaonicu</wf>
         <wf lemma="." pos="X">.</wf>
      </sentence>
      <sentence id="d000.s4256" source="wordnet-croatian">
         <wf lemma="Mnoge" pos="X">Mnoge</wf>
         <wf lemma="dalmatinske" pos="X">dalmatinske</wf>
         <wf lemma="otoke" pos="X">otoke</wf>
         <wf lemma="ljudi" pos="X">ljudi</wf>
         <wf lemma="su" pos="X">su</wf>
         <wf lemma="prije" pos="X">prije</wf>
         <wf lemma="više" pos="X">više</wf>
         <instance id="d000.s4256.t000" lemma="naseljavati" pos="VERB">naseljavali</instance>
         <wf lemma="." pos="X">.</wf>
      </sentence>
      <sentence id="d000.s4257" source="wordnet-croatian">
         <wf lemma="Njegovo" pos="X">Njegovo</wf>
         <wf lemma="je" pos="X">je</wf>
         <instance id="d000.s4257.t000" lemma="pamćenje" pos="NOUN">pamćenje</instance>
         <wf lemma="dosezalo" pos="X">dosezalo</wf>
         <wf lemma="do" pos="X">do</wf>
         <wf lemma="najranijih" pos="X">najranijih</wf>
         <wf lemma="dana" pos="X">dana</wf>
         <wf lemma="njegova" pos="X">njegova</wf>
         <wf lemma="djetinjstva" pos="X">djetinjstva</wf>
         <wf lemma="." pos="X">.</wf>
      </sentence>
      <sentence id="d000.s4258" source="wordnet-croatian">
         <wf lemma="Ručno" pos="X">Ručno</wf>
         <wf lemma="je" pos="X">je</wf>
         <instance id="d000.s4258.t000" lemma="tkanje" pos="NOUN">tkanje</instance>
         <wf lemma="veoma" pos="X">veoma</wf>
         <wf lemma="zahtjevno" pos="X">zahtjevno</wf>
         <wf lemma="pa" pos="X">pa</wf>
         <wf lemma="su" pos="X">su</wf>
         <wf lemma="ručno" pos="X">ručno</wf>
         <wf lemma="tkani" pos="X">tkani</wf>
         <wf lemma="predmeti" pos="X">predmeti</wf>
         <wf lemma="obično" pos="X">obično</wf>
         <wf lemma="skupi" pos="X">skupi</wf>
         <wf lemma="." pos="X">.</wf>
      </sentence>
      <sentence id="d000.s4259" source="wordnet-croatian">
         <wf lemma="U" pos="X">U</wf>
         <wf lemma="slastičarnici" pos="X">slastičarnici</wf>
         <wf lemma="u" pos="X">u</wf>
         <wf lemma="mojemu" pos="X">mojemu</wf>
         <wf lemma="susjedstvu" pos="X">susjedstvu</wf>
         <wf lemma="imaju" pos="X">imaju</wf>
         <wf lemma="najbolji" pos="X">najbolji</wf>
         <wf lemma="sladoled" pos="X">sladoled</wf>
         <wf lemma="od" pos="X">od</wf>
         <instance id="d000.s4259.t000" lemma="borovnica" pos="NOUN">borovnica</instance>
         <wf lemma="." pos="X">.</wf>
      </sentence>
      <sentence id="d000.s4260" source="wordnet-croatian">
         <wf lemma="Okus" pos="X">Okus</wf>
         <instance id="d000.s4260.t000" lemma="korijandar" pos="NOUN">korijandra</instance>
         <wf lemma="podsjeća" pos="X">podsjeća</wf>
         <wf lemma="na" pos="X">na</wf>
         <wf lemma="limun" pos="X">limun</wf>
         <wf lemma="i" pos="X">i</wf>
         <wf lemma="kadulju" pos="X">kadulju</wf>
         <wf lemma="." pos="X">.</wf>
      </sentence>
      <sentence id="d000.s4261" source="wordnet-croatian">
         <wf lemma="Indijanci" pos="X">Indijanci</wf>
         <wf lemma="su" pos="X">su</wf>
         <wf lemma="koristili" pos="X">koristili</wf>
         <instance id="d000.s4261.t000" lemma="strijela" pos="NOUN">strijele</instance>
         <wf lemma="s" pos="X">s</wf>
         <wf lemma="otrovom" pos="X">otrovom</wf>
         <wf lemma="na" pos="X">na</wf>
         <wf lemma="vršku" pos="X">vršku</wf>
         <wf lemma="." pos="X">.</wf>
      </sentence>
      <sentence id="d000.s4262" source="wordnet-croatian">
         <instance id="d000.s4262.t000" lemma="nejasan" pos="ADJ">Nejasne</instance>
         <wf lemma="su" pos="X">su</wf>
         <wf lemma="okolnosti" pos="X">okolnosti</wf>
         <wf lemma="djetetova" pos="X">djetetova</wf>
         <wf lemma="nestanka" pos="X">nestanka</wf>
         <wf lemma="." pos="X">.</wf>
      </sentence>
      <sentence id="d000.s4263" source="wordnet-croatian">
         <wf lemma="Osnovna" pos="X">Osnovna</wf>
         <wf lemma="ideja" pos="X">ideja</wf>
         <wf lemma="eksperimenta" pos="X">eksperimenta</wf>
         <wf lemma="je" pos="X">je</wf>
         <wf lemma="postizanje" pos="X">postizanje</wf>
         <instance id="d000.s4263.t000" lemma="izboj" pos="NOUN">izboja</instance>
         <wf lemma="u" pos="X">u</wf>
         <wf lemma="plinovima" pos="X">plinovima</wf>
         <wf lemma="niskih" pos="X">niskih</wf>
         <wf lemma="tlakova" pos="X">tlakova</wf>
         <wf lemma="." pos="X">.</wf>
      </sentence>
      <sentence id="d000.s4264" source="wordnet-croatian">
         <wf lemma="SIDA" pos="X">SIDA</wf>
         <wf lemma="je" pos="X">je</wf>
         <instance id="d000.s4264.t000" lemma="ubiti" pos="VERB">ubila</instance>
         <wf lemma="milijune" pos="X">milijune</wf>
         <wf lemma="djece" pos="X">djece</wf>
         <wf lemma="u" pos="X">u</wf>
         <wf lemma="Africi" pos="X">Africi</wf>
         <wf lemma="." pos="X">.</wf>
      </sentence>
      <sentence id="d000.s4265" source="wordnet-croatian">
         <wf lemma="U" pos="X">U</wf>
         <wf lemma="svaki" pos="X">svaki</wf>
         <wf lemma="je" pos="X">je</wf>
         <wf lemma="posao" pos="X">posao</wf>
         <wf lemma="kretao" pos="X">kretao</wf>
         <wf lemma="s" pos="X">s</wf>
         <wf lemma="velikim" pos="X">velikim</wf>
         <instance id="d000.s4265.t000" lemma="entuzijazam" pos="NOUN">entuzijazmom</instance>
         <wf lemma="koji" pos="X">koji</wf>
         <wf lemma="ga" pos="X">ga</wf>
         <wf lemma="," pos="X">,</wf>
         <wf lemma="nažalost" pos="X">nažalost</wf>
         <wf lemma="," pos="X">,</wf>
         <wf lemma="ne" pos="X">ne</wf>
         <wf lemma="bi" pos="X">bi</wf>
         <wf lemma="držao" pos="X">držao</wf>
         <wf lemma="dugo" pos="X">dugo</wf>
         <wf lemma="." pos="X">.</wf>
      </sentence>
      <sentence id="d000.s4266" source="wordnet-croatian">
         <wf lemma="Zaboravio" pos="X">Zaboravio</wf>
         <wf lemma="sam" pos="X">sam</wf>
         <instance id="d000.s4266.t000" lemma="platiti" pos="VERB">platiti</instance>
         <wf lemma="račun" pos="X">račun</wf>
         <wf lemma="u" pos="X">u</wf>
         <wf lemma="kafiću" pos="X">kafiću</wf>
         <wf lemma="." pos="X">.</wf>
      </sentence>
      <sentence id="d000.s4267" source="wordnet-croatian">
         <wf lemma="Zabunom" pos="X">Zabunom</wf>
         <wf lemma="je" pos="X">je</wf>
         <wf lemma="vozio" pos="X">vozio</wf>
         <wf lemma="krivim" pos="X">krivim</wf>
         <instance id="d000.s4267.t000" lemma="traka" pos="NOUN">trakom</instance>
         <wf lemma="i" pos="X">i</wf>
         <wf lemma="skoro" pos="X">skoro</wf>
         <wf lemma="izazvao" pos="X">izazvao</wf>
         <wf lemma="nesreću" pos="X">nesreću</wf>
         <wf lemma="." pos="X">.</wf>
      </sentence>
      <sentence id="d000.s4268" source="wordnet-croatian">
         <wf lemma="Kupila" pos="X">Kupila</wf>
         <wf lemma="je" pos="X">je</wf>
         <wf lemma="printer" pos="X">printer</wf>
         <wf lemma="koji" pos="X">koji</wf>
         <wf lemma="ispisuje" pos="X">ispisuje</wf>
         <wf lemma="istodobno" pos="X">istodobno</wf>
         <wf lemma="obje" pos="X">obje</wf>
         <instance id="d000.s4268.t000" lemma="stranica" pos="NOUN">stranice</instance>
         <wf lemma="." pos="X">.</wf>
      </sentence>
      <sentence id="d000.s4269" source="wordnet-croatian">
         <wf lemma="Pas" pos="X">Pas</wf>
         <wf lemma="mi" pos="X">mi</wf>
         <wf lemma="je" pos="X">je</wf>
         <wf lemma="zaprljao" pos="X">zaprljao</wf>
         <wf lemma="cijelu" pos="X">cijelu</wf>
         <wf lemma="kuću" pos="X">kuću</wf>
         <wf lemma="svojim" pos="X">svojim</wf>
         <instance id="d000.s4269.t000" lemma="šapa" pos="NOUN">šapama</instance>
         <wf lemma="." pos="X">.</wf>
      </sentence>
      <sentence id="d000.s4270" source="wordnet-croatian">
         <wf lemma="Bio" pos="X">Bio</wf>
         <wf lemma="je" pos="X">je</wf>
         <wf lemma="spretan" pos="X">spretan</wf>
         <wf lemma="u" pos="X">u</wf>
         <wf lemma="postavljanju" pos="X">postavljanju</wf>
         <wf lemma="krovova" pos="X">krovova</wf>
         <wf lemma="-" pos="X">-</wf>
         <wf lemma="slagao" pos="X">slagao</wf>
         <wf lemma="je" pos="X">je</wf>
         <wf lemma="crijep" pos="X">crijep</wf>
         <wf lemma="u" pos="X">u</wf>
         <instance id="d000.s4270.t000" lemma="red" pos="NOUN">redove</instance>
         <wf lemma="brzo" pos="X">brzo</wf>
         <wf lemma="i" pos="X">i</wf>
         <wf lemma="točno" pos="X">točno</wf>
         <wf lemma="." pos="X">.</wf>
      </sentence>
      <sentence id="d000.s4271" source="wordnet-croatian">
         <wf lemma="Velike" pos="X">Velike</wf>
         <instance id="d000.s4271.t000" lemma="migracija" pos="NOUN">migracije</instance>
         <wf lemma="u" pos="X">u</wf>
         <wf lemma="7." pos="X">7.</wf>
         <wf lemma="stoljeću" pos="X">stoljeću</wf>
         <wf lemma="obilježile" pos="X">obilježile</wf>
         <wf lemma="su" pos="X">su</wf>
         <wf lemma="lice" pos="X">lice</wf>
         <wf lemma="nove" pos="X">nove</wf>
         <wf lemma="Europe" pos="X">Europe</wf>
         <wf lemma="." pos="X">.</wf>
      </sentence>
      <sentence id="d000.s4272" source="wordnet-croatian">
         <wf lemma="Opasno" pos="X">Opasno</wf>
         <wf lemma="je" pos="X">je</wf>
         <wf lemma="noću" pos="X">noću</wf>
         <wf lemma="prolaziti" pos="X">prolaziti</wf>
         <wf lemma="kroz" pos="X">kroz</wf>
         <wf lemma="neosvjetljene" pos="X">neosvjetljene</wf>
         <instance id="d000.s4272.t000" lemma="pothodnik" pos="NOUN">pothodnike</instance>
         <wf lemma="." pos="X">.</wf>
      </sentence>
      <sentence id="d000.s4273" source="wordnet-croatian">
         <wf lemma="Svake" pos="X">Svake</wf>
         <wf lemma="godine" pos="X">godine</wf>
         <instance id="d000.s4273.t000" lemma="skijati" pos="VERB">skijamo</instance>
         <wf lemma="u" pos="X">u</wf>
         <wf lemma="Alpama" pos="X">Alpama</wf>
         <wf lemma="." pos="X">.</wf>
      </sentence>
      <sentence id="d000.s4274" source="wordnet-croatian">
         <instance id="d000.s4274.t000" lemma="matematika" pos="NOUN">Matematika</instance>
         <wf lemma="mi" pos="X">mi</wf>
         <wf lemma="nikad" pos="X">nikad</wf>
         <wf lemma="nije" pos="X">nije</wf>
         <wf lemma="dobro" pos="X">dobro</wf>
         <wf lemma="išla" pos="X">išla</wf>
         <wf lemma="." pos="X">.</wf>
      </sentence>
      <sentence id="d000.s4275" source="wordnet-croatian">
         <wf lemma="Pijani" pos="X">Pijani</wf>
         <wf lemma="vozač" pos="X">vozač</wf>
         <instance id="d000.s4275.t000" lemma="usmrtiti" pos="VERB">usmrtio</instance>
         <wf lemma="je" pos="X">je</wf>
         <wf lemma="biciklista" pos="X">biciklista</wf>
         <wf lemma="." pos="X">.</wf>
      </sentence>
      <sentence id="d000.s4276" source="wordnet-croatian">
         <wf lemma="Vidjelo" pos="X">Vidjelo</wf>
         <wf lemma="se" pos="X">se</wf>
         <wf lemma="da" pos="X">da</wf>
         <wf lemma="se" pos="X">se</wf>
         <wf lemma="glazbeno" pos="X">glazbeno</wf>
         <instance id="d000.s4276.t000" lemma="obrazovati" pos="VERB">obrazovao</instance>
         <wf lemma="." pos="X">.</wf>
      </sentence>
      <sentence id="d000.s4277" source="wordnet-croatian">
         <wf lemma="Kamo" pos="X">Kamo</wf>
         <instance id="d000.s4277.t000" lemma="ići" pos="VERB">idu</instance>
         <wf lemma="ove" pos="X">ove</wf>
         <wf lemma="knjige" pos="X">knjige</wf>
         <wf lemma="?" pos="X">?</wf>
      </sentence>
      <sentence id="d000.s4278" source="wordnet-croatian">
         <wf lemma="Stolci" pos="X">Stolci</wf>
         <wf lemma="s" pos="X">s</wf>
         <instance id="d000.s4278.t000" lemma="naslon" pos="NOUN">naslonom</instance>
         <wf lemma="pogodniji" pos="X">pogodniji</wf>
         <wf lemma="su" pos="X">su</wf>
         <wf lemma="za" pos="X">za</wf>
         <wf lemma="dugotrajno" pos="X">dugotrajno</wf>
         <wf lemma="sjedenje" pos="X">sjedenje</wf>
         <wf lemma="od" pos="X">od</wf>
         <wf lemma="stolaca" pos="X">stolaca</wf>
         <wf lemma="bez" pos="X">bez</wf>
         <wf lemma="naslona" pos="X">naslona</wf>
         <wf lemma="." pos="X">.</wf>
      </sentence>
      <sentence id="d000.s4279" source="wordnet-croatian">
         <wf lemma="Iako" pos="X">Iako</wf>
         <wf lemma="su" pos="X">su</wf>
         <wf lemma="pomalo" pos="X">pomalo</wf>
         <instance id="d000.s4279.t000" lemma="osobenjak" pos="NOUN">osobenjaci</instance>
         <wf lemma="," pos="X">,</wf>
         <wf lemma="poznati" pos="X">poznati</wf>
         <wf lemma="svirači" pos="X">svirači</wf>
         <wf lemma="su" pos="X">su</wf>
         <wf lemma="u" pos="X">u</wf>
         <wf lemma="stvari" pos="X">stvari</wf>
         <wf lemma="dobri" pos="X">dobri</wf>
         <wf lemma="momci" pos="X">momci</wf>
         <wf lemma="." pos="X">.</wf>
      </sentence>
      <sentence id="d000.s4280" source="wordnet-croatian">
         <instance id="d000.s4280.t000" lemma="pažljivost" pos="NOUN">Pažljivost</instance>
         <wf lemma="prema" pos="X">prema</wf>
         <wf lemma="starijim" pos="X">starijim</wf>
         <wf lemma="osobama" pos="X">osobama</wf>
         <wf lemma="divna" pos="X">divna</wf>
         <wf lemma="je" pos="X">je</wf>
         <wf lemma="osobina" pos="X">osobina</wf>
         <wf lemma="." pos="X">.</wf>
      </sentence>
      <sentence id="d000.s4281" source="wordnet-croatian">
         <wf lemma="Nikako" pos="X">Nikako</wf>
         <wf lemma="se" pos="X">se</wf>
         <wf lemma="nije" pos="X">nije</wf>
         <wf lemma="mogao" pos="X">mogao</wf>
         <wf lemma="odlučiti" pos="X">odlučiti</wf>
         <wf lemma="koje" pos="X">koje</wf>
         <wf lemma="bi" pos="X">bi</wf>
         <instance id="d000.s4281.t000" lemma="odijelo" pos="NOUN">odijelo</instance>
         <wf lemma="kupio" pos="X">kupio</wf>
         <wf lemma="za" pos="X">za</wf>
         <wf lemma="vjenčanje" pos="X">vjenčanje</wf>
         <wf lemma="." pos="X">.</wf>
      </sentence>
      <sentence id="d000.s4282" source="wordnet-croatian">
         <wf lemma="Nije" pos="X">Nije</wf>
         <wf lemma="htjela" pos="X">htjela</wf>
         <wf lemma="večerati" pos="X">večerati</wf>
         <wf lemma="jer" pos="X">jer</wf>
         <wf lemma="je" pos="X">je</wf>
         <wf lemma="majka" pos="X">majka</wf>
         <wf lemma="stavila" pos="X">stavila</wf>
         <instance id="d000.s4282.t000" lemma="slanutak" pos="NOUN">slanutka</instance>
         <wf lemma="u" pos="X">u</wf>
         <wf lemma="hranu" pos="X">hranu</wf>
         <wf lemma="." pos="X">.</wf>
      </sentence>
      <sentence id="d000.s4283" source="wordnet-croatian">
         <wf lemma="Tužbe" pos="X">Tužbe</wf>
         <wf lemma="za" pos="X">za</wf>
         <instance id="d000.s4283.t000" lemma="kleveta" pos="NOUN">klevetu</instance>
         <wf lemma="vrlo" pos="X">vrlo</wf>
         <wf lemma="su" pos="X">su</wf>
         <wf lemma="česte" pos="X">česte</wf>
         <wf lemma="." pos="X">.</wf>
      </sentence>
      <sentence id="d000.s4284" source="wordnet-croatian">
         <wf lemma="Ured" pos="X">Ured</wf>
         <instance id="d000.s4284.t000" lemma="rukovoditelj" pos="NOUN">rukovoditelja</instance>
         <wf lemma="nalazi" pos="X">nalazi</wf>
         <wf lemma="se" pos="X">se</wf>
         <wf lemma="na" pos="X">na</wf>
         <wf lemma="najviše" pos="X">najviše</wf>
         <wf lemma="katu" pos="X">katu</wf>
         <wf lemma="zgrade" pos="X">zgrade</wf>
         <wf lemma="." pos="X">.</wf>
      </sentence>
      <sentence id="d000.s4285" source="wordnet-croatian">
         <wf lemma="Voljela" pos="X">Voljela</wf>
         <wf lemma="se" pos="X">se</wf>
         <wf lemma="voziti" pos="X">voziti</wf>
         <wf lemma="na" pos="X">na</wf>
         <wf lemma="zadnjem" pos="X">zadnjem</wf>
         <instance id="d000.s4285.t000" lemma="sjedište" pos="NOUN">sjedištu</instance>
         <wf lemma="auta" pos="X">auta</wf>
         <wf lemma="." pos="X">.</wf>
      </sentence>
      <sentence id="d000.s4286" source="wordnet-croatian">
         <wf lemma="Svi" pos="X">Svi</wf>
         <instance id="d000.s4286.t000" lemma="putnik" pos="NOUN">putnici</instance>
         <wf lemma="ostavili" pos="X">ostavili</wf>
         <wf lemma="su" pos="X">su</wf>
         <wf lemma="prtljagu" pos="X">prtljagu</wf>
         <wf lemma="u" pos="X">u</wf>
         <wf lemma="spremištu" pos="X">spremištu</wf>
         <wf lemma="broda" pos="X">broda</wf>
         <wf lemma="." pos="X">.</wf>
      </sentence>
      <sentence id="d000.s4287" source="wordnet-croatian">
         <instance id="d000.s4287.t000" lemma="petlja" pos="NOUN">Petlju</instance>
         <wf lemma="koju" pos="X">koju</wf>
         <wf lemma="je" pos="X">je</wf>
         <wf lemma="on" pos="X">on</wf>
         <wf lemma="svezao" pos="X">svezao</wf>
         <wf lemma="nitko" pos="X">nitko</wf>
         <wf lemma="nije" pos="X">nije</wf>
         <wf lemma="mogao" pos="X">mogao</wf>
         <wf lemma="rasplesti" pos="X">rasplesti</wf>
         <wf lemma="." pos="X">.</wf>
      </sentence>
      <sentence id="d000.s4288" source="wordnet-croatian">
         <instance id="d000.s4288.t000" lemma="tunika" pos="NOUN">Tunike</instance>
         <wf lemma="su" pos="X">su</wf>
         <wf lemma="nosili" pos="X">nosili</wf>
         <wf lemma="stari" pos="X">stari</wf>
         <wf lemma="Rimljani" pos="X">Rimljani</wf>
         <wf lemma="." pos="X">.</wf>
      </sentence>
      <sentence id="d000.s4289" source="wordnet-croatian">
         <instance id="d000.s4289.t000" lemma="zamrzivač" pos="NOUN">Zamrzivač</instance>
         <wf lemma="je" pos="X">je</wf>
         <wf lemma="bio" pos="X">bio</wf>
         <wf lemma="prepun" pos="X">prepun</wf>
         <wf lemma="smrznutog" pos="X">smrznutog</wf>
         <wf lemma="povrća" pos="X">povrća</wf>
         <wf lemma="iz" pos="X">iz</wf>
         <wf lemma="njihova" pos="X">njihova</wf>
         <wf lemma="vrta" pos="X">vrta</wf>
         <wf lemma="." pos="X">.</wf>
      </sentence>
      <sentence id="d000.s4290" source="wordnet-croatian">
         <wf lemma="Računala" pos="X">Računala</wf>
         <instance id="d000.s4290.t000" lemma="čitati" pos="VERB">čitaju</instance>
         <wf lemma="sve" pos="X">sve</wf>
         <wf lemma="vrste" pos="X">vrste</wf>
         <wf lemma="digitalno" pos="X">digitalno</wf>
         <wf lemma="pohranjenih" pos="X">pohranjenih</wf>
         <wf lemma="podataka" pos="X">podataka</wf>
         <wf lemma="." pos="X">.</wf>
      </sentence>
      <sentence id="d000.s4291" source="wordnet-croatian">
         <instance id="d000.s4291.t000" lemma="neljubaznost" pos="NOUN">Neljubaznost</instance>
         <wf lemma="trgovaca" pos="X">trgovaca</wf>
         <wf lemma="ovaj" pos="X">ovaj</wf>
         <wf lemma="je" pos="X">je</wf>
         <wf lemma="put" pos="X">put</wf>
         <wf lemma="stvarno" pos="X">stvarno</wf>
         <wf lemma="prešla" pos="X">prešla</wf>
         <wf lemma="granice" pos="X">granice</wf>
         <wf lemma="dobroga" pos="X">dobroga</wf>
         <wf lemma="ukusa" pos="X">ukusa</wf>
         <wf lemma="." pos="X">.</wf>
      </sentence>
      <sentence id="d000.s4292" source="wordnet-croatian">
         <wf lemma="Danas" pos="X">Danas</wf>
         <wf lemma="smo" pos="X">smo</wf>
         <wf lemma="na" pos="X">na</wf>
         <wf lemma="fizici" pos="X">fizici</wf>
         <wf lemma="učili" pos="X">učili</wf>
         <wf lemma="o" pos="X">o</wf>
         <instance id="d000.s4292.t000" lemma="poluvodič" pos="NOUN">poluvodičima</instance>
         <wf lemma="." pos="X">.</wf>
      </sentence>
      <sentence id="d000.s4293" source="wordnet-croatian">
         <instance id="d000.s4293.t000" lemma="odojak" pos="NOUN">Odojak</instance>
         <wf lemma="mi" pos="X">mi</wf>
         <wf lemma="nije" pos="X">nije</wf>
         <wf lemma="dobar" pos="X">dobar</wf>
         <wf lemma="ako" pos="X">ako</wf>
         <wf lemma="je" pos="X">je</wf>
         <wf lemma="premastan" pos="X">premastan</wf>
         <wf lemma="." pos="X">.</wf>
      </sentence>
      <sentence id="d000.s4294" source="wordnet-croatian">
         <wf lemma="Marko" pos="X">Marko</wf>
         <wf lemma="se" pos="X">se</wf>
         <wf lemma="svake" pos="X">svake</wf>
         <wf lemma="subote" pos="X">subote</wf>
         <wf lemma="navečer" pos="X">navečer</wf>
         <wf lemma="nalazi" pos="X">nalazi</wf>
         <wf lemma="s" pos="X">s</wf>
         <wf lemma="društvom" pos="X">društvom</wf>
         <wf lemma="u" pos="X">u</wf>
         <instance id="d000.s4294.t000" lemma="pivnica" pos="NOUN">pivnici</instance>
         <wf lemma="." pos="X">.</wf>
      </sentence>
      <sentence id="d000.s4295" source="wordnet-croatian">
         <wf lemma="Nikad" pos="X">Nikad</wf>
         <wf lemma="se" pos="X">se</wf>
         <wf lemma="ne" pos="X">ne</wf>
         <wf lemma="treba" pos="X">treba</wf>
         <wf lemma="štediti" pos="X">štediti</wf>
         <wf lemma="na" pos="X">na</wf>
         <instance id="d000.s4295.t000" lemma="obuća" pos="NOUN">obući</instance>
         <wf lemma="." pos="X">.</wf>
      </sentence>
      <sentence id="d000.s4296" source="wordnet-croatian">
         <wf lemma="Prostrani" pos="X">Prostrani</wf>
         <instance id="d000.s4296.t000" lemma="prostor" pos="NOUN">prostor</instance>
         <wf lemma="za" pos="X">za</wf>
         <wf lemma="igru" pos="X">igru</wf>
         <wf lemma="razveselio" pos="X">razveselio</wf>
         <wf lemma="je" pos="X">je</wf>
         <wf lemma="djecu" pos="X">djecu</wf>
         <wf lemma="." pos="X">.</wf>
      </sentence>
      <sentence id="d000.s4297" source="wordnet-croatian">
         <wf lemma="Potrebno" pos="X">Potrebno</wf>
         <wf lemma="je" pos="X">je</wf>
         <wf lemma="kvalitetno" pos="X">kvalitetno</wf>
         <instance id="d000.s4297.t000" lemma="koplje" pos="NOUN">koplje</instance>
         <wf lemma="za" pos="X">za</wf>
         <wf lemma="lov" pos="X">lov</wf>
         <wf lemma="na" pos="X">na</wf>
         <wf lemma="veće" pos="X">veće</wf>
         <wf lemma="ribe" pos="X">ribe</wf>
         <wf lemma="." pos="X">.</wf>
      </sentence>
      <sentence id="d000.s4298" source="wordnet-croatian">
         <wf lemma="Dobio" pos="X">Dobio</wf>
         <wf lemma="je" pos="X">je</wf>
         <instance id="d000.s4298.t000" lemma="posao" pos="NOUN">posao</instance>
         <wf lemma="preko" pos="X">preko</wf>
         <wf lemma="veze" pos="X">veze</wf>
         <wf lemma="u" pos="X">u</wf>
         <wf lemma="očevoj" pos="X">očevoj</wf>
         <wf lemma="tvrtki" pos="X">tvrtki</wf>
         <wf lemma="." pos="X">.</wf>
      </sentence>
      <sentence id="d000.s4299" source="wordnet-croatian">
         <wf lemma="Prvi" pos="X">Prvi</wf>
         <wf lemma="su" pos="X">su</wf>
         <wf lemma="u" pos="X">u</wf>
         <instance id="d000.s4299.t000" lemma="napad" pos="NOUN">napad</instance>
         <wf lemma="krenuli" pos="X">krenuli</wf>
         <wf lemma="igrači" pos="X">igrači</wf>
         <wf lemma="domaće" pos="X">domaće</wf>
         <wf lemma="momčadi" pos="X">momčadi</wf>
         <wf lemma="." pos="X">.</wf>
      </sentence>
      <sentence id="d000.s4300" source="wordnet-croatian">
         <wf lemma="Bio" pos="X">Bio</wf>
         <wf lemma="je" pos="X">je</wf>
         <instance id="d000.s4300.t000" lemma="nevin" pos="ADJ">nevin</instance>
         <wf lemma="poput" pos="X">poput</wf>
         <wf lemma="djeteta" pos="X">djeteta</wf>
         <wf lemma="." pos="X">.</wf>
      </sentence>
      <sentence id="d000.s4301" source="wordnet-croatian">
         <wf lemma="Pad" pos="X">Pad</wf>
         <wf lemma="dolara" pos="X">dolara</wf>
         <instance id="d000.s4301.t000" lemma="povući" pos="VERB">povukao</instance>
         <wf lemma="je" pos="X">je</wf>
         <wf lemma="sa" pos="X">sa</wf>
         <wf lemma="sobom" pos="X">sobom</wf>
         <wf lemma="vrijednost" pos="X">vrijednost</wf>
         <wf lemma="burzovnih" pos="X">burzovnih</wf>
         <wf lemma="indeksa" pos="X">indeksa</wf>
         <wf lemma="." pos="X">.</wf>
      </sentence>
      <sentence id="d000.s4302" source="wordnet-croatian">
         <instance id="d000.s4302.t000" lemma="navada" pos="NOUN">Navada</instance>
         <wf lemma="mu" pos="X">mu</wf>
         <wf lemma="je" pos="X">je</wf>
         <wf lemma="nalagala" pos="X">nalagala</wf>
         <wf lemma="da" pos="X">da</wf>
         <wf lemma="pozdravlja" pos="X">pozdravlja</wf>
         <wf lemma="susjede" pos="X">susjede</wf>
         <wf lemma="pri" pos="X">pri</wf>
         <wf lemma="svakom" pos="X">svakom</wf>
         <wf lemma="susretu" pos="X">susretu</wf>
         <wf lemma="." pos="X">.</wf>
      </sentence>
      <sentence id="d000.s4303" source="wordnet-croatian">
         <wf lemma="Djeca" pos="X">Djeca</wf>
         <wf lemma="su" pos="X">su</wf>
         <wf lemma="mi" pos="X">mi</wf>
         <wf lemma="loptom" pos="X">loptom</wf>
         <wf lemma="razbila" pos="X">razbila</wf>
         <instance id="d000.s4303.t000" lemma="prozor" pos="NOUN">prozor</instance>
         <wf lemma="." pos="X">.</wf>
      </sentence>
      <sentence id="d000.s4304" source="wordnet-croatian">
         <wf lemma="Mladenci" pos="X">Mladenci</wf>
         <wf lemma="su" pos="X">su</wf>
         <wf lemma="se" pos="X">se</wf>
         <wf lemma="do" pos="X">do</wf>
         <wf lemma="crkve" pos="X">crkve</wf>
         <wf lemma="dovezli" pos="X">dovezli</wf>
         <instance id="d000.s4304.t000" lemma="fijaker" pos="NOUN">fijakerom</instance>
         <wf lemma="." pos="X">.</wf>
      </sentence>
      <sentence id="d000.s4305" source="wordnet-croatian">
         <wf lemma="Ne" pos="X">Ne</wf>
         <wf lemma="mogu" pos="X">mogu</wf>
         <wf lemma="si" pos="X">si</wf>
         <wf lemma="ga" pos="X">ga</wf>
         <instance id="d000.s4305.t000" lemma="predočiti" pos="VERB">predočiti</instance>
         <wf lemma="na" pos="X">na</wf>
         <wf lemma="konju" pos="X">konju</wf>
         <wf lemma="!" pos="X">!</wf>
      </sentence>
      <sentence id="d000.s4306" source="wordnet-croatian">
         <wf lemma="Nismo" pos="X">Nismo</wf>
         <wf lemma="mogli" pos="X">mogli</wf>
         <wf lemma="spojiti" pos="X">spojiti</wf>
         <wf lemma="krajeve" pos="X">krajeve</wf>
         <wf lemma="cijevi" pos="X">cijevi</wf>
         <wf lemma="jer" pos="X">jer</wf>
         <wf lemma="smo" pos="X">smo</wf>
         <wf lemma="zaboravili" pos="X">zaboravili</wf>
         <wf lemma="kupiti" pos="X">kupiti</wf>
         <instance id="d000.s4306.t000" lemma="spojnica" pos="NOUN">spojnicu</instance>
         <wf lemma="." pos="X">.</wf>
      </sentence>
      <sentence id="d000.s4307" source="wordnet-croatian">
         <wf lemma="Bio" pos="X">Bio</wf>
         <wf lemma="je" pos="X">je</wf>
         <wf lemma="to" pos="X">to</wf>
         <wf lemma="udruženi" pos="X">udruženi</wf>
         <wf lemma="zločinački" pos="X">zločinački</wf>
         <instance id="d000.s4307.t000" lemma="pothvat" pos="NOUN">pothvat</instance>
         <wf lemma="." pos="X">.</wf>
      </sentence>
      <sentence id="d000.s4308" source="wordnet-croatian">
         <instance id="d000.s4308.t000" lemma="staviti" pos="VERB">Stavi</instance>
         <wf lemma="sve" pos="X">sve</wf>
         <wf lemma="negativne" pos="X">negativne</wf>
         <wf lemma="osjećaje" pos="X">osjećaje</wf>
         <wf lemma="na" pos="X">na</wf>
         <wf lemma="stranu" pos="X">stranu</wf>
         <wf lemma="." pos="X">.</wf>
      </sentence>
      <sentence id="d000.s4309" source="wordnet-croatian">
         <wf lemma="Laganje" pos="X">Laganje</wf>
         <wf lemma="mu" pos="X">mu</wf>
         <wf lemma="je" pos="X">je</wf>
         <wf lemma="sve" pos="X">sve</wf>
         <wf lemma="više" pos="X">više</wf>
         <wf lemma="prelazilo" pos="X">prelazilo</wf>
         <wf lemma="u" pos="X">u</wf>
         <instance id="d000.s4309.t000" lemma="navika" pos="NOUN">naviku</instance>
         <wf lemma="." pos="X">.</wf>
      </sentence>
      <sentence id="d000.s4310" source="wordnet-croatian">
         <wf lemma="Ona" pos="X">Ona</wf>
         <wf lemma="nikada" pos="X">nikada</wf>
         <wf lemma="nije" pos="X">nije</wf>
         <instance id="d000.s4310.t000" lemma="dotaći" pos="VERB">dotakla</instance>
         <wf lemma="svog" pos="X">svog</wf>
         <wf lemma="muža" pos="X">muža</wf>
         <wf lemma="prije" pos="X">prije</wf>
         <wf lemma="braka" pos="X">braka</wf>
         <wf lemma="." pos="X">.</wf>
      </sentence>
      <sentence id="d000.s4311" source="wordnet-croatian">
         <instance id="d000.s4311.t000" lemma="student" pos="NOUN">Studenti</instance>
         <wf lemma="na" pos="X">na</wf>
         <wf lemma="Filozofskom" pos="X">Filozofskom</wf>
         <wf lemma="fakultetu" pos="X">fakultetu</wf>
         <wf lemma="organizirali" pos="X">organizirali</wf>
         <wf lemma="su" pos="X">su</wf>
         <wf lemma="još" pos="X">još</wf>
         <wf lemma="jednu" pos="X">jednu</wf>
         <wf lemma="blokadu" pos="X">blokadu</wf>
         <wf lemma="." pos="X">.</wf>
      </sentence>
      <sentence id="d000.s4312" source="wordnet-croatian">
         <wf lemma="Nakon" pos="X">Nakon</wf>
         <wf lemma="nekoliko" pos="X">nekoliko</wf>
         <instance id="d000.s4312.t000" lemma="zavrtaj" pos="NOUN">zavrtaja</instance>
         <wf lemma="zavojnica" pos="X">zavojnica</wf>
         <wf lemma="je" pos="X">je</wf>
         <wf lemma="pukla" pos="X">pukla</wf>
         <wf lemma="." pos="X">.</wf>
      </sentence>
      <sentence id="d000.s4313" source="wordnet-croatian">
         <instance id="d000.s4313.t000" lemma="vjerovati" pos="VERB">Vjerujem</instance>
         <wf lemma="da" pos="X">da</wf>
         <wf lemma="je" pos="X">je</wf>
         <wf lemma="upravo" pos="X">upravo</wf>
         <wf lemma="Slavica" pos="X">Slavica</wf>
         <wf lemma="odgovorna" pos="X">odgovorna</wf>
         <wf lemma="za" pos="X">za</wf>
         <wf lemma="gospodarsku" pos="X">gospodarsku</wf>
         <wf lemma="katastrofu" pos="X">katastrofu</wf>
         <wf lemma="našeg" pos="X">našeg</wf>
         <wf lemma="poduzeća" pos="X">poduzeća</wf>
         <wf lemma="." pos="X">.</wf>
      </sentence>
      <sentence id="d000.s4314" source="wordnet-croatian">
         <wf lemma="Dečki" pos="X">Dečki</wf>
         <wf lemma="jako" pos="X">jako</wf>
         <wf lemma="vole" pos="X">vole</wf>
         <wf lemma="razgovarati" pos="X">razgovarati</wf>
         <wf lemma="o" pos="X">o</wf>
         <instance id="d000.s4314.t000" lemma="sport" pos="NOUN">sportu</instance>
         <wf lemma="." pos="X">.</wf>
      </sentence>
      <sentence id="d000.s4315" source="wordnet-croatian">
         <wf lemma="U" pos="X">U</wf>
         <wf lemma="mnogim" pos="X">mnogim</wf>
         <wf lemma="zemljama" pos="X">zemljama</wf>
         <wf lemma="još" pos="X">još</wf>
         <wf lemma="uvijek" pos="X">uvijek</wf>
         <wf lemma="su" pos="X">su</wf>
         <wf lemma="sumnjičavi" pos="X">sumnjičavi</wf>
         <wf lemma="prema" pos="X">prema</wf>
         <instance id="d000.s4315.t000" lemma="došljak" pos="NOUN">došljacima</instance>
         <wf lemma="." pos="X">.</wf>
      </sentence>
      <sentence id="d000.s4316" source="wordnet-croatian">
         <wf lemma="On" pos="X">On</wf>
         <instance id="d000.s4316.t000" lemma="svirati" pos="VERB">svira</instance>
         <wf lemma="flautu" pos="X">flautu</wf>
         <wf lemma="." pos="X">.</wf>
      </sentence>
      <sentence id="d000.s4317" source="wordnet-croatian">
         <wf lemma="Mnoge" pos="X">Mnoge</wf>
         <wf lemma="vlade" pos="X">vlade</wf>
         <wf lemma="nikada" pos="X">nikada</wf>
         <wf lemma="ne" pos="X">ne</wf>
         <instance id="d000.s4317.t000" lemma="pregovarati" pos="VERB">pregovaraju</instance>
         <wf lemma="s" pos="X">s</wf>
         <wf lemma="teroristima" pos="X">teroristima</wf>
         <wf lemma="." pos="X">.</wf>
      </sentence>
      <sentence id="d000.s4318" source="wordnet-croatian">
         <wf lemma="Bila" pos="X">Bila</wf>
         <wf lemma="je" pos="X">je</wf>
         <wf lemma="fokusirana" pos="X">fokusirana</wf>
         <wf lemma="na" pos="X">na</wf>
         <wf lemma="novac" pos="X">novac</wf>
         <wf lemma="," pos="X">,</wf>
         <instance id="d000.s4318.t000" lemma="materijalnost" pos="NOUN">materijalnost</instance>
         <wf lemma="i" pos="X">i</wf>
         <wf lemma="bogatstvo" pos="X">bogatstvo</wf>
         <wf lemma="." pos="X">.</wf>
      </sentence>
      <sentence id="d000.s4319" source="wordnet-croatian">
         <wf lemma="Juha" pos="X">Juha</wf>
         <wf lemma="se" pos="X">se</wf>
         <wf lemma="polako" pos="X">polako</wf>
         <wf lemma="krčkala" pos="X">krčkala</wf>
         <wf lemma="na" pos="X">na</wf>
         <instance id="d000.s4319.t000" lemma="štednjak" pos="NOUN">štednjaku</instance>
         <wf lemma="." pos="X">.</wf>
      </sentence>
      <sentence id="d000.s4320" source="wordnet-croatian">
         <instance id="d000.s4320.t000" lemma="desno" pos="NOUN">Desno</instance>
         <wf lemma="od" pos="X">od</wf>
         <wf lemma="mene" pos="X">mene</wf>
         <wf lemma="stajao" pos="X">stajao</wf>
         <wf lemma="je" pos="X">je</wf>
         <wf lemma="Isus" pos="X">Isus</wf>
         <wf lemma="." pos="X">.</wf>
      </sentence>
      <sentence id="d000.s4321" source="wordnet-croatian">
         <wf lemma="Na" pos="X">Na</wf>
         <instance id="d000.s4321.t000" lemma="grad" pos="NOUN">gradu</instance>
         <wf lemma="je" pos="X">je</wf>
         <wf lemma="odgovornost" pos="X">odgovornost</wf>
         <wf lemma="za" pos="X">za</wf>
         <wf lemma="odvoz" pos="X">odvoz</wf>
         <wf lemma="krupnog" pos="X">krupnog</wf>
         <wf lemma="otpada" pos="X">otpada</wf>
         <wf lemma="." pos="X">.</wf>
      </sentence>
      <sentence id="d000.s4322" source="wordnet-croatian">
         <wf lemma="Prva" pos="X">Prva</wf>
         <instance id="d000.s4322.t000" lemma="linija" pos="NOUN">linija</instance>
         <wf lemma="je" pos="X">je</wf>
         <wf lemma="bila" pos="X">bila</wf>
         <wf lemma="pokošena" pos="X">pokošena</wf>
         <wf lemma="u" pos="X">u</wf>
         <wf lemma="napadu" pos="X">napadu</wf>
         <wf lemma="." pos="X">.</wf>
      </sentence>
      <sentence id="d000.s4323" source="wordnet-croatian">
         <wf lemma="Učino" pos="X">Učino</wf>
         <wf lemma="je" pos="X">je</wf>
         <instance id="d000.s4323.t000" lemma="nepromišljen" pos="ADJ">nepromišljenu</instance>
         <wf lemma="pogrešku" pos="X">pogrešku</wf>
         <wf lemma="." pos="X">.</wf>
      </sentence>
      <sentence id="d000.s4324" source="wordnet-croatian">
         <wf lemma="Dupini" pos="X">Dupini</wf>
         <wf lemma="spadaju" pos="X">spadaju</wf>
         <wf lemma="u" pos="X">u</wf>
         <instance id="d000.s4324.t000" lemma="grupa" pos="NOUN">grupu</instance>
         <wf lemma="sisavaca" pos="X">sisavaca</wf>
         <wf lemma="." pos="X">.</wf>
      </sentence>
      <sentence id="d000.s4325" source="wordnet-croatian">
         <wf lemma="Rasprava" pos="X">Rasprava</wf>
         <wf lemma="o" pos="X">o</wf>
         <wf lemma="nezaposlenosti" pos="X">nezaposlenosti</wf>
         <wf lemma="predstavljala" pos="X">predstavljala</wf>
         <wf lemma="je" pos="X">je</wf>
         <instance id="d000.s4325.t000" lemma="iskazivanje" pos="NOUN">iskazivanje</instance>
         <wf lemma="nezadovoljstva" pos="X">nezadovoljstva</wf>
         <wf lemma="građana" pos="X">građana</wf>
         <wf lemma="." pos="X">.</wf>
      </sentence>
      <sentence id="d000.s4326" source="wordnet-croatian">
         <wf lemma="Bio" pos="X">Bio</wf>
         <wf lemma="je" pos="X">je</wf>
         <wf lemma="osoba" pos="X">osoba</wf>
         <wf lemma="lošega" pos="X">lošega</wf>
         <instance id="d000.s4326.t000" lemma="moral" pos="NOUN">morala</instance>
         <wf lemma="." pos="X">.</wf>
      </sentence>
      <sentence id="d000.s4327" source="wordnet-croatian">
         <instance id="d000.s4327.t000" lemma="istupiti" pos="VERB">Istupio</instance>
         <wf lemma="je" pos="X">je</wf>
         <wf lemma="nož" pos="X">nož</wf>
         <wf lemma="čestom" pos="X">čestom</wf>
         <wf lemma="uporabom" pos="X">uporabom</wf>
         <wf lemma="." pos="X">.</wf>
      </sentence>
      <sentence id="d000.s4328" source="wordnet-croatian">
         <wf lemma="Kada" pos="X">Kada</wf>
         <wf lemma="moraš" pos="X">moraš</wf>
         <wf lemma="odabrati" pos="X">odabrati</wf>
         <wf lemma="koje" pos="X">koje</wf>
         <wf lemma="je" pos="X">je</wf>
         <wf lemma="zlo" pos="X">zlo</wf>
         <wf lemma="manje" pos="X">manje</wf>
         <wf lemma="uvijek" pos="X">uvijek</wf>
         <wf lemma="je" pos="X">je</wf>
         <wf lemma="neugodna" pos="X">neugodna</wf>
         <instance id="d000.s4328.t000" lemma="situacija" pos="NOUN">situacija</instance>
         <wf lemma="." pos="X">.</wf>
      </sentence>
      <sentence id="d000.s4329" source="wordnet-croatian">
         <wf lemma="Kravlje" pos="X">Kravlje</wf>
         <wf lemma="i" pos="X">i</wf>
         <wf lemma="kozje" pos="X">kozje</wf>
         <instance id="d000.s4329.t000" lemma="mlijeko" pos="NOUN">mlijeko</instance>
         <wf lemma="mogu" pos="X">mogu</wf>
         <wf lemma="se" pos="X">se</wf>
         <wf lemma="kupiti" pos="X">kupiti</wf>
         <wf lemma="u" pos="X">u</wf>
         <wf lemma="skoro" pos="X">skoro</wf>
         <wf lemma="svakom" pos="X">svakom</wf>
         <wf lemma="dućanu" pos="X">dućanu</wf>
         <wf lemma="." pos="X">.</wf>
      </sentence>
      <sentence id="d000.s4330" source="wordnet-croatian">
         <wf lemma="Kad" pos="X">Kad</wf>
         <wf lemma="su" pos="X">su</wf>
         <wf lemma="objavili" pos="X">objavili</wf>
         <wf lemma="pobjednika" pos="X">pobjednika</wf>
         <wf lemma="," pos="X">,</wf>
         <wf lemma="obuzela" pos="X">obuzela</wf>
         <wf lemma="ju" pos="X">ju</wf>
         <wf lemma="je" pos="X">je</wf>
         <wf lemma="totalna" pos="X">totalna</wf>
         <instance id="d000.s4330.t000" lemma="nevjerica" pos="NOUN">nevjerica</instance>
         <wf lemma="." pos="X">.</wf>
      </sentence>
      <sentence id="d000.s4331" source="wordnet-croatian">
         <wf lemma="Ribari" pos="X">Ribari</wf>
         <wf lemma="i" pos="X">i</wf>
         <wf lemma="dalje" pos="X">dalje</wf>
         <wf lemma="ribare" pos="X">ribare</wf>
         <wf lemma="u" pos="X">u</wf>
         <wf lemma="međunarodnom" pos="X">međunarodnom</wf>
         <instance id="d000.s4331.t000" lemma="pojas" pos="NOUN">pojasu</instance>
         <wf lemma="." pos="X">.</wf>
      </sentence>
      <sentence id="d000.s4332" source="wordnet-croatian">
         <wf lemma="Zbog" pos="X">Zbog</wf>
         <wf lemma="buke" pos="X">buke</wf>
         <instance id="d000.s4332.t000" lemma="ventilator" pos="NOUN">ventilatora</instance>
         <wf lemma="nije" pos="X">nije</wf>
         <wf lemma="mogao" pos="X">mogao</wf>
         <wf lemma="spavati" pos="X">spavati</wf>
         <wf lemma="." pos="X">.</wf>
      </sentence>
      <sentence id="d000.s4333" source="wordnet-croatian">
         <wf lemma="Uvijek" pos="X">Uvijek</wf>
         <wf lemma="se" pos="X">se</wf>
         <wf lemma="koristio" pos="X">koristio</wf>
         <instance id="d000.s4333.t000" lemma="zakonit" pos="ADJ">zakonitim</instance>
         <wf lemma="metodama" pos="X">metodama</wf>
         <wf lemma="kako" pos="X">kako</wf>
         <wf lemma="bi" pos="X">bi</wf>
         <wf lemma="dobio" pos="X">dobio</wf>
         <wf lemma="što" pos="X">što</wf>
         <wf lemma="želi" pos="X">želi</wf>
         <wf lemma="." pos="X">.</wf>
      </sentence>
      <sentence id="d000.s4334" source="wordnet-croatian">
         <wf lemma="Tijekom" pos="X">Tijekom</wf>
         <wf lemma="19." pos="X">19.</wf>
         <wf lemma="stoljeća" pos="X">stoljeća</wf>
         <wf lemma="europski" pos="X">europski</wf>
         <wf lemma="znanstvenici" pos="X">znanstvenici</wf>
         <wf lemma="uspjeli" pos="X">uspjeli</wf>
         <wf lemma="su" pos="X">su</wf>
         <wf lemma="dešifrirati" pos="X">dešifrirati</wf>
         <wf lemma="klinasto" pos="X">klinasto</wf>
         <instance id="d000.s4334.t000" lemma="pismo" pos="NOUN">pismo</instance>
         <wf lemma="." pos="X">.</wf>
      </sentence>
      <sentence id="d000.s4335" source="wordnet-croatian">
         <wf lemma="Čamac" pos="X">Čamac</wf>
         <wf lemma="je" pos="X">je</wf>
         <instance id="d000.s4335.t000" lemma="plutati" pos="VERB">plutao</instance>
         <wf lemma="na" pos="X">na</wf>
         <wf lemma="jezeru" pos="X">jezeru</wf>
         <wf lemma="." pos="X">.</wf>
      </sentence>
      <sentence id="d000.s4336" source="wordnet-croatian">
         <wf lemma="Ugljik" pos="X">Ugljik</wf>
         <wf lemma="je" pos="X">je</wf>
         <instance id="d000.s4336.t000" lemma="polivalentan" pos="ADJ">polivalentan</instance>
         <wf lemma="element" pos="X">element</wf>
         <wf lemma="." pos="X">.</wf>
      </sentence>
      <sentence id="d000.s4337" source="wordnet-croatian">
         <wf lemma="Shvatio" pos="X">Shvatio</wf>
         <wf lemma="je" pos="X">je</wf>
         <wf lemma="da" pos="X">da</wf>
         <wf lemma="ima" pos="X">ima</wf>
         <wf lemma="posla" pos="X">posla</wf>
         <wf lemma="sa" pos="X">sa</wf>
         <wf lemma="sebi" pos="X">sebi</wf>
         <instance id="d000.s4337.t000" lemma="jednak" pos="NOUN">jednakim</instance>
         <wf lemma="." pos="X">.</wf>
      </sentence>
      <sentence id="d000.s4338" source="wordnet-croatian">
         <wf lemma="Auti" pos="X">Auti</wf>
         <wf lemma="su" pos="X">su</wf>
         <instance id="d000.s4338.t000" lemma="juriti" pos="VERB">jurili</instance>
         <wf lemma="niz" pos="X">niz</wf>
         <wf lemma="ulicu" pos="X">ulicu</wf>
         <wf lemma="." pos="X">.</wf>
      </sentence>
      <sentence id="d000.s4339" source="wordnet-croatian">
         <wf lemma="Došle" pos="X">Došle</wf>
         <wf lemma="su" pos="X">su</wf>
         <wf lemma="nove" pos="X">nove</wf>
         <wf lemma="certifikacijske" pos="X">certifikacijske</wf>
         <instance id="d000.s4339.t000" lemma="shema" pos="NOUN">sheme</instance>
         <wf lemma="za" pos="X">za</wf>
         <wf lemma="proizvodnju" pos="X">proizvodnju</wf>
         <wf lemma="sadnog" pos="X">sadnog</wf>
         <wf lemma="materijala" pos="X">materijala</wf>
         <wf lemma="značajnih" pos="X">značajnih</wf>
         <wf lemma="voćnih" pos="X">voćnih</wf>
         <wf lemma="vrsta" pos="X">vrsta</wf>
         <wf lemma="u" pos="X">u</wf>
         <wf lemma="Hrvatskoj" pos="X">Hrvatskoj</wf>
         <wf lemma="." pos="X">.</wf>
      </sentence>
      <sentence id="d000.s4340" source="wordnet-croatian">
         <wf lemma="Okrenuo" pos="X">Okrenuo</wf>
         <wf lemma="je" pos="X">je</wf>
         <instance id="d000.s4340.t000" lemma="ventilator" pos="NOUN">ventilator</instance>
         <wf lemma="tako" pos="X">tako</wf>
         <wf lemma="da" pos="X">da</wf>
         <wf lemma="mu" pos="X">mu</wf>
         <wf lemma="ne" pos="X">ne</wf>
         <wf lemma="puše" pos="X">puše</wf>
         <wf lemma="po" pos="X">po</wf>
         <wf lemma="glavi" pos="X">glavi</wf>
         <wf lemma="." pos="X">.</wf>
      </sentence>
      <sentence id="d000.s4341" source="wordnet-croatian">
         <wf lemma="Ova" pos="X">Ova</wf>
         <wf lemma="se" pos="X">se</wf>
         <wf lemma="pravila" pos="X">pravila</wf>
         <wf lemma="odnose" pos="X">odnose</wf>
         <wf lemma="na" pos="X">na</wf>
         <instance id="d000.s4341.t000" lemma="specifičan" pos="ADJ">specifične</instance>
         <wf lemma="situacije" pos="X">situacije</wf>
         <wf lemma="." pos="X">.</wf>
      </sentence>
      <sentence id="d000.s4342" source="wordnet-croatian">
         <wf lemma="On" pos="X">On</wf>
         <wf lemma="investira" pos="X">investira</wf>
         <wf lemma="samo" pos="X">samo</wf>
         <wf lemma="u" pos="X">u</wf>
         <wf lemma="velike" pos="X">velike</wf>
         <wf lemma="svjetske" pos="X">svjetske</wf>
         <instance id="d000.s4342.t000" lemma="kompanija" pos="NOUN">kompanije</instance>
         <wf lemma="." pos="X">.</wf>
      </sentence>
      <sentence id="d000.s4343" source="wordnet-croatian">
         <instance id="d000.s4343.t000" lemma="smanjivanje" pos="NOUN">Smanjivanje</instance>
         <wf lemma="plaća" pos="X">plaća</wf>
         <wf lemma="posljedica" pos="X">posljedica</wf>
         <wf lemma="je" pos="X">je</wf>
         <wf lemma="recesije" pos="X">recesije</wf>
         <wf lemma="." pos="X">.</wf>
      </sentence>
      <sentence id="d000.s4344" source="wordnet-croatian">
         <wf lemma="U" pos="X">U</wf>
         <instance id="d000.s4344.t000" lemma="udar" pos="NOUN">udaru</instance>
         <wf lemma="na" pos="X">na</wf>
         <wf lemma="Dubrovnik" pos="X">Dubrovnik</wf>
         <wf lemma="oštećene" pos="X">oštećene</wf>
         <wf lemma="su" pos="X">su</wf>
         <wf lemma="mnoge" pos="X">mnoge</wf>
         <wf lemma="građevine" pos="X">građevine</wf>
         <wf lemma="." pos="X">.</wf>
      </sentence>
      <sentence id="d000.s4345" source="wordnet-croatian">
         <wf lemma="Jurili" pos="X">Jurili</wf>
         <wf lemma="su" pos="X">su</wf>
         <instance id="d000.s4345.t000" lemma="brzina" pos="NOUN">brzinom</instance>
         <wf lemma="od" pos="X">od</wf>
         <wf lemma="220" pos="X">220</wf>
         <wf lemma="km/h" pos="X">km/h</wf>
         <wf lemma="." pos="X">.</wf>
      </sentence>
      <sentence id="d000.s4346" source="wordnet-croatian">
         <wf lemma="Izgubljeni" pos="X">Izgubljeni</wf>
         <wf lemma="planinari" pos="X">planinari</wf>
         <wf lemma="pronašli" pos="X">pronašli</wf>
         <wf lemma="su" pos="X">su</wf>
         <instance id="d000.s4346.t000" lemma="zaklon" pos="NOUN">zaklon</instance>
         <wf lemma="od" pos="X">od</wf>
         <wf lemma="oluje" pos="X">oluje</wf>
         <wf lemma="." pos="X">.</wf>
      </sentence>
      <sentence id="d000.s4347" source="wordnet-croatian">
         <instance id="d000.s4347.t000" lemma="rastopiti" pos="VERB">Rastopila</instance>
         <wf lemma="sam" pos="X">sam</wf>
         <wf lemma="žlicu" pos="X">žlicu</wf>
         <wf lemma="šećera" pos="X">šećera</wf>
         <wf lemma="u" pos="X">u</wf>
         <wf lemma="čaši" pos="X">čaši</wf>
         <wf lemma="vode" pos="X">vode</wf>
         <wf lemma="prijateljici" pos="X">prijateljici</wf>
         <wf lemma="koja" pos="X">koja</wf>
         <wf lemma="se" pos="X">se</wf>
         <wf lemma="srušila" pos="X">srušila</wf>
         <wf lemma="u" pos="X">u</wf>
         <wf lemma="nesvijest" pos="X">nesvijest</wf>
         <wf lemma="." pos="X">.</wf>
      </sentence>
      <sentence id="d000.s4348" source="wordnet-croatian">
         <wf lemma="Imala" pos="X">Imala</wf>
         <wf lemma="je" pos="X">je</wf>
         <wf lemma="redove" pos="X">redove</wf>
         <instance id="d000.s4348.t000" lemma="polica" pos="NOUN">polica</instance>
         <wf lemma="prepune" pos="X">prepune</wf>
         <wf lemma="knjiga" pos="X">knjiga</wf>
         <wf lemma="." pos="X">.</wf>
      </sentence>
      <sentence id="d000.s4349" source="wordnet-croatian">
         <wf lemma="Svaki" pos="X">Svaki</wf>
         <wf lemma="poljoprivrednik" pos="X">poljoprivrednik</wf>
         <wf lemma="ima" pos="X">ima</wf>
         <wf lemma="stotine" pos="X">stotine</wf>
         <wf lemma="nepredvidljivih" pos="X">nepredvidljivih</wf>
         <instance id="d000.s4349.t000" lemma="obveza" pos="NOUN">obveza</instance>
         <wf lemma="." pos="X">.</wf>
      </sentence>
      <sentence id="d000.s4350" source="wordnet-croatian">
         <wf lemma="Mačka" pos="X">Mačka</wf>
         <wf lemma="mi" pos="X">mi</wf>
         <wf lemma="je" pos="X">je</wf>
         <wf lemma="pojela" pos="X">pojela</wf>
         <instance id="d000.s4350.t000" lemma="djelić" pos="NOUN">djeliće</instance>
         <wf lemma="razbijenog" pos="X">razbijenog</wf>
         <wf lemma="stakla" pos="X">stakla</wf>
         <wf lemma="." pos="X">.</wf>
      </sentence>
      <sentence id="d000.s4351" source="wordnet-croatian">
         <wf lemma="Nakon" pos="X">Nakon</wf>
         <wf lemma="višemjesečnog" pos="X">višemjesečnog</wf>
         <wf lemma="nagovaranja" pos="X">nagovaranja</wf>
         <instance id="d000.s4351.t000" lemma="prisiliti" pos="VERB">prisilila</instance>
         <wf lemma="me" pos="X">me</wf>
         <wf lemma="je" pos="X">je</wf>
         <wf lemma="na" pos="X">na</wf>
         <wf lemma="kupnju" pos="X">kupnju</wf>
         <wf lemma="novog" pos="X">novog</wf>
         <wf lemma="auta" pos="X">auta</wf>
         <wf lemma="." pos="X">.</wf>
      </sentence>
      <sentence id="d000.s4352" source="wordnet-croatian">
         <wf lemma="Znamo" pos="X">Znamo</wf>
         <wf lemma="se" pos="X">se</wf>
         <wf lemma="već" pos="X">već</wf>
         <instance id="d000.s4352.t000" lemma="godina" pos="NOUN">godinama</instance>
         <wf lemma="." pos="X">.</wf>
      </sentence>
      <sentence id="d000.s4353" source="wordnet-croatian">
         <wf lemma="Nije" pos="X">Nije</wf>
         <wf lemma="bilo" pos="X">bilo</wf>
         <wf lemma="svjetla" pos="X">svjetla</wf>
         <wf lemma="u" pos="X">u</wf>
         <instance id="d000.s4353.t000" lemma="hodnik" pos="NOUN">hodniku</instance>
         <wf lemma="pa" pos="X">pa</wf>
         <wf lemma="je" pos="X">je</wf>
         <wf lemma="jedva" pos="X">jedva</wf>
         <wf lemma="pronašao" pos="X">pronašao</wf>
         <wf lemma="vrata" pos="X">vrata</wf>
         <wf lemma="dnevne" pos="X">dnevne</wf>
         <wf lemma="sobe" pos="X">sobe</wf>
         <wf lemma="." pos="X">.</wf>
      </sentence>
      <sentence id="d000.s4354" source="wordnet-croatian">
         <wf lemma="Bogati" pos="X">Bogati</wf>
         <wf lemma="poduzetnik" pos="X">poduzetnik</wf>
         <wf lemma="osnovao" pos="X">osnovao</wf>
         <wf lemma="je" pos="X">je</wf>
         <instance id="d000.s4354.t000" lemma="zaklada" pos="NOUN">zakladu</instance>
         <wf lemma="za" pos="X">za</wf>
         <wf lemma="svoga" pos="X">svoga</wf>
         <wf lemma="sina" pos="X">sina</wf>
         <wf lemma="." pos="X">.</wf>
      </sentence>
      <sentence id="d000.s4355" source="wordnet-croatian">
         <wf lemma="Izmeđi" pos="X">Izmeđi</wf>
         <wf lemma="svake" pos="X">svake</wf>
         <wf lemma="gredice" pos="X">gredice</wf>
         <wf lemma="u" pos="X">u</wf>
         <wf lemma="vrtu" pos="X">vrtu</wf>
         <wf lemma="mora" pos="X">mora</wf>
         <wf lemma="biti" pos="X">biti</wf>
         <wf lemma="malen" pos="X">malen</wf>
         <instance id="d000.s4355.t000" lemma="prolaz" pos="NOUN">prolaz</instance>
         <wf lemma="." pos="X">.</wf>
      </sentence>
      <sentence id="d000.s4356" source="wordnet-croatian">
         <wf lemma="Bio" pos="X">Bio</wf>
         <wf lemma="je" pos="X">je</wf>
         <wf lemma="vrlo" pos="X">vrlo</wf>
         <instance id="d000.s4356.t000" lemma="umješan" pos="ADJ">umješan</instance>
         <wf lemma="kuhar" pos="X">kuhar</wf>
         <wf lemma="." pos="X">.</wf>
      </sentence>
      <sentence id="d000.s4357" source="wordnet-croatian">
         <wf lemma="Tražio" pos="X">Tražio</wf>
         <wf lemma="je" pos="X">je</wf>
         <wf lemma="po" pos="X">po</wf>
         <instance id="d000.s4357.t000" lemma="kutija" pos="NOUN">kutiji</instance>
         <wf lemma="dio" pos="X">dio</wf>
         <wf lemma="koji" pos="X">koji</wf>
         <wf lemma="mu" pos="X">mu</wf>
         <wf lemma="je" pos="X">je</wf>
         <wf lemma="nedostajao" pos="X">nedostajao</wf>
         <wf lemma="." pos="X">.</wf>
      </sentence>
      <sentence id="d000.s4358" source="wordnet-croatian">
         <wf lemma="Apotekar" pos="X">Apotekar</wf>
         <wf lemma="je" pos="X">je</wf>
         <instance id="d000.s4358.t000" lemma="skuhati" pos="VERB">skuhao</instance>
         <wf lemma="pripravak" pos="X">pripravak</wf>
         <wf lemma="u" pos="X">u</wf>
         <wf lemma="željeznom" pos="X">željeznom</wf>
         <wf lemma="loncu" pos="X">loncu</wf>
         <wf lemma="." pos="X">.</wf>
      </sentence>
      <sentence id="d000.s4359" source="wordnet-croatian">
         <wf lemma="Zavalili" pos="X">Zavalili</wf>
         <wf lemma="su" pos="X">su</wf>
         <wf lemma="se" pos="X">se</wf>
         <wf lemma="u" pos="X">u</wf>
         <instance id="d000.s4359.t000" lemma="kauč" pos="NOUN">kauč</instance>
         <wf lemma="i" pos="X">i</wf>
         <wf lemma="gledali" pos="X">gledali</wf>
         <wf lemma="romantičan" pos="X">romantičan</wf>
         <wf lemma="film" pos="X">film</wf>
         <wf lemma="." pos="X">.</wf>
      </sentence>
      <sentence id="d000.s4360" source="wordnet-croatian">
         <wf lemma="Kroz" pos="X">Kroz</wf>
         <instance id="d000.s4360.t000" lemma="rupa" pos="NOUN">rupu</instance>
         <wf lemma="je" pos="X">je</wf>
         <wf lemma="provukao" pos="X">provukao</wf>
         <wf lemma="kabel" pos="X">kabel</wf>
         <wf lemma="iz" pos="X">iz</wf>
         <wf lemma="jedne" pos="X">jedne</wf>
         <wf lemma="prostorije" pos="X">prostorije</wf>
         <wf lemma="u" pos="X">u</wf>
         <wf lemma="drugu" pos="X">drugu</wf>
         <wf lemma="." pos="X">.</wf>
      </sentence>
      <sentence id="d000.s4361" source="wordnet-croatian">
         <wf lemma="U" pos="X">U</wf>
         <wf lemma="Hrvatskoj" pos="X">Hrvatskoj</wf>
         <wf lemma="postoji" pos="X">postoji</wf>
         <wf lemma="veliko" pos="X">veliko</wf>
         <instance id="d000.s4361.t000" lemma="tržište" pos="NOUN">tržište</instance>
         <wf lemma="za" pos="X">za</wf>
         <wf lemma="poljoprivredne" pos="X">poljoprivredne</wf>
         <wf lemma="proizvode" pos="X">proizvode</wf>
         <wf lemma="." pos="X">.</wf>
      </sentence>
      <sentence id="d000.s4362" source="wordnet-croatian">
         <instance id="d000.s4362.t000" lemma="raznovrstan" pos="ADJ">Raznovrstan</instance>
         <wf lemma="program" pos="X">program</wf>
         <wf lemma="glazbenih" pos="X">glazbenih</wf>
         <wf lemma="večeri" pos="X">večeri</wf>
         <wf lemma="u" pos="X">u</wf>
         <wf lemma="Zadru" pos="X">Zadru</wf>
         <wf lemma="privukao" pos="X">privukao</wf>
         <wf lemma="je" pos="X">je</wf>
         <wf lemma="velik" pos="X">velik</wf>
         <wf lemma="broj" pos="X">broj</wf>
         <wf lemma="ljudi" pos="X">ljudi</wf>
         <wf lemma="." pos="X">.</wf>
      </sentence>
      <sentence id="d000.s4363" source="wordnet-croatian">
         <wf lemma="Haljina" pos="X">Haljina</wf>
         <wf lemma="joj" pos="X">joj</wf>
         <wf lemma="je" pos="X">je</wf>
         <wf lemma="puno" pos="X">puno</wf>
         <wf lemma="ljepše" pos="X">ljepše</wf>
         <wf lemma="stajala" pos="X">stajala</wf>
         <wf lemma="kada" pos="X">kada</wf>
         <wf lemma="je" pos="X">je</wf>
         <wf lemma="ispot" pos="X">ispot</wf>
         <wf lemma="stavila" pos="X">stavila</wf>
         <instance id="d000.s4363.t000" lemma="steznik" pos="NOUN">steznik</instance>
         <wf lemma="." pos="X">.</wf>
      </sentence>
      <sentence id="d000.s4364" source="wordnet-croatian">
         <wf lemma="On" pos="X">On</wf>
         <wf lemma="je" pos="X">je</wf>
         <wf lemma="slijep" pos="X">slijep</wf>
         <wf lemma="-" pos="X">-</wf>
         <wf lemma="ne" pos="X">ne</wf>
         <instance id="d000.s4364.t000" lemma="vidjeti" pos="VERB">vidi</instance>
         <wf lemma="." pos="X">.</wf>
      </sentence>
      <sentence id="d000.s4365" source="wordnet-croatian">
         <instance id="d000.s4365.t000" lemma="pas" pos="NOUN">Pas</instance>
         <wf lemma="je" pos="X">je</wf>
         <wf lemma="lajao" pos="X">lajao</wf>
         <wf lemma="čekajući" pos="X">čekajući</wf>
         <wf lemma="vlasnika" pos="X">vlasnika</wf>
         <wf lemma="ispred" pos="X">ispred</wf>
         <wf lemma="dućana" pos="X">dućana</wf>
         <wf lemma="." pos="X">.</wf>
      </sentence>
      <sentence id="d000.s4366" source="wordnet-croatian">
         <wf lemma="Moram" pos="X">Moram</wf>
         <wf lemma="rublje" pos="X">rublje</wf>
         <wf lemma="odnijeti" pos="X">odnijeti</wf>
         <wf lemma="u" pos="X">u</wf>
         <instance id="d000.s4366.t000" lemma="praonica" pos="NOUN">praonicu</instance>
         <wf lemma="," pos="X">,</wf>
         <wf lemma="pokvarila" pos="X">pokvarila</wf>
         <wf lemma="mi" pos="X">mi</wf>
         <wf lemma="se" pos="X">se</wf>
         <wf lemma="perilica" pos="X">perilica</wf>
         <wf lemma="kod" pos="X">kod</wf>
         <wf lemma="kuće" pos="X">kuće</wf>
         <wf lemma="." pos="X">.</wf>
      </sentence>
      <sentence id="d000.s4367" source="wordnet-croatian">
         <wf lemma="Ona" pos="X">Ona</wf>
         <wf lemma="je" pos="X">je</wf>
         <wf lemma="s" pos="X">s</wf>
         <wf lemma="užitkom" pos="X">užitkom</wf>
         <instance id="d000.s4367.t000" lemma="odbaciti" pos="VERB">odbacila</instance>
         <wf lemma="njegovo" pos="X">njegovo</wf>
         <wf lemma="udvaranje" pos="X">udvaranje</wf>
         <wf lemma="." pos="X">.</wf>
      </sentence>
      <sentence id="d000.s4368" source="wordnet-croatian">
         <instance id="d000.s4368.t000" lemma="pristup" pos="NOUN">Pristup</instance>
         <wf lemma="bolesnikovoj" pos="X">bolesnikovoj</wf>
         <wf lemma="sobi" pos="X">sobi</wf>
         <wf lemma="nije" pos="X">nije</wf>
         <wf lemma="bio" pos="X">bio</wf>
         <wf lemma="dozvoljen" pos="X">dozvoljen</wf>
         <wf lemma="." pos="X">.</wf>
      </sentence>
      <sentence id="d000.s4369" source="wordnet-croatian">
         <wf lemma="Prolazio" pos="X">Prolazio</wf>
         <wf lemma="je" pos="X">je</wf>
         <wf lemma="još" pos="X">još</wf>
         <wf lemma="jedan" pos="X">jedan</wf>
         <wf lemma="od" pos="X">od</wf>
         <wf lemma="onih" pos="X">onih</wf>
         <instance id="d000.s4369.t000" lemma="dosadan" pos="ADJ">dosadnih</instance>
         <wf lemma="dana" pos="X">dana</wf>
         <wf lemma="kada" pos="X">kada</wf>
         <wf lemma="jednostavno" pos="X">jednostavno</wf>
         <wf lemma="ne" pos="X">ne</wf>
         <wf lemma="znaš" pos="X">znaš</wf>
         <wf lemma="što" pos="X">što</wf>
         <wf lemma="bi" pos="X">bi</wf>
         <wf lemma="radio" pos="X">radio</wf>
         <wf lemma="." pos="X">.</wf>
      </sentence>
      <sentence id="d000.s4370" source="wordnet-croatian">
         <wf lemma="Sve" pos="X">Sve</wf>
         <wf lemma="su" pos="X">su</wf>
         <wf lemma="ruže" pos="X">ruže</wf>
         <wf lemma="u" pos="X">u</wf>
         <wf lemma="našem" pos="X">našem</wf>
         <wf lemma="vrtu" pos="X">vrtu</wf>
         <instance id="d000.s4370.t000" lemma="propupati" pos="VERB">propupale</instance>
         <wf lemma="." pos="X">.</wf>
      </sentence>
      <sentence id="d000.s4371" source="wordnet-croatian">
         <instance id="d000.s4371.t000" lemma="veličanstvenost" pos="NOUN">Veličanstvenost</instance>
         <wf lemma="građevine" pos="X">građevine</wf>
         <wf lemma="mogla" pos="X">mogla</wf>
         <wf lemma="se" pos="X">se</wf>
         <wf lemma="osjetiti" pos="X">osjetiti</wf>
         <wf lemma="čak" pos="X">čak</wf>
         <wf lemma="i" pos="X">i</wf>
         <wf lemma="na" pos="X">na</wf>
         <wf lemma="fotografijama" pos="X">fotografijama</wf>
         <wf lemma="." pos="X">.</wf>
      </sentence>
      <sentence id="d000.s4372" source="wordnet-croatian">
         <wf lemma="Preveliki" pos="X">Preveliki</wf>
         <wf lemma="stres" pos="X">stres</wf>
         <instance id="d000.s4372.t000" lemma="narušiti" pos="VERB">narušio</instance>
         <wf lemma="je" pos="X">je</wf>
         <wf lemma="njezino" pos="X">njezino</wf>
         <wf lemma="zdravlje" pos="X">zdravlje</wf>
         <wf lemma="." pos="X">.</wf>
      </sentence>
      <sentence id="d000.s4373" source="wordnet-croatian">
         <wf lemma="Popio" pos="X">Popio</wf>
         <wf lemma="je" pos="X">je</wf>
         <wf lemma="šalicu" pos="X">šalicu</wf>
         <instance id="d000.s4373.t000" lemma="jak" pos="ADJ">jake</instance>
         <wf lemma="kave" pos="X">kave</wf>
         <wf lemma="i" pos="X">i</wf>
         <wf lemma="to" pos="X">to</wf>
         <wf lemma="ga" pos="X">ga</wf>
         <wf lemma="je" pos="X">je</wf>
         <wf lemma="razbudilo" pos="X">razbudilo</wf>
         <wf lemma="." pos="X">.</wf>
      </sentence>
      <sentence id="d000.s4374" source="wordnet-croatian">
         <wf lemma="Na" pos="X">Na</wf>
         <wf lemma="loš" pos="X">loš</wf>
         <wf lemma="rezultat" pos="X">rezultat</wf>
         <wf lemma="utakmice" pos="X">utakmice</wf>
         <wf lemma="utjecao" pos="X">utjecao</wf>
         <wf lemma="je" pos="X">je</wf>
         <wf lemma="čitav" pos="X">čitav</wf>
         <wf lemma="niz" pos="X">niz</wf>
         <wf lemma="negativnih" pos="X">negativnih</wf>
         <instance id="d000.s4374.t000" lemma="faktor" pos="NOUN">faktora</instance>
         <wf lemma="." pos="X">.</wf>
      </sentence>
      <sentence id="d000.s4375" source="wordnet-croatian">
         <wf lemma="Vlasnik" pos="X">Vlasnik</wf>
         <wf lemma="stada" pos="X">stada</wf>
         <wf lemma="svaku" pos="X">svaku</wf>
         <wf lemma="je" pos="X">je</wf>
         <wf lemma="ovcu" pos="X">ovcu</wf>
         <wf lemma="označio" pos="X">označio</wf>
         <instance id="d000.s4375.t000" lemma="znak" pos="NOUN">znakom</instance>
         <wf lemma="svoje" pos="X">svoje</wf>
         <wf lemma="farme" pos="X">farme</wf>
         <wf lemma="." pos="X">.</wf>
      </sentence>
      <sentence id="d000.s4376" source="wordnet-croatian">
         <wf lemma="Ana" pos="X">Ana</wf>
         <wf lemma="je" pos="X">je</wf>
         <wf lemma="iz" pos="X">iz</wf>
         <wf lemma="auta" pos="X">auta</wf>
         <wf lemma="promatrala" pos="X">promatrala</wf>
         <instance id="d000.s4376.t000" lemma="naličje" pos="NOUN">naličje</instance>
         <wf lemma="zgrade" pos="X">zgrade</wf>
         <wf lemma="." pos="X">.</wf>
      </sentence>
      <sentence id="d000.s4377" source="wordnet-croatian">
         <wf lemma="Vidiš" pos="X">Vidiš</wf>
         <wf lemma="li" pos="X">li</wf>
         <wf lemma="točku" pos="X">točku</wf>
         <wf lemma="kojoj" pos="X">kojoj</wf>
         <wf lemma="pravci" pos="X">pravci</wf>
         <instance id="d000.s4377.t000" lemma="konvergirati" pos="VERB">konvergiraju</instance>
         <wf lemma="?" pos="X">?</wf>
      </sentence>
      <sentence id="d000.s4378" source="wordnet-croatian">
         <wf lemma="Požar" pos="X">Požar</wf>
         <wf lemma="uništava" pos="X">uništava</wf>
         <wf lemma="sve" pos="X">sve</wf>
         <wf lemma="na" pos="X">na</wf>
         <wf lemma="svome" pos="X">svome</wf>
         <instance id="d000.s4378.t000" lemma="put" pos="NOUN">putu</instance>
         <wf lemma="." pos="X">.</wf>
      </sentence>
      <sentence id="d000.s4379" source="wordnet-croatian">
         <wf lemma="Tko" pos="X">Tko</wf>
         <instance id="d000.s4379.t000" lemma="voditi" pos="VERB">vodi</instance>
         <wf lemma="ovaj" pos="X">ovaj</wf>
         <wf lemma="projekt" pos="X">projekt</wf>
         <wf lemma="?" pos="X">?</wf>
      </sentence>
      <sentence id="d000.s4380" source="wordnet-croatian">
         <instance id="d000.s4380.t000" lemma="raditi" pos="VERB">Radila</instance>
         <wf lemma="je" pos="X">je</wf>
         <wf lemma="na" pos="X">na</wf>
         <wf lemma="poboljšanju" pos="X">poboljšanju</wf>
         <wf lemma="životnih" pos="X">životnih</wf>
         <wf lemma="uvjeta" pos="X">uvjeta</wf>
         <wf lemma="u" pos="X">u</wf>
         <wf lemma="Africi" pos="X">Africi</wf>
         <wf lemma="." pos="X">.</wf>
      </sentence>
      <sentence id="d000.s4381" source="wordnet-croatian">
         <wf lemma="Mali" pos="X">Mali</wf>
         <wf lemma="znaci" pos="X">znaci</wf>
         <wf lemma="pažnje" pos="X">pažnje</wf>
         <wf lemma="osobu" pos="X">osobu</wf>
         <wf lemma="mogu" pos="X">mogu</wf>
         <instance id="d000.s4381.t000" lemma="razveseliti" pos="VERB">razveseliti</instance>
         <wf lemma="više" pos="X">više</wf>
         <wf lemma="od" pos="X">od</wf>
         <wf lemma="dobitka" pos="X">dobitka</wf>
         <wf lemma="na" pos="X">na</wf>
         <wf lemma="lotu" pos="X">lotu</wf>
         <wf lemma="." pos="X">.</wf>
      </sentence>
      <sentence id="d000.s4382" source="wordnet-croatian">
         <wf lemma="Bio" pos="X">Bio</wf>
         <wf lemma="je" pos="X">je</wf>
         <wf lemma="veoma" pos="X">veoma</wf>
         <instance id="d000.s4382.t000" lemma="obazriv" pos="ADJ">obazriv</instance>
         <wf lemma="," pos="X">,</wf>
         <wf lemma="činio" pos="X">činio</wf>
         <wf lemma="je" pos="X">je</wf>
         <wf lemma="sve" pos="X">sve</wf>
         <wf lemma="da" pos="X">da</wf>
         <wf lemma="ne" pos="X">ne</wf>
         <wf lemma="povrijedi" pos="X">povrijedi</wf>
         <wf lemma="njezine" pos="X">njezine</wf>
         <wf lemma="osjećaje" pos="X">osjećaje</wf>
         <wf lemma="." pos="X">.</wf>
      </sentence>
      <sentence id="d000.s4383" source="wordnet-croatian">
         <wf lemma="Elton" pos="X">Elton</wf>
         <wf lemma="John" pos="X">John</wf>
         <wf lemma="autor" pos="X">autor</wf>
         <wf lemma="je" pos="X">je</wf>
         <wf lemma="mnogih" pos="X">mnogih</wf>
         <wf lemma="dirljivih" pos="X">dirljivih</wf>
         <wf lemma="ljubavnih" pos="X">ljubavnih</wf>
         <instance id="d000.s4383.t000" lemma="popjevka" pos="NOUN">popjevki</instance>
         <wf lemma="." pos="X">.</wf>
      </sentence>
      <sentence id="d000.s4384" source="wordnet-croatian">
         <wf lemma="Volim" pos="X">Volim</wf>
         <wf lemma="kada" pos="X">kada</wf>
         <wf lemma="gosti" pos="X">gosti</wf>
         <wf lemma="lijepo" pos="X">lijepo</wf>
         <instance id="d000.s4384.t000" lemma="zamotati" pos="VERB">zamotaju</instance>
         <wf lemma="poklone" pos="X">poklone</wf>
         <wf lemma="za" pos="X">za</wf>
         <wf lemma="moj" pos="X">moj</wf>
         <wf lemma="rođendan" pos="X">rođendan</wf>
         <wf lemma="." pos="X">.</wf>
      </sentence>
      <sentence id="d000.s4385" source="wordnet-croatian">
         <instance id="d000.s4385.t000" lemma="organizator" pos="NOUN">Organizatori</instance>
         <wf lemma="Motovuna" pos="X">Motovuna</wf>
         <wf lemma="najavili" pos="X">najavili</wf>
         <wf lemma="su" pos="X">su</wf>
         <wf lemma="dolazak" pos="X">dolazak</wf>
         <wf lemma="velike" pos="X">velike</wf>
         <wf lemma="filmske" pos="X">filmske</wf>
         <wf lemma="zvijezde" pos="X">zvijezde</wf>
         <wf lemma="." pos="X">.</wf>
      </sentence>
      <sentence id="d000.s4386" source="wordnet-croatian">
         <wf lemma="U" pos="X">U</wf>
         <wf lemma="antici" pos="X">antici</wf>
         <wf lemma="je" pos="X">je</wf>
         <instance id="d000.s4386.t000" lemma="govorništvo" pos="NOUN">govorništvo</instance>
         <wf lemma="bilo" pos="X">bilo</wf>
         <wf lemma="iznimno" pos="X">iznimno</wf>
         <wf lemma="cijenjeno" pos="X">cijenjeno</wf>
         <wf lemma="." pos="X">.</wf>
      </sentence>
      <sentence id="d000.s4387" source="wordnet-croatian">
         <wf lemma="Lječilište" pos="X">Lječilište</wf>
         <wf lemma="je" pos="X">je</wf>
         <wf lemma="nakon" pos="X">nakon</wf>
         <wf lemma="godinu" pos="X">godinu</wf>
         <wf lemma="dana" pos="X">dana</wf>
         <wf lemma="dobilo" pos="X">dobilo</wf>
         <wf lemma="službeni" pos="X">službeni</wf>
         <instance id="d000.s4387.t000" lemma="jestvenik" pos="NOUN">jestvenik</instance>
         <wf lemma="odobren" pos="X">odobren</wf>
         <wf lemma="od" pos="X">od</wf>
         <wf lemma="Ministarstva" pos="X">Ministarstva</wf>
         <wf lemma="zdravstva" pos="X">zdravstva</wf>
         <wf lemma="." pos="X">.</wf>
      </sentence>
      <sentence id="d000.s4388" source="wordnet-croatian">
         <wf lemma="Studenti" pos="X">Studenti</wf>
         <wf lemma="su" pos="X">su</wf>
         <wf lemma="čekali" pos="X">čekali</wf>
         <instance id="d000.s4388.t000" lemma="rezultat" pos="NOUN">rezultate</instance>
         <wf lemma="ispita" pos="X">ispita</wf>
         <wf lemma="pet" pos="X">pet</wf>
         <wf lemma="dana" pos="X">dana</wf>
         <wf lemma="." pos="X">.</wf>
      </sentence>
      <sentence id="d000.s4389" source="wordnet-croatian">
         <wf lemma="Dobro" pos="X">Dobro</wf>
         <wf lemma="sam" pos="X">sam</wf>
         <instance id="d000.s4389.t000" lemma="rasporediti" pos="VERB">rasporedila</instance>
         <wf lemma="svoje" pos="X">svoje</wf>
         <wf lemma="slobodno" pos="X">slobodno</wf>
         <wf lemma="vrijeme" pos="X">vrijeme</wf>
         <wf lemma="." pos="X">.</wf>
      </sentence>
      <sentence id="d000.s4390" source="wordnet-croatian">
         <wf lemma="Stari" pos="X">Stari</wf>
         <wf lemma="su" pos="X">su</wf>
         <wf lemma="Egipćani" pos="X">Egipćani</wf>
         <wf lemma="zelenu" pos="X">zelenu</wf>
         <wf lemma="boju" pos="X">boju</wf>
         <wf lemma="dobivali" pos="X">dobivali</wf>
         <wf lemma="od" pos="X">od</wf>
         <wf lemma="zelenog" pos="X">zelenog</wf>
         <instance id="d000.s4390.t000" lemma="pigment" pos="NOUN">pigmenta</instance>
         <wf lemma="poludragog" pos="X">poludragog</wf>
         <wf lemma="kamenja" pos="X">kamenja</wf>
         <wf lemma="poput" pos="X">poput</wf>
         <wf lemma="malahita" pos="X">malahita</wf>
         <wf lemma="." pos="X">.</wf>
      </sentence>
      <sentence id="d000.s4391" source="wordnet-croatian">
         <instance id="d000.s4391.t000" lemma="općenitost" pos="NOUN">Općenitost</instance>
         <wf lemma="i" pos="X">i</wf>
         <wf lemma="stereotipnost" pos="X">stereotipnost</wf>
         <wf lemma="nekih" pos="X">nekih</wf>
         <wf lemma="vrijednosti" pos="X">vrijednosti</wf>
         <wf lemma="izraz" pos="X">izraz</wf>
         <wf lemma="je" pos="X">je</wf>
         <wf lemma="početnog" pos="X">početnog</wf>
         <wf lemma="opreza" pos="X">opreza</wf>
         <wf lemma="pri" pos="X">pri</wf>
         <wf lemma="osnivanju" pos="X">osnivanju</wf>
         <wf lemma="stranke" pos="X">stranke</wf>
         <wf lemma="." pos="X">.</wf>
      </sentence>
      <sentence id="d000.s4392" source="wordnet-croatian">
         <wf lemma="Poderala" pos="X">Poderala</wf>
         <wf lemma="je" pos="X">je</wf>
         <wf lemma="pismo" pos="X">pismo</wf>
         <wf lemma="koje" pos="X">koje</wf>
         <wf lemma="je" pos="X">je</wf>
         <wf lemma="pisala" pos="X">pisala</wf>
         <wf lemma="i" pos="X">i</wf>
         <wf lemma="uzela" pos="X">uzela</wf>
         <wf lemma="novi" pos="X">novi</wf>
         <wf lemma="prazni" pos="X">prazni</wf>
         <instance id="d000.s4392.t000" lemma="list" pos="NOUN">list</instance>
         <wf lemma="papira" pos="X">papira</wf>
         <wf lemma="." pos="X">.</wf>
      </sentence>
      <sentence id="d000.s4393" source="wordnet-croatian">
         <instance id="d000.s4393.t000" lemma="planirati" pos="VERB">Planira</instance>
         <wf lemma="obilazak" pos="X">obilazak</wf>
         <wf lemma="svih" pos="X">svih</wf>
         <wf lemma="nacionalnih" pos="X">nacionalnih</wf>
         <wf lemma="parkova" pos="X">parkova</wf>
         <wf lemma="s" pos="X">s</wf>
         <wf lemma="obitelji" pos="X">obitelji</wf>
         <wf lemma="." pos="X">.</wf>
      </sentence>
      <sentence id="d000.s4394" source="wordnet-croatian">
         <instance id="d000.s4394.t000" lemma="kognicija" pos="NOUN">Kognicija</instance>
         <wf lemma="uključuje" pos="X">uključuje</wf>
         <wf lemma="iskustvo" pos="X">iskustvo</wf>
         <wf lemma="saznanja" pos="X">saznanja</wf>
         <wf lemma="," pos="X">,</wf>
         <wf lemma="opažanja" pos="X">opažanja</wf>
         <wf lemma="," pos="X">,</wf>
         <wf lemma="prepoznavanja" pos="X">prepoznavanja</wf>
         <wf lemma="," pos="X">,</wf>
         <wf lemma="rasuđivanja" pos="X">rasuđivanja</wf>
         <wf lemma="i" pos="X">i</wf>
         <wf lemma="zaključivanja" pos="X">zaključivanja</wf>
         <wf lemma="." pos="X">.</wf>
      </sentence>
      <sentence id="d000.s4395" source="wordnet-croatian">
         <wf lemma="Taj" pos="X">Taj</wf>
         <wf lemma="glagol" pos="X">glagol</wf>
         <wf lemma="upoće" pos="X">upoće</wf>
         <wf lemma="ne" pos="X">ne</wf>
         <wf lemma="pripada" pos="X">pripada</wf>
         <wf lemma="tomu" pos="X">tomu</wf>
         <instance id="d000.s4395.t000" lemma="razred" pos="NOUN">razredu</instance>
         <wf lemma="." pos="X">.</wf>
      </sentence>
      <sentence id="d000.s4396" source="wordnet-croatian">
         <instance id="d000.s4396.t000" lemma="opaziti" pos="VERB">Opazila</instance>
         <wf lemma="je" pos="X">je</wf>
         <wf lemma="životinjske" pos="X">životinjske</wf>
         <wf lemma="trage" pos="X">trage</wf>
         <wf lemma="u" pos="X">u</wf>
         <wf lemma="snijegu" pos="X">snijegu</wf>
         <wf lemma="." pos="X">.</wf>
      </sentence>
      <sentence id="d000.s4397" source="wordnet-croatian">
         <wf lemma="Nisam" pos="X">Nisam</wf>
         <wf lemma="još" pos="X">još</wf>
         <instance id="d000.s4397.t000" lemma="jesti" pos="VERB">jeo</instance>
         <wf lemma="," pos="X">,</wf>
         <wf lemma="pa" pos="X">pa</wf>
         <wf lemma="rado" pos="X">rado</wf>
         <wf lemma="prihvaćam" pos="X">prihvaćam</wf>
         <wf lemma="tvoj" pos="X">tvoj</wf>
         <wf lemma="poziv" pos="X">poziv</wf>
         <wf lemma="na" pos="X">na</wf>
         <wf lemma="ručak" pos="X">ručak</wf>
         <wf lemma="." pos="X">.</wf>
      </sentence>
      <sentence id="d000.s4398" source="wordnet-croatian">
         <wf lemma="Izgubila" pos="X">Izgubila</wf>
         <wf lemma="je" pos="X">je</wf>
         <instance id="d000.s4398.t000" lemma="poštovanje" pos="NOUN">poštovanje</instance>
         <wf lemma="prema" pos="X">prema</wf>
         <wf lemma="njemu" pos="X">njemu</wf>
         <wf lemma="." pos="X">.</wf>
      </sentence>
      <sentence id="d000.s4399" source="wordnet-croatian">
         <instance id="d000.s4399.t000" lemma="klementina" pos="NOUN">Klementine</instance>
         <wf lemma="sadrže" pos="X">sadrže</wf>
         <wf lemma="beta-karoten" pos="X">beta-karoten</wf>
         <wf lemma="pa" pos="X">pa</wf>
         <wf lemma="su" pos="X">su</wf>
         <wf lemma="dobre" pos="X">dobre</wf>
         <wf lemma="za" pos="X">za</wf>
         <wf lemma="vid" pos="X">vid</wf>
         <wf lemma="." pos="X">.</wf>
      </sentence>
      <sentence id="d000.s4400" source="wordnet-croatian">
         <wf lemma="Imao" pos="X">Imao</wf>
         <wf lemma="je" pos="X">je</wf>
         <wf lemma="potpuno" pos="X">potpuno</wf>
         <instance id="d000.s4400.t000" lemma="slobodan" pos="ADJ">slobodan</instance>
         <wf lemma="izbor" pos="X">izbor</wf>
         <wf lemma="." pos="X">.</wf>
      </sentence>
      <sentence id="d000.s4401" source="wordnet-croatian">
         <wf lemma="1967." pos="X">1967.</wf>
         <wf lemma="potpisana" pos="X">potpisana</wf>
         <wf lemma="je" pos="X">je</wf>
         <instance id="d000.s4401.t000" lemma="deklaracija" pos="NOUN">Deklaracija</instance>
         <wf lemma="o" pos="X">o</wf>
         <wf lemma="nazivu" pos="X">nazivu</wf>
         <wf lemma="i" pos="X">i</wf>
         <wf lemma="položaju" pos="X">položaju</wf>
         <wf lemma="hrvatskoga" pos="X">hrvatskoga</wf>
         <wf lemma="jezika" pos="X">jezika</wf>
         <wf lemma="." pos="X">.</wf>
      </sentence>
      <sentence id="d000.s4402" source="wordnet-croatian">
         <wf lemma="Mnogima" pos="X">Mnogima</wf>
         <wf lemma="su" pos="X">su</wf>
         <instance id="d000.s4402.t000" lemma="nektarina" pos="NOUN">nektarine</instance>
         <wf lemma="draže" pos="X">draže</wf>
         <wf lemma="od" pos="X">od</wf>
         <wf lemma="breskvi" pos="X">breskvi</wf>
         <wf lemma="jer" pos="X">jer</wf>
         <wf lemma="nemaju" pos="X">nemaju</wf>
         <wf lemma="dlačice" pos="X">dlačice</wf>
         <wf lemma="po" pos="X">po</wf>
         <wf lemma="kori" pos="X">kori</wf>
         <wf lemma="." pos="X">.</wf>
      </sentence>
      <sentence id="d000.s4403" source="wordnet-croatian">
         <wf lemma="Obrana" pos="X">Obrana</wf>
         <wf lemma="se" pos="X">se</wf>
         <wf lemma="usredotočila" pos="X">usredotočila</wf>
         <wf lemma="na" pos="X">na</wf>
         <instance id="d000.s4403.t000" lemma="pobijanje" pos="NOUN">pobijanje</instance>
         <wf lemma="dokaza" pos="X">dokaza</wf>
         <wf lemma="koje" pos="X">koje</wf>
         <wf lemma="je" pos="X">je</wf>
         <wf lemma="predočilo" pos="X">predočilo</wf>
         <wf lemma="tužiteljstvo" pos="X">tužiteljstvo</wf>
         <wf lemma="." pos="X">.</wf>
      </sentence>
      <sentence id="d000.s4404" source="wordnet-croatian">
         <wf lemma="Titovu" pos="X">Titovu</wf>
         <instance id="d000.s4404.t000" lemma="magnetizam" pos="NOUN">magnetizmu</instance>
         <wf lemma="rijetki" pos="X">rijetki</wf>
         <wf lemma="su" pos="X">su</wf>
         <wf lemma="uspjeli" pos="X">uspjeli</wf>
         <wf lemma="odoljeti" pos="X">odoljeti</wf>
         <wf lemma="." pos="X">.</wf>
      </sentence>
      <sentence id="d000.s4405" source="wordnet-croatian">
         <wf lemma="Riječ" pos="X">Riječ</wf>
         <wf lemma="'" pos="X">'</wf>
         <wf lemma="'" pos="X">'</wf>
         <wf lemma="kuća" pos="X">kuća</wf>
         <wf lemma="'" pos="X">'</wf>
         <wf lemma="'" pos="X">'</wf>
         <wf lemma="ima" pos="X">ima</wf>
         <wf lemma="dva" pos="X">dva</wf>
         <instance id="d000.s4405.t000" lemma="slog" pos="NOUN">sloga</instance>
         <wf lemma="." pos="X">.</wf>
      </sentence>
      <sentence id="d000.s4406" source="wordnet-croatian">
         <wf lemma="Između" pos="X">Između</wf>
         <wf lemma="Marije" pos="X">Marije</wf>
         <wf lemma="i" pos="X">i</wf>
         <wf lemma="poznate" pos="X">poznate</wf>
         <wf lemma="glumice" pos="X">glumice</wf>
         <wf lemma="postojala" pos="X">postojala</wf>
         <wf lemma="je" pos="X">je</wf>
         <wf lemma="nevjerojatna" pos="X">nevjerojatna</wf>
         <instance id="d000.s4406.t000" lemma="sličnost" pos="NOUN">sličnost</instance>
         <wf lemma="pa" pos="X">pa</wf>
         <wf lemma="su" pos="X">su</wf>
         <wf lemma="je" pos="X">je</wf>
         <wf lemma="prolaznici" pos="X">prolaznici</wf>
         <wf lemma="često" pos="X">često</wf>
         <wf lemma="zaustavljali" pos="X">zaustavljali</wf>
         <wf lemma="i" pos="X">i</wf>
         <wf lemma="tražili" pos="X">tražili</wf>
         <wf lemma="autogram" pos="X">autogram</wf>
         <wf lemma="." pos="X">.</wf>
      </sentence>
      <sentence id="d000.s4407" source="wordnet-croatian">
         <wf lemma="Napad" pos="X">Napad</wf>
         <wf lemma="na" pos="X">na</wf>
         <wf lemma="ranjenike" pos="X">ranjenike</wf>
         <instance id="d000.s4407.t000" lemma="okončati" pos="VERB">okončao</instance>
         <wf lemma="je" pos="X">je</wf>
         <wf lemma="sve" pos="X">sve</wf>
         <wf lemma="iluzije" pos="X">iluzije</wf>
         <wf lemma="o" pos="X">o</wf>
         <wf lemma="viteškom" pos="X">viteškom</wf>
         <wf lemma="ratovanju" pos="X">ratovanju</wf>
         <wf lemma="." pos="X">.</wf>
      </sentence>
      <sentence id="d000.s4408" source="wordnet-croatian">
         <wf lemma="Teško" pos="X">Teško</wf>
         <wf lemma="je" pos="X">je</wf>
         <wf lemma="prevladati" pos="X">prevladati</wf>
         <instance id="d000.s4408.t000" lemma="žalost" pos="NOUN">žalost</instance>
         <wf lemma="nakon" pos="X">nakon</wf>
         <wf lemma="gubitka" pos="X">gubitka</wf>
         <wf lemma="voljene" pos="X">voljene</wf>
         <wf lemma="osobe" pos="X">osobe</wf>
         <wf lemma="." pos="X">.</wf>
      </sentence>
      <sentence id="d000.s4409" source="wordnet-croatian">
         <wf lemma="Slučajno" pos="X">Slučajno</wf>
         <wf lemma="mu" pos="X">mu</wf>
         <wf lemma="je" pos="X">je</wf>
         <wf lemma="ostao" pos="X">ostao</wf>
         <wf lemma="otvoren" pos="X">otvoren</wf>
         <instance id="d000.s4409.t000" lemma="rasporak" pos="NOUN">rasporak</instance>
         <wf lemma="na" pos="X">na</wf>
         <wf lemma="hlačama" pos="X">hlačama</wf>
         <wf lemma="." pos="X">.</wf>
      </sentence>
      <sentence id="d000.s4410" source="wordnet-croatian">
         <wf lemma="Marko" pos="X">Marko</wf>
         <wf lemma="je" pos="X">je</wf>
         <wf lemma="na" pos="X">na</wf>
         <wf lemma="košarci" pos="X">košarci</wf>
         <instance id="d000.s4410.t000" lemma="istegnuti" pos="VERB">istegnuo</instance>
         <wf lemma="ligament" pos="X">ligament</wf>
         <wf lemma="." pos="X">.</wf>
      </sentence>
      <sentence id="d000.s4411" source="wordnet-croatian">
         <wf lemma="Hladnoća" pos="X">Hladnoća</wf>
         <wf lemma="je" pos="X">je</wf>
         <wf lemma="konačno" pos="X">konačno</wf>
         <instance id="d000.s4411.t000" lemma="popustiti" pos="VERB">popustila</instance>
         <wf lemma="." pos="X">.</wf>
      </sentence>
      <sentence id="d000.s4412" source="wordnet-croatian">
         <wf lemma="Javno" pos="X">Javno</wf>
         <wf lemma="je" pos="X">je</wf>
         <wf lemma="izrazio" pos="X">izrazio</wf>
         <instance id="d000.s4412.t000" lemma="negodovanje" pos="NOUN">negodovanje</instance>
         <wf lemma="zbog" pos="X">zbog</wf>
         <wf lemma="takvog" pos="X">takvog</wf>
         <wf lemma="razvoja" pos="X">razvoja</wf>
         <wf lemma="situacije" pos="X">situacije</wf>
         <wf lemma="." pos="X">.</wf>
      </sentence>
      <sentence id="d000.s4413" source="wordnet-croatian">
         <wf lemma="Takva" pos="X">Takva</wf>
         <wf lemma="realizacija" pos="X">realizacija</wf>
         <wf lemma="projekta" pos="X">projekta</wf>
         <wf lemma="ne" pos="X">ne</wf>
         <instance id="d000.s4413.t000" lemma="ostavljati" pos="VERB">ostavlja</instance>
         <wf lemma="mjesta" pos="X">mjesta</wf>
         <wf lemma="za" pos="X">za</wf>
         <wf lemma="poboljšanje" pos="X">poboljšanje</wf>
         <wf lemma="." pos="X">.</wf>
      </sentence>
      <sentence id="d000.s4414" source="wordnet-croatian">
         <wf lemma="Naglo" pos="X">Naglo</wf>
         <wf lemma="su" pos="X">su</wf>
         <instance id="d000.s4414.t000" lemma="prekinuti" pos="VERB">prekinuli</instance>
         <wf lemma="pregovore" pos="X">pregovore</wf>
         <wf lemma="započete" pos="X">započete</wf>
         <wf lemma="prije" pos="X">prije</wf>
         <wf lemma="dva" pos="X">dva</wf>
         <wf lemma="mjeseca" pos="X">mjeseca</wf>
         <wf lemma="." pos="X">.</wf>
      </sentence>
      <sentence id="d000.s4415" source="wordnet-croatian">
         <wf lemma="Gradonačelnik" pos="X">Gradonačelnik</wf>
         <instance id="d000.s4415.t000" lemma="činiti" pos="VERB">čini</instance>
         <wf lemma="sve" pos="X">sve</wf>
         <wf lemma="što" pos="X">što</wf>
         <wf lemma="je" pos="X">je</wf>
         <wf lemma="u" pos="X">u</wf>
         <wf lemma="njegovoj" pos="X">njegovoj</wf>
         <wf lemma="moći" pos="X">moći</wf>
         <wf lemma="kako" pos="X">kako</wf>
         <wf lemma="bi" pos="X">bi</wf>
         <wf lemma="izbjegao" pos="X">izbjegao</wf>
         <wf lemma="još" pos="X">još</wf>
         <wf lemma="jedan" pos="X">jedan</wf>
         <wf lemma="skandal" pos="X">skandal</wf>
         <wf lemma="." pos="X">.</wf>
      </sentence>
      <sentence id="d000.s4416" source="wordnet-croatian">
         <instance id="d000.s4416.t000" lemma="sebičnost" pos="NOUN">Sebičnost</instance>
         <wf lemma="je" pos="X">je</wf>
         <wf lemma="vrlo" pos="X">vrlo</wf>
         <wf lemma="loša" pos="X">loša</wf>
         <wf lemma="karakterna" pos="X">karakterna</wf>
         <wf lemma="osobina" pos="X">osobina</wf>
         <wf lemma="." pos="X">.</wf>
      </sentence>
      <sentence id="d000.s4417" source="wordnet-croatian">
         <wf lemma="Svake" pos="X">Svake</wf>
         <wf lemma="bi" pos="X">bi</wf>
         <wf lemma="se" pos="X">se</wf>
         <wf lemma="nedjelje" pos="X">nedjelje</wf>
         <wf lemma="kuhao" pos="X">kuhao</wf>
         <instance id="d000.s4417.t000" lemma="lonac" pos="NOUN">lonac</instance>
         <wf lemma="juhe" pos="X">juhe</wf>
         <wf lemma="." pos="X">.</wf>
      </sentence>
      <sentence id="d000.s4418" source="wordnet-croatian">
         <wf lemma="Liječnici" pos="X">Liječnici</wf>
         <wf lemma="vjeruju" pos="X">vjeruju</wf>
         <wf lemma="da" pos="X">da</wf>
         <wf lemma="su" pos="X">su</wf>
         <wf lemma="napokon" pos="X">napokon</wf>
         <instance id="d000.s4418.t000" lemma="pronaći" pos="VERB">pronašli</instance>
         <wf lemma="tvari" pos="X">tvari</wf>
         <wf lemma="koje" pos="X">koje</wf>
         <wf lemma="liječe" pos="X">liječe</wf>
         <wf lemma="psorijazu" pos="X">psorijazu</wf>
         <wf lemma="." pos="X">.</wf>
      </sentence>
      <sentence id="d000.s4419" source="wordnet-croatian">
         <wf lemma="Sud" pos="X">Sud</wf>
         <wf lemma="je" pos="X">je</wf>
         <wf lemma="odbio" pos="X">odbio</wf>
         <instance id="d000.s4419.t000" lemma="potvrditi" pos="VERB">potvrditi</instance>
         <wf lemma="predložene" pos="X">predložene</wf>
         <wf lemma="dokaze" pos="X">dokaze</wf>
         <wf lemma="." pos="X">.</wf>
      </sentence>
      <sentence id="d000.s4420" source="wordnet-croatian">
         <wf lemma="Napokon" pos="X">Napokon</wf>
         <wf lemma="je" pos="X">je</wf>
         <wf lemma="došlo" pos="X">došlo</wf>
         <wf lemma="do" pos="X">do</wf>
         <instance id="d000.s4420.t000" lemma="razgraničenje" pos="NOUN">razgraničenja</instance>
         <wf lemma="dvaju" pos="X">dvaju</wf>
         <wf lemma="država" pos="X">država</wf>
         <wf lemma="." pos="X">.</wf>
      </sentence>
      <sentence id="d000.s4421" source="wordnet-croatian">
         <wf lemma="Zmije" pos="X">Zmije</wf>
         <instance id="d000.s4421.t000" lemma="presvlačiti" pos="VERB">presvlače</instance>
         <wf lemma="kožu" pos="X">kožu</wf>
         <wf lemma="nekoliko" pos="X">nekoliko</wf>
         <wf lemma="puta" pos="X">puta</wf>
         <wf lemma="godišnje" pos="X">godišnje</wf>
         <wf lemma="." pos="X">.</wf>
      </sentence>
      <sentence id="d000.s4422" source="wordnet-croatian">
         <wf lemma="Ova" pos="X">Ova</wf>
         <wf lemma="padina" pos="X">padina</wf>
         <wf lemma="je" pos="X">je</wf>
         <wf lemma="dobra" pos="X">dobra</wf>
         <instance id="d000.s4422.t000" lemma="lokacija" pos="NOUN">lokacija</instance>
         <wf lemma="za" pos="X">za</wf>
         <wf lemma="našu" pos="X">našu</wf>
         <wf lemma="vikendicu" pos="X">vikendicu</wf>
         <wf lemma="." pos="X">.</wf>
      </sentence>
      <sentence id="d000.s4423" source="wordnet-croatian">
         <wf lemma="Socijalističke" pos="X">Socijalističke</wf>
         <wf lemma="ideje" pos="X">ideje</wf>
         <instance id="d000.s4423.t000" lemma="početi" pos="VERB">počele</instance>
         <wf lemma="su" pos="X">su</wf>
         <wf lemma="se" pos="X">se</wf>
         <wf lemma="razvijati" pos="X">razvijati</wf>
         <wf lemma="u" pos="X">u</wf>
         <wf lemma="kapitalizmu" pos="X">kapitalizmu</wf>
         <wf lemma="." pos="X">.</wf>
      </sentence>
      <sentence id="d000.s4424" source="wordnet-croatian">
         <instance id="d000.s4424.t000" lemma="smještaj" pos="NOUN">Smještaj</instance>
         <wf lemma="u" pos="X">u</wf>
         <wf lemma="prostoru" pos="X">prostoru</wf>
         <wf lemma="i" pos="X">i</wf>
         <wf lemma="odabir" pos="X">odabir</wf>
         <wf lemma="vrste" pos="X">vrste</wf>
         <wf lemma="kamina" pos="X">kamina</wf>
         <wf lemma="tvrtka" pos="X">tvrtka</wf>
         <wf lemma="prepušta" pos="X">prepušta</wf>
         <wf lemma="klijentima" pos="X">klijentima</wf>
         <wf lemma="." pos="X">.</wf>
      </sentence>
      <sentence id="d000.s4425" source="wordnet-croatian">
         <wf lemma="Daj" pos="X">Daj</wf>
         <wf lemma="mi" pos="X">mi</wf>
         <wf lemma="samo" pos="X">samo</wf>
         <instance id="d000.s4425.t000" lemma="komadičak" pos="NOUN">komadičak</instance>
         <wf lemma="kruha" pos="X">kruha</wf>
         <wf lemma="." pos="X">.</wf>
      </sentence>
      <sentence id="d000.s4426" source="wordnet-croatian">
         <wf lemma="Sama" pos="X">Sama</wf>
         <wf lemma="je" pos="X">je</wf>
         <wf lemma="njegova" pos="X">njegova</wf>
         <instance id="d000.s4426.t000" lemma="pojava" pos="NOUN">pojava</instance>
         <wf lemma="ulijevala" pos="X">ulijevala</wf>
         <wf lemma="strah" pos="X">strah</wf>
         <wf lemma="." pos="X">.</wf>
      </sentence>
      <sentence id="d000.s4427" source="wordnet-croatian">
         <wf lemma="Nove" pos="X">Nove</wf>
         <instance id="d000.s4427.t000" lemma="restrikcija" pos="NOUN">restrikcije</instance>
         <wf lemma="uvedene" pos="X">uvedene</wf>
         <wf lemma="su" pos="X">su</wf>
         <wf lemma="na" pos="X">na</wf>
         <wf lemma="fakultetima" pos="X">fakultetima</wf>
         <wf lemma="." pos="X">.</wf>
      </sentence>
      <sentence id="d000.s4428" source="wordnet-croatian">
         <wf lemma="Angažirali" pos="X">Angažirali</wf>
         <wf lemma="su" pos="X">su</wf>
         <wf lemma="dizajnera" pos="X">dizajnera</wf>
         <wf lemma="da" pos="X">da</wf>
         <wf lemma="im" pos="X">im</wf>
         <wf lemma="osmisli" pos="X">osmisli</wf>
         <instance id="d000.s4428.t000" lemma="amblem" pos="NOUN">amblem</instance>
         <wf lemma="stranke" pos="X">stranke</wf>
         <wf lemma="." pos="X">.</wf>
      </sentence>
      <sentence id="d000.s4429" source="wordnet-croatian">
         <wf lemma="Težaj" pos="X">Težaj</wf>
         <wf lemma="je" pos="X">je</wf>
         <wf lemma="teret" pos="X">teret</wf>
         <instance id="d000.s4429.t000" lemma="pritiskati" pos="VERB">pritiskao</instance>
         <wf lemma="moja" pos="X">moja</wf>
         <wf lemma="nejaka" pos="X">nejaka</wf>
         <wf lemma="pleća" pos="X">pleća</wf>
         <wf lemma="." pos="X">.</wf>
      </sentence>
      <sentence id="d000.s4430" source="wordnet-croatian">
         <wf lemma="Bili" pos="X">Bili</wf>
         <wf lemma="smo" pos="X">smo</wf>
         <wf lemma="prisiljeni" pos="X">prisiljeni</wf>
         <instance id="d000.s4430.t000" lemma="prekinuti" pos="VERB">prekinuti</instance>
         <wf lemma="predstavu" pos="X">predstavu</wf>
         <wf lemma="zbog" pos="X">zbog</wf>
         <wf lemma="glasnog" pos="X">glasnog</wf>
         <wf lemma="zijevanja" pos="X">zijevanja</wf>
         <wf lemma="i" pos="X">i</wf>
         <wf lemma="povika" pos="X">povika</wf>
         <wf lemma="iz" pos="X">iz</wf>
         <wf lemma="publike" pos="X">publike</wf>
         <wf lemma="." pos="X">.</wf>
      </sentence>
      <sentence id="d000.s4431" source="wordnet-croatian">
         <wf lemma="Prije" pos="X">Prije</wf>
         <wf lemma="projekcije" pos="X">projekcije</wf>
         <wf lemma="filma" pos="X">filma</wf>
         <wf lemma="dvorana" pos="X">dvorana</wf>
         <wf lemma="se" pos="X">se</wf>
         <wf lemma="mora" pos="X">mora</wf>
         <instance id="d000.s4431.t000" lemma="zatamniti" pos="VERB">zatamniti</instance>
         <wf lemma="." pos="X">.</wf>
      </sentence>
      <sentence id="d000.s4432" source="wordnet-croatian">
         <wf lemma="Policija" pos="X">Policija</wf>
         <wf lemma="nije" pos="X">nije</wf>
         <wf lemma="mogla" pos="X">mogla</wf>
         <wf lemma="kontrolirati" pos="X">kontrolirati</wf>
         <instance id="d000.s4432.t000" lemma="sukob" pos="NOUN">sukob</instance>
         <wf lemma="navijača" pos="X">navijača</wf>
         <wf lemma="protivničkih" pos="X">protivničkih</wf>
         <wf lemma="klubova" pos="X">klubova</wf>
         <wf lemma="." pos="X">.</wf>
      </sentence>
      <sentence id="d000.s4433" source="wordnet-croatian">
         <wf lemma="Kako" pos="X">Kako</wf>
         <wf lemma="napreduje" pos="X">napreduje</wf>
         <wf lemma="naše" pos="X">naše</wf>
         <instance id="d000.s4433.t000" lemma="poslovanje" pos="NOUN">poslovanje</instance>
         <wf lemma="?" pos="X">?</wf>
      </sentence>
      <sentence id="d000.s4434" source="wordnet-croatian">
         <wf lemma="Korištenje" pos="X">Korištenje</wf>
         <wf lemma="tuševa" pos="X">tuševa</wf>
         <wf lemma="na" pos="X">na</wf>
         <wf lemma="bazenima" pos="X">bazenima</wf>
         <wf lemma="dodatno" pos="X">dodatno</wf>
         <wf lemma="se" pos="X">se</wf>
         <instance id="d000.s4434.t000" lemma="naplaćivati" pos="VERB">naplaćuje</instance>
         <wf lemma="." pos="X">.</wf>
      </sentence>
      <sentence id="d000.s4435" source="wordnet-croatian">
         <wf lemma="Drugarice" pos="X">Drugarice</wf>
         <wf lemma="i" pos="X">i</wf>
         <instance id="d000.s4435.t000" lemma="drug" pos="NOUN">drugovi</instance>
         <wf lemma="," pos="X">,</wf>
         <wf lemma="Prozor" pos="X">Prozor</wf>
         <wf lemma="noćas" pos="X">noćas</wf>
         <wf lemma="mora" pos="X">mora</wf>
         <wf lemma="pasti" pos="X">pasti</wf>
         <wf lemma="!" pos="X">!</wf>
      </sentence>
      <sentence id="d000.s4436" source="wordnet-croatian">
         <wf lemma="Imala" pos="X">Imala</wf>
         <wf lemma="je" pos="X">je</wf>
         <instance id="d000.s4436.t000" lemma="kalup" pos="NOUN">kalup</instance>
         <wf lemma="za" pos="X">za</wf>
         <wf lemma="kolače" pos="X">kolače</wf>
         <wf lemma="u" pos="X">u</wf>
         <wf lemma="obliku" pos="X">obliku</wf>
         <wf lemma="srca" pos="X">srca</wf>
         <wf lemma="." pos="X">.</wf>
      </sentence>
      <sentence id="d000.s4437" source="wordnet-croatian">
         <wf lemma="Morat" pos="X">Morat</wf>
         <wf lemma="će" pos="X">će</wf>
         <wf lemma="je" pos="X">je</wf>
         <instance id="d000.s4437.t000" lemma="degradirati" pos="VERB">degradirati</instance>
         <wf lemma="zbog" pos="X">zbog</wf>
         <wf lemma="ispada" pos="X">ispada</wf>
         <wf lemma="na" pos="X">na</wf>
         <wf lemma="zadnjem" pos="X">zadnjem</wf>
         <wf lemma="sastanku" pos="X">sastanku</wf>
         <wf lemma="." pos="X">.</wf>
      </sentence>
      <sentence id="d000.s4438" source="wordnet-croatian">
         <wf lemma="Neću" pos="X">Neću</wf>
         <instance id="d000.s4438.t000" lemma="dopustiti" pos="VERB">dopustiti</instance>
         <wf lemma="da" pos="X">da</wf>
         <wf lemma="me" pos="X">me</wf>
         <wf lemma="maltretiraju" pos="X">maltretiraju</wf>
         <wf lemma="." pos="X">.</wf>
      </sentence>
      <sentence id="d000.s4439" source="wordnet-croatian">
         <wf lemma="Za" pos="X">Za</wf>
         <wf lemma="rođendan" pos="X">rođendan</wf>
         <wf lemma="mi" pos="X">mi</wf>
         <wf lemma="je" pos="X">je</wf>
         <wf lemma="poklonio" pos="X">poklonio</wf>
         <wf lemma="prekrasnu" pos="X">prekrasnu</wf>
         <instance id="d000.s4439.t000" lemma="rezbarija" pos="NOUN">rezbariju</instance>
         <wf lemma="." pos="X">.</wf>
      </sentence>
      <sentence id="d000.s4440" source="wordnet-croatian">
         <wf lemma="Kemičari" pos="X">Kemičari</wf>
         <wf lemma="u" pos="X">u</wf>
         <wf lemma="laboratoriju" pos="X">laboratoriju</wf>
         <wf lemma="svakodnevno" pos="X">svakodnevno</wf>
         <wf lemma="rukuju" pos="X">rukuju</wf>
         <wf lemma="s" pos="X">s</wf>
         <wf lemma="veoma" pos="X">veoma</wf>
         <wf lemma="opasnim" pos="X">opasnim</wf>
         <instance id="d000.s4440.t000" lemma="kemikalija" pos="NOUN">kemikalijama</instance>
         <wf lemma="." pos="X">.</wf>
      </sentence>
      <sentence id="d000.s4441" source="wordnet-croatian">
         <wf lemma="Snaži" pos="X">Snaži</wf>
         <wf lemma="vjetar" pos="X">vjetar</wf>
         <wf lemma="je" pos="X">je</wf>
         <wf lemma="vitlao" pos="X">vitlao</wf>
         <instance id="d000.s4441.t000" lemma="pijesak" pos="NOUN">pijesak</instance>
         <wf lemma="u" pos="X">u</wf>
         <wf lemma="pustinji" pos="X">pustinji</wf>
         <wf lemma="." pos="X">.</wf>
      </sentence>
      <sentence id="d000.s4442" source="wordnet-croatian">
         <instance id="d000.s4442.t000" lemma="izrezbariti" pos="VERB">Izrezbario</instance>
         <wf lemma="je" pos="X">je</wf>
         <wf lemma="drvenu" pos="X">drvenu</wf>
         <wf lemma="figuricu" pos="X">figuricu</wf>
         <wf lemma="." pos="X">.</wf>
      </sentence>
      <sentence id="d000.s4443" source="wordnet-croatian">
         <wf lemma="Strah" pos="X">Strah</wf>
         <wf lemma="," pos="X">,</wf>
         <wf lemma="surovost" pos="X">surovost</wf>
         <wf lemma="," pos="X">,</wf>
         <wf lemma="tajna" pos="X">tajna</wf>
         <wf lemma="i" pos="X">i</wf>
         <wf lemma="autoritet" pos="X">autoritet</wf>
         <instance id="d000.s4443.t000" lemma="karakteristika" pos="NOUN">karakteristike</instance>
         <wf lemma="su" pos="X">su</wf>
         <wf lemma="društva" pos="X">društva</wf>
         <wf lemma="nejednakosti" pos="X">nejednakosti</wf>
         <wf lemma="i" pos="X">i</wf>
         <wf lemma="nepravde" pos="X">nepravde</wf>
         <wf lemma="." pos="X">.</wf>
      </sentence>
      <sentence id="d000.s4444" source="wordnet-croatian">
         <wf lemma="On" pos="X">On</wf>
         <wf lemma="je" pos="X">je</wf>
         <instance id="d000.s4444.t000" lemma="nesposoban" pos="ADJ">nesposoban</instance>
         <wf lemma="za" pos="X">za</wf>
         <wf lemma="taj" pos="X">taj</wf>
         <wf lemma="posao" pos="X">posao</wf>
         <wf lemma="." pos="X">.</wf>
      </sentence>
      <sentence id="d000.s4445" source="wordnet-croatian">
         <wf lemma="Uzeo" pos="X">Uzeo</wf>
         <wf lemma="je" pos="X">je</wf>
         <wf lemma="u" pos="X">u</wf>
         <wf lemma="obzir" pos="X">obzir</wf>
         <wf lemma="sve" pos="X">sve</wf>
         <instance id="d000.s4445.t000" lemma="značajka" pos="NOUN">značajke</instance>
         <wf lemma="problema" pos="X">problema</wf>
         <wf lemma="i" pos="X">i</wf>
         <wf lemma="pronašao" pos="X">pronašao</wf>
         <wf lemma="je" pos="X">je</wf>
         <wf lemma="rješenje" pos="X">rješenje</wf>
         <wf lemma="." pos="X">.</wf>
      </sentence>
      <sentence id="d000.s4446" source="wordnet-croatian">
         <wf lemma="Sezonsko" pos="X">Sezonsko</wf>
         <instance id="d000.s4446.t000" lemma="okupljalište" pos="NOUN">okupljalište</instance>
         <wf lemma="i" pos="X">i</wf>
         <wf lemma="ove" pos="X">ove</wf>
         <wf lemma="je" pos="X">je</wf>
         <wf lemma="godine" pos="X">godine</wf>
         <wf lemma="bilo" pos="X">bilo</wf>
         <wf lemma="krcato" pos="X">krcato</wf>
         <wf lemma="." pos="X">.</wf>
      </sentence>
      <sentence id="d000.s4447" source="wordnet-croatian">
         <wf lemma="Kupila" pos="X">Kupila</wf>
         <wf lemma="sam" pos="X">sam</wf>
         <wf lemma="30" pos="X">30</wf>
         <instance id="d000.s4447.t000" lemma="dekagram" pos="NOUN">dekagrama</instance>
         <wf lemma="oraha" pos="X">oraha</wf>
         <wf lemma="za" pos="X">za</wf>
         <wf lemma="kolač" pos="X">kolač</wf>
         <wf lemma="." pos="X">.</wf>
      </sentence>
      <sentence id="d000.s4448" source="wordnet-croatian">
         <wf lemma="Uslijedila" pos="X">Uslijedila</wf>
         <wf lemma="je" pos="X">je</wf>
         <wf lemma="provjera" pos="X">provjera</wf>
         <wf lemma="znanja" pos="X">znanja</wf>
         <wf lemma="na" pos="X">na</wf>
         <wf lemma="temelju" pos="X">temelju</wf>
         <wf lemma="zadanih" pos="X">zadanih</wf>
         <instance id="d000.s4448.t000" lemma="supozicija" pos="NOUN">supozicija</instance>
         <wf lemma="." pos="X">.</wf>
      </sentence>
      <sentence id="d000.s4449" source="wordnet-croatian">
         <wf lemma="Prije" pos="X">Prije</wf>
         <wf lemma="stavljanja" pos="X">stavljanja</wf>
         <wf lemma="dizala" pos="X">dizala</wf>
         <wf lemma="u" pos="X">u</wf>
         <wf lemma="pogon" pos="X">pogon</wf>
         <wf lemma="morali" pos="X">morali</wf>
         <wf lemma="smo" pos="X">smo</wf>
         <wf lemma="pričekati" pos="X">pričekati</wf>
         <instance id="d000.s4449.t000" lemma="provjera" pos="NOUN">provjeru</instance>
         <wf lemma="." pos="X">.</wf>
      </sentence>
      <sentence id="d000.s4450" source="wordnet-croatian">
         <wf lemma="Meštrović" pos="X">Meštrović</wf>
         <wf lemma="je" pos="X">je</wf>
         <instance id="d000.s4450.t000" lemma="kreirati" pos="VERB">kreirao</instance>
         <wf lemma="svoj" pos="X">svoj</wf>
         <wf lemma="vastiti" pos="X">vastiti</wf>
         <wf lemma="mauzolej" pos="X">mauzolej</wf>
         <wf lemma="." pos="X">.</wf>
      </sentence>
      <sentence id="d000.s4451" source="wordnet-croatian">
         <wf lemma="Kakvo" pos="X">Kakvo</wf>
         <wf lemma="je" pos="X">je</wf>
         <wf lemma="to" pos="X">to</wf>
         <instance id="d000.s4451.t000" lemma="komešanje" pos="NOUN">komešanje</instance>
         <wf lemma="u" pos="X">u</wf>
         <wf lemma="zadnjem" pos="X">zadnjem</wf>
         <wf lemma="redu" pos="X">redu</wf>
         <wf lemma="?" pos="X">?</wf>
      </sentence>
      <sentence id="d000.s4452" source="wordnet-croatian">
         <wf lemma="Šumari" pos="X">Šumari</wf>
         <wf lemma="su" pos="X">su</wf>
         <instance id="d000.s4452.t000" lemma="prokrčiti" pos="VERB">prokrčili</instance>
         <wf lemma="put" pos="X">put</wf>
         <wf lemma="kroz" pos="X">kroz</wf>
         <wf lemma="gustu" pos="X">gustu</wf>
         <wf lemma="šumu" pos="X">šumu</wf>
         <wf lemma="." pos="X">.</wf>
      </sentence>
      <sentence id="d000.s4453" source="wordnet-croatian">
         <wf lemma="S" pos="X">S</wf>
         <wf lemma="pojavom" pos="X">pojavom</wf>
         <wf lemma="CD-a" pos="X">CD-a</wf>
         <wf lemma="smanjila" pos="X">smanjila</wf>
         <wf lemma="se" pos="X">se</wf>
         <wf lemma="uporaba" pos="X">uporaba</wf>
         <instance id="d000.s4453.t000" lemma="kasetofon" pos="NOUN">kasetofona</instance>
         <wf lemma="." pos="X">.</wf>
      </sentence>
      <sentence id="d000.s4454" source="wordnet-croatian">
         <wf lemma="Ljudska" pos="X">Ljudska</wf>
         <wf lemma="me" pos="X">me</wf>
         <instance id="d000.s4454.t000" lemma="glupost" pos="NOUN">glupost</instance>
         <wf lemma="više" pos="X">više</wf>
         <wf lemma="ne" pos="X">ne</wf>
         <wf lemma="može" pos="X">može</wf>
         <wf lemma="iznenaditi" pos="X">iznenaditi</wf>
         <wf lemma="." pos="X">.</wf>
      </sentence>
      <sentence id="d000.s4455" source="wordnet-croatian">
         <wf lemma="Pronašli" pos="X">Pronašli</wf>
         <wf lemma="su" pos="X">su</wf>
         <wf lemma="ih" pos="X">ih</wf>
         <wf lemma="u" pos="X">u</wf>
         <wf lemma="njihovom" pos="X">njihovom</wf>
         <instance id="d000.s4455.t000" lemma="sklonište" pos="NOUN">skloništu</instance>
         <wf lemma="." pos="X">.</wf>
      </sentence>
      <sentence id="d000.s4456" source="wordnet-croatian">
         <wf lemma="Opažanje" pos="X">Opažanje</wf>
         <wf lemma="svih" pos="X">svih</wf>
         <wf lemma="detalja" pos="X">detalja</wf>
         <wf lemma="zahtijeva" pos="X">zahtijeva</wf>
         <wf lemma="veliku" pos="X">veliku</wf>
         <instance id="d000.s4456.t000" lemma="pozornost" pos="NOUN">pozornost</instance>
         <wf lemma="." pos="X">.</wf>
      </sentence>
      <sentence id="d000.s4457" source="wordnet-croatian">
         <wf lemma="Ovo" pos="X">Ovo</wf>
         <wf lemma="je" pos="X">je</wf>
         <wf lemma="najfinija" pos="X">najfinija</wf>
         <instance id="d000.s4457.t000" lemma="narančada" pos="NOUN">narančada</instance>
         <wf lemma="koju" pos="X">koju</wf>
         <wf lemma="sam" pos="X">sam</wf>
         <wf lemma="pila" pos="X">pila</wf>
         <wf lemma="!" pos="X">!</wf>
      </sentence>
      <sentence id="d000.s4458" source="wordnet-croatian">
         <instance id="d000.s4458.t000" lemma="uzdignuće" pos="NOUN">Uzdignuće</instance>
         <wf lemma="Gradeca" pos="X">Gradeca</wf>
         <wf lemma="na" pos="X">na</wf>
         <wf lemma="status" pos="X">status</wf>
         <wf lemma="slobodnog" pos="X">slobodnog</wf>
         <wf lemma="grada" pos="X">grada</wf>
         <wf lemma="imalo" pos="X">imalo</wf>
         <wf lemma="je" pos="X">je</wf>
         <wf lemma="pozitivne" pos="X">pozitivne</wf>
         <wf lemma="posljedice" pos="X">posljedice</wf>
         <wf lemma="na" pos="X">na</wf>
         <wf lemma="njegov" pos="X">njegov</wf>
         <wf lemma="razvoj" pos="X">razvoj</wf>
         <wf lemma="." pos="X">.</wf>
      </sentence>
      <sentence id="d000.s4459" source="wordnet-croatian">
         <wf lemma="Ivana" pos="X">Ivana</wf>
         <wf lemma="se" pos="X">se</wf>
         <wf lemma="prejako" pos="X">prejako</wf>
         <instance id="d000.s4459.t000" lemma="šminkati" pos="VERB">šminkala</instance>
         <wf lemma="za" pos="X">za</wf>
         <wf lemma="posao" pos="X">posao</wf>
         <wf lemma="." pos="X">.</wf>
      </sentence>
      <sentence id="d000.s4460" source="wordnet-croatian">
         <wf lemma="Na" pos="X">Na</wf>
         <instance id="d000.s4460.t000" lemma="parter" pos="NOUN">parteru</instance>
         <wf lemma="više" pos="X">više</wf>
         <wf lemma="nije" pos="X">nije</wf>
         <wf lemma="bilo" pos="X">bilo</wf>
         <wf lemma="mjesta" pos="X">mjesta</wf>
         <wf lemma="." pos="X">.</wf>
      </sentence>
      <sentence id="d000.s4461" source="wordnet-croatian">
         <wf lemma="Našla" pos="X">Našla</wf>
         <wf lemma="sam" pos="X">sam</wf>
         <wf lemma="neku" pos="X">neku</wf>
         <wf lemma="čudnu" pos="X">čudnu</wf>
         <instance id="d000.s4461.t000" lemma="stvar" pos="NOUN">stvar</instance>
         <wf lemma="," pos="X">,</wf>
         <wf lemma="ne" pos="X">ne</wf>
         <wf lemma="znam" pos="X">znam</wf>
         <wf lemma="o" pos="X">o</wf>
         <wf lemma="čemu" pos="X">čemu</wf>
         <wf lemma="se" pos="X">se</wf>
         <wf lemma="radi" pos="X">radi</wf>
         <wf lemma="i" pos="X">i</wf>
         <wf lemma="ne" pos="X">ne</wf>
         <wf lemma="znam" pos="X">znam</wf>
         <wf lemma="kako" pos="X">kako</wf>
         <wf lemma="se" pos="X">se</wf>
         <wf lemma="zove" pos="X">zove</wf>
         <wf lemma=";" pos="X">;</wf>
         <wf lemma="zvat" pos="X">zvat</wf>
         <wf lemma="ću" pos="X">ću</wf>
         <wf lemma="je" pos="X">je</wf>
         <wf lemma="jednostavno" pos="X">jednostavno</wf>
         <wf lemma=":" pos="X">:</wf>
         <wf lemma="Stvar" pos="X">Stvar</wf>
         <wf lemma="." pos="X">.</wf>
      </sentence>
      <sentence id="d000.s4462" source="wordnet-croatian">
         <wf lemma="Važno" pos="X">Važno</wf>
         <wf lemma="je" pos="X">je</wf>
         <wf lemma="imati" pos="X">imati</wf>
         <wf lemma="pozitivan" pos="X">pozitivan</wf>
         <instance id="d000.s4462.t000" lemma="stav" pos="NOUN">stav</instance>
         <wf lemma="prema" pos="X">prema</wf>
         <wf lemma="životu" pos="X">životu</wf>
         <wf lemma="." pos="X">.</wf>
      </sentence>
      <sentence id="d000.s4463" source="wordnet-croatian">
         <wf lemma="Žanrovska" pos="X">Žanrovska</wf>
         <instance id="d000.s4463.t000" lemma="neodređenost" pos="NOUN">neodređenost</instance>
         <wf lemma="nekih" pos="X">nekih</wf>
         <wf lemma="Shakespeareovih" pos="X">Shakespeareovih</wf>
         <wf lemma="drama" pos="X">drama</wf>
         <wf lemma="dopušta" pos="X">dopušta</wf>
         <wf lemma="različite" pos="X">različite</wf>
         <wf lemma="interpretacije" pos="X">interpretacije</wf>
         <wf lemma="." pos="X">.</wf>
      </sentence>
      <sentence id="d000.s4464" source="wordnet-croatian">
         <wf lemma="Naša" pos="X">Naša</wf>
         <wf lemma="se" pos="X">se</wf>
         <instance id="d000.s4464.t000" lemma="težina" pos="NOUN">težina</instance>
         <wf lemma="razlikuje" pos="X">razlikuje</wf>
         <wf lemma="na" pos="X">na</wf>
         <wf lemma="različitim" pos="X">različitim</wf>
         <wf lemma="mjestima" pos="X">mjestima</wf>
         <wf lemma="Zemljine" pos="X">Zemljine</wf>
         <wf lemma="površine" pos="X">površine</wf>
         <wf lemma="." pos="X">.</wf>
      </sentence>
      <sentence id="d000.s4465" source="wordnet-croatian">
         <wf lemma="Tog" pos="X">Tog</wf>
         <wf lemma="dana" pos="X">dana</wf>
         <wf lemma="atmosferski" pos="X">atmosferski</wf>
         <instance id="d000.s4465.t000" lemma="tlak" pos="NOUN">tlak</instance>
         <wf lemma="bio" pos="X">bio</wf>
         <wf lemma="je" pos="X">je</wf>
         <wf lemma="vrlo" pos="X">vrlo</wf>
         <wf lemma="nizak" pos="X">nizak</wf>
         <wf lemma="." pos="X">.</wf>
      </sentence>
      <sentence id="d000.s4466" source="wordnet-croatian">
         <wf lemma="Majka" pos="X">Majka</wf>
         <wf lemma="je" pos="X">je</wf>
         <instance id="d000.s4466.t000" lemma="uhvatiti" pos="VERB">uhvatila</instance>
         <wf lemma="dijete" pos="X">dijete</wf>
         <wf lemma="za" pos="X">za</wf>
         <wf lemma="ruku" pos="X">ruku</wf>
         <wf lemma="kad" pos="X">kad</wf>
         <wf lemma="je" pos="X">je</wf>
         <wf lemma="vidjela" pos="X">vidjela</wf>
         <wf lemma="da" pos="X">da</wf>
         <wf lemma="im" pos="X">im</wf>
         <wf lemma="se" pos="X">se</wf>
         <wf lemma="približava" pos="X">približava</wf>
         <wf lemma="auto" pos="X">auto</wf>
         <wf lemma="." pos="X">.</wf>
      </sentence>
      <sentence id="d000.s4467" source="wordnet-croatian">
         <instance id="d000.s4467.t000" lemma="plesanje" pos="NOUN">Plesanje</instance>
         <wf lemma="je" pos="X">je</wf>
         <wf lemma="bilo" pos="X">bilo</wf>
         <wf lemma="njen" pos="X">njen</wf>
         <wf lemma="najveći" pos="X">najveći</wf>
         <wf lemma="užitak" pos="X">užitak</wf>
         <wf lemma="i" pos="X">i</wf>
         <wf lemma="to" pos="X">to</wf>
         <wf lemma="se" pos="X">se</wf>
         <wf lemma="jasno" pos="X">jasno</wf>
         <wf lemma="moglo" pos="X">moglo</wf>
         <wf lemma="vidjeti" pos="X">vidjeti</wf>
         <wf lemma="na" pos="X">na</wf>
         <wf lemma="sceni" pos="X">sceni</wf>
         <wf lemma="." pos="X">.</wf>
      </sentence>
      <sentence id="d000.s4468" source="wordnet-croatian">
         <wf lemma="Jučer" pos="X">Jučer</wf>
         <wf lemma="sam" pos="X">sam</wf>
         <instance id="d000.s4468.t000" lemma="oprati" pos="VERB">oprao</instance>
         <wf lemma="prljavi" pos="X">prljavi</wf>
         <wf lemma="kaput" pos="X">kaput</wf>
         <wf lemma="." pos="X">.</wf>
      </sentence>
      <sentence id="d000.s4469" source="wordnet-croatian">
         <wf lemma="Nadao" pos="X">Nadao</wf>
         <wf lemma="se" pos="X">se</wf>
         <wf lemma="novom" pos="X">novom</wf>
         <instance id="d000.s4469.t000" lemma="život" pos="NOUN">životu</instance>
         <wf lemma="u" pos="X">u</wf>
         <wf lemma="Kanadi" pos="X">Kanadi</wf>
         <wf lemma="." pos="X">.</wf>
      </sentence>
      <sentence id="d000.s4470" source="wordnet-croatian">
         <wf lemma="'" pos="X">'</wf>
         <wf lemma="'" pos="X">'</wf>
         <wf lemma="Ne" pos="X">Ne</wf>
         <wf lemma="'" pos="X">'</wf>
         <wf lemma="'" pos="X">'</wf>
         <wf lemma="se" pos="X">se</wf>
         <wf lemma="ne" pos="X">ne</wf>
         <instance id="d000.s4470.t000" lemma="prihvaćati" pos="VERB">prihvaća</instance>
         <wf lemma="kao" pos="X">kao</wf>
         <wf lemma="odgovor" pos="X">odgovor</wf>
         <wf lemma="." pos="X">.</wf>
      </sentence>
      <sentence id="d000.s4471" source="wordnet-croatian">
         <instance id="d000.s4471.t000" lemma="unutrašnji" pos="ADJ">Unutrašnji</instance>
         <wf lemma="dijelovi" pos="X">dijelovi</wf>
         <wf lemma="zgrade" pos="X">zgrade</wf>
         <wf lemma="bili" pos="X">bili</wf>
         <wf lemma="su" pos="X">su</wf>
         <wf lemma="u" pos="X">u</wf>
         <wf lemma="lošem" pos="X">lošem</wf>
         <wf lemma="stanju" pos="X">stanju</wf>
         <wf lemma="." pos="X">.</wf>
      </sentence>
      <sentence id="d000.s4472" source="wordnet-croatian">
         <wf lemma="U" pos="X">U</wf>
         <wf lemma="oko" pos="X">oko</wf>
         <wf lemma="joj" pos="X">joj</wf>
         <wf lemma="je" pos="X">je</wf>
         <wf lemma="ušlo" pos="X">ušlo</wf>
         <instance id="d000.s4472.t000" lemma="zrnce" pos="NOUN">zrnce</instance>
         <wf lemma="pijeska" pos="X">pijeska</wf>
         <wf lemma="." pos="X">.</wf>
      </sentence>
      <sentence id="d000.s4473" source="wordnet-croatian">
         <wf lemma="Rezultati" pos="X">Rezultati</wf>
         <wf lemma="današnjih" pos="X">današnjih</wf>
         <wf lemma="pregovora" pos="X">pregovora</wf>
         <instance id="d000.s4473.t000" lemma="naznačiti" pos="VERB">naznačili</instance>
         <wf lemma="su" pos="X">su</wf>
         <wf lemma="početak" pos="X">početak</wf>
         <wf lemma="mira" pos="X">mira</wf>
         <wf lemma="." pos="X">.</wf>
      </sentence>
      <sentence id="d000.s4474" source="wordnet-croatian">
         <wf lemma="Ja" pos="X">Ja</wf>
         <wf lemma="sam" pos="X">sam</wf>
         <wf lemma="u" pos="X">u</wf>
         <wf lemma="Maroku" pos="X">Maroku</wf>
         <wf lemma="bio" pos="X">bio</wf>
         <instance id="d000.s4474.t000" lemma="administrator" pos="NOUN">administrator</instance>
         <wf lemma="i" pos="X">i</wf>
         <wf lemma="generalni" pos="X">generalni</wf>
         <wf lemma="direktor" pos="X">direktor</wf>
         <wf lemma="njihovog" pos="X">njihovog</wf>
         <wf lemma="najvećeg" pos="X">najvećeg</wf>
         <wf lemma="poduzeća" pos="X">poduzeća</wf>
         <wf lemma="." pos="X">.</wf>
      </sentence>
      <sentence id="d000.s4475" source="wordnet-croatian">
         <instance id="d000.s4475.t000" lemma="udomiti" pos="VERB">Udomio</instance>
         <wf lemma="sam" pos="X">sam</wf>
         <wf lemma="četiri" pos="X">četiri</wf>
         <wf lemma="psa" pos="X">psa</wf>
         <wf lemma="iz" pos="X">iz</wf>
         <wf lemma="skloništa" pos="X">skloništa</wf>
         <wf lemma="za" pos="X">za</wf>
         <wf lemma="životinje" pos="X">životinje</wf>
         <wf lemma="." pos="X">.</wf>
      </sentence>
      <sentence id="d000.s4476" source="wordnet-croatian">
         <instance id="d000.s4476.t000" lemma="sjećanje" pos="NOUN">Sjećanje</instance>
         <wf lemma="na" pos="X">na</wf>
         <wf lemma="preminulog" pos="X">preminulog</wf>
         <wf lemma="oca" pos="X">oca</wf>
         <wf lemma="vrlo" pos="X">vrlo</wf>
         <wf lemma="ga" pos="X">ga</wf>
         <wf lemma="je" pos="X">je</wf>
         <wf lemma="rastužilo" pos="X">rastužilo</wf>
         <wf lemma="." pos="X">.</wf>
      </sentence>
      <sentence id="d000.s4477" source="wordnet-croatian">
         <instance id="d000.s4477.t000" lemma="odijelo" pos="NOUN">Odijelo</instance>
         <wf lemma="je" pos="X">je</wf>
         <wf lemma="nosio" pos="X">nosio</wf>
         <wf lemma="samo" pos="X">samo</wf>
         <wf lemma="u" pos="X">u</wf>
         <wf lemma="posebno" pos="X">posebno</wf>
         <wf lemma="svečanim" pos="X">svečanim</wf>
         <wf lemma="prilikama" pos="X">prilikama</wf>
         <wf lemma="." pos="X">.</wf>
      </sentence>
      <sentence id="d000.s4478" source="wordnet-croatian">
         <wf lemma="Našli" pos="X">Našli</wf>
         <wf lemma="su" pos="X">su</wf>
         <wf lemma="mnogo" pos="X">mnogo</wf>
         <wf lemma="pogrešaka" pos="X">pogrešaka</wf>
         <wf lemma="u" pos="X">u</wf>
         <instance id="d000.s4478.t000" lemma="poredak" pos="NOUN">poretku</instance>
         <wf lemma="najboljih" pos="X">najboljih</wf>
         <wf lemma="studenata" pos="X">studenata</wf>
         <wf lemma="za" pos="X">za</wf>
         <wf lemma="proteklu" pos="X">proteklu</wf>
         <wf lemma="akademsku" pos="X">akademsku</wf>
         <wf lemma="godinu" pos="X">godinu</wf>
         <wf lemma="." pos="X">.</wf>
      </sentence>
      <sentence id="d000.s4479" source="wordnet-croatian">
         <wf lemma="Nastavit" pos="X">Nastavit</wf>
         <wf lemma="će" pos="X">će</wf>
         <wf lemma="pisati" pos="X">pisati</wf>
         <wf lemma="oslanjajući" pos="X">oslanjajući</wf>
         <wf lemma="se" pos="X">se</wf>
         <wf lemma="na" pos="X">na</wf>
         <wf lemma="istu" pos="X">istu</wf>
         <instance id="d000.s4479.t000" lemma="baza" pos="NOUN">bazu</instance>
         <wf lemma="." pos="X">.</wf>
      </sentence>
      <sentence id="d000.s4480" source="wordnet-croatian">
         <wf lemma="Dobivala" pos="X">Dobivala</wf>
         <wf lemma="je" pos="X">je</wf>
         <wf lemma="prijeteće" pos="X">prijeteće</wf>
         <wf lemma="telefonske" pos="X">telefonske</wf>
         <wf lemma="pozive" pos="X">pozive</wf>
         <wf lemma="pa" pos="X">pa</wf>
         <wf lemma="je" pos="X">je</wf>
         <wf lemma="ugradila" pos="X">ugradila</wf>
         <instance id="d000.s4480.t000" lemma="snimač" pos="NOUN">snimač</instance>
         <wf lemma="telefonskih" pos="X">telefonskih</wf>
         <wf lemma="razgovora" pos="X">razgovora</wf>
         <wf lemma="." pos="X">.</wf>
      </sentence>
      <sentence id="d000.s4481" source="wordnet-croatian">
         <wf lemma="Nakon" pos="X">Nakon</wf>
         <wf lemma="njezine" pos="X">njezine</wf>
         <wf lemma="smrti" pos="X">smrti</wf>
         <wf lemma="svladala" pos="X">svladala</wf>
         <wf lemma="ga" pos="X">ga</wf>
         <wf lemma="je" pos="X">je</wf>
         <wf lemma="ogromna" pos="X">ogromna</wf>
         <instance id="d000.s4481.t000" lemma="tuga" pos="NOUN">tuga</instance>
         <wf lemma="." pos="X">.</wf>
      </sentence>
      <sentence id="d000.s4482" source="wordnet-croatian">
         <wf lemma="Najprije" pos="X">Najprije</wf>
         <wf lemma="je" pos="X">je</wf>
         <wf lemma="premazao" pos="X">premazao</wf>
         <wf lemma="drveni" pos="X">drveni</wf>
         <wf lemma="stol" pos="X">stol</wf>
         <wf lemma="temeljnom" pos="X">temeljnom</wf>
         <instance id="d000.s4482.t000" lemma="boja" pos="NOUN">bojom</instance>
         <wf lemma="," pos="X">,</wf>
         <wf lemma="a" pos="X">a</wf>
         <wf lemma="zatim" pos="X">zatim</wf>
         <wf lemma="je" pos="X">je</wf>
         <wf lemma="stavio" pos="X">stavio</wf>
         <wf lemma="dva" pos="X">dva</wf>
         <wf lemma="premaza" pos="X">premaza</wf>
         <wf lemma="tamnosmeđe" pos="X">tamnosmeđe</wf>
         <wf lemma="boje" pos="X">boje</wf>
         <wf lemma="." pos="X">.</wf>
      </sentence>
      <sentence id="d000.s4483" source="wordnet-croatian">
         <wf lemma="Možeš" pos="X">Možeš</wf>
         <wf lemma="li" pos="X">li</wf>
         <instance id="d000.s4483.t000" lemma="preskočiti" pos="VERB">preskočiti</instance>
         <wf lemma="ogradu" pos="X">ogradu</wf>
         <wf lemma="?" pos="X">?</wf>
      </sentence>
      <sentence id="d000.s4484" source="wordnet-croatian">
         <wf lemma="Stavili" pos="X">Stavili</wf>
         <wf lemma="su" pos="X">su</wf>
         <instance id="d000.s4484.t000" lemma="jaram" pos="NOUN">jaram</instance>
         <wf lemma="konju" pos="X">konju</wf>
         <wf lemma="oko" pos="X">oko</wf>
         <wf lemma="vrata" pos="X">vrata</wf>
         <wf lemma="." pos="X">.</wf>
      </sentence>
      <sentence id="d000.s4485" source="wordnet-croatian">
         <wf lemma="Sveučilišni" pos="X">Sveučilišni</wf>
         <instance id="d000.s4485.t000" lemma="profesor" pos="NOUN">profesori</instance>
         <wf lemma="obraćaju" pos="X">obraćaju</wf>
         <wf lemma="se" pos="X">se</wf>
         <wf lemma="brucošima" pos="X">brucošima</wf>
         <wf lemma="na" pos="X">na</wf>
         <wf lemma="početku" pos="X">početku</wf>
         <wf lemma="akademske" pos="X">akademske</wf>
         <wf lemma="godine" pos="X">godine</wf>
         <wf lemma="." pos="X">.</wf>
      </sentence>
      <sentence id="d000.s4486" source="wordnet-croatian">
         <wf lemma="Starinski" pos="X">Starinski</wf>
         <instance id="d000.s4486.t000" lemma="ormar" pos="NOUN">ormar</instance>
         <wf lemma="mirisao" pos="X">mirisao</wf>
         <wf lemma="je" pos="X">je</wf>
         <wf lemma="na" pos="X">na</wf>
         <wf lemma="lavandu" pos="X">lavandu</wf>
         <wf lemma="." pos="X">.</wf>
      </sentence>
      <sentence id="d000.s4487" source="wordnet-croatian">
         <wf lemma="Nikako" pos="X">Nikako</wf>
         <wf lemma="mu" pos="X">mu</wf>
         <wf lemma="nisam" pos="X">nisam</wf>
         <wf lemma="mogao" pos="X">mogao</wf>
         <wf lemma="objasniti" pos="X">objasniti</wf>
         <wf lemma="da" pos="X">da</wf>
         <wf lemma="uporaba" pos="X">uporaba</wf>
         <instance id="d000.s4487.t000" lemma="disfemizam" pos="NOUN">disfemizama</instance>
         <wf lemma="stvarno" pos="X">stvarno</wf>
         <wf lemma="nije" pos="X">nije</wf>
         <wf lemma="primjerena" pos="X">primjerena</wf>
         <wf lemma="u" pos="X">u</wf>
         <wf lemma="nekim" pos="X">nekim</wf>
         <wf lemma="situacijama" pos="X">situacijama</wf>
         <wf lemma="." pos="X">.</wf>
      </sentence>
      <sentence id="d000.s4488" source="wordnet-croatian">
         <wf lemma="Za" pos="X">Za</wf>
         <instance id="d000.s4488.t000" lemma="sada" pos="NOUN">sada</instance>
         <wf lemma="si" pos="X">si</wf>
         <wf lemma="učinio" pos="X">učinio</wf>
         <wf lemma="dosta" pos="X">dosta</wf>
         <wf lemma="," pos="X">,</wf>
         <wf lemma="malo" pos="X">malo</wf>
         <wf lemma="se" pos="X">se</wf>
         <wf lemma="odmori" pos="X">odmori</wf>
         <wf lemma="." pos="X">.</wf>
      </sentence>
      <sentence id="d000.s4489" source="wordnet-croatian">
         <wf lemma="Na" pos="X">Na</wf>
         <wf lemma="ulasku" pos="X">ulasku</wf>
         <wf lemma="u" pos="X">u</wf>
         <wf lemma="zgradu" pos="X">zgradu</wf>
         <wf lemma="zamolili" pos="X">zamolili</wf>
         <wf lemma="su" pos="X">su</wf>
         <wf lemma="me" pos="X">me</wf>
         <wf lemma="da" pos="X">da</wf>
         <wf lemma="pokažem" pos="X">pokažem</wf>
         <wf lemma="svoju" pos="X">svoju</wf>
         <instance id="d000.s4489.t000" lemma="identifikacija" pos="NOUN">identifikaciju</instance>
         <wf lemma="." pos="X">.</wf>
      </sentence>
      <sentence id="d000.s4490" source="wordnet-croatian">
         <wf lemma="Nikada" pos="X">Nikada</wf>
         <wf lemma="nije" pos="X">nije</wf>
         <wf lemma="znala" pos="X">znala</wf>
         <wf lemma="iskoristiti" pos="X">iskoristiti</wf>
         <wf lemma="svoju" pos="X">svoju</wf>
         <instance id="d000.s4490.t000" lemma="nadarenost" pos="NOUN">nadarenost</instance>
         <wf lemma="za" pos="X">za</wf>
         <wf lemma="slikanje" pos="X">slikanje</wf>
         <wf lemma="." pos="X">.</wf>
      </sentence>
      <sentence id="d000.s4491" source="wordnet-croatian">
         <wf lemma="Na" pos="X">Na</wf>
         <wf lemma="sebe" pos="X">sebe</wf>
         <wf lemma="je" pos="X">je</wf>
         <wf lemma="preuzela" pos="X">preuzela</wf>
         <wf lemma="veliki" pos="X">veliki</wf>
         <instance id="d000.s4491.t000" lemma="rizik" pos="NOUN">rizik</instance>
         <wf lemma="kada" pos="X">kada</wf>
         <wf lemma="je" pos="X">je</wf>
         <wf lemma="pristala" pos="X">pristala</wf>
         <wf lemma="donirati" pos="X">donirati</wf>
         <wf lemma="bubreg" pos="X">bubreg</wf>
         <wf lemma="svojoj" pos="X">svojoj</wf>
         <wf lemma="sestri" pos="X">sestri</wf>
         <wf lemma="." pos="X">.</wf>
      </sentence>
      <sentence id="d000.s4492" source="wordnet-croatian">
         <wf lemma="Konačno" pos="X">Konačno</wf>
         <wf lemma="mi" pos="X">mi</wf>
         <wf lemma="je" pos="X">je</wf>
         <instance id="d000.s4492.t000" lemma="vratiti" pos="VERB">vratila</instance>
         <wf lemma="ogrlicu" pos="X">ogrlicu</wf>
         <wf lemma="koju" pos="X">koju</wf>
         <wf lemma="sam" pos="X">sam</wf>
         <wf lemma="joj" pos="X">joj</wf>
         <wf lemma="posudila" pos="X">posudila</wf>
         <wf lemma="prije" pos="X">prije</wf>
         <wf lemma="nekoliko" pos="X">nekoliko</wf>
         <wf lemma="mjeseci" pos="X">mjeseci</wf>
         <wf lemma="." pos="X">.</wf>
      </sentence>
      <sentence id="d000.s4493" source="wordnet-croatian">
         <wf lemma="Kamenoklesac" pos="X">Kamenoklesac</wf>
         <wf lemma="je" pos="X">je</wf>
         <instance id="d000.s4493.t000" lemma="izraditi" pos="VERB">izradio</instance>
         <wf lemma="nadgorbni" pos="X">nadgorbni</wf>
         <wf lemma="spomenik" pos="X">spomenik</wf>
         <wf lemma="od" pos="X">od</wf>
         <wf lemma="kamena" pos="X">kamena</wf>
         <wf lemma="." pos="X">.</wf>
      </sentence>
      <sentence id="d000.s4494" source="wordnet-croatian">
         <instance id="d000.s4494.t000" lemma="preparat" pos="NOUN">Preparat</instance>
         <wf lemma="na" pos="X">na</wf>
         <wf lemma="stakalcu" pos="X">stakalcu</wf>
         <wf lemma="bio" pos="X">bio</wf>
         <wf lemma="je" pos="X">je</wf>
         <wf lemma="kontaminiran" pos="X">kontaminiran</wf>
         <wf lemma="bakterijama" pos="X">bakterijama</wf>
         <wf lemma="." pos="X">.</wf>
      </sentence>
      <sentence id="d000.s4495" source="wordnet-croatian">
         <wf lemma="Za" pos="X">Za</wf>
         <wf lemma="sva" pos="X">sva</wf>
         <wf lemma="pitanja" pos="X">pitanja</wf>
         <wf lemma="na" pos="X">na</wf>
         <wf lemma="gradilištu" pos="X">gradilištu</wf>
         <wf lemma="treba" pos="X">treba</wf>
         <wf lemma="pitati" pos="X">pitati</wf>
         <instance id="d000.s4495.t000" lemma="predradnik" pos="NOUN">predradnika</instance>
         <wf lemma="." pos="X">.</wf>
      </sentence>
      <sentence id="d000.s4496" source="wordnet-croatian">
         <wf lemma="Svi" pos="X">Svi</wf>
         <wf lemma="su" pos="X">su</wf>
         <wf lemma="glavni" pos="X">glavni</wf>
         <wf lemma="dijelovi" pos="X">dijelovi</wf>
         <wf lemma="računala" pos="X">računala</wf>
         <wf lemma="smješteni" pos="X">smješteni</wf>
         <wf lemma="u" pos="X">u</wf>
         <instance id="d000.s4496.t000" lemma="kućište" pos="NOUN">kućištu</instance>
         <wf lemma="." pos="X">.</wf>
      </sentence>
      <sentence id="d000.s4497" source="wordnet-croatian">
         <wf lemma="Pozitivne" pos="X">Pozitivne</wf>
         <instance id="d000.s4497.t000" lemma="osobina" pos="NOUN">osobine</instance>
         <wf lemma="njezina" pos="X">njezina</wf>
         <wf lemma="karaktera" pos="X">karaktera</wf>
         <wf lemma="zamjećivali" pos="X">zamjećivali</wf>
         <wf lemma="su" pos="X">su</wf>
         <wf lemma="svi" pos="X">svi</wf>
         <wf lemma="suradnici" pos="X">suradnici</wf>
         <wf lemma="." pos="X">.</wf>
      </sentence>
      <sentence id="d000.s4498" source="wordnet-croatian">
         <wf lemma="Sportski" pos="X">Sportski</wf>
         <wf lemma="auto" pos="X">auto</wf>
         <wf lemma="je" pos="X">je</wf>
         <instance id="d000.s4498.t000" lemma="prestići" pos="VERB">prestigao</instance>
         <wf lemma="sve" pos="X">sve</wf>
         <wf lemma="kamione" pos="X">kamione</wf>
         <wf lemma="." pos="X">.</wf>
      </sentence>
      <sentence id="d000.s4499" source="wordnet-croatian">
         <instance id="d000.s4499.t000" lemma="nepromišljenost" pos="NOUN">Nepromišljenost</instance>
         <wf lemma="je" pos="X">je</wf>
         <wf lemma="Anu" pos="X">Anu</wf>
         <wf lemma="skoro" pos="X">skoro</wf>
         <wf lemma="stajala" pos="X">stajala</wf>
         <wf lemma="gubitka" pos="X">gubitka</wf>
         <wf lemma="najbolje" pos="X">najbolje</wf>
         <wf lemma="prijateljice" pos="X">prijateljice</wf>
         <wf lemma="." pos="X">.</wf>
      </sentence>
      <sentence id="d000.s4500" source="wordnet-croatian">
         <wf lemma="Da" pos="X">Da</wf>
         <wf lemma="bi" pos="X">bi</wf>
         <wf lemma="se" pos="X">se</wf>
         <wf lemma="bilo" pos="X">bilo</wf>
         <wf lemma="dobrim" pos="X">dobrim</wf>
         <instance id="d000.s4500.t000" lemma="pedagog" pos="NOUN">pedagogom</instance>
         <wf lemma="," pos="X">,</wf>
         <wf lemma="potrebno" pos="X">potrebno</wf>
         <wf lemma="je" pos="X">je</wf>
         <wf lemma="znati" pos="X">znati</wf>
         <wf lemma="jasno" pos="X">jasno</wf>
         <wf lemma="i" pos="X">i</wf>
         <wf lemma="jednostavno" pos="X">jednostavno</wf>
         <wf lemma="prenijeti" pos="X">prenijeti</wf>
         <wf lemma="svoje" pos="X">svoje</wf>
         <wf lemma="znanje" pos="X">znanje</wf>
         <wf lemma="drugima" pos="X">drugima</wf>
         <wf lemma="." pos="X">.</wf>
      </sentence>
      <sentence id="d000.s4501" source="wordnet-croatian">
         <wf lemma="Bio" pos="X">Bio</wf>
         <wf lemma="je" pos="X">je</wf>
         <wf lemma="odličan" pos="X">odličan</wf>
         <wf lemma="primjer" pos="X">primjer</wf>
         <wf lemma="čovjeka" pos="X">čovjeka</wf>
         <wf lemma="s" pos="X">s</wf>
         <wf lemma="istančanim" pos="X">istančanim</wf>
         <instance id="d000.s4501.t000" lemma="ukus" pos="NOUN">ukusom</instance>
         <wf lemma="." pos="X">.</wf>
      </sentence>
      <sentence id="d000.s4502" source="wordnet-croatian">
         <wf lemma="Anu" pos="X">Anu</wf>
         <wf lemma="su" pos="X">su</wf>
         <instance id="d000.s4502.t000" lemma="uznemiravati" pos="VERB">uznemiravali</instance>
         <wf lemma="Mirkovi" pos="X">Mirkovi</wf>
         <wf lemma="pogledi" pos="X">pogledi</wf>
         <wf lemma="." pos="X">.</wf>
      </sentence>
      <sentence id="d000.s4503" source="wordnet-croatian">
         <wf lemma="Ti" pos="X">Ti</wf>
         <wf lemma="si" pos="X">si</wf>
         <instance id="d000.s4503.t000" lemma="prenijeti" pos="VERB">prenijela</instance>
         <wf lemma="gripu" pos="X">gripu</wf>
         <wf lemma="na" pos="X">na</wf>
         <wf lemma="mene" pos="X">mene</wf>
         <wf lemma="!" pos="X">!</wf>
      </sentence>
      <sentence id="d000.s4504" source="wordnet-croatian">
         <wf lemma="Mirko" pos="X">Mirko</wf>
         <wf lemma="je" pos="X">je</wf>
         <wf lemma="znao" pos="X">znao</wf>
         <instance id="d000.s4504.t000" lemma="požderati" pos="VERB">požderati</instance>
         <wf lemma="cijelo" pos="X">cijelo</wf>
         <wf lemma="prase" pos="X">prase</wf>
         <wf lemma="za" pos="X">za</wf>
         <wf lemma="večeru" pos="X">večeru</wf>
         <wf lemma="." pos="X">.</wf>
      </sentence>
      <sentence id="d000.s4505" source="wordnet-croatian">
         <wf lemma="Idem" pos="X">Idem</wf>
         <wf lemma="na" pos="X">na</wf>
         <instance id="d000.s4505.t000" lemma="pauza" pos="NOUN">pauzu</instance>
         <wf lemma="za" pos="X">za</wf>
         <wf lemma="ručak" pos="X">ručak</wf>
         <wf lemma="." pos="X">.</wf>
      </sentence>
      <sentence id="d000.s4506" source="wordnet-croatian">
         <wf lemma="Učlanio" pos="X">Učlanio</wf>
         <wf lemma="se" pos="X">se</wf>
         <wf lemma="u" pos="X">u</wf>
         <wf lemma="golf" pos="X">golf</wf>
         <instance id="d000.s4506.t000" lemma="klub" pos="NOUN">klub</instance>
         <wf lemma="." pos="X">.</wf>
      </sentence>
      <sentence id="d000.s4507" source="wordnet-croatian">
         <wf lemma="Ugledala" pos="X">Ugledala</wf>
         <wf lemma="je" pos="X">je</wf>
         <wf lemma="prekrasnu" pos="X">prekrasnu</wf>
         <instance id="d000.s4507.t000" lemma="duga" pos="NOUN">dugu</instance>
         <wf lemma="na" pos="X">na</wf>
         <wf lemma="nebu" pos="X">nebu</wf>
         <wf lemma="." pos="X">.</wf>
      </sentence>
      <sentence id="d000.s4508" source="wordnet-croatian">
         <instance id="d000.s4508.t000" lemma="vladar" pos="NOUN">Vladar</instance>
         <wf lemma="je" pos="X">je</wf>
         <wf lemma="naredio" pos="X">naredio</wf>
         <wf lemma="prikupljanje" pos="X">prikupljanje</wf>
         <wf lemma="poreza" pos="X">poreza</wf>
         <wf lemma="." pos="X">.</wf>
      </sentence>
      <sentence id="d000.s4509" source="wordnet-croatian">
         <wf lemma="Kud" pos="X">Kud</wf>
         <wf lemma="god" pos="X">god</wf>
         <wf lemma="je" pos="X">je</wf>
         <wf lemma="išla" pos="X">išla</wf>
         <wf lemma="," pos="X">,</wf>
         <wf lemma="oko" pos="X">oko</wf>
         <wf lemma="sebe" pos="X">sebe</wf>
         <wf lemma="je" pos="X">je</wf>
         <wf lemma="širila" pos="X">širila</wf>
         <instance id="d000.s4509.t000" lemma="radost" pos="NOUN">radost</instance>
         <wf lemma="." pos="X">.</wf>
      </sentence>
      <sentence id="d000.s4510" source="wordnet-croatian">
         <instance id="d000.s4510.t000" lemma="klevetanje" pos="NOUN">Klevetanje</instance>
         <wf lemma="poznatih" pos="X">poznatih</wf>
         <wf lemma="trajno" pos="X">trajno</wf>
         <wf lemma="narušava" pos="X">narušava</wf>
         <wf lemma="njihov" pos="X">njihov</wf>
         <wf lemma="ugled" pos="X">ugled</wf>
         <wf lemma="." pos="X">.</wf>
      </sentence>
      <sentence id="d000.s4511" source="wordnet-croatian">
         <wf lemma="U" pos="X">U</wf>
         <wf lemma="zadnje" pos="X">zadnje</wf>
         <wf lemma="je" pos="X">je</wf>
         <wf lemma="vrijeme" pos="X">vrijeme</wf>
         <wf lemma="došlo" pos="X">došlo</wf>
         <wf lemma="do" pos="X">do</wf>
         <instance id="d000.s4511.t000" lemma="povećanje" pos="NOUN">povećanja</instance>
         <wf lemma="poreza" pos="X">poreza</wf>
         <wf lemma="." pos="X">.</wf>
      </sentence>
      <sentence id="d000.s4512" source="wordnet-croatian">
         <instance id="d000.s4512.t000" lemma="dati" pos="VERB">Dala</instance>
         <wf lemma="sam" pos="X">sam</wf>
         <wf lemma="mu" pos="X">mu</wf>
         <wf lemma="tabletu" pos="X">tabletu</wf>
         <wf lemma="protiv" pos="X">protiv</wf>
         <wf lemma="glavobolje" pos="X">glavobolje</wf>
         <wf lemma="i" pos="X">i</wf>
         <wf lemma="poslala" pos="X">poslala</wf>
         <wf lemma="ga" pos="X">ga</wf>
         <wf lemma="u" pos="X">u</wf>
         <wf lemma="krevet" pos="X">krevet</wf>
         <wf lemma="." pos="X">.</wf>
      </sentence>
      <sentence id="d000.s4513" source="wordnet-croatian">
         <wf lemma="U" pos="X">U</wf>
         <instance id="d000.s4513.t000" lemma="fond" pos="NOUN">fondu</instance>
         <wf lemma="za" pos="X">za</wf>
         <wf lemma="poljoprivredu" pos="X">poljoprivredu</wf>
         <wf lemma="nestalo" pos="X">nestalo</wf>
         <wf lemma="je" pos="X">je</wf>
         <wf lemma="novca" pos="X">novca</wf>
         <wf lemma="za" pos="X">za</wf>
         <wf lemma="subvencije" pos="X">subvencije</wf>
         <wf lemma="." pos="X">.</wf>
      </sentence>
      <sentence id="d000.s4514" source="wordnet-croatian">
         <wf lemma="Učenici" pos="X">Učenici</wf>
         <wf lemma="su" pos="X">su</wf>
         <wf lemma="računali" pos="X">računali</wf>
         <instance id="d000.s4514.t000" lemma="zbroj" pos="NOUN">zbroj</instance>
         <wf lemma="kutova" pos="X">kutova</wf>
         <wf lemma="u" pos="X">u</wf>
         <wf lemma="trokutu" pos="X">trokutu</wf>
         <wf lemma="." pos="X">.</wf>
      </sentence>
      <sentence id="d000.s4515" source="wordnet-croatian">
         <wf lemma="Naravno" pos="X">Naravno</wf>
         <wf lemma="da" pos="X">da</wf>
         <wf lemma="ću" pos="X">ću</wf>
         <wf lemma="ti" pos="X">ti</wf>
         <instance id="d000.s4515.t000" lemma="posuditi" pos="VERB">posuditi</instance>
         <wf lemma="auto" pos="X">auto</wf>
         <wf lemma="!" pos="X">!</wf>
      </sentence>
      <sentence id="d000.s4516" source="wordnet-croatian">
         <wf lemma="Marko" pos="X">Marko</wf>
         <wf lemma="se" pos="X">se</wf>
         <wf lemma="bavi" pos="X">bavi</wf>
         <instance id="d000.s4516.t000" lemma="restauracija" pos="NOUN">restauracijom</instance>
         <wf lemma="umjetnina" pos="X">umjetnina</wf>
         <wf lemma="." pos="X">.</wf>
      </sentence>
      <sentence id="d000.s4517" source="wordnet-croatian">
         <wf lemma="Bio" pos="X">Bio</wf>
         <wf lemma="je" pos="X">je</wf>
         <instance id="d000.s4517.t000" lemma="nesretan" pos="ADJ">nesretan</instance>
         <wf lemma="i" pos="X">i</wf>
         <wf lemma="to" pos="X">to</wf>
         <wf lemma="mu" pos="X">mu</wf>
         <wf lemma="se" pos="X">se</wf>
         <wf lemma="vidjelo" pos="X">vidjelo</wf>
         <wf lemma="u" pos="X">u</wf>
         <wf lemma="očima" pos="X">očima</wf>
         <wf lemma="." pos="X">.</wf>
      </sentence>
      <sentence id="d000.s4518" source="wordnet-croatian">
         <instance id="d000.s4518.t000" lemma="otkucati" pos="VERB">Otkucalo</instance>
         <wf lemma="je" pos="X">je</wf>
         <wf lemma="podne" pos="X">podne</wf>
         <wf lemma="." pos="X">.</wf>
      </sentence>
      <sentence id="d000.s4519" source="wordnet-croatian">
         <wf lemma="Od" pos="X">Od</wf>
         <wf lemma="sutra" pos="X">sutra</wf>
         <wf lemma="prijašnja" pos="X">prijašnja</wf>
         <wf lemma="tajnica" pos="X">tajnica</wf>
         <instance id="d000.s4519.t000" lemma="započinjati" pos="VERB">započinje</instance>
         <wf lemma="novu" pos="X">novu</wf>
         <wf lemma="karijeru" pos="X">karijeru</wf>
         <wf lemma="osobne" pos="X">osobne</wf>
         <wf lemma="pomoćnice" pos="X">pomoćnice</wf>
         <wf lemma="generalnog" pos="X">generalnog</wf>
         <wf lemma="direktora" pos="X">direktora</wf>
         <wf lemma="." pos="X">.</wf>
      </sentence>
      <sentence id="d000.s4520" source="wordnet-croatian">
         <wf lemma="Lisica" pos="X">Lisica</wf>
         <wf lemma="je" pos="X">je</wf>
         <wf lemma="upala" pos="X">upala</wf>
         <wf lemma="u" pos="X">u</wf>
         <instance id="d000.s4520.t000" lemma="kokošinjac" pos="NOUN">kokošinjac</instance>
         <wf lemma="i" pos="X">i</wf>
         <wf lemma="poklala" pos="X">poklala</wf>
         <wf lemma="živad" pos="X">živad</wf>
         <wf lemma="." pos="X">.</wf>
      </sentence>
      <sentence id="d000.s4521" source="wordnet-croatian">
         <wf lemma="Što" pos="X">Što</wf>
         <wf lemma="je" pos="X">je</wf>
         <wf lemma="tjera" pos="X">tjera</wf>
         <wf lemma="da" pos="X">da</wf>
         <instance id="d000.s4521.t000" lemma="postupati" pos="VERB">postupa</instance>
         <wf lemma="nerazumno" pos="X">nerazumno</wf>
         <wf lemma="?" pos="X">?</wf>
      </sentence>
      <sentence id="d000.s4522" source="wordnet-croatian">
         <wf lemma="Dotadašnja" pos="X">Dotadašnja</wf>
         <wf lemma="saznanja" pos="X">saznanja</wf>
         <wf lemma="iz" pos="X">iz</wf>
         <wf lemma="ovoga" pos="X">ovoga</wf>
         <wf lemma="područja" pos="X">područja</wf>
         <instance id="d000.s4522.t000" lemma="osnova" pos="NOUN">osnova</instance>
         <wf lemma="su" pos="X">su</wf>
         <wf lemma="njegova" pos="X">njegova</wf>
         <wf lemma="znanstvenog" pos="X">znanstvenog</wf>
         <wf lemma="rada" pos="X">rada</wf>
         <wf lemma="." pos="X">.</wf>
      </sentence>
      <sentence id="d000.s4523" source="wordnet-croatian">
         <instance id="d000.s4523.t000" lemma="papar" pos="NOUN">Papar</instance>
         <wf lemma="u" pos="X">u</wf>
         <wf lemma="velikim" pos="X">velikim</wf>
         <wf lemma="količinama" pos="X">količinama</wf>
         <wf lemma="nije" pos="X">nije</wf>
         <wf lemma="zdrav" pos="X">zdrav</wf>
         <wf lemma="." pos="X">.</wf>
      </sentence>
      <sentence id="d000.s4524" source="wordnet-croatian">
         <wf lemma="Klimatske" pos="X">Klimatske</wf>
         <wf lemma="promjene" pos="X">promjene</wf>
         <instance id="d000.s4524.t000" lemma="pogađati" pos="VERB">pogađaju</instance>
         <wf lemma="sva" pos="X">sva</wf>
         <wf lemma="živa" pos="X">živa</wf>
         <wf lemma="bića" pos="X">bića</wf>
         <wf lemma="na" pos="X">na</wf>
         <wf lemma="Zemlji" pos="X">Zemlji</wf>
         <wf lemma="." pos="X">.</wf>
      </sentence>
      <sentence id="d000.s4525" source="wordnet-croatian">
         <wf lemma="Ante" pos="X">Ante</wf>
         <wf lemma="je" pos="X">je</wf>
         <instance id="d000.s4525.t000" lemma="operater" pos="NOUN">operater</instance>
         <wf lemma="na" pos="X">na</wf>
         <wf lemma="telefonskoj" pos="X">telefonskoj</wf>
         <wf lemma="centrali" pos="X">centrali</wf>
         <wf lemma="." pos="X">.</wf>
      </sentence>
      <sentence id="d000.s4526" source="wordnet-croatian">
         <wf lemma="Pokušala" pos="X">Pokušala</wf>
         <wf lemma="je" pos="X">je</wf>
         <wf lemma="u" pos="X">u</wf>
         <wf lemma="svojoj" pos="X">svojoj</wf>
         <wf lemma="djeci" pos="X">djeci</wf>
         <wf lemma="usaditi" pos="X">usaditi</wf>
         <instance id="d000.s4526.t000" lemma="poštenje" pos="NOUN">poštenje</instance>
         <wf lemma="jer" pos="X">jer</wf>
         <wf lemma="je" pos="X">je</wf>
         <wf lemma="smatrala" pos="X">smatrala</wf>
         <wf lemma="da" pos="X">da</wf>
         <wf lemma="je" pos="X">je</wf>
         <wf lemma="to" pos="X">to</wf>
         <wf lemma="najvažnija" pos="X">najvažnija</wf>
         <wf lemma="ljudska" pos="X">ljudska</wf>
         <wf lemma="kvaliteta" pos="X">kvaliteta</wf>
         <wf lemma="." pos="X">.</wf>
      </sentence>
      <sentence id="d000.s4527" source="wordnet-croatian">
         <wf lemma="Uvijek" pos="X">Uvijek</wf>
         <wf lemma="ima" pos="X">ima</wf>
         <instance id="d000.s4527.t000" lemma="negativan" pos="ADJ">negativan</instance>
         <wf lemma="stav" pos="X">stav</wf>
         <wf lemma="prema" pos="X">prema</wf>
         <wf lemma="svemu" pos="X">svemu</wf>
         <wf lemma="oko" pos="X">oko</wf>
         <wf lemma="sebe" pos="X">sebe</wf>
         <wf lemma="." pos="X">.</wf>
      </sentence>
      <sentence id="d000.s4528" source="wordnet-croatian">
         <wf lemma="Teško" pos="X">Teško</wf>
         <wf lemma="je" pos="X">je</wf>
         <wf lemma="pobijediti" pos="X">pobijediti</wf>
         <instance id="d000.s4528.t000" lemma="strah" pos="NOUN">strah</instance>
         <wf lemma="," pos="X">,</wf>
         <wf lemma="ali" pos="X">ali</wf>
         <wf lemma="nije" pos="X">nije</wf>
         <wf lemma="i" pos="X">i</wf>
         <wf lemma="nemoguće" pos="X">nemoguće</wf>
         <wf lemma="." pos="X">.</wf>
      </sentence>
      <sentence id="d000.s4529" source="wordnet-croatian">
         <wf lemma="Ne" pos="X">Ne</wf>
         <wf lemma="smije" pos="X">smije</wf>
         <wf lemma="se" pos="X">se</wf>
         <instance id="d000.s4529.t000" lemma="umanjivati" pos="VERB">umanjivati</instance>
         <wf lemma="pozitivan" pos="X">pozitivan</wf>
         <wf lemma="učinak" pos="X">učinak</wf>
         <wf lemma="prirode" pos="X">prirode</wf>
         <wf lemma="na" pos="X">na</wf>
         <wf lemma="čovjekovo" pos="X">čovjekovo</wf>
         <wf lemma="raspoloženje" pos="X">raspoloženje</wf>
         <wf lemma="." pos="X">.</wf>
      </sentence>
      <sentence id="d000.s4530" source="wordnet-croatian">
         <wf lemma="Optuženi" pos="X">Optuženi</wf>
         <wf lemma="je" pos="X">je</wf>
         <wf lemma="tvrdio" pos="X">tvrdio</wf>
         <wf lemma="da" pos="X">da</wf>
         <wf lemma="je" pos="X">je</wf>
         <wf lemma="pištolj" pos="X">pištolj</wf>
         <instance id="d000.s4530.t000" lemma="opaliti" pos="VERB">opalio</instance>
         <wf lemma="sam" pos="X">sam</wf>
         <wf lemma="od" pos="X">od</wf>
         <wf lemma="sebe" pos="X">sebe</wf>
         <wf lemma="." pos="X">.</wf>
      </sentence>
      <sentence id="d000.s4531" source="wordnet-croatian">
         <instance id="d000.s4531.t000" lemma="odbojnost" pos="NOUN">Odbojnost</instance>
         <wf lemma="koju" pos="X">koju</wf>
         <wf lemma="je" pos="X">je</wf>
         <wf lemma="osjećala" pos="X">osjećala</wf>
         <wf lemma="prema" pos="X">prema</wf>
         <wf lemma="njemu" pos="X">njemu</wf>
         <wf lemma="nije" pos="X">nije</wf>
         <wf lemma="mogla" pos="X">mogla</wf>
         <wf lemma="sakriti" pos="X">sakriti</wf>
         <wf lemma="." pos="X">.</wf>
      </sentence>
      <sentence id="d000.s4532" source="wordnet-croatian">
         <wf lemma="Papige" pos="X">Papige</wf>
         <wf lemma="se" pos="X">se</wf>
         <wf lemma="služe" pos="X">služe</wf>
         <instance id="d000.s4532.t000" lemma="kljun" pos="NOUN">kljunom</instance>
         <wf lemma="za" pos="X">za</wf>
         <wf lemma="obranu" pos="X">obranu</wf>
         <wf lemma="i" pos="X">i</wf>
         <wf lemma="napad" pos="X">napad</wf>
         <wf lemma="." pos="X">.</wf>
      </sentence>
      <sentence id="d000.s4533" source="wordnet-croatian">
         <wf lemma="Japanci" pos="X">Japanci</wf>
         <wf lemma="se" pos="X">se</wf>
         <wf lemma="pozdravljaju" pos="X">pozdravljaju</wf>
         <instance id="d000.s4533.t000" lemma="naginjanje" pos="NOUN">naginjanjem</instance>
         <wf lemma="." pos="X">.</wf>
      </sentence>
      <sentence id="d000.s4534" source="wordnet-croatian">
         <wf lemma="Cijela" pos="X">Cijela</wf>
         <instance id="d000.s4534.t000" lemma="zemlja" pos="NOUN">zemlja</instance>
         <wf lemma="se" pos="X">se</wf>
         <wf lemma="ujedinila" pos="X">ujedinila</wf>
         <wf lemma="na" pos="X">na</wf>
         <wf lemma="vijest" pos="X">vijest</wf>
         <wf lemma="o" pos="X">o</wf>
         <wf lemma="vanjskom" pos="X">vanjskom</wf>
         <wf lemma="neprijatelju" pos="X">neprijatelju</wf>
         <wf lemma="." pos="X">.</wf>
      </sentence>
      <sentence id="d000.s4535" source="wordnet-croatian">
         <wf lemma="Moramo" pos="X">Moramo</wf>
         <wf lemma="pametno" pos="X">pametno</wf>
         <instance id="d000.s4535.t000" lemma="koristiti" pos="VERB">koristiti</instance>
         <wf lemma="resurse" pos="X">resurse</wf>
         <wf lemma="koje" pos="X">koje</wf>
         <wf lemma="imamo" pos="X">imamo</wf>
         <wf lemma="." pos="X">.</wf>
      </sentence>
      <sentence id="d000.s4536" source="wordnet-croatian">
         <wf lemma="Privatne" pos="X">Privatne</wf>
         <wf lemma="kuće" pos="X">kuće</wf>
         <wf lemma="i" pos="X">i</wf>
         <wf lemma="stanovi" pos="X">stanovi</wf>
         <wf lemma="obično" pos="X">obično</wf>
         <wf lemma="nemaju" pos="X">nemaju</wf>
         <instance id="d000.s4536.t000" lemma="pišaonik" pos="NOUN">pišaonike</instance>
         <wf lemma="." pos="X">.</wf>
      </sentence>
      <sentence id="d000.s4537" source="wordnet-croatian">
         <wf lemma="Odvjetnik" pos="X">Odvjetnik</wf>
         <wf lemma="je" pos="X">je</wf>
         <wf lemma="konačno" pos="X">konačno</wf>
         <instance id="d000.s4537.t000" lemma="dovršiti" pos="VERB">dovršio</instance>
         <wf lemma="sastavljanje" pos="X">sastavljanje</wf>
         <wf lemma="kupoprodajnog" pos="X">kupoprodajnog</wf>
         <wf lemma="ugovora" pos="X">ugovora</wf>
         <wf lemma="." pos="X">.</wf>
      </sentence>
      <sentence id="d000.s4538" source="wordnet-croatian">
         <wf lemma="Prije" pos="X">Prije</wf>
         <wf lemma="sezone" pos="X">sezone</wf>
         <wf lemma="grijanja" pos="X">grijanja</wf>
         <wf lemma="mora" pos="X">mora</wf>
         <wf lemma="se" pos="X">se</wf>
         <wf lemma="provjeriti" pos="X">provjeriti</wf>
         <wf lemma="prohodnost" pos="X">prohodnost</wf>
         <instance id="d000.s4538.t000" lemma="dimnjak" pos="NOUN">dimnjaka</instance>
         <wf lemma="." pos="X">.</wf>
      </sentence>
      <sentence id="d000.s4539" source="wordnet-croatian">
         <instance id="d000.s4539.t000" lemma="okrenuti" pos="VERB">Okrenula</instance>
         <wf lemma="se" pos="X">se</wf>
         <wf lemma="posljednji" pos="X">posljednji</wf>
         <wf lemma="put" pos="X">put</wf>
         <wf lemma="prije" pos="X">prije</wf>
         <wf lemma="nego" pos="X">nego</wf>
         <wf lemma="li" pos="X">li</wf>
         <wf lemma="je" pos="X">je</wf>
         <wf lemma="otišla" pos="X">otišla</wf>
         <wf lemma="u" pos="X">u</wf>
         <wf lemma="Ameriku" pos="X">Ameriku</wf>
         <wf lemma="." pos="X">.</wf>
      </sentence>
      <sentence id="d000.s4540" source="wordnet-croatian">
         <wf lemma="Svi" pos="X">Svi</wf>
         <wf lemma="su" pos="X">su</wf>
         <wf lemma="se" pos="X">se</wf>
         <wf lemma="otimali" pos="X">otimali</wf>
         <wf lemma="za" pos="X">za</wf>
         <wf lemma="rijetkim" pos="X">rijetkim</wf>
         <instance id="d000.s4540.t000" lemma="primjerak" pos="NOUN">primjerkom</instance>
         <wf lemma="knjige" pos="X">knjige</wf>
         <wf lemma="." pos="X">.</wf>
      </sentence>
      <sentence id="d000.s4541" source="wordnet-croatian">
         <instance id="d000.s4541.t000" lemma="osuda" pos="NOUN">Osuda</instance>
         <wf lemma="nije" pos="X">nije</wf>
         <wf lemma="bila" pos="X">bila</wf>
         <wf lemma="nimalo" pos="X">nimalo</wf>
         <wf lemma="iznenađujuća" pos="X">iznenađujuća</wf>
         <wf lemma="." pos="X">.</wf>
      </sentence>
      <sentence id="d000.s4542" source="wordnet-croatian">
         <instance id="d000.s4542.t000" lemma="umjetnik" pos="NOUN">Umjetnici</instance>
         <wf lemma="su" pos="X">su</wf>
         <wf lemma="se" pos="X">se</wf>
         <wf lemma="okupljali" pos="X">okupljali</wf>
         <wf lemma="u" pos="X">u</wf>
         <wf lemma="kafanama" pos="X">kafanama</wf>
         <wf lemma="i" pos="X">i</wf>
         <wf lemma="promatrali" pos="X">promatrali</wf>
         <wf lemma="stari" pos="X">stari</wf>
         <wf lemma="Zagreb" pos="X">Zagreb</wf>
         <wf lemma="." pos="X">.</wf>
      </sentence>
      <sentence id="d000.s4543" source="wordnet-croatian">
         <wf lemma="Šahovski" pos="X">Šahovski</wf>
         <instance id="d000.s4543.t000" lemma="turnir" pos="NOUN">turnir</instance>
         <wf lemma="je" pos="X">je</wf>
         <wf lemma="organiziran" pos="X">organiziran</wf>
         <wf lemma="u" pos="X">u</wf>
         <wf lemma="poznatom" pos="X">poznatom</wf>
         <wf lemma="hotelu" pos="X">hotelu</wf>
         <wf lemma="na" pos="X">na</wf>
         <wf lemma="moru" pos="X">moru</wf>
         <wf lemma="." pos="X">.</wf>
      </sentence>
      <sentence id="d000.s4544" source="wordnet-croatian">
         <instance id="d000.s4544.t000" lemma="realizacija" pos="NOUN">Realizacija</instance>
         <wf lemma="projekta" pos="X">projekta</wf>
         <wf lemma="bit" pos="X">bit</wf>
         <wf lemma="će" pos="X">će</wf>
         <wf lemma="moguća" pos="X">moguća</wf>
         <wf lemma="tek" pos="X">tek</wf>
         <wf lemma="potkraj" pos="X">potkraj</wf>
         <wf lemma="godine" pos="X">godine</wf>
         <wf lemma="." pos="X">.</wf>
      </sentence>
      <sentence id="d000.s4545" source="wordnet-croatian">
         <wf lemma="Roditelji" pos="X">Roditelji</wf>
         <wf lemma="mu" pos="X">mu</wf>
         <wf lemma="žive" pos="X">žive</wf>
         <wf lemma="u" pos="X">u</wf>
         <instance id="d000.s4545.t000" lemma="obližnji" pos="ADJ">obližnjem</instance>
         <wf lemma="selu" pos="X">selu</wf>
         <wf lemma="." pos="X">.</wf>
      </sentence>
      <sentence id="d000.s4546" source="wordnet-croatian">
         <instance id="d000.s4546.t000" lemma="dobrota" pos="NOUN">Dobrota</instance>
         <wf lemma="joj" pos="X">joj</wf>
         <wf lemma="je" pos="X">je</wf>
         <wf lemma="isijavala" pos="X">isijavala</wf>
         <wf lemma="iz" pos="X">iz</wf>
         <wf lemma="očiju" pos="X">očiju</wf>
         <wf lemma="." pos="X">.</wf>
      </sentence>
      <sentence id="d000.s4547" source="wordnet-croatian">
         <wf lemma="Petar" pos="X">Petar</wf>
         <wf lemma="je" pos="X">je</wf>
         <instance id="d000.s4547.t000" lemma="opskrbiti" pos="VERB">opskrbio</instance>
         <wf lemma="Marka" pos="X">Marka</wf>
         <wf lemma="najnovijim" pos="X">najnovijim</wf>
         <wf lemma="lingvističkim" pos="X">lingvističkim</wf>
         <wf lemma="knjigama" pos="X">knjigama</wf>
         <wf lemma="." pos="X">.</wf>
      </sentence>
      <sentence id="d000.s4548" source="wordnet-croatian">
         <wf lemma="Učinio" pos="X">Učinio</wf>
         <wf lemma="je" pos="X">je</wf>
         <instance id="d000.s4548.t000" lemma="otklon" pos="NOUN">otklon</instance>
         <wf lemma="od" pos="X">od</wf>
         <wf lemma="dotadašnje" pos="X">dotadašnje</wf>
         <wf lemma="prakse" pos="X">prakse</wf>
         <wf lemma="." pos="X">.</wf>
      </sentence>
      <sentence id="d000.s4549" source="wordnet-croatian">
         <wf lemma="Obukla" pos="X">Obukla</wf>
         <wf lemma="je" pos="X">je</wf>
         <wf lemma="stvarno" pos="X">stvarno</wf>
         <instance id="d000.s4549.t000" lemma="neukusan" pos="ADJ">neukusnu</instance>
         <wf lemma="haljinu" pos="X">haljinu</wf>
         <wf lemma="." pos="X">.</wf>
      </sentence>
      <sentence id="d000.s4550" source="wordnet-croatian">
         <wf lemma="Izgradio" pos="X">Izgradio</wf>
         <wf lemma="je" pos="X">je</wf>
         <wf lemma="kuću" pos="X">kuću</wf>
         <wf lemma="na" pos="X">na</wf>
         <wf lemma="gradskom" pos="X">gradskom</wf>
         <instance id="d000.s4550.t000" lemma="zemljište" pos="NOUN">zemljištu</instance>
         <wf lemma="." pos="X">.</wf>
      </sentence>
      <sentence id="d000.s4551" source="wordnet-croatian">
         <instance id="d000.s4551.t000" lemma="tetošiti" pos="VERB">Tetošila</instance>
         <wf lemma="je" pos="X">je</wf>
         <wf lemma="bolesnog" pos="X">bolesnog</wf>
         <wf lemma="muža" pos="X">muža</wf>
         <wf lemma="." pos="X">.</wf>
      </sentence>
      <sentence id="d000.s4552" source="wordnet-croatian">
         <wf lemma="Izabran" pos="X">Izabran</wf>
         <wf lemma="je" pos="X">je</wf>
         <wf lemma="novi" pos="X">novi</wf>
         <instance id="d000.s4552.t000" lemma="predsjednik" pos="NOUN">predsjednik</instance>
         <wf lemma="upravnog" pos="X">upravnog</wf>
         <wf lemma="odbora" pos="X">odbora</wf>
         <wf lemma="." pos="X">.</wf>
      </sentence>
      <sentence id="d000.s4553" source="wordnet-croatian">
         <wf lemma="Iza" pos="X">Iza</wf>
         <wf lemma="pauze" pos="X">pauze</wf>
         <instance id="d000.s4553.t000" lemma="slijediti" pos="VERB">slijedi</instance>
         <wf lemma="novi" pos="X">novi</wf>
         <wf lemma="niz" pos="X">niz</wf>
         <wf lemma="predavanja" pos="X">predavanja</wf>
         <wf lemma="." pos="X">.</wf>
      </sentence>
      <sentence id="d000.s4554" source="wordnet-croatian">
         <wf lemma="Radnička" pos="X">Radnička</wf>
         <instance id="d000.s4554.t000" lemma="klasa" pos="NOUN">klasa</instance>
         <wf lemma="putuje" pos="X">putuje</wf>
         <wf lemma="u" pos="X">u</wf>
         <wf lemma="raj." pos="X">raj.</wf>
      </sentence>
      <sentence id="d000.s4555" source="wordnet-croatian">
         <instance id="d000.s4555.t000" lemma="reakcija" pos="NOUN">Reakcija</instance>
         <wf lemma="na" pos="X">na</wf>
         <wf lemma="lijek" pos="X">lijek</wf>
         <wf lemma="bio" pos="X">bio</wf>
         <wf lemma="je" pos="X">je</wf>
         <wf lemma="teški" pos="X">teški</wf>
         <wf lemma="svrab" pos="X">svrab</wf>
         <wf lemma="." pos="X">.</wf>
      </sentence>
      <sentence id="d000.s4556" source="wordnet-croatian">
         <wf lemma="Iz" pos="X">Iz</wf>
         <wf lemma="vozila" pos="X">vozila</wf>
         <wf lemma="je" pos="X">je</wf>
         <wf lemma="ispao" pos="X">ispao</wf>
         <instance id="d000.s4556.t000" lemma="tovar" pos="NOUN">tovar</instance>
         <wf lemma="i" pos="X">i</wf>
         <wf lemma="samo" pos="X">samo</wf>
         <wf lemma="srećom" pos="X">srećom</wf>
         <wf lemma="nitko" pos="X">nitko</wf>
         <wf lemma="nije" pos="X">nije</wf>
         <wf lemma="ozlijeđen" pos="X">ozlijeđen</wf>
         <wf lemma="." pos="X">.</wf>
      </sentence>
      <sentence id="d000.s4557" source="wordnet-croatian">
         <wf lemma="Ti" pos="X">Ti</wf>
         <wf lemma="simptomi" pos="X">simptomi</wf>
         <instance id="d000.s4557.t000" lemma="ukazivati" pos="VERB">ukazuju</instance>
         <wf lemma="na" pos="X">na</wf>
         <wf lemma="ozbiljne" pos="X">ozbiljne</wf>
         <wf lemma="mentalne" pos="X">mentalne</wf>
         <wf lemma="probleme" pos="X">probleme</wf>
         <wf lemma="kod" pos="X">kod</wf>
         <wf lemma="pacijentice" pos="X">pacijentice</wf>
         <wf lemma="." pos="X">.</wf>
      </sentence>
      <sentence id="d000.s4558" source="wordnet-croatian">
         <wf lemma="Djeca" pos="X">Djeca</wf>
         <wf lemma="su" pos="X">su</wf>
         <wf lemma="vrlo" pos="X">vrlo</wf>
         <instance id="d000.s4558.t000" lemma="maštovit" pos="ADJ">maštovita</instance>
         <wf lemma="." pos="X">.</wf>
      </sentence>
      <sentence id="d000.s4559" source="wordnet-croatian">
         <instance id="d000.s4559.t000" lemma="zbroj" pos="NOUN">Zbroj</instance>
         <wf lemma="svih" pos="X">svih</wf>
         <wf lemma="mojih" pos="X">mojih</wf>
         <wf lemma="dugovanja" pos="X">dugovanja</wf>
         <wf lemma="veći" pos="X">veći</wf>
         <wf lemma="je" pos="X">je</wf>
         <wf lemma="od" pos="X">od</wf>
         <wf lemma="moje" pos="X">moje</wf>
         <wf lemma="plaće" pos="X">plaće</wf>
         <wf lemma="." pos="X">.</wf>
      </sentence>
      <sentence id="d000.s4560" source="wordnet-croatian">
         <wf lemma="Moram" pos="X">Moram</wf>
         <wf lemma="još" pos="X">još</wf>
         <wf lemma="samo" pos="X">samo</wf>
         <wf lemma="staviti" pos="X">staviti</wf>
         <wf lemma="drugi" pos="X">drugi</wf>
         <instance id="d000.s4560.t000" lemma="premaz" pos="NOUN">premaz</instance>
         <wf lemma="boje" pos="X">boje</wf>
         <wf lemma="i" pos="X">i</wf>
         <wf lemma="ormarić" pos="X">ormarić</wf>
         <wf lemma="je" pos="X">je</wf>
         <wf lemma="gotov" pos="X">gotov</wf>
         <wf lemma="." pos="X">.</wf>
      </sentence>
      <sentence id="d000.s4561" source="wordnet-croatian">
         <wf lemma="Ozbiljno" pos="X">Ozbiljno</wf>
         <wf lemma="je" pos="X">je</wf>
         <instance id="d000.s4561.t000" lemma="oštetiti" pos="VERB">oštetila</instance>
         <wf lemma="auto" pos="X">auto</wf>
         <wf lemma="udarcem" pos="X">udarcem</wf>
         <wf lemma="o" pos="X">o</wf>
         <wf lemma="stablo" pos="X">stablo</wf>
         <wf lemma="." pos="X">.</wf>
      </sentence>
      <sentence id="d000.s4562" source="wordnet-croatian">
         <wf lemma="Na" pos="X">Na</wf>
         <wf lemma="državnoj" pos="X">državnoj</wf>
         <instance id="d000.s4562.t000" lemma="cesta" pos="NOUN">cesti</instance>
         <wf lemma="A1" pos="X">A1</wf>
         <wf lemma="zbog" pos="X">zbog</wf>
         <wf lemma="radova" pos="X">radova</wf>
         <wf lemma="je" pos="X">je</wf>
         <wf lemma="otežan" pos="X">otežan</wf>
         <wf lemma="promet" pos="X">promet</wf>
         <wf lemma="." pos="X">.</wf>
      </sentence>
      <sentence id="d000.s4563" source="wordnet-croatian">
         <instance id="d000.s4563.t000" lemma="odrastao" pos="ADJ">Odrasla</instance>
         <wf lemma="životinja" pos="X">životinja</wf>
         <wf lemma="si" pos="X">si</wf>
         <wf lemma="zna" pos="X">zna</wf>
         <wf lemma="sama" pos="X">sama</wf>
         <wf lemma="pronaći" pos="X">pronaći</wf>
         <wf lemma="hranu" pos="X">hranu</wf>
         <wf lemma="." pos="X">.</wf>
      </sentence>
      <sentence id="d000.s4564" source="wordnet-croatian">
         <wf lemma="Žene" pos="X">Žene</wf>
         <wf lemma="su" pos="X">su</wf>
         <wf lemma="često" pos="X">često</wf>
         <wf lemma="spremne" pos="X">spremne</wf>
         <wf lemma="potrošiti" pos="X">potrošiti</wf>
         <wf lemma="i" pos="X">i</wf>
         <wf lemma="zadnji" pos="X">zadnji</wf>
         <wf lemma="novčić" pos="X">novčić</wf>
         <wf lemma="na" pos="X">na</wf>
         <instance id="d000.s4564.t000" lemma="cipela" pos="NOUN">cipele</instance>
         <wf lemma="." pos="X">.</wf>
      </sentence>
      <sentence id="d000.s4565" source="wordnet-croatian">
         <instance id="d000.s4565.t000" lemma="sudbina" pos="NOUN">Sudbina</instance>
         <wf lemma="je" pos="X">je</wf>
         <wf lemma="htjela" pos="X">htjela</wf>
         <wf lemma="da" pos="X">da</wf>
         <wf lemma="ode" pos="X">ode</wf>
         <wf lemma="na" pos="X">na</wf>
         <wf lemma="to" pos="X">to</wf>
         <wf lemma="kobno" pos="X">kobno</wf>
         <wf lemma="putovanje" pos="X">putovanje</wf>
         <wf lemma="." pos="X">.</wf>
      </sentence>
      <sentence id="d000.s4566" source="wordnet-croatian">
         <wf lemma="Vježbač" pos="X">Vježbač</wf>
         <wf lemma="na" pos="X">na</wf>
         <instance id="d000.s4566.t000" lemma="preča" pos="NOUN">preči</instance>
         <wf lemma="može" pos="X">može</wf>
         <wf lemma="izvoditi" pos="X">izvoditi</wf>
         <wf lemma="razne" pos="X">razne</wf>
         <wf lemma="okrete" pos="X">okrete</wf>
         <wf lemma="i" pos="X">i</wf>
         <wf lemma="salta" pos="X">salta</wf>
         <wf lemma="." pos="X">.</wf>
      </sentence>
      <sentence id="d000.s4567" source="wordnet-croatian">
         <instance id="d000.s4567.t000" lemma="baciti" pos="VERB">Bacio</instance>
         <wf lemma="je" pos="X">je</wf>
         <wf lemma="kamen" pos="X">kamen</wf>
         <wf lemma="kupaču" pos="X">kupaču</wf>
         <wf lemma="na" pos="X">na</wf>
         <wf lemma="glavu" pos="X">glavu</wf>
         <wf lemma="." pos="X">.</wf>
      </sentence>
      <sentence id="d000.s4568" source="wordnet-croatian">
         <wf lemma="Učenici" pos="X">Učenici</wf>
         <wf lemma="su" pos="X">su</wf>
         <instance id="d000.s4568.t000" lemma="zafrkavati" pos="VERB">zafrkavali</instance>
         <wf lemma="novog" pos="X">novog</wf>
         <wf lemma="učitelja" pos="X">učitelja</wf>
         <wf lemma="." pos="X">.</wf>
      </sentence>
      <sentence id="d000.s4569" source="wordnet-croatian">
         <wf lemma="Mirko" pos="X">Mirko</wf>
         <wf lemma="je" pos="X">je</wf>
         <wf lemma="znatno" pos="X">znatno</wf>
         <instance id="d000.s4569.t000" lemma="dotjerati" pos="VERB">dotjerao</instance>
         <wf lemma="svoj" pos="X">svoj</wf>
         <wf lemma="stil" pos="X">stil</wf>
         <wf lemma="pisanja" pos="X">pisanja</wf>
         <wf lemma="službenih" pos="X">službenih</wf>
         <wf lemma="dopisa" pos="X">dopisa</wf>
         <wf lemma="." pos="X">.</wf>
      </sentence>
      <sentence id="d000.s4570" source="wordnet-croatian">
         <wf lemma="Svaki" pos="X">Svaki</wf>
         <wf lemma="rizik" pos="X">rizik</wf>
         <wf lemma="treba" pos="X">treba</wf>
         <instance id="d000.s4570.t000" lemma="otkloniti" pos="VERB">otkloniti</instance>
         <wf lemma="prije" pos="X">prije</wf>
         <wf lemma="početka" pos="X">početka</wf>
         <wf lemma="projekta" pos="X">projekta</wf>
         <wf lemma="." pos="X">.</wf>
      </sentence>
      <sentence id="d000.s4571" source="wordnet-croatian">
         <wf lemma="Malim" pos="X">Malim</wf>
         <wf lemma="znakovima" pos="X">znakovima</wf>
         <wf lemma="pažnje" pos="X">pažnje</wf>
         <wf lemma="pokazujte" pos="X">pokazujte</wf>
         <wf lemma="joj" pos="X">joj</wf>
         <wf lemma="svoju" pos="X">svoju</wf>
         <instance id="d000.s4571.t000" lemma="naklonost" pos="NOUN">naklonost</instance>
         <wf lemma="." pos="X">.</wf>
      </sentence>
      <sentence id="d000.s4572" source="wordnet-croatian">
         <instance id="d000.s4572.t000" lemma="uvući" pos="VERB">Uvukao</instance>
         <wf lemma="me" pos="X">me</wf>
         <wf lemma="je" pos="X">je</wf>
         <wf lemma="u" pos="X">u</wf>
         <wf lemma="beskonačno" pos="X">beskonačno</wf>
         <wf lemma="dosadan" pos="X">dosadan</wf>
         <wf lemma="razgovor" pos="X">razgovor</wf>
         <wf lemma="." pos="X">.</wf>
      </sentence>
      <sentence id="d000.s4573" source="wordnet-croatian">
         <wf lemma="32" pos="X">32</wf>
         <instance id="d000.s4573.t000" lemma="točka" pos="NOUN">točke</instance>
         <wf lemma="izlazaka/zalazaka" pos="X">izlazaka/zalazaka</wf>
         <wf lemma="zvijezda" pos="X">zvijezda</wf>
         <wf lemma="na" pos="X">na</wf>
         <wf lemma="sideralnom" pos="X">sideralnom</wf>
         <wf lemma="su" pos="X">su</wf>
         <wf lemma="kompasu" pos="X">kompasu</wf>
         <wf lemma="raspoređene" pos="X">raspoređene</wf>
         <wf lemma="u" pos="X">u</wf>
         <wf lemma="pravilnim" pos="X">pravilnim</wf>
         <wf lemma="razmacima" pos="X">razmacima</wf>
         <wf lemma="od" pos="X">od</wf>
         <wf lemma="11.25" pos="X">11.25</wf>
         <wf lemma="stupnjeva" pos="X">stupnjeva</wf>
         <wf lemma="." pos="X">.</wf>
      </sentence>
      <sentence id="d000.s4574" source="wordnet-croatian">
         <wf lemma="Kako" pos="X">Kako</wf>
         <wf lemma="si" pos="X">si</wf>
         <instance id="d000.s4574.t000" lemma="provesti" pos="VERB">proveo</instance>
         <wf lemma="ljetne" pos="X">ljetne</wf>
         <wf lemma="praznike" pos="X">praznike</wf>
         <wf lemma="?" pos="X">?</wf>
      </sentence>
      <sentence id="d000.s4575" source="wordnet-croatian">
         <wf lemma="Govorila" pos="X">Govorila</wf>
         <wf lemma="je" pos="X">je</wf>
         <instance id="d000.s4575.t000" lemma="slabašan" pos="ADJ">slabašnim</instance>
         <wf lemma="glasom" pos="X">glasom</wf>
         <wf lemma="," pos="X">,</wf>
         <wf lemma="ali" pos="X">ali</wf>
         <wf lemma="je" pos="X">je</wf>
         <wf lemma="arije" pos="X">arije</wf>
         <wf lemma="i" pos="X">i</wf>
         <wf lemma="popijevke" pos="X">popijevke</wf>
         <wf lemma="pjevala" pos="X">pjevala</wf>
         <wf lemma="kao" pos="X">kao</wf>
         <wf lemma="primadona" pos="X">primadona</wf>
         <wf lemma="." pos="X">.</wf>
      </sentence>
      <sentence id="d000.s4576" source="wordnet-croatian">
         <wf lemma="Naš" pos="X">Naš</wf>
         <wf lemma="je" pos="X">je</wf>
         <wf lemma="predsjednik" pos="X">predsjednik</wf>
         <wf lemma="danas" pos="X">danas</wf>
         <wf lemma="imao" pos="X">imao</wf>
         <wf lemma="sastanak" pos="X">sastanak</wf>
         <wf lemma="s" pos="X">s</wf>
         <instance id="d000.s4576.t000" lemma="poglavar" pos="NOUN">poglavarom</instance>
         <wf lemma="Saudijske" pos="X">Saudijske</wf>
         <wf lemma="Arabije" pos="X">Arabije</wf>
         <wf lemma="." pos="X">.</wf>
      </sentence>
      <sentence id="d000.s4577" source="wordnet-croatian">
         <wf lemma="Ako" pos="X">Ako</wf>
         <wf lemma="se" pos="X">se</wf>
         <wf lemma="izgubiš" pos="X">izgubiš</wf>
         <wf lemma="u" pos="X">u</wf>
         <wf lemma="nepoznatom" pos="X">nepoznatom</wf>
         <wf lemma="gradu" pos="X">gradu</wf>
         <instance id="d000.s4577.t000" lemma="pitati" pos="VERB">pitaj</instance>
         <wf lemma="prolaznika" pos="X">prolaznika</wf>
         <wf lemma="za" pos="X">za</wf>
         <wf lemma="put" pos="X">put</wf>
         <wf lemma="." pos="X">.</wf>
      </sentence>
      <sentence id="d000.s4578" source="wordnet-croatian">
         <instance id="d000.s4578.t000" lemma="napustiti" pos="VERB">Napustio</instance>
         <wf lemma="je" pos="X">je</wf>
         <wf lemma="ideju" pos="X">ideju</wf>
         <wf lemma="o" pos="X">o</wf>
         <wf lemma="odlasku" pos="X">odlasku</wf>
         <wf lemma="u" pos="X">u</wf>
         <wf lemma="inozemstvo" pos="X">inozemstvo</wf>
         <wf lemma="." pos="X">.</wf>
      </sentence>
      <sentence id="d000.s4579" source="wordnet-croatian">
         <instance id="d000.s4579.t000" lemma="ostaviti" pos="VERB">Ostavila</instance>
         <wf lemma="sam" pos="X">sam</wf>
         <wf lemma="djecu" pos="X">djecu</wf>
         <wf lemma="na" pos="X">na</wf>
         <wf lemma="čuvanju" pos="X">čuvanju</wf>
         <wf lemma="kod" pos="X">kod</wf>
         <wf lemma="bake" pos="X">bake</wf>
         <wf lemma="i" pos="X">i</wf>
         <wf lemma="djeda" pos="X">djeda</wf>
         <wf lemma="." pos="X">.</wf>
      </sentence>
      <sentence id="d000.s4580" source="wordnet-croatian">
         <wf lemma="Cijeli" pos="X">Cijeli</wf>
         <wf lemma="je" pos="X">je</wf>
         <instance id="d000.s4580.t000" lemma="svijet" pos="NOUN">svijet</instance>
         <wf lemma="pratio" pos="X">pratio</wf>
         <wf lemma="prvo" pos="X">prvo</wf>
         <wf lemma="slijetanje" pos="X">slijetanje</wf>
         <wf lemma="na" pos="X">na</wf>
         <wf lemma="Mjesec." pos="X">Mjesec.</wf>
      </sentence>
      <sentence id="d000.s4581" source="wordnet-croatian">
         <wf lemma="Djeca" pos="X">Djeca</wf>
         <wf lemma="su" pos="X">su</wf>
         <wf lemma="nakon" pos="X">nakon</wf>
         <wf lemma="ručka" pos="X">ručka</wf>
         <wf lemma="dobila" pos="X">dobila</wf>
         <instance id="d000.s4581.t000" lemma="poslastica" pos="NOUN">poslastice</instance>
         <wf lemma="." pos="X">.</wf>
      </sentence>
      <sentence id="d000.s4582" source="wordnet-croatian">
         <wf lemma="Brza" pos="X">Brza</wf>
         <wf lemma="je" pos="X">je</wf>
         <wf lemma="hrana" pos="X">hrana</wf>
         <instance id="d000.s4582.t000" lemma="štetan" pos="ADJ">štetna</instance>
         <wf lemma="." pos="X">.</wf>
      </sentence>
      <sentence id="d000.s4583" source="wordnet-croatian">
         <instance id="d000.s4583.t000" lemma="proglasiti" pos="VERB">Proglasili</instance>
         <wf lemma="su" pos="X">su</wf>
         <wf lemma="ga" pos="X">ga</wf>
         <wf lemma="bedakom" pos="X">bedakom</wf>
         <wf lemma="." pos="X">.</wf>
      </sentence>
      <sentence id="d000.s4584" source="wordnet-croatian">
         <wf lemma="Baš" pos="X">Baš</wf>
         <wf lemma="mi" pos="X">mi</wf>
         <instance id="d000.s4584.t000" lemma="odgovarati" pos="VERB">odgovara</instance>
         <wf lemma="toplo" pos="X">toplo</wf>
         <wf lemma="vrijeme" pos="X">vrijeme</wf>
         <wf lemma="." pos="X">.</wf>
      </sentence>
      <sentence id="d000.s4585" source="wordnet-croatian">
         <wf lemma="Kritičari" pos="X">Kritičari</wf>
         <wf lemma="su" pos="X">su</wf>
         <instance id="d000.s4585.t000" lemma="ismijati" pos="VERB">ismijali</instance>
         <wf lemma="novu" pos="X">novu</wf>
         <wf lemma="izvedbu" pos="X">izvedbu</wf>
         <wf lemma="Hamleta" pos="X">Hamleta</wf>
         <wf lemma="." pos="X">.</wf>
      </sentence>
      <sentence id="d000.s4586" source="wordnet-croatian">
         <wf lemma="Imao" pos="X">Imao</wf>
         <wf lemma="je" pos="X">je</wf>
         <instance id="d000.s4586.t000" lemma="značajan" pos="ADJ">značajnu</instance>
         <wf lemma="ulogu" pos="X">ulogu</wf>
         <wf lemma="u" pos="X">u</wf>
         <wf lemma="svojoj" pos="X">svojoj</wf>
         <wf lemma="tvrtki" pos="X">tvrtki</wf>
         <wf lemma="." pos="X">.</wf>
      </sentence>
      <sentence id="d000.s4587" source="wordnet-croatian">
         <wf lemma="Nikad" pos="X">Nikad</wf>
         <wf lemma="nisam" pos="X">nisam</wf>
         <wf lemma="naučio" pos="X">naučio</wf>
         <instance id="d000.s4587.t000" lemma="tkati" pos="VERB">tkati</instance>
         <wf lemma="." pos="X">.</wf>
      </sentence>
      <sentence id="d000.s4588" source="wordnet-croatian">
         <wf lemma="Ovakvo" pos="X">Ovakvo</wf>
         <instance id="d000.s4588.t000" lemma="poniženje" pos="NOUN">poniženje</instance>
         <wf lemma="u" pos="X">u</wf>
         <wf lemma="životu" pos="X">životu</wf>
         <wf lemma="nisam" pos="X">nisam</wf>
         <wf lemma="doživjela" pos="X">doživjela</wf>
         <wf lemma="!" pos="X">!</wf>
      </sentence>
      <sentence id="d000.s4589" source="wordnet-croatian">
         <wf lemma="Na" pos="X">Na</wf>
         <wf lemma="faks" pos="X">faks</wf>
         <wf lemma="uvijek" pos="X">uvijek</wf>
         <wf lemma="nosim" pos="X">nosim</wf>
         <instance id="d000.s4589.t000" lemma="sendvič" pos="NOUN">sendvič</instance>
         <wf lemma="pripremljen" pos="X">pripremljen</wf>
         <wf lemma="doma" pos="X">doma</wf>
         <wf lemma="." pos="X">.</wf>
      </sentence>
      <sentence id="d000.s4590" source="wordnet-croatian">
         <wf lemma="Bio" pos="X">Bio</wf>
         <wf lemma="je" pos="X">je</wf>
         <wf lemma="to" pos="X">to</wf>
         <instance id="d000.s4590.t000" lemma="rubni" pos="ADJ">rubni</instance>
         <wf lemma="problem" pos="X">problem</wf>
         <wf lemma="pa" pos="X">pa</wf>
         <wf lemma="su" pos="X">su</wf>
         <wf lemma="ga" pos="X">ga</wf>
         <wf lemma="ostavili" pos="X">ostavili</wf>
         <wf lemma="za" pos="X">za</wf>
         <wf lemma="kasnije" pos="X">kasnije</wf>
         <wf lemma="." pos="X">.</wf>
      </sentence>
      <sentence id="d000.s4591" source="wordnet-croatian">
         <wf lemma="Sumnjao" pos="X">Sumnjao</wf>
         <wf lemma="je" pos="X">je</wf>
         <wf lemma="u" pos="X">u</wf>
         <wf lemma="uspjeh" pos="X">uspjeh</wf>
         <wf lemma="cijeloga" pos="X">cijeloga</wf>
         <instance id="d000.s4591.t000" lemma="pothvat" pos="NOUN">pothvata</instance>
         <wf lemma="." pos="X">.</wf>
      </sentence>
      <sentence id="d000.s4592" source="wordnet-croatian">
         <wf lemma="Poslije" pos="X">Poslije</wf>
         <wf lemma="potrebnih" pos="X">potrebnih</wf>
         <instance id="d000.s4592.t000" lemma="prilagodba" pos="NOUN">prilagodbi</instance>
         <wf lemma="računalo" pos="X">računalo</wf>
         <wf lemma="je" pos="X">je</wf>
         <wf lemma="proradilo" pos="X">proradilo</wf>
         <wf lemma="." pos="X">.</wf>
      </sentence>
      <sentence id="d000.s4593" source="wordnet-croatian">
         <wf lemma="Iskustvo" pos="X">Iskustvo</wf>
         <wf lemma="je" pos="X">je</wf>
         <wf lemma="velika" pos="X">velika</wf>
         <instance id="d000.s4593.t000" lemma="prednost" pos="NOUN">prednost</instance>
         <wf lemma="pri" pos="X">pri</wf>
         <wf lemma="traženju" pos="X">traženju</wf>
         <wf lemma="posla" pos="X">posla</wf>
         <wf lemma="." pos="X">.</wf>
      </sentence>
      <sentence id="d000.s4594" source="wordnet-croatian">
         <wf lemma="Automobilska" pos="X">Automobilska</wf>
         <wf lemma="industrija" pos="X">industrija</wf>
         <wf lemma="ponovno" pos="X">ponovno</wf>
         <instance id="d000.s4594.t000" lemma="doživljavati" pos="VERB">doživljava</instance>
         <wf lemma="procvat" pos="X">procvat</wf>
         <wf lemma="." pos="X">.</wf>
      </sentence>
      <sentence id="d000.s4595" source="wordnet-croatian">
         <wf lemma="Posjetio" pos="X">Posjetio</wf>
         <wf lemma="je" pos="X">je</wf>
         <wf lemma="mnogo" pos="X">mnogo</wf>
         <instance id="d000.s4595.t000" lemma="država" pos="NOUN">država</instance>
         <wf lemma="." pos="X">.</wf>
      </sentence>
      <sentence id="d000.s4596" source="wordnet-croatian">
         <wf lemma="U" pos="X">U</wf>
         <wf lemma="uredskom" pos="X">uredskom</wf>
         <wf lemma="je" pos="X">je</wf>
         <instance id="d000.s4596.t000" lemma="pretinac" pos="NOUN">pretincu</instance>
         <wf lemma="imao" pos="X">imao</wf>
         <wf lemma="dosjee" pos="X">dosjee</wf>
         <wf lemma="svih" pos="X">svih</wf>
         <wf lemma="zaposlenika" pos="X">zaposlenika</wf>
         <wf lemma="." pos="X">.</wf>
      </sentence>
      <sentence id="d000.s4597" source="wordnet-croatian">
         <wf lemma="Njegovo" pos="X">Njegovo</wf>
         <wf lemma="se" pos="X">se</wf>
         <instance id="d000.s4597.t000" lemma="raspoloženje" pos="NOUN">raspoloženje</instance>
         <wf lemma="naglo" pos="X">naglo</wf>
         <wf lemma="poboljšalo" pos="X">poboljšalo</wf>
         <wf lemma="čim" pos="X">čim</wf>
         <wf lemma="je" pos="X">je</wf>
         <wf lemma="stigao" pos="X">stigao</wf>
         <wf lemma="na" pos="X">na</wf>
         <wf lemma="zabavu" pos="X">zabavu</wf>
         <wf lemma="." pos="X">.</wf>
      </sentence>
      <sentence id="d000.s4598" source="wordnet-croatian">
         <wf lemma="Mirko" pos="X">Mirko</wf>
         <wf lemma="nije" pos="X">nije</wf>
         <wf lemma="mogao" pos="X">mogao</wf>
         <wf lemma="prikriti" pos="X">prikriti</wf>
         <wf lemma="svoje" pos="X">svoje</wf>
         <instance id="d000.s4598.t000" lemma="oduševljenje" pos="NOUN">oduševljenje</instance>
         <wf lemma="lijepom" pos="X">lijepom</wf>
         <wf lemma="domaćicom" pos="X">domaćicom</wf>
         <wf lemma="." pos="X">.</wf>
      </sentence>
      <sentence id="d000.s4599" source="wordnet-croatian">
         <wf lemma="Njegova" pos="X">Njegova</wf>
         <wf lemma="je" pos="X">je</wf>
         <wf lemma="poezija" pos="X">poezija</wf>
         <instance id="d000.s4599.t000" lemma="srodan" pos="ADJ">srodna</instance>
         <wf lemma="antičkim" pos="X">antičkim</wf>
         <wf lemma="frčkim" pos="X">frčkim</wf>
         <wf lemma="himnama" pos="X">himnama</wf>
         <wf lemma="." pos="X">.</wf>
      </sentence>
      <sentence id="d000.s4600" source="wordnet-croatian">
         <instance id="d000.s4600.t000" lemma="opservacija" pos="NOUN">Opservacija</instance>
         <wf lemma="nebeskih" pos="X">nebeskih</wf>
         <wf lemma="tijela" pos="X">tijela</wf>
         <wf lemma="oduvijek" pos="X">oduvijek</wf>
         <wf lemma="je" pos="X">je</wf>
         <wf lemma="bila" pos="X">bila</wf>
         <wf lemma="njegov" pos="X">njegov</wf>
         <wf lemma="hobi" pos="X">hobi</wf>
         <wf lemma="." pos="X">.</wf>
      </sentence>
      <sentence id="d000.s4601" source="wordnet-croatian">
         <wf lemma="Policija" pos="X">Policija</wf>
         <wf lemma="je" pos="X">je</wf>
         <instance id="d000.s4601.t000" lemma="označiti" pos="VERB">označila</instance>
         <wf lemma="mjesto" pos="X">mjesto</wf>
         <wf lemma="zločina" pos="X">zločina</wf>
         <wf lemma="žutim" pos="X">žutim</wf>
         <wf lemma="trakama" pos="X">trakama</wf>
         <wf lemma="." pos="X">.</wf>
      </sentence>
      <sentence id="d000.s4602" source="wordnet-croatian">
         <wf lemma="Čim" pos="X">Čim</wf>
         <wf lemma="bi" pos="X">bi</wf>
         <wf lemma="ujutro" pos="X">ujutro</wf>
         <wf lemma="ustala" pos="X">ustala</wf>
         <wf lemma="iz" pos="X">iz</wf>
         <wf lemma="kreveta" pos="X">kreveta</wf>
         <wf lemma="," pos="X">,</wf>
         <wf lemma="otvarala" pos="X">otvarala</wf>
         <wf lemma="bi" pos="X">bi</wf>
         <instance id="d000.s4602.t000" lemma="šaloporka" pos="NOUN">šaloporke</instance>
         <wf lemma="i" pos="X">i</wf>
         <wf lemma="uživala" pos="X">uživala</wf>
         <wf lemma="u" pos="X">u</wf>
         <wf lemma="rađanju" pos="X">rađanju</wf>
         <wf lemma="novoga" pos="X">novoga</wf>
         <wf lemma="dana" pos="X">dana</wf>
         <wf lemma="." pos="X">.</wf>
      </sentence>
      <sentence id="d000.s4603" source="wordnet-croatian">
         <wf lemma="Meso" pos="X">Meso</wf>
         <wf lemma="prolazi" pos="X">prolazi</wf>
         <wf lemma="nekoliko" pos="X">nekoliko</wf>
         <instance id="d000.s4603.t000" lemma="provjera" pos="NOUN">provjera</instance>
         <wf lemma="prije" pos="X">prije</wf>
         <wf lemma="stavljanja" pos="X">stavljanja</wf>
         <wf lemma="u" pos="X">u</wf>
         <wf lemma="prodaju" pos="X">prodaju</wf>
         <wf lemma="." pos="X">.</wf>
      </sentence>
      <sentence id="d000.s4604" source="wordnet-croatian">
         <wf lemma="Mirovni" pos="X">Mirovni</wf>
         <wf lemma="pregovori" pos="X">pregovori</wf>
         <wf lemma="su" pos="X">su</wf>
         <instance id="d000.s4604.t000" lemma="propasti" pos="VERB">propali</instance>
         <wf lemma="." pos="X">.</wf>
      </sentence>
      <sentence id="d000.s4605" source="wordnet-croatian">
         <wf lemma="Kapetan" pos="X">Kapetan</wf>
         <wf lemma="je" pos="X">je</wf>
         <instance id="d000.s4605.t000" lemma="odgovoran" pos="ADJ">odgovoran</instance>
         <wf lemma="za" pos="X">za</wf>
         <wf lemma="sigurnost" pos="X">sigurnost</wf>
         <wf lemma="na" pos="X">na</wf>
         <wf lemma="brodu" pos="X">brodu</wf>
         <wf lemma="." pos="X">.</wf>
      </sentence>
      <sentence id="d000.s4606" source="wordnet-croatian">
         <instance id="d000.s4606.t000" lemma="nalikovanje" pos="NOUN">Nalikovanje</instance>
         <wf lemma="na" pos="X">na</wf>
         <wf lemma="kubizam" pos="X">kubizam</wf>
         <wf lemma="smanjuje" pos="X">smanjuje</wf>
         <wf lemma="vrijednost" pos="X">vrijednost</wf>
         <wf lemma="njegovim" pos="X">njegovim</wf>
         <wf lemma="slikama" pos="X">slikama</wf>
         <wf lemma="." pos="X">.</wf>
      </sentence>
      <sentence id="d000.s4607" source="wordnet-croatian">
         <wf lemma="Ako" pos="X">Ako</wf>
         <wf lemma="mi" pos="X">mi</wf>
         <instance id="d000.s4607.t000" lemma="fortuna" pos="NOUN">fortuna</instance>
         <wf lemma="bude" pos="X">bude</wf>
         <wf lemma="sklona" pos="X">sklona</wf>
         <wf lemma="," pos="X">,</wf>
         <wf lemma="dobit" pos="X">dobit</wf>
         <wf lemma="ću" pos="X">ću</wf>
         <wf lemma="na" pos="X">na</wf>
         <wf lemma="ruletu" pos="X">ruletu</wf>
         <wf lemma="." pos="X">.</wf>
      </sentence>
      <sentence id="d000.s4608" source="wordnet-croatian">
         <instance id="d000.s4608.t000" lemma="zastupati" pos="VERB">Zastupao</instance>
         <wf lemma="je" pos="X">je</wf>
         <wf lemma="prava" pos="X">prava</wf>
         <wf lemma="radnika" pos="X">radnika</wf>
         <wf lemma="." pos="X">.</wf>
      </sentence>
      <sentence id="d000.s4609" source="wordnet-croatian">
         <wf lemma="Galileo" pos="X">Galileo</wf>
         <wf lemma="je" pos="X">je</wf>
         <instance id="d000.s4609.t000" lemma="znati" pos="VERB">znao</instance>
         <wf lemma="da" pos="X">da</wf>
         <wf lemma="se" pos="X">se</wf>
         <wf lemma="Zemlja" pos="X">Zemlja</wf>
         <wf lemma="okreće" pos="X">okreće</wf>
         <wf lemma="oko" pos="X">oko</wf>
         <wf lemma="Sunca" pos="X">Sunca</wf>
         <wf lemma="." pos="X">.</wf>
      </sentence>
      <sentence id="d000.s4610" source="wordnet-croatian">
         <instance id="d000.s4610.t000" lemma="ječam" pos="NOUN">Ječam</instance>
         <wf lemma="i" pos="X">i</wf>
         <wf lemma="hmelj" pos="X">hmelj</wf>
         <wf lemma="vrlo" pos="X">vrlo</wf>
         <wf lemma="su" pos="X">su</wf>
         <wf lemma="važni" pos="X">važni</wf>
         <wf lemma="u" pos="X">u</wf>
         <wf lemma="pivarstvu" pos="X">pivarstvu</wf>
         <wf lemma="." pos="X">.</wf>
      </sentence>
      <sentence id="d000.s4611" source="wordnet-croatian">
         <wf lemma="Osjetan" pos="X">Osjetan</wf>
         <instance id="d000.s4611.t000" lemma="pad" pos="NOUN">pad</instance>
         <wf lemma="cijena" pos="X">cijena</wf>
         <wf lemma="kućanskih" pos="X">kućanskih</wf>
         <wf lemma="potrepština" pos="X">potrepština</wf>
         <wf lemma="razveselio" pos="X">razveselio</wf>
         <wf lemma="je" pos="X">je</wf>
         <wf lemma="građane" pos="X">građane</wf>
         <wf lemma="." pos="X">.</wf>
      </sentence>
      <sentence id="d000.s4612" source="wordnet-croatian">
         <wf lemma="Studij" pos="X">Studij</wf>
         <wf lemma="medicine" pos="X">medicine</wf>
         <wf lemma="ju" pos="X">ju</wf>
         <wf lemma="je" pos="X">je</wf>
         <wf lemma="potpuno" pos="X">potpuno</wf>
         <instance id="d000.s4612.t000" lemma="zaokupiti" pos="VERB">zaokupio</instance>
         <wf lemma="." pos="X">.</wf>
      </sentence>
      <sentence id="d000.s4613" source="wordnet-croatian">
         <wf lemma="Njih" pos="X">Njih</wf>
         <wf lemma="dvije" pos="X">dvije</wf>
         <wf lemma="do" pos="X">do</wf>
         <wf lemma="jučer" pos="X">jučer</wf>
         <wf lemma="nisu" pos="X">nisu</wf>
         <wf lemma="znale" pos="X">znale</wf>
         <wf lemma="da" pos="X">da</wf>
         <wf lemma="su" pos="X">su</wf>
         <wf lemma="u" pos="X">u</wf>
         <instance id="d000.s4613.t000" lemma="srodstvo" pos="NOUN">srodstvu</instance>
         <wf lemma="." pos="X">.</wf>
      </sentence>
      <sentence id="d000.s4614" source="wordnet-croatian">
         <wf lemma="Prošli" pos="X">Prošli</wf>
         <wf lemma="tjedan" pos="X">tjedan</wf>
         <wf lemma="izdana" pos="X">izdana</wf>
         <wf lemma="je" pos="X">je</wf>
         <instance id="d000.s4614.t000" lemma="naredba" pos="NOUN">naredba</instance>
         <wf lemma="o" pos="X">o</wf>
         <wf lemma="evakuaciji" pos="X">evakuaciji</wf>
         <wf lemma="." pos="X">.</wf>
      </sentence>
      <sentence id="d000.s4615" source="wordnet-croatian">
         <wf lemma="Policija" pos="X">Policija</wf>
         <wf lemma="ga" pos="X">ga</wf>
         <wf lemma="je" pos="X">je</wf>
         <wf lemma="odvela" pos="X">odvela</wf>
         <wf lemma="na" pos="X">na</wf>
         <instance id="d000.s4615.t000" lemma="ispitivanje" pos="NOUN">ispitivanje</instance>
         <wf lemma="." pos="X">.</wf>
      </sentence>
      <sentence id="d000.s4616" source="wordnet-croatian">
         <wf lemma="S" pos="X">S</wf>
         <wf lemma="obale" pos="X">obale</wf>
         <wf lemma="je" pos="X">je</wf>
         <wf lemma="gledala" pos="X">gledala</wf>
         <instance id="d000.s4616.t000" lemma="niz" pos="NOUN">niz</instance>
         <wf lemma="otoka" pos="X">otoka</wf>
         <wf lemma="." pos="X">.</wf>
      </sentence>
      <sentence id="d000.s4617" source="wordnet-croatian">
         <wf lemma="Novu" pos="X">Novu</wf>
         <wf lemma="seriju" pos="X">seriju</wf>
         <wf lemma="karakterizira" pos="X">karakterizira</wf>
         <wf lemma="(" pos="X">(</wf>
         <wf lemma="prije" pos="X">prije</wf>
         <wf lemma="svega" pos="X">svega</wf>
         <wf lemma=")" pos="X">)</wf>
         <wf lemma="humorna" pos="X">humorna</wf>
         <instance id="d000.s4617.t000" lemma="nesofisticiranost" pos="NOUN">nesofisticiranost</instance>
         <wf lemma="i" pos="X">i</wf>
         <wf lemma="mehaničnost" pos="X">mehaničnost</wf>
         <wf lemma="izmjene" pos="X">izmjene</wf>
         <wf lemma="dijaloga" pos="X">dijaloga</wf>
         <wf lemma="." pos="X">.</wf>
      </sentence>
      <sentence id="d000.s4618" source="wordnet-croatian">
         <instance id="d000.s4618.t000" lemma="zaračunati" pos="VERB">Zaračunali</instance>
         <wf lemma="su" pos="X">su</wf>
         <wf lemma="nam" pos="X">nam</wf>
         <wf lemma="jedno" pos="X">jedno</wf>
         <wf lemma="piće" pos="X">piće</wf>
         <wf lemma="previše" pos="X">previše</wf>
         <wf lemma="." pos="X">.</wf>
      </sentence>
      <sentence id="d000.s4619" source="wordnet-croatian">
         <wf lemma="Nije" pos="X">Nije</wf>
         <wf lemma="mogao" pos="X">mogao</wf>
         <wf lemma="sakriti" pos="X">sakriti</wf>
         <instance id="d000.s4619.t000" lemma="emocija" pos="NOUN">emocije</instance>
         <wf lemma="." pos="X">.</wf>
      </sentence>
      <sentence id="d000.s4620" source="wordnet-croatian">
         <wf lemma="Kvalitetan" pos="X">Kvalitetan</wf>
         <wf lemma="obrazovni" pos="X">obrazovni</wf>
         <wf lemma="sustav" pos="X">sustav</wf>
         <instance id="d000.s4620.t000" lemma="temelj" pos="NOUN">temelj</instance>
         <wf lemma="je" pos="X">je</wf>
         <wf lemma="razvitka" pos="X">razvitka</wf>
         <wf lemma="svake" pos="X">svake</wf>
         <wf lemma="države" pos="X">države</wf>
         <wf lemma="." pos="X">.</wf>
      </sentence>
      <sentence id="d000.s4621" source="wordnet-croatian">
         <wf lemma="Njezin" pos="X">Njezin</wf>
         <instance id="d000.s4621.t000" lemma="ljubavnik" pos="NOUN">ljubavnik</instance>
         <wf lemma="bio" pos="X">bio</wf>
         <wf lemma="je" pos="X">je</wf>
         <wf lemma="prava" pos="X">prava</wf>
         <wf lemma="zvijer" pos="X">zvijer</wf>
         <wf lemma="." pos="X">.</wf>
      </sentence>
      <sentence id="d000.s4622" source="wordnet-croatian">
         <instance id="d000.s4622.t000" lemma="donijeti" pos="VERB">Donijela</instance>
         <wf lemma="je" pos="X">je</wf>
         <wf lemma="pozitivnu" pos="X">pozitivnu</wf>
         <wf lemma="energiju" pos="X">energiju</wf>
         <wf lemma="u" pos="X">u</wf>
         <wf lemma="našu" pos="X">našu</wf>
         <wf lemma="obitelj" pos="X">obitelj</wf>
         <wf lemma="." pos="X">.</wf>
      </sentence>
      <sentence id="d000.s4623" source="wordnet-croatian">
         <wf lemma="Drvo" pos="X">Drvo</wf>
         <wf lemma="je" pos="X">je</wf>
         <instance id="d000.s4623.t000" lemma="sirovina" pos="NOUN">sirovina</instance>
         <wf lemma="za" pos="X">za</wf>
         <wf lemma="izradu" pos="X">izradu</wf>
         <wf lemma="namještaja" pos="X">namještaja</wf>
         <wf lemma="." pos="X">.</wf>
      </sentence>
      <sentence id="d000.s4624" source="wordnet-croatian">
         <wf lemma="Ponovno" pos="X">Ponovno</wf>
         <wf lemma="mi" pos="X">mi</wf>
         <wf lemma="je" pos="X">je</wf>
         <wf lemma="nestalo" pos="X">nestalo</wf>
         <wf lemma="boje" pos="X">boje</wf>
         <wf lemma="u" pos="X">u</wf>
         <instance id="d000.s4624.t000" lemma="printer" pos="NOUN">printeru</instance>
         <wf lemma="." pos="X">.</wf>
      </sentence>
      <sentence id="d000.s4625" source="wordnet-croatian">
         <instance id="d000.s4625.t000" lemma="svetište" pos="NOUN">Svetište</instance>
         <wf lemma="Majke" pos="X">Majke</wf>
         <wf lemma="Božje" pos="X">Božje</wf>
         <wf lemma="Bistričke" pos="X">Bistričke</wf>
         <wf lemma="hrvatsko" pos="X">hrvatsko</wf>
         <wf lemma="je" pos="X">je</wf>
         <wf lemma="nacionalno" pos="X">nacionalno</wf>
         <wf lemma="svetište" pos="X">svetište</wf>
         <wf lemma="." pos="X">.</wf>
      </sentence>
      <sentence id="d000.s4626" source="wordnet-croatian">
         <instance id="d000.s4626.t000" lemma="pristajati" pos="VERB">Pristajem</instance>
         <wf lemma="na" pos="X">na</wf>
         <wf lemma="sve" pos="X">sve</wf>
         <wf lemma="zahtjeve" pos="X">zahtjeve</wf>
         <wf lemma="i" pos="X">i</wf>
         <wf lemma="odobravam" pos="X">odobravam</wf>
         <wf lemma="sve" pos="X">sve</wf>
         <wf lemma="nabavke" pos="X">nabavke</wf>
         <wf lemma="." pos="X">.</wf>
      </sentence>
      <sentence id="d000.s4627" source="wordnet-croatian">
         <wf lemma="Cezarova" pos="X">Cezarova</wf>
         <wf lemma="je" pos="X">je</wf>
         <wf lemma="vojska" pos="X">vojska</wf>
         <wf lemma="na" pos="X">na</wf>
         <wf lemma="kraju" pos="X">kraju</wf>
         <wf lemma="izvojevala" pos="X">izvojevala</wf>
         <wf lemma="veliku" pos="X">veliku</wf>
         <instance id="d000.s4627.t000" lemma="pobjeda" pos="NOUN">pobjedu</instance>
         <wf lemma="." pos="X">.</wf>
      </sentence>
      <sentence id="d000.s4628" source="wordnet-croatian">
         <wf lemma="Političari" pos="X">Političari</wf>
         <wf lemma="koriste" pos="X">koriste</wf>
         <instance id="d000.s4628.t000" lemma="tisak" pos="NOUN">tisak</instance>
         <wf lemma="kao" pos="X">kao</wf>
         <wf lemma="sredstvo" pos="X">sredstvo</wf>
         <wf lemma="samopromocije" pos="X">samopromocije</wf>
         <wf lemma="." pos="X">.</wf>
      </sentence>
      <sentence id="d000.s4629" source="wordnet-croatian">
         <wf lemma="Ove" pos="X">Ove</wf>
         <wf lemma="su" pos="X">su</wf>
         <wf lemma="godine" pos="X">godine</wf>
         <instance id="d000.s4629.t000" lemma="zaraditi" pos="VERB">zaradili</instance>
         <wf lemma="1" pos="X">1</wf>
         <wf lemma="milijun" pos="X">milijun</wf>
         <wf lemma="kuna" pos="X">kuna</wf>
         <wf lemma="." pos="X">.</wf>
      </sentence>
      <sentence id="d000.s4630" source="wordnet-croatian">
         <wf lemma="Prirodna" pos="X">Prirodna</wf>
         <wf lemma="kozmetika" pos="X">kozmetika</wf>
         <wf lemma="vraća" pos="X">vraća</wf>
         <wf lemma="koži" pos="X">koži</wf>
         <instance id="d000.s4630.t000" lemma="blistavost" pos="NOUN">blistavost</instance>
         <wf lemma="i" pos="X">i</wf>
         <wf lemma="dvježinu" pos="X">dvježinu</wf>
         <wf lemma="." pos="X">.</wf>
      </sentence>
      <sentence id="d000.s4631" source="wordnet-croatian">
         <wf lemma="Danas" pos="X">Danas</wf>
         <wf lemma="je" pos="X">je</wf>
         <wf lemma="u" pos="X">u</wf>
         <wf lemma="međunarodnoj" pos="X">međunarodnoj</wf>
         <wf lemma="uporabi" pos="X">uporabi</wf>
         <wf lemma="gregorijanski" pos="X">gregorijanski</wf>
         <instance id="d000.s4631.t000" lemma="kalendar" pos="NOUN">kalendar</instance>
         <wf lemma="." pos="X">.</wf>
      </sentence>
      <sentence id="d000.s4632" source="wordnet-croatian">
         <wf lemma="Ne" pos="X">Ne</wf>
         <wf lemma="sviđa" pos="X">sviđa</wf>
         <wf lemma="mi" pos="X">mi</wf>
         <wf lemma="se" pos="X">se</wf>
         <wf lemma="taj" pos="X">taj</wf>
         <instance id="d000.s4632.t000" lemma="tip" pos="NOUN">tip</instance>
         <wf lemma="." pos="X">.</wf>
      </sentence>
      <sentence id="d000.s4633" source="wordnet-croatian">
         <wf lemma="Objavio" pos="X">Objavio</wf>
         <wf lemma="je" pos="X">je</wf>
         <wf lemma="neočekivan" pos="X">neočekivan</wf>
         <instance id="d000.s4633.t000" lemma="napad" pos="NOUN">napad</instance>
         <wf lemma="na" pos="X">na</wf>
         <wf lemma="moj" pos="X">moj</wf>
         <wf lemma="rad" pos="X">rad</wf>
         <wf lemma="." pos="X">.</wf>
      </sentence>
      <sentence id="d000.s4634" source="wordnet-croatian">
         <instance id="d000.s4634.t000" lemma="osnova" pos="NOUN">Osnova</instance>
         <wf lemma="za" pos="X">za</wf>
         <wf lemma="kretanje" pos="X">kretanje</wf>
         <wf lemma="po" pos="X">po</wf>
         <wf lemma="toj" pos="X">toj</wf>
         <wf lemma="šumi" pos="X">šumi</wf>
         <wf lemma="bila" pos="X">bila</wf>
         <wf lemma="je" pos="X">je</wf>
         <wf lemma="lokacija" pos="X">lokacija</wf>
         <wf lemma="lovačke" pos="X">lovačke</wf>
         <wf lemma="kućice" pos="X">kućice</wf>
         <wf lemma="." pos="X">.</wf>
      </sentence>
      <sentence id="d000.s4635" source="wordnet-croatian">
         <wf lemma="Od" pos="X">Od</wf>
         <wf lemma="žalosti" pos="X">žalosti</wf>
         <wf lemma="sam" pos="X">sam</wf>
         <wf lemma="popio" pos="X">popio</wf>
         <wf lemma="punu" pos="X">punu</wf>
         <instance id="d000.s4635.t000" lemma="boca" pos="NOUN">bocu</instance>
         <wf lemma="vina" pos="X">vina</wf>
         <wf lemma="." pos="X">.</wf>
      </sentence>
      <sentence id="d000.s4636" source="wordnet-croatian">
         <instance id="d000.s4636.t000" lemma="kanal" pos="NOUN">Kanal</instance>
         <wf lemma="Rajna-Majna-Dunav" pos="X">Rajna-Majna-Dunav</wf>
         <wf lemma="dugačak" pos="X">dugačak</wf>
         <wf lemma="je" pos="X">je</wf>
         <wf lemma="171" pos="X">171</wf>
         <wf lemma="km" pos="X">km</wf>
         <wf lemma="." pos="X">.</wf>
      </sentence>
      <sentence id="d000.s4637" source="wordnet-croatian">
         <wf lemma="Marko" pos="X">Marko</wf>
         <instance id="d000.s4637.t000" lemma="biti" pos="VERB">je</instance>
         <wf lemma="bogat" pos="X">bogat</wf>
         <wf lemma="." pos="X">.</wf>
      </sentence>
      <sentence id="d000.s4638" source="wordnet-croatian">
         <wf lemma="Zatražio" pos="X">Zatražio</wf>
         <wf lemma="sam" pos="X">sam</wf>
         <wf lemma="dodatno" pos="X">dodatno</wf>
         <instance id="d000.s4638.t000" lemma="pojašnjenje" pos="NOUN">pojašnjenje</instance>
         <wf lemma="stručnih" pos="X">stručnih</wf>
         <wf lemma="pojmova" pos="X">pojmova</wf>
         <wf lemma="." pos="X">.</wf>
      </sentence>
      <sentence id="d000.s4639" source="wordnet-croatian">
         <instance id="d000.s4639.t000" lemma="prijateljstvo" pos="NOUN">Prijateljstvo</instance>
         <wf lemma="je" pos="X">je</wf>
         <wf lemma="najveći" pos="X">najveći</wf>
         <wf lemma="dar" pos="X">dar</wf>
         <wf lemma="." pos="X">.</wf>
      </sentence>
      <sentence id="d000.s4640" source="wordnet-croatian">
         <wf lemma="Bila" pos="X">Bila</wf>
         <wf lemma="je" pos="X">je</wf>
         <wf lemma="luda" pos="X">luda</wf>
         <wf lemma="za" pos="X">za</wf>
         <wf lemma="dizajnerskom" pos="X">dizajnerskom</wf>
         <instance id="d000.s4640.t000" lemma="odjeća" pos="NOUN">odjećom</instance>
         <wf lemma="." pos="X">.</wf>
      </sentence>
      <sentence id="d000.s4641" source="wordnet-croatian">
         <wf lemma="Glavni" pos="X">Glavni</wf>
         <instance id="d000.s4641.t000" lemma="proponent" pos="NOUN">proponent</instance>
         <wf lemma="ideje" pos="X">ideje</wf>
         <wf lemma="ujedinjene" pos="X">ujedinjene</wf>
         <wf lemma="federacije" pos="X">federacije</wf>
         <wf lemma="ubijen" pos="X">ubijen</wf>
         <wf lemma="je" pos="X">je</wf>
         <wf lemma="u" pos="X">u</wf>
         <wf lemma="sukobu" pos="X">sukobu</wf>
         <wf lemma="." pos="X">.</wf>
      </sentence>
      <sentence id="d000.s4642" source="wordnet-croatian">
         <wf lemma="Ne" pos="X">Ne</wf>
         <wf lemma="želim" pos="X">želim</wf>
         <instance id="d000.s4642.t000" lemma="riskirati" pos="VERB">riskirati</instance>
         <wf lemma="svoj" pos="X">svoj</wf>
         <wf lemma="život" pos="X">život</wf>
         <wf lemma="." pos="X">.</wf>
      </sentence>
      <sentence id="d000.s4643" source="wordnet-croatian">
         <wf lemma="Mogu" pos="X">Mogu</wf>
         <wf lemma="bolje" pos="X">bolje</wf>
         <instance id="d000.s4643.t000" lemma="disati" pos="VERB">disati</instance>
         <wf lemma="kada" pos="X">kada</wf>
         <wf lemma="je" pos="X">je</wf>
         <wf lemma="zrak" pos="X">zrak</wf>
         <wf lemma="čist" pos="X">čist</wf>
         <wf lemma="." pos="X">.</wf>
      </sentence>
      <sentence id="d000.s4644" source="wordnet-croatian">
         <wf lemma="Neki" pos="X">Neki</wf>
         <wf lemma="izračuni" pos="X">izračuni</wf>
         <wf lemma="nisu" pos="X">nisu</wf>
         <wf lemma="mogući" pos="X">mogući</wf>
         <wf lemma="bez" pos="X">bez</wf>
         <wf lemma="upotrebe" pos="X">upotrebe</wf>
         <instance id="d000.s4644.t000" lemma="računar" pos="NOUN">računara</instance>
         <wf lemma="." pos="X">.</wf>
      </sentence>
      <sentence id="d000.s4645" source="wordnet-croatian">
         <wf lemma="Običaji" pos="X">Običaji</wf>
         <instance id="d000.s4645.t000" lemma="pozdravljanje" pos="NOUN">pozdravljanja</instance>
         <wf lemma="kulturno" pos="X">kulturno</wf>
         <wf lemma="su" pos="X">su</wf>
         <wf lemma="specifični" pos="X">specifični</wf>
         <wf lemma="i" pos="X">i</wf>
         <wf lemma="često" pos="X">često</wf>
         <wf lemma="se" pos="X">se</wf>
         <wf lemma="razlikuju" pos="X">razlikuju</wf>
         <wf lemma="u" pos="X">u</wf>
         <wf lemma="pojedinim" pos="X">pojedinim</wf>
         <wf lemma="kulturama" pos="X">kulturama</wf>
         <wf lemma="." pos="X">.</wf>
      </sentence>
      <sentence id="d000.s4646" source="wordnet-croatian">
         <wf lemma="Boja" pos="X">Boja</wf>
         <wf lemma="se" pos="X">se</wf>
         <wf lemma="na" pos="X">na</wf>
         <wf lemma="slikarsku" pos="X">slikarsku</wf>
         <instance id="d000.s4646.t000" lemma="podloga" pos="NOUN">podlogu</instance>
         <wf lemma="može" pos="X">može</wf>
         <wf lemma="nanositi" pos="X">nanositi</wf>
         <wf lemma="na" pos="X">na</wf>
         <wf lemma="više" pos="X">više</wf>
         <wf lemma="načina" pos="X">načina</wf>
         <wf lemma="." pos="X">.</wf>
      </sentence>
      <sentence id="d000.s4647" source="wordnet-croatian">
         <wf lemma="Mozart" pos="X">Mozart</wf>
         <wf lemma="su" pos="X">su</wf>
         <wf lemma="nazivali" pos="X">nazivali</wf>
         <instance id="d000.s4647.t000" lemma="vunderkind" pos="NOUN">vunderkindom</instance>
         <wf lemma="." pos="X">.</wf>
      </sentence>
      <sentence id="d000.s4648" source="wordnet-croatian">
         <wf lemma="Jučerašnja" pos="X">Jučerašnja</wf>
         <wf lemma="izjava" pos="X">izjava</wf>
         <wf lemma="potpuno" pos="X">potpuno</wf>
         <instance id="d000.s4648.t000" lemma="proturječiti" pos="VERB">proturječi</instance>
         <wf lemma="njegovim" pos="X">njegovim</wf>
         <wf lemma="izvornim" pos="X">izvornim</wf>
         <wf lemma="nakanama" pos="X">nakanama</wf>
         <wf lemma="." pos="X">.</wf>
      </sentence>
      <sentence id="d000.s4649" source="wordnet-croatian">
         <wf lemma="Analizom" pos="X">Analizom</wf>
         <wf lemma="korpusa" pos="X">korpusa</wf>
         <wf lemma="lingvisti" pos="X">lingvisti</wf>
         <instance id="d000.s4649.t000" lemma="pokazivati" pos="VERB">pokazuju</instance>
         <wf lemma="važnost" pos="X">važnost</wf>
         <wf lemma="empirijskih" pos="X">empirijskih</wf>
         <wf lemma="istraživanja" pos="X">istraživanja</wf>
         <wf lemma="." pos="X">.</wf>
      </sentence>
      <sentence id="d000.s4650" source="wordnet-croatian">
         <wf lemma="Nikada" pos="X">Nikada</wf>
         <wf lemma="nisam" pos="X">nisam</wf>
         <wf lemma="vidjela" pos="X">vidjela</wf>
         <wf lemma="kovanicu" pos="X">kovanicu</wf>
         <wf lemma="od" pos="X">od</wf>
         <wf lemma="jednog" pos="X">jednog</wf>
         <instance id="d000.s4650.t000" lemma="dolar" pos="NOUN">dolara</instance>
         <wf lemma="." pos="X">.</wf>
      </sentence>
      <sentence id="d000.s4651" source="wordnet-croatian">
         <wf lemma="Svaki" pos="X">Svaki</wf>
         <wf lemma="lonac" pos="X">lonac</wf>
         <wf lemma="ima" pos="X">ima</wf>
         <wf lemma="i" pos="X">i</wf>
         <wf lemma="svoj" pos="X">svoj</wf>
         <instance id="d000.s4651.t000" lemma="poklopac" pos="NOUN">poklopac</instance>
         <wf lemma="." pos="X">.</wf>
      </sentence>
      <sentence id="d000.s4652" source="wordnet-croatian">
         <instance id="d000.s4652.t000" lemma="problematičnost" pos="NOUN">Problematičnost</instance>
         <wf lemma="njezina" pos="X">njezina</wf>
         <wf lemma="ponašanja" pos="X">ponašanja</wf>
         <wf lemma="bila" pos="X">bila</wf>
         <wf lemma="je" pos="X">je</wf>
         <wf lemma="svima" pos="X">svima</wf>
         <wf lemma="očita" pos="X">očita</wf>
         <wf lemma="." pos="X">.</wf>
      </sentence>
      <sentence id="d000.s4653" source="wordnet-croatian">
         <wf lemma="Moraš" pos="X">Moraš</wf>
         <wf lemma="jesno" pos="X">jesno</wf>
         <instance id="d000.s4653.t000" lemma="odijeliti" pos="VERB">odijeliti</instance>
         <wf lemma="osobne" pos="X">osobne</wf>
         <wf lemma="od" pos="X">od</wf>
         <wf lemma="profesionalnih" pos="X">profesionalnih</wf>
         <wf lemma="interesa" pos="X">interesa</wf>
         <wf lemma="." pos="X">.</wf>
      </sentence>
      <sentence id="d000.s4654" source="wordnet-croatian">
         <wf lemma="Kamioni" pos="X">Kamioni</wf>
         <wf lemma="su" pos="X">su</wf>
         <wf lemma="dopremili" pos="X">dopremili</wf>
         <wf lemma="sav" pos="X">sav</wf>
         <wf lemma="potreban" pos="X">potreban</wf>
         <wf lemma="građevinski" pos="X">građevinski</wf>
         <instance id="d000.s4654.t000" lemma="materijal" pos="NOUN">materijal</instance>
         <wf lemma="." pos="X">.</wf>
      </sentence>
      <sentence id="d000.s4655" source="wordnet-croatian">
         <wf lemma="Ronjenje" pos="X">Ronjenje</wf>
         <wf lemma="je" pos="X">je</wf>
         <wf lemma="jedna" pos="X">jedna</wf>
         <wf lemma="od" pos="X">od</wf>
         <wf lemma="omiljenih" pos="X">omiljenih</wf>
         <instance id="d000.s4655.t000" lemma="zabava" pos="NOUN">zabava</instance>
         <wf lemma="turista" pos="X">turista</wf>
         <wf lemma="." pos="X">.</wf>
      </sentence>
      <sentence id="d000.s4656" source="wordnet-croatian">
         <wf lemma="Pokušavamo" pos="X">Pokušavamo</wf>
         <wf lemma="nadograditi" pos="X">nadograditi</wf>
         <instance id="d000.s4656.t000" lemma="postojeći" pos="ADJ">postojeće</instance>
         <wf lemma="strojeve" pos="X">strojeve</wf>
         <wf lemma="kako" pos="X">kako</wf>
         <wf lemma="bi" pos="X">bi</wf>
         <wf lemma="bili" pos="X">bili</wf>
         <wf lemma="još" pos="X">još</wf>
         <wf lemma="učinkovitiji" pos="X">učinkovitiji</wf>
         <wf lemma="." pos="X">.</wf>
      </sentence>
      <sentence id="d000.s4657" source="wordnet-croatian">
         <wf lemma="Sam" pos="X">Sam</wf>
         <wf lemma="je" pos="X">je</wf>
         <wf lemma="pojeo" pos="X">pojeo</wf>
         <instance id="d000.s4657.t000" lemma="čitav" pos="ADJ">čitav</instance>
         <wf lemma="kruh" pos="X">kruh</wf>
         <wf lemma="." pos="X">.</wf>
      </sentence>
      <sentence id="d000.s4658" source="wordnet-croatian">
         <wf lemma="Ipak" pos="X">Ipak</wf>
         <wf lemma="smo" pos="X">smo</wf>
         <wf lemma="našli" pos="X">našli</wf>
         <wf lemma="dovoljno" pos="X">dovoljno</wf>
         <instance id="d000.s4658.t000" lemma="vrijeme" pos="NOUN">vremena</instance>
         <wf lemma="da" pos="X">da</wf>
         <wf lemma="ovaj" pos="X">ovaj</wf>
         <wf lemma="dio" pos="X">dio</wf>
         <wf lemma="posla" pos="X">posla</wf>
         <wf lemma="privedemo" pos="X">privedemo</wf>
         <wf lemma="kraju" pos="X">kraju</wf>
         <wf lemma="." pos="X">.</wf>
      </sentence>
      <sentence id="d000.s4659" source="wordnet-croatian">
         <wf lemma="Na" pos="X">Na</wf>
         <instance id="d000.s4659.t000" lemma="sredina" pos="NOUN">sredini</instance>
         <wf lemma="livade" pos="X">livade</wf>
         <wf lemma="smjestila" pos="X">smjestila</wf>
         <wf lemma="se" pos="X">se</wf>
         <wf lemma="mala" pos="X">mala</wf>
         <wf lemma="kućica" pos="X">kućica</wf>
         <wf lemma="." pos="X">.</wf>
      </sentence>
      <sentence id="d000.s4660" source="wordnet-croatian">
         <wf lemma="Naselje" pos="X">Naselje</wf>
         <wf lemma="se" pos="X">se</wf>
         <wf lemma="izgradilo" pos="X">izgradilo</wf>
         <wf lemma="na" pos="X">na</wf>
         <instance id="d000.s4660.t000" lemma="desni" pos="ADJ">desnoj</instance>
         <wf lemma="strani" pos="X">strani</wf>
         <wf lemma="rijeke" pos="X">rijeke</wf>
         <wf lemma="." pos="X">.</wf>
      </sentence>
      <sentence id="d000.s4661" source="wordnet-croatian">
         <wf lemma="Zadivio" pos="X">Zadivio</wf>
         <wf lemma="se" pos="X">se</wf>
         <instance id="d000.s4661.t000" lemma="ideja" pos="NOUN">idejom</instance>
         <wf lemma="beskonačnog" pos="X">beskonačnog</wf>
         <wf lemma="svemira" pos="X">svemira</wf>
         <wf lemma="o" pos="X">o</wf>
         <wf lemma="kojoj" pos="X">kojoj</wf>
         <wf lemma="je" pos="X">je</wf>
         <wf lemma="čitao" pos="X">čitao</wf>
         <wf lemma="u" pos="X">u</wf>
         <wf lemma="knjigama" pos="X">knjigama</wf>
         <wf lemma="." pos="X">.</wf>
      </sentence>
      <sentence id="d000.s4662" source="wordnet-croatian">
         <wf lemma="Treba" pos="X">Treba</wf>
         <wf lemma="razlikovati" pos="X">razlikovati</wf>
         <wf lemma="elipsu" pos="X">elipsu</wf>
         <wf lemma="u" pos="X">u</wf>
         <wf lemma="matematici" pos="X">matematici</wf>
         <wf lemma="od" pos="X">od</wf>
         <instance id="d000.s4662.t000" lemma="elipsa" pos="NOUN">elipse</instance>
         <wf lemma="u" pos="X">u</wf>
         <wf lemma="retorici" pos="X">retorici</wf>
         <wf lemma="." pos="X">.</wf>
      </sentence>
      <sentence id="d000.s4663" source="wordnet-croatian">
         <wf lemma="Svi" pos="X">Svi</wf>
         <wf lemma="su" pos="X">su</wf>
         <wf lemma="pljačkaši" pos="X">pljačkaši</wf>
         <wf lemma="dobili" pos="X">dobili</wf>
         <wf lemma="svoj" pos="X">svoj</wf>
         <instance id="d000.s4663.t000" lemma="dio" pos="NOUN">dio</instance>
         <wf lemma="zarade" pos="X">zarade</wf>
         <wf lemma="." pos="X">.</wf>
      </sentence>
      <sentence id="d000.s4664" source="wordnet-croatian">
         <wf lemma="Njegovo" pos="X">Njegovo</wf>
         <wf lemma="se" pos="X">se</wf>
         <instance id="d000.s4664.t000" lemma="tumačenje" pos="NOUN">tumačenje</instance>
         <wf lemma="situacije" pos="X">situacije</wf>
         <wf lemma="razlikovalo" pos="X">razlikovalo</wf>
         <wf lemma="od" pos="X">od</wf>
         <wf lemma="mojega" pos="X">mojega</wf>
         <wf lemma="." pos="X">.</wf>
      </sentence>
      <sentence id="d000.s4665" source="wordnet-croatian">
         <instance id="d000.s4665.t000" lemma="pohod" pos="NOUN">Pohod</instance>
         <wf lemma="u" pos="X">u</wf>
         <wf lemma="Rim" pos="X">Rim</wf>
         <wf lemma="prošao" pos="X">prošao</wf>
         <wf lemma="je" pos="X">je</wf>
         <wf lemma="dobro" pos="X">dobro</wf>
         <wf lemma="za" pos="X">za</wf>
         <wf lemma="sve" pos="X">sve</wf>
         <wf lemma="hodočasnike" pos="X">hodočasnike</wf>
         <wf lemma="." pos="X">.</wf>
      </sentence>
      <sentence id="d000.s4666" source="wordnet-croatian">
         <wf lemma="Osjetljiva" pos="X">Osjetljiva</wf>
         <wf lemma="sam" pos="X">sam</wf>
         <wf lemma="na" pos="X">na</wf>
         <wf lemma="dječji" pos="X">dječji</wf>
         <instance id="d000.s4666.t000" lemma="plač" pos="NOUN">plač</instance>
         <wf lemma="." pos="X">.</wf>
      </sentence>
      <sentence id="d000.s4667" source="wordnet-croatian">
         <wf lemma="Njegove" pos="X">Njegove</wf>
         <wf lemma="su" pos="X">su</wf>
         <wf lemma="teorije" pos="X">teorije</wf>
         <wf lemma="davno" pos="X">davno</wf>
         <instance id="d000.s4667.t000" lemma="opovrgnuti" pos="VERB">opovrgnuli</instance>
         <wf lemma="." pos="X">.</wf>
      </sentence>
      <sentence id="d000.s4668" source="wordnet-croatian">
         <wf lemma="Prve" pos="X">Prve</wf>
         <wf lemma="su" pos="X">su</wf>
         <wf lemma="građanske" pos="X">građanske</wf>
         <wf lemma="revolucije" pos="X">revolucije</wf>
         <wf lemma="pratile" pos="X">pratile</wf>
         <wf lemma="duhovna" pos="X">duhovna</wf>
         <instance id="d000.s4668.t000" lemma="stremljenje" pos="NOUN">stremljenja</instance>
         <wf lemma="čovječanstva" pos="X">čovječanstva</wf>
         <wf lemma="u" pos="X">u</wf>
         <wf lemma="novom" pos="X">novom</wf>
         <wf lemma="dobu" pos="X">dobu</wf>
         <wf lemma="." pos="X">.</wf>
      </sentence>
      <sentence id="d000.s4669" source="wordnet-croatian">
         <wf lemma="Moj" pos="X">Moj</wf>
         <wf lemma="djed" pos="X">djed</wf>
         <wf lemma="je" pos="X">je</wf>
         <wf lemma="znao" pos="X">znao</wf>
         <instance id="d000.s4669.t000" lemma="puhati" pos="VERB">puhati</instance>
         <wf lemma="staklo" pos="X">staklo</wf>
         <wf lemma="." pos="X">.</wf>
      </sentence>
      <sentence id="d000.s4670" source="wordnet-croatian">
         <instance id="d000.s4670.t000" lemma="bizaran" pos="ADJ">Bizarne</instance>
         <wf lemma="nesreće" pos="X">nesreće</wf>
         <wf lemma="česte" pos="X">česte</wf>
         <wf lemma="su" pos="X">su</wf>
         <wf lemma="na" pos="X">na</wf>
         <wf lemma="seoskim" pos="X">seoskim</wf>
         <wf lemma="cestama" pos="X">cestama</wf>
         <wf lemma="." pos="X">.</wf>
      </sentence>
      <sentence id="d000.s4671" source="wordnet-croatian">
         <instance id="d000.s4671.t000" lemma="lipid" pos="NOUN">Lipidi</instance>
         <wf lemma="su" pos="X">su</wf>
         <wf lemma="glavni" pos="X">glavni</wf>
         <wf lemma="sastojci" pos="X">sastojci</wf>
         <wf lemma="staničnih" pos="X">staničnih</wf>
         <wf lemma="membrana" pos="X">membrana</wf>
         <wf lemma="." pos="X">.</wf>
      </sentence>
      <sentence id="d000.s4672" source="wordnet-croatian">
         <wf lemma="Prije" pos="X">Prije</wf>
         <wf lemma="uvođenja" pos="X">uvođenja</wf>
         <wf lemma="novca" pos="X">novca</wf>
         <wf lemma="ljudi" pos="X">ljudi</wf>
         <wf lemma="su" pos="X">su</wf>
         <wf lemma="trgovali" pos="X">trgovali</wf>
         <instance id="d000.s4672.t000" lemma="trampa" pos="NOUN">trampom</instance>
         <wf lemma="-" pos="X">-</wf>
         <wf lemma="ovca" pos="X">ovca</wf>
         <wf lemma="za" pos="X">za</wf>
         <wf lemma="žito" pos="X">žito</wf>
         <wf lemma="," pos="X">,</wf>
         <wf lemma="žena" pos="X">žena</wf>
         <wf lemma="za" pos="X">za</wf>
         <wf lemma="kravu" pos="X">kravu</wf>
         <wf lemma="." pos="X">.</wf>
      </sentence>
      <sentence id="d000.s4673" source="wordnet-croatian">
         <wf lemma="Mirko" pos="X">Mirko</wf>
         <wf lemma="je" pos="X">je</wf>
         <instance id="d000.s4673.t000" lemma="izvršiti" pos="VERB">izvršio</instance>
         <wf lemma="sve" pos="X">sve</wf>
         <wf lemma="zadatke" pos="X">zadatke</wf>
         <wf lemma="koje" pos="X">koje</wf>
         <wf lemma="mu" pos="X">mu</wf>
         <wf lemma="je" pos="X">je</wf>
         <wf lemma="zadao" pos="X">zadao</wf>
         <wf lemma="Slavko" pos="X">Slavko</wf>
         <wf lemma="." pos="X">.</wf>
      </sentence>
      <sentence id="d000.s4674" source="wordnet-croatian">
         <wf lemma="Koncertnom" pos="X">Koncertnom</wf>
         <wf lemma="je" pos="X">je</wf>
         <wf lemma="dvoranom" pos="X">dvoranom</wf>
         <wf lemma="dominirao" pos="X">dominirao</wf>
         <wf lemma="unikatni" pos="X">unikatni</wf>
         <wf lemma="koncertni" pos="X">koncertni</wf>
         <instance id="d000.s4674.t000" lemma="glasovir" pos="NOUN">glasovir</instance>
         <wf lemma="." pos="X">.</wf>
      </sentence>
      <sentence id="d000.s4675" source="wordnet-croatian">
         <wf lemma="Molim" pos="X">Molim</wf>
         <wf lemma="te" pos="X">te</wf>
         <wf lemma="," pos="X">,</wf>
         <instance id="d000.s4675.t000" lemma="tostirati" pos="VERB">tostiraj</instance>
         <wf lemma="mi" pos="X">mi</wf>
         <wf lemma="kruh" pos="X">kruh</wf>
         <wf lemma="za" pos="X">za</wf>
         <wf lemma="večeru" pos="X">večeru</wf>
         <wf lemma="." pos="X">.</wf>
      </sentence>
      <sentence id="d000.s4676" source="wordnet-croatian">
         <wf lemma="Na" pos="X">Na</wf>
         <wf lemma="trening" pos="X">trening</wf>
         <wf lemma="je" pos="X">je</wf>
         <wf lemma="obavezno" pos="X">obavezno</wf>
         <wf lemma="nosio" pos="X">nosio</wf>
         <instance id="d000.s4676.t000" lemma="ruksak" pos="NOUN">ruksak</instance>
         <wf lemma="s" pos="X">s</wf>
         <wf lemma="opremom" pos="X">opremom</wf>
         <wf lemma="." pos="X">.</wf>
      </sentence>
      <sentence id="d000.s4677" source="wordnet-croatian">
         <wf lemma="Uspješan" pos="X">Uspješan</wf>
         <wf lemma="glazbenik" pos="X">glazbenik</wf>
         <wf lemma="mora" pos="X">mora</wf>
         <wf lemma="imati" pos="X">imati</wf>
         <wf lemma="najmanje" pos="X">najmanje</wf>
         <wf lemma="tri" pos="X">tri</wf>
         <wf lemma="dobre" pos="X">dobre</wf>
         <instance id="d000.s4677.t000" lemma="pjesma" pos="NOUN">pjesme</instance>
         <wf lemma="." pos="X">.</wf>
      </sentence>
      <sentence id="d000.s4678" source="wordnet-croatian">
         <wf lemma="Alkemičari" pos="X">Alkemičari</wf>
         <wf lemma="su" pos="X">su</wf>
         <instance id="d000.s4678.t000" lemma="vjerovati" pos="VERB">vjerovali</instance>
         <wf lemma="da" pos="X">da</wf>
         <wf lemma="mogu" pos="X">mogu</wf>
         <wf lemma="pretvoriti" pos="X">pretvoriti</wf>
         <wf lemma="olovo" pos="X">olovo</wf>
         <wf lemma="u" pos="X">u</wf>
         <wf lemma="zlato" pos="X">zlato</wf>
         <wf lemma="." pos="X">.</wf>
      </sentence>
      <sentence id="d000.s4679" source="wordnet-croatian">
         <instance id="d000.s4679.t000" lemma="raspored" pos="NOUN">Raspored</instance>
         <wf lemma="izlaganja" pos="X">izlaganja</wf>
         <wf lemma="nalazi" pos="X">nalazi</wf>
         <wf lemma="se" pos="X">se</wf>
         <wf lemma="na" pos="X">na</wf>
         <wf lemma="oglasnoj" pos="X">oglasnoj</wf>
         <wf lemma="ploči" pos="X">ploči</wf>
         <wf lemma="." pos="X">.</wf>
      </sentence>
      <sentence id="d000.s4680" source="wordnet-croatian">
         <instance id="d000.s4680.t000" lemma="građevinar" pos="NOUN">Građevinari</instance>
         <wf lemma="su" pos="X">su</wf>
         <wf lemma="započeli" pos="X">započeli</wf>
         <wf lemma="radove" pos="X">radove</wf>
         <wf lemma="na" pos="X">na</wf>
         <wf lemma="novom" pos="X">novom</wf>
         <wf lemma="trgovačkom" pos="X">trgovačkom</wf>
         <wf lemma="kompleksu" pos="X">kompleksu</wf>
         <wf lemma="." pos="X">.</wf>
      </sentence>
      <sentence id="d000.s4681" source="wordnet-croatian">
         <wf lemma="Može" pos="X">Može</wf>
         <wf lemma="se" pos="X">se</wf>
         <wf lemma="ustvrditi" pos="X">ustvrditi</wf>
         <wf lemma="da" pos="X">da</wf>
         <wf lemma="su" pos="X">su</wf>
         <wf lemma="računala" pos="X">računala</wf>
         <wf lemma="potpuno" pos="X">potpuno</wf>
         <instance id="d000.s4681.t000" lemma="istisnuti" pos="VERB">istisnula</instance>
         <wf lemma="abakuse" pos="X">abakuse</wf>
         <wf lemma="." pos="X">.</wf>
      </sentence>
      <sentence id="d000.s4682" source="wordnet-croatian">
         <wf lemma="Učiteljica" pos="X">Učiteljica</wf>
         <wf lemma="je" pos="X">je</wf>
         <wf lemma="pokušala" pos="X">pokušala</wf>
         <wf lemma="povećati" pos="X">povećati</wf>
         <instance id="d000.s4682.t000" lemma="uključenost" pos="NOUN">uključenost</instance>
         <wf lemma="svojih" pos="X">svojih</wf>
         <wf lemma="đaka" pos="X">đaka</wf>
         <wf lemma="u" pos="X">u</wf>
         <wf lemma="nastavi" pos="X">nastavi</wf>
         <wf lemma="." pos="X">.</wf>
      </sentence>
      <sentence id="d000.s4683" source="wordnet-croatian">
         <wf lemma="Država" pos="X">Država</wf>
         <wf lemma="ne" pos="X">ne</wf>
         <wf lemma="smije" pos="X">smije</wf>
         <wf lemma="zadirati" pos="X">zadirati</wf>
         <wf lemma="u" pos="X">u</wf>
         <wf lemma="privatni" pos="X">privatni</wf>
         <instance id="d000.s4683.t000" lemma="sektor" pos="NOUN">sektor</instance>
         <wf lemma="." pos="X">.</wf>
      </sentence>
      <sentence id="d000.s4684" source="wordnet-croatian">
         <instance id="d000.s4684.t000" lemma="nepoštivanje" pos="NOUN">Nepoštivanje</instance>
         <wf lemma="starijih" pos="X">starijih</wf>
         <wf lemma="znak" pos="X">znak</wf>
         <wf lemma="je" pos="X">je</wf>
         <wf lemma="nedostatka" pos="X">nedostatka</wf>
         <wf lemma="kućnog" pos="X">kućnog</wf>
         <wf lemma="odgoja" pos="X">odgoja</wf>
         <wf lemma="." pos="X">.</wf>
      </sentence>
      <sentence id="d000.s4685" source="wordnet-croatian">
         <wf lemma="Konjanica" pos="X">Konjanica</wf>
         <wf lemma="je" pos="X">je</wf>
         <wf lemma="putovala" pos="X">putovala</wf>
         <wf lemma="kroz" pos="X">kroz</wf>
         <wf lemma="kliški" pos="X">kliški</wf>
         <instance id="d000.s4685.t000" lemma="prijevoj" pos="NOUN">prijevoj</instance>
         <wf lemma="." pos="X">.</wf>
      </sentence>
      <sentence id="d000.s4686" source="wordnet-croatian">
         <wf lemma="Bio" pos="X">Bio</wf>
         <wf lemma="je" pos="X">je</wf>
         <wf lemma="poznat" pos="X">poznat</wf>
         <wf lemma="po" pos="X">po</wf>
         <wf lemma="tome" pos="X">tome</wf>
         <wf lemma="da" pos="X">da</wf>
         <wf lemma="je" pos="X">je</wf>
         <wf lemma="uvijek" pos="X">uvijek</wf>
         <wf lemma="nosio" pos="X">nosio</wf>
         <instance id="d000.s4686.t000" lemma="majica" pos="NOUN">majice</instance>
         <wf lemma="neobičnih" pos="X">neobičnih</wf>
         <wf lemma="uzoraka" pos="X">uzoraka</wf>
         <wf lemma="." pos="X">.</wf>
      </sentence>
      <sentence id="d000.s4687" source="wordnet-croatian">
         <wf lemma="U" pos="X">U</wf>
         <wf lemma="ovoj" pos="X">ovoj</wf>
         <wf lemma="četvrti" pos="X">četvrti</wf>
         <instance id="d000.s4687.t000" lemma="prevladavati" pos="VERB">prevladavaju</instance>
         <wf lemma="useljenici" pos="X">useljenici</wf>
         <wf lemma="." pos="X">.</wf>
      </sentence>
      <sentence id="d000.s4688" source="wordnet-croatian">
         <wf lemma="Smetlari" pos="X">Smetlari</wf>
         <wf lemma="prikupljaju" pos="X">prikupljaju</wf>
         <instance id="d000.s4688.t000" lemma="smeće" pos="NOUN">smeće</instance>
         <wf lemma="dva" pos="X">dva</wf>
         <wf lemma="puta" pos="X">puta</wf>
         <wf lemma="tjedno" pos="X">tjedno</wf>
         <wf lemma="." pos="X">.</wf>
      </sentence>
      <sentence id="d000.s4689" source="wordnet-croatian">
         <instance id="d000.s4689.t000" lemma="lopta" pos="NOUN">Lopta</instance>
         <wf lemma="mu" pos="X">mu</wf>
         <wf lemma="je" pos="X">je</wf>
         <wf lemma="neprestano" pos="X">neprestano</wf>
         <wf lemma="ispadala" pos="X">ispadala</wf>
         <wf lemma="iz" pos="X">iz</wf>
         <wf lemma="ruke" pos="X">ruke</wf>
         <wf lemma="." pos="X">.</wf>
      </sentence>
      <sentence id="d000.s4690" source="wordnet-croatian">
         <instance id="d000.s4690.t000" lemma="diskusija" pos="NOUN">Diskusija</instance>
         <wf lemma="je" pos="X">je</wf>
         <wf lemma="urodila" pos="X">urodila</wf>
         <wf lemma="plodom" pos="X">plodom</wf>
         <wf lemma="." pos="X">.</wf>
      </sentence>
      <sentence id="d000.s4691" source="wordnet-croatian">
         <instance id="d000.s4691.t000" lemma="razdioba" pos="NOUN">Razdioba</instance>
         <wf lemma="morskog" pos="X">morskog</wf>
         <wf lemma="teritorija" pos="X">teritorija</wf>
         <wf lemma="zahtijeva" pos="X">zahtijeva</wf>
         <wf lemma="arbitražu" pos="X">arbitražu</wf>
         <wf lemma="." pos="X">.</wf>
      </sentence>
      <sentence id="d000.s4692" source="wordnet-croatian">
         <instance id="d000.s4692.t000" lemma="pokretanje" pos="NOUN">Pokretanje</instance>
         <wf lemma="udova" pos="X">udova</wf>
         <wf lemma="u" pos="X">u</wf>
         <wf lemma="snu" pos="X">snu</wf>
         <wf lemma="česta" pos="X">česta</wf>
         <wf lemma="je" pos="X">je</wf>
         <wf lemma="pojava" pos="X">pojava</wf>
         <wf lemma="." pos="X">.</wf>
      </sentence>
      <sentence id="d000.s4693" source="wordnet-croatian">
         <wf lemma="Kupila" pos="X">Kupila</wf>
         <wf lemma="sam" pos="X">sam</wf>
         <wf lemma="posubu" pos="X">posubu</wf>
         <wf lemma="s" pos="X">s</wf>
         <wf lemma="mjernom" pos="X">mjernom</wf>
         <instance id="d000.s4693.t000" lemma="skala" pos="NOUN">skalom</instance>
         <wf lemma="do" pos="X">do</wf>
         <wf lemma="pet" pos="X">pet</wf>
         <wf lemma="litara" pos="X">litara</wf>
         <wf lemma="." pos="X">.</wf>
      </sentence>
      <sentence id="d000.s4694" source="wordnet-croatian">
         <instance id="d000.s4694.t000" lemma="materijalan" pos="ADJ">Materijalne</instance>
         <wf lemma="mu" pos="X">mu</wf>
         <wf lemma="stvari" pos="X">stvari</wf>
         <wf lemma="uopće" pos="X">uopće</wf>
         <wf lemma="nisu" pos="X">nisu</wf>
         <wf lemma="bile" pos="X">bile</wf>
         <wf lemma="važne" pos="X">važne</wf>
         <wf lemma="." pos="X">.</wf>
      </sentence>
      <sentence id="d000.s4695" source="wordnet-croatian">
         <wf lemma="Dinamitom" pos="X">Dinamitom</wf>
         <wf lemma="su" pos="X">su</wf>
         <wf lemma="odlomili" pos="X">odlomili</wf>
         <instance id="d000.s4695.t000" lemma="komad" pos="NOUN">komad</instance>
         <wf lemma="planine" pos="X">planine</wf>
         <wf lemma="." pos="X">.</wf>
      </sentence>
      <sentence id="d000.s4696" source="wordnet-croatian">
         <instance id="d000.s4696.t000" lemma="gledati" pos="VERB">Gledaj</instance>
         <wf lemma="," pos="X">,</wf>
         <wf lemma="zeko" pos="X">zeko</wf>
         <wf lemma="u" pos="X">u</wf>
         <wf lemma="šumi" pos="X">šumi</wf>
         <wf lemma="!" pos="X">!</wf>
      </sentence>
      <sentence id="d000.s4697" source="wordnet-croatian">
         <wf lemma="Hrvatski" pos="X">Hrvatski</wf>
         <wf lemma="je" pos="X">je</wf>
         <instance id="d000.s4697.t000" lemma="izvoz" pos="NOUN">izvoz</instance>
         <wf lemma="posljednjih" pos="X">posljednjih</wf>
         <wf lemma="godina" pos="X">godina</wf>
         <wf lemma="u" pos="X">u</wf>
         <wf lemma="blagom" pos="X">blagom</wf>
         <wf lemma="porastu" pos="X">porastu</wf>
         <wf lemma="." pos="X">.</wf>
      </sentence>
      <sentence id="d000.s4698" source="wordnet-croatian">
         <wf lemma="Taj" pos="X">Taj</wf>
         <instance id="d000.s4698.t000" lemma="biti" pos="VERB">je</instance>
         <wf lemma="novac" pos="X">novac</wf>
         <wf lemma="moj" pos="X">moj</wf>
         <wf lemma="jedini" pos="X">jedini</wf>
         <wf lemma="prihod" pos="X">prihod</wf>
         <wf lemma="." pos="X">.</wf>
      </sentence>
      <sentence id="d000.s4699" source="wordnet-croatian">
         <instance id="d000.s4699.t000" lemma="prikupljanje" pos="NOUN">Prikupljanje</instance>
         <wf lemma="priloga" pos="X">priloga</wf>
         <wf lemma="odvija" pos="X">odvija</wf>
         <wf lemma="se" pos="X">se</wf>
         <wf lemma="na" pos="X">na</wf>
         <wf lemma="dobrovoljnoj" pos="X">dobrovoljnoj</wf>
         <wf lemma="osnovi" pos="X">osnovi</wf>
         <wf lemma="." pos="X">.</wf>
      </sentence>
      <sentence id="d000.s4700" source="wordnet-croatian">
         <wf lemma="Svoju" pos="X">Svoju</wf>
         <wf lemma="sobu" pos="X">sobu</wf>
         <wf lemma="volim" pos="X">volim</wf>
         <instance id="d000.s4700.t000" lemma="obojiti" pos="VERB">obojiti</instance>
         <wf lemma="u" pos="X">u</wf>
         <wf lemma="žuto" pos="X">žuto</wf>
         <wf lemma="." pos="X">.</wf>
      </sentence>
      <sentence id="d000.s4701" source="wordnet-croatian">
         <wf lemma="Strogo" pos="X">Strogo</wf>
         <instance id="d000.s4701.t000" lemma="osuđivati" pos="VERB">osuđujem</instance>
         <wf lemma="fizičko" pos="X">fizičko</wf>
         <wf lemma="kažnjavanje" pos="X">kažnjavanje</wf>
         <wf lemma="odraslih" pos="X">odraslih</wf>
         <wf lemma="." pos="X">.</wf>
      </sentence>
      <sentence id="d000.s4702" source="wordnet-croatian">
         <wf lemma="U" pos="X">U</wf>
         <wf lemma="svakoj" pos="X">svakoj</wf>
         <wf lemma="radionici" pos="X">radionici</wf>
         <wf lemma="za" pos="X">za</wf>
         <wf lemma="obradu" pos="X">obradu</wf>
         <wf lemma="metala" pos="X">metala</wf>
         <wf lemma="koristi" pos="X">koristi</wf>
         <wf lemma="se" pos="X">se</wf>
         <instance id="d000.s4702.t000" lemma="tokarilica" pos="NOUN">tokarilica</instance>
         <wf lemma="." pos="X">.</wf>
      </sentence>
      <sentence id="d000.s4703" source="wordnet-croatian">
         <wf lemma="Mirko" pos="X">Mirko</wf>
         <wf lemma="je" pos="X">je</wf>
         <instance id="d000.s4703.t000" lemma="proputovati" pos="VERB">proputovao</instance>
         <wf lemma="Afriku" pos="X">Afriku</wf>
         <wf lemma="uzduž" pos="X">uzduž</wf>
         <wf lemma="i" pos="X">i</wf>
         <wf lemma="poprijeko" pos="X">poprijeko</wf>
         <wf lemma="." pos="X">.</wf>
      </sentence>
      <sentence id="d000.s4704" source="wordnet-croatian">
         <wf lemma="Roditelji" pos="X">Roditelji</wf>
         <wf lemma="moraju" pos="X">moraju</wf>
         <wf lemma="hraniti" pos="X">hraniti</wf>
         <wf lemma="i" pos="X">i</wf>
         <instance id="d000.s4704.t000" lemma="oblačiti" pos="VERB">oblačiti</instance>
         <wf lemma="djecu" pos="X">djecu</wf>
         <wf lemma="." pos="X">.</wf>
      </sentence>
      <sentence id="d000.s4705" source="wordnet-croatian">
         <wf lemma="Ribolovca" pos="X">Ribolovca</wf>
         <wf lemma="koji" pos="X">koji</wf>
         <wf lemma="ne" pos="X">ne</wf>
         <wf lemma="vidi" pos="X">vidi</wf>
         <instance id="d000.s4705.t000" lemma="najlon" pos="NOUN">najlon</instance>
         <wf lemma="na" pos="X">na</wf>
         <wf lemma="zatezanje" pos="X">zatezanje</wf>
         <wf lemma="upozorava" pos="X">upozorava</wf>
         <wf lemma="zvonce" pos="X">zvonce</wf>
         <wf lemma="i" pos="X">i</wf>
         <wf lemma="tjera" pos="X">tjera</wf>
         <wf lemma="ga" pos="X">ga</wf>
         <wf lemma="na" pos="X">na</wf>
         <wf lemma="reakciju" pos="X">reakciju</wf>
         <wf lemma="." pos="X">.</wf>
      </sentence>
      <sentence id="d000.s4706" source="wordnet-croatian">
         <wf lemma="Djeci" pos="X">Djeci</wf>
         <wf lemma="treba" pos="X">treba</wf>
         <wf lemma="mnogo" pos="X">mnogo</wf>
         <instance id="d000.s4706.t000" lemma="ljubav" pos="NOUN">ljubavi</instance>
         <wf lemma="." pos="X">.</wf>
      </sentence>
      <sentence id="d000.s4707" source="wordnet-croatian">
         <instance id="d000.s4707.t000" lemma="pozvati" pos="VERB">Pozvali</instance>
         <wf lemma="su" pos="X">su</wf>
         <wf lemma="me" pos="X">me</wf>
         <wf lemma="u" pos="X">u</wf>
         <wf lemma="vojsku" pos="X">vojsku</wf>
         <wf lemma="kad" pos="X">kad</wf>
         <wf lemma="sam" pos="X">sam</wf>
         <wf lemma="imao" pos="X">imao</wf>
         <wf lemma="18" pos="X">18</wf>
         <wf lemma="godina" pos="X">godina</wf>
         <wf lemma="." pos="X">.</wf>
      </sentence>
      <sentence id="d000.s4708" source="wordnet-croatian">
         <wf lemma="Vladimir" pos="X">Vladimir</wf>
         <wf lemma="Šeks" pos="X">Šeks</wf>
         <wf lemma="priznao" pos="X">priznao</wf>
         <wf lemma="je" pos="X">je</wf>
         <wf lemma="da" pos="X">da</wf>
         <wf lemma="je" pos="X">je</wf>
         <wf lemma="napravio" pos="X">napravio</wf>
         <wf lemma="svojevrsni" pos="X">svojevrsni</wf>
         <wf lemma="kopernikanski" pos="X">kopernikanski</wf>
         <instance id="d000.s4708.t000" lemma="obrat" pos="NOUN">obrat</instance>
         <wf lemma="." pos="X">.</wf>
      </sentence>
      <sentence id="d000.s4709" source="wordnet-croatian">
         <instance id="d000.s4709.t000" lemma="tuga" pos="NOUN">Tuga</instance>
         <wf lemma="ju" pos="X">ju</wf>
         <wf lemma="je" pos="X">je</wf>
         <wf lemma="cijelu" pos="X">cijelu</wf>
         <wf lemma="obuzela" pos="X">obuzela</wf>
         <wf lemma="i" pos="X">i</wf>
         <wf lemma="prijatelji" pos="X">prijatelji</wf>
         <wf lemma="su" pos="X">su</wf>
         <wf lemma="činili" pos="X">činili</wf>
         <wf lemma="sve" pos="X">sve</wf>
         <wf lemma="da" pos="X">da</wf>
         <wf lemma="se" pos="X">se</wf>
         <wf lemma="malo" pos="X">malo</wf>
         <wf lemma="trgne" pos="X">trgne</wf>
         <wf lemma="." pos="X">.</wf>
      </sentence>
      <sentence id="d000.s4710" source="wordnet-croatian">
         <wf lemma="Ima" pos="X">Ima</wf>
         <wf lemma="mnogo" pos="X">mnogo</wf>
         <wf lemma="osoba" pos="X">osoba</wf>
         <wf lemma="alergičnih" pos="X">alergičnih</wf>
         <wf lemma="na" pos="X">na</wf>
         <instance id="d000.s4710.t000" lemma="gluten" pos="NOUN">gluten</instance>
         <wf lemma="." pos="X">.</wf>
      </sentence>
      <sentence id="d000.s4711" source="wordnet-croatian">
         <wf lemma="Hrvatska" pos="X">Hrvatska</wf>
         <wf lemma="je" pos="X">je</wf>
         <wf lemma="dobila" pos="X">dobila</wf>
         <instance id="d000.s4711.t000" lemma="jamstvo" pos="NOUN">jamstvo</instance>
         <wf lemma="da" pos="X">da</wf>
         <wf lemma="će" pos="X">će</wf>
         <wf lemma="suđenje" pos="X">suđenje</wf>
         <wf lemma="biti" pos="X">biti</wf>
         <wf lemma="pravedno" pos="X">pravedno</wf>
         <wf lemma="." pos="X">.</wf>
      </sentence>
      <sentence id="d000.s4712" source="wordnet-croatian">
         <wf lemma="Obavljala" pos="X">Obavljala</wf>
         <wf lemma="je" pos="X">je</wf>
         <wf lemma="kućanske" pos="X">kućanske</wf>
         <wf lemma="poslove" pos="X">poslove</wf>
         <wf lemma="sa" pos="X">sa</wf>
         <instance id="d000.s4712.t000" lemma="žustrina" pos="NOUN">žustrinom</instance>
         <wf lemma="na" pos="X">na</wf>
         <wf lemma="kojoj" pos="X">kojoj</wf>
         <wf lemma="su" pos="X">su</wf>
         <wf lemma="joj" pos="X">joj</wf>
         <wf lemma="svi" pos="X">svi</wf>
         <wf lemma="zavidjeli" pos="X">zavidjeli</wf>
         <wf lemma="." pos="X">.</wf>
      </sentence>
      <sentence id="d000.s4713" source="wordnet-croatian">
         <instance id="d000.s4713.t000" lemma="izmiješati" pos="VERB">Izmiješaj</instance>
         <wf lemma="sve" pos="X">sve</wf>
         <wf lemma="sastojke" pos="X">sastojke</wf>
         <wf lemma="i" pos="X">i</wf>
         <wf lemma="stopi" pos="X">stopi</wf>
         <wf lemma="ih" pos="X">ih</wf>
         <wf lemma="u" pos="X">u</wf>
         <wf lemma="finu" pos="X">finu</wf>
         <wf lemma="kremu" pos="X">kremu</wf>
         <wf lemma="." pos="X">.</wf>
      </sentence>
      <sentence id="d000.s4714" source="wordnet-croatian">
         <instance id="d000.s4714.t000" lemma="bijeg" pos="NOUN">Bijeg</instance>
         <wf lemma="Grka" pos="X">Grka</wf>
         <wf lemma="zapravo" pos="X">zapravo</wf>
         <wf lemma="je" pos="X">je</wf>
         <wf lemma="bila" pos="X">bila</wf>
         <wf lemma="varka" pos="X">varka</wf>
         <wf lemma="za" pos="X">za</wf>
         <wf lemma="neprijatelje" pos="X">neprijatelje</wf>
         <wf lemma="." pos="X">.</wf>
      </sentence>
      <sentence id="d000.s4715" source="wordnet-croatian">
         <wf lemma="Sve" pos="X">Sve</wf>
         <wf lemma="što" pos="X">što</wf>
         <wf lemma="ste" pos="X">ste</wf>
         <wf lemma="Vi" pos="X">Vi</wf>
         <wf lemma="sada" pos="X">sada</wf>
         <wf lemma="rekli" pos="X">rekli</wf>
         <wf lemma="jest" pos="X">jest</wf>
         <wf lemma="nagađanje" pos="X">nagađanje</wf>
         <wf lemma="i" pos="X">i</wf>
         <wf lemma="ljudska" pos="X">ljudska</wf>
         <instance id="d000.s4715.t000" lemma="zloba" pos="NOUN">zloba</instance>
         <wf lemma="." pos="X">.</wf>
      </sentence>
      <sentence id="d000.s4716" source="wordnet-croatian">
         <wf lemma="1." pos="X">1.</wf>
         <instance id="d000.s4716.t000" lemma="studeni" pos="NOUN">studenoga</instance>
         <wf lemma="blagdan" pos="X">blagdan</wf>
         <wf lemma="je" pos="X">je</wf>
         <wf lemma="Svih" pos="X">Svih</wf>
         <wf lemma="svetih" pos="X">svetih</wf>
         <wf lemma="." pos="X">.</wf>
      </sentence>
      <sentence id="d000.s4717" source="wordnet-croatian">
         <wf lemma="Ona" pos="X">Ona</wf>
         <wf lemma="je" pos="X">je</wf>
         <instance id="d000.s4717.t000" lemma="začarati" pos="VERB">začarala</instance>
         <wf lemma="srca" pos="X">srca</wf>
         <wf lemma="mnogih" pos="X">mnogih</wf>
         <wf lemma="muškaraca" pos="X">muškaraca</wf>
         <wf lemma="." pos="X">.</wf>
      </sentence>
      <sentence id="d000.s4718" source="wordnet-croatian">
         <wf lemma="Danas" pos="X">Danas</wf>
         <wf lemma="smo" pos="X">smo</wf>
         <instance id="d000.s4718.t000" lemma="dizalica" pos="NOUN">dizalicom</instance>
         <wf lemma="digli" pos="X">digli</wf>
         <wf lemma="tisuću" pos="X">tisuću</wf>
         <wf lemma="komada" pos="X">komada</wf>
         <wf lemma="crijepa" pos="X">crijepa</wf>
         <wf lemma="na" pos="X">na</wf>
         <wf lemma="krov" pos="X">krov</wf>
         <wf lemma="." pos="X">.</wf>
      </sentence>
      <sentence id="d000.s4719" source="wordnet-croatian">
         <wf lemma="On" pos="X">On</wf>
         <wf lemma="obožava" pos="X">obožava</wf>
         <wf lemma="grah" pos="X">grah</wf>
         <wf lemma="," pos="X">,</wf>
         <wf lemma="mahune" pos="X">mahune</wf>
         <wf lemma="i" pos="X">i</wf>
         <wf lemma="drugo" pos="X">drugo</wf>
         <wf lemma="slično" pos="X">slično</wf>
         <wf lemma="povrće" pos="X">povrće</wf>
         <wf lemma="," pos="X">,</wf>
         <wf lemma="ali" pos="X">ali</wf>
         <instance id="d000.s4719.t000" lemma="leća" pos="NOUN">leću</instance>
         <wf lemma="ne" pos="X">ne</wf>
         <wf lemma="voli" pos="X">voli</wf>
         <wf lemma="." pos="X">.</wf>
      </sentence>
      <sentence id="d000.s4720" source="wordnet-croatian">
         <wf lemma="Uvijek" pos="X">Uvijek</wf>
         <wf lemma="sam" pos="X">sam</wf>
         <wf lemma="više" pos="X">više</wf>
         <wf lemma="cijenio" pos="X">cijenio</wf>
         <wf lemma="lijepu" pos="X">lijepu</wf>
         <instance id="d000.s4720.t000" lemma="umjetnost" pos="NOUN">umjetnost</instance>
         <wf lemma="nego" pos="X">nego</wf>
         <wf lemma="današnji" pos="X">današnji</wf>
         <wf lemma="kič." pos="X">kič.</wf>
      </sentence>
      <sentence id="d000.s4721" source="wordnet-croatian">
         <wf lemma="U" pos="X">U</wf>
         <wf lemma="lazurnom" pos="X">lazurnom</wf>
         <wf lemma="slikanju" pos="X">slikanju</wf>
         <wf lemma="boja" pos="X">boja</wf>
         <wf lemma="je" pos="X">je</wf>
         <wf lemma="toliko" pos="X">toliko</wf>
         <wf lemma="rijetka" pos="X">rijetka</wf>
         <wf lemma="da" pos="X">da</wf>
         <wf lemma="se" pos="X">se</wf>
         <wf lemma="vidi" pos="X">vidi</wf>
         <wf lemma="površina" pos="X">površina</wf>
         <instance id="d000.s4721.t000" lemma="podloga" pos="NOUN">podloge</instance>
         <wf lemma="." pos="X">.</wf>
      </sentence>
      <sentence id="d000.s4722" source="wordnet-croatian">
         <wf lemma="Projekt" pos="X">Projekt</wf>
         <wf lemma="je" pos="X">je</wf>
         <wf lemma="ove" pos="X">ove</wf>
         <wf lemma="godine" pos="X">godine</wf>
         <wf lemma="napokon" pos="X">napokon</wf>
         <wf lemma="dočekao" pos="X">dočekao</wf>
         <wf lemma="svoju" pos="X">svoju</wf>
         <instance id="d000.s4722.t000" lemma="realizacija" pos="NOUN">realizaciju</instance>
         <wf lemma="." pos="X">.</wf>
      </sentence>
      <sentence id="d000.s4723" source="wordnet-croatian">
         <wf lemma="Znam" pos="X">Znam</wf>
         <wf lemma="ga" pos="X">ga</wf>
         <wf lemma="čitav" pos="X">čitav</wf>
         <wf lemma="svoj" pos="X">svoj</wf>
         <instance id="d000.s4723.t000" lemma="život" pos="NOUN">život</instance>
         <wf lemma="." pos="X">.</wf>
      </sentence>
      <sentence id="d000.s4724" source="wordnet-croatian">
         <instance id="d000.s4724.t000" lemma="postupak" pos="NOUN">Postupak</instance>
         <wf lemma="prema" pos="X">prema</wf>
         <wf lemma="zatvorenicima" pos="X">zatvorenicima</wf>
         <wf lemma="je" pos="X">je</wf>
         <wf lemma="propisan" pos="X">propisan</wf>
         <wf lemma="pravilnikom" pos="X">pravilnikom</wf>
         <wf lemma="o" pos="X">o</wf>
         <wf lemma="postupanju" pos="X">postupanju</wf>
         <wf lemma="sa" pos="X">sa</wf>
         <wf lemma="zatvorenicima" pos="X">zatvorenicima</wf>
         <wf lemma="." pos="X">.</wf>
      </sentence>
      <sentence id="d000.s4725" source="wordnet-croatian">
         <instance id="d000.s4725.t000" lemma="pošta" pos="NOUN">Pošta</instance>
         <wf lemma="je" pos="X">je</wf>
         <wf lemma="opet" pos="X">opet</wf>
         <wf lemma="zagubila" pos="X">zagubila</wf>
         <wf lemma="njena" pos="X">njena</wf>
         <wf lemma="pisma" pos="X">pisma</wf>
         <wf lemma="." pos="X">.</wf>
      </sentence>
      <sentence id="d000.s4726" source="wordnet-croatian">
         <instance id="d000.s4726.t000" lemma="smisliti" pos="VERB">Smislio</instance>
         <wf lemma="je" pos="X">je</wf>
         <wf lemma="plan" pos="X">plan</wf>
         <wf lemma="kako" pos="X">kako</wf>
         <wf lemma="da" pos="X">da</wf>
         <wf lemma="se" pos="X">se</wf>
         <wf lemma="brzo" pos="X">brzo</wf>
         <wf lemma="obogati" pos="X">obogati</wf>
         <wf lemma="." pos="X">.</wf>
      </sentence>
      <sentence id="d000.s4727" source="wordnet-croatian">
         <wf lemma="Djeci" pos="X">Djeci</wf>
         <wf lemma="koja" pos="X">koja</wf>
         <wf lemma="tek" pos="X">tek</wf>
         <wf lemma="uče" pos="X">uče</wf>
         <wf lemma="voziti" pos="X">voziti</wf>
         <wf lemma="bicikl" pos="X">bicikl</wf>
         <wf lemma="treba" pos="X">treba</wf>
         <wf lemma="kupiti" pos="X">kupiti</wf>
         <wf lemma="i" pos="X">i</wf>
         <instance id="d000.s4727.t000" lemma="kaciga" pos="NOUN">kacigu</instance>
         <wf lemma="." pos="X">.</wf>
      </sentence>
      <sentence id="d000.s4728" source="wordnet-croatian">
         <wf lemma="Njezina" pos="X">Njezina</wf>
         <wf lemma="je" pos="X">je</wf>
         <instance id="d000.s4728.t000" lemma="haljina" pos="NOUN">haljina</instance>
         <wf lemma="lepršala" pos="X">lepršala</wf>
         <wf lemma="u" pos="X">u</wf>
         <wf lemma="hodu" pos="X">hodu</wf>
         <wf lemma="." pos="X">.</wf>
      </sentence>
      <sentence id="d000.s4729" source="wordnet-croatian">
         <wf lemma="Zbog" pos="X">Zbog</wf>
         <wf lemma="svoje" pos="X">svoje</wf>
         <wf lemma="je" pos="X">je</wf>
         <wf lemma="arogantne" pos="X">arogantne</wf>
         <instance id="d000.s4729.t000" lemma="narav" pos="NOUN">naravi</instance>
         <wf lemma="izgubio" pos="X">izgubio</wf>
         <wf lemma="mnoge" pos="X">mnoge</wf>
         <wf lemma="poslovne" pos="X">poslovne</wf>
         <wf lemma="suradnike" pos="X">suradnike</wf>
         <wf lemma="." pos="X">.</wf>
      </sentence>
      <sentence id="d000.s4730" source="wordnet-croatian">
         <wf lemma="Profesor" pos="X">Profesor</wf>
         <wf lemma="je" pos="X">je</wf>
         <wf lemma="svojim" pos="X">svojim</wf>
         <wf lemma="neopisivo" pos="X">neopisivo</wf>
         <wf lemma="zanimljivim" pos="X">zanimljivim</wf>
         <wf lemma="predavanjima" pos="X">predavanjima</wf>
         <instance id="d000.s4730.t000" lemma="zaintrigirati" pos="VERB">zaintrigirao</instance>
         <wf lemma="sve" pos="X">sve</wf>
         <wf lemma="studente" pos="X">studente</wf>
         <wf lemma="." pos="X">.</wf>
      </sentence>
      <sentence id="d000.s4731" source="wordnet-croatian">
         <instance id="d000.s4731.t000" lemma="predbilježiti" pos="VERB">Predbilježila</instance>
         <wf lemma="sam" pos="X">sam</wf>
         <wf lemma="se" pos="X">se</wf>
         <wf lemma="za" pos="X">za</wf>
         <wf lemma="sastanak" pos="X">sastanak</wf>
         <wf lemma="kod" pos="X">kod</wf>
         <wf lemma="liječnika" pos="X">liječnika</wf>
         <wf lemma="." pos="X">.</wf>
      </sentence>
      <sentence id="d000.s4732" source="wordnet-croatian">
         <wf lemma="Gradska" pos="X">Gradska</wf>
         <wf lemma="uprava" pos="X">uprava</wf>
         <wf lemma="treba" pos="X">treba</wf>
         <wf lemma="spriječiti" pos="X">spriječiti</wf>
         <instance id="d000.s4732.t000" lemma="propadanje" pos="NOUN">propadanje</instance>
         <wf lemma="starih" pos="X">starih</wf>
         <wf lemma="zgrada" pos="X">zgrada</wf>
         <wf lemma="u" pos="X">u</wf>
         <wf lemma="centru" pos="X">centru</wf>
         <wf lemma="grada" pos="X">grada</wf>
         <wf lemma="." pos="X">.</wf>
      </sentence>
      <sentence id="d000.s4733" source="wordnet-croatian">
         <wf lemma="Pauci" pos="X">Pauci</wf>
         <wf lemma="u" pos="X">u</wf>
         <wf lemma="svoje" pos="X">svoje</wf>
         <instance id="d000.s4733.t000" lemma="mreža" pos="NOUN">mreže</instance>
         <wf lemma="love" pos="X">love</wf>
         <wf lemma="velike" pos="X">velike</wf>
         <wf lemma="i" pos="X">i</wf>
         <wf lemma="male" pos="X">male</wf>
         <wf lemma="insekte" pos="X">insekte</wf>
         <wf lemma="." pos="X">.</wf>
      </sentence>
      <sentence id="d000.s4734" source="wordnet-croatian">
         <wf lemma="Bihevioristi" pos="X">Bihevioristi</wf>
         <wf lemma="su" pos="X">su</wf>
         <wf lemma="mislili" pos="X">mislili</wf>
         <wf lemma="da" pos="X">da</wf>
         <wf lemma="se" pos="X">se</wf>
         <wf lemma="cijela" pos="X">cijela</wf>
         <wf lemma="psihologija" pos="X">psihologija</wf>
         <wf lemma="svodi" pos="X">svodi</wf>
         <wf lemma="na" pos="X">na</wf>
         <instance id="d000.s4734.t000" lemma="ponašanje" pos="NOUN">ponašanje</instance>
         <wf lemma="jedinke" pos="X">jedinke</wf>
         <wf lemma="." pos="X">.</wf>
      </sentence>
      <sentence id="d000.s4735" source="wordnet-croatian">
         <instance id="d000.s4735.t000" lemma="odigrati" pos="VERB">Odigrao</instance>
         <wf lemma="je" pos="X">je</wf>
         <wf lemma="odličan" pos="X">odličan</wf>
         <wf lemma="volej" pos="X">volej</wf>
         <wf lemma="." pos="X">.</wf>
      </sentence>
      <sentence id="d000.s4736" source="wordnet-croatian">
         <wf lemma="Tekstove" pos="X">Tekstove</wf>
         <wf lemma="su" pos="X">su</wf>
         <wf lemma="iščitavali" pos="X">iščitavali</wf>
         <wf lemma="prema" pos="X">prema</wf>
         <instance id="d000.s4736.t000" lemma="relevantnost" pos="NOUN">relevantnosti</instance>
         <wf lemma="." pos="X">.</wf>
      </sentence>
      <sentence id="d000.s4737" source="wordnet-croatian">
         <wf lemma="Dok" pos="X">Dok</wf>
         <wf lemma="sam" pos="X">sam</wf>
         <wf lemma="imala" pos="X">imala</wf>
         <wf lemma="gripu" pos="X">gripu</wf>
         <wf lemma="osjećala" pos="X">osjećala</wf>
         <wf lemma="sam" pos="X">sam</wf>
         <wf lemma="bol" pos="X">bol</wf>
         <wf lemma="u" pos="X">u</wf>
         <wf lemma="čitavom" pos="X">čitavom</wf>
         <instance id="d000.s4737.t000" lemma="tijelo" pos="NOUN">tijelu</instance>
         <wf lemma="." pos="X">.</wf>
      </sentence>
      <sentence id="d000.s4738" source="wordnet-croatian">
         <wf lemma="S" pos="X">S</wf>
         <wf lemma="pokvarenim" pos="X">pokvarenim</wf>
         <instance id="d000.s4738.t000" lemma="zvučnik" pos="NOUN">zvučnikom</instance>
         <wf lemma="ne" pos="X">ne</wf>
         <wf lemma="može" pos="X">može</wf>
         <wf lemma="se" pos="X">se</wf>
         <wf lemma="uživati" pos="X">uživati</wf>
         <wf lemma="u" pos="X">u</wf>
         <wf lemma="glazbi" pos="X">glazbi</wf>
         <wf lemma="." pos="X">.</wf>
      </sentence>
      <sentence id="d000.s4739" source="wordnet-croatian">
         <wf lemma="Roditelji" pos="X">Roditelji</wf>
         <wf lemma="su" pos="X">su</wf>
         <wf lemma="ga" pos="X">ga</wf>
         <wf lemma="uvijek" pos="X">uvijek</wf>
         <wf lemma="učili" pos="X">učili</wf>
         <wf lemma="da" pos="X">da</wf>
         <wf lemma="se" pos="X">se</wf>
         <wf lemma="oslanja" pos="X">oslanja</wf>
         <wf lemma="na" pos="X">na</wf>
         <wf lemma="svoj" pos="X">svoj</wf>
         <instance id="d000.s4739.t000" lemma="razum" pos="NOUN">razum</instance>
         <wf lemma="." pos="X">.</wf>
      </sentence>
      <sentence id="d000.s4740" source="wordnet-croatian">
         <wf lemma="Kako" pos="X">Kako</wf>
         <wf lemma="si" pos="X">si</wf>
         <wf lemma="mogao" pos="X">mogao</wf>
         <wf lemma="pristati" pos="X">pristati</wf>
         <wf lemma="na" pos="X">na</wf>
         <instance id="d000.s4740.t000" lemma="trovanje" pos="NOUN">trovanje</instance>
         <wf lemma="susjedove" pos="X">susjedove</wf>
         <wf lemma="mačke" pos="X">mačke</wf>
         <wf lemma="?" pos="X">?</wf>
      </sentence>
      <sentence id="d000.s4741" source="wordnet-croatian">
         <wf lemma="Taj" pos="X">Taj</wf>
         <wf lemma="momak" pos="X">momak</wf>
         <wf lemma="je" pos="X">je</wf>
         <instance id="d000.s4741.t000" lemma="izrastati" pos="VERB">izrastao</instance>
         <wf lemma="u" pos="X">u</wf>
         <wf lemma="krasnog" pos="X">krasnog</wf>
         <wf lemma="čovjeka" pos="X">čovjeka</wf>
         <wf lemma="." pos="X">.</wf>
      </sentence>
      <sentence id="d000.s4742" source="wordnet-croatian">
         <wf lemma="Ljudi" pos="X">Ljudi</wf>
         <wf lemma="ne" pos="X">ne</wf>
         <wf lemma="mogu" pos="X">mogu</wf>
         <instance id="d000.s4742.t000" lemma="letjeti" pos="VERB">letjeti</instance>
         <wf lemma="." pos="X">.</wf>
      </sentence>
      <sentence id="d000.s4743" source="wordnet-croatian">
         <instance id="d000.s4743.t000" lemma="roj" pos="NOUN">Roj</instance>
         <wf lemma="skakavaca" pos="X">skakavaca</wf>
         <wf lemma="je" pos="X">je</wf>
         <wf lemma="prekrio" pos="X">prekrio</wf>
         <wf lemma="polje" pos="X">polje</wf>
         <wf lemma="." pos="X">.</wf>
      </sentence>
      <sentence id="d000.s4744" source="wordnet-croatian">
         <wf lemma="Kralj" pos="X">Kralj</wf>
         <wf lemma="je" pos="X">je</wf>
         <instance id="d000.s4744.t000" lemma="narediti" pos="VERB">naredio</instance>
         <wf lemma="da" pos="X">da</wf>
         <wf lemma="se" pos="X">se</wf>
         <wf lemma="sva" pos="X">sva</wf>
         <wf lemma="vretena" pos="X">vretena</wf>
         <wf lemma="moraju" pos="X">moraju</wf>
         <wf lemma="spaliti" pos="X">spaliti</wf>
         <wf lemma="." pos="X">.</wf>
      </sentence>
      <sentence id="d000.s4745" source="wordnet-croatian">
         <wf lemma="Nije" pos="X">Nije</wf>
         <wf lemma="imao" pos="X">imao</wf>
         <wf lemma="nikakav" pos="X">nikakav</wf>
         <wf lemma="pravni" pos="X">pravni</wf>
         <instance id="d000.s4745.t000" lemma="dokument" pos="NOUN">dokument</instance>
         <wf lemma="kojim" pos="X">kojim</wf>
         <wf lemma="bi" pos="X">bi</wf>
         <wf lemma="dokazao" pos="X">dokazao</wf>
         <wf lemma="da" pos="X">da</wf>
         <wf lemma="je" pos="X">je</wf>
         <wf lemma="on" pos="X">on</wf>
         <wf lemma="nasljednik" pos="X">nasljednik</wf>
         <wf lemma="." pos="X">.</wf>
      </sentence>
      <sentence id="d000.s4746" source="wordnet-croatian">
         <wf lemma="Zagrebački" pos="X">Zagrebački</wf>
         <wf lemma="solisti" pos="X">solisti</wf>
         <wf lemma="održali" pos="X">održali</wf>
         <wf lemma="su" pos="X">su</wf>
         <wf lemma="zapažen" pos="X">zapažen</wf>
         <instance id="d000.s4746.t000" lemma="koncert" pos="NOUN">koncert</instance>
         <wf lemma="klasične" pos="X">klasične</wf>
         <wf lemma="glazbe" pos="X">glazbe</wf>
         <wf lemma="s" pos="X">s</wf>
         <wf lemma="djelima" pos="X">djelima</wf>
         <wf lemma="Mozarta" pos="X">Mozarta</wf>
         <wf lemma="i" pos="X">i</wf>
         <wf lemma="Dvořáka" pos="X">Dvořáka</wf>
         <wf lemma="." pos="X">.</wf>
      </sentence>
      <sentence id="d000.s4747" source="wordnet-croatian">
         <wf lemma="Uvijek" pos="X">Uvijek</wf>
         <wf lemma="je" pos="X">je</wf>
         <wf lemma="čitala" pos="X">čitala</wf>
         <instance id="d000.s4747.t000" lemma="sastav" pos="NOUN">sastav</instance>
         <wf lemma="proizvoda" pos="X">proizvoda</wf>
         <wf lemma="koje" pos="X">koje</wf>
         <wf lemma="koristi" pos="X">koristi</wf>
         <wf lemma="." pos="X">.</wf>
      </sentence>
      <sentence id="d000.s4748" source="wordnet-croatian">
         <wf lemma="Rečeno" pos="X">Rečeno</wf>
         <wf lemma="nam" pos="X">nam</wf>
         <wf lemma="je" pos="X">je</wf>
         <wf lemma="da" pos="X">da</wf>
         <wf lemma="čovjek" pos="X">čovjek</wf>
         <wf lemma="ima" pos="X">ima</wf>
         <instance id="d000.s4748.t000" lemma="razum" pos="NOUN">razum</instance>
         <wf lemma="i" pos="X">i</wf>
         <wf lemma="da" pos="X">da</wf>
         <wf lemma="može" pos="X">može</wf>
         <wf lemma="razlikovati" pos="X">razlikovati</wf>
         <wf lemma="dobro" pos="X">dobro</wf>
         <wf lemma="od" pos="X">od</wf>
         <wf lemma="zla" pos="X">zla</wf>
         <wf lemma="." pos="X">.</wf>
      </sentence>
      <sentence id="d000.s4749" source="wordnet-croatian">
         <wf lemma="Otišla" pos="X">Otišla</wf>
         <wf lemma="je" pos="X">je</wf>
         <wf lemma="na" pos="X">na</wf>
         <wf lemma="estetsku" pos="X">estetsku</wf>
         <wf lemma="operaciju" pos="X">operaciju</wf>
         <wf lemma="kako" pos="X">kako</wf>
         <wf lemma="bi" pos="X">bi</wf>
         <wf lemma="ispravila" pos="X">ispravila</wf>
         <instance id="d000.s4749.t000" lemma="nepravilnost" pos="NOUN">nepravilnosti</instance>
         <wf lemma="na" pos="X">na</wf>
         <wf lemma="licu" pos="X">licu</wf>
         <wf lemma="." pos="X">.</wf>
      </sentence>
      <sentence id="d000.s4750" source="wordnet-croatian">
         <instance id="d000.s4750.t000" lemma="posjetilac" pos="NOUN">Posjetilac</instance>
         <wf lemma="koncerata" pos="X">koncerata</wf>
         <wf lemma="prvo" pos="X">prvo</wf>
         <wf lemma="će" pos="X">će</wf>
         <wf lemma="zamijetiti" pos="X">zamijetiti</wf>
         <wf lemma="nedostatak" pos="X">nedostatak</wf>
         <wf lemma="sjedala" pos="X">sjedala</wf>
         <wf lemma="u" pos="X">u</wf>
         <wf lemma="koncertnoj" pos="X">koncertnoj</wf>
         <wf lemma="dvorani" pos="X">dvorani</wf>
         <wf lemma="." pos="X">.</wf>
      </sentence>
      <sentence id="d000.s4751" source="wordnet-croatian">
         <wf lemma="Kuća" pos="X">Kuća</wf>
         <wf lemma="joj" pos="X">joj</wf>
         <wf lemma="je" pos="X">je</wf>
         <wf lemma="bila" pos="X">bila</wf>
         <wf lemma="prepuna" pos="X">prepuna</wf>
         <wf lemma="dojmljivih" pos="X">dojmljivih</wf>
         <instance id="d000.s4751.t000" lemma="dekoracija" pos="NOUN">dekoracija</instance>
         <wf lemma="." pos="X">.</wf>
      </sentence>
      <sentence id="d000.s4752" source="wordnet-croatian">
         <wf lemma="Auto" pos="X">Auto</wf>
         <wf lemma="je" pos="X">je</wf>
         <instance id="d000.s4752.t000" lemma="juriti" pos="VERB">jurio</instance>
         <wf lemma="niz" pos="X">niz</wf>
         <wf lemma="ulicu" pos="X">ulicu</wf>
         <wf lemma="." pos="X">.</wf>
      </sentence>
      <sentence id="d000.s4753" source="wordnet-croatian">
         <instance id="d000.s4753.t000" lemma="dogovor" pos="NOUN">Dogovor</instance>
         <wf lemma="je" pos="X">je</wf>
         <wf lemma="da" pos="X">da</wf>
         <wf lemma="se" pos="X">se</wf>
         <wf lemma="nađemo" pos="X">nađemo</wf>
         <wf lemma="ispred" pos="X">ispred</wf>
         <wf lemma="zgrade" pos="X">zgrade</wf>
         <wf lemma="za" pos="X">za</wf>
         <wf lemma="pola" pos="X">pola</wf>
         <wf lemma="sata" pos="X">sata</wf>
         <wf lemma="." pos="X">.</wf>
      </sentence>
      <sentence id="d000.s4754" source="wordnet-croatian">
         <instance id="d000.s4754.t000" lemma="uvrstiti" pos="VERB">Uvrstio</instance>
         <wf lemma="sam" pos="X">sam</wf>
         <wf lemma="te" pos="X">te</wf>
         <wf lemma="na" pos="X">na</wf>
         <wf lemma="popis" pos="X">popis</wf>
         <wf lemma="gostiju" pos="X">gostiju</wf>
         <wf lemma="." pos="X">.</wf>
      </sentence>
      <sentence id="d000.s4755" source="wordnet-croatian">
         <instance id="d000.s4755.t000" lemma="razumijevanje" pos="NOUN">Razumijevanje</instance>
         <wf lemma="građe" pos="X">građe</wf>
         <wf lemma="nužno" pos="X">nužno</wf>
         <wf lemma="je" pos="X">je</wf>
         <wf lemma="za" pos="X">za</wf>
         <wf lemma="točan" pos="X">točan</wf>
         <wf lemma="odgovor" pos="X">odgovor</wf>
         <wf lemma="u" pos="X">u</wf>
         <wf lemma="ovome" pos="X">ovome</wf>
         <wf lemma="zadatku" pos="X">zadatku</wf>
         <wf lemma="." pos="X">.</wf>
      </sentence>
      <sentence id="d000.s4756" source="wordnet-croatian">
         <wf lemma="Vodom" pos="X">Vodom</wf>
         <wf lemma="je" pos="X">je</wf>
         <wf lemma="prelila" pos="X">prelila</wf>
         <wf lemma="dvije" pos="X">dvije</wf>
         <instance id="d000.s4756.t000" lemma="kesica" pos="NOUN">kesice</instance>
         <wf lemma="čaja" pos="X">čaja</wf>
         <wf lemma="." pos="X">.</wf>
      </sentence>
      <sentence id="d000.s4757" source="wordnet-croatian">
         <instance id="d000.s4757.t000" lemma="projektil" pos="NOUN">Projektil</instance>
         <wf lemma="je" pos="X">je</wf>
         <wf lemma="pao" pos="X">pao</wf>
         <wf lemma="ravno" pos="X">ravno</wf>
         <wf lemma="na" pos="X">na</wf>
         <wf lemma="zgradu" pos="X">zgradu</wf>
         <wf lemma="." pos="X">.</wf>
      </sentence>
      <sentence id="d000.s4758" source="wordnet-croatian">
         <wf lemma="U" pos="X">U</wf>
         <wf lemma="selu" pos="X">selu</wf>
         <wf lemma="su" pos="X">su</wf>
         <wf lemma="konačno" pos="X">konačno</wf>
         <wf lemma="umjesto" pos="X">umjesto</wf>
         <wf lemma="septičkih" pos="X">septičkih</wf>
         <wf lemma="jama" pos="X">jama</wf>
         <wf lemma="izgradili" pos="X">izgradili</wf>
         <wf lemma="sustav" pos="X">sustav</wf>
         <instance id="d000.s4758.t000" lemma="kanalizacija" pos="NOUN">kanalizacije</instance>
         <wf lemma="." pos="X">.</wf>
      </sentence>
      <sentence id="d000.s4759" source="wordnet-croatian">
         <wf lemma="Bez" pos="X">Bez</wf>
         <wf lemma="razumijevanja" pos="X">razumijevanja</wf>
         <wf lemma="vlastite" pos="X">vlastite</wf>
         <instance id="d000.s4759.t000" lemma="kultura" pos="NOUN">kulture</instance>
         <wf lemma="teško" pos="X">teško</wf>
         <wf lemma="je" pos="X">je</wf>
         <wf lemma="razumjeti" pos="X">razumjeti</wf>
         <wf lemma="druge" pos="X">druge</wf>
         <wf lemma="kulture" pos="X">kulture</wf>
         <wf lemma="," pos="X">,</wf>
         <wf lemma="posebno" pos="X">posebno</wf>
         <wf lemma="one" pos="X">one</wf>
         <wf lemma="geografski" pos="X">geografski</wf>
         <wf lemma="udaljenih" pos="X">udaljenih</wf>
         <wf lemma="naroda" pos="X">naroda</wf>
         <wf lemma="." pos="X">.</wf>
      </sentence>
      <sentence id="d000.s4760" source="wordnet-croatian">
         <wf lemma="Dijete" pos="X">Dijete</wf>
         <wf lemma="je" pos="X">je</wf>
         <instance id="d000.s4760.t000" lemma="ščepati" pos="VERB">ščepalo</instance>
         <wf lemma="igračku" pos="X">igračku</wf>
         <wf lemma="i" pos="X">i</wf>
         <wf lemma="više" pos="X">više</wf>
         <wf lemma="je" pos="X">je</wf>
         <wf lemma="nije" pos="X">nije</wf>
         <wf lemma="htjelo" pos="X">htjelo</wf>
         <wf lemma="pustiti" pos="X">pustiti</wf>
         <wf lemma="." pos="X">.</wf>
      </sentence>
      <sentence id="d000.s4761" source="wordnet-croatian">
         <wf lemma="Svako" pos="X">Svako</wf>
         <wf lemma="jutro" pos="X">jutro</wf>
         <wf lemma="popijem" pos="X">popijem</wf>
         <wf lemma="jednu" pos="X">jednu</wf>
         <wf lemma="iscijeđenu" pos="X">iscijeđenu</wf>
         <instance id="d000.s4761.t000" lemma="naranča" pos="NOUN">naranču</instance>
         <wf lemma="." pos="X">.</wf>
      </sentence>
      <sentence id="d000.s4762" source="wordnet-croatian">
         <wf lemma="Pismo" pos="X">Pismo</wf>
         <wf lemma="mi" pos="X">mi</wf>
         <wf lemma="je" pos="X">je</wf>
         <wf lemma="donio" pos="X">donio</wf>
         <wf lemma="čovjek" pos="X">čovjek</wf>
         <wf lemma="u" pos="X">u</wf>
         <wf lemma="prepoznatljivoj" pos="X">prepoznatljivoj</wf>
         <wf lemma="crveno-žutoj" pos="X">crveno-žutoj</wf>
         <instance id="d000.s4762.t000" lemma="livreja" pos="NOUN">livreji</instance>
         <wf lemma="." pos="X">.</wf>
      </sentence>
      <sentence id="d000.s4763" source="wordnet-croatian">
         <wf lemma="Neki" pos="X">Neki</wf>
         <wf lemma="se" pos="X">se</wf>
         <wf lemma="organizmi" pos="X">organizmi</wf>
         <wf lemma="razmnožavaju" pos="X">razmnožavaju</wf>
         <instance id="d000.s4763.t000" lemma="disperzija" pos="NOUN">disperzijom</instance>
         <wf lemma="spora" pos="X">spora</wf>
         <wf lemma="u" pos="X">u</wf>
         <wf lemma="zrak" pos="X">zrak</wf>
         <wf lemma="." pos="X">.</wf>
      </sentence>
      <sentence id="d000.s4764" source="wordnet-croatian">
         <wf lemma="Njegovo" pos="X">Njegovo</wf>
         <wf lemma="ponašanje" pos="X">ponašanje</wf>
         <wf lemma="nikad" pos="X">nikad</wf>
         <wf lemma="nije" pos="X">nije</wf>
         <wf lemma="izlazilo" pos="X">izlazilo</wf>
         <wf lemma="iz" pos="X">iz</wf>
         <instance id="d000.s4764.t000" lemma="konvencionalan" pos="ADJ">konvencionalnih</instance>
         <wf lemma="okvira" pos="X">okvira</wf>
         <wf lemma="." pos="X">.</wf>
      </sentence>
      <sentence id="d000.s4765" source="wordnet-croatian">
         <wf lemma="Plastične" pos="X">Plastične</wf>
         <instance id="d000.s4765.t000" lemma="vrećica" pos="NOUN">vrećice</instance>
         <wf lemma="onečišćuju" pos="X">onečišćuju</wf>
         <wf lemma="okoliš" pos="X">okoliš</wf>
         <wf lemma="." pos="X">.</wf>
      </sentence>
      <sentence id="d000.s4766" source="wordnet-croatian">
         <instance id="d000.s4766.t000" lemma="tetak" pos="NOUN">Tetak</instance>
         <wf lemma="Tonči" pos="X">Tonči</wf>
         <wf lemma="bio" pos="X">bio</wf>
         <wf lemma="je" pos="X">je</wf>
         <wf lemma="dobrodošli" pos="X">dobrodošli</wf>
         <wf lemma="član" pos="X">član</wf>
         <wf lemma="obitelji" pos="X">obitelji</wf>
         <wf lemma="nakon" pos="X">nakon</wf>
         <wf lemma="vjenčanja" pos="X">vjenčanja</wf>
         <wf lemma="s" pos="X">s</wf>
         <wf lemma="mojom" pos="X">mojom</wf>
         <wf lemma="tetom" pos="X">tetom</wf>
         <wf lemma="." pos="X">.</wf>
      </sentence>
      <sentence id="d000.s4767" source="wordnet-croatian">
         <instance id="d000.s4767.t000" lemma="dopisivanje" pos="NOUN">Dopisivanje</instance>
         <wf lemma="se" pos="X">se</wf>
         <wf lemma="danas" pos="X">danas</wf>
         <wf lemma="svodi" pos="X">svodi</wf>
         <wf lemma="na" pos="X">na</wf>
         <wf lemma="internetsku" pos="X">internetsku</wf>
         <wf lemma="komunikaciju" pos="X">komunikaciju</wf>
         <wf lemma="," pos="X">,</wf>
         <wf lemma="rijetko" pos="X">rijetko</wf>
         <wf lemma="tko" pos="X">tko</wf>
         <wf lemma="još" pos="X">još</wf>
         <wf lemma="uvijek" pos="X">uvijek</wf>
         <wf lemma="piše" pos="X">piše</wf>
         <wf lemma="pisma" pos="X">pisma</wf>
         <wf lemma="rukom" pos="X">rukom</wf>
         <wf lemma="." pos="X">.</wf>
      </sentence>
      <sentence id="d000.s4768" source="wordnet-croatian">
         <wf lemma="Nakon" pos="X">Nakon</wf>
         <wf lemma="zatvaranja" pos="X">zatvaranja</wf>
         <wf lemma="birtije" pos="X">birtije</wf>
         <wf lemma="pijanci" pos="X">pijanci</wf>
         <wf lemma="su" pos="X">su</wf>
         <instance id="d000.s4768.t000" lemma="oteturati" pos="VERB">oteturali</instance>
         <wf lemma="kući" pos="X">kući</wf>
         <wf lemma="." pos="X">.</wf>
      </sentence>
      <sentence id="d000.s4769" source="wordnet-croatian">
         <wf lemma="Schoenberg" pos="X">Schoenberg</wf>
         <wf lemma="je" pos="X">je</wf>
         <instance id="d000.s4769.t000" lemma="stvoriti" pos="VERB">stvorio</instance>
         <wf lemma="dodekafonsku" pos="X">dodekafonsku</wf>
         <wf lemma="ljestvicu" pos="X">ljestvicu</wf>
         <wf lemma="." pos="X">.</wf>
      </sentence>
      <sentence id="d000.s4770" source="wordnet-croatian">
         <wf lemma="Poduzeo" pos="X">Poduzeo</wf>
         <wf lemma="je" pos="X">je</wf>
         <wf lemma="opsežne" pos="X">opsežne</wf>
         <wf lemma="pripreme" pos="X">pripreme</wf>
         <wf lemma="za" pos="X">za</wf>
         <wf lemma="pretstojeći" pos="X">pretstojeći</wf>
         <instance id="d000.s4770.t000" lemma="projekt" pos="NOUN">projekt</instance>
         <wf lemma="." pos="X">.</wf>
      </sentence>
      <sentence id="d000.s4771" source="wordnet-croatian">
         <wf lemma="On" pos="X">On</wf>
         <instance id="d000.s4771.t000" lemma="posjedovati" pos="VERB">posjeduje</instance>
         <wf lemma="čak" pos="X">čak</wf>
         <wf lemma="četiri" pos="X">četiri</wf>
         <wf lemma="vikendice" pos="X">vikendice</wf>
         <wf lemma="na" pos="X">na</wf>
         <wf lemma="obali" pos="X">obali</wf>
         <wf lemma="." pos="X">.</wf>
      </sentence>
      <sentence id="d000.s4772" source="wordnet-croatian">
         <wf lemma="On" pos="X">On</wf>
         <wf lemma="je" pos="X">je</wf>
         <instance id="d000.s4772.t000" lemma="hvaliti" pos="VERB">hvalio</instance>
         <wf lemma="djeteteove" pos="X">djeteteove</wf>
         <wf lemma="vrline" pos="X">vrline</wf>
         <wf lemma="." pos="X">.</wf>
      </sentence>
      <sentence id="d000.s4773" source="wordnet-croatian">
         <wf lemma="Zataknuo" pos="X">Zataknuo</wf>
         <wf lemma="je" pos="X">je</wf>
         <instance id="d000.s4773.t000" lemma="trzalica" pos="NOUN">trzalicu</instance>
         <wf lemma="za" pos="X">za</wf>
         <wf lemma="žicu" pos="X">žicu</wf>
         <wf lemma="gitare" pos="X">gitare</wf>
         <wf lemma="i" pos="X">i</wf>
         <wf lemma="krenuo" pos="X">krenuo</wf>
         <wf lemma="na" pos="X">na</wf>
         <wf lemma="svirku" pos="X">svirku</wf>
         <wf lemma="." pos="X">.</wf>
      </sentence>
      <sentence id="d000.s4774" source="wordnet-croatian">
         <wf lemma="Uzrok" pos="X">Uzrok</wf>
         <instance id="d000.s4774.t000" lemma="iregularnost" pos="NOUN">iregularnosti</instance>
         <wf lemma="menstrualnih" pos="X">menstrualnih</wf>
         <wf lemma="ciklusa" pos="X">ciklusa</wf>
         <wf lemma="može" pos="X">može</wf>
         <wf lemma="biti" pos="X">biti</wf>
         <wf lemma="organski" pos="X">organski</wf>
         <wf lemma="ili" pos="X">ili</wf>
         <wf lemma="funkcionalni" pos="X">funkcionalni</wf>
         <wf lemma="." pos="X">.</wf>
      </sentence>
      <sentence id="d000.s4775" source="wordnet-croatian">
         <wf lemma="Danas" pos="X">Danas</wf>
         <wf lemma="analogne" pos="X">analogne</wf>
         <instance id="d000.s4775.t000" lemma="prijemnik" pos="NOUN">prijemnike</instance>
         <wf lemma="polako" pos="X">polako</wf>
         <wf lemma="zamjenjuju" pos="X">zamjenjuju</wf>
         <wf lemma="digitalni" pos="X">digitalni</wf>
         <wf lemma="prijemnici" pos="X">prijemnici</wf>
         <wf lemma="." pos="X">.</wf>
      </sentence>
      <sentence id="d000.s4776" source="wordnet-croatian">
         <instance id="d000.s4776.t000" lemma="kamp" pos="NOUN">Kamp</instance>
         <wf lemma="je" pos="X">je</wf>
         <wf lemma="bio" pos="X">bio</wf>
         <wf lemma="pun" pos="X">pun</wf>
         <wf lemma="stranih" pos="X">stranih</wf>
         <wf lemma="turista" pos="X">turista</wf>
         <wf lemma="." pos="X">.</wf>
      </sentence>
      <sentence id="d000.s4777" source="wordnet-croatian">
         <wf lemma="Znanstvenici" pos="X">Znanstvenici</wf>
         <wf lemma="nisu" pos="X">nisu</wf>
         <wf lemma="mogli" pos="X">mogli</wf>
         <wf lemma="pronaći" pos="X">pronaći</wf>
         <instance id="d000.s4777.t000" lemma="korijen" pos="NOUN">korijene</instance>
         <wf lemma="mutacije" pos="X">mutacije</wf>
         <wf lemma="virusa" pos="X">virusa</wf>
         <wf lemma="." pos="X">.</wf>
      </sentence>
      <sentence id="d000.s4778" source="wordnet-croatian">
         <wf lemma="Sjeli" pos="X">Sjeli</wf>
         <wf lemma="su" pos="X">su</wf>
         <wf lemma="u" pos="X">u</wf>
         <wf lemma="dio" pos="X">dio</wf>
         <wf lemma="lokala" pos="X">lokala</wf>
         <instance id="d000.s4778.t000" lemma="odvojen" pos="ADJ">odvojen</instance>
         <wf lemma="za" pos="X">za</wf>
         <wf lemma="nepušače" pos="X">nepušače</wf>
         <wf lemma="." pos="X">.</wf>
      </sentence>
      <sentence id="d000.s4779" source="wordnet-croatian">
         <instance id="d000.s4779.t000" lemma="higrometar" pos="NOUN">Higrometar</instance>
         <wf lemma="je" pos="X">je</wf>
         <wf lemma="važan" pos="X">važan</wf>
         <wf lemma="mjerni" pos="X">mjerni</wf>
         <wf lemma="instrument" pos="X">instrument</wf>
         <wf lemma="u" pos="X">u</wf>
         <wf lemma="meteorologiji" pos="X">meteorologiji</wf>
         <wf lemma="." pos="X">.</wf>
      </sentence>
      <sentence id="d000.s4780" source="wordnet-croatian">
         <wf lemma="Težina" pos="X">Težina</wf>
         <wf lemma="snijega" pos="X">snijega</wf>
         <instance id="d000.s4780.t000" lemma="naštetiti" pos="VERB">naštetila</instance>
         <wf lemma="je" pos="X">je</wf>
         <wf lemma="krovu" pos="X">krovu</wf>
         <wf lemma="." pos="X">.</wf>
      </sentence>
      <sentence id="d000.s4781" source="wordnet-croatian">
         <wf lemma="Uvijek" pos="X">Uvijek</wf>
         <wf lemma="siru" pos="X">siru</wf>
         <wf lemma="i" pos="X">i</wf>
         <wf lemma="vrhnju" pos="X">vrhnju</wf>
         <wf lemma="dodam" pos="X">dodam</wf>
         <wf lemma="sitno" pos="X">sitno</wf>
         <wf lemma="nasjeckan" pos="X">nasjeckan</wf>
         <instance id="d000.s4781.t000" lemma="vlasac" pos="NOUN">vlasac</instance>
         <wf lemma="." pos="X">.</wf>
      </sentence>
      <sentence id="d000.s4782" source="wordnet-croatian">
         <wf lemma="S" pos="X">S</wf>
         <wf lemma="ulaskom" pos="X">ulaskom</wf>
         <wf lemma="u" pos="X">u</wf>
         <wf lemma="vojsku" pos="X">vojsku</wf>
         <wf lemma="izgubio" pos="X">izgubio</wf>
         <wf lemma="je" pos="X">je</wf>
         <wf lemma="svoj" pos="X">svoj</wf>
         <instance id="d000.s4782.t000" lemma="identitet" pos="NOUN">identitet</instance>
         <wf lemma="." pos="X">.</wf>
      </sentence>
      <sentence id="d000.s4783" source="wordnet-croatian">
         <wf lemma="Ona" pos="X">Ona</wf>
         <wf lemma="je" pos="X">je</wf>
         <instance id="d000.s4783.t000" lemma="žudjeti" pos="VERB">žudjela</instance>
         <wf lemma="za" pos="X">za</wf>
         <wf lemma="cigaretom" pos="X">cigaretom</wf>
         <wf lemma="." pos="X">.</wf>
      </sentence>
      <sentence id="d000.s4784" source="wordnet-croatian">
         <wf lemma="Strahovala" pos="X">Strahovala</wf>
         <wf lemma="je" pos="X">je</wf>
         <wf lemma="od" pos="X">od</wf>
         <instance id="d000.s4784.t000" lemma="opasnost" pos="NOUN">opasnosti</instance>
         <wf lemma="koje" pos="X">koje</wf>
         <wf lemma="vrebaju" pos="X">vrebaju</wf>
         <wf lemma="na" pos="X">na</wf>
         <wf lemma="otvorenoj" pos="X">otvorenoj</wf>
         <wf lemma="cesti" pos="X">cesti</wf>
         <wf lemma="." pos="X">.</wf>
      </sentence>
      <sentence id="d000.s4785" source="wordnet-croatian">
         <wf lemma="More" pos="X">More</wf>
         <wf lemma="mu" pos="X">mu</wf>
         <wf lemma="je" pos="X">je</wf>
         <wf lemma="progutalo" pos="X">progutalo</wf>
         <instance id="d000.s4785.t000" lemma="splav" pos="NOUN">splav</instance>
         <wf lemma="pa" pos="X">pa</wf>
         <wf lemma="mu" pos="X">mu</wf>
         <wf lemma="nije" pos="X">nije</wf>
         <wf lemma="preostalo" pos="X">preostalo</wf>
         <wf lemma="ništa" pos="X">ništa</wf>
         <wf lemma="drugo" pos="X">drugo</wf>
         <wf lemma="nego" pos="X">nego</wf>
         <wf lemma="nadati" pos="X">nadati</wf>
         <wf lemma="se" pos="X">se</wf>
         <wf lemma="da" pos="X">da</wf>
         <wf lemma="će" pos="X">će</wf>
         <wf lemma="pomoć" pos="X">pomoć</wf>
         <wf lemma="brzo" pos="X">brzo</wf>
         <wf lemma="stići" pos="X">stići</wf>
         <wf lemma="." pos="X">.</wf>
      </sentence>
      <sentence id="d000.s4786" source="wordnet-croatian">
         <wf lemma="Sagradili" pos="X">Sagradili</wf>
         <wf lemma="smo" pos="X">smo</wf>
         <wf lemma="ladanjsku" pos="X">ladanjsku</wf>
         <wf lemma="kuću" pos="X">kuću</wf>
         <wf lemma="na" pos="X">na</wf>
         <instance id="d000.s4786.t000" lemma="padina" pos="NOUN">padini</instance>
         <wf lemma="." pos="X">.</wf>
      </sentence>
      <sentence id="d000.s4787" source="wordnet-croatian">
         <wf lemma="Sinoćnja" pos="X">Sinoćnja</wf>
         <wf lemma="kolekcija" pos="X">kolekcija</wf>
         <wf lemma="zaista" pos="X">zaista</wf>
         <wf lemma="svojom" pos="X">svojom</wf>
         <instance id="d000.s4787.t000" lemma="rafiniranost" pos="NOUN">rafiniranošću</instance>
         <wf lemma="iskače" pos="X">iskače</wf>
         <wf lemma="iz" pos="X">iz</wf>
         <wf lemma="svakodnevice" pos="X">svakodnevice</wf>
         <wf lemma="." pos="X">.</wf>
      </sentence>
      <sentence id="d000.s4788" source="wordnet-croatian">
         <instance id="d000.s4788.t000" lemma="volan" pos="NOUN">Volan</instance>
         <wf lemma="na" pos="X">na</wf>
         <wf lemma="motociklu" pos="X">motociklu</wf>
         <wf lemma="nije" pos="X">nije</wf>
         <wf lemma="okrugao" pos="X">okrugao</wf>
         <wf lemma="kao" pos="X">kao</wf>
         <wf lemma="automobilski" pos="X">automobilski</wf>
         <wf lemma="volan" pos="X">volan</wf>
         <wf lemma="." pos="X">.</wf>
      </sentence>
      <sentence id="d000.s4789" source="wordnet-croatian">
         <wf lemma="Godinama" pos="X">Godinama</wf>
         <wf lemma="je" pos="X">je</wf>
         <wf lemma="proučavao" pos="X">proučavao</wf>
         <wf lemma="jezik" pos="X">jezik</wf>
         <wf lemma="Vrbničkoga" pos="X">Vrbničkoga</wf>
         <instance id="d000.s4789.t000" lemma="statut" pos="NOUN">statuta</instance>
         <wf lemma="." pos="X">.</wf>
      </sentence>
      <sentence id="d000.s4790" source="wordnet-croatian">
         <wf lemma="Svim" pos="X">Svim</wf>
         <instance id="d000.s4790.t000" lemma="nesretnik" pos="NOUN">nesretnicima</instance>
         <wf lemma="Božić" pos="X">Božić</wf>
         <wf lemma="može" pos="X">može</wf>
         <wf lemma="pružiti" pos="X">pružiti</wf>
         <wf lemma="barem" pos="X">barem</wf>
         <wf lemma="malo" pos="X">malo</wf>
         <wf lemma="nade" pos="X">nade</wf>
         <wf lemma="." pos="X">.</wf>
      </sentence>
      <sentence id="d000.s4791" source="wordnet-croatian">
         <wf lemma="Bio" pos="X">Bio</wf>
         <wf lemma="je" pos="X">je</wf>
         <instance id="d000.s4791.t000" lemma="pažljiv" pos="ADJ">pažljiv</instance>
         <wf lemma="i" pos="X">i</wf>
         <wf lemma="držao" pos="X">držao</wf>
         <wf lemma="se" pos="X">se</wf>
         <wf lemma="upozorenja" pos="X">upozorenja</wf>
         <wf lemma="." pos="X">.</wf>
      </sentence>
      <sentence id="d000.s4792" source="wordnet-croatian">
         <instance id="d000.s4792.t000" lemma="ergometar" pos="NOUN">Ergometar</instance>
         <wf lemma="se" pos="X">se</wf>
         <wf lemma="koristi" pos="X">koristi</wf>
         <wf lemma="i" pos="X">i</wf>
         <wf lemma="u" pos="X">u</wf>
         <wf lemma="medicinskoj" pos="X">medicinskoj</wf>
         <wf lemma="dijagnostici" pos="X">dijagnostici</wf>
         <wf lemma="." pos="X">.</wf>
      </sentence>
      <sentence id="d000.s4793" source="wordnet-croatian">
         <wf lemma="Pri" pos="X">Pri</wf>
         <wf lemma="rukovanju" pos="X">rukovanju</wf>
         <wf lemma="bičem" pos="X">bičem</wf>
         <wf lemma="treba" pos="X">treba</wf>
         <wf lemma="paziti" pos="X">paziti</wf>
         <wf lemma="da" pos="X">da</wf>
         <instance id="d000.s4793.t000" lemma="bičalo" pos="NOUN">bičalo</instance>
         <wf lemma="ne" pos="X">ne</wf>
         <wf lemma="sklizne" pos="X">sklizne</wf>
         <wf lemma="iz" pos="X">iz</wf>
         <wf lemma="ruku" pos="X">ruku</wf>
         <wf lemma="." pos="X">.</wf>
      </sentence>
      <sentence id="d000.s4794" source="wordnet-croatian">
         <wf lemma="Mnoge" pos="X">Mnoge</wf>
         <wf lemma="žene" pos="X">žene</wf>
         <wf lemma="mrze" pos="X">mrze</wf>
         <wf lemma="kada" pos="X">kada</wf>
         <wf lemma="im" pos="X">im</wf>
         <wf lemma="muževi" pos="X">muževi</wf>
         <instance id="d000.s4794.t000" lemma="zapovijedati" pos="VERB">zapovijedaju</instance>
         <wf lemma="." pos="X">.</wf>
      </sentence>
      <sentence id="d000.s4795" source="wordnet-croatian">
         <wf lemma="Jelo" pos="X">Jelo</wf>
         <wf lemma="i" pos="X">i</wf>
         <wf lemma="piće" pos="X">piće</wf>
         <instance id="d000.s4795.t000" lemma="konzumirati" pos="VERB">konzumirali</instance>
         <wf lemma="su" pos="X">su</wf>
         <wf lemma="u" pos="X">u</wf>
         <wf lemma="prekomjernim" pos="X">prekomjernim</wf>
         <wf lemma="količinama" pos="X">količinama</wf>
         <wf lemma="." pos="X">.</wf>
      </sentence>
      <sentence id="d000.s4796" source="wordnet-croatian">
         <wf lemma="Mirko" pos="X">Mirko</wf>
         <wf lemma="je" pos="X">je</wf>
         <instance id="d000.s4796.t000" lemma="povraćati" pos="VERB">povraćao</instance>
         <wf lemma="dva" pos="X">dva</wf>
         <wf lemma="dana" pos="X">dana</wf>
         <wf lemma="sve" pos="X">sve</wf>
         <wf lemma="što" pos="X">što</wf>
         <wf lemma="bi" pos="X">bi</wf>
         <wf lemma="pojeo" pos="X">pojeo</wf>
         <wf lemma="." pos="X">.</wf>
      </sentence>
      <sentence id="d000.s4797" source="wordnet-croatian">
         <wf lemma="Žena" pos="X">Žena</wf>
         <wf lemma="me" pos="X">me</wf>
         <instance id="d000.s4797.t000" lemma="natjerati" pos="VERB">natjerala</instance>
         <wf lemma="da" pos="X">da</wf>
         <wf lemma="kupimo" pos="X">kupimo</wf>
         <wf lemma="novi" pos="X">novi</wf>
         <wf lemma="auto" pos="X">auto</wf>
         <wf lemma="." pos="X">.</wf>
      </sentence>
      <sentence id="d000.s4798" source="wordnet-croatian">
         <wf lemma="Srednjovječni" pos="X">Srednjovječni</wf>
         <instance id="d000.s4798.t000" lemma="ravnatelj" pos="NOUN">ravnatelj</instance>
         <wf lemma="poduzeća" pos="X">poduzeća</wf>
         <wf lemma="poznat" pos="X">poznat</wf>
         <wf lemma="je" pos="X">je</wf>
         <wf lemma="po" pos="X">po</wf>
         <wf lemma="svojim" pos="X">svojim</wf>
         <wf lemma="putovanjima" pos="X">putovanjima</wf>
         <wf lemma="." pos="X">.</wf>
      </sentence>
      <sentence id="d000.s4799" source="wordnet-croatian">
         <wf lemma="Pozorno" pos="X">Pozorno</wf>
         <wf lemma="je" pos="X">je</wf>
         <instance id="d000.s4799.t000" lemma="motriti" pos="VERB">motrila</instance>
         <wf lemma="svaki" pos="X">svaki</wf>
         <wf lemma="njegov" pos="X">njegov</wf>
         <wf lemma="pokret" pos="X">pokret</wf>
         <wf lemma="!" pos="X">!</wf>
      </sentence>
      <sentence id="d000.s4800" source="wordnet-croatian">
         <wf lemma="Uvijek" pos="X">Uvijek</wf>
         <wf lemma="je" pos="X">je</wf>
         <wf lemma="nosio" pos="X">nosio</wf>
         <instance id="d000.s4800.t000" lemma="naočale" pos="NOUN">naočale</instance>
         <wf lemma="jer" pos="X">jer</wf>
         <wf lemma="bez" pos="X">bez</wf>
         <wf lemma="njih" pos="X">njih</wf>
         <wf lemma="nije" pos="X">nije</wf>
         <wf lemma="ništa" pos="X">ništa</wf>
         <wf lemma="vidio" pos="X">vidio</wf>
         <wf lemma="." pos="X">.</wf>
      </sentence>
      <sentence id="d000.s4801" source="wordnet-croatian">
         <wf lemma="Njegova" pos="X">Njegova</wf>
         <wf lemma="joj" pos="X">joj</wf>
         <wf lemma="je" pos="X">je</wf>
         <wf lemma="pristutnost" pos="X">pristutnost</wf>
         <wf lemma="bila" pos="X">bila</wf>
         <wf lemma="velika" pos="X">velika</wf>
         <instance id="d000.s4801.t000" lemma="utjeha" pos="NOUN">utjeha</instance>
         <wf lemma="." pos="X">.</wf>
      </sentence>
      <sentence id="d000.s4802" source="wordnet-croatian">
         <wf lemma="Ovu" pos="X">Ovu</wf>
         <wf lemma="bih" pos="X">bih</wf>
         <wf lemma="generaciju" pos="X">generaciju</wf>
         <wf lemma="studenata" pos="X">studenata</wf>
         <instance id="d000.s4802.t000" lemma="ocijeniti" pos="VERB">ocijenio</instance>
         <wf lemma="kao" pos="X">kao</wf>
         <wf lemma="najbolju" pos="X">najbolju</wf>
         <wf lemma="do" pos="X">do</wf>
         <wf lemma="sada" pos="X">sada</wf>
         <wf lemma="." pos="X">.</wf>
      </sentence>
      <sentence id="d000.s4803" source="wordnet-croatian">
         <wf lemma="Svi" pos="X">Svi</wf>
         <wf lemma="su" pos="X">su</wf>
         <wf lemma="mu" pos="X">mu</wf>
         <wf lemma="ostali" pos="X">ostali</wf>
         <wf lemma="zaposlenici" pos="X">zaposlenici</wf>
         <wf lemma="bili" pos="X">bili</wf>
         <instance id="d000.s4803.t000" lemma="podređen" pos="ADJ">podređeni</instance>
         <wf lemma="pa" pos="X">pa</wf>
         <wf lemma="je" pos="X">je</wf>
         <wf lemma="mogao" pos="X">mogao</wf>
         <wf lemma="raditi" pos="X">raditi</wf>
         <wf lemma="što" pos="X">što</wf>
         <wf lemma="je" pos="X">je</wf>
         <wf lemma="htio" pos="X">htio</wf>
         <wf lemma="." pos="X">.</wf>
      </sentence>
      <sentence id="d000.s4804" source="wordnet-croatian">
         <wf lemma="Put" pos="X">Put</wf>
         <wf lemma="u" pos="X">u</wf>
         <wf lemma="London" pos="X">London</wf>
         <wf lemma="bio" pos="X">bio</wf>
         <wf lemma="joj" pos="X">joj</wf>
         <wf lemma="je" pos="X">je</wf>
         <wf lemma="prava" pos="X">prava</wf>
         <instance id="d000.s4804.t000" lemma="pustolovina" pos="NOUN">pustolovina</instance>
         <wf lemma="." pos="X">.</wf>
      </sentence>
      <sentence id="d000.s4805" source="wordnet-croatian">
         <wf lemma="Krokodil" pos="X">Krokodil</wf>
         <wf lemma="je" pos="X">je</wf>
         <instance id="d000.s4805.t000" lemma="gmizati" pos="VERB">gmizao</instance>
         <wf lemma="kroz" pos="X">kroz</wf>
         <wf lemma="šaš" pos="X">šaš</wf>
         <wf lemma="prema" pos="X">prema</wf>
         <wf lemma="rijeci" pos="X">rijeci</wf>
         <wf lemma="." pos="X">.</wf>
      </sentence>
      <sentence id="d000.s4806" source="wordnet-croatian">
         <wf lemma="Šetali" pos="X">Šetali</wf>
         <wf lemma="smo" pos="X">smo</wf>
         <wf lemma="obalom" pos="X">obalom</wf>
         <instance id="d000.s4806.t000" lemma="jezero" pos="NOUN">jezera</instance>
         <wf lemma="te" pos="X">te</wf>
         <wf lemma="promatrali" pos="X">promatrali</wf>
         <wf lemma="muljevito" pos="X">muljevito</wf>
         <wf lemma="dno." pos="X">dno.</wf>
      </sentence>
      <sentence id="d000.s4807" source="wordnet-croatian">
         <wf lemma="Njegova" pos="X">Njegova</wf>
         <wf lemma="je" pos="X">je</wf>
         <instance id="d000.s4807.t000" lemma="izvedba" pos="NOUN">izvedba</instance>
         <wf lemma="Mozartova" pos="X">Mozartova</wf>
         <wf lemma="opusa" pos="X">opusa</wf>
         <wf lemma="bila" pos="X">bila</wf>
         <wf lemma="nadasve" pos="X">nadasve</wf>
         <wf lemma="inspirativna" pos="X">inspirativna</wf>
         <wf lemma="." pos="X">.</wf>
      </sentence>
      <sentence id="d000.s4808" source="wordnet-croatian">
         <wf lemma="Igrači" pos="X">Igrači</wf>
         <wf lemma="moraju" pos="X">moraju</wf>
         <wf lemma="unaprijed" pos="X">unaprijed</wf>
         <wf lemma="rezervirati" pos="X">rezervirati</wf>
         <instance id="d000.s4808.t000" lemma="igralište" pos="NOUN">igralište</instance>
         <wf lemma="." pos="X">.</wf>
      </sentence>
      <sentence id="d000.s4809" source="wordnet-croatian">
         <wf lemma="Kostur" pos="X">Kostur</wf>
         <wf lemma="šatora" pos="X">šatora</wf>
         <wf lemma="bio" pos="X">bio</wf>
         <wf lemma="je" pos="X">je</wf>
         <wf lemma="napravljen" pos="X">napravljen</wf>
         <wf lemma="od" pos="X">od</wf>
         <wf lemma="metalnih" pos="X">metalnih</wf>
         <instance id="d000.s4809.t000" lemma="šipka" pos="NOUN">šipki</instance>
         <wf lemma="." pos="X">.</wf>
      </sentence>
      <sentence id="d000.s4810" source="wordnet-croatian">
         <wf lemma="Sam" pos="X">Sam</wf>
         <wf lemma="si" pos="X">si</wf>
         <wf lemma="je" pos="X">je</wf>
         <wf lemma="uštrcao" pos="X">uštrcao</wf>
         <wf lemma="lijek" pos="X">lijek</wf>
         <wf lemma="u" pos="X">u</wf>
         <instance id="d000.s4810.t000" lemma="vena" pos="NOUN">venu</instance>
         <wf lemma="." pos="X">.</wf>
      </sentence>
      <sentence id="d000.s4811" source="wordnet-croatian">
         <wf lemma="Jedva" pos="X">Jedva</wf>
         <wf lemma="čekam" pos="X">čekam</wf>
         <instance id="d000.s4811.t000" lemma="petak" pos="NOUN">petak</instance>
         <wf lemma="!" pos="X">!</wf>
      </sentence>
      <sentence id="d000.s4812" source="wordnet-croatian">
         <wf lemma="Gotovo" pos="X">Gotovo</wf>
         <wf lemma="svaka" pos="X">svaka</wf>
         <wf lemma="crkva" pos="X">crkva</wf>
         <wf lemma="ima" pos="X">ima</wf>
         <instance id="d000.s4812.t000" lemma="orgulje" pos="NOUN">orgulje</instance>
         <wf lemma="." pos="X">.</wf>
      </sentence>
      <sentence id="d000.s4813" source="wordnet-croatian">
         <wf lemma="Velika" pos="X">Velika</wf>
         <instance id="d000.s4813.t000" lemma="komoda" pos="NOUN">komoda</instance>
         <wf lemma="dominirala" pos="X">dominirala</wf>
         <wf lemma="je" pos="X">je</wf>
         <wf lemma="sobom" pos="X">sobom</wf>
         <wf lemma="." pos="X">.</wf>
      </sentence>
      <sentence id="d000.s4814" source="wordnet-croatian">
         <wf lemma="Njegovo" pos="X">Njegovo</wf>
         <instance id="d000.s4814.t000" lemma="shvaćanje" pos="NOUN">shvaćanje</instance>
         <wf lemma="umjetnosti" pos="X">umjetnosti</wf>
         <wf lemma="bilo" pos="X">bilo</wf>
         <wf lemma="je" pos="X">je</wf>
         <wf lemma="jedinstveno" pos="X">jedinstveno</wf>
         <wf lemma="." pos="X">.</wf>
      </sentence>
      <sentence id="d000.s4815" source="wordnet-croatian">
         <wf lemma="Ulaskom" pos="X">Ulaskom</wf>
         <wf lemma="u" pos="X">u</wf>
         <instance id="d000.s4815.t000" lemma="interijer" pos="NOUN">interijer</instance>
         <wf lemma="dvorca" pos="X">dvorca</wf>
         <wf lemma="vidjet" pos="X">vidjet</wf>
         <wf lemma="ćete" pos="X">ćete</wf>
         <wf lemma="svu" pos="X">svu</wf>
         <wf lemma="njegovo" pos="X">njegovo</wf>
         <wf lemma="ljepotu" pos="X">ljepotu</wf>
         <wf lemma="." pos="X">.</wf>
      </sentence>
      <sentence id="d000.s4816" source="wordnet-croatian">
         <wf lemma="Odbjegli" pos="X">Odbjegli</wf>
         <wf lemma="samuraji" pos="X">samuraji</wf>
         <wf lemma="često" pos="X">često</wf>
         <wf lemma="su" pos="X">su</wf>
         <instance id="d000.s4816.t000" lemma="napadati" pos="VERB">napadali</instance>
         <wf lemma="bogate" pos="X">bogate</wf>
         <wf lemma="šogune" pos="X">šogune</wf>
         <wf lemma="." pos="X">.</wf>
      </sentence>
      <sentence id="d000.s4817" source="wordnet-croatian">
         <wf lemma="Proveli" pos="X">Proveli</wf>
         <wf lemma="su" pos="X">su</wf>
         <wf lemma="cijeli" pos="X">cijeli</wf>
         <wf lemma="dan" pos="X">dan</wf>
         <wf lemma="u" pos="X">u</wf>
         <wf lemma="obilasku" pos="X">obilasku</wf>
         <instance id="d000.s4817.t000" lemma="muzej" pos="NOUN">muzeja</instance>
         <wf lemma="." pos="X">.</wf>
      </sentence>
      <sentence id="d000.s4818" source="wordnet-croatian">
         <wf lemma="Nadam" pos="X">Nadam</wf>
         <wf lemma="se" pos="X">se</wf>
         <wf lemma="da" pos="X">da</wf>
         <wf lemma="će" pos="X">će</wf>
         <wf lemma="mi" pos="X">mi</wf>
         <instance id="d000.s4818.t000" lemma="nov" pos="ADJ">nova</instance>
         <wf lemma="godina" pos="X">godina</wf>
         <wf lemma="donijeti" pos="X">donijeti</wf>
         <wf lemma="nove" pos="X">nove</wf>
         <wf lemma="prijatelje" pos="X">prijatelje</wf>
         <wf lemma="." pos="X">.</wf>
      </sentence>
      <sentence id="d000.s4819" source="wordnet-croatian">
         <wf lemma="Ne" pos="X">Ne</wf>
         <wf lemma="govori" pos="X">govori</wf>
         <wf lemma="tako" pos="X">tako</wf>
         <wf lemma="o" pos="X">o</wf>
         <wf lemma="mojoj" pos="X">mojoj</wf>
         <instance id="d000.s4819.t000" lemma="žena" pos="NOUN">ženi</instance>
         <wf lemma="!" pos="X">!</wf>
      </sentence>
      <sentence id="d000.s4820" source="wordnet-croatian">
         <instance id="d000.s4820.t000" lemma="razumjeti" pos="VERB">Razumiješ</instance>
         <wf lemma="li" pos="X">li</wf>
         <wf lemma="ti" pos="X">ti</wf>
         <wf lemma="uopće" pos="X">uopće</wf>
         <wf lemma="ovo" pos="X">ovo</wf>
         <wf lemma="pismo" pos="X">pismo</wf>
         <wf lemma="?" pos="X">?</wf>
      </sentence>
      <sentence id="d000.s4821" source="wordnet-croatian">
         <wf lemma="Nakom" pos="X">Nakom</wf>
         <wf lemma="večere" pos="X">večere</wf>
         <wf lemma="smo" pos="X">smo</wf>
         <instance id="d000.s4821.t000" lemma="tumarati" pos="VERB">tumarali</instance>
         <wf lemma="gradom" pos="X">gradom</wf>
         <wf lemma="." pos="X">.</wf>
      </sentence>
      <sentence id="d000.s4822" source="wordnet-croatian">
         <wf lemma="Ovime" pos="X">Ovime</wf>
         <wf lemma="želimo" pos="X">želimo</wf>
         <instance id="d000.s4822.t000" lemma="nastaviti" pos="VERB">nastaviti</instance>
         <wf lemma="drevnu" pos="X">drevnu</wf>
         <wf lemma="tradiciju" pos="X">tradiciju</wf>
         <wf lemma="." pos="X">.</wf>
      </sentence>
      <sentence id="d000.s4823" source="wordnet-croatian">
         <wf lemma="Mogla" pos="X">Mogla</wf>
         <wf lemma="bih" pos="X">bih</wf>
         <wf lemma="satima" pos="X">satima</wf>
         <wf lemma="hodati" pos="X">hodati</wf>
         <wf lemma="po" pos="X">po</wf>
         <instance id="d000.s4823.t000" lemma="knjižara" pos="NOUN">knjižari</instance>
         <wf lemma="i" pos="X">i</wf>
         <wf lemma="proučavati" pos="X">proučavati</wf>
         <wf lemma="ponudu" pos="X">ponudu</wf>
         <wf lemma="knjiga" pos="X">knjiga</wf>
         <wf lemma="." pos="X">.</wf>
      </sentence>
      <sentence id="d000.s4824" source="wordnet-croatian">
         <wf lemma="Na" pos="X">Na</wf>
         <wf lemma="hladnjaku" pos="X">hladnjaku</wf>
         <wf lemma="je" pos="X">je</wf>
         <wf lemma="imala" pos="X">imala</wf>
         <wf lemma="brojne" pos="X">brojne</wf>
         <instance id="d000.s4824.t000" lemma="magnet" pos="NOUN">magnete</instance>
         <wf lemma="." pos="X">.</wf>
      </sentence>
      <sentence id="d000.s4825" source="wordnet-croatian">
         <instance id="d000.s4825.t000" lemma="hodati" pos="VERB">Hodaju</instance>
         <wf lemma="već" pos="X">već</wf>
         <wf lemma="godinama" pos="X">godinama</wf>
         <wf lemma="," pos="X">,</wf>
         <wf lemma="a" pos="X">a</wf>
         <wf lemma="nikako" pos="X">nikako</wf>
         <wf lemma="da" pos="X">da</wf>
         <wf lemma="se" pos="X">se</wf>
         <wf lemma="vjenčaju" pos="X">vjenčaju</wf>
         <wf lemma="!" pos="X">!</wf>
      </sentence>
      <sentence id="d000.s4826" source="wordnet-croatian">
         <wf lemma="Odbacila" pos="X">Odbacila</wf>
         <wf lemma="je" pos="X">je</wf>
         <wf lemma="optužbe" pos="X">optužbe</wf>
         <wf lemma="da" pos="X">da</wf>
         <wf lemma="je" pos="X">je</wf>
         <wf lemma="na" pos="X">na</wf>
         <wf lemma="fakultet" pos="X">fakultet</wf>
         <wf lemma="upala" pos="X">upala</wf>
         <wf lemma="preko" pos="X">preko</wf>
         <instance id="d000.s4826.t000" lemma="veza" pos="NOUN">veze</instance>
         <wf lemma="." pos="X">.</wf>
      </sentence>
      <sentence id="d000.s4827" source="wordnet-croatian">
         <wf lemma="Neka" pos="X">Neka</wf>
         <wf lemma="uđe" pos="X">uđe</wf>
         <instance id="d000.s4827.t000" lemma="sljedeći" pos="ADJ">sljedeći</instance>
         <wf lemma="pacijent" pos="X">pacijent</wf>
         <wf lemma="!" pos="X">!</wf>
      </sentence>
      <sentence id="d000.s4828" source="wordnet-croatian">
         <instance id="d000.s4828.t000" lemma="optužiti" pos="VERB">Optužili</instance>
         <wf lemma="su" pos="X">su</wf>
         <wf lemma="ga" pos="X">ga</wf>
         <wf lemma="za" pos="X">za</wf>
         <wf lemma="krijumčarenje" pos="X">krijumčarenje</wf>
         <wf lemma="droge" pos="X">droge</wf>
         <wf lemma="." pos="X">.</wf>
      </sentence>
      <sentence id="d000.s4829" source="wordnet-croatian">
         <instance id="d000.s4829.t000" lemma="informacija" pos="NOUN">Informaciju</instance>
         <wf lemma="je" pos="X">je</wf>
         <wf lemma="preuzela" pos="X">preuzela</wf>
         <wf lemma="iz" pos="X">iz</wf>
         <wf lemma="literature" pos="X">literature</wf>
         <wf lemma="." pos="X">.</wf>
      </sentence>
      <sentence id="d000.s4830" source="wordnet-croatian">
         <wf lemma="Nije" pos="X">Nije</wf>
         <wf lemma="mogao" pos="X">mogao</wf>
         <wf lemma="nositi" pos="X">nositi</wf>
         <wf lemma="teret" pos="X">teret</wf>
         <instance id="d000.s4830.t000" lemma="odluka" pos="NOUN">odluke</instance>
         <wf lemma="koju" pos="X">koju</wf>
         <wf lemma="je" pos="X">je</wf>
         <wf lemma="donio" pos="X">donio</wf>
         <wf lemma="u" pos="X">u</wf>
         <wf lemma="svojoj" pos="X">svojoj</wf>
         <wf lemma="mladosti" pos="X">mladosti</wf>
         <wf lemma="." pos="X">.</wf>
      </sentence>
      <sentence id="d000.s4831" source="wordnet-croatian">
         <wf lemma="Kupila" pos="X">Kupila</wf>
         <wf lemma="sam" pos="X">sam</wf>
         <wf lemma="insekticid" pos="X">insekticid</wf>
         <wf lemma="u" pos="X">u</wf>
         <wf lemma="obliku" pos="X">obliku</wf>
         <instance id="d000.s4831.t000" lemma="aerosol" pos="NOUN">aerosola</instance>
         <wf lemma="." pos="X">.</wf>
      </sentence>
      <sentence id="d000.s4832" source="wordnet-croatian">
         <wf lemma="Mirko" pos="X">Mirko</wf>
         <wf lemma="je" pos="X">je</wf>
         <instance id="d000.s4832.t000" lemma="krupan" pos="ADJ">krupan</instance>
         <wf lemma="čovjek" pos="X">čovjek</wf>
         <wf lemma="." pos="X">.</wf>
      </sentence>
      <sentence id="d000.s4833" source="wordnet-croatian">
         <wf lemma="Nalazi" pos="X">Nalazi</wf>
         <wf lemma="DNK-a" pos="X">DNK-a</wf>
         <wf lemma="pokazali" pos="X">pokazali</wf>
         <wf lemma="su" pos="X">su</wf>
         <wf lemma="potpunu" pos="X">potpunu</wf>
         <instance id="d000.s4833.t000" lemma="podudarnost" pos="NOUN">podudarnost</instance>
         <wf lemma="." pos="X">.</wf>
      </sentence>
      <sentence id="d000.s4834" source="wordnet-croatian">
         <wf lemma="Novo" pos="X">Novo</wf>
         <wf lemma="ga" pos="X">ga</wf>
         <wf lemma="je" pos="X">je</wf>
         <wf lemma="društvo" pos="X">društvo</wf>
         <instance id="d000.s4834.t000" lemma="srozati" pos="VERB">srozalo</instance>
         <wf lemma="na" pos="X">na</wf>
         <wf lemma="nivo" pos="X">nivo</wf>
         <wf lemma="najobičnijeg" pos="X">najobičnijeg</wf>
         <wf lemma="divljaka" pos="X">divljaka</wf>
         <wf lemma="." pos="X">.</wf>
      </sentence>
      <sentence id="d000.s4835" source="wordnet-croatian">
         <wf lemma="Idem" pos="X">Idem</wf>
         <wf lemma="u" pos="X">u</wf>
         <instance id="d000.s4835.t000" lemma="nabava" pos="NOUN">nabavu</instance>
         <wf lemma="namirnica" pos="X">namirnica</wf>
         <wf lemma="za" pos="X">za</wf>
         <wf lemma="božićni" pos="X">božićni</wf>
         <wf lemma="ručak" pos="X">ručak</wf>
         <wf lemma="." pos="X">.</wf>
      </sentence>
      <sentence id="d000.s4836" source="wordnet-croatian">
         <instance id="d000.s4836.t000" lemma="položiti" pos="VERB">Položila</instance>
         <wf lemma="sam" pos="X">sam</wf>
         <wf lemma="novac" pos="X">novac</wf>
         <wf lemma="na" pos="X">na</wf>
         <wf lemma="tekući" pos="X">tekući</wf>
         <wf lemma="račun" pos="X">račun</wf>
         <wf lemma="da" pos="X">da</wf>
         <wf lemma="ne" pos="X">ne</wf>
         <wf lemma="uđem" pos="X">uđem</wf>
         <wf lemma="u" pos="X">u</wf>
         <wf lemma="nedozvoljeni" pos="X">nedozvoljeni</wf>
         <wf lemma="minus" pos="X">minus</wf>
         <wf lemma="." pos="X">.</wf>
      </sentence>
      <sentence id="d000.s4837" source="wordnet-croatian">
         <wf lemma="Kada" pos="X">Kada</wf>
         <wf lemma="je" pos="X">je</wf>
         <wf lemma="god" pos="X">god</wf>
         <wf lemma="mogla" pos="X">mogla</wf>
         <wf lemma="," pos="X">,</wf>
         <wf lemma="nastojala" pos="X">nastojala</wf>
         <wf lemma="je" pos="X">je</wf>
         <wf lemma="izbjeći" pos="X">izbjeći</wf>
         <wf lemma="svoje" pos="X">svoje</wf>
         <instance id="d000.s4837.t000" lemma="obaveza" pos="NOUN">obaveze</instance>
         <wf lemma="." pos="X">.</wf>
      </sentence>
      <sentence id="d000.s4838" source="wordnet-croatian">
         <wf lemma="Njegove" pos="X">Njegove</wf>
         <wf lemma="noge" pos="X">noge</wf>
         <wf lemma="pravo" pos="X">pravo</wf>
         <wf lemma="su" pos="X">su</wf>
         <wf lemma="čudo" pos="X">čudo</wf>
         <wf lemma="i" pos="X">i</wf>
         <wf lemma="s" pos="X">s</wf>
         <wf lemma="razlogom" pos="X">razlogom</wf>
         <wf lemma="je" pos="X">je</wf>
         <wf lemma="prvak" pos="X">prvak</wf>
         <wf lemma="u" pos="X">u</wf>
         <instance id="d000.s4838.t000" lemma="stepanje" pos="NOUN">stepanju</instance>
         <wf lemma="." pos="X">.</wf>
      </sentence>
      <sentence id="d000.s4839" source="wordnet-croatian">
         <wf lemma="Velike" pos="X">Velike</wf>
         <wf lemma="uši" pos="X">uši</wf>
         <wf lemma="bile" pos="X">bile</wf>
         <wf lemma="su" pos="X">su</wf>
         <wf lemma="njegov" pos="X">njegov</wf>
         <instance id="d000.s4839.t000" lemma="nedostatak" pos="NOUN">nedostatak</instance>
         <wf lemma="." pos="X">.</wf>
      </sentence>
      <sentence id="d000.s4840" source="wordnet-croatian">
         <wf lemma="Nikad" pos="X">Nikad</wf>
         <wf lemma="nije" pos="X">nije</wf>
         <wf lemma="nosila" pos="X">nosila</wf>
         <instance id="d000.s4840.t000" lemma="kopča" pos="NOUN">kopče</instance>
         <wf lemma="za" pos="X">za</wf>
         <wf lemma="kosu" pos="X">kosu</wf>
         <wf lemma="-" pos="X">-</wf>
         <wf lemma="jednostavno" pos="X">jednostavno</wf>
         <wf lemma="bi" pos="X">bi</wf>
         <wf lemma="privezala" pos="X">privezala</wf>
         <wf lemma="kosu" pos="X">kosu</wf>
         <wf lemma="gumicom" pos="X">gumicom</wf>
         <wf lemma="." pos="X">.</wf>
      </sentence>
      <sentence id="d000.s4841" source="wordnet-croatian">
         <wf lemma="Vlada" pos="X">Vlada</wf>
         <wf lemma="je" pos="X">je</wf>
         <wf lemma="donijela" pos="X">donijela</wf>
         <instance id="d000.s4841.t000" lemma="nov" pos="ADJ">novi</instance>
         <wf lemma="zakon" pos="X">zakon</wf>
         <wf lemma="." pos="X">.</wf>
      </sentence>
      <sentence id="d000.s4842" source="wordnet-croatian">
         <wf lemma="Energetska" pos="X">Energetska</wf>
         <instance id="d000.s4842.t000" lemma="neiskoristivost" pos="NOUN">neiskoristivost</instance>
         <wf lemma="pozicionira" pos="X">pozicionira</wf>
         <wf lemma="je" pos="X">je</wf>
         <wf lemma="u" pos="X">u</wf>
         <wf lemma="sam" pos="X">sam</wf>
         <wf lemma="vrh" pos="X">vrh</wf>
         <wf lemma="dijetetskih" pos="X">dijetetskih</wf>
         <wf lemma="proizvoda" pos="X">proizvoda</wf>
         <wf lemma="u" pos="X">u</wf>
         <wf lemma="službi" pos="X">službi</wf>
         <wf lemma="zaslađivača" pos="X">zaslađivača</wf>
         <wf lemma="." pos="X">.</wf>
      </sentence>
      <sentence id="d000.s4843" source="wordnet-croatian">
         <wf lemma="Kako" pos="X">Kako</wf>
         <wf lemma="se" pos="X">se</wf>
         <wf lemma="mjeri" pos="X">mjeri</wf>
         <instance id="d000.s4843.t000" lemma="slanost" pos="NOUN">slanost</instance>
         <wf lemma="mora" pos="X">mora</wf>
         <wf lemma="?" pos="X">?</wf>
      </sentence>
      <sentence id="d000.s4844" source="wordnet-croatian">
         <wf lemma="Kad" pos="X">Kad</wf>
         <wf lemma="mi" pos="X">mi</wf>
         <wf lemma="je" pos="X">je</wf>
         <wf lemma="bilo" pos="X">bilo</wf>
         <wf lemma="najteže" pos="X">najteže</wf>
         <wf lemma="," pos="X">,</wf>
         <wf lemma="prema" pos="X">prema</wf>
         <wf lemma="meni" pos="X">meni</wf>
         <wf lemma="se" pos="X">se</wf>
         <wf lemma="ponio" pos="X">ponio</wf>
         <wf lemma="stvarno" pos="X">stvarno</wf>
         <instance id="d000.s4844.t000" lemma="ljudski" pos="ADJ">ljudski</instance>
         <wf lemma="." pos="X">.</wf>
      </sentence>
      <sentence id="d000.s4845" source="wordnet-croatian">
         <wf lemma="Kognitivni" pos="X">Kognitivni</wf>
         <instance id="d000.s4845.t000" lemma="čimbenik" pos="NOUN">čimbenici</instance>
         <wf lemma="poput" pos="X">poput</wf>
         <wf lemma="uvjerenja" pos="X">uvjerenja</wf>
         <wf lemma="imaju" pos="X">imaju</wf>
         <wf lemma="veliku" pos="X">veliku</wf>
         <wf lemma="ulogu" pos="X">ulogu</wf>
         <wf lemma="u" pos="X">u</wf>
         <wf lemma="stvaranju" pos="X">stvaranju</wf>
         <wf lemma="fobija" pos="X">fobija</wf>
         <wf lemma="." pos="X">.</wf>
      </sentence>
      <sentence id="d000.s4846" source="wordnet-croatian">
         <instance id="d000.s4846.t000" lemma="itinerer" pos="NOUN">Itinerer</instance>
         <wf lemma="putovanja" pos="X">putovanja</wf>
         <wf lemma="dobit" pos="X">dobit</wf>
         <wf lemma="ćete" pos="X">ćete</wf>
         <wf lemma="pri" pos="X">pri</wf>
         <wf lemma="ukrcaju" pos="X">ukrcaju</wf>
         <wf lemma="na" pos="X">na</wf>
         <wf lemma="brod" pos="X">brod</wf>
         <wf lemma="." pos="X">.</wf>
      </sentence>
      <sentence id="d000.s4847" source="wordnet-croatian">
         <instance id="d000.s4847.t000" lemma="učenik" pos="NOUN">Učenici</instance>
         <wf lemma="su" pos="X">su</wf>
         <wf lemma="se" pos="X">se</wf>
         <wf lemma="na" pos="X">na</wf>
         <wf lemma="jesen" pos="X">jesen</wf>
         <wf lemma="vratili" pos="X">vratili</wf>
         <wf lemma="u" pos="X">u</wf>
         <wf lemma="školske" pos="X">školske</wf>
         <wf lemma="klupe" pos="X">klupe</wf>
         <wf lemma="." pos="X">.</wf>
      </sentence>
      <sentence id="d000.s4848" source="wordnet-croatian">
         <instance id="d000.s4848.t000" lemma="radnik" pos="NOUN">Radnici</instance>
         <wf lemma="veoma" pos="X">veoma</wf>
         <wf lemma="često" pos="X">često</wf>
         <wf lemma="održavaju" pos="X">održavaju</wf>
         <wf lemma="sastanke" pos="X">sastanke</wf>
         <wf lemma="sindikata" pos="X">sindikata</wf>
         <wf lemma="." pos="X">.</wf>
      </sentence>
      <sentence id="d000.s4849" source="wordnet-croatian">
         <wf lemma="Možeš" pos="X">Možeš</wf>
         <wf lemma="li" pos="X">li</wf>
         <instance id="d000.s4849.t000" lemma="razvrstati" pos="VERB">razvrstati</instance>
         <wf lemma="ove" pos="X">ove</wf>
         <wf lemma="papire" pos="X">papire</wf>
         <wf lemma="?" pos="X">?</wf>
      </sentence>
      <sentence id="d000.s4850" source="wordnet-croatian">
         <wf lemma="Objavljen" pos="X">Objavljen</wf>
         <wf lemma="je" pos="X">je</wf>
         <wf lemma="netočan" pos="X">netočan</wf>
         <instance id="d000.s4850.t000" lemma="podatak" pos="NOUN">podatak</instance>
         <wf lemma="o" pos="X">o</wf>
         <wf lemma="broju" pos="X">broju</wf>
         <wf lemma="natjecatelja" pos="X">natjecatelja</wf>
         <wf lemma="." pos="X">.</wf>
      </sentence>
      <sentence id="d000.s4851" source="wordnet-croatian">
         <wf lemma="Kupila" pos="X">Kupila</wf>
         <wf lemma="je" pos="X">je</wf>
         <wf lemma="nove" pos="X">nove</wf>
         <instance id="d000.s4851.t000" lemma="staklenka" pos="NOUN">staklenke</instance>
         <wf lemma="za" pos="X">za</wf>
         <wf lemma="zimnicu" pos="X">zimnicu</wf>
         <wf lemma="." pos="X">.</wf>
      </sentence>
      <sentence id="d000.s4852" source="wordnet-croatian">
         <wf lemma="Ministarstvo" pos="X">Ministarstvo</wf>
         <wf lemma="je" pos="X">je</wf>
         <wf lemma="izgradilo" pos="X">izgradilo</wf>
         <wf lemma="petogodišnji" pos="X">petogodišnji</wf>
         <instance id="d000.s4852.t000" lemma="plan" pos="NOUN">plan</instance>
         <wf lemma="izgrađivanja" pos="X">izgrađivanja</wf>
         <wf lemma="gospodarstva" pos="X">gospodarstva</wf>
         <wf lemma="." pos="X">.</wf>
      </sentence>
      <sentence id="d000.s4853" source="wordnet-croatian">
         <instance id="d000.s4853.t000" lemma="struktura" pos="NOUN">Struktura</instance>
         <wf lemma="egipatskih" pos="X">egipatskih</wf>
         <wf lemma="piramida" pos="X">piramida</wf>
         <wf lemma="bila" pos="X">bila</wf>
         <wf lemma="je" pos="X">je</wf>
         <wf lemma="vrlo" pos="X">vrlo</wf>
         <wf lemma="složena" pos="X">složena</wf>
         <wf lemma="." pos="X">.</wf>
      </sentence>
      <sentence id="d000.s4854" source="wordnet-croatian">
         <wf lemma="Zahvaljujući" pos="X">Zahvaljujući</wf>
         <instance id="d000.s4854.t000" lemma="ulagač" pos="NOUN">ulagačima</instance>
         <wf lemma="," pos="X">,</wf>
         <wf lemma="mali" pos="X">mali</wf>
         <wf lemma="poduzetnici" pos="X">poduzetnici</wf>
         <wf lemma="uspjeli" pos="X">uspjeli</wf>
         <wf lemma="su" pos="X">su</wf>
         <wf lemma="proširiti" pos="X">proširiti</wf>
         <wf lemma="svoj" pos="X">svoj</wf>
         <wf lemma="posao" pos="X">posao</wf>
         <wf lemma="." pos="X">.</wf>
      </sentence>
      <sentence id="d000.s4855" source="wordnet-croatian">
         <wf lemma="Uspio" pos="X">Uspio</wf>
         <wf lemma="je" pos="X">je</wf>
         <wf lemma="obuzdati" pos="X">obuzdati</wf>
         <wf lemma="svoju" pos="X">svoju</wf>
         <wf lemma="naglu" pos="X">naglu</wf>
         <instance id="d000.s4855.t000" lemma="ćud" pos="NOUN">ćud</instance>
         <wf lemma="i" pos="X">i</wf>
         <wf lemma="izišao" pos="X">izišao</wf>
         <wf lemma="je" pos="X">je</wf>
         <wf lemma="iz" pos="X">iz</wf>
         <wf lemma="prostorije" pos="X">prostorije</wf>
         <wf lemma="." pos="X">.</wf>
      </sentence>
      <sentence id="d000.s4856" source="wordnet-croatian">
         <wf lemma="Upisao" pos="X">Upisao</wf>
         <wf lemma="se" pos="X">se</wf>
         <wf lemma="na" pos="X">na</wf>
         <instance id="d000.s4856.t000" lemma="tečaj" pos="NOUN">tečaj</instance>
         <wf lemma="makrobiotičke" pos="X">makrobiotičke</wf>
         <wf lemma="kuhinje" pos="X">kuhinje</wf>
         <wf lemma="." pos="X">.</wf>
      </sentence>
      <sentence id="d000.s4857" source="wordnet-croatian">
         <wf lemma="Nazdravili" pos="X">Nazdravili</wf>
         <wf lemma="smo" pos="X">smo</wf>
         <wf lemma="čašom" pos="X">čašom</wf>
         <instance id="d000.s4857.t000" lemma="pjenušac" pos="NOUN">pjenušca</instance>
         <wf lemma="." pos="X">.</wf>
      </sentence>
      <sentence id="d000.s4858" source="wordnet-croatian">
         <wf lemma="Doveo" pos="X">Doveo</wf>
         <wf lemma="je" pos="X">je</wf>
         <wf lemma="svoje" pos="X">svoje</wf>
         <wf lemma="bilješke" pos="X">bilješke</wf>
         <wf lemma="u" pos="X">u</wf>
         <instance id="d000.s4858.t000" lemma="red" pos="NOUN">red</instance>
         <wf lemma="." pos="X">.</wf>
      </sentence>
      <sentence id="d000.s4859" source="wordnet-croatian">
         <wf lemma="Ove" pos="X">Ove</wf>
         <wf lemma="godine" pos="X">godine</wf>
         <wf lemma="izmijenili" pos="X">izmijenili</wf>
         <wf lemma="smo" pos="X">smo</wf>
         <wf lemma="nastavni" pos="X">nastavni</wf>
         <instance id="d000.s4859.t000" lemma="program" pos="NOUN">program</instance>
         <wf lemma="za" pos="X">za</wf>
         <wf lemma="bolonjske" pos="X">bolonjske</wf>
         <wf lemma="studente" pos="X">studente</wf>
         <wf lemma="." pos="X">.</wf>
      </sentence>
      <sentence id="d000.s4860" source="wordnet-croatian">
         <instance id="d000.s4860.t000" lemma="držati" pos="VERB">Držao</instance>
         <wf lemma="je" pos="X">je</wf>
         <wf lemma="da" pos="X">da</wf>
         <wf lemma="njegove" pos="X">njegove</wf>
         <wf lemma="sulude" pos="X">sulude</wf>
         <wf lemma="teze" pos="X">teze</wf>
         <wf lemma="ne" pos="X">ne</wf>
         <wf lemma="trebaju" pos="X">trebaju</wf>
         <wf lemma="daljnju" pos="X">daljnju</wf>
         <wf lemma="potvrdu" pos="X">potvrdu</wf>
         <wf lemma="." pos="X">.</wf>
      </sentence>
      <sentence id="d000.s4861" source="wordnet-croatian">
         <instance id="d000.s4861.t000" lemma="gradonačelnik" pos="NOUN">Gradonačelnik</instance>
         <wf lemma="Zagreba" pos="X">Zagreba</wf>
         <wf lemma="najavio" pos="X">najavio</wf>
         <wf lemma="je" pos="X">je</wf>
         <wf lemma="izgradnju" pos="X">izgradnju</wf>
         <wf lemma="podzemne" pos="X">podzemne</wf>
         <wf lemma="željeznice" pos="X">željeznice</wf>
         <wf lemma="." pos="X">.</wf>
      </sentence>
      <sentence id="d000.s4862" source="wordnet-croatian">
         <wf lemma="Kako" pos="X">Kako</wf>
         <wf lemma="bi" pos="X">bi</wf>
         <wf lemma="postao" pos="X">postao</wf>
         <instance id="d000.s4862.t000" lemma="ocjenjivač" pos="NOUN">ocjenjivač</instance>
         <wf lemma="trofeja" pos="X">trofeja</wf>
         <wf lemma="divljači" pos="X">divljači</wf>
         <wf lemma="," pos="X">,</wf>
         <wf lemma="mora" pos="X">mora</wf>
         <wf lemma="položiti" pos="X">položiti</wf>
         <wf lemma="poseban" pos="X">poseban</wf>
         <wf lemma="ispit" pos="X">ispit</wf>
         <wf lemma="." pos="X">.</wf>
      </sentence>
      <sentence id="d000.s4863" source="wordnet-croatian">
         <wf lemma="Moj" pos="X">Moj</wf>
         <instance id="d000.s4863.t000" lemma="dan" pos="NOUN">dan</instance>
         <wf lemma="počinje" pos="X">počinje</wf>
         <wf lemma="vrlo" pos="X">vrlo</wf>
         <wf lemma="rano" pos="X">rano</wf>
         <wf lemma="." pos="X">.</wf>
      </sentence>
      <sentence id="d000.s4864" source="wordnet-croatian">
         <instance id="d000.s4864.t000" lemma="pozvati" pos="VERB">Pozvali</instance>
         <wf lemma="smo" pos="X">smo</wf>
         <wf lemma="nove" pos="X">nove</wf>
         <wf lemma="susjede" pos="X">susjede</wf>
         <wf lemma="na" pos="X">na</wf>
         <wf lemma="čaj" pos="X">čaj</wf>
         <wf lemma="i" pos="X">i</wf>
         <wf lemma="kolače" pos="X">kolače</wf>
         <wf lemma="." pos="X">.</wf>
      </sentence>
      <sentence id="d000.s4865" source="wordnet-croatian">
         <wf lemma="Sve" pos="X">Sve</wf>
         <wf lemma="prošlogodišnje" pos="X">prošlogodišnje</wf>
         <wf lemma="račune" pos="X">račune</wf>
         <instance id="d000.s4865.t000" lemma="označiti" pos="VERB">označili</instance>
         <wf lemma="smo" pos="X">smo</wf>
         <wf lemma="crvenom" pos="X">crvenom</wf>
         <wf lemma="bojom" pos="X">bojom</wf>
         <wf lemma="." pos="X">.</wf>
      </sentence>
      <sentence id="d000.s4866" source="wordnet-croatian">
         <wf lemma="Obožavam" pos="X">Obožavam</wf>
         <wf lemma="piletinu" pos="X">piletinu</wf>
         <wf lemma="u" pos="X">u</wf>
         <wf lemma="umaku" pos="X">umaku</wf>
         <wf lemma="od" pos="X">od</wf>
         <instance id="d000.s4866.t000" lemma="kopar" pos="NOUN">kopra</instance>
         <wf lemma="." pos="X">.</wf>
      </sentence>
      <sentence id="d000.s4867" source="wordnet-croatian">
         <instance id="d000.s4867.t000" lemma="izljev" pos="NOUN">Izljev</instance>
         <wf lemma="kanalizacije" pos="X">kanalizacije</wf>
         <wf lemma="u" pos="X">u</wf>
         <wf lemma="more" pos="X">more</wf>
         <wf lemma="mora" pos="X">mora</wf>
         <wf lemma="se" pos="X">se</wf>
         <wf lemma="spriječiti" pos="X">spriječiti</wf>
         <wf lemma="." pos="X">.</wf>
      </sentence>
      <sentence id="d000.s4868" source="wordnet-croatian">
         <wf lemma="Tužio" pos="X">Tužio</wf>
         <wf lemma="ga" pos="X">ga</wf>
         <wf lemma="je" pos="X">je</wf>
         <wf lemma="zbog" pos="X">zbog</wf>
         <wf lemma="klevete" pos="X">klevete</wf>
         <wf lemma="u" pos="X">u</wf>
         <wf lemma="novinskim" pos="X">novinskim</wf>
         <instance id="d000.s4868.t000" lemma="članak" pos="NOUN">člancima</instance>
         <wf lemma="." pos="X">.</wf>
      </sentence>
      <sentence id="d000.s4869" source="wordnet-croatian">
         <wf lemma="Zadnji" pos="X">Zadnji</wf>
         <wf lemma="sam" pos="X">sam</wf>
         <wf lemma="boksački" pos="X">boksački</wf>
         <instance id="d000.s4869.t000" lemma="meč" pos="NOUN">meč</instance>
         <wf lemma="gledala" pos="X">gledala</wf>
         <wf lemma="dok" pos="X">dok</wf>
         <wf lemma="je" pos="X">je</wf>
         <wf lemma="Mavrović" pos="X">Mavrović</wf>
         <wf lemma="još" pos="X">još</wf>
         <wf lemma="uvijek" pos="X">uvijek</wf>
         <wf lemma="boksao" pos="X">boksao</wf>
         <wf lemma="." pos="X">.</wf>
      </sentence>
      <sentence id="d000.s4870" source="wordnet-croatian">
         <wf lemma="Voda" pos="X">Voda</wf>
         <wf lemma="odlično" pos="X">odlično</wf>
         <instance id="d000.s4870.t000" lemma="provoditi" pos="VERB">provodi</instance>
         <wf lemma="struju" pos="X">struju</wf>
         <wf lemma="." pos="X">.</wf>
      </sentence>
      <sentence id="d000.s4871" source="wordnet-croatian">
         <wf lemma="Postoji" pos="X">Postoji</wf>
         <wf lemma="više" pos="X">više</wf>
         <wf lemma="programa" pos="X">programa</wf>
         <wf lemma="za" pos="X">za</wf>
         <instance id="d000.s4871.t000" lemma="pretraživanje" pos="NOUN">pretraživanje</instance>
         <wf lemma="interneta" pos="X">interneta</wf>
         <wf lemma="." pos="X">.</wf>
      </sentence>
      <sentence id="d000.s4872" source="wordnet-croatian">
         <wf lemma="Treba" pos="X">Treba</wf>
         <wf lemma="biti" pos="X">biti</wf>
         <wf lemma="oprezan" pos="X">oprezan</wf>
         <wf lemma="s" pos="X">s</wf>
         <wf lemma="otrovima" pos="X">otrovima</wf>
         <wf lemma="jer" pos="X">jer</wf>
         <wf lemma="je" pos="X">je</wf>
         <wf lemma="njihova" pos="X">njihova</wf>
         <instance id="d000.s4872.t000" lemma="moć" pos="NOUN">moć</instance>
         <wf lemma="velika" pos="X">velika</wf>
         <wf lemma="i" pos="X">i</wf>
         <wf lemma="razorna" pos="X">razorna</wf>
         <wf lemma="." pos="X">.</wf>
      </sentence>
      <sentence id="d000.s4873" source="wordnet-croatian">
         <wf lemma="Svi" pos="X">Svi</wf>
         <wf lemma="su" pos="X">su</wf>
         <wf lemma="u" pos="X">u</wf>
         <wf lemma="njega" pos="X">njega</wf>
         <wf lemma="polagali" pos="X">polagali</wf>
         <instance id="d000.s4873.t000" lemma="velik" pos="ADJ">velike</instance>
         <wf lemma="nade" pos="X">nade</wf>
         <wf lemma="." pos="X">.</wf>
      </sentence>
      <sentence id="d000.s4874" source="wordnet-croatian">
         <instance id="d000.s4874.t000" lemma="tjelesnost" pos="NOUN">Tjelesnost</instance>
         <wf lemma="je" pos="X">je</wf>
         <wf lemma="u" pos="X">u</wf>
         <wf lemma="mnogim" pos="X">mnogim</wf>
         <wf lemma="kulturama" pos="X">kulturama</wf>
         <wf lemma="tabu" pos="X">tabu</wf>
         <wf lemma="tema" pos="X">tema</wf>
         <wf lemma="." pos="X">.</wf>
      </sentence>
      <sentence id="d000.s4875" source="wordnet-croatian">
         <wf lemma="Nova" pos="X">Nova</wf>
         <wf lemma="je" pos="X">je</wf>
         <wf lemma="zaposelnica" pos="X">zaposelnica</wf>
         <wf lemma="morala" pos="X">morala</wf>
         <instance id="d000.s4875.t000" lemma="podnositi" pos="VERB">podnositi</instance>
         <wf lemma="stalno" pos="X">stalno</wf>
         <wf lemma="psovanje" pos="X">psovanje</wf>
         <wf lemma="." pos="X">.</wf>
      </sentence>
      <sentence id="d000.s4876" source="wordnet-croatian">
         <wf lemma="Čovjek" pos="X">Čovjek</wf>
         <wf lemma="na" pos="X">na</wf>
         <wf lemma="svakom" pos="X">svakom</wf>
         <wf lemma="udu" pos="X">udu</wf>
         <wf lemma="ima" pos="X">ima</wf>
         <wf lemma="po" pos="X">po</wf>
         <wf lemma="pet" pos="X">pet</wf>
         <instance id="d000.s4876.t000" lemma="prst" pos="NOUN">prstiju</instance>
         <wf lemma="." pos="X">.</wf>
      </sentence>
      <sentence id="d000.s4877" source="wordnet-croatian">
         <wf lemma="Žene" pos="X">Žene</wf>
         <wf lemma="se" pos="X">se</wf>
         <wf lemma="uvijek" pos="X">uvijek</wf>
         <wf lemma="vesele" pos="X">vesele</wf>
         <wf lemma="kad" pos="X">kad</wf>
         <wf lemma="dobiju" pos="X">dobiju</wf>
         <wf lemma="neki" pos="X">neki</wf>
         <wf lemma="komad" pos="X">komad</wf>
         <instance id="d000.s4877.t000" lemma="nakit" pos="NOUN">nakita</instance>
         <wf lemma="na" pos="X">na</wf>
         <wf lemma="poklon" pos="X">poklon</wf>
         <wf lemma="." pos="X">.</wf>
      </sentence>
      <sentence id="d000.s4878" source="wordnet-croatian">
         <wf lemma="Ponekad" pos="X">Ponekad</wf>
         <wf lemma="treba" pos="X">treba</wf>
         <instance id="d000.s4878.t000" lemma="preispitati" pos="VERB">preispitati</instance>
         <wf lemma="svoje" pos="X">svoje</wf>
         <wf lemma="nakane" pos="X">nakane</wf>
         <wf lemma="." pos="X">.</wf>
      </sentence>
      <sentence id="d000.s4879" source="wordnet-croatian">
         <wf lemma="Osjećala" pos="X">Osjećala</wf>
         <wf lemma="je" pos="X">je</wf>
         <wf lemma="veliku" pos="X">veliku</wf>
         <instance id="d000.s4879.t000" lemma="zahvalnost" pos="NOUN">zahvalnost</instance>
         <wf lemma="za" pos="X">za</wf>
         <wf lemma="svaki" pos="X">svaki</wf>
         <wf lemma="novi" pos="X">novi</wf>
         <wf lemma="dan" pos="X">dan</wf>
         <wf lemma="koji" pos="X">koji</wf>
         <wf lemma="joj" pos="X">joj</wf>
         <wf lemma="je" pos="X">je</wf>
         <wf lemma="podaren" pos="X">podaren</wf>
         <wf lemma="." pos="X">.</wf>
      </sentence>
      <sentence id="d000.s4880" source="wordnet-croatian">
         <instance id="d000.s4880.t000" lemma="služiti" pos="VERB">Služio</instance>
         <wf lemma="je" pos="X">je</wf>
         <wf lemma="deset" pos="X">deset</wf>
         <wf lemma="godina" pos="X">godina</wf>
         <wf lemma="na" pos="X">na</wf>
         <wf lemma="funkciji" pos="X">funkciji</wf>
         <wf lemma="predsjednika" pos="X">predsjednika</wf>
         <wf lemma="." pos="X">.</wf>
      </sentence>
      <sentence id="d000.s4881" source="wordnet-croatian">
         <wf lemma="Marija" pos="X">Marija</wf>
         <wf lemma="je" pos="X">je</wf>
         <instance id="d000.s4881.t000" lemma="obnoviti" pos="VERB">obnovila</instance>
         <wf lemma="starinsku" pos="X">starinsku</wf>
         <wf lemma="policu" pos="X">policu</wf>
         <wf lemma="svoje" pos="X">svoje</wf>
         <wf lemma="bake" pos="X">bake</wf>
         <wf lemma="." pos="X">.</wf>
      </sentence>
      <sentence id="d000.s4882" source="wordnet-croatian">
         <wf lemma="Nije" pos="X">Nije</wf>
         <wf lemma="vidjela" pos="X">vidjela</wf>
         <wf lemma="izlaz" pos="X">izlaz</wf>
         <wf lemma="iz" pos="X">iz</wf>
         <instance id="d000.s4882.t000" lemma="teškoća" pos="NOUN">teškoća</instance>
         <wf lemma="u" pos="X">u</wf>
         <wf lemma="kojima" pos="X">kojima</wf>
         <wf lemma="se" pos="X">se</wf>
         <wf lemma="našla" pos="X">našla</wf>
         <wf lemma="." pos="X">.</wf>
      </sentence>
      <sentence id="d000.s4883" source="wordnet-croatian">
         <wf lemma="Vlak" pos="X">Vlak</wf>
         <wf lemma="se" pos="X">se</wf>
         <wf lemma="zaustavio" pos="X">zaustavio</wf>
         <wf lemma="na" pos="X">na</wf>
         <instance id="d000.s4883.t000" lemma="postaja" pos="NOUN">postaji</instance>
         <wf lemma="." pos="X">.</wf>
      </sentence>
      <sentence id="d000.s4884" source="wordnet-croatian">
         <instance id="d000.s4884.t000" lemma="prenijeti" pos="VERB">Prenio</instance>
         <wf lemma="mi" pos="X">mi</wf>
         <wf lemma="je" pos="X">je</wf>
         <wf lemma="sve" pos="X">sve</wf>
         <wf lemma="svoje" pos="X">svoje</wf>
         <wf lemma="znanje" pos="X">znanje</wf>
         <wf lemma="o" pos="X">o</wf>
         <wf lemma="ljekovitim" pos="X">ljekovitim</wf>
         <wf lemma="biljkama" pos="X">biljkama</wf>
         <wf lemma="." pos="X">.</wf>
      </sentence>
      <sentence id="d000.s4885" source="wordnet-croatian">
         <wf lemma="Nakon" pos="X">Nakon</wf>
         <wf lemma="prve" pos="X">prve</wf>
         <instance id="d000.s4885.t000" lemma="četvrtina" pos="NOUN">četvrtine</instance>
         <wf lemma="bilo" pos="X">bilo</wf>
         <wf lemma="je" pos="X">je</wf>
         <wf lemma="izjednačeno" pos="X">izjednačeno</wf>
         <wf lemma="." pos="X">.</wf>
      </sentence>
      <sentence id="d000.s4886" source="wordnet-croatian">
         <instance id="d000.s4886.t000" lemma="stadion" pos="NOUN">Stadioni</instance>
         <wf lemma="su" pos="X">su</wf>
         <wf lemma="ponekad" pos="X">ponekad</wf>
         <wf lemma="prava" pos="X">prava</wf>
         <wf lemma="umjetnička" pos="X">umjetnička</wf>
         <wf lemma="djela" pos="X">djela</wf>
         <wf lemma="." pos="X">.</wf>
      </sentence>
      <sentence id="d000.s4887" source="wordnet-croatian">
         <instance id="d000.s4887.t000" lemma="napasti" pos="VERB">Napali</instance>
         <wf lemma="su" pos="X">su</wf>
         <wf lemma="neprijateljsku" pos="X">neprijateljsku</wf>
         <wf lemma="vojsku" pos="X">vojsku</wf>
         <wf lemma="ranije" pos="X">ranije</wf>
         <wf lemma="no" pos="X">no</wf>
         <wf lemma="što" pos="X">što</wf>
         <wf lemma="se" pos="X">se</wf>
         <wf lemma="očekivalo" pos="X">očekivalo</wf>
         <wf lemma="." pos="X">.</wf>
      </sentence>
      <sentence id="d000.s4888" source="wordnet-croatian">
         <instance id="d000.s4888.t000" lemma="priredba" pos="NOUN">Priredba</instance>
         <wf lemma="u" pos="X">u</wf>
         <wf lemma="domu" pos="X">domu</wf>
         <wf lemma="umirovljenika" pos="X">umirovljenika</wf>
         <wf lemma="većini" pos="X">većini</wf>
         <wf lemma="se" pos="X">se</wf>
         <wf lemma="nije" pos="X">nije</wf>
         <wf lemma="svidjela" pos="X">svidjela</wf>
         <wf lemma="." pos="X">.</wf>
      </sentence>
      <sentence id="d000.s4889" source="wordnet-croatian">
         <wf lemma="Ne" pos="X">Ne</wf>
         <wf lemma="," pos="X">,</wf>
         <wf lemma="stvarno" pos="X">stvarno</wf>
         <wf lemma="ne" pos="X">ne</wf>
         <wf lemma="smiješ" pos="X">smiješ</wf>
         <instance id="d000.s4889.t000" lemma="pritisnuti" pos="VERB">pritisnuti</instance>
         <wf lemma="crveno" pos="X">crveno</wf>
         <wf lemma="dugme" pos="X">dugme</wf>
         <wf lemma="!" pos="X">!</wf>
      </sentence>
      <sentence id="d000.s4890" source="wordnet-croatian">
         <wf lemma="Stanovnici" pos="X">Stanovnici</wf>
         <wf lemma="su" pos="X">su</wf>
         <wf lemma="upozoreni" pos="X">upozoreni</wf>
         <wf lemma="na" pos="X">na</wf>
         <wf lemma="mogućnost" pos="X">mogućnost</wf>
         <wf lemma="pada" pos="X">pada</wf>
         <instance id="d000.s4890.t000" lemma="satelit" pos="NOUN">satelita</instance>
         <wf lemma="na" pos="X">na</wf>
         <wf lemma="naše" pos="X">naše</wf>
         <wf lemma="područje" pos="X">područje</wf>
         <wf lemma="." pos="X">.</wf>
      </sentence>
      <sentence id="d000.s4891" source="wordnet-croatian">
         <wf lemma="Maratonac" pos="X">Maratonac</wf>
         <wf lemma="je" pos="X">je</wf>
         <wf lemma="krenuo" pos="X">krenuo</wf>
         <wf lemma="u" pos="X">u</wf>
         <instance id="d000.s4891.t000" lemma="sprint" pos="NOUN">sprint</instance>
         <wf lemma="na" pos="X">na</wf>
         <wf lemma="kraju" pos="X">kraju</wf>
         <wf lemma="utrke" pos="X">utrke</wf>
         <wf lemma="." pos="X">.</wf>
      </sentence>
      <sentence id="d000.s4892" source="wordnet-croatian">
         <wf lemma="Glumica" pos="X">Glumica</wf>
         <wf lemma="nije" pos="X">nije</wf>
         <wf lemma="željela" pos="X">željela</wf>
         <instance id="d000.s4892.t000" lemma="objaviti" pos="VERB">objaviti</instance>
         <wf lemma="tko" pos="X">tko</wf>
         <wf lemma="je" pos="X">je</wf>
         <wf lemma="otac" pos="X">otac</wf>
         <wf lemma="njezina" pos="X">njezina</wf>
         <wf lemma="djeteta" pos="X">djeteta</wf>
         <wf lemma="." pos="X">.</wf>
      </sentence>
      <sentence id="d000.s4893" source="wordnet-croatian">
         <wf lemma="Kuće" pos="X">Kuće</wf>
         <wf lemma="na" pos="X">na</wf>
         <wf lemma="Mediteranu" pos="X">Mediteranu</wf>
         <wf lemma="tradicionalno" pos="X">tradicionalno</wf>
         <wf lemma="su" pos="X">su</wf>
         <wf lemma="izgrađene" pos="X">izgrađene</wf>
         <wf lemma="od" pos="X">od</wf>
         <instance id="d000.s4893.t000" lemma="kamen" pos="NOUN">kamena</instance>
         <wf lemma="." pos="X">.</wf>
      </sentence>
      <sentence id="d000.s4894" source="wordnet-croatian">
         <wf lemma="Od" pos="X">Od</wf>
         <instance id="d000.s4894.t000" lemma="šljiva" pos="NOUN">šljiva</instance>
         <wf lemma="se" pos="X">se</wf>
         <wf lemma="radi" pos="X">radi</wf>
         <wf lemma="poznata" pos="X">poznata</wf>
         <wf lemma="rakija" pos="X">rakija</wf>
         <wf lemma="šljivovica" pos="X">šljivovica</wf>
         <wf lemma="." pos="X">.</wf>
      </sentence>
      <sentence id="d000.s4895" source="wordnet-croatian">
         <wf lemma="Tuženi" pos="X">Tuženi</wf>
         <wf lemma="je" pos="X">je</wf>
         <wf lemma="zatražio" pos="X">zatražio</wf>
         <instance id="d000.s4895.t000" lemma="obustava" pos="NOUN">obustavu</instance>
         <wf lemma="pravnog" pos="X">pravnog</wf>
         <wf lemma="procesa" pos="X">procesa</wf>
         <wf lemma="." pos="X">.</wf>
      </sentence>
      <sentence id="d000.s4896" source="wordnet-croatian">
         <wf lemma="Marko" pos="X">Marko</wf>
         <wf lemma="je" pos="X">je</wf>
         <wf lemma="bio" pos="X">bio</wf>
         <instance id="d000.s4896.t000" lemma="uzrok" pos="NOUN">uzrokom</instance>
         <wf lemma="njene" pos="X">njene</wf>
         <wf lemma="psihičke" pos="X">psihičke</wf>
         <wf lemma="bolesti" pos="X">bolesti</wf>
         <wf lemma="." pos="X">.</wf>
      </sentence>
      <sentence id="d000.s4897" source="wordnet-croatian">
         <wf lemma="Znanstvenici" pos="X">Znanstvenici</wf>
         <wf lemma="su" pos="X">su</wf>
         <wf lemma="već" pos="X">već</wf>
         <wf lemma="odavno" pos="X">odavno</wf>
         <instance id="d000.s4897.t000" lemma="rascijepiti" pos="VERB">rascijepili</instance>
         <wf lemma="atom" pos="X">atom</wf>
         <wf lemma="na" pos="X">na</wf>
         <wf lemma="manje" pos="X">manje</wf>
         <wf lemma="dijelove" pos="X">dijelove</wf>
         <wf lemma="." pos="X">.</wf>
      </sentence>
      <sentence id="d000.s4898" source="wordnet-croatian">
         <wf lemma="Nepotrebno" pos="X">Nepotrebno</wf>
         <wf lemma="agresivnom" pos="X">agresivnom</wf>
         <instance id="d000.s4898.t000" lemma="akcija" pos="NOUN">akcijom</instance>
         <wf lemma="policajci" pos="X">policajci</wf>
         <wf lemma="su" pos="X">su</wf>
         <wf lemma="uhitili" pos="X">uhitili</wf>
         <wf lemma="zločinca" pos="X">zločinca</wf>
         <wf lemma="." pos="X">.</wf>
      </sentence>
      <sentence id="d000.s4899" source="wordnet-croatian">
         <wf lemma="Za" pos="X">Za</wf>
         <wf lemma="vrijeme" pos="X">vrijeme</wf>
         <wf lemma="rata" pos="X">rata</wf>
         <wf lemma="sva" pos="X">sva</wf>
         <wf lemma="su" pos="X">su</wf>
         <instance id="d000.s4899.t000" lemma="sklonište" pos="NOUN">skloništa</instance>
         <wf lemma="bila" pos="X">bila</wf>
         <wf lemma="puna" pos="X">puna</wf>
         <wf lemma="." pos="X">.</wf>
      </sentence>
      <sentence id="d000.s4900" source="wordnet-croatian">
         <wf lemma="Nisu" pos="X">Nisu</wf>
         <wf lemma="uspjeli" pos="X">uspjeli</wf>
         <wf lemma="u" pos="X">u</wf>
         <wf lemma="zajedničkom" pos="X">zajedničkom</wf>
         <instance id="d000.s4900.t000" lemma="pothvat" pos="NOUN">pothvatu</instance>
         <wf lemma="utaje" pos="X">utaje</wf>
         <wf lemma="poreza" pos="X">poreza</wf>
         <wf lemma="." pos="X">.</wf>
      </sentence>
      <sentence id="d000.s4901" source="wordnet-croatian">
         <wf lemma="Radnici" pos="X">Radnici</wf>
         <wf lemma="su" pos="X">su</wf>
         <wf lemma="na" pos="X">na</wf>
         <wf lemma="gradilištu" pos="X">gradilištu</wf>
         <wf lemma="prvo" pos="X">prvo</wf>
         <wf lemma="morali" pos="X">morali</wf>
         <wf lemma="obaviti" pos="X">obaviti</wf>
         <instance id="d000.s4901.t000" lemma="sastavljanje" pos="NOUN">sastavljanje</instance>
         <wf lemma="velike" pos="X">velike</wf>
         <wf lemma="pokretne" pos="X">pokretne</wf>
         <wf lemma="dizalice" pos="X">dizalice</wf>
         <wf lemma="." pos="X">.</wf>
      </sentence>
      <sentence id="d000.s4902" source="wordnet-croatian">
         <wf lemma="Vještinom" pos="X">Vještinom</wf>
         <instance id="d000.s4902.t000" lemma="imitacija" pos="NOUN">imitacije</instance>
         <wf lemma="slavnih" pos="X">slavnih</wf>
         <wf lemma="osoba" pos="X">osoba</wf>
         <wf lemma="i" pos="X">i</wf>
         <wf lemma="sam" pos="X">sam</wf>
         <wf lemma="je" pos="X">je</wf>
         <wf lemma="postao" pos="X">postao</wf>
         <wf lemma="slavan" pos="X">slavan</wf>
         <wf lemma="." pos="X">.</wf>
      </sentence>
      <sentence id="d000.s4903" source="wordnet-croatian">
         <wf lemma="Trener" pos="X">Trener</wf>
         <wf lemma="ga" pos="X">ga</wf>
         <wf lemma="je" pos="X">je</wf>
         <instance id="d000.s4903.t000" lemma="postaviti" pos="VERB">postavio</instance>
         <wf lemma="na" pos="X">na</wf>
         <wf lemma="lijevo" pos="X">lijevo</wf>
         <wf lemma="krilo" pos="X">krilo</wf>
         <wf lemma="." pos="X">.</wf>
      </sentence>
      <sentence id="d000.s4904" source="wordnet-croatian">
         <wf lemma="Nabujala" pos="X">Nabujala</wf>
         <wf lemma="je" pos="X">je</wf>
         <wf lemma="rijeka" pos="X">rijeka</wf>
         <wf lemma="je" pos="X">je</wf>
         <instance id="d000.s4904.t000" lemma="dosegnuti" pos="VERB">dosegnula</instance>
         <wf lemma="rekordno" pos="X">rekordno</wf>
         <wf lemma="visok" pos="X">visok</wf>
         <wf lemma="vodostaj" pos="X">vodostaj</wf>
         <wf lemma="." pos="X">.</wf>
      </sentence>
      <sentence id="d000.s4905" source="wordnet-croatian">
         <instance id="d000.s4905.t000" lemma="krik" pos="NOUN">Krikovi</instance>
         <wf lemma="životinja" pos="X">životinja</wf>
         <wf lemma="odzvanjali" pos="X">odzvanjali</wf>
         <wf lemma="su" pos="X">su</wf>
         <wf lemma="džunglom" pos="X">džunglom</wf>
         <wf lemma="." pos="X">.</wf>
      </sentence>
      <sentence id="d000.s4906" source="wordnet-croatian">
         <wf lemma="Naučio" pos="X">Naučio</wf>
         <wf lemma="je" pos="X">je</wf>
         <wf lemma="pisati" pos="X">pisati</wf>
         <instance id="d000.s4906.t000" lemma="brojka" pos="NOUN">brojke</instance>
         <wf lemma="prije" pos="X">prije</wf>
         <wf lemma="slova" pos="X">slova</wf>
         <wf lemma="." pos="X">.</wf>
      </sentence>
      <sentence id="d000.s4907" source="wordnet-croatian">
         <wf lemma="Nakon" pos="X">Nakon</wf>
         <wf lemma="što" pos="X">što</wf>
         <wf lemma="su" pos="X">su</wf>
         <wf lemma="se" pos="X">se</wf>
         <wf lemma="Marko" pos="X">Marko</wf>
         <wf lemma="i" pos="X">i</wf>
         <wf lemma="Ana" pos="X">Ana</wf>
         <wf lemma="posvađali" pos="X">posvađali</wf>
         <wf lemma="," pos="X">,</wf>
         <wf lemma="već" pos="X">već</wf>
         <wf lemma="mjesec" pos="X">mjesec</wf>
         <wf lemma="dana" pos="X">dana</wf>
         <wf lemma="između" pos="X">između</wf>
         <wf lemma="njih" pos="X">njih</wf>
         <wf lemma="nema" pos="X">nema</wf>
         <instance id="d000.s4907.t000" lemma="komunikacija" pos="NOUN">komunikacije</instance>
         <wf lemma="." pos="X">.</wf>
      </sentence>
      <sentence id="d000.s4908" source="wordnet-croatian">
         <wf lemma="Ovaj" pos="X">Ovaj</wf>
         <wf lemma="metal" pos="X">metal</wf>
         <wf lemma="lako" pos="X">lako</wf>
         <instance id="d000.s4908.t000" lemma="oksidirati" pos="VERB">oksidira</instance>
         <wf lemma="." pos="X">.</wf>
      </sentence>
      <sentence id="d000.s4909" source="wordnet-croatian">
         <wf lemma="Igrači" pos="X">Igrači</wf>
         <wf lemma="su" pos="X">su</wf>
         <wf lemma="uzeli" pos="X">uzeli</wf>
         <instance id="d000.s4909.t000" lemma="predah" pos="NOUN">predah</instance>
         <wf lemma="od" pos="X">od</wf>
         <wf lemma="igre" pos="X">igre</wf>
         <wf lemma="." pos="X">.</wf>
      </sentence>
      <sentence id="d000.s4910" source="wordnet-croatian">
         <instance id="d000.s4910.t000" lemma="zalupiti" pos="VERB">Zalupio</instance>
         <wf lemma="je" pos="X">je</wf>
         <wf lemma="vratima" pos="X">vratima</wf>
         <wf lemma="frizerskog" pos="X">frizerskog</wf>
         <wf lemma="salona" pos="X">salona</wf>
         <wf lemma="jer" pos="X">jer</wf>
         <wf lemma="je" pos="X">je</wf>
         <wf lemma="bio" pos="X">bio</wf>
         <wf lemma="vrlo" pos="X">vrlo</wf>
         <wf lemma="nezadovoljan" pos="X">nezadovoljan</wf>
         <wf lemma="novom" pos="X">novom</wf>
         <wf lemma="frizurom" pos="X">frizurom</wf>
         <wf lemma="." pos="X">.</wf>
      </sentence>
      <sentence id="d000.s4911" source="wordnet-croatian">
         <wf lemma="Odnio" pos="X">Odnio</wf>
         <wf lemma="je" pos="X">je</wf>
         <wf lemma="krojačici" pos="X">krojačici</wf>
         <wf lemma="jaknu" pos="X">jaknu</wf>
         <wf lemma="da" pos="X">da</wf>
         <wf lemma="mu" pos="X">mu</wf>
         <wf lemma="promijeni" pos="X">promijeni</wf>
         <instance id="d000.s4911.t000" lemma="patent" pos="NOUN">patent</instance>
         <wf lemma="." pos="X">.</wf>
      </sentence>
      <sentence id="d000.s4912" source="wordnet-croatian">
         <instance id="d000.s4912.t000" lemma="medovina" pos="NOUN">Medovina</instance>
         <wf lemma="bi" pos="X">bi</wf>
         <wf lemma="tekla" pos="X">tekla</wf>
         <wf lemma="u" pos="X">u</wf>
         <wf lemma="potocima" pos="X">potocima</wf>
         <wf lemma="uvijek" pos="X">uvijek</wf>
         <wf lemma="kada" pos="X">kada</wf>
         <wf lemma="bi" pos="X">bi</wf>
         <wf lemma="se" pos="X">se</wf>
         <wf lemma="našli" pos="X">našli</wf>
         <wf lemma="na" pos="X">na</wf>
         <wf lemma="kakvoj" pos="X">kakvoj</wf>
         <wf lemma="proslavi" pos="X">proslavi</wf>
         <wf lemma="." pos="X">.</wf>
      </sentence>
      <sentence id="d000.s4913" source="wordnet-croatian">
         <wf lemma="Želio" pos="X">Želio</wf>
         <wf lemma="je" pos="X">je</wf>
         <wf lemma="biti" pos="X">biti</wf>
         <wf lemma="pokopan" pos="X">pokopan</wf>
         <wf lemma="u" pos="X">u</wf>
         <wf lemma="običnom" pos="X">običnom</wf>
         <wf lemma="," pos="X">,</wf>
         <wf lemma="drvenom" pos="X">drvenom</wf>
         <instance id="d000.s4913.t000" lemma="lijes" pos="NOUN">lijesu</instance>
         <wf lemma="." pos="X">.</wf>
      </sentence>
      <sentence id="d000.s4914" source="wordnet-croatian">
         <instance id="d000.s4914.t000" lemma="prekrižiti" pos="VERB">Prekrižila</instance>
         <wf lemma="je" pos="X">je</wf>
         <wf lemma="noge" pos="X">noge</wf>
         <wf lemma="na" pos="X">na</wf>
         <wf lemma="posebice" pos="X">posebice</wf>
         <wf lemma="šarmantan" pos="X">šarmantan</wf>
         <wf lemma="način" pos="X">način</wf>
         <wf lemma="." pos="X">.</wf>
      </sentence>
      <sentence id="d000.s4915" source="wordnet-croatian">
         <wf lemma="U" pos="X">U</wf>
         <wf lemma="bazene" pos="X">bazene</wf>
         <wf lemma="stavljaju" pos="X">stavljaju</wf>
         <wf lemma="previše" pos="X">previše</wf>
         <instance id="d000.s4915.t000" lemma="klor" pos="NOUN">klora</instance>
         <wf lemma="." pos="X">.</wf>
      </sentence>
      <sentence id="d000.s4916" source="wordnet-croatian">
         <wf lemma="On" pos="X">On</wf>
         <wf lemma="nije" pos="X">nije</wf>
         <wf lemma="dovoljno" pos="X">dovoljno</wf>
         <wf lemma="kompetentan" pos="X">kompetentan</wf>
         <wf lemma="da" pos="X">da</wf>
         <wf lemma="bi" pos="X">bi</wf>
         <wf lemma="mogao" pos="X">mogao</wf>
         <instance id="d000.s4916.t000" lemma="suditi" pos="VERB">suditi</instance>
         <wf lemma="o" pos="X">o</wf>
         <wf lemma="modernoj" pos="X">modernoj</wf>
         <wf lemma="umjetnosti" pos="X">umjetnosti</wf>
         <wf lemma="." pos="X">.</wf>
      </sentence>
      <sentence id="d000.s4917" source="wordnet-croatian">
         <wf lemma="Ona" pos="X">Ona</wf>
         <wf lemma="je" pos="X">je</wf>
         <wf lemma="u" pos="X">u</wf>
         <wf lemma="muškarcima" pos="X">muškarcima</wf>
         <wf lemma="gledala" pos="X">gledala</wf>
         <wf lemma="samo" pos="X">samo</wf>
         <instance id="d000.s4917.t000" lemma="lova" pos="NOUN">lovu</instance>
         <wf lemma="." pos="X">.</wf>
      </sentence>
      <sentence id="d000.s4918" source="wordnet-croatian">
         <wf lemma="Popodnevni" pos="X">Popodnevni</wf>
         <wf lemma="je" pos="X">je</wf>
         <instance id="d000.s4918.t000" lemma="čaj" pos="NOUN">čaj</instance>
         <wf lemma="obrok" pos="X">obrok</wf>
         <wf lemma="koji" pos="X">koji</wf>
         <wf lemma="se" pos="X">se</wf>
         <wf lemma="u" pos="X">u</wf>
         <wf lemma="Engleskoj" pos="X">Engleskoj</wf>
         <wf lemma="ne" pos="X">ne</wf>
         <wf lemma="preskače" pos="X">preskače</wf>
         <wf lemma="." pos="X">.</wf>
      </sentence>
      <sentence id="d000.s4919" source="wordnet-croatian">
         <wf lemma="Treba" pos="X">Treba</wf>
         <wf lemma="biti" pos="X">biti</wf>
         <wf lemma="oprezan" pos="X">oprezan</wf>
         <wf lemma="pri" pos="X">pri</wf>
         <wf lemma="doziranju" pos="X">doziranju</wf>
         <instance id="d000.s4919.t000" lemma="propionaldehid" pos="NOUN">propionaldehida</instance>
         <wf lemma="." pos="X">.</wf>
      </sentence>
      <sentence id="d000.s4920" source="wordnet-croatian">
         <wf lemma="On" pos="X">On</wf>
         <wf lemma="živi" pos="X">živi</wf>
         <wf lemma="u" pos="X">u</wf>
         <wf lemma="poljoprivrednoj" pos="X">poljoprivrednoj</wf>
         <instance id="d000.s4920.t000" lemma="sredina" pos="NOUN">sredini</instance>
         <wf lemma="." pos="X">.</wf>
      </sentence>
      <sentence id="d000.s4921" source="wordnet-croatian">
         <wf lemma="Blanka" pos="X">Blanka</wf>
         <wf lemma="namjerava" pos="X">namjerava</wf>
         <wf lemma="srušiti" pos="X">srušiti</wf>
         <wf lemma="svjetski" pos="X">svjetski</wf>
         <instance id="d000.s4921.t000" lemma="rekord" pos="NOUN">rekord</instance>
         <wf lemma="u" pos="X">u</wf>
         <wf lemma="skoku" pos="X">skoku</wf>
         <wf lemma="u" pos="X">u</wf>
         <wf lemma="vis" pos="X">vis</wf>
         <wf lemma="." pos="X">.</wf>
      </sentence>
      <sentence id="d000.s4922" source="wordnet-croatian">
         <instance id="d000.s4922.t000" lemma="neizlječivost" pos="NOUN">Neizlječivost</instance>
         <wf lemma="paralize" pos="X">paralize</wf>
         <wf lemma="mogla" pos="X">mogla</wf>
         <wf lemma="bi" pos="X">bi</wf>
         <wf lemma="postati" pos="X">postati</wf>
         <wf lemma="prošlost" pos="X">prošlost</wf>
         <wf lemma="." pos="X">.</wf>
      </sentence>
      <sentence id="d000.s4923" source="wordnet-croatian">
         <wf lemma="Na" pos="X">Na</wf>
         <wf lemma="samom" pos="X">samom</wf>
         <instance id="d000.s4923.t000" lemma="kraj" pos="NOUN">kraju</instance>
         <wf lemma="grada" pos="X">grada</wf>
         <wf lemma="živi" pos="X">živi</wf>
         <wf lemma="jedna" pos="X">jedna</wf>
         <wf lemma="sretna" pos="X">sretna</wf>
         <wf lemma="obitelj" pos="X">obitelj</wf>
         <wf lemma="." pos="X">.</wf>
      </sentence>
      <sentence id="d000.s4924" source="wordnet-croatian">
         <wf lemma="Provalnici" pos="X">Provalnici</wf>
         <wf lemma="su" pos="X">su</wf>
         <wf lemma="jednostavno" pos="X">jednostavno</wf>
         <wf lemma="obili" pos="X">obili</wf>
         <instance id="d000.s4924.t000" lemma="brava" pos="NOUN">bravu</instance>
         <wf lemma="i" pos="X">i</wf>
         <wf lemma="ušli" pos="X">ušli</wf>
         <wf lemma="u" pos="X">u</wf>
         <wf lemma="kuću" pos="X">kuću</wf>
         <wf lemma="." pos="X">.</wf>
      </sentence>
      <sentence id="d000.s4925" source="wordnet-croatian">
         <wf lemma="Njiihovu" pos="X">Njiihovu</wf>
         <instance id="d000.s4925.t000" lemma="veza" pos="NOUN">vezu</instance>
         <wf lemma="nije" pos="X">nije</wf>
         <wf lemma="moglo" pos="X">moglo</wf>
         <wf lemma="ništa" pos="X">ništa</wf>
         <wf lemma="uništiti" pos="X">uništiti</wf>
         <wf lemma="." pos="X">.</wf>
      </sentence>
      <sentence id="d000.s4926" source="wordnet-croatian">
         <wf lemma="Mirko" pos="X">Mirko</wf>
         <wf lemma="često" pos="X">često</wf>
         <wf lemma="napastvuje" pos="X">napastvuje</wf>
         <wf lemma="suradnice" pos="X">suradnice</wf>
         <wf lemma="i" pos="X">i</wf>
         <instance id="d000.s4926.t000" lemma="maltretirati" pos="VERB">maltretira</instance>
         <wf lemma="suradnike" pos="X">suradnike</wf>
         <wf lemma="." pos="X">.</wf>
      </sentence>
      <sentence id="d000.s4927" source="wordnet-croatian">
         <instance id="d000.s4927.t000" lemma="radost" pos="NOUN">Radost</instance>
         <wf lemma="na" pos="X">na</wf>
         <wf lemma="njegovu" pos="X">njegovu</wf>
         <wf lemma="licu" pos="X">licu</wf>
         <wf lemma="bila" pos="X">bila</wf>
         <wf lemma="joj" pos="X">joj</wf>
         <wf lemma="je" pos="X">je</wf>
         <wf lemma="najveća" pos="X">najveća</wf>
         <wf lemma="nagrada" pos="X">nagrada</wf>
         <wf lemma="." pos="X">.</wf>
      </sentence>
      <sentence id="d000.s4928" source="wordnet-croatian">
         <wf lemma="Plaža" pos="X">Plaža</wf>
         <wf lemma="je" pos="X">je</wf>
         <wf lemma="bila" pos="X">bila</wf>
         <wf lemma="prepuna" pos="X">prepuna</wf>
         <wf lemma="šarenih" pos="X">šarenih</wf>
         <instance id="d000.s4928.t000" lemma="suncobran" pos="NOUN">suncobrana</instance>
         <wf lemma="." pos="X">.</wf>
      </sentence>
      <sentence id="d000.s4929" source="wordnet-croatian">
         <instance id="d000.s4929.t000" lemma="priprema" pos="NOUN">Pripreme</instance>
         <wf lemma="za" pos="X">za</wf>
         <wf lemma="vjenčanje" pos="X">vjenčanje</wf>
         <wf lemma="su" pos="X">su</wf>
         <wf lemma="počele" pos="X">počele</wf>
         <wf lemma="dva" pos="X">dva</wf>
         <wf lemma="mjeseca" pos="X">mjeseca</wf>
         <wf lemma="prije" pos="X">prije</wf>
         <wf lemma="samog" pos="X">samog</wf>
         <wf lemma="čina" pos="X">čina</wf>
         <wf lemma="." pos="X">.</wf>
      </sentence>
      <sentence id="d000.s4930" source="wordnet-croatian">
         <wf lemma="Je" pos="X">Je</wf>
         <wf lemma="li" pos="X">li</wf>
         <wf lemma="antropocen" pos="X">antropocen</wf>
         <wf lemma="nova" pos="X">nova</wf>
         <instance id="d000.s4930.t000" lemma="epoha" pos="NOUN">epoha</instance>
         <wf lemma="u" pos="X">u</wf>
         <wf lemma="geološkoj" pos="X">geološkoj</wf>
         <wf lemma="povijesti" pos="X">povijesti</wf>
         <wf lemma="Zemlje" pos="X">Zemlje</wf>
         <wf lemma="?" pos="X">?</wf>
      </sentence>
      <sentence id="d000.s4931" source="wordnet-croatian">
         <wf lemma="Nervirala" pos="X">Nervirala</wf>
         <wf lemma="ju" pos="X">ju</wf>
         <wf lemma="je" pos="X">je</wf>
         <wf lemma="njegova" pos="X">njegova</wf>
         <wf lemma="pomalo" pos="X">pomalo</wf>
         <wf lemma="štreberska" pos="X">štreberska</wf>
         <instance id="d000.s4931.t000" lemma="fizionomija" pos="NOUN">fizionomija</instance>
         <wf lemma="." pos="X">.</wf>
      </sentence>
      <sentence id="d000.s4932" source="wordnet-croatian">
         <wf lemma="Stalno" pos="X">Stalno</wf>
         <wf lemma="je" pos="X">je</wf>
         <instance id="d000.s4932.t000" lemma="odgađati" pos="VERB">odgađao</instance>
         <wf lemma="taj" pos="X">taj</wf>
         <wf lemma="dosadni" pos="X">dosadni</wf>
         <wf lemma="posao" pos="X">posao</wf>
         <wf lemma="." pos="X">.</wf>
      </sentence>
      <sentence id="d000.s4933" source="wordnet-croatian">
         <wf lemma="Dvorac" pos="X">Dvorac</wf>
         <wf lemma="je" pos="X">je</wf>
         <wf lemma="imao" pos="X">imao</wf>
         <wf lemma="tri" pos="X">tri</wf>
         <instance id="d000.s4933.t000" lemma="kula" pos="NOUN">kule</instance>
         <wf lemma="i" pos="X">i</wf>
         <wf lemma="na" pos="X">na</wf>
         <wf lemma="svakoj" pos="X">svakoj</wf>
         <wf lemma="od" pos="X">od</wf>
         <wf lemma="njih" pos="X">njih</wf>
         <wf lemma="bili" pos="X">bili</wf>
         <wf lemma="su" pos="X">su</wf>
         <wf lemma="stražari" pos="X">stražari</wf>
         <wf lemma="." pos="X">.</wf>
      </sentence>
      <sentence id="d000.s4934" source="wordnet-croatian">
         <wf lemma="Računalo" pos="X">Računalo</wf>
         <wf lemma="je" pos="X">je</wf>
         <wf lemma="napravilo" pos="X">napravilo</wf>
         <instance id="d000.s4934.t000" lemma="segmentacija" pos="NOUN">segmentaciju</instance>
         <wf lemma="audio" pos="X">audio</wf>
         <wf lemma="uzorka" pos="X">uzorka</wf>
         <wf lemma="." pos="X">.</wf>
      </sentence>
      <sentence id="d000.s4935" source="wordnet-croatian">
         <wf lemma="Osjećaj" pos="X">Osjećaj</wf>
         <instance id="d000.s4935.t000" lemma="zabrinutost" pos="NOUN">zabrinutosti</instance>
         <wf lemma="za" pos="X">za</wf>
         <wf lemma="djecu" pos="X">djecu</wf>
         <wf lemma="teško" pos="X">teško</wf>
         <wf lemma="stradalu" pos="X">stradalu</wf>
         <wf lemma="u" pos="X">u</wf>
         <wf lemma="požaru" pos="X">požaru</wf>
         <wf lemma="pratio" pos="X">pratio</wf>
         <wf lemma="ju" pos="X">ju</wf>
         <wf lemma="je" pos="X">je</wf>
         <wf lemma="još" pos="X">još</wf>
         <wf lemma="danima" pos="X">danima</wf>
         <wf lemma="." pos="X">.</wf>
      </sentence>
      <sentence id="d000.s4936" source="wordnet-croatian">
         <instance id="d000.s4936.t000" lemma="uperiti" pos="VERB">Uperio</instance>
         <wf lemma="je" pos="X">je</wf>
         <wf lemma="svoj" pos="X">svoj</wf>
         <wf lemma="pištolj" pos="X">pištolj</wf>
         <wf lemma="u" pos="X">u</wf>
         <wf lemma="mene" pos="X">mene</wf>
         <wf lemma="." pos="X">.</wf>
      </sentence>
      <sentence id="d000.s4937" source="wordnet-croatian">
         <wf lemma="Možeš" pos="X">Možeš</wf>
         <wf lemma="li" pos="X">li</wf>
         <instance id="d000.s4937.t000" lemma="primiti" pos="VERB">primiti</instance>
         <wf lemma="ovu" pos="X">ovu</wf>
         <wf lemma="torbu" pos="X">torbu</wf>
         <wf lemma="na" pos="X">na</wf>
         <wf lemma="trenutak" pos="X">trenutak</wf>
         <wf lemma="." pos="X">.</wf>
      </sentence>
      <sentence id="d000.s4938" source="wordnet-croatian">
         <instance id="d000.s4938.t000" lemma="završetak" pos="NOUN">Završetak</instance>
         <wf lemma="izgradnje" pos="X">izgradnje</wf>
         <wf lemma="željeznice" pos="X">željeznice</wf>
         <wf lemma="predviđen" pos="X">predviđen</wf>
         <wf lemma="je" pos="X">je</wf>
         <wf lemma="za" pos="X">za</wf>
         <wf lemma="lipanj" pos="X">lipanj</wf>
         <wf lemma="ove" pos="X">ove</wf>
         <wf lemma="godine" pos="X">godine</wf>
         <wf lemma="." pos="X">.</wf>
      </sentence>
      <sentence id="d000.s4939" source="wordnet-croatian">
         <wf lemma="Molila" pos="X">Molila</wf>
         <wf lemma="se" pos="X">se</wf>
         <wf lemma="satima" pos="X">satima</wf>
         <wf lemma="pred" pos="X">pred</wf>
         <instance id="d000.s4939.t000" lemma="kapelica" pos="NOUN">kapelicom</instance>
         <wf lemma="sv." pos="X">sv.</wf>
         <wf lemma="Antuna" pos="X">Antuna</wf>
         <wf lemma="Padovanskog" pos="X">Padovanskog</wf>
         <wf lemma="." pos="X">.</wf>
      </sentence>
      <sentence id="d000.s4940" source="wordnet-croatian">
         <instance id="d000.s4940.t000" lemma="razmještaj" pos="NOUN">Razmještaj</instance>
         <wf lemma="trupa" pos="X">trupa</wf>
         <wf lemma="bio" pos="X">bio</wf>
         <wf lemma="je" pos="X">je</wf>
         <wf lemma="loše" pos="X">loše</wf>
         <wf lemma="organiziran" pos="X">organiziran</wf>
         <wf lemma="." pos="X">.</wf>
      </sentence>
      <sentence id="d000.s4941" source="wordnet-croatian">
         <wf lemma="Ručali" pos="X">Ručali</wf>
         <wf lemma="smo" pos="X">smo</wf>
         <wf lemma="u" pos="X">u</wf>
         <instance id="d000.s4941.t000" lemma="obližnji" pos="ADJ">obližnjem</instance>
         <wf lemma="restoranu" pos="X">restoranu</wf>
         <wf lemma="." pos="X">.</wf>
      </sentence>
      <sentence id="d000.s4942" source="wordnet-croatian">
         <instance id="d000.s4942.t000" lemma="umanjenje" pos="NOUN">Umanjenje</instance>
         <wf lemma="vrijednosti" pos="X">vrijednosti</wf>
         <wf lemma="žita" pos="X">žita</wf>
         <wf lemma="posljedica" pos="X">posljedica</wf>
         <wf lemma="je" pos="X">je</wf>
         <wf lemma="prekomjerne" pos="X">prekomjerne</wf>
         <wf lemma="proizvodnje" pos="X">proizvodnje</wf>
         <wf lemma="." pos="X">.</wf>
      </sentence>
      <sentence id="d000.s4943" source="wordnet-croatian">
         <wf lemma="'" pos="X">'</wf>
         <wf lemma="'" pos="X">'</wf>
         <wf lemma="Vrlo" pos="X">Vrlo</wf>
         <wf lemma="'" pos="X">'</wf>
         <wf lemma="'" pos="X">'</wf>
         <wf lemma="je" pos="X">je</wf>
         <wf lemma="čest" pos="X">čest</wf>
         <instance id="d000.s4943.t000" lemma="intenzifikator" pos="NOUN">intenzifikator</instance>
         <wf lemma="." pos="X">.</wf>
      </sentence>
      <sentence id="d000.s4944" source="wordnet-croatian">
         <wf lemma="Zbog" pos="X">Zbog</wf>
         <instance id="d000.s4944.t000" lemma="usporavanje" pos="NOUN">usporavanja</instance>
         <wf lemma="na" pos="X">na</wf>
         <wf lemma="cesti" pos="X">cesti</wf>
         <wf lemma="policajac" pos="X">policajac</wf>
         <wf lemma="je" pos="X">je</wf>
         <wf lemma="zaustavio" pos="X">zaustavio</wf>
         <wf lemma="bakicu" pos="X">bakicu</wf>
         <wf lemma="." pos="X">.</wf>
      </sentence>
      <sentence id="d000.s4945" source="wordnet-croatian">
         <instance id="d000.s4945.t000" lemma="misaoni" pos="ADJ">Misaoni</instance>
         <wf lemma="rad" pos="X">rad</wf>
         <wf lemma="ne" pos="X">ne</wf>
         <wf lemma="može" pos="X">može</wf>
         <wf lemma="se" pos="X">se</wf>
         <wf lemma="uspoređivati" pos="X">uspoređivati</wf>
         <wf lemma="s" pos="X">s</wf>
         <wf lemma="fizičkim" pos="X">fizičkim</wf>
         <wf lemma="." pos="X">.</wf>
      </sentence>
      <sentence id="d000.s4946" source="wordnet-croatian">
         <wf lemma="Vojnici" pos="X">Vojnici</wf>
         <wf lemma="su" pos="X">su</wf>
         <wf lemma="se" pos="X">se</wf>
         <wf lemma="poredali" pos="X">poredali</wf>
         <wf lemma="u" pos="X">u</wf>
         <instance id="d000.s4946.t000" lemma="vrsta" pos="NOUN">vrstu</instance>
         <wf lemma="." pos="X">.</wf>
      </sentence>
      <sentence id="d000.s4947" source="wordnet-croatian">
         <wf lemma="Razdvajanjem" pos="X">Razdvajanjem</wf>
         <instance id="d000.s4947.t000" lemma="lamina" pos="NOUN">lamina</instance>
         <wf lemma="nastaje" pos="X">nastaje</wf>
         <wf lemma="pukotina" pos="X">pukotina</wf>
         <wf lemma="u" pos="X">u</wf>
         <wf lemma="kosti" pos="X">kosti</wf>
         <wf lemma="." pos="X">.</wf>
      </sentence>
      <sentence id="d000.s4948" source="wordnet-croatian">
         <wf lemma="U" pos="X">U</wf>
         <wf lemma="tropskim" pos="X">tropskim</wf>
         <instance id="d000.s4948.t000" lemma="područje" pos="NOUN">područjima</instance>
         <wf lemma="obitavaju" pos="X">obitavaju</wf>
         <wf lemma="mnoge" pos="X">mnoge</wf>
         <wf lemma="endemične" pos="X">endemične</wf>
         <wf lemma="vrste" pos="X">vrste</wf>
         <wf lemma="." pos="X">.</wf>
      </sentence>
      <sentence id="d000.s4949" source="wordnet-croatian">
         <wf lemma="Bio" pos="X">Bio</wf>
         <wf lemma="je" pos="X">je</wf>
         <wf lemma="vrlo" pos="X">vrlo</wf>
         <instance id="d000.s4949.t000" lemma="aktivan" pos="ADJ">aktivan</instance>
         <wf lemma="u" pos="X">u</wf>
         <wf lemma="svojoj" pos="X">svojoj</wf>
         <wf lemma="političkoj" pos="X">političkoj</wf>
         <wf lemma="stranci" pos="X">stranci</wf>
         <wf lemma="." pos="X">.</wf>
      </sentence>
      <sentence id="d000.s4950" source="wordnet-croatian">
         <wf lemma="Mirko" pos="X">Mirko</wf>
         <wf lemma="i" pos="X">i</wf>
         <wf lemma="Slavko" pos="X">Slavko</wf>
         <wf lemma="se" pos="X">se</wf>
         <wf lemma="tuku" pos="X">tuku</wf>
         <wf lemma="iz" pos="X">iz</wf>
         <instance id="d000.s4950.t000" lemma="užitak" pos="NOUN">užitka</instance>
         <wf lemma="." pos="X">.</wf>
      </sentence>
      <sentence id="d000.s4951" source="wordnet-croatian">
         <wf lemma="Ništa" pos="X">Ništa</wf>
         <wf lemma="ne" pos="X">ne</wf>
         <wf lemma="može" pos="X">može</wf>
         <instance id="d000.s4951.t000" lemma="nadoknaditi" pos="VERB">nadoknaditi</instance>
         <wf lemma="štetu" pos="X">štetu</wf>
         <wf lemma="koju" pos="X">koju</wf>
         <wf lemma="su" pos="X">su</wf>
         <wf lemma="mi" pos="X">mi</wf>
         <wf lemma="počinili" pos="X">počinili</wf>
         <wf lemma="objavljivanjem" pos="X">objavljivanjem</wf>
         <wf lemma="te" pos="X">te</wf>
         <wf lemma="vijesti" pos="X">vijesti</wf>
         <wf lemma="." pos="X">.</wf>
      </sentence>
      <sentence id="d000.s4952" source="wordnet-croatian">
         <instance id="d000.s4952.t000" lemma="spajanje" pos="NOUN">Spajanje</instance>
         <wf lemma="dijelova" pos="X">dijelova</wf>
         <wf lemma="broda" pos="X">broda</wf>
         <wf lemma="mukotrpan" pos="X">mukotrpan</wf>
         <wf lemma="je" pos="X">je</wf>
         <wf lemma="posao" pos="X">posao</wf>
         <wf lemma="." pos="X">.</wf>
      </sentence>
      <sentence id="d000.s4953" source="wordnet-croatian">
         <wf lemma="S" pos="X">S</wf>
         <wf lemma="otkrićem" pos="X">otkrićem</wf>
         <instance id="d000.s4953.t000" lemma="željezo" pos="NOUN">željeza</instance>
         <wf lemma="započinje" pos="X">započinje</wf>
         <wf lemma="novo" pos="X">novo</wf>
         <wf lemma="doba" pos="X">doba</wf>
         <wf lemma="u" pos="X">u</wf>
         <wf lemma="razvoju" pos="X">razvoju</wf>
         <wf lemma="starih" pos="X">starih</wf>
         <wf lemma="civilizacija" pos="X">civilizacija</wf>
         <wf lemma="." pos="X">.</wf>
      </sentence>
      <sentence id="d000.s4954" source="wordnet-croatian">
         <wf lemma="Cijela" pos="X">Cijela</wf>
         <wf lemma="je" pos="X">je</wf>
         <instance id="d000.s4954.t000" lemma="soba" pos="NOUN">soba</instance>
         <wf lemma="pljeskala" pos="X">pljeskala</wf>
         <wf lemma="." pos="X">.</wf>
      </sentence>
      <sentence id="d000.s4955" source="wordnet-croatian">
         <wf lemma="Druidski" pos="X">Druidski</wf>
         <wf lemma="oltari" pos="X">oltari</wf>
         <wf lemma="imaju" pos="X">imaju</wf>
         <instance id="d000.s4955.t000" lemma="udubljenje" pos="NOUN">udubljenja</instance>
         <wf lemma="veličine" pos="X">veličine</wf>
         <wf lemma="današnjih" pos="X">današnjih</wf>
         <wf lemma="zdjela" pos="X">zdjela</wf>
         <wf lemma="za" pos="X">za</wf>
         <wf lemma="miješanje" pos="X">miješanje</wf>
         <wf lemma="." pos="X">.</wf>
      </sentence>
      <sentence id="d000.s4956" source="wordnet-croatian">
         <wf lemma="Njezina" pos="X">Njezina</wf>
         <wf lemma="je" pos="X">je</wf>
         <instance id="d000.s4956.t000" lemma="pokretnost" pos="NOUN">pokretnost</instance>
         <wf lemma="iz" pos="X">iz</wf>
         <wf lemma="mjeseca" pos="X">mjeseca</wf>
         <wf lemma="u" pos="X">u</wf>
         <wf lemma="mjesec" pos="X">mjesec</wf>
         <wf lemma="bivala" pos="X">bivala</wf>
         <wf lemma="sve" pos="X">sve</wf>
         <wf lemma="slabija" pos="X">slabija</wf>
         <wf lemma="." pos="X">.</wf>
      </sentence>
      <sentence id="d000.s4957" source="wordnet-croatian">
         <wf lemma="Djeca" pos="X">Djeca</wf>
         <wf lemma="vole" pos="X">vole</wf>
         <instance id="d000.s4957.t000" lemma="flaster" pos="NOUN">flastere</instance>
         <wf lemma="s" pos="X">s</wf>
         <wf lemma="likovima" pos="X">likovima</wf>
         <wf lemma="iz" pos="X">iz</wf>
         <wf lemma="crtića" pos="X">crtića</wf>
         <wf lemma="." pos="X">.</wf>
      </sentence>
      <sentence id="d000.s4958" source="wordnet-croatian">
         <wf lemma="Svi" pos="X">Svi</wf>
         <wf lemma="su" pos="X">su</wf>
         <wf lemma="je" pos="X">je</wf>
         <wf lemma="doživljavali" pos="X">doživljavali</wf>
         <wf lemma="kao" pos="X">kao</wf>
         <wf lemma="vrlo" pos="X">vrlo</wf>
         <instance id="d000.s4958.t000" lemma="sposoban" pos="ADJ">sposobnu</instance>
         <wf lemma="voditeljicu" pos="X">voditeljicu</wf>
         <wf lemma="." pos="X">.</wf>
      </sentence>
      <sentence id="d000.s4959" source="wordnet-croatian">
         <wf lemma="Ne" pos="X">Ne</wf>
         <wf lemma="možemo" pos="X">možemo</wf>
         <wf lemma="ga" pos="X">ga</wf>
         <wf lemma="potpuno" pos="X">potpuno</wf>
         <wf lemma="okriviti" pos="X">okriviti</wf>
         <wf lemma="jer" pos="X">jer</wf>
         <wf lemma="nemamo" pos="X">nemamo</wf>
         <wf lemma="opipljiv" pos="X">opipljiv</wf>
         <instance id="d000.s4959.t000" lemma="dokaz" pos="NOUN">dokaz</instance>
         <wf lemma="." pos="X">.</wf>
      </sentence>
      <sentence id="d000.s4960" source="wordnet-croatian">
         <wf lemma="Jesi" pos="X">Jesi</wf>
         <wf lemma="kad" pos="X">kad</wf>
         <instance id="d000.s4960.t000" lemma="jahati" pos="VERB">jahao</instance>
         <wf lemma="divljeg" pos="X">divljeg</wf>
         <wf lemma="konja" pos="X">konja</wf>
         <wf lemma="?" pos="X">?</wf>
      </sentence>
      <sentence id="d000.s4961" source="wordnet-croatian">
         <wf lemma="Dječak" pos="X">Dječak</wf>
         <wf lemma="je" pos="X">je</wf>
         <wf lemma="bio" pos="X">bio</wf>
         <wf lemma="prava" pos="X">prava</wf>
         <wf lemma="mala" pos="X">mala</wf>
         <instance id="d000.s4961.t000" lemma="inačica" pos="NOUN">inačica</instance>
         <wf lemma="svoga" pos="X">svoga</wf>
         <wf lemma="oca" pos="X">oca</wf>
         <wf lemma="." pos="X">.</wf>
      </sentence>
      <sentence id="d000.s4962" source="wordnet-croatian">
         <instance id="d000.s4962.t000" lemma="praseodimij" pos="NOUN">Praseodimij</instance>
         <wf lemma="boja" pos="X">boja</wf>
         <wf lemma="staklo" pos="X">staklo</wf>
         <wf lemma="u" pos="X">u</wf>
         <wf lemma="čisto" pos="X">čisto</wf>
         <wf lemma="žutu" pos="X">žutu</wf>
         <wf lemma="boju" pos="X">boju</wf>
         <wf lemma="." pos="X">.</wf>
      </sentence>
      <sentence id="d000.s4963" source="wordnet-croatian">
         <wf lemma="Svi" pos="X">Svi</wf>
         <wf lemma="su" pos="X">su</wf>
         <wf lemma="se" pos="X">se</wf>
         <wf lemma="divili" pos="X">divili</wf>
         <instance id="d000.s4963.t000" lemma="istančanost" pos="NOUN">istančanosti</instance>
         <wf lemma="detalja" pos="X">detalja</wf>
         <wf lemma="na" pos="X">na</wf>
         <wf lemma="slici" pos="X">slici</wf>
         <wf lemma="." pos="X">.</wf>
      </sentence>
      <sentence id="d000.s4964" source="wordnet-croatian">
         <wf lemma="Ispod" pos="X">Ispod</wf>
         <wf lemma="vjenčanice" pos="X">vjenčanice</wf>
         <wf lemma="imala" pos="X">imala</wf>
         <wf lemma="je" pos="X">je</wf>
         <instance id="d000.s4964.t000" lemma="podsuknja" pos="NOUN">podsuknju</instance>
         <wf lemma="sa" pos="X">sa</wf>
         <wf lemma="širokim" pos="X">širokim</wf>
         <wf lemma="obručima" pos="X">obručima</wf>
         <wf lemma="." pos="X">.</wf>
      </sentence>
      <sentence id="d000.s4965" source="wordnet-croatian">
         <wf lemma="Tko" pos="X">Tko</wf>
         <wf lemma="ne" pos="X">ne</wf>
         <wf lemma="voli" pos="X">voli</wf>
         <wf lemma="miris" pos="X">miris</wf>
         <wf lemma="svježe" pos="X">svježe</wf>
         <wf lemma="oprane" pos="X">oprane</wf>
         <instance id="d000.s4965.t000" lemma="krevetnina" pos="NOUN">krevetnine</instance>
         <wf lemma="?" pos="X">?</wf>
      </sentence>
      <sentence id="d000.s4966" source="wordnet-croatian">
         <wf lemma="Nagazio" pos="X">Nagazio</wf>
         <wf lemma="je" pos="X">je</wf>
         <wf lemma="na" pos="X">na</wf>
         <instance id="d000.s4966.t000" lemma="gas" pos="NOUN">gas</instance>
         <wf lemma="i" pos="X">i</wf>
         <wf lemma="pobjegao" pos="X">pobjegao</wf>
         <wf lemma="policiji" pos="X">policiji</wf>
         <wf lemma="." pos="X">.</wf>
      </sentence>
      <sentence id="d000.s4967" source="wordnet-croatian">
         <wf lemma="Bio" pos="X">Bio</wf>
         <wf lemma="je" pos="X">je</wf>
         <instance id="d000.s4967.t000" lemma="nemaran" pos="ADJ">nemaran</instance>
         <wf lemma="domaćin" pos="X">domaćin</wf>
         <wf lemma="." pos="X">.</wf>
      </sentence>
      <sentence id="d000.s4968" source="wordnet-croatian">
         <wf lemma="Policija" pos="X">Policija</wf>
         <wf lemma="je" pos="X">je</wf>
         <wf lemma="pratila" pos="X">pratila</wf>
         <wf lemma="obećavajući" pos="X">obećavajući</wf>
         <instance id="d000.s4968.t000" lemma="trag" pos="NOUN">trag</instance>
         <wf lemma="." pos="X">.</wf>
      </sentence>
      <sentence id="d000.s4969" source="wordnet-croatian">
         <wf lemma="Dječak" pos="X">Dječak</wf>
         <wf lemma="je" pos="X">je</wf>
         <instance id="d000.s4969.t000" lemma="puštati" pos="VERB">puštao</instance>
         <wf lemma="brodiće" pos="X">brodiće</wf>
         <wf lemma="niz" pos="X">niz</wf>
         <wf lemma="potok" pos="X">potok</wf>
         <wf lemma="." pos="X">.</wf>
      </sentence>
      <sentence id="d000.s4970" source="wordnet-croatian">
         <wf lemma="Zbog" pos="X">Zbog</wf>
         <instance id="d000.s4970.t000" lemma="dopadljivost" pos="NOUN">dopadljivosti</instance>
         <wf lemma="i" pos="X">i</wf>
         <wf lemma="očijukanja" pos="X">očijukanja</wf>
         <wf lemma="s" pos="X">s</wf>
         <wf lemma="muškarcima" pos="X">muškarcima</wf>
         <wf lemma="nije" pos="X">nije</wf>
         <wf lemma="imala" pos="X">imala</wf>
         <wf lemma="pravu" pos="X">pravu</wf>
         <wf lemma="prijateljicu" pos="X">prijateljicu</wf>
         <wf lemma="." pos="X">.</wf>
      </sentence>
      <sentence id="d000.s4971" source="wordnet-croatian">
         <wf lemma="Želim" pos="X">Želim</wf>
         <instance id="d000.s4971.t000" lemma="vidjeti" pos="VERB">vidjeti</instance>
         <wf lemma="rezultate" pos="X">rezultate</wf>
         <wf lemma="natječaja" pos="X">natječaja</wf>
         <wf lemma="." pos="X">.</wf>
      </sentence>
      <sentence id="d000.s4972" source="wordnet-croatian">
         <wf lemma="Dobio" pos="X">Dobio</wf>
         <wf lemma="je" pos="X">je</wf>
         <wf lemma="novi" pos="X">novi</wf>
         <instance id="d000.s4972.t000" lemma="zvrk" pos="NOUN">zvrk</instance>
         <wf lemma="za" pos="X">za</wf>
         <wf lemma="rođendan" pos="X">rođendan</wf>
         <wf lemma="." pos="X">.</wf>
      </sentence>
      <sentence id="d000.s4973" source="wordnet-croatian">
         <wf lemma="Uvijek" pos="X">Uvijek</wf>
         <wf lemma="je" pos="X">je</wf>
         <wf lemma="birala" pos="X">birala</wf>
         <wf lemma="haljine" pos="X">haljine</wf>
         <wf lemma="od" pos="X">od</wf>
         <wf lemma="finog" pos="X">finog</wf>
         <instance id="d000.s4973.t000" lemma="materijal" pos="NOUN">materijala</instance>
         <wf lemma="." pos="X">.</wf>
      </sentence>
      <sentence id="d000.s4974" source="wordnet-croatian">
         <wf lemma="Bila" pos="X">Bila</wf>
         <wf lemma="je" pos="X">je</wf>
         <wf lemma="prisutna" pos="X">prisutna</wf>
         <wf lemma="na" pos="X">na</wf>
         <wf lemma="svim" pos="X">svim</wf>
         <wf lemma="važnijim" pos="X">važnijim</wf>
         <instance id="d000.s4974.t000" lemma="događanje" pos="NOUN">događanjima</instance>
         <wf lemma="prošle" pos="X">prošle</wf>
         <wf lemma="godine" pos="X">godine</wf>
         <wf lemma="." pos="X">.</wf>
      </sentence>
      <sentence id="d000.s4975" source="wordnet-croatian">
         <wf lemma="Djecu" pos="X">Djecu</wf>
         <wf lemma="privlače" pos="X">privlače</wf>
         <wf lemma="šareni" pos="X">šareni</wf>
         <instance id="d000.s4975.t000" lemma="omot" pos="NOUN">omoti</instance>
         <wf lemma="bombona" pos="X">bombona</wf>
         <wf lemma="." pos="X">.</wf>
      </sentence>
      <sentence id="d000.s4976" source="wordnet-croatian">
         <wf lemma="Naši" pos="X">Naši</wf>
         <wf lemma="su" pos="X">su</wf>
         <wf lemma="se" pos="X">se</wf>
         <instance id="d000.s4976.t000" lemma="muzičar" pos="NOUN">muzičari</instance>
         <wf lemma="već" pos="X">već</wf>
         <wf lemma="nekoliko" pos="X">nekoliko</wf>
         <wf lemma="puta" pos="X">puta</wf>
         <wf lemma="žalili" pos="X">žalili</wf>
         <wf lemma="na" pos="X">na</wf>
         <wf lemma="visoke" pos="X">visoke</wf>
         <wf lemma="poreze" pos="X">poreze</wf>
         <wf lemma="." pos="X">.</wf>
      </sentence>
      <sentence id="d000.s4977" source="wordnet-croatian">
         <instance id="d000.s4977.t000" lemma="bespomoćnost" pos="NOUN">Bespomoćnost</instance>
         <wf lemma="pred" pos="X">pred</wf>
         <wf lemma="lošim" pos="X">lošim</wf>
         <wf lemma="zakonima" pos="X">zakonima</wf>
         <wf lemma="nije" pos="X">nije</wf>
         <wf lemma="obeshrabrila" pos="X">obeshrabrila</wf>
         <wf lemma="njihovu" pos="X">njihovu</wf>
         <wf lemma="malu" pos="X">malu</wf>
         <wf lemma="skupinu" pos="X">skupinu</wf>
         <wf lemma="." pos="X">.</wf>
      </sentence>
      <sentence id="d000.s4978" source="wordnet-croatian">
         <wf lemma="Izbor" pos="X">Izbor</wf>
         <wf lemma="je" pos="X">je</wf>
         <wf lemma="stila" pos="X">stila</wf>
         <instance id="d000.s4978.t000" lemma="individualan" pos="ADJ">individualan</instance>
         <wf lemma="." pos="X">.</wf>
      </sentence>
      <sentence id="d000.s4979" source="wordnet-croatian">
         <instance id="d000.s4979.t000" lemma="termometar" pos="NOUN">Termometar</instance>
         <wf lemma="je" pos="X">je</wf>
         <wf lemma="pokazivao" pos="X">pokazivao</wf>
         <wf lemma="temperaturu" pos="X">temperaturu</wf>
         <wf lemma="od" pos="X">od</wf>
         <wf lemma="40" pos="X">40</wf>
         <wf lemma="°C" pos="X">°C</wf>
         <wf lemma="u" pos="X">u</wf>
         <wf lemma="hladu" pos="X">hladu</wf>
         <wf lemma="." pos="X">.</wf>
      </sentence>
      <sentence id="d000.s4980" source="wordnet-croatian">
         <wf lemma="Već" pos="X">Već</wf>
         <wf lemma="mu" pos="X">mu</wf>
         <wf lemma="je" pos="X">je</wf>
         <wf lemma="u" pos="X">u</wf>
         <wf lemma="trećem" pos="X">trećem</wf>
         <wf lemma="potezu" pos="X">potezu</wf>
         <wf lemma="pojeo" pos="X">pojeo</wf>
         <instance id="d000.s4980.t000" lemma="konj" pos="NOUN">konja</instance>
         <wf lemma="." pos="X">.</wf>
      </sentence>
      <sentence id="d000.s4981" source="wordnet-croatian">
         <wf lemma="Molim" pos="X">Molim</wf>
         <wf lemma="te" pos="X">te</wf>
         <wf lemma="," pos="X">,</wf>
         <instance id="d000.s4981.t000" lemma="ohladiti" pos="VERB">ohladi</instance>
         <wf lemma="vino" pos="X">vino</wf>
         <wf lemma="na" pos="X">na</wf>
         <wf lemma="propisanu" pos="X">propisanu</wf>
         <wf lemma="temperaturu" pos="X">temperaturu</wf>
         <wf lemma="." pos="X">.</wf>
      </sentence>
      <sentence id="d000.s4982" source="wordnet-croatian">
         <instance id="d000.s4982.t000" lemma="pronalazak" pos="NOUN">Pronalazak</instance>
         <wf lemma="cjepiva" pos="X">cjepiva</wf>
         <wf lemma="preokrenuo" pos="X">preokrenuo</wf>
         <wf lemma="je" pos="X">je</wf>
         <wf lemma="metode" pos="X">metode</wf>
         <wf lemma="liječenja" pos="X">liječenja</wf>
         <wf lemma="bakterijskih" pos="X">bakterijskih</wf>
         <wf lemma="bolesti" pos="X">bolesti</wf>
         <wf lemma="." pos="X">.</wf>
      </sentence>
      <sentence id="d000.s4983" source="wordnet-croatian">
         <wf lemma="Molim" pos="X">Molim</wf>
         <wf lemma="te" pos="X">te</wf>
         <wf lemma="," pos="X">,</wf>
         <instance id="d000.s4983.t000" lemma="zabilježiti" pos="VERB">zabilježi</instance>
         <wf lemma="imena" pos="X">imena</wf>
         <wf lemma="svih" pos="X">svih</wf>
         <wf lemma="gostiju" pos="X">gostiju</wf>
         <wf lemma="." pos="X">.</wf>
      </sentence>
      <sentence id="d000.s4984" source="wordnet-croatian">
         <wf lemma="Stavila" pos="X">Stavila</wf>
         <wf lemma="je" pos="X">je</wf>
         <wf lemma="čiste" pos="X">čiste</wf>
         <instance id="d000.s4984.t000" lemma="prostirka" pos="NOUN">prostirke</instance>
         <wf lemma="na" pos="X">na</wf>
         <wf lemma="krevete" pos="X">krevete</wf>
         <wf lemma="u" pos="X">u</wf>
         <wf lemma="gostinjskoj" pos="X">gostinjskoj</wf>
         <wf lemma="sobi" pos="X">sobi</wf>
         <wf lemma="." pos="X">.</wf>
      </sentence>
      <sentence id="d000.s4985" source="wordnet-croatian">
         <wf lemma="Haljina" pos="X">Haljina</wf>
         <wf lemma="joj" pos="X">joj</wf>
         <wf lemma="se" pos="X">se</wf>
         <instance id="d000.s4985.t000" lemma="izgužvati" pos="VERB">izgužvala</instance>
         <wf lemma="," pos="X">,</wf>
         <wf lemma="pa" pos="X">pa</wf>
         <wf lemma="ju" pos="X">ju</wf>
         <wf lemma="je" pos="X">je</wf>
         <wf lemma="morala" pos="X">morala</wf>
         <wf lemma="izglačati" pos="X">izglačati</wf>
         <wf lemma="prije" pos="X">prije</wf>
         <wf lemma="izlaska" pos="X">izlaska</wf>
         <wf lemma="." pos="X">.</wf>
      </sentence>
      <sentence id="d000.s4986" source="wordnet-croatian">
         <instance id="d000.s4986.t000" lemma="prisjećanje" pos="NOUN">Prisjećanje</instance>
         <wf lemma="sretnih" pos="X">sretnih</wf>
         <wf lemma="događaja" pos="X">događaja</wf>
         <wf lemma="može" pos="X">može</wf>
         <wf lemma="u" pos="X">u</wf>
         <wf lemma="trenutku" pos="X">trenutku</wf>
         <wf lemma="popraviti" pos="X">popraviti</wf>
         <wf lemma="raspoloženje" pos="X">raspoloženje</wf>
         <wf lemma="." pos="X">.</wf>
      </sentence>
      <sentence id="d000.s4987" source="wordnet-croatian">
         <wf lemma="U" pos="X">U</wf>
         <instance id="d000.s4987.t000" lemma="okršaj" pos="NOUN">okršaju</instance>
         <wf lemma="na" pos="X">na</wf>
         <wf lemma="utakmici" pos="X">utakmici</wf>
         <wf lemma="nije" pos="X">nije</wf>
         <wf lemma="bilo" pos="X">bilo</wf>
         <wf lemma="stradalih" pos="X">stradalih</wf>
         <wf lemma="." pos="X">.</wf>
      </sentence>
      <sentence id="d000.s4988" source="wordnet-croatian">
         <wf lemma="Stao" pos="X">Stao</wf>
         <wf lemma="je" pos="X">je</wf>
         <wf lemma="na" pos="X">na</wf>
         <instance id="d000.s4988.t000" lemma="trambulin" pos="NOUN">trambulin</instance>
         <wf lemma="i" pos="X">i</wf>
         <wf lemma="uspješno" pos="X">uspješno</wf>
         <wf lemma="izveo" pos="X">izveo</wf>
         <wf lemma="ambiciozan" pos="X">ambiciozan</wf>
         <wf lemma="skok" pos="X">skok</wf>
         <wf lemma="." pos="X">.</wf>
      </sentence>
      <sentence id="d000.s4989" source="wordnet-croatian">
         <wf lemma="U" pos="X">U</wf>
         <wf lemma="toj" pos="X">toj</wf>
         <wf lemma="se" pos="X">se</wf>
         <wf lemma="knjizi" pos="X">knjizi</wf>
         <wf lemma="govori" pos="X">govori</wf>
         <wf lemma="o" pos="X">o</wf>
         <instance id="d000.s4989.t000" lemma="nebitnost" pos="NOUN">nebitnosti</instance>
         <wf lemma="granica" pos="X">granica</wf>
         <wf lemma="u" pos="X">u</wf>
         <wf lemma="današnjoj" pos="X">današnjoj</wf>
         <wf lemma="Europi" pos="X">Europi</wf>
         <wf lemma="." pos="X">.</wf>
      </sentence>
      <sentence id="d000.s4990" source="wordnet-croatian">
         <wf lemma="Došao" pos="X">Došao</wf>
         <wf lemma="je" pos="X">je</wf>
         <wf lemma="dimnjačar" pos="X">dimnjačar</wf>
         <wf lemma="i" pos="X">i</wf>
         <wf lemma="očistio" pos="X">očistio</wf>
         <wf lemma="nam" pos="X">nam</wf>
         <instance id="d000.s4990.t000" lemma="dimnjak" pos="NOUN">dimnjak</instance>
         <wf lemma="." pos="X">.</wf>
      </sentence>
      <sentence id="d000.s4991" source="wordnet-croatian">
         <wf lemma="Skijali" pos="X">Skijali</wf>
         <wf lemma="su" pos="X">su</wf>
         <wf lemma="po" pos="X">po</wf>
         <instance id="d000.s4991.t000" lemma="površina" pos="NOUN">površini</instance>
         <wf lemma="mora" pos="X">mora</wf>
         <wf lemma="." pos="X">.</wf>
      </sentence>
      <sentence id="d000.s4992" source="wordnet-croatian">
         <wf lemma="Temperature" pos="X">Temperature</wf>
         <wf lemma="zraka" pos="X">zraka</wf>
         <wf lemma="iznad" pos="X">iznad</wf>
         <wf lemma="30" pos="X">30</wf>
         <instance id="d000.s4992.t000" lemma="stupanj" pos="NOUN">stupnjeva</instance>
         <wf lemma="Celzijusa" pos="X">Celzijusa</wf>
         <wf lemma="utječu" pos="X">utječu</wf>
         <wf lemma="na" pos="X">na</wf>
         <wf lemma="zdravlje" pos="X">zdravlje</wf>
         <wf lemma="ljudi" pos="X">ljudi</wf>
         <wf lemma="." pos="X">.</wf>
      </sentence>
      <sentence id="d000.s4993" source="wordnet-croatian">
         <wf lemma="Kuhar" pos="X">Kuhar</wf>
         <wf lemma="je" pos="X">je</wf>
         <instance id="d000.s4993.t000" lemma="zgusnuti" pos="VERB">zgusnuo</instance>
         <wf lemma="umak" pos="X">umak</wf>
         <wf lemma="dugo" pos="X">dugo</wf>
         <wf lemma="ga" pos="X">ga</wf>
         <wf lemma="pirjajući" pos="X">pirjajući</wf>
         <wf lemma="na" pos="X">na</wf>
         <wf lemma="laganoj" pos="X">laganoj</wf>
         <wf lemma="vatri" pos="X">vatri</wf>
         <wf lemma="." pos="X">.</wf>
      </sentence>
      <sentence id="d000.s4994" source="wordnet-croatian">
         <wf lemma="Za" pos="X">Za</wf>
         <wf lemma="okrugli" pos="X">okrugli</wf>
         <instance id="d000.s4994.t000" lemma="stol" pos="NOUN">stol</instance>
         <wf lemma="stane" pos="X">stane</wf>
         <wf lemma="više" pos="X">više</wf>
         <wf lemma="ljudi" pos="X">ljudi</wf>
         <wf lemma="nego" pos="X">nego</wf>
         <wf lemma="za" pos="X">za</wf>
         <wf lemma="četvrtasti" pos="X">četvrtasti</wf>
         <wf lemma="." pos="X">.</wf>
      </sentence>
      <sentence id="d000.s4995" source="wordnet-croatian">
         <instance id="d000.s4995.t000" lemma="pravičnost" pos="NOUN">Pravičnost</instance>
         <wf lemma="je" pos="X">je</wf>
         <wf lemma="za" pos="X">za</wf>
         <wf lemma="njega" pos="X">njega</wf>
         <wf lemma="najbitnija" pos="X">najbitnija</wf>
         <wf lemma="." pos="X">.</wf>
      </sentence>
      <sentence id="d000.s4996" source="wordnet-croatian">
         <wf lemma="Sastanak" pos="X">Sastanak</wf>
         <wf lemma="predsjednika" pos="X">predsjednika</wf>
         <instance id="d000.s4996.t000" lemma="učvrstiti" pos="VERB">učvrstio</instance>
         <wf lemma="je" pos="X">je</wf>
         <wf lemma="dobre" pos="X">dobre</wf>
         <wf lemma="odnose" pos="X">odnose</wf>
         <wf lemma="između" pos="X">između</wf>
         <wf lemma="njihovih" pos="X">njihovih</wf>
         <wf lemma="zemalja" pos="X">zemalja</wf>
         <wf lemma="." pos="X">.</wf>
      </sentence>
      <sentence id="d000.s4997" source="wordnet-croatian">
         <wf lemma="Turistička" pos="X">Turistička</wf>
         <instance id="d000.s4997.t000" lemma="ruta" pos="NOUN">ruta</instance>
         <wf lemma="putnike" pos="X">putnike</wf>
         <wf lemma="vodi" pos="X">vodi</wf>
         <wf lemma="preko" pos="X">preko</wf>
         <wf lemma="najvećih" pos="X">najvećih</wf>
         <wf lemma="arheoloških" pos="X">arheoloških</wf>
         <wf lemma="nalazišta" pos="X">nalazišta</wf>
         <wf lemma="." pos="X">.</wf>
      </sentence>
      <sentence id="d000.s4998" source="wordnet-croatian">
         <wf lemma="Djeca" pos="X">Djeca</wf>
         <wf lemma="me" pos="X">me</wf>
         <wf lemma="stalno" pos="X">stalno</wf>
         <instance id="d000.s4998.t000" lemma="nazivati" pos="VERB">nazivaju</instance>
         <wf lemma="ljenjivcem" pos="X">ljenjivcem</wf>
         <wf lemma="i" pos="X">i</wf>
         <wf lemma="tjeraju" pos="X">tjeraju</wf>
         <wf lemma="da" pos="X">da</wf>
         <wf lemma="ustanem" pos="X">ustanem</wf>
         <wf lemma="s" pos="X">s</wf>
         <wf lemma="kauča" pos="X">kauča</wf>
         <wf lemma="." pos="X">.</wf>
      </sentence>
      <sentence id="d000.s4999" source="wordnet-croatian">
         <wf lemma="Nemoj" pos="X">Nemoj</wf>
         <wf lemma="me" pos="X">me</wf>
         <instance id="d000.s4999.t000" lemma="navoditi" pos="VERB">navoditi</instance>
         <wf lemma="na" pos="X">na</wf>
         <wf lemma="grijeh" pos="X">grijeh</wf>
         <wf lemma="." pos="X">.</wf>
      </sentence>
      <sentence id="d000.s5000" source="wordnet-croatian">
         <instance id="d000.s5000.t000" lemma="uzrečica" pos="NOUN">Uzrečica</instance>
         <wf lemma="'" pos="X">'</wf>
         <wf lemma="dok" pos="X">dok</wf>
         <wf lemma="si" pos="X">si</wf>
         <wf lemma="reko" pos="X">reko</wf>
         <wf lemma="keks" pos="X">keks</wf>
         <wf lemma="'" pos="X">'</wf>
         <wf lemma="kao" pos="X">kao</wf>
         <wf lemma="da" pos="X">da</wf>
         <wf lemma="pomalo" pos="X">pomalo</wf>
         <wf lemma="izlazi" pos="X">izlazi</wf>
         <wf lemma="iz" pos="X">iz</wf>
         <wf lemma="mode" pos="X">mode</wf>
         <wf lemma="među" pos="X">među</wf>
         <wf lemma="mladima" pos="X">mladima</wf>
         <wf lemma="." pos="X">.</wf>
      </sentence>
      <sentence id="d000.s5001" source="wordnet-croatian">
         <wf lemma="Njemu" pos="X">Njemu</wf>
         <instance id="d000.s5001.t000" lemma="nedostajati" pos="VERB">nedostaje</instance>
         <wf lemma="brižna" pos="X">brižna</wf>
         <wf lemma="ruka" pos="X">ruka</wf>
         <wf lemma="njegove" pos="X">njegove</wf>
         <wf lemma="majke" pos="X">majke</wf>
         <wf lemma="." pos="X">.</wf>
      </sentence>
      <sentence id="d000.s5002" source="wordnet-croatian">
         <wf lemma="Srčano" pos="X">Srčano</wf>
         <wf lemma="i" pos="X">i</wf>
         <wf lemma="beskompromisno" pos="X">beskompromisno</wf>
         <wf lemma="zagovarao" pos="X">zagovarao</wf>
         <wf lemma="je" pos="X">je</wf>
         <instance id="d000.s5002.t000" lemma="primjena" pos="NOUN">primjenu</instance>
         <wf lemma="statističkih" pos="X">statističkih</wf>
         <wf lemma="metoda" pos="X">metoda</wf>
         <wf lemma="u" pos="X">u</wf>
         <wf lemma="lingvistici" pos="X">lingvistici</wf>
         <wf lemma="." pos="X">.</wf>
      </sentence>
      <sentence id="d000.s5003" source="wordnet-croatian">
         <wf lemma="Dobio" pos="X">Dobio</wf>
         <wf lemma="sam" pos="X">sam</wf>
         <wf lemma="same" pos="X">same</wf>
         <instance id="d000.s5003.t000" lemma="slika" pos="NOUN">slike</instance>
         <wf lemma="," pos="X">,</wf>
         <wf lemma="a" pos="X">a</wf>
         <wf lemma="niti" pos="X">niti</wf>
         <wf lemma="jednu" pos="X">jednu</wf>
         <wf lemma="desetku" pos="X">desetku</wf>
         <wf lemma="ili" pos="X">ili</wf>
         <wf lemma="asa" pos="X">asa</wf>
         <wf lemma="." pos="X">.</wf>
      </sentence>
      <sentence id="d000.s5004" source="wordnet-croatian">
         <instance id="d000.s5004.t000" lemma="naseljavanje" pos="NOUN">Naseljavanje</instance>
         <wf lemma="obale" pos="X">obale</wf>
         <wf lemma="veoma" pos="X">veoma</wf>
         <wf lemma="se" pos="X">se</wf>
         <wf lemma="rano" pos="X">rano</wf>
         <wf lemma="dogodilo" pos="X">dogodilo</wf>
         <wf lemma="." pos="X">.</wf>
      </sentence>
      <sentence id="d000.s5005" source="wordnet-croatian">
         <wf lemma="Njezino" pos="X">Njezino</wf>
         <wf lemma="je" pos="X">je</wf>
         <wf lemma="drhtanje" pos="X">drhtanje</wf>
         <wf lemma="bilo" pos="X">bilo</wf>
         <wf lemma="jasan" pos="X">jasan</wf>
         <instance id="d000.s5005.t000" lemma="dokaz" pos="NOUN">dokaz</instance>
         <wf lemma="straha" pos="X">straha</wf>
         <wf lemma="." pos="X">.</wf>
      </sentence>
      <sentence id="d000.s5006" source="wordnet-croatian">
         <wf lemma="Nije" pos="X">Nije</wf>
         <wf lemma="bilo" pos="X">bilo</wf>
         <wf lemma="trave" pos="X">trave</wf>
         <wf lemma="," pos="X">,</wf>
         <wf lemma="pa" pos="X">pa</wf>
         <wf lemma="sam" pos="X">sam</wf>
         <wf lemma="nabavio" pos="X">nabavio</wf>
         <instance id="d000.s5006.t000" lemma="šit" pos="NOUN">šit</instance>
         <wf lemma="." pos="X">.</wf>
      </sentence>
      <sentence id="d000.s5007" source="wordnet-croatian">
         <wf lemma="Ispod" pos="X">Ispod</wf>
         <instance id="d000.s5007.t000" lemma="krma" pos="NOUN">krme</instance>
         <wf lemma="nalazilo" pos="X">nalazilo</wf>
         <wf lemma="se" pos="X">se</wf>
         <wf lemma="maleno" pos="X">maleno</wf>
         <wf lemma="spremište" pos="X">spremište</wf>
         <wf lemma="." pos="X">.</wf>
      </sentence>
      <sentence id="d000.s5008" source="wordnet-croatian">
         <wf lemma="Neke" pos="X">Neke</wf>
         <wf lemma="se" pos="X">se</wf>
         <wf lemma="vrste" pos="X">vrste</wf>
         <wf lemma="morskih" pos="X">morskih</wf>
         <wf lemma="pasa" pos="X">pasa</wf>
         <wf lemma="hrane" pos="X">hrane</wf>
         <wf lemma="isključivo" pos="X">isključivo</wf>
         <instance id="d000.s5008.t000" lemma="plankton" pos="NOUN">planktonom</instance>
         <wf lemma="." pos="X">.</wf>
      </sentence>
      <sentence id="d000.s5009" source="wordnet-croatian">
         <instance id="d000.s5009.t000" lemma="ostajati" pos="VERB">Ostajala</instance>
         <wf lemma="je" pos="X">je</wf>
         <wf lemma="hladna" pos="X">hladna</wf>
         <wf lemma="na" pos="X">na</wf>
         <wf lemma="njegove" pos="X">njegove</wf>
         <wf lemma="zahtjeve" pos="X">zahtjeve</wf>
         <wf lemma="." pos="X">.</wf>
      </sentence>
      <sentence id="d000.s5010" source="wordnet-croatian">
         <wf lemma="Znanstvena" pos="X">Znanstvena</wf>
         <wf lemma="istraživanja" pos="X">istraživanja</wf>
         <wf lemma="pokazuju" pos="X">pokazuju</wf>
         <wf lemma="da" pos="X">da</wf>
         <wf lemma="psihopate" pos="X">psihopate</wf>
         <wf lemma="odaju" pos="X">odaju</wf>
         <wf lemma="govor" pos="X">govor</wf>
         <wf lemma="," pos="X">,</wf>
         <wf lemma="manjak" pos="X">manjak</wf>
         <wf lemma="empatije" pos="X">empatije</wf>
         <wf lemma="i" pos="X">i</wf>
         <instance id="d000.s5010.t000" lemma="samoljublje" pos="NOUN">samoljublje</instance>
         <wf lemma="." pos="X">.</wf>
      </sentence>
      <sentence id="d000.s5011" source="wordnet-croatian">
         <wf lemma="Student" pos="X">Student</wf>
         <wf lemma="je" pos="X">je</wf>
         <wf lemma="morao" pos="X">morao</wf>
         <instance id="d000.s5011.t000" lemma="preraditi" pos="VERB">preraditi</instance>
         <wf lemma="svoj" pos="X">svoj</wf>
         <wf lemma="rad" pos="X">rad</wf>
         <wf lemma="." pos="X">.</wf>
      </sentence>
      <sentence id="d000.s5012" source="wordnet-croatian">
         <wf lemma="Kupila" pos="X">Kupila</wf>
         <wf lemma="je" pos="X">je</wf>
         <wf lemma="novo" pos="X">novo</wf>
         <instance id="d000.s5012.t000" lemma="šišmiš-odijelo" pos="NOUN">šišmiš-odijelo</instance>
         <wf lemma="." pos="X">.</wf>
      </sentence>
      <sentence id="d000.s5013" source="wordnet-croatian">
         <wf lemma="Uvijek" pos="X">Uvijek</wf>
         <wf lemma="je" pos="X">je</wf>
         <wf lemma="prije" pos="X">prije</wf>
         <wf lemma="spavanja" pos="X">spavanja</wf>
         <wf lemma="volio" pos="X">volio</wf>
         <wf lemma="pojesti" pos="X">pojesti</wf>
         <instance id="d000.s5013.t000" lemma="komad" pos="NOUN">komad</instance>
         <wf lemma="torte" pos="X">torte</wf>
         <wf lemma="." pos="X">.</wf>
      </sentence>
      <sentence id="d000.s5014" source="wordnet-croatian">
         <wf lemma="Svoje" pos="X">Svoje</wf>
         <wf lemma="je" pos="X">je</wf>
         <wf lemma="viđenje" pos="X">viđenje</wf>
         <wf lemma="svijeta" pos="X">svijeta</wf>
         <wf lemma="temeljio" pos="X">temeljio</wf>
         <wf lemma="isključivo" pos="X">isključivo</wf>
         <wf lemma="na" pos="X">na</wf>
         <wf lemma="vlastitim" pos="X">vlastitim</wf>
         <instance id="d000.s5014.t000" lemma="opažaj" pos="NOUN">opažajima</instance>
         <wf lemma="." pos="X">.</wf>
      </sentence>
      <sentence id="d000.s5015" source="wordnet-croatian">
         <wf lemma="Teško" pos="X">Teško</wf>
         <wf lemma="je" pos="X">je</wf>
         <instance id="d000.s5015.t000" lemma="dresirati" pos="VERB">dresirati</instance>
         <wf lemma="psa" pos="X">psa</wf>
         <wf lemma="." pos="X">.</wf>
      </sentence>
      <sentence id="d000.s5016" source="wordnet-croatian">
         <wf lemma="Kupio" pos="X">Kupio</wf>
         <wf lemma="je" pos="X">je</wf>
         <wf lemma="sinu" pos="X">sinu</wf>
         <wf lemma="svjetleći" pos="X">svjetleći</wf>
         <instance id="d000.s5016.t000" lemma="globus" pos="NOUN">globus</instance>
         <wf lemma="." pos="X">.</wf>
      </sentence>
      <sentence id="d000.s5017" source="wordnet-croatian">
         <wf lemma="Jučer" pos="X">Jučer</wf>
         <wf lemma="smo" pos="X">smo</wf>
         <instance id="d000.s5017.t000" lemma="porinuti" pos="VERB">porinuli</instance>
         <wf lemma="brod" pos="X">brod</wf>
         <wf lemma="u" pos="X">u</wf>
         <wf lemma="more" pos="X">more</wf>
         <wf lemma="." pos="X">.</wf>
      </sentence>
      <sentence id="d000.s5018" source="wordnet-croatian">
         <wf lemma="Ucviljena" pos="X">Ucviljena</wf>
         <wf lemma="udovica" pos="X">udovica</wf>
         <wf lemma="koprenom" pos="X">koprenom</wf>
         <wf lemma="je" pos="X">je</wf>
         <instance id="d000.s5018.t000" lemma="prekrivati" pos="VERB">prekrivala</instance>
         <wf lemma="suze" pos="X">suze</wf>
         <wf lemma="." pos="X">.</wf>
      </sentence>
      <sentence id="d000.s5019" source="wordnet-croatian">
         <wf lemma="Vratar" pos="X">Vratar</wf>
         <wf lemma="je" pos="X">je</wf>
         <wf lemma="uspio" pos="X">uspio</wf>
         <wf lemma="obraniti" pos="X">obraniti</wf>
         <wf lemma="gotovo" pos="X">gotovo</wf>
         <wf lemma="nemoguć" pos="X">nemoguć</wf>
         <instance id="d000.s5019.t000" lemma="udarac" pos="NOUN">udarac</instance>
         <wf lemma="." pos="X">.</wf>
      </sentence>
      <sentence id="d000.s5020" source="wordnet-croatian">
         <instance id="d000.s5020.t000" lemma="siguran" pos="ADJ">Siguran</instance>
         <wf lemma="sam" pos="X">sam</wf>
         <wf lemma="da" pos="X">da</wf>
         <wf lemma="nisu" pos="X">nisu</wf>
         <wf lemma="u" pos="X">u</wf>
         <wf lemma="pravu" pos="X">pravu</wf>
         <wf lemma="!" pos="X">!</wf>
      </sentence>
      <sentence id="d000.s5021" source="wordnet-croatian">
         <wf lemma="Autor" pos="X">Autor</wf>
         <wf lemma="već" pos="X">već</wf>
         <wf lemma="u" pos="X">u</wf>
         <wf lemma="prvom" pos="X">prvom</wf>
         <instance id="d000.s5021.t000" lemma="pasus" pos="NOUN">pasusu</instance>
         <wf lemma="izražava" pos="X">izražava</wf>
         <wf lemma="osnovnu" pos="X">osnovnu</wf>
         <wf lemma="tezu" pos="X">tezu</wf>
         <wf lemma="svojeg" pos="X">svojeg</wf>
         <wf lemma="teksta" pos="X">teksta</wf>
         <wf lemma="." pos="X">.</wf>
      </sentence>
      <sentence id="d000.s5022" source="wordnet-croatian">
         <instance id="d000.s5022.t000" lemma="stjecanje" pos="NOUN">Stjecanje</instance>
         <wf lemma="dobara" pos="X">dobara</wf>
         <wf lemma="puno" pos="X">puno</wf>
         <wf lemma="ga" pos="X">ga</wf>
         <wf lemma="više" pos="X">više</wf>
         <wf lemma="zanima" pos="X">zanima</wf>
         <wf lemma="od" pos="X">od</wf>
         <wf lemma="humanitarnog" pos="X">humanitarnog</wf>
         <wf lemma="rada" pos="X">rada</wf>
         <wf lemma="." pos="X">.</wf>
      </sentence>
      <sentence id="d000.s5023" source="wordnet-croatian">
         <wf lemma="S" pos="X">S</wf>
         <wf lemma="velikim" pos="X">velikim</wf>
         <wf lemma="je" pos="X">je</wf>
         <instance id="d000.s5023.t000" lemma="entuzijazam" pos="NOUN">entuzijazmom</instance>
         <wf lemma="prionula" pos="X">prionula</wf>
         <wf lemma="na" pos="X">na</wf>
         <wf lemma="posao" pos="X">posao</wf>
         <wf lemma="." pos="X">.</wf>
      </sentence>
      <sentence id="d000.s5024" source="wordnet-croatian">
         <wf lemma="Jako" pos="X">Jako</wf>
         <wf lemma="ju" pos="X">ju</wf>
         <wf lemma="je" pos="X">je</wf>
         <wf lemma="smetala" pos="X">smetala</wf>
         <instance id="d000.s5024.t000" lemma="nepravičnost" pos="NOUN">nepravičnost</instance>
         <wf lemma="u" pos="X">u</wf>
         <wf lemma="današnjem" pos="X">današnjem</wf>
         <wf lemma="društvu" pos="X">društvu</wf>
         <wf lemma="." pos="X">.</wf>
      </sentence>
      <sentence id="d000.s5025" source="wordnet-croatian">
         <wf lemma="Klinička" pos="X">Klinička</wf>
         <instance id="d000.s5025.t000" lemma="značajnost" pos="NOUN">značajnost</instance>
         <wf lemma="dobivenih" pos="X">dobivenih</wf>
         <wf lemma="rezultata" pos="X">rezultata</wf>
         <wf lemma="posebno" pos="X">posebno</wf>
         <wf lemma="je" pos="X">je</wf>
         <wf lemma="važna" pos="X">važna</wf>
         <wf lemma="." pos="X">.</wf>
      </sentence>
      <sentence id="d000.s5026" source="wordnet-croatian">
         <wf lemma="Najčešće" pos="X">Najčešće</wf>
         <wf lemma="je" pos="X">je</wf>
         <wf lemma="knjige" pos="X">knjige</wf>
         <wf lemma="nosila" pos="X">nosila</wf>
         <wf lemma="u" pos="X">u</wf>
         <instance id="d000.s5026.t000" lemma="ruksak" pos="NOUN">ruksaku</instance>
         <wf lemma="." pos="X">.</wf>
      </sentence>
      <sentence id="d000.s5027" source="wordnet-croatian">
         <wf lemma="Ako" pos="X">Ako</wf>
         <wf lemma="nosiš" pos="X">nosiš</wf>
         <instance id="d000.s5027.t000" lemma="suknja" pos="NOUN">suknju</instance>
         <wf lemma="," pos="X">,</wf>
         <wf lemma="moraš" pos="X">moraš</wf>
         <wf lemma="paziti" pos="X">paziti</wf>
         <wf lemma="kako" pos="X">kako</wf>
         <wf lemma="sjediš" pos="X">sjediš</wf>
         <wf lemma="." pos="X">.</wf>
      </sentence>
      <sentence id="d000.s5028" source="wordnet-croatian">
         <wf lemma="Pisao" pos="X">Pisao</wf>
         <wf lemma="je" pos="X">je</wf>
         <wf lemma="bilješke" pos="X">bilješke</wf>
         <wf lemma="po" pos="X">po</wf>
         <instance id="d000.s5028.t000" lemma="margina" pos="NOUN">margini</instance>
         <wf lemma="stranice" pos="X">stranice</wf>
         <wf lemma="." pos="X">.</wf>
      </sentence>
      <sentence id="d000.s5029" source="wordnet-croatian">
         <instance id="d000.s5029.t000" lemma="prapovijest" pos="NOUN">Prapovijest</instance>
         <wf lemma="je" pos="X">je</wf>
         <wf lemma="najduže" pos="X">najduže</wf>
         <wf lemma="razdoblje" pos="X">razdoblje</wf>
         <wf lemma="u" pos="X">u</wf>
         <wf lemma="povijesti" pos="X">povijesti</wf>
         <wf lemma="čovječanstva" pos="X">čovječanstva</wf>
         <wf lemma="." pos="X">.</wf>
      </sentence>
      <sentence id="d000.s5030" source="wordnet-croatian">
         <wf lemma="Šef" pos="X">Šef</wf>
         <instance id="d000.s5030.t000" lemma="zahtijevati" pos="VERB">zahtijeva</instance>
         <wf lemma="da" pos="X">da</wf>
         <wf lemma="svi" pos="X">svi</wf>
         <wf lemma="zaposlenici" pos="X">zaposlenici</wf>
         <wf lemma="dolaze" pos="X">dolaze</wf>
         <wf lemma="na" pos="X">na</wf>
         <wf lemma="posao" pos="X">posao</wf>
         <wf lemma="na" pos="X">na</wf>
         <wf lemma="vrijeme" pos="X">vrijeme</wf>
         <wf lemma="." pos="X">.</wf>
      </sentence>
      <sentence id="d000.s5031" source="wordnet-croatian">
         <instance id="d000.s5031.t000" lemma="bliskost" pos="NOUN">Bliskost</instance>
         <wf lemma="balkanskog" pos="X">balkanskog</wf>
         <wf lemma="jezičnog" pos="X">jezičnog</wf>
         <wf lemma="saveza" pos="X">saveza</wf>
         <wf lemma="teško" pos="X">teško</wf>
         <wf lemma="je" pos="X">je</wf>
         <wf lemma="ne" pos="X">ne</wf>
         <wf lemma="uočiti" pos="X">uočiti</wf>
         <wf lemma="." pos="X">.</wf>
      </sentence>
      <sentence id="d000.s5032" source="wordnet-croatian">
         <wf lemma="Mrzila" pos="X">Mrzila</wf>
         <wf lemma="je" pos="X">je</wf>
         <wf lemma="škripu" pos="X">škripu</wf>
         <instance id="d000.s5032.t000" lemma="kotač" pos="NOUN">kotača</instance>
         <wf lemma="vagona" pos="X">vagona</wf>
         <wf lemma="." pos="X">.</wf>
      </sentence>
      <sentence id="d000.s5033" source="wordnet-croatian">
         <wf lemma="Maja" pos="X">Maja</wf>
         <wf lemma="svoju" pos="X">svoju</wf>
         <instance id="d000.s5033.t000" lemma="plaća" pos="NOUN">plaću</instance>
         <wf lemma="dobiva" pos="X">dobiva</wf>
         <wf lemma="krajem" pos="X">krajem</wf>
         <wf lemma="mjeseca" pos="X">mjeseca</wf>
         <wf lemma="." pos="X">.</wf>
      </sentence>
      <sentence id="d000.s5034" source="wordnet-croatian">
         <wf lemma="Ribiči" pos="X">Ribiči</wf>
         <wf lemma="često" pos="X">često</wf>
         <instance id="d000.s5034.t000" lemma="preuveličavati" pos="VERB">preuveličavaju</instance>
         <wf lemma="svoje" pos="X">svoje</wf>
         <wf lemma="ulove" pos="X">ulove</wf>
         <wf lemma="." pos="X">.</wf>
      </sentence>
      <sentence id="d000.s5035" source="wordnet-croatian">
         <wf lemma="Sinoć" pos="X">Sinoć</wf>
         <wf lemma="nije" pos="X">nije</wf>
         <wf lemma="skinula" pos="X">skinula</wf>
         <wf lemma="šminku" pos="X">šminku</wf>
         <wf lemma="i" pos="X">i</wf>
         <wf lemma="na" pos="X">na</wf>
         <wf lemma="jastuku" pos="X">jastuku</wf>
         <wf lemma="je" pos="X">je</wf>
         <wf lemma="ostao" pos="X">ostao</wf>
         <instance id="d000.s5035.t000" lemma="razmaz" pos="NOUN">razmaz</instance>
         <wf lemma="pudera" pos="X">pudera</wf>
         <wf lemma="." pos="X">.</wf>
      </sentence>
      <sentence id="d000.s5036" source="wordnet-croatian">
         <wf lemma="Sva" pos="X">Sva</wf>
         <wf lemma="sreća" pos="X">sreća</wf>
         <wf lemma="da" pos="X">da</wf>
         <wf lemma="su" pos="X">su</wf>
         <wf lemma="naočale" pos="X">naočale</wf>
         <wf lemma="ostale" pos="X">ostale</wf>
         <instance id="d000.s5036.t000" lemma="čitav" pos="ADJ">čitave</instance>
         <wf lemma="nakon" pos="X">nakon</wf>
         <wf lemma="što" pos="X">što</wf>
         <wf lemma="sam" pos="X">sam</wf>
         <wf lemma="sjela" pos="X">sjela</wf>
         <wf lemma="na" pos="X">na</wf>
         <wf lemma="njih" pos="X">njih</wf>
         <wf lemma="." pos="X">.</wf>
      </sentence>
      <sentence id="d000.s5037" source="wordnet-croatian">
         <wf lemma="Pod" pos="X">Pod</wf>
         <instance id="d000.s5037.t000" lemma="najezda" pos="NOUN">najezdom</instance>
         <wf lemma="Turaka" pos="X">Turaka</wf>
         <wf lemma="istočni" pos="X">istočni</wf>
         <wf lemma="su" pos="X">su</wf>
         <wf lemma="se" pos="X">se</wf>
         <wf lemma="gradovi" pos="X">gradovi</wf>
         <wf lemma="morali" pos="X">morali</wf>
         <wf lemma="predati" pos="X">predati</wf>
         <wf lemma="." pos="X">.</wf>
      </sentence>
      <sentence id="d000.s5038" source="wordnet-croatian">
         <instance id="d000.s5038.t000" lemma="pospremiti" pos="VERB">Pospremi</instance>
         <wf lemma="svoju" pos="X">svoju</wf>
         <wf lemma="sobu" pos="X">sobu</wf>
         <wf lemma="!" pos="X">!</wf>
      </sentence>
      <sentence id="d000.s5039" source="wordnet-croatian">
         <wf lemma="Trebamo" pos="X">Trebamo</wf>
         <instance id="d000.s5039.t000" lemma="ukloniti" pos="VERB">ukloniti</instance>
         <wf lemma="potencijalnu" pos="X">potencijalnu</wf>
         <wf lemma="prijetnju" pos="X">prijetnju</wf>
         <wf lemma="." pos="X">.</wf>
      </sentence>
      <sentence id="d000.s5040" source="wordnet-croatian">
         <wf lemma="Strojem" pos="X">Strojem</wf>
         <wf lemma="za" pos="X">za</wf>
         <wf lemma="šivanje" pos="X">šivanje</wf>
         <wf lemma="može" pos="X">može</wf>
         <instance id="d000.s5040.t000" lemma="rukovati" pos="VERB">rukovati</instance>
         <wf lemma="samo" pos="X">samo</wf>
         <wf lemma="osposobljena" pos="X">osposobljena</wf>
         <wf lemma="švelja" pos="X">švelja</wf>
         <wf lemma="." pos="X">.</wf>
      </sentence>
      <sentence id="d000.s5041" source="wordnet-croatian">
         <wf lemma="Satima" pos="X">Satima</wf>
         <wf lemma="je" pos="X">je</wf>
         <wf lemma="obilazila" pos="X">obilazila</wf>
         <instance id="d000.s5041.t000" lemma="trgovina" pos="NOUN">trgovine</instance>
         <wf lemma="," pos="X">,</wf>
         <wf lemma="no" pos="X">no</wf>
         <wf lemma="nije" pos="X">nije</wf>
         <wf lemma="uspjela" pos="X">uspjela</wf>
         <wf lemma="pronaći" pos="X">pronaći</wf>
         <wf lemma="idealan" pos="X">idealan</wf>
         <wf lemma="poklon" pos="X">poklon</wf>
         <wf lemma="za" pos="X">za</wf>
         <wf lemma="svojega" pos="X">svojega</wf>
         <wf lemma="supruga" pos="X">supruga</wf>
         <wf lemma="." pos="X">.</wf>
      </sentence>
      <sentence id="d000.s5042" source="wordnet-croatian">
         <wf lemma="Neki" pos="X">Neki</wf>
         <wf lemma="kažu" pos="X">kažu</wf>
         <wf lemma="da" pos="X">da</wf>
         <wf lemma="je" pos="X">je</wf>
         <wf lemma="žena" pos="X">žena</wf>
         <instance id="d000.s5042.t000" lemma="nastati" pos="VERB">nastala</instance>
         <wf lemma="od" pos="X">od</wf>
         <wf lemma="muškarca" pos="X">muškarca</wf>
         <wf lemma="." pos="X">.</wf>
      </sentence>
      <sentence id="d000.s5043" source="wordnet-croatian">
         <wf lemma="Uvijek" pos="X">Uvijek</wf>
         <wf lemma="je" pos="X">je</wf>
         <instance id="d000.s5043.t000" lemma="uvjeren" pos="ADJ">uvjeren</instance>
         <wf lemma="u" pos="X">u</wf>
         <wf lemma="ispravnost" pos="X">ispravnost</wf>
         <wf lemma="svojih" pos="X">svojih</wf>
         <wf lemma="postupaka" pos="X">postupaka</wf>
         <wf lemma="." pos="X">.</wf>
      </sentence>
      <sentence id="d000.s5044" source="wordnet-croatian">
         <wf lemma="'" pos="X">'</wf>
         <wf lemma="'" pos="X">'</wf>
         <wf lemma="I'" pos="X">I'</wf>
         <wf lemma="'" pos="X">'</wf>
         <wf lemma="je" pos="X">je</wf>
         <instance id="d000.s5044.t000" lemma="veznik" pos="NOUN">veznik</instance>
         <wf lemma="sastavnih" pos="X">sastavnih</wf>
         <wf lemma="rečenica" pos="X">rečenica</wf>
         <wf lemma="." pos="X">.</wf>
      </sentence>
      <sentence id="d000.s5045" source="wordnet-croatian">
         <wf lemma="Ne" pos="X">Ne</wf>
         <instance id="d000.s5045.t000" lemma="očajavati" pos="VERB">očajavaj</instance>
         <wf lemma="jer" pos="X">jer</wf>
         <wf lemma="pomoć" pos="X">pomoć</wf>
         <wf lemma="stiže" pos="X">stiže</wf>
         <wf lemma="." pos="X">.</wf>
      </sentence>
      <sentence id="d000.s5046" source="wordnet-croatian">
         <wf lemma="Izračunavali" pos="X">Izračunavali</wf>
         <wf lemma="su" pos="X">su</wf>
         <wf lemma="površine" pos="X">površine</wf>
         <wf lemma="različitih" pos="X">različitih</wf>
         <wf lemma="geometrijskih" pos="X">geometrijskih</wf>
         <instance id="d000.s5046.t000" lemma="lik" pos="NOUN">likova</instance>
         <wf lemma="." pos="X">.</wf>
      </sentence>
      <sentence id="d000.s5047" source="wordnet-croatian">
         <wf lemma="Ulaganje" pos="X">Ulaganje</wf>
         <wf lemma="u" pos="X">u</wf>
         <instance id="d000.s5047.t000" lemma="obrazovanje" pos="NOUN">obrazovanje</instance>
         <wf lemma="uvijek" pos="X">uvijek</wf>
         <wf lemma="se" pos="X">se</wf>
         <wf lemma="isplati" pos="X">isplati</wf>
         <wf lemma="." pos="X">.</wf>
      </sentence>
      <sentence id="d000.s5048" source="wordnet-croatian">
         <wf lemma="Nije" pos="X">Nije</wf>
         <wf lemma="uspio" pos="X">uspio</wf>
         <wf lemma="u" pos="X">u</wf>
         <wf lemma="svojoj" pos="X">svojoj</wf>
         <wf lemma="namjeri" pos="X">namjeri</wf>
         <wf lemma="da" pos="X">da</wf>
         <wf lemma="prikaže" pos="X">prikaže</wf>
         <instance id="d000.s5048.t000" lemma="nepravednost" pos="NOUN">nepravednost</instance>
         <wf lemma="klasnog" pos="X">klasnog</wf>
         <wf lemma="sustava" pos="X">sustava</wf>
         <wf lemma="." pos="X">.</wf>
      </sentence>
      <sentence id="d000.s5049" source="wordnet-croatian">
         <instance id="d000.s5049.t000" lemma="upravljati" pos="VERB">Upravljala</instance>
         <wf lemma="je" pos="X">je</wf>
         <wf lemma="marketinškim" pos="X">marketinškim</wf>
         <wf lemma="odjelom" pos="X">odjelom</wf>
         <wf lemma="tvrtke" pos="X">tvrtke</wf>
         <wf lemma="." pos="X">.</wf>
      </sentence>
      <sentence id="d000.s5050" source="wordnet-croatian">
         <wf lemma="Film" pos="X">Film</wf>
         <wf lemma="je" pos="X">je</wf>
         <wf lemma="dobio" pos="X">dobio</wf>
         <wf lemma="samo" pos="X">samo</wf>
         <instance id="d000.s5050.t000" lemma="pozitivan" pos="ADJ">pozitivne</instance>
         <wf lemma="kritike" pos="X">kritike</wf>
         <wf lemma="." pos="X">.</wf>
      </sentence>
      <sentence id="d000.s5051" source="wordnet-croatian">
         <wf lemma="Stajao" pos="X">Stajao</wf>
         <wf lemma="je" pos="X">je</wf>
         <wf lemma="na" pos="X">na</wf>
         <wf lemma="čelu" pos="X">čelu</wf>
         <wf lemma="kolone" pos="X">kolone</wf>
         <wf lemma="i" pos="X">i</wf>
         <wf lemma="na" pos="X">na</wf>
         <instance id="d000.s5051.t000" lemma="megafon" pos="NOUN">megafon</instance>
         <wf lemma="izvikivao" pos="X">izvikivao</wf>
         <wf lemma="parole" pos="X">parole</wf>
         <wf lemma="." pos="X">.</wf>
      </sentence>
      <sentence id="d000.s5052" source="wordnet-croatian">
         <instance id="d000.s5052.t000" lemma="vodoopskrba" pos="NOUN">Vodoopskrba</instance>
         <wf lemma="na" pos="X">na</wf>
         <wf lemma="nekim" pos="X">nekim</wf>
         <wf lemma="otocima" pos="X">otocima</wf>
         <wf lemma="otežana" pos="X">otežana</wf>
         <wf lemma="je" pos="X">je</wf>
         <wf lemma="zbog" pos="X">zbog</wf>
         <wf lemma="kršnog" pos="X">kršnog</wf>
         <wf lemma="terena" pos="X">terena</wf>
         <wf lemma="." pos="X">.</wf>
      </sentence>
      <sentence id="d000.s5053" source="wordnet-croatian">
         <wf lemma="there" pos="X">there</wf>
         <wf lemma="were" pos="X">were</wf>
         <wf lemma="at" pos="X">at</wf>
         <wf lemma="least" pos="X">least</wf>
         <wf lemma="200" pos="X">200</wf>
         <instance id="d000.s5053.t000" lemma="people" pos="NOUN">people</instance>
         <wf lemma="in" pos="X">in</wf>
         <wf lemma="the" pos="X">the</wf>
         <wf lemma="audience" pos="X">audience</wf>
         <wf lemma="." pos="X">.</wf>
      </sentence>
      <sentence id="d000.s5054" source="wordnet-croatian">
         <wf lemma="Završili" pos="X">Završili</wf>
         <wf lemma="su" pos="X">su</wf>
         <wf lemma="gradnju" pos="X">gradnju</wf>
         <wf lemma="posljednjeg" pos="X">posljednjeg</wf>
         <instance id="d000.s5054.t000" lemma="dio" pos="NOUN">dijela</instance>
         <wf lemma="autoceste" pos="X">autoceste</wf>
         <wf lemma="." pos="X">.</wf>
      </sentence>
      <sentence id="d000.s5055" source="wordnet-croatian">
         <wf lemma="Svirali" pos="X">Svirali</wf>
         <wf lemma="su" pos="X">su</wf>
         <wf lemma="poznatu" pos="X">poznatu</wf>
         <wf lemma="skladbu" pos="X">skladbu</wf>
         <wf lemma="za" pos="X">za</wf>
         <instance id="d000.s5055.t000" lemma="glasovir" pos="NOUN">glasovir</instance>
         <wf lemma="i" pos="X">i</wf>
         <wf lemma="dvije" pos="X">dvije</wf>
         <wf lemma="violine" pos="X">violine</wf>
         <wf lemma="." pos="X">.</wf>
      </sentence>
      <sentence id="d000.s5056" source="wordnet-croatian">
         <wf lemma="'" pos="X">'</wf>
         <wf lemma="'" pos="X">'</wf>
         <wf lemma="Star" pos="X">Star</wf>
         <wf lemma="'" pos="X">'</wf>
         <wf lemma="'" pos="X">'</wf>
         <wf lemma="i" pos="X">i</wf>
         <wf lemma="'" pos="X">'</wf>
         <wf lemma="'" pos="X">'</wf>
         <wf lemma="mlad" pos="X">mlad</wf>
         <wf lemma="'" pos="X">'</wf>
         <wf lemma="'" pos="X">'</wf>
         <wf lemma="povezani" pos="X">povezani</wf>
         <wf lemma="su" pos="X">su</wf>
         <wf lemma="odnosom" pos="X">odnosom</wf>
         <instance id="d000.s5056.t000" lemma="antonimija" pos="NOUN">antonimije</instance>
         <wf lemma="." pos="X">.</wf>
      </sentence>
      <sentence id="d000.s5057" source="wordnet-croatian">
         <wf lemma="Sustav" pos="X">Sustav</wf>
         <instance id="d000.s5057.t000" lemma="transmisija" pos="NOUN">transmisije</instance>
         <wf lemma="treba" pos="X">treba</wf>
         <wf lemma="se" pos="X">se</wf>
         <wf lemma="redovito" pos="X">redovito</wf>
         <wf lemma="podmazivati" pos="X">podmazivati</wf>
         <wf lemma="." pos="X">.</wf>
      </sentence>
      <sentence id="d000.s5058" source="wordnet-croatian">
         <wf lemma="Od" pos="X">Od</wf>
         <wf lemma="novoga" pos="X">novoga</wf>
         <wf lemma="deterdženta" pos="X">deterdženta</wf>
         <wf lemma="za" pos="X">za</wf>
         <wf lemma="suđe" pos="X">suđe</wf>
         <wf lemma="dobila" pos="X">dobila</wf>
         <wf lemma="je" pos="X">je</wf>
         <instance id="d000.s5058.t000" lemma="osip" pos="NOUN">osip</instance>
         <wf lemma="po" pos="X">po</wf>
         <wf lemma="rukama" pos="X">rukama</wf>
         <wf lemma="." pos="X">.</wf>
      </sentence>
      <sentence id="d000.s5059" source="wordnet-croatian">
         <wf lemma="Propuštanjem" pos="X">Propuštanjem</wf>
         <wf lemma="kroz" pos="X">kroz</wf>
         <wf lemma="filtar" pos="X">filtar</wf>
         <wf lemma="uspio" pos="X">uspio</wf>
         <wf lemma="sam" pos="X">sam</wf>
         <instance id="d000.s5059.t000" lemma="razbistriti" pos="VERB">razbistriti</instance>
         <wf lemma="vodu" pos="X">vodu</wf>
         <wf lemma="." pos="X">.</wf>
      </sentence>
      <sentence id="d000.s5060" source="wordnet-croatian">
         <wf lemma="Policija" pos="X">Policija</wf>
         <wf lemma="je" pos="X">je</wf>
         <instance id="d000.s5060.t000" lemma="pohapsiti" pos="VERB">pohapsila</instance>
         <wf lemma="skupinu" pos="X">skupinu</wf>
         <wf lemma="krijumčara" pos="X">krijumčara</wf>
         <wf lemma="drogom" pos="X">drogom</wf>
         <wf lemma="." pos="X">.</wf>
      </sentence>
      <sentence id="d000.s5061" source="wordnet-croatian">
         <wf lemma="Moram" pos="X">Moram</wf>
         <instance id="d000.s5061.t000" lemma="ispitati" pos="VERB">ispitati</instance>
         <wf lemma="njegove" pos="X">njegove</wf>
         <wf lemma="namjere" pos="X">namjere</wf>
         <wf lemma="." pos="X">.</wf>
      </sentence>
      <sentence id="d000.s5062" source="wordnet-croatian">
         <wf lemma="Svaka" pos="X">Svaka</wf>
         <wf lemma="regija" pos="X">regija</wf>
         <wf lemma="u" pos="X">u</wf>
         <wf lemma="Hrvatskoj" pos="X">Hrvatskoj</wf>
         <wf lemma="ima" pos="X">ima</wf>
         <wf lemma="svoju" pos="X">svoju</wf>
         <wf lemma="varijantu" pos="X">varijantu</wf>
         <wf lemma="recepta" pos="X">recepta</wf>
         <wf lemma="za" pos="X">za</wf>
         <wf lemma="gulaš" pos="X">gulaš</wf>
         <wf lemma="od" pos="X">od</wf>
         <instance id="d000.s5062.t000" lemma="divljač" pos="NOUN">divljači</instance>
         <wf lemma="." pos="X">.</wf>
      </sentence>
      <sentence id="d000.s5063" source="wordnet-croatian">
         <wf lemma="Tekst" pos="X">Tekst</wf>
         <wf lemma="afričko-europske" pos="X">afričko-europske</wf>
         <wf lemma="deklaracije" pos="X">deklaracije</wf>
         <wf lemma="pokazuje" pos="X">pokazuje</wf>
         <instance id="d000.s5063.t000" lemma="nesrodnost" pos="NOUN">nesrodnost</instance>
         <wf lemma="smijeha" pos="X">smijeha</wf>
         <wf lemma="i" pos="X">i</wf>
         <wf lemma="boli" pos="X">boli</wf>
         <wf lemma="." pos="X">.</wf>
      </sentence>
      <sentence id="d000.s5064" source="wordnet-croatian">
         <wf lemma="Imao" pos="X">Imao</wf>
         <wf lemma="je" pos="X">je</wf>
         <instance id="d000.s5064.t000" lemma="bezvoljan" pos="ADJ">bezvoljnog</instance>
         <wf lemma="asistenta" pos="X">asistenta</wf>
         <wf lemma="zbog" pos="X">zbog</wf>
         <wf lemma="cega" pos="X">cega</wf>
         <wf lemma="je" pos="X">je</wf>
         <wf lemma="posao" pos="X">posao</wf>
         <wf lemma="patio" pos="X">patio</wf>
         <wf lemma="." pos="X">.</wf>
      </sentence>
      <sentence id="d000.s5065" source="wordnet-croatian">
         <wf lemma="Pronalaskom" pos="X">Pronalaskom</wf>
         <wf lemma="inicijalnog" pos="X">inicijalnog</wf>
         <wf lemma="eksploziva" pos="X">eksploziva</wf>
         <wf lemma="i" pos="X">i</wf>
         <wf lemma="izumom" pos="X">izumom</wf>
         <wf lemma="inicijalne" pos="X">inicijalne</wf>
         <instance id="d000.s5065.t000" lemma="kapisla" pos="NOUN">kapisle</instance>
         <wf lemma="riješen" pos="X">riješen</wf>
         <wf lemma="je" pos="X">je</wf>
         <wf lemma="problem" pos="X">problem</wf>
         <wf lemma="otvorenog" pos="X">otvorenog</wf>
         <wf lemma="plamena" pos="X">plamena</wf>
         <wf lemma="kod" pos="X">kod</wf>
         <wf lemma="opaljenja" pos="X">opaljenja</wf>
         <wf lemma="." pos="X">.</wf>
      </sentence>
      <sentence id="d000.s5066" source="wordnet-croatian">
         <wf lemma="Radioamateri" pos="X">Radioamateri</wf>
         <wf lemma="često" pos="X">često</wf>
         <wf lemma="radioodašiljačima" pos="X">radioodašiljačima</wf>
         <instance id="d000.s5066.t000" lemma="zvati" pos="VERB">zovu</instance>
         <wf lemma="druge" pos="X">druge</wf>
         <wf lemma="radioamatere" pos="X">radioamatere</wf>
         <wf lemma="." pos="X">.</wf>
      </sentence>
      <sentence id="d000.s5067" source="wordnet-croatian">
         <wf lemma="Konačno" pos="X">Konačno</wf>
         <wf lemma="smo" pos="X">smo</wf>
         <wf lemma="kupili" pos="X">kupili</wf>
         <wf lemma="paket" pos="X">paket</wf>
         <instance id="d000.s5067.t000" lemma="filter" pos="NOUN">filtera</instance>
         <wf lemma="za" pos="X">za</wf>
         <wf lemma="kavu" pos="X">kavu</wf>
         <wf lemma="." pos="X">.</wf>
      </sentence>
      <sentence id="d000.s5068" source="wordnet-croatian">
         <wf lemma="Rimsko" pos="X">Rimsko</wf>
         <wf lemma="je" pos="X">je</wf>
         <wf lemma="Carstvo" pos="X">Carstvo</wf>
         <wf lemma="pokleknulo" pos="X">pokleknulo</wf>
         <wf lemma="pod" pos="X">pod</wf>
         <instance id="d000.s5068.t000" lemma="nalet" pos="NOUN">naletima</instance>
         <wf lemma="barbara" pos="X">barbara</wf>
         <wf lemma="." pos="X">.</wf>
      </sentence>
      <sentence id="d000.s5069" source="wordnet-croatian">
         <wf lemma="Lavina" pos="X">Lavina</wf>
         <wf lemma="je" pos="X">je</wf>
         <instance id="d000.s5069.t000" lemma="prouzročiti" pos="VERB">prouzročila</instance>
         <wf lemma="mnogo" pos="X">mnogo</wf>
         <wf lemma="nevolja" pos="X">nevolja</wf>
         <wf lemma="stanovnicima" pos="X">stanovnicima</wf>
         <wf lemma="doline" pos="X">doline</wf>
         <wf lemma="." pos="X">.</wf>
      </sentence>
      <sentence id="d000.s5070" source="wordnet-croatian">
         <wf lemma="Na" pos="X">Na</wf>
         <wf lemma="lijevoj" pos="X">lijevoj</wf>
         <instance id="d000.s5070.t000" lemma="strana" pos="NOUN">strani</instance>
         <wf lemma="kuće" pos="X">kuće</wf>
         <wf lemma="nalaze" pos="X">nalaze</wf>
         <wf lemma="se" pos="X">se</wf>
         <wf lemma="velika" pos="X">velika</wf>
         <wf lemma="vrata" pos="X">vrata</wf>
         <wf lemma="." pos="X">.</wf>
      </sentence>
      <sentence id="d000.s5071" source="wordnet-croatian">
         <wf lemma="Doktori" pos="X">Doktori</wf>
         <wf lemma="su" pos="X">su</wf>
         <wf lemma="mu" pos="X">mu</wf>
         <instance id="d000.s5071.t000" lemma="dati" pos="VERB">dali</instance>
         <wf lemma="tri" pos="X">tri</wf>
         <wf lemma="mjeseca" pos="X">mjeseca</wf>
         <wf lemma="života" pos="X">života</wf>
         <wf lemma="." pos="X">.</wf>
      </sentence>
      <sentence id="d000.s5072" source="wordnet-croatian">
         <wf lemma="Nitrko" pos="X">Nitrko</wf>
         <wf lemma="ne" pos="X">ne</wf>
         <wf lemma="može" pos="X">može</wf>
         <instance id="d000.s5072.t000" lemma="nahraniti" pos="VERB">nahraniti</instance>
         <wf lemma="svu" pos="X">svu</wf>
         <wf lemma="gladnu" pos="X">gladnu</wf>
         <wf lemma="djecu" pos="X">djecu</wf>
         <wf lemma="na" pos="X">na</wf>
         <wf lemma="svijetu" pos="X">svijetu</wf>
         <wf lemma="." pos="X">.</wf>
      </sentence>
      <sentence id="d000.s5073" source="wordnet-croatian">
         <wf lemma="Dobila" pos="X">Dobila</wf>
         <wf lemma="sam" pos="X">sam</wf>
         <wf lemma="recept" pos="X">recept</wf>
         <wf lemma="za" pos="X">za</wf>
         <wf lemma="pripremu" pos="X">pripremu</wf>
         <instance id="d000.s5073.t000" lemma="estragon" pos="NOUN">estragon</instance>
         <wf lemma="biljnoga" pos="X">biljnoga</wf>
         <wf lemma="octa" pos="X">octa</wf>
         <wf lemma="." pos="X">.</wf>
      </sentence>
      <sentence id="d000.s5074" source="wordnet-croatian">
         <wf lemma="Iako" pos="X">Iako</wf>
         <wf lemma="je" pos="X">je</wf>
         <wf lemma="doživio" pos="X">doživio</wf>
         <wf lemma="srčani" pos="X">srčani</wf>
         <wf lemma="udar" pos="X">udar</wf>
         <wf lemma="," pos="X">,</wf>
         <wf lemma="brza" pos="X">brza</wf>
         <wf lemma="ga" pos="X">ga</wf>
         <wf lemma="je" pos="X">je</wf>
         <instance id="d000.s5074.t000" lemma="reanimacija" pos="NOUN">reanimacija</instance>
         <wf lemma="vratila" pos="X">vratila</wf>
         <wf lemma="u" pos="X">u</wf>
         <wf lemma="život" pos="X">život</wf>
         <wf lemma="." pos="X">.</wf>
      </sentence>
      <sentence id="d000.s5075" source="wordnet-croatian">
         <wf lemma="Briga" pos="X">Briga</wf>
         <wf lemma="o" pos="X">o</wf>
         <wf lemma="napuštenoj" pos="X">napuštenoj</wf>
         <wf lemma="djeci" pos="X">djeci</wf>
         <instance id="d000.s5075.t000" lemma="moralan" pos="ADJ">moralan</instance>
         <wf lemma="je" pos="X">je</wf>
         <wf lemma="čin" pos="X">čin</wf>
         <wf lemma="." pos="X">.</wf>
      </sentence>
      <sentence id="d000.s5076" source="wordnet-croatian">
         <instance id="d000.s5076.t000" lemma="pogoditi" pos="VERB">Pogodila</instance>
         <wf lemma="me" pos="X">me</wf>
         <wf lemma="njegova" pos="X">njegova</wf>
         <wf lemma="reakcija" pos="X">reakcija</wf>
         <wf lemma="." pos="X">.</wf>
      </sentence>
      <sentence id="d000.s5077" source="wordnet-croatian">
         <wf lemma="Jana" pos="X">Jana</wf>
         <wf lemma="ima" pos="X">ima</wf>
         <instance id="d000.s5077.t000" lemma="kuća" pos="NOUN">kuću</instance>
         <wf lemma="u" pos="X">u</wf>
         <wf lemma="planinama" pos="X">planinama</wf>
         <wf lemma="." pos="X">.</wf>
      </sentence>
      <sentence id="d000.s5078" source="wordnet-croatian">
         <instance id="d000.s5078.t000" lemma="poredba" pos="NOUN">Poredba</instance>
         <wf lemma="Matoševih" pos="X">Matoševih</wf>
         <wf lemma="i" pos="X">i</wf>
         <wf lemma="Zlatarićevih" pos="X">Zlatarićevih</wf>
         <wf lemma="pjesama" pos="X">pjesama</wf>
         <wf lemma="ne" pos="X">ne</wf>
         <wf lemma="bi" pos="X">bi</wf>
         <wf lemma="imala" pos="X">imala</wf>
         <wf lemma="nikakva" pos="X">nikakva</wf>
         <wf lemma="smisla" pos="X">smisla</wf>
         <wf lemma="." pos="X">.</wf>
      </sentence>
      <sentence id="d000.s5079" source="wordnet-croatian">
         <wf lemma="Molim" pos="X">Molim</wf>
         <wf lemma="vas" pos="X">vas</wf>
         <instance id="d000.s5079.t000" lemma="obrazloženje" pos="NOUN">obrazloženje</instance>
         <wf lemma="za" pos="X">za</wf>
         <wf lemma="ovakvo" pos="X">ovakvo</wf>
         <wf lemma="bodovanje" pos="X">bodovanje</wf>
         <wf lemma="." pos="X">.</wf>
      </sentence>
      <sentence id="d000.s5080" source="wordnet-croatian">
         <wf lemma="Zagorjelo" pos="X">Zagorjelo</wf>
         <wf lemma="je" pos="X">je</wf>
         <wf lemma="meso" pos="X">meso</wf>
         <wf lemma="pa" pos="X">pa</wf>
         <wf lemma="je" pos="X">je</wf>
         <instance id="d000.s5080.t000" lemma="ventilator" pos="NOUN">ventilatorom</instance>
         <wf lemma="pokušala" pos="X">pokušala</wf>
         <wf lemma="izbaciti" pos="X">izbaciti</wf>
         <wf lemma="neugodan" pos="X">neugodan</wf>
         <wf lemma="miris" pos="X">miris</wf>
         <wf lemma="iz" pos="X">iz</wf>
         <wf lemma="kuhinje" pos="X">kuhinje</wf>
         <wf lemma="." pos="X">.</wf>
      </sentence>
      <sentence id="d000.s5081" source="wordnet-croatian">
         <wf lemma="Dijete" pos="X">Dijete</wf>
         <wf lemma="je" pos="X">je</wf>
         <instance id="d000.s5081.t000" lemma="zamrsiti" pos="VERB">zamrsilo</instance>
         <wf lemma="sve" pos="X">sve</wf>
         <wf lemma="konopce" pos="X">konopce</wf>
         <wf lemma="." pos="X">.</wf>
      </sentence>
      <sentence id="d000.s5082" source="wordnet-croatian">
         <wf lemma="Knjiga" pos="X">Knjiga</wf>
         <wf lemma="je" pos="X">je</wf>
         <wf lemma="u" pos="X">u</wf>
         <instance id="d000.s5082.t000" lemma="tisak" pos="NOUN">tisku</instance>
         <wf lemma="." pos="X">.</wf>
      </sentence>
      <sentence id="d000.s5083" source="wordnet-croatian">
         <wf lemma="Rat" pos="X">Rat</wf>
         <wf lemma="je" pos="X">je</wf>
         <instance id="d000.s5083.t000" lemma="nepopularan" pos="ADJ">nepopularan</instance>
         <wf lemma="." pos="X">.</wf>
      </sentence>
      <sentence id="d000.s5084" source="wordnet-croatian">
         <wf lemma="Nakon" pos="X">Nakon</wf>
         <wf lemma="pokusa" pos="X">pokusa</wf>
         <wf lemma="u" pos="X">u</wf>
         <wf lemma="posudi" pos="X">posudi</wf>
         <wf lemma="je" pos="X">je</wf>
         <wf lemma="ostao" pos="X">ostao</wf>
         <wf lemma="samo" pos="X">samo</wf>
         <instance id="d000.s5084.t000" lemma="reziduum" pos="NOUN">reziduum</instance>
         <wf lemma="krutih" pos="X">krutih</wf>
         <wf lemma="tvari" pos="X">tvari</wf>
         <wf lemma="." pos="X">.</wf>
      </sentence>
      <sentence id="d000.s5085" source="wordnet-croatian">
         <wf lemma="Njihovi" pos="X">Njihovi</wf>
         <wf lemma="su" pos="X">su</wf>
         <instance id="d000.s5085.t000" lemma="proizvod" pos="NOUN">proizvodi</instance>
         <wf lemma="iz" pos="X">iz</wf>
         <wf lemma="dana" pos="X">dana</wf>
         <wf lemma="u" pos="X">u</wf>
         <wf lemma="dan" pos="X">dan</wf>
         <wf lemma="sve" pos="X">sve</wf>
         <wf lemma="bolji" pos="X">bolji</wf>
         <wf lemma="." pos="X">.</wf>
      </sentence>
      <sentence id="d000.s5086" source="wordnet-croatian">
         <wf lemma="Trebamo" pos="X">Trebamo</wf>
         <wf lemma="u" pos="X">u</wf>
         <wf lemma="potpunosti" pos="X">potpunosti</wf>
         <wf lemma="razumjeti" pos="X">razumjeti</wf>
         <wf lemma="međudjelovanje" pos="X">međudjelovanje</wf>
         <instance id="d000.s5086.t000" lemma="hidrosfera" pos="NOUN">hidrosfere</instance>
         <wf lemma="i" pos="X">i</wf>
         <wf lemma="atmosfere" pos="X">atmosfere</wf>
         <wf lemma="." pos="X">.</wf>
      </sentence>
      <sentence id="d000.s5087" source="wordnet-croatian">
         <wf lemma="Završio" pos="X">Završio</wf>
         <wf lemma="je" pos="X">je</wf>
         <wf lemma="zadaću" pos="X">zadaću</wf>
         <wf lemma="i" pos="X">i</wf>
         <wf lemma="prije" pos="X">prije</wf>
         <instance id="d000.s5087.t000" lemma="istek" pos="NOUN">isteka</instance>
         <wf lemma="roka" pos="X">roka</wf>
         <wf lemma="za" pos="X">za</wf>
         <wf lemma="predaju" pos="X">predaju</wf>
         <wf lemma="." pos="X">.</wf>
      </sentence>
      <sentence id="d000.s5088" source="wordnet-croatian">
         <instance id="d000.s5088.t000" lemma="tijek" pos="NOUN">Tijek</instance>
         <wf lemma="povijesti" pos="X">povijesti</wf>
         <wf lemma="je" pos="X">je</wf>
         <wf lemma="nepredvidljiv" pos="X">nepredvidljiv</wf>
         <wf lemma="." pos="X">.</wf>
      </sentence>
      <sentence id="d000.s5089" source="wordnet-croatian">
         <wf lemma="Od" pos="X">Od</wf>
         <instance id="d000.s5089.t000" lemma="začin" pos="NOUN">začina</instance>
         <wf lemma="je" pos="X">je</wf>
         <wf lemma="najčešće" pos="X">najčešće</wf>
         <wf lemma="koristila" pos="X">koristila</wf>
         <wf lemma="samo" pos="X">samo</wf>
         <wf lemma="sol" pos="X">sol</wf>
         <wf lemma="i" pos="X">i</wf>
         <wf lemma="papar" pos="X">papar</wf>
         <wf lemma="." pos="X">.</wf>
      </sentence>
      <sentence id="d000.s5090" source="wordnet-croatian">
         <wf lemma="Uspjeli" pos="X">Uspjeli</wf>
         <wf lemma="su" pos="X">su</wf>
         <wf lemma="samo" pos="X">samo</wf>
         <wf lemma="uz" pos="X">uz</wf>
         <wf lemma="veliki" pos="X">veliki</wf>
         <instance id="d000.s5090.t000" lemma="trud" pos="NOUN">trud</instance>
         <wf lemma="." pos="X">.</wf>
      </sentence>
      <sentence id="d000.s5091" source="wordnet-croatian">
         <wf lemma="Nemoj" pos="X">Nemoj</wf>
         <wf lemma="ići" pos="X">ići</wf>
         <wf lemma="u" pos="X">u</wf>
         <wf lemma="opasne" pos="X">opasne</wf>
         <instance id="d000.s5091.t000" lemma="kvart" pos="NOUN">kvartove</instance>
         <wf lemma="." pos="X">.</wf>
      </sentence>
      <sentence id="d000.s5092" source="wordnet-croatian">
         <instance id="d000.s5092.t000" lemma="izdvojiti" pos="VERB">Izdvojili</instance>
         <wf lemma="su" pos="X">su</wf>
         <wf lemma="političke" pos="X">političke</wf>
         <wf lemma="zatvorenike" pos="X">zatvorenike</wf>
         <wf lemma="od" pos="X">od</wf>
         <wf lemma="ostalih" pos="X">ostalih</wf>
         <wf lemma="robijaša" pos="X">robijaša</wf>
         <wf lemma="." pos="X">.</wf>
      </sentence>
      <sentence id="d000.s5093" source="wordnet-croatian">
         <instance id="d000.s5093.t000" lemma="pretres" pos="NOUN">Pretres</instance>
         <wf lemma="stana" pos="X">stana</wf>
         <wf lemma="rezultirao" pos="X">rezultirao</wf>
         <wf lemma="je" pos="X">je</wf>
         <wf lemma="novim" pos="X">novim</wf>
         <wf lemma="dokazima" pos="X">dokazima</wf>
         <wf lemma="." pos="X">.</wf>
      </sentence>
      <sentence id="d000.s5094" source="wordnet-croatian">
         <wf lemma="Pravovremenom" pos="X">Pravovremenom</wf>
         <instance id="d000.s5094.t000" lemma="uknjižba" pos="NOUN">uknjižbom</instance>
         <wf lemma="Marija" pos="X">Marija</wf>
         <wf lemma="je" pos="X">je</wf>
         <wf lemma="stekla" pos="X">stekla</wf>
         <wf lemma="vlasništvo" pos="X">vlasništvo</wf>
         <wf lemma="nad" pos="X">nad</wf>
         <wf lemma="tim" pos="X">tim</wf>
         <wf lemma="objektom" pos="X">objektom</wf>
         <wf lemma="." pos="X">.</wf>
      </sentence>
      <sentence id="d000.s5095" source="wordnet-croatian">
         <wf lemma="Nikada" pos="X">Nikada</wf>
         <wf lemma="nije" pos="X">nije</wf>
         <wf lemma="voljela" pos="X">voljela</wf>
         <wf lemma="jesti" pos="X">jesti</wf>
         <instance id="d000.s5095.t000" lemma="grah" pos="NOUN">grah</instance>
         <wf lemma="." pos="X">.</wf>
      </sentence>
      <sentence id="d000.s5096" source="wordnet-croatian">
         <wf lemma="Njegova" pos="X">Njegova</wf>
         <wf lemma="se" pos="X">se</wf>
         <instance id="d000.s5096.t000" lemma="obitelj" pos="NOUN">obitelj</instance>
         <wf lemma="preselila" pos="X">preselila</wf>
         <wf lemma="u" pos="X">u</wf>
         <wf lemma="veću" pos="X">veću</wf>
         <wf lemma="kuću" pos="X">kuću</wf>
         <wf lemma="." pos="X">.</wf>
      </sentence>
      <sentence id="d000.s5097" source="wordnet-croatian">
         <wf lemma="Samo" pos="X">Samo</wf>
         <wf lemma="ti" pos="X">ti</wf>
         <instance id="d000.s5097.t000" lemma="željeti" pos="VERB">želim</instance>
         <wf lemma="pomoći" pos="X">pomoći</wf>
         <wf lemma="." pos="X">.</wf>
      </sentence>
      <sentence id="d000.s5098" source="wordnet-croatian">
         <wf lemma="Kći" pos="X">Kći</wf>
         <wf lemma="joj" pos="X">joj</wf>
         <wf lemma="je" pos="X">je</wf>
         <wf lemma="pošarala" pos="X">pošarala</wf>
         <wf lemma="sve" pos="X">sve</wf>
         <instance id="d000.s5098.t000" lemma="formular" pos="NOUN">formulare</instance>
         <wf lemma="za" pos="X">za</wf>
         <wf lemma="dječji" pos="X">dječji</wf>
         <wf lemma="doplatak" pos="X">doplatak</wf>
         <wf lemma="." pos="X">.</wf>
      </sentence>
      <sentence id="d000.s5099" source="wordnet-croatian">
         <instance id="d000.s5099.t000" lemma="nizak" pos="ADJ">Niski</instance>
         <wf lemma="oblaci" pos="X">oblaci</wf>
         <wf lemma="najavljivali" pos="X">najavljivali</wf>
         <wf lemma="su" pos="X">su</wf>
         <wf lemma="kišu" pos="X">kišu</wf>
         <wf lemma="." pos="X">.</wf>
      </sentence>
      <sentence id="d000.s5100" source="wordnet-croatian">
         <instance id="d000.s5100.t000" lemma="obećavati" pos="VERB">Obećavam</instance>
         <wf lemma="da" pos="X">da</wf>
         <wf lemma="ću" pos="X">ću</wf>
         <wf lemma="dati" pos="X">dati</wf>
         <wf lemma="sve" pos="X">sve</wf>
         <wf lemma="od" pos="X">od</wf>
         <wf lemma="sebe" pos="X">sebe</wf>
         <wf lemma="kako" pos="X">kako</wf>
         <wf lemma="bih" pos="X">bih</wf>
         <wf lemma="ti" pos="X">ti</wf>
         <wf lemma="pomogla" pos="X">pomogla</wf>
         <wf lemma="." pos="X">.</wf>
      </sentence>
      <sentence id="d000.s5101" source="wordnet-croatian">
         <wf lemma="Na" pos="X">Na</wf>
         <wf lemma="putu" pos="X">putu</wf>
         <wf lemma="mi" pos="X">mi</wf>
         <wf lemma="se" pos="X">se</wf>
         <wf lemma="pokvario" pos="X">pokvario</wf>
         <instance id="d000.s5101.t000" lemma="pokazivač" pos="NOUN">pokazivač</instance>
         <wf lemma="brzine" pos="X">brzine</wf>
         <wf lemma="u" pos="X">u</wf>
         <wf lemma="automobilu" pos="X">automobilu</wf>
         <wf lemma="." pos="X">.</wf>
      </sentence>
      <sentence id="d000.s5102" source="wordnet-croatian">
         <wf lemma="Djeca" pos="X">Djeca</wf>
         <wf lemma="vole" pos="X">vole</wf>
         <wf lemma="gledati" pos="X">gledati</wf>
         <wf lemma="velike" pos="X">velike</wf>
         <instance id="d000.s5102.t000" lemma="dizalica" pos="NOUN">dizalice</instance>
         <wf lemma="." pos="X">.</wf>
      </sentence>
      <sentence id="d000.s5103" source="wordnet-croatian">
         <wf lemma="Sumnjivac" pos="X">Sumnjivac</wf>
         <instance id="d000.s5103.t000" lemma="odgovarati" pos="VERB">odgovara</instance>
         <wf lemma="žrtvinu" pos="X">žrtvinu</wf>
         <wf lemma="opisu" pos="X">opisu</wf>
         <wf lemma="." pos="X">.</wf>
      </sentence>
      <sentence id="d000.s5104" source="wordnet-croatian">
         <wf lemma="Do" pos="X">Do</wf>
         <wf lemma="nas" pos="X">nas</wf>
         <wf lemma="je" pos="X">je</wf>
         <wf lemma="dopirao" pos="X">dopirao</wf>
         <instance id="d000.s5104.t000" lemma="udaljen" pos="ADJ">udaljeni</instance>
         <wf lemma="zvuk" pos="X">zvuk</wf>
         <wf lemma="prometa" pos="X">prometa</wf>
         <wf lemma="." pos="X">.</wf>
      </sentence>
      <sentence id="d000.s5105" source="wordnet-croatian">
         <instance id="d000.s5105.t000" lemma="procedura" pos="NOUN">Procedura</instance>
         <wf lemma="za" pos="X">za</wf>
         <wf lemma="dobivanje" pos="X">dobivanje</wf>
         <wf lemma="državljanstva" pos="X">državljanstva</wf>
         <wf lemma="danas" pos="X">danas</wf>
         <wf lemma="je" pos="X">je</wf>
         <wf lemma="poprilično" pos="X">poprilično</wf>
         <wf lemma="jednostavna" pos="X">jednostavna</wf>
         <wf lemma="." pos="X">.</wf>
      </sentence>
      <sentence id="d000.s5106" source="wordnet-croatian">
         <wf lemma="Trener" pos="X">Trener</wf>
         <wf lemma="je" pos="X">je</wf>
         <wf lemma="nacrtao" pos="X">nacrtao</wf>
         <wf lemma="sve" pos="X">sve</wf>
         <wf lemma="napadačke" pos="X">napadačke</wf>
         <instance id="d000.s5106.t000" lemma="akcija" pos="NOUN">akcije</instance>
         <wf lemma="na" pos="X">na</wf>
         <wf lemma="ploču" pos="X">ploču</wf>
         <wf lemma="." pos="X">.</wf>
      </sentence>
      <sentence id="d000.s5107" source="wordnet-croatian">
         <wf lemma="Domaća" pos="X">Domaća</wf>
         <wf lemma="je" pos="X">je</wf>
         <wf lemma="momčad" pos="X">momčad</wf>
         <wf lemma="uputila" pos="X">uputila</wf>
         <wf lemma="10" pos="X">10</wf>
         <wf lemma="udaraca" pos="X">udaraca</wf>
         <wf lemma="prema" pos="X">prema</wf>
         <instance id="d000.s5107.t000" lemma="gol" pos="NOUN">golu</instance>
         <wf lemma="." pos="X">.</wf>
      </sentence>
      <sentence id="d000.s5108" source="wordnet-croatian">
         <wf lemma="Mediji" pos="X">Mediji</wf>
         <wf lemma="su" pos="X">su</wf>
         <wf lemma="cijelo" pos="X">cijelo</wf>
         <wf lemma="vrijeme" pos="X">vrijeme</wf>
         <wf lemma="izborne" pos="X">izborne</wf>
         <wf lemma="kampanje" pos="X">kampanje</wf>
         <wf lemma="pokazivali" pos="X">pokazivali</wf>
         <wf lemma="veliku" pos="X">veliku</wf>
         <instance id="d000.s5108.t000" lemma="pristranost" pos="NOUN">pristranost</instance>
         <wf lemma="." pos="X">.</wf>
      </sentence>
      <sentence id="d000.s5109" source="wordnet-croatian">
         <wf lemma="Mirno" pos="X">Mirno</wf>
         <wf lemma="je" pos="X">je</wf>
         <wf lemma="promatrao" pos="X">promatrao</wf>
         <wf lemma="kako" pos="X">kako</wf>
         <wf lemma="njegovi" pos="X">njegovi</wf>
         <instance id="d000.s5109.t000" lemma="sudrug" pos="NOUN">sudrugovi</instance>
         <wf lemma="muče" pos="X">muče</wf>
         <wf lemma="bespomoćno" pos="X">bespomoćno</wf>
         <wf lemma="stanovništvo" pos="X">stanovništvo</wf>
         <wf lemma="." pos="X">.</wf>
      </sentence>
      <sentence id="d000.s5110" source="wordnet-croatian">
         <wf lemma="Nikada" pos="X">Nikada</wf>
         <wf lemma="nije" pos="X">nije</wf>
         <wf lemma="dokraja" pos="X">dokraja</wf>
         <wf lemma="usvojila" pos="X">usvojila</wf>
         <wf lemma="sustav" pos="X">sustav</wf>
         <instance id="d000.s5110.t000" lemma="oznaka" pos="NOUN">oznaka</instance>
         <wf lemma="." pos="X">.</wf>
      </sentence>
      <sentence id="d000.s5111" source="wordnet-croatian">
         <wf lemma="Irak" pos="X">Irak</wf>
         <wf lemma="je" pos="X">je</wf>
         <wf lemma="izvršio" pos="X">izvršio</wf>
         <instance id="d000.s5111.t000" lemma="agresija" pos="NOUN">agresiju</instance>
         <wf lemma="na" pos="X">na</wf>
         <wf lemma="Kuvajt" pos="X">Kuvajt</wf>
         <wf lemma="." pos="X">.</wf>
      </sentence>
      <sentence id="d000.s5112" source="wordnet-croatian">
         <wf lemma="Još" pos="X">Još</wf>
         <wf lemma="jedan" pos="X">jedan</wf>
         <instance id="d000.s5112.t000" lemma="inozemac" pos="NOUN">inozemac</instance>
         <wf lemma="priključio" pos="X">priključio</wf>
         <wf lemma="se" pos="X">se</wf>
         <wf lemma="našem" pos="X">našem</wf>
         <wf lemma="nogometnom" pos="X">nogometnom</wf>
         <wf lemma="klubu" pos="X">klubu</wf>
         <wf lemma="." pos="X">.</wf>
      </sentence>
      <sentence id="d000.s5113" source="wordnet-croatian">
         <wf lemma="Određene" pos="X">Određene</wf>
         <wf lemma="interesne" pos="X">interesne</wf>
         <wf lemma="skupine" pos="X">skupine</wf>
         <wf lemma="nastoje" pos="X">nastoje</wf>
         <wf lemma="uvesti" pos="X">uvesti</wf>
         <wf lemma="neke" pos="X">neke</wf>
         <wf lemma="šerijatske" pos="X">šerijatske</wf>
         <wf lemma="nazore" pos="X">nazore</wf>
         <wf lemma="u" pos="X">u</wf>
         <wf lemma="građanski" pos="X">građanski</wf>
         <instance id="d000.s5113.t000" lemma="zakonik" pos="NOUN">zakonik</instance>
         <wf lemma="." pos="X">.</wf>
      </sentence>
      <sentence id="d000.s5114" source="wordnet-croatian">
         <wf lemma="Prva" pos="X">Prva</wf>
         <wf lemma="se" pos="X">se</wf>
         <instance id="d000.s5114.t000" lemma="prezime" pos="NOUN">prezimena</instance>
         <wf lemma="javljaju" pos="X">javljaju</wf>
         <wf lemma="u" pos="X">u</wf>
         <wf lemma="12." pos="X">12.</wf>
         <wf lemma="stoljeću" pos="X">stoljeću</wf>
         <wf lemma="." pos="X">.</wf>
      </sentence>
      <sentence id="d000.s5115" source="wordnet-croatian">
         <wf lemma="Mirko" pos="X">Mirko</wf>
         <wf lemma="se" pos="X">se</wf>
         <wf lemma="lupio" pos="X">lupio</wf>
         <wf lemma="o" pos="X">o</wf>
         <instance id="d000.s5115.t000" lemma="ćošak" pos="NOUN">ćošak</instance>
         <wf lemma="stola" pos="X">stola</wf>
         <wf lemma="." pos="X">.</wf>
      </sentence>
      <sentence id="d000.s5116" source="wordnet-croatian">
         <wf lemma="Odložio" pos="X">Odložio</wf>
         <wf lemma="je" pos="X">je</wf>
         <wf lemma="stvari" pos="X">stvari</wf>
         <wf lemma="na" pos="X">na</wf>
         <instance id="d000.s5116.t000" lemma="stolica" pos="NOUN">stolicu</instance>
         <wf lemma="i" pos="X">i</wf>
         <wf lemma="otišao" pos="X">otišao</wf>
         <wf lemma="u" pos="X">u</wf>
         <wf lemma="kupaonicu" pos="X">kupaonicu</wf>
         <wf lemma="." pos="X">.</wf>
      </sentence>
      <sentence id="d000.s5117" source="wordnet-croatian">
         <wf lemma="Još" pos="X">Još</wf>
         <wf lemma="uvijek" pos="X">uvijek</wf>
         <wf lemma="se" pos="X">se</wf>
         <wf lemma="traga" pos="X">traga</wf>
         <wf lemma="za" pos="X">za</wf>
         <wf lemma="planetima" pos="X">planetima</wf>
         <wf lemma="na" pos="X">na</wf>
         <wf lemma="kojima" pos="X">kojima</wf>
         <wf lemma="je" pos="X">je</wf>
         <instance id="d000.s5117.t000" lemma="moguć" pos="ADJ">moguć</instance>
         <wf lemma="život" pos="X">život</wf>
         <wf lemma="." pos="X">.</wf>
      </sentence>
      <sentence id="d000.s5118" source="wordnet-croatian">
         <wf lemma="Ta" pos="X">Ta</wf>
         <instance id="d000.s5118.t000" lemma="porodica" pos="NOUN">porodica</instance>
         <wf lemma="potječe" pos="X">potječe</wf>
         <wf lemma="od" pos="X">od</wf>
         <wf lemma="bana" pos="X">bana</wf>
         <wf lemma="Jelačića" pos="X">Jelačića</wf>
         <wf lemma="." pos="X">.</wf>
      </sentence>
      <sentence id="d000.s5119" source="wordnet-croatian">
         <wf lemma="Njegove" pos="X">Njegove</wf>
         <instance id="d000.s5119.t000" lemma="standard" pos="NOUN">standarde</instance>
         <wf lemma="nije" pos="X">nije</wf>
         <wf lemma="mogla" pos="X">mogla</wf>
         <wf lemma="zadovoljiti" pos="X">zadovoljiti</wf>
         <wf lemma="nijedna" pos="X">nijedna</wf>
         <wf lemma="žena" pos="X">žena</wf>
         <wf lemma="." pos="X">.</wf>
      </sentence>
      <sentence id="d000.s5120" source="wordnet-croatian">
         <wf lemma="Postoje" pos="X">Postoje</wf>
         <wf lemma="cijele" pos="X">cijele</wf>
         <wf lemma="knjige" pos="X">knjige</wf>
         <wf lemma="koje" pos="X">koje</wf>
         <wf lemma="se" pos="X">se</wf>
         <wf lemma="bave" pos="X">bave</wf>
         <instance id="d000.s5120.t000" lemma="brojivost" pos="NOUN">brojivošću</instance>
         <wf lemma="u" pos="X">u</wf>
         <wf lemma="jeziku" pos="X">jeziku</wf>
         <wf lemma="." pos="X">.</wf>
      </sentence>
      <sentence id="d000.s5121" source="wordnet-croatian">
         <wf lemma="U" pos="X">U</wf>
         <wf lemma="Karlovcu" pos="X">Karlovcu</wf>
         <wf lemma="se" pos="X">se</wf>
         <wf lemma="gradi" pos="X">gradi</wf>
         <wf lemma="nova" pos="X">nova</wf>
         <instance id="d000.s5121.t000" lemma="tvornica" pos="NOUN">tvornica</instance>
         <wf lemma="čarapa" pos="X">čarapa</wf>
         <wf lemma="." pos="X">.</wf>
      </sentence>
      <sentence id="d000.s5122" source="wordnet-croatian">
         <wf lemma="Bez" pos="X">Bez</wf>
         <wf lemma="kuhinjske" pos="X">kuhinjske</wf>
         <instance id="d000.s5122.t000" lemma="vaga" pos="NOUN">vage</instance>
         <wf lemma="ne" pos="X">ne</wf>
         <wf lemma="mogu" pos="X">mogu</wf>
         <wf lemma="se" pos="X">se</wf>
         <wf lemma="raditi" pos="X">raditi</wf>
         <wf lemma="kolači" pos="X">kolači</wf>
         <wf lemma="." pos="X">.</wf>
      </sentence>
      <sentence id="d000.s5123" source="wordnet-croatian">
         <wf lemma="Iako" pos="X">Iako</wf>
         <wf lemma="je" pos="X">je</wf>
         <wf lemma="po" pos="X">po</wf>
         <wf lemma="dobi" pos="X">dobi</wf>
         <wf lemma="već" pos="X">već</wf>
         <wf lemma="bio" pos="X">bio</wf>
         <instance id="d000.s5123.t000" lemma="starac" pos="NOUN">starac</instance>
         <wf lemma="," pos="X">,</wf>
         <wf lemma="to" pos="X">to</wf>
         <wf lemma="ga" pos="X">ga</wf>
         <wf lemma="nije" pos="X">nije</wf>
         <wf lemma="spriječilo" pos="X">spriječilo</wf>
         <wf lemma="da" pos="X">da</wf>
         <wf lemma="se" pos="X">se</wf>
         <wf lemma="popne" pos="X">popne</wf>
         <wf lemma="na" pos="X">na</wf>
         <wf lemma="Mont" pos="X">Mont</wf>
         <wf lemma="Blanc" pos="X">Blanc</wf>
         <wf lemma="." pos="X">.</wf>
      </sentence>
      <sentence id="d000.s5124" source="wordnet-croatian">
         <wf lemma="Muzej" pos="X">Muzej</wf>
         <wf lemma="je" pos="X">je</wf>
         <wf lemma="organizirao" pos="X">organizirao</wf>
         <instance id="d000.s5124.t000" lemma="izložba" pos="NOUN">izložbu</instance>
         <wf lemma="djela" pos="X">djela</wf>
         <wf lemma="suvremenih" pos="X">suvremenih</wf>
         <wf lemma="konceptualnih" pos="X">konceptualnih</wf>
         <wf lemma="umjetnika" pos="X">umjetnika</wf>
         <wf lemma="." pos="X">.</wf>
      </sentence>
      <sentence id="d000.s5125" source="wordnet-croatian">
         <wf lemma="Mirko" pos="X">Mirko</wf>
         <wf lemma="vodi" pos="X">vodi</wf>
         <wf lemma="svog" pos="X">svog</wf>
         <wf lemma="psa" pos="X">psa</wf>
         <wf lemma="na" pos="X">na</wf>
         <wf lemma="šetnju" pos="X">šetnju</wf>
         <wf lemma="u" pos="X">u</wf>
         <instance id="d000.s5125.t000" lemma="park" pos="NOUN">park</instance>
         <wf lemma="." pos="X">.</wf>
      </sentence>
      <sentence id="d000.s5126" source="wordnet-croatian">
         <wf lemma="Vremenski" pos="X">Vremenski</wf>
         <instance id="d000.s5126.t000" lemma="rok" pos="NOUN">rok</instance>
         <wf lemma="koji" pos="X">koji</wf>
         <wf lemma="je" pos="X">je</wf>
         <wf lemma="dobio" pos="X">dobio</wf>
         <wf lemma="za" pos="X">za</wf>
         <wf lemma="završni" pos="X">završni</wf>
         <wf lemma="obračun" pos="X">obračun</wf>
         <wf lemma="nije" pos="X">nije</wf>
         <wf lemma="mu" pos="X">mu</wf>
         <wf lemma="bio" pos="X">bio</wf>
         <wf lemma="dovoljan" pos="X">dovoljan</wf>
         <wf lemma="pa" pos="X">pa</wf>
         <wf lemma="je" pos="X">je</wf>
         <wf lemma="molio" pos="X">molio</wf>
         <wf lemma="šefa" pos="X">šefa</wf>
         <wf lemma="da" pos="X">da</wf>
         <wf lemma="mu" pos="X">mu</wf>
         <wf lemma="da" pos="X">da</wf>
         <wf lemma="malo" pos="X">malo</wf>
         <wf lemma="više" pos="X">više</wf>
         <wf lemma="vremena" pos="X">vremena</wf>
         <wf lemma="." pos="X">.</wf>
      </sentence>
      <sentence id="d000.s5127" source="wordnet-croatian">
         <wf lemma="Nemoj" pos="X">Nemoj</wf>
         <wf lemma="se" pos="X">se</wf>
         <wf lemma="predati" pos="X">predati</wf>
         <wf lemma="," pos="X">,</wf>
         <wf lemma="uvijek" pos="X">uvijek</wf>
         <wf lemma="postoji" pos="X">postoji</wf>
         <wf lemma="još" pos="X">još</wf>
         <wf lemma="barem" pos="X">barem</wf>
         <wf lemma="jedna" pos="X">jedna</wf>
         <instance id="d000.s5127.t000" lemma="opcija" pos="NOUN">opcija</instance>
         <wf lemma="." pos="X">.</wf>
      </sentence>
      <sentence id="d000.s5128" source="wordnet-croatian">
         <instance id="d000.s5128.t000" lemma="izjaviti" pos="VERB">Izjavio</instance>
         <wf lemma="joj" pos="X">joj</wf>
         <wf lemma="je" pos="X">je</wf>
         <wf lemma="svoju" pos="X">svoju</wf>
         <wf lemma="vječnu" pos="X">vječnu</wf>
         <wf lemma="ljubav" pos="X">ljubav</wf>
         <wf lemma="." pos="X">.</wf>
      </sentence>
      <sentence id="d000.s5129" source="wordnet-croatian">
         <instance id="d000.s5129.t000" lemma="odabir" pos="NOUN">Odabir</instance>
         <wf lemma="kuće" pos="X">kuće</wf>
         <wf lemma="koju" pos="X">koju</wf>
         <wf lemma="ću" pos="X">ću</wf>
         <wf lemma="kupiti" pos="X">kupiti</wf>
         <wf lemma="ne" pos="X">ne</wf>
         <wf lemma="ovisi" pos="X">ovisi</wf>
         <wf lemma="samo" pos="X">samo</wf>
         <wf lemma="o" pos="X">o</wf>
         <wf lemma="meni" pos="X">meni</wf>
         <wf lemma="," pos="X">,</wf>
         <wf lemma="već" pos="X">već</wf>
         <wf lemma="i" pos="X">i</wf>
         <wf lemma="o" pos="X">o</wf>
         <wf lemma="mojoj" pos="X">mojoj</wf>
         <wf lemma="obitelji" pos="X">obitelji</wf>
         <wf lemma="." pos="X">.</wf>
      </sentence>
      <sentence id="d000.s5130" source="wordnet-croatian">
         <instance id="d000.s5130.t000" lemma="spašavanje" pos="NOUN">Spašavanje</instance>
         <wf lemma="podataka" pos="X">podataka</wf>
         <wf lemma="s" pos="X">s</wf>
         <wf lemma="mojega" pos="X">mojega</wf>
         <wf lemma="tvrdog" pos="X">tvrdog</wf>
         <wf lemma="diska" pos="X">diska</wf>
         <wf lemma="nije" pos="X">nije</wf>
         <wf lemma="bilo" pos="X">bilo</wf>
         <wf lemma="moguće" pos="X">moguće</wf>
         <wf lemma="." pos="X">.</wf>
      </sentence>
      <sentence id="d000.s5131" source="wordnet-croatian">
         <instance id="d000.s5131.t000" lemma="vjenčati" pos="VERB">Vjenčali</instance>
         <wf lemma="smo" pos="X">smo</wf>
         <wf lemma="se" pos="X">se</wf>
         <wf lemma="u" pos="X">u</wf>
         <wf lemma="Las" pos="X">Las</wf>
         <wf lemma="Vegasu" pos="X">Vegasu</wf>
         <wf lemma="." pos="X">.</wf>
      </sentence>
      <sentence id="d000.s5132" source="wordnet-croatian">
         <instance id="d000.s5132.t000" lemma="trgovati" pos="VERB">Trgovao</instance>
         <wf lemma="je" pos="X">je</wf>
         <wf lemma="ekološki" pos="X">ekološki</wf>
         <wf lemma="uzgojenim" pos="X">uzgojenim</wf>
         <wf lemma="voćem" pos="X">voćem</wf>
         <wf lemma="i" pos="X">i</wf>
         <wf lemma="povrćem" pos="X">povrćem</wf>
         <wf lemma="." pos="X">.</wf>
      </sentence>
      <sentence id="d000.s5133" source="wordnet-croatian">
         <instance id="d000.s5133.t000" lemma="vidjeti" pos="VERB">Vidiš</instance>
         <wf lemma="li" pos="X">li</wf>
         <wf lemma="isto" pos="X">isto</wf>
         <wf lemma="što" pos="X">što</wf>
         <wf lemma="i" pos="X">i</wf>
         <wf lemma="ja" pos="X">ja</wf>
         <wf lemma="?" pos="X">?</wf>
      </sentence>
      <sentence id="d000.s5134" source="wordnet-croatian">
         <instance id="d000.s5134.t000" lemma="prijedlog" pos="NOUN">Prijedlog</instance>
         <wf lemma="'" pos="X">'</wf>
         <wf lemma="'k" pos="X">'k</wf>
         <wf lemma="'" pos="X">'</wf>
         <wf lemma="'" pos="X">'</wf>
         <wf lemma="uvijek" pos="X">uvijek</wf>
         <wf lemma="dolazi" pos="X">dolazi</wf>
         <wf lemma="s" pos="X">s</wf>
         <wf lemma="dativom" pos="X">dativom</wf>
         <wf lemma="." pos="X">.</wf>
      </sentence>
      <sentence id="d000.s5135" source="wordnet-croatian">
         <wf lemma="Zasatva" pos="X">Zasatva</wf>
         <wf lemma="je" pos="X">je</wf>
         <instance id="d000.s5135.t000" lemma="visjeti" pos="VERB">visjela</instance>
         <wf lemma="na" pos="X">na</wf>
         <wf lemma="stupu" pos="X">stupu</wf>
         <wf lemma="." pos="X">.</wf>
      </sentence>
      <sentence id="d000.s5136" source="wordnet-croatian">
         <wf lemma="Svi" pos="X">Svi</wf>
         <wf lemma="rođeni" pos="X">rođeni</wf>
         <wf lemma="moraju" pos="X">moraju</wf>
         <wf lemma="pravovremeno" pos="X">pravovremeno</wf>
         <wf lemma="biti" pos="X">biti</wf>
         <wf lemma="upisani" pos="X">upisani</wf>
         <wf lemma="u" pos="X">u</wf>
         <instance id="d000.s5136.t000" lemma="registar" pos="NOUN">registar</instance>
         <wf lemma="." pos="X">.</wf>
      </sentence>
      <sentence id="d000.s5137" source="wordnet-croatian">
         <wf lemma="Neki" pos="X">Neki</wf>
         <wf lemma="zločesti" pos="X">zločesti</wf>
         <wf lemma="anonimac" pos="X">anonimac</wf>
         <instance id="d000.s5137.t000" lemma="širiti" pos="VERB">širi</instance>
         <wf lemma="zlobne" pos="X">zlobne</wf>
         <wf lemma="tračeve" pos="X">tračeve</wf>
         <wf lemma="o" pos="X">o</wf>
         <wf lemma="voditelju" pos="X">voditelju</wf>
         <wf lemma="projekta" pos="X">projekta</wf>
         <wf lemma="." pos="X">.</wf>
      </sentence>
      <sentence id="d000.s5138" source="wordnet-croatian">
         <wf lemma="Podignuo" pos="X">Podignuo</wf>
         <wf lemma="sam" pos="X">sam</wf>
         <wf lemma="gotovinu" pos="X">gotovinu</wf>
         <wf lemma="na" pos="X">na</wf>
         <instance id="d000.s5138.t000" lemma="bankomat" pos="NOUN">bankomatu</instance>
         <wf lemma="." pos="X">.</wf>
      </sentence>
      <sentence id="d000.s5139" source="wordnet-croatian">
         <wf lemma="Nogomet" pos="X">Nogomet</wf>
         <wf lemma="je" pos="X">je</wf>
         <instance id="d000.s5139.t000" lemma="omiljen" pos="ADJ">omiljen</instance>
         <wf lemma="sport" pos="X">sport</wf>
         <wf lemma="u" pos="X">u</wf>
         <wf lemma="Europi" pos="X">Europi</wf>
         <wf lemma="." pos="X">.</wf>
      </sentence>
      <sentence id="d000.s5140" source="wordnet-croatian">
         <wf lemma="Kovač" pos="X">Kovač</wf>
         <wf lemma="je" pos="X">je</wf>
         <instance id="d000.s5140.t000" lemma="iskovati" pos="VERB">iskovao</instance>
         <wf lemma="potkove" pos="X">potkove</wf>
         <wf lemma="za" pos="X">za</wf>
         <wf lemma="Mirkova" pos="X">Mirkova</wf>
         <wf lemma="pastuha" pos="X">pastuha</wf>
         <wf lemma="." pos="X">.</wf>
      </sentence>
      <sentence id="d000.s5141" source="wordnet-croatian">
         <wf lemma="Elektronska" pos="X">Elektronska</wf>
         <instance id="d000.s5141.t000" lemma="konfiguracija" pos="NOUN">konfiguracija</instance>
         <wf lemma="jest" pos="X">jest</wf>
         <wf lemma="raspored" pos="X">raspored</wf>
         <wf lemma="elektrona" pos="X">elektrona</wf>
         <wf lemma="u" pos="X">u</wf>
         <wf lemma="atomu" pos="X">atomu</wf>
         <wf lemma="." pos="X">.</wf>
      </sentence>
      <sentence id="d000.s5142" source="wordnet-croatian">
         <wf lemma="Predavanje" pos="X">Predavanje</wf>
         <wf lemma="je" pos="X">je</wf>
         <wf lemma="bilo" pos="X">bilo</wf>
         <instance id="d000.s5142.t000" lemma="nezanimljiv" pos="ADJ">nezanimljivo</instance>
         <wf lemma="i" pos="X">i</wf>
         <wf lemma="studenti" pos="X">studenti</wf>
         <wf lemma="samo" pos="X">samo</wf>
         <wf lemma="što" pos="X">što</wf>
         <wf lemma="nisu" pos="X">nisu</wf>
         <wf lemma="pozaspali" pos="X">pozaspali</wf>
         <wf lemma="." pos="X">.</wf>
      </sentence>
      <sentence id="d000.s5143" source="wordnet-croatian">
         <wf lemma="Dinosauri" pos="X">Dinosauri</wf>
         <wf lemma="su" pos="X">su</wf>
         <wf lemma="hodali" pos="X">hodali</wf>
         <wf lemma="zemljom" pos="X">zemljom</wf>
         <wf lemma="u" pos="X">u</wf>
         <wf lemma="ranijim" pos="X">ranijim</wf>
         <wf lemma="geološkim" pos="X">geološkim</wf>
         <instance id="d000.s5143.t000" lemma="period" pos="NOUN">periodima</instance>
         <wf lemma="." pos="X">.</wf>
      </sentence>
      <sentence id="d000.s5144" source="wordnet-croatian">
         <wf lemma="Nikada" pos="X">Nikada</wf>
         <wf lemma="nije" pos="X">nije</wf>
         <wf lemma="voljela" pos="X">voljela</wf>
         <wf lemma="jesti" pos="X">jesti</wf>
         <instance id="d000.s5144.t000" lemma="špinat" pos="NOUN">špinat</instance>
         <wf lemma="," pos="X">,</wf>
         <wf lemma="ali" pos="X">ali</wf>
         <wf lemma="kada" pos="X">kada</wf>
         <wf lemma="je" pos="X">je</wf>
         <wf lemma="probala" pos="X">probala</wf>
         <wf lemma="salatu" pos="X">salatu</wf>
         <wf lemma="sa" pos="X">sa</wf>
         <wf lemma="špinatom" pos="X">špinatom</wf>
         <wf lemma="," pos="X">,</wf>
         <wf lemma="oduševila" pos="X">oduševila</wf>
         <wf lemma="se" pos="X">se</wf>
         <wf lemma="." pos="X">.</wf>
      </sentence>
      <sentence id="d000.s5145" source="wordnet-croatian">
         <wf lemma="Sunčeva" pos="X">Sunčeva</wf>
         <wf lemma="oluja" pos="X">oluja</wf>
         <wf lemma="koja" pos="X">koja</wf>
         <wf lemma="se" pos="X">se</wf>
         <wf lemma="dogodila" pos="X">dogodila</wf>
         <wf lemma="u" pos="X">u</wf>
         <wf lemma="nedjelju" pos="X">nedjelju</wf>
         <wf lemma="uzrokovala" pos="X">uzrokovala</wf>
         <wf lemma="je" pos="X">je</wf>
         <instance id="d000.s5145.t000" lemma="izboj" pos="NOUN">izboj</instance>
         <wf lemma="velike" pos="X">velike</wf>
         <wf lemma="količine" pos="X">količine</wf>
         <wf lemma="plazme" pos="X">plazme</wf>
         <wf lemma="." pos="X">.</wf>
      </sentence>
      <sentence id="d000.s5146" source="wordnet-croatian">
         <wf lemma="Odložila" pos="X">Odložila</wf>
         <wf lemma="je" pos="X">je</wf>
         <instance id="d000.s5146.t000" lemma="predivo" pos="NOUN">predivo</instance>
         <wf lemma="i" pos="X">i</wf>
         <wf lemma="krenula" pos="X">krenula</wf>
         <wf lemma="na" pos="X">na</wf>
         <wf lemma="počinak" pos="X">počinak</wf>
         <wf lemma="." pos="X">.</wf>
      </sentence>
      <sentence id="d000.s5147" source="wordnet-croatian">
         <wf lemma="Ne" pos="X">Ne</wf>
         <wf lemma="volim" pos="X">volim</wf>
         <instance id="d000.s5147.t000" lemma="besposličariti" pos="VERB">besposličariti</instance>
         <wf lemma="." pos="X">.</wf>
      </sentence>
      <sentence id="d000.s5148" source="wordnet-croatian">
         <wf lemma="Podigla" pos="X">Podigla</wf>
         <wf lemma="je" pos="X">je</wf>
         <instance id="d000.s5148.t000" lemma="slušalica" pos="NOUN">slušalicu</instance>
         <wf lemma="," pos="X">,</wf>
         <wf lemma="no" pos="X">no</wf>
         <wf lemma="nitko" pos="X">nitko</wf>
         <wf lemma="se" pos="X">se</wf>
         <wf lemma="nije" pos="X">nije</wf>
         <wf lemma="javljao" pos="X">javljao</wf>
         <wf lemma="." pos="X">.</wf>
      </sentence>
      <sentence id="d000.s5149" source="wordnet-croatian">
         <wf lemma="Naporno" pos="X">Naporno</wf>
         <instance id="d000.s5149.t000" lemma="trenirati" pos="VERB">trenira</instance>
         <wf lemma="za" pos="X">za</wf>
         <wf lemma="Olimpijadu" pos="X">Olimpijadu</wf>
         <wf lemma="." pos="X">.</wf>
      </sentence>
      <sentence id="d000.s5150" source="wordnet-croatian">
         <wf lemma="Pismo" pos="X">Pismo</wf>
         <wf lemma="će" pos="X">će</wf>
         <wf lemma="biti" pos="X">biti</wf>
         <wf lemma="poslano" pos="X">poslano</wf>
         <wf lemma="standardnim" pos="X">standardnim</wf>
         <instance id="d000.s5150.t000" lemma="put" pos="NOUN">putem</instance>
         <wf lemma="." pos="X">.</wf>
      </sentence>
      <sentence id="d000.s5151" source="wordnet-croatian">
         <wf lemma="Ako" pos="X">Ako</wf>
         <wf lemma="ste" pos="X">ste</wf>
         <wf lemma="gledali" pos="X">gledali</wf>
         <wf lemma="njegov" pos="X">njegov</wf>
         <instance id="d000.s5151.t000" lemma="šou" pos="NOUN">šou</instance>
         <wf lemma="," pos="X">,</wf>
         <wf lemma="bit" pos="X">bit</wf>
         <wf lemma="će" pos="X">će</wf>
         <wf lemma="vam" pos="X">vam</wf>
         <wf lemma="jasno" pos="X">jasno</wf>
         <wf lemma="zašto" pos="X">zašto</wf>
         <wf lemma="je" pos="X">je</wf>
         <wf lemma="on" pos="X">on</wf>
         <wf lemma="jedan" pos="X">jedan</wf>
         <wf lemma="od" pos="X">od</wf>
         <wf lemma="najpopularnijih" pos="X">najpopularnijih</wf>
         <wf lemma="američkih" pos="X">američkih</wf>
         <wf lemma="voditelja" pos="X">voditelja</wf>
         <wf lemma="." pos="X">.</wf>
      </sentence>
      <sentence id="d000.s5152" source="wordnet-croatian">
         <wf lemma="Nije" pos="X">Nije</wf>
         <wf lemma="nikako" pos="X">nikako</wf>
         <wf lemma="mogla" pos="X">mogla</wf>
         <wf lemma="provući" pos="X">provući</wf>
         <wf lemma="konac" pos="X">konac</wf>
         <wf lemma="kroz" pos="X">kroz</wf>
         <instance id="d000.s5152.t000" lemma="ušica" pos="NOUN">ušicu</instance>
         <wf lemma="." pos="X">.</wf>
      </sentence>
      <sentence id="d000.s5153" source="wordnet-croatian">
         <wf lemma="U" pos="X">U</wf>
         <wf lemma="životu" pos="X">životu</wf>
         <wf lemma="ćete" pos="X">ćete</wf>
         <wf lemma="se" pos="X">se</wf>
         <wf lemma="svidjeti" pos="X">svidjeti</wf>
         <wf lemma="ljudima" pos="X">ljudima</wf>
         <wf lemma="ako" pos="X">ako</wf>
         <wf lemma="pokažete" pos="X">pokažete</wf>
         <instance id="d000.s5153.t000" lemma="ljubaznost" pos="NOUN">ljubaznost</instance>
         <wf lemma="i" pos="X">i</wf>
         <wf lemma="dobru" pos="X">dobru</wf>
         <wf lemma="volju" pos="X">volju</wf>
         <wf lemma="." pos="X">.</wf>
      </sentence>
      <sentence id="d000.s5154" source="wordnet-croatian">
         <wf lemma="Građanima" pos="X">Građanima</wf>
         <wf lemma="još" pos="X">još</wf>
         <wf lemma="uvijek" pos="X">uvijek</wf>
         <wf lemma="nisu" pos="X">nisu</wf>
         <wf lemma="podmirene" pos="X">podmirene</wf>
         <wf lemma="štete" pos="X">štete</wf>
         <wf lemma="nastale" pos="X">nastale</wf>
         <wf lemma="na" pos="X">na</wf>
         <wf lemma="objektima" pos="X">objektima</wf>
         <wf lemma="uslijed" pos="X">uslijed</wf>
         <instance id="d000.s5154.t000" lemma="detonacija" pos="NOUN">detonacija</instance>
         <wf lemma="." pos="X">.</wf>
      </sentence>
      <sentence id="d000.s5155" source="wordnet-croatian">
         <wf lemma="Do" pos="X">Do</wf>
         <wf lemma="danas" pos="X">danas</wf>
         <wf lemma="je" pos="X">je</wf>
         <wf lemma="sačuvano" pos="X">sačuvano</wf>
         <wf lemma="pet" pos="X">pet</wf>
         <instance id="d000.s5155.t000" lemma="natpis" pos="NOUN">natpisa</instance>
         <wf lemma="kneza" pos="X">kneza</wf>
         <wf lemma="Branimira" pos="X">Branimira</wf>
         <wf lemma="." pos="X">.</wf>
      </sentence>
      <sentence id="d000.s5156" source="wordnet-croatian">
         <wf lemma="Večeras" pos="X">Večeras</wf>
         <wf lemma="Dinamo" pos="X">Dinamo</wf>
         <instance id="d000.s5156.t000" lemma="igrati" pos="VERB">igra</instance>
         <wf lemma="protiv" pos="X">protiv</wf>
         <wf lemma="Hajduka" pos="X">Hajduka</wf>
         <wf lemma="." pos="X">.</wf>
      </sentence>
      <sentence id="d000.s5157" source="wordnet-croatian">
         <instance id="d000.s5157.t000" lemma="veza" pos="NOUN">Veza</instance>
         <wf lemma="između" pos="X">između</wf>
         <wf lemma="dvaju" pos="X">dvaju</wf>
         <wf lemma="vagona" pos="X">vagona</wf>
         <wf lemma="popustila" pos="X">popustila</wf>
         <wf lemma="je" pos="X">je</wf>
         <wf lemma="." pos="X">.</wf>
      </sentence>
      <sentence id="d000.s5158" source="wordnet-croatian">
         <wf lemma="Glasači" pos="X">Glasači</wf>
         <wf lemma="će" pos="X">će</wf>
         <instance id="d000.s5158.t000" lemma="odlučiti" pos="VERB">odlučiti</instance>
         <wf lemma="tko" pos="X">tko</wf>
         <wf lemma="je" pos="X">je</wf>
         <wf lemma="u" pos="X">u</wf>
         <wf lemma="pravu" pos="X">pravu</wf>
         <wf lemma="." pos="X">.</wf>
      </sentence>
      <sentence id="d000.s5159" source="wordnet-croatian">
         <wf lemma="Imao" pos="X">Imao</wf>
         <wf lemma="je" pos="X">je</wf>
         <wf lemma="bogato" pos="X">bogato</wf>
         <wf lemma="vozačko" pos="X">vozačko</wf>
         <instance id="d000.s5159.t000" lemma="iskustvo" pos="NOUN">iskustvo</instance>
         <wf lemma="." pos="X">.</wf>
      </sentence>
      <sentence id="d000.s5160" source="wordnet-croatian">
         <wf lemma="Ne" pos="X">Ne</wf>
         <instance id="d000.s5160.t000" lemma="potpomagati" pos="VERB">potpomaže</instance>
         <wf lemma="čak" pos="X">čak</wf>
         <wf lemma="ni" pos="X">ni</wf>
         <wf lemma="vlastitu" pos="X">vlastitu</wf>
         <wf lemma="djecu" pos="X">djecu</wf>
         <wf lemma="." pos="X">.</wf>
      </sentence>
      <sentence id="d000.s5161" source="wordnet-croatian">
         <wf lemma="Pirotehničari" pos="X">Pirotehničari</wf>
         <wf lemma="su" pos="X">su</wf>
         <wf lemma="u" pos="X">u</wf>
         <wf lemma="posljednji" pos="X">posljednji</wf>
         <wf lemma="trenutak" pos="X">trenutak</wf>
         <wf lemma="deaktivirali" pos="X">deaktivirali</wf>
         <instance id="d000.s5161.t000" lemma="bomba" pos="NOUN">bombu</instance>
         <wf lemma="." pos="X">.</wf>
      </sentence>
      <sentence id="d000.s5162" source="wordnet-croatian">
         <wf lemma="U" pos="X">U</wf>
         <wf lemma="povijesti" pos="X">povijesti</wf>
         <wf lemma="mnoge" pos="X">mnoge</wf>
         <wf lemma="su" pos="X">su</wf>
         <wf lemma="vojske" pos="X">vojske</wf>
         <wf lemma="bezobzirno" pos="X">bezobzirno</wf>
         <instance id="d000.s5162.t000" lemma="klati" pos="VERB">klale</instance>
         <wf lemma="civile" pos="X">civile</wf>
         <wf lemma="." pos="X">.</wf>
      </sentence>
      <sentence id="d000.s5163" source="wordnet-croatian">
         <wf lemma="Trenutni" pos="X">Trenutni</wf>
         <wf lemma="izračuni" pos="X">izračuni</wf>
         <instance id="d000.s5163.t000" lemma="putanja" pos="NOUN">putanje</instance>
         <wf lemma="asteroide" pos="X">asteroide</wf>
         <wf lemma="uzrokovali" pos="X">uzrokovali</wf>
         <wf lemma="su" pos="X">su</wf>
         <wf lemma="zabrinutost" pos="X">zabrinutost</wf>
         <wf lemma="." pos="X">.</wf>
      </sentence>
      <sentence id="d000.s5164" source="wordnet-croatian">
         <instance id="d000.s5164.t000" lemma="svila" pos="NOUN">Svila</instance>
         <wf lemma="je" pos="X">je</wf>
         <wf lemma="mekan" pos="X">mekan</wf>
         <wf lemma="," pos="X">,</wf>
         <wf lemma="podatan" pos="X">podatan</wf>
         <wf lemma="," pos="X">,</wf>
         <wf lemma="nježan" pos="X">nježan</wf>
         <wf lemma="," pos="X">,</wf>
         <wf lemma="ali" pos="X">ali</wf>
         <wf lemma="i" pos="X">i</wf>
         <wf lemma="vrlo" pos="X">vrlo</wf>
         <wf lemma="osjetljiv" pos="X">osjetljiv</wf>
         <wf lemma="materijal" pos="X">materijal</wf>
         <wf lemma="." pos="X">.</wf>
      </sentence>
      <sentence id="d000.s5165" source="wordnet-croatian">
         <wf lemma="Zvao" pos="X">Zvao</wf>
         <wf lemma="sam" pos="X">sam</wf>
         <wf lemma="ju" pos="X">ju</wf>
         <wf lemma="nebrojeno" pos="X">nebrojeno</wf>
         <instance id="d000.s5165.t000" lemma="put" pos="NOUN">puta</instance>
         <wf lemma="na" pos="X">na</wf>
         <wf lemma="telefon" pos="X">telefon</wf>
         <wf lemma="." pos="X">.</wf>
      </sentence>
      <sentence id="d000.s5166" source="wordnet-croatian">
         <wf lemma="Neupućenima" pos="X">Neupućenima</wf>
         <wf lemma="je" pos="X">je</wf>
         <wf lemma="teško" pos="X">teško</wf>
         <wf lemma="izračunati" pos="X">izračunati</wf>
         <instance id="d000.s5166.t000" lemma="elevacija" pos="NOUN">elevaciju</instance>
         <wf lemma="." pos="X">.</wf>
      </sentence>
      <sentence id="d000.s5167" source="wordnet-croatian">
         <instance id="d000.s5167.t000" lemma="ukočenost" pos="NOUN">Ukočenost</instance>
         <wf lemma="vratnih" pos="X">vratnih</wf>
         <wf lemma="mišića" pos="X">mišića</wf>
         <wf lemma="posljedica" pos="X">posljedica</wf>
         <wf lemma="je" pos="X">je</wf>
         <wf lemma="izloženosti" pos="X">izloženosti</wf>
         <wf lemma="stresu" pos="X">stresu</wf>
         <wf lemma="." pos="X">.</wf>
      </sentence>
      <sentence id="d000.s5168" source="wordnet-croatian">
         <wf lemma="Danielu" pos="X">Danielu</wf>
         <wf lemma="su" pos="X">su</wf>
         <wf lemma="natjerali" pos="X">natjerali</wf>
         <wf lemma="da" pos="X">da</wf>
         <wf lemma="obučena" pos="X">obučena</wf>
         <wf lemma="u" pos="X">u</wf>
         <wf lemma="anđela" pos="X">anđela</wf>
         <instance id="d000.s5168.t000" lemma="recitirati" pos="VERB">recitira</instance>
         <wf lemma="pjesmu" pos="X">pjesmu</wf>
         <wf lemma="pred" pos="X">pred</wf>
         <wf lemma="širokim" pos="X">širokim</wf>
         <wf lemma="auditorijem" pos="X">auditorijem</wf>
         <wf lemma="roditelja" pos="X">roditelja</wf>
         <wf lemma="i" pos="X">i</wf>
         <wf lemma="profesora" pos="X">profesora</wf>
         <wf lemma="." pos="X">.</wf>
      </sentence>
      <sentence id="d000.s5169" source="wordnet-croatian">
         <wf lemma="Svaki" pos="X">Svaki</wf>
         <wf lemma="je" pos="X">je</wf>
         <wf lemma="petak" pos="X">petak</wf>
         <wf lemma="prije" pos="X">prije</wf>
         <wf lemma="posla" pos="X">posla</wf>
         <wf lemma="išao" pos="X">išao</wf>
         <wf lemma="uplatiti" pos="X">uplatiti</wf>
         <wf lemma="listić" pos="X">listić</wf>
         <wf lemma="u" pos="X">u</wf>
         <instance id="d000.s5169.t000" lemma="kladionica" pos="NOUN">kladionicu</instance>
         <wf lemma="." pos="X">.</wf>
      </sentence>
      <sentence id="d000.s5170" source="wordnet-croatian">
         <wf lemma="Svi" pos="X">Svi</wf>
         <wf lemma="su" pos="X">su</wf>
         <wf lemma="se" pos="X">se</wf>
         <wf lemma="pouzdali" pos="X">pouzdali</wf>
         <wf lemma="u" pos="X">u</wf>
         <instance id="d000.s5170.t000" lemma="pronicljivost" pos="NOUN">pronicljivost</instance>
         <wf lemma="svojega" pos="X">svojega</wf>
         <wf lemma="vođe" pos="X">vođe</wf>
         <wf lemma="." pos="X">.</wf>
      </sentence>
      <sentence id="d000.s5171" source="wordnet-croatian">
         <wf lemma="Svaki" pos="X">Svaki</wf>
         <wf lemma="grad" pos="X">grad</wf>
         <wf lemma="ima" pos="X">ima</wf>
         <wf lemma="svojih" pos="X">svojih</wf>
         <instance id="d000.s5171.t000" lemma="kvaliteta" pos="NOUN">kvaliteta</instance>
         <wf lemma="." pos="X">.</wf>
      </sentence>
      <sentence id="d000.s5172" source="wordnet-croatian">
         <instance id="d000.s5172.t000" lemma="odbacivati" pos="VERB">Odbacujem</instance>
         <wf lemma="sve" pos="X">sve</wf>
         <wf lemma="prigovore" pos="X">prigovore</wf>
         <wf lemma="protiv" pos="X">protiv</wf>
         <wf lemma="njega" pos="X">njega</wf>
         <wf lemma="." pos="X">.</wf>
      </sentence>
      <sentence id="d000.s5173" source="wordnet-croatian">
         <wf lemma="Bio" pos="X">Bio</wf>
         <wf lemma="je" pos="X">je</wf>
         <wf lemma="to" pos="X">to</wf>
         <instance id="d000.s5173.t000" lemma="siguran" pos="ADJ">siguran</instance>
         <wf lemma="dokaz" pos="X">dokaz</wf>
         <wf lemma="njegove" pos="X">njegove</wf>
         <wf lemma="krivnje" pos="X">krivnje</wf>
         <wf lemma="." pos="X">.</wf>
      </sentence>
      <sentence id="d000.s5174" source="wordnet-croatian">
         <instance id="d000.s5174.t000" lemma="opremiti" pos="VERB">Opremili</instance>
         <wf lemma="smo" pos="X">smo</wf>
         <wf lemma="naš" pos="X">naš</wf>
         <wf lemma="novi" pos="X">novi</wf>
         <wf lemma="stan" pos="X">stan</wf>
         <wf lemma="skupim" pos="X">skupim</wf>
         <wf lemma="parketom" pos="X">parketom</wf>
         <wf lemma="od" pos="X">od</wf>
         <wf lemma="madagaskarske" pos="X">madagaskarske</wf>
         <wf lemma="tikovine" pos="X">tikovine</wf>
         <wf lemma="." pos="X">.</wf>
      </sentence>
      <sentence id="d000.s5175" source="wordnet-croatian">
         <wf lemma="Na" pos="X">Na</wf>
         <wf lemma="televiziji" pos="X">televiziji</wf>
         <wf lemma="su" pos="X">su</wf>
         <wf lemma="prikazali" pos="X">prikazali</wf>
         <wf lemma="izvarendno" pos="X">izvarendno</wf>
         <instance id="d000.s5175.t000" lemma="obraćanje" pos="NOUN">obraćanje</instance>
         <wf lemma="predsjednika" pos="X">predsjednika</wf>
         <wf lemma="naciji" pos="X">naciji</wf>
         <wf lemma="." pos="X">.</wf>
      </sentence>
      <sentence id="d000.s5176" source="wordnet-croatian">
         <instance id="d000.s5176.t000" lemma="porazdijeliti" pos="VERB">Porazdijelio</instance>
         <wf lemma="je" pos="X">je</wf>
         <wf lemma="novac" pos="X">novac</wf>
         <wf lemma="svojim" pos="X">svojim</wf>
         <wf lemma="suradnicima" pos="X">suradnicima</wf>
         <wf lemma="." pos="X">.</wf>
      </sentence>
      <sentence id="d000.s5177" source="wordnet-croatian">
         <wf lemma="Po" pos="X">Po</wf>
         <wf lemma="prirodi" pos="X">prirodi</wf>
         <wf lemma="je" pos="X">je</wf>
         <wf lemma="bio" pos="X">bio</wf>
         <instance id="d000.s5177.t000" lemma="inertan" pos="ADJ">inertan</instance>
         <wf lemma="." pos="X">.</wf>
      </sentence>
      <sentence id="d000.s5178" source="wordnet-croatian">
         <wf lemma="Cijene" pos="X">Cijene</wf>
         <wf lemma="su" pos="X">su</wf>
         <wf lemma="i" pos="X">i</wf>
         <wf lemma="dalje" pos="X">dalje</wf>
         <wf lemma="bile" pos="X">bile</wf>
         <instance id="d000.s5178.t000" lemma="visok" pos="ADJ">visoke</instance>
         <wf lemma="," pos="X">,</wf>
         <wf lemma="unatoč" pos="X">unatoč</wf>
         <wf lemma="brojnim" pos="X">brojnim</wf>
         <wf lemma="sniženjima" pos="X">sniženjima</wf>
         <wf lemma="." pos="X">.</wf>
      </sentence>
      <sentence id="d000.s5179" source="wordnet-croatian">
         <wf lemma="Mirko" pos="X">Mirko</wf>
         <instance id="d000.s5179.t000" lemma="falsificirati" pos="VERB">falsificira</instance>
         <wf lemma="novac" pos="X">novac</wf>
         <wf lemma="." pos="X">.</wf>
      </sentence>
      <sentence id="d000.s5180" source="wordnet-croatian">
         <instance id="d000.s5180.t000" lemma="službenik" pos="NOUN">Službenik</instance>
         <wf lemma="u" pos="X">u</wf>
         <wf lemma="pošti" pos="X">pošti</wf>
         <wf lemma="odbio" pos="X">odbio</wf>
         <wf lemma="ju" pos="X">ju</wf>
         <wf lemma="je" pos="X">je</wf>
         <wf lemma="uslužiti" pos="X">uslužiti</wf>
         <wf lemma="." pos="X">.</wf>
      </sentence>
      <sentence id="d000.s5181" source="wordnet-croatian">
         <wf lemma="Jedino" pos="X">Jedino</wf>
         <wf lemma="što" pos="X">što</wf>
         <wf lemma="mu" pos="X">mu</wf>
         <wf lemma="je" pos="X">je</wf>
         <instance id="d000.s5181.t000" lemma="misliti" pos="VERB">mislila</instance>
         <wf lemma="reći" pos="X">reći</wf>
         <wf lemma="bilo" pos="X">bilo</wf>
         <wf lemma="je" pos="X">je</wf>
         <wf lemma="da" pos="X">da</wf>
         <wf lemma="ga" pos="X">ga</wf>
         <wf lemma="više" pos="X">više</wf>
         <wf lemma="ne" pos="X">ne</wf>
         <wf lemma="voli" pos="X">voli</wf>
         <wf lemma="." pos="X">.</wf>
      </sentence>
      <sentence id="d000.s5182" source="wordnet-croatian">
         <wf lemma="Razgovor" pos="X">Razgovor</wf>
         <wf lemma="za" pos="X">za</wf>
         <wf lemma="posao" pos="X">posao</wf>
         <wf lemma="je" pos="X">je</wf>
         <instance id="d000.s5182.t000" lemma="proteći" pos="VERB">protekao</instance>
         <wf lemma="brzo" pos="X">brzo</wf>
         <wf lemma="i" pos="X">i</wf>
         <wf lemma="bezbolno" pos="X">bezbolno</wf>
         <wf lemma="." pos="X">.</wf>
      </sentence>
      <sentence id="d000.s5183" source="wordnet-croatian">
         <wf lemma="Ova" pos="X">Ova</wf>
         <wf lemma="ti" pos="X">ti</wf>
         <wf lemma="vježba" pos="X">vježba</wf>
         <wf lemma="može" pos="X">može</wf>
         <instance id="d000.s5183.t000" lemma="nauditi" pos="VERB">nauditi</instance>
         <wf lemma="." pos="X">.</wf>
      </sentence>
      <sentence id="d000.s5184" source="wordnet-croatian">
         <instance id="d000.s5184.t000" lemma="kupina" pos="NOUN">Kupine</instance>
         <wf lemma="će" pos="X">će</wf>
         <wf lemma="brzo" pos="X">brzo</wf>
         <wf lemma="dozrijeti" pos="X">dozrijeti</wf>
         <wf lemma="ako" pos="X">ako</wf>
         <wf lemma="će" pos="X">će</wf>
         <wf lemma="i" pos="X">i</wf>
         <wf lemma="dalje" pos="X">dalje</wf>
         <wf lemma="biti" pos="X">biti</wf>
         <wf lemma="ovako" pos="X">ovako</wf>
         <wf lemma="sunčano" pos="X">sunčano</wf>
         <wf lemma="." pos="X">.</wf>
      </sentence>
      <sentence id="d000.s5185" source="wordnet-croatian">
         <wf lemma="Znaš" pos="X">Znaš</wf>
         <wf lemma="li" pos="X">li</wf>
         <wf lemma="da" pos="X">da</wf>
         <instance id="d000.s5185.t000" lemma="izlaziti" pos="VERB">izlazi</instance>
         <wf lemma="s" pos="X">s</wf>
         <wf lemma="nekim" pos="X">nekim</wf>
         <wf lemma="starijim" pos="X">starijim</wf>
         <wf lemma="muškarcem" pos="X">muškarcem</wf>
         <wf lemma="?" pos="X">?</wf>
      </sentence>
      <sentence id="d000.s5186" source="wordnet-croatian">
         <wf lemma="Zavjese" pos="X">Zavjese</wf>
         <wf lemma="na" pos="X">na</wf>
         <wf lemma="prozoru" pos="X">prozoru</wf>
         <wf lemma="sprečavale" pos="X">sprečavale</wf>
         <wf lemma="su" pos="X">su</wf>
         <wf lemma="prodor" pos="X">prodor</wf>
         <wf lemma="dnevnog" pos="X">dnevnog</wf>
         <instance id="d000.s5186.t000" lemma="svjetlo" pos="NOUN">svjetla</instance>
         <wf lemma="." pos="X">.</wf>
      </sentence>
      <sentence id="d000.s5187" source="wordnet-croatian">
         <wf lemma="Nakon" pos="X">Nakon</wf>
         <wf lemma="višednevne" pos="X">višednevne</wf>
         <wf lemma="potrage" pos="X">potrage</wf>
         <wf lemma="uspjeli" pos="X">uspjeli</wf>
         <wf lemma="smo" pos="X">smo</wf>
         <instance id="d000.s5187.t000" lemma="locirati" pos="VERB">locirati</instance>
         <wf lemma="nestale" pos="X">nestale</wf>
         <wf lemma="djevojčice" pos="X">djevojčice</wf>
         <wf lemma="." pos="X">.</wf>
      </sentence>
      <sentence id="d000.s5188" source="wordnet-croatian">
         <wf lemma="Trebali" pos="X">Trebali</wf>
         <wf lemma="bi" pos="X">bi</wf>
         <wf lemma="povećati" pos="X">povećati</wf>
         <wf lemma="prijevoz" pos="X">prijevoz</wf>
         <wf lemma="teškog" pos="X">teškog</wf>
         <instance id="d000.s5188.t000" lemma="teret" pos="NOUN">tereta</instance>
         <wf lemma="vlakovima" pos="X">vlakovima</wf>
         <wf lemma="u" pos="X">u</wf>
         <wf lemma="Hrvatskoj" pos="X">Hrvatskoj</wf>
         <wf lemma="." pos="X">.</wf>
      </sentence>
      <sentence id="d000.s5189" source="wordnet-croatian">
         <wf lemma="Važno" pos="X">Važno</wf>
         <wf lemma="je" pos="X">je</wf>
         <wf lemma="imati" pos="X">imati</wf>
         <wf lemma="dobru" pos="X">dobru</wf>
         <wf lemma="cirkulaciju" pos="X">cirkulaciju</wf>
         <wf lemma="u" pos="X">u</wf>
         <instance id="d000.s5189.t000" lemma="ekstremitet" pos="NOUN">ekstremitetima</instance>
         <wf lemma="." pos="X">.</wf>
      </sentence>
      <sentence id="d000.s5190" source="wordnet-croatian">
         <wf lemma="Hoćeš" pos="X">Hoćeš</wf>
         <wf lemma="li" pos="X">li</wf>
         <wf lemma="mi" pos="X">mi</wf>
         <wf lemma="dati" pos="X">dati</wf>
         <wf lemma="svoj" pos="X">svoj</wf>
         <instance id="d000.s5190.t000" lemma="broj" pos="NOUN">broj</instance>
         <wf lemma="telefona" pos="X">telefona</wf>
         <wf lemma="?" pos="X">?</wf>
      </sentence>
      <sentence id="d000.s5191" source="wordnet-croatian">
         <wf lemma="Moram" pos="X">Moram</wf>
         <instance id="d000.s5191.t000" lemma="provjetriti" pos="VERB">provjetriti</instance>
         <wf lemma="sobu" pos="X">sobu</wf>
         <wf lemma="nakon" pos="X">nakon</wf>
         <wf lemma="jučerašnje" pos="X">jučerašnje</wf>
         <wf lemma="zabave" pos="X">zabave</wf>
         <wf lemma="." pos="X">.</wf>
      </sentence>
      <sentence id="d000.s5192" source="wordnet-croatian">
         <wf lemma="Njezinu" pos="X">Njezinu</wf>
         <instance id="d000.s5192.t000" lemma="briga" pos="NOUN">brigu</instance>
         <wf lemma="za" pos="X">za</wf>
         <wf lemma="siromašne" pos="X">siromašne</wf>
         <wf lemma="ništa" pos="X">ništa</wf>
         <wf lemma="nije" pos="X">nije</wf>
         <wf lemma="moglo" pos="X">moglo</wf>
         <wf lemma="zaustaviti" pos="X">zaustaviti</wf>
         <wf lemma="." pos="X">.</wf>
      </sentence>
      <sentence id="d000.s5193" source="wordnet-croatian">
         <wf lemma="Njihovi" pos="X">Njihovi</wf>
         <wf lemma="su" pos="X">su</wf>
         <wf lemma="odnosi" pos="X">odnosi</wf>
         <wf lemma="bili" pos="X">bili</wf>
         <wf lemma="pristojni" pos="X">pristojni</wf>
         <wf lemma="," pos="X">,</wf>
         <wf lemma="ali" pos="X">ali</wf>
         <instance id="d000.s5193.t000" lemma="hladan" pos="ADJ">hladni</instance>
         <wf lemma="." pos="X">.</wf>
      </sentence>
      <sentence id="d000.s5194" source="wordnet-croatian">
         <wf lemma="Radnik" pos="X">Radnik</wf>
         <wf lemma="vodovoda" pos="X">vodovoda</wf>
         <wf lemma="došao" pos="X">došao</wf>
         <wf lemma="je" pos="X">je</wf>
         <wf lemma="očitati" pos="X">očitati</wf>
         <instance id="d000.s5194.t000" lemma="brojilo" pos="NOUN">brojilo</instance>
         <wf lemma="za" pos="X">za</wf>
         <wf lemma="vodu" pos="X">vodu</wf>
         <wf lemma="." pos="X">.</wf>
      </sentence>
      <sentence id="d000.s5195" source="wordnet-croatian">
         <wf lemma="Njegovo" pos="X">Njegovo</wf>
         <instance id="d000.s5195.t000" lemma="ocrnjivanje" pos="NOUN">ocrnjivanje</instance>
         <wf lemma="supruge" pos="X">supruge</wf>
         <wf lemma="nikako" pos="X">nikako</wf>
         <wf lemma="nije" pos="X">nije</wf>
         <wf lemma="prestajalo" pos="X">prestajalo</wf>
         <wf lemma="." pos="X">.</wf>
      </sentence>
      <sentence id="d000.s5196" source="wordnet-croatian">
         <wf lemma="Lopata" pos="X">Lopata</wf>
         <wf lemma="služi" pos="X">služi</wf>
         <wf lemma="za" pos="X">za</wf>
         <wf lemma="kopanje" pos="X">kopanje</wf>
         <instance id="d000.s5196.t000" lemma="zemlja" pos="NOUN">zemlje</instance>
         <wf lemma="." pos="X">.</wf>
      </sentence>
      <sentence id="d000.s5197" source="wordnet-croatian">
         <wf lemma="Studenti" pos="X">Studenti</wf>
         <wf lemma="se" pos="X">se</wf>
         <wf lemma="još" pos="X">još</wf>
         <wf lemma="na" pos="X">na</wf>
         <wf lemma="studiju" pos="X">studiju</wf>
         <wf lemma="pripremaju" pos="X">pripremaju</wf>
         <wf lemma="na" pos="X">na</wf>
         <wf lemma="rad" pos="X">rad</wf>
         <wf lemma="u" pos="X">u</wf>
         <instance id="d000.s5197.t000" lemma="nastava" pos="NOUN">nastavi</instance>
         <wf lemma="." pos="X">.</wf>
      </sentence>
      <sentence id="d000.s5198" source="wordnet-croatian">
         <wf lemma="Pšenicu" pos="X">Pšenicu</wf>
         <wf lemma="bi" pos="X">bi</wf>
         <wf lemma="zatim" pos="X">zatim</wf>
         <wf lemma="nosili" pos="X">nosili</wf>
         <wf lemma="u" pos="X">u</wf>
         <instance id="d000.s5198.t000" lemma="mlin" pos="NOUN">mlin</instance>
         <wf lemma="da" pos="X">da</wf>
         <wf lemma="dobiju" pos="X">dobiju</wf>
         <wf lemma="brašno" pos="X">brašno</wf>
         <wf lemma="." pos="X">.</wf>
      </sentence>
      <sentence id="d000.s5199" source="wordnet-croatian">
         <instance id="d000.s5199.t000" lemma="nagomilavanje" pos="NOUN">Nagomilavanje</instance>
         <wf lemma="oružja" pos="X">oružja</wf>
         <wf lemma="prijetnja" pos="X">prijetnja</wf>
         <wf lemma="je" pos="X">je</wf>
         <wf lemma="miru" pos="X">miru</wf>
         <wf lemma="." pos="X">.</wf>
      </sentence>
      <sentence id="d000.s5200" source="wordnet-croatian">
         <wf lemma="Nikolu" pos="X">Nikolu</wf>
         <wf lemma="Teslu" pos="X">Teslu</wf>
         <wf lemma="smatrali" pos="X">smatrali</wf>
         <wf lemma="su" pos="X">su</wf>
         <instance id="d000.s5200.t000" lemma="ekscentrik" pos="NOUN">ekscentrikom</instance>
         <wf lemma="," pos="X">,</wf>
         <wf lemma="samo" pos="X">samo</wf>
         <wf lemma="zato" pos="X">zato</wf>
         <wf lemma="jer" pos="X">jer</wf>
         <wf lemma="je" pos="X">je</wf>
         <wf lemma="bio" pos="X">bio</wf>
         <wf lemma="drugačiji" pos="X">drugačiji</wf>
         <wf lemma="." pos="X">.</wf>
      </sentence>
      <sentence id="d000.s5201" source="wordnet-croatian">
         <wf lemma="Aviom" pos="X">Aviom</wf>
         <wf lemma="je" pos="X">je</wf>
         <instance id="d000.s5201.t000" lemma="rasipati" pos="VERB">rasipao</instance>
         <wf lemma="letke" pos="X">letke</wf>
         <wf lemma="iznad" pos="X">iznad</wf>
         <wf lemma="grada" pos="X">grada</wf>
         <wf lemma="." pos="X">.</wf>
      </sentence>
      <sentence id="d000.s5202" source="wordnet-croatian">
         <wf lemma="Zbog" pos="X">Zbog</wf>
         <wf lemma="svoje" pos="X">svoje</wf>
         <wf lemma="je" pos="X">je</wf>
         <instance id="d000.s5202.t000" lemma="nepristranost" pos="NOUN">nepristranosti</instance>
         <wf lemma="sutkinja" pos="X">sutkinja</wf>
         <wf lemma="bila" pos="X">bila</wf>
         <wf lemma="vrlo" pos="X">vrlo</wf>
         <wf lemma="omiljena" pos="X">omiljena</wf>
         <wf lemma="među" pos="X">među</wf>
         <wf lemma="braniteljima" pos="X">braniteljima</wf>
         <wf lemma="." pos="X">.</wf>
      </sentence>
      <sentence id="d000.s5203" source="wordnet-croatian">
         <instance id="d000.s5203.t000" lemma="pomaganje" pos="NOUN">Pomaganje</instance>
         <wf lemma="starijim" pos="X">starijim</wf>
         <wf lemma="ljudima" pos="X">ljudima</wf>
         <wf lemma="ne" pos="X">ne</wf>
         <wf lemma="cijeni" pos="X">cijeni</wf>
         <wf lemma="se" pos="X">se</wf>
         <wf lemma="puno" pos="X">puno</wf>
         <wf lemma="u" pos="X">u</wf>
         <wf lemma="današnjem" pos="X">današnjem</wf>
         <wf lemma="društvu" pos="X">društvu</wf>
         <wf lemma="." pos="X">.</wf>
      </sentence>
      <sentence id="d000.s5204" source="wordnet-croatian">
         <wf lemma="Sušene" pos="X">Sušene</wf>
         <instance id="d000.s5204.t000" lemma="datulja" pos="NOUN">datulje</instance>
         <wf lemma="čest" pos="X">čest</wf>
         <wf lemma="su" pos="X">su</wf>
         <wf lemma="prizor" pos="X">prizor</wf>
         <wf lemma="na" pos="X">na</wf>
         <wf lemma="tržnicama" pos="X">tržnicama</wf>
         <wf lemma="zemalje" pos="X">zemalje</wf>
         <wf lemma="Sjeverne" pos="X">Sjeverne</wf>
         <wf lemma="Afrike" pos="X">Afrike</wf>
         <wf lemma="." pos="X">.</wf>
      </sentence>
      <sentence id="d000.s5205" source="wordnet-croatian">
         <wf lemma="Pošteno" pos="X">Pošteno</wf>
         <wf lemma="smo" pos="X">smo</wf>
         <instance id="d000.s5205.t000" lemma="proslaviti" pos="VERB">proslavili</instance>
         <wf lemma="kraj" pos="X">kraj</wf>
         <wf lemma="ispitnih" pos="X">ispitnih</wf>
         <wf lemma="rokova" pos="X">rokova</wf>
         <wf lemma="." pos="X">.</wf>
      </sentence>
      <sentence id="d000.s5206" source="wordnet-croatian">
         <wf lemma="Ona" pos="X">Ona</wf>
         <wf lemma="već" pos="X">već</wf>
         <wf lemma="godinama" pos="X">godinama</wf>
         <instance id="d000.s5206.t000" lemma="patiti" pos="VERB">pati</instance>
         <wf lemma="zbog" pos="X">zbog</wf>
         <wf lemma="njegove" pos="X">njegove</wf>
         <wf lemma="grubosti" pos="X">grubosti</wf>
         <wf lemma="." pos="X">.</wf>
      </sentence>
      <sentence id="d000.s5207" source="wordnet-croatian">
         <wf lemma="Uhvatila" pos="X">Uhvatila</wf>
         <wf lemma="ga" pos="X">ga</wf>
         <wf lemma="je" pos="X">je</wf>
         <wf lemma="trema" pos="X">trema</wf>
         <wf lemma="kad" pos="X">kad</wf>
         <wf lemma="je" pos="X">je</wf>
         <wf lemma="ugledao" pos="X">ugledao</wf>
         <instance id="d000.s5207.t000" lemma="amfiteatar" pos="NOUN">amfiteatar</instance>
         <wf lemma="ispunjen" pos="X">ispunjen</wf>
         <wf lemma="do" pos="X">do</wf>
         <wf lemma="zadnjeg" pos="X">zadnjeg</wf>
         <wf lemma="sjedala" pos="X">sjedala</wf>
         <wf lemma="." pos="X">.</wf>
      </sentence>
      <sentence id="d000.s5208" source="wordnet-croatian">
         <wf lemma="Njezino" pos="X">Njezino</wf>
         <instance id="d000.s5208.t000" lemma="vokaliziranje" pos="NOUN">vokaliziranje</instance>
         <wf lemma="sve" pos="X">sve</wf>
         <wf lemma="nas" pos="X">nas</wf>
         <wf lemma="je" pos="X">je</wf>
         <wf lemma="ostavilo" pos="X">ostavilo</wf>
         <wf lemma="u" pos="X">u</wf>
         <wf lemma="šoku" pos="X">šoku</wf>
         <wf lemma="." pos="X">.</wf>
      </sentence>
      <sentence id="d000.s5209" source="wordnet-croatian">
         <wf lemma="Idem" pos="X">Idem</wf>
         <wf lemma="se" pos="X">se</wf>
         <wf lemma="registrirati" pos="X">registrirati</wf>
         <wf lemma="u" pos="X">u</wf>
         <wf lemma="svoju" pos="X">svoju</wf>
         <instance id="d000.s5209.t000" lemma="općina" pos="NOUN">općinu</instance>
         <wf lemma="." pos="X">.</wf>
      </sentence>
      <sentence id="d000.s5210" source="wordnet-croatian">
         <wf lemma="Svima" pos="X">Svima</wf>
         <wf lemma="se" pos="X">se</wf>
         <wf lemma="hvalila" pos="X">hvalila</wf>
         <wf lemma="svojim" pos="X">svojim</wf>
         <wf lemma="zaručničkim" pos="X">zaručničkim</wf>
         <instance id="d000.s5210.t000" lemma="prsten" pos="NOUN">prstenom</instance>
         <wf lemma="." pos="X">.</wf>
      </sentence>
      <sentence id="d000.s5211" source="wordnet-croatian">
         <wf lemma="U" pos="X">U</wf>
         <wf lemma="zimi" pos="X">zimi</wf>
         <wf lemma="je" pos="X">je</wf>
         <wf lemma="užitak" pos="X">užitak</wf>
         <wf lemma="sjesti" pos="X">sjesti</wf>
         <wf lemma="u" pos="X">u</wf>
         <instance id="d000.s5211.t000" lemma="topao" pos="ADJ">toplu</instance>
         <wf lemma="sobu" pos="X">sobu</wf>
         <wf lemma="." pos="X">.</wf>
      </sentence>
      <sentence id="d000.s5212" source="wordnet-croatian">
         <wf lemma="Svi" pos="X">Svi</wf>
         <wf lemma="se" pos="X">se</wf>
         <wf lemma="još" pos="X">još</wf>
         <wf lemma="sjećaju" pos="X">sjećaju</wf>
         <wf lemma="nogometnih" pos="X">nogometnih</wf>
         <instance id="d000.s5212.t000" lemma="utakmica" pos="NOUN">utakmica</instance>
         <wf lemma="sa" pos="X">sa</wf>
         <wf lemma="Svjetskog" pos="X">Svjetskog</wf>
         <wf lemma="nogometnog" pos="X">nogometnog</wf>
         <wf lemma="prvenstva" pos="X">prvenstva</wf>
         <wf lemma="." pos="X">.</wf>
      </sentence>
      <sentence id="d000.s5213" source="wordnet-croatian">
         <wf lemma="Uvijek" pos="X">Uvijek</wf>
         <wf lemma="se" pos="X">se</wf>
         <wf lemma="borio" pos="X">borio</wf>
         <wf lemma="za" pos="X">za</wf>
         <instance id="d000.s5213.t000" lemma="pravda" pos="NOUN">pravdu</instance>
         <wf lemma="." pos="X">.</wf>
      </sentence>
      <sentence id="d000.s5214" source="wordnet-croatian">
         <wf lemma="Državno" pos="X">Državno</wf>
         <wf lemma="odvjetništvo" pos="X">odvjetništvo</wf>
         <instance id="d000.s5214.t000" lemma="ispitivati" pos="VERB">ispituje</instance>
         <wf lemma="nepravilnosti" pos="X">nepravilnosti</wf>
         <wf lemma="u" pos="X">u</wf>
         <wf lemma="poslovanju" pos="X">poslovanju</wf>
         <wf lemma="Fonda" pos="X">Fonda</wf>
         <wf lemma="za" pos="X">za</wf>
         <wf lemma="privatizaciju" pos="X">privatizaciju</wf>
         <wf lemma="." pos="X">.</wf>
      </sentence>
      <sentence id="d000.s5215" source="wordnet-croatian">
         <wf lemma="Za" pos="X">Za</wf>
         <wf lemma="taj" pos="X">taj</wf>
         <wf lemma="je" pos="X">je</wf>
         <wf lemma="zadatak" pos="X">zadatak</wf>
         <wf lemma="bila" pos="X">bila</wf>
         <wf lemma="potrebna" pos="X">potrebna</wf>
         <wf lemma="velika" pos="X">velika</wf>
         <instance id="d000.s5215.t000" lemma="koncentracija" pos="NOUN">koncentracija</instance>
         <wf lemma="." pos="X">.</wf>
      </sentence>
      <sentence id="d000.s5216" source="wordnet-croatian">
         <wf lemma="Doktor" pos="X">Doktor</wf>
         <wf lemma="je" pos="X">je</wf>
         <wf lemma="izveo" pos="X">izveo</wf>
         <instance id="d000.s5216.t000" lemma="separacija" pos="NOUN">separaciju</instance>
         <wf lemma="živca" pos="X">živca</wf>
         <wf lemma="od" pos="X">od</wf>
         <wf lemma="okolnog" pos="X">okolnog</wf>
         <wf lemma="tkiva" pos="X">tkiva</wf>
         <wf lemma="." pos="X">.</wf>
      </sentence>
      <sentence id="d000.s5217" source="wordnet-croatian">
         <wf lemma="Toliko" pos="X">Toliko</wf>
         <wf lemma="je" pos="X">je</wf>
         <wf lemma="stegnula" pos="X">stegnula</wf>
         <instance id="d000.s5217.t000" lemma="steznik" pos="NOUN">steznik</instance>
         <wf lemma="da" pos="X">da</wf>
         <wf lemma="je" pos="X">je</wf>
         <wf lemma="jedva" pos="X">jedva</wf>
         <wf lemma="disala" pos="X">disala</wf>
         <wf lemma="." pos="X">.</wf>
      </sentence>
      <sentence id="d000.s5218" source="wordnet-croatian">
         <instance id="d000.s5218.t000" lemma="pećina" pos="NOUN">Pećine</instance>
         <wf lemma="su" pos="X">su</wf>
         <wf lemma="često" pos="X">često</wf>
         <wf lemma="stanište" pos="X">stanište</wf>
         <wf lemma="šišmiša" pos="X">šišmiša</wf>
         <wf lemma="." pos="X">.</wf>
      </sentence>
      <sentence id="d000.s5219" source="wordnet-croatian">
         <instance id="d000.s5219.t000" lemma="ljeto" pos="NOUN">Ljeta</instance>
         <wf lemma="je" pos="X">je</wf>
         <wf lemma="provodila" pos="X">provodila</wf>
         <wf lemma="u" pos="X">u</wf>
         <wf lemma="Dalmaciji" pos="X">Dalmaciji</wf>
         <wf lemma="." pos="X">.</wf>
      </sentence>
      <sentence id="d000.s5220" source="wordnet-croatian">
         <wf lemma="U" pos="X">U</wf>
         <wf lemma="Afganistanu" pos="X">Afganistanu</wf>
         <wf lemma="se" pos="X">se</wf>
         <wf lemma="žene" pos="X">žene</wf>
         <instance id="d000.s5220.t000" lemma="pokrivati" pos="VERB">pokrivaju</instance>
         <wf lemma="burkama" pos="X">burkama</wf>
         <wf lemma="." pos="X">.</wf>
      </sentence>
      <sentence id="d000.s5221" source="wordnet-croatian">
         <wf lemma="Njezin" pos="X">Njezin</wf>
         <wf lemma="smiješak" pos="X">smiješak</wf>
         <wf lemma="je" pos="X">je</wf>
         <instance id="d000.s5221.t000" lemma="značiti" pos="VERB">značio</instance>
         <wf lemma="da" pos="X">da</wf>
         <wf lemma="pristaje" pos="X">pristaje</wf>
         <wf lemma="." pos="X">.</wf>
      </sentence>
      <sentence id="d000.s5222" source="wordnet-croatian">
         <instance id="d000.s5222.t000" lemma="blokada" pos="NOUN">Blokada</instance>
         <wf lemma="Dubrovnika" pos="X">Dubrovnika</wf>
         <wf lemma="trajala" pos="X">trajala</wf>
         <wf lemma="je" pos="X">je</wf>
         <wf lemma="veoma" pos="X">veoma</wf>
         <wf lemma="dugo" pos="X">dugo</wf>
         <wf lemma="za" pos="X">za</wf>
         <wf lemma="njegove" pos="X">njegove</wf>
         <wf lemma="stanovnike" pos="X">stanovnike</wf>
         <wf lemma="." pos="X">.</wf>
      </sentence>
      <sentence id="d000.s5223" source="wordnet-croatian">
         <wf lemma="Na" pos="X">Na</wf>
         <instance id="d000.s5223.t000" lemma="zid" pos="NOUN">zidu</instance>
         <wf lemma="mi" pos="X">mi</wf>
         <wf lemma="visi" pos="X">visi</wf>
         <wf lemma="kopija" pos="X">kopija</wf>
         <wf lemma="Mona" pos="X">Mona</wf>
         <wf lemma="Lise" pos="X">Lise</wf>
         <wf lemma="." pos="X">.</wf>
      </sentence>
      <sentence id="d000.s5224" source="wordnet-croatian">
         <instance id="d000.s5224.t000" lemma="godina" pos="NOUN">Godina</instance>
         <wf lemma="na" pos="X">na</wf>
         <wf lemma="Zemlji" pos="X">Zemlji</wf>
         <wf lemma="traje" pos="X">traje</wf>
         <wf lemma="365" pos="X">365</wf>
         <wf lemma="dana" pos="X">dana</wf>
         <wf lemma="." pos="X">.</wf>
      </sentence>
      <sentence id="d000.s5225" source="wordnet-croatian">
         <instance id="d000.s5225.t000" lemma="artikulacija" pos="NOUN">Artikulacija</instance>
         <wf lemma="glavne" pos="X">glavne</wf>
         <wf lemma="misli" pos="X">misli</wf>
         <wf lemma="predstavljala" pos="X">predstavljala</wf>
         <wf lemma="mu" pos="X">mu</wf>
         <wf lemma="je" pos="X">je</wf>
         <wf lemma="velik" pos="X">velik</wf>
         <wf lemma="problem" pos="X">problem</wf>
         <wf lemma="." pos="X">.</wf>
      </sentence>
      <sentence id="d000.s5226" source="wordnet-croatian">
         <wf lemma="Broj" pos="X">Broj</wf>
         <instance id="d000.s5226.t000" lemma="pljačka" pos="NOUN">pljački</instance>
         <wf lemma="u" pos="X">u</wf>
         <wf lemma="stalnom" pos="X">stalnom</wf>
         <wf lemma="je" pos="X">je</wf>
         <wf lemma="porastu" pos="X">porastu</wf>
         <wf lemma="." pos="X">.</wf>
      </sentence>
      <sentence id="d000.s5227" source="wordnet-croatian">
         <wf lemma="Naslijedila" pos="X">Naslijedila</wf>
         <wf lemma="sam" pos="X">sam</wf>
         <wf lemma="narukvicu" pos="X">narukvicu</wf>
         <wf lemma="od" pos="X">od</wf>
         <wf lemma="crvenoga" pos="X">crvenoga</wf>
         <instance id="d000.s5227.t000" lemma="koralj" pos="NOUN">koralja</instance>
         <wf lemma="." pos="X">.</wf>
      </sentence>
      <sentence id="d000.s5228" source="wordnet-croatian">
         <instance id="d000.s5228.t000" lemma="povećanje" pos="NOUN">Povećanje</instance>
         <wf lemma="školarina" pos="X">školarina</wf>
         <wf lemma="od" pos="X">od</wf>
         <wf lemma="10%" pos="X">10%</wf>
         <wf lemma="natjeralo" pos="X">natjeralo</wf>
         <wf lemma="je" pos="X">je</wf>
         <wf lemma="studente" pos="X">studente</wf>
         <wf lemma="na" pos="X">na</wf>
         <wf lemma="prosvjede" pos="X">prosvjede</wf>
         <wf lemma="." pos="X">.</wf>
      </sentence>
      <sentence id="d000.s5229" source="wordnet-croatian">
         <wf lemma="Prilog" pos="X">Prilog</wf>
         <wf lemma="glavnom" pos="X">glavnom</wf>
         <wf lemma="jelu" pos="X">jelu</wf>
         <wf lemma="bit" pos="X">bit</wf>
         <wf lemma="će" pos="X">će</wf>
         <wf lemma="kuhana" pos="X">kuhana</wf>
         <instance id="d000.s5229.t000" lemma="blitva" pos="NOUN">blitva</instance>
         <wf lemma="s" pos="X">s</wf>
         <wf lemma="krumpirom" pos="X">krumpirom</wf>
         <wf lemma="i" pos="X">i</wf>
         <wf lemma="maslinovim" pos="X">maslinovim</wf>
         <wf lemma="uljem" pos="X">uljem</wf>
         <wf lemma="." pos="X">.</wf>
      </sentence>
      <sentence id="d000.s5230" source="wordnet-croatian">
         <wf lemma="Prošle" pos="X">Prošle</wf>
         <wf lemma="je" pos="X">je</wf>
         <wf lemma="godine" pos="X">godine</wf>
         <instance id="d000.s5230.t000" lemma="objaviti" pos="VERB">objavio</instance>
         <wf lemma="tri" pos="X">tri</wf>
         <wf lemma="knjige" pos="X">knjige</wf>
         <wf lemma="." pos="X">.</wf>
      </sentence>
      <sentence id="d000.s5231" source="wordnet-croatian">
         <wf lemma="Napornim" pos="X">Napornim</wf>
         <wf lemma="radom" pos="X">radom</wf>
         <instance id="d000.s5231.t000" lemma="steći" pos="VERB">stekao</instance>
         <wf lemma="je" pos="X">je</wf>
         <wf lemma="pravo" pos="X">pravo</wf>
         <wf lemma="bogatstvo" pos="X">bogatstvo</wf>
         <wf lemma="." pos="X">.</wf>
      </sentence>
      <sentence id="d000.s5232" source="wordnet-croatian">
         <wf lemma="Mrvljenjem" pos="X">Mrvljenjem</wf>
         <instance id="d000.s5232.t000" lemma="malahit" pos="NOUN">malahita</instance>
         <wf lemma="dobiva" pos="X">dobiva</wf>
         <wf lemma="se" pos="X">se</wf>
         <wf lemma="pigment" pos="X">pigment</wf>
         <wf lemma="zelene" pos="X">zelene</wf>
         <wf lemma="boje" pos="X">boje</wf>
         <wf lemma="." pos="X">.</wf>
      </sentence>
      <sentence id="d000.s5233" source="wordnet-croatian">
         <instance id="d000.s5233.t000" lemma="posjedovanje" pos="NOUN">Posjedovanje</instance>
         <wf lemma="zemlje" pos="X">zemlje</wf>
         <wf lemma="neisplativo" pos="X">neisplativo</wf>
         <wf lemma="je" pos="X">je</wf>
         <wf lemma="zbog" pos="X">zbog</wf>
         <wf lemma="poreza" pos="X">poreza</wf>
         <wf lemma="." pos="X">.</wf>
      </sentence>
      <sentence id="d000.s5234" source="wordnet-croatian">
         <instance id="d000.s5234.t000" lemma="gađanje" pos="NOUN">Gađanje</instance>
         <wf lemma="grudama" pos="X">grudama</wf>
         <wf lemma="je" pos="X">je</wf>
         <wf lemma="omiljena" pos="X">omiljena</wf>
         <wf lemma="dječja" pos="X">dječja</wf>
         <wf lemma="zabava" pos="X">zabava</wf>
         <wf lemma="." pos="X">.</wf>
      </sentence>
      <sentence id="d000.s5235" source="wordnet-croatian">
         <instance id="d000.s5235.t000" lemma="ostaviti" pos="VERB">Ostavio</instance>
         <wf lemma="je" pos="X">je</wf>
         <wf lemma="sve" pos="X">sve</wf>
         <wf lemma="svoje" pos="X">svoje</wf>
         <wf lemma="knjige" pos="X">knjige</wf>
         <wf lemma="na" pos="X">na</wf>
         <wf lemma="starom" pos="X">starom</wf>
         <wf lemma="stanu" pos="X">stanu</wf>
         <wf lemma="." pos="X">.</wf>
      </sentence>
      <sentence id="d000.s5236" source="wordnet-croatian">
         <wf lemma="U" pos="X">U</wf>
         <wf lemma="haustorima" pos="X">haustorima</wf>
         <wf lemma="često" pos="X">često</wf>
         <instance id="d000.s5236.t000" lemma="zaudarati" pos="VERB">zaudara</instance>
         <wf lemma="po" pos="X">po</wf>
         <wf lemma="mokraći" pos="X">mokraći</wf>
         <wf lemma="." pos="X">.</wf>
      </sentence>
      <sentence id="d000.s5237" source="wordnet-croatian">
         <wf lemma="Sve" pos="X">Sve</wf>
         <wf lemma="su" pos="X">su</wf>
         <wf lemma="se" pos="X">se</wf>
         <instance id="d000.s5237.t000" lemma="ručica" pos="NOUN">ručice</instance>
         <wf lemma="na" pos="X">na</wf>
         <wf lemma="ormariću" pos="X">ormariću</wf>
         <wf lemma="polomile" pos="X">polomile</wf>
         <wf lemma="." pos="X">.</wf>
      </sentence>
      <sentence id="d000.s5238" source="wordnet-croatian">
         <wf lemma="Vjetar" pos="X">Vjetar</wf>
         <wf lemma="je" pos="X">je</wf>
         <wf lemma="bio" pos="X">bio</wf>
         <wf lemma="toliko" pos="X">toliko</wf>
         <wf lemma="jak" pos="X">jak</wf>
         <wf lemma="da" pos="X">da</wf>
         <wf lemma="je" pos="X">je</wf>
         <wf lemma="polomio" pos="X">polomio</wf>
         <instance id="d000.s5238.t000" lemma="nadstrešnica" pos="NOUN">nadstrešnicu</instance>
         <wf lemma="." pos="X">.</wf>
      </sentence>
      <sentence id="d000.s5239" source="wordnet-croatian">
         <wf lemma="Navečer" pos="X">Navečer</wf>
         <wf lemma="ću" pos="X">ću</wf>
         <instance id="d000.s5239.t000" lemma="pogledati" pos="VERB">pogledati</instance>
         <wf lemma="svoju" pos="X">svoju</wf>
         <wf lemma="omiljenu" pos="X">omiljenu</wf>
         <wf lemma="seriju" pos="X">seriju</wf>
         <wf lemma="." pos="X">.</wf>
      </sentence>
      <sentence id="d000.s5240" source="wordnet-croatian">
         <wf lemma="Stolice" pos="X">Stolice</wf>
         <wf lemma="kakve" pos="X">kakve</wf>
         <wf lemma="želite" pos="X">želite</wf>
         <wf lemma="ne" pos="X">ne</wf>
         <wf lemma="možemo" pos="X">možemo</wf>
         <wf lemma="odmah" pos="X">odmah</wf>
         <wf lemma="isporučiti" pos="X">isporučiti</wf>
         <wf lemma="jer" pos="X">jer</wf>
         <wf lemma="ih" pos="X">ih</wf>
         <wf lemma="nemamo" pos="X">nemamo</wf>
         <wf lemma="na" pos="X">na</wf>
         <instance id="d000.s5240.t000" lemma="zaliha" pos="NOUN">zalihi</instance>
         <wf lemma="." pos="X">.</wf>
      </sentence>
      <sentence id="d000.s5241" source="wordnet-croatian">
         <wf lemma="Prednji" pos="X">Prednji</wf>
         <instance id="d000.s5241.t000" lemma="pregib" pos="NOUN">pregib</instance>
         <wf lemma="hlača" pos="X">hlača</wf>
         <wf lemma="treba" pos="X">treba</wf>
         <wf lemma="dosezati" pos="X">dosezati</wf>
         <wf lemma="vrh" pos="X">vrh</wf>
         <wf lemma="gornjeg" pos="X">gornjeg</wf>
         <wf lemma="dijela" pos="X">dijela</wf>
         <wf lemma="stopala" pos="X">stopala</wf>
         <wf lemma="." pos="X">.</wf>
      </sentence>
      <sentence id="d000.s5242" source="wordnet-croatian">
         <instance id="d000.s5242.t000" lemma="naići" pos="VERB">Naišao</instance>
         <wf lemma="sam" pos="X">sam</wf>
         <wf lemma="na" pos="X">na</wf>
         <wf lemma="probleme" pos="X">probleme</wf>
         <wf lemma="koje" pos="X">koje</wf>
         <wf lemma="nisam" pos="X">nisam</wf>
         <wf lemma="mogao" pos="X">mogao</wf>
         <wf lemma="riješiti" pos="X">riješiti</wf>
         <wf lemma="." pos="X">.</wf>
      </sentence>
      <sentence id="d000.s5243" source="wordnet-croatian">
         <wf lemma="Potrebna" pos="X">Potrebna</wf>
         <wf lemma="mu" pos="X">mu</wf>
         <wf lemma="je" pos="X">je</wf>
         <wf lemma="potpuna" pos="X">potpuna</wf>
         <instance id="d000.s5243.t000" lemma="tišina" pos="NOUN">tišina</instance>
         <wf lemma="da" pos="X">da</wf>
         <wf lemma="bi" pos="X">bi</wf>
         <wf lemma="zaspao" pos="X">zaspao</wf>
         <wf lemma="." pos="X">.</wf>
      </sentence>
      <sentence id="d000.s5244" source="wordnet-croatian">
         <wf lemma="Voljela" pos="X">Voljela</wf>
         <wf lemma="je" pos="X">je</wf>
         <wf lemma="šetati" pos="X">šetati</wf>
         <wf lemma="širokim" pos="X">širokim</wf>
         <instance id="d000.s5244.t000" lemma="ulica" pos="NOUN">ulicama</instance>
         <wf lemma="," pos="X">,</wf>
         <wf lemma="u" pos="X">u</wf>
         <wf lemma="uskima" pos="X">uskima</wf>
         <wf lemma="se" pos="X">se</wf>
         <wf lemma="osjećala" pos="X">osjećala</wf>
         <wf lemma="skučeno" pos="X">skučeno</wf>
         <wf lemma="." pos="X">.</wf>
      </sentence>
      <sentence id="d000.s5245" source="wordnet-croatian">
         <instance id="d000.s5245.t000" lemma="uložiti" pos="VERB">Uložio</instance>
         <wf lemma="je" pos="X">je</wf>
         <wf lemma="velik" pos="X">velik</wf>
         <wf lemma="novac" pos="X">novac</wf>
         <wf lemma="u" pos="X">u</wf>
         <wf lemma="dionice" pos="X">dionice</wf>
         <wf lemma="poznate" pos="X">poznate</wf>
         <wf lemma="naftne" pos="X">naftne</wf>
         <wf lemma="kompanije" pos="X">kompanije</wf>
         <wf lemma="." pos="X">.</wf>
      </sentence>
      <sentence id="d000.s5246" source="wordnet-croatian">
         <wf lemma="Pacijent" pos="X">Pacijent</wf>
         <wf lemma="se" pos="X">se</wf>
         <wf lemma="nakon" pos="X">nakon</wf>
         <instance id="d000.s5246.t000" lemma="kriza" pos="NOUN">krize</instance>
         <wf lemma="počeo" pos="X">počeo</wf>
         <wf lemma="oporavljati" pos="X">oporavljati</wf>
         <wf lemma="." pos="X">.</wf>
      </sentence>
      <sentence id="d000.s5247" source="wordnet-croatian">
         <wf lemma="Za" pos="X">Za</wf>
         <wf lemma="izradu" pos="X">izradu</wf>
         <wf lemma="krovišta" pos="X">krovišta</wf>
         <wf lemma="potrebne" pos="X">potrebne</wf>
         <wf lemma="su" pos="X">su</wf>
         <wf lemma="drvene" pos="X">drvene</wf>
         <instance id="d000.s5247.t000" lemma="greda" pos="NOUN">grede</instance>
         <wf lemma="različitih" pos="X">različitih</wf>
         <wf lemma="dimenzija" pos="X">dimenzija</wf>
         <wf lemma="." pos="X">.</wf>
      </sentence>
      <sentence id="d000.s5248" source="wordnet-croatian">
         <wf lemma="Svi" pos="X">Svi</wf>
         <wf lemma="su" pos="X">su</wf>
         <wf lemma="primijetili" pos="X">primijetili</wf>
         <wf lemma="da" pos="X">da</wf>
         <wf lemma="je" pos="X">je</wf>
         <wf lemma="izgubila" pos="X">izgubila</wf>
         <wf lemma="nekoliko" pos="X">nekoliko</wf>
         <instance id="d000.s5248.t000" lemma="kilogram" pos="NOUN">kilograma</instance>
         <wf lemma="." pos="X">.</wf>
      </sentence>
      <sentence id="d000.s5249" source="wordnet-croatian">
         <wf lemma="Bilo" pos="X">Bilo</wf>
         <wf lemma="ga" pos="X">ga</wf>
         <wf lemma="je" pos="X">je</wf>
         <instance id="d000.s5249.t000" lemma="sram" pos="NOUN">sram</instance>
         <wf lemma="zbog" pos="X">zbog</wf>
         <wf lemma="ponašanja" pos="X">ponašanja</wf>
         <wf lemma="prema" pos="X">prema</wf>
         <wf lemma="majci" pos="X">majci</wf>
         <wf lemma="." pos="X">.</wf>
      </sentence>
      <sentence id="d000.s5250" source="wordnet-croatian">
         <wf lemma="Nikako" pos="X">Nikako</wf>
         <wf lemma="nije" pos="X">nije</wf>
         <wf lemma="mogla" pos="X">mogla</wf>
         <wf lemma="odrediti" pos="X">odrediti</wf>
         <wf lemma="od" pos="X">od</wf>
         <wf lemma="kojeg" pos="X">kojeg</wf>
         <wf lemma="je" pos="X">je</wf>
         <instance id="d000.s5250.t000" lemma="materijal" pos="NOUN">materijala</instance>
         <wf lemma="izrađena" pos="X">izrađena</wf>
         <wf lemma="skulptura" pos="X">skulptura</wf>
         <wf lemma="." pos="X">.</wf>
      </sentence>
      <sentence id="d000.s5251" source="wordnet-croatian">
         <wf lemma="Promjenio" pos="X">Promjenio</wf>
         <wf lemma="je" pos="X">je</wf>
         <wf lemma="sav" pos="X">sav</wf>
         <instance id="d000.s5251.t000" lemma="novac" pos="NOUN">novac</instance>
         <wf lemma="koji" pos="X">koji</wf>
         <wf lemma="je" pos="X">je</wf>
         <wf lemma="imao" pos="X">imao</wf>
         <wf lemma="u" pos="X">u</wf>
         <wf lemma="franke" pos="X">franke</wf>
         <wf lemma="." pos="X">.</wf>
      </sentence>
      <sentence id="d000.s5252" source="wordnet-croatian">
         <wf lemma="Hrvatski" pos="X">Hrvatski</wf>
         <wf lemma="je" pos="X">je</wf>
         <instance id="d000.s5252.t000" lemma="grb" pos="NOUN">grb</instance>
         <wf lemma="prepoznatljiv" pos="X">prepoznatljiv</wf>
         <wf lemma="po" pos="X">po</wf>
         <wf lemma="svojoj" pos="X">svojoj</wf>
         <wf lemma="crveno-bijeloj" pos="X">crveno-bijeloj</wf>
         <wf lemma="šahovnici" pos="X">šahovnici</wf>
         <wf lemma="." pos="X">.</wf>
      </sentence>
      <sentence id="d000.s5253" source="wordnet-croatian">
         <wf lemma="Na" pos="X">Na</wf>
         <wf lemma="jesen" pos="X">jesen</wf>
         <instance id="d000.s5253.t000" lemma="skladištiti" pos="VERB">skladištimo</instance>
         <wf lemma="opremu" pos="X">opremu</wf>
         <wf lemma="za" pos="X">za</wf>
         <wf lemma="ribolov" pos="X">ribolov</wf>
         <wf lemma="sve" pos="X">sve</wf>
         <wf lemma="do" pos="X">do</wf>
         <wf lemma="proljeća" pos="X">proljeća</wf>
         <wf lemma="." pos="X">.</wf>
      </sentence>
      <sentence id="d000.s5254" source="wordnet-croatian">
         <wf lemma="Niti" pos="X">Niti</wf>
         <wf lemma="jedan" pos="X">jedan</wf>
         <wf lemma="ton" pos="X">ton</wf>
         <wf lemma="ne" pos="X">ne</wf>
         <wf lemma="uspijeva" pos="X">uspijeva</wf>
         <wf lemma="se" pos="X">se</wf>
         <wf lemma="spojiti" pos="X">spojiti</wf>
         <wf lemma="s" pos="X">s</wf>
         <wf lemma="prijašnjim" pos="X">prijašnjim</wf>
         <wf lemma="," pos="X">,</wf>
         <wf lemma="jednom" pos="X">jednom</wf>
         <wf lemma="gumbe" pos="X">gumbe</wf>
         <wf lemma="pritišće" pos="X">pritišće</wf>
         <wf lemma="prenisko" pos="X">prenisko</wf>
         <wf lemma="," pos="X">,</wf>
         <wf lemma="drugi" pos="X">drugi</wf>
         <wf lemma="put" pos="X">put</wf>
         <wf lemma="previsoko" pos="X">previsoko</wf>
         <wf lemma="i" pos="X">i</wf>
         <wf lemma="svaki" pos="X">svaki</wf>
         <wf lemma="se" pos="X">se</wf>
         <wf lemma="put" pos="X">put</wf>
         <wf lemma="iz" pos="X">iz</wf>
         <wf lemma="mijeha" pos="X">mijeha</wf>
         <wf lemma="izvija" pos="X">izvija</wf>
         <wf lemma="tek" pos="X">tek</wf>
         <wf lemma="mučna" pos="X">mučna</wf>
         <instance id="d000.s5254.t000" lemma="disonancija" pos="NOUN">disonancija</instance>
         <wf lemma="." pos="X">.</wf>
      </sentence>
      <sentence id="d000.s5255" source="wordnet-croatian">
         <wf lemma="Analizom" pos="X">Analizom</wf>
         <instance id="d000.s5255.t000" lemma="efikasnost" pos="NOUN">efikasnosti</instance>
         <wf lemma="državnim" pos="X">državnim</wf>
         <wf lemma="poduzeća" pos="X">poduzeća</wf>
         <wf lemma="zaključeno" pos="X">zaključeno</wf>
         <wf lemma="je" pos="X">je</wf>
         <wf lemma="da" pos="X">da</wf>
         <wf lemma="su" pos="X">su</wf>
         <wf lemma="nužne" pos="X">nužne</wf>
         <wf lemma="promjene" pos="X">promjene</wf>
         <wf lemma="." pos="X">.</wf>
      </sentence>
      <sentence id="d000.s5256" source="wordnet-croatian">
         <instance id="d000.s5256.t000" lemma="igra" pos="NOUN">Igra</instance>
         <wf lemma="može" pos="X">može</wf>
         <wf lemma="započeti" pos="X">započeti</wf>
         <wf lemma="tek" pos="X">tek</wf>
         <wf lemma="kad" pos="X">kad</wf>
         <wf lemma="se" pos="X">se</wf>
         <wf lemma="naprave" pos="X">naprave</wf>
         <wf lemma="sve" pos="X">sve</wf>
         <wf lemma="zadaće" pos="X">zadaće</wf>
         <wf lemma="." pos="X">.</wf>
      </sentence>
      <sentence id="d000.s5257" source="wordnet-croatian">
         <wf lemma="Boja" pos="X">Boja</wf>
         <instance id="d000.s5257.t000" lemma="vanjski" pos="ADJ">vanjskih</instance>
         <wf lemma="zidova" pos="X">zidova</wf>
         <wf lemma="kuće" pos="X">kuće</wf>
         <wf lemma="s" pos="X">s</wf>
         <wf lemma="godinama" pos="X">godinama</wf>
         <wf lemma="je" pos="X">je</wf>
         <wf lemma="izgubila" pos="X">izgubila</wf>
         <wf lemma="prvotni" pos="X">prvotni</wf>
         <wf lemma="sjaj" pos="X">sjaj</wf>
         <wf lemma="." pos="X">.</wf>
      </sentence>
      <sentence id="d000.s5258" source="wordnet-croatian">
         <wf lemma="Izložba" pos="X">Izložba</wf>
         <wf lemma="moderne" pos="X">moderne</wf>
         <instance id="d000.s5258.t000" lemma="umjetnost" pos="NOUN">umjetnosti</instance>
         <wf lemma="izazvala" pos="X">izazvala</wf>
         <wf lemma="je" pos="X">je</wf>
         <wf lemma="buru" pos="X">buru</wf>
         <wf lemma="među" pos="X">među</wf>
         <wf lemma="kritičarima" pos="X">kritičarima</wf>
         <wf lemma="." pos="X">.</wf>
      </sentence>
      <sentence id="d000.s5259" source="wordnet-croatian">
         <wf lemma="Svi" pos="X">Svi</wf>
         <wf lemma="su" pos="X">su</wf>
         <instance id="d000.s5259.t000" lemma="klicati" pos="VERB">klicali</instance>
         <wf lemma="pobjedniku" pos="X">pobjedniku</wf>
         <wf lemma="." pos="X">.</wf>
      </sentence>
      <sentence id="d000.s5260" source="wordnet-croatian">
         <wf lemma="Nije" pos="X">Nije</wf>
         <wf lemma="mogao" pos="X">mogao</wf>
         <instance id="d000.s5260.t000" lemma="obuhvatiti" pos="VERB">obuhvatiti</instance>
         <wf lemma="potpuno" pos="X">potpuno</wf>
         <wf lemma="značenje" pos="X">značenje</wf>
         <wf lemma="njegovih" pos="X">njegovih</wf>
         <wf lemma="riječi" pos="X">riječi</wf>
         <wf lemma="." pos="X">.</wf>
      </sentence>
      <sentence id="d000.s5261" source="wordnet-croatian">
         <instance id="d000.s5261.t000" lemma="poznavati" pos="VERB">Poznaješ</instance>
         <wf lemma="li" pos="X">li</wf>
         <wf lemma="moju" pos="X">moju</wf>
         <wf lemma="sestru" pos="X">sestru</wf>
         <wf lemma="?" pos="X">?</wf>
      </sentence>
      <sentence id="d000.s5262" source="wordnet-croatian">
         <wf lemma="Sada" pos="X">Sada</wf>
         <wf lemma="smo" pos="X">smo</wf>
         <wf lemma="se" pos="X">se</wf>
         <wf lemma="tata" pos="X">tata</wf>
         <wf lemma="i" pos="X">i</wf>
         <wf lemma="ja" pos="X">ja</wf>
         <wf lemma="bacili" pos="X">bacili</wf>
         <wf lemma="na" pos="X">na</wf>
         <instance id="d000.s5262.t000" lemma="slaganje" pos="NOUN">slaganje</instance>
         <wf lemma="tračnica" pos="X">tračnica</wf>
         <wf lemma="za" pos="X">za</wf>
         <wf lemma="vlakiće" pos="X">vlakiće</wf>
         <wf lemma="." pos="X">.</wf>
      </sentence>
      <sentence id="d000.s5263" source="wordnet-croatian">
         <wf lemma="Konji" pos="X">Konji</wf>
         <wf lemma="su" pos="X">su</wf>
         <wf lemma="nekadau" pos="X">nekadau</wf>
         <wf lemma="našem" pos="X">našem</wf>
         <wf lemma="gradu" pos="X">gradu</wf>
         <instance id="d000.s5263.t000" lemma="vući" pos="VERB">vukli</instance>
         <wf lemma="tramvaje" pos="X">tramvaje</wf>
         <wf lemma="." pos="X">.</wf>
      </sentence>
      <sentence id="d000.s5264" source="wordnet-croatian">
         <wf lemma="Ti" pos="X">Ti</wf>
         <wf lemma="mi" pos="X">mi</wf>
         <wf lemma="datumi" pos="X">datumi</wf>
         <wf lemma="nikako" pos="X">nikako</wf>
         <wf lemma="ne" pos="X">ne</wf>
         <instance id="d000.s5264.t000" lemma="odgovarati" pos="VERB">odgovaraju</instance>
         <wf lemma="," pos="X">,</wf>
         <wf lemma="morat" pos="X">morat</wf>
         <wf lemma="ćemo" pos="X">ćemo</wf>
         <wf lemma="odgoditi" pos="X">odgoditi</wf>
         <wf lemma="sastanak" pos="X">sastanak</wf>
         <wf lemma="za" pos="X">za</wf>
         <wf lemma="neki" pos="X">neki</wf>
         <wf lemma="drugi" pos="X">drugi</wf>
         <wf lemma="put" pos="X">put</wf>
         <wf lemma="." pos="X">.</wf>
      </sentence>
      <sentence id="d000.s5265" source="wordnet-croatian">
         <wf lemma="&quot;" pos="X">&quot;</wf>
         <wf lemma="To" pos="X">To</wf>
         <wf lemma="su" pos="X">su</wf>
         <wf lemma="najobičnije" pos="X">najobičnije</wf>
         <instance id="d000.s5265.t000" lemma="objeda" pos="NOUN">objede</instance>
         <wf lemma="na" pos="X">na</wf>
         <wf lemma="račun" pos="X">račun</wf>
         <wf lemma="moje" pos="X">moje</wf>
         <wf lemma="ličnosti" pos="X">ličnosti</wf>
         <wf lemma="&quot;" pos="X">&quot;</wf>
         <wf lemma="," pos="X">,</wf>
         <wf lemma="poručio" pos="X">poručio</wf>
         <wf lemma="je" pos="X">je</wf>
         <wf lemma="veleposlanik" pos="X">veleposlanik</wf>
         <wf lemma="novinarima" pos="X">novinarima</wf>
         <wf lemma="." pos="X">.</wf>
      </sentence>
      <sentence id="d000.s5266" source="wordnet-croatian">
         <wf lemma="Sposoban" pos="X">Sposoban</wf>
         <instance id="d000.s5266.t000" lemma="posrednik" pos="NOUN">posrednik</instance>
         <wf lemma="zna" pos="X">zna</wf>
         <wf lemma="kako" pos="X">kako</wf>
         <wf lemma="zadovoljiti" pos="X">zadovoljiti</wf>
         <wf lemma="i" pos="X">i</wf>
         <wf lemma="kupca" pos="X">kupca</wf>
         <wf lemma="i" pos="X">i</wf>
         <wf lemma="proivođača" pos="X">proivođača</wf>
         <wf lemma="." pos="X">.</wf>
      </sentence>
      <sentence id="d000.s5267" source="wordnet-croatian">
         <wf lemma="Svaki" pos="X">Svaki</wf>
         <wf lemma="je" pos="X">je</wf>
         <instance id="d000.s5267.t000" lemma="časnik" pos="NOUN">časnik</instance>
         <wf lemma="zadužen" pos="X">zadužen</wf>
         <wf lemma="za" pos="X">za</wf>
         <wf lemma="život" pos="X">život</wf>
         <wf lemma="svojih" pos="X">svojih</wf>
         <wf lemma="vojnika" pos="X">vojnika</wf>
         <wf lemma="." pos="X">.</wf>
      </sentence>
      <sentence id="d000.s5268" source="wordnet-croatian">
         <wf lemma="Marko" pos="X">Marko</wf>
         <wf lemma="mi" pos="X">mi</wf>
         <wf lemma="je" pos="X">je</wf>
         <instance id="d000.s5268.t000" lemma="objasniti" pos="VERB">objasnio</instance>
         <wf lemma="zadatke" pos="X">zadatke</wf>
         <wf lemma="iz" pos="X">iz</wf>
         <wf lemma="fizike" pos="X">fizike</wf>
         <wf lemma="." pos="X">.</wf>
      </sentence>
      <sentence id="d000.s5269" source="wordnet-croatian">
         <wf lemma="To" pos="X">To</wf>
         <wf lemma="nije" pos="X">nije</wf>
         <wf lemma="tvoja" pos="X">tvoja</wf>
         <instance id="d000.s5269.t000" lemma="briga" pos="NOUN">briga</instance>
         <wf lemma="i" pos="X">i</wf>
         <wf lemma="drži" pos="X">drži</wf>
         <wf lemma="se" pos="X">se</wf>
         <wf lemma="dalje" pos="X">dalje</wf>
         <wf lemma="od" pos="X">od</wf>
         <wf lemma="toga" pos="X">toga</wf>
         <wf lemma="!" pos="X">!</wf>
      </sentence>
      <sentence id="d000.s5270" source="wordnet-croatian">
         <wf lemma="Jesi" pos="X">Jesi</wf>
         <wf lemma="li" pos="X">li</wf>
         <instance id="d000.s5270.t000" lemma="probati" pos="VERB">probala</instance>
         <wf lemma="novi" pos="X">novi</wf>
         <wf lemma="recept" pos="X">recept</wf>
         <wf lemma="za" pos="X">za</wf>
         <wf lemma="tortu" pos="X">tortu</wf>
         <wf lemma="od" pos="X">od</wf>
         <wf lemma="jagoda" pos="X">jagoda</wf>
         <wf lemma="?" pos="X">?</wf>
      </sentence>
      <sentence id="d000.s5271" source="wordnet-croatian">
         <instance id="d000.s5271.t000" lemma="isušiti" pos="VERB">Isušili</instance>
         <wf lemma="smo" pos="X">smo</wf>
         <wf lemma="kaljužu" pos="X">kaljužu</wf>
         <wf lemma="u" pos="X">u</wf>
         <wf lemma="našem" pos="X">našem</wf>
         <wf lemma="vrtu" pos="X">vrtu</wf>
         <wf lemma="." pos="X">.</wf>
      </sentence>
      <sentence id="d000.s5272" source="wordnet-croatian">
         <wf lemma="Ona" pos="X">Ona</wf>
         <wf lemma="još" pos="X">još</wf>
         <wf lemma="nije" pos="X">nije</wf>
         <instance id="d000.s5272.t000" lemma="odabrati" pos="VERB">odabrala</instance>
         <wf lemma="svoj" pos="X">svoj</wf>
         <wf lemma="obvezni" pos="X">obvezni</wf>
         <wf lemma="mirovinski" pos="X">mirovinski</wf>
         <wf lemma="fond" pos="X">fond</wf>
         <wf lemma="." pos="X">.</wf>
      </sentence>
      <sentence id="d000.s5273" source="wordnet-croatian">
         <wf lemma="Mirkovi" pos="X">Mirkovi</wf>
         <wf lemma="komentari" pos="X">komentari</wf>
         <instance id="d000.s5273.t000" lemma="ražalostiti" pos="VERB">ražalostili</instance>
         <wf lemma="su" pos="X">su</wf>
         <wf lemma="Anu" pos="X">Anu</wf>
         <wf lemma="." pos="X">.</wf>
      </sentence>
      <sentence id="d000.s5274" source="wordnet-croatian">
         <wf lemma="Sve" pos="X">Sve</wf>
         <wf lemma="je" pos="X">je</wf>
         <wf lemma="više" pos="X">više</wf>
         <wf lemma="djece" pos="X">djece</wf>
         <wf lemma="ovisno" pos="X">ovisno</wf>
         <wf lemma="o" pos="X">o</wf>
         <wf lemma="gledanju" pos="X">gledanju</wf>
         <instance id="d000.s5274.t000" lemma="televizija" pos="NOUN">televizije</instance>
         <wf lemma="." pos="X">.</wf>
      </sentence>
      <sentence id="d000.s5275" source="wordnet-croatian">
         <wf lemma="Potrebne" pos="X">Potrebne</wf>
         <wf lemma="su" pos="X">su</wf>
         <wf lemma="velike" pos="X">velike</wf>
         <instance id="d000.s5275.t000" lemma="promjena" pos="NOUN">promjene</instance>
         <wf lemma="u" pos="X">u</wf>
         <wf lemma="socijalnoj" pos="X">socijalnoj</wf>
         <wf lemma="politici" pos="X">politici</wf>
         <wf lemma="." pos="X">.</wf>
      </sentence>
      <sentence id="d000.s5276" source="wordnet-croatian">
         <wf lemma="Pacijent" pos="X">Pacijent</wf>
         <wf lemma="je" pos="X">je</wf>
         <instance id="d000.s5276.t000" lemma="razviti" pos="VERB">razvio</instance>
         <wf lemma="otpornost" pos="X">otpornost</wf>
         <wf lemma="na" pos="X">na</wf>
         <wf lemma="taj" pos="X">taj</wf>
         <wf lemma="lijek" pos="X">lijek</wf>
         <wf lemma="." pos="X">.</wf>
      </sentence>
      <sentence id="d000.s5277" source="wordnet-croatian">
         <wf lemma="Roditelji" pos="X">Roditelji</wf>
         <wf lemma="su" pos="X">su</wf>
         <instance id="d000.s5277.t000" lemma="ponosan" pos="ADJ">ponosni</instance>
         <wf lemma="na" pos="X">na</wf>
         <wf lemma="uspjehe" pos="X">uspjehe</wf>
         <wf lemma="svoje" pos="X">svoje</wf>
         <wf lemma="djece" pos="X">djece</wf>
         <wf lemma="." pos="X">.</wf>
      </sentence>
      <sentence id="d000.s5278" source="wordnet-croatian">
         <wf lemma="Od" pos="X">Od</wf>
         <wf lemma="zaposlenika" pos="X">zaposlenika</wf>
         <wf lemma="ove" pos="X">ove</wf>
         <wf lemma="tvrtke" pos="X">tvrtke</wf>
         <instance id="d000.s5278.t000" lemma="zahtijevati" pos="VERB">zahtijeva</instance>
         <wf lemma="krajnja" pos="X">krajnja</wf>
         <wf lemma="profesionalnost" pos="X">profesionalnost</wf>
         <wf lemma="." pos="X">.</wf>
      </sentence>
      <sentence id="d000.s5279" source="wordnet-croatian">
         <instance id="d000.s5279.t000" lemma="mazalica" pos="NOUN">Mazalicom</instance>
         <wf lemma="je" pos="X">je</wf>
         <wf lemma="podmazao" pos="X">podmazao</wf>
         <wf lemma="stroj" pos="X">stroj</wf>
         <wf lemma="da" pos="X">da</wf>
         <wf lemma="više" pos="X">više</wf>
         <wf lemma="ne" pos="X">ne</wf>
         <wf lemma="škripi" pos="X">škripi</wf>
         <wf lemma="." pos="X">.</wf>
      </sentence>
      <sentence id="d000.s5280" source="wordnet-croatian">
         <wf lemma="U" pos="X">U</wf>
         <wf lemma="hrvatskom" pos="X">hrvatskom</wf>
         <wf lemma="su" pos="X">su</wf>
         <instance id="d000.s5280.t000" lemma="vokal" pos="NOUN">vokali</instance>
         <wf lemma="a" pos="X">a</wf>
         <wf lemma="," pos="X">,</wf>
         <wf lemma="e" pos="X">e</wf>
         <wf lemma="," pos="X">,</wf>
         <wf lemma="i" pos="X">i</wf>
         <wf lemma="," pos="X">,</wf>
         <wf lemma="o" pos="X">o</wf>
         <wf lemma="i" pos="X">i</wf>
         <wf lemma="u" pos="X">u</wf>
         <wf lemma="." pos="X">.</wf>
      </sentence>
      <sentence id="d000.s5281" source="wordnet-croatian">
         <wf lemma="Dijete" pos="X">Dijete</wf>
         <wf lemma="je" pos="X">je</wf>
         <instance id="d000.s5281.t000" lemma="skočiti" pos="VERB">skočilo</instance>
         <wf lemma="u" pos="X">u</wf>
         <wf lemma="lokvu" pos="X">lokvu</wf>
         <wf lemma="." pos="X">.</wf>
      </sentence>
      <sentence id="d000.s5282" source="wordnet-croatian">
         <wf lemma="Bivši" pos="X">Bivši</wf>
         <wf lemma="televizijski" pos="X">televizijski</wf>
         <wf lemma="voditelj" pos="X">voditelj</wf>
         <wf lemma="će" pos="X">će</wf>
         <wf lemma="također" pos="X">također</wf>
         <wf lemma="sudjelovati" pos="X">sudjelovati</wf>
         <wf lemma="u" pos="X">u</wf>
         <wf lemma="novom" pos="X">novom</wf>
         <wf lemma="reality" pos="X">reality</wf>
         <instance id="d000.s5282.t000" lemma="show" pos="NOUN">showu</instance>
         <wf lemma="." pos="X">.</wf>
      </sentence>
      <sentence id="d000.s5283" source="wordnet-croatian">
         <instance id="d000.s5283.t000" lemma="objesiti" pos="VERB">Objesili</instance>
         <wf lemma="su" pos="X">su</wf>
         <wf lemma="ga" pos="X">ga</wf>
         <wf lemma="kao" pos="X">kao</wf>
         <wf lemma="izdajicu" pos="X">izdajicu</wf>
         <wf lemma="domovine" pos="X">domovine</wf>
         <wf lemma="." pos="X">.</wf>
      </sentence>
      <sentence id="d000.s5284" source="wordnet-croatian">
         <wf lemma="Nokti" pos="X">Nokti</wf>
         <wf lemma="vrlo" pos="X">vrlo</wf>
         <wf lemma="često" pos="X">često</wf>
         <wf lemma="mogu" pos="X">mogu</wf>
         <wf lemma="biti" pos="X">biti</wf>
         <instance id="d000.s5284.t000" lemma="indikator" pos="NOUN">indikator</instance>
         <wf lemma="pojedinih" pos="X">pojedinih</wf>
         <wf lemma="bolesti" pos="X">bolesti</wf>
         <wf lemma="." pos="X">.</wf>
      </sentence>
      <sentence id="d000.s5285" source="wordnet-croatian">
         <wf lemma="Ona" pos="X">Ona</wf>
         <wf lemma="doista" pos="X">doista</wf>
         <wf lemma="ima" pos="X">ima</wf>
         <instance id="d000.s5285.t000" lemma="stil" pos="NOUN">stila</instance>
         <wf lemma="," pos="X">,</wf>
         <wf lemma="oblači" pos="X">oblači</wf>
         <wf lemma="se" pos="X">se</wf>
         <wf lemma="odlično" pos="X">odlično</wf>
         <wf lemma="!" pos="X">!</wf>
      </sentence>
      <sentence id="d000.s5286" source="wordnet-croatian">
         <wf lemma="Moramo" pos="X">Moramo</wf>
         <instance id="d000.s5286.t000" lemma="ujednačiti" pos="VERB">ujednačiti</instance>
         <wf lemma="naše" pos="X">naše</wf>
         <wf lemma="stavove" pos="X">stavove</wf>
         <wf lemma="prema" pos="X">prema</wf>
         <wf lemma="korupciji" pos="X">korupciji</wf>
         <wf lemma="." pos="X">.</wf>
      </sentence>
      <sentence id="d000.s5287" source="wordnet-croatian">
         <wf lemma="Konjska" pos="X">Konjska</wf>
         <instance id="d000.s5287.t000" lemma="zaprega" pos="NOUN">zaprega</instance>
         <wf lemma="plijenila" pos="X">plijenila</wf>
         <wf lemma="je" pos="X">je</wf>
         <wf lemma="poglede" pos="X">poglede</wf>
         <wf lemma="prolaznika" pos="X">prolaznika</wf>
         <wf lemma="." pos="X">.</wf>
      </sentence>
      <sentence id="d000.s5288" source="wordnet-croatian">
         <wf lemma="Opasno" pos="X">Opasno</wf>
         <wf lemma="je" pos="X">je</wf>
         <wf lemma="u" pos="X">u</wf>
         <wf lemma="kupaonici" pos="X">kupaonici</wf>
         <wf lemma="imati" pos="X">imati</wf>
         <instance id="d000.s5288.t000" lemma="grijalica" pos="NOUN">grijalice</instance>
         <wf lemma="na" pos="X">na</wf>
         <wf lemma="struju" pos="X">struju</wf>
         <wf lemma="." pos="X">.</wf>
      </sentence>
      <sentence id="d000.s5289" source="wordnet-croatian">
         <wf lemma="he" pos="X">he</wf>
         <wf lemma="made" pos="X">made</wf>
         <wf lemma="a" pos="X">a</wf>
         <instance id="d000.s5289.t000" lemma="figura" pos="NOUN">figure</instance>
         <wf lemma="of" pos="X">of</wf>
         <wf lemma="Santa" pos="X">Santa</wf>
         <wf lemma="Claus" pos="X">Claus</wf>
         <wf lemma="." pos="X">.</wf>
      </sentence>
      <sentence id="d000.s5290" source="wordnet-croatian">
         <wf lemma="Vodili" pos="X">Vodili</wf>
         <wf lemma="su" pos="X">su</wf>
         <instance id="d000.s5290.t000" lemma="živahan" pos="ADJ">živahan</instance>
         <wf lemma="razgovor" pos="X">razgovor</wf>
         <wf lemma="." pos="X">.</wf>
      </sentence>
      <sentence id="d000.s5291" source="wordnet-croatian">
         <wf lemma="Riječ" pos="X">Riječ</wf>
         <wf lemma="'" pos="X">'</wf>
         <wf lemma="'" pos="X">'</wf>
         <wf lemma="šećer" pos="X">šećer</wf>
         <wf lemma="'" pos="X">'</wf>
         <wf lemma="'" pos="X">'</wf>
         <instance id="d000.s5291.t000" lemma="posuđenica" pos="NOUN">posuđenica</instance>
         <wf lemma="je" pos="X">je</wf>
         <wf lemma="iz" pos="X">iz</wf>
         <wf lemma="turskoga" pos="X">turskoga</wf>
         <wf lemma="jezika" pos="X">jezika</wf>
         <wf lemma="." pos="X">.</wf>
      </sentence>
      <sentence id="d000.s5292" source="wordnet-croatian">
         <wf lemma="U" pos="X">U</wf>
         <wf lemma="nekim" pos="X">nekim</wf>
         <wf lemma="je" pos="X">je</wf>
         <wf lemma="zemljama" pos="X">zemljama</wf>
         <instance id="d000.s5292.t000" lemma="prostitucija" pos="NOUN">prostitucija</instance>
         <wf lemma="legalizirana" pos="X">legalizirana</wf>
         <wf lemma="." pos="X">.</wf>
      </sentence>
      <sentence id="d000.s5293" source="wordnet-croatian">
         <instance id="d000.s5293.t000" lemma="harmonija" pos="NOUN">Harmonija</instance>
         <wf lemma="je" pos="X">je</wf>
         <wf lemma="važan" pos="X">važan</wf>
         <wf lemma="element" pos="X">element</wf>
         <wf lemma="glazbene" pos="X">glazbene</wf>
         <wf lemma="umjetnosti" pos="X">umjetnosti</wf>
         <wf lemma="." pos="X">.</wf>
      </sentence>
      <sentence id="d000.s5294" source="wordnet-croatian">
         <wf lemma="Bio" pos="X">Bio</wf>
         <wf lemma="je" pos="X">je</wf>
         <instance id="d000.s5294.t000" lemma="svjestan" pos="ADJ">svjestan</instance>
         <wf lemma="njegova" pos="X">njegova</wf>
         <wf lemma="neprijateljstva" pos="X">neprijateljstva</wf>
         <wf lemma="." pos="X">.</wf>
      </sentence>
      <sentence id="d000.s5295" source="wordnet-croatian">
         <wf lemma="Svi" pos="X">Svi</wf>
         <wf lemma="su" pos="X">su</wf>
         <wf lemma="bojali" pos="X">bojali</wf>
         <wf lemma="ponovnog" pos="X">ponovnog</wf>
         <instance id="d000.s5295.t000" lemma="slom" pos="NOUN">sloma</instance>
         <wf lemma="burze" pos="X">burze</wf>
         <wf lemma="zbog" pos="X">zbog</wf>
         <wf lemma="recesije" pos="X">recesije</wf>
         <wf lemma="." pos="X">.</wf>
      </sentence>
      <sentence id="d000.s5296" source="wordnet-croatian">
         <instance id="d000.s5296.t000" lemma="kružiti" pos="VERB">Kružila</instance>
         <wf lemma="je" pos="X">je</wf>
         <wf lemma="priča" pos="X">priča</wf>
         <wf lemma="da" pos="X">da</wf>
         <wf lemma="je" pos="X">je</wf>
         <wf lemma="on" pos="X">on</wf>
         <wf lemma="prije" pos="X">prije</wf>
         <wf lemma="bio" pos="X">bio</wf>
         <wf lemma="žena" pos="X">žena</wf>
         <wf lemma="." pos="X">.</wf>
      </sentence>
      <sentence id="d000.s5297" source="wordnet-croatian">
         <wf lemma="Mnogi" pos="X">Mnogi</wf>
         <wf lemma="su" pos="X">su</wf>
         <wf lemma="sveci" pos="X">sveci</wf>
         <instance id="d000.s5297.t000" lemma="pretrpjeti" pos="VERB">pretrpjeli</instance>
         <wf lemma="različite" pos="X">različite</wf>
         <wf lemma="vrste" pos="X">vrste</wf>
         <wf lemma="mučenja" pos="X">mučenja</wf>
         <wf lemma="." pos="X">.</wf>
      </sentence>
      <sentence id="d000.s5298" source="wordnet-croatian">
         <wf lemma="Sve" pos="X">Sve</wf>
         <wf lemma="je" pos="X">je</wf>
         <wf lemma="drage" pos="X">drage</wf>
         <wf lemma="stvari" pos="X">stvari</wf>
         <wf lemma="uredno" pos="X">uredno</wf>
         <wf lemma="poslagao" pos="X">poslagao</wf>
         <wf lemma="u" pos="X">u</wf>
         <instance id="d000.s5298.t000" lemma="kabinet" pos="NOUN">kabinet</instance>
         <wf lemma="." pos="X">.</wf>
      </sentence>
      <sentence id="d000.s5299" source="wordnet-croatian">
         <wf lemma="Bila" pos="X">Bila</wf>
         <wf lemma="je" pos="X">je</wf>
         <instance id="d000.s5299.t000" lemma="nesretan" pos="ADJ">nesretna</instance>
         <wf lemma="zbog" pos="X">zbog</wf>
         <wf lemma="premještaja" pos="X">premještaja</wf>
         <wf lemma="na" pos="X">na</wf>
         <wf lemma="drugo" pos="X">drugo</wf>
         <wf lemma="radno" pos="X">radno</wf>
         <wf lemma="mjesto" pos="X">mjesto</wf>
         <wf lemma="." pos="X">.</wf>
      </sentence>
      <sentence id="d000.s5300" source="wordnet-croatian">
         <wf lemma="Čovjeku" pos="X">Čovjeku</wf>
         <wf lemma="je" pos="X">je</wf>
         <instance id="d000.s5300.t000" lemma="voda" pos="NOUN">voda</instance>
         <wf lemma="prijeko" pos="X">prijeko</wf>
         <wf lemma="potrebna" pos="X">potrebna</wf>
         <wf lemma="za" pos="X">za</wf>
         <wf lemma="život" pos="X">život</wf>
         <wf lemma="." pos="X">.</wf>
      </sentence>
      <sentence id="d000.s5301" source="wordnet-croatian">
         <wf lemma="Možeš" pos="X">Možeš</wf>
         <wf lemma="li" pos="X">li</wf>
         <instance id="d000.s5301.t000" lemma="živjeti" pos="VERB">živjeti</instance>
         <wf lemma="od" pos="X">od</wf>
         <wf lemma="šake" pos="X">šake</wf>
         <wf lemma="kuna" pos="X">kuna</wf>
         <wf lemma="koju" pos="X">koju</wf>
         <wf lemma="zaradiš" pos="X">zaradiš</wf>
         <wf lemma="na" pos="X">na</wf>
         <wf lemma="tom" pos="X">tom</wf>
         <wf lemma="poslu" pos="X">poslu</wf>
         <wf lemma="?" pos="X">?</wf>
      </sentence>
      <sentence id="d000.s5302" source="wordnet-croatian">
         <wf lemma="Odjednom" pos="X">Odjednom</wf>
         <wf lemma="je" pos="X">je</wf>
         <wf lemma="postala" pos="X">postala</wf>
         <instance id="d000.s5302.t000" lemma="svjestan" pos="ADJ">svjesna</instance>
         <wf lemma="svega" pos="X">svega</wf>
         <wf lemma="što" pos="X">što</wf>
         <wf lemma="je" pos="X">je</wf>
         <wf lemma="okružuje" pos="X">okružuje</wf>
         <wf lemma="." pos="X">.</wf>
      </sentence>
      <sentence id="d000.s5303" source="wordnet-croatian">
         <instance id="d000.s5303.t000" lemma="isključiti" pos="VERB">Isključila</instance>
         <wf lemma="sam" pos="X">sam</wf>
         <wf lemma="glačalo" pos="X">glačalo</wf>
         <wf lemma="iz" pos="X">iz</wf>
         <wf lemma="struje" pos="X">struje</wf>
         <wf lemma="." pos="X">.</wf>
      </sentence>
      <sentence id="d000.s5304" source="wordnet-croatian">
         <wf lemma="Nikad" pos="X">Nikad</wf>
         <wf lemma="nije" pos="X">nije</wf>
         <wf lemma="štedjela" pos="X">štedjela</wf>
         <wf lemma="pri" pos="X">pri</wf>
         <wf lemma="kupnji" pos="X">kupnji</wf>
         <instance id="d000.s5304.t000" lemma="obuća" pos="NOUN">obuće</instance>
         <wf lemma="." pos="X">.</wf>
      </sentence>
      <sentence id="d000.s5305" source="wordnet-croatian">
         <instance id="d000.s5305.t000" lemma="milovati" pos="VERB">Milovao</instance>
         <wf lemma="joj" pos="X">joj</wf>
         <wf lemma="lice" pos="X">lice</wf>
         <wf lemma="dok" pos="X">dok</wf>
         <wf lemma="su" pos="X">su</wf>
         <wf lemma="u" pos="X">u</wf>
         <wf lemma="suton" pos="X">suton</wf>
         <wf lemma="ležali" pos="X">ležali</wf>
         <wf lemma="na" pos="X">na</wf>
         <wf lemma="pješčanoj" pos="X">pješčanoj</wf>
         <wf lemma="plaži" pos="X">plaži</wf>
         <wf lemma="." pos="X">.</wf>
      </sentence>
      <sentence id="d000.s5306" source="wordnet-croatian">
         <wf lemma="Bilo" pos="X">Bilo</wf>
         <wf lemma="bi" pos="X">bi</wf>
         <wf lemma="lijepo" pos="X">lijepo</wf>
         <wf lemma="da" pos="X">da</wf>
         <wf lemma="smo" pos="X">smo</wf>
         <wf lemma="1969." pos="X">1969.</wf>
         <wf lemma="otkrili" pos="X">otkrili</wf>
         <instance id="d000.s5306.t000" lemma="život" pos="NOUN">život</instance>
         <wf lemma="na" pos="X">na</wf>
         <wf lemma="Mjesecu" pos="X">Mjesecu</wf>
         <wf lemma="." pos="X">.</wf>
      </sentence>
      <sentence id="d000.s5307" source="wordnet-croatian">
         <wf lemma="Njegova" pos="X">Njegova</wf>
         <wf lemma="su" pos="X">su</wf>
         <wf lemma="djela" pos="X">djela</wf>
         <wf lemma="bila" pos="X">bila</wf>
         <instance id="d000.s5307.t000" lemma="nekreativan" pos="ADJ">nekreativna</instance>
         <wf lemma="," pos="X">,</wf>
         <wf lemma="nije" pos="X">nije</wf>
         <wf lemma="nikad" pos="X">nikad</wf>
         <wf lemma="pokazao" pos="X">pokazao</wf>
         <wf lemma="ništa" pos="X">ništa</wf>
         <wf lemma="novo" pos="X">novo</wf>
         <wf lemma="." pos="X">.</wf>
      </sentence>
      <sentence id="d000.s5308" source="wordnet-croatian">
         <instance id="d000.s5308.t000" lemma="sudaranje" pos="NOUN">Sudaranje</instance>
         <wf lemma="čestice" pos="X">čestice</wf>
         <wf lemma="prouzročilo" pos="X">prouzročilo</wf>
         <wf lemma="je" pos="X">je</wf>
         <wf lemma="povećanje" pos="X">povećanje</wf>
         <wf lemma="tlaka" pos="X">tlaka</wf>
         <wf lemma="." pos="X">.</wf>
      </sentence>
      <sentence id="d000.s5309" source="wordnet-croatian">
         <wf lemma="Čaj" pos="X">Čaj</wf>
         <wf lemma="se" pos="X">se</wf>
         <wf lemma="napravi" pos="X">napravi</wf>
         <wf lemma="u" pos="X">u</wf>
         <wf lemma="trenu" pos="X">trenu</wf>
         <wf lemma="ako" pos="X">ako</wf>
         <wf lemma="se" pos="X">se</wf>
         <wf lemma="voda" pos="X">voda</wf>
         <wf lemma="ugrije" pos="X">ugrije</wf>
         <wf lemma="u" pos="X">u</wf>
         <instance id="d000.s5309.t000" lemma="grijač" pos="NOUN">grijaču</instance>
         <wf lemma="za" pos="X">za</wf>
         <wf lemma="vodu" pos="X">vodu</wf>
         <wf lemma="." pos="X">.</wf>
      </sentence>
      <sentence id="d000.s5310" source="wordnet-croatian">
         <wf lemma="Koristim" pos="X">Koristim</wf>
         <instance id="d000.s5310.t000" lemma="standardan" pos="ADJ">standardne</instance>
         <wf lemma="alate" pos="X">alate</wf>
         <wf lemma="za" pos="X">za</wf>
         <wf lemma="obradu" pos="X">obradu</wf>
         <wf lemma="teksta" pos="X">teksta</wf>
         <wf lemma="." pos="X">.</wf>
      </sentence>
      <sentence id="d000.s5311" source="wordnet-croatian">
         <wf lemma="Djeca" pos="X">Djeca</wf>
         <wf lemma="su" pos="X">su</wf>
         <instance id="d000.s5311.t000" lemma="mrcvariti" pos="VERB">mrcvarila</instance>
         <wf lemma="jadnu" pos="X">jadnu</wf>
         <wf lemma="mačku" pos="X">mačku</wf>
         <wf lemma="." pos="X">.</wf>
      </sentence>
      <sentence id="d000.s5312" source="wordnet-croatian">
         <instance id="d000.s5312.t000" lemma="izdahnuti" pos="VERB">Izdahnuo</instance>
         <wf lemma="je" pos="X">je</wf>
         <wf lemma="preko" pos="X">preko</wf>
         <wf lemma="noći" pos="X">noći</wf>
         <wf lemma="." pos="X">.</wf>
      </sentence>
      <sentence id="d000.s5313" source="wordnet-croatian">
         <instance id="d000.s5313.t000" lemma="zemlja" pos="NOUN">Zemlja</instance>
         <wf lemma="je" pos="X">je</wf>
         <wf lemma="u" pos="X">u</wf>
         <wf lemma="učenjima" pos="X">učenjima</wf>
         <wf lemma="miletske" pos="X">miletske</wf>
         <wf lemma="škole" pos="X">škole</wf>
         <wf lemma="bila" pos="X">bila</wf>
         <wf lemma="sekundarna" pos="X">sekundarna</wf>
         <wf lemma="u" pos="X">u</wf>
         <wf lemma="usporedbi" pos="X">usporedbi</wf>
         <wf lemma="sa" pos="X">sa</wf>
         <wf lemma="zrakom" pos="X">zrakom</wf>
         <wf lemma="ili" pos="X">ili</wf>
         <wf lemma="vodom" pos="X">vodom</wf>
         <wf lemma="." pos="X">.</wf>
      </sentence>
      <sentence id="d000.s5314" source="wordnet-croatian">
         <wf lemma="Bilo" pos="X">Bilo</wf>
         <wf lemma="je" pos="X">je</wf>
         <wf lemma="toliko" pos="X">toliko</wf>
         <wf lemma="hladno" pos="X">hladno</wf>
         <wf lemma="da" pos="X">da</wf>
         <wf lemma="je" pos="X">je</wf>
         <wf lemma="obukla" pos="X">obukla</wf>
         <wf lemma="još" pos="X">još</wf>
         <wf lemma="jednu" pos="X">jednu</wf>
         <wf lemma="debelu" pos="X">debelu</wf>
         <instance id="d000.s5314.t000" lemma="vesta" pos="NOUN">vestu</instance>
         <wf lemma="." pos="X">.</wf>
      </sentence>
      <sentence id="d000.s5315" source="wordnet-croatian">
         <wf lemma="Prije" pos="X">Prije</wf>
         <wf lemma="pranja" pos="X">pranja</wf>
         <wf lemma="pod" pos="X">pod</wf>
         <wf lemma="je" pos="X">je</wf>
         <instance id="d000.s5315.t000" lemma="zaliti" pos="VERB">zalio</instance>
         <wf lemma="vodom" pos="X">vodom</wf>
         <wf lemma="." pos="X">.</wf>
      </sentence>
      <sentence id="d000.s5316" source="wordnet-croatian">
         <wf lemma="Čitanje" pos="X">Čitanje</wf>
         <wf lemma="mu" pos="X">mu</wf>
         <wf lemma="je" pos="X">je</wf>
         <wf lemma="bilo" pos="X">bilo</wf>
         <wf lemma="najdraže" pos="X">najdraže</wf>
         <instance id="d000.s5316.t000" lemma="sredstvo" pos="NOUN">sredstvo</instance>
         <wf lemma="za" pos="X">za</wf>
         <wf lemma="opuštanje" pos="X">opuštanje</wf>
         <wf lemma="." pos="X">.</wf>
      </sentence>
      <sentence id="d000.s5317" source="wordnet-croatian">
         <wf lemma="Otišao" pos="X">Otišao</wf>
         <wf lemma="sam" pos="X">sam</wf>
         <wf lemma="susjedu" pos="X">susjedu</wf>
         <wf lemma="posuditi" pos="X">posuditi</wf>
         <instance id="d000.s5317.t000" lemma="libela" pos="NOUN">libelu</instance>
         <wf lemma="da" pos="X">da</wf>
         <wf lemma="na" pos="X">na</wf>
         <wf lemma="zid" pos="X">zid</wf>
         <wf lemma="pričvrstim" pos="X">pričvrstim</wf>
         <wf lemma="policu" pos="X">policu</wf>
         <wf lemma="." pos="X">.</wf>
      </sentence>
      <sentence id="d000.s5318" source="wordnet-croatian">
         <wf lemma="Volim" pos="X">Volim</wf>
         <wf lemma="okus" pos="X">okus</wf>
         <instance id="d000.s5318.t000" lemma="zreo" pos="ADJ">zrelih</instance>
         <wf lemma="," pos="X">,</wf>
         <wf lemma="crvenih" pos="X">crvenih</wf>
         <wf lemma="jagoda" pos="X">jagoda</wf>
         <wf lemma="." pos="X">.</wf>
      </sentence>
      <sentence id="d000.s5319" source="wordnet-croatian">
         <wf lemma="Posebno" pos="X">Posebno</wf>
         <wf lemma="je" pos="X">je</wf>
         <wf lemma="zapazio" pos="X">zapazio</wf>
         <wf lemma="jedan" pos="X">jedan</wf>
         <instance id="d000.s5319.t000" lemma="članak" pos="NOUN">članak</instance>
         <wf lemma="u" pos="X">u</wf>
         <wf lemma="Večernjem" pos="X">Večernjem</wf>
         <wf lemma="listu" pos="X">listu</wf>
         <wf lemma="." pos="X">.</wf>
      </sentence>
      <sentence id="d000.s5320" source="wordnet-croatian">
         <instance id="d000.s5320.t000" lemma="razdioba" pos="NOUN">Razdioba</instance>
         <wf lemma="preostalih" pos="X">preostalih</wf>
         <wf lemma="dionica" pos="X">dionica</wf>
         <wf lemma="prošla" pos="X">prošla</wf>
         <wf lemma="je" pos="X">je</wf>
         <wf lemma="dobro" pos="X">dobro</wf>
         <wf lemma="za" pos="X">za</wf>
         <wf lemma="umirovljenike" pos="X">umirovljenike</wf>
         <wf lemma="." pos="X">.</wf>
      </sentence>
      <sentence id="d000.s5321" source="wordnet-croatian">
         <wf lemma="Molim" pos="X">Molim</wf>
         <wf lemma="te" pos="X">te</wf>
         <wf lemma="," pos="X">,</wf>
         <instance id="d000.s5321.t000" lemma="zalijepiti" pos="VERB">zalijepi</instance>
         <wf lemma="na" pos="X">na</wf>
         <wf lemma="zid" pos="X">zid</wf>
         <wf lemma="poster" pos="X">poster</wf>
         <wf lemma="od" pos="X">od</wf>
         <wf lemma="Kaja" pos="X">Kaja</wf>
         <wf lemma="Goo" pos="X">Goo</wf>
         <wf lemma="Goo" pos="X">Goo</wf>
         <wf lemma="." pos="X">.</wf>
      </sentence>
      <sentence id="d000.s5322" source="wordnet-croatian">
         <wf lemma="Pobrinite" pos="X">Pobrinite</wf>
         <wf lemma="se" pos="X">se</wf>
         <wf lemma="da" pos="X">da</wf>
         <instance id="d000.s5322.t000" lemma="svetkovina" pos="NOUN">svetkovina</instance>
         <wf lemma="prođe" pos="X">prođe</wf>
         <wf lemma="dostojanstveno" pos="X">dostojanstveno</wf>
         <wf lemma="!" pos="X">!</wf>
      </sentence>
      <sentence id="d000.s5323" source="wordnet-croatian">
         <wf lemma="Svi" pos="X">Svi</wf>
         <wf lemma="se" pos="X">se</wf>
         <wf lemma="vesele" pos="X">vesele</wf>
         <instance id="d000.s5323.t000" lemma="povratak" pos="NOUN">povratku</instance>
         <wf lemma="proljeća" pos="X">proljeća</wf>
         <wf lemma="." pos="X">.</wf>
      </sentence>
      <sentence id="d000.s5324" source="wordnet-croatian">
         <instance id="d000.s5324.t000" lemma="neizvjesnost" pos="NOUN">Neizvjesnost</instance>
         <wf lemma="njezine" pos="X">njezine</wf>
         <wf lemma="budućnosti" pos="X">budućnosti</wf>
         <wf lemma="izjedala" pos="X">izjedala</wf>
         <wf lemma="ju" pos="X">ju</wf>
         <wf lemma="je" pos="X">je</wf>
         <wf lemma="iz" pos="X">iz</wf>
         <wf lemma="dana" pos="X">dana</wf>
         <wf lemma="u" pos="X">u</wf>
         <wf lemma="dan" pos="X">dan</wf>
         <wf lemma="." pos="X">.</wf>
      </sentence>
      <sentence id="d000.s5325" source="wordnet-croatian">
         <instance id="d000.s5325.t000" lemma="gips" pos="NOUN">Gips</instance>
         <wf lemma="je" pos="X">je</wf>
         <wf lemma="vrlo" pos="X">vrlo</wf>
         <wf lemma="mekan" pos="X">mekan</wf>
         <wf lemma="mineral" pos="X">mineral</wf>
         <wf lemma="." pos="X">.</wf>
      </sentence>
      <sentence id="d000.s5326" source="wordnet-croatian">
         <wf lemma="Rat" pos="X">Rat</wf>
         <wf lemma="je" pos="X">je</wf>
         <instance id="d000.s5326.t000" lemma="desenzibilizirati" pos="VERB">desenzibilizirao</instance>
         <wf lemma="mnoge" pos="X">mnoge</wf>
         <wf lemma="vojnike" pos="X">vojnike</wf>
         <wf lemma="." pos="X">.</wf>
      </sentence>
      <sentence id="d000.s5327" source="wordnet-croatian">
         <instance id="d000.s5327.t000" lemma="pogubljenje" pos="NOUN">Pogubljenja</instance>
         <wf lemma="vještica" pos="X">vještica</wf>
         <wf lemma="u" pos="X">u</wf>
         <wf lemma="srednjem" pos="X">srednjem</wf>
         <wf lemma="vijeku" pos="X">vijeku</wf>
         <wf lemma="bila" pos="X">bila</wf>
         <wf lemma="su" pos="X">su</wf>
         <wf lemma="izvođena" pos="X">izvođena</wf>
         <wf lemma="na" pos="X">na</wf>
         <wf lemma="trgovima" pos="X">trgovima</wf>
         <wf lemma="." pos="X">.</wf>
      </sentence>
      <sentence id="d000.s5328" source="wordnet-croatian">
         <wf lemma="Pelješačko" pos="X">Pelješačko</wf>
         <wf lemma="vinogorje" pos="X">vinogorje</wf>
         <wf lemma="oduvijek" pos="X">oduvijek</wf>
         <instance id="d000.s5328.t000" lemma="uzgajati" pos="VERB">uzgaja</instance>
         <wf lemma="vrhunska" pos="X">vrhunska</wf>
         <wf lemma="vina" pos="X">vina</wf>
         <wf lemma="." pos="X">.</wf>
      </sentence>
      <sentence id="d000.s5329" source="wordnet-croatian">
         <wf lemma="U" pos="X">U</wf>
         <wf lemma="svojoj" pos="X">svojoj</wf>
         <wf lemma="je" pos="X">je</wf>
         <wf lemma="karijeri" pos="X">karijeri</wf>
         <wf lemma="izdala" pos="X">izdala</wf>
         <wf lemma="brojne" pos="X">brojne</wf>
         <wf lemma="udžbenike" pos="X">udžbenike</wf>
         <wf lemma="iz" pos="X">iz</wf>
         <instance id="d000.s5329.t000" lemma="psihologija" pos="NOUN">psihologije</instance>
         <wf lemma="." pos="X">.</wf>
      </sentence>
      <sentence id="d000.s5330" source="wordnet-croatian">
         <instance id="d000.s5330.t000" lemma="razmještaj" pos="NOUN">Razmještaj</instance>
         <wf lemma="namještaja" pos="X">namještaja</wf>
         <wf lemma="u" pos="X">u</wf>
         <wf lemma="sobi" pos="X">sobi</wf>
         <wf lemma="nije" pos="X">nije</wf>
         <wf lemma="joj" pos="X">joj</wf>
         <wf lemma="se" pos="X">se</wf>
         <wf lemma="sviđao" pos="X">sviđao</wf>
         <wf lemma="." pos="X">.</wf>
      </sentence>
      <sentence id="d000.s5331" source="wordnet-croatian">
         <wf lemma="Više" pos="X">Više</wf>
         <wf lemma="nikad" pos="X">nikad</wf>
         <wf lemma="neću" pos="X">neću</wf>
         <instance id="d000.s5331.t000" lemma="birati" pos="VERB">birati</instance>
         <wf lemma="brojeve" pos="X">brojeve</wf>
         <wf lemma="koji" pos="X">koji</wf>
         <wf lemma="počinju" pos="X">počinju</wf>
         <wf lemma="s" pos="X">s</wf>
         <wf lemma="tri" pos="X">tri</wf>
         <wf lemma="nule" pos="X">nule</wf>
         <wf lemma="." pos="X">.</wf>
      </sentence>
      <sentence id="d000.s5332" source="wordnet-croatian">
         <instance id="d000.s5332.t000" lemma="mijenjanje" pos="NOUN">Mijenjanje</instance>
         <wf lemma="stranih" pos="X">stranih</wf>
         <wf lemma="valuta" pos="X">valuta</wf>
         <wf lemma="unosan" pos="X">unosan</wf>
         <wf lemma="je" pos="X">je</wf>
         <wf lemma="posao" pos="X">posao</wf>
         <wf lemma="." pos="X">.</wf>
      </sentence>
      <sentence id="d000.s5333" source="wordnet-croatian">
         <wf lemma="Kupovina" pos="X">Kupovina</wf>
         <wf lemma="ovog" pos="X">ovog</wf>
         <wf lemma="auta" pos="X">auta</wf>
         <wf lemma="bila" pos="X">bila</wf>
         <wf lemma="je" pos="X">je</wf>
         <wf lemma="čisti" pos="X">čisti</wf>
         <instance id="d000.s5333.t000" lemma="gubitak" pos="NOUN">gubitak</instance>
         <wf lemma="novca" pos="X">novca</wf>
         <wf lemma="." pos="X">.</wf>
      </sentence>
      <sentence id="d000.s5334" source="wordnet-croatian">
         <instance id="d000.s5334.t000" lemma="deifikacija" pos="NOUN">Deifikacija</instance>
         <wf lemma="istočnjačkih" pos="X">istočnjačkih</wf>
         <wf lemma="učenjaka" pos="X">učenjaka</wf>
         <wf lemma="učestala" pos="X">učestala</wf>
         <wf lemma="je" pos="X">je</wf>
         <wf lemma="pojava" pos="X">pojava</wf>
         <wf lemma="na" pos="X">na</wf>
         <wf lemma="Zapadu" pos="X">Zapadu</wf>
         <wf lemma="." pos="X">.</wf>
      </sentence>
      <sentence id="d000.s5335" source="wordnet-croatian">
         <instance id="d000.s5335.t000" lemma="plan" pos="NOUN">Plan</instance>
         <wf lemma="zgrade" pos="X">zgrade</wf>
         <wf lemma="još" pos="X">još</wf>
         <wf lemma="nije" pos="X">nije</wf>
         <wf lemma="izrađen" pos="X">izrađen</wf>
         <wf lemma="." pos="X">.</wf>
      </sentence>
      <sentence id="d000.s5336" source="wordnet-croatian">
         <wf lemma="Vodopad" pos="X">Vodopad</wf>
         <wf lemma="je" pos="X">je</wf>
         <instance id="d000.s5336.t000" lemma="hučati" pos="VERB">hučao</instance>
         <wf lemma="tako" pos="X">tako</wf>
         <wf lemma="jako" pos="X">jako</wf>
         <wf lemma="da" pos="X">da</wf>
         <wf lemma="nismo" pos="X">nismo</wf>
         <wf lemma="mogli" pos="X">mogli</wf>
         <wf lemma="čuti" pos="X">čuti</wf>
         <wf lemma="jedno" pos="X">jedno</wf>
         <wf lemma="drugoga" pos="X">drugoga</wf>
         <wf lemma="." pos="X">.</wf>
      </sentence>
      <sentence id="d000.s5337" source="wordnet-croatian">
         <wf lemma="Slikari" pos="X">Slikari</wf>
         <wf lemma="najprije" pos="X">najprije</wf>
         <wf lemma="moraju" pos="X">moraju</wf>
         <wf lemma="naučiti" pos="X">naučiti</wf>
         <instance id="d000.s5337.t000" lemma="gledati" pos="VERB">gledati</instance>
         <wf lemma="." pos="X">.</wf>
      </sentence>
      <sentence id="d000.s5338" source="wordnet-croatian">
         <wf lemma="Na" pos="X">Na</wf>
         <wf lemma="napuštenom" pos="X">napuštenom</wf>
         <wf lemma="otoku" pos="X">otoku</wf>
         <wf lemma="nalazi" pos="X">nalazi</wf>
         <wf lemma="se" pos="X">se</wf>
         <wf lemma="romanička" pos="X">romanička</wf>
         <instance id="d000.s5338.t000" lemma="crkva" pos="NOUN">crkva</instance>
         <wf lemma="." pos="X">.</wf>
      </sentence>
      <sentence id="d000.s5339" source="wordnet-croatian">
         <instance id="d000.s5339.t000" lemma="zvati" pos="VERB">Zvao</instance>
         <wf lemma="sam" pos="X">sam</wf>
         <wf lemma="te" pos="X">te</wf>
         <wf lemma="cijeli" pos="X">cijeli</wf>
         <wf lemma="dan" pos="X">dan</wf>
         <wf lemma="," pos="X">,</wf>
         <wf lemma="ali" pos="X">ali</wf>
         <wf lemma="nisi" pos="X">nisi</wf>
         <wf lemma="bio" pos="X">bio</wf>
         <wf lemma="dostupan" pos="X">dostupan</wf>
         <wf lemma="." pos="X">.</wf>
      </sentence>
      <sentence id="d000.s5340" source="wordnet-croatian">
         <wf lemma="Pročitaj" pos="X">Pročitaj</wf>
         <wf lemma="upute" pos="X">upute</wf>
         <wf lemma="za" pos="X">za</wf>
         <instance id="d000.s5340.t000" lemma="rukovanje" pos="NOUN">rukovanje</instance>
         <wf lemma="motornom" pos="X">motornom</wf>
         <wf lemma="pilom" pos="X">pilom</wf>
         <wf lemma="!" pos="X">!</wf>
      </sentence>
      <sentence id="d000.s5341" source="wordnet-croatian">
         <wf lemma="Prirodoslovni" pos="X">Prirodoslovni</wf>
         <wf lemma="muzej" pos="X">muzej</wf>
         <wf lemma="u" pos="X">u</wf>
         <wf lemma="stalnoj" pos="X">stalnoj</wf>
         <wf lemma="postavi" pos="X">postavi</wf>
         <wf lemma="ima" pos="X">ima</wf>
         <wf lemma="veliku" pos="X">veliku</wf>
         <wf lemma="izložbu" pos="X">izložbu</wf>
         <wf lemma="dragocjenog" pos="X">dragocjenog</wf>
         <wf lemma="kamenja" pos="X">kamenja</wf>
         <wf lemma="i" pos="X">i</wf>
         <instance id="d000.s5341.t000" lemma="mineral" pos="NOUN">minerala</instance>
         <wf lemma="." pos="X">.</wf>
      </sentence>
      <sentence id="d000.s5342" source="wordnet-croatian">
         <instance id="d000.s5342.t000" lemma="neoriginalnost" pos="NOUN">Neoriginalnost</instance>
         <wf lemma="na" pos="X">na</wf>
         <wf lemma="sceni" pos="X">sceni</wf>
         <wf lemma="razočarava" pos="X">razočarava</wf>
         <wf lemma="publiku" pos="X">publiku</wf>
         <wf lemma="." pos="X">.</wf>
      </sentence>
      <sentence id="d000.s5343" source="wordnet-croatian">
         <instance id="d000.s5343.t000" lemma="koncept" pos="NOUN">Koncept</instance>
         <wf lemma="ljubavi" pos="X">ljubavi</wf>
         <wf lemma="razlikuje" pos="X">razlikuje</wf>
         <wf lemma="se" pos="X">se</wf>
         <wf lemma="u" pos="X">u</wf>
         <wf lemma="različitim" pos="X">različitim</wf>
         <wf lemma="kulturama" pos="X">kulturama</wf>
         <wf lemma="." pos="X">.</wf>
      </sentence>
      <sentence id="d000.s5344" source="wordnet-croatian">
         <wf lemma="Mehanička" pos="X">Mehanička</wf>
         <instance id="d000.s5344.t000" lemma="blokada" pos="NOUN">blokada</instance>
         <wf lemma="mjenjača" pos="X">mjenjača</wf>
         <wf lemma="dio" pos="X">dio</wf>
         <wf lemma="je" pos="X">je</wf>
         <wf lemma="sustava" pos="X">sustava</wf>
         <wf lemma="za" pos="X">za</wf>
         <wf lemma="zaštitu" pos="X">zaštitu</wf>
         <wf lemma="automobila" pos="X">automobila</wf>
         <wf lemma="od" pos="X">od</wf>
         <wf lemma="krađe" pos="X">krađe</wf>
         <wf lemma="." pos="X">.</wf>
      </sentence>
      <sentence id="d000.s5345" source="wordnet-croatian">
         <wf lemma="Pravi" pos="X">Pravi</wf>
         <instance id="d000.s5345.t000" lemma="uzrok" pos="NOUN">uzrok</instance>
         <wf lemma="raspada" pos="X">raspada</wf>
         <wf lemma="njihove" pos="X">njihove</wf>
         <wf lemma="veze" pos="X">veze</wf>
         <wf lemma="nikada" pos="X">nikada</wf>
         <wf lemma="nećemo" pos="X">nećemo</wf>
         <wf lemma="saznati" pos="X">saznati</wf>
         <wf lemma="." pos="X">.</wf>
      </sentence>
      <sentence id="d000.s5346" source="wordnet-croatian">
         <wf lemma="Novoizgrađena" pos="X">Novoizgrađena</wf>
         <wf lemma="pruga" pos="X">pruga</wf>
         <instance id="d000.s5346.t000" lemma="dosezati" pos="VERB">doseže</instance>
         <wf lemma="najudaljenije" pos="X">najudaljenije</wf>
         <wf lemma="točke" pos="X">točke</wf>
         <wf lemma="naše" pos="X">naše</wf>
         <wf lemma="države" pos="X">države</wf>
         <wf lemma="." pos="X">.</wf>
      </sentence>
      <sentence id="d000.s5347" source="wordnet-croatian">
         <wf lemma="Upozoravao" pos="X">Upozoravao</wf>
         <wf lemma="ga" pos="X">ga</wf>
         <wf lemma="je" pos="X">je</wf>
         <wf lemma="na" pos="X">na</wf>
         <instance id="d000.s5347.t000" lemma="bezvrijednost" pos="NOUN">bezvrijednost</instance>
         <wf lemma="njegova" pos="X">njegova</wf>
         <wf lemma="rada" pos="X">rada</wf>
         <wf lemma="," pos="X">,</wf>
         <wf lemma="ali" pos="X">ali</wf>
         <wf lemma="Ivan" pos="X">Ivan</wf>
         <wf lemma="ga" pos="X">ga</wf>
         <wf lemma="nije" pos="X">nije</wf>
         <wf lemma="htio" pos="X">htio</wf>
         <wf lemma="poslušati" pos="X">poslušati</wf>
         <wf lemma="." pos="X">.</wf>
      </sentence>
      <sentence id="d000.s5348" source="wordnet-croatian">
         <instance id="d000.s5348.t000" lemma="nekomunikativnost" pos="NOUN">Nekomunikativnost</instance>
         <wf lemma="u" pos="X">u</wf>
         <wf lemma="nekim" pos="X">nekim</wf>
         <wf lemma="poslovima" pos="X">poslovima</wf>
         <wf lemma="može" pos="X">može</wf>
         <wf lemma="biti" pos="X">biti</wf>
         <wf lemma="poželjna" pos="X">poželjna</wf>
         <wf lemma="osobina" pos="X">osobina</wf>
         <wf lemma="." pos="X">.</wf>
      </sentence>
      <sentence id="d000.s5349" source="wordnet-croatian">
         <wf lemma="Razni" pos="X">Razni</wf>
         <wf lemma="fotografi" pos="X">fotografi</wf>
         <wf lemma="su" pos="X">su</wf>
         <wf lemma="na" pos="X">na</wf>
         <wf lemma="natjecanje" pos="X">natjecanje</wf>
         <wf lemma="poslali" pos="X">poslali</wf>
         <wf lemma="slike" pos="X">slike</wf>
         <wf lemma="istog" pos="X">istog</wf>
         <instance id="d000.s5349.t000" lemma="sadržaj" pos="NOUN">sadržaja</instance>
         <wf lemma="." pos="X">.</wf>
      </sentence>
      <sentence id="d000.s5350" source="wordnet-croatian">
         <wf lemma="Ona" pos="X">Ona</wf>
         <wf lemma="često" pos="X">često</wf>
         <instance id="d000.s5350.t000" lemma="glumiti" pos="VERB">glumi</instance>
         <wf lemma="barunicu" pos="X">barunicu</wf>
         <wf lemma="Castelli" pos="X">Castelli</wf>
         <wf lemma="." pos="X">.</wf>
      </sentence>
      <sentence id="d000.s5351" source="wordnet-croatian">
         <wf lemma="Okupljeni" pos="X">Okupljeni</wf>
         <wf lemma="građani" pos="X">građani</wf>
         <wf lemma="s" pos="X">s</wf>
         <wf lemma="nestrpljenjem" pos="X">nestrpljenjem</wf>
         <wf lemma="su" pos="X">su</wf>
         <wf lemma="očekivali" pos="X">očekivali</wf>
         <instance id="d000.s5351.t000" lemma="dolazak" pos="NOUN">dolazak</instance>
         <wf lemma="Janice" pos="X">Janice</wf>
         <wf lemma="na" pos="X">na</wf>
         <wf lemma="Trg" pos="X">Trg</wf>
         <wf lemma="bana" pos="X">bana</wf>
         <wf lemma="Josipa" pos="X">Josipa</wf>
         <wf lemma="Jelačića" pos="X">Jelačića</wf>
         <wf lemma="." pos="X">.</wf>
      </sentence>
      <sentence id="d000.s5352" source="wordnet-croatian">
         <instance id="d000.s5352.t000" lemma="redovitost" pos="NOUN">Redovitost</instance>
         <wf lemma="autobusnih" pos="X">autobusnih</wf>
         <wf lemma="linija" pos="X">linija</wf>
         <wf lemma="nikada" pos="X">nikada</wf>
         <wf lemma="se" pos="X">se</wf>
         <wf lemma="ne" pos="X">ne</wf>
         <wf lemma="smije" pos="X">smije</wf>
         <wf lemma="uzimati" pos="X">uzimati</wf>
         <wf lemma="zdravo" pos="X">zdravo</wf>
         <wf lemma="za" pos="X">za</wf>
         <wf lemma="gotovo" pos="X">gotovo</wf>
         <wf lemma="." pos="X">.</wf>
      </sentence>
      <sentence id="d000.s5353" source="wordnet-croatian">
         <wf lemma="Bio" pos="X">Bio</wf>
         <wf lemma="je" pos="X">je</wf>
         <wf lemma="predsjednik" pos="X">predsjednik</wf>
         <wf lemma="najsnažnije" pos="X">najsnažnije</wf>
         <wf lemma="udruge" pos="X">udruge</wf>
         <wf lemma="za" pos="X">za</wf>
         <instance id="d000.s5353.t000" lemma="izvoz" pos="NOUN">izvoz</instance>
         <wf lemma="pšenice" pos="X">pšenice</wf>
         <wf lemma="." pos="X">.</wf>
      </sentence>
      <sentence id="d000.s5354" source="wordnet-croatian">
         <wf lemma="Nemoj" pos="X">Nemoj</wf>
         <wf lemma="zaboraviti" pos="X">zaboraviti</wf>
         <wf lemma="kupiti" pos="X">kupiti</wf>
         <instance id="d000.s5354.t000" lemma="kamamber" pos="NOUN">kamamber</instance>
         <wf lemma="." pos="X">.</wf>
      </sentence>
      <sentence id="d000.s5355" source="wordnet-croatian">
         <wf lemma="Vitez" pos="X">Vitez</wf>
         <wf lemma="je" pos="X">je</wf>
         <instance id="d000.s5355.t000" lemma="izazvati" pos="VERB">izazvao</instance>
         <wf lemma="protivnika" pos="X">protivnika</wf>
         <wf lemma="na" pos="X">na</wf>
         <wf lemma="dvoboj" pos="X">dvoboj</wf>
         <wf lemma="." pos="X">.</wf>
      </sentence>
      <sentence id="d000.s5356" source="wordnet-croatian">
         <wf lemma="Počinili" pos="X">Počinili</wf>
         <wf lemma="su" pos="X">su</wf>
         <instance id="d000.s5356.t000" lemma="zločin" pos="NOUN">zločin</instance>
         <wf lemma="nad" pos="X">nad</wf>
         <wf lemma="domicilnim" pos="X">domicilnim</wf>
         <wf lemma="stanovništvom" pos="X">stanovništvom</wf>
         <wf lemma="." pos="X">.</wf>
      </sentence>
      <sentence id="d000.s5357" source="wordnet-croatian">
         <wf lemma="Prosvjednici" pos="X">Prosvjednici</wf>
         <wf lemma="su" pos="X">su</wf>
         <wf lemma="nosili" pos="X">nosili</wf>
         <wf lemma="brojne" pos="X">brojne</wf>
         <instance id="d000.s5357.t000" lemma="transparent" pos="NOUN">transparente</instance>
         <wf lemma="." pos="X">.</wf>
      </sentence>
      <sentence id="d000.s5358" source="wordnet-croatian">
         <wf lemma="Nikako" pos="X">Nikako</wf>
         <wf lemma="se" pos="X">se</wf>
         <wf lemma="nije" pos="X">nije</wf>
         <wf lemma="mogla" pos="X">mogla</wf>
         <wf lemma="sjetiti" pos="X">sjetiti</wf>
         <wf lemma="formule" pos="X">formule</wf>
         <wf lemma="za" pos="X">za</wf>
         <wf lemma="izračunavanje" pos="X">izračunavanje</wf>
         <instance id="d000.s5358.t000" lemma="kut" pos="NOUN">kutova</instance>
         <wf lemma="u" pos="X">u</wf>
         <wf lemma="pravokutnom" pos="X">pravokutnom</wf>
         <wf lemma="trokutu" pos="X">trokutu</wf>
         <wf lemma="." pos="X">.</wf>
      </sentence>
      <sentence id="d000.s5359" source="wordnet-croatian">
         <wf lemma="Ivan" pos="X">Ivan</wf>
         <wf lemma="je" pos="X">je</wf>
         <wf lemma="sve" pos="X">sve</wf>
         <instance id="d000.s5359.t000" lemma="spis" pos="NOUN">spise</instance>
         <wf lemma="stavio" pos="X">stavio</wf>
         <wf lemma="u" pos="X">u</wf>
         <wf lemma="najgornju" pos="X">najgornju</wf>
         <wf lemma="ladicu" pos="X">ladicu</wf>
         <wf lemma="." pos="X">.</wf>
      </sentence>
      <sentence id="d000.s5360" source="wordnet-croatian">
         <instance id="d000.s5360.t000" lemma="transport" pos="NOUN">Transport</instance>
         <wf lemma="zamrznutih" pos="X">zamrznutih</wf>
         <wf lemma="proizvoda" pos="X">proizvoda</wf>
         <wf lemma="obavlja" pos="X">obavlja</wf>
         <wf lemma="se" pos="X">se</wf>
         <wf lemma="posebnim" pos="X">posebnim</wf>
         <wf lemma="kamionima" pos="X">kamionima</wf>
         <wf lemma="." pos="X">.</wf>
      </sentence>
      <sentence id="d000.s5361" source="wordnet-croatian">
         <wf lemma="Njegovo" pos="X">Njegovo</wf>
         <wf lemma="razmišljanje" pos="X">razmišljanje</wf>
         <instance id="d000.s5361.t000" lemma="priječiti" pos="VERB">priječilo</instance>
         <wf lemma="mu" pos="X">mu</wf>
         <wf lemma="je" pos="X">je</wf>
         <wf lemma="napredak" pos="X">napredak</wf>
         <wf lemma="u" pos="X">u</wf>
         <wf lemma="poslu" pos="X">poslu</wf>
         <wf lemma="." pos="X">.</wf>
      </sentence>
      <sentence id="d000.s5362" source="wordnet-croatian">
         <wf lemma="Microsoft" pos="X">Microsoft</wf>
         <wf lemma="bez" pos="X">bez</wf>
         <wf lemma="premca" pos="X">premca</wf>
         <wf lemma="ima" pos="X">ima</wf>
         <wf lemma="najbolje" pos="X">najbolje</wf>
         <instance id="d000.s5362.t000" lemma="platforma" pos="NOUN">platforme</instance>
         <wf lemma="." pos="X">.</wf>
      </sentence>
      <sentence id="d000.s5363" source="wordnet-croatian">
         <wf lemma="Uvijek" pos="X">Uvijek</wf>
         <wf lemma="čituckam" pos="X">čituckam</wf>
         <instance id="d000.s5363.t000" lemma="novine" pos="NOUN">novine</instance>
         <wf lemma="za" pos="X">za</wf>
         <wf lemma="doručkom" pos="X">doručkom</wf>
         <wf lemma="." pos="X">.</wf>
      </sentence>
      <sentence id="d000.s5364" source="wordnet-croatian">
         <wf lemma="Poljubila" pos="X">Poljubila</wf>
         <wf lemma="ga" pos="X">ga</wf>
         <wf lemma="je" pos="X">je</wf>
         <wf lemma="u" pos="X">u</wf>
         <wf lemma="znak" pos="X">znak</wf>
         <instance id="d000.s5364.t000" lemma="zahvalnost" pos="NOUN">zahvalnosti</instance>
         <wf lemma="." pos="X">.</wf>
      </sentence>
      <sentence id="d000.s5365" source="wordnet-croatian">
         <wf lemma="Moja" pos="X">Moja</wf>
         <instance id="d000.s5365.t000" lemma="suprug" pos="NOUN">supruga</instance>
         <wf lemma="i" pos="X">i</wf>
         <wf lemma="ja" pos="X">ja</wf>
         <wf lemma="sutra" pos="X">sutra</wf>
         <wf lemma="slavimo" pos="X">slavimo</wf>
         <wf lemma="godišnjicu" pos="X">godišnjicu</wf>
         <wf lemma="braka" pos="X">braka</wf>
         <wf lemma="." pos="X">.</wf>
      </sentence>
      <sentence id="d000.s5366" source="wordnet-croatian">
         <wf lemma="Premda" pos="X">Premda</wf>
         <instance id="d000.s5366.t000" lemma="stanovati" pos="VERB">stanuje</instance>
         <wf lemma="u" pos="X">u</wf>
         <wf lemma="Zagrebu" pos="X">Zagrebu</wf>
         <wf lemma="," pos="X">,</wf>
         <wf lemma="Marko" pos="X">Marko</wf>
         <wf lemma="ima" pos="X">ima</wf>
         <wf lemma="prebivalište" pos="X">prebivalište</wf>
         <wf lemma="u" pos="X">u</wf>
         <wf lemma="Đurđevcu" pos="X">Đurđevcu</wf>
         <wf lemma="." pos="X">.</wf>
      </sentence>
      <sentence id="d000.s5367" source="wordnet-croatian">
         <wf lemma="Treba" pos="X">Treba</wf>
         <wf lemma="znati" pos="X">znati</wf>
         <instance id="d000.s5367.t000" lemma="odabrati" pos="VERB">odabrati</instance>
         <wf lemma="kvalitetan" pos="X">kvalitetan</wf>
         <wf lemma="studij" pos="X">studij</wf>
         <wf lemma="." pos="X">.</wf>
      </sentence>
      <sentence id="d000.s5368" source="wordnet-croatian">
         <wf lemma="Njezina" pos="X">Njezina</wf>
         <wf lemma="uloga" pos="X">uloga</wf>
         <wf lemma="mnogo" pos="X">mnogo</wf>
         <wf lemma="je" pos="X">je</wf>
         <instance id="d000.s5368.t000" lemma="doprinijeti" pos="VERB">doprinijela</instance>
         <wf lemma="svjetskom" pos="X">svjetskom</wf>
         <wf lemma="ugledu" pos="X">ugledu</wf>
         <wf lemma="filma" pos="X">filma</wf>
         <wf lemma="." pos="X">.</wf>
      </sentence>
      <sentence id="d000.s5369" source="wordnet-croatian">
         <wf lemma="Sljedbenici" pos="X">Sljedbenici</wf>
         <wf lemma="su" pos="X">su</wf>
         <instance id="d000.s5369.t000" lemma="ponavljati" pos="VERB">ponavljali</instance>
         <wf lemma="učiteljeve" pos="X">učiteljeve</wf>
         <wf lemma="riječi" pos="X">riječi</wf>
         <wf lemma="poput" pos="X">poput</wf>
         <wf lemma="mantre" pos="X">mantre</wf>
         <wf lemma="." pos="X">.</wf>
      </sentence>
      <sentence id="d000.s5370" source="wordnet-croatian">
         <instance id="d000.s5370.t000" lemma="stići" pos="VERB">Stigla</instance>
         <wf lemma="je" pos="X">je</wf>
         <wf lemma="na" pos="X">na</wf>
         <wf lemma="vlak" pos="X">vlak</wf>
         <wf lemma="u" pos="X">u</wf>
         <wf lemma="zadnji" pos="X">zadnji</wf>
         <wf lemma="tren" pos="X">tren</wf>
         <wf lemma="." pos="X">.</wf>
      </sentence>
      <sentence id="d000.s5371" source="wordnet-croatian">
         <wf lemma="Volio" pos="X">Volio</wf>
         <wf lemma="je" pos="X">je</wf>
         <wf lemma="promatrati" pos="X">promatrati</wf>
         <instance id="d000.s5371.t000" lemma="konstelacija" pos="NOUN">konstelacije</instance>
         <wf lemma="zvijezda" pos="X">zvijezda</wf>
         <wf lemma="." pos="X">.</wf>
      </sentence>
      <sentence id="d000.s5372" source="wordnet-croatian">
         <instance id="d000.s5372.t000" lemma="skakanje" pos="NOUN">Skakanje</instance>
         <wf lemma="na" pos="X">na</wf>
         <wf lemma="glavu" pos="X">glavu</wf>
         <wf lemma="u" pos="X">u</wf>
         <wf lemma="vodu" pos="X">vodu</wf>
         <wf lemma="može" pos="X">može</wf>
         <wf lemma="biti" pos="X">biti</wf>
         <wf lemma="opasno" pos="X">opasno</wf>
         <wf lemma="." pos="X">.</wf>
      </sentence>
      <sentence id="d000.s5373" source="wordnet-croatian">
         <wf lemma="U" pos="X">U</wf>
         <instance id="d000.s5373.t000" lemma="zaključak" pos="NOUN">zaključku</instance>
         <wf lemma="autor" pos="X">autor</wf>
         <wf lemma="iznosi" pos="X">iznosi</wf>
         <wf lemma="glavne" pos="X">glavne</wf>
         <wf lemma="teze" pos="X">teze</wf>
         <wf lemma="svoga" pos="X">svoga</wf>
         <wf lemma="djela" pos="X">djela</wf>
         <wf lemma="." pos="X">.</wf>
      </sentence>
      <sentence id="d000.s5374" source="wordnet-croatian">
         <wf lemma="Morali" pos="X">Morali</wf>
         <wf lemma="smo" pos="X">smo</wf>
         <wf lemma="uzeti" pos="X">uzeti</wf>
         <instance id="d000.s5374.t000" lemma="ispomoć" pos="NOUN">ispomoć</instance>
         <wf lemma="za" pos="X">za</wf>
         <wf lemma="premještanje" pos="X">premještanje</wf>
         <wf lemma="namještaja" pos="X">namještaja</wf>
         <wf lemma="." pos="X">.</wf>
      </sentence>
      <sentence id="d000.s5375" source="wordnet-croatian">
         <wf lemma="Brzo" pos="X">Brzo</wf>
         <instance id="d000.s5375.t000" lemma="pomnožiti" pos="VERB">pomnoži</instance>
         <wf lemma="milijun" pos="X">milijun</wf>
         <wf lemma="s" pos="X">s</wf>
         <wf lemma="trilijunom" pos="X">trilijunom</wf>
         <wf lemma="!" pos="X">!</wf>
      </sentence>
      <sentence id="d000.s5376" source="wordnet-croatian">
         <wf lemma="Novine" pos="X">Novine</wf>
         <wf lemma="su" pos="X">su</wf>
         <instance id="d000.s5376.t000" lemma="objaviti" pos="VERB">objavile</instance>
         <wf lemma="intimne" pos="X">intimne</wf>
         <wf lemma="slike" pos="X">slike</wf>
         <wf lemma="poznate" pos="X">poznate</wf>
         <wf lemma="pjevačice" pos="X">pjevačice</wf>
         <wf lemma="." pos="X">.</wf>
      </sentence>
      <sentence id="d000.s5377" source="wordnet-croatian">
         <wf lemma="Čini" pos="X">Čini</wf>
         <wf lemma="se" pos="X">se</wf>
         <wf lemma="da" pos="X">da</wf>
         <wf lemma="je" pos="X">je</wf>
         <wf lemma="novinarska" pos="X">novinarska</wf>
         <instance id="d000.s5377.t000" lemma="etika" pos="NOUN">etika</instance>
         <wf lemma="pala" pos="X">pala</wf>
         <wf lemma="na" pos="X">na</wf>
         <wf lemma="vrlo" pos="X">vrlo</wf>
         <wf lemma="niske" pos="X">niske</wf>
         <wf lemma="grane" pos="X">grane</wf>
         <wf lemma="." pos="X">.</wf>
      </sentence>
      <sentence id="d000.s5378" source="wordnet-croatian">
         <wf lemma="Njegovo" pos="X">Njegovo</wf>
         <instance id="d000.s5378.t000" lemma="ustoličenje" pos="NOUN">ustoličenje</instance>
         <wf lemma="na" pos="X">na</wf>
         <wf lemma="poziciju" pos="X">poziciju</wf>
         <wf lemma="nadbiskupa" pos="X">nadbiskupa</wf>
         <wf lemma="izazvalo" pos="X">izazvalo</wf>
         <wf lemma="je" pos="X">je</wf>
         <wf lemma="različite" pos="X">različite</wf>
         <wf lemma="komentare" pos="X">komentare</wf>
         <wf lemma="u" pos="X">u</wf>
         <wf lemma="zemlji" pos="X">zemlji</wf>
         <wf lemma="." pos="X">.</wf>
      </sentence>
      <sentence id="d000.s5379" source="wordnet-croatian">
         <wf lemma="Zbog" pos="X">Zbog</wf>
         <wf lemma="neukusnih" pos="X">neukusnih</wf>
         <wf lemma="komentara" pos="X">komentara</wf>
         <wf lemma="iz" pos="X">iz</wf>
         <wf lemma="publike" pos="X">publike</wf>
         <wf lemma="recitatorica" pos="X">recitatorica</wf>
         <wf lemma="je" pos="X">je</wf>
         <wf lemma="često" pos="X">često</wf>
         <instance id="d000.s5379.t000" lemma="zastajkivati" pos="VERB">zastajkivala</instance>
         <wf lemma="." pos="X">.</wf>
      </sentence>
      <sentence id="d000.s5380" source="wordnet-croatian">
         <instance id="d000.s5380.t000" lemma="međudjelovanje" pos="NOUN">Međudjelovanje</instance>
         <wf lemma="magnetnih" pos="X">magnetnih</wf>
         <wf lemma="sila" pos="X">sila</wf>
         <wf lemma="uzrokuje" pos="X">uzrokuje</wf>
         <wf lemma="ovu" pos="X">ovu</wf>
         <wf lemma="stabilnost" pos="X">stabilnost</wf>
         <wf lemma="." pos="X">.</wf>
      </sentence>
      <sentence id="d000.s5381" source="wordnet-croatian">
         <wf lemma="Redovito" pos="X">Redovito</wf>
         <instance id="d000.s5381.t000" lemma="gnječiti" pos="VERB">gnječim</instance>
         <wf lemma="ruže" pos="X">ruže</wf>
         <wf lemma="koje" pos="X">koje</wf>
         <wf lemma="dobijem" pos="X">dobijem</wf>
         <wf lemma="povodom" pos="X">povodom</wf>
         <wf lemma="raznih" pos="X">raznih</wf>
         <wf lemma="obljetnica" pos="X">obljetnica</wf>
         <wf lemma="." pos="X">.</wf>
      </sentence>
      <sentence id="d000.s5382" source="wordnet-croatian">
         <wf lemma="Mirku" pos="X">Mirku</wf>
         <wf lemma="su" pos="X">su</wf>
         <wf lemma="zadali" pos="X">zadali</wf>
         <instance id="d000.s5382.t000" lemma="obiman" pos="ADJ">obiman</instance>
         <wf lemma="posao" pos="X">posao</wf>
         <wf lemma="." pos="X">.</wf>
      </sentence>
      <sentence id="d000.s5383" source="wordnet-croatian">
         <wf lemma="Umočio" pos="X">Umočio</wf>
         <wf lemma="je" pos="X">je</wf>
         <instance id="d000.s5383.t000" lemma="vršak" pos="NOUN">vršak</instance>
         <wf lemma="pera" pos="X">pera</wf>
         <wf lemma="u" pos="X">u</wf>
         <wf lemma="tintu" pos="X">tintu</wf>
         <wf lemma="." pos="X">.</wf>
      </sentence>
      <sentence id="d000.s5384" source="wordnet-croatian">
         <wf lemma="Nakon" pos="X">Nakon</wf>
         <wf lemma="što" pos="X">što</wf>
         <wf lemma="je" pos="X">je</wf>
         <instance id="d000.s5384.t000" lemma="kimnuti" pos="VERB">kimnuo</instance>
         <wf lemma="," pos="X">,</wf>
         <wf lemma="znali" pos="X">znali</wf>
         <wf lemma="smo" pos="X">smo</wf>
         <wf lemma="da" pos="X">da</wf>
         <wf lemma="je" pos="X">je</wf>
         <wf lemma="sve" pos="X">sve</wf>
         <wf lemma="u" pos="X">u</wf>
         <wf lemma="redu" pos="X">redu</wf>
         <wf lemma="." pos="X">.</wf>
      </sentence>
      <sentence id="d000.s5385" source="wordnet-croatian">
         <wf lemma="Vulkanska" pos="X">Vulkanska</wf>
         <instance id="d000.s5385.t000" lemma="aktivnost" pos="NOUN">aktivnost</instance>
         <wf lemma="se" pos="X">se</wf>
         <wf lemma="može" pos="X">može</wf>
         <wf lemma="predvidjeti" pos="X">predvidjeti</wf>
         <wf lemma="posebnom" pos="X">posebnom</wf>
         <wf lemma="opremom" pos="X">opremom</wf>
         <wf lemma="." pos="X">.</wf>
      </sentence>
      <sentence id="d000.s5386" source="wordnet-croatian">
         <wf lemma="Iako" pos="X">Iako</wf>
         <wf lemma="je" pos="X">je</wf>
         <wf lemma="već" pos="X">već</wf>
         <wf lemma="godinama" pos="X">godinama</wf>
         <wf lemma="živio" pos="X">živio</wf>
         <wf lemma="u" pos="X">u</wf>
         <wf lemma="inozemstvu" pos="X">inozemstvu</wf>
         <wf lemma="," pos="X">,</wf>
         <instance id="d000.s5386.t000" lemma="nostalgija" pos="NOUN">nostalgija</instance>
         <wf lemma="za" pos="X">za</wf>
         <wf lemma="domom" pos="X">domom</wf>
         <wf lemma="nije" pos="X">nije</wf>
         <wf lemma="se" pos="X">se</wf>
         <wf lemma="smanjivala" pos="X">smanjivala</wf>
         <wf lemma="." pos="X">.</wf>
      </sentence>
      <sentence id="d000.s5387" source="wordnet-croatian">
         <wf lemma="Španjolska" pos="X">Španjolska</wf>
         <wf lemma="gripa" pos="X">gripa</wf>
         <instance id="d000.s5387.t000" lemma="desetkovati" pos="VERB">desetkovala</instance>
         <wf lemma="je" pos="X">je</wf>
         <wf lemma="stanovništvo" pos="X">stanovništvo</wf>
         <wf lemma="Europe" pos="X">Europe</wf>
         <wf lemma="." pos="X">.</wf>
      </sentence>
      <sentence id="d000.s5388" source="wordnet-croatian">
         <wf lemma="On" pos="X">On</wf>
         <wf lemma="je" pos="X">je</wf>
         <wf lemma="veliki" pos="X">veliki</wf>
         <instance id="d000.s5388.t000" lemma="autoritet" pos="NOUN">autoritet</instance>
         <wf lemma="na" pos="X">na</wf>
         <wf lemma="području" pos="X">području</wf>
         <wf lemma="krivičnoga" pos="X">krivičnoga</wf>
         <wf lemma="prava" pos="X">prava</wf>
         <wf lemma="." pos="X">.</wf>
      </sentence>
      <sentence id="d000.s5389" source="wordnet-croatian">
         <wf lemma="Etna" pos="X">Etna</wf>
         <wf lemma="je" pos="X">je</wf>
         <instance id="d000.s5389.t000" lemma="rigati" pos="VERB">rigala</instance>
         <wf lemma="lavu" pos="X">lavu</wf>
         <wf lemma="puna" pos="X">puna</wf>
         <wf lemma="tri" pos="X">tri</wf>
         <wf lemma="dana" pos="X">dana</wf>
         <wf lemma="." pos="X">.</wf>
      </sentence>
      <sentence id="d000.s5390" source="wordnet-croatian">
         <wf lemma="Ova" pos="X">Ova</wf>
         <wf lemma="je" pos="X">je</wf>
         <wf lemma="pjesma" pos="X">pjesma</wf>
         <wf lemma="prvi" pos="X">prvi</wf>
         <instance id="d000.s5390.t000" lemma="prikaz" pos="NOUN">prikaz</instance>
         <wf lemma="ljubavi" pos="X">ljubavi</wf>
         <wf lemma="prema" pos="X">prema</wf>
         <wf lemma="domovini" pos="X">domovini</wf>
         <wf lemma="." pos="X">.</wf>
      </sentence>
      <sentence id="d000.s5391" source="wordnet-croatian">
         <wf lemma="Iz" pos="X">Iz</wf>
         <instance id="d000.s5391.t000" lemma="pijetet" pos="NOUN">pijeteta</instance>
         <wf lemma="prema" pos="X">prema</wf>
         <wf lemma="žrtvama" pos="X">žrtvama</wf>
         <wf lemma="nacizma" pos="X">nacizma</wf>
         <wf lemma="nije" pos="X">nije</wf>
         <wf lemma="mogao" pos="X">mogao</wf>
         <wf lemma="sjediti" pos="X">sjediti</wf>
         <wf lemma="za" pos="X">za</wf>
         <wf lemma="istim" pos="X">istim</wf>
         <wf lemma="stolom" pos="X">stolom</wf>
         <wf lemma="s" pos="X">s</wf>
         <wf lemma="nacističkim" pos="X">nacističkim</wf>
         <wf lemma="časnikom" pos="X">časnikom</wf>
         <wf lemma="." pos="X">.</wf>
      </sentence>
      <sentence id="d000.s5392" source="wordnet-croatian">
         <wf lemma="Tvoje" pos="X">Tvoje</wf>
         <wf lemma="putovanje" pos="X">putovanje</wf>
         <wf lemma="u" pos="X">u</wf>
         <wf lemma="Siriju" pos="X">Siriju</wf>
         <wf lemma="je" pos="X">je</wf>
         <instance id="d000.s5392.t000" lemma="fakat" pos="NOUN">fakat</instance>
         <wf lemma="i" pos="X">i</wf>
         <wf lemma="ne" pos="X">ne</wf>
         <wf lemma="možeš" pos="X">možeš</wf>
         <wf lemma="to" pos="X">to</wf>
         <wf lemma="opovrgnuti" pos="X">opovrgnuti</wf>
         <wf lemma="." pos="X">.</wf>
      </sentence>
      <sentence id="d000.s5393" source="wordnet-croatian">
         <wf lemma="Možeš" pos="X">Možeš</wf>
         <wf lemma="li" pos="X">li</wf>
         <wf lemma="mi" pos="X">mi</wf>
         <instance id="d000.s5393.t000" lemma="pomoći" pos="VERB">pomoći</instance>
         <wf lemma="s" pos="X">s</wf>
         <wf lemma="ovim" pos="X">ovim</wf>
         <wf lemma="knjigama" pos="X">knjigama</wf>
         <wf lemma="?" pos="X">?</wf>
      </sentence>
      <sentence id="d000.s5394" source="wordnet-croatian">
         <wf lemma="Provjerite" pos="X">Provjerite</wf>
         <instance id="d000.s5394.t000" lemma="djeljivost" pos="NOUN">djeljivost</instance>
         <wf lemma="broja" pos="X">broja</wf>
         <wf lemma="8746" pos="X">8746</wf>
         <wf lemma="s" pos="X">s</wf>
         <wf lemma="13." pos="X">13.</wf>
      </sentence>
      <sentence id="d000.s5395" source="wordnet-croatian">
         <wf lemma="Na" pos="X">Na</wf>
         <wf lemma="veliko" pos="X">veliko</wf>
         <wf lemma="iznenađenje" pos="X">iznenađenje</wf>
         <wf lemma="svih" pos="X">svih</wf>
         <wf lemma="," pos="X">,</wf>
         <instance id="d000.s5395.t000" lemma="otkazati" pos="VERB">otkazali</instance>
         <wf lemma="su" pos="X">su</wf>
         <wf lemma="vjenčanje" pos="X">vjenčanje</wf>
         <wf lemma="." pos="X">.</wf>
      </sentence>
      <sentence id="d000.s5396" source="wordnet-croatian">
         <wf lemma="Najstarija" pos="X">Najstarija</wf>
         <instance id="d000.s5396.t000" lemma="vozilo" pos="NOUN">vozila</instance>
         <wf lemma="s" pos="X">s</wf>
         <wf lemma="kotačima" pos="X">kotačima</wf>
         <wf lemma="nađena" pos="X">nađena</wf>
         <wf lemma="su" pos="X">su</wf>
         <wf lemma="na" pos="X">na</wf>
         <wf lemma="području" pos="X">području</wf>
         <wf lemma="Sumera" pos="X">Sumera</wf>
         <wf lemma="i" pos="X">i</wf>
         <wf lemma="Sirije" pos="X">Sirije</wf>
         <wf lemma="i" pos="X">i</wf>
         <wf lemma="datiraju" pos="X">datiraju</wf>
         <wf lemma="u" pos="X">u</wf>
         <wf lemma="3" pos="X">3</wf>
         <wf lemma="500." pos="X">500.</wf>
         <wf lemma="god." pos="X">god.</wf>
         <wf lemma="pr." pos="X">pr.</wf>
         <wf lemma="Kr." pos="X">Kr.</wf>
      </sentence>
      <sentence id="d000.s5397" source="wordnet-croatian">
         <instance id="d000.s5397.t000" lemma="cvjećarnica" pos="NOUN">Cvjećarnice</instance>
         <wf lemma="imaju" pos="X">imaju</wf>
         <wf lemma="mnogo" pos="X">mnogo</wf>
         <wf lemma="posla" pos="X">posla</wf>
         <wf lemma="za" pos="X">za</wf>
         <wf lemma="dan" pos="X">dan</wf>
         <wf lemma="zaljubljenih" pos="X">zaljubljenih</wf>
         <wf lemma="." pos="X">.</wf>
      </sentence>
      <sentence id="d000.s5398" source="wordnet-croatian">
         <instance id="d000.s5398.t000" lemma="zamahnuti" pos="VERB">Zamahnuo</instance>
         <wf lemma="je" pos="X">je</wf>
         <wf lemma="svojom" pos="X">svojom</wf>
         <wf lemma="ubojitom" pos="X">ubojitom</wf>
         <wf lemma="desnicom" pos="X">desnicom</wf>
         <wf lemma="." pos="X">.</wf>
      </sentence>
      <sentence id="d000.s5399" source="wordnet-croatian">
         <wf lemma="Motori" pos="X">Motori</wf>
         <wf lemma="su" pos="X">su</wf>
         <instance id="d000.s5399.t000" lemma="brujati" pos="VERB">brujali</instance>
         <wf lemma="po" pos="X">po</wf>
         <wf lemma="cesti" pos="X">cesti</wf>
         <wf lemma="." pos="X">.</wf>
      </sentence>
      <sentence id="d000.s5400" source="wordnet-croatian">
         <wf lemma="Važno" pos="X">Važno</wf>
         <wf lemma="je" pos="X">je</wf>
         <wf lemma="imati" pos="X">imati</wf>
         <instance id="d000.s5400.t000" lemma="regularan" pos="ADJ">regularne</instance>
         <wf lemma="obroke" pos="X">obroke</wf>
         <wf lemma="." pos="X">.</wf>
      </sentence>
      <sentence id="d000.s5401" source="wordnet-croatian">
         <wf lemma="Počeli" pos="X">Počeli</wf>
         <wf lemma="su" pos="X">su</wf>
         <wf lemma="mu" pos="X">mu</wf>
         <wf lemma="otkazivati" pos="X">otkazivati</wf>
         <instance id="d000.s5401.t000" lemma="unutarnji" pos="ADJ">unutarnji</instance>
         <wf lemma="organi" pos="X">organi</wf>
         <wf lemma="i" pos="X">i</wf>
         <wf lemma="ubrzo" pos="X">ubrzo</wf>
         <wf lemma="je" pos="X">je</wf>
         <wf lemma="umro" pos="X">umro</wf>
         <wf lemma="." pos="X">.</wf>
      </sentence>
      <sentence id="d000.s5402" source="wordnet-croatian">
         <wf lemma="Postoji" pos="X">Postoji</wf>
         <wf lemma="velika" pos="X">velika</wf>
         <instance id="d000.s5402.t000" lemma="mogućnost" pos="NOUN">mogućnost</instance>
         <wf lemma="da" pos="X">da</wf>
         <wf lemma="ćemo" pos="X">ćemo</wf>
         <wf lemma="još" pos="X">još</wf>
         <wf lemma="danas" pos="X">danas</wf>
         <wf lemma="završiti" pos="X">završiti</wf>
         <wf lemma="ovaj" pos="X">ovaj</wf>
         <wf lemma="ogromni" pos="X">ogromni</wf>
         <wf lemma="posao" pos="X">posao</wf>
         <wf lemma="." pos="X">.</wf>
      </sentence>
      <sentence id="d000.s5403" source="wordnet-croatian">
         <instance id="d000.s5403.t000" lemma="nejednakost" pos="NOUN">Nejednakost</instance>
         <wf lemma="među" pos="X">među</wf>
         <wf lemma="spolovima" pos="X">spolovima</wf>
         <wf lemma="još" pos="X">još</wf>
         <wf lemma="uvijek" pos="X">uvijek</wf>
         <wf lemma="izaziva" pos="X">izaziva</wf>
         <wf lemma="brojne" pos="X">brojne</wf>
         <wf lemma="polemike" pos="X">polemike</wf>
         <wf lemma="." pos="X">.</wf>
      </sentence>
      <sentence id="d000.s5404" source="wordnet-croatian">
         <wf lemma="Nad" pos="X">Nad</wf>
         <wf lemma="svim" pos="X">svim</wf>
         <instance id="d000.s5404.t000" lemma="zemlja" pos="NOUN">zemljama</instance>
         <wf lemma="bivše" pos="X">bivše</wf>
         <wf lemma="monarhije" pos="X">monarhije</wf>
         <wf lemma="vlast" pos="X">vlast</wf>
         <wf lemma="su" pos="X">su</wf>
         <wf lemma="imali" pos="X">imali</wf>
         <wf lemma="Habsburgovci" pos="X">Habsburgovci</wf>
         <wf lemma="." pos="X">.</wf>
      </sentence>
      <sentence id="d000.s5405" source="wordnet-croatian">
         <wf lemma="Nije" pos="X">Nije</wf>
         <wf lemma="joj" pos="X">joj</wf>
         <wf lemma="se" pos="X">se</wf>
         <wf lemma="svidio" pos="X">svidio</wf>
         <instance id="d000.s5405.t000" lemma="raspored" pos="NOUN">raspored</instance>
         <wf lemma="sjedenja" pos="X">sjedenja</wf>
         <wf lemma="u" pos="X">u</wf>
         <wf lemma="dvorani" pos="X">dvorani</wf>
         <wf lemma="." pos="X">.</wf>
      </sentence>
      <sentence id="d000.s5406" source="wordnet-croatian">
         <wf lemma="U" pos="X">U</wf>
         <wf lemma="tost" pos="X">tost</wf>
         <wf lemma="stavite" pos="X">stavite</wf>
         <wf lemma="ploškicu" pos="X">ploškicu</wf>
         <instance id="d000.s5406.t000" lemma="sir" pos="NOUN">sira</instance>
         <wf lemma="i" pos="X">i</wf>
         <wf lemma="šunke" pos="X">šunke</wf>
         <wf lemma="." pos="X">.</wf>
      </sentence>
      <sentence id="d000.s5407" source="wordnet-croatian">
         <wf lemma="Prestani" pos="X">Prestani</wf>
         <wf lemma="biti" pos="X">biti</wf>
         <instance id="d000.s5407.t000" lemma="advokat" pos="NOUN">advokat</instance>
         <wf lemma="korumpirane" pos="X">korumpirane</wf>
         <wf lemma="politike" pos="X">politike</wf>
         <wf lemma="!" pos="X">!</wf>
      </sentence>
      <sentence id="d000.s5408" source="wordnet-croatian">
         <wf lemma="Na" pos="X">Na</wf>
         <wf lemma="put" pos="X">put</wf>
         <wf lemma="trebamo" pos="X">trebamo</wf>
         <wf lemma="ponijeti" pos="X">ponijeti</wf>
         <wf lemma="zalihe" pos="X">zalihe</wf>
         <instance id="d000.s5408.t000" lemma="hrana" pos="NOUN">hrane</instance>
         <wf lemma="i" pos="X">i</wf>
         <wf lemma="tekućine" pos="X">tekućine</wf>
         <wf lemma="." pos="X">.</wf>
      </sentence>
      <sentence id="d000.s5409" source="wordnet-croatian">
         <instance id="d000.s5409.t000" lemma="spiskati" pos="VERB">Spiskala</instance>
         <wf lemma="sam" pos="X">sam</wf>
         <wf lemma="cijelu" pos="X">cijelu</wf>
         <wf lemma="plaću" pos="X">plaću</wf>
         <wf lemma="na" pos="X">na</wf>
         <wf lemma="cipele" pos="X">cipele</wf>
         <wf lemma="." pos="X">.</wf>
      </sentence>
      <sentence id="d000.s5410" source="wordnet-croatian">
         <wf lemma="Ne" pos="X">Ne</wf>
         <instance id="d000.s5410.t000" lemma="vjerovati" pos="VERB">vjerujem</instance>
         <wf lemma="njegovim" pos="X">njegovim</wf>
         <wf lemma="pravopisnim" pos="X">pravopisnim</wf>
         <wf lemma="rješenjima" pos="X">rješenjima</wf>
         <wf lemma="." pos="X">.</wf>
      </sentence>
      <sentence id="d000.s5411" source="wordnet-croatian">
         <wf lemma="Radnici" pos="X">Radnici</wf>
         <wf lemma="su" pos="X">su</wf>
         <instance id="d000.s5411.t000" lemma="učvrstiti" pos="VERB">učvrstili</instance>
         <wf lemma="olabavljene" pos="X">olabavljene</wf>
         <wf lemma="spojeve" pos="X">spojeve</wf>
         <wf lemma="na" pos="X">na</wf>
         <wf lemma="građevniskoj" pos="X">građevniskoj</wf>
         <wf lemma="skeli" pos="X">skeli</wf>
         <wf lemma="." pos="X">.</wf>
      </sentence>
      <sentence id="d000.s5412" source="wordnet-croatian">
         <wf lemma="Na" pos="X">Na</wf>
         <wf lemma="plaži" pos="X">plaži</wf>
         <wf lemma="su" pos="X">su</wf>
         <wf lemma="zgorjela" pos="X">zgorjela</wf>
         <instance id="d000.s5412.t000" lemma="leđa" pos="NOUN">leđa</instance>
         <wf lemma="!" pos="X">!</wf>
      </sentence>
      <sentence id="d000.s5413" source="wordnet-croatian">
         <instance id="d000.s5413.t000" lemma="kanabis" pos="NOUN">Kanabis</instance>
         <wf lemma="je" pos="X">je</wf>
         <wf lemma="cijenjen" pos="X">cijenjen</wf>
         <wf lemma="zbog" pos="X">zbog</wf>
         <wf lemma="navodnih" pos="X">navodnih</wf>
         <wf lemma="ljekovitih" pos="X">ljekovitih</wf>
         <wf lemma="svojstava" pos="X">svojstava</wf>
         <wf lemma="." pos="X">.</wf>
      </sentence>
      <sentence id="d000.s5414" source="wordnet-croatian">
         <wf lemma="U" pos="X">U</wf>
         <wf lemma="torbi" pos="X">torbi</wf>
         <wf lemma="hitne" pos="X">hitne</wf>
         <wf lemma="pomoći" pos="X">pomoći</wf>
         <wf lemma="medicinski" pos="X">medicinski</wf>
         <wf lemma="su" pos="X">su</wf>
         <instance id="d000.s5414.t000" lemma="zavoj" pos="NOUN">zavoji</instance>
         <wf lemma="obavezni" pos="X">obavezni</wf>
         <wf lemma="." pos="X">.</wf>
      </sentence>
      <sentence id="d000.s5415" source="wordnet-croatian">
         <wf lemma="Pacijent" pos="X">Pacijent</wf>
         <wf lemma="se" pos="X">se</wf>
         <wf lemma="prije" pos="X">prije</wf>
         <wf lemma="vađenja" pos="X">vađenja</wf>
         <wf lemma="zuba" pos="X">zuba</wf>
         <wf lemma="mora" pos="X">mora</wf>
         <instance id="d000.s5415.t000" lemma="umiriti" pos="VERB">umiriti</instance>
         <wf lemma="sedativom" pos="X">sedativom</wf>
         <wf lemma="." pos="X">.</wf>
      </sentence>
      <sentence id="d000.s5416" source="wordnet-croatian">
         <wf lemma="Komunicirali" pos="X">Komunicirali</wf>
         <wf lemma="su" pos="X">su</wf>
         <wf lemma="posebnim" pos="X">posebnim</wf>
         <instance id="d000.s5416.t000" lemma="kod" pos="NOUN">kodom</instance>
         <wf lemma="koji" pos="X">koji</wf>
         <wf lemma="su" pos="X">su</wf>
         <wf lemma="sami" pos="X">sami</wf>
         <wf lemma="izmislili" pos="X">izmislili</wf>
         <wf lemma="." pos="X">.</wf>
      </sentence>
      <sentence id="d000.s5417" source="wordnet-croatian">
         <instance id="d000.s5417.t000" lemma="komponiranje" pos="NOUN">Komponiranje</instance>
         <wf lemma="glazbe" pos="X">glazbe</wf>
         <wf lemma="za" pos="X">za</wf>
         <wf lemma="film" pos="X">film</wf>
         <wf lemma="zahtijeva" pos="X">zahtijeva</wf>
         <wf lemma="dobro" pos="X">dobro</wf>
         <wf lemma="poznavanje" pos="X">poznavanje</wf>
         <wf lemma="audiovizualnog" pos="X">audiovizualnog</wf>
         <wf lemma="materijala" pos="X">materijala</wf>
         <wf lemma="." pos="X">.</wf>
      </sentence>
      <sentence id="d000.s5418" source="wordnet-croatian">
         <wf lemma="Ona" pos="X">Ona</wf>
         <wf lemma="ne" pos="X">ne</wf>
         <wf lemma="može" pos="X">može</wf>
         <instance id="d000.s5418.t000" lemma="zatrudnjeti" pos="VERB">zatrudnjeti</instance>
         <wf lemma="." pos="X">.</wf>
      </sentence>
      <sentence id="d000.s5419" source="wordnet-croatian">
         <instance id="d000.s5419.t000" lemma="odnos" pos="NOUN">Odnos</instance>
         <wf lemma="majke" pos="X">majke</wf>
         <wf lemma="i" pos="X">i</wf>
         <wf lemma="kćeri" pos="X">kćeri</wf>
         <wf lemma="najljepši" pos="X">najljepši</wf>
         <wf lemma="je" pos="X">je</wf>
         <wf lemma="od" pos="X">od</wf>
         <wf lemma="svih" pos="X">svih</wf>
         <wf lemma="postojećih" pos="X">postojećih</wf>
         <wf lemma="međuljudskih" pos="X">međuljudskih</wf>
         <wf lemma="odnosa" pos="X">odnosa</wf>
         <wf lemma="." pos="X">.</wf>
      </sentence>
      <sentence id="d000.s5420" source="wordnet-croatian">
         <wf lemma="Publika" pos="X">Publika</wf>
         <wf lemma="je" pos="X">je</wf>
         <instance id="d000.s5420.t000" lemma="zviždati" pos="VERB">zviždala</instance>
         <wf lemma="gostujućim" pos="X">gostujućim</wf>
         <wf lemma="igračima" pos="X">igračima</wf>
         <wf lemma="." pos="X">.</wf>
      </sentence>
      <sentence id="d000.s5421" source="wordnet-croatian">
         <wf lemma="Prema" pos="X">Prema</wf>
         <wf lemma="svim" pos="X">svim</wf>
         <instance id="d000.s5421.t000" lemma="pokazatelj" pos="NOUN">pokazateljima</instance>
         <wf lemma="poslovanje" pos="X">poslovanje</wf>
         <wf lemma="će" pos="X">će</wf>
         <wf lemma="ove" pos="X">ove</wf>
         <wf lemma="godine" pos="X">godine</wf>
         <wf lemma="biti" pos="X">biti</wf>
         <wf lemma="jako" pos="X">jako</wf>
         <wf lemma="uspješno" pos="X">uspješno</wf>
         <wf lemma="." pos="X">.</wf>
      </sentence>
      <sentence id="d000.s5422" source="wordnet-croatian">
         <wf lemma="Kada" pos="X">Kada</wf>
         <wf lemma="je" pos="X">je</wf>
         <wf lemma="bio" pos="X">bio</wf>
         <wf lemma="uzbuđen" pos="X">uzbuđen</wf>
         <wf lemma="," pos="X">,</wf>
         <wf lemma="na" pos="X">na</wf>
         <wf lemma="licu" pos="X">licu</wf>
         <wf lemma="mu" pos="X">mu</wf>
         <wf lemma="se" pos="X">se</wf>
         <wf lemma="pojavljivalo" pos="X">pojavljivalo</wf>
         <wf lemma="nekakvo" pos="X">nekakvo</wf>
         <instance id="d000.s5422.t000" lemma="crvenilo" pos="NOUN">crvenilo</instance>
         <wf lemma="." pos="X">.</wf>
      </sentence>
      <sentence id="d000.s5423" source="wordnet-croatian">
         <instance id="d000.s5423.t000" lemma="počistiti" pos="VERB">Počisti</instance>
         <wf lemma="lišće" pos="X">lišće</wf>
         <wf lemma="s" pos="X">s</wf>
         <wf lemma="travnjaka" pos="X">travnjaka</wf>
         <wf lemma="." pos="X">.</wf>
      </sentence>
      <sentence id="d000.s5424" source="wordnet-croatian">
         <instance id="d000.s5424.t000" lemma="bor" pos="NOUN">Bor</instance>
         <wf lemma="se" pos="X">se</wf>
         <wf lemma="upotrebljava" pos="X">upotrebljava</wf>
         <wf lemma="u" pos="X">u</wf>
         <wf lemma="proizvodnji" pos="X">proizvodnji</wf>
         <wf lemma="stakla" pos="X">stakla</wf>
         <wf lemma="." pos="X">.</wf>
      </sentence>
      <sentence id="d000.s5425" source="wordnet-croatian">
         <wf lemma="Nezakonite" pos="X">Nezakonite</wf>
         <instance id="d000.s5425.t000" lemma="radnja" pos="NOUN">radnje</instance>
         <wf lemma="su" pos="X">su</wf>
         <wf lemma="kažnjive" pos="X">kažnjive</wf>
         <wf lemma="." pos="X">.</wf>
      </sentence>
      <sentence id="d000.s5426" source="wordnet-croatian">
         <wf lemma="Njegov" pos="X">Njegov</wf>
         <wf lemma="je" pos="X">je</wf>
         <wf lemma="odgovor" pos="X">odgovor</wf>
         <wf lemma="bio" pos="X">bio</wf>
         <instance id="d000.s5426.t000" lemma="nepotpun" pos="ADJ">nepotpun</instance>
         <wf lemma="." pos="X">.</wf>
      </sentence>
      <sentence id="d000.s5427" source="wordnet-croatian">
         <wf lemma="Zbog" pos="X">Zbog</wf>
         <wf lemma="magle" pos="X">magle</wf>
         <wf lemma="je" pos="X">je</wf>
         <wf lemma="došlo" pos="X">došlo</wf>
         <wf lemma="do" pos="X">do</wf>
         <instance id="d000.s5427.t000" lemma="odgoda" pos="NOUN">odgode</instance>
         <wf lemma="svih" pos="X">svih</wf>
         <wf lemma="letova" pos="X">letova</wf>
         <wf lemma="za" pos="X">za</wf>
         <wf lemma="Ameriku" pos="X">Ameriku</wf>
         <wf lemma="." pos="X">.</wf>
      </sentence>
      <sentence id="d000.s5428" source="wordnet-croatian">
         <wf lemma="Naša" pos="X">Naša</wf>
         <wf lemma="je" pos="X">je</wf>
         <wf lemma="udruga" pos="X">udruga</wf>
         <instance id="d000.s5428.t000" lemma="pridobiti" pos="VERB">pridobila</instance>
         <wf lemma="mnogo" pos="X">mnogo</wf>
         <wf lemma="mladih" pos="X">mladih</wf>
         <wf lemma="članova" pos="X">članova</wf>
         <wf lemma="." pos="X">.</wf>
      </sentence>
      <sentence id="d000.s5429" source="wordnet-croatian">
         <wf lemma="Ljudski" pos="X">Ljudski</wf>
         <wf lemma="mozak" pos="X">mozak</wf>
         <wf lemma="sposoban" pos="X">sposoban</wf>
         <wf lemma="je" pos="X">je</wf>
         <wf lemma="vršiti" pos="X">vršiti</wf>
         <instance id="d000.s5429.t000" lemma="kategoriziranje" pos="NOUN">kategoriziranje</instance>
         <wf lemma="pojavnosti" pos="X">pojavnosti</wf>
         <wf lemma="u" pos="X">u</wf>
         <wf lemma="svijetu" pos="X">svijetu</wf>
         <wf lemma="." pos="X">.</wf>
      </sentence>
      <sentence id="d000.s5430" source="wordnet-croatian">
         <wf lemma="Uvijek" pos="X">Uvijek</wf>
         <wf lemma="je" pos="X">je</wf>
         <wf lemma="napadao" pos="X">napadao</wf>
         <wf lemma="sustave" pos="X">sustave</wf>
         <wf lemma="koji" pos="X">koji</wf>
         <wf lemma="dozvoljavaju" pos="X">dozvoljavaju</wf>
         <wf lemma="bezvjerništvo" pos="X">bezvjerništvo</wf>
         <wf lemma="i" pos="X">i</wf>
         <instance id="d000.s5430.t000" lemma="nećudoređe" pos="NOUN">nećudoređe</instance>
         <wf lemma="." pos="X">.</wf>
      </sentence>
      <sentence id="d000.s5431" source="wordnet-croatian">
         <wf lemma="Ljudsku" pos="X">Ljudsku</wf>
         <instance id="d000.s5431.t000" lemma="dobrota" pos="NOUN">dobrotu</instance>
         <wf lemma="cijenila" pos="X">cijenila</wf>
         <wf lemma="je" pos="X">je</wf>
         <wf lemma="iznad" pos="X">iznad</wf>
         <wf lemma="svega" pos="X">svega</wf>
         <wf lemma="." pos="X">.</wf>
      </sentence>
      <sentence id="d000.s5432" source="wordnet-croatian">
         <wf lemma="Morali" pos="X">Morali</wf>
         <wf lemma="smo" pos="X">smo</wf>
         <wf lemma="prekinuti" pos="X">prekinuti</wf>
         <wf lemma="prijenos" pos="X">prijenos</wf>
         <wf lemma="utakmice" pos="X">utakmice</wf>
         <wf lemma="zbog" pos="X">zbog</wf>
         <instance id="d000.s5432.t000" lemma="smetnja" pos="NOUN">smetnji</instance>
         <wf lemma="u" pos="X">u</wf>
         <wf lemma="odašiljaču" pos="X">odašiljaču</wf>
         <wf lemma="." pos="X">.</wf>
      </sentence>
      <sentence id="d000.s5433" source="wordnet-croatian">
         <wf lemma="Renesansna" pos="X">Renesansna</wf>
         <wf lemma="umjetnost" pos="X">umjetnost</wf>
         <wf lemma="i" pos="X">i</wf>
         <wf lemma="dalje" pos="X">dalje</wf>
         <instance id="d000.s5433.t000" lemma="inspirirati" pos="VERB">inspirira</instance>
         <wf lemma="mnoge" pos="X">mnoge</wf>
         <wf lemma="mlade" pos="X">mlade</wf>
         <wf lemma="umjetnike" pos="X">umjetnike</wf>
         <wf lemma="." pos="X">.</wf>
      </sentence>
      <sentence id="d000.s5434" source="wordnet-croatian">
         <wf lemma="Djeci" pos="X">Djeci</wf>
         <wf lemma="treba" pos="X">treba</wf>
         <instance id="d000.s5434.t000" lemma="organizirati" pos="VERB">organizirati</instance>
         <wf lemma="slobodno" pos="X">slobodno</wf>
         <wf lemma="vrijeme" pos="X">vrijeme</wf>
         <wf lemma="." pos="X">.</wf>
      </sentence>
      <sentence id="d000.s5435" source="wordnet-croatian">
         <wf lemma="Možeš" pos="X">Možeš</wf>
         <wf lemma="li" pos="X">li</wf>
         <wf lemma="mi" pos="X">mi</wf>
         <instance id="d000.s5435.t000" lemma="pozajmiti" pos="VERB">pozajmiti</instance>
         <wf lemma="nešto" pos="X">nešto</wf>
         <wf lemma="novca" pos="X">novca</wf>
         <wf lemma="?" pos="X">?</wf>
      </sentence>
      <sentence id="d000.s5436" source="wordnet-croatian">
         <wf lemma="Njegova" pos="X">Njegova</wf>
         <wf lemma="nedavna" pos="X">nedavna</wf>
         <wf lemma="ostavka" pos="X">ostavka</wf>
         <wf lemma="pokrenula" pos="X">pokrenula</wf>
         <wf lemma="je" pos="X">je</wf>
         <instance id="d000.s5436.t000" lemma="lavina" pos="NOUN">lavinu</instance>
         <wf lemma="događaja" pos="X">događaja</wf>
         <wf lemma="izvan" pos="X">izvan</wf>
         <wf lemma="naše" pos="X">naše</wf>
         <wf lemma="kontrole" pos="X">kontrole</wf>
         <wf lemma="." pos="X">.</wf>
      </sentence>
      <sentence id="d000.s5437" source="wordnet-croatian">
         <wf lemma="Zvao" pos="X">Zvao</wf>
         <wf lemma="je" pos="X">je</wf>
         <wf lemma="svoje" pos="X">svoje</wf>
         <wf lemma="mušterije" pos="X">mušterije</wf>
         <wf lemma="u" pos="X">u</wf>
         <instance id="d000.s5437.t000" lemma="pravilan" pos="ADJ">pravilnim</instance>
         <wf lemma="razmacima" pos="X">razmacima</wf>
         <wf lemma="." pos="X">.</wf>
      </sentence>
      <sentence id="d000.s5438" source="wordnet-croatian">
         <wf lemma="Teško" pos="X">Teško</wf>
         <wf lemma="je" pos="X">je</wf>
         <instance id="d000.s5438.t000" lemma="hodati" pos="VERB">hodao</instance>
         <wf lemma="nakon" pos="X">nakon</wf>
         <wf lemma="prometne" pos="X">prometne</wf>
         <wf lemma="nesreće" pos="X">nesreće</wf>
         <wf lemma="." pos="X">.</wf>
      </sentence>
      <sentence id="d000.s5439" source="wordnet-croatian">
         <wf lemma="Na" pos="X">Na</wf>
         <wf lemma="srednjoškolskom" pos="X">srednjoškolskom</wf>
         <instance id="d000.s5439.t000" lemma="igralište" pos="NOUN">igralištu</instance>
         <wf lemma="postoji" pos="X">postoji</wf>
         <wf lemma="atletska" pos="X">atletska</wf>
         <wf lemma="staza" pos="X">staza</wf>
         <wf lemma="." pos="X">.</wf>
      </sentence>
      <sentence id="d000.s5440" source="wordnet-croatian">
         <wf lemma="Nakon" pos="X">Nakon</wf>
         <instance id="d000.s5440.t000" lemma="poraz" pos="NOUN">poraza</instance>
         <wf lemma="na" pos="X">na</wf>
         <wf lemma="bojnom" pos="X">bojnom</wf>
         <wf lemma="polju" pos="X">polju</wf>
         <wf lemma="general" pos="X">general</wf>
         <wf lemma="se" pos="X">se</wf>
         <wf lemma="vratio" pos="X">vratio</wf>
         <wf lemma="u" pos="X">u</wf>
         <wf lemma="prijestolnicu" pos="X">prijestolnicu</wf>
         <wf lemma="." pos="X">.</wf>
      </sentence>
      <sentence id="d000.s5441" source="wordnet-croatian">
         <wf lemma="Ova" pos="X">Ova</wf>
         <wf lemma="vrata" pos="X">vrata</wf>
         <wf lemma="ne" pos="X">ne</wf>
         <instance id="d000.s5441.t000" lemma="visiti" pos="VERB">vise</instance>
         <wf lemma="dobro" pos="X">dobro</wf>
         <wf lemma="." pos="X">.</wf>
      </sentence>
      <sentence id="d000.s5442" source="wordnet-croatian">
         <wf lemma="Radila" pos="X">Radila</wf>
         <wf lemma="je" pos="X">je</wf>
         <wf lemma="pet" pos="X">pet</wf>
         <wf lemma="dana" pos="X">dana</wf>
         <wf lemma="u" pos="X">u</wf>
         <instance id="d000.s5442.t000" lemma="tjedan" pos="NOUN">tjednu</instance>
         <wf lemma="." pos="X">.</wf>
      </sentence>
      <sentence id="d000.s5443" source="wordnet-croatian">
         <wf lemma="Prije" pos="X">Prije</wf>
         <wf lemma="spavanja" pos="X">spavanja</wf>
         <wf lemma="uvijek" pos="X">uvijek</wf>
         <instance id="d000.s5443.t000" lemma="navući" pos="VERB">navučem</instance>
         <wf lemma="zastore" pos="X">zastore</wf>
         <wf lemma="." pos="X">.</wf>
      </sentence>
      <sentence id="d000.s5444" source="wordnet-croatian">
         <wf lemma="Naš" pos="X">Naš</wf>
         <wf lemma="organizam" pos="X">organizam</wf>
         <wf lemma="ovisi" pos="X">ovisi</wf>
         <wf lemma="o" pos="X">o</wf>
         <wf lemma="mjesečevim" pos="X">mjesečevim</wf>
         <instance id="d000.s5444.t000" lemma="mijena" pos="NOUN">mijenama</instance>
         <wf lemma="." pos="X">.</wf>
      </sentence>
      <sentence id="d000.s5445" source="wordnet-croatian">
         <wf lemma="Njegova" pos="X">Njegova</wf>
         <instance id="d000.s5445.t000" lemma="iskvarenost" pos="NOUN">iskvarenost</instance>
         <wf lemma="odmah" pos="X">odmah</wf>
         <wf lemma="je" pos="X">je</wf>
         <wf lemma="svima" pos="X">svima</wf>
         <wf lemma="postala" pos="X">postala</wf>
         <wf lemma="očitom" pos="X">očitom</wf>
         <wf lemma="." pos="X">.</wf>
      </sentence>
      <sentence id="d000.s5446" source="wordnet-croatian">
         <instance id="d000.s5446.t000" lemma="naknada" pos="NOUN">Naknada</instance>
         <wf lemma="za" pos="X">za</wf>
         <wf lemma="uslugu" pos="X">uslugu</wf>
         <wf lemma="prijevoza" pos="X">prijevoza</wf>
         <wf lemma="obračunat" pos="X">obračunat</wf>
         <wf lemma="će" pos="X">će</wf>
         <wf lemma="se" pos="X">se</wf>
         <wf lemma="po" pos="X">po</wf>
         <wf lemma="izvršenom" pos="X">izvršenom</wf>
         <wf lemma="poslu" pos="X">poslu</wf>
         <wf lemma="." pos="X">.</wf>
      </sentence>
      <sentence id="d000.s5447" source="wordnet-croatian">
         <wf lemma="čovjeku" pos="X">čovjeku</wf>
         <wf lemma="je" pos="X">je</wf>
         <instance id="d000.s5447.t000" lemma="grešnost" pos="NOUN">grešnost</instance>
         <wf lemma="i" pos="X">i</wf>
         <wf lemma="nesavršenost" pos="X">nesavršenost</wf>
         <wf lemma="imanentna" pos="X">imanentna</wf>
         <wf lemma="." pos="X">.</wf>
      </sentence>
      <sentence id="d000.s5448" source="wordnet-croatian">
         <wf lemma="Auto" pos="X">Auto</wf>
         <wf lemma="je" pos="X">je</wf>
         <wf lemma="sve" pos="X">sve</wf>
         <wf lemma="više" pos="X">više</wf>
         <instance id="d000.s5448.t000" lemma="usporavati" pos="VERB">usporavao</instance>
         <wf lemma="." pos="X">.</wf>
      </sentence>
      <sentence id="d000.s5449" source="wordnet-croatian">
         <wf lemma="Klupa" pos="X">Klupa</wf>
         <wf lemma="," pos="X">,</wf>
         <wf lemma="iako" pos="X">iako</wf>
         <wf lemma="nije" pos="X">nije</wf>
         <wf lemma="lijepa" pos="X">lijepa</wf>
         <wf lemma="," pos="X">,</wf>
         <instance id="d000.s5449.t000" lemma="služiti" pos="VERB">služi</instance>
         <wf lemma="svojoj" pos="X">svojoj</wf>
         <wf lemma="svrsi" pos="X">svrsi</wf>
         <wf lemma="." pos="X">.</wf>
      </sentence>
      <sentence id="d000.s5450" source="wordnet-croatian">
         <wf lemma="Treba" pos="X">Treba</wf>
         <instance id="d000.s5450.t000" lemma="zatvarati" pos="VERB">zatvarati</instance>
         <wf lemma="prozore" pos="X">prozore</wf>
         <wf lemma="kada" pos="X">kada</wf>
         <wf lemma="puše" pos="X">puše</wf>
         <wf lemma="bura" pos="X">bura</wf>
         <wf lemma="." pos="X">.</wf>
      </sentence>
      <sentence id="d000.s5451" source="wordnet-croatian">
         <wf lemma="U" pos="X">U</wf>
         <wf lemma="velikoj" pos="X">velikoj</wf>
         <instance id="d000.s5451.t000" lemma="žalost" pos="NOUN">žalosti</instance>
         <wf lemma="oprostila" pos="X">oprostila</wf>
         <wf lemma="se" pos="X">se</wf>
         <wf lemma="od" pos="X">od</wf>
         <wf lemma="ljubavnika" pos="X">ljubavnika</wf>
         <wf lemma="zauvijek" pos="X">zauvijek</wf>
         <wf lemma="." pos="X">.</wf>
      </sentence>
      <sentence id="d000.s5452" source="wordnet-croatian">
         <wf lemma="Vlast" pos="X">Vlast</wf>
         <wf lemma="je" pos="X">je</wf>
         <wf lemma="pokazivala" pos="X">pokazivala</wf>
         <instance id="d000.s5452.t000" lemma="ravnodušnost" pos="NOUN">ravnodušnost</instance>
         <wf lemma="prema" pos="X">prema</wf>
         <wf lemma="rastućim" pos="X">rastućim</wf>
         <wf lemma="problemima" pos="X">problemima</wf>
         <wf lemma="u" pos="X">u</wf>
         <wf lemma="državi" pos="X">državi</wf>
         <wf lemma="." pos="X">.</wf>
      </sentence>
      <sentence id="d000.s5453" source="wordnet-croatian">
         <wf lemma="Dnk" pos="X">Dnk</wf>
         <wf lemma="testiranjem" pos="X">testiranjem</wf>
         <instance id="d000.s5453.t000" lemma="dokazati" pos="VERB">dokazano</instance>
         <wf lemma="je" pos="X">je</wf>
         <wf lemma="njegovo" pos="X">njegovo</wf>
         <wf lemma="očinstvo" pos="X">očinstvo</wf>
         <wf lemma="." pos="X">.</wf>
      </sentence>
      <sentence id="d000.s5454" source="wordnet-croatian">
         <wf lemma="Sunce" pos="X">Sunce</wf>
         <wf lemma="izlazi" pos="X">izlazi</wf>
         <wf lemma="na" pos="X">na</wf>
         <instance id="d000.s5454.t000" lemma="istok" pos="NOUN">istoku</instance>
         <wf lemma="," pos="X">,</wf>
         <wf lemma="a" pos="X">a</wf>
         <wf lemma="zalazi" pos="X">zalazi</wf>
         <wf lemma="na" pos="X">na</wf>
         <wf lemma="zapadu" pos="X">zapadu</wf>
         <wf lemma="." pos="X">.</wf>
      </sentence>
      <sentence id="d000.s5455" source="wordnet-croatian">
         <wf lemma="Liječnici" pos="X">Liječnici</wf>
         <wf lemma="moraju" pos="X">moraju</wf>
         <wf lemma="voditi" pos="X">voditi</wf>
         <wf lemma="računa" pos="X">računa</wf>
         <wf lemma="o" pos="X">o</wf>
         <wf lemma="liječničkoj" pos="X">liječničkoj</wf>
         <instance id="d000.s5455.t000" lemma="etika" pos="NOUN">etici</instance>
         <wf lemma="." pos="X">.</wf>
      </sentence>
      <sentence id="d000.s5456" source="wordnet-croatian">
         <wf lemma="Ovo" pos="X">Ovo</wf>
         <wf lemma="platno" pos="X">platno</wf>
         <instance id="d000.s5456.t000" lemma="tvoriti" pos="VERB">tvori</instance>
         <wf lemma="savršenu" pos="X">savršenu</wf>
         <wf lemma="pozadinu" pos="X">pozadinu</wf>
         <wf lemma="za" pos="X">za</wf>
         <wf lemma="filmske" pos="X">filmske</wf>
         <wf lemma="projekcije" pos="X">projekcije</wf>
         <wf lemma="." pos="X">.</wf>
      </sentence>
      <sentence id="d000.s5457" source="wordnet-croatian">
         <wf lemma="Od" pos="X">Od</wf>
         <wf lemma="ovog" pos="X">ovog</wf>
         <wf lemma="me" pos="X">me</wf>
         <instance id="d000.s5457.t000" lemma="dernek" pos="NOUN">derneka</instance>
         <wf lemma="sljedeće" pos="X">sljedeće</wf>
         <wf lemma="jutro" pos="X">jutro</wf>
         <wf lemma="boljela" pos="X">boljela</wf>
         <wf lemma="glava" pos="X">glava</wf>
         <wf lemma="." pos="X">.</wf>
      </sentence>
      <sentence id="d000.s5458" source="wordnet-croatian">
         <wf lemma="Starije" pos="X">Starije</wf>
         <wf lemma="žene" pos="X">žene</wf>
         <wf lemma="često" pos="X">često</wf>
         <wf lemma="oko" pos="X">oko</wf>
         <wf lemma="glave" pos="X">glave</wf>
         <wf lemma="zavežu" pos="X">zavežu</wf>
         <instance id="d000.s5458.t000" lemma="rubac" pos="NOUN">rubac</instance>
         <wf lemma="." pos="X">.</wf>
      </sentence>
      <sentence id="d000.s5459" source="wordnet-croatian">
         <wf lemma="Svjetsko" pos="X">Svjetsko</wf>
         <instance id="d000.s5459.t000" lemma="nadmetanje" pos="NOUN">nadmetanje</instance>
         <wf lemma="juniora" pos="X">juniora</wf>
         <wf lemma="će" pos="X">će</wf>
         <wf lemma="biti" pos="X">biti</wf>
         <wf lemma="vrlo" pos="X">vrlo</wf>
         <wf lemma="zanimljivo" pos="X">zanimljivo</wf>
         <wf lemma="." pos="X">.</wf>
      </sentence>
      <sentence id="d000.s5460" source="wordnet-croatian">
         <wf lemma="Uvijek" pos="X">Uvijek</wf>
         <wf lemma="treba" pos="X">treba</wf>
         <instance id="d000.s5460.t000" lemma="odvojiti" pos="VERB">odvojiti</instance>
         <wf lemma="žito" pos="X">žito</wf>
         <wf lemma="od" pos="X">od</wf>
         <wf lemma="kukolja" pos="X">kukolja</wf>
         <wf lemma="." pos="X">.</wf>
      </sentence>
      <sentence id="d000.s5461" source="wordnet-croatian">
         <wf lemma="Svaki" pos="X">Svaki</wf>
         <wf lemma="se" pos="X">se</wf>
         <wf lemma="građanin" pos="X">građanin</wf>
         <wf lemma="Republike" pos="X">Republike</wf>
         <wf lemma="Hrvatske" pos="X">Hrvatske</wf>
         <wf lemma="mora" pos="X">mora</wf>
         <wf lemma="držati" pos="X">držati</wf>
         <instance id="d000.s5461.t000" lemma="ustav" pos="NOUN">Ustava</instance>
         <wf lemma="." pos="X">.</wf>
      </sentence>
      <sentence id="d000.s5462" source="wordnet-croatian">
         <wf lemma="Koji" pos="X">Koji</wf>
         <wf lemma="je" pos="X">je</wf>
         <wf lemma="danas" pos="X">danas</wf>
         <instance id="d000.s5462.t000" lemma="datum" pos="NOUN">datum</instance>
         <wf lemma="?" pos="X">?</wf>
      </sentence>
      <sentence id="d000.s5463" source="wordnet-croatian">
         <wf lemma="Izvadio" pos="X">Izvadio</wf>
         <wf lemma="je" pos="X">je</wf>
         <wf lemma="iz" pos="X">iz</wf>
         <wf lemma="kutije" pos="X">kutije</wf>
         <instance id="d000.s5463.t000" lemma="ploča" pos="NOUN">ploču</instance>
         <wf lemma="i" pos="X">i</wf>
         <wf lemma="figurice" pos="X">figurice</wf>
         <wf lemma="i" pos="X">i</wf>
         <wf lemma="posložio" pos="X">posložio</wf>
         <wf lemma="ih" pos="X">ih</wf>
         <wf lemma="za" pos="X">za</wf>
         <wf lemma="početak" pos="X">početak</wf>
         <wf lemma="igre" pos="X">igre</wf>
         <wf lemma="." pos="X">.</wf>
      </sentence>
      <sentence id="d000.s5464" source="wordnet-croatian">
         <wf lemma="Više" pos="X">Više</wf>
         <wf lemma="je" pos="X">je</wf>
         <wf lemma="voljela" pos="X">voljela</wf>
         <wf lemma="čitati" pos="X">čitati</wf>
         <instance id="d000.s5464.t000" lemma="proza" pos="NOUN">prozu</instance>
         <wf lemma="," pos="X">,</wf>
         <wf lemma="pjesme" pos="X">pjesme</wf>
         <wf lemma="joj" pos="X">joj</wf>
         <wf lemma="nikada" pos="X">nikada</wf>
         <wf lemma="nisu" pos="X">nisu</wf>
         <wf lemma="predstavljale" pos="X">predstavljale</wf>
         <wf lemma="takav" pos="X">takav</wf>
         <wf lemma="užitak" pos="X">užitak</wf>
         <wf lemma="." pos="X">.</wf>
      </sentence>
      <sentence id="d000.s5465" source="wordnet-croatian">
         <wf lemma="Moj" pos="X">Moj</wf>
         <wf lemma="muž" pos="X">muž</wf>
         <wf lemma="organizira" pos="X">organizira</wf>
         <wf lemma="večeri" pos="X">večeri</wf>
         <instance id="d000.s5465.t000" lemma="poker" pos="NOUN">pokera</instance>
         <wf lemma="petkom" pos="X">petkom</wf>
         <wf lemma="." pos="X">.</wf>
      </sentence>
      <sentence id="d000.s5466" source="wordnet-croatian">
         <wf lemma="Kocka" pos="X">Kocka</wf>
         <wf lemma="ima" pos="X">ima</wf>
         <wf lemma="dvanaest" pos="X">dvanaest</wf>
         <instance id="d000.s5466.t000" lemma="brid" pos="NOUN">bridova</instance>
         <wf lemma="." pos="X">.</wf>
      </sentence>
      <sentence id="d000.s5467" source="wordnet-croatian">
         <wf lemma="Vukovar" pos="X">Vukovar</wf>
         <wf lemma="je" pos="X">je</wf>
         <wf lemma="postao" pos="X">postao</wf>
         <wf lemma="pravo" pos="X">pravo</wf>
         <instance id="d000.s5467.t000" lemma="ratište" pos="NOUN">ratište</instance>
         <wf lemma="." pos="X">.</wf>
      </sentence>
      <sentence id="d000.s5468" source="wordnet-croatian">
         <instance id="d000.s5468.t000" lemma="proslava" pos="NOUN">Proslava</instance>
         <wf lemma="Velike" pos="X">Velike</wf>
         <wf lemma="Gospe" pos="X">Gospe</wf>
         <wf lemma="završava" pos="X">završava</wf>
         <wf lemma="velikim" pos="X">velikim</wf>
         <wf lemma="vatrometom" pos="X">vatrometom</wf>
         <wf lemma="." pos="X">.</wf>
      </sentence>
      <sentence id="d000.s5469" source="wordnet-croatian">
         <wf lemma="Plastičnom" pos="X">Plastičnom</wf>
         <wf lemma="operacijom" pos="X">operacijom</wf>
         <wf lemma="može" pos="X">može</wf>
         <wf lemma="se" pos="X">se</wf>
         <wf lemma="preoblikovati" pos="X">preoblikovati</wf>
         <instance id="d000.s5469.t000" lemma="greben" pos="NOUN">greben</instance>
         <wf lemma="nosa" pos="X">nosa</wf>
         <wf lemma="." pos="X">.</wf>
      </sentence>
      <sentence id="d000.s5470" source="wordnet-croatian">
         <wf lemma="Njegova" pos="X">Njegova</wf>
         <instance id="d000.s5470.t000" lemma="razina" pos="NOUN">razina</instance>
         <wf lemma="znanja" pos="X">znanja</wf>
         <wf lemma="engleskog" pos="X">engleskog</wf>
         <wf lemma="jednako" pos="X">jednako</wf>
         <wf lemma="je" pos="X">je</wf>
         <wf lemma="loša" pos="X">loša</wf>
         <wf lemma="kao" pos="X">kao</wf>
         <wf lemma="i" pos="X">i</wf>
         <wf lemma="prije" pos="X">prije</wf>
         <wf lemma="odlaska" pos="X">odlaska</wf>
         <wf lemma="u" pos="X">u</wf>
         <wf lemma="Englesku" pos="X">Englesku</wf>
         <wf lemma="." pos="X">.</wf>
      </sentence>
      <sentence id="d000.s5471" source="wordnet-croatian">
         <wf lemma="Njezina" pos="X">Njezina</wf>
         <wf lemma="je" pos="X">je</wf>
         <wf lemma="kosa" pos="X">kosa</wf>
         <wf lemma="bila" pos="X">bila</wf>
         <wf lemma="jednostavno" pos="X">jednostavno</wf>
         <instance id="d000.s5471.t000" lemma="neukrotiv" pos="ADJ">neukrotiva</instance>
         <wf lemma="." pos="X">.</wf>
      </sentence>
      <sentence id="d000.s5472" source="wordnet-croatian">
         <wf lemma="Sestra" pos="X">Sestra</wf>
         <wf lemma="je" pos="X">je</wf>
         <wf lemma="moja" pos="X">moja</wf>
         <wf lemma="jedina" pos="X">jedina</wf>
         <instance id="d000.s5472.t000" lemma="obitelj" pos="NOUN">obitelj</instance>
         <wf lemma="." pos="X">.</wf>
      </sentence>
      <sentence id="d000.s5473" source="wordnet-croatian">
         <wf lemma="Gledali" pos="X">Gledali</wf>
         <wf lemma="smo" pos="X">smo</wf>
         <wf lemma="spori" pos="X">spori</wf>
         <instance id="d000.s5473.t000" lemma="uzlazak" pos="NOUN">uzlazak</instance>
         <wf lemma="ljetnog" pos="X">ljetnog</wf>
         <wf lemma="mjeseca" pos="X">mjeseca</wf>
         <wf lemma="." pos="X">.</wf>
      </sentence>
      <sentence id="d000.s5474" source="wordnet-croatian">
         <instance id="d000.s5474.t000" lemma="igranje" pos="NOUN">Igranje</instance>
         <wf lemma="košarke" pos="X">košarke</wf>
         <wf lemma="priskrbilo" pos="X">priskrbilo</wf>
         <wf lemma="mu" pos="X">mu</wf>
         <wf lemma="je" pos="X">je</wf>
         <wf lemma="nacionalnu" pos="X">nacionalnu</wf>
         <wf lemma="slavu" pos="X">slavu</wf>
         <wf lemma="." pos="X">.</wf>
      </sentence>
      <sentence id="d000.s5475" source="wordnet-croatian">
         <wf lemma="Okretanje" pos="X">Okretanje</wf>
         <wf lemma="Zemlje" pos="X">Zemlje</wf>
         <wf lemma="oko" pos="X">oko</wf>
         <wf lemma="vlastite" pos="X">vlastite</wf>
         <instance id="d000.s5475.t000" lemma="os" pos="NOUN">osi</instance>
         <wf lemma="zove" pos="X">zove</wf>
         <wf lemma="se" pos="X">se</wf>
         <wf lemma="rotacija" pos="X">rotacija</wf>
         <wf lemma="." pos="X">.</wf>
      </sentence>
      <sentence id="d000.s5476" source="wordnet-croatian">
         <wf lemma="Bila" pos="X">Bila</wf>
         <wf lemma="je" pos="X">je</wf>
         <wf lemma="svjesna" pos="X">svjesna</wf>
         <wf lemma="svog" pos="X">svog</wf>
         <instance id="d000.s5476.t000" lemma="seksipil" pos="NOUN">seksipila</instance>
         <wf lemma="." pos="X">.</wf>
      </sentence>
      <sentence id="d000.s5477" source="wordnet-croatian">
         <wf lemma="Uzgoj" pos="X">Uzgoj</wf>
         <wf lemma="različitih" pos="X">različitih</wf>
         <wf lemma="vrste" pos="X">vrste</wf>
         <instance id="d000.s5477.t000" lemma="repa" pos="NOUN">repe</instance>
         <wf lemma="širi" pos="X">širi</wf>
         <wf lemma="se" pos="X">se</wf>
         <wf lemma="jugoistočnom" pos="X">jugoistočnom</wf>
         <wf lemma="Europom" pos="X">Europom</wf>
         <wf lemma="." pos="X">.</wf>
      </sentence>
      <sentence id="d000.s5478" source="wordnet-croatian">
         <wf lemma="Doktor" pos="X">Doktor</wf>
         <wf lemma="je" pos="X">je</wf>
         <wf lemma="pronašao" pos="X">pronašao</wf>
         <wf lemma="zadebljanje" pos="X">zadebljanje</wf>
         <wf lemma="na" pos="X">na</wf>
         <instance id="d000.s5478.t000" lemma="glava" pos="NOUN">glavi</instance>
         <wf lemma="gušterače" pos="X">gušterače</wf>
         <wf lemma="." pos="X">.</wf>
      </sentence>
      <sentence id="d000.s5479" source="wordnet-croatian">
         <wf lemma="Risnjak" pos="X">Risnjak</wf>
         <wf lemma="ima" pos="X">ima</wf>
         <wf lemma="veliku" pos="X">veliku</wf>
         <wf lemma="ulogu" pos="X">ulogu</wf>
         <wf lemma="kao" pos="X">kao</wf>
         <instance id="d000.s5479.t000" lemma="pribježište" pos="NOUN">pribježište</instance>
         <wf lemma="za" pos="X">za</wf>
         <wf lemma="brojni" pos="X">brojni</wf>
         <wf lemma="životinjski" pos="X">životinjski</wf>
         <wf lemma="svijet" pos="X">svijet</wf>
         <wf lemma="." pos="X">.</wf>
      </sentence>
      <sentence id="d000.s5480" source="wordnet-croatian">
         <wf lemma="Dobra" pos="X">Dobra</wf>
         <instance id="d000.s5480.t000" lemma="zemlja" pos="NOUN">zemlja</instance>
         <wf lemma="daje" pos="X">daje</wf>
         <wf lemma="dobar" pos="X">dobar</wf>
         <wf lemma="urod" pos="X">urod</wf>
         <wf lemma="." pos="X">.</wf>
      </sentence>
      <sentence id="d000.s5481" source="wordnet-croatian">
         <wf lemma="Točka" pos="X">Točka</wf>
         <instance id="d000.s5481.t000" lemma="demarkacija" pos="NOUN">demarkacije</instance>
         <wf lemma="bili" pos="X">bili</wf>
         <wf lemma="su" pos="X">su</wf>
         <wf lemma="rovovi" pos="X">rovovi</wf>
         <wf lemma="." pos="X">.</wf>
      </sentence>
      <sentence id="d000.s5482" source="wordnet-croatian">
         <wf lemma="Prije" pos="X">Prije</wf>
         <wf lemma="puta" pos="X">puta</wf>
         <wf lemma="natočio" pos="X">natočio</wf>
         <wf lemma="sam" pos="X">sam</wf>
         <wf lemma="pun" pos="X">pun</wf>
         <instance id="d000.s5482.t000" lemma="spremnik" pos="NOUN">spremnik</instance>
         <wf lemma="goriva" pos="X">goriva</wf>
         <wf lemma="." pos="X">.</wf>
      </sentence>
      <sentence id="d000.s5483" source="wordnet-croatian">
         <wf lemma="Mladi" pos="X">Mladi</wf>
         <instance id="d000.s5483.t000" lemma="izdanak" pos="NOUN">izdanci</instance>
         <wf lemma="kraljevske" pos="X">kraljevske</wf>
         <wf lemma="obitelji" pos="X">obitelji</wf>
         <wf lemma="sjedili" pos="X">sjedili</wf>
         <wf lemma="su" pos="X">su</wf>
         <wf lemma="za" pos="X">za</wf>
         <wf lemma="jednim" pos="X">jednim</wf>
         <wf lemma="stolom" pos="X">stolom</wf>
         <wf lemma="." pos="X">.</wf>
      </sentence>
      <sentence id="d000.s5484" source="wordnet-croatian">
         <wf lemma="Prošlog" pos="X">Prošlog</wf>
         <wf lemma="mjeseca" pos="X">mjeseca</wf>
         <wf lemma="uhićena" pos="X">uhićena</wf>
         <wf lemma="su" pos="X">su</wf>
         <wf lemma="trojica" pos="X">trojica</wf>
         <instance id="d000.s5484.t000" lemma="raspačivač" pos="NOUN">raspačivača</instance>
         <wf lemma="lažnog" pos="X">lažnog</wf>
         <wf lemma="novca" pos="X">novca</wf>
         <wf lemma="." pos="X">.</wf>
      </sentence>
      <sentence id="d000.s5485" source="wordnet-croatian">
         <wf lemma="Iskočila" pos="X">Iskočila</wf>
         <wf lemma="je" pos="X">je</wf>
         <instance id="d000.s5485.t000" lemma="sklopka" pos="NOUN">sklopka</instance>
         <wf lemma="i" pos="X">i</wf>
         <wf lemma="u" pos="X">u</wf>
         <wf lemma="stanu" pos="X">stanu</wf>
         <wf lemma="nije" pos="X">nije</wf>
         <wf lemma="bilo" pos="X">bilo</wf>
         <wf lemma="struje" pos="X">struje</wf>
         <wf lemma="." pos="X">.</wf>
      </sentence>
      <sentence id="d000.s5486" source="wordnet-croatian">
         <wf lemma="Morao" pos="X">Morao</wf>
         <wf lemma="je" pos="X">je</wf>
         <wf lemma="promijeniti" pos="X">promijeniti</wf>
         <instance id="d000.s5486.t000" lemma="baterija" pos="NOUN">baterije</instance>
         <wf lemma="u" pos="X">u</wf>
         <wf lemma="satu" pos="X">satu</wf>
         <wf lemma="." pos="X">.</wf>
      </sentence>
      <sentence id="d000.s5487" source="wordnet-croatian">
         <wf lemma="Kuhinja" pos="X">Kuhinja</wf>
         <wf lemma="u" pos="X">u</wf>
         <wf lemma="restoranima" pos="X">restoranima</wf>
         <wf lemma="mora" pos="X">mora</wf>
         <wf lemma="biti" pos="X">biti</wf>
         <wf lemma="besprijekorno" pos="X">besprijekorno</wf>
         <instance id="d000.s5487.t000" lemma="čist" pos="ADJ">čista</instance>
         <wf lemma="." pos="X">.</wf>
      </sentence>
      <sentence id="d000.s5488" source="wordnet-croatian">
         <wf lemma="Prosvjednici" pos="X">Prosvjednici</wf>
         <wf lemma="su" pos="X">su</wf>
         <wf lemma="pružili" pos="X">pružili</wf>
         <instance id="d000.s5488.t000" lemma="otpor" pos="NOUN">otpor</instance>
         <wf lemma="pri" pos="X">pri</wf>
         <wf lemma="pokušaju" pos="X">pokušaju</wf>
         <wf lemma="ulaska" pos="X">ulaska</wf>
         <wf lemma="dekana" pos="X">dekana</wf>
         <wf lemma="na" pos="X">na</wf>
         <wf lemma="fakultet" pos="X">fakultet</wf>
         <wf lemma="." pos="X">.</wf>
      </sentence>
      <sentence id="d000.s5489" source="wordnet-croatian">
         <wf lemma="Otpuštanje" pos="X">Otpuštanje</wf>
         <wf lemma="štetnih" pos="X">štetnih</wf>
         <instance id="d000.s5489.t000" lemma="plin" pos="NOUN">plinova</instance>
         <wf lemma="u" pos="X">u</wf>
         <wf lemma="atmosferu" pos="X">atmosferu</wf>
         <wf lemma="ima" pos="X">ima</wf>
         <wf lemma="dalekosežne" pos="X">dalekosežne</wf>
         <wf lemma="posljedice" pos="X">posljedice</wf>
         <wf lemma="za" pos="X">za</wf>
         <wf lemma="naš" pos="X">naš</wf>
         <wf lemma="planet" pos="X">planet</wf>
         <wf lemma="." pos="X">.</wf>
      </sentence>
      <sentence id="d000.s5490" source="wordnet-croatian">
         <wf lemma="Veliki" pos="X">Veliki</wf>
         <wf lemma="lonac" pos="X">lonac</wf>
         <wf lemma="graha" pos="X">graha</wf>
         <wf lemma="dovoljan" pos="X">dovoljan</wf>
         <wf lemma="je" pos="X">je</wf>
         <wf lemma="da" pos="X">da</wf>
         <instance id="d000.s5490.t000" lemma="nahraniti" pos="VERB">nahrani</instance>
         <wf lemma="šestero" pos="X">šestero</wf>
         <wf lemma="ljudi" pos="X">ljudi</wf>
         <wf lemma="." pos="X">.</wf>
      </sentence>
      <sentence id="d000.s5491" source="wordnet-croatian">
         <wf lemma="Nakon" pos="X">Nakon</wf>
         <wf lemma="što" pos="X">što</wf>
         <wf lemma="je" pos="X">je</wf>
         <wf lemma="izabrala" pos="X">izabrala</wf>
         <wf lemma="novu" pos="X">novu</wf>
         <wf lemma="gitaru" pos="X">gitaru</wf>
         <wf lemma="," pos="X">,</wf>
         <wf lemma="bacila" pos="X">bacila</wf>
         <wf lemma="se" pos="X">se</wf>
         <wf lemma="u" pos="X">u</wf>
         <wf lemma="potragu" pos="X">potragu</wf>
         <wf lemma="za" pos="X">za</wf>
         <wf lemma="dobrim" pos="X">dobrim</wf>
         <instance id="d000.s5491.t000" lemma="pojačalo" pos="NOUN">pojačalom</instance>
         <wf lemma="." pos="X">.</wf>
      </sentence>
      <sentence id="d000.s5492" source="wordnet-croatian">
         <wf lemma="Imao" pos="X">Imao</wf>
         <wf lemma="je" pos="X">je</wf>
         <instance id="d000.s5492.t000" lemma="pozitivan" pos="ADJ">pozitivan</instance>
         <wf lemma="stav" pos="X">stav</wf>
         <wf lemma="prema" pos="X">prema</wf>
         <wf lemma="životu" pos="X">životu</wf>
         <wf lemma="." pos="X">.</wf>
      </sentence>
      <sentence id="d000.s5493" source="wordnet-croatian">
         <wf lemma="U" pos="X">U</wf>
         <instance id="d000.s5493.t000" lemma="smjer" pos="NOUN">smjeru</instance>
         <wf lemma="Zagreba" pos="X">Zagreba</wf>
         <wf lemma="prostiru" pos="X">prostiru</wf>
         <wf lemma="se" pos="X">se</wf>
         <wf lemma="velika" pos="X">velika</wf>
         <wf lemma="polja" pos="X">polja</wf>
         <wf lemma="kukuruza" pos="X">kukuruza</wf>
         <wf lemma="." pos="X">.</wf>
      </sentence>
      <sentence id="d000.s5494" source="wordnet-croatian">
         <wf lemma="Konj" pos="X">Konj</wf>
         <wf lemma="nije" pos="X">nije</wf>
         <wf lemma="bio" pos="X">bio</wf>
         <wf lemma="naucen" pos="X">naucen</wf>
         <wf lemma="na" pos="X">na</wf>
         <instance id="d000.s5494.t000" lemma="žvala" pos="NOUN">žvale</instance>
         <wf lemma="." pos="X">.</wf>
      </sentence>
      <sentence id="d000.s5495" source="wordnet-croatian">
         <wf lemma="Cijeli" pos="X">Cijeli</wf>
         <wf lemma="rujan" pos="X">rujan</wf>
         <instance id="d000.s5495.t000" lemma="ubrizgavati" pos="VERB">ubrizgavao</instance>
         <wf lemma="si" pos="X">si</wf>
         <wf lemma="je" pos="X">je</wf>
         <wf lemma="heroin" pos="X">heroin</wf>
         <wf lemma="tijekom" pos="X">tijekom</wf>
         <wf lemma="pauze" pos="X">pauze</wf>
         <wf lemma="za" pos="X">za</wf>
         <wf lemma="ručak" pos="X">ručak</wf>
         <wf lemma="." pos="X">.</wf>
      </sentence>
      <sentence id="d000.s5496" source="wordnet-croatian">
         <wf lemma="Za" pos="X">Za</wf>
         <instance id="d000.s5496.t000" lemma="neomiljenost" pos="NOUN">neomiljenost</instance>
         <wf lemma="kod" pos="X">kod</wf>
         <wf lemma="kolega" pos="X">kolega</wf>
         <wf lemma="zaslužna" pos="X">zaslužna</wf>
         <wf lemma="je" pos="X">je</wf>
         <wf lemma="njezina" pos="X">njezina</wf>
         <wf lemma="sebičnost" pos="X">sebičnost</wf>
         <wf lemma="." pos="X">.</wf>
      </sentence>
      <sentence id="d000.s5497" source="wordnet-croatian">
         <wf lemma="Tužno" pos="X">Tužno</wf>
         <wf lemma="je" pos="X">je</wf>
         <wf lemma="bilo" pos="X">bilo</wf>
         <wf lemma="gledati" pos="X">gledati</wf>
         <instance id="d000.s5497.t000" lemma="posezanje" pos="NOUN">posezanje</instance>
         <wf lemma="prolaznika" pos="X">prolaznika</wf>
         <wf lemma="za" pos="X">za</wf>
         <wf lemma="novcem" pos="X">novcem</wf>
         <wf lemma="u" pos="X">u</wf>
         <wf lemma="letu" pos="X">letu</wf>
         <wf lemma="." pos="X">.</wf>
      </sentence>
      <sentence id="d000.s5498" source="wordnet-croatian">
         <wf lemma="Kad" pos="X">Kad</wf>
         <wf lemma="je" pos="X">je</wf>
         <wf lemma="stigla" pos="X">stigla</wf>
         <wf lemma="," pos="X">,</wf>
         <instance id="d000.s5498.t000" lemma="klinac" pos="NOUN">klinci</instance>
         <wf lemma="su" pos="X">su</wf>
         <wf lemma="već" pos="X">već</wf>
         <wf lemma="bili" pos="X">bili</wf>
         <wf lemma="otišli" pos="X">otišli</wf>
         <wf lemma="." pos="X">.</wf>
      </sentence>
      <sentence id="d000.s5499" source="wordnet-croatian">
         <instance id="d000.s5499.t000" lemma="pomičnost" pos="NOUN">Pomičnost</instance>
         <wf lemma="svih" pos="X">svih</wf>
         <wf lemma="dijelova" pos="X">dijelova</wf>
         <wf lemma="aparata" pos="X">aparata</wf>
         <wf lemma="olakšavala" pos="X">olakšavala</wf>
         <wf lemma="je" pos="X">je</wf>
         <wf lemma="njegovo" pos="X">njegovo</wf>
         <wf lemma="čišćenje" pos="X">čišćenje</wf>
         <wf lemma="." pos="X">.</wf>
      </sentence>
      <sentence id="d000.s5500" source="wordnet-croatian">
         <wf lemma="Svi" pos="X">Svi</wf>
         <wf lemma="su" pos="X">su</wf>
         <instance id="d000.s5500.t000" lemma="unutarnji" pos="ADJ">unutarnji</instance>
         <wf lemma="zidovi" pos="X">zidovi</wf>
         <wf lemma="bili" pos="X">bili</wf>
         <wf lemma="bijeli" pos="X">bijeli</wf>
         <wf lemma="." pos="X">.</wf>
      </sentence>
      <sentence id="d000.s5501" source="wordnet-croatian">
         <wf lemma="Pri" pos="X">Pri</wf>
         <wf lemma="izlasku" pos="X">izlasku</wf>
         <wf lemma="iz" pos="X">iz</wf>
         <wf lemma="kluba" pos="X">kluba</wf>
         <wf lemma="nastao" pos="X">nastao</wf>
         <wf lemma="je" pos="X">je</wf>
         <wf lemma="pravi" pos="X">pravi</wf>
         <instance id="d000.s5501.t000" lemma="metež" pos="NOUN">metež</instance>
         <wf lemma="." pos="X">.</wf>
      </sentence>
      <sentence id="d000.s5502" source="wordnet-croatian">
         <instance id="d000.s5502.t000" lemma="nositi" pos="VERB">Nosi</instance>
         <wf lemma="titulu" pos="X">titulu</wf>
         <wf lemma="najljepše" pos="X">najljepše</wf>
         <wf lemma="Hrvatice" pos="X">Hrvatice</wf>
         <wf lemma="." pos="X">.</wf>
      </sentence>
      <sentence id="d000.s5503" source="wordnet-croatian">
         <wf lemma="Rekao" pos="X">Rekao</wf>
         <wf lemma="je" pos="X">je</wf>
         <wf lemma="majci" pos="X">majci</wf>
         <wf lemma="da" pos="X">da</wf>
         <wf lemma="na" pos="X">na</wf>
         <wf lemma="terasu" pos="X">terasu</wf>
         <wf lemma="stavi" pos="X">stavi</wf>
         <wf lemma="metalne" pos="X">metalne</wf>
         <instance id="d000.s5503.t000" lemma="disk" pos="NOUN">diskove</instance>
         <wf lemma="kako" pos="X">kako</wf>
         <wf lemma="bi" pos="X">bi</wf>
         <wf lemma="otjerala" pos="X">otjerala</wf>
         <wf lemma="golubove" pos="X">golubove</wf>
         <wf lemma="." pos="X">.</wf>
      </sentence>
      <sentence id="d000.s5504" source="wordnet-croatian">
         <wf lemma="Ponuda" pos="X">Ponuda</wf>
         <wf lemma="svježeg" pos="X">svježeg</wf>
         <wf lemma="voća" pos="X">voća</wf>
         <wf lemma="i" pos="X">i</wf>
         <wf lemma="povrća" pos="X">povrća</wf>
         <instance id="d000.s5504.t000" lemma="varirati" pos="VERB">varira</instance>
         <wf lemma="s" pos="X">s</wf>
         <wf lemma="obzirom" pos="X">obzirom</wf>
         <wf lemma="na" pos="X">na</wf>
         <wf lemma="godišnja" pos="X">godišnja</wf>
         <wf lemma="doba" pos="X">doba</wf>
         <wf lemma="." pos="X">.</wf>
      </sentence>
      <sentence id="d000.s5505" source="wordnet-croatian">
         <wf lemma="U" pos="X">U</wf>
         <wf lemma="predgovoru" pos="X">predgovoru</wf>
         <instance id="d000.s5505.t000" lemma="spisatelj" pos="NOUN">spisatelj</instance>
         <wf lemma="iznosi" pos="X">iznosi</wf>
         <wf lemma="svoje" pos="X">svoje</wf>
         <wf lemma="mišljenje" pos="X">mišljenje</wf>
         <wf lemma="." pos="X">.</wf>
      </sentence>
      <sentence id="d000.s5506" source="wordnet-croatian">
         <instance id="d000.s5506.t000" lemma="protezanje" pos="NOUN">Protezanje</instance>
         <wf lemma="planinskih" pos="X">planinskih</wf>
         <wf lemma="lanaca" pos="X">lanaca</wf>
         <wf lemma="kilometrima" pos="X">kilometrima</wf>
         <wf lemma="otežava" pos="X">otežava</wf>
         <wf lemma="promet" pos="X">promet</wf>
         <wf lemma="." pos="X">.</wf>
      </sentence>
      <sentence id="d000.s5507" source="wordnet-croatian">
         <wf lemma="Kada" pos="X">Kada</wf>
         <wf lemma="je" pos="X">je</wf>
         <wf lemma="vozio" pos="X">vozio</wf>
         <wf lemma="," pos="X">,</wf>
         <wf lemma="imao" pos="X">imao</wf>
         <wf lemma="je" pos="X">je</wf>
         <wf lemma="samo" pos="X">samo</wf>
         <wf lemma="jednu" pos="X">jednu</wf>
         <wf lemma="ruku" pos="X">ruku</wf>
         <wf lemma="na" pos="X">na</wf>
         <instance id="d000.s5507.t000" lemma="volan" pos="NOUN">volanu</instance>
         <wf lemma="." pos="X">.</wf>
      </sentence>
      <sentence id="d000.s5508" source="wordnet-croatian">
         <wf lemma="Divno" pos="X">Divno</wf>
         <wf lemma="je" pos="X">je</wf>
         <instance id="d000.s5508.t000" lemma="odsvirati" pos="VERB">odsvirala</instance>
         <wf lemma="treći" pos="X">treći</wf>
         <wf lemma="stavak" pos="X">stavak</wf>
         <wf lemma="." pos="X">.</wf>
      </sentence>
      <sentence id="d000.s5509" source="wordnet-croatian">
         <wf lemma="Hodao" pos="X">Hodao</wf>
         <wf lemma="je" pos="X">je</wf>
         <wf lemma="već" pos="X">već</wf>
         <wf lemma="tri" pos="X">tri</wf>
         <wf lemma="sata" pos="X">sata</wf>
         <wf lemma="u" pos="X">u</wf>
         <wf lemma="smjeru" pos="X">smjeru</wf>
         <instance id="d000.s5509.t000" lemma="sjever" pos="NOUN">sjevera</instance>
         <wf lemma="," pos="X">,</wf>
         <wf lemma="a" pos="X">a</wf>
         <wf lemma="još" pos="X">još</wf>
         <wf lemma="uvijek" pos="X">uvijek</wf>
         <wf lemma="nije" pos="X">nije</wf>
         <wf lemma="došao" pos="X">došao</wf>
         <wf lemma="do" pos="X">do</wf>
         <wf lemma="jezera" pos="X">jezera</wf>
         <wf lemma="." pos="X">.</wf>
      </sentence>
      <sentence id="d000.s5510" source="wordnet-croatian">
         <wf lemma="Ivan" pos="X">Ivan</wf>
         <wf lemma="je" pos="X">je</wf>
         <wf lemma="pravi" pos="X">pravi</wf>
         <instance id="d000.s5510.t000" lemma="drug" pos="NOUN">drug</instance>
         <wf lemma="," pos="X">,</wf>
         <wf lemma="uvijek" pos="X">uvijek</wf>
         <wf lemma="pomaže" pos="X">pomaže</wf>
         <wf lemma="kad" pos="X">kad</wf>
         <wf lemma="si" pos="X">si</wf>
         <wf lemma="u" pos="X">u</wf>
         <wf lemma="nevolji" pos="X">nevolji</wf>
         <wf lemma="," pos="X">,</wf>
         <wf lemma="dobar" pos="X">dobar</wf>
         <wf lemma="prijatelj" pos="X">prijatelj</wf>
         <wf lemma="." pos="X">.</wf>
      </sentence>
      <sentence id="d000.s5511" source="wordnet-croatian">
         <wf lemma="Gospođa" pos="X">Gospođa</wf>
         <instance id="d000.s5511.t000" lemma="izigravati" pos="VERB">izigrava</instance>
         <wf lemma="veliku" pos="X">veliku</wf>
         <wf lemma="damu" pos="X">damu</wf>
         <wf lemma="." pos="X">.</wf>
      </sentence>
      <sentence id="d000.s5512" source="wordnet-croatian">
         <wf lemma="Pokušao" pos="X">Pokušao</wf>
         <wf lemma="je" pos="X">je</wf>
         <wf lemma="zaboraviti" pos="X">zaboraviti</wf>
         <wf lemma="na" pos="X">na</wf>
         <wf lemma="svoje" pos="X">svoje</wf>
         <wf lemma="probleme" pos="X">probleme</wf>
         <wf lemma="ispijajući" pos="X">ispijajući</wf>
         <wf lemma="viski" pos="X">viski</wf>
         <wf lemma="u" pos="X">u</wf>
         <instance id="d000.s5512.t000" lemma="krčma" pos="NOUN">krčmi</instance>
         <wf lemma="." pos="X">.</wf>
      </sentence>
      <sentence id="d000.s5513" source="wordnet-croatian">
         <wf lemma="Sav" pos="X">Sav</wf>
         <wf lemma="se" pos="X">se</wf>
         <wf lemma="njegov" pos="X">njegov</wf>
         <instance id="d000.s5513.t000" lemma="novac" pos="NOUN">novac</instance>
         <wf lemma="nalazi" pos="X">nalazi</wf>
         <wf lemma="u" pos="X">u</wf>
         <wf lemma="nekretninama" pos="X">nekretninama</wf>
         <wf lemma="." pos="X">.</wf>
      </sentence>
      <sentence id="d000.s5514" source="wordnet-croatian">
         <wf lemma="Pružila" pos="X">Pružila</wf>
         <wf lemma="mu" pos="X">mu</wf>
         <wf lemma="je" pos="X">je</wf>
         <instance id="d000.s5514.t000" lemma="desni" pos="ADJ">desnu</instance>
         <wf lemma="ruku" pos="X">ruku</wf>
         <wf lemma="." pos="X">.</wf>
      </sentence>
      <sentence id="d000.s5515" source="wordnet-croatian">
         <wf lemma="Neprimjerene" pos="X">Neprimjerene</wf>
         <wf lemma="mjere" pos="X">mjere</wf>
         <instance id="d000.s5515.t000" lemma="dopustiti" pos="VERB">dopustile</instance>
         <wf lemma="su" pos="X">su</wf>
         <wf lemma="nabujaloj" pos="X">nabujaloj</wf>
         <wf lemma="rijeci" pos="X">rijeci</wf>
         <wf lemma="proboj" pos="X">proboj</wf>
         <wf lemma="brane" pos="X">brane</wf>
         <wf lemma="." pos="X">.</wf>
      </sentence>
      <sentence id="d000.s5516" source="wordnet-croatian">
         <instance id="d000.s5516.t000" lemma="slaviti" pos="VERB">Slavili</instance>
         <wf lemma="su" pos="X">su</wf>
         <wf lemma="najveći" pos="X">najveći</wf>
         <wf lemma="kršćanski" pos="X">kršćanski</wf>
         <wf lemma="blagdan" pos="X">blagdan</wf>
         <wf lemma="," pos="X">,</wf>
         <wf lemma="Uskrs" pos="X">Uskrs</wf>
         <wf lemma="." pos="X">.</wf>
      </sentence>
      <sentence id="d000.s5517" source="wordnet-croatian">
         <wf lemma="Hoćeš" pos="X">Hoćeš</wf>
         <wf lemma="li" pos="X">li</wf>
         <wf lemma="," pos="X">,</wf>
         <wf lemma="molim" pos="X">molim</wf>
         <wf lemma="te" pos="X">te</wf>
         <wf lemma="," pos="X">,</wf>
         <instance id="d000.s5517.t000" lemma="paziti" pos="VERB">paziti</instance>
         <wf lemma="na" pos="X">na</wf>
         <wf lemma="dijete" pos="X">dijete</wf>
         <wf lemma="dok" pos="X">dok</wf>
         <wf lemma="ja" pos="X">ja</wf>
         <wf lemma="odem" pos="X">odem</wf>
         <wf lemma="do" pos="X">do</wf>
         <wf lemma="dućana" pos="X">dućana</wf>
         <wf lemma="?" pos="X">?</wf>
      </sentence>
      <sentence id="d000.s5518" source="wordnet-croatian">
         <wf lemma="Ta" pos="X">Ta</wf>
         <wf lemma="je" pos="X">je</wf>
         <wf lemma="izjava" pos="X">izjava</wf>
         <instance id="d000.s5518.t000" lemma="utjecati" pos="VERB">utjecala</instance>
         <wf lemma="na" pos="X">na</wf>
         <wf lemma="glasove" pos="X">glasove</wf>
         <wf lemma="birača" pos="X">birača</wf>
         <wf lemma="." pos="X">.</wf>
      </sentence>
      <sentence id="d000.s5519" source="wordnet-croatian">
         <wf lemma="Njezina" pos="X">Njezina</wf>
         <wf lemma="se" pos="X">se</wf>
         <instance id="d000.s5519.t000" lemma="raspoloženje" pos="NOUN">raspoloženja</instance>
         <wf lemma="mijenjaju" pos="X">mijenjaju</wf>
         <wf lemma="vrlo" pos="X">vrlo</wf>
         <wf lemma="često" pos="X">često</wf>
         <wf lemma="." pos="X">.</wf>
      </sentence>
      <sentence id="d000.s5520" source="wordnet-croatian">
         <wf lemma="Osjećaj" pos="X">Osjećaj</wf>
         <wf lemma="se" pos="X">se</wf>
         <instance id="d000.s5520.t000" lemma="slobodan" pos="ADJ">slobodnim</instance>
         <wf lemma="ostati" pos="X">ostati</wf>
         <wf lemma="koliko" pos="X">koliko</wf>
         <wf lemma="god" pos="X">god</wf>
         <wf lemma="želiš" pos="X">želiš</wf>
         <wf lemma="." pos="X">.</wf>
      </sentence>
      <sentence id="d000.s5521" source="wordnet-croatian">
         <wf lemma="Koliko" pos="X">Koliko</wf>
         <wf lemma="je" pos="X">je</wf>
         <wf lemma="krhka" pos="X">krhka</wf>
         <wf lemma="materijalna" pos="X">materijalna</wf>
         <wf lemma="pojavnost" pos="X">pojavnost</wf>
         <wf lemma="pojedinih" pos="X">pojedinih</wf>
         <wf lemma="muzejskih" pos="X">muzejskih</wf>
         <wf lemma="predmeta" pos="X">predmeta</wf>
         <wf lemma="," pos="X">,</wf>
         <wf lemma="toliko" pos="X">toliko</wf>
         <wf lemma="je" pos="X">je</wf>
         <wf lemma="i" pos="X">i</wf>
         <instance id="d000.s5521.t000" lemma="nematerijalnost" pos="NOUN">nematerijalnost</instance>
         <wf lemma="sjećanja" pos="X">sjećanja</wf>
         <wf lemma="iznimno" pos="X">iznimno</wf>
         <wf lemma="osjetljiva" pos="X">osjetljiva</wf>
         <wf lemma="kategorija" pos="X">kategorija</wf>
         <wf lemma="." pos="X">.</wf>
      </sentence>
      <sentence id="d000.s5522" source="wordnet-croatian">
         <wf lemma="Besplatno" pos="X">Besplatno</wf>
         <wf lemma="je" pos="X">je</wf>
         <instance id="d000.s5522.t000" lemma="podučavati" pos="VERB">podučavala</instance>
         <wf lemma="djecu" pos="X">djecu</wf>
         <wf lemma="seljaka" pos="X">seljaka</wf>
         <wf lemma="." pos="X">.</wf>
      </sentence>
      <sentence id="d000.s5523" source="wordnet-croatian">
         <wf lemma="Bio" pos="X">Bio</wf>
         <wf lemma="je" pos="X">je</wf>
         <wf lemma="budan" pos="X">budan</wf>
         <wf lemma="cijelu" pos="X">cijelu</wf>
         <instance id="d000.s5523.t000" lemma="noć" pos="NOUN">noć</instance>
         <wf lemma="." pos="X">.</wf>
      </sentence>
      <sentence id="d000.s5524" source="wordnet-croatian">
         <instance id="d000.s5524.t000" lemma="porast" pos="NOUN">Porast</instance>
         <wf lemma="cijena" pos="X">cijena</wf>
         <wf lemma="zabrinuo" pos="X">zabrinuo</wf>
         <wf lemma="je" pos="X">je</wf>
         <wf lemma="i" pos="X">i</wf>
         <wf lemma="najveće" pos="X">najveće</wf>
         <wf lemma="ekonomske" pos="X">ekonomske</wf>
         <wf lemma="stručnjake" pos="X">stručnjake</wf>
         <wf lemma="." pos="X">.</wf>
      </sentence>
      <sentence id="d000.s5525" source="wordnet-croatian">
         <wf lemma="Ormar" pos="X">Ormar</wf>
         <wf lemma="je" pos="X">je</wf>
         <wf lemma="imao" pos="X">imao</wf>
         <wf lemma="plavo-bijele" pos="X">plavo-bijele</wf>
         <instance id="d000.s5525.t000" lemma="prednjica" pos="NOUN">prednjice</instance>
         <wf lemma="." pos="X">.</wf>
      </sentence>
      <sentence id="d000.s5526" source="wordnet-croatian">
         <instance id="d000.s5526.t000" lemma="ekspanzija" pos="NOUN">Ekspanzija</instance>
         <wf lemma="višestaničnih" pos="X">višestaničnih</wf>
         <wf lemma="organizma" pos="X">organizma</wf>
         <wf lemma="počinje" pos="X">počinje</wf>
         <wf lemma="veoma" pos="X">veoma</wf>
         <wf lemma="kasno" pos="X">kasno</wf>
         <wf lemma="." pos="X">.</wf>
      </sentence>
      <sentence id="d000.s5527" source="wordnet-croatian">
         <instance id="d000.s5527.t000" lemma="dugovati" pos="VERB">Dugujem</instance>
         <wf lemma="ti" pos="X">ti</wf>
         <wf lemma="veliku" pos="X">veliku</wf>
         <wf lemma="uslugu" pos="X">uslugu</wf>
         <wf lemma="." pos="X">.</wf>
      </sentence>
      <sentence id="d000.s5528" source="wordnet-croatian">
         <wf lemma="Učenici" pos="X">Učenici</wf>
         <wf lemma="su" pos="X">su</wf>
         <wf lemma="na" pos="X">na</wf>
         <wf lemma="papir" pos="X">papir</wf>
         <wf lemma="trebali" pos="X">trebali</wf>
         <wf lemma="ispisati" pos="X">ispisati</wf>
         <wf lemma="svoje" pos="X">svoje</wf>
         <wf lemma="dobre" pos="X">dobre</wf>
         <instance id="d000.s5528.t000" lemma="osobina" pos="NOUN">osobine</instance>
         <wf lemma="." pos="X">.</wf>
      </sentence>
      <sentence id="d000.s5529" source="wordnet-croatian">
         <wf lemma="Uspješnost" pos="X">Uspješnost</wf>
         <wf lemma="se" pos="X">se</wf>
         <wf lemma="mjerila" pos="X">mjerila</wf>
         <instance id="d000.s5529.t000" lemma="skala" pos="NOUN">skalom</instance>
         <wf lemma="od" pos="X">od</wf>
         <wf lemma="jedan" pos="X">jedan</wf>
         <wf lemma="do" pos="X">do</wf>
         <wf lemma="deset" pos="X">deset</wf>
         <wf lemma="." pos="X">.</wf>
      </sentence>
      <sentence id="d000.s5530" source="wordnet-croatian">
         <wf lemma="Kvalitetna" pos="X">Kvalitetna</wf>
         <instance id="d000.s5530.t000" lemma="komunikacija" pos="NOUN">komunikacija</instance>
         <wf lemma="temelj" pos="X">temelj</wf>
         <wf lemma="je" pos="X">je</wf>
         <wf lemma="dobrih" pos="X">dobrih</wf>
         <wf lemma="odnosa" pos="X">odnosa</wf>
         <wf lemma="među" pos="X">među</wf>
         <wf lemma="ljudima" pos="X">ljudima</wf>
         <wf lemma="." pos="X">.</wf>
      </sentence>
      <sentence id="d000.s5531" source="wordnet-croatian">
         <instance id="d000.s5531.t000" lemma="heteroseksualan" pos="ADJ">Heteroseksualne</instance>
         <wf lemma="osobe" pos="X">osobe</wf>
         <wf lemma="imaju" pos="X">imaju</wf>
         <wf lemma="veća" pos="X">veća</wf>
         <wf lemma="prava" pos="X">prava</wf>
         <wf lemma="od" pos="X">od</wf>
         <wf lemma="homoseksualnih" pos="X">homoseksualnih</wf>
         <wf lemma="osoba" pos="X">osoba</wf>
         <wf lemma="." pos="X">.</wf>
      </sentence>
      <sentence id="d000.s5532" source="wordnet-croatian">
         <instance id="d000.s5532.t000" lemma="jesti" pos="VERB">Jeo</instance>
         <wf lemma="je" pos="X">je</wf>
         <wf lemma="morske" pos="X">morske</wf>
         <wf lemma="plodove" pos="X">plodove</wf>
         <wf lemma="svaki" pos="X">svaki</wf>
         <wf lemma="dan" pos="X">dan</wf>
         <wf lemma="gdišnjeg" pos="X">gdišnjeg</wf>
         <wf lemma="odmora" pos="X">odmora</wf>
         <wf lemma="." pos="X">.</wf>
      </sentence>
      <sentence id="d000.s5533" source="wordnet-croatian">
         <instance id="d000.s5533.t000" lemma="uništiti" pos="VERB">Uništio</instance>
         <wf lemma="si" pos="X">si</wf>
         <wf lemma="mi" pos="X">mi</wf>
         <wf lemma="auto" pos="X">auto</wf>
         <wf lemma="tako" pos="X">tako</wf>
         <wf lemma="što" pos="X">što</wf>
         <wf lemma="si" pos="X">si</wf>
         <wf lemma="umjesto" pos="X">umjesto</wf>
         <wf lemma="benzina" pos="X">benzina</wf>
         <wf lemma="nalio" pos="X">nalio</wf>
         <wf lemma="dizel" pos="X">dizel</wf>
         <wf lemma="!" pos="X">!</wf>
      </sentence>
      <sentence id="d000.s5534" source="wordnet-croatian">
         <wf lemma="Cijelu" pos="X">Cijelu</wf>
         <wf lemma="noć" pos="X">noć</wf>
         <wf lemma="je" pos="X">je</wf>
         <instance id="d000.s5534.t000" lemma="razrađivati" pos="VERB">razrađivao</instance>
         <wf lemma="harmonije" pos="X">harmonije</wf>
         <wf lemma="u" pos="X">u</wf>
         <wf lemma="drugom" pos="X">drugom</wf>
         <wf lemma="dijelu" pos="X">dijelu</wf>
         <wf lemma="skladbe" pos="X">skladbe</wf>
         <wf lemma="." pos="X">.</wf>
      </sentence>
      <sentence id="d000.s5535" source="wordnet-croatian">
         <instance id="d000.s5535.t000" lemma="odmak" pos="NOUN">Odmak</instance>
         <wf lemma="od" pos="X">od</wf>
         <wf lemma="etnoglazbe" pos="X">etnoglazbe</wf>
         <wf lemma="prouzročen" pos="X">prouzročen</wf>
         <wf lemma="je" pos="X">je</wf>
         <wf lemma="politiziranjem" pos="X">politiziranjem</wf>
         <wf lemma="svega" pos="X">svega</wf>
         <wf lemma="što" pos="X">što</wf>
         <wf lemma="ima" pos="X">ima</wf>
         <wf lemma="veze" pos="X">veze</wf>
         <wf lemma="s" pos="X">s</wf>
         <wf lemma="tradicijom" pos="X">tradicijom</wf>
         <wf lemma="." pos="X">.</wf>
      </sentence>
      <sentence id="d000.s5536" source="wordnet-croatian">
         <wf lemma="Kvalitetni" pos="X">Kvalitetni</wf>
         <instance id="d000.s5536.t000" lemma="pneumatik" pos="NOUN">pneumatici</instance>
         <wf lemma="smanjuju" pos="X">smanjuju</wf>
         <wf lemma="put" pos="X">put</wf>
         <wf lemma="kočenja" pos="X">kočenja</wf>
         <wf lemma="." pos="X">.</wf>
      </sentence>
      <sentence id="d000.s5537" source="wordnet-croatian">
         <wf lemma="Policija" pos="X">Policija</wf>
         <wf lemma="traga" pos="X">traga</wf>
         <wf lemma="za" pos="X">za</wf>
         <instance id="d000.s5537.t000" lemma="vlasnik" pos="NOUN">vlasnikom</instance>
         <wf lemma="auta" pos="X">auta</wf>
         <wf lemma="." pos="X">.</wf>
      </sentence>
      <sentence id="d000.s5538" source="wordnet-croatian">
         <wf lemma="Korupcija" pos="X">Korupcija</wf>
         <wf lemma="je" pos="X">je</wf>
         <wf lemma="prije" pos="X">prije</wf>
         <wf lemma="svega" pos="X">svega</wf>
         <instance id="d000.s5538.t000" lemma="slabost" pos="NOUN">slabost</instance>
         <wf lemma="države" pos="X">države</wf>
         <wf lemma="." pos="X">.</wf>
      </sentence>
      <sentence id="d000.s5539" source="wordnet-croatian">
         <instance id="d000.s5539.t000" lemma="truba" pos="NOUN">Trube</instance>
         <wf lemma="su" pos="X">su</wf>
         <wf lemma="najavile" pos="X">najavile</wf>
         <wf lemma="kraljev" pos="X">kraljev</wf>
         <wf lemma="dolazak" pos="X">dolazak</wf>
         <wf lemma="." pos="X">.</wf>
      </sentence>
      <sentence id="d000.s5540" source="wordnet-croatian">
         <wf lemma="Uvijek" pos="X">Uvijek</wf>
         <wf lemma="je" pos="X">je</wf>
         <wf lemma="uživao" pos="X">uživao</wf>
         <wf lemma="u" pos="X">u</wf>
         <instance id="d000.s5540.t000" lemma="kritiziranje" pos="NOUN">kritiziranju</instance>
         <wf lemma="svojih" pos="X">svojih</wf>
         <wf lemma="suradnika" pos="X">suradnika</wf>
         <wf lemma="." pos="X">.</wf>
      </sentence>
      <sentence id="d000.s5541" source="wordnet-croatian">
         <wf lemma="Premijerka" pos="X">Premijerka</wf>
         <wf lemma="je" pos="X">je</wf>
         <wf lemma="poznata" pos="X">poznata</wf>
         <wf lemma="po" pos="X">po</wf>
         <wf lemma="nošenju" pos="X">nošenju</wf>
         <instance id="d000.s5541.t000" lemma="broš" pos="NOUN">broševa</instance>
         <wf lemma="koji" pos="X">koji</wf>
         <wf lemma="nose" pos="X">nose</wf>
         <wf lemma="prigodne" pos="X">prigodne</wf>
         <wf lemma="poruke" pos="X">poruke</wf>
         <wf lemma="." pos="X">.</wf>
      </sentence>
      <sentence id="d000.s5542" source="wordnet-croatian">
         <wf lemma="Njegov" pos="X">Njegov</wf>
         <wf lemma="je" pos="X">je</wf>
         <wf lemma="drugi" pos="X">drugi</wf>
         <wf lemma="studijski" pos="X">studijski</wf>
         <wf lemma="album" pos="X">album</wf>
         <wf lemma="doživio" pos="X">doživio</wf>
         <instance id="d000.s5542.t000" lemma="neuspjeh" pos="NOUN">neuspjeh</instance>
         <wf lemma="na" pos="X">na</wf>
         <wf lemma="domaćim" pos="X">domaćim</wf>
         <wf lemma="listama" pos="X">listama</wf>
         <wf lemma="." pos="X">.</wf>
      </sentence>
      <sentence id="d000.s5543" source="wordnet-croatian">
         <wf lemma="U" pos="X">U</wf>
         <wf lemma="kazalištima" pos="X">kazalištima</wf>
         <wf lemma="često" pos="X">često</wf>
         <wf lemma="imaju" pos="X">imaju</wf>
         <wf lemma="premalo" pos="X">premalo</wf>
         <instance id="d000.s5543.t000" lemma="nužnik" pos="NOUN">nužnika</instance>
         <wf lemma="u" pos="X">u</wf>
         <wf lemma="odnosu" pos="X">odnosu</wf>
         <wf lemma="na" pos="X">na</wf>
         <wf lemma="broj" pos="X">broj</wf>
         <wf lemma="posjetitelja" pos="X">posjetitelja</wf>
         <wf lemma="." pos="X">.</wf>
      </sentence>
      <sentence id="d000.s5544" source="wordnet-croatian">
         <instance id="d000.s5544.t000" lemma="vokaliziranje" pos="NOUN">Vokaliziranje</instance>
         <wf lemma="je" pos="X">je</wf>
         <wf lemma="jako" pos="X">jako</wf>
         <wf lemma="bitno" pos="X">bitno</wf>
         <wf lemma="u" pos="X">u</wf>
         <wf lemma="nastavi" pos="X">nastavi</wf>
         <wf lemma="pjevanja" pos="X">pjevanja</wf>
         <wf lemma="." pos="X">.</wf>
      </sentence>
      <sentence id="d000.s5545" source="wordnet-croatian">
         <wf lemma="U" pos="X">U</wf>
         <instance id="d000.s5545.t000" lemma="razdoblje" pos="NOUN">razdoblju</instance>
         <wf lemma="moje" pos="X">moje</wf>
         <wf lemma="mladosti" pos="X">mladosti</wf>
         <wf lemma="slušala" pos="X">slušala</wf>
         <wf lemma="se" pos="X">se</wf>
         <wf lemma="odlična" pos="X">odlična</wf>
         <wf lemma="glazba" pos="X">glazba</wf>
         <wf lemma="." pos="X">.</wf>
      </sentence>
      <sentence id="d000.s5546" source="wordnet-croatian">
         <wf lemma="Prije" pos="X">Prije</wf>
         <wf lemma="odlaska" pos="X">odlaska</wf>
         <wf lemma="iz" pos="X">iz</wf>
         <wf lemma="vikendice" pos="X">vikendice</wf>
         <wf lemma="obavezno" pos="X">obavezno</wf>
         <wf lemma="je" pos="X">je</wf>
         <wf lemma="zatvarala" pos="X">zatvarala</wf>
         <instance id="d000.s5546.t000" lemma="ventil" pos="NOUN">ventil</instance>
         <wf lemma="za" pos="X">za</wf>
         <wf lemma="vodu" pos="X">vodu</wf>
         <wf lemma="." pos="X">.</wf>
      </sentence>
      <sentence id="d000.s5547" source="wordnet-croatian">
         <wf lemma="Snažan" pos="X">Snažan</wf>
         <instance id="d000.s5547.t000" lemma="prasak" pos="NOUN">prasak</instance>
         <wf lemma="iz" pos="X">iz</wf>
         <wf lemma="auspuha" pos="X">auspuha</wf>
         <wf lemma="zazvučao" pos="X">zazvučao</wf>
         <wf lemma="je" pos="X">je</wf>
         <wf lemma="kao" pos="X">kao</wf>
         <wf lemma="pucanj" pos="X">pucanj</wf>
         <wf lemma="." pos="X">.</wf>
      </sentence>
      <sentence id="d000.s5548" source="wordnet-croatian">
         <wf lemma="Odavao" pos="X">Odavao</wf>
         <wf lemma="ga" pos="X">ga</wf>
         <wf lemma="je" pos="X">je</wf>
         <instance id="d000.s5548.t000" lemma="nesiguran" pos="ADJ">nesiguran</instance>
         <wf lemma="smijeh" pos="X">smijeh</wf>
         <wf lemma="." pos="X">.</wf>
      </sentence>
      <sentence id="d000.s5549" source="wordnet-croatian">
         <wf lemma="Na" pos="X">Na</wf>
         <wf lemma="licima" pos="X">licima</wf>
         <wf lemma="domaćih" pos="X">domaćih</wf>
         <wf lemma="navijača" pos="X">navijača</wf>
         <wf lemma="vidjela" pos="X">vidjela</wf>
         <wf lemma="se" pos="X">se</wf>
         <instance id="d000.s5549.t000" lemma="žalost" pos="NOUN">žalost</instance>
         <wf lemma="zbog" pos="X">zbog</wf>
         <wf lemma="poraza" pos="X">poraza</wf>
         <wf lemma="." pos="X">.</wf>
      </sentence>
      <sentence id="d000.s5550" source="wordnet-croatian">
         <instance id="d000.s5550.t000" lemma="pronaći" pos="VERB">Pronašli</instance>
         <wf lemma="smo" pos="X">smo</wf>
         <wf lemma="tragove" pos="X">tragove</wf>
         <wf lemma="krvi" pos="X">krvi</wf>
         <wf lemma="u" pos="X">u</wf>
         <wf lemma="dvorištu" pos="X">dvorištu</wf>
         <wf lemma="." pos="X">.</wf>
      </sentence>
      <sentence id="d000.s5551" source="wordnet-croatian">
         <wf lemma="Glumci" pos="X">Glumci</wf>
         <wf lemma="su" pos="X">su</wf>
         <wf lemma="pokušali" pos="X">pokušali</wf>
         <wf lemma="unijeti" pos="X">unijeti</wf>
         <instance id="d000.s5551.t000" lemma="živost" pos="NOUN">živost</instance>
         <wf lemma="u" pos="X">u</wf>
         <wf lemma="ovu" pos="X">ovu</wf>
         <wf lemma="," pos="X">,</wf>
         <wf lemma="inače" pos="X">inače</wf>
         <wf lemma="vrlo" pos="X">vrlo</wf>
         <wf lemma="mučnu" pos="X">mučnu</wf>
         <wf lemma="," pos="X">,</wf>
         <wf lemma="dramu" pos="X">dramu</wf>
         <wf lemma="." pos="X">.</wf>
      </sentence>
      <sentence id="d000.s5552" source="wordnet-croatian">
         <wf lemma="Izrazio" pos="X">Izrazio</wf>
         <wf lemma="je" pos="X">je</wf>
         <instance id="d000.s5552.t000" lemma="neslaganje" pos="NOUN">neslaganje</instance>
         <wf lemma="s" pos="X">s</wf>
         <wf lemma="novim" pos="X">novim</wf>
         <wf lemma="gospodarskim" pos="X">gospodarskim</wf>
         <wf lemma="reformama" pos="X">reformama</wf>
         <wf lemma="." pos="X">.</wf>
      </sentence>
      <sentence id="d000.s5553" source="wordnet-croatian">
         <wf lemma="U" pos="X">U</wf>
         <instance id="d000.s5553.t000" lemma="srpanj" pos="NOUN">srpnju</instance>
         <wf lemma="počinju" pos="X">počinju</wf>
         <wf lemma="godišnji" pos="X">godišnji</wf>
         <wf lemma="odmori" pos="X">odmori</wf>
         <wf lemma="." pos="X">.</wf>
      </sentence>
      <sentence id="d000.s5554" source="wordnet-croatian">
         <wf lemma="Cijeli" pos="X">Cijeli</wf>
         <wf lemma="je" pos="X">je</wf>
         <wf lemma="dan" pos="X">dan</wf>
         <instance id="d000.s5554.t000" lemma="nabijati" pos="VERB">nabijao</instance>
         <wf lemma="čekićem" pos="X">čekićem</wf>
         <wf lemma="po" pos="X">po</wf>
         <wf lemma="čavlima" pos="X">čavlima</wf>
         <wf lemma="." pos="X">.</wf>
      </sentence>
      <sentence id="d000.s5555" source="wordnet-croatian">
         <instance id="d000.s5555.t000" lemma="srdžba" pos="NOUN">Srdžba</instance>
         <wf lemma="negativno" pos="X">negativno</wf>
         <wf lemma="djeluje" pos="X">djeluje</wf>
         <wf lemma="na" pos="X">na</wf>
         <wf lemma="naš" pos="X">naš</wf>
         <wf lemma="unutarnji" pos="X">unutarnji</wf>
         <wf lemma="razvoj" pos="X">razvoj</wf>
         <wf lemma="." pos="X">.</wf>
      </sentence>
      <sentence id="d000.s5556" source="wordnet-croatian">
         <wf lemma="Gradonačelnik" pos="X">Gradonačelnik</wf>
         <wf lemma="je" pos="X">je</wf>
         <wf lemma="izrazio" pos="X">izrazio</wf>
         <wf lemma="nadu" pos="X">nadu</wf>
         <wf lemma="da" pos="X">da</wf>
         <wf lemma="će" pos="X">će</wf>
         <wf lemma="se" pos="X">se</wf>
         <wf lemma="ovo" pos="X">ovo</wf>
         <wf lemma="kulturno" pos="X">kulturno</wf>
         <instance id="d000.s5556.t000" lemma="zbivanje" pos="NOUN">zbivanje</instance>
         <wf lemma="idućih" pos="X">idućih</wf>
         <wf lemma="godina" pos="X">godina</wf>
         <wf lemma="zasigurno" pos="X">zasigurno</wf>
         <wf lemma="i" pos="X">i</wf>
         <wf lemma="proširiti" pos="X">proširiti</wf>
         <wf lemma="." pos="X">.</wf>
      </sentence>
      <sentence id="d000.s5557" source="wordnet-croatian">
         <wf lemma="Nitko" pos="X">Nitko</wf>
         <wf lemma="nije" pos="X">nije</wf>
         <wf lemma="dovodio" pos="X">dovodio</wf>
         <wf lemma="u" pos="X">u</wf>
         <wf lemma="pitanje" pos="X">pitanje</wf>
         <wf lemma="njegovu" pos="X">njegovu</wf>
         <instance id="d000.s5557.t000" lemma="stručnost" pos="NOUN">stručnost</instance>
         <wf lemma="za" pos="X">za</wf>
         <wf lemma="obavljanje" pos="X">obavljanje</wf>
         <wf lemma="tog" pos="X">tog</wf>
         <wf lemma="posla" pos="X">posla</wf>
         <wf lemma="." pos="X">.</wf>
      </sentence>
      <sentence id="d000.s5558" source="wordnet-croatian">
         <wf lemma="Majica" pos="X">Majica</wf>
         <wf lemma="se" pos="X">se</wf>
         <wf lemma="oko" pos="X">oko</wf>
         <wf lemma="struka" pos="X">struka</wf>
         <wf lemma="vezala" pos="X">vezala</wf>
         <wf lemma="crvenom" pos="X">crvenom</wf>
         <instance id="d000.s5558.t000" lemma="traka" pos="NOUN">trakom</instance>
         <wf lemma="." pos="X">.</wf>
      </sentence>
      <sentence id="d000.s5559" source="wordnet-croatian">
         <wf lemma="Morali" pos="X">Morali</wf>
         <wf lemma="smo" pos="X">smo</wf>
         <instance id="d000.s5559.t000" lemma="stajati" pos="VERB">stajati</instance>
         <wf lemma="tijekom" pos="X">tijekom</wf>
         <wf lemma="cijelog" pos="X">cijelog</wf>
         <wf lemma="koncerta" pos="X">koncerta</wf>
         <wf lemma="!" pos="X">!</wf>
      </sentence>
      <sentence id="d000.s5560" source="wordnet-croatian">
         <wf lemma="Cipele" pos="X">Cipele</wf>
         <instance id="d000.s5560.t000" lemma="stajati" pos="VERB">stoje</instance>
         <wf lemma="500" pos="X">500</wf>
         <wf lemma="kuna" pos="X">kuna</wf>
         <wf lemma="." pos="X">.</wf>
      </sentence>
      <sentence id="d000.s5561" source="wordnet-croatian">
         <wf lemma="Djeca" pos="X">Djeca</wf>
         <wf lemma="vole" pos="X">vole</wf>
         <wf lemma="svirati" pos="X">svirati</wf>
         <wf lemma="dječje" pos="X">dječje</wf>
         <instance id="d000.s5561.t000" lemma="ksilofon" pos="NOUN">ksilofone</instance>
         <wf lemma="." pos="X">.</wf>
      </sentence>
      <sentence id="d000.s5562" source="wordnet-croatian">
         <instance id="d000.s5562.t000" lemma="nagraditi" pos="VERB">Nagrađena</instance>
         <wf lemma="je" pos="X">je</wf>
         <wf lemma="rektorovom" pos="X">rektorovom</wf>
         <wf lemma="nagradom" pos="X">nagradom</wf>
         <wf lemma="za" pos="X">za</wf>
         <wf lemma="vrlo" pos="X">vrlo</wf>
         <wf lemma="zanimljiv" pos="X">zanimljiv</wf>
         <wf lemma="rad" pos="X">rad</wf>
         <wf lemma="iz" pos="X">iz</wf>
         <wf lemma="područja" pos="X">područja</wf>
         <wf lemma="kaznenoga" pos="X">kaznenoga</wf>
         <wf lemma="prava" pos="X">prava</wf>
         <wf lemma="." pos="X">.</wf>
      </sentence>
      <sentence id="d000.s5563" source="wordnet-croatian">
         <wf lemma="Ostavio" pos="X">Ostavio</wf>
         <wf lemma="joj" pos="X">joj</wf>
         <wf lemma="je" pos="X">je</wf>
         <wf lemma="svoju" pos="X">svoju</wf>
         <instance id="d000.s5563.t000" lemma="posjetnica" pos="NOUN">posjetnicu</instance>
         <wf lemma="u" pos="X">u</wf>
         <wf lemma="nadi" pos="X">nadi</wf>
         <wf lemma="da" pos="X">da</wf>
         <wf lemma="će" pos="X">će</wf>
         <wf lemma="mu" pos="X">mu</wf>
         <wf lemma="se" pos="X">se</wf>
         <wf lemma="javiti" pos="X">javiti</wf>
         <wf lemma="." pos="X">.</wf>
      </sentence>
      <sentence id="d000.s5564" source="wordnet-croatian">
         <wf lemma="Imala" pos="X">Imala</wf>
         <wf lemma="je" pos="X">je</wf>
         <instance id="d000.s5564.t000" lemma="neuobičajen" pos="ADJ">neuobičajen</instance>
         <wf lemma="stil" pos="X">stil</wf>
         <wf lemma="odijevanja" pos="X">odijevanja</wf>
         <wf lemma="pa" pos="X">pa</wf>
         <wf lemma="je" pos="X">je</wf>
         <wf lemma="obično" pos="X">obično</wf>
         <wf lemma="šokirala" pos="X">šokirala</wf>
         <wf lemma="prolaznike" pos="X">prolaznike</wf>
         <wf lemma="svojom" pos="X">svojom</wf>
         <wf lemma="pojavom" pos="X">pojavom</wf>
         <wf lemma="." pos="X">.</wf>
      </sentence>
      <sentence id="d000.s5565" source="wordnet-croatian">
         <wf lemma="Bio" pos="X">Bio</wf>
         <wf lemma="je" pos="X">je</wf>
         <instance id="d000.s5565.t000" lemma="nesvjestan" pos="ADJ">nesvjestan</instance>
         <wf lemma="svoje" pos="X">svoje</wf>
         <wf lemma="novostečene" pos="X">novostečene</wf>
         <wf lemma="snage" pos="X">snage</wf>
         <wf lemma="." pos="X">.</wf>
      </sentence>
      <sentence id="d000.s5566" source="wordnet-croatian">
         <wf lemma="Nakon" pos="X">Nakon</wf>
         <wf lemma="rata" pos="X">rata</wf>
         <instance id="d000.s5566.t000" lemma="rekonstruirati" pos="VERB">rekonstruirali</instance>
         <wf lemma="su" pos="X">su</wf>
         <wf lemma="porušenu" pos="X">porušenu</wf>
         <wf lemma="Varšavu" pos="X">Varšavu</wf>
         <wf lemma="." pos="X">.</wf>
      </sentence>
      <sentence id="d000.s5567" source="wordnet-croatian">
         <instance id="d000.s5567.t000" lemma="glumiti" pos="VERB">Glumio</instance>
         <wf lemma="je" pos="X">je</wf>
         <wf lemma="da" pos="X">da</wf>
         <wf lemma="je" pos="X">je</wf>
         <wf lemma="malouman" pos="X">malouman</wf>
         <wf lemma="." pos="X">.</wf>
      </sentence>
      <sentence id="d000.s5568" source="wordnet-croatian">
         <instance id="d000.s5568.t000" lemma="razumjeti" pos="VERB">Razumije</instance>
         <wf lemma="li" pos="X">li</wf>
         <wf lemma="ona" pos="X">ona</wf>
         <wf lemma="koliko" pos="X">koliko</wf>
         <wf lemma="nam" pos="X">nam</wf>
         <wf lemma="taj" pos="X">taj</wf>
         <wf lemma="projekt" pos="X">projekt</wf>
         <wf lemma="važan" pos="X">važan</wf>
         <wf lemma="?" pos="X">?</wf>
      </sentence>
      <sentence id="d000.s5569" source="wordnet-croatian">
         <wf lemma="he" pos="X">he</wf>
         <wf lemma="had" pos="X">had</wf>
         <wf lemma="the" pos="X">the</wf>
         <instance id="d000.s5569.t000" lemma="status" pos="NOUN">status</instance>
         <wf lemma="of" pos="X">of</wf>
         <wf lemma="a" pos="X">a</wf>
         <wf lemma="minor" pos="X">minor</wf>
         <wf lemma="." pos="X">.</wf>
      </sentence>
      <sentence id="d000.s5570" source="wordnet-croatian">
         <wf lemma="Lopovi" pos="X">Lopovi</wf>
         <wf lemma="su" pos="X">su</wf>
         <wf lemma="se" pos="X">se</wf>
         <wf lemma="vratili" pos="X">vratili</wf>
         <wf lemma="u" pos="X">u</wf>
         <wf lemma="svoje" pos="X">svoje</wf>
         <instance id="d000.s5570.t000" lemma="skrovište" pos="NOUN">skrovište</instance>
         <wf lemma="." pos="X">.</wf>
      </sentence>
      <sentence id="d000.s5571" source="wordnet-croatian">
         <wf lemma="Moja" pos="X">Moja</wf>
         <wf lemma="baka" pos="X">baka</wf>
         <wf lemma="mi" pos="X">mi</wf>
         <wf lemma="je" pos="X">je</wf>
         <wf lemma="je" pos="X">je</wf>
         <wf lemma="govorila" pos="X">govorila</wf>
         <wf lemma="da" pos="X">da</wf>
         <wf lemma="uvijek" pos="X">uvijek</wf>
         <wf lemma="trebam" pos="X">trebam</wf>
         <wf lemma="dobro" pos="X">dobro</wf>
         <instance id="d000.s5571.t000" lemma="zgusnuti" pos="VERB">zgusnuti</instance>
         <wf lemma="gulaš" pos="X">gulaš</wf>
         <wf lemma="." pos="X">.</wf>
      </sentence>
      <sentence id="d000.s5572" source="wordnet-croatian">
         <wf lemma="Vijest" pos="X">Vijest</wf>
         <wf lemma="se" pos="X">se</wf>
         <wf lemma="brzo" pos="X">brzo</wf>
         <wf lemma="proširila" pos="X">proširila</wf>
         <wf lemma="medincinskom" pos="X">medincinskom</wf>
         <instance id="d000.s5572.t000" lemma="zajednica" pos="NOUN">zajednicom</instance>
         <wf lemma="." pos="X">.</wf>
      </sentence>
      <sentence id="d000.s5573" source="wordnet-croatian">
         <wf lemma="Ona" pos="X">Ona</wf>
         <wf lemma="je" pos="X">je</wf>
         <instance id="d000.s5573.t000" lemma="izgarati" pos="VERB">izgarala</instance>
         <wf lemma="od" pos="X">od</wf>
         <wf lemma="ljubavi" pos="X">ljubavi</wf>
         <wf lemma="." pos="X">.</wf>
      </sentence>
      <sentence id="d000.s5574" source="wordnet-croatian">
         <wf lemma="Ove" pos="X">Ove</wf>
         <wf lemma="cipele" pos="X">cipele</wf>
         <instance id="d000.s5574.t000" lemma="izgledati" pos="VERB">izgledaju</instance>
         <wf lemma="udobno" pos="X">udobno</wf>
         <wf lemma="." pos="X">.</wf>
      </sentence>
      <sentence id="d000.s5575" source="wordnet-croatian">
         <wf lemma="Moj" pos="X">Moj</wf>
         <wf lemma="se" pos="X">se</wf>
         <wf lemma="tatak" pos="X">tatak</wf>
         <wf lemma="često" pos="X">često</wf>
         <wf lemma="našali" pos="X">našali</wf>
         <wf lemma="kako" pos="X">kako</wf>
         <wf lemma="teta" pos="X">teta</wf>
         <wf lemma="jede" pos="X">jede</wf>
         <wf lemma="isto" pos="X">isto</wf>
         <instance id="d000.s5575.t000" lemma="zrnje" pos="NOUN">zrnje</instance>
         <wf lemma="kao" pos="X">kao</wf>
         <wf lemma="i" pos="X">i</wf>
         <wf lemma="naša" pos="X">naša</wf>
         <wf lemma="papiga" pos="X">papiga</wf>
         <wf lemma="." pos="X">.</wf>
      </sentence>
      <sentence id="d000.s5576" source="wordnet-croatian">
         <instance id="d000.s5576.t000" lemma="promjena" pos="NOUN">Promjena</instance>
         <wf lemma="vlade" pos="X">vlade</wf>
         <wf lemma="nije" pos="X">nije</wf>
         <wf lemma="donijela" pos="X">donijela</wf>
         <wf lemma="nikakvu" pos="X">nikakvu</wf>
         <wf lemma="dobrobit" pos="X">dobrobit</wf>
         <wf lemma="narodu" pos="X">narodu</wf>
         <wf lemma="." pos="X">.</wf>
      </sentence>
      <sentence id="d000.s5577" source="wordnet-croatian">
         <wf lemma="Unutrašnjost" pos="X">Unutrašnjost</wf>
         <wf lemma="Zemlje" pos="X">Zemlje</wf>
         <wf lemma="podijeljena" pos="X">podijeljena</wf>
         <wf lemma="je" pos="X">je</wf>
         <wf lemma="na" pos="X">na</wf>
         <wf lemma="tri" pos="X">tri</wf>
         <wf lemma="glavna" pos="X">glavna</wf>
         <instance id="d000.s5577.t000" lemma="sloj" pos="NOUN">sloja</instance>
         <wf lemma=":" pos="X">:</wf>
         <wf lemma="koru" pos="X">koru</wf>
         <wf lemma="," pos="X">,</wf>
         <wf lemma="plašt" pos="X">plašt</wf>
         <wf lemma="i" pos="X">i</wf>
         <wf lemma="jezgru" pos="X">jezgru</wf>
         <wf lemma="." pos="X">.</wf>
      </sentence>
      <sentence id="d000.s5578" source="wordnet-croatian">
         <wf lemma="Od" pos="X">Od</wf>
         <wf lemma="drvenih" pos="X">drvenih</wf>
         <wf lemma="je" pos="X">je</wf>
         <instance id="d000.s5578.t000" lemma="ploča" pos="NOUN">ploča</instance>
         <wf lemma="napravio" pos="X">napravio</wf>
         <wf lemma="prekrasan" pos="X">prekrasan</wf>
         <wf lemma="stol" pos="X">stol</wf>
         <wf lemma="." pos="X">.</wf>
      </sentence>
      <sentence id="d000.s5579" source="wordnet-croatian">
         <wf lemma="Novi" pos="X">Novi</wf>
         <wf lemma="je" pos="X">je</wf>
         <wf lemma="film" pos="X">film</wf>
         <wf lemma="izvrsna" pos="X">izvrsna</wf>
         <instance id="d000.s5579.t000" lemma="parodija" pos="NOUN">parodija</instance>
         <wf lemma="političarskog" pos="X">političarskog</wf>
         <wf lemma="stanja" pos="X">stanja</wf>
         <wf lemma="u" pos="X">u</wf>
         <wf lemma="našoj" pos="X">našoj</wf>
         <wf lemma="zemlji" pos="X">zemlji</wf>
         <wf lemma="." pos="X">.</wf>
      </sentence>
      <sentence id="d000.s5580" source="wordnet-croatian">
         <wf lemma="Žene" pos="X">Žene</wf>
         <wf lemma="svakodnevno" pos="X">svakodnevno</wf>
         <instance id="d000.s5580.t000" lemma="prijavljivati" pos="VERB">prijavljuju</instance>
         <wf lemma="nasilje" pos="X">nasilje</wf>
         <wf lemma="u" pos="X">u</wf>
         <wf lemma="obitelji" pos="X">obitelji</wf>
         <wf lemma="." pos="X">.</wf>
      </sentence>
      <sentence id="d000.s5581" source="wordnet-croatian">
         <wf lemma="Hoće" pos="X">Hoće</wf>
         <wf lemma="li" pos="X">li</wf>
         <wf lemma="Charles" pos="X">Charles</wf>
         <instance id="d000.s5581.t000" lemma="naslijediti" pos="VERB">naslijediti</instance>
         <wf lemma="englesko" pos="X">englesko</wf>
         <wf lemma="prijestolje" pos="X">prijestolje</wf>
         <wf lemma="?" pos="X">?</wf>
      </sentence>
      <sentence id="d000.s5582" source="wordnet-croatian">
         <wf lemma="U" pos="X">U</wf>
         <wf lemma="svijetu" pos="X">svijetu</wf>
         <wf lemma="postoje" pos="X">postoje</wf>
         <wf lemma="mnoge" pos="X">mnoge</wf>
         <wf lemma="vrste" pos="X">vrste</wf>
         <instance id="d000.s5582.t000" lemma="sir" pos="NOUN">sira</instance>
         <wf lemma="," pos="X">,</wf>
         <wf lemma="s" pos="X">s</wf>
         <wf lemma="time" pos="X">time</wf>
         <wf lemma="da" pos="X">da</wf>
         <wf lemma="su" pos="X">su</wf>
         <wf lemma="daleko" pos="X">daleko</wf>
         <wf lemma="najcjenjeniji" pos="X">najcjenjeniji</wf>
         <wf lemma="sirevi" pos="X">sirevi</wf>
         <wf lemma="s" pos="X">s</wf>
         <wf lemma="plemenitom" pos="X">plemenitom</wf>
         <wf lemma="plijesni" pos="X">plijesni</wf>
         <wf lemma="." pos="X">.</wf>
      </sentence>
      <sentence id="d000.s5583" source="wordnet-croatian">
         <wf lemma="Ima" pos="X">Ima</wf>
         <wf lemma="vrlo" pos="X">vrlo</wf>
         <instance id="d000.s5583.t000" lemma="star" pos="ADJ">staru</instance>
         <wf lemma="majku" pos="X">majku</wf>
         <wf lemma="." pos="X">.</wf>
      </sentence>
      <sentence id="d000.s5584" source="wordnet-croatian">
         <wf lemma="S" pos="X">S</wf>
         <instance id="d000.s5584.t000" lemma="nostalgija" pos="NOUN">nostalgijom</instance>
         <wf lemma="je" pos="X">je</wf>
         <wf lemma="listala" pos="X">listala</wf>
         <wf lemma="stare" pos="X">stare</wf>
         <wf lemma="albume" pos="X">albume</wf>
         <wf lemma="." pos="X">.</wf>
      </sentence>
      <sentence id="d000.s5585" source="wordnet-croatian">
         <wf lemma="Bez" pos="X">Bez</wf>
         <wf lemma="muževe" pos="X">muževe</wf>
         <instance id="d000.s5585.t000" lemma="podrška" pos="NOUN">podrške</instance>
         <wf lemma="ne" pos="X">ne</wf>
         <wf lemma="bih" pos="X">bih</wf>
         <wf lemma="preživjela" pos="X">preživjela</wf>
         <wf lemma="kemoterapiju" pos="X">kemoterapiju</wf>
         <wf lemma="." pos="X">.</wf>
      </sentence>
      <sentence id="d000.s5586" source="wordnet-croatian">
         <wf lemma="U" pos="X">U</wf>
         <wf lemma="'" pos="X">'</wf>
         <wf lemma="'" pos="X">'</wf>
         <wf lemma="raščlaniti" pos="X">raščlaniti</wf>
         <wf lemma="'" pos="X">'</wf>
         <wf lemma="'" pos="X">'</wf>
         <wf lemma="raš-" pos="X">raš-</wf>
         <wf lemma="je" pos="X">je</wf>
         <instance id="d000.s5586.t000" lemma="alomorf" pos="NOUN">alomorf</instance>
         <wf lemma="prefiksa" pos="X">prefiksa</wf>
         <wf lemma="raz-" pos="X">raz-</wf>
         <wf lemma="." pos="X">.</wf>
      </sentence>
      <sentence id="d000.s5587" source="wordnet-croatian">
         <wf lemma="Utrkivao" pos="X">Utrkivao</wf>
         <wf lemma="se" pos="X">se</wf>
         <wf lemma="na" pos="X">na</wf>
         <wf lemma="100" pos="X">100</wf>
         <wf lemma="metara" pos="X">metara</wf>
         <wf lemma="s" pos="X">s</wf>
         <instance id="d000.s5587.t000" lemma="prepreka" pos="NOUN">preprekama</instance>
         <wf lemma="." pos="X">.</wf>
      </sentence>
      <sentence id="d000.s5588" source="wordnet-croatian">
         <wf lemma="Dobio" pos="X">Dobio</wf>
         <wf lemma="sam" pos="X">sam</wf>
         <instance id="d000.s5588.t000" lemma="brat" pos="NOUN">brata</instance>
         <wf lemma="!" pos="X">!</wf>
      </sentence>
      <sentence id="d000.s5589" source="wordnet-croatian">
         <wf lemma="Danas" pos="X">Danas</wf>
         <wf lemma="mnogo" pos="X">mnogo</wf>
         <wf lemma="ljudi" pos="X">ljudi</wf>
         <wf lemma="ide" pos="X">ide</wf>
         <wf lemma="u" pos="X">u</wf>
         <instance id="d000.s5589.t000" lemma="prijevremen" pos="ADJ">prijevremenu</instance>
         <wf lemma="mirovinu" pos="X">mirovinu</wf>
         <wf lemma="." pos="X">.</wf>
      </sentence>
      <sentence id="d000.s5590" source="wordnet-croatian">
         <wf lemma="Filmovi" pos="X">Filmovi</wf>
         <wf lemma="se" pos="X">se</wf>
         <wf lemma="prikazuju" pos="X">prikazuju</wf>
         <wf lemma="na" pos="X">na</wf>
         <wf lemma="platnu" pos="X">platnu</wf>
         <wf lemma="pomoću" pos="X">pomoću</wf>
         <instance id="d000.s5590.t000" lemma="projektor" pos="NOUN">projektora</instance>
         <wf lemma="." pos="X">.</wf>
      </sentence>
      <sentence id="d000.s5591" source="wordnet-croatian">
         <instance id="d000.s5591.t000" lemma="žuta" pos="NOUN">Žuta</instance>
         <wf lemma="donosi" pos="X">donosi</wf>
         <wf lemma="živost" pos="X">živost</wf>
         <wf lemma="u" pos="X">u</wf>
         <wf lemma="prostoriju" pos="X">prostoriju</wf>
         <wf lemma="." pos="X">.</wf>
      </sentence>
      <sentence id="d000.s5592" source="wordnet-croatian">
         <wf lemma="Ubojivca" pos="X">Ubojivca</wf>
         <wf lemma="je" pos="X">je</wf>
         <instance id="d000.s5592.t000" lemma="osuditi" pos="VERB">osuđen</instance>
         <wf lemma="na" pos="X">na</wf>
         <wf lemma="maksimalnu" pos="X">maksimalnu</wf>
         <wf lemma="kaznu" pos="X">kaznu</wf>
         <wf lemma="." pos="X">.</wf>
      </sentence>
      <sentence id="d000.s5593" source="wordnet-croatian">
         <wf lemma="Nora" pos="X">Nora</wf>
         <wf lemma="je" pos="X">je</wf>
         <wf lemma="kupila" pos="X">kupila</wf>
         <wf lemma="vrećicu" pos="X">vrećicu</wf>
         <instance id="d000.s5593.t000" lemma="slatkiš" pos="NOUN">slatkiša</instance>
         <wf lemma="," pos="X">,</wf>
         <wf lemma="ali" pos="X">ali</wf>
         <wf lemma="ju" pos="X">ju</wf>
         <wf lemma="je" pos="X">je</wf>
         <wf lemma="pojela" pos="X">pojela</wf>
         <wf lemma="prije" pos="X">prije</wf>
         <wf lemma="povratka" pos="X">povratka</wf>
         <wf lemma="kući" pos="X">kući</wf>
         <wf lemma="." pos="X">.</wf>
      </sentence>
      <sentence id="d000.s5594" source="wordnet-croatian">
         <instance id="d000.s5594.t000" lemma="prekid" pos="NOUN">Prekidi</instance>
         <wf lemma="za" pos="X">za</wf>
         <wf lemma="reklame" pos="X">reklame</wf>
         <wf lemma="smanjuju" pos="X">smanjuju</wf>
         <wf lemma="mi" pos="X">mi</wf>
         <wf lemma="doživljaj" pos="X">doživljaj</wf>
         <wf lemma="filma" pos="X">filma</wf>
         <wf lemma="." pos="X">.</wf>
      </sentence>
      <sentence id="d000.s5595" source="wordnet-croatian">
         <wf lemma="Na" pos="X">Na</wf>
         <wf lemma="našem" pos="X">našem</wf>
         <instance id="d000.s5595.t000" lemma="gospodarstvo" pos="NOUN">gospodarstvu</instance>
         <wf lemma="uzgajamo" pos="X">uzgajamo</wf>
         <wf lemma="maline" pos="X">maline</wf>
         <wf lemma="i" pos="X">i</wf>
         <wf lemma="kupine" pos="X">kupine</wf>
         <wf lemma="." pos="X">.</wf>
      </sentence>
      <sentence id="d000.s5596" source="wordnet-croatian">
         <wf lemma="Nitko" pos="X">Nitko</wf>
         <wf lemma="nije" pos="X">nije</wf>
         <wf lemma="mogao" pos="X">mogao</wf>
         <wf lemma="poreći" pos="X">poreći</wf>
         <instance id="d000.s5596.t000" lemma="impresivnost" pos="NOUN">impresivnost</instance>
         <wf lemma="nove" pos="X">nove</wf>
         <wf lemma="građevine" pos="X">građevine</wf>
         <wf lemma="." pos="X">.</wf>
      </sentence>
      <sentence id="d000.s5597" source="wordnet-croatian">
         <instance id="d000.s5597.t000" lemma="oglobiti" pos="VERB">Oglobili</instance>
         <wf lemma="su" pos="X">su</wf>
         <wf lemma="me" pos="X">me</wf>
         <wf lemma="zbog" pos="X">zbog</wf>
         <wf lemma="prebrze" pos="X">prebrze</wf>
         <wf lemma="vožnje" pos="X">vožnje</wf>
         <wf lemma="." pos="X">.</wf>
      </sentence>
      <sentence id="d000.s5598" source="wordnet-croatian">
         <wf lemma="Nakon" pos="X">Nakon</wf>
         <wf lemma="pada" pos="X">pada</wf>
         <wf lemma="ruka" pos="X">ruka</wf>
         <wf lemma="mi" pos="X">mi</wf>
         <wf lemma="je" pos="X">je</wf>
         <wf lemma="jako" pos="X">jako</wf>
         <instance id="d000.s5598.t000" lemma="nateći" pos="VERB">natekla</instance>
         <wf lemma="." pos="X">.</wf>
      </sentence>
      <sentence id="d000.s5599" source="wordnet-croatian">
         <wf lemma="Rodbina" pos="X">Rodbina</wf>
         <wf lemma="je" pos="X">je</wf>
         <wf lemma="primila" pos="X">primila</wf>
         <wf lemma="njegov" pos="X">njegov</wf>
         <instance id="d000.s5599.t000" lemma="izraz" pos="NOUN">izraz</instance>
         <wf lemma="žaljenja" pos="X">žaljenja</wf>
         <wf lemma="." pos="X">.</wf>
      </sentence>
      <sentence id="d000.s5600" source="wordnet-croatian">
         <wf lemma="Ne" pos="X">Ne</wf>
         <wf lemma="volim" pos="X">volim</wf>
         <wf lemma="jesti" pos="X">jesti</wf>
         <wf lemma="svježe" pos="X">svježe</wf>
         <instance id="d000.s5600.t000" lemma="višnja" pos="NOUN">višnje</instance>
         <wf lemma="," pos="X">,</wf>
         <wf lemma="ali" pos="X">ali</wf>
         <wf lemma="obožavam" pos="X">obožavam</wf>
         <wf lemma="sok" pos="X">sok</wf>
         <wf lemma="od" pos="X">od</wf>
         <wf lemma="višanja" pos="X">višanja</wf>
         <wf lemma="." pos="X">.</wf>
      </sentence>
      <sentence id="d000.s5601" source="wordnet-croatian">
         <wf lemma="Na" pos="X">Na</wf>
         <wf lemma="računalu" pos="X">računalu</wf>
         <wf lemma="sam" pos="X">sam</wf>
         <instance id="d000.s5601.t000" lemma="umanjiti" pos="VERB">umanjila</instance>
         <wf lemma="sliku" pos="X">sliku</wf>
         <wf lemma="za" pos="X">za</wf>
         <wf lemma="putovnicu" pos="X">putovnicu</wf>
         <wf lemma="." pos="X">.</wf>
      </sentence>
      <sentence id="d000.s5602" source="wordnet-croatian">
         <wf lemma="Morao" pos="X">Morao</wf>
         <wf lemma="je" pos="X">je</wf>
         <wf lemma="ponovno" pos="X">ponovno</wf>
         <wf lemma="nasaditi" pos="X">nasaditi</wf>
         <instance id="d000.s5602.t000" lemma="glava" pos="NOUN">glavu</instance>
         <wf lemma="čekića" pos="X">čekića</wf>
         <wf lemma="na" pos="X">na</wf>
         <wf lemma="dršku" pos="X">dršku</wf>
         <wf lemma="." pos="X">.</wf>
      </sentence>
      <sentence id="d000.s5603" source="wordnet-croatian">
         <wf lemma="Zbog" pos="X">Zbog</wf>
         <wf lemma="infarkta" pos="X">infarkta</wf>
         <wf lemma="liječnik" pos="X">liječnik</wf>
         <wf lemma="mu" pos="X">mu</wf>
         <wf lemma="je" pos="X">je</wf>
         <wf lemma="morao" pos="X">morao</wf>
         <wf lemma="otvoriti" pos="X">otvoriti</wf>
         <instance id="d000.s5603.t000" lemma="toraks" pos="NOUN">toraks</instance>
         <wf lemma="." pos="X">.</wf>
      </sentence>
      <sentence id="d000.s5604" source="wordnet-croatian">
         <wf lemma="Nije" pos="X">Nije</wf>
         <wf lemma="joj" pos="X">joj</wf>
         <wf lemma="se" pos="X">se</wf>
         <wf lemma="sviđao" pos="X">sviđao</wf>
         <wf lemma="ukrasni" pos="X">ukrasni</wf>
         <instance id="d000.s5604.t000" lemma="uzorak" pos="NOUN">uzorak</instance>
         <wf lemma="ni" pos="X">ni</wf>
         <wf lemma="na" pos="X">na</wf>
         <wf lemma="jednom" pos="X">jednom</wf>
         <wf lemma="stolnjaku" pos="X">stolnjaku</wf>
         <wf lemma="koji" pos="X">koji</wf>
         <wf lemma="je" pos="X">je</wf>
         <wf lemma="bio" pos="X">bio</wf>
         <wf lemma="u" pos="X">u</wf>
         <wf lemma="ponudi" pos="X">ponudi</wf>
         <wf lemma="." pos="X">.</wf>
      </sentence>
      <sentence id="d000.s5605" source="wordnet-croatian">
         <wf lemma="Ljudi" pos="X">Ljudi</wf>
         <wf lemma="kao" pos="X">kao</wf>
         <wf lemma="inteligentna" pos="X">inteligentna</wf>
         <wf lemma="bića" pos="X">bića</wf>
         <wf lemma="imaju" pos="X">imaju</wf>
         <wf lemma="sposobnost" pos="X">sposobnost</wf>
         <instance id="d000.s5605.t000" lemma="mišljenje" pos="NOUN">mišljenja</instance>
         <wf lemma="." pos="X">.</wf>
      </sentence>
      <sentence id="d000.s5606" source="wordnet-croatian">
         <instance id="d000.s5606.t000" lemma="repozitorij" pos="NOUN">Repozitoriju</instance>
         <wf lemma="se" pos="X">se</wf>
         <wf lemma="može" pos="X">može</wf>
         <wf lemma="pristupiti" pos="X">pristupiti</wf>
         <wf lemma="isključivo" pos="X">isključivo</wf>
         <wf lemma="s" pos="X">s</wf>
         <wf lemma="članskom" pos="X">članskom</wf>
         <wf lemma="iskaznicom" pos="X">iskaznicom</wf>
         <wf lemma="." pos="X">.</wf>
      </sentence>
      <sentence id="d000.s5607" source="wordnet-croatian">
         <instance id="d000.s5607.t000" lemma="platiti" pos="VERB">Platite</instance>
         <wf lemma="," pos="X">,</wf>
         <wf lemma="molim" pos="X">molim</wf>
         <wf lemma="Vas" pos="X">Vas</wf>
         <wf lemma="!" pos="X">!</wf>
      </sentence>
      <sentence id="d000.s5608" source="wordnet-croatian">
         <wf lemma="Prošli" pos="X">Prošli</wf>
         <wf lemma="tjedan" pos="X">tjedan</wf>
         <wf lemma="dobio" pos="X">dobio</wf>
         <wf lemma="sam" pos="X">sam</wf>
         <instance id="d000.s5608.t000" lemma="gomila" pos="NOUN">gomilu</instance>
         <wf lemma="pisama" pos="X">pisama</wf>
         <wf lemma="prijatelja" pos="X">prijatelja</wf>
         <wf lemma="." pos="X">.</wf>
      </sentence>
      <sentence id="d000.s5609" source="wordnet-croatian">
         <instance id="d000.s5609.t000" lemma="izvući" pos="VERB">Izvukla</instance>
         <wf lemma="je" pos="X">je</wf>
         <wf lemma="poveću" pos="X">poveću</wf>
         <wf lemma="svotu" pos="X">svotu</wf>
         <wf lemma="s" pos="X">s</wf>
         <wf lemma="računa" pos="X">računa</wf>
         <wf lemma="bivšeg" pos="X">bivšeg</wf>
         <wf lemma="muža" pos="X">muža</wf>
         <wf lemma="." pos="X">.</wf>
      </sentence>
      <sentence id="d000.s5610" source="wordnet-croatian">
         <wf lemma="Uhitili" pos="X">Uhitili</wf>
         <wf lemma="su" pos="X">su</wf>
         <wf lemma="ga" pos="X">ga</wf>
         <wf lemma="za" pos="X">za</wf>
         <instance id="d000.s5610.t000" lemma="otkrivanje" pos="NOUN">otkrivanje</instance>
         <wf lemma="tajnih" pos="X">tajnih</wf>
         <wf lemma="informacija" pos="X">informacija</wf>
         <wf lemma="vladine" pos="X">vladine</wf>
         <wf lemma="agencije" pos="X">agencije</wf>
         <wf lemma="." pos="X">.</wf>
      </sentence>
      <sentence id="d000.s5611" source="wordnet-croatian">
         <wf lemma="Njezin" pos="X">Njezin</wf>
         <instance id="d000.s5611.t000" lemma="tanak" pos="ADJ">tanak</instance>
         <wf lemma="glas" pos="X">glas</wf>
         <wf lemma="bio" pos="X">bio</wf>
         <wf lemma="mu" pos="X">mu</wf>
         <wf lemma="je" pos="X">je</wf>
         <wf lemma="simpatičan" pos="X">simpatičan</wf>
         <wf lemma="." pos="X">.</wf>
      </sentence>
      <sentence id="d000.s5612" source="wordnet-croatian">
         <wf lemma="Talijanska" pos="X">Talijanska</wf>
         <wf lemma="policija" pos="X">policija</wf>
         <wf lemma="napokon" pos="X">napokon</wf>
         <wf lemma="je" pos="X">je</wf>
         <instance id="d000.s5612.t000" lemma="uhvatiti" pos="VERB">uhvatila</instance>
         <wf lemma="mafijaškog" pos="X">mafijaškog</wf>
         <wf lemma="vođu" pos="X">vođu</wf>
         <wf lemma="." pos="X">.</wf>
      </sentence>
      <sentence id="d000.s5613" source="wordnet-croatian">
         <instance id="d000.s5613.t000" lemma="izložiti" pos="VERB">Izložila</instance>
         <wf lemma="je" pos="X">je</wf>
         <wf lemma="svoje" pos="X">svoje</wf>
         <wf lemma="ideje" pos="X">ideje</wf>
         <wf lemma="na" pos="X">na</wf>
         <wf lemma="sastanku" pos="X">sastanku</wf>
         <wf lemma="uporavnog" pos="X">uporavnog</wf>
         <wf lemma="odbora" pos="X">odbora</wf>
         <wf lemma="." pos="X">.</wf>
      </sentence>
      <sentence id="d000.s5614" source="wordnet-croatian">
         <wf lemma="Dobili" pos="X">Dobili</wf>
         <wf lemma="su" pos="X">su</wf>
         <instance id="d000.s5614.t000" lemma="dozvola" pos="NOUN">dozvolu</instance>
         <wf lemma="za" pos="X">za</wf>
         <wf lemma="izgradnju" pos="X">izgradnju</wf>
         <wf lemma="mosta" pos="X">mosta</wf>
         <wf lemma="." pos="X">.</wf>
      </sentence>
      <sentence id="d000.s5615" source="wordnet-croatian">
         <wf lemma="Na" pos="X">Na</wf>
         <wf lemma="zadarskom" pos="X">zadarskom</wf>
         <wf lemma="su" pos="X">su</wf>
         <wf lemma="groblju" pos="X">groblju</wf>
         <wf lemma="sačuvani" pos="X">sačuvani</wf>
         <wf lemma="ostaci" pos="X">ostaci</wf>
         <instance id="d000.s5615.t000" lemma="akvedukt" pos="NOUN">akvedukta</instance>
         <wf lemma="viši" pos="X">viši</wf>
         <wf lemma="od" pos="X">od</wf>
         <wf lemma="tri" pos="X">tri</wf>
         <wf lemma="metra" pos="X">metra</wf>
         <wf lemma="." pos="X">.</wf>
      </sentence>
      <sentence id="d000.s5616" source="wordnet-croatian">
         <wf lemma="Stavila" pos="X">Stavila</wf>
         <wf lemma="je" pos="X">je</wf>
         <wf lemma="kućni" pos="X">kućni</wf>
         <instance id="d000.s5616.t000" lemma="ogrtač" pos="NOUN">ogrtač</instance>
         <wf lemma="i" pos="X">i</wf>
         <wf lemma="otišla" pos="X">otišla</wf>
         <wf lemma="vidjeti" pos="X">vidjeti</wf>
         <wf lemma="tko" pos="X">tko</wf>
         <wf lemma="zvoni" pos="X">zvoni</wf>
         <wf lemma="tako" pos="X">tako</wf>
         <wf lemma="kasno" pos="X">kasno</wf>
         <wf lemma="." pos="X">.</wf>
      </sentence>
      <sentence id="d000.s5617" source="wordnet-croatian">
         <wf lemma="Pravi" pos="X">Pravi</wf>
         <instance id="d000.s5617.t000" lemma="brie" pos="NOUN">brie</instance>
         <wf lemma="dolazi" pos="X">dolazi</wf>
         <wf lemma="sa" pos="X">sa</wf>
         <wf lemma="sjeverozapada" pos="X">sjeverozapada</wf>
         <wf lemma="Francuske" pos="X">Francuske</wf>
         <wf lemma="." pos="X">.</wf>
      </sentence>
      <sentence id="d000.s5618" source="wordnet-croatian">
         <wf lemma="Jedinica" pos="X">Jedinica</wf>
         <wf lemma="je" pos="X">je</wf>
         <wf lemma="napravila" pos="X">napravila</wf>
         <instance id="d000.s5618.t000" lemma="napredak" pos="NOUN">napredak</instance>
         <wf lemma="na" pos="X">na</wf>
         <wf lemma="fronti" pos="X">fronti</wf>
         <wf lemma="." pos="X">.</wf>
      </sentence>
      <sentence id="d000.s5619" source="wordnet-croatian">
         <wf lemma="Radioaktivni" pos="X">Radioaktivni</wf>
         <instance id="d000.s5619.t000" lemma="talog" pos="NOUN">talog</instance>
         <wf lemma="pohranjuje" pos="X">pohranjuje</wf>
         <wf lemma="se" pos="X">se</wf>
         <wf lemma="u" pos="X">u</wf>
         <wf lemma="bačvama" pos="X">bačvama</wf>
         <wf lemma="i" pos="X">i</wf>
         <wf lemma="sprema" pos="X">sprema</wf>
         <wf lemma="na" pos="X">na</wf>
         <wf lemma="zastićeno" pos="X">zastićeno</wf>
         <wf lemma="mjesto" pos="X">mjesto</wf>
         <wf lemma="." pos="X">.</wf>
      </sentence>
      <sentence id="d000.s5620" source="wordnet-croatian">
         <wf lemma="U" pos="X">U</wf>
         <wf lemma="Hrvatskoj" pos="X">Hrvatskoj</wf>
         <wf lemma="nestaje" pos="X">nestaje</wf>
         <wf lemma="srednji" pos="X">srednji</wf>
         <instance id="d000.s5620.t000" lemma="stalež" pos="NOUN">stalež</instance>
         <wf lemma="." pos="X">.</wf>
      </sentence>
      <sentence id="d000.s5621" source="wordnet-croatian">
         <wf lemma="Javni" pos="X">Javni</wf>
         <wf lemma="natječaj" pos="X">natječaj</wf>
         <wf lemma="za" pos="X">za</wf>
         <instance id="d000.s5621.t000" lemma="imenovanje" pos="NOUN">imenovanje</instance>
         <wf lemma="rukovodećih" pos="X">rukovodećih</wf>
         <wf lemma="državnih" pos="X">državnih</wf>
         <wf lemma="službenika" pos="X">službenika</wf>
         <wf lemma="u" pos="X">u</wf>
         <wf lemma="vladi" pos="X">vladi</wf>
         <wf lemma="RH" pos="X">RH</wf>
         <wf lemma="otvoren" pos="X">otvoren</wf>
         <wf lemma="je" pos="X">je</wf>
         <wf lemma="do" pos="X">do</wf>
         <wf lemma="kraja" pos="X">kraja</wf>
         <wf lemma="ožujka" pos="X">ožujka</wf>
         <wf lemma="." pos="X">.</wf>
      </sentence>
      <sentence id="d000.s5622" source="wordnet-croatian">
         <wf lemma="Cijelo" pos="X">Cijelo</wf>
         <wf lemma="je" pos="X">je</wf>
         <wf lemma="vrijeme" pos="X">vrijeme</wf>
         <wf lemma="promatrala" pos="X">promatrala</wf>
         <wf lemma="kockast" pos="X">kockast</wf>
         <instance id="d000.s5622.t000" lemma="oblik" pos="NOUN">oblik</instance>
         <wf lemma="njegove" pos="X">njegove</wf>
         <wf lemma="glave" pos="X">glave</wf>
         <wf lemma="." pos="X">.</wf>
      </sentence>
      <sentence id="d000.s5623" source="wordnet-croatian">
         <wf lemma="Tarzan" pos="X">Tarzan</wf>
         <wf lemma="je" pos="X">je</wf>
         <wf lemma="jedan" pos="X">jedan</wf>
         <wf lemma="od" pos="X">od</wf>
         <wf lemma="najpoznatijih" pos="X">najpoznatijih</wf>
         <wf lemma="izmišljenih" pos="X">izmišljenih</wf>
         <wf lemma="žitelja" pos="X">žitelja</wf>
         <instance id="d000.s5623.t000" lemma="divljina" pos="NOUN">divljine</instance>
         <wf lemma="." pos="X">.</wf>
      </sentence>
      <sentence id="d000.s5624" source="wordnet-croatian">
         <instance id="d000.s5624.t000" lemma="preplitanje" pos="NOUN">Preplitanje</instance>
         <wf lemma="prstiju" pos="X">prstiju</wf>
         <wf lemma="na" pos="X">na</wf>
         <wf lemma="rukama" pos="X">rukama</wf>
         <wf lemma="povećalo" pos="X">povećalo</wf>
         <wf lemma="je" pos="X">je</wf>
         <wf lemma="vezu" pos="X">vezu</wf>
         <wf lemma="među" pos="X">među</wf>
         <wf lemma="njima" pos="X">njima</wf>
         <wf lemma="." pos="X">.</wf>
      </sentence>
      <sentence id="d000.s5625" source="wordnet-croatian">
         <wf lemma="Ugovor" pos="X">Ugovor</wf>
         <wf lemma="koji" pos="X">koji</wf>
         <wf lemma="ste" pos="X">ste</wf>
         <wf lemma="potpisali" pos="X">potpisali</wf>
         <wf lemma="jest" pos="X">jest</wf>
         <instance id="d000.s5625.t000" lemma="fiksan" pos="ADJ">fiksan</instance>
         <wf lemma="." pos="X">.</wf>
      </sentence>
      <sentence id="d000.s5626" source="wordnet-croatian">
         <wf lemma="Svečana" pos="X">Svečana</wf>
         <instance id="d000.s5626.t000" lemma="liturgija" pos="NOUN">liturgija</instance>
         <wf lemma="traženja" pos="X">traženja</wf>
         <wf lemma="oproštaja" pos="X">oproštaja</wf>
         <wf lemma="od" pos="X">od</wf>
         <wf lemma="povijesnih" pos="X">povijesnih</wf>
         <wf lemma="grijeha" pos="X">grijeha</wf>
         <wf lemma="nedvojbeno" pos="X">nedvojbeno</wf>
         <wf lemma="je" pos="X">je</wf>
         <wf lemma="historijski" pos="X">historijski</wf>
         <wf lemma="događaj" pos="X">događaj</wf>
         <wf lemma="." pos="X">.</wf>
      </sentence>
      <sentence id="d000.s5627" source="wordnet-croatian">
         <instance id="d000.s5627.t000" lemma="turmalin" pos="NOUN">Turmalini</instance>
         <wf lemma="najčešće" pos="X">najčešće</wf>
         <wf lemma="dolaze" pos="X">dolaze</wf>
         <wf lemma="u" pos="X">u</wf>
         <wf lemma="crnoj" pos="X">crnoj</wf>
         <wf lemma="boji" pos="X">boji</wf>
         <wf lemma="." pos="X">.</wf>
      </sentence>
      <sentence id="d000.s5628" source="wordnet-croatian">
         <wf lemma="Platene" pos="X">Platene</wf>
         <wf lemma="pelene" pos="X">pelene</wf>
         <wf lemma="dobro" pos="X">dobro</wf>
         <instance id="d000.s5628.t000" lemma="upijati" pos="VERB">upijaju</instance>
         <wf lemma="tekućinu" pos="X">tekućinu</wf>
         <wf lemma="." pos="X">.</wf>
      </sentence>
      <sentence id="d000.s5629" source="wordnet-croatian">
         <wf lemma="Izrazila" pos="X">Izrazila</wf>
         <wf lemma="je" pos="X">je</wf>
         <wf lemma="svoje" pos="X">svoje</wf>
         <instance id="d000.s5629.t000" lemma="žaljenje" pos="NOUN">žaljenje</instance>
         <wf lemma="zbog" pos="X">zbog</wf>
         <wf lemma="otkaza" pos="X">otkaza</wf>
         <wf lemma="." pos="X">.</wf>
      </sentence>
      <sentence id="d000.s5630" source="wordnet-croatian">
         <wf lemma="Već" pos="X">Već</wf>
         <wf lemma="je" pos="X">je</wf>
         <wf lemma="dugo" pos="X">dugo</wf>
         <wf lemma="prati" pos="X">prati</wf>
         <wf lemma="zla" pos="X">zla</wf>
         <instance id="d000.s5630.t000" lemma="kob" pos="NOUN">kob</instance>
         <wf lemma="." pos="X">.</wf>
      </sentence>
      <sentence id="d000.s5631" source="wordnet-croatian">
         <wf lemma="Učlanio" pos="X">Učlanio</wf>
         <wf lemma="se" pos="X">se</wf>
         <wf lemma="u" pos="X">u</wf>
         <instance id="d000.s5631.t000" lemma="udruga" pos="NOUN">Udrugu</instance>
         <wf lemma="za" pos="X">za</wf>
         <wf lemma="promicanje" pos="X">promicanje</wf>
         <wf lemma="prava" pos="X">prava</wf>
         <wf lemma="žrtava" pos="X">žrtava</wf>
         <wf lemma="otmice" pos="X">otmice</wf>
         <wf lemma="NLO-a" pos="X">NLO-a</wf>
         <wf lemma="." pos="X">.</wf>
      </sentence>
      <sentence id="d000.s5632" source="wordnet-croatian">
         <wf lemma="Trudila" pos="X">Trudila</wf>
         <wf lemma="sam" pos="X">sam</wf>
         <wf lemma="se" pos="X">se</wf>
         <instance id="d000.s5632.t000" lemma="senzibilizirati" pos="VERB">senzibilizirati</instance>
         <wf lemma="okolinu" pos="X">okolinu</wf>
         <wf lemma="za" pos="X">za</wf>
         <wf lemma="ljude" pos="X">ljude</wf>
         <wf lemma="s" pos="X">s</wf>
         <wf lemma="posebnim" pos="X">posebnim</wf>
         <wf lemma="potrebama" pos="X">potrebama</wf>
         <wf lemma="." pos="X">.</wf>
      </sentence>
      <sentence id="d000.s5633" source="wordnet-croatian">
         <wf lemma="Dijete" pos="X">Dijete</wf>
         <wf lemma="je" pos="X">je</wf>
         <wf lemma="obojalo" pos="X">obojalo</wf>
         <wf lemma="donju" pos="X">donju</wf>
         <instance id="d000.s5633.t000" lemma="strana" pos="NOUN">stranu</instance>
         <wf lemma="velike" pos="X">velike</wf>
         <wf lemma="kutije" pos="X">kutije</wf>
         <wf lemma="keksa" pos="X">keksa</wf>
         <wf lemma="." pos="X">.</wf>
      </sentence>
      <sentence id="d000.s5634" source="wordnet-croatian">
         <instance id="d000.s5634.t000" lemma="predstava" pos="NOUN">Predstava</instance>
         <wf lemma="se" pos="X">se</wf>
         <wf lemma="izvodi" pos="X">izvodi</wf>
         <wf lemma="na" pos="X">na</wf>
         <wf lemma="način" pos="X">način</wf>
         <wf lemma="da" pos="X">da</wf>
         <wf lemma="djeca" pos="X">djeca</wf>
         <wf lemma="sudjeluju" pos="X">sudjeluju</wf>
         <wf lemma="u" pos="X">u</wf>
         <wf lemma="kreiranju" pos="X">kreiranju</wf>
         <wf lemma="sadržaja" pos="X">sadržaja</wf>
         <wf lemma="." pos="X">.</wf>
      </sentence>
      <sentence id="d000.s5635" source="wordnet-croatian">
         <wf lemma="Visibaba" pos="X">Visibaba</wf>
         <instance id="d000.s5635.t000" lemma="označavati" pos="VERB">označava</instance>
         <wf lemma="početak" pos="X">početak</wf>
         <wf lemma="proljeća" pos="X">proljeća</wf>
         <wf lemma="." pos="X">.</wf>
      </sentence>
      <sentence id="d000.s5636" source="wordnet-croatian">
         <wf lemma="Vladine" pos="X">Vladine</wf>
         <wf lemma="snage" pos="X">snage</wf>
         <wf lemma="su" pos="X">su</wf>
         <wf lemma="u" pos="X">u</wf>
         <wf lemma="jučerašnjoj" pos="X">jučerašnjoj</wf>
         <wf lemma="akciji" pos="X">akciji</wf>
         <instance id="d000.s5636.t000" lemma="zarobiti" pos="VERB">zarobile</instance>
         <wf lemma="vođu" pos="X">vođu</wf>
         <wf lemma="pokreta" pos="X">pokreta</wf>
         <wf lemma="otpora" pos="X">otpora</wf>
         <wf lemma="." pos="X">.</wf>
      </sentence>
      <sentence id="d000.s5637" source="wordnet-croatian">
         <wf lemma="Zbog" pos="X">Zbog</wf>
         <wf lemma="učestalih" pos="X">učestalih</wf>
         <wf lemma="prekršaja" pos="X">prekršaja</wf>
         <wf lemma="sudac" pos="X">sudac</wf>
         <wf lemma="je" pos="X">je</wf>
         <wf lemma="produžio" pos="X">produžio</wf>
         <instance id="d000.s5637.t000" lemma="trajanje" pos="NOUN">trajanje</instance>
         <wf lemma="poluvremena" pos="X">poluvremena</wf>
         <wf lemma="za" pos="X">za</wf>
         <wf lemma="deset" pos="X">deset</wf>
         <wf lemma="minuta" pos="X">minuta</wf>
         <wf lemma="." pos="X">.</wf>
      </sentence>
      <sentence id="d000.s5638" source="wordnet-croatian">
         <wf lemma="Njegova" pos="X">Njegova</wf>
         <wf lemma="predavanja" pos="X">predavanja</wf>
         <instance id="d000.s5638.t000" lemma="ohrabriti" pos="VERB">ohrabrila</instance>
         <wf lemma="su" pos="X">su</wf>
         <wf lemma="studente" pos="X">studente</wf>
         <wf lemma="u" pos="X">u</wf>
         <wf lemma="njihovim" pos="X">njihovim</wf>
         <wf lemma="željama" pos="X">željama</wf>
         <wf lemma="da" pos="X">da</wf>
         <wf lemma="se" pos="X">se</wf>
         <wf lemma="bave" pos="X">bave</wf>
         <wf lemma="tom" pos="X">tom</wf>
         <wf lemma="temom" pos="X">temom</wf>
         <wf lemma="." pos="X">.</wf>
      </sentence>
      <sentence id="d000.s5639" source="wordnet-croatian">
         <wf lemma="Ani" pos="X">Ani</wf>
         <wf lemma="je" pos="X">je</wf>
         <instance id="d000.s5639.t000" lemma="poslodavac" pos="NOUN">poslodavac</instance>
         <wf lemma="rekao" pos="X">rekao</wf>
         <wf lemma="da" pos="X">da</wf>
         <wf lemma="bi" pos="X">bi</wf>
         <wf lemma="posao" pos="X">posao</wf>
         <wf lemma="sigurno" pos="X">sigurno</wf>
         <wf lemma="dobila" pos="X">dobila</wf>
         <wf lemma="da" pos="X">da</wf>
         <wf lemma="je" pos="X">je</wf>
         <wf lemma="imala" pos="X">imala</wf>
         <wf lemma="radni" pos="X">radni</wf>
         <wf lemma="staž" pos="X">staž</wf>
         <wf lemma="." pos="X">.</wf>
      </sentence>
      <sentence id="d000.s5640" source="wordnet-croatian">
         <wf lemma="Dogodio" pos="X">Dogodio</wf>
         <wf lemma="se" pos="X">se</wf>
         <wf lemma="nagli" pos="X">nagli</wf>
         <instance id="d000.s5640.t000" lemma="pad" pos="NOUN">pad</instance>
         <wf lemma="prodaje" pos="X">prodaje</wf>
         <wf lemma="automobila" pos="X">automobila</wf>
         <wf lemma="." pos="X">.</wf>
      </sentence>
      <sentence id="d000.s5641" source="wordnet-croatian">
         <wf lemma="Bila" pos="X">Bila</wf>
         <wf lemma="je" pos="X">je</wf>
         <wf lemma="to" pos="X">to</wf>
         <instance id="d000.s5641.t000" lemma="dosadan" pos="ADJ">dosadna</instance>
         <wf lemma="politička" pos="X">politička</wf>
         <wf lemma="kampanja" pos="X">kampanja</wf>
         <wf lemma="u" pos="X">u</wf>
         <wf lemma="kojoj" pos="X">kojoj</wf>
         <wf lemma="je" pos="X">je</wf>
         <wf lemma="sve" pos="X">sve</wf>
         <wf lemma="bilo" pos="X">bilo</wf>
         <wf lemma="već" pos="X">već</wf>
         <wf lemma="viđeno" pos="X">viđeno</wf>
         <wf lemma="." pos="X">.</wf>
      </sentence>
      <sentence id="d000.s5642" source="wordnet-croatian">
         <wf lemma="Potpisan" pos="X">Potpisan</wf>
         <wf lemma="je" pos="X">je</wf>
         <instance id="d000.s5642.t000" lemma="sporazum" pos="NOUN">sporazum</instance>
         <wf lemma="o" pos="X">o</wf>
         <wf lemma="uređenju" pos="X">uređenju</wf>
         <wf lemma="toga" pos="X">toga</wf>
         <wf lemma="dijela" pos="X">dijela</wf>
         <wf lemma="zemlje" pos="X">zemlje</wf>
         <wf lemma="." pos="X">.</wf>
      </sentence>
      <sentence id="d000.s5643" source="wordnet-croatian">
         <wf lemma="Složene" pos="X">Složene</wf>
         <wf lemma="rečenice" pos="X">rečenice</wf>
         <wf lemma="povezuju" pos="X">povezuju</wf>
         <wf lemma="se" pos="X">se</wf>
         <instance id="d000.s5643.t000" lemma="konektor" pos="NOUN">konektorima</instance>
         <wf lemma="." pos="X">.</wf>
      </sentence>
      <sentence id="d000.s5644" source="wordnet-croatian">
         <wf lemma="Osmislio" pos="X">Osmislio</wf>
         <wf lemma="je" pos="X">je</wf>
         <wf lemma="novi" pos="X">novi</wf>
         <wf lemma="sustav" pos="X">sustav</wf>
         <instance id="d000.s5644.t000" lemma="pismo" pos="NOUN">pisma</instance>
         <wf lemma="kako" pos="X">kako</wf>
         <wf lemma="bi" pos="X">bi</wf>
         <wf lemma="zaštitio" pos="X">zaštitio</wf>
         <wf lemma="svoje" pos="X">svoje</wf>
         <wf lemma="tekstove" pos="X">tekstove</wf>
         <wf lemma="od" pos="X">od</wf>
         <wf lemma="čitanja" pos="X">čitanja</wf>
         <wf lemma="." pos="X">.</wf>
      </sentence>
      <sentence id="d000.s5645" source="wordnet-croatian">
         <wf lemma="Hrpe" pos="X">Hrpe</wf>
         <wf lemma="smeća" pos="X">smeća</wf>
         <wf lemma="po" pos="X">po</wf>
         <wf lemma="ulicama" pos="X">ulicama</wf>
         <wf lemma="izazivale" pos="X">izazivale</wf>
         <wf lemma="su" pos="X">su</wf>
         <instance id="d000.s5645.t000" lemma="gađenje" pos="NOUN">gađenje</instance>
         <wf lemma="kod" pos="X">kod</wf>
         <wf lemma="prolaznika" pos="X">prolaznika</wf>
         <wf lemma="." pos="X">.</wf>
      </sentence>
      <sentence id="d000.s5646" source="wordnet-croatian">
         <wf lemma="Na" pos="X">Na</wf>
         <wf lemma="satu" pos="X">satu</wf>
         <wf lemma="povijesti" pos="X">povijesti</wf>
         <wf lemma="naučio" pos="X">naučio</wf>
         <wf lemma="sam" pos="X">sam</wf>
         <wf lemma="brojne" pos="X">brojne</wf>
         <instance id="d000.s5646.t000" lemma="činjenica" pos="NOUN">činjenice</instance>
         <wf lemma="o" pos="X">o</wf>
         <wf lemma="Drugom" pos="X">Drugom</wf>
         <wf lemma="svjetskom" pos="X">svjetskom</wf>
         <wf lemma="ratu" pos="X">ratu</wf>
         <wf lemma="." pos="X">.</wf>
      </sentence>
      <sentence id="d000.s5647" source="wordnet-croatian">
         <instance id="d000.s5647.t000" lemma="skupina" pos="NOUN">Skupina</instance>
         <wf lemma="nezadovoljnika" pos="X">nezadovoljnika</wf>
         <wf lemma="okupila" pos="X">okupila</wf>
         <wf lemma="se" pos="X">se</wf>
         <wf lemma="na" pos="X">na</wf>
         <wf lemma="glavnom" pos="X">glavnom</wf>
         <wf lemma="trgu" pos="X">trgu</wf>
         <wf lemma="." pos="X">.</wf>
      </sentence>
      <sentence id="d000.s5648" source="wordnet-croatian">
         <instance id="d000.s5648.t000" lemma="udarati" pos="VERB">Udarao</instance>
         <wf lemma="je" pos="X">je</wf>
         <wf lemma="po" pos="X">po</wf>
         <wf lemma="vratima" pos="X">vratima</wf>
         <wf lemma="kao" pos="X">kao</wf>
         <wf lemma="luđak" pos="X">luđak</wf>
         <wf lemma="." pos="X">.</wf>
      </sentence>
      <sentence id="d000.s5649" source="wordnet-croatian">
         <wf lemma="Ideje" pos="X">Ideje</wf>
         <wf lemma="su" pos="X">su</wf>
         <wf lemma="mu" pos="X">mu</wf>
         <wf lemma="bile" pos="X">bile</wf>
         <instance id="d000.s5649.t000" lemma="nedovršen" pos="ADJ">nedovršene</instance>
         <wf lemma="i" pos="X">i</wf>
         <wf lemma="samim" pos="X">samim</wf>
         <wf lemma="time" pos="X">time</wf>
         <wf lemma="neiskoristive" pos="X">neiskoristive</wf>
         <wf lemma="." pos="X">.</wf>
      </sentence>
      <sentence id="d000.s5650" source="wordnet-croatian">
         <wf lemma="Neki" pos="X">Neki</wf>
         <wf lemma="znanstvenici" pos="X">znanstvenici</wf>
         <wf lemma="predviđaju" pos="X">predviđaju</wf>
         <wf lemma="da" pos="X">da</wf>
         <wf lemma="će" pos="X">će</wf>
         <wf lemma="međuljudski" pos="X">međuljudski</wf>
         <wf lemma="odnosi" pos="X">odnosi</wf>
         <instance id="d000.s5650.t000" lemma="degenerirati" pos="VERB">degenerirati</instance>
         <wf lemma="zbog" pos="X">zbog</wf>
         <wf lemma="pretjerane" pos="X">pretjerane</wf>
         <wf lemma="upotrebe" pos="X">upotrebe</wf>
         <wf lemma="tehnologije" pos="X">tehnologije</wf>
         <wf lemma="." pos="X">.</wf>
      </sentence>
      <sentence id="d000.s5651" source="wordnet-croatian">
         <wf lemma="Stari" pos="X">Stari</wf>
         <wf lemma="je" pos="X">je</wf>
         <wf lemma="klavir" pos="X">klavir</wf>
         <instance id="d000.s5651.t000" lemma="donijeti" pos="VERB">donio</instance>
         <wf lemma="pravo" pos="X">pravo</wf>
         <wf lemma="bogatstvo" pos="X">bogatstvo</wf>
         <wf lemma="starom" pos="X">starom</wf>
         <wf lemma="vlasniku" pos="X">vlasniku</wf>
         <wf lemma="." pos="X">.</wf>
      </sentence>
      <sentence id="d000.s5652" source="wordnet-croatian">
         <wf lemma="Papir" pos="X">Papir</wf>
         <wf lemma="vrlo" pos="X">vrlo</wf>
         <wf lemma="brzo" pos="X">brzo</wf>
         <instance id="d000.s5652.t000" lemma="izgarati" pos="VERB">izgara</instance>
         <wf lemma="i" pos="X">i</wf>
         <wf lemma="pretvara" pos="X">pretvara</wf>
         <wf lemma="se" pos="X">se</wf>
         <wf lemma="u" pos="X">u</wf>
         <wf lemma="pepeo" pos="X">pepeo</wf>
         <wf lemma="." pos="X">.</wf>
      </sentence>
      <sentence id="d000.s5653" source="wordnet-croatian">
         <wf lemma="Najpoznatija" pos="X">Najpoznatija</wf>
         <instance id="d000.s5653.t000" lemma="krstionica" pos="NOUN">krstionica</instance>
         <wf lemma="u" pos="X">u</wf>
         <wf lemma="Hrvatskoj" pos="X">Hrvatskoj</wf>
         <wf lemma="ona" pos="X">ona</wf>
         <wf lemma="je" pos="X">je</wf>
         <wf lemma="kneza" pos="X">kneza</wf>
         <wf lemma="Višeslava" pos="X">Višeslava</wf>
         <wf lemma="." pos="X">.</wf>
      </sentence>
      <sentence id="d000.s5654" source="wordnet-croatian">
         <wf lemma="Godine" pos="X">Godine</wf>
         <wf lemma="su" pos="X">su</wf>
         <wf lemma="prolazile" pos="X">prolazile</wf>
         <wf lemma="," pos="X">,</wf>
         <wf lemma="ali" pos="X">ali</wf>
         <wf lemma="je" pos="X">je</wf>
         <wf lemma="njezina" pos="X">njezina</wf>
         <instance id="d000.s5654.t000" lemma="čežnja" pos="NOUN">čežnja</instance>
         <wf lemma="za" pos="X">za</wf>
         <wf lemma="izgubljenom" pos="X">izgubljenom</wf>
         <wf lemma="ljubavi" pos="X">ljubavi</wf>
         <wf lemma="bila" pos="X">bila</wf>
         <wf lemma="sve" pos="X">sve</wf>
         <wf lemma="jača" pos="X">jača</wf>
         <wf lemma="." pos="X">.</wf>
      </sentence>
      <sentence id="d000.s5655" source="wordnet-croatian">
         <wf lemma="Stavio" pos="X">Stavio</wf>
         <wf lemma="je" pos="X">je</wf>
         <wf lemma="ključ" pos="X">ključ</wf>
         <wf lemma="u" pos="X">u</wf>
         <instance id="d000.s5655.t000" lemma="ključanica" pos="NOUN">ključanicu</instance>
         <wf lemma="," pos="X">,</wf>
         <wf lemma="okrenuo" pos="X">okrenuo</wf>
         <wf lemma="ga" pos="X">ga</wf>
         <wf lemma="i" pos="X">i</wf>
         <wf lemma="s" pos="X">s</wf>
         <wf lemma="lakoćom" pos="X">lakoćom</wf>
         <wf lemma="otvorio" pos="X">otvorio</wf>
         <wf lemma="vrata" pos="X">vrata</wf>
         <wf lemma="." pos="X">.</wf>
      </sentence>
      <sentence id="d000.s5656" source="wordnet-croatian">
         <wf lemma="Recesija" pos="X">Recesija</wf>
         <wf lemma="je" pos="X">je</wf>
         <wf lemma="ovih" pos="X">ovih</wf>
         <wf lemma="dana" pos="X">dana</wf>
         <instance id="d000.s5656.t000" lemma="vruć" pos="ADJ">vruća</instance>
         <wf lemma="tema" pos="X">tema</wf>
         <wf lemma="." pos="X">.</wf>
      </sentence>
      <sentence id="d000.s5657" source="wordnet-croatian">
         <wf lemma="Svako" pos="X">Svako</wf>
         <wf lemma="jutro" pos="X">jutro</wf>
         <wf lemma="popijem" pos="X">popijem</wf>
         <wf lemma="čašu" pos="X">čašu</wf>
         <instance id="d000.s5657.t000" lemma="narančada" pos="NOUN">narančade</instance>
         <wf lemma="." pos="X">.</wf>
      </sentence>
      <sentence id="d000.s5658" source="wordnet-croatian">
         <wf lemma="Jedna" pos="X">Jedna</wf>
         <wf lemma="od" pos="X">od</wf>
         <instance id="d000.s5658.t000" lemma="funkcija" pos="NOUN">funkcija</instance>
         <wf lemma="profesora" pos="X">profesora</wf>
         <wf lemma="jest" pos="X">jest</wf>
         <wf lemma="da" pos="X">da</wf>
         <wf lemma="nauči" pos="X">nauči</wf>
         <wf lemma="studente" pos="X">studente</wf>
         <wf lemma="samostalnome" pos="X">samostalnome</wf>
         <wf lemma="radu" pos="X">radu</wf>
         <wf lemma="." pos="X">.</wf>
      </sentence>
      <sentence id="d000.s5659" source="wordnet-croatian">
         <wf lemma="Njegovo" pos="X">Njegovo</wf>
         <wf lemma="bogatsvo" pos="X">bogatsvo</wf>
         <instance id="d000.s5659.t000" lemma="procjenjivati" pos="VERB">procjenjuje</instance>
         <wf lemma="se" pos="X">se</wf>
         <wf lemma="na" pos="X">na</wf>
         <wf lemma="100" pos="X">100</wf>
         <wf lemma="milijuina" pos="X">milijuina</wf>
         <wf lemma="dolara" pos="X">dolara</wf>
         <wf lemma="." pos="X">.</wf>
      </sentence>
      <sentence id="d000.s5660" source="wordnet-croatian">
         <wf lemma="Pojeo" pos="X">Pojeo</wf>
         <wf lemma="je" pos="X">je</wf>
         <wf lemma="cijelu" pos="X">cijelu</wf>
         <instance id="d000.s5660.t000" lemma="kutija" pos="NOUN">kutiju</instance>
         <wf lemma="keksa" pos="X">keksa</wf>
         <wf lemma="." pos="X">.</wf>
      </sentence>
      <sentence id="d000.s5661" source="wordnet-croatian">
         <instance id="d000.s5661.t000" lemma="zaključak" pos="NOUN">Zaključak</instance>
         <wf lemma="istražnog" pos="X">istražnog</wf>
         <wf lemma="suda" pos="X">suda</wf>
         <wf lemma="ostao" pos="X">ostao</wf>
         <wf lemma="je" pos="X">je</wf>
         <wf lemma="tajan" pos="X">tajan</wf>
         <wf lemma="." pos="X">.</wf>
      </sentence>
      <sentence id="d000.s5662" source="wordnet-croatian">
         <wf lemma="Čim" pos="X">Čim</wf>
         <wf lemma="bi" pos="X">bi</wf>
         <wf lemma="ušla" pos="X">ušla</wf>
         <wf lemma="u" pos="X">u</wf>
         <wf lemma="stan" pos="X">stan</wf>
         <wf lemma="," pos="X">,</wf>
         <wf lemma="izuvala" pos="X">izuvala</wf>
         <wf lemma="bi" pos="X">bi</wf>
         <wf lemma="cipele" pos="X">cipele</wf>
         <wf lemma="i" pos="X">i</wf>
         <wf lemma="obuvala" pos="X">obuvala</wf>
         <instance id="d000.s5662.t000" lemma="šlapa" pos="NOUN">šlape</instance>
         <wf lemma="." pos="X">.</wf>
      </sentence>
      <sentence id="d000.s5663" source="wordnet-croatian">
         <wf lemma="Molitva" pos="X">Molitva</wf>
         <wf lemma="pojedinca" pos="X">pojedinca</wf>
         <wf lemma="uvijek" pos="X">uvijek</wf>
         <wf lemma="je" pos="X">je</wf>
         <wf lemma="bila" pos="X">bila</wf>
         <instance id="d000.s5663.t000" lemma="temeljac" pos="NOUN">temeljac</instance>
         <wf lemma="judaizma" pos="X">judaizma</wf>
         <wf lemma="." pos="X">.</wf>
      </sentence>
      <sentence id="d000.s5664" source="wordnet-croatian">
         <wf lemma="Te" pos="X">Te</wf>
         <wf lemma="mi" pos="X">mi</wf>
         <wf lemma="rioječi" pos="X">rioječi</wf>
         <wf lemma="ništa" pos="X">ništa</wf>
         <wf lemma="ne" pos="X">ne</wf>
         <instance id="d000.s5664.t000" lemma="značiti" pos="VERB">znače</instance>
         <wf lemma="!" pos="X">!</wf>
      </sentence>
      <sentence id="d000.s5665" source="wordnet-croatian">
         <wf lemma="Započeli" pos="X">Započeli</wf>
         <wf lemma="su" pos="X">su</wf>
         <instance id="d000.s5665.t000" lemma="upis" pos="NOUN">upisi</instance>
         <wf lemma="na" pos="X">na</wf>
         <wf lemma="fakultete" pos="X">fakultete</wf>
         <wf lemma="." pos="X">.</wf>
      </sentence>
      <sentence id="d000.s5666" source="wordnet-croatian">
         <wf lemma="Njezin" pos="X">Njezin</wf>
         <wf lemma="ju" pos="X">ju</wf>
         <wf lemma="je" pos="X">je</wf>
         <wf lemma="momak" pos="X">momak</wf>
         <wf lemma="jako" pos="X">jako</wf>
         <instance id="d000.s5666.t000" lemma="razočarati" pos="VERB">razočarao</instance>
         <wf lemma="još" pos="X">još</wf>
         <wf lemma="jednom" pos="X">jednom</wf>
         <wf lemma="odgodom" pos="X">odgodom</wf>
         <wf lemma="vjenčanja" pos="X">vjenčanja</wf>
         <wf lemma="." pos="X">.</wf>
      </sentence>
      <sentence id="d000.s5667" source="wordnet-croatian">
         <wf lemma="Naš" pos="X">Naš</wf>
         <wf lemma="bivši" pos="X">bivši</wf>
         <wf lemma="premijer" pos="X">premijer</wf>
         <wf lemma="uz" pos="X">uz</wf>
         <wf lemma="svoje" pos="X">svoje</wf>
         <wf lemma="ime" pos="X">ime</wf>
         <wf lemma="uvijek" pos="X">uvijek</wf>
         <wf lemma="navodi" pos="X">navodi</wf>
         <wf lemma="i" pos="X">i</wf>
         <wf lemma="akademsku" pos="X">akademsku</wf>
         <instance id="d000.s5667.t000" lemma="titula" pos="NOUN">titulu</instance>
         <wf lemma="." pos="X">.</wf>
      </sentence>
      <sentence id="d000.s5668" source="wordnet-croatian">
         <wf lemma="Zaboravila" pos="X">Zaboravila</wf>
         <wf lemma="je" pos="X">je</wf>
         <wf lemma="rukavice" pos="X">rukavice</wf>
         <wf lemma="pa" pos="X">pa</wf>
         <wf lemma="su" pos="X">su</wf>
         <wf lemma="joj" pos="X">joj</wf>
         <wf lemma="prsti" pos="X">prsti</wf>
         <wf lemma="bili" pos="X">bili</wf>
         <instance id="d000.s5668.t000" lemma="hladan" pos="ADJ">hladni</instance>
         <wf lemma="." pos="X">.</wf>
      </sentence>
      <sentence id="d000.s5669" source="wordnet-croatian">
         <instance id="d000.s5669.t000" lemma="izvođač" pos="NOUN">Izvođači</instance>
         <wf lemma="su" pos="X">su</wf>
         <wf lemma="smješteni" pos="X">smješteni</wf>
         <wf lemma="u" pos="X">u</wf>
         <wf lemma="posebnom" pos="X">posebnom</wf>
         <wf lemma="hotelu" pos="X">hotelu</wf>
         <wf lemma="." pos="X">.</wf>
      </sentence>
      <sentence id="d000.s5670" source="wordnet-croatian">
         <wf lemma="Ipak" pos="X">Ipak</wf>
         <wf lemma="je" pos="X">je</wf>
         <instance id="d000.s5670.t000" lemma="povući" pos="VERB">povukao</instance>
         <wf lemma="svoju" pos="X">svoju</wf>
         <wf lemma="kandidaturu" pos="X">kandidaturu</wf>
         <wf lemma="." pos="X">.</wf>
      </sentence>
      <sentence id="d000.s5671" source="wordnet-croatian">
         <wf lemma="Udarac" pos="X">Udarac</wf>
         <wf lemma="je" pos="X">je</wf>
         <wf lemma="bio" pos="X">bio</wf>
         <wf lemma="toliko" pos="X">toliko</wf>
         <wf lemma="snažan" pos="X">snažan</wf>
         <wf lemma="da" pos="X">da</wf>
         <wf lemma="je" pos="X">je</wf>
         <wf lemma="razlomio" pos="X">razlomio</wf>
         <instance id="d000.s5671.t000" lemma="stup" pos="NOUN">stup</instance>
         <wf lemma="napola" pos="X">napola</wf>
         <wf lemma="." pos="X">.</wf>
      </sentence>
      <sentence id="d000.s5672" source="wordnet-croatian">
         <instance id="d000.s5672.t000" lemma="smještaj" pos="NOUN">Smještaj</instance>
         <wf lemma="kuće" pos="X">kuće</wf>
         <wf lemma="usred" pos="X">usred</wf>
         <wf lemma="šume" pos="X">šume</wf>
         <wf lemma="za" pos="X">za</wf>
         <wf lemma="nju" pos="X">nju</wf>
         <wf lemma="je" pos="X">je</wf>
         <wf lemma="idealan" pos="X">idealan</wf>
         <wf lemma="." pos="X">.</wf>
      </sentence>
      <sentence id="d000.s5673" source="wordnet-croatian">
         <wf lemma="Ovdje" pos="X">Ovdje</wf>
         <wf lemma="imam" pos="X">imam</wf>
         <wf lemma="jako" pos="X">jako</wf>
         <instance id="d000.s5673.t000" lemma="slab" pos="ADJ">slab</instance>
         <wf lemma="signal" pos="X">signal</wf>
         <wf lemma="." pos="X">.</wf>
      </sentence>
      <sentence id="d000.s5674" source="wordnet-croatian">
         <wf lemma="Automobilske" pos="X">Automobilske</wf>
         <wf lemma="su" pos="X">su</wf>
         <instance id="d000.s5674.t000" lemma="guma" pos="NOUN">gume</instance>
         <wf lemma="obično" pos="X">obično</wf>
         <wf lemma="napravljene" pos="X">napravljene</wf>
         <wf lemma="od" pos="X">od</wf>
         <wf lemma="kaučula" pos="X">kaučula</wf>
         <wf lemma="i" pos="X">i</wf>
         <wf lemma="ispunjene" pos="X">ispunjene</wf>
         <wf lemma="komprimiranim" pos="X">komprimiranim</wf>
         <wf lemma="zrakom" pos="X">zrakom</wf>
         <wf lemma="." pos="X">.</wf>
      </sentence>
      <sentence id="d000.s5675" source="wordnet-croatian">
         <instance id="d000.s5675.t000" lemma="mjed" pos="NOUN">Mjed</instance>
         <wf lemma="je" pos="X">je</wf>
         <wf lemma="dosta" pos="X">dosta</wf>
         <wf lemma="neotporan" pos="X">neotporan</wf>
         <wf lemma="na" pos="X">na</wf>
         <wf lemma="kiseline" pos="X">kiseline</wf>
         <wf lemma="i" pos="X">i</wf>
         <wf lemma="lužine" pos="X">lužine</wf>
         <wf lemma="." pos="X">.</wf>
      </sentence>
      <sentence id="d000.s5676" source="wordnet-croatian">
         <wf lemma="Za" pos="X">Za</wf>
         <wf lemma="izračunavanje" pos="X">izračunavanje</wf>
         <instance id="d000.s5676.t000" lemma="visina" pos="NOUN">visine</instance>
         <wf lemma="najbitnije" pos="X">najbitnije</wf>
         <wf lemma="je" pos="X">je</wf>
         <wf lemma="odrediti" pos="X">odrediti</wf>
         <wf lemma="točku" pos="X">točku</wf>
         <wf lemma="u" pos="X">u</wf>
         <wf lemma="odnosu" pos="X">odnosu</wf>
         <wf lemma="na" pos="X">na</wf>
         <wf lemma="koju" pos="X">koju</wf>
         <wf lemma="se" pos="X">se</wf>
         <wf lemma="mjeri" pos="X">mjeri</wf>
         <wf lemma="." pos="X">.</wf>
      </sentence>
      <sentence id="d000.s5677" source="wordnet-croatian">
         <wf lemma="Tjesteninu" pos="X">Tjesteninu</wf>
         <wf lemma="uvijek" pos="X">uvijek</wf>
         <wf lemma="jedem" pos="X">jedem</wf>
         <wf lemma="s" pos="X">s</wf>
         <instance id="d000.s5677.t000" lemma="parmezan" pos="NOUN">parmezanom</instance>
         <wf lemma="." pos="X">.</wf>
      </sentence>
      <sentence id="d000.s5678" source="wordnet-croatian">
         <wf lemma="Gledao" pos="X">Gledao</wf>
         <wf lemma="je" pos="X">je</wf>
         <wf lemma="u" pos="X">u</wf>
         <wf lemma="drugom" pos="X">drugom</wf>
         <instance id="d000.s5678.t000" lemma="smjer" pos="NOUN">smjeru</instance>
         <wf lemma="." pos="X">.</wf>
      </sentence>
      <sentence id="d000.s5679" source="wordnet-croatian">
         <wf lemma="Na" pos="X">Na</wf>
         <wf lemma="izgled" pos="X">izgled</wf>
         <wf lemma="smo" pos="X">smo</wf>
         <wf lemma="ponijeli" pos="X">ponijeli</wf>
         <instance id="d000.s5679.t000" lemma="dvogled" pos="NOUN">dvogled</instance>
         <wf lemma="kako" pos="X">kako</wf>
         <wf lemma="bismo" pos="X">bismo</wf>
         <wf lemma="mogli" pos="X">mogli</wf>
         <wf lemma="promatrati" pos="X">promatrati</wf>
         <wf lemma="ptice" pos="X">ptice</wf>
         <wf lemma="." pos="X">.</wf>
      </sentence>
      <sentence id="d000.s5680" source="wordnet-croatian">
         <wf lemma="Dirnulo" pos="X">Dirnulo</wf>
         <wf lemma="ga" pos="X">ga</wf>
         <wf lemma="je" pos="X">je</wf>
         <wf lemma="kad" pos="X">kad</wf>
         <wf lemma="mu" pos="X">mu</wf>
         <wf lemma="je" pos="X">je</wf>
         <wf lemma="kralj" pos="X">kralj</wf>
         <wf lemma="poklonio" pos="X">poklonio</wf>
         <wf lemma="svoj" pos="X">svoj</wf>
         <instance id="d000.s5680.t000" lemma="mač" pos="NOUN">mač</instance>
         <wf lemma="." pos="X">.</wf>
      </sentence>
      <sentence id="d000.s5681" source="wordnet-croatian">
         <instance id="d000.s5681.t000" lemma="oštar" pos="ADJ">Oštar</instance>
         <wf lemma="i" pos="X">i</wf>
         <wf lemma="intenzivan" pos="X">intenzivan</wf>
         <wf lemma="svrab" pos="X">svrab</wf>
         <wf lemma="uhvatio" pos="X">uhvatio</wf>
         <wf lemma="me" pos="X">me</wf>
         <wf lemma="je" pos="X">je</wf>
         <wf lemma="nakon" pos="X">nakon</wf>
         <wf lemma="povratka" pos="X">povratka</wf>
         <wf lemma="iz" pos="X">iz</wf>
         <wf lemma="zoološkog" pos="X">zoološkog</wf>
         <wf lemma="vrta" pos="X">vrta</wf>
         <wf lemma="." pos="X">.</wf>
      </sentence>
      <sentence id="d000.s5682" source="wordnet-croatian">
         <instance id="d000.s5682.t000" lemma="neobrazovanost" pos="NOUN">Neobrazovanost</instance>
         <wf lemma="ljudi" pos="X">ljudi</wf>
         <wf lemma="na" pos="X">na</wf>
         <wf lemma="visokim" pos="X">visokim</wf>
         <wf lemma="funkcijama" pos="X">funkcijama</wf>
         <wf lemma="može" pos="X">može</wf>
         <wf lemma="biti" pos="X">biti</wf>
         <wf lemma="velik" pos="X">velik</wf>
         <wf lemma="problem" pos="X">problem</wf>
         <wf lemma="." pos="X">.</wf>
      </sentence>
      <sentence id="d000.s5683" source="wordnet-croatian">
         <wf lemma="Miris" pos="X">Miris</wf>
         <instance id="d000.s5683.t000" lemma="cimet" pos="NOUN">cimeta</instance>
         <wf lemma="podsjeća" pos="X">podsjeća</wf>
         <wf lemma="me" pos="X">me</wf>
         <wf lemma="na" pos="X">na</wf>
         <wf lemma="božićne" pos="X">božićne</wf>
         <wf lemma="kolačiće" pos="X">kolačiće</wf>
         <wf lemma="." pos="X">.</wf>
      </sentence>
      <sentence id="d000.s5684" source="wordnet-croatian">
         <wf lemma="Ta" pos="X">Ta</wf>
         <instance id="d000.s5684.t000" lemma="emisija" pos="NOUN">emisija</instance>
         <wf lemma="je" pos="X">je</wf>
         <wf lemma="doista" pos="X">doista</wf>
         <wf lemma="nešto" pos="X">nešto</wf>
         <wf lemma="novo" pos="X">novo</wf>
         <wf lemma="u" pos="X">u</wf>
         <wf lemma="televizijskoj" pos="X">televizijskoj</wf>
         <wf lemma="produkciji" pos="X">produkciji</wf>
         <wf lemma="." pos="X">.</wf>
      </sentence>
      <sentence id="d000.s5685" source="wordnet-croatian">
         <instance id="d000.s5685.t000" lemma="nos" pos="NOUN">Nos</instance>
         <wf lemma="mi" pos="X">mi</wf>
         <wf lemma="je" pos="X">je</wf>
         <wf lemma="cijeli" pos="X">cijeli</wf>
         <wf lemma="dan" pos="X">dan</wf>
         <wf lemma="bio" pos="X">bio</wf>
         <wf lemma="začepljen" pos="X">začepljen</wf>
         <wf lemma="." pos="X">.</wf>
      </sentence>
      <sentence id="d000.s5686" source="wordnet-croatian">
         <wf lemma="Njegov" pos="X">Njegov</wf>
         <wf lemma="dolazak" pos="X">dolazak</wf>
         <wf lemma="na" pos="X">na</wf>
         <wf lemma="večeru" pos="X">večeru</wf>
         <wf lemma="u" pos="X">u</wf>
         <wf lemma="kabanici" pos="X">kabanici</wf>
         <wf lemma="jasan" pos="X">jasan</wf>
         <wf lemma="je" pos="X">je</wf>
         <instance id="d000.s5686.t000" lemma="znak" pos="NOUN">znak</instance>
         <wf lemma="nepoštivanja" pos="X">nepoštivanja</wf>
         <wf lemma="prisutnih" pos="X">prisutnih</wf>
         <wf lemma="." pos="X">.</wf>
      </sentence>
      <sentence id="d000.s5687" source="wordnet-croatian">
         <wf lemma="Nikada" pos="X">Nikada</wf>
         <wf lemma="ne" pos="X">ne</wf>
         <wf lemma="smiješ" pos="X">smiješ</wf>
         <wf lemma="dopustiti" pos="X">dopustiti</wf>
         <wf lemma="da" pos="X">da</wf>
         <wf lemma="te" pos="X">te</wf>
         <wf lemma="obuzme" pos="X">obuzme</wf>
         <instance id="d000.s5687.t000" lemma="malodušnost" pos="NOUN">malodušnost</instance>
         <wf lemma="," pos="X">,</wf>
         <wf lemma="za" pos="X">za</wf>
         <wf lemma="sve" pos="X">sve</wf>
         <wf lemma="postoji" pos="X">postoji</wf>
         <wf lemma="rješenje" pos="X">rješenje</wf>
         <wf lemma="." pos="X">.</wf>
      </sentence>
      <sentence id="d000.s5688" source="wordnet-croatian">
         <wf lemma="Kako" pos="X">Kako</wf>
         <wf lemma="mogu" pos="X">mogu</wf>
         <wf lemma="saznati" pos="X">saznati</wf>
         <wf lemma="jesam" pos="X">jesam</wf>
         <wf lemma="li" pos="X">li</wf>
         <wf lemma="alergična" pos="X">alergična</wf>
         <wf lemma="na" pos="X">na</wf>
         <instance id="d000.s5688.t000" lemma="ergonovin" pos="NOUN">ergonovin</instance>
         <wf lemma="?" pos="X">?</wf>
      </sentence>
      <sentence id="d000.s5689" source="wordnet-croatian">
         <wf lemma="Često" pos="X">Često</wf>
         <wf lemma="su" pos="X">su</wf>
         <wf lemma="se" pos="X">se</wf>
         <wf lemma="prepirali" pos="X">prepirali</wf>
         <wf lemma="oko" pos="X">oko</wf>
         <wf lemma="političkih" pos="X">političkih</wf>
         <instance id="d000.s5689.t000" lemma="uvjerenje" pos="NOUN">uvjerenja</instance>
         <wf lemma="." pos="X">.</wf>
      </sentence>
      <sentence id="d000.s5690" source="wordnet-croatian">
         <wf lemma="Kao" pos="X">Kao</wf>
         <wf lemma="prilog" pos="X">prilog</wf>
         <wf lemma="jelu" pos="X">jelu</wf>
         <wf lemma="poslužila" pos="X">poslužila</wf>
         <wf lemma="je" pos="X">je</wf>
         <wf lemma="kuhani" pos="X">kuhani</wf>
         <instance id="d000.s5690.t000" lemma="koromač" pos="NOUN">koromač</instance>
         <wf lemma="." pos="X">.</wf>
      </sentence>
      <sentence id="d000.s5691" source="wordnet-croatian">
         <instance id="d000.s5691.t000" lemma="nabor" pos="NOUN">Nabori</instance>
         <wf lemma="na" pos="X">na</wf>
         <wf lemma="Zemljinoj" pos="X">Zemljinoj</wf>
         <wf lemma="kori" pos="X">kori</wf>
         <wf lemma="svjedoče" pos="X">svjedoče</wf>
         <wf lemma="o" pos="X">o</wf>
         <wf lemma="sudaranju" pos="X">sudaranju</wf>
         <wf lemma="tektonskih" pos="X">tektonskih</wf>
         <wf lemma="ploča" pos="X">ploča</wf>
         <wf lemma="." pos="X">.</wf>
      </sentence>
      <sentence id="d000.s5692" source="wordnet-croatian">
         <wf lemma="Iran" pos="X">Iran</wf>
         <wf lemma="je" pos="X">je</wf>
         <wf lemma="počeo" pos="X">počeo</wf>
         <wf lemma="s" pos="X">s</wf>
         <wf lemma="desetodnevnom" pos="X">desetodnevnom</wf>
         <instance id="d000.s5692.t000" lemma="manifestacija" pos="NOUN">manifestacijom</instance>
         <wf lemma="sile" pos="X">sile</wf>
         <wf lemma="." pos="X">.</wf>
      </sentence>
      <sentence id="d000.s5693" source="wordnet-croatian">
         <instance id="d000.s5693.t000" lemma="proširenje" pos="NOUN">Proširenje</instance>
         <wf lemma="vikendice" pos="X">vikendice</wf>
         <wf lemma="treba" pos="X">treba</wf>
         <wf lemma="potvrditi" pos="X">potvrditi</wf>
         <wf lemma="kod" pos="X">kod</wf>
         <wf lemma="gradske" pos="X">gradske</wf>
         <wf lemma="uprave" pos="X">uprave</wf>
         <wf lemma="." pos="X">.</wf>
      </sentence>
      <sentence id="d000.s5694" source="wordnet-croatian">
         <instance id="d000.s5694.t000" lemma="remen" pos="NOUN">Remen</instance>
         <wf lemma="za" pos="X">za</wf>
         <wf lemma="sat" pos="X">sat</wf>
         <wf lemma="bio" pos="X">bio</wf>
         <wf lemma="je" pos="X">je</wf>
         <wf lemma="prevelik" pos="X">prevelik</wf>
         <wf lemma="za" pos="X">za</wf>
         <wf lemma="njezinu" pos="X">njezinu</wf>
         <wf lemma="ruku" pos="X">ruku</wf>
         <wf lemma="." pos="X">.</wf>
      </sentence>
      <sentence id="d000.s5695" source="wordnet-croatian">
         <wf lemma="Iako" pos="X">Iako</wf>
         <wf lemma="je" pos="X">je</wf>
         <wf lemma="bio" pos="X">bio</wf>
         <wf lemma="star" pos="X">star</wf>
         <wf lemma="," pos="X">,</wf>
         <wf lemma="bio" pos="X">bio</wf>
         <wf lemma="je" pos="X">je</wf>
         <instance id="d000.s5695.t000" lemma="pokretan" pos="ADJ">pokretan</instance>
         <wf lemma="." pos="X">.</wf>
      </sentence>
      <sentence id="d000.s5696" source="wordnet-croatian">
         <wf lemma="Mnoge" pos="X">Mnoge</wf>
         <wf lemma="se" pos="X">se</wf>
         <wf lemma="bolesti" pos="X">bolesti</wf>
         <instance id="d000.s5696.t000" lemma="liječiti" pos="VERB">liječe</instance>
         <wf lemma="antibioticima" pos="X">antibioticima</wf>
         <wf lemma="." pos="X">.</wf>
      </sentence>
      <sentence id="d000.s5697" source="wordnet-croatian">
         <wf lemma="Nedavno" pos="X">Nedavno</wf>
         <wf lemma="sam" pos="X">sam</wf>
         <instance id="d000.s5697.t000" lemma="promijeniti" pos="VERB">promijenio</instance>
         <wf lemma="dermatovenerologa" pos="X">dermatovenerologa</wf>
         <wf lemma="i" pos="X">i</wf>
         <wf lemma="vrlo" pos="X">vrlo</wf>
         <wf lemma="sam" pos="X">sam</wf>
         <wf lemma="zadovoljan" pos="X">zadovoljan</wf>
         <wf lemma="novime" pos="X">novime</wf>
         <wf lemma="." pos="X">.</wf>
      </sentence>
      <sentence id="d000.s5698" source="wordnet-croatian">
         <wf lemma="U" pos="X">U</wf>
         <instance id="d000.s5698.t000" lemma="skrovište" pos="NOUN">skrovištu</instance>
         <wf lemma="je" pos="X">je</wf>
         <wf lemma="pronađeno" pos="X">pronađeno</wf>
         <wf lemma="100" pos="X">100</wf>
         <wf lemma="kg" pos="X">kg</wf>
         <wf lemma="kokaina" pos="X">kokaina</wf>
         <wf lemma="." pos="X">.</wf>
      </sentence>
      <sentence id="d000.s5699" source="wordnet-croatian">
         <wf lemma="Zanimanje" pos="X">Zanimanje</wf>
         <instance id="d000.s5699.t000" lemma="menadžer" pos="NOUN">menadžera</instance>
         <wf lemma="danas" pos="X">danas</wf>
         <wf lemma="ima" pos="X">ima</wf>
         <wf lemma="veliki" pos="X">veliki</wf>
         <wf lemma="ugled" pos="X">ugled</wf>
         <wf lemma="." pos="X">.</wf>
      </sentence>
      <sentence id="d000.s5700" source="wordnet-croatian">
         <wf lemma="Kada" pos="X">Kada</wf>
         <wf lemma="je" pos="X">je</wf>
         <wf lemma="vruće" pos="X">vruće</wf>
         <wf lemma="uvijek" pos="X">uvijek</wf>
         <instance id="d000.s5700.t000" lemma="otkopčati" pos="VERB">otkopčam</instance>
         <wf lemma="gornje" pos="X">gornje</wf>
         <wf lemma="dugme" pos="X">dugme</wf>
         <wf lemma="na" pos="X">na</wf>
         <wf lemma="košulji" pos="X">košulji</wf>
         <wf lemma="." pos="X">.</wf>
      </sentence>
      <sentence id="d000.s5701" source="wordnet-croatian">
         <wf lemma="Ovaj" pos="X">Ovaj</wf>
         <wf lemma="metak" pos="X">metak</wf>
         <wf lemma="ima" pos="X">ima</wf>
         <wf lemma="eksplozivni" pos="X">eksplozivni</wf>
         <instance id="d000.s5701.t000" lemma="naboj" pos="NOUN">naboj</instance>
         <wf lemma="od" pos="X">od</wf>
         <wf lemma="50" pos="X">50</wf>
         <wf lemma="grama" pos="X">grama</wf>
         <wf lemma="." pos="X">.</wf>
      </sentence>
      <sentence id="d000.s5702" source="wordnet-croatian">
         <wf lemma="Na" pos="X">Na</wf>
         <wf lemma="koji" pos="X">koji</wf>
         <wf lemma="način" pos="X">način</wf>
         <wf lemma="bi" pos="X">bi</wf>
         <wf lemma="trebalo" pos="X">trebalo</wf>
         <instance id="d000.s5702.t000" lemma="kategorizirati" pos="VERB">kategorizirati</instance>
         <wf lemma="te" pos="X">te</wf>
         <wf lemma="arheološke" pos="X">arheološke</wf>
         <wf lemma="nalaze" pos="X">nalaze</wf>
         <wf lemma="-" pos="X">-</wf>
         <wf lemma="jesu" pos="X">jesu</wf>
         <wf lemma="li" pos="X">li</wf>
         <wf lemma="iz" pos="X">iz</wf>
         <wf lemma="neolitika" pos="X">neolitika</wf>
         <wf lemma="?" pos="X">?</wf>
      </sentence>
      <sentence id="d000.s5703" source="wordnet-croatian">
         <wf lemma="U" pos="X">U</wf>
         <wf lemma="toj" pos="X">toj</wf>
         <wf lemma="je" pos="X">je</wf>
         <wf lemma="pjesmi" pos="X">pjesmi</wf>
         <instance id="d000.s5703.t000" lemma="uobličiti" pos="VERB">uobličila</instance>
         <wf lemma="svoje" pos="X">svoje</wf>
         <wf lemma="misli" pos="X">misli</wf>
         <wf lemma="na" pos="X">na</wf>
         <wf lemma="posebno" pos="X">posebno</wf>
         <wf lemma="impresivan" pos="X">impresivan</wf>
         <wf lemma="način" pos="X">način</wf>
         <wf lemma="." pos="X">.</wf>
      </sentence>
      <sentence id="d000.s5704" source="wordnet-croatian">
         <instance id="d000.s5704.t000" lemma="egzistencija" pos="NOUN">Egzistencija</instance>
         <wf lemma="mnogih" pos="X">mnogih</wf>
         <wf lemma="biljnih" pos="X">biljnih</wf>
         <wf lemma="i" pos="X">i</wf>
         <wf lemma="životinjskih" pos="X">životinjskih</wf>
         <wf lemma="vrsta" pos="X">vrsta</wf>
         <wf lemma="je" pos="X">je</wf>
         <wf lemma="ugrožena" pos="X">ugrožena</wf>
         <wf lemma="ljudskim" pos="X">ljudskim</wf>
         <wf lemma="djelovanjem" pos="X">djelovanjem</wf>
         <wf lemma="." pos="X">.</wf>
      </sentence>
      <sentence id="d000.s5705" source="wordnet-croatian">
         <wf lemma="Tek" pos="X">Tek</wf>
         <wf lemma="mu" pos="X">mu</wf>
         <wf lemma="je" pos="X">je</wf>
         <wf lemma="stručno" pos="X">stručno</wf>
         <instance id="d000.s5705.t000" lemma="razjašnjenje" pos="NOUN">razjašnjenje</instance>
         <wf lemma="problema" pos="X">problema</wf>
         <wf lemma="pojasnilo" pos="X">pojasnilo</wf>
         <wf lemma="o" pos="X">o</wf>
         <wf lemma="čemu" pos="X">čemu</wf>
         <wf lemma="se" pos="X">se</wf>
         <wf lemma="radi" pos="X">radi</wf>
         <wf lemma="." pos="X">.</wf>
      </sentence>
      <sentence id="d000.s5706" source="wordnet-croatian">
         <wf lemma="Moj" pos="X">Moj</wf>
         <wf lemma="je" pos="X">je</wf>
         <wf lemma="jedini" pos="X">jedini</wf>
         <instance id="d000.s5706.t000" lemma="zahtjev" pos="NOUN">zahtjev</instance>
         <wf lemma="bio" pos="X">bio</wf>
         <wf lemma="da" pos="X">da</wf>
         <wf lemma="me" pos="X">me</wf>
         <wf lemma="saslušaš" pos="X">saslušaš</wf>
         <wf lemma="prije" pos="X">prije</wf>
         <wf lemma="negoli" pos="X">negoli</wf>
         <wf lemma="odeš" pos="X">odeš</wf>
         <wf lemma="." pos="X">.</wf>
      </sentence>
      <sentence id="d000.s5707" source="wordnet-croatian">
         <instance id="d000.s5707.t000" lemma="izvršiti" pos="VERB">Izvršila</instance>
         <wf lemma="sam" pos="X">sam</wf>
         <wf lemma="sve" pos="X">sve</wf>
         <wf lemma="svoje" pos="X">svoje</wf>
         <wf lemma="zadatke" pos="X">zadatke</wf>
         <wf lemma="za" pos="X">za</wf>
         <wf lemma="danas" pos="X">danas</wf>
         <wf lemma="." pos="X">.</wf>
      </sentence>
      <sentence id="d000.s5708" source="wordnet-croatian">
         <wf lemma="Ante" pos="X">Ante</wf>
         <wf lemma="Čupić" pos="X">Čupić</wf>
         <wf lemma="bit" pos="X">bit</wf>
         <wf lemma="će" pos="X">će</wf>
         <instance id="d000.s5708.t000" lemma="presuditelj" pos="NOUN">presuditelj</instance>
         <wf lemma="na" pos="X">na</wf>
         <wf lemma="današnjoj" pos="X">današnjoj</wf>
         <wf lemma="regati" pos="X">regati</wf>
         <wf lemma="." pos="X">.</wf>
      </sentence>
      <sentence id="d000.s5709" source="wordnet-croatian">
         <wf lemma="Krugovi" pos="X">Krugovi</wf>
         <wf lemma="su" pos="X">su</wf>
         <wf lemma="baze" pos="X">baze</wf>
         <instance id="d000.s5709.t000" lemma="valjak" pos="NOUN">valjka</instance>
         <wf lemma="." pos="X">.</wf>
      </sentence>
      <sentence id="d000.s5710" source="wordnet-croatian">
         <wf lemma="Moja" pos="X">Moja</wf>
         <wf lemma="se" pos="X">se</wf>
         <wf lemma="najdraža" pos="X">najdraža</wf>
         <wf lemma="serija" pos="X">serija</wf>
         <wf lemma="počela" pos="X">počela</wf>
         <wf lemma="prikazivati" pos="X">prikazivati</wf>
         <wf lemma="u" pos="X">u</wf>
         <wf lemma="novome" pos="X">novome</wf>
         <instance id="d000.s5710.t000" lemma="termin" pos="NOUN">terminu</instance>
         <wf lemma="." pos="X">.</wf>
      </sentence>
      <sentence id="d000.s5711" source="wordnet-croatian">
         <wf lemma="Njezin" pos="X">Njezin</wf>
         <wf lemma="znanstveni" pos="X">znanstveni</wf>
         <instance id="d000.s5711.t000" lemma="rad" pos="NOUN">rad</instance>
         <wf lemma="bio" pos="X">bio</wf>
         <wf lemma="je" pos="X">je</wf>
         <wf lemma="zamijećen" pos="X">zamijećen</wf>
         <wf lemma="i" pos="X">i</wf>
         <wf lemma="izvan" pos="X">izvan</wf>
         <wf lemma="granica" pos="X">granica</wf>
         <wf lemma="domovine" pos="X">domovine</wf>
         <wf lemma="." pos="X">.</wf>
      </sentence>
      <sentence id="d000.s5712" source="wordnet-croatian">
         <wf lemma="Svaki" pos="X">Svaki</wf>
         <instance id="d000.s5712.t000" lemma="pisac" pos="NOUN">pisac</instance>
         <wf lemma="ima" pos="X">ima</wf>
         <wf lemma="svoj" pos="X">svoj</wf>
         <wf lemma="stil" pos="X">stil</wf>
         <wf lemma="." pos="X">.</wf>
      </sentence>
      <sentence id="d000.s5713" source="wordnet-croatian">
         <wf lemma="Iako" pos="X">Iako</wf>
         <wf lemma="su" pos="X">su</wf>
         <wf lemma="gorjela" pos="X">gorjela</wf>
         <instance id="d000.s5713.t000" lemma="svjetlo" pos="NOUN">svjetla</instance>
         <wf lemma="," pos="X">,</wf>
         <wf lemma="nikoga" pos="X">nikoga</wf>
         <wf lemma="nije" pos="X">nije</wf>
         <wf lemma="bilo" pos="X">bilo</wf>
         <wf lemma="u" pos="X">u</wf>
         <wf lemma="kući" pos="X">kući</wf>
         <wf lemma="." pos="X">.</wf>
      </sentence>
      <sentence id="d000.s5714" source="wordnet-croatian">
         <wf lemma="Rođen" pos="X">Rođen</wf>
         <wf lemma="sam" pos="X">sam</wf>
         <wf lemma="u" pos="X">u</wf>
         <wf lemma="devetom" pos="X">devetom</wf>
         <instance id="d000.s5714.t000" lemma="mjesec" pos="NOUN">mjesecu</instance>
         <wf lemma="." pos="X">.</wf>
      </sentence>
      <sentence id="d000.s5715" source="wordnet-croatian">
         <wf lemma="Marija" pos="X">Marija</wf>
         <wf lemma="je" pos="X">je</wf>
         <instance id="d000.s5715.t000" lemma="iskusiti" pos="VERB">iskusila</instance>
         <wf lemma="što" pos="X">što</wf>
         <wf lemma="znači" pos="X">znači</wf>
         <wf lemma="pasti" pos="X">pasti</wf>
         <wf lemma="u" pos="X">u</wf>
         <wf lemma="nesvijest" pos="X">nesvijest</wf>
         <wf lemma="." pos="X">.</wf>
      </sentence>
      <sentence id="d000.s5716" source="wordnet-croatian">
         <wf lemma="Nije" pos="X">Nije</wf>
         <wf lemma="ni" pos="X">ni</wf>
         <wf lemma="čudo" pos="X">čudo</wf>
         <wf lemma="da" pos="X">da</wf>
         <wf lemma="tetura" pos="X">tetura</wf>
         <wf lemma="kad" pos="X">kad</wf>
         <wf lemma="je" pos="X">je</wf>
         <wf lemma="popio" pos="X">popio</wf>
         <instance id="d000.s5716.t000" lemma="boca" pos="NOUN">bocu</instance>
         <wf lemma="rakije" pos="X">rakije</wf>
         <wf lemma="." pos="X">.</wf>
      </sentence>
      <sentence id="d000.s5717" source="wordnet-croatian">
         <wf lemma="Smatrao" pos="X">Smatrao</wf>
         <wf lemma="je" pos="X">je</wf>
         <wf lemma="da" pos="X">da</wf>
         <wf lemma="je" pos="X">je</wf>
         <wf lemma="moderna" pos="X">moderna</wf>
         <wf lemma="glazba" pos="X">glazba</wf>
         <wf lemma="obična" pos="X">obična</wf>
         <instance id="d000.s5717.t000" lemma="buka" pos="NOUN">buka</instance>
         <wf lemma="." pos="X">.</wf>
      </sentence>
      <sentence id="d000.s5718" source="wordnet-croatian">
         <wf lemma="Proveo" pos="X">Proveo</wf>
         <wf lemma="je" pos="X">je</wf>
         <wf lemma="cijelu" pos="X">cijelu</wf>
         <instance id="d000.s5718.t000" lemma="večer" pos="NOUN">večer</instance>
         <wf lemma="igrajući" pos="X">igrajući</wf>
         <wf lemma="se" pos="X">se</wf>
         <wf lemma="sa" pos="X">sa</wf>
         <wf lemma="svojom" pos="X">svojom</wf>
         <wf lemma="djecom" pos="X">djecom</wf>
         <wf lemma="." pos="X">.</wf>
      </sentence>
      <sentence id="d000.s5719" source="wordnet-croatian">
         <wf lemma="Problemi" pos="X">Problemi</wf>
         <wf lemma="na" pos="X">na</wf>
         <wf lemma="poslu" pos="X">poslu</wf>
         <wf lemma="njegova" pos="X">njegova</wf>
         <wf lemma="su" pos="X">su</wf>
         <wf lemma="najveća" pos="X">najveća</wf>
         <instance id="d000.s5719.t000" lemma="briga" pos="NOUN">briga</instance>
         <wf lemma="." pos="X">.</wf>
      </sentence>
      <sentence id="d000.s5720" source="wordnet-croatian">
         <instance id="d000.s5720.t000" lemma="napuniti" pos="VERB">Napunio</instance>
         <wf lemma="je" pos="X">je</wf>
         <wf lemma="kadu" pos="X">kadu</wf>
         <wf lemma="vodom" pos="X">vodom</wf>
         <wf lemma="." pos="X">.</wf>
      </sentence>
      <sentence id="d000.s5721" source="wordnet-croatian">
         <wf lemma="Privremeni" pos="X">Privremeni</wf>
         <instance id="d000.s5721.t000" lemma="upravitelj" pos="NOUN">upravitelj</instance>
         <wf lemma="banke" pos="X">banke</wf>
         <wf lemma="predložio" pos="X">predložio</wf>
         <wf lemma="je" pos="X">je</wf>
         <wf lemma="drastične" pos="X">drastične</wf>
         <wf lemma="mjere" pos="X">mjere</wf>
         <wf lemma="za" pos="X">za</wf>
         <wf lemma="njenu" pos="X">njenu</wf>
         <wf lemma="sanaciju" pos="X">sanaciju</wf>
         <wf lemma="." pos="X">.</wf>
      </sentence>
      <sentence id="d000.s5722" source="wordnet-croatian">
         <wf lemma="Pravokutnik" pos="X">Pravokutnik</wf>
         <wf lemma="i" pos="X">i</wf>
         <wf lemma="kvadrat" pos="X">kvadrat</wf>
         <wf lemma="pripadaju" pos="X">pripadaju</wf>
         <wf lemma="dvodimenzionalnim" pos="X">dvodimenzionalnim</wf>
         <instance id="d000.s5722.t000" lemma="lik" pos="NOUN">likovima</instance>
         <wf lemma="." pos="X">.</wf>
      </sentence>
      <sentence id="d000.s5723" source="wordnet-croatian">
         <wf lemma="Hrabro" pos="X">Hrabro</wf>
         <wf lemma="je" pos="X">je</wf>
         <wf lemma="stao" pos="X">stao</wf>
         <wf lemma="među" pos="X">među</wf>
         <instance id="d000.s5723.t000" lemma="vratnica" pos="NOUN">vratnice</instance>
         <wf lemma="i" pos="X">i</wf>
         <wf lemma="čekao" pos="X">čekao</wf>
         <wf lemma="udarac" pos="X">udarac</wf>
         <wf lemma="." pos="X">.</wf>
      </sentence>
      <sentence id="d000.s5724" source="wordnet-croatian">
         <wf lemma="Kupio" pos="X">Kupio</wf>
         <wf lemma="je" pos="X">je</wf>
         <wf lemma="glasne" pos="X">glasne</wf>
         <wf lemma="zvučnike" pos="X">zvučnike</wf>
         <wf lemma="iz" pos="X">iz</wf>
         <wf lemma="čistoga" pos="X">čistoga</wf>
         <instance id="d000.s5724.t000" lemma="prkos" pos="NOUN">prkosa</instance>
         <wf lemma="." pos="X">.</wf>
      </sentence>
      <sentence id="d000.s5725" source="wordnet-croatian">
         <instance id="d000.s5725.t000" lemma="rast" pos="NOUN">Rast</instance>
         <wf lemma="proizvodnje" pos="X">proizvodnje</wf>
         <wf lemma="banana" pos="X">banana</wf>
         <wf lemma="uslijedit" pos="X">uslijedit</wf>
         <wf lemma="će" pos="X">će</wf>
         <wf lemma="sljedeće" pos="X">sljedeće</wf>
         <wf lemma="godine" pos="X">godine</wf>
         <wf lemma="." pos="X">.</wf>
      </sentence>
      <sentence id="d000.s5726" source="wordnet-croatian">
         <instance id="d000.s5726.t000" lemma="postolje" pos="NOUN">Postolje</instance>
         <wf lemma="za" pos="X">za</wf>
         <wf lemma="laptop" pos="X">laptop</wf>
         <wf lemma="sprečava" pos="X">sprečava</wf>
         <wf lemma="pregrijavanje" pos="X">pregrijavanje</wf>
         <wf lemma="." pos="X">.</wf>
      </sentence>
      <sentence id="d000.s5727" source="wordnet-croatian">
         <instance id="d000.s5727.t000" lemma="uređenje" pos="NOUN">Uređenje</instance>
         <wf lemma="knjiga" pos="X">knjiga</wf>
         <wf lemma="mukotrpan" pos="X">mukotrpan</wf>
         <wf lemma="je" pos="X">je</wf>
         <wf lemma="posao" pos="X">posao</wf>
         <wf lemma="." pos="X">.</wf>
      </sentence>
      <sentence id="d000.s5728" source="wordnet-croatian">
         <instance id="d000.s5728.t000" lemma="nestati" pos="VERB">Nestao</instance>
         <wf lemma="je" pos="X">je</wf>
         <wf lemma="bez" pos="X">bez</wf>
         <wf lemma="traga" pos="X">traga</wf>
         <wf lemma="i" pos="X">i</wf>
         <wf lemma="glasa" pos="X">glasa</wf>
         <wf lemma="." pos="X">.</wf>
      </sentence>
      <sentence id="d000.s5729" source="wordnet-croatian">
         <wf lemma="Policijski" pos="X">Policijski</wf>
         <wf lemma="inspektor" pos="X">inspektor</wf>
         <wf lemma="detaljno" pos="X">detaljno</wf>
         <wf lemma="je" pos="X">je</wf>
         <instance id="d000.s5729.t000" lemma="proučiti" pos="VERB">proučio</instance>
         <wf lemma="sve" pos="X">sve</wf>
         <wf lemma="dostupne" pos="X">dostupne</wf>
         <wf lemma="dokaze" pos="X">dokaze</wf>
         <wf lemma="." pos="X">.</wf>
      </sentence>
      <sentence id="d000.s5730" source="wordnet-croatian">
         <wf lemma="U" pos="X">U</wf>
         <wf lemma="upravi" pos="X">upravi</wf>
         <wf lemma="bolnice" pos="X">bolnice</wf>
         <wf lemma="rade" pos="X">rade</wf>
         <wf lemma="na" pos="X">na</wf>
         <wf lemma="nabavi" pos="X">nabavi</wf>
         <wf lemma="novog" pos="X">novog</wf>
         <instance id="d000.s5730.t000" lemma="fotokoagulator" pos="NOUN">fotokoagulatora</instance>
         <wf lemma="." pos="X">.</wf>
      </sentence>
      <sentence id="d000.s5731" source="wordnet-croatian">
         <wf lemma="Mirko" pos="X">Mirko</wf>
         <wf lemma="je" pos="X">je</wf>
         <instance id="d000.s5731.t000" lemma="zapeti" pos="VERB">zapeo</instance>
         <wf lemma="luk" pos="X">luk</wf>
         <wf lemma="." pos="X">.</wf>
      </sentence>
      <sentence id="d000.s5732" source="wordnet-croatian">
         <wf lemma="Istražni" pos="X">Istražni</wf>
         <wf lemma="je" pos="X">je</wf>
         <wf lemma="sudac" pos="X">sudac</wf>
         <wf lemma="je" pos="X">je</wf>
         <instance id="d000.s5732.t000" lemma="dati" pos="VERB">dao</instance>
         <wf lemma="predmet" pos="X">predmet</wf>
         <wf lemma="u" pos="X">u</wf>
         <wf lemma="dajnji" pos="X">dajnji</wf>
         <wf lemma="postupak" pos="X">postupak</wf>
         <wf lemma="." pos="X">.</wf>
      </sentence>
      <sentence id="d000.s5733" source="wordnet-croatian">
         <instance id="d000.s5733.t000" lemma="rektor" pos="NOUN">Rektor</instance>
         <wf lemma="Sveučilišta" pos="X">Sveučilišta</wf>
         <wf lemma="u" pos="X">u</wf>
         <wf lemma="Zagrebu" pos="X">Zagrebu</wf>
         <wf lemma="promovirao" pos="X">promovirao</wf>
         <wf lemma="je" pos="X">je</wf>
         <wf lemma="234" pos="X">234</wf>
         <wf lemma="nova" pos="X">nova</wf>
         <wf lemma="doktora" pos="X">doktora</wf>
         <wf lemma="znanosti" pos="X">znanosti</wf>
         <wf lemma="." pos="X">.</wf>
      </sentence>
      <sentence id="d000.s5734" source="wordnet-croatian">
         <wf lemma="Portal" pos="X">Portal</wf>
         <wf lemma="nudi" pos="X">nudi</wf>
         <wf lemma="novosti" pos="X">novosti</wf>
         <wf lemma="iz" pos="X">iz</wf>
         <wf lemma="raznih" pos="X">raznih</wf>
         <wf lemma="područja" pos="X">područja</wf>
         <instance id="d000.s5734.t000" lemma="biologija" pos="NOUN">biologije</instance>
         <wf lemma="." pos="X">.</wf>
      </sentence>
      <sentence id="d000.s5735" source="wordnet-croatian">
         <wf lemma="Predsjednik" pos="X">Predsjednik</wf>
         <wf lemma="je" pos="X">je</wf>
         <wf lemma="postigao" pos="X">postigao</wf>
         <wf lemma="četiri" pos="X">četiri</wf>
         <wf lemma="gola" pos="X">gola</wf>
         <wf lemma="i" pos="X">i</wf>
         <wf lemma="time" pos="X">time</wf>
         <wf lemma="potvrdio" pos="X">potvrdio</wf>
         <instance id="d000.s5735.t000" lemma="obljubljenost" pos="NOUN">obljubljenost</instance>
         <wf lemma="među" pos="X">među</wf>
         <wf lemma="narodom" pos="X">narodom</wf>
         <wf lemma="." pos="X">.</wf>
      </sentence>
      <sentence id="d000.s5736" source="wordnet-croatian">
         <wf lemma="Uvijek" pos="X">Uvijek</wf>
         <wf lemma="bismo" pos="X">bismo</wf>
         <instance id="d000.s5736.t000" lemma="unajmiti" pos="VERB">unajmili</instance>
         <wf lemma="automobil" pos="X">automobil</wf>
         <wf lemma="kad" pos="X">kad</wf>
         <wf lemma="bismo" pos="X">bismo</wf>
         <wf lemma="došli" pos="X">došli</wf>
         <wf lemma="na" pos="X">na</wf>
         <wf lemma="odmor" pos="X">odmor</wf>
         <wf lemma="." pos="X">.</wf>
      </sentence>
      <sentence id="d000.s5737" source="wordnet-croatian">
         <wf lemma="Bio" pos="X">Bio</wf>
         <wf lemma="je" pos="X">je</wf>
         <wf lemma="žrtva" pos="X">žrtva</wf>
         <instance id="d000.s5737.t000" lemma="zloban" pos="ADJ">zlobnih</instance>
         <wf lemma="tračeva" pos="X">tračeva</wf>
         <wf lemma="." pos="X">.</wf>
      </sentence>
      <sentence id="d000.s5738" source="wordnet-croatian">
         <wf lemma="Ove" pos="X">Ove</wf>
         <wf lemma="su" pos="X">su</wf>
         <wf lemma="godine" pos="X">godine</wf>
         <wf lemma="Mati" pos="X">Mati</wf>
         <wf lemma="Miši" pos="X">Miši</wf>
         <wf lemma="Kovaču" pos="X">Kovaču</wf>
         <instance id="d000.s5738.t000" lemma="dodijeliti" pos="VERB">dodijelili</instance>
         <wf lemma="Porina" pos="X">Porina</wf>
         <wf lemma="za" pos="X">za</wf>
         <wf lemma="životno" pos="X">životno</wf>
         <wf lemma="djelo" pos="X">djelo</wf>
         <wf lemma="." pos="X">.</wf>
      </sentence>
      <sentence id="d000.s5739" source="wordnet-croatian">
         <instance id="d000.s5739.t000" lemma="dragi" pos="NOUN">Dragi</instance>
         <wf lemma="," pos="X">,</wf>
         <wf lemma="što" pos="X">što</wf>
         <wf lemma="hoćeš" pos="X">hoćeš</wf>
         <wf lemma="za" pos="X">za</wf>
         <wf lemma="večeru" pos="X">večeru</wf>
         <wf lemma="?" pos="X">?</wf>
      </sentence>
      <sentence id="d000.s5740" source="wordnet-croatian">
         <wf lemma="Njegova" pos="X">Njegova</wf>
         <wf lemma="kasnija" pos="X">kasnija</wf>
         <wf lemma="djela" pos="X">djela</wf>
         <wf lemma="nikad" pos="X">nikad</wf>
         <wf lemma="nisu" pos="X">nisu</wf>
         <instance id="d000.s5740.t000" lemma="doseći" pos="VERB">dosegla</instance>
         <wf lemma="prijeratnu" pos="X">prijeratnu</wf>
         <wf lemma="razinu" pos="X">razinu</wf>
         <wf lemma="." pos="X">.</wf>
      </sentence>
      <sentence id="d000.s5741" source="wordnet-croatian">
         <wf lemma="Svi" pos="X">Svi</wf>
         <wf lemma="se" pos="X">se</wf>
         <wf lemma="boje" pos="X">boje</wf>
         <wf lemma="daljnje" pos="X">daljnje</wf>
         <instance id="d000.s5741.t000" lemma="eksploatacija" pos="NOUN">eksploatacije</instance>
         <wf lemma="radnika" pos="X">radnika</wf>
         <wf lemma="u" pos="X">u</wf>
         <wf lemma="toj" pos="X">toj</wf>
         <wf lemma="privatnoj" pos="X">privatnoj</wf>
         <wf lemma="tvrtki" pos="X">tvrtki</wf>
         <wf lemma="." pos="X">.</wf>
      </sentence>
      <sentence id="d000.s5742" source="wordnet-croatian">
         <wf lemma="Ta" pos="X">Ta</wf>
         <wf lemma="je" pos="X">je</wf>
         <instance id="d000.s5742.t000" lemma="žena" pos="NOUN">žena</instance>
         <wf lemma="kao" pos="X">kao</wf>
         <wf lemma="stvorena" pos="X">stvorena</wf>
         <wf lemma="za" pos="X">za</wf>
         <wf lemma="njega" pos="X">njega</wf>
         <wf lemma="." pos="X">.</wf>
      </sentence>
      <sentence id="d000.s5743" source="wordnet-croatian">
         <wf lemma="Alkohol" pos="X">Alkohol</wf>
         <wf lemma="i" pos="X">i</wf>
         <wf lemma="sladoled" pos="X">sladoled</wf>
         <instance id="d000.s5743.t000" lemma="porok" pos="NOUN">poroci</instance>
         <wf lemma="su" pos="X">su</wf>
         <wf lemma="kojima" pos="X">kojima</wf>
         <wf lemma="Ana" pos="X">Ana</wf>
         <wf lemma="ne" pos="X">ne</wf>
         <wf lemma="može" pos="X">može</wf>
         <wf lemma="odoljeti" pos="X">odoljeti</wf>
         <wf lemma="." pos="X">.</wf>
      </sentence>
      <sentence id="d000.s5744" source="wordnet-croatian">
         <wf lemma="Hodala" pos="X">Hodala</wf>
         <wf lemma="je" pos="X">je</wf>
         <instance id="d000.s5744.t000" lemma="spor" pos="ADJ">sporim</instance>
         <wf lemma="koracima" pos="X">koracima</wf>
         <wf lemma="." pos="X">.</wf>
      </sentence>
      <sentence id="d000.s5745" source="wordnet-croatian">
         <wf lemma="U" pos="X">U</wf>
         <wf lemma="taj" pos="X">taj</wf>
         <wf lemma="kolač" pos="X">kolač</wf>
         <wf lemma="treba" pos="X">treba</wf>
         <wf lemma="staviti" pos="X">staviti</wf>
         <wf lemma="deset" pos="X">deset</wf>
         <instance id="d000.s5745.t000" lemma="mjera" pos="NOUN">mjera</instance>
         <wf lemma="brašna" pos="X">brašna</wf>
         <wf lemma="i" pos="X">i</wf>
         <wf lemma="pet" pos="X">pet</wf>
         <wf lemma="mjera" pos="X">mjera</wf>
         <wf lemma="šećera" pos="X">šećera</wf>
         <wf lemma="." pos="X">.</wf>
      </sentence>
      <sentence id="d000.s5746" source="wordnet-croatian">
         <wf lemma="Na" pos="X">Na</wf>
         <wf lemma="temelju" pos="X">temelju</wf>
         <instance id="d000.s5746.t000" lemma="iskustvo" pos="NOUN">iskustva</instance>
         <wf lemma="možemo" pos="X">možemo</wf>
         <wf lemma="predvidjeti" pos="X">predvidjeti</wf>
         <wf lemma="budućnost" pos="X">budućnost</wf>
         <wf lemma="." pos="X">.</wf>
      </sentence>
      <sentence id="d000.s5747" source="wordnet-croatian">
         <wf lemma="Odbacim" pos="X">Odbacim</wf>
         <wf lemma="te" pos="X">te</wf>
         <wf lemma="do" pos="X">do</wf>
         <wf lemma="škole" pos="X">škole</wf>
         <wf lemma="," pos="X">,</wf>
         <wf lemma="pa" pos="X">pa</wf>
         <wf lemma="onda" pos="X">onda</wf>
         <wf lemma="jurim" pos="X">jurim</wf>
         <wf lemma="na" pos="X">na</wf>
         <instance id="d000.s5747.t000" lemma="posao" pos="NOUN">posao</instance>
         <wf lemma="." pos="X">.</wf>
      </sentence>
      <sentence id="d000.s5748" source="wordnet-croatian">
         <wf lemma="Prijavili" pos="X">Prijavili</wf>
         <wf lemma="su" pos="X">su</wf>
         <wf lemma="učenike" pos="X">učenike</wf>
         <wf lemma="za" pos="X">za</wf>
         <instance id="d000.s5748.t000" lemma="maltretiranje" pos="NOUN">maltretiranje</instance>
         <wf lemma="svojih" pos="X">svojih</wf>
         <wf lemma="kolega" pos="X">kolega</wf>
         <wf lemma="." pos="X">.</wf>
      </sentence>
      <sentence id="d000.s5749" source="wordnet-croatian">
         <wf lemma="Neki" pos="X">Neki</wf>
         <wf lemma="misle" pos="X">misle</wf>
         <wf lemma="da" pos="X">da</wf>
         <wf lemma="papa" pos="X">papa</wf>
         <wf lemma="ne" pos="X">ne</wf>
         <wf lemma="može" pos="X">može</wf>
         <wf lemma="biti" pos="X">biti</wf>
         <instance id="d000.s5749.t000" lemma="mjerodavan" pos="ADJ">mjerodavna</instance>
         <wf lemma="osoba" pos="X">osoba</wf>
         <wf lemma="po" pos="X">po</wf>
         <wf lemma="pitanju" pos="X">pitanju</wf>
         <wf lemma="abortusa" pos="X">abortusa</wf>
         <wf lemma="." pos="X">.</wf>
      </sentence>
      <sentence id="d000.s5750" source="wordnet-croatian">
         <wf lemma="Državni" pos="X">Državni</wf>
         <wf lemma="poglavari" pos="X">poglavari</wf>
         <wf lemma="prisustvovali" pos="X">prisustvovali</wf>
         <wf lemma="su" pos="X">su</wf>
         <wf lemma="svadbenoj" pos="X">svadbenoj</wf>
         <instance id="d000.s5750.t000" lemma="ceremonija" pos="NOUN">ceremoniji</instance>
         <wf lemma="." pos="X">.</wf>
      </sentence>
      <sentence id="d000.s5751" source="wordnet-croatian">
         <wf lemma="Jedva" pos="X">Jedva</wf>
         <wf lemma="sam" pos="X">sam</wf>
         <wf lemma="se" pos="X">se</wf>
         <instance id="d000.s5751.t000" lemma="suzdržati" pos="VERB">suzdržala</instance>
         <wf lemma="da" pos="X">da</wf>
         <wf lemma="ga" pos="X">ga</wf>
         <wf lemma="ne" pos="X">ne</wf>
         <wf lemma="udarim" pos="X">udarim</wf>
         <wf lemma="." pos="X">.</wf>
      </sentence>
      <sentence id="d000.s5752" source="wordnet-croatian">
         <wf lemma="Potrebno" pos="X">Potrebno</wf>
         <wf lemma="je" pos="X">je</wf>
         <wf lemma="potrošiti" pos="X">potrošiti</wf>
         <wf lemma="minimalno" pos="X">minimalno</wf>
         <wf lemma="dvije" pos="X">dvije</wf>
         <instance id="d000.s5752.t000" lemma="bočica" pos="NOUN">bočice</instance>
         <wf lemma="sirupa" pos="X">sirupa</wf>
         <wf lemma="da" pos="X">da</wf>
         <wf lemma="bi" pos="X">bi</wf>
         <wf lemma="se" pos="X">se</wf>
         <wf lemma="vidjelo" pos="X">vidjelo</wf>
         <wf lemma="poboljšanje" pos="X">poboljšanje</wf>
         <wf lemma="." pos="X">.</wf>
      </sentence>
      <sentence id="d000.s5753" source="wordnet-croatian">
         <instance id="d000.s5753.t000" lemma="država" pos="NOUN">Država</instance>
         <wf lemma="je" pos="X">je</wf>
         <wf lemma="povisila" pos="X">povisila</wf>
         <wf lemma="poreze" pos="X">poreze</wf>
         <wf lemma="na" pos="X">na</wf>
         <wf lemma="kapitalne" pos="X">kapitalne</wf>
         <wf lemma="dobitke" pos="X">dobitke</wf>
         <wf lemma="." pos="X">.</wf>
      </sentence>
      <sentence id="d000.s5754" source="wordnet-croatian">
         <wf lemma="Stavio" pos="X">Stavio</wf>
         <wf lemma="je" pos="X">je</wf>
         <wf lemma="novu" pos="X">novu</wf>
         <wf lemma="ploču" pos="X">ploču</wf>
         <wf lemma="na" pos="X">na</wf>
         <instance id="d000.s5754.t000" lemma="gramofon" pos="NOUN">gramofon</instance>
         <wf lemma="i" pos="X">i</wf>
         <wf lemma="uživao" pos="X">uživao</wf>
         <wf lemma="u" pos="X">u</wf>
         <wf lemma="glazbi" pos="X">glazbi</wf>
         <wf lemma="." pos="X">.</wf>
      </sentence>
      <sentence id="d000.s5755" source="wordnet-croatian">
         <instance id="d000.s5755.t000" lemma="predstojati" pos="VERB">Predstoje</instance>
         <wf lemma="nam" pos="X">nam</wf>
         <wf lemma="velike" pos="X">velike</wf>
         <wf lemma="promjene" pos="X">promjene</wf>
         <wf lemma="." pos="X">.</wf>
      </sentence>
      <sentence id="d000.s5756" source="wordnet-croatian">
         <wf lemma="Crkva" pos="X">Crkva</wf>
         <wf lemma="je" pos="X">je</wf>
         <wf lemma="imala" pos="X">imala</wf>
         <wf lemma="i" pos="X">i</wf>
         <wf lemma="prednji" pos="X">prednji</wf>
         <wf lemma="i" pos="X">i</wf>
         <wf lemma="stražnji" pos="X">stražnji</wf>
         <instance id="d000.s5756.t000" lemma="ulaz" pos="NOUN">ulaz</instance>
         <wf lemma="." pos="X">.</wf>
      </sentence>
      <sentence id="d000.s5757" source="wordnet-croatian">
         <wf lemma="Novac" pos="X">Novac</wf>
         <wf lemma="je" pos="X">je</wf>
         <instance id="d000.s5757.t000" lemma="sakriti" pos="VERB">sakrio</instance>
         <wf lemma="u" pos="X">u</wf>
         <wf lemma="čarapu" pos="X">čarapu</wf>
         <wf lemma="." pos="X">.</wf>
      </sentence>
      <sentence id="d000.s5758" source="wordnet-croatian">
         <wf lemma="Djed" pos="X">Djed</wf>
         <wf lemma="je" pos="X">je</wf>
         <instance id="d000.s5758.t000" lemma="živjeti" pos="VERB">živio</instance>
         <wf lemma="u" pos="X">u</wf>
         <wf lemma="boljim" pos="X">boljim</wf>
         <wf lemma="vremenima" pos="X">vremenima</wf>
         <wf lemma="nego" pos="X">nego</wf>
         <wf lemma="mi" pos="X">mi</wf>
         <wf lemma="." pos="X">.</wf>
      </sentence>
      <sentence id="d000.s5759" source="wordnet-croatian">
         <wf lemma="Popis" pos="X">Popis</wf>
         <wf lemma="gostiju" pos="X">gostiju</wf>
         <instance id="d000.s5759.t000" lemma="uključivati" pos="VERB">uključuje</instance>
         <wf lemma="brojna" pos="X">brojna</wf>
         <wf lemma="poznata" pos="X">poznata</wf>
         <wf lemma="imena" pos="X">imena</wf>
         <wf lemma="." pos="X">.</wf>
      </sentence>
      <sentence id="d000.s5760" source="wordnet-croatian">
         <wf lemma="Čitava" pos="X">Čitava</wf>
         <wf lemma="je" pos="X">je</wf>
         <wf lemma="četa" pos="X">četa</wf>
         <wf lemma="ušla" pos="X">ušla</wf>
         <wf lemma="u" pos="X">u</wf>
         <instance id="d000.s5760.t000" lemma="zasjeda" pos="NOUN">zasjedu</instance>
         <wf lemma="unutar" pos="X">unutar</wf>
         <wf lemma="klanca" pos="X">klanca</wf>
         <wf lemma="." pos="X">.</wf>
      </sentence>
      <sentence id="d000.s5761" source="wordnet-croatian">
         <instance id="d000.s5761.t000" lemma="funkcija" pos="NOUN">Funkcija</instance>
         <wf lemma="bušilice" pos="X">bušilice</wf>
         <wf lemma="jest" pos="X">jest</wf>
         <wf lemma="da" pos="X">da</wf>
         <wf lemma="buši" pos="X">buši</wf>
         <wf lemma="rupe" pos="X">rupe</wf>
         <wf lemma="." pos="X">.</wf>
      </sentence>
      <sentence id="d000.s5762" source="wordnet-croatian">
         <wf lemma="Imao" pos="X">Imao</wf>
         <wf lemma="je" pos="X">je</wf>
         <wf lemma="vrlo" pos="X">vrlo</wf>
         <wf lemma="živahan" pos="X">živahan</wf>
         <wf lemma="i" pos="X">i</wf>
         <wf lemma="znatiželjan" pos="X">znatiželjan</wf>
         <instance id="d000.s5762.t000" lemma="duh" pos="NOUN">duh</instance>
         <wf lemma="." pos="X">.</wf>
      </sentence>
      <sentence id="d000.s5763" source="wordnet-croatian">
         <wf lemma="U" pos="X">U</wf>
         <wf lemma="kolač" pos="X">kolač</wf>
         <wf lemma="treba" pos="X">treba</wf>
         <wf lemma="dodati" pos="X">dodati</wf>
         <wf lemma="mlijeko" pos="X">mlijeko</wf>
         <wf lemma="i" pos="X">i</wf>
         <wf lemma="vodu" pos="X">vodu</wf>
         <wf lemma="u" pos="X">u</wf>
         <wf lemma="jednakome" pos="X">jednakome</wf>
         <instance id="d000.s5763.t000" lemma="omjer" pos="NOUN">omjeru</instance>
         <wf lemma="." pos="X">.</wf>
      </sentence>
      <sentence id="d000.s5764" source="wordnet-croatian">
         <wf lemma="Kolinje" pos="X">Kolinje</wf>
         <wf lemma="je" pos="X">je</wf>
         <wf lemma="dan" pos="X">dan</wf>
         <wf lemma="za" pos="X">za</wf>
         <instance id="d000.s5764.t000" lemma="klanje" pos="NOUN">klanje</instance>
         <wf lemma="svinja" pos="X">svinja</wf>
         <wf lemma="." pos="X">.</wf>
      </sentence>
      <sentence id="d000.s5765" source="wordnet-croatian">
         <wf lemma="Kod" pos="X">Kod</wf>
         <wf lemma="napadaja" pos="X">napadaja</wf>
         <instance id="d000.s5765.t000" lemma="tjeskoba" pos="NOUN">tjeskobe</instance>
         <wf lemma="važno" pos="X">važno</wf>
         <wf lemma="je" pos="X">je</wf>
         <wf lemma="primijeniti" pos="X">primijeniti</wf>
         <wf lemma="tehnike" pos="X">tehnike</wf>
         <wf lemma="opuštanja" pos="X">opuštanja</wf>
         <wf lemma="." pos="X">.</wf>
      </sentence>
      <sentence id="d000.s5766" source="wordnet-croatian">
         <wf lemma="Njegova" pos="X">Njegova</wf>
         <instance id="d000.s5766.t000" lemma="organizacija" pos="NOUN">organizacija</instance>
         <wf lemma="radne" pos="X">radne</wf>
         <wf lemma="snage" pos="X">snage</wf>
         <wf lemma="bila" pos="X">bila</wf>
         <wf lemma="je" pos="X">je</wf>
         <wf lemma="odlična" pos="X">odlična</wf>
         <wf lemma="." pos="X">.</wf>
      </sentence>
      <sentence id="d000.s5767" source="wordnet-croatian">
         <wf lemma="Siguran" pos="X">Siguran</wf>
         <wf lemma="sam" pos="X">sam</wf>
         <wf lemma="da" pos="X">da</wf>
         <wf lemma="je" pos="X">je</wf>
         <wf lemma="moj" pos="X">moj</wf>
         <instance id="d000.s5767.t000" lemma="tata" pos="NOUN">tata</instance>
         <wf lemma="oduvijek" pos="X">oduvijek</wf>
         <wf lemma="bio" pos="X">bio</wf>
         <wf lemma="dobar" pos="X">dobar</wf>
         <wf lemma="čovjek" pos="X">čovjek</wf>
         <wf lemma="." pos="X">.</wf>
      </sentence>
      <sentence id="d000.s5768" source="wordnet-croatian">
         <wf lemma="Gazirani" pos="X">Gazirani</wf>
         <instance id="d000.s5768.t000" lemma="napitak" pos="NOUN">napitci</instance>
         <wf lemma="dobri" pos="X">dobri</wf>
         <wf lemma="su" pos="X">su</wf>
         <wf lemma="za" pos="X">za</wf>
         <wf lemma="probavu" pos="X">probavu</wf>
         <wf lemma="." pos="X">.</wf>
      </sentence>
      <sentence id="d000.s5769" source="wordnet-croatian">
         <wf lemma="Kralj" pos="X">Kralj</wf>
         <wf lemma="će" pos="X">će</wf>
         <instance id="d000.s5769.t000" lemma="pročitati" pos="VERB">pročitati</instance>
         <wf lemma="proglas" pos="X">proglas</wf>
         <wf lemma="narodu" pos="X">narodu</wf>
         <wf lemma="sutra" pos="X">sutra</wf>
         <wf lemma="ujutro" pos="X">ujutro</wf>
         <wf lemma="." pos="X">.</wf>
      </sentence>
      <sentence id="d000.s5770" source="wordnet-croatian">
         <instance id="d000.s5770.t000" lemma="dečko" pos="NOUN">Dečki</instance>
         <wf lemma="igraju" pos="X">igraju</wf>
         <wf lemma="nogomet" pos="X">nogomet</wf>
         <wf lemma="na" pos="X">na</wf>
         <wf lemma="livadi" pos="X">livadi</wf>
         <wf lemma="." pos="X">.</wf>
      </sentence>
      <sentence id="d000.s5771" source="wordnet-croatian">
         <wf lemma="Ratni" pos="X">Ratni</wf>
         <wf lemma="je" pos="X">je</wf>
         <wf lemma="veteran" pos="X">veteran</wf>
         <instance id="d000.s5771.t000" lemma="šepati" pos="VERB">šepao</instance>
         <wf lemma="zbog" pos="X">zbog</wf>
         <wf lemma="ranjene" pos="X">ranjene</wf>
         <wf lemma="noge" pos="X">noge</wf>
         <wf lemma="." pos="X">.</wf>
      </sentence>
      <sentence id="d000.s5772" source="wordnet-croatian">
         <wf lemma="Nove" pos="X">Nove</wf>
         <instance id="d000.s5772.t000" lemma="akvizicija" pos="NOUN">akvizicije</instance>
         <wf lemma="nogometnog" pos="X">nogometnog</wf>
         <wf lemma="kluba" pos="X">kluba</wf>
         <wf lemma="počet" pos="X">počet</wf>
         <wf lemma="će" pos="X">će</wf>
         <wf lemma="igrati" pos="X">igrati</wf>
         <wf lemma="sljedeću" pos="X">sljedeću</wf>
         <wf lemma="sezonu" pos="X">sezonu</wf>
         <wf lemma="." pos="X">.</wf>
      </sentence>
      <sentence id="d000.s5773" source="wordnet-croatian">
         <instance id="d000.s5773.t000" lemma="sljedeći" pos="ADJ">Sljedećih</instance>
         <wf lemma="dana" pos="X">dana</wf>
         <wf lemma="bit" pos="X">bit</wf>
         <wf lemma="ću" pos="X">ću</wf>
         <wf lemma="jako" pos="X">jako</wf>
         <wf lemma="zauzeta" pos="X">zauzeta</wf>
         <wf lemma="." pos="X">.</wf>
      </sentence>
      <sentence id="d000.s5774" source="wordnet-croatian">
         <wf lemma="Marko" pos="X">Marko</wf>
         <wf lemma="ima" pos="X">ima</wf>
         <wf lemma="snažnu" pos="X">snažnu</wf>
         <instance id="d000.s5774.t000" lemma="prisutnost" pos="NOUN">prisutnost</instance>
         <wf lemma="u" pos="X">u</wf>
         <wf lemma="sebi" pos="X">sebi</wf>
         <wf lemma="." pos="X">.</wf>
      </sentence>
      <sentence id="d000.s5775" source="wordnet-croatian">
         <wf lemma="Potrebno" pos="X">Potrebno</wf>
         <wf lemma="je" pos="X">je</wf>
         <wf lemma="razgraničiti" pos="X">razgraničiti</wf>
         <wf lemma="argumentaciju" pos="X">argumentaciju</wf>
         <wf lemma="od" pos="X">od</wf>
         <wf lemma="često" pos="X">često</wf>
         <wf lemma="plitke" pos="X">plitke</wf>
         <instance id="d000.s5775.t000" lemma="ekspresija" pos="NOUN">ekspresije</instance>
         <wf lemma="nezadovoljstva" pos="X">nezadovoljstva</wf>
         <wf lemma="." pos="X">.</wf>
      </sentence>
      <sentence id="d000.s5776" source="wordnet-croatian">
         <wf lemma="O" pos="X">O</wf>
         <wf lemma="postojanju" pos="X">postojanju</wf>
         <instance id="d000.s5776.t000" lemma="atom" pos="NOUN">atoma</instance>
         <wf lemma="pisao" pos="X">pisao</wf>
         <wf lemma="je" pos="X">je</wf>
         <wf lemma="još" pos="X">još</wf>
         <wf lemma="i" pos="X">i</wf>
         <wf lemma="Demokrit" pos="X">Demokrit</wf>
         <wf lemma="." pos="X">.</wf>
      </sentence>
      <sentence id="d000.s5777" source="wordnet-croatian">
         <wf lemma="Njezina" pos="X">Njezina</wf>
         <wf lemma="su" pos="X">su</wf>
         <wf lemma="je" pos="X">je</wf>
         <wf lemma="djeca" pos="X">djeca</wf>
         <instance id="d000.s5777.t000" lemma="podržavati" pos="VERB">podržavala</instance>
         <wf lemma="u" pos="X">u</wf>
         <wf lemma="svim" pos="X">svim</wf>
         <wf lemma="nastojanjima" pos="X">nastojanjima</wf>
         <wf lemma="." pos="X">.</wf>
      </sentence>
      <sentence id="d000.s5778" source="wordnet-croatian">
         <instance id="d000.s5778.t000" lemma="klinac" pos="NOUN">Klinci</instance>
         <wf lemma="i" pos="X">i</wf>
         <wf lemma="klinke" pos="X">klinke</wf>
         <wf lemma="pozivaju" pos="X">pozivaju</wf>
         <wf lemma="se" pos="X">se</wf>
         <wf lemma="na" pos="X">na</wf>
         <wf lemma="božićnu" pos="X">božićnu</wf>
         <wf lemma="zabavu" pos="X">zabavu</wf>
         <wf lemma="u" pos="X">u</wf>
         <wf lemma="park" pos="X">park</wf>
         <wf lemma="!" pos="X">!</wf>
      </sentence>
      <sentence id="d000.s5779" source="wordnet-croatian">
         <wf lemma="Zavjese" pos="X">Zavjese</wf>
         <wf lemma="su" pos="X">su</wf>
         <instance id="d000.s5779.t000" lemma="isti" pos="ADJ">iste</instance>
         <wf lemma="boje" pos="X">boje</wf>
         <wf lemma="kao" pos="X">kao</wf>
         <wf lemma="i" pos="X">i</wf>
         <wf lemma="zidovi" pos="X">zidovi</wf>
         <wf lemma="." pos="X">.</wf>
      </sentence>
      <sentence id="d000.s5780" source="wordnet-croatian">
         <wf lemma="Primili" pos="X">Primili</wf>
         <wf lemma="smo" pos="X">smo</wf>
         <instance id="d000.s5780.t000" lemma="loš" pos="ADJ">loše</instance>
         <wf lemma="vijesti" pos="X">vijesti</wf>
         <wf lemma="." pos="X">.</wf>
      </sentence>
      <sentence id="d000.s5781" source="wordnet-croatian">
         <wf lemma="Nemoj" pos="X">Nemoj</wf>
         <wf lemma="mi" pos="X">mi</wf>
         <instance id="d000.s5781.t000" lemma="uskratiti" pos="VERB">uskratiti</instance>
         <wf lemma="to" pos="X">to</wf>
         <wf lemma="malo" pos="X">malo</wf>
         <wf lemma="zadovoljstvo" pos="X">zadovoljstvo</wf>
         <wf lemma="!" pos="X">!</wf>
      </sentence>
      <sentence id="d000.s5782" source="wordnet-croatian">
         <wf lemma="Beba" pos="X">Beba</wf>
         <wf lemma="je" pos="X">je</wf>
         <instance id="d000.s5782.t000" lemma="udijeliti" pos="VERB">udijelila</instance>
         <wf lemma="majci" pos="X">majci</wf>
         <wf lemma="umiljat" pos="X">umiljat</wf>
         <wf lemma="osmijeh" pos="X">osmijeh</wf>
         <wf lemma="." pos="X">.</wf>
      </sentence>
      <sentence id="d000.s5783" source="wordnet-croatian">
         <wf lemma="Nije" pos="X">Nije</wf>
         <wf lemma="mogao" pos="X">mogao</wf>
         <wf lemma="pronaći" pos="X">pronaći</wf>
         <instance id="d000.s5783.t000" lemma="put" pos="NOUN">put</instance>
         <wf lemma="kući" pos="X">kući</wf>
         <wf lemma="." pos="X">.</wf>
      </sentence>
      <sentence id="d000.s5784" source="wordnet-croatian">
         <wf lemma="Slavko" pos="X">Slavko</wf>
         <wf lemma="se" pos="X">se</wf>
         <wf lemma="bavi" pos="X">bavi</wf>
         <wf lemma="skakanjem" pos="X">skakanjem</wf>
         <wf lemma="s" pos="X">s</wf>
         <instance id="d000.s5784.t000" lemma="litica" pos="NOUN">litica</instance>
         <wf lemma="u" pos="X">u</wf>
         <wf lemma="more" pos="X">more</wf>
         <wf lemma="." pos="X">.</wf>
      </sentence>
      <sentence id="d000.s5785" source="wordnet-croatian">
         <wf lemma="Za" pos="X">Za</wf>
         <wf lemma="svaki" pos="X">svaki</wf>
         <wf lemma="smo" pos="X">smo</wf>
         <wf lemma="se" pos="X">se</wf>
         <wf lemma="slučaj" pos="X">slučaj</wf>
         <instance id="d000.s5785.t000" lemma="oboružati" pos="VERB">oboružali</instance>
         <wf lemma="noževima" pos="X">noževima</wf>
         <wf lemma="i" pos="X">i</wf>
         <wf lemma="krenuli" pos="X">krenuli</wf>
         <wf lemma="u" pos="X">u</wf>
         <wf lemma="šumu" pos="X">šumu</wf>
         <wf lemma="." pos="X">.</wf>
      </sentence>
      <sentence id="d000.s5786" source="wordnet-croatian">
         <wf lemma="Sve" pos="X">Sve</wf>
         <wf lemma="više" pos="X">više</wf>
         <wf lemma="malih" pos="X">malih</wf>
         <instance id="d000.s5786.t000" lemma="mlin" pos="NOUN">mlinova</instance>
         <wf lemma="propada" pos="X">propada</wf>
         <wf lemma="." pos="X">.</wf>
      </sentence>
      <sentence id="d000.s5787" source="wordnet-croatian">
         <wf lemma="Kupila" pos="X">Kupila</wf>
         <wf lemma="sam" pos="X">sam</wf>
         <wf lemma="nećaku" pos="X">nećaku</wf>
         <wf lemma="autić" pos="X">autić</wf>
         <wf lemma="na" pos="X">na</wf>
         <instance id="d000.s5787.t000" lemma="povlačenje" pos="NOUN">povlačenje</instance>
         <wf lemma="." pos="X">.</wf>
      </sentence>
      <sentence id="d000.s5788" source="wordnet-croatian">
         <wf lemma="Bila" pos="X">Bila</wf>
         <wf lemma="je" pos="X">je</wf>
         <instance id="d000.s5788.t000" lemma="zdrav" pos="ADJ">zdravo</instance>
         <wf lemma="," pos="X">,</wf>
         <wf lemma="rumeno" pos="X">rumeno</wf>
         <wf lemma="dijete" pos="X">dijete</wf>
         <wf lemma="." pos="X">.</wf>
      </sentence>
      <sentence id="d000.s5789" source="wordnet-croatian">
         <wf lemma="Njezino" pos="X">Njezino</wf>
         <wf lemma="pismo" pos="X">pismo</wf>
         <instance id="d000.s5789.t000" lemma="pokazivati" pos="VERB">pokazuje</instance>
         <wf lemma="da" pos="X">da</wf>
         <wf lemma="je" pos="X">je</wf>
         <wf lemma="u" pos="X">u</wf>
         <wf lemma="velikoj" pos="X">velikoj</wf>
         <wf lemma="nevolji" pos="X">nevolji</wf>
         <wf lemma="." pos="X">.</wf>
      </sentence>
      <sentence id="d000.s5790" source="wordnet-croatian">
         <wf lemma="Hladan" pos="X">Hladan</wf>
         <wf lemma="zrak" pos="X">zrak</wf>
         <instance id="d000.s5790.t000" lemma="kondenzirati" pos="VERB">kondenzirao</instance>
         <wf lemma="je" pos="X">je</wf>
         <wf lemma="paru" pos="X">paru</wf>
         <wf lemma="." pos="X">.</wf>
      </sentence>
      <sentence id="d000.s5791" source="wordnet-croatian">
         <wf lemma="Danas" pos="X">Danas</wf>
         <wf lemma="mi" pos="X">mi</wf>
         <wf lemma="je" pos="X">je</wf>
         <wf lemma="poštar" pos="X">poštar</wf>
         <wf lemma="dostavio" pos="X">dostavio</wf>
         <wf lemma="veliki" pos="X">veliki</wf>
         <instance id="d000.s5791.t000" lemma="paket" pos="NOUN">paket</instance>
         <wf lemma="." pos="X">.</wf>
      </sentence>
      <sentence id="d000.s5792" source="wordnet-croatian">
         <wf lemma="Krenuli" pos="X">Krenuli</wf>
         <wf lemma="su" pos="X">su</wf>
         <wf lemma="u" pos="X">u</wf>
         <wf lemma="potragu" pos="X">potragu</wf>
         <wf lemma="za" pos="X">za</wf>
         <instance id="d000.s5792.t000" lemma="posuđe" pos="NOUN">posuđem</instance>
         <wf lemma="za" pos="X">za</wf>
         <wf lemma="njihov" pos="X">njihov</wf>
         <wf lemma="novi" pos="X">novi</wf>
         <wf lemma="stan" pos="X">stan</wf>
         <wf lemma="." pos="X">.</wf>
      </sentence>
      <sentence id="d000.s5793" source="wordnet-croatian">
         <wf lemma="Poslodavci" pos="X">Poslodavci</wf>
         <wf lemma="su" pos="X">su</wf>
         <instance id="d000.s5793.t000" lemma="povećati" pos="VERB">povećali</instance>
         <wf lemma="plaće" pos="X">plaće</wf>
         <wf lemma="." pos="X">.</wf>
      </sentence>
      <sentence id="d000.s5794" source="wordnet-croatian">
         <wf lemma="Cijeli" pos="X">Cijeli</wf>
         <wf lemma="dan" pos="X">dan</wf>
         <wf lemma="sam" pos="X">sam</wf>
         <instance id="d000.s5794.t000" lemma="crnčiti" pos="VERB">crnčila</instance>
         <wf lemma="na" pos="X">na</wf>
         <wf lemma="njivi" pos="X">njivi</wf>
         <wf lemma="." pos="X">.</wf>
      </sentence>
      <sentence id="d000.s5795" source="wordnet-croatian">
         <instance id="d000.s5795.t000" lemma="svila" pos="NOUN">Svila</instance>
         <wf lemma="potječe" pos="X">potječe</wf>
         <wf lemma="iz" pos="X">iz</wf>
         <wf lemma="Kine" pos="X">Kine</wf>
         <wf lemma="," pos="X">,</wf>
         <wf lemma="a" pos="X">a</wf>
         <wf lemma="u" pos="X">u</wf>
         <wf lemma="Europu" pos="X">Europu</wf>
         <wf lemma="je" pos="X">je</wf>
         <wf lemma="stizala" pos="X">stizala</wf>
         <wf lemma="putem" pos="X">putem</wf>
         <wf lemma="svile" pos="X">svile</wf>
         <wf lemma="." pos="X">.</wf>
      </sentence>
      <sentence id="d000.s5796" source="wordnet-croatian">
         <wf lemma="Boju" pos="X">Boju</wf>
         <wf lemma="čarapa" pos="X">čarapa</wf>
         <wf lemma="uvijek" pos="X">uvijek</wf>
         <instance id="d000.s5796.t000" lemma="slagati" pos="VERB">slažem</instance>
         <wf lemma="prema" pos="X">prema</wf>
         <wf lemma="hlačama" pos="X">hlačama</wf>
         <wf lemma="." pos="X">.</wf>
      </sentence>
      <sentence id="d000.s5797" source="wordnet-croatian">
         <wf lemma="Iako" pos="X">Iako</wf>
         <wf lemma="je" pos="X">je</wf>
         <wf lemma="kornjača" pos="X">kornjača</wf>
         <instance id="d000.s5797.t000" lemma="startati" pos="VERB">startala</instance>
         <wf lemma="prva" pos="X">prva</wf>
         <wf lemma="," pos="X">,</wf>
         <wf lemma="zec" pos="X">zec</wf>
         <wf lemma="ju" pos="X">ju</wf>
         <wf lemma="je" pos="X">je</wf>
         <wf lemma="ipak" pos="X">ipak</wf>
         <wf lemma="prestigao" pos="X">prestigao</wf>
         <wf lemma="bez" pos="X">bez</wf>
         <wf lemma="ikakvih" pos="X">ikakvih</wf>
         <wf lemma="problema" pos="X">problema</wf>
         <wf lemma="." pos="X">.</wf>
      </sentence>
      <sentence id="d000.s5798" source="wordnet-croatian">
         <wf lemma="Za" pos="X">Za</wf>
         <wf lemma="određivanje" pos="X">određivanje</wf>
         <wf lemma="krvne" pos="X">krvne</wf>
         <wf lemma="grupe" pos="X">grupe</wf>
         <wf lemma="dovoljna" pos="X">dovoljna</wf>
         <wf lemma="je" pos="X">je</wf>
         <wf lemma="samo" pos="X">samo</wf>
         <instance id="d000.s5798.t000" lemma="kap" pos="NOUN">kap</instance>
         <wf lemma="krvi" pos="X">krvi</wf>
         <wf lemma="." pos="X">.</wf>
      </sentence>
      <sentence id="d000.s5799" source="wordnet-croatian">
         <instance id="d000.s5799.t000" lemma="ishod" pos="NOUN">Ishod</instance>
         <wf lemma="globalnog" pos="X">globalnog</wf>
         <wf lemma="zagrijavanja" pos="X">zagrijavanja</wf>
         <wf lemma="jest" pos="X">jest</wf>
         <wf lemma="podizanje" pos="X">podizanje</wf>
         <wf lemma="prosječne" pos="X">prosječne</wf>
         <wf lemma="temeprature" pos="X">temeprature</wf>
         <wf lemma="za" pos="X">za</wf>
         <wf lemma="nekoliko" pos="X">nekoliko</wf>
         <wf lemma="stupnjeva" pos="X">stupnjeva</wf>
         <wf lemma="." pos="X">.</wf>
      </sentence>
      <sentence id="d000.s5800" source="wordnet-croatian">
         <wf lemma="Čaj" pos="X">Čaj</wf>
         <wf lemma="me" pos="X">me</wf>
         <wf lemma="nikada" pos="X">nikada</wf>
         <wf lemma="nije" pos="X">nije</wf>
         <wf lemma="mogao" pos="X">mogao</wf>
         <instance id="d000.s5800.t000" lemma="razbuditi" pos="VERB">razbuditi</instance>
         <wf lemma="kad" pos="X">kad</wf>
         <wf lemma="mi" pos="X">mi</wf>
         <wf lemma="se" pos="X">se</wf>
         <wf lemma="spavalo" pos="X">spavalo</wf>
         <wf lemma="." pos="X">.</wf>
      </sentence>
      <sentence id="d000.s5801" source="wordnet-croatian">
         <instance id="d000.s5801.t000" lemma="klasificiranje" pos="NOUN">Klasificiranje</instance>
         <wf lemma="listova" pos="X">listova</wf>
         <wf lemma="čaja" pos="X">čaja</wf>
         <wf lemma="određuje" pos="X">određuje</wf>
         <wf lemma="se" pos="X">se</wf>
         <wf lemma="isključivo" pos="X">isključivo</wf>
         <wf lemma="u" pos="X">u</wf>
         <wf lemma="posljednjoj" pos="X">posljednjoj</wf>
         <wf lemma="fazi" pos="X">fazi</wf>
         <wf lemma="proizvodnje" pos="X">proizvodnje</wf>
         <wf lemma="." pos="X">.</wf>
      </sentence>
      <sentence id="d000.s5802" source="wordnet-croatian">
         <wf lemma="Slijedio" pos="X">Slijedio</wf>
         <wf lemma="je" pos="X">je</wf>
         <instance id="d000.s5802.t000" lemma="znak" pos="NOUN">znakove</instance>
         <wf lemma="koji" pos="X">koji</wf>
         <wf lemma="su" pos="X">su</wf>
         <wf lemma="vodili" pos="X">vodili</wf>
         <wf lemma="prema" pos="X">prema</wf>
         <wf lemma="bolnici" pos="X">bolnici</wf>
         <wf lemma="." pos="X">.</wf>
      </sentence>
      <sentence id="d000.s5803" source="wordnet-croatian">
         <wf lemma="Cvjetni" pos="X">Cvjetni</wf>
         <instance id="d000.s5803.t000" lemma="ornament" pos="NOUN">ornament</instance>
         <wf lemma="učinio" pos="X">učinio</wf>
         <wf lemma="je" pos="X">je</wf>
         <wf lemma="običnu" pos="X">običnu</wf>
         <wf lemma="bijelu" pos="X">bijelu</wf>
         <wf lemma="košulju" pos="X">košulju</wf>
         <wf lemma="posebnom" pos="X">posebnom</wf>
         <wf lemma="." pos="X">.</wf>
      </sentence>
      <sentence id="d000.s5804" source="wordnet-croatian">
         <wf lemma="Živim" pos="X">Živim</wf>
         <wf lemma="u" pos="X">u</wf>
         <wf lemma="velikoj" pos="X">velikoj</wf>
         <instance id="d000.s5804.t000" lemma="zgrada" pos="NOUN">zgradi</instance>
         <wf lemma="od" pos="X">od</wf>
         <wf lemma="čak" pos="X">čak</wf>
         <wf lemma="osam" pos="X">osam</wf>
         <wf lemma="katova" pos="X">katova</wf>
         <wf lemma="." pos="X">.</wf>
      </sentence>
      <sentence id="d000.s5805" source="wordnet-croatian">
         <wf lemma="Svoga" pos="X">Svoga</wf>
         <wf lemma="su" pos="X">su</wf>
         <wf lemma="sina" pos="X">sina</wf>
         <instance id="d000.s5805.t000" lemma="nazvati" pos="VERB">nazvali</instance>
         <wf lemma="Mirko" pos="X">Mirko</wf>
         <wf lemma="." pos="X">.</wf>
      </sentence>
      <sentence id="d000.s5806" source="wordnet-croatian">
         <wf lemma="Pojam" pos="X">Pojam</wf>
         <instance id="d000.s5806.t000" lemma="limes" pos="NOUN">limesa</instance>
         <wf lemma="vrlo" pos="X">vrlo</wf>
         <wf lemma="je" pos="X">je</wf>
         <wf lemma="važan" pos="X">važan</wf>
         <wf lemma="za" pos="X">za</wf>
         <wf lemma="razumijevanje" pos="X">razumijevanje</wf>
         <wf lemma="analize" pos="X">analize</wf>
         <wf lemma="funkcija" pos="X">funkcija</wf>
         <wf lemma="." pos="X">.</wf>
      </sentence>
      <sentence id="d000.s5807" source="wordnet-croatian">
         <instance id="d000.s5807.t000" lemma="prosvjed" pos="NOUN">Prosvjedi</instance>
         <wf lemma="na" pos="X">na</wf>
         <wf lemma="Wall" pos="X">Wall</wf>
         <wf lemma="Streetu" pos="X">Streetu</wf>
         <wf lemma="proširili" pos="X">proširili</wf>
         <wf lemma="su" pos="X">su</wf>
         <wf lemma="se" pos="X">se</wf>
         <wf lemma="diljem" pos="X">diljem</wf>
         <wf lemma="svijeta" pos="X">svijeta</wf>
         <wf lemma="." pos="X">.</wf>
      </sentence>
      <sentence id="d000.s5808" source="wordnet-croatian">
         <wf lemma="Uvijek" pos="X">Uvijek</wf>
         <wf lemma="kupujem" pos="X">kupujem</wf>
         <wf lemma="bonove" pos="X">bonove</wf>
         <wf lemma="za" pos="X">za</wf>
         <wf lemma="mobitel" pos="X">mobitel</wf>
         <wf lemma="u" pos="X">u</wf>
         <instance id="d000.s5808.t000" lemma="vrijednost" pos="NOUN">vrijednosti</instance>
         <wf lemma="od" pos="X">od</wf>
         <wf lemma="100" pos="X">100</wf>
         <wf lemma="kuna" pos="X">kuna</wf>
         <wf lemma="." pos="X">.</wf>
      </sentence>
      <sentence id="d000.s5809" source="wordnet-croatian">
         <instance id="d000.s5809.t000" lemma="oštrica" pos="NOUN">Oštrica</instance>
         <wf lemma="mu" pos="X">mu</wf>
         <wf lemma="se" pos="X">se</wf>
         <wf lemma="zabila" pos="X">zabila</wf>
         <wf lemma="u" pos="X">u</wf>
         <wf lemma="prsa" pos="X">prsa</wf>
         <wf lemma="i" pos="X">i</wf>
         <wf lemma="na" pos="X">na</wf>
         <wf lemma="mjestu" pos="X">mjestu</wf>
         <wf lemma="je" pos="X">je</wf>
         <wf lemma="pao" pos="X">pao</wf>
         <wf lemma="mrtav" pos="X">mrtav</wf>
         <wf lemma="." pos="X">.</wf>
      </sentence>
      <sentence id="d000.s5810" source="wordnet-croatian">
         <wf lemma="Kada" pos="X">Kada</wf>
         <wf lemma="je" pos="X">je</wf>
         <wf lemma="voda" pos="X">voda</wf>
         <wf lemma="uazvrela" pos="X">uazvrela</wf>
         <wf lemma="," pos="X">,</wf>
         <wf lemma="čajnik" pos="X">čajnik</wf>
         <wf lemma="je" pos="X">je</wf>
         <wf lemma="počeo" pos="X">počeo</wf>
         <instance id="d000.s5810.t000" lemma="fićukati" pos="VERB">fićukati</instance>
         <wf lemma="." pos="X">.</wf>
      </sentence>
      <sentence id="d000.s5811" source="wordnet-croatian">
         <wf lemma="Profesionalni" pos="X">Profesionalni</wf>
         <wf lemma="sportaši" pos="X">sportaši</wf>
         <wf lemma="moraju" pos="X">moraju</wf>
         <instance id="d000.s5811.t000" lemma="vježbati" pos="VERB">vježbati</instance>
         <wf lemma="svaki" pos="X">svaki</wf>
         <wf lemma="dan" pos="X">dan</wf>
         <wf lemma="." pos="X">.</wf>
      </sentence>
      <sentence id="d000.s5812" source="wordnet-croatian">
         <wf lemma="Profesionalni" pos="X">Profesionalni</wf>
         <wf lemma="fotografi" pos="X">fotografi</wf>
         <wf lemma="moraju" pos="X">moraju</wf>
         <wf lemma="se" pos="X">se</wf>
         <wf lemma="znati" pos="X">znati</wf>
         <wf lemma="služiti" pos="X">služiti</wf>
         <instance id="d000.s5812.t000" lemma="fotometar" pos="NOUN">fotometrom</instance>
         <wf lemma="." pos="X">.</wf>
      </sentence>
      <sentence id="d000.s5813" source="wordnet-croatian">
         <wf lemma="Prvi" pos="X">Prvi</wf>
         <instance id="d000.s5813.t000" lemma="prijemnik" pos="NOUN">prijemnici</instance>
         <wf lemma="najčešće" pos="X">najčešće</wf>
         <wf lemma="su" pos="X">su</wf>
         <wf lemma="radili" pos="X">radili</wf>
         <wf lemma="na" pos="X">na</wf>
         <wf lemma="baterije" pos="X">baterije</wf>
         <wf lemma="." pos="X">.</wf>
      </sentence>
      <sentence id="d000.s5814" source="wordnet-croatian">
         <wf lemma="Brvnara" pos="X">Brvnara</wf>
         <wf lemma="je" pos="X">je</wf>
         <instance id="d000.s5814.t000" lemma="izgorjeti" pos="VERB">izgorjela</instance>
         <wf lemma="za" pos="X">za</wf>
         <wf lemma="pola" pos="X">pola</wf>
         <wf lemma="sata" pos="X">sata</wf>
         <wf lemma="." pos="X">.</wf>
      </sentence>
      <sentence id="d000.s5815" source="wordnet-croatian">
         <wf lemma="Čitav" pos="X">Čitav</wf>
         <instance id="d000.s5815.t000" lemma="okrug" pos="NOUN">okrug</instance>
         <wf lemma="pokušava" pos="X">pokušava</wf>
         <wf lemma="riješiti" pos="X">riješiti</wf>
         <wf lemma="problem" pos="X">problem</wf>
         <wf lemma="s" pos="X">s</wf>
         <wf lemma="gradskom" pos="X">gradskom</wf>
         <wf lemma="upravom" pos="X">upravom</wf>
         <wf lemma="." pos="X">.</wf>
      </sentence>
      <sentence id="d000.s5816" source="wordnet-croatian">
         <wf lemma="Voda" pos="X">Voda</wf>
         <wf lemma="se" pos="X">se</wf>
         <instance id="d000.s5816.t000" lemma="lediti" pos="VERB">ledi</instance>
         <wf lemma="na" pos="X">na</wf>
         <wf lemma="0" pos="X">0</wf>
         <wf lemma="stupnjeva" pos="X">stupnjeva</wf>
         <wf lemma="Celzijusa" pos="X">Celzijusa</wf>
         <wf lemma="." pos="X">.</wf>
      </sentence>
      <sentence id="d000.s5817" source="wordnet-croatian">
         <wf lemma="Ti" pos="X">Ti</wf>
         <wf lemma="si" pos="X">si</wf>
         <wf lemma="još" pos="X">još</wf>
         <instance id="d000.s5817.t000" lemma="mali" pos="ADJ">malo</instance>
         <wf lemma="dijete" pos="X">dijete</wf>
         <wf lemma="." pos="X">.</wf>
      </sentence>
      <sentence id="d000.s5818" source="wordnet-croatian">
         <wf lemma="Za" pos="X">Za</wf>
         <wf lemma="svakoga" pos="X">svakoga</wf>
         <wf lemma="književnika" pos="X">književnika</wf>
         <wf lemma="mogu" pos="X">mogu</wf>
         <wf lemma="se" pos="X">se</wf>
         <wf lemma="odrediti" pos="X">odrediti</wf>
         <wf lemma="njegovi" pos="X">njegovi</wf>
         <wf lemma="osnovni" pos="X">osnovni</wf>
         <instance id="d000.s5818.t000" lemma="postupak" pos="NOUN">postupci</instance>
         <wf lemma="pri" pos="X">pri</wf>
         <wf lemma="stvaranju" pos="X">stvaranju</wf>
         <wf lemma="radnje" pos="X">radnje</wf>
         <wf lemma="." pos="X">.</wf>
      </sentence>
      <sentence id="d000.s5819" source="wordnet-croatian">
         <wf lemma="Na" pos="X">Na</wf>
         <wf lemma="znanstvenom" pos="X">znanstvenom</wf>
         <wf lemma="skupu" pos="X">skupu</wf>
         <instance id="d000.s5819.t000" lemma="demonstracija" pos="NOUN">demonstracije</instance>
         <wf lemma="pokusa" pos="X">pokusa</wf>
         <wf lemma="izveli" pos="X">izveli</wf>
         <wf lemma="su" pos="X">su</wf>
         <wf lemma="studenti" pos="X">studenti</wf>
         <wf lemma="fizike" pos="X">fizike</wf>
         <wf lemma="." pos="X">.</wf>
      </sentence>
      <sentence id="d000.s5820" source="wordnet-croatian">
         <wf lemma="Iznajmljivao" pos="X">Iznajmljivao</wf>
         <wf lemma="je" pos="X">je</wf>
         <instance id="d000.s5820.t000" lemma="stan" pos="NOUN">stanove</instance>
         <wf lemma="studentima" pos="X">studentima</wf>
         <wf lemma="." pos="X">.</wf>
      </sentence>
      <sentence id="d000.s5821" source="wordnet-croatian">
         <wf lemma="Zaljubljeni" pos="X">Zaljubljeni</wf>
         <wf lemma="je" pos="X">je</wf>
         <wf lemma="mladac" pos="X">mladac</wf>
         <instance id="d000.s5821.t000" lemma="ubrati" pos="VERB">ubrao</instance>
         <wf lemma="kiticu" pos="X">kiticu</wf>
         <wf lemma="cvijeća" pos="X">cvijeća</wf>
         <wf lemma="svojoj" pos="X">svojoj</wf>
         <wf lemma="dragoj" pos="X">dragoj</wf>
         <wf lemma="." pos="X">.</wf>
      </sentence>
      <sentence id="d000.s5822" source="wordnet-croatian">
         <wf lemma="Svoje" pos="X">Svoje</wf>
         <wf lemma="ideje" pos="X">ideje</wf>
         <wf lemma="moraš" pos="X">moraš</wf>
         <wf lemma="napokon" pos="X">napokon</wf>
         <instance id="d000.s5822.t000" lemma="realizirati" pos="VERB">realizirati</instance>
         <wf lemma="." pos="X">.</wf>
      </sentence>
      <sentence id="d000.s5823" source="wordnet-croatian">
         <wf lemma="Njezin" pos="X">Njezin</wf>
         <wf lemma="se" pos="X">se</wf>
         <instance id="d000.s5823.t000" lemma="broj" pos="NOUN">broj</instance>
         <wf lemma="ne" pos="X">ne</wf>
         <wf lemma="nalazi" pos="X">nalazi</wf>
         <wf lemma="u" pos="X">u</wf>
         <wf lemma="telefonskom" pos="X">telefonskom</wf>
         <wf lemma="imeniku" pos="X">imeniku</wf>
         <wf lemma="." pos="X">.</wf>
      </sentence>
      <sentence id="d000.s5824" source="wordnet-croatian">
         <wf lemma="Nisam" pos="X">Nisam</wf>
         <wf lemma="te" pos="X">te</wf>
         <wf lemma="dobro" pos="X">dobro</wf>
         <instance id="d000.s5824.t000" lemma="čuti" pos="VERB">čuo</instance>
         <wf lemma="," pos="X">,</wf>
         <wf lemma="molim" pos="X">molim</wf>
         <wf lemma="te" pos="X">te</wf>
         <wf lemma="," pos="X">,</wf>
         <wf lemma="ponovi" pos="X">ponovi</wf>
         <wf lemma="što" pos="X">što</wf>
         <wf lemma="si" pos="X">si</wf>
         <wf lemma="rekao" pos="X">rekao</wf>
         <wf lemma="." pos="X">.</wf>
      </sentence>
      <sentence id="d000.s5825" source="wordnet-croatian">
         <instance id="d000.s5825.t000" lemma="pričuvati" pos="VERB">Pričuvaj</instance>
         <wf lemma="moje" pos="X">moje</wf>
         <wf lemma="stvari" pos="X">stvari</wf>
         <wf lemma="dok" pos="X">dok</wf>
         <wf lemma="me" pos="X">me</wf>
         <wf lemma="nema" pos="X">nema</wf>
         <wf lemma="." pos="X">.</wf>
      </sentence>
      <sentence id="d000.s5826" source="wordnet-croatian">
         <wf lemma="Čujem" pos="X">Čujem</wf>
         <instance id="d000.s5826.t000" lemma="dalek" pos="ADJ">daleki</instance>
         <wf lemma="zvuk" pos="X">zvuk</wf>
         <wf lemma="gitare" pos="X">gitare</wf>
         <wf lemma="." pos="X">.</wf>
      </sentence>
      <sentence id="d000.s5827" source="wordnet-croatian">
         <wf lemma="Od" pos="X">Od</wf>
         <instance id="d000.s5827.t000" lemma="tkanina" pos="NOUN">tkanine</instance>
         <wf lemma="koju" pos="X">koju</wf>
         <wf lemma="sam" pos="X">sam</wf>
         <wf lemma="kupila" pos="X">kupila</wf>
         <wf lemma="sašila" pos="X">sašila</wf>
         <wf lemma="sam" pos="X">sam</wf>
         <wf lemma="si" pos="X">si</wf>
         <wf lemma="ljetnu" pos="X">ljetnu</wf>
         <wf lemma="haljinu" pos="X">haljinu</wf>
         <wf lemma="." pos="X">.</wf>
      </sentence>
      <sentence id="d000.s5828" source="wordnet-croatian">
         <wf lemma="Veliko" pos="X">Veliko</wf>
         <instance id="d000.s5828.t000" lemma="natjecanje" pos="NOUN">natjecanje</instance>
         <wf lemma="u" pos="X">u</wf>
         <wf lemma="mačevanju" pos="X">mačevanju</wf>
         <wf lemma="organizirano" pos="X">organizirano</wf>
         <wf lemma="je" pos="X">je</wf>
         <wf lemma="na" pos="X">na</wf>
         <wf lemma="proljeće" pos="X">proljeće</wf>
         <wf lemma="." pos="X">.</wf>
      </sentence>
      <sentence id="d000.s5829" source="wordnet-croatian">
         <wf lemma="Za" pos="X">Za</wf>
         <wf lemma="zdravlje" pos="X">zdravlje</wf>
         <wf lemma="je" pos="X">je</wf>
         <wf lemma="potrebna" pos="X">potrebna</wf>
         <wf lemma="svakodnevna" pos="X">svakodnevna</wf>
         <wf lemma="tjelesna" pos="X">tjelesna</wf>
         <instance id="d000.s5829.t000" lemma="aktivnost" pos="NOUN">aktivnost</instance>
         <wf lemma="." pos="X">.</wf>
      </sentence>
      <sentence id="d000.s5830" source="wordnet-croatian">
         <wf lemma="Klasična" pos="X">Klasična</wf>
         <wf lemma="električna" pos="X">električna</wf>
         <instance id="d000.s5830.t000" lemma="baterija" pos="NOUN">baterija</instance>
         <wf lemma="izvor" pos="X">izvor</wf>
         <wf lemma="je" pos="X">je</wf>
         <wf lemma="vrlo" pos="X">vrlo</wf>
         <wf lemma="male" pos="X">male</wf>
         <wf lemma="količine" pos="X">količine</wf>
         <wf lemma="energije" pos="X">energije</wf>
         <wf lemma="." pos="X">.</wf>
      </sentence>
      <sentence id="d000.s5831" source="wordnet-croatian">
         <instance id="d000.s5831.t000" lemma="sportaš" pos="NOUN">Sportaši</instance>
         <wf lemma="trebaju" pos="X">trebaju</wf>
         <wf lemma="uvijek" pos="X">uvijek</wf>
         <wf lemma="paziti" pos="X">paziti</wf>
         <wf lemma="na" pos="X">na</wf>
         <wf lemma="fizičku" pos="X">fizičku</wf>
         <wf lemma="spremu" pos="X">spremu</wf>
         <wf lemma="." pos="X">.</wf>
      </sentence>
      <sentence id="d000.s5832" source="wordnet-croatian">
         <wf lemma="Nikada" pos="X">Nikada</wf>
         <wf lemma="nije" pos="X">nije</wf>
         <wf lemma="svladala" pos="X">svladala</wf>
         <wf lemma="ni" pos="X">ni</wf>
         <wf lemma="elementarnu" pos="X">elementarnu</wf>
         <wf lemma="geometriju" pos="X">geometriju</wf>
         <instance id="d000.s5832.t000" lemma="lik" pos="NOUN">likova</instance>
         <wf lemma="u" pos="X">u</wf>
         <wf lemma="ravnini" pos="X">ravnini</wf>
         <wf lemma="." pos="X">.</wf>
      </sentence>
      <sentence id="d000.s5833" source="wordnet-croatian">
         <wf lemma="Glavni" pos="X">Glavni</wf>
         <wf lemma="su" pos="X">su</wf>
         <wf lemma="prihodi" pos="X">prihodi</wf>
         <wf lemma="oni" pos="X">oni</wf>
         <wf lemma="kojima" pos="X">kojima</wf>
         <wf lemma="je" pos="X">je</wf>
         <wf lemma="HS" pos="X">HS</wf>
         <instance id="d000.s5833.t000" lemma="glavničar" pos="NOUN">glavničar</instance>
         <wf lemma="." pos="X">.</wf>
      </sentence>
      <sentence id="d000.s5834" source="wordnet-croatian">
         <wf lemma="Vlada" pos="X">Vlada</wf>
         <wf lemma="je" pos="X">je</wf>
         <instance id="d000.s5834.t000" lemma="odobriti" pos="VERB">odobrila</instance>
         <wf lemma="povećanje" pos="X">povećanje</wf>
         <wf lemma="poreza" pos="X">poreza</wf>
         <wf lemma="." pos="X">.</wf>
      </sentence>
      <sentence id="d000.s5835" source="wordnet-croatian">
         <wf lemma="Donji" pos="X">Donji</wf>
         <instance id="d000.s5835.t000" lemma="tok" pos="NOUN">tok</instance>
         <wf lemma="rijeke" pos="X">rijeke</wf>
         <wf lemma="bio" pos="X">bio</wf>
         <wf lemma="je" pos="X">je</wf>
         <wf lemma="toliko" pos="X">toliko</wf>
         <wf lemma="onečišćen" pos="X">onečišćen</wf>
         <wf lemma="da" pos="X">da</wf>
         <wf lemma="su" pos="X">su</wf>
         <wf lemma="sve" pos="X">sve</wf>
         <wf lemma="ribe" pos="X">ribe</wf>
         <wf lemma="uginule" pos="X">uginule</wf>
         <wf lemma="." pos="X">.</wf>
      </sentence>
      <sentence id="d000.s5836" source="wordnet-croatian">
         <wf lemma="Novi" pos="X">Novi</wf>
         <wf lemma="direktorj" pos="X">direktorj</wf>
         <wf lemma="je" pos="X">je</wf>
         <instance id="d000.s5836.t000" lemma="izazvati" pos="VERB">izazvao</instance>
         <wf lemma="mnpoge" pos="X">mnpoge</wf>
         <wf lemma="probleme" pos="X">probleme</wf>
         <wf lemma="u" pos="X">u</wf>
         <wf lemma="tvrtki" pos="X">tvrtki</wf>
         <wf lemma="." pos="X">.</wf>
      </sentence>
      <sentence id="d000.s5837" source="wordnet-croatian">
         <wf lemma="Marta" pos="X">Marta</wf>
         <instance id="d000.s5837.t000" lemma="predstavljati" pos="VERB">predstavlja</instance>
         <wf lemma="svoju" pos="X">svoju</wf>
         <wf lemma="školu" pos="X">školu</wf>
         <wf lemma="na" pos="X">na</wf>
         <wf lemma="državnom" pos="X">državnom</wf>
         <wf lemma="natjecanju" pos="X">natjecanju</wf>
         <wf lemma="." pos="X">.</wf>
      </sentence>
      <sentence id="d000.s5838" source="wordnet-croatian">
         <wf lemma="U" pos="X">U</wf>
         <wf lemma="prvom" pos="X">prvom</wf>
         <wf lemma="zadatku" pos="X">zadatku</wf>
         <wf lemma="potrebno" pos="X">potrebno</wf>
         <wf lemma="je" pos="X">je</wf>
         <wf lemma="pronaći" pos="X">pronaći</wf>
         <instance id="d000.s5838.t000" lemma="sjecište" pos="NOUN">sjecište</instance>
         <wf lemma="dvaju" pos="X">dvaju</wf>
         <wf lemma="pravaca" pos="X">pravaca</wf>
         <wf lemma="." pos="X">.</wf>
      </sentence>
      <sentence id="d000.s5839" source="wordnet-croatian">
         <instance id="d000.s5839.t000" lemma="činela" pos="NOUN">Činele</instance>
         <wf lemma="su" pos="X">su</wf>
         <wf lemma="se" pos="X">se</wf>
         <wf lemma="tresle" pos="X">tresle</wf>
         <wf lemma="još" pos="X">još</wf>
         <wf lemma="dugo" pos="X">dugo</wf>
         <wf lemma="nakon" pos="X">nakon</wf>
         <wf lemma="zadnjeg" pos="X">zadnjeg</wf>
         <wf lemma="udarca" pos="X">udarca</wf>
         <wf lemma="palicom" pos="X">palicom</wf>
         <wf lemma="." pos="X">.</wf>
      </sentence>
      <sentence id="d000.s5840" source="wordnet-croatian">
         <wf lemma="Nikada" pos="X">Nikada</wf>
         <wf lemma="nemoj" pos="X">nemoj</wf>
         <wf lemma="odustati" pos="X">odustati</wf>
         <wf lemma="od" pos="X">od</wf>
         <wf lemma="svojih" pos="X">svojih</wf>
         <instance id="d000.s5840.t000" lemma="uvjerenje" pos="NOUN">uvjerenja</instance>
         <wf lemma="." pos="X">.</wf>
      </sentence>
      <sentence id="d000.s5841" source="wordnet-croatian">
         <wf lemma="Motiv" pos="X">Motiv</wf>
         <wf lemma="utakmice" pos="X">utakmice</wf>
         <wf lemma="bio" pos="X">bio</wf>
         <wf lemma="je" pos="X">je</wf>
         <instance id="d000.s5841.t000" lemma="uveseliti" pos="VERB">uveseliti</instance>
         <wf lemma="narod" pos="X">narod</wf>
         <wf lemma="." pos="X">.</wf>
      </sentence>
      <sentence id="d000.s5842" source="wordnet-croatian">
         <wf lemma="Znastvenici" pos="X">Znastvenici</wf>
         <instance id="d000.s5842.t000" lemma="imati" pos="VERB">imaju</instance>
         <wf lemma="različita" pos="X">različita</wf>
         <wf lemma="mišljenja" pos="X">mišljenja</wf>
         <wf lemma="o" pos="X">o</wf>
         <wf lemma="genetski" pos="X">genetski</wf>
         <wf lemma="modificiranoj" pos="X">modificiranoj</wf>
         <wf lemma="hrani" pos="X">hrani</wf>
         <wf lemma="." pos="X">.</wf>
      </sentence>
      <sentence id="d000.s5843" source="wordnet-croatian">
         <wf lemma="Gumenu" pos="X">Gumenu</wf>
         <instance id="d000.s5843.t000" lemma="brtva" pos="NOUN">brtvu</instance>
         <wf lemma="možete" pos="X">možete</wf>
         <wf lemma="zamijeniti" pos="X">zamijeniti</wf>
         <wf lemma="i" pos="X">i</wf>
         <wf lemma="bez" pos="X">bez</wf>
         <wf lemma="pomoći" pos="X">pomoći</wf>
         <wf lemma="majstora" pos="X">majstora</wf>
         <wf lemma="." pos="X">.</wf>
      </sentence>
      <sentence id="d000.s5844" source="wordnet-croatian">
         <instance id="d000.s5844.t000" lemma="tvrđava" pos="NOUN">Tvrđava</instance>
         <wf lemma="Nehaj" pos="X">Nehaj</wf>
         <wf lemma="služila" pos="X">služila</wf>
         <wf lemma="je" pos="X">je</wf>
         <wf lemma="kao" pos="X">kao</wf>
         <wf lemma="vojna" pos="X">vojna</wf>
         <wf lemma="utvrda" pos="X">utvrda</wf>
         <wf lemma="uskocima" pos="X">uskocima</wf>
         <wf lemma="." pos="X">.</wf>
      </sentence>
      <sentence id="d000.s5845" source="wordnet-croatian">
         <wf lemma="Bila" pos="X">Bila</wf>
         <wf lemma="mu" pos="X">mu</wf>
         <wf lemma="je" pos="X">je</wf>
         <wf lemma="to" pos="X">to</wf>
         <wf lemma="prva" pos="X">prva</wf>
         <wf lemma="samostalna" pos="X">samostalna</wf>
         <wf lemma="izložba" pos="X">izložba</wf>
         <wf lemma="u" pos="X">u</wf>
         <instance id="d000.s5845.t000" lemma="galerija" pos="NOUN">galeriji</instance>
         <wf lemma="." pos="X">.</wf>
      </sentence>
      <sentence id="d000.s5846" source="wordnet-croatian">
         <wf lemma="Ključeve" pos="X">Ključeve</wf>
         <wf lemma="je" pos="X">je</wf>
         <wf lemma="uvijek" pos="X">uvijek</wf>
         <wf lemma="odlagao" pos="X">odlagao</wf>
         <wf lemma="na" pos="X">na</wf>
         <wf lemma="isto" pos="X">isto</wf>
         <instance id="d000.s5846.t000" lemma="mjesto" pos="NOUN">mjesto</instance>
         <wf lemma="." pos="X">.</wf>
      </sentence>
      <sentence id="d000.s5847" source="wordnet-croatian">
         <wf lemma="Radio" pos="X">Radio</wf>
         <wf lemma="je" pos="X">je</wf>
         <instance id="d000.s5847.t000" lemma="spravica" pos="NOUN">spravice</instance>
         <wf lemma="za" pos="X">za</wf>
         <wf lemma="čišćenje" pos="X">čišćenje</wf>
         <wf lemma="paprike" pos="X">paprike</wf>
         <wf lemma="." pos="X">.</wf>
      </sentence>
      <sentence id="d000.s5848" source="wordnet-croatian">
         <wf lemma="Svi" pos="X">Svi</wf>
         <wf lemma="su" pos="X">su</wf>
         <wf lemma="njezini" pos="X">njezini</wf>
         <wf lemma="proizvodi" pos="X">proizvodi</wf>
         <wf lemma="imali" pos="X">imali</wf>
         <wf lemma="naslikanu" pos="X">naslikanu</wf>
         <wf lemma="prepoznatljivu" pos="X">prepoznatljivu</wf>
         <instance id="d000.s5848.t000" lemma="oznaka" pos="NOUN">oznaku</instance>
         <wf lemma="-" pos="X">-</wf>
         <wf lemma="ovčicu" pos="X">ovčicu</wf>
         <wf lemma="." pos="X">.</wf>
      </sentence>
      <sentence id="d000.s5849" source="wordnet-croatian">
         <wf lemma="Njihov" pos="X">Njihov</wf>
         <wf lemma="odnos" pos="X">odnos</wf>
         <wf lemma="je" pos="X">je</wf>
         <wf lemma="bio" pos="X">bio</wf>
         <instance id="d000.s5849.t000" lemma="ispuniti" pos="VERB">ispunjen</instance>
         <wf lemma="svađama" pos="X">svađama</wf>
         <wf lemma="." pos="X">.</wf>
      </sentence>
      <sentence id="d000.s5850" source="wordnet-croatian">
         <wf lemma="Primio" pos="X">Primio</wf>
         <wf lemma="je" pos="X">je</wf>
         <wf lemma="snažan" pos="X">snažan</wf>
         <instance id="d000.s5850.t000" lemma="udarac" pos="NOUN">udarac</instance>
         <wf lemma="u" pos="X">u</wf>
         <wf lemma="glavu" pos="X">glavu</wf>
         <wf lemma="." pos="X">.</wf>
      </sentence>
      <sentence id="d000.s5851" source="wordnet-croatian">
         <wf lemma="Vlažno" pos="X">Vlažno</wf>
         <instance id="d000.s5851.t000" lemma="tlo" pos="NOUN">tlo</instance>
         <wf lemma="odlično" pos="X">odlično</wf>
         <wf lemma="je" pos="X">je</wf>
         <wf lemma="za" pos="X">za</wf>
         <wf lemma="razvoj" pos="X">razvoj</wf>
         <wf lemma="raznolikog" pos="X">raznolikog</wf>
         <wf lemma="raslinja" pos="X">raslinja</wf>
         <wf lemma="." pos="X">.</wf>
      </sentence>
      <sentence id="d000.s5852" source="wordnet-croatian">
         <wf lemma="Svi" pos="X">Svi</wf>
         <wf lemma="su" pos="X">su</wf>
         <wf lemma="prepoznali" pos="X">prepoznali</wf>
         <instance id="d000.s5852.t000" lemma="neizvornost" pos="NOUN">neizvornost</instance>
         <wf lemma="njegove" pos="X">njegove</wf>
         <wf lemma="nove" pos="X">nove</wf>
         <wf lemma="knjige" pos="X">knjige</wf>
         <wf lemma="." pos="X">.</wf>
      </sentence>
      <sentence id="d000.s5853" source="wordnet-croatian">
         <wf lemma="Rusija" pos="X">Rusija</wf>
         <wf lemma="i" pos="X">i</wf>
         <wf lemma="Amerika" pos="X">Amerika</wf>
         <wf lemma="raspravljale" pos="X">raspravljale</wf>
         <wf lemma="su" pos="X">su</wf>
         <wf lemma="o" pos="X">o</wf>
         <instance id="d000.s5853.t000" lemma="rastavljanje" pos="NOUN">rastavljanju</instance>
         <wf lemma="nuklearnoga" pos="X">nuklearnoga</wf>
         <wf lemma="oružja" pos="X">oružja</wf>
         <wf lemma="." pos="X">.</wf>
      </sentence>
      <sentence id="d000.s5854" source="wordnet-croatian">
         <wf lemma="Sagradili" pos="X">Sagradili</wf>
         <wf lemma="smo" pos="X">smo</wf>
         <wf lemma="veliku" pos="X">veliku</wf>
         <instance id="d000.s5854.t000" lemma="ograda" pos="NOUN">ogradu</instance>
         <wf lemma="oko" pos="X">oko</wf>
         <wf lemma="naše" pos="X">naše</wf>
         <wf lemma="livade" pos="X">livade</wf>
         <wf lemma="." pos="X">.</wf>
      </sentence>
      <sentence id="d000.s5855" source="wordnet-croatian">
         <wf lemma="Jučer" pos="X">Jučer</wf>
         <wf lemma="su" pos="X">su</wf>
         <instance id="d000.s5855.t000" lemma="lansirati" pos="VERB">lansirali</instance>
         <wf lemma="svemirski" pos="X">svemirski</wf>
         <wf lemma="brod" pos="X">brod</wf>
         <wf lemma="." pos="X">.</wf>
      </sentence>
      <sentence id="d000.s5856" source="wordnet-croatian">
         <wf lemma="Učenici" pos="X">Učenici</wf>
         <wf lemma="su" pos="X">su</wf>
         <wf lemma="trebali" pos="X">trebali</wf>
         <wf lemma="odrediti" pos="X">odrediti</wf>
         <instance id="d000.s5856.t000" lemma="vid" pos="NOUN">vid</instance>
         <wf lemma="glagola" pos="X">glagola</wf>
         <wf lemma="." pos="X">.</wf>
      </sentence>
      <sentence id="d000.s5857" source="wordnet-croatian">
         <wf lemma="Novine" pos="X">Novine</wf>
         <wf lemma="su" pos="X">su</wf>
         <wf lemma="pune" pos="X">pune</wf>
         <wf lemma="senzacionalnih" pos="X">senzacionalnih</wf>
         <instance id="d000.s5857.t000" lemma="naslov" pos="NOUN">naslova</instance>
         <wf lemma="." pos="X">.</wf>
      </sentence>
      <sentence id="d000.s5858" source="wordnet-croatian">
         <wf lemma="Mogućnost" pos="X">Mogućnost</wf>
         <instance id="d000.s5858.t000" lemma="kompatibilnost" pos="NOUN">kompatibilnosti</instance>
         <wf lemma="organa" pos="X">organa</wf>
         <wf lemma="darivatelja" pos="X">darivatelja</wf>
         <wf lemma="i" pos="X">i</wf>
         <wf lemma="primatelja" pos="X">primatelja</wf>
         <wf lemma="manja" pos="X">manja</wf>
         <wf lemma="je" pos="X">je</wf>
         <wf lemma="ako" pos="X">ako</wf>
         <wf lemma="darivatelj" pos="X">darivatelj</wf>
         <wf lemma="i" pos="X">i</wf>
         <wf lemma="primatelj" pos="X">primatelj</wf>
         <wf lemma="nisu" pos="X">nisu</wf>
         <wf lemma="u" pos="X">u</wf>
         <wf lemma="bliskom" pos="X">bliskom</wf>
         <wf lemma="krvnom" pos="X">krvnom</wf>
         <wf lemma="srodstvu" pos="X">srodstvu</wf>
         <wf lemma="." pos="X">.</wf>
      </sentence>
      <sentence id="d000.s5859" source="wordnet-croatian">
         <wf lemma="Ne" pos="X">Ne</wf>
         <wf lemma="volim" pos="X">volim</wf>
         <instance id="d000.s5859.t000" lemma="telefonirati" pos="VERB">telefonirati</instance>
         <wf lemma="kada" pos="X">kada</wf>
         <wf lemma="vozim" pos="X">vozim</wf>
         <wf lemma="." pos="X">.</wf>
      </sentence>
      <sentence id="d000.s5860" source="wordnet-croatian">
         <wf lemma="Ksenija" pos="X">Ksenija</wf>
         <wf lemma="Pajić" pos="X">Pajić</wf>
         <wf lemma="dobila" pos="X">dobila</wf>
         <wf lemma="je" pos="X">je</wf>
         <instance id="d000.s5860.t000" lemma="uloga" pos="NOUN">ulogu</instance>
         <wf lemma="Tristanije" pos="X">Tristanije</wf>
         <wf lemma="u" pos="X">u</wf>
         <wf lemma="novoj" pos="X">novoj</wf>
         <wf lemma="izvedbi" pos="X">izvedbi</wf>
         <wf lemma="Shakespearea" pos="X">Shakespearea</wf>
         <wf lemma="." pos="X">.</wf>
      </sentence>
      <sentence id="d000.s5861" source="wordnet-croatian">
         <wf lemma="Nije" pos="X">Nije</wf>
         <wf lemma="lijepo" pos="X">lijepo</wf>
         <wf lemma="predati" pos="X">predati</wf>
         <wf lemma="zadaću" pos="X">zadaću</wf>
         <wf lemma="punu" pos="X">punu</wf>
         <instance id="d000.s5861.t000" lemma="brljotina" pos="NOUN">brljotina</instance>
         <wf lemma="." pos="X">.</wf>
      </sentence>
      <sentence id="d000.s5862" source="wordnet-croatian">
         <wf lemma="Svaki" pos="X">Svaki</wf>
         <wf lemma="putnik" pos="X">putnik</wf>
         <wf lemma="mora" pos="X">mora</wf>
         <wf lemma="imati" pos="X">imati</wf>
         <wf lemma="rezervaciju" pos="X">rezervaciju</wf>
         <wf lemma="za" pos="X">za</wf>
         <instance id="d000.s5862.t000" lemma="sjedalo" pos="NOUN">sjedalo</instance>
         <wf lemma="." pos="X">.</wf>
      </sentence>
      <sentence id="d000.s5863" source="wordnet-croatian">
         <wf lemma="Jozo" pos="X">Jozo</wf>
         <wf lemma="je" pos="X">je</wf>
         <instance id="d000.s5863.t000" lemma="izorati" pos="VERB">izorao</instance>
         <wf lemma="njivu" pos="X">njivu</wf>
         <wf lemma="još" pos="X">još</wf>
         <wf lemma="prije" pos="X">prije</wf>
         <wf lemma="dva" pos="X">dva</wf>
         <wf lemma="tjedna" pos="X">tjedna</wf>
         <wf lemma="." pos="X">.</wf>
      </sentence>
      <sentence id="d000.s5864" source="wordnet-croatian">
         <wf lemma="Imao" pos="X">Imao</wf>
         <wf lemma="je" pos="X">je</wf>
         <instance id="d000.s5864.t000" lemma="topao" pos="ADJ">topao</instance>
         <wf lemma="zimski" pos="X">zimski</wf>
         <wf lemma="kaput" pos="X">kaput</wf>
         <wf lemma="." pos="X">.</wf>
      </sentence>
      <sentence id="d000.s5865" source="wordnet-croatian">
         <wf lemma="Započela" pos="X">Započela</wf>
         <wf lemma="je" pos="X">je</wf>
         <wf lemma="sanacija" pos="X">sanacija</wf>
         <wf lemma="bazena" pos="X">bazena</wf>
         <wf lemma="nakon" pos="X">nakon</wf>
         <wf lemma="otkrića" pos="X">otkrića</wf>
         <wf lemma="velikih" pos="X">velikih</wf>
         <wf lemma="količina" pos="X">količina</wf>
         <instance id="d000.s5865.t000" lemma="lužina" pos="NOUN">lužine</instance>
         <wf lemma="." pos="X">.</wf>
      </sentence>
      <sentence id="d000.s5866" source="wordnet-croatian">
         <wf lemma="Crkva" pos="X">Crkva</wf>
         <wf lemma="je" pos="X">je</wf>
         <wf lemma="imala" pos="X">imala</wf>
         <wf lemma="starokršćanski" pos="X">starokršćanski</wf>
         <instance id="d000.s5866.t000" lemma="baptisterij" pos="NOUN">baptisterij</instance>
         <wf lemma="." pos="X">.</wf>
      </sentence>
      <sentence id="d000.s5867" source="wordnet-croatian">
         <wf lemma="Marko" pos="X">Marko</wf>
         <wf lemma="je" pos="X">je</wf>
         <wf lemma="dobar" pos="X">dobar</wf>
         <instance id="d000.s5867.t000" lemma="dečko" pos="NOUN">dečko</instance>
         <wf lemma="," pos="X">,</wf>
         <wf lemma="ne" pos="X">ne</wf>
         <wf lemma="bi" pos="X">bi</wf>
         <wf lemma="on" pos="X">on</wf>
         <wf lemma="ništa" pos="X">ništa</wf>
         <wf lemma="ukrao" pos="X">ukrao</wf>
         <wf lemma="." pos="X">.</wf>
      </sentence>
      <sentence id="d000.s5868" source="wordnet-croatian">
         <wf lemma="Egipatske" pos="X">Egipatske</wf>
         <wf lemma="piramide" pos="X">piramide</wf>
         <wf lemma="su" pos="X">su</wf>
         <instance id="d000.s5868.t000" lemma="djelo" pos="NOUN">djelo</instance>
         <wf lemma="ljudskih" pos="X">ljudskih</wf>
         <wf lemma="ruku" pos="X">ruku</wf>
         <wf lemma="." pos="X">.</wf>
      </sentence>
      <sentence id="d000.s5869" source="wordnet-croatian">
         <wf lemma="Zakleli" pos="X">Zakleli</wf>
         <wf lemma="su" pos="X">su</wf>
         <wf lemma="se" pos="X">se</wf>
         <wf lemma="jedno" pos="X">jedno</wf>
         <wf lemma="drugome" pos="X">drugome</wf>
         <wf lemma="na" pos="X">na</wf>
         <instance id="d000.s5869.t000" lemma="vjernost" pos="NOUN">vjernost</instance>
         <wf lemma="." pos="X">.</wf>
      </sentence>
      <sentence id="d000.s5870" source="wordnet-croatian">
         <wf lemma="Neću" pos="X">Neću</wf>
         <wf lemma="više" pos="X">više</wf>
         <wf lemma="trpjeti" pos="X">trpjeti</wf>
         <wf lemma="konstantno" pos="X">konstantno</wf>
         <instance id="d000.s5870.t000" lemma="ponižavanje" pos="NOUN">ponižavanje</instance>
         <wf lemma="pred" pos="X">pred</wf>
         <wf lemma="tvojim" pos="X">tvojim</wf>
         <wf lemma="suradnicima" pos="X">suradnicima</wf>
         <wf lemma="." pos="X">.</wf>
      </sentence>
      <sentence id="d000.s5871" source="wordnet-croatian">
         <wf lemma="Bus" pos="X">Bus</wf>
         <wf lemma="je" pos="X">je</wf>
         <wf lemma="imao" pos="X">imao</wf>
         <wf lemma="duže" pos="X">duže</wf>
         <instance id="d000.s5871.t000" lemma="stajanje" pos="NOUN">stajanje</instance>
         <wf lemma="u" pos="X">u</wf>
         <wf lemma="Splitu" pos="X">Splitu</wf>
         <wf lemma="." pos="X">.</wf>
      </sentence>
      <sentence id="d000.s5872" source="wordnet-croatian">
         <wf lemma="Rušenje" pos="X">Rušenje</wf>
         <wf lemma="Berlinskoga" pos="X">Berlinskoga</wf>
         <wf lemma="zida" pos="X">zida</wf>
         <wf lemma="bilo" pos="X">bilo</wf>
         <wf lemma="je" pos="X">je</wf>
         <wf lemma="veliki" pos="X">veliki</wf>
         <instance id="d000.s5872.t000" lemma="povijesni" pos="ADJ">povijesni</instance>
         <wf lemma="trenutak" pos="X">trenutak</wf>
         <wf lemma="." pos="X">.</wf>
      </sentence>
      <sentence id="d000.s5873" source="wordnet-croatian">
         <wf lemma="U" pos="X">U</wf>
         <wf lemma="njegovu" pos="X">njegovu</wf>
         <wf lemma="je" pos="X">je</wf>
         <wf lemma="glasu" pos="X">glasu</wf>
         <wf lemma="osjetila" pos="X">osjetila</wf>
         <instance id="d000.s5873.t000" lemma="prizvuk" pos="NOUN">prizvuk</instance>
         <wf lemma="ljubomore" pos="X">ljubomore</wf>
         <wf lemma="." pos="X">.</wf>
      </sentence>
      <sentence id="d000.s5874" source="wordnet-croatian">
         <instance id="d000.s5874.t000" lemma="organ" pos="NOUN">Organ</instance>
         <wf lemma="reda" pos="X">reda</wf>
         <wf lemma="u" pos="X">u</wf>
         <wf lemma="ovoj" pos="X">ovoj</wf>
         <wf lemma="državi" pos="X">državi</wf>
         <wf lemma="je" pos="X">je</wf>
         <wf lemma="policija" pos="X">policija</wf>
         <wf lemma="." pos="X">.</wf>
      </sentence>
      <sentence id="d000.s5875" source="wordnet-croatian">
         <wf lemma="Vjernici" pos="X">Vjernici</wf>
         <wf lemma="se" pos="X">se</wf>
         <wf lemma="slažu" pos="X">slažu</wf>
         <wf lemma="da" pos="X">da</wf>
         <wf lemma="je" pos="X">je</wf>
         <wf lemma="država" pos="X">država</wf>
         <wf lemma="svjetovna" pos="X">svjetovna</wf>
         <wf lemma="i" pos="X">i</wf>
         <wf lemma="laička" pos="X">laička</wf>
         <wf lemma="stvarnost" pos="X">stvarnost</wf>
         <wf lemma="," pos="X">,</wf>
         <wf lemma="ali" pos="X">ali</wf>
         <wf lemma="njezinu" pos="X">njezinu</wf>
         <instance id="d000.s5875.t000" lemma="svjetovnost" pos="NOUN">svjetovnost</instance>
         <wf lemma="drukčije" pos="X">drukčije</wf>
         <wf lemma="poimaju" pos="X">poimaju</wf>
         <wf lemma="i" pos="X">i</wf>
         <wf lemma="vrednuju" pos="X">vrednuju</wf>
         <wf lemma="." pos="X">.</wf>
      </sentence>
      <sentence id="d000.s5876" source="wordnet-croatian">
         <wf lemma="Izgubili" pos="X">Izgubili</wf>
         <wf lemma="su" pos="X">su</wf>
         <wf lemma="sve" pos="X">sve</wf>
         <wf lemma="u" pos="X">u</wf>
         <wf lemma="velikom" pos="X">velikom</wf>
         <instance id="d000.s5876.t000" lemma="požar" pos="NOUN">požaru</instance>
         <wf lemma="ovog" pos="X">ovog</wf>
         <wf lemma="ljeta" pos="X">ljeta</wf>
         <wf lemma="." pos="X">.</wf>
      </sentence>
      <sentence id="d000.s5877" source="wordnet-croatian">
         <wf lemma="Novija" pos="X">Novija</wf>
         <wf lemma="istraživanja" pos="X">istraživanja</wf>
         <wf lemma="pokazuju" pos="X">pokazuju</wf>
         <wf lemma="da" pos="X">da</wf>
         <wf lemma="nam" pos="X">nam</wf>
         <wf lemma="je" pos="X">je</wf>
         <instance id="d000.s5877.t000" lemma="suosjećanje" pos="NOUN">suosjećanje</instance>
         <wf lemma="s" pos="X">s</wf>
         <wf lemma="tuđim" pos="X">tuđim</wf>
         <wf lemma="patnjama" pos="X">patnjama</wf>
         <wf lemma="urođeno" pos="X">urođeno</wf>
         <wf lemma="." pos="X">.</wf>
      </sentence>
      <sentence id="d000.s5878" source="wordnet-croatian">
         <wf lemma="Kaputić" pos="X">Kaputić</wf>
         <wf lemma="je" pos="X">je</wf>
         <wf lemma="imao" pos="X">imao</wf>
         <instance id="d000.s5878.t000" lemma="pojas" pos="NOUN">pojas</instance>
         <wf lemma="oko" pos="X">oko</wf>
         <wf lemma="struka" pos="X">struka</wf>
         <wf lemma="." pos="X">.</wf>
      </sentence>
      <sentence id="d000.s5879" source="wordnet-croatian">
         <wf lemma="Nije" pos="X">Nije</wf>
         <wf lemma="mogao" pos="X">mogao</wf>
         <wf lemma="isprati" pos="X">isprati</wf>
         <instance id="d000.s5879.t000" lemma="ljaga" pos="NOUN">ljagu</instance>
         <wf lemma="sa" pos="X">sa</wf>
         <wf lemma="svoga" pos="X">svoga</wf>
         <wf lemma="imena" pos="X">imena</wf>
         <wf lemma="nakon" pos="X">nakon</wf>
         <wf lemma="nezgode" pos="X">nezgode</wf>
         <wf lemma="koja" pos="X">koja</wf>
         <wf lemma="je" pos="X">je</wf>
         <wf lemma="uslijedila" pos="X">uslijedila</wf>
         <wf lemma="zbog" pos="X">zbog</wf>
         <wf lemma="učestale" pos="X">učestale</wf>
         <wf lemma="i" pos="X">i</wf>
         <wf lemma="pretjerane" pos="X">pretjerane</wf>
         <wf lemma="uporabe" pos="X">uporabe</wf>
         <wf lemma="alkohola" pos="X">alkohola</wf>
         <wf lemma="." pos="X">.</wf>
      </sentence>
      <sentence id="d000.s5880" source="wordnet-croatian">
         <wf lemma="Doveli" pos="X">Doveli</wf>
         <wf lemma="su" pos="X">su</wf>
         <wf lemma="ga" pos="X">ga</wf>
         <wf lemma="kako" pos="X">kako</wf>
         <wf lemma="bi" pos="X">bi</wf>
         <wf lemma="nadgledao" pos="X">nadgledao</wf>
         <instance id="d000.s5880.t000" lemma="ustrojavanje" pos="NOUN">ustrojavanje</instance>
         <wf lemma="novoga" pos="X">novoga</wf>
         <wf lemma="odjela" pos="X">odjela</wf>
         <wf lemma="." pos="X">.</wf>
      </sentence>
      <sentence id="d000.s5881" source="wordnet-croatian">
         <instance id="d000.s5881.t000" lemma="olovo" pos="NOUN">Olovo</instance>
         <wf lemma="je" pos="X">je</wf>
         <wf lemma="u" pos="X">u</wf>
         <wf lemma="većim" pos="X">većim</wf>
         <wf lemma="količinama" pos="X">količinama</wf>
         <wf lemma="otrovno" pos="X">otrovno</wf>
         <wf lemma="za" pos="X">za</wf>
         <wf lemma="ljude" pos="X">ljude</wf>
         <wf lemma="." pos="X">.</wf>
      </sentence>
      <sentence id="d000.s5882" source="wordnet-croatian">
         <wf lemma="Kvalitetan" pos="X">Kvalitetan</wf>
         <instance id="d000.s5882.t000" lemma="stereo" pos="NOUN">stereo</instance>
         <wf lemma="sistem" pos="X">sistem</wf>
         <wf lemma="ugrađen" pos="X">ugrađen</wf>
         <wf lemma="u" pos="X">u</wf>
         <wf lemma="auto" pos="X">auto</wf>
         <wf lemma="čini" pos="X">čini</wf>
         <wf lemma="vožnju" pos="X">vožnju</wf>
         <wf lemma="ugodnijom" pos="X">ugodnijom</wf>
         <wf lemma="." pos="X">.</wf>
      </sentence>
      <sentence id="d000.s5883" source="wordnet-croatian">
         <instance id="d000.s5883.t000" lemma="smještaj" pos="NOUN">Smještaj</instance>
         <wf lemma="grada" pos="X">grada</wf>
         <wf lemma="bio" pos="X">bio</wf>
         <wf lemma="je" pos="X">je</wf>
         <wf lemma="važan" pos="X">važan</wf>
         <wf lemma="za" pos="X">za</wf>
         <wf lemma="trgovinu" pos="X">trgovinu</wf>
         <wf lemma="." pos="X">.</wf>
      </sentence>
      <sentence id="d000.s5884" source="wordnet-croatian">
         <wf lemma="Ne" pos="X">Ne</wf>
         <instance id="d000.s5884.t000" lemma="pokrivati" pos="VERB">pokrivam</instance>
         <wf lemma="dobro" pos="X">dobro</wf>
         <wf lemma="područje" pos="X">područje</wf>
         <wf lemma="matematike" pos="X">matematike</wf>
         <wf lemma="." pos="X">.</wf>
      </sentence>
      <sentence id="d000.s5885" source="wordnet-croatian">
         <instance id="d000.s5885.t000" lemma="spomenik" pos="NOUN">Spomenik</instance>
         <wf lemma="kralju" pos="X">kralju</wf>
         <wf lemma="Tomislavu" pos="X">Tomislavu</wf>
         <wf lemma="stvarno" pos="X">stvarno</wf>
         <wf lemma="je" pos="X">je</wf>
         <wf lemma="impresivan" pos="X">impresivan</wf>
         <wf lemma="." pos="X">.</wf>
      </sentence>
      <sentence id="d000.s5886" source="wordnet-croatian">
         <wf lemma="Građanska" pos="X">Građanska</wf>
         <instance id="d000.s5886.t000" lemma="otmjenost" pos="NOUN">otmjenost</instance>
         <wf lemma="nerijetko" pos="X">nerijetko</wf>
         <wf lemma="skriva" pos="X">skriva</wf>
         <wf lemma="obiteljski" pos="X">obiteljski</wf>
         <wf lemma="pakao" pos="X">pakao</wf>
         <wf lemma="." pos="X">.</wf>
      </sentence>
      <sentence id="d000.s5887" source="wordnet-croatian">
         <wf lemma="Imao" pos="X">Imao</wf>
         <wf lemma="je" pos="X">je</wf>
         <instance id="d000.s5887.t000" lemma="znatan" pos="ADJ">znatan</instance>
         <wf lemma="udio" pos="X">udio</wf>
         <wf lemma="u" pos="X">u</wf>
         <wf lemma="ostvarivanju" pos="X">ostvarivanju</wf>
         <wf lemma="projekta" pos="X">projekta</wf>
         <wf lemma="." pos="X">.</wf>
      </sentence>
      <sentence id="d000.s5888" source="wordnet-croatian">
         <wf lemma="Ljetna" pos="X">Ljetna</wf>
         <wf lemma="odjeća" pos="X">odjeća</wf>
         <wf lemma="u" pos="X">u</wf>
         <wf lemma="jesen" pos="X">jesen</wf>
         <wf lemma="dolazi" pos="X">dolazi</wf>
         <wf lemma="na" pos="X">na</wf>
         <instance id="d000.s5888.t000" lemma="rasprodaja" pos="NOUN">rasprodaju</instance>
         <wf lemma="." pos="X">.</wf>
      </sentence>
      <sentence id="d000.s5889" source="wordnet-croatian">
         <wf lemma="Uvijek" pos="X">Uvijek</wf>
         <wf lemma="bi" pos="X">bi</wf>
         <wf lemma="je" pos="X">je</wf>
         <wf lemma="hvatala" pos="X">hvatala</wf>
         <instance id="d000.s5889.t000" lemma="panika" pos="NOUN">panika</instance>
         <wf lemma="prije" pos="X">prije</wf>
         <wf lemma="ispita" pos="X">ispita</wf>
         <wf lemma="." pos="X">.</wf>
      </sentence>
      <sentence id="d000.s5890" source="wordnet-croatian">
         <instance id="d000.s5890.t000" lemma="materija" pos="NOUN">Materija</instance>
         <wf lemma="je" pos="X">je</wf>
         <wf lemma="prolazna" pos="X">prolazna</wf>
         <wf lemma="i" pos="X">i</wf>
         <wf lemma="porozna" pos="X">porozna</wf>
         <wf lemma="," pos="X">,</wf>
         <wf lemma="intelekt" pos="X">intelekt</wf>
         <wf lemma="je" pos="X">je</wf>
         <wf lemma="vječan" pos="X">vječan</wf>
         <wf lemma="." pos="X">.</wf>
      </sentence>
      <sentence id="d000.s5891" source="wordnet-croatian">
         <wf lemma="Uživala" pos="X">Uživala</wf>
         <wf lemma="je" pos="X">je</wf>
         <wf lemma="radeći" pos="X">radeći</wf>
         <wf lemma="ljustvice" pos="X">ljustvice</wf>
         <wf lemma="po" pos="X">po</wf>
         <wf lemma="kojima" pos="X">kojima</wf>
         <wf lemma="će" pos="X">će</wf>
         <wf lemma="se" pos="X">se</wf>
         <wf lemma="penjati" pos="X">penjati</wf>
         <instance id="d000.s5891.t000" lemma="mahunarka" pos="NOUN">mahunarke</instance>
         <wf lemma="u" pos="X">u</wf>
         <wf lemma="vrtu" pos="X">vrtu</wf>
         <wf lemma="njezine" pos="X">njezine</wf>
         <wf lemma="bake" pos="X">bake</wf>
         <wf lemma="." pos="X">.</wf>
      </sentence>
      <sentence id="d000.s5892" source="wordnet-croatian">
         <wf lemma="Cijelo" pos="X">Cijelo</wf>
         <wf lemma="sam" pos="X">sam</wf>
         <wf lemma="jutro" pos="X">jutro</wf>
         <instance id="d000.s5892.t000" lemma="provjetravati" pos="VERB">provjetravala</instance>
         <wf lemma="kuću" pos="X">kuću</wf>
         <wf lemma="." pos="X">.</wf>
      </sentence>
      <sentence id="d000.s5893" source="wordnet-croatian">
         <instance id="d000.s5893.t000" lemma="dopustiti" pos="VERB">Dopustit</instance>
         <wf lemma="ću" pos="X">ću</wf>
         <wf lemma="djeci" pos="X">djeci</wf>
         <wf lemma="da" pos="X">da</wf>
         <wf lemma="ponekad" pos="X">ponekad</wf>
         <wf lemma="preskoče" pos="X">preskoče</wf>
         <wf lemma="večeru" pos="X">večeru</wf>
         <wf lemma="," pos="X">,</wf>
         <wf lemma="ali" pos="X">ali</wf>
         <wf lemma="nikada" pos="X">nikada</wf>
         <wf lemma="doručak" pos="X">doručak</wf>
         <wf lemma="." pos="X">.</wf>
      </sentence>
      <sentence id="d000.s5894" source="wordnet-croatian">
         <wf lemma="Život" pos="X">Život</wf>
         <wf lemma="je" pos="X">je</wf>
         <wf lemma="potekao" pos="X">potekao</wf>
         <wf lemma="i" pos="X">i</wf>
         <instance id="d000.s5894.t000" lemma="evoluirati" pos="VERB">evoluirao</instance>
         <wf lemma="u" pos="X">u</wf>
         <wf lemma="moru" pos="X">moru</wf>
         <wf lemma="." pos="X">.</wf>
      </sentence>
      <sentence id="d000.s5895" source="wordnet-croatian">
         <wf lemma="Njezina" pos="X">Njezina</wf>
         <instance id="d000.s5895.t000" lemma="nakaznost" pos="NOUN">nakaznost</instance>
         <wf lemma="izazivala" pos="X">izazivala</wf>
         <wf lemma="je" pos="X">je</wf>
         <wf lemma="kod" pos="X">kod</wf>
         <wf lemma="njega" pos="X">njega</wf>
         <wf lemma="suosjećanje" pos="X">suosjećanje</wf>
         <wf lemma="." pos="X">.</wf>
      </sentence>
      <sentence id="d000.s5896" source="wordnet-croatian">
         <wf lemma="Idući" pos="X">Idući</wf>
         <wf lemma="vikend" pos="X">vikend</wf>
         <wf lemma="idemo" pos="X">idemo</wf>
         <wf lemma="kod" pos="X">kod</wf>
         <wf lemma="njezine" pos="X">njezine</wf>
         <instance id="d000.s5896.t000" lemma="baba" pos="NOUN">babe</instance>
         <wf lemma="." pos="X">.</wf>
      </sentence>
      <sentence id="d000.s5897" source="wordnet-croatian">
         <wf lemma="Neugodno" pos="X">Neugodno</wf>
         <wf lemma="sam" pos="X">sam</wf>
         <wf lemma="se" pos="X">se</wf>
         <wf lemma="iznenadila" pos="X">iznenadila</wf>
         <wf lemma="kad" pos="X">kad</wf>
         <wf lemma="sam" pos="X">sam</wf>
         <wf lemma="čula" pos="X">čula</wf>
         <wf lemma="da" pos="X">da</wf>
         <wf lemma="su" pos="X">su</wf>
         <instance id="d000.s5897.t000" lemma="opljačkati" pos="VERB">opljačkali</instance>
         <wf lemma="stan" pos="X">stan</wf>
         <wf lemma="u" pos="X">u</wf>
         <wf lemma="mojoj" pos="X">mojoj</wf>
         <wf lemma="zgradi" pos="X">zgradi</wf>
         <wf lemma="." pos="X">.</wf>
      </sentence>
      <sentence id="d000.s5898" source="wordnet-croatian">
         <wf lemma="Uski" pos="X">Uski</wf>
         <wf lemma="je" pos="X">je</wf>
         <wf lemma="puteljak" pos="X">puteljak</wf>
         <instance id="d000.s5898.t000" lemma="krivudati" pos="VERB">krivudao</instance>
         <wf lemma="kroz" pos="X">kroz</wf>
         <wf lemma="vinograde" pos="X">vinograde</wf>
         <wf lemma="." pos="X">.</wf>
      </sentence>
      <sentence id="d000.s5899" source="wordnet-croatian">
         <wf lemma="Penkala" pos="X">Penkala</wf>
         <wf lemma="je" pos="X">je</wf>
         <wf lemma="kao" pos="X">kao</wf>
         <wf lemma="dječak" pos="X">dječak</wf>
         <wf lemma="rastavljao" pos="X">rastavljao</wf>
         <wf lemma="satne" pos="X">satne</wf>
         <instance id="d000.s5899.t000" lemma="mehanizam" pos="NOUN">mehanizme</instance>
         <wf lemma="jer" pos="X">jer</wf>
         <wf lemma="ga" pos="X">ga</wf>
         <wf lemma="je" pos="X">je</wf>
         <wf lemma="zanimalo" pos="X">zanimalo</wf>
         <wf lemma="kako" pos="X">kako</wf>
         <wf lemma="rade" pos="X">rade</wf>
         <wf lemma="." pos="X">.</wf>
      </sentence>
      <sentence id="d000.s5900" source="wordnet-croatian">
         <wf lemma="Najviše" pos="X">Najviše</wf>
         <wf lemma="je" pos="X">je</wf>
         <wf lemma="cijenio" pos="X">cijenio</wf>
         <wf lemma="ljude" pos="X">ljude</wf>
         <wf lemma="velikoga" pos="X">velikoga</wf>
         <instance id="d000.s5900.t000" lemma="znanje" pos="NOUN">znanja</instance>
         <wf lemma="s" pos="X">s</wf>
         <wf lemma="kojima" pos="X">kojima</wf>
         <wf lemma="je" pos="X">je</wf>
         <wf lemma="mogao" pos="X">mogao</wf>
         <wf lemma="pripovijedati" pos="X">pripovijedati</wf>
         <wf lemma="o" pos="X">o</wf>
         <wf lemma="svemu" pos="X">svemu</wf>
         <wf lemma="što" pos="X">što</wf>
         <wf lemma="mu" pos="X">mu</wf>
         <wf lemma="padne" pos="X">padne</wf>
         <wf lemma="na" pos="X">na</wf>
         <wf lemma="pamet" pos="X">pamet</wf>
         <wf lemma="." pos="X">.</wf>
      </sentence>
      <sentence id="d000.s5901" source="wordnet-croatian">
         <wf lemma="Imao" pos="X">Imao</wf>
         <wf lemma="je" pos="X">je</wf>
         <wf lemma="stvarno" pos="X">stvarno</wf>
         <wf lemma="dubok" pos="X">dubok</wf>
         <instance id="d000.s5901.t000" lemma="bas" pos="NOUN">bas</instance>
         <wf lemma="." pos="X">.</wf>
      </sentence>
      <sentence id="d000.s5902" source="wordnet-croatian">
         <wf lemma="U" pos="X">U</wf>
         <wf lemma="zatvoru" pos="X">zatvoru</wf>
         <wf lemma="sam" pos="X">sam</wf>
         <wf lemma="se" pos="X">se</wf>
         <wf lemma="zadržao" pos="X">zadržao</wf>
         <wf lemma="samo" pos="X">samo</wf>
         <instance id="d000.s5902.t000" lemma="kratak" pos="ADJ">kratko</instance>
         <wf lemma="vrijeme" pos="X">vrijeme</wf>
         <wf lemma="." pos="X">.</wf>
      </sentence>
      <sentence id="d000.s5903" source="wordnet-croatian">
         <instance id="d000.s5903.t000" lemma="iritiranje" pos="NOUN">Iritiranje</instance>
         <wf lemma="zbog" pos="X">zbog</wf>
         <wf lemma="glasne" pos="X">glasne</wf>
         <wf lemma="glazbe" pos="X">glazbe</wf>
         <wf lemma="navelo" pos="X">navelo</wf>
         <wf lemma="ga" pos="X">ga</wf>
         <wf lemma="je" pos="X">je</wf>
         <wf lemma="da" pos="X">da</wf>
         <wf lemma="se" pos="X">se</wf>
         <wf lemma="preseli" pos="X">preseli</wf>
         <wf lemma="u" pos="X">u</wf>
         <wf lemma="drugi" pos="X">drugi</wf>
         <wf lemma="stan" pos="X">stan</wf>
         <wf lemma="." pos="X">.</wf>
      </sentence>
      <sentence id="d000.s5904" source="wordnet-croatian">
         <instance id="d000.s5904.t000" lemma="pouzdanost" pos="NOUN">Pouzdanost</instance>
         <wf lemma="kućnih" pos="X">kućnih</wf>
         <wf lemma="testova" pos="X">testova</wf>
         <wf lemma="na" pos="X">na</wf>
         <wf lemma="trudnoću" pos="X">trudnoću</wf>
         <wf lemma="nije" pos="X">nije</wf>
         <wf lemma="stopostotna" pos="X">stopostotna</wf>
         <wf lemma="." pos="X">.</wf>
      </sentence>
      <sentence id="d000.s5905" source="wordnet-croatian">
         <wf lemma="Uvijek" pos="X">Uvijek</wf>
         <wf lemma="je" pos="X">je</wf>
         <wf lemma="pazila" pos="X">pazila</wf>
         <wf lemma="da" pos="X">da</wf>
         <wf lemma="joj" pos="X">joj</wf>
         <instance id="d000.s5905.t000" lemma="posteljina" pos="NOUN">posteljina</instance>
         <wf lemma="na" pos="X">na</wf>
         <wf lemma="krevetu" pos="X">krevetu</wf>
         <wf lemma="bude" pos="X">bude</wf>
         <wf lemma="čista" pos="X">čista</wf>
         <wf lemma="i" pos="X">i</wf>
         <wf lemma="zategnuta" pos="X">zategnuta</wf>
         <wf lemma="." pos="X">.</wf>
      </sentence>
      <sentence id="d000.s5906" source="wordnet-croatian">
         <wf lemma="Svako" pos="X">Svako</wf>
         <wf lemma="tijelo" pos="X">tijelo</wf>
         <wf lemma="ima" pos="X">ima</wf>
         <wf lemma="gustoću" pos="X">gustoću</wf>
         <wf lemma="," pos="X">,</wf>
         <instance id="d000.s5906.t000" lemma="masa" pos="NOUN">masu</instance>
         <wf lemma="i" pos="X">i</wf>
         <wf lemma="volumen" pos="X">volumen</wf>
         <wf lemma="." pos="X">.</wf>
      </sentence>
      <sentence id="d000.s5907" source="wordnet-croatian">
         <wf lemma="Sljedeća" pos="X">Sljedeća</wf>
         <wf lemma="su" pos="X">su</wf>
         <wf lemma="24" pos="X">24</wf>
         <wf lemma="sata" pos="X">sata</wf>
         <instance id="d000.s5907.t000" lemma="presudan" pos="ADJ">presudna</instance>
         <wf lemma="," pos="X">,</wf>
         <wf lemma="ako" pos="X">ako</wf>
         <wf lemma="prođu" pos="X">prođu</wf>
         <wf lemma="bez" pos="X">bez</wf>
         <wf lemma="komplikacija" pos="X">komplikacija</wf>
         <wf lemma="," pos="X">,</wf>
         <wf lemma="možemo" pos="X">možemo</wf>
         <wf lemma="se" pos="X">se</wf>
         <wf lemma="nadati" pos="X">nadati</wf>
         <wf lemma="njezinu" pos="X">njezinu</wf>
         <wf lemma="oporavku" pos="X">oporavku</wf>
         <wf lemma="." pos="X">.</wf>
      </sentence>
      <sentence id="d000.s5908" source="wordnet-croatian">
         <wf lemma="U" pos="X">U</wf>
         <wf lemma="kući" pos="X">kući</wf>
         <wf lemma="je" pos="X">je</wf>
         <wf lemma="najvredniji" pos="X">najvredniji</wf>
         <wf lemma="predmet" pos="X">predmet</wf>
         <wf lemma="bilo" pos="X">bilo</wf>
         <wf lemma="300" pos="X">300</wf>
         <wf lemma="godina" pos="X">godina</wf>
         <wf lemma="staro" pos="X">staro</wf>
         <instance id="d000.s5908.t000" lemma="čembalo" pos="NOUN">čembalo</instance>
         <wf lemma="." pos="X">.</wf>
      </sentence>
      <sentence id="d000.s5909" source="wordnet-croatian">
         <wf lemma="Gdje" pos="X">Gdje</wf>
         <wf lemma="si" pos="X">si</wf>
         <instance id="d000.s5909.t000" lemma="nabaviti" pos="VERB">nabavila</instance>
         <wf lemma="tu" pos="X">tu</wf>
         <wf lemma="torbicu" pos="X">torbicu</wf>
         <wf lemma="?" pos="X">?</wf>
      </sentence>
      <sentence id="d000.s5910" source="wordnet-croatian">
         <wf lemma="Bombe" pos="X">Bombe</wf>
         <wf lemma="su" pos="X">su</wf>
         <instance id="d000.s5910.t000" lemma="padati" pos="VERB">padale</instance>
         <wf lemma="po" pos="X">po</wf>
         <wf lemma="neprijateljskim" pos="X">neprijateljskim</wf>
         <wf lemma="ciljevima" pos="X">ciljevima</wf>
         <wf lemma="." pos="X">.</wf>
      </sentence>
      <sentence id="d000.s5911" source="wordnet-croatian">
         <wf lemma="Profesor" pos="X">Profesor</wf>
         <wf lemma="nam" pos="X">nam</wf>
         <wf lemma="je" pos="X">je</wf>
         <wf lemma="pokušao" pos="X">pokušao</wf>
         <wf lemma="prenijeti" pos="X">prenijeti</wf>
         <wf lemma="svoje" pos="X">svoje</wf>
         <instance id="d000.s5911.t000" lemma="znanje" pos="NOUN">znanje</instance>
         <wf lemma="o" pos="X">o</wf>
         <wf lemma="morfološkim" pos="X">morfološkim</wf>
         <wf lemma="strukturama" pos="X">strukturama</wf>
         <wf lemma="hrvatskoga" pos="X">hrvatskoga</wf>
         <wf lemma="jezika" pos="X">jezika</wf>
         <wf lemma="." pos="X">.</wf>
      </sentence>
      <sentence id="d000.s5912" source="wordnet-croatian">
         <wf lemma="Nakon" pos="X">Nakon</wf>
         <wf lemma="dugotrajna" pos="X">dugotrajna</wf>
         <wf lemma="oživljavanja" pos="X">oživljavanja</wf>
         <wf lemma="proglasili" pos="X">proglasili</wf>
         <wf lemma="su" pos="X">su</wf>
         <wf lemma="ga" pos="X">ga</wf>
         <instance id="d000.s5912.t000" lemma="mrtav" pos="ADJ">mrtvim</instance>
         <wf lemma="." pos="X">.</wf>
      </sentence>
      <sentence id="d000.s5913" source="wordnet-croatian">
         <wf lemma="Mirko" pos="X">Mirko</wf>
         <wf lemma="je" pos="X">je</wf>
         <wf lemma="otišao" pos="X">otišao</wf>
         <wf lemma="do" pos="X">do</wf>
         <instance id="d000.s5913.t000" lemma="komoda" pos="NOUN">komode</instance>
         <wf lemma="po" pos="X">po</wf>
         <wf lemma="čaše" pos="X">čaše</wf>
         <wf lemma="da" pos="X">da</wf>
         <wf lemma="nazdrave" pos="X">nazdrave</wf>
         <wf lemma="." pos="X">.</wf>
      </sentence>
      <sentence id="d000.s5914" source="wordnet-croatian">
         <wf lemma="Ovaj" pos="X">Ovaj</wf>
         <wf lemma="će" pos="X">će</wf>
         <wf lemma="iznos" pos="X">iznos</wf>
         <instance id="d000.s5914.t000" lemma="dostajati" pos="VERB">dostajati</instance>
         <wf lemma="za" pos="X">za</wf>
         <wf lemma="današnji" pos="X">današnji</wf>
         <wf lemma="ručak" pos="X">ručak</wf>
         <wf lemma="." pos="X">.</wf>
      </sentence>
      <sentence id="d000.s5915" source="wordnet-croatian">
         <wf lemma="Nitko" pos="X">Nitko</wf>
         <wf lemma="nikada" pos="X">nikada</wf>
         <wf lemma="nije" pos="X">nije</wf>
         <wf lemma="posumnjao" pos="X">posumnjao</wf>
         <wf lemma="u" pos="X">u</wf>
         <instance id="d000.s5915.t000" lemma="kvaliteta" pos="NOUN">kvalitetu</instance>
         <wf lemma="njegovih" pos="X">njegovih</wf>
         <wf lemma="radova" pos="X">radova</wf>
         <wf lemma="." pos="X">.</wf>
      </sentence>
      <sentence id="d000.s5916" source="wordnet-croatian">
         <wf lemma="Ponekad" pos="X">Ponekad</wf>
         <wf lemma="je" pos="X">je</wf>
         <wf lemma="potrebno" pos="X">potrebno</wf>
         <wf lemma="promijenjiti" pos="X">promijenjiti</wf>
         <instance id="d000.s5916.t000" lemma="kut" pos="NOUN">kut</instance>
         <wf lemma="viđenja" pos="X">viđenja</wf>
         <wf lemma="svijeta" pos="X">svijeta</wf>
         <wf lemma="da" pos="X">da</wf>
         <wf lemma="bismo" pos="X">bismo</wf>
         <wf lemma="mogli" pos="X">mogli</wf>
         <wf lemma="razumjeti" pos="X">razumjeti</wf>
         <wf lemma="druge" pos="X">druge</wf>
         <wf lemma="." pos="X">.</wf>
      </sentence>
      <sentence id="d000.s5917" source="wordnet-croatian">
         <wf lemma="Naporno" pos="X">Naporno</wf>
         <wf lemma="sam" pos="X">sam</wf>
         <instance id="d000.s5917.t000" lemma="raditi" pos="VERB">radila</instance>
         <wf lemma="da" pos="X">da</wf>
         <wf lemma="bih" pos="X">bih</wf>
         <wf lemma="diplomirala" pos="X">diplomirala</wf>
         <wf lemma="na" pos="X">na</wf>
         <wf lemma="vrijeme" pos="X">vrijeme</wf>
         <wf lemma="." pos="X">.</wf>
      </sentence>
      <sentence id="d000.s5918" source="wordnet-croatian">
         <wf lemma="Dečki" pos="X">Dečki</wf>
         <wf lemma="su" pos="X">su</wf>
         <instance id="d000.s5918.t000" lemma="povješati" pos="VERB">povješali</instance>
         <wf lemma="lampione" pos="X">lampione</wf>
         <wf lemma="po" pos="X">po</wf>
         <wf lemma="sobi" pos="X">sobi</wf>
         <wf lemma="kako" pos="X">kako</wf>
         <wf lemma="bi" pos="X">bi</wf>
         <wf lemma="je" pos="X">je</wf>
         <wf lemma="ukrasili" pos="X">ukrasili</wf>
         <wf lemma="za" pos="X">za</wf>
         <wf lemma="predstojeću" pos="X">predstojeću</wf>
         <wf lemma="zabavu" pos="X">zabavu</wf>
         <wf lemma="." pos="X">.</wf>
      </sentence>
      <sentence id="d000.s5919" source="wordnet-croatian">
         <instance id="d000.s5919.t000" lemma="voziti" pos="VERB">Vozi</instance>
         <wf lemma="taksi" pos="X">taksi</wf>
         <wf lemma="u" pos="X">u</wf>
         <wf lemma="Zagrebu" pos="X">Zagrebu</wf>
         <wf lemma="." pos="X">.</wf>
      </sentence>
      <sentence id="d000.s5920" source="wordnet-croatian">
         <instance id="d000.s5920.t000" lemma="nosiljka" pos="NOUN">Nosiljka</instance>
         <wf lemma="za" pos="X">za</wf>
         <wf lemma="dijete" pos="X">dijete</wf>
         <wf lemma="vrlo" pos="X">vrlo</wf>
         <wf lemma="je" pos="X">je</wf>
         <wf lemma="praktična" pos="X">praktična</wf>
         <wf lemma="i" pos="X">i</wf>
         <wf lemma="korisna" pos="X">korisna</wf>
         <wf lemma="." pos="X">.</wf>
      </sentence>
      <sentence id="d000.s5921" source="wordnet-croatian">
         <wf lemma="Glumac" pos="X">Glumac</wf>
         <wf lemma="u" pos="X">u</wf>
         <wf lemma="toj" pos="X">toj</wf>
         <instance id="d000.s5921.t000" lemma="predstaviti" pos="VERB">predstavi</instance>
         <wf lemma="savršeno" pos="X">savršeno</wf>
         <wf lemma="je" pos="X">je</wf>
         <wf lemma="utjelovio" pos="X">utjelovio</wf>
         <wf lemma="Hamleta" pos="X">Hamleta</wf>
         <wf lemma="." pos="X">.</wf>
      </sentence>
      <sentence id="d000.s5922" source="wordnet-croatian">
         <wf lemma="Ovo" pos="X">Ovo</wf>
         <wf lemma="cijelo" pos="X">cijelo</wf>
         <instance id="d000.s5922.t000" lemma="mjesto" pos="NOUN">mjesto</instance>
         <wf lemma="ima" pos="X">ima</wf>
         <wf lemma="čudan" pos="X">čudan</wf>
         <wf lemma="miris" pos="X">miris</wf>
         <wf lemma="u" pos="X">u</wf>
         <wf lemma="zraku" pos="X">zraku</wf>
         <wf lemma="." pos="X">.</wf>
      </sentence>
      <sentence id="d000.s5923" source="wordnet-croatian">
         <wf lemma="Raskinuo" pos="X">Raskinuo</wf>
         <wf lemma="sam" pos="X">sam</wf>
         <wf lemma="ugovor" pos="X">ugovor</wf>
         <wf lemma="sa" pos="X">sa</wf>
         <wf lemma="svojim" pos="X">svojim</wf>
         <instance id="d000.s5923.t000" lemma="građevinac" pos="NOUN">građevincem</instance>
         <wf lemma="jer" pos="X">jer</wf>
         <wf lemma="je" pos="X">je</wf>
         <wf lemma="previše" pos="X">previše</wf>
         <wf lemma="naplatio" pos="X">naplatio</wf>
         <wf lemma="fasadu" pos="X">fasadu</wf>
         <wf lemma="." pos="X">.</wf>
      </sentence>
      <sentence id="d000.s5924" source="wordnet-croatian">
         <wf lemma="Nakon" pos="X">Nakon</wf>
         <wf lemma="potresa" pos="X">potresa</wf>
         <wf lemma="nastao" pos="X">nastao</wf>
         <wf lemma="je" pos="X">je</wf>
         <wf lemma="dugačak" pos="X">dugačak</wf>
         <instance id="d000.s5924.t000" lemma="rascjep" pos="NOUN">rascjep</instance>
         <wf lemma="u" pos="X">u</wf>
         <wf lemma="zemlji" pos="X">zemlji</wf>
         <wf lemma="." pos="X">.</wf>
      </sentence>
      <sentence id="d000.s5925" source="wordnet-croatian">
         <wf lemma="Jučer" pos="X">Jučer</wf>
         <wf lemma="se" pos="X">se</wf>
         <wf lemma="dogodila" pos="X">dogodila</wf>
         <wf lemma="prometna" pos="X">prometna</wf>
         <wf lemma="nesreća" pos="X">nesreća</wf>
         <wf lemma="na" pos="X">na</wf>
         <instance id="d000.s5925.t000" lemma="relacija" pos="NOUN">relaciji</instance>
         <wf lemma="Zagreb-Split" pos="X">Zagreb-Split</wf>
         <wf lemma="." pos="X">.</wf>
      </sentence>
      <sentence id="d000.s5926" source="wordnet-croatian">
         <instance id="d000.s5926.t000" lemma="laser" pos="NOUN">Laser</instance>
         <wf lemma="je" pos="X">je</wf>
         <wf lemma="veoma" pos="X">veoma</wf>
         <wf lemma="važnu" pos="X">važnu</wf>
         <wf lemma="primjenu" pos="X">primjenu</wf>
         <wf lemma="našao" pos="X">našao</wf>
         <wf lemma="u" pos="X">u</wf>
         <wf lemma="medicini" pos="X">medicini</wf>
         <wf lemma="." pos="X">.</wf>
      </sentence>
      <sentence id="d000.s5927" source="wordnet-croatian">
         <wf lemma="Mladen" pos="X">Mladen</wf>
         <wf lemma="je" pos="X">je</wf>
         <wf lemma="primjer" pos="X">primjer</wf>
         <wf lemma="idealanog" pos="X">idealanog</wf>
         <instance id="d000.s5927.t000" lemma="muškarac" pos="NOUN">muškaraca</instance>
         <wf lemma="." pos="X">.</wf>
      </sentence>
      <sentence id="d000.s5928" source="wordnet-croatian">
         <wf lemma="Nikako" pos="X">Nikako</wf>
         <wf lemma="se" pos="X">se</wf>
         <wf lemma="nije" pos="X">nije</wf>
         <wf lemma="mogao" pos="X">mogao</wf>
         <wf lemma="naučiti" pos="X">naučiti</wf>
         <wf lemma="na" pos="X">na</wf>
         <wf lemma="plivanje" pos="X">plivanje</wf>
         <wf lemma="s" pos="X">s</wf>
         <instance id="d000.s5928.t000" lemma="peraja" pos="NOUN">perajama</instance>
         <wf lemma="." pos="X">.</wf>
      </sentence>
      <sentence id="d000.s5929" source="wordnet-croatian">
         <instance id="d000.s5929.t000" lemma="nezahvalnost" pos="NOUN">Nezahvalnost</instance>
         <wf lemma="ju" pos="X">ju</wf>
         <wf lemma="je" pos="X">je</wf>
         <wf lemma="uvijek" pos="X">uvijek</wf>
         <wf lemma="iznova" pos="X">iznova</wf>
         <wf lemma="pogađala" pos="X">pogađala</wf>
         <wf lemma="." pos="X">.</wf>
      </sentence>
      <sentence id="d000.s5930" source="wordnet-croatian">
         <wf lemma="Popravio" pos="X">Popravio</wf>
         <wf lemma="je" pos="X">je</wf>
         <instance id="d000.s5930.t000" lemma="kočnica" pos="NOUN">kočnice</instance>
         <wf lemma="na" pos="X">na</wf>
         <wf lemma="biciklu" pos="X">biciklu</wf>
         <wf lemma="pa" pos="X">pa</wf>
         <wf lemma="je" pos="X">je</wf>
         <wf lemma="opet" pos="X">opet</wf>
         <wf lemma="mogao" pos="X">mogao</wf>
         <wf lemma="uživati" pos="X">uživati</wf>
         <wf lemma="u" pos="X">u</wf>
         <wf lemma="vožnji" pos="X">vožnji</wf>
         <wf lemma="." pos="X">.</wf>
      </sentence>
      <sentence id="d000.s5931" source="wordnet-croatian">
         <wf lemma="Iskustvom" pos="X">Iskustvom</wf>
         <wf lemma="se" pos="X">se</wf>
         <wf lemma="poboljšava" pos="X">poboljšava</wf>
         <instance id="d000.s5931.t000" lemma="izvedba" pos="NOUN">izvedba</instance>
         <wf lemma="složenih" pos="X">složenih</wf>
         <wf lemma="zadataka" pos="X">zadataka</wf>
         <wf lemma="." pos="X">.</wf>
      </sentence>
      <sentence id="d000.s5932" source="wordnet-croatian">
         <wf lemma="Ime" pos="X">Ime</wf>
         <wf lemma="'" pos="X">'</wf>
         <wf lemma="Daniela" pos="X">Daniela</wf>
         <wf lemma="'" pos="X">'</wf>
         <wf lemma="sadrži" pos="X">sadrži</wf>
         <wf lemma="dvije" pos="X">dvije</wf>
         <instance id="d000.s5932.t000" lemma="pojavnica" pos="NOUN">pojavnice</instance>
         <wf lemma="od" pos="X">od</wf>
         <wf lemma="'" pos="X">'</wf>
         <wf lemma="a" pos="X">a</wf>
         <wf lemma="'" pos="X">'</wf>
         <wf lemma="." pos="X">.</wf>
      </sentence>
      <sentence id="d000.s5933" source="wordnet-croatian">
         <wf lemma="Jabuka" pos="X">Jabuka</wf>
         <wf lemma="je" pos="X">je</wf>
         <instance id="d000.s5933.t000" lemma="pasti" pos="VERB">pala</instance>
         <wf lemma="sa" pos="X">sa</wf>
         <wf lemma="stabla" pos="X">stabla</wf>
         <wf lemma="." pos="X">.</wf>
      </sentence>
      <sentence id="d000.s5934" source="wordnet-croatian">
         <wf lemma="Vjšti" pos="X">Vjšti</wf>
         <wf lemma="je" pos="X">je</wf>
         <wf lemma="dizaličar" pos="X">dizaličar</wf>
         <instance id="d000.s5934.t000" lemma="dizati" pos="VERB">dizao</instance>
         <wf lemma="velike" pos="X">velike</wf>
         <wf lemma="kontejnere" pos="X">kontejnere</wf>
         <wf lemma="." pos="X">.</wf>
      </sentence>
      <sentence id="d000.s5935" source="wordnet-croatian">
         <wf lemma="Ova" pos="X">Ova</wf>
         <wf lemma="priča" pos="X">priča</wf>
         <instance id="d000.s5935.t000" lemma="dopuštati" pos="VERB">dopušta</instance>
         <wf lemma="nekoliko" pos="X">nekoliko</wf>
         <wf lemma="interpretacija" pos="X">interpretacija</wf>
         <wf lemma="." pos="X">.</wf>
      </sentence>
      <sentence id="d000.s5936" source="wordnet-croatian">
         <wf lemma="Vegeterijanci" pos="X">Vegeterijanci</wf>
         <wf lemma="i" pos="X">i</wf>
         <wf lemma="vegani" pos="X">vegani</wf>
         <wf lemma="su" pos="X">su</wf>
         <wf lemma="ljudi" pos="X">ljudi</wf>
         <wf lemma="koji" pos="X">koji</wf>
         <wf lemma="ne" pos="X">ne</wf>
         <wf lemma="jedu" pos="X">jedu</wf>
         <instance id="d000.s5936.t000" lemma="meso" pos="NOUN">meso</instance>
         <wf lemma="." pos="X">.</wf>
      </sentence>
      <sentence id="d000.s5937" source="wordnet-croatian">
         <wf lemma="Naučio" pos="X">Naučio</wf>
         <wf lemma="je" pos="X">je</wf>
         <instance id="d000.s5937.t000" lemma="razlika" pos="NOUN">razliku</instance>
         <wf lemma="između" pos="X">između</wf>
         <wf lemma="bronce" pos="X">bronce</wf>
         <wf lemma="i" pos="X">i</wf>
         <wf lemma="platine" pos="X">platine</wf>
         <wf lemma="." pos="X">.</wf>
      </sentence>
      <sentence id="d000.s5938" source="wordnet-croatian">
         <wf lemma="Idem" pos="X">Idem</wf>
         <wf lemma="kupiti" pos="X">kupiti</wf>
         <wf lemma="neke" pos="X">neke</wf>
         <instance id="d000.s5938.t000" lemma="stvar" pos="NOUN">stvari</instance>
         <wf lemma="u" pos="X">u</wf>
         <wf lemma="dućan" pos="X">dućan</wf>
         <wf lemma="." pos="X">.</wf>
      </sentence>
      <sentence id="d000.s5939" source="wordnet-croatian">
         <instance id="d000.s5939.t000" lemma="potplata" pos="NOUN">Potplata</instance>
         <wf lemma="na" pos="X">na</wf>
         <wf lemma="najdražim" pos="X">najdražim</wf>
         <wf lemma="cipelama" pos="X">cipelama</wf>
         <wf lemma="istrošila" pos="X">istrošila</wf>
         <wf lemma="mi" pos="X">mi</wf>
         <wf lemma="se" pos="X">se</wf>
         <wf lemma="od" pos="X">od</wf>
         <wf lemma="čestog" pos="X">čestog</wf>
         <wf lemma="nošenja" pos="X">nošenja</wf>
         <wf lemma="." pos="X">.</wf>
      </sentence>
      <sentence id="d000.s5940" source="wordnet-croatian">
         <instance id="d000.s5940.t000" lemma="paziti" pos="VERB">Pazila</instance>
         <wf lemma="je" pos="X">je</wf>
         <wf lemma="svoje" pos="X">svoje</wf>
         <wf lemma="dijete" pos="X">dijete</wf>
         <wf lemma="kao" pos="X">kao</wf>
         <wf lemma="oko" pos="X">oko</wf>
         <wf lemma="u" pos="X">u</wf>
         <wf lemma="glavi" pos="X">glavi</wf>
         <wf lemma="." pos="X">.</wf>
      </sentence>
      <sentence id="d000.s5941" source="wordnet-croatian">
         <wf lemma="Domaćica" pos="X">Domaćica</wf>
         <wf lemma="je" pos="X">je</wf>
         <wf lemma="svima" pos="X">svima</wf>
         <instance id="d000.s5941.t000" lemma="podijeliti" pos="VERB">podijelila</instance>
         <wf lemma="piće" pos="X">piće</wf>
         <wf lemma="." pos="X">.</wf>
      </sentence>
      <sentence id="d000.s5942" source="wordnet-croatian">
         <wf lemma="Dopusti" pos="X">Dopusti</wf>
         <wf lemma="da" pos="X">da</wf>
         <wf lemma="ti" pos="X">ti</wf>
         <instance id="d000.s5942.t000" lemma="predstaviti" pos="VERB">predstavim</instance>
         <wf lemma="svoga" pos="X">svoga</wf>
         <wf lemma="sina" pos="X">sina</wf>
         <wf lemma="." pos="X">.</wf>
      </sentence>
      <sentence id="d000.s5943" source="wordnet-croatian">
         <wf lemma="Alkemičari" pos="X">Alkemičari</wf>
         <wf lemma="su" pos="X">su</wf>
         <wf lemma="htjeli" pos="X">htjeli</wf>
         <instance id="d000.s5943.t000" lemma="pretvoriti" pos="VERB">pretvoriti</instance>
         <wf lemma="olovo" pos="X">olovo</wf>
         <wf lemma="u" pos="X">u</wf>
         <wf lemma="zlato" pos="X">zlato</wf>
         <wf lemma="." pos="X">.</wf>
      </sentence>
      <sentence id="d000.s5944" source="wordnet-croatian">
         <wf lemma="Svi" pos="X">Svi</wf>
         <wf lemma="su" pos="X">su</wf>
         <wf lemma="uočili" pos="X">uočili</wf>
         <instance id="d000.s5944.t000" lemma="neprikladnost" pos="NOUN">neprikladnost</instance>
         <wf lemma="govora" pos="X">govora</wf>
         <wf lemma="u" pos="X">u</wf>
         <wf lemma="toj" pos="X">toj</wf>
         <wf lemma="situaciji" pos="X">situaciji</wf>
         <wf lemma="." pos="X">.</wf>
      </sentence>
      <sentence id="d000.s5945" source="wordnet-croatian">
         <instance id="d000.s5945.t000" lemma="higrometar" pos="NOUN">Higrometar</instance>
         <wf lemma="se" pos="X">se</wf>
         <wf lemma="često" pos="X">često</wf>
         <wf lemma="koristi" pos="X">koristi</wf>
         <wf lemma="za" pos="X">za</wf>
         <wf lemma="mjerenje" pos="X">mjerenje</wf>
         <wf lemma="vlažnosti" pos="X">vlažnosti</wf>
         <wf lemma="u" pos="X">u</wf>
         <wf lemma="terariju" pos="X">terariju</wf>
         <wf lemma="." pos="X">.</wf>
      </sentence>
      <sentence id="d000.s5946" source="wordnet-croatian">
         <wf lemma="Ovaj" pos="X">Ovaj</wf>
         <wf lemma="mi" pos="X">mi</wf>
         <wf lemma="je" pos="X">je</wf>
         <instance id="d000.s5946.t000" lemma="mjesec" pos="NOUN">mjesec</instance>
         <wf lemma="stvarno" pos="X">stvarno</wf>
         <wf lemma="proletio" pos="X">proletio</wf>
         <wf lemma="." pos="X">.</wf>
      </sentence>
      <sentence id="d000.s5947" source="wordnet-croatian">
         <wf lemma="Vojnici" pos="X">Vojnici</wf>
         <wf lemma="nose" pos="X">nose</wf>
         <instance id="d000.s5947.t000" lemma="uniforma" pos="NOUN">uniforme</instance>
         <wf lemma="posebnih" pos="X">posebnih</wf>
         <wf lemma="boja" pos="X">boja</wf>
         <wf lemma="radi" pos="X">radi</wf>
         <wf lemma="mimikrije" pos="X">mimikrije</wf>
         <wf lemma="." pos="X">.</wf>
      </sentence>
      <sentence id="d000.s5948" source="wordnet-croatian">
         <instance id="d000.s5948.t000" lemma="genocid" pos="NOUN">Genocid</instance>
         <wf lemma="u" pos="X">u</wf>
         <wf lemma="2." pos="X">2.</wf>
         <wf lemma="svjetskom" pos="X">svjetskom</wf>
         <wf lemma="ratu" pos="X">ratu</wf>
         <wf lemma="nikada" pos="X">nikada</wf>
         <wf lemma="nećemo" pos="X">nećemo</wf>
         <wf lemma="zaboraviti" pos="X">zaboraviti</wf>
         <wf lemma="." pos="X">.</wf>
      </sentence>
      <sentence id="d000.s5949" source="wordnet-croatian">
         <wf lemma="Ljudi" pos="X">Ljudi</wf>
         <wf lemma="su" pos="X">su</wf>
         <instance id="d000.s5949.t000" lemma="udružiti" pos="VERB">udružili</instance>
         <wf lemma="snage" pos="X">snage</wf>
         <wf lemma="i" pos="X">i</wf>
         <wf lemma="otkopali" pos="X">otkopali</wf>
         <wf lemma="vlak" pos="X">vlak</wf>
         <wf lemma="iz" pos="X">iz</wf>
         <wf lemma="snijega" pos="X">snijega</wf>
         <wf lemma="." pos="X">.</wf>
      </sentence>
      <sentence id="d000.s5950" source="wordnet-croatian">
         <wf lemma="Na" pos="X">Na</wf>
         <wf lemma="pozivnici" pos="X">pozivnici</wf>
         <wf lemma="piše" pos="X">piše</wf>
         <wf lemma="da" pos="X">da</wf>
         <wf lemma="je" pos="X">je</wf>
         <wf lemma="obavezno" pos="X">obavezno</wf>
         <wf lemma="odjenuti" pos="X">odjenuti</wf>
         <instance id="d000.s5950.t000" lemma="koktel-haljina" pos="NOUN">koktel-haljinu</instance>
         <wf lemma="." pos="X">.</wf>
      </sentence>
      <sentence id="d000.s5951" source="wordnet-croatian">
         <wf lemma="Vile" pos="X">Vile</wf>
         <wf lemma="nikada" pos="X">nikada</wf>
         <wf lemma="nitko" pos="X">nitko</wf>
         <wf lemma="nije" pos="X">nije</wf>
         <wf lemma="vidio" pos="X">vidio</wf>
         <wf lemma="," pos="X">,</wf>
         <wf lemma="ali" pos="X">ali</wf>
         <wf lemma="svi" pos="X">svi</wf>
         <wf lemma="ih" pos="X">ih</wf>
         <wf lemma="poznaju" pos="X">poznaju</wf>
         <wf lemma="iz" pos="X">iz</wf>
         <instance id="d000.s5951.t000" lemma="priča" pos="NOUN">priča</instance>
         <wf lemma="." pos="X">.</wf>
      </sentence>
      <sentence id="d000.s5952" source="wordnet-croatian">
         <wf lemma="Rimljani" pos="X">Rimljani</wf>
         <wf lemma="su" pos="X">su</wf>
         <wf lemma="prah" pos="X">prah</wf>
         <instance id="d000.s5952.t000" lemma="ametist" pos="NOUN">ametista</instance>
         <wf lemma="dodavali" pos="X">dodavali</wf>
         <wf lemma="vinu" pos="X">vinu</wf>
         <wf lemma="da" pos="X">da</wf>
         <wf lemma="spriječe" pos="X">spriječe</wf>
         <wf lemma="mamurluk" pos="X">mamurluk</wf>
         <wf lemma="." pos="X">.</wf>
      </sentence>
      <sentence id="d000.s5953" source="wordnet-croatian">
         <wf lemma="Izgradila" pos="X">Izgradila</wf>
         <wf lemma="je" pos="X">je</wf>
         <wf lemma="veoma" pos="X">veoma</wf>
         <wf lemma="prostranu" pos="X">prostranu</wf>
         <instance id="d000.s5953.t000" lemma="nastamba" pos="NOUN">nastambu</instance>
         <wf lemma="za" pos="X">za</wf>
         <wf lemma="svoga" pos="X">svoga</wf>
         <wf lemma="hrčka" pos="X">hrčka</wf>
         <wf lemma="." pos="X">.</wf>
      </sentence>
      <sentence id="d000.s5954" source="wordnet-croatian">
         <wf lemma="Osjećala" pos="X">Osjećala</wf>
         <wf lemma="je" pos="X">je</wf>
         <wf lemma="veliku" pos="X">veliku</wf>
         <instance id="d000.s5954.t000" lemma="bol" pos="NOUN">bol</instance>
         <wf lemma="zbog" pos="X">zbog</wf>
         <wf lemma="prekida" pos="X">prekida</wf>
         <wf lemma="dugogodišnje" pos="X">dugogodišnje</wf>
         <wf lemma="veze" pos="X">veze</wf>
         <wf lemma="." pos="X">.</wf>
      </sentence>
      <sentence id="d000.s5955" source="wordnet-croatian">
         <wf lemma="Mirko" pos="X">Mirko</wf>
         <wf lemma="je" pos="X">je</wf>
         <wf lemma="nošenjem" pos="X">nošenjem</wf>
         <instance id="d000.s5955.t000" lemma="rastegnuti" pos="VERB">rastegnuo</instance>
         <wf lemma="košulju" pos="X">košulju</wf>
         <wf lemma="mlađeg" pos="X">mlađeg</wf>
         <wf lemma="brata" pos="X">brata</wf>
         <wf lemma="." pos="X">.</wf>
      </sentence>
      <sentence id="d000.s5956" source="wordnet-croatian">
         <wf lemma="Na" pos="X">Na</wf>
         <wf lemma="Pagu" pos="X">Pagu</wf>
         <wf lemma="se" pos="X">se</wf>
         <wf lemma="već" pos="X">već</wf>
         <wf lemma="godinama" pos="X">godinama</wf>
         <wf lemma="proizvodi" pos="X">proizvodi</wf>
         <instance id="d000.s5956.t000" lemma="sol" pos="NOUN">sol</instance>
         <wf lemma="." pos="X">.</wf>
      </sentence>
      <sentence id="d000.s5957" source="wordnet-croatian">
         <wf lemma="Ovakvo" pos="X">Ovakvo</wf>
         <wf lemma="je" pos="X">je</wf>
         <wf lemma="stanje" pos="X">stanje</wf>
         <instance id="d000.s5957.t000" lemma="odraz" pos="NOUN">odraz</instance>
         <wf lemma="njihove" pos="X">njihove</wf>
         <wf lemma="brige" pos="X">brige</wf>
         <wf lemma="o" pos="X">o</wf>
         <wf lemma="poduzeću" pos="X">poduzeću</wf>
         <wf lemma="." pos="X">.</wf>
      </sentence>
      <sentence id="d000.s5958" source="wordnet-croatian">
         <wf lemma="Puls" pos="X">Puls</wf>
         <wf lemma="je" pos="X">je</wf>
         <instance id="d000.s5958.t000" lemma="pokazatelj" pos="NOUN">pokazatelj</instance>
         <wf lemma="stanja" pos="X">stanja</wf>
         <wf lemma="srca" pos="X">srca</wf>
         <wf lemma="." pos="X">.</wf>
      </sentence>
      <sentence id="d000.s5959" source="wordnet-croatian">
         <wf lemma="Za" pos="X">Za</wf>
         <instance id="d000.s5959.t000" lemma="kazna" pos="NOUN">kaznu</instance>
         <wf lemma="su" pos="X">su</wf>
         <wf lemma="Marka" pos="X">Marka</wf>
         <wf lemma="prognali" pos="X">prognali</wf>
         <wf lemma="iz" pos="X">iz</wf>
         <wf lemma="sela" pos="X">sela</wf>
         <wf lemma="." pos="X">.</wf>
      </sentence>
      <sentence id="d000.s5960" source="wordnet-croatian">
         <wf lemma="Ne" pos="X">Ne</wf>
         <wf lemma="sviđa" pos="X">sviđa</wf>
         <wf lemma="mi" pos="X">mi</wf>
         <wf lemma="se" pos="X">se</wf>
         <wf lemma="ovo" pos="X">ovo</wf>
         <instance id="d000.s5960.t000" lemma="tumaranje" pos="NOUN">tumaranje</instance>
         <wf lemma="nepoznatim" pos="X">nepoznatim</wf>
         <wf lemma="ulicama" pos="X">ulicama</wf>
         <wf lemma="." pos="X">.</wf>
      </sentence>
      <sentence id="d000.s5961" source="wordnet-croatian">
         <instance id="d000.s5961.t000" lemma="prepustiti" pos="VERB">Prepustila</instance>
         <wf lemma="sam" pos="X">sam</wf>
         <wf lemma="svoj" pos="X">svoj</wf>
         <wf lemma="život" pos="X">život</wf>
         <wf lemma="Božjoj" pos="X">Božjoj</wf>
         <wf lemma="milosti" pos="X">milosti</wf>
         <wf lemma="." pos="X">.</wf>
      </sentence>
      <sentence id="d000.s5962" source="wordnet-croatian">
         <instance id="d000.s5962.t000" lemma="akcija" pos="NOUN">Akcija</instance>
         <wf lemma="spašavanja" pos="X">spašavanja</wf>
         <wf lemma="zarobljenika" pos="X">zarobljenika</wf>
         <wf lemma="započela" pos="X">započela</wf>
         <wf lemma="je" pos="X">je</wf>
         <wf lemma="u" pos="X">u</wf>
         <wf lemma="zoru" pos="X">zoru</wf>
         <wf lemma="." pos="X">.</wf>
      </sentence>
      <sentence id="d000.s5963" source="wordnet-croatian">
         <wf lemma="Seminarska" pos="X">Seminarska</wf>
         <wf lemma="je" pos="X">je</wf>
         <wf lemma="nastava" pos="X">nastava</wf>
         <wf lemma="jedan" pos="X">jedan</wf>
         <instance id="d000.s5963.t000" lemma="oblik" pos="NOUN">oblik</instance>
         <wf lemma="nastave" pos="X">nastave</wf>
         <wf lemma="na" pos="X">na</wf>
         <wf lemma="fakultetima" pos="X">fakultetima</wf>
         <wf lemma="." pos="X">.</wf>
      </sentence>
      <sentence id="d000.s5964" source="wordnet-croatian">
         <wf lemma="Udario" pos="X">Udario</wf>
         <wf lemma="je" pos="X">je</wf>
         <wf lemma="glavom" pos="X">glavom</wf>
         <wf lemma="o" pos="X">o</wf>
         <instance id="d000.s5964.t000" lemma="rub" pos="NOUN">rub</instance>
         <wf lemma="stola" pos="X">stola</wf>
         <wf lemma="." pos="X">.</wf>
      </sentence>
      <sentence id="d000.s5965" source="wordnet-croatian">
         <wf lemma="Skupila" pos="X">Skupila</wf>
         <wf lemma="sam" pos="X">sam</wf>
         <wf lemma="granje" pos="X">granje</wf>
         <wf lemma="na" pos="X">na</wf>
         <wf lemma="hrpu" pos="X">hrpu</wf>
         <wf lemma="i" pos="X">i</wf>
         <instance id="d000.s5965.t000" lemma="spaliti" pos="VERB">spalila</instance>
         <wf lemma="ga" pos="X">ga</wf>
         <wf lemma="." pos="X">.</wf>
      </sentence>
      <sentence id="d000.s5966" source="wordnet-croatian">
         <wf lemma="Ako" pos="X">Ako</wf>
         <wf lemma="zanemarimo" pos="X">zanemarimo</wf>
         <wf lemma="ovu" pos="X">ovu</wf>
         <wf lemma="ključnu" pos="X">ključnu</wf>
         <instance id="d000.s5966.t000" lemma="pojedinost" pos="NOUN">pojedinost</instance>
         <wf lemma="," pos="X">,</wf>
         <wf lemma="cijela" pos="X">cijela</wf>
         <wf lemma="priča" pos="X">priča</wf>
         <wf lemma="dobiva" pos="X">dobiva</wf>
         <wf lemma="krivi" pos="X">krivi</wf>
         <wf lemma="smisao" pos="X">smisao</wf>
         <wf lemma="." pos="X">.</wf>
      </sentence>
      <sentence id="d000.s5967" source="wordnet-croatian">
         <wf lemma="Poznati" pos="X">Poznati</wf>
         <wf lemma="slikar" pos="X">slikar</wf>
         <wf lemma="bio" pos="X">bio</wf>
         <wf lemma="je" pos="X">je</wf>
         <wf lemma="ujedno" pos="X">ujedno</wf>
         <wf lemma="i" pos="X">i</wf>
         <wf lemma="pravi" pos="X">pravi</wf>
         <instance id="d000.s5967.t000" lemma="ekscentrik" pos="NOUN">ekscentrik</instance>
         <wf lemma="," pos="X">,</wf>
         <wf lemma="budući" pos="X">budući</wf>
         <wf lemma="da" pos="X">da</wf>
         <wf lemma="je" pos="X">je</wf>
         <wf lemma="živio" pos="X">živio</wf>
         <wf lemma="sam" pos="X">sam</wf>
         <wf lemma="u" pos="X">u</wf>
         <wf lemma="šumi" pos="X">šumi</wf>
         <wf lemma="." pos="X">.</wf>
      </sentence>
      <sentence id="d000.s5968" source="wordnet-croatian">
         <wf lemma="Nije" pos="X">Nije</wf>
         <wf lemma="željela" pos="X">željela</wf>
         <wf lemma="ničiju" pos="X">ničiju</wf>
         <instance id="d000.s5968.t000" lemma="milost" pos="NOUN">milost</instance>
         <wf lemma="." pos="X">.</wf>
      </sentence>
      <sentence id="d000.s5969" source="wordnet-croatian">
         <wf lemma="I" pos="X">I</wf>
         <wf lemma="Hrvatska" pos="X">Hrvatska</wf>
         <wf lemma="ima" pos="X">ima</wf>
         <wf lemma="virtuoza" pos="X">virtuoza</wf>
         <wf lemma="na" pos="X">na</wf>
         <instance id="d000.s5969.t000" lemma="marimba" pos="NOUN">marimbi</instance>
         <wf lemma="." pos="X">.</wf>
      </sentence>
      <sentence id="d000.s5970" source="wordnet-croatian">
         <wf lemma="Prosvijetljeni" pos="X">Prosvijetljeni</wf>
         <wf lemma="ljudi" pos="X">ljudi</wf>
         <wf lemma="uviđaju" pos="X">uviđaju</wf>
         <instance id="d000.s5970.t000" lemma="povezanost" pos="NOUN">povezanost</instance>
         <wf lemma="svih" pos="X">svih</wf>
         <wf lemma="živih" pos="X">živih</wf>
         <wf lemma="bića" pos="X">bića</wf>
         <wf lemma="." pos="X">.</wf>
      </sentence>
      <sentence id="d000.s5971" source="wordnet-croatian">
         <wf lemma="Raspadom" pos="X">Raspadom</wf>
         <instance id="d000.s5971.t000" lemma="hemoglobin" pos="NOUN">hemoglobina</instance>
         <wf lemma="u" pos="X">u</wf>
         <wf lemma="jetri" pos="X">jetri</wf>
         <wf lemma="nastaje" pos="X">nastaje</wf>
         <wf lemma="bilirubin" pos="X">bilirubin</wf>
         <wf lemma="." pos="X">.</wf>
      </sentence>
      <sentence id="d000.s5972" source="wordnet-croatian">
         <wf lemma="Slijedio" pos="X">Slijedio</wf>
         <wf lemma="je" pos="X">je</wf>
         <instance id="d000.s5972.t000" lemma="konvencionalan" pos="ADJ">konvencionalna</instance>
         <wf lemma="pravila" pos="X">pravila</wf>
         <wf lemma="odijevanja" pos="X">odijevanja</wf>
         <wf lemma="." pos="X">.</wf>
      </sentence>
      <sentence id="d000.s5973" source="wordnet-croatian">
         <wf lemma="Svi" pos="X">Svi</wf>
         <wf lemma="su" pos="X">su</wf>
         <wf lemma="se" pos="X">se</wf>
         <wf lemma="u" pos="X">u</wf>
         <wf lemma="nevjerici" pos="X">nevjerici</wf>
         <wf lemma="prisjećali" pos="X">prisjećali</wf>
         <wf lemma="tragedije" pos="X">tragedije</wf>
         <wf lemma="uzrokovane" pos="X">uzrokovane</wf>
         <wf lemma="nepromišljenošću" pos="X">nepromišljenošću</wf>
         <wf lemma="i" pos="X">i</wf>
         <instance id="d000.s5973.t000" lemma="neobazrivost" pos="NOUN">neobazrivošću</instance>
         <wf lemma="vozača" pos="X">vozača</wf>
         <wf lemma="autobusa" pos="X">autobusa</wf>
         <wf lemma="." pos="X">.</wf>
      </sentence>
      <sentence id="d000.s5974" source="wordnet-croatian">
         <wf lemma="Bio" pos="X">Bio</wf>
         <wf lemma="je" pos="X">je</wf>
         <wf lemma="toliko" pos="X">toliko</wf>
         <instance id="d000.s5974.t000" lemma="siromašan" pos="ADJ">siromašan</instance>
         <wf lemma="da" pos="X">da</wf>
         <wf lemma="ponekad" pos="X">ponekad</wf>
         <wf lemma="nije" pos="X">nije</wf>
         <wf lemma="ništa" pos="X">ništa</wf>
         <wf lemma="jeo" pos="X">jeo</wf>
         <wf lemma="danima" pos="X">danima</wf>
         <wf lemma="." pos="X">.</wf>
      </sentence>
      <sentence id="d000.s5975" source="wordnet-croatian">
         <wf lemma="Račun" pos="X">Račun</wf>
         <wf lemma="je" pos="X">je</wf>
         <wf lemma="trebao" pos="X">trebao</wf>
         <wf lemma="platiti" pos="X">platiti</wf>
         <wf lemma="za" pos="X">za</wf>
         <wf lemma="najviše" pos="X">najviše</wf>
         <instance id="d000.s5975.t000" lemma="mjesec" pos="NOUN">mjesec</instance>
         <wf lemma="dana" pos="X">dana</wf>
         <wf lemma="." pos="X">.</wf>
      </sentence>
      <sentence id="d000.s5976" source="wordnet-croatian">
         <wf lemma="Prevrućom" pos="X">Prevrućom</wf>
         <wf lemma="peglom" pos="X">peglom</wf>
         <instance id="d000.s5976.t000" lemma="spaliti" pos="VERB">spalila</instance>
         <wf lemma="sam" pos="X">sam</wf>
         <wf lemma="novu" pos="X">novu</wf>
         <wf lemma="svilenu" pos="X">svilenu</wf>
         <wf lemma="haljinu" pos="X">haljinu</wf>
         <wf lemma="." pos="X">.</wf>
      </sentence>
      <sentence id="d000.s5977" source="wordnet-croatian">
         <wf lemma="Slučajno" pos="X">Slučajno</wf>
         <wf lemma="je" pos="X">je</wf>
         <wf lemma="u" pos="X">u</wf>
         <wf lemma="prolazu" pos="X">prolazu</wf>
         <instance id="d000.s5977.t000" lemma="udariti" pos="VERB">udario</instance>
         <wf lemma="stol" pos="X">stol</wf>
         <wf lemma="laktom" pos="X">laktom</wf>
         <wf lemma="i" pos="X">i</wf>
         <wf lemma="srušio" pos="X">srušio</wf>
         <wf lemma="sve" pos="X">sve</wf>
         <wf lemma="čaše" pos="X">čaše</wf>
         <wf lemma="." pos="X">.</wf>
      </sentence>
      <sentence id="d000.s5978" source="wordnet-croatian">
         <instance id="d000.s5978.t000" lemma="muka" pos="NOUN">Muke</instance>
         <wf lemma="koje" pos="X">koje</wf>
         <wf lemma="zadaju" pos="X">zadaju</wf>
         <wf lemma="komarci" pos="X">komarci</wf>
         <wf lemma="u" pos="X">u</wf>
         <wf lemma="močvarama" pos="X">močvarama</wf>
         <wf lemma="mogu" pos="X">mogu</wf>
         <wf lemma="biti" pos="X">biti</wf>
         <wf lemma="nesnosne" pos="X">nesnosne</wf>
         <wf lemma="." pos="X">.</wf>
      </sentence>
      <sentence id="d000.s5979" source="wordnet-croatian">
         <wf lemma="Čudan" pos="X">Čudan</wf>
         <wf lemma="i" pos="X">i</wf>
         <wf lemma="prodoran" pos="X">prodoran</wf>
         <instance id="d000.s5979.t000" lemma="zvuk" pos="NOUN">zvuk</instance>
         <wf lemma="uzbudio" pos="X">uzbudio</wf>
         <wf lemma="je" pos="X">je</wf>
         <wf lemma="njegovo" pos="X">njegovo</wf>
         <wf lemma="osjetilo" pos="X">osjetilo</wf>
         <wf lemma="sluha" pos="X">sluha</wf>
         <wf lemma="." pos="X">.</wf>
      </sentence>
      <sentence id="d000.s5980" source="wordnet-croatian">
         <wf lemma="Mnogo" pos="X">Mnogo</wf>
         <wf lemma="vinogradara" pos="X">vinogradara</wf>
         <wf lemma="proizvodi" pos="X">proizvodi</wf>
         <wf lemma="i" pos="X">i</wf>
         <instance id="d000.s5980.t000" lemma="komovica" pos="NOUN">komovicu</instance>
         <wf lemma="." pos="X">.</wf>
      </sentence>
      <sentence id="d000.s5981" source="wordnet-croatian">
         <instance id="d000.s5981.t000" lemma="zatražiti" pos="VERB">Zatražila</instance>
         <wf lemma="je" pos="X">je</wf>
         <wf lemma="dodatni" pos="X">dodatni</wf>
         <wf lemma="krevet" pos="X">krevet</wf>
         <wf lemma="u" pos="X">u</wf>
         <wf lemma="svojoj" pos="X">svojoj</wf>
         <wf lemma="sobi" pos="X">sobi</wf>
         <wf lemma="." pos="X">.</wf>
      </sentence>
      <sentence id="d000.s5982" source="wordnet-croatian">
         <wf lemma="Sustav" pos="X">Sustav</wf>
         <wf lemma="zapošljavanja" pos="X">zapošljavanja</wf>
         <wf lemma="mladih" pos="X">mladih</wf>
         <wf lemma="ljudi" pos="X">ljudi</wf>
         <wf lemma="potpuno" pos="X">potpuno</wf>
         <wf lemma="je" pos="X">je</wf>
         <instance id="d000.s5982.t000" lemma="podbaciti" pos="VERB">podbacio</instance>
         <wf lemma="." pos="X">.</wf>
      </sentence>
      <sentence id="d000.s5983" source="wordnet-croatian">
         <wf lemma="Njegovo" pos="X">Njegovo</wf>
         <wf lemma="djelo" pos="X">djelo</wf>
         <wf lemma="karakterizira" pos="X">karakterizira</wf>
         <wf lemma="besprijekorna" pos="X">besprijekorna</wf>
         <wf lemma="muzikalnost" pos="X">muzikalnost</wf>
         <wf lemma="i" pos="X">i</wf>
         <wf lemma="potpuno" pos="X">potpuno</wf>
         <wf lemma="izgrađen" pos="X">izgrađen</wf>
         <wf lemma="umjetnički" pos="X">umjetnički</wf>
         <instance id="d000.s5983.t000" lemma="stil" pos="NOUN">stil</instance>
         <wf lemma="." pos="X">.</wf>
      </sentence>
      <sentence id="d000.s5984" source="wordnet-croatian">
         <wf lemma="Prolazeći" pos="X">Prolazeći</wf>
         <instance id="d000.s5984.t000" lemma="cesta" pos="NOUN">cestom</instance>
         <wf lemma="uz" pos="X">uz</wf>
         <wf lemma="rijeku" pos="X">rijeku</wf>
         <wf lemma="divili" pos="X">divili</wf>
         <wf lemma="su" pos="X">su</wf>
         <wf lemma="se" pos="X">se</wf>
         <wf lemma="pogledu" pos="X">pogledu</wf>
         <wf lemma="." pos="X">.</wf>
      </sentence>
      <sentence id="d000.s5985" source="wordnet-croatian">
         <wf lemma="Moraš" pos="X">Moraš</wf>
         <instance id="d000.s5985.t000" lemma="ponijeti" pos="VERB">ponijeti</instance>
         <wf lemma="opremu" pos="X">opremu</wf>
         <wf lemma="za" pos="X">za</wf>
         <wf lemma="kampirnje" pos="X">kampirnje</wf>
         <wf lemma="." pos="X">.</wf>
      </sentence>
      <sentence id="d000.s5986" source="wordnet-croatian">
         <wf lemma="Kamion" pos="X">Kamion</wf>
         <wf lemma="je" pos="X">je</wf>
         <instance id="d000.s5986.t000" lemma="blokirati" pos="VERB">blokirao</instance>
         <wf lemma="prolaz" pos="X">prolaz</wf>
         <wf lemma="kroz" pos="X">kroz</wf>
         <wf lemma="usku" pos="X">usku</wf>
         <wf lemma="ulicu" pos="X">ulicu</wf>
         <wf lemma="." pos="X">.</wf>
      </sentence>
      <sentence id="d000.s5987" source="wordnet-croatian">
         <wf lemma="Već" pos="X">Već</wf>
         <wf lemma="dugo" pos="X">dugo</wf>
         <wf lemma="nismo" pos="X">nismo</wf>
         <wf lemma="jeli" pos="X">jeli</wf>
         <instance id="d000.s5987.t000" lemma="pačetina" pos="NOUN">pačetinu</instance>
         <wf lemma="." pos="X">.</wf>
      </sentence>
      <sentence id="d000.s5988" source="wordnet-croatian">
         <wf lemma="Ovaj" pos="X">Ovaj</wf>
         <wf lemma="je" pos="X">je</wf>
         <wf lemma="stol" pos="X">stol</wf>
         <instance id="d000.s5988.t000" lemma="sačiniti" pos="VERB">sačinjen</instance>
         <wf lemma="od" pos="X">od</wf>
         <wf lemma="najfinije" pos="X">najfinije</wf>
         <wf lemma="drvene" pos="X">drvene</wf>
         <wf lemma="građe" pos="X">građe</wf>
         <wf lemma="." pos="X">.</wf>
      </sentence>
      <sentence id="d000.s5989" source="wordnet-croatian">
         <wf lemma="Bilo" pos="X">Bilo</wf>
         <wf lemma="je" pos="X">je</wf>
         <wf lemma="toliko" pos="X">toliko</wf>
         <wf lemma="vruće" pos="X">vruće</wf>
         <wf lemma="da" pos="X">da</wf>
         <wf lemma="je" pos="X">je</wf>
         <wf lemma="uključio" pos="X">uključio</wf>
         <instance id="d000.s5989.t000" lemma="ventilator" pos="NOUN">ventilator</instance>
         <wf lemma="." pos="X">.</wf>
      </sentence>
      <sentence id="d000.s5990" source="wordnet-croatian">
         <wf lemma="Nije" pos="X">Nije</wf>
         <wf lemma="bio" pos="X">bio</wf>
         <wf lemma="zadovoljan" pos="X">zadovoljan</wf>
         <instance id="d000.s5990.t000" lemma="most" pos="NOUN">mostom</instance>
         <wf lemma="koji" pos="X">koji</wf>
         <wf lemma="mu" pos="X">mu</wf>
         <wf lemma="je" pos="X">je</wf>
         <wf lemma="stavio" pos="X">stavio</wf>
         <wf lemma="stomatolog" pos="X">stomatolog</wf>
         <wf lemma="." pos="X">.</wf>
      </sentence>
      <sentence id="d000.s5991" source="wordnet-croatian">
         <wf lemma="Požar" pos="X">Požar</wf>
         <wf lemma="je" pos="X">je</wf>
         <instance id="d000.s5991.t000" lemma="zahvatiti" pos="VERB">zahvatio</instance>
         <wf lemma="kuću" pos="X">kuću</wf>
         <wf lemma="." pos="X">.</wf>
      </sentence>
      <sentence id="d000.s5992" source="wordnet-croatian">
         <wf lemma="Bila" pos="X">Bila</wf>
         <wf lemma="je" pos="X">je</wf>
         <wf lemma="zatrpana" pos="X">zatrpana</wf>
         <wf lemma="raznim" pos="X">raznim</wf>
         <instance id="d000.s5992.t000" lemma="dokument" pos="NOUN">dokumentima</instance>
         <wf lemma="i" pos="X">i</wf>
         <wf lemma="nije" pos="X">nije</wf>
         <wf lemma="znala" pos="X">znala</wf>
         <wf lemma="otkud" pos="X">otkud</wf>
         <wf lemma="početi" pos="X">početi</wf>
         <wf lemma="s" pos="X">s</wf>
         <wf lemma="poslom" pos="X">poslom</wf>
         <wf lemma="." pos="X">.</wf>
      </sentence>
      <sentence id="d000.s5993" source="wordnet-croatian">
         <wf lemma="Marija" pos="X">Marija</wf>
         <wf lemma="je" pos="X">je</wf>
         <instance id="d000.s5993.t000" lemma="javiti" pos="VERB">javila</instance>
         <wf lemma="radosnu" pos="X">radosnu</wf>
         <wf lemma="vijest" pos="X">vijest</wf>
         <wf lemma="o" pos="X">o</wf>
         <wf lemma="svom" pos="X">svom</wf>
         <wf lemma="promaknuću" pos="X">promaknuću</wf>
         <wf lemma="svojim" pos="X">svojim</wf>
         <wf lemma="prijateljima" pos="X">prijateljima</wf>
         <wf lemma="." pos="X">.</wf>
      </sentence>
      <sentence id="d000.s5994" source="wordnet-croatian">
         <wf lemma="S" pos="X">S</wf>
         <instance id="d000.s5994.t000" lemma="lakoća" pos="NOUN">lakoćom</instance>
         <wf lemma="je" pos="X">je</wf>
         <wf lemma="prelazio" pos="X">prelazio</wf>
         <wf lemma="preko" pos="X">preko</wf>
         <wf lemma="svih" pos="X">svih</wf>
         <wf lemma="prepreka" pos="X">prepreka</wf>
         <wf lemma="koje" pos="X">koje</wf>
         <wf lemma="bi" pos="X">bi</wf>
         <wf lemma="mu" pos="X">mu</wf>
         <wf lemma="se" pos="X">se</wf>
         <wf lemma="našle" pos="X">našle</wf>
         <wf lemma="na" pos="X">na</wf>
         <wf lemma="putu" pos="X">putu</wf>
         <wf lemma="." pos="X">.</wf>
      </sentence>
      <sentence id="d000.s5995" source="wordnet-croatian">
         <instance id="d000.s5995.t000" lemma="ujedinjavanje" pos="NOUN">Ujedinjavanje</instance>
         <wf lemma="europskih" pos="X">europskih</wf>
         <wf lemma="zemalja" pos="X">zemalja</wf>
         <wf lemma="ima" pos="X">ima</wf>
         <wf lemma="pozitivne" pos="X">pozitivne</wf>
         <wf lemma="ekonomske" pos="X">ekonomske</wf>
         <wf lemma="učinke" pos="X">učinke</wf>
         <wf lemma="." pos="X">.</wf>
      </sentence>
      <sentence id="d000.s5996" source="wordnet-croatian">
         <instance id="d000.s5996.t000" lemma="razgraničenje" pos="NOUN">Razgraničenje</instance>
         <wf lemma="mora" pos="X">mora</wf>
         <wf lemma="mora" pos="X">mora</wf>
         <wf lemma="se" pos="X">se</wf>
         <wf lemma="izvršiti" pos="X">izvršiti</wf>
         <wf lemma="u" pos="X">u</wf>
         <wf lemma="skladu" pos="X">skladu</wf>
         <wf lemma="s" pos="X">s</wf>
         <wf lemma="međunarodnim" pos="X">međunarodnim</wf>
         <wf lemma="propisima" pos="X">propisima</wf>
         <wf lemma="." pos="X">.</wf>
      </sentence>
      <sentence id="d000.s5997" source="wordnet-croatian">
         <wf lemma="Nakon" pos="X">Nakon</wf>
         <wf lemma="muževe" pos="X">muževe</wf>
         <wf lemma="smrti" pos="X">smrti</wf>
         <wf lemma="," pos="X">,</wf>
         <wf lemma="nosila" pos="X">nosila</wf>
         <wf lemma="je" pos="X">je</wf>
         <instance id="d000.s5997.t000" lemma="crnina" pos="NOUN">crninu</instance>
         <wf lemma="mjesecima" pos="X">mjesecima</wf>
         <wf lemma="." pos="X">.</wf>
      </sentence>
      <sentence id="d000.s5998" source="wordnet-croatian">
         <instance id="d000.s5998.t000" lemma="prodaja" pos="NOUN">Prodaja</instance>
         <wf lemma="luksuznih" pos="X">luksuznih</wf>
         <wf lemma="vozila" pos="X">vozila</wf>
         <wf lemma="u" pos="X">u</wf>
         <wf lemma="nekim" pos="X">nekim</wf>
         <wf lemma="zemljama" pos="X">zemljama</wf>
         <wf lemma="neprestano" pos="X">neprestano</wf>
         <wf lemma="raste" pos="X">raste</wf>
         <wf lemma="." pos="X">.</wf>
      </sentence>
      <sentence id="d000.s5999" source="wordnet-croatian">
         <instance id="d000.s5999.t000" lemma="spaliti" pos="VERB">Spalili</instance>
         <wf lemma="su" pos="X">su</wf>
         <wf lemma="sve" pos="X">sve</wf>
         <wf lemma="njegove" pos="X">njegove</wf>
         <wf lemma="knjige" pos="X">knjige</wf>
         <wf lemma="na" pos="X">na</wf>
         <wf lemma="lomači" pos="X">lomači</wf>
         <wf lemma="." pos="X">.</wf>
      </sentence>
      <sentence id="d000.s6000" source="wordnet-croatian">
         <wf lemma="Svi" pos="X">Svi</wf>
         <wf lemma="su" pos="X">su</wf>
         <wf lemma="komentirali" pos="X">komentirali</wf>
         <instance id="d000.s6000.t000" lemma="prikladnost" pos="NOUN">prikladnost</instance>
         <wf lemma="njezine" pos="X">njezine</wf>
         <wf lemma="odjeće" pos="X">odjeće</wf>
         <wf lemma="." pos="X">.</wf>
      </sentence>
      <sentence id="d000.s6001" source="wordnet-croatian">
         <wf lemma="Trener" pos="X">Trener</wf>
         <wf lemma="je" pos="X">je</wf>
         <wf lemma="osmislio" pos="X">osmislio</wf>
         <wf lemma="pobjedničku" pos="X">pobjedničku</wf>
         <instance id="d000.s6001.t000" lemma="strategija" pos="NOUN">strategiju</instance>
         <wf lemma="." pos="X">.</wf>
      </sentence>
      <sentence id="d000.s6002" source="wordnet-croatian">
         <wf lemma="Pri" pos="X">Pri</wf>
         <wf lemma="korištenju" pos="X">korištenju</wf>
         <wf lemma="brašna" pos="X">brašna</wf>
         <wf lemma="u" pos="X">u</wf>
         <wf lemma="pripremi" pos="X">pripremi</wf>
         <wf lemma="umaka" pos="X">umaka</wf>
         <wf lemma="računajte" pos="X">računajte</wf>
         <wf lemma="na" pos="X">na</wf>
         <wf lemma="njegovo" pos="X">njegovo</wf>
         <instance id="d000.s6002.t000" lemma="zgušnjavanje" pos="NOUN">zgušnjavanje</instance>
         <wf lemma="pri" pos="X">pri</wf>
         <wf lemma="povišenim" pos="X">povišenim</wf>
         <wf lemma="temperaturama" pos="X">temperaturama</wf>
         <wf lemma="." pos="X">.</wf>
      </sentence>
      <sentence id="d000.s6003" source="wordnet-croatian">
         <wf lemma="Danas" pos="X">Danas</wf>
         <wf lemma="sam" pos="X">sam</wf>
         <instance id="d000.s6003.t000" lemma="uloviti" pos="VERB">ulovio</instance>
         <wf lemma="zeca" pos="X">zeca</wf>
         <wf lemma="svojom" pos="X">svojom</wf>
         <wf lemma="novom" pos="X">novom</wf>
         <wf lemma="zamkom" pos="X">zamkom</wf>
         <wf lemma="." pos="X">.</wf>
      </sentence>
      <sentence id="d000.s6004" source="wordnet-croatian">
         <wf lemma="Mirko" pos="X">Mirko</wf>
         <instance id="d000.s6004.t000" lemma="uživati" pos="VERB">uživa</instance>
         <wf lemma="u" pos="X">u</wf>
         <wf lemma="blagodatima" pos="X">blagodatima</wf>
         <wf lemma="prijevremene" pos="X">prijevremene</wf>
         <wf lemma="mirovine" pos="X">mirovine</wf>
         <wf lemma="." pos="X">.</wf>
      </sentence>
      <sentence id="d000.s6005" source="wordnet-croatian">
         <wf lemma="Bila" pos="X">Bila</wf>
         <wf lemma="je" pos="X">je</wf>
         <wf lemma="to" pos="X">to</wf>
         <instance id="d000.s6005.t000" lemma="lijep" pos="ADJ">lijepa</instance>
         <wf lemma="zabava" pos="X">zabava</wf>
         <wf lemma="." pos="X">.</wf>
      </sentence>
      <sentence id="d000.s6006" source="wordnet-croatian">
         <wf lemma="U" pos="X">U</wf>
         <instance id="d000.s6006.t000" lemma="prohladan" pos="ADJ">prohladnoj</instance>
         <wf lemma="je" pos="X">je</wf>
         <wf lemma="sobi" pos="X">sobi</wf>
         <wf lemma="ljeti" pos="X">ljeti</wf>
         <wf lemma="ugodno" pos="X">ugodno</wf>
         <wf lemma="spavati" pos="X">spavati</wf>
         <wf lemma="." pos="X">.</wf>
      </sentence>
      <sentence id="d000.s6007" source="wordnet-croatian">
         <wf lemma="Od" pos="X">Od</wf>
         <wf lemma="lista" pos="X">lista</wf>
         <wf lemma="čajevca" pos="X">čajevca</wf>
         <wf lemma="mogu" pos="X">mogu</wf>
         <wf lemma="se" pos="X">se</wf>
         <wf lemma="pripemati" pos="X">pripemati</wf>
         <wf lemma="različite" pos="X">različite</wf>
         <wf lemma="vrste" pos="X">vrste</wf>
         <instance id="d000.s6007.t000" lemma="čaj" pos="NOUN">čaja</instance>
         <wf lemma="." pos="X">.</wf>
      </sentence>
      <sentence id="d000.s6008" source="wordnet-croatian">
         <instance id="d000.s6008.t000" lemma="nastaviti" pos="VERB">Nastavi</instance>
         <wf lemma="raditi" pos="X">raditi</wf>
         <wf lemma="marljivo" pos="X">marljivo</wf>
         <wf lemma="kao" pos="X">kao</wf>
         <wf lemma="i" pos="X">i</wf>
         <wf lemma="do" pos="X">do</wf>
         <wf lemma="sada" pos="X">sada</wf>
         <wf lemma="." pos="X">.</wf>
      </sentence>
      <sentence id="d000.s6009" source="wordnet-croatian">
         <instance id="d000.s6009.t000" lemma="izvedba" pos="NOUN">Izvedba</instance>
         <wf lemma="glavnoga" pos="X">glavnoga</wf>
         <wf lemma="glumca" pos="X">glumca</wf>
         <wf lemma="bila" pos="X">bila</wf>
         <wf lemma="je" pos="X">je</wf>
         <wf lemma="izvanredna" pos="X">izvanredna</wf>
         <wf lemma="!" pos="X">!</wf>
      </sentence>
      <sentence id="d000.s6010" source="wordnet-croatian">
         <wf lemma="Cijelo" pos="X">Cijelo</wf>
         <wf lemma="se" pos="X">se</wf>
         <wf lemma="pučanstvo" pos="X">pučanstvo</wf>
         <instance id="d000.s6010.t000" lemma="ujediniti" pos="VERB">ujedinilo</instance>
         <wf lemma="u" pos="X">u</wf>
         <wf lemma="borbi" pos="X">borbi</wf>
         <wf lemma="protiv" pos="X">protiv</wf>
         <wf lemma="tiranina" pos="X">tiranina</wf>
         <wf lemma="." pos="X">.</wf>
      </sentence>
      <sentence id="d000.s6011" source="wordnet-croatian">
         <wf lemma="Ovu" pos="X">Ovu</wf>
         <instance id="d000.s6011.t000" lemma="točka" pos="NOUN">točku</instance>
         <wf lemma="možemo" pos="X">možemo</wf>
         <wf lemma="preskočiti" pos="X">preskočiti</wf>
         <wf lemma="jer" pos="X">jer</wf>
         <wf lemma="za" pos="X">za</wf>
         <wf lemma="raspravu" pos="X">raspravu</wf>
         <wf lemma="nije" pos="X">nije</wf>
         <wf lemma="relevantna" pos="X">relevantna</wf>
         <wf lemma="." pos="X">.</wf>
      </sentence>
      <sentence id="d000.s6012" source="wordnet-croatian">
         <wf lemma="Tiskare" pos="X">Tiskare</wf>
         <instance id="d000.s6012.t000" lemma="raditi" pos="VERB">rade</instance>
         <wf lemma="od" pos="X">od</wf>
         <wf lemma="ranog" pos="X">ranog</wf>
         <wf lemma="jutra" pos="X">jutra</wf>
         <wf lemma="." pos="X">.</wf>
      </sentence>
      <sentence id="d000.s6013" source="wordnet-croatian">
         <wf lemma="Vrijedne" pos="X">Vrijedne</wf>
         <wf lemma="smo" pos="X">smo</wf>
         <wf lemma="dragulje" pos="X">dragulje</wf>
         <instance id="d000.s6013.t000" lemma="transportirati" pos="VERB">transportirali</instance>
         <wf lemma="u" pos="X">u</wf>
         <wf lemma="potpunoj" pos="X">potpunoj</wf>
         <wf lemma="tajnosti" pos="X">tajnosti</wf>
         <wf lemma="." pos="X">.</wf>
      </sentence>
      <sentence id="d000.s6014" source="wordnet-croatian">
         <wf lemma="Marica" pos="X">Marica</wf>
         <wf lemma="je" pos="X">je</wf>
         <instance id="d000.s6014.t000" lemma="naslijediti" pos="VERB">naslijedila</instance>
         <wf lemma="Šteficu" pos="X">Šteficu</wf>
         <wf lemma="na" pos="X">na</wf>
         <wf lemma="mjestu" pos="X">mjestu</wf>
         <wf lemma="predsjednice" pos="X">predsjednice</wf>
         <wf lemma="ženskog" pos="X">ženskog</wf>
         <wf lemma="kuglačkog" pos="X">kuglačkog</wf>
         <wf lemma="kluba" pos="X">kluba</wf>
         <wf lemma="." pos="X">.</wf>
      </sentence>
      <sentence id="d000.s6015" source="wordnet-croatian">
         <wf lemma="Izrazio" pos="X">Izrazio</wf>
         <wf lemma="je" pos="X">je</wf>
         <wf lemma="iskreno" pos="X">iskreno</wf>
         <instance id="d000.s6015.t000" lemma="zadovoljstvo" pos="NOUN">zadovoljstvo</instance>
         <wf lemma="zbog" pos="X">zbog</wf>
         <wf lemma="promaknuća" pos="X">promaknuća</wf>
         <wf lemma="." pos="X">.</wf>
      </sentence>
      <sentence id="d000.s6016" source="wordnet-croatian">
         <wf lemma="Ja" pos="X">Ja</wf>
         <wf lemma="ne" pos="X">ne</wf>
         <instance id="d000.s6016.t000" lemma="doživljavati" pos="VERB">doživljavam</instance>
         <wf lemma="ovu" pos="X">ovu</wf>
         <wf lemma="situaciju" pos="X">situaciju</wf>
         <wf lemma="jednako" pos="X">jednako</wf>
         <wf lemma="kao" pos="X">kao</wf>
         <wf lemma="ti" pos="X">ti</wf>
         <wf lemma="." pos="X">.</wf>
      </sentence>
      <sentence id="d000.s6017" source="wordnet-croatian">
         <wf lemma="Pokvarena" pos="X">Pokvarena</wf>
         <wf lemma="hrana" pos="X">hrana</wf>
         <wf lemma="ostavlja" pos="X">ostavlja</wf>
         <wf lemma="vrlo" pos="X">vrlo</wf>
         <wf lemma="neugodan" pos="X">neugodan</wf>
         <instance id="d000.s6017.t000" lemma="okus" pos="NOUN">okus</instance>
         <wf lemma="u" pos="X">u</wf>
         <wf lemma="ustima" pos="X">ustima</wf>
         <wf lemma="." pos="X">.</wf>
      </sentence>
      <sentence id="d000.s6018" source="wordnet-croatian">
         <instance id="d000.s6018.t000" lemma="predanost" pos="NOUN">Predanost</instance>
         <wf lemma="poslu" pos="X">poslu</wf>
         <wf lemma="onemogućavala" pos="X">onemogućavala</wf>
         <wf lemma="mu" pos="X">mu</wf>
         <wf lemma="je" pos="X">je</wf>
         <wf lemma="ostvarivanje" pos="X">ostvarivanje</wf>
         <wf lemma="romantičnih" pos="X">romantičnih</wf>
         <wf lemma="veza" pos="X">veza</wf>
         <wf lemma="." pos="X">.</wf>
      </sentence>
      <sentence id="d000.s6019" source="wordnet-croatian">
         <instance id="d000.s6019.t000" lemma="značajka" pos="NOUN">Značajka</instance>
         <wf lemma="je" pos="X">je</wf>
         <wf lemma="njegova" pos="X">njegova</wf>
         <wf lemma="rada" pos="X">rada</wf>
         <wf lemma="velika" pos="X">velika</wf>
         <wf lemma="briga" pos="X">briga</wf>
         <wf lemma="o" pos="X">o</wf>
         <wf lemma="siromašnima" pos="X">siromašnima</wf>
         <wf lemma="." pos="X">.</wf>
      </sentence>
      <sentence id="d000.s6020" source="wordnet-croatian">
         <wf lemma="Stekao" pos="X">Stekao</wf>
         <wf lemma="je" pos="X">je</wf>
         <wf lemma="bogatstvo" pos="X">bogatstvo</wf>
         <wf lemma="na" pos="X">na</wf>
         <instance id="d000.s6020.t000" lemma="nezakonit" pos="ADJ">nezakonit</instance>
         <wf lemma="način" pos="X">način</wf>
         <wf lemma="." pos="X">.</wf>
      </sentence>
      <sentence id="d000.s6021" source="wordnet-croatian">
         <wf lemma="Djed" pos="X">Djed</wf>
         <wf lemma="me" pos="X">me</wf>
         <wf lemma="naučio" pos="X">naučio</wf>
         <wf lemma="postavljati" pos="X">postavljati</wf>
         <instance id="d000.s6021.t000" lemma="figura" pos="NOUN">figure</instance>
         <wf lemma="na" pos="X">na</wf>
         <wf lemma="šahovsku" pos="X">šahovsku</wf>
         <wf lemma="ploču" pos="X">ploču</wf>
         <wf lemma="." pos="X">.</wf>
      </sentence>
      <sentence id="d000.s6022" source="wordnet-croatian">
         <wf lemma="Balerine" pos="X">Balerine</wf>
         <wf lemma="su" pos="X">su</wf>
         <instance id="d000.s6022.t000" lemma="lebdjeti" pos="VERB">lebdjele</instance>
         <wf lemma="po" pos="X">po</wf>
         <wf lemma="pozornici" pos="X">pozornici</wf>
         <wf lemma="." pos="X">.</wf>
      </sentence>
      <sentence id="d000.s6023" source="wordnet-croatian">
         <wf lemma="Nije" pos="X">Nije</wf>
         <wf lemma="štedjela" pos="X">štedjela</wf>
         <wf lemma="novac" pos="X">novac</wf>
         <wf lemma="pri" pos="X">pri</wf>
         <wf lemma="kupnji" pos="X">kupnji</wf>
         <instance id="d000.s6023.t000" lemma="kozmetika" pos="NOUN">kozmetike</instance>
         <wf lemma="." pos="X">.</wf>
      </sentence>
      <sentence id="d000.s6024" source="wordnet-croatian">
         <wf lemma="Jako" pos="X">Jako</wf>
         <instance id="d000.s6024.t000" lemma="sličiti" pos="VERB">sliči</instance>
         <wf lemma="svojoj" pos="X">svojoj</wf>
         <wf lemma="majci" pos="X">majci</wf>
         <wf lemma="." pos="X">.</wf>
      </sentence>
      <sentence id="d000.s6025" source="wordnet-croatian">
         <wf lemma="Sve" pos="X">Sve</wf>
         <wf lemma="kulturne" pos="X">kulturne</wf>
         <instance id="d000.s6025.t000" lemma="vrednota" pos="NOUN">vrednote</instance>
         <wf lemma="Slavonije" pos="X">Slavonije</wf>
         <wf lemma="gotovu" pos="X">gotovu</wf>
         <wf lemma="su" pos="X">su</wf>
         <wf lemma="potpuno" pos="X">potpuno</wf>
         <wf lemma="zaboravljene" pos="X">zaboravljene</wf>
         <wf lemma="." pos="X">.</wf>
      </sentence>
      <sentence id="d000.s6026" source="wordnet-croatian">
         <instance id="d000.s6026.t000" lemma="izvesti" pos="VERB">Izveo</instance>
         <wf lemma="je" pos="X">je</wf>
         <wf lemma="pravi" pos="X">pravi</wf>
         <wf lemma="mađioničarski" pos="X">mađioničarski</wf>
         <wf lemma="trik" pos="X">trik</wf>
         <wf lemma="." pos="X">.</wf>
      </sentence>
      <sentence id="d000.s6027" source="wordnet-croatian">
         <wf lemma="Nije" pos="X">Nije</wf>
         <wf lemma="ga" pos="X">ga</wf>
         <wf lemma="bilo" pos="X">bilo</wf>
         <instance id="d000.s6027.t000" lemma="briga" pos="NOUN">briga</instance>
         <wf lemma="za" pos="X">za</wf>
         <wf lemma="njezine" pos="X">njezine</wf>
         <wf lemma="osjećaje" pos="X">osjećaje</wf>
         <wf lemma="." pos="X">.</wf>
      </sentence>
      <sentence id="d000.s6028" source="wordnet-croatian">
         <wf lemma="Svaka" pos="X">Svaka</wf>
         <wf lemma="je" pos="X">je</wf>
         <wf lemma="plemićka" pos="X">plemićka</wf>
         <wf lemma="obitelj" pos="X">obitelj</wf>
         <wf lemma="imala" pos="X">imala</wf>
         <wf lemma="svoj" pos="X">svoj</wf>
         <wf lemma="obiteljski" pos="X">obiteljski</wf>
         <instance id="d000.s6028.t000" lemma="grb" pos="NOUN">grb</instance>
         <wf lemma="." pos="X">.</wf>
      </sentence>
      <sentence id="d000.s6029" source="wordnet-croatian">
         <wf lemma="Nakon" pos="X">Nakon</wf>
         <wf lemma="što" pos="X">što</wf>
         <wf lemma="je" pos="X">je</wf>
         <wf lemma="dobio" pos="X">dobio</wf>
         <wf lemma="injekciju" pos="X">injekciju</wf>
         <wf lemma="," pos="X">,</wf>
         <instance id="d000.s6029.t000" lemma="crvenilo" pos="NOUN">crvenilo</instance>
         <wf lemma="se" pos="X">se</wf>
         <wf lemma="povuklo" pos="X">povuklo</wf>
         <wf lemma="." pos="X">.</wf>
      </sentence>
      <sentence id="d000.s6030" source="wordnet-croatian">
         <wf lemma="Pomaknuo" pos="X">Pomaknuo</wf>
         <wf lemma="je" pos="X">je</wf>
         <instance id="d000.s6030.t000" lemma="skakač" pos="NOUN">skakača</instance>
         <wf lemma="na" pos="X">na</wf>
         <wf lemma="F6" pos="X">F6</wf>
         <wf lemma="i" pos="X">i</wf>
         <wf lemma="zadao" pos="X">zadao</wf>
         <wf lemma="mu" pos="X">mu</wf>
         <wf lemma="mat" pos="X">mat</wf>
         <wf lemma="." pos="X">.</wf>
      </sentence>
      <sentence id="d000.s6031" source="wordnet-croatian">
         <wf lemma="Predala" pos="X">Predala</wf>
         <wf lemma="je" pos="X">je</wf>
         <wf lemma="svoj" pos="X">svoj</wf>
         <instance id="d000.s6031.t000" lemma="izvještaj" pos="NOUN">izvještaj</instance>
         <wf lemma="o" pos="X">o</wf>
         <wf lemma="poslovanju" pos="X">poslovanju</wf>
         <wf lemma="službeniku" pos="X">službeniku</wf>
         <wf lemma="." pos="X">.</wf>
      </sentence>
      <sentence id="d000.s6032" source="wordnet-croatian">
         <wf lemma="Nije" pos="X">Nije</wf>
         <wf lemma="razumio" pos="X">razumio</wf>
         <instance id="d000.s6032.t000" lemma="značenje" pos="NOUN">značenje</instance>
         <wf lemma="te" pos="X">te</wf>
         <wf lemma="rečenice" pos="X">rečenice</wf>
         <wf lemma="." pos="X">.</wf>
      </sentence>
      <sentence id="d000.s6033" source="wordnet-croatian">
         <wf lemma="Danas" pos="X">Danas</wf>
         <wf lemma="se" pos="X">se</wf>
         <wf lemma="proizvode" pos="X">proizvode</wf>
         <wf lemma="jako" pos="X">jako</wf>
         <instance id="d000.s6033.t000" lemma="brz" pos="ADJ">brzi</instance>
         <wf lemma="auti" pos="X">auti</wf>
         <wf lemma="." pos="X">.</wf>
      </sentence>
      <sentence id="d000.s6034" source="wordnet-croatian">
         <wf lemma="Ubacite" pos="X">Ubacite</wf>
         <wf lemma="kovanice" pos="X">kovanice</wf>
         <wf lemma="kroz" pos="X">kroz</wf>
         <instance id="d000.s6034.t000" lemma="prorez" pos="NOUN">prorez</instance>
         <wf lemma="." pos="X">.</wf>
      </sentence>
      <sentence id="d000.s6035" source="wordnet-croatian">
         <wf lemma="Moj" pos="X">Moj</wf>
         <wf lemma="suprug" pos="X">suprug</wf>
         <wf lemma="najviše" pos="X">najviše</wf>
         <wf lemma="voli" pos="X">voli</wf>
         <wf lemma="jesti" pos="X">jesti</wf>
         <instance id="d000.s6035.t000" lemma="zelenjava" pos="NOUN">zelenjavu</instance>
         <wf lemma="iz" pos="X">iz</wf>
         <wf lemma="juhe" pos="X">juhe</wf>
         <wf lemma="." pos="X">.</wf>
      </sentence>
      <sentence id="d000.s6036" source="wordnet-croatian">
         <wf lemma="Poslala" pos="X">Poslala</wf>
         <wf lemma="sam" pos="X">sam</wf>
         <instance id="d000.s6036.t000" lemma="upit" pos="NOUN">upit</instance>
         <wf lemma="o" pos="X">o</wf>
         <wf lemma="promjeni" pos="X">promjeni</wf>
         <wf lemma="mobilne" pos="X">mobilne</wf>
         <wf lemma="tarife" pos="X">tarife</wf>
         <wf lemma="njihovoj" pos="X">njihovoj</wf>
         <wf lemma="službi" pos="X">službi</wf>
         <wf lemma="za" pos="X">za</wf>
         <wf lemma="korisnike" pos="X">korisnike</wf>
         <wf lemma="." pos="X">.</wf>
      </sentence>
      <sentence id="d000.s6037" source="wordnet-croatian">
         <wf lemma="U" pos="X">U</wf>
         <wf lemma="božićno" pos="X">božićno</wf>
         <wf lemma="se" pos="X">se</wf>
         <instance id="d000.s6037.t000" lemma="doba" pos="NOUN">doba</instance>
         <wf lemma="osjećaju" pos="X">osjećaju</wf>
         <wf lemma="dobre" pos="X">dobre</wf>
         <wf lemma="vibracije" pos="X">vibracije</wf>
         <wf lemma="među" pos="X">među</wf>
         <wf lemma="ljudima" pos="X">ljudima</wf>
         <wf lemma="." pos="X">.</wf>
      </sentence>
      <sentence id="d000.s6038" source="wordnet-croatian">
         <instance id="d000.s6038.t000" lemma="prkositi" pos="VERB">Prkosio</instance>
         <wf lemma="je" pos="X">je</wf>
         <wf lemma="roditeljima" pos="X">roditeljima</wf>
         <wf lemma="odbijanjem" pos="X">odbijanjem</wf>
         <wf lemma="odlaska" pos="X">odlaska</wf>
         <wf lemma="na" pos="X">na</wf>
         <wf lemma="svečani" pos="X">svečani</wf>
         <wf lemma="ručak" pos="X">ručak</wf>
         <wf lemma="." pos="X">.</wf>
      </sentence>
      <sentence id="d000.s6039" source="wordnet-croatian">
         <wf lemma="C" pos="X">C</wf>
         <wf lemma="je" pos="X">je</wf>
         <instance id="d000.s6039.t000" lemma="unija" pos="NOUN">unija</instance>
         <wf lemma="od" pos="X">od</wf>
         <wf lemma="A" pos="X">A</wf>
         <wf lemma="i" pos="X">i</wf>
         <wf lemma="B." pos="X">B.</wf>
      </sentence>
      <sentence id="d000.s6040" source="wordnet-croatian">
         <wf lemma="Bio" pos="X">Bio</wf>
         <wf lemma="je" pos="X">je</wf>
         <instance id="d000.s6040.t000" lemma="ponosan" pos="ADJ">ponosan</instance>
         <wf lemma="na" pos="X">na</wf>
         <wf lemma="svoja" pos="X">svoja</wf>
         <wf lemma="postignuća" pos="X">postignuća</wf>
         <wf lemma="." pos="X">.</wf>
      </sentence>
      <sentence id="d000.s6041" source="wordnet-croatian">
         <wf lemma="Pele" pos="X">Pele</wf>
         <wf lemma="je" pos="X">je</wf>
         <instance id="d000.s6041.t000" lemma="igrati" pos="VERB">igrao</instance>
         <wf lemma="za" pos="X">za</wf>
         <wf lemma="Brazil" pos="X">Brazil</wf>
         <wf lemma="cijeli" pos="X">cijeli</wf>
         <wf lemma="niz" pos="X">niz</wf>
         <wf lemma="godina" pos="X">godina</wf>
         <wf lemma="." pos="X">.</wf>
      </sentence>
      <sentence id="d000.s6042" source="wordnet-croatian">
         <wf lemma="Više" pos="X">Više</wf>
         <wf lemma="se" pos="X">se</wf>
         <wf lemma="nije" pos="X">nije</wf>
         <wf lemma="mogao" pos="X">mogao</wf>
         <wf lemma="nositi" pos="X">nositi</wf>
         <wf lemma="s" pos="X">s</wf>
         <wf lemma="nedaćama" pos="X">nedaćama</wf>
         <instance id="d000.s6042.t000" lemma="život" pos="NOUN">života</instance>
         <wf lemma="starog" pos="X">starog</wf>
         <wf lemma="neženje" pos="X">neženje</wf>
         <wf lemma="." pos="X">.</wf>
      </sentence>
      <sentence id="d000.s6043" source="wordnet-croatian">
         <wf lemma="Njegova" pos="X">Njegova</wf>
         <instance id="d000.s6043.t000" lemma="aktivnost" pos="NOUN">aktivnost</instance>
         <wf lemma="je" pos="X">je</wf>
         <wf lemma="opadala" pos="X">opadala</wf>
         <wf lemma="s" pos="X">s</wf>
         <wf lemma="godinama" pos="X">godinama</wf>
         <wf lemma="." pos="X">.</wf>
      </sentence>
      <sentence id="d000.s6044" source="wordnet-croatian">
         <wf lemma="Njegova" pos="X">Njegova</wf>
         <wf lemma="je" pos="X">je</wf>
         <wf lemma="reakcija" pos="X">reakcija</wf>
         <wf lemma="bila" pos="X">bila</wf>
         <wf lemma="visoko" pos="X">visoko</wf>
         <instance id="d000.s6044.t000" lemma="emocionalan" pos="ADJ">emocionalna</instance>
         <wf lemma="." pos="X">.</wf>
      </sentence>
      <sentence id="d000.s6045" source="wordnet-croatian">
         <wf lemma="Magnetska" pos="X">Magnetska</wf>
         <instance id="d000.s6045.t000" lemma="vrpca" pos="NOUN">vrpca</instance>
         <wf lemma="osnovni" pos="X">osnovni</wf>
         <wf lemma="je" pos="X">je</wf>
         <wf lemma="dio" pos="X">dio</wf>
         <wf lemma="audiokaseta" pos="X">audiokaseta</wf>
         <wf lemma="." pos="X">.</wf>
      </sentence>
      <sentence id="d000.s6046" source="wordnet-croatian">
         <wf lemma="Mirko" pos="X">Mirko</wf>
         <wf lemma="sam" pos="X">sam</wf>
         <wf lemma="sebe" pos="X">sebe</wf>
         <instance id="d000.s6046.t000" lemma="držati" pos="VERB">drži</instance>
         <wf lemma="izvanrednim" pos="X">izvanrednim</wf>
         <wf lemma="glazbenikom" pos="X">glazbenikom</wf>
         <wf lemma="." pos="X">.</wf>
      </sentence>
      <sentence id="d000.s6047" source="wordnet-croatian">
         <wf lemma="Od" pos="X">Od</wf>
         <wf lemma="sluge" pos="X">sluge</wf>
         <wf lemma="zahtijevam" pos="X">zahtijevam</wf>
         <wf lemma="samo" pos="X">samo</wf>
         <wf lemma="marljivost" pos="X">marljivost</wf>
         <wf lemma="i" pos="X">i</wf>
         <instance id="d000.s6047.t000" lemma="pokornost" pos="NOUN">pokornost</instance>
         <wf lemma="." pos="X">.</wf>
      </sentence>
      <sentence id="d000.s6048" source="wordnet-croatian">
         <instance id="d000.s6048.t000" lemma="otpočeti" pos="VERB">Otpočeo</instance>
         <wf lemma="sam" pos="X">sam</wf>
         <wf lemma="dan" pos="X">dan</wf>
         <wf lemma="obilnim" pos="X">obilnim</wf>
         <wf lemma="doručkom" pos="X">doručkom</wf>
         <wf lemma="." pos="X">.</wf>
      </sentence>
      <sentence id="d000.s6049" source="wordnet-croatian">
         <wf lemma="Publika" pos="X">Publika</wf>
         <wf lemma="je" pos="X">je</wf>
         <wf lemma="bila" pos="X">bila</wf>
         <wf lemma="na" pos="X">na</wf>
         <wf lemma="nogama" pos="X">nogama</wf>
         <wf lemma="kada" pos="X">kada</wf>
         <wf lemma="su" pos="X">su</wf>
         <wf lemma="igrači" pos="X">igrači</wf>
         <wf lemma="izašli" pos="X">izašli</wf>
         <wf lemma="na" pos="X">na</wf>
         <instance id="d000.s6049.t000" lemma="teren" pos="NOUN">teren</instance>
         <wf lemma="." pos="X">.</wf>
      </sentence>
      <sentence id="d000.s6050" source="wordnet-croatian">
         <wf lemma="Jednom" pos="X">Jednom</wf>
         <wf lemma="mjesečno" pos="X">mjesečno</wf>
         <wf lemma="detaljno" pos="X">detaljno</wf>
         <wf lemma="su" pos="X">su</wf>
         <wf lemma="se" pos="X">se</wf>
         <wf lemma="čistili" pos="X">čistili</wf>
         <wf lemma="svi" pos="X">svi</wf>
         <instance id="d000.s6050.t000" lemma="stroj" pos="NOUN">strojevi</instance>
         <wf lemma="u" pos="X">u</wf>
         <wf lemma="pogonu" pos="X">pogonu</wf>
         <wf lemma="." pos="X">.</wf>
      </sentence>
      <sentence id="d000.s6051" source="wordnet-croatian">
         <wf lemma="Brat" pos="X">Brat</wf>
         <wf lemma="i" pos="X">i</wf>
         <wf lemma="sestra" pos="X">sestra</wf>
         <wf lemma="su" pos="X">su</wf>
         <wf lemma="stalno" pos="X">stalno</wf>
         <wf lemma="u" pos="X">u</wf>
         <instance id="d000.s6051.t000" lemma="svađa" pos="NOUN">svađi</instance>
         <wf lemma="." pos="X">.</wf>
      </sentence>
      <sentence id="d000.s6052" source="wordnet-croatian">
         <wf lemma="Cesta" pos="X">Cesta</wf>
         <wf lemma="na" pos="X">na</wf>
         <wf lemma="petom" pos="X">petom</wf>
         <wf lemma="kilometru" pos="X">kilometru</wf>
         <wf lemma="od" pos="X">od</wf>
         <wf lemma="Zagreba" pos="X">Zagreba</wf>
         <instance id="d000.s6052.t000" lemma="skretati" pos="VERB">skreće</instance>
         <wf lemma="ulijevo" pos="X">ulijevo</wf>
         <wf lemma="pod" pos="X">pod</wf>
         <wf lemma="pravim" pos="X">pravim</wf>
         <wf lemma="kutem" pos="X">kutem</wf>
         <wf lemma="." pos="X">.</wf>
      </sentence>
      <sentence id="d000.s6053" source="wordnet-croatian">
         <wf lemma="Vosak" pos="X">Vosak</wf>
         <wf lemma="je" pos="X">je</wf>
         <wf lemma="odličan" pos="X">odličan</wf>
         <wf lemma="zaštitni" pos="X">zaštitni</wf>
         <instance id="d000.s6053.t000" lemma="pokrov" pos="NOUN">pokrov</instance>
         <wf lemma="za" pos="X">za</wf>
         <wf lemma="podove" pos="X">podove</wf>
         <wf lemma="." pos="X">.</wf>
      </sentence>
      <sentence id="d000.s6054" source="wordnet-croatian">
         <wf lemma="Ničime" pos="X">Ničime</wf>
         <wf lemma="ne" pos="X">ne</wf>
         <wf lemma="mogu" pos="X">mogu</wf>
         <wf lemma="nadoknaditi" pos="X">nadoknaditi</wf>
         <wf lemma="moju" pos="X">moju</wf>
         <instance id="d000.s6054.t000" lemma="odsutnost" pos="NOUN">odsutnost</instance>
         <wf lemma="iz" pos="X">iz</wf>
         <wf lemma="tvoga" pos="X">tvoga</wf>
         <wf lemma="života" pos="X">života</wf>
         <wf lemma="." pos="X">.</wf>
      </sentence>
      <sentence id="d000.s6055" source="wordnet-croatian">
         <wf lemma="Grlice" pos="X">Grlice</wf>
         <wf lemma="su" pos="X">su</wf>
         <wf lemma="savile" pos="X">savile</wf>
         <wf lemma="gnijezdo" pos="X">gnijezdo</wf>
         <wf lemma="ispod" pos="X">ispod</wf>
         <wf lemma="naše" pos="X">naše</wf>
         <instance id="d000.s6055.t000" lemma="streha" pos="NOUN">strehe</instance>
         <wf lemma="." pos="X">.</wf>
      </sentence>
      <sentence id="d000.s6056" source="wordnet-croatian">
         <instance id="d000.s6056.t000" lemma="težina" pos="NOUN">Težina</instance>
         <wf lemma="mu" pos="X">mu</wf>
         <wf lemma="je" pos="X">je</wf>
         <wf lemma="pritiskala" pos="X">pritiskala</wf>
         <wf lemma="ramena" pos="X">ramena</wf>
         <wf lemma="." pos="X">.</wf>
      </sentence>
      <sentence id="d000.s6057" source="wordnet-croatian">
         <instance id="d000.s6057.t000" lemma="podvožnjak" pos="NOUN">Podvožnjak</instance>
         <wf lemma="je" pos="X">je</wf>
         <wf lemma="bio" pos="X">bio</wf>
         <wf lemma="jako" pos="X">jako</wf>
         <wf lemma="nizak" pos="X">nizak</wf>
         <wf lemma="pa" pos="X">pa</wf>
         <wf lemma="visoka" pos="X">visoka</wf>
         <wf lemma="vozila" pos="X">vozila</wf>
         <wf lemma="nisu" pos="X">nisu</wf>
         <wf lemma="mogla" pos="X">mogla</wf>
         <wf lemma="proći" pos="X">proći</wf>
         <wf lemma="." pos="X">.</wf>
      </sentence>
      <sentence id="d000.s6058" source="wordnet-croatian">
         <instance id="d000.s6058.t000" lemma="voljeti" pos="VERB">Volim</instance>
         <wf lemma="plivanje" pos="X">plivanje</wf>
         <wf lemma="." pos="X">.</wf>
      </sentence>
      <sentence id="d000.s6059" source="wordnet-croatian">
         <wf lemma="Svi" pos="X">Svi</wf>
         <wf lemma="su" pos="X">su</wf>
         <wf lemma="isticali" pos="X">isticali</wf>
         <wf lemma="njegove" pos="X">njegove</wf>
         <wf lemma="loše" pos="X">loše</wf>
         <instance id="d000.s6059.t000" lemma="osobina" pos="NOUN">osobine</instance>
         <wf lemma="," pos="X">,</wf>
         <wf lemma="a" pos="X">a</wf>
         <wf lemma="na" pos="X">na</wf>
         <wf lemma="dobre" pos="X">dobre</wf>
         <wf lemma="su" pos="X">su</wf>
         <wf lemma="zaboravljali" pos="X">zaboravljali</wf>
         <wf lemma="." pos="X">.</wf>
      </sentence>
      <sentence id="d000.s6060" source="wordnet-croatian">
         <wf lemma="Pravi" pos="X">Pravi</wf>
         <wf lemma="uzrok" pos="X">uzrok</wf>
         <wf lemma="lošoj" pos="X">lošoj</wf>
         <wf lemma="situaciji" pos="X">situaciji</wf>
         <wf lemma="bili" pos="X">bili</wf>
         <wf lemma="su" pos="X">su</wf>
         <instance id="d000.s6060.t000" lemma="interni" pos="ADJ">interni</instance>
         <wf lemma="sukobi" pos="X">sukobi</wf>
         <wf lemma="između" pos="X">između</wf>
         <wf lemma="dvojice" pos="X">dvojice</wf>
         <wf lemma="vodećih" pos="X">vodećih</wf>
         <wf lemma="." pos="X">.</wf>
      </sentence>
      <sentence id="d000.s6061" source="wordnet-croatian">
         <wf lemma="U" pos="X">U</wf>
         <wf lemma="bačvama" pos="X">bačvama</wf>
         <wf lemma="se" pos="X">se</wf>
         <instance id="d000.s6061.t000" lemma="čuvati" pos="VERB">čuva</instance>
         <wf lemma="vino" pos="X">vino</wf>
         <wf lemma="." pos="X">.</wf>
      </sentence>
      <sentence id="d000.s6062" source="wordnet-croatian">
         <wf lemma="Ona" pos="X">Ona</wf>
         <wf lemma="piše" pos="X">piše</wf>
         <wf lemma="knjige" pos="X">knjige</wf>
         <wf lemma="za" pos="X">za</wf>
         <instance id="d000.s6062.t000" lemma="dijete" pos="NOUN">djecu</instance>
         <wf lemma="." pos="X">.</wf>
      </sentence>
      <sentence id="d000.s6063" source="wordnet-croatian">
         <wf lemma="Ubacio" pos="X">Ubacio</wf>
         <wf lemma="je" pos="X">je</wf>
         <instance id="d000.s6063.t000" lemma="lopta" pos="NOUN">loptu</instance>
         <wf lemma="u" pos="X">u</wf>
         <wf lemma="koš" pos="X">koš</wf>
         <wf lemma="." pos="X">.</wf>
      </sentence>
      <sentence id="d000.s6064" source="wordnet-croatian">
         <wf lemma="U" pos="X">U</wf>
         <wf lemma="predgovoru" pos="X">predgovoru</wf>
         <wf lemma="knjige" pos="X">knjige</wf>
         <wf lemma="stajala" pos="X">stajala</wf>
         <wf lemma="je" pos="X">je</wf>
         <instance id="d000.s6064.t000" lemma="zahvala" pos="NOUN">zahvala</instance>
         <wf lemma="svima" pos="X">svima</wf>
         <wf lemma="onima" pos="X">onima</wf>
         <wf lemma="koji" pos="X">koji</wf>
         <wf lemma="su" pos="X">su</wf>
         <wf lemma="pomogli" pos="X">pomogli</wf>
         <wf lemma="u" pos="X">u</wf>
         <wf lemma="njezinu" pos="X">njezinu</wf>
         <wf lemma="nastanku" pos="X">nastanku</wf>
         <wf lemma="." pos="X">.</wf>
      </sentence>
      <sentence id="d000.s6065" source="wordnet-croatian">
         <wf lemma="Pljačku" pos="X">Pljačku</wf>
         <wf lemma="je" pos="X">je</wf>
         <instance id="d000.s6065.t000" lemma="izvršiti" pos="VERB">izvršilo</instance>
         <wf lemma="dvoje" pos="X">dvoje</wf>
         <wf lemma="maskiranih" pos="X">maskiranih</wf>
         <wf lemma="počinitelja" pos="X">počinitelja</wf>
         <wf lemma="." pos="X">.</wf>
      </sentence>
      <sentence id="d000.s6066" source="wordnet-croatian">
         <wf lemma="Dinastija" pos="X">Dinastija</wf>
         <wf lemma="je" pos="X">je</wf>
         <instance id="d000.s6066.t000" lemma="pasti" pos="VERB">pala</instance>
         <wf lemma="nakon" pos="X">nakon</wf>
         <wf lemma="višestoljetne" pos="X">višestoljetne</wf>
         <wf lemma="vladavine" pos="X">vladavine</wf>
         <wf lemma="." pos="X">.</wf>
      </sentence>
      <sentence id="d000.s6067" source="wordnet-croatian">
         <wf lemma="Jako" pos="X">Jako</wf>
         <wf lemma="me" pos="X">me</wf>
         <instance id="d000.s6067.t000" lemma="smetati" pos="VERB">smeta</instance>
         <wf lemma="što" pos="X">što</wf>
         <wf lemma="nikada" pos="X">nikada</wf>
         <wf lemma="ne" pos="X">ne</wf>
         <wf lemma="zatvara" pos="X">zatvara</wf>
         <wf lemma="vrata" pos="X">vrata</wf>
         <wf lemma="za" pos="X">za</wf>
         <wf lemma="sobom" pos="X">sobom</wf>
         <wf lemma="." pos="X">.</wf>
      </sentence>
      <sentence id="d000.s6068" source="wordnet-croatian">
         <instance id="d000.s6068.t000" lemma="uspon" pos="NOUN">Uspon</instance>
         <wf lemma="na" pos="X">na</wf>
         <wf lemma="planinu" pos="X">planinu</wf>
         <wf lemma="bio" pos="X">bio</wf>
         <wf lemma="je" pos="X">je</wf>
         <wf lemma="težak" pos="X">težak</wf>
         <wf lemma="." pos="X">.</wf>
      </sentence>
      <sentence id="d000.s6069" source="wordnet-croatian">
         <wf lemma="Idem" pos="X">Idem</wf>
         <wf lemma="u" pos="X">u</wf>
         <instance id="d000.s6069.t000" lemma="pekarnica" pos="NOUN">pekarnicu</instance>
         <wf lemma="po" pos="X">po</wf>
         <wf lemma="peciva" pos="X">peciva</wf>
         <wf lemma="." pos="X">.</wf>
      </sentence>
      <sentence id="d000.s6070" source="wordnet-croatian">
         <instance id="d000.s6070.t000" lemma="izvještaj" pos="NOUN">Izvještaj</instance>
         <wf lemma="Svjetske" pos="X">Svjetske</wf>
         <wf lemma="banke" pos="X">banke</wf>
         <wf lemma="zabrinuo" pos="X">zabrinuo</wf>
         <wf lemma="je" pos="X">je</wf>
         <wf lemma="sve" pos="X">sve</wf>
         <wf lemma="prisutne" pos="X">prisutne</wf>
         <wf lemma="." pos="X">.</wf>
      </sentence>
      <sentence id="d000.s6071" source="wordnet-croatian">
         <wf lemma="Nemoj" pos="X">Nemoj</wf>
         <instance id="d000.s6071.t000" lemma="protepsti" pos="VERB">protepsti</instance>
         <wf lemma="priliku" pos="X">priliku</wf>
         <wf lemma="koja" pos="X">koja</wf>
         <wf lemma="ti" pos="X">ti</wf>
         <wf lemma="je" pos="X">je</wf>
         <wf lemma="pružena" pos="X">pružena</wf>
         <wf lemma="." pos="X">.</wf>
      </sentence>
      <sentence id="d000.s6072" source="wordnet-croatian">
         <instance id="d000.s6072.t000" lemma="reforma" pos="NOUN">Reforma</instance>
         <wf lemma="pravosuđa" pos="X">pravosuđa</wf>
         <wf lemma="nužan" pos="X">nužan</wf>
         <wf lemma="je" pos="X">je</wf>
         <wf lemma="preduvjet" pos="X">preduvjet</wf>
         <wf lemma="boljitka" pos="X">boljitka</wf>
         <wf lemma="cjelokupng" pos="X">cjelokupng</wf>
         <wf lemma="društva" pos="X">društva</wf>
         <wf lemma="." pos="X">.</wf>
      </sentence>
      <sentence id="d000.s6073" source="wordnet-croatian">
         <wf lemma="Suze" pos="X">Suze</wf>
         <wf lemma="su" pos="X">su</wf>
         <wf lemma="mi" pos="X">mi</wf>
         <instance id="d000.s6073.t000" lemma="zamutiti" pos="VERB">zamutile</instance>
         <wf lemma="vid" pos="X">vid</wf>
         <wf lemma="." pos="X">.</wf>
      </sentence>
      <sentence id="d000.s6074" source="wordnet-croatian">
         <wf lemma="Sačuvao" pos="X">Sačuvao</wf>
         <wf lemma="je" pos="X">je</wf>
         <wf lemma="najjači" pos="X">najjači</wf>
         <instance id="d000.s6074.t000" lemma="argument" pos="NOUN">argument</instance>
         <wf lemma="za" pos="X">za</wf>
         <wf lemma="kraj" pos="X">kraj</wf>
         <wf lemma="debate" pos="X">debate</wf>
         <wf lemma="." pos="X">.</wf>
      </sentence>
      <sentence id="d000.s6075" source="wordnet-croatian">
         <instance id="d000.s6075.t000" lemma="način" pos="NOUN">Način</instance>
         <wf lemma="na" pos="X">na</wf>
         <wf lemma="koji" pos="X">koji</wf>
         <wf lemma="se" pos="X">se</wf>
         <wf lemma="odvijala" pos="X">odvijala</wf>
         <wf lemma="Francuska" pos="X">Francuska</wf>
         <wf lemma="revolucija" pos="X">revolucija</wf>
         <wf lemma="mnogi" pos="X">mnogi</wf>
         <wf lemma="smatraju" pos="X">smatraju</wf>
         <wf lemma="nedemokratskim" pos="X">nedemokratskim</wf>
         <wf lemma="." pos="X">.</wf>
      </sentence>
      <sentence id="d000.s6076" source="wordnet-croatian">
         <wf lemma="Nedvojebeno" pos="X">Nedvojebeno</wf>
         <wf lemma="postoji" pos="X">postoji</wf>
         <instance id="d000.s6076.t000" lemma="povezanost" pos="NOUN">povezanost</instance>
         <wf lemma="između" pos="X">između</wf>
         <wf lemma="količine" pos="X">količine</wf>
         <wf lemma="popijene" pos="X">popijene</wf>
         <wf lemma="tekućine" pos="X">tekućine</wf>
         <wf lemma="i" pos="X">i</wf>
         <wf lemma="učestalosti" pos="X">učestalosti</wf>
         <wf lemma="mokrenja" pos="X">mokrenja</wf>
         <wf lemma="." pos="X">.</wf>
      </sentence>
      <sentence id="d000.s6077" source="wordnet-croatian">
         <wf lemma="Odlučio" pos="X">Odlučio</wf>
         <wf lemma="je" pos="X">je</wf>
         <instance id="d000.s6077.t000" lemma="pustiti" pos="VERB">pustiti</instance>
         <wf lemma="bradu" pos="X">bradu</wf>
         <wf lemma="." pos="X">.</wf>
      </sentence>
      <sentence id="d000.s6078" source="wordnet-croatian">
         <wf lemma="Bila" pos="X">Bila</wf>
         <wf lemma="je" pos="X">je</wf>
         <wf lemma="oduševljena" pos="X">oduševljena</wf>
         <wf lemma="njegovom" pos="X">njegovom</wf>
         <instance id="d000.s6078.t000" lemma="knjižnica" pos="NOUN">knjižnicom</instance>
         <wf lemma="." pos="X">.</wf>
      </sentence>
      <sentence id="d000.s6079" source="wordnet-croatian">
         <wf lemma="Njegova" pos="X">Njegova</wf>
         <wf lemma="me" pos="X">me</wf>
         <wf lemma="je" pos="X">je</wf>
         <wf lemma="prića" pos="X">prića</wf>
         <wf lemma="uistinu" pos="X">uistinu</wf>
         <instance id="d000.s6079.t000" lemma="potresti" pos="VERB">potresla</instance>
         <wf lemma="." pos="X">.</wf>
      </sentence>
      <sentence id="d000.s6080" source="wordnet-croatian">
         <wf lemma="Projekt" pos="X">Projekt</wf>
         <wf lemma="se" pos="X">se</wf>
         <wf lemma="primicao" pos="X">primicao</wf>
         <wf lemma="kraju" pos="X">kraju</wf>
         <wf lemma="velikom" pos="X">velikom</wf>
         <instance id="d000.s6080.t000" lemma="brzina" pos="NOUN">brzinom</instance>
         <wf lemma="." pos="X">.</wf>
      </sentence>
      <sentence id="d000.s6081" source="wordnet-croatian">
         <wf lemma="Svaki" pos="X">Svaki</wf>
         <instance id="d000.s6081.t000" lemma="potprogram" pos="NOUN">potprogram</instance>
         <wf lemma="ima" pos="X">ima</wf>
         <wf lemma="svoje" pos="X">svoje</wf>
         <wf lemma="jedinstveno" pos="X">jedinstveno</wf>
         <wf lemma="ime" pos="X">ime</wf>
         <wf lemma="." pos="X">.</wf>
      </sentence>
      <sentence id="d000.s6082" source="wordnet-croatian">
         <instance id="d000.s6082.t000" lemma="metak" pos="NOUN">Metak</instance>
         <wf lemma="mu" pos="X">mu</wf>
         <wf lemma="je" pos="X">je</wf>
         <wf lemma="prošao" pos="X">prošao</wf>
         <wf lemma="ravno" pos="X">ravno</wf>
         <wf lemma="kroz" pos="X">kroz</wf>
         <wf lemma="srce" pos="X">srce</wf>
         <wf lemma="." pos="X">.</wf>
      </sentence>
      <sentence id="d000.s6083" source="wordnet-croatian">
         <wf lemma="Žudila" pos="X">Žudila</wf>
         <wf lemma="je" pos="X">je</wf>
         <wf lemma="za" pos="X">za</wf>
         <wf lemma="prelaskom" pos="X">prelaskom</wf>
         <wf lemma="u" pos="X">u</wf>
         <instance id="d000.s6083.t000" lemma="bestjelesnost" pos="NOUN">bestjelesnost</instance>
         <wf lemma="." pos="X">.</wf>
      </sentence>
      <sentence id="d000.s6084" source="wordnet-croatian">
         <wf lemma="Ispred" pos="X">Ispred</wf>
         <wf lemma="dvosjeda" pos="X">dvosjeda</wf>
         <wf lemma="bio" pos="X">bio</wf>
         <wf lemma="je" pos="X">je</wf>
         <wf lemma="dizajnerski" pos="X">dizajnerski</wf>
         <instance id="d000.s6084.t000" lemma="stolić" pos="NOUN">stolić</instance>
         <wf lemma="za" pos="X">za</wf>
         <wf lemma="kavu" pos="X">kavu</wf>
         <wf lemma="." pos="X">.</wf>
      </sentence>
      <sentence id="d000.s6085" source="wordnet-croatian">
         <instance id="d000.s6085.t000" lemma="skup" pos="NOUN">Skup</instance>
         <wf lemma="vjerovanja" pos="X">vjerovanja</wf>
         <wf lemma="," pos="X">,</wf>
         <wf lemma="ideja" pos="X">ideja</wf>
         <wf lemma="i" pos="X">i</wf>
         <wf lemma="normi" pos="X">normi</wf>
         <wf lemma="neke" pos="X">neke</wf>
         <wf lemma="zajednice" pos="X">zajednice</wf>
         <wf lemma="uvelike" pos="X">uvelike</wf>
         <wf lemma="čini" pos="X">čini</wf>
         <wf lemma="njezinu" pos="X">njezinu</wf>
         <wf lemma="kulturu" pos="X">kulturu</wf>
         <wf lemma="." pos="X">.</wf>
      </sentence>
      <sentence id="d000.s6086" source="wordnet-croatian">
         <wf lemma="Tom" pos="X">Tom</wf>
         <wf lemma="je" pos="X">je</wf>
         <wf lemma="emisijom" pos="X">emisijom</wf>
         <wf lemma="vladala" pos="X">vladala</wf>
         <instance id="d000.s6086.t000" lemma="razvratnost" pos="NOUN">razvratnost</instance>
         <wf lemma="pa" pos="X">pa</wf>
         <wf lemma="je" pos="X">je</wf>
         <wf lemma="brzo" pos="X">brzo</wf>
         <wf lemma="skinuta" pos="X">skinuta</wf>
         <wf lemma="s" pos="X">s</wf>
         <wf lemma="programa" pos="X">programa</wf>
         <wf lemma="." pos="X">.</wf>
      </sentence>
      <sentence id="d000.s6087" source="wordnet-croatian">
         <instance id="d000.s6087.t000" lemma="izraziti" pos="VERB">Izrazila</instance>
         <wf lemma="je" pos="X">je</wf>
         <wf lemma="svoj" pos="X">svoj</wf>
         <wf lemma="bijes" pos="X">bijes</wf>
         <wf lemma="snažnim" pos="X">snažnim</wf>
         <wf lemma="udarcem" pos="X">udarcem</wf>
         <wf lemma="šakom" pos="X">šakom</wf>
         <wf lemma="o" pos="X">o</wf>
         <wf lemma="stol" pos="X">stol</wf>
         <wf lemma="." pos="X">.</wf>
      </sentence>
      <sentence id="d000.s6088" source="wordnet-croatian">
         <wf lemma="Za" pos="X">Za</wf>
         <wf lemma="svako" pos="X">svako</wf>
         <wf lemma="dobro" pos="X">dobro</wf>
         <wf lemma="varivo" pos="X">varivo</wf>
         <instance id="d000.s6088.t000" lemma="luk" pos="NOUN">luk</instance>
         <wf lemma="je" pos="X">je</wf>
         <wf lemma="nužan" pos="X">nužan</wf>
         <wf lemma="." pos="X">.</wf>
      </sentence>
      <sentence id="d000.s6089" source="wordnet-croatian">
         <instance id="d000.s6089.t000" lemma="čist" pos="ADJ">Čista</instance>
         <wf lemma="bijela" pos="X">bijela</wf>
         <wf lemma="košulja" pos="X">košulja</wf>
         <wf lemma="sjeća" pos="X">sjeća</wf>
         <wf lemma="me" pos="X">me</wf>
         <wf lemma="na" pos="X">na</wf>
         <wf lemma="djetinjstvo" pos="X">djetinjstvo</wf>
         <wf lemma="." pos="X">.</wf>
      </sentence>
      <sentence id="d000.s6090" source="wordnet-croatian">
         <wf lemma="Pristavljanje" pos="X">Pristavljanje</wf>
         <instance id="d000.s6090.t000" lemma="džezva" pos="NOUN">džezve</instance>
         <wf lemma="za" pos="X">za</wf>
         <wf lemma="kavu" pos="X">kavu</wf>
         <wf lemma="bilo" pos="X">bilo</wf>
         <wf lemma="je" pos="X">je</wf>
         <wf lemma="prvo" pos="X">prvo</wf>
         <wf lemma="što" pos="X">što</wf>
         <wf lemma="bi" pos="X">bi</wf>
         <wf lemma="svako" pos="X">svako</wf>
         <wf lemma="jutro" pos="X">jutro</wf>
         <wf lemma="učinila" pos="X">učinila</wf>
         <wf lemma="." pos="X">.</wf>
      </sentence>
      <sentence id="d000.s6091" source="wordnet-croatian">
         <wf lemma="Na" pos="X">Na</wf>
         <wf lemma="satu" pos="X">satu</wf>
         <wf lemma="likovnoga" pos="X">likovnoga</wf>
         <wf lemma="morali" pos="X">morali</wf>
         <wf lemma="su" pos="X">su</wf>
         <wf lemma="crtati" pos="X">crtati</wf>
         <wf lemma="kocku" pos="X">kocku</wf>
         <wf lemma="i" pos="X">i</wf>
         <instance id="d000.s6091.t000" lemma="kvadar" pos="NOUN">kvadar</instance>
         <wf lemma="." pos="X">.</wf>
      </sentence>
      <sentence id="d000.s6092" source="wordnet-croatian">
         <wf lemma="Igralište" pos="X">Igralište</wf>
         <wf lemma="nije" pos="X">nije</wf>
         <wf lemma="imalo" pos="X">imalo</wf>
         <instance id="d000.s6092.t000" lemma="reflektor" pos="NOUN">reflektore</instance>
         <wf lemma="pa" pos="X">pa</wf>
         <wf lemma="se" pos="X">se</wf>
         <wf lemma="moglo" pos="X">moglo</wf>
         <wf lemma="igrati" pos="X">igrati</wf>
         <wf lemma="samo" pos="X">samo</wf>
         <wf lemma="po" pos="X">po</wf>
         <wf lemma="danu" pos="X">danu</wf>
         <wf lemma="." pos="X">.</wf>
      </sentence>
      <sentence id="d000.s6093" source="wordnet-croatian">
         <instance id="d000.s6093.t000" lemma="odbiti" pos="VERB">Odbio</instance>
         <wf lemma="se" pos="X">se</wf>
         <wf lemma="priključiti" pos="X">priključiti</wf>
         <wf lemma="njihovom" pos="X">njihovom</wf>
         <wf lemma="protestu" pos="X">protestu</wf>
         <wf lemma="." pos="X">.</wf>
      </sentence>
      <sentence id="d000.s6094" source="wordnet-croatian">
         <wf lemma="Ribiči" pos="X">Ribiči</wf>
         <wf lemma="koriste" pos="X">koriste</wf>
         <instance id="d000.s6094.t000" lemma="plovak" pos="NOUN">plovak</instance>
         <wf lemma="kao" pos="X">kao</wf>
         <wf lemma="upozorenje" pos="X">upozorenje</wf>
         <wf lemma="da" pos="X">da</wf>
         <wf lemma="je" pos="X">je</wf>
         <wf lemma="riba" pos="X">riba</wf>
         <wf lemma="zagrizla" pos="X">zagrizla</wf>
         <wf lemma="." pos="X">.</wf>
      </sentence>
      <sentence id="d000.s6095" source="wordnet-croatian">
         <wf lemma="Nove" pos="X">Nove</wf>
         <instance id="d000.s6095.t000" lemma="informacija" pos="NOUN">informacije</instance>
         <wf lemma="o" pos="X">o</wf>
         <wf lemma="stanju" pos="X">stanju</wf>
         <wf lemma="u" pos="X">u</wf>
         <wf lemma="državi" pos="X">državi</wf>
         <wf lemma="potpuno" pos="X">potpuno</wf>
         <wf lemma="su" pos="X">su</wf>
         <wf lemma="šokirale" pos="X">šokirale</wf>
         <wf lemma="javnost" pos="X">javnost</wf>
         <wf lemma="." pos="X">.</wf>
      </sentence>
      <sentence id="d000.s6096" source="wordnet-croatian">
         <wf lemma="Nije" pos="X">Nije</wf>
         <wf lemma="nikako" pos="X">nikako</wf>
         <wf lemma="mogao" pos="X">mogao</wf>
         <instance id="d000.s6096.t000" lemma="verbalizirati" pos="VERB">verbalizirati</instance>
         <wf lemma="svoje" pos="X">svoje</wf>
         <wf lemma="potisnute" pos="X">potisnute</wf>
         <wf lemma="osjećaje" pos="X">osjećaje</wf>
         <wf lemma="." pos="X">.</wf>
      </sentence>
      <sentence id="d000.s6097" source="wordnet-croatian">
         <wf lemma="Za" pos="X">Za</wf>
         <wf lemma="Uskrs" pos="X">Uskrs</wf>
         <wf lemma="sam" pos="X">sam</wf>
         <instance id="d000.s6097.t000" lemma="dobiti" pos="VERB">dobila</instance>
         <wf lemma="novi" pos="X">novi</wf>
         <wf lemma="baloner" pos="X">baloner</wf>
         <wf lemma="." pos="X">.</wf>
      </sentence>
      <sentence id="d000.s6098" source="wordnet-croatian">
         <wf lemma="Ljubav" pos="X">Ljubav</wf>
         <wf lemma="nije" pos="X">nije</wf>
         <instance id="d000.s6098.t000" lemma="garancija" pos="NOUN">garancija</instance>
         <wf lemma="za" pos="X">za</wf>
         <wf lemma="uspjeh" pos="X">uspjeh</wf>
         <wf lemma="u" pos="X">u</wf>
         <wf lemma="odgoju" pos="X">odgoju</wf>
         <wf lemma="." pos="X">.</wf>
      </sentence>
      <sentence id="d000.s6099" source="wordnet-croatian">
         <wf lemma="Danas" pos="X">Danas</wf>
         <wf lemma="smo" pos="X">smo</wf>
         <wf lemma="svjedocima" pos="X">svjedocima</wf>
         <instance id="d000.s6099.t000" lemma="oživljavanje" pos="NOUN">oživljavanja</instance>
         <wf lemma="starih" pos="X">starih</wf>
         <wf lemma="modnih" pos="X">modnih</wf>
         <wf lemma="trendova" pos="X">trendova</wf>
         <wf lemma="." pos="X">.</wf>
      </sentence>
      <sentence id="d000.s6100" source="wordnet-croatian">
         <wf lemma="U" pos="X">U</wf>
         <wf lemma="prvoj" pos="X">prvoj</wf>
         <instance id="d000.s6100.t000" lemma="glava" pos="NOUN">glavi</instance>
         <wf lemma="autor" pos="X">autor</wf>
         <wf lemma="nas" pos="X">nas</wf>
         <wf lemma="upoznaje" pos="X">upoznaje</wf>
         <wf lemma="s" pos="X">s</wf>
         <wf lemma="mjestom" pos="X">mjestom</wf>
         <wf lemma="i" pos="X">i</wf>
         <wf lemma="vremenom" pos="X">vremenom</wf>
         <wf lemma="radnje" pos="X">radnje</wf>
         <wf lemma="." pos="X">.</wf>
      </sentence>
      <sentence id="d000.s6101" source="wordnet-croatian">
         <wf lemma="Gestalt" pos="X">Gestalt</wf>
         <wf lemma="psihologija" pos="X">psihologija</wf>
         <wf lemma="bavila" pos="X">bavila</wf>
         <wf lemma="se" pos="X">se</wf>
         <wf lemma="različitim" pos="X">različitim</wf>
         <wf lemma="varkama" pos="X">varkama</wf>
         <wf lemma="naše" pos="X">naše</wf>
         <instance id="d000.s6101.t000" lemma="percepcija" pos="NOUN">percepcije</instance>
         <wf lemma="." pos="X">.</wf>
      </sentence>
      <sentence id="d000.s6102" source="wordnet-croatian">
         <wf lemma="Toliko" pos="X">Toliko</wf>
         <instance id="d000.s6102.t000" lemma="nesuglasje" pos="NOUN">nesuglasje</instance>
         <wf lemma="na" pos="X">na</wf>
         <wf lemma="koncertu" pos="X">koncertu</wf>
         <wf lemma="nisam" pos="X">nisam</wf>
         <wf lemma="mogao" pos="X">mogao</wf>
         <wf lemma="dugo" pos="X">dugo</wf>
         <wf lemma="slušati" pos="X">slušati</wf>
         <wf lemma="." pos="X">.</wf>
      </sentence>
      <sentence id="d000.s6103" source="wordnet-croatian">
         <wf lemma="Ovo" pos="X">Ovo</wf>
         <wf lemma="je" pos="X">je</wf>
         <wf lemma="najveća" pos="X">najveća</wf>
         <instance id="d000.s6103.t000" lemma="glupost" pos="NOUN">glupost</instance>
         <wf lemma="koju" pos="X">koju</wf>
         <wf lemma="sam" pos="X">sam</wf>
         <wf lemma="u" pos="X">u</wf>
         <wf lemma="životu" pos="X">životu</wf>
         <wf lemma="vidio" pos="X">vidio</wf>
         <wf lemma="!" pos="X">!</wf>
      </sentence>
      <sentence id="d000.s6104" source="wordnet-croatian">
         <wf lemma="Svaki" pos="X">Svaki</wf>
         <wf lemma="je" pos="X">je</wf>
         <wf lemma="dan" pos="X">dan</wf>
         <wf lemma="barem" pos="X">barem</wf>
         <wf lemma="pola" pos="X">pola</wf>
         <wf lemma="sata" pos="X">sata</wf>
         <instance id="d000.s6104.t000" lemma="gladiti" pos="VERB">gladio</instance>
         <wf lemma="svoju" pos="X">svoju</wf>
         <wf lemma="mačku" pos="X">mačku</wf>
         <wf lemma="." pos="X">.</wf>
      </sentence>
      <sentence id="d000.s6105" source="wordnet-croatian">
         <wf lemma="Na" pos="X">Na</wf>
         <wf lemma="sat" pos="X">sat</wf>
         <wf lemma="geometrije" pos="X">geometrije</wf>
         <wf lemma="učenici" pos="X">učenici</wf>
         <wf lemma="moraju" pos="X">moraju</wf>
         <wf lemma="nositi" pos="X">nositi</wf>
         <instance id="d000.s6105.t000" lemma="kutomjer" pos="NOUN">kutomjer</instance>
         <wf lemma="." pos="X">.</wf>
      </sentence>
      <sentence id="d000.s6106" source="wordnet-croatian">
         <wf lemma="Trojica" pos="X">Trojica</wf>
         <wf lemma="francuskih" pos="X">francuskih</wf>
         <instance id="d000.s6106.t000" lemma="obavještajac" pos="NOUN">obavještajaca</instance>
         <wf lemma="izvedena" pos="X">izvedena</wf>
         <wf lemma="su" pos="X">su</wf>
         <wf lemma="pred" pos="X">pred</wf>
         <wf lemma="sud" pos="X">sud</wf>
         <wf lemma="." pos="X">.</wf>
      </sentence>
      <sentence id="d000.s6107" source="wordnet-croatian">
         <wf lemma="Vodio" pos="X">Vodio</wf>
         <wf lemma="je" pos="X">je</wf>
         <wf lemma="vrlo" pos="X">vrlo</wf>
         <instance id="d000.s6107.t000" lemma="aktivan" pos="ADJ">aktivan</instance>
         <wf lemma="život" pos="X">život</wf>
         <wf lemma="." pos="X">.</wf>
      </sentence>
      <sentence id="d000.s6108" source="wordnet-croatian">
         <wf lemma="Za" pos="X">Za</wf>
         <wf lemma="rođendan" pos="X">rođendan</wf>
         <wf lemma="su" pos="X">su</wf>
         <wf lemma="roditelji" pos="X">roditelji</wf>
         <wf lemma="Ivanu" pos="X">Ivanu</wf>
         <wf lemma="kupili" pos="X">kupili</wf>
         <wf lemma="novi" pos="X">novi</wf>
         <instance id="d000.s6108.t000" lemma="stereo" pos="NOUN">stereo</instance>
         <wf lemma="sustav" pos="X">sustav</wf>
         <wf lemma="." pos="X">.</wf>
      </sentence>
      <sentence id="d000.s6109" source="wordnet-croatian">
         <instance id="d000.s6109.t000" lemma="sjedalo" pos="NOUN">Sjedala</instance>
         <wf lemma="u" pos="X">u</wf>
         <wf lemma="autobusu" pos="X">autobusu</wf>
         <wf lemma="su" pos="X">su</wf>
         <wf lemma="bila" pos="X">bila</wf>
         <wf lemma="zauzeta" pos="X">zauzeta</wf>
         <wf lemma="." pos="X">.</wf>
      </sentence>
      <sentence id="d000.s6110" source="wordnet-croatian">
         <wf lemma="U" pos="X">U</wf>
         <wf lemma="teretani" pos="X">teretani</wf>
         <wf lemma="uvijek" pos="X">uvijek</wf>
         <wf lemma="izvodim" pos="X">izvodim</wf>
         <wf lemma="vježbe" pos="X">vježbe</wf>
         <wf lemma="za" pos="X">za</wf>
         <wf lemma="jačanje" pos="X">jačanje</wf>
         <instance id="d000.s6110.t000" lemma="noga" pos="NOUN">nogu</instance>
         <wf lemma="." pos="X">.</wf>
      </sentence>
      <sentence id="d000.s6111" source="wordnet-croatian">
         <wf lemma="Ova" pos="X">Ova</wf>
         <wf lemma="je" pos="X">je</wf>
         <wf lemma="knjiga" pos="X">knjiga</wf>
         <wf lemma="prepuna" pos="X">prepuna</wf>
         <instance id="d000.s6111.t000" lemma="atraktivan" pos="ADJ">atraktivnih</instance>
         <wf lemma="ilustracija" pos="X">ilustracija</wf>
         <wf lemma="." pos="X">.</wf>
      </sentence>
      <sentence id="d000.s6112" source="wordnet-croatian">
         <wf lemma="Njegovo" pos="X">Njegovo</wf>
         <wf lemma="je" pos="X">je</wf>
         <instance id="d000.s6112.t000" lemma="gestikuliranje" pos="NOUN">gestikuliranje</instance>
         <wf lemma="uistinu" pos="X">uistinu</wf>
         <wf lemma="pretjerano" pos="X">pretjerano</wf>
         <wf lemma="." pos="X">.</wf>
      </sentence>
      <sentence id="d000.s6113" source="wordnet-croatian">
         <instance id="d000.s6113.t000" lemma="nervoza" pos="NOUN">Nervoza</instance>
         <wf lemma="može" pos="X">može</wf>
         <wf lemma="ozbiljno" pos="X">ozbiljno</wf>
         <wf lemma="narušiti" pos="X">narušiti</wf>
         <wf lemma="zdravlje" pos="X">zdravlje</wf>
         <wf lemma="." pos="X">.</wf>
      </sentence>
      <sentence id="d000.s6114" source="wordnet-croatian">
         <instance id="d000.s6114.t000" lemma="porcija" pos="NOUN">Porcije</instance>
         <wf lemma="u" pos="X">u</wf>
         <wf lemma="vojsci" pos="X">vojsci</wf>
         <wf lemma="bile" pos="X">bile</wf>
         <wf lemma="su" pos="X">su</wf>
         <wf lemma="jako" pos="X">jako</wf>
         <wf lemma="male" pos="X">male</wf>
         <wf lemma="." pos="X">.</wf>
      </sentence>
      <sentence id="d000.s6115" source="wordnet-croatian">
         <wf lemma="Djeca" pos="X">Djeca</wf>
         <wf lemma="su" pos="X">su</wf>
         <instance id="d000.s6115.t000" lemma="navaliti" pos="VERB">navalila</instance>
         <wf lemma="na" pos="X">na</wf>
         <wf lemma="tortu" pos="X">tortu</wf>
         <wf lemma="." pos="X">.</wf>
      </sentence>
      <sentence id="d000.s6116" source="wordnet-croatian">
         <wf lemma="Njegove" pos="X">Njegove</wf>
         <wf lemma="su" pos="X">su</wf>
         <wf lemma="cipele" pos="X">cipele</wf>
         <instance id="d000.s6116.t000" lemma="škripati" pos="VERB">škripale</instance>
         <wf lemma="po" pos="X">po</wf>
         <wf lemma="šljunku" pos="X">šljunku</wf>
         <wf lemma="." pos="X">.</wf>
      </sentence>
      <sentence id="d000.s6117" source="wordnet-croatian">
         <wf lemma="Za" pos="X">Za</wf>
         <wf lemma="pripravu" pos="X">pripravu</wf>
         <wf lemma="ćevapa" pos="X">ćevapa</wf>
         <wf lemma="potrebna" pos="X">potrebna</wf>
         <wf lemma="je" pos="X">je</wf>
         <wf lemma="velika" pos="X">velika</wf>
         <instance id="d000.s6117.t000" lemma="količina" pos="NOUN">količina</instance>
         <wf lemma="najboljeg" pos="X">najboljeg</wf>
         <wf lemma="junećeg" pos="X">junećeg</wf>
         <wf lemma="mesa" pos="X">mesa</wf>
         <wf lemma="." pos="X">.</wf>
      </sentence>
      <sentence id="d000.s6118" source="wordnet-croatian">
         <wf lemma="Cijelo" pos="X">Cijelo</wf>
         <wf lemma="jutro" pos="X">jutro</wf>
         <wf lemma="nije" pos="X">nije</wf>
         <wf lemma="izustio" pos="X">izustio</wf>
         <wf lemma="ni" pos="X">ni</wf>
         <instance id="d000.s6118.t000" lemma="riječ" pos="NOUN">riječ</instance>
         <wf lemma="." pos="X">.</wf>
      </sentence>
      <sentence id="d000.s6119" source="wordnet-croatian">
         <wf lemma="U" pos="X">U</wf>
         <wf lemma="ovom" pos="X">ovom</wf>
         <wf lemma="nam" pos="X">nam</wf>
         <wf lemma="je" pos="X">je</wf>
         <wf lemma="trenutku" pos="X">trenutku</wf>
         <wf lemma="potreban" pos="X">potreban</wf>
         <wf lemma="pozitivan" pos="X">pozitivan</wf>
         <instance id="d000.s6119.t000" lemma="stav" pos="NOUN">stav</instance>
         <wf lemma="." pos="X">.</wf>
      </sentence>
      <sentence id="d000.s6120" source="wordnet-croatian">
         <wf lemma="Odbijam" pos="X">Odbijam</wf>
         <instance id="d000.s6120.t000" lemma="glasovati" pos="VERB">glasovati</instance>
         <wf lemma="za" pos="X">za</wf>
         <wf lemma="ovako" pos="X">ovako</wf>
         <wf lemma="loše" pos="X">loše</wf>
         <wf lemma="predsjedničke" pos="X">predsjedničke</wf>
         <wf lemma="kandidate" pos="X">kandidate</wf>
         <wf lemma="." pos="X">.</wf>
      </sentence>
      <sentence id="d000.s6121" source="wordnet-croatian">
         <wf lemma="Analizom" pos="X">Analizom</wf>
         <wf lemma="različitih" pos="X">različitih</wf>
         <wf lemma="situacija" pos="X">situacija</wf>
         <wf lemma="dolazi" pos="X">dolazi</wf>
         <wf lemma="se" pos="X">se</wf>
         <wf lemma="do" pos="X">do</wf>
         <wf lemma="teorijskih" pos="X">teorijskih</wf>
         <instance id="d000.s6121.t000" lemma="uopćenje" pos="NOUN">uopćenja</instance>
         <wf lemma="i" pos="X">i</wf>
         <wf lemma="definicija" pos="X">definicija</wf>
         <wf lemma="." pos="X">.</wf>
      </sentence>
      <sentence id="d000.s6122" source="wordnet-croatian">
         <wf lemma="Policajac" pos="X">Policajac</wf>
         <wf lemma="je" pos="X">je</wf>
         <wf lemma="odlikovan" pos="X">odlikovan</wf>
         <wf lemma="zbog" pos="X">zbog</wf>
         <instance id="d000.s6122.t000" lemma="uhićenje" pos="NOUN">uhićenja</instance>
         <wf lemma="zloglasnoga" pos="X">zloglasnoga</wf>
         <wf lemma="kriminalca" pos="X">kriminalca</wf>
         <wf lemma="." pos="X">.</wf>
      </sentence>
      <sentence id="d000.s6123" source="wordnet-croatian">
         <wf lemma="Cijene" pos="X">Cijene</wf>
         <instance id="d000.s6123.t000" lemma="benzin" pos="NOUN">benzina</instance>
         <wf lemma="u" pos="X">u</wf>
         <wf lemma="zadnje" pos="X">zadnje</wf>
         <wf lemma="vrijeme" pos="X">vrijeme</wf>
         <wf lemma="sve" pos="X">sve</wf>
         <wf lemma="više" pos="X">više</wf>
         <wf lemma="poskupljuju" pos="X">poskupljuju</wf>
         <wf lemma="." pos="X">.</wf>
      </sentence>
      <sentence id="d000.s6124" source="wordnet-croatian">
         <wf lemma="Za" pos="X">Za</wf>
         <instance id="d000.s6124.t000" lemma="pravica" pos="NOUN">pravicu</instance>
         <wf lemma="je" pos="X">je</wf>
         <wf lemma="bio" pos="X">bio</wf>
         <wf lemma="spreman" pos="X">spreman</wf>
         <wf lemma="poginuti" pos="X">poginuti</wf>
         <wf lemma="." pos="X">.</wf>
      </sentence>
      <sentence id="d000.s6125" source="wordnet-croatian">
         <wf lemma="Njegovo" pos="X">Njegovo</wf>
         <wf lemma="se" pos="X">se</wf>
         <wf lemma="ime" pos="X">ime</wf>
         <wf lemma="nije" pos="X">nije</wf>
         <wf lemma="nalazilo" pos="X">nalazilo</wf>
         <wf lemma="u" pos="X">u</wf>
         <instance id="d000.s6125.t000" lemma="evidencija" pos="NOUN">evidenciji</instance>
         <wf lemma="zatvorenika" pos="X">zatvorenika</wf>
         <wf lemma="." pos="X">.</wf>
      </sentence>
      <sentence id="d000.s6126" source="wordnet-croatian">
         <wf lemma="Za" pos="X">Za</wf>
         <wf lemma="uspješan" pos="X">uspješan</wf>
         <wf lemma="ishod" pos="X">ishod</wf>
         <wf lemma="parnice" pos="X">parnice</wf>
         <wf lemma="potrebna" pos="X">potrebna</wf>
         <wf lemma="je" pos="X">je</wf>
         <wf lemma="kvalitetna" pos="X">kvalitetna</wf>
         <instance id="d000.s6126.t000" lemma="suradnja" pos="NOUN">suradnja</instance>
         <wf lemma="optuženika" pos="X">optuženika</wf>
         <wf lemma="i" pos="X">i</wf>
         <wf lemma="branitelja" pos="X">branitelja</wf>
         <wf lemma="." pos="X">.</wf>
      </sentence>
      <sentence id="d000.s6127" source="wordnet-croatian">
         <wf lemma="Krug" pos="X">Krug</wf>
         <wf lemma="je" pos="X">je</wf>
         <instance id="d000.s6127.t000" lemma="savršen" pos="ADJ">savršen</instance>
         <wf lemma="oblik" pos="X">oblik</wf>
         <wf lemma="." pos="X">.</wf>
      </sentence>
      <sentence id="d000.s6128" source="wordnet-croatian">
         <wf lemma="Današnja" pos="X">Današnja</wf>
         <wf lemma="je" pos="X">je</wf>
         <instance id="d000.s6128.t000" lemma="kinematografija" pos="NOUN">kinematografija</instance>
         <wf lemma="uznapredovala" pos="X">uznapredovala</wf>
         <wf lemma="uz" pos="X">uz</wf>
         <wf lemma="pomoć" pos="X">pomoć</wf>
         <wf lemma="kompjuterske" pos="X">kompjuterske</wf>
         <wf lemma="tehnike" pos="X">tehnike</wf>
         <wf lemma="." pos="X">.</wf>
      </sentence>
      <sentence id="d000.s6129" source="wordnet-croatian">
         <wf lemma="Stara" pos="X">Stara</wf>
         <wf lemma="šupa" pos="X">šupa</wf>
         <wf lemma="poslužila" pos="X">poslužila</wf>
         <wf lemma="im" pos="X">im</wf>
         <wf lemma="je" pos="X">je</wf>
         <wf lemma="kao" pos="X">kao</wf>
         <instance id="d000.s6129.t000" lemma="zaklon" pos="NOUN">zaklon</instance>
         <wf lemma="od" pos="X">od</wf>
         <wf lemma="snažnog" pos="X">snažnog</wf>
         <wf lemma="pljuska" pos="X">pljuska</wf>
         <wf lemma="." pos="X">.</wf>
      </sentence>
      <sentence id="d000.s6130" source="wordnet-croatian">
         <instance id="d000.s6130.t000" lemma="biseksualan" pos="ADJ">Biseksualne</instance>
         <wf lemma="osobe" pos="X">osobe</wf>
         <wf lemma="često" pos="X">često</wf>
         <wf lemma="nailaze" pos="X">nailaze</wf>
         <wf lemma="na" pos="X">na</wf>
         <wf lemma="neodobravanje" pos="X">neodobravanje</wf>
         <wf lemma="okoline" pos="X">okoline</wf>
         <wf lemma="." pos="X">.</wf>
      </sentence>
      <sentence id="d000.s6131" source="wordnet-croatian">
         <wf lemma="Ulaz" pos="X">Ulaz</wf>
         <wf lemma="je" pos="X">je</wf>
         <wf lemma="bio" pos="X">bio</wf>
         <wf lemma="na" pos="X">na</wf>
         <wf lemma="lijevoj" pos="X">lijevoj</wf>
         <instance id="d000.s6131.t000" lemma="strana" pos="NOUN">strani</instance>
         <wf lemma="zgrade" pos="X">zgrade</wf>
         <wf lemma="." pos="X">.</wf>
      </sentence>
      <sentence id="d000.s6132" source="wordnet-croatian">
         <wf lemma="Zbog" pos="X">Zbog</wf>
         <instance id="d000.s6132.t000" lemma="nesigurnost" pos="NOUN">nesigurnosti</instance>
         <wf lemma="je" pos="X">je</wf>
         <wf lemma="često" pos="X">često</wf>
         <wf lemma="padala" pos="X">padala</wf>
         <wf lemma="na" pos="X">na</wf>
         <wf lemma="ispitima" pos="X">ispitima</wf>
         <wf lemma="." pos="X">.</wf>
      </sentence>
      <sentence id="d000.s6133" source="wordnet-croatian">
         <wf lemma="Tijekom" pos="X">Tijekom</wf>
         <instance id="d000.s6133.t000" lemma="izgradnja" pos="NOUN">izgradnje</instance>
         <wf lemma="snašli" pos="X">snašli</wf>
         <wf lemma="su" pos="X">su</wf>
         <wf lemma="nas" pos="X">nas</wf>
         <wf lemma="neočekivani" pos="X">neočekivani</wf>
         <wf lemma="troškovi" pos="X">troškovi</wf>
         <wf lemma="." pos="X">.</wf>
      </sentence>
      <sentence id="d000.s6134" source="wordnet-croatian">
         <wf lemma="Imao" pos="X">Imao</wf>
         <wf lemma="je" pos="X">je</wf>
         <wf lemma="čitav" pos="X">čitav</wf>
         <wf lemma="niz" pos="X">niz</wf>
         <wf lemma="slikarskih" pos="X">slikarskih</wf>
         <instance id="d000.s6134.t000" lemma="kist" pos="NOUN">kistova</instance>
         <wf lemma="kojima" pos="X">kojima</wf>
         <wf lemma="je" pos="X">je</wf>
         <wf lemma="postizao" pos="X">postizao</wf>
         <wf lemma="različite" pos="X">različite</wf>
         <wf lemma="vizualne" pos="X">vizualne</wf>
         <wf lemma="efekte" pos="X">efekte</wf>
         <wf lemma="." pos="X">.</wf>
      </sentence>
      <sentence id="d000.s6135" source="wordnet-croatian">
         <wf lemma="Novogodišnji" pos="X">Novogodišnji</wf>
         <instance id="d000.s6135.t000" lemma="šou" pos="NOUN">šou</instance>
         <wf lemma="na" pos="X">na</wf>
         <wf lemma="televiziji" pos="X">televiziji</wf>
         <wf lemma="postao" pos="X">postao</wf>
         <wf lemma="je" pos="X">je</wf>
         <wf lemma="primjerom" pos="X">primjerom</wf>
         <wf lemma="malograđanštine" pos="X">malograđanštine</wf>
         <wf lemma="." pos="X">.</wf>
      </sentence>
      <sentence id="d000.s6136" source="wordnet-croatian">
         <wf lemma="Pomorci" pos="X">Pomorci</wf>
         <wf lemma="znaju" pos="X">znaju</wf>
         <wf lemma="vezati" pos="X">vezati</wf>
         <wf lemma="uže" pos="X">uže</wf>
         <wf lemma="u" pos="X">u</wf>
         <wf lemma="razne" pos="X">razne</wf>
         <instance id="d000.s6136.t000" lemma="čvor" pos="NOUN">čvorove</instance>
         <wf lemma="." pos="X">.</wf>
      </sentence>
      <sentence id="d000.s6137" source="wordnet-croatian">
         <wf lemma="Njegov" pos="X">Njegov</wf>
         <wf lemma="rad" pos="X">rad</wf>
         <instance id="d000.s6137.t000" lemma="utjecati" pos="VERB">utjecao</instance>
         <wf lemma="je" pos="X">je</wf>
         <wf lemma="na" pos="X">na</wf>
         <wf lemma="mnoge" pos="X">mnoge</wf>
         <wf lemma="generacije" pos="X">generacije</wf>
         <wf lemma="kasnijih" pos="X">kasnijih</wf>
         <wf lemma="slikara" pos="X">slikara</wf>
         <wf lemma="." pos="X">.</wf>
      </sentence>
      <sentence id="d000.s6138" source="wordnet-croatian">
         <wf lemma="Za" pos="X">Za</wf>
         <wf lemma="njegovu" pos="X">njegovu</wf>
         <wf lemma="su" pos="X">su</wf>
         <instance id="d000.s6138.t000" lemma="nećudorednost" pos="NOUN">nećudorednost</instance>
         <wf lemma="znali" pos="X">znali</wf>
         <wf lemma="svi" pos="X">svi</wf>
         <wf lemma="." pos="X">.</wf>
      </sentence>
      <sentence id="d000.s6139" source="wordnet-croatian">
         <wf lemma="Imala" pos="X">Imala</wf>
         <wf lemma="je" pos="X">je</wf>
         <wf lemma="usku" pos="X">usku</wf>
         <wf lemma="crnu" pos="X">crnu</wf>
         <wf lemma="haljinu" pos="X">haljinu</wf>
         <wf lemma="bez" pos="X">bez</wf>
         <wf lemma="rukava" pos="X">rukava</wf>
         <wf lemma="i" pos="X">i</wf>
         <wf lemma="čipkaste" pos="X">čipkaste</wf>
         <instance id="d000.s6139.t000" lemma="rukavica" pos="NOUN">rukavice</instance>
         <wf lemma="do" pos="X">do</wf>
         <wf lemma="iznad" pos="X">iznad</wf>
         <wf lemma="lakta" pos="X">lakta</wf>
         <wf lemma="." pos="X">.</wf>
      </sentence>
      <sentence id="d000.s6140" source="wordnet-croatian">
         <instance id="d000.s6140.t000" lemma="slušanje" pos="NOUN">Slušanje</instance>
         <wf lemma="klasične" pos="X">klasične</wf>
         <wf lemma="glazbe" pos="X">glazbe</wf>
         <wf lemma="me" pos="X">me</wf>
         <wf lemma="opušta" pos="X">opušta</wf>
         <wf lemma="." pos="X">.</wf>
      </sentence>
      <sentence id="d000.s6141" source="wordnet-croatian">
         <wf lemma="Tadeon" pos="X">Tadeon</wf>
         <wf lemma="je" pos="X">je</wf>
         <instance id="d000.s6141.t000" lemma="pseudonim" pos="NOUN">pseudonim</instance>
         <wf lemma="pjesnika" pos="X">pjesnika</wf>
         <wf lemma="Dragutina" pos="X">Dragutina</wf>
         <wf lemma="Tadijanovića" pos="X">Tadijanovića</wf>
         <wf lemma="." pos="X">.</wf>
      </sentence>
      <sentence id="d000.s6142" source="wordnet-croatian">
         <wf lemma="Nakon" pos="X">Nakon</wf>
         <wf lemma="njezinih" pos="X">njezinih</wf>
         <wf lemma="su" pos="X">su</wf>
         <wf lemma="riječi" pos="X">riječi</wf>
         <wf lemma="u" pos="X">u</wf>
         <wf lemma="dvorani" pos="X">dvorani</wf>
         <wf lemma="zavladali" pos="X">zavladali</wf>
         <wf lemma="muk" pos="X">muk</wf>
         <wf lemma="i" pos="X">i</wf>
         <instance id="d000.s6142.t000" lemma="nepomičnost" pos="NOUN">nepomičnost</instance>
         <wf lemma="." pos="X">.</wf>
      </sentence>
      <sentence id="d000.s6143" source="wordnet-croatian">
         <wf lemma="Filmski" pos="X">Filmski</wf>
         <instance id="d000.s6143.t000" lemma="festival" pos="NOUN">festival</instance>
         <wf lemma="u" pos="X">u</wf>
         <wf lemma="Cannesu" pos="X">Cannesu</wf>
         <wf lemma="svake" pos="X">svake</wf>
         <wf lemma="godine" pos="X">godine</wf>
         <wf lemma="okuplja" pos="X">okuplja</wf>
         <wf lemma="najveće" pos="X">najveće</wf>
         <wf lemma="filmske" pos="X">filmske</wf>
         <wf lemma="zvijezde" pos="X">zvijezde</wf>
         <wf lemma="." pos="X">.</wf>
      </sentence>
      <sentence id="d000.s6144" source="wordnet-croatian">
         <wf lemma="Lažni" pos="X">Lažni</wf>
         <wf lemma="svjedoci" pos="X">svjedoci</wf>
         <wf lemma="otežavaju" pos="X">otežavaju</wf>
         <instance id="d000.s6144.t000" lemma="razjašnjenje" pos="NOUN">razjašnjenje</instance>
         <wf lemma="pojedinog" pos="X">pojedinog</wf>
         <wf lemma="slučaja" pos="X">slučaja</wf>
         <wf lemma="." pos="X">.</wf>
      </sentence>
      <sentence id="d000.s6145" source="wordnet-croatian">
         <wf lemma="Molim" pos="X">Molim</wf>
         <wf lemma="vas" pos="X">vas</wf>
         <wf lemma="da" pos="X">da</wf>
         <wf lemma="mi" pos="X">mi</wf>
         <instance id="d000.s6145.t000" lemma="produžiti" pos="VERB">produžite</instance>
         <wf lemma="ove" pos="X">ove</wf>
         <wf lemma="hlaće" pos="X">hlaće</wf>
         <wf lemma="." pos="X">.</wf>
      </sentence>
      <sentence id="d000.s6146" source="wordnet-croatian">
         <wf lemma="Vrijednost" pos="X">Vrijednost</wf>
         <wf lemma="svih" pos="X">svih</wf>
         <wf lemma="dionica" pos="X">dionica</wf>
         <wf lemma="je" pos="X">je</wf>
         <instance id="d000.s6146.t000" lemma="pasti" pos="VERB">pala</instance>
         <wf lemma="." pos="X">.</wf>
      </sentence>
      <sentence id="d000.s6147" source="wordnet-croatian">
         <wf lemma="Kiparstvo" pos="X">Kiparstvo</wf>
         <wf lemma="je" pos="X">je</wf>
         <instance id="d000.s6147.t000" lemma="vrsta" pos="NOUN">vrsta</instance>
         <wf lemma="umjetnosti" pos="X">umjetnosti</wf>
         <wf lemma="." pos="X">.</wf>
      </sentence>
      <sentence id="d000.s6148" source="wordnet-croatian">
         <wf lemma="Sve" pos="X">Sve</wf>
         <wf lemma="se" pos="X">se</wf>
         <wf lemma="više" pos="X">više</wf>
         <wf lemma="pojavljuje" pos="X">pojavljuje</wf>
         <wf lemma="sumnja" pos="X">sumnja</wf>
         <wf lemma="u" pos="X">u</wf>
         <instance id="d000.s6148.t000" lemma="pravičnost" pos="NOUN">pravičnost</instance>
         <wf lemma="odluke" pos="X">odluke</wf>
         <wf lemma="Ustvnog" pos="X">Ustvnog</wf>
         <wf lemma="suda" pos="X">suda</wf>
         <wf lemma="." pos="X">.</wf>
      </sentence>
      <sentence id="d000.s6149" source="wordnet-croatian">
         <wf lemma="Nakon" pos="X">Nakon</wf>
         <wf lemma="pola" pos="X">pola</wf>
         <wf lemma="sata" pos="X">sata</wf>
         <instance id="d000.s6149.t000" lemma="olabaviti" pos="VERB">olabavila</instance>
         <wf lemma="je" pos="X">je</wf>
         <wf lemma="stisak" pos="X">stisak</wf>
         <wf lemma="oko" pos="X">oko</wf>
         <wf lemma="moga" pos="X">moga</wf>
         <wf lemma="vrata" pos="X">vrata</wf>
         <wf lemma="." pos="X">.</wf>
      </sentence>
      <sentence id="d000.s6150" source="wordnet-croatian">
         <wf lemma="Moraš" pos="X">Moraš</wf>
         <wf lemma="dobro" pos="X">dobro</wf>
         <wf lemma="promisliti" pos="X">promisliti</wf>
         <wf lemma="o" pos="X">o</wf>
         <wf lemma="svojem" pos="X">svojem</wf>
         <wf lemma="sljedećem" pos="X">sljedećem</wf>
         <instance id="d000.s6150.t000" lemma="postupak" pos="NOUN">postupku</instance>
         <wf lemma="." pos="X">.</wf>
      </sentence>
      <sentence id="d000.s6151" source="wordnet-croatian">
         <wf lemma="Stavila" pos="X">Stavila</wf>
         <wf lemma="je" pos="X">je</wf>
         <wf lemma="sladoled" pos="X">sladoled</wf>
         <wf lemma="u" pos="X">u</wf>
         <instance id="d000.s6151.t000" lemma="ledenica" pos="NOUN">ledenicu</instance>
         <wf lemma="da" pos="X">da</wf>
         <wf lemma="se" pos="X">se</wf>
         <wf lemma="ne" pos="X">ne</wf>
         <wf lemma="otopi" pos="X">otopi</wf>
         <wf lemma="dok" pos="X">dok</wf>
         <wf lemma="ne" pos="X">ne</wf>
         <wf lemma="dođu" pos="X">dođu</wf>
         <wf lemma="gosti" pos="X">gosti</wf>
         <wf lemma="." pos="X">.</wf>
      </sentence>
      <sentence id="d000.s6152" source="wordnet-croatian">
         <wf lemma="Gledao" pos="X">Gledao</wf>
         <wf lemma="je" pos="X">je</wf>
         <wf lemma="u" pos="X">u</wf>
         <instance id="d000.s6152.t000" lemma="pravac" pos="NOUN">pravcu</instance>
         <wf lemma="kuće" pos="X">kuće</wf>
         <wf lemma="." pos="X">.</wf>
      </sentence>
      <sentence id="d000.s6153" source="wordnet-croatian">
         <wf lemma="Jutros" pos="X">Jutros</wf>
         <wf lemma="mi" pos="X">mi</wf>
         <wf lemma="je" pos="X">je</wf>
         <instance id="d000.s6153.t000" lemma="trebati" pos="VERB">trebalo</instance>
         <wf lemma="tri" pos="X">tri</wf>
         <wf lemma="sata" pos="X">sata</wf>
         <wf lemma="da" pos="X">da</wf>
         <wf lemma="dođem" pos="X">dođem</wf>
         <wf lemma="do" pos="X">do</wf>
         <wf lemma="posla" pos="X">posla</wf>
         <wf lemma="." pos="X">.</wf>
      </sentence>
      <sentence id="d000.s6154" source="wordnet-croatian">
         <instance id="d000.s6154.t000" lemma="skromnost" pos="NOUN">Skromnost</instance>
         <wf lemma="je" pos="X">je</wf>
         <wf lemma="vrlo" pos="X">vrlo</wf>
         <wf lemma="rijetka" pos="X">rijetka</wf>
         <wf lemma="vrlina" pos="X">vrlina</wf>
         <wf lemma="kod" pos="X">kod</wf>
         <wf lemma="današnje" pos="X">današnje</wf>
         <wf lemma="mladeži" pos="X">mladeži</wf>
         <wf lemma="." pos="X">.</wf>
      </sentence>
      <sentence id="d000.s6155" source="wordnet-croatian">
         <wf lemma="Razgovarao" pos="X">Razgovarao</wf>
         <wf lemma="sam" pos="X">sam</wf>
         <wf lemma="s" pos="X">s</wf>
         <wf lemma="njim" pos="X">njim</wf>
         <instance id="d000.s6155.t000" lemma="telefon" pos="NOUN">telefonom</instance>
         <wf lemma="." pos="X">.</wf>
      </sentence>
      <sentence id="d000.s6156" source="wordnet-croatian">
         <wf lemma="Posebni" pos="X">Posebni</wf>
         <wf lemma="strojevi" pos="X">strojevi</wf>
         <wf lemma="su" pos="X">su</wf>
         <instance id="d000.s6156.t000" lemma="ovlaživati" pos="VERB">ovlaživali</instance>
         <wf lemma="zrak" pos="X">zrak</wf>
         <wf lemma="u" pos="X">u</wf>
         <wf lemma="cijeloj" pos="X">cijeloj</wf>
         <wf lemma="zgradi" pos="X">zgradi</wf>
         <wf lemma="." pos="X">.</wf>
      </sentence>
      <sentence id="d000.s6157" source="wordnet-croatian">
         <wf lemma="Kameni" pos="X">Kameni</wf>
         <wf lemma="elementi" pos="X">elementi</wf>
         <instance id="d000.s6157.t000" lemma="galerija" pos="NOUN">galerije</instance>
         <wf lemma="zagrebačke" pos="X">zagrebačke</wf>
         <wf lemma="katedrale" pos="X">katedrale</wf>
         <wf lemma="vape" pos="X">vape</wf>
         <wf lemma="za" pos="X">za</wf>
         <wf lemma="obnovom" pos="X">obnovom</wf>
         <wf lemma="." pos="X">.</wf>
      </sentence>
      <sentence id="d000.s6158" source="wordnet-croatian">
         <wf lemma="Nakon" pos="X">Nakon</wf>
         <wf lemma="što" pos="X">što</wf>
         <wf lemma="zamijesite" pos="X">zamijesite</wf>
         <wf lemma="tijesto" pos="X">tijesto</wf>
         <wf lemma="," pos="X">,</wf>
         <wf lemma="zamotajte" pos="X">zamotajte</wf>
         <wf lemma="ga" pos="X">ga</wf>
         <wf lemma="u" pos="X">u</wf>
         <instance id="d000.s6158.t000" lemma="folija" pos="NOUN">foliju</instance>
         <wf lemma="i" pos="X">i</wf>
         <wf lemma="stavite" pos="X">stavite</wf>
         <wf lemma="u" pos="X">u</wf>
         <wf lemma="frižider" pos="X">frižider</wf>
         <wf lemma="na" pos="X">na</wf>
         <wf lemma="dva" pos="X">dva</wf>
         <wf lemma="sata" pos="X">sata</wf>
         <wf lemma="." pos="X">.</wf>
      </sentence>
      <sentence id="d000.s6159" source="wordnet-croatian">
         <wf lemma="Žarko" pos="X">Žarko</wf>
         <wf lemma="su" pos="X">su</wf>
         <wf lemma="željeli" pos="X">željeli</wf>
         <instance id="d000.s6159.t000" lemma="muški" pos="ADJ">muško</instance>
         <wf lemma="čedo" pos="X">čedo</wf>
         <wf lemma="." pos="X">.</wf>
      </sentence>
      <sentence id="d000.s6160" source="wordnet-croatian">
         <instance id="d000.s6160.t000" lemma="tjelovježba" pos="NOUN">Tjelovježba</instance>
         <wf lemma="najbolje" pos="X">najbolje</wf>
         <wf lemma="godi" pos="X">godi</wf>
         <wf lemma="rano" pos="X">rano</wf>
         <wf lemma="ujutro" pos="X">ujutro</wf>
         <wf lemma="." pos="X">.</wf>
      </sentence>
      <sentence id="d000.s6161" source="wordnet-croatian">
         <wf lemma="Bojim" pos="X">Bojim</wf>
         <wf lemma="se" pos="X">se</wf>
         <wf lemma="da" pos="X">da</wf>
         <wf lemma="njegovi" pos="X">njegovi</wf>
         <wf lemma="pismo" pos="X">pismo</wf>
         <instance id="d000.s6161.t000" lemma="značiti" pos="VERB">znači</instance>
         <wf lemma="veliku" pos="X">veliku</wf>
         <wf lemma="nevolju" pos="X">nevolju</wf>
         <wf lemma="!" pos="X">!</wf>
      </sentence>
      <sentence id="d000.s6162" source="wordnet-croatian">
         <wf lemma="Nitko" pos="X">Nitko</wf>
         <wf lemma="nije" pos="X">nije</wf>
         <wf lemma="bio" pos="X">bio</wf>
         <wf lemma="zadovoljan" pos="X">zadovoljan</wf>
         <instance id="d000.s6162.t000" lemma="integracija" pos="NOUN">integracijom</instance>
         <wf lemma="dviju" pos="X">dviju</wf>
         <wf lemma="tvrtki" pos="X">tvrtki</wf>
         <wf lemma="." pos="X">.</wf>
      </sentence>
      <sentence id="d000.s6163" source="wordnet-croatian">
         <wf lemma="Pucnuo" pos="X">Pucnuo</wf>
         <wf lemma="je" pos="X">je</wf>
         <instance id="d000.s6163.t000" lemma="bič" pos="NOUN">bičem</instance>
         <wf lemma="i" pos="X">i</wf>
         <wf lemma="konj" pos="X">konj</wf>
         <wf lemma="je" pos="X">je</wf>
         <wf lemma="pojurio" pos="X">pojurio</wf>
         <wf lemma="." pos="X">.</wf>
      </sentence>
      <sentence id="d000.s6164" source="wordnet-croatian">
         <wf lemma="Ona" pos="X">Ona</wf>
         <instance id="d000.s6164.t000" lemma="znati" pos="VERB">zna</instance>
         <wf lemma="dobro" pos="X">dobro</wf>
         <wf lemma="šiti" pos="X">šiti</wf>
         <wf lemma="i" pos="X">i</wf>
         <wf lemma="plesti" pos="X">plesti</wf>
         <wf lemma="." pos="X">.</wf>
      </sentence>
      <sentence id="d000.s6165" source="wordnet-croatian">
         <wf lemma="Otelo" pos="X">Otelo</wf>
         <wf lemma="je" pos="X">je</wf>
         <instance id="d000.s6165.t000" lemma="ugušiti" pos="VERB">ugušio</instance>
         <wf lemma="Desdemonu" pos="X">Desdemonu</wf>
         <wf lemma="jastukom" pos="X">jastukom</wf>
         <wf lemma="." pos="X">.</wf>
      </sentence>
      <sentence id="d000.s6166" source="wordnet-croatian">
         <wf lemma="Policija" pos="X">Policija</wf>
         <wf lemma="je" pos="X">je</wf>
         <wf lemma="došla" pos="X">došla</wf>
         <wf lemma="na" pos="X">na</wf>
         <instance id="d000.s6166.t000" lemma="mjesto" pos="NOUN">mjesto</instance>
         <wf lemma="zločina" pos="X">zločina</wf>
         <wf lemma="." pos="X">.</wf>
      </sentence>
      <sentence id="d000.s6167" source="wordnet-croatian">
         <wf lemma="Ani" pos="X">Ani</wf>
         <wf lemma="su" pos="X">su</wf>
         <wf lemma="rekli" pos="X">rekli</wf>
         <wf lemma="da" pos="X">da</wf>
         <wf lemma="je" pos="X">je</wf>
         <wf lemma="previsoka" pos="X">previsoka</wf>
         <wf lemma="za" pos="X">za</wf>
         <wf lemma="bavljenje" pos="X">bavljenje</wf>
         <instance id="d000.s6167.t000" lemma="gimnastika" pos="NOUN">gimnastikom</instance>
         <wf lemma="." pos="X">.</wf>
      </sentence>
      <sentence id="d000.s6168" source="wordnet-croatian">
         <wf lemma="Bio" pos="X">Bio</wf>
         <wf lemma="je" pos="X">je</wf>
         <wf lemma="stručnjak" pos="X">stručnjak</wf>
         <wf lemma="za" pos="X">za</wf>
         <wf lemma="popravljanje" pos="X">popravljanje</wf>
         <instance id="d000.s6168.t000" lemma="unutrašnji" pos="ADJ">unutrašnjih</instance>
         <wf lemma="mehanizama" pos="X">mehanizama</wf>
         <wf lemma="igračaka" pos="X">igračaka</wf>
         <wf lemma="." pos="X">.</wf>
      </sentence>
      <sentence id="d000.s6169" source="wordnet-croatian">
         <wf lemma="Policija" pos="X">Policija</wf>
         <wf lemma="je" pos="X">je</wf>
         <instance id="d000.s6169.t000" lemma="pročešljati" pos="VERB">pročešljala</instance>
         <wf lemma="cijelo" pos="X">cijelo</wf>
         <wf lemma="susjedstvo" pos="X">susjedstvo</wf>
         <wf lemma="u" pos="X">u</wf>
         <wf lemma="potrazi" pos="X">potrazi</wf>
         <wf lemma="za" pos="X">za</wf>
         <wf lemma="nestalim" pos="X">nestalim</wf>
         <wf lemma="djetetom" pos="X">djetetom</wf>
         <wf lemma="." pos="X">.</wf>
      </sentence>
      <sentence id="d000.s6170" source="wordnet-croatian">
         <wf lemma="Na" pos="X">Na</wf>
         <wf lemma="prvi" pos="X">prvi</wf>
         <wf lemma="pogled" pos="X">pogled</wf>
         <wf lemma="moglo" pos="X">moglo</wf>
         <wf lemma="se" pos="X">se</wf>
         <wf lemma="zaključiti" pos="X">zaključiti</wf>
         <wf lemma="da" pos="X">da</wf>
         <wf lemma="je" pos="X">je</wf>
         <wf lemma="riječ" pos="X">riječ</wf>
         <wf lemma="o" pos="X">o</wf>
         <wf lemma="Krležinom" pos="X">Krležinom</wf>
         <instance id="d000.s6170.t000" lemma="pismo" pos="NOUN">pismu</instance>
         <wf lemma="." pos="X">.</wf>
      </sentence>
      <sentence id="d000.s6171" source="wordnet-croatian">
         <wf lemma="Sinoćnja" pos="X">Sinoćnja</wf>
         <wf lemma="izvedba" pos="X">izvedba</wf>
         <wf lemma="Bacha" pos="X">Bacha</wf>
         <wf lemma="duboko" pos="X">duboko</wf>
         <wf lemma="me" pos="X">me</wf>
         <instance id="d000.s6171.t000" lemma="ganuti" pos="VERB">ganula</instance>
         <wf lemma="." pos="X">.</wf>
      </sentence>
      <sentence id="d000.s6172" source="wordnet-croatian">
         <wf lemma="Veliki" pos="X">Veliki</wf>
         <wf lemma="dio" pos="X">dio</wf>
         <wf lemma="primorskog" pos="X">primorskog</wf>
         <wf lemma="krša" pos="X">krša</wf>
         <wf lemma="sačinjen" pos="X">sačinjen</wf>
         <wf lemma="je" pos="X">je</wf>
         <wf lemma="od" pos="X">od</wf>
         <instance id="d000.s6172.t000" lemma="vapnenac" pos="NOUN">vapnenca</instance>
         <wf lemma="." pos="X">.</wf>
      </sentence>
      <sentence id="d000.s6173" source="wordnet-croatian">
         <wf lemma="Ikebana" pos="X">Ikebana</wf>
         <wf lemma="je" pos="X">je</wf>
         <wf lemma="lijepa" pos="X">lijepa</wf>
         <wf lemma="," pos="X">,</wf>
         <wf lemma="ali" pos="X">ali</wf>
         <wf lemma="koja" pos="X">koja</wf>
         <wf lemma="je" pos="X">je</wf>
         <wf lemma="zapravo" pos="X">zapravo</wf>
         <wf lemma="njezina" pos="X">njezina</wf>
         <instance id="d000.s6173.t000" lemma="svrha" pos="NOUN">svrha</instance>
         <wf lemma="?" pos="X">?</wf>
      </sentence>
      <sentence id="d000.s6174" source="wordnet-croatian">
         <wf lemma="Čini" pos="X">Čini</wf>
         <wf lemma="mi" pos="X">mi</wf>
         <wf lemma="se" pos="X">se</wf>
         <wf lemma="da" pos="X">da</wf>
         <wf lemma="su" pos="X">su</wf>
         <instance id="d000.s6174.t000" lemma="poliandrist" pos="NOUN">poliandristi</instance>
         <wf lemma="rjeđi" pos="X">rjeđi</wf>
         <wf lemma="od" pos="X">od</wf>
         <wf lemma="poliginista" pos="X">poliginista</wf>
         <wf lemma="." pos="X">.</wf>
      </sentence>
      <sentence id="d000.s6175" source="wordnet-croatian">
         <instance id="d000.s6175.t000" lemma="pravo" pos="NOUN">Pravo</instance>
         <wf lemma="na" pos="X">na</wf>
         <wf lemma="život" pos="X">život</wf>
         <wf lemma="neotuđivo" pos="X">neotuđivo</wf>
         <wf lemma="je" pos="X">je</wf>
         <wf lemma="." pos="X">.</wf>
      </sentence>
      <sentence id="d000.s6176" source="wordnet-croatian">
         <wf lemma="Trebamo" pos="X">Trebamo</wf>
         <wf lemma="pronaći" pos="X">pronaći</wf>
         <instance id="d000.s6176.t000" lemma="izlaz" pos="NOUN">izlaz</instance>
         <wf lemma="sa" pos="X">sa</wf>
         <wf lemma="stadiona" pos="X">stadiona</wf>
         <wf lemma="." pos="X">.</wf>
      </sentence>
      <sentence id="d000.s6177" source="wordnet-croatian">
         <wf lemma="Od" pos="X">Od</wf>
         <wf lemma="kada" pos="X">kada</wf>
         <wf lemma="je" pos="X">je</wf>
         <wf lemma="sagrađen" pos="X">sagrađen</wf>
         <instance id="d000.s6177.t000" lemma="tunel" pos="NOUN">tunel</instance>
         <wf lemma="kroz" pos="X">kroz</wf>
         <wf lemma="Velebit" pos="X">Velebit</wf>
         <wf lemma="Dalmacija" pos="X">Dalmacija</wf>
         <wf lemma="je" pos="X">je</wf>
         <wf lemma="puno" pos="X">puno</wf>
         <wf lemma="bolje" pos="X">bolje</wf>
         <wf lemma="povezana" pos="X">povezana</wf>
         <wf lemma="s" pos="X">s</wf>
         <wf lemma="unutrašnjošću" pos="X">unutrašnjošću</wf>
         <wf lemma="." pos="X">.</wf>
      </sentence>
      <sentence id="d000.s6178" source="wordnet-croatian">
         <wf lemma="Naučila" pos="X">Naučila</wf>
         <wf lemma="sam" pos="X">sam</wf>
         <wf lemma="djecu" pos="X">djecu</wf>
         <wf lemma="prepoznavati" pos="X">prepoznavati</wf>
         <instance id="d000.s6178.t000" lemma="vrisak" pos="NOUN">vrisak</instance>
         <wf lemma="." pos="X">.</wf>
      </sentence>
      <sentence id="d000.s6179" source="wordnet-croatian">
         <wf lemma="Tkanje" pos="X">Tkanje</wf>
         <wf lemma="se" pos="X">se</wf>
         <wf lemma="sastoji" pos="X">sastoji</wf>
         <wf lemma="od" pos="X">od</wf>
         <wf lemma="dva" pos="X">dva</wf>
         <wf lemma="sistema" pos="X">sistema</wf>
         <wf lemma="niti" pos="X">niti</wf>
         <wf lemma=":" pos="X">:</wf>
         <wf lemma="osnove" pos="X">osnove</wf>
         <wf lemma="i" pos="X">i</wf>
         <instance id="d000.s6179.t000" lemma="potka" pos="NOUN">potke</instance>
         <wf lemma="koje" pos="X">koje</wf>
         <wf lemma="se" pos="X">se</wf>
         <wf lemma="u" pos="X">u</wf>
         <wf lemma="procesu" pos="X">procesu</wf>
         <wf lemma="tkanja" pos="X">tkanja</wf>
         <wf lemma="međusobno" pos="X">međusobno</wf>
         <wf lemma="okomito" pos="X">okomito</wf>
         <wf lemma="prepliću" pos="X">prepliću</wf>
         <wf lemma="." pos="X">.</wf>
      </sentence>
      <sentence id="d000.s6180" source="wordnet-croatian">
         <wf lemma="Uspješno" pos="X">Uspješno</wf>
         <wf lemma="sam" pos="X">sam</wf>
         <instance id="d000.s6180.t000" lemma="obaviti" pos="VERB">obavila</instance>
         <wf lemma="zadatak" pos="X">zadatak</wf>
         <wf lemma="." pos="X">.</wf>
      </sentence>
      <sentence id="d000.s6181" source="wordnet-croatian">
         <wf lemma="Tvoje" pos="X">Tvoje</wf>
         <instance id="d000.s6181.t000" lemma="kašnjenje" pos="NOUN">kašnjenje</instance>
         <wf lemma="na" pos="X">na</wf>
         <wf lemma="posao" pos="X">posao</wf>
         <wf lemma="ide" pos="X">ide</wf>
         <wf lemma="mi" pos="X">mi</wf>
         <wf lemma="na" pos="X">na</wf>
         <wf lemma="živce" pos="X">živce</wf>
         <wf lemma="!" pos="X">!</wf>
      </sentence>
      <sentence id="d000.s6182" source="wordnet-croatian">
         <wf lemma="Svjetionik" pos="X">Svjetionik</wf>
         <wf lemma="je" pos="X">je</wf>
         <instance id="d000.s6182.t000" lemma="titrati" pos="VERB">titrao</instance>
         <wf lemma="svakih" pos="X">svakih</wf>
         <wf lemma="pet" pos="X">pet</wf>
         <wf lemma="sekundi" pos="X">sekundi</wf>
         <wf lemma="." pos="X">.</wf>
      </sentence>
      <sentence id="d000.s6183" source="wordnet-croatian">
         <wf lemma="Njegov" pos="X">Njegov</wf>
         <wf lemma="ga" pos="X">ga</wf>
         <wf lemma="je" pos="X">je</wf>
         <wf lemma="šarm" pos="X">šarm</wf>
         <wf lemma="činio" pos="X">činio</wf>
         <instance id="d000.s6183.t000" lemma="privlačan" pos="ADJ">privlačnim</instance>
         <wf lemma="ženama" pos="X">ženama</wf>
         <wf lemma="svih" pos="X">svih</wf>
         <wf lemma="generacija" pos="X">generacija</wf>
         <wf lemma="." pos="X">.</wf>
      </sentence>
      <sentence id="d000.s6184" source="wordnet-croatian">
         <wf lemma="Drvo" pos="X">Drvo</wf>
         <wf lemma="je" pos="X">je</wf>
         <wf lemma="plutalo" pos="X">plutalo</wf>
         <wf lemma="slijedeći" pos="X">slijedeći</wf>
         <instance id="d000.s6184.t000" lemma="tok" pos="NOUN">tok</instance>
         <wf lemma="rijeke" pos="X">rijeke</wf>
         <wf lemma="." pos="X">.</wf>
      </sentence>
      <sentence id="d000.s6185" source="wordnet-croatian">
         <wf lemma="Došao" pos="X">Došao</wf>
         <wf lemma="je" pos="X">je</wf>
         <instance id="d000.s6185.t000" lemma="tužan" pos="ADJ">tužan</instance>
         <wf lemma="iz" pos="X">iz</wf>
         <wf lemma="škole" pos="X">škole</wf>
         <wf lemma="jer" pos="X">jer</wf>
         <wf lemma="je" pos="X">je</wf>
         <wf lemma="dobio" pos="X">dobio</wf>
         <wf lemma="lošu" pos="X">lošu</wf>
         <wf lemma="ocjenu" pos="X">ocjenu</wf>
         <wf lemma="." pos="X">.</wf>
      </sentence>
      <sentence id="d000.s6186" source="wordnet-croatian">
         <wf lemma="Većina" pos="X">Većina</wf>
         <instance id="d000.s6186.t000" lemma="pretvarač" pos="NOUN">pretvarača</instance>
         <wf lemma="radi" pos="X">radi</wf>
         <wf lemma="automatski" pos="X">automatski</wf>
         <wf lemma="." pos="X">.</wf>
      </sentence>
      <sentence id="d000.s6187" source="wordnet-croatian">
         <wf lemma="Naporno" pos="X">Naporno</wf>
         <wf lemma="je" pos="X">je</wf>
         <wf lemma="radila" pos="X">radila</wf>
         <wf lemma="i" pos="X">i</wf>
         <wf lemma="nadograđivala" pos="X">nadograđivala</wf>
         <wf lemma="svoje" pos="X">svoje</wf>
         <instance id="d000.s6187.t000" lemma="znanje" pos="NOUN">znanje</instance>
         <wf lemma="." pos="X">.</wf>
      </sentence>
      <sentence id="d000.s6188" source="wordnet-croatian">
         <instance id="d000.s6188.t000" lemma="liker" pos="NOUN">Likeri</instance>
         <wf lemma="se" pos="X">se</wf>
         <wf lemma="obično" pos="X">obično</wf>
         <wf lemma="smatraju" pos="X">smatraju</wf>
         <wf lemma="tipičnim" pos="X">tipičnim</wf>
         <wf lemma="ženskim" pos="X">ženskim</wf>
         <wf lemma="pićem" pos="X">pićem</wf>
         <wf lemma="." pos="X">.</wf>
      </sentence>
      <sentence id="d000.s6189" source="wordnet-croatian">
         <wf lemma="Volim" pos="X">Volim</wf>
         <wf lemma="nakit" pos="X">nakit</wf>
         <wf lemma="od" pos="X">od</wf>
         <instance id="d000.s6189.t000" lemma="platina" pos="NOUN">platine</instance>
         <wf lemma="." pos="X">.</wf>
      </sentence>
      <sentence id="d000.s6190" source="wordnet-croatian">
         <wf lemma="Uvijekt" pos="X">Uvijekt</wf>
         <wf lemma="treba" pos="X">treba</wf>
         <instance id="d000.s6190.t000" lemma="prepustiti" pos="VERB">prepustiti</instance>
         <wf lemma="bolje" pos="X">bolje</wf>
         <wf lemma="mjesto" pos="X">mjesto</wf>
         <wf lemma="lijepoj" pos="X">lijepoj</wf>
         <wf lemma="dami" pos="X">dami</wf>
         <wf lemma="." pos="X">.</wf>
      </sentence>
      <sentence id="d000.s6191" source="wordnet-croatian">
         <wf lemma="U" pos="X">U</wf>
         <wf lemma="našem" pos="X">našem</wf>
         <wf lemma="metričkom" pos="X">metričkom</wf>
         <wf lemma="sustavu" pos="X">sustavu</wf>
         <wf lemma="metar" pos="X">metar</wf>
         <wf lemma="je" pos="X">je</wf>
         <wf lemma="osnovna" pos="X">osnovna</wf>
         <wf lemma="mjerna" pos="X">mjerna</wf>
         <instance id="d000.s6191.t000" lemma="jedinica" pos="NOUN">jedinica</instance>
         <wf lemma="dužine" pos="X">dužine</wf>
         <wf lemma="." pos="X">.</wf>
      </sentence>
      <sentence id="d000.s6192" source="wordnet-croatian">
         <wf lemma="Ta" pos="X">Ta</wf>
         <wf lemma="ga" pos="X">ga</wf>
         <wf lemma="je" pos="X">je</wf>
         <wf lemma="vijest" pos="X">vijest</wf>
         <wf lemma="jako" pos="X">jako</wf>
         <instance id="d000.s6192.t000" lemma="naljutiti" pos="VERB">naljutila</instance>
         <wf lemma="." pos="X">.</wf>
      </sentence>
      <sentence id="d000.s6193" source="wordnet-croatian">
         <wf lemma="Na" pos="X">Na</wf>
         <wf lemma="izložbi" pos="X">izložbi</wf>
         <wf lemma="su" pos="X">su</wf>
         <wf lemma="pokazane" pos="X">pokazane</wf>
         <wf lemma="fotografije" pos="X">fotografije</wf>
         <instance id="d000.s6193.t000" lemma="vanjski" pos="ADJ">vanjskih</instance>
         <wf lemma="dijelova" pos="X">dijelova</wf>
         <wf lemma="starih" pos="X">starih</wf>
         <wf lemma="hramova" pos="X">hramova</wf>
         <wf lemma="." pos="X">.</wf>
      </sentence>
      <sentence id="d000.s6194" source="wordnet-croatian">
         <wf lemma="Mirko" pos="X">Mirko</wf>
         <wf lemma="je" pos="X">je</wf>
         <wf lemma="pred" pos="X">pred</wf>
         <wf lemma="suborcima" pos="X">suborcima</wf>
         <instance id="d000.s6194.t000" lemma="mahati" pos="VERB">mahao</instance>
         <wf lemma="pištoljem" pos="X">pištoljem</wf>
         <wf lemma="." pos="X">.</wf>
      </sentence>
      <sentence id="d000.s6195" source="wordnet-croatian">
         <wf lemma="Korizmeni" pos="X">Korizmeni</wf>
         <instance id="d000.s6195.t000" lemma="post" pos="NOUN">post</instance>
         <wf lemma="traje" pos="X">traje</wf>
         <wf lemma="40" pos="X">40</wf>
         <wf lemma="dana" pos="X">dana</wf>
         <wf lemma="." pos="X">.</wf>
      </sentence>
      <sentence id="d000.s6196" source="wordnet-croatian">
         <instance id="d000.s6196.t000" lemma="testiranje" pos="NOUN">Testiranje</instance>
         <wf lemma="novog" pos="X">novog</wf>
         <wf lemma="vozila" pos="X">vozila</wf>
         <wf lemma="Formule" pos="X">Formule</wf>
         <wf lemma="1" pos="X">1</wf>
         <wf lemma="ispunilo" pos="X">ispunilo</wf>
         <wf lemma="je" pos="X">je</wf>
         <wf lemma="očekivanja" pos="X">očekivanja</wf>
         <wf lemma="proizvođača" pos="X">proizvođača</wf>
         <wf lemma="." pos="X">.</wf>
      </sentence>
      <sentence id="d000.s6197" source="wordnet-croatian">
         <wf lemma="Užurbano" pos="X">Užurbano</wf>
         <wf lemma="su" pos="X">su</wf>
         <wf lemma="se" pos="X">se</wf>
         <instance id="d000.s6197.t000" lemma="dovršavati" pos="VERB">dovršavale</instance>
         <wf lemma="zadnje" pos="X">zadnje</wf>
         <wf lemma="pripreme" pos="X">pripreme</wf>
         <wf lemma="za" pos="X">za</wf>
         <wf lemma="vjenčanje" pos="X">vjenčanje</wf>
         <wf lemma="." pos="X">.</wf>
      </sentence>
      <sentence id="d000.s6198" source="wordnet-croatian">
         <wf lemma="Gradonačelnik" pos="X">Gradonačelnik</wf>
         <wf lemma="je" pos="X">je</wf>
         <wf lemma="stoički" pos="X">stoički</wf>
         <wf lemma="podnio" pos="X">podnio</wf>
         <wf lemma="oštre" pos="X">oštre</wf>
         <instance id="d000.s6198.t000" lemma="kritika" pos="NOUN">kritike</instance>
         <wf lemma="svojih" pos="X">svojih</wf>
         <wf lemma="protivnika" pos="X">protivnika</wf>
         <wf lemma="." pos="X">.</wf>
      </sentence>
      <sentence id="d000.s6199" source="wordnet-croatian">
         <wf lemma="Našla" pos="X">Našla</wf>
         <wf lemma="sam" pos="X">sam</wf>
         <wf lemma="se" pos="X">se</wf>
         <wf lemma="s" pos="X">s</wf>
         <wf lemma="prijateljicama" pos="X">prijateljicama</wf>
         <wf lemma="pa" pos="X">pa</wf>
         <wf lemma="smo" pos="X">smo</wf>
         <wf lemma="otišle" pos="X">otišle</wf>
         <wf lemma="u" pos="X">u</wf>
         <instance id="d000.s6199.t000" lemma="slastičarnica" pos="NOUN">slastičarnicu</instance>
         <wf lemma="na" pos="X">na</wf>
         <wf lemma="kesten" pos="X">kesten</wf>
         <wf lemma="pire" pos="X">pire</wf>
         <wf lemma="." pos="X">.</wf>
      </sentence>
      <sentence id="d000.s6200" source="wordnet-croatian">
         <wf lemma="Desnica" pos="X">Desnica</wf>
         <instance id="d000.s6200.t000" lemma="kontrolirati" pos="VERB">kontrolira</instance>
         <wf lemma="parlament" pos="X">parlament</wf>
         <wf lemma="." pos="X">.</wf>
      </sentence>
      <sentence id="d000.s6201" source="wordnet-croatian">
         <wf lemma="Prodaja" pos="X">Prodaja</wf>
         <wf lemma="rijetkog" pos="X">rijetkog</wf>
         <instance id="d000.s6201.t000" lemma="tekstil" pos="NOUN">tekstila</instance>
         <wf lemma="cvala" pos="X">cvala</wf>
         <wf lemma="je" pos="X">je</wf>
         <wf lemma="u" pos="X">u</wf>
         <wf lemma="doba" pos="X">doba</wf>
         <wf lemma="Rimskog" pos="X">Rimskog</wf>
         <wf lemma="carstva" pos="X">carstva</wf>
         <wf lemma="." pos="X">.</wf>
      </sentence>
      <sentence id="d000.s6202" source="wordnet-croatian">
         <instance id="d000.s6202.t000" lemma="koncert" pos="NOUN">Koncerti</instance>
         <wf lemma="u" pos="X">u</wf>
         <wf lemma="Hrvatskom" pos="X">Hrvatskom</wf>
         <wf lemma="glazbenom" pos="X">glazbenom</wf>
         <wf lemma="zavodu" pos="X">zavodu</wf>
         <wf lemma="uvijek" pos="X">uvijek</wf>
         <wf lemma="su" pos="X">su</wf>
         <wf lemma="dobro" pos="X">dobro</wf>
         <wf lemma="posjećeni" pos="X">posjećeni</wf>
         <wf lemma="." pos="X">.</wf>
      </sentence>
      <sentence id="d000.s6203" source="wordnet-croatian">
         <wf lemma="Nemojte" pos="X">Nemojte</wf>
         <instance id="d000.s6203.t000" lemma="kopati" pos="VERB">kopati</instance>
         <wf lemma="po" pos="X">po</wf>
         <wf lemma="mojem" pos="X">mojem</wf>
         <wf lemma="djetinjstvu" pos="X">djetinjstvu</wf>
         <wf lemma="u" pos="X">u</wf>
         <wf lemma="Zagrebu" pos="X">Zagrebu</wf>
         <wf lemma="." pos="X">.</wf>
      </sentence>
      <sentence id="d000.s6204" source="wordnet-croatian">
         <wf lemma="Došla" pos="X">Došla</wf>
         <wf lemma="je" pos="X">je</wf>
         <wf lemma="doma" pos="X">doma</wf>
         <wf lemma="blijedih" pos="X">blijedih</wf>
         <instance id="d000.s6204.t000" lemma="obraz" pos="NOUN">obraza</instance>
         <wf lemma="." pos="X">.</wf>
      </sentence>
      <sentence id="d000.s6205" source="wordnet-croatian">
         <wf lemma="Trenutačni" pos="X">Trenutačni</wf>
         <instance id="d000.s6205.t000" lemma="predsjedatelj" pos="NOUN">predsjedatelj</instance>
         <wf lemma="Predsjedništva" pos="X">Predsjedništva</wf>
         <wf lemma="BiH" pos="X">BiH</wf>
         <wf lemma="otišao" pos="X">otišao</wf>
         <wf lemma="je" pos="X">je</wf>
         <wf lemma="na" pos="X">na</wf>
         <wf lemma="godišnji" pos="X">godišnji</wf>
         <wf lemma="odmor" pos="X">odmor</wf>
         <wf lemma="." pos="X">.</wf>
      </sentence>
      <sentence id="d000.s6206" source="wordnet-croatian">
         <instance id="d000.s6206.t000" lemma="podijeliti" pos="VERB">Podijeljena</instance>
         <wf lemma="su" pos="X">su</wf>
         <wf lemma="mu" pos="X">mu</wf>
         <wf lemma="brojna" pos="X">brojna</wf>
         <wf lemma="priznanja" pos="X">priznanja</wf>
         <wf lemma="za" pos="X">za</wf>
         <wf lemma="rad" pos="X">rad</wf>
         <wf lemma="s" pos="X">s</wf>
         <wf lemma="nemoćnim" pos="X">nemoćnim</wf>
         <wf lemma="osobama" pos="X">osobama</wf>
         <wf lemma="." pos="X">.</wf>
      </sentence>
      <sentence id="d000.s6207" source="wordnet-croatian">
         <wf lemma="Nema" pos="X">Nema</wf>
         <wf lemma="ništa" pos="X">ništa</wf>
         <wf lemma="ljepše" pos="X">ljepše</wf>
         <wf lemma="od" pos="X">od</wf>
         <wf lemma="okupljanja" pos="X">okupljanja</wf>
         <wf lemma="cijele" pos="X">cijele</wf>
         <instance id="d000.s6207.t000" lemma="familija" pos="NOUN">familije</instance>
         <wf lemma="." pos="X">.</wf>
      </sentence>
      <sentence id="d000.s6208" source="wordnet-croatian">
         <wf lemma="Svećenike" pos="X">Svećenike</wf>
         <wf lemma="lako" pos="X">lako</wf>
         <wf lemma="prepoznajemo" pos="X">prepoznajemo</wf>
         <wf lemma="po" pos="X">po</wf>
         <instance id="d000.s6208.t000" lemma="halja" pos="NOUN">haljama</instance>
         <wf lemma="i" pos="X">i</wf>
         <wf lemma="bijelom" pos="X">bijelom</wf>
         <wf lemma="ovratniku" pos="X">ovratniku</wf>
         <wf lemma="." pos="X">.</wf>
      </sentence>
      <sentence id="d000.s6209" source="wordnet-croatian">
         <wf lemma="Rečenice" pos="X">Rečenice</wf>
         <wf lemma="se" pos="X">se</wf>
         <wf lemma="sastoje" pos="X">sastoje</wf>
         <wf lemma="od" pos="X">od</wf>
         <instance id="d000.s6209.t000" lemma="riječ" pos="NOUN">riječi</instance>
         <wf lemma="." pos="X">.</wf>
      </sentence>
      <sentence id="d000.s6210" source="wordnet-croatian">
         <wf lemma="Smjestili" pos="X">Smjestili</wf>
         <wf lemma="su" pos="X">su</wf>
         <wf lemma="klavir" pos="X">klavir</wf>
         <wf lemma="u" pos="X">u</wf>
         <instance id="d000.s6210.t000" lemma="kut" pos="NOUN">kut</instance>
         <wf lemma="sobe" pos="X">sobe</wf>
         <wf lemma="." pos="X">.</wf>
      </sentence>
      <sentence id="d000.s6211" source="wordnet-croatian">
         <wf lemma="Raznolikost" pos="X">Raznolikost</wf>
         <instance id="d000.s6211.t000" lemma="boja" pos="NOUN">boja</instance>
         <wf lemma="u" pos="X">u</wf>
         <wf lemma="dugi" pos="X">dugi</wf>
         <wf lemma="rezultat" pos="X">rezultat</wf>
         <wf lemma="je" pos="X">je</wf>
         <wf lemma="različitog" pos="X">različitog</wf>
         <wf lemma="kuta" pos="X">kuta</wf>
         <wf lemma="prelamanja" pos="X">prelamanja</wf>
         <wf lemma="svjetlosti" pos="X">svjetlosti</wf>
         <wf lemma="." pos="X">.</wf>
      </sentence>
      <sentence id="d000.s6212" source="wordnet-croatian">
         <wf lemma="Djeco" pos="X">Djeco</wf>
         <wf lemma="," pos="X">,</wf>
         <wf lemma="kakva" pos="X">kakva</wf>
         <wf lemma="je" pos="X">je</wf>
         <wf lemma="to" pos="X">to</wf>
         <instance id="d000.s6212.t000" lemma="jurnjava" pos="NOUN">jurnjava</instance>
         <wf lemma="po" pos="X">po</wf>
         <wf lemma="kući" pos="X">kući</wf>
         <wf lemma="?" pos="X">?</wf>
      </sentence>
      <sentence id="d000.s6213" source="wordnet-croatian">
         <wf lemma="Za" pos="X">Za</wf>
         <wf lemma="večeru" pos="X">večeru</wf>
         <wf lemma="je" pos="X">je</wf>
         <wf lemma="obukla" pos="X">obukla</wf>
         <instance id="d000.s6213.t000" lemma="pulover" pos="NOUN">pulover</instance>
         <wf lemma="koji" pos="X">koji</wf>
         <wf lemma="joj" pos="X">joj</wf>
         <wf lemma="je" pos="X">je</wf>
         <wf lemma="poklonio" pos="X">poklonio</wf>
         <wf lemma="." pos="X">.</wf>
      </sentence>
      <sentence id="d000.s6214" source="wordnet-croatian">
         <wf lemma="Roditelji" pos="X">Roditelji</wf>
         <wf lemma="su" pos="X">su</wf>
         <wf lemma="uvijek" pos="X">uvijek</wf>
         <wf lemma="naglašavali" pos="X">naglašavali</wf>
         <wf lemma="njezine" pos="X">njezine</wf>
         <instance id="d000.s6214.t000" lemma="mana" pos="NOUN">mane</instance>
         <wf lemma="." pos="X">.</wf>
      </sentence>
      <sentence id="d000.s6215" source="wordnet-croatian">
         <wf lemma="Bio" pos="X">Bio</wf>
         <wf lemma="je" pos="X">je</wf>
         <instance id="d000.s6215.t000" lemma="otporan" pos="ADJ">otporan</instance>
         <wf lemma="na" pos="X">na</wf>
         <wf lemma="sve" pos="X">sve</wf>
         <wf lemma="bolesti" pos="X">bolesti</wf>
         <wf lemma="." pos="X">.</wf>
      </sentence>
      <sentence id="d000.s6216" source="wordnet-croatian">
         <wf lemma="Sinoćnja" pos="X">Sinoćnja</wf>
         <instance id="d000.s6216.t000" lemma="predstava" pos="NOUN">predstava</instance>
         <wf lemma="oduševila" pos="X">oduševila</wf>
         <wf lemma="je" pos="X">je</wf>
         <wf lemma="sve" pos="X">sve</wf>
         <wf lemma="prisutne" pos="X">prisutne</wf>
         <wf lemma="." pos="X">.</wf>
      </sentence>
      <sentence id="d000.s6217" source="wordnet-croatian">
         <wf lemma="Znao" pos="X">Znao</wf>
         <wf lemma="se" pos="X">se</wf>
         <wf lemma="koristiti" pos="X">koristiti</wf>
         <wf lemma="i" pos="X">i</wf>
         <wf lemma="hladnim" pos="X">hladnim</wf>
         <wf lemma="i" pos="X">i</wf>
         <wf lemma="vatrenim" pos="X">vatrenim</wf>
         <instance id="d000.s6217.t000" lemma="oružje" pos="NOUN">oružjem</instance>
         <wf lemma="." pos="X">.</wf>
      </sentence>
      <sentence id="d000.s6218" source="wordnet-croatian">
         <wf lemma="Na" pos="X">Na</wf>
         <wf lemma="javni" pos="X">javni</wf>
         <wf lemma="je" pos="X">je</wf>
         <wf lemma="natječaj" pos="X">natječaj</wf>
         <wf lemma="stiglo" pos="X">stiglo</wf>
         <wf lemma="nekoliko" pos="X">nekoliko</wf>
         <instance id="d000.s6218.t000" lemma="ponuda" pos="NOUN">ponuda</instance>
         <wf lemma="stranih" pos="X">stranih</wf>
         <wf lemma="poduzeća" pos="X">poduzeća</wf>
         <wf lemma="." pos="X">.</wf>
      </sentence>
      <sentence id="d000.s6219" source="wordnet-croatian">
         <wf lemma="Ujutro" pos="X">Ujutro</wf>
         <wf lemma="je" pos="X">je</wf>
         <wf lemma="primijetila" pos="X">primijetila</wf>
         <wf lemma="nekakvu" pos="X">nekakvu</wf>
         <instance id="d000.s6219.t000" lemma="izraslina" pos="NOUN">izraslinu</instance>
         <wf lemma="na" pos="X">na</wf>
         <wf lemma="listu" pos="X">listu</wf>
         <wf lemma="ljubičice" pos="X">ljubičice</wf>
         <wf lemma="." pos="X">.</wf>
      </sentence>
      <sentence id="d000.s6220" source="wordnet-croatian">
         <wf lemma="Naša" pos="X">Naša</wf>
         <wf lemma="nas" pos="X">nas</wf>
         <wf lemma="je" pos="X">je</wf>
         <wf lemma="barka" pos="X">barka</wf>
         <instance id="d000.s6220.t000" lemma="odvesti" pos="VERB">odvela</instance>
         <wf lemma="daleko" pos="X">daleko</wf>
         <wf lemma="od" pos="X">od</wf>
         <wf lemma="svih" pos="X">svih</wf>
         <wf lemma="." pos="X">.</wf>
      </sentence>
      <sentence id="d000.s6221" source="wordnet-croatian">
         <instance id="d000.s6221.t000" lemma="trpjeti" pos="VERB">Trpio</instance>
         <wf lemma="je" pos="X">je</wf>
         <wf lemma="njegovu" pos="X">njegovu</wf>
         <wf lemma="gnjavažu" pos="X">gnjavažu</wf>
         <wf lemma="." pos="X">.</wf>
      </sentence>
      <sentence id="d000.s6222" source="wordnet-croatian">
         <instance id="d000.s6222.t000" lemma="uređenje" pos="NOUN">Uređenje</instance>
         <wf lemma="kuće" pos="X">kuće</wf>
         <wf lemma="i" pos="X">i</wf>
         <wf lemma="vrta" pos="X">vrta</wf>
         <wf lemma="trajat" pos="X">trajat</wf>
         <wf lemma="će" pos="X">će</wf>
         <wf lemma="nekoliko" pos="X">nekoliko</wf>
         <wf lemma="dana" pos="X">dana</wf>
         <wf lemma="." pos="X">.</wf>
      </sentence>
      <sentence id="d000.s6223" source="wordnet-croatian">
         <wf lemma="Zabrinulo" pos="X">Zabrinulo</wf>
         <wf lemma="me" pos="X">me</wf>
         <instance id="d000.s6223.t000" lemma="izbočenje" pos="NOUN">izbočenje</instance>
         <wf lemma="na" pos="X">na</wf>
         <wf lemma="djetetovu" pos="X">djetetovu</wf>
         <wf lemma="trbuhu" pos="X">trbuhu</wf>
         <wf lemma="pa" pos="X">pa</wf>
         <wf lemma="sam" pos="X">sam</wf>
         <wf lemma="ga" pos="X">ga</wf>
         <wf lemma="odvela" pos="X">odvela</wf>
         <wf lemma="liječniku" pos="X">liječniku</wf>
         <wf lemma="." pos="X">.</wf>
      </sentence>
      <sentence id="d000.s6224" source="wordnet-croatian">
         <wf lemma="Uvrijedili" pos="X">Uvrijedili</wf>
         <wf lemma="su" pos="X">su</wf>
         <wf lemma="ga" pos="X">ga</wf>
         <wf lemma="kada" pos="X">kada</wf>
         <wf lemma="su" pos="X">su</wf>
         <wf lemma="mu" pos="X">mu</wf>
         <wf lemma="rekli" pos="X">rekli</wf>
         <wf lemma="da" pos="X">da</wf>
         <wf lemma="je" pos="X">je</wf>
         <wf lemma="njegov" pos="X">njegov</wf>
         <wf lemma="ured" pos="X">ured</wf>
         <instance id="d000.s6224.t000" lemma="suvišak" pos="NOUN">suvišak</instance>
         <wf lemma="u" pos="X">u</wf>
         <wf lemma="poduzeću" pos="X">poduzeću</wf>
         <wf lemma="." pos="X">.</wf>
      </sentence>
      <sentence id="d000.s6225" source="wordnet-croatian">
         <wf lemma="Dugo" pos="X">Dugo</wf>
         <wf lemma="su" pos="X">su</wf>
         <wf lemma="se" pos="X">se</wf>
         <wf lemma="pripremali" pos="X">pripremali</wf>
         <wf lemma="za" pos="X">za</wf>
         <wf lemma="sutrašnji" pos="X">sutrašnji</wf>
         <instance id="d000.s6225.t000" lemma="šou" pos="NOUN">šou</instance>
         <wf lemma="." pos="X">.</wf>
      </sentence>
      <sentence id="d000.s6226" source="wordnet-croatian">
         <wf lemma="Mlade" pos="X">Mlade</wf>
         <instance id="d000.s6226.t000" lemma="gospođica" pos="NOUN">gospođice</instance>
         <wf lemma="se" pos="X">se</wf>
         <wf lemma="trebaju" pos="X">trebaju</wf>
         <wf lemma="ponašati" pos="X">ponašati</wf>
         <wf lemma="uzorno" pos="X">uzorno</wf>
         <wf lemma="." pos="X">.</wf>
      </sentence>
      <sentence id="d000.s6227" source="wordnet-croatian">
         <wf lemma="Znanstvernici" pos="X">Znanstvernici</wf>
         <wf lemma="su" pos="X">su</wf>
         <instance id="d000.s6227.t000" lemma="proizvesti" pos="VERB">proizveli</instance>
         <wf lemma="umjetnu" pos="X">umjetnu</wf>
         <wf lemma="pužnicu" pos="X">pužnicu</wf>
         <wf lemma="." pos="X">.</wf>
      </sentence>
      <sentence id="d000.s6228" source="wordnet-croatian">
         <wf lemma="Naučila" pos="X">Naučila</wf>
         <wf lemma="sam" pos="X">sam</wf>
         <wf lemma="mađioničarski" pos="X">mađioničarski</wf>
         <instance id="d000.s6228.t000" lemma="trik" pos="NOUN">trik</instance>
         <wf lemma="u" pos="X">u</wf>
         <wf lemma="kojem" pos="X">kojem</wf>
         <wf lemma="izvučem" pos="X">izvučem</wf>
         <wf lemma="zeca" pos="X">zeca</wf>
         <wf lemma="iz" pos="X">iz</wf>
         <wf lemma="šešira" pos="X">šešira</wf>
         <wf lemma="." pos="X">.</wf>
      </sentence>
      <sentence id="d000.s6229" source="wordnet-croatian">
         <wf lemma="Gazda" pos="X">Gazda</wf>
         <wf lemma="nam" pos="X">nam</wf>
         <wf lemma="je" pos="X">je</wf>
         <wf lemma="napokon" pos="X">napokon</wf>
         <instance id="d000.s6229.t000" lemma="uvećati" pos="VERB">uvećao</instance>
         <wf lemma="dnevnicu" pos="X">dnevnicu</wf>
         <wf lemma="." pos="X">.</wf>
      </sentence>
      <sentence id="d000.s6230" source="wordnet-croatian">
         <wf lemma="Posuđe" pos="X">Posuđe</wf>
         <wf lemma="i" pos="X">i</wf>
         <wf lemma="lampe" pos="X">lampe</wf>
         <wf lemma="obložene" pos="X">obložene</wf>
         <instance id="d000.s6230.t000" lemma="mesing" pos="NOUN">mesingom</instance>
         <wf lemma="trebaju" pos="X">trebaju</wf>
         <wf lemma="se" pos="X">se</wf>
         <wf lemma="pažljivo" pos="X">pažljivo</wf>
         <wf lemma="čistiti" pos="X">čistiti</wf>
         <wf lemma="da" pos="X">da</wf>
         <wf lemma="održe" pos="X">održe</wf>
         <wf lemma="svoj" pos="X">svoj</wf>
         <wf lemma="sjaj" pos="X">sjaj</wf>
         <wf lemma="." pos="X">.</wf>
      </sentence>
      <sentence id="d000.s6231" source="wordnet-croatian">
         <wf lemma="Što" pos="X">Što</wf>
         <wf lemma="o" pos="X">o</wf>
         <wf lemma="tome" pos="X">tome</wf>
         <instance id="d000.s6231.t000" lemma="kazati" pos="VERB">kaže</instance>
         <wf lemma="zakon" pos="X">zakon</wf>
         <wf lemma="?" pos="X">?</wf>
      </sentence>
      <sentence id="d000.s6232" source="wordnet-croatian">
         <instance id="d000.s6232.t000" lemma="briljantnost" pos="NOUN">Briljantnost</instance>
         <wf lemma="bez" pos="X">bez</wf>
         <wf lemma="sposobnosti" pos="X">sposobnosti</wf>
         <wf lemma="komuniciranja" pos="X">komuniciranja</wf>
         <wf lemma="bezvrijedna" pos="X">bezvrijedna</wf>
         <wf lemma="je" pos="X">je</wf>
         <wf lemma="u" pos="X">u</wf>
         <wf lemma="bilo" pos="X">bilo</wf>
         <wf lemma="kakvom" pos="X">kakvom</wf>
         <wf lemma="pothvatu" pos="X">pothvatu</wf>
         <wf lemma="." pos="X">.</wf>
      </sentence>
      <sentence id="d000.s6233" source="wordnet-croatian">
         <wf lemma="On" pos="X">On</wf>
         <wf lemma="nikada" pos="X">nikada</wf>
         <wf lemma="nije" pos="X">nije</wf>
         <wf lemma="želio" pos="X">želio</wf>
         <instance id="d000.s6233.t000" lemma="autorizirati" pos="VERB">autorizirati</instance>
         <wf lemma="svoje" pos="X">svoje</wf>
         <wf lemma="intervjue" pos="X">intervjue</wf>
         <wf lemma="." pos="X">.</wf>
      </sentence>
      <sentence id="d000.s6234" source="wordnet-croatian">
         <wf lemma="Ove" pos="X">Ove</wf>
         <wf lemma="je" pos="X">je</wf>
         <wf lemma="godine" pos="X">godine</wf>
         <instance id="d000.s6234.t000" lemma="berba" pos="NOUN">berba</instance>
         <wf lemma="počela" pos="X">počela</wf>
         <wf lemma="ranije" pos="X">ranije</wf>
         <wf lemma="." pos="X">.</wf>
      </sentence>
      <sentence id="d000.s6235" source="wordnet-croatian">
         <wf lemma="Čim" pos="X">Čim</wf>
         <wf lemma="malo" pos="X">malo</wf>
         <wf lemma="zatopli" pos="X">zatopli</wf>
         <wf lemma="," pos="X">,</wf>
         <instance id="d000.s6235.t000" lemma="sandala" pos="NOUN">sandale</instance>
         <wf lemma="zamijene" pos="X">zamijene</wf>
         <wf lemma="čizme" pos="X">čizme</wf>
         <wf lemma="." pos="X">.</wf>
      </sentence>
      <sentence id="d000.s6236" source="wordnet-croatian">
         <wf lemma="Ona" pos="X">Ona</wf>
         <wf lemma="je" pos="X">je</wf>
         <instance id="d000.s6236.t000" lemma="lepršati" pos="VERB">lepršala</instance>
         <wf lemma="po" pos="X">po</wf>
         <wf lemma="uredu" pos="X">uredu</wf>
         <wf lemma="." pos="X">.</wf>
      </sentence>
      <sentence id="d000.s6237" source="wordnet-croatian">
         <wf lemma="Predsjednik" pos="X">Predsjednik</wf>
         <wf lemma="je" pos="X">je</wf>
         <wf lemma="odgovorio" pos="X">odgovorio</wf>
         <wf lemma="imajući" pos="X">imajući</wf>
         <wf lemma="na" pos="X">na</wf>
         <wf lemma="umu" pos="X">umu</wf>
         <instance id="d000.s6237.t000" lemma="ukupnost" pos="NOUN">ukupnost</instance>
         <wf lemma="postavljenih" pos="X">postavljenih</wf>
         <wf lemma="pitanja" pos="X">pitanja</wf>
         <wf lemma="." pos="X">.</wf>
      </sentence>
      <sentence id="d000.s6238" source="wordnet-croatian">
         <wf lemma="Te" pos="X">Te</wf>
         <wf lemma="probleme" pos="X">probleme</wf>
         <instance id="d000.s6238.t000" lemma="razriješiti" pos="VERB">razriješi</instance>
         <wf lemma="sa" pos="X">sa</wf>
         <wf lemma="svojim" pos="X">svojim</wf>
         <wf lemma="šefom" pos="X">šefom</wf>
         <wf lemma="." pos="X">.</wf>
      </sentence>
      <sentence id="d000.s6239" source="wordnet-croatian">
         <wf lemma="Braco" pos="X">Braco</wf>
         <wf lemma="je" pos="X">je</wf>
         <wf lemma="seki" pos="X">seki</wf>
         <instance id="d000.s6239.t000" lemma="dati" pos="VERB">dao</instance>
         <wf lemma="dobru" pos="X">dobru</wf>
         <wf lemma="ideju" pos="X">ideju</wf>
         <wf lemma="za" pos="X">za</wf>
         <wf lemma="igranje" pos="X">igranje</wf>
         <wf lemma="." pos="X">.</wf>
      </sentence>
      <sentence id="d000.s6240" source="wordnet-croatian">
         <wf lemma="Na" pos="X">Na</wf>
         <wf lemma="slavljima" pos="X">slavljima</wf>
         <wf lemma="se" pos="X">se</wf>
         <wf lemma="nazdravlja" pos="X">nazdravlja</wf>
         <wf lemma="jednom" pos="X">jednom</wf>
         <instance id="d000.s6240.t000" lemma="žestica" pos="NOUN">žesticom</instance>
         <wf lemma="." pos="X">.</wf>
      </sentence>
      <sentence id="d000.s6241" source="wordnet-croatian">
         <wf lemma="Marija" pos="X">Marija</wf>
         <wf lemma="je" pos="X">je</wf>
         <instance id="d000.s6241.t000" lemma="naletjeti" pos="VERB">naletjela</instance>
         <wf lemma="na" pos="X">na</wf>
         <wf lemma="staru" pos="X">staru</wf>
         <wf lemma="srednjškolsku" pos="X">srednjškolsku</wf>
         <wf lemma="ljubav" pos="X">ljubav</wf>
         <wf lemma="." pos="X">.</wf>
      </sentence>
      <sentence id="d000.s6242" source="wordnet-croatian">
         <wf lemma="U" pos="X">U</wf>
         <instance id="d000.s6242.t000" lemma="priroda" pos="NOUN">prirodi</instance>
         <wf lemma="vuka" pos="X">vuka</wf>
         <wf lemma="jest" pos="X">jest</wf>
         <wf lemma="da" pos="X">da</wf>
         <wf lemma="kolje" pos="X">kolje</wf>
         <wf lemma="ovce" pos="X">ovce</wf>
         <wf lemma="." pos="X">.</wf>
      </sentence>
      <sentence id="d000.s6243" source="wordnet-croatian">
         <wf lemma="Odabir" pos="X">Odabir</wf>
         <wf lemma="kandidata" pos="X">kandidata</wf>
         <wf lemma="ovisit" pos="X">ovisit</wf>
         <wf lemma="će" pos="X">će</wf>
         <wf lemma="o" pos="X">o</wf>
         <wf lemma="mnogim" pos="X">mnogim</wf>
         <instance id="d000.s6243.t000" lemma="činjenica" pos="NOUN">činjenicama</instance>
         <wf lemma="." pos="X">.</wf>
      </sentence>
      <sentence id="d000.s6244" source="wordnet-croatian">
         <wf lemma="Išlo" pos="X">Išlo</wf>
         <wf lemma="mu" pos="X">mu</wf>
         <wf lemma="je" pos="X">je</wf>
         <wf lemma="na" pos="X">na</wf>
         <wf lemma="živce" pos="X">živce</wf>
         <wf lemma="što" pos="X">što</wf>
         <wf lemma="su" pos="X">su</wf>
         <wf lemma="mu" pos="X">mu</wf>
         <wf lemma="djeca" pos="X">djeca</wf>
         <wf lemma="bila" pos="X">bila</wf>
         <instance id="d000.s6244.t000" lemma="nepodložan" pos="ADJ">nepodložna</instance>
         <wf lemma="." pos="X">.</wf>
      </sentence>
      <sentence id="d000.s6245" source="wordnet-croatian">
         <wf lemma="U" pos="X">U</wf>
         <wf lemma="Vinkovcima" pos="X">Vinkovcima</wf>
         <wf lemma="je" pos="X">je</wf>
         <wf lemma="izgrađena" pos="X">izgrađena</wf>
         <wf lemma="nova" pos="X">nova</wf>
         <instance id="d000.s6245.t000" lemma="škola" pos="NOUN">škola</instance>
         <wf lemma="." pos="X">.</wf>
      </sentence>
      <sentence id="d000.s6246" source="wordnet-croatian">
         <instance id="d000.s6246.t000" lemma="palica" pos="NOUN">Palica</instance>
         <wf lemma="za" pos="X">za</wf>
         <wf lemma="kriket" pos="X">kriket</wf>
         <wf lemma="radi" pos="X">radi</wf>
         <wf lemma="se" pos="X">se</wf>
         <wf lemma="od" pos="X">od</wf>
         <wf lemma="materijala" pos="X">materijala</wf>
         <wf lemma="koji" pos="X">koji</wf>
         <wf lemma="ne" pos="X">ne</wf>
         <wf lemma="oštećuju" pos="X">oštećuju</wf>
         <wf lemma="lopticu" pos="X">lopticu</wf>
         <wf lemma="." pos="X">.</wf>
      </sentence>
      <sentence id="d000.s6247" source="wordnet-croatian">
         <wf lemma="Ponuđene" pos="X">Ponuđene</wf>
         <wf lemma="su" pos="X">su</wf>
         <wf lemma="mi" pos="X">mi</wf>
         <wf lemma="dvije" pos="X">dvije</wf>
         <instance id="d000.s6247.t000" lemma="opcija" pos="NOUN">opcije</instance>
         <wf lemma=":" pos="X">:</wf>
         <wf lemma="ostati" pos="X">ostati</wf>
         <wf lemma="na" pos="X">na</wf>
         <wf lemma="poslu" pos="X">poslu</wf>
         <wf lemma="s" pos="X">s</wf>
         <wf lemma="manjom" pos="X">manjom</wf>
         <wf lemma="plaćom" pos="X">plaćom</wf>
         <wf lemma="ili" pos="X">ili</wf>
         <wf lemma="dati" pos="X">dati</wf>
         <wf lemma="otkaz" pos="X">otkaz</wf>
         <wf lemma="i" pos="X">i</wf>
         <wf lemma="biti" pos="X">biti</wf>
         <wf lemma="nezaposlen" pos="X">nezaposlen</wf>
         <wf lemma="." pos="X">.</wf>
      </sentence>
      <sentence id="d000.s6248" source="wordnet-croatian">
         <instance id="d000.s6248.t000" lemma="izmjena" pos="NOUN">Izmjena</instance>
         <wf lemma="zakona" pos="X">zakona</wf>
         <wf lemma="o" pos="X">o</wf>
         <wf lemma="nepušenju" pos="X">nepušenju</wf>
         <wf lemma="vratila" pos="X">vratila</wf>
         <wf lemma="je" pos="X">je</wf>
         <wf lemma="goste" pos="X">goste</wf>
         <wf lemma="u" pos="X">u</wf>
         <wf lemma="kafiće" pos="X">kafiće</wf>
         <wf lemma="." pos="X">.</wf>
      </sentence>
      <sentence id="d000.s6249" source="wordnet-croatian">
         <wf lemma="Mnogi" pos="X">Mnogi</wf>
         <wf lemma="minerali" pos="X">minerali</wf>
         <wf lemma="u" pos="X">u</wf>
         <wf lemma="prirodi" pos="X">prirodi</wf>
         <wf lemma="se" pos="X">se</wf>
         <wf lemma="pojavljuju" pos="X">pojavljuju</wf>
         <wf lemma="u" pos="X">u</wf>
         <wf lemma="obliku" pos="X">obliku</wf>
         <instance id="d000.s6249.t000" lemma="kristal" pos="NOUN">kristala</instance>
         <wf lemma="." pos="X">.</wf>
      </sentence>
      <sentence id="d000.s6250" source="wordnet-croatian">
         <instance id="d000.s6250.t000" lemma="torij" pos="NOUN">Torij</instance>
         <wf lemma="je" pos="X">je</wf>
         <wf lemma="ime" pos="X">ime</wf>
         <wf lemma="dobio" pos="X">dobio</wf>
         <wf lemma="po" pos="X">po</wf>
         <wf lemma="skandinavskom" pos="X">skandinavskom</wf>
         <wf lemma="bogu" pos="X">bogu</wf>
         <wf lemma="rata" pos="X">rata</wf>
         <wf lemma="Thoru" pos="X">Thoru</wf>
         <wf lemma="." pos="X">.</wf>
      </sentence>
      <sentence id="d000.s6251" source="wordnet-croatian">
         <wf lemma="Zastave" pos="X">Zastave</wf>
         <wf lemma="su" pos="X">su</wf>
         <instance id="d000.s6251.t000" lemma="vijoriti" pos="VERB">vijorile</instance>
         <wf lemma="na" pos="X">na</wf>
         <wf lemma="vjetru" pos="X">vjetru</wf>
         <wf lemma="." pos="X">.</wf>
      </sentence>
      <sentence id="d000.s6252" source="wordnet-croatian">
         <instance id="d000.s6252.t000" lemma="banda" pos="NOUN">Banda</instance>
         <wf lemma="lopova" pos="X">lopova</wf>
         <wf lemma="danas" pos="X">danas</wf>
         <wf lemma="je" pos="X">je</wf>
         <wf lemma="opljčkala" pos="X">opljčkala</wf>
         <wf lemma="gradsku" pos="X">gradsku</wf>
         <wf lemma="banku" pos="X">banku</wf>
         <wf lemma="." pos="X">.</wf>
      </sentence>
      <sentence id="d000.s6253" source="wordnet-croatian">
         <wf lemma="Marko" pos="X">Marko</wf>
         <wf lemma="je" pos="X">je</wf>
         <wf lemma="bio" pos="X">bio</wf>
         <instance id="d000.s6253.t000" lemma="veza" pos="NOUN">veza</instance>
         <wf lemma="između" pos="X">između</wf>
         <wf lemma="saveznika" pos="X">saveznika</wf>
         <wf lemma="i" pos="X">i</wf>
         <wf lemma="partizana" pos="X">partizana</wf>
         <wf lemma="." pos="X">.</wf>
      </sentence>
      <sentence id="d000.s6254" source="wordnet-croatian">
         <wf lemma="Optički" pos="X">Optički</wf>
         <instance id="d000.s6254.t000" lemma="disk" pos="NOUN">disk</instance>
         <wf lemma="tanka" pos="X">tanka</wf>
         <wf lemma="je" pos="X">je</wf>
         <wf lemma="okrugla" pos="X">okrugla</wf>
         <wf lemma="ploča" pos="X">ploča</wf>
         <wf lemma="koja" pos="X">koja</wf>
         <wf lemma="nosi" pos="X">nosi</wf>
         <wf lemma="optički" pos="X">optički</wf>
         <wf lemma="zapis" pos="X">zapis</wf>
         <wf lemma="." pos="X">.</wf>
      </sentence>
      <sentence id="d000.s6255" source="wordnet-croatian">
         <instance id="d000.s6255.t000" lemma="teret" pos="NOUN">Teret</instance>
         <wf lemma="se" pos="X">se</wf>
         <wf lemma="prije" pos="X">prije</wf>
         <wf lemma="prenosio" pos="X">prenosio</wf>
         <wf lemma="na" pos="X">na</wf>
         <wf lemma="magarcima" pos="X">magarcima</wf>
         <wf lemma="." pos="X">.</wf>
      </sentence>
      <sentence id="d000.s6256" source="wordnet-croatian">
         <instance id="d000.s6256.t000" lemma="avantura" pos="NOUN">Avanture</instance>
         <wf lemma="moreplovaca" pos="X">moreplovaca</wf>
         <wf lemma="prepričavali" pos="X">prepričavali</wf>
         <wf lemma="su" pos="X">su</wf>
         <wf lemma="godinama" pos="X">godinama</wf>
         <wf lemma="." pos="X">.</wf>
      </sentence>
      <sentence id="d000.s6257" source="wordnet-croatian">
         <instance id="d000.s6257.t000" lemma="izbrbljati" pos="VERB">Izbrbljala</instance>
         <wf lemma="je" pos="X">je</wf>
         <wf lemma="sve" pos="X">sve</wf>
         <wf lemma="naše" pos="X">naše</wf>
         <wf lemma="tajne" pos="X">tajne</wf>
         <wf lemma="." pos="X">.</wf>
      </sentence>
      <sentence id="d000.s6258" source="wordnet-croatian">
         <wf lemma="Svaku" pos="X">Svaku</wf>
         <wf lemma="petak" pos="X">petak</wf>
         <wf lemma="poziva" pos="X">poziva</wf>
         <instance id="d000.s6258.t000" lemma="gost" pos="NOUN">goste</instance>
         <wf lemma="na" pos="X">na</wf>
         <wf lemma="večeru" pos="X">večeru</wf>
         <wf lemma="." pos="X">.</wf>
      </sentence>
      <sentence id="d000.s6259" source="wordnet-croatian">
         <wf lemma="Bio" pos="X">Bio</wf>
         <wf lemma="je" pos="X">je</wf>
         <wf lemma="potpuno" pos="X">potpuno</wf>
         <instance id="d000.s6259.t000" lemma="nemoćan" pos="ADJ">nemoćan</instance>
         <wf lemma="pred" pos="X">pred</wf>
         <wf lemma="iznesenim" pos="X">iznesenim</wf>
         <wf lemma="dokazima" pos="X">dokazima</wf>
         <wf lemma="." pos="X">.</wf>
      </sentence>
      <sentence id="d000.s6260" source="wordnet-croatian">
         <wf lemma="Metak" pos="X">Metak</wf>
         <wf lemma="joj" pos="X">joj</wf>
         <wf lemma="je" pos="X">je</wf>
         <instance id="d000.s6260.t000" lemma="probiti" pos="VERB">probio</instance>
         <wf lemma="lijevo" pos="X">lijevo</wf>
         <wf lemma="plućno" pos="X">plućno</wf>
         <wf lemma="krilo" pos="X">krilo</wf>
         <wf lemma="." pos="X">.</wf>
      </sentence>
      <sentence id="d000.s6261" source="wordnet-croatian">
         <wf lemma="Sve" pos="X">Sve</wf>
         <wf lemma="se" pos="X">se</wf>
         <wf lemma="odvijalo" pos="X">odvijalo</wf>
         <wf lemma="kao" pos="X">kao</wf>
         <wf lemma="na" pos="X">na</wf>
         <instance id="d000.s6261.t000" lemma="brz" pos="ADJ">brzoj</instance>
         <wf lemma="traci" pos="X">traci</wf>
         <wf lemma="." pos="X">.</wf>
      </sentence>
      <sentence id="d000.s6262" source="wordnet-croatian">
         <wf lemma="Temperature" pos="X">Temperature</wf>
         <wf lemma="će" pos="X">će</wf>
         <wf lemma="uskoro" pos="X">uskoro</wf>
         <wf lemma="početi" pos="X">početi</wf>
         <instance id="d000.s6262.t000" lemma="opadati" pos="VERB">opadati</instance>
         <wf lemma="." pos="X">.</wf>
      </sentence>
      <sentence id="d000.s6263" source="wordnet-croatian">
         <instance id="d000.s6263.t000" lemma="svjetionik" pos="NOUN">Svjetionik</instance>
         <wf lemma="se" pos="X">se</wf>
         <wf lemma="zbog" pos="X">zbog</wf>
         <wf lemma="magle" pos="X">magle</wf>
         <wf lemma="gotovo" pos="X">gotovo</wf>
         <wf lemma="uopće" pos="X">uopće</wf>
         <wf lemma="nije" pos="X">nije</wf>
         <wf lemma="vidio" pos="X">vidio</wf>
         <wf lemma="." pos="X">.</wf>
      </sentence>
      <sentence id="d000.s6264" source="wordnet-croatian">
         <instance id="d000.s6264.t000" lemma="prodavati" pos="VERB">Prodaje</instance>
         <wf lemma="rabljene" pos="X">rabljene</wf>
         <wf lemma="automobile" pos="X">automobile</wf>
         <wf lemma="." pos="X">.</wf>
      </sentence>
      <sentence id="d000.s6265" source="wordnet-croatian">
         <wf lemma="Njihov" pos="X">Njihov</wf>
         <instance id="d000.s6265.t000" lemma="boravak" pos="NOUN">boravak</instance>
         <wf lemma="u" pos="X">u</wf>
         <wf lemma="Parizu" pos="X">Parizu</wf>
         <wf lemma="obilježen" pos="X">obilježen</wf>
         <wf lemma="je" pos="X">je</wf>
         <wf lemma="kulturnim" pos="X">kulturnim</wf>
         <wf lemma="prosvjetljenjem" pos="X">prosvjetljenjem</wf>
         <wf lemma="." pos="X">.</wf>
      </sentence>
      <sentence id="d000.s6266" source="wordnet-croatian">
         <wf lemma="Marko" pos="X">Marko</wf>
         <wf lemma="," pos="X">,</wf>
         <wf lemma="reci" pos="X">reci</wf>
         <instance id="d000.s6266.t000" lemma="roditelj" pos="NOUN">roditeljima</instance>
         <wf lemma="da" pos="X">da</wf>
         <wf lemma="što" pos="X">što</wf>
         <wf lemma="prije" pos="X">prije</wf>
         <wf lemma="dođu" pos="X">dođu</wf>
         <wf lemma="na" pos="X">na</wf>
         <wf lemma="informacije" pos="X">informacije</wf>
         <wf lemma="." pos="X">.</wf>
      </sentence>
      <sentence id="d000.s6267" source="wordnet-croatian">
         <wf lemma="Tijekom" pos="X">Tijekom</wf>
         <wf lemma="života" pos="X">života</wf>
         <wf lemma="je" pos="X">je</wf>
         <wf lemma="malo-pomalo" pos="X">malo-pomalo</wf>
         <wf lemma="gubio" pos="X">gubio</wf>
         <instance id="d000.s6267.t000" lemma="povjerenje" pos="NOUN">povjerenje</instance>
         <wf lemma="u" pos="X">u</wf>
         <wf lemma="ljude" pos="X">ljude</wf>
         <wf lemma="." pos="X">.</wf>
      </sentence>
      <sentence id="d000.s6268" source="wordnet-croatian">
         <wf lemma="Čekao" pos="X">Čekao</wf>
         <wf lemma="ju" pos="X">ju</wf>
         <wf lemma="je" pos="X">je</wf>
         <wf lemma="na" pos="X">na</wf>
         <instance id="d000.s6268.t000" lemma="ulaz" pos="NOUN">ulazu</instance>
         <wf lemma="u" pos="X">u</wf>
         <wf lemma="zgradu" pos="X">zgradu</wf>
         <wf lemma="." pos="X">.</wf>
      </sentence>
      <sentence id="d000.s6269" source="wordnet-croatian">
         <wf lemma="Politički" pos="X">Politički</wf>
         <wf lemma="se" pos="X">se</wf>
         <wf lemma="događaji" pos="X">događaji</wf>
         <wf lemma="uvijek" pos="X">uvijek</wf>
         <wf lemma="moraju" pos="X">moraju</wf>
         <wf lemma="sagledavati" pos="X">sagledavati</wf>
         <wf lemma="u" pos="X">u</wf>
         <wf lemma="širem" pos="X">širem</wf>
         <instance id="d000.s6269.t000" lemma="kontekst" pos="NOUN">kontekstu</instance>
         <wf lemma="." pos="X">.</wf>
      </sentence>
      <sentence id="d000.s6270" source="wordnet-croatian">
         <wf lemma="Za" pos="X">Za</wf>
         <wf lemma="Božić" pos="X">Božić</wf>
         <wf lemma="je" pos="X">je</wf>
         <wf lemma="dobio" pos="X">dobio</wf>
         <wf lemma="auto" pos="X">auto</wf>
         <wf lemma="na" pos="X">na</wf>
         <instance id="d000.s6270.t000" lemma="baterija" pos="NOUN">baterije</instance>
         <wf lemma="." pos="X">.</wf>
      </sentence>
      <sentence id="d000.s6271" source="wordnet-croatian">
         <wf lemma="Nova" pos="X">Nova</wf>
         <wf lemma="je" pos="X">je</wf>
         <wf lemma="lingvistička" pos="X">lingvistička</wf>
         <instance id="d000.s6271.t000" lemma="teorija" pos="NOUN">teorija</instance>
         <wf lemma="imala" pos="X">imala</wf>
         <wf lemma="sve" pos="X">sve</wf>
         <wf lemma="više" pos="X">više</wf>
         <wf lemma="sljedbenika" pos="X">sljedbenika</wf>
         <wf lemma="." pos="X">.</wf>
      </sentence>
      <sentence id="d000.s6272" source="wordnet-croatian">
         <wf lemma="O" pos="X">O</wf>
         <wf lemma="glavnome" pos="X">glavnome</wf>
         <wf lemma="se" pos="X">se</wf>
         <instance id="d000.s6272.t000" lemma="predmet" pos="NOUN">predmetu</instance>
         <wf lemma="rasprava" pos="X">rasprava</wf>
         <wf lemma="nije" pos="X">nije</wf>
         <wf lemma="ni" pos="X">ni</wf>
         <wf lemma="govorilo" pos="X">govorilo</wf>
         <wf lemma="." pos="X">.</wf>
      </sentence>
      <sentence id="d000.s6273" source="wordnet-croatian">
         <wf lemma="Vjerskim" pos="X">Vjerskim</wf>
         <wf lemma="fanaticima" pos="X">fanaticima</wf>
         <wf lemma="nije" pos="X">nije</wf>
         <wf lemma="teško" pos="X">teško</wf>
         <instance id="d000.s6273.t000" lemma="umrijeti" pos="VERB">umrijeti</instance>
         <wf lemma="za" pos="X">za</wf>
         <wf lemma="svoju" pos="X">svoju</wf>
         <wf lemma="vjeru" pos="X">vjeru</wf>
         <wf lemma="." pos="X">.</wf>
      </sentence>
      <sentence id="d000.s6274" source="wordnet-croatian">
         <instance id="d000.s6274.t000" lemma="pratiti" pos="VERB">Pratio</instance>
         <wf lemma="je" pos="X">je</wf>
         <wf lemma="košarkaške" pos="X">košarkaške</wf>
         <wf lemma="utakmice" pos="X">utakmice</wf>
         <wf lemma="s" pos="X">s</wf>
         <wf lemma="velikim" pos="X">velikim</wf>
         <wf lemma="zanimanjem" pos="X">zanimanjem</wf>
         <wf lemma="." pos="X">.</wf>
      </sentence>
      <sentence id="d000.s6275" source="wordnet-croatian">
         <wf lemma="Nije" pos="X">Nije</wf>
         <wf lemma="mogao" pos="X">mogao</wf>
         <wf lemma="upaliti" pos="X">upaliti</wf>
         <wf lemma="auto" pos="X">auto</wf>
         <wf lemma="jer" pos="X">jer</wf>
         <wf lemma="mu" pos="X">mu</wf>
         <wf lemma="se" pos="X">se</wf>
         <wf lemma="ispraznio" pos="X">ispraznio</wf>
         <instance id="d000.s6275.t000" lemma="akumulator" pos="NOUN">akumulator</instance>
         <wf lemma="." pos="X">.</wf>
      </sentence>
      <sentence id="d000.s6276" source="wordnet-croatian">
         <wf lemma="Dosegao" pos="X">Dosegao</wf>
         <wf lemma="je" pos="X">je</wf>
         <wf lemma="najvišu" pos="X">najvišu</wf>
         <instance id="d000.s6276.t000" lemma="točka" pos="NOUN">točku</instance>
         <wf lemma="na" pos="X">na</wf>
         <wf lemma="toj" pos="X">toj</wf>
         <wf lemma="planini" pos="X">planini</wf>
         <wf lemma="." pos="X">.</wf>
      </sentence>
      <sentence id="d000.s6277" source="wordnet-croatian">
         <wf lemma="U" pos="X">U</wf>
         <wf lemma="mraku" pos="X">mraku</wf>
         <wf lemma="se" pos="X">se</wf>
         <wf lemma="čuo" pos="X">čuo</wf>
         <wf lemma="samo" pos="X">samo</wf>
         <instance id="d000.s6277.t000" lemma="pucanj" pos="NOUN">pucanj</instance>
         <wf lemma="." pos="X">.</wf>
      </sentence>
      <sentence id="d000.s6278" source="wordnet-croatian">
         <instance id="d000.s6278.t000" lemma="pasti" pos="VERB">Palo</instance>
         <wf lemma="mi" pos="X">mi</wf>
         <wf lemma="je" pos="X">je</wf>
         <wf lemma="gornje" pos="X">gornje</wf>
         <wf lemma="dugme" pos="X">dugme</wf>
         <wf lemma="na" pos="X">na</wf>
         <wf lemma="kuputu" pos="X">kuputu</wf>
         <wf lemma="." pos="X">.</wf>
      </sentence>
      <sentence id="d000.s6279" source="wordnet-croatian">
         <wf lemma="Nikako" pos="X">Nikako</wf>
         <wf lemma="nije" pos="X">nije</wf>
         <wf lemma="mogao" pos="X">mogao</wf>
         <wf lemma="zapamtiti" pos="X">zapamtiti</wf>
         <wf lemma="svoj" pos="X">svoj</wf>
         <wf lemma="matični" pos="X">matični</wf>
         <instance id="d000.s6279.t000" lemma="broj" pos="NOUN">broj</instance>
         <wf lemma="građana" pos="X">građana</wf>
         <wf lemma="." pos="X">.</wf>
      </sentence>
      <sentence id="d000.s6280" source="wordnet-croatian">
         <wf lemma="Napeo" pos="X">Napeo</wf>
         <wf lemma="je" pos="X">je</wf>
         <instance id="d000.s6280.t000" lemma="luk" pos="NOUN">luk</instance>
         <wf lemma="," pos="X">,</wf>
         <wf lemma="no" pos="X">no</wf>
         <wf lemma="strijela" pos="X">strijela</wf>
         <wf lemma="nije" pos="X">nije</wf>
         <wf lemma="poletjela" pos="X">poletjela</wf>
         <wf lemma="." pos="X">.</wf>
      </sentence>
      <sentence id="d000.s6281" source="wordnet-croatian">
         <wf lemma="Ona" pos="X">Ona</wf>
         <wf lemma="nikako" pos="X">nikako</wf>
         <wf lemma="nije" pos="X">nije</wf>
         <wf lemma="mogla" pos="X">mogla</wf>
         <instance id="d000.s6281.t000" lemma="shvatiti" pos="VERB">shvatiti</instance>
         <wf lemma="svoga" pos="X">svoga</wf>
         <wf lemma="muža" pos="X">muža</wf>
         <wf lemma="." pos="X">.</wf>
      </sentence>
      <sentence id="d000.s6282" source="wordnet-croatian">
         <instance id="d000.s6282.t000" lemma="raznovrsnost" pos="NOUN">Raznovrsnost</instance>
         <wf lemma="programa" pos="X">programa</wf>
         <wf lemma="privukla" pos="X">privukla</wf>
         <wf lemma="je" pos="X">je</wf>
         <wf lemma="brojne" pos="X">brojne</wf>
         <wf lemma="ljubitelje" pos="X">ljubitelje</wf>
         <wf lemma="klasične" pos="X">klasične</wf>
         <wf lemma="glazbe" pos="X">glazbe</wf>
         <wf lemma="." pos="X">.</wf>
      </sentence>
      <sentence id="d000.s6283" source="wordnet-croatian">
         <instance id="d000.s6283.t000" lemma="čabar" pos="NOUN">Čabar</instance>
         <wf lemma="je" pos="X">je</wf>
         <wf lemma="na" pos="X">na</wf>
         <wf lemma="samom" pos="X">samom</wf>
         <wf lemma="dnu" pos="X">dnu</wf>
         <wf lemma="imao" pos="X">imao</wf>
         <wf lemma="rupu" pos="X">rupu</wf>
         <wf lemma="pa" pos="X">pa</wf>
         <wf lemma="više" pos="X">više</wf>
         <wf lemma="nije" pos="X">nije</wf>
         <wf lemma="bio" pos="X">bio</wf>
         <wf lemma="iskoristiv" pos="X">iskoristiv</wf>
         <wf lemma="." pos="X">.</wf>
      </sentence>
      <sentence id="d000.s6284" source="wordnet-croatian">
         <wf lemma="Jučer" pos="X">Jučer</wf>
         <wf lemma="se" pos="X">se</wf>
         <wf lemma="dogodila" pos="X">dogodila</wf>
         <wf lemma="nesreća" pos="X">nesreća</wf>
         <wf lemma="jer" pos="X">jer</wf>
         <wf lemma="radnici" pos="X">radnici</wf>
         <wf lemma="nisu" pos="X">nisu</wf>
         <wf lemma="propisno" pos="X">propisno</wf>
         <instance id="d000.s6284.t000" lemma="obilježiti" pos="VERB">obilježili</instance>
         <wf lemma="glavnu" pos="X">glavnu</wf>
         <wf lemma="cestu" pos="X">cestu</wf>
         <wf lemma="." pos="X">.</wf>
      </sentence>
      <sentence id="d000.s6285" source="wordnet-croatian">
         <wf lemma="Ugodno" pos="X">Ugodno</wf>
         <wf lemma="je" pos="X">je</wf>
         <instance id="d000.s6285.t000" lemma="osjetiti" pos="VERB">osjetiti</instance>
         <wf lemma="nečiju" pos="X">nečiju</wf>
         <wf lemma="ruku" pos="X">ruku</wf>
         <wf lemma="na" pos="X">na</wf>
         <wf lemma="svojemu" pos="X">svojemu</wf>
         <wf lemma="ramenu" pos="X">ramenu</wf>
         <wf lemma="." pos="X">.</wf>
      </sentence>
      <sentence id="d000.s6286" source="wordnet-croatian">
         <wf lemma="Majstor" pos="X">Majstor</wf>
         <wf lemma="nije" pos="X">nije</wf>
         <wf lemma="mogao" pos="X">mogao</wf>
         <instance id="d000.s6286.t000" lemma="odvinuti" pos="VERB">odvinuti</instance>
         <wf lemma="stare" pos="X">stare</wf>
         <wf lemma="zahrđale" pos="X">zahrđale</wf>
         <wf lemma="osigurače" pos="X">osigurače</wf>
         <wf lemma="." pos="X">.</wf>
      </sentence>
      <sentence id="d000.s6287" source="wordnet-croatian">
         <wf lemma="Znaš" pos="X">Znaš</wf>
         <wf lemma="li" pos="X">li</wf>
         <instance id="d000.s6287.t000" lemma="podijeliti" pos="VERB">podijeliti</instance>
         <wf lemma="49" pos="X">49</wf>
         <wf lemma="sa" pos="X">sa</wf>
         <wf lemma="sedam" pos="X">sedam</wf>
         <wf lemma="?" pos="X">?</wf>
      </sentence>
      <sentence id="d000.s6288" source="wordnet-croatian">
         <wf lemma="Jedna" pos="X">Jedna</wf>
         <wf lemma="se" pos="X">se</wf>
         <instance id="d000.s6288.t000" lemma="noga" pos="NOUN">noga</instance>
         <wf lemma="stolca" pos="X">stolca</wf>
         <wf lemma="slomila" pos="X">slomila</wf>
         <wf lemma="pod" pos="X">pod</wf>
         <wf lemma="njegovom" pos="X">njegovom</wf>
         <wf lemma="težinom" pos="X">težinom</wf>
         <wf lemma="." pos="X">.</wf>
      </sentence>
      <sentence id="d000.s6289" source="wordnet-croatian">
         <wf lemma="Zbog" pos="X">Zbog</wf>
         <wf lemma="prosvjeda" pos="X">prosvjeda</wf>
         <instance id="d000.s6289.t000" lemma="obustaviti" pos="VERB">obustavljen</instance>
         <wf lemma="je" pos="X">je</wf>
         <wf lemma="rad" pos="X">rad</wf>
         <wf lemma="u" pos="X">u</wf>
         <wf lemma="tvornici" pos="X">tvornici</wf>
         <wf lemma="." pos="X">.</wf>
      </sentence>
      <sentence id="d000.s6290" source="wordnet-croatian">
         <wf lemma="Poslužili" pos="X">Poslužili</wf>
         <wf lemma="su" pos="X">su</wf>
         <wf lemma="sendviče" pos="X">sendviče</wf>
         <wf lemma="od" pos="X">od</wf>
         <wf lemma="dimljenog" pos="X">dimljenog</wf>
         <instance id="d000.s6290.t000" lemma="losos" pos="NOUN">lososa</instance>
         <wf lemma="." pos="X">.</wf>
      </sentence>
      <sentence id="d000.s6291" source="wordnet-croatian">
         <wf lemma="Zima" pos="X">Zima</wf>
         <wf lemma="je" pos="X">je</wf>
         <instance id="d000.s6291.t000" lemma="vrijeme" pos="NOUN">vrijeme</instance>
         <wf lemma="za" pos="X">za</wf>
         <wf lemma="berbu" pos="X">berbu</wf>
         <wf lemma="maslina" pos="X">maslina</wf>
         <wf lemma="." pos="X">.</wf>
      </sentence>
      <sentence id="d000.s6292" source="wordnet-croatian">
         <wf lemma="Policija" pos="X">Policija</wf>
         <wf lemma="je" pos="X">je</wf>
         <instance id="d000.s6292.t000" lemma="zadržati" pos="VERB">zadržala</instance>
         <wf lemma="ilegalne" pos="X">ilegalne</wf>
         <wf lemma="imigrante" pos="X">imigrante</wf>
         <wf lemma="na" pos="X">na</wf>
         <wf lemma="granici" pos="X">granici</wf>
         <wf lemma="." pos="X">.</wf>
      </sentence>
      <sentence id="d000.s6293" source="wordnet-croatian">
         <instance id="d000.s6293.t000" lemma="jaspis" pos="NOUN">Jaspis</instance>
         <wf lemma="se" pos="X">se</wf>
         <wf lemma="u" pos="X">u</wf>
         <wf lemma="brojnim" pos="X">brojnim</wf>
         <wf lemma="kulturama" pos="X">kulturama</wf>
         <wf lemma="koristio" pos="X">koristio</wf>
         <wf lemma="kao" pos="X">kao</wf>
         <wf lemma="amajlilja" pos="X">amajlilja</wf>
         <wf lemma="." pos="X">.</wf>
      </sentence>
      <sentence id="d000.s6294" source="wordnet-croatian">
         <wf lemma="Teško" pos="X">Teško</wf>
         <wf lemma="je" pos="X">je</wf>
         <wf lemma="biti" pos="X">biti</wf>
         <wf lemma="svjestan" pos="X">svjestan</wf>
         <wf lemma="koliko" pos="X">koliko</wf>
         <wf lemma="je" pos="X">je</wf>
         <instance id="d000.s6294.t000" lemma="značenje" pos="NOUN">značenje</instance>
         <wf lemma="neke" pos="X">neke</wf>
         <wf lemma="osobe" pos="X">osobe</wf>
         <wf lemma="u" pos="X">u</wf>
         <wf lemma="tvom" pos="X">tvom</wf>
         <wf lemma="životu" pos="X">životu</wf>
         <wf lemma="dok" pos="X">dok</wf>
         <wf lemma="je" pos="X">je</wf>
         <wf lemma="ne" pos="X">ne</wf>
         <wf lemma="izgubiš" pos="X">izgubiš</wf>
         <wf lemma="." pos="X">.</wf>
      </sentence>
      <sentence id="d000.s6295" source="wordnet-croatian">
         <wf lemma="Promijenila" pos="X">Promijenila</wf>
         <wf lemma="je" pos="X">je</wf>
         <instance id="d000.s6295.t000" lemma="poredak" pos="NOUN">poredak</instance>
         <wf lemma="tema" pos="X">tema</wf>
         <wf lemma="svojih" pos="X">svojih</wf>
         <wf lemma="predavanja" pos="X">predavanja</wf>
         <wf lemma="i" pos="X">i</wf>
         <wf lemma="studenti" pos="X">studenti</wf>
         <wf lemma="su" pos="X">su</wf>
         <wf lemma="bili" pos="X">bili</wf>
         <wf lemma="oduševljeni" pos="X">oduševljeni</wf>
         <wf lemma="." pos="X">.</wf>
      </sentence>
      <sentence id="d000.s6296" source="wordnet-croatian">
         <wf lemma="Skupila" pos="X">Skupila</wf>
         <wf lemma="je" pos="X">je</wf>
         <wf lemma="drva" pos="X">drva</wf>
         <wf lemma="za" pos="X">za</wf>
         <instance id="d000.s6296.t000" lemma="potpala" pos="NOUN">potpalu</instance>
         <wf lemma="." pos="X">.</wf>
      </sentence>
      <sentence id="d000.s6297" source="wordnet-croatian">
         <wf lemma="Pronalazak" pos="X">Pronalazak</wf>
         <wf lemma="naftnih" pos="X">naftnih</wf>
         <wf lemma="polja" pos="X">polja</wf>
         <instance id="d000.s6297.t000" lemma="obogatiti" pos="VERB">obogatio</instance>
         <wf lemma="je" pos="X">je</wf>
         <wf lemma="mnoge" pos="X">mnoge</wf>
         <wf lemma="u" pos="X">u</wf>
         <wf lemma="tom" pos="X">tom</wf>
         <wf lemma="kraju" pos="X">kraju</wf>
         <wf lemma="." pos="X">.</wf>
      </sentence>
      <sentence id="d000.s6298" source="wordnet-croatian">
         <instance id="d000.s6298.t000" lemma="prostor" pos="NOUN">Prostor</instance>
         <wf lemma="u" pos="X">u</wf>
         <wf lemma="kojemu" pos="X">kojemu</wf>
         <wf lemma="se" pos="X">se</wf>
         <wf lemma="održavao" pos="X">održavao</wf>
         <wf lemma="prijem" pos="X">prijem</wf>
         <wf lemma="bio" pos="X">bio</wf>
         <wf lemma="je" pos="X">je</wf>
         <wf lemma="jako" pos="X">jako</wf>
         <wf lemma="lijepo" pos="X">lijepo</wf>
         <wf lemma="uređen" pos="X">uređen</wf>
         <wf lemma="." pos="X">.</wf>
      </sentence>
      <sentence id="d000.s6299" source="wordnet-croatian">
         <wf lemma="Nije" pos="X">Nije</wf>
         <wf lemma="više" pos="X">više</wf>
         <wf lemma="želio" pos="X">želio</wf>
         <wf lemma="uzdržavati" pos="X">uzdržavati</wf>
         <wf lemma="svoje" pos="X">svoje</wf>
         <instance id="d000.s6299.t000" lemma="neambiciozan" pos="ADJ">neambiciozne</instance>
         <wf lemma="sinove" pos="X">sinove</wf>
         <wf lemma="." pos="X">.</wf>
      </sentence>
      <sentence id="d000.s6300" source="wordnet-croatian">
         <wf lemma="Porez" pos="X">Porez</wf>
         <wf lemma="na" pos="X">na</wf>
         <wf lemma="nekretnine" pos="X">nekretnine</wf>
         <instance id="d000.s6300.t000" lemma="procjenjivati" pos="VERB">procjenjuje</instance>
         <wf lemma="se" pos="X">se</wf>
         <wf lemma="prema" pos="X">prema</wf>
         <wf lemma="njihovoj" pos="X">njihovoj</wf>
         <wf lemma="tržišnoj" pos="X">tržišnoj</wf>
         <wf lemma="vrijednosti" pos="X">vrijednosti</wf>
         <wf lemma="." pos="X">.</wf>
      </sentence>
      <sentence id="d000.s6301" source="wordnet-croatian">
         <wf lemma="Mladi" pos="X">Mladi</wf>
         <wf lemma="slikari" pos="X">slikari</wf>
         <wf lemma="moraju" pos="X">moraju</wf>
         <wf lemma="za" pos="X">za</wf>
         <wf lemma="vježbu" pos="X">vježbu</wf>
         <instance id="d000.s6301.t000" lemma="reproducirati" pos="VERB">reproducirati</instance>
         <wf lemma="slike" pos="X">slike</wf>
         <wf lemma="starih" pos="X">starih</wf>
         <wf lemma="majstora" pos="X">majstora</wf>
         <wf lemma="." pos="X">.</wf>
      </sentence>
      <sentence id="d000.s6302" source="wordnet-croatian">
         <wf lemma="Eksperimenti" pos="X">Eksperimenti</wf>
         <wf lemma="su" pos="X">su</wf>
         <instance id="d000.s6302.t000" lemma="temelj" pos="NOUN">temelj</instance>
         <wf lemma="na" pos="X">na</wf>
         <wf lemma="kojem" pos="X">kojem</wf>
         <wf lemma="je" pos="X">je</wf>
         <wf lemma="izgradio" pos="X">izgradio</wf>
         <wf lemma="svoju" pos="X">svoju</wf>
         <wf lemma="tezu" pos="X">tezu</wf>
         <wf lemma="." pos="X">.</wf>
      </sentence>
      <sentence id="d000.s6303" source="wordnet-croatian">
         <wf lemma="Nabujala" pos="X">Nabujala</wf>
         <wf lemma="rijeka" pos="X">rijeka</wf>
         <instance id="d000.s6303.t000" lemma="poplaviti" pos="VERB">poplavila</instance>
         <wf lemma="je" pos="X">je</wf>
         <wf lemma="okolna" pos="X">okolna</wf>
         <wf lemma="sela" pos="X">sela</wf>
         <wf lemma="." pos="X">.</wf>
      </sentence>
      <sentence id="d000.s6304" source="wordnet-croatian">
         <wf lemma="Djed" pos="X">Djed</wf>
         <wf lemma="je" pos="X">je</wf>
         <wf lemma="bio" pos="X">bio</wf>
         <wf lemma="njezin" pos="X">njezin</wf>
         <wf lemma="najbliži" pos="X">najbliži</wf>
         <instance id="d000.s6304.t000" lemma="rod" pos="NOUN">rod</instance>
         <wf lemma="i" pos="X">i</wf>
         <wf lemma="dala" pos="X">dala</wf>
         <wf lemma="bi" pos="X">bi</wf>
         <wf lemma="sve" pos="X">sve</wf>
         <wf lemma="na" pos="X">na</wf>
         <wf lemma="svijetu" pos="X">svijetu</wf>
         <wf lemma="da" pos="X">da</wf>
         <wf lemma="ozdravi" pos="X">ozdravi</wf>
         <wf lemma="." pos="X">.</wf>
      </sentence>
      <sentence id="d000.s6305" source="wordnet-croatian">
         <wf lemma="Kiša" pos="X">Kiša</wf>
         <wf lemma="mi" pos="X">mi</wf>
         <wf lemma="je" pos="X">je</wf>
         <instance id="d000.s6305.t000" lemma="poremetiti" pos="VERB">poremetila</instance>
         <wf lemma="sve" pos="X">sve</wf>
         <wf lemma="planove" pos="X">planove</wf>
         <wf lemma="." pos="X">.</wf>
      </sentence>
      <sentence id="d000.s6306" source="wordnet-croatian">
         <wf lemma="Nije" pos="X">Nije</wf>
         <wf lemma="želio" pos="X">želio</wf>
         <wf lemma="diskutirati" pos="X">diskutirati</wf>
         <wf lemma="o" pos="X">o</wf>
         <wf lemma="tom" pos="X">tom</wf>
         <instance id="d000.s6306.t000" lemma="predmet" pos="NOUN">predmetu</instance>
         <wf lemma="." pos="X">.</wf>
      </sentence>
      <sentence id="d000.s6307" source="wordnet-croatian">
         <wf lemma="Učenici" pos="X">Učenici</wf>
         <wf lemma="su" pos="X">su</wf>
         <wf lemma="morali" pos="X">morali</wf>
         <wf lemma="pročitati" pos="X">pročitati</wf>
         <wf lemma="četiri" pos="X">četiri</wf>
         <instance id="d000.s6307.t000" lemma="odlomak" pos="NOUN">odlomka</instance>
         <wf lemma="iz" pos="X">iz</wf>
         <wf lemma="Camusova" pos="X">Camusova</wf>
         <wf lemma="Stranca" pos="X">Stranca</wf>
         <wf lemma="." pos="X">.</wf>
      </sentence>
      <sentence id="d000.s6308" source="wordnet-croatian">
         <instance id="d000.s6308.t000" lemma="zavezati" pos="VERB">Zavezali</instance>
         <wf lemma="su" pos="X">su</wf>
         <wf lemma="zarobljenika" pos="X">zarobljenika</wf>
         <wf lemma="za" pos="X">za</wf>
         <wf lemma="stup." pos="X">stup.</wf>
      </sentence>
      <sentence id="d000.s6309" source="wordnet-croatian">
         <wf lemma="Premijer" pos="X">Premijer</wf>
         <wf lemma="je" pos="X">je</wf>
         <instance id="d000.s6309.t000" lemma="prezentirati" pos="VERB">prezentirao</instance>
         <wf lemma="novi" pos="X">novi</wf>
         <wf lemma="plan" pos="X">plan</wf>
         <wf lemma="izlaska" pos="X">izlaska</wf>
         <wf lemma="iz" pos="X">iz</wf>
         <wf lemma="krize" pos="X">krize</wf>
         <wf lemma="." pos="X">.</wf>
      </sentence>
      <sentence id="d000.s6310" source="wordnet-croatian">
         <wf lemma="To" pos="X">To</wf>
         <wf lemma="je" pos="X">je</wf>
         <wf lemma="bilo" pos="X">bilo</wf>
         <wf lemma="dobro" pos="X">dobro</wf>
         <instance id="d000.s6310.t000" lemma="zapažanje" pos="NOUN">zapažanje</instance>
         <wf lemma="!" pos="X">!</wf>
      </sentence>
      <sentence id="d000.s6311" source="wordnet-croatian">
         <wf lemma="Na" pos="X">Na</wf>
         <wf lemma="zvuk" pos="X">zvuk</wf>
         <instance id="d000.s6311.t000" lemma="gong" pos="NOUN">gonga</instance>
         <wf lemma="svi" pos="X">svi</wf>
         <wf lemma="su" pos="X">su</wf>
         <wf lemma="sišli" pos="X">sišli</wf>
         <wf lemma="na" pos="X">na</wf>
         <wf lemma="ručak" pos="X">ručak</wf>
         <wf lemma="." pos="X">.</wf>
      </sentence>
      <sentence id="d000.s6312" source="wordnet-croatian">
         <wf lemma="Za" pos="X">Za</wf>
         <wf lemma="mjesto" pos="X">mjesto</wf>
         <instance id="d000.s6312.t000" lemma="premijer" pos="NOUN">premijera</instance>
         <wf lemma="borit" pos="X">borit</wf>
         <wf lemma="će" pos="X">će</wf>
         <wf lemma="se" pos="X">se</wf>
         <wf lemma="ukupno" pos="X">ukupno</wf>
         <wf lemma="11" pos="X">11</wf>
         <wf lemma="kandidata" pos="X">kandidata</wf>
         <wf lemma="." pos="X">.</wf>
      </sentence>
      <sentence id="d000.s6313" source="wordnet-croatian">
         <instance id="d000.s6313.t000" lemma="nabaciti" pos="VERB">Nabacio</instance>
         <wf lemma="mi" pos="X">mi</wf>
         <wf lemma="je" pos="X">je</wf>
         <wf lemma="par" pos="X">par</wf>
         <wf lemma="dobrih" pos="X">dobrih</wf>
         <wf lemma="savjeta" pos="X">savjeta</wf>
         <wf lemma="za" pos="X">za</wf>
         <wf lemma="skidanje" pos="X">skidanje</wf>
         <wf lemma="kila" pos="X">kila</wf>
         <wf lemma="." pos="X">.</wf>
      </sentence>
      <sentence id="d000.s6314" source="wordnet-croatian">
         <instance id="d000.s6314.t000" lemma="oksihemoglobin" pos="NOUN">Oksihemoglobin</instance>
         <wf lemma="je" pos="X">je</wf>
         <wf lemma="hemoglobin" pos="X">hemoglobin</wf>
         <wf lemma="koji" pos="X">koji</wf>
         <wf lemma="prenosi" pos="X">prenosi</wf>
         <wf lemma="kisik" pos="X">kisik</wf>
         <wf lemma="." pos="X">.</wf>
      </sentence>
      <sentence id="d000.s6315" source="wordnet-croatian">
         <wf lemma="Za" pos="X">Za</wf>
         <instance id="d000.s6315.t000" lemma="tumačenje" pos="NOUN">tumačenje</instance>
         <wf lemma="Julije" pos="X">Julije</wf>
         <wf lemma="u" pos="X">u</wf>
         <wf lemma="izvedbi" pos="X">izvedbi</wf>
         <wf lemma="njezina" pos="X">njezina</wf>
         <wf lemma="matičnoga" pos="X">matičnoga</wf>
         <wf lemma="kazališta" pos="X">kazališta</wf>
         <wf lemma="dobila" pos="X">dobila</wf>
         <wf lemma="je" pos="X">je</wf>
         <wf lemma="brojne" pos="X">brojne</wf>
         <wf lemma="nagrade" pos="X">nagrade</wf>
         <wf lemma="." pos="X">.</wf>
      </sentence>
      <sentence id="d000.s6316" source="wordnet-croatian">
         <wf lemma="Mnogi" pos="X">Mnogi</wf>
         <wf lemma="se" pos="X">se</wf>
         <wf lemma="muževi" pos="X">muževi</wf>
         <wf lemma="žale" pos="X">žale</wf>
         <wf lemma="da" pos="X">da</wf>
         <wf lemma="im" pos="X">im</wf>
         <wf lemma="žene" pos="X">žene</wf>
         <wf lemma="stalno" pos="X">stalno</wf>
         <instance id="d000.s6316.t000" lemma="naređivati" pos="VERB">naređuju</instance>
         <wf lemma="." pos="X">.</wf>
      </sentence>
      <sentence id="d000.s6317" source="wordnet-croatian">
         <wf lemma="Kupuje" pos="X">Kupuje</wf>
         <instance id="d000.s6317.t000" lemma="slika" pos="NOUN">slike</instance>
         <wf lemma="u" pos="X">u</wf>
         <wf lemma="bojama" pos="X">bojama</wf>
         <wf lemma="koje" pos="X">koje</wf>
         <wf lemma="mu" pos="X">mu</wf>
         <wf lemma="se" pos="X">se</wf>
         <wf lemma="slažu" pos="X">slažu</wf>
         <wf lemma="s" pos="X">s</wf>
         <wf lemma="namještajem" pos="X">namještajem</wf>
         <wf lemma="." pos="X">.</wf>
      </sentence>
      <sentence id="d000.s6318" source="wordnet-croatian">
         <wf lemma="Popeo" pos="X">Popeo</wf>
         <wf lemma="se" pos="X">se</wf>
         <wf lemma="na" pos="X">na</wf>
         <instance id="d000.s6318.t000" lemma="podij" pos="NOUN">podij</instance>
         <wf lemma="i" pos="X">i</wf>
         <wf lemma="zasluženo" pos="X">zasluženo</wf>
         <wf lemma="primio" pos="X">primio</wf>
         <wf lemma="svoju" pos="X">svoju</wf>
         <wf lemma="medalju" pos="X">medalju</wf>
         <wf lemma="." pos="X">.</wf>
      </sentence>
      <sentence id="d000.s6319" source="wordnet-croatian">
         <wf lemma="Prijateljica" pos="X">Prijateljica</wf>
         <wf lemma="mi" pos="X">mi</wf>
         <wf lemma="je" pos="X">je</wf>
         <wf lemma="kao" pos="X">kao</wf>
         <wf lemma="suvenir" pos="X">suvenir</wf>
         <wf lemma="iz" pos="X">iz</wf>
         <wf lemma="Tunisa" pos="X">Tunisa</wf>
         <wf lemma="donijela" pos="X">donijela</wf>
         <wf lemma="malen" pos="X">malen</wf>
         <instance id="d000.s6319.t000" lemma="timpan" pos="NOUN">timpan</instance>
         <wf lemma="." pos="X">.</wf>
      </sentence>
      <sentence id="d000.s6320" source="wordnet-croatian">
         <wf lemma="Prepisivanje" pos="X">Prepisivanje</wf>
         <wf lemma="na" pos="X">na</wf>
         <wf lemma="završnom" pos="X">završnom</wf>
         <wf lemma="bio" pos="X">bio</wf>
         <wf lemma="je" pos="X">je</wf>
         <wf lemma="pravi" pos="X">pravi</wf>
         <instance id="d000.s6320.t000" lemma="manevar" pos="NOUN">manevar</instance>
         <wf lemma="među" pos="X">među</wf>
         <wf lemma="nekim" pos="X">nekim</wf>
         <wf lemma="studentima" pos="X">studentima</wf>
         <wf lemma="." pos="X">.</wf>
      </sentence>
      <sentence id="d000.s6321" source="wordnet-croatian">
         <wf lemma="Ništa" pos="X">Ništa</wf>
         <wf lemma="nije" pos="X">nije</wf>
         <wf lemma="smjelo" pos="X">smjelo</wf>
         <wf lemma="stati" pos="X">stati</wf>
         <wf lemma="na" pos="X">na</wf>
         <wf lemma="put" pos="X">put</wf>
         <wf lemma="njezinoj" pos="X">njezinoj</wf>
         <instance id="d000.s6321.t000" lemma="ambicioznost" pos="NOUN">ambicioznosti</instance>
         <wf lemma="," pos="X">,</wf>
         <wf lemma="rušila" pos="X">rušila</wf>
         <wf lemma="je" pos="X">je</wf>
         <wf lemma="sve" pos="X">sve</wf>
         <wf lemma="pred" pos="X">pred</wf>
         <wf lemma="sobom" pos="X">sobom</wf>
         <wf lemma="." pos="X">.</wf>
      </sentence>
      <sentence id="d000.s6322" source="wordnet-croatian">
         <instance id="d000.s6322.t000" lemma="razmatrati" pos="VERB">Razmatrali</instance>
         <wf lemma="su" pos="X">su</wf>
         <wf lemma="sve" pos="X">sve</wf>
         <wf lemma="prednosti" pos="X">prednosti</wf>
         <wf lemma="i" pos="X">i</wf>
         <wf lemma="nedostake" pos="X">nedostake</wf>
         <wf lemma="štrajka" pos="X">štrajka</wf>
         <wf lemma="." pos="X">.</wf>
      </sentence>
      <sentence id="d000.s6323" source="wordnet-croatian">
         <wf lemma="Na" pos="X">Na</wf>
         <instance id="d000.s6323.t000" lemma="zaslon" pos="NOUN">zaslonu</instance>
         <wf lemma="su" pos="X">su</wf>
         <wf lemma="se" pos="X">se</wf>
         <wf lemma="pojavili" pos="X">pojavili</wf>
         <wf lemma="čudni" pos="X">čudni</wf>
         <wf lemma="brojevi" pos="X">brojevi</wf>
         <wf lemma="." pos="X">.</wf>
      </sentence>
      <sentence id="d000.s6324" source="wordnet-croatian">
         <instance id="d000.s6324.t000" lemma="umjetnost" pos="NOUN">Umjetnost</instance>
         <wf lemma="nam" pos="X">nam</wf>
         <wf lemma="uljepšava" pos="X">uljepšava</wf>
         <wf lemma="svakodnevicu" pos="X">svakodnevicu</wf>
         <wf lemma="." pos="X">.</wf>
      </sentence>
      <sentence id="d000.s6325" source="wordnet-croatian">
         <wf lemma="Mogla" pos="X">Mogla</wf>
         <wf lemma="je" pos="X">je</wf>
         <wf lemma="satima" pos="X">satima</wf>
         <wf lemma="biti" pos="X">biti</wf>
         <wf lemma="u" pos="X">u</wf>
         <instance id="d000.s6325.t000" lemma="kupaonica" pos="NOUN">kupaonici</instance>
         <wf lemma="." pos="X">.</wf>
      </sentence>
      <sentence id="d000.s6326" source="wordnet-croatian">
         <wf lemma="Njegov" pos="X">Njegov</wf>
         <wf lemma="ga" pos="X">ga</wf>
         <wf lemma="je" pos="X">je</wf>
         <wf lemma="postupak" pos="X">postupak</wf>
         <wf lemma="zauvijek" pos="X">zauvijek</wf>
         <instance id="d000.s6326.t000" lemma="opečatiti" pos="VERB">opečatio</instance>
         <wf lemma="kao" pos="X">kao</wf>
         <wf lemma="vrlo" pos="X">vrlo</wf>
         <wf lemma="dobrostivu" pos="X">dobrostivu</wf>
         <wf lemma="osobu" pos="X">osobu</wf>
         <wf lemma="." pos="X">.</wf>
      </sentence>
      <sentence id="d000.s6327" source="wordnet-croatian">
         <wf lemma="Sva" pos="X">Sva</wf>
         <wf lemma="je" pos="X">je</wf>
         <wf lemma="njegova" pos="X">njegova</wf>
         <wf lemma="imovina" pos="X">imovina</wf>
         <wf lemma="stala" pos="X">stala</wf>
         <wf lemma="u" pos="X">u</wf>
         <wf lemma="jednu" pos="X">jednu</wf>
         <instance id="d000.s6327.t000" lemma="torba" pos="NOUN">torbu</instance>
         <wf lemma="." pos="X">.</wf>
      </sentence>
      <sentence id="d000.s6328" source="wordnet-croatian">
         <wf lemma="Ljeti" pos="X">Ljeti</wf>
         <wf lemma="rijetko" pos="X">rijetko</wf>
         <wf lemma="iz" pos="X">iz</wf>
         <wf lemma="ormara" pos="X">ormara</wf>
         <wf lemma="vadimo" pos="X">vadimo</wf>
         <wf lemma="majice" pos="X">majice</wf>
         <wf lemma="dugih" pos="X">dugih</wf>
         <instance id="d000.s6328.t000" lemma="rukav" pos="NOUN">rukava</instance>
         <wf lemma="." pos="X">.</wf>
      </sentence>
      <sentence id="d000.s6329" source="wordnet-croatian">
         <wf lemma="Njegov" pos="X">Njegov</wf>
         <wf lemma="je" pos="X">je</wf>
         <wf lemma="novi" pos="X">novi</wf>
         <wf lemma="izum" pos="X">izum</wf>
         <wf lemma="izgledao" pos="X">izgledao</wf>
         <wf lemma="impresivno" pos="X">impresivno</wf>
         <wf lemma="," pos="X">,</wf>
         <wf lemma="no" pos="X">no</wf>
         <wf lemma="njegova" pos="X">njegova</wf>
         <wf lemma="je" pos="X">je</wf>
         <instance id="d000.s6329.t000" lemma="upotrebljivost" pos="NOUN">upotrebljivost</instance>
         <wf lemma="bila" pos="X">bila</wf>
         <wf lemma="upitna" pos="X">upitna</wf>
         <wf lemma="." pos="X">.</wf>
      </sentence>
      <sentence id="d000.s6330" source="wordnet-croatian">
         <wf lemma="Otkriće" pos="X">Otkriće</wf>
         <wf lemma="stanice" pos="X">stanice</wf>
         <wf lemma="bilo" pos="X">bilo</wf>
         <wf lemma="je" pos="X">je</wf>
         <wf lemma="moguće" pos="X">moguće</wf>
         <wf lemma="tek" pos="X">tek</wf>
         <wf lemma="nakon" pos="X">nakon</wf>
         <wf lemma="izuma" pos="X">izuma</wf>
         <instance id="d000.s6330.t000" lemma="mikroskop" pos="NOUN">mikroskopa</instance>
         <wf lemma="." pos="X">.</wf>
      </sentence>
      <sentence id="d000.s6331" source="wordnet-croatian">
         <wf lemma="Narod" pos="X">Narod</wf>
         <wf lemma="je" pos="X">je</wf>
         <wf lemma="pozdravljao" pos="X">pozdravljao</wf>
         <wf lemma="Isusov" pos="X">Isusov</wf>
         <instance id="d000.s6331.t000" lemma="ulazak" pos="NOUN">ulazak</instance>
         <wf lemma="u" pos="X">u</wf>
         <wf lemma="grad" pos="X">grad</wf>
         <wf lemma="Jeruzalem" pos="X">Jeruzalem</wf>
         <wf lemma="mahanjem" pos="X">mahanjem</wf>
         <wf lemma="palminim" pos="X">palminim</wf>
         <wf lemma="grančicama" pos="X">grančicama</wf>
         <wf lemma="." pos="X">.</wf>
      </sentence>
      <sentence id="d000.s6332" source="wordnet-croatian">
         <wf lemma="Krenuli" pos="X">Krenuli</wf>
         <wf lemma="su" pos="X">su</wf>
         <instance id="d000.s6332.t000" lemma="zaseban" pos="ADJ">zasebnim</instance>
         <wf lemma="putevima" pos="X">putevima</wf>
         <wf lemma="." pos="X">.</wf>
      </sentence>
   </text>
</corpus>
