<?xml version="1.0" encoding="UTF-8"?>
<corpus lang="ca" name="test-ca" sources="wordnet-catalan">
   <text id="d000">
      <sentence id="d000.s000" source="wordnet-catalan">
         <wf lemma="l'" pos="X">l'</wf>
         <instance id="d000.s000.t000" lemma="encontre" pos="NOUN">encontre</instance>
         <wf lemma="es" pos="X">es</wf>
         <wf lemma="va" pos="X">va</wf>
         <wf lemma="produir" pos="X">produir</wf>
         <wf lemma="en" pos="X">en</wf>
         <wf lemma="un" pos="X">un</wf>
         <wf lemma="bar" pos="X">bar</wf>
         <wf lemma="del" pos="X">del</wf>
         <wf lemma="centre" pos="X">centre</wf>
         <wf lemma="." pos="X">.</wf>
      </sentence>
      <sentence id="d000.s001" source="wordnet-catalan">
         <wf lemma="van" pos="X">van</wf>
         <wf lemma="demanar" pos="X">demanar</wf>
         <wf lemma="un" pos="X">un</wf>
         <instance id="d000.s001.t000" lemma="augment" pos="NOUN">augment</instance>
         <wf lemma="del" pos="X">del</wf>
         <wf lemma="10%" pos="X">10%</wf>
         <wf lemma="de" pos="X">de</wf>
         <wf lemma="les" pos="X">les</wf>
         <wf lemma="taxes" pos="X">taxes</wf>
         <wf lemma="." pos="X">.</wf>
      </sentence>
      <sentence id="d000.s002" source="wordnet-catalan">
         <wf lemma="els" pos="X">els</wf>
         <wf lemma="convidats" pos="X">convidats</wf>
         <wf lemma="no" pos="X">no</wf>
         <wf lemma="haurien" pos="X">haurien</wf>
         <wf lemma="d'" pos="X">d'</wf>
         <wf lemma="arribar" pos="X">arribar</wf>
         <wf lemma="mai" pos="X">mai</wf>
         <wf lemma="tard" pos="X">tard</wf>
         <wf lemma="a" pos="X">a</wf>
         <wf lemma="un" pos="X">un</wf>
         <instance id="d000.s002.t000" lemma="sopar" pos="NOUN">sopar</instance>
         <wf lemma="." pos="X">.</wf>
      </sentence>
      <sentence id="d000.s003" source="wordnet-catalan">
         <wf lemma="un" pos="X">un</wf>
         <wf lemma="casament" pos="X">casament</wf>
         <instance id="d000.s003.t000" lemma="convencional" pos="ADJ">convencional</instance>
         <wf lemma="per" pos="X">per</wf>
         <wf lemma="l'" pos="X">l'</wf>
         <wf lemma="església" pos="X">església</wf>
         <wf lemma="amb" pos="X">amb</wf>
         <wf lemma="la" pos="X">la</wf>
         <wf lemma="núvia" pos="X">núvia</wf>
         <wf lemma="de" pos="X">de</wf>
         <wf lemma="blanc" pos="X">blanc</wf>
         <wf lemma="." pos="X">.</wf>
      </sentence>
      <sentence id="d000.s004" source="wordnet-catalan">
         <wf lemma="la" pos="X">la</wf>
         <instance id="d000.s004.t000" lemma="relació" pos="NOUN">relació</instance>
         <wf lemma="entres" pos="X">entres</wf>
         <wf lemma="les" pos="X">les</wf>
         <wf lemma="dues" pos="X">dues</wf>
         <wf lemma="empreses" pos="X">empreses</wf>
         <wf lemma="va" pos="X">va</wf>
         <wf lemma="afectar" pos="X">afectar</wf>
         <wf lemma="al" pos="X">al</wf>
         <wf lemma="mercat" pos="X">mercat</wf>
         <wf lemma="." pos="X">.</wf>
      </sentence>
      <sentence id="d000.s005" source="wordnet-catalan">
         <wf lemma="l'" pos="X">l'</wf>
         <wf lemma="arquitecte" pos="X">arquitecte</wf>
         <wf lemma="va" pos="X">va</wf>
         <wf lemma="presentar" pos="X">presentar</wf>
         <wf lemma="la" pos="X">la</wf>
         <wf lemma="seva" pos="X">seva</wf>
         <wf lemma="nova" pos="X">nova</wf>
         <instance id="d000.s005.t000" lemma="creació" pos="NOUN">creació</instance>
         <wf lemma="en" pos="X">en</wf>
         <wf lemma="públic" pos="X">públic</wf>
         <wf lemma="." pos="X">.</wf>
      </sentence>
      <sentence id="d000.s006" source="wordnet-catalan">
         <wf lemma="sentia" pos="X">sentia</wf>
         <wf lemma="un" pos="X">un</wf>
         <wf lemma="gran" pos="X">gran</wf>
         <instance id="d000.s006.t000" lemma="afecte" pos="NOUN">afecte</instance>
         <wf lemma="pels" pos="X">pels</wf>
         <wf lemma="que" pos="X">que</wf>
         <wf lemma="eren" pos="X">eren</wf>
         <wf lemma="menys" pos="X">menys</wf>
         <wf lemma="afortunats" pos="X">afortunats</wf>
         <wf lemma="." pos="X">.</wf>
      </sentence>
      <sentence id="d000.s007" source="wordnet-catalan">
         <wf lemma="té" pos="X">té</wf>
         <wf lemma="molta" pos="X">molta</wf>
         <instance id="d000.s007.t000" lemma="vista" pos="NOUN">vista</instance>
         <wf lemma="per" pos="X">per</wf>
         <wf lemma="a" pos="X">a</wf>
         <wf lemma="caçar" pos="X">caçar</wf>
         <wf lemma="talents" pos="X">talents</wf>
         <wf lemma="." pos="X">.</wf>
      </sentence>
      <sentence id="d000.s008" source="wordnet-catalan">
         <wf lemma="buscava" pos="X">buscava</wf>
         <wf lemma="entre" pos="X">entre</wf>
         <wf lemma="tot" pos="X">tot</wf>
         <wf lemma="de" pos="X">de</wf>
         <instance id="d000.s008.t000" lemma="caixa" pos="NOUN">caixes</instance>
         <wf lemma="." pos="X">.</wf>
      </sentence>
      <sentence id="d000.s009" source="wordnet-catalan">
         <wf lemma="segons" pos="X">segons</wf>
         <wf lemma="el" pos="X">el</wf>
         <wf lemma="seu" pos="X">seu</wf>
         <wf lemma="propi" pos="X">propi</wf>
         <instance id="d000.s009.t000" lemma="testimoni" pos="NOUN">testimoni</instance>
         <wf lemma="," pos="X">,</wf>
         <wf lemma="ell" pos="X">ell</wf>
         <wf lemma="no" pos="X">no</wf>
         <wf lemma="pot" pos="X">pot</wf>
         <wf lemma="fer-ho" pos="X">fer-ho</wf>
         <wf lemma="." pos="X">.</wf>
      </sentence>
      <sentence id="d000.s010" source="wordnet-catalan">
         <wf lemma="no" pos="X">no</wf>
         <wf lemma="van" pos="X">van</wf>
         <wf lemma="poder" pos="X">poder</wf>
         <wf lemma="trobar" pos="X">trobar</wf>
         <wf lemma="cap" pos="X">cap</wf>
         <instance id="d000.s010.t000" lemma="registre" pos="NOUN">registre</instance>
         <wf lemma="de" pos="X">de</wf>
         <wf lemma="la" pos="X">la</wf>
         <wf lemma="compra" pos="X">compra</wf>
         <wf lemma="." pos="X">.</wf>
      </sentence>
      <sentence id="d000.s011" source="wordnet-catalan">
         <wf lemma="una" pos="X">una</wf>
         <wf lemma="discussió" pos="X">discussió</wf>
         <instance id="d000.s011.t000" lemma="obert" pos="ADJ">oberta</instance>
         <wf lemma="." pos="X">.</wf>
      </sentence>
      <sentence id="d000.s012" source="wordnet-catalan">
         <wf lemma="les" pos="X">les</wf>
         <instance id="d000.s012.t000" lemma="reforma" pos="NOUN">reformes</instance>
         <wf lemma="que" pos="X">que</wf>
         <wf lemma="va" pos="X">va</wf>
         <wf lemma="proposar" pos="X">proposar</wf>
         <wf lemma="eren" pos="X">eren</wf>
         <wf lemma="massa" pos="X">massa</wf>
         <wf lemma="radicals" pos="X">radicals</wf>
         <wf lemma="pels" pos="X">pels</wf>
         <wf lemma="polítics" pos="X">polítics</wf>
         <wf lemma="." pos="X">.</wf>
      </sentence>
      <sentence id="d000.s013" source="wordnet-catalan">
         <wf lemma="La" pos="X">La</wf>
         <instance id="d000.s013.t000" lemma="naturalització" pos="NOUN">naturalització</instance>
         <wf lemma="és" pos="X">és</wf>
         <wf lemma="un" pos="X">un</wf>
         <wf lemma="procés" pos="X">procés</wf>
         <wf lemma="llarg" pos="X">llarg</wf>
         <wf lemma="." pos="X">.</wf>
      </sentence>
      <sentence id="d000.s014" source="wordnet-catalan">
         <wf lemma="la" pos="X">la</wf>
         <wf lemma="meva" pos="X">meva</wf>
         <wf lemma="mare" pos="X">mare</wf>
         <wf lemma="arribarà" pos="X">arribarà</wf>
         <instance id="d000.s014.t000" lemma="dijous" pos="NOUN">dijous</instance>
         <wf lemma="." pos="X">.</wf>
      </sentence>
      <sentence id="d000.s015" source="wordnet-catalan">
         <wf lemma="estar" pos="X">estar</wf>
         <wf lemma="en" pos="X">en</wf>
         <instance id="d000.s015.t000" lemma="forma" pos="NOUN">forma</instance>
         <wf lemma="." pos="X">.</wf>
      </sentence>
      <sentence id="d000.s016" source="wordnet-catalan">
         <wf lemma="la" pos="X">la</wf>
         <instance id="d000.s016.t000" lemma="portaveu" pos="NOUN">portaveu</instance>
         <wf lemma="del" pos="X">del</wf>
         <wf lemma="govern" pos="X">govern</wf>
         <wf lemma="va" pos="X">va</wf>
         <wf lemma="informar" pos="X">informar</wf>
         <wf lemma="dels" pos="X">dels</wf>
         <wf lemma="danys" pos="X">danys</wf>
         <wf lemma="." pos="X">.</wf>
      </sentence>
      <sentence id="d000.s017" source="wordnet-catalan">
         <wf lemma="el" pos="X">el</wf>
         <instance id="d000.s017.t000" lemma="total" pos="NOUN">total</instance>
         <wf lemma="de" pos="X">de</wf>
         <wf lemma="ferits" pos="X">ferits</wf>
         <wf lemma="era" pos="X">era</wf>
         <wf lemma="sorprenent" pos="X">sorprenent</wf>
         <wf lemma="." pos="X">.</wf>
      </sentence>
      <sentence id="d000.s018" source="wordnet-catalan">
         <wf lemma="el" pos="X">el</wf>
         <wf lemma="pilot" pos="X">pilot</wf>
         <wf lemma="va" pos="X">va</wf>
         <wf lemma="aterrar" pos="X">aterrar</wf>
         <wf lemma="amb" pos="X">amb</wf>
         <wf lemma="molta" pos="X">molta</wf>
         <instance id="d000.s018.t000" lemma="cura" pos="NOUN">cura</instance>
         <wf lemma="." pos="X">.</wf>
      </sentence>
      <sentence id="d000.s019" source="wordnet-catalan">
         <wf lemma="la" pos="X">la</wf>
         <instance id="d000.s019.t000" lemma="consciència" pos="NOUN">consciència</instance>
         <wf lemma="ferma" pos="X">ferma</wf>
         <wf lemma="d'" pos="X">d'</wf>
         <wf lemma="una" pos="X">una</wf>
         <wf lemma="persona" pos="X">persona</wf>
         <wf lemma="." pos="X">.</wf>
      </sentence>
      <sentence id="d000.s020" source="wordnet-catalan">
         <wf lemma="tenia" pos="X">tenia</wf>
         <wf lemma="una" pos="X">una</wf>
         <instance id="d000.s020.t000" lemma="entrevista" pos="NOUN">entrevista</instance>
         <wf lemma="amb" pos="X">amb</wf>
         <wf lemma="el" pos="X">el</wf>
         <wf lemma="jutge" pos="X">jutge</wf>
         <wf lemma="." pos="X">.</wf>
      </sentence>
      <sentence id="d000.s021" source="wordnet-catalan">
         <wf lemma="s'" pos="X">s'</wf>
         <wf lemma="esperava" pos="X">esperava</wf>
         <wf lemma="la" pos="X">la</wf>
         <wf lemma="seva" pos="X">seva</wf>
         <instance id="d000.s021.t000" lemma="aparició" pos="NOUN">aparició</instance>
         <wf lemma="d'" pos="X">d'</wf>
         <wf lemma="un" pos="X">un</wf>
         <wf lemma="moment" pos="X">moment</wf>
         <wf lemma="a" pos="X">a</wf>
         <wf lemma="l'" pos="X">l'</wf>
         <wf lemma="altre" pos="X">altre</wf>
         <wf lemma="." pos="X">.</wf>
      </sentence>
      <sentence id="d000.s022" source="wordnet-catalan">
         <wf lemma="El" pos="X">El</wf>
         <wf lemma="crim" pos="X">crim</wf>
         <instance id="d000.s022.t000" lemma="organitzat" pos="ADJ">organitzat</instance>
         <wf lemma="transnacional" pos="X">transnacional</wf>
         <wf lemma="." pos="X">.</wf>
      </sentence>
      <sentence id="d000.s023" source="wordnet-catalan">
         <wf lemma="El" pos="X">El</wf>
         <wf lemma="laboratori" pos="X">laboratori</wf>
         <wf lemma="funciona" pos="X">funciona</wf>
         <wf lemma="amb" pos="X">amb</wf>
         <wf lemma="un" pos="X">un</wf>
         <instance id="d000.s023.t000" lemma="pressupost" pos="NOUN">pressupost</instance>
         <wf lemma="d'" pos="X">d'</wf>
         <wf lemma="un" pos="X">un</wf>
         <wf lemma="milió" pos="X">milió</wf>
         <wf lemma="a" pos="X">a</wf>
         <wf lemma="l'" pos="X">l'</wf>
         <wf lemma="any" pos="X">any</wf>
         <wf lemma="." pos="X">.</wf>
      </sentence>
      <sentence id="d000.s024" source="wordnet-catalan">
         <wf lemma="el" pos="X">el</wf>
         <wf lemma="seu" pos="X">seu</wf>
         <instance id="d000.s024.t000" lemma="fill" pos="NOUN">fill</instance>
         <wf lemma="es" pos="X">es</wf>
         <wf lemma="va" pos="X">va</wf>
         <wf lemma="convertir" pos="X">convertir</wf>
         <wf lemma="en" pos="X">en</wf>
         <wf lemma="un" pos="X">un</wf>
         <wf lemma="famós" pos="X">famós</wf>
         <wf lemma="jutge" pos="X">jutge</wf>
         <wf lemma="." pos="X">.</wf>
      </sentence>
      <sentence id="d000.s025" source="wordnet-catalan">
         <wf lemma="Un" pos="X">Un</wf>
         <wf lemma="poder" pos="X">poder</wf>
         <wf lemma="judicial" pos="X">judicial</wf>
         <instance id="d000.s025.t000" lemma="autònom" pos="ADJ">autònom</instance>
         <wf lemma="." pos="X">.</wf>
      </sentence>
      <sentence id="d000.s026" source="wordnet-catalan">
         <wf lemma="no" pos="X">no</wf>
         <wf lemma="volia" pos="X">volia</wf>
         <wf lemma="pronunciar" pos="X">pronunciar</wf>
         <wf lemma="el" pos="X">el</wf>
         <wf lemma="seu" pos="X">seu</wf>
         <instance id="d000.s026.t000" lemma="parer" pos="NOUN">parer</instance>
         <wf lemma="en" pos="X">en</wf>
         <wf lemma="aquell" pos="X">aquell</wf>
         <wf lemma="moment" pos="X">moment</wf>
         <wf lemma="." pos="X">.</wf>
      </sentence>
      <sentence id="d000.s027" source="wordnet-catalan">
         <wf lemma="un" pos="X">un</wf>
         <instance id="d000.s027.t000" lemma="tros" pos="NOUN">tros</instance>
         <wf lemma="de" pos="X">de</wf>
         <wf lemma="pastís" pos="X">pastís</wf>
         <wf lemma="." pos="X">.</wf>
      </sentence>
      <sentence id="d000.s028" source="wordnet-catalan">
         <wf lemma="La" pos="X">La</wf>
         <wf lemma="carta" pos="X">carta</wf>
         <wf lemma="té" pos="X">té</wf>
         <wf lemma="un" pos="X">un</wf>
         <wf lemma="registre" pos="X">registre</wf>
         <instance id="d000.s028.t000" lemma="admonitori" pos="ADJ">admonitori</instance>
         <wf lemma="." pos="X">.</wf>
      </sentence>
      <sentence id="d000.s029" source="wordnet-catalan">
         <wf lemma="Una" pos="X">Una</wf>
         <wf lemma="sentència" pos="X">sentència</wf>
         <instance id="d000.s029.t000" lemma="peremptori" pos="ADJ">peremptòria</instance>
         <wf lemma="." pos="X">.</wf>
      </sentence>
      <sentence id="d000.s030" source="wordnet-catalan">
         <wf lemma="El" pos="X">El</wf>
         <wf lemma="vent" pos="X">vent</wf>
         <instance id="d000.s030.t000" lemma="bufar" pos="VERB">bufava</instance>
         <wf lemma="des" pos="X">des</wf>
         <wf lemma="de" pos="X">de</wf>
         <wf lemma="l'" pos="X">l'</wf>
         <wf lemma="oest" pos="X">oest</wf>
         <wf lemma="." pos="X">.</wf>
      </sentence>
      <sentence id="d000.s031" source="wordnet-catalan">
         <wf lemma="Les" pos="X">Les</wf>
         <wf lemma="estudiants" pos="X">estudiants</wf>
         <wf lemma="van" pos="X">van</wf>
         <instance id="d000.s031.t000" lemma="servir" pos="VERB">servir</instance>
         <wf lemma="de" pos="X">de</wf>
         <wf lemma="grup" pos="X">grup</wf>
         <wf lemma="de" pos="X">de</wf>
         <wf lemma="control" pos="X">control</wf>
         <wf lemma="." pos="X">.</wf>
      </sentence>
      <sentence id="d000.s032" source="wordnet-catalan">
         <wf lemma="una" pos="X">una</wf>
         <instance id="d000.s032.t000" lemma="xarxa" pos="NOUN">xarxa</instance>
         <wf lemma="d'" pos="X">d'</wf>
         <wf lemma="intrigues" pos="X">intrigues</wf>
         <wf lemma="." pos="X">.</wf>
      </sentence>
      <sentence id="d000.s033" source="wordnet-catalan">
         <wf lemma="un" pos="X">un</wf>
         <instance id="d000.s033.t000" lemma="petit" pos="ADJ">petit</instance>
         <wf lemma="menjador" pos="X">menjador</wf>
         <wf lemma="." pos="X">.</wf>
      </sentence>
      <sentence id="d000.s034" source="wordnet-catalan">
         <wf lemma="la" pos="X">la</wf>
         <instance id="d000.s034.t000" lemma="inclinació" pos="NOUN">inclinació</instance>
         <wf lemma="a" pos="X">a</wf>
         <wf lemma="l'" pos="X">l'</wf>
         <wf lemma="alcalinitat" pos="X">alcalinitat</wf>
         <wf lemma="de" pos="X">de</wf>
         <wf lemma="les" pos="X">les</wf>
         <wf lemma="aigües" pos="X">aigües</wf>
         <wf lemma="locals" pos="X">locals</wf>
         <wf lemma="." pos="X">.</wf>
      </sentence>
      <sentence id="d000.s035" source="wordnet-catalan">
         <wf lemma="té" pos="X">té</wf>
         <wf lemma="la" pos="X">la</wf>
         <instance id="d000.s035.t000" lemma="idea" pos="NOUN">idea</instance>
         <wf lemma="que" pos="X">que</wf>
         <wf lemma="l'" pos="X">l'</wf>
         <wf lemma="enganyem" pos="X">enganyem</wf>
         <wf lemma="." pos="X">.</wf>
      </sentence>
      <sentence id="d000.s036" source="wordnet-catalan">
         <wf lemma="no" pos="X">no</wf>
         <wf lemma="menjaven" pos="X">menjaven</wf>
         <wf lemma="bistec" pos="X">bistec</wf>
         <wf lemma="perquè" pos="X">perquè</wf>
         <wf lemma="havien" pos="X">havien</wf>
         <wf lemma="d'" pos="X">d'</wf>
         <wf lemma="anar" pos="X">anar</wf>
         <wf lemma="en" pos="X">en</wf>
         <wf lemma="compte" pos="X">compte</wf>
         <wf lemma="amb" pos="X">amb</wf>
         <wf lemma="l'" pos="X">l'</wf>
         <instance id="d000.s036.t000" lemma="economia" pos="NOUN">economia</instance>
         <wf lemma="." pos="X">.</wf>
      </sentence>
      <sentence id="d000.s037" source="wordnet-catalan">
         <wf lemma="una" pos="X">una</wf>
         <wf lemma="habitació" pos="X">habitació</wf>
         <instance id="d000.s037.t000" lemma="brillant" pos="ADJ">brillant</instance>
         <wf lemma="i" pos="X">i</wf>
         <wf lemma="assolellada" pos="X">assolellada</wf>
         <wf lemma="." pos="X">.</wf>
      </sentence>
      <sentence id="d000.s038" source="wordnet-catalan">
         <wf lemma="La" pos="X">La</wf>
         <instance id="d000.s038.t000" lemma="combinació" pos="NOUN">combinació</instance>
         <wf lemma="del" pos="X">del</wf>
         <wf lemma="blau" pos="X">blau</wf>
         <wf lemma="i" pos="X">i</wf>
         <wf lemma="del" pos="X">del</wf>
         <wf lemma="groc" pos="X">groc</wf>
         <wf lemma="és" pos="X">és</wf>
         <wf lemma="el" pos="X">el</wf>
         <wf lemma="verd" pos="X">verd</wf>
         <wf lemma="." pos="X">.</wf>
      </sentence>
      <sentence id="d000.s039" source="wordnet-catalan">
         <wf lemma="El" pos="X">El</wf>
         <wf lemma="perit" pos="X">perit</wf>
         <wf lemma="ens" pos="X">ens</wf>
         <wf lemma="farà" pos="X">farà</wf>
         <wf lemma="un" pos="X">un</wf>
         <instance id="d000.s039.t000" lemma="escandall" pos="NOUN">escandall</instance>
         <wf lemma="de" pos="X">de</wf>
         <wf lemma="la" pos="X">la</wf>
         <wf lemma="finca" pos="X">finca</wf>
         <wf lemma="." pos="X">.</wf>
      </sentence>
      <sentence id="d000.s040" source="wordnet-catalan">
         <wf lemma="un" pos="X">un</wf>
         <wf lemma="mètode" pos="X">mètode</wf>
         <wf lemma="analític" pos="X">analític</wf>
         <instance id="d000.s040.t000" lemma="validat" pos="ADJ">validat</instance>
         <wf lemma="." pos="X">.</wf>
      </sentence>
      <sentence id="d000.s041" source="wordnet-catalan">
         <wf lemma="Ell" pos="X">Ell</wf>
         <wf lemma="va" pos="X">va</wf>
         <instance id="d000.s041.t000" lemma="proferir" pos="VERB">proferir</instance>
         <wf lemma="una" pos="X">una</wf>
         <wf lemma="maledicció" pos="X">maledicció</wf>
         <wf lemma="." pos="X">.</wf>
      </sentence>
      <sentence id="d000.s042" source="wordnet-catalan">
         <wf lemma="transmissió" pos="X">transmissió</wf>
         <instance id="d000.s042.t000" lemma="automàtic" pos="ADJ">automàtica</instance>
         <wf lemma="." pos="X">.</wf>
      </sentence>
      <sentence id="d000.s043" source="wordnet-catalan">
         <wf lemma="el" pos="X">el</wf>
         <wf lemma="director" pos="X">director</wf>
         <wf lemma="va" pos="X">va</wf>
         <wf lemma="establir" pos="X">establir</wf>
         <wf lemma="el" pos="X">el</wf>
         <instance id="d000.s043.t000" lemma="compàs" pos="NOUN">compàs</instance>
         <wf lemma="." pos="X">.</wf>
      </sentence>
      <sentence id="d000.s044" source="wordnet-catalan">
         <wf lemma="servei" pos="X">servei</wf>
         <wf lemma="de" pos="X">de</wf>
         <instance id="d000.s044.t000" lemma="banda" pos="NOUN">banda</instance>
         <wf lemma="." pos="X">.</wf>
      </sentence>
      <sentence id="d000.s045" source="wordnet-catalan">
         <wf lemma="el" pos="X">el</wf>
         <instance id="d000.s045.t000" lemma="director" pos="NOUN">director</instance>
         <wf lemma="de" pos="X">de</wf>
         <wf lemma="l'" pos="X">l'</wf>
         <wf lemma="escola" pos="X">escola</wf>
         <wf lemma="va" pos="X">va</wf>
         <wf lemma="castigar" pos="X">castigar</wf>
         <wf lemma="a" pos="X">a</wf>
         <wf lemma="tota" pos="X">tota</wf>
         <wf lemma="la" pos="X">la</wf>
         <wf lemma="classe" pos="X">classe</wf>
         <wf lemma="." pos="X">.</wf>
      </sentence>
      <sentence id="d000.s046" source="wordnet-catalan">
         <wf lemma="aquesta" pos="X">aquesta</wf>
         <wf lemma="novel·la" pos="X">novel·la</wf>
         <instance id="d000.s046.t000" lemma="apuntar" pos="VERB">apunta</instance>
         <wf lemma="els" pos="X">els</wf>
         <wf lemma="problemes" pos="X">problemes</wf>
         <wf lemma="racials" pos="X">racials</wf>
         <wf lemma="a" pos="X">a</wf>
         <wf lemma="Anglaterra" pos="X">Anglaterra</wf>
         <wf lemma="." pos="X">.</wf>
      </sentence>
      <sentence id="d000.s047" source="wordnet-catalan">
         <wf lemma="es" pos="X">es</wf>
         <wf lemma="comporta" pos="X">comporta</wf>
         <wf lemma="com" pos="X">com</wf>
         <wf lemma="un" pos="X">un</wf>
         <instance id="d000.s047.t000" lemma="nen" pos="NOUN">nen</instance>
         <wf lemma="en" pos="X">en</wf>
         <wf lemma="tot" pos="X">tot</wf>
         <wf lemma="." pos="X">.</wf>
      </sentence>
      <sentence id="d000.s048" source="wordnet-catalan">
         <wf lemma="Ja" pos="X">Ja</wf>
         <wf lemma="podeu" pos="X">podeu</wf>
         <wf lemma="consultar" pos="X">consultar</wf>
         <wf lemma="l'" pos="X">l'</wf>
         <instance id="d000.s048.t000" lemma="acta" pos="NOUN">acta</instance>
         <wf lemma="de" pos="X">de</wf>
         <wf lemma="l'" pos="X">l'</wf>
         <wf lemma="últim" pos="X">últim</wf>
         <wf lemma="comitè" pos="X">comitè</wf>
         <wf lemma="." pos="X">.</wf>
      </sentence>
      <sentence id="d000.s049" source="wordnet-catalan">
         <wf lemma="el" pos="X">el</wf>
         <wf lemma="torneig" pos="X">torneig</wf>
         <wf lemma="es" pos="X">es</wf>
         <wf lemma="va" pos="X">va</wf>
         <wf lemma="fer" pos="X">fer</wf>
         <wf lemma="sota" pos="X">sota</wf>
         <wf lemma="els" pos="X">els</wf>
         <instance id="d000.s049.t000" lemma="auspici" pos="NOUN">auspicis</instance>
         <wf lemma="de" pos="X">de</wf>
         <wf lemma="l'" pos="X">l'</wf>
         <wf lemma="ajuntament" pos="X">ajuntament</wf>
         <wf lemma="." pos="X">.</wf>
      </sentence>
      <sentence id="d000.s050" source="wordnet-catalan">
         <wf lemma="quin" pos="X">quin</wf>
         <instance id="d000.s050.t000" lemma="parell" pos="NOUN">parell</instance>
         <wf lemma="!" pos="X">!</wf>
      </sentence>
      <sentence id="d000.s051" source="wordnet-catalan">
         <wf lemma="després" pos="X">després</wf>
         <wf lemma="de" pos="X">de</wf>
         <wf lemma="la" pos="X">la</wf>
         <wf lemma="Guerra" pos="X">Guerra</wf>
         <wf lemma="Civil" pos="X">Civil</wf>
         <wf lemma="va" pos="X">va</wf>
         <wf lemma="ser" pos="X">ser</wf>
         <wf lemma="un" pos="X">un</wf>
         <wf lemma="home" pos="X">home</wf>
         <instance id="d000.s051.t000" lemma="lliure" pos="ADJ">lliure</instance>
         <wf lemma="." pos="X">.</wf>
      </sentence>
      <sentence id="d000.s052" source="wordnet-catalan">
         <wf lemma="em" pos="X">em</wf>
         <wf lemma="vaig" pos="X">vaig</wf>
         <wf lemma="casar" pos="X">casar</wf>
         <wf lemma="l'" pos="X">l'</wf>
         <instance id="d000.s052.t000" lemma="any" pos="NOUN">any</instance>
         <wf lemma="2002" pos="X">2002</wf>
         <wf lemma="." pos="X">.</wf>
      </sentence>
      <sentence id="d000.s053" source="wordnet-catalan">
         <wf lemma="té" pos="X">té</wf>
         <wf lemma="un" pos="X">un</wf>
         <instance id="d000.s053.t000" lemma="físic" pos="NOUN">físic</instance>
         <wf lemma="molt" pos="X">molt</wf>
         <wf lemma="fort" pos="X">fort</wf>
         <wf lemma="." pos="X">.</wf>
      </sentence>
      <sentence id="d000.s054" source="wordnet-catalan">
         <instance id="d000.s054.t000" lemma="dimecres" pos="NOUN">dimecres</instance>
         <wf lemma="va" pos="X">va</wf>
         <wf lemma="ploure" pos="X">ploure</wf>
         <wf lemma="molt" pos="X">molt</wf>
         <wf lemma="." pos="X">.</wf>
      </sentence>
      <sentence id="d000.s055" source="wordnet-catalan">
         <wf lemma="Està" pos="X">Està</wf>
         <wf lemma="el" pos="X">el</wf>
         <wf lemma="teu" pos="X">teu</wf>
         <wf lemma="marit" pos="X">marit</wf>
         <instance id="d000.s055.t000" lemma="treballar" pos="VERB">treballant</instance>
         <wf lemma="un" pos="X">un</wf>
         <wf lemma="altre" pos="X">altre</wf>
         <wf lemma="cop" pos="X">cop</wf>
         <wf lemma="?" pos="X">?</wf>
      </sentence>
      <sentence id="d000.s056" source="wordnet-catalan">
         <wf lemma="tens" pos="X">tens</wf>
         <wf lemma="via" pos="X">via</wf>
         <instance id="d000.s056.t000" lemma="lliure" pos="ADJ">lliure</instance>
         <wf lemma="." pos="X">.</wf>
      </sentence>
      <sentence id="d000.s057" source="wordnet-catalan">
         <wf lemma="Sóc" pos="X">Sóc</wf>
         <wf lemma="l'" pos="X">l'</wf>
         <wf lemma="unic" pos="X">unic</wf>
         <instance id="d000.s057.t000" lemma="hereu" pos="NOUN">hereu</instance>
         <wf lemma="dels" pos="X">dels</wf>
         <wf lemma="avis" pos="X">avis</wf>
         <wf lemma="." pos="X">.</wf>
      </sentence>
      <sentence id="d000.s058" source="wordnet-catalan">
         <wf lemma="va" pos="X">va</wf>
         <wf lemma="a" pos="X">a</wf>
         <wf lemma="França" pos="X">França</wf>
         <wf lemma="perquè" pos="X">perquè</wf>
         <wf lemma="necessita" pos="X">necessita</wf>
         <wf lemma="un" pos="X">un</wf>
         <instance id="d000.s058.t000" lemma="canvi" pos="NOUN">canvi</instance>
         <wf lemma="." pos="X">.</wf>
      </sentence>
      <sentence id="d000.s059" source="wordnet-catalan">
         <wf lemma="La" pos="X">La</wf>
         <wf lemma="medicina" pos="X">medicina</wf>
         <instance id="d000.s059.t000" lemma="preventiu" pos="ADJ">preventiva</instance>
         <wf lemma="." pos="X">.</wf>
      </sentence>
      <sentence id="d000.s060" source="wordnet-catalan">
         <wf lemma="el" pos="X">el</wf>
         <instance id="d000.s060.t000" lemma="torneig" pos="NOUN">torneig</instance>
         <wf lemma="entre" pos="X">entre</wf>
         <wf lemma="cavallers" pos="X">cavallers</wf>
         <wf lemma="era" pos="X">era</wf>
         <wf lemma="una" pos="X">una</wf>
         <wf lemma="pràctica" pos="X">pràctica</wf>
         <wf lemma="molt" pos="X">molt</wf>
         <wf lemma="estesa" pos="X">estesa</wf>
         <wf lemma="durant" pos="X">durant</wf>
         <wf lemma="l'" pos="X">l'</wf>
         <wf lemma="Edat" pos="X">Edat</wf>
         <wf lemma="Mitjana" pos="X">Mitjana</wf>
         <wf lemma="." pos="X">.</wf>
      </sentence>
      <sentence id="d000.s061" source="wordnet-catalan">
         <instance id="d000.s061.t000" lemma="vida" pos="NOUN">vida</instance>
         <wf lemma="extraterrestre" pos="X">extraterrestre</wf>
         <wf lemma="." pos="X">.</wf>
      </sentence>
      <sentence id="d000.s062" source="wordnet-catalan">
         <wf lemma="La" pos="X">La</wf>
         <wf lemma="policia" pos="X">policia</wf>
         <wf lemma="va" pos="X">va</wf>
         <wf lemma="detenir" pos="X">detenir</wf>
         <wf lemma="l'" pos="X">l'</wf>
         <instance id="d000.s062.t000" lemma="homicida" pos="NOUN">homicida</instance>
         <wf lemma="." pos="X">.</wf>
      </sentence>
      <sentence id="d000.s063" source="wordnet-catalan">
         <wf lemma="en" pos="X">en</wf>
         <wf lemma="el" pos="X">el</wf>
         <instance id="d000.s063.t000" lemma="segon" pos="ADJ">segon</instance>
         <wf lemma="cas" pos="X">cas</wf>
         <wf lemma="." pos="X">.</wf>
      </sentence>
      <sentence id="d000.s064" source="wordnet-catalan">
         <wf lemma="El" pos="X">El</wf>
         <wf lemma="tribunal" pos="X">tribunal</wf>
         <wf lemma="ha" pos="X">ha</wf>
         <wf lemma="ordenat" pos="X">ordenat</wf>
         <wf lemma="el" pos="X">el</wf>
         <instance id="d000.s064.t000" lemma="desnonament" pos="NOUN">desnonament</instance>
         <wf lemma="del" pos="X">del</wf>
         <wf lemma="pis" pos="X">pis</wf>
         <wf lemma="." pos="X">.</wf>
      </sentence>
      <sentence id="d000.s065" source="wordnet-catalan">
         <wf lemma="la" pos="X">la</wf>
         <instance id="d000.s065.t000" lemma="caixa" pos="NOUN">caixa</instance>
         <wf lemma="del" pos="X">del</wf>
         <wf lemma="rellotge" pos="X">rellotge</wf>
         <wf lemma="era" pos="X">era</wf>
         <wf lemma="de" pos="X">de</wf>
         <wf lemma="noguera" pos="X">noguera</wf>
         <wf lemma="." pos="X">.</wf>
      </sentence>
      <sentence id="d000.s066" source="wordnet-catalan">
         <wf lemma="Necessitem" pos="X">Necessitem</wf>
         <wf lemma="una" pos="X">una</wf>
         <wf lemma="intervenció" pos="X">intervenció</wf>
         <instance id="d000.s066.t000" lemma="urgent" pos="ADJ">urgent</instance>
         <wf lemma="." pos="X">.</wf>
      </sentence>
      <sentence id="d000.s067" source="wordnet-catalan">
         <wf lemma="per" pos="X">per</wf>
         <wf lemma="una" pos="X">una</wf>
         <instance id="d000.s067.t000" lemma="part" pos="NOUN">part</instance>
         <wf lemma="volia" pos="X">volia</wf>
         <wf lemma="anar" pos="X">anar</wf>
         <wf lemma="al" pos="X">al</wf>
         <wf lemma="cinema" pos="X">cinema</wf>
         <wf lemma="," pos="X">,</wf>
         <wf lemma="i" pos="X">i</wf>
         <wf lemma="per" pos="X">per</wf>
         <wf lemma="l'" pos="X">l'</wf>
         <wf lemma="altra" pos="X">altra</wf>
         <wf lemma="preferia" pos="X">preferia</wf>
         <wf lemma="quedar-se" pos="X">quedar-se</wf>
         <wf lemma="a" pos="X">a</wf>
         <wf lemma="casa" pos="X">casa</wf>
         <wf lemma="." pos="X">.</wf>
      </sentence>
      <sentence id="d000.s068" source="wordnet-catalan">
         <wf lemma="L'" pos="X">L'</wf>
         <wf lemma="impost" pos="X">impost</wf>
         <instance id="d000.s068.t000" lemma="local" pos="ADJ">local</instance>
         <wf lemma="." pos="X">.</wf>
      </sentence>
      <sentence id="d000.s069" source="wordnet-catalan">
         <wf lemma="Va" pos="X">Va</wf>
         <instance id="d000.s069.t000" lemma="recolzar" pos="VERB">recolzar</instance>
         <wf lemma="el" pos="X">el</wf>
         <wf lemma="rifle" pos="X">rifle</wf>
         <wf lemma="a" pos="X">a</wf>
         <wf lemma="la" pos="X">la</wf>
         <wf lemma="paret" pos="X">paret</wf>
         <wf lemma="." pos="X">.</wf>
      </sentence>
      <sentence id="d000.s070" source="wordnet-catalan">
         <wf lemma="l'" pos="X">l'</wf>
         <wf lemma="esculptura" pos="X">esculptura</wf>
         <wf lemma="en" pos="X">en</wf>
         <instance id="d000.s070.t000" lemma="contraposició" pos="NOUN">contraposició</instance>
         <wf lemma="a" pos="X">a</wf>
         <wf lemma="la" pos="X">la</wf>
         <wf lemma="pintura" pos="X">pintura</wf>
         <wf lemma="." pos="X">.</wf>
      </sentence>
      <sentence id="d000.s071" source="wordnet-catalan">
         <wf lemma="va" pos="X">va</wf>
         <wf lemma="trucar" pos="X">trucar</wf>
         <wf lemma="a" pos="X">a</wf>
         <wf lemma="la" pos="X">la</wf>
         <instance id="d000.s071.t000" lemma="porta" pos="NOUN">porta</instance>
         <wf lemma="." pos="X">.</wf>
      </sentence>
      <sentence id="d000.s072" source="wordnet-catalan">
         <wf lemma="aprovar" pos="X">aprovar</wf>
         <wf lemma="és" pos="X">és</wf>
         <wf lemma="una" pos="X">una</wf>
         <wf lemma="de" pos="X">de</wf>
         <wf lemma="les" pos="X">les</wf>
         <wf lemma="seves" pos="X">seves</wf>
         <instance id="d000.s072.t000" lemma="preocupació" pos="NOUN">preocupacions</instance>
         <wf lemma="més" pos="X">més</wf>
         <wf lemma="importants" pos="X">importants</wf>
         <wf lemma="." pos="X">.</wf>
      </sentence>
      <sentence id="d000.s073" source="wordnet-catalan">
         <wf lemma="La" pos="X">La</wf>
         <instance id="d000.s073.t000" lemma="comunicació" pos="NOUN">comunicació</instance>
         <wf lemma="animal" pos="X">animal</wf>
         <wf lemma="es" pos="X">es</wf>
         <wf lemma="basa" pos="X">basa</wf>
         <wf lemma="en" pos="X">en</wf>
         <wf lemma="codis" pos="X">codis</wf>
         <wf lemma="i" pos="X">i</wf>
         <wf lemma="en" pos="X">en</wf>
         <wf lemma="el" pos="X">el</wf>
         <wf lemma="llenguatge" pos="X">llenguatge</wf>
         <wf lemma="no" pos="X">no</wf>
         <wf lemma="verbal" pos="X">verbal</wf>
         <wf lemma="." pos="X">.</wf>
      </sentence>
      <sentence id="d000.s074" source="wordnet-catalan">
         <wf lemma="són" pos="X">són</wf>
         <wf lemma="les" pos="X">les</wf>
         <wf lemma="quatre,una" pos="X">quatre,una</wf>
         <instance id="d000.s074.t000" lemma="hora" pos="NOUN">hora</instance>
         <wf lemma="menys" pos="X">menys</wf>
         <wf lemma="a" pos="X">a</wf>
         <wf lemma="Canàries" pos="X">Canàries</wf>
         <wf lemma="." pos="X">.</wf>
      </sentence>
      <sentence id="d000.s075" source="wordnet-catalan">
         <wf lemma="Un" pos="X">Un</wf>
         <wf lemma="acord" pos="X">acord</wf>
         <instance id="d000.s075.t000" lemma="prematrimonial" pos="ADJ">prematrimonial</instance>
         <wf lemma="." pos="X">.</wf>
      </sentence>
      <sentence id="d000.s076" source="wordnet-catalan">
         <wf lemma="Aquest" pos="X">Aquest</wf>
         <wf lemma="programa" pos="X">programa</wf>
         <wf lemma="rep" pos="X">rep</wf>
         <wf lemma="una" pos="X">una</wf>
         <instance id="d000.s076.t000" lemma="classificació" pos="NOUN">classificació</instance>
         <wf lemma="molt" pos="X">molt</wf>
         <wf lemma="baixa" pos="X">baixa</wf>
         <wf lemma="en" pos="X">en</wf>
         <wf lemma="l" pos="X">l</wf>
         <wf lemma="escala" pos="X">escala</wf>
         <wf lemma="de" pos="X">de</wf>
         <wf lemma="valors" pos="X">valors</wf>
         <wf lemma="de" pos="X">de</wf>
         <wf lemma="l" pos="X">l</wf>
         <wf lemma="empresa" pos="X">empresa</wf>
         <wf lemma="." pos="X">.</wf>
      </sentence>
      <sentence id="d000.s077" source="wordnet-catalan">
         <wf lemma="béns" pos="X">béns</wf>
         <instance id="d000.s077.t000" lemma="públic" pos="ADJ">públics</instance>
         <wf lemma="." pos="X">.</wf>
      </sentence>
      <sentence id="d000.s078" source="wordnet-catalan">
         <instance id="d000.s078.t000" lemma="poder" pos="NOUN">poder</instance>
         <wf lemma="legislatiu" pos="X">legislatiu</wf>
         <wf lemma="." pos="X">.</wf>
      </sentence>
      <sentence id="d000.s079" source="wordnet-catalan">
         <wf lemma="Un" pos="X">Un</wf>
         <wf lemma="fet" pos="X">fet</wf>
         <instance id="d000.s079.t000" lemma="comprovable" pos="ADJ">comprovable</instance>
         <wf lemma="." pos="X">.</wf>
      </sentence>
      <sentence id="d000.s080" source="wordnet-catalan">
         <wf lemma="no" pos="X">no</wf>
         <wf lemma="sabem" pos="X">sabem</wf>
         <wf lemma="com" pos="X">com</wf>
         <wf lemma="funciona" pos="X">funciona</wf>
         <wf lemma="aquesta" pos="X">aquesta</wf>
         <instance id="d000.s080.t000" lemma="cosa" pos="NOUN">cosa</instance>
         <wf lemma="." pos="X">.</wf>
      </sentence>
      <sentence id="d000.s081" source="wordnet-catalan">
         <wf lemma="una" pos="X">una</wf>
         <instance id="d000.s081.t000" lemma="pila" pos="NOUN">pila</instance>
         <wf lemma="de" pos="X">de</wf>
         <wf lemma="problemes" pos="X">problemes</wf>
         <wf lemma="." pos="X">.</wf>
      </sentence>
      <sentence id="d000.s082" source="wordnet-catalan">
         <wf lemma="fora" pos="X">fora</wf>
         <wf lemma="de" pos="X">de</wf>
         <wf lemma="l'" pos="X">l'</wf>
         <instance id="d000.s082.t000" lemma="abast" pos="NOUN">abast</instance>
         <wf lemma="de" pos="X">de</wf>
         <wf lemma="la" pos="X">la</wf>
         <wf lemma="llei" pos="X">llei</wf>
         <wf lemma="." pos="X">.</wf>
      </sentence>
      <sentence id="d000.s083" source="wordnet-catalan">
         <wf lemma="la" pos="X">la</wf>
         <instance id="d000.s083.t000" lemma="inapel·labilitat" pos="NOUN">inapel·labilitat</instance>
         <wf lemma="de" pos="X">de</wf>
         <wf lemma="la" pos="X">la</wf>
         <wf lemma="mort" pos="X">mort</wf>
         <wf lemma="." pos="X">.</wf>
      </sentence>
      <sentence id="d000.s084" source="wordnet-catalan">
         <wf lemma="Miguel" pos="X">Miguel</wf>
         <wf lemma="de" pos="X">de</wf>
         <wf lemma="Cervantes" pos="X">Cervantes</wf>
         <wf lemma="és" pos="X">és</wf>
         <wf lemma="l'" pos="X">l'</wf>
         <instance id="d000.s084.t000" lemma="autor" pos="NOUN">autor</instance>
         <wf lemma="del" pos="X">del</wf>
         <wf lemma="&quot;" pos="X">&quot;</wf>
         <wf lemma="Quixot" pos="X">Quixot</wf>
         <wf lemma="&quot;" pos="X">&quot;</wf>
         <wf lemma="." pos="X">.</wf>
      </sentence>
      <sentence id="d000.s085" source="wordnet-catalan">
         <wf lemma="Un" pos="X">Un</wf>
         <wf lemma="comunicat" pos="X">comunicat</wf>
         <instance id="d000.s085.t000" lemma="autoritzat" pos="ADJ">autoritzat</instance>
         <wf lemma="." pos="X">.</wf>
      </sentence>
      <sentence id="d000.s086" source="wordnet-catalan">
         <wf lemma="els" pos="X">els</wf>
         <wf lemma="arbres" pos="X">arbres</wf>
         <wf lemma="estaven" pos="X">estaven</wf>
         <instance id="d000.s086.t000" lemma="dispers" pos="ADJ">dispersos</instance>
         <wf lemma="." pos="X">.</wf>
      </sentence>
      <sentence id="d000.s087" source="wordnet-catalan">
         <wf lemma="les" pos="X">les</wf>
         <wf lemma="oficines" pos="X">oficines</wf>
         <wf lemma="es" pos="X">es</wf>
         <wf lemma="troben" pos="X">troben</wf>
         <wf lemma="al" pos="X">al</wf>
         <wf lemma="quart" pos="X">quart</wf>
         <instance id="d000.s087.t000" lemma="nivell" pos="NOUN">nivell</instance>
         <wf lemma="." pos="X">.</wf>
      </sentence>
      <sentence id="d000.s088" source="wordnet-catalan">
         <wf lemma="la" pos="X">la</wf>
         <instance id="d000.s088.t000" lemma="construcció" pos="NOUN">construcció</instance>
         <wf lemma="que" pos="X">que</wf>
         <wf lemma="va" pos="X">va</wf>
         <wf lemma="escriure" pos="X">escriure</wf>
         <wf lemma="era" pos="X">era</wf>
         <wf lemma="agramatical" pos="X">agramatical</wf>
         <wf lemma="." pos="X">.</wf>
      </sentence>
      <sentence id="d000.s089" source="wordnet-catalan">
         <wf lemma="El" pos="X">El</wf>
         <wf lemma="sistema" pos="X">sistema</wf>
         <instance id="d000.s089.t000" lemma="judicial" pos="ADJ">judicial</instance>
         <wf lemma="." pos="X">.</wf>
      </sentence>
      <sentence id="d000.s090" source="wordnet-catalan">
         <wf lemma="va" pos="X">va</wf>
         <wf lemma="arribar" pos="X">arribar</wf>
         <wf lemma="a" pos="X">a</wf>
         <wf lemma="dalt" pos="X">dalt</wf>
         <wf lemma="de" pos="X">de</wf>
         <wf lemma="tot" pos="X">tot</wf>
         <wf lemma="de" pos="X">de</wf>
         <wf lemma="l'" pos="X">l'</wf>
         <wf lemma="empresa" pos="X">empresa</wf>
         <wf lemma="per" pos="X">per</wf>
         <wf lemma="una" pos="X">una</wf>
         <wf lemma="sèrie" pos="X">sèrie</wf>
         <wf lemma="de" pos="X">de</wf>
         <instance id="d000.s090.t000" lemma="tracte" pos="NOUN">tractes</instance>
         <wf lemma="obscurs" pos="X">obscurs</wf>
         <wf lemma="." pos="X">.</wf>
      </sentence>
      <sentence id="d000.s091" source="wordnet-catalan">
         <wf lemma="L'" pos="X">L'</wf>
         <wf lemma="ADN" pos="X">ADN</wf>
         <wf lemma="és" pos="X">és</wf>
         <wf lemma="la" pos="X">la</wf>
         <instance id="d000.s091.t000" lemma="substància" pos="NOUN">substància</instance>
         <wf lemma="dels" pos="X">dels</wf>
         <wf lemma="nostres" pos="X">nostres</wf>
         <wf lemma="gens" pos="X">gens</wf>
         <wf lemma="." pos="X">.</wf>
      </sentence>
      <sentence id="d000.s092" source="wordnet-catalan">
         <wf lemma="ho" pos="X">ho</wf>
         <wf lemma="vaig" pos="X">vaig</wf>
         <wf lemma="descobrir" pos="X">descobrir</wf>
         <wf lemma="en" pos="X">en</wf>
         <wf lemma="un" pos="X">un</wf>
         <instance id="d000.s092.t000" lemma="moment" pos="NOUN">moment</instance>
         <wf lemma="." pos="X">.</wf>
      </sentence>
      <sentence id="d000.s093" source="wordnet-catalan">
         <wf lemma="hi" pos="X">hi</wf>
         <wf lemma="havien" pos="X">havien</wf>
         <wf lemma="dos" pos="X">dos</wf>
         <wf lemma="dones" pos="X">dones</wf>
         <wf lemma="i" pos="X">i</wf>
         <wf lemma="sis" pos="X">sis</wf>
         <instance id="d000.s093.t000" lemma="home" pos="NOUN">homes</instance>
         <wf lemma="a" pos="X">a</wf>
         <wf lemma="l'" pos="X">l'</wf>
         <wf lemma="autobús" pos="X">autobús</wf>
         <wf lemma="." pos="X">.</wf>
      </sentence>
      <sentence id="d000.s094" source="wordnet-catalan">
         <wf lemma="La" pos="X">La</wf>
         <wf lemma="meva" pos="X">meva</wf>
         <wf lemma="empresa" pos="X">empresa</wf>
         <wf lemma="té" pos="X">té</wf>
         <wf lemma="molts" pos="X">molts</wf>
         <wf lemma="de" pos="X">de</wf>
         <instance id="d000.s094.t000" lemma="fon" pos="NOUN">fons</instance>
         <wf lemma="." pos="X">.</wf>
      </sentence>
      <sentence id="d000.s095" source="wordnet-catalan">
         <wf lemma="veiem" pos="X">veiem</wf>
         <wf lemma="les" pos="X">les</wf>
         <instance id="d000.s095.t000" lemma="notícia" pos="NOUN">notícies</instance>
         <wf lemma="de" pos="X">de</wf>
         <wf lemma="les" pos="X">les</wf>
         <wf lemma="7" pos="X">7</wf>
         <wf lemma="cada" pos="X">cada</wf>
         <wf lemma="dia" pos="X">dia</wf>
         <wf lemma="." pos="X">.</wf>
      </sentence>
      <sentence id="d000.s096" source="wordnet-catalan">
         <wf lemma="la" pos="X">la</wf>
         <wf lemma="virtut" pos="X">virtut</wf>
         <wf lemma="té" pos="X">té</wf>
         <wf lemma="més" pos="X">més</wf>
         <instance id="d000.s096.t000" lemma="importància" pos="NOUN">importància</instance>
         <wf lemma="que" pos="X">que</wf>
         <wf lemma="la" pos="X">la</wf>
         <wf lemma="seguretat" pos="X">seguretat</wf>
         <wf lemma="." pos="X">.</wf>
      </sentence>
      <sentence id="d000.s097" source="wordnet-catalan">
         <wf lemma="em" pos="X">em</wf>
         <wf lemma="va" pos="X">va</wf>
         <wf lemma="agafar" pos="X">agafar</wf>
         <instance id="d000.s097.t000" lemma="confiança" pos="NOUN">confiança</instance>
         <wf lemma="." pos="X">.</wf>
      </sentence>
      <sentence id="d000.s098" source="wordnet-catalan">
         <wf lemma="volien" pos="X">volien</wf>
         <wf lemma="anar" pos="X">anar</wf>
         <wf lemma="al" pos="X">al</wf>
         <instance id="d000.s098.t000" lemma="concert" pos="NOUN">concert</instance>
         <wf lemma="però" pos="X">però</wf>
         <wf lemma="no" pos="X">no</wf>
         <wf lemma="hi" pos="X">hi</wf>
         <wf lemma="havia" pos="X">havia</wf>
         <wf lemma="entrades" pos="X">entrades</wf>
         <wf lemma="." pos="X">.</wf>
      </sentence>
      <sentence id="d000.s099" source="wordnet-catalan">
         <wf lemma="a" pos="X">a</wf>
         <wf lemma="la" pos="X">la</wf>
         <instance id="d000.s099.t000" lemma="part" pos="NOUN">part</instance>
         <wf lemma="nord" pos="X">nord</wf>
         <wf lemma="hi" pos="X">hi</wf>
         <wf lemma="feia" pos="X">feia</wf>
         <wf lemma="més" pos="X">més</wf>
         <wf lemma="fred" pos="X">fred</wf>
         <wf lemma="." pos="X">.</wf>
      </sentence>
      <sentence id="d000.s100" source="wordnet-catalan">
         <wf lemma="El" pos="X">El</wf>
         <wf lemma="comercial" pos="X">comercial</wf>
         <wf lemma="ha" pos="X">ha</wf>
         <wf lemma="efectuat" pos="X">efectuat</wf>
         <wf lemma="una" pos="X">una</wf>
         <wf lemma="bona" pos="X">bona</wf>
         <instance id="d000.s100.t000" lemma="venda" pos="NOUN">venda</instance>
         <wf lemma="per" pos="X">per</wf>
         <wf lemma="a" pos="X">a</wf>
         <wf lemma="la" pos="X">la</wf>
         <wf lemma="qual" pos="X">qual</wf>
         <wf lemma="rebrà" pos="X">rebrà</wf>
         <wf lemma="una" pos="X">una</wf>
         <wf lemma="prima" pos="X">prima</wf>
         <wf lemma="." pos="X">.</wf>
      </sentence>
      <sentence id="d000.s101" source="wordnet-catalan">
         <wf lemma="la" pos="X">la</wf>
         <wf lemma="profesora" pos="X">profesora</wf>
         <wf lemma="d'" pos="X">d'</wf>
         <wf lemma="italià" pos="X">italià</wf>
         <wf lemma="ens" pos="X">ens</wf>
         <wf lemma="va" pos="X">va</wf>
         <wf lemma="ensenyar" pos="X">ensenyar</wf>
         <wf lemma="la" pos="X">la</wf>
         <wf lemma="formació" pos="X">formació</wf>
         <wf lemma="de" pos="X">de</wf>
         <instance id="d000.s101.t000" lemma="futur" pos="NOUN">futur</instance>
         <wf lemma="." pos="X">.</wf>
      </sentence>
      <sentence id="d000.s102" source="wordnet-catalan">
         <wf lemma="estava" pos="X">estava</wf>
         <wf lemma="horroritzat" pos="X">horroritzat</wf>
         <wf lemma="per" pos="X">per</wf>
         <wf lemma="la" pos="X">la</wf>
         <instance id="d000.s102.t000" lemma="totalitat" pos="NOUN">totalitat</instance>
         <wf lemma="de" pos="X">de</wf>
         <wf lemma="la" pos="X">la</wf>
         <wf lemma="destrucció" pos="X">destrucció</wf>
         <wf lemma="." pos="X">.</wf>
      </sentence>
      <sentence id="d000.s103" source="wordnet-catalan">
         <wf lemma="el" pos="X">el</wf>
         <instance id="d000.s103.t000" lemma="mal" pos="NOUN">mal</instance>
         <wf lemma="dels" pos="X">dels</wf>
         <wf lemma="homes" pos="X">homes</wf>
         <wf lemma="viu" pos="X">viu</wf>
         <wf lemma="després" pos="X">després</wf>
         <wf lemma="d'" pos="X">d'</wf>
         <wf lemma="ells" pos="X">ells</wf>
         <wf lemma="," pos="X">,</wf>
         <wf lemma="el" pos="X">el</wf>
         <wf lemma="bé" pos="X">bé</wf>
         <wf lemma="s'" pos="X">s'</wf>
         <wf lemma="enterra" pos="X">enterra</wf>
         <wf lemma="amb" pos="X">amb</wf>
         <wf lemma="els" pos="X">els</wf>
         <wf lemma="seus" pos="X">seus</wf>
         <wf lemma="ossos" pos="X">ossos</wf>
         <wf lemma="&quot;" pos="X">&quot;</wf>
         <wf lemma="-" pos="X">-</wf>
         <wf lemma="Shakespeare" pos="X">Shakespeare</wf>
         <wf lemma="." pos="X">.</wf>
      </sentence>
      <sentence id="d000.s104" source="wordnet-catalan">
         <wf lemma="És" pos="X">És</wf>
         <wf lemma="il·legal" pos="X">il·legal</wf>
         <wf lemma="que" pos="X">que</wf>
         <wf lemma="un" pos="X">un</wf>
         <instance id="d000.s104.t000" lemma="fiduciari" pos="NOUN">fiduciari</instance>
         <wf lemma="desfalqui" pos="X">desfalqui</wf>
         <wf lemma="els" pos="X">els</wf>
         <wf lemma="diners" pos="X">diners</wf>
         <wf lemma="per" pos="X">per</wf>
         <wf lemma="a" pos="X">a</wf>
         <wf lemma="benefici" pos="X">benefici</wf>
         <wf lemma="personal" pos="X">personal</wf>
         <wf lemma="." pos="X">.</wf>
      </sentence>
      <sentence id="d000.s105" source="wordnet-catalan">
         <wf lemma="La" pos="X">La</wf>
         <wf lemma="seva" pos="X">seva</wf>
         <instance id="d000.s105.t000" lemma="apel·lació" pos="NOUN">apel·lació</instance>
         <wf lemma="va" pos="X">va</wf>
         <wf lemma="ser" pos="X">ser</wf>
         <wf lemma="rebutjada" pos="X">rebutjada</wf>
         <wf lemma="pel" pos="X">pel</wf>
         <wf lemma="tribunal" pos="X">tribunal</wf>
         <wf lemma="superior" pos="X">superior</wf>
         <wf lemma="." pos="X">.</wf>
      </sentence>
      <sentence id="d000.s106" source="wordnet-catalan">
         <wf lemma="primer" pos="X">primer</wf>
         <instance id="d000.s106.t000" lemma="ministre" pos="NOUN">ministre</instance>
         <wf lemma="." pos="X">.</wf>
      </sentence>
      <sentence id="d000.s107" source="wordnet-catalan">
         <wf lemma="la" pos="X">la</wf>
         <wf lemma="investigació" pos="X">investigació</wf>
         <wf lemma="va" pos="X">va</wf>
         <wf lemma="descubrir" pos="X">descubrir</wf>
         <wf lemma="nous" pos="X">nous</wf>
         <instance id="d000.s107.t000" lemma="agent" pos="NOUN">agents</instance>
         <wf lemma="de" pos="X">de</wf>
         <wf lemma="la" pos="X">la</wf>
         <wf lemma="malaltia" pos="X">malaltia</wf>
         <wf lemma="." pos="X">.</wf>
      </sentence>
      <sentence id="d000.s108" source="wordnet-catalan">
         <wf lemma="l'" pos="X">l'</wf>
         <instance id="d000.s108.t000" lemma="acceptació" pos="NOUN">acceptació</instance>
         <wf lemma="de" pos="X">de</wf>
         <wf lemma="la" pos="X">la</wf>
         <wf lemma="mecànica" pos="X">mecànica</wf>
         <wf lemma="de" pos="X">de</wf>
         <wf lemma="Newton" pos="X">Newton</wf>
         <wf lemma="no" pos="X">no</wf>
         <wf lemma="es" pos="X">es</wf>
         <wf lemma="va" pos="X">va</wf>
         <wf lemma="qüestionar" pos="X">qüestionar</wf>
         <wf lemma="durant" pos="X">durant</wf>
         <wf lemma="200" pos="X">200</wf>
         <wf lemma="anys" pos="X">anys</wf>
         <wf lemma="." pos="X">.</wf>
      </sentence>
      <sentence id="d000.s109" source="wordnet-catalan">
         <wf lemma="És" pos="X">És</wf>
         <wf lemma="un" pos="X">un</wf>
         <wf lemma="bé" pos="X">bé</wf>
         <instance id="d000.s109.t000" lemma="taxable" pos="ADJ">taxable</instance>
         <wf lemma="." pos="X">.</wf>
      </sentence>
      <sentence id="d000.s110" source="wordnet-catalan">
         <wf lemma="vaig" pos="X">vaig</wf>
         <wf lemma="anar" pos="X">anar</wf>
         <wf lemma="a" pos="X">a</wf>
         <wf lemma="la" pos="X">la</wf>
         <wf lemma="biblioteca" pos="X">biblioteca</wf>
         <wf lemma="a" pos="X">a</wf>
         <wf lemma="buscar" pos="X">buscar</wf>
         <instance id="d000.s110.t000" lemma="informació" pos="NOUN">informació</instance>
         <wf lemma="sobre" pos="X">sobre</wf>
         <wf lemma="l'" pos="X">l'</wf>
         <wf lemma="autisme" pos="X">autisme</wf>
         <wf lemma="." pos="X">.</wf>
      </sentence>
      <sentence id="d000.s111" source="wordnet-catalan">
         <wf lemma="li" pos="X">li</wf>
         <wf lemma="agrada" pos="X">agrada</wf>
         <wf lemma="la" pos="X">la</wf>
         <wf lemma="bona" pos="X">bona</wf>
         <instance id="d000.s111.t000" lemma="cuina" pos="NOUN">cuina</instance>
         <wf lemma="." pos="X">.</wf>
      </sentence>
      <sentence id="d000.s112" source="wordnet-catalan">
         <wf lemma="aquest" pos="X">aquest</wf>
         <wf lemma="és" pos="X">és</wf>
         <wf lemma="el" pos="X">el</wf>
         <wf lemma="seu" pos="X">seu</wf>
         <instance id="d000.s112.t000" lemma="camp" pos="NOUN">camp</instance>
         <wf lemma="d'" pos="X">d'</wf>
         <wf lemma="especialitat" pos="X">especialitat</wf>
         <wf lemma="." pos="X">.</wf>
      </sentence>
      <sentence id="d000.s113" source="wordnet-catalan">
         <wf lemma="El" pos="X">El</wf>
         <instance id="d000.s113.t000" lemma="missatge" pos="NOUN">missatge</instance>
         <wf lemma="del" pos="X">del</wf>
         <wf lemma="seu" pos="X">seu</wf>
         <wf lemma="discurs" pos="X">discurs</wf>
         <wf lemma="era" pos="X">era</wf>
         <wf lemma="molt" pos="X">molt</wf>
         <wf lemma="esperançador" pos="X">esperançador</wf>
         <wf lemma="." pos="X">.</wf>
      </sentence>
      <sentence id="d000.s114" source="wordnet-catalan">
         <wf lemma="tenim" pos="X">tenim</wf>
         <instance id="d000.s114.t000" lemma="raó" pos="NOUN">raons</instance>
         <wf lemma="per" pos="X">per</wf>
         <wf lemma="creure" pos="X">creure</wf>
         <wf lemma="que" pos="X">que</wf>
         <wf lemma="està" pos="X">està</wf>
         <wf lemma="volant" pos="X">volant</wf>
         <wf lemma="." pos="X">.</wf>
      </sentence>
      <sentence id="d000.s115" source="wordnet-catalan">
         <wf lemma="el" pos="X">el</wf>
         <wf lemma="busseig" pos="X">busseig</wf>
         <wf lemma="s'" pos="X">s'</wf>
         <wf lemma="ofereix" pos="X">ofereix</wf>
         <wf lemma="com" pos="X">com</wf>
         <wf lemma="una" pos="X">una</wf>
         <instance id="d000.s115.t000" lemma="diversió" pos="NOUN">diversió</instance>
         <wf lemma="per" pos="X">per</wf>
         <wf lemma="als" pos="X">als</wf>
         <wf lemma="turistes" pos="X">turistes</wf>
         <wf lemma="." pos="X">.</wf>
      </sentence>
      <sentence id="d000.s116" source="wordnet-catalan">
         <wf lemma="ja" pos="X">ja</wf>
         <wf lemma="sé" pos="X">sé</wf>
         <wf lemma="a" pos="X">a</wf>
         <wf lemma="quin" pos="X">quin</wf>
         <instance id="d000.s116.t000" lemma="candidat" pos="NOUN">candidat</instance>
         <wf lemma="votaré" pos="X">votaré</wf>
         <wf lemma="." pos="X">.</wf>
      </sentence>
      <sentence id="d000.s117" source="wordnet-catalan">
         <wf lemma="El" pos="X">El</wf>
         <wf lemma="president" pos="X">president</wf>
         <wf lemma="obté" pos="X">obté</wf>
         <wf lemma="l'" pos="X">l'</wf>
         <instance id="d000.s117.t000" lemma="aval" pos="NOUN">aval</instance>
         <wf lemma="de" pos="X">de</wf>
         <wf lemma="la" pos="X">la</wf>
         <wf lemma="UE" pos="X">UE</wf>
         <wf lemma="per" pos="X">per</wf>
         <wf lemma="flexibilitzar" pos="X">flexibilitzar</wf>
         <wf lemma="el" pos="X">el</wf>
         <wf lemma="dèficit" pos="X">dèficit</wf>
         <wf lemma="." pos="X">.</wf>
      </sentence>
      <sentence id="d000.s118" source="wordnet-catalan">
         <wf lemma="el" pos="X">el</wf>
         <wf lemma="gos" pos="X">gos</wf>
         <wf lemma="té" pos="X">té</wf>
         <wf lemma="un" pos="X">un</wf>
         <wf lemma="bon" pos="X">bon</wf>
         <instance id="d000.s118.t000" lemma="nas" pos="NOUN">nas</instance>
         <wf lemma="." pos="X">.</wf>
      </sentence>
      <sentence id="d000.s119" source="wordnet-catalan">
         <wf lemma="les" pos="X">les</wf>
         <wf lemma="forces" pos="X">forces</wf>
         <wf lemma="de" pos="X">de</wf>
         <wf lemma="la" pos="X">la</wf>
         <instance id="d000.s119.t000" lemma="reacció" pos="NOUN">reacció</instance>
         <wf lemma="van" pos="X">van</wf>
         <wf lemma="convocar" pos="X">convocar</wf>
         <wf lemma="eleccions" pos="X">eleccions</wf>
         <wf lemma="." pos="X">.</wf>
      </sentence>
      <sentence id="d000.s120" source="wordnet-catalan">
         <wf lemma="Les" pos="X">Les</wf>
         <wf lemma="seves" pos="X">seves</wf>
         <wf lemma="accions" pos="X">accions</wf>
         <wf lemma="són" pos="X">són</wf>
         <instance id="d000.s120.t000" lemma="injust" pos="ADJ">injustes</instance>
         <wf lemma="." pos="X">.</wf>
      </sentence>
      <sentence id="d000.s121" source="wordnet-catalan">
         <wf lemma="l'" pos="X">l'</wf>
         <wf lemma="huracà" pos="X">huracà</wf>
         <wf lemma="va" pos="X">va</wf>
         <wf lemma="destrossar" pos="X">destrossar</wf>
         <wf lemma="les" pos="X">les</wf>
         <wf lemma="cases" pos="X">cases</wf>
         <wf lemma="que" pos="X">que</wf>
         <wf lemma="es" pos="X">es</wf>
         <wf lemma="trobaven" pos="X">trobaven</wf>
         <wf lemma="a" pos="X">a</wf>
         <wf lemma="la" pos="X">la</wf>
         <wf lemma="seva" pos="X">seva</wf>
         <instance id="d000.s121.t000" lemma="trajectòria" pos="NOUN">trajectòria</instance>
         <wf lemma="." pos="X">.</wf>
      </sentence>
      <sentence id="d000.s122" source="wordnet-catalan">
         <wf lemma="Vam" pos="X">Vam</wf>
         <wf lemma="intentar" pos="X">intentar</wf>
         <wf lemma="obtenir" pos="X">obtenir</wf>
         <wf lemma="els" pos="X">els</wf>
         <instance id="d000.s122.t000" lemma="diner" pos="NOUN">diners</instance>
         <wf lemma="que" pos="X">que</wf>
         <wf lemma="ens" pos="X">ens</wf>
         <wf lemma="devia" pos="X">devia</wf>
         <wf lemma="." pos="X">.</wf>
      </sentence>
      <sentence id="d000.s123" source="wordnet-catalan">
         <wf lemma="la" pos="X">la</wf>
         <wf lemma="policia" pos="X">policia</wf>
         <wf lemma="va" pos="X">va</wf>
         <wf lemma="prendre" pos="X">prendre</wf>
         <instance id="d000.s123.t000" lemma="mesura" pos="NOUN">mesures</instance>
         <wf lemma="per" pos="X">per</wf>
         <wf lemma="reduir" pos="X">reduir</wf>
         <wf lemma="la" pos="X">la</wf>
         <wf lemma="delinqüència" pos="X">delinqüència</wf>
         <wf lemma="." pos="X">.</wf>
      </sentence>
      <sentence id="d000.s124" source="wordnet-catalan">
         <wf lemma="va" pos="X">va</wf>
         <wf lemma="deixar" pos="X">deixar</wf>
         <wf lemma="la" pos="X">la</wf>
         <instance id="d000.s124.t000" lemma="marca" pos="NOUN">marca</instance>
         <wf lemma="dels" pos="X">dels</wf>
         <wf lemma="seus" pos="X">seus</wf>
         <wf lemma="dits" pos="X">dits</wf>
         <wf lemma="al" pos="X">al</wf>
         <wf lemma="fang" pos="X">fang</wf>
         <wf lemma="mullat" pos="X">mullat</wf>
         <wf lemma="." pos="X">.</wf>
      </sentence>
      <sentence id="d000.s125" source="wordnet-catalan">
         <wf lemma="La" pos="X">La</wf>
         <wf lemma="llei" pos="X">llei</wf>
         <instance id="d000.s125.t000" lemma="federal" pos="ADJ">federal</instance>
         <wf lemma="." pos="X">.</wf>
      </sentence>
      <sentence id="d000.s126" source="wordnet-catalan">
         <wf lemma="van" pos="X">van</wf>
         <wf lemma="avançar" pos="X">avançar</wf>
         <wf lemma="el" pos="X">el</wf>
         <instance id="d000.s126.t000" lemma="termini" pos="NOUN">termini</instance>
         <wf lemma="d'" pos="X">d'</wf>
         <wf lemma="entrega" pos="X">entrega</wf>
         <wf lemma="del" pos="X">del</wf>
         <wf lemma="projecte" pos="X">projecte</wf>
         <wf lemma="." pos="X">.</wf>
      </sentence>
      <sentence id="d000.s127" source="wordnet-catalan">
         <wf lemma="la" pos="X">la</wf>
         <wf lemma="informàtica" pos="X">informàtica</wf>
         <wf lemma="s'" pos="X">s'</wf>
         <wf lemma="utilitza" pos="X">utilitza</wf>
         <wf lemma="molt" pos="X">molt</wf>
         <wf lemma="en" pos="X">en</wf>
         <wf lemma="els" pos="X">els</wf>
         <instance id="d000.s127.t000" lemma="negoci" pos="NOUN">negocis</instance>
         <wf lemma="." pos="X">.</wf>
      </sentence>
      <sentence id="d000.s128" source="wordnet-catalan">
         <wf lemma="la" pos="X">la</wf>
         <wf lemma="biblioteca" pos="X">biblioteca</wf>
         <wf lemma="local" pos="X">local</wf>
         <wf lemma="és" pos="X">és</wf>
         <wf lemma="un" pos="X">un</wf>
         <instance id="d000.s128.t000" lemma="recurs" pos="NOUN">recurs</instance>
         <wf lemma="valuós" pos="X">valuós</wf>
         <wf lemma="." pos="X">.</wf>
      </sentence>
      <sentence id="d000.s129" source="wordnet-catalan">
         <wf lemma="Heu" pos="X">Heu</wf>
         <wf lemma="anat" pos="X">anat</wf>
         <wf lemma="a" pos="X">a</wf>
         <wf lemma="la" pos="X">la</wf>
         <instance id="d000.s129.t000" lemma="presentació" pos="NOUN">presentació</instance>
         <wf lemma="de" pos="X">de</wf>
         <wf lemma="l" pos="X">l</wf>
         <wf lemma="últim" pos="X">últim</wf>
         <wf lemma="llibre" pos="X">llibre</wf>
         <wf lemma="del" pos="X">del</wf>
         <wf lemma="Solà" pos="X">Solà</wf>
         <wf lemma="?" pos="X">?</wf>
      </sentence>
      <sentence id="d000.s130" source="wordnet-catalan">
         <wf lemma="el" pos="X">el</wf>
         <instance id="d000.s130.t000" lemma="procés" pos="NOUN">procés</instance>
         <wf lemma="de" pos="X">de</wf>
         <wf lemma="pensar" pos="X">pensar</wf>
         <wf lemma="." pos="X">.</wf>
      </sentence>
      <sentence id="d000.s131" source="wordnet-catalan">
         <wf lemma="ell" pos="X">ell</wf>
         <wf lemma="era" pos="X">era</wf>
         <wf lemma="el" pos="X">el</wf>
         <wf lemma="centre" pos="X">centre</wf>
         <wf lemma="d'" pos="X">d'</wf>
         <instance id="d000.s131.t000" lemma="atenció" pos="NOUN">atenció</instance>
         <wf lemma="." pos="X">.</wf>
      </sentence>
      <sentence id="d000.s132" source="wordnet-catalan">
         <wf lemma="el" pos="X">el</wf>
         <wf lemma="sistema" pos="X">sistema</wf>
         <wf lemma="va" pos="X">va</wf>
         <wf lemma="fallar" pos="X">fallar</wf>
         <wf lemma="a" pos="X">a</wf>
         <wf lemma="causa" pos="X">causa</wf>
         <wf lemma="d'" pos="X">d'</wf>
         <wf lemma="una" pos="X">una</wf>
         <instance id="d000.s132.t000" lemma="càrrega" pos="NOUN">càrrega</instance>
         <wf lemma="excessiva" pos="X">excessiva</wf>
         <wf lemma="." pos="X">.</wf>
      </sentence>
      <sentence id="d000.s133" source="wordnet-catalan">
         <wf lemma="el" pos="X">el</wf>
         <instance id="d000.s133.t000" lemma="so" pos="NOUN">so</instance>
         <wf lemma="de" pos="X">de</wf>
         <wf lemma="la" pos="X">la</wf>
         <wf lemma="pluja" pos="X">pluja</wf>
         <wf lemma="a" pos="X">a</wf>
         <wf lemma="la" pos="X">la</wf>
         <wf lemma="teulada" pos="X">teulada</wf>
         <wf lemma="." pos="X">.</wf>
      </sentence>
      <sentence id="d000.s134" source="wordnet-catalan">
         <wf lemma="l'" pos="X">l'</wf>
         <wf lemma="ascensor" pos="X">ascensor</wf>
         <wf lemma="estava" pos="X">estava</wf>
         <wf lemma="fora" pos="X">fora</wf>
         <wf lemma="de" pos="X">de</wf>
         <instance id="d000.s134.t000" lemma="servei" pos="NOUN">servei</instance>
         <wf lemma="." pos="X">.</wf>
      </sentence>
      <sentence id="d000.s135" source="wordnet-catalan">
         <wf lemma="va" pos="X">va</wf>
         <wf lemma="sentir" pos="X">sentir</wf>
         <wf lemma="la" pos="X">la</wf>
         <instance id="d000.s135.t000" lemma="trucada" pos="NOUN">trucada</instance>
         <wf lemma="telefònica" pos="X">telefònica</wf>
         <wf lemma="però" pos="X">però</wf>
         <wf lemma="no" pos="X">no</wf>
         <wf lemma="va" pos="X">va</wf>
         <wf lemma="voler" pos="X">voler</wf>
         <wf lemma="contestar" pos="X">contestar</wf>
         <wf lemma="." pos="X">.</wf>
      </sentence>
      <sentence id="d000.s136" source="wordnet-catalan">
         <wf lemma="han" pos="X">han</wf>
         <wf lemma="fet" pos="X">fet</wf>
         <wf lemma="un" pos="X">un</wf>
         <wf lemma="cotxe" pos="X">cotxe</wf>
         <wf lemma="que" pos="X">que</wf>
         <wf lemma="funciona" pos="X">funciona</wf>
         <wf lemma="amb" pos="X">amb</wf>
         <instance id="d000.s136.t000" lemma="electricitat" pos="NOUN">electricitat</instance>
         <wf lemma="." pos="X">.</wf>
      </sentence>
      <sentence id="d000.s137" source="wordnet-catalan">
         <wf lemma="M'" pos="X">M'</wf>
         <wf lemma="han" pos="X">han</wf>
         <wf lemma="concedit" pos="X">concedit</wf>
         <wf lemma="la" pos="X">la</wf>
         <instance id="d000.s137.t000" lemma="beca" pos="NOUN">beca</instance>
         <wf lemma="per" pos="X">per</wf>
         <wf lemma="a" pos="X">a</wf>
         <wf lemma="estudiar" pos="X">estudiar</wf>
         <wf lemma="un" pos="X">un</wf>
         <wf lemma="màster" pos="X">màster</wf>
         <wf lemma="." pos="X">.</wf>
      </sentence>
      <sentence id="d000.s138" source="wordnet-catalan">
         <wf lemma="En" pos="X">En</wf>
         <wf lemma="la" pos="X">la</wf>
         <wf lemma="majoria" pos="X">majoria</wf>
         <wf lemma="de" pos="X">de</wf>
         <wf lemma="les" pos="X">les</wf>
         <wf lemma="escoles" pos="X">escoles</wf>
         <wf lemma="l'" pos="X">l'</wf>
         <wf lemma="educació" pos="X">educació</wf>
         <wf lemma="física" pos="X">física</wf>
         <wf lemma="és" pos="X">és</wf>
         <instance id="d000.s138.t000" lemma="obligatori" pos="ADJ">obligatòria</instance>
         <wf lemma="." pos="X">.</wf>
      </sentence>
      <sentence id="d000.s139" source="wordnet-catalan">
         <wf lemma="hi" pos="X">hi</wf>
         <wf lemma="havia" pos="X">havia</wf>
         <wf lemma="molta" pos="X">molta</wf>
         <instance id="d000.s139.t000" lemma="rivalitat" pos="NOUN">rivalitat</instance>
         <wf lemma="entre" pos="X">entre</wf>
         <wf lemma="els" pos="X">els</wf>
         <wf lemma="dos" pos="X">dos</wf>
         <wf lemma="equips" pos="X">equips</wf>
         <wf lemma="." pos="X">.</wf>
      </sentence>
      <sentence id="d000.s140" source="wordnet-catalan">
         <wf lemma="les" pos="X">les</wf>
         <wf lemma="coses" pos="X">coses</wf>
         <wf lemma="estan" pos="X">estan</wf>
         <instance id="d000.s140.t000" lemma="bé" pos="ADJ">bé</instance>
         <wf lemma="." pos="X">.</wf>
      </sentence>
      <sentence id="d000.s141" source="wordnet-catalan">
         <wf lemma="el" pos="X">el</wf>
         <instance id="d000.s141.t000" lemma="valor" pos="NOUN">valor</instance>
         <wf lemma="d'" pos="X">d'</wf>
         <wf lemma="aquesta" pos="X">aquesta</wf>
         <wf lemma="novel·la" pos="X">novel·la</wf>
         <wf lemma="es" pos="X">es</wf>
         <wf lemma="troba" pos="X">troba</wf>
         <wf lemma="en" pos="X">en</wf>
         <wf lemma="els" pos="X">els</wf>
         <wf lemma="personatges" pos="X">personatges</wf>
         <wf lemma="." pos="X">.</wf>
      </sentence>
      <sentence id="d000.s142" source="wordnet-catalan">
         <wf lemma="L'" pos="X">L'</wf>
         <wf lemma="excés" pos="X">excés</wf>
         <wf lemma="de" pos="X">de</wf>
         <wf lemma="sol" pos="X">sol</wf>
         <wf lemma="és" pos="X">és</wf>
         <instance id="d000.s142.t000" lemma="perjudicial" pos="ADJ">perjudicial</instance>
         <wf lemma="per" pos="X">per</wf>
         <wf lemma="a" pos="X">a</wf>
         <wf lemma="la" pos="X">la</wf>
         <wf lemma="pell" pos="X">pell</wf>
         <wf lemma="." pos="X">.</wf>
      </sentence>
      <sentence id="d000.s143" source="wordnet-catalan">
         <wf lemma="una" pos="X">una</wf>
         <wf lemma="carretera" pos="X">carretera</wf>
         <instance id="d000.s143.t000" lemma="llarg" pos="ADJ">llarga</instance>
         <wf lemma="." pos="X">.</wf>
      </sentence>
      <sentence id="d000.s144" source="wordnet-catalan">
         <wf lemma="La" pos="X">La</wf>
         <wf lemma="religió" pos="X">religió</wf>
         <instance id="d000.s144.t000" lemma="institucional" pos="ADJ">institucional</instance>
         <wf lemma="." pos="X">.</wf>
      </sentence>
      <sentence id="d000.s145" source="wordnet-catalan">
         <wf lemma="va" pos="X">va</wf>
         <wf lemma="tardar" pos="X">tardar</wf>
         <wf lemma="sis" pos="X">sis</wf>
         <wf lemma="anys" pos="X">anys</wf>
         <wf lemma="en" pos="X">en</wf>
         <wf lemma="aconseguir" pos="X">aconseguir</wf>
         <wf lemma="el" pos="X">el</wf>
         <instance id="d000.s145.t000" lemma="títol" pos="NOUN">títol</instance>
         <wf lemma="d'" pos="X">d'</wf>
         <wf lemma="informàtica" pos="X">informàtica</wf>
         <wf lemma="." pos="X">.</wf>
      </sentence>
      <sentence id="d000.s146" source="wordnet-catalan">
         <wf lemma="els" pos="X">els</wf>
         <instance id="d000.s146.t000" lemma="cicle" pos="NOUN">cicles</instance>
         <wf lemma="de" pos="X">de</wf>
         <wf lemma="cançons" pos="X">cançons</wf>
         <wf lemma="de" pos="X">de</wf>
         <wf lemma="Schubert" pos="X">Schubert</wf>
         <wf lemma="." pos="X">.</wf>
      </sentence>
      <sentence id="d000.s147" source="wordnet-catalan">
         <wf lemma="El" pos="X">El</wf>
         <wf lemma="cotxe" pos="X">cotxe</wf>
         <wf lemma="està" pos="X">està</wf>
         <wf lemma="al" pos="X">al</wf>
         <wf lemma="seu" pos="X">seu</wf>
         <instance id="d000.s147.t000" lemma="lloc" pos="NOUN">lloc</instance>
         <wf lemma="." pos="X">.</wf>
      </sentence>
      <sentence id="d000.s148" source="wordnet-catalan">
         <wf lemma="El" pos="X">El</wf>
         <wf lemma="sufragi" pos="X">sufragi</wf>
         <wf lemma="era" pos="X">era</wf>
         <wf lemma="una" pos="X">una</wf>
         <instance id="d000.s148.t000" lemma="prerrogativa" pos="NOUN">prerrogativa</instance>
         <wf lemma="dels" pos="X">dels</wf>
         <wf lemma="homes" pos="X">homes</wf>
         <wf lemma="adultos" pos="X">adultos</wf>
         <wf lemma="." pos="X">.</wf>
      </sentence>
      <sentence id="d000.s149" source="wordnet-catalan">
         <wf lemma="els" pos="X">els</wf>
         <instance id="d000.s149.t000" lemma="principal" pos="ADJ">principals</instance>
         <wf lemma="rius" pos="X">rius</wf>
         <wf lemma="d'" pos="X">d'</wf>
         <wf lemma="Amèrica" pos="X">Amèrica</wf>
         <wf lemma="." pos="X">.</wf>
      </sentence>
      <sentence id="d000.s150" source="wordnet-catalan">
         <wf lemma="el" pos="X">el</wf>
         <instance id="d000.s150.t000" lemma="torn" pos="NOUN">torn</instance>
         <wf lemma="de" pos="X">de</wf>
         <wf lemma="la" pos="X">la</wf>
         <wf lemma="feina" pos="X">feina</wf>
         <wf lemma="." pos="X">.</wf>
      </sentence>
      <sentence id="d000.s151" source="wordnet-catalan">
         <wf lemma="l'" pos="X">l'</wf>
         <instance id="d000.s151.t000" lemma="ofici" pos="NOUN">ofici</instance>
         <wf lemma="de" pos="X">de</wf>
         <wf lemma="diumenge" pos="X">diumenge</wf>
         <wf lemma="." pos="X">.</wf>
      </sentence>
      <sentence id="d000.s152" source="wordnet-catalan">
         <wf lemma="la" pos="X">la</wf>
         <instance id="d000.s152.t000" lemma="descàrrega" pos="NOUN">descàrrega</instance>
         <wf lemma="de" pos="X">de</wf>
         <wf lemma="iode" pos="X">iode</wf>
         <wf lemma="per" pos="X">per</wf>
         <wf lemma="part" pos="X">part</wf>
         <wf lemma="de" pos="X">de</wf>
         <wf lemma="la" pos="X">la</wf>
         <wf lemma="glàndula" pos="X">glàndula</wf>
         <wf lemma="tiroide" pos="X">tiroide</wf>
         <wf lemma="." pos="X">.</wf>
      </sentence>
      <sentence id="d000.s153" source="wordnet-catalan">
         <wf lemma="Des" pos="X">Des</wf>
         <wf lemma="de" pos="X">de</wf>
         <wf lemma="l" pos="X">l</wf>
         <wf lemma="avió" pos="X">avió</wf>
         <wf lemma="," pos="X">,</wf>
         <wf lemma="vam" pos="X">vam</wf>
         <wf lemma="poder" pos="X">poder</wf>
         <wf lemma="donar" pos="X">donar</wf>
         <wf lemma="una" pos="X">una</wf>
         <instance id="d000.s153.t000" lemma="ullada" pos="NOUN">ullada</instance>
         <wf lemma="del" pos="X">del</wf>
         <wf lemma="llac" pos="X">llac</wf>
         <wf lemma="." pos="X">.</wf>
      </sentence>
      <sentence id="d000.s154" source="wordnet-catalan">
         <wf lemma="el" pos="X">el</wf>
         <wf lemma="sector" pos="X">sector</wf>
         <wf lemma="de" pos="X">de</wf>
         <wf lemma="la" pos="X">la</wf>
         <instance id="d000.s154.t000" lemma="construcció" pos="NOUN">construcció</instance>
         <wf lemma="està" pos="X">està</wf>
         <wf lemma="en" pos="X">en</wf>
         <wf lemma="crisi" pos="X">crisi</wf>
         <wf lemma="." pos="X">.</wf>
      </sentence>
      <sentence id="d000.s155" source="wordnet-catalan">
         <wf lemma="el" pos="X">el</wf>
         <instance id="d000.s155.t000" lemma="responsable" pos="NOUN">responsable</instance>
         <wf lemma="de" pos="X">de</wf>
         <wf lemma="l'" pos="X">l'</wf>
         <wf lemma="assassinat" pos="X">assassinat</wf>
         <wf lemma="va" pos="X">va</wf>
         <wf lemma="confesar" pos="X">confesar</wf>
         <wf lemma="la" pos="X">la</wf>
         <wf lemma="veritat" pos="X">veritat</wf>
         <wf lemma="." pos="X">.</wf>
      </sentence>
      <sentence id="d000.s156" source="wordnet-catalan">
         <wf lemma="per" pos="X">per</wf>
         <instance id="d000.s156.t000" lemma="necessitat" pos="NOUN">necessitat</instance>
         <wf lemma="o" pos="X">o</wf>
         <wf lemma="per" pos="X">per</wf>
         <wf lemma="qualsevol" pos="X">qualsevol</wf>
         <wf lemma="cosa" pos="X">cosa</wf>
         <wf lemma="," pos="X">,</wf>
         <wf lemma="truca'" pos="X">truca'</wf>
         <wf lemma="m" pos="X">m</wf>
         <wf lemma="." pos="X">.</wf>
      </sentence>
      <sentence id="d000.s157" source="wordnet-catalan">
         <wf lemma="feia" pos="X">feia</wf>
         <instance id="d000.s157.t000" lemma="ostentació" pos="NOUN">ostentació</instance>
         <wf lemma="de" pos="X">de</wf>
         <wf lemma="les" pos="X">les</wf>
         <wf lemma="seves" pos="X">seves</wf>
         <wf lemma="penes" pos="X">penes</wf>
         <wf lemma="." pos="X">.</wf>
      </sentence>
      <sentence id="d000.s158" source="wordnet-catalan">
         <wf lemma="tenia" pos="X">tenia</wf>
         <wf lemma="el" pos="X">el</wf>
         <instance id="d000.s158.t000" lemma="rang" pos="NOUN">rang</instance>
         <wf lemma="de" pos="X">de</wf>
         <wf lemma="secundari" pos="X">secundari</wf>
         <wf lemma="." pos="X">.</wf>
      </sentence>
      <sentence id="d000.s159" source="wordnet-catalan">
         <wf lemma="El" pos="X">El</wf>
         <instance id="d000.s159.t000" lemma="registrador" pos="NOUN">registrador</instance>
         <wf lemma="de" pos="X">de</wf>
         <wf lemma="la" pos="X">la</wf>
         <wf lemma="propietat" pos="X">propietat</wf>
         <wf lemma="." pos="X">.</wf>
      </sentence>
      <sentence id="d000.s160" source="wordnet-catalan">
         <wf lemma="l'" pos="X">l'</wf>
         <instance id="d000.s160.t000" lemma="estil" pos="NOUN">estil</instance>
         <wf lemma="de" pos="X">de</wf>
         <wf lemma="vida" pos="X">vida</wf>
         <wf lemma="que" pos="X">que</wf>
         <wf lemma="porta" pos="X">porta</wf>
         <wf lemma="el" pos="X">el</wf>
         <wf lemma="prejudicarà" pos="X">prejudicarà</wf>
         <wf lemma="." pos="X">.</wf>
      </sentence>
      <sentence id="d000.s161" source="wordnet-catalan">
         <wf lemma="es" pos="X">es</wf>
         <wf lemma="va" pos="X">va</wf>
         <wf lemma="treure" pos="X">treure</wf>
         <wf lemma="el" pos="X">el</wf>
         <wf lemma="pintallavis" pos="X">pintallavis</wf>
         <wf lemma="de" pos="X">de</wf>
         <wf lemma="la" pos="X">la</wf>
         <instance id="d000.s161.t000" lemma="boca" pos="NOUN">boca</instance>
         <wf lemma="." pos="X">.</wf>
      </sentence>
      <sentence id="d000.s162" source="wordnet-catalan">
         <wf lemma="El" pos="X">El</wf>
         <wf lemma="meu" pos="X">meu</wf>
         <wf lemma="pare" pos="X">pare</wf>
         <wf lemma="és" pos="X">és</wf>
         <wf lemma="soci" pos="X">soci</wf>
         <wf lemma="d'" pos="X">d'</wf>
         <wf lemma="una" pos="X">una</wf>
         <instance id="d000.s162.t000" lemma="cooperativa" pos="NOUN">cooperativa</instance>
         <wf lemma="d'" pos="X">d'</wf>
         <wf lemma="habitatges" pos="X">habitatges</wf>
         <wf lemma="." pos="X">.</wf>
      </sentence>
      <sentence id="d000.s163" source="wordnet-catalan">
         <wf lemma="l'" pos="X">l'</wf>
         <instance id="d000.s163.t000" lemma="aspirant" pos="NOUN">aspirant</instance>
         <wf lemma="al" pos="X">al</wf>
         <wf lemma="lloc" pos="X">lloc</wf>
         <wf lemma="de" pos="X">de</wf>
         <wf lemma="feina" pos="X">feina</wf>
         <wf lemma="estava" pos="X">estava</wf>
         <wf lemma="molt" pos="X">molt</wf>
         <wf lemma="nerviós" pos="X">nerviós</wf>
         <wf lemma="." pos="X">.</wf>
      </sentence>
      <sentence id="d000.s164" source="wordnet-catalan">
         <wf lemma="El" pos="X">El</wf>
         <wf lemma="jurat" pos="X">jurat</wf>
         <wf lemma="popular" pos="X">popular</wf>
         <wf lemma="declara" pos="X">declara</wf>
         <wf lemma="culpable" pos="X">culpable</wf>
         <wf lemma="el" pos="X">el</wf>
         <instance id="d000.s164.t000" lemma="parricida" pos="NOUN">parricida</instance>
         <wf lemma="." pos="X">.</wf>
      </sentence>
      <sentence id="d000.s165" source="wordnet-catalan">
         <wf lemma="una" pos="X">una</wf>
         <wf lemma="mostra" pos="X">mostra</wf>
         <wf lemma="de" pos="X">de</wf>
         <wf lemma="deu" pos="X">deu</wf>
         <wf lemma="dies" pos="X">dies</wf>
         <wf lemma="de" pos="X">de</wf>
         <instance id="d000.s165.t000" lemma="prova" pos="NOUN">prova</instance>
         <wf lemma="." pos="X">.</wf>
      </sentence>
      <sentence id="d000.s166" source="wordnet-catalan">
         <wf lemma="no" pos="X">no</wf>
         <wf lemma="és" pos="X">és</wf>
         <instance id="d000.s166.t000" lemma="assumpte" pos="NOUN">assumpte</instance>
         <wf lemma="teu" pos="X">teu</wf>
         <wf lemma="." pos="X">.</wf>
      </sentence>
      <sentence id="d000.s167" source="wordnet-catalan">
         <wf lemma="la" pos="X">la</wf>
         <wf lemma="situació" pos="X">situació</wf>
         <wf lemma="va" pos="X">va</wf>
         <wf lemma="prendre" pos="X">prendre</wf>
         <wf lemma="un" pos="X">un</wf>
         <instance id="d000.s167.t000" lemma="matís" pos="NOUN">matís</instance>
         <wf lemma="completament" pos="X">completament</wf>
         <wf lemma="diferent" pos="X">diferent</wf>
         <wf lemma="." pos="X">.</wf>
      </sentence>
      <sentence id="d000.s168" source="wordnet-catalan">
         <wf lemma="les" pos="X">les</wf>
         <wf lemma="seves" pos="X">seves</wf>
         <instance id="d000.s168.t000" lemma="opinió" pos="NOUN">opinions</instance>
         <wf lemma="apareixien" pos="X">apareixien</wf>
         <wf lemma="amb" pos="X">amb</wf>
         <wf lemma="freqüència" pos="X">freqüència</wf>
         <wf lemma="a" pos="X">a</wf>
         <wf lemma="la" pos="X">la</wf>
         <wf lemma="pàgina" pos="X">pàgina</wf>
         <wf lemma="dels" pos="X">dels</wf>
         <wf lemma="editorials" pos="X">editorials</wf>
         <wf lemma="." pos="X">.</wf>
      </sentence>
      <sentence id="d000.s169" source="wordnet-catalan">
         <wf lemma="els" pos="X">els</wf>
         <wf lemma="caramels" pos="X">caramels</wf>
         <wf lemma="li" pos="X">li</wf>
         <wf lemma="van" pos="X">van</wf>
         <wf lemma="deixar" pos="X">deixar</wf>
         <wf lemma="un" pos="X">un</wf>
         <wf lemma="mal" pos="X">mal</wf>
         <instance id="d000.s169.t000" lemma="sabor" pos="NOUN">sabor</instance>
         <wf lemma="." pos="X">.</wf>
      </sentence>
      <sentence id="d000.s170" source="wordnet-catalan">
         <instance id="d000.s170.t000" lemma="formar" pos="VERB">formar</instance>
         <wf lemma="el" pos="X">el</wf>
         <wf lemma="caràcter" pos="X">caràcter</wf>
         <wf lemma="del" pos="X">del</wf>
         <wf lemma="nen" pos="X">nen</wf>
         <wf lemma="petit" pos="X">petit</wf>
         <wf lemma="." pos="X">.</wf>
      </sentence>
      <sentence id="d000.s171" source="wordnet-catalan">
         <wf lemma="El" pos="X">El</wf>
         <wf lemma="govern" pos="X">govern</wf>
         <instance id="d000.s171.t000" lemma="nacional" pos="ADJ">nacional</instance>
         <wf lemma="." pos="X">.</wf>
      </sentence>
      <sentence id="d000.s172" source="wordnet-catalan">
         <wf lemma="el" pos="X">el</wf>
         <wf lemma="seu" pos="X">seu</wf>
         <wf lemma="despatx" pos="X">despatx</wf>
         <wf lemma="és" pos="X">és</wf>
         <wf lemma="tres" pos="X">tres</wf>
         <instance id="d000.s172.t000" lemma="porta" pos="NOUN">portes</instance>
         <wf lemma="més" pos="X">més</wf>
         <wf lemma="avall" pos="X">avall</wf>
         <wf lemma="de" pos="X">de</wf>
         <wf lemma="l'" pos="X">l'</wf>
         <wf lemma="entrada" pos="X">entrada</wf>
         <wf lemma="," pos="X">,</wf>
         <wf lemma="a" pos="X">a</wf>
         <wf lemma="l'" pos="X">l'</wf>
         <wf lemma="esquerra" pos="X">esquerra</wf>
         <wf lemma="." pos="X">.</wf>
      </sentence>
      <sentence id="d000.s173" source="wordnet-catalan">
         <wf lemma="El" pos="X">El</wf>
         <instance id="d000.s173.t000" lemma="papat" pos="NOUN">papat</instance>
         <wf lemma="de" pos="X">de</wf>
         <wf lemma="Benedicto" pos="X">Benedicto</wf>
         <wf lemma="XVI" pos="X">XVI</wf>
         <wf lemma="." pos="X">.</wf>
      </sentence>
      <sentence id="d000.s174" source="wordnet-catalan">
         <wf lemma="els" pos="X">els</wf>
         <wf lemma="taurons" pos="X">taurons</wf>
         <wf lemma="pertanyen" pos="X">pertanyen</wf>
         <wf lemma="a" pos="X">a</wf>
         <wf lemma="la" pos="X">la</wf>
         <instance id="d000.s174.t000" lemma="família" pos="NOUN">família</instance>
         <wf lemma="dels" pos="X">dels</wf>
         <wf lemma="peixos" pos="X">peixos</wf>
         <wf lemma="." pos="X">.</wf>
      </sentence>
      <sentence id="d000.s175" source="wordnet-catalan">
         <wf lemma="El" pos="X">El</wf>
         <wf lemma="tribunal" pos="X">tribunal</wf>
         <wf lemma="concedeix" pos="X">concedeix</wf>
         <wf lemma="la" pos="X">la</wf>
         <instance id="d000.s175.t000" lemma="pensió" pos="NOUN">pensió</instance>
         <wf lemma="a" pos="X">a</wf>
         <wf lemma="una" pos="X">una</wf>
         <wf lemma="dona" pos="X">dona</wf>
         <wf lemma="separada" pos="X">separada</wf>
         <wf lemma="." pos="X">.</wf>
      </sentence>
      <sentence id="d000.s176" source="wordnet-catalan">
         <wf lemma="es" pos="X">es</wf>
         <wf lemma="va" pos="X">va</wf>
         <wf lemma="dilapidar" pos="X">dilapidar</wf>
         <wf lemma="la" pos="X">la</wf>
         <instance id="d000.s176.t000" lemma="fortuna" pos="NOUN">fortuna</instance>
         <wf lemma="en" pos="X">en</wf>
         <wf lemma="una" pos="X">una</wf>
         <wf lemma="haca" pos="X">haca</wf>
         <wf lemma="cuacurta" pos="X">cuacurta</wf>
         <wf lemma="." pos="X">.</wf>
      </sentence>
      <sentence id="d000.s177" source="wordnet-catalan">
         <wf lemma="treballaven" pos="X">treballaven</wf>
         <wf lemma="en" pos="X">en</wf>
         <instance id="d000.s177.t000" lemma="col·laboració" pos="NOUN">col·laboració</instance>
         <wf lemma="o" pos="X">o</wf>
         <wf lemma="de" pos="X">de</wf>
         <wf lemma="forma" pos="X">forma</wf>
         <wf lemma="independent" pos="X">independent</wf>
         <wf lemma="." pos="X">.</wf>
      </sentence>
      <sentence id="d000.s178" source="wordnet-catalan">
         <wf lemma="no" pos="X">no</wf>
         <instance id="d000.s178.t000" lemma="actuar" pos="VERB">actuïs</instance>
         <wf lemma="com" pos="X">com</wf>
         <wf lemma="un" pos="X">un</wf>
         <wf lemma="boig" pos="X">boig</wf>
         <wf lemma="." pos="X">.</wf>
      </sentence>
      <sentence id="d000.s179" source="wordnet-catalan">
         <wf lemma="el" pos="X">el</wf>
         <instance id="d000.s179.t000" lemma="principi" pos="NOUN">principi</instance>
         <wf lemma="de" pos="X">de</wf>
         <wf lemma="la" pos="X">la</wf>
         <wf lemma="guerra" pos="X">guerra</wf>
         <wf lemma="." pos="X">.</wf>
      </sentence>
      <sentence id="d000.s180" source="wordnet-catalan">
         <wf lemma="el" pos="X">el</wf>
         <instance id="d000.s180.t000" lemma="principi" pos="NOUN">principi</instance>
         <wf lemma="de" pos="X">de</wf>
         <wf lemma="les" pos="X">les</wf>
         <wf lemma="escales" pos="X">escales</wf>
         <wf lemma="." pos="X">.</wf>
      </sentence>
      <sentence id="d000.s181" source="wordnet-catalan">
         <wf lemma="quin" pos="X">quin</wf>
         <instance id="d000.s181.t000" lemma="preu" pos="NOUN">preu</instance>
         <wf lemma="s'" pos="X">s'</wf>
         <wf lemma="ha" pos="X">ha</wf>
         <wf lemma="de" pos="X">de</wf>
         <wf lemma="pagar" pos="X">pagar</wf>
         <wf lemma="per" pos="X">per</wf>
         <wf lemma="la" pos="X">la</wf>
         <wf lemma="glòria" pos="X">glòria</wf>
         <wf lemma="." pos="X">.</wf>
      </sentence>
      <sentence id="d000.s182" source="wordnet-catalan">
         <wf lemma="tota" pos="X">tota</wf>
         <wf lemma="l'" pos="X">l'</wf>
         <instance id="d000.s182.t000" lemma="associació" pos="NOUN">associació</instance>
         <wf lemma="omplia" pos="X">omplia</wf>
         <wf lemma="l'" pos="X">l'</wf>
         <wf lemma="auditori" pos="X">auditori</wf>
         <wf lemma="." pos="X">.</wf>
      </sentence>
      <sentence id="d000.s183" source="wordnet-catalan">
         <wf lemma="La" pos="X">La</wf>
         <instance id="d000.s183.t000" lemma="calma" pos="NOUN">calma</instance>
         <wf lemma="de" pos="X">de</wf>
         <wf lemma="la" pos="X">la</wf>
         <wf lemma="nit" pos="X">nit</wf>
         <wf lemma="." pos="X">.</wf>
      </sentence>
      <sentence id="d000.s184" source="wordnet-catalan">
         <wf lemma="l'" pos="X">l'</wf>
         <wf lemma="actor" pos="X">actor</wf>
         <wf lemma="va" pos="X">va</wf>
         <wf lemma="trobar" pos="X">trobar</wf>
         <wf lemma="la" pos="X">la</wf>
         <instance id="d000.s184.t000" lemma="positura" pos="NOUN">positura</instance>
         <wf lemma="justa" pos="X">justa</wf>
         <wf lemma="per" pos="X">per</wf>
         <wf lemma="al" pos="X">al</wf>
         <wf lemma="personatge" pos="X">personatge</wf>
         <wf lemma="." pos="X">.</wf>
      </sentence>
      <sentence id="d000.s185" source="wordnet-catalan">
         <wf lemma="era" pos="X">era</wf>
         <wf lemma="comprador" pos="X">comprador</wf>
         <wf lemma="d'" pos="X">d'</wf>
         <instance id="d000.s185.t000" lemma="art" pos="NOUN">art</instance>
         <wf lemma="." pos="X">.</wf>
      </sentence>
      <sentence id="d000.s186" source="wordnet-catalan">
         <wf lemma="un" pos="X">un</wf>
         <wf lemma="tema" pos="X">tema</wf>
         <instance id="d000.s186.t000" lemma="pendent" pos="ADJ">pendent</instance>
         <wf lemma="." pos="X">.</wf>
      </sentence>
      <sentence id="d000.s187" source="wordnet-catalan">
         <wf lemma="una" pos="X">una</wf>
         <wf lemma="qüestió" pos="X">qüestió</wf>
         <instance id="d000.s187.t000" lemma="obert" pos="ADJ">oberta</instance>
         <wf lemma="." pos="X">.</wf>
      </sentence>
      <sentence id="d000.s188" source="wordnet-catalan">
         <wf lemma="el" pos="X">el</wf>
         <instance id="d000.s188.t000" lemma="centre" pos="NOUN">centre</instance>
         <wf lemma="de" pos="X">de</wf>
         <wf lemma="la" pos="X">la</wf>
         <wf lemma="seva" pos="X">seva</wf>
         <wf lemma="argumentació" pos="X">argumentació</wf>
         <wf lemma="no" pos="X">no</wf>
         <wf lemma="convencia" pos="X">convencia</wf>
         <wf lemma="." pos="X">.</wf>
      </sentence>
      <sentence id="d000.s189" source="wordnet-catalan">
         <wf lemma="la" pos="X">la</wf>
         <instance id="d000.s189.t000" lemma="trobada" pos="NOUN">trobada</instance>
         <wf lemma="internacional" pos="X">internacional</wf>
         <wf lemma="sobre" pos="X">sobre</wf>
         <wf lemma="la" pos="X">la</wf>
         <wf lemma="bulímia" pos="X">bulímia</wf>
         <wf lemma="i" pos="X">i</wf>
         <wf lemma="l'" pos="X">l'</wf>
         <wf lemma="anorèxia" pos="X">anorèxia</wf>
         <wf lemma="va" pos="X">va</wf>
         <wf lemma="ser" pos="X">ser</wf>
         <wf lemma="tot" pos="X">tot</wf>
         <wf lemma="un" pos="X">un</wf>
         <wf lemma="èxit" pos="X">èxit</wf>
         <wf lemma="." pos="X">.</wf>
      </sentence>
      <sentence id="d000.s190" source="wordnet-catalan">
         <wf lemma="va" pos="X">va</wf>
         <wf lemma="trobar" pos="X">trobar</wf>
         <wf lemma="un" pos="X">un</wf>
         <instance id="d000.s190.t000" lemma="habitatge" pos="NOUN">habitatge</instance>
         <wf lemma="per" pos="X">per</wf>
         <wf lemma="a" pos="X">a</wf>
         <wf lemma="la" pos="X">la</wf>
         <wf lemma="seva" pos="X">seva</wf>
         <wf lemma="família" pos="X">família</wf>
         <wf lemma="." pos="X">.</wf>
      </sentence>
      <sentence id="d000.s191" source="wordnet-catalan">
         <wf lemma="l'" pos="X">l'</wf>
         <instance id="d000.s191.t000" lemma="operativitat" pos="NOUN">operativitat</instance>
         <wf lemma="de" pos="X">de</wf>
         <wf lemma="l'" pos="X">l'</wf>
         <wf lemma="avió" pos="X">avió</wf>
         <wf lemma="amb" pos="X">amb</wf>
         <wf lemma="vents" pos="X">vents</wf>
         <wf lemma="rafegosos" pos="X">rafegosos</wf>
         <wf lemma="." pos="X">.</wf>
      </sentence>
      <sentence id="d000.s192" source="wordnet-catalan">
         <wf lemma="El" pos="X">El</wf>
         <instance id="d000.s192.t000" lemma="veredicte" pos="NOUN">veredicte</instance>
         <wf lemma="no" pos="X">no</wf>
         <wf lemma="ha" pos="X">ha</wf>
         <wf lemma="deixat" pos="X">deixat</wf>
         <wf lemma="indiferent" pos="X">indiferent</wf>
         <wf lemma="a" pos="X">a</wf>
         <wf lemma="ningú" pos="X">ningú</wf>
         <wf lemma="." pos="X">.</wf>
      </sentence>
      <sentence id="d000.s193" source="wordnet-catalan">
         <wf lemma="un" pos="X">un</wf>
         <wf lemma="adjectiu" pos="X">adjectiu</wf>
         <instance id="d000.s193.t000" lemma="numeral" pos="ADJ">numeral</instance>
         <wf lemma="." pos="X">.</wf>
      </sentence>
      <sentence id="d000.s194" source="wordnet-catalan">
         <wf lemma="a" pos="X">a</wf>
         <wf lemma="quin" pos="X">quin</wf>
         <instance id="d000.s194.t000" lemma="pis" pos="NOUN">pis</instance>
         <wf lemma="és" pos="X">és</wf>
         <wf lemma="l'" pos="X">l'</wf>
         <wf lemma="oficina" pos="X">oficina</wf>
         <wf lemma="?" pos="X">?</wf>
      </sentence>
      <sentence id="d000.s195" source="wordnet-catalan">
         <wf lemma="li" pos="X">li</wf>
         <wf lemma="va" pos="X">va</wf>
         <wf lemma="sortir" pos="X">sortir</wf>
         <wf lemma="una" pos="X">una</wf>
         <wf lemma="taca" pos="X">taca</wf>
         <wf lemma="a" pos="X">a</wf>
         <wf lemma="la" pos="X">la</wf>
         <instance id="d000.s195.t000" lemma="zona" pos="NOUN">zona</instance>
         <wf lemma="lateral" pos="X">lateral</wf>
         <wf lemma="esquerra" pos="X">esquerra</wf>
         <wf lemma="del" pos="X">del</wf>
         <wf lemma="coll" pos="X">coll</wf>
         <wf lemma="." pos="X">.</wf>
      </sentence>
      <sentence id="d000.s196" source="wordnet-catalan">
         <wf lemma="van" pos="X">van</wf>
         <wf lemma="presentar" pos="X">presentar</wf>
         <wf lemma="els" pos="X">els</wf>
         <wf lemma="seus" pos="X">seus</wf>
         <instance id="d000.s196.t000" lemma="càrrec" pos="NOUN">càrrecs</instance>
         <wf lemma="al" pos="X">al</wf>
         <wf lemma="final" pos="X">final</wf>
         <wf lemma="de" pos="X">de</wf>
         <wf lemma="cada" pos="X">cada</wf>
         <wf lemma="mes" pos="X">mes</wf>
         <wf lemma="." pos="X">.</wf>
      </sentence>
      <sentence id="d000.s197" source="wordnet-catalan">
         <wf lemma="amb" pos="X">amb</wf>
         <wf lemma="un" pos="X">un</wf>
         <instance id="d000.s197.t000" lemma="gir" pos="NOUN">gir</instance>
         <wf lemma="ràpid" pos="X">ràpid</wf>
         <wf lemma="del" pos="X">del</wf>
         <wf lemma="cap" pos="X">cap</wf>
         <wf lemma="va" pos="X">va</wf>
         <wf lemma="fer" pos="X">fer</wf>
         <wf lemma="un" pos="X">un</wf>
         <wf lemma="cop" pos="X">cop</wf>
         <wf lemma="d'" pos="X">d'</wf>
         <wf lemma="ull" pos="X">ull</wf>
         <wf lemma="a" pos="X">a</wf>
         <wf lemma="l'" pos="X">l'</wf>
         <wf lemma="habitació" pos="X">habitació</wf>
         <wf lemma="." pos="X">.</wf>
      </sentence>
      <sentence id="d000.s198" source="wordnet-catalan">
         <wf lemma="en" pos="X">en</wf>
         <wf lemma="aquesta" pos="X">aquesta</wf>
         <wf lemma="feina" pos="X">feina</wf>
         <wf lemma="es" pos="X">es</wf>
         <wf lemma="troba" pos="X">troba</wf>
         <wf lemma="en" pos="X">en</wf>
         <wf lemma="el" pos="X">el</wf>
         <wf lemma="seu" pos="X">seu</wf>
         <instance id="d000.s198.t000" lemma="ambient" pos="NOUN">ambient</instance>
         <wf lemma="." pos="X">.</wf>
      </sentence>
      <sentence id="d000.s199" source="wordnet-catalan">
         <wf lemma="va" pos="X">va</wf>
         <wf lemma="guanyar" pos="X">guanyar</wf>
         <wf lemma="la" pos="X">la</wf>
         <instance id="d000.s199.t000" lemma="cursa" pos="NOUN">cursa</instance>
         <wf lemma="de" pos="X">de</wf>
         <wf lemma="Barcelona" pos="X">Barcelona</wf>
         <wf lemma="." pos="X">.</wf>
      </sentence>
      <sentence id="d000.s200" source="wordnet-catalan">
         <wf lemma="una" pos="X">una</wf>
         <wf lemma="afició" pos="X">afició</wf>
         <wf lemma="pels" pos="X">pels</wf>
         <wf lemma="diners" pos="X">diners</wf>
         <instance id="d000.s200.t000" lemma="inusual" pos="ADJ">inusual</instance>
         <wf lemma="." pos="X">.</wf>
      </sentence>
      <sentence id="d000.s201" source="wordnet-catalan">
         <wf lemma="Un" pos="X">Un</wf>
         <wf lemma="tema" pos="X">tema</wf>
         <instance id="d000.s201.t000" lemma="estatutari" pos="ADJ">estatutari</instance>
         <wf lemma="." pos="X">.</wf>
      </sentence>
      <sentence id="d000.s202" source="wordnet-catalan">
         <wf lemma="ell" pos="X">ell</wf>
         <wf lemma="treballa" pos="X">treballa</wf>
         <wf lemma="en" pos="X">en</wf>
         <wf lemma="una" pos="X">una</wf>
         <instance id="d000.s202.t000" lemma="empresa" pos="NOUN">empresa</instance>
         <wf lemma="de" pos="X">de</wf>
         <wf lemma="borsa" pos="X">borsa</wf>
         <wf lemma="." pos="X">.</wf>
      </sentence>
      <sentence id="d000.s203" source="wordnet-catalan">
         <wf lemma="el" pos="X">el</wf>
         <instance id="d000.s203.t000" lemma="començament" pos="NOUN">començament</instance>
         <wf lemma="va" pos="X">va</wf>
         <wf lemma="ser" pos="X">ser</wf>
         <wf lemma="abans" pos="X">abans</wf>
         <wf lemma="del" pos="X">del</wf>
         <wf lemma="que" pos="X">que</wf>
         <wf lemma="s'" pos="X">s'</wf>
         <wf lemma="esperava" pos="X">esperava</wf>
         <wf lemma="." pos="X">.</wf>
      </sentence>
      <sentence id="d000.s204" source="wordnet-catalan">
         <wf lemma="té" pos="X">té</wf>
         <wf lemma="un" pos="X">un</wf>
         <instance id="d000.s204.t000" lemma="passat" pos="NOUN">passat</instance>
         <wf lemma="tèrbol" pos="X">tèrbol</wf>
         <wf lemma="." pos="X">.</wf>
      </sentence>
      <sentence id="d000.s205" source="wordnet-catalan">
         <wf lemma="un" pos="X">un</wf>
         <instance id="d000.s205.t000" lemma="pla" pos="NOUN">pla</instance>
         <wf lemma="per" pos="X">per</wf>
         <wf lemma="distribuir" pos="X">distribuir</wf>
         <wf lemma="els" pos="X">els</wf>
         <wf lemma="convidats" pos="X">convidats</wf>
         <wf lemma="." pos="X">.</wf>
      </sentence>
      <sentence id="d000.s206" source="wordnet-catalan">
         <wf lemma="l'" pos="X">l'</wf>
         <instance id="d000.s206.t000" lemma="esquena" pos="NOUN">esquena</instance>
         <wf lemma="de" pos="X">de</wf>
         <wf lemma="la" pos="X">la</wf>
         <wf lemma="camisa" pos="X">camisa</wf>
         <wf lemma="li" pos="X">li</wf>
         <wf lemma="tiba" pos="X">tiba</wf>
         <wf lemma="quan" pos="X">quan</wf>
         <wf lemma="creua" pos="X">creua</wf>
         <wf lemma="els" pos="X">els</wf>
         <wf lemma="braços" pos="X">braços</wf>
         <wf lemma="." pos="X">.</wf>
      </sentence>
      <sentence id="d000.s207" source="wordnet-catalan">
         <wf lemma="un" pos="X">un</wf>
         <instance id="d000.s207.t000" lemma="signe" pos="NOUN">signe</instance>
         <wf lemma="de" pos="X">de</wf>
         <wf lemma="què" pos="X">què</wf>
         <wf lemma="estava" pos="X">estava</wf>
         <wf lemma="interessat" pos="X">interessat</wf>
         <wf lemma="." pos="X">.</wf>
      </sentence>
      <sentence id="d000.s208" source="wordnet-catalan">
         <wf lemma="Gaudir" pos="X">Gaudir</wf>
         <wf lemma="del" pos="X">del</wf>
         <instance id="d000.s208.t000" lemma="fruit" pos="NOUN">fruit</instance>
         <wf lemma="dels" pos="X">dels</wf>
         <wf lemma="seus" pos="X">seus</wf>
         <wf lemma="capitals" pos="X">capitals</wf>
         <wf lemma="." pos="X">.</wf>
      </sentence>
      <sentence id="d000.s209" source="wordnet-catalan">
         <wf lemma="els" pos="X">els</wf>
         <wf lemma="verbs" pos="X">verbs</wf>
         <wf lemma="estaven" pos="X">estaven</wf>
         <wf lemma="conjugats" pos="X">conjugats</wf>
         <wf lemma="en" pos="X">en</wf>
         <instance id="d000.s209.t000" lemma="temps" pos="NOUN">temps</instance>
         <wf lemma="present" pos="X">present</wf>
         <wf lemma="." pos="X">.</wf>
      </sentence>
      <sentence id="d000.s210" source="wordnet-catalan">
         <wf lemma="Els" pos="X">Els</wf>
         <wf lemma="clients" pos="X">clients</wf>
         <wf lemma="han" pos="X">han</wf>
         <wf lemma="denunciat" pos="X">denunciat</wf>
         <wf lemma="el" pos="X">el</wf>
         <wf lemma="comerciant" pos="X">comerciant</wf>
         <wf lemma="per" pos="X">per</wf>
         <instance id="d000.s210.t000" lemma="frau" pos="NOUN">frau</instance>
         <wf lemma="." pos="X">.</wf>
      </sentence>
      <sentence id="d000.s211" source="wordnet-catalan">
         <wf lemma="va" pos="X">va</wf>
         <wf lemma="tenir" pos="X">tenir</wf>
         <wf lemma="un" pos="X">un</wf>
         <instance id="d000.s211.t000" lemma="final" pos="NOUN">final</instance>
         <wf lemma="lent" pos="X">lent</wf>
         <wf lemma="i" pos="X">i</wf>
         <wf lemma="dolorós" pos="X">dolorós</wf>
         <wf lemma="." pos="X">.</wf>
      </sentence>
      <sentence id="d000.s212" source="wordnet-catalan">
         <wf lemma="vivim" pos="X">vivim</wf>
         <wf lemma="a" pos="X">a</wf>
         <wf lemma="una" pos="X">una</wf>
         <instance id="d000.s212.t000" lemma="hora" pos="NOUN">hora</instance>
         <wf lemma="de" pos="X">de</wf>
         <wf lemma="l'" pos="X">l'</wf>
         <wf lemma="aeroport" pos="X">aeroport</wf>
         <wf lemma="." pos="X">.</wf>
      </sentence>
      <sentence id="d000.s213" source="wordnet-catalan">
         <wf lemma="la" pos="X">la</wf>
         <wf lemma="carta" pos="X">carta</wf>
         <wf lemma="consistia" pos="X">consistia</wf>
         <wf lemma="en" pos="X">en</wf>
         <wf lemma="tres" pos="X">tres</wf>
         <instance id="d000.s213.t000" lemma="frase" pos="NOUN">frases</instance>
         <wf lemma="curtes" pos="X">curtes</wf>
         <wf lemma="." pos="X">.</wf>
      </sentence>
      <sentence id="d000.s214" source="wordnet-catalan">
         <wf lemma="El" pos="X">El</wf>
         <instance id="d000.s214.t000" lemma="consell" pos="NOUN">consell</instance>
         <wf lemma="que" pos="X">que</wf>
         <wf lemma="supervisa" pos="X">supervisa</wf>
         <wf lemma="els" pos="X">els</wf>
         <wf lemma="mitjans" pos="X">mitjans</wf>
         <wf lemma="de" pos="X">de</wf>
         <wf lemma="comunicació" pos="X">comunicació</wf>
         <wf lemma="iranians" pos="X">iranians</wf>
         <wf lemma="ha" pos="X">ha</wf>
         <wf lemma="suspès" pos="X">suspès</wf>
         <wf lemma="la" pos="X">la</wf>
         <wf lemma="sortida" pos="X">sortida</wf>
         <wf lemma="d'" pos="X">d'</wf>
         <wf lemma="una" pos="X">una</wf>
         <wf lemma="publicació" pos="X">publicació</wf>
         <wf lemma="." pos="X">.</wf>
      </sentence>
      <sentence id="d000.s215" source="wordnet-catalan">
         <wf lemma="L'" pos="X">L'</wf>
         <wf lemma="empresa" pos="X">empresa</wf>
         <wf lemma="té" pos="X">té</wf>
         <wf lemma="un" pos="X">un</wf>
         <instance id="d000.s215.t000" lemma="guany" pos="NOUN">guany</instance>
         <wf lemma="net" pos="X">net</wf>
         <wf lemma="d'" pos="X">d'</wf>
         <wf lemma="1" pos="X">1</wf>
         <wf lemma="milió" pos="X">milió</wf>
         <wf lemma="d'" pos="X">d'</wf>
         <wf lemma="euros" pos="X">euros</wf>
         <wf lemma="en" pos="X">en</wf>
         <wf lemma="el" pos="X">el</wf>
         <wf lemma="primer" pos="X">primer</wf>
         <wf lemma="trimestre" pos="X">trimestre</wf>
         <wf lemma="de" pos="X">de</wf>
         <wf lemma="l'" pos="X">l'</wf>
         <wf lemma="any" pos="X">any</wf>
         <wf lemma="." pos="X">.</wf>
      </sentence>
      <sentence id="d000.s216" source="wordnet-catalan">
         <wf lemma="la" pos="X">la</wf>
         <wf lemma="seva" pos="X">seva</wf>
         <instance id="d000.s216.t000" lemma="indigència" pos="NOUN">indigència</instance>
         <wf lemma="l'" pos="X">l'</wf>
         <wf lemma="horroritzava" pos="X">horroritzava</wf>
         <wf lemma="." pos="X">.</wf>
      </sentence>
      <sentence id="d000.s217" source="wordnet-catalan">
         <wf lemma="el" pos="X">el</wf>
         <instance id="d000.s217.t000" lemma="cantant" pos="NOUN">cantant</instance>
         <wf lemma="va" pos="X">va</wf>
         <wf lemma="realitzar" pos="X">realitzar</wf>
         <wf lemma="un" pos="X">un</wf>
         <wf lemma="pèssim" pos="X">pèssim</wf>
         <wf lemma="concert" pos="X">concert</wf>
         <wf lemma="." pos="X">.</wf>
      </sentence>
      <sentence id="d000.s218" source="wordnet-catalan">
         <wf lemma="absència" pos="X">absència</wf>
         <wf lemma="de" pos="X">de</wf>
         <wf lemma="dissolució" pos="X">dissolució</wf>
         <wf lemma="amb" pos="X">amb</wf>
         <wf lemma="el" pos="X">el</wf>
         <wf lemma="blanc" pos="X">blanc</wf>
         <wf lemma="y" pos="X">y</wf>
         <wf lemma="per" pos="X">per</wf>
         <wf lemma="tant" pos="X">tant</wf>
         <instance id="d000.s218.t000" lemma="vivesa" pos="NOUN">vivesa</instance>
         <wf lemma="de" pos="X">de</wf>
         <wf lemma="color" pos="X">color</wf>
         <wf lemma="." pos="X">.</wf>
      </sentence>
      <sentence id="d000.s219" source="wordnet-catalan">
         <wf lemma="un" pos="X">un</wf>
         <instance id="d000.s219.t000" lemma="extens" pos="ADJ">extens</instance>
         <wf lemma="periode" pos="X">periode</wf>
         <wf lemma="de" pos="X">de</wf>
         <wf lemma="temps" pos="X">temps</wf>
         <wf lemma="." pos="X">.</wf>
      </sentence>
      <sentence id="d000.s220" source="wordnet-catalan">
         <wf lemma="li" pos="X">li</wf>
         <wf lemma="van" pos="X">van</wf>
         <wf lemma="donar" pos="X">donar</wf>
         <instance id="d000.s220.t000" lemma="canvi" pos="NOUN">canvi</instance>
         <wf lemma="d'" pos="X">d'</wf>
         <wf lemma="un" pos="X">un</wf>
         <wf lemma="bitllet" pos="X">bitllet</wf>
         <wf lemma="de" pos="X">de</wf>
         <wf lemma="deu" pos="X">deu</wf>
         <wf lemma="i" pos="X">i</wf>
         <wf lemma="el" pos="X">el</wf>
         <wf lemma="va" pos="X">va</wf>
         <wf lemma="fer" pos="X">fer</wf>
         <wf lemma="servir" pos="X">servir</wf>
         <wf lemma="per" pos="X">per</wf>
         <wf lemma="pagar" pos="X">pagar</wf>
         <wf lemma="el" pos="X">el</wf>
         <wf lemma="taxi" pos="X">taxi</wf>
         <wf lemma="." pos="X">.</wf>
      </sentence>
      <sentence id="d000.s221" source="wordnet-catalan">
         <instance id="d000.s221.t000" lemma="futur" pos="NOUN">futur</instance>
         <wf lemma="negre" pos="X">negre</wf>
         <wf lemma="." pos="X">.</wf>
      </sentence>
      <sentence id="d000.s222" source="wordnet-catalan">
         <wf lemma="ho" pos="X">ho</wf>
         <wf lemma="van" pos="X">van</wf>
         <wf lemma="perdre" pos="X">perdre</wf>
         <wf lemma="tot" pos="X">tot</wf>
         <wf lemma="en" pos="X">en</wf>
         <wf lemma="l'" pos="X">l'</wf>
         <instance id="d000.s222.t000" lemma="incendi" pos="NOUN">incendi</instance>
         <wf lemma="." pos="X">.</wf>
      </sentence>
      <sentence id="d000.s223" source="wordnet-catalan">
         <wf lemma="Molts" pos="X">Molts</wf>
         <wf lemma="d'" pos="X">d'</wf>
         <wf lemma="aquests" pos="X">aquests</wf>
         <wf lemma="locals" pos="X">locals</wf>
         <wf lemma="no" pos="X">no</wf>
         <wf lemma="tenen" pos="X">tenen</wf>
         <instance id="d000.s223.t000" lemma="llicència" pos="NOUN">llicència</instance>
         <wf lemma="per" pos="X">per</wf>
         <wf lemma="tenir" pos="X">tenir</wf>
         <wf lemma="cuina" pos="X">cuina</wf>
         <wf lemma="." pos="X">.</wf>
      </sentence>
      <sentence id="d000.s224" source="wordnet-catalan">
         <wf lemma="Les" pos="X">Les</wf>
         <instance id="d000.s224.t000" lemma="acció" pos="NOUN">accions</instance>
         <wf lemma="de" pos="X">de</wf>
         <wf lemma="l'" pos="X">l'</wf>
         <wf lemma="empresa" pos="X">empresa</wf>
         <wf lemma="informàtica" pos="X">informàtica</wf>
         <wf lemma="debuten" pos="X">debuten</wf>
         <wf lemma="en" pos="X">en</wf>
         <wf lemma="borsa" pos="X">borsa</wf>
         <wf lemma="." pos="X">.</wf>
      </sentence>
      <sentence id="d000.s225" source="wordnet-catalan">
         <wf lemma="un" pos="X">un</wf>
         <wf lemma="tub" pos="X">tub</wf>
         <wf lemma="ha" pos="X">ha</wf>
         <wf lemma="de" pos="X">de</wf>
         <wf lemma="recolzar-se" pos="X">recolzar-se</wf>
         <wf lemma="a" pos="X">a</wf>
         <wf lemma="la" pos="X">la</wf>
         <wf lemma="seva" pos="X">seva</wf>
         <instance id="d000.s225.t000" lemma="base" pos="NOUN">base</instance>
         <wf lemma="." pos="X">.</wf>
      </sentence>
      <sentence id="d000.s226" source="wordnet-catalan">
         <wf lemma="han" pos="X">han</wf>
         <wf lemma="acabat" pos="X">acabat</wf>
         <wf lemma="l'" pos="X">l'</wf>
         <wf lemma="última" pos="X">última</wf>
         <instance id="d000.s226.t000" lemma="part" pos="NOUN">part</instance>
         <wf lemma="de" pos="X">de</wf>
         <wf lemma="la" pos="X">la</wf>
         <wf lemma="carretera" pos="X">carretera</wf>
         <wf lemma="." pos="X">.</wf>
      </sentence>
      <sentence id="d000.s227" source="wordnet-catalan">
         <wf lemma="hem" pos="X">hem</wf>
         <wf lemma="d'" pos="X">d'</wf>
         <wf lemma="inculcar" pos="X">inculcar</wf>
         <wf lemma="als" pos="X">als</wf>
         <wf lemma="nostres" pos="X">nostres</wf>
         <wf lemma="fills" pos="X">fills</wf>
         <wf lemma="el" pos="X">el</wf>
         <wf lemma="sentit" pos="X">sentit</wf>
         <wf lemma="del" pos="X">del</wf>
         <instance id="d000.s227.t000" lemma="deure" pos="NOUN">deure</instance>
         <wf lemma="." pos="X">.</wf>
      </sentence>
      <sentence id="d000.s228" source="wordnet-catalan">
         <wf lemma="els" pos="X">els</wf>
         <wf lemma="dos" pos="X">dos</wf>
         <instance id="d000.s228.t000" lemma="rival" pos="NOUN">rivals</instance>
         <wf lemma="s'" pos="X">s'</wf>
         <wf lemma="odiaven" pos="X">odiaven</wf>
         <wf lemma="a" pos="X">a</wf>
         <wf lemma="mort" pos="X">mort</wf>
         <wf lemma="." pos="X">.</wf>
      </sentence>
      <sentence id="d000.s229" source="wordnet-catalan">
         <wf lemma="el" pos="X">el</wf>
         <wf lemma="professor" pos="X">professor</wf>
         <wf lemma="ens" pos="X">ens</wf>
         <wf lemma="va" pos="X">va</wf>
         <wf lemma="posar" pos="X">posar</wf>
         <wf lemma="deu" pos="X">deu</wf>
         <instance id="d000.s229.t000" lemma="problema" pos="NOUN">problemes</instance>
         <wf lemma="per" pos="X">per</wf>
         <wf lemma="fer" pos="X">fer</wf>
         <wf lemma="com" pos="X">com</wf>
         <wf lemma="a" pos="X">a</wf>
         <wf lemma="deures" pos="X">deures</wf>
         <wf lemma="." pos="X">.</wf>
      </sentence>
      <sentence id="d000.s230" source="wordnet-catalan">
         <wf lemma="El" pos="X">El</wf>
         <wf lemma="Govern" pos="X">Govern</wf>
         <wf lemma="va" pos="X">va</wf>
         <wf lemma="complir" pos="X">complir</wf>
         <wf lemma="ahir" pos="X">ahir</wf>
         <wf lemma="el" pos="X">el</wf>
         <instance id="d000.s230.t000" lemma="mandat" pos="NOUN">mandat</instance>
         <wf lemma="del" pos="X">del</wf>
         <wf lemma="Tribunal" pos="X">Tribunal</wf>
         <wf lemma="Suprem" pos="X">Suprem</wf>
         <wf lemma="sobre" pos="X">sobre</wf>
         <wf lemma="la" pos="X">la</wf>
         <wf lemma="retenció" pos="X">retenció</wf>
         <wf lemma="de" pos="X">de</wf>
         <wf lemma="l'" pos="X">l'</wf>
         <wf lemma="IRPF" pos="X">IRPF</wf>
         <wf lemma="." pos="X">.</wf>
      </sentence>
      <sentence id="d000.s231" source="wordnet-catalan">
         <wf lemma="era" pos="X">era</wf>
         <wf lemma="una" pos="X">una</wf>
         <wf lemma="bona" pos="X">bona</wf>
         <instance id="d000.s231.t000" lemma="llar" pos="NOUN">llar</instance>
         <wf lemma="cristiana" pos="X">cristiana</wf>
         <wf lemma="." pos="X">.</wf>
      </sentence>
      <sentence id="d000.s232" source="wordnet-catalan">
         <wf lemma="El" pos="X">El</wf>
         <wf lemma="banc" pos="X">banc</wf>
         <wf lemma="ens" pos="X">ens</wf>
         <wf lemma="volia" pos="X">volia</wf>
         <wf lemma="vendre" pos="X">vendre</wf>
         <wf lemma="un" pos="X">un</wf>
         <instance id="d000.s232.t000" lemma="bo" pos="NOUN">bo</instance>
         <wf lemma="que" pos="X">que</wf>
         <wf lemma="estava" pos="X">estava</wf>
         <wf lemma="qualificat" pos="X">qualificat</wf>
         <wf lemma="com" pos="X">com</wf>
         <wf lemma="escombraries" pos="X">escombraries</wf>
         <wf lemma="." pos="X">.</wf>
      </sentence>
      <sentence id="d000.s233" source="wordnet-catalan">
         <wf lemma="encara" pos="X">encara</wf>
         <wf lemma="que" pos="X">que</wf>
         <wf lemma="ja" pos="X">ja</wf>
         <wf lemma="ha" pos="X">ha</wf>
         <wf lemma="passat" pos="X">passat</wf>
         <wf lemma="l'" pos="X">l'</wf>
         <wf lemma="edat" pos="X">edat</wf>
         <wf lemma="per" pos="X">per</wf>
         <wf lemma="retirar-se" pos="X">retirar-se</wf>
         <wf lemma="continua" pos="X">continua</wf>
         <instance id="d000.s233.t000" lemma="actiu" pos="ADJ">actiu</instance>
         <wf lemma="en" pos="X">en</wf>
         <wf lemma="la" pos="X">la</wf>
         <wf lemma="seva" pos="X">seva</wf>
         <wf lemma="professió" pos="X">professió</wf>
         <wf lemma="." pos="X">.</wf>
      </sentence>
      <sentence id="d000.s234" source="wordnet-catalan">
         <wf lemma="sempre" pos="X">sempre</wf>
         <wf lemma="que" pos="X">que</wf>
         <wf lemma="hi" pos="X">hi</wf>
         <wf lemma="hagi" pos="X">hagi</wf>
         <wf lemma="un" pos="X">un</wf>
         <instance id="d000.s234.t000" lemma="llumí" pos="NOUN">llumí</instance>
         <wf lemma="per" pos="X">per</wf>
         <wf lemma="encendre" pos="X">encendre</wf>
         <wf lemma="el" pos="X">el</wf>
         <wf lemma="seu" pos="X">seu</wf>
         <wf lemma="cigarret" pos="X">cigarret</wf>
         <wf lemma="." pos="X">.</wf>
      </sentence>
      <sentence id="d000.s235" source="wordnet-catalan">
         <wf lemma="van" pos="X">van</wf>
         <wf lemma="tapar" pos="X">tapar</wf>
         <wf lemma="la" pos="X">la</wf>
         <wf lemma="qüestió" pos="X">qüestió</wf>
         <wf lemma="per" pos="X">per</wf>
         <wf lemma="no" pos="X">no</wf>
         <wf lemma="causar" pos="X">causar</wf>
         <instance id="d000.s235.t000" lemma="inquietud" pos="NOUN">inquietud</instance>
         <wf lemma="a" pos="X">a</wf>
         <wf lemma="l'" pos="X">l'</wf>
         <wf lemma="opinió" pos="X">opinió</wf>
         <wf lemma="pública" pos="X">pública</wf>
         <wf lemma="." pos="X">.</wf>
      </sentence>
      <sentence id="d000.s236" source="wordnet-catalan">
         <wf lemma="Per" pos="X">Per</wf>
         <wf lemma="arribar" pos="X">arribar</wf>
         <wf lemma="a" pos="X">a</wf>
         <wf lemma="aquesta" pos="X">aquesta</wf>
         <wf lemma="conclusió" pos="X">conclusió</wf>
         <wf lemma="," pos="X">,</wf>
         <wf lemma="va" pos="X">va</wf>
         <wf lemma="procedir" pos="X">procedir</wf>
         <wf lemma="per" pos="X">per</wf>
         <instance id="d000.s236.t000" lemma="eliminació" pos="NOUN">eliminació</instance>
         <wf lemma="." pos="X">.</wf>
      </sentence>
      <sentence id="d000.s237" source="wordnet-catalan">
         <wf lemma="quan" pos="X">quan</wf>
         <wf lemma="estàs" pos="X">estàs</wf>
         <wf lemma="sol" pos="X">sol</wf>
         <wf lemma="el" pos="X">el</wf>
         <wf lemma="Nadal" pos="X">Nadal</wf>
         <wf lemma="es" pos="X">es</wf>
         <wf lemma="converteix" pos="X">converteix</wf>
         <wf lemma="en" pos="X">en</wf>
         <wf lemma="un" pos="X">un</wf>
         <instance id="d000.s237.t000" lemma="infern" pos="NOUN">infern</instance>
         <wf lemma="." pos="X">.</wf>
      </sentence>
      <sentence id="d000.s238" source="wordnet-catalan">
         <wf lemma="la" pos="X">la</wf>
         <instance id="d000.s238.t000" lemma="pista" pos="NOUN">pista</instance>
         <wf lemma="del" pos="X">del</wf>
         <wf lemma="títol" pos="X">títol</wf>
         <wf lemma="de" pos="X">de</wf>
         <wf lemma="l'" pos="X">l'</wf>
         <wf lemma="àlbum" pos="X">àlbum</wf>
         <wf lemma="." pos="X">.</wf>
      </sentence>
      <sentence id="d000.s239" source="wordnet-catalan">
         <wf lemma="va" pos="X">va</wf>
         <wf lemma="haver-hi" pos="X">haver-hi</wf>
         <wf lemma="una" pos="X">una</wf>
         <instance id="d000.s239.t000" lemma="pausa" pos="NOUN">pausa</instance>
         <wf lemma="quan" pos="X">quan</wf>
         <wf lemma="el" pos="X">el</wf>
         <wf lemma="jugador" pos="X">jugador</wf>
         <wf lemma="es" pos="X">es</wf>
         <wf lemma="va" pos="X">va</wf>
         <wf lemma="lesionar" pos="X">lesionar</wf>
         <wf lemma="." pos="X">.</wf>
      </sentence>
      <sentence id="d000.s240" source="wordnet-catalan">
         <wf lemma="va" pos="X">va</wf>
         <wf lemma="expressar" pos="X">expressar</wf>
         <wf lemma="les" pos="X">les</wf>
         <wf lemma="seves" pos="X">seves</wf>
         <instance id="d000.s240.t000" lemma="gana" pos="NOUN">ganes</instance>
         <wf lemma="d'" pos="X">d'</wf>
         <wf lemma="ajudar" pos="X">ajudar</wf>
         <wf lemma="." pos="X">.</wf>
      </sentence>
      <sentence id="d000.s241" source="wordnet-catalan">
         <wf lemma="la" pos="X">la</wf>
         <instance id="d000.s241.t000" lemma="cerimònia" pos="NOUN">cerimònia</instance>
         <wf lemma="d'" pos="X">d'</wf>
         <wf lemma="inauguració" pos="X">inauguració</wf>
         <wf lemma="." pos="X">.</wf>
      </sentence>
      <sentence id="d000.s242" source="wordnet-catalan">
         <wf lemma="el" pos="X">el</wf>
         <wf lemma="Congrés" pos="X">Congrés</wf>
         <wf lemma="va" pos="X">va</wf>
         <wf lemma="realitzar" pos="X">realitzar</wf>
         <wf lemma="una" pos="X">una</wf>
         <instance id="d000.s242.t000" lemma="investigació" pos="NOUN">investigació</instance>
         <wf lemma="sobre" pos="X">sobre</wf>
         <wf lemma="l'" pos="X">l'</wf>
         <wf lemma="escandol" pos="X">escandol</wf>
         <wf lemma="." pos="X">.</wf>
      </sentence>
      <sentence id="d000.s243" source="wordnet-catalan">
         <wf lemma="van" pos="X">van</wf>
         <wf lemma="jugar" pos="X">jugar</wf>
         <wf lemma="un" pos="X">un</wf>
         <instance id="d000.s243.t000" lemma="partit" pos="NOUN">partit</instance>
         <wf lemma="de" pos="X">de</wf>
         <wf lemma="futbol" pos="X">futbol</wf>
         <wf lemma="." pos="X">.</wf>
      </sentence>
      <sentence id="d000.s244" source="wordnet-catalan">
         <wf lemma="va" pos="X">va</wf>
         <wf lemma="costar" pos="X">costar</wf>
         <wf lemma="molt" pos="X">molt</wf>
         <instance id="d000.s244.t000" lemma="treball" pos="NOUN">treball</instance>
         <wf lemma="trobar" pos="X">trobar</wf>
         <wf lemma="el" pos="X">el</wf>
         <wf lemma="poble" pos="X">poble</wf>
         <wf lemma="." pos="X">.</wf>
      </sentence>
      <sentence id="d000.s245" source="wordnet-catalan">
         <wf lemma="la" pos="X">la</wf>
         <wf lemma="van" pos="X">van</wf>
         <wf lemma="posar" pos="X">posar</wf>
         <wf lemma="a" pos="X">a</wf>
         <wf lemma="la" pos="X">la</wf>
         <instance id="d000.s245.t000" lemma="sala" pos="NOUN">sala</instance>
         <wf lemma="4" pos="X">4</wf>
         <wf lemma="de" pos="X">de</wf>
         <wf lemma="l'" pos="X">l'</wf>
         <wf lemma="hospital" pos="X">hospital</wf>
         <wf lemma="." pos="X">.</wf>
      </sentence>
      <sentence id="d000.s246" source="wordnet-catalan">
         <wf lemma="tens" pos="X">tens</wf>
         <wf lemma="dues" pos="X">dues</wf>
         <instance id="d000.s246.t000" lemma="alternativa" pos="NOUN">alternatives</instance>
         <wf lemma="." pos="X">.</wf>
      </sentence>
      <sentence id="d000.s247" source="wordnet-catalan">
         <wf lemma="el" pos="X">el</wf>
         <instance id="d000.s247.t000" lemma="programa" pos="NOUN">programa</instance>
         <wf lemma="del" pos="X">del</wf>
         <wf lemma="partit" pos="X">partit</wf>
         <wf lemma="basc" pos="X">basc</wf>
         <wf lemma="afectava" pos="X">afectava</wf>
         <wf lemma="a" pos="X">a</wf>
         <wf lemma="Catalunya" pos="X">Catalunya</wf>
         <wf lemma="." pos="X">.</wf>
      </sentence>
      <sentence id="d000.s248" source="wordnet-catalan">
         <wf lemma="l'" pos="X">l'</wf>
         <instance id="d000.s248.t000" lemma="exposició" pos="NOUN">exposició</instance>
         <wf lemma="de" pos="X">de</wf>
         <wf lemma="la" pos="X">la</wf>
         <wf lemma="pel·lícula" pos="X">pel·lícula</wf>
         <wf lemma="és" pos="X">és</wf>
         <wf lemma="el" pos="X">el</wf>
         <wf lemma="primer" pos="X">primer</wf>
         <wf lemma="pas" pos="X">pas</wf>
         <wf lemma="per" pos="X">per</wf>
         <wf lemma="un" pos="X">un</wf>
         <wf lemma="fotògraf" pos="X">fotògraf</wf>
         <wf lemma="." pos="X">.</wf>
      </sentence>
      <sentence id="d000.s249" source="wordnet-catalan">
         <wf lemma="els" pos="X">els</wf>
         <instance id="d000.s249.t000" lemma="diputat" pos="NOUN">diputats</instance>
         <wf lemma="van" pos="X">van</wf>
         <wf lemma="arribar" pos="X">arribar</wf>
         <wf lemma="tard" pos="X">tard</wf>
         <wf lemma="a" pos="X">a</wf>
         <wf lemma="la" pos="X">la</wf>
         <wf lemma="votació" pos="X">votació</wf>
         <wf lemma="." pos="X">.</wf>
      </sentence>
      <sentence id="d000.s250" source="wordnet-catalan">
         <wf lemma="a" pos="X">a</wf>
         <instance id="d000.s250.t000" lemma="expenses" pos="NOUN">expenses</instance>
         <wf lemma="de" pos="X">de</wf>
         <wf lemma="." pos="X">.</wf>
      </sentence>
      <sentence id="d000.s251" source="wordnet-catalan">
         <wf lemma="els" pos="X">els</wf>
         <instance id="d000.s251.t000" lemma="jove" pos="NOUN">joves</instance>
         <wf lemma="cada" pos="X">cada</wf>
         <wf lemma="dia" pos="X">dia</wf>
         <wf lemma="arriben" pos="X">arriben</wf>
         <wf lemma="més" pos="X">més</wf>
         <wf lemma="tard" pos="X">tard</wf>
         <wf lemma="a" pos="X">a</wf>
         <wf lemma="casa" pos="X">casa</wf>
         <wf lemma="." pos="X">.</wf>
      </sentence>
      <sentence id="d000.s252" source="wordnet-catalan">
         <wf lemma="va" pos="X">va</wf>
         <wf lemma="encendre" pos="X">encendre</wf>
         <wf lemma="un" pos="X">un</wf>
         <wf lemma="llumí" pos="X">llumí</wf>
         <wf lemma="per" pos="X">per</wf>
         <wf lemma="a" pos="X">a</wf>
         <wf lemma="dipersar" pos="X">dipersar</wf>
         <wf lemma="la" pos="X">la</wf>
         <instance id="d000.s252.t000" lemma="foscor" pos="NOUN">foscor</instance>
         <wf lemma="." pos="X">.</wf>
      </sentence>
      <sentence id="d000.s253" source="wordnet-catalan">
         <wf lemma="la" pos="X">la</wf>
         <wf lemma="seva" pos="X">seva</wf>
         <instance id="d000.s253.t000" lemma="seguretat" pos="NOUN">seguretat</instance>
         <wf lemma="els" pos="X">els</wf>
         <wf lemma="va" pos="X">va</wf>
         <wf lemma="tranquil·litzar" pos="X">tranquil·litzar</wf>
         <wf lemma="." pos="X">.</wf>
      </sentence>
      <sentence id="d000.s254" source="wordnet-catalan">
         <wf lemma="Van" pos="X">Van</wf>
         <wf lemma="emprendre" pos="X">emprendre</wf>
         <wf lemma="una" pos="X">una</wf>
         <wf lemma="acció" pos="X">acció</wf>
         <instance id="d000.s254.t000" lemma="conjunt" pos="ADJ">conjunta</instance>
         <wf lemma="." pos="X">.</wf>
      </sentence>
      <sentence id="d000.s255" source="wordnet-catalan">
         <wf lemma="considerem" pos="X">considerem</wf>
         <wf lemma="paraula" pos="X">paraula</wf>
         <wf lemma="allò" pos="X">allò</wf>
         <wf lemma="escrit" pos="X">escrit</wf>
         <wf lemma="entre" pos="X">entre</wf>
         <wf lemma="dos" pos="X">dos</wf>
         <instance id="d000.s255.t000" lemma="espai" pos="NOUN">espais</instance>
         <wf lemma="en" pos="X">en</wf>
         <wf lemma="blanc" pos="X">blanc</wf>
         <wf lemma="." pos="X">.</wf>
      </sentence>
      <sentence id="d000.s256" source="wordnet-catalan">
         <wf lemma="va" pos="X">va</wf>
         <wf lemma="deixar" pos="X">deixar</wf>
         <wf lemma="el" pos="X">el</wf>
         <wf lemma="cotxe" pos="X">cotxe</wf>
         <wf lemma="sota" pos="X">sota</wf>
         <wf lemma="la" pos="X">la</wf>
         <wf lemma="meva" pos="X">meva</wf>
         <instance id="d000.s256.t000" lemma="responsabilitat" pos="NOUN">responsabilitat</instance>
         <wf lemma="." pos="X">.</wf>
      </sentence>
      <sentence id="d000.s257" source="wordnet-catalan">
         <wf lemma="la" pos="X">la</wf>
         <wf lemma="seva" pos="X">seva</wf>
         <wf lemma="heroïcitat" pos="X">heroïcitat</wf>
         <wf lemma="va" pos="X">va</wf>
         <wf lemma="salvar" pos="X">salvar</wf>
         <wf lemma="una" pos="X">una</wf>
         <instance id="d000.s257.t000" lemma="vida" pos="NOUN">vida</instance>
         <wf lemma="." pos="X">.</wf>
      </sentence>
      <sentence id="d000.s258" source="wordnet-catalan">
         <wf lemma="es" pos="X">es</wf>
         <wf lemma="va" pos="X">va</wf>
         <wf lemma="endur" pos="X">endur</wf>
         <wf lemma="els" pos="X">els</wf>
         <wf lemma="gossos" pos="X">gossos</wf>
         <wf lemma="per" pos="X">per</wf>
         <wf lemma="anar" pos="X">anar</wf>
         <wf lemma="a" pos="X">a</wf>
         <wf lemma="fer" pos="X">fer</wf>
         <wf lemma="una" pos="X">una</wf>
         <instance id="d000.s258.t000" lemma="volta" pos="NOUN">volta</instance>
         <wf lemma="." pos="X">.</wf>
      </sentence>
      <sentence id="d000.s259" source="wordnet-catalan">
         <wf lemma="Un" pos="X">Un</wf>
         <wf lemma="llarg" pos="X">llarg</wf>
         <wf lemma="historial" pos="X">historial</wf>
         <wf lemma="de" pos="X">de</wf>
         <instance id="d000.s259.t000" lemma="crim" pos="NOUN">crims</instance>
         <wf lemma="." pos="X">.</wf>
      </sentence>
      <sentence id="d000.s260" source="wordnet-catalan">
         <wf lemma="treballen" pos="X">treballen</wf>
         <wf lemma="tot" pos="X">tot</wf>
         <wf lemma="el" pos="X">el</wf>
         <wf lemma="dia" pos="X">dia</wf>
         <wf lemma="per" pos="X">per</wf>
         <wf lemma="una" pos="X">una</wf>
         <instance id="d000.s260.t000" lemma="misèria" pos="NOUN">misèria</instance>
         <wf lemma="." pos="X">.</wf>
      </sentence>
      <sentence id="d000.s261" source="wordnet-catalan">
         <wf lemma="el" pos="X">el</wf>
         <wf lemma="professor" pos="X">professor</wf>
         <wf lemma="volia" pos="X">volia</wf>
         <wf lemma="el" pos="X">el</wf>
         <wf lemma="treball" pos="X">treball</wf>
         <wf lemma="amb" pos="X">amb</wf>
         <wf lemma="la" pos="X">la</wf>
         <instance id="d000.s261.t000" lemma="font" pos="NOUN">font</instance>
         <wf lemma="Times" pos="X">Times</wf>
         <wf lemma="New" pos="X">New</wf>
         <wf lemma="Roman" pos="X">Roman</wf>
         <wf lemma="." pos="X">.</wf>
      </sentence>
      <sentence id="d000.s262" source="wordnet-catalan">
         <wf lemma="va" pos="X">va</wf>
         <wf lemma="proposar" pos="X">proposar</wf>
         <wf lemma="una" pos="X">una</wf>
         <instance id="d000.s262.t000" lemma="teoria" pos="NOUN">teoria</instance>
         <wf lemma="sobre" pos="X">sobre</wf>
         <wf lemma="els" pos="X">els</wf>
         <wf lemma="alcaloides" pos="X">alcaloides</wf>
         <wf lemma="que" pos="X">que</wf>
         <wf lemma="posteriorment" pos="X">posteriorment</wf>
         <wf lemma="va" pos="X">va</wf>
         <wf lemma="ser" pos="X">ser</wf>
         <wf lemma="acceptada" pos="X">acceptada</wf>
         <wf lemma="en" pos="X">en</wf>
         <wf lemma="les" pos="X">les</wf>
         <wf lemma="pràctiques" pos="X">pràctiques</wf>
         <wf lemma="químiques" pos="X">químiques</wf>
         <wf lemma="." pos="X">.</wf>
      </sentence>
      <sentence id="d000.s263" source="wordnet-catalan">
         <wf lemma="estaven" pos="X">estaven</wf>
         <wf lemma="en" pos="X">en</wf>
         <wf lemma="un" pos="X">un</wf>
         <wf lemma="estat" pos="X">estat</wf>
         <wf lemma="de" pos="X">de</wf>
         <instance id="d000.s263.t000" lemma="moviment" pos="NOUN">moviment</instance>
         <wf lemma="constant" pos="X">constant</wf>
         <wf lemma="." pos="X">.</wf>
      </sentence>
      <sentence id="d000.s264" source="wordnet-catalan">
         <wf lemma="el" pos="X">el</wf>
         <wf lemma="govern" pos="X">govern</wf>
         <wf lemma="ha" pos="X">ha</wf>
         <wf lemma="de" pos="X">de</wf>
         <wf lemma="fer" pos="X">fer</wf>
         <wf lemma="les" pos="X">les</wf>
         <instance id="d000.s264.t000" lemma="funció" pos="NOUN">funcions</instance>
         <wf lemma="que" pos="X">que</wf>
         <wf lemma="li" pos="X">li</wf>
         <wf lemma="són" pos="X">són</wf>
         <wf lemma="pròpies" pos="X">pròpies</wf>
         <wf lemma="." pos="X">.</wf>
      </sentence>
      <sentence id="d000.s265" source="wordnet-catalan">
         <wf lemma="la" pos="X">la</wf>
         <wf lemma="família" pos="X">família</wf>
         <wf lemma="va" pos="X">va</wf>
         <wf lemma="superar" pos="X">superar</wf>
         <wf lemma="els" pos="X">els</wf>
         <instance id="d000.s265.t000" lemma="problema" pos="NOUN">problemes</instance>
         <wf lemma="econòmics" pos="X">econòmics</wf>
         <wf lemma="." pos="X">.</wf>
      </sentence>
      <sentence id="d000.s266" source="wordnet-catalan">
         <wf lemma="el" pos="X">el</wf>
         <wf lemma="nou" pos="X">nou</wf>
         <wf lemma="alcalde" pos="X">alcalde</wf>
         <wf lemma="va" pos="X">va</wf>
         <wf lemma="assumir" pos="X">assumir</wf>
         <wf lemma="l'" pos="X">l'</wf>
         <instance id="d000.s266.t000" lemma="alcaldia" pos="NOUN">alcaldia</instance>
         <wf lemma="amb" pos="X">amb</wf>
         <wf lemma="il·lusió" pos="X">il·lusió</wf>
         <wf lemma="." pos="X">.</wf>
      </sentence>
      <sentence id="d000.s267" source="wordnet-catalan">
         <wf lemma="es" pos="X">es</wf>
         <wf lemma="van" pos="X">van</wf>
         <wf lemma="reunir" pos="X">reunir</wf>
         <wf lemma="tots" pos="X">tots</wf>
         <wf lemma="per" pos="X">per</wf>
         <wf lemma="decidir" pos="X">decidir</wf>
         <wf lemma="el" pos="X">el</wf>
         <instance id="d000.s267.t000" lemma="programa" pos="NOUN">programa</instance>
         <wf lemma="." pos="X">.</wf>
      </sentence>
      <sentence id="d000.s268" source="wordnet-catalan">
         <wf lemma="obres" pos="X">obres</wf>
         <wf lemma="de" pos="X">de</wf>
         <wf lemma="teatre" pos="X">teatre</wf>
         <wf lemma="en" pos="X">en</wf>
         <wf lemma="el" pos="X">el</wf>
         <instance id="d000.s268.t000" lemma="cel·luloide" pos="NOUN">cel·luloide</instance>
         <wf lemma="." pos="X">.</wf>
      </sentence>
      <sentence id="d000.s269" source="wordnet-catalan">
         <wf lemma="va" pos="X">va</wf>
         <wf lemma="canviar" pos="X">canviar</wf>
         <wf lemma="d'" pos="X">d'</wf>
         <instance id="d000.s269.t000" lemma="opinió" pos="NOUN">opinió</instance>
         <wf lemma="." pos="X">.</wf>
      </sentence>
      <sentence id="d000.s270" source="wordnet-catalan">
         <wf lemma="una" pos="X">una</wf>
         <wf lemma="funció" pos="X">funció</wf>
         <instance id="d000.s270.t000" lemma="asimptòtic" pos="ADJ">asimptòtica</instance>
         <wf lemma="." pos="X">.</wf>
      </sentence>
      <sentence id="d000.s271" source="wordnet-catalan">
         <wf lemma="un" pos="X">un</wf>
         <instance id="d000.s271.t000" lemma="cicle" pos="NOUN">cicle</instance>
         <wf lemma="de" pos="X">de</wf>
         <wf lemma="represàlies" pos="X">represàlies</wf>
         <wf lemma="i" pos="X">i</wf>
         <wf lemma="respostes" pos="X">respostes</wf>
         <wf lemma="." pos="X">.</wf>
      </sentence>
      <sentence id="d000.s272" source="wordnet-catalan">
         <wf lemma="una" pos="X">una</wf>
         <wf lemma="solitud" pos="X">solitud</wf>
         <instance id="d000.s272.t000" lemma="genuí" pos="ADJ">genuïna</instance>
         <wf lemma="com" pos="X">com</wf>
         <wf lemma="un" pos="X">un</wf>
         <wf lemma="desert-" pos="X">desert-</wf>
         <wf lemma="G.K." pos="X">G.K.</wf>
         <wf lemma="Chesterton" pos="X">Chesterton</wf>
         <wf lemma="." pos="X">.</wf>
      </sentence>
      <sentence id="d000.s273" source="wordnet-catalan">
         <wf lemma="van" pos="X">van</wf>
         <wf lemma="treure" pos="X">treure</wf>
         <wf lemma="molta" pos="X">molta</wf>
         <instance id="d000.s273.t000" lemma="terra" pos="NOUN">terra</instance>
         <wf lemma="del" pos="X">del</wf>
         <wf lemma="forat" pos="X">forat</wf>
         <wf lemma="que" pos="X">que</wf>
         <wf lemma="van" pos="X">van</wf>
         <wf lemma="excavar" pos="X">excavar</wf>
         <wf lemma="." pos="X">.</wf>
      </sentence>
      <sentence id="d000.s274" source="wordnet-catalan">
         <wf lemma="És" pos="X">És</wf>
         <wf lemma="una" pos="X">una</wf>
         <instance id="d000.s274.t000" lemma="parella" pos="NOUN">parella</instance>
         <wf lemma="de" pos="X">de</wf>
         <wf lemma="Vic" pos="X">Vic</wf>
         <wf lemma="." pos="X">.</wf>
      </sentence>
      <sentence id="d000.s275" source="wordnet-catalan">
         <wf lemma="un" pos="X">un</wf>
         <wf lemma="do" pos="X">do</wf>
         <instance id="d000.s275.t000" lemma="natural" pos="ADJ">natural</instance>
         <wf lemma="per" pos="X">per</wf>
         <wf lemma="l'" pos="X">l'</wf>
         <wf lemma="esport" pos="X">esport</wf>
         <wf lemma="." pos="X">.</wf>
      </sentence>
      <sentence id="d000.s276" source="wordnet-catalan">
         <wf lemma="era" pos="X">era</wf>
         <wf lemma="una" pos="X">una</wf>
         <instance id="d000.s276.t000" lemma="taula" pos="NOUN">taula</instance>
         <wf lemma="massissa" pos="X">massissa</wf>
         <wf lemma="." pos="X">.</wf>
      </sentence>
      <sentence id="d000.s277" source="wordnet-catalan">
         <wf lemma="El" pos="X">El</wf>
         <wf lemma="pagament" pos="X">pagament</wf>
         <wf lemma="d'" pos="X">d'</wf>
         <wf lemma="aquesta" pos="X">aquesta</wf>
         <wf lemma="taxa" pos="X">taxa</wf>
         <wf lemma="és" pos="X">és</wf>
         <instance id="d000.s277.t000" lemma="facultatiu" pos="ADJ">facultatiu</instance>
         <wf lemma="." pos="X">.</wf>
      </sentence>
      <sentence id="d000.s278" source="wordnet-catalan">
         <wf lemma="un" pos="X">un</wf>
         <wf lemma="vot" pos="X">vot</wf>
         <instance id="d000.s278.t000" lemma="nul" pos="ADJ">nul</instance>
         <wf lemma="." pos="X">.</wf>
      </sentence>
      <sentence id="d000.s279" source="wordnet-catalan">
         <wf lemma="Luter" pos="X">Luter</wf>
         <wf lemma="tenia" pos="X">tenia</wf>
         <wf lemma="una" pos="X">una</wf>
         <wf lemma="nova" pos="X">nova</wf>
         <instance id="d000.s279.t000" lemma="concepció" pos="NOUN">concepció</instance>
         <wf lemma="de" pos="X">de</wf>
         <wf lemma="la" pos="X">la</wf>
         <wf lemma="Bíblia" pos="X">Bíblia</wf>
         <wf lemma="." pos="X">.</wf>
      </sentence>
      <sentence id="d000.s280" source="wordnet-catalan">
         <wf lemma="el" pos="X">el</wf>
         <wf lemma="telèfon" pos="X">telèfon</wf>
         <wf lemma="és" pos="X">és</wf>
         <wf lemma="una" pos="X">una</wf>
         <instance id="d000.s280.t000" lemma="interrupció" pos="NOUN">interrupció</instance>
         <wf lemma="molesta" pos="X">molesta</wf>
         <wf lemma="." pos="X">.</wf>
      </sentence>
      <sentence id="d000.s281" source="wordnet-catalan">
         <wf lemma="Era" pos="X">Era</wf>
         <wf lemma="un" pos="X">un</wf>
         <wf lemma="tema" pos="X">tema</wf>
         <instance id="d000.s281.t000" lemma="familiar" pos="ADJ">familiar</instance>
         <wf lemma="a" pos="X">a</wf>
         <wf lemma="l'" pos="X">l'</wf>
         <wf lemma="audiència" pos="X">audiència</wf>
         <wf lemma="." pos="X">.</wf>
      </sentence>
      <sentence id="d000.s282" source="wordnet-catalan">
         <wf lemma="va" pos="X">va</wf>
         <wf lemma="ser" pos="X">ser</wf>
         <wf lemma="un" pos="X">un</wf>
         <wf lemma="bon" pos="X">bon</wf>
         <instance id="d000.s282.t000" lemma="començament" pos="NOUN">començament</instance>
         <wf lemma="." pos="X">.</wf>
      </sentence>
      <sentence id="d000.s283" source="wordnet-catalan">
         <instance id="d000.s283.t000" lemma="sentit" pos="NOUN">sentit</instance>
         <wf lemma="únic" pos="X">únic</wf>
         <wf lemma="." pos="X">.</wf>
      </sentence>
      <sentence id="d000.s284" source="wordnet-catalan">
         <wf lemma="la" pos="X">la</wf>
         <instance id="d000.s284.t000" lemma="ciutat" pos="NOUN">ciutat</instance>
         <wf lemma="de" pos="X">de</wf>
         <wf lemma="Barcelona" pos="X">Barcelona</wf>
         <wf lemma="és" pos="X">és</wf>
         <wf lemma="una" pos="X">una</wf>
         <wf lemma="atracció" pos="X">atracció</wf>
         <wf lemma="turística" pos="X">turística</wf>
         <wf lemma="." pos="X">.</wf>
      </sentence>
      <sentence id="d000.s285" source="wordnet-catalan">
         <wf lemma="Viuen" pos="X">Viuen</wf>
         <wf lemma="segons" pos="X">segons</wf>
         <wf lemma="els" pos="X">els</wf>
         <instance id="d000.s285.t000" lemma="estàndard" pos="NOUN">estàndards</instance>
         <wf lemma="de" pos="X">de</wf>
         <wf lemma="la" pos="X">la</wf>
         <wf lemma="seva" pos="X">seva</wf>
         <wf lemma="comunitat" pos="X">comunitat</wf>
         <wf lemma="." pos="X">.</wf>
      </sentence>
      <sentence id="d000.s286" source="wordnet-catalan">
         <wf lemma="el" pos="X">el</wf>
         <wf lemma="seu" pos="X">seu</wf>
         <instance id="d000.s286.t000" lemma="nom" pos="NOUN">nom</instance>
         <wf lemma="real" pos="X">real</wf>
         <wf lemma="era" pos="X">era</wf>
         <wf lemma="George" pos="X">George</wf>
         <wf lemma="Washington" pos="X">Washington</wf>
         <wf lemma="." pos="X">.</wf>
      </sentence>
      <sentence id="d000.s287" source="wordnet-catalan">
         <wf lemma="la" pos="X">la</wf>
         <instance id="d000.s287.t000" lemma="raó" pos="NOUN">raó</instance>
         <wf lemma="per" pos="X">per</wf>
         <wf lemma="la" pos="X">la</wf>
         <wf lemma="qual" pos="X">qual</wf>
         <wf lemma="va" pos="X">va</wf>
         <wf lemma="esclatar" pos="X">esclatar</wf>
         <wf lemma="la" pos="X">la</wf>
         <wf lemma="guerra" pos="X">guerra</wf>
         <wf lemma="." pos="X">.</wf>
      </sentence>
      <sentence id="d000.s288" source="wordnet-catalan">
         <wf lemma="Estudia" pos="X">Estudia</wf>
         <wf lemma="a" pos="X">a</wf>
         <wf lemma="la" pos="X">la</wf>
         <wf lemma="facultat" pos="X">facultat</wf>
         <wf lemma="d'" pos="X">d'</wf>
         <instance id="d000.s288.t000" lemma="humanitat" pos="NOUN">humanitats</instance>
         <wf lemma="." pos="X">.</wf>
      </sentence>
      <sentence id="d000.s289" source="wordnet-catalan">
         <wf lemma="El" pos="X">El</wf>
         <wf lemma="jutge" pos="X">jutge</wf>
         <wf lemma="ha" pos="X">ha</wf>
         <wf lemma="ordenat" pos="X">ordenat</wf>
         <wf lemma="una" pos="X">una</wf>
         <instance id="d000.s289.t000" lemma="revaloració" pos="NOUN">revaloració</instance>
         <wf lemma="dels" pos="X">dels</wf>
         <wf lemma="danys" pos="X">danys</wf>
         <wf lemma="." pos="X">.</wf>
      </sentence>
      <sentence id="d000.s290" source="wordnet-catalan">
         <wf lemma="els" pos="X">els</wf>
         <wf lemma="Yankees" pos="X">Yankees</wf>
         <wf lemma="van" pos="X">van</wf>
         <wf lemma="aconseguir" pos="X">aconseguir</wf>
         <wf lemma="tres" pos="X">tres</wf>
         <instance id="d000.s290.t000" lemma="carrera" pos="NOUN">carreres</instance>
         <wf lemma="." pos="X">.</wf>
      </sentence>
      <sentence id="d000.s291" source="wordnet-catalan">
         <wf lemma="l'" pos="X">l'</wf>
         <wf lemma="oposició" pos="X">oposició</wf>
         <wf lemma="va" pos="X">va</wf>
         <wf lemma="llançar" pos="X">llançar</wf>
         <wf lemma="un" pos="X">un</wf>
         <instance id="d000.s291.t000" lemma="atac" pos="NOUN">atac</instance>
         <wf lemma="contra" pos="X">contra</wf>
         <wf lemma="el" pos="X">el</wf>
         <wf lemma="govern" pos="X">govern</wf>
         <wf lemma="." pos="X">.</wf>
      </sentence>
      <sentence id="d000.s292" source="wordnet-catalan">
         <wf lemma="El" pos="X">El</wf>
         <wf lemma="van" pos="X">van</wf>
         <wf lemma="titllar" pos="X">titllar</wf>
         <wf lemma="de" pos="X">de</wf>
         <instance id="d000.s292.t000" lemma="transgressor" pos="NOUN">transgressor</instance>
         <wf lemma="del" pos="X">del</wf>
         <wf lemma="Códi" pos="X">Códi</wf>
         <wf lemma="de" pos="X">de</wf>
         <wf lemma="circulació" pos="X">circulació</wf>
         <wf lemma="." pos="X">.</wf>
      </sentence>
      <sentence id="d000.s293" source="wordnet-catalan">
         <wf lemma="volien" pos="X">volien</wf>
         <wf lemma="revocar" pos="X">revocar</wf>
         <wf lemma="tota" pos="X">tota</wf>
         <wf lemma="la" pos="X">la</wf>
         <wf lemma="legislació" pos="X">legislació</wf>
         <wf lemma="que" pos="X">que</wf>
         <wf lemma="imposés" pos="X">imposés</wf>
         <wf lemma="un" pos="X">un</wf>
         <instance id="d000.s293.t000" lemma="control" pos="NOUN">control</instance>
         <wf lemma="econòmic" pos="X">econòmic</wf>
         <wf lemma="." pos="X">.</wf>
      </sentence>
      <sentence id="d000.s294" source="wordnet-catalan">
         <wf lemma="van" pos="X">van</wf>
         <wf lemma="empènyer" pos="X">empènyer</wf>
         <wf lemma="la" pos="X">la</wf>
         <wf lemma="canoa" pos="X">canoa</wf>
         <wf lemma="fins" pos="X">fins</wf>
         <wf lemma="a" pos="X">a</wf>
         <wf lemma="la" pos="X">la</wf>
         <instance id="d000.s294.t000" lemma="vora" pos="NOUN">vora</instance>
         <wf lemma="." pos="X">.</wf>
      </sentence>
      <sentence id="d000.s295" source="wordnet-catalan">
         <wf lemma="va" pos="X">va</wf>
         <wf lemma="entrar" pos="X">entrar</wf>
         <wf lemma="amb" pos="X">amb</wf>
         <wf lemma="molta" pos="X">molta</wf>
         <instance id="d000.s295.t000" lemma="pompa" pos="NOUN">pompa</instance>
         <wf lemma="," pos="X">,</wf>
         <wf lemma="en" pos="X">en</wf>
         <wf lemma="un" pos="X">un</wf>
         <wf lemma="cotxe" pos="X">cotxe</wf>
         <wf lemma="tirat" pos="X">tirat</wf>
         <wf lemma="per" pos="X">per</wf>
         <wf lemma="vuit" pos="X">vuit</wf>
         <wf lemma="cavalls" pos="X">cavalls</wf>
         <wf lemma="blancs" pos="X">blancs</wf>
         <wf lemma="." pos="X">.</wf>
      </sentence>
      <sentence id="d000.s296" source="wordnet-catalan">
         <wf lemma="quin" pos="X">quin</wf>
         <wf lemma="dia" pos="X">dia</wf>
         <wf lemma="més" pos="X">més</wf>
         <instance id="d000.s296.t000" lemma="bonic" pos="ADJ">bonic</instance>
         <wf lemma="." pos="X">.</wf>
      </sentence>
      <sentence id="d000.s297" source="wordnet-catalan">
         <wf lemma="ordinador" pos="X">ordinador</wf>
         <instance id="d000.s297.t000" lemma="digital" pos="ADJ">digital</instance>
         <wf lemma="." pos="X">.</wf>
      </sentence>
      <sentence id="d000.s298" source="wordnet-catalan">
         <wf lemma="molt" pos="X">molt</wf>
         <wf lemma="sovint" pos="X">sovint</wf>
         <wf lemma="la" pos="X">la</wf>
         <wf lemma="narració" pos="X">narració</wf>
         <wf lemma="es" pos="X">es</wf>
         <wf lemma="veia" pos="X">veia</wf>
         <wf lemma="interrompuda" pos="X">interrompuda</wf>
         <wf lemma="per" pos="X">per</wf>
         <wf lemma="una" pos="X">una</wf>
         <wf lemma="llarga" pos="X">llarga</wf>
         <instance id="d000.s298.t000" lemma="descripció" pos="NOUN">descripció</instance>
         <wf lemma="." pos="X">.</wf>
      </sentence>
      <sentence id="d000.s299" source="wordnet-catalan">
         <wf lemma="la" pos="X">la</wf>
         <instance id="d000.s299.t000" lemma="marxa" pos="NOUN">marxa</instance>
         <wf lemma="dels" pos="X">dels</wf>
         <wf lemma="esdeveniments" pos="X">esdeveniments</wf>
         <wf lemma="es" pos="X">es</wf>
         <wf lemma="va" pos="X">va</wf>
         <wf lemma="accelerar" pos="X">accelerar</wf>
         <wf lemma="." pos="X">.</wf>
      </sentence>
      <sentence id="d000.s300" source="wordnet-catalan">
         <wf lemma="va" pos="X">va</wf>
         <wf lemma="comprar" pos="X">comprar</wf>
         <instance id="d000.s300.t000" lemma="tres" pos="NOUN">tres</instance>
         <wf lemma="pomes" pos="X">pomes</wf>
         <wf lemma="per" pos="X">per</wf>
         <wf lemma="al" pos="X">al</wf>
         <wf lemma="pastís" pos="X">pastís</wf>
         <wf lemma="." pos="X">.</wf>
      </sentence>
      <sentence id="d000.s301" source="wordnet-catalan">
         <wf lemma="la" pos="X">la</wf>
         <wf lemma="Creu" pos="X">Creu</wf>
         <wf lemma="Roja" pos="X">Roja</wf>
         <wf lemma="té" pos="X">té</wf>
         <wf lemma="un" pos="X">un</wf>
         <instance id="d000.s301.t000" lemma="banc" pos="NOUN">banc</instance>
         <wf lemma="de" pos="X">de</wf>
         <wf lemma="sang" pos="X">sang</wf>
         <wf lemma="per" pos="X">per</wf>
         <wf lemma="a" pos="X">a</wf>
         <wf lemma="emergències" pos="X">emergències</wf>
         <wf lemma="." pos="X">.</wf>
      </sentence>
      <sentence id="d000.s302" source="wordnet-catalan">
         <wf lemma="se" pos="X">se</wf>
         <wf lemma="sentia" pos="X">sentia</wf>
         <wf lemma="segur" pos="X">segur</wf>
         <wf lemma="a" pos="X">a</wf>
         <wf lemma="l'" pos="X">l'</wf>
         <instance id="d000.s302.t000" lemma="ombra" pos="NOUN">ombra</instance>
         <wf lemma="del" pos="X">del</wf>
         <wf lemma="seu" pos="X">seu</wf>
         <wf lemma="pare" pos="X">pare</wf>
         <wf lemma="." pos="X">.</wf>
      </sentence>
      <sentence id="d000.s303" source="wordnet-catalan">
         <wf lemma="El" pos="X">El</wf>
         <wf lemma="rei" pos="X">rei</wf>
         <instance id="d000.s303.t000" lemma="veritable" pos="ADJ">veritable</instance>
         <wf lemma="i" pos="X">i</wf>
         <wf lemma="legítim" pos="X">legítim</wf>
         <wf lemma="." pos="X">.</wf>
      </sentence>
      <sentence id="d000.s304" source="wordnet-catalan">
         <wf lemma="l'" pos="X">l'</wf>
         <instance id="d000.s304.t000" lemma="actuació" pos="NOUN">actuació</instance>
         <wf lemma="va" pos="X">va</wf>
         <wf lemma="durar" pos="X">durar</wf>
         <wf lemma="més" pos="X">més</wf>
         <wf lemma="de" pos="X">de</wf>
         <wf lemma="quatre" pos="X">quatre</wf>
         <wf lemma="hores" pos="X">hores</wf>
         <wf lemma="." pos="X">.</wf>
      </sentence>
      <sentence id="d000.s305" source="wordnet-catalan">
         <wf lemma="per" pos="X">per</wf>
         <wf lemma="la" pos="X">la</wf>
         <instance id="d000.s305.t000" lemma="gràcia" pos="NOUN">gràcia</instance>
         <wf lemma="de" pos="X">de</wf>
         <wf lemma="Déu" pos="X">Déu</wf>
         <wf lemma="." pos="X">.</wf>
      </sentence>
      <sentence id="d000.s306" source="wordnet-catalan">
         <wf lemma="nervis" pos="X">nervis</wf>
         <instance id="d000.s306.t000" lemma="digital" pos="ADJ">digitals</instance>
         <wf lemma="." pos="X">.</wf>
      </sentence>
      <sentence id="d000.s307" source="wordnet-catalan">
         <wf lemma="va" pos="X">va</wf>
         <wf lemma="pujar" pos="X">pujar</wf>
         <wf lemma="el" pos="X">el</wf>
         <wf lemma="10%" pos="X">10%</wf>
         <wf lemma="del" pos="X">del</wf>
         <instance id="d000.s307.t000" lemma="total" pos="NOUN">total</instance>
         <wf lemma="anual" pos="X">anual</wf>
         <wf lemma="." pos="X">.</wf>
      </sentence>
      <sentence id="d000.s308" source="wordnet-catalan">
         <wf lemma="un" pos="X">un</wf>
         <instance id="d000.s308.t000" lemma="sector" pos="NOUN">sector</instance>
         <wf lemma="del" pos="X">del</wf>
         <wf lemma="públic" pos="X">públic</wf>
         <wf lemma="va" pos="X">va</wf>
         <wf lemma="agrair" pos="X">agrair</wf>
         <wf lemma="aquells" pos="X">aquells</wf>
         <wf lemma="excessos" pos="X">excessos</wf>
         <wf lemma="." pos="X">.</wf>
      </sentence>
      <sentence id="d000.s309" source="wordnet-catalan">
         <wf lemma="Un" pos="X">Un</wf>
         <wf lemma="producte" pos="X">producte</wf>
         <instance id="d000.s309.t000" lemma="vendible" pos="ADJ">vendible</instance>
         <wf lemma="." pos="X">.</wf>
      </sentence>
      <sentence id="d000.s310" source="wordnet-catalan">
         <wf lemma="es" pos="X">es</wf>
         <wf lemma="va" pos="X">va</wf>
         <wf lemma="comunicar" pos="X">comunicar</wf>
         <wf lemma="la" pos="X">la</wf>
         <wf lemma="notícia" pos="X">notícia</wf>
         <wf lemma="a" pos="X">a</wf>
         <wf lemma="tothom" pos="X">tothom</wf>
         <wf lemma="," pos="X">,</wf>
         <wf lemma="a" pos="X">a</wf>
         <instance id="d000.s310.t000" lemma="excepció" pos="NOUN">excepció</instance>
         <wf lemma="dels" pos="X">dels</wf>
         <wf lemma="nens" pos="X">nens</wf>
         <wf lemma="." pos="X">.</wf>
      </sentence>
      <sentence id="d000.s311" source="wordnet-catalan">
         <wf lemma="no" pos="X">no</wf>
         <wf lemma="hem" pos="X">hem</wf>
         <wf lemma="d'" pos="X">d'</wf>
         <instance id="d000.s311.t000" lemma="actuar" pos="VERB">actuar</instance>
         <wf lemma="precipitadament" pos="X">precipitadament</wf>
         <wf lemma="." pos="X">.</wf>
      </sentence>
      <sentence id="d000.s312" source="wordnet-catalan">
         <wf lemma="Són" pos="X">Són</wf>
         <wf lemma="deures" pos="X">deures</wf>
         <instance id="d000.s312.t000" lemma="formal" pos="ADJ">formals</instance>
         <wf lemma="." pos="X">.</wf>
      </sentence>
      <sentence id="d000.s313" source="wordnet-catalan">
         <wf lemma="es" pos="X">es</wf>
         <wf lemma="va" pos="X">va</wf>
         <wf lemma="informar" pos="X">informar</wf>
         <wf lemma="de" pos="X">de</wf>
         <wf lemma="diversos" pos="X">diversos</wf>
         <instance id="d000.s313.t000" lemma="albirament" pos="NOUN">albiraments</instance>
         <wf lemma="de" pos="X">de</wf>
         <wf lemma="les" pos="X">les</wf>
         <wf lemma="tropes" pos="X">tropes</wf>
         <wf lemma="enemigues" pos="X">enemigues</wf>
         <wf lemma="." pos="X">.</wf>
      </sentence>
      <sentence id="d000.s314" source="wordnet-catalan">
         <wf lemma="La" pos="X">La</wf>
         <wf lemma="reforma" pos="X">reforma</wf>
         <instance id="d000.s314.t000" lemma="parlamentari" pos="ADJ">parlamentària</instance>
         <wf lemma="." pos="X">.</wf>
      </sentence>
      <sentence id="d000.s315" source="wordnet-catalan">
         <wf lemma="es" pos="X">es</wf>
         <wf lemma="va" pos="X">va</wf>
         <wf lemma="fer" pos="X">fer</wf>
         <wf lemma="una" pos="X">una</wf>
         <instance id="d000.s315.t000" lemma="carrera" pos="NOUN">carrera</instance>
         <wf lemma="a" pos="X">a</wf>
         <wf lemma="les" pos="X">les</wf>
         <wf lemma="mitges" pos="X">mitges</wf>
         <wf lemma="." pos="X">.</wf>
      </sentence>
      <sentence id="d000.s316" source="wordnet-catalan">
         <wf lemma="beure" pos="X">beure</wf>
         <wf lemma="alcohol" pos="X">alcohol</wf>
         <wf lemma="és" pos="X">és</wf>
         <wf lemma="un" pos="X">un</wf>
         <instance id="d000.s316.t000" lemma="perill" pos="NOUN">perill</instance>
         <wf lemma="per" pos="X">per</wf>
         <wf lemma="a" pos="X">a</wf>
         <wf lemma="la" pos="X">la</wf>
         <wf lemma="salut" pos="X">salut</wf>
         <wf lemma="." pos="X">.</wf>
      </sentence>
      <sentence id="d000.s317" source="wordnet-catalan">
         <wf lemma="va" pos="X">va</wf>
         <wf lemma="ser" pos="X">ser</wf>
         <wf lemma="una" pos="X">una</wf>
         <instance id="d000.s317.t000" lemma="visió" pos="NOUN">visió</instance>
         <wf lemma="poc" pos="X">poc</wf>
         <wf lemma="habitual" pos="X">habitual</wf>
         <wf lemma="." pos="X">.</wf>
      </sentence>
      <sentence id="d000.s318" source="wordnet-catalan">
         <wf lemma="La" pos="X">La</wf>
         <instance id="d000.s318.t000" lemma="filosofia" pos="NOUN">filosofia</instance>
         <wf lemma="de" pos="X">de</wf>
         <wf lemma="la" pos="X">la</wf>
         <wf lemma="ciència" pos="X">ciència</wf>
         <wf lemma="." pos="X">.</wf>
      </sentence>
      <sentence id="d000.s319" source="wordnet-catalan">
         <wf lemma="publicar" pos="X">publicar</wf>
         <wf lemma="la" pos="X">la</wf>
         <wf lemma="veritat" pos="X">veritat</wf>
         <wf lemma="és" pos="X">és</wf>
         <wf lemma="el" pos="X">el</wf>
         <wf lemma="seu" pos="X">seu</wf>
         <instance id="d000.s319.t000" lemma="deure" pos="NOUN">deure</instance>
         <wf lemma="." pos="X">.</wf>
      </sentence>
      <sentence id="d000.s320" source="wordnet-catalan">
         <wf lemma="Ho" pos="X">Ho</wf>
         <wf lemma="va" pos="X">va</wf>
         <wf lemma="intentar" pos="X">intentar</wf>
         <wf lemma="al" pos="X">al</wf>
         <instance id="d000.s320.t000" lemma="màxim" pos="NOUN">màxim</instance>
         <wf lemma="." pos="X">.</wf>
      </sentence>
      <sentence id="d000.s321" source="wordnet-catalan">
         <wf lemma="la" pos="X">la</wf>
         <wf lemma="meva" pos="X">meva</wf>
         <instance id="d000.s321.t000" lemma="exposició" pos="NOUN">exposició</instance>
         <wf lemma="no" pos="X">no</wf>
         <wf lemma="quedava" pos="X">quedava</wf>
         <wf lemma="prou" pos="X">prou</wf>
         <wf lemma="clara" pos="X">clara</wf>
         <wf lemma="en" pos="X">en</wf>
         <wf lemma="el" pos="X">el</wf>
         <wf lemma="document" pos="X">document</wf>
         <wf lemma="." pos="X">.</wf>
      </sentence>
      <sentence id="d000.s322" source="wordnet-catalan">
         <wf lemma="Un" pos="X">Un</wf>
         <instance id="d000.s322.t000" lemma="testimoni" pos="NOUN">testimoni</instance>
         <wf lemma="qüestiona" pos="X">qüestiona</wf>
         <wf lemma="les" pos="X">les</wf>
         <wf lemma="mesures" pos="X">mesures</wf>
         <wf lemma="de" pos="X">de</wf>
         <wf lemma="seguretat" pos="X">seguretat</wf>
         <wf lemma="en" pos="X">en</wf>
         <wf lemma="el" pos="X">el</wf>
         <wf lemma="desastre" pos="X">desastre</wf>
         <wf lemma="." pos="X">.</wf>
      </sentence>
      <sentence id="d000.s323" source="wordnet-catalan">
         <wf lemma="un" pos="X">un</wf>
         <wf lemma="so" pos="X">so</wf>
         <instance id="d000.s323.t000" lemma="clar" pos="ADJ">clar</instance>
         <wf lemma="." pos="X">.</wf>
      </sentence>
      <sentence id="d000.s324" source="wordnet-catalan">
         <wf lemma="muntanyes" pos="X">muntanyes</wf>
         <instance id="d000.s324.t000" lemma="elevat" pos="ADJ">elevades</instance>
         <wf lemma="." pos="X">.</wf>
      </sentence>
      <sentence id="d000.s325" source="wordnet-catalan">
         <instance id="d000.s325.t000" lemma="material" pos="NOUN">material</instance>
         <wf lemma="pel" pos="X">pel</wf>
         <wf lemma="control" pos="X">control</wf>
         <wf lemma="de" pos="X">de</wf>
         <wf lemma="la" pos="X">la</wf>
         <wf lemma="natalitat" pos="X">natalitat</wf>
         <wf lemma="." pos="X">.</wf>
      </sentence>
      <sentence id="d000.s326" source="wordnet-catalan">
         <wf lemma="què" pos="X">què</wf>
         <wf lemma="tan" pos="X">tan</wf>
         <wf lemma="gran" pos="X">gran</wf>
         <wf lemma="és" pos="X">és</wf>
         <wf lemma="la" pos="X">la</wf>
         <wf lemma="part" pos="X">part</wf>
         <wf lemma="en" pos="X">en</wf>
         <wf lemma="comparació" pos="X">comparació</wf>
         <wf lemma="amb" pos="X">amb</wf>
         <wf lemma="el" pos="X">el</wf>
         <instance id="d000.s326.t000" lemma="conjunt" pos="NOUN">conjunt</instance>
         <wf lemma="?" pos="X">?</wf>
      </sentence>
      <sentence id="d000.s327" source="wordnet-catalan">
         <wf lemma="el" pos="X">el</wf>
         <instance id="d000.s327.t000" lemma="plaer" pos="NOUN">plaer</instance>
         <wf lemma="de" pos="X">de</wf>
         <wf lemma="la" pos="X">la</wf>
         <wf lemma="seva" pos="X">seva</wf>
         <wf lemma="companyia" pos="X">companyia</wf>
         <wf lemma="." pos="X">.</wf>
      </sentence>
      <sentence id="d000.s328" source="wordnet-catalan">
         <wf lemma="Sóc" pos="X">Sóc</wf>
         <wf lemma="el" pos="X">el</wf>
         <instance id="d000.s328.t000" lemma="comptable" pos="NOUN">comptable</instance>
         <wf lemma="de" pos="X">de</wf>
         <wf lemma="l'" pos="X">l'</wf>
         <wf lemma="empresa" pos="X">empresa</wf>
         <wf lemma="dels" pos="X">dels</wf>
         <wf lemma="meus" pos="X">meus</wf>
         <wf lemma="pares" pos="X">pares</wf>
         <wf lemma="." pos="X">.</wf>
      </sentence>
      <sentence id="d000.s329" source="wordnet-catalan">
         <wf lemma="energia" pos="X">energia</wf>
         <instance id="d000.s329.t000" lemma="electrònic" pos="ADJ">electrònica</instance>
         <wf lemma="." pos="X">.</wf>
      </sentence>
      <sentence id="d000.s330" source="wordnet-catalan">
         <wf lemma="una" pos="X">una</wf>
         <wf lemma="posició" pos="X">posició</wf>
         <wf lemma="de" pos="X">de</wf>
         <instance id="d000.s330.t000" lemma="prestigi" pos="NOUN">prestigi</instance>
         <wf lemma="en" pos="X">en</wf>
         <wf lemma="cercles" pos="X">cercles</wf>
         <wf lemma="diplomàtics" pos="X">diplomàtics</wf>
         <wf lemma="." pos="X">.</wf>
      </sentence>
      <sentence id="d000.s331" source="wordnet-catalan">
         <wf lemma="els" pos="X">els</wf>
         <instance id="d000.s331.t000" lemma="element" pos="NOUN">elements</instance>
         <wf lemma="gramaticals" pos="X">gramaticals</wf>
         <wf lemma="d'" pos="X">d'</wf>
         <wf lemma="una" pos="X">una</wf>
         <wf lemma="frase" pos="X">frase</wf>
         <wf lemma="." pos="X">.</wf>
      </sentence>
      <sentence id="d000.s332" source="wordnet-catalan">
         <wf lemma="el" pos="X">el</wf>
         <instance id="d000.s332.t000" lemma="barri" pos="NOUN">barri</instance>
         <wf lemma="va" pos="X">va</wf>
         <wf lemma="organitzar" pos="X">organitzar</wf>
         <wf lemma="una" pos="X">una</wf>
         <wf lemma="xocolatada" pos="X">xocolatada</wf>
         <wf lemma="pels" pos="X">pels</wf>
         <wf lemma="nens" pos="X">nens</wf>
         <wf lemma="." pos="X">.</wf>
      </sentence>
      <sentence id="d000.s333" source="wordnet-catalan">
         <wf lemma="va" pos="X">va</wf>
         <wf lemma="ploure" pos="X">ploure</wf>
         <wf lemma="durant" pos="X">durant</wf>
         <wf lemma="una" pos="X">una</wf>
         <instance id="d000.s333.t000" lemma="setmana" pos="NOUN">setmana</instance>
         <wf lemma="." pos="X">.</wf>
      </sentence>
      <sentence id="d000.s334" source="wordnet-catalan">
         <wf lemma="la" pos="X">la</wf>
         <instance id="d000.s334.t000" lemma="situació" pos="NOUN">situació</instance>
         <wf lemma="internacional" pos="X">internacional</wf>
         <wf lemma="actual" pos="X">actual</wf>
         <wf lemma="és" pos="X">és</wf>
         <wf lemma="perillosa" pos="X">perillosa</wf>
         <wf lemma="." pos="X">.</wf>
      </sentence>
      <sentence id="d000.s335" source="wordnet-catalan">
         <wf lemma="Parlaven" pos="X">Parlaven</wf>
         <wf lemma="en" pos="X">en</wf>
         <wf lemma="veu" pos="X">veu</wf>
         <instance id="d000.s335.t000" lemma="peremptori" pos="ADJ">peremptòria</instance>
         <wf lemma="." pos="X">.</wf>
      </sentence>
      <sentence id="d000.s336" source="wordnet-catalan">
         <wf lemma="hi" pos="X">hi</wf>
         <wf lemma="va" pos="X">va</wf>
         <wf lemma="haver" pos="X">haver</wf>
         <wf lemma="un" pos="X">un</wf>
         <instance id="d000.s336.t000" lemma="alliberament" pos="NOUN">alliberament</instance>
         <wf lemma="sobtat" pos="X">sobtat</wf>
         <wf lemma="d'" pos="X">d'</wf>
         <wf lemma="oxígen" pos="X">oxígen</wf>
         <wf lemma="." pos="X">.</wf>
      </sentence>
      <sentence id="d000.s337" source="wordnet-catalan">
         <wf lemma="l'" pos="X">l'</wf>
         <wf lemma="absència" pos="X">absència</wf>
         <wf lemma="de" pos="X">de</wf>
         <wf lemma="barreres" pos="X">barreres</wf>
         <wf lemma="va" pos="X">va</wf>
         <wf lemma="crear" pos="X">crear</wf>
         <wf lemma="una" pos="X">una</wf>
         <wf lemma="misteriosa" pos="X">misteriosa</wf>
         <instance id="d000.s337.t000" lemma="intimitat" pos="NOUN">intimitat</instance>
         <wf lemma="en" pos="X">en</wf>
         <wf lemma="la" pos="X">la</wf>
         <wf lemma="qual" pos="X">qual</wf>
         <wf lemma="ningú" pos="X">ningú</wf>
         <wf lemma="sabia" pos="X">sabia</wf>
         <wf lemma="el" pos="X">el</wf>
         <wf lemma="que" pos="X">que</wf>
         <wf lemma="era" pos="X">era</wf>
         <wf lemma="la" pos="X">la</wf>
         <wf lemma="privacitat" pos="X">privacitat</wf>
         <wf lemma="." pos="X">.</wf>
      </sentence>
      <sentence id="d000.s338" source="wordnet-catalan">
         <wf lemma="LAnna" pos="X">LAnna</wf>
         <wf lemma="i" pos="X">i</wf>
         <wf lemma="en" pos="X">en</wf>
         <wf lemma="Joan" pos="X">Joan</wf>
         <wf lemma="van" pos="X">van</wf>
         <wf lemma="fer" pos="X">fer</wf>
         <wf lemma="una" pos="X">una</wf>
         <wf lemma="petita" pos="X">petita</wf>
         <instance id="d000.s338.t000" lemma="dansa" pos="NOUN">dansa</instance>
         <wf lemma="en" pos="X">en</wf>
         <wf lemma="ocasió" pos="X">ocasió</wf>
         <wf lemma="del" pos="X">del</wf>
         <wf lemma="seu" pos="X">seu</wf>
         <wf lemma="enllaç" pos="X">enllaç</wf>
         <wf lemma="." pos="X">.</wf>
      </sentence>
      <sentence id="d000.s339" source="wordnet-catalan">
         <wf lemma="vam" pos="X">vam</wf>
         <wf lemma="enllestir" pos="X">enllestir</wf>
         <wf lemma="la" pos="X">la</wf>
         <wf lemma="feina" pos="X">feina</wf>
         <wf lemma="en" pos="X">en</wf>
         <wf lemma="el" pos="X">el</wf>
         <instance id="d000.s339.t000" lemma="lapse" pos="NOUN">lapse</instance>
         <wf lemma="d'" pos="X">d'</wf>
         <wf lemma="una" pos="X">una</wf>
         <wf lemma="hora" pos="X">hora</wf>
         <wf lemma="." pos="X">.</wf>
      </sentence>
      <sentence id="d000.s340" source="wordnet-catalan">
         <wf lemma="Els" pos="X">Els</wf>
         <wf lemma="ciutadans" pos="X">ciutadans</wf>
         <wf lemma="han" pos="X">han</wf>
         <wf lemma="manifestat" pos="X">manifestat</wf>
         <wf lemma="el" pos="X">el</wf>
         <wf lemma="seu" pos="X">seu</wf>
         <instance id="d000.s340.t000" lemma="menyspreu" pos="NOUN">menyspreu</instance>
         <wf lemma="per" pos="X">per</wf>
         <wf lemma="l'" pos="X">l'</wf>
         <wf lemma="escàndol" pos="X">escàndol</wf>
         <wf lemma="presidencial" pos="X">presidencial</wf>
         <wf lemma="." pos="X">.</wf>
      </sentence>
      <sentence id="d000.s341" source="wordnet-catalan">
         <wf lemma="una" pos="X">una</wf>
         <instance id="d000.s341.t000" lemma="caiguda" pos="NOUN">caiguda</instance>
         <wf lemma="en" pos="X">en</wf>
         <wf lemma="la" pos="X">la</wf>
         <wf lemma="venta" pos="X">venta</wf>
         <wf lemma="d'" pos="X">d'</wf>
         <wf lemma="automòbils" pos="X">automòbils</wf>
         <wf lemma="." pos="X">.</wf>
      </sentence>
      <sentence id="d000.s342" source="wordnet-catalan">
         <wf lemma="treballava" pos="X">treballava</wf>
         <wf lemma="al" pos="X">al</wf>
         <wf lemma="límit" pos="X">límit</wf>
         <wf lemma="de" pos="X">de</wf>
         <wf lemma="la" pos="X">la</wf>
         <wf lemma="seva" pos="X">seva</wf>
         <instance id="d000.s342.t000" lemma="capacitat" pos="NOUN">capacitat</instance>
         <wf lemma="." pos="X">.</wf>
      </sentence>
      <sentence id="d000.s343" source="wordnet-catalan">
         <wf lemma="Va" pos="X">Va</wf>
         <wf lemma="pagar" pos="X">pagar</wf>
         <wf lemma="totes" pos="X">totes</wf>
         <wf lemma="les" pos="X">les</wf>
         <wf lemma="factures" pos="X">factures</wf>
         <wf lemma="amb" pos="X">amb</wf>
         <instance id="d000.s343.t000" lemma="xec" pos="NOUN">xec</instance>
         <wf lemma="." pos="X">.</wf>
      </sentence>
      <sentence id="d000.s344" source="wordnet-catalan">
         <wf lemma="de" pos="X">de</wf>
         <wf lemma="tant" pos="X">tant</wf>
         <wf lemma="en" pos="X">en</wf>
         <wf lemma="tant" pos="X">tant</wf>
         <wf lemma="fa" pos="X">fa</wf>
         <wf lemma="un" pos="X">un</wf>
         <instance id="d000.s344.t000" lemma="comentari" pos="NOUN">comentari</instance>
         <wf lemma="a" pos="X">a</wf>
         <wf lemma="favor" pos="X">favor</wf>
         <wf lemma="seu" pos="X">seu</wf>
         <wf lemma="." pos="X">.</wf>
      </sentence>
      <sentence id="d000.s345" source="wordnet-catalan">
         <wf lemma="Un" pos="X">Un</wf>
         <wf lemma="fet" pos="X">fet</wf>
         <instance id="d000.s345.t000" lemma="certificable" pos="ADJ">certificable</instance>
         <wf lemma="." pos="X">.</wf>
      </sentence>
      <sentence id="d000.s346" source="wordnet-catalan">
         <wf lemma="un" pos="X">un</wf>
         <wf lemma="director" pos="X">director</wf>
         <wf lemma="de" pos="X">de</wf>
         <wf lemma="producció" pos="X">producció</wf>
         <instance id="d000.s346.t000" lemma="eficient" pos="ADJ">eficient</instance>
         <wf lemma="." pos="X">.</wf>
      </sentence>
      <sentence id="d000.s347" source="wordnet-catalan">
         <wf lemma="va" pos="X">va</wf>
         <wf lemma="posar" pos="X">posar</wf>
         <wf lemma="flors" pos="X">flors</wf>
         <wf lemma="a" pos="X">a</wf>
         <wf lemma="la" pos="X">la</wf>
         <instance id="d000.s347.t000" lemma="tomba" pos="NOUN">tomba</instance>
         <wf lemma="de" pos="X">de</wf>
         <wf lemma="la" pos="X">la</wf>
         <wf lemma="seva" pos="X">seva</wf>
         <wf lemma="mare" pos="X">mare</wf>
         <wf lemma="." pos="X">.</wf>
      </sentence>
      <sentence id="d000.s348" source="wordnet-catalan">
         <wf lemma="estava" pos="X">estava</wf>
         <wf lemma="en" pos="X">en</wf>
         <wf lemma="la" pos="X">la</wf>
         <instance id="d000.s348.t000" lemma="foscor" pos="NOUN">foscor</instance>
         <wf lemma="respecte" pos="X">respecte</wf>
         <wf lemma="a" pos="X">a</wf>
         <wf lemma="les" pos="X">les</wf>
         <wf lemma="seves" pos="X">seves</wf>
         <wf lemma="intencions" pos="X">intencions</wf>
         <wf lemma="." pos="X">.</wf>
      </sentence>
      <sentence id="d000.s349" source="wordnet-catalan">
         <wf lemma="última" pos="X">última</wf>
         <instance id="d000.s349.t000" lemma="notícia" pos="NOUN">notícia</instance>
         <wf lemma="." pos="X">.</wf>
      </sentence>
      <sentence id="d000.s350" source="wordnet-catalan">
         <wf lemma="encara" pos="X">encara</wf>
         <wf lemma="hi" pos="X">hi</wf>
         <wf lemma="havia" pos="X">havia</wf>
         <wf lemma="so" pos="X">so</wf>
         <wf lemma="pero" pos="X">pero</wf>
         <wf lemma="la" pos="X">la</wf>
         <instance id="d000.s350.t000" lemma="imatge" pos="NOUN">imatge</instance>
         <wf lemma="havia" pos="X">havia</wf>
         <wf lemma="desaparegut" pos="X">desaparegut</wf>
         <wf lemma="." pos="X">.</wf>
      </sentence>
      <sentence id="d000.s351" source="wordnet-catalan">
         <wf lemma="ocupa't" pos="X">ocupa't</wf>
         <wf lemma="dels" pos="X">dels</wf>
         <wf lemma="teus" pos="X">teus</wf>
         <instance id="d000.s351.t000" lemma="assumpte" pos="NOUN">assumptes</instance>
         <wf lemma="." pos="X">.</wf>
      </sentence>
      <sentence id="d000.s352" source="wordnet-catalan">
         <wf lemma="va" pos="X">va</wf>
         <wf lemma="guanyar" pos="X">guanyar</wf>
         <wf lemma="sense" pos="X">sense</wf>
         <wf lemma="cap" pos="X">cap</wf>
         <instance id="d000.s352.t000" lemma="dificultat" pos="NOUN">dificultat</instance>
         <wf lemma="." pos="X">.</wf>
      </sentence>
      <sentence id="d000.s353" source="wordnet-catalan">
         <wf lemma="tens" pos="X">tens</wf>
         <instance id="d000.s353.t000" lemma="dret" pos="NOUN">dret</instance>
         <wf lemma="a" pos="X">a</wf>
         <wf lemma="un" pos="X">un</wf>
         <wf lemma="descans" pos="X">descans</wf>
         <wf lemma="de" pos="X">de</wf>
         <wf lemma="cinc" pos="X">cinc</wf>
         <wf lemma="minuts" pos="X">minuts</wf>
         <wf lemma="." pos="X">.</wf>
      </sentence>
      <sentence id="d000.s354" source="wordnet-catalan">
         <wf lemma="després" pos="X">després</wf>
         <wf lemma="de" pos="X">de</wf>
         <wf lemma="les" pos="X">les</wf>
         <wf lemma="negociacions" pos="X">negociacions</wf>
         <wf lemma="van" pos="X">van</wf>
         <wf lemma="firmar" pos="X">firmar</wf>
         <wf lemma="l'" pos="X">l'</wf>
         <instance id="d000.s354.t000" lemma="acord" pos="NOUN">acord</instance>
         <wf lemma="." pos="X">.</wf>
      </sentence>
      <sentence id="d000.s355" source="wordnet-catalan">
         <wf lemma="200" pos="X">200</wf>
         <instance id="d000.s355.t000" lemma="cap" pos="NOUN">caps</instance>
         <wf lemma="de" pos="X">de</wf>
         <wf lemma="bestiar" pos="X">bestiar</wf>
         <wf lemma="." pos="X">.</wf>
      </sentence>
      <sentence id="d000.s356" source="wordnet-catalan">
         <wf lemma="la" pos="X">la</wf>
         <instance id="d000.s356.t000" lemma="construcció" pos="NOUN">construcció</instance>
         <wf lemma="del" pos="X">del</wf>
         <wf lemma="vaixell" pos="X">vaixell</wf>
         <wf lemma="va" pos="X">va</wf>
         <wf lemma="tardar" pos="X">tardar</wf>
         <wf lemma="un" pos="X">un</wf>
         <wf lemma="any" pos="X">any</wf>
         <wf lemma="sencer" pos="X">sencer</wf>
         <wf lemma="." pos="X">.</wf>
      </sentence>
      <sentence id="d000.s357" source="wordnet-catalan">
         <wf lemma="La" pos="X">La</wf>
         <instance id="d000.s357.t000" lemma="mentida" pos="NOUN">mentida</instance>
         <wf lemma="és" pos="X">és</wf>
         <wf lemma="la" pos="X">la</wf>
         <wf lemma="intenció" pos="X">intenció</wf>
         <wf lemma="de" pos="X">de</wf>
         <wf lemma="comunicar" pos="X">comunicar</wf>
         <wf lemma="com" pos="X">com</wf>
         <wf lemma="a" pos="X">a</wf>
         <wf lemma="cert" pos="X">cert</wf>
         <wf lemma="quelcom" pos="X">quelcom</wf>
         <wf lemma="que" pos="X">que</wf>
         <wf lemma="es" pos="X">es</wf>
         <wf lemma="considera" pos="X">considera</wf>
         <wf lemma="fals" pos="X">fals</wf>
         <wf lemma="." pos="X">.</wf>
      </sentence>
      <sentence id="d000.s358" source="wordnet-catalan">
         <wf lemma="un" pos="X">un</wf>
         <wf lemma="partidari" pos="X">partidari</wf>
         <instance id="d000.s358.t000" lemma="inalterable" pos="ADJ">inalterable</instance>
         <wf lemma="del" pos="X">del</wf>
         <wf lemma="règim" pos="X">règim</wf>
         <wf lemma="." pos="X">.</wf>
      </sentence>
      <sentence id="d000.s359" source="wordnet-catalan">
         <wf lemma="la" pos="X">la</wf>
         <wf lemma="victòria" pos="X">victòria</wf>
         <wf lemma="va" pos="X">va</wf>
         <wf lemma="ser" pos="X">ser</wf>
         <wf lemma="l'" pos="X">l'</wf>
         <instance id="d000.s359.t000" lemma="acompliment" pos="NOUN">acompliment</instance>
         <wf lemma="d'" pos="X">d'</wf>
         <wf lemma="un" pos="X">un</wf>
         <wf lemma="any" pos="X">any</wf>
         <wf lemma="de" pos="X">de</wf>
         <wf lemma="treball" pos="X">treball</wf>
         <wf lemma="." pos="X">.</wf>
      </sentence>
      <sentence id="d000.s360" source="wordnet-catalan">
         <wf lemma="l'" pos="X">l'</wf>
         <instance id="d000.s360.t000" lemma="elaboració" pos="NOUN">elaboració</instance>
         <wf lemma="dels" pos="X">dels</wf>
         <wf lemma="plans" pos="X">plans</wf>
         <wf lemma="." pos="X">.</wf>
      </sentence>
      <sentence id="d000.s361" source="wordnet-catalan">
         <wf lemma="L'" pos="X">L'</wf>
         <wf lemma="Organització" pos="X">Organització</wf>
         <wf lemma="de" pos="X">de</wf>
         <wf lemma="les" pos="X">les</wf>
         <wf lemma="Nacions" pos="X">Nacions</wf>
         <wf lemma="Unides" pos="X">Unides</wf>
         <wf lemma="és" pos="X">és</wf>
         <wf lemma="una" pos="X">una</wf>
         <instance id="d000.s361.t000" lemma="organització" pos="NOUN">organització</instance>
         <wf lemma="intergovernamental" pos="X">intergovernamental</wf>
         <wf lemma="mundial" pos="X">mundial</wf>
         <wf lemma="." pos="X">.</wf>
      </sentence>
      <sentence id="d000.s362" source="wordnet-catalan">
         <wf lemma="ho" pos="X">ho</wf>
         <wf lemma="va" pos="X">va</wf>
         <wf lemma="fer" pos="X">fer</wf>
         <wf lemma="només" pos="X">només</wf>
         <wf lemma="per" pos="X">per</wf>
         <wf lemma="causar" pos="X">causar</wf>
         <instance id="d000.s362.t000" lemma="efecte" pos="NOUN">efecte</instance>
         <wf lemma="." pos="X">.</wf>
      </sentence>
      <sentence id="d000.s363" source="wordnet-catalan">
         <wf lemma="van" pos="X">van</wf>
         <wf lemma="fer" pos="X">fer</wf>
         <wf lemma="cent" pos="X">cent</wf>
         <instance id="d000.s363.t000" lemma="representació" pos="NOUN">representacions</instance>
         <wf lemma="de" pos="X">de</wf>
         <wf lemma="l'" pos="X">l'</wf>
         <wf lemma="obra" pos="X">obra</wf>
         <wf lemma="." pos="X">.</wf>
      </sentence>
      <sentence id="d000.s364" source="wordnet-catalan">
         <wf lemma="Espanya" pos="X">Espanya</wf>
         <wf lemma="és" pos="X">és</wf>
         <wf lemma="un" pos="X">un</wf>
         <wf lemma="país" pos="X">país</wf>
         <instance id="d000.s364.t000" lemma="signatari" pos="NOUN">signatari</instance>
         <wf lemma="del" pos="X">del</wf>
         <wf lemma="Tractat" pos="X">Tractat</wf>
         <wf lemma="de" pos="X">de</wf>
         <wf lemma="Schengen" pos="X">Schengen</wf>
         <wf lemma="." pos="X">.</wf>
      </sentence>
      <sentence id="d000.s365" source="wordnet-catalan">
         <wf lemma="suport" pos="X">suport</wf>
         <instance id="d000.s365.t000" lemma="incondicional" pos="ADJ">incondicional</instance>
         <wf lemma="." pos="X">.</wf>
      </sentence>
      <sentence id="d000.s366" source="wordnet-catalan">
         <wf lemma="parlen" pos="X">parlen</wf>
         <wf lemma="sense" pos="X">sense</wf>
         <instance id="d000.s366.t000" lemma="respecte" pos="NOUN">respecte</instance>
         <wf lemma="de" pos="X">de</wf>
         <wf lemma="l'" pos="X">l'</wf>
         <wf lemma="art" pos="X">art</wf>
         <wf lemma="abstracte" pos="X">abstracte</wf>
         <wf lemma="." pos="X">.</wf>
      </sentence>
      <sentence id="d000.s367" source="wordnet-catalan">
         <wf lemma="va" pos="X">va</wf>
         <wf lemma="navegar" pos="X">navegar</wf>
         <wf lemma="al" pos="X">al</wf>
         <wf lemma="voltant" pos="X">voltant</wf>
         <wf lemma="del" pos="X">del</wf>
         <instance id="d000.s367.t000" lemma="món" pos="NOUN">món</instance>
         <wf lemma="." pos="X">.</wf>
      </sentence>
      <sentence id="d000.s368" source="wordnet-catalan">
         <wf lemma="avantpassat" pos="X">avantpassat</wf>
         <instance id="d000.s368.t000" lemma="directe" pos="ADJ">directe</instance>
         <wf lemma="." pos="X">.</wf>
      </sentence>
      <sentence id="d000.s369" source="wordnet-catalan">
         <wf lemma="quan" pos="X">quan</wf>
         <wf lemma="vam" pos="X">vam</wf>
         <wf lemma="acabar" pos="X">acabar</wf>
         <wf lemma="de" pos="X">de</wf>
         <wf lemma="sopar" pos="X">sopar</wf>
         <wf lemma="," pos="X">,</wf>
         <wf lemma="va" pos="X">va</wf>
         <wf lemma="demanar" pos="X">demanar</wf>
         <wf lemma="el" pos="X">el</wf>
         <instance id="d000.s369.t000" lemma="compte" pos="NOUN">compte</instance>
         <wf lemma="i" pos="X">i</wf>
         <wf lemma="el" pos="X">el</wf>
         <wf lemma="va" pos="X">va</wf>
         <wf lemma="pagar" pos="X">pagar</wf>
         <wf lemma="." pos="X">.</wf>
      </sentence>
      <sentence id="d000.s370" source="wordnet-catalan">
         <wf lemma="vam" pos="X">vam</wf>
         <wf lemma="tenir" pos="X">tenir</wf>
         <wf lemma="una" pos="X">una</wf>
         <instance id="d000.s370.t000" lemma="agradable" pos="ADJ">agradable</instance>
         <wf lemma="vetllada" pos="X">vetllada</wf>
         <wf lemma="junts" pos="X">junts</wf>
         <wf lemma="." pos="X">.</wf>
      </sentence>
      <sentence id="d000.s371" source="wordnet-catalan">
         <wf lemma="la" pos="X">la</wf>
         <wf lemma="ingenuitat" pos="X">ingenuitat</wf>
         <instance id="d000.s371.t000" lemma="infinit" pos="ADJ">infinita</instance>
         <wf lemma="de" pos="X">de</wf>
         <wf lemma="l'" pos="X">l'</wf>
         <wf lemma="home" pos="X">home</wf>
         <wf lemma="." pos="X">.</wf>
      </sentence>
      <sentence id="d000.s372" source="wordnet-catalan">
         <wf lemma="Un" pos="X">Un</wf>
         <wf lemma="gest" pos="X">gest</wf>
         <instance id="d000.s372.t000" lemma="aprovatori" pos="ADJ">aprovatori</instance>
         <wf lemma="." pos="X">.</wf>
      </sentence>
      <sentence id="d000.s373" source="wordnet-catalan">
         <wf lemma="la" pos="X">la</wf>
         <wf lemma="seva" pos="X">seva</wf>
         <instance id="d000.s373.t000" lemma="forma" pos="NOUN">forma</instance>
         <wf lemma="d'" pos="X">d'</wf>
         <wf lemma="actuar" pos="X">actuar</wf>
         <wf lemma="no" pos="X">no</wf>
         <wf lemma="m'" pos="X">m'</wf>
         <wf lemma="agrada" pos="X">agrada</wf>
         <wf lemma="." pos="X">.</wf>
      </sentence>
      <sentence id="d000.s374" source="wordnet-catalan">
         <wf lemma="la" pos="X">la</wf>
         <wf lemma="resposta" pos="X">resposta</wf>
         <instance id="d000.s374.t000" lemma="final" pos="ADJ">final</instance>
         <wf lemma="." pos="X">.</wf>
      </sentence>
      <sentence id="d000.s375" source="wordnet-catalan">
         <wf lemma="hem" pos="X">hem</wf>
         <wf lemma="mantingut" pos="X">mantingut</wf>
         <wf lemma="un" pos="X">un</wf>
         <instance id="d000.s375.t000" lemma="debat" pos="NOUN">debat</instance>
         <wf lemma="interessant" pos="X">interessant</wf>
         <wf lemma="." pos="X">.</wf>
      </sentence>
      <sentence id="d000.s376" source="wordnet-catalan">
         <wf lemma="La" pos="X">La</wf>
         <instance id="d000.s376.t000" lemma="postura" pos="NOUN">postura</instance>
         <wf lemma="política" pos="X">política</wf>
         <wf lemma="de" pos="X">de</wf>
         <wf lemma="l'" pos="X">l'</wf>
         <wf lemma="Anna" pos="X">Anna</wf>
         <wf lemma="és" pos="X">és</wf>
         <wf lemma="molt" pos="X">molt</wf>
         <wf lemma="liberal" pos="X">liberal</wf>
         <wf lemma="." pos="X">.</wf>
      </sentence>
      <sentence id="d000.s377" source="wordnet-catalan">
         <wf lemma="vaig" pos="X">vaig</wf>
         <wf lemma="reservar" pos="X">reservar</wf>
         <instance id="d000.s377.t000" lemma="taula" pos="NOUN">taula</instance>
         <wf lemma="en" pos="X">en</wf>
         <wf lemma="un" pos="X">un</wf>
         <wf lemma="dels" pos="X">dels</wf>
         <wf lemma="meus" pos="X">meus</wf>
         <wf lemma="restaurants" pos="X">restaurants</wf>
         <wf lemma="preferits" pos="X">preferits</wf>
         <wf lemma="." pos="X">.</wf>
      </sentence>
      <sentence id="d000.s378" source="wordnet-catalan">
         <wf lemma="en" pos="X">en</wf>
         <wf lemma="tots" pos="X">tots</wf>
         <wf lemma="els" pos="X">els</wf>
         <wf lemma="objectes" pos="X">objectes</wf>
         <wf lemma="perfectament" pos="X">perfectament</wf>
         <wf lemma="bonics" pos="X">bonics</wf>
         <wf lemma="hi" pos="X">hi</wf>
         <wf lemma="ha" pos="X">ha</wf>
         <wf lemma="una" pos="X">una</wf>
         <wf lemma="oposició" pos="X">oposició</wf>
         <wf lemma="entre" pos="X">entre</wf>
         <wf lemma="dues" pos="X">dues</wf>
         <wf lemma="parts" pos="X">parts</wf>
         <wf lemma="i" pos="X">i</wf>
         <wf lemma="un" pos="X">un</wf>
         <instance id="d000.s378.t000" lemma="equilibri" pos="NOUN">equilibri</instance>
         <wf lemma="recíproc" pos="X">recíproc</wf>
         <wf lemma="." pos="X">.</wf>
      </sentence>
      <sentence id="d000.s379" source="wordnet-catalan">
         <wf lemma="durant" pos="X">durant</wf>
         <wf lemma="el" pos="X">el</wf>
         <wf lemma="seu" pos="X">seu</wf>
         <wf lemma="primer" pos="X">primer</wf>
         <wf lemma="any" pos="X">any</wf>
         <wf lemma="de" pos="X">de</wf>
         <instance id="d000.s379.t000" lemma="poder" pos="NOUN">poder</instance>
         <wf lemma="va" pos="X">va</wf>
         <wf lemma="canviar" pos="X">canviar</wf>
         <wf lemma="moltes" pos="X">moltes</wf>
         <wf lemma="coses" pos="X">coses</wf>
         <wf lemma="." pos="X">.</wf>
      </sentence>
      <sentence id="d000.s380" source="wordnet-catalan">
         <wf lemma="l'" pos="X">l'</wf>
         <wf lemma="espectador" pos="X">espectador</wf>
         <wf lemma="va" pos="X">va</wf>
         <wf lemma="saltar" pos="X">saltar</wf>
         <wf lemma="a" pos="X">a</wf>
         <wf lemma="l'" pos="X">l'</wf>
         <instance id="d000.s380.t000" lemma="escenari" pos="NOUN">escenari</instance>
         <wf lemma="." pos="X">.</wf>
      </sentence>
      <sentence id="d000.s381" source="wordnet-catalan">
         <wf lemma="van" pos="X">van</wf>
         <wf lemma="preparar" pos="X">preparar</wf>
         <wf lemma="un" pos="X">un</wf>
         <instance id="d000.s381.t000" lemma="torneig" pos="NOUN">torneig</instance>
         <wf lemma="de" pos="X">de</wf>
         <wf lemma="futbol" pos="X">futbol</wf>
         <wf lemma="per" pos="X">per</wf>
         <wf lemma="a" pos="X">a</wf>
         <wf lemma="la" pos="X">la</wf>
         <wf lemma="festa" pos="X">festa</wf>
         <wf lemma="major" pos="X">major</wf>
         <wf lemma="." pos="X">.</wf>
      </sentence>
      <sentence id="d000.s382" source="wordnet-catalan">
         <wf lemma="El" pos="X">El</wf>
         <wf lemma="compte" pos="X">compte</wf>
         <wf lemma="de" pos="X">de</wf>
         <wf lemma="correu" pos="X">correu</wf>
         <instance id="d000.s382.t000" lemma="corporatiu" pos="ADJ">corporatiu</instance>
         <wf lemma="." pos="X">.</wf>
      </sentence>
      <sentence id="d000.s383" source="wordnet-catalan">
         <wf lemma="El" pos="X">El</wf>
         <instance id="d000.s383.t000" lemma="capital" pos="NOUN">capital</instance>
         <wf lemma="del" pos="X">del</wf>
         <wf lemma="banc" pos="X">banc</wf>
         <wf lemma="no" pos="X">no</wf>
         <wf lemma="ha" pos="X">ha</wf>
         <wf lemma="disminuït" pos="X">disminuït</wf>
         <wf lemma="malgrat" pos="X">malgrat</wf>
         <wf lemma="la" pos="X">la</wf>
         <wf lemma="crisi" pos="X">crisi</wf>
         <wf lemma="." pos="X">.</wf>
      </sentence>
      <sentence id="d000.s384" source="wordnet-catalan">
         <wf lemma="una" pos="X">una</wf>
         <wf lemma="segona" pos="X">segona</wf>
         <instance id="d000.s384.t000" lemma="capa" pos="NOUN">capa</instance>
         <wf lemma="de" pos="X">de</wf>
         <wf lemma="pintura" pos="X">pintura</wf>
         <wf lemma="." pos="X">.</wf>
      </sentence>
      <sentence id="d000.s385" source="wordnet-catalan">
         <wf lemma="producte" pos="X">producte</wf>
         <instance id="d000.s385.t000" lemma="natural" pos="ADJ">natural</instance>
         <wf lemma="." pos="X">.</wf>
      </sentence>
      <sentence id="d000.s386" source="wordnet-catalan">
         <wf lemma="Els" pos="X">Els</wf>
         <wf lemma="treballadors" pos="X">treballadors</wf>
         <instance id="d000.s386.t000" lemma="assalariat" pos="ADJ">assalariats</instance>
         <wf lemma="." pos="X">.</wf>
      </sentence>
      <sentence id="d000.s387" source="wordnet-catalan">
         <wf lemma="El" pos="X">El</wf>
         <instance id="d000.s387.t000" lemma="furt" pos="NOUN">furt</instance>
         <wf lemma="és" pos="X">és</wf>
         <wf lemma="elevat" pos="X">elevat</wf>
         <wf lemma="a" pos="X">a</wf>
         <wf lemma="l'" pos="X">l'</wf>
         <wf lemma="aeroport" pos="X">aeroport</wf>
         <wf lemma="internacional" pos="X">internacional</wf>
         <wf lemma="Kennedy" pos="X">Kennedy</wf>
         <wf lemma="." pos="X">.</wf>
      </sentence>
      <sentence id="d000.s388" source="wordnet-catalan">
         <wf lemma="Amb" pos="X">Amb</wf>
         <wf lemma="el" pos="X">el</wf>
         <wf lemma="monopoli" pos="X">monopoli</wf>
         <wf lemma="del" pos="X">del</wf>
         <wf lemma="poder" pos="X">poder</wf>
         <wf lemma="polític" pos="X">polític</wf>
         <wf lemma="," pos="X">,</wf>
         <wf lemma="les" pos="X">les</wf>
         <wf lemma="dones" pos="X">dones</wf>
         <wf lemma="tenien" pos="X">tenien</wf>
         <wf lemma="una" pos="X">una</wf>
         <instance id="d000.s388.t000" lemma="ginecocràcia" pos="NOUN">ginecocràcia</instance>
         <wf lemma="." pos="X">.</wf>
      </sentence>
      <sentence id="d000.s389" source="wordnet-catalan">
         <wf lemma="l'" pos="X">l'</wf>
         <instance id="d000.s389.t000" lemma="objectiu" pos="NOUN">objectiu</instance>
         <wf lemma="de" pos="X">de</wf>
         <wf lemma="la" pos="X">la</wf>
         <wf lemma="càmara" pos="X">càmara</wf>
         <wf lemma="estava" pos="X">estava</wf>
         <wf lemma="ple" pos="X">ple</wf>
         <wf lemma="de" pos="X">de</wf>
         <wf lemma="ditades" pos="X">ditades</wf>
         <wf lemma="." pos="X">.</wf>
      </sentence>
      <sentence id="d000.s390" source="wordnet-catalan">
         <wf lemma="La" pos="X">La</wf>
         <instance id="d000.s390.t000" lemma="injunció" pos="NOUN">injunció</instance>
         <wf lemma="s'" pos="X">s'</wf>
         <wf lemma="obté" pos="X">obté</wf>
         <wf lemma="mitjançant" pos="X">mitjançant</wf>
         <wf lemma="d'" pos="X">d'</wf>
         <wf lemma="una" pos="X">una</wf>
         <wf lemma="ordre" pos="X">ordre</wf>
         <wf lemma="judicial" pos="X">judicial</wf>
         <wf lemma="." pos="X">.</wf>
      </sentence>
      <sentence id="d000.s391" source="wordnet-catalan">
         <wf lemma="els" pos="X">els</wf>
         <wf lemma="seus" pos="X">seus</wf>
         <instance id="d000.s391.t000" lemma="escrit" pos="NOUN">escrits</instance>
         <wf lemma="són" pos="X">són</wf>
         <wf lemma="excel·lents" pos="X">excel·lents</wf>
         <wf lemma="." pos="X">.</wf>
      </sentence>
      <sentence id="d000.s392" source="wordnet-catalan">
         <wf lemma="la" pos="X">la</wf>
         <wf lemma="higiene" pos="X">higiene</wf>
         <wf lemma="és" pos="X">és</wf>
         <wf lemma="la" pos="X">la</wf>
         <wf lemma="millor" pos="X">millor</wf>
         <instance id="d000.s392.t000" lemma="defensa" pos="NOUN">defensa</instance>
         <wf lemma="contra" pos="X">contra</wf>
         <wf lemma="les" pos="X">les</wf>
         <wf lemma="malalties" pos="X">malalties</wf>
         <wf lemma="." pos="X">.</wf>
      </sentence>
      <sentence id="d000.s393" source="wordnet-catalan">
         <instance id="d000.s393.t000" lemma="punt" pos="NOUN">punt</instance>
         <wf lemma="topogràfic" pos="X">topogràfic</wf>
         <wf lemma="." pos="X">.</wf>
      </sentence>
      <sentence id="d000.s394" source="wordnet-catalan">
         <wf lemma="la" pos="X">la</wf>
         <instance id="d000.s394.t000" lemma="força" pos="NOUN">força</instance>
         <wf lemma="del" pos="X">del</wf>
         <wf lemma="seu" pos="X">seu</wf>
         <wf lemma="argument" pos="X">argument</wf>
         <wf lemma="el" pos="X">el</wf>
         <wf lemma="va" pos="X">va</wf>
         <wf lemma="convèncer" pos="X">convèncer</wf>
         <wf lemma="." pos="X">.</wf>
      </sentence>
      <sentence id="d000.s395" source="wordnet-catalan">
         <wf lemma="la" pos="X">la</wf>
         <wf lemma="seva" pos="X">seva</wf>
         <instance id="d000.s395.t000" lemma="intenció" pos="NOUN">intenció</instance>
         <wf lemma="era" pos="X">era</wf>
         <wf lemma="proporcionar" pos="X">proporcionar</wf>
         <wf lemma="una" pos="X">una</wf>
         <wf lemma="nova" pos="X">nova</wf>
         <wf lemma="traducció" pos="X">traducció</wf>
         <wf lemma="." pos="X">.</wf>
      </sentence>
      <sentence id="d000.s396" source="wordnet-catalan">
         <wf lemma="Un" pos="X">Un</wf>
         <instance id="d000.s396.t000" lemma="col·lectiu" pos="ADJ">col·lectiu</instance>
         <wf lemma="cultural" pos="X">cultural</wf>
         <wf lemma="." pos="X">.</wf>
      </sentence>
      <sentence id="d000.s397" source="wordnet-catalan">
         <wf lemma="va" pos="X">va</wf>
         <wf lemma="demanar" pos="X">demanar</wf>
         <wf lemma="una" pos="X">una</wf>
         <instance id="d000.s397.t000" lemma="relació" pos="NOUN">relació</instance>
         <wf lemma="detallada" pos="X">detallada</wf>
         <wf lemma="dels" pos="X">dels</wf>
         <wf lemma="fets" pos="X">fets</wf>
         <wf lemma="." pos="X">.</wf>
      </sentence>
      <sentence id="d000.s398" source="wordnet-catalan">
         <wf lemma="Els" pos="X">Els</wf>
         <wf lemma="primers" pos="X">primers</wf>
         <wf lemma="resultats" pos="X">resultats</wf>
         <wf lemma="de" pos="X">de</wf>
         <wf lemma="les" pos="X">les</wf>
         <wf lemma="eleccions" pos="X">eleccions</wf>
         <wf lemma="són" pos="X">són</wf>
         <instance id="d000.s398.t000" lemma="extraoficial" pos="ADJ">extraoficials</instance>
         <wf lemma="." pos="X">.</wf>
      </sentence>
      <sentence id="d000.s399" source="wordnet-catalan">
         <wf lemma="les" pos="X">les</wf>
         <wf lemma="autoritats" pos="X">autoritats</wf>
         <wf lemma="van" pos="X">van</wf>
         <wf lemma="avisar" pos="X">avisar</wf>
         <wf lemma="de" pos="X">de</wf>
         <wf lemma="la" pos="X">la</wf>
         <wf lemma="toxicitat" pos="X">toxicitat</wf>
         <wf lemma="del" pos="X">del</wf>
         <instance id="d000.s399.t000" lemma="producte" pos="NOUN">producte</instance>
         <wf lemma="." pos="X">.</wf>
      </sentence>
      <sentence id="d000.s400" source="wordnet-catalan">
         <wf lemma="el" pos="X">el</wf>
         <wf lemma="seu" pos="X">seu</wf>
         <instance id="d000.s400.t000" lemma="pare" pos="NOUN">pare</instance>
         <wf lemma="va" pos="X">va</wf>
         <wf lemma="néixer" pos="X">néixer</wf>
         <wf lemma="a" pos="X">a</wf>
         <wf lemma="Tortosa" pos="X">Tortosa</wf>
         <wf lemma="." pos="X">.</wf>
      </sentence>
      <sentence id="d000.s401" source="wordnet-catalan">
         <wf lemma="l'" pos="X">l'</wf>
         <instance id="d000.s401.t000" lemma="aurora" pos="NOUN">aurora</instance>
         <wf lemma="de" pos="X">de</wf>
         <wf lemma="la" pos="X">la</wf>
         <wf lemma="civilització" pos="X">civilització</wf>
         <wf lemma="." pos="X">.</wf>
      </sentence>
      <sentence id="d000.s402" source="wordnet-catalan">
         <wf lemma="va" pos="X">va</wf>
         <wf lemma="arribar" pos="X">arribar</wf>
         <wf lemma="un" pos="X">un</wf>
         <instance id="d000.s402.t000" lemma="centenar" pos="NOUN">centenar</instance>
         <wf lemma="de" pos="X">de</wf>
         <wf lemma="persones" pos="X">persones</wf>
         <wf lemma="." pos="X">.</wf>
      </sentence>
      <sentence id="d000.s403" source="wordnet-catalan">
         <wf lemma="'" pos="X">'</wf>
         <wf lemma="era" pos="X">era</wf>
         <wf lemma="una" pos="X">una</wf>
         <wf lemma="nit" pos="X">nit</wf>
         <wf lemma="fosca" pos="X">fosca</wf>
         <wf lemma="i" pos="X">i</wf>
         <wf lemma="de" pos="X">de</wf>
         <wf lemma="tempesta" pos="X">tempesta</wf>
         <wf lemma="'" pos="X">'</wf>
         <wf lemma="és" pos="X">és</wf>
         <wf lemma="un" pos="X">un</wf>
         <instance id="d000.s403.t000" lemma="principi" pos="NOUN">principi</instance>
         <wf lemma="molt" pos="X">molt</wf>
         <wf lemma="tòpic" pos="X">tòpic</wf>
         <wf lemma="per" pos="X">per</wf>
         <wf lemma="a" pos="X">a</wf>
         <wf lemma="una" pos="X">una</wf>
         <wf lemma="història" pos="X">història</wf>
         <wf lemma="." pos="X">.</wf>
      </sentence>
      <sentence id="d000.s404" source="wordnet-catalan">
         <wf lemma="esperaven" pos="X">esperaven</wf>
         <wf lemma="que" pos="X">que</wf>
         <wf lemma="funcionés" pos="X">funcionés</wf>
         <wf lemma="com" pos="X">com</wf>
         <wf lemma="un" pos="X">un</wf>
         <instance id="d000.s404.t000" lemma="impuls" pos="NOUN">impuls</instance>
         <wf lemma="espiritual" pos="X">espiritual</wf>
         <wf lemma="a" pos="X">a</wf>
         <wf lemma="totes" pos="X">totes</wf>
         <wf lemma="les" pos="X">les</wf>
         <wf lemma="esglésies" pos="X">esglésies</wf>
         <wf lemma="." pos="X">.</wf>
      </sentence>
      <sentence id="d000.s405" source="wordnet-catalan">
         <wf lemma="el" pos="X">el</wf>
         <instance id="d000.s405.t000" lemma="conseller" pos="NOUN">conseller</instance>
         <wf lemma="de" pos="X">de</wf>
         <wf lemma="la" pos="X">la</wf>
         <wf lemma="Casa" pos="X">Casa</wf>
         <wf lemma="Reial" pos="X">Reial</wf>
         <wf lemma="sempre" pos="X">sempre</wf>
         <wf lemma="l'" pos="X">l'</wf>
         <wf lemma="encerta" pos="X">encerta</wf>
         <wf lemma="." pos="X">.</wf>
      </sentence>
      <sentence id="d000.s406" source="wordnet-catalan">
         <wf lemma="la" pos="X">la</wf>
         <wf lemma="característica" pos="X">característica</wf>
         <wf lemma="més" pos="X">més</wf>
         <wf lemma="atractiva" pos="X">atractiva</wf>
         <wf lemma="d'" pos="X">d'</wf>
         <wf lemma="aquest" pos="X">aquest</wf>
         <wf lemma="parc" pos="X">parc</wf>
         <wf lemma="són" pos="X">són</wf>
         <wf lemma="les" pos="X">les</wf>
         <wf lemma="boniques" pos="X">boniques</wf>
         <instance id="d000.s406.t000" lemma="vista" pos="NOUN">vistes</instance>
         <wf lemma="." pos="X">.</wf>
      </sentence>
      <sentence id="d000.s407" source="wordnet-catalan">
         <wf lemma="va" pos="X">va</wf>
         <wf lemma="utilitzar" pos="X">utilitzar</wf>
         <wf lemma="tots" pos="X">tots</wf>
         <wf lemma="els" pos="X">els</wf>
         <wf lemma="recursos" pos="X">recursos</wf>
         <wf lemma="que" pos="X">que</wf>
         <wf lemma="tenia" pos="X">tenia</wf>
         <wf lemma="a" pos="X">a</wf>
         <instance id="d000.s407.t000" lemma="disposició" pos="NOUN">disposició</instance>
         <wf lemma="." pos="X">.</wf>
      </sentence>
      <sentence id="d000.s408" source="wordnet-catalan">
         <wf lemma="Aquest" pos="X">Aquest</wf>
         <wf lemma="polític" pos="X">polític</wf>
         <wf lemma="sempre" pos="X">sempre</wf>
         <wf lemma="respon" pos="X">respon</wf>
         <wf lemma="de" pos="X">de</wf>
         <wf lemma="manera" pos="X">manera</wf>
         <instance id="d000.s408.t000" lemma="contradictori" pos="ADJ">contradictòria</instance>
         <wf lemma="." pos="X">.</wf>
      </sentence>
      <sentence id="d000.s409" source="wordnet-catalan">
         <wf lemma="no" pos="X">no</wf>
         <wf lemma="sabia" pos="X">sabia</wf>
         <wf lemma="el" pos="X">el</wf>
         <instance id="d000.s409.t000" lemma="camí" pos="NOUN">camí</instance>
         <wf lemma="per" pos="X">per</wf>
         <wf lemma="tornar" pos="X">tornar</wf>
         <wf lemma="a" pos="X">a</wf>
         <wf lemma="casa" pos="X">casa</wf>
         <wf lemma="." pos="X">.</wf>
      </sentence>
      <sentence id="d000.s410" source="wordnet-catalan">
         <wf lemma="no" pos="X">no</wf>
         <wf lemma="és" pos="X">és</wf>
         <wf lemma="la" pos="X">la</wf>
         <wf lemma="feina" pos="X">feina</wf>
         <wf lemma="," pos="X">,</wf>
         <wf lemma="sinó" pos="X">sinó</wf>
         <wf lemma="les" pos="X">les</wf>
         <instance id="d000.s410.t000" lemma="preocupació" pos="NOUN">preocupacions</instance>
         <wf lemma="," pos="X">,</wf>
         <wf lemma="el" pos="X">el</wf>
         <wf lemma="que" pos="X">que</wf>
         <wf lemma="mata" pos="X">mata</wf>
         <wf lemma="." pos="X">.</wf>
      </sentence>
      <sentence id="d000.s411" source="wordnet-catalan">
         <wf lemma="va" pos="X">va</wf>
         <wf lemma="canviar" pos="X">canviar</wf>
         <wf lemma="d'" pos="X">d'</wf>
         <wf lemma="opinión" pos="X">opinión</wf>
         <wf lemma="després" pos="X">després</wf>
         <wf lemma="d'" pos="X">d'</wf>
         <wf lemma="analitzar" pos="X">analitzar</wf>
         <wf lemma="la" pos="X">la</wf>
         <wf lemma="situació" pos="X">situació</wf>
         <wf lemma="a" pos="X">a</wf>
         <wf lemma="la" pos="X">la</wf>
         <instance id="d000.s411.t000" lemma="llum" pos="NOUN">llum</instance>
         <wf lemma="de" pos="X">de</wf>
         <wf lemma="les" pos="X">les</wf>
         <wf lemma="idees" pos="X">idees</wf>
         <wf lemma="de" pos="X">de</wf>
         <wf lemma="Marx" pos="X">Marx</wf>
         <wf lemma="." pos="X">.</wf>
      </sentence>
      <sentence id="d000.s412" source="wordnet-catalan">
         <wf lemma="van" pos="X">van</wf>
         <wf lemma="rebre" pos="X">rebre</wf>
         <wf lemma="una" pos="X">una</wf>
         <wf lemma="citació" pos="X">citació</wf>
         <wf lemma="judicial" pos="X">judicial</wf>
         <wf lemma="per" pos="X">per</wf>
         <wf lemma="examinar" pos="X">examinar</wf>
         <wf lemma="els" pos="X">els</wf>
         <instance id="d000.s412.t000" lemma="llibre" pos="NOUN">llibres</instance>
         <wf lemma="." pos="X">.</wf>
      </sentence>
      <sentence id="d000.s413" source="wordnet-catalan">
         <wf lemma="el" pos="X">el</wf>
         <instance id="d000.s413.t000" lemma="tractament" pos="NOUN">tractament</instance>
         <wf lemma="dels" pos="X">dels</wf>
         <wf lemma="presoners" pos="X">presoners</wf>
         <wf lemma="." pos="X">.</wf>
      </sentence>
      <sentence id="d000.s414" source="wordnet-catalan">
         <wf lemma="va" pos="X">va</wf>
         <wf lemma="ser" pos="X">ser</wf>
         <wf lemma="un" pos="X">un</wf>
         <wf lemma="miracle" pos="X">miracle</wf>
         <wf lemma="que" pos="X">que</wf>
         <wf lemma="sobrevisqués" pos="X">sobrevisqués</wf>
         <wf lemma="a" pos="X">a</wf>
         <wf lemma="una" pos="X">una</wf>
         <instance id="d000.s414.t000" lemma="caiguda" pos="NOUN">caiguda</instance>
         <wf lemma="des" pos="X">des</wf>
         <wf lemma="d'" pos="X">d'</wf>
         <wf lemma="aquella" pos="X">aquella</wf>
         <wf lemma="altura" pos="X">altura</wf>
         <wf lemma="." pos="X">.</wf>
      </sentence>
      <sentence id="d000.s415" source="wordnet-catalan">
         <wf lemma="S'" pos="X">S'</wf>
         <wf lemma="ha" pos="X">ha</wf>
         <wf lemma="obert" pos="X">obert</wf>
         <wf lemma="un" pos="X">un</wf>
         <instance id="d000.s415.t000" lemma="litigi" pos="NOUN">litigi</instance>
         <wf lemma="contra" pos="X">contra</wf>
         <wf lemma="l'" pos="X">l'</wf>
         <wf lemma="empresa" pos="X">empresa</wf>
         <wf lemma="per" pos="X">per</wf>
         <wf lemma="qüestions" pos="X">qüestions</wf>
         <wf lemma="de" pos="X">de</wf>
         <wf lemma="patents" pos="X">patents</wf>
         <wf lemma="." pos="X">.</wf>
      </sentence>
      <sentence id="d000.s416" source="wordnet-catalan">
         <wf lemma="Les" pos="X">Les</wf>
         <wf lemma="eleccions" pos="X">eleccions</wf>
         <instance id="d000.s416.t000" lemma="presidencial" pos="ADJ">presidencials</instance>
         <wf lemma="." pos="X">.</wf>
      </sentence>
      <sentence id="d000.s417" source="wordnet-catalan">
         <wf lemma="qui" pos="X">qui</wf>
         <wf lemma="ha" pos="X">ha</wf>
         <wf lemma="estat" pos="X">estat</wf>
         <wf lemma="l'" pos="X">l'</wf>
         <instance id="d000.s417.t000" lemma="autor" pos="NOUN">autor</instance>
         <wf lemma="d'" pos="X">d'</wf>
         <wf lemma="aquest" pos="X">aquest</wf>
         <wf lemma="desastre" pos="X">desastre</wf>
         <wf lemma="?" pos="X">?</wf>
      </sentence>
      <sentence id="d000.s418" source="wordnet-catalan">
         <wf lemma="els" pos="X">els</wf>
         <instance id="d000.s418.t000" lemma="pare" pos="NOUN">pares</instance>
         <wf lemma="del" pos="X">del</wf>
         <wf lemma="tenis" pos="X">tenis</wf>
         <wf lemma="van" pos="X">van</wf>
         <wf lemma="intercedir" pos="X">intercedir</wf>
         <wf lemma="en" pos="X">en</wf>
         <wf lemma="el" pos="X">el</wf>
         <wf lemma="seu" pos="X">seu</wf>
         <wf lemma="favor" pos="X">favor</wf>
         <wf lemma="." pos="X">.</wf>
      </sentence>
      <sentence id="d000.s419" source="wordnet-catalan">
         <wf lemma="El" pos="X">El</wf>
         <wf lemma="Suprem" pos="X">Suprem</wf>
         <wf lemma="dóna" pos="X">dóna</wf>
         <instance id="d000.s419.t000" lemma="encàrrec" pos="NOUN">encàrrec</instance>
         <wf lemma="el" pos="X">el</wf>
         <wf lemma="substitut" pos="X">substitut</wf>
         <wf lemma="del" pos="X">del</wf>
         <wf lemma="jutge" pos="X">jutge</wf>
         <wf lemma="." pos="X">.</wf>
      </sentence>
      <sentence id="d000.s420" source="wordnet-catalan">
         <wf lemma="una" pos="X">una</wf>
         <wf lemma="nova" pos="X">nova</wf>
         <wf lemma="unitat" pos="X">unitat</wf>
         <wf lemma="en" pos="X">en</wf>
         <instance id="d000.s420.t000" lemma="actiu" pos="ADJ">actiu</instance>
         <wf lemma="." pos="X">.</wf>
      </sentence>
      <sentence id="d000.s421" source="wordnet-catalan">
         <wf lemma="el" pos="X">el</wf>
         <wf lemma="món" pos="X">món</wf>
         <wf lemma="es" pos="X">es</wf>
         <wf lemma="divideix" pos="X">divideix</wf>
         <wf lemma="en" pos="X">en</wf>
         <wf lemma="éssers" pos="X">éssers</wf>
         <wf lemma="i" pos="X">i</wf>
         <instance id="d000.s421.t000" lemma="cosa" pos="NOUN">coses</instance>
         <wf lemma="." pos="X">.</wf>
      </sentence>
      <sentence id="d000.s422" source="wordnet-catalan">
         <wf lemma="Shigella" pos="X">Shigella</wf>
         <wf lemma="és" pos="X">és</wf>
         <wf lemma="una" pos="X">una</wf>
         <wf lemma="de" pos="X">de</wf>
         <wf lemma="les" pos="X">les</wf>
         <instance id="d000.s422.t000" lemma="substància" pos="NOUN">substàncies</instance>
         <wf lemma="més" pos="X">més</wf>
         <wf lemma="tòxiques" pos="X">tòxiques</wf>
         <wf lemma="conegudes" pos="X">conegudes</wf>
         <wf lemma="per" pos="X">per</wf>
         <wf lemma="l'" pos="X">l'</wf>
         <wf lemma="home" pos="X">home</wf>
         <wf lemma="." pos="X">.</wf>
      </sentence>
      <sentence id="d000.s423" source="wordnet-catalan">
         <wf lemma="la" pos="X">la</wf>
         <instance id="d000.s423.t000" lemma="veïna" pos="NOUN">veïna</instance>
         <wf lemma="del" pos="X">del</wf>
         <wf lemma="cinquè" pos="X">cinquè</wf>
         <wf lemma="em" pos="X">em</wf>
         <wf lemma="va" pos="X">va</wf>
         <wf lemma="donar" pos="X">donar</wf>
         <wf lemma="una" pos="X">una</wf>
         <wf lemma="mica" pos="X">mica</wf>
         <wf lemma="de" pos="X">de</wf>
         <wf lemma="sal" pos="X">sal</wf>
         <wf lemma="." pos="X">.</wf>
      </sentence>
      <sentence id="d000.s424" source="wordnet-catalan">
         <wf lemma="el" pos="X">el</wf>
         <wf lemma="meu" pos="X">meu</wf>
         <wf lemma="aniversari" pos="X">aniversari</wf>
         <wf lemma="és" pos="X">és</wf>
         <wf lemma="d'" pos="X">d'</wf>
         <wf lemma="aquí" pos="X">aquí</wf>
         <wf lemma="un" pos="X">un</wf>
         <instance id="d000.s424.t000" lemma="mes" pos="NOUN">mes</instance>
         <wf lemma="." pos="X">.</wf>
      </sentence>
      <sentence id="d000.s425" source="wordnet-catalan">
         <wf lemma="per" pos="X">per</wf>
         <wf lemma="recordar" pos="X">recordar</wf>
         <wf lemma="tots" pos="X">tots</wf>
         <wf lemma="els" pos="X">els</wf>
         <wf lemma="detalls" pos="X">detalls</wf>
         <wf lemma="has" pos="X">has</wf>
         <wf lemma="de" pos="X">de</wf>
         <wf lemma="mantenir" pos="X">mantenir</wf>
         <wf lemma="la" pos="X">la</wf>
         <instance id="d000.s425.t000" lemma="concentració" pos="NOUN">concentració</instance>
         <wf lemma="." pos="X">.</wf>
      </sentence>
      <sentence id="d000.s426" source="wordnet-catalan">
         <wf lemma="la" pos="X">la</wf>
         <wf lemma="consulta" pos="X">consulta</wf>
         <wf lemma="de" pos="X">de</wf>
         <wf lemma="les" pos="X">les</wf>
         <instance id="d000.s426.t000" lemma="font" pos="NOUN">fonts</instance>
         <wf lemma="va" pos="X">va</wf>
         <wf lemma="ser" pos="X">ser</wf>
         <wf lemma="útil" pos="X">útil</wf>
         <wf lemma="per" pos="X">per</wf>
         <wf lemma="al" pos="X">al</wf>
         <wf lemma="treball" pos="X">treball</wf>
         <wf lemma="." pos="X">.</wf>
      </sentence>
      <sentence id="d000.s427" source="wordnet-catalan">
         <wf lemma="la" pos="X">la</wf>
         <instance id="d000.s427.t000" lemma="meitat" pos="NOUN">meitat</instance>
         <wf lemma="d'" pos="X">d'</wf>
         <wf lemma="un" pos="X">un</wf>
         <wf lemma="segle" pos="X">segle</wf>
         <wf lemma="." pos="X">.</wf>
      </sentence>
      <sentence id="d000.s428" source="wordnet-catalan">
         <wf lemma="L'" pos="X">L'</wf>
         <instance id="d000.s428.t000" lemma="allistador" pos="NOUN">allistador</instance>
         <wf lemma="encara" pos="X">encara</wf>
         <wf lemma="no" pos="X">no</wf>
         <wf lemma="ens" pos="X">ens</wf>
         <wf lemma="ha" pos="X">ha</wf>
         <wf lemma="inclòs" pos="X">inclòs</wf>
         <wf lemma="entre" pos="X">entre</wf>
         <wf lemma="els" pos="X">els</wf>
         <wf lemma="contribuents" pos="X">contribuents</wf>
         <wf lemma="." pos="X">.</wf>
      </sentence>
      <sentence id="d000.s429" source="wordnet-catalan">
         <wf lemma="feia" pos="X">feia</wf>
         <wf lemma="que" pos="X">que</wf>
         <wf lemma="el" pos="X">el</wf>
         <instance id="d000.s429.t000" lemma="vailet" pos="NOUN">vailet</instance>
         <wf lemma="es" pos="X">es</wf>
         <wf lemma="rentés" pos="X">rentés</wf>
         <wf lemma="les" pos="X">les</wf>
         <wf lemma="dents" pos="X">dents</wf>
         <wf lemma="cada" pos="X">cada</wf>
         <wf lemma="nit" pos="X">nit</wf>
         <wf lemma="." pos="X">.</wf>
      </sentence>
      <sentence id="d000.s430" source="wordnet-catalan">
         <wf lemma="La" pos="X">La</wf>
         <wf lemma="llei" pos="X">llei</wf>
         <instance id="d000.s430.t000" lemma="parlamentari" pos="ADJ">parlamentària</instance>
         <wf lemma="." pos="X">.</wf>
      </sentence>
      <sentence id="d000.s431" source="wordnet-catalan">
         <wf lemma="els" pos="X">els</wf>
         <wf lemma="estudiants" pos="X">estudiants</wf>
         <wf lemma="van" pos="X">van</wf>
         <wf lemma="fer" pos="X">fer</wf>
         <wf lemma="cas" pos="X">cas</wf>
         <wf lemma="a" pos="X">a</wf>
         <wf lemma="la" pos="X">la</wf>
         <instance id="d000.s431.t000" lemma="crida" pos="NOUN">crida</instance>
         <wf lemma="per" pos="X">per</wf>
         <wf lemma="manifestar-se" pos="X">manifestar-se</wf>
         <wf lemma="." pos="X">.</wf>
      </sentence>
      <sentence id="d000.s432" source="wordnet-catalan">
         <wf lemma="van" pos="X">van</wf>
         <wf lemma="deixar" pos="X">deixar</wf>
         <wf lemma="la" pos="X">la</wf>
         <wf lemma="porta" pos="X">porta</wf>
         <instance id="d000.s432.t000" lemma="obert" pos="ADJ">oberta</instance>
         <wf lemma="." pos="X">.</wf>
      </sentence>
      <sentence id="d000.s433" source="wordnet-catalan">
         <wf lemma="Els" pos="X">Els</wf>
         <wf lemma="veïns" pos="X">veïns</wf>
         <wf lemma="han" pos="X">han</wf>
         <wf lemma="començat" pos="X">començat</wf>
         <wf lemma="una" pos="X">una</wf>
         <instance id="d000.s433.t000" lemma="causa" pos="NOUN">causa</instance>
         <wf lemma="contra" pos="X">contra</wf>
         <wf lemma="la" pos="X">la</wf>
         <wf lemma="discoteca" pos="X">discoteca</wf>
         <wf lemma="." pos="X">.</wf>
      </sentence>
      <sentence id="d000.s434" source="wordnet-catalan">
         <wf lemma="el" pos="X">el</wf>
         <wf lemma="teu" pos="X">teu</wf>
         <wf lemma="fill" pos="X">fill</wf>
         <wf lemma="fa" pos="X">fa</wf>
         <wf lemma="sis" pos="X">sis</wf>
         <instance id="d000.s434.t000" lemma="peu" pos="NOUN">peus</instance>
         <wf lemma="d'" pos="X">d'</wf>
         <wf lemma="alt" pos="X">alt</wf>
         <wf lemma="." pos="X">.</wf>
      </sentence>
      <sentence id="d000.s435" source="wordnet-catalan">
         <wf lemma="va" pos="X">va</wf>
         <wf lemma="satisfer" pos="X">satisfer</wf>
         <wf lemma="la" pos="X">la</wf>
         <wf lemma="seva" pos="X">seva</wf>
         <instance id="d000.s435.t000" lemma="necessitat" pos="NOUN">necessitat</instance>
         <wf lemma="d'" pos="X">d'</wf>
         <wf lemma="afecte" pos="X">afecte</wf>
         <wf lemma="." pos="X">.</wf>
      </sentence>
      <sentence id="d000.s436" source="wordnet-catalan">
         <wf lemma="una" pos="X">una</wf>
         <instance id="d000.s436.t000" lemma="plata" pos="NOUN">plata</instance>
         <wf lemma="de" pos="X">de</wf>
         <wf lemma="verdura" pos="X">verdura</wf>
         <wf lemma="." pos="X">.</wf>
      </sentence>
      <sentence id="d000.s437" source="wordnet-catalan">
         <wf lemma="En" pos="X">En</wf>
         <wf lemma="Joan" pos="X">Joan</wf>
         <wf lemma="rep" pos="X">rep</wf>
         <wf lemma="un" pos="X">un</wf>
         <instance id="d000.s437.t000" lemma="entrenament" pos="NOUN">entrenament</instance>
         <wf lemma="intensiu" pos="X">intensiu</wf>
         <wf lemma="per" pos="X">per</wf>
         <wf lemma="als" pos="X">als</wf>
         <wf lemma="Jocs" pos="X">Jocs</wf>
         <wf lemma="." pos="X">.</wf>
      </sentence>
      <sentence id="d000.s438" source="wordnet-catalan">
         <wf lemma="El" pos="X">El</wf>
         <wf lemma="Palau" pos="X">Palau</wf>
         <wf lemma="Ducal" pos="X">Ducal</wf>
         <wf lemma="de" pos="X">de</wf>
         <wf lemma="Venècia" pos="X">Venècia</wf>
         <wf lemma="era" pos="X">era</wf>
         <wf lemma="la" pos="X">la</wf>
         <wf lemma="seu" pos="X">seu</wf>
         <wf lemma="del" pos="X">del</wf>
         <instance id="d000.s438.t000" lemma="dux" pos="NOUN">dux</instance>
         <wf lemma="de" pos="X">de</wf>
         <wf lemma="la" pos="X">la</wf>
         <wf lemma="república" pos="X">república</wf>
         <wf lemma="de" pos="X">de</wf>
         <wf lemma="Venècia" pos="X">Venècia</wf>
         <wf lemma="." pos="X">.</wf>
      </sentence>
      <sentence id="d000.s439" source="wordnet-catalan">
         <wf lemma="molts" pos="X">molts</wf>
         <instance id="d000.s439.t000" lemma="detall" pos="NOUN">detalls</instance>
         <wf lemma="s'" pos="X">s'</wf>
         <wf lemma="assemblen" pos="X">assemblen</wf>
         <wf lemma="." pos="X">.</wf>
      </sentence>
      <sentence id="d000.s440" source="wordnet-catalan">
         <wf lemma="un" pos="X">un</wf>
         <wf lemma="farmacèutic" pos="X">farmacèutic</wf>
         <instance id="d000.s440.t000" lemma="titulat" pos="ADJ">titulat</instance>
         <wf lemma="." pos="X">.</wf>
      </sentence>
      <sentence id="d000.s441" source="wordnet-catalan">
         <wf lemma="l'" pos="X">l'</wf>
         <instance id="d000.s441.t000" lemma="ser" pos="NOUN">era</instance>
         <wf lemma="victoriana" pos="X">victoriana</wf>
         <wf lemma="." pos="X">.</wf>
      </sentence>
      <sentence id="d000.s442" source="wordnet-catalan">
         <wf lemma="El" pos="X">El</wf>
         <wf lemma="costum" pos="X">costum</wf>
         <instance id="d000.s442.t000" lemma="local" pos="ADJ">local</instance>
         <wf lemma="." pos="X">.</wf>
      </sentence>
      <sentence id="d000.s443" source="wordnet-catalan">
         <wf lemma="a" pos="X">a</wf>
         <wf lemma="la" pos="X">la</wf>
         <instance id="d000.s443.t000" lemma="zona" pos="NOUN">zona</instance>
         <wf lemma="del" pos="X">del</wf>
         <wf lemma="Cantàbric" pos="X">Cantàbric</wf>
         <wf lemma="plou" pos="X">plou</wf>
         <wf lemma="molt" pos="X">molt</wf>
         <wf lemma="." pos="X">.</wf>
      </sentence>
      <sentence id="d000.s444" source="wordnet-catalan">
         <wf lemma="havia" pos="X">havia</wf>
         <wf lemma="sang" pos="X">sang</wf>
         <wf lemma="en" pos="X">en</wf>
         <wf lemma="la" pos="X">la</wf>
         <wf lemma="seva" pos="X">seva</wf>
         <instance id="d000.s444.t000" lemma="orina" pos="NOUN">orina</instance>
         <wf lemma="." pos="X">.</wf>
      </sentence>
      <sentence id="d000.s445" source="wordnet-catalan">
         <wf lemma="van" pos="X">van</wf>
         <wf lemma="dir" pos="X">dir</wf>
         <wf lemma="que" pos="X">que</wf>
         <wf lemma="havien" pos="X">havien</wf>
         <wf lemma="estat" pos="X">estat</wf>
         <wf lemma="en" pos="X">en</wf>
         <instance id="d000.s445.t000" lemma="contacte" pos="NOUN">contacte</instance>
         <wf lemma="amb" pos="X">amb</wf>
         <wf lemma="sers" pos="X">sers</wf>
         <wf lemma="extraterrestres" pos="X">extraterrestres</wf>
         <wf lemma="." pos="X">.</wf>
      </sentence>
      <sentence id="d000.s446" source="wordnet-catalan">
         <wf lemma="l'" pos="X">l'</wf>
         <wf lemma="únic" pos="X">únic</wf>
         <instance id="d000.s446.t000" lemma="recurs" pos="NOUN">recurs</instance>
         <wf lemma="que" pos="X">que</wf>
         <wf lemma="els" pos="X">els</wf>
         <wf lemma="quedava" pos="X">quedava</wf>
         <wf lemma="era" pos="X">era</wf>
         <wf lemma="avisar" pos="X">avisar</wf>
         <wf lemma="a" pos="X">a</wf>
         <wf lemma="l'" pos="X">l'</wf>
         <wf lemma="oncle" pos="X">oncle</wf>
         <wf lemma="." pos="X">.</wf>
      </sentence>
      <sentence id="d000.s447" source="wordnet-catalan">
         <wf lemma="la" pos="X">la</wf>
         <instance id="d000.s447.t000" lemma="pau" pos="NOUN">pau</instance>
         <wf lemma="va" pos="X">va</wf>
         <wf lemma="arribar" pos="X">arribar</wf>
         <wf lemma="l'" pos="X">l'</wf>
         <wf lemma="onze" pos="X">onze</wf>
         <wf lemma="de" pos="X">de</wf>
         <wf lemma="novembre" pos="X">novembre</wf>
         <wf lemma="." pos="X">.</wf>
      </sentence>
      <sentence id="d000.s448" source="wordnet-catalan">
         <wf lemma="només" pos="X">només</wf>
         <wf lemma="són" pos="X">són</wf>
         <instance id="d000.s448.t000" lemma="criatura" pos="NOUN">criatures</instance>
         <wf lemma="." pos="X">.</wf>
      </sentence>
      <sentence id="d000.s449" source="wordnet-catalan">
         <wf lemma="la" pos="X">la</wf>
         <instance id="d000.s449.t000" lemma="penumbra" pos="NOUN">penumbra</instance>
         <wf lemma="dominava" pos="X">dominava</wf>
         <wf lemma="l'" pos="X">l'</wf>
         <wf lemma="oficina" pos="X">oficina</wf>
         <wf lemma="." pos="X">.</wf>
      </sentence>
      <sentence id="d000.s450" source="wordnet-catalan">
         <wf lemma="una" pos="X">una</wf>
         <wf lemma="regla" pos="X">regla</wf>
         <wf lemma="que" pos="X">que</wf>
         <wf lemma="ja" pos="X">ja</wf>
         <wf lemma="no" pos="X">no</wf>
         <wf lemma="està" pos="X">està</wf>
         <wf lemma="en" pos="X">en</wf>
         <instance id="d000.s450.t000" lemma="funcionament" pos="NOUN">funcionament</instance>
         <wf lemma="." pos="X">.</wf>
      </sentence>
      <sentence id="d000.s451" source="wordnet-catalan">
         <wf lemma="la" pos="X">la</wf>
         <instance id="d000.s451.t000" lemma="càrrega" pos="NOUN">càrrega</instance>
         <wf lemma="de" pos="X">de</wf>
         <wf lemma="la" pos="X">la</wf>
         <wf lemma="responsabilitat" pos="X">responsabilitat</wf>
         <wf lemma="." pos="X">.</wf>
      </sentence>
      <sentence id="d000.s452" source="wordnet-catalan">
         <wf lemma="ensenya'm" pos="X">ensenya'm</wf>
         <wf lemma="a" pos="X">a</wf>
         <wf lemma="on" pos="X">on</wf>
         <wf lemma="està" pos="X">està</wf>
         <wf lemma="el" pos="X">el</wf>
         <instance id="d000.s452.t000" lemma="negoci" pos="NOUN">negoci</instance>
         <wf lemma="avui" pos="X">avui</wf>
         <wf lemma="en" pos="X">en</wf>
         <wf lemma="dia" pos="X">dia</wf>
         <wf lemma="." pos="X">.</wf>
      </sentence>
      <sentence id="d000.s453" source="wordnet-catalan">
         <wf lemma="va" pos="X">va</wf>
         <wf lemma="tocar" pos="X">tocar</wf>
         <wf lemma="la" pos="X">la</wf>
         <wf lemma="primera" pos="X">primera</wf>
         <instance id="d000.s453.t000" lemma="pista" pos="NOUN">pista</instance>
         <wf lemma="del" pos="X">del</wf>
         <wf lemma="cd." pos="X">cd.</wf>
      </sentence>
      <sentence id="d000.s454" source="wordnet-catalan">
         <wf lemma="El" pos="X">El</wf>
         <wf lemma="superàvit" pos="X">superàvit</wf>
         <instance id="d000.s454.t000" lemma="comerciable" pos="ADJ">comerciable</instance>
         <wf lemma="." pos="X">.</wf>
      </sentence>
      <sentence id="d000.s455" source="wordnet-catalan">
         <wf lemma="L'" pos="X">L'</wf>
         <wf lemma="escriptor" pos="X">escriptor</wf>
         <wf lemma="és" pos="X">és</wf>
         <wf lemma="un" pos="X">un</wf>
         <instance id="d000.s455.t000" lemma="exiliat" pos="NOUN">exiliat</instance>
         <wf lemma="cubà" pos="X">cubà</wf>
         <wf lemma="." pos="X">.</wf>
      </sentence>
      <sentence id="d000.s456" source="wordnet-catalan">
         <wf lemma="era" pos="X">era</wf>
         <wf lemma="un" pos="X">un</wf>
         <wf lemma="model" pos="X">model</wf>
         <wf lemma="de" pos="X">de</wf>
         <instance id="d000.s456.t000" lemma="mesura" pos="NOUN">mesura</instance>
         <wf lemma="educada" pos="X">educada</wf>
         <wf lemma="." pos="X">.</wf>
      </sentence>
      <sentence id="d000.s457" source="wordnet-catalan">
         <wf lemma="els" pos="X">els</wf>
         <wf lemma="seus" pos="X">seus</wf>
         <instance id="d000.s457.t000" lemma="principi" pos="NOUN">principis</instance>
         <wf lemma="de" pos="X">de</wf>
         <wf lemma="composició" pos="X">composició</wf>
         <wf lemma="caracteritzen" pos="X">caracteritzen</wf>
         <wf lemma="tota" pos="X">tota</wf>
         <wf lemma="la" pos="X">la</wf>
         <wf lemma="seva" pos="X">seva</wf>
         <wf lemma="obra" pos="X">obra</wf>
         <wf lemma="." pos="X">.</wf>
      </sentence>
      <sentence id="d000.s458" source="wordnet-catalan">
         <wf lemma="El" pos="X">El</wf>
         <wf lemma="propòsit" pos="X">propòsit</wf>
         <wf lemma="de" pos="X">de</wf>
         <wf lemma="la" pos="X">la</wf>
         <instance id="d000.s458.t000" lemma="intervenció" pos="NOUN">intervenció</instance>
         <wf lemma="és" pos="X">és</wf>
         <wf lemma="evitar" pos="X">evitar</wf>
         <wf lemma="la" pos="X">la</wf>
         <wf lemma="duplicació" pos="X">duplicació</wf>
         <wf lemma="innecessària" pos="X">innecessària</wf>
         <wf lemma="dels" pos="X">dels</wf>
         <wf lemma="judicis" pos="X">judicis</wf>
         <wf lemma="." pos="X">.</wf>
      </sentence>
      <sentence id="d000.s459" source="wordnet-catalan">
         <wf lemma="El" pos="X">El</wf>
         <wf lemma="debat" pos="X">debat</wf>
         <wf lemma="ha" pos="X">ha</wf>
         <instance id="d000.s459.t000" lemma="canviar" pos="VERB">canviat</instance>
         <wf lemma="la" pos="X">la</wf>
         <wf lemma="meva" pos="X">meva</wf>
         <wf lemma="manera" pos="X">manera</wf>
         <wf lemma="de" pos="X">de</wf>
         <wf lemma="pensar" pos="X">pensar</wf>
         <wf lemma="sobre" pos="X">sobre</wf>
         <wf lemma="el" pos="X">el</wf>
         <wf lemma="tema" pos="X">tema</wf>
         <wf lemma="." pos="X">.</wf>
      </sentence>
      <sentence id="d000.s460" source="wordnet-catalan">
         <wf lemma="Les" pos="X">Les</wf>
         <wf lemma="obligacions" pos="X">obligacions</wf>
         <instance id="d000.s460.t000" lemma="contractual" pos="ADJ">contractuals</instance>
         <wf lemma="." pos="X">.</wf>
      </sentence>
      <sentence id="d000.s461" source="wordnet-catalan">
         <wf lemma="Una" pos="X">Una</wf>
         <wf lemma="universitat" pos="X">universitat</wf>
         <instance id="d000.s461.t000" lemma="estatal" pos="ADJ">estatal</instance>
         <wf lemma="." pos="X">.</wf>
      </sentence>
      <sentence id="d000.s462" source="wordnet-catalan">
         <wf lemma="va" pos="X">va</wf>
         <wf lemma="servir" pos="X">servir</wf>
         <wf lemma="el" pos="X">el</wf>
         <instance id="d000.s462.t000" lemma="sopar" pos="NOUN">sopar</instance>
         <wf lemma="a" pos="X">a</wf>
         <wf lemma="les" pos="X">les</wf>
         <wf lemma="8." pos="X">8.</wf>
      </sentence>
      <sentence id="d000.s463" source="wordnet-catalan">
         <wf lemma="L'" pos="X">L'</wf>
         <wf lemma="organisme" pos="X">organisme</wf>
         <instance id="d000.s463.t000" lemma="corporatiu" pos="ADJ">corporatiu</instance>
         <wf lemma="encarregat" pos="X">encarregat</wf>
         <wf lemma="de" pos="X">de</wf>
         <wf lemma="produir" pos="X">produir</wf>
         <wf lemma="i" pos="X">i</wf>
         <wf lemma="difondre" pos="X">difondre</wf>
         <wf lemma="productes" pos="X">productes</wf>
         <wf lemma="audiovisuals" pos="X">audiovisuals</wf>
         <wf lemma="." pos="X">.</wf>
      </sentence>
      <sentence id="d000.s464" source="wordnet-catalan">
         <wf lemma="el" pos="X">el</wf>
         <instance id="d000.s464.t000" lemma="menor" pos="NOUN">menor</instance>
         <wf lemma="del" pos="X">del</wf>
         <wf lemma="Tribunal" pos="X">Tribunal</wf>
         <wf lemma="Suprem" pos="X">Suprem</wf>
         <wf lemma="." pos="X">.</wf>
      </sentence>
      <sentence id="d000.s465" source="wordnet-catalan">
         <wf lemma="un" pos="X">un</wf>
         <instance id="d000.s465.t000" lemma="batalló" pos="NOUN">batalló</instance>
         <wf lemma="de" pos="X">de</wf>
         <wf lemma="formigues" pos="X">formigues</wf>
         <wf lemma="." pos="X">.</wf>
      </sentence>
      <sentence id="d000.s466" source="wordnet-catalan">
         <wf lemma="en" pos="X">en</wf>
         <wf lemma="el" pos="X">el</wf>
         <wf lemma="fons" pos="X">fons</wf>
         <wf lemma="del" pos="X">del</wf>
         <wf lemma="teu" pos="X">teu</wf>
         <instance id="d000.s466.t000" lemma="cor" pos="NOUN">cor</instance>
         <wf lemma="saps" pos="X">saps</wf>
         <wf lemma="que" pos="X">que</wf>
         <wf lemma="és" pos="X">és</wf>
         <wf lemma="veritat" pos="X">veritat</wf>
         <wf lemma="." pos="X">.</wf>
      </sentence>
      <sentence id="d000.s467" source="wordnet-catalan">
         <wf lemma="la" pos="X">la</wf>
         <instance id="d000.s467.t000" lemma="importància" pos="NOUN">importància</instance>
         <wf lemma="de" pos="X">de</wf>
         <wf lemma="una" pos="X">una</wf>
         <wf lemma="dieta" pos="X">dieta</wf>
         <wf lemma="equilibrada" pos="X">equilibrada</wf>
         <wf lemma="." pos="X">.</wf>
      </sentence>
      <sentence id="d000.s468" source="wordnet-catalan">
         <wf lemma="La" pos="X">La</wf>
         <wf lemma="part" pos="X">part</wf>
         <wf lemma="contractant" pos="X">contractant</wf>
         <wf lemma="no" pos="X">no</wf>
         <wf lemma="pot" pos="X">pot</wf>
         <wf lemma="al·legar" pos="X">al·legar</wf>
         <wf lemma="com" pos="X">com</wf>
         <wf lemma="a" pos="X">a</wf>
         <instance id="d000.s468.t000" lemma="contrademanda" pos="NOUN">contrademanda</instance>
         <wf lemma="una" pos="X">una</wf>
         <wf lemma="compensació" pos="X">compensació</wf>
         <wf lemma="pels" pos="X">pels</wf>
         <wf lemma="danys" pos="X">danys</wf>
         <wf lemma="." pos="X">.</wf>
      </sentence>
      <sentence id="d000.s469" source="wordnet-catalan">
         <wf lemma="El" pos="X">El</wf>
         <wf lemma="govern" pos="X">govern</wf>
         <wf lemma="ha" pos="X">ha</wf>
         <wf lemma="endurit" pos="X">endurit</wf>
         <wf lemma="les" pos="X">les</wf>
         <wf lemma="condicions" pos="X">condicions</wf>
         <wf lemma="per" pos="X">per</wf>
         <wf lemma="accedir" pos="X">accedir</wf>
         <wf lemma="al" pos="X">al</wf>
         <wf lemma="pla" pos="X">pla</wf>
         <wf lemma="de" pos="X">de</wf>
         <instance id="d000.s469.t000" lemma="subvenció" pos="NOUN">subvenció</instance>
         <wf lemma="d'" pos="X">d'</wf>
         <wf lemma="empresa" pos="X">empresa</wf>
         <wf lemma="." pos="X">.</wf>
      </sentence>
      <sentence id="d000.s470" source="wordnet-catalan">
         <instance id="d000.s470.t000" lemma="esgotament" pos="NOUN">esgotament</instance>
         <wf lemma="dels" pos="X">dels</wf>
         <wf lemma="recursos" pos="X">recursos</wf>
         <wf lemma="." pos="X">.</wf>
      </sentence>
      <sentence id="d000.s471" source="wordnet-catalan">
         <wf lemma="es" pos="X">es</wf>
         <wf lemma="va" pos="X">va</wf>
         <wf lemma="traslladar" pos="X">traslladar</wf>
         <wf lemma="la" pos="X">la</wf>
         <wf lemma="seva" pos="X">seva</wf>
         <instance id="d000.s471.t000" lemma="família" pos="NOUN">família</instance>
         <wf lemma="a" pos="X">a</wf>
         <wf lemma="Virgínia" pos="X">Virgínia</wf>
         <wf lemma="." pos="X">.</wf>
      </sentence>
      <sentence id="d000.s472" source="wordnet-catalan">
         <wf lemma="Es" pos="X">Es</wf>
         <wf lemma="va" pos="X">va</wf>
         <wf lemma="nomenar" pos="X">nomenar</wf>
         <wf lemma="un" pos="X">un</wf>
         <instance id="d000.s472.t000" lemma="substitut" pos="NOUN">substitut</instance>
         <wf lemma="per" pos="X">per</wf>
         <wf lemma="dur" pos="X">dur</wf>
         <wf lemma="a" pos="X">a</wf>
         <wf lemma="terme" pos="X">terme</wf>
         <wf lemma="els" pos="X">els</wf>
         <wf lemma="tràmits" pos="X">tràmits</wf>
         <wf lemma="." pos="X">.</wf>
      </sentence>
      <sentence id="d000.s473" source="wordnet-catalan">
         <wf lemma="Sota" pos="X">Sota</wf>
         <instance id="d000.s473.t000" lemma="control" pos="NOUN">control</instance>
         <wf lemma="." pos="X">.</wf>
      </sentence>
      <sentence id="d000.s474" source="wordnet-catalan">
         <wf lemma="el" pos="X">el</wf>
         <wf lemma="podia" pos="X">podia</wf>
         <wf lemma="veure" pos="X">veure</wf>
         <wf lemma="en" pos="X">en</wf>
         <wf lemma="la" pos="X">la</wf>
         <instance id="d000.s474.t000" lemma="distància" pos="NOUN">distància</instance>
         <wf lemma="." pos="X">.</wf>
      </sentence>
      <sentence id="d000.s475" source="wordnet-catalan">
         <wf lemma="El" pos="X">El</wf>
         <wf lemma="pacient" pos="X">pacient</wf>
         <wf lemma="està" pos="X">està</wf>
         <instance id="d000.s475.t000" lemma="respirar" pos="VERB">respirant</instance>
         <wf lemma="." pos="X">.</wf>
      </sentence>
      <sentence id="d000.s476" source="wordnet-catalan">
         <wf lemma="L'" pos="X">L'</wf>
         <instance id="d000.s476.t000" lemma="ambaixador" pos="NOUN">ambaixador</instance>
         <wf lemma="d'" pos="X">d'</wf>
         <wf lemma="Argentina" pos="X">Argentina</wf>
         <wf lemma="a" pos="X">a</wf>
         <wf lemma="Espanya" pos="X">Espanya</wf>
         <wf lemma="." pos="X">.</wf>
      </sentence>
      <sentence id="d000.s477" source="wordnet-catalan">
         <instance id="d000.s477.t000" lemma="menjar" pos="NOUN">menjar</instance>
         <wf lemma="i" pos="X">i</wf>
         <wf lemma="beure" pos="X">beure</wf>
         <wf lemma="." pos="X">.</wf>
      </sentence>
      <sentence id="d000.s478" source="wordnet-catalan">
         <wf lemma="un" pos="X">un</wf>
         <instance id="d000.s478.t000" lemma="braç" pos="NOUN">braç</instance>
         <wf lemma="de" pos="X">de</wf>
         <wf lemma="mar" pos="X">mar</wf>
         <wf lemma="." pos="X">.</wf>
      </sentence>
      <sentence id="d000.s479" source="wordnet-catalan">
         <wf lemma="L'" pos="X">L'</wf>
         <wf lemma="acord" pos="X">acord</wf>
         <wf lemma="s'" pos="X">s'</wf>
         <wf lemma="ha" pos="X">ha</wf>
         <wf lemma="resolt" pos="X">resolt</wf>
         <wf lemma="per" pos="X">per</wf>
         <wf lemma="incumpliment" pos="X">incumpliment</wf>
         <wf lemma="del" pos="X">del</wf>
         <instance id="d000.s479.t000" lemma="contractista" pos="NOUN">contractista</instance>
         <wf lemma="." pos="X">.</wf>
      </sentence>
      <sentence id="d000.s480" source="wordnet-catalan">
         <wf lemma="té" pos="X">té</wf>
         <wf lemma="moltes" pos="X">moltes</wf>
         <instance id="d000.s480.t000" lemma="influència" pos="NOUN">influències</instance>
         <wf lemma="." pos="X">.</wf>
      </sentence>
      <sentence id="d000.s481" source="wordnet-catalan">
         <wf lemma="anàlisi" pos="X">anàlisi</wf>
         <instance id="d000.s481.t000" lemma="semàntic" pos="ADJ">semàntica</instance>
         <wf lemma="." pos="X">.</wf>
      </sentence>
      <sentence id="d000.s482" source="wordnet-catalan">
         <wf lemma="Les" pos="X">Les</wf>
         <wf lemma="primeres" pos="X">primeres</wf>
         <wf lemma="cooperatives" pos="X">cooperatives</wf>
         <wf lemma="eren" pos="X">eren</wf>
         <wf lemma="societats" pos="X">societats</wf>
         <wf lemma="industrials" pos="X">industrials</wf>
         <wf lemma="de" pos="X">de</wf>
         <instance id="d000.s482.t000" lemma="col·lectiu" pos="NOUN">col·lectius</instance>
         <wf lemma="de" pos="X">de</wf>
         <wf lemma="treballadors" pos="X">treballadors</wf>
         <wf lemma="." pos="X">.</wf>
      </sentence>
      <sentence id="d000.s483" source="wordnet-catalan">
         <wf lemma="les" pos="X">les</wf>
         <wf lemma="seves" pos="X">seves</wf>
         <instance id="d000.s483.t000" lemma="resposta" pos="NOUN">respostes</instance>
         <wf lemma="són" pos="X">són</wf>
         <wf lemma="més" pos="X">més</wf>
         <wf lemma="lentes" pos="X">lentes</wf>
         <wf lemma="a" pos="X">a</wf>
         <wf lemma="causa" pos="X">causa</wf>
         <wf lemma="de" pos="X">de</wf>
         <wf lemma="l'" pos="X">l'</wf>
         <wf lemma="edat" pos="X">edat</wf>
         <wf lemma="." pos="X">.</wf>
      </sentence>
      <sentence id="d000.s484" source="wordnet-catalan">
         <wf lemma="Ell" pos="X">Ell</wf>
         <wf lemma="és" pos="X">és</wf>
         <wf lemma="un" pos="X">un</wf>
         <instance id="d000.s484.t000" lemma="empresari" pos="NOUN">empresari</instance>
         <wf lemma="tèxtil" pos="X">tèxtil</wf>
         <wf lemma="." pos="X">.</wf>
      </sentence>
      <sentence id="d000.s485" source="wordnet-catalan">
         <wf lemma="adoptà" pos="X">adoptà</wf>
         <wf lemma="una" pos="X">una</wf>
         <instance id="d000.s485.t000" lemma="actitud" pos="NOUN">actitud</instance>
         <wf lemma="de" pos="X">de</wf>
         <wf lemma="rendició" pos="X">rendició</wf>
         <wf lemma="." pos="X">.</wf>
      </sentence>
      <sentence id="d000.s486" source="wordnet-catalan">
         <wf lemma="El" pos="X">El</wf>
         <wf lemma="nuo" pos="X">nuo</wf>
         <wf lemma="govern" pos="X">govern</wf>
         <wf lemma="proposa" pos="X">proposa</wf>
         <wf lemma="camviar" pos="X">camviar</wf>
         <wf lemma="les" pos="X">les</wf>
         <wf lemma="normes" pos="X">normes</wf>
         <wf lemma="d'" pos="X">d'</wf>
         <wf lemma="accès" pos="X">accès</wf>
         <wf lemma="a" pos="X">a</wf>
         <wf lemma="la" pos="X">la</wf>
         <instance id="d000.s486.t000" lemma="judicatura" pos="NOUN">judicatura</instance>
         <wf lemma="." pos="X">.</wf>
      </sentence>
      <sentence id="d000.s487" source="wordnet-catalan">
         <wf lemma="Un" pos="X">Un</wf>
         <wf lemma="home" pos="X">home</wf>
         <wf lemma="de" pos="X">de</wf>
         <wf lemma="geni" pos="X">geni</wf>
         <instance id="d000.s487.t000" lemma="mercantil" pos="ADJ">mercantil</instance>
         <wf lemma="bolcat" pos="X">bolcat</wf>
         <wf lemma="en" pos="X">en</wf>
         <wf lemma="el" pos="X">el</wf>
         <wf lemma="comerç" pos="X">comerç</wf>
         <wf lemma="marítim" pos="X">marítim</wf>
         <wf lemma="." pos="X">.</wf>
      </sentence>
      <sentence id="d000.s488" source="wordnet-catalan">
         <wf lemma="va" pos="X">va</wf>
         <wf lemma="concluir" pos="X">concluir</wf>
         <wf lemma="l'" pos="X">l'</wf>
         <instance id="d000.s488.t000" lemma="operació" pos="NOUN">operació</instance>
         <wf lemma="financera" pos="X">financera</wf>
         <wf lemma="." pos="X">.</wf>
      </sentence>
      <sentence id="d000.s489" source="wordnet-catalan">
         <wf lemma="té" pos="X">té</wf>
         <instance id="d000.s489.t000" lemma="accés" pos="NOUN">accés</instance>
         <wf lemma="als" pos="X">als</wf>
         <wf lemma="cercles" pos="X">cercles</wf>
         <wf lemma="més" pos="X">més</wf>
         <wf lemma="selectes" pos="X">selectes</wf>
         <wf lemma="de" pos="X">de</wf>
         <wf lemma="la" pos="X">la</wf>
         <wf lemma="ciutat" pos="X">ciutat</wf>
         <wf lemma="." pos="X">.</wf>
      </sentence>
      <sentence id="d000.s490" source="wordnet-catalan">
         <wf lemma="El" pos="X">El</wf>
         <wf lemma="contracte" pos="X">contracte</wf>
         <wf lemma="és" pos="X">és</wf>
         <instance id="d000.s490.t000" lemma="vàlid" pos="ADJ">vàlid</instance>
         <wf lemma="." pos="X">.</wf>
      </sentence>
      <sentence id="d000.s491" source="wordnet-catalan">
         <wf lemma="tres" pos="X">tres</wf>
         <instance id="d000.s491.t000" lemma="vagó" pos="NOUN">vagons</instance>
         <wf lemma="han" pos="X">han</wf>
         <wf lemma="sortit" pos="X">sortit</wf>
         <wf lemma="dels" pos="X">dels</wf>
         <wf lemma="rails" pos="X">rails</wf>
         <wf lemma="." pos="X">.</wf>
      </sentence>
      <sentence id="d000.s492" source="wordnet-catalan">
         <wf lemma="són" pos="X">són</wf>
         <instance id="d000.s492.t000" lemma="cosa" pos="NOUN">coses</instance>
         <wf lemma="de" pos="X">de</wf>
         <wf lemma="la" pos="X">la</wf>
         <wf lemma="vida" pos="X">vida</wf>
         <wf lemma="." pos="X">.</wf>
      </sentence>
      <sentence id="d000.s493" source="wordnet-catalan">
         <wf lemma="els" pos="X">els</wf>
         <wf lemma="vagabunds" pos="X">vagabunds</wf>
         <wf lemma="viuen" pos="X">viuen</wf>
         <wf lemma="en" pos="X">en</wf>
         <wf lemma="un" pos="X">un</wf>
         <wf lemma="estat" pos="X">estat</wf>
         <wf lemma="general" pos="X">general</wf>
         <wf lemma="de" pos="X">de</wf>
         <instance id="d000.s493.t000" lemma="necessitat" pos="NOUN">necessitat</instance>
         <wf lemma="." pos="X">.</wf>
      </sentence>
      <sentence id="d000.s494" source="wordnet-catalan">
         <wf lemma="una" pos="X">una</wf>
         <wf lemma="recerca" pos="X">recerca</wf>
         <instance id="d000.s494.t000" lemma="inútil" pos="ADJ">inútil</instance>
         <wf lemma="." pos="X">.</wf>
      </sentence>
      <sentence id="d000.s495" source="wordnet-catalan">
         <wf lemma="érem" pos="X">érem</wf>
         <wf lemma="cinc" pos="X">cinc</wf>
         <wf lemma="alumnes" pos="X">alumnes</wf>
         <wf lemma="fent" pos="X">fent</wf>
         <wf lemma="el" pos="X">el</wf>
         <instance id="d000.s495.t000" lemma="treball" pos="NOUN">treball</instance>
         <wf lemma="." pos="X">.</wf>
      </sentence>
      <sentence id="d000.s496" source="wordnet-catalan">
         <wf lemma="El" pos="X">El</wf>
         <wf lemma="meu" pos="X">meu</wf>
         <wf lemma="fill" pos="X">fill</wf>
         <wf lemma="té" pos="X">té</wf>
         <wf lemma="un" pos="X">un</wf>
         <wf lemma="bon" pos="X">bon</wf>
         <instance id="d000.s496.t000" lemma="coneixement" pos="NOUN">coneixement</instance>
         <wf lemma="de" pos="X">de</wf>
         <wf lemma="l" pos="X">l</wf>
         <wf lemma="anglès" pos="X">anglès</wf>
         <wf lemma="." pos="X">.</wf>
      </sentence>
      <sentence id="d000.s497" source="wordnet-catalan">
         <wf lemma="el" pos="X">el</wf>
         <wf lemma="van" pos="X">van</wf>
         <wf lemma="felicitar" pos="X">felicitar</wf>
         <wf lemma="per" pos="X">per</wf>
         <wf lemma="la" pos="X">la</wf>
         <wf lemma="seva" pos="X">seva</wf>
         <instance id="d000.s497.t000" lemma="actuació" pos="NOUN">actuació</instance>
         <wf lemma="en" pos="X">en</wf>
         <wf lemma="el" pos="X">el</wf>
         <wf lemma="recital" pos="X">recital</wf>
         <wf lemma="." pos="X">.</wf>
      </sentence>
      <sentence id="d000.s498" source="wordnet-catalan">
         <wf lemma="és" pos="X">és</wf>
         <wf lemma="un" pos="X">un</wf>
         <wf lemma="nen" pos="X">nen</wf>
         <wf lemma="sa" pos="X">sa</wf>
         <wf lemma="i" pos="X">i</wf>
         <wf lemma="nascut" pos="X">nascut</wf>
         <wf lemma="d'" pos="X">d'</wf>
         <wf lemma="un" pos="X">un</wf>
         <wf lemma="part" pos="X">part</wf>
         <wf lemma="a" pos="X">a</wf>
         <instance id="d000.s498.t000" lemma="terme" pos="NOUN">terme</instance>
         <wf lemma="." pos="X">.</wf>
      </sentence>
      <sentence id="d000.s499" source="wordnet-catalan">
         <wf lemma="va" pos="X">va</wf>
         <wf lemma="anotar" pos="X">anotar</wf>
         <wf lemma="20" pos="X">20</wf>
         <instance id="d000.s499.t000" lemma="punt" pos="NOUN">punts</instance>
         <wf lemma="en" pos="X">en</wf>
         <wf lemma="la" pos="X">la</wf>
         <wf lemma="primera" pos="X">primera</wf>
         <wf lemma="part" pos="X">part</wf>
         <wf lemma="." pos="X">.</wf>
      </sentence>
      <sentence id="d000.s500" source="wordnet-catalan">
         <wf lemma="la" pos="X">la</wf>
         <instance id="d000.s500.t000" lemma="recuperació" pos="NOUN">recuperació</instance>
         <wf lemma="del" pos="X">del</wf>
         <wf lemma="bosc" pos="X">bosc</wf>
         <wf lemma="després" pos="X">després</wf>
         <wf lemma="de" pos="X">de</wf>
         <wf lemma="l'" pos="X">l'</wf>
         <wf lemma="incendi" pos="X">incendi</wf>
         <wf lemma="va" pos="X">va</wf>
         <wf lemma="ser" pos="X">ser</wf>
         <wf lemma="sorprenentment" pos="X">sorprenentment</wf>
         <wf lemma="ràpida" pos="X">ràpida</wf>
         <wf lemma="." pos="X">.</wf>
      </sentence>
      <sentence id="d000.s501" source="wordnet-catalan">
         <wf lemma="va" pos="X">va</wf>
         <wf lemma="perdre" pos="X">perdre</wf>
         <wf lemma="el" pos="X">el</wf>
         <wf lemma="coneixement" pos="X">coneixement</wf>
         <wf lemma="a" pos="X">a</wf>
         <wf lemma="causa" pos="X">causa</wf>
         <wf lemma="de" pos="X">de</wf>
         <wf lemma="l'" pos="X">l'</wf>
         <instance id="d000.s501.t000" lemma="impuls" pos="NOUN">impuls</instance>
         <wf lemma="." pos="X">.</wf>
      </sentence>
      <sentence id="d000.s502" source="wordnet-catalan">
         <wf lemma="El" pos="X">El</wf>
         <wf lemma="Tribunal" pos="X">Tribunal</wf>
         <wf lemma="Suprem" pos="X">Suprem</wf>
         <wf lemma="ha" pos="X">ha</wf>
         <wf lemma="rebutjat" pos="X">rebutjat</wf>
         <wf lemma="el" pos="X">el</wf>
         <instance id="d000.s502.t000" lemma="recurs" pos="NOUN">recurs</instance>
         <wf lemma="presentat" pos="X">presentat</wf>
         <wf lemma="per" pos="X">per</wf>
         <wf lemma="l'" pos="X">l'</wf>
         <wf lemma="Ajuntament" pos="X">Ajuntament</wf>
         <wf lemma="." pos="X">.</wf>
      </sentence>
      <sentence id="d000.s503" source="wordnet-catalan">
         <wf lemma="el" pos="X">el</wf>
         <wf lemma="fotògraf" pos="X">fotògraf</wf>
         <wf lemma="li" pos="X">li</wf>
         <wf lemma="va" pos="X">va</wf>
         <wf lemma="fer" pos="X">fer</wf>
         <wf lemma="uns" pos="X">uns</wf>
         <instance id="d000.s503.t000" lemma="retrat" pos="NOUN">retrats</instance>
         <wf lemma="excel·lents" pos="X">excel·lents</wf>
         <wf lemma="." pos="X">.</wf>
      </sentence>
      <sentence id="d000.s504" source="wordnet-catalan">
         <wf lemma="l'" pos="X">l'</wf>
         <instance id="d000.s504.t000" lemma="asímptota" pos="NOUN">asímptota</instance>
         <wf lemma="de" pos="X">de</wf>
         <wf lemma="la" pos="X">la</wf>
         <wf lemma="corba" pos="X">corba</wf>
         <wf lemma="." pos="X">.</wf>
      </sentence>
      <sentence id="d000.s505" source="wordnet-catalan">
         <wf lemma="tenia" pos="X">tenia</wf>
         <wf lemma="una" pos="X">una</wf>
         <wf lemma="butxaca" pos="X">butxaca</wf>
         <wf lemma="plena" pos="X">plena</wf>
         <wf lemma="de" pos="X">de</wf>
         <instance id="d000.s505.t000" lemma="canvi" pos="NOUN">canvi</instance>
         <wf lemma="." pos="X">.</wf>
      </sentence>
      <sentence id="d000.s506" source="wordnet-catalan">
         <wf lemma="El" pos="X">El</wf>
         <wf lemma="nostre" pos="X">nostre</wf>
         <wf lemma="país" pos="X">país</wf>
         <wf lemma="té" pos="X">té</wf>
         <wf lemma="un" pos="X">un</wf>
         <wf lemma="sistema" pos="X">sistema</wf>
         <instance id="d000.s506.t000" lemma="bicameral" pos="ADJ">bicameral</instance>
         <wf lemma="." pos="X">.</wf>
      </sentence>
      <sentence id="d000.s507" source="wordnet-catalan">
         <wf lemma="la" pos="X">la</wf>
         <wf lemma="seva" pos="X">seva</wf>
         <wf lemma="resposta" pos="X">resposta</wf>
         <wf lemma="va" pos="X">va</wf>
         <wf lemma="ser" pos="X">ser</wf>
         <wf lemma="només" pos="X">només</wf>
         <wf lemma="un" pos="X">un</wf>
         <instance id="d000.s507.t000" lemma="signe" pos="NOUN">signe</instance>
         <wf lemma="de" pos="X">de</wf>
         <wf lemma="puntuació" pos="X">puntuació</wf>
         <wf lemma="." pos="X">.</wf>
      </sentence>
      <sentence id="d000.s508" source="wordnet-catalan">
         <wf lemma="va" pos="X">va</wf>
         <wf lemma="deixar" pos="X">deixar</wf>
         <wf lemma="un" pos="X">un</wf>
         <wf lemma="munt" pos="X">munt</wf>
         <wf lemma="de" pos="X">de</wf>
         <instance id="d000.s508.t000" lemma="referència" pos="NOUN">referències</instance>
         <wf lemma="a" pos="X">a</wf>
         <wf lemma="l'" pos="X">l'</wf>
         <wf lemma="escriptori" pos="X">escriptori</wf>
         <wf lemma="." pos="X">.</wf>
      </sentence>
      <sentence id="d000.s509" source="wordnet-catalan">
         <wf lemma="La" pos="X">La</wf>
         <instance id="d000.s509.t000" lemma="companyia" pos="NOUN">companyia</instance>
         <wf lemma="de" pos="X">de</wf>
         <wf lemma="la" pos="X">la</wf>
         <wf lemma="llum" pos="X">llum</wf>
         <wf lemma="no" pos="X">no</wf>
         <wf lemma="va" pos="X">va</wf>
         <wf lemma="donar" pos="X">donar</wf>
         <wf lemma="explicacions" pos="X">explicacions</wf>
         <wf lemma="." pos="X">.</wf>
      </sentence>
      <sentence id="d000.s510" source="wordnet-catalan">
         <wf lemma="Un" pos="X">Un</wf>
         <wf lemma="favor" pos="X">favor</wf>
         <instance id="d000.s510.t000" lemma="personal" pos="ADJ">personal</instance>
         <wf lemma="." pos="X">.</wf>
      </sentence>
      <sentence id="d000.s511" source="wordnet-catalan">
         <wf lemma="la" pos="X">la</wf>
         <wf lemma="seva" pos="X">seva</wf>
         <wf lemma="renúncia" pos="X">renúncia</wf>
         <wf lemma="tenia" pos="X">tenia</wf>
         <instance id="d000.s511.t000" lemma="implicació" pos="NOUN">implicacions</instance>
         <wf lemma="polítiques" pos="X">polítiques</wf>
         <wf lemma="." pos="X">.</wf>
      </sentence>
      <sentence id="d000.s512" source="wordnet-catalan">
         <wf lemma="Un" pos="X">Un</wf>
         <instance id="d000.s512.t000" lemma="matrimoni" pos="NOUN">matrimoni</instance>
         <wf lemma="llarg" pos="X">llarg</wf>
         <wf lemma="i" pos="X">i</wf>
         <wf lemma="feliç" pos="X">feliç</wf>
         <wf lemma="." pos="X">.</wf>
      </sentence>
      <sentence id="d000.s513" source="wordnet-catalan">
         <wf lemma="béns" pos="X">béns</wf>
         <instance id="d000.s513.t000" lemma="temporal" pos="ADJ">temporals</instance>
         <wf lemma="de" pos="X">de</wf>
         <wf lemma="l'" pos="X">l'</wf>
         <wf lemma="església" pos="X">església</wf>
         <wf lemma="." pos="X">.</wf>
      </sentence>
      <sentence id="d000.s514" source="wordnet-catalan">
         <wf lemma="El" pos="X">El</wf>
         <instance id="d000.s514.t000" lemma="deute" pos="NOUN">deute</instance>
         <wf lemma="del" pos="X">del</wf>
         <wf lemma="país" pos="X">país</wf>
         <wf lemma="està" pos="X">està</wf>
         <wf lemma="augmentand" pos="X">augmentand</wf>
         <wf lemma="." pos="X">.</wf>
      </sentence>
      <sentence id="d000.s515" source="wordnet-catalan">
         <wf lemma="una" pos="X">una</wf>
         <instance id="d000.s515.t000" lemma="visita" pos="NOUN">visita</instance>
         <wf lemma="de" pos="X">de</wf>
         <wf lemma="cap" pos="X">cap</wf>
         <wf lemma="de" pos="X">de</wf>
         <wf lemma="semtmana" pos="X">semtmana</wf>
         <wf lemma="als" pos="X">als</wf>
         <wf lemma="seus" pos="X">seus</wf>
         <wf lemma="amics" pos="X">amics</wf>
         <wf lemma="." pos="X">.</wf>
      </sentence>
      <sentence id="d000.s516" source="wordnet-catalan">
         <wf lemma="Una" pos="X">Una</wf>
         <wf lemma="sanció" pos="X">sanció</wf>
         <instance id="d000.s516.t000" lemma="extrajudicial" pos="ADJ">extrajudicial</instance>
         <wf lemma="." pos="X">.</wf>
      </sentence>
      <sentence id="d000.s517" source="wordnet-catalan">
         <wf lemma="l'" pos="X">l'</wf>
         <instance id="d000.s517.t000" lemma="edició" pos="NOUN">edició</instance>
         <wf lemma="de" pos="X">de</wf>
         <wf lemma="demà" pos="X">demà</wf>
         <wf lemma="explicarà" pos="X">explicarà</wf>
         <wf lemma="més" pos="X">més</wf>
         <wf lemma="bé" pos="X">bé</wf>
         <wf lemma="el" pos="X">el</wf>
         <wf lemma="que" pos="X">que</wf>
         <wf lemma="ha" pos="X">ha</wf>
         <wf lemma="passat" pos="X">passat</wf>
         <wf lemma="." pos="X">.</wf>
      </sentence>
      <sentence id="d000.s518" source="wordnet-catalan">
         <wf lemma="l'" pos="X">l'</wf>
         <instance id="d000.s518.t000" lemma="alcalde" pos="NOUN">alcalde</instance>
         <wf lemma="va" pos="X">va</wf>
         <wf lemma="inagurar" pos="X">inagurar</wf>
         <wf lemma="la" pos="X">la</wf>
         <wf lemma="nova" pos="X">nova</wf>
         <wf lemma="escola" pos="X">escola</wf>
         <wf lemma="." pos="X">.</wf>
      </sentence>
      <sentence id="d000.s519" source="wordnet-catalan">
         <wf lemma="La" pos="X">La</wf>
         <instance id="d000.s519.t000" lemma="comissió" pos="NOUN">comissió</instance>
         <wf lemma="va" pos="X">va</wf>
         <wf lemma="ser" pos="X">ser</wf>
         <wf lemma="un" pos="X">un</wf>
         <wf lemma="encàrrec" pos="X">encàrrec</wf>
         <wf lemma="del" pos="X">del</wf>
         <wf lemma="Ministeri" pos="X">Ministeri</wf>
         <wf lemma="de" pos="X">de</wf>
         <wf lemma="Cultura" pos="X">Cultura</wf>
         <wf lemma="." pos="X">.</wf>
      </sentence>
      <sentence id="d000.s520" source="wordnet-catalan">
         <wf lemma="sempre" pos="X">sempre</wf>
         <wf lemma="s'" pos="X">s'</wf>
         <wf lemma="emporta" pos="X">emporta</wf>
         <wf lemma="alguna" pos="X">alguna</wf>
         <instance id="d000.s520.t000" lemma="lectura" pos="NOUN">lectura</instance>
         <wf lemma="pel" pos="X">pel</wf>
         <wf lemma="trajecte" pos="X">trajecte</wf>
         <wf lemma="en" pos="X">en</wf>
         <wf lemma="avió" pos="X">avió</wf>
         <wf lemma="." pos="X">.</wf>
      </sentence>
      <sentence id="d000.s521" source="wordnet-catalan">
         <wf lemma="el" pos="X">el</wf>
         <wf lemma="bebè" pos="X">bebè</wf>
         <wf lemma="era" pos="X">era</wf>
         <wf lemma="un" pos="X">un</wf>
         <instance id="d000.s521.t000" lemma="nen" pos="NOUN">nen</instance>
         <wf lemma="." pos="X">.</wf>
      </sentence>
      <sentence id="d000.s522" source="wordnet-catalan">
         <wf lemma="va" pos="X">va</wf>
         <wf lemma="trobar" pos="X">trobar</wf>
         <wf lemma="una" pos="X">una</wf>
         <instance id="d000.s522.t000" lemma="afinitat" pos="NOUN">afinitat</instance>
         <wf lemma="natural" pos="X">natural</wf>
         <wf lemma="amb" pos="X">amb</wf>
         <wf lemma="els" pos="X">els</wf>
         <wf lemma="immigrants" pos="X">immigrants</wf>
         <wf lemma="." pos="X">.</wf>
      </sentence>
      <sentence id="d000.s523" source="wordnet-catalan">
         <wf lemma="un" pos="X">un</wf>
         <instance id="d000.s523.t000" lemma="munt" pos="NOUN">munt</instance>
         <wf lemma="de" pos="X">de</wf>
         <wf lemma="lletres" pos="X">lletres</wf>
         <wf lemma="." pos="X">.</wf>
      </sentence>
      <sentence id="d000.s524" source="wordnet-catalan">
         <wf lemma="va" pos="X">va</wf>
         <wf lemma="utilitzar" pos="X">utilitzar</wf>
         <wf lemma="la" pos="X">la</wf>
         <instance id="d000.s524.t000" lemma="influència" pos="NOUN">influència</instance>
         <wf lemma="dels" pos="X">dels</wf>
         <wf lemma="seus" pos="X">seus</wf>
         <wf lemma="pares" pos="X">pares</wf>
         <wf lemma="per" pos="X">per</wf>
         <wf lemma="conseguir" pos="X">conseguir</wf>
         <wf lemma="una" pos="X">una</wf>
         <wf lemma="feina" pos="X">feina</wf>
         <wf lemma="." pos="X">.</wf>
      </sentence>
      <sentence id="d000.s525" source="wordnet-catalan">
         <wf lemma="L'" pos="X">L'</wf>
         <wf lemma="imputat" pos="X">imputat</wf>
         <wf lemma="té" pos="X">té</wf>
         <wf lemma="antecedents" pos="X">antecedents</wf>
         <wf lemma="com" pos="X">com</wf>
         <instance id="d000.s525.t000" lemma="tafurer" pos="NOUN">tafurer</instance>
         <wf lemma="en" pos="X">en</wf>
         <wf lemma="els" pos="X">els</wf>
         <wf lemma="casinos" pos="X">casinos</wf>
         <wf lemma="." pos="X">.</wf>
      </sentence>
      <sentence id="d000.s526" source="wordnet-catalan">
         <wf lemma="Els" pos="X">Els</wf>
         <instance id="d000.s526.t000" lemma="sicari" pos="NOUN">sicaris</instance>
         <wf lemma="van" pos="X">van</wf>
         <wf lemma="ser" pos="X">ser</wf>
         <wf lemma="caçats" pos="X">caçats</wf>
         <wf lemma="com" pos="X">com</wf>
         <wf lemma="animals" pos="X">animals</wf>
         <wf lemma="." pos="X">.</wf>
      </sentence>
      <sentence id="d000.s527" source="wordnet-catalan">
         <wf lemma="El" pos="X">El</wf>
         <wf lemma="govern" pos="X">govern</wf>
         <instance id="d000.s527.t000" lemma="democràtic" pos="ADJ">democràtic</instance>
         <wf lemma="." pos="X">.</wf>
      </sentence>
      <sentence id="d000.s528" source="wordnet-catalan">
         <wf lemma="l'" pos="X">l'</wf>
         <instance id="d000.s528.t000" lemma="experiència" pos="NOUN">experiència</instance>
         <wf lemma="és" pos="X">és</wf>
         <wf lemma="la" pos="X">la</wf>
         <wf lemma="millor" pos="X">millor</wf>
         <wf lemma="mestra" pos="X">mestra</wf>
         <wf lemma="." pos="X">.</wf>
      </sentence>
      <sentence id="d000.s529" source="wordnet-catalan">
         <wf lemma="Hi" pos="X">Hi</wf>
         <wf lemma="ha" pos="X">ha</wf>
         <wf lemma="manifestacions" pos="X">manifestacions</wf>
         <wf lemma="en" pos="X">en</wf>
         <wf lemma="contra" pos="X">contra</wf>
         <wf lemma="de" pos="X">de</wf>
         <wf lemma="l'" pos="X">l'</wf>
         <instance id="d000.s529.t000" lemma="autocràcia" pos="NOUN">autocràcia</instance>
         <wf lemma="." pos="X">.</wf>
      </sentence>
      <sentence id="d000.s530" source="wordnet-catalan">
         <wf lemma="el" pos="X">el</wf>
         <wf lemma="fuster" pos="X">fuster</wf>
         <wf lemma="anava" pos="X">anava</wf>
         <wf lemma="tot" pos="X">tot</wf>
         <wf lemma="el" pos="X">el</wf>
         <wf lemma="dia" pos="X">dia</wf>
         <wf lemma="amb" pos="X">amb</wf>
         <wf lemma="el" pos="X">el</wf>
         <instance id="d000.s530.t000" lemma="metre" pos="NOUN">metre</instance>
         <wf lemma="a" pos="X">a</wf>
         <wf lemma="sobre" pos="X">sobre</wf>
         <wf lemma="." pos="X">.</wf>
      </sentence>
      <sentence id="d000.s531" source="wordnet-catalan">
         <wf lemma="Maria" pos="X">Maria</wf>
         <wf lemma="va" pos="X">va</wf>
         <instance id="d000.s531.t000" lemma="obrir" pos="VERB">obrir</instance>
         <wf lemma="la" pos="X">la</wf>
         <wf lemma="porta" pos="X">porta</wf>
         <wf lemma="del" pos="X">del</wf>
         <wf lemma="cotxe" pos="X">cotxe</wf>
         <wf lemma="." pos="X">.</wf>
      </sentence>
      <sentence id="d000.s532" source="wordnet-catalan">
         <wf lemma="Va" pos="X">Va</wf>
         <wf lemma="ser" pos="X">ser</wf>
         <wf lemma="designat" pos="X">designat</wf>
         <instance id="d000.s532.t000" lemma="plenipotenciari" pos="NOUN">plenipotenciari</instance>
         <wf lemma="a" pos="X">a</wf>
         <wf lemma="República" pos="X">República</wf>
         <wf lemma="Dominicana" pos="X">Dominicana</wf>
         <wf lemma="." pos="X">.</wf>
      </sentence>
      <sentence id="d000.s533" source="wordnet-catalan">
         <wf lemma="una" pos="X">una</wf>
         <wf lemma="gran" pos="X">gran</wf>
         <instance id="d000.s533.t000" lemma="riquesa" pos="NOUN">riquesa</instance>
         <wf lemma="no" pos="X">no</wf>
         <wf lemma="és" pos="X">és</wf>
         <wf lemma="símbol" pos="X">símbol</wf>
         <wf lemma="d'" pos="X">d'</wf>
         <wf lemma="una" pos="X">una</wf>
         <wf lemma="gran" pos="X">gran</wf>
         <wf lemma="intel·ligència" pos="X">intel·ligència</wf>
         <wf lemma="." pos="X">.</wf>
      </sentence>
      <sentence id="d000.s534" source="wordnet-catalan">
         <wf lemma="Foscor" pos="X">Foscor</wf>
         <instance id="d000.s534.t000" lemma="nocturn" pos="ADJ">nocturna</instance>
         <wf lemma="." pos="X">.</wf>
      </sentence>
      <sentence id="d000.s535" source="wordnet-catalan">
         <wf lemma="en" pos="X">en</wf>
         <wf lemma="el" pos="X">el</wf>
         <wf lemma="museu" pos="X">museu</wf>
         <wf lemma="guarden" pos="X">guarden</wf>
         <wf lemma="una" pos="X">una</wf>
         <instance id="d000.s535.t000" lemma="mostra" pos="NOUN">mostra</instance>
         <wf lemma="d'" pos="X">d'</wf>
         <wf lemma="un" pos="X">un</wf>
         <wf lemma="mosquit" pos="X">mosquit</wf>
         <wf lemma="tigre" pos="X">tigre</wf>
         <wf lemma="." pos="X">.</wf>
      </sentence>
      <sentence id="d000.s536" source="wordnet-catalan">
         <wf lemma="una" pos="X">una</wf>
         <instance id="d000.s536.t000" lemma="manifestació" pos="NOUN">manifestació</instance>
         <wf lemma="d'" pos="X">d'</wf>
         <wf lemma="emoció" pos="X">emoció</wf>
         <wf lemma="." pos="X">.</wf>
      </sentence>
      <sentence id="d000.s537" source="wordnet-catalan">
         <wf lemma="es" pos="X">es</wf>
         <wf lemma="va" pos="X">va</wf>
         <wf lemma="crear" pos="X">crear</wf>
         <wf lemma="amb" pos="X">amb</wf>
         <wf lemma="el" pos="X">el</wf>
         <instance id="d000.s537.t000" lemma="propòsit" pos="NOUN">propòsit</instance>
         <wf lemma="de" pos="X">de</wf>
         <wf lemma="donar" pos="X">donar</wf>
         <wf lemma="una" pos="X">una</wf>
         <wf lemma="resposta" pos="X">resposta</wf>
         <wf lemma="." pos="X">.</wf>
      </sentence>
      <sentence id="d000.s538" source="wordnet-catalan">
         <wf lemma="va" pos="X">va</wf>
         <wf lemma="escriure" pos="X">escriure</wf>
         <wf lemma="un" pos="X">un</wf>
         <wf lemma="llibre" pos="X">llibre</wf>
         <wf lemma="sobre" pos="X">sobre</wf>
         <wf lemma="la" pos="X">la</wf>
         <instance id="d000.s538.t000" lemma="vida" pos="NOUN">vida</instance>
         <wf lemma="de" pos="X">de</wf>
         <wf lemma="Rosseau" pos="X">Rosseau</wf>
         <wf lemma="." pos="X">.</wf>
      </sentence>
      <sentence id="d000.s539" source="wordnet-catalan">
         <wf lemma="No" pos="X">No</wf>
         <wf lemma="tenia" pos="X">tenia</wf>
         <wf lemma="documents" pos="X">documents</wf>
         <wf lemma="que" pos="X">que</wf>
         <wf lemma="acreditessin" pos="X">acreditessin</wf>
         <wf lemma="la" pos="X">la</wf>
         <wf lemma="seva" pos="X">seva</wf>
         <instance id="d000.s539.t000" lemma="titularitat" pos="NOUN">titularitat</instance>
         <wf lemma="sobre" pos="X">sobre</wf>
         <wf lemma="la" pos="X">la</wf>
         <wf lemma="finca" pos="X">finca</wf>
         <wf lemma="del" pos="X">del</wf>
         <wf lemma="seu" pos="X">seu</wf>
         <wf lemma="pare" pos="X">pare</wf>
         <wf lemma="." pos="X">.</wf>
      </sentence>
      <sentence id="d000.s540" source="wordnet-catalan">
         <wf lemma="La" pos="X">La</wf>
         <wf lemma="professora" pos="X">professora</wf>
         <wf lemma="va" pos="X">va</wf>
         <wf lemma="fer" pos="X">fer</wf>
         <wf lemma="una" pos="X">una</wf>
         <instance id="d000.s540.t000" lemma="divisió" pos="NOUN">divisió</instance>
         <wf lemma="de" pos="X">de</wf>
         <wf lemma="la" pos="X">la</wf>
         <wf lemma="classe" pos="X">classe</wf>
         <wf lemma="en" pos="X">en</wf>
         <wf lemma="quatre" pos="X">quatre</wf>
         <wf lemma="grups" pos="X">grups</wf>
         <wf lemma="." pos="X">.</wf>
      </sentence>
      <sentence id="d000.s541" source="wordnet-catalan">
         <wf lemma="El" pos="X">El</wf>
         <wf lemma="bitllet" pos="X">bitllet</wf>
         <wf lemma="és" pos="X">és</wf>
         <instance id="d000.s541.t000" lemma="vàlid" pos="ADJ">vàlid</instance>
         <wf lemma="encara" pos="X">encara</wf>
         <wf lemma="." pos="X">.</wf>
      </sentence>
      <sentence id="d000.s542" source="wordnet-catalan">
         <wf lemma="Va" pos="X">Va</wf>
         <wf lemma="adonar-se" pos="X">adonar-se</wf>
         <wf lemma="de" pos="X">de</wf>
         <wf lemma="la" pos="X">la</wf>
         <instance id="d000.s542.t000" lemma="gravetat" pos="NOUN">gravetat</instance>
         <wf lemma="de" pos="X">de</wf>
         <wf lemma="la" pos="X">la</wf>
         <wf lemma="seva" pos="X">seva</wf>
         <wf lemma="enfermetat" pos="X">enfermetat</wf>
         <wf lemma="." pos="X">.</wf>
      </sentence>
      <sentence id="d000.s543" source="wordnet-catalan">
         <wf lemma="Es" pos="X">Es</wf>
         <wf lemma="poden" pos="X">poden</wf>
         <wf lemma="classificar" pos="X">classificar</wf>
         <wf lemma="els" pos="X">els</wf>
         <wf lemma="organismes" pos="X">organismes</wf>
         <wf lemma="vivents" pos="X">vivents</wf>
         <wf lemma="segons" pos="X">segons</wf>
         <wf lemma="el" pos="X">el</wf>
         <wf lemma="nombre" pos="X">nombre</wf>
         <wf lemma="de" pos="X">de</wf>
         <instance id="d000.s543.t000" lemma="cèl·lula" pos="NOUN">cèl·lules</instance>
         <wf lemma="que" pos="X">que</wf>
         <wf lemma="posseeixin" pos="X">posseeixin</wf>
         <wf lemma="." pos="X">.</wf>
      </sentence>
      <sentence id="d000.s544" source="wordnet-catalan">
         <wf lemma="la" pos="X">la</wf>
         <wf lemma="constitució" pos="X">constitució</wf>
         <wf lemma="americana" pos="X">americana</wf>
         <wf lemma="ha" pos="X">ha</wf>
         <wf lemma="servit" pos="X">servit</wf>
         <wf lemma="de" pos="X">de</wf>
         <instance id="d000.s544.t000" lemma="model" pos="NOUN">model</instance>
         <wf lemma="a" pos="X">a</wf>
         <wf lemma="moltes" pos="X">moltes</wf>
         <wf lemma="repúbliques" pos="X">repúbliques</wf>
         <wf lemma="." pos="X">.</wf>
      </sentence>
      <sentence id="d000.s545" source="wordnet-catalan">
         <wf lemma="La" pos="X">La</wf>
         <wf lemma="petició" pos="X">petició</wf>
         <wf lemma="està" pos="X">està</wf>
         <instance id="d000.s545.t000" lemma="formalitzat" pos="ADJ">formalitzada</instance>
         <wf lemma="." pos="X">.</wf>
      </sentence>
      <sentence id="d000.s546" source="wordnet-catalan">
         <wf lemma="fa" pos="X">fa</wf>
         <wf lemma="el" pos="X">el</wf>
         <instance id="d000.s546.t000" lemma="paper" pos="NOUN">paper</instance>
         <wf lemma="de" pos="X">de</wf>
         <wf lemma="Desdèmona" pos="X">Desdèmona</wf>
         <wf lemma="." pos="X">.</wf>
      </sentence>
      <sentence id="d000.s547" source="wordnet-catalan">
         <wf lemma="té" pos="X">té</wf>
         <instance id="d000.s547.t000" lemma="malestar" pos="NOUN">malestar</instance>
         <wf lemma="per" pos="X">per</wf>
         <wf lemma="culpa" pos="X">culpa</wf>
         <wf lemma="dels" pos="X">dels</wf>
         <wf lemma="exàmens" pos="X">exàmens</wf>
         <wf lemma="." pos="X">.</wf>
      </sentence>
      <sentence id="d000.s548" source="wordnet-catalan">
         <wf lemma="El" pos="X">El</wf>
         <instance id="d000.s548.t000" lemma="visir" pos="NOUN">visir</instance>
         <wf lemma="Almansol" pos="X">Almansol</wf>
         <wf lemma="." pos="X">.</wf>
      </sentence>
      <sentence id="d000.s549" source="wordnet-catalan">
         <wf lemma="Ell" pos="X">Ell</wf>
         <wf lemma="és" pos="X">és</wf>
         <wf lemma="l'" pos="X">l'</wf>
         <instance id="d000.s549.t000" lemma="amo" pos="NOUN">amo</instance>
         <wf lemma="d'" pos="X">d'</wf>
         <wf lemma="una" pos="X">una</wf>
         <wf lemma="cadena" pos="X">cadena</wf>
         <wf lemma="de" pos="X">de</wf>
         <wf lemma="restaurants" pos="X">restaurants</wf>
         <wf lemma="." pos="X">.</wf>
      </sentence>
      <sentence id="d000.s550" source="wordnet-catalan">
         <wf lemma="Els" pos="X">Els</wf>
         <wf lemma="mètodes" pos="X">mètodes</wf>
         <instance id="d000.s550.t000" lemma="legítim" pos="ADJ">legítims</instance>
         <wf lemma="de" pos="X">de</wf>
         <wf lemma="dissidència" pos="X">dissidència</wf>
         <wf lemma="." pos="X">.</wf>
      </sentence>
      <sentence id="d000.s551" source="wordnet-catalan">
         <instance id="d000.s551.t000" lemma="grup" pos="NOUN">grup</instance>
         <wf lemma="musical" pos="X">musical</wf>
         <wf lemma="." pos="X">.</wf>
      </sentence>
      <sentence id="d000.s552" source="wordnet-catalan">
         <wf lemma="El" pos="X">El</wf>
         <instance id="d000.s552.t000" lemma="sospitós" pos="NOUN">sospitós</instance>
         <wf lemma="de" pos="X">de</wf>
         <wf lemma="robatori" pos="X">robatori</wf>
         <wf lemma="va" pos="X">va</wf>
         <wf lemma="ser" pos="X">ser</wf>
         <wf lemma="captat" pos="X">captat</wf>
         <wf lemma="en" pos="X">en</wf>
         <wf lemma="cambra" pos="X">cambra</wf>
         <wf lemma="." pos="X">.</wf>
      </sentence>
      <sentence id="d000.s553" source="wordnet-catalan">
         <wf lemma="una" pos="X">una</wf>
         <instance id="d000.s553.t000" lemma="espècie" pos="NOUN">espècie</instance>
         <wf lemma="de" pos="X">de</wf>
         <wf lemma="vilesa" pos="X">vilesa</wf>
         <wf lemma="." pos="X">.</wf>
      </sentence>
      <sentence id="d000.s554" source="wordnet-catalan">
         <wf lemma="El" pos="X">El</wf>
         <wf lemma="jutge" pos="X">jutge</wf>
         <wf lemma="va" pos="X">va</wf>
         <wf lemma="refutar" pos="X">refutar</wf>
         <wf lemma="l'" pos="X">l'</wf>
         <instance id="d000.s554.t000" lemma="objecció" pos="NOUN">objecció</instance>
         <wf lemma="del" pos="X">del</wf>
         <wf lemma="nostre" pos="X">nostre</wf>
         <wf lemma="advocat" pos="X">advocat</wf>
         <wf lemma="." pos="X">.</wf>
      </sentence>
      <sentence id="d000.s555" source="wordnet-catalan">
         <wf lemma="un" pos="X">un</wf>
         <instance id="d000.s555.t000" lemma="aire" pos="NOUN">aire</instance>
         <wf lemma="de" pos="X">de</wf>
         <wf lemma="misteri" pos="X">misteri</wf>
         <wf lemma="." pos="X">.</wf>
      </sentence>
      <sentence id="d000.s556" source="wordnet-catalan">
         <wf lemma="la" pos="X">la</wf>
         <wf lemma="seva" pos="X">seva</wf>
         <wf lemma="opinió" pos="X">opinió</wf>
         <wf lemma="té" pos="X">té</wf>
         <wf lemma="molt" pos="X">molt</wf>
         <wf lemma="de" pos="X">de</wf>
         <instance id="d000.s556.t000" lemma="pes" pos="NOUN">pes</instance>
         <wf lemma="." pos="X">.</wf>
      </sentence>
      <sentence id="d000.s557" source="wordnet-catalan">
         <wf lemma="l'" pos="X">l'</wf>
         <instance id="d000.s557.t000" lemma="activitat" pos="NOUN">activitat</instance>
         <wf lemma="volcànica" pos="X">volcànica</wf>
         <wf lemma="." pos="X">.</wf>
      </sentence>
      <sentence id="d000.s558" source="wordnet-catalan">
         <wf lemma="té" pos="X">té</wf>
         <wf lemma="un" pos="X">un</wf>
         <instance id="d000.s558.t000" lemma="gust" pos="NOUN">gust</instance>
         <wf lemma="per" pos="X">per</wf>
         <wf lemma="a" pos="X">a</wf>
         <wf lemma="la" pos="X">la</wf>
         <wf lemma="ginebra" pos="X">ginebra</wf>
         <wf lemma="." pos="X">.</wf>
      </sentence>
      <sentence id="d000.s559" source="wordnet-catalan">
         <wf lemma="L'" pos="X">L'</wf>
         <wf lemma="avi" pos="X">avi</wf>
         <wf lemma="no" pos="X">no</wf>
         <wf lemma="va" pos="X">va</wf>
         <wf lemma="fer" pos="X">fer</wf>
         <instance id="d000.s559.t000" lemma="testament" pos="NOUN">testament</instance>
         <wf lemma="." pos="X">.</wf>
      </sentence>
      <sentence id="d000.s560" source="wordnet-catalan">
         <wf lemma="hi" pos="X">hi</wf>
         <wf lemma="havia" pos="X">havia</wf>
         <wf lemma="una" pos="X">una</wf>
         <instance id="d000.s560.t000" lemma="capa" pos="NOUN">capa</instance>
         <wf lemma="e" pos="X">e</wf>
         <wf lemma="neu" pos="X">neu</wf>
         <wf lemma="." pos="X">.</wf>
      </sentence>
      <sentence id="d000.s561" source="wordnet-catalan">
         <wf lemma="Un" pos="X">Un</wf>
         <wf lemma="relat" pos="X">relat</wf>
         <instance id="d000.s561.t000" lemma="autèntic" pos="ADJ">autèntic</instance>
         <wf lemma="d'" pos="X">d'</wf>
         <wf lemma="un" pos="X">un</wf>
         <wf lemma="testimoni" pos="X">testimoni</wf>
         <wf lemma="presencial" pos="X">presencial</wf>
         <wf lemma="." pos="X">.</wf>
      </sentence>
      <sentence id="d000.s562" source="wordnet-catalan">
         <wf lemma="tenia" pos="X">tenia</wf>
         <wf lemma="la" pos="X">la</wf>
         <instance id="d000.s562.t000" lemma="idea" pos="NOUN">idea</instance>
         <wf lemma="d'" pos="X">d'</wf>
         <wf lemma="anar" pos="X">anar</wf>
         <wf lemma="a" pos="X">a</wf>
         <wf lemma="veure" pos="X">veure</wf>
         <wf lemma="al" pos="X">al</wf>
         <wf lemma="seu" pos="X">seu</wf>
         <wf lemma="antic" pos="X">antic</wf>
         <wf lemma="professor" pos="X">professor</wf>
         <wf lemma="." pos="X">.</wf>
      </sentence>
      <sentence id="d000.s563" source="wordnet-catalan">
         <wf lemma="la" pos="X">la</wf>
         <instance id="d000.s563.t000" lemma="sort" pos="NOUN">sort</instance>
         <wf lemma="dels" pos="X">dels</wf>
         <wf lemma="irlandesos" pos="X">irlandesos</wf>
         <wf lemma="." pos="X">.</wf>
      </sentence>
      <sentence id="d000.s564" source="wordnet-catalan">
         <wf lemma="Una" pos="X">Una</wf>
         <wf lemma="política" pos="X">política</wf>
         <wf lemma="de" pos="X">de</wf>
         <wf lemma="salaris" pos="X">salaris</wf>
         <instance id="d000.s564.t000" lemma="arbitrable" pos="ADJ">arbitrables</instance>
         <wf lemma="." pos="X">.</wf>
      </sentence>
      <sentence id="d000.s565" source="wordnet-catalan">
         <wf lemma="punt" pos="X">punt</wf>
         <instance id="d000.s565.t000" lemma="focal" pos="ADJ">focal</instance>
         <wf lemma="." pos="X">.</wf>
      </sentence>
      <sentence id="d000.s566" source="wordnet-catalan">
         <wf lemma="Sempre" pos="X">Sempre</wf>
         <wf lemma="cal" pos="X">cal</wf>
         <wf lemma="llegir" pos="X">llegir</wf>
         <wf lemma="els" pos="X">els</wf>
         <wf lemma="articles" pos="X">articles</wf>
         <wf lemma="en" pos="X">en</wf>
         <wf lemma="lletra" pos="X">lletra</wf>
         <wf lemma="petita" pos="X">petita</wf>
         <wf lemma="de" pos="X">de</wf>
         <wf lemma="la" pos="X">la</wf>
         <instance id="d000.s566.t000" lemma="pòlissa" pos="NOUN">pòlissa</instance>
         <wf lemma="." pos="X">.</wf>
      </sentence>
      <sentence id="d000.s567" source="wordnet-catalan">
         <instance id="d000.s567.t000" lemma="premsa" pos="NOUN">premsa</instance>
         <wf lemma="groga" pos="X">groga</wf>
         <wf lemma="." pos="X">.</wf>
      </sentence>
      <sentence id="d000.s568" source="wordnet-catalan">
         <wf lemma="va" pos="X">va</wf>
         <wf lemma="ser" pos="X">ser</wf>
         <wf lemma="el" pos="X">el</wf>
         <wf lemma="seu" pos="X">seu</wf>
         <wf lemma="primer" pos="X">primer</wf>
         <instance id="d000.s568.t000" lemma="amor" pos="NOUN">amor</instance>
         <wf lemma="." pos="X">.</wf>
      </sentence>
      <sentence id="d000.s569" source="wordnet-catalan">
         <instance id="d000.s569.t000" lemma="punt" pos="NOUN">punt</instance>
         <wf lemma="d'" pos="X">d'</wf>
         <wf lemma="informació" pos="X">informació</wf>
         <wf lemma="." pos="X">.</wf>
      </sentence>
      <sentence id="d000.s570" source="wordnet-catalan">
         <wf lemma="El" pos="X">El</wf>
         <wf lemma="fabricant" pos="X">fabricant</wf>
         <wf lemma="ha" pos="X">ha</wf>
         <wf lemma="concedit" pos="X">concedit</wf>
         <wf lemma="la" pos="X">la</wf>
         <instance id="d000.s570.t000" lemma="llicència" pos="NOUN">llicència</instance>
         <wf lemma="del" pos="X">del</wf>
         <wf lemma="seu" pos="X">seu</wf>
         <wf lemma="producte" pos="X">producte</wf>
         <wf lemma="a" pos="X">a</wf>
         <wf lemma="una" pos="X">una</wf>
         <wf lemma="altra" pos="X">altra</wf>
         <wf lemma="empresa" pos="X">empresa</wf>
         <wf lemma="." pos="X">.</wf>
      </sentence>
      <sentence id="d000.s571" source="wordnet-catalan">
         <wf lemma="sempre" pos="X">sempre</wf>
         <wf lemma="recordarem" pos="X">recordarem</wf>
         <wf lemma="l'" pos="X">l'</wf>
         <wf lemma="última" pos="X">última</wf>
         <instance id="d000.s571.t000" lemma="edició" pos="NOUN">edició</instance>
         <wf lemma="dels" pos="X">dels</wf>
         <wf lemma="Òscars" pos="X">Òscars</wf>
         <wf lemma="." pos="X">.</wf>
      </sentence>
      <sentence id="d000.s572" source="wordnet-catalan">
         <wf lemma="separeu" pos="X">separeu</wf>
         <wf lemma="els" pos="X">els</wf>
         <wf lemma="guerrers" pos="X">guerrers</wf>
         <wf lemma="de" pos="X">de</wf>
         <wf lemma="les" pos="X">les</wf>
         <instance id="d000.s572.t000" lemma="massa" pos="NOUN">masses</instance>
         <wf lemma="." pos="X">.</wf>
      </sentence>
      <sentence id="d000.s573" source="wordnet-catalan">
         <wf lemma="Necessitem" pos="X">Necessitem</wf>
         <wf lemma="un" pos="X">un</wf>
         <wf lemma="assessorament" pos="X">assessorament</wf>
         <instance id="d000.s573.t000" lemma="professional" pos="ADJ">professional</instance>
         <wf lemma="." pos="X">.</wf>
      </sentence>
      <sentence id="d000.s574" source="wordnet-catalan">
         <wf lemma="té" pos="X">té</wf>
         <wf lemma="tota" pos="X">tota</wf>
         <wf lemma="la" pos="X">la</wf>
         <wf lemma="pinta" pos="X">pinta</wf>
         <wf lemma="de" pos="X">de</wf>
         <wf lemma="ser" pos="X">ser</wf>
         <wf lemma="un" pos="X">un</wf>
         <instance id="d000.s574.t000" lemma="cop" pos="NOUN">cop</instance>
         <wf lemma="de" pos="X">de</wf>
         <wf lemma="la" pos="X">la</wf>
         <wf lemma="mafia" pos="X">mafia</wf>
         <wf lemma="." pos="X">.</wf>
      </sentence>
      <sentence id="d000.s575" source="wordnet-catalan">
         <wf lemma="sense" pos="X">sense</wf>
         <wf lemma="ell" pos="X">ell</wf>
         <wf lemma="no" pos="X">no</wf>
         <wf lemma="podíem" pos="X">podíem</wf>
         <wf lemma="fer" pos="X">fer</wf>
         <wf lemma="cap" pos="X">cap</wf>
         <wf lemma="mena" pos="X">mena</wf>
         <wf lemma="de" pos="X">de</wf>
         <instance id="d000.s575.t000" lemma="tracte" pos="NOUN">tracte</instance>
         <wf lemma="." pos="X">.</wf>
      </sentence>
      <sentence id="d000.s576" source="wordnet-catalan">
         <wf lemma="que" pos="X">que</wf>
         <wf lemma="la" pos="X">la</wf>
         <instance id="d000.s576.t000" lemma="força" pos="NOUN">força</instance>
         <wf lemma="t'" pos="X">t'</wf>
         <wf lemma="acompanyi" pos="X">acompanyi</wf>
         <wf lemma="." pos="X">.</wf>
      </sentence>
      <sentence id="d000.s577" source="wordnet-catalan">
         <wf lemma="en" pos="X">en</wf>
         <wf lemma="aquest" pos="X">aquest</wf>
         <instance id="d000.s577.t000" lemma="cas" pos="NOUN">cas</instance>
         <wf lemma="," pos="X">,</wf>
         <wf lemma="la" pos="X">la</wf>
         <wf lemma="primera" pos="X">primera</wf>
         <wf lemma="possibilitat" pos="X">possibilitat</wf>
         <wf lemma="queda" pos="X">queda</wf>
         <wf lemma="exclosa" pos="X">exclosa</wf>
         <wf lemma="." pos="X">.</wf>
      </sentence>
      <sentence id="d000.s578" source="wordnet-catalan">
         <wf lemma="volia" pos="X">volia</wf>
         <wf lemma="sentir" pos="X">sentir</wf>
         <wf lemma="com" pos="X">com</wf>
         <wf lemma="ho" pos="X">ho</wf>
         <wf lemma="cantaven" pos="X">cantaven</wf>
         <wf lemma="bones" pos="X">bones</wf>
         <instance id="d000.s578.t000" lemma="veu" pos="NOUN">veus</instance>
         <wf lemma="." pos="X">.</wf>
      </sentence>
      <sentence id="d000.s579" source="wordnet-catalan">
         <instance id="d000.s579.t000" lemma="presó" pos="NOUN">presó</instance>
         <wf lemma="preventiva" pos="X">preventiva</wf>
         <wf lemma="." pos="X">.</wf>
      </sentence>
      <sentence id="d000.s580" source="wordnet-catalan">
         <wf lemma="vaig" pos="X">vaig</wf>
         <instance id="d000.s580.t000" lemma="mostrar" pos="VERB">mostrar</instance>
         <wf lemma="al" pos="X">al</wf>
         <wf lemma="client" pos="X">client</wf>
         <wf lemma="la" pos="X">la</wf>
         <wf lemma="secció" pos="X">secció</wf>
         <wf lemma="de" pos="X">de</wf>
         <wf lemma="guants" pos="X">guants</wf>
         <wf lemma="." pos="X">.</wf>
      </sentence>
      <sentence id="d000.s581" source="wordnet-catalan">
         <wf lemma="el" pos="X">el</wf>
         <wf lemma="riu" pos="X">riu</wf>
         <wf lemma="pren" pos="X">pren</wf>
         <wf lemma="el" pos="X">el</wf>
         <wf lemma="seu" pos="X">seu</wf>
         <instance id="d000.s581.t000" lemma="curs" pos="NOUN">curs</instance>
         <wf lemma="cap" pos="X">cap</wf>
         <wf lemma="al" pos="X">al</wf>
         <wf lemma="sud" pos="X">sud</wf>
         <wf lemma="." pos="X">.</wf>
      </sentence>
      <sentence id="d000.s582" source="wordnet-catalan">
         <wf lemma="el" pos="X">el</wf>
         <wf lemma="jutge" pos="X">jutge</wf>
         <wf lemma="va" pos="X">va</wf>
         <wf lemma="ordenar" pos="X">ordenar</wf>
         <wf lemma="l'" pos="X">l'</wf>
         <instance id="d000.s582.t000" lemma="embargament" pos="NOUN">embargament</instance>
         <wf lemma="de" pos="X">de</wf>
         <wf lemma="la" pos="X">la</wf>
         <wf lemma="casa" pos="X">casa</wf>
         <wf lemma="per" pos="X">per</wf>
         <wf lemma="no" pos="X">no</wf>
         <wf lemma="pagar" pos="X">pagar</wf>
         <wf lemma="el" pos="X">el</wf>
         <wf lemma="deute" pos="X">deute</wf>
         <wf lemma="." pos="X">.</wf>
      </sentence>
      <sentence id="d000.s583" source="wordnet-catalan">
         <wf lemma="a" pos="X">a</wf>
         <wf lemma="la" pos="X">la</wf>
         <wf lemma="impremta" pos="X">impremta</wf>
         <wf lemma="van" pos="X">van</wf>
         <wf lemma="perdre" pos="X">perdre</wf>
         <wf lemma="el" pos="X">el</wf>
         <instance id="d000.s583.t000" lemma="tipus" pos="NOUN">tipus</instance>
         <wf lemma="S" pos="X">S</wf>
         <wf lemma="i" pos="X">i</wf>
         <wf lemma="no" pos="X">no</wf>
         <wf lemma="van" pos="X">van</wf>
         <wf lemma="poder" pos="X">poder</wf>
         <wf lemma="escriure" pos="X">escriure</wf>
         <wf lemma="la" pos="X">la</wf>
         <wf lemma="coberta" pos="X">coberta</wf>
         <wf lemma="." pos="X">.</wf>
      </sentence>
      <sentence id="d000.s584" source="wordnet-catalan">
         <wf lemma="una" pos="X">una</wf>
         <wf lemma="fotografia" pos="X">fotografia</wf>
         <wf lemma="és" pos="X">és</wf>
         <wf lemma="una" pos="X">una</wf>
         <instance id="d000.s584.t000" lemma="transformació" pos="NOUN">transformació</instance>
         <wf lemma="d'" pos="X">d'</wf>
         <wf lemma="una" pos="X">una</wf>
         <wf lemma="escena" pos="X">escena</wf>
         <wf lemma="en" pos="X">en</wf>
         <wf lemma="una" pos="X">una</wf>
         <wf lemma="superfície" pos="X">superfície</wf>
         <wf lemma="bidimensional" pos="X">bidimensional</wf>
         <wf lemma="." pos="X">.</wf>
      </sentence>
      <sentence id="d000.s585" source="wordnet-catalan">
         <wf lemma="encara" pos="X">encara</wf>
         <wf lemma="tinc" pos="X">tinc</wf>
         <wf lemma="aquest" pos="X">aquest</wf>
         <instance id="d000.s585.t000" lemma="somni" pos="NOUN">somni</instance>
         <wf lemma="de" pos="X">de</wf>
         <wf lemma="ser" pos="X">ser</wf>
         <wf lemma="l'" pos="X">l'</wf>
         <wf lemma="emperador" pos="X">emperador</wf>
         <wf lemma="de" pos="X">de</wf>
         <wf lemma="l'" pos="X">l'</wf>
         <wf lemma="univers" pos="X">univers</wf>
         <wf lemma="." pos="X">.</wf>
      </sentence>
      <sentence id="d000.s586" source="wordnet-catalan">
         <wf lemma="la" pos="X">la</wf>
         <instance id="d000.s586.t000" lemma="forma" pos="NOUN">forma</instance>
         <wf lemma="d'" pos="X">d'</wf>
         <wf lemma="aconseguir" pos="X">aconseguir</wf>
         <wf lemma="l'" pos="X">l'</wf>
         <wf lemma="èxit" pos="X">èxit</wf>
         <wf lemma="és" pos="X">és</wf>
         <wf lemma="molt" pos="X">molt</wf>
         <wf lemma="dura" pos="X">dura</wf>
         <wf lemma="." pos="X">.</wf>
      </sentence>
      <sentence id="d000.s587" source="wordnet-catalan">
         <wf lemma="La" pos="X">La</wf>
         <instance id="d000.s587.t000" lemma="lògica" pos="NOUN">lògica</instance>
         <wf lemma="econòmica" pos="X">econòmica</wf>
         <wf lemma="." pos="X">.</wf>
      </sentence>
      <sentence id="d000.s588" source="wordnet-catalan">
         <wf lemma="aquella" pos="X">aquella</wf>
         <wf lemma="posta" pos="X">posta</wf>
         <wf lemma="de" pos="X">de</wf>
         <wf lemma="sol" pos="X">sol</wf>
         <wf lemma="va" pos="X">va</wf>
         <wf lemma="ser" pos="X">ser</wf>
         <wf lemma="un" pos="X">un</wf>
         <instance id="d000.s588.t000" lemma="espectacle" pos="NOUN">espectacle</instance>
         <wf lemma="meravellós" pos="X">meravellós</wf>
         <wf lemma="." pos="X">.</wf>
      </sentence>
      <sentence id="d000.s589" source="wordnet-catalan">
         <wf lemma="escales" pos="X">escales</wf>
         <instance id="d000.s589.t000" lemma="major" pos="ADJ">majors</instance>
         <wf lemma="." pos="X">.</wf>
      </sentence>
      <sentence id="d000.s590" source="wordnet-catalan">
         <wf lemma="la" pos="X">la</wf>
         <instance id="d000.s590.t000" lemma="qüestió" pos="NOUN">qüestió</instance>
         <wf lemma="de" pos="X">de</wf>
         <wf lemma="les" pos="X">les</wf>
         <wf lemma="malalties" pos="X">malalties</wf>
         <wf lemma="es" pos="X">es</wf>
         <wf lemma="mereix" pos="X">mereix</wf>
         <wf lemma="un" pos="X">un</wf>
         <wf lemma="debat" pos="X">debat</wf>
         <wf lemma="seriós" pos="X">seriós</wf>
         <wf lemma="." pos="X">.</wf>
      </sentence>
      <sentence id="d000.s591" source="wordnet-catalan">
         <wf lemma="té" pos="X">té</wf>
         <wf lemma="poc" pos="X">poc</wf>
         <instance id="d000.s591.t000" lemma="tracte" pos="NOUN">tracte</instance>
         <wf lemma="amb" pos="X">amb</wf>
         <wf lemma="els" pos="X">els</wf>
         <wf lemma="veïns" pos="X">veïns</wf>
         <wf lemma="." pos="X">.</wf>
      </sentence>
      <sentence id="d000.s592" source="wordnet-catalan">
         <wf lemma="El" pos="X">El</wf>
         <wf lemma="nostre" pos="X">nostre</wf>
         <wf lemma="bar" pos="X">bar</wf>
         <wf lemma="és" pos="X">és</wf>
         <instance id="d000.s592.t000" lemma="deutor" pos="NOUN">deutor</instance>
         <wf lemma="a" pos="X">a</wf>
         <wf lemma="tots" pos="X">tots</wf>
         <wf lemma="els" pos="X">els</wf>
         <wf lemma="proveïdors" pos="X">proveïdors</wf>
         <wf lemma="." pos="X">.</wf>
      </sentence>
      <sentence id="d000.s593" source="wordnet-catalan">
         <wf lemma="els" pos="X">els</wf>
         <wf lemma="aiguamolls" pos="X">aiguamolls</wf>
         <wf lemma="és" pos="X">és</wf>
         <instance id="d000.s593.t000" lemma="territori" pos="NOUN">territori</instance>
         <wf lemma="de" pos="X">de</wf>
         <wf lemma="les" pos="X">les</wf>
         <wf lemma="aus" pos="X">aus</wf>
         <wf lemma="migratòries" pos="X">migratòries</wf>
         <wf lemma="." pos="X">.</wf>
      </sentence>
      <sentence id="d000.s594" source="wordnet-catalan">
         <wf lemma="el" pos="X">el</wf>
         <instance id="d000.s594.t000" lemma="realisme" pos="NOUN">realisme</instance>
         <wf lemma="de" pos="X">de</wf>
         <wf lemma="la" pos="X">la</wf>
         <wf lemma="novel·la" pos="X">novel·la</wf>
         <wf lemma="el" pos="X">el</wf>
         <wf lemma="va" pos="X">va</wf>
         <wf lemma="afectar" pos="X">afectar</wf>
         <wf lemma="molt" pos="X">molt</wf>
         <wf lemma="." pos="X">.</wf>
      </sentence>
      <sentence id="d000.s595" source="wordnet-catalan">
         <wf lemma="Un" pos="X">Un</wf>
         <wf lemma="policia" pos="X">policia</wf>
         <wf lemma="detingut" pos="X">detingut</wf>
         <wf lemma="per" pos="X">per</wf>
         <instance id="d000.s595.t000" lemma="extorsió" pos="NOUN">extorsió</instance>
         <wf lemma="." pos="X">.</wf>
      </sentence>
      <sentence id="d000.s596" source="wordnet-catalan">
         <wf lemma="van" pos="X">van</wf>
         <wf lemma="haver" pos="X">haver</wf>
         <wf lemma="d'" pos="X">d'</wf>
         <wf lemma="esperar" pos="X">esperar</wf>
         <wf lemma="una" pos="X">una</wf>
         <instance id="d000.s596.t000" lemma="generació" pos="NOUN">generació</instance>
         <wf lemma="perquè" pos="X">perquè</wf>
         <wf lemma="desaparagués" pos="X">desaparagués</wf>
         <wf lemma="aquell" pos="X">aquell</wf>
         <wf lemma="prejudici" pos="X">prejudici</wf>
         <wf lemma="." pos="X">.</wf>
      </sentence>
      <sentence id="d000.s597" source="wordnet-catalan">
         <wf lemma="Una" pos="X">Una</wf>
         <instance id="d000.s597.t000" lemma="lliure" pos="ADJ">lliure</instance>
         <wf lemma="empresa" pos="X">empresa</wf>
         <wf lemma="." pos="X">.</wf>
      </sentence>
      <sentence id="d000.s598" source="wordnet-catalan">
         <wf lemma="els" pos="X">els</wf>
         <wf lemma="resultats" pos="X">resultats</wf>
         <wf lemma="van" pos="X">van</wf>
         <wf lemma="confirmar" pos="X">confirmar</wf>
         <wf lemma="la" pos="X">la</wf>
         <instance id="d000.s598.t000" lemma="derrota" pos="NOUN">derrota</instance>
         <wf lemma="del" pos="X">del</wf>
         <wf lemma="PP" pos="X">PP</wf>
         <wf lemma="." pos="X">.</wf>
      </sentence>
      <sentence id="d000.s599" source="wordnet-catalan">
         <wf lemma="la" pos="X">la</wf>
         <instance id="d000.s599.t000" lemma="càrrega" pos="NOUN">càrrega</instance>
         <wf lemma="ens" pos="X">ens</wf>
         <wf lemma="va" pos="X">va</wf>
         <wf lemma="portar" pos="X">portar</wf>
         <wf lemma="dues" pos="X">dues</wf>
         <wf lemma="hores" pos="X">hores</wf>
         <wf lemma="." pos="X">.</wf>
      </sentence>
      <sentence id="d000.s600" source="wordnet-catalan">
         <wf lemma="una" pos="X">una</wf>
         <wf lemma="terrible" pos="X">terrible</wf>
         <wf lemma="força" pos="X">força</wf>
         <wf lemma="la" pos="X">la</wf>
         <wf lemma="tenia" pos="X">tenia</wf>
         <wf lemma="sota" pos="X">sota</wf>
         <instance id="d000.s600.t000" lemma="control" pos="NOUN">control</instance>
         <wf lemma="." pos="X">.</wf>
      </sentence>
      <sentence id="d000.s601" source="wordnet-catalan">
         <wf lemma="la" pos="X">la</wf>
         <instance id="d000.s601.t000" lemma="unitat" pos="NOUN">unitat</instance>
         <wf lemma="monetària" pos="X">monetària</wf>
         <wf lemma="dels" pos="X">dels</wf>
         <wf lemma="Estats" pos="X">Estats</wf>
         <wf lemma="Units" pos="X">Units</wf>
         <wf lemma="és" pos="X">és</wf>
         <wf lemma="el" pos="X">el</wf>
         <wf lemma="dòlar" pos="X">dòlar</wf>
         <wf lemma="." pos="X">.</wf>
      </sentence>
      <sentence id="d000.s602" source="wordnet-catalan">
         <wf lemma="no" pos="X">no</wf>
         <wf lemma="vaig" pos="X">vaig</wf>
         <wf lemma="tenir" pos="X">tenir</wf>
         <wf lemma="mai" pos="X">mai</wf>
         <wf lemma="aquest" pos="X">aquest</wf>
         <instance id="d000.s602.t000" lemma="pensament" pos="NOUN">pensament</instance>
         <wf lemma="." pos="X">.</wf>
      </sentence>
      <sentence id="d000.s603" source="wordnet-catalan">
         <wf lemma="sentia" pos="X">sentia</wf>
         <wf lemma="com" pos="X">com</wf>
         <wf lemma="si" pos="X">si</wf>
         <wf lemma="tot" pos="X">tot</wf>
         <wf lemma="el" pos="X">el</wf>
         <wf lemma="seu" pos="X">seu</wf>
         <instance id="d000.s603.t000" lemma="cos" pos="NOUN">cos</instance>
         <wf lemma="estigués" pos="X">estigués</wf>
         <wf lemma="en" pos="X">en</wf>
         <wf lemma="flames" pos="X">flames</wf>
         <wf lemma="." pos="X">.</wf>
      </sentence>
      <sentence id="d000.s604" source="wordnet-catalan">
         <wf lemma="Grant" pos="X">Grant</wf>
         <wf lemma="obtingué" pos="X">obtingué</wf>
         <wf lemma="una" pos="X">una</wf>
         <wf lemma="victòria" pos="X">victòria</wf>
         <wf lemma="decisiva" pos="X">decisiva</wf>
         <wf lemma="en" pos="X">en</wf>
         <wf lemma="la" pos="X">la</wf>
         <instance id="d000.s604.t000" lemma="batalla" pos="NOUN">batalla</instance>
         <wf lemma="de" pos="X">de</wf>
         <wf lemma="Chickamauga" pos="X">Chickamauga</wf>
         <wf lemma="." pos="X">.</wf>
      </sentence>
      <sentence id="d000.s605" source="wordnet-catalan">
         <wf lemma="va" pos="X">va</wf>
         <instance id="d000.s605.t000" lemma="representar" pos="VERB">representar</instance>
         <wf lemma="un" pos="X">un</wf>
         <wf lemma="paper" pos="X">paper</wf>
         <wf lemma="a" pos="X">a</wf>
         <wf lemma="&quot;" pos="X">&quot;</wf>
         <wf lemma="Juli" pos="X">Juli</wf>
         <wf lemma="Cèsar" pos="X">Cèsar</wf>
         <wf lemma="&quot;" pos="X">&quot;</wf>
         <wf lemma="." pos="X">.</wf>
      </sentence>
      <sentence id="d000.s606" source="wordnet-catalan">
         <instance id="d000.s606.t000" lemma="servei" pos="NOUN">servei</instance>
         <wf lemma="domèstic" pos="X">domèstic</wf>
         <wf lemma="." pos="X">.</wf>
      </sentence>
      <sentence id="d000.s607" source="wordnet-catalan">
         <wf lemma="cada" pos="X">cada</wf>
         <wf lemma="matí" pos="X">matí</wf>
         <wf lemma="es" pos="X">es</wf>
         <wf lemma="pren" pos="X">pren</wf>
         <wf lemma="un" pos="X">un</wf>
         <wf lemma="bon" pos="X">bon</wf>
         <instance id="d000.s607.t000" lemma="bany" pos="NOUN">bany</instance>
         <wf lemma="." pos="X">.</wf>
      </sentence>
      <sentence id="d000.s608" source="wordnet-catalan">
         <wf lemma="va" pos="X">va</wf>
         <wf lemma="posar" pos="X">posar</wf>
         <wf lemma="la" pos="X">la</wf>
         <wf lemma="làmpara" pos="X">làmpara</wf>
         <wf lemma="una" pos="X">una</wf>
         <wf lemma="altra" pos="X">altra</wf>
         <wf lemma="vegada" pos="X">vegada</wf>
         <wf lemma="al" pos="X">al</wf>
         <wf lemma="seu" pos="X">seu</wf>
         <instance id="d000.s608.t000" lemma="lloc" pos="NOUN">lloc</instance>
         <wf lemma="." pos="X">.</wf>
      </sentence>
      <sentence id="d000.s609" source="wordnet-catalan">
         <wf lemma="Una" pos="X">Una</wf>
         <wf lemma="propietat" pos="X">propietat</wf>
         <instance id="d000.s609.t000" lemma="imposable" pos="ADJ">imposable</instance>
         <wf lemma="." pos="X">.</wf>
      </sentence>
      <sentence id="d000.s610" source="wordnet-catalan">
         <wf lemma="tinc" pos="X">tinc</wf>
         <instance id="d000.s610.t000" lemma="confiança" pos="NOUN">confiança</instance>
         <wf lemma="en" pos="X">en</wf>
         <wf lemma="el" pos="X">el</wf>
         <wf lemma="nostre" pos="X">nostre</wf>
         <wf lemma="equip" pos="X">equip</wf>
         <wf lemma="." pos="X">.</wf>
      </sentence>
      <sentence id="d000.s611" source="wordnet-catalan">
         <wf lemma="Ànim" pos="X">Ànim</wf>
         <instance id="d000.s611.t000" lemma="empresarial" pos="ADJ">empresarial</instance>
         <wf lemma="." pos="X">.</wf>
      </sentence>
      <sentence id="d000.s612" source="wordnet-catalan">
         <wf lemma="El" pos="X">El</wf>
         <wf lemma="protagonista" pos="X">protagonista</wf>
         <wf lemma="d" pos="X">d</wf>
         <wf lemma="aquesta" pos="X">aquesta</wf>
         <wf lemma="pel·lícula" pos="X">pel·lícula</wf>
         <wf lemma="policíaca" pos="X">policíaca</wf>
         <wf lemma="és" pos="X">és</wf>
         <wf lemma="un" pos="X">un</wf>
         <instance id="d000.s612.t000" lemma="parricida" pos="NOUN">parricida</instance>
         <wf lemma="." pos="X">.</wf>
      </sentence>
      <sentence id="d000.s613" source="wordnet-catalan">
         <wf lemma="l'" pos="X">l'</wf>
         <wf lemma="actriu" pos="X">actriu</wf>
         <wf lemma="va" pos="X">va</wf>
         <wf lemma="fer" pos="X">fer</wf>
         <wf lemma="una" pos="X">una</wf>
         <instance id="d000.s613.t000" lemma="entrada" pos="NOUN">entrada</instance>
         <wf lemma="espectacular" pos="X">espectacular</wf>
         <wf lemma="." pos="X">.</wf>
      </sentence>
      <sentence id="d000.s614" source="wordnet-catalan">
         <wf lemma="la" pos="X">la</wf>
         <wf lemma="seva" pos="X">seva</wf>
         <instance id="d000.s614.t000" lemma="versió" pos="NOUN">versió</instance>
         <wf lemma="de" pos="X">de</wf>
         <wf lemma="la" pos="X">la</wf>
         <wf lemma="baralla" pos="X">baralla</wf>
         <wf lemma="era" pos="X">era</wf>
         <wf lemma="diferent" pos="X">diferent</wf>
         <wf lemma="a" pos="X">a</wf>
         <wf lemma="la" pos="X">la</wf>
         <wf lemma="meva" pos="X">meva</wf>
         <wf lemma="." pos="X">.</wf>
      </sentence>
      <sentence id="d000.s615" source="wordnet-catalan">
         <wf lemma="el" pos="X">el</wf>
         <instance id="d000.s615.t000" lemma="president" pos="NOUN">president</instance>
         <wf lemma="va" pos="X">va</wf>
         <wf lemma="viatjar" pos="X">viatjar</wf>
         <wf lemma="a" pos="X">a</wf>
         <wf lemma="la" pos="X">la</wf>
         <wf lemma="zona" pos="X">zona</wf>
         <wf lemma="catastròfica" pos="X">catastròfica</wf>
         <wf lemma="." pos="X">.</wf>
      </sentence>
      <sentence id="d000.s616" source="wordnet-catalan">
         <wf lemma="Inspecció" pos="X">Inspecció</wf>
         <wf lemma="de" pos="X">de</wf>
         <wf lemma="la" pos="X">la</wf>
         <wf lemma="qualitat" pos="X">qualitat</wf>
         <instance id="d000.s616.t000" lemma="comercial" pos="ADJ">comercial</instance>
         <wf lemma="de" pos="X">de</wf>
         <wf lemma="les" pos="X">les</wf>
         <wf lemma="fruites" pos="X">fruites</wf>
         <wf lemma="i" pos="X">i</wf>
         <wf lemma="hortalisses" pos="X">hortalisses</wf>
         <wf lemma="." pos="X">.</wf>
      </sentence>
      <sentence id="d000.s617" source="wordnet-catalan">
         <wf lemma="Gielgud" pos="X">Gielgud</wf>
         <wf lemma="va" pos="X">va</wf>
         <instance id="d000.s617.t000" lemma="representar" pos="VERB">representar</instance>
         <wf lemma="el" pos="X">el</wf>
         <wf lemma="paper" pos="X">paper</wf>
         <wf lemma="de" pos="X">de</wf>
         <wf lemma="Hamlet" pos="X">Hamlet</wf>
         <wf lemma="." pos="X">.</wf>
      </sentence>
      <sentence id="d000.s618" source="wordnet-catalan">
         <wf lemma="Fa" pos="X">Fa</wf>
         <wf lemma="trucades" pos="X">trucades</wf>
         <instance id="d000.s618.t000" lemma="regular" pos="ADJ">regulars</instance>
         <wf lemma="als" pos="X">als</wf>
         <wf lemma="seus" pos="X">seus</wf>
         <wf lemma="clients" pos="X">clients</wf>
         <wf lemma="." pos="X">.</wf>
      </sentence>
      <sentence id="d000.s619" source="wordnet-catalan">
         <wf lemma="una" pos="X">una</wf>
         <instance id="d000.s619.t000" lemma="multitud" pos="NOUN">multitud</instance>
         <wf lemma="de" pos="X">de</wf>
         <wf lemma="xemeneies" pos="X">xemeneies</wf>
         <wf lemma="." pos="X">.</wf>
      </sentence>
      <sentence id="d000.s620" source="wordnet-catalan">
         <wf lemma="venim" pos="X">venim</wf>
         <wf lemma="de" pos="X">de</wf>
         <wf lemma="terres" pos="X">terres</wf>
         <wf lemma="molt" pos="X">molt</wf>
         <instance id="d000.s620.t000" lemma="llunyà" pos="ADJ">llunyanes</instance>
         <wf lemma="." pos="X">.</wf>
      </sentence>
      <sentence id="d000.s621" source="wordnet-catalan">
         <wf lemma="vam" pos="X">vam</wf>
         <wf lemma="anar" pos="X">anar</wf>
         <wf lemma="per" pos="X">per</wf>
         <instance id="d000.s621.t000" lemma="camí" pos="NOUN">camins</instance>
         <wf lemma="separats" pos="X">separats</wf>
         <wf lemma="." pos="X">.</wf>
      </sentence>
      <sentence id="d000.s622" source="wordnet-catalan">
         <wf lemma="viu" pos="X">viu</wf>
         <wf lemma="en" pos="X">en</wf>
         <wf lemma="un" pos="X">un</wf>
         <instance id="d000.s622.t000" lemma="somni" pos="NOUN">somni</instance>
         <wf lemma="que" pos="X">que</wf>
         <wf lemma="no" pos="X">no</wf>
         <wf lemma="té" pos="X">té</wf>
         <wf lemma="res" pos="X">res</wf>
         <wf lemma="a" pos="X">a</wf>
         <wf lemma="veure" pos="X">veure</wf>
         <wf lemma="amb" pos="X">amb</wf>
         <wf lemma="la" pos="X">la</wf>
         <wf lemma="realitat" pos="X">realitat</wf>
         <wf lemma="." pos="X">.</wf>
      </sentence>
      <sentence id="d000.s623" source="wordnet-catalan">
         <wf lemma="no" pos="X">no</wf>
         <wf lemma="es" pos="X">es</wf>
         <wf lemma="podia" pos="X">podia</wf>
         <wf lemma="creure" pos="X">creure</wf>
         <wf lemma="la" pos="X">la</wf>
         <instance id="d000.s623.t000" lemma="lectura" pos="NOUN">lectura</instance>
         <wf lemma="del" pos="X">del</wf>
         <wf lemma="contador" pos="X">contador</wf>
         <wf lemma="." pos="X">.</wf>
      </sentence>
      <sentence id="d000.s624" source="wordnet-catalan">
         <wf lemma="vaig" pos="X">vaig</wf>
         <wf lemma="pagar" pos="X">pagar</wf>
         <wf lemma="amb" pos="X">amb</wf>
         <wf lemma="un" pos="X">un</wf>
         <wf lemma="bitllet" pos="X">bitllet</wf>
         <wf lemma="de" pos="X">de</wf>
         <wf lemma="vint" pos="X">vint</wf>
         <wf lemma="i" pos="X">i</wf>
         <wf lemma="em" pos="X">em</wf>
         <wf lemma="vaig" pos="X">vaig</wf>
         <wf lemma="quedar" pos="X">quedar</wf>
         <wf lemma="el" pos="X">el</wf>
         <instance id="d000.s624.t000" lemma="canvi" pos="NOUN">canvi</instance>
         <wf lemma="." pos="X">.</wf>
      </sentence>
      <sentence id="d000.s625" source="wordnet-catalan">
         <wf lemma="La" pos="X">La</wf>
         <wf lemma="síndrome" pos="X">síndrome</wf>
         <instance id="d000.s625.t000" lemma="constitucional" pos="ADJ">constitucional</instance>
         <wf lemma="." pos="X">.</wf>
      </sentence>
      <sentence id="d000.s626" source="wordnet-catalan">
         <wf lemma="la" pos="X">la</wf>
         <wf lemma="peça" pos="X">peça</wf>
         <wf lemma="té" pos="X">té</wf>
         <wf lemma="un" pos="X">un</wf>
         <instance id="d000.s626.t000" lemma="ritme" pos="NOUN">ritme</instance>
         <wf lemma="ràpid" pos="X">ràpid</wf>
         <wf lemma="." pos="X">.</wf>
      </sentence>
      <sentence id="d000.s627" source="wordnet-catalan">
         <wf lemma="Ell" pos="X">Ell</wf>
         <wf lemma="posseeix" pos="X">posseeix</wf>
         <wf lemma="una" pos="X">una</wf>
         <wf lemma="participació" pos="X">participació</wf>
         <wf lemma="majoritària" pos="X">majoritària</wf>
         <wf lemma="de" pos="X">de</wf>
         <wf lemma="les" pos="X">les</wf>
         <instance id="d000.s627.t000" lemma="acció" pos="NOUN">accions</instance>
         <wf lemma="de" pos="X">de</wf>
         <wf lemma="l'" pos="X">l'</wf>
         <wf lemma="empresa" pos="X">empresa</wf>
         <wf lemma="." pos="X">.</wf>
      </sentence>
      <sentence id="d000.s628" source="wordnet-catalan">
         <wf lemma="va" pos="X">va</wf>
         <wf lemma="tocar" pos="X">tocar</wf>
         <wf lemma="tota" pos="X">tota</wf>
         <wf lemma="la" pos="X">la</wf>
         <wf lemma="cançó" pos="X">cançó</wf>
         <wf lemma="amb" pos="X">amb</wf>
         <wf lemma="l'" pos="X">l'</wf>
         <instance id="d000.s628.t000" lemma="acord" pos="NOUN">acord</instance>
         <wf lemma="de" pos="X">de</wf>
         <wf lemma="sol" pos="X">sol</wf>
         <wf lemma="." pos="X">.</wf>
      </sentence>
      <sentence id="d000.s629" source="wordnet-catalan">
         <wf lemma="L'" pos="X">L'</wf>
         <wf lemma="artista" pos="X">artista</wf>
         <wf lemma="ha" pos="X">ha</wf>
         <wf lemma="nomenat" pos="X">nomenat</wf>
         <wf lemma="com" pos="X">com</wf>
         <wf lemma="a" pos="X">a</wf>
         <instance id="d000.s629.t000" lemma="marmessor" pos="NOUN">marmessor</instance>
         <wf lemma="la" pos="X">la</wf>
         <wf lemma="seva" pos="X">seva</wf>
         <wf lemma="parella" pos="X">parella</wf>
         <wf lemma="." pos="X">.</wf>
      </sentence>
      <sentence id="d000.s630" source="wordnet-catalan">
         <wf lemma="la" pos="X">la</wf>
         <wf lemma="policia" pos="X">policia</wf>
         <wf lemma="segueix" pos="X">segueix</wf>
         <wf lemma="una" pos="X">una</wf>
         <instance id="d000.s630.t000" lemma="pista" pos="NOUN">pista</instance>
         <wf lemma="prometedora" pos="X">prometedora</wf>
         <wf lemma="." pos="X">.</wf>
      </sentence>
      <sentence id="d000.s631" source="wordnet-catalan">
         <wf lemma="una" pos="X">una</wf>
         <wf lemma="festa" pos="X">festa</wf>
         <instance id="d000.s631.t000" lemma="avançat" pos="ADJ">avançada</instance>
         <wf lemma="." pos="X">.</wf>
      </sentence>
      <sentence id="d000.s632" source="wordnet-catalan">
         <instance id="d000.s632.t000" lemma="punt" pos="NOUN">punt</instance>
         <wf lemma="de" pos="X">de</wf>
         <wf lemma="creu" pos="X">creu</wf>
         <wf lemma="." pos="X">.</wf>
      </sentence>
      <sentence id="d000.s633" source="wordnet-catalan">
         <wf lemma="es" pos="X">es</wf>
         <wf lemma="van" pos="X">van</wf>
         <wf lemma="ajupir" pos="X">ajupir</wf>
         <wf lemma="darrere" pos="X">darrere</wf>
         <wf lemma="de" pos="X">de</wf>
         <wf lemma="la" pos="X">la</wf>
         <instance id="d000.s633.t000" lemma="pantalla" pos="NOUN">pantalla</instance>
         <wf lemma="." pos="X">.</wf>
      </sentence>
      <sentence id="d000.s634" source="wordnet-catalan">
         <wf lemma="ell" pos="X">ell</wf>
         <wf lemma="va" pos="X">va</wf>
         <wf lemma="ser" pos="X">ser</wf>
         <instance id="d000.s634.t000" lemma="internar" pos="VERB">internat</instance>
         <wf lemma="a" pos="X">a</wf>
         <wf lemma="la" pos="X">la</wf>
         <wf lemma="presó" pos="X">presó</wf>
         <wf lemma="." pos="X">.</wf>
      </sentence>
      <sentence id="d000.s635" source="wordnet-catalan">
         <wf lemma="s'" pos="X">s'</wf>
         <wf lemma="estarà" pos="X">estarà</wf>
         <wf lemma="un" pos="X">un</wf>
         <instance id="d000.s635.t000" lemma="parell" pos="NOUN">parell</instance>
         <wf lemma="de" pos="X">de</wf>
         <wf lemma="dies" pos="X">dies</wf>
         <wf lemma="a" pos="X">a</wf>
         <wf lemma="casa" pos="X">casa</wf>
         <wf lemma="." pos="X">.</wf>
      </sentence>
      <sentence id="d000.s636" source="wordnet-catalan">
         <instance id="d000.s636.t000" lemma="vida" pos="NOUN">vida</instance>
         <wf lemma="social" pos="X">social</wf>
         <wf lemma="." pos="X">.</wf>
      </sentence>
      <sentence id="d000.s637" source="wordnet-catalan">
         <wf lemma="va" pos="X">va</wf>
         <wf lemma="mesurar" pos="X">mesurar</wf>
         <wf lemma="l'" pos="X">l'</wf>
         <wf lemma="angle" pos="X">angle</wf>
         <wf lemma="d'" pos="X">d'</wf>
         <instance id="d000.s637.t000" lemma="incidència" pos="NOUN">incidència</instance>
         <wf lemma="del" pos="X">del</wf>
         <wf lemma="reflex" pos="X">reflex</wf>
         <wf lemma="de" pos="X">de</wf>
         <wf lemma="la" pos="X">la</wf>
         <wf lemma="llum" pos="X">llum</wf>
         <wf lemma="." pos="X">.</wf>
      </sentence>
      <sentence id="d000.s638" source="wordnet-catalan">
         <wf lemma="va" pos="X">va</wf>
         <wf lemma="tenir" pos="X">tenir</wf>
         <wf lemma="la" pos="X">la</wf>
         <instance id="d000.s638.t000" lemma="gosadia" pos="NOUN">gosadia</instance>
         <wf lemma="de" pos="X">de</wf>
         <wf lemma="qüestionar" pos="X">qüestionar</wf>
         <wf lemma="la" pos="X">la</wf>
         <wf lemma="meva" pos="X">meva</wf>
         <wf lemma="honestedat" pos="X">honestedat</wf>
         <wf lemma="." pos="X">.</wf>
      </sentence>
      <sentence id="d000.s639" source="wordnet-catalan">
         <wf lemma="Usted" pos="X">Usted</wf>
         <wf lemma="puede" pos="X">puede</wf>
         <instance id="d000.s639.t000" lemma="apostar" pos="VERB">apostar</instance>
         <wf lemma="por" pos="X">por</wf>
         <wf lemma="esto!" pos="X">esto!</wf>
      </sentence>
      <sentence id="d000.s640" source="wordnet-catalan">
         <wf lemma="va" pos="X">va</wf>
         <wf lemma="realitzar" pos="X">realitzar</wf>
         <wf lemma="un" pos="X">un</wf>
         <instance id="d000.s640.t000" lemma="estudi" pos="NOUN">estudi</instance>
         <wf lemma="sobre" pos="X">sobre</wf>
         <wf lemma="el" pos="X">el</wf>
         <wf lemma="sexe" pos="X">sexe</wf>
         <wf lemma="del" pos="X">del</wf>
         <wf lemma="àngels" pos="X">àngels</wf>
         <wf lemma="." pos="X">.</wf>
      </sentence>
      <sentence id="d000.s641" source="wordnet-catalan">
         <wf lemma="un" pos="X">un</wf>
         <wf lemma="subjecte" pos="X">subjecte</wf>
         <instance id="d000.s641.t000" lemma="inconscient" pos="ADJ">inconscient</instance>
         <wf lemma="que" pos="X">que</wf>
         <wf lemma="està" pos="X">està</wf>
         <wf lemma="essent" pos="X">essent</wf>
         <wf lemma="sotmès" pos="X">sotmès</wf>
         <wf lemma="a" pos="X">a</wf>
         <wf lemma="un" pos="X">un</wf>
         <wf lemma="experiment" pos="X">experiment</wf>
         <wf lemma="." pos="X">.</wf>
      </sentence>
      <sentence id="d000.s642" source="wordnet-catalan">
         <wf lemma="El" pos="X">El</wf>
         <wf lemma="president" pos="X">president</wf>
         <wf lemma="és" pos="X">és</wf>
         <instance id="d000.s642.t000" lemma="cosignatari" pos="NOUN">cosignatari</instance>
         <wf lemma="de" pos="X">de</wf>
         <wf lemma="la" pos="X">la</wf>
         <wf lemma="declaració" pos="X">declaració</wf>
         <wf lemma="de" pos="X">de</wf>
         <wf lemma="guerra" pos="X">guerra</wf>
         <wf lemma="." pos="X">.</wf>
      </sentence>
      <sentence id="d000.s643" source="wordnet-catalan">
         <wf lemma="va" pos="X">va</wf>
         <wf lemma="estudiar" pos="X">estudiar</wf>
         <wf lemma="la" pos="X">la</wf>
         <instance id="d000.s643.t000" lemma="lliçó" pos="NOUN">lliçó</instance>
         <wf lemma="." pos="X">.</wf>
      </sentence>
      <sentence id="d000.s644" source="wordnet-catalan">
         <wf lemma="porta" pos="X">porta</wf>
         <wf lemma="una" pos="X">una</wf>
         <instance id="d000.s644.t000" lemma="mal" pos="ADJ">mala</instance>
         <wf lemma="vida" pos="X">vida</wf>
         <wf lemma="." pos="X">.</wf>
      </sentence>
      <sentence id="d000.s645" source="wordnet-catalan">
         <wf lemma="amb" pos="X">amb</wf>
         <wf lemma="una" pos="X">una</wf>
         <instance id="d000.s645.t000" lemma="avantatge" pos="NOUN">avantatge</instance>
         <wf lemma="d'" pos="X">d'</wf>
         <wf lemma="una" pos="X">una</wf>
         <wf lemma="hora" pos="X">hora</wf>
         <wf lemma="serà" pos="X">serà</wf>
         <wf lemma="difícil" pos="X">difícil</wf>
         <wf lemma="atrapar-lo" pos="X">atrapar-lo</wf>
         <wf lemma="." pos="X">.</wf>
      </sentence>
      <sentence id="d000.s646" source="wordnet-catalan">
         <instance id="d000.s646.t000" lemma="sentit" pos="NOUN">sentit</instance>
         <wf lemma="metafòric" pos="X">metafòric</wf>
         <wf lemma="." pos="X">.</wf>
      </sentence>
      <sentence id="d000.s647" source="wordnet-catalan">
         <wf lemma="hi" pos="X">hi</wf>
         <wf lemma="va" pos="X">va</wf>
         <wf lemma="haver" pos="X">haver</wf>
         <wf lemma="una" pos="X">una</wf>
         <instance id="d000.s647.t000" lemma="inversió" pos="NOUN">inversió</instance>
         <wf lemma="de" pos="X">de</wf>
         <wf lemma="les" pos="X">les</wf>
         <wf lemma="funcions" pos="X">funcions</wf>
         <wf lemma="autonòmiques" pos="X">autonòmiques</wf>
         <wf lemma="." pos="X">.</wf>
      </sentence>
      <sentence id="d000.s648" source="wordnet-catalan">
         <wf lemma="els" pos="X">els</wf>
         <wf lemma="peixos" pos="X">peixos</wf>
         <wf lemma="necessiten" pos="X">necessiten</wf>
         <wf lemma="un" pos="X">un</wf>
         <instance id="d000.s648.t000" lemma="medi" pos="NOUN">medi</instance>
         <wf lemma="aquàtic" pos="X">aquàtic</wf>
         <wf lemma="." pos="X">.</wf>
      </sentence>
      <sentence id="d000.s649" source="wordnet-catalan">
         <wf lemma="es" pos="X">es</wf>
         <wf lemma="va" pos="X">va</wf>
         <wf lemma="posar" pos="X">posar</wf>
         <wf lemma="vermell" pos="X">vermell</wf>
         <wf lemma="a" pos="X">a</wf>
         <wf lemma="causa" pos="X">causa</wf>
         <wf lemma="de" pos="X">de</wf>
         <wf lemma="la" pos="X">la</wf>
         <wf lemma="seva" pos="X">seva</wf>
         <instance id="d000.s649.t000" lemma="presència" pos="NOUN">presència</instance>
         <wf lemma="." pos="X">.</wf>
      </sentence>
      <sentence id="d000.s650" source="wordnet-catalan">
         <wf lemma="la" pos="X">la</wf>
         <wf lemma="cultura" pos="X">cultura</wf>
         <wf lemma="popular" pos="X">popular</wf>
         <instance id="d000.s650.t000" lemma="nadiu" pos="ADJ">nadiva</instance>
         <wf lemma="." pos="X">.</wf>
      </sentence>
      <sentence id="d000.s651" source="wordnet-catalan">
         <wf lemma="El" pos="X">El</wf>
         <wf lemma="funcionari" pos="X">funcionari</wf>
         <instance id="d000.s651.t000" lemma="electiu" pos="ADJ">electiu</instance>
         <wf lemma="." pos="X">.</wf>
      </sentence>
      <sentence id="d000.s652" source="wordnet-catalan">
         <wf lemma="eren" pos="X">eren</wf>
         <wf lemma="desconeguts" pos="X">desconeguts</wf>
         <wf lemma="que" pos="X">que</wf>
         <wf lemma="compartien" pos="X">compartien</wf>
         <wf lemma="un" pos="X">un</wf>
         <wf lemma="breu" pos="X">breu</wf>
         <instance id="d000.s652.t000" lemma="instant" pos="NOUN">instant</instance>
         <wf lemma="." pos="X">.</wf>
      </sentence>
      <sentence id="d000.s653" source="wordnet-catalan">
         <instance id="d000.s653.t000" lemma="corrupció" pos="NOUN">corrupció</instance>
         <wf lemma="de" pos="X">de</wf>
         <wf lemma="menors" pos="X">menors</wf>
         <wf lemma="." pos="X">.</wf>
      </sentence>
      <sentence id="d000.s654" source="wordnet-catalan">
         <wf lemma="era" pos="X">era</wf>
         <wf lemma="una" pos="X">una</wf>
         <instance id="d000.s654.t000" lemma="visió" pos="NOUN">visió</instance>
         <wf lemma="poc" pos="X">poc</wf>
         <wf lemma="familiar" pos="X">familiar</wf>
         <wf lemma="a" pos="X">a</wf>
         <wf lemma="la" pos="X">la</wf>
         <wf lemma="televisió" pos="X">televisió</wf>
         <wf lemma="." pos="X">.</wf>
      </sentence>
      <sentence id="d000.s655" source="wordnet-catalan">
         <wf lemma="un" pos="X">un</wf>
         <wf lemma="got" pos="X">got</wf>
         <instance id="d000.s655.t000" lemma="buit" pos="ADJ">buit</instance>
         <wf lemma="." pos="X">.</wf>
      </sentence>
      <sentence id="d000.s656" source="wordnet-catalan">
         <wf lemma="El" pos="X">El</wf>
         <wf lemma="Ministeri" pos="X">Ministeri</wf>
         <wf lemma="ha" pos="X">ha</wf>
         <wf lemma="emès" pos="X">emès</wf>
         <wf lemma="un" pos="X">un</wf>
         <wf lemma="certificat" pos="X">certificat</wf>
         <instance id="d000.s656.t000" lemma="oficial" pos="ADJ">oficial</instance>
         <wf lemma="." pos="X">.</wf>
      </sentence>
      <sentence id="d000.s657" source="wordnet-catalan">
         <wf lemma="Atès" pos="X">Atès</wf>
         <wf lemma="que" pos="X">que</wf>
         <wf lemma="les" pos="X">les</wf>
         <wf lemma="armes" pos="X">armes</wf>
         <wf lemma="nuclears" pos="X">nuclears</wf>
         <wf lemma="proliferen" pos="X">proliferen</wf>
         <wf lemma="," pos="X">,</wf>
         <wf lemma="prevenir" pos="X">prevenir</wf>
         <wf lemma="la" pos="X">la</wf>
         <wf lemma="guerra" pos="X">guerra</wf>
         <wf lemma="es" pos="X">es</wf>
         <wf lemma="converteix" pos="X">converteix</wf>
         <wf lemma="en" pos="X">en</wf>
         <instance id="d000.s657.t000" lemma="imperatiu" pos="ADJ">imperatiu</instance>
         <wf lemma="." pos="X">.</wf>
      </sentence>
      <sentence id="d000.s658" source="wordnet-catalan">
         <wf lemma="Es" pos="X">Es</wf>
         <wf lemma="va" pos="X">va</wf>
         <wf lemma="casar" pos="X">casar</wf>
         <wf lemma="per" pos="X">per</wf>
         <wf lemma="sobre" pos="X">sobre</wf>
         <wf lemma="la" pos="X">la</wf>
         <wf lemma="seva" pos="X">seva</wf>
         <instance id="d000.s658.t000" lemma="condició" pos="NOUN">condició</instance>
         <wf lemma="." pos="X">.</wf>
      </sentence>
      <sentence id="d000.s659" source="wordnet-catalan">
         <wf lemma="Sabia" pos="X">Sabia</wf>
         <wf lemma="que" pos="X">que</wf>
         <wf lemma="era" pos="X">era</wf>
         <wf lemma="una" pos="X">una</wf>
         <instance id="d000.s659.t000" lemma="especulació" pos="NOUN">especulació</instance>
         <wf lemma="quan" pos="X">quan</wf>
         <wf lemma="va" pos="X">va</wf>
         <wf lemma="comprar" pos="X">comprar</wf>
         <wf lemma="les" pos="X">les</wf>
         <wf lemma="accions" pos="X">accions</wf>
         <wf lemma="." pos="X">.</wf>
      </sentence>
      <sentence id="d000.s660" source="wordnet-catalan">
         <wf lemma="Una" pos="X">Una</wf>
         <wf lemma="manera" pos="X">manera</wf>
         <instance id="d000.s660.t000" lemma="peremptori" pos="ADJ">peremptòria</instance>
         <wf lemma="." pos="X">.</wf>
      </sentence>
      <sentence id="d000.s661" source="wordnet-catalan">
         <wf lemma="hi" pos="X">hi</wf>
         <wf lemma="havien" pos="X">havien</wf>
         <wf lemma="com" pos="X">com</wf>
         <wf lemma="a" pos="X">a</wf>
         <wf lemma="mínim" pos="X">mínim</wf>
         <wf lemma="200" pos="X">200</wf>
         <instance id="d000.s661.t000" lemma="persona" pos="NOUN">persones</instance>
         <wf lemma="de" pos="X">de</wf>
         <wf lemma="públic" pos="X">públic</wf>
         <wf lemma="." pos="X">.</wf>
      </sentence>
      <sentence id="d000.s662" source="wordnet-catalan">
         <wf lemma="la" pos="X">la</wf>
         <instance id="d000.s662.t000" lemma="configuració" pos="NOUN">configuració</instance>
         <wf lemma="del" pos="X">del</wf>
         <wf lemma="terreny" pos="X">terreny</wf>
         <wf lemma="." pos="X">.</wf>
      </sentence>
      <sentence id="d000.s663" source="wordnet-catalan">
         <wf lemma="Els" pos="X">Els</wf>
         <wf lemma="drets" pos="X">drets</wf>
         <instance id="d000.s663.t000" lemma="territorial" pos="ADJ">territorials</instance>
         <wf lemma="." pos="X">.</wf>
      </sentence>
      <sentence id="d000.s664" source="wordnet-catalan">
         <wf lemma="La" pos="X">La</wf>
         <wf lemma="política" pos="X">política</wf>
         <instance id="d000.s664.t000" lemma="institucional" pos="ADJ">institucional</instance>
         <wf lemma="." pos="X">.</wf>
      </sentence>
      <sentence id="d000.s665" source="wordnet-catalan">
         <wf lemma="un" pos="X">un</wf>
         <wf lemma="riure" pos="X">riure</wf>
         <instance id="d000.s665.t000" lemma="clar" pos="ADJ">clar</instance>
         <wf lemma="como" pos="X">como</wf>
         <wf lemma="una" pos="X">una</wf>
         <wf lemma="cascada" pos="X">cascada</wf>
         <wf lemma="." pos="X">.</wf>
      </sentence>
      <sentence id="d000.s666" source="wordnet-catalan">
         <wf lemma="on" pos="X">on</wf>
         <wf lemma="hi" pos="X">hi</wf>
         <wf lemma="ha" pos="X">ha</wf>
         <wf lemma="una" pos="X">una</wf>
         <instance id="d000.s666.t000" lemma="voluntat" pos="NOUN">voluntat</instance>
         <wf lemma="hi" pos="X">hi</wf>
         <wf lemma="ha" pos="X">ha</wf>
         <wf lemma="un" pos="X">un</wf>
         <wf lemma="camí" pos="X">camí</wf>
         <wf lemma="." pos="X">.</wf>
      </sentence>
      <sentence id="d000.s667" source="wordnet-catalan">
         <wf lemma="una" pos="X">una</wf>
         <instance id="d000.s667.t000" lemma="tropa" pos="NOUN">tropa</instance>
         <wf lemma="de" pos="X">de</wf>
         <wf lemma="nens" pos="X">nens</wf>
         <wf lemma="." pos="X">.</wf>
      </sentence>
      <sentence id="d000.s668" source="wordnet-catalan">
         <wf lemma="Un" pos="X">Un</wf>
         <wf lemma="moviment" pos="X">moviment</wf>
         <wf lemma="d'" pos="X">d'</wf>
         <wf lemma="escacs" pos="X">escacs</wf>
         <instance id="d000.s668.t000" lemma="estratègic" pos="ADJ">estratègic</instance>
         <wf lemma="." pos="X">.</wf>
      </sentence>
      <sentence id="d000.s669" source="wordnet-catalan">
         <wf lemma="és" pos="X">és</wf>
         <wf lemma="un" pos="X">un</wf>
         <instance id="d000.s669.t000" lemma="exemple" pos="NOUN">exemple</instance>
         <wf lemma="de" pos="X">de</wf>
         <wf lemma="judici" pos="X">judici</wf>
         <wf lemma="erroni" pos="X">erroni</wf>
         <wf lemma="." pos="X">.</wf>
      </sentence>
      <sentence id="d000.s670" source="wordnet-catalan">
         <wf lemma="Aquest" pos="X">Aquest</wf>
         <wf lemma="client" pos="X">client</wf>
         <wf lemma="està" pos="X">està</wf>
         <wf lemma="ajornant" pos="X">ajornant</wf>
         <wf lemma="el" pos="X">el</wf>
         <wf lemma="pagament" pos="X">pagament</wf>
         <wf lemma="a" pos="X">a</wf>
         <wf lemma="través" pos="X">través</wf>
         <wf lemma="d'" pos="X">d'</wf>
         <wf lemma="un" pos="X">un</wf>
         <instance id="d000.s670.t000" lemma="pagaré" pos="NOUN">pagaré</instance>
         <wf lemma="." pos="X">.</wf>
      </sentence>
      <sentence id="d000.s671" source="wordnet-catalan">
         <wf lemma="saps" pos="X">saps</wf>
         <wf lemma="quina" pos="X">quina</wf>
         <instance id="d000.s671.t000" lemma="hora" pos="NOUN">hora</instance>
         <wf lemma="és" pos="X">és</wf>
         <wf lemma="?" pos="X">?</wf>
      </sentence>
      <sentence id="d000.s672" source="wordnet-catalan">
         <wf lemma="La" pos="X">La</wf>
         <instance id="d000.s672.t000" lemma="xaria" pos="NOUN">xaria</instance>
         <wf lemma="s'" pos="X">s'</wf>
         <wf lemma="aplica" pos="X">aplica</wf>
         <wf lemma="a" pos="X">a</wf>
         <wf lemma="la" pos="X">la</wf>
         <wf lemma="majoria" pos="X">majoria</wf>
         <wf lemma="de" pos="X">de</wf>
         <wf lemma="països" pos="X">països</wf>
         <wf lemma="musulmans" pos="X">musulmans</wf>
         <wf lemma="." pos="X">.</wf>
      </sentence>
      <sentence id="d000.s673" source="wordnet-catalan">
         <wf lemma="rosa" pos="X">rosa</wf>
         <instance id="d000.s673.t000" lemma="pastel" pos="ADJ">pastel</instance>
         <wf lemma="." pos="X">.</wf>
      </sentence>
      <sentence id="d000.s674" source="wordnet-catalan">
         <wf lemma="És" pos="X">És</wf>
         <wf lemma="un" pos="X">un</wf>
         <instance id="d000.s674.t000" lemma="adult" pos="NOUN">adult</instance>
         <wf lemma="amb" pos="X">amb</wf>
         <wf lemma="molta" pos="X">molta</wf>
         <wf lemma="experiència" pos="X">experiència</wf>
         <wf lemma="." pos="X">.</wf>
      </sentence>
      <sentence id="d000.s675" source="wordnet-catalan">
         <wf lemma="La" pos="X">La</wf>
         <wf lemma="declaració" pos="X">declaració</wf>
         <wf lemma="del" pos="X">del</wf>
         <instance id="d000.s675.t000" lemma="diplomàtic" pos="NOUN">diplomàtic</instance>
         <wf lemma="va" pos="X">va</wf>
         <wf lemma="ser" pos="X">ser</wf>
         <wf lemma="decisiva" pos="X">decisiva</wf>
         <wf lemma="." pos="X">.</wf>
      </sentence>
      <sentence id="d000.s676" source="wordnet-catalan">
         <wf lemma="en" pos="X">en</wf>
         <instance id="d000.s676.t000" lemma="benefici" pos="NOUN">benefici</instance>
         <wf lemma="de" pos="X">de</wf>
         <wf lemma="tots" pos="X">tots</wf>
         <wf lemma="." pos="X">.</wf>
      </sentence>
      <sentence id="d000.s677" source="wordnet-catalan">
         <wf lemma="era" pos="X">era</wf>
         <wf lemma="molt" pos="X">molt</wf>
         <instance id="d000.s677.t000" lemma="afectuós" pos="ADJ">afectuosa</instance>
         <wf lemma="amb" pos="X">amb</wf>
         <wf lemma="el" pos="X">el</wf>
         <wf lemma="seu" pos="X">seu</wf>
         <wf lemma="pare" pos="X">pare</wf>
         <wf lemma="." pos="X">.</wf>
      </sentence>
      <sentence id="d000.s678" source="wordnet-catalan">
         <instance id="d000.s678.t000" lemma="turisme" pos="NOUN">turisme</instance>
         <wf lemma="rural" pos="X">rural</wf>
         <wf lemma="." pos="X">.</wf>
      </sentence>
      <sentence id="d000.s679" source="wordnet-catalan">
         <wf lemma="van" pos="X">van</wf>
         <wf lemma="jugar" pos="X">jugar</wf>
         <wf lemma="mentre" pos="X">mentre</wf>
         <wf lemma="la" pos="X">la</wf>
         <instance id="d000.s679.t000" lemma="llum" pos="NOUN">llum</instance>
         <wf lemma="era" pos="X">era</wf>
         <wf lemma="bona" pos="X">bona</wf>
         <wf lemma="." pos="X">.</wf>
      </sentence>
      <sentence id="d000.s680" source="wordnet-catalan">
         <wf lemma="no" pos="X">no</wf>
         <wf lemma="tenia" pos="X">tenia</wf>
         <instance id="d000.s680.t000" lemma="consciència" pos="NOUN">consciència</instance>
         <wf lemma="dels" pos="X">dels</wf>
         <wf lemma="seus" pos="X">seus</wf>
         <wf lemma="errors" pos="X">errors</wf>
         <wf lemma="." pos="X">.</wf>
      </sentence>
      <sentence id="d000.s681" source="wordnet-catalan">
         <wf lemma="la" pos="X">la</wf>
         <instance id="d000.s681.t000" lemma="mesura" pos="NOUN">mesura</instance>
         <wf lemma="de" pos="X">de</wf>
         <wf lemma="les" pos="X">les</wf>
         <wf lemma="columnes" pos="X">columnes</wf>
         <wf lemma="era" pos="X">era</wf>
         <wf lemma="exagerada" pos="X">exagerada</wf>
         <wf lemma="." pos="X">.</wf>
      </sentence>
      <sentence id="d000.s682" source="wordnet-catalan">
         <wf lemma="puc" pos="X">puc</wf>
         <wf lemma="dir-te" pos="X">dir-te</wf>
         <wf lemma="que" pos="X">que</wf>
         <wf lemma="el" pos="X">el</wf>
         <wf lemma="seu" pos="X">seu</wf>
         <instance id="d000.s682.t000" lemma="desig" pos="NOUN">desig</instance>
         <wf lemma="era" pos="X">era</wf>
         <wf lemma="que" pos="X">que</wf>
         <wf lemma="tots" pos="X">tots</wf>
         <wf lemma="els" pos="X">els</wf>
         <wf lemma="convidats" pos="X">convidats</wf>
         <wf lemma="marxéssim" pos="X">marxéssim</wf>
         <wf lemma="." pos="X">.</wf>
      </sentence>
      <sentence id="d000.s683" source="wordnet-catalan">
         <wf lemma="Va" pos="X">Va</wf>
         <wf lemma="fer" pos="X">fer</wf>
         <wf lemma="un" pos="X">un</wf>
         <instance id="d000.s683.t000" lemma="munt" pos="NOUN">munt</instance>
         <wf lemma="d'" pos="X">d'</wf>
         <wf lemma="amics" pos="X">amics</wf>
         <wf lemma="." pos="X">.</wf>
      </sentence>
      <sentence id="d000.s684" source="wordnet-catalan">
         <wf lemma="la" pos="X">la</wf>
         <wf lemma="potència" pos="X">potència</wf>
         <wf lemma="d'" pos="X">d'</wf>
         <wf lemma="aquest" pos="X">aquest</wf>
         <wf lemma="motor" pos="X">motor</wf>
         <wf lemma="en" pos="X">en</wf>
         <wf lemma="determina" pos="X">determina</wf>
         <wf lemma="el" pos="X">el</wf>
         <instance id="d000.s684.t000" lemma="funcionament" pos="NOUN">funcionament</instance>
         <wf lemma="." pos="X">.</wf>
      </sentence>
      <sentence id="d000.s685" source="wordnet-catalan">
         <wf lemma="els" pos="X">els</wf>
         <wf lemma="nous" pos="X">nous</wf>
         <wf lemma="cotxes" pos="X">cotxes</wf>
         <wf lemma="tenen" pos="X">tenen</wf>
         <wf lemma="en" pos="X">en</wf>
         <wf lemma="compte" pos="X">compte</wf>
         <wf lemma="el" pos="X">el</wf>
         <instance id="d000.s685.t000" lemma="respecte" pos="NOUN">respecte</instance>
         <wf lemma="del" pos="X">del</wf>
         <wf lemma="medi" pos="X">medi</wf>
         <wf lemma="ambient" pos="X">ambient</wf>
         <wf lemma="." pos="X">.</wf>
      </sentence>
      <sentence id="d000.s686" source="wordnet-catalan">
         <wf lemma="Són" pos="X">Són</wf>
         <wf lemma="amics" pos="X">amics</wf>
         <instance id="d000.s686.t000" lemma="íntim" pos="ADJ">íntims</instance>
         <wf lemma="." pos="X">.</wf>
      </sentence>
      <sentence id="d000.s687" source="wordnet-catalan">
         <wf lemma="la" pos="X">la</wf>
         <wf lemma="viga" pos="X">viga</wf>
         <instance id="d000.s687.t000" lemma="sostenir" pos="VERB">sosté</instance>
         <wf lemma="el" pos="X">el</wf>
         <wf lemma="sostre" pos="X">sostre</wf>
         <wf lemma="." pos="X">.</wf>
      </sentence>
      <sentence id="d000.s688" source="wordnet-catalan">
         <instance id="d000.s688.t000" lemma="unitat" pos="NOUN">unitats</instance>
         <wf lemma="dels" pos="X">dels</wf>
         <wf lemma="àcids" pos="X">àcids</wf>
         <wf lemma="nucleics" pos="X">nucleics</wf>
         <wf lemma="." pos="X">.</wf>
      </sentence>
      <sentence id="d000.s689" source="wordnet-catalan">
         <wf lemma="Nombrosos" pos="X">Nombrosos</wf>
         <wf lemma="són" pos="X">són</wf>
         <wf lemma="els" pos="X">els</wf>
         <wf lemma="factors" pos="X">factors</wf>
         <wf lemma="que" pos="X">que</wf>
         <wf lemma="estan" pos="X">estan</wf>
         <wf lemma="involucrats" pos="X">involucrats</wf>
         <wf lemma="en" pos="X">en</wf>
         <wf lemma="qualsevol" pos="X">qualsevol</wf>
         <instance id="d000.s689.t000" lemma="estimació" pos="NOUN">estimació</instance>
         <wf lemma="de" pos="X">de</wf>
         <wf lemma="la" pos="X">la</wf>
         <wf lemma="vida" pos="X">vida</wf>
         <wf lemma="humana" pos="X">humana</wf>
         <wf lemma="." pos="X">.</wf>
      </sentence>
      <sentence id="d000.s690" source="wordnet-catalan">
         <wf lemma="van" pos="X">van</wf>
         <wf lemma="organitzar" pos="X">organitzar</wf>
         <wf lemma="una" pos="X">una</wf>
         <instance id="d000.s690.t000" lemma="festa" pos="NOUN">festa</instance>
         <wf lemma="per" pos="X">per</wf>
         <wf lemma="a" pos="X">a</wf>
         <wf lemma="vint" pos="X">vint</wf>
         <wf lemma="persones" pos="X">persones</wf>
         <wf lemma="." pos="X">.</wf>
      </sentence>
      <sentence id="d000.s691" source="wordnet-catalan">
         <wf lemma="L'" pos="X">L'</wf>
         <wf lemma="ètica" pos="X">ètica</wf>
         <instance id="d000.s691.t000" lemma="professional" pos="ADJ">professional</instance>
         <wf lemma="." pos="X">.</wf>
      </sentence>
      <sentence id="d000.s692" source="wordnet-catalan">
         <wf lemma="un" pos="X">un</wf>
         <instance id="d000.s692.t000" lemma="quadre" pos="NOUN">quadre</instance>
         <wf lemma="petit" pos="X">petit</wf>
         <wf lemma="de" pos="X">de</wf>
         <wf lemma="Picasso" pos="X">Picasso</wf>
         <wf lemma="." pos="X">.</wf>
      </sentence>
      <sentence id="d000.s693" source="wordnet-catalan">
         <wf lemma="El" pos="X">El</wf>
         <wf lemma="jutge" pos="X">jutge</wf>
         <wf lemma="ha" pos="X">ha</wf>
         <wf lemma="declarat" pos="X">declarat</wf>
         <wf lemma="que" pos="X">que</wf>
         <wf lemma="els" pos="X">els</wf>
         <wf lemma="cònjuges" pos="X">cònjuges</wf>
         <wf lemma="no" pos="X">no</wf>
         <wf lemma="han" pos="X">han</wf>
         <wf lemma="de" pos="X">de</wf>
         <wf lemma="pagar-se" pos="X">pagar-se</wf>
         <wf lemma="els" pos="X">els</wf>
         <instance id="d000.s693.t000" lemma="aliment" pos="NOUN">aliments</instance>
         <wf lemma="." pos="X">.</wf>
      </sentence>
      <sentence id="d000.s694" source="wordnet-catalan">
         <wf lemma="un" pos="X">un</wf>
         <wf lemma="viatge" pos="X">viatge</wf>
         <instance id="d000.s694.t000" lemma="nocturn" pos="ADJ">nocturn</instance>
         <wf lemma="." pos="X">.</wf>
      </sentence>
      <sentence id="d000.s695" source="wordnet-catalan">
         <wf lemma="l'" pos="X">l'</wf>
         <instance id="d000.s695.t000" lemma="essència" pos="NOUN">essència</instance>
         <wf lemma="de" pos="X">de</wf>
         <wf lemma="l'" pos="X">l'</wf>
         <wf lemma="argumentació" pos="X">argumentació</wf>
         <wf lemma="del" pos="X">del</wf>
         <wf lemma="fiscal" pos="X">fiscal</wf>
         <wf lemma="." pos="X">.</wf>
      </sentence>
      <sentence id="d000.s696" source="wordnet-catalan">
         <wf lemma="Un" pos="X">Un</wf>
         <wf lemma="acte" pos="X">acte</wf>
         <instance id="d000.s696.t000" lemma="sancionat" pos="ADJ">sancionat</instance>
         <wf lemma="pel" pos="X">pel</wf>
         <wf lemma="Parlament" pos="X">Parlament</wf>
         <wf lemma="." pos="X">.</wf>
      </sentence>
      <sentence id="d000.s697" source="wordnet-catalan">
         <wf lemma="en" pos="X">en</wf>
         <wf lemma="la" pos="X">la</wf>
         <wf lemma="història" pos="X">història</wf>
         <wf lemma="americana" pos="X">americana</wf>
         <wf lemma="s'" pos="X">s'</wf>
         <wf lemma="observen" pos="X">observen</wf>
         <wf lemma="dues" pos="X">dues</wf>
         <instance id="d000.s697.t000" lemma="corrent" pos="NOUN">corrents</instance>
         <wf lemma="de" pos="X">de</wf>
         <wf lemma="desenvolupament" pos="X">desenvolupament</wf>
         <wf lemma="." pos="X">.</wf>
      </sentence>
      <sentence id="d000.s698" source="wordnet-catalan">
         <wf lemma="el" pos="X">el</wf>
         <wf lemma="futur" pos="X">futur</wf>
         <instance id="d000.s698.t000" lemma="remot" pos="ADJ">remot</instance>
         <wf lemma="." pos="X">.</wf>
      </sentence>
      <sentence id="d000.s699" source="wordnet-catalan">
         <wf lemma="L'" pos="X">L'</wf>
         <instance id="d000.s699.t000" lemma="empresonament" pos="NOUN">empresonament</instance>
         <wf lemma="dels" pos="X">dels</wf>
         <wf lemma="directors" pos="X">directors</wf>
         <wf lemma="dels" pos="X">dels</wf>
         <wf lemma="bancs" pos="X">bancs</wf>
         <wf lemma="va" pos="X">va</wf>
         <wf lemma="ser" pos="X">ser</wf>
         <wf lemma="la" pos="X">la</wf>
         <wf lemma="conclusió" pos="X">conclusió</wf>
         <wf lemma="de" pos="X">de</wf>
         <wf lemma="l'" pos="X">l'</wf>
         <wf lemma="escàndol" pos="X">escàndol</wf>
         <wf lemma="financer" pos="X">financer</wf>
         <wf lemma="." pos="X">.</wf>
      </sentence>
      <sentence id="d000.s700" source="wordnet-catalan">
         <wf lemma="Amb" pos="X">Amb</wf>
         <wf lemma="aquest" pos="X">aquest</wf>
         <wf lemma="client" pos="X">client</wf>
         <wf lemma="," pos="X">,</wf>
         <wf lemma="el" pos="X">el</wf>
         <instance id="d000.s700.t000" lemma="tracte" pos="NOUN">tracte</instance>
         <wf lemma="és" pos="X">és</wf>
         <wf lemma="particularment" pos="X">particularment</wf>
         <wf lemma="bo." pos="X">bo.</wf>
      </sentence>
      <sentence id="d000.s701" source="wordnet-catalan">
         <wf lemma="tots" pos="X">tots</wf>
         <wf lemma="els" pos="X">els</wf>
         <instance id="d000.s701.t000" lemma="seguidor" pos="NOUN">seguidors</instance>
         <wf lemma="van" pos="X">van</wf>
         <wf lemma="sortir" pos="X">sortir</wf>
         <wf lemma="per" pos="X">per</wf>
         <wf lemma="al" pos="X">al</wf>
         <wf lemma="partit" pos="X">partit</wf>
         <wf lemma="." pos="X">.</wf>
      </sentence>
      <sentence id="d000.s702" source="wordnet-catalan">
         <wf lemma="Ell" pos="X">Ell</wf>
         <wf lemma="va" pos="X">va</wf>
         <instance id="d000.s702.t000" lemma="guanyar" pos="VERB">guanyar</instance>
         <wf lemma="la" pos="X">la</wf>
         <wf lemma="medalla" pos="X">medalla</wf>
         <wf lemma="d'" pos="X">d'</wf>
         <wf lemma="or" pos="X">or</wf>
         <wf lemma="de" pos="X">de</wf>
         <wf lemma="patinatge" pos="X">patinatge</wf>
         <wf lemma="." pos="X">.</wf>
      </sentence>
      <sentence id="d000.s703" source="wordnet-catalan">
         <wf lemma="una" pos="X">una</wf>
         <instance id="d000.s703.t000" lemma="pujada" pos="NOUN">pujada</instance>
         <wf lemma="en" pos="X">en</wf>
         <wf lemma="l'" pos="X">l'</wf>
         <wf lemma="assistència" pos="X">assistència</wf>
         <wf lemma="." pos="X">.</wf>
      </sentence>
      <sentence id="d000.s704" source="wordnet-catalan">
         <wf lemma="Una" pos="X">Una</wf>
         <wf lemma="sentència" pos="X">sentència</wf>
         <instance id="d000.s704.t000" lemma="impugnable" pos="ADJ">impugnable</instance>
         <wf lemma="." pos="X">.</wf>
      </sentence>
      <sentence id="d000.s705" source="wordnet-catalan">
         <wf lemma="L'" pos="X">L'</wf>
         <wf lemma="harmonia" pos="X">harmonia</wf>
         <instance id="d000.s705.t000" lemma="col·legial" pos="ADJ">col·legial</instance>
         <wf lemma="." pos="X">.</wf>
      </sentence>
      <sentence id="d000.s706" source="wordnet-catalan">
         <wf lemma="El" pos="X">El</wf>
         <wf lemma="president" pos="X">president</wf>
         <wf lemma="titlla" pos="X">titlla</wf>
         <wf lemma="de" pos="X">de</wf>
         <instance id="d000.s706.t000" lemma="calumniós" pos="ADJ">calumniós</instance>
         <wf lemma="l'" pos="X">l'</wf>
         <wf lemma="article" pos="X">article</wf>
         <wf lemma="del" pos="X">del</wf>
         <wf lemma="diari" pos="X">diari</wf>
         <wf lemma="." pos="X">.</wf>
      </sentence>
      <sentence id="d000.s707" source="wordnet-catalan">
         <wf lemma="El" pos="X">El</wf>
         <wf lemma="marit" pos="X">marit</wf>
         <wf lemma="ha" pos="X">ha</wf>
         <wf lemma="fet" pos="X">fet</wf>
         <wf lemma="una" pos="X">una</wf>
         <instance id="d000.s707.t000" lemma="contrademanda" pos="NOUN">contrademanda</instance>
         <wf lemma="a" pos="X">a</wf>
         <wf lemma="la" pos="X">la</wf>
         <wf lemma="seva" pos="X">seva</wf>
         <wf lemma="esposa" pos="X">esposa</wf>
         <wf lemma="." pos="X">.</wf>
      </sentence>
      <sentence id="d000.s708" source="wordnet-catalan">
         <wf lemma="El" pos="X">El</wf>
         <wf lemma="president" pos="X">president</wf>
         <wf lemma="arrenca" pos="X">arrenca</wf>
         <wf lemma="el" pos="X">el</wf>
         <wf lemma="seu" pos="X">seu</wf>
         <instance id="d000.s708.t000" lemma="mandat" pos="NOUN">mandat</instance>
         <wf lemma="amb" pos="X">amb</wf>
         <wf lemma="un" pos="X">un</wf>
         <wf lemma="equip" pos="X">equip</wf>
         <wf lemma="econòmic" pos="X">econòmic</wf>
         <wf lemma="continuista" pos="X">continuista</wf>
         <wf lemma="." pos="X">.</wf>
      </sentence>
      <sentence id="d000.s709" source="wordnet-catalan">
         <wf lemma="va" pos="X">va</wf>
         <wf lemma="llegir" pos="X">llegir</wf>
         <wf lemma="el" pos="X">el</wf>
         <instance id="d000.s709.t000" lemma="text" pos="NOUN">text</instance>
         <wf lemma="en" pos="X">en</wf>
         <wf lemma="veu" pos="X">veu</wf>
         <wf lemma="alta" pos="X">alta</wf>
         <wf lemma="." pos="X">.</wf>
      </sentence>
      <sentence id="d000.s710" source="wordnet-catalan">
         <wf lemma="cuida" pos="X">cuida</wf>
         <wf lemma="molt" pos="X">molt</wf>
         <wf lemma="bé" pos="X">bé</wf>
         <wf lemma="al" pos="X">al</wf>
         <wf lemma="seu" pos="X">seu</wf>
         <instance id="d000.s710.t000" lemma="home" pos="NOUN">home</instance>
         <wf lemma="." pos="X">.</wf>
      </sentence>
      <sentence id="d000.s711" source="wordnet-catalan">
         <wf lemma="La" pos="X">La</wf>
         <wf lemma="carrera" pos="X">carrera</wf>
         <instance id="d000.s711.t000" lemma="polític" pos="ADJ">política</instance>
         <wf lemma="." pos="X">.</wf>
      </sentence>
      <sentence id="d000.s712" source="wordnet-catalan">
         <wf lemma="El" pos="X">El</wf>
         <instance id="d000.s712.t000" lemma="cònsol" pos="NOUN">cònsol</instance>
         <wf lemma="d'" pos="X">d'</wf>
         <wf lemma="Alemanya" pos="X">Alemanya</wf>
         <wf lemma="a" pos="X">a</wf>
         <wf lemma="Barcelona" pos="X">Barcelona</wf>
         <wf lemma="." pos="X">.</wf>
      </sentence>
      <sentence id="d000.s713" source="wordnet-catalan">
         <wf lemma="va" pos="X">va</wf>
         <wf lemma="perdre" pos="X">perdre</wf>
         <wf lemma="la" pos="X">la</wf>
         <instance id="d000.s713.t000" lemma="veu" pos="NOUN">veu</instance>
         <wf lemma="." pos="X">.</wf>
      </sentence>
      <sentence id="d000.s714" source="wordnet-catalan">
         <wf lemma="quedem" pos="X">quedem</wf>
         <wf lemma="davant" pos="X">davant</wf>
         <wf lemma="de" pos="X">de</wf>
         <wf lemma="l'" pos="X">l'</wf>
         <instance id="d000.s714.t000" lemma="ajuntament" pos="NOUN">ajuntament</instance>
         <wf lemma="?" pos="X">?</wf>
      </sentence>
      <sentence id="d000.s715" source="wordnet-catalan">
         <instance id="d000.s715.t000" lemma="vot" pos="NOUN">vot</instance>
         <wf lemma="secret" pos="X">secret</wf>
         <wf lemma="." pos="X">.</wf>
      </sentence>
      <sentence id="d000.s716" source="wordnet-catalan">
         <wf lemma="va" pos="X">va</wf>
         <wf lemma="suposar" pos="X">suposar</wf>
         <wf lemma="la" pos="X">la</wf>
         <instance id="d000.s716.t000" lemma="mort" pos="NOUN">mort</instance>
         <wf lemma="de" pos="X">de</wf>
         <wf lemma="totes" pos="X">totes</wf>
         <wf lemma="les" pos="X">les</wf>
         <wf lemma="seves" pos="X">seves</wf>
         <wf lemma="esperances" pos="X">esperances</wf>
         <wf lemma="." pos="X">.</wf>
      </sentence>
      <sentence id="d000.s717" source="wordnet-catalan">
         <wf lemma="va" pos="X">va</wf>
         <wf lemma="bloquejar" pos="X">bloquejar</wf>
         <wf lemma="la" pos="X">la</wf>
         <instance id="d000.s717.t000" lemma="sortida" pos="NOUN">sortida</instance>
         <wf lemma="." pos="X">.</wf>
      </sentence>
      <sentence id="d000.s718" source="wordnet-catalan">
         <wf lemma="era" pos="X">era</wf>
         <wf lemma="el" pos="X">el</wf>
         <instance id="d000.s718.t000" lemma="terror" pos="NOUN">terror</instance>
         <wf lemma="del" pos="X">del</wf>
         <wf lemma="veïnat" pos="X">veïnat</wf>
         <wf lemma="." pos="X">.</wf>
      </sentence>
      <sentence id="d000.s719" source="wordnet-catalan">
         <wf lemma="la" pos="X">la</wf>
         <wf lemma="catifa" pos="X">catifa</wf>
         <wf lemma="tenia" pos="X">tenia</wf>
         <wf lemma="una" pos="X">una</wf>
         <instance id="d000.s719.t000" lemma="vora" pos="NOUN">vora</instance>
         <wf lemma="ampla" pos="X">ampla</wf>
         <wf lemma="i" pos="X">i</wf>
         <wf lemma="blava" pos="X">blava</wf>
         <wf lemma="." pos="X">.</wf>
      </sentence>
      <sentence id="d000.s720" source="wordnet-catalan">
         <wf lemma="les" pos="X">les</wf>
         <instance id="d000.s720.t000" lemma="operació" pos="NOUN">operacions</instance>
         <wf lemma="per" pos="X">per</wf>
         <wf lemma="construir" pos="X">construir</wf>
         <wf lemma="una" pos="X">una</wf>
         <wf lemma="casa" pos="X">casa</wf>
         <wf lemma="." pos="X">.</wf>
      </sentence>
      <sentence id="d000.s721" source="wordnet-catalan">
         <wf lemma="la" pos="X">la</wf>
         <wf lemma="desincronitazació" pos="X">desincronitazació</wf>
         <wf lemma="del" pos="X">del</wf>
         <wf lemma="electroencefalograma" pos="X">electroencefalograma</wf>
         <wf lemma="era" pos="X">era</wf>
         <wf lemma="un" pos="X">un</wf>
         <wf lemma="signe" pos="X">signe</wf>
         <wf lemma="d'" pos="X">d'</wf>
         <instance id="d000.s721.t000" lemma="alerta" pos="NOUN">alerta</instance>
         <wf lemma="." pos="X">.</wf>
      </sentence>
      <sentence id="d000.s722" source="wordnet-catalan">
         <wf lemma="la" pos="X">la</wf>
         <instance id="d000.s722.t000" lemma="demarcació" pos="NOUN">demarcació</instance>
         <wf lemma="entre" pos="X">entre</wf>
         <wf lemma="els" pos="X">els</wf>
         <wf lemma="dos" pos="X">dos</wf>
         <wf lemma="pobles" pos="X">pobles</wf>
         <wf lemma="portava" pos="X">portava</wf>
         <wf lemma="problemes" pos="X">problemes</wf>
         <wf lemma="als" pos="X">als</wf>
         <wf lemma="ajuntaments" pos="X">ajuntaments</wf>
         <wf lemma="." pos="X">.</wf>
      </sentence>
      <sentence id="d000.s723" source="wordnet-catalan">
         <wf lemma="una" pos="X">una</wf>
         <wf lemma="notícia" pos="X">notícia</wf>
         <instance id="d000.s723.t000" lemma="solt" pos="ADJ">solta</instance>
         <wf lemma="." pos="X">.</wf>
      </sentence>
      <sentence id="d000.s724" source="wordnet-catalan">
         <wf lemma="el" pos="X">el</wf>
         <instance id="d000.s724.t000" lemma="petit" pos="NOUN">petit</instance>
         <wf lemma="del" pos="X">del</wf>
         <wf lemma="a" pos="X">a</wf>
         <wf lemma="família" pos="X">família</wf>
         <wf lemma="." pos="X">.</wf>
      </sentence>
      <sentence id="d000.s725" source="wordnet-catalan">
         <wf lemma="Vem" pos="X">Vem</wf>
         <wf lemma="estar" pos="X">estar</wf>
         <instance id="d000.s725.t000" lemma="beure" pos="VERB">bevent</instance>
         <wf lemma="tota" pos="X">tota</wf>
         <wf lemma="la" pos="X">la</wf>
         <wf lemma="nit" pos="X">nit</wf>
         <wf lemma="." pos="X">.</wf>
      </sentence>
      <sentence id="d000.s726" source="wordnet-catalan">
         <wf lemma="la" pos="X">la</wf>
         <wf lemma="policia" pos="X">policia</wf>
         <wf lemma="va" pos="X">va</wf>
         <wf lemma="fer" pos="X">fer</wf>
         <wf lemma="el" pos="X">el</wf>
         <instance id="d000.s726.t000" lemma="comunicat" pos="NOUN">comunicat</instance>
         <wf lemma="de" pos="X">de</wf>
         <wf lemma="l'" pos="X">l'</wf>
         <wf lemma="accident" pos="X">accident</wf>
         <wf lemma="." pos="X">.</wf>
      </sentence>
      <sentence id="d000.s727" source="wordnet-catalan">
         <instance id="d000.s727.t000" lemma="punt" pos="NOUN">punt</instance>
         <wf lemma="tipogràfic" pos="X">tipogràfic</wf>
         <wf lemma="." pos="X">.</wf>
      </sentence>
      <sentence id="d000.s728" source="wordnet-catalan">
         <wf lemma="la" pos="X">la</wf>
         <instance id="d000.s728.t000" lemma="facció" pos="NOUN">facció</instance>
         <wf lemma="més" pos="X">més</wf>
         <wf lemma="moderada" pos="X">moderada</wf>
         <wf lemma="del" pos="X">del</wf>
         <wf lemma="Partit" pos="X">Partit</wf>
         <wf lemma="Jacobí" pos="X">Jacobí</wf>
         <wf lemma="." pos="X">.</wf>
      </sentence>
      <sentence id="d000.s729" source="wordnet-catalan">
         <wf lemma="després" pos="X">després</wf>
         <wf lemma="de" pos="X">de</wf>
         <wf lemma="fer" pos="X">fer</wf>
         <wf lemma="les" pos="X">les</wf>
         <wf lemma="multiplicaciones" pos="X">multiplicaciones</wf>
         <wf lemma="s'" pos="X">s'</wf>
         <wf lemma="havien" pos="X">havien</wf>
         <wf lemma="de" pos="X">de</wf>
         <wf lemma="sumar" pos="X">sumar</wf>
         <wf lemma="els" pos="X">els</wf>
         <instance id="d000.s729.t000" lemma="producte" pos="NOUN">productes</instance>
         <wf lemma="." pos="X">.</wf>
      </sentence>
      <sentence id="d000.s730" source="wordnet-catalan">
         <wf lemma="va" pos="X">va</wf>
         <wf lemma="deixar" pos="X">deixar</wf>
         <wf lemma="un" pos="X">un</wf>
         <instance id="d000.s730.t000" lemma="espai" pos="NOUN">espai</instance>
         <wf lemma="entre" pos="X">entre</wf>
         <wf lemma="la" pos="X">la</wf>
         <wf lemma="taula" pos="X">taula</wf>
         <wf lemma="i" pos="X">i</wf>
         <wf lemma="el" pos="X">el</wf>
         <wf lemma="llit" pos="X">llit</wf>
         <wf lemma="." pos="X">.</wf>
      </sentence>
      <sentence id="d000.s731" source="wordnet-catalan">
         <wf lemma="el" pos="X">el</wf>
         <wf lemma="barber" pos="X">barber</wf>
         <wf lemma="li" pos="X">li</wf>
         <wf lemma="va" pos="X">va</wf>
         <wf lemma="fer" pos="X">fer</wf>
         <wf lemma="una" pos="X">una</wf>
         <wf lemma="bona" pos="X">bona</wf>
         <instance id="d000.s731.t000" lemma="tallada" pos="NOUN">tallada</instance>
         <wf lemma="." pos="X">.</wf>
      </sentence>
      <sentence id="d000.s732" source="wordnet-catalan">
         <wf lemma="Després" pos="X">Després</wf>
         <wf lemma="de" pos="X">de</wf>
         <wf lemma="la" pos="X">la</wf>
         <wf lemma="seva" pos="X">seva</wf>
         <instance id="d000.s732.t000" lemma="separació" pos="NOUN">separació</instance>
         <wf lemma="," pos="X">,</wf>
         <wf lemma="la" pos="X">la</wf>
         <wf lemma="seva" pos="X">seva</wf>
         <wf lemma="relació" pos="X">relació</wf>
         <wf lemma="va" pos="X">va</wf>
         <wf lemma="anar" pos="X">anar</wf>
         <wf lemma="molt" pos="X">molt</wf>
         <wf lemma="millor" pos="X">millor</wf>
         <wf lemma="." pos="X">.</wf>
      </sentence>
      <sentence id="d000.s733" source="wordnet-catalan">
         <wf lemma="golpeja" pos="X">golpeja</wf>
         <wf lemma="amb" pos="X">amb</wf>
         <wf lemma="l'" pos="X">l'</wf>
         <instance id="d000.s733.t000" lemma="esquerra" pos="NOUN">esquerra</instance>
         <wf lemma="." pos="X">.</wf>
      </sentence>
      <sentence id="d000.s734" source="wordnet-catalan">
         <wf lemma="ningú" pos="X">ningú</wf>
         <wf lemma="no" pos="X">no</wf>
         <wf lemma="va" pos="X">va</wf>
         <wf lemma="fer" pos="X">fer</wf>
         <instance id="d000.s734.t000" lemma="esment" pos="NOUN">esment</instance>
         <wf lemma="d'" pos="X">d'</wf>
         <wf lemma="això" pos="X">això</wf>
         <wf lemma="." pos="X">.</wf>
      </sentence>
      <sentence id="d000.s735" source="wordnet-catalan">
         <wf lemma="L'" pos="X">L'</wf>
         <wf lemma="immigrant" pos="X">immigrant</wf>
         <wf lemma="era" pos="X">era</wf>
         <wf lemma="un" pos="X">un</wf>
         <instance id="d000.s735.t000" lemma="deportat" pos="NOUN">deportat</instance>
         <wf lemma="iranià" pos="X">iranià</wf>
         <wf lemma="." pos="X">.</wf>
      </sentence>
      <sentence id="d000.s736" source="wordnet-catalan">
         <wf lemma="el" pos="X">el</wf>
         <instance id="d000.s736.t000" lemma="disseny" pos="NOUN">disseny</instance>
         <wf lemma="d'" pos="X">d'</wf>
         <wf lemma="una" pos="X">una</wf>
         <wf lemma="faldilla" pos="X">faldilla</wf>
         <wf lemma="." pos="X">.</wf>
      </sentence>
      <sentence id="d000.s737" source="wordnet-catalan">
         <wf lemma="una" pos="X">una</wf>
         <instance id="d000.s737.t000" lemma="expressió" pos="NOUN">expressió</instance>
         <wf lemma="de" pos="X">de</wf>
         <wf lemma="triomf" pos="X">triomf</wf>
         <wf lemma="." pos="X">.</wf>
      </sentence>
      <sentence id="d000.s738" source="wordnet-catalan">
         <wf lemma="es" pos="X">es</wf>
         <wf lemma="va" pos="X">va</wf>
         <wf lemma="menjar" pos="X">menjar</wf>
         <wf lemma="una" pos="X">una</wf>
         <instance id="d000.s738.t000" lemma="bossa" pos="NOUN">bossa</instance>
         <wf lemma="grossa" pos="X">grossa</wf>
         <wf lemma="de" pos="X">de</wf>
         <wf lemma="crispetes" pos="X">crispetes</wf>
         <wf lemma="." pos="X">.</wf>
      </sentence>
      <sentence id="d000.s739" source="wordnet-catalan">
         <wf lemma="estava" pos="X">estava</wf>
         <wf lemma="indefens" pos="X">indefens</wf>
         <wf lemma="en" pos="X">en</wf>
         <wf lemma="un" pos="X">un</wf>
         <instance id="d000.s739.t000" lemma="àmbit" pos="NOUN">àmbit</instance>
         <wf lemma="de" pos="X">de</wf>
         <wf lemma="la" pos="X">la</wf>
         <wf lemma="seva" pos="X">seva</wf>
         <wf lemma="vida" pos="X">vida</wf>
         <wf lemma="." pos="X">.</wf>
      </sentence>
      <sentence id="d000.s740" source="wordnet-catalan">
         <wf lemma="El" pos="X">El</wf>
         <wf lemma="Consell" pos="X">Consell</wf>
         <wf lemma="Superior" pos="X">Superior</wf>
         <wf lemma="d'" pos="X">d'</wf>
         <wf lemma="Investigacions" pos="X">Investigacions</wf>
         <wf lemma="Científiques" pos="X">Científiques</wf>
         <wf lemma="és" pos="X">és</wf>
         <wf lemma="un" pos="X">un</wf>
         <instance id="d000.s740.t000" lemma="òrgan" pos="NOUN">òrgan</instance>
         <wf lemma="del" pos="X">del</wf>
         <wf lemma="govern" pos="X">govern</wf>
         <wf lemma="." pos="X">.</wf>
      </sentence>
      <sentence id="d000.s741" source="wordnet-catalan">
         <wf lemma="recursos" pos="X">recursos</wf>
         <instance id="d000.s741.t000" lemma="natural" pos="ADJ">naturals</instance>
         <wf lemma="." pos="X">.</wf>
      </sentence>
      <sentence id="d000.s742" source="wordnet-catalan">
         <wf lemma="La" pos="X">La</wf>
         <wf lemma="higiene" pos="X">higiene</wf>
         <instance id="d000.s742.t000" lemma="personal" pos="ADJ">personal</instance>
         <wf lemma="." pos="X">.</wf>
      </sentence>
      <sentence id="d000.s743" source="wordnet-catalan">
         <wf lemma="els" pos="X">els</wf>
         <wf lemma="esglaons" pos="X">esglaons</wf>
         <wf lemma="estaven" pos="X">estaven</wf>
         <wf lemma="gastats" pos="X">gastats</wf>
         <wf lemma="per" pos="X">per</wf>
         <wf lemma="l'" pos="X">l'</wf>
         <instance id="d000.s743.t000" lemma="ús" pos="NOUN">ús</instance>
         <wf lemma="." pos="X">.</wf>
      </sentence>
      <sentence id="d000.s744" source="wordnet-catalan">
         <wf lemma="la" pos="X">la</wf>
         <instance id="d000.s744.t000" lemma="pràctica" pos="NOUN">pràctica</instance>
         <wf lemma="del" pos="X">del</wf>
         <wf lemma="dret" pos="X">dret</wf>
         <wf lemma="." pos="X">.</wf>
      </sentence>
      <sentence id="d000.s745" source="wordnet-catalan">
         <wf lemma="La" pos="X">La</wf>
         <wf lemma="Declaració" pos="X">Declaració</wf>
         <wf lemma="Universal" pos="X">Universal</wf>
         <wf lemma="dels" pos="X">dels</wf>
         <wf lemma="Drets" pos="X">Drets</wf>
         <wf lemma="Humans" pos="X">Humans</wf>
         <wf lemma="és" pos="X">és</wf>
         <wf lemma="el" pos="X">el</wf>
         <wf lemma="document" pos="X">document</wf>
         <instance id="d000.s745.t000" lemma="declaratiu" pos="ADJ">declaratiu</instance>
         <wf lemma="de" pos="X">de</wf>
         <wf lemma="l'" pos="X">l'</wf>
         <wf lemma="ONU" pos="X">ONU</wf>
         <wf lemma="." pos="X">.</wf>
      </sentence>
      <sentence id="d000.s746" source="wordnet-catalan">
         <wf lemma="Va" pos="X">Va</wf>
         <wf lemma="tenir" pos="X">tenir</wf>
         <wf lemma="diversos" pos="X">diversos</wf>
         <instance id="d000.s746.t000" lemma="certificat" pos="NOUN">certificats</instance>
         <wf lemma="de" pos="X">de</wf>
         <wf lemma="valor" pos="X">valor</wf>
         <wf lemma="." pos="X">.</wf>
      </sentence>
      <sentence id="d000.s747" source="wordnet-catalan">
         <wf lemma="les" pos="X">les</wf>
         <wf lemma="teves" pos="X">teves</wf>
         <wf lemma="pors" pos="X">pors</wf>
         <wf lemma="no" pos="X">no</wf>
         <wf lemma="es" pos="X">es</wf>
         <wf lemma="basen" pos="X">basen</wf>
         <wf lemma="en" pos="X">en</wf>
         <wf lemma="la" pos="X">la</wf>
         <instance id="d000.s747.t000" lemma="realitat" pos="NOUN">realitat</instance>
         <wf lemma="." pos="X">.</wf>
      </sentence>
      <sentence id="d000.s748" source="wordnet-catalan">
         <wf lemma="L'" pos="X">L'</wf>
         <wf lemma="han" pos="X">han</wf>
         <wf lemma="emès" pos="X">emès</wf>
         <wf lemma="una" pos="X">una</wf>
         <instance id="d000.s748.t000" lemma="interdicció" pos="NOUN">interdicció</instance>
         <wf lemma="que" pos="X">que</wf>
         <wf lemma="li" pos="X">li</wf>
         <wf lemma="veta" pos="X">veta</wf>
         <wf lemma="l'" pos="X">l'</wf>
         <wf lemma="entrada" pos="X">entrada</wf>
         <wf lemma="al" pos="X">al</wf>
         <wf lemma="país" pos="X">país</wf>
         <wf lemma="." pos="X">.</wf>
      </sentence>
      <sentence id="d000.s749" source="wordnet-catalan">
         <wf lemma="el" pos="X">el</wf>
         <wf lemma="ministeri" pos="X">ministeri</wf>
         <wf lemma="d'" pos="X">d'</wf>
         <wf lemma="obres" pos="X">obres</wf>
         <wf lemma="públiques" pos="X">públiques</wf>
         <wf lemma="no" pos="X">no</wf>
         <wf lemma="era" pos="X">era</wf>
         <wf lemma="fidel" pos="X">fidel</wf>
         <wf lemma="al" pos="X">al</wf>
         <instance id="d000.s749.t000" lemma="programa" pos="NOUN">programa</instance>
         <wf lemma="." pos="X">.</wf>
      </sentence>
      <sentence id="d000.s750" source="wordnet-catalan">
         <wf lemma="Una" pos="X">Una</wf>
         <wf lemma="jugada" pos="X">jugada</wf>
         <instance id="d000.s750.t000" lemma="il·legal" pos="ADJ">il·legal</instance>
         <wf lemma="d'" pos="X">d'</wf>
         <wf lemma="escacs" pos="X">escacs</wf>
         <wf lemma="." pos="X">.</wf>
      </sentence>
      <sentence id="d000.s751" source="wordnet-catalan">
         <wf lemma="el" pos="X">el</wf>
         <wf lemma="treball" pos="X">treball</wf>
         <wf lemma="repetitiu" pos="X">repetitiu</wf>
         <wf lemma="i" pos="X">i</wf>
         <wf lemma="avorrit" pos="X">avorrit</wf>
         <wf lemma="no" pos="X">no</wf>
         <wf lemma="produeix" pos="X">produeix</wf>
         <wf lemma="cap" pos="X">cap</wf>
         <instance id="d000.s751.t000" lemma="gratificació" pos="NOUN">gratificació</instance>
         <wf lemma="." pos="X">.</wf>
      </sentence>
      <sentence id="d000.s752" source="wordnet-catalan">
         <wf lemma="una" pos="X">una</wf>
         <instance id="d000.s752.t000" lemma="massa" pos="NOUN">massa</instance>
         <wf lemma="d'" pos="X">d'</wf>
         <wf lemma="insectes" pos="X">insectes</wf>
         <wf lemma="es" pos="X">es</wf>
         <wf lemma="juntava" pos="X">juntava</wf>
         <wf lemma="al" pos="X">al</wf>
         <wf lemma="voltant" pos="X">voltant</wf>
         <wf lemma="de" pos="X">de</wf>
         <wf lemma="les" pos="X">les</wf>
         <wf lemma="flors" pos="X">flors</wf>
         <wf lemma="." pos="X">.</wf>
      </sentence>
      <sentence id="d000.s753" source="wordnet-catalan">
         <wf lemma="va" pos="X">va</wf>
         <wf lemma="córrer" pos="X">córrer</wf>
         <wf lemma="cap" pos="X">cap</wf>
         <wf lemma="al" pos="X">al</wf>
         <instance id="d000.s753.t000" lemma="refugi" pos="NOUN">refugi</instance>
         <wf lemma="." pos="X">.</wf>
      </sentence>
      <sentence id="d000.s754" source="wordnet-catalan">
         <wf lemma="els" pos="X">els</wf>
         <wf lemma="museus" pos="X">museus</wf>
         <wf lemma="estan" pos="X">estan</wf>
         <wf lemma="plens" pos="X">plens</wf>
         <wf lemma="de" pos="X">de</wf>
         <wf lemma="vestigis" pos="X">vestigis</wf>
         <wf lemma="del" pos="X">del</wf>
         <instance id="d000.s754.t000" lemma="passat" pos="NOUN">passat</instance>
         <wf lemma="." pos="X">.</wf>
      </sentence>
      <sentence id="d000.s755" source="wordnet-catalan">
         <wf lemma="el" pos="X">el</wf>
         <wf lemma="seu" pos="X">seu</wf>
         <wf lemma="primer" pos="X">primer</wf>
         <instance id="d000.s755.t000" lemma="impuls" pos="NOUN">impuls</instance>
         <wf lemma="va" pos="X">va</wf>
         <wf lemma="ser" pos="X">ser</wf>
         <wf lemma="denunciar-los" pos="X">denunciar-los</wf>
         <wf lemma="." pos="X">.</wf>
      </sentence>
      <sentence id="d000.s756" source="wordnet-catalan">
         <wf lemma="el" pos="X">el</wf>
         <wf lemma="govern" pos="X">govern</wf>
         <wf lemma="ha" pos="X">ha</wf>
         <wf lemma="optat" pos="X">optat</wf>
         <wf lemma="per" pos="X">per</wf>
         <wf lemma="aquesta" pos="X">aquesta</wf>
         <instance id="d000.s756.t000" lemma="línia" pos="NOUN">línia</instance>
         <wf lemma="d'" pos="X">d'</wf>
         <wf lemma="actuació" pos="X">actuació</wf>
         <wf lemma="." pos="X">.</wf>
      </sentence>
      <sentence id="d000.s757" source="wordnet-catalan">
         <wf lemma="la" pos="X">la</wf>
         <instance id="d000.s757.t000" lemma="insuficiència" pos="NOUN">insuficiència</instance>
         <wf lemma="del" pos="X">del</wf>
         <wf lemma="subsidi" pos="X">subsidi</wf>
         <wf lemma="d'" pos="X">d'</wf>
         <wf lemma="atur" pos="X">atur</wf>
         <wf lemma="." pos="X">.</wf>
      </sentence>
      <sentence id="d000.s758" source="wordnet-catalan">
         <wf lemma="es" pos="X">es</wf>
         <wf lemma="va" pos="X">va</wf>
         <wf lemma="construir" pos="X">construir</wf>
         <wf lemma="una" pos="X">una</wf>
         <wf lemma="gran" pos="X">gran</wf>
         <instance id="d000.s758.t000" lemma="planta" pos="NOUN">planta</instance>
         <wf lemma="per" pos="X">per</wf>
         <wf lemma="a" pos="X">a</wf>
         <wf lemma="la" pos="X">la</wf>
         <wf lemma="fabricació" pos="X">fabricació</wf>
         <wf lemma="d'" pos="X">d'</wf>
         <wf lemma="automòbils" pos="X">automòbils</wf>
         <wf lemma="." pos="X">.</wf>
      </sentence>
      <sentence id="d000.s759" source="wordnet-catalan">
         <wf lemma="ja" pos="X">ja</wf>
         <wf lemma="té" pos="X">té</wf>
         <wf lemma="el" pos="X">el</wf>
         <instance id="d000.s759.t000" lemma="pressupost" pos="NOUN">pressupost</instance>
         <wf lemma="per" pos="X">per</wf>
         <wf lemma="reparar" pos="X">reparar</wf>
         <wf lemma="el" pos="X">el</wf>
         <wf lemma="cotxe" pos="X">cotxe</wf>
         <wf lemma="." pos="X">.</wf>
      </sentence>
      <sentence id="d000.s760" source="wordnet-catalan">
         <wf lemma="un" pos="X">un</wf>
         <wf lemma="dígit" pos="X">dígit</wf>
         <instance id="d000.s760.t000" lemma="binari" pos="ADJ">binari</instance>
         <wf lemma="." pos="X">.</wf>
      </sentence>
      <sentence id="d000.s761" source="wordnet-catalan">
         <wf lemma="valora" pos="X">valora</wf>
         <wf lemma="el" pos="X">el</wf>
         <instance id="d000.s761.t000" lemma="bé" pos="NOUN">bé</instance>
         <wf lemma="per" pos="X">per</wf>
         <wf lemma="sobre" pos="X">sobre</wf>
         <wf lemma="del" pos="X">del</wf>
         <wf lemma="mal" pos="X">mal</wf>
         <wf lemma="." pos="X">.</wf>
      </sentence>
      <sentence id="d000.s762" source="wordnet-catalan">
         <wf lemma="el" pos="X">el</wf>
         <wf lemma="contracte" pos="X">contracte</wf>
         <wf lemma="estableix" pos="X">estableix</wf>
         <wf lemma="les" pos="X">les</wf>
         <instance id="d000.s762.t000" lemma="condició" pos="NOUN">condicions</instance>
         <wf lemma="de" pos="X">de</wf>
         <wf lemma="l'" pos="X">l'</wf>
         <wf lemma="arrendament" pos="X">arrendament</wf>
         <wf lemma="." pos="X">.</wf>
      </sentence>
      <sentence id="d000.s763" source="wordnet-catalan">
         <wf lemma="la" pos="X">la</wf>
         <wf lemma="taula" pos="X">taula</wf>
         <wf lemma="estava" pos="X">estava</wf>
         <wf lemma="coberta" pos="X">coberta</wf>
         <wf lemma="d'" pos="X">d'</wf>
         <wf lemma="una" pos="X">una</wf>
         <instance id="d000.s763.t000" lemma="capa" pos="NOUN">capa</instance>
         <wf lemma="de" pos="X">de</wf>
         <wf lemma="pols" pos="X">pols</wf>
         <wf lemma="." pos="X">.</wf>
      </sentence>
      <sentence id="d000.s764" source="wordnet-catalan">
         <wf lemma="Només" pos="X">Només</wf>
         <wf lemma="hi" pos="X">hi</wf>
         <wf lemma="havia" pos="X">havia</wf>
         <wf lemma="recursos" pos="X">recursos</wf>
         <instance id="d000.s764.t000" lemma="extralegal" pos="ADJ">extralegals</instance>
         <wf lemma="per" pos="X">per</wf>
         <wf lemma="als" pos="X">als</wf>
         <wf lemma="seus" pos="X">seus</wf>
         <wf lemma="greuges" pos="X">greuges</wf>
         <wf lemma="." pos="X">.</wf>
      </sentence>
      <sentence id="d000.s765" source="wordnet-catalan">
         <wf lemma="com" pos="X">com</wf>
         <wf lemma="puc" pos="X">puc</wf>
         <wf lemma="evitar" pos="X">evitar</wf>
         <wf lemma="que" pos="X">que</wf>
         <wf lemma="el" pos="X">el</wf>
         <wf lemma="meu" pos="X">meu</wf>
         <wf lemma="fill" pos="X">fill</wf>
         <wf lemma="s'" pos="X">s'</wf>
         <wf lemma="inventi" pos="X">inventi</wf>
         <instance id="d000.s765.t000" lemma="història" pos="NOUN">històries</instance>
         <wf lemma="?" pos="X">?</wf>
      </sentence>
      <sentence id="d000.s766" source="wordnet-catalan">
         <wf lemma="el" pos="X">el</wf>
         <wf lemma="malalt" pos="X">malalt</wf>
         <wf lemma="va" pos="X">va</wf>
         <wf lemma="demanar" pos="X">demanar</wf>
         <wf lemma="la" pos="X">la</wf>
         <wf lemma="seva" pos="X">seva</wf>
         <instance id="d000.s766.t000" lemma="companyia" pos="NOUN">companyia</instance>
         <wf lemma="." pos="X">.</wf>
      </sentence>
      <sentence id="d000.s767" source="wordnet-catalan">
         <wf lemma="van" pos="X">van</wf>
         <wf lemma="reservar" pos="X">reservar</wf>
         <wf lemma="els" pos="X">els</wf>
         <instance id="d000.s767.t000" lemma="seient" pos="NOUN">seients</instance>
         <wf lemma="amb" pos="X">amb</wf>
         <wf lemma="antelació" pos="X">antelació</wf>
         <wf lemma="." pos="X">.</wf>
      </sentence>
      <sentence id="d000.s768" source="wordnet-catalan">
         <wf lemma="El" pos="X">El</wf>
         <wf lemma="portaveu" pos="X">portaveu</wf>
         <wf lemma="es" pos="X">es</wf>
         <wf lemma="presenta" pos="X">presenta</wf>
         <wf lemma="com" pos="X">com</wf>
         <instance id="d000.s768.t000" lemma="codemandat" pos="NOUN">codemandat</instance>
         <wf lemma="en" pos="X">en</wf>
         <wf lemma="el" pos="X">el</wf>
         <wf lemma="recurs" pos="X">recurs</wf>
         <wf lemma="a" pos="X">a</wf>
         <wf lemma="l'" pos="X">l'</wf>
         <wf lemma="empresa" pos="X">empresa</wf>
         <wf lemma="." pos="X">.</wf>
      </sentence>
      <sentence id="d000.s769" source="wordnet-catalan">
         <wf lemma="El" pos="X">El</wf>
         <wf lemma="moviment" pos="X">moviment</wf>
         <instance id="d000.s769.t000" lemma="sindical" pos="ADJ">sindical</instance>
         <wf lemma="." pos="X">.</wf>
      </sentence>
      <sentence id="d000.s770" source="wordnet-catalan">
         <wf lemma="un" pos="X">un</wf>
         <wf lemma="error" pos="X">error</wf>
         <wf lemma="va" pos="X">va</wf>
         <wf lemma="portar" pos="X">portar</wf>
         <wf lemma="la" pos="X">la</wf>
         <instance id="d000.s770.t000" lemma="vergonya" pos="NOUN">vergonya</instance>
         <wf lemma="a" pos="X">a</wf>
         <wf lemma="la" pos="X">la</wf>
         <wf lemma="seva" pos="X">seva</wf>
         <wf lemma="família" pos="X">família</wf>
         <wf lemma="." pos="X">.</wf>
      </sentence>
      <sentence id="d000.s771" source="wordnet-catalan">
         <wf lemma="&quot;" pos="X">&quot;</wf>
         <wf lemma="una" pos="X">una</wf>
         <instance id="d000.s771.t000" lemma="estrany" pos="ADJ">estranya</instance>
         <wf lemma="," pos="X">,</wf>
         <wf lemma="rara" pos="X">rara</wf>
         <wf lemma="dimensió..." pos="X">dimensió...</wf>
         <wf lemma="on" pos="X">on</wf>
         <wf lemma="els" pos="X">els</wf>
         <wf lemma="seus" pos="X">seus</wf>
         <wf lemma="poders" pos="X">poders</wf>
         <wf lemma="semblaven" pos="X">semblaven</wf>
         <wf lemma="fallar" pos="X">fallar</wf>
         <wf lemma="&quot;" pos="X">&quot;</wf>
         <wf lemma="-" pos="X">-</wf>
         <wf lemma="Lance" pos="X">Lance</wf>
         <wf lemma="Morrow" pos="X">Morrow</wf>
         <wf lemma="." pos="X">.</wf>
      </sentence>
      <sentence id="d000.s772" source="wordnet-catalan">
         <wf lemma="El" pos="X">El</wf>
         <wf lemma="meu" pos="X">meu</wf>
         <wf lemma="pare" pos="X">pare</wf>
         <wf lemma="es" pos="X">es</wf>
         <instance id="d000.s772.t000" lemma="funcionari" pos="NOUN">funcionari</instance>
         <wf lemma="a" pos="X">a</wf>
         <wf lemma="la" pos="X">la</wf>
         <wf lemma="Generalitat" pos="X">Generalitat</wf>
         <wf lemma="de" pos="X">de</wf>
         <wf lemma="Catalunya" pos="X">Catalunya</wf>
         <wf lemma="." pos="X">.</wf>
      </sentence>
      <sentence id="d000.s773" source="wordnet-catalan">
         <wf lemma="El" pos="X">El</wf>
         <instance id="d000.s773.t000" lemma="saqueig" pos="NOUN">saqueig</instance>
         <wf lemma="del" pos="X">del</wf>
         <wf lemma="creuer" pos="X">creuer</wf>
         <wf lemma="americà" pos="X">americà</wf>
         <wf lemma="." pos="X">.</wf>
      </sentence>
      <sentence id="d000.s774" source="wordnet-catalan">
         <wf lemma="Una" pos="X">Una</wf>
         <wf lemma="mirada" pos="X">mirada</wf>
         <instance id="d000.s774.t000" lemma="acusador" pos="ADJ">acusadora</instance>
         <wf lemma="." pos="X">.</wf>
      </sentence>
      <sentence id="d000.s775" source="wordnet-catalan">
         <wf lemma="L'" pos="X">L'</wf>
         <instance id="d000.s775.t000" lemma="informant" pos="NOUN">informant</instance>
         <wf lemma="va" pos="X">va</wf>
         <wf lemma="facilitar" pos="X">facilitar</wf>
         <wf lemma="la" pos="X">la</wf>
         <wf lemma="captura" pos="X">captura</wf>
         <wf lemma="del" pos="X">del</wf>
         <wf lemma="fugitiu" pos="X">fugitiu</wf>
         <wf lemma="." pos="X">.</wf>
      </sentence>
      <sentence id="d000.s776" source="wordnet-catalan">
         <wf lemma="l'" pos="X">l'</wf>
         <wf lemma="economia" pos="X">economia</wf>
         <wf lemma="és" pos="X">és</wf>
         <instance id="d000.s776.t000" lemma="estable" pos="ADJ">estable</instance>
         <wf lemma="." pos="X">.</wf>
      </sentence>
      <sentence id="d000.s777" source="wordnet-catalan">
         <wf lemma="pensàvem" pos="X">pensàvem</wf>
         <wf lemma="que" pos="X">que</wf>
         <wf lemma="la" pos="X">la</wf>
         <wf lemma="Sue" pos="X">Sue</wf>
         <wf lemma="era" pos="X">era</wf>
         <wf lemma="més" pos="X">més</wf>
         <wf lemma="gran" pos="X">gran</wf>
         <wf lemma="que" pos="X">que</wf>
         <wf lemma="el" pos="X">el</wf>
         <wf lemma="Bill" pos="X">Bill</wf>
         <wf lemma="," pos="X">,</wf>
         <wf lemma="perè" pos="X">perè</wf>
         <wf lemma="era" pos="X">era</wf>
         <wf lemma="al" pos="X">al</wf>
         <instance id="d000.s777.t000" lemma="contrari" pos="NOUN">contrari</instance>
         <wf lemma="." pos="X">.</wf>
      </sentence>
      <sentence id="d000.s778" source="wordnet-catalan">
         <wf lemma="Emetre" pos="X">Emetre</wf>
         <wf lemma="el" pos="X">el</wf>
         <wf lemma="vot" pos="X">vot</wf>
         <instance id="d000.s778.t000" lemma="decisiu" pos="ADJ">decisiu</instance>
         <wf lemma="." pos="X">.</wf>
      </sentence>
      <sentence id="d000.s779" source="wordnet-catalan">
         <instance id="d000.s779.t000" lemma="tasca" pos="NOUN">tasques</instance>
         <wf lemma="domèstiques" pos="X">domèstiques</wf>
         <wf lemma="." pos="X">.</wf>
      </sentence>
      <sentence id="d000.s780" source="wordnet-catalan">
         <wf lemma="en" pos="X">en</wf>
         <instance id="d000.s780.t000" lemma="veritat" pos="NOUN">veritat</instance>
         <wf lemma="." pos="X">.</wf>
      </sentence>
      <sentence id="d000.s781" source="wordnet-catalan">
         <wf lemma="sempre" pos="X">sempre</wf>
         <wf lemma="ha" pos="X">ha</wf>
         <wf lemma="estat" pos="X">estat</wf>
         <wf lemma="honesta" pos="X">honesta</wf>
         <wf lemma="en" pos="X">en</wf>
         <wf lemma="les" pos="X">les</wf>
         <wf lemma="seves" pos="X">seves</wf>
         <instance id="d000.s781.t000" lemma="transacció" pos="NOUN">transaccions</instance>
         <wf lemma="comercials" pos="X">comercials</wf>
         <wf lemma="." pos="X">.</wf>
      </sentence>
      <sentence id="d000.s782" source="wordnet-catalan">
         <wf lemma="el" pos="X">el</wf>
         <instance id="d000.s782.t000" lemma="jugador" pos="NOUN">jugador</instance>
         <wf lemma="es" pos="X">es</wf>
         <wf lemma="va" pos="X">va</wf>
         <wf lemma="arriscar" pos="X">arriscar</wf>
         <wf lemma="molts" pos="X">molts</wf>
         <wf lemma="diners" pos="X">diners</wf>
         <wf lemma="al" pos="X">al</wf>
         <wf lemma="cavall" pos="X">cavall</wf>
         <wf lemma="menys" pos="X">menys</wf>
         <wf lemma="conegut" pos="X">conegut</wf>
         <wf lemma="." pos="X">.</wf>
      </sentence>
      <sentence id="d000.s783" source="wordnet-catalan">
         <wf lemma="l'" pos="X">l'</wf>
         <instance id="d000.s783.t000" lemma="acte" pos="NOUN">acte</instance>
         <wf lemma="de" pos="X">de</wf>
         <wf lemma="recordar" pos="X">recordar</wf>
         <wf lemma="." pos="X">.</wf>
      </sentence>
      <sentence id="d000.s784" source="wordnet-catalan">
         <wf lemma="la" pos="X">la</wf>
         <instance id="d000.s784.t000" lemma="selecció" pos="NOUN">selecció</instance>
         <wf lemma="de" pos="X">de</wf>
         <wf lemma="colors" pos="X">colors</wf>
         <wf lemma="que" pos="X">que</wf>
         <wf lemma="has" pos="X">has</wf>
         <wf lemma="fet" pos="X">fet</wf>
         <wf lemma="no" pos="X">no</wf>
         <wf lemma="és" pos="X">és</wf>
         <wf lemma="l'" pos="X">l'</wf>
         <wf lemma="adequada" pos="X">adequada</wf>
         <wf lemma="." pos="X">.</wf>
      </sentence>
      <sentence id="d000.s785" source="wordnet-catalan">
         <wf lemma="la" pos="X">la</wf>
         <instance id="d000.s785.t000" lemma="urgència" pos="NOUN">urgència</instance>
         <wf lemma="de" pos="X">de</wf>
         <wf lemma="la" pos="X">la</wf>
         <wf lemma="seva" pos="X">seva</wf>
         <wf lemma="necessitat" pos="X">necessitat</wf>
         <wf lemma="." pos="X">.</wf>
      </sentence>
      <sentence id="d000.s786" source="wordnet-catalan">
         <wf lemma="un" pos="X">un</wf>
         <wf lemma="professor" pos="X">professor</wf>
         <instance id="d000.s786.t000" lemma="inepte" pos="ADJ">inepte</instance>
         <wf lemma="per" pos="X">per</wf>
         <wf lemma="a" pos="X">a</wf>
         <wf lemma="l'" pos="X">l'</wf>
         <wf lemma="ensenyança" pos="X">ensenyança</wf>
         <wf lemma="." pos="X">.</wf>
      </sentence>
      <sentence id="d000.s787" source="wordnet-catalan">
         <wf lemma="va" pos="X">va</wf>
         <wf lemma="seguir" pos="X">seguir</wf>
         <wf lemma="un" pos="X">un</wf>
         <instance id="d000.s787.t000" lemma="curs" pos="NOUN">curs</instance>
         <wf lemma="de" pos="X">de</wf>
         <wf lemma="cistelleria" pos="X">cistelleria</wf>
         <wf lemma="." pos="X">.</wf>
      </sentence>
      <sentence id="d000.s788" source="wordnet-catalan">
         <wf lemma="Un" pos="X">Un</wf>
         <wf lemma="comportament" pos="X">comportament</wf>
         <instance id="d000.s788.t000" lemma="autocràtic" pos="ADJ">autocràtic</instance>
         <wf lemma="." pos="X">.</wf>
      </sentence>
      <sentence id="d000.s789" source="wordnet-catalan">
         <wf lemma="estava" pos="X">estava</wf>
         <wf lemma="content" pos="X">content</wf>
         <wf lemma="d'" pos="X">d'</wf>
         <wf lemma="haver-se" pos="X">haver-se</wf>
         <wf lemma="endut" pos="X">endut</wf>
         <wf lemma="el" pos="X">el</wf>
         <instance id="d000.s789.t000" lemma="triomf" pos="NOUN">triomf</instance>
         <wf lemma="." pos="X">.</wf>
      </sentence>
      <sentence id="d000.s790" source="wordnet-catalan">
         <wf lemma="la" pos="X">la</wf>
         <wf lemma="meva" pos="X">meva</wf>
         <instance id="d000.s790.t000" lemma="creença" pos="NOUN">creença</instance>
         <wf lemma="en" pos="X">en</wf>
         <wf lemma="la" pos="X">la</wf>
         <wf lemma="seva" pos="X">seva</wf>
         <wf lemma="sinceritat" pos="X">sinceritat</wf>
         <wf lemma="va" pos="X">va</wf>
         <wf lemma="augmentar" pos="X">augmentar</wf>
         <wf lemma="." pos="X">.</wf>
      </sentence>
      <sentence id="d000.s791" source="wordnet-catalan">
         <wf lemma="El" pos="X">El</wf>
         <wf lemma="poder" pos="X">poder</wf>
         <instance id="d000.s791.t000" lemma="executiu" pos="ADJ">executiu</instance>
         <wf lemma="." pos="X">.</wf>
      </sentence>
      <sentence id="d000.s792" source="wordnet-catalan">
         <wf lemma="va" pos="X">va</wf>
         <wf lemma="portar" pos="X">portar</wf>
         <wf lemma="la" pos="X">la</wf>
         <instance id="d000.s792.t000" lemma="totalitat" pos="NOUN">totalitat</instance>
         <wf lemma="de" pos="X">de</wf>
         <wf lemma="les" pos="X">les</wf>
         <wf lemma="seves" pos="X">seves</wf>
         <wf lemma="coses" pos="X">coses</wf>
         <wf lemma="." pos="X">.</wf>
      </sentence>
      <sentence id="d000.s793" source="wordnet-catalan">
         <wf lemma="el" pos="X">el</wf>
         <wf lemma="cos" pos="X">cos</wf>
         <wf lemma="té" pos="X">té</wf>
         <wf lemma="un" pos="X">un</wf>
         <instance id="d000.s793.t000" lemma="sistema" pos="NOUN">sistema</instance>
         <wf lemma="d'" pos="X">d'</wf>
         <wf lemma="òrgans" pos="X">òrgans</wf>
         <wf lemma="per" pos="X">per</wf>
         <wf lemma="a" pos="X">a</wf>
         <wf lemma="la" pos="X">la</wf>
         <wf lemma="digestió" pos="X">digestió</wf>
         <wf lemma="." pos="X">.</wf>
      </sentence>
      <sentence id="d000.s794" source="wordnet-catalan">
         <wf lemma="la" pos="X">la</wf>
         <wf lemma="fruita" pos="X">fruita</wf>
         <wf lemma="del" pos="X">del</wf>
         <instance id="d000.s794.t000" lemma="mercat" pos="NOUN">mercat</instance>
         <wf lemma="de" pos="X">de</wf>
         <wf lemma="Santa" pos="X">Santa</wf>
         <wf lemma="Caterina" pos="X">Caterina</wf>
         <wf lemma="és" pos="X">és</wf>
         <wf lemma="més" pos="X">més</wf>
         <wf lemma="barata" pos="X">barata</wf>
         <wf lemma="." pos="X">.</wf>
      </sentence>
      <sentence id="d000.s795" source="wordnet-catalan">
         <wf lemma="L'" pos="X">L'</wf>
         <instance id="d000.s795.t000" lemma="extorsió" pos="NOUN">extorsió</instance>
         <wf lemma="per" pos="X">per</wf>
         <wf lemma="part" pos="X">part</wf>
         <wf lemma="de" pos="X">de</wf>
         <wf lemma="funcionaris" pos="X">funcionaris</wf>
         <wf lemma="deshonestos" pos="X">deshonestos</wf>
         <wf lemma="per" pos="X">per</wf>
         <wf lemma="a" pos="X">a</wf>
         <wf lemma="l'" pos="X">l'</wf>
         <wf lemma="exercici" pos="X">exercici</wf>
         <wf lemma="del" pos="X">del</wf>
         <wf lemma="seu" pos="X">seu</wf>
         <wf lemma="deure" pos="X">deure</wf>
         <wf lemma="de" pos="X">de</wf>
         <wf lemma="jurat" pos="X">jurat</wf>
         <wf lemma="." pos="X">.</wf>
      </sentence>
      <sentence id="d000.s796" source="wordnet-catalan">
         <wf lemma="al" pos="X">al</wf>
         <instance id="d000.s796.t000" lemma="diable" pos="NOUN">diable</instance>
         <wf lemma="amb" pos="X">amb</wf>
         <wf lemma="ell" pos="X">ell</wf>
         <wf lemma="." pos="X">.</wf>
      </sentence>
      <sentence id="d000.s797" source="wordnet-catalan">
         <wf lemma="Els" pos="X">Els</wf>
         <wf lemma="tipus" pos="X">tipus</wf>
         <wf lemma="d'" pos="X">d'</wf>
         <wf lemma="interès" pos="X">interès</wf>
         <instance id="d000.s797.t000" lemma="legal" pos="ADJ">legal</instance>
         <wf lemma="." pos="X">.</wf>
      </sentence>
      <sentence id="d000.s798" source="wordnet-catalan">
         <wf lemma="A" pos="X">A</wf>
         <wf lemma="través" pos="X">través</wf>
         <wf lemma="del" pos="X">del</wf>
         <wf lemma="seus" pos="X">seus</wf>
         <wf lemma="comentaris" pos="X">comentaris</wf>
         <wf lemma="," pos="X">,</wf>
         <wf lemma="es" pos="X">es</wf>
         <wf lemma="veia" pos="X">veia</wf>
         <wf lemma="la" pos="X">la</wf>
         <instance id="d000.s798.t000" lemma="connexió" pos="NOUN">connexió</instance>
         <wf lemma="entre" pos="X">entre</wf>
         <wf lemma="el" pos="X">el</wf>
         <wf lemma="llenguatge" pos="X">llenguatge</wf>
         <wf lemma="i" pos="X">i</wf>
         <wf lemma="la" pos="X">la</wf>
         <wf lemma="experiència" pos="X">experiència</wf>
         <wf lemma="dels" pos="X">dels</wf>
         <wf lemma="subjectes" pos="X">subjectes</wf>
         <wf lemma="." pos="X">.</wf>
      </sentence>
      <sentence id="d000.s799" source="wordnet-catalan">
         <wf lemma="La" pos="X">La</wf>
         <wf lemma="llei" pos="X">llei</wf>
         <wf lemma="exigeix" pos="X">exigeix</wf>
         <wf lemma="?" pos="X">?</wf>
         <wf lemma="?" pos="X">?</wf>
         <wf lemma="que" pos="X">que</wf>
         <wf lemma="les" pos="X">les</wf>
         <wf lemma="societats" pos="X">societats</wf>
         <wf lemma="anònimes" pos="X">anònimes</wf>
         <wf lemma="nomenin" pos="X">nomenin</wf>
         <wf lemma="un" pos="X">un</wf>
         <instance id="d000.s799.t000" lemma="auditor" pos="NOUN">auditor</instance>
         <wf lemma="durador" pos="X">durador</wf>
         <wf lemma="." pos="X">.</wf>
      </sentence>
      <sentence id="d000.s800" source="wordnet-catalan">
         <wf lemma="El" pos="X">El</wf>
         <instance id="d000.s800.t000" lemma="procurador" pos="NOUN">procurador</instance>
         <wf lemma="va" pos="X">va</wf>
         <wf lemma="declarar" pos="X">declarar</wf>
         <wf lemma="davant" pos="X">davant</wf>
         <wf lemma="el" pos="X">el</wf>
         <wf lemma="jutge" pos="X">jutge</wf>
         <wf lemma="." pos="X">.</wf>
      </sentence>
      <sentence id="d000.s801" source="wordnet-catalan">
         <wf lemma="va" pos="X">va</wf>
         <wf lemma="fer" pos="X">fer</wf>
         <wf lemma="una" pos="X">una</wf>
         <instance id="d000.s801.t000" lemma="volta" pos="NOUN">volta</instance>
         <wf lemma="brusca" pos="X">brusca</wf>
         <wf lemma="per" pos="X">per</wf>
         <wf lemma="apartar-se" pos="X">apartar-se</wf>
         <wf lemma="d'" pos="X">d'</wf>
         <wf lemma="ella" pos="X">ella</wf>
         <wf lemma="." pos="X">.</wf>
      </sentence>
      <sentence id="d000.s802" source="wordnet-catalan">
         <wf lemma="la" pos="X">la</wf>
         <wf lemma="guerra" pos="X">guerra</wf>
         <wf lemma="és" pos="X">és</wf>
         <wf lemma="la" pos="X">la</wf>
         <instance id="d000.s802.t000" lemma="raó" pos="NOUN">raó</instance>
         <wf lemma="per" pos="X">per</wf>
         <wf lemma="la" pos="X">la</wf>
         <wf lemma="qual" pos="X">qual</wf>
         <wf lemma="no" pos="X">no</wf>
         <wf lemma="es" pos="X">es</wf>
         <wf lemma="va" pos="X">va</wf>
         <wf lemma="arribar" pos="X">arribar</wf>
         <wf lemma="a" pos="X">a</wf>
         <wf lemma="una" pos="X">una</wf>
         <wf lemma="estabilitat" pos="X">estabilitat</wf>
         <wf lemma="econòmica" pos="X">econòmica</wf>
         <wf lemma="." pos="X">.</wf>
      </sentence>
      <sentence id="d000.s803" source="wordnet-catalan">
         <wf lemma="és" pos="X">és</wf>
         <wf lemma="a" pos="X">a</wf>
         <wf lemma="una" pos="X">una</wf>
         <wf lemma="altra" pos="X">altra</wf>
         <instance id="d000.s803.t000" lemma="òrbita" pos="NOUN">òrbita</instance>
         <wf lemma="." pos="X">.</wf>
      </sentence>
      <sentence id="d000.s804" source="wordnet-catalan">
         <wf lemma="les" pos="X">les</wf>
         <wf lemma="rebaixes" pos="X">rebaixes</wf>
         <wf lemma="s'" pos="X">s'</wf>
         <wf lemma="acaben" pos="X">acaben</wf>
         <wf lemma="al" pos="X">al</wf>
         <instance id="d000.s804.t000" lemma="final" pos="NOUN">final</instance>
         <wf lemma="de" pos="X">de</wf>
         <wf lemma="l'" pos="X">l'</wf>
         <wf lemma="hivern" pos="X">hivern</wf>
         <wf lemma="." pos="X">.</wf>
      </sentence>
      <sentence id="d000.s805" source="wordnet-catalan">
         <wf lemma="van" pos="X">van</wf>
         <wf lemma="decidir" pos="X">decidir</wf>
         <wf lemma="atacar" pos="X">atacar</wf>
         <wf lemma="a" pos="X">a</wf>
         <wf lemma="través" pos="X">través</wf>
         <wf lemma="del" pos="X">del</wf>
         <instance id="d000.s805.t000" lemma="terreny" pos="NOUN">terreny</instance>
         <wf lemma="rocós" pos="X">rocós</wf>
         <wf lemma="." pos="X">.</wf>
      </sentence>
      <sentence id="d000.s806" source="wordnet-catalan">
         <wf lemma="és" pos="X">és</wf>
         <wf lemma="una" pos="X">una</wf>
         <instance id="d000.s806.t000" lemma="personalitat" pos="NOUN">personalitat</instance>
         <wf lemma="de" pos="X">de</wf>
         <wf lemma="Hollywood" pos="X">Hollywood</wf>
         <wf lemma="." pos="X">.</wf>
      </sentence>
      <sentence id="d000.s807" source="wordnet-catalan">
         <wf lemma="el" pos="X">el</wf>
         <wf lemma="nen" pos="X">nen</wf>
         <wf lemma="es" pos="X">es</wf>
         <wf lemma="va" pos="X">va</wf>
         <wf lemma="adormir" pos="X">adormir</wf>
         <wf lemma="en" pos="X">en</wf>
         <wf lemma="el" pos="X">el</wf>
         <instance id="d000.s807.t000" lemma="parc" pos="NOUN">parc</instance>
         <wf lemma="on" pos="X">on</wf>
         <wf lemma="jugava" pos="X">jugava</wf>
         <wf lemma="." pos="X">.</wf>
      </sentence>
      <sentence id="d000.s808" source="wordnet-catalan">
         <wf lemma="La" pos="X">La</wf>
         <instance id="d000.s808.t000" lemma="relació" pos="NOUN">relació</instance>
         <wf lemma="entre" pos="X">entre</wf>
         <wf lemma="mare" pos="X">mare</wf>
         <wf lemma="i" pos="X">i</wf>
         <wf lemma="filla" pos="X">filla</wf>
         <wf lemma="era" pos="X">era</wf>
         <wf lemma="molt" pos="X">molt</wf>
         <wf lemma="bona" pos="X">bona</wf>
         <wf lemma="." pos="X">.</wf>
      </sentence>
      <sentence id="d000.s809" source="wordnet-catalan">
         <wf lemma="durant" pos="X">durant</wf>
         <wf lemma="l'" pos="X">l'</wf>
         <instance id="d000.s809.t000" lemma="emissió" pos="NOUN">emissió</instance>
         <wf lemma="del" pos="X">del</wf>
         <wf lemma="programa" pos="X">programa</wf>
         <wf lemma="," pos="X">,</wf>
         <wf lemma="l'" pos="X">l'</wf>
         <wf lemma="entrevistat" pos="X">entrevistat</wf>
         <wf lemma="es" pos="X">es</wf>
         <wf lemma="va" pos="X">va</wf>
         <wf lemma="declarar" pos="X">declarar</wf>
         <wf lemma="homosexual" pos="X">homosexual</wf>
         <wf lemma="." pos="X">.</wf>
      </sentence>
      <sentence id="d000.s810" source="wordnet-catalan">
         <wf lemma="té" pos="X">té</wf>
         <instance id="d000.s810.t000" lemma="passió" pos="NOUN">passió</instance>
         <wf lemma="pels" pos="X">pels</wf>
         <wf lemma="esports" pos="X">esports</wf>
         <wf lemma="." pos="X">.</wf>
      </sentence>
      <sentence id="d000.s811" source="wordnet-catalan">
         <wf lemma="el" pos="X">el</wf>
         <wf lemma="van" pos="X">van</wf>
         <wf lemma="condemnar" pos="X">condemnar</wf>
         <wf lemma="sense" pos="X">sense</wf>
         <wf lemma="donar-li" pos="X">donar-li</wf>
         <instance id="d000.s811.t000" lemma="audiència" pos="NOUN">audiència</instance>
         <wf lemma="per" pos="X">per</wf>
         <wf lemma="explicar-se" pos="X">explicar-se</wf>
         <wf lemma="." pos="X">.</wf>
      </sentence>
      <sentence id="d000.s812" source="wordnet-catalan">
         <wf lemma="van" pos="X">van</wf>
         <wf lemma="encendre" pos="X">encendre</wf>
         <wf lemma="un" pos="X">un</wf>
         <wf lemma="foc" pos="X">foc</wf>
         <wf lemma="a" pos="X">a</wf>
         <wf lemma="la" pos="X">la</wf>
         <instance id="d000.s812.t000" lemma="boca" pos="NOUN">boca</instance>
         <wf lemma="de" pos="X">de</wf>
         <wf lemma="la" pos="X">la</wf>
         <wf lemma="cova" pos="X">cova</wf>
         <wf lemma="." pos="X">.</wf>
      </sentence>
      <sentence id="d000.s813" source="wordnet-catalan">
         <wf lemma="li" pos="X">li</wf>
         <wf lemma="donava" pos="X">donava</wf>
         <instance id="d000.s813.t000" lemma="instrucció" pos="NOUN">instruccions</instance>
         <wf lemma="massa" pos="X">massa</wf>
         <wf lemma="ràpid" pos="X">ràpid</wf>
         <wf lemma="i" pos="X">i</wf>
         <wf lemma="no" pos="X">no</wf>
         <wf lemma="les" pos="X">les</wf>
         <wf lemma="podia" pos="X">podia</wf>
         <wf lemma="seguir" pos="X">seguir</wf>
         <wf lemma="." pos="X">.</wf>
      </sentence>
      <sentence id="d000.s814" source="wordnet-catalan">
         <wf lemma="té" pos="X">té</wf>
         <wf lemma="una" pos="X">una</wf>
         <instance id="d000.s814.t000" lemma="casa" pos="NOUN">casa</instance>
         <wf lemma="a" pos="X">a</wf>
         <wf lemma="Cape" pos="X">Cape</wf>
         <wf lemma="Cod" pos="X">Cod</wf>
         <wf lemma="." pos="X">.</wf>
      </sentence>
      <sentence id="d000.s815" source="wordnet-catalan">
         <wf lemma="porta" pos="X">porta</wf>
         <wf lemma="roba" pos="X">roba</wf>
         <wf lemma="cara" pos="X">cara</wf>
         <wf lemma="per" pos="X">per</wf>
         <wf lemma="donar-se" pos="X">donar-se</wf>
         <wf lemma="un" pos="X">un</wf>
         <wf lemma="aire" pos="X">aire</wf>
         <wf lemma="de" pos="X">de</wf>
         <instance id="d000.s815.t000" lemma="distinció" pos="NOUN">distinció</instance>
         <wf lemma="." pos="X">.</wf>
      </sentence>
      <sentence id="d000.s816" source="wordnet-catalan">
         <wf lemma="Tinc" pos="X">Tinc</wf>
         <wf lemma="un" pos="X">un</wf>
         <instance id="d000.s816.t000" lemma="incentiu" pos="NOUN">incentiu</instance>
         <wf lemma="per" pos="X">per</wf>
         <wf lemma="haver" pos="X">haver</wf>
         <wf lemma="aconseguit" pos="X">aconseguit</wf>
         <wf lemma="l'" pos="X">l'</wf>
         <wf lemma="augment" pos="X">augment</wf>
         <wf lemma="de" pos="X">de</wf>
         <wf lemma="la" pos="X">la</wf>
         <wf lemma="venda" pos="X">venda</wf>
         <wf lemma="." pos="X">.</wf>
      </sentence>
      <sentence id="d000.s817" source="wordnet-catalan">
         <wf lemma="la" pos="X">la</wf>
         <wf lemma="casa" pos="X">casa</wf>
         <wf lemma="era" pos="X">era</wf>
         <wf lemma="similar" pos="X">similar</wf>
         <wf lemma="a" pos="X">a</wf>
         <wf lemma="altres" pos="X">altres</wf>
         <wf lemma="del" pos="X">del</wf>
         <wf lemma="mateix" pos="X">mateix</wf>
         <instance id="d000.s817.t000" lemma="sector" pos="NOUN">sector</instance>
         <wf lemma="." pos="X">.</wf>
      </sentence>
      <sentence id="d000.s818" source="wordnet-catalan">
         <wf lemma="es" pos="X">es</wf>
         <wf lemma="va" pos="X">va</wf>
         <wf lemma="proposar" pos="X">proposar</wf>
         <wf lemma="una" pos="X">una</wf>
         <instance id="d000.s818.t000" lemma="xifra" pos="NOUN">xifra</instance>
         <wf lemma="de" pos="X">de</wf>
         <wf lemma="17" pos="X">17</wf>
         <wf lemma="dòlars" pos="X">dòlars</wf>
         <wf lemma="." pos="X">.</wf>
      </sentence>
      <sentence id="d000.s819" source="wordnet-catalan">
         <wf lemma="Ella" pos="X">Ella</wf>
         <wf lemma="va" pos="X">va</wf>
         <instance id="d000.s819.t000" lemma="expressar" pos="VERB">expressar</instance>
         <wf lemma="el" pos="X">el</wf>
         <wf lemma="seu" pos="X">seu</wf>
         <wf lemma="enuig" pos="X">enuig</wf>
         <wf lemma="." pos="X">.</wf>
      </sentence>
      <sentence id="d000.s820" source="wordnet-catalan">
         <wf lemma="El" pos="X">El</wf>
         <wf lemma="magistrat" pos="X">magistrat</wf>
         <wf lemma="considera" pos="X">considera</wf>
         <wf lemma="que" pos="X">que</wf>
         <wf lemma="hi" pos="X">hi</wf>
         <wf lemma="ha" pos="X">ha</wf>
         <wf lemma="base" pos="X">base</wf>
         <wf lemma="suficient" pos="X">suficient</wf>
         <wf lemma="per" pos="X">per</wf>
         <wf lemma="a" pos="X">a</wf>
         <wf lemma="enviar" pos="X">enviar</wf>
         <wf lemma="la" pos="X">la</wf>
         <instance id="d000.s820.t000" lemma="notificació" pos="NOUN">notificació</instance>
         <wf lemma="a" pos="X">a</wf>
         <wf lemma="imputat" pos="X">imputat</wf>
         <wf lemma="." pos="X">.</wf>
      </sentence>
      <sentence id="d000.s821" source="wordnet-catalan">
         <wf lemma="nens" pos="X">nens</wf>
         <wf lemma="amb" pos="X">amb</wf>
         <wf lemma="una" pos="X">una</wf>
         <wf lemma="energia" pos="X">energia</wf>
         <instance id="d000.s821.t000" lemma="il·limitat" pos="ADJ">il·limitada</instance>
         <wf lemma="." pos="X">.</wf>
      </sentence>
      <sentence id="d000.s822" source="wordnet-catalan">
         <wf lemma="clubs" pos="X">clubs</wf>
         <instance id="d000.s822.t000" lemma="afiliat" pos="ADJ">afiliats</instance>
         <wf lemma="." pos="X">.</wf>
      </sentence>
      <sentence id="d000.s823" source="wordnet-catalan">
         <wf lemma="L'" pos="X">L'</wf>
         <wf lemma="advocat" pos="X">advocat</wf>
         <wf lemma="va" pos="X">va</wf>
         <wf lemma="denegar" pos="X">denegar</wf>
         <wf lemma="l'" pos="X">l'</wf>
         <wf lemma="accepció" pos="X">accepció</wf>
         <wf lemma="de" pos="X">de</wf>
         <instance id="d000.s823.t000" lemma="litispendència" pos="NOUN">litispendència</instance>
         <wf lemma="." pos="X">.</wf>
      </sentence>
      <sentence id="d000.s824" source="wordnet-catalan">
         <wf lemma="per" pos="X">per</wf>
         <wf lemma="fi" pos="X">fi</wf>
         <wf lemma="va" pos="X">va</wf>
         <wf lemma="saber" pos="X">saber</wf>
         <wf lemma="la" pos="X">la</wf>
         <instance id="d000.s824.t000" lemma="veritat" pos="NOUN">veritat</instance>
         <wf lemma="." pos="X">.</wf>
      </sentence>
      <sentence id="d000.s825" source="wordnet-catalan">
         <wf lemma="Un" pos="X">Un</wf>
         <wf lemma="argument" pos="X">argument</wf>
         <instance id="d000.s825.t000" lemma="raonat" pos="ADJ">raonat</instance>
         <wf lemma="." pos="X">.</wf>
      </sentence>
      <sentence id="d000.s826" source="wordnet-catalan">
         <wf lemma="els" pos="X">els</wf>
         <wf lemma="companys" pos="X">companys</wf>
         <wf lemma="de" pos="X">de</wf>
         <instance id="d000.s826.t000" lemma="candidatura" pos="NOUN">candidatura</instance>
         <wf lemma="van" pos="X">van</wf>
         <wf lemma="felicitar" pos="X">felicitar</wf>
         <wf lemma="al" pos="X">al</wf>
         <wf lemma="guanyador" pos="X">guanyador</wf>
         <wf lemma="." pos="X">.</wf>
      </sentence>
      <sentence id="d000.s827" source="wordnet-catalan">
         <wf lemma="l'" pos="X">l'</wf>
         <wf lemma="antropòleg" pos="X">antropòleg</wf>
         <wf lemma="estava" pos="X">estava</wf>
         <wf lemma="impressionat" pos="X">impressionat</wf>
         <wf lemma="per" pos="X">per</wf>
         <wf lemma="l'" pos="X">l'</wf>
         <instance id="d000.s827.t000" lemma="abstrusitat" pos="NOUN">abstrusitat</instance>
         <wf lemma="dels" pos="X">dels</wf>
         <wf lemma="proverbis" pos="X">proverbis</wf>
         <wf lemma="nadius" pos="X">nadius</wf>
         <wf lemma="." pos="X">.</wf>
      </sentence>
      <sentence id="d000.s828" source="wordnet-catalan">
         <wf lemma="no" pos="X">no</wf>
         <wf lemma="podia" pos="X">podia</wf>
         <wf lemma="caminar" pos="X">caminar</wf>
         <wf lemma="sense" pos="X">sense</wf>
         <instance id="d000.s828.t000" lemma="ajuda" pos="NOUN">ajuda</instance>
         <wf lemma="." pos="X">.</wf>
      </sentence>
      <sentence id="d000.s829" source="wordnet-catalan">
         <wf lemma="La" pos="X">La</wf>
         <wf lemma="llei" pos="X">llei</wf>
         <wf lemma="de" pos="X">de</wf>
         <wf lemma="la" pos="X">la</wf>
         <instance id="d000.s829.t000" lemma="conservació" pos="NOUN">conservació</instance>
         <wf lemma="de" pos="X">de</wf>
         <wf lemma="l'" pos="X">l'</wf>
         <wf lemma="energia" pos="X">energia</wf>
         <wf lemma="." pos="X">.</wf>
      </sentence>
      <sentence id="d000.s830" source="wordnet-catalan">
         <wf lemma="el" pos="X">el</wf>
         <instance id="d000.s830.t000" lemma="cost" pos="NOUN">cost</instance>
         <wf lemma="de" pos="X">de</wf>
         <wf lemma="vida" pos="X">vida</wf>
         <wf lemma="era" pos="X">era</wf>
         <wf lemma="enorme" pos="X">enorme</wf>
         <wf lemma="." pos="X">.</wf>
      </sentence>
      <sentence id="d000.s831" source="wordnet-catalan">
         <wf lemma="El" pos="X">El</wf>
         <instance id="d000.s831.t000" lemma="senat" pos="NOUN">senat</instance>
         <wf lemma="va" pos="X">va</wf>
         <wf lemma="aprovar" pos="X">aprovar</wf>
         <wf lemma="la" pos="X">la</wf>
         <wf lemma="llei." pos="X">llei.</wf>
      </sentence>
      <sentence id="d000.s832" source="wordnet-catalan">
         <wf lemma="sempre" pos="X">sempre</wf>
         <wf lemma="ha" pos="X">ha</wf>
         <wf lemma="tingut" pos="X">tingut</wf>
         <instance id="d000.s832.t000" lemma="afició" pos="NOUN">afició</instance>
         <wf lemma="per" pos="X">per</wf>
         <wf lemma="a" pos="X">a</wf>
         <wf lemma="la" pos="X">la</wf>
         <wf lemma="lectura" pos="X">lectura</wf>
         <wf lemma="." pos="X">.</wf>
      </sentence>
      <sentence id="d000.s833" source="wordnet-catalan">
         <wf lemma="navegaven" pos="X">navegaven</wf>
         <wf lemma="cap" pos="X">cap</wf>
         <wf lemma="al" pos="X">al</wf>
         <wf lemma="sud" pos="X">sud</wf>
         <wf lemma="rodejant" pos="X">rodejant</wf>
         <wf lemma="la" pos="X">la</wf>
         <instance id="d000.s833.t000" lemma="punta" pos="NOUN">punta</instance>
         <wf lemma="." pos="X">.</wf>
      </sentence>
      <sentence id="d000.s834" source="wordnet-catalan">
         <wf lemma="Els" pos="X">Els</wf>
         <wf lemma="treballadors" pos="X">treballadors</wf>
         <wf lemma="de" pos="X">de</wf>
         <wf lemma="la" pos="X">la</wf>
         <wf lemma="carretera" pos="X">carretera</wf>
         <wf lemma="de" pos="X">de</wf>
         <wf lemma="seguida" pos="X">seguida</wf>
         <wf lemma="van" pos="X">van</wf>
         <wf lemma="posar" pos="X">posar</wf>
         <wf lemma="la" pos="X">la</wf>
         <wf lemma="carretera" pos="X">carretera</wf>
         <instance id="d000.s834.t000" lemma="transitable" pos="ADJ">transitable</instance>
         <wf lemma="." pos="X">.</wf>
      </sentence>
      <sentence id="d000.s835" source="wordnet-catalan">
         <wf lemma="l'" pos="X">l'</wf>
         <wf lemma="estat" pos="X">estat</wf>
         <wf lemma="va" pos="X">va</wf>
         <wf lemma="ordenar" pos="X">ordenar</wf>
         <wf lemma="l'" pos="X">l'</wf>
         <instance id="d000.s835.t000" lemma="embargament" pos="NOUN">embargament</instance>
         <wf lemma="de" pos="X">de</wf>
         <wf lemma="tota" pos="X">tota</wf>
         <wf lemma="la" pos="X">la</wf>
         <wf lemma="mercaderia" pos="X">mercaderia</wf>
         <wf lemma="del" pos="X">del</wf>
         <wf lemma="vaixell" pos="X">vaixell</wf>
         <wf lemma="." pos="X">.</wf>
      </sentence>
      <sentence id="d000.s836" source="wordnet-catalan">
         <wf lemma="la" pos="X">la</wf>
         <wf lemma="calor" pos="X">calor</wf>
         <wf lemma="estiuenca" pos="X">estiuenca</wf>
         <instance id="d000.s836.t000" lemma="normal" pos="ADJ">normal</instance>
         <wf lemma="." pos="X">.</wf>
      </sentence>
      <sentence id="d000.s837" source="wordnet-catalan">
         <wf lemma="li" pos="X">li</wf>
         <wf lemma="va" pos="X">va</wf>
         <wf lemma="dedicar" pos="X">dedicar</wf>
         <wf lemma="molt" pos="X">molt</wf>
         <wf lemma="de" pos="X">de</wf>
         <wf lemma="temps" pos="X">temps</wf>
         <wf lemma="a" pos="X">a</wf>
         <wf lemma="l'" pos="X">l'</wf>
         <instance id="d000.s837.t000" lemma="estudi" pos="NOUN">estudi</instance>
         <wf lemma="d'" pos="X">d'</wf>
         <wf lemma="aquella" pos="X">aquella</wf>
         <wf lemma="assignatura" pos="X">assignatura</wf>
         <wf lemma="." pos="X">.</wf>
      </sentence>
      <sentence id="d000.s838" source="wordnet-catalan">
         <wf lemma="la" pos="X">la</wf>
         <wf lemma="superioritat" pos="X">superioritat</wf>
         <instance id="d000.s838.t000" lemma="numèric" pos="ADJ">numèrica</instance>
         <wf lemma="de" pos="X">de</wf>
         <wf lemma="l'" pos="X">l'</wf>
         <wf lemma="enemic" pos="X">enemic</wf>
         <wf lemma="." pos="X">.</wf>
      </sentence>
      <sentence id="d000.s839" source="wordnet-catalan">
         <wf lemma="buscava" pos="X">buscava</wf>
         <wf lemma="tresors" pos="X">tresors</wf>
         <wf lemma="al" pos="X">al</wf>
         <instance id="d000.s839.t000" lemma="fon" pos="NOUN">fons</instance>
         <wf lemma="marí" pos="X">marí</wf>
         <wf lemma="." pos="X">.</wf>
      </sentence>
      <sentence id="d000.s840" source="wordnet-catalan">
         <wf lemma="He" pos="X">He</wf>
         <wf lemma="de" pos="X">de</wf>
         <wf lemma="renovar" pos="X">renovar</wf>
         <wf lemma="el" pos="X">el</wf>
         <instance id="d000.s840.t000" lemma="passaport" pos="NOUN">passaport</instance>
         <wf lemma="per" pos="X">per</wf>
         <wf lemma="anar-me'n" pos="X">anar-me'n</wf>
         <wf lemma="de" pos="X">de</wf>
         <wf lemma="viatge" pos="X">viatge</wf>
         <wf lemma="a" pos="X">a</wf>
         <wf lemma="Japó" pos="X">Japó</wf>
         <wf lemma="." pos="X">.</wf>
      </sentence>
      <sentence id="d000.s841" source="wordnet-catalan">
         <wf lemma="va" pos="X">va</wf>
         <wf lemma="ser" pos="X">ser</wf>
         <wf lemma="criat" pos="X">criat</wf>
         <wf lemma="en" pos="X">en</wf>
         <wf lemma="la" pos="X">la</wf>
         <instance id="d000.s841.t000" lemma="religió" pos="NOUN">religió</instance>
         <wf lemma="Baptista" pos="X">Baptista</wf>
         <wf lemma="." pos="X">.</wf>
      </sentence>
      <sentence id="d000.s842" source="wordnet-catalan">
         <wf lemma="Podia" pos="X">Podia</wf>
         <wf lemma="vencer" pos="X">vencer</wf>
         <wf lemma="als" pos="X">als</wf>
         <instance id="d000.s842.t000" lemma="millor" pos="NOUN">millors</instance>
         <wf lemma="." pos="X">.</wf>
      </sentence>
      <sentence id="d000.s843" source="wordnet-catalan">
         <wf lemma="&quot;" pos="X">&quot;</wf>
         <wf lemma="el" pos="X">el</wf>
         <wf lemma="pas" pos="X">pas</wf>
         <wf lemma="caut" pos="X">caut</wf>
         <wf lemma="de" pos="X">de</wf>
         <wf lemma="qui" pos="X">qui</wf>
         <wf lemma="és" pos="X">és</wf>
         <instance id="d000.s843.t000" lemma="conscient" pos="ADJ">conscient</instance>
         <wf lemma="de" pos="X">de</wf>
         <wf lemma="la" pos="X">la</wf>
         <wf lemma="seva" pos="X">seva</wf>
         <wf lemma="càrrega" pos="X">càrrega</wf>
         <wf lemma="d'" pos="X">d'</wf>
         <wf lemma="alcohol" pos="X">alcohol</wf>
         <wf lemma="&quot;" pos="X">&quot;</wf>
         <wf lemma="-" pos="X">-</wf>
         <wf lemma="Thomas" pos="X">Thomas</wf>
         <wf lemma="Hardy" pos="X">Hardy</wf>
         <wf lemma="." pos="X">.</wf>
      </sentence>
      <sentence id="d000.s844" source="wordnet-catalan">
         <wf lemma="el" pos="X">el</wf>
         <wf lemma="grup" pos="X">grup</wf>
         <wf lemma="de" pos="X">de</wf>
         <wf lemma="rescat" pos="X">rescat</wf>
         <wf lemma="van" pos="X">van</wf>
         <wf lemma="anar" pos="X">anar</wf>
         <wf lemma="a" pos="X">a</wf>
         <wf lemma="prestar-li" pos="X">prestar-li</wf>
         <instance id="d000.s844.t000" lemma="assistència" pos="NOUN">assistència</instance>
         <wf lemma="." pos="X">.</wf>
      </sentence>
      <sentence id="d000.s845" source="wordnet-catalan">
         <wf lemma="És" pos="X">És</wf>
         <wf lemma="un" pos="X">un</wf>
         <wf lemma="assumpte" pos="X">assumpte</wf>
         <instance id="d000.s845.t000" lemma="personal" pos="ADJ">personal</instance>
         <wf lemma="." pos="X">.</wf>
      </sentence>
      <sentence id="d000.s846" source="wordnet-catalan">
         <wf lemma="no" pos="X">no</wf>
         <wf lemma="va" pos="X">va</wf>
         <wf lemma="ser" pos="X">ser</wf>
         <wf lemma="una" pos="X">una</wf>
         <wf lemma="bona" pos="X">bona</wf>
         <instance id="d000.s846.t000" lemma="idea" pos="NOUN">idea</instance>
         <wf lemma="." pos="X">.</wf>
      </sentence>
      <sentence id="d000.s847" source="wordnet-catalan">
         <wf lemma="en" pos="X">en</wf>
         <instance id="d000.s847.t000" lemma="sintonia" pos="NOUN">sintonia</instance>
         <wf lemma="amb" pos="X">amb</wf>
         <wf lemma="algú" pos="X">algú</wf>
         <wf lemma="." pos="X">.</wf>
      </sentence>
      <sentence id="d000.s848" source="wordnet-catalan">
         <wf lemma="van" pos="X">van</wf>
         <wf lemma="trucar" pos="X">trucar</wf>
         <wf lemma="al" pos="X">al</wf>
         <instance id="d000.s848.t000" lemma="tècnic" pos="NOUN">tècnic</instance>
         <wf lemma="perquè" pos="X">perquè</wf>
         <wf lemma="arreglés" pos="X">arreglés</wf>
         <wf lemma="la" pos="X">la</wf>
         <wf lemma="televisió" pos="X">televisió</wf>
         <wf lemma="." pos="X">.</wf>
      </sentence>
      <sentence id="d000.s849" source="wordnet-catalan">
         <wf lemma="volia" pos="X">volia</wf>
         <wf lemma="protegir" pos="X">protegir</wf>
         <wf lemma="el" pos="X">el</wf>
         <wf lemma="seu" pos="X">seu</wf>
         <wf lemma="bon" pos="X">bon</wf>
         <instance id="d000.s849.t000" lemma="nom" pos="NOUN">nom</instance>
         <wf lemma="." pos="X">.</wf>
      </sentence>
      <sentence id="d000.s850" source="wordnet-catalan">
         <wf lemma="li" pos="X">li</wf>
         <wf lemma="va" pos="X">va</wf>
         <instance id="d000.s850.t000" lemma="demostrar" pos="VERB">demostrar</instance>
         <wf lemma="que" pos="X">que</wf>
         <wf lemma="hi" pos="X">hi</wf>
         <wf lemma="havia" pos="X">havia</wf>
         <wf lemma="molt" pos="X">molt</wf>
         <wf lemma="d'" pos="X">d'</wf>
         <wf lemma="espai" pos="X">espai</wf>
         <wf lemma="." pos="X">.</wf>
      </sentence>
      <sentence id="d000.s851" source="wordnet-catalan">
         <wf lemma="tots" pos="X">tots</wf>
         <wf lemma="els" pos="X">els</wf>
         <wf lemma="seus" pos="X">seus</wf>
         <wf lemma="fills" pos="X">fills</wf>
         <wf lemma="eren" pos="X">eren</wf>
         <wf lemma="brillants" pos="X">brillants</wf>
         <wf lemma=";" pos="X">;</wf>
         <wf lemma="l'" pos="X">l'</wf>
         <wf lemma="única" pos="X">única</wf>
         <instance id="d000.s851.t000" lemma="excepció" pos="NOUN">excepció</instance>
         <wf lemma="era" pos="X">era</wf>
         <wf lemma="el" pos="X">el</wf>
         <wf lemma="seu" pos="X">seu</wf>
         <wf lemma="fill" pos="X">fill</wf>
         <wf lemma="petit" pos="X">petit</wf>
         <wf lemma="." pos="X">.</wf>
      </sentence>
      <sentence id="d000.s852" source="wordnet-catalan">
         <wf lemma="va" pos="X">va</wf>
         <wf lemma="visitar" pos="X">visitar</wf>
         <wf lemma="les" pos="X">les</wf>
         <instance id="d000.s852.t000" lemma="vivenda" pos="NOUN">vivendes</instance>
         <wf lemma="dels" pos="X">dels</wf>
         <wf lemma="solters" pos="X">solters</wf>
         <wf lemma="." pos="X">.</wf>
      </sentence>
      <sentence id="d000.s853" source="wordnet-catalan">
         <wf lemma="va" pos="X">va</wf>
         <wf lemma="detectar" pos="X">detectar</wf>
         <wf lemma="una" pos="X">una</wf>
         <instance id="d000.s853.t000" lemma="nota" pos="NOUN">nota</instance>
         <wf lemma="de" pos="X">de</wf>
         <wf lemma="sarcasme" pos="X">sarcasme</wf>
         <wf lemma="." pos="X">.</wf>
      </sentence>
      <sentence id="d000.s854" source="wordnet-catalan">
         <wf lemma="el" pos="X">el</wf>
         <instance id="d000.s854.t000" lemma="títol" pos="NOUN">títol</instance>
         <wf lemma="de" pos="X">de</wf>
         <wf lemma="la" pos="X">la</wf>
         <wf lemma="pel·lícula" pos="X">pel·lícula</wf>
         <wf lemma="es" pos="X">es</wf>
         <wf lemma="va" pos="X">va</wf>
         <wf lemma="traduir" pos="X">traduir</wf>
         <wf lemma="malament" pos="X">malament</wf>
         <wf lemma="." pos="X">.</wf>
      </sentence>
      <sentence id="d000.s855" source="wordnet-catalan">
         <wf lemma="en" pos="X">en</wf>
         <wf lemma="el" pos="X">el</wf>
         <instance id="d000.s855.t000" lemma="programa" pos="NOUN">programa</instance>
         <wf lemma="de" pos="X">de</wf>
         <wf lemma="l'" pos="X">l'</wf>
         <wf lemma="exposició" pos="X">exposició</wf>
         <wf lemma="hi" pos="X">hi</wf>
         <wf lemma="figuraven" pos="X">figuraven</wf>
         <wf lemma="els" pos="X">els</wf>
         <wf lemma="col·laboradors" pos="X">col·laboradors</wf>
         <wf lemma="." pos="X">.</wf>
      </sentence>
      <sentence id="d000.s856" source="wordnet-catalan">
         <wf lemma="En" pos="X">En</wf>
         <wf lemma="la" pos="X">la</wf>
         <wf lemma="venda" pos="X">venda</wf>
         <wf lemma="del" pos="X">del</wf>
         <wf lemma="pis" pos="X">pis</wf>
         <wf lemma="es" pos="X">es</wf>
         <wf lemma="practica" pos="X">practica</wf>
         <wf lemma="una" pos="X">una</wf>
         <instance id="d000.s856.t000" lemma="sobreestimació" pos="NOUN">sobreestimació</instance>
         <wf lemma="." pos="X">.</wf>
      </sentence>
      <sentence id="d000.s857" source="wordnet-catalan">
         <wf lemma="l'" pos="X">l'</wf>
         <instance id="d000.s857.t000" lemma="amor" pos="NOUN">amor</instance>
         <wf lemma="per" pos="X">per</wf>
         <wf lemma="la" pos="X">la</wf>
         <wf lemma="seva" pos="X">seva</wf>
         <wf lemma="obra" pos="X">obra</wf>
         <wf lemma="." pos="X">.</wf>
      </sentence>
      <sentence id="d000.s858" source="wordnet-catalan">
         <wf lemma="el" pos="X">el</wf>
         <wf lemma="llibre" pos="X">llibre</wf>
         <wf lemma="fou" pos="X">fou</wf>
         <wf lemma="la" pos="X">la</wf>
         <wf lemma="seva" pos="X">seva</wf>
         <instance id="d000.s858.t000" lemma="fita" pos="NOUN">fita</instance>
         <wf lemma="més" pos="X">més</wf>
         <wf lemma="important" pos="X">important</wf>
         <wf lemma="." pos="X">.</wf>
      </sentence>
      <sentence id="d000.s859" source="wordnet-catalan">
         <wf lemma="els" pos="X">els</wf>
         <wf lemma="jugadors" pos="X">jugadors</wf>
         <wf lemma="havien" pos="X">havien</wf>
         <wf lemma="de" pos="X">de</wf>
         <wf lemma="reservar" pos="X">reservar</wf>
         <wf lemma="una" pos="X">una</wf>
         <instance id="d000.s859.t000" lemma="pista" pos="NOUN">pista</instance>
         <wf lemma="per" pos="X">per</wf>
         <wf lemma="endavant" pos="X">endavant</wf>
         <wf lemma="." pos="X">.</wf>
      </sentence>
      <sentence id="d000.s860" source="wordnet-catalan">
         <wf lemma="El" pos="X">El</wf>
         <wf lemma="calçat" pos="X">calçat</wf>
         <wf lemma="d'" pos="X">d'</wf>
         <wf lemma="aquesta" pos="X">aquesta</wf>
         <wf lemma="marca" pos="X">marca</wf>
         <wf lemma="té" pos="X">té</wf>
         <wf lemma="una" pos="X">una</wf>
         <wf lemma="qualitat" pos="X">qualitat</wf>
         <instance id="d000.s860.t000" lemma="inferior" pos="ADJ">inferior</instance>
         <wf lemma="." pos="X">.</wf>
      </sentence>
      <sentence id="d000.s861" source="wordnet-catalan">
         <wf lemma="És" pos="X">És</wf>
         <wf lemma="un" pos="X">un</wf>
         <wf lemma="comentari" pos="X">comentari</wf>
         <instance id="d000.s861.t000" lemma="ofensiu" pos="ADJ">ofensiu</instance>
         <wf lemma="." pos="X">.</wf>
      </sentence>
      <sentence id="d000.s862" source="wordnet-catalan">
         <instance id="d000.s862.t000" lemma="obra" pos="NOUN">obra</instance>
         <wf lemma="teatral" pos="X">teatral</wf>
         <wf lemma="." pos="X">.</wf>
      </sentence>
      <sentence id="d000.s863" source="wordnet-catalan">
         <wf lemma="no" pos="X">no</wf>
         <wf lemma="em" pos="X">em</wf>
         <wf lemma="podia" pos="X">podia</wf>
         <wf lemma="creure" pos="X">creure</wf>
         <wf lemma="que" pos="X">que</wf>
         <wf lemma="tingués" pos="X">tingués</wf>
         <wf lemma="tanta" pos="X">tanta</wf>
         <instance id="d000.s863.t000" lemma="barra" pos="NOUN">barra</instance>
         <wf lemma="." pos="X">.</wf>
      </sentence>
      <sentence id="d000.s864" source="wordnet-catalan">
         <wf lemma="va" pos="X">va</wf>
         <wf lemma="aturar" pos="X">aturar</wf>
         <wf lemma="la" pos="X">la</wf>
         <wf lemma="mà" pos="X">mà</wf>
         <wf lemma="a" pos="X">a</wf>
         <wf lemma="l'" pos="X">l'</wf>
         <instance id="d000.s864.t000" lemma="aire" pos="NOUN">aire</instance>
         <wf lemma="." pos="X">.</wf>
      </sentence>
      <sentence id="d000.s865" source="wordnet-catalan">
         <wf lemma="S'" pos="X">S'</wf>
         <wf lemma="ha" pos="X">ha</wf>
         <wf lemma="aprobat" pos="X">aprobat</wf>
         <wf lemma="la" pos="X">la</wf>
         <instance id="d000.s865.t000" lemma="llei" pos="NOUN">llei</instance>
         <wf lemma="que" pos="X">que</wf>
         <wf lemma="conté" pos="X">conté</wf>
         <wf lemma="el" pos="X">el</wf>
         <wf lemma="pressupost" pos="X">pressupost</wf>
         <wf lemma="general" pos="X">general</wf>
         <wf lemma="." pos="X">.</wf>
      </sentence>
      <sentence id="d000.s866" source="wordnet-catalan">
         <wf lemma="plaers" pos="X">plaers</wf>
         <instance id="d000.s866.t000" lemma="mundà" pos="ADJ">mundans</instance>
         <wf lemma="." pos="X">.</wf>
      </sentence>
      <sentence id="d000.s867" source="wordnet-catalan">
         <wf lemma="S'" pos="X">S'</wf>
         <wf lemma="ha" pos="X">ha</wf>
         <wf lemma="donat" pos="X">donat</wf>
         <wf lemma="un" pos="X">un</wf>
         <wf lemma="bloqueig" pos="X">bloqueig</wf>
         <instance id="d000.s867.t000" lemma="congresional" pos="ADJ">congresional</instance>
         <wf lemma="al" pos="X">al</wf>
         <wf lemma="retorn" pos="X">retorn</wf>
         <wf lemma="del" pos="X">del</wf>
         <wf lemma="deposat" pos="X">deposat</wf>
         <wf lemma="president" pos="X">president</wf>
         <wf lemma="." pos="X">.</wf>
      </sentence>
      <sentence id="d000.s868" source="wordnet-catalan">
         <wf lemma="És" pos="X">És</wf>
         <wf lemma="una" pos="X">una</wf>
         <wf lemma="norma" pos="X">norma</wf>
         <instance id="d000.s868.t000" lemma="vinculant" pos="ADJ">vinculant</instance>
         <wf lemma="." pos="X">.</wf>
      </sentence>
      <sentence id="d000.s869" source="wordnet-catalan">
         <wf lemma="Els" pos="X">Els</wf>
         <wf lemma="pares" pos="X">pares</wf>
         <instance id="d000.s869.t000" lemma="indulgent" pos="ADJ">indulgents</instance>
         <wf lemma="tenen" pos="X">tenen</wf>
         <wf lemma="el" pos="X">el</wf>
         <wf lemma="risc" pos="X">risc</wf>
         <wf lemma="de" pos="X">de</wf>
         <wf lemma="perdre" pos="X">perdre</wf>
         <wf lemma="els" pos="X">els</wf>
         <wf lemma="seus" pos="X">seus</wf>
         <wf lemma="fills" pos="X">fills</wf>
         <wf lemma="." pos="X">.</wf>
      </sentence>
      <sentence id="d000.s870" source="wordnet-catalan">
         <instance id="d000.s870.t000" lemma="mare" pos="NOUN">mare</instance>
         <wf lemma="de" pos="X">de</wf>
         <wf lemma="tres" pos="X">tres</wf>
         <wf lemma="nens" pos="X">nens</wf>
         <wf lemma="." pos="X">.</wf>
      </sentence>
      <sentence id="d000.s871" source="wordnet-catalan">
         <wf lemma="en" pos="X">en</wf>
         <wf lemma="el" pos="X">el</wf>
         <instance id="d000.s871.t000" lemma="marc" pos="NOUN">marc</instance>
         <wf lemma="d'" pos="X">d'</wf>
         <wf lemma="aquest" pos="X">aquest</wf>
         <wf lemma="article" pos="X">article</wf>
         <wf lemma="." pos="X">.</wf>
      </sentence>
      <sentence id="d000.s872" source="wordnet-catalan">
         <wf lemma="la" pos="X">la</wf>
         <wf lemma="malaltia" pos="X">malaltia</wf>
         <wf lemma="havia" pos="X">havia</wf>
         <wf lemma="arribat" pos="X">arribat</wf>
         <wf lemma="a" pos="X">a</wf>
         <wf lemma="una" pos="X">una</wf>
         <wf lemma="fase" pos="X">fase</wf>
         <instance id="d000.s872.t000" lemma="avançat" pos="ADJ">avançada</instance>
         <wf lemma="." pos="X">.</wf>
      </sentence>
      <sentence id="d000.s873" source="wordnet-catalan">
         <wf lemma="és" pos="X">és</wf>
         <wf lemma="a" pos="X">a</wf>
         <wf lemma="la" pos="X">la</wf>
         <instance id="d000.s873.t000" lemma="secció" pos="NOUN">secció</instance>
         <wf lemma="de" pos="X">de</wf>
         <wf lemma="compres" pos="X">compres</wf>
         <wf lemma="del" pos="X">del</wf>
         <wf lemma="negoci" pos="X">negoci</wf>
         <wf lemma="." pos="X">.</wf>
      </sentence>
      <sentence id="d000.s874" source="wordnet-catalan">
         <wf lemma="va" pos="X">va</wf>
         <wf lemma="canviar" pos="X">canviar</wf>
         <wf lemma="el" pos="X">el</wf>
         <wf lemma="seu" pos="X">seu</wf>
         <wf lemma="nom" pos="X">nom</wf>
         <wf lemma="per" pos="X">per</wf>
         <wf lemma="evitar" pos="X">evitar</wf>
         <wf lemma="les" pos="X">les</wf>
         <instance id="d000.s874.t000" lemma="confusió" pos="NOUN">confusions</instance>
         <wf lemma="amb" pos="X">amb</wf>
         <wf lemma="aquell" pos="X">aquell</wf>
         <wf lemma="famós" pos="X">famós</wf>
         <wf lemma="delinqüent" pos="X">delinqüent</wf>
         <wf lemma="." pos="X">.</wf>
      </sentence>
      <sentence id="d000.s875" source="wordnet-catalan">
         <wf lemma="un" pos="X">un</wf>
         <instance id="d000.s875.t000" lemma="parell" pos="NOUN">parell</instance>
         <wf lemma="de" pos="X">de</wf>
         <wf lemma="mitjons" pos="X">mitjons</wf>
         <wf lemma="." pos="X">.</wf>
      </sentence>
      <sentence id="d000.s876" source="wordnet-catalan">
         <wf lemma="el" pos="X">el</wf>
         <instance id="d000.s876.t000" lemma="curs" pos="NOUN">curs</instance>
         <wf lemma="del" pos="X">del</wf>
         <wf lemma="riu" pos="X">riu</wf>
         <wf lemma="." pos="X">.</wf>
      </sentence>
      <sentence id="d000.s877" source="wordnet-catalan">
         <wf lemma="la" pos="X">la</wf>
         <wf lemma="reina" pos="X">reina</wf>
         <wf lemma="de" pos="X">de</wf>
         <instance id="d000.s877.t000" lemma="cor" pos="NOUN">cors</instance>
         <wf lemma="." pos="X">.</wf>
      </sentence>
      <sentence id="d000.s878" source="wordnet-catalan">
         <wf lemma="El" pos="X">El</wf>
         <wf lemma="nostre" pos="X">nostre</wf>
         <instance id="d000.s878.t000" lemma="arrendador" pos="NOUN">arrendador</instance>
         <wf lemma="ens" pos="X">ens</wf>
         <wf lemma="ha" pos="X">ha</wf>
         <wf lemma="baixat" pos="X">baixat</wf>
         <wf lemma="el" pos="X">el</wf>
         <wf lemma="lloguer" pos="X">lloguer</wf>
         <wf lemma="del" pos="X">del</wf>
         <wf lemma="pis" pos="X">pis</wf>
         <wf lemma="." pos="X">.</wf>
      </sentence>
      <sentence id="d000.s879" source="wordnet-catalan">
         <wf lemma="L'" pos="X">L'</wf>
         <instance id="d000.s879.t000" lemma="assignació" pos="NOUN">assignació</instance>
         <wf lemma="d'" pos="X">d'</wf>
         <wf lemma="atur" pos="X">atur</wf>
         <wf lemma="." pos="X">.</wf>
      </sentence>
      <sentence id="d000.s880" source="wordnet-catalan">
         <wf lemma="l'" pos="X">l'</wf>
         <wf lemma="alba" pos="X">alba</wf>
         <wf lemma="de" pos="X">de</wf>
         <wf lemma="la" pos="X">la</wf>
         <instance id="d000.s880.t000" lemma="història" pos="NOUN">història</instance>
         <wf lemma="documentada" pos="X">documentada</wf>
         <wf lemma="." pos="X">.</wf>
      </sentence>
      <sentence id="d000.s881" source="wordnet-catalan">
         <wf lemma="l'" pos="X">l'</wf>
         <wf lemma="orador" pos="X">orador</wf>
         <wf lemma="va" pos="X">va</wf>
         <wf lemma="fer" pos="X">fer</wf>
         <wf lemma="diverses" pos="X">diverses</wf>
         <instance id="d000.s881.t000" lemma="menció" pos="NOUN">mencions</instance>
         <wf lemma="a" pos="X">a</wf>
         <wf lemma="la" pos="X">la</wf>
         <wf lemma="seva" pos="X">seva</wf>
         <wf lemma="esposa" pos="X">esposa</wf>
         <wf lemma="." pos="X">.</wf>
      </sentence>
      <sentence id="d000.s882" source="wordnet-catalan">
         <wf lemma="capacitat" pos="X">capacitat</wf>
         <instance id="d000.s882.t000" lemma="intermedi" pos="ADJ">intermèdia</instance>
         <wf lemma="." pos="X">.</wf>
      </sentence>
      <sentence id="d000.s883" source="wordnet-catalan">
         <wf lemma="Un" pos="X">Un</wf>
         <wf lemma="enzim" pos="X">enzim</wf>
         <instance id="d000.s883.t000" lemma="classificable" pos="ADJ">classificable</instance>
         <wf lemma="." pos="X">.</wf>
      </sentence>
      <sentence id="d000.s884" source="wordnet-catalan">
         <wf lemma="l'" pos="X">l'</wf>
         <instance id="d000.s884.t000" lemma="objectiu" pos="NOUN">objectiu</instance>
         <wf lemma="del" pos="X">del</wf>
         <wf lemma="joc" pos="X">joc</wf>
         <wf lemma="és" pos="X">és</wf>
         <wf lemma="puntuar" pos="X">puntuar</wf>
         <wf lemma="poc" pos="X">poc</wf>
         <wf lemma="." pos="X">.</wf>
      </sentence>
      <sentence id="d000.s885" source="wordnet-catalan">
         <wf lemma="per" pos="X">per</wf>
         <instance id="d000.s885.t000" lemma="diversió" pos="NOUN">diversió</instance>
         <wf lemma="," pos="X">,</wf>
         <wf lemma="va" pos="X">va</wf>
         <wf lemma="escriure" pos="X">escriure</wf>
         <wf lemma="poesia" pos="X">poesia</wf>
         <wf lemma="i" pos="X">i</wf>
         <wf lemma="va" pos="X">va</wf>
         <wf lemma="resoldre" pos="X">resoldre</wf>
         <wf lemma="mots" pos="X">mots</wf>
         <wf lemma="encreuats" pos="X">encreuats</wf>
         <wf lemma="." pos="X">.</wf>
      </sentence>
      <sentence id="d000.s886" source="wordnet-catalan">
         <wf lemma="edificis" pos="X">edificis</wf>
         <instance id="d000.s886.t000" lemma="alt" pos="ADJ">alts</instance>
         <wf lemma="." pos="X">.</wf>
      </sentence>
      <sentence id="d000.s887" source="wordnet-catalan">
         <wf lemma="necessitava" pos="X">necessitava</wf>
         <wf lemma="un" pos="X">un</wf>
         <instance id="d000.s887.t000" lemma="cotxe" pos="NOUN">cotxe</instance>
         <wf lemma="per" pos="X">per</wf>
         <wf lemma="anar" pos="X">anar</wf>
         <wf lemma="a" pos="X">a</wf>
         <wf lemma="treballar" pos="X">treballar</wf>
         <wf lemma="." pos="X">.</wf>
      </sentence>
      <sentence id="d000.s888" source="wordnet-catalan">
         <wf lemma="era" pos="X">era</wf>
         <wf lemma="una" pos="X">una</wf>
         <wf lemma="esperança" pos="X">esperança</wf>
         <wf lemma="que" pos="X">que</wf>
         <wf lemma="anava" pos="X">anava</wf>
         <wf lemma="de" pos="X">de</wf>
         <wf lemma="la" pos="X">la</wf>
         <wf lemma="possibilitat" pos="X">possibilitat</wf>
         <wf lemma="cap" pos="X">cap</wf>
         <wf lemma="a" pos="X">a</wf>
         <wf lemma="la" pos="X">la</wf>
         <instance id="d000.s888.t000" lemma="realitat" pos="NOUN">realitat</instance>
         <wf lemma="." pos="X">.</wf>
      </sentence>
      <sentence id="d000.s889" source="wordnet-catalan">
         <wf lemma="un" pos="X">un</wf>
         <wf lemma="home" pos="X">home</wf>
         <instance id="d000.s889.t000" lemma="venjatiu" pos="ADJ">venjatiu</instance>
         <wf lemma="buscarà" pos="X">buscarà</wf>
         <wf lemma="oportunitats" pos="X">oportunitats</wf>
         <wf lemma="pel" pos="X">pel</wf>
         <wf lemma="ressentiment" pos="X">ressentiment</wf>
         <wf lemma="." pos="X">.</wf>
      </sentence>
      <sentence id="d000.s890" source="wordnet-catalan">
         <wf lemma="un" pos="X">un</wf>
         <instance id="d000.s890.t000" lemma="segment" pos="NOUN">segment</instance>
         <wf lemma="de" pos="X">de</wf>
         <wf lemma="la" pos="X">la</wf>
         <wf lemma="canya" pos="X">canya</wf>
         <wf lemma="de" pos="X">de</wf>
         <wf lemma="pescar" pos="X">pescar</wf>
         <wf lemma="." pos="X">.</wf>
      </sentence>
      <sentence id="d000.s891" source="wordnet-catalan">
         <wf lemma="utilitzava" pos="X">utilitzava</wf>
         <wf lemma="un" pos="X">un</wf>
         <instance id="d000.s891.t000" lemma="llenguatge" pos="NOUN">llenguatge</instance>
         <wf lemma="molt" pos="X">molt</wf>
         <wf lemma="dur" pos="X">dur</wf>
         <wf lemma="." pos="X">.</wf>
      </sentence>
      <sentence id="d000.s892" source="wordnet-catalan">
         <wf lemma="Un" pos="X">Un</wf>
         <wf lemma="símbol" pos="X">símbol</wf>
         <wf lemma="apropiat" pos="X">apropiat</wf>
         <wf lemma="de" pos="X">de</wf>
         <wf lemma="l'" pos="X">l'</wf>
         <wf lemma="amor" pos="X">amor</wf>
         <instance id="d000.s892.t000" lemma="conjugal" pos="ADJ">conjugal</instance>
         <wf lemma="." pos="X">.</wf>
      </sentence>
      <sentence id="d000.s893" source="wordnet-catalan">
         <wf lemma="monarquia" pos="X">monarquia</wf>
         <instance id="d000.s893.t000" lemma="absolut" pos="ADJ">absoluta</instance>
         <wf lemma="." pos="X">.</wf>
      </sentence>
      <sentence id="d000.s894" source="wordnet-catalan">
         <wf lemma="el" pos="X">el</wf>
         <instance id="d000.s894.t000" lemma="part" pos="NOUN">part</instance>
         <wf lemma="no" pos="X">no</wf>
         <wf lemma="va" pos="X">va</wf>
         <wf lemma="portar" pos="X">portar</wf>
         <wf lemma="cap" pos="X">cap</wf>
         <wf lemma="complicació" pos="X">complicació</wf>
         <wf lemma="." pos="X">.</wf>
      </sentence>
      <sentence id="d000.s895" source="wordnet-catalan">
         <wf lemma="el" pos="X">el</wf>
         <wf lemma="missatge" pos="X">missatge</wf>
         <wf lemma="contenia" pos="X">contenia</wf>
         <wf lemma="quatre" pos="X">quatre</wf>
         <instance id="d000.s895.t000" lemma="punt" pos="NOUN">punts</instance>
         <wf lemma="i" pos="X">i</wf>
         <wf lemma="dues" pos="X">dues</wf>
         <wf lemma="ratlles" pos="X">ratlles</wf>
         <wf lemma="." pos="X">.</wf>
      </sentence>
      <sentence id="d000.s896" source="wordnet-catalan">
         <wf lemma="Les" pos="X">Les</wf>
         <wf lemma="xifres" pos="X">xifres</wf>
         <wf lemma="són" pos="X">són</wf>
         <instance id="d000.s896.t000" lemma="contradictori" pos="ADJ">contradictòries</instance>
         <wf lemma="amb" pos="X">amb</wf>
         <wf lemma="els" pos="X">els</wf>
         <wf lemma="nostres" pos="X">nostres</wf>
         <wf lemma="resultats" pos="X">resultats</wf>
         <wf lemma="." pos="X">.</wf>
      </sentence>
      <sentence id="d000.s897" source="wordnet-catalan">
         <wf lemma="el" pos="X">el</wf>
         <instance id="d000.s897.t000" lemma="senyor" pos="NOUN">senyor</instance>
         <wf lemma="Pau" pos="X">Pau</wf>
         <wf lemma="és" pos="X">és</wf>
         <wf lemma="l'" pos="X">l'</wf>
         <wf lemma="amo" pos="X">amo</wf>
         <wf lemma="de" pos="X">de</wf>
         <wf lemma="l'" pos="X">l'</wf>
         <wf lemma="empresa" pos="X">empresa</wf>
         <wf lemma="." pos="X">.</wf>
      </sentence>
      <sentence id="d000.s898" source="wordnet-catalan">
         <wf lemma="tenia" pos="X">tenia</wf>
         <wf lemma="tan" pos="X">tan</wf>
         <instance id="d000.s898.t000" lemma="fred" pos="NOUN">fred</instance>
         <wf lemma="que" pos="X">que</wf>
         <wf lemma="va" pos="X">va</wf>
         <wf lemma="encendre" pos="X">encendre</wf>
         <wf lemma="un" pos="X">un</wf>
         <wf lemma="foc." pos="X">foc.</wf>
      </sentence>
      <sentence id="d000.s899" source="wordnet-catalan">
         <wf lemma="l'" pos="X">l'</wf>
         <wf lemma="ajuntament" pos="X">ajuntament</wf>
         <wf lemma="va" pos="X">va</wf>
         <wf lemma="acceptar" pos="X">acceptar</wf>
         <wf lemma="la" pos="X">la</wf>
         <instance id="d000.s899.t000" lemma="proposta" pos="NOUN">proposta</instance>
         <wf lemma="de" pos="X">de</wf>
         <wf lemma="l'" pos="X">l'</wf>
         <wf lemma="oposició" pos="X">oposició</wf>
         <wf lemma="." pos="X">.</wf>
      </sentence>
      <sentence id="d000.s900" source="wordnet-catalan">
         <instance id="d000.s900.t000" lemma="treball" pos="NOUN">treball</instance>
         <wf lemma="temporal" pos="X">temporal</wf>
         <wf lemma="." pos="X">.</wf>
      </sentence>
      <sentence id="d000.s901" source="wordnet-catalan">
         <wf lemma="Necessita" pos="X">Necessita</wf>
         <wf lemma="una" pos="X">una</wf>
         <wf lemma="dispensa" pos="X">dispensa</wf>
         <instance id="d000.s901.t000" lemma="papal" pos="ADJ">papal</instance>
         <wf lemma="per" pos="X">per</wf>
         <wf lemma="contraure" pos="X">contraure</wf>
         <wf lemma="matrimoni" pos="X">matrimoni</wf>
         <wf lemma="." pos="X">.</wf>
      </sentence>
      <sentence id="d000.s902" source="wordnet-catalan">
         <wf lemma="La" pos="X">La</wf>
         <wf lemma="casta" pos="X">casta</wf>
         <wf lemma="dirigent" pos="X">dirigent</wf>
         <wf lemma="s'" pos="X">s'</wf>
         <wf lemma="ha" pos="X">ha</wf>
         <wf lemma="convertit" pos="X">convertit</wf>
         <wf lemma="en" pos="X">en</wf>
         <wf lemma="una" pos="X">una</wf>
         <instance id="d000.s902.t000" lemma="oligarquia" pos="NOUN">oligarquia</instance>
         <wf lemma="." pos="X">.</wf>
      </sentence>
      <sentence id="d000.s903" source="wordnet-catalan">
         <wf lemma="les" pos="X">les</wf>
         <instance id="d000.s903.t000" lemma="forma" pos="NOUN">formes</instance>
         <wf lemma="gramaticals" pos="X">gramaticals</wf>
         <wf lemma="d'" pos="X">d'</wf>
         <wf lemma="un" pos="X">un</wf>
         <wf lemma="mot" pos="X">mot</wf>
         <wf lemma="." pos="X">.</wf>
      </sentence>
      <sentence id="d000.s904" source="wordnet-catalan">
         <wf lemma="és" pos="X">és</wf>
         <wf lemma="l'" pos="X">l'</wf>
         <instance id="d000.s904.t000" lemma="ocasió" pos="NOUN">ocasió</instance>
         <wf lemma="ideònia" pos="X">ideònia</wf>
         <wf lemma="." pos="X">.</wf>
      </sentence>
      <sentence id="d000.s905" source="wordnet-catalan">
         <wf lemma="va" pos="X">va</wf>
         <wf lemma="dibuixar" pos="X">dibuixar</wf>
         <wf lemma="la" pos="X">la</wf>
         <instance id="d000.s905.t000" lemma="figura" pos="NOUN">figura</instance>
         <wf lemma="del" pos="X">del</wf>
         <wf lemma="Pare" pos="X">Pare</wf>
         <wf lemma="Noel" pos="X">Noel</wf>
         <wf lemma="." pos="X">.</wf>
      </sentence>
      <sentence id="d000.s906" source="wordnet-catalan">
         <wf lemma="va" pos="X">va</wf>
         <wf lemma="dur" pos="X">dur</wf>
         <wf lemma="a" pos="X">a</wf>
         <wf lemma="terme" pos="X">terme</wf>
         <wf lemma="l'" pos="X">l'</wf>
         <instance id="d000.s906.t000" lemma="operació" pos="NOUN">operació</instance>
         <wf lemma="naval" pos="X">naval</wf>
         <wf lemma="correctament" pos="X">correctament</wf>
         <wf lemma="." pos="X">.</wf>
      </sentence>
      <sentence id="d000.s907" source="wordnet-catalan">
         <wf lemma="Els" pos="X">Els</wf>
         <wf lemma="ciutadans" pos="X">ciutadans</wf>
         <instance id="d000.s907.t000" lemma="complidor" pos="ADJ">complidors</instance>
         <wf lemma="de" pos="X">de</wf>
         <wf lemma="la" pos="X">la</wf>
         <wf lemma="llei" pos="X">llei</wf>
         <wf lemma="." pos="X">.</wf>
      </sentence>
      <sentence id="d000.s908" source="wordnet-catalan">
         <wf lemma="l'" pos="X">l'</wf>
         <instance id="d000.s908.t000" lemma="escomesa" pos="NOUN">escomesa</instance>
         <wf lemma="va" pos="X">va</wf>
         <wf lemma="començar" pos="X">començar</wf>
         <wf lemma="a" pos="X">a</wf>
         <wf lemma="l'" pos="X">l'</wf>
         <wf lemma="alba" pos="X">alba</wf>
         <wf lemma="." pos="X">.</wf>
      </sentence>
      <sentence id="d000.s909" source="wordnet-catalan">
         <wf lemma="la" pos="X">la</wf>
         <wf lemma="reacció" pos="X">reacció</wf>
         <wf lemma="ocorre" pos="X">ocorre</wf>
         <wf lemma="en" pos="X">en</wf>
         <wf lemma="la" pos="X">la</wf>
         <instance id="d000.s909.t000" lemma="fase" pos="NOUN">fase</instance>
         <wf lemma="líquida" pos="X">líquida</wf>
         <wf lemma="del" pos="X">del</wf>
         <wf lemma="sistema" pos="X">sistema</wf>
         <wf lemma="." pos="X">.</wf>
      </sentence>
      <sentence id="d000.s910" source="wordnet-catalan">
         <wf lemma="Es" pos="X">Es</wf>
         <wf lemma="fixa" pos="X">fixa</wf>
         <wf lemma="la" pos="X">la</wf>
         <instance id="d000.s910.t000" lemma="mostra" pos="NOUN">mostra</instance>
         <wf lemma="per" pos="X">per</wf>
         <wf lemma="examinar-la" pos="X">examinar-la</wf>
         <wf lemma="amb" pos="X">amb</wf>
         <wf lemma="un" pos="X">un</wf>
         <wf lemma="microscopi" pos="X">microscopi</wf>
         <wf lemma="electrònic" pos="X">electrònic</wf>
         <wf lemma="." pos="X">.</wf>
      </sentence>
      <sentence id="d000.s911" source="wordnet-catalan">
         <wf lemma="l'" pos="X">l'</wf>
         <instance id="d000.s911.t000" lemma="existència" pos="NOUN">existència</instance>
         <wf lemma="de" pos="X">de</wf>
         <wf lemma="vida" pos="X">vida</wf>
         <wf lemma="a" pos="X">a</wf>
         <wf lemma="d'" pos="X">d'</wf>
         <wf lemma="altres" pos="X">altres</wf>
         <wf lemma="planetes" pos="X">planetes</wf>
         <wf lemma="." pos="X">.</wf>
      </sentence>
      <sentence id="d000.s912" source="wordnet-catalan">
         <wf lemma="el" pos="X">el</wf>
         <wf lemma="van" pos="X">van</wf>
         <wf lemma="localitzar" pos="X">localitzar</wf>
         <wf lemma="en" pos="X">en</wf>
         <wf lemma="un" pos="X">un</wf>
         <instance id="d000.s912.t000" lemma="radi" pos="NOUN">radi</instance>
         <wf lemma="de" pos="X">de</wf>
         <wf lemma="dues" pos="X">dues</wf>
         <wf lemma="milles" pos="X">milles</wf>
         <wf lemma="." pos="X">.</wf>
      </sentence>
      <sentence id="d000.s913" source="wordnet-catalan">
         <wf lemma="la" pos="X">la</wf>
         <wf lemma="planta" pos="X">planta</wf>
         <wf lemma="d'" pos="X">d'</wf>
         <wf lemma="assemblatge" pos="X">assemblatge</wf>
         <wf lemma="és" pos="X">és</wf>
         <wf lemma="una" pos="X">una</wf>
         <instance id="d000.s913.t000" lemma="instal·lació" pos="NOUN">instal·lació</instance>
         <wf lemma="enorme" pos="X">enorme</wf>
         <wf lemma="." pos="X">.</wf>
      </sentence>
      <sentence id="d000.s914" source="wordnet-catalan">
         <wf lemma="es" pos="X">es</wf>
         <wf lemma="va" pos="X">va</wf>
         <wf lemma="deixar" pos="X">deixar</wf>
         <wf lemma="barba" pos="X">barba</wf>
         <wf lemma="per" pos="X">per</wf>
         <wf lemma="fer" pos="X">fer</wf>
         <wf lemma="una" pos="X">una</wf>
         <instance id="d000.s914.t000" lemma="prova" pos="NOUN">prova</instance>
         <wf lemma="." pos="X">.</wf>
      </sentence>
      <sentence id="d000.s915" source="wordnet-catalan">
         <wf lemma="El" pos="X">El</wf>
         <wf lemma="govern" pos="X">govern</wf>
         <wf lemma="ha" pos="X">ha</wf>
         <wf lemma="deixat" pos="X">deixat</wf>
         <wf lemma="el" pos="X">el</wf>
         <wf lemma="paper" pos="X">paper</wf>
         <wf lemma="de" pos="X">de</wf>
         <instance id="d000.s915.t000" lemma="unilateralista" pos="NOUN">unilateralista</instance>
         <wf lemma="per" pos="X">per</wf>
         <wf lemma="a" pos="X">a</wf>
         <wf lemma="afavorir" pos="X">afavorir</wf>
         <wf lemma="el" pos="X">el</wf>
         <wf lemma="diàleg" pos="X">diàleg</wf>
         <wf lemma="." pos="X">.</wf>
      </sentence>
      <sentence id="d000.s916" source="wordnet-catalan">
         <wf lemma="tenia" pos="X">tenia</wf>
         <instance id="d000.s916.t000" lemma="mal" pos="ADJ">males</instance>
         <wf lemma="intencions" pos="X">intencions</wf>
         <wf lemma="." pos="X">.</wf>
      </sentence>
      <sentence id="d000.s917" source="wordnet-catalan">
         <wf lemma="les" pos="X">les</wf>
         <instance id="d000.s917.t000" lemma="declaració" pos="NOUN">declaracions</instance>
         <wf lemma="del" pos="X">del</wf>
         <wf lemma="President" pos="X">President</wf>
         <wf lemma="no" pos="X">no</wf>
         <wf lemma="es" pos="X">es</wf>
         <wf lemma="van" pos="X">van</wf>
         <wf lemma="respectar" pos="X">respectar</wf>
         <wf lemma="." pos="X">.</wf>
      </sentence>
      <sentence id="d000.s918" source="wordnet-catalan">
         <wf lemma="els" pos="X">els</wf>
         <wf lemma="seus" pos="X">seus</wf>
         <wf lemma="desitjos" pos="X">desitjos</wf>
         <wf lemma="tenien" pos="X">tenien</wf>
         <wf lemma="molta" pos="X">molta</wf>
         <instance id="d000.s918.t000" lemma="influència" pos="NOUN">influència</instance>
         <wf lemma="en" pos="X">en</wf>
         <wf lemma="el" pos="X">el</wf>
         <wf lemma="seu" pos="X">seu</wf>
         <wf lemma="pensament" pos="X">pensament</wf>
         <wf lemma="." pos="X">.</wf>
      </sentence>
      <sentence id="d000.s919" source="wordnet-catalan">
         <wf lemma="la" pos="X">la</wf>
         <instance id="d000.s919.t000" lemma="capçalera" pos="NOUN">capçalera</instance>
         <wf lemma="de" pos="X">de</wf>
         <wf lemma="la" pos="X">la</wf>
         <wf lemma="pàgina" pos="X">pàgina</wf>
         <wf lemma="." pos="X">.</wf>
      </sentence>
      <sentence id="d000.s920" source="wordnet-catalan">
         <wf lemma="els" pos="X">els</wf>
         <wf lemma="aranzels" pos="X">aranzels</wf>
         <wf lemma="canadencs" pos="X">canadencs</wf>
         <wf lemma="van" pos="X">van</wf>
         <wf lemma="permetre" pos="X">permetre</wf>
         <wf lemma="a" pos="X">a</wf>
         <wf lemma="les" pos="X">les</wf>
         <wf lemma="empreses" pos="X">empreses</wf>
         <wf lemma="de" pos="X">de</wf>
         <wf lemma="fusta" pos="X">fusta</wf>
         <wf lemma="dels" pos="X">dels</wf>
         <wf lemma="Estats" pos="X">Estats</wf>
         <wf lemma="Units" pos="X">Units</wf>
         <wf lemma="augmentar" pos="X">augmentar</wf>
         <wf lemma="els" pos="X">els</wf>
         <wf lemma="preus" pos="X">preus</wf>
         <wf lemma="en" pos="X">en</wf>
         <wf lemma="el" pos="X">el</wf>
         <instance id="d000.s920.t000" lemma="país" pos="NOUN">país</instance>
         <wf lemma="." pos="X">.</wf>
      </sentence>
      <sentence id="d000.s921" source="wordnet-catalan">
         <wf lemma="ens" pos="X">ens</wf>
         <wf lemma="va" pos="X">va</wf>
         <wf lemma="donar" pos="X">donar</wf>
         <wf lemma="una" pos="X">una</wf>
         <wf lemma="idea" pos="X">idea</wf>
         <instance id="d000.s921.t000" lemma="clar" pos="ADJ">clara</instance>
         <wf lemma="de" pos="X">de</wf>
         <wf lemma="la" pos="X">la</wf>
         <wf lemma="naturalesa" pos="X">naturalesa</wf>
         <wf lemma="humana" pos="X">humana</wf>
         <wf lemma="." pos="X">.</wf>
      </sentence>
      <sentence id="d000.s922" source="wordnet-catalan">
         <wf lemma="el" pos="X">el</wf>
         <instance id="d000.s922.t000" lemma="país" pos="NOUN">país</instance>
         <wf lemma="va" pos="X">va</wf>
         <wf lemma="votar" pos="X">votar</wf>
         <wf lemma="al" pos="X">al</wf>
         <wf lemma="partit" pos="X">partit</wf>
         <wf lemma="demòcrata" pos="X">demòcrata</wf>
         <wf lemma="." pos="X">.</wf>
      </sentence>
      <sentence id="d000.s923" source="wordnet-catalan">
         <wf lemma="va" pos="X">va</wf>
         <wf lemma="dir" pos="X">dir</wf>
         <wf lemma="la" pos="X">la</wf>
         <instance id="d000.s923.t000" lemma="veritat" pos="NOUN">veritat</instance>
         <wf lemma="." pos="X">.</wf>
      </sentence>
      <sentence id="d000.s924" source="wordnet-catalan">
         <wf lemma="van" pos="X">van</wf>
         <wf lemma="imposar" pos="X">imposar</wf>
         <instance id="d000.s924.t000" lemma="control" pos="NOUN">controls</instance>
         <wf lemma="del" pos="X">del</wf>
         <wf lemma="consum" pos="X">consum</wf>
         <wf lemma="de" pos="X">de</wf>
         <wf lemma="begudes" pos="X">begudes</wf>
         <wf lemma="alcohòliques" pos="X">alcohòliques</wf>
         <wf lemma="en" pos="X">en</wf>
         <wf lemma="el" pos="X">el</wf>
         <wf lemma="campus" pos="X">campus</wf>
         <wf lemma="." pos="X">.</wf>
      </sentence>
      <sentence id="d000.s925" source="wordnet-catalan">
         <wf lemma="L'" pos="X">L'</wf>
         <instance id="d000.s925.t000" lemma="imperi" pos="NOUN">imperi</instance>
         <wf lemma="romà" pos="X">romà</wf>
         <wf lemma="." pos="X">.</wf>
      </sentence>
      <sentence id="d000.s926" source="wordnet-catalan">
         <wf lemma="treballa" pos="X">treballa</wf>
         <wf lemma="a" pos="X">a</wf>
         <wf lemma="mitja" pos="X">mitja</wf>
         <instance id="d000.s926.t000" lemma="jornada" pos="NOUN">jornada</instance>
         <wf lemma="." pos="X">.</wf>
      </sentence>
      <sentence id="d000.s927" source="wordnet-catalan">
         <wf lemma="La" pos="X">La</wf>
         <instance id="d000.s927.t000" lemma="monarquia" pos="NOUN">monarquia</instance>
         <wf lemma="anglesa" pos="X">anglesa</wf>
         <wf lemma="dels" pos="X">dels</wf>
         <wf lemma="Tudor" pos="X">Tudor</wf>
         <wf lemma="." pos="X">.</wf>
      </sentence>
      <sentence id="d000.s928" source="wordnet-catalan">
         <wf lemma="tenia" pos="X">tenia</wf>
         <wf lemma="llicència" pos="X">llicència</wf>
         <wf lemma="per" pos="X">per</wf>
         <wf lemma="dur" pos="X">dur</wf>
         <instance id="d000.s928.t000" lemma="arma" pos="NOUN">armes</instance>
         <wf lemma="." pos="X">.</wf>
      </sentence>
      <sentence id="d000.s929" source="wordnet-catalan">
         <wf lemma="Va" pos="X">Va</wf>
         <wf lemma="fer" pos="X">fer</wf>
         <wf lemma="totes" pos="X">totes</wf>
         <wf lemma="les" pos="X">les</wf>
         <wf lemma="disculpes" pos="X">disculpes</wf>
         <instance id="d000.s929.t000" lemma="obligatori" pos="ADJ">obligatoris</instance>
         <wf lemma="." pos="X">.</wf>
      </sentence>
      <sentence id="d000.s930" source="wordnet-catalan">
         <wf lemma="Els" pos="X">Els</wf>
         <wf lemma="arguments" pos="X">arguments</wf>
         <instance id="d000.s930.t000" lemma="recriminatori" pos="ADJ">recriminatorios</instance>
         <wf lemma="." pos="X">.</wf>
      </sentence>
      <sentence id="d000.s931" source="wordnet-catalan">
         <wf lemma="Es" pos="X">Es</wf>
         <wf lemma="un" pos="X">un</wf>
         <wf lemma="comportamiento" pos="X">comportamiento</wf>
         <instance id="d000.s931.t000" lemma="censurable" pos="ADJ">censurable</instance>
         <wf lemma="." pos="X">.</wf>
      </sentence>
      <sentence id="d000.s932" source="wordnet-catalan">
         <wf lemma="va" pos="X">va</wf>
         <wf lemma="trucar" pos="X">trucar</wf>
         <wf lemma="quatre" pos="X">quatre</wf>
         <instance id="d000.s932.t000" lemma="vegada" pos="NOUN">vegades</instance>
         <wf lemma="." pos="X">.</wf>
      </sentence>
      <sentence id="d000.s933" source="wordnet-catalan">
         <wf lemma="Una" pos="X">Una</wf>
         <wf lemma="universitat" pos="X">universitat</wf>
         <instance id="d000.s933.t000" lemma="acreditat" pos="ADJ">acreditada</instance>
         <wf lemma="." pos="X">.</wf>
      </sentence>
      <sentence id="d000.s934" source="wordnet-catalan">
         <wf lemma="va" pos="X">va</wf>
         <wf lemma="atribuir" pos="X">atribuir</wf>
         <wf lemma="el" pos="X">el</wf>
         <instance id="d000.s934.t000" lemma="canvi" pos="NOUN">canvi</instance>
         <wf lemma="d'" pos="X">d'</wf>
         <wf lemma="estat" pos="X">estat</wf>
         <wf lemma="a" pos="X">a</wf>
         <wf lemma="la" pos="X">la</wf>
         <wf lemma="boda" pos="X">boda</wf>
         <wf lemma="." pos="X">.</wf>
      </sentence>
      <sentence id="d000.s935" source="wordnet-catalan">
         <wf lemma="estudiava" pos="X">estudiava</wf>
         <instance id="d000.s935.t000" lemma="dret" pos="NOUN">dret</instance>
         <wf lemma="a" pos="X">a</wf>
         <wf lemma="Barcelona" pos="X">Barcelona</wf>
         <wf lemma="." pos="X">.</wf>
      </sentence>
      <sentence id="d000.s936" source="wordnet-catalan">
         <wf lemma="L'" pos="X">L'</wf>
         <instance id="d000.s936.t000" lemma="admissió" pos="NOUN">admissió</instance>
         <wf lemma="està" pos="X">està</wf>
         <wf lemma="consentida" pos="X">consentida</wf>
         <wf lemma="per" pos="X">per</wf>
         <wf lemma="a" pos="X">a</wf>
         <wf lemma="un" pos="X">un</wf>
         <wf lemma="públic" pos="X">públic</wf>
         <wf lemma="major" pos="X">major</wf>
         <wf lemma="de" pos="X">de</wf>
         <wf lemma="catorze" pos="X">catorze</wf>
         <wf lemma="anys" pos="X">anys</wf>
         <wf lemma="." pos="X">.</wf>
      </sentence>
      <sentence id="d000.s937" source="wordnet-catalan">
         <wf lemma="Demandant" pos="X">Demandant</wf>
         <wf lemma="i" pos="X">i</wf>
         <wf lemma="demandat" pos="X">demandat</wf>
         <wf lemma="són" pos="X">són</wf>
         <wf lemma="ambdós" pos="X">ambdós</wf>
         <instance id="d000.s937.t000" lemma="litigant" pos="NOUN">litigants</instance>
         <wf lemma="." pos="X">.</wf>
      </sentence>
      <sentence id="d000.s938" source="wordnet-catalan">
         <wf lemma="els" pos="X">els</wf>
         <instance id="d000.s938.t000" lemma="veí" pos="NOUN">veïns</instance>
         <wf lemma="de" pos="X">de</wf>
         <wf lemma="la" pos="X">la</wf>
         <wf lemma="població" pos="X">població</wf>
         <wf lemma="es" pos="X">es</wf>
         <wf lemma="van" pos="X">van</wf>
         <wf lemma="posar" pos="X">posar</wf>
         <wf lemma="d'" pos="X">d'</wf>
         <wf lemma="acord" pos="X">acord</wf>
         <wf lemma="per" pos="X">per</wf>
         <wf lemma="fer" pos="X">fer</wf>
         <wf lemma="una" pos="X">una</wf>
         <wf lemma="manifestació" pos="X">manifestació</wf>
         <wf lemma="." pos="X">.</wf>
      </sentence>
      <sentence id="d000.s939" source="wordnet-catalan">
         <wf lemma="la" pos="X">la</wf>
         <wf lemma="melodia" pos="X">melodia</wf>
         <wf lemma="y" pos="X">y</wf>
         <wf lemma="l'" pos="X">l'</wf>
         <wf lemma="harmonia" pos="X">harmonia</wf>
         <wf lemma="són" pos="X">són</wf>
         <wf lemma="dos" pos="X">dos</wf>
         <wf lemma="dels" pos="X">dels</wf>
         <instance id="d000.s939.t000" lemma="component" pos="NOUN">components</instance>
         <wf lemma="de" pos="X">de</wf>
         <wf lemma="la" pos="X">la</wf>
         <wf lemma="composició" pos="X">composició</wf>
         <wf lemma="musical" pos="X">musical</wf>
         <wf lemma="." pos="X">.</wf>
      </sentence>
      <sentence id="d000.s940" source="wordnet-catalan">
         <wf lemma="primer" pos="X">primer</wf>
         <wf lemma="has" pos="X">has</wf>
         <wf lemma="de" pos="X">de</wf>
         <wf lemma="reunir" pos="X">reunir</wf>
         <wf lemma="totes" pos="X">totes</wf>
         <wf lemma="les" pos="X">les</wf>
         <instance id="d000.s940.t000" lemma="evidència" pos="NOUN">evidències</instance>
         <wf lemma="del" pos="X">del</wf>
         <wf lemma="cas" pos="X">cas</wf>
         <wf lemma="." pos="X">.</wf>
      </sentence>
      <sentence id="d000.s941" source="wordnet-catalan">
         <wf lemma="no" pos="X">no</wf>
         <wf lemma="m'" pos="X">m'</wf>
         <wf lemma="agrada" pos="X">agrada</wf>
         <wf lemma="aquesta" pos="X">aquesta</wf>
         <instance id="d000.s941.t000" lemma="classe" pos="NOUN">classe</instance>
         <wf lemma="de" pos="X">de</wf>
         <wf lemma="gent" pos="X">gent</wf>
         <wf lemma="." pos="X">.</wf>
      </sentence>
      <sentence id="d000.s942" source="wordnet-catalan">
         <wf lemma="esforços" pos="X">esforços</wf>
         <wf lemma="per" pos="X">per</wf>
         <wf lemma="a" pos="X">a</wf>
         <wf lemma="obtenir" pos="X">obtenir</wf>
         <wf lemma="uns" pos="X">uns</wf>
         <wf lemma="greus" pos="X">greus</wf>
         <instance id="d000.s942.t000" lemma="nítid" pos="ADJ">nítids</instance>
         <wf lemma="en" pos="X">en</wf>
         <wf lemma="les" pos="X">les</wf>
         <wf lemma="grabacions" pos="X">grabacions</wf>
         <wf lemma="orquestrals" pos="X">orquestrals</wf>
         <wf lemma="." pos="X">.</wf>
      </sentence>
      <sentence id="d000.s943" source="wordnet-catalan">
         <wf lemma="se" pos="X">se</wf>
         <wf lemma="li" pos="X">li</wf>
         <wf lemma="va" pos="X">va</wf>
         <wf lemma="trencar" pos="X">trencar</wf>
         <wf lemma="la" pos="X">la</wf>
         <instance id="d000.s943.t000" lemma="mina" pos="NOUN">mina</instance>
         <wf lemma="dibuixant" pos="X">dibuixant</wf>
         <wf lemma="." pos="X">.</wf>
      </sentence>
      <sentence id="d000.s944" source="wordnet-catalan">
         <wf lemma="La" pos="X">La</wf>
         <instance id="d000.s944.t000" lemma="nul·litat" pos="NOUN">nul·litat</instance>
         <wf lemma="d'" pos="X">d'</wf>
         <wf lemma="aquest" pos="X">aquest</wf>
         <wf lemma="contracte" pos="X">contracte</wf>
         <wf lemma="és" pos="X">és</wf>
         <wf lemma="perquè" pos="X">perquè</wf>
         <wf lemma="no" pos="X">no</wf>
         <wf lemma="ha" pos="X">ha</wf>
         <wf lemma="estat" pos="X">estat</wf>
         <wf lemma="signat" pos="X">signat</wf>
         <wf lemma="per" pos="X">per</wf>
         <wf lemma="ambdues" pos="X">ambdues</wf>
         <wf lemma="parts" pos="X">parts</wf>
         <wf lemma="." pos="X">.</wf>
      </sentence>
      <sentence id="d000.s945" source="wordnet-catalan">
         <wf lemma="La" pos="X">La</wf>
         <wf lemma="màfia" pos="X">màfia</wf>
         <wf lemma="va" pos="X">va</wf>
         <wf lemma="procedir" pos="X">procedir</wf>
         <wf lemma="a" pos="X">a</wf>
         <wf lemma="la" pos="X">la</wf>
         <instance id="d000.s945.t000" lemma="liquidació" pos="NOUN">liquidació</instance>
         <wf lemma="d" pos="X">d</wf>
         <wf lemma="una" pos="X">una</wf>
         <wf lemma="parella" pos="X">parella</wf>
         <wf lemma="de" pos="X">de</wf>
         <wf lemma="joiers" pos="X">joiers</wf>
         <wf lemma="." pos="X">.</wf>
      </sentence>
      <sentence id="d000.s946" source="wordnet-catalan">
         <wf lemma="Es" pos="X">Es</wf>
         <wf lemma="diu" pos="X">diu</wf>
         <wf lemma="que" pos="X">que</wf>
         <wf lemma="un" pos="X">un</wf>
         <instance id="d000.s946.t000" lemma="esport" pos="NOUN">esport</instance>
         <wf lemma="és" pos="X">és</wf>
         <wf lemma="professional" pos="X">professional</wf>
         <wf lemma="quan" pos="X">quan</wf>
         <wf lemma="els" pos="X">els</wf>
         <wf lemma="seus" pos="X">seus</wf>
         <wf lemma="pratiquants" pos="X">pratiquants</wf>
         <wf lemma="viuen" pos="X">viuen</wf>
         <wf lemma="de" pos="X">de</wf>
         <wf lemma="la" pos="X">la</wf>
         <wf lemma="seva" pos="X">seva</wf>
         <wf lemma="activitat" pos="X">activitat</wf>
         <wf lemma="esportiva" pos="X">esportiva</wf>
         <wf lemma="." pos="X">.</wf>
      </sentence>
      <sentence id="d000.s947" source="wordnet-catalan">
         <wf lemma="sempre" pos="X">sempre</wf>
         <wf lemma="porta" pos="X">porta</wf>
         <instance id="d000.s947.t000" lemma="llumí" pos="NOUN">llumíns</instance>
         <wf lemma="per" pos="X">per</wf>
         <wf lemma="encendre" pos="X">encendre</wf>
         <wf lemma="la" pos="X">la</wf>
         <wf lemma="pipa" pos="X">pipa</wf>
         <wf lemma="." pos="X">.</wf>
      </sentence>
      <sentence id="d000.s948" source="wordnet-catalan">
         <wf lemma="Ens" pos="X">Ens</wf>
         <wf lemma="van" pos="X">van</wf>
         <wf lemma="donar" pos="X">donar</wf>
         <wf lemma="l'" pos="X">l'</wf>
         <instance id="d000.s948.t000" lemma="ús" pos="NOUN">ús</instance>
         <wf lemma="del" pos="X">del</wf>
         <wf lemma="seu" pos="X">seu</wf>
         <wf lemma="vaixell" pos="X">vaixell</wf>
         <wf lemma="." pos="X">.</wf>
      </sentence>
      <sentence id="d000.s949" source="wordnet-catalan">
         <instance id="d000.s949.t000" lemma="llibertat" pos="NOUN">llibertat</instance>
         <wf lemma="," pos="X">,</wf>
         <wf lemma="libertat" pos="X">libertat</wf>
         <wf lemma="total" pos="X">total</wf>
         <wf lemma="," pos="X">,</wf>
         <wf lemma="per" pos="X">per</wf>
         <wf lemma="pensar" pos="X">pensar</wf>
         <wf lemma="o" pos="X">o</wf>
         <wf lemma="sentir" pos="X">sentir</wf>
         <wf lemma="o" pos="X">o</wf>
         <wf lemma="fer" pos="X">fer</wf>
         <wf lemma="allò" pos="X">allò</wf>
         <wf lemma="que" pos="X">que</wf>
         <wf lemma="un" pos="X">un</wf>
         <wf lemma="vulgui" pos="X">vulgui</wf>
         <wf lemma="." pos="X">.</wf>
      </sentence>
      <sentence id="d000.s950" source="wordnet-catalan">
         <wf lemma="a" pos="X">a</wf>
         <wf lemma="l'" pos="X">l'</wf>
         <wf lemma="alcalde" pos="X">alcalde</wf>
         <wf lemma="no" pos="X">no</wf>
         <wf lemma="li" pos="X">li</wf>
         <wf lemma="va" pos="X">va</wf>
         <wf lemma="agradar" pos="X">agradar</wf>
         <wf lemma="com" pos="X">com</wf>
         <wf lemma="va" pos="X">va</wf>
         <wf lemma="quedar" pos="X">quedar</wf>
         <wf lemma="la" pos="X">la</wf>
         <instance id="d000.s950.t000" lemma="construcció" pos="NOUN">construcció</instance>
         <wf lemma="de" pos="X">de</wf>
         <wf lemma="la" pos="X">la</wf>
         <wf lemma="nova" pos="X">nova</wf>
         <wf lemma="seu" pos="X">seu</wf>
         <wf lemma="." pos="X">.</wf>
      </sentence>
      <sentence id="d000.s951" source="wordnet-catalan">
         <wf lemma="en" pos="X">en</wf>
         <wf lemma="anglès" pos="X">anglès</wf>
         <wf lemma="el" pos="X">el</wf>
         <wf lemma="subjecte" pos="X">subjecte</wf>
         <wf lemma="i" pos="X">i</wf>
         <wf lemma="el" pos="X">el</wf>
         <wf lemma="verb" pos="X">verb</wf>
         <wf lemma="han" pos="X">han</wf>
         <wf lemma="de" pos="X">de</wf>
         <wf lemma="concordar" pos="X">concordar</wf>
         <wf lemma="en" pos="X">en</wf>
         <instance id="d000.s951.t000" lemma="nombre" pos="NOUN">nombre</instance>
         <wf lemma="." pos="X">.</wf>
      </sentence>
      <sentence id="d000.s952" source="wordnet-catalan">
         <wf lemma="va" pos="X">va</wf>
         <wf lemma="intentar" pos="X">intentar</wf>
         <wf lemma="guanyar" pos="X">guanyar</wf>
         <wf lemma="el" pos="X">el</wf>
         <wf lemma="seu" pos="X">seu</wf>
         <wf lemma="cor" pos="X">cor</wf>
         <wf lemma="amb" pos="X">amb</wf>
         <wf lemma="moltes" pos="X">moltes</wf>
         <instance id="d000.s952.t000" lemma="atenció" pos="NOUN">atencions</instance>
         <wf lemma="." pos="X">.</wf>
      </sentence>
      <sentence id="d000.s953" source="wordnet-catalan">
         <wf lemma="Detingut" pos="X">Detingut</wf>
         <wf lemma="un" pos="X">un</wf>
         <instance id="d000.s953.t000" lemma="piròman" pos="NOUN">piròman</instance>
         <wf lemma="per" pos="X">per</wf>
         <wf lemma="cremar" pos="X">cremar</wf>
         <wf lemma="deu" pos="X">deu</wf>
         <wf lemma="cotxes" pos="X">cotxes</wf>
         <wf lemma="." pos="X">.</wf>
      </sentence>
      <sentence id="d000.s954" source="wordnet-catalan">
         <wf lemma="al" pos="X">al</wf>
         <wf lemma="seu" pos="X">seu</wf>
         <wf lemma="treball" pos="X">treball</wf>
         <wf lemma="li" pos="X">li</wf>
         <wf lemma="queda" pos="X">queda</wf>
         <wf lemma="molt" pos="X">molt</wf>
         <wf lemma="per" pos="X">per</wf>
         <wf lemma="a" pos="X">a</wf>
         <wf lemma="la" pos="X">la</wf>
         <instance id="d000.s954.t000" lemma="conclusió" pos="NOUN">conclusió</instance>
         <wf lemma="." pos="X">.</wf>
      </sentence>
      <sentence id="d000.s955" source="wordnet-catalan">
         <wf lemma="em" pos="X">em</wf>
         <wf lemma="vaig" pos="X">vaig</wf>
         <wf lemma="passar" pos="X">passar</wf>
         <wf lemma="el" pos="X">el</wf>
         <instance id="d000.s955.t000" lemma="matí" pos="NOUN">matí</instance>
         <wf lemma="fent" pos="X">fent</wf>
         <wf lemma="encàrrecs" pos="X">encàrrecs</wf>
         <wf lemma="." pos="X">.</wf>
      </sentence>
      <sentence id="d000.s956" source="wordnet-catalan">
         <wf lemma="ho" pos="X">ho</wf>
         <wf lemma="van" pos="X">van</wf>
         <wf lemma="aconseguir" pos="X">aconseguir</wf>
         <wf lemma="amb" pos="X">amb</wf>
         <wf lemma="molt" pos="X">molt</wf>
         <wf lemma="d'" pos="X">d'</wf>
         <instance id="d000.s956.t000" lemma="esforç" pos="NOUN">esforç</instance>
         <wf lemma="." pos="X">.</wf>
      </sentence>
      <sentence id="d000.s957" source="wordnet-catalan">
         <wf lemma="la" pos="X">la</wf>
         <instance id="d000.s957.t000" lemma="política" pos="NOUN">política</instance>
         <wf lemma="de" pos="X">de</wf>
         <wf lemma="Zapatero" pos="X">Zapatero</wf>
         <wf lemma="és" pos="X">és</wf>
         <wf lemma="ben" pos="X">ben</wf>
         <wf lemma="diferent" pos="X">diferent</wf>
         <wf lemma="que" pos="X">que</wf>
         <wf lemma="la" pos="X">la</wf>
         <wf lemma="d'" pos="X">d'</wf>
         <wf lemma="Aznar" pos="X">Aznar</wf>
         <wf lemma="." pos="X">.</wf>
      </sentence>
      <sentence id="d000.s958" source="wordnet-catalan">
         <wf lemma="ens" pos="X">ens</wf>
         <wf lemma="vam" pos="X">vam</wf>
         <wf lemma="llevar" pos="X">llevar</wf>
         <wf lemma="abans" pos="X">abans</wf>
         <wf lemma="de" pos="X">de</wf>
         <wf lemma="l'" pos="X">l'</wf>
         <instance id="d000.s958.t000" lemma="alba" pos="NOUN">alba</instance>
         <wf lemma="." pos="X">.</wf>
      </sentence>
      <sentence id="d000.s959" source="wordnet-catalan">
         <wf lemma="la" pos="X">la</wf>
         <wf lemma="fàbrica" pos="X">fàbrica</wf>
         <wf lemma="llençava" pos="X">llençava</wf>
         <wf lemma="els" pos="X">els</wf>
         <instance id="d000.s959.t000" lemma="residu" pos="NOUN">residus</instance>
         <wf lemma="al" pos="X">al</wf>
         <wf lemma="riu" pos="X">riu</wf>
         <wf lemma="." pos="X">.</wf>
      </sentence>
      <sentence id="d000.s960" source="wordnet-catalan">
         <wf lemma="un" pos="X">un</wf>
         <wf lemma="dia" pos="X">dia</wf>
         <instance id="d000.s960.t000" lemma="sufocant" pos="ADJ">sufocant</instance>
         <wf lemma="." pos="X">.</wf>
      </sentence>
      <sentence id="d000.s961" source="wordnet-catalan">
         <wf lemma="Magnetisme" pos="X">Magnetisme</wf>
         <instance id="d000.s961.t000" lemma="personal" pos="ADJ">personal</instance>
         <wf lemma="." pos="X">.</wf>
      </sentence>
      <sentence id="d000.s962" source="wordnet-catalan">
         <wf lemma="li" pos="X">li</wf>
         <wf lemma="va" pos="X">va</wf>
         <wf lemma="donar" pos="X">donar</wf>
         <wf lemma="un" pos="X">un</wf>
         <instance id="d000.s962.t000" lemma="cop" pos="NOUN">cop</instance>
         <wf lemma="a" pos="X">a</wf>
         <wf lemma="la" pos="X">la</wf>
         <wf lemma="taula" pos="X">taula</wf>
         <wf lemma="." pos="X">.</wf>
      </sentence>
      <sentence id="d000.s963" source="wordnet-catalan">
         <wf lemma="les" pos="X">les</wf>
         <instance id="d000.s963.t000" lemma="habitació" pos="NOUN">habitacions</instance>
         <wf lemma="eren" pos="X">eren</wf>
         <wf lemma="petites" pos="X">petites</wf>
         <wf lemma="però" pos="X">però</wf>
         <wf lemma="tenien" pos="X">tenien</wf>
         <wf lemma="vistes" pos="X">vistes</wf>
         <wf lemma="." pos="X">.</wf>
      </sentence>
      <sentence id="d000.s964" source="wordnet-catalan">
         <wf lemma="tota" pos="X">tota</wf>
         <wf lemma="la" pos="X">la</wf>
         <instance id="d000.s964.t000" lemma="història" pos="NOUN">història</instance>
         <wf lemma="humana" pos="X">humana</wf>
         <wf lemma="." pos="X">.</wf>
      </sentence>
      <sentence id="d000.s965" source="wordnet-catalan">
         <wf lemma="el" pos="X">el</wf>
         <wf lemma="júnior" pos="X">júnior</wf>
         <wf lemma="va" pos="X">va</wf>
         <wf lemma="fer" pos="X">fer</wf>
         <wf lemma="una" pos="X">una</wf>
         <wf lemma="breu" pos="X">breu</wf>
         <instance id="d000.s965.t000" lemma="aparició" pos="NOUN">aparició</instance>
         <wf lemma="al" pos="X">al</wf>
         <wf lemma="final" pos="X">final</wf>
         <wf lemma="de" pos="X">de</wf>
         <wf lemma="la" pos="X">la</wf>
         <wf lemma="primera" pos="X">primera</wf>
         <wf lemma="part" pos="X">part</wf>
         <wf lemma="." pos="X">.</wf>
      </sentence>
      <sentence id="d000.s966" source="wordnet-catalan">
         <wf lemma="es" pos="X">es</wf>
         <wf lemma="va" pos="X">va</wf>
         <wf lemma="esforçar" pos="X">esforçar</wf>
         <wf lemma="per" pos="X">per</wf>
         <wf lemma="sentir" pos="X">sentir</wf>
         <wf lemma="els" pos="X">els</wf>
         <instance id="d000.s966.t000" lemma="so" pos="NOUN">sons</instance>
         <wf lemma="dèbils" pos="X">dèbils</wf>
         <wf lemma="." pos="X">.</wf>
      </sentence>
      <sentence id="d000.s967" source="wordnet-catalan">
         <wf lemma="en" pos="X">en</wf>
         <wf lemma="aquella" pos="X">aquella</wf>
         <wf lemma="família" pos="X">família</wf>
         <wf lemma="guarden" pos="X">guarden</wf>
         <wf lemma="molt" pos="X">molt</wf>
         <wf lemma="les" pos="X">les</wf>
         <instance id="d000.s967.t000" lemma="aparença" pos="NOUN">aparences</instance>
         <wf lemma="." pos="X">.</wf>
      </sentence>
      <sentence id="d000.s968" source="wordnet-catalan">
         <wf lemma="li" pos="X">li</wf>
         <wf lemma="va" pos="X">va</wf>
         <wf lemma="alegrar" pos="X">alegrar</wf>
         <wf lemma="l'" pos="X">l'</wf>
         <instance id="d000.s968.t000" lemma="ànim" pos="NOUN">ànim</instance>
         <wf lemma="." pos="X">.</wf>
      </sentence>
      <sentence id="d000.s969" source="wordnet-catalan">
         <wf lemma="El" pos="X">El</wf>
         <wf lemma="cònsol" pos="X">cònsol</wf>
         <wf lemma="és" pos="X">és</wf>
         <instance id="d000.s969.t000" lemma="cosignatari" pos="NOUN">cosignatari</instance>
         <wf lemma="i" pos="X">i</wf>
         <wf lemma="garanteix" pos="X">garanteix</wf>
         <wf lemma="l'" pos="X">l'</wf>
         <wf lemma="acord" pos="X">acord</wf>
         <wf lemma="entre" pos="X">entre</wf>
         <wf lemma="les" pos="X">les</wf>
         <wf lemma="institucions" pos="X">institucions</wf>
         <wf lemma="." pos="X">.</wf>
      </sentence>
      <sentence id="d000.s970" source="wordnet-catalan">
         <wf lemma="Els" pos="X">Els</wf>
         <wf lemma="drets" pos="X">drets</wf>
         <instance id="d000.s970.t000" lemma="civil" pos="ADJ">civils</instance>
         <wf lemma="." pos="X">.</wf>
      </sentence>
      <sentence id="d000.s971" source="wordnet-catalan">
         <wf lemma="Es" pos="X">Es</wf>
         <wf lemma="recomana" pos="X">recomana</wf>
         <wf lemma="consultar" pos="X">consultar</wf>
         <wf lemma="la" pos="X">la</wf>
         <instance id="d000.s971.t000" lemma="secció" pos="NOUN">secció</instance>
         <wf lemma="2" pos="X">2</wf>
         <wf lemma="del" pos="X">del</wf>
         <wf lemma="capítol" pos="X">capítol</wf>
         <wf lemma="II" pos="X">II</wf>
         <wf lemma="." pos="X">.</wf>
      </sentence>
      <sentence id="d000.s972" source="wordnet-catalan">
         <wf lemma="la" pos="X">la</wf>
         <instance id="d000.s972.t000" lemma="pèrdua" pos="NOUN">pèrdua</instance>
         <wf lemma="de" pos="X">de</wf>
         <wf lemma="credibilitat" pos="X">credibilitat</wf>
         <wf lemma="va" pos="X">va</wf>
         <wf lemma="causar" pos="X">causar</wf>
         <wf lemma="la" pos="X">la</wf>
         <wf lemma="seva" pos="X">seva</wf>
         <wf lemma="dimissió" pos="X">dimissió</wf>
         <wf lemma="." pos="X">.</wf>
      </sentence>
      <sentence id="d000.s973" source="wordnet-catalan">
         <wf lemma="Un" pos="X">Un</wf>
         <wf lemma="càstig" pos="X">càstig</wf>
         <instance id="d000.s973.t000" lemma="reformatori" pos="ADJ">reformatori</instance>
         <wf lemma="." pos="X">.</wf>
      </sentence>
      <sentence id="d000.s974" source="wordnet-catalan">
         <wf lemma="va" pos="X">va</wf>
         <wf lemma="colpejar" pos="X">colpejar</wf>
         <wf lemma="amb" pos="X">amb</wf>
         <wf lemma="tota" pos="X">tota</wf>
         <wf lemma="la" pos="X">la</wf>
         <wf lemma="seva" pos="X">seva</wf>
         <instance id="d000.s974.t000" lemma="força" pos="NOUN">força</instance>
         <wf lemma="." pos="X">.</wf>
      </sentence>
      <sentence id="d000.s975" source="wordnet-catalan">
         <wf lemma="les" pos="X">les</wf>
         <instance id="d000.s975.t000" lemma="banda" pos="NOUN">bandes</instance>
         <wf lemma="radiofòniques" pos="X">radiofòniques</wf>
         <wf lemma="no" pos="X">no</wf>
         <wf lemma="arribaven" pos="X">arribaven</wf>
         <wf lemma="a" pos="X">a</wf>
         <wf lemma="causa" pos="X">causa</wf>
         <wf lemma="de" pos="X">de</wf>
         <wf lemma="la" pos="X">la</wf>
         <wf lemma="tempesta" pos="X">tempesta</wf>
         <wf lemma="." pos="X">.</wf>
      </sentence>
      <sentence id="d000.s976" source="wordnet-catalan">
         <wf lemma="L'" pos="X">L'</wf>
         <wf lemma="abús" pos="X">abús</wf>
         <instance id="d000.s976.t000" lemma="criminal" pos="ADJ">criminal</instance>
         <wf lemma="." pos="X">.</wf>
      </sentence>
      <sentence id="d000.s977" source="wordnet-catalan">
         <wf lemma="L" pos="X">L</wf>
         <wf lemma="alcalde" pos="X">alcalde</wf>
         <wf lemma="va" pos="X">va</wf>
         <wf lemma="fer" pos="X">fer</wf>
         <wf lemma="una" pos="X">una</wf>
         <instance id="d000.s977.t000" lemma="estafada" pos="NOUN">estafada</instance>
         <wf lemma="de" pos="X">de</wf>
         <wf lemma="3" pos="X">3</wf>
         <wf lemma="milions" pos="X">milions</wf>
         <wf lemma="d" pos="X">d</wf>
         <wf lemma="euros" pos="X">euros</wf>
         <wf lemma="als" pos="X">als</wf>
         <wf lemma="contribuents" pos="X">contribuents</wf>
         <wf lemma="." pos="X">.</wf>
      </sentence>
      <sentence id="d000.s978" source="wordnet-catalan">
         <wf lemma="Durant" pos="X">Durant</wf>
         <wf lemma="la" pos="X">la</wf>
         <wf lemma="gran" pos="X">gran</wf>
         <wf lemma="guerra" pos="X">guerra</wf>
         <wf lemma="el" pos="X">el</wf>
         <wf lemma="govern" pos="X">govern</wf>
         <wf lemma="passava" pos="X">passava</wf>
         <wf lemma="una" pos="X">una</wf>
         <instance id="d000.s978.t000" lemma="ració" pos="NOUN">ració</instance>
         <wf lemma="diària" pos="X">diària</wf>
         <wf lemma="." pos="X">.</wf>
      </sentence>
      <sentence id="d000.s979" source="wordnet-catalan">
         <wf lemma="va" pos="X">va</wf>
         <wf lemma="pagar" pos="X">pagar</wf>
         <wf lemma="la" pos="X">la</wf>
         <wf lemma="factura" pos="X">factura</wf>
         <wf lemma="del" pos="X">del</wf>
         <instance id="d000.s979.t000" lemma="mes" pos="NOUN">mes</instance>
         <wf lemma="de" pos="X">de</wf>
         <wf lemma="gener" pos="X">gener</wf>
         <wf lemma="." pos="X">.</wf>
      </sentence>
      <sentence id="d000.s980" source="wordnet-catalan">
         <wf lemma="va" pos="X">va</wf>
         <wf lemma="conseguí" pos="X">conseguí</wf>
         <wf lemma="un" pos="X">un</wf>
         <wf lemma="bon" pos="X">bon</wf>
         <instance id="d000.s980.t000" lemma="tracte" pos="NOUN">tracte</instance>
         <wf lemma="per" pos="X">per</wf>
         <wf lemma="el" pos="X">el</wf>
         <wf lemma="seu" pos="X">seu</wf>
         <wf lemma="cotxe" pos="X">cotxe</wf>
         <wf lemma="." pos="X">.</wf>
      </sentence>
      <sentence id="d000.s981" source="wordnet-catalan">
         <wf lemma="el" pos="X">el</wf>
         <wf lemma="professor" pos="X">professor</wf>
         <wf lemma="li" pos="X">li</wf>
         <wf lemma="va" pos="X">va</wf>
         <wf lemma="clavar" pos="X">clavar</wf>
         <wf lemma="un" pos="X">un</wf>
         <wf lemma="bon" pos="X">bon</wf>
         <instance id="d000.s981.t000" lemma="sermó" pos="NOUN">sermó</instance>
         <wf lemma="." pos="X">.</wf>
      </sentence>
      <sentence id="d000.s982" source="wordnet-catalan">
         <wf lemma="una" pos="X">una</wf>
         <instance id="d000.s982.t000" lemma="aparició" pos="NOUN">aparició</instance>
         <wf lemma="fantasmal" pos="X">fantasmal</wf>
         <wf lemma="a" pos="X">a</wf>
         <wf lemma="la" pos="X">la</wf>
         <wf lemma="mitjanit" pos="X">mitjanit</wf>
         <wf lemma="." pos="X">.</wf>
      </sentence>
      <sentence id="d000.s983" source="wordnet-catalan">
         <wf lemma="Un" pos="X">Un</wf>
         <wf lemma="grup" pos="X">grup</wf>
         <wf lemma="de" pos="X">de</wf>
         <wf lemma="lletres" pos="X">lletres</wf>
         <instance id="d000.s983.t000" lemma="pronunciable" pos="ADJ">pronunciable</instance>
         <wf lemma="." pos="X">.</wf>
      </sentence>
      <sentence id="d000.s984" source="wordnet-catalan">
         <wf lemma="el" pos="X">el</wf>
         <wf lemma="seu" pos="X">seu</wf>
         <wf lemma="esforç" pos="X">esforç</wf>
         <wf lemma="era" pos="X">era</wf>
         <wf lemma="el" pos="X">el</wf>
         <instance id="d000.s984.t000" lemma="testimoni" pos="NOUN">testimoni</instance>
         <wf lemma="de" pos="X">de</wf>
         <wf lemma="la" pos="X">la</wf>
         <wf lemma="seva" pos="X">seva</wf>
         <wf lemma="devoció" pos="X">devoció</wf>
         <wf lemma="." pos="X">.</wf>
      </sentence>
      <sentence id="d000.s985" source="wordnet-catalan">
         <wf lemma="Constituïa" pos="X">Constituïa</wf>
         <wf lemma="una" pos="X">una</wf>
         <instance id="d000.s985.t000" lemma="malifeta" pos="NOUN">malifeta</instance>
         <wf lemma="d'" pos="X">d'</wf>
         <wf lemma="especial" pos="X">especial</wf>
         <wf lemma="gravetat" pos="X">gravetat</wf>
         <wf lemma="entrar" pos="X">entrar</wf>
         <wf lemma="en" pos="X">en</wf>
         <wf lemma="una" pos="X">una</wf>
         <wf lemma="finca" pos="X">finca</wf>
         <wf lemma="que" pos="X">que</wf>
         <wf lemma="estigués" pos="X">estigués</wf>
         <wf lemma="tancada" pos="X">tancada</wf>
         <wf lemma="." pos="X">.</wf>
      </sentence>
      <sentence id="d000.s986" source="wordnet-catalan">
         <wf lemma="Una" pos="X">Una</wf>
         <wf lemma="solució" pos="X">solució</wf>
         <instance id="d000.s986.t000" lemma="arbitral" pos="ADJ">arbitral</instance>
         <wf lemma="." pos="X">.</wf>
      </sentence>
      <sentence id="d000.s987" source="wordnet-catalan">
         <wf lemma="el" pos="X">el</wf>
         <wf lemma="seu" pos="X">seu</wf>
         <instance id="d000.s987.t000" lemma="intent" pos="NOUN">intent</instance>
         <wf lemma="de" pos="X">de</wf>
         <wf lemma="vencer" pos="X">vencer</wf>
         <wf lemma="el" pos="X">el</wf>
         <wf lemma="campionat" pos="X">campionat</wf>
         <wf lemma="." pos="X">.</wf>
      </sentence>
      <sentence id="d000.s988" source="wordnet-catalan">
         <wf lemma="Una" pos="X">Una</wf>
         <wf lemma="política" pos="X">política</wf>
         <instance id="d000.s988.t000" lemma="comercial" pos="ADJ">comercial</instance>
         <wf lemma="." pos="X">.</wf>
      </sentence>
      <sentence id="d000.s989" source="wordnet-catalan">
         <wf lemma="La" pos="X">La</wf>
         <instance id="d000.s989.t000" lemma="unió" pos="NOUN">unió</instance>
         <wf lemma="política" pos="X">política</wf>
         <wf lemma="entre" pos="X">entre</wf>
         <wf lemma="els" pos="X">els</wf>
         <wf lemma="dos" pos="X">dos</wf>
         <wf lemma="països" pos="X">països</wf>
         <wf lemma="és" pos="X">és</wf>
         <wf lemma="una" pos="X">una</wf>
         <wf lemma="idea" pos="X">idea</wf>
         <wf lemma="que" pos="X">que</wf>
         <wf lemma="divideix" pos="X">divideix</wf>
         <wf lemma="els" pos="X">els</wf>
         <wf lemma="ciutadans" pos="X">ciutadans</wf>
         <wf lemma="." pos="X">.</wf>
      </sentence>
      <sentence id="d000.s990" source="wordnet-catalan">
         <wf lemma="un" pos="X">un</wf>
         <instance id="d000.s990.t000" lemma="tracte" pos="NOUN">tracte</instance>
         <wf lemma="honest" pos="X">honest</wf>
         <wf lemma="." pos="X">.</wf>
      </sentence>
      <sentence id="d000.s991" source="wordnet-catalan">
         <wf lemma="no" pos="X">no</wf>
         <wf lemma="sabia" pos="X">sabia</wf>
         <wf lemma="en" pos="X">en</wf>
         <wf lemma="quin" pos="X">quin</wf>
         <instance id="d000.s991.t000" lemma="lloc" pos="NOUN">lloc</instance>
         <wf lemma="acabaria" pos="X">acabaria</wf>
         <wf lemma="." pos="X">.</wf>
      </sentence>
      <sentence id="d000.s992" source="wordnet-catalan">
         <wf lemma="S'" pos="X">S'</wf>
         <wf lemma="està" pos="X">està</wf>
         <wf lemma="posant" pos="X">posant</wf>
         <wf lemma="en" pos="X">en</wf>
         <wf lemma="marxa" pos="X">marxa</wf>
         <wf lemma="la" pos="X">la</wf>
         <wf lemma="transició" pos="X">transició</wf>
         <wf lemma="a" pos="X">a</wf>
         <wf lemma="la" pos="X">la</wf>
         <instance id="d000.s992.t000" lemma="democràcia" pos="NOUN">democràcia</instance>
         <wf lemma="." pos="X">.</wf>
      </sentence>
      <sentence id="d000.s993" source="wordnet-catalan">
         <wf lemma="El" pos="X">El</wf>
         <instance id="d000.s993.t000" lemma="deposant" pos="NOUN">deposant</instance>
         <wf lemma="ha" pos="X">ha</wf>
         <wf lemma="fet" pos="X">fet</wf>
         <wf lemma="una" pos="X">una</wf>
         <wf lemma="declaració" pos="X">declaració</wf>
         <wf lemma="." pos="X">.</wf>
      </sentence>
      <sentence id="d000.s994" source="wordnet-catalan">
         <wf lemma="el" pos="X">el</wf>
         <instance id="d000.s994.t000" lemma="cap" pos="NOUN">cap</instance>
         <wf lemma="de" pos="X">de</wf>
         <wf lemma="llista" pos="X">llista</wf>
         <wf lemma="." pos="X">.</wf>
      </sentence>
      <sentence id="d000.s995" source="wordnet-catalan">
         <wf lemma="és" pos="X">és</wf>
         <wf lemma="una" pos="X">una</wf>
         <instance id="d000.s995.t000" lemma="llàstima" pos="NOUN">llàstima</instance>
         <wf lemma="que" pos="X">que</wf>
         <wf lemma="no" pos="X">no</wf>
         <wf lemma="hagi" pos="X">hagi</wf>
         <wf lemma="pogut" pos="X">pogut</wf>
         <wf lemma="venir" pos="X">venir</wf>
         <wf lemma="." pos="X">.</wf>
      </sentence>
      <sentence id="d000.s996" source="wordnet-catalan">
         <wf lemma="El" pos="X">El</wf>
         <instance id="d000.s996.t000" lemma="govern" pos="NOUN">govern</instance>
         <wf lemma="va" pos="X">va</wf>
         <wf lemma="decidir" pos="X">decidir</wf>
         <wf lemma="reduir" pos="X">reduir</wf>
         <wf lemma="els" pos="X">els</wf>
         <wf lemma="impostos" pos="X">impostos</wf>
         <wf lemma="." pos="X">.</wf>
      </sentence>
      <sentence id="d000.s997" source="wordnet-catalan">
         <wf lemma="dóna" pos="X">dóna</wf>
         <wf lemma="la" pos="X">la</wf>
         <wf lemma="teva" pos="X">teva</wf>
         <wf lemma="opinió" pos="X">opinió</wf>
         <wf lemma="en" pos="X">en</wf>
         <wf lemma="una" pos="X">una</wf>
         <instance id="d000.s997.t000" lemma="escala" pos="NOUN">escala</instance>
         <wf lemma="de" pos="X">de</wf>
         <wf lemma="l'" pos="X">l'</wf>
         <wf lemma="1" pos="X">1</wf>
         <wf lemma="al" pos="X">al</wf>
         <wf lemma="10" pos="X">10</wf>
         <wf lemma="." pos="X">.</wf>
      </sentence>
      <sentence id="d000.s998" source="wordnet-catalan">
         <wf lemma="s'" pos="X">s'</wf>
         <wf lemma="acabaven" pos="X">acabaven</wf>
         <wf lemma="de" pos="X">de</wf>
         <wf lemma="traslladar" pos="X">traslladar</wf>
         <wf lemma="i" pos="X">i</wf>
         <wf lemma="encara" pos="X">encara</wf>
         <wf lemma="no" pos="X">no</wf>
         <wf lemma="havien" pos="X">havien</wf>
         <wf lemma="posat" pos="X">posat</wf>
         <wf lemma="les" pos="X">les</wf>
         <instance id="d000.s998.t000" lemma="persiana" pos="NOUN">persianes</instance>
         <wf lemma="." pos="X">.</wf>
      </sentence>
      <sentence id="d000.s999" source="wordnet-catalan">
         <wf lemma="Els" pos="X">Els</wf>
         <wf lemma="tret" pos="X">tret</wf>
         <instance id="d000.s999.t000" lemma="heretable" pos="ADJ">heretables</instance>
         <wf lemma="com" pos="X">com</wf>
         <wf lemma="el" pos="X">el</wf>
         <wf lemma="color" pos="X">color</wf>
         <wf lemma="dels" pos="X">dels</wf>
         <wf lemma="ulls" pos="X">ulls</wf>
         <wf lemma="." pos="X">.</wf>
      </sentence>
      <sentence id="d000.s1000" source="wordnet-catalan">
         <wf lemma="Les" pos="X">Les</wf>
         <wf lemma="visites" pos="X">visites</wf>
         <instance id="d000.s1000.t000" lemma="conjugal" pos="ADJ">conjugals</instance>
         <wf lemma="." pos="X">.</wf>
      </sentence>
      <sentence id="d000.s1001" source="wordnet-catalan">
         <wf lemma="Aquesta" pos="X">Aquesta</wf>
         <instance id="d000.s1001.t000" lemma="paradeta" pos="NOUN">paradeta</instance>
         <wf lemma="ven" pos="X">ven</wf>
         <wf lemma="calçots" pos="X">calçots</wf>
         <wf lemma="." pos="X">.</wf>
      </sentence>
      <sentence id="d000.s1002" source="wordnet-catalan">
         <wf lemma="a" pos="X">a</wf>
         <wf lemma="les" pos="X">les</wf>
         <instance id="d000.s1002.t000" lemma="prova" pos="NOUN">proves</instance>
         <wf lemma="experimentals" pos="X">experimentals</wf>
         <wf lemma="es" pos="X">es</wf>
         <wf lemma="va" pos="X">va</wf>
         <wf lemma="mesurar" pos="X">mesurar</wf>
         <wf lemma="la" pos="X">la</wf>
         <wf lemma="quantitat" pos="X">quantitat</wf>
         <wf lemma="de" pos="X">de</wf>
         <wf lemma="carboni" pos="X">carboni</wf>
         <wf lemma="." pos="X">.</wf>
      </sentence>
      <sentence id="d000.s1003" source="wordnet-catalan">
         <wf lemma="no" pos="X">no</wf>
         <wf lemma="ens" pos="X">ens</wf>
         <wf lemma="va" pos="X">va</wf>
         <wf lemma="prestar" pos="X">prestar</wf>
         <wf lemma="la" pos="X">la</wf>
         <wf lemma="seva" pos="X">seva</wf>
         <instance id="d000.s1003.t000" lemma="assistència" pos="NOUN">assistència</instance>
         <wf lemma="." pos="X">.</wf>
      </sentence>
      <sentence id="d000.s1004" source="wordnet-catalan">
         <wf lemma="el" pos="X">el</wf>
         <instance id="d000.s1004.t000" lemma="fred" pos="NOUN">fred</instance>
         <wf lemma="feia" pos="X">feia</wf>
         <wf lemma="que" pos="X">que</wf>
         <wf lemma="se'ns" pos="X">se'ns</wf>
         <wf lemma="veiés" pos="X">veiés</wf>
         <wf lemma="la" pos="X">la</wf>
         <wf lemma="respiració" pos="X">respiració</wf>
         <wf lemma="." pos="X">.</wf>
      </sentence>
      <sentence id="d000.s1005" source="wordnet-catalan">
         <wf lemma="fer" pos="X">fer</wf>
         <wf lemma="una" pos="X">una</wf>
         <instance id="d000.s1005.t000" lemma="volta" pos="NOUN">volta</instance>
         <wf lemma="per" pos="X">per</wf>
         <wf lemma="la" pos="X">la</wf>
         <wf lemma="ciutat" pos="X">ciutat</wf>
         <wf lemma="." pos="X">.</wf>
      </sentence>
      <sentence id="d000.s1006" source="wordnet-catalan">
         <wf lemma="quan" pos="X">quan</wf>
         <wf lemma="es" pos="X">es</wf>
         <wf lemma="troba" pos="X">troba</wf>
         <wf lemma="una" pos="X">una</wf>
         <instance id="d000.s1006.t000" lemma="coincidència" pos="NOUN">coincidència</instance>
         <wf lemma="es" pos="X">es</wf>
         <wf lemma="realitza" pos="X">realitza</wf>
         <wf lemma="una" pos="X">una</wf>
         <wf lemma="entrada" pos="X">entrada</wf>
         <wf lemma="al" pos="X">al</wf>
         <wf lemma="quadern" pos="X">quadern</wf>
         <wf lemma="." pos="X">.</wf>
      </sentence>
      <sentence id="d000.s1007" source="wordnet-catalan">
         <instance id="d000.s1007.t000" lemma="declarar" pos="VERB">declaro</instance>
         <wf lemma="que" pos="X">que</wf>
         <wf lemma="l'" pos="X">l'</wf>
         <wf lemma="acusat" pos="X">acusat</wf>
         <wf lemma="és" pos="X">és</wf>
         <wf lemma="culpable" pos="X">culpable</wf>
         <wf lemma="." pos="X">.</wf>
      </sentence>
      <sentence id="d000.s1008" source="wordnet-catalan">
         <wf lemma="L'" pos="X">L'</wf>
         <instance id="d000.s1008.t000" lemma="encarregat" pos="NOUN">encarregat</instance>
         <wf lemma="de" pos="X">de</wf>
         <wf lemma="fer" pos="X">fer</wf>
         <wf lemma="complir" pos="X">complir</wf>
         <wf lemma="la" pos="X">la</wf>
         <wf lemma="llei" pos="X">llei</wf>
         <wf lemma="complirà" pos="X">complirà</wf>
         <wf lemma="en" pos="X">en</wf>
         <wf lemma="tot" pos="X">tot</wf>
         <wf lemma="moment" pos="X">moment</wf>
         <wf lemma="els" pos="X">els</wf>
         <wf lemma="deures" pos="X">deures</wf>
         <wf lemma="que" pos="X">que</wf>
         <wf lemma="li" pos="X">li</wf>
         <wf lemma="imposa" pos="X">imposa</wf>
         <wf lemma="la" pos="X">la</wf>
         <wf lemma="llei" pos="X">llei</wf>
         <wf lemma="." pos="X">.</wf>
      </sentence>
      <sentence id="d000.s1009" source="wordnet-catalan">
         <instance id="d000.s1009.t000" lemma="suport" pos="NOUN">suports</instance>
         <wf lemma="visuals" pos="X">visuals</wf>
         <wf lemma="per" pos="X">per</wf>
         <wf lemma="a" pos="X">a</wf>
         <wf lemma="l'" pos="X">l'</wf>
         <wf lemma="ensenyament" pos="X">ensenyament</wf>
         <wf lemma="." pos="X">.</wf>
      </sentence>
      <sentence id="d000.s1010" source="wordnet-catalan">
         <wf lemma="el" pos="X">el</wf>
         <wf lemma="seu" pos="X">seu</wf>
         <instance id="d000.s1010.t000" lemma="déu" pos="NOUN">déu</instance>
         <wf lemma="eren" pos="X">eren</wf>
         <wf lemma="els" pos="X">els</wf>
         <wf lemma="diners" pos="X">diners</wf>
         <wf lemma="." pos="X">.</wf>
      </sentence>
      <sentence id="d000.s1011" source="wordnet-catalan">
         <wf lemma="Ajornat" pos="X">Ajornat</wf>
         <wf lemma="el" pos="X">el</wf>
         <wf lemma="judici" pos="X">judici</wf>
         <wf lemma="per" pos="X">per</wf>
         <wf lemma="un" pos="X">un</wf>
         <wf lemma="error" pos="X">error</wf>
         <wf lemma="en" pos="X">en</wf>
         <wf lemma="la" pos="X">la</wf>
         <instance id="d000.s1011.t000" lemma="citació" pos="NOUN">citació</instance>
         <wf lemma="." pos="X">.</wf>
      </sentence>
      <sentence id="d000.s1012" source="wordnet-catalan">
         <wf lemma="un" pos="X">un</wf>
         <wf lemma="petit" pos="X">petit</wf>
         <instance id="d000.s1012.t000" lemma="negoci" pos="NOUN">negoci</instance>
         <wf lemma="familiar" pos="X">familiar</wf>
         <wf lemma="." pos="X">.</wf>
      </sentence>
      <sentence id="d000.s1013" source="wordnet-catalan">
         <wf lemma="L'" pos="X">L'</wf>
         <instance id="d000.s1013.t000" lemma="educació" pos="NOUN">educació</instance>
         <wf lemma="que" pos="X">que</wf>
         <wf lemma="vaig" pos="X">vaig</wf>
         <wf lemma="rebre" pos="X">rebre</wf>
         <wf lemma="a" pos="X">a</wf>
         <wf lemma="l'" pos="X">l'</wf>
         <wf lemma="escola" pos="X">escola</wf>
         <wf lemma="es" pos="X">es</wf>
         <wf lemma="va" pos="X">va</wf>
         <wf lemma="basar" pos="X">basar</wf>
         <wf lemma="amb" pos="X">amb</wf>
         <wf lemma="el" pos="X">el</wf>
         <wf lemma="mètode" pos="X">mètode</wf>
         <wf lemma="vell" pos="X">vell</wf>
         <wf lemma="." pos="X">.</wf>
      </sentence>
      <sentence id="d000.s1014" source="wordnet-catalan">
         <wf lemma="va" pos="X">va</wf>
         <wf lemma="sobreviure" pos="X">sobreviure</wf>
         <wf lemma="a" pos="X">a</wf>
         <wf lemma="la" pos="X">la</wf>
         <wf lemma="gran" pos="X">gran</wf>
         <instance id="d000.s1014.t000" lemma="prova" pos="NOUN">prova</instance>
         <wf lemma="de" pos="X">de</wf>
         <wf lemma="la" pos="X">la</wf>
         <wf lemma="batalla" pos="X">batalla</wf>
         <wf lemma="." pos="X">.</wf>
      </sentence>
      <sentence id="d000.s1015" source="wordnet-catalan">
         <wf lemma="desde" pos="X">desde</wf>
         <wf lemma="la" pos="X">la</wf>
         <wf lemma="seva" pos="X">seva</wf>
         <instance id="d000.s1015.t000" lemma="concepció" pos="NOUN">concepció</instance>
         <wf lemma="el" pos="X">el</wf>
         <wf lemma="pla" pos="X">pla</wf>
         <wf lemma="estava" pos="X">estava</wf>
         <wf lemma="destinat" pos="X">destinat</wf>
         <wf lemma="al" pos="X">al</wf>
         <wf lemma="fracàs" pos="X">fracàs</wf>
         <wf lemma="." pos="X">.</wf>
      </sentence>
      <sentence id="d000.s1016" source="wordnet-catalan">
         <wf lemma="la" pos="X">la</wf>
         <wf lemma="passejada" pos="X">passejada</wf>
         <wf lemma="li" pos="X">li</wf>
         <wf lemma="va" pos="X">va</wf>
         <wf lemma="obrir" pos="X">obrir</wf>
         <wf lemma="la" pos="X">la</wf>
         <instance id="d000.s1016.t000" lemma="gana" pos="NOUN">gana</instance>
         <wf lemma="per" pos="X">per</wf>
         <wf lemma="sopar" pos="X">sopar</wf>
         <wf lemma="." pos="X">.</wf>
      </sentence>
      <sentence id="d000.s1017" source="wordnet-catalan">
         <wf lemma="Dalí" pos="X">Dalí</wf>
         <wf lemma="acostumava" pos="X">acostumava</wf>
         <wf lemma="representar" pos="X">representar</wf>
         <wf lemma="el" pos="X">el</wf>
         <wf lemma="mateix" pos="X">mateix</wf>
         <instance id="d000.s1017.t000" lemma="tema" pos="NOUN">tema</instance>
         <wf lemma="," pos="X">,</wf>
         <wf lemma="el" pos="X">el</wf>
         <wf lemma="somni." pos="X">somni.</wf>
      </sentence>
      <sentence id="d000.s1018" source="wordnet-catalan">
         <wf lemma="la" pos="X">la</wf>
         <wf lemma="carn" pos="X">carn</wf>
         <wf lemma="estava" pos="X">estava</wf>
         <wf lemma="en" pos="X">en</wf>
         <wf lemma="mal" pos="X">mal</wf>
         <instance id="d000.s1018.t000" lemma="estat" pos="NOUN">estat</instance>
         <wf lemma="." pos="X">.</wf>
      </sentence>
      <sentence id="d000.s1019" source="wordnet-catalan">
         <wf lemma="estaven" pos="X">estaven</wf>
         <wf lemma="a" pos="X">a</wf>
         <wf lemma="l'" pos="X">l'</wf>
         <instance id="d000.s1019.t000" lemma="ull" pos="NOUN">ull</instance>
         <wf lemma="de" pos="X">de</wf>
         <wf lemma="l'" pos="X">l'</wf>
         <wf lemma="huracà" pos="X">huracà</wf>
         <wf lemma="." pos="X">.</wf>
      </sentence>
      <sentence id="d000.s1020" source="wordnet-catalan">
         <wf lemma="el" pos="X">el</wf>
         <wf lemma="rei" pos="X">rei</wf>
         <wf lemma="va" pos="X">va</wf>
         <wf lemma="inaugurar" pos="X">inaugurar</wf>
         <wf lemma="l'" pos="X">l'</wf>
         <instance id="d000.s1020.t000" lemma="exposició" pos="NOUN">exposició</instance>
         <wf lemma="." pos="X">.</wf>
      </sentence>
      <sentence id="d000.s1021" source="wordnet-catalan">
         <wf lemma="El" pos="X">El</wf>
         <wf lemma="Congrés" pos="X">Congrés</wf>
         <wf lemma="amplia" pos="X">amplia</wf>
         <wf lemma="el" pos="X">el</wf>
         <wf lemma="permís" pos="X">permís</wf>
         <wf lemma="per" pos="X">per</wf>
         <wf lemma="al" pos="X">al</wf>
         <instance id="d000.s1021.t000" lemma="cabotatge" pos="NOUN">cabotatge</instance>
         <wf lemma="en" pos="X">en</wf>
         <wf lemma="l'" pos="X">l'</wf>
         <wf lemma="espai" pos="X">espai</wf>
         <wf lemma="aeri" pos="X">aeri</wf>
         <wf lemma="del" pos="X">del</wf>
         <wf lemma="país" pos="X">país</wf>
         <wf lemma="." pos="X">.</wf>
      </sentence>
      <sentence id="d000.s1022" source="wordnet-catalan">
         <wf lemma="quan" pos="X">quan</wf>
         <wf lemma="doni" pos="X">doni</wf>
         <wf lemma="l'" pos="X">l'</wf>
         <instance id="d000.s1022.t000" lemma="ordre" pos="NOUN">ordre</instance>
         <wf lemma="," pos="X">,</wf>
         <wf lemma="a" pos="X">a</wf>
         <wf lemma="l'" pos="X">l'</wf>
         <wf lemma="atac" pos="X">atac</wf>
         <wf lemma="!" pos="X">!</wf>
      </sentence>
      <sentence id="d000.s1023" source="wordnet-catalan">
         <wf lemma="va" pos="X">va</wf>
         <wf lemma="demanar" pos="X">demanar</wf>
         <wf lemma="un" pos="X">un</wf>
         <instance id="d000.s1023.t000" lemma="augment" pos="NOUN">augment</instance>
         <wf lemma="de" pos="X">de</wf>
         <wf lemma="sou" pos="X">sou</wf>
         <wf lemma="." pos="X">.</wf>
      </sentence>
      <sentence id="d000.s1024" source="wordnet-catalan">
         <wf lemma="van" pos="X">van</wf>
         <wf lemma="retransmetre" pos="X">retransmetre</wf>
         <wf lemma="el" pos="X">el</wf>
         <instance id="d000.s1024.t000" lemma="combat" pos="NOUN">combat</instance>
         <wf lemma="per" pos="X">per</wf>
         <wf lemma="televisió" pos="X">televisió</wf>
         <wf lemma="." pos="X">.</wf>
      </sentence>
      <sentence id="d000.s1025" source="wordnet-catalan">
         <wf lemma="La" pos="X">La</wf>
         <instance id="d000.s1025.t000" lemma="revocació" pos="NOUN">revocació</instance>
         <wf lemma="de" pos="X">de</wf>
         <wf lemma="la" pos="X">la</wf>
         <wf lemma="part" pos="X">part</wf>
         <wf lemma="dispositiva" pos="X">dispositiva</wf>
         <wf lemma="del" pos="X">del</wf>
         <wf lemma="Suprem" pos="X">Suprem</wf>
         <wf lemma="per" pos="X">per</wf>
         <wf lemma="part" pos="X">part</wf>
         <wf lemma="del" pos="X">del</wf>
         <wf lemma="Tribunal" pos="X">Tribunal</wf>
         <wf lemma="Constitucional" pos="X">Constitucional</wf>
         <wf lemma="." pos="X">.</wf>
      </sentence>
      <sentence id="d000.s1026" source="wordnet-catalan">
         <wf lemma="La" pos="X">La</wf>
         <wf lemma="traducció" pos="X">traducció</wf>
         <instance id="d000.s1026.t000" lemma="jurídic" pos="ADJ">jurídica</instance>
         <wf lemma="." pos="X">.</wf>
      </sentence>
      <sentence id="d000.s1027" source="wordnet-catalan">
         <wf lemma="un" pos="X">un</wf>
         <wf lemma="gran" pos="X">gran</wf>
         <instance id="d000.s1027.t000" lemma="banc" pos="NOUN">banc</instance>
         <wf lemma="de" pos="X">de</wf>
         <wf lemma="terra" pos="X">terra</wf>
         <wf lemma="." pos="X">.</wf>
      </sentence>
      <sentence id="d000.s1028" source="wordnet-catalan">
         <wf lemma="el" pos="X">el</wf>
         <instance id="d000.s1028.t000" lemma="temor" pos="NOUN">temor</instance>
         <wf lemma="l'" pos="X">l'</wf>
         <wf lemma="havia" pos="X">havia</wf>
         <wf lemma="fet" pos="X">fet</wf>
         <wf lemma="envellir" pos="X">envellir</wf>
         <wf lemma="." pos="X">.</wf>
      </sentence>
      <sentence id="d000.s1029" source="wordnet-catalan">
         <wf lemma="és" pos="X">és</wf>
         <wf lemma="un" pos="X">un</wf>
         <instance id="d000.s1029.t000" lemma="misteri" pos="NOUN">misteri</instance>
         <wf lemma="com" pos="X">com</wf>
         <wf lemma="va" pos="X">va</wf>
         <wf lemma="escapar" pos="X">escapar</wf>
         <wf lemma="." pos="X">.</wf>
      </sentence>
      <sentence id="d000.s1030" source="wordnet-catalan">
         <wf lemma="va" pos="X">va</wf>
         <wf lemma="subratllar" pos="X">subratllar</wf>
         <wf lemma="el" pos="X">el</wf>
         <instance id="d000.s1030.t000" lemma="títol" pos="NOUN">títol</instance>
         <wf lemma="en" pos="X">en</wf>
         <wf lemma="vermell" pos="X">vermell</wf>
         <wf lemma="perquè" pos="X">perquè</wf>
         <wf lemma="es" pos="X">es</wf>
         <wf lemma="veiés" pos="X">veiés</wf>
         <wf lemma="." pos="X">.</wf>
      </sentence>
      <sentence id="d000.s1031" source="wordnet-catalan">
         <wf lemma="Una" pos="X">Una</wf>
         <wf lemma="lectura" pos="X">lectura</wf>
         <instance id="d000.s1031.t000" lemma="crític" pos="ADJ">crítica</instance>
         <wf lemma="dels" pos="X">dels</wf>
         <wf lemma="fets" pos="X">fets</wf>
         <wf lemma="." pos="X">.</wf>
      </sentence>
      <sentence id="d000.s1032" source="wordnet-catalan">
         <wf lemma="ves" pos="X">ves</wf>
         <wf lemma="a" pos="X">a</wf>
         <wf lemma="l'" pos="X">l'</wf>
         <instance id="d000.s1032.t000" lemma="infern" pos="NOUN">infern</instance>
         <wf lemma="." pos="X">.</wf>
      </sentence>
      <sentence id="d000.s1033" source="wordnet-catalan">
         <wf lemma="els" pos="X">els</wf>
         <wf lemma="passatgers" pos="X">passatgers</wf>
         <wf lemma="van" pos="X">van</wf>
         <wf lemma="ser" pos="X">ser</wf>
         <wf lemma="sacsejats" pos="X">sacsejats</wf>
         <wf lemma="però" pos="X">però</wf>
         <wf lemma="estan" pos="X">estan</wf>
         <instance id="d000.s1033.t000" lemma="bé" pos="ADJ">bé</instance>
         <wf lemma="." pos="X">.</wf>
      </sentence>
      <sentence id="d000.s1034" source="wordnet-catalan">
         <wf lemma="Una" pos="X">Una</wf>
         <instance id="d000.s1034.t000" lemma="adopció" pos="NOUN">adopció</instance>
         <wf lemma="per" pos="X">per</wf>
         <wf lemma="pares" pos="X">pares</wf>
         <wf lemma="homosexuals" pos="X">homosexuals</wf>
         <wf lemma="." pos="X">.</wf>
      </sentence>
      <sentence id="d000.s1035" source="wordnet-catalan">
         <wf lemma="La" pos="X">La</wf>
         <wf lemma="mobilitat" pos="X">mobilitat</wf>
         <wf lemma="és" pos="X">és</wf>
         <wf lemma="un" pos="X">un</wf>
         <instance id="d000.s1035.t000" lemma="atribut" pos="NOUN">atribut</instance>
         <wf lemma="de" pos="X">de</wf>
         <wf lemma="les" pos="X">les</wf>
         <wf lemma="xarxes" pos="X">xarxes</wf>
         <wf lemma="sense" pos="X">sense</wf>
         <wf lemma="fils" pos="X">fils</wf>
         <wf lemma="." pos="X">.</wf>
      </sentence>
      <sentence id="d000.s1036" source="wordnet-catalan">
         <wf lemma="El" pos="X">El</wf>
         <wf lemma="preu" pos="X">preu</wf>
         <wf lemma="era" pos="X">era</wf>
         <instance id="d000.s1036.t000" lemma="prohibitiu" pos="ADJ">prohibitiu</instance>
         <wf lemma="." pos="X">.</wf>
      </sentence>
      <sentence id="d000.s1037" source="wordnet-catalan">
         <wf lemma="El" pos="X">El</wf>
         <wf lemma="meu" pos="X">meu</wf>
         <wf lemma="pare" pos="X">pare</wf>
         <wf lemma="és" pos="X">és</wf>
         <instance id="d000.s1037.t000" lemma="guardabosc" pos="NOUN">guardabosc</instance>
         <wf lemma="a" pos="X">a</wf>
         <wf lemma="Montserrat" pos="X">Montserrat</wf>
         <wf lemma="." pos="X">.</wf>
      </sentence>
      <sentence id="d000.s1038" source="wordnet-catalan">
         <wf lemma="li" pos="X">li</wf>
         <wf lemma="van" pos="X">van</wf>
         <wf lemma="canviar" pos="X">canviar</wf>
         <wf lemma="els" pos="X">els</wf>
         <instance id="d000.s1038.t000" lemma="ànim" pos="NOUN">ànims</instance>
         <wf lemma="." pos="X">.</wf>
      </sentence>
      <sentence id="d000.s1039" source="wordnet-catalan">
         <wf lemma="La" pos="X">La</wf>
         <wf lemma="carrera" pos="X">carrera</wf>
         <instance id="d000.s1039.t000" lemma="judicial" pos="ADJ">judicial</instance>
         <wf lemma="." pos="X">.</wf>
      </sentence>
      <sentence id="d000.s1040" source="wordnet-catalan">
         <wf lemma="els" pos="X">els</wf>
         <instance id="d000.s1040.t000" lemma="moviment" pos="NOUN">moviments</instance>
         <wf lemma="reflexes" pos="X">reflexes</wf>
         <wf lemma="de" pos="X">de</wf>
         <wf lemma="les" pos="X">les</wf>
         <wf lemma="pestanyes" pos="X">pestanyes</wf>
         <wf lemma="revelaven" pos="X">revelaven</wf>
         <wf lemma="la" pos="X">la</wf>
         <wf lemma="seva" pos="X">seva</wf>
         <wf lemma="sorpresa" pos="X">sorpresa</wf>
         <wf lemma="." pos="X">.</wf>
      </sentence>
      <sentence id="d000.s1041" source="wordnet-catalan">
         <wf lemma="la" pos="X">la</wf>
         <instance id="d000.s1041.t000" lemma="majoria" pos="NOUN">majoria</instance>
         <wf lemma="dels" pos="X">dels</wf>
         <wf lemma="seus" pos="X">seus</wf>
         <wf lemma="clients" pos="X">clients</wf>
         <wf lemma="ho" pos="X">ho</wf>
         <wf lemma="prefereixen" pos="X">prefereixen</wf>
         <wf lemma="." pos="X">.</wf>
      </sentence>
      <sentence id="d000.s1042" source="wordnet-catalan">
         <wf lemma="va" pos="X">va</wf>
         <wf lemma="fer" pos="X">fer</wf>
         <wf lemma="un" pos="X">un</wf>
         <wf lemma="nus" pos="X">nus</wf>
         <wf lemma="al" pos="X">al</wf>
         <instance id="d000.s1042.t000" lemma="cap" pos="NOUN">cap</instance>
         <wf lemma="del" pos="X">del</wf>
         <wf lemma="fil" pos="X">fil</wf>
         <wf lemma="." pos="X">.</wf>
      </sentence>
      <sentence id="d000.s1043" source="wordnet-catalan">
         <wf lemma="La" pos="X">La</wf>
         <instance id="d000.s1043.t000" lemma="valoració" pos="NOUN">valoració</instance>
         <wf lemma="del" pos="X">del</wf>
         <wf lemma="pis" pos="X">pis</wf>
         <wf lemma="és" pos="X">és</wf>
         <wf lemma="molt" pos="X">molt</wf>
         <wf lemma="alta" pos="X">alta</wf>
         <wf lemma="." pos="X">.</wf>
      </sentence>
      <sentence id="d000.s1044" source="wordnet-catalan">
         <wf lemma="van" pos="X">van</wf>
         <wf lemma="veure" pos="X">veure</wf>
         <wf lemma="la" pos="X">la</wf>
         <instance id="d000.s1044.t000" lemma="llum" pos="NOUN">llum</instance>
         <wf lemma="en" pos="X">en</wf>
         <wf lemma="el" pos="X">el</wf>
         <wf lemma="far" pos="X">far</wf>
         <wf lemma="." pos="X">.</wf>
      </sentence>
      <sentence id="d000.s1045" source="wordnet-catalan">
         <wf lemma="una" pos="X">una</wf>
         <instance id="d000.s1045.t000" lemma="petit" pos="ADJ">petita</instance>
         <wf lemma="casa" pos="X">casa</wf>
         <wf lemma="." pos="X">.</wf>
      </sentence>
      <sentence id="d000.s1046" source="wordnet-catalan">
         <wf lemma="És" pos="X">És</wf>
         <wf lemma="un" pos="X">un</wf>
         <wf lemma="comportament" pos="X">comportament</wf>
         <instance id="d000.s1046.t000" lemma="lícit" pos="ADJ">lícit</instance>
         <wf lemma="." pos="X">.</wf>
      </sentence>
      <sentence id="d000.s1047" source="wordnet-catalan">
         <wf lemma="ha" pos="X">ha</wf>
         <wf lemma="trencat" pos="X">trencat</wf>
         <wf lemma="la" pos="X">la</wf>
         <instance id="d000.s1047.t000" lemma="punxa" pos="NOUN">punxa</instance>
         <wf lemma="del" pos="X">del</wf>
         <wf lemma="llapis" pos="X">llapis</wf>
         <wf lemma="." pos="X">.</wf>
      </sentence>
      <sentence id="d000.s1048" source="wordnet-catalan">
         <wf lemma="Les" pos="X">Les</wf>
         <wf lemma="vacunes" pos="X">vacunes</wf>
         <wf lemma="són" pos="X">són</wf>
         <instance id="d000.s1048.t000" lemma="profilàctic" pos="ADJ">profilàctiques</instance>
         <wf lemma="." pos="X">.</wf>
      </sentence>
      <sentence id="d000.s1049" source="wordnet-catalan">
         <wf lemma="l'" pos="X">l'</wf>
         <wf lemma="edat" pos="X">edat</wf>
         <wf lemma="òssia" pos="X">òssia</wf>
         <wf lemma="del" pos="X">del</wf>
         <wf lemma="nen" pos="X">nen</wf>
         <wf lemma="va" pos="X">va</wf>
         <wf lemma="ser" pos="X">ser</wf>
         <wf lemma="classificada" pos="X">classificada</wf>
         <wf lemma="com" pos="X">com</wf>
         <wf lemma="a" pos="X">a</wf>
         <wf lemma="'" pos="X">'</wf>
         <instance id="d000.s1049.t000" lemma="avançat" pos="ADJ">avançada</instance>
         <wf lemma="'" pos="X">'</wf>
         <wf lemma="." pos="X">.</wf>
      </sentence>
      <sentence id="d000.s1050" source="wordnet-catalan">
         <wf lemma="l'" pos="X">l'</wf>
         <instance id="d000.s1050.t000" lemma="àrea" pos="NOUN">àrea</instance>
         <wf lemma="d'" pos="X">d'</wf>
         <wf lemma="un" pos="X">un</wf>
         <wf lemma="rectangle" pos="X">rectangle</wf>
         <wf lemma="." pos="X">.</wf>
      </sentence>
      <sentence id="d000.s1051" source="wordnet-catalan">
         <wf lemma="una" pos="X">una</wf>
         <wf lemma="decisió" pos="X">decisió</wf>
         <instance id="d000.s1051.t000" lemma="arbitrari" pos="ADJ">arbitrària</instance>
         <wf lemma="." pos="X">.</wf>
      </sentence>
      <sentence id="d000.s1052" source="wordnet-catalan">
         <wf lemma="Un" pos="X">Un</wf>
         <wf lemma="casament" pos="X">casament</wf>
         <instance id="d000.s1052.t000" lemma="civil" pos="ADJ">civil</instance>
         <wf lemma="." pos="X">.</wf>
      </sentence>
      <sentence id="d000.s1053" source="wordnet-catalan">
         <wf lemma="Què" pos="X">Què</wf>
         <wf lemma="Déu" pos="X">Déu</wf>
         <wf lemma="beneeixi" pos="X">beneeixi</wf>
         <wf lemma="aquesta" pos="X">aquesta</wf>
         <instance id="d000.s1053.t000" lemma="unió" pos="NOUN">unió</instance>
         <wf lemma="." pos="X">.</wf>
      </sentence>
      <sentence id="d000.s1054" source="wordnet-catalan">
         <wf lemma="la" pos="X">la</wf>
         <instance id="d000.s1054.t000" lemma="feina" pos="NOUN">feina</instance>
         <wf lemma="inacabable" pos="X">inacabable</wf>
         <wf lemma="de" pos="X">de</wf>
         <wf lemma="classificar" pos="X">classificar</wf>
         <wf lemma="les" pos="X">les</wf>
         <wf lemma="mostres" pos="X">mostres</wf>
         <wf lemma="." pos="X">.</wf>
      </sentence>
      <sentence id="d000.s1055" source="wordnet-catalan">
         <wf lemma="el" pos="X">el</wf>
         <wf lemma="nou" pos="X">nou</wf>
         <wf lemma="consell" pos="X">consell</wf>
         <wf lemma="es" pos="X">es</wf>
         <wf lemma="va" pos="X">va</wf>
         <wf lemma="etablir" pos="X">etablir</wf>
         <wf lemma="sota" pos="X">sota</wf>
         <wf lemma="la" pos="X">la</wf>
         <instance id="d000.s1055.t000" lemma="direcció" pos="NOUN">direcció</instance>
         <wf lemma="del" pos="X">del</wf>
         <wf lemma="rei" pos="X">rei</wf>
         <wf lemma="." pos="X">.</wf>
      </sentence>
      <sentence id="d000.s1056" source="wordnet-catalan">
         <wf lemma="la" pos="X">la</wf>
         <instance id="d000.s1056.t000" lemma="gent" pos="NOUN">gent</instance>
         <wf lemma="gran" pos="X">gran</wf>
         <wf lemma="." pos="X">.</wf>
      </sentence>
      <sentence id="d000.s1057" source="wordnet-catalan">
         <wf lemma="el" pos="X">el</wf>
         <wf lemma="personantge" pos="X">personantge</wf>
         <wf lemma="va" pos="X">va</wf>
         <wf lemma="ser" pos="X">ser</wf>
         <wf lemma="interpretat" pos="X">interpretat</wf>
         <wf lemma="per" pos="X">per</wf>
         <wf lemma="un" pos="X">un</wf>
         <wf lemma="brillant" pos="X">brillant</wf>
         <instance id="d000.s1057.t000" lemma="actor" pos="NOUN">actor</instance>
         <wf lemma="." pos="X">.</wf>
      </sentence>
      <sentence id="d000.s1058" source="wordnet-catalan">
         <wf lemma="les" pos="X">les</wf>
         <wf lemma="extremitats" pos="X">extremitats</wf>
         <wf lemma="són" pos="X">són</wf>
         <wf lemma="una" pos="X">una</wf>
         <instance id="d000.s1058.t000" lemma="part" pos="NOUN">part</instance>
         <wf lemma="del" pos="X">del</wf>
         <wf lemma="cos" pos="X">cos</wf>
         <wf lemma="." pos="X">.</wf>
      </sentence>
      <sentence id="d000.s1059" source="wordnet-catalan">
         <wf lemma="Un" pos="X">Un</wf>
         <wf lemma="sistema" pos="X">sistema</wf>
         <wf lemma="bicameral" pos="X">bicameral</wf>
         <wf lemma="està" pos="X">està</wf>
         <wf lemma="compost" pos="X">compost</wf>
         <wf lemma="per" pos="X">per</wf>
         <wf lemma="dues" pos="X">dues</wf>
         <instance id="d000.s1059.t000" lemma="cambra" pos="NOUN">cambres</instance>
         <wf lemma="." pos="X">.</wf>
      </sentence>
      <sentence id="d000.s1060" source="wordnet-catalan">
         <wf lemma="el" pos="X">el</wf>
         <instance id="d000.s1060.t000" lemma="cap" pos="NOUN">cap</instance>
         <wf lemma="ha" pos="X">ha</wf>
         <wf lemma="contractat" pos="X">contractat</wf>
         <wf lemma="tres" pos="X">tres</wf>
         <wf lemma="homes" pos="X">homes</wf>
         <wf lemma="més" pos="X">més</wf>
         <wf lemma="per" pos="X">per</wf>
         <wf lemma="la" pos="X">la</wf>
         <wf lemma="nova" pos="X">nova</wf>
         <wf lemma="feina" pos="X">feina</wf>
         <wf lemma="." pos="X">.</wf>
      </sentence>
      <sentence id="d000.s1061" source="wordnet-catalan">
         <wf lemma="les" pos="X">les</wf>
         <instance id="d000.s1061.t000" lemma="conseqüència" pos="NOUN">conseqüències</instance>
         <wf lemma="de" pos="X">de</wf>
         <wf lemma="la" pos="X">la</wf>
         <wf lemma="tormenta" pos="X">tormenta</wf>
         <wf lemma="van" pos="X">van</wf>
         <wf lemma="ser" pos="X">ser</wf>
         <wf lemma="desastroses" pos="X">desastroses</wf>
         <wf lemma="." pos="X">.</wf>
      </sentence>
      <sentence id="d000.s1062" source="wordnet-catalan">
         <wf lemma="la" pos="X">la</wf>
         <instance id="d000.s1062.t000" lemma="pèrdua" pos="NOUN">pèrdua</instance>
         <wf lemma="del" pos="X">del</wf>
         <wf lemma="bestiar" pos="X">bestiar</wf>
         <wf lemma="va" pos="X">va</wf>
         <wf lemma="arruïnar" pos="X">arruïnar</wf>
         <wf lemma="al" pos="X">al</wf>
         <wf lemma="pagès" pos="X">pagès</wf>
         <wf lemma="." pos="X">.</wf>
      </sentence>
      <sentence id="d000.s1063" source="wordnet-catalan">
         <wf lemma="van" pos="X">van</wf>
         <wf lemma="córrer" pos="X">córrer</wf>
         <wf lemma="cap" pos="X">cap</wf>
         <wf lemma="al" pos="X">al</wf>
         <instance id="d000.s1063.t000" lemma="centre" pos="NOUN">centre</instance>
         <wf lemma="de" pos="X">de</wf>
         <wf lemma="la" pos="X">la</wf>
         <wf lemma="baralla" pos="X">baralla</wf>
         <wf lemma="." pos="X">.</wf>
      </sentence>
      <sentence id="d000.s1064" source="wordnet-catalan">
         <wf lemma="algú" pos="X">algú</wf>
         <wf lemma="del" pos="X">del</wf>
         <instance id="d000.s1064.t000" lemma="públic" pos="NOUN">públic</instance>
         <wf lemma="es" pos="X">es</wf>
         <wf lemma="va" pos="X">va</wf>
         <wf lemma="posar" pos="X">posar</wf>
         <wf lemma="a" pos="X">a</wf>
         <wf lemma="tossir" pos="X">tossir</wf>
         <wf lemma="." pos="X">.</wf>
      </sentence>
      <sentence id="d000.s1065" source="wordnet-catalan">
         <wf lemma="Un" pos="X">Un</wf>
         <wf lemma="assumpte" pos="X">assumpte</wf>
         <wf lemma="de" pos="X">de</wf>
         <wf lemma="matèria" pos="X">matèria</wf>
         <instance id="d000.s1065.t000" lemma="civil" pos="ADJ">civil</instance>
         <wf lemma="." pos="X">.</wf>
      </sentence>
      <sentence id="d000.s1066" source="wordnet-catalan">
         <instance id="d000.s1066.t000" lemma="programa" pos="NOUN">programa</instance>
         <wf lemma="grabat" pos="X">grabat</wf>
         <wf lemma="." pos="X">.</wf>
      </sentence>
      <sentence id="d000.s1067" source="wordnet-catalan">
         <wf lemma="Una" pos="X">Una</wf>
         <instance id="d000.s1067.t000" lemma="delegació" pos="NOUN">delegació</instance>
         <wf lemma="del" pos="X">del</wf>
         <wf lemma="govern" pos="X">govern</wf>
         <wf lemma="viatja" pos="X">viatja</wf>
         <wf lemma="a" pos="X">a</wf>
         <wf lemma="la" pos="X">la</wf>
         <wf lemma="Xina" pos="X">Xina</wf>
         <wf lemma="a" pos="X">a</wf>
         <wf lemma="la" pos="X">la</wf>
         <wf lemma="recerca" pos="X">recerca</wf>
         <wf lemma="d'" pos="X">d'</wf>
         <wf lemma="inversions" pos="X">inversions</wf>
         <wf lemma="." pos="X">.</wf>
      </sentence>
      <sentence id="d000.s1068" source="wordnet-catalan">
         <wf lemma="l'" pos="X">l'</wf>
         <wf lemma="esforç" pos="X">esforç</wf>
         <wf lemma="mereix" pos="X">mereix</wf>
         <wf lemma="un" pos="X">un</wf>
         <instance id="d000.s1068.t000" lemma="premi" pos="NOUN">premi</instance>
         <wf lemma="." pos="X">.</wf>
      </sentence>
      <sentence id="d000.s1069" source="wordnet-catalan">
         <wf lemma="les" pos="X">les</wf>
         <instance id="d000.s1069.t000" lemma="dificultat" pos="NOUN">dificultats</instance>
         <wf lemma="de" pos="X">de</wf>
         <wf lemma="la" pos="X">la</wf>
         <wf lemma="vida" pos="X">vida</wf>
         <wf lemma="fronterera" pos="X">fronterera</wf>
         <wf lemma="." pos="X">.</wf>
      </sentence>
      <sentence id="d000.s1070" source="wordnet-catalan">
         <wf lemma="Un" pos="X">Un</wf>
         <wf lemma="delicte" pos="X">delicte</wf>
         <instance id="d000.s1070.t000" lemma="penal" pos="ADJ">penal</instance>
         <wf lemma="." pos="X">.</wf>
      </sentence>
      <sentence id="d000.s1071" source="wordnet-catalan">
         <wf lemma="El" pos="X">El</wf>
         <wf lemma="govern" pos="X">govern</wf>
         <wf lemma="retira" pos="X">retira</wf>
         <wf lemma="la" pos="X">la</wf>
         <instance id="d000.s1071.t000" lemma="subvenció" pos="NOUN">subvenció</instance>
         <wf lemma="per" pos="X">per</wf>
         <wf lemma="a" pos="X">a</wf>
         <wf lemma="la" pos="X">la</wf>
         <wf lemma="Universitat" pos="X">Universitat</wf>
         <wf lemma="de" pos="X">de</wf>
         <wf lemma="l'" pos="X">l'</wf>
         <wf lemma="ONU" pos="X">ONU</wf>
         <wf lemma="." pos="X">.</wf>
      </sentence>
      <sentence id="d000.s1072" source="wordnet-catalan">
         <wf lemma="amb" pos="X">amb</wf>
         <wf lemma="la" pos="X">la</wf>
         <instance id="d000.s1072.t000" lemma="pràctica" pos="NOUN">pràctica</instance>
         <wf lemma="s'" pos="X">s'</wf>
         <wf lemma="arriba" pos="X">arriba</wf>
         <wf lemma="a" pos="X">a</wf>
         <wf lemma="la" pos="X">la</wf>
         <wf lemma="perfecció" pos="X">perfecció</wf>
         <wf lemma="." pos="X">.</wf>
      </sentence>
      <sentence id="d000.s1073" source="wordnet-catalan">
         <wf lemma="l'" pos="X">l'</wf>
         <wf lemma="orador" pos="X">orador</wf>
         <wf lemma="va" pos="X">va</wf>
         <wf lemma="ser" pos="X">ser</wf>
         <wf lemma="interromput" pos="X">interromput</wf>
         <wf lemma="per" pos="X">per</wf>
         <wf lemma="forts" pos="X">forts</wf>
         <instance id="d000.s1073.t000" lemma="crit" pos="NOUN">crits</instance>
         <wf lemma="procedents" pos="X">procedents</wf>
         <wf lemma="de" pos="X">de</wf>
         <wf lemma="la" pos="X">la</wf>
         <wf lemma="part" pos="X">part</wf>
         <wf lemma="posterior" pos="X">posterior</wf>
         <wf lemma="del" pos="X">del</wf>
         <wf lemma="públic" pos="X">públic</wf>
         <wf lemma="." pos="X">.</wf>
      </sentence>
      <sentence id="d000.s1074" source="wordnet-catalan">
         <wf lemma="en" pos="X">en</wf>
         <wf lemma="Perry" pos="X">Perry</wf>
         <wf lemma="Mason" pos="X">Mason</wf>
         <wf lemma="va" pos="X">va</wf>
         <wf lemma="resoldre" pos="X">resoldre</wf>
         <wf lemma="el" pos="X">el</wf>
         <instance id="d000.s1074.t000" lemma="cas" pos="NOUN">cas</instance>
         <wf lemma="de" pos="X">de</wf>
         <wf lemma="l'" pos="X">l'</wf>
         <wf lemma="hereva" pos="X">hereva</wf>
         <wf lemma="desapareguda" pos="X">desapareguda</wf>
         <wf lemma="." pos="X">.</wf>
      </sentence>
      <sentence id="d000.s1075" source="wordnet-catalan">
         <wf lemma="Europa" pos="X">Europa</wf>
         <wf lemma="com" pos="X">com</wf>
         <wf lemma="un" pos="X">un</wf>
         <instance id="d000.s1075.t000" lemma="tot" pos="NOUN">tot</instance>
         <wf lemma="." pos="X">.</wf>
      </sentence>
      <sentence id="d000.s1076" source="wordnet-catalan">
         <wf lemma="va" pos="X">va</wf>
         <wf lemma="passejar" pos="X">passejar</wf>
         <wf lemma="fins" pos="X">fins</wf>
         <wf lemma="al" pos="X">al</wf>
         <instance id="d000.s1076.t000" lemma="final" pos="NOUN">final</instance>
         <wf lemma="del" pos="X">del</wf>
         <wf lemma="moll" pos="X">moll</wf>
         <wf lemma="." pos="X">.</wf>
      </sentence>
      <sentence id="d000.s1077" source="wordnet-catalan">
         <instance id="d000.s1077.t000" lemma="apuntar" pos="VERB">apuntar</instance>
         <wf lemma="la" pos="X">la</wf>
         <wf lemma="pistola" pos="X">pistola</wf>
         <wf lemma="." pos="X">.</wf>
      </sentence>
      <sentence id="d000.s1078" source="wordnet-catalan">
         <wf lemma="les" pos="X">les</wf>
         <wf lemma="coses" pos="X">coses</wf>
         <wf lemma="van" pos="X">van</wf>
         <wf lemma="estar" pos="X">estar</wf>
         <wf lemma="tranquil·les" pos="X">tranquil·les</wf>
         <wf lemma="durant" pos="X">durant</wf>
         <wf lemma="l'" pos="X">l'</wf>
         <instance id="d000.s1078.t000" lemma="administració" pos="NOUN">administració</instance>
         <wf lemma="d'" pos="X">d'</wf>
         <wf lemma="Eisenhower" pos="X">Eisenhower</wf>
         <wf lemma="." pos="X">.</wf>
      </sentence>
      <sentence id="d000.s1079" source="wordnet-catalan">
         <wf lemma="estava" pos="X">estava</wf>
         <wf lemma="cansada" pos="X">cansada</wf>
         <wf lemma="de" pos="X">de</wf>
         <wf lemma="la" pos="X">la</wf>
         <wf lemma="misèria" pos="X">misèria</wf>
         <wf lemma="i" pos="X">i</wf>
         <wf lemma="la" pos="X">la</wf>
         <instance id="d000.s1079.t000" lemma="tristor" pos="NOUN">tristor</instance>
         <wf lemma="." pos="X">.</wf>
      </sentence>
      <sentence id="d000.s1080" source="wordnet-catalan">
         <wf lemma="les" pos="X">les</wf>
         <instance id="d000.s1080.t000" lemma="resta" pos="NOUN">restes</instance>
         <wf lemma="d'" pos="X">d'</wf>
         <wf lemma="aquest" pos="X">aquest</wf>
         <wf lemma="segle" pos="X">segle</wf>
         <wf lemma="ple" pos="X">ple</wf>
         <wf lemma="de" pos="X">de</wf>
         <wf lemma="crisis" pos="X">crisis</wf>
         <wf lemma="." pos="X">.</wf>
      </sentence>
      <sentence id="d000.s1081" source="wordnet-catalan">
         <wf lemma="un" pos="X">un</wf>
         <wf lemma="rostre" pos="X">rostre</wf>
         <instance id="d000.s1081.t000" lemma="pàl·lid" pos="ADJ">pàl·lid</instance>
         <wf lemma="." pos="X">.</wf>
      </sentence>
      <sentence id="d000.s1082" source="wordnet-catalan">
         <wf lemma="va" pos="X">va</wf>
         <wf lemma="tenir" pos="X">tenir</wf>
         <wf lemma="una" pos="X">una</wf>
         <wf lemma="llarga" pos="X">llarga</wf>
         <instance id="d000.s1082.t000" lemma="carrera" pos="NOUN">carrera</instance>
         <wf lemma="com" pos="X">com</wf>
         <wf lemma="a" pos="X">a</wf>
         <wf lemma="advocat" pos="X">advocat</wf>
         <wf lemma="." pos="X">.</wf>
      </sentence>
      <sentence id="d000.s1083" source="wordnet-catalan">
         <wf lemma="estava" pos="X">estava</wf>
         <wf lemma="quiet" pos="X">quiet</wf>
         <wf lemma="," pos="X">,</wf>
         <wf lemma="el" pos="X">el</wf>
         <wf lemma="seu" pos="X">seu</wf>
         <instance id="d000.s1083.t000" lemma="cor" pos="NOUN">cor</instance>
         <wf lemma="es" pos="X">es</wf>
         <wf lemma="movia" pos="X">movia</wf>
         <wf lemma="amb" pos="X">amb</wf>
         <wf lemma="intensitat" pos="X">intensitat</wf>
         <wf lemma="." pos="X">.</wf>
      </sentence>
      <sentence id="d000.s1084" source="wordnet-catalan">
         <wf lemma="és" pos="X">és</wf>
         <wf lemma="un" pos="X">un</wf>
         <wf lemma="edifici" pos="X">edifici</wf>
         <wf lemma="de" pos="X">de</wf>
         <instance id="d000.s1084.t000" lemma="proporció" pos="NOUN">proporcions</instance>
         <wf lemma="enormes" pos="X">enormes</wf>
         <wf lemma="." pos="X">.</wf>
      </sentence>
      <sentence id="d000.s1085" source="wordnet-catalan">
         <wf lemma="parla" pos="X">parla</wf>
         <wf lemma="francès" pos="X">francès</wf>
         <wf lemma="amb" pos="X">amb</wf>
         <wf lemma="un" pos="X">un</wf>
         <instance id="d000.s1085.t000" lemma="indici" pos="NOUN">indici</instance>
         <wf lemma="d'" pos="X">d'</wf>
         <wf lemma="accent" pos="X">accent</wf>
         <wf lemma="." pos="X">.</wf>
      </sentence>
      <sentence id="d000.s1086" source="wordnet-catalan">
         <wf lemma="va" pos="X">va</wf>
         <wf lemma="aconseguir" pos="X">aconseguir</wf>
         <wf lemma="no" pos="X">no</wf>
         <wf lemma="cridar" pos="X">cridar</wf>
         <wf lemma="l'" pos="X">l'</wf>
         <instance id="d000.s1086.t000" lemma="atenció" pos="NOUN">atenció</instance>
         <wf lemma="de" pos="X">de</wf>
         <wf lemma="la" pos="X">la</wf>
         <wf lemma="policia" pos="X">policia</wf>
         <wf lemma="." pos="X">.</wf>
      </sentence>
      <sentence id="d000.s1087" source="wordnet-catalan">
         <wf lemma="va" pos="X">va</wf>
         <wf lemma="programar" pos="X">programar</wf>
         <wf lemma="una" pos="X">una</wf>
         <instance id="d000.s1087.t000" lemma="visita" pos="NOUN">visita</instance>
         <wf lemma="al" pos="X">al</wf>
         <wf lemma="dentista" pos="X">dentista</wf>
         <wf lemma="." pos="X">.</wf>
      </sentence>
      <sentence id="d000.s1088" source="wordnet-catalan">
         <wf lemma="el" pos="X">el</wf>
         <wf lemma="meló" pos="X">meló</wf>
         <wf lemma="tenia" pos="X">tenia</wf>
         <wf lemma="molt" pos="X">molt</wf>
         <wf lemma="bon" pos="X">bon</wf>
         <instance id="d000.s1088.t000" lemma="gust" pos="NOUN">gust</instance>
         <wf lemma="." pos="X">.</wf>
      </sentence>
      <sentence id="d000.s1089" source="wordnet-catalan">
         <wf lemma="la" pos="X">la</wf>
         <wf lemma="pel·lícula" pos="X">pel·lícula</wf>
         <wf lemma="no" pos="X">no</wf>
         <wf lemma="conté" pos="X">conté</wf>
         <wf lemma="ni" pos="X">ni</wf>
         <wf lemma="violència" pos="X">violència</wf>
         <wf lemma="ni" pos="X">ni</wf>
         <instance id="d000.s1089.t000" lemma="sexe" pos="NOUN">sexe</instance>
         <wf lemma="." pos="X">.</wf>
      </sentence>
      <sentence id="d000.s1090" source="wordnet-catalan">
         <wf lemma="es" pos="X">es</wf>
         <wf lemma="va" pos="X">va</wf>
         <wf lemma="realitzar" pos="X">realitzar</wf>
         <wf lemma="amb" pos="X">amb</wf>
         <instance id="d000.s1090.t000" lemma="gràcia" pos="NOUN">gràcia</instance>
         <wf lemma="i" pos="X">i</wf>
         <wf lemma="bellesa" pos="X">bellesa</wf>
         <wf lemma="." pos="X">.</wf>
      </sentence>
      <sentence id="d000.s1091" source="wordnet-catalan">
         <wf lemma="els" pos="X">els</wf>
         <wf lemma="diumenges" pos="X">diumenges</wf>
         <wf lemma="sempre" pos="X">sempre</wf>
         <wf lemma="feien" pos="X">feien</wf>
         <wf lemma="un" pos="X">un</wf>
         <wf lemma="gran" pos="X">gran</wf>
         <instance id="d000.s1091.t000" lemma="dinar" pos="NOUN">dinar</instance>
         <wf lemma="quan" pos="X">quan</wf>
         <wf lemma="tornaven" pos="X">tornaven</wf>
         <wf lemma="de" pos="X">de</wf>
         <wf lemma="l'" pos="X">l'</wf>
         <wf lemma="esglèsia" pos="X">esglèsia</wf>
         <wf lemma="." pos="X">.</wf>
      </sentence>
      <sentence id="d000.s1092" source="wordnet-catalan">
         <wf lemma="van" pos="X">van</wf>
         <wf lemma="quedar" pos="X">quedar</wf>
         <wf lemma="en" pos="X">en</wf>
         <wf lemma="el" pos="X">el</wf>
         <instance id="d000.s1092.t000" lemma="lloc" pos="NOUN">lloc</instance>
         <wf lemma="de" pos="X">de</wf>
         <wf lemma="sempre" pos="X">sempre</wf>
         <wf lemma="." pos="X">.</wf>
      </sentence>
      <sentence id="d000.s1093" source="wordnet-catalan">
         <wf lemma="en" pos="X">en</wf>
         <wf lemma="quina" pos="X">quina</wf>
         <instance id="d000.s1093.t000" lemma="posició" pos="NOUN">posició</instance>
         <wf lemma="juga" pos="X">juga</wf>
         <wf lemma="?" pos="X">?</wf>
      </sentence>
      <sentence id="d000.s1094" source="wordnet-catalan">
         <wf lemma="la" pos="X">la</wf>
         <instance id="d000.s1094.t000" lemma="degeneració" pos="NOUN">degeneració</instance>
         <wf lemma="moral" pos="X">moral</wf>
         <wf lemma="segueix" pos="X">segueix</wf>
         <wf lemma="a" pos="X">a</wf>
         <wf lemma="la" pos="X">la</wf>
         <wf lemma="degeneració" pos="X">degeneració</wf>
         <wf lemma="intel·lectual" pos="X">intel·lectual</wf>
         <wf lemma="." pos="X">.</wf>
      </sentence>
      <sentence id="d000.s1095" source="wordnet-catalan">
         <instance id="d000.s1095.t000" lemma="víctima" pos="NOUN">víctima</instance>
         <wf lemma="de" pos="X">de</wf>
         <wf lemma="guerra" pos="X">guerra</wf>
         <wf lemma="." pos="X">.</wf>
      </sentence>
      <sentence id="d000.s1096" source="wordnet-catalan">
         <wf lemma="les" pos="X">les</wf>
         <wf lemma="flors" pos="X">flors</wf>
         <wf lemma="van" pos="X">van</wf>
         <wf lemma="donar" pos="X">donar</wf>
         <wf lemma="un" pos="X">un</wf>
         <wf lemma="aire" pos="X">aire</wf>
         <wf lemma="d'" pos="X">d'</wf>
         <instance id="d000.s1096.t000" lemma="alegria" pos="NOUN">alegria</instance>
         <wf lemma="a" pos="X">a</wf>
         <wf lemma="l'" pos="X">l'</wf>
         <wf lemma="habitació" pos="X">habitació</wf>
         <wf lemma="apagada" pos="X">apagada</wf>
         <wf lemma="." pos="X">.</wf>
      </sentence>
      <sentence id="d000.s1097" source="wordnet-catalan">
         <wf lemma="el" pos="X">el</wf>
         <instance id="d000.s1097.t000" lemma="trencament" pos="NOUN">trencament</instance>
         <wf lemma="era" pos="X">era</wf>
         <wf lemma="inevitable" pos="X">inevitable</wf>
         <wf lemma="." pos="X">.</wf>
      </sentence>
      <sentence id="d000.s1098" source="wordnet-catalan">
         <wf lemma="una" pos="X">una</wf>
         <instance id="d000.s1098.t000" lemma="varietat" pos="NOUN">varietat</instance>
         <wf lemma="de" pos="X">de</wf>
         <wf lemma="molècula" pos="X">molècula</wf>
         <wf lemma="." pos="X">.</wf>
      </sentence>
      <sentence id="d000.s1099" source="wordnet-catalan">
         <wf lemma="la" pos="X">la</wf>
         <instance id="d000.s1099.t000" lemma="profunditat" pos="NOUN">profunditat</instance>
         <wf lemma="de" pos="X">de</wf>
         <wf lemma="l'" pos="X">l'</wf>
         <wf lemma="estanteria" pos="X">estanteria</wf>
         <wf lemma="." pos="X">.</wf>
      </sentence>
      <sentence id="d000.s1100" source="wordnet-catalan">
         <wf lemma="va" pos="X">va</wf>
         <wf lemma="haver-hi" pos="X">haver-hi</wf>
         <wf lemma="una" pos="X">una</wf>
         <wf lemma="tempesta" pos="X">tempesta</wf>
         <wf lemma="forta" pos="X">forta</wf>
         <wf lemma="a" pos="X">a</wf>
         <wf lemma="la" pos="X">la</wf>
         <instance id="d000.s1100.t000" lemma="campanya" pos="NOUN">campanya</instance>
         <wf lemma="." pos="X">.</wf>
      </sentence>
      <sentence id="d000.s1101" source="wordnet-catalan">
         <wf lemma="habitació" pos="X">habitació</wf>
         <wf lemma="i" pos="X">i</wf>
         <instance id="d000.s1101.t000" lemma="taula" pos="NOUN">taula</instance>
         <wf lemma="." pos="X">.</wf>
      </sentence>
      <sentence id="d000.s1102" source="wordnet-catalan">
         <wf lemma="La" pos="X">La</wf>
         <instance id="d000.s1102.t000" lemma="detenció" pos="NOUN">detenció</instance>
         <wf lemma="del" pos="X">del</wf>
         <wf lemma="manifestant" pos="X">manifestant</wf>
         <wf lemma="va" pos="X">va</wf>
         <wf lemma="provocar" pos="X">provocar</wf>
         <wf lemma="moltes" pos="X">moltes</wf>
         <wf lemma="polèmiques" pos="X">polèmiques</wf>
         <wf lemma="." pos="X">.</wf>
      </sentence>
      <sentence id="d000.s1103" source="wordnet-catalan">
         <wf lemma="És" pos="X">És</wf>
         <wf lemma="un" pos="X">un</wf>
         <instance id="d000.s1103.t000" lemma="advocat" pos="NOUN">advocat</instance>
         <wf lemma="tributari" pos="X">tributari</wf>
         <wf lemma="." pos="X">.</wf>
      </sentence>
      <sentence id="d000.s1104" source="wordnet-catalan">
         <wf lemma="la" pos="X">la</wf>
         <instance id="d000.s1104.t000" lemma="història" pos="NOUN">història</instance>
         <wf lemma="de" pos="X">de</wf>
         <wf lemma="França" pos="X">França</wf>
         <wf lemma="." pos="X">.</wf>
      </sentence>
      <sentence id="d000.s1105" source="wordnet-catalan">
         <wf lemma="un" pos="X">un</wf>
         <wf lemma="galvanòmetre" pos="X">galvanòmetre</wf>
         <wf lemma="de" pos="X">de</wf>
         <instance id="d000.s1105.t000" lemma="sensibilitat" pos="NOUN">sensibilitat</instance>
         <wf lemma="extrema" pos="X">extrema</wf>
         <wf lemma="." pos="X">.</wf>
      </sentence>
      <sentence id="d000.s1106" source="wordnet-catalan">
         <wf lemma="L'" pos="X">L'</wf>
         <instance id="d000.s1106.t000" lemma="impost" pos="NOUN">impost</instance>
         <wf lemma="a" pos="X">a</wf>
         <wf lemma="la" pos="X">la</wf>
         <wf lemma="gasolina" pos="X">gasolina</wf>
         <wf lemma="puja" pos="X">puja</wf>
         <wf lemma="cada" pos="X">cada</wf>
         <wf lemma="dia" pos="X">dia</wf>
         <wf lemma="més" pos="X">més</wf>
         <wf lemma="." pos="X">.</wf>
      </sentence>
      <sentence id="d000.s1107" source="wordnet-catalan">
         <wf lemma="La" pos="X">La</wf>
         <wf lemma="policia" pos="X">policia</wf>
         <wf lemma="va" pos="X">va</wf>
         <wf lemma="realitzar" pos="X">realitzar</wf>
         <wf lemma="una" pos="X">una</wf>
         <instance id="d000.s1107.t000" lemma="inspecció" pos="NOUN">inspecció</instance>
         <wf lemma="abans" pos="X">abans</wf>
         <wf lemma="de" pos="X">de</wf>
         <wf lemma="deixar-les" pos="X">deixar-les</wf>
         <wf lemma="entrar" pos="X">entrar</wf>
         <wf lemma="al" pos="X">al</wf>
         <wf lemma="país" pos="X">país</wf>
         <wf lemma="." pos="X">.</wf>
      </sentence>
      <sentence id="d000.s1108" source="wordnet-catalan">
         <wf lemma="Una" pos="X">Una</wf>
         <wf lemma="visió" pos="X">visió</wf>
         <instance id="d000.s1108.t000" lemma="obvi" pos="ADJ">òbvia</instance>
         <wf lemma="." pos="X">.</wf>
      </sentence>
      <sentence id="d000.s1109" source="wordnet-catalan">
         <wf lemma="la" pos="X">la</wf>
         <instance id="d000.s1109.t000" lemma="pràctica" pos="NOUN">pràctica</instance>
         <wf lemma="habitual" pos="X">habitual</wf>
         <wf lemma="és" pos="X">és</wf>
         <wf lemma="apujar" pos="X">apujar</wf>
         <wf lemma="el" pos="X">el</wf>
         <wf lemma="sou" pos="X">sou</wf>
         <wf lemma="anualment" pos="X">anualment</wf>
         <wf lemma="als" pos="X">als</wf>
         <wf lemma="treballadors" pos="X">treballadors</wf>
         <wf lemma="." pos="X">.</wf>
      </sentence>
      <sentence id="d000.s1110" source="wordnet-catalan">
         <wf lemma="el" pos="X">el</wf>
         <instance id="d000.s1110.t000" lemma="camp" pos="NOUN">camp</instance>
         <wf lemma="tenia" pos="X">tenia</wf>
         <wf lemma="només" pos="X">només</wf>
         <wf lemma="nou" pos="X">nou</wf>
         <wf lemma="forats" pos="X">forats</wf>
         <wf lemma="." pos="X">.</wf>
      </sentence>
      <sentence id="d000.s1111" source="wordnet-catalan">
         <wf lemma="no" pos="X">no</wf>
         <wf lemma="està" pos="X">està</wf>
         <instance id="d000.s1111.t000" lemma="disponible" pos="ADJ">disponible</instance>
         <wf lemma="per" pos="X">per</wf>
         <wf lemma="parlar" pos="X">parlar</wf>
         <wf lemma="amb" pos="X">amb</wf>
         <wf lemma="ell" pos="X">ell</wf>
         <wf lemma="." pos="X">.</wf>
      </sentence>
      <sentence id="d000.s1112" source="wordnet-catalan">
         <wf lemma="Tenen" pos="X">Tenen</wf>
         <instance id="d000.s1112.t000" lemma="participació" pos="NOUN">participacions</instance>
         <wf lemma="a" pos="X">a</wf>
         <wf lemma="tot" pos="X">tot</wf>
         <wf lemma="arreu" pos="X">arreu</wf>
         <wf lemma="." pos="X">.</wf>
      </sentence>
      <sentence id="d000.s1113" source="wordnet-catalan">
         <wf lemma="va" pos="X">va</wf>
         <wf lemma="trobar" pos="X">trobar</wf>
         <wf lemma="un" pos="X">un</wf>
         <instance id="d000.s1113.t000" lemma="exemplar" pos="NOUN">exemplar</instance>
         <wf lemma="vell" pos="X">vell</wf>
         <wf lemma="de" pos="X">de</wf>
         <wf lemma="la" pos="X">la</wf>
         <wf lemma="revista" pos="X">revista</wf>
         <wf lemma="a" pos="X">a</wf>
         <wf lemma="la" pos="X">la</wf>
         <wf lemma="sala" pos="X">sala</wf>
         <wf lemma="d'" pos="X">d'</wf>
         <wf lemma="espera" pos="X">espera</wf>
         <wf lemma="del" pos="X">del</wf>
         <wf lemma="dentista" pos="X">dentista</wf>
         <wf lemma="." pos="X">.</wf>
      </sentence>
      <sentence id="d000.s1114" source="wordnet-catalan">
         <wf lemma="és" pos="X">és</wf>
         <wf lemma="més" pos="X">més</wf>
         <wf lemma="enllà" pos="X">enllà</wf>
         <wf lemma="de" pos="X">de</wf>
         <wf lemma="l'" pos="X">l'</wf>
         <instance id="d000.s1114.t000" lemma="àmbit" pos="NOUN">àmbit</instance>
         <wf lemma="d'" pos="X">d'</wf>
         <wf lemma="aquest" pos="X">aquest</wf>
         <wf lemma="treball" pos="X">treball</wf>
         <wf lemma="." pos="X">.</wf>
      </sentence>
      <sentence id="d000.s1115" source="wordnet-catalan">
         <wf lemma="els" pos="X">els</wf>
         <wf lemma="primers" pos="X">primers</wf>
         <instance id="d000.s1115.t000" lemma="aparell" pos="NOUN">aparells</instance>
         <wf lemma="anaven" pos="X">anaven</wf>
         <wf lemma="amb" pos="X">amb</wf>
         <wf lemma="bateries" pos="X">bateries</wf>
         <wf lemma="d'" pos="X">d'</wf>
         <wf lemma="acumuladors" pos="X">acumuladors</wf>
         <wf lemma="." pos="X">.</wf>
      </sentence>
      <sentence id="d000.s1116" source="wordnet-catalan">
         <wf lemma="està" pos="X">està</wf>
         <instance id="d000.s1116.t000" lemma="clar" pos="ADJ">clar</instance>
         <wf lemma="que" pos="X">que</wf>
         <wf lemma="no" pos="X">no</wf>
         <wf lemma="és" pos="X">és</wf>
         <wf lemma="un" pos="X">un</wf>
         <wf lemma="reaccionari" pos="X">reaccionari</wf>
         <wf lemma="." pos="X">.</wf>
      </sentence>
      <sentence id="d000.s1117" source="wordnet-catalan">
         <wf lemma="l'" pos="X">l'</wf>
         <wf lemma="educació" pos="X">educació</wf>
         <wf lemma="té" pos="X">té</wf>
         <wf lemma="com" pos="X">com</wf>
         <wf lemma="a" pos="X">a</wf>
         <wf lemma="objectiu" pos="X">objectiu</wf>
         <wf lemma="formar" pos="X">formar</wf>
         <wf lemma="el" pos="X">el</wf>
         <instance id="d000.s1117.t000" lemma="caràcter" pos="NOUN">caràcter</instance>
         <wf lemma="&quot;" pos="X">&quot;</wf>
         <wf lemma="-" pos="X">-</wf>
         <wf lemma="Herbert" pos="X">Herbert</wf>
         <wf lemma="Spencer" pos="X">Spencer</wf>
         <wf lemma="." pos="X">.</wf>
      </sentence>
      <sentence id="d000.s1118" source="wordnet-catalan">
         <wf lemma="l'" pos="X">l'</wf>
         <wf lemma="article" pos="X">article</wf>
         <wf lemma="inclou" pos="X">inclou</wf>
         <instance id="d000.s1118.t000" lemma="remissió" pos="NOUN">remissions</instance>
         <wf lemma="a" pos="X">a</wf>
         <wf lemma="alguns" pos="X">alguns</wf>
         <wf lemma="casos" pos="X">casos</wf>
         <wf lemma="clínics" pos="X">clínics</wf>
         <wf lemma="similars" pos="X">similars</wf>
         <wf lemma="." pos="X">.</wf>
      </sentence>
      <sentence id="d000.s1119" source="wordnet-catalan">
         <wf lemma="para" pos="X">para</wf>
         <wf lemma="de" pos="X">de</wf>
         <wf lemma="parlar" pos="X">parlar</wf>
         <wf lemma="de" pos="X">de</wf>
         <wf lemma="tu" pos="X">tu</wf>
         <wf lemma="mateix" pos="X">mateix</wf>
         <wf lemma="en" pos="X">en</wf>
         <wf lemma="tercera" pos="X">tercera</wf>
         <instance id="d000.s1119.t000" lemma="persona" pos="NOUN">persona</instance>
         <wf lemma="." pos="X">.</wf>
      </sentence>
      <sentence id="d000.s1120" source="wordnet-catalan">
         <wf lemma="una" pos="X">una</wf>
         <instance id="d000.s1120.t000" lemma="massa" pos="NOUN">massa</instance>
         <wf lemma="de" pos="X">de</wf>
         <wf lemma="gel" pos="X">gel</wf>
         <wf lemma="enorme" pos="X">enorme</wf>
         <wf lemma="." pos="X">.</wf>
      </sentence>
      <sentence id="d000.s1121" source="wordnet-catalan">
         <wf lemma="l'" pos="X">l'</wf>
         <instance id="d000.s1121.t000" lemma="audiència" pos="NOUN">audiència</instance>
         <wf lemma="va" pos="X">va</wf>
         <wf lemma="aplaudir" pos="X">aplaudir</wf>
         <wf lemma="." pos="X">.</wf>
      </sentence>
      <sentence id="d000.s1122" source="wordnet-catalan">
         <wf lemma="va" pos="X">va</wf>
         <wf lemma="tenir" pos="X">tenir</wf>
         <instance id="d000.s1122.t000" lemma="valor" pos="NOUN">valor</instance>
         <wf lemma="en" pos="X">en</wf>
         <wf lemma="enfrontar-se" pos="X">enfrontar-se</wf>
         <wf lemma="al" pos="X">al</wf>
         <wf lemma="seu" pos="X">seu</wf>
         <wf lemma="cap" pos="X">cap</wf>
         <wf lemma="." pos="X">.</wf>
      </sentence>
      <sentence id="d000.s1123" source="wordnet-catalan">
         <wf lemma="va" pos="X">va</wf>
         <wf lemma="obtenir" pos="X">obtenir</wf>
         <wf lemma="la" pos="X">la</wf>
         <wf lemma="puntuació" pos="X">puntuació</wf>
         <wf lemma="més" pos="X">més</wf>
         <wf lemma="alta" pos="X">alta</wf>
         <wf lemma="en" pos="X">en</wf>
         <wf lemma="les" pos="X">les</wf>
         <instance id="d000.s1123.t000" lemma="figura" pos="NOUN">figures</instance>
         <wf lemma="obligatòries" pos="X">obligatòries</wf>
         <wf lemma="." pos="X">.</wf>
      </sentence>
      <sentence id="d000.s1124" source="wordnet-catalan">
         <wf lemma="va" pos="X">va</wf>
         <wf lemma="veure's" pos="X">veure's</wf>
         <wf lemma="tres" pos="X">tres</wf>
         <wf lemma="gots" pos="X">gots</wf>
         <wf lemma="d'" pos="X">d'</wf>
         <instance id="d000.s1124.t000" lemma="aigua" pos="NOUN">aigua</instance>
         <wf lemma="." pos="X">.</wf>
      </sentence>
      <sentence id="d000.s1125" source="wordnet-catalan">
         <wf lemma="va" pos="X">va</wf>
         <wf lemma="estudiar" pos="X">estudiar</wf>
         <instance id="d000.s1125.t000" lemma="medicina" pos="NOUN">medicina</instance>
         <wf lemma="a" pos="X">a</wf>
         <wf lemma="Harvard" pos="X">Harvard</wf>
         <wf lemma="." pos="X">.</wf>
      </sentence>
      <sentence id="d000.s1126" source="wordnet-catalan">
         <wf lemma="la" pos="X">la</wf>
         <instance id="d000.s1126.t000" lemma="setmana" pos="NOUN">setmana</instance>
         <wf lemma="entrant" pos="X">entrant</wf>
         <wf lemma="anirem" pos="X">anirem</wf>
         <wf lemma="d'" pos="X">d'</wf>
         <wf lemma="excursió" pos="X">excursió</wf>
         <wf lemma="." pos="X">.</wf>
      </sentence>
      <sentence id="d000.s1127" source="wordnet-catalan">
         <wf lemma="un" pos="X">un</wf>
         <wf lemma="temps" pos="X">temps</wf>
         <instance id="d000.s1127.t000" lemma="xafogós" pos="ADJ">xafogós</instance>
         <wf lemma="." pos="X">.</wf>
      </sentence>
      <sentence id="d000.s1128" source="wordnet-catalan">
         <wf lemma="després" pos="X">després</wf>
         <wf lemma="del" pos="X">del</wf>
         <wf lemma="sopar" pos="X">sopar</wf>
         <wf lemma="va" pos="X">va</wf>
         <wf lemma="explicar" pos="X">explicar</wf>
         <wf lemma="als" pos="X">als</wf>
         <wf lemma="nens" pos="X">nens</wf>
         <instance id="d000.s1128.t000" lemma="història" pos="NOUN">històries</instance>
         <wf lemma="de" pos="X">de</wf>
         <wf lemma="les" pos="X">les</wf>
         <wf lemma="seves" pos="X">seves</wf>
         <wf lemma="aventures" pos="X">aventures</wf>
         <wf lemma="." pos="X">.</wf>
      </sentence>
      <sentence id="d000.s1129" source="wordnet-catalan">
         <wf lemma="Puc" pos="X">Puc</wf>
         <instance id="d000.s1129.t000" lemma="respirar" pos="VERB">respirar</instance>
         <wf lemma="millor" pos="X">millor</wf>
         <wf lemma="quan" pos="X">quan</wf>
         <wf lemma="l'" pos="X">l'</wf>
         <wf lemma="aire" pos="X">aire</wf>
         <wf lemma="és" pos="X">és</wf>
         <wf lemma="net" pos="X">net</wf>
         <wf lemma="." pos="X">.</wf>
      </sentence>
      <sentence id="d000.s1130" source="wordnet-catalan">
         <wf lemma="El" pos="X">El</wf>
         <wf lemma="Suprem" pos="X">Suprem</wf>
         <wf lemma="acepta" pos="X">acepta</wf>
         <wf lemma="la" pos="X">la</wf>
         <instance id="d000.s1130.t000" lemma="recusació" pos="NOUN">recusació</instance>
         <wf lemma="demanada" pos="X">demanada</wf>
         <wf lemma="per" pos="X">per</wf>
         <wf lemma="l'" pos="X">l'</wf>
         <wf lemma="acusat" pos="X">acusat</wf>
         <wf lemma="." pos="X">.</wf>
      </sentence>
      <sentence id="d000.s1131" source="wordnet-catalan">
         <wf lemma="el" pos="X">el</wf>
         <wf lemma="refredat" pos="X">refredat</wf>
         <wf lemma="li" pos="X">li</wf>
         <wf lemma="va" pos="X">va</wf>
         <wf lemma="treure" pos="X">treure</wf>
         <wf lemma="el" pos="X">el</wf>
         <wf lemma="sentit" pos="X">sentit</wf>
         <wf lemma="del" pos="X">del</wf>
         <instance id="d000.s1131.t000" lemma="gust" pos="NOUN">gust</instance>
         <wf lemma="." pos="X">.</wf>
      </sentence>
      <sentence id="d000.s1132" source="wordnet-catalan">
         <wf lemma="La" pos="X">La</wf>
         <wf lemma="policia" pos="X">policia</wf>
         <wf lemma="va" pos="X">va</wf>
         <wf lemma="controlar" pos="X">controlar</wf>
         <wf lemma="el" pos="X">el</wf>
         <instance id="d000.s1132.t000" lemma="desplaçament" pos="NOUN">desplaçament</instance>
         <wf lemma="de" pos="X">de</wf>
         <wf lemma="la" pos="X">la</wf>
         <wf lemma="multitud" pos="X">multitud</wf>
         <wf lemma="." pos="X">.</wf>
      </sentence>
      <sentence id="d000.s1133" source="wordnet-catalan">
         <wf lemma="la" pos="X">la</wf>
         <instance id="d000.s1133.t000" lemma="carrera" pos="NOUN">carrera</instance>
         <wf lemma="d'" pos="X">d'</wf>
         <wf lemma="aquest" pos="X">aquest</wf>
         <wf lemma="any" pos="X">any</wf>
         <wf lemma="era" pos="X">era</wf>
         <wf lemma="més" pos="X">més</wf>
         <wf lemma="llarga" pos="X">llarga</wf>
         <wf lemma="que" pos="X">que</wf>
         <wf lemma="mai" pos="X">mai</wf>
         <wf lemma="." pos="X">.</wf>
      </sentence>
      <sentence id="d000.s1134" source="wordnet-catalan">
         <instance id="d000.s1134.t000" lemma="obra" pos="NOUN">obra</instance>
         <wf lemma="musical" pos="X">musical</wf>
         <wf lemma="." pos="X">.</wf>
      </sentence>
      <sentence id="d000.s1135" source="wordnet-catalan">
         <wf lemma="L'" pos="X">L'</wf>
         <wf lemma="equip" pos="X">equip</wf>
         <wf lemma="local" pos="X">local</wf>
         <wf lemma="va" pos="X">va</wf>
         <instance id="d000.s1135.t000" lemma="vèncer" pos="VERB">vèncer</instance>
         <wf lemma="." pos="X">.</wf>
      </sentence>
      <sentence id="d000.s1136" source="wordnet-catalan">
         <wf lemma="us" pos="X">us</wf>
         <wf lemma="presento" pos="X">presento</wf>
         <wf lemma="els" pos="X">els</wf>
         <wf lemma="meus" pos="X">meus</wf>
         <instance id="d000.s1136.t000" lemma="respecte" pos="NOUN">respectes</instance>
         <wf lemma="." pos="X">.</wf>
      </sentence>
      <sentence id="d000.s1137" source="wordnet-catalan">
         <wf lemma="la" pos="X">la</wf>
         <wf lemma="teulada" pos="X">teulada</wf>
         <wf lemma="té" pos="X">té</wf>
         <wf lemma="una" pos="X">una</wf>
         <instance id="d000.s1137.t000" lemma="inclinació" pos="NOUN">inclinació</instance>
         <wf lemma="pronunciada" pos="X">pronunciada</wf>
         <wf lemma="." pos="X">.</wf>
      </sentence>
      <sentence id="d000.s1138" source="wordnet-catalan">
         <wf lemma="la" pos="X">la</wf>
         <wf lemma="roda" pos="X">roda</wf>
         <wf lemma="és" pos="X">és</wf>
         <wf lemma="una" pos="X">una</wf>
         <instance id="d000.s1138.t000" lemma="part" pos="NOUN">part</instance>
         <wf lemma="de" pos="X">de</wf>
         <wf lemma="l'" pos="X">l'</wf>
         <wf lemma="automòbil" pos="X">automòbil</wf>
         <wf lemma="." pos="X">.</wf>
      </sentence>
      <sentence id="d000.s1139" source="wordnet-catalan">
         <wf lemma="El" pos="X">El</wf>
         <instance id="d000.s1139.t000" lemma="cost" pos="NOUN">cost</instance>
         <wf lemma="al" pos="X">al</wf>
         <wf lemma="públic" pos="X">públic</wf>
         <wf lemma="d'" pos="X">d'</wf>
         <wf lemma="aquest" pos="X">aquest</wf>
         <wf lemma="cotxe" pos="X">cotxe</wf>
         <wf lemma="és" pos="X">és</wf>
         <wf lemma="molt" pos="X">molt</wf>
         <wf lemma="alt" pos="X">alt</wf>
         <wf lemma="." pos="X">.</wf>
      </sentence>
      <sentence id="d000.s1140" source="wordnet-catalan">
         <wf lemma="no" pos="X">no</wf>
         <wf lemma="és" pos="X">és</wf>
         <wf lemma="la" pos="X">la</wf>
         <wf lemma="persona" pos="X">persona</wf>
         <instance id="d000.s1140.t000" lemma="indicat" pos="ADJ">indicada</instance>
         <wf lemma="per" pos="X">per</wf>
         <wf lemma="aquest" pos="X">aquest</wf>
         <wf lemma="lloc" pos="X">lloc</wf>
         <wf lemma="de" pos="X">de</wf>
         <wf lemma="treball" pos="X">treball</wf>
         <wf lemma="." pos="X">.</wf>
      </sentence>
      <sentence id="d000.s1141" source="wordnet-catalan">
         <wf lemma="el" pos="X">el</wf>
         <instance id="d000.s1141.t000" lemma="so" pos="NOUN">so</instance>
         <wf lemma="els" pos="X">els</wf>
         <wf lemma="va" pos="X">va</wf>
         <wf lemma="despertar" pos="X">despertar</wf>
         <wf lemma="." pos="X">.</wf>
      </sentence>
      <sentence id="d000.s1142" source="wordnet-catalan">
         <wf lemma="blau" pos="X">blau</wf>
         <instance id="d000.s1142.t000" lemma="clar" pos="ADJ">clar</instance>
         <wf lemma="." pos="X">.</wf>
      </sentence>
      <sentence id="d000.s1143" source="wordnet-catalan">
         <wf lemma="era" pos="X">era</wf>
         <wf lemma="un" pos="X">un</wf>
         <wf lemma="assumpte" pos="X">assumpte</wf>
         <wf lemma="que" pos="X">que</wf>
         <wf lemma="d'" pos="X">d'</wf>
         <wf lemma="una" pos="X">una</wf>
         <instance id="d000.s1143.t000" lemma="banda" pos="NOUN">banda</instance>
         <wf lemma="era" pos="X">era</wf>
         <wf lemma="trist" pos="X">trist</wf>
         <wf lemma="," pos="X">,</wf>
         <wf lemma="però" pos="X">però</wf>
         <wf lemma="per" pos="X">per</wf>
         <wf lemma="l'" pos="X">l'</wf>
         <wf lemma="altra" pos="X">altra</wf>
         <wf lemma="banda" pos="X">banda</wf>
         <wf lemma="era" pos="X">era</wf>
         <wf lemma="una" pos="X">una</wf>
         <wf lemma="alegria" pos="X">alegria</wf>
         <wf lemma="." pos="X">.</wf>
      </sentence>
      <sentence id="d000.s1144" source="wordnet-catalan">
         <wf lemma="El" pos="X">El</wf>
         <wf lemma="pilot" pos="X">pilot</wf>
         <wf lemma="amplia" pos="X">amplia</wf>
         <wf lemma="la" pos="X">la</wf>
         <wf lemma="seva" pos="X">seva</wf>
         <instance id="d000.s1144.t000" lemma="contracte" pos="NOUN">contracte</instance>
         <wf lemma="amb" pos="X">amb</wf>
         <wf lemma="la" pos="X">la</wf>
         <wf lemma="companyia" pos="X">companyia</wf>
         <wf lemma="fins" pos="X">fins</wf>
         <wf lemma="al" pos="X">al</wf>
         <wf lemma="2016" pos="X">2016</wf>
         <wf lemma="." pos="X">.</wf>
      </sentence>
      <sentence id="d000.s1145" source="wordnet-catalan">
         <wf lemma="la" pos="X">la</wf>
         <instance id="d000.s1145.t000" lemma="seguretat" pos="NOUN">seguretat</instance>
         <wf lemma="dels" pos="X">dels</wf>
         <wf lemma="més" pos="X">més</wf>
         <wf lemma="petits" pos="X">petits</wf>
         <wf lemma="." pos="X">.</wf>
      </sentence>
      <sentence id="d000.s1146" source="wordnet-catalan">
         <wf lemma="la" pos="X">la</wf>
         <wf lemma="seguretat" pos="X">seguretat</wf>
         <wf lemma="del" pos="X">del</wf>
         <wf lemma="vaixell" pos="X">vaixell</wf>
         <wf lemma="és" pos="X">és</wf>
         <wf lemma="la" pos="X">la</wf>
         <wf lemma="màxima" pos="X">màxima</wf>
         <instance id="d000.s1146.t000" lemma="preocupació" pos="NOUN">preocupació</instance>
         <wf lemma="del" pos="X">del</wf>
         <wf lemma="capità" pos="X">capità</wf>
         <wf lemma="." pos="X">.</wf>
      </sentence>
      <sentence id="d000.s1147" source="wordnet-catalan">
         <wf lemma="Volia" pos="X">Volia</wf>
         <wf lemma="la" pos="X">la</wf>
         <wf lemma="seva" pos="X">seva</wf>
         <instance id="d000.s1147.t000" lemma="part" pos="NOUN">part</instance>
         <wf lemma="en" pos="X">en</wf>
         <wf lemma="metàl·lic" pos="X">metàl·lic</wf>
         <wf lemma="." pos="X">.</wf>
      </sentence>
      <sentence id="d000.s1148" source="wordnet-catalan">
         <wf lemma="És" pos="X">És</wf>
         <wf lemma="un" pos="X">un</wf>
         <wf lemma="treball" pos="X">treball</wf>
         <instance id="d000.s1148.t000" lemma="pagat" pos="ADJ">pagat</instance>
         <wf lemma="." pos="X">.</wf>
      </sentence>
      <sentence id="d000.s1149" source="wordnet-catalan">
         <wf lemma="van" pos="X">van</wf>
         <wf lemma="esgotar" pos="X">esgotar</wf>
         <wf lemma="una" pos="X">una</wf>
         <wf lemma="primera" pos="X">primera</wf>
         <instance id="d000.s1149.t000" lemma="edició" pos="NOUN">edició</instance>
         <wf lemma="de" pos="X">de</wf>
         <wf lemma="2000" pos="X">2000</wf>
         <wf lemma="còpies" pos="X">còpies</wf>
         <wf lemma="." pos="X">.</wf>
      </sentence>
      <sentence id="d000.s1150" source="wordnet-catalan">
         <wf lemma="el" pos="X">el</wf>
         <wf lemma="nobles" pos="X">nobles</wf>
         <wf lemma="havien" pos="X">havien</wf>
         <wf lemma="fet" pos="X">fet</wf>
         <instance id="d000.s1150.t000" lemma="concert" pos="NOUN">concerts</instance>
         <wf lemma="secrets" pos="X">secrets</wf>
         <wf lemma="amb" pos="X">amb</wf>
         <wf lemma="l'" pos="X">l'</wf>
         <wf lemma="enemic" pos="X">enemic</wf>
         <wf lemma="." pos="X">.</wf>
      </sentence>
      <sentence id="d000.s1151" source="wordnet-catalan">
         <wf lemma="La" pos="X">La</wf>
         <instance id="d000.s1151.t000" lemma="jurisprudència" pos="NOUN">jurisprudència</instance>
         <wf lemma="civil" pos="X">civil</wf>
         <wf lemma="del" pos="X">del</wf>
         <wf lemma="Tribunal" pos="X">Tribunal</wf>
         <wf lemma="Superior" pos="X">Superior</wf>
         <wf lemma="de" pos="X">de</wf>
         <wf lemma="Justícia" pos="X">Justícia</wf>
         <wf lemma="de" pos="X">de</wf>
         <wf lemma="Catalunya" pos="X">Catalunya</wf>
         <wf lemma="." pos="X">.</wf>
      </sentence>
      <sentence id="d000.s1152" source="wordnet-catalan">
         <wf lemma="no" pos="X">no</wf>
         <wf lemma="tenia" pos="X">tenia</wf>
         <wf lemma="cap" pos="X">cap</wf>
         <instance id="d000.s1152.t000" lemma="motiu" pos="NOUN">motiu</instance>
         <wf lemma="de" pos="X">de</wf>
         <wf lemma="queixa" pos="X">queixa</wf>
         <wf lemma="." pos="X">.</wf>
      </sentence>
      <sentence id="d000.s1153" source="wordnet-catalan">
         <wf lemma="un" pos="X">un</wf>
         <wf lemma="compromís" pos="X">compromís</wf>
         <instance id="d000.s1153.t000" lemma="total" pos="ADJ">total</instance>
         <wf lemma="." pos="X">.</wf>
      </sentence>
      <sentence id="d000.s1154" source="wordnet-catalan">
         <wf lemma="el" pos="X">el</wf>
         <instance id="d000.s1154.t000" lemma="grup" pos="NOUN">grup</instance>
         <wf lemma="de" pos="X">de</wf>
         <wf lemma="nombres" pos="X">nombres</wf>
         <wf lemma="naturals" pos="X">naturals</wf>
         <wf lemma="." pos="X">.</wf>
      </sentence>
      <sentence id="d000.s1155" source="wordnet-catalan">
         <wf lemma="Les" pos="X">Les</wf>
         <wf lemma="illes" pos="X">illes</wf>
         <wf lemma="tenen" pos="X">tenen</wf>
         <wf lemma="una" pos="X">una</wf>
         <wf lemma="importància" pos="X">importància</wf>
         <instance id="d000.s1155.t000" lemma="estratègic" pos="ADJ">estratègica</instance>
         <wf lemma="." pos="X">.</wf>
      </sentence>
      <sentence id="d000.s1156" source="wordnet-catalan">
         <wf lemma="el" pos="X">el</wf>
         <instance id="d000.s1156.t000" lemma="centre" pos="NOUN">centre</instance>
         <wf lemma="de" pos="X">de</wf>
         <wf lemma="l'" pos="X">l'</wf>
         <wf lemma="equip" pos="X">equip</wf>
         <wf lemma="va" pos="X">va</wf>
         <wf lemma="fallar" pos="X">fallar</wf>
         <wf lemma="." pos="X">.</wf>
      </sentence>
      <sentence id="d000.s1157" source="wordnet-catalan">
         <wf lemma="el" pos="X">el</wf>
         <wf lemma="procés" pos="X">procés</wf>
         <wf lemma="de" pos="X">de</wf>
         <instance id="d000.s1157.t000" lemma="creació" pos="NOUN">creació</instance>
         <wf lemma="de" pos="X">de</wf>
         <wf lemma="la" pos="X">la</wf>
         <wf lemma="col·lecció" pos="X">col·lecció</wf>
         <wf lemma="va" pos="X">va</wf>
         <wf lemma="ser" pos="X">ser</wf>
         <wf lemma="de" pos="X">de</wf>
         <wf lemma="tres" pos="X">tres</wf>
         <wf lemma="anys" pos="X">anys</wf>
         <wf lemma="." pos="X">.</wf>
      </sentence>
      <sentence id="d000.s1158" source="wordnet-catalan">
         <wf lemma="la" pos="X">la</wf>
         <instance id="d000.s1158.t000" lemma="consideració" pos="NOUN">consideració</instance>
         <wf lemma="del" pos="X">del</wf>
         <wf lemma="problema" pos="X">problema</wf>
         <wf lemma="del" pos="X">del</wf>
         <wf lemma="tràfic" pos="X">tràfic</wf>
         <wf lemma="va" pos="X">va</wf>
         <wf lemma="durar" pos="X">durar</wf>
         <wf lemma="més" pos="X">més</wf>
         <wf lemma="d'" pos="X">d'</wf>
         <wf lemma="una" pos="X">una</wf>
         <wf lemma="hora" pos="X">hora</wf>
         <wf lemma="." pos="X">.</wf>
      </sentence>
      <sentence id="d000.s1159" source="wordnet-catalan">
         <instance id="d000.s1159.t000" lemma="punt" pos="NOUN">punt</instance>
         <wf lemma="mort" pos="X">mort</wf>
         <wf lemma="." pos="X">.</wf>
      </sentence>
      <sentence id="d000.s1160" source="wordnet-catalan">
         <wf lemma="Els" pos="X">Els</wf>
         <wf lemma="veïns" pos="X">veïns</wf>
         <wf lemma="demanen" pos="X">demanen</wf>
         <wf lemma="una" pos="X">una</wf>
         <instance id="d000.s1160.t000" lemma="servitud" pos="NOUN">servitud</instance>
         <wf lemma="de" pos="X">de</wf>
         <wf lemma="pas" pos="X">pas</wf>
         <wf lemma="sobre" pos="X">sobre</wf>
         <wf lemma="la" pos="X">la</wf>
         <wf lemma="nostra" pos="X">nostra</wf>
         <wf lemma="finca" pos="X">finca</wf>
         <wf lemma="." pos="X">.</wf>
      </sentence>
      <sentence id="d000.s1161" source="wordnet-catalan">
         <wf lemma="el" pos="X">el</wf>
         <instance id="d000.s1161.t000" lemma="pensament" pos="NOUN">pensament</instance>
         <wf lemma="del" pos="X">del</wf>
         <wf lemma="segle" pos="X">segle</wf>
         <wf lemma="XIX" pos="X">XIX</wf>
         <wf lemma="." pos="X">.</wf>
      </sentence>
      <sentence id="d000.s1162" source="wordnet-catalan">
         <wf lemma="Neumonia" pos="X">Neumonia</wf>
         <instance id="d000.s1162.t000" lemma="bronquial" pos="ADJ">bronquial</instance>
         <wf lemma="." pos="X">.</wf>
      </sentence>
      <sentence id="d000.s1163" source="wordnet-catalan">
         <wf lemma="va" pos="X">va</wf>
         <wf lemma="dibuixar" pos="X">dibuixar</wf>
         <wf lemma="un" pos="X">un</wf>
         <wf lemma="quadrat" pos="X">quadrat</wf>
         <wf lemma="al" pos="X">al</wf>
         <instance id="d000.s1163.t000" lemma="centre" pos="NOUN">centre</instance>
         <wf lemma="de" pos="X">de</wf>
         <wf lemma="la" pos="X">la</wf>
         <wf lemma="circumferència" pos="X">circumferència</wf>
         <wf lemma="." pos="X">.</wf>
      </sentence>
      <sentence id="d000.s1164" source="wordnet-catalan">
         <wf lemma="Van" pos="X">Van</wf>
         <wf lemma="atacar" pos="X">atacar</wf>
         <wf lemma="el" pos="X">el</wf>
         <instance id="d000.s1164.t000" lemma="grup" pos="NOUN">grup</instance>
         <wf lemma="de" pos="X">de</wf>
         <wf lemma="reporters" pos="X">reporters</wf>
         <wf lemma="." pos="X">.</wf>
      </sentence>
      <sentence id="d000.s1165" source="wordnet-catalan">
         <wf lemma="les" pos="X">les</wf>
         <wf lemma="universitats" pos="X">universitats</wf>
         <instance id="d000.s1165.t000" lemma="alemany" pos="ADJ">alemanyes</instance>
         <wf lemma="." pos="X">.</wf>
      </sentence>
      <sentence id="d000.s1166" source="wordnet-catalan">
         <wf lemma="és" pos="X">és</wf>
         <wf lemma="la" pos="X">la</wf>
         <wf lemma="meva" pos="X">meva</wf>
         <instance id="d000.s1166.t000" lemma="tanda" pos="NOUN">tanda</instance>
         <wf lemma="." pos="X">.</wf>
      </sentence>
      <sentence id="d000.s1167" source="wordnet-catalan">
         <wf lemma="una" pos="X">una</wf>
         <instance id="d000.s1167.t000" lemma="experiència" pos="NOUN">experiència</instance>
         <wf lemma="sorprenent" pos="X">sorprenent</wf>
         <wf lemma="." pos="X">.</wf>
      </sentence>
      <sentence id="d000.s1168" source="wordnet-catalan">
         <wf lemma="és" pos="X">és</wf>
         <wf lemma="el" pos="X">el</wf>
         <wf lemma="meu" pos="X">meu</wf>
         <wf lemma="millor" pos="X">millor</wf>
         <instance id="d000.s1168.t000" lemma="amic" pos="NOUN">amic</instance>
         <wf lemma="de" pos="X">de</wf>
         <wf lemma="la" pos="X">la</wf>
         <wf lemma="universitat" pos="X">universitat</wf>
         <wf lemma="." pos="X">.</wf>
      </sentence>
      <sentence id="d000.s1169" source="wordnet-catalan">
         <wf lemma="buscava" pos="X">buscava</wf>
         <wf lemma="el" pos="X">el</wf>
         <instance id="d000.s1169.t000" lemma="camí" pos="NOUN">camí</instance>
         <wf lemma="cap" pos="X">cap</wf>
         <wf lemma="a" pos="X">a</wf>
         <wf lemma="fora" pos="X">fora</wf>
         <wf lemma="." pos="X">.</wf>
      </sentence>
      <sentence id="d000.s1170" source="wordnet-catalan">
         <wf lemma="L'" pos="X">L'</wf>
         <wf lemma="empresa" pos="X">empresa</wf>
         <wf lemma="tenia" pos="X">tenia</wf>
         <wf lemma="una" pos="X">una</wf>
         <instance id="d000.s1170.t000" lemma="nòmina" pos="NOUN">nòmina</instance>
         <wf lemma="gran" pos="X">gran</wf>
         <wf lemma="." pos="X">.</wf>
      </sentence>
      <sentence id="d000.s1171" source="wordnet-catalan">
         <wf lemma="els" pos="X">els</wf>
         <instance id="d000.s1171.t000" lemma="divendres" pos="NOUN">divendres</instance>
         <wf lemma="només" pos="X">només</wf>
         <wf lemma="treballo" pos="X">treballo</wf>
         <wf lemma="mitja" pos="X">mitja</wf>
         <wf lemma="jornada" pos="X">jornada</wf>
         <wf lemma="." pos="X">.</wf>
      </sentence>
      <sentence id="d000.s1172" source="wordnet-catalan">
         <wf lemma="Jacob" pos="X">Jacob</wf>
         <wf lemma="era" pos="X">era</wf>
         <wf lemma="un" pos="X">un</wf>
         <wf lemma="home" pos="X">home</wf>
         <instance id="d000.s1172.t000" lemma="pelut" pos="ADJ">pelut</instance>
         <wf lemma="." pos="X">.</wf>
      </sentence>
      <sentence id="d000.s1173" source="wordnet-catalan">
         <wf lemma="Són" pos="X">Són</wf>
         <wf lemma="condicions" pos="X">condicions</wf>
         <instance id="d000.s1173.t000" lemma="desfavorable" pos="ADJ">desfavorables</instance>
         <wf lemma="." pos="X">.</wf>
      </sentence>
      <sentence id="d000.s1174" source="wordnet-catalan">
         <wf lemma="la" pos="X">la</wf>
         <instance id="d000.s1174.t000" lemma="funció" pos="NOUN">funció</instance>
         <wf lemma="d'" pos="X">d'</wf>
         <wf lemma="una" pos="X">una</wf>
         <wf lemma="perforadora" pos="X">perforadora</wf>
         <wf lemma="és" pos="X">és</wf>
         <wf lemma="obrir" pos="X">obrir</wf>
         <wf lemma="forats" pos="X">forats</wf>
         <wf lemma="." pos="X">.</wf>
      </sentence>
      <sentence id="d000.s1175" source="wordnet-catalan">
         <wf lemma="què" pos="X">què</wf>
         <instance id="d000.s1175.t000" lemma="diantre" pos="NOUN">diantre</instance>
         <wf lemma="dius" pos="X">dius</wf>
         <wf lemma="?" pos="X">?</wf>
      </sentence>
      <sentence id="d000.s1176" source="wordnet-catalan">
         <wf lemma="hi" pos="X">hi</wf>
         <wf lemma="ha" pos="X">ha</wf>
         <wf lemma="poques" pos="X">poques</wf>
         <instance id="d000.s1176.t000" lemma="esperança" pos="NOUN">esperances</instance>
         <wf lemma="que" pos="X">que</wf>
         <wf lemma="es" pos="X">es</wf>
         <wf lemma="recuperi" pos="X">recuperi</wf>
         <wf lemma="." pos="X">.</wf>
      </sentence>
      <sentence id="d000.s1177" source="wordnet-catalan">
         <wf lemma="em" pos="X">em</wf>
         <wf lemma="pregunto" pos="X">pregunto</wf>
         <wf lemma="que" pos="X">que</wf>
         <wf lemma="haguessin" pos="X">haguessin</wf>
         <wf lemma="fet" pos="X">fet</wf>
         <wf lemma="els" pos="X">els</wf>
         <instance id="d000.s1177.t000" lemma="mort" pos="NOUN">morts</instance>
         <wf lemma="." pos="X">.</wf>
      </sentence>
      <sentence id="d000.s1178" source="wordnet-catalan">
         <wf lemma="era" pos="X">era</wf>
         <wf lemma="partidari" pos="X">partidari</wf>
         <wf lemma="de" pos="X">de</wf>
         <wf lemma="l'" pos="X">l'</wf>
         <instance id="d000.s1178.t000" lemma="aplicació" pos="NOUN">aplicació</instance>
         <wf lemma="de" pos="X">de</wf>
         <wf lemma="les" pos="X">les</wf>
         <wf lemma="estadístiques" pos="X">estadístiques</wf>
         <wf lemma="al" pos="X">al</wf>
         <wf lemma="problema" pos="X">problema</wf>
         <wf lemma="." pos="X">.</wf>
      </sentence>
      <sentence id="d000.s1179" source="wordnet-catalan">
         <wf lemma="El" pos="X">El</wf>
         <wf lemma="jutge" pos="X">jutge</wf>
         <wf lemma="arxiva" pos="X">arxiva</wf>
         <wf lemma="la" pos="X">la</wf>
         <instance id="d000.s1179.t000" lemma="causa" pos="NOUN">causa</instance>
         <wf lemma="pel" pos="X">pel</wf>
         <wf lemma="desallotjament" pos="X">desallotjament</wf>
         <wf lemma="de" pos="X">de</wf>
         <wf lemma="la" pos="X">la</wf>
         <wf lemma="plaça" pos="X">plaça</wf>
         <wf lemma="." pos="X">.</wf>
      </sentence>
      <sentence id="d000.s1180" source="wordnet-catalan">
         <wf lemma="l'" pos="X">l'</wf>
         <instance id="d000.s1180.t000" lemma="acord" pos="NOUN">acord</instance>
         <wf lemma="afavoria" pos="X">afavoria</wf>
         <wf lemma="als" pos="X">als</wf>
         <wf lemma="republicans" pos="X">republicans</wf>
         <wf lemma="." pos="X">.</wf>
      </sentence>
      <sentence id="d000.s1181" source="wordnet-catalan">
         <wf lemma="La" pos="X">La</wf>
         <wf lemma="llibertat" pos="X">llibertat</wf>
         <wf lemma="d'" pos="X">d'</wf>
         <wf lemma="expressió" pos="X">expressió</wf>
         <wf lemma="com" pos="X">com</wf>
         <wf lemma="a" pos="X">a</wf>
         <wf lemma="dret" pos="X">dret</wf>
         <instance id="d000.s1181.t000" lemma="constitucional" pos="ADJ">constitucional</instance>
         <wf lemma="." pos="X">.</wf>
      </sentence>
      <sentence id="d000.s1182" source="wordnet-catalan">
         <wf lemma="un" pos="X">un</wf>
         <wf lemma="perfil" pos="X">perfil</wf>
         <instance id="d000.s1182.t000" lemma="inconfusible" pos="ADJ">inconfusible</instance>
         <wf lemma="." pos="X">.</wf>
      </sentence>
      <sentence id="d000.s1183" source="wordnet-catalan">
         <wf lemma="Sintaxi" pos="X">Sintaxi</wf>
         <instance id="d000.s1183.t000" lemma="adverbial" pos="ADJ">adverbial</instance>
         <wf lemma="." pos="X">.</wf>
      </sentence>
      <sentence id="d000.s1184" source="wordnet-catalan">
         <wf lemma="roca" pos="X">roca</wf>
         <instance id="d000.s1184.t000" lemma="estratificat" pos="ADJ">estratificada</instance>
         <wf lemma="." pos="X">.</wf>
      </sentence>
      <sentence id="d000.s1185" source="wordnet-catalan">
         <wf lemma="un" pos="X">un</wf>
         <instance id="d000.s1185.t000" lemma="autèntic" pos="ADJ">autèntic</instance>
         <wf lemma="Picasso" pos="X">Picasso</wf>
         <wf lemma="." pos="X">.</wf>
      </sentence>
      <sentence id="d000.s1186" source="wordnet-catalan">
         <wf lemma="vam" pos="X">vam</wf>
         <wf lemma="fer" pos="X">fer</wf>
         <wf lemma="una" pos="X">una</wf>
         <instance id="d000.s1186.t000" lemma="pausa" pos="NOUN">pausa</instance>
         <wf lemma="de" pos="X">de</wf>
         <wf lemma="10" pos="X">10</wf>
         <wf lemma="minuts" pos="X">minuts</wf>
         <wf lemma="." pos="X">.</wf>
      </sentence>
      <sentence id="d000.s1187" source="wordnet-catalan">
         <wf lemma="un" pos="X">un</wf>
         <instance id="d000.s1187.t000" lemma="gest" pos="NOUN">gest</instance>
         <wf lemma="polític" pos="X">polític</wf>
         <wf lemma="." pos="X">.</wf>
      </sentence>
      <sentence id="d000.s1188" source="wordnet-catalan">
         <wf lemma="un" pos="X">un</wf>
         <wf lemma="hospital" pos="X">hospital</wf>
         <instance id="d000.s1188.t000" lemma="autoritzat" pos="ADJ">autoritzat</instance>
         <wf lemma="." pos="X">.</wf>
      </sentence>
      <sentence id="d000.s1189" source="wordnet-catalan">
         <wf lemma="no" pos="X">no</wf>
         <wf lemma="hi" pos="X">hi</wf>
         <wf lemma="ha" pos="X">ha</wf>
         <instance id="d000.s1189.t000" lemma="igualtat" pos="NOUN">igualtat</instance>
         <wf lemma="de" pos="X">de</wf>
         <wf lemma="criteris" pos="X">criteris</wf>
         <wf lemma="." pos="X">.</wf>
      </sentence>
      <sentence id="d000.s1190" source="wordnet-catalan">
         <wf lemma="té" pos="X">té</wf>
         <wf lemma="tots" pos="X">tots</wf>
         <wf lemma="els" pos="X">els</wf>
         <instance id="d000.s1190.t000" lemma="diner" pos="NOUN">diners</instance>
         <wf lemma="en" pos="X">en</wf>
         <wf lemma="forma" pos="X">forma</wf>
         <wf lemma="de" pos="X">de</wf>
         <wf lemma="béns" pos="X">béns</wf>
         <wf lemma="immobles" pos="X">immobles</wf>
         <wf lemma="." pos="X">.</wf>
      </sentence>
      <sentence id="d000.s1191" source="wordnet-catalan">
         <wf lemma="La" pos="X">La</wf>
         <instance id="d000.s1191.t000" lemma="jerarquia" pos="NOUN">jerarquia</instance>
         <wf lemma="militar" pos="X">militar</wf>
         <wf lemma="soviètica" pos="X">soviètica</wf>
         <wf lemma="." pos="X">.</wf>
      </sentence>
      <sentence id="d000.s1192" source="wordnet-catalan">
         <wf lemma="la" pos="X">la</wf>
         <instance id="d000.s1192.t000" lemma="mida" pos="NOUN">mida</instance>
         <wf lemma="dels" pos="X">dels</wf>
         <wf lemma="pins" pos="X">pins</wf>
         <wf lemma="de" pos="X">de</wf>
         <wf lemma="Catalunya" pos="X">Catalunya</wf>
         <wf lemma="és" pos="X">és</wf>
         <wf lemma="constant" pos="X">constant</wf>
         <wf lemma="." pos="X">.</wf>
      </sentence>
      <sentence id="d000.s1193" source="wordnet-catalan">
         <wf lemma="El" pos="X">El</wf>
         <wf lemma="procediment" pos="X">procediment</wf>
         <instance id="d000.s1193.t000" lemma="electoral" pos="ADJ">electoral</instance>
         <wf lemma="." pos="X">.</wf>
      </sentence>
      <sentence id="d000.s1194" source="wordnet-catalan">
         <wf lemma="L'" pos="X">L'</wf>
         <wf lemma="anestèsia" pos="X">anestèsia</wf>
         <instance id="d000.s1194.t000" lemma="local" pos="ADJ">local</instance>
         <wf lemma="." pos="X">.</wf>
      </sentence>
      <sentence id="d000.s1195" source="wordnet-catalan">
         <wf lemma="el" pos="X">el</wf>
         <wf lemma="seu" pos="X">seu</wf>
         <instance id="d000.s1195.t000" lemma="exemple" pos="NOUN">ex</instance>
         <wf lemma="no" pos="X">no</wf>
         <wf lemma="li" pos="X">li</wf>
         <wf lemma="passava" pos="X">passava</wf>
         <wf lemma="la" pos="X">la</wf>
         <wf lemma="pensió" pos="X">pensió</wf>
         <wf lemma="." pos="X">.</wf>
      </sentence>
      <sentence id="d000.s1196" source="wordnet-catalan">
         <wf lemma="el" pos="X">el</wf>
         <instance id="d000.s1196.t000" lemma="president" pos="NOUN">president</instance>
         <wf lemma="de" pos="X">de</wf>
         <wf lemma="la" pos="X">la</wf>
         <wf lemma="república" pos="X">república</wf>
         <wf lemma="francesa" pos="X">francesa</wf>
         <wf lemma="va" pos="X">va</wf>
         <wf lemma="visitar" pos="X">visitar</wf>
         <wf lemma="Espanya" pos="X">Espanya</wf>
         <wf lemma="." pos="X">.</wf>
      </sentence>
      <sentence id="d000.s1197" source="wordnet-catalan">
         <wf lemma="les" pos="X">les</wf>
         <wf lemma="boies" pos="X">boies</wf>
         <wf lemma="eren" pos="X">eren</wf>
         <wf lemma="les" pos="X">les</wf>
         <instance id="d000.s1197.t000" lemma="senyal" pos="NOUN">senyals</instance>
         <wf lemma="del" pos="X">del</wf>
         <wf lemma="canal" pos="X">canal</wf>
         <wf lemma="." pos="X">.</wf>
      </sentence>
      <sentence id="d000.s1198" source="wordnet-catalan">
         <wf lemma="es" pos="X">es</wf>
         <wf lemma="va" pos="X">va</wf>
         <wf lemma="consolidar" pos="X">consolidar</wf>
         <wf lemma="com" pos="X">com</wf>
         <wf lemma="el" pos="X">el</wf>
         <instance id="d000.s1198.t000" lemma="jugador" pos="NOUN">jugador</instance>
         <wf lemma="que" pos="X">que</wf>
         <wf lemma="va" pos="X">va</wf>
         <wf lemma="marcar" pos="X">marcar</wf>
         <wf lemma="més" pos="X">més</wf>
         <wf lemma="gols" pos="X">gols</wf>
         <wf lemma="a" pos="X">a</wf>
         <wf lemma="la" pos="X">la</wf>
         <wf lemma="lliga" pos="X">lliga</wf>
         <wf lemma="." pos="X">.</wf>
      </sentence>
      <sentence id="d000.s1199" source="wordnet-catalan">
         <wf lemma="l'" pos="X">l'</wf>
         <instance id="d000.s1199.t000" lemma="estudiant" pos="NOUN">estudiant</instance>
         <wf lemma="no" pos="X">no</wf>
         <wf lemma="va" pos="X">va</wf>
         <wf lemma="poder" pos="X">poder</wf>
         <wf lemma="superar" pos="X">superar</wf>
         <wf lemma="els" pos="X">els</wf>
         <wf lemma="exàmens" pos="X">exàmens</wf>
         <wf lemma="." pos="X">.</wf>
      </sentence>
      <sentence id="d000.s1200" source="wordnet-catalan">
         <wf lemma="conseqüència" pos="X">conseqüència</wf>
         <instance id="d000.s1200.t000" lemma="directe" pos="ADJ">directa</instance>
         <wf lemma="de" pos="X">de</wf>
         <wf lemma="l'" pos="X">l'</wf>
         <wf lemma="accident" pos="X">accident</wf>
         <wf lemma="." pos="X">.</wf>
      </sentence>
      <sentence id="d000.s1201" source="wordnet-catalan">
         <wf lemma="Jo" pos="X">Jo</wf>
         <wf lemma="no" pos="X">no</wf>
         <wf lemma="vaig" pos="X">vaig</wf>
         <wf lemma="tenir" pos="X">tenir</wf>
         <wf lemma="una" pos="X">una</wf>
         <wf lemma="bona" pos="X">bona</wf>
         <instance id="d000.s1201.t000" lemma="mà" pos="NOUN">mà</instance>
         <wf lemma="tota" pos="X">tota</wf>
         <wf lemma="la" pos="X">la</wf>
         <wf lemma="nit" pos="X">nit</wf>
         <wf lemma="." pos="X">.</wf>
      </sentence>
      <sentence id="d000.s1202" source="wordnet-catalan">
         <wf lemma="la" pos="X">la</wf>
         <instance id="d000.s1202.t000" lemma="subtracció" pos="NOUN">subtracció</instance>
         <wf lemma="d'" pos="X">d'</wf>
         <wf lemma="aigua" pos="X">aigua</wf>
         <wf lemma="del" pos="X">del</wf>
         <wf lemma="pantà" pos="X">pantà</wf>
         <wf lemma="afectava" pos="X">afectava</wf>
         <wf lemma="al" pos="X">al</wf>
         <wf lemma="poble" pos="X">poble</wf>
         <wf lemma="." pos="X">.</wf>
      </sentence>
      <sentence id="d000.s1203" source="wordnet-catalan">
         <wf lemma="una" pos="X">una</wf>
         <instance id="d000.s1203.t000" lemma="composició" pos="NOUN">composició</instance>
         <wf lemma="harmoniosa" pos="X">harmoniosa</wf>
         <wf lemma="és" pos="X">és</wf>
         <wf lemma="essencial" pos="X">essencial</wf>
         <wf lemma="en" pos="X">en</wf>
         <wf lemma="una" pos="X">una</wf>
         <wf lemma="obra" pos="X">obra</wf>
         <wf lemma="d'" pos="X">d'</wf>
         <wf lemma="art" pos="X">art</wf>
         <wf lemma="." pos="X">.</wf>
      </sentence>
      <sentence id="d000.s1204" source="wordnet-catalan">
         <wf lemma="finalment" pos="X">finalment</wf>
         <wf lemma="va" pos="X">va</wf>
         <wf lemma="aconseguir" pos="X">aconseguir</wf>
         <wf lemma="la" pos="X">la</wf>
         <wf lemma="seva" pos="X">seva</wf>
         <instance id="d000.s1204.t000" lemma="oportunitat" pos="NOUN">oportunitat</instance>
         <wf lemma="." pos="X">.</wf>
      </sentence>
      <sentence id="d000.s1205" source="wordnet-catalan">
         <wf lemma="la" pos="X">la</wf>
         <instance id="d000.s1205.t000" lemma="reacció" pos="NOUN">reacció</instance>
         <wf lemma="en" pos="X">en</wf>
         <wf lemma="sentir" pos="X">sentir</wf>
         <wf lemma="la" pos="X">la</wf>
         <wf lemma="notícia" pos="X">notícia</wf>
         <wf lemma="va" pos="X">va</wf>
         <wf lemma="ser" pos="X">ser</wf>
         <wf lemma="planejar" pos="X">planejar</wf>
         <wf lemma="què" pos="X">què</wf>
         <wf lemma="faria" pos="X">faria</wf>
         <wf lemma="." pos="X">.</wf>
      </sentence>
      <sentence id="d000.s1206" source="wordnet-catalan">
         <wf lemma="La" pos="X">La</wf>
         <wf lemma="sentència" pos="X">sentència</wf>
         <wf lemma="estableix" pos="X">estableix</wf>
         <instance id="d000.s1206.t000" lemma="jurisprudència" pos="NOUN">jurisprudència</instance>
         <wf lemma="." pos="X">.</wf>
      </sentence>
      <sentence id="d000.s1207" source="wordnet-catalan">
         <wf lemma="existien" pos="X">existien</wf>
         <wf lemma="històries" pos="X">històries</wf>
         <wf lemma="d'" pos="X">d'</wf>
         <wf lemma="assassinats" pos="X">assassinats</wf>
         <wf lemma="i" pos="X">i</wf>
         <wf lemma="d'" pos="X">d'</wf>
         <wf lemma="altres" pos="X">altres</wf>
         <instance id="d000.s1207.t000" lemma="acte" pos="NOUN">actes</instance>
         <wf lemma="antinaturals" pos="X">antinaturals</wf>
         <wf lemma="." pos="X">.</wf>
      </sentence>
      <sentence id="d000.s1208" source="wordnet-catalan">
         <wf lemma="cablejat" pos="X">cablejat</wf>
         <instance id="d000.s1208.t000" lemma="elèctric" pos="ADJ">elèctric</instance>
         <wf lemma="." pos="X">.</wf>
      </sentence>
      <sentence id="d000.s1209" source="wordnet-catalan">
         <wf lemma="El" pos="X">El</wf>
         <wf lemma="periodista" pos="X">periodista</wf>
         <wf lemma="va" pos="X">va</wf>
         <wf lemma="tenir" pos="X">tenir</wf>
         <wf lemma="l'" pos="X">l'</wf>
         <instance id="d000.s1209.t000" lemma="indult" pos="NOUN">indult</instance>
         <wf lemma="després" pos="X">després</wf>
         <wf lemma="d'" pos="X">d'</wf>
         <wf lemma="una" pos="X">una</wf>
         <wf lemma="intensa" pos="X">intensa</wf>
         <wf lemma="campanya" pos="X">campanya</wf>
         <wf lemma="internacional" pos="X">internacional</wf>
         <wf lemma="." pos="X">.</wf>
      </sentence>
      <sentence id="d000.s1210" source="wordnet-catalan">
         <wf lemma="no" pos="X">no</wf>
         <wf lemma="hi" pos="X">hi</wf>
         <wf lemma="ha" pos="X">ha</wf>
         <wf lemma="cap" pos="X">cap</wf>
         <instance id="d000.s1210.t000" lemma="dubte" pos="NOUN">dubte</instance>
         <wf lemma="sobre" pos="X">sobre</wf>
         <wf lemma="la" pos="X">la</wf>
         <wf lemma="validesa" pos="X">validesa</wf>
         <wf lemma="de" pos="X">de</wf>
         <wf lemma="la" pos="X">la</wf>
         <wf lemma="iniciativa" pos="X">iniciativa</wf>
         <wf lemma="." pos="X">.</wf>
      </sentence>
      <sentence id="d000.s1211" source="wordnet-catalan">
         <wf lemma="la" pos="X">la</wf>
         <wf lemma="necessitat" pos="X">necessitat</wf>
         <wf lemma="és" pos="X">és</wf>
         <wf lemma="la" pos="X">la</wf>
         <instance id="d000.s1211.t000" lemma="mare" pos="NOUN">mare</instance>
         <wf lemma="de" pos="X">de</wf>
         <wf lemma="la" pos="X">la</wf>
         <wf lemma="invenció" pos="X">invenció</wf>
         <wf lemma="." pos="X">.</wf>
      </sentence>
      <sentence id="d000.s1212" source="wordnet-catalan">
         <wf lemma="sempre" pos="X">sempre</wf>
         <wf lemma="tinc" pos="X">tinc</wf>
         <instance id="d000.s1212.t000" lemma="dificultat" pos="NOUN">dificultats</instance>
         <wf lemma="per" pos="X">per</wf>
         <wf lemma="localitzar-lo" pos="X">localitzar-lo</wf>
         <wf lemma="." pos="X">.</wf>
      </sentence>
      <sentence id="d000.s1213" source="wordnet-catalan">
         <wf lemma="les" pos="X">les</wf>
         <instance id="d000.s1213.t000" lemma="classe" pos="NOUN">classes</instance>
         <wf lemma="de" pos="X">de</wf>
         <wf lemma="primera" pos="X">primera</wf>
         <wf lemma="hora" pos="X">hora</wf>
         <wf lemma="del" pos="X">del</wf>
         <wf lemma="matí" pos="X">matí</wf>
         <wf lemma="sempre" pos="X">sempre</wf>
         <wf lemma="estan" pos="X">estan</wf>
         <wf lemma="mig" pos="X">mig</wf>
         <wf lemma="dormides" pos="X">dormides</wf>
         <wf lemma="." pos="X">.</wf>
      </sentence>
      <sentence id="d000.s1214" source="wordnet-catalan">
         <instance id="d000.s1214.t000" lemma="persona" pos="NOUN">persona</instance>
         <wf lemma="social" pos="X">social</wf>
         <wf lemma="." pos="X">.</wf>
      </sentence>
      <sentence id="d000.s1215" source="wordnet-catalan">
         <wf lemma="la" pos="X">la</wf>
         <wf lemma="seva" pos="X">seva</wf>
         <wf lemma="lluita" pos="X">lluita</wf>
         <wf lemma="contra" pos="X">contra</wf>
         <wf lemma="la" pos="X">la</wf>
         <instance id="d000.s1215.t000" lemma="mort" pos="NOUN">mort</instance>
         <wf lemma="." pos="X">.</wf>
      </sentence>
      <sentence id="d000.s1216" source="wordnet-catalan">
         <wf lemma="el" pos="X">el</wf>
         <instance id="d000.s1216.t000" lemma="director" pos="NOUN">director</instance>
         <wf lemma="de" pos="X">de</wf>
         <wf lemma="la" pos="X">la</wf>
         <wf lemma="campanya" pos="X">campanya</wf>
         <wf lemma="té" pos="X">té</wf>
         <wf lemma="sempre" pos="X">sempre</wf>
         <wf lemma="l'" pos="X">l'</wf>
         <wf lemma="última" pos="X">última</wf>
         <wf lemma="paraula" pos="X">paraula</wf>
         <wf lemma="." pos="X">.</wf>
      </sentence>
      <sentence id="d000.s1217" source="wordnet-catalan">
         <wf lemma="viuen" pos="X">viuen</wf>
         <wf lemma="en" pos="X">en</wf>
         <wf lemma="la" pos="X">la</wf>
         <instance id="d000.s1217.t000" lemma="il·lusió" pos="NOUN">il·lusió</instance>
         <wf lemma="de" pos="X">de</wf>
         <wf lemma="què" pos="X">què</wf>
         <wf lemma="soc" pos="X">soc</wf>
         <wf lemma="ric" pos="X">ric</wf>
         <wf lemma="." pos="X">.</wf>
      </sentence>
      <sentence id="d000.s1218" source="wordnet-catalan">
         <wf lemma="el" pos="X">el</wf>
         <wf lemma="10" pos="X">10</wf>
         <wf lemma="és" pos="X">és</wf>
         <wf lemma="la" pos="X">la</wf>
         <instance id="d000.s1218.t000" lemma="base" pos="NOUN">base</instance>
         <wf lemma="del" pos="X">del</wf>
         <wf lemma="sistema" pos="X">sistema</wf>
         <wf lemma="decimal" pos="X">decimal</wf>
         <wf lemma="." pos="X">.</wf>
      </sentence>
      <sentence id="d000.s1219" source="wordnet-catalan">
         <wf lemma="la" pos="X">la</wf>
         <wf lemma="seva" pos="X">seva</wf>
         <instance id="d000.s1219.t000" lemma="responsabilitat" pos="NOUN">responsabilitat</instance>
         <wf lemma="era" pos="X">era</wf>
         <wf lemma="cuidar-se" pos="X">cuidar-se</wf>
         <wf lemma="a" pos="X">a</wf>
         <wf lemma="si" pos="X">si</wf>
         <wf lemma="mateix" pos="X">mateix</wf>
         <wf lemma="." pos="X">.</wf>
      </sentence>
      <sentence id="d000.s1220" source="wordnet-catalan">
         <wf lemma="l'" pos="X">l'</wf>
         <wf lemma="exèrcit" pos="X">exèrcit</wf>
         <wf lemma="es" pos="X">es</wf>
         <wf lemma="va" pos="X">va</wf>
         <wf lemma="retirar" pos="X">retirar</wf>
         <wf lemma="en" pos="X">en</wf>
         <wf lemma="una" pos="X">una</wf>
         <instance id="d000.s1220.t000" lemma="confusió" pos="NOUN">confusió</instance>
         <wf lemma="." pos="X">.</wf>
      </sentence>
      <sentence id="d000.s1221" source="wordnet-catalan">
         <wf lemma="el" pos="X">el</wf>
         <instance id="d000.s1221.t000" lemma="context" pos="NOUN">context</instance>
         <wf lemma="històric" pos="X">històric</wf>
         <wf lemma="." pos="X">.</wf>
      </sentence>
      <sentence id="d000.s1222" source="wordnet-catalan">
         <wf lemma="considera" pos="X">considera</wf>
         <wf lemma="què" pos="X">què</wf>
         <wf lemma="es" pos="X">es</wf>
         <wf lemma="deriva" pos="X">deriva</wf>
         <wf lemma="d'" pos="X">d'</wf>
         <wf lemma="una" pos="X">una</wf>
         <instance id="d000.s1222.t000" lemma="visió" pos="NOUN">visió</instance>
         <wf lemma="positivista" pos="X">positivista</wf>
         <wf lemma="." pos="X">.</wf>
      </sentence>
      <sentence id="d000.s1223" source="wordnet-catalan">
         <wf lemma="Curs" pos="X">Curs</wf>
         <wf lemma="de" pos="X">de</wf>
         <wf lemma="formació" pos="X">formació</wf>
         <instance id="d000.s1223.t000" lemma="ocupacional" pos="ADJ">ocupacional</instance>
         <wf lemma="." pos="X">.</wf>
      </sentence>
      <sentence id="d000.s1224" source="wordnet-catalan">
         <wf lemma="una" pos="X">una</wf>
         <wf lemma="conversa" pos="X">conversa</wf>
         <instance id="d000.s1224.t000" lemma="animat" pos="ADJ">animada</instance>
         <wf lemma="." pos="X">.</wf>
      </sentence>
      <sentence id="d000.s1225" source="wordnet-catalan">
         <wf lemma="vam" pos="X">vam</wf>
         <wf lemma="tenir" pos="X">tenir</wf>
         <wf lemma="una" pos="X">una</wf>
         <wf lemma="bona" pos="X">bona</wf>
         <instance id="d000.s1225.t000" lemma="discussió" pos="NOUN">discussió</instance>
         <wf lemma="." pos="X">.</wf>
      </sentence>
      <sentence id="d000.s1226" source="wordnet-catalan">
         <wf lemma="el" pos="X">el</wf>
         <instance id="d000.s1226.t000" lemma="coll" pos="NOUN">coll</instance>
         <wf lemma="del" pos="X">del</wf>
         <wf lemma="gerro" pos="X">gerro</wf>
         <wf lemma="." pos="X">.</wf>
      </sentence>
      <sentence id="d000.s1227" source="wordnet-catalan">
         <wf lemma="el" pos="X">el</wf>
         <wf lemma="seu" pos="X">seu</wf>
         <wf lemma="lloc" pos="X">lloc</wf>
         <wf lemma="a" pos="X">a</wf>
         <wf lemma="la" pos="X">la</wf>
         <instance id="d000.s1227.t000" lemma="literatura" pos="NOUN">literatura</instance>
         <wf lemma="està" pos="X">està</wf>
         <wf lemma="garantitzat" pos="X">garantitzat</wf>
         <wf lemma="." pos="X">.</wf>
      </sentence>
      <sentence id="d000.s1228" source="wordnet-catalan">
         <wf lemma="Un" pos="X">Un</wf>
         <wf lemma="home" pos="X">home</wf>
         <wf lemma="d'" pos="X">d'</wf>
         <instance id="d000.s1228.t000" lemma="honor" pos="NOUN">honor</instance>
         <wf lemma="." pos="X">.</wf>
      </sentence>
      <sentence id="d000.s1229" source="wordnet-catalan">
         <wf lemma="envia" pos="X">envia</wf>
         <wf lemma="dos" pos="X">dos</wf>
         <wf lemma="dòlars" pos="X">dòlars</wf>
         <wf lemma="o" pos="X">o</wf>
         <wf lemma="el" pos="X">el</wf>
         <wf lemma="seu" pos="X">seu</wf>
         <instance id="d000.s1229.t000" lemma="equivalent" pos="NOUN">equivalent</instance>
         <wf lemma="en" pos="X">en</wf>
         <wf lemma="segells" pos="X">segells</wf>
         <wf lemma="." pos="X">.</wf>
      </sentence>
      <sentence id="d000.s1230" source="wordnet-catalan">
         <wf lemma="la" pos="X">la</wf>
         <wf lemma="novel·la" pos="X">novel·la</wf>
         <wf lemma="va" pos="X">va</wf>
         <wf lemma="aconseguir" pos="X">aconseguir</wf>
         <wf lemma="l'" pos="X">l'</wf>
         <instance id="d000.s1230.t000" lemma="estatus" pos="NOUN">estatus</instance>
         <wf lemma="de" pos="X">de</wf>
         <wf lemma="clàssic" pos="X">clàssic</wf>
         <wf lemma="." pos="X">.</wf>
      </sentence>
      <sentence id="d000.s1231" source="wordnet-catalan">
         <instance id="d000.s1231.t000" lemma="article" pos="NOUN">article</instance>
         <wf lemma="de" pos="X">de</wf>
         <wf lemma="roba" pos="X">roba</wf>
         <wf lemma="." pos="X">.</wf>
      </sentence>
      <sentence id="d000.s1232" source="wordnet-catalan">
         <wf lemma="avui" pos="X">avui</wf>
         <wf lemma="he" pos="X">he</wf>
         <wf lemma="arribat" pos="X">arribat</wf>
         <wf lemma="d'" pos="X">d'</wf>
         <wf lemma="hora" pos="X">hora</wf>
         <wf lemma="a" pos="X">a</wf>
         <wf lemma="la" pos="X">la</wf>
         <instance id="d000.s1232.t000" lemma="feina" pos="NOUN">feina</instance>
         <wf lemma="." pos="X">.</wf>
      </sentence>
      <sentence id="d000.s1233" source="wordnet-catalan">
         <wf lemma="Resolució" pos="X">Resolució</wf>
         <wf lemma="per" pos="X">per</wf>
         <wf lemma="la" pos="X">la</wf>
         <wf lemma="qual" pos="X">qual</wf>
         <wf lemma="s'" pos="X">s'</wf>
         <wf lemma="acorda" pos="X">acorda</wf>
         <wf lemma="l'" pos="X">l'</wf>
         <instance id="d000.s1233.t000" lemma="alienació" pos="NOUN">alienació</instance>
         <wf lemma="de" pos="X">de</wf>
         <wf lemma="nou" pos="X">nou</wf>
         <wf lemma="finques" pos="X">finques</wf>
         <wf lemma="del" pos="X">del</wf>
         <wf lemma="Patrimoni" pos="X">Patrimoni</wf>
         <wf lemma="de" pos="X">de</wf>
         <wf lemma="l'" pos="X">l'</wf>
         <wf lemma="Estat" pos="X">Estat</wf>
         <wf lemma="." pos="X">.</wf>
      </sentence>
      <sentence id="d000.s1234" source="wordnet-catalan">
         <wf lemma="se'ns" pos="X">se'ns</wf>
         <wf lemma="ha" pos="X">ha</wf>
         <wf lemma="ensenyat" pos="X">ensenyat</wf>
         <wf lemma="que" pos="X">que</wf>
         <wf lemma="l'" pos="X">l'</wf>
         <wf lemma="home" pos="X">home</wf>
         <wf lemma="està" pos="X">està</wf>
         <wf lemma="dotat" pos="X">dotat</wf>
         <wf lemma="de" pos="X">de</wf>
         <instance id="d000.s1234.t000" lemma="raó" pos="NOUN">raó</instance>
         <wf lemma="i" pos="X">i</wf>
         <wf lemma="és" pos="X">és</wf>
         <wf lemma="capaç" pos="X">capaç</wf>
         <wf lemma="de" pos="X">de</wf>
         <wf lemma="distingir" pos="X">distingir</wf>
         <wf lemma="el" pos="X">el</wf>
         <wf lemma="bé" pos="X">bé</wf>
         <wf lemma="del" pos="X">del</wf>
         <wf lemma="mal" pos="X">mal</wf>
         <wf lemma="." pos="X">.</wf>
      </sentence>
      <sentence id="d000.s1235" source="wordnet-catalan">
         <wf lemma="vam" pos="X">vam</wf>
         <wf lemma="embarcar" pos="X">embarcar</wf>
         <wf lemma="a" pos="X">a</wf>
         <wf lemma="la" pos="X">la</wf>
         <wf lemma="segona" pos="X">segona</wf>
         <instance id="d000.s1235.t000" lemma="etapa" pos="NOUN">etapa</instance>
         <wf lemma="del" pos="X">del</wf>
         <wf lemma="creuer" pos="X">creuer</wf>
         <wf lemma="pel" pos="X">pel</wf>
         <wf lemma="Carib" pos="X">Carib</wf>
         <wf lemma="." pos="X">.</wf>
      </sentence>
      <sentence id="d000.s1236" source="wordnet-catalan">
         <wf lemma="la" pos="X">la</wf>
         <instance id="d000.s1236.t000" lemma="condició" pos="NOUN">condició</instance>
         <wf lemma="humana" pos="X">humana</wf>
         <wf lemma="." pos="X">.</wf>
      </sentence>
      <sentence id="d000.s1237" source="wordnet-catalan">
         <wf lemma="un" pos="X">un</wf>
         <wf lemma="seient" pos="X">seient</wf>
         <instance id="d000.s1237.t000" lemma="lliure" pos="ADJ">lliure</instance>
         <wf lemma="." pos="X">.</wf>
      </sentence>
      <sentence id="d000.s1238" source="wordnet-catalan">
         <wf lemma="el" pos="X">el</wf>
         <wf lemma="públic" pos="X">públic</wf>
         <wf lemma="va" pos="X">va</wf>
         <wf lemma="fer" pos="X">fer</wf>
         <instance id="d000.s1238.t000" lemma="pressió" pos="NOUN">pressió</instance>
         <wf lemma="per" pos="X">per</wf>
         <wf lemma="influir" pos="X">influir</wf>
         <wf lemma="en" pos="X">en</wf>
         <wf lemma="el" pos="X">el</wf>
         <wf lemma="govern" pos="X">govern</wf>
         <wf lemma="." pos="X">.</wf>
      </sentence>
      <sentence id="d000.s1239" source="wordnet-catalan">
         <wf lemma="l'" pos="X">l'</wf>
         <wf lemma="estat" pos="X">estat</wf>
         <wf lemma="va" pos="X">va</wf>
         <wf lemma="proposar" pos="X">proposar</wf>
         <wf lemma="iniciar" pos="X">iniciar</wf>
         <wf lemma="una" pos="X">una</wf>
         <instance id="d000.s1239.t000" lemma="campanya" pos="NOUN">campanya</instance>
         <wf lemma="contra" pos="X">contra</wf>
         <wf lemma="el" pos="X">el</wf>
         <wf lemma="tabaquisme" pos="X">tabaquisme</wf>
         <wf lemma="." pos="X">.</wf>
      </sentence>
      <sentence id="d000.s1240" source="wordnet-catalan">
         <instance id="d000.s1240.t000" lemma="llei" pos="NOUN">Llei</instance>
         <wf lemma="12/2009" pos="X">12/2009</wf>
         <wf lemma="," pos="X">,</wf>
         <wf lemma="del" pos="X">del</wf>
         <wf lemma="10" pos="X">10</wf>
         <wf lemma="de" pos="X">de</wf>
         <wf lemma="juliol" pos="X">juliol</wf>
         <wf lemma="," pos="X">,</wf>
         <wf lemma="d" pos="X">d</wf>
         <wf lemma="educació" pos="X">educació</wf>
         <wf lemma="." pos="X">.</wf>
      </sentence>
      <sentence id="d000.s1241" source="wordnet-catalan">
         <wf lemma="la" pos="X">la</wf>
         <wf lemma="televisió" pos="X">televisió</wf>
         <wf lemma="espanyola" pos="X">espanyola</wf>
         <wf lemma="va" pos="X">va</wf>
         <wf lemma="enviar" pos="X">enviar</wf>
         <wf lemma="un" pos="X">un</wf>
         <instance id="d000.s1241.t000" lemma="butlletí" pos="NOUN">butlletí</instance>
         <wf lemma="sobre" pos="X">sobre</wf>
         <wf lemma="l'" pos="X">l'</wf>
         <wf lemma="atemptat" pos="X">atemptat</wf>
         <wf lemma="terrorista" pos="X">terrorista</wf>
         <wf lemma="." pos="X">.</wf>
      </sentence>
      <sentence id="d000.s1242" source="wordnet-catalan">
         <wf lemma="el" pos="X">el</wf>
         <wf lemma="primer" pos="X">primer</wf>
         <instance id="d000.s1242.t000" lemma="temps" pos="NOUN">temps</instance>
         <wf lemma="d'" pos="X">d'</wf>
         <wf lemma="una" pos="X">una</wf>
         <wf lemma="sonata" pos="X">sonata</wf>
         <wf lemma="." pos="X">.</wf>
      </sentence>
      <sentence id="d000.s1243" source="wordnet-catalan">
         <wf lemma="tot" pos="X">tot</wf>
         <wf lemma="i" pos="X">i</wf>
         <wf lemma="els" pos="X">els</wf>
         <wf lemma="problemes" pos="X">problemes</wf>
         <wf lemma="que" pos="X">que</wf>
         <wf lemma="tenia" pos="X">tenia</wf>
         <wf lemma="," pos="X">,</wf>
         <wf lemma="no" pos="X">no</wf>
         <wf lemma="va" pos="X">va</wf>
         <wf lemma="deixar" pos="X">deixar</wf>
         <wf lemma="mai" pos="X">mai</wf>
         <wf lemma="de" pos="X">de</wf>
         <wf lemma="tenir" pos="X">tenir</wf>
         <instance id="d000.s1243.t000" lemma="esperança" pos="NOUN">esperança</instance>
         <wf lemma="." pos="X">.</wf>
      </sentence>
      <sentence id="d000.s1244" source="wordnet-catalan">
         <wf lemma="L'" pos="X">L'</wf>
         <wf lemma="oposició" pos="X">oposició</wf>
         <wf lemma="assenyala" pos="X">assenyala</wf>
         <wf lemma="que" pos="X">que</wf>
         <wf lemma="és" pos="X">és</wf>
         <wf lemma="una" pos="X">una</wf>
         <wf lemma="mesura" pos="X">mesura</wf>
         <instance id="d000.s1244.t000" lemma="inacceptable" pos="ADJ">inacceptable</instance>
         <wf lemma="." pos="X">.</wf>
      </sentence>
      <sentence id="d000.s1245" source="wordnet-catalan">
         <wf lemma="La" pos="X">La</wf>
         <wf lemma="filla" pos="X">filla</wf>
         <wf lemma="del" pos="X">del</wf>
         <wf lemma="cantant" pos="X">cantant</wf>
         <wf lemma="és" pos="X">és</wf>
         <wf lemma="la" pos="X">la</wf>
         <wf lemma="seva" pos="X">seva</wf>
         <instance id="d000.s1245.t000" lemma="hereva" pos="NOUN">hereva</instance>
         <wf lemma="." pos="X">.</wf>
      </sentence>
      <sentence id="d000.s1246" source="wordnet-catalan">
         <wf lemma="l'" pos="X">l'</wf>
         <instance id="d000.s1246.t000" lemma="alumne" pos="NOUN">alumne</instance>
         <wf lemma="va" pos="X">va</wf>
         <wf lemma="faltar" pos="X">faltar</wf>
         <wf lemma="a" pos="X">a</wf>
         <wf lemma="tres" pos="X">tres</wf>
         <wf lemma="classes" pos="X">classes</wf>
         <wf lemma="." pos="X">.</wf>
      </sentence>
      <sentence id="d000.s1247" source="wordnet-catalan">
         <wf lemma="no" pos="X">no</wf>
         <wf lemma="tenia" pos="X">tenia</wf>
         <wf lemma="cap" pos="X">cap</wf>
         <wf lemma="altra" pos="X">altra</wf>
         <instance id="d000.s1247.t000" lemma="opció" pos="NOUN">opció</instance>
         <wf lemma="." pos="X">.</wf>
      </sentence>
      <sentence id="d000.s1248" source="wordnet-catalan">
         <wf lemma="Va" pos="X">Va</wf>
         <wf lemma="arribar" pos="X">arribar</wf>
         <wf lemma="a" pos="X">a</wf>
         <wf lemma="dominar" pos="X">dominar</wf>
         <wf lemma="només" pos="X">només</wf>
         <wf lemma="els" pos="X">els</wf>
         <instance id="d000.s1248.t000" lemma="rudiment" pos="NOUN">rudiments</instance>
         <wf lemma="de" pos="X">de</wf>
         <wf lemma="la" pos="X">la</wf>
         <wf lemma="geometria" pos="X">geometria</wf>
         <wf lemma="." pos="X">.</wf>
      </sentence>
      <sentence id="d000.s1249" source="wordnet-catalan">
         <wf lemma="es" pos="X">es</wf>
         <wf lemma="va" pos="X">va</wf>
         <wf lemma="fer" pos="X">fer</wf>
         <wf lemma="una" pos="X">una</wf>
         <instance id="d000.s1249.t000" lemma="extensió" pos="NOUN">extensió</instance>
         <wf lemma="del" pos="X">del</wf>
         <wf lemma="programa" pos="X">programa</wf>
         <wf lemma="per" pos="X">per</wf>
         <wf lemma="tal" pos="X">tal</wf>
         <wf lemma="d'" pos="X">d'</wf>
         <wf lemma="arribar" pos="X">arribar</wf>
         <wf lemma="a" pos="X">a</wf>
         <wf lemma="tots" pos="X">tots</wf>
         <wf lemma="els" pos="X">els</wf>
         <wf lemma="necessitats" pos="X">necessitats</wf>
         <wf lemma="." pos="X">.</wf>
      </sentence>
      <sentence id="d000.s1250" source="wordnet-catalan">
         <wf lemma="va" pos="X">va</wf>
         <wf lemma="patir" pos="X">patir</wf>
         <wf lemma="la" pos="X">la</wf>
         <instance id="d000.s1250.t000" lemma="ignomínia" pos="NOUN">ignomínia</instance>
         <wf lemma="de" pos="X">de</wf>
         <wf lemma="ser" pos="X">ser</wf>
         <wf lemma="enviat" pos="X">enviat</wf>
         <wf lemma="a" pos="X">a</wf>
         <wf lemma="la" pos="X">la</wf>
         <wf lemma="presó" pos="X">presó</wf>
         <wf lemma="." pos="X">.</wf>
      </sentence>
      <sentence id="d000.s1251" source="wordnet-catalan">
         <wf lemma="una" pos="X">una</wf>
         <instance id="d000.s1251.t000" lemma="ocasió" pos="NOUN">ocasió</instance>
         <wf lemma="organitzada" pos="X">organitzada</wf>
         <wf lemma="en" pos="X">en</wf>
         <wf lemma="honor" pos="X">honor</wf>
         <wf lemma="del" pos="X">del</wf>
         <wf lemma="president" pos="X">president</wf>
         <wf lemma="." pos="X">.</wf>
      </sentence>
      <sentence id="d000.s1252" source="wordnet-catalan">
         <wf lemma="l'" pos="X">l'</wf>
         <wf lemma="àrea" pos="X">àrea</wf>
         <wf lemma="coberta" pos="X">coberta</wf>
         <wf lemma="es" pos="X">es</wf>
         <wf lemma="pot" pos="X">pot</wf>
         <wf lemma="veure" pos="X">veure</wf>
         <wf lemma="a" pos="X">a</wf>
         <wf lemma="la" pos="X">la</wf>
         <instance id="d000.s1252.t000" lemma="figura" pos="NOUN">figura</instance>
         <wf lemma="2" pos="X">2</wf>
         <wf lemma="." pos="X">.</wf>
      </sentence>
      <sentence id="d000.s1253" source="wordnet-catalan">
         <wf lemma="vivia" pos="X">vivia</wf>
         <wf lemma="a" pos="X">a</wf>
         <wf lemma="un" pos="X">un</wf>
         <instance id="d000.s1253.t000" lemma="ritme" pos="NOUN">ritme</instance>
         <wf lemma="ràpid" pos="X">ràpid</wf>
         <wf lemma="." pos="X">.</wf>
      </sentence>
      <sentence id="d000.s1254" source="wordnet-catalan">
         <wf lemma="Sóc" pos="X">Sóc</wf>
         <instance id="d000.s1254.t000" lemma="deutor" pos="NOUN">deutor</instance>
         <wf lemma="de" pos="X">de</wf>
         <wf lemma="la" pos="X">la</wf>
         <wf lemma="hipotèca" pos="X">hipotèca</wf>
         <wf lemma="del" pos="X">del</wf>
         <wf lemma="pis" pos="X">pis</wf>
         <wf lemma="." pos="X">.</wf>
      </sentence>
      <sentence id="d000.s1255" source="wordnet-catalan">
         <wf lemma="la" pos="X">la</wf>
         <wf lemma="va" pos="X">va</wf>
         <wf lemma="pintar" pos="X">pintar</wf>
         <wf lemma="amb" pos="X">amb</wf>
         <wf lemma="un" pos="X">un</wf>
         <instance id="d000.s1255.t000" lemma="fon" pos="NOUN">fons</instance>
         <wf lemma="de" pos="X">de</wf>
         <wf lemma="suaus" pos="X">suaus</wf>
         <wf lemma="turons" pos="X">turons</wf>
         <wf lemma="." pos="X">.</wf>
      </sentence>
      <sentence id="d000.s1256" source="wordnet-catalan">
         <wf lemma="Les" pos="X">Les</wf>
         <wf lemma="empreses" pos="X">empreses</wf>
         <wf lemma="estan" pos="X">estan</wf>
         <wf lemma="interessades" pos="X">interessades</wf>
         <wf lemma="en" pos="X">en</wf>
         <wf lemma="la" pos="X">la</wf>
         <instance id="d000.s1256.t000" lemma="certificació" pos="NOUN">certificació</instance>
         <wf lemma="de" pos="X">de</wf>
         <wf lemma="productes" pos="X">productes</wf>
         <wf lemma="respectuosos" pos="X">respectuosos</wf>
         <wf lemma="amb" pos="X">amb</wf>
         <wf lemma="el" pos="X">el</wf>
         <wf lemma="medi" pos="X">medi</wf>
         <wf lemma="ambient" pos="X">ambient</wf>
         <wf lemma="." pos="X">.</wf>
      </sentence>
      <sentence id="d000.s1257" source="wordnet-catalan">
         <wf lemma="una" pos="X">una</wf>
         <wf lemma="trucada" pos="X">trucada</wf>
         <wf lemma="de" pos="X">de</wf>
         <wf lemma="10" pos="X">10</wf>
         <wf lemma="minuts" pos="X">minuts</wf>
         <wf lemma="amb" pos="X">amb</wf>
         <wf lemma="aquesta" pos="X">aquesta</wf>
         <instance id="d000.s1257.t000" lemma="tarifa" pos="NOUN">tarifa</instance>
         <wf lemma="et" pos="X">et</wf>
         <wf lemma="deu" pos="X">deu</wf>
         <wf lemma="haver" pos="X">haver</wf>
         <wf lemma="costat" pos="X">costat</wf>
         <wf lemma="5" pos="X">5</wf>
         <wf lemma="dòlars" pos="X">dòlars</wf>
         <wf lemma="." pos="X">.</wf>
      </sentence>
      <sentence id="d000.s1258" source="wordnet-catalan">
         <instance id="d000.s1258.t000" lemma="servei" pos="NOUN">servei</instance>
         <wf lemma="d'" pos="X">d'</wf>
         <wf lemma="homes" pos="X">homes</wf>
         <wf lemma="." pos="X">.</wf>
      </sentence>
      <sentence id="d000.s1259" source="wordnet-catalan">
         <wf lemma="el" pos="X">el</wf>
         <wf lemma="comandant" pos="X">comandant</wf>
         <wf lemma="va" pos="X">va</wf>
         <wf lemma="fer" pos="X">fer</wf>
         <wf lemma="parar" pos="X">parar</wf>
         <wf lemma="a" pos="X">a</wf>
         <wf lemma="tota" pos="X">tota</wf>
         <wf lemma="la" pos="X">la</wf>
         <instance id="d000.s1259.t000" lemma="companyia" pos="NOUN">companyia</instance>
         <wf lemma="." pos="X">.</wf>
      </sentence>
      <sentence id="d000.s1260" source="wordnet-catalan">
         <wf lemma="va" pos="X">va</wf>
         <wf lemma="ser" pos="X">ser</wf>
         <wf lemma="aquí" pos="X">aquí</wf>
         <wf lemma="només" pos="X">només</wf>
         <wf lemma="un" pos="X">un</wf>
         <instance id="d000.s1260.t000" lemma="instant" pos="NOUN">instant</instance>
         <wf lemma="." pos="X">.</wf>
      </sentence>
      <sentence id="d000.s1261" source="wordnet-catalan">
         <wf lemma="la" pos="X">la</wf>
         <instance id="d000.s1261.t000" lemma="clau" pos="NOUN">clau</instance>
         <wf lemma="del" pos="X">del</wf>
         <wf lemma="desenvolupament" pos="X">desenvolupament</wf>
         <wf lemma="econòmic" pos="X">econòmic</wf>
         <wf lemma="és" pos="X">és</wf>
         <wf lemma="la" pos="X">la</wf>
         <wf lemma="integració" pos="X">integració</wf>
         <wf lemma="." pos="X">.</wf>
      </sentence>
      <sentence id="d000.s1262" source="wordnet-catalan">
         <wf lemma="l'" pos="X">l'</wf>
         <instance id="d000.s1262.t000" lemma="actor" pos="NOUN">actor</instance>
         <wf lemma="va" pos="X">va</wf>
         <wf lemma="iniciar" pos="X">iniciar</wf>
         <wf lemma="el" pos="X">el</wf>
         <wf lemma="procés" pos="X">procés</wf>
         <wf lemma="exercint" pos="X">exercint</wf>
         <wf lemma="una" pos="X">una</wf>
         <wf lemma="acció" pos="X">acció</wf>
         <wf lemma="legal" pos="X">legal</wf>
         <wf lemma="." pos="X">.</wf>
      </sentence>
      <sentence id="d000.s1263" source="wordnet-catalan">
         <wf lemma="A" pos="X">A</wf>
         <wf lemma="casa" pos="X">casa</wf>
         <wf lemma="seva" pos="X">seva</wf>
         <wf lemma="," pos="X">,</wf>
         <wf lemma="la" pos="X">la</wf>
         <instance id="d000.s1263.t000" lemma="col·locació" pos="NOUN">col·locació</instance>
         <wf lemma="del" pos="X">del</wf>
         <wf lemma="mobiliari" pos="X">mobiliari</wf>
         <wf lemma="donava" pos="X">donava</wf>
         <wf lemma="una" pos="X">una</wf>
         <wf lemma="sensació" pos="X">sensació</wf>
         <wf lemma="d" pos="X">d</wf>
         <wf lemma="espai" pos="X">espai</wf>
         <wf lemma="." pos="X">.</wf>
      </sentence>
      <sentence id="d000.s1264" source="wordnet-catalan">
         <wf lemma="va" pos="X">va</wf>
         <wf lemma="fer" pos="X">fer</wf>
         <wf lemma="una" pos="X">una</wf>
         <instance id="d000.s1264.t000" lemma="nota" pos="NOUN">nota</instance>
         <wf lemma="sobre" pos="X">sobre</wf>
         <wf lemma="el" pos="X">el</wf>
         <wf lemma="nombrament" pos="X">nombrament</wf>
         <wf lemma="." pos="X">.</wf>
      </sentence>
      <sentence id="d000.s1265" source="wordnet-catalan">
         <wf lemma="el" pos="X">el</wf>
         <instance id="d000.s1265.t000" lemma="campió" pos="NOUN">campió</instance>
         <wf lemma="va" pos="X">va</wf>
         <wf lemma="saludar" pos="X">saludar</wf>
         <wf lemma="a" pos="X">a</wf>
         <wf lemma="l'" pos="X">l'</wf>
         <wf lemma="organitzador" pos="X">organitzador</wf>
         <wf lemma="de" pos="X">de</wf>
         <wf lemma="la" pos="X">la</wf>
         <wf lemma="carrera" pos="X">carrera</wf>
         <wf lemma="." pos="X">.</wf>
      </sentence>
      <sentence id="d000.s1266" source="wordnet-catalan">
         <wf lemma="el" pos="X">el</wf>
         <instance id="d000.s1266.t000" lemma="llibret" pos="NOUN">llibret</instance>
         <wf lemma="és" pos="X">és</wf>
         <wf lemma="una" pos="X">una</wf>
         <wf lemma="de" pos="X">de</wf>
         <wf lemma="les" pos="X">les</wf>
         <wf lemma="quatre" pos="X">quatre</wf>
         <wf lemma="cavitats" pos="X">cavitats</wf>
         <wf lemma="en" pos="X">en</wf>
         <wf lemma="que" pos="X">que</wf>
         <wf lemma="es" pos="X">es</wf>
         <wf lemma="divideix" pos="X">divideix</wf>
         <wf lemma="l'" pos="X">l'</wf>
         <wf lemma="estòmac" pos="X">estòmac</wf>
         <wf lemma="dels" pos="X">dels</wf>
         <wf lemma="remugants" pos="X">remugants</wf>
         <wf lemma="." pos="X">.</wf>
      </sentence>
      <sentence id="d000.s1267" source="wordnet-catalan">
         <wf lemma="una" pos="X">una</wf>
         <instance id="d000.s1267.t000" lemma="llar" pos="NOUN">llar</instance>
         <wf lemma="per" pos="X">per</wf>
         <wf lemma="la" pos="X">la</wf>
         <wf lemma="gent" pos="X">gent</wf>
         <wf lemma="gran" pos="X">gran</wf>
         <wf lemma="." pos="X">.</wf>
      </sentence>
      <sentence id="d000.s1268" source="wordnet-catalan">
         <wf lemma="els" pos="X">els</wf>
         <instance id="d000.s1268.t000" lemma="fill" pos="NOUN">fills</instance>
         <wf lemma="d'" pos="X">d'</wf>
         <wf lemma="Israel" pos="X">Israel</wf>
         <wf lemma="." pos="X">.</wf>
      </sentence>
      <sentence id="d000.s1269" source="wordnet-catalan">
         <wf lemma="les" pos="X">les</wf>
         <wf lemma="seves" pos="X">seves</wf>
         <instance id="d000.s1269.t000" lemma="pintura" pos="NOUN">pintures</instance>
         <wf lemma="s'" pos="X">s'</wf>
         <wf lemma="exposen" pos="X">exposen</wf>
         <wf lemma="al" pos="X">al</wf>
         <wf lemma="Louvre" pos="X">Louvre</wf>
         <wf lemma="." pos="X">.</wf>
      </sentence>
      <sentence id="d000.s1270" source="wordnet-catalan">
         <wf lemma="un" pos="X">un</wf>
         <wf lemma="home" pos="X">home</wf>
         <wf lemma="d'" pos="X">d'</wf>
         <wf lemma="edat" pos="X">edat</wf>
         <instance id="d000.s1270.t000" lemma="avançat" pos="ADJ">avançada</instance>
         <wf lemma="." pos="X">.</wf>
      </sentence>
      <sentence id="d000.s1271" source="wordnet-catalan">
         <wf lemma="El" pos="X">El</wf>
         <wf lemma="Banc" pos="X">Banc</wf>
         <wf lemma="Central" pos="X">Central</wf>
         <wf lemma="Europeu" pos="X">Europeu</wf>
         <wf lemma="ha" pos="X">ha</wf>
         <wf lemma="intensificat" pos="X">intensificat</wf>
         <wf lemma="la" pos="X">la</wf>
         <wf lemma="compra" pos="X">compra</wf>
         <wf lemma="de" pos="X">de</wf>
         <instance id="d000.s1271.t000" lemma="bo" pos="NOUN">bons</instance>
         <wf lemma="iralandeses" pos="X">iralandeses</wf>
         <wf lemma="per" pos="X">per</wf>
         <wf lemma="calmar" pos="X">calmar</wf>
         <wf lemma="les" pos="X">les</wf>
         <wf lemma="tensions" pos="X">tensions</wf>
         <wf lemma="en" pos="X">en</wf>
         <wf lemma="els" pos="X">els</wf>
         <wf lemma="mercats" pos="X">mercats</wf>
         <wf lemma="." pos="X">.</wf>
      </sentence>
      <sentence id="d000.s1272" source="wordnet-catalan">
         <wf lemma="va" pos="X">va</wf>
         <wf lemma="mantenir" pos="X">mantenir</wf>
         <wf lemma="una" pos="X">una</wf>
         <instance id="d000.s1272.t000" lemma="relació" pos="NOUN">relació</instance>
         <wf lemma="íntima" pos="X">íntima</wf>
         <wf lemma="amb" pos="X">amb</wf>
         <wf lemma="el" pos="X">el</wf>
         <wf lemma="seu" pos="X">seu</wf>
         <wf lemma="professor" pos="X">professor</wf>
         <wf lemma="." pos="X">.</wf>
      </sentence>
      <sentence id="d000.s1273" source="wordnet-catalan">
         <wf lemma="El" pos="X">El</wf>
         <wf lemma="meu" pos="X">meu</wf>
         <wf lemma="pare" pos="X">pare</wf>
         <wf lemma="és" pos="X">és</wf>
         <instance id="d000.s1273.t000" lemma="buròcrata" pos="NOUN">buròcrata</instance>
         <wf lemma="al" pos="X">al</wf>
         <wf lemma="Congrès" pos="X">Congrès</wf>
         <wf lemma="." pos="X">.</wf>
      </sentence>
      <sentence id="d000.s1274" source="wordnet-catalan">
         <wf lemma="ningú" pos="X">ningú</wf>
         <wf lemma="va" pos="X">va</wf>
         <wf lemma="fer" pos="X">fer</wf>
         <wf lemma="cap" pos="X">cap</wf>
         <instance id="d000.s1274.t000" lemma="comentari" pos="NOUN">comentari</instance>
         <wf lemma="." pos="X">.</wf>
      </sentence>
      <sentence id="d000.s1275" source="wordnet-catalan">
         <wf lemma="és" pos="X">és</wf>
         <wf lemma="la" pos="X">la</wf>
         <wf lemma="viva" pos="X">viva</wf>
         <instance id="d000.s1275.t000" lemma="imatge" pos="NOUN">imatge</instance>
         <wf lemma="de" pos="X">de</wf>
         <wf lemma="la" pos="X">la</wf>
         <wf lemma="seva" pos="X">seva</wf>
         <wf lemma="mare" pos="X">mare</wf>
         <wf lemma="." pos="X">.</wf>
      </sentence>
      <sentence id="d000.s1276" source="wordnet-catalan">
         <wf lemma="en" pos="X">en</wf>
         <instance id="d000.s1276.t000" lemma="igualtat" pos="NOUN">igualtat</instance>
         <wf lemma="de" pos="X">de</wf>
         <wf lemma="condicions" pos="X">condicions</wf>
         <wf lemma="amb" pos="X">amb</wf>
         <wf lemma="el" pos="X">el</wf>
         <wf lemma="millor" pos="X">millor</wf>
         <wf lemma="." pos="X">.</wf>
      </sentence>
      <sentence id="d000.s1277" source="wordnet-catalan">
         <wf lemma="Detingut" pos="X">Detingut</wf>
         <wf lemma="un" pos="X">un</wf>
         <wf lemma="segon" pos="X">segon</wf>
         <instance id="d000.s1277.t000" lemma="sospitós" pos="NOUN">sospitós</instance>
         <wf lemma="del" pos="X">del</wf>
         <wf lemma="crim" pos="X">crim</wf>
         <wf lemma="." pos="X">.</wf>
      </sentence>
      <sentence id="d000.s1278" source="wordnet-catalan">
         <wf lemma="el" pos="X">el</wf>
         <wf lemma="nombre" pos="X">nombre</wf>
         <wf lemma="de" pos="X">de</wf>
         <instance id="d000.s1278.t000" lemma="factor" pos="NOUN">factors</instance>
         <wf lemma="determina" pos="X">determina</wf>
         <wf lemma="el" pos="X">el</wf>
         <wf lemma="resultat" pos="X">resultat</wf>
         <wf lemma="." pos="X">.</wf>
      </sentence>
      <sentence id="d000.s1279" source="wordnet-catalan">
         <wf lemma="la" pos="X">la</wf>
         <wf lemma="seva" pos="X">seva</wf>
         <instance id="d000.s1279.t000" lemma="ànsia" pos="NOUN">ànsia</instance>
         <wf lemma="de" pos="X">de</wf>
         <wf lemma="fama" pos="X">fama</wf>
         <wf lemma="el" pos="X">el</wf>
         <wf lemma="va" pos="X">va</wf>
         <wf lemma="destruir" pos="X">destruir</wf>
         <wf lemma="." pos="X">.</wf>
      </sentence>
      <sentence id="d000.s1280" source="wordnet-catalan">
         <wf lemma="l'" pos="X">l'</wf>
         <instance id="d000.s1280.t000" lemma="instint" pos="NOUN">instint</instance>
         <wf lemma="de" pos="X">de</wf>
         <wf lemma="descobrir" pos="X">descobrir</wf>
         <wf lemma="coses" pos="X">coses</wf>
         <wf lemma="li" pos="X">li</wf>
         <wf lemma="va" pos="X">va</wf>
         <wf lemma="portar" pos="X">portar</wf>
         <wf lemma="problemes" pos="X">problemes</wf>
         <wf lemma="." pos="X">.</wf>
      </sentence>
      <sentence id="d000.s1281" source="wordnet-catalan">
         <instance id="d000.s1281.t000" lemma="sensació" pos="NOUN">sensació</instance>
         <wf lemma="de" pos="X">de</wf>
         <wf lemma="felicitat" pos="X">felicitat</wf>
         <wf lemma="." pos="X">.</wf>
      </sentence>
      <sentence id="d000.s1282" source="wordnet-catalan">
         <wf lemma="Un" pos="X">Un</wf>
         <wf lemma="govern" pos="X">govern</wf>
         <instance id="d000.s1282.t000" lemma="parlamentari" pos="ADJ">parlamentari</instance>
         <wf lemma="." pos="X">.</wf>
      </sentence>
      <sentence id="d000.s1283" source="wordnet-catalan">
         <wf lemma="va" pos="X">va</wf>
         <wf lemma="presentar" pos="X">presentar</wf>
         <instance id="d000.s1283.t000" lemma="passatge" pos="NOUN">passatges</instance>
         <wf lemma="dels" pos="X">dels</wf>
         <wf lemma="escrits" pos="X">escrits</wf>
         <wf lemma="filosòfics" pos="X">filosòfics</wf>
         <wf lemma="de" pos="X">de</wf>
         <wf lemma="William" pos="X">William</wf>
         <wf lemma="James" pos="X">James</wf>
         <wf lemma="." pos="X">.</wf>
      </sentence>
      <sentence id="d000.s1284" source="wordnet-catalan">
         <wf lemma="El" pos="X">El</wf>
         <wf lemma="tronc" pos="X">tronc</wf>
         <wf lemma="d'" pos="X">d'</wf>
         <wf lemma="arbre" pos="X">arbre</wf>
         <instance id="d000.s1284.t000" lemma="servir" pos="VERB">serveix</instance>
         <wf lemma="com" pos="X">com</wf>
         <wf lemma="una" pos="X">una</wf>
         <wf lemma="taula" pos="X">taula</wf>
         <wf lemma="." pos="X">.</wf>
      </sentence>
      <sentence id="d000.s1285" source="wordnet-catalan">
         <wf lemma="Capturat" pos="X">Capturat</wf>
         <wf lemma="el" pos="X">el</wf>
         <instance id="d000.s1285.t000" lemma="violador" pos="NOUN">violador</instance>
         <wf lemma="de" pos="X">de</wf>
         <wf lemma="l'" pos="X">l'</wf>
         <wf lemma="Eixample" pos="X">Eixample</wf>
         <wf lemma="." pos="X">.</wf>
      </sentence>
      <sentence id="d000.s1286" source="wordnet-catalan">
         <wf lemma="S'" pos="X">S'</wf>
         <wf lemma="ha" pos="X">ha</wf>
         <wf lemma="signat" pos="X">signat</wf>
         <wf lemma="un" pos="X">un</wf>
         <instance id="d000.s1286.t000" lemma="acord" pos="NOUN">acord</instance>
         <wf lemma="entre" pos="X">entre</wf>
         <wf lemma="l'" pos="X">l'</wf>
         <wf lemma="Unió" pos="X">Unió</wf>
         <wf lemma="europea" pos="X">europea</wf>
         <wf lemma="i" pos="X">i</wf>
         <wf lemma="MERCOSUR" pos="X">MERCOSUR</wf>
         <wf lemma="." pos="X">.</wf>
      </sentence>
      <sentence id="d000.s1287" source="wordnet-catalan">
         <wf lemma="Tots" pos="X">Tots</wf>
         <wf lemma="els" pos="X">els</wf>
         <wf lemma="ciutadans" pos="X">ciutadans</wf>
         <wf lemma="tenen" pos="X">tenen</wf>
         <wf lemma="la" pos="X">la</wf>
         <instance id="d000.s1287.t000" lemma="obligació" pos="NOUN">obligació</instance>
         <wf lemma="de" pos="X">de</wf>
         <wf lemma="pagar" pos="X">pagar</wf>
         <wf lemma="impostos" pos="X">impostos</wf>
         <wf lemma="." pos="X">.</wf>
      </sentence>
      <sentence id="d000.s1288" source="wordnet-catalan">
         <wf lemma="estava" pos="X">estava</wf>
         <wf lemma="de" pos="X">de</wf>
         <wf lemma="bon" pos="X">bon</wf>
         <instance id="d000.s1288.t000" lemma="humor" pos="NOUN">humor</instance>
         <wf lemma="." pos="X">.</wf>
      </sentence>
      <sentence id="d000.s1289" source="wordnet-catalan">
         <instance id="d000.s1289.t000" lemma="operació" pos="NOUN">operació</instance>
         <wf lemma="lògica" pos="X">lògica</wf>
         <wf lemma="." pos="X">.</wf>
      </sentence>
      <sentence id="d000.s1290" source="wordnet-catalan">
         <wf lemma="la" pos="X">la</wf>
         <wf lemma="factura" pos="X">factura</wf>
         <wf lemma="també" pos="X">també</wf>
         <wf lemma="incloia" pos="X">incloia</wf>
         <wf lemma="el" pos="X">el</wf>
         <instance id="d000.s1290.t000" lemma="servei" pos="NOUN">servei</instance>
         <wf lemma="." pos="X">.</wf>
      </sentence>
      <sentence id="d000.s1291" source="wordnet-catalan">
         <wf lemma="la" pos="X">la</wf>
         <wf lemma="seva" pos="X">seva</wf>
         <instance id="d000.s1291.t000" lemma="filla" pos="NOUN">filla</instance>
         <wf lemma="el" pos="X">el</wf>
         <wf lemma="va" pos="X">va</wf>
         <wf lemma="cuidar" pos="X">cuidar</wf>
         <wf lemma="quan" pos="X">quan</wf>
         <wf lemma="es" pos="X">es</wf>
         <wf lemma="va" pos="X">va</wf>
         <wf lemma="fer" pos="X">fer</wf>
         <wf lemma="gran" pos="X">gran</wf>
         <wf lemma="." pos="X">.</wf>
      </sentence>
      <sentence id="d000.s1292" source="wordnet-catalan">
         <wf lemma="la" pos="X">la</wf>
         <instance id="d000.s1292.t000" lemma="forma" pos="NOUN">forma</instance>
         <wf lemma="de" pos="X">de</wf>
         <wf lemma="les" pos="X">les</wf>
         <wf lemma="sabates" pos="X">sabates</wf>
         <wf lemma="." pos="X">.</wf>
      </sentence>
      <sentence id="d000.s1293" source="wordnet-catalan">
         <wf lemma="va" pos="X">va</wf>
         <wf lemma="aprendre" pos="X">aprendre</wf>
         <wf lemma="molts" pos="X">molts</wf>
         <instance id="d000.s1293.t000" lemma="terme" pos="NOUN">termes</instance>
         <wf lemma="mèdics" pos="X">mèdics</wf>
         <wf lemma="." pos="X">.</wf>
      </sentence>
      <sentence id="d000.s1294" source="wordnet-catalan">
         <wf lemma="no" pos="X">no</wf>
         <wf lemma="tenia" pos="X">tenia</wf>
         <wf lemma="temps" pos="X">temps</wf>
         <wf lemma="d'" pos="X">d'</wf>
         <instance id="d000.s1294.t000" lemma="oci" pos="NOUN">oci</instance>
         <wf lemma="per" pos="X">per</wf>
         <wf lemma="dedicar-lo" pos="X">dedicar-lo</wf>
         <wf lemma="al" pos="X">al</wf>
         <wf lemma="golf" pos="X">golf</wf>
         <wf lemma="." pos="X">.</wf>
      </sentence>
      <sentence id="d000.s1295" source="wordnet-catalan">
         <wf lemma="La" pos="X">La</wf>
         <wf lemma="rentadora" pos="X">rentadora</wf>
         <wf lemma="no" pos="X">no</wf>
         <instance id="d000.s1295.t000" lemma="funcionar" pos="VERB">funcionarà</instance>
         <wf lemma="si" pos="X">si</wf>
         <wf lemma="no" pos="X">no</wf>
         <wf lemma="l'" pos="X">l'</wf>
         <wf lemma="endolles" pos="X">endolles</wf>
         <wf lemma="." pos="X">.</wf>
      </sentence>
      <sentence id="d000.s1296" source="wordnet-catalan">
         <wf lemma="va" pos="X">va</wf>
         <wf lemma="oblidar" pos="X">oblidar</wf>
         <wf lemma="la" pos="X">la</wf>
         <instance id="d000.s1296.t000" lemma="combinació" pos="NOUN">combinació</instance>
         <wf lemma="de" pos="X">de</wf>
         <wf lemma="la" pos="X">la</wf>
         <wf lemma="caixa" pos="X">caixa</wf>
         <wf lemma="forta" pos="X">forta</wf>
         <wf lemma="." pos="X">.</wf>
      </sentence>
      <sentence id="d000.s1297" source="wordnet-catalan">
         <wf lemma="Els" pos="X">Els</wf>
         <wf lemma="factors" pos="X">factors</wf>
         <instance id="d000.s1297.t000" lemma="ambiental" pos="ADJ">ambientals</instance>
         <wf lemma="." pos="X">.</wf>
      </sentence>
      <sentence id="d000.s1298" source="wordnet-catalan">
         <wf lemma="Un" pos="X">Un</wf>
         <wf lemma="Estat" pos="X">Estat</wf>
         <instance id="d000.s1298.t000" lemma="sobirà" pos="ADJ">sobirà</instance>
         <wf lemma="." pos="X">.</wf>
      </sentence>
      <sentence id="d000.s1299" source="wordnet-catalan">
         <wf lemma="va" pos="X">va</wf>
         <wf lemma="intentar" pos="X">intentar</wf>
         <wf lemma="protegirme" pos="X">protegirme</wf>
         <wf lemma="de" pos="X">de</wf>
         <wf lemma="tota" pos="X">tota</wf>
         <instance id="d000.s1299.t000" lemma="sospita" pos="NOUN">sospita</instance>
         <wf lemma="." pos="X">.</wf>
      </sentence>
      <sentence id="d000.s1300" source="wordnet-catalan">
         <wf lemma="L'" pos="X">L'</wf>
         <instance id="d000.s1300.t000" lemma="escrutador" pos="NOUN">escrutador</instance>
         <wf lemma="revisa" pos="X">revisa</wf>
         <wf lemma="els" pos="X">els</wf>
         <wf lemma="vots" pos="X">vots</wf>
         <wf lemma="." pos="X">.</wf>
      </sentence>
      <sentence id="d000.s1301" source="wordnet-catalan">
         <wf lemma="sisé" pos="X">sisé</wf>
         <instance id="d000.s1301.t000" lemma="sentit" pos="NOUN">sentit</instance>
         <wf lemma="." pos="X">.</wf>
      </sentence>
      <sentence id="d000.s1302" source="wordnet-catalan">
         <wf lemma="Alarma" pos="X">Alarma</wf>
         <wf lemma="a" pos="X">a</wf>
         <wf lemma="l'" pos="X">l'</wf>
         <wf lemma="ONU" pos="X">ONU</wf>
         <wf lemma="davant" pos="X">davant</wf>
         <wf lemma="el" pos="X">el</wf>
         <instance id="d000.s1302.t000" lemma="presumible" pos="ADJ">presumible</instance>
         <wf lemma="problema" pos="X">problema</wf>
         <wf lemma="de" pos="X">de</wf>
         <wf lemma="pau" pos="X">pau</wf>
         <wf lemma="al" pos="X">al</wf>
         <wf lemma="Pròxim" pos="X">Pròxim</wf>
         <wf lemma="Orient" pos="X">Orient</wf>
         <wf lemma="." pos="X">.</wf>
      </sentence>
      <sentence id="d000.s1303" source="wordnet-catalan">
         <wf lemma="Treballa" pos="X">Treballa</wf>
         <wf lemma="per" pos="X">per</wf>
         <wf lemma="una" pos="X">una</wf>
         <instance id="d000.s1303.t000" lemma="empresa" pos="NOUN">empresa</instance>
         <wf lemma="d'" pos="X">d'</wf>
         <wf lemma="exportació" pos="X">exportació</wf>
         <wf lemma="." pos="X">.</wf>
      </sentence>
      <sentence id="d000.s1304" source="wordnet-catalan">
         <wf lemma="la" pos="X">la</wf>
         <wf lemma="seva" pos="X">seva</wf>
         <wf lemma="elecció" pos="X">elecció</wf>
         <wf lemma="marca" pos="X">marca</wf>
         <wf lemma="el" pos="X">el</wf>
         <instance id="d000.s1304.t000" lemma="naixement" pos="NOUN">naixement</instance>
         <wf lemma="d'" pos="X">d'</wf>
         <wf lemma="una" pos="X">una</wf>
         <wf lemma="nova" pos="X">nova</wf>
         <wf lemma="època" pos="X">època</wf>
         <wf lemma="." pos="X">.</wf>
      </sentence>
      <sentence id="d000.s1305" source="wordnet-catalan">
         <wf lemma="el" pos="X">el</wf>
         <wf lemma="periodista" pos="X">periodista</wf>
         <wf lemma="tenia" pos="X">tenia</wf>
         <wf lemma="dues" pos="X">dues</wf>
         <instance id="d000.s1305.t000" lemma="font" pos="NOUN">fonts</instance>
         <wf lemma="d'" pos="X">d'</wf>
         <wf lemma="informació" pos="X">informació</wf>
         <wf lemma="per" pos="X">per</wf>
         <wf lemma="a" pos="X">a</wf>
         <wf lemma="la" pos="X">la</wf>
         <wf lemma="història" pos="X">història</wf>
         <wf lemma="." pos="X">.</wf>
      </sentence>
      <sentence id="d000.s1306" source="wordnet-catalan">
         <wf lemma="El" pos="X">El</wf>
         <wf lemma="despatx" pos="X">despatx</wf>
         <instance id="d000.s1306.t000" lemma="presidencial" pos="ADJ">presidencial</instance>
         <wf lemma="." pos="X">.</wf>
      </sentence>
      <sentence id="d000.s1307" source="wordnet-catalan">
         <wf lemma="els" pos="X">els</wf>
         <instance id="d000.s1307.t000" lemma="treball" pos="NOUN">treballs</instance>
         <wf lemma="de" pos="X">de</wf>
         <wf lemma="reparació" pos="X">reparació</wf>
         <wf lemma="del" pos="X">del</wf>
         <wf lemma="motor" pos="X">motor</wf>
         <wf lemma="van" pos="X">van</wf>
         <wf lemma="durar" pos="X">durar</wf>
         <wf lemma="moltes" pos="X">moltes</wf>
         <wf lemma="hores" pos="X">hores</wf>
         <wf lemma="." pos="X">.</wf>
      </sentence>
      <sentence id="d000.s1308" source="wordnet-catalan">
         <wf lemma="és" pos="X">és</wf>
         <wf lemma="una" pos="X">una</wf>
         <instance id="d000.s1308.t000" lemma="autoritat" pos="NOUN">autoritat</instance>
         <wf lemma="en" pos="X">en</wf>
         <wf lemma="dret" pos="X">dret</wf>
         <wf lemma="de" pos="X">de</wf>
         <wf lemma="societats" pos="X">societats</wf>
         <wf lemma="." pos="X">.</wf>
      </sentence>
      <sentence id="d000.s1309" source="wordnet-catalan">
         <wf lemma="una" pos="X">una</wf>
         <wf lemma="altra" pos="X">altra</wf>
         <instance id="d000.s1309.t000" lemma="circumstància" pos="NOUN">circumstància</instance>
         <wf lemma="a" pos="X">a</wf>
         <wf lemma="tindre" pos="X">tindre</wf>
         <wf lemma="en" pos="X">en</wf>
         <wf lemma="compte" pos="X">compte</wf>
         <wf lemma="és" pos="X">és</wf>
         <wf lemma="el" pos="X">el</wf>
         <wf lemma="temps" pos="X">temps</wf>
         <wf lemma="que" pos="X">que</wf>
         <wf lemma="es" pos="X">es</wf>
         <wf lemma="trigaria" pos="X">trigaria</wf>
         <wf lemma="." pos="X">.</wf>
      </sentence>
      <sentence id="d000.s1310" source="wordnet-catalan">
         <wf lemma="van" pos="X">van</wf>
         <wf lemma="celebrar" pos="X">celebrar</wf>
         <wf lemma="el" pos="X">el</wf>
         <instance id="d000.s1310.t000" lemma="naixement" pos="NOUN">naixement</instance>
         <wf lemma="del" pos="X">del</wf>
         <wf lemma="seu" pos="X">seu</wf>
         <wf lemma="primer" pos="X">primer</wf>
         <wf lemma="fill" pos="X">fill</wf>
         <wf lemma="." pos="X">.</wf>
      </sentence>
      <sentence id="d000.s1311" source="wordnet-catalan">
         <instance id="d000.s1311.t000" lemma="poder" pos="NOUN">poder</instance>
         <wf lemma="absorbent" pos="X">absorbent</wf>
         <wf lemma="." pos="X">.</wf>
      </sentence>
      <sentence id="d000.s1312" source="wordnet-catalan">
         <wf lemma="al" pos="X">al</wf>
         <instance id="d000.s1312.t000" lemma="cor" pos="NOUN">cor</instance>
         <wf lemma="de" pos="X">de</wf>
         <wf lemma="la" pos="X">la</wf>
         <wf lemma="multitud" pos="X">multitud</wf>
         <wf lemma="." pos="X">.</wf>
      </sentence>
      <sentence id="d000.s1313" source="wordnet-catalan">
         <wf lemma="la" pos="X">la</wf>
         <wf lemma="seva" pos="X">seva</wf>
         <wf lemma="imaginació" pos="X">imaginació</wf>
         <wf lemma="li" pos="X">li</wf>
         <wf lemma="feia" pos="X">feia</wf>
         <wf lemma="crear" pos="X">crear</wf>
         <instance id="d000.s1313.t000" lemma="imatge" pos="NOUN">imatges</instance>
         <wf lemma="molt" pos="X">molt</wf>
         <wf lemma="fortes" pos="X">fortes</wf>
         <wf lemma="." pos="X">.</wf>
      </sentence>
      <sentence id="d000.s1314" source="wordnet-catalan">
         <wf lemma="els" pos="X">els</wf>
         <wf lemma="membres" pos="X">membres</wf>
         <wf lemma="del" pos="X">del</wf>
         <instance id="d000.s1314.t000" lemma="club" pos="NOUN">club</instance>
         <wf lemma="d'" pos="X">d'</wf>
         <wf lemma="estudiants" pos="X">estudiants</wf>
         <wf lemma="organitzen" pos="X">organitzen</wf>
         <wf lemma="una" pos="X">una</wf>
         <wf lemma="festa" pos="X">festa</wf>
         <wf lemma="." pos="X">.</wf>
      </sentence>
      <sentence id="d000.s1315" source="wordnet-catalan">
         <wf lemma="el" pos="X">el</wf>
         <wf lemma="mar" pos="X">mar</wf>
         <wf lemma="es" pos="X">es</wf>
         <wf lemma="llançava" pos="X">llançava</wf>
         <wf lemma="amb" pos="X">amb</wf>
         <instance id="d000.s1315.t000" lemma="ràbia" pos="NOUN">ràbia</instance>
         <wf lemma="desbocada" pos="X">desbocada</wf>
         <wf lemma="contra" pos="X">contra</wf>
         <wf lemma="les" pos="X">les</wf>
         <wf lemma="roques" pos="X">roques</wf>
         <wf lemma="." pos="X">.</wf>
      </sentence>
      <sentence id="d000.s1316" source="wordnet-catalan">
         <wf lemma="la" pos="X">la</wf>
         <instance id="d000.s1316.t000" lemma="maneta" pos="NOUN">maneta</instance>
         <wf lemma="més" pos="X">més</wf>
         <wf lemma="gran" pos="X">gran</wf>
         <wf lemma="compta" pos="X">compta</wf>
         <wf lemma="els" pos="X">els</wf>
         <wf lemma="minuts" pos="X">minuts</wf>
         <wf lemma="." pos="X">.</wf>
      </sentence>
      <sentence id="d000.s1317" source="wordnet-catalan">
         <wf lemma="estudien" pos="X">estudien</wf>
         <wf lemma="l'" pos="X">l'</wf>
         <wf lemma="evolució" pos="X">evolució</wf>
         <wf lemma="de" pos="X">de</wf>
         <wf lemma="l'" pos="X">l'</wf>
         <instance id="d000.s1317.t000" lemma="univers" pos="NOUN">univers</instance>
         <wf lemma="." pos="X">.</wf>
      </sentence>
      <sentence id="d000.s1318" source="wordnet-catalan">
         <wf lemma="els" pos="X">els</wf>
         <instance id="d000.s1318.t000" lemma="membre" pos="NOUN">membres</instance>
         <wf lemma="de" pos="X">de</wf>
         <wf lemma="la" pos="X">la</wf>
         <wf lemma="cambra" pos="X">cambra</wf>
         <wf lemma="van" pos="X">van</wf>
         <wf lemma="votar" pos="X">votar</wf>
         <wf lemma="en" pos="X">en</wf>
         <wf lemma="contra" pos="X">contra</wf>
         <wf lemma="." pos="X">.</wf>
      </sentence>
      <sentence id="d000.s1319" source="wordnet-catalan">
         <wf lemma="Barcelona" pos="X">Barcelona</wf>
         <wf lemma="tindrà" pos="X">tindrà</wf>
         <wf lemma="nou" pos="X">nou</wf>
         <wf lemma="línies" pos="X">línies</wf>
         <wf lemma="de" pos="X">de</wf>
         <instance id="d000.s1319.t000" lemma="metro" pos="NOUN">metro</instance>
         <wf lemma="." pos="X">.</wf>
      </sentence>
      <sentence id="d000.s1320" source="wordnet-catalan">
         <wf lemma="l'" pos="X">l'</wf>
         <wf lemma="advocat" pos="X">advocat</wf>
         <wf lemma="administrava" pos="X">administrava</wf>
         <wf lemma="els" pos="X">els</wf>
         <instance id="d000.s1320.t000" lemma="interès" pos="NOUN">interessos</instance>
         <wf lemma="de" pos="X">de</wf>
         <wf lemma="la" pos="X">la</wf>
         <wf lemma="família" pos="X">família</wf>
         <wf lemma="." pos="X">.</wf>
      </sentence>
      <sentence id="d000.s1321" source="wordnet-catalan">
         <wf lemma="vivim" pos="X">vivim</wf>
         <wf lemma="una" pos="X">una</wf>
         <instance id="d000.s1321.t000" lemma="època" pos="NOUN">època</instance>
         <wf lemma="litigiosa" pos="X">litigiosa</wf>
         <wf lemma="." pos="X">.</wf>
      </sentence>
      <sentence id="d000.s1322" source="wordnet-catalan">
         <wf lemma="intentaven" pos="X">intentaven</wf>
         <wf lemma="conservar" pos="X">conservar</wf>
         <wf lemma="la" pos="X">la</wf>
         <instance id="d000.s1322.t000" lemma="natura" pos="NOUN">natura</instance>
         <wf lemma="tal" pos="X">tal</wf>
         <wf lemma="com" pos="X">com</wf>
         <wf lemma="l'" pos="X">l'</wf>
         <wf lemma="havien" pos="X">havien</wf>
         <wf lemma="trobat" pos="X">trobat</wf>
         <wf lemma="." pos="X">.</wf>
      </sentence>
      <sentence id="d000.s1323" source="wordnet-catalan">
         <wf lemma="Espanya" pos="X">Espanya</wf>
         <wf lemma="és" pos="X">és</wf>
         <wf lemma="un" pos="X">un</wf>
         <instance id="d000.s1323.t000" lemma="estat" pos="NOUN">estat</instance>
         <wf lemma="democràtic" pos="X">democràtic</wf>
         <wf lemma="." pos="X">.</wf>
      </sentence>
      <sentence id="d000.s1324" source="wordnet-catalan">
         <wf lemma="El" pos="X">El</wf>
         <instance id="d000.s1324.t000" lemma="manifest" pos="NOUN">manifest</instance>
         <wf lemma="del" pos="X">del</wf>
         <wf lemma="vaixell" pos="X">vaixell</wf>
         <wf lemma="no" pos="X">no</wf>
         <wf lemma="coincideix" pos="X">coincideix</wf>
         <wf lemma="amb" pos="X">amb</wf>
         <wf lemma="la" pos="X">la</wf>
         <wf lemma="càrrega" pos="X">càrrega</wf>
         <wf lemma="real" pos="X">real</wf>
         <wf lemma="." pos="X">.</wf>
      </sentence>
      <sentence id="d000.s1325" source="wordnet-catalan">
         <wf lemma="la" pos="X">la</wf>
         <instance id="d000.s1325.t000" lemma="companyia" pos="NOUN">companyia</instance>
         <wf lemma="Dagoll" pos="X">Dagoll</wf>
         <wf lemma="Dagom" pos="X">Dagom</wf>
         <wf lemma="va" pos="X">va</wf>
         <wf lemma="començar" pos="X">començar</wf>
         <wf lemma="la" pos="X">la</wf>
         <wf lemma="seva" pos="X">seva</wf>
         <wf lemma="gira" pos="X">gira</wf>
         <wf lemma="." pos="X">.</wf>
      </sentence>
      <sentence id="d000.s1326" source="wordnet-catalan">
         <wf lemma="Un" pos="X">Un</wf>
         <wf lemma="amic" pos="X">amic</wf>
         <wf lemma="en" pos="X">en</wf>
         <wf lemma="Nou" pos="X">Nou</wf>
         <wf lemma="Mèxic" pos="X">Mèxic</wf>
         <wf lemma="va" pos="X">va</wf>
         <wf lemma="dir" pos="X">dir</wf>
         <wf lemma="que" pos="X">que</wf>
         <wf lemma="el" pos="X">el</wf>
         <instance id="d000.s1326.t000" lemma="decret" pos="NOUN">decret</instance>
         <wf lemma="no" pos="X">no</wf>
         <wf lemma="va" pos="X">va</wf>
         <wf lemma="causar" pos="X">causar</wf>
         <wf lemma="problemes" pos="X">problemes</wf>
         <wf lemma="per" pos="X">per</wf>
         <wf lemma="aquí" pos="X">aquí</wf>
         <wf lemma="." pos="X">.</wf>
      </sentence>
      <sentence id="d000.s1327" source="wordnet-catalan">
         <wf lemma="S'" pos="X">S'</wf>
         <wf lemma="ha" pos="X">ha</wf>
         <wf lemma="dictat" pos="X">dictat</wf>
         <wf lemma="una" pos="X">una</wf>
         <wf lemma="ordre" pos="X">ordre</wf>
         <wf lemma="de" pos="X">de</wf>
         <wf lemma="cerca" pos="X">cerca</wf>
         <wf lemma="internacional" pos="X">internacional</wf>
         <wf lemma="contra" pos="X">contra</wf>
         <wf lemma="l'" pos="X">l'</wf>
         <instance id="d000.s1327.t000" lemma="assassí" pos="NOUN">assassí</instance>
         <wf lemma="del" pos="X">del</wf>
         <wf lemma="primer" pos="X">primer</wf>
         <wf lemma="ministre" pos="X">ministre</wf>
         <wf lemma="." pos="X">.</wf>
      </sentence>
      <sentence id="d000.s1328" source="wordnet-catalan">
         <wf lemma="El" pos="X">El</wf>
         <wf lemma="professor" pos="X">professor</wf>
         <wf lemma="va" pos="X">va</wf>
         <wf lemma="procedir" pos="X">procedir</wf>
         <wf lemma="al" pos="X">al</wf>
         <instance id="d000.s1328.t000" lemma="examen" pos="NOUN">examen</instance>
         <wf lemma="minuciós" pos="X">minuciós</wf>
         <wf lemma="dels" pos="X">dels</wf>
         <wf lemma="treballs" pos="X">treballs</wf>
         <wf lemma="." pos="X">.</wf>
      </sentence>
      <sentence id="d000.s1329" source="wordnet-catalan">
         <wf lemma="Ahir" pos="X">Ahir</wf>
         <wf lemma="vaig" pos="X">vaig</wf>
         <wf lemma="ser" pos="X">ser</wf>
         <wf lemma="víctima" pos="X">víctima</wf>
         <wf lemma="d'" pos="X">d'</wf>
         <wf lemma="un" pos="X">un</wf>
         <instance id="d000.s1329.t000" lemma="atracament" pos="NOUN">atracament</instance>
         <wf lemma="al" pos="X">al</wf>
         <wf lemma="meu" pos="X">meu</wf>
         <wf lemma="banc" pos="X">banc</wf>
         <wf lemma="." pos="X">.</wf>
      </sentence>
      <sentence id="d000.s1330" source="wordnet-catalan">
         <wf lemma="va" pos="X">va</wf>
         <wf lemma="arribar" pos="X">arribar</wf>
         <wf lemma="el" pos="X">el</wf>
         <instance id="d000.s1330.t000" lemma="segon" pos="NOUN">segon</instance>
         <wf lemma="per" pos="X">per</wf>
         <wf lemma="poc" pos="X">poc</wf>
         <wf lemma="." pos="X">.</wf>
      </sentence>
      <sentence id="d000.s1331" source="wordnet-catalan">
         <wf lemma="la" pos="X">la</wf>
         <instance id="d000.s1331.t000" lemma="totalitat" pos="NOUN">totalitat</instance>
         <wf lemma="de" pos="X">de</wf>
         <wf lemma="la" pos="X">la</wf>
         <wf lemma="literatura" pos="X">literatura</wf>
         <wf lemma="americana" pos="X">americana</wf>
         <wf lemma="." pos="X">.</wf>
      </sentence>
      <sentence id="d000.s1332" source="wordnet-catalan">
         <wf lemma="li" pos="X">li</wf>
         <wf lemma="van" pos="X">van</wf>
         <wf lemma="fer" pos="X">fer</wf>
         <wf lemma="cirurgia" pos="X">cirurgia</wf>
         <wf lemma="en" pos="X">en</wf>
         <wf lemma="el" pos="X">el</wf>
         <wf lemma="seu" pos="X">seu</wf>
         <wf lemma="segon" pos="X">segon</wf>
         <instance id="d000.s1332.t000" lemma="ingrés" pos="NOUN">ingrés</instance>
         <wf lemma="a" pos="X">a</wf>
         <wf lemma="l'" pos="X">l'</wf>
         <wf lemma="hospital" pos="X">hospital</wf>
         <wf lemma="." pos="X">.</wf>
      </sentence>
      <sentence id="d000.s1333" source="wordnet-catalan">
         <wf lemma="Verd" pos="X">Verd</wf>
         <wf lemma="mar" pos="X">mar</wf>
         <instance id="d000.s1333.t000" lemma="pàl·lid" pos="ADJ">pàl·lid</instance>
         <wf lemma="." pos="X">.</wf>
      </sentence>
      <sentence id="d000.s1334" source="wordnet-catalan">
         <wf lemma="El" pos="X">El</wf>
         <wf lemma="candidat" pos="X">candidat</wf>
         <wf lemma="té" pos="X">té</wf>
         <wf lemma="el" pos="X">el</wf>
         <wf lemma="suport" pos="X">suport</wf>
         <wf lemma="del" pos="X">del</wf>
         <instance id="d000.s1334.t000" lemma="comitè" pos="NOUN">comitè</instance>
         <wf lemma="local" pos="X">local</wf>
         <wf lemma="del" pos="X">del</wf>
         <wf lemma="partit" pos="X">partit</wf>
         <wf lemma="." pos="X">.</wf>
      </sentence>
      <sentence id="d000.s1335" source="wordnet-catalan">
         <wf lemma="va" pos="X">va</wf>
         <wf lemma="fer" pos="X">fer</wf>
         <wf lemma="un" pos="X">un</wf>
         <instance id="d000.s1335.t000" lemma="pacte" pos="NOUN">pacte</instance>
         <wf lemma="amb" pos="X">amb</wf>
         <wf lemma="el" pos="X">el</wf>
         <wf lemma="dimoni" pos="X">dimoni</wf>
         <wf lemma="." pos="X">.</wf>
      </sentence>
      <sentence id="d000.s1336" source="wordnet-catalan">
         <wf lemma="Necessitem" pos="X">Necessitem</wf>
         <wf lemma="una" pos="X">una</wf>
         <wf lemma="reforma" pos="X">reforma</wf>
         <wf lemma="del" pos="X">del</wf>
         <wf lemma="sistema" pos="X">sistema</wf>
         <wf lemma="de" pos="X">de</wf>
         <instance id="d000.s1336.t000" lemma="jubilació" pos="NOUN">jubilació</instance>
         <wf lemma="." pos="X">.</wf>
      </sentence>
      <sentence id="d000.s1337" source="wordnet-catalan">
         <wf lemma="va" pos="X">va</wf>
         <wf lemma="enviar" pos="X">enviar</wf>
         <wf lemma="la" pos="X">la</wf>
         <instance id="d000.s1337.t000" lemma="composició" pos="NOUN">composició</instance>
         <wf lemma="de" pos="X">de</wf>
         <wf lemma="la" pos="X">la</wf>
         <wf lemma="facultat" pos="X">facultat</wf>
         <wf lemma="." pos="X">.</wf>
      </sentence>
      <sentence id="d000.s1338" source="wordnet-catalan">
         <wf lemma="va" pos="X">va</wf>
         <wf lemma="comprovar" pos="X">comprovar</wf>
         <wf lemma="la" pos="X">la</wf>
         <instance id="d000.s1338.t000" lemma="direcció" pos="NOUN">direcció</instance>
         <wf lemma="i" pos="X">i</wf>
         <wf lemma="la" pos="X">la</wf>
         <wf lemma="velocitat" pos="X">velocitat</wf>
         <wf lemma="del" pos="X">del</wf>
         <wf lemma="vent" pos="X">vent</wf>
         <wf lemma="." pos="X">.</wf>
      </sentence>
      <sentence id="d000.s1339" source="wordnet-catalan">
         <wf lemma="van" pos="X">van</wf>
         <wf lemma="posar" pos="X">posar</wf>
         <wf lemma="els" pos="X">els</wf>
         <wf lemma="plans" pos="X">plans</wf>
         <wf lemma="en" pos="X">en</wf>
         <instance id="d000.s1339.t000" lemma="pràctica" pos="NOUN">pràctica</instance>
         <wf lemma="." pos="X">.</wf>
      </sentence>
      <sentence id="d000.s1340" source="wordnet-catalan">
         <wf lemma="el" pos="X">el</wf>
         <instance id="d000.s1340.t000" lemma="procés" pos="NOUN">procés</instance>
         <wf lemma="d'" pos="X">d'</wf>
         <wf lemma="embalsamament" pos="X">embalsamament</wf>
         <wf lemma="consta" pos="X">consta</wf>
         <wf lemma="de" pos="X">de</wf>
         <wf lemma="diferents" pos="X">diferents</wf>
         <wf lemma="fases" pos="X">fases</wf>
         <wf lemma="." pos="X">.</wf>
      </sentence>
      <sentence id="d000.s1341" source="wordnet-catalan">
         <wf lemma="La" pos="X">La</wf>
         <wf lemma="presidenta" pos="X">presidenta</wf>
         <wf lemma="autoritza" pos="X">autoritza</wf>
         <wf lemma="els" pos="X">els</wf>
         <wf lemma="militars" pos="X">militars</wf>
         <wf lemma="a" pos="X">a</wf>
         <wf lemma="obrir" pos="X">obrir</wf>
         <instance id="d000.s1341.t000" lemma="foc" pos="NOUN">foc</instance>
         <wf lemma="contra" pos="X">contra</wf>
         <wf lemma="els" pos="X">els</wf>
         <wf lemma="saquejadors" pos="X">saquejadors</wf>
         <wf lemma="." pos="X">.</wf>
      </sentence>
      <sentence id="d000.s1342" source="wordnet-catalan">
         <wf lemma="L'" pos="X">L'</wf>
         <wf lemma="estat" pos="X">estat</wf>
         <wf lemma="ha" pos="X">ha</wf>
         <wf lemma="consolidat" pos="X">consolidat</wf>
         <wf lemma="la" pos="X">la</wf>
         <wf lemma="seva" pos="X">seva</wf>
         <instance id="d000.s1342.t000" lemma="hegemonia" pos="NOUN">hegemonia</instance>
         <wf lemma="sobre" pos="X">sobre</wf>
         <wf lemma="els" pos="X">els</wf>
         <wf lemma="altres" pos="X">altres</wf>
         <wf lemma="." pos="X">.</wf>
      </sentence>
      <sentence id="d000.s1343" source="wordnet-catalan">
         <wf lemma="L'" pos="X">L'</wf>
         <wf lemma="estructura" pos="X">estructura</wf>
         <instance id="d000.s1343.t000" lemma="orgànic" pos="ADJ">orgànica</instance>
         <wf lemma="del" pos="X">del</wf>
         <wf lemma="Ministeri" pos="X">Ministeri</wf>
         <wf lemma="." pos="X">.</wf>
      </sentence>
      <sentence id="d000.s1344" source="wordnet-catalan">
         <wf lemma="va" pos="X">va</wf>
         <wf lemma="utilitzar" pos="X">utilitzar</wf>
         <wf lemma="un" pos="X">un</wf>
         <instance id="d000.s1344.t000" lemma="llibre" pos="NOUN">llibre</instance>
         <wf lemma="com" pos="X">com</wf>
         <wf lemma="a" pos="X">a</wf>
         <wf lemma="topall" pos="X">topall</wf>
         <wf lemma="de" pos="X">de</wf>
         <wf lemma="la" pos="X">la</wf>
         <wf lemma="porta" pos="X">porta</wf>
         <wf lemma="." pos="X">.</wf>
      </sentence>
      <sentence id="d000.s1345" source="wordnet-catalan">
         <wf lemma="aquell" pos="X">aquell</wf>
         <wf lemma="jugador" pos="X">jugador</wf>
         <wf lemma="era" pos="X">era</wf>
         <wf lemma="la" pos="X">la</wf>
         <wf lemma="seva" pos="X">seva</wf>
         <instance id="d000.s1345.t000" lemma="esperança" pos="NOUN">esperança</instance>
         <wf lemma="per" pos="X">per</wf>
         <wf lemma="guanyar" pos="X">guanyar</wf>
         <wf lemma="el" pos="X">el</wf>
         <wf lemma="partit" pos="X">partit</wf>
         <wf lemma="." pos="X">.</wf>
      </sentence>
      <sentence id="d000.s1346" source="wordnet-catalan">
         <wf lemma="va" pos="X">va</wf>
         <wf lemma="convertir" pos="X">convertir</wf>
         <wf lemma="casa" pos="X">casa</wf>
         <wf lemma="seva" pos="X">seva</wf>
         <wf lemma="en" pos="X">en</wf>
         <wf lemma="el" pos="X">el</wf>
         <instance id="d000.s1346.t000" lemma="centre" pos="NOUN">centre</instance>
         <wf lemma="literari" pos="X">literari</wf>
         <wf lemma="més" pos="X">més</wf>
         <wf lemma="important" pos="X">important</wf>
         <wf lemma="." pos="X">.</wf>
      </sentence>
      <sentence id="d000.s1347" source="wordnet-catalan">
         <wf lemma="sent" pos="X">sent</wf>
         <instance id="d000.s1347.t000" lemma="orgull" pos="NOUN">orgull</instance>
         <wf lemma="quan" pos="X">quan</wf>
         <wf lemma="veu" pos="X">veu</wf>
         <wf lemma="l'" pos="X">l'</wf>
         <wf lemma="èxit" pos="X">èxit</wf>
         <wf lemma="del" pos="X">del</wf>
         <wf lemma="seu" pos="X">seu</wf>
         <wf lemma="fill" pos="X">fill</wf>
         <wf lemma="." pos="X">.</wf>
      </sentence>
      <sentence id="d000.s1348" source="wordnet-catalan">
         <wf lemma="l'" pos="X">l'</wf>
         <instance id="d000.s1348.t000" lemma="empresa" pos="NOUN">empresa</instance>
         <wf lemma="de" pos="X">de</wf>
         <wf lemma="fer" pos="X">fer</wf>
         <wf lemma="una" pos="X">una</wf>
         <wf lemma="pel·lícula" pos="X">pel·lícula</wf>
         <wf lemma="comporta" pos="X">comporta</wf>
         <wf lemma="dificultats" pos="X">dificultats</wf>
         <wf lemma="." pos="X">.</wf>
      </sentence>
      <sentence id="d000.s1349" source="wordnet-catalan">
         <wf lemma="és" pos="X">és</wf>
         <wf lemma="només" pos="X">només</wf>
         <wf lemma="una" pos="X">una</wf>
         <instance id="d000.s1349.t000" lemma="criatura" pos="NOUN">criatura</instance>
         <wf lemma="." pos="X">.</wf>
      </sentence>
      <sentence id="d000.s1350" source="wordnet-catalan">
         <wf lemma="un" pos="X">un</wf>
         <wf lemma="vestit" pos="X">vestit</wf>
         <wf lemma="de" pos="X">de</wf>
         <instance id="d000.s1350.t000" lemma="tall" pos="NOUN">tall</instance>
         <wf lemma="clàssic" pos="X">clàssic</wf>
         <wf lemma="." pos="X">.</wf>
      </sentence>
      <sentence id="d000.s1351" source="wordnet-catalan">
         <wf lemma="l'" pos="X">l'</wf>
         <wf lemma="exèrcit" pos="X">exèrcit</wf>
         <wf lemma="va" pos="X">va</wf>
         <wf lemma="oposar" pos="X">oposar</wf>
         <wf lemma="l'" pos="X">l'</wf>
         <wf lemma="última" pos="X">última</wf>
         <instance id="d000.s1351.t000" lemma="resistència" pos="NOUN">resistència</instance>
         <wf lemma="al" pos="X">al</wf>
         <wf lemma="Roina" pos="X">Roina</wf>
         <wf lemma="." pos="X">.</wf>
      </sentence>
      <sentence id="d000.s1352" source="wordnet-catalan">
         <wf lemma="Una" pos="X">Una</wf>
         <wf lemma="vida" pos="X">vida</wf>
         <instance id="d000.s1352.t000" lemma="col·legial" pos="ADJ">col·legial</instance>
         <wf lemma="." pos="X">.</wf>
      </sentence>
      <sentence id="d000.s1353" source="wordnet-catalan">
         <wf lemma="semblava" pos="X">semblava</wf>
         <wf lemma="més" pos="X">més</wf>
         <wf lemma="tranquil" pos="X">tranquil</wf>
         <wf lemma="a" pos="X">a</wf>
         <wf lemma="la" pos="X">la</wf>
         <instance id="d000.s1353.t000" lemma="mort" pos="NOUN">mort</instance>
         <wf lemma="del" pos="X">del</wf>
         <wf lemma="que" pos="X">que</wf>
         <wf lemma="mai" pos="X">mai</wf>
         <wf lemma="havia" pos="X">havia</wf>
         <wf lemma="estat" pos="X">estat</wf>
         <wf lemma="a" pos="X">a</wf>
         <wf lemma="la" pos="X">la</wf>
         <wf lemma="vida" pos="X">vida</wf>
         <wf lemma="." pos="X">.</wf>
      </sentence>
      <sentence id="d000.s1354" source="wordnet-catalan">
         <wf lemma="el" pos="X">el</wf>
         <instance id="d000.s1354.t000" lemma="primer" pos="NOUN">primer</instance>
         <wf lemma="de" pos="X">de</wf>
         <wf lemma="mes" pos="X">mes</wf>
         <wf lemma="." pos="X">.</wf>
      </sentence>
      <sentence id="d000.s1355" source="wordnet-catalan">
         <wf lemma="el" pos="X">el</wf>
         <instance id="d000.s1355.t000" lemma="govern" pos="NOUN">govern</instance>
         <wf lemma="és" pos="X">és</wf>
         <wf lemma="una" pos="X">una</wf>
         <wf lemma="tècnica" pos="X">tècnica</wf>
         <wf lemma="emprada" pos="X">emprada</wf>
         <wf lemma="per" pos="X">per</wf>
         <wf lemma="dirigir" pos="X">dirigir</wf>
         <wf lemma="una" pos="X">una</wf>
         <wf lemma="embarcació" pos="X">embarcació</wf>
         <wf lemma="." pos="X">.</wf>
      </sentence>
      <sentence id="d000.s1356" source="wordnet-catalan">
         <wf lemma="un" pos="X">un</wf>
         <instance id="d000.s1356.t000" lemma="nivell" pos="NOUN">nivell</instance>
         <wf lemma="de" pos="X">de</wf>
         <wf lemma="franquesa" pos="X">franquesa</wf>
         <wf lemma="important" pos="X">important</wf>
         <wf lemma="." pos="X">.</wf>
      </sentence>
      <sentence id="d000.s1357" source="wordnet-catalan">
         <wf lemma="va" pos="X">va</wf>
         <wf lemma="dibuixar" pos="X">dibuixar</wf>
         <wf lemma="un" pos="X">un</wf>
         <instance id="d000.s1357.t000" lemma="cor" pos="NOUN">cor</instance>
         <wf lemma="amb" pos="X">amb</wf>
         <wf lemma="el" pos="X">el</wf>
         <wf lemma="seu" pos="X">seu</wf>
         <wf lemma="nom" pos="X">nom</wf>
         <wf lemma="dintre" pos="X">dintre</wf>
         <wf lemma="." pos="X">.</wf>
      </sentence>
      <sentence id="d000.s1358" source="wordnet-catalan">
         <wf lemma="El" pos="X">El</wf>
         <wf lemma="col·legi" pos="X">col·legi</wf>
         <instance id="d000.s1358.t000" lemma="electoral" pos="ADJ">electoral</instance>
         <wf lemma="." pos="X">.</wf>
      </sentence>
      <sentence id="d000.s1359" source="wordnet-catalan">
         <wf lemma="el" pos="X">el</wf>
         <wf lemma="periode" pos="X">periode</wf>
         <wf lemma="purità" pos="X">purità</wf>
         <wf lemma="està" pos="X">està</wf>
         <wf lemma="mancat" pos="X">mancat</wf>
         <wf lemma="d'" pos="X">d'</wf>
         <instance id="d000.s1359.t000" lemma="intensitat" pos="NOUN">intensitat</instance>
         <wf lemma="." pos="X">.</wf>
      </sentence>
      <sentence id="d000.s1360" source="wordnet-catalan">
         <wf lemma="va" pos="X">va</wf>
         <wf lemma="escriure" pos="X">escriure</wf>
         <wf lemma="una" pos="X">una</wf>
         <wf lemma="nota" pos="X">nota</wf>
         <wf lemma="al" pos="X">al</wf>
         <instance id="d000.s1360.t000" lemma="marge" pos="NOUN">marge</instance>
         <wf lemma="del" pos="X">del</wf>
         <wf lemma="full" pos="X">full</wf>
         <wf lemma="." pos="X">.</wf>
      </sentence>
      <sentence id="d000.s1361" source="wordnet-catalan">
         <wf lemma="L'" pos="X">L'</wf>
         <wf lemma="església" pos="X">església</wf>
         <instance id="d000.s1361.t000" lemma="oficial" pos="ADJ">oficial</instance>
         <wf lemma="xinesa" pos="X">xinesa</wf>
         <wf lemma="." pos="X">.</wf>
      </sentence>
      <sentence id="d000.s1362" source="wordnet-catalan">
         <wf lemma="el" pos="X">el</wf>
         <wf lemma="seu" pos="X">seu</wf>
         <wf lemma="estil" pos="X">estil</wf>
         <wf lemma="de" pos="X">de</wf>
         <wf lemma="pintura" pos="X">pintura</wf>
         <wf lemma="era" pos="X">era</wf>
         <wf lemma="una" pos="X">una</wf>
         <instance id="d000.s1362.t000" lemma="reacció" pos="NOUN">reacció</instance>
         <wf lemma="contra" pos="X">contra</wf>
         <wf lemma="el" pos="X">el</wf>
         <wf lemma="cubisme" pos="X">cubisme</wf>
         <wf lemma="." pos="X">.</wf>
      </sentence>
      <sentence id="d000.s1363" source="wordnet-catalan">
         <wf lemma="El" pos="X">El</wf>
         <wf lemma="fiscal" pos="X">fiscal</wf>
         <wf lemma="demana" pos="X">demana</wf>
         <wf lemma="12" pos="X">12</wf>
         <wf lemma="anys" pos="X">anys</wf>
         <wf lemma="de" pos="X">de</wf>
         <instance id="d000.s1363.t000" lemma="reclusió" pos="NOUN">reclusió</instance>
         <wf lemma="." pos="X">.</wf>
      </sentence>
      <sentence id="d000.s1364" source="wordnet-catalan">
         <wf lemma="la" pos="X">la</wf>
         <instance id="d000.s1364.t000" lemma="negociació" pos="NOUN">negociació</instance>
         <wf lemma="sobre" pos="X">sobre</wf>
         <wf lemma="la" pos="X">la</wf>
         <wf lemma="venta" pos="X">venta</wf>
         <wf lemma="de" pos="X">de</wf>
         <wf lemma="la" pos="X">la</wf>
         <wf lemma="companyia" pos="X">companyia</wf>
         <wf lemma="va" pos="X">va</wf>
         <wf lemma="durar" pos="X">durar</wf>
         <wf lemma="diversos" pos="X">diversos</wf>
         <wf lemma="dies" pos="X">dies</wf>
         <wf lemma="." pos="X">.</wf>
      </sentence>
      <sentence id="d000.s1365" source="wordnet-catalan">
         <wf lemma="la" pos="X">la</wf>
         <instance id="d000.s1365.t000" lemma="influència" pos="NOUN">influència</instance>
         <wf lemma="de" pos="X">de</wf>
         <wf lemma="l'" pos="X">l'</wf>
         <wf lemma="acció" pos="X">acció</wf>
         <wf lemma="mecànica" pos="X">mecànica</wf>
         <wf lemma="." pos="X">.</wf>
      </sentence>
      <sentence id="d000.s1366" source="wordnet-catalan">
         <wf lemma="Va" pos="X">Va</wf>
         <wf lemma="ser" pos="X">ser</wf>
         <wf lemma="reclòs" pos="X">reclòs</wf>
         <wf lemma="en" pos="X">en</wf>
         <instance id="d000.s1366.t000" lemma="confinament" pos="NOUN">confinament</instance>
         <wf lemma="." pos="X">.</wf>
      </sentence>
      <sentence id="d000.s1367" source="wordnet-catalan">
         <wf lemma="està" pos="X">està</wf>
         <wf lemma="buscan" pos="X">buscan</wf>
         <instance id="d000.s1367.t000" lemma="feina" pos="NOUN">feina</instance>
         <wf lemma="." pos="X">.</wf>
      </sentence>
      <sentence id="d000.s1368" source="wordnet-catalan">
         <wf lemma="Li" pos="X">Li</wf>
         <wf lemma="van" pos="X">van</wf>
         <wf lemma="fer" pos="X">fer</wf>
         <wf lemma="una" pos="X">una</wf>
         <instance id="d000.s1368.t000" lemma="extracció" pos="NOUN">extracció</instance>
         <wf lemma="de" pos="X">de</wf>
         <wf lemma="queixal" pos="X">queixal</wf>
         <wf lemma="." pos="X">.</wf>
      </sentence>
      <sentence id="d000.s1369" source="wordnet-catalan">
         <wf lemma="La" pos="X">La</wf>
         <instance id="d000.s1369.t000" lemma="decisió" pos="NOUN">decisió</instance>
         <wf lemma="del" pos="X">del</wf>
         <wf lemma="Tribunal" pos="X">Tribunal</wf>
         <wf lemma="Constitucional" pos="X">Constitucional</wf>
         <wf lemma="avala" pos="X">avala</wf>
         <wf lemma="la" pos="X">la</wf>
         <wf lemma="lleu" pos="X">lleu</wf>
         <wf lemma="que" pos="X">que</wf>
         <wf lemma="regula" pos="X">regula</wf>
         <wf lemma="el" pos="X">el</wf>
         <wf lemma="matrimoni" pos="X">matrimoni</wf>
         <wf lemma="homosexual" pos="X">homosexual</wf>
         <wf lemma="." pos="X">.</wf>
      </sentence>
      <sentence id="d000.s1370" source="wordnet-catalan">
         <wf lemma="un" pos="X">un</wf>
         <wf lemma="'" pos="X">'</wf>
         <wf lemma="gràcies" pos="X">gràcies</wf>
         <wf lemma="'" pos="X">'</wf>
         <instance id="d000.s1370.t000" lemma="automàtic" pos="ADJ">automàtic</instance>
         <wf lemma="." pos="X">.</wf>
      </sentence>
      <sentence id="d000.s1371" source="wordnet-catalan">
         <wf lemma="El" pos="X">El</wf>
         <wf lemma="esquí" pos="X">esquí</wf>
         <wf lemma="és" pos="X">és</wf>
         <wf lemma="el" pos="X">el</wf>
         <wf lemma="meu" pos="X">meu</wf>
         <instance id="d000.s1371.t000" lemma="esport" pos="NOUN">esport</instance>
         <wf lemma="preferit" pos="X">preferit</wf>
         <wf lemma="." pos="X">.</wf>
      </sentence>
      <sentence id="d000.s1372" source="wordnet-catalan">
         <wf lemma="l'" pos="X">l'</wf>
         <instance id="d000.s1372.t000" lemma="àmbit" pos="NOUN">àmbit</instance>
         <wf lemma="d'" pos="X">d'</wf>
         <wf lemma="un" pos="X">un</wf>
         <wf lemma="reactor" pos="X">reactor</wf>
         <wf lemma="supersònic" pos="X">supersònic</wf>
         <wf lemma="." pos="X">.</wf>
      </sentence>
      <sentence id="d000.s1373" source="wordnet-catalan">
         <wf lemma="El" pos="X">El</wf>
         <wf lemma="síndrome" pos="X">síndrome</wf>
         <instance id="d000.s1373.t000" lemma="aòrtic" pos="ADJ">aòrtic</instance>
         <wf lemma="agut" pos="X">agut</wf>
         <wf lemma="és" pos="X">és</wf>
         <wf lemma="un" pos="X">un</wf>
         <wf lemma="procés" pos="X">procés</wf>
         <wf lemma="agut" pos="X">agut</wf>
         <wf lemma="de" pos="X">de</wf>
         <wf lemma="la" pos="X">la</wf>
         <wf lemma="paret" pos="X">paret</wf>
         <wf lemma="aòrtica" pos="X">aòrtica</wf>
         <wf lemma="que" pos="X">que</wf>
         <wf lemma="afecta" pos="X">afecta</wf>
         <wf lemma="la" pos="X">la</wf>
         <wf lemma="capa" pos="X">capa</wf>
         <wf lemma="mitja" pos="X">mitja</wf>
         <wf lemma=";" pos="X">;</wf>
         <wf lemma="inclou" pos="X">inclou</wf>
         <wf lemma="la" pos="X">la</wf>
         <wf lemma="dissecció" pos="X">dissecció</wf>
         <wf lemma="aòrtica" pos="X">aòrtica</wf>
         <wf lemma="," pos="X">,</wf>
         <wf lemma="l" pos="X">l</wf>
         <wf lemma="hematoma" pos="X">hematoma</wf>
         <wf lemma="intramural" pos="X">intramural</wf>
         <wf lemma="i" pos="X">i</wf>
         <wf lemma="l" pos="X">l</wf>
         <wf lemma="úlcera" pos="X">úlcera</wf>
         <wf lemma="penetrant" pos="X">penetrant</wf>
         <wf lemma="." pos="X">.</wf>
      </sentence>
      <sentence id="d000.s1374" source="wordnet-catalan">
         <wf lemma="una" pos="X">una</wf>
         <instance id="d000.s1374.t000" lemma="successió" pos="NOUN">successió</instance>
         <wf lemma="de" pos="X">de</wf>
         <wf lemma="parades" pos="X">parades</wf>
         <wf lemma="on" pos="X">on</wf>
         <wf lemma="venen" pos="X">venen</wf>
         <wf lemma="refrescos" pos="X">refrescos</wf>
         <wf lemma="." pos="X">.</wf>
      </sentence>
      <sentence id="d000.s1375" source="wordnet-catalan">
         <wf lemma="un" pos="X">un</wf>
         <wf lemma="membre" pos="X">membre</wf>
         <wf lemma="de" pos="X">de</wf>
         <wf lemma="la" pos="X">la</wf>
         <wf lemma="seva" pos="X">seva</wf>
         <wf lemma="pròpia" pos="X">pròpia</wf>
         <instance id="d000.s1375.t000" lemma="fe" pos="NOUN">fe</instance>
         <wf lemma="el" pos="X">el</wf>
         <wf lemma="va" pos="X">va</wf>
         <wf lemma="contradir" pos="X">contradir</wf>
         <wf lemma="." pos="X">.</wf>
      </sentence>
      <sentence id="d000.s1376" source="wordnet-catalan">
         <wf lemma="té" pos="X">té</wf>
         <instance id="d000.s1376.t000" lemma="sentit" pos="NOUN">sentit</instance>
         <wf lemma="per" pos="X">per</wf>
         <wf lemma="la" pos="X">la</wf>
         <wf lemma="música" pos="X">música</wf>
         <wf lemma="." pos="X">.</wf>
      </sentence>
      <sentence id="d000.s1377" source="wordnet-catalan">
         <wf lemma="el" pos="X">el</wf>
         <wf lemma="canvi" pos="X">canvi</wf>
         <wf lemma="de" pos="X">de</wf>
         <wf lemma="la" pos="X">la</wf>
         <wf lemma="seva" pos="X">seva</wf>
         <instance id="d000.s1377.t000" lemma="moneda" pos="NOUN">moneda</instance>
         <wf lemma="amb" pos="X">amb</wf>
         <wf lemma="el" pos="X">el</wf>
         <wf lemma="dòlar" pos="X">dòlar</wf>
         <wf lemma="està" pos="X">està</wf>
         <wf lemma="alt" pos="X">alt</wf>
         <wf lemma="." pos="X">.</wf>
      </sentence>
      <sentence id="d000.s1378" source="wordnet-catalan">
         <wf lemma="la" pos="X">la</wf>
         <wf lemma="meva" pos="X">meva</wf>
         <wf lemma="avarícia" pos="X">avarícia</wf>
         <wf lemma="va" pos="X">va</wf>
         <wf lemma="ser" pos="X">ser</wf>
         <wf lemma="l'" pos="X">l'</wf>
         <instance id="d000.s1378.t000" lemma="instrument" pos="NOUN">instrument</instance>
         <wf lemma="de" pos="X">de</wf>
         <wf lemma="la" pos="X">la</wf>
         <wf lemma="meva" pos="X">meva</wf>
         <wf lemma="destrucció" pos="X">destrucció</wf>
         <wf lemma="." pos="X">.</wf>
      </sentence>
      <sentence id="d000.s1379" source="wordnet-catalan">
         <wf lemma="una" pos="X">una</wf>
         <instance id="d000.s1379.t000" lemma="fila" pos="NOUN">fila</instance>
         <wf lemma="de" pos="X">de</wf>
         <wf lemma="butaques" pos="X">butaques</wf>
         <wf lemma="." pos="X">.</wf>
      </sentence>
      <sentence id="d000.s1380" source="wordnet-catalan">
         <wf lemma="Cultivava" pos="X">Cultivava</wf>
         <wf lemma="els" pos="X">els</wf>
         <wf lemma="vegetals" pos="X">vegetals</wf>
         <instance id="d000.s1380.t000" lemma="comú" pos="ADJ">comuns</instance>
         <wf lemma="." pos="X">.</wf>
      </sentence>
      <sentence id="d000.s1381" source="wordnet-catalan">
         <wf lemma="es" pos="X">es</wf>
         <wf lemma="dedica" pos="X">dedica</wf>
         <wf lemma="al" pos="X">al</wf>
         <instance id="d000.s1381.t000" lemma="canvi" pos="NOUN">canvi</instance>
         <wf lemma="de" pos="X">de</wf>
         <wf lemma="divises" pos="X">divises</wf>
         <wf lemma="." pos="X">.</wf>
      </sentence>
      <sentence id="d000.s1382" source="wordnet-catalan">
         <wf lemma="la" pos="X">la</wf>
         <instance id="d000.s1382.t000" lemma="reflexió" pos="NOUN">reflexió</instance>
         <wf lemma="el" pos="X">el</wf>
         <wf lemma="va" pos="X">va</wf>
         <wf lemma="fer" pos="X">fer</wf>
         <wf lemma="ser" pos="X">ser</wf>
         <wf lemma="un" pos="X">un</wf>
         <wf lemma="home" pos="X">home</wf>
         <wf lemma="productiu" pos="X">productiu</wf>
         <wf lemma="." pos="X">.</wf>
      </sentence>
      <sentence id="d000.s1383" source="wordnet-catalan">
         <wf lemma="som" pos="X">som</wf>
         <wf lemma="en" pos="X">en</wf>
         <wf lemma="una" pos="X">una</wf>
         <instance id="d000.s1383.t000" lemma="fase" pos="NOUN">fase</instance>
         <wf lemma="de" pos="X">de</wf>
         <wf lemma="transició" pos="X">transició</wf>
         <wf lemma="en" pos="X">en</wf>
         <wf lemma="què" pos="X">què</wf>
         <wf lemma="s'" pos="X">s'</wf>
         <wf lemma="ha" pos="X">ha</wf>
         <wf lemma="de" pos="X">de</wf>
         <wf lemma="revisar" pos="X">revisar</wf>
         <wf lemma="o" pos="X">o</wf>
         <wf lemma="descartar" pos="X">descartar</wf>
         <wf lemma="idees" pos="X">idees</wf>
         <wf lemma="anteriors" pos="X">anteriors</wf>
         <wf lemma="." pos="X">.</wf>
      </sentence>
      <sentence id="d000.s1384" source="wordnet-catalan">
         <wf lemma="els" pos="X">els</wf>
         <wf lemma="dos" pos="X">dos</wf>
         <wf lemma="millors" pos="X">millors</wf>
         <wf lemma="equips" pos="X">equips</wf>
         <wf lemma="van" pos="X">van</wf>
         <wf lemma="arribar" pos="X">arribar</wf>
         <wf lemma="a" pos="X">a</wf>
         <wf lemma="la" pos="X">la</wf>
         <instance id="d000.s1384.t000" lemma="final" pos="NOUN">final</instance>
         <wf lemma="." pos="X">.</wf>
      </sentence>
      <sentence id="d000.s1385" source="wordnet-catalan">
         <wf lemma="el" pos="X">el</wf>
         <instance id="d000.s1385.t000" lemma="dispositiu" pos="NOUN">dispositiu</instance>
         <wf lemma="és" pos="X">és</wf>
         <wf lemma="prou" pos="X">prou</wf>
         <wf lemma="petit" pos="X">petit</wf>
         <wf lemma="com" pos="X">com</wf>
         <wf lemma="per" pos="X">per</wf>
         <wf lemma="portarlo" pos="X">portarlo</wf>
         <wf lemma="al" pos="X">al</wf>
         <wf lemma="canell" pos="X">canell</wf>
         <wf lemma="." pos="X">.</wf>
      </sentence>
      <sentence id="d000.s1386" source="wordnet-catalan">
         <wf lemma="sigui" pos="X">sigui</wf>
         <wf lemma="quina" pos="X">quina</wf>
         <wf lemma="sigui" pos="X">sigui</wf>
         <wf lemma="la" pos="X">la</wf>
         <wf lemma="meva" pos="X">meva</wf>
         <instance id="d000.s1386.t000" lemma="fortuna" pos="NOUN">fortuna</instance>
         <wf lemma="." pos="X">.</wf>
      </sentence>
      <sentence id="d000.s1387" source="wordnet-catalan">
         <instance id="d000.s1387.t000" lemma="sentit" pos="NOUN">sentit</instance>
         <wf lemma="figurat" pos="X">figurat</wf>
         <wf lemma="." pos="X">.</wf>
      </sentence>
      <sentence id="d000.s1388" source="wordnet-catalan">
         <wf lemma="van" pos="X">van</wf>
         <wf lemma="estirar" pos="X">estirar</wf>
         <wf lemma="de" pos="X">de</wf>
         <wf lemma="les" pos="X">les</wf>
         <instance id="d000.s1388.t000" lemma="butxaca" pos="NOUN">butxaques</instance>
         <wf lemma="dels" pos="X">dels</wf>
         <wf lemma="contribuents" pos="X">contribuents</wf>
         <wf lemma="." pos="X">.</wf>
      </sentence>
      <sentence id="d000.s1389" source="wordnet-catalan">
         <wf lemma="una" pos="X">una</wf>
         <wf lemma="pel.lícula" pos="X">pel.lícula</wf>
         <instance id="d000.s1389.t000" lemma="correcte" pos="ADJ">correcte</instance>
         <wf lemma="." pos="X">.</wf>
      </sentence>
      <sentence id="d000.s1390" source="wordnet-catalan">
         <wf lemma="va" pos="X">va</wf>
         <wf lemma="repartir" pos="X">repartir</wf>
         <wf lemma="el" pos="X">el</wf>
         <instance id="d000.s1390.t000" lemma="programa" pos="NOUN">programa</instance>
         <wf lemma="de" pos="X">de</wf>
         <wf lemma="l'" pos="X">l'</wf>
         <wf lemma="assignatura" pos="X">assignatura</wf>
         <wf lemma="el" pos="X">el</wf>
         <wf lemma="primer" pos="X">primer</wf>
         <wf lemma="dia" pos="X">dia</wf>
         <wf lemma="de" pos="X">de</wf>
         <wf lemma="classe." pos="X">classe.</wf>
      </sentence>
      <sentence id="d000.s1391" source="wordnet-catalan">
         <wf lemma="Els" pos="X">Els</wf>
         <wf lemma="meus" pos="X">meus</wf>
         <instance id="d000.s1391.t000" lemma="estalvi" pos="NOUN">estalvis</instance>
         <wf lemma="serveixen" pos="X">serveixen</wf>
         <wf lemma="per" pos="X">per</wf>
         <wf lemma="anar-me'n" pos="X">anar-me'n</wf>
         <wf lemma="de" pos="X">de</wf>
         <wf lemma="vacances" pos="X">vacances</wf>
         <wf lemma="." pos="X">.</wf>
      </sentence>
      <sentence id="d000.s1392" source="wordnet-catalan">
         <wf lemma="va" pos="X">va</wf>
         <wf lemma="aparèixer" pos="X">aparèixer</wf>
         <wf lemma="un" pos="X">un</wf>
         <instance id="d000.s1392.t000" lemma="personatge" pos="NOUN">personatge</instance>
         <wf lemma="estrany" pos="X">estrany</wf>
         <wf lemma="a" pos="X">a</wf>
         <wf lemma="la" pos="X">la</wf>
         <wf lemma="porta" pos="X">porta</wf>
         <wf lemma="." pos="X">.</wf>
      </sentence>
      <sentence id="d000.s1393" source="wordnet-catalan">
         <wf lemma="quan" pos="X">quan</wf>
         <wf lemma="va" pos="X">va</wf>
         <wf lemma="fracassar" pos="X">fracassar</wf>
         <wf lemma="el" pos="X">el</wf>
         <wf lemma="seu" pos="X">seu</wf>
         <wf lemma="intent" pos="X">intent</wf>
         <wf lemma="va" pos="X">va</wf>
         <wf lemma="provar" pos="X">provar</wf>
         <wf lemma="de" pos="X">de</wf>
         <wf lemma="fer" pos="X">fer</wf>
         <wf lemma="el" pos="X">el</wf>
         <instance id="d000.s1393.t000" lemma="contrari" pos="NOUN">contrari</instance>
         <wf lemma="." pos="X">.</wf>
      </sentence>
      <sentence id="d000.s1394" source="wordnet-catalan">
         <wf lemma="El" pos="X">El</wf>
         <wf lemma="seu" pos="X">seu</wf>
         <wf lemma="oncle" pos="X">oncle</wf>
         <wf lemma="sempre" pos="X">sempre</wf>
         <wf lemma="ha" pos="X">ha</wf>
         <wf lemma="tingut" pos="X">tingut</wf>
         <wf lemma="molt" pos="X">molt</wf>
         <instance id="d000.s1394.t000" lemma="dinamisme" pos="NOUN">dinamisme</instance>
         <wf lemma="." pos="X">.</wf>
      </sentence>
      <sentence id="d000.s1395" source="wordnet-catalan">
         <wf lemma="No" pos="X">No</wf>
         <wf lemma="va" pos="X">va</wf>
         <wf lemma="fer" pos="X">fer</wf>
         <wf lemma="cap" pos="X">cap</wf>
         <wf lemma="més" pos="X">més</wf>
         <instance id="d000.s1395.t000" lemma="negoci" pos="NOUN">negoci</instance>
         <wf lemma="amb" pos="X">amb</wf>
         <wf lemma="ell" pos="X">ell</wf>
         <wf lemma="." pos="X">.</wf>
      </sentence>
      <sentence id="d000.s1396" source="wordnet-catalan">
         <wf lemma="Al" pos="X">Al</wf>
         <wf lemma="llarg" pos="X">llarg</wf>
         <wf lemma="de" pos="X">de</wf>
         <wf lemma="l" pos="X">l</wf>
         <wf lemma="evolució" pos="X">evolució</wf>
         <wf lemma="del" pos="X">del</wf>
         <wf lemma="homes" pos="X">homes</wf>
         <wf lemma="," pos="X">,</wf>
         <wf lemma="es" pos="X">es</wf>
         <wf lemma="va" pos="X">va</wf>
         <wf lemma="produir" pos="X">produir</wf>
         <wf lemma="un" pos="X">un</wf>
         <instance id="d000.s1396.t000" lemma="engrandiment" pos="NOUN">engrandiment</instance>
         <wf lemma="del" pos="X">del</wf>
         <wf lemma="cervell" pos="X">cervell</wf>
         <wf lemma="." pos="X">.</wf>
      </sentence>
      <sentence id="d000.s1397" source="wordnet-catalan">
         <wf lemma="es" pos="X">es</wf>
         <wf lemma="requereix" pos="X">requereix</wf>
         <wf lemma="un" pos="X">un</wf>
         <instance id="d000.s1397.t000" lemma="nivell" pos="NOUN">nivell</instance>
         <wf lemma="d'" pos="X">d'</wf>
         <wf lemma="atenció" pos="X">atenció</wf>
         <wf lemma="alt" pos="X">alt</wf>
         <wf lemma="." pos="X">.</wf>
      </sentence>
      <sentence id="d000.s1398" source="wordnet-catalan">
         <wf lemma="l'" pos="X">l'</wf>
         <wf lemma="equip" pos="X">equip</wf>
         <wf lemma="és" pos="X">és</wf>
         <wf lemma="una" pos="X">una</wf>
         <instance id="d000.s1398.t000" lemma="unitat" pos="NOUN">unitat</instance>
         <wf lemma="." pos="X">.</wf>
      </sentence>
      <sentence id="d000.s1399" source="wordnet-catalan">
         <wf lemma="aquest" pos="X">aquest</wf>
         <wf lemma="resultat" pos="X">resultat</wf>
         <wf lemma="no" pos="X">no</wf>
         <wf lemma="té" pos="X">té</wf>
         <instance id="d000.s1399.t000" lemma="conseqüència" pos="NOUN">conseqüències</instance>
         <wf lemma="." pos="X">.</wf>
      </sentence>
      <sentence id="d000.s1400" source="wordnet-catalan">
         <wf lemma="L'" pos="X">L'</wf>
         <wf lemma="Ana" pos="X">Ana</wf>
         <wf lemma="té" pos="X">té</wf>
         <wf lemma="una" pos="X">una</wf>
         <instance id="d000.s1400.t000" lemma="colla" pos="NOUN">colla</instance>
         <wf lemma="d'" pos="X">d'</wf>
         <wf lemma="amics" pos="X">amics</wf>
         <wf lemma="de" pos="X">de</wf>
         <wf lemma="diversos" pos="X">diversos</wf>
         <wf lemma="països" pos="X">països</wf>
         <wf lemma="." pos="X">.</wf>
      </sentence>
      <sentence id="d000.s1401" source="wordnet-catalan">
         <wf lemma="una" pos="X">una</wf>
         <wf lemma="eruga" pos="X">eruga</wf>
         <instance id="d000.s1401.t000" lemma="pelut" pos="ADJ">peluda</instance>
         <wf lemma="." pos="X">.</wf>
      </sentence>
      <sentence id="d000.s1402" source="wordnet-catalan">
         <wf lemma="l'" pos="X">l'</wf>
         <instance id="d000.s1402.t000" lemma="ensenyament" pos="NOUN">ensenyament</instance>
         <wf lemma="està" pos="X">està</wf>
         <wf lemma="reconegut" pos="X">reconegut</wf>
         <wf lemma="com" pos="X">com</wf>
         <wf lemma="a" pos="X">a</wf>
         <wf lemma="professió" pos="X">professió</wf>
         <wf lemma="important" pos="X">important</wf>
         <wf lemma="." pos="X">.</wf>
      </sentence>
      <sentence id="d000.s1403" source="wordnet-catalan">
         <wf lemma="el" pos="X">el</wf>
         <instance id="d000.s1403.t000" lemma="regidor" pos="NOUN">regidor</instance>
         <wf lemma="va" pos="X">va</wf>
         <wf lemma="ordenar" pos="X">ordenar</wf>
         <wf lemma="als" pos="X">als</wf>
         <wf lemma="actors" pos="X">actors</wf>
         <wf lemma="que" pos="X">que</wf>
         <wf lemma="es" pos="X">es</wf>
         <wf lemma="posessin" pos="X">posessin</wf>
         <wf lemma="en" pos="X">en</wf>
         <wf lemma="escena" pos="X">escena</wf>
         <wf lemma="." pos="X">.</wf>
      </sentence>
      <sentence id="d000.s1404" source="wordnet-catalan">
         <wf lemma="l'" pos="X">l'</wf>
         <wf lemma="home" pos="X">home</wf>
         <instance id="d000.s1404.t000" lemma="adequat" pos="ADJ">adequat</instance>
         <wf lemma="per" pos="X">per</wf>
         <wf lemma="a" pos="X">a</wf>
         <wf lemma="aquest" pos="X">aquest</wf>
         <wf lemma="treball" pos="X">treball</wf>
         <wf lemma="." pos="X">.</wf>
      </sentence>
      <sentence id="d000.s1405" source="wordnet-catalan">
         <wf lemma="El" pos="X">El</wf>
         <wf lemma="propietari" pos="X">propietari</wf>
         <wf lemma="pot" pos="X">pot</wf>
         <wf lemma="desallotjar" pos="X">desallotjar</wf>
         <wf lemma="un" pos="X">un</wf>
         <instance id="d000.s1405.t000" lemma="llogater" pos="NOUN">llogater</instance>
         <wf lemma="que" pos="X">que</wf>
         <wf lemma="no" pos="X">no</wf>
         <wf lemma="pagui" pos="X">pagui</wf>
         <wf lemma="la" pos="X">la</wf>
         <wf lemma="renda" pos="X">renda</wf>
         <wf lemma="." pos="X">.</wf>
      </sentence>
      <sentence id="d000.s1406" source="wordnet-catalan">
         <wf lemma="Té" pos="X">Té</wf>
         <wf lemma="la" pos="X">la</wf>
         <instance id="d000.s1406.t000" lemma="concessió" pos="NOUN">concessió</instance>
         <wf lemma="per" pos="X">per</wf>
         <wf lemma="vendre" pos="X">vendre</wf>
         <wf lemma="xurros" pos="X">xurros</wf>
         <wf lemma="a" pos="X">a</wf>
         <wf lemma="l'" pos="X">l'</wf>
         <wf lemma="estadi" pos="X">estadi</wf>
         <wf lemma="." pos="X">.</wf>
      </sentence>
      <sentence id="d000.s1407" source="wordnet-catalan">
         <wf lemma="no" pos="X">no</wf>
         <wf lemma="hi" pos="X">hi</wf>
         <wf lemma="havia" pos="X">havia</wf>
         <wf lemma="cap" pos="X">cap</wf>
         <instance id="d000.s1407.t000" lemma="relació" pos="NOUN">relació</instance>
         <wf lemma="entre" pos="X">entre</wf>
         <wf lemma="els" pos="X">els</wf>
         <wf lemma="vidres" pos="X">vidres</wf>
         <wf lemma="trencats" pos="X">trencats</wf>
         <wf lemma="i" pos="X">i</wf>
         <wf lemma="la" pos="X">la</wf>
         <wf lemma="pilota" pos="X">pilota</wf>
         <wf lemma="." pos="X">.</wf>
      </sentence>
      <sentence id="d000.s1408" source="wordnet-catalan">
         <wf lemma="he" pos="X">he</wf>
         <wf lemma="tingut" pos="X">tingut</wf>
         <wf lemma="un" pos="X">un</wf>
         <wf lemma="bon" pos="X">bon</wf>
         <instance id="d000.s1408.t000" lemma="dia" pos="NOUN">dia</instance>
         <wf lemma="." pos="X">.</wf>
      </sentence>
      <sentence id="d000.s1409" source="wordnet-catalan">
         <wf lemma="Una" pos="X">Una</wf>
         <wf lemma="institució" pos="X">institució</wf>
         <instance id="d000.s1409.t000" lemma="correccional" pos="ADJ">correccional</instance>
         <wf lemma="." pos="X">.</wf>
      </sentence>
      <sentence id="d000.s1410" source="wordnet-catalan">
         <wf lemma="va" pos="X">va</wf>
         <wf lemma="allisar" pos="X">allisar</wf>
         <wf lemma="les" pos="X">les</wf>
         <instance id="d000.s1410.t000" lemma="vora" pos="NOUN">vores</instance>
         <wf lemma="de" pos="X">de</wf>
         <wf lemma="la" pos="X">la</wf>
         <wf lemma="caixa" pos="X">caixa</wf>
         <wf lemma="." pos="X">.</wf>
      </sentence>
      <sentence id="d000.s1411" source="wordnet-catalan">
         <wf lemma="el" pos="X">el</wf>
         <wf lemma="concert" pos="X">concert</wf>
         <wf lemma="serà" pos="X">serà</wf>
         <wf lemma="un" pos="X">un</wf>
         <instance id="d000.s1411.t000" lemma="diumenge" pos="NOUN">diumenge</instance>
         <wf lemma="." pos="X">.</wf>
      </sentence>
      <sentence id="d000.s1412" source="wordnet-catalan">
         <wf lemma="té" pos="X">té</wf>
         <wf lemma="una" pos="X">una</wf>
         <instance id="d000.s1412.t000" lemma="posició" pos="NOUN">posició</instance>
         <wf lemma="de" pos="X">de</wf>
         <wf lemma="prestigi" pos="X">prestigi</wf>
         <wf lemma="en" pos="X">en</wf>
         <wf lemma="els" pos="X">els</wf>
         <wf lemma="cercles" pos="X">cercles</wf>
         <wf lemma="diplomàtics" pos="X">diplomàtics</wf>
         <wf lemma="." pos="X">.</wf>
      </sentence>
      <sentence id="d000.s1413" source="wordnet-catalan">
         <wf lemma="s'" pos="X">s'</wf>
         <wf lemma="ho" pos="X">ho</wf>
         <wf lemma="va" pos="X">va</wf>
         <wf lemma="comprar" pos="X">comprar</wf>
         <wf lemma="per" pos="X">per</wf>
         <wf lemma="a" pos="X">a</wf>
         <instance id="d000.s1413.t000" lemma="ús" pos="NOUN">ús</instance>
         <wf lemma="diari" pos="X">diari</wf>
         <wf lemma="." pos="X">.</wf>
      </sentence>
      <sentence id="d000.s1414" source="wordnet-catalan">
         <wf lemma="una" pos="X">una</wf>
         <instance id="d000.s1414.t000" lemma="llarg" pos="ADJ">llarga</instance>
         <wf lemma="conversa" pos="X">conversa</wf>
         <wf lemma="." pos="X">.</wf>
      </sentence>
      <sentence id="d000.s1415" source="wordnet-catalan">
         <wf lemma="la" pos="X">la</wf>
         <wf lemma="Maria" pos="X">Maria</wf>
         <wf lemma="i" pos="X">i</wf>
         <wf lemma="la" pos="X">la</wf>
         <wf lemma="seva" pos="X">seva</wf>
         <instance id="d000.s1415.t000" lemma="amiga" pos="NOUN">amiga</instance>
         <wf lemma="han" pos="X">han</wf>
         <wf lemma="organitzat" pos="X">organitzat</wf>
         <wf lemma="la" pos="X">la</wf>
         <wf lemma="festa" pos="X">festa</wf>
         <wf lemma="." pos="X">.</wf>
      </sentence>
      <sentence id="d000.s1416" source="wordnet-catalan">
         <wf lemma="la" pos="X">la</wf>
         <wf lemma="sabiduria" pos="X">sabiduria</wf>
         <wf lemma="és" pos="X">és</wf>
         <instance id="d000.s1416.t000" lemma="poder" pos="NOUN">poder</instance>
         <wf lemma="." pos="X">.</wf>
      </sentence>
      <sentence id="d000.s1417" source="wordnet-catalan">
         <wf lemma="estava" pos="X">estava</wf>
         <wf lemma="construït" pos="X">construït</wf>
         <wf lemma="sobre" pos="X">sobre</wf>
         <wf lemma="la" pos="X">la</wf>
         <instance id="d000.s1417.t000" lemma="base" pos="NOUN">base</instance>
         <wf lemma="d'" pos="X">d'</wf>
         <wf lemma="una" pos="X">una</wf>
         <wf lemma="roca" pos="X">roca</wf>
         <wf lemma="sòlida" pos="X">sòlida</wf>
         <wf lemma="." pos="X">.</wf>
      </sentence>
      <sentence id="d000.s1418" source="wordnet-catalan">
         <wf lemma="la" pos="X">la</wf>
         <wf lemma="publicació" pos="X">publicació</wf>
         <wf lemma="del" pos="X">del</wf>
         <wf lemma="seu" pos="X">seu</wf>
         <wf lemma="segon" pos="X">segon</wf>
         <instance id="d000.s1418.t000" lemma="llibre" pos="NOUN">llibre</instance>
         <wf lemma="va" pos="X">va</wf>
         <wf lemma="ser" pos="X">ser</wf>
         <wf lemma="un" pos="X">un</wf>
         <wf lemma="èxit" pos="X">èxit</wf>
         <wf lemma="." pos="X">.</wf>
      </sentence>
      <sentence id="d000.s1419" source="wordnet-catalan">
         <wf lemma="la" pos="X">la</wf>
         <wf lemma="creació" pos="X">creació</wf>
         <wf lemma="del" pos="X">del</wf>
         <instance id="d000.s1419.t000" lemma="món" pos="NOUN">món</instance>
         <wf lemma="." pos="X">.</wf>
      </sentence>
      <sentence id="d000.s1420" source="wordnet-catalan">
         <wf lemma="És" pos="X">És</wf>
         <wf lemma="un" pos="X">un</wf>
         <wf lemma="comentari" pos="X">comentari</wf>
         <instance id="d000.s1420.t000" lemma="desaprobatori" pos="ADJ">desaprobatori</instance>
         <wf lemma="." pos="X">.</wf>
      </sentence>
      <sentence id="d000.s1421" source="wordnet-catalan">
         <wf lemma="va" pos="X">va</wf>
         <wf lemma="fer" pos="X">fer</wf>
         <wf lemma="una" pos="X">una</wf>
         <instance id="d000.s1421.t000" lemma="mostra" pos="NOUN">mostra</instance>
         <wf lemma="notable" pos="X">notable</wf>
         <wf lemma="de" pos="X">de</wf>
         <wf lemma="la" pos="X">la</wf>
         <wf lemma="seva" pos="X">seva</wf>
         <wf lemma="habilitat" pos="X">habilitat</wf>
         <wf lemma="." pos="X">.</wf>
      </sentence>
      <sentence id="d000.s1422" source="wordnet-catalan">
         <wf lemma="un" pos="X">un</wf>
         <wf lemma="esdeveniment" pos="X">esdeveniment</wf>
         <instance id="d000.s1422.t000" lemma="episòdic" pos="ADJ">episòdic</instance>
         <wf lemma="com" pos="X">com</wf>
         <wf lemma="el" pos="X">el</wf>
         <wf lemma="de" pos="X">de</wf>
         <wf lemma="la" pos="X">la</wf>
         <wf lemma="successió" pos="X">successió</wf>
         <wf lemma="dels" pos="X">dels</wf>
         <wf lemma="governants" pos="X">governants</wf>
         <wf lemma="." pos="X">.</wf>
      </sentence>
      <sentence id="d000.s1423" source="wordnet-catalan">
         <wf lemma="el" pos="X">el</wf>
         <wf lemma="seu" pos="X">seu</wf>
         <wf lemma="motiu" pos="X">motiu</wf>
         <instance id="d000.s1423.t000" lemma="real" pos="ADJ">real</instance>
         <wf lemma="." pos="X">.</wf>
      </sentence>
      <sentence id="d000.s1424" source="wordnet-catalan">
         <wf lemma="sentien" pos="X">sentien</wf>
         <instance id="d000.s1424.t000" lemma="soroll" pos="NOUN">sorolls</instance>
         <wf lemma="indistints" pos="X">indistints</wf>
         <wf lemma="de" pos="X">de</wf>
         <wf lemma="gent" pos="X">gent</wf>
         <wf lemma="parlant" pos="X">parlant</wf>
         <wf lemma="." pos="X">.</wf>
      </sentence>
      <sentence id="d000.s1425" source="wordnet-catalan">
         <wf lemma="el" pos="X">el</wf>
         <instance id="d000.s1425.t000" lemma="resultat" pos="NOUN">resultat</instance>
         <wf lemma="de" pos="X">de</wf>
         <wf lemma="les" pos="X">les</wf>
         <wf lemma="meves" pos="X">meves</wf>
         <wf lemma="gestions" pos="X">gestions</wf>
         <wf lemma="va" pos="X">va</wf>
         <wf lemma="ser" pos="X">ser</wf>
         <wf lemma="molt" pos="X">molt</wf>
         <wf lemma="favorable" pos="X">favorable</wf>
         <wf lemma="per" pos="X">per</wf>
         <wf lemma="a" pos="X">a</wf>
         <wf lemma="l'" pos="X">l'</wf>
         <wf lemma="empresa" pos="X">empresa</wf>
         <wf lemma="." pos="X">.</wf>
      </sentence>
      <sentence id="d000.s1426" source="wordnet-catalan">
         <wf lemma="el" pos="X">el</wf>
         <instance id="d000.s1426.t000" lemma="màxim" pos="NOUN">màxim</instance>
         <wf lemma="del" pos="X">del</wf>
         <wf lemma="voltatge" pos="X">voltatge</wf>
         <wf lemma="." pos="X">.</wf>
      </sentence>
      <sentence id="d000.s1427" source="wordnet-catalan">
         <wf lemma="els" pos="X">els</wf>
         <wf lemma="nens" pos="X">nens</wf>
         <wf lemma="van" pos="X">van</wf>
         <wf lemma="creuar" pos="X">creuar</wf>
         <wf lemma="la" pos="X">la</wf>
         <instance id="d000.s1427.t000" lemma="carretera" pos="NOUN">carretera</instance>
         <wf lemma="sense" pos="X">sense</wf>
         <wf lemma="por" pos="X">por</wf>
         <wf lemma="." pos="X">.</wf>
      </sentence>
      <sentence id="d000.s1428" source="wordnet-catalan">
         <wf lemma="És" pos="X">És</wf>
         <wf lemma="un" pos="X">un</wf>
         <wf lemma="treball" pos="X">treball</wf>
         <instance id="d000.s1428.t000" lemma="remuneratiu" pos="ADJ">remuneratiu</instance>
         <wf lemma="." pos="X">.</wf>
      </sentence>
      <sentence id="d000.s1429" source="wordnet-catalan">
         <wf lemma="tenir" pos="X">tenir</wf>
         <wf lemma="una" pos="X">una</wf>
         <instance id="d000.s1429.t000" lemma="espina" pos="NOUN">espina</instance>
         <wf lemma="clavada" pos="X">clavada</wf>
         <wf lemma="al" pos="X">al</wf>
         <wf lemma="cor" pos="X">cor</wf>
         <wf lemma="." pos="X">.</wf>
      </sentence>
      <sentence id="d000.s1430" source="wordnet-catalan">
         <wf lemma="La" pos="X">La</wf>
         <wf lemma="forma" pos="X">forma</wf>
         <instance id="d000.s1430.t000" lemma="personal" pos="ADJ">personal</instance>
         <wf lemma="del" pos="X">del</wf>
         <wf lemma="verb" pos="X">verb</wf>
         <wf lemma="." pos="X">.</wf>
      </sentence>
      <sentence id="d000.s1431" source="wordnet-catalan">
         <wf lemma="va" pos="X">va</wf>
         <wf lemma="arrencar" pos="X">arrencar</wf>
         <wf lemma="en" pos="X">en</wf>
         <instance id="d000.s1431.t000" lemma="plor" pos="NOUN">plors</instance>
         <wf lemma="." pos="X">.</wf>
      </sentence>
      <sentence id="d000.s1432" source="wordnet-catalan">
         <wf lemma="ara" pos="X">ara</wf>
         <wf lemma="com" pos="X">com</wf>
         <wf lemma="ara" pos="X">ara</wf>
         <wf lemma="té" pos="X">té</wf>
         <wf lemma="molt" pos="X">molt</wf>
         <wf lemma="d'" pos="X">d'</wf>
         <instance id="d000.s1432.t000" lemma="èxit" pos="NOUN">èxit</instance>
         <wf lemma="." pos="X">.</wf>
      </sentence>
      <sentence id="d000.s1433" source="wordnet-catalan">
         <instance id="d000.s1433.t000" lemma="condició" pos="NOUN">condició</instance>
         <wf lemma="de" pos="X">de</wf>
         <wf lemma="malestar" pos="X">malestar</wf>
         <wf lemma="." pos="X">.</wf>
      </sentence>
      <sentence id="d000.s1434" source="wordnet-catalan">
         <wf lemma="Está" pos="X">Está</wf>
         <instance id="d000.s1434.t000" lemma="prohibit" pos="ADJ">prohibit</instance>
         <wf lemma="fumar" pos="X">fumar</wf>
         <wf lemma="a" pos="X">a</wf>
         <wf lemma="l'" pos="X">l'</wf>
         <wf lemma="avió" pos="X">avió</wf>
         <wf lemma="." pos="X">.</wf>
      </sentence>
      <sentence id="d000.s1435" source="wordnet-catalan">
         <wf lemma="l'" pos="X">l'</wf>
         <instance id="d000.s1435.t000" lemma="avenç" pos="NOUN">avenç</instance>
         <wf lemma="del" pos="X">del</wf>
         <wf lemma="coneixement" pos="X">coneixement</wf>
         <wf lemma="." pos="X">.</wf>
      </sentence>
      <sentence id="d000.s1436" source="wordnet-catalan">
         <wf lemma="el" pos="X">el</wf>
         <wf lemma="flirteig" pos="X">flirteig</wf>
         <wf lemma="está" pos="X">está</wf>
         <wf lemma="present" pos="X">present</wf>
         <wf lemma="a" pos="X">a</wf>
         <wf lemma="les" pos="X">les</wf>
         <instance id="d000.s1436.t000" lemma="classe" pos="NOUN">classes</instance>
         <wf lemma="." pos="X">.</wf>
      </sentence>
      <sentence id="d000.s1437" source="wordnet-catalan">
         <wf lemma="les" pos="X">les</wf>
         <instance id="d000.s1437.t000" lemma="eminent" pos="ADJ">eminents</instance>
         <wf lemma="puntes" pos="X">puntes</wf>
         <wf lemma="de" pos="X">de</wf>
         <wf lemma="la" pos="X">la</wf>
         <wf lemma="catedral" pos="X">catedral</wf>
         <wf lemma="." pos="X">.</wf>
      </sentence>
      <sentence id="d000.s1438" source="wordnet-catalan">
         <wf lemma="Inicia" pos="X">Inicia</wf>
         <wf lemma="demà" pos="X">demà</wf>
         <wf lemma="la" pos="X">la</wf>
         <wf lemma="discussió" pos="X">discussió</wf>
         <wf lemma="del" pos="X">del</wf>
         <wf lemma="projecte" pos="X">projecte</wf>
         <wf lemma="de" pos="X">de</wf>
         <wf lemma="llei" pos="X">llei</wf>
         <wf lemma="al" pos="X">al</wf>
         <instance id="d000.s1438.t000" lemma="congrés" pos="NOUN">congrés</instance>
         <wf lemma="." pos="X">.</wf>
      </sentence>
      <sentence id="d000.s1439" source="wordnet-catalan">
         <wf lemma="vaig" pos="X">vaig</wf>
         <wf lemma="reconèixer" pos="X">reconèixer</wf>
         <wf lemma="la" pos="X">la</wf>
         <wf lemma="seva" pos="X">seva</wf>
         <instance id="d000.s1439.t000" lemma="veu" pos="NOUN">veu</instance>
         <wf lemma="." pos="X">.</wf>
      </sentence>
      <sentence id="d000.s1440" source="wordnet-catalan">
         <wf lemma="El" pos="X">El</wf>
         <wf lemma="meu" pos="X">meu</wf>
         <wf lemma="pare" pos="X">pare</wf>
         <wf lemma="és" pos="X">és</wf>
         <instance id="d000.s1440.t000" lemma="censista" pos="NOUN">censista</instance>
         <wf lemma="demogràfic" pos="X">demogràfic</wf>
         <wf lemma="." pos="X">.</wf>
      </sentence>
      <sentence id="d000.s1441" source="wordnet-catalan">
         <wf lemma="He" pos="X">He</wf>
         <wf lemma="demanat" pos="X">demanat</wf>
         <wf lemma="el" pos="X">el</wf>
         <wf lemma="banc" pos="X">banc</wf>
         <wf lemma="l'" pos="X">l'</wf>
         <instance id="d000.s1441.t000" lemma="abonament" pos="NOUN">abonament</instance>
         <wf lemma="de" pos="X">de</wf>
         <wf lemma="la" pos="X">la</wf>
         <wf lemma="quota" pos="X">quota</wf>
         <wf lemma="que" pos="X">que</wf>
         <wf lemma="em" pos="X">em</wf>
         <wf lemma="pertany" pos="X">pertany</wf>
         <wf lemma="." pos="X">.</wf>
      </sentence>
      <sentence id="d000.s1442" source="wordnet-catalan">
         <wf lemma="va" pos="X">va</wf>
         <wf lemma="girar" pos="X">girar</wf>
         <wf lemma="la" pos="X">la</wf>
         <wf lemma="caixa" pos="X">caixa</wf>
         <wf lemma="per" pos="X">per</wf>
         <wf lemma="examinar" pos="X">examinar</wf>
         <wf lemma="la" pos="X">la</wf>
         <instance id="d000.s1442.t000" lemma="cara" pos="NOUN">cara</instance>
         <wf lemma="inferior" pos="X">inferior</wf>
         <wf lemma="." pos="X">.</wf>
      </sentence>
      <sentence id="d000.s1443" source="wordnet-catalan">
         <wf lemma="Ha" pos="X">Ha</wf>
         <wf lemma="signat" pos="X">signat</wf>
         <wf lemma="el" pos="X">el</wf>
         <instance id="d000.s1443.t000" lemma="descàrrec" pos="NOUN">descàrrec</instance>
         <wf lemma="del" pos="X">del</wf>
         <wf lemma="deute" pos="X">deute</wf>
         <wf lemma="." pos="X">.</wf>
      </sentence>
      <sentence id="d000.s1444" source="wordnet-catalan">
         <wf lemma="sempre" pos="X">sempre</wf>
         <wf lemma="se" pos="X">se</wf>
         <wf lemma="sentava" pos="X">sentava</wf>
         <wf lemma="al" pos="X">al</wf>
         <instance id="d000.s1444.t000" lemma="costat" pos="NOUN">costat</instance>
         <wf lemma="esquerre" pos="X">esquerre</wf>
         <wf lemma="de" pos="X">de</wf>
         <wf lemma="l'" pos="X">l'</wf>
         <wf lemma="esglèsia" pos="X">esglèsia</wf>
         <wf lemma="." pos="X">.</wf>
      </sentence>
      <sentence id="d000.s1445" source="wordnet-catalan">
         <wf lemma="estrelles" pos="X">estrelles</wf>
         <instance id="d000.s1445.t000" lemma="remot" pos="ADJ">remotes</instance>
         <wf lemma="." pos="X">.</wf>
      </sentence>
      <sentence id="d000.s1446" source="wordnet-catalan">
         <wf lemma="l'" pos="X">l'</wf>
         <wf lemma="arquitecte" pos="X">arquitecte</wf>
         <wf lemma="té" pos="X">té</wf>
         <wf lemma="la" pos="X">la</wf>
         <instance id="d000.s1446.t000" lemma="teoria" pos="NOUN">teoria</instance>
         <wf lemma="que" pos="X">que</wf>
         <wf lemma="més" pos="X">més</wf>
         <wf lemma="és" pos="X">és</wf>
         <wf lemma="menys" pos="X">menys</wf>
         <wf lemma="." pos="X">.</wf>
      </sentence>
      <sentence id="d000.s1447" source="wordnet-catalan">
         <wf lemma="no" pos="X">no</wf>
         <wf lemma="trairà" pos="X">trairà</wf>
         <wf lemma="els" pos="X">els</wf>
         <wf lemma="seus" pos="X">seus</wf>
         <instance id="d000.s1447.t000" lemma="principi" pos="NOUN">principis</instance>
         <wf lemma="." pos="X">.</wf>
      </sentence>
      <sentence id="d000.s1448" source="wordnet-catalan">
         <wf lemma="el" pos="X">el</wf>
         <wf lemma="general" pos="X">general</wf>
         <wf lemma="havia" pos="X">havia</wf>
         <wf lemma="tingut" pos="X">tingut</wf>
         <wf lemma="una" pos="X">una</wf>
         <instance id="d000.s1448.t000" lemma="trajectòria" pos="NOUN">trajectòria</instance>
         <wf lemma="distingida" pos="X">distingida</wf>
         <wf lemma="." pos="X">.</wf>
      </sentence>
      <sentence id="d000.s1449" source="wordnet-catalan">
         <wf lemma="va" pos="X">va</wf>
         <wf lemma="demostrar" pos="X">demostrar</wf>
         <wf lemma="la" pos="X">la</wf>
         <wf lemma="seva" pos="X">seva</wf>
         <instance id="d000.s1449.t000" lemma="dignitat" pos="NOUN">dignitat</instance>
         <wf lemma="quan" pos="X">quan</wf>
         <wf lemma="estava" pos="X">estava</wf>
         <wf lemma="sota" pos="X">sota</wf>
         <wf lemma="pressió" pos="X">pressió</wf>
         <wf lemma="." pos="X">.</wf>
      </sentence>
      <sentence id="d000.s1450" source="wordnet-catalan">
         <wf lemma="aixó" pos="X">aixó</wf>
         <wf lemma="és" pos="X">és</wf>
         <wf lemma="el" pos="X">el</wf>
         <wf lemma="que" pos="X">que</wf>
         <wf lemma="recordo" pos="X">recordo</wf>
         <wf lemma="," pos="X">,</wf>
         <wf lemma="la" pos="X">la</wf>
         <instance id="d000.s1450.t000" lemma="resta" pos="NOUN">resta</instance>
         <wf lemma="ho" pos="X">ho</wf>
         <wf lemma="he" pos="X">he</wf>
         <wf lemma="oblidat" pos="X">oblidat</wf>
         <wf lemma="." pos="X">.</wf>
      </sentence>
      <sentence id="d000.s1451" source="wordnet-catalan">
         <wf lemma="els" pos="X">els</wf>
         <wf lemma="nostres" pos="X">nostres</wf>
         <instance id="d000.s1451.t000" lemma="avantpassat" pos="NOUN">avantpassats</instance>
         <wf lemma="van" pos="X">van</wf>
         <wf lemma="fer" pos="X">fer</wf>
         <wf lemma="créixer" pos="X">créixer</wf>
         <wf lemma="el" pos="X">el</wf>
         <wf lemma="país" pos="X">país</wf>
         <wf lemma="." pos="X">.</wf>
      </sentence>
      <sentence id="d000.s1452" source="wordnet-catalan">
         <wf lemma="El" pos="X">El</wf>
         <wf lemma="discurs" pos="X">discurs</wf>
         <instance id="d000.s1452.t000" lemma="polític" pos="ADJ">polític</instance>
         <wf lemma="." pos="X">.</wf>
      </sentence>
      <sentence id="d000.s1453" source="wordnet-catalan">
         <wf lemma="hi" pos="X">hi</wf>
         <wf lemma="ha" pos="X">ha</wf>
         <wf lemma="un" pos="X">un</wf>
         <instance id="d000.s1453.t000" lemma="tipus" pos="NOUN">tipus</instance>
         <wf lemma="de" pos="X">de</wf>
         <wf lemma="planta" pos="X">planta</wf>
         <wf lemma="per" pos="X">per</wf>
         <wf lemma="descobrir" pos="X">descobrir</wf>
         <wf lemma="." pos="X">.</wf>
      </sentence>
      <sentence id="d000.s1454" source="wordnet-catalan">
         <wf lemma="és" pos="X">és</wf>
         <wf lemma="un" pos="X">un</wf>
         <wf lemma="teixit" pos="X">teixit</wf>
         <wf lemma="amb" pos="X">amb</wf>
         <instance id="d000.s1454.t000" lemma="tendència" pos="NOUN">tendència</instance>
         <wf lemma="a" pos="X">a</wf>
         <wf lemma="encongir-se" pos="X">encongir-se</wf>
         <wf lemma="." pos="X">.</wf>
      </sentence>
      <sentence id="d000.s1455" source="wordnet-catalan">
         <wf lemma="té" pos="X">té</wf>
         <wf lemma="un" pos="X">un</wf>
         <instance id="d000.s1455.t000" lemma="semblant" pos="NOUN">semblant</instance>
         <wf lemma="agradable" pos="X">agradable</wf>
         <wf lemma="." pos="X">.</wf>
      </sentence>
      <sentence id="d000.s1456" source="wordnet-catalan">
         <wf lemma="l'" pos="X">l'</wf>
         <instance id="d000.s1456.t000" lemma="esperit" pos="NOUN">esperit</instance>
         <wf lemma="dels" pos="X">dels</wf>
         <wf lemma="grecs" pos="X">grecs</wf>
         <wf lemma="." pos="X">.</wf>
      </sentence>
      <sentence id="d000.s1457" source="wordnet-catalan">
         <wf lemma="va" pos="X">va</wf>
         <wf lemma="aprendre" pos="X">aprendre</wf>
         <wf lemma="la" pos="X">la</wf>
         <instance id="d000.s1457.t000" lemma="diferència" pos="NOUN">diferència</instance>
         <wf lemma="entre" pos="X">entre</wf>
         <wf lemma="l'" pos="X">l'</wf>
         <wf lemma="or" pos="X">or</wf>
         <wf lemma="i" pos="X">i</wf>
         <wf lemma="el" pos="X">el</wf>
         <wf lemma="plom" pos="X">plom</wf>
         <wf lemma="." pos="X">.</wf>
      </sentence>
      <sentence id="d000.s1458" source="wordnet-catalan">
         <wf lemma="l'" pos="X">l'</wf>
         <instance id="d000.s1458.t000" lemma="alè" pos="NOUN">alè</instance>
         <wf lemma="agre" pos="X">agre</wf>
         <wf lemma="d'" pos="X">d'</wf>
         <wf lemma="aquell" pos="X">aquell</wf>
         <wf lemma="noi" pos="X">noi</wf>
         <wf lemma="la" pos="X">la</wf>
         <wf lemma="va" pos="X">va</wf>
         <wf lemma="ofendre" pos="X">ofendre</wf>
         <wf lemma="." pos="X">.</wf>
      </sentence>
      <sentence id="d000.s1459" source="wordnet-catalan">
         <wf lemma="l'" pos="X">l'</wf>
         <instance id="d000.s1459.t000" lemma="estat" pos="NOUN">estat</instance>
         <wf lemma="ha" pos="X">ha</wf>
         <wf lemma="escollit" pos="X">escollit</wf>
         <wf lemma="un" pos="X">un</wf>
         <wf lemma="nou" pos="X">nou</wf>
         <wf lemma="president" pos="X">president</wf>
         <wf lemma="." pos="X">.</wf>
      </sentence>
      <sentence id="d000.s1460" source="wordnet-catalan">
         <instance id="d000.s1460.t000" lemma="mecanisme" pos="NOUN">mecanismes</instance>
         <wf lemma="de" pos="X">de</wf>
         <wf lemma="comunicació" pos="X">comunicació</wf>
         <wf lemma="." pos="X">.</wf>
      </sentence>
      <sentence id="d000.s1461" source="wordnet-catalan">
         <wf lemma="el" pos="X">el</wf>
         <wf lemma="menú" pos="X">menú</wf>
         <wf lemma="inclou" pos="X">inclou</wf>
         <wf lemma="tres" pos="X">tres</wf>
         <instance id="d000.s1461.t000" lemma="plat" pos="NOUN">plats</instance>
         <wf lemma="." pos="X">.</wf>
      </sentence>
      <sentence id="d000.s1462" source="wordnet-catalan">
         <wf lemma="el" pos="X">el</wf>
         <instance id="d000.s1462.t000" lemma="resultat" pos="NOUN">resultat</instance>
         <wf lemma="del" pos="X">del</wf>
         <wf lemma="partit" pos="X">partit</wf>
         <wf lemma="va" pos="X">va</wf>
         <wf lemma="ser" pos="X">ser</wf>
         <wf lemma="cinc" pos="X">cinc</wf>
         <wf lemma="a" pos="X">a</wf>
         <wf lemma="zero" pos="X">zero</wf>
         <wf lemma="." pos="X">.</wf>
      </sentence>
      <sentence id="d000.s1463" source="wordnet-catalan">
         <wf lemma="la" pos="X">la</wf>
         <instance id="d000.s1463.t000" lemma="situació" pos="NOUN">situació</instance>
         <wf lemma="de" pos="X">de</wf>
         <wf lemma="l'" pos="X">l'</wf>
         <wf lemma="edifici" pos="X">edifici</wf>
         <wf lemma="no" pos="X">no</wf>
         <wf lemma="era" pos="X">era</wf>
         <wf lemma="gens" pos="X">gens</wf>
         <wf lemma="cèntrica" pos="X">cèntrica</wf>
         <wf lemma="." pos="X">.</wf>
      </sentence>
      <sentence id="d000.s1464" source="wordnet-catalan">
         <wf lemma="estaven" pos="X">estaven</wf>
         <wf lemma="asseguts" pos="X">asseguts</wf>
         <wf lemma="a" pos="X">a</wf>
         <wf lemma="la" pos="X">la</wf>
         <wf lemma="vora" pos="X">vora</wf>
         <wf lemma="de" pos="X">de</wf>
         <wf lemma="l'" pos="X">l'</wf>
         <instance id="d000.s1464.t000" lemma="aigua" pos="NOUN">aigua</instance>
         <wf lemma="." pos="X">.</wf>
      </sentence>
      <sentence id="d000.s1465" source="wordnet-catalan">
         <wf lemma="la" pos="X">la</wf>
         <wf lemma="veritat" pos="X">veritat</wf>
         <instance id="d000.s1465.t000" lemma="absolut" pos="ADJ">absoluta</instance>
         <wf lemma="." pos="X">.</wf>
      </sentence>
      <sentence id="d000.s1466" source="wordnet-catalan">
         <wf lemma="un" pos="X">un</wf>
         <instance id="d000.s1466.t000" lemma="component" pos="NOUN">component</instance>
         <wf lemma="o" pos="X">o</wf>
         <wf lemma="constituent" pos="X">constituent</wf>
         <wf lemma="essencial" pos="X">essencial</wf>
         <wf lemma="d'" pos="X">d'</wf>
         <wf lemma="un" pos="X">un</wf>
         <wf lemma="sistema" pos="X">sistema</wf>
         <wf lemma="." pos="X">.</wf>
      </sentence>
      <sentence id="d000.s1467" source="wordnet-catalan">
         <wf lemma="la" pos="X">la</wf>
         <wf lemma="desfilada" pos="X">desfilada</wf>
         <wf lemma="va" pos="X">va</wf>
         <wf lemma="començar" pos="X">començar</wf>
         <wf lemma="amb" pos="X">amb</wf>
         <wf lemma="la" pos="X">la</wf>
         <instance id="d000.s1467.t000" lemma="banda" pos="NOUN">banda</instance>
         <wf lemma="militar" pos="X">militar</wf>
         <wf lemma="." pos="X">.</wf>
      </sentence>
      <sentence id="d000.s1468" source="wordnet-catalan">
         <wf lemma="Irlanda" pos="X">Irlanda</wf>
         <wf lemma="és" pos="X">és</wf>
         <wf lemma="el" pos="X">el</wf>
         <instance id="d000.s1468.t000" lemma="país" pos="NOUN">país</instance>
         <wf lemma="verd" pos="X">verd</wf>
         <wf lemma="." pos="X">.</wf>
      </sentence>
      <sentence id="d000.s1469" source="wordnet-catalan">
         <instance id="d000.s1469.t000" lemma="conseller" pos="NOUN">conseller</instance>
         <wf lemma="primer" pos="X">primer</wf>
         <wf lemma="." pos="X">.</wf>
      </sentence>
      <sentence id="d000.s1470" source="wordnet-catalan">
         <wf lemma="Un" pos="X">Un</wf>
         <instance id="d000.s1470.t000" lemma="interès" pos="NOUN">interès</instance>
         <wf lemma="en" pos="X">en</wf>
         <wf lemma="el" pos="X">el</wf>
         <wf lemma="futur" pos="X">futur</wf>
         <wf lemma="de" pos="X">de</wf>
         <wf lemma="l'" pos="X">l'</wf>
         <wf lemma="empresa" pos="X">empresa</wf>
         <wf lemma="." pos="X">.</wf>
      </sentence>
      <sentence id="d000.s1471" source="wordnet-catalan">
         <wf lemma="En" pos="X">En</wf>
         <wf lemma="els" pos="X">els</wf>
         <wf lemma="experiments" pos="X">experiments</wf>
         <wf lemma="es" pos="X">es</wf>
         <wf lemma="pot" pos="X">pot</wf>
         <wf lemma="estudiar" pos="X">estudiar</wf>
         <wf lemma="el" pos="X">el</wf>
         <instance id="d000.s1471.t000" lemma="comportament" pos="NOUN">comportament</instance>
         <wf lemma="de" pos="X">de</wf>
         <wf lemma="les" pos="X">les</wf>
         <wf lemma="partícules" pos="X">partícules</wf>
         <wf lemma="petites" pos="X">petites</wf>
         <wf lemma="." pos="X">.</wf>
      </sentence>
      <sentence id="d000.s1472" source="wordnet-catalan">
         <wf lemma="l'" pos="X">l'</wf>
         <wf lemma="atac" pos="X">atac</wf>
         <wf lemma="va" pos="X">va</wf>
         <wf lemma="destruir" pos="X">destruir</wf>
         <wf lemma="les" pos="X">les</wf>
         <wf lemma="nostres" pos="X">nostres</wf>
         <instance id="d000.s1472.t000" lemma="base" pos="NOUN">bases</instance>
         <wf lemma="més" pos="X">més</wf>
         <wf lemma="avançades" pos="X">avançades</wf>
         <wf lemma="." pos="X">.</wf>
      </sentence>
      <sentence id="d000.s1473" source="wordnet-catalan">
         <wf lemma="els" pos="X">els</wf>
         <wf lemma="homes" pos="X">homes</wf>
         <wf lemma="de" pos="X">de</wf>
         <wf lemma="negocis" pos="X">negocis</wf>
         <wf lemma="han" pos="X">han</wf>
         <wf lemma="d'" pos="X">d'</wf>
         <wf lemma="afrontar" pos="X">afrontar</wf>
         <instance id="d000.s1473.t000" lemma="realitat" pos="NOUN">realitats</instance>
         <wf lemma="molt" pos="X">molt</wf>
         <wf lemma="dures" pos="X">dures</wf>
         <wf lemma="." pos="X">.</wf>
      </sentence>
      <sentence id="d000.s1474" source="wordnet-catalan">
         <wf lemma="Detingut" pos="X">Detingut</wf>
         <wf lemma="un" pos="X">un</wf>
         <instance id="d000.s1474.t000" lemma="fugitiu" pos="NOUN">fugitiu</instance>
         <wf lemma="buscat" pos="X">buscat</wf>
         <wf lemma="per" pos="X">per</wf>
         <wf lemma="homicidi" pos="X">homicidi</wf>
         <wf lemma="." pos="X">.</wf>
      </sentence>
      <sentence id="d000.s1475" source="wordnet-catalan">
         <wf lemma="unes" pos="X">unes</wf>
         <wf lemma="vacances" pos="X">vacances</wf>
         <instance id="d000.s1475.t000" lemma="curt" pos="ADJ">curtes</instance>
         <wf lemma="al" pos="X">al</wf>
         <wf lemma="camp." pos="X">camp.</wf>
      </sentence>
      <sentence id="d000.s1476" source="wordnet-catalan">
         <wf lemma="Els" pos="X">Els</wf>
         <instance id="d000.s1476.t000" lemma="principi" pos="NOUN">principis</instance>
         <wf lemma="de" pos="X">de</wf>
         <wf lemma="la" pos="X">la</wf>
         <wf lemma="democràcia" pos="X">democràcia</wf>
         <wf lemma="." pos="X">.</wf>
      </sentence>
      <sentence id="d000.s1477" source="wordnet-catalan">
         <wf lemma="s'" pos="X">s'</wf>
         <wf lemma="ha" pos="X">ha</wf>
         <wf lemma="de" pos="X">de</wf>
         <wf lemma="tenir" pos="X">tenir</wf>
         <instance id="d000.s1477.t000" lemma="cultura" pos="NOUN">cultura</instance>
         <wf lemma="per" pos="X">per</wf>
         <wf lemma="participar" pos="X">participar</wf>
         <wf lemma="en" pos="X">en</wf>
         <wf lemma="aquest" pos="X">aquest</wf>
         <wf lemma="concurs" pos="X">concurs</wf>
         <wf lemma="." pos="X">.</wf>
      </sentence>
      <sentence id="d000.s1478" source="wordnet-catalan">
         <wf lemma="els" pos="X">els</wf>
         <wf lemma="alts" pos="X">alts</wf>
         <wf lemma="càrrecs" pos="X">càrrecs</wf>
         <wf lemma="de" pos="X">de</wf>
         <wf lemma="l'" pos="X">l'</wf>
         <wf lemma="exercit" pos="X">exercit</wf>
         <wf lemma="van" pos="X">van</wf>
         <wf lemma="planejar" pos="X">planejar</wf>
         <wf lemma="la" pos="X">la</wf>
         <instance id="d000.s1478.t000" lemma="campanya" pos="NOUN">campanya</instance>
         <wf lemma="contra" pos="X">contra</wf>
         <wf lemma="Irak" pos="X">Irak</wf>
         <wf lemma="." pos="X">.</wf>
      </sentence>
      <sentence id="d000.s1479" source="wordnet-catalan">
         <wf lemma="no" pos="X">no</wf>
         <wf lemma="és" pos="X">és</wf>
         <wf lemma="la" pos="X">la</wf>
         <instance id="d000.s1479.t000" lemma="pràctica" pos="NOUN">pràctica</instance>
         <wf lemma="local" pos="X">local</wf>
         <wf lemma="posar-se" pos="X">posar-se</wf>
         <wf lemma="pantalons" pos="X">pantalons</wf>
         <wf lemma="curts" pos="X">curts</wf>
         <wf lemma="per" pos="X">per</wf>
         <wf lemma="sopar" pos="X">sopar</wf>
         <wf lemma="." pos="X">.</wf>
      </sentence>
      <sentence id="d000.s1480" source="wordnet-catalan">
         <wf lemma="no" pos="X">no</wf>
         <wf lemma="es" pos="X">es</wf>
         <wf lemma="necessita" pos="X">necessita</wf>
         <instance id="d000.s1480.t000" lemma="atenció" pos="NOUN">atenció</instance>
         <wf lemma="mèdica" pos="X">mèdica</wf>
         <wf lemma="." pos="X">.</wf>
      </sentence>
      <sentence id="d000.s1481" source="wordnet-catalan">
         <wf lemma="una" pos="X">una</wf>
         <wf lemma="persona" pos="X">persona</wf>
         <wf lemma="de" pos="X">de</wf>
         <instance id="d000.s1481.t000" lemma="prestigi" pos="NOUN">prestigi</instance>
         <wf lemma="." pos="X">.</wf>
      </sentence>
      <sentence id="d000.s1482" source="wordnet-catalan">
         <wf lemma="la" pos="X">la</wf>
         <instance id="d000.s1482.t000" lemma="part" pos="NOUN">part</instance>
         <wf lemma="denunciant" pos="X">denunciant</wf>
         <wf lemma="finalment" pos="X">finalment</wf>
         <wf lemma="no" pos="X">no</wf>
         <wf lemma="es" pos="X">es</wf>
         <wf lemma="va" pos="X">va</wf>
         <wf lemma="presentar" pos="X">presentar</wf>
         <wf lemma="." pos="X">.</wf>
      </sentence>
      <sentence id="d000.s1483" source="wordnet-catalan">
         <wf lemma="va" pos="X">va</wf>
         <wf lemma="fer" pos="X">fer</wf>
         <wf lemma="una" pos="X">una</wf>
         <instance id="d000.s1483.t000" lemma="exhibició" pos="NOUN">exhibició</instance>
         <wf lemma="de" pos="X">de</wf>
         <wf lemma="força" pos="X">força</wf>
         <wf lemma="." pos="X">.</wf>
      </sentence>
      <sentence id="d000.s1484" source="wordnet-catalan">
         <wf lemma="l'" pos="X">l'</wf>
         <wf lemma="actor" pos="X">actor</wf>
         <wf lemma="va" pos="X">va</wf>
         <wf lemma="oblidar" pos="X">oblidar</wf>
         <wf lemma="les" pos="X">les</wf>
         <wf lemma="seves" pos="X">seves</wf>
         <instance id="d000.s1484.t000" lemma="línia" pos="NOUN">línies</instance>
         <wf lemma="." pos="X">.</wf>
      </sentence>
      <sentence id="d000.s1485" source="wordnet-catalan">
         <wf lemma="al" pos="X">al</wf>
         <instance id="d000.s1485.t000" lemma="peu" pos="NOUN">peu</instance>
         <wf lemma="de" pos="X">de</wf>
         <wf lemma="pàgina" pos="X">pàgina</wf>
         <wf lemma="." pos="X">.</wf>
      </sentence>
      <sentence id="d000.s1486" source="wordnet-catalan">
         <wf lemma="l'" pos="X">l'</wf>
         <wf lemma="artista" pos="X">artista</wf>
         <wf lemma="solament" pos="X">solament</wf>
         <wf lemma="podia" pos="X">podia</wf>
         <wf lemma="composar" pos="X">composar</wf>
         <wf lemma="al" pos="X">al</wf>
         <wf lemma="seu" pos="X">seu</wf>
         <instance id="d000.s1486.t000" lemma="estudi" pos="NOUN">estudi</instance>
         <wf lemma="." pos="X">.</wf>
      </sentence>
      <sentence id="d000.s1487" source="wordnet-catalan">
         <wf lemma="El" pos="X">El</wf>
         <wf lemma="primer" pos="X">primer</wf>
         <instance id="d000.s1487.t000" lemma="soviet" pos="NOUN">soviet</instance>
         <wf lemma="van" pos="X">van</wf>
         <wf lemma="ser" pos="X">ser</wf>
         <wf lemma="creat" pos="X">creat</wf>
         <wf lemma="per" pos="X">per</wf>
         <wf lemma="Lev" pos="X">Lev</wf>
         <wf lemma="Trotski" pos="X">Trotski</wf>
         <wf lemma="." pos="X">.</wf>
      </sentence>
      <sentence id="d000.s1488" source="wordnet-catalan">
         <wf lemma="la" pos="X">la</wf>
         <wf lemma="superfície" pos="X">superfície</wf>
         <wf lemma="estava" pos="X">estava</wf>
         <wf lemma="llesta" pos="X">llesta</wf>
         <wf lemma="per" pos="X">per</wf>
         <wf lemma="a" pos="X">a</wf>
         <wf lemma="una" pos="X">una</wf>
         <instance id="d000.s1488.t000" lemma="mà" pos="NOUN">mà</instance>
         <wf lemma="de" pos="X">de</wf>
         <wf lemma="pintura" pos="X">pintura</wf>
         <wf lemma="." pos="X">.</wf>
      </sentence>
      <sentence id="d000.s1489" source="wordnet-catalan">
         <wf lemma="El" pos="X">El</wf>
         <instance id="d000.s1489.t000" lemma="jutge" pos="NOUN">jutge</instance>
         <wf lemma="va" pos="X">va</wf>
         <wf lemma="llegir" pos="X">llegir</wf>
         <wf lemma="la" pos="X">la</wf>
         <wf lemma="sentència" pos="X">sentència</wf>
         <wf lemma="." pos="X">.</wf>
      </sentence>
      <sentence id="d000.s1490" source="wordnet-catalan">
         <wf lemma="van" pos="X">van</wf>
         <wf lemma="estudiar" pos="X">estudiar</wf>
         <wf lemma="tots" pos="X">tots</wf>
         <wf lemma="els" pos="X">els</wf>
         <wf lemma="grans" pos="X">grans</wf>
         <instance id="d000.s1490.t000" lemma="nom" pos="NOUN">noms</instance>
         <wf lemma="de" pos="X">de</wf>
         <wf lemma="la" pos="X">la</wf>
         <wf lemma="història" pos="X">història</wf>
         <wf lemma="del" pos="X">del</wf>
         <wf lemma="seu" pos="X">seu</wf>
         <wf lemma="país" pos="X">país</wf>
         <wf lemma="." pos="X">.</wf>
      </sentence>
      <sentence id="d000.s1491" source="wordnet-catalan">
         <wf lemma="es" pos="X">es</wf>
         <wf lemma="mereixia" pos="X">mereixia</wf>
         <wf lemma="que" pos="X">que</wf>
         <wf lemma="el" pos="X">el</wf>
         <instance id="d000.s1491.t000" lemma="destí" pos="NOUN">destí</instance>
         <wf lemma="la" pos="X">la</wf>
         <wf lemma="tractés" pos="X">tractés</wf>
         <wf lemma="millor" pos="X">millor</wf>
         <wf lemma="." pos="X">.</wf>
      </sentence>
      <sentence id="d000.s1492" source="wordnet-catalan">
         <wf lemma="tenia" pos="X">tenia</wf>
         <instance id="d000.s1492.t000" lemma="pressa" pos="NOUN">pressa</instance>
         <wf lemma="per" pos="X">per</wf>
         <wf lemma="tancar" pos="X">tancar</wf>
         <wf lemma="la" pos="X">la</wf>
         <wf lemma="porta" pos="X">porta</wf>
         <wf lemma="amb" pos="X">amb</wf>
         <wf lemma="clau" pos="X">clau</wf>
         <wf lemma="." pos="X">.</wf>
      </sentence>
      <sentence id="d000.s1493" source="wordnet-catalan">
         <wf lemma="una" pos="X">una</wf>
         <wf lemma="pregunta" pos="X">pregunta</wf>
         <instance id="d000.s1493.t000" lemma="directe" pos="ADJ">directa</instance>
         <wf lemma="." pos="X">.</wf>
      </sentence>
      <sentence id="d000.s1494" source="wordnet-catalan">
         <wf lemma="ell" pos="X">ell</wf>
         <wf lemma="va" pos="X">va</wf>
         <wf lemma="construir" pos="X">construir</wf>
         <wf lemma="la" pos="X">la</wf>
         <wf lemma="casa" pos="X">casa</wf>
         <wf lemma="en" pos="X">en</wf>
         <wf lemma="un" pos="X">un</wf>
         <instance id="d000.s1494.t000" lemma="terreny" pos="NOUN">terreny</instance>
         <wf lemma="llogat" pos="X">llogat</wf>
         <wf lemma="de" pos="X">de</wf>
         <wf lemma="la" pos="X">la</wf>
         <wf lemma="ciutat" pos="X">ciutat</wf>
         <wf lemma="." pos="X">.</wf>
      </sentence>
      <sentence id="d000.s1495" source="wordnet-catalan">
         <wf lemma="vaig" pos="X">vaig</wf>
         <instance id="d000.s1495.t000" lemma="interpretar" pos="VERB">interpretar</instance>
         <wf lemma="un" pos="X">un</wf>
         <wf lemma="paper" pos="X">paper</wf>
         <wf lemma="a" pos="X">a</wf>
         <wf lemma="&quot;" pos="X">&quot;</wf>
         <wf lemma="Conte" pos="X">Conte</wf>
         <wf lemma="de" pos="X">de</wf>
         <wf lemma="Nadal" pos="X">Nadal</wf>
         <wf lemma="&quot;" pos="X">&quot;</wf>
         <wf lemma="." pos="X">.</wf>
      </sentence>
      <sentence id="d000.s1496" source="wordnet-catalan">
         <wf lemma="no" pos="X">no</wf>
         <wf lemma="va" pos="X">va</wf>
         <wf lemma="dir" pos="X">dir</wf>
         <wf lemma="ni" pos="X">ni</wf>
         <wf lemma="una" pos="X">una</wf>
         <instance id="d000.s1496.t000" lemma="paraula" pos="NOUN">paraula</instance>
         <wf lemma="sobre" pos="X">sobre</wf>
         <wf lemma="el" pos="X">el</wf>
         <wf lemma="tema" pos="X">tema</wf>
         <wf lemma="." pos="X">.</wf>
      </sentence>
      <sentence id="d000.s1497" source="wordnet-catalan">
         <wf lemma="abans" pos="X">abans</wf>
         <wf lemma="de" pos="X">de</wf>
         <wf lemma="començar" pos="X">començar</wf>
         <wf lemma="el" pos="X">el</wf>
         <wf lemma="judici" pos="X">judici</wf>
         <wf lemma="van" pos="X">van</wf>
         <wf lemma="llegir" pos="X">llegir</wf>
         <wf lemma="tots" pos="X">tots</wf>
         <wf lemma="els" pos="X">els</wf>
         <instance id="d000.s1497.t000" lemma="càrrec" pos="NOUN">càrrecs</instance>
         <wf lemma="que" pos="X">que</wf>
         <wf lemma="s'" pos="X">s'</wf>
         <wf lemma="imputaven" pos="X">imputaven</wf>
         <wf lemma="a" pos="X">a</wf>
         <wf lemma="l'" pos="X">l'</wf>
         <wf lemma="acusat" pos="X">acusat</wf>
         <wf lemma="." pos="X">.</wf>
      </sentence>
      <sentence id="d000.s1498" source="wordnet-catalan">
         <wf lemma="la" pos="X">la</wf>
         <wf lemma="teva" pos="X">teva</wf>
         <wf lemma="afirmació" pos="X">afirmació</wf>
         <wf lemma="és" pos="X">és</wf>
         <instance id="d000.s1498.t000" lemma="distant" pos="ADJ">distant</instance>
         <wf lemma="de" pos="X">de</wf>
         <wf lemma="la" pos="X">la</wf>
         <wf lemma="realitat" pos="X">realitat</wf>
         <wf lemma="." pos="X">.</wf>
      </sentence>
      <sentence id="d000.s1499" source="wordnet-catalan">
         <wf lemma="era" pos="X">era</wf>
         <wf lemma="la" pos="X">la</wf>
         <instance id="d000.s1499.t000" lemma="bellesa" pos="NOUN">bellesa</instance>
         <wf lemma="del" pos="X">del</wf>
         <wf lemma="ball" pos="X">ball</wf>
         <wf lemma="." pos="X">.</wf>
      </sentence>
      <sentence id="d000.s1500" source="wordnet-catalan">
         <wf lemma="va" pos="X">va</wf>
         <wf lemma="operar" pos="X">operar</wf>
         <wf lemma="una" pos="X">una</wf>
         <instance id="d000.s1500.t000" lemma="bateria" pos="NOUN">bateria</instance>
         <wf lemma="d'" pos="X">d'</wf>
         <wf lemma="interruptors" pos="X">interruptors</wf>
         <wf lemma="." pos="X">.</wf>
      </sentence>
      <sentence id="d000.s1501" source="wordnet-catalan">
         <wf lemma="la" pos="X">la</wf>
         <wf lemma="seva" pos="X">seva</wf>
         <instance id="d000.s1501.t000" lemma="parella" pos="NOUN">parella</instance>
         <wf lemma="el" pos="X">el</wf>
         <wf lemma="va" pos="X">va</wf>
         <wf lemma="fer" pos="X">fer</wf>
         <wf lemma="fora" pos="X">fora</wf>
         <wf lemma="." pos="X">.</wf>
      </sentence>
      <sentence id="d000.s1502" source="wordnet-catalan">
         <wf lemma="eren" pos="X">eren</wf>
         <wf lemma="la" pos="X">la</wf>
         <instance id="d000.s1502.t000" lemma="combinació" pos="NOUN">combinació</instance>
         <wf lemma="pefecta" pos="X">pefecta</wf>
         <wf lemma="." pos="X">.</wf>
      </sentence>
      <sentence id="d000.s1503" source="wordnet-catalan">
         <wf lemma="va" pos="X">va</wf>
         <wf lemma="esciure" pos="X">esciure</wf>
         <wf lemma="un" pos="X">un</wf>
         <wf lemma="llarg" pos="X">llarg</wf>
         <instance id="d000.s1503.t000" lemma="comentari" pos="NOUN">comentari</instance>
         <wf lemma="de" pos="X">de</wf>
         <wf lemma="la" pos="X">la</wf>
         <wf lemma="proposta" pos="X">proposta</wf>
         <wf lemma="." pos="X">.</wf>
      </sentence>
      <sentence id="d000.s1504" source="wordnet-catalan">
         <wf lemma="l'" pos="X">l'</wf>
         <wf lemma="editor" pos="X">editor</wf>
         <wf lemma="va" pos="X">va</wf>
         <wf lemma="afegir" pos="X">afegir</wf>
         <wf lemma="l'" pos="X">l'</wf>
         <instance id="d000.s1504.t000" lemma="argument" pos="NOUN">argument</instance>
         <wf lemma="al" pos="X">al</wf>
         <wf lemma="poema" pos="X">poema</wf>
         <wf lemma="." pos="X">.</wf>
      </sentence>
      <sentence id="d000.s1505" source="wordnet-catalan">
         <wf lemma="les" pos="X">les</wf>
         <instance id="d000.s1505.t000" lemma="resposta" pos="NOUN">respostes</instance>
         <wf lemma="eren" pos="X">eren</wf>
         <wf lemma="al" pos="X">al</wf>
         <wf lemma="final" pos="X">final</wf>
         <wf lemma="del" pos="X">del</wf>
         <wf lemma="llibre" pos="X">llibre</wf>
         <wf lemma="." pos="X">.</wf>
      </sentence>
      <sentence id="d000.s1506" source="wordnet-catalan">
         <wf lemma="La" pos="X">La</wf>
         <wf lemma="cadena" pos="X">cadena</wf>
         <wf lemma="d'" pos="X">d'</wf>
         <wf lemma="òptica" pos="X">òptica</wf>
         <wf lemma="obrirà" pos="X">obrirà</wf>
         <wf lemma="100" pos="X">100</wf>
         <wf lemma="noves" pos="X">noves</wf>
         <wf lemma="botigues" pos="X">botigues</wf>
         <wf lemma="en" pos="X">en</wf>
         <wf lemma="règim" pos="X">règim</wf>
         <wf lemma="de" pos="X">de</wf>
         <instance id="d000.s1506.t000" lemma="franquícia" pos="NOUN">franquícia</instance>
         <wf lemma="." pos="X">.</wf>
      </sentence>
      <sentence id="d000.s1507" source="wordnet-catalan">
         <wf lemma="va" pos="X">va</wf>
         <wf lemma="escalar" pos="X">escalar</wf>
         <wf lemma="el" pos="X">el</wf>
         <instance id="d000.s1507.t000" lemma="pendent" pos="NOUN">pendent</instance>
         <wf lemma="pronunciat" pos="X">pronunciat</wf>
         <wf lemma="." pos="X">.</wf>
      </sentence>
      <sentence id="d000.s1508" source="wordnet-catalan">
         <wf lemma="passà" pos="X">passà</wf>
         <wf lemma="un" pos="X">un</wf>
         <instance id="d000.s1508.t000" lemma="banc" pos="NOUN">banc</instance>
         <wf lemma="de" pos="X">de</wf>
         <wf lemma="petits" pos="X">petits</wf>
         <wf lemma="peixos" pos="X">peixos</wf>
         <wf lemma="brillants" pos="X">brillants</wf>
         <wf lemma="." pos="X">.</wf>
      </sentence>
      <sentence id="d000.s1509" source="wordnet-catalan">
         <wf lemma="un" pos="X">un</wf>
         <wf lemma="centre" pos="X">centre</wf>
         <wf lemma="comercial" pos="X">comercial</wf>
         <wf lemma="li" pos="X">li</wf>
         <wf lemma="donaria" pos="X">donaria</wf>
         <wf lemma="un" pos="X">un</wf>
         <wf lemma="esperit" pos="X">esperit</wf>
         <wf lemma="de" pos="X">de</wf>
         <instance id="d000.s1509.t000" lemma="modernitat" pos="NOUN">modernitat</instance>
         <wf lemma="al" pos="X">al</wf>
         <wf lemma="poble" pos="X">poble</wf>
         <wf lemma="." pos="X">.</wf>
      </sentence>
      <sentence id="d000.s1510" source="wordnet-catalan">
         <wf lemma="una" pos="X">una</wf>
         <wf lemma="reserva" pos="X">reserva</wf>
         <wf lemma="de" pos="X">de</wf>
         <wf lemma="carbó" pos="X">carbó</wf>
         <instance id="d000.s1510.t000" lemma="inesgotable" pos="ADJ">inesgotable</instance>
         <wf lemma="." pos="X">.</wf>
      </sentence>
      <sentence id="d000.s1511" source="wordnet-catalan">
         <wf lemma="aquest" pos="X">aquest</wf>
         <wf lemma="any" pos="X">any</wf>
         <wf lemma="hi" pos="X">hi</wf>
         <wf lemma="ha" pos="X">ha</wf>
         <wf lemma="hagut" pos="X">hagut</wf>
         <wf lemma="un" pos="X">un</wf>
         <instance id="d000.s1511.t000" lemma="augment" pos="NOUN">augment</instance>
         <wf lemma="en" pos="X">en</wf>
         <wf lemma="les" pos="X">les</wf>
         <wf lemma="taxes" pos="X">taxes</wf>
         <wf lemma="de" pos="X">de</wf>
         <wf lemma="propietat" pos="X">propietat</wf>
         <wf lemma="." pos="X">.</wf>
      </sentence>
      <sentence id="d000.s1512" source="wordnet-catalan">
         <wf lemma="la" pos="X">la</wf>
         <instance id="d000.s1512.t000" lemma="cara" pos="NOUN">cara</instance>
         <wf lemma="de" pos="X">de</wf>
         <wf lemma="la" pos="X">la</wf>
         <wf lemma="ciutat" pos="X">ciutat</wf>
         <wf lemma="està" pos="X">està</wf>
         <wf lemma="canviant" pos="X">canviant</wf>
         <wf lemma="." pos="X">.</wf>
      </sentence>
      <sentence id="d000.s1513" source="wordnet-catalan">
         <wf lemma="es" pos="X">es</wf>
         <wf lemma="va" pos="X">va</wf>
         <wf lemma="realitzar" pos="X">realitzar</wf>
         <wf lemma="un" pos="X">un</wf>
         <wf lemma="estudi" pos="X">estudi</wf>
         <wf lemma="de" pos="X">de</wf>
         <instance id="d000.s1513.t000" lemma="mercat" pos="NOUN">mercat</instance>
         <wf lemma="per" pos="X">per</wf>
         <wf lemma="valorar" pos="X">valorar</wf>
         <wf lemma="la" pos="X">la</wf>
         <wf lemma="possible" pos="X">possible</wf>
         <wf lemma="demanda" pos="X">demanda</wf>
         <wf lemma="." pos="X">.</wf>
      </sentence>
      <sentence id="d000.s1514" source="wordnet-catalan">
         <wf lemma="en" pos="X">en</wf>
         <wf lemma="els" pos="X">els</wf>
         <wf lemma="darrers" pos="X">darrers</wf>
         <wf lemma="anys" pos="X">anys</wf>
         <wf lemma="les" pos="X">les</wf>
         <instance id="d000.s1514.t000" lemma="dona" pos="NOUN">dones</instance>
         <wf lemma="han" pos="X">han</wf>
         <wf lemma="guanyat" pos="X">guanyat</wf>
         <wf lemma="llibertats" pos="X">llibertats</wf>
         <wf lemma="." pos="X">.</wf>
      </sentence>
      <sentence id="d000.s1515" source="wordnet-catalan">
         <wf lemma="l'" pos="X">l'</wf>
         <wf lemma="àmplia" pos="X">àmplia</wf>
         <instance id="d000.s1515.t000" lemma="àrea" pos="NOUN">àrea</instance>
         <wf lemma="de" pos="X">de</wf>
         <wf lemma="cuina" pos="X">cuina</wf>
         <wf lemma="proporcionava" pos="X">proporcionava</wf>
         <wf lemma="molt" pos="X">molt</wf>
         <wf lemma="d'" pos="X">d'</wf>
         <wf lemma="espai" pos="X">espai</wf>
         <wf lemma="al" pos="X">al</wf>
         <wf lemma="servei" pos="X">servei</wf>
         <wf lemma="." pos="X">.</wf>
      </sentence>
      <sentence id="d000.s1516" source="wordnet-catalan">
         <wf lemma="tenia" pos="X">tenia</wf>
         <wf lemma="afectat" pos="X">afectat</wf>
         <wf lemma="el" pos="X">el</wf>
         <wf lemma="temps" pos="X">temps</wf>
         <wf lemma="i" pos="X">i</wf>
         <wf lemma="el" pos="X">el</wf>
         <instance id="d000.s1516.t000" lemma="control" pos="NOUN">control</instance>
         <wf lemma="dels" pos="X">dels</wf>
         <wf lemma="moviments" pos="X">moviments</wf>
         <wf lemma="." pos="X">.</wf>
      </sentence>
      <sentence id="d000.s1517" source="wordnet-catalan">
         <wf lemma="esperaven" pos="X">esperaven</wf>
         <wf lemma="evitar" pos="X">evitar</wf>
         <wf lemma="un" pos="X">un</wf>
         <instance id="d000.s1517.t000" lemma="trencament" pos="NOUN">trencament</instance>
         <wf lemma="de" pos="X">de</wf>
         <wf lemma="les" pos="X">les</wf>
         <wf lemma="relacions" pos="X">relacions</wf>
         <wf lemma="." pos="X">.</wf>
      </sentence>
      <sentence id="d000.s1518" source="wordnet-catalan">
         <wf lemma="Va" pos="X">Va</wf>
         <wf lemma="donar" pos="X">donar</wf>
         <wf lemma="exemples" pos="X">exemples</wf>
         <instance id="d000.s1518.t000" lemma="aplicable" pos="ADJ">aplicables</instance>
         <wf lemma="per" pos="X">per</wf>
         <wf lemma="donar" pos="X">donar</wf>
         <wf lemma="suport" pos="X">suport</wf>
         <wf lemma="el" pos="X">el</wf>
         <wf lemma="seu" pos="X">seu</wf>
         <wf lemma="argument" pos="X">argument</wf>
         <wf lemma="." pos="X">.</wf>
      </sentence>
      <sentence id="d000.s1519" source="wordnet-catalan">
         <wf lemma="Està" pos="X">Està</wf>
         <wf lemma="en" pos="X">en</wf>
         <wf lemma="la" pos="X">la</wf>
         <instance id="d000.s1519.t000" lemma="custòdia" pos="NOUN">custòdia</instance>
         <wf lemma="de" pos="X">de</wf>
         <wf lemma="la" pos="X">la</wf>
         <wf lemma="policia" pos="X">policia</wf>
         <wf lemma="." pos="X">.</wf>
      </sentence>
      <sentence id="d000.s1520" source="wordnet-catalan">
         <wf lemma="va" pos="X">va</wf>
         <wf lemma="determinar" pos="X">determinar</wf>
         <wf lemma="un" pos="X">un</wf>
         <instance id="d000.s1520.t000" lemma="mecanisme" pos="NOUN">mecanisme</instance>
         <wf lemma="per" pos="X">per</wf>
         <wf lemma="a" pos="X">a</wf>
         <wf lemma="les" pos="X">les</wf>
         <wf lemma="reaccions" pos="X">reaccions</wf>
         <wf lemma="fotoquímiques" pos="X">fotoquímiques</wf>
         <wf lemma="." pos="X">.</wf>
      </sentence>
      <sentence id="d000.s1521" source="wordnet-catalan">
         <wf lemma="van" pos="X">van</wf>
         <wf lemma="llançar" pos="X">llançar</wf>
         <wf lemma="un" pos="X">un</wf>
         <wf lemma="coet" pos="X">coet</wf>
         <wf lemma="a" pos="X">a</wf>
         <wf lemma="l'" pos="X">l'</wf>
         <instance id="d000.s1521.t000" lemma="espai" pos="NOUN">espai</instance>
         <wf lemma="." pos="X">.</wf>
      </sentence>
      <sentence id="d000.s1522" source="wordnet-catalan">
         <wf lemma="el" pos="X">el</wf>
         <wf lemma="programa" pos="X">programa</wf>
         <wf lemma="no" pos="X">no</wf>
         <wf lemma="tenia" pos="X">tenia</wf>
         <instance id="d000.s1522.t000" lemma="pausa" pos="NOUN">pauses</instance>
         <wf lemma="publicitàries" pos="X">publicitàries</wf>
         <wf lemma="." pos="X">.</wf>
      </sentence>
      <sentence id="d000.s1523" source="wordnet-catalan">
         <wf lemma="una" pos="X">una</wf>
         <instance id="d000.s1523.t000" lemma="versió" pos="NOUN">versió</instance>
         <wf lemma="experimental" pos="X">experimental</wf>
         <wf lemma="de" pos="X">de</wf>
         <wf lemma="l'" pos="X">l'</wf>
         <wf lemma="obra" pos="X">obra</wf>
         <wf lemma="." pos="X">.</wf>
      </sentence>
      <sentence id="d000.s1524" source="wordnet-catalan">
         <wf lemma="el" pos="X">el</wf>
         <instance id="d000.s1524.t000" lemma="cant" pos="NOUN">cant</instance>
         <wf lemma="del" pos="X">del</wf>
         <wf lemma="vent" pos="X">vent</wf>
         <wf lemma="." pos="X">.</wf>
      </sentence>
      <sentence id="d000.s1525" source="wordnet-catalan">
         <wf lemma="la" pos="X">la</wf>
         <instance id="d000.s1525.t000" lemma="totalitat" pos="NOUN">totalitat</instance>
         <wf lemma="de" pos="X">de</wf>
         <wf lemma="l'" pos="X">l'</wf>
         <wf lemma="estat" pos="X">estat</wf>
         <wf lemma="que" pos="X">que</wf>
         <wf lemma="tot" pos="X">tot</wf>
         <wf lemma="ho" pos="X">ho</wf>
         <wf lemma="abraça" pos="X">abraça</wf>
         <wf lemma="." pos="X">.</wf>
      </sentence>
      <sentence id="d000.s1526" source="wordnet-catalan">
         <instance id="d000.s1526.t000" lemma="projecte" pos="NOUN">projecte</instance>
         <wf lemma="final" pos="X">final</wf>
         <wf lemma="de" pos="X">de</wf>
         <wf lemma="carrera" pos="X">carrera</wf>
         <wf lemma="." pos="X">.</wf>
      </sentence>
      <sentence id="d000.s1527" source="wordnet-catalan">
         <wf lemma="Li" pos="X">Li</wf>
         <wf lemma="van" pos="X">van</wf>
         <wf lemma="donar" pos="X">donar</wf>
         <wf lemma="un" pos="X">un</wf>
         <instance id="d000.s1527.t000" lemma="augment" pos="NOUN">augment</instance>
         <wf lemma="de" pos="X">de</wf>
         <wf lemma="sou" pos="X">sou</wf>
         <wf lemma="." pos="X">.</wf>
      </sentence>
      <sentence id="d000.s1528" source="wordnet-catalan">
         <wf lemma="necessitem" pos="X">necessitem</wf>
         <wf lemma="més" pos="X">més</wf>
         <instance id="d000.s1528.t000" lemma="sang" pos="NOUN">sang</instance>
         <wf lemma="jove" pos="X">jove</wf>
         <wf lemma="en" pos="X">en</wf>
         <wf lemma="aquesta" pos="X">aquesta</wf>
         <wf lemma="organització" pos="X">organització</wf>
         <wf lemma="." pos="X">.</wf>
      </sentence>
      <sentence id="d000.s1529" source="wordnet-catalan">
         <wf lemma="l'" pos="X">l'</wf>
         <instance id="d000.s1529.t000" lemma="estat" pos="NOUN">estat</instance>
         <wf lemma="d'" pos="X">d'</wf>
         <wf lemma="Alaska" pos="X">Alaska</wf>
         <wf lemma="és" pos="X">és</wf>
         <wf lemma="el" pos="X">el</wf>
         <wf lemma="més" pos="X">més</wf>
         <wf lemma="fred" pos="X">fred</wf>
         <wf lemma="d'" pos="X">d'</wf>
         <wf lemma="Estats" pos="X">Estats</wf>
         <wf lemma="Units" pos="X">Units</wf>
         <wf lemma="." pos="X">.</wf>
      </sentence>
      <sentence id="d000.s1530" source="wordnet-catalan">
         <wf lemma="La" pos="X">La</wf>
         <wf lemma="crisi" pos="X">crisi</wf>
         <wf lemma="ha" pos="X">ha</wf>
         <wf lemma="demostrat" pos="X">demostrat</wf>
         <wf lemma="que" pos="X">que</wf>
         <wf lemma="els" pos="X">els</wf>
         <wf lemma="temps" pos="X">temps</wf>
         <wf lemma="estan" pos="X">estan</wf>
         <wf lemma="madurs" pos="X">madurs</wf>
         <wf lemma="per" pos="X">per</wf>
         <wf lemma="transformar" pos="X">transformar</wf>
         <wf lemma="la" pos="X">la</wf>
         <wf lemma="unió" pos="X">unió</wf>
         <wf lemma="en" pos="X">en</wf>
         <wf lemma="una" pos="X">una</wf>
         <instance id="d000.s1530.t000" lemma="federació" pos="NOUN">federació</instance>
         <wf lemma="política" pos="X">política</wf>
         <wf lemma="." pos="X">.</wf>
      </sentence>
      <sentence id="d000.s1531" source="wordnet-catalan">
         <wf lemma="esperaven" pos="X">esperaven</wf>
         <wf lemma="la" pos="X">la</wf>
         <wf lemma="seva" pos="X">seva</wf>
         <instance id="d000.s1531.t000" lemma="arribada" pos="NOUN">arribada</instance>
         <wf lemma="." pos="X">.</wf>
      </sentence>
      <sentence id="d000.s1532" source="wordnet-catalan">
         <wf lemma="intentà" pos="X">intentà</wf>
         <wf lemma="donar" pos="X">donar</wf>
         <wf lemma="a" pos="X">a</wf>
         <wf lemma="les" pos="X">les</wf>
         <wf lemma="seves" pos="X">seves</wf>
         <wf lemma="accions" pos="X">accions</wf>
         <wf lemma="una" pos="X">una</wf>
         <instance id="d000.s1532.t000" lemma="aparença" pos="NOUN">aparença</instance>
         <wf lemma="d'" pos="X">d'</wf>
         <wf lemma="autenticitat" pos="X">autenticitat</wf>
         <wf lemma="." pos="X">.</wf>
      </sentence>
      <sentence id="d000.s1533" source="wordnet-catalan">
         <wf lemma="l'" pos="X">l'</wf>
         <wf lemma="operació" pos="X">operació</wf>
         <wf lemma="de" pos="X">de</wf>
         <wf lemma="salvament" pos="X">salvament</wf>
         <wf lemma="requeria" pos="X">requeria</wf>
         <wf lemma="un" pos="X">un</wf>
         <instance id="d000.s1533.t000" lemma="equip" pos="NOUN">equip</instance>
         <wf lemma="de" pos="X">de</wf>
         <wf lemma="tecnologia" pos="X">tecnologia</wf>
         <wf lemma="avançat" pos="X">avançat</wf>
         <wf lemma="." pos="X">.</wf>
      </sentence>
      <sentence id="d000.s1534" source="wordnet-catalan">
         <wf lemma="van" pos="X">van</wf>
         <wf lemma="comprar" pos="X">comprar</wf>
         <wf lemma="una" pos="X">una</wf>
         <instance id="d000.s1534.t000" lemma="casa" pos="NOUN">casa</instance>
         <wf lemma="amb" pos="X">amb</wf>
         <wf lemma="piscina" pos="X">piscina</wf>
         <wf lemma="per" pos="X">per</wf>
         <wf lemma="a" pos="X">a</wf>
         <wf lemma="l'" pos="X">l'</wf>
         <wf lemma="estiu" pos="X">estiu</wf>
         <wf lemma="." pos="X">.</wf>
      </sentence>
      <sentence id="d000.s1535" source="wordnet-catalan">
         <wf lemma="enmig" pos="X">enmig</wf>
         <wf lemma="d'" pos="X">d'</wf>
         <wf lemma="una" pos="X">una</wf>
         <wf lemma="gran" pos="X">gran</wf>
         <wf lemma="confusió" pos="X">confusió</wf>
         <wf lemma="per" pos="X">per</wf>
         <wf lemma="possible" pos="X">possible</wf>
         <instance id="d000.s1535.t000" lemma="frau" pos="NOUN">frau</instance>
         <wf lemma="electoral" pos="X">electoral</wf>
         <wf lemma="." pos="X">.</wf>
      </sentence>
      <sentence id="d000.s1536" source="wordnet-catalan">
         <wf lemma="l'" pos="X">l'</wf>
         <wf lemma="anunci" pos="X">anunci</wf>
         <wf lemma="va" pos="X">va</wf>
         <wf lemma="causar" pos="X">causar</wf>
         <instance id="d000.s1536.t000" lemma="sensació" pos="NOUN">sensació</instance>
         <wf lemma="." pos="X">.</wf>
      </sentence>
      <sentence id="d000.s1537" source="wordnet-catalan">
         <instance id="d000.s1537.t000" lemma="activitat" pos="NOUN">activitat</instance>
         <wf lemma="nuclear" pos="X">nuclear</wf>
         <wf lemma="." pos="X">.</wf>
      </sentence>
      <sentence id="d000.s1538" source="wordnet-catalan">
         <wf lemma="totes" pos="X">totes</wf>
         <wf lemma="les" pos="X">les</wf>
         <wf lemma="seves" pos="X">seves</wf>
         <instance id="d000.s1538.t000" lemma="exemple" pos="NOUN">ex</instance>
         <wf lemma="viuen" pos="X">viuen</wf>
         <wf lemma="a" pos="X">a</wf>
         <wf lemma="Madrid" pos="X">Madrid</wf>
         <wf lemma="." pos="X">.</wf>
      </sentence>
      <sentence id="d000.s1539" source="wordnet-catalan">
         <wf lemma="el" pos="X">el</wf>
         <wf lemma="paper" pos="X">paper</wf>
         <wf lemma="tornassol" pos="X">tornassol</wf>
         <wf lemma="es" pos="X">es</wf>
         <wf lemma="torna" pos="X">torna</wf>
         <wf lemma="vermell" pos="X">vermell</wf>
         <wf lemma="en" pos="X">en</wf>
         <instance id="d000.s1539.t000" lemma="contacte" pos="NOUN">contacte</instance>
         <wf lemma="amb" pos="X">amb</wf>
         <wf lemma="l'" pos="X">l'</wf>
         <wf lemma="àcid" pos="X">àcid</wf>
         <wf lemma="." pos="X">.</wf>
      </sentence>
      <sentence id="d000.s1540" source="wordnet-catalan">
         <wf lemma="el" pos="X">el</wf>
         <instance id="d000.s1540.t000" lemma="govern" pos="NOUN">govern</instance>
         <wf lemma="de" pos="X">de</wf>
         <wf lemma="la" pos="X">la</wf>
         <wf lemma="República" pos="X">República</wf>
         <wf lemma="va" pos="X">va</wf>
         <wf lemma="ser" pos="X">ser</wf>
         <wf lemma="molt" pos="X">molt</wf>
         <wf lemma="curt" pos="X">curt</wf>
         <wf lemma="." pos="X">.</wf>
      </sentence>
      <sentence id="d000.s1541" source="wordnet-catalan">
         <wf lemma="els" pos="X">els</wf>
         <instance id="d000.s1541.t000" lemma="deure" pos="NOUN">deures</instance>
         <wf lemma="de" pos="X">de</wf>
         <wf lemma="la" pos="X">la</wf>
         <wf lemma="seva" pos="X">seva</wf>
         <wf lemma="feina" pos="X">feina</wf>
         <wf lemma="." pos="X">.</wf>
      </sentence>
      <sentence id="d000.s1542" source="wordnet-catalan">
         <wf lemma="processament" pos="X">processament</wf>
         <instance id="d000.s1542.t000" lemma="temporal" pos="ADJ">temporal</instance>
         <wf lemma="." pos="X">.</wf>
      </sentence>
      <sentence id="d000.s1543" source="wordnet-catalan">
         <wf lemma="Arrestat" pos="X">Arrestat</wf>
         <wf lemma="un" pos="X">un</wf>
         <instance id="d000.s1543.t000" lemma="estafador" pos="NOUN">estafador</instance>
         <wf lemma="que" pos="X">que</wf>
         <wf lemma="es" pos="X">es</wf>
         <wf lemma="feia" pos="X">feia</wf>
         <wf lemma="passar" pos="X">passar</wf>
         <wf lemma="per" pos="X">per</wf>
         <wf lemma="policia" pos="X">policia</wf>
         <wf lemma="." pos="X">.</wf>
      </sentence>
      <sentence id="d000.s1544" source="wordnet-catalan">
         <wf lemma="El" pos="X">El</wf>
         <wf lemma="Tribunal" pos="X">Tribunal</wf>
         <wf lemma="de" pos="X">de</wf>
         <wf lemma="l'" pos="X">l'</wf>
         <wf lemma="Haia" pos="X">Haia</wf>
         <wf lemma="ordena" pos="X">ordena</wf>
         <wf lemma="la" pos="X">la</wf>
         <instance id="d000.s1544.t000" lemma="captura" pos="NOUN">captura</instance>
         <wf lemma="del" pos="X">del</wf>
         <wf lemma="dictador" pos="X">dictador</wf>
         <wf lemma="." pos="X">.</wf>
      </sentence>
      <sentence id="d000.s1545" source="wordnet-catalan">
         <wf lemma="es" pos="X">es</wf>
         <wf lemma="va" pos="X">va</wf>
         <wf lemma="habilitar" pos="X">habilitar</wf>
         <wf lemma="un" pos="X">un</wf>
         <instance id="d000.s1545.t000" lemma="espai" pos="NOUN">espai</instance>
         <wf lemma="per" pos="X">per</wf>
         <wf lemma="als" pos="X">als</wf>
         <wf lemma="fumadors" pos="X">fumadors</wf>
         <wf lemma="." pos="X">.</wf>
      </sentence>
      <sentence id="d000.s1546" source="wordnet-catalan">
         <wf lemma="Va" pos="X">Va</wf>
         <wf lemma="donar" pos="X">donar</wf>
         <wf lemma="un" pos="X">un</wf>
         <wf lemma="consell" pos="X">consell</wf>
         <instance id="d000.s1546.t000" lemma="precautori" pos="ADJ">precautori</instance>
         <wf lemma="." pos="X">.</wf>
      </sentence>
      <sentence id="d000.s1547" source="wordnet-catalan">
         <wf lemma="la" pos="X">la</wf>
         <instance id="d000.s1547.t000" lemma="norma" pos="NOUN">norma</instance>
         <wf lemma="és" pos="X">és</wf>
         <wf lemma="que" pos="X">que</wf>
         <wf lemma="la" pos="X">la</wf>
         <wf lemma="classe" pos="X">classe</wf>
         <wf lemma="mitja" pos="X">mitja</wf>
         <wf lemma="tingui" pos="X">tingui</wf>
         <wf lemma="dos" pos="X">dos</wf>
         <wf lemma="fills" pos="X">fills</wf>
         <wf lemma="per" pos="X">per</wf>
         <wf lemma="família" pos="X">família</wf>
         <wf lemma="." pos="X">.</wf>
      </sentence>
      <sentence id="d000.s1548" source="wordnet-catalan">
         <wf lemma="la" pos="X">la</wf>
         <instance id="d000.s1548.t000" lemma="pilota" pos="NOUN">pilota</instance>
         <wf lemma="anava" pos="X">anava</wf>
         <wf lemma="a" pos="X">a</wf>
         <wf lemma="150" pos="X">150</wf>
         <wf lemma="quilòmetres" pos="X">quilòmetres</wf>
         <wf lemma="per" pos="X">per</wf>
         <wf lemma="hora" pos="X">hora</wf>
         <wf lemma="en" pos="X">en</wf>
         <wf lemma="el" pos="X">el</wf>
         <wf lemma="servei" pos="X">servei</wf>
         <wf lemma="." pos="X">.</wf>
      </sentence>
      <sentence id="d000.s1549" source="wordnet-catalan">
         <wf lemma="M'" pos="X">M'</wf>
         <wf lemma="he" pos="X">he</wf>
         <wf lemma="quedat" pos="X">quedat</wf>
         <wf lemma="mirant" pos="X">mirant</wf>
         <wf lemma="el" pos="X">el</wf>
         <instance id="d000.s1549.t000" lemma="reflex" pos="NOUN">reflex</instance>
         <wf lemma="tremolós" pos="X">tremolós</wf>
         <wf lemma="de" pos="X">de</wf>
         <wf lemma="la" pos="X">la</wf>
         <wf lemma="lluna" pos="X">lluna</wf>
         <wf lemma="." pos="X">.</wf>
      </sentence>
      <sentence id="d000.s1550" source="wordnet-catalan">
         <wf lemma="El" pos="X">El</wf>
         <wf lemma="sospitós" pos="X">sospitós</wf>
         <wf lemma="era" pos="X">era</wf>
         <instance id="d000.s1550.t000" lemma="denunciable" pos="ADJ">denunciable</instance>
         <wf lemma="." pos="X">.</wf>
      </sentence>
      <sentence id="d000.s1551" source="wordnet-catalan">
         <wf lemma="pluja" pos="X">pluja</wf>
         <wf lemma="al" pos="X">al</wf>
         <instance id="d000.s1551.t000" lemma="mig" pos="NOUN">mig</instance>
         <wf lemma="d'" pos="X">d'</wf>
         <wf lemma="abril" pos="X">abril</wf>
         <wf lemma="." pos="X">.</wf>
      </sentence>
      <sentence id="d000.s1552" source="wordnet-catalan">
         <wf lemma="os" pos="X">os</wf>
         <instance id="d000.s1552.t000" lemma="temporal" pos="ADJ">temporal</instance>
         <wf lemma="." pos="X">.</wf>
      </sentence>
      <sentence id="d000.s1553" source="wordnet-catalan">
         <wf lemma="empremtes" pos="X">empremtes</wf>
         <wf lemma="digitals" pos="X">digitals</wf>
         <instance id="d000.s1553.t000" lemma="definit" pos="ADJ">definides</instance>
         <wf lemma="." pos="X">.</wf>
      </sentence>
      <sentence id="d000.s1554" source="wordnet-catalan">
         <wf lemma="un" pos="X">un</wf>
         <wf lemma="nen" pos="X">nen</wf>
         <instance id="d000.s1554.t000" lemma="preciós" pos="ADJ">preciós</instance>
         <wf lemma="." pos="X">.</wf>
      </sentence>
      <sentence id="d000.s1555" source="wordnet-catalan">
         <wf lemma="Els" pos="X">Els</wf>
         <wf lemma="límits" pos="X">límits</wf>
         <instance id="d000.s1555.t000" lemma="jurisdiccional" pos="ADJ">jurisdiccionals</instance>
         <wf lemma="d'" pos="X">d'</wf>
         <wf lemma="un" pos="X">un</wf>
         <wf lemma="Estat" pos="X">Estat</wf>
         <wf lemma="." pos="X">.</wf>
      </sentence>
      <sentence id="d000.s1556" source="wordnet-catalan">
         <wf lemma="la" pos="X">la</wf>
         <instance id="d000.s1556.t000" lemma="reunió" pos="NOUN">reunió</instance>
         <wf lemma="amb" pos="X">amb</wf>
         <wf lemma="els" pos="X">els</wf>
         <wf lemma="socis" pos="X">socis</wf>
         <wf lemma="va" pos="X">va</wf>
         <wf lemma="ser" pos="X">ser</wf>
         <wf lemma="molt" pos="X">molt</wf>
         <wf lemma="productiva" pos="X">productiva</wf>
         <wf lemma="." pos="X">.</wf>
      </sentence>
      <sentence id="d000.s1557" source="wordnet-catalan">
         <wf lemma="l'" pos="X">l'</wf>
         <instance id="d000.s1557.t000" lemma="obra" pos="NOUN">obra</instance>
         <wf lemma="de" pos="X">de</wf>
         <wf lemma="Salvador" pos="X">Salvador</wf>
         <wf lemma="Espriu" pos="X">Espriu</wf>
         <wf lemma="." pos="X">.</wf>
      </sentence>
      <sentence id="d000.s1558" source="wordnet-catalan">
         <wf lemma="les" pos="X">les</wf>
         <instance id="d000.s1558.t000" lemma="tasca" pos="NOUN">tasques</instance>
         <wf lemma="del" pos="X">del</wf>
         <wf lemma="matí" pos="X">matí</wf>
         <wf lemma="del" pos="X">del</wf>
         <wf lemma="pagès" pos="X">pagès</wf>
         <wf lemma="." pos="X">.</wf>
      </sentence>
      <sentence id="d000.s1559" source="wordnet-catalan">
         <wf lemma="la" pos="X">la</wf>
         <wf lemma="batalla" pos="X">batalla</wf>
         <wf lemma="va" pos="X">va</wf>
         <wf lemma="començar" pos="X">començar</wf>
         <wf lemma="amb" pos="X">amb</wf>
         <wf lemma="una" pos="X">una</wf>
         <instance id="d000.s1559.t000" lemma="càrrega" pos="NOUN">càrrega</instance>
         <wf lemma="de" pos="X">de</wf>
         <wf lemma="cavalleria" pos="X">cavalleria</wf>
         <wf lemma="." pos="X">.</wf>
      </sentence>
      <sentence id="d000.s1560" source="wordnet-catalan">
         <wf lemma="Gràcies" pos="X">Gràcies</wf>
         <wf lemma="a" pos="X">a</wf>
         <wf lemma="la" pos="X">la</wf>
         <instance id="d000.s1560.t000" lemma="representació" pos="NOUN">representació</instance>
         <wf lemma="," pos="X">,</wf>
         <wf lemma="les" pos="X">les</wf>
         <wf lemma="lleis" pos="X">lleis</wf>
         <wf lemma="expressen" pos="X">expressen</wf>
         <wf lemma="la" pos="X">la</wf>
         <wf lemma="voluntat" pos="X">voluntat</wf>
         <wf lemma="de" pos="X">de</wf>
         <wf lemma="tots" pos="X">tots</wf>
         <wf lemma="." pos="X">.</wf>
      </sentence>
      <sentence id="d000.s1561" source="wordnet-catalan">
         <wf lemma="el" pos="X">el</wf>
         <wf lemma="luxe" pos="X">luxe</wf>
         <wf lemma="i" pos="X">i</wf>
         <wf lemma="la" pos="X">la</wf>
         <instance id="d000.s1561.t000" lemma="corrupció" pos="NOUN">corrupció</instance>
         <wf lemma="entre" pos="X">entre</wf>
         <wf lemma="les" pos="X">les</wf>
         <wf lemma="classes" pos="X">classes</wf>
         <wf lemma="altes" pos="X">altes</wf>
         <wf lemma="." pos="X">.</wf>
      </sentence>
      <sentence id="d000.s1562" source="wordnet-catalan">
         <wf lemma="la" pos="X">la</wf>
         <wf lemma="guerra" pos="X">guerra</wf>
         <wf lemma="dels" pos="X">dels</wf>
         <instance id="d000.s1562.t000" lemma="sexe" pos="NOUN">sexes</instance>
         <wf lemma="." pos="X">.</wf>
      </sentence>
      <sentence id="d000.s1563" source="wordnet-catalan">
         <wf lemma="va" pos="X">va</wf>
         <wf lemma="tenir" pos="X">tenir</wf>
         <wf lemma="una" pos="X">una</wf>
         <instance id="d000.s1563.t000" lemma="visió" pos="NOUN">visió</instance>
         <wf lemma="de" pos="X">de</wf>
         <wf lemma="la" pos="X">la</wf>
         <wf lemma="Verge" pos="X">Verge</wf>
         <wf lemma="Maria" pos="X">Maria</wf>
         <wf lemma="." pos="X">.</wf>
      </sentence>
      <sentence id="d000.s1564" source="wordnet-catalan">
         <wf lemma="el" pos="X">el</wf>
         <wf lemma="nen" pos="X">nen</wf>
         <wf lemma="havia" pos="X">havia</wf>
         <wf lemma="de" pos="X">de</wf>
         <wf lemma="fer" pos="X">fer</wf>
         <instance id="d000.s1564.t000" lemma="pipí" pos="NOUN">pipí</instance>
         <wf lemma="." pos="X">.</wf>
      </sentence>
      <sentence id="d000.s1565" source="wordnet-catalan">
         <wf lemma="És" pos="X">És</wf>
         <wf lemma="general" pos="X">general</wf>
         <wf lemma="de" pos="X">de</wf>
         <wf lemma="la" pos="X">la</wf>
         <instance id="d000.s1565.t000" lemma="divisió" pos="NOUN">divisió</instance>
         <wf lemma="naval" pos="X">naval</wf>
         <wf lemma="." pos="X">.</wf>
      </sentence>
      <sentence id="d000.s1566" source="wordnet-catalan">
         <instance id="d000.s1566.t000" lemma="zona" pos="NOUN">zona</instance>
         <wf lemma="verda" pos="X">verda</wf>
         <wf lemma="." pos="X">.</wf>
      </sentence>
      <sentence id="d000.s1567" source="wordnet-catalan">
         <wf lemma="l'" pos="X">l'</wf>
         <instance id="d000.s1567.t000" lemma="entrenador" pos="NOUN">entrenador</instance>
         <wf lemma="va" pos="X">va</wf>
         <wf lemma="fer" pos="X">fer</wf>
         <wf lemma="córrer" pos="X">córrer</wf>
         <wf lemma="als" pos="X">als</wf>
         <wf lemma="jugadors" pos="X">jugadors</wf>
         <wf lemma="tres" pos="X">tres</wf>
         <wf lemma="voltes" pos="X">voltes</wf>
         <wf lemma="al" pos="X">al</wf>
         <wf lemma="camp." pos="X">camp.</wf>
      </sentence>
      <sentence id="d000.s1568" source="wordnet-catalan">
         <wf lemma="el" pos="X">el</wf>
         <wf lemma="trànsit" pos="X">trànsit</wf>
         <wf lemma="de" pos="X">de</wf>
         <wf lemma="Barcelona" pos="X">Barcelona</wf>
         <wf lemma="és" pos="X">és</wf>
         <wf lemma="un" pos="X">un</wf>
         <instance id="d000.s1568.t000" lemma="maldecap" pos="NOUN">maldecap</instance>
         <wf lemma="." pos="X">.</wf>
      </sentence>
      <sentence id="d000.s1569" source="wordnet-catalan">
         <wf lemma="el" pos="X">el</wf>
         <wf lemma="tresor" pos="X">tresor</wf>
         <wf lemma="és" pos="X">és</wf>
         <wf lemma="a" pos="X">a</wf>
         <wf lemma="2" pos="X">2</wf>
         <wf lemma="minuts" pos="X">minuts</wf>
         <wf lemma="i" pos="X">i</wf>
         <wf lemma="45" pos="X">45</wf>
         <instance id="d000.s1569.t000" lemma="segon" pos="NOUN">segons</instance>
         <wf lemma="al" pos="X">al</wf>
         <wf lemma="sud" pos="X">sud</wf>
         <wf lemma="d'" pos="X">d'</wf>
         <wf lemma="aquí" pos="X">aquí</wf>
         <wf lemma="." pos="X">.</wf>
      </sentence>
      <sentence id="d000.s1570" source="wordnet-catalan">
         <wf lemma="És" pos="X">És</wf>
         <wf lemma="el" pos="X">el</wf>
         <instance id="d000.s1570.t000" lemma="regulador" pos="NOUN">regulador</instance>
         <wf lemma="de" pos="X">de</wf>
         <wf lemma="l'" pos="X">l'</wf>
         <wf lemma="activitat" pos="X">activitat</wf>
         <wf lemma="financera" pos="X">financera</wf>
         <wf lemma="." pos="X">.</wf>
      </sentence>
      <sentence id="d000.s1571" source="wordnet-catalan">
         <wf lemma="L'" pos="X">L'</wf>
         <wf lemma="ordre" pos="X">ordre</wf>
         <instance id="d000.s1571.t000" lemma="prescrit" pos="ADJ">prescrit</instance>
         <wf lemma="per" pos="X">per</wf>
         <wf lemma="la" pos="X">la</wf>
         <wf lemma="llei" pos="X">llei</wf>
         <wf lemma="." pos="X">.</wf>
      </sentence>
      <sentence id="d000.s1572" source="wordnet-catalan">
         <wf lemma="el" pos="X">el</wf>
         <wf lemma="nombre" pos="X">nombre</wf>
         <wf lemma="de" pos="X">de</wf>
         <instance id="d000.s1572.t000" lemma="pacient" pos="NOUN">pacients</instance>
         <wf lemma="a" pos="X">a</wf>
         <wf lemma="emergències" pos="X">emergències</wf>
         <wf lemma="ha" pos="X">ha</wf>
         <wf lemma="pujat" pos="X">pujat</wf>
         <wf lemma="ràpidament" pos="X">ràpidament</wf>
         <wf lemma="." pos="X">.</wf>
      </sentence>
      <sentence id="d000.s1573" source="wordnet-catalan">
         <wf lemma="els" pos="X">els</wf>
         <wf lemma="avis" pos="X">avis</wf>
         <wf lemma="es" pos="X">es</wf>
         <wf lemma="reuneixen" pos="X">reuneixen</wf>
         <wf lemma="a" pos="X">a</wf>
         <wf lemma="la" pos="X">la</wf>
         <instance id="d000.s1573.t000" lemma="taverna" pos="NOUN">taverna</instance>
         <wf lemma="a" pos="X">a</wf>
         <wf lemma="jugar" pos="X">jugar</wf>
         <wf lemma="a" pos="X">a</wf>
         <wf lemma="cartes" pos="X">cartes</wf>
         <wf lemma="." pos="X">.</wf>
      </sentence>
      <sentence id="d000.s1574" source="wordnet-catalan">
         <wf lemma="la" pos="X">la</wf>
         <instance id="d000.s1574.t000" lemma="justícia" pos="NOUN">justícia</instance>
         <wf lemma="aplaçada" pos="X">aplaçada</wf>
         <wf lemma="és" pos="X">és</wf>
         <wf lemma="justícia" pos="X">justícia</wf>
         <wf lemma="negada" pos="X">negada</wf>
         <wf lemma="." pos="X">.</wf>
      </sentence>
      <sentence id="d000.s1575" source="wordnet-catalan">
         <wf lemma="l'" pos="X">l'</wf>
         <wf lemma="estat" pos="X">estat</wf>
         <wf lemma="en" pos="X">en</wf>
         <wf lemma="què" pos="X">què</wf>
         <wf lemma="es" pos="X">es</wf>
         <wf lemma="troba" pos="X">troba</wf>
         <wf lemma="l'" pos="X">l'</wf>
         <wf lemma="àtom" pos="X">àtom</wf>
         <wf lemma="és" pos="X">és</wf>
         <wf lemma="el" pos="X">el</wf>
         <wf lemma="resultant" pos="X">resultant</wf>
         <wf lemma="de" pos="X">de</wf>
         <wf lemma="les" pos="X">les</wf>
         <wf lemma="dues" pos="X">dues</wf>
         <instance id="d000.s1575.t000" lemma="força" pos="NOUN">forces</instance>
         <wf lemma="." pos="X">.</wf>
      </sentence>
      <sentence id="d000.s1576" source="wordnet-catalan">
         <wf lemma="La" pos="X">La</wf>
         <wf lemma="mesura" pos="X">mesura</wf>
         <wf lemma="presa" pos="X">presa</wf>
         <wf lemma="pel" pos="X">pel</wf>
         <wf lemma="govern" pos="X">govern</wf>
         <wf lemma="és" pos="X">és</wf>
         <wf lemma="una" pos="X">una</wf>
         <wf lemma="expressió" pos="X">expressió</wf>
         <wf lemma="de" pos="X">de</wf>
         <instance id="d000.s1576.t000" lemma="totalitarisme" pos="NOUN">totalitarisme</instance>
         <wf lemma="." pos="X">.</wf>
      </sentence>
      <sentence id="d000.s1577" source="wordnet-catalan">
         <wf lemma="la" pos="X">la</wf>
         <wf lemma="reducció" pos="X">reducció</wf>
         <instance id="d000.s1577.t000" lemma="automàtic" pos="ADJ">automàtica</instance>
         <wf lemma="de" pos="X">de</wf>
         <wf lemma="les" pos="X">les</wf>
         <wf lemma="ninetes" pos="X">ninetes</wf>
         <wf lemma="quan" pos="X">quan</wf>
         <wf lemma="la" pos="X">la</wf>
         <wf lemma="llum" pos="X">llum</wf>
         <wf lemma="és" pos="X">és</wf>
         <wf lemma="forta" pos="X">forta</wf>
         <wf lemma="." pos="X">.</wf>
      </sentence>
      <sentence id="d000.s1578" source="wordnet-catalan">
         <wf lemma="En" pos="X">En</wf>
         <wf lemma="aquesta" pos="X">aquesta</wf>
         <wf lemma="comarca" pos="X">comarca</wf>
         <wf lemma="," pos="X">,</wf>
         <wf lemma="hi" pos="X">hi</wf>
         <wf lemma="ha" pos="X">ha</wf>
         <wf lemma="hagut" pos="X">hagut</wf>
         <wf lemma="un" pos="X">un</wf>
         <wf lemma="fort" pos="X">fort</wf>
         <instance id="d000.s1578.t000" lemma="decreixement" pos="NOUN">decreixement</instance>
         <wf lemma="de" pos="X">de</wf>
         <wf lemma="la" pos="X">la</wf>
         <wf lemma="població" pos="X">població</wf>
         <wf lemma="." pos="X">.</wf>
      </sentence>
      <sentence id="d000.s1579" source="wordnet-catalan">
         <wf lemma="A" pos="X">A</wf>
         <wf lemma="través" pos="X">través</wf>
         <wf lemma="del" pos="X">del</wf>
         <instance id="d000.s1579.t000" lemma="procurador" pos="NOUN">procurador</instance>
         <wf lemma="Roma" pos="X">Roma</wf>
         <wf lemma="percep" pos="X">percep</wf>
         <wf lemma="diferents" pos="X">diferents</wf>
         <wf lemma="tipus" pos="X">tipus</wf>
         <wf lemma="d'" pos="X">d'</wf>
         <wf lemma="impostos" pos="X">impostos</wf>
         <wf lemma="." pos="X">.</wf>
      </sentence>
      <sentence id="d000.s1580" source="wordnet-catalan">
         <wf lemma="es" pos="X">es</wf>
         <wf lemma="va" pos="X">va</wf>
         <wf lemma="compadir" pos="X">compadir</wf>
         <wf lemma="per" pos="X">per</wf>
         <wf lemma="la" pos="X">la</wf>
         <instance id="d000.s1580.t000" lemma="pèrdua" pos="NOUN">pèrdua</instance>
         <wf lemma="del" pos="X">del</wf>
         <wf lemma="vostre" pos="X">vostre</wf>
         <wf lemma="avi" pos="X">avi</wf>
         <wf lemma="." pos="X">.</wf>
      </sentence>
      <sentence id="d000.s1581" source="wordnet-catalan">
         <wf lemma="La" pos="X">La</wf>
         <wf lemma="cafetera" pos="X">cafetera</wf>
         <wf lemma="és" pos="X">és</wf>
         <wf lemma="un" pos="X">un</wf>
         <wf lemma="objecte" pos="X">objecte</wf>
         <instance id="d000.s1581.t000" lemma="comú" pos="ADJ">comú</instance>
         <wf lemma="en" pos="X">en</wf>
         <wf lemma="qualsevol" pos="X">qualsevol</wf>
         <wf lemma="cuina" pos="X">cuina</wf>
         <wf lemma="." pos="X">.</wf>
      </sentence>
      <sentence id="d000.s1582" source="wordnet-catalan">
         <wf lemma="hi" pos="X">hi</wf>
         <wf lemma="ha" pos="X">ha</wf>
         <wf lemma="lleis" pos="X">lleis</wf>
         <wf lemma="amb" pos="X">amb</wf>
         <wf lemma="segles" pos="X">segles</wf>
         <wf lemma="d'" pos="X">d'</wf>
         <instance id="d000.s1582.t000" lemma="existència" pos="NOUN">existència</instance>
         <wf lemma="." pos="X">.</wf>
      </sentence>
      <sentence id="d000.s1583" source="wordnet-catalan">
         <wf lemma="insistia" pos="X">insistia</wf>
         <wf lemma="en" pos="X">en</wf>
         <wf lemma="inculcar" pos="X">inculcar</wf>
         <instance id="d000.s1583.t000" lemma="disciplina" pos="NOUN">disciplina</instance>
         <wf lemma="a" pos="X">a</wf>
         <wf lemma="les" pos="X">les</wf>
         <wf lemma="tropes" pos="X">tropes</wf>
         <wf lemma="." pos="X">.</wf>
      </sentence>
      <sentence id="d000.s1584" source="wordnet-catalan">
         <wf lemma="va" pos="X">va</wf>
         <wf lemma="veure" pos="X">veure</wf>
         <wf lemma="la" pos="X">la</wf>
         <wf lemma="recompensa" pos="X">recompensa</wf>
         <wf lemma="però" pos="X">però</wf>
         <wf lemma="no" pos="X">no</wf>
         <wf lemma="els" pos="X">els</wf>
         <instance id="d000.s1584.t000" lemma="risc" pos="NOUN">riscos</instance>
         <wf lemma="del" pos="X">del</wf>
         <wf lemma="crim" pos="X">crim</wf>
         <wf lemma="." pos="X">.</wf>
      </sentence>
      <sentence id="d000.s1585" source="wordnet-catalan">
         <wf lemma="El" pos="X">El</wf>
         <wf lemma="carrer" pos="X">carrer</wf>
         <wf lemma="està" pos="X">està</wf>
         <wf lemma="il·luminat" pos="X">il·luminat</wf>
         <wf lemma="per" pos="X">per</wf>
         <wf lemma="el" pos="X">el</wf>
         <instance id="d000.s1585.t000" lemma="reflex" pos="NOUN">reflex</instance>
         <wf lemma="de" pos="X">de</wf>
         <wf lemma="la" pos="X">la</wf>
         <wf lemma="lluna" pos="X">lluna</wf>
         <wf lemma="." pos="X">.</wf>
      </sentence>
      <sentence id="d000.s1586" source="wordnet-catalan">
         <wf lemma="es" pos="X">es</wf>
         <wf lemma="van" pos="X">van</wf>
         <wf lemma="sentir" pos="X">sentir</wf>
         <instance id="d000.s1586.t000" lemma="denúncia" pos="NOUN">denúncies</instance>
         <wf lemma="relacionades" pos="X">relacionades</wf>
         <wf lemma="amb" pos="X">amb</wf>
         <wf lemma="la" pos="X">la</wf>
         <wf lemma="brutalitat" pos="X">brutalitat</wf>
         <wf lemma="de" pos="X">de</wf>
         <wf lemma="la" pos="X">la</wf>
         <wf lemma="policia" pos="X">policia</wf>
         <wf lemma="." pos="X">.</wf>
      </sentence>
      <sentence id="d000.s1587" source="wordnet-catalan">
         <wf lemma="aquest" pos="X">aquest</wf>
         <instance id="d000.s1587.t000" lemma="estil" pos="NOUN">estil</instance>
         <wf lemma="de" pos="X">de</wf>
         <wf lemma="sabata" pos="X">sabata</wf>
         <wf lemma="es" pos="X">es</wf>
         <wf lemma="ven" pos="X">ven</wf>
         <wf lemma="molt" pos="X">molt</wf>
         <wf lemma="." pos="X">.</wf>
      </sentence>
      <sentence id="d000.s1588" source="wordnet-catalan">
         <wf lemma="la" pos="X">la</wf>
         <instance id="d000.s1588.t000" lemma="caiguda" pos="NOUN">caiguda</instance>
         <wf lemma="de" pos="X">de</wf>
         <wf lemma="la" pos="X">la</wf>
         <wf lemma="casa" pos="X">casa</wf>
         <wf lemma="dels" pos="X">dels</wf>
         <wf lemma="Hasburg" pos="X">Hasburg</wf>
         <wf lemma="." pos="X">.</wf>
      </sentence>
      <sentence id="d000.s1589" source="wordnet-catalan">
         <wf lemma="els" pos="X">els</wf>
         <wf lemma="problemes" pos="X">problemes</wf>
         <instance id="d000.s1589.t000" lemma="actual" pos="ADJ">actuals</instance>
         <wf lemma="de" pos="X">de</wf>
         <wf lemma="la" pos="X">la</wf>
         <wf lemma="societat" pos="X">societat</wf>
         <wf lemma="." pos="X">.</wf>
      </sentence>
      <sentence id="d000.s1590" source="wordnet-catalan">
         <wf lemma="podia" pos="X">podia</wf>
         <wf lemma="pintar" pos="X">pintar</wf>
         <wf lemma="la" pos="X">la</wf>
         <instance id="d000.s1590.t000" lemma="llum" pos="NOUN">llum</instance>
         <wf lemma="més" pos="X">més</wf>
         <wf lemma="clara" pos="X">clara</wf>
         <wf lemma="o" pos="X">o</wf>
         <wf lemma="la" pos="X">la</wf>
         <wf lemma="foscor" pos="X">foscor</wf>
         <wf lemma="més" pos="X">més</wf>
         <wf lemma="fosca" pos="X">fosca</wf>
         <wf lemma="." pos="X">.</wf>
      </sentence>
      <sentence id="d000.s1591" source="wordnet-catalan">
         <wf lemma="el" pos="X">el</wf>
         <wf lemma="cotxe" pos="X">cotxe</wf>
         <wf lemma="era" pos="X">era</wf>
         <wf lemma="d'" pos="X">d'</wf>
         <wf lemma="un" pos="X">un</wf>
         <instance id="d000.s1591.t000" lemma="model" pos="NOUN">model</instance>
         <wf lemma="antic" pos="X">antic</wf>
         <wf lemma="." pos="X">.</wf>
      </sentence>
      <sentence id="d000.s1592" source="wordnet-catalan">
         <wf lemma="quin" pos="X">quin</wf>
         <instance id="d000.s1592.t000" lemma="sentit" pos="NOUN">sentit</instance>
         <wf lemma="té" pos="X">té</wf>
         <wf lemma="la" pos="X">la</wf>
         <wf lemma="vida" pos="X">vida</wf>
         <wf lemma="?" pos="X">?</wf>
      </sentence>
      <sentence id="d000.s1593" source="wordnet-catalan">
         <wf lemma="el" pos="X">el</wf>
         <instance id="d000.s1593.t000" lemma="punt" pos="NOUN">punt</instance>
         <wf lemma="principal" pos="X">principal</wf>
         <wf lemma="de" pos="X">de</wf>
         <wf lemma="l'" pos="X">l'</wf>
         <wf lemma="agenda" pos="X">agenda</wf>
         <wf lemma="és" pos="X">és</wf>
         <wf lemma="el" pos="X">el</wf>
         <wf lemma="que" pos="X">que</wf>
         <wf lemma="primer" pos="X">primer</wf>
         <wf lemma="es" pos="X">es</wf>
         <wf lemma="va" pos="X">va</wf>
         <wf lemma="tractar" pos="X">tractar</wf>
         <wf lemma="." pos="X">.</wf>
      </sentence>
      <sentence id="d000.s1594" source="wordnet-catalan">
         <wf lemma="va" pos="X">va</wf>
         <wf lemma="dir" pos="X">dir</wf>
         <wf lemma="una" pos="X">una</wf>
         <instance id="d000.s1594.t000" lemma="mentida" pos="NOUN">mentida</instance>
         <wf lemma="i" pos="X">i</wf>
         <wf lemma="va" pos="X">va</wf>
         <wf lemma="explicar" pos="X">explicar</wf>
         <wf lemma="que" pos="X">que</wf>
         <wf lemma="s'" pos="X">s'</wf>
         <wf lemma="havia" pos="X">havia</wf>
         <wf lemma="menjat" pos="X">menjat</wf>
         <wf lemma="els" pos="X">els</wf>
         <wf lemma="espinacs" pos="X">espinacs</wf>
         <wf lemma="." pos="X">.</wf>
      </sentence>
      <sentence id="d000.s1595" source="wordnet-catalan">
         <wf lemma="el" pos="X">el</wf>
         <instance id="d000.s1595.t000" lemma="vol" pos="NOUN">vol</instance>
         <wf lemma="va" pos="X">va</wf>
         <wf lemma="ser" pos="X">ser</wf>
         <wf lemma="una" pos="X">una</wf>
         <wf lemma="aventura" pos="X">aventura</wf>
         <wf lemma="molt" pos="X">molt</wf>
         <wf lemma="excitant" pos="X">excitant</wf>
         <wf lemma="per" pos="X">per</wf>
         <wf lemma="ell" pos="X">ell</wf>
         <wf lemma="." pos="X">.</wf>
      </sentence>
      <sentence id="d000.s1596" source="wordnet-catalan">
         <wf lemma="no" pos="X">no</wf>
         <wf lemma="podia" pos="X">podia</wf>
         <wf lemma="seguir" pos="X">seguir</wf>
         <wf lemma="la" pos="X">la</wf>
         <instance id="d000.s1596.t000" lemma="direcció" pos="NOUN">direcció</instance>
         <wf lemma="dels" pos="X">dels</wf>
         <wf lemma="seus" pos="X">seus</wf>
         <wf lemma="pensaments" pos="X">pensaments</wf>
         <wf lemma="." pos="X">.</wf>
      </sentence>
      <sentence id="d000.s1597" source="wordnet-catalan">
         <wf lemma="En" pos="X">En</wf>
         <wf lemma="el" pos="X">el</wf>
         <wf lemma="contracte" pos="X">contracte</wf>
         <wf lemma="s'" pos="X">s'</wf>
         <wf lemma="afirma" pos="X">afirma</wf>
         <wf lemma="que" pos="X">que</wf>
         <wf lemma="el" pos="X">el</wf>
         <instance id="d000.s1597.t000" lemma="cedent" pos="NOUN">cedent</instance>
         <wf lemma="no" pos="X">no</wf>
         <wf lemma="tindrà" pos="X">tindrà</wf>
         <wf lemma="drets" pos="X">drets</wf>
         <wf lemma="sobre" pos="X">sobre</wf>
         <wf lemma="els" pos="X">els</wf>
         <wf lemma="béns" pos="X">béns</wf>
         <wf lemma="." pos="X">.</wf>
      </sentence>
      <sentence id="d000.s1598" source="wordnet-catalan">
         <wf lemma="la" pos="X">la</wf>
         <wf lemma="noció" pos="X">noció</wf>
         <wf lemma="d'" pos="X">d'</wf>
         <wf lemma="una" pos="X">una</wf>
         <wf lemma="oficina" pos="X">oficina</wf>
         <wf lemma="que" pos="X">que</wf>
         <wf lemma="funciona" pos="X">funciona</wf>
         <wf lemma="sense" pos="X">sense</wf>
         <instance id="d000.s1598.t000" lemma="paper" pos="NOUN">paper</instance>
         <wf lemma="és" pos="X">és</wf>
         <wf lemma="absurda" pos="X">absurda</wf>
         <wf lemma="." pos="X">.</wf>
      </sentence>
      <sentence id="d000.s1599" source="wordnet-catalan">
         <wf lemma="La" pos="X">La</wf>
         <wf lemma="meva" pos="X">meva</wf>
         <wf lemma="avia" pos="X">avia</wf>
         <wf lemma="té" pos="X">té</wf>
         <wf lemma="el" pos="X">el</wf>
         <wf lemma="dret" pos="X">dret</wf>
         <wf lemma="de" pos="X">de</wf>
         <instance id="d000.s1599.t000" lemma="gaudi" pos="NOUN">gaudi</instance>
         <wf lemma="del" pos="X">del</wf>
         <wf lemma="seu" pos="X">seu</wf>
         <wf lemma="pis" pos="X">pis</wf>
         <wf lemma="." pos="X">.</wf>
      </sentence>
      <sentence id="d000.s1600" source="wordnet-catalan">
         <wf lemma="això" pos="X">això</wf>
         <wf lemma="es" pos="X">es</wf>
         <wf lemma="correspon" pos="X">correspon</wf>
         <wf lemma="amb" pos="X">amb</wf>
         <wf lemma="l'" pos="X">l'</wf>
         <instance id="d000.s1600.t000" lemma="informe" pos="NOUN">informe</instance>
         <wf lemma="de" pos="X">de</wf>
         <wf lemma="Hill" pos="X">Hill</wf>
         <wf lemma="i" pos="X">i</wf>
         <wf lemma="Dale" pos="X">Dale</wf>
         <wf lemma="." pos="X">.</wf>
      </sentence>
      <sentence id="d000.s1601" source="wordnet-catalan">
         <wf lemma="Segons" pos="X">Segons</wf>
         <wf lemma="l'" pos="X">l'</wf>
         <wf lemma="acord" pos="X">acord</wf>
         <wf lemma="," pos="X">,</wf>
         <wf lemma="sóc" pos="X">sóc</wf>
         <wf lemma="l'" pos="X">l'</wf>
         <wf lemma="únic" pos="X">únic</wf>
         <instance id="d000.s1601.t000" lemma="beneficiari" pos="NOUN">beneficiari</instance>
         <wf lemma="de" pos="X">de</wf>
         <wf lemma="l'" pos="X">l'</wf>
         <wf lemma="immoble" pos="X">immoble</wf>
         <wf lemma="." pos="X">.</wf>
      </sentence>
      <sentence id="d000.s1602" source="wordnet-catalan">
         <wf lemma="el" pos="X">el</wf>
         <instance id="d000.s1602.t000" lemma="director" pos="NOUN">director</instance>
         <wf lemma="de" pos="X">de</wf>
         <wf lemma="l'" pos="X">l'</wf>
         <wf lemma="empresa" pos="X">empresa</wf>
         <wf lemma="va" pos="X">va</wf>
         <wf lemma="dimitir" pos="X">dimitir</wf>
         <wf lemma="." pos="X">.</wf>
      </sentence>
      <sentence id="d000.s1603" source="wordnet-catalan">
         <wf lemma="en" pos="X">en</wf>
         <instance id="d000.s1603.t000" lemma="benefici" pos="NOUN">benefici</instance>
         <wf lemma="de" pos="X">de</wf>
         <wf lemma="la" pos="X">la</wf>
         <wf lemma="seguretat" pos="X">seguretat</wf>
         <wf lemma="." pos="X">.</wf>
      </sentence>
      <sentence id="d000.s1604" source="wordnet-catalan">
         <wf lemma="amb" pos="X">amb</wf>
         <wf lemma="cinc" pos="X">cinc</wf>
         <wf lemma="lliures" pos="X">lliures</wf>
         <wf lemma="de" pos="X">de</wf>
         <instance id="d000.s1604.t000" lemma="cor" pos="NOUN">cor</instance>
         <wf lemma="de" pos="X">de</wf>
         <wf lemma="vaca" pos="X">vaca</wf>
         <wf lemma="n'" pos="X">n'</wf>
         <wf lemma="hi" pos="X">hi</wf>
         <wf lemma="haurà" pos="X">haurà</wf>
         <wf lemma="prou" pos="X">prou</wf>
         <wf lemma="per" pos="X">per</wf>
         <wf lemma="sis" pos="X">sis</wf>
         <wf lemma="persones" pos="X">persones</wf>
         <wf lemma="." pos="X">.</wf>
      </sentence>
      <sentence id="d000.s1605" source="wordnet-catalan">
         <wf lemma="les" pos="X">les</wf>
         <instance id="d000.s1605.t000" lemma="nena" pos="NOUN">nenes</instance>
         <wf lemma="estaven" pos="X">estaven</wf>
         <wf lemma="aprenent" pos="X">aprenent</wf>
         <wf lemma="a" pos="X">a</wf>
         <wf lemma="anar" pos="X">anar</wf>
         <wf lemma="amb" pos="X">amb</wf>
         <wf lemma="bicicleta" pos="X">bicicleta</wf>
         <wf lemma="." pos="X">.</wf>
      </sentence>
      <sentence id="d000.s1606" source="wordnet-catalan">
         <wf lemma="l'" pos="X">l'</wf>
         <wf lemma="obra" pos="X">obra</wf>
         <wf lemma="es" pos="X">es</wf>
         <wf lemma="composava" pos="X">composava</wf>
         <wf lemma="de" pos="X">de</wf>
         <wf lemma="tres" pos="X">tres</wf>
         <instance id="d000.s1606.t000" lemma="acte" pos="NOUN">actes</instance>
         <wf lemma="curts" pos="X">curts</wf>
         <wf lemma="." pos="X">.</wf>
      </sentence>
      <sentence id="d000.s1607" source="wordnet-catalan">
         <wf lemma="Un" pos="X">Un</wf>
         <wf lemma="acte" pos="X">acte</wf>
         <instance id="d000.s1607.t000" lemma="criminal" pos="ADJ">criminal</instance>
         <wf lemma="." pos="X">.</wf>
      </sentence>
      <sentence id="d000.s1608" source="wordnet-catalan">
         <wf lemma="la" pos="X">la</wf>
         <wf lemma="policia" pos="X">policia</wf>
         <wf lemma="va" pos="X">va</wf>
         <wf lemma="tornar" pos="X">tornar</wf>
         <wf lemma="a" pos="X">a</wf>
         <wf lemma="l'" pos="X">l'</wf>
         <instance id="d000.s1608.t000" lemma="escena" pos="NOUN">escena</instance>
         <wf lemma="del" pos="X">del</wf>
         <wf lemma="crim" pos="X">crim</wf>
         <wf lemma="." pos="X">.</wf>
      </sentence>
      <sentence id="d000.s1609" source="wordnet-catalan">
         <wf lemma="et" pos="X">et</wf>
         <wf lemma="truco" pos="X">truco</wf>
         <wf lemma="d'" pos="X">d'</wf>
         <wf lemma="aquí" pos="X">aquí</wf>
         <wf lemma="a" pos="X">a</wf>
         <wf lemma="un" pos="X">un</wf>
         <instance id="d000.s1609.t000" lemma="segon" pos="NOUN">segon</instance>
         <wf lemma="." pos="X">.</wf>
      </sentence>
      <sentence id="d000.s1610" source="wordnet-catalan">
         <wf lemma="la" pos="X">la</wf>
         <instance id="d000.s1610.t000" lemma="població" pos="NOUN">població</instance>
         <wf lemma="de" pos="X">de</wf>
         <wf lemma="Vallirana" pos="X">Vallirana</wf>
         <wf lemma="està" pos="X">està</wf>
         <wf lemma="a" pos="X">a</wf>
         <wf lemma="prop" pos="X">prop</wf>
         <wf lemma="d'" pos="X">d'</wf>
         <wf lemma="una" pos="X">una</wf>
         <wf lemma="carretera" pos="X">carretera</wf>
         <wf lemma="nacional" pos="X">nacional</wf>
         <wf lemma="." pos="X">.</wf>
      </sentence>
      <sentence id="d000.s1611" source="wordnet-catalan">
         <wf lemma="va" pos="X">va</wf>
         <wf lemma="tombar" pos="X">tombar</wf>
         <wf lemma="el" pos="X">el</wf>
         <wf lemma="full" pos="X">full</wf>
         <wf lemma="perquè" pos="X">perquè</wf>
         <wf lemma="no" pos="X">no</wf>
         <wf lemma="es" pos="X">es</wf>
         <wf lemma="veiés" pos="X">veiés</wf>
         <wf lemma="l'" pos="X">l'</wf>
         <instance id="d000.s1611.t000" lemma="escriptura" pos="NOUN">escriptura</instance>
         <wf lemma="." pos="X">.</wf>
      </sentence>
      <sentence id="d000.s1612" source="wordnet-catalan">
         <wf lemma="no" pos="X">no</wf>
         <wf lemma="va" pos="X">va</wf>
         <wf lemma="voler" pos="X">voler</wf>
         <wf lemma="revelar" pos="X">revelar</wf>
         <wf lemma="la" pos="X">la</wf>
         <wf lemma="seva" pos="X">seva</wf>
         <instance id="d000.s1612.t000" lemma="font" pos="NOUN">font</instance>
         <wf lemma="per" pos="X">per</wf>
         <wf lemma="protegir-la" pos="X">protegir-la</wf>
         <wf lemma="." pos="X">.</wf>
      </sentence>
      <sentence id="d000.s1613" source="wordnet-catalan">
         <wf lemma="el" pos="X">el</wf>
         <wf lemma="nou" pos="X">nou</wf>
         <instance id="d000.s1613.t000" lemma="edifici" pos="NOUN">edifici</instance>
         <wf lemma="té" pos="X">té</wf>
         <wf lemma="vint" pos="X">vint</wf>
         <wf lemma="plantes" pos="X">plantes</wf>
         <wf lemma="." pos="X">.</wf>
      </sentence>
      <sentence id="d000.s1614" source="wordnet-catalan">
         <instance id="d000.s1614.t000" lemma="futbol" pos="NOUN">futbol</instance>
         <wf lemma="set" pos="X">set</wf>
         <wf lemma="." pos="X">.</wf>
      </sentence>
      <sentence id="d000.s1615" source="wordnet-catalan">
         <wf lemma="l'" pos="X">l'</wf>
         <wf lemma="entrevistador" pos="X">entrevistador</wf>
         <wf lemma="li" pos="X">li</wf>
         <wf lemma="va" pos="X">va</wf>
         <wf lemma="demanar" pos="X">demanar</wf>
         <wf lemma="les" pos="X">les</wf>
         <wf lemma="seves" pos="X">seves</wf>
         <instance id="d000.s1615.t000" lemma="dada" pos="NOUN">dades</instance>
         <wf lemma="personals" pos="X">personals</wf>
         <wf lemma="." pos="X">.</wf>
      </sentence>
      <sentence id="d000.s1616" source="wordnet-catalan">
         <wf lemma="només" pos="X">només</wf>
         <wf lemma="trigo" pos="X">trigo</wf>
         <wf lemma="un" pos="X">un</wf>
         <instance id="d000.s1616.t000" lemma="minut" pos="NOUN">minut</instance>
         <wf lemma="." pos="X">.</wf>
      </sentence>
      <sentence id="d000.s1617" source="wordnet-catalan">
         <wf lemma="L'" pos="X">L'</wf>
         <instance id="d000.s1617.t000" lemma="inquisidor" pos="NOUN">inquisidor</instance>
         <wf lemma="Domènec" pos="X">Domènec</wf>
         <wf lemma="de" pos="X">de</wf>
         <wf lemma="Guzmán" pos="X">Guzmán</wf>
         <wf lemma="." pos="X">.</wf>
      </sentence>
      <sentence id="d000.s1618" source="wordnet-catalan">
         <wf lemma="El" pos="X">El</wf>
         <instance id="d000.s1618.t000" lemma="patronat" pos="NOUN">patronat</instance>
         <wf lemma="del" pos="X">del</wf>
         <wf lemma="museo" pos="X">museo</wf>
         <wf lemma="renúncia" pos="X">renúncia</wf>
         <wf lemma="actuar" pos="X">actuar</wf>
         <wf lemma="contra" pos="X">contra</wf>
         <wf lemma="el" pos="X">el</wf>
         <wf lemma="banc" pos="X">banc</wf>
         <wf lemma="." pos="X">.</wf>
      </sentence>
      <sentence id="d000.s1619" source="wordnet-catalan">
         <wf lemma="S'" pos="X">S'</wf>
         <wf lemma="ha" pos="X">ha</wf>
         <wf lemma="constituït" pos="X">constituït</wf>
         <wf lemma="un" pos="X">un</wf>
         <instance id="d000.s1619.t000" lemma="hòlding" pos="NOUN">hòlding</instance>
         <wf lemma="basc" pos="X">basc</wf>
         <wf lemma="en" pos="X">en</wf>
         <wf lemma="el" pos="X">el</wf>
         <wf lemma="sector" pos="X">sector</wf>
         <wf lemma="d'" pos="X">d'</wf>
         <wf lemma="electrodomèstics" pos="X">electrodomèstics</wf>
         <wf lemma="." pos="X">.</wf>
      </sentence>
      <sentence id="d000.s1620" source="wordnet-catalan">
         <wf lemma="L'" pos="X">L'</wf>
         <instance id="d000.s1620.t000" lemma="ajuntament" pos="NOUN">ajuntament</instance>
         <wf lemma="es" pos="X">es</wf>
         <wf lemma="va" pos="X">va</wf>
         <wf lemma="negar" pos="X">negar</wf>
         <wf lemma="a" pos="X">a</wf>
         <wf lemma="les" pos="X">les</wf>
         <wf lemma="reformes" pos="X">reformes</wf>
         <wf lemma="del" pos="X">del</wf>
         <wf lemma="nou" pos="X">nou</wf>
         <wf lemma="mercat" pos="X">mercat</wf>
         <wf lemma="." pos="X">.</wf>
      </sentence>
      <sentence id="d000.s1621" source="wordnet-catalan">
         <wf lemma="La" pos="X">La</wf>
         <instance id="d000.s1621.t000" lemma="producció" pos="NOUN">producció</instance>
         <wf lemma="mundial" pos="X">mundial</wf>
         <wf lemma="de" pos="X">de</wf>
         <wf lemma="blat" pos="X">blat</wf>
         <wf lemma="ha" pos="X">ha</wf>
         <wf lemma="crescut" pos="X">crescut</wf>
         <wf lemma="del" pos="X">del</wf>
         <wf lemma="20%" pos="X">20%</wf>
         <wf lemma="." pos="X">.</wf>
      </sentence>
      <sentence id="d000.s1622" source="wordnet-catalan">
         <wf lemma="Vam" pos="X">Vam</wf>
         <wf lemma="anar" pos="X">anar</wf>
         <wf lemma="a" pos="X">a</wf>
         <wf lemma="l" pos="X">l</wf>
         <wf lemma="Òpera" pos="X">Òpera</wf>
         <wf lemma="a" pos="X">a</wf>
         <wf lemma="veure" pos="X">veure</wf>
         <instance id="d000.s1622.t000" lemma="dansa" pos="NOUN">dansa</instance>
         <wf lemma="." pos="X">.</wf>
      </sentence>
      <sentence id="d000.s1623" source="wordnet-catalan">
         <wf lemma="s'" pos="X">s'</wf>
         <wf lemma="utilitza" pos="X">utilitza</wf>
         <wf lemma="com" pos="X">com</wf>
         <wf lemma="a" pos="X">a</wf>
         <instance id="d000.s1623.t000" lemma="referència" pos="NOUN">referència</instance>
         <wf lemma="per" pos="X">per</wf>
         <wf lemma="comparar" pos="X">comparar</wf>
         <wf lemma="la" pos="X">la</wf>
         <wf lemma="calefacció" pos="X">calefacció</wf>
         <wf lemma="i" pos="X">i</wf>
         <wf lemma="la" pos="X">la</wf>
         <wf lemma="quantitat" pos="X">quantitat</wf>
         <wf lemma="d'" pos="X">d'</wf>
         <wf lemma="energia" pos="X">energia</wf>
         <wf lemma="elèctrica" pos="X">elèctrica</wf>
         <wf lemma="." pos="X">.</wf>
      </sentence>
      <sentence id="d000.s1624" source="wordnet-catalan">
         <wf lemma="era" pos="X">era</wf>
         <wf lemma="una" pos="X">una</wf>
         <instance id="d000.s1624.t000" lemma="preciositat" pos="NOUN">preciositat</instance>
         <wf lemma="escultural" pos="X">escultural</wf>
         <wf lemma="de" pos="X">de</wf>
         <wf lemma="cabell" pos="X">cabell</wf>
         <wf lemma="vermell" pos="X">vermell</wf>
         <wf lemma="." pos="X">.</wf>
      </sentence>
      <sentence id="d000.s1625" source="wordnet-catalan">
         <wf lemma="Tinc" pos="X">Tinc</wf>
         <wf lemma="l'" pos="X">l'</wf>
         <instance id="d000.s1625.t000" lemma="usdefruit" pos="NOUN">usdefruit</instance>
         <wf lemma="sobre" pos="X">sobre</wf>
         <wf lemma="la" pos="X">la</wf>
         <wf lemma="masia" pos="X">masia</wf>
         <wf lemma="dels" pos="X">dels</wf>
         <wf lemma="meus" pos="X">meus</wf>
         <wf lemma="pares" pos="X">pares</wf>
         <wf lemma="." pos="X">.</wf>
      </sentence>
      <sentence id="d000.s1626" source="wordnet-catalan">
         <wf lemma="La" pos="X">La</wf>
         <wf lemma="direcció" pos="X">direcció</wf>
         <wf lemma="dels" pos="X">dels</wf>
         <wf lemma="partits" pos="X">partits</wf>
         <wf lemma="ostenta" pos="X">ostenta</wf>
         <wf lemma="una" pos="X">una</wf>
         <instance id="d000.s1626.t000" lemma="gerontocràcia" pos="NOUN">gerontocràcia</instance>
         <wf lemma="contrària" pos="X">contrària</wf>
         <wf lemma="al" pos="X">al</wf>
         <wf lemma="canvi" pos="X">canvi</wf>
         <wf lemma="." pos="X">.</wf>
      </sentence>
      <sentence id="d000.s1627" source="wordnet-catalan">
         <wf lemma="l'" pos="X">l'</wf>
         <wf lemma="estudiant" pos="X">estudiant</wf>
         <wf lemma="va" pos="X">va</wf>
         <wf lemma="mirar" pos="X">mirar</wf>
         <wf lemma="la" pos="X">la</wf>
         <wf lemma="sala" pos="X">sala</wf>
         <wf lemma="d'" pos="X">d'</wf>
         <wf lemma="examen" pos="X">examen</wf>
         <wf lemma="amb" pos="X">amb</wf>
         <instance id="d000.s1627.t000" lemma="temor" pos="NOUN">temor</instance>
         <wf lemma="." pos="X">.</wf>
      </sentence>
      <sentence id="d000.s1628" source="wordnet-catalan">
         <wf lemma="L'" pos="X">L'</wf>
         <instance id="d000.s1628.t000" lemma="ambaixada" pos="NOUN">ambaixada</instance>
         <wf lemma="espanyola" pos="X">espanyola</wf>
         <wf lemma="va" pos="X">va</wf>
         <wf lemma="venir" pos="X">venir</wf>
         <wf lemma="a" pos="X">a</wf>
         <wf lemma="protegir-nos" pos="X">protegir-nos</wf>
         <wf lemma="." pos="X">.</wf>
      </sentence>
      <sentence id="d000.s1629" source="wordnet-catalan">
         <wf lemma="la" pos="X">la</wf>
         <instance id="d000.s1629.t000" lemma="major" pos="ADJ">major</instance>
         <wf lemma="part" pos="X">part</wf>
         <wf lemma="dels" pos="X">dels</wf>
         <wf lemma="vots" pos="X">vots</wf>
         <wf lemma="estava" pos="X">estava</wf>
         <wf lemma="en" pos="X">en</wf>
         <wf lemma="contra" pos="X">contra</wf>
         <wf lemma="." pos="X">.</wf>
      </sentence>
      <sentence id="d000.s1630" source="wordnet-catalan">
         <wf lemma="L'" pos="X">L'</wf>
         <wf lemma="advocat" pos="X">advocat</wf>
         <wf lemma="ha" pos="X">ha</wf>
         <wf lemma="presentat" pos="X">presentat</wf>
         <wf lemma="un" pos="X">un</wf>
         <wf lemma="argument" pos="X">argument</wf>
         <instance id="d000.s1630.t000" lemma="inculpatori" pos="ADJ">inculpatori</instance>
         <wf lemma="." pos="X">.</wf>
      </sentence>
      <sentence id="d000.s1631" source="wordnet-catalan">
         <wf lemma="La" pos="X">La</wf>
         <wf lemma="pesca" pos="X">pesca</wf>
         <wf lemma="en" pos="X">en</wf>
         <wf lemma="aigües" pos="X">aigües</wf>
         <instance id="d000.s1631.t000" lemma="extraterritorial" pos="ADJ">extraterritorials</instance>
         <wf lemma="." pos="X">.</wf>
      </sentence>
      <sentence id="d000.s1632" source="wordnet-catalan">
         <wf lemma="va" pos="X">va</wf>
         <wf lemma="haver-hi" pos="X">haver-hi</wf>
         <wf lemma="una" pos="X">una</wf>
         <instance id="d000.s1632.t000" lemma="disminució" pos="NOUN">disminució</instance>
         <wf lemma="dràstica" pos="X">dràstica</wf>
         <wf lemma="de" pos="X">de</wf>
         <wf lemma="les" pos="X">les</wf>
         <wf lemma="vendes" pos="X">vendes</wf>
         <wf lemma="." pos="X">.</wf>
      </sentence>
      <sentence id="d000.s1633" source="wordnet-catalan">
         <wf lemma="apreciava" pos="X">apreciava</wf>
         <wf lemma="la" pos="X">la</wf>
         <instance id="d000.s1633.t000" lemma="fe" pos="NOUN">fe</instance>
         <wf lemma="que" pos="X">que</wf>
         <wf lemma="la" pos="X">la</wf>
         <wf lemma="seva" pos="X">seva</wf>
         <wf lemma="àvia" pos="X">àvia</wf>
         <wf lemma="tenia" pos="X">tenia</wf>
         <wf lemma="en" pos="X">en</wf>
         <wf lemma="ella" pos="X">ella</wf>
         <wf lemma="." pos="X">.</wf>
      </sentence>
      <sentence id="d000.s1634" source="wordnet-catalan">
         <wf lemma="encara" pos="X">encara</wf>
         <wf lemma="recorda" pos="X">recorda</wf>
         <wf lemma="el" pos="X">el</wf>
         <wf lemma="seu" pos="X">seu</wf>
         <instance id="d000.s1634.t000" lemma="encontre" pos="NOUN">encontre</instance>
         <wf lemma="a" pos="X">a</wf>
         <wf lemma="París" pos="X">París</wf>
         <wf lemma="." pos="X">.</wf>
      </sentence>
      <sentence id="d000.s1635" source="wordnet-catalan">
         <wf lemma="no" pos="X">no</wf>
         <wf lemma="quedaven" pos="X">quedaven</wf>
         <instance id="d000.s1635.t000" lemma="plaça" pos="NOUN">places</instance>
         <wf lemma="a" pos="X">a</wf>
         <wf lemma="l'" pos="X">l'</wf>
         <wf lemma="avió" pos="X">avió</wf>
         <wf lemma="per" pos="X">per</wf>
         <wf lemma="viatjar" pos="X">viatjar</wf>
         <wf lemma="a" pos="X">a</wf>
         <wf lemma="Nova" pos="X">Nova</wf>
         <wf lemma="York" pos="X">York</wf>
         <wf lemma="." pos="X">.</wf>
      </sentence>
      <sentence id="d000.s1636" source="wordnet-catalan">
         <wf lemma="et" pos="X">et</wf>
         <wf lemma="falten" pos="X">falten</wf>
         <wf lemma="hores" pos="X">hores</wf>
         <wf lemma="de" pos="X">de</wf>
         <instance id="d000.s1636.t000" lemma="son" pos="NOUN">son</instance>
         <wf lemma="perquè" pos="X">perquè</wf>
         <wf lemma="dorms" pos="X">dorms</wf>
         <wf lemma="poc" pos="X">poc</wf>
         <wf lemma="." pos="X">.</wf>
      </sentence>
      <sentence id="d000.s1637" source="wordnet-catalan">
         <wf lemma="Van" pos="X">Van</wf>
         <wf lemma="trucar" pos="X">trucar</wf>
         <wf lemma="la" pos="X">la</wf>
         <wf lemma="Policia" pos="X">Policia</wf>
         <wf lemma="arran" pos="X">arran</wf>
         <wf lemma="d" pos="X">d</wf>
         <wf lemma="una" pos="X">una</wf>
         <instance id="d000.s1637.t000" lemma="baralla" pos="NOUN">baralla</instance>
         <wf lemma="entre" pos="X">entre</wf>
         <wf lemma="dos" pos="X">dos</wf>
         <wf lemma="veïns" pos="X">veïns</wf>
         <wf lemma="." pos="X">.</wf>
      </sentence>
      <sentence id="d000.s1638" source="wordnet-catalan">
         <wf lemma="Hi" pos="X">Hi</wf>
         <wf lemma="ha" pos="X">ha</wf>
         <wf lemma="una" pos="X">una</wf>
         <instance id="d000.s1638.t000" lemma="divisió" pos="NOUN">divisió</instance>
         <wf lemma="de" pos="X">de</wf>
         <wf lemma="l'" pos="X">l'</wf>
         <wf lemma="opinió" pos="X">opinió</wf>
         <wf lemma="davant" pos="X">davant</wf>
         <wf lemma="la" pos="X">la</wf>
         <wf lemma="guerra" pos="X">guerra</wf>
         <wf lemma="." pos="X">.</wf>
      </sentence>
      <sentence id="d000.s1639" source="wordnet-catalan">
         <wf lemma="&quot;" pos="X">&quot;</wf>
         <wf lemma="un" pos="X">un</wf>
         <wf lemma="tot" pos="X">tot</wf>
         <wf lemma="està" pos="X">està</wf>
         <wf lemma="format" pos="X">format</wf>
         <wf lemma="pel" pos="X">pel</wf>
         <wf lemma="principi" pos="X">principi</wf>
         <wf lemma="," pos="X">,</wf>
         <wf lemma="el" pos="X">el</wf>
         <instance id="d000.s1639.t000" lemma="mig" pos="NOUN">mig</instance>
         <wf lemma="i" pos="X">i</wf>
         <wf lemma="el" pos="X">el</wf>
         <wf lemma="final" pos="X">final</wf>
         <wf lemma="&quot;" pos="X">&quot;</wf>
         <wf lemma="-Aristòtil" pos="X">-Aristòtil</wf>
         <wf lemma="." pos="X">.</wf>
      </sentence>
      <sentence id="d000.s1640" source="wordnet-catalan">
         <wf lemma="un" pos="X">un</wf>
         <wf lemma="desastre" pos="X">desastre</wf>
         <instance id="d000.s1640.t000" lemma="total" pos="ADJ">total</instance>
         <wf lemma="." pos="X">.</wf>
      </sentence>
      <sentence id="d000.s1641" source="wordnet-catalan">
         <wf lemma="És" pos="X">És</wf>
         <wf lemma="un" pos="X">un</wf>
         <instance id="d000.s1641.t000" lemma="professional" pos="NOUN">professional</instance>
         <wf lemma="dels" pos="X">dels</wf>
         <wf lemma="motors" pos="X">motors</wf>
         <wf lemma="." pos="X">.</wf>
      </sentence>
      <sentence id="d000.s1642" source="wordnet-catalan">
         <instance id="d000.s1642.t000" lemma="president" pos="NOUN">president</instance>
         <wf lemma="del" pos="X">del</wf>
         <wf lemma="Govern" pos="X">Govern</wf>
         <wf lemma="." pos="X">.</wf>
      </sentence>
      <sentence id="d000.s1643" source="wordnet-catalan">
         <wf lemma="hi" pos="X">hi</wf>
         <wf lemma="havia" pos="X">havia</wf>
         <wf lemma="cues" pos="X">cues</wf>
         <wf lemma="a" pos="X">a</wf>
         <wf lemma="l'" pos="X">l'</wf>
         <instance id="d000.s1643.t000" lemma="entrada" pos="NOUN">entrada</instance>
         <wf lemma="de" pos="X">de</wf>
         <wf lemma="l'" pos="X">l'</wf>
         <wf lemma="edifici" pos="X">edifici</wf>
         <wf lemma="." pos="X">.</wf>
      </sentence>
      <sentence id="d000.s1644" source="wordnet-catalan">
         <wf lemma="és" pos="X">és</wf>
         <wf lemma="una" pos="X">una</wf>
         <instance id="d000.s1644.t000" lemma="qüestió" pos="NOUN">qüestió</instance>
         <wf lemma="que" pos="X">que</wf>
         <wf lemma="ha" pos="X">ha</wf>
         <wf lemma="de" pos="X">de</wf>
         <wf lemma="resoldre" pos="X">resoldre</wf>
         <wf lemma="la" pos="X">la</wf>
         <wf lemma="policia" pos="X">policia</wf>
         <wf lemma="." pos="X">.</wf>
      </sentence>
      <sentence id="d000.s1645" source="wordnet-catalan">
         <wf lemma="Van" pos="X">Van</wf>
         <wf lemma="presentar" pos="X">presentar</wf>
         <wf lemma="el" pos="X">el</wf>
         <wf lemma="seu" pos="X">seu</wf>
         <wf lemma="desacord" pos="X">desacord</wf>
         <wf lemma="amb" pos="X">amb</wf>
         <wf lemma="l" pos="X">l</wf>
         <instance id="d000.s1645.t000" lemma="arbitratge" pos="NOUN">arbitratge</instance>
         <wf lemma="." pos="X">.</wf>
      </sentence>
      <sentence id="d000.s1646" source="wordnet-catalan">
         <wf lemma="la" pos="X">la</wf>
         <instance id="d000.s1646.t000" lemma="sort" pos="NOUN">sort</instance>
         <wf lemma="del" pos="X">del</wf>
         <wf lemma="sorteig" pos="X">sorteig</wf>
         <wf lemma="." pos="X">.</wf>
      </sentence>
      <sentence id="d000.s1647" source="wordnet-catalan">
         <wf lemma="La" pos="X">La</wf>
         <instance id="d000.s1647.t000" lemma="dieta" pos="NOUN">dieta</instance>
         <wf lemma="del" pos="X">del</wf>
         <wf lemma="Japó" pos="X">Japó</wf>
         <wf lemma="està" pos="X">està</wf>
         <wf lemma="dividida" pos="X">dividida</wf>
         <wf lemma="entre" pos="X">entre</wf>
         <wf lemma="oposició" pos="X">oposició</wf>
         <wf lemma="i" pos="X">i</wf>
         <wf lemma="govern" pos="X">govern</wf>
         <wf lemma="." pos="X">.</wf>
      </sentence>
      <sentence id="d000.s1648" source="wordnet-catalan">
         <wf lemma="Detingut" pos="X">Detingut</wf>
         <wf lemma="per" pos="X">per</wf>
         <instance id="d000.s1648.t000" lemma="xantatge" pos="NOUN">xantatge</instance>
         <wf lemma="per" pos="X">per</wf>
         <wf lemma="fotos" pos="X">fotos</wf>
         <wf lemma="falses" pos="X">falses</wf>
         <wf lemma="del" pos="X">del</wf>
         <wf lemma="polític" pos="X">polític</wf>
         <wf lemma="." pos="X">.</wf>
      </sentence>
      <sentence id="d000.s1649" source="wordnet-catalan">
         <wf lemma="no" pos="X">no</wf>
         <wf lemma="li" pos="X">li</wf>
         <wf lemma="agradaven" pos="X">agradaven</wf>
         <wf lemma="els" pos="X">els</wf>
         <instance id="d000.s1649.t000" lemma="comiat" pos="NOUN">comiats</instance>
         <wf lemma="llargs" pos="X">llargs</wf>
         <wf lemma="." pos="X">.</wf>
      </sentence>
      <sentence id="d000.s1650" source="wordnet-catalan">
         <wf lemma="una" pos="X">una</wf>
         <wf lemma="possibilitat" pos="X">possibilitat</wf>
         <instance id="d000.s1650.t000" lemma="remot" pos="ADJ">remota</instance>
         <wf lemma="." pos="X">.</wf>
      </sentence>
      <sentence id="d000.s1651" source="wordnet-catalan">
         <wf lemma="la" pos="X">la</wf>
         <instance id="d000.s1651.t000" lemma="marca" pos="NOUN">marca</instance>
         <wf lemma="del" pos="X">del</wf>
         <wf lemma="propietari" pos="X">propietari</wf>
         <wf lemma="era" pos="X">era</wf>
         <wf lemma="a" pos="X">a</wf>
         <wf lemma="totes" pos="X">totes</wf>
         <wf lemma="les" pos="X">les</wf>
         <wf lemma="ovelles" pos="X">ovelles</wf>
         <wf lemma="." pos="X">.</wf>
      </sentence>
      <sentence id="d000.s1652" source="wordnet-catalan">
         <wf lemma="el" pos="X">el</wf>
         <instance id="d000.s1652.t000" lemma="programa" pos="NOUN">programa</instance>
         <wf lemma="antivirus" pos="X">antivirus</wf>
         <wf lemma="va" pos="X">va</wf>
         <wf lemma="col·lapsar" pos="X">col·lapsar</wf>
         <wf lemma="l'" pos="X">l'</wf>
         <wf lemma="ordinador" pos="X">ordinador</wf>
         <wf lemma="." pos="X">.</wf>
      </sentence>
      <sentence id="d000.s1653" source="wordnet-catalan">
         <wf lemma="van" pos="X">van</wf>
         <wf lemma="discutir" pos="X">discutir</wf>
         <wf lemma="sobre" pos="X">sobre</wf>
         <wf lemma="el" pos="X">el</wf>
         <instance id="d000.s1653.t000" lemma="govern" pos="NOUN">govern</instance>
         <wf lemma="de" pos="X">de</wf>
         <wf lemma="la" pos="X">la</wf>
         <wf lemma="seva" pos="X">seva</wf>
         <wf lemma="casa" pos="X">casa</wf>
         <wf lemma="." pos="X">.</wf>
      </sentence>
      <sentence id="d000.s1654" source="wordnet-catalan">
         <wf lemma="aquesta" pos="X">aquesta</wf>
         <instance id="d000.s1654.t000" lemma="llauna" pos="NOUN">llauna</instance>
         <wf lemma="ha" pos="X">ha</wf>
         <wf lemma="d'" pos="X">d'</wf>
         <wf lemma="acabar" pos="X">acabar</wf>
         <wf lemma="." pos="X">.</wf>
      </sentence>
      <sentence id="d000.s1655" source="wordnet-catalan">
         <wf lemma="l'" pos="X">l'</wf>
         <wf lemma="objectiu" pos="X">objectiu</wf>
         <wf lemma="del" pos="X">del</wf>
         <instance id="d000.s1655.t000" lemma="canvi" pos="NOUN">canvi</instance>
         <wf lemma="era" pos="X">era</wf>
         <wf lemma="augmentar" pos="X">augmentar</wf>
         <wf lemma="les" pos="X">les</wf>
         <wf lemma="ventes" pos="X">ventes</wf>
         <wf lemma="." pos="X">.</wf>
      </sentence>
      <sentence id="d000.s1656" source="wordnet-catalan">
         <wf lemma="Poden" pos="X">Poden</wf>
         <wf lemma="aparèixer" pos="X">aparèixer</wf>
         <wf lemma="reaccions" pos="X">reaccions</wf>
         <wf lemma="febrils" pos="X">febrils</wf>
         <wf lemma="," pos="X">,</wf>
         <wf lemma="i" pos="X">i</wf>
         <wf lemma="menys" pos="X">menys</wf>
         <wf lemma="sovint" pos="X">sovint</wf>
         <wf lemma="," pos="X">,</wf>
         <wf lemma="un" pos="X">un</wf>
         <wf lemma="exantema" pos="X">exantema</wf>
         <wf lemma="fugaç" pos="X">fugaç</wf>
         <wf lemma="," pos="X">,</wf>
         <wf lemma="trastorns" pos="X">trastorns</wf>
         <instance id="d000.s1656.t000" lemma="catarral" pos="ADJ">catarrals</instance>
         <wf lemma="lleugers" pos="X">lleugers</wf>
         <wf lemma="o" pos="X">o</wf>
         <wf lemma="artràlgies" pos="X">artràlgies</wf>
         <wf lemma="passatgeres" pos="X">passatgeres</wf>
         <wf lemma="." pos="X">.</wf>
      </sentence>
      <sentence id="d000.s1657" source="wordnet-catalan">
         <wf lemma="El" pos="X">El</wf>
         <instance id="d000.s1657.t000" lemma="censor" pos="NOUN">censor</instance>
         <wf lemma="de" pos="X">de</wf>
         <wf lemma="la" pos="X">la</wf>
         <wf lemma="premsa" pos="X">premsa</wf>
         <wf lemma="escrita" pos="X">escrita</wf>
         <wf lemma="." pos="X">.</wf>
      </sentence>
      <sentence id="d000.s1658" source="wordnet-catalan">
         <wf lemma="un" pos="X">un</wf>
         <wf lemma="nen" pos="X">nen</wf>
         <wf lemma="molt" pos="X">molt</wf>
         <instance id="d000.s1658.t000" lemma="actiu" pos="ADJ">actiu</instance>
         <wf lemma="." pos="X">.</wf>
      </sentence>
      <sentence id="d000.s1659" source="wordnet-catalan">
         <instance id="d000.s1659.t000" lemma="font" pos="NOUN">font</instance>
         <wf lemma="lluminosa" pos="X">lluminosa</wf>
         <wf lemma="." pos="X">.</wf>
      </sentence>
      <sentence id="d000.s1660" source="wordnet-catalan">
         <wf lemma="va" pos="X">va</wf>
         <wf lemma="clavar" pos="X">clavar</wf>
         <wf lemma="la" pos="X">la</wf>
         <instance id="d000.s1660.t000" lemma="punta" pos="NOUN">punta</instance>
         <wf lemma="del" pos="X">del</wf>
         <wf lemma="ganivet" pos="X">ganivet</wf>
         <wf lemma="a" pos="X">a</wf>
         <wf lemma="l'" pos="X">l'</wf>
         <wf lemma="arbre" pos="X">arbre</wf>
         <wf lemma="." pos="X">.</wf>
      </sentence>
      <sentence id="d000.s1661" source="wordnet-catalan">
         <wf lemma="un" pos="X">un</wf>
         <instance id="d000.s1661.t000" lemma="mur" pos="NOUN">mur</instance>
         <wf lemma="d'" pos="X">d'</wf>
         <wf lemma="aigua" pos="X">aigua</wf>
         <wf lemma="." pos="X">.</wf>
      </sentence>
      <sentence id="d000.s1662" source="wordnet-catalan">
         <wf lemma="mai" pos="X">mai</wf>
         <wf lemma="no" pos="X">no</wf>
         <wf lemma="vas" pos="X">vas</wf>
         <wf lemma="pretendre" pos="X">pretendre</wf>
         <wf lemma="exercir" pos="X">exercir</wf>
         <wf lemma="una" pos="X">una</wf>
         <instance id="d000.s1662.t000" lemma="autoritat" pos="NOUN">autoritat</instance>
         <wf lemma="rigorosa" pos="X">rigorosa</wf>
         <wf lemma="." pos="X">.</wf>
      </sentence>
      <sentence id="d000.s1663" source="wordnet-catalan">
         <wf lemma="l'" pos="X">l'</wf>
         <wf lemma="expressió" pos="X">expressió</wf>
         <wf lemma="d'" pos="X">d'</wf>
         <wf lemma="agraïment" pos="X">agraïment</wf>
         <instance id="d000.s1663.t000" lemma="habitual" pos="ADJ">habitual</instance>
         <wf lemma="." pos="X">.</wf>
      </sentence>
      <sentence id="d000.s1664" source="wordnet-catalan">
         <wf lemma="la" pos="X">la</wf>
         <wf lemma="seva" pos="X">seva</wf>
         <wf lemma="proposta" pos="X">proposta</wf>
         <wf lemma="va" pos="X">va</wf>
         <wf lemma="ser" pos="X">ser</wf>
         <wf lemma="rebuda" pos="X">rebuda</wf>
         <wf lemma="amb" pos="X">amb</wf>
         <instance id="d000.s1664.t000" lemma="rebuig" pos="NOUN">rebuig</instance>
         <wf lemma="." pos="X">.</wf>
      </sentence>
      <sentence id="d000.s1665" source="wordnet-catalan">
         <wf lemma="Un" pos="X">Un</wf>
         <wf lemma="nou" pos="X">nou</wf>
         <instance id="d000.s1665.t000" lemma="revestiment" pos="NOUN">revestiment</instance>
         <wf lemma="antigrafit" pos="X">antigrafit</wf>
         <wf lemma="evita" pos="X">evita</wf>
         <wf lemma="l'" pos="X">l'</wf>
         <wf lemma="aparició" pos="X">aparició</wf>
         <wf lemma="de" pos="X">de</wf>
         <wf lemma="floridures" pos="X">floridures</wf>
         <wf lemma="als" pos="X">als</wf>
         <wf lemma="edificis" pos="X">edificis</wf>
         <wf lemma="." pos="X">.</wf>
      </sentence>
      <sentence id="d000.s1666" source="wordnet-catalan">
         <wf lemma="un" pos="X">un</wf>
         <wf lemma="cicle" pos="X">cicle</wf>
         <instance id="d000.s1666.t000" lemma="obert" pos="ADJ">obert</instance>
         <wf lemma="." pos="X">.</wf>
      </sentence>
      <sentence id="d000.s1667" source="wordnet-catalan">
         <wf lemma="la" pos="X">la</wf>
         <instance id="d000.s1667.t000" lemma="forma" pos="NOUN">forma</instance>
         <wf lemma="d'" pos="X">d'</wf>
         <wf lemma="aquesta" pos="X">aquesta</wf>
         <wf lemma="foto" pos="X">foto</wf>
         <wf lemma="és" pos="X">és</wf>
         <wf lemma="rectangular" pos="X">rectangular</wf>
         <wf lemma="." pos="X">.</wf>
      </sentence>
      <sentence id="d000.s1668" source="wordnet-catalan">
         <wf lemma="el" pos="X">el</wf>
         <wf lemma="teatre" pos="X">teatre</wf>
         <wf lemma="va" pos="X">va</wf>
         <wf lemma="ser" pos="X">ser</wf>
         <wf lemma="el" pos="X">el</wf>
         <wf lemma="seu" pos="X">seu</wf>
         <wf lemma="primer" pos="X">primer</wf>
         <instance id="d000.s1668.t000" lemma="amor" pos="NOUN">amor</instance>
         <wf lemma="." pos="X">.</wf>
      </sentence>
      <sentence id="d000.s1669" source="wordnet-catalan">
         <wf lemma="els" pos="X">els</wf>
         <wf lemma="personatges" pos="X">personatges</wf>
         <wf lemma="estaven" pos="X">estaven</wf>
         <wf lemma="ben" pos="X">ben</wf>
         <wf lemma="definits" pos="X">definits</wf>
         <wf lemma="," pos="X">,</wf>
         <wf lemma="però" pos="X">però</wf>
         <wf lemma="la" pos="X">la</wf>
         <instance id="d000.s1669.t000" lemma="trama" pos="NOUN">trama</instance>
         <wf lemma="era" pos="X">era</wf>
         <wf lemma="fluixa" pos="X">fluixa</wf>
         <wf lemma="." pos="X">.</wf>
      </sentence>
      <sentence id="d000.s1670" source="wordnet-catalan">
         <wf lemma="el" pos="X">el</wf>
         <wf lemma="verb" pos="X">verb</wf>
         <wf lemma="és" pos="X">és</wf>
         <instance id="d000.s1670.t000" lemma="part" pos="NOUN">part</instance>
         <wf lemma="de" pos="X">de</wf>
         <wf lemma="l'" pos="X">l'</wf>
         <wf lemma="oració" pos="X">oració</wf>
         <wf lemma="." pos="X">.</wf>
      </sentence>
      <sentence id="d000.s1671" source="wordnet-catalan">
         <wf lemma="És" pos="X">És</wf>
         <wf lemma="una" pos="X">una</wf>
         <wf lemma="estratègia" pos="X">estratègia</wf>
         <instance id="d000.s1671.t000" lemma="aplicable" pos="ADJ">aplicable</instance>
         <wf lemma="a" pos="X">a</wf>
         <wf lemma="qualsevol" pos="X">qualsevol</wf>
         <wf lemma="context" pos="X">context</wf>
         <wf lemma="." pos="X">.</wf>
      </sentence>
      <sentence id="d000.s1672" source="wordnet-catalan">
         <wf lemma="vivia" pos="X">vivia</wf>
         <wf lemma="al" pos="X">al</wf>
         <instance id="d000.s1672.t000" lemma="carrer" pos="NOUN">carrer</instance>
         <wf lemma="Mallorca" pos="X">Mallorca</wf>
         <wf lemma="." pos="X">.</wf>
      </sentence>
      <sentence id="d000.s1673" source="wordnet-catalan">
         <wf lemma="La" pos="X">La</wf>
         <wf lemma="policia" pos="X">policia</wf>
         <wf lemma="ha" pos="X">ha</wf>
         <wf lemma="arrestat" pos="X">arrestat</wf>
         <wf lemma="un" pos="X">un</wf>
         <instance id="d000.s1673.t000" lemma="narcotraficant" pos="NOUN">narcotraficant</instance>
         <wf lemma="." pos="X">.</wf>
      </sentence>
      <sentence id="d000.s1674" source="wordnet-catalan">
         <wf lemma="Lorca" pos="X">Lorca</wf>
         <wf lemma="va" pos="X">va</wf>
         <wf lemma="ser" pos="X">ser</wf>
         <wf lemma="un" pos="X">un</wf>
         <instance id="d000.s1674.t000" lemma="poeta" pos="NOUN">poeta</instance>
         <wf lemma="molt" pos="X">molt</wf>
         <wf lemma="important" pos="X">important</wf>
         <wf lemma="." pos="X">.</wf>
      </sentence>
      <sentence id="d000.s1675" source="wordnet-catalan">
         <wf lemma="era" pos="X">era</wf>
         <wf lemma="el" pos="X">el</wf>
         <instance id="d000.s1675.t000" lemma="responsable" pos="NOUN">responsable</instance>
         <wf lemma="de" pos="X">de</wf>
         <wf lemma="tota" pos="X">tota</wf>
         <wf lemma="l'" pos="X">l'</wf>
         <wf lemma="operació" pos="X">operació</wf>
         <wf lemma="." pos="X">.</wf>
      </sentence>
      <sentence id="d000.s1676" source="wordnet-catalan">
         <wf lemma="la" pos="X">la</wf>
         <wf lemma="seva" pos="X">seva</wf>
         <wf lemma="experiència" pos="X">experiència</wf>
         <wf lemma="en" pos="X">en</wf>
         <wf lemma="màrqueting" pos="X">màrqueting</wf>
         <wf lemma="va" pos="X">va</wf>
         <wf lemma="resultar" pos="X">resultar</wf>
         <wf lemma="molt" pos="X">molt</wf>
         <wf lemma="útil" pos="X">útil</wf>
         <wf lemma="per" pos="X">per</wf>
         <wf lemma="a" pos="X">a</wf>
         <wf lemma="l'" pos="X">l'</wf>
         <instance id="d000.s1676.t000" lemma="evolució" pos="NOUN">evolució</instance>
         <wf lemma="de" pos="X">de</wf>
         <wf lemma="l'" pos="X">l'</wf>
         <wf lemma="empresa" pos="X">empresa</wf>
         <wf lemma="." pos="X">.</wf>
      </sentence>
      <sentence id="d000.s1677" source="wordnet-catalan">
         <wf lemma="un" pos="X">un</wf>
         <instance id="d000.s1677.t000" lemma="torrent" pos="NOUN">torrent</instance>
         <wf lemma="de" pos="X">de</wf>
         <wf lemma="gent" pos="X">gent</wf>
         <wf lemma="." pos="X">.</wf>
      </sentence>
      <sentence id="d000.s1678" source="wordnet-catalan">
         <wf lemma="cuir" pos="X">cuir</wf>
         <instance id="d000.s1678.t000" lemma="genuí" pos="ADJ">genuí</instance>
         <wf lemma="." pos="X">.</wf>
      </sentence>
      <sentence id="d000.s1679" source="wordnet-catalan">
         <wf lemma="un" pos="X">un</wf>
         <wf lemma="nivell" pos="X">nivell</wf>
         <instance id="d000.s1679.t000" lemma="avançat" pos="ADJ">avançat</instance>
         <wf lemma="." pos="X">.</wf>
      </sentence>
      <sentence id="d000.s1680" source="wordnet-catalan">
         <wf lemma="L'" pos="X">L'</wf>
         <wf lemma="antropologia" pos="X">antropologia</wf>
         <wf lemma="és" pos="X">és</wf>
         <wf lemma="la" pos="X">la</wf>
         <instance id="d000.s1680.t000" lemma="disciplina" pos="NOUN">disciplina</instance>
         <wf lemma="que" pos="X">que</wf>
         <wf lemma="estudia" pos="X">estudia</wf>
         <wf lemma="els" pos="X">els</wf>
         <wf lemma="éssers" pos="X">éssers</wf>
         <wf lemma="humans" pos="X">humans</wf>
         <wf lemma="des" pos="X">des</wf>
         <wf lemma="de" pos="X">de</wf>
         <wf lemma="diverses" pos="X">diverses</wf>
         <wf lemma="perspectives" pos="X">perspectives</wf>
         <wf lemma="." pos="X">.</wf>
      </sentence>
      <sentence id="d000.s1681" source="wordnet-catalan">
         <wf lemma="Les" pos="X">Les</wf>
         <wf lemma="escoltes" pos="X">escoltes</wf>
         <wf lemma="policials" pos="X">policials</wf>
         <wf lemma="apunten" pos="X">apunten</wf>
         <wf lemma="a" pos="X">a</wf>
         <wf lemma="un" pos="X">un</wf>
         <instance id="d000.s1681.t000" lemma="suborn" pos="NOUN">suborn</instance>
         <wf lemma="entre" pos="X">entre</wf>
         <wf lemma="els" pos="X">els</wf>
         <wf lemma="alts" pos="X">alts</wf>
         <wf lemma="càrrecs" pos="X">càrrecs</wf>
         <wf lemma="de" pos="X">de</wf>
         <wf lemma="l'" pos="X">l'</wf>
         <wf lemma="ajuntament" pos="X">ajuntament</wf>
         <wf lemma="." pos="X">.</wf>
      </sentence>
      <sentence id="d000.s1682" source="wordnet-catalan">
         <wf lemma="el" pos="X">el</wf>
         <instance id="d000.s1682.t000" lemma="rigor" pos="NOUN">rigor</instance>
         <wf lemma="dels" pos="X">dels</wf>
         <wf lemma="hiverns" pos="X">hiverns</wf>
         <wf lemma="nòrdics" pos="X">nòrdics</wf>
         <wf lemma="." pos="X">.</wf>
      </sentence>
      <sentence id="d000.s1683" source="wordnet-catalan">
         <wf lemma="Els" pos="X">Els</wf>
         <wf lemma="resultats" pos="X">resultats</wf>
         <wf lemma="de" pos="X">de</wf>
         <wf lemma="les" pos="X">les</wf>
         <wf lemma="eleccions" pos="X">eleccions</wf>
         <wf lemma="van" pos="X">van</wf>
         <wf lemma="evidenciar" pos="X">evidenciar</wf>
         <wf lemma="l'" pos="X">l'</wf>
         <instance id="d000.s1683.t000" lemma="engany" pos="NOUN">engany</instance>
         <wf lemma="de" pos="X">de</wf>
         <wf lemma="l'" pos="X">l'</wf>
         <wf lemma="oposició" pos="X">oposició</wf>
         <wf lemma="." pos="X">.</wf>
      </sentence>
      <sentence id="d000.s1684" source="wordnet-catalan">
         <wf lemma="es" pos="X">es</wf>
         <wf lemma="va" pos="X">va</wf>
         <wf lemma="depilar" pos="X">depilar</wf>
         <wf lemma="amb" pos="X">amb</wf>
         <instance id="d000.s1684.t000" lemma="banda" pos="NOUN">bandes</instance>
         <wf lemma="de" pos="X">de</wf>
         <wf lemma="cera" pos="X">cera</wf>
         <wf lemma="depilatòria" pos="X">depilatòria</wf>
         <wf lemma="." pos="X">.</wf>
      </sentence>
      <sentence id="d000.s1685" source="wordnet-catalan">
         <wf lemma="li" pos="X">li</wf>
         <wf lemma="feia" pos="X">feia</wf>
         <wf lemma="mal" pos="X">mal</wf>
         <wf lemma="al" pos="X">al</wf>
         <instance id="d000.s1685.t000" lemma="costat" pos="NOUN">costat</instance>
         <wf lemma="." pos="X">.</wf>
      </sentence>
      <sentence id="d000.s1686" source="wordnet-catalan">
         <wf lemma="una" pos="X">una</wf>
         <instance id="d000.s1686.t000" lemma="senyoreta" pos="NOUN">senyoreta</instance>
         <wf lemma="de" pos="X">de</wf>
         <wf lemma="18" pos="X">18</wf>
         <wf lemma="anys" pos="X">anys</wf>
         <wf lemma="." pos="X">.</wf>
      </sentence>
      <sentence id="d000.s1687" source="wordnet-catalan">
         <wf lemma="inclús" pos="X">inclús</wf>
         <wf lemma="després" pos="X">després</wf>
         <wf lemma="de" pos="X">de</wf>
         <wf lemma="la" pos="X">la</wf>
         <instance id="d000.s1687.t000" lemma="independència" pos="NOUN">independència</instance>
         <wf lemma="van" pos="X">van</wf>
         <wf lemma="mantenir" pos="X">mantenir</wf>
         <wf lemma="bones" pos="X">bones</wf>
         <wf lemma="relacions" pos="X">relacions</wf>
         <wf lemma="amb" pos="X">amb</wf>
         <wf lemma="Anglaterra" pos="X">Anglaterra</wf>
         <wf lemma="." pos="X">.</wf>
      </sentence>
      <sentence id="d000.s1688" source="wordnet-catalan">
         <instance id="d000.s1688.t000" lemma="hora" pos="NOUN">hora</instance>
         <wf lemma="extraordinària" pos="X">extraordinària</wf>
         <wf lemma="." pos="X">.</wf>
      </sentence>
      <sentence id="d000.s1689" source="wordnet-catalan">
         <wf lemma="La" pos="X">La</wf>
         <wf lemma="llibertat" pos="X">llibertat</wf>
         <instance id="d000.s1689.t000" lemma="civil" pos="ADJ">civil</instance>
         <wf lemma="." pos="X">.</wf>
      </sentence>
      <sentence id="d000.s1690" source="wordnet-catalan">
         <wf lemma="El" pos="X">El</wf>
         <wf lemma="sobirà" pos="X">sobirà</wf>
         <wf lemma="nomena" pos="X">nomena</wf>
         <wf lemma="el" pos="X">el</wf>
         <instance id="d000.s1690.t000" lemma="cadi" pos="NOUN">cadi</instance>
         <wf lemma="." pos="X">.</wf>
      </sentence>
      <sentence id="d000.s1691" source="wordnet-catalan">
         <wf lemma="l'" pos="X">l'</wf>
         <instance id="d000.s1691.t000" lemma="exposició" pos="NOUN">exposició</instance>
         <wf lemma="del" pos="X">del</wf>
         <wf lemma="material" pos="X">material</wf>
         <wf lemma="al" pos="X">al</wf>
         <wf lemma="sol" pos="X">sol</wf>
         <wf lemma="va" pos="X">va</wf>
         <wf lemma="fer" pos="X">fer</wf>
         <wf lemma="que" pos="X">que</wf>
         <wf lemma="es" pos="X">es</wf>
         <wf lemma="descolorís" pos="X">descolorís</wf>
         <wf lemma="." pos="X">.</wf>
      </sentence>
      <sentence id="d000.s1692" source="wordnet-catalan">
         <wf lemma="el" pos="X">el</wf>
         <wf lemma="mag" pos="X">mag</wf>
         <wf lemma="va" pos="X">va</wf>
         <wf lemma="convocar" pos="X">convocar</wf>
         <wf lemma="l'" pos="X">l'</wf>
         <instance id="d000.s1692.t000" lemma="aigua" pos="NOUN">aigua</instance>
         <wf lemma="per" pos="X">per</wf>
         <wf lemma="desfer" pos="X">desfer</wf>
         <wf lemma="l'" pos="X">l'</wf>
         <wf lemma="encanteri" pos="X">encanteri</wf>
         <wf lemma="." pos="X">.</wf>
      </sentence>
      <sentence id="d000.s1693" source="wordnet-catalan">
         <wf lemma="El" pos="X">El</wf>
         <wf lemma="primer" pos="X">primer</wf>
         <wf lemma="acte" pos="X">acte</wf>
         <instance id="d000.s1693.t000" lemma="semioficial" pos="ADJ">semioficial</instance>
         <wf lemma="del" pos="X">del</wf>
         <wf lemma="nou" pos="X">nou</wf>
         <wf lemma="partit" pos="X">partit</wf>
         <wf lemma="." pos="X">.</wf>
      </sentence>
      <sentence id="d000.s1694" source="wordnet-catalan">
         <wf lemma="Aquest" pos="X">Aquest</wf>
         <wf lemma="polític" pos="X">polític</wf>
         <wf lemma="és" pos="X">és</wf>
         <wf lemma="un" pos="X">un</wf>
         <instance id="d000.s1694.t000" lemma="refugiat" pos="NOUN">refugiat</instance>
         <wf lemma="a" pos="X">a</wf>
         <wf lemma="Espanya" pos="X">Espanya</wf>
         <wf lemma="per" pos="X">per</wf>
         <wf lemma="culpa" pos="X">culpa</wf>
         <wf lemma="de" pos="X">de</wf>
         <wf lemma="les" pos="X">les</wf>
         <wf lemma="seves" pos="X">seves</wf>
         <wf lemma="idees" pos="X">idees</wf>
         <wf lemma="." pos="X">.</wf>
      </sentence>
      <sentence id="d000.s1695" source="wordnet-catalan">
         <wf lemma="l'" pos="X">l'</wf>
         <instance id="d000.s1695.t000" lemma="exposició" pos="NOUN">exposició</instance>
         <wf lemma="en" pos="X">en</wf>
         <wf lemma="color" pos="X">color</wf>
         <wf lemma="sèpia" pos="X">sèpia</wf>
         <wf lemma="va" pos="X">va</wf>
         <wf lemma="guanyar" pos="X">guanyar</wf>
         <wf lemma="el" pos="X">el</wf>
         <wf lemma="concurs" pos="X">concurs</wf>
         <wf lemma="." pos="X">.</wf>
      </sentence>
      <sentence id="d000.s1696" source="wordnet-catalan">
         <wf lemma="L'" pos="X">L'</wf>
         <wf lemma="advocat" pos="X">advocat</wf>
         <wf lemma="ha" pos="X">ha</wf>
         <wf lemma="presentat" pos="X">presentat</wf>
         <wf lemma="l'" pos="X">l'</wf>
         <instance id="d000.s1696.t000" lemma="excepció" pos="NOUN">excepció</instance>
         <wf lemma="al" pos="X">al</wf>
         <wf lemma="cas" pos="X">cas</wf>
         <wf lemma="." pos="X">.</wf>
      </sentence>
      <sentence id="d000.s1697" source="wordnet-catalan">
         <wf lemma="l'" pos="X">l'</wf>
         <wf lemma="inspector" pos="X">inspector</wf>
         <wf lemma="va" pos="X">va</wf>
         <wf lemma="fer" pos="X">fer</wf>
         <wf lemma="una" pos="X">una</wf>
         <instance id="d000.s1697.t000" lemma="visita" pos="NOUN">visita</instance>
         <wf lemma="a" pos="X">a</wf>
         <wf lemma="totes" pos="X">totes</wf>
         <wf lemma="les" pos="X">les</wf>
         <wf lemma="estacions" pos="X">estacions</wf>
         <wf lemma="del" pos="X">del</wf>
         <wf lemma="districte" pos="X">districte</wf>
         <wf lemma="." pos="X">.</wf>
      </sentence>
      <sentence id="d000.s1698" source="wordnet-catalan">
         <wf lemma="La" pos="X">La</wf>
         <wf lemma="proposta" pos="X">proposta</wf>
         <instance id="d000.s1698.t000" lemma="legislatiu" pos="ADJ">legislativa</instance>
         <wf lemma="." pos="X">.</wf>
      </sentence>
      <sentence id="d000.s1699" source="wordnet-catalan">
         <wf lemma="El" pos="X">El</wf>
         <instance id="d000.s1699.t000" lemma="moviment" pos="NOUN">moviment</instance>
         <wf lemma="de" pos="X">de</wf>
         <wf lemma="les" pos="X">les</wf>
         <wf lemma="glaceres" pos="X">glaceres</wf>
         <wf lemma="és" pos="X">és</wf>
         <wf lemma="molt" pos="X">molt</wf>
         <wf lemma="lent" pos="X">lent</wf>
         <wf lemma="però" pos="X">però</wf>
         <wf lemma="perpetu" pos="X">perpetu</wf>
         <wf lemma="." pos="X">.</wf>
      </sentence>
      <sentence id="d000.s1700" source="wordnet-catalan">
         <wf lemma="L'" pos="X">L'</wf>
         <wf lemma="empresa" pos="X">empresa</wf>
         <wf lemma="va" pos="X">va</wf>
         <wf lemma="fer" pos="X">fer</wf>
         <wf lemma="un" pos="X">un</wf>
         <instance id="d000.s1700.t000" lemma="sots-contracte" pos="NOUN">sots-contracte</instance>
         <wf lemma="a" pos="X">a</wf>
         <wf lemma="una" pos="X">una</wf>
         <wf lemma="altra" pos="X">altra</wf>
         <wf lemma="per" pos="X">per</wf>
         <wf lemma="dur" pos="X">dur</wf>
         <wf lemma="a" pos="X">a</wf>
         <wf lemma="terme" pos="X">terme</wf>
         <wf lemma="la" pos="X">la</wf>
         <wf lemma="tasca" pos="X">tasca</wf>
         <wf lemma="." pos="X">.</wf>
      </sentence>
      <sentence id="d000.s1701" source="wordnet-catalan">
         <wf lemma="El" pos="X">El</wf>
         <wf lemma="dòlar" pos="X">dòlar</wf>
         <wf lemma="és" pos="X">és</wf>
         <wf lemma="la" pos="X">la</wf>
         <instance id="d000.s1701.t000" lemma="moneda" pos="NOUN">moneda</instance>
         <wf lemma="dels" pos="X">dels</wf>
         <wf lemma="Estats" pos="X">Estats</wf>
         <wf lemma="Units" pos="X">Units</wf>
         <wf lemma="." pos="X">.</wf>
      </sentence>
      <sentence id="d000.s1702" source="wordnet-catalan">
         <wf lemma="la" pos="X">la</wf>
         <instance id="d000.s1702.t000" lemma="potència" pos="NOUN">potència</instance>
         <wf lemma="de" pos="X">de</wf>
         <wf lemma="la" pos="X">la</wf>
         <wf lemma="toxina" pos="X">toxina</wf>
         <wf lemma="." pos="X">.</wf>
      </sentence>
      <sentence id="d000.s1703" source="wordnet-catalan">
         <wf lemma="aquest" pos="X">aquest</wf>
         <wf lemma="pis" pos="X">pis</wf>
         <wf lemma="té" pos="X">té</wf>
         <wf lemma="moltes" pos="X">moltes</wf>
         <instance id="d000.s1703.t000" lemma="possibilitat" pos="NOUN">possibilitats</instance>
         <wf lemma="." pos="X">.</wf>
      </sentence>
      <sentence id="d000.s1704" source="wordnet-catalan">
         <wf lemma="la" pos="X">la</wf>
         <wf lemma="seva" pos="X">seva</wf>
         <wf lemma="intel·ligència" pos="X">intel·ligència</wf>
         <wf lemma="i" pos="X">i</wf>
         <instance id="d000.s1704.t000" lemma="coneixement" pos="NOUN">coneixements</instance>
         <wf lemma="generals" pos="X">generals</wf>
         <wf lemma="eren" pos="X">eren</wf>
         <wf lemma="impressionants" pos="X">impressionants</wf>
         <wf lemma="." pos="X">.</wf>
      </sentence>
      <sentence id="d000.s1705" source="wordnet-catalan">
         <wf lemma="han" pos="X">han</wf>
         <wf lemma="canviat" pos="X">canviat</wf>
         <wf lemma="els" pos="X">els</wf>
         <instance id="d000.s1705.t000" lemma="hàbit" pos="NOUN">hàbits</instance>
         <wf lemma="alimentaris" pos="X">alimentaris</wf>
         <wf lemma="." pos="X">.</wf>
      </sentence>
      <sentence id="d000.s1706" source="wordnet-catalan">
         <wf lemma="el" pos="X">el</wf>
         <instance id="d000.s1706.t000" lemma="tipus" pos="NOUN">tipus</instance>
         <wf lemma="petit" pos="X">petit</wf>
         <wf lemma="és" pos="X">és</wf>
         <wf lemma="difícil" pos="X">difícil</wf>
         <wf lemma="de" pos="X">de</wf>
         <wf lemma="llegir" pos="X">llegir</wf>
         <wf lemma="." pos="X">.</wf>
      </sentence>
      <sentence id="d000.s1707" source="wordnet-catalan">
         <wf lemma="el" pos="X">el</wf>
         <wf lemma="seu" pos="X">seu</wf>
         <wf lemma="pare" pos="X">pare</wf>
         <wf lemma="volia" pos="X">volia</wf>
         <wf lemma="que" pos="X">que</wf>
         <wf lemma="estudiés" pos="X">estudiés</wf>
         <instance id="d000.s1707.t000" lemma="economia" pos="NOUN">economia</instance>
         <wf lemma="." pos="X">.</wf>
      </sentence>
      <sentence id="d000.s1708" source="wordnet-catalan">
         <wf lemma="terminologia" pos="X">terminologia</wf>
         <instance id="d000.s1708.t000" lemma="especialitzat" pos="ADJ">especialitzada</instance>
         <wf lemma="." pos="X">.</wf>
      </sentence>
      <sentence id="d000.s1709" source="wordnet-catalan">
         <wf lemma="va" pos="X">va</wf>
         <wf lemma="seguir" pos="X">seguir</wf>
         <wf lemma="tractant" pos="X">tractant</wf>
         <wf lemma="de" pos="X">de</wf>
         <wf lemma="veure" pos="X">veure</wf>
         <wf lemma="la" pos="X">la</wf>
         <wf lemma="meva" pos="X">meva</wf>
         <instance id="d000.s1709.t000" lemma="mà" pos="NOUN">mà</instance>
         <wf lemma="." pos="X">.</wf>
      </sentence>
      <sentence id="d000.s1710" source="wordnet-catalan">
         <wf lemma="el" pos="X">el</wf>
         <wf lemma="treball" pos="X">treball</wf>
         <wf lemma="s'" pos="X">s'</wf>
         <wf lemma="ha" pos="X">ha</wf>
         <wf lemma="de" pos="X">de</wf>
         <wf lemma="presentar" pos="X">presentar</wf>
         <instance id="d000.s1710.t000" lemma="demà" pos="NOUN">demà</instance>
         <wf lemma="." pos="X">.</wf>
      </sentence>
      <sentence id="d000.s1711" source="wordnet-catalan">
         <wf lemma="La" pos="X">La</wf>
         <instance id="d000.s1711.t000" lemma="lliga" pos="NOUN">lliga</instance>
         <wf lemma="d'" pos="X">d'</wf>
         <wf lemma="Estats" pos="X">Estats</wf>
         <wf lemma="Àrabs" pos="X">Àrabs</wf>
         <wf lemma="." pos="X">.</wf>
      </sentence>
      <sentence id="d000.s1712" source="wordnet-catalan">
         <wf lemma="El" pos="X">El</wf>
         <wf lemma="periodista" pos="X">periodista</wf>
         <wf lemma="va" pos="X">va</wf>
         <wf lemma="denunciar" pos="X">denunciar</wf>
         <wf lemma="el" pos="X">el</wf>
         <instance id="d000.s1712.t000" lemma="segrest" pos="NOUN">segrest</instance>
         <wf lemma="dels" pos="X">dels</wf>
         <wf lemma="turistes" pos="X">turistes</wf>
         <wf lemma="al" pos="X">al</wf>
         <wf lemma="desert" pos="X">desert</wf>
         <wf lemma="." pos="X">.</wf>
      </sentence>
      <sentence id="d000.s1713" source="wordnet-catalan">
         <wf lemma="va" pos="X">va</wf>
         <wf lemma="argumentar" pos="X">argumentar</wf>
         <wf lemma="que" pos="X">que</wf>
         <wf lemma="la" pos="X">la</wf>
         <instance id="d000.s1713.t000" lemma="referència" pos="NOUN">referència</instance>
         <wf lemma="és" pos="X">és</wf>
         <wf lemma="conseqüència" pos="X">conseqüència</wf>
         <wf lemma="dels" pos="X">dels</wf>
         <wf lemma="reflexos" pos="X">reflexos</wf>
         <wf lemma="condicionats" pos="X">condicionats</wf>
         <wf lemma="." pos="X">.</wf>
      </sentence>
      <sentence id="d000.s1714" source="wordnet-catalan">
         <wf lemma="Els" pos="X">Els</wf>
         <wf lemma="metges" pos="X">metges</wf>
         <wf lemma="van" pos="X">van</wf>
         <instance id="d000.s1714.t000" lemma="operar" pos="VERB">operar</instance>
         <wf lemma="al" pos="X">al</wf>
         <wf lemma="pacient" pos="X">pacient</wf>
         <wf lemma="," pos="X">,</wf>
         <wf lemma="però" pos="X">però</wf>
         <wf lemma="no" pos="X">no</wf>
         <wf lemma="van" pos="X">van</wf>
         <wf lemma="poder" pos="X">poder</wf>
         <wf lemma="salvar" pos="X">salvar</wf>
         <wf lemma="la" pos="X">la</wf>
         <wf lemma="seva" pos="X">seva</wf>
         <wf lemma="vida" pos="X">vida</wf>
         <wf lemma="." pos="X">.</wf>
      </sentence>
      <sentence id="d000.s1715" source="wordnet-catalan">
         <wf lemma="la" pos="X">la</wf>
         <wf lemma="és" pos="X">és</wf>
         <wf lemma="un" pos="X">un</wf>
         <wf lemma="pronom" pos="X">pronom</wf>
         <wf lemma="en" pos="X">en</wf>
         <instance id="d000.s1715.t000" lemma="cas" pos="NOUN">cas</instance>
         <wf lemma="acusatiu" pos="X">acusatiu</wf>
         <wf lemma="." pos="X">.</wf>
      </sentence>
      <sentence id="d000.s1716" source="wordnet-catalan">
         <wf lemma="va" pos="X">va</wf>
         <wf lemma="mirar" pos="X">mirar</wf>
         <wf lemma="cap" pos="X">cap</wf>
         <wf lemma="a" pos="X">a</wf>
         <wf lemma="una" pos="X">una</wf>
         <wf lemma="altra" pos="X">altra</wf>
         <instance id="d000.s1716.t000" lemma="direcció" pos="NOUN">direcció</instance>
         <wf lemma="." pos="X">.</wf>
      </sentence>
      <sentence id="d000.s1717" source="wordnet-catalan">
         <wf lemma="Una" pos="X">Una</wf>
         <wf lemma="decisió" pos="X">decisió</wf>
         <instance id="d000.s1717.t000" lemma="judicial" pos="ADJ">judicial</instance>
         <wf lemma="." pos="X">.</wf>
      </sentence>
      <sentence id="d000.s1718" source="wordnet-catalan">
         <instance id="d000.s1718.t000" lemma="preu" pos="NOUN">preu</instance>
         <wf lemma="de" pos="X">de</wf>
         <wf lemma="cost" pos="X">cost</wf>
         <wf lemma="." pos="X">.</wf>
      </sentence>
      <sentence id="d000.s1719" source="wordnet-catalan">
         <wf lemma="l'" pos="X">l'</wf>
         <wf lemma="obra" pos="X">obra</wf>
         <wf lemma="és" pos="X">és</wf>
         <wf lemma="una" pos="X">una</wf>
         <instance id="d000.s1719.t000" lemma="adaptació" pos="NOUN">adaptació</instance>
         <wf lemma="d'" pos="X">d'</wf>
         <wf lemma="una" pos="X">una</wf>
         <wf lemma="novel·la" pos="X">novel·la</wf>
         <wf lemma="curta" pos="X">curta</wf>
         <wf lemma="." pos="X">.</wf>
      </sentence>
      <sentence id="d000.s1720" source="wordnet-catalan">
         <wf lemma="Vaig" pos="X">Vaig</wf>
         <wf lemma="sentir" pos="X">sentir</wf>
         <wf lemma="un" pos="X">un</wf>
         <wf lemma="impuls" pos="X">impuls</wf>
         <instance id="d000.s1720.t000" lemma="urgent" pos="ADJ">urgent</instance>
         <wf lemma="de" pos="X">de</wf>
         <wf lemma="confessar" pos="X">confessar</wf>
         <wf lemma="." pos="X">.</wf>
      </sentence>
      <sentence id="d000.s1721" source="wordnet-catalan">
         <wf lemma="va" pos="X">va</wf>
         <wf lemma="treure" pos="X">treure</wf>
         <wf lemma="el" pos="X">el</wf>
         <wf lemma="seu" pos="X">seu</wf>
         <instance id="d000.s1721.t000" lemma="costat" pos="NOUN">costat</instance>
         <wf lemma="més" pos="X">més</wf>
         <wf lemma="bo." pos="X">bo.</wf>
      </sentence>
      <sentence id="d000.s1722" source="wordnet-catalan">
         <wf lemma="La" pos="X">La</wf>
         <wf lemma="llicència" pos="X">llicència</wf>
         <instance id="d000.s1722.t000" lemma="marital" pos="ADJ">marital</instance>
         <wf lemma="." pos="X">.</wf>
      </sentence>
      <sentence id="d000.s1723" source="wordnet-catalan">
         <wf lemma="les" pos="X">les</wf>
         <instance id="d000.s1723.t000" lemma="albor" pos="NOUN">albors</instance>
         <wf lemma="del" pos="X">del</wf>
         <wf lemma="món" pos="X">món</wf>
         <wf lemma="." pos="X">.</wf>
      </sentence>
      <sentence id="d000.s1724" source="wordnet-catalan">
         <wf lemma="una" pos="X">una</wf>
         <instance id="d000.s1724.t000" lemma="tendència" pos="NOUN">tendència</instance>
         <wf lemma="a" pos="X">a</wf>
         <wf lemma="ser" pos="X">ser</wf>
         <wf lemma="massa" pos="X">massa</wf>
         <wf lemma="estricte" pos="X">estricte</wf>
         <wf lemma="." pos="X">.</wf>
      </sentence>
      <sentence id="d000.s1725" source="wordnet-catalan">
         <wf lemma="tinc" pos="X">tinc</wf>
         <wf lemma="problemes" pos="X">problemes</wf>
         <wf lemma="per" pos="X">per</wf>
         <wf lemma="recordar" pos="X">recordar</wf>
         <wf lemma="el" pos="X">el</wf>
         <wf lemma="nom" pos="X">nom</wf>
         <wf lemma="de" pos="X">de</wf>
         <wf lemma="totes" pos="X">totes</wf>
         <wf lemma="les" pos="X">les</wf>
         <wf lemma="meves" pos="X">meves</wf>
         <instance id="d000.s1725.t000" lemma="amistat" pos="NOUN">amistats</instance>
         <wf lemma="." pos="X">.</wf>
      </sentence>
      <sentence id="d000.s1726" source="wordnet-catalan">
         <wf lemma="el" pos="X">el</wf>
         <instance id="d000.s1726.t000" lemma="quid" pos="NOUN">quid</instance>
         <wf lemma="d'" pos="X">d'</wf>
         <wf lemma="aquesta" pos="X">aquesta</wf>
         <wf lemma="història" pos="X">història</wf>
         <wf lemma="." pos="X">.</wf>
      </sentence>
      <sentence id="d000.s1727" source="wordnet-catalan">
         <wf lemma="Es" pos="X">Es</wf>
         <wf lemma="va" pos="X">va</wf>
         <wf lemma="presentar" pos="X">presentar</wf>
         <wf lemma="com" pos="X">com</wf>
         <wf lemma="a" pos="X">a</wf>
         <instance id="d000.s1727.t000" lemma="interventor" pos="NOUN">interventor</instance>
         <wf lemma="al" pos="X">al</wf>
         <wf lemma="juici" pos="X">juici</wf>
         <wf lemma="." pos="X">.</wf>
      </sentence>
      <sentence id="d000.s1728" source="wordnet-catalan">
         <wf lemma="l'" pos="X">l'</wf>
         <instance id="d000.s1728.t000" lemma="autoritat" pos="NOUN">autoritat</instance>
         <wf lemma="eclasiàtica" pos="X">eclasiàtica</wf>
         <wf lemma="es" pos="X">es</wf>
         <wf lemma="va" pos="X">va</wf>
         <wf lemma="pronunciar" pos="X">pronunciar</wf>
         <wf lemma="en" pos="X">en</wf>
         <wf lemma="contra" pos="X">contra</wf>
         <wf lemma="." pos="X">.</wf>
      </sentence>
      <sentence id="d000.s1729" source="wordnet-catalan">
         <wf lemma="una" pos="X">una</wf>
         <wf lemma="escola" pos="X">escola</wf>
         <wf lemma="de" pos="X">de</wf>
         <wf lemma="molta" pos="X">molta</wf>
         <instance id="d000.s1729.t000" lemma="qualitat" pos="NOUN">qualitat</instance>
         <wf lemma="." pos="X">.</wf>
      </sentence>
      <sentence id="d000.s1730" source="wordnet-catalan">
         <wf lemma="el" pos="X">el</wf>
         <instance id="d000.s1730.t000" lemma="desenvolupament" pos="NOUN">desenvolupament</instance>
         <wf lemma="de" pos="X">de</wf>
         <wf lemma="la" pos="X">la</wf>
         <wf lemma="cultura" pos="X">cultura</wf>
         <wf lemma="." pos="X">.</wf>
      </sentence>
      <sentence id="d000.s1731" source="wordnet-catalan">
         <wf lemma="ens" pos="X">ens</wf>
         <wf lemma="van" pos="X">van</wf>
         <wf lemma="ensenyar" pos="X">ensenyar</wf>
         <wf lemma="les" pos="X">les</wf>
         <instance id="d000.s1731.t000" lemma="foto" pos="NOUN">fotos</instance>
         <wf lemma="de" pos="X">de</wf>
         <wf lemma="la" pos="X">la</wf>
         <wf lemma="boda" pos="X">boda</wf>
         <wf lemma="." pos="X">.</wf>
      </sentence>
      <sentence id="d000.s1732" source="wordnet-catalan">
         <wf lemma="les" pos="X">les</wf>
         <instance id="d000.s1732.t000" lemma="àrea" pos="NOUN">àrees</instance>
         <wf lemma="d'" pos="X">d'</wf>
         <wf lemma="interès" pos="X">interès</wf>
         <wf lemma="inclouen" pos="X">inclouen</wf>
         <wf lemma="." pos="X">.</wf>
      </sentence>
      <sentence id="d000.s1733" source="wordnet-catalan">
         <wf lemma="em" pos="X">em</wf>
         <wf lemma="casaré" pos="X">casaré</wf>
         <wf lemma="al" pos="X">al</wf>
         <wf lemma="mes" pos="X">mes</wf>
         <wf lemma="d'" pos="X">d'</wf>
         <instance id="d000.s1733.t000" lemma="octubre" pos="NOUN">octubre</instance>
         <wf lemma="perqué" pos="X">perqué</wf>
         <wf lemma="és" pos="X">és</wf>
         <wf lemma="més" pos="X">més</wf>
         <wf lemma="barat" pos="X">barat</wf>
         <wf lemma="." pos="X">.</wf>
      </sentence>
      <sentence id="d000.s1734" source="wordnet-catalan">
         <wf lemma="va" pos="X">va</wf>
         <wf lemma="publicar" pos="X">publicar</wf>
         <wf lemma="un" pos="X">un</wf>
         <wf lemma="disc" pos="X">disc</wf>
         <wf lemma="amb" pos="X">amb</wf>
         <wf lemma="quatre" pos="X">quatre</wf>
         <instance id="d000.s1734.t000" lemma="tema" pos="NOUN">temes</instance>
         <wf lemma="inèdits" pos="X">inèdits</wf>
         <wf lemma="." pos="X">.</wf>
      </sentence>
      <sentence id="d000.s1735" source="wordnet-catalan">
         <wf lemma="la" pos="X">la</wf>
         <instance id="d000.s1735.t000" lemma="publicitat" pos="NOUN">publicitat</instance>
         <wf lemma="del" pos="X">del</wf>
         <wf lemma="judici" pos="X">judici</wf>
         <wf lemma="." pos="X">.</wf>
      </sentence>
      <sentence id="d000.s1736" source="wordnet-catalan">
         <wf lemma="Va" pos="X">Va</wf>
         <wf lemma="posar" pos="X">posar</wf>
         <wf lemma="una" pos="X">una</wf>
         <wf lemma="alta" pos="X">alta</wf>
         <instance id="d000.s1736.t000" lemma="valoració" pos="NOUN">valoració</instance>
         <wf lemma="en" pos="X">en</wf>
         <wf lemma="l'" pos="X">l'</wf>
         <wf lemma="amistat" pos="X">amistat</wf>
         <wf lemma="." pos="X">.</wf>
      </sentence>
      <sentence id="d000.s1737" source="wordnet-catalan">
         <wf lemma="la" pos="X">la</wf>
         <instance id="d000.s1737.t000" lemma="base" pos="NOUN">base</instance>
         <wf lemma="d'" pos="X">d'</wf>
         <wf lemma="un" pos="X">un</wf>
         <wf lemma="triangle" pos="X">triangle</wf>
         <wf lemma="." pos="X">.</wf>
      </sentence>
      <sentence id="d000.s1738" source="wordnet-catalan">
         <wf lemma="L'" pos="X">L'</wf>
         <instance id="d000.s1738.t000" lemma="adquisició" pos="NOUN">adquisició</instance>
         <wf lemma="lenta" pos="X">lenta</wf>
         <wf lemma="d'" pos="X">d'</wf>
         <wf lemma="una" pos="X">una</wf>
         <wf lemma="propietat" pos="X">propietat</wf>
         <wf lemma="legítima" pos="X">legítima</wf>
         <wf lemma="no" pos="X">no</wf>
         <wf lemma="és" pos="X">és</wf>
         <wf lemma="lo" pos="X">lo</wf>
         <wf lemma="mateix" pos="X">mateix</wf>
         <wf lemma="que" pos="X">que</wf>
         <wf lemma="la" pos="X">la</wf>
         <wf lemma="conquista" pos="X">conquista</wf>
         <wf lemma="violenta" pos="X">violenta</wf>
         <wf lemma="d'" pos="X">d'</wf>
         <wf lemma="una" pos="X">una</wf>
         <wf lemma="propietat" pos="X">propietat</wf>
         <wf lemma="que" pos="X">que</wf>
         <wf lemma="s'" pos="X">s'</wf>
         <wf lemma="agafa" pos="X">agafa</wf>
         <wf lemma="." pos="X">.</wf>
      </sentence>
      <sentence id="d000.s1739" source="wordnet-catalan">
         <wf lemma="té" pos="X">té</wf>
         <wf lemma="un" pos="X">un</wf>
         <wf lemma="telèfon" pos="X">telèfon</wf>
         <instance id="d000.s1739.t000" lemma="dolent" pos="ADJ">dolent</instance>
         <wf lemma="." pos="X">.</wf>
      </sentence>
      <sentence id="d000.s1740" source="wordnet-catalan">
         <wf lemma="perd" pos="X">perd</wf>
         <wf lemma="el" pos="X">el</wf>
         <wf lemma="temps" pos="X">temps</wf>
         <wf lemma="amb" pos="X">amb</wf>
         <wf lemma="el" pos="X">el</wf>
         <instance id="d000.s1740.t000" lemma="joc" pos="NOUN">joc</instance>
         <wf lemma="que" pos="X">que</wf>
         <wf lemma="li" pos="X">li</wf>
         <wf lemma="vam" pos="X">vam</wf>
         <wf lemma="regalar" pos="X">regalar</wf>
         <wf lemma="." pos="X">.</wf>
      </sentence>
      <sentence id="d000.s1741" source="wordnet-catalan">
         <wf lemma="L'" pos="X">L'</wf>
         <wf lemma="ontologia" pos="X">ontologia</wf>
         <wf lemma="té" pos="X">té</wf>
         <wf lemma="com" pos="X">com</wf>
         <wf lemma="a" pos="X">a</wf>
         <wf lemma="objectiu" pos="X">objectiu</wf>
         <wf lemma="descriure" pos="X">descriure</wf>
         <wf lemma="o" pos="X">o</wf>
         <wf lemma="posar" pos="X">posar</wf>
         <wf lemma="les" pos="X">les</wf>
         <wf lemma="categories" pos="X">categories</wf>
         <wf lemma="i" pos="X">i</wf>
         <wf lemma="relacions" pos="X">relacions</wf>
         <wf lemma="bàsiques" pos="X">bàsiques</wf>
         <wf lemma="entre" pos="X">entre</wf>
         <wf lemma="les" pos="X">les</wf>
         <wf lemma="diferents" pos="X">diferents</wf>
         <instance id="d000.s1741.t000" lemma="entitat" pos="NOUN">entitats</instance>
         <wf lemma="." pos="X">.</wf>
      </sentence>
      <sentence id="d000.s1742" source="wordnet-catalan">
         <wf lemma="mal" pos="X">mal</wf>
         <instance id="d000.s1742.t000" lemma="temps" pos="NOUN">temps</instance>
         <wf lemma="." pos="X">.</wf>
      </sentence>
      <sentence id="d000.s1743" source="wordnet-catalan">
         <wf lemma="una" pos="X">una</wf>
         <instance id="d000.s1743.t000" lemma="escissió" pos="NOUN">escissió</instance>
         <wf lemma="de" pos="X">de</wf>
         <wf lemma="la" pos="X">la</wf>
         <wf lemma="família" pos="X">família</wf>
         <wf lemma="i" pos="X">i</wf>
         <wf lemma="el" pos="X">el</wf>
         <wf lemma="veïnat" pos="X">veïnat</wf>
         <wf lemma="." pos="X">.</wf>
      </sentence>
      <sentence id="d000.s1744" source="wordnet-catalan">
         <wf lemma="líders" pos="X">líders</wf>
         <instance id="d000.s1744.t000" lemma="públic" pos="ADJ">públics</instance>
         <wf lemma="." pos="X">.</wf>
      </sentence>
      <sentence id="d000.s1745" source="wordnet-catalan">
         <wf lemma="van" pos="X">van</wf>
         <wf lemma="trobar" pos="X">trobar</wf>
         <wf lemma="els" pos="X">els</wf>
         <wf lemma="fugitius" pos="X">fugitius</wf>
         <wf lemma="a" pos="X">a</wf>
         <instance id="d000.s1745.t000" lemma="territori" pos="NOUN">territori</instance>
         <wf lemma="francès" pos="X">francès</wf>
         <wf lemma="." pos="X">.</wf>
      </sentence>
      <sentence id="d000.s1746" source="wordnet-catalan">
         <wf lemma="van" pos="X">van</wf>
         <wf lemma="seure" pos="X">seure</wf>
         <wf lemma="prop" pos="X">prop</wf>
         <wf lemma="del" pos="X">del</wf>
         <instance id="d000.s1746.t000" lemma="foc" pos="NOUN">foc</instance>
         <wf lemma="i" pos="X">i</wf>
         <wf lemma="van" pos="X">van</wf>
         <wf lemma="parlar" pos="X">parlar</wf>
         <wf lemma="." pos="X">.</wf>
      </sentence>
      <sentence id="d000.s1747" source="wordnet-catalan">
         <wf lemma="Un" pos="X">Un</wf>
         <wf lemma="govern" pos="X">govern</wf>
         <instance id="d000.s1747.t000" lemma="provisional" pos="ADJ">provisional</instance>
         <wf lemma="." pos="X">.</wf>
      </sentence>
      <sentence id="d000.s1748" source="wordnet-catalan">
         <wf lemma="estava" pos="X">estava</wf>
         <wf lemma="rodejat" pos="X">rodejat</wf>
         <wf lemma="de" pos="X">de</wf>
         <wf lemma="gent" pos="X">gent</wf>
         <instance id="d000.s1748.t000" lemma="malvat" pos="ADJ">malvada</instance>
         <wf lemma="." pos="X">.</wf>
      </sentence>
      <sentence id="d000.s1749" source="wordnet-catalan">
         <wf lemma="la" pos="X">la</wf>
         <wf lemma="policia" pos="X">policia</wf>
         <wf lemma="va" pos="X">va</wf>
         <wf lemma="proporcionar" pos="X">proporcionar</wf>
         <wf lemma="una" pos="X">una</wf>
         <instance id="d000.s1749.t000" lemma="dada" pos="NOUN">dada</instance>
         <wf lemma="rellevant" pos="X">rellevant</wf>
         <wf lemma="." pos="X">.</wf>
      </sentence>
      <sentence id="d000.s1750" source="wordnet-catalan">
         <wf lemma="el" pos="X">el</wf>
         <instance id="d000.s1750.t000" lemma="fi" pos="NOUN">fi</instance>
         <wf lemma="justifica" pos="X">justifica</wf>
         <wf lemma="els" pos="X">els</wf>
         <wf lemma="mitjans" pos="X">mitjans</wf>
         <wf lemma="." pos="X">.</wf>
      </sentence>
      <sentence id="d000.s1751" source="wordnet-catalan">
         <wf lemma="S'" pos="X">S'</wf>
         <wf lemma="ha" pos="X">ha</wf>
         <wf lemma="portat" pos="X">portat</wf>
         <wf lemma="sempre" pos="X">sempre</wf>
         <wf lemma="de" pos="X">de</wf>
         <wf lemma="manera" pos="X">manera</wf>
         <instance id="d000.s1751.t000" lemma="cívic" pos="ADJ">cívica</instance>
         <wf lemma="amb" pos="X">amb</wf>
         <wf lemma="tots" pos="X">tots</wf>
         <wf lemma="." pos="X">.</wf>
      </sentence>
      <sentence id="d000.s1752" source="wordnet-catalan">
         <wf lemma="la" pos="X">la</wf>
         <wf lemma="ciència" pos="X">ciència</wf>
         <wf lemma="ens" pos="X">ens</wf>
         <wf lemma="ha" pos="X">ha</wf>
         <wf lemma="proporcionar" pos="X">proporcionar</wf>
         <wf lemma="noves" pos="X">noves</wf>
         <instance id="d000.s1752.t000" lemma="eina" pos="NOUN">eines</instance>
         <wf lemma="per" pos="X">per</wf>
         <wf lemma="lluitar" pos="X">lluitar</wf>
         <wf lemma="contra" pos="X">contra</wf>
         <wf lemma="les" pos="X">les</wf>
         <wf lemma="enfermetats" pos="X">enfermetats</wf>
         <wf lemma="." pos="X">.</wf>
      </sentence>
      <sentence id="d000.s1753" source="wordnet-catalan">
         <wf lemma="Els" pos="X">Els</wf>
         <wf lemma="principis" pos="X">principis</wf>
         <wf lemma="fonamentals" pos="X">fonamentals</wf>
         <wf lemma="del" pos="X">del</wf>
         <instance id="d000.s1753.t000" lemma="constitucionalisme" pos="NOUN">constitucionalisme</instance>
         <wf lemma="." pos="X">.</wf>
      </sentence>
      <sentence id="d000.s1754" source="wordnet-catalan">
         <wf lemma="Aquest" pos="X">Aquest</wf>
         <wf lemma="any" pos="X">any</wf>
         <wf lemma="l'" pos="X">l'</wf>
         <wf lemma="empresa" pos="X">empresa</wf>
         <wf lemma="ha" pos="X">ha</wf>
         <wf lemma="augmentat" pos="X">augmentat</wf>
         <wf lemma="els" pos="X">els</wf>
         <wf lemma="sues" pos="X">sues</wf>
         <instance id="d000.s1754.t000" lemma="ingrés" pos="NOUN">ingressos</instance>
         <wf lemma="." pos="X">.</wf>
      </sentence>
      <sentence id="d000.s1755" source="wordnet-catalan">
         <wf lemma="va" pos="X">va</wf>
         <wf lemma="seure" pos="X">seure</wf>
         <wf lemma="al" pos="X">al</wf>
         <instance id="d000.s1755.t000" lemma="marge" pos="NOUN">marge</instance>
         <wf lemma="del" pos="X">del</wf>
         <wf lemma="riu" pos="X">riu</wf>
         <wf lemma="i" pos="X">i</wf>
         <wf lemma="va" pos="X">va</wf>
         <wf lemma="mirar" pos="X">mirar</wf>
         <wf lemma="la" pos="X">la</wf>
         <wf lemma="corrent" pos="X">corrent</wf>
         <wf lemma="." pos="X">.</wf>
      </sentence>
      <sentence id="d000.s1756" source="wordnet-catalan">
         <wf lemma="revistes" pos="X">revistes</wf>
         <instance id="d000.s1756.t000" lemma="científic" pos="ADJ">científiques</instance>
         <wf lemma="." pos="X">.</wf>
      </sentence>
      <sentence id="d000.s1757" source="wordnet-catalan">
         <wf lemma="Tenen" pos="X">Tenen</wf>
         <wf lemma="molts" pos="X">molts</wf>
         <wf lemma="diners" pos="X">diners</wf>
         <wf lemma="en" pos="X">en</wf>
         <instance id="d000.s1757.t000" lemma="dipòsit" pos="NOUN">dipòsit</instance>
         <wf lemma="." pos="X">.</wf>
      </sentence>
      <sentence id="d000.s1758" source="wordnet-catalan">
         <wf lemma="hi" pos="X">hi</wf>
         <wf lemma="havia" pos="X">havia</wf>
         <wf lemma="un" pos="X">un</wf>
         <instance id="d000.s1758.t000" lemma="punt" pos="NOUN">punt</instance>
         <wf lemma="de" pos="X">de</wf>
         <wf lemma="sarcasme" pos="X">sarcasme</wf>
         <wf lemma="en" pos="X">en</wf>
         <wf lemma="el" pos="X">el</wf>
         <wf lemma="to" pos="X">to</wf>
         <wf lemma="que" pos="X">que</wf>
         <wf lemma="va" pos="X">va</wf>
         <wf lemma="utilitzar" pos="X">utilitzar</wf>
         <wf lemma="." pos="X">.</wf>
      </sentence>
      <sentence id="d000.s1759" source="wordnet-catalan">
         <wf lemma="corrent" pos="X">corrent</wf>
         <instance id="d000.s1759.t000" lemma="elèctric" pos="ADJ">elèctric</instance>
         <wf lemma="." pos="X">.</wf>
      </sentence>
      <sentence id="d000.s1760" source="wordnet-catalan">
         <wf lemma="El" pos="X">El</wf>
         <instance id="d000.s1760.t000" lemma="legislador" pos="NOUN">legislador</instance>
         <wf lemma="ha" pos="X">ha</wf>
         <wf lemma="promulgat" pos="X">promulgat</wf>
         <wf lemma="la" pos="X">la</wf>
         <wf lemma="nova" pos="X">nova</wf>
         <wf lemma="reforma" pos="X">reforma</wf>
         <wf lemma="laboral" pos="X">laboral</wf>
         <wf lemma="." pos="X">.</wf>
      </sentence>
      <sentence id="d000.s1761" source="wordnet-catalan">
         <instance id="d000.s1761.t000" lemma="recompte" pos="NOUN">recompte</instance>
         <wf lemma="globular" pos="X">globular</wf>
         <wf lemma="." pos="X">.</wf>
      </sentence>
      <sentence id="d000.s1762" source="wordnet-catalan">
         <wf lemma="la" pos="X">la</wf>
         <wf lemma="seva" pos="X">seva</wf>
         <instance id="d000.s1762.t000" lemma="parla" pos="NOUN">parla</instance>
         <wf lemma="era" pos="X">era</wf>
         <wf lemma="pesada" pos="X">pesada</wf>
         <wf lemma="." pos="X">.</wf>
      </sentence>
      <sentence id="d000.s1763" source="wordnet-catalan">
         <wf lemma="li" pos="X">li</wf>
         <wf lemma="quedaven" pos="X">quedaven</wf>
         <wf lemma="cinc" pos="X">cinc</wf>
         <instance id="d000.s1763.t000" lemma="plaç" pos="NOUN">plaços</instance>
         <wf lemma="per" pos="X">per</wf>
         <wf lemma="pagar" pos="X">pagar</wf>
         <wf lemma="el" pos="X">el</wf>
         <wf lemma="cotxe" pos="X">cotxe</wf>
         <wf lemma="." pos="X">.</wf>
      </sentence>
      <sentence id="d000.s1764" source="wordnet-catalan">
         <wf lemma="tenia" pos="X">tenia</wf>
         <wf lemma="una" pos="X">una</wf>
         <instance id="d000.s1764.t000" lemma="inclinació" pos="NOUN">inclinació</instance>
         <wf lemma="a" pos="X">a</wf>
         <wf lemma="abandonar-ho" pos="X">abandonar-ho</wf>
         <wf lemma="tot" pos="X">tot</wf>
         <wf lemma="massa" pos="X">massa</wf>
         <wf lemma="d'" pos="X">d'</wf>
         <wf lemma="hora" pos="X">hora</wf>
         <wf lemma="." pos="X">.</wf>
      </sentence>
      <sentence id="d000.s1765" source="wordnet-catalan">
         <wf lemma="es" pos="X">es</wf>
         <wf lemma="va" pos="X">va</wf>
         <wf lemma="esfumar" pos="X">esfumar</wf>
         <wf lemma="a" pos="X">a</wf>
         <wf lemma="l'" pos="X">l'</wf>
         <instance id="d000.s1765.t000" lemma="aire" pos="NOUN">aire</instance>
         <wf lemma="." pos="X">.</wf>
      </sentence>
      <sentence id="d000.s1766" source="wordnet-catalan">
         <wf lemma="Un" pos="X">Un</wf>
         <wf lemma="peix" pos="X">peix</wf>
         <wf lemma="té" pos="X">té</wf>
         <wf lemma="un" pos="X">un</wf>
         <wf lemma="cor" pos="X">cor</wf>
         <instance id="d000.s1766.t000" lemma="bicameral" pos="ADJ">bicameral</instance>
         <wf lemma="." pos="X">.</wf>
      </sentence>
      <sentence id="d000.s1767" source="wordnet-catalan">
         <wf lemma="volia" pos="X">volia</wf>
         <wf lemma="ser" pos="X">ser</wf>
         <wf lemma="el" pos="X">el</wf>
         <instance id="d000.s1767.t000" lemma="primer" pos="NOUN">primer</instance>
         <wf lemma="." pos="X">.</wf>
      </sentence>
      <sentence id="d000.s1768" source="wordnet-catalan">
         <wf lemma="es" pos="X">es</wf>
         <wf lemma="va" pos="X">va</wf>
         <wf lemma="comprar" pos="X">comprar</wf>
         <wf lemma="un" pos="X">un</wf>
         <wf lemma="cotxe" pos="X">cotxe</wf>
         <wf lemma="de" pos="X">de</wf>
         <wf lemma="la" pos="X">la</wf>
         <instance id="d000.s1768.t000" lemma="casa" pos="NOUN">casa</instance>
         <wf lemma="Seat" pos="X">Seat</wf>
         <wf lemma="." pos="X">.</wf>
      </sentence>
      <sentence id="d000.s1769" source="wordnet-catalan">
         <wf lemma="van" pos="X">van</wf>
         <wf lemma="estar" pos="X">estar</wf>
         <wf lemma="xerrant" pos="X">xerrant</wf>
         <wf lemma="tota" pos="X">tota</wf>
         <wf lemma="la" pos="X">la</wf>
         <wf lemma="nit" pos="X">nit</wf>
         <wf lemma="," pos="X">,</wf>
         <wf lemma="fins" pos="X">fins</wf>
         <wf lemma="a" pos="X">a</wf>
         <wf lemma="la" pos="X">la</wf>
         <instance id="d000.s1769.t000" lemma="matinada" pos="NOUN">matinada</instance>
         <wf lemma="." pos="X">.</wf>
      </sentence>
      <sentence id="d000.s1770" source="wordnet-catalan">
         <wf lemma="Per" pos="X">Per</wf>
         <wf lemma="una" pos="X">una</wf>
         <wf lemma="bona" pos="X">bona</wf>
         <instance id="d000.s1770.t000" lemma="comunicació" pos="NOUN">comunicació</instance>
         <wf lemma="," pos="X">,</wf>
         <wf lemma="és" pos="X">és</wf>
         <wf lemma="necessari" pos="X">necessari</wf>
         <wf lemma="saber" pos="X">saber</wf>
         <wf lemma="escoltar" pos="X">escoltar</wf>
         <wf lemma="." pos="X">.</wf>
      </sentence>
      <sentence id="d000.s1771" source="wordnet-catalan">
         <wf lemma="va" pos="X">va</wf>
         <wf lemma="saltar" pos="X">saltar</wf>
         <wf lemma="a" pos="X">a</wf>
         <wf lemma="la" pos="X">la</wf>
         <instance id="d000.s1771.t000" lemma="conclusió" pos="NOUN">conclusió</instance>
         <wf lemma="." pos="X">.</wf>
      </sentence>
      <sentence id="d000.s1772" source="wordnet-catalan">
         <wf lemma="després" pos="X">després</wf>
         <wf lemma="de" pos="X">de</wf>
         <wf lemma="l'" pos="X">l'</wf>
         <wf lemma="acomiadament" pos="X">acomiadament</wf>
         <wf lemma="va" pos="X">va</wf>
         <wf lemma="recorre" pos="X">recorre</wf>
         <wf lemma="al" pos="X">al</wf>
         <instance id="d000.s1772.t000" lemma="sindicat" pos="NOUN">sindicat</instance>
         <wf lemma="." pos="X">.</wf>
      </sentence>
      <sentence id="d000.s1773" source="wordnet-catalan">
         <wf lemma="a" pos="X">a</wf>
         <wf lemma="vegades" pos="X">vegades</wf>
         <wf lemma="grups" pos="X">grups</wf>
         <wf lemma="relativament" pos="X">relativament</wf>
         <wf lemma="petits" pos="X">petits</wf>
         <wf lemma="poden" pos="X">poden</wf>
         <wf lemma="exercir" pos="X">exercir</wf>
         <wf lemma="molta" pos="X">molta</wf>
         <instance id="d000.s1773.t000" lemma="influència" pos="NOUN">influència</instance>
         <wf lemma="en" pos="X">en</wf>
         <wf lemma="l'" pos="X">l'</wf>
         <wf lemma="esfera" pos="X">esfera</wf>
         <wf lemma="política" pos="X">política</wf>
         <wf lemma="." pos="X">.</wf>
      </sentence>
      <sentence id="d000.s1774" source="wordnet-catalan">
         <wf lemma="Les" pos="X">Les</wf>
         <wf lemma="restriccions" pos="X">restriccions</wf>
         <instance id="d000.s1774.t000" lemma="estatutari" pos="ADJ">estatutàries</instance>
         <wf lemma="." pos="X">.</wf>
      </sentence>
      <sentence id="d000.s1775" source="wordnet-catalan">
         <wf lemma="a" pos="X">a</wf>
         <wf lemma="la" pos="X">la</wf>
         <wf lemma="reunió" pos="X">reunió</wf>
         <wf lemma="hi" pos="X">hi</wf>
         <wf lemma="van" pos="X">van</wf>
         <wf lemma="acudir" pos="X">acudir</wf>
         <wf lemma="els" pos="X">els</wf>
         <instance id="d000.s1775.t000" lemma="representant" pos="NOUN">representants</instance>
         <wf lemma="dels" pos="X">dels</wf>
         <wf lemma="òrgans" pos="X">òrgans</wf>
         <wf lemma="més" pos="X">més</wf>
         <wf lemma="alts" pos="X">alts</wf>
         <wf lemma="del" pos="X">del</wf>
         <wf lemma="govern" pos="X">govern</wf>
         <wf lemma="." pos="X">.</wf>
      </sentence>
      <sentence id="d000.s1776" source="wordnet-catalan">
         <wf lemma="la" pos="X">la</wf>
         <instance id="d000.s1776.t000" lemma="referència" pos="NOUN">referència</instance>
         <wf lemma="de" pos="X">de</wf>
         <wf lemma="'" pos="X">'</wf>
         <wf lemma="satèl·lit" pos="X">satèl·lit</wf>
         <wf lemma="de" pos="X">de</wf>
         <wf lemma="Mart" pos="X">Mart</wf>
         <wf lemma="'" pos="X">'</wf>
         <wf lemma="és" pos="X">és</wf>
         <wf lemma="un" pos="X">un</wf>
         <wf lemma="conjunt" pos="X">conjunt</wf>
         <wf lemma="format" pos="X">format</wf>
         <wf lemma="només" pos="X">només</wf>
         <wf lemma="per" pos="X">per</wf>
         <wf lemma="Deimos" pos="X">Deimos</wf>
         <wf lemma="i" pos="X">i</wf>
         <wf lemma="Fobos" pos="X">Fobos</wf>
         <wf lemma="." pos="X">.</wf>
      </sentence>
      <sentence id="d000.s1777" source="wordnet-catalan">
         <wf lemma="El" pos="X">El</wf>
         <instance id="d000.s1777.t000" lemma="fiscal" pos="NOUN">fiscal</instance>
         <wf lemma="va" pos="X">va</wf>
         <wf lemma="presentar" pos="X">presentar</wf>
         <wf lemma="una" pos="X">una</wf>
         <wf lemma="acusació" pos="X">acusació</wf>
         <wf lemma="greu" pos="X">greu</wf>
         <wf lemma="contra" pos="X">contra</wf>
         <wf lemma="l'" pos="X">l'</wf>
         <wf lemma="empresa" pos="X">empresa</wf>
         <wf lemma="." pos="X">.</wf>
      </sentence>
      <sentence id="d000.s1778" source="wordnet-catalan">
         <wf lemma="volia" pos="X">volia</wf>
         <wf lemma="donar" pos="X">donar</wf>
         <wf lemma="la" pos="X">la</wf>
         <instance id="d000.s1778.t000" lemma="impressió" pos="NOUN">impressió</instance>
         <wf lemma="d'" pos="X">d'</wf>
         <wf lemma="èxit" pos="X">èxit</wf>
         <wf lemma="." pos="X">.</wf>
      </sentence>
      <sentence id="d000.s1779" source="wordnet-catalan">
         <instance id="d000.s1779.t000" lemma="ajut" pos="NOUN">ajuts</instance>
         <wf lemma="econòmics" pos="X">econòmics</wf>
         <wf lemma="per" pos="X">per</wf>
         <wf lemma="a" pos="X">a</wf>
         <wf lemma="les" pos="X">les</wf>
         <wf lemma="àrees" pos="X">àrees</wf>
         <wf lemma="deprimides" pos="X">deprimides</wf>
         <wf lemma="." pos="X">.</wf>
      </sentence>
      <sentence id="d000.s1780" source="wordnet-catalan">
         <wf lemma="els" pos="X">els</wf>
         <wf lemma="miners" pos="X">miners</wf>
         <wf lemma="van" pos="X">van</wf>
         <wf lemma="quedar" pos="X">quedar</wf>
         <wf lemma="atrapats" pos="X">atrapats</wf>
         <wf lemma="dues" pos="X">dues</wf>
         <wf lemma="hores" pos="X">hores</wf>
         <wf lemma="dins" pos="X">dins</wf>
         <wf lemma="la" pos="X">la</wf>
         <instance id="d000.s1780.t000" lemma="mina" pos="NOUN">mina</instance>
         <wf lemma="." pos="X">.</wf>
      </sentence>
      <sentence id="d000.s1781" source="wordnet-catalan">
         <wf lemma="un" pos="X">un</wf>
         <instance id="d000.s1781.t000" lemma="llenguatge" pos="NOUN">llenguatge</instance>
         <wf lemma="orquestral" pos="X">orquestral</wf>
         <wf lemma="imaginatiu" pos="X">imaginatiu</wf>
         <wf lemma="." pos="X">.</wf>
      </sentence>
      <sentence id="d000.s1782" source="wordnet-catalan">
         <wf lemma="a" pos="X">a</wf>
         <wf lemma="la" pos="X">la</wf>
         <wf lemma="seva" pos="X">seva</wf>
         <instance id="d000.s1782.t000" lemma="època" pos="NOUN">època</instance>
         <wf lemma="," pos="X">,</wf>
         <wf lemma="va" pos="X">va</wf>
         <wf lemma="ser" pos="X">ser</wf>
         <wf lemma="un" pos="X">un</wf>
         <wf lemma="gran" pos="X">gran</wf>
         <wf lemma="actor" pos="X">actor</wf>
         <wf lemma="." pos="X">.</wf>
      </sentence>
      <sentence id="d000.s1783" source="wordnet-catalan">
         <wf lemma="El" pos="X">El</wf>
         <wf lemma="nou" pos="X">nou</wf>
         <wf lemma="producte" pos="X">producte</wf>
         <wf lemma="ha" pos="X">ha</wf>
         <wf lemma="tingut" pos="X">tingut</wf>
         <wf lemma="una" pos="X">una</wf>
         <instance id="d000.s1783.t000" lemma="avaluació" pos="NOUN">avaluació</instance>
         <wf lemma="positiva" pos="X">positiva</wf>
         <wf lemma="pel" pos="X">pel</wf>
         <wf lemma="mercat" pos="X">mercat</wf>
         <wf lemma="." pos="X">.</wf>
      </sentence>
      <sentence id="d000.s1784" source="wordnet-catalan">
         <wf lemma="va" pos="X">va</wf>
         <wf lemma="córrer" pos="X">córrer</wf>
         <wf lemma="una" pos="X">una</wf>
         <wf lemma="milla" pos="X">milla</wf>
         <wf lemma="en" pos="X">en</wf>
         <wf lemma="quatre" pos="X">quatre</wf>
         <instance id="d000.s1784.t000" lemma="minut" pos="NOUN">minuts</instance>
         <wf lemma="." pos="X">.</wf>
      </sentence>
      <sentence id="d000.s1785" source="wordnet-catalan">
         <wf lemma="va" pos="X">va</wf>
         <wf lemma="fer" pos="X">fer</wf>
         <wf lemma="una" pos="X">una</wf>
         <instance id="d000.s1785.t000" lemma="demostració" pos="NOUN">demostració</instance>
         <wf lemma="del" pos="X">del</wf>
         <wf lemma="producte" pos="X">producte</wf>
         <wf lemma="als" pos="X">als</wf>
         <wf lemma="clients" pos="X">clients</wf>
         <wf lemma="." pos="X">.</wf>
      </sentence>
      <sentence id="d000.s1786" source="wordnet-catalan">
         <wf lemma="hi" pos="X">hi</wf>
         <wf lemma="ha" pos="X">ha</wf>
         <wf lemma="dues" pos="X">dues</wf>
         <instance id="d000.s1786.t000" lemma="posició" pos="NOUN">posicions</instance>
         <wf lemma="irreconciliables" pos="X">irreconciliables</wf>
         <wf lemma="." pos="X">.</wf>
      </sentence>
      <sentence id="d000.s1787" source="wordnet-catalan">
         <wf lemma="el" pos="X">el</wf>
         <instance id="d000.s1787.t000" lemma="valor" pos="NOUN">valor</instance>
         <wf lemma="final" pos="X">final</wf>
         <wf lemma="de" pos="X">de</wf>
         <wf lemma="la" pos="X">la</wf>
         <wf lemma="suma" pos="X">suma</wf>
         <wf lemma="és" pos="X">és</wf>
         <wf lemma="de" pos="X">de</wf>
         <wf lemma="12.938" pos="X">12.938</wf>
         <wf lemma="." pos="X">.</wf>
      </sentence>
      <sentence id="d000.s1788" source="wordnet-catalan">
         <wf lemma="deixeu" pos="X">deixeu</wf>
         <wf lemma="que" pos="X">que</wf>
         <wf lemma="doni" pos="X">doni</wf>
         <wf lemma="la" pos="X">la</wf>
         <wf lemma="seva" pos="X">seva</wf>
         <instance id="d000.s1788.t000" lemma="opinió" pos="NOUN">opinió</instance>
         <wf lemma="." pos="X">.</wf>
      </sentence>
      <sentence id="d000.s1789" source="wordnet-catalan">
         <wf lemma="no" pos="X">no</wf>
         <wf lemma="podia" pos="X">podia</wf>
         <wf lemma="donar" pos="X">donar</wf>
         <instance id="d000.s1789.t000" lemma="sortida" pos="NOUN">sortida</instance>
         <wf lemma="als" pos="X">als</wf>
         <wf lemma="sentiments" pos="X">sentiments</wf>
         <wf lemma="d'" pos="X">d'</wf>
         <wf lemma="altra" pos="X">altra</wf>
         <wf lemma="manera" pos="X">manera</wf>
         <wf lemma="." pos="X">.</wf>
      </sentence>
      <sentence id="d000.s1790" source="wordnet-catalan">
         <wf lemma="vaig" pos="X">vaig</wf>
         <wf lemma="parlar" pos="X">parlar</wf>
         <wf lemma="amb" pos="X">amb</wf>
         <wf lemma="ell" pos="X">ell</wf>
         <wf lemma="per" pos="X">per</wf>
         <instance id="d000.s1790.t000" lemma="telèfon" pos="NOUN">telèfon</instance>
         <wf lemma="." pos="X">.</wf>
      </sentence>
      <sentence id="d000.s1791" source="wordnet-catalan">
         <wf lemma="el" pos="X">el</wf>
         <wf lemma="sopar" pos="X">sopar</wf>
         <wf lemma="i" pos="X">i</wf>
         <wf lemma="el" pos="X">el</wf>
         <wf lemma="cinema" pos="X">cinema</wf>
         <wf lemma="van" pos="X">van</wf>
         <wf lemma="estar" pos="X">estar</wf>
         <instance id="d000.s1791.t000" lemma="bé" pos="ADJ">bé</instance>
         <wf lemma="." pos="X">.</wf>
      </sentence>
      <sentence id="d000.s1792" source="wordnet-catalan">
         <wf lemma="Les" pos="X">Les</wf>
         <wf lemma="muntanyes" pos="X">muntanyes</wf>
         <wf lemma="corren" pos="X">corren</wf>
         <instance id="d000.s1792.t000" lemma="col·lateral" pos="ADJ">col·laterals</instance>
         <wf lemma="." pos="X">.</wf>
      </sentence>
      <sentence id="d000.s1793" source="wordnet-catalan">
         <wf lemma="El" pos="X">El</wf>
         <wf lemma="concert" pos="X">concert</wf>
         <wf lemma="de" pos="X">de</wf>
         <instance id="d000.s1793.t000" lemma="cloenda" pos="NOUN">cloenda</instance>
         <wf lemma="va" pos="X">va</wf>
         <wf lemma="ser" pos="X">ser</wf>
         <wf lemma="el" pos="X">el</wf>
         <wf lemma="diumenge" pos="X">diumenge</wf>
         <wf lemma="passat" pos="X">passat</wf>
         <wf lemma="." pos="X">.</wf>
      </sentence>
      <sentence id="d000.s1794" source="wordnet-catalan">
         <wf lemma="No" pos="X">No</wf>
         <wf lemma="té" pos="X">té</wf>
         <wf lemma="cap" pos="X">cap</wf>
         <instance id="d000.s1794.t000" lemma="signe" pos="NOUN">signe</instance>
         <wf lemma="d" pos="X">d</wf>
         <wf lemma="estar" pos="X">estar</wf>
         <wf lemma="malalt" pos="X">malalt</wf>
         <wf lemma="." pos="X">.</wf>
      </sentence>
      <sentence id="d000.s1795" source="wordnet-catalan">
         <wf lemma="l'" pos="X">l'</wf>
         <instance id="d000.s1795.t000" lemma="impuls" pos="NOUN">impuls</instance>
         <wf lemma="del" pos="X">del</wf>
         <wf lemma="cotxe" pos="X">cotxe</wf>
         <wf lemma="el" pos="X">el</wf>
         <wf lemma="va" pos="X">va</wf>
         <wf lemma="llençar" pos="X">llençar</wf>
         <wf lemma="fora" pos="X">fora</wf>
         <wf lemma="de" pos="X">de</wf>
         <wf lemma="la" pos="X">la</wf>
         <wf lemma="carretera" pos="X">carretera</wf>
         <wf lemma="." pos="X">.</wf>
      </sentence>
      <sentence id="d000.s1796" source="wordnet-catalan">
         <wf lemma="la" pos="X">la</wf>
         <instance id="d000.s1796.t000" lemma="tendència" pos="NOUN">tendència</instance>
         <wf lemma="del" pos="X">del</wf>
         <wf lemma="mercat" pos="X">mercat</wf>
         <wf lemma="borsari" pos="X">borsari</wf>
         <wf lemma="." pos="X">.</wf>
      </sentence>
      <sentence id="d000.s1797" source="wordnet-catalan">
         <wf lemma="va" pos="X">va</wf>
         <wf lemma="pujar" pos="X">pujar</wf>
         <wf lemma="a" pos="X">a</wf>
         <wf lemma="l'" pos="X">l'</wf>
         <instance id="d000.s1797.t000" lemma="estudi" pos="NOUN">estudi</instance>
         <wf lemma="per" pos="X">per</wf>
         <wf lemma="acabar" pos="X">acabar</wf>
         <wf lemma="d'" pos="X">d'</wf>
         <wf lemma="escriure" pos="X">escriure</wf>
         <wf lemma="la" pos="X">la</wf>
         <wf lemma="seva" pos="X">seva</wf>
         <wf lemma="úlitma" pos="X">úlitma</wf>
         <wf lemma="novel·la" pos="X">novel·la</wf>
         <wf lemma="." pos="X">.</wf>
      </sentence>
      <sentence id="d000.s1798" source="wordnet-catalan">
         <wf lemma="la" pos="X">la</wf>
         <instance id="d000.s1798.t000" lemma="freqüència" pos="NOUN">freqüència</instance>
         <wf lemma="de" pos="X">de</wf>
         <wf lemma="modulació" pos="X">modulació</wf>
         <wf lemma="era" pos="X">era</wf>
         <wf lemma="de" pos="X">de</wf>
         <wf lemma="40" pos="X">40</wf>
         <wf lemma="cicles" pos="X">cicles</wf>
         <wf lemma="per" pos="X">per</wf>
         <wf lemma="segon" pos="X">segon</wf>
         <wf lemma="." pos="X">.</wf>
      </sentence>
      <sentence id="d000.s1799" source="wordnet-catalan">
         <wf lemma="la" pos="X">la</wf>
         <wf lemma="marca" pos="X">marca</wf>
         <wf lemma="del" pos="X">del</wf>
         <wf lemma="gènere" pos="X">gènere</wf>
         <wf lemma="és" pos="X">és</wf>
         <wf lemma="un" pos="X">un</wf>
         <wf lemma="tipus" pos="X">tipus</wf>
         <wf lemma="d'" pos="X">d'</wf>
         <instance id="d000.s1799.t000" lemma="accident" pos="NOUN">accident</instance>
         <wf lemma="." pos="X">.</wf>
      </sentence>
      <sentence id="d000.s1800" source="wordnet-catalan">
         <wf lemma="un" pos="X">un</wf>
         <wf lemma="bon" pos="X">bon</wf>
         <wf lemma="negoci" pos="X">negoci</wf>
         <wf lemma="es" pos="X">es</wf>
         <wf lemma="basa" pos="X">basa</wf>
         <wf lemma="en" pos="X">en</wf>
         <wf lemma="una" pos="X">una</wf>
         <wf lemma="oferta" pos="X">oferta</wf>
         <wf lemma="amb" pos="X">amb</wf>
         <wf lemma="bones" pos="X">bones</wf>
         <instance id="d000.s1800.t000" lemma="mercaderia" pos="NOUN">mercaderies</instance>
         <wf lemma="." pos="X">.</wf>
      </sentence>
      <sentence id="d000.s1801" source="wordnet-catalan">
         <wf lemma="L'" pos="X">L'</wf>
         <instance id="d000.s1801.t000" lemma="examinador" pos="NOUN">examinador</instance>
         <wf lemma="buscava" pos="X">buscava</wf>
         <wf lemma="pistes" pos="X">pistes</wf>
         <wf lemma="." pos="X">.</wf>
      </sentence>
      <sentence id="d000.s1802" source="wordnet-catalan">
         <wf lemma="anaven" pos="X">anaven</wf>
         <wf lemma="a" pos="X">a</wf>
         <wf lemma="veure" pos="X">veure</wf>
         <wf lemma="una" pos="X">una</wf>
         <instance id="d000.s1802.t000" lemma="pel·lícula" pos="NOUN">pel·lícula</instance>
         <wf lemma="cada" pos="X">cada</wf>
         <wf lemma="dissabte" pos="X">dissabte</wf>
         <wf lemma="a" pos="X">a</wf>
         <wf lemma="la" pos="X">la</wf>
         <wf lemma="nit" pos="X">nit</wf>
         <wf lemma="." pos="X">.</wf>
      </sentence>
      <sentence id="d000.s1803" source="wordnet-catalan">
         <wf lemma="aquest" pos="X">aquest</wf>
         <instance id="d000.s1803.t000" lemma="tipus" pos="NOUN">tipus</instance>
         <wf lemma="de" pos="X">de</wf>
         <wf lemma="preguntes" pos="X">preguntes</wf>
         <wf lemma="no" pos="X">no</wf>
         <wf lemma="es" pos="X">es</wf>
         <wf lemma="fan" pos="X">fan</wf>
         <wf lemma="." pos="X">.</wf>
      </sentence>
      <sentence id="d000.s1804" source="wordnet-catalan">
         <wf lemma="El" pos="X">El</wf>
         <instance id="d000.s1804.t000" lemma="pretor" pos="NOUN">pretor</instance>
         <wf lemma="administrava" pos="X">administrava</wf>
         <wf lemma="la" pos="X">la</wf>
         <wf lemma="justícia" pos="X">justícia</wf>
         <wf lemma="." pos="X">.</wf>
      </sentence>
      <sentence id="d000.s1805" source="wordnet-catalan">
         <wf lemma="Un" pos="X">Un</wf>
         <wf lemma="camí" pos="X">camí</wf>
         <instance id="d000.s1805.t000" lemma="negociable" pos="ADJ">negociable</instance>
         <wf lemma="." pos="X">.</wf>
      </sentence>
      <sentence id="d000.s1806" source="wordnet-catalan">
         <wf lemma="L'" pos="X">L'</wf>
         <instance id="d000.s1806.t000" lemma="acusat" pos="NOUN">acusat</instance>
         <wf lemma="va" pos="X">va</wf>
         <wf lemma="començar" pos="X">començar</wf>
         <wf lemma="a" pos="X">a</wf>
         <wf lemma="plorar" pos="X">plorar</wf>
         <wf lemma="durant" pos="X">durant</wf>
         <wf lemma="la" pos="X">la</wf>
         <wf lemma="seva" pos="X">seva</wf>
         <wf lemma="declaració" pos="X">declaració</wf>
         <wf lemma="." pos="X">.</wf>
      </sentence>
      <sentence id="d000.s1807" source="wordnet-catalan">
         <wf lemma="un" pos="X">un</wf>
         <instance id="d000.s1807.t000" lemma="salt" pos="NOUN">salt</instance>
         <wf lemma="exitós" pos="X">exitós</wf>
         <wf lemma="de" pos="X">de</wf>
         <wf lemma="la" pos="X">la</wf>
         <wf lemma="segona" pos="X">segona</wf>
         <wf lemma="a" pos="X">a</wf>
         <wf lemma="la" pos="X">la</wf>
         <wf lemma="primera" pos="X">primera</wf>
         <wf lemma="divisió" pos="X">divisió</wf>
         <wf lemma="." pos="X">.</wf>
      </sentence>
      <sentence id="d000.s1808" source="wordnet-catalan">
         <wf lemma="les" pos="X">les</wf>
         <wf lemma="reaccions" pos="X">reaccions</wf>
         <wf lemma="diferents" pos="X">diferents</wf>
         <wf lemma="reflectien" pos="X">reflectien</wf>
         <wf lemma="les" pos="X">les</wf>
         <wf lemma="seves" pos="X">seves</wf>
         <instance id="d000.s1808.t000" lemma="personalitat" pos="NOUN">personalitats</instance>
         <wf lemma="diferents" pos="X">diferents</wf>
         <wf lemma="." pos="X">.</wf>
      </sentence>
      <sentence id="d000.s1809" source="wordnet-catalan">
         <wf lemma="L'" pos="X">L'</wf>
         <wf lemma="advocat" pos="X">advocat</wf>
         <wf lemma="va" pos="X">va</wf>
         <wf lemma="mediar" pos="X">mediar</wf>
         <wf lemma="perquè" pos="X">perquè</wf>
         <wf lemma="s'" pos="X">s'</wf>
         <wf lemma="aconseguís" pos="X">aconseguís</wf>
         <wf lemma="una" pos="X">una</wf>
         <instance id="d000.s1809.t000" lemma="adjudicació" pos="NOUN">adjudicació</instance>
         <wf lemma="favorable" pos="X">favorable</wf>
         <wf lemma="." pos="X">.</wf>
      </sentence>
      <sentence id="d000.s1810" source="wordnet-catalan">
         <wf lemma="quina" pos="X">quina</wf>
         <wf lemma="és" pos="X">és</wf>
         <wf lemma="la" pos="X">la</wf>
         <wf lemma="seva" pos="X">seva</wf>
         <instance id="d000.s1810.t000" lemma="impressió" pos="NOUN">impressió</instance>
         <wf lemma="sobre" pos="X">sobre</wf>
         <wf lemma="la" pos="X">la</wf>
         <wf lemma="crisi" pos="X">crisi</wf>
         <wf lemma="?" pos="X">?</wf>
      </sentence>
      <sentence id="d000.s1811" source="wordnet-catalan">
         <wf lemma="una" pos="X">una</wf>
         <wf lemma="descripció" pos="X">descripció</wf>
         <instance id="d000.s1811.t000" lemma="parcial" pos="ADJ">parcial</instance>
         <wf lemma="." pos="X">.</wf>
      </sentence>
      <sentence id="d000.s1812" source="wordnet-catalan">
         <wf lemma="La" pos="X">La</wf>
         <wf lemma="policia" pos="X">policia</wf>
         <wf lemma="va" pos="X">va</wf>
         <wf lemma="descobrir" pos="X">descobrir</wf>
         <wf lemma="a" pos="X">a</wf>
         <wf lemma="temps" pos="X">temps</wf>
         <wf lemma="l" pos="X">l</wf>
         <instance id="d000.s1812.t000" lemma="artefacte" pos="NOUN">artefacte</instance>
         <wf lemma="explosiu" pos="X">explosiu</wf>
         <wf lemma="." pos="X">.</wf>
      </sentence>
      <sentence id="d000.s1813" source="wordnet-catalan">
         <wf lemma="el" pos="X">el</wf>
         <instance id="d000.s1813.t000" lemma="cultiu" pos="NOUN">cultiu</instance>
         <wf lemma="de" pos="X">de</wf>
         <wf lemma="les" pos="X">les</wf>
         <wf lemma="ostres" pos="X">ostres</wf>
         <wf lemma="." pos="X">.</wf>
      </sentence>
      <sentence id="d000.s1814" source="wordnet-catalan">
         <wf lemma="l'" pos="X">l'</wf>
         <instance id="d000.s1814.t000" lemma="atur" pos="NOUN">atur</instance>
         <wf lemma="és" pos="X">és</wf>
         <wf lemma="un" pos="X">un</wf>
         <wf lemma="problema" pos="X">problema</wf>
         <wf lemma="social" pos="X">social</wf>
         <wf lemma="greu" pos="X">greu</wf>
         <wf lemma="." pos="X">.</wf>
      </sentence>
      <sentence id="d000.s1815" source="wordnet-catalan">
         <wf lemma="tipus" pos="X">tipus</wf>
         <wf lemma="d'" pos="X">d'</wf>
         <instance id="d000.s1815.t000" lemma="interès" pos="NOUN">interès</instance>
         <wf lemma="." pos="X">.</wf>
      </sentence>
      <sentence id="d000.s1816" source="wordnet-catalan">
         <wf lemma="els" pos="X">els</wf>
         <wf lemma="arxius" pos="X">arxius</wf>
         <wf lemma="proporcionen" pos="X">proporcionen</wf>
         <instance id="d000.s1816.t000" lemma="material" pos="NOUN">material</instance>
         <wf lemma="molt" pos="X">molt</wf>
         <wf lemma="ric" pos="X">ric</wf>
         <wf lemma="per" pos="X">per</wf>
         <wf lemma="a" pos="X">a</wf>
         <wf lemma="una" pos="X">una</wf>
         <wf lemma="biografia" pos="X">biografia</wf>
         <wf lemma="definitiva" pos="X">definitiva</wf>
         <wf lemma="." pos="X">.</wf>
      </sentence>
      <sentence id="d000.s1817" source="wordnet-catalan">
         <instance id="d000.s1817.t000" lemma="operació" pos="NOUN">operació</instance>
         <wf lemma="tornada" pos="X">tornada</wf>
         <wf lemma="." pos="X">.</wf>
      </sentence>
      <sentence id="d000.s1818" source="wordnet-catalan">
         <wf lemma="van" pos="X">van</wf>
         <wf lemma="poder" pos="X">poder</wf>
         <wf lemma="portar" pos="X">portar</wf>
         <wf lemma="als" pos="X">als</wf>
         <wf lemma="seus" pos="X">seus</wf>
         <instance id="d000.s1818.t000" lemma="fill" pos="NOUN">fills</instance>
         <wf lemma="a" pos="X">a</wf>
         <wf lemma="l'" pos="X">l'</wf>
         <wf lemma="escola" pos="X">escola</wf>
         <wf lemma="." pos="X">.</wf>
      </sentence>
      <sentence id="d000.s1819" source="wordnet-catalan">
         <wf lemma="&quot;" pos="X">&quot;</wf>
         <wf lemma="no" pos="X">no</wf>
         <wf lemma="puc" pos="X">puc</wf>
         <wf lemma="pensar" pos="X">pensar</wf>
         <wf lemma="que" pos="X">que</wf>
         <wf lemma="sigui" pos="X">sigui</wf>
         <wf lemma="un" pos="X">un</wf>
         <instance id="d000.s1819.t000" lemma="infortuni" pos="NOUN">infortuni</instance>
         <wf lemma="que" pos="X">que</wf>
         <wf lemma="es" pos="X">es</wf>
         <wf lemma="concedeixi" pos="X">concedeixi</wf>
         <wf lemma="més" pos="X">més</wf>
         <wf lemma="indulgència" pos="X">indulgència</wf>
         <wf lemma="a" pos="X">a</wf>
         <wf lemma="les" pos="X">les</wf>
         <wf lemma="dones" pos="X">dones</wf>
         <wf lemma="que" pos="X">que</wf>
         <wf lemma="als" pos="X">als</wf>
         <wf lemma="homes" pos="X">homes</wf>
         <wf lemma="&quot;" pos="X">&quot;</wf>
         <wf lemma="-" pos="X">-</wf>
         <wf lemma="James" pos="X">James</wf>
         <wf lemma="Boswell" pos="X">Boswell</wf>
         <wf lemma="." pos="X">.</wf>
      </sentence>
      <sentence id="d000.s1820" source="wordnet-catalan">
         <wf lemma="la" pos="X">la</wf>
         <wf lemma="Maria" pos="X">Maria</wf>
         <wf lemma="té" pos="X">té</wf>
         <wf lemma="molt" pos="X">molt</wf>
         <instance id="d000.s1820.t000" lemma="interès" pos="NOUN">interès</instance>
         <wf lemma="per" pos="X">per</wf>
         <wf lemma="la" pos="X">la</wf>
         <wf lemma="música" pos="X">música</wf>
         <wf lemma="." pos="X">.</wf>
      </sentence>
      <sentence id="d000.s1821" source="wordnet-catalan">
         <wf lemma="La" pos="X">La</wf>
         <wf lemma="tècnica" pos="X">tècnica</wf>
         <instance id="d000.s1821.t000" lemma="probatori" pos="ADJ">probatòria</instance>
         <wf lemma="." pos="X">.</wf>
      </sentence>
      <sentence id="d000.s1822" source="wordnet-catalan">
         <wf lemma="La" pos="X">La</wf>
         <wf lemma="ciutat" pos="X">ciutat</wf>
         <wf lemma="necessita" pos="X">necessita</wf>
         <wf lemma="un" pos="X">un</wf>
         <wf lemma="pla" pos="X">pla</wf>
         <wf lemma="urgent" pos="X">urgent</wf>
         <wf lemma="d'" pos="X">d'</wf>
         <instance id="d000.s1822.t000" lemma="abastament" pos="NOUN">abastament</instance>
         <wf lemma="d'" pos="X">d'</wf>
         <wf lemma="aigua" pos="X">aigua</wf>
         <wf lemma="." pos="X">.</wf>
      </sentence>
      <sentence id="d000.s1823" source="wordnet-catalan">
         <wf lemma="la" pos="X">la</wf>
         <instance id="d000.s1823.t000" lemma="selecció" pos="NOUN">selecció</instance>
         <wf lemma="espanyola" pos="X">espanyola</wf>
         <wf lemma="va" pos="X">va</wf>
         <wf lemma="perdre" pos="X">perdre</wf>
         <wf lemma="el" pos="X">el</wf>
         <wf lemma="partit" pos="X">partit</wf>
         <wf lemma="." pos="X">.</wf>
      </sentence>
      <sentence id="d000.s1824" source="wordnet-catalan">
         <instance id="d000.s1824.t000" lemma="comerç" pos="NOUN">comerç</instance>
         <wf lemma="internacional" pos="X">internacional</wf>
         <wf lemma="amb" pos="X">amb</wf>
         <wf lemma="Mèxic" pos="X">Mèxic</wf>
         <wf lemma="." pos="X">.</wf>
      </sentence>
      <sentence id="d000.s1825" source="wordnet-catalan">
         <wf lemma="un" pos="X">un</wf>
         <instance id="d000.s1825.t000" lemma="rostre" pos="NOUN">rostre</instance>
         <wf lemma="dur" pos="X">dur</wf>
         <wf lemma="." pos="X">.</wf>
      </sentence>
      <sentence id="d000.s1826" source="wordnet-catalan">
         <wf lemma="Sóc" pos="X">Sóc</wf>
         <wf lemma="un" pos="X">un</wf>
         <instance id="d000.s1826.t000" lemma="jurat" pos="NOUN">jurat</instance>
         <wf lemma="en" pos="X">en</wf>
         <wf lemma="el" pos="X">el</wf>
         <wf lemma="cas" pos="X">cas</wf>
         <wf lemma="d'" pos="X">d'</wf>
         <wf lemma="agressió" pos="X">agressió</wf>
         <wf lemma="." pos="X">.</wf>
      </sentence>
      <sentence id="d000.s1827" source="wordnet-catalan">
         <wf lemma="hi" pos="X">hi</wf>
         <wf lemma="ha" pos="X">ha</wf>
         <wf lemma="moltes" pos="X">moltes</wf>
         <instance id="d000.s1827.t000" lemma="diferència" pos="NOUN">diferències</instance>
         <wf lemma="entre" pos="X">entre</wf>
         <wf lemma="el" pos="X">el</wf>
         <wf lemma="jazz" pos="X">jazz</wf>
         <wf lemma="i" pos="X">i</wf>
         <wf lemma="el" pos="X">el</wf>
         <wf lemma="rock" pos="X">rock</wf>
         <wf lemma="." pos="X">.</wf>
      </sentence>
      <sentence id="d000.s1828" source="wordnet-catalan">
         <wf lemma="aprenentatge" pos="X">aprenentatge</wf>
         <instance id="d000.s1828.t000" lemma="associatiu" pos="ADJ">associatiu</instance>
         <wf lemma="." pos="X">.</wf>
      </sentence>
      <sentence id="d000.s1829" source="wordnet-catalan">
         <wf lemma="Un" pos="X">Un</wf>
         <wf lemma="símptoma" pos="X">símptoma</wf>
         <instance id="d000.s1829.t000" lemma="recognoscible" pos="ADJ">recognoscible</instance>
         <wf lemma="." pos="X">.</wf>
      </sentence>
      <sentence id="d000.s1830" source="wordnet-catalan">
         <wf lemma="es" pos="X">es</wf>
         <wf lemma="va" pos="X">va</wf>
         <wf lemma="aixecar" pos="X">aixecar</wf>
         <wf lemma="per" pos="X">per</wf>
         <wf lemma="tornar" pos="X">tornar</wf>
         <wf lemma="a" pos="X">a</wf>
         <wf lemma="la" pos="X">la</wf>
         <instance id="d000.s1830.t000" lemma="base" pos="NOUN">base</instance>
         <wf lemma="." pos="X">.</wf>
      </sentence>
      <sentence id="d000.s1831" source="wordnet-catalan">
         <wf lemma="te" pos="X">te</wf>
         <wf lemma="molt" pos="X">molt</wf>
         <instance id="d000.s1831.t000" lemma="olfacte" pos="NOUN">olfacte</instance>
         <wf lemma="pels" pos="X">pels</wf>
         <wf lemma="negocis" pos="X">negocis</wf>
         <wf lemma="." pos="X">.</wf>
      </sentence>
      <sentence id="d000.s1832" source="wordnet-catalan">
         <wf lemma="El" pos="X">El</wf>
         <instance id="d000.s1832.t000" lemma="consell" pos="NOUN">consell</instance>
         <wf lemma="escolar" pos="X">escolar</wf>
         <wf lemma="." pos="X">.</wf>
      </sentence>
      <sentence id="d000.s1833" source="wordnet-catalan">
         <wf lemma="La" pos="X">La</wf>
         <wf lemma="meva" pos="X">meva</wf>
         <wf lemma="és" pos="X">és</wf>
         <wf lemma="una" pos="X">una</wf>
         <instance id="d000.s1833.t000" lemma="família" pos="NOUN">família</instance>
         <wf lemma="nombrosa" pos="X">nombrosa</wf>
         <wf lemma="," pos="X">,</wf>
         <wf lemma="sóm" pos="X">sóm</wf>
         <wf lemma="vuit" pos="X">vuit</wf>
         <wf lemma="germans" pos="X">germans</wf>
         <wf lemma="." pos="X">.</wf>
      </sentence>
      <sentence id="d000.s1834" source="wordnet-catalan">
         <wf lemma="Perquè" pos="X">Perquè</wf>
         <wf lemma="el" pos="X">el</wf>
         <wf lemma="contracte" pos="X">contracte</wf>
         <wf lemma="sigui" pos="X">sigui</wf>
         <wf lemma="vàlid" pos="X">vàlid</wf>
         <wf lemma="necessita" pos="X">necessita</wf>
         <wf lemma="la" pos="X">la</wf>
         <instance id="d000.s1834.t000" lemma="firma" pos="NOUN">firma</instance>
         <wf lemma="dels" pos="X">dels</wf>
         <wf lemma="contractants" pos="X">contractants</wf>
         <wf lemma="." pos="X">.</wf>
      </sentence>
      <sentence id="d000.s1835" source="wordnet-catalan">
         <wf lemma="creix" pos="X">creix</wf>
         <wf lemma="l'" pos="X">l'</wf>
         <instance id="d000.s1835.t000" lemma="entusiasme" pos="NOUN">entusiasme</instance>
         <wf lemma="pel" pos="X">pel</wf>
         <wf lemma="seu" pos="X">seu</wf>
         <wf lemma="programa" pos="X">programa</wf>
         <wf lemma="." pos="X">.</wf>
      </sentence>
      <sentence id="d000.s1836" source="wordnet-catalan">
         <wf lemma="tinc" pos="X">tinc</wf>
         <wf lemma="hora" pos="X">hora</wf>
         <wf lemma="per" pos="X">per</wf>
         <wf lemma="al" pos="X">al</wf>
         <instance id="d000.s1836.t000" lemma="dilluns" pos="NOUN">dilluns</instance>
         <wf lemma="que" pos="X">que</wf>
         <wf lemma="ve" pos="X">ve</wf>
         <wf lemma="." pos="X">.</wf>
      </sentence>
      <sentence id="d000.s1837" source="wordnet-catalan">
         <wf lemma="Són" pos="X">Són</wf>
         <wf lemma="personalitats" pos="X">personalitats</wf>
         <instance id="d000.s1837.t000" lemma="incompatible" pos="ADJ">incompatibles</instance>
         <wf lemma="." pos="X">.</wf>
      </sentence>
      <sentence id="d000.s1838" source="wordnet-catalan">
         <wf lemma="els" pos="X">els</wf>
         <wf lemma="humans" pos="X">humans</wf>
         <wf lemma="tenim" pos="X">tenim</wf>
         <wf lemma="cinc" pos="X">cinc</wf>
         <instance id="d000.s1838.t000" lemma="sentit" pos="NOUN">sentits</instance>
         <wf lemma="." pos="X">.</wf>
      </sentence>
      <sentence id="d000.s1839" source="wordnet-catalan">
         <wf lemma="l'" pos="X">l'</wf>
         <wf lemma="objectiu" pos="X">objectiu</wf>
         <instance id="d000.s1839.t000" lemma="principal" pos="ADJ">principal</instance>
         <wf lemma="de" pos="X">de</wf>
         <wf lemma="la" pos="X">la</wf>
         <wf lemma="vida" pos="X">vida</wf>
         <wf lemma="." pos="X">.</wf>
      </sentence>
      <sentence id="d000.s1840" source="wordnet-catalan">
         <wf lemma="va" pos="X">va</wf>
         <wf lemma="repassar" pos="X">repassar</wf>
         <wf lemma="el" pos="X">el</wf>
         <instance id="d000.s1840.t000" lemma="llibret" pos="NOUN">llibret</instance>
         <wf lemma="abans" pos="X">abans</wf>
         <wf lemma="de" pos="X">de</wf>
         <wf lemma="sortir" pos="X">sortir</wf>
         <wf lemma="en" pos="X">en</wf>
         <wf lemma="escena" pos="X">escena</wf>
         <wf lemma="." pos="X">.</wf>
      </sentence>
      <sentence id="d000.s1841" source="wordnet-catalan">
         <wf lemma="formaven" pos="X">formaven</wf>
         <wf lemma="un" pos="X">un</wf>
         <wf lemma="bon" pos="X">bon</wf>
         <instance id="d000.s1841.t000" lemma="equip" pos="NOUN">equip</instance>
         <wf lemma="." pos="X">.</wf>
      </sentence>
      <sentence id="d000.s1842" source="wordnet-catalan">
         <wf lemma="li" pos="X">li</wf>
         <wf lemma="han" pos="X">han</wf>
         <wf lemma="donat" pos="X">donat</wf>
         <wf lemma="la" pos="X">la</wf>
         <instance id="d000.s1842.t000" lemma="direcció" pos="NOUN">direcció</instance>
         <wf lemma="absoluta" pos="X">absoluta</wf>
         <wf lemma="del" pos="X">del</wf>
         <wf lemma="programa" pos="X">programa</wf>
         <wf lemma="." pos="X">.</wf>
      </sentence>
      <sentence id="d000.s1843" source="wordnet-catalan">
         <wf lemma="el" pos="X">el</wf>
         <instance id="d000.s1843.t000" lemma="principi" pos="NOUN">principi</instance>
         <wf lemma="de" pos="X">de</wf>
         <wf lemma="la" pos="X">la</wf>
         <wf lemma="propulsió" pos="X">propulsió</wf>
         <wf lemma="jet" pos="X">jet</wf>
         <wf lemma="." pos="X">.</wf>
      </sentence>
      <sentence id="d000.s1844" source="wordnet-catalan">
         <wf lemma="va" pos="X">va</wf>
         <wf lemma="guanyar" pos="X">guanyar</wf>
         <wf lemma="un" pos="X">un</wf>
         <instance id="d000.s1844.t000" lemma="milió" pos="NOUN">milió</instance>
         <wf lemma="d'" pos="X">d'</wf>
         <wf lemma="euros" pos="X">euros</wf>
         <wf lemma="a" pos="X">a</wf>
         <wf lemma="la" pos="X">la</wf>
         <wf lemma="loteria" pos="X">loteria</wf>
         <wf lemma="." pos="X">.</wf>
      </sentence>
      <sentence id="d000.s1845" source="wordnet-catalan">
         <wf lemma="la" pos="X">la</wf>
         <wf lemma="Sra" pos="X">Sra</wf>
         <wf lemma="." pos="X">.</wf>
         <wf lemma="Smith" pos="X">Smith</wf>
         <wf lemma="era" pos="X">era</wf>
         <wf lemma="una" pos="X">una</wf>
         <wf lemma="de" pos="X">de</wf>
         <wf lemma="les" pos="X">les</wf>
         <instance id="d000.s1845.t000" lemma="noia" pos="NOUN">noies</instance>
         <wf lemma="." pos="X">.</wf>
      </sentence>
      <sentence id="d000.s1846" source="wordnet-catalan">
         <wf lemma="el" pos="X">el</wf>
         <instance id="d000.s1846.t000" lemma="traçat" pos="NOUN">traçat</instance>
         <wf lemma="nord-est" pos="X">nord-est</wf>
         <wf lemma="de" pos="X">de</wf>
         <wf lemma="la" pos="X">la</wf>
         <wf lemma="costa" pos="X">costa</wf>
         <wf lemma="." pos="X">.</wf>
      </sentence>
      <sentence id="d000.s1847" source="wordnet-catalan">
         <wf lemma="és" pos="X">és</wf>
         <wf lemma="antipàtic" pos="X">antipàtic</wf>
         <wf lemma="," pos="X">,</wf>
         <wf lemma="però" pos="X">però</wf>
         <wf lemma="és" pos="X">és</wf>
         <wf lemma="un" pos="X">un</wf>
         <wf lemma="bon" pos="X">bon</wf>
         <instance id="d000.s1847.t000" lemma="tipus" pos="NOUN">tipus</instance>
         <wf lemma="." pos="X">.</wf>
      </sentence>
      <sentence id="d000.s1848" source="wordnet-catalan">
         <wf lemma="pintava" pos="X">pintava</wf>
         <instance id="d000.s1848.t000" lemma="escena" pos="NOUN">escenes</instance>
         <wf lemma="de" pos="X">de</wf>
         <wf lemma="la" pos="X">la</wf>
         <wf lemma="vida" pos="X">vida</wf>
         <wf lemma="quotidiana" pos="X">quotidiana</wf>
         <wf lemma="." pos="X">.</wf>
      </sentence>
      <sentence id="d000.s1849" source="wordnet-catalan">
         <wf lemma="la" pos="X">la</wf>
         <wf lemma="recerca" pos="X">recerca</wf>
         <wf lemma="i" pos="X">i</wf>
         <wf lemma="desenvolupament" pos="X">desenvolupament</wf>
         <wf lemma="suposa" pos="X">suposa</wf>
         <wf lemma="un" pos="X">un</wf>
         <instance id="d000.s1849.t000" lemma="progrés" pos="NOUN">progrés</instance>
         <wf lemma="." pos="X">.</wf>
      </sentence>
      <sentence id="d000.s1850" source="wordnet-catalan">
         <wf lemma="Es" pos="X">Es</wf>
         <wf lemma="va" pos="X">va</wf>
         <wf lemma="produir" pos="X">produir</wf>
         <wf lemma="un" pos="X">un</wf>
         <instance id="d000.s1850.t000" lemma="esdeveniment" pos="NOUN">esdeveniment</instance>
         <wf lemma="inesperable" pos="X">inesperable</wf>
         <wf lemma="." pos="X">.</wf>
      </sentence>
      <sentence id="d000.s1851" source="wordnet-catalan">
         <wf lemma="la" pos="X">la</wf>
         <wf lemma="misèria" pos="X">misèria</wf>
         <wf lemma="i" pos="X">i</wf>
         <wf lemma="la" pos="X">la</wf>
         <instance id="d000.s1851.t000" lemma="dissort" pos="NOUN">dissort</instance>
         <wf lemma="d'" pos="X">d'</wf>
         <wf lemma="aquests" pos="X">aquests</wf>
         <wf lemma="barris" pos="X">barris</wf>
         <wf lemma="pobres" pos="X">pobres</wf>
         <wf lemma="és" pos="X">és</wf>
         <wf lemma="intolerable" pos="X">intolerable</wf>
         <wf lemma="." pos="X">.</wf>
      </sentence>
      <sentence id="d000.s1852" source="wordnet-catalan">
         <wf lemma="unitat" pos="X">unitat</wf>
         <wf lemma="de" pos="X">de</wf>
         <instance id="d000.s1852.t000" lemma="temps" pos="NOUN">temps</instance>
         <wf lemma="." pos="X">.</wf>
      </sentence>
      <sentence id="d000.s1853" source="wordnet-catalan">
         <wf lemma="va" pos="X">va</wf>
         <wf lemma="mantenir" pos="X">mantenir</wf>
         <wf lemma="aquell" pos="X">aquell</wf>
         <instance id="d000.s1853.t000" lemma="efecte" pos="NOUN">efecte</instance>
         <wf lemma="atrevit" pos="X">atrevit</wf>
         <wf lemma="en" pos="X">en</wf>
         <wf lemma="les" pos="X">les</wf>
         <wf lemma="reproduccions" pos="X">reproduccions</wf>
         <wf lemma="de" pos="X">de</wf>
         <wf lemma="la" pos="X">la</wf>
         <wf lemma="pintura" pos="X">pintura</wf>
         <wf lemma="original" pos="X">original</wf>
         <wf lemma="." pos="X">.</wf>
      </sentence>
      <sentence id="d000.s1854" source="wordnet-catalan">
         <wf lemma="va" pos="X">va</wf>
         <wf lemma="extendre" pos="X">extendre</wf>
         <wf lemma="les" pos="X">les</wf>
         <wf lemma="seves" pos="X">seves</wf>
         <instance id="d000.s1854.t000" lemma="mà" pos="NOUN">mans</instance>
         <wf lemma="." pos="X">.</wf>
      </sentence>
      <sentence id="d000.s1855" source="wordnet-catalan">
         <wf lemma="has" pos="X">has</wf>
         <wf lemma="d'" pos="X">d'</wf>
         <wf lemma="aplicar-li" pos="X">aplicar-li</wf>
         <wf lemma="la" pos="X">la</wf>
         <instance id="d000.s1855.t000" lemma="menor" pos="ADJ">menor</instance>
         <wf lemma="proporció" pos="X">proporció</wf>
         <wf lemma="que" pos="X">que</wf>
         <wf lemma="puguis" pos="X">puguis</wf>
         <wf lemma="." pos="X">.</wf>
      </sentence>
      <sentence id="d000.s1856" source="wordnet-catalan">
         <wf lemma="Imitar" pos="X">Imitar</wf>
         <wf lemma="i" pos="X">i</wf>
         <wf lemma="copiar" pos="X">copiar</wf>
         <wf lemma="no" pos="X">no</wf>
         <wf lemma="impliquen" pos="X">impliquen</wf>
         <wf lemma="la" pos="X">la</wf>
         <instance id="d000.s1856.t000" lemma="fraudulència" pos="NOUN">fraudulència</instance>
         <wf lemma="de" pos="X">de</wf>
         <wf lemma="plagiar" pos="X">plagiar</wf>
         <wf lemma="." pos="X">.</wf>
      </sentence>
      <sentence id="d000.s1857" source="wordnet-catalan">
         <wf lemma="els" pos="X">els</wf>
         <wf lemma="turistes" pos="X">turistes</wf>
         <wf lemma="van" pos="X">van</wf>
         <wf lemma="anar" pos="X">anar</wf>
         <wf lemma="a" pos="X">a</wf>
         <wf lemma="la" pos="X">la</wf>
         <instance id="d000.s1857.t000" lemma="tasca" pos="NOUN">tasca</instance>
         <wf lemma="a" pos="X">a</wf>
         <wf lemma="pendre" pos="X">pendre</wf>
         <wf lemma="unes" pos="X">unes</wf>
         <wf lemma="tapes" pos="X">tapes</wf>
         <wf lemma="." pos="X">.</wf>
      </sentence>
      <sentence id="d000.s1858" source="wordnet-catalan">
         <wf lemma="hem" pos="X">hem</wf>
         <wf lemma="estat" pos="X">estat</wf>
         <wf lemma="moltes" pos="X">moltes</wf>
         <wf lemma="hores" pos="X">hores</wf>
         <wf lemma="amb" pos="X">amb</wf>
         <wf lemma="la" pos="X">la</wf>
         <instance id="d000.s1858.t000" lemma="compra" pos="NOUN">compra</instance>
         <wf lemma="de" pos="X">de</wf>
         <wf lemma="l'" pos="X">l'</wf>
         <wf lemma="equipament" pos="X">equipament</wf>
         <wf lemma="per" pos="X">per</wf>
         <wf lemma="al" pos="X">al</wf>
         <wf lemma="viatge" pos="X">viatge</wf>
         <wf lemma="." pos="X">.</wf>
      </sentence>
      <sentence id="d000.s1859" source="wordnet-catalan">
         <wf lemma="Per" pos="X">Per</wf>
         <wf lemma="entendre" pos="X">entendre</wf>
         <wf lemma="la" pos="X">la</wf>
         <wf lemma="qüestió" pos="X">qüestió</wf>
         <wf lemma="necessitem" pos="X">necessitem</wf>
         <wf lemma="un" pos="X">un</wf>
         <instance id="d000.s1859.t000" lemma="canonista" pos="NOUN">canonista</instance>
         <wf lemma="." pos="X">.</wf>
      </sentence>
      <sentence id="d000.s1860" source="wordnet-catalan">
         <wf lemma="Acaba" pos="X">Acaba</wf>
         <wf lemma="amb" pos="X">amb</wf>
         <wf lemma="violència" pos="X">violència</wf>
         <wf lemma="el" pos="X">el</wf>
         <instance id="d000.s1860.t000" lemma="segrest" pos="NOUN">segrest</instance>
         <wf lemma="de" pos="X">de</wf>
         <wf lemma="l'" pos="X">l'</wf>
         <wf lemma="avió" pos="X">avió</wf>
         <wf lemma="." pos="X">.</wf>
      </sentence>
      <sentence id="d000.s1861" source="wordnet-catalan">
         <wf lemma="Un" pos="X">Un</wf>
         <wf lemma="judici" pos="X">judici</wf>
         <instance id="d000.s1861.t000" lemma="subjectiu" pos="ADJ">subjectiu</instance>
         <wf lemma="." pos="X">.</wf>
      </sentence>
      <sentence id="d000.s1862" source="wordnet-catalan">
         <wf lemma="La" pos="X">La</wf>
         <wf lemma="mucosa" pos="X">mucosa</wf>
         <instance id="d000.s1862.t000" lemma="conjuntival" pos="ADJ">conjuntival</instance>
         <wf lemma="." pos="X">.</wf>
      </sentence>
      <sentence id="d000.s1863" source="wordnet-catalan">
         <wf lemma="vaig" pos="X">vaig</wf>
         <wf lemma="esperar" pos="X">esperar</wf>
         <wf lemma="fins" pos="X">fins</wf>
         <wf lemma="que" pos="X">que</wf>
         <wf lemma="la" pos="X">la</wf>
         <instance id="d000.s1863.t000" lemma="casa" pos="NOUN">casa</instance>
         <wf lemma="sencera" pos="X">sencera</wf>
         <wf lemma="dormia" pos="X">dormia</wf>
         <wf lemma="." pos="X">.</wf>
      </sentence>
      <sentence id="d000.s1864" source="wordnet-catalan">
         <wf lemma="La" pos="X">La</wf>
         <wf lemma="fiscalia" pos="X">fiscalia</wf>
         <wf lemma="demana" pos="X">demana</wf>
         <wf lemma="l'" pos="X">l'</wf>
         <instance id="d000.s1864.t000" lemma="absolució" pos="NOUN">absolució</instance>
         <wf lemma="de" pos="X">de</wf>
         <wf lemma="l'" pos="X">l'</wf>
         <wf lemma="imputat" pos="X">imputat</wf>
         <wf lemma="." pos="X">.</wf>
      </sentence>
      <sentence id="d000.s1865" source="wordnet-catalan">
         <wf lemma="la" pos="X">la</wf>
         <wf lemma="família" pos="X">família</wf>
         <wf lemma="va" pos="X">va</wf>
         <wf lemma="presentar" pos="X">presentar</wf>
         <wf lemma="una" pos="X">una</wf>
         <wf lemma="denúncia" pos="X">denúncia</wf>
         <wf lemma="en" pos="X">en</wf>
         <wf lemma="contra" pos="X">contra</wf>
         <wf lemma="del" pos="X">del</wf>
         <instance id="d000.s1865.t000" lemma="municipi" pos="NOUN">municipi</instance>
         <wf lemma="." pos="X">.</wf>
      </sentence>
      <sentence id="d000.s1866" source="wordnet-catalan">
         <wf lemma="Un" pos="X">Un</wf>
         <wf lemma="govern" pos="X">govern</wf>
         <instance id="d000.s1866.t000" lemma="legítim" pos="ADJ">legítim</instance>
         <wf lemma="." pos="X">.</wf>
      </sentence>
      <sentence id="d000.s1867" source="wordnet-catalan">
         <wf lemma="tot" pos="X">tot</wf>
         <wf lemma="està" pos="X">està</wf>
         <instance id="d000.s1867.t000" lemma="bé" pos="ADJ">bé</instance>
         <wf lemma="." pos="X">.</wf>
      </sentence>
      <sentence id="d000.s1868" source="wordnet-catalan">
         <wf lemma="La" pos="X">La</wf>
         <instance id="d000.s1868.t000" lemma="violència" pos="NOUN">violència</instance>
         <wf lemma="de" pos="X">de</wf>
         <wf lemma="la" pos="X">la</wf>
         <wf lemma="tempesta" pos="X">tempesta</wf>
         <wf lemma="." pos="X">.</wf>
      </sentence>
      <sentence id="d000.s1869" source="wordnet-catalan">
         <wf lemma="els" pos="X">els</wf>
         <wf lemma="jornalers" pos="X">jornalers</wf>
         <wf lemma="fiquen" pos="X">fiquen</wf>
         <wf lemma="el" pos="X">el</wf>
         <wf lemma="raïm" pos="X">raïm</wf>
         <wf lemma="a" pos="X">a</wf>
         <wf lemma="la" pos="X">la</wf>
         <instance id="d000.s1869.t000" lemma="premsa" pos="NOUN">premsa</instance>
         <wf lemma="." pos="X">.</wf>
      </sentence>
      <sentence id="d000.s1870" source="wordnet-catalan">
         <wf lemma="tinc" pos="X">tinc</wf>
         <wf lemma="poc" pos="X">poc</wf>
         <wf lemma="temps" pos="X">temps</wf>
         <instance id="d000.s1870.t000" lemma="lliure" pos="ADJ">lliure</instance>
         <wf lemma="." pos="X">.</wf>
      </sentence>
      <sentence id="d000.s1871" source="wordnet-catalan">
         <wf lemma="Un" pos="X">Un</wf>
         <wf lemma="procediment" pos="X">procediment</wf>
         <instance id="d000.s1871.t000" lemma="jurídic" pos="ADJ">jurídic</instance>
         <wf lemma="." pos="X">.</wf>
      </sentence>
      <sentence id="d000.s1872" source="wordnet-catalan">
         <wf lemma="va" pos="X">va</wf>
         <wf lemma="presidir" pos="X">presidir</wf>
         <wf lemma="l'" pos="X">l'</wf>
         <wf lemma="economia" pos="X">economia</wf>
         <wf lemma="durant" pos="X">durant</wf>
         <wf lemma="el" pos="X">el</wf>
         <wf lemma="període" pos="X">període</wf>
         <wf lemma="de" pos="X">de</wf>
         <wf lemma="més" pos="X">més</wf>
         <instance id="d000.s1872.t000" lemma="tensió" pos="NOUN">tensió</instance>
         <wf lemma="i" pos="X">i</wf>
         <wf lemma="perill" pos="X">perill</wf>
         <wf lemma="." pos="X">.</wf>
      </sentence>
      <sentence id="d000.s1873" source="wordnet-catalan">
         <wf lemma="la" pos="X">la</wf>
         <instance id="d000.s1873.t000" lemma="fabricació" pos="NOUN">fabricació</instance>
         <wf lemma="d'" pos="X">d'</wf>
         <wf lemma="olles" pos="X">olles</wf>
         <wf lemma="i" pos="X">i</wf>
         <wf lemma="cassoles" pos="X">cassoles</wf>
         <wf lemma="." pos="X">.</wf>
      </sentence>
      <sentence id="d000.s1874" source="wordnet-catalan">
         <wf lemma="li" pos="X">li</wf>
         <wf lemma="va" pos="X">va</wf>
         <wf lemma="venir" pos="X">venir</wf>
         <wf lemma="la" pos="X">la</wf>
         <instance id="d000.s1874.t000" lemma="ploranera" pos="NOUN">ploranera</instance>
         <wf lemma="." pos="X">.</wf>
      </sentence>
      <sentence id="d000.s1875" source="wordnet-catalan">
         <wf lemma="quan" pos="X">quan</wf>
         <wf lemma="fa" pos="X">fa</wf>
         <wf lemma="sol" pos="X">sol</wf>
         <wf lemma="la" pos="X">la</wf>
         <wf lemma="gent" pos="X">gent</wf>
         <wf lemma="va" pos="X">va</wf>
         <wf lemma="al" pos="X">al</wf>
         <instance id="d000.s1875.t000" lemma="parc" pos="NOUN">parc</instance>
         <wf lemma="a" pos="X">a</wf>
         <wf lemma="passejar" pos="X">passejar</wf>
         <wf lemma="." pos="X">.</wf>
      </sentence>
      <sentence id="d000.s1876" source="wordnet-catalan">
         <wf lemma="El" pos="X">El</wf>
         <wf lemma="fiscal" pos="X">fiscal</wf>
         <wf lemma="retira" pos="X">retira</wf>
         <wf lemma="una" pos="X">una</wf>
         <wf lemma="de" pos="X">de</wf>
         <wf lemma="les" pos="X">les</wf>
         <wf lemma="proves" pos="X">proves</wf>
         <wf lemma="en" pos="X">en</wf>
         <wf lemma="l'" pos="X">l'</wf>
         <wf lemma="inici" pos="X">inici</wf>
         <wf lemma="de" pos="X">de</wf>
         <wf lemma="la" pos="X">la</wf>
         <instance id="d000.s1876.t000" lemma="vista" pos="NOUN">vista</instance>
         <wf lemma="." pos="X">.</wf>
      </sentence>
      <sentence id="d000.s1877" source="wordnet-catalan">
         <wf lemma="feia" pos="X">feia</wf>
         <instance id="d000.s1877.t000" lemma="referència" pos="NOUN">referències</instance>
         <wf lemma="freqüents" pos="X">freqüents</wf>
         <wf lemma="a" pos="X">a</wf>
         <wf lemma="la" pos="X">la</wf>
         <wf lemma="seva" pos="X">seva</wf>
         <wf lemma="promoció" pos="X">promoció</wf>
         <wf lemma="." pos="X">.</wf>
      </sentence>
      <sentence id="d000.s1878" source="wordnet-catalan">
         <wf lemma="La" pos="X">La</wf>
         <instance id="d000.s1878.t000" lemma="hierocràcia" pos="NOUN">hierocràcia</instance>
         <wf lemma="es" pos="X">es</wf>
         <wf lemma="recolza" pos="X">recolza</wf>
         <wf lemma="sobre" pos="X">sobre</wf>
         <wf lemma="el" pos="X">el</wf>
         <wf lemma="teisme" pos="X">teisme</wf>
         <wf lemma="." pos="X">.</wf>
      </sentence>
      <sentence id="d000.s1879" source="wordnet-catalan">
         <wf lemma="Van" pos="X">Van</wf>
         <wf lemma="criticar" pos="X">criticar</wf>
         <wf lemma="el" pos="X">el</wf>
         <wf lemma="meu" pos="X">meu</wf>
         <instance id="d000.s1879.t000" lemma="judici" pos="NOUN">judici</instance>
         <wf lemma="sobre" pos="X">sobre</wf>
         <wf lemma="els" pos="X">els</wf>
         <wf lemma="participants" pos="X">participants</wf>
         <wf lemma="." pos="X">.</wf>
      </sentence>
      <sentence id="d000.s1880" source="wordnet-catalan">
         <wf lemma="la" pos="X">la</wf>
         <wf lemma="victòria" pos="X">victòria</wf>
         <wf lemma="és" pos="X">és</wf>
         <wf lemma="una" pos="X">una</wf>
         <instance id="d000.s1880.t000" lemma="certesa" pos="NOUN">certesa</instance>
         <wf lemma="." pos="X">.</wf>
      </sentence>
      <sentence id="d000.s1881" source="wordnet-catalan">
         <wf lemma="la" pos="X">la</wf>
         <wf lemma="millor" pos="X">millor</wf>
         <instance id="d000.s1881.t000" lemma="manera" pos="NOUN">manera</instance>
         <wf lemma="per" pos="X">per</wf>
         <wf lemma="anar" pos="X">anar</wf>
         <wf lemma="fins" pos="X">fins</wf>
         <wf lemma="a" pos="X">a</wf>
         <wf lemma="la" pos="X">la</wf>
         <wf lemma="feina" pos="X">feina</wf>
         <wf lemma="és" pos="X">és</wf>
         <wf lemma="amb" pos="X">amb</wf>
         <wf lemma="bus" pos="X">bus</wf>
         <wf lemma="." pos="X">.</wf>
      </sentence>
      <sentence id="d000.s1882" source="wordnet-catalan">
         <wf lemma="Detenen" pos="X">Detenen</wf>
         <wf lemma="el" pos="X">el</wf>
         <instance id="d000.s1882.t000" lemma="segrestador" pos="NOUN">segrestador</instance>
         <wf lemma="de" pos="X">de</wf>
         <wf lemma="la" pos="X">la</wf>
         <wf lemma="família" pos="X">família</wf>
         <wf lemma="de" pos="X">de</wf>
         <wf lemma="València" pos="X">València</wf>
         <wf lemma="." pos="X">.</wf>
      </sentence>
      <sentence id="d000.s1883" source="wordnet-catalan">
         <wf lemma="Aquesta" pos="X">Aquesta</wf>
         <instance id="d000.s1883.t000" lemma="divisió" pos="NOUN">divisió</instance>
         <wf lemma="té" pos="X">té</wf>
         <wf lemma="un" pos="X">un</wf>
         <wf lemma="resultat" pos="X">resultat</wf>
         <wf lemma="superior" pos="X">superior</wf>
         <wf lemma="a" pos="X">a</wf>
         <wf lemma="dos" pos="X">dos</wf>
         <wf lemma="." pos="X">.</wf>
      </sentence>
      <sentence id="d000.s1884" source="wordnet-catalan">
         <wf lemma="La" pos="X">La</wf>
         <instance id="d000.s1884.t000" lemma="república" pos="NOUN">república</instance>
         <wf lemma="italiana" pos="X">italiana</wf>
         <wf lemma="." pos="X">.</wf>
      </sentence>
      <sentence id="d000.s1885" source="wordnet-catalan">
         <wf lemma="la" pos="X">la</wf>
         <instance id="d000.s1885.t000" lemma="distinció" pos="NOUN">distinció</instance>
         <wf lemma="entre" pos="X">entre</wf>
         <wf lemma="amor" pos="X">amor</wf>
         <wf lemma="i" pos="X">i</wf>
         <wf lemma="encapritxament" pos="X">encapritxament</wf>
         <wf lemma="ha" pos="X">ha</wf>
         <wf lemma="de" pos="X">de</wf>
         <wf lemma="quedar" pos="X">quedar</wf>
         <wf lemma="clara" pos="X">clara</wf>
         <wf lemma="." pos="X">.</wf>
      </sentence>
      <sentence id="d000.s1886" source="wordnet-catalan">
         <wf lemma="un" pos="X">un</wf>
         <wf lemma="membre" pos="X">membre</wf>
         <instance id="d000.s1886.t000" lemma="associat" pos="ADJ">associat</instance>
         <wf lemma="." pos="X">.</wf>
      </sentence>
      <sentence id="d000.s1887" source="wordnet-catalan">
         <wf lemma="Està" pos="X">Està</wf>
         <wf lemma="demostrat" pos="X">demostrat</wf>
         <wf lemma="científicament" pos="X">científicament</wf>
         <wf lemma="que" pos="X">que</wf>
         <wf lemma="el" pos="X">el</wf>
         <wf lemma="somriure" pos="X">somriure</wf>
         <wf lemma="i" pos="X">i</wf>
         <wf lemma="l'" pos="X">l'</wf>
         <wf lemma="expressió" pos="X">expressió</wf>
         <instance id="d000.s1887.t000" lemma="facial" pos="ADJ">facial</instance>
         <wf lemma="són" pos="X">són</wf>
         <wf lemma="els" pos="X">els</wf>
         <wf lemma="primers" pos="X">primers</wf>
         <wf lemma="trets" pos="X">trets</wf>
         <wf lemma="que" pos="X">que</wf>
         <wf lemma="s'" pos="X">s'</wf>
         <wf lemma="adverteixen" pos="X">adverteixen</wf>
         <wf lemma="en" pos="X">en</wf>
         <wf lemma="una" pos="X">una</wf>
         <wf lemma="persona" pos="X">persona</wf>
         <wf lemma="." pos="X">.</wf>
      </sentence>
      <sentence id="d000.s1888" source="wordnet-catalan">
         <wf lemma="el" pos="X">el</wf>
         <wf lemma="seu" pos="X">seu</wf>
         <wf lemma="ingeni" pos="X">ingeni</wf>
         <wf lemma="el" pos="X">el</wf>
         <wf lemma="va" pos="X">va</wf>
         <wf lemma="situar" pos="X">situar</wf>
         <wf lemma="per" pos="X">per</wf>
         <wf lemma="sobre" pos="X">sobre</wf>
         <wf lemma="de" pos="X">de</wf>
         <wf lemma="la" pos="X">la</wf>
         <instance id="d000.s1888.t000" lemma="massa" pos="NOUN">massa</instance>
         <wf lemma="." pos="X">.</wf>
      </sentence>
      <sentence id="d000.s1889" source="wordnet-catalan">
         <wf lemma="quan" pos="X">quan</wf>
         <wf lemma="es" pos="X">es</wf>
         <wf lemma="va" pos="X">va</wf>
         <wf lemma="llevar" pos="X">llevar</wf>
         <wf lemma="la" pos="X">la</wf>
         <instance id="d000.s1889.t000" lemma="nitidesa" pos="NOUN">nitidesa</instance>
         <wf lemma="havia" pos="X">havia</wf>
         <wf lemma="tornat" pos="X">tornat</wf>
         <wf lemma="als" pos="X">als</wf>
         <wf lemma="seus" pos="X">seus</wf>
         <wf lemma="ulls" pos="X">ulls</wf>
         <wf lemma="." pos="X">.</wf>
      </sentence>
      <sentence id="d000.s1890" source="wordnet-catalan">
         <wf lemma="un" pos="X">un</wf>
         <instance id="d000.s1890.t000" lemma="salt" pos="NOUN">salt</instance>
         <wf lemma="de" pos="X">de</wf>
         <wf lemma="5" pos="X">5</wf>
         <wf lemma="metres" pos="X">metres</wf>
         <wf lemma="." pos="X">.</wf>
      </sentence>
      <sentence id="d000.s1891" source="wordnet-catalan">
         <wf lemma="una" pos="X">una</wf>
         <wf lemma="congregació" pos="X">congregació</wf>
         <wf lemma="és" pos="X">és</wf>
         <wf lemma="un" pos="X">un</wf>
         <instance id="d000.s1891.t000" lemma="vehicle" pos="NOUN">vehicle</instance>
         <wf lemma="d'" pos="X">d'</wf>
         <wf lemma="identitat" pos="X">identitat</wf>
         <wf lemma="de" pos="X">de</wf>
         <wf lemma="grup" pos="X">grup</wf>
         <wf lemma="." pos="X">.</wf>
      </sentence>
      <sentence id="d000.s1892" source="wordnet-catalan">
         <wf lemma="no" pos="X">no</wf>
         <wf lemma="tenia" pos="X">tenia</wf>
         <wf lemma="cap" pos="X">cap</wf>
         <instance id="d000.s1892.t000" lemma="consideració" pos="NOUN">consideració</instance>
         <wf lemma="pels" pos="X">pels</wf>
         <wf lemma="seus" pos="X">seus</wf>
         <wf lemma="sentiments" pos="X">sentiments</wf>
         <wf lemma="." pos="X">.</wf>
      </sentence>
      <sentence id="d000.s1893" source="wordnet-catalan">
         <wf lemma="sempre" pos="X">sempre</wf>
         <wf lemma="hi" pos="X">hi</wf>
         <wf lemma="ha" pos="X">ha</wf>
         <instance id="d000.s1893.t000" lemma="demanda" pos="NOUN">demanda</instance>
         <wf lemma="d'" pos="X">d'</wf>
         <wf lemma="educació" pos="X">educació</wf>
         <wf lemma="." pos="X">.</wf>
      </sentence>
      <sentence id="d000.s1894" source="wordnet-catalan">
         <wf lemma="S'" pos="X">S'</wf>
         <wf lemma="ha" pos="X">ha</wf>
         <wf lemma="difós" pos="X">difós</wf>
         <wf lemma="un" pos="X">un</wf>
         <wf lemma="vídeo" pos="X">vídeo</wf>
         <instance id="d000.s1894.t000" lemma="difamatori" pos="ADJ">difamatori</instance>
         <wf lemma="sobre" pos="X">sobre</wf>
         <wf lemma="el" pos="X">el</wf>
         <wf lemma="banc" pos="X">banc</wf>
         <wf lemma="." pos="X">.</wf>
      </sentence>
      <sentence id="d000.s1895" source="wordnet-catalan">
         <wf lemma="el" pos="X">el</wf>
         <instance id="d000.s1895.t000" lemma="tractament" pos="NOUN">tractament</instance>
         <wf lemma="que" pos="X">que</wf>
         <wf lemma="fa" pos="X">fa</wf>
         <wf lemma="dels" pos="X">dels</wf>
         <wf lemma="paisatges" pos="X">paisatges</wf>
         <wf lemma="és" pos="X">és</wf>
         <wf lemma="similar" pos="X">similar</wf>
         <wf lemma="al" pos="X">al</wf>
         <wf lemma="de" pos="X">de</wf>
         <wf lemma="l'" pos="X">l'</wf>
         <wf lemma="arquitectura" pos="X">arquitectura</wf>
         <wf lemma="italiana" pos="X">italiana</wf>
         <wf lemma="." pos="X">.</wf>
      </sentence>
      <sentence id="d000.s1896" source="wordnet-catalan">
         <wf lemma="el" pos="X">el</wf>
         <wf lemma="seu" pos="X">seu</wf>
         <instance id="d000.s1896.t000" lemma="canvi" pos="NOUN">canvi</instance>
         <wf lemma="respecte" pos="X">respecte</wf>
         <wf lemma="l'" pos="X">l'</wf>
         <wf lemma="avortament" pos="X">avortament</wf>
         <wf lemma="li" pos="X">li</wf>
         <wf lemma="ha" pos="X">ha</wf>
         <wf lemma="costat" pos="X">costat</wf>
         <wf lemma="perdre" pos="X">perdre</wf>
         <wf lemma="les" pos="X">les</wf>
         <wf lemma="eleccions" pos="X">eleccions</wf>
         <wf lemma="." pos="X">.</wf>
      </sentence>
      <sentence id="d000.s1897" source="wordnet-catalan">
         <wf lemma="El" pos="X">El</wf>
         <instance id="d000.s1897.t000" lemma="taxador" pos="NOUN">taxador</instance>
         <wf lemma="d'" pos="X">d'</wf>
         <wf lemma="immobles" pos="X">immobles</wf>
         <wf lemma="." pos="X">.</wf>
      </sentence>
      <sentence id="d000.s1898" source="wordnet-catalan">
         <wf lemma="vam" pos="X">vam</wf>
         <wf lemma="fer" pos="X">fer</wf>
         <wf lemma="un" pos="X">un</wf>
         <instance id="d000.s1898.t000" lemma="tomb" pos="NOUN">tomb</instance>
         <wf lemma="pel" pos="X">pel</wf>
         <wf lemma="parc" pos="X">parc</wf>
         <wf lemma="." pos="X">.</wf>
      </sentence>
      <sentence id="d000.s1899" source="wordnet-catalan">
         <wf lemma="Si" pos="X">Si</wf>
         <wf lemma="a" pos="X">a</wf>
         <wf lemma="l'" pos="X">l'</wf>
         <wf lemma="amic" pos="X">amic</wf>
         <wf lemma="deixes" pos="X">deixes</wf>
         <wf lemma="un" pos="X">un</wf>
         <instance id="d000.s1899.t000" lemma="ardit" pos="NOUN">ardit</instance>
         <wf lemma="," pos="X">,</wf>
         <wf lemma="perds" pos="X">perds</wf>
         <wf lemma="l'" pos="X">l'</wf>
         <wf lemma="ardit" pos="X">ardit</wf>
         <wf lemma="i" pos="X">i</wf>
         <wf lemma="perds" pos="X">perds</wf>
         <wf lemma="l'" pos="X">l'</wf>
         <wf lemma="amic" pos="X">amic</wf>
         <wf lemma="." pos="X">.</wf>
      </sentence>
      <sentence id="d000.s1900" source="wordnet-catalan">
         <wf lemma="va" pos="X">va</wf>
         <wf lemma="celebrar" pos="X">celebrar</wf>
         <wf lemma="la" pos="X">la</wf>
         <wf lemma="desena" pos="X">desena</wf>
         <instance id="d000.s1900.t000" lemma="temporada" pos="NOUN">temporada</instance>
         <wf lemma="com" pos="X">com</wf>
         <wf lemma="a" pos="X">a</wf>
         <wf lemma="ballarí" pos="X">ballarí</wf>
         <wf lemma="de" pos="X">de</wf>
         <wf lemma="la" pos="X">la</wf>
         <wf lemma="companyia" pos="X">companyia</wf>
         <wf lemma="." pos="X">.</wf>
      </sentence>
      <sentence id="d000.s1901" source="wordnet-catalan">
         <wf lemma="La" pos="X">La</wf>
         <wf lemma="delimitació" pos="X">delimitació</wf>
         <instance id="d000.s1901.t000" lemma="jurisprudencial" pos="ADJ">jurisprudencial</instance>
         <wf lemma="del" pos="X">del</wf>
         <wf lemma="contracte" pos="X">contracte</wf>
         <wf lemma="." pos="X">.</wf>
      </sentence>
      <sentence id="d000.s1902" source="wordnet-catalan">
         <wf lemma="l'" pos="X">l'</wf>
         <instance id="d000.s1902.t000" lemma="accident" pos="NOUN">accident</instance>
         <wf lemma="va" pos="X">va</wf>
         <wf lemma="acabar" pos="X">acabar</wf>
         <wf lemma="amb" pos="X">amb</wf>
         <wf lemma="la" pos="X">la</wf>
         <wf lemma="vida" pos="X">vida</wf>
         <wf lemma="de" pos="X">de</wf>
         <wf lemma="tres" pos="X">tres</wf>
         <wf lemma="persones" pos="X">persones</wf>
         <wf lemma="." pos="X">.</wf>
      </sentence>
      <sentence id="d000.s1903" source="wordnet-catalan">
         <wf lemma="La" pos="X">La</wf>
         <wf lemma="responsabilitat" pos="X">responsabilitat</wf>
         <instance id="d000.s1903.t000" lemma="fiscal" pos="ADJ">fiscal</instance>
         <wf lemma="." pos="X">.</wf>
      </sentence>
      <sentence id="d000.s1904" source="wordnet-catalan">
         <wf lemma="el" pos="X">el</wf>
         <instance id="d000.s1904.t000" lemma="rastre" pos="NOUN">rastre</instance>
         <wf lemma="portava" pos="X">portava</wf>
         <wf lemma="directament" pos="X">directament</wf>
         <wf lemma="a" pos="X">a</wf>
         <wf lemma="l'" pos="X">l'</wf>
         <wf lemma="autor" pos="X">autor</wf>
         <wf lemma="del" pos="X">del</wf>
         <wf lemma="crim" pos="X">crim</wf>
         <wf lemma="." pos="X">.</wf>
      </sentence>
      <sentence id="d000.s1905" source="wordnet-catalan">
         <wf lemma="hi" pos="X">hi</wf>
         <wf lemma="havia" pos="X">havia</wf>
         <instance id="d000.s1905.t000" lemma="combat" pos="NOUN">combats</instance>
         <wf lemma="pels" pos="X">pels</wf>
         <wf lemma="carrers" pos="X">carrers</wf>
         <wf lemma="." pos="X">.</wf>
      </sentence>
      <sentence id="d000.s1906" source="wordnet-catalan">
         <wf lemma="aquest" pos="X">aquest</wf>
         <wf lemma="pla" pos="X">pla</wf>
         <wf lemma="de" pos="X">de</wf>
         <wf lemma="treball" pos="X">treball</wf>
         <wf lemma="requereix" pos="X">requereix</wf>
         <wf lemma="molta" pos="X">molta</wf>
         <instance id="d000.s1906.t000" lemma="disciplina" pos="NOUN">disciplina</instance>
         <wf lemma="." pos="X">.</wf>
      </sentence>
      <sentence id="d000.s1907" source="wordnet-catalan">
         <wf lemma="és" pos="X">és</wf>
         <wf lemma="un" pos="X">un</wf>
         <wf lemma="manual" pos="X">manual</wf>
         <instance id="d000.s1907.t000" lemma="ineficaç" pos="ADJ">ineficaç</instance>
         <wf lemma="," pos="X">,</wf>
         <wf lemma="perquè" pos="X">perquè</wf>
         <wf lemma="no" pos="X">no</wf>
         <wf lemma="explica" pos="X">explica</wf>
         <wf lemma="res" pos="X">res</wf>
         <wf lemma="." pos="X">.</wf>
      </sentence>
      <sentence id="d000.s1908" source="wordnet-catalan">
         <wf lemma="vivim" pos="X">vivim</wf>
         <wf lemma="en" pos="X">en</wf>
         <instance id="d000.s1908.t000" lemma="món" pos="NOUN">móns</instance>
         <wf lemma="diferents" pos="X">diferents</wf>
         <wf lemma="." pos="X">.</wf>
      </sentence>
      <sentence id="d000.s1909" source="wordnet-catalan">
         <wf lemma="una" pos="X">una</wf>
         <wf lemma="pel·lícula" pos="X">pel·lícula</wf>
         <wf lemma="és" pos="X">és</wf>
         <wf lemma="una" pos="X">una</wf>
         <wf lemma="sèrie" pos="X">sèrie</wf>
         <wf lemma="d'" pos="X">d'</wf>
         <instance id="d000.s1909.t000" lemma="imatge" pos="NOUN">imatges</instance>
         <wf lemma="reproduïdes" pos="X">reproduïdes</wf>
         <wf lemma="a" pos="X">a</wf>
         <wf lemma="tal" pos="X">tal</wf>
         <wf lemma="velocitat" pos="X">velocitat</wf>
         <wf lemma="que" pos="X">que</wf>
         <wf lemma="l'" pos="X">l'</wf>
         <wf lemma="ull" pos="X">ull</wf>
         <wf lemma="les" pos="X">les</wf>
         <wf lemma="integra" pos="X">integra</wf>
         <wf lemma="." pos="X">.</wf>
      </sentence>
      <sentence id="d000.s1910" source="wordnet-catalan">
         <wf lemma="la" pos="X">la</wf>
         <instance id="d000.s1910.t000" lemma="sang" pos="NOUN">sang</instance>
         <wf lemma="aporta" pos="X">aporta</wf>
         <wf lemma="oxigen" pos="X">oxigen</wf>
         <wf lemma="i" pos="X">i</wf>
         <wf lemma="nutrients" pos="X">nutrients</wf>
         <wf lemma="als" pos="X">als</wf>
         <wf lemma="teixits" pos="X">teixits</wf>
         <wf lemma="i" pos="X">i</wf>
         <wf lemma="se" pos="X">se</wf>
         <wf lemma="n'" pos="X">n'</wf>
         <wf lemma="endú" pos="X">endú</wf>
         <wf lemma="els" pos="X">els</wf>
         <wf lemma="productes" pos="X">productes</wf>
         <wf lemma="residuals" pos="X">residuals</wf>
         <wf lemma="." pos="X">.</wf>
      </sentence>
      <sentence id="d000.s1911" source="wordnet-catalan">
         <wf lemma="els" pos="X">els</wf>
         <wf lemma="seus" pos="X">seus</wf>
         <wf lemma="consells" pos="X">consells</wf>
         <wf lemma="van" pos="X">van</wf>
         <wf lemma="ser" pos="X">ser</wf>
         <wf lemma="de" pos="X">de</wf>
         <wf lemma="bon" pos="X">bon</wf>
         <instance id="d000.s1911.t000" lemma="servei" pos="NOUN">servei</instance>
         <wf lemma="." pos="X">.</wf>
      </sentence>
      <sentence id="d000.s1912" source="wordnet-catalan">
         <wf lemma="el" pos="X">el</wf>
         <instance id="d000.s1912.t000" lemma="cos" pos="NOUN">cos</instance>
         <wf lemma="del" pos="X">del</wf>
         <wf lemma="missatge" pos="X">missatge</wf>
         <wf lemma="era" pos="X">era</wf>
         <wf lemma="curt" pos="X">curt</wf>
         <wf lemma="." pos="X">.</wf>
      </sentence>
      <sentence id="d000.s1913" source="wordnet-catalan">
         <wf lemma="van" pos="X">van</wf>
         <wf lemma="perdre" pos="X">perdre</wf>
         <wf lemma="per" pos="X">per</wf>
         <wf lemma="un" pos="X">un</wf>
         <instance id="d000.s1913.t000" lemma="pèl" pos="NOUN">pèl</instance>
         <wf lemma="." pos="X">.</wf>
      </sentence>
      <sentence id="d000.s1914" source="wordnet-catalan">
         <wf lemma="un" pos="X">un</wf>
         <wf lemma="nou" pos="X">nou</wf>
         <instance id="d000.s1914.t000" lemma="procediment" pos="NOUN">procediment</instance>
         <wf lemma="de" pos="X">de</wf>
         <wf lemma="fabricació" pos="X">fabricació</wf>
         <wf lemma="." pos="X">.</wf>
      </sentence>
      <sentence id="d000.s1915" source="wordnet-catalan">
         <wf lemma="Visita" pos="X">Visita</wf>
         <instance id="d000.s1915.t000" lemma="oficial" pos="ADJ">oficial</instance>
         <wf lemma="." pos="X">.</wf>
      </sentence>
      <sentence id="d000.s1916" source="wordnet-catalan">
         <wf lemma="va" pos="X">va</wf>
         <wf lemma="fer" pos="X">fer</wf>
         <wf lemma="un" pos="X">un</wf>
         <instance id="d000.s1916.t000" lemma="intent" pos="NOUN">intent</instance>
         <wf lemma="per" pos="X">per</wf>
         <wf lemma="tractar" pos="X">tractar</wf>
         <wf lemma="totes" pos="X">totes</wf>
         <wf lemma="les" pos="X">les</wf>
         <wf lemma="lectures" pos="X">lectures</wf>
         <wf lemma="." pos="X">.</wf>
      </sentence>
      <sentence id="d000.s1917" source="wordnet-catalan">
         <wf lemma="dispositiu" pos="X">dispositiu</wf>
         <instance id="d000.s1917.t000" lemma="electrònic" pos="ADJ">electrònic</instance>
         <wf lemma="." pos="X">.</wf>
      </sentence>
      <sentence id="d000.s1918" source="wordnet-catalan">
         <wf lemma="el" pos="X">el</wf>
         <instance id="d000.s1918.t000" lemma="banc" pos="NOUN">banc</instance>
         <wf lemma="és" pos="X">és</wf>
         <wf lemma="a" pos="X">a</wf>
         <wf lemma="la" pos="X">la</wf>
         <wf lemma="cantonada" pos="X">cantonada</wf>
         <wf lemma="de" pos="X">de</wf>
         <wf lemma="la" pos="X">la</wf>
         <wf lemma="Gran" pos="X">Gran</wf>
         <wf lemma="Via" pos="X">Via</wf>
         <wf lemma="amb" pos="X">amb</wf>
         <wf lemma="el" pos="X">el</wf>
         <wf lemma="Passeig" pos="X">Passeig</wf>
         <wf lemma="." pos="X">.</wf>
      </sentence>
      <sentence id="d000.s1919" source="wordnet-catalan">
         <instance id="d000.s1919.t000" lemma="títol" pos="NOUN">títol</instance>
         <wf lemma="d'" pos="X">d'</wf>
         <wf lemma="ordenació" pos="X">ordenació</wf>
         <wf lemma="." pos="X">.</wf>
      </sentence>
      <sentence id="d000.s1920" source="wordnet-catalan">
         <wf lemma="La" pos="X">La</wf>
         <instance id="d000.s1920.t000" lemma="expulsió" pos="NOUN">expulsió</instance>
         <wf lemma="del" pos="X">del</wf>
         <wf lemma="pus" pos="X">pus</wf>
         <wf lemma="." pos="X">.</wf>
      </sentence>
      <sentence id="d000.s1921" source="wordnet-catalan">
         <wf lemma="estava" pos="X">estava</wf>
         <wf lemma="preparat" pos="X">preparat</wf>
         <wf lemma="per" pos="X">per</wf>
         <wf lemma="deixar" pos="X">deixar</wf>
         <wf lemma="anar" pos="X">anar</wf>
         <wf lemma="la" pos="X">la</wf>
         <instance id="d000.s1921.t000" lemma="pregunta" pos="NOUN">pregunta</instance>
         <wf lemma="." pos="X">.</wf>
      </sentence>
      <sentence id="d000.s1922" source="wordnet-catalan">
         <wf lemma="escales" pos="X">escales</wf>
         <instance id="d000.s1922.t000" lemma="menor" pos="ADJ">menors</instance>
         <wf lemma="." pos="X">.</wf>
      </sentence>
      <sentence id="d000.s1923" source="wordnet-catalan">
         <wf lemma="va" pos="X">va</wf>
         <wf lemma="tenir" pos="X">tenir</wf>
         <wf lemma="una" pos="X">una</wf>
         <instance id="d000.s1923.t000" lemma="discussió" pos="NOUN">discussió</instance>
         <wf lemma="amb" pos="X">amb</wf>
         <wf lemma="la" pos="X">la</wf>
         <wf lemma="seva" pos="X">seva</wf>
         <wf lemma="dona" pos="X">dona</wf>
         <wf lemma="." pos="X">.</wf>
      </sentence>
      <sentence id="d000.s1924" source="wordnet-catalan">
         <wf lemma="sota" pos="X">sota</wf>
         <wf lemma="l'" pos="X">l'</wf>
         <instance id="d000.s1924.t000" lemma="aparença" pos="NOUN">aparença</instance>
         <wf lemma="d'" pos="X">d'</wf>
         <wf lemma="amistat" pos="X">amistat</wf>
         <wf lemma="," pos="X">,</wf>
         <wf lemma="ell" pos="X">ell</wf>
         <wf lemma="els" pos="X">els</wf>
         <wf lemma="va" pos="X">va</wf>
         <wf lemma="trair" pos="X">trair</wf>
         <wf lemma="." pos="X">.</wf>
      </sentence>
      <sentence id="d000.s1925" source="wordnet-catalan">
         <wf lemma="l'" pos="X">l'</wf>
         <instance id="d000.s1925.t000" lemma="agitació" pos="NOUN">agitació</instance>
         <wf lemma="política" pos="X">política</wf>
         <wf lemma="va" pos="X">va</wf>
         <wf lemma="produir" pos="X">produir</wf>
         <wf lemma="un" pos="X">un</wf>
         <wf lemma="nou" pos="X">nou</wf>
         <wf lemma="líder" pos="X">líder</wf>
         <wf lemma="." pos="X">.</wf>
      </sentence>
      <sentence id="d000.s1926" source="wordnet-catalan">
         <wf lemma="vaig" pos="X">vaig</wf>
         <wf lemma="veure" pos="X">veure</wf>
         <wf lemma="una" pos="X">una</wf>
         <instance id="d000.s1926.t000" lemma="columna" pos="NOUN">columna</instance>
         <wf lemma="de" pos="X">de</wf>
         <wf lemma="fum" pos="X">fum</wf>
         <wf lemma="." pos="X">.</wf>
      </sentence>
      <sentence id="d000.s1927" source="wordnet-catalan">
         <wf lemma="van" pos="X">van</wf>
         <wf lemma="pintar" pos="X">pintar</wf>
         <wf lemma="els" pos="X">els</wf>
         <wf lemma="quatre" pos="X">quatre</wf>
         <instance id="d000.s1927.t000" lemma="costat" pos="NOUN">costats</instance>
         <wf lemma="de" pos="X">de</wf>
         <wf lemma="la" pos="X">la</wf>
         <wf lemma="casa" pos="X">casa</wf>
         <wf lemma="." pos="X">.</wf>
      </sentence>
      <sentence id="d000.s1928" source="wordnet-catalan">
         <wf lemma="valor" pos="X">valor</wf>
         <instance id="d000.s1928.t000" lemma="numèric" pos="ADJ">numèric</instance>
         <wf lemma="." pos="X">.</wf>
      </sentence>
      <sentence id="d000.s1929" source="wordnet-catalan">
         <wf lemma="volia" pos="X">volia</wf>
         <wf lemma="arreglar" pos="X">arreglar</wf>
         <wf lemma="totes" pos="X">totes</wf>
         <wf lemma="les" pos="X">les</wf>
         <instance id="d000.s1929.t000" lemma="desgràcia" pos="NOUN">desgràcies</instance>
         <wf lemma="de" pos="X">de</wf>
         <wf lemma="la" pos="X">la</wf>
         <wf lemma="humanitat" pos="X">humanitat</wf>
         <wf lemma="." pos="X">.</wf>
      </sentence>
      <sentence id="d000.s1930" source="wordnet-catalan">
         <wf lemma="ens" pos="X">ens</wf>
         <wf lemma="va" pos="X">va</wf>
         <wf lemma="fer" pos="X">fer</wf>
         <wf lemma="una" pos="X">una</wf>
         <instance id="d000.s1930.t000" lemma="explicació" pos="NOUN">explicació</instance>
         <wf lemma="detallada" pos="X">detallada</wf>
         <wf lemma="del" pos="X">del</wf>
         <wf lemma="que" pos="X">que</wf>
         <wf lemma="va" pos="X">va</wf>
         <wf lemma="passar" pos="X">passar</wf>
         <wf lemma="." pos="X">.</wf>
      </sentence>
      <sentence id="d000.s1931" source="wordnet-catalan">
         <wf lemma="el" pos="X">el</wf>
         <instance id="d000.s1931.t000" lemma="regidor" pos="NOUN">regidor</instance>
         <wf lemma="de" pos="X">de</wf>
         <wf lemma="cultura" pos="X">cultura</wf>
         <wf lemma="va" pos="X">va</wf>
         <wf lemma="presentar" pos="X">presentar</wf>
         <wf lemma="la" pos="X">la</wf>
         <wf lemma="seva" pos="X">seva</wf>
         <wf lemma="proposta" pos="X">proposta</wf>
         <wf lemma="a" pos="X">a</wf>
         <wf lemma="l'" pos="X">l'</wf>
         <wf lemma="alcalde" pos="X">alcalde</wf>
         <wf lemma="." pos="X">.</wf>
      </sentence>
      <sentence id="d000.s1932" source="wordnet-catalan">
         <instance id="d000.s1932.t000" lemma="dimarts" pos="NOUN">dimarts</instance>
         <wf lemma="anirem" pos="X">anirem</wf>
         <wf lemma="al" pos="X">al</wf>
         <wf lemma="zoo." pos="X">zoo.</wf>
      </sentence>
      <sentence id="d000.s1933" source="wordnet-catalan">
         <wf lemma="és" pos="X">és</wf>
         <wf lemma="el" pos="X">el</wf>
         <instance id="d000.s1933.t000" lemma="temps" pos="NOUN">temps</instance>
         <wf lemma="de" pos="X">de</wf>
         <wf lemma="plantar" pos="X">plantar</wf>
         <wf lemma="patates" pos="X">patates</wf>
         <wf lemma="." pos="X">.</wf>
      </sentence>
      <sentence id="d000.s1934" source="wordnet-catalan">
         <wf lemma="el" pos="X">el</wf>
         <wf lemma="metge" pos="X">metge</wf>
         <wf lemma="està" pos="X">està</wf>
         <wf lemma="passant" pos="X">passant</wf>
         <instance id="d000.s1934.t000" lemma="visita" pos="NOUN">visita</instance>
         <wf lemma="." pos="X">.</wf>
      </sentence>
      <sentence id="d000.s1935" source="wordnet-catalan">
         <wf lemma="una" pos="X">una</wf>
         <instance id="d000.s1935.t000" lemma="caiguda" pos="NOUN">caiguda</instance>
         <wf lemma="de" pos="X">de</wf>
         <wf lemma="57" pos="X">57</wf>
         <wf lemma="punts" pos="X">punts</wf>
         <wf lemma="a" pos="X">a</wf>
         <wf lemma="l'" pos="X">l'</wf>
         <wf lemma="índex" pos="X">índex</wf>
         <wf lemma="Dow" pos="X">Dow</wf>
         <wf lemma="Jones" pos="X">Jones</wf>
         <wf lemma="." pos="X">.</wf>
      </sentence>
      <sentence id="d000.s1936" source="wordnet-catalan">
         <wf lemma="el" pos="X">el</wf>
         <wf lemma="juny" pos="X">juny</wf>
         <wf lemma="és" pos="X">és</wf>
         <wf lemma="el" pos="X">el</wf>
         <wf lemma="mes" pos="X">mes</wf>
         <wf lemma="dels" pos="X">dels</wf>
         <instance id="d000.s1936.t000" lemma="final" pos="NOUN">finals</instance>
         <wf lemma="." pos="X">.</wf>
      </sentence>
      <sentence id="d000.s1937" source="wordnet-catalan">
         <wf lemma="la" pos="X">la</wf>
         <instance id="d000.s1937.t000" lemma="pressió" pos="NOUN">pressió</instance>
         <wf lemma="de" pos="X">de</wf>
         <wf lemma="les" pos="X">les</wf>
         <wf lemma="qüestions" pos="X">qüestions</wf>
         <wf lemma="dels" pos="X">dels</wf>
         <wf lemma="negocis" pos="X">negocis</wf>
         <wf lemma="." pos="X">.</wf>
      </sentence>
      <sentence id="d000.s1938" source="wordnet-catalan">
         <wf lemma="una" pos="X">una</wf>
         <instance id="d000.s1938.t000" lemma="professió" pos="NOUN">professió</instance>
         <wf lemma="de" pos="X">de</wf>
         <wf lemma="discòrdia" pos="X">discòrdia</wf>
         <wf lemma="." pos="X">.</wf>
      </sentence>
      <sentence id="d000.s1939" source="wordnet-catalan">
         <wf lemma="el" pos="X">el</wf>
         <instance id="d000.s1939.t000" lemma="reconeixement" pos="NOUN">reconeixement</instance>
         <wf lemma="de" pos="X">de</wf>
         <wf lemma="la" pos="X">la</wf>
         <wf lemma="culpa" pos="X">culpa</wf>
         <wf lemma="va" pos="X">va</wf>
         <wf lemma="arribar" pos="X">arribar</wf>
         <wf lemma="mesos" pos="X">mesos</wf>
         <wf lemma="després" pos="X">després</wf>
         <wf lemma="." pos="X">.</wf>
      </sentence>
      <sentence id="d000.s1940" source="wordnet-catalan">
         <wf lemma="escriu" pos="X">escriu</wf>
         <wf lemma="llibres" pos="X">llibres</wf>
         <wf lemma="per" pos="X">per</wf>
         <wf lemma="a" pos="X">a</wf>
         <instance id="d000.s1940.t000" lemma="nen" pos="NOUN">nens</instance>
         <wf lemma="." pos="X">.</wf>
      </sentence>
      <sentence id="d000.s1941" source="wordnet-catalan">
         <wf lemma="es" pos="X">es</wf>
         <wf lemma="va" pos="X">va</wf>
         <wf lemma="traslladar" pos="X">traslladar</wf>
         <wf lemma="al" pos="X">al</wf>
         <wf lemma="camp" pos="X">camp</wf>
         <wf lemma="per" pos="X">per</wf>
         <wf lemma="tenir" pos="X">tenir</wf>
         <wf lemma="més" pos="X">més</wf>
         <instance id="d000.s1941.t000" lemma="espai" pos="NOUN">espai</instance>
         <wf lemma="." pos="X">.</wf>
      </sentence>
      <sentence id="d000.s1942" source="wordnet-catalan">
         <wf lemma="pel" pos="X">pel</wf>
         <wf lemma="seu" pos="X">seu</wf>
         <wf lemma="propi" pos="X">propi</wf>
         <instance id="d000.s1942.t000" lemma="bé" pos="NOUN">bé</instance>
         <wf lemma="va" pos="X">va</wf>
         <wf lemma="estudiar" pos="X">estudiar</wf>
         <wf lemma="tota" pos="X">tota</wf>
         <wf lemma="la" pos="X">la</wf>
         <wf lemma="nit" pos="X">nit</wf>
         <wf lemma="." pos="X">.</wf>
      </sentence>
      <sentence id="d000.s1943" source="wordnet-catalan">
         <wf lemma="per" pos="X">per</wf>
         <wf lemma="a" pos="X">a</wf>
         <wf lemma="ells" pos="X">ells</wf>
         <wf lemma="," pos="X">,</wf>
         <wf lemma="els" pos="X">els</wf>
         <wf lemma="dimonis" pos="X">dimonis</wf>
         <wf lemma="formaven" pos="X">formaven</wf>
         <wf lemma="part" pos="X">part</wf>
         <wf lemma="de" pos="X">de</wf>
         <wf lemma="la" pos="X">la</wf>
         <instance id="d000.s1943.t000" lemma="realitat" pos="NOUN">realitat</instance>
         <wf lemma="," pos="X">,</wf>
         <wf lemma="com" pos="X">com</wf>
         <wf lemma="els" pos="X">els</wf>
         <wf lemma="arbres" pos="X">arbres</wf>
         <wf lemma="." pos="X">.</wf>
      </sentence>
      <sentence id="d000.s1944" source="wordnet-catalan">
         <wf lemma="és" pos="X">és</wf>
         <wf lemma="un" pos="X">un</wf>
         <wf lemma="home" pos="X">home</wf>
         <wf lemma="a" pos="X">a</wf>
         <wf lemma="qui" pos="X">qui</wf>
         <wf lemma="li" pos="X">li</wf>
         <wf lemma="agrada" pos="X">agrada</wf>
         <wf lemma="el" pos="X">el</wf>
         <instance id="d000.s1944.t000" lemma="confort" pos="NOUN">confort</instance>
         <wf lemma="." pos="X">.</wf>
      </sentence>
      <sentence id="d000.s1945" source="wordnet-catalan">
         <instance id="d000.s1945.t000" lemma="subscriure" pos="VERB">Subscric</instance>
         <wf lemma="la" pos="X">la</wf>
         <wf lemma="teva" pos="X">teva</wf>
         <wf lemma="opinió" pos="X">opinió</wf>
         <wf lemma="sobre" pos="X">sobre</wf>
         <wf lemma="els" pos="X">els</wf>
         <wf lemma="avortaments" pos="X">avortaments</wf>
         <wf lemma="." pos="X">.</wf>
      </sentence>
      <sentence id="d000.s1946" source="wordnet-catalan">
         <wf lemma="la" pos="X">la</wf>
         <instance id="d000.s1946.t000" lemma="urgència" pos="NOUN">urgència</instance>
         <wf lemma="de" pos="X">de</wf>
         <wf lemma="l'" pos="X">l'</wf>
         <wf lemma="assistència" pos="X">assistència</wf>
         <wf lemma="mèdica" pos="X">mèdica</wf>
         <wf lemma="." pos="X">.</wf>
      </sentence>
   </text>
</corpus>
