<?xml version="1.0" encoding="UTF-8"?>
<corpus lang="hu" name="test-hu" sources="wordnet-hungarian">
   <text id="d000">
      <sentence id="d000.s000" source="wordnet-hungarian">
         <wf lemma="A" pos="X">A</wf>
         <wf lemma="gyógyszerhulladék" pos="X">gyógyszerhulladék</wf>
         <wf lemma="ártalmatlanításának" pos="X">ártalmatlanításának</wf>
         <wf lemma="költsége" pos="X">költsége</wf>
         <wf lemma="a" pos="X">a</wf>
         <wf lemma="gyártókat" pos="X">gyártókat</wf>
         <wf lemma="és" pos="X">és</wf>
         <wf lemma="a" pos="X">a</wf>
         <instance id="d000.s000.t000" lemma="nagykereskedő" pos="NOUN">nagykereskedőket</instance>
         <wf lemma="terheli" pos="X">terheli</wf>
         <wf lemma="." pos="X">.</wf>
      </sentence>
      <sentence id="d000.s001" source="wordnet-hungarian">
         <wf lemma="A" pos="X">A</wf>
         <instance id="d000.s001.t000" lemma="mikrochip" pos="NOUN">mikrochip</instance>
         <wf lemma="egy" pos="X">egy</wf>
         <wf lemma="modern" pos="X">modern</wf>
         <wf lemma="eszköz" pos="X">eszköz</wf>
         <wf lemma="az" pos="X">az</wf>
         <wf lemma="állatok" pos="X">állatok</wf>
         <wf lemma="azonosítására" pos="X">azonosítására</wf>
         <wf lemma="." pos="X">.</wf>
      </sentence>
      <sentence id="d000.s002" source="wordnet-hungarian">
         <wf lemma="Amikor" pos="X">Amikor</wf>
         <wf lemma="óvodás" pos="X">óvodás</wf>
         <wf lemma="voltam" pos="X">voltam</wf>
         <wf lemma="," pos="X">,</wf>
         <wf lemma="Julcsi" pos="X">Julcsi</wf>
         <wf lemma="volt" pos="X">volt</wf>
         <wf lemma="a" pos="X">a</wf>
         <instance id="d000.s002.t000" lemma="szerelem" pos="NOUN">szerelmem</instance>
         <wf lemma="." pos="X">.</wf>
      </sentence>
      <sentence id="d000.s003" source="wordnet-hungarian">
         <wf lemma="A" pos="X">A</wf>
         <instance id="d000.s003.t000" lemma="molekula" pos="NOUN">molekulát</instance>
         <wf lemma="több" pos="X">több</wf>
         <wf lemma="atom" pos="X">atom</wf>
         <wf lemma="alkotja" pos="X">alkotja</wf>
         <wf lemma="." pos="X">.</wf>
      </sentence>
      <sentence id="d000.s004" source="wordnet-hungarian">
         <wf lemma="A" pos="X">A</wf>
         <wf lemma="verseiről" pos="X">verseiről</wf>
         <wf lemma="készült" pos="X">készült</wf>
         <instance id="d000.s004.t000" lemma="paródia" pos="NOUN">paródiát</instance>
         <wf lemma="sértőnek" pos="X">sértőnek</wf>
         <wf lemma="érezte" pos="X">érezte</wf>
         <wf lemma="." pos="X">.</wf>
      </sentence>
      <sentence id="d000.s005" source="wordnet-hungarian">
         <wf lemma="Budapest" pos="X">Budapest</wf>
         <wf lemma="számos" pos="X">számos</wf>
         <wf lemma="színházat" pos="X">színházat</wf>
         <wf lemma="," pos="X">,</wf>
         <wf lemma="hangversenytermet" pos="X">hangversenytermet</wf>
         <wf lemma="kínál" pos="X">kínál</wf>
         <wf lemma="az" pos="X">az</wf>
         <instance id="d000.s005.t000" lemma="előadóművészet" pos="NOUN">előadóművészetek</instance>
         <wf lemma="szerelmesei" pos="X">szerelmesei</wf>
         <wf lemma="számára" pos="X">számára</wf>
         <wf lemma="." pos="X">.</wf>
      </sentence>
      <sentence id="d000.s006" source="wordnet-hungarian">
         <wf lemma="Árulásának" pos="X">Árulásának</wf>
         <instance id="d000.s006.t000" lemma="jutalom" pos="NOUN">jutalma</instance>
         <wf lemma="halál" pos="X">halál</wf>
         <wf lemma="lesz" pos="X">lesz</wf>
         <wf lemma="." pos="X">.</wf>
      </sentence>
      <sentence id="d000.s007" source="wordnet-hungarian">
         <wf lemma="A" pos="X">A</wf>
         <instance id="d000.s007.t000" lemma="szalag" pos="NOUN">szalaggal</instance>
         <wf lemma="kötjük" pos="X">kötjük</wf>
         <wf lemma="át" pos="X">át</wf>
         <wf lemma="a" pos="X">a</wf>
         <wf lemma="dobozt" pos="X">dobozt</wf>
         <wf lemma="." pos="X">.</wf>
      </sentence>
      <sentence id="d000.s008" source="wordnet-hungarian">
         <wf lemma="Megpróbált" pos="X">Megpróbált</wf>
         <instance id="d000.s008.t000" lemma="pillanatfelvétel" pos="NOUN">pillanatfelvételt</instance>
         <wf lemma="készíteni" pos="X">készíteni</wf>
         <wf lemma="a" pos="X">a</wf>
         <wf lemma="barátairól" pos="X">barátairól</wf>
         <wf lemma="." pos="X">.</wf>
      </sentence>
      <sentence id="d000.s009" source="wordnet-hungarian">
         <wf lemma="Ez" pos="X">Ez</wf>
         <wf lemma="felelős" pos="X">felelős</wf>
         <wf lemma="a" pos="X">a</wf>
         <wf lemma="hallucinációkért" pos="X">hallucinációkért</wf>
         <wf lemma="," pos="X">,</wf>
         <wf lemma="mivel" pos="X">mivel</wf>
         <wf lemma="a" pos="X">a</wf>
         <wf lemma="gamma-aminovajsav" pos="X">gamma-aminovajsav</wf>
         <wf lemma="(" pos="X">(</wf>
         <wf lemma="GABA" pos="X">GABA</wf>
         <wf lemma=")" pos="X">)</wf>
         <wf lemma="ingerületátvivő" pos="X">ingerületátvivő</wf>
         <wf lemma="anyag" pos="X">anyag</wf>
         <wf lemma="szerkezeti" pos="X">szerkezeti</wf>
         <instance id="d000.s009.t000" lemma="analóg" pos="NOUN">analógja</instance>
         <wf lemma="." pos="X">.</wf>
      </sentence>
      <sentence id="d000.s010" source="wordnet-hungarian">
         <wf lemma="Ahogy" pos="X">Ahogy</wf>
         <wf lemma="a" pos="X">a</wf>
         <wf lemma="szomszéd" pos="X">szomszéd</wf>
         <wf lemma="bánik" pos="X">bánik</wf>
         <wf lemma="az" pos="X">az</wf>
         <wf lemma="állataival" pos="X">állataival</wf>
         <wf lemma="," pos="X">,</wf>
         <wf lemma="az" pos="X">az</wf>
         <wf lemma="már" pos="X">már</wf>
         <instance id="d000.s010.t000" lemma="kegyetlenség" pos="NOUN">kegyetlenség</instance>
         <wf lemma="." pos="X">.</wf>
      </sentence>
      <sentence id="d000.s011" source="wordnet-hungarian">
         <wf lemma="Az" pos="X">Az</wf>
         <instance id="d000.s011.t000" lemma="okkultista" pos="NOUN">okkultista</instance>
         <wf lemma="írásai" pos="X">írásai</wf>
         <wf lemma="nagy" pos="X">nagy</wf>
         <wf lemma="hatással" pos="X">hatással</wf>
         <wf lemma="voltak" pos="X">voltak</wf>
         <wf lemma="az" pos="X">az</wf>
         <wf lemma="utókorra" pos="X">utókorra</wf>
         <wf lemma="." pos="X">.</wf>
      </sentence>
      <sentence id="d000.s012" source="wordnet-hungarian">
         <wf lemma="A" pos="X">A</wf>
         <instance id="d000.s012.t000" lemma="szemtermés" pos="NOUN">szemtermésből</instance>
         <wf lemma="készült" pos="X">készült</wf>
         <wf lemma="rozsliszt" pos="X">rozsliszt</wf>
         <wf lemma="vízzel" pos="X">vízzel</wf>
         <wf lemma="kimosható" pos="X">kimosható</wf>
         <wf lemma="sikért" pos="X">sikért</wf>
         <wf lemma="nem" pos="X">nem</wf>
         <wf lemma="tartalmaz" pos="X">tartalmaz</wf>
         <wf lemma="." pos="X">.</wf>
      </sentence>
      <sentence id="d000.s013" source="wordnet-hungarian">
         <wf lemma="A" pos="X">A</wf>
         <instance id="d000.s013.t000" lemma="búskomorság" pos="NOUN">búskomorság</instance>
         <wf lemma="állapotába" pos="X">állapotába</wf>
         <wf lemma="süppedt" pos="X">süppedt</wf>
         <wf lemma="." pos="X">.</wf>
      </sentence>
      <sentence id="d000.s014" source="wordnet-hungarian">
         <wf lemma="Az" pos="X">Az</wf>
         <wf lemma="asztalt" pos="X">asztalt</wf>
         <wf lemma="hamu" pos="X">hamu</wf>
         <wf lemma="finom" pos="X">finom</wf>
         <instance id="d000.s014.t000" lemma="réteg" pos="NOUN">rétege</instance>
         <wf lemma="borította" pos="X">borította</wf>
         <wf lemma="." pos="X">.</wf>
      </sentence>
      <sentence id="d000.s015" source="wordnet-hungarian">
         <wf lemma="A" pos="X">A</wf>
         <instance id="d000.s015.t000" lemma="gondola" pos="NOUN">gondola</instance>
         <wf lemma="csndesen" pos="X">csndesen</wf>
         <wf lemma="siklott" pos="X">siklott</wf>
         <wf lemma="a" pos="X">a</wf>
         <wf lemma="lagúnában" pos="X">lagúnában</wf>
         <wf lemma="." pos="X">.</wf>
      </sentence>
      <sentence id="d000.s016" source="wordnet-hungarian">
         <wf lemma="Miért" pos="X">Miért</wf>
         <wf lemma="ne" pos="X">ne</wf>
         <wf lemma="lehetne" pos="X">lehetne</wf>
         <wf lemma="Katona" pos="X">Katona</wf>
         <wf lemma="elfogadható" pos="X">elfogadható</wf>
         <instance id="d000.s016.t000" lemma="jelölt" pos="NOUN">jelölt</instance>
         <wf lemma="azoknak" pos="X">azoknak</wf>
         <wf lemma="," pos="X">,</wf>
         <wf lemma="akik" pos="X">akik</wf>
         <wf lemma="Demszkynek" pos="X">Demszkynek</wf>
         <wf lemma="már" pos="X">már</wf>
         <wf lemma="nem" pos="X">nem</wf>
         <wf lemma="hisznek" pos="X">hisznek</wf>
         <wf lemma="?" pos="X">?</wf>
      </sentence>
      <sentence id="d000.s017" source="wordnet-hungarian">
         <wf lemma="A" pos="X">A</wf>
         <wf lemma="birtokomban" pos="X">birtokomban</wf>
         <wf lemma="lévő" pos="X">lévő</wf>
         <instance id="d000.s017.t000" lemma="adat" pos="NOUN">adatokat</instance>
         <wf lemma="nem" pos="X">nem</wf>
         <wf lemma="adhatom" pos="X">adhatom</wf>
         <wf lemma="ki" pos="X">ki</wf>
         <wf lemma="." pos="X">.</wf>
      </sentence>
      <sentence id="d000.s018" source="wordnet-hungarian">
         <wf lemma="Ez" pos="X">Ez</wf>
         <wf lemma="a" pos="X">a</wf>
         <instance id="d000.s018.t000" lemma="kézmozdulat" pos="NOUN">kézmozdulat</instance>
         <wf lemma="azt" pos="X">azt</wf>
         <wf lemma="fejezi" pos="X">fejezi</wf>
         <wf lemma="ki" pos="X">ki</wf>
         <wf lemma="," pos="X">,</wf>
         <wf lemma="hogy" pos="X">hogy</wf>
         <wf lemma="a" pos="X">a</wf>
         <wf lemma="beszélő" pos="X">beszélő</wf>
         <wf lemma="valamit" pos="X">valamit</wf>
         <wf lemma="el" pos="X">el</wf>
         <wf lemma="akar" pos="X">akar</wf>
         <wf lemma="titkolni" pos="X">titkolni</wf>
         <wf lemma="." pos="X">.</wf>
      </sentence>
      <sentence id="d000.s019" source="wordnet-hungarian">
         <instance id="d000.s019.t000" lemma="lépés" pos="NOUN">Lépéseket</instance>
         <wf lemma="hallott" pos="X">hallott</wf>
         <wf lemma="maga" pos="X">maga</wf>
         <wf lemma="mögött" pos="X">mögött</wf>
         <wf lemma="a" pos="X">a</wf>
         <wf lemma="sötét" pos="X">sötét</wf>
         <wf lemma="utcán" pos="X">utcán</wf>
         <wf lemma="." pos="X">.</wf>
      </sentence>
      <sentence id="d000.s020" source="wordnet-hungarian">
         <wf lemma="Rövid" pos="X">Rövid</wf>
         <wf lemma="idő" pos="X">idő</wf>
         <wf lemma="alatt" pos="X">alatt</wf>
         <wf lemma="futott" pos="X">futott</wf>
         <wf lemma="be" pos="X">be</wf>
         <wf lemma="és" pos="X">és</wf>
         <wf lemma="lett" pos="X">lett</wf>
         <wf lemma="belőle" pos="X">belőle</wf>
         <wf lemma="igazán" pos="X">igazán</wf>
         <wf lemma="nagy" pos="X">nagy</wf>
         <instance id="d000.s020.t000" lemma="sztár" pos="NOUN">sztár</instance>
         <wf lemma="." pos="X">.</wf>
      </sentence>
      <sentence id="d000.s021" source="wordnet-hungarian">
         <wf lemma="A" pos="X">A</wf>
         <wf lemma="közúti" pos="X">közúti</wf>
         <wf lemma="baleset" pos="X">baleset</wf>
         <instance id="d000.s021.t000" lemma="okozás" pos="NOUN">okozása</instance>
         <wf lemma="gondatlan" pos="X">gondatlan</wf>
         <wf lemma="bűncselekmény" pos="X">bűncselekmény</wf>
         <wf lemma="." pos="X">.</wf>
      </sentence>
      <sentence id="d000.s022" source="wordnet-hungarian">
         <wf lemma="A" pos="X">A</wf>
         <wf lemma="felverődő" pos="X">felverődő</wf>
         <wf lemma="sár" pos="X">sár</wf>
         <wf lemma="miatt" pos="X">miatt</wf>
         <wf lemma="alig" pos="X">alig</wf>
         <wf lemma="láttam" pos="X">láttam</wf>
         <wf lemma="ki" pos="X">ki</wf>
         <wf lemma="a" pos="X">a</wf>
         <instance id="d000.s022.t000" lemma="szélvédő" pos="NOUN">szélvédőn</instance>
         <wf lemma="." pos="X">.</wf>
      </sentence>
      <sentence id="d000.s023" source="wordnet-hungarian">
         <wf lemma="A" pos="X">A</wf>
         <wf lemma="gyilkos" pos="X">gyilkos</wf>
         <wf lemma="is" pos="X">is</wf>
         <instance id="d000.s023.t000" lemma="visszatér" pos="VERB">visszatér</instance>
         <wf lemma="a" pos="X">a</wf>
         <wf lemma="tett" pos="X">tett</wf>
         <wf lemma="színhelyére" pos="X">színhelyére</wf>
         <wf lemma="." pos="X">.</wf>
      </sentence>
      <sentence id="d000.s024" source="wordnet-hungarian">
         <wf lemma="A" pos="X">A</wf>
         <wf lemma="földrengés" pos="X">földrengés</wf>
         <wf lemma="sebesültjeit" pos="X">sebesültjeit</wf>
         <wf lemma="még" pos="X">még</wf>
         <wf lemma="nem" pos="X">nem</wf>
         <wf lemma="tudták" pos="X">tudták</wf>
         <wf lemma="kórházba" pos="X">kórházba</wf>
         <instance id="d000.s024.t000" lemma="szállít" pos="VERB">szállítani</instance>
         <wf lemma="." pos="X">.</wf>
      </sentence>
      <sentence id="d000.s025" source="wordnet-hungarian">
         <wf lemma="Idén" pos="X">Idén</wf>
         <wf lemma="meg" pos="X">meg</wf>
         <wf lemma="kellene" pos="X">kellene</wf>
         <wf lemma="éleztetni" pos="X">éleztetni</wf>
         <wf lemma="a" pos="X">a</wf>
         <instance id="d000.s025.t000" lemma="síléc" pos="NOUN">síléceimet</instance>
         <wf lemma="." pos="X">.</wf>
      </sentence>
      <sentence id="d000.s026" source="wordnet-hungarian">
         <wf lemma="Az" pos="X">Az</wf>
         <wf lemma="orvos" pos="X">orvos</wf>
         <instance id="d000.s026.t000" lemma="eltávolít" pos="VERB">eltávolította</instance>
         <wf lemma="az" pos="X">az</wf>
         <wf lemma="idegen" pos="X">idegen</wf>
         <wf lemma="testet" pos="X">testet</wf>
         <wf lemma="a" pos="X">a</wf>
         <wf lemma="beteg" pos="X">beteg</wf>
         <wf lemma="gyomrából" pos="X">gyomrából</wf>
         <wf lemma="." pos="X">.</wf>
      </sentence>
      <sentence id="d000.s027" source="wordnet-hungarian">
         <wf lemma="A" pos="X">A</wf>
         <wf lemma="miniszterelnök" pos="X">miniszterelnök</wf>
         <wf lemma="békés" pos="X">békés</wf>
         <wf lemma="együttélésre" pos="X">együttélésre</wf>
         <wf lemma="szólított" pos="X">szólított</wf>
         <wf lemma="fel" pos="X">fel</wf>
         <wf lemma="a" pos="X">a</wf>
         <wf lemma="Tajvani" pos="X">Tajvani</wf>
         <instance id="d000.s027.t000" lemma="szoros" pos="NOUN">szorosban</instance>
         <wf lemma="." pos="X">.</wf>
      </sentence>
      <sentence id="d000.s028" source="wordnet-hungarian">
         <wf lemma="Télen" pos="X">Télen</wf>
         <wf lemma="gyakran" pos="X">gyakran</wf>
         <wf lemma="kell" pos="X">kell</wf>
         <instance id="d000.s028.t000" lemma="trikó" pos="NOUN">trikót</instance>
         <wf lemma="hordani" pos="X">hordani</wf>
         <wf lemma="." pos="X">.</wf>
      </sentence>
      <sentence id="d000.s029" source="wordnet-hungarian">
         <wf lemma="Még" pos="X">Még</wf>
         <wf lemma="sosem" pos="X">sosem</wf>
         <instance id="d000.s029.t000" lemma="vezet" pos="VERB">vezettem</instance>
         <wf lemma="repülőgépet" pos="X">repülőgépet</wf>
         <wf lemma="." pos="X">.</wf>
      </sentence>
      <sentence id="d000.s030" source="wordnet-hungarian">
         <wf lemma="Vettem" pos="X">Vettem</wf>
         <wf lemma="egy" pos="X">egy</wf>
         <instance id="d000.s030.t000" lemma="kosár" pos="NOUN">kosár</instance>
         <wf lemma="almát" pos="X">almát</wf>
         <wf lemma="." pos="X">.</wf>
      </sentence>
      <sentence id="d000.s031" source="wordnet-hungarian">
         <wf lemma="Mielőtt" pos="X">Mielőtt</wf>
         <wf lemma="valaki" pos="X">valaki</wf>
         <instance id="d000.s031.t000" lemma="magnólia" pos="NOUN">magnóliát</instance>
         <wf lemma="telepítene" pos="X">telepítene</wf>
         <wf lemma="," pos="X">,</wf>
         <wf lemma="érdemes" pos="X">érdemes</wf>
         <wf lemma="megvizsgálni" pos="X">megvizsgálni</wf>
         <wf lemma="a" pos="X">a</wf>
         <wf lemma="kert" pos="X">kert</wf>
         <wf lemma="talajának" pos="X">talajának</wf>
         <wf lemma="kémhatását" pos="X">kémhatását</wf>
         <wf lemma="." pos="X">.</wf>
      </sentence>
      <sentence id="d000.s032" source="wordnet-hungarian">
         <wf lemma="A" pos="X">A</wf>
         <wf lemma="gyakorlatban" pos="X">gyakorlatban</wf>
         <wf lemma="hogyan" pos="X">hogyan</wf>
         <wf lemma="kell" pos="X">kell</wf>
         <wf lemma="két" pos="X">két</wf>
         <wf lemma="," pos="X">,</wf>
         <wf lemma="kettes" pos="X">kettes</wf>
         <wf lemma="számrendszerbeli" pos="X">számrendszerbeli</wf>
         <wf lemma="szám" pos="X">szám</wf>
         <instance id="d000.s032.t000" lemma="összeadás" pos="NOUN">összeadását</instance>
         <wf lemma="elvégezni" pos="X">elvégezni</wf>
         <wf lemma="?" pos="X">?</wf>
      </sentence>
      <sentence id="d000.s033" source="wordnet-hungarian">
         <wf lemma="A" pos="X">A</wf>
         <wf lemma="tengerben" pos="X">tengerben</wf>
         <wf lemma="egyre" pos="X">egyre</wf>
         <wf lemma="mélyebbre" pos="X">mélyebbre</wf>
         <wf lemma="haladva" pos="X">haladva</wf>
         <wf lemma="folyamatosan" pos="X">folyamatosan</wf>
         <wf lemma="nő" pos="X">nő</wf>
         <wf lemma="a" pos="X">a</wf>
         <instance id="d000.s033.t000" lemma="nyomás" pos="NOUN">nyomás</instance>
         <wf lemma="." pos="X">.</wf>
      </sentence>
      <sentence id="d000.s034" source="wordnet-hungarian">
         <wf lemma="Az" pos="X">Az</wf>
         <instance id="d000.s034.t000" lemma="emberölés" pos="NOUN">emberölés</instance>
         <wf lemma="gyanúsítottjait" pos="X">gyanúsítottjait</wf>
         <wf lemma="két" pos="X">két</wf>
         <wf lemma="napon" pos="X">napon</wf>
         <wf lemma="belül" pos="X">belül</wf>
         <wf lemma="elfogta" pos="X">elfogta</wf>
         <wf lemma="a" pos="X">a</wf>
         <wf lemma="rendőrség" pos="X">rendőrség</wf>
         <wf lemma="." pos="X">.</wf>
      </sentence>
      <sentence id="d000.s035" source="wordnet-hungarian">
         <wf lemma="Feri" pos="X">Feri</wf>
         <wf lemma="nagyon" pos="X">nagyon</wf>
         <wf lemma="erős" pos="X">erős</wf>
         <wf lemma="lélekben" pos="X">lélekben</wf>
         <wf lemma="," pos="X">,</wf>
         <wf lemma="ezt" pos="X">ezt</wf>
         <wf lemma="is" pos="X">is</wf>
         <wf lemma="el" pos="X">el</wf>
         <wf lemma="fogja" pos="X">fogja</wf>
         <instance id="d000.s035.t000" lemma="bír" pos="VERB">bírni</instance>
         <wf lemma="." pos="X">.</wf>
      </sentence>
      <sentence id="d000.s036" source="wordnet-hungarian">
         <wf lemma="Pistike" pos="X">Pistike</wf>
         <wf lemma="már" pos="X">már</wf>
         <wf lemma="képes" pos="X">képes</wf>
         <wf lemma="az" pos="X">az</wf>
         <wf lemma="alapvető" pos="X">alapvető</wf>
         <wf lemma="gombafajokat" pos="X">gombafajokat</wf>
         <instance id="d000.s036.t000" lemma="azonosít" pos="VERB">azonosítani</instance>
         <wf lemma="." pos="X">.</wf>
      </sentence>
      <sentence id="d000.s037" source="wordnet-hungarian">
         <wf lemma="A" pos="X">A</wf>
         <wf lemma="nővér" pos="X">nővér</wf>
         <instance id="d000.s037.t000" lemma="levetkőzik" pos="VERB">levetkőztette</instance>
         <wf lemma="a" pos="X">a</wf>
         <wf lemma="sérültet" pos="X">sérültet</wf>
         <wf lemma="a" pos="X">a</wf>
         <wf lemma="műtéthez" pos="X">műtéthez</wf>
         <wf lemma="." pos="X">.</wf>
      </sentence>
      <sentence id="d000.s038" source="wordnet-hungarian">
         <wf lemma="A" pos="X">A</wf>
         <instance id="d000.s038.t000" lemma="pártatlanság" pos="NOUN">pártatlanság</instance>
         <wf lemma="nagyon" pos="X">nagyon</wf>
         <wf lemma="fontos" pos="X">fontos</wf>
         <wf lemma="tényező" pos="X">tényező</wf>
         <wf lemma="egy" pos="X">egy</wf>
         <wf lemma="ilyen" pos="X">ilyen</wf>
         <wf lemma="érzékeny" pos="X">érzékeny</wf>
         <wf lemma="ügy" pos="X">ügy</wf>
         <wf lemma="megítélésekor" pos="X">megítélésekor</wf>
         <wf lemma="." pos="X">.</wf>
      </sentence>
      <sentence id="d000.s039" source="wordnet-hungarian">
         <wf lemma="Itt" pos="X">Itt</wf>
         <wf lemma="az" pos="X">az</wf>
         <wf lemma="ősz" pos="X">ősz</wf>
         <wf lemma="," pos="X">,</wf>
         <wf lemma="hullanak" pos="X">hullanak</wf>
         <wf lemma="a" pos="X">a</wf>
         <instance id="d000.s039.t000" lemma="levél" pos="NOUN">levelek</instance>
         <wf lemma="." pos="X">.</wf>
      </sentence>
      <sentence id="d000.s040" source="wordnet-hungarian">
         <wf lemma="Csak" pos="X">Csak</wf>
         <wf lemma="Péter" pos="X">Péter</wf>
         <instance id="d000.s040.t000" lemma="derű" pos="NOUN">derűje</instance>
         <wf lemma="mentette" pos="X">mentette</wf>
         <wf lemma="meg" pos="X">meg</wf>
         <wf lemma="az" pos="X">az</wf>
         <wf lemma="unalmas" pos="X">unalmas</wf>
         <wf lemma="konferenciát" pos="X">konferenciát</wf>
         <wf lemma="." pos="X">.</wf>
      </sentence>
      <sentence id="d000.s041" source="wordnet-hungarian">
         <wf lemma="Az" pos="X">Az</wf>
         <wf lemma="egyház" pos="X">egyház</wf>
         <wf lemma="minden" pos="X">minden</wf>
         <wf lemma="új" pos="X">új</wf>
         <wf lemma="tagot" pos="X">tagot</wf>
         <wf lemma="szeretettel" pos="X">szeretettel</wf>
         <wf lemma="vár" pos="X">vár</wf>
         <instance id="d000.s041.t000" lemma="közösség" pos="NOUN">közösségébe</instance>
         <wf lemma="." pos="X">.</wf>
      </sentence>
      <sentence id="d000.s042" source="wordnet-hungarian">
         <wf lemma="Egymillió" pos="X">Egymillió</wf>
         <instance id="d000.s042.t000" lemma="bangladesi" pos="NOUN">bangladesit</instance>
         <wf lemma="tettek" pos="X">tettek</wf>
         <wf lemma="hajléktalanná" pos="X">hajléktalanná</wf>
         <wf lemma="azok" pos="X">azok</wf>
         <wf lemma="az" pos="X">az</wf>
         <wf lemma="árvizek" pos="X">árvizek</wf>
         <wf lemma="," pos="X">,</wf>
         <wf lemma="amelyeket" pos="X">amelyeket</wf>
         <wf lemma="a" pos="X">a</wf>
         <wf lemma="heves" pos="X">heves</wf>
         <wf lemma="monszunesőzés" pos="X">monszunesőzés</wf>
         <wf lemma="okozott" pos="X">okozott</wf>
         <wf lemma="." pos="X">.</wf>
      </sentence>
      <sentence id="d000.s043" source="wordnet-hungarian">
         <wf lemma="Az" pos="X">Az</wf>
         <wf lemma="elemi" pos="X">elemi</wf>
         <instance id="d000.s043.t000" lemma="klór" pos="NOUN">klór</instance>
         <wf lemma="nagyon" pos="X">nagyon</wf>
         <wf lemma="reakcióképes" pos="X">reakcióképes</wf>
         <wf lemma="." pos="X">.</wf>
      </sentence>
      <sentence id="d000.s044" source="wordnet-hungarian">
         <wf lemma="Tévedés" pos="X">Tévedés</wf>
         <wf lemma="," pos="X">,</wf>
         <wf lemma="hogy" pos="X">hogy</wf>
         <wf lemma="a" pos="X">a</wf>
         <wf lemma="férfi" pos="X">férfi</wf>
         <wf lemma="testén" pos="X">testén</wf>
         <wf lemma="csak" pos="X">csak</wf>
         <wf lemma="egyetlen" pos="X">egyetlen</wf>
         <wf lemma="egy" pos="X">egy</wf>
         <wf lemma="erogén" pos="X">erogén</wf>
         <instance id="d000.s044.t000" lemma="zóna" pos="NOUN">zóna</instance>
         <wf lemma="van" pos="X">van</wf>
         <wf lemma="," pos="X">,</wf>
         <wf lemma="és" pos="X">és</wf>
         <wf lemma="azt" pos="X">azt</wf>
         <wf lemma="a" pos="X">a</wf>
         <wf lemma="lába" pos="X">lába</wf>
         <wf lemma="között" pos="X">között</wf>
         <wf lemma="hordja" pos="X">hordja</wf>
         <wf lemma="." pos="X">.</wf>
      </sentence>
      <sentence id="d000.s045" source="wordnet-hungarian">
         <wf lemma="Szerencsére" pos="X">Szerencsére</wf>
         <wf lemma="van" pos="X">van</wf>
         <instance id="d000.s045.t000" lemma="pótalkatrész" pos="NOUN">pótalkatrész</instance>
         <wf lemma="a" pos="X">a</wf>
         <wf lemma="rádióhoz" pos="X">rádióhoz</wf>
         <wf lemma="." pos="X">.</wf>
      </sentence>
      <sentence id="d000.s046" source="wordnet-hungarian">
         <wf lemma="Az" pos="X">Az</wf>
         <instance id="d000.s046.t000" lemma="érc" pos="NOUN">érc</instance>
         <wf lemma="kinyerése" pos="X">kinyerése</wf>
         <wf lemma="két" pos="X">két</wf>
         <wf lemma="falu" pos="X">falu</wf>
         <wf lemma="csaknem" pos="X">csaknem</wf>
         <wf lemma="teljes" pos="X">teljes</wf>
         <wf lemma="lerombolását" pos="X">lerombolását</wf>
         <wf lemma="követelné" pos="X">követelné</wf>
         <wf lemma="." pos="X">.</wf>
      </sentence>
      <sentence id="d000.s047" source="wordnet-hungarian">
         <wf lemma="Elromlott" pos="X">Elromlott</wf>
         <wf lemma="a" pos="X">a</wf>
         <wf lemma="gépkocsi" pos="X">gépkocsi</wf>
         <instance id="d000.s047.t000" lemma="fék" pos="NOUN">fékje</instance>
         <wf lemma="," pos="X">,</wf>
         <wf lemma="ezért" pos="X">ezért</wf>
         <wf lemma="nem" pos="X">nem</wf>
         <wf lemma="tudtak" pos="X">tudtak</wf>
         <wf lemma="útnak" pos="X">útnak</wf>
         <wf lemma="indulni" pos="X">indulni</wf>
         <wf lemma="időben" pos="X">időben</wf>
         <wf lemma="." pos="X">.</wf>
      </sentence>
      <sentence id="d000.s048" source="wordnet-hungarian">
         <wf lemma="Trappista" pos="X">Trappista</wf>
         <wf lemma="és" pos="X">és</wf>
         <wf lemma="ementáli" pos="X">ementáli</wf>
         <instance id="d000.s048.t000" lemma="sajt" pos="NOUN">sajtot</instance>
         <wf lemma="is" pos="X">is</wf>
         <wf lemma="vettem" pos="X">vettem</wf>
         <wf lemma="a" pos="X">a</wf>
         <wf lemma="tésztához" pos="X">tésztához</wf>
         <wf lemma="." pos="X">.</wf>
      </sentence>
      <sentence id="d000.s049" source="wordnet-hungarian">
         <wf lemma="A" pos="X">A</wf>
         <wf lemma="barátságos" pos="X">barátságos</wf>
         <instance id="d000.s049.t000" lemma="légkör" pos="NOUN">légkör</instance>
         <wf lemma="nagyban" pos="X">nagyban</wf>
         <wf lemma="megkönnyíti" pos="X">megkönnyíti</wf>
         <wf lemma="a" pos="X">a</wf>
         <wf lemma="tárgyalásokat" pos="X">tárgyalásokat</wf>
         <wf lemma="." pos="X">.</wf>
      </sentence>
      <sentence id="d000.s050" source="wordnet-hungarian">
         <instance id="d000.s050.t000" lemma="hétfő" pos="NOUN">Hétfőn</instance>
         <wf lemma="mindig" pos="X">mindig</wf>
         <wf lemma="nehéz" pos="X">nehéz</wf>
         <wf lemma="felkelnem" pos="X">felkelnem</wf>
         <wf lemma="és" pos="X">és</wf>
         <wf lemma="munkába" pos="X">munkába</wf>
         <wf lemma="mennem" pos="X">mennem</wf>
         <wf lemma="." pos="X">.</wf>
      </sentence>
      <sentence id="d000.s051" source="wordnet-hungarian">
         <wf lemma="Már" pos="X">Már</wf>
         <wf lemma="tízszer" pos="X">tízszer</wf>
         <wf lemma="harapta" pos="X">harapta</wf>
         <wf lemma="a" pos="X">a</wf>
         <instance id="d000.s051.t000" lemma="pióca" pos="NOUN">pióca</instance>
         <wf lemma="és" pos="X">és</wf>
         <wf lemma="íme" pos="X">íme</wf>
         <wf lemma="," pos="X">,</wf>
         <wf lemma="még" pos="X">még</wf>
         <wf lemma="szebb" pos="X">szebb</wf>
         <wf lemma="pióca" pos="X">pióca</wf>
         <wf lemma="kap" pos="X">kap</wf>
         <wf lemma="vérem" pos="X">vérem</wf>
         <wf lemma="után" pos="X">után</wf>
         <wf lemma="," pos="X">,</wf>
         <wf lemma="maga" pos="X">maga</wf>
         <wf lemma="Zarathustra" pos="X">Zarathustra</wf>
         <wf lemma="!" pos="X">!</wf>
      </sentence>
      <sentence id="d000.s052" source="wordnet-hungarian">
         <wf lemma="A" pos="X">A</wf>
         <wf lemma="nemzetközi" pos="X">nemzetközi</wf>
         <wf lemma="sikerre" pos="X">sikerre</wf>
         <wf lemma="is" pos="X">is</wf>
         <wf lemma="esélyes" pos="X">esélyes</wf>
         <wf lemma="mozi" pos="X">mozi</wf>
         <wf lemma="a" pos="X">a</wf>
         <instance id="d000.s052.t000" lemma="tornász" pos="NOUN">tornászok</instance>
         <wf lemma="magnéziumporral" pos="X">magnéziumporral</wf>
         <wf lemma="csúszásmentesített" pos="X">csúszásmentesített</wf>
         <wf lemma="tenyeréről" pos="X">tenyeréről</wf>
         <wf lemma="kapta" pos="X">kapta</wf>
         <wf lemma="a" pos="X">a</wf>
         <wf lemma="címét" pos="X">címét</wf>
         <wf lemma="." pos="X">.</wf>
      </sentence>
      <sentence id="d000.s053" source="wordnet-hungarian">
         <wf lemma="A" pos="X">A</wf>
         <wf lemma="víz" pos="X">víz</wf>
         <wf lemma="már" pos="X">már</wf>
         <wf lemma="a" pos="X">a</wf>
         <wf lemma="bokám" pos="X">bokám</wf>
         <instance id="d000.s053.t000" lemma="magasság" pos="NOUN">magasságáig</instance>
         <wf lemma="ért" pos="X">ért</wf>
         <wf lemma="." pos="X">.</wf>
      </sentence>
      <sentence id="d000.s054" source="wordnet-hungarian">
         <wf lemma="Ennél" pos="X">Ennél</wf>
         <wf lemma="többre" pos="X">többre</wf>
         <instance id="d000.s054.t000" lemma="tart" pos="VERB">tartottam</instance>
         <wf lemma="Ferit" pos="X">Ferit</wf>
         <wf lemma="." pos="X">.</wf>
      </sentence>
      <sentence id="d000.s055" source="wordnet-hungarian">
         <wf lemma="A" pos="X">A</wf>
         <wf lemma="vegyületnek" pos="X">vegyületnek</wf>
         <wf lemma="több" pos="X">több</wf>
         <instance id="d000.s055.t000" lemma="összetevő" pos="NOUN">összetevője</instance>
         <wf lemma="van" pos="X">van</wf>
         <wf lemma="." pos="X">.</wf>
      </sentence>
      <sentence id="d000.s056" source="wordnet-hungarian">
         <wf lemma="A" pos="X">A</wf>
         <wf lemma="magyar" pos="X">magyar</wf>
         <instance id="d000.s056.t000" lemma="kalapácsvetés" pos="NOUN">kalapácsvetés</instance>
         <wf lemma="nemzetközi" pos="X">nemzetközi</wf>
         <wf lemma="hírneve" pos="X">hírneve</wf>
         <wf lemma="mostanában" pos="X">mostanában</wf>
         <wf lemma="megkopott" pos="X">megkopott</wf>
         <wf lemma="." pos="X">.</wf>
      </sentence>
      <sentence id="d000.s057" source="wordnet-hungarian">
         <wf lemma="A" pos="X">A</wf>
         <instance id="d000.s057.t000" lemma="melasz" pos="NOUN">melasz</instance>
         <wf lemma="tartalmazza" pos="X">tartalmazza</wf>
         <wf lemma="a" pos="X">a</wf>
         <wf lemma="répából" pos="X">répából</wf>
         <wf lemma="ki" pos="X">ki</wf>
         <wf lemma="nem" pos="X">nem</wf>
         <wf lemma="oldott" pos="X">oldott</wf>
         <wf lemma="cukrot" pos="X">cukrot</wf>
         <wf lemma="(" pos="X">(</wf>
         <wf lemma="kb" pos="X">kb</wf>
         <wf lemma="." pos="X">.</wf>
         <wf lemma="6-9%" pos="X">6-9%</wf>
         <wf lemma=")" pos="X">)</wf>
         <wf lemma="és" pos="X">és</wf>
         <wf lemma="számos" pos="X">számos</wf>
         <wf lemma="oldható" pos="X">oldható</wf>
         <wf lemma="nemcukor" pos="X">nemcukor</wf>
         <wf lemma="anyagot" pos="X">anyagot</wf>
         <wf lemma="is" pos="X">is</wf>
         <wf lemma=";" pos="X">;</wf>
         <wf lemma="a" pos="X">a</wf>
         <wf lemma="melasz" pos="X">melasz</wf>
         <wf lemma="a" pos="X">a</wf>
         <wf lemma="sütűélesztő-" pos="X">sütűélesztő-</wf>
         <wf lemma="és" pos="X">és</wf>
         <wf lemma="takarmánygyártás" pos="X">takarmánygyártás</wf>
         <wf lemma="valamint" pos="X">valamint</wf>
         <wf lemma="az" pos="X">az</wf>
         <wf lemma="alkohol-előállítás" pos="X">alkohol-előállítás</wf>
         <wf lemma="értékes" pos="X">értékes</wf>
         <wf lemma="nyersanyaga" pos="X">nyersanyaga</wf>
         <wf lemma="." pos="X">.</wf>
      </sentence>
      <sentence id="d000.s058" source="wordnet-hungarian">
         <wf lemma="A" pos="X">A</wf>
         <wf lemma="felkelés" pos="X">felkelés</wf>
         <wf lemma="elfojtására" pos="X">elfojtására</wf>
         <wf lemma="a" pos="X">a</wf>
         <wf lemma="térségbe" pos="X">térségbe</wf>
         <wf lemma="vezényelt" pos="X">vezényelt</wf>
         <wf lemma="15" pos="X">15</wf>
         <wf lemma="." pos="X">.</wf>
         <wf lemma="afgán" pos="X">afgán</wf>
         <instance id="d000.s058.t000" lemma="hadosztály" pos="NOUN">hadosztály</instance>
         <wf lemma="átállt" pos="X">átállt</wf>
         <wf lemma="a" pos="X">a</wf>
         <wf lemma="felkelők" pos="X">felkelők</wf>
         <wf lemma="oldalára" pos="X">oldalára</wf>
         <wf lemma="." pos="X">.</wf>
      </sentence>
      <sentence id="d000.s059" source="wordnet-hungarian">
         <wf lemma="A" pos="X">A</wf>
         <instance id="d000.s059.t000" lemma="rokonértelműség" pos="NOUN">rokonértelműséget</instance>
         <wf lemma="hullámvonallal" pos="X">hullámvonallal</wf>
         <wf lemma="jelöltük" pos="X">jelöltük</wf>
         <wf lemma="." pos="X">.</wf>
      </sentence>
      <sentence id="d000.s060" source="wordnet-hungarian">
         <wf lemma="Tudod" pos="X">Tudod</wf>
         <wf lemma="mennyi" pos="X">mennyi</wf>
         <wf lemma="az" pos="X">az</wf>
         <instance id="d000.s060.t000" lemma="idő" pos="NOUN">idő</instance>
         <wf lemma="?" pos="X">?</wf>
      </sentence>
      <sentence id="d000.s061" source="wordnet-hungarian">
         <wf lemma="Hangsúlyozták" pos="X">Hangsúlyozták</wf>
         <wf lemma="a" pos="X">a</wf>
         <wf lemma="két" pos="X">két</wf>
         <wf lemma="intézmény" pos="X">intézmény</wf>
         <wf lemma="közti" pos="X">közti</wf>
         <instance id="d000.s061.t000" lemma="folytonosság" pos="NOUN">folytonosságot</instance>
         <wf lemma="." pos="X">.</wf>
      </sentence>
      <sentence id="d000.s062" source="wordnet-hungarian">
         <wf lemma="Mindig" pos="X">Mindig</wf>
         <instance id="d000.s062.t000" lemma="visz" pos="VERB">viszek</instance>
         <wf lemma="ernyőt" pos="X">ernyőt</wf>
         <wf lemma="," pos="X">,</wf>
         <wf lemma="ha" pos="X">ha</wf>
         <wf lemma="hosszabb" pos="X">hosszabb</wf>
         <wf lemma="útra" pos="X">útra</wf>
         <wf lemma="indulok" pos="X">indulok</wf>
         <wf lemma="." pos="X">.</wf>
      </sentence>
      <sentence id="d000.s063" source="wordnet-hungarian">
         <wf lemma="A" pos="X">A</wf>
         <wf lemma="fészekvirágzatúak" pos="X">fészekvirágzatúak</wf>
         <wf lemma="rendje" pos="X">rendje</wf>
         <wf lemma="a" pos="X">a</wf>
         <instance id="d000.s063.t000" lemma="kétszikű" pos="NOUN">kétszikűek</instance>
         <wf lemma="osztályába" pos="X">osztályába</wf>
         <wf lemma="tartozik" pos="X">tartozik</wf>
         <wf lemma="." pos="X">.</wf>
      </sentence>
      <sentence id="d000.s064" source="wordnet-hungarian">
         <wf lemma="Ez" pos="X">Ez</wf>
         <wf lemma="a" pos="X">a</wf>
         <wf lemma="két" pos="X">két</wf>
         <wf lemma="szó" pos="X">szó</wf>
         <wf lemma="hipernima" pos="X">hipernima</wf>
         <instance id="d000.s064.t000" lemma="reláció" pos="NOUN">relációban</instance>
         <wf lemma="van" pos="X">van</wf>
         <wf lemma="." pos="X">.</wf>
      </sentence>
      <sentence id="d000.s065" source="wordnet-hungarian">
         <wf lemma="Az" pos="X">Az</wf>
         <wf lemma="amerikaiak" pos="X">amerikaiak</wf>
         <wf lemma="ugyanúgy" pos="X">ugyanúgy</wf>
         <wf lemma="ágyutölteléknek" pos="X">ágyutölteléknek</wf>
         <wf lemma="használják" pos="X">használják</wf>
         <wf lemma="a" pos="X">a</wf>
         <instance id="d000.s065.t000" lemma="magyar" pos="NOUN">magyarokat</instance>
         <wf lemma="," pos="X">,</wf>
         <wf lemma="mint" pos="X">mint</wf>
         <wf lemma="a" pos="X">a</wf>
         <wf lemma="németek" pos="X">németek</wf>
         <wf lemma="45-ben" pos="X">45-ben</wf>
         <wf lemma="." pos="X">.</wf>
      </sentence>
      <sentence id="d000.s066" source="wordnet-hungarian">
         <instance id="d000.s066.t000" lemma="irodaház" pos="NOUN">Irodaházak</instance>
         <wf lemma="építésére" pos="X">építésére</wf>
         <wf lemma="szakosodott" pos="X">szakosodott</wf>
         <wf lemma="az" pos="X">az</wf>
         <wf lemma="építőipari" pos="X">építőipari</wf>
         <wf lemma="cég" pos="X">cég</wf>
         <wf lemma="." pos="X">.</wf>
      </sentence>
      <sentence id="d000.s067" source="wordnet-hungarian">
         <wf lemma="Az" pos="X">Az</wf>
         <wf lemma="esti" pos="X">esti</wf>
         <instance id="d000.s067.t000" lemma="összejövetel" pos="NOUN">összejövetel</instance>
         <wf lemma="volt" pos="X">volt</wf>
         <wf lemma="a" pos="X">a</wf>
         <wf lemma="legjobb" pos="X">legjobb</wf>
         <wf lemma="része" pos="X">része</wf>
         <wf lemma="a" pos="X">a</wf>
         <wf lemma="napnak" pos="X">napnak</wf>
         <wf lemma="." pos="X">.</wf>
      </sentence>
      <sentence id="d000.s068" source="wordnet-hungarian">
         <wf lemma="A" pos="X">A</wf>
         <wf lemma="maghéj" pos="X">maghéj</wf>
         <wf lemma="nélküli" pos="X">nélküli</wf>
         <instance id="d000.s068.t000" lemma="tök" pos="NOUN">tök</instance>
         <wf lemma="az" pos="X">az</wf>
         <wf lemma="utóbbi" pos="X">utóbbi</wf>
         <wf lemma="évtizedekben" pos="X">évtizedekben</wf>
         <wf lemma="vált" pos="X">vált</wf>
         <wf lemma="jelentős" pos="X">jelentős</wf>
         <wf lemma="gyógyszerforrássá" pos="X">gyógyszerforrássá</wf>
         <wf lemma="." pos="X">.</wf>
      </sentence>
      <sentence id="d000.s069" source="wordnet-hungarian">
         <wf lemma="Az" pos="X">Az</wf>
         <wf lemma="egyéni" pos="X">egyéni</wf>
         <instance id="d000.s069.t000" lemma="vállalkozás" pos="NOUN">vállalkozás</instance>
         <wf lemma="is" pos="X">is</wf>
         <wf lemma="örökölhető" pos="X">örökölhető</wf>
         <wf lemma="," pos="X">,</wf>
         <wf lemma="amennyiben" pos="X">amennyiben</wf>
         <wf lemma="az" pos="X">az</wf>
         <wf lemma="egyéni" pos="X">egyéni</wf>
         <wf lemma="vállalkozó" pos="X">vállalkozó</wf>
         <wf lemma="elhalálozik" pos="X">elhalálozik</wf>
         <wf lemma="." pos="X">.</wf>
      </sentence>
      <sentence id="d000.s070" source="wordnet-hungarian">
         <wf lemma="A" pos="X">A</wf>
         <wf lemma="görög" pos="X">görög</wf>
         <wf lemma="művészetben" pos="X">művészetben</wf>
         <wf lemma="a" pos="X">a</wf>
         <instance id="d000.s070.t000" lemma="kentaur" pos="NOUN">kentaurokat</instance>
         <wf lemma="általában" pos="X">általában</wf>
         <wf lemma="az" pos="X">az</wf>
         <wf lemma="emberekkel" pos="X">emberekkel</wf>
         <wf lemma="való" pos="X">való</wf>
         <wf lemma="harcban" pos="X">harcban</wf>
         <wf lemma="jelenítették" pos="X">jelenítették</wf>
         <wf lemma="meg" pos="X">meg</wf>
         <wf lemma="." pos="X">.</wf>
      </sentence>
      <sentence id="d000.s071" source="wordnet-hungarian">
         <wf lemma="A" pos="X">A</wf>
         <wf lemma="Keidanren" pos="X">Keidanren</wf>
         <wf lemma="japán" pos="X">japán</wf>
         <wf lemma="ipari" pos="X">ipari</wf>
         <instance id="d000.s071.t000" lemma="érdekcsoport" pos="NOUN">érdekcsoport</instance>
         <wf lemma="nemzetközi" pos="X">nemzetközi</wf>
         <wf lemma="konferenciát" pos="X">konferenciát</wf>
         <wf lemma="szervezett" pos="X">szervezett</wf>
         <wf lemma="." pos="X">.</wf>
      </sentence>
      <sentence id="d000.s072" source="wordnet-hungarian">
         <wf lemma="A" pos="X">A</wf>
         <wf lemma="rendbontókat" pos="X">rendbontókat</wf>
         <instance id="d000.s072.t000" lemma="eltávolít" pos="VERB">eltávolították</instance>
         <wf lemma="a" pos="X">a</wf>
         <wf lemma="koncertteremből" pos="X">koncertteremből</wf>
         <wf lemma="." pos="X">.</wf>
      </sentence>
      <sentence id="d000.s073" source="wordnet-hungarian">
         <wf lemma="Az" pos="X">Az</wf>
         <instance id="d000.s073.t000" lemma="aligátor" pos="NOUN">aligátor</instance>
         <wf lemma="is" pos="X">is</wf>
         <wf lemma="hozzájárult" pos="X">hozzájárult</wf>
         <wf lemma="a" pos="X">a</wf>
         <wf lemma="sárkány" pos="X">sárkány</wf>
         <wf lemma="alakjának" pos="X">alakjának</wf>
         <wf lemma="mitológiai" pos="X">mitológiai</wf>
         <wf lemma="megformálásához" pos="X">megformálásához</wf>
         <wf lemma="." pos="X">.</wf>
      </sentence>
      <sentence id="d000.s074" source="wordnet-hungarian">
         <wf lemma="A" pos="X">A</wf>
         <wf lemma="sportoló" pos="X">sportoló</wf>
         <instance id="d000.s074.t000" lemma="eldob" pos="VERB">eldobta</instance>
         <wf lemma="a" pos="X">a</wf>
         <wf lemma="labdát" pos="X">labdát</wf>
         <wf lemma="." pos="X">.</wf>
      </sentence>
      <sentence id="d000.s075" source="wordnet-hungarian">
         <wf lemma="Elfelejtett" pos="X">Elfelejtett</wf>
         <instance id="d000.s075.t000" lemma="töltény" pos="NOUN">töltényt</instance>
         <wf lemma="vásárolni" pos="X">vásárolni</wf>
         <wf lemma="a" pos="X">a</wf>
         <wf lemma="légpuskához" pos="X">légpuskához</wf>
         <wf lemma="." pos="X">.</wf>
      </sentence>
      <sentence id="d000.s076" source="wordnet-hungarian">
         <wf lemma="Trigonometrikus" pos="X">Trigonometrikus</wf>
         <wf lemma="egyenletnek" pos="X">egyenletnek</wf>
         <wf lemma="esetén" pos="X">esetén</wf>
         <wf lemma="hogyan" pos="X">hogyan</wf>
         <wf lemma="állapítható" pos="X">állapítható</wf>
         <wf lemma="meg" pos="X">meg</wf>
         <wf lemma="a" pos="X">a</wf>
         <instance id="d000.s076.t000" lemma="gyök" pos="NOUN">gyökök</instance>
         <wf lemma="valódi" pos="X">valódi</wf>
         <wf lemma="vagy" pos="X">vagy</wf>
         <wf lemma="hamis" pos="X">hamis</wf>
         <wf lemma="volta" pos="X">volta</wf>
         <wf lemma="?" pos="X">?</wf>
      </sentence>
      <sentence id="d000.s077" source="wordnet-hungarian">
         <wf lemma="A" pos="X">A</wf>
         <instance id="d000.s077.t000" lemma="szakadár" pos="NOUN">szakadárokat</instance>
         <wf lemma="nem" pos="X">nem</wf>
         <wf lemma="látták" pos="X">látták</wf>
         <wf lemma="szívesen" pos="X">szívesen</wf>
         <wf lemma="a" pos="X">a</wf>
         <wf lemma="gyűlésen" pos="X">gyűlésen</wf>
         <wf lemma="." pos="X">.</wf>
      </sentence>
      <sentence id="d000.s078" source="wordnet-hungarian">
         <wf lemma="Cipőt" pos="X">Cipőt</wf>
         <wf lemma="a" pos="X">a</wf>
         <instance id="d000.s078.t000" lemma="cipőbolt" pos="NOUN">cipőboltban</instance>
         <wf lemma="kell" pos="X">kell</wf>
         <wf lemma="venni" pos="X">venni</wf>
         <wf lemma="!" pos="X">!</wf>
      </sentence>
      <sentence id="d000.s079" source="wordnet-hungarian">
         <wf lemma="A" pos="X">A</wf>
         <wf lemma="fonográflemezek" pos="X">fonográflemezek</wf>
         <wf lemma="kartonpapírból" pos="X">kartonpapírból</wf>
         <wf lemma="készült" pos="X">készült</wf>
         <instance id="d000.s079.t000" lemma="borító" pos="NOUN">borítóba</instance>
         <wf lemma="vannak" pos="X">vannak</wf>
         <wf lemma="csomagolva" pos="X">csomagolva</wf>
         <wf lemma="." pos="X">.</wf>
      </sentence>
      <sentence id="d000.s080" source="wordnet-hungarian">
         <wf lemma="A" pos="X">A</wf>
         <instance id="d000.s080.t000" lemma="fényforrás" pos="NOUN">fényforrás</instance>
         <wf lemma="a" pos="X">a</wf>
         <wf lemma="szobában" pos="X">szobában</wf>
         <wf lemma="van" pos="X">van</wf>
         <wf lemma="." pos="X">.</wf>
      </sentence>
      <sentence id="d000.s081" source="wordnet-hungarian">
         <wf lemma="Alszik" pos="X">Alszik</wf>
         <wf lemma="," pos="X">,</wf>
         <wf lemma="mint" pos="X">mint</wf>
         <wf lemma="a" pos="X">a</wf>
         <instance id="d000.s081.t000" lemma="mormota" pos="NOUN">mormota</instance>
         <wf lemma="." pos="X">.</wf>
      </sentence>
      <sentence id="d000.s082" source="wordnet-hungarian">
         <wf lemma="A" pos="X">A</wf>
         <instance id="d000.s082.t000" lemma="folyó" pos="NOUN">folyó</instance>
         <wf lemma="csak" pos="X">csak</wf>
         <wf lemma="ősszel" pos="X">ősszel</wf>
         <wf lemma="és" pos="X">és</wf>
         <wf lemma="tavasszal" pos="X">tavasszal</wf>
         <wf lemma="hajózható" pos="X">hajózható</wf>
         <wf lemma="." pos="X">.</wf>
      </sentence>
      <sentence id="d000.s083" source="wordnet-hungarian">
         <wf lemma="A" pos="X">A</wf>
         <wf lemma="siker" pos="X">siker</wf>
         <wf lemma="általában" pos="X">általában</wf>
         <wf lemma="kemény" pos="X">kemény</wf>
         <wf lemma="munkát" pos="X">munkát</wf>
         <instance id="d000.s083.t000" lemma="igényel" pos="VERB">igényel</instance>
         <wf lemma="." pos="X">.</wf>
      </sentence>
      <sentence id="d000.s084" source="wordnet-hungarian">
         <wf lemma="Ki" pos="X">Ki</wf>
         <wf lemma="az" pos="X">az</wf>
         <wf lemma="ötlet" pos="X">ötlet</wf>
         <instance id="d000.s084.t000" lemma="szerző" pos="NOUN">szerzője</instance>
         <wf lemma="?" pos="X">?</wf>
      </sentence>
      <sentence id="d000.s085" source="wordnet-hungarian">
         <wf lemma="A" pos="X">A</wf>
         <instance id="d000.s085.t000" lemma="nappal" pos="NOUN">nappalok</instance>
         <wf lemma="egyre" pos="X">egyre</wf>
         <wf lemma="rövidebbek" pos="X">rövidebbek</wf>
         <wf lemma="." pos="X">.</wf>
      </sentence>
      <sentence id="d000.s086" source="wordnet-hungarian">
         <wf lemma="A" pos="X">A</wf>
         <wf lemma="múzeum" pos="X">múzeum</wf>
         <instance id="d000.s086.t000" lemma="őr" pos="NOUN">őre</instance>
         <wf lemma="kívülről" pos="X">kívülről</wf>
         <wf lemma="ismeri" pos="X">ismeri</wf>
         <wf lemma="a" pos="X">a</wf>
         <wf lemma="kiállítást" pos="X">kiállítást</wf>
         <wf lemma="." pos="X">.</wf>
      </sentence>
      <sentence id="d000.s087" source="wordnet-hungarian">
         <wf lemma="Sokan" pos="X">Sokan</wf>
         <wf lemma="voltak" pos="X">voltak</wf>
         <wf lemma="a" pos="X">a</wf>
         <wf lemma="szabadtéri" pos="X">szabadtéri</wf>
         <instance id="d000.s087.t000" lemma="istentisztelet" pos="NOUN">istentiszteleten</instance>
         <wf lemma="." pos="X">.</wf>
      </sentence>
      <sentence id="d000.s088" source="wordnet-hungarian">
         <wf lemma="A" pos="X">A</wf>
         <wf lemma="kémiai" pos="X">kémiai</wf>
         <instance id="d000.s088.t000" lemma="reakció" pos="NOUN">reakció</instance>
         <wf lemma="változás" pos="X">változás</wf>
         <wf lemma="," pos="X">,</wf>
         <wf lemma="az" pos="X">az</wf>
         <wf lemma="anyagnak" pos="X">anyagnak</wf>
         <wf lemma="új" pos="X">új</wf>
         <wf lemma="anyaggá" pos="X">anyaggá</wf>
         <wf lemma="történő" pos="X">történő</wf>
         <wf lemma="átalakulása" pos="X">átalakulása</wf>
         <wf lemma="." pos="X">.</wf>
      </sentence>
      <sentence id="d000.s089" source="wordnet-hungarian">
         <wf lemma="A" pos="X">A</wf>
         <wf lemma="szakdolgozatát" pos="X">szakdolgozatát</wf>
         <wf lemma="elmentette" pos="X">elmentette</wf>
         <wf lemma="a" pos="X">a</wf>
         <wf lemma="számítógépére" pos="X">számítógépére</wf>
         <wf lemma="és" pos="X">és</wf>
         <instance id="d000.s089.t000" lemma="floppy" pos="NOUN">floppyra</instance>
         <wf lemma="is" pos="X">is</wf>
         <wf lemma="." pos="X">.</wf>
      </sentence>
      <sentence id="d000.s090" source="wordnet-hungarian">
         <wf lemma="Az" pos="X">Az</wf>
         <wf lemma="előadás" pos="X">előadás</wf>
         <instance id="d000.s090.t000" lemma="érint" pos="VERB">érintette</instance>
         <wf lemma="a" pos="X">a</wf>
         <wf lemma="medúzák" pos="X">medúzák</wf>
         <wf lemma="szaporodásának" pos="X">szaporodásának</wf>
         <wf lemma="témáját" pos="X">témáját</wf>
         <wf lemma="is" pos="X">is</wf>
         <wf lemma="." pos="X">.</wf>
      </sentence>
      <sentence id="d000.s091" source="wordnet-hungarian">
         <wf lemma="Minden" pos="X">Minden</wf>
         <instance id="d000.s091.t000" lemma="erőfeszítés" pos="NOUN">erőfeszítése</instance>
         <wf lemma="ellenére" pos="X">ellenére</wf>
         <wf lemma="sem" pos="X">sem</wf>
         <wf lemma="sikerült" pos="X">sikerült</wf>
         <wf lemma="megugrania" pos="X">megugrania</wf>
         <wf lemma="a" pos="X">a</wf>
         <wf lemma="nyolc" pos="X">nyolc</wf>
         <wf lemma="métert" pos="X">métert</wf>
         <wf lemma="." pos="X">.</wf>
      </sentence>
      <sentence id="d000.s092" source="wordnet-hungarian">
         <wf lemma="A" pos="X">A</wf>
         <wf lemma="mesében" pos="X">mesében</wf>
         <wf lemma="szereplő" pos="X">szereplő</wf>
         <instance id="d000.s092.t000" lemma="lény" pos="NOUN">lények</instance>
         <wf lemma="a" pos="X">a</wf>
         <wf lemma="képzelet" pos="X">képzelet</wf>
         <wf lemma="szülöttei" pos="X">szülöttei</wf>
         <wf lemma="." pos="X">.</wf>
      </sentence>
      <sentence id="d000.s093" source="wordnet-hungarian">
         <wf lemma="Hosszú" pos="X">Hosszú</wf>
         <wf lemma="és" pos="X">és</wf>
         <wf lemma="hideg" pos="X">hideg</wf>
         <wf lemma="volt" pos="X">volt</wf>
         <wf lemma="a" pos="X">a</wf>
         <instance id="d000.s093.t000" lemma="tél" pos="NOUN">tél</instance>
         <wf lemma="." pos="X">.</wf>
      </sentence>
      <sentence id="d000.s094" source="wordnet-hungarian">
         <wf lemma="A" pos="X">A</wf>
         <wf lemma="gránitot" pos="X">gránitot</wf>
         <wf lemma="földpát" pos="X">földpát</wf>
         <wf lemma="," pos="X">,</wf>
         <wf lemma="kvarc" pos="X">kvarc</wf>
         <wf lemma="és" pos="X">és</wf>
         <instance id="d000.s094.t000" lemma="csillám" pos="NOUN">csillám</instance>
         <wf lemma="alkotja" pos="X">alkotja</wf>
         <wf lemma="." pos="X">.</wf>
      </sentence>
      <sentence id="d000.s095" source="wordnet-hungarian">
         <wf lemma="A" pos="X">A</wf>
         <wf lemma="háziasszonyok" pos="X">háziasszonyok</wf>
         <wf lemma="manapság" pos="X">manapság</wf>
         <wf lemma="már" pos="X">már</wf>
         <wf lemma="nem" pos="X">nem</wf>
         <instance id="d000.s095.t000" lemma="keményít" pos="VERB">keményítik</instance>
         <wf lemma="az" pos="X">az</wf>
         <wf lemma="ágyneműt" pos="X">ágyneműt</wf>
         <wf lemma="." pos="X">.</wf>
      </sentence>
      <sentence id="d000.s096" source="wordnet-hungarian">
         <wf lemma="A" pos="X">A</wf>
         <wf lemma="saját" pos="X">saját</wf>
         <instance id="d000.s096.t000" lemma="élet" pos="NOUN">életét</instance>
         <wf lemma="akarja" pos="X">akarja</wf>
         <wf lemma="élni" pos="X">élni</wf>
         <wf lemma="." pos="X">.</wf>
      </sentence>
      <sentence id="d000.s097" source="wordnet-hungarian">
         <wf lemma="Nálunk" pos="X">Nálunk</wf>
         <wf lemma="az" pos="X">az</wf>
         <instance id="d000.s097.t000" lemma="ebéd" pos="NOUN">ebéd</instance>
         <wf lemma="mindig" pos="X">mindig</wf>
         <wf lemma="szertartásos" pos="X">szertartásos</wf>
         <wf lemma="rendben" pos="X">rendben</wf>
         <wf lemma="történik" pos="X">történik</wf>
         <wf lemma="," pos="X">,</wf>
         <wf lemma="pontban" pos="X">pontban</wf>
         <wf lemma="délben" pos="X">délben</wf>
         <wf lemma="kezdődik" pos="X">kezdődik</wf>
         <wf lemma="és" pos="X">és</wf>
         <wf lemma="egyik" pos="X">egyik</wf>
         <wf lemma="fogás" pos="X">fogás</wf>
         <wf lemma="a" pos="X">a</wf>
         <wf lemma="másikat" pos="X">másikat</wf>
         <wf lemma="követi" pos="X">követi</wf>
         <wf lemma="kávéval" pos="X">kávéval</wf>
         <wf lemma="lezárulva" pos="X">lezárulva</wf>
         <wf lemma="." pos="X">.</wf>
      </sentence>
      <sentence id="d000.s098" source="wordnet-hungarian">
         <wf lemma="A" pos="X">A</wf>
         <instance id="d000.s098.t000" lemma="vízimentő" pos="NOUN">vízimentők</instance>
         <wf lemma="vezetője" pos="X">vezetője</wf>
         <wf lemma="elégedett" pos="X">elégedett</wf>
         <wf lemma="a" pos="X">a</wf>
         <wf lemma="hajóval" pos="X">hajóval</wf>
         <wf lemma="," pos="X">,</wf>
         <wf lemma="amivel" pos="X">amivel</wf>
         <wf lemma="jelenleg" pos="X">jelenleg</wf>
         <wf lemma="dolgoznak" pos="X">dolgoznak</wf>
         <wf lemma="." pos="X">.</wf>
      </sentence>
      <sentence id="d000.s099" source="wordnet-hungarian">
         <wf lemma="Alig" pos="X">Alig</wf>
         <wf lemma="szólt" pos="X">szólt</wf>
         <wf lemma="pár" pos="X">pár</wf>
         <instance id="d000.s099.t000" lemma="szó" pos="NOUN">szót</instance>
         <wf lemma="egész" pos="X">egész</wf>
         <wf lemma="nap" pos="X">nap</wf>
         <wf lemma="." pos="X">.</wf>
      </sentence>
      <sentence id="d000.s100" source="wordnet-hungarian">
         <wf lemma="Kedves" pos="X">Kedves</wf>
         <wf lemma="alvilági" pos="X">alvilági</wf>
         <wf lemma="csirkefogók" pos="X">csirkefogók</wf>
         <wf lemma="kockázatos" pos="X">kockázatos</wf>
         <wf lemma="expedícióra" pos="X">expedícióra</wf>
         <wf lemma="indulnak" pos="X">indulnak</wf>
         <wf lemma="," pos="X">,</wf>
         <wf lemma="felkutatni" pos="X">felkutatni</wf>
         <wf lemma="az" pos="X">az</wf>
         <wf lemma="eltűnt" pos="X">eltűnt</wf>
         <instance id="d000.s100.t000" lemma="földrajztudós" pos="NOUN">földrajztudóst</instance>
         <wf lemma="." pos="X">.</wf>
      </sentence>
      <sentence id="d000.s101" source="wordnet-hungarian">
         <wf lemma="Béla" pos="X">Béla</wf>
         <wf lemma="azt" pos="X">azt</wf>
         <instance id="d000.s101.t000" lemma="feltételez" pos="VERB">feltételezte</instance>
         <wf lemma="," pos="X">,</wf>
         <wf lemma="hogy" pos="X">hogy</wf>
         <wf lemma="nem" pos="X">nem</wf>
         <wf lemma="az" pos="X">az</wf>
         <wf lemma="izzó" pos="X">izzó</wf>
         <wf lemma="égett" pos="X">égett</wf>
         <wf lemma="ki" pos="X">ki</wf>
         <wf lemma="," pos="X">,</wf>
         <wf lemma="hanem" pos="X">hanem</wf>
         <wf lemma="a" pos="X">a</wf>
         <wf lemma="foglalat" pos="X">foglalat</wf>
         <wf lemma="." pos="X">.</wf>
      </sentence>
      <sentence id="d000.s102" source="wordnet-hungarian">
         <wf lemma="Nem" pos="X">Nem</wf>
         <instance id="d000.s102.t000" lemma="ad" pos="VERB">adom</instance>
         <wf lemma="el" pos="X">el</wf>
         <wf lemma="magának" pos="X">magának</wf>
         <wf lemma="a" pos="X">a</wf>
         <wf lemma="Trabantomat" pos="X">Trabantomat</wf>
         <wf lemma="," pos="X">,</wf>
         <wf lemma="mert" pos="X">mert</wf>
         <wf lemma="mások" pos="X">mások</wf>
         <wf lemma="többet" pos="X">többet</wf>
         <wf lemma="ígértek" pos="X">ígértek</wf>
         <wf lemma="érte" pos="X">érte</wf>
         <wf lemma="." pos="X">.</wf>
      </sentence>
      <sentence id="d000.s103" source="wordnet-hungarian">
         <wf lemma="Bár" pos="X">Bár</wf>
         <wf lemma="két" pos="X">két</wf>
         <wf lemma="különböző" pos="X">különböző</wf>
         <wf lemma="csoportról" pos="X">csoportról</wf>
         <wf lemma="van" pos="X">van</wf>
         <wf lemma="szó" pos="X">szó</wf>
         <wf lemma="," pos="X">,</wf>
         <wf lemma="a" pos="X">a</wf>
         <instance id="d000.s103.t000" lemma="cápa" pos="NOUN">cápák</instance>
         <wf lemma="és" pos="X">és</wf>
         <wf lemma="a" pos="X">a</wf>
         <wf lemma="ráják" pos="X">ráják</wf>
         <wf lemma="közeli" pos="X">közeli</wf>
         <wf lemma="rokonok" pos="X">rokonok</wf>
         <wf lemma="." pos="X">.</wf>
      </sentence>
      <sentence id="d000.s104" source="wordnet-hungarian">
         <wf lemma="A" pos="X">A</wf>
         <instance id="d000.s104.t000" lemma="hangjegy" pos="NOUN">hangjegyeknek</instance>
         <wf lemma="szép" pos="X">szép</wf>
         <wf lemma="kerek" pos="X">kerek</wf>
         <wf lemma="hasat" pos="X">hasat</wf>
         <wf lemma="rajzolt" pos="X">rajzolt</wf>
         <wf lemma="." pos="X">.</wf>
      </sentence>
      <sentence id="d000.s105" source="wordnet-hungarian">
         <wf lemma="Gyere" pos="X">Gyere</wf>
         <wf lemma="az" pos="X">az</wf>
         <instance id="d000.s105.t000" lemma="árnyék" pos="NOUN">árnyékba</instance>
         <wf lemma="," pos="X">,</wf>
         <wf lemma="nem" pos="X">nem</wf>
         <wf lemma="szabad" pos="X">szabad</wf>
         <wf lemma="ilyenkor" pos="X">ilyenkor</wf>
         <wf lemma="a" pos="X">a</wf>
         <wf lemma="napon" pos="X">napon</wf>
         <wf lemma="tartózkodni" pos="X">tartózkodni</wf>
         <wf lemma="!" pos="X">!</wf>
      </sentence>
      <sentence id="d000.s106" source="wordnet-hungarian">
         <wf lemma="Ez" pos="X">Ez</wf>
         <wf lemma="a" pos="X">a</wf>
         <instance id="d000.s106.t000" lemma="csendélet" pos="NOUN">csendélet</instance>
         <wf lemma="egy" pos="X">egy</wf>
         <wf lemma="magyar" pos="X">magyar</wf>
         <wf lemma="festő" pos="X">festő</wf>
         <wf lemma="műve" pos="X">műve</wf>
         <wf lemma="." pos="X">.</wf>
      </sentence>
      <sentence id="d000.s107" source="wordnet-hungarian">
         <wf lemma="Két" pos="X">Két</wf>
         <wf lemma="pont" pos="X">pont</wf>
         <wf lemma="között" pos="X">között</wf>
         <wf lemma="a" pos="X">a</wf>
         <wf lemma="legkisebb" pos="X">legkisebb</wf>
         <wf lemma="távolság" pos="X">távolság</wf>
         <wf lemma="egy" pos="X">egy</wf>
         <instance id="d000.s107.t000" lemma="egyenes" pos="NOUN">egyenes</instance>
         <wf lemma="." pos="X">.</wf>
      </sentence>
      <sentence id="d000.s108" source="wordnet-hungarian">
         <wf lemma="Pistát" pos="X">Pistát</wf>
         <wf lemma="romlott" pos="X">romlott</wf>
         <wf lemma="üzletfelei" pos="X">üzletfelei</wf>
         <wf lemma="adócsalásba" pos="X">adócsalásba</wf>
         <instance id="d000.s108.t000" lemma="visz" pos="VERB">vitték</instance>
         <wf lemma="." pos="X">.</wf>
      </sentence>
      <sentence id="d000.s109" source="wordnet-hungarian">
         <wf lemma="Akkoriban" pos="X">Akkoriban</wf>
         <wf lemma="nehéz" pos="X">nehéz</wf>
         <wf lemma="volt" pos="X">volt</wf>
         <instance id="d000.s109.t000" lemma="shilling" pos="NOUN">shillinget</instance>
         <wf lemma="váltani" pos="X">váltani</wf>
         <wf lemma="." pos="X">.</wf>
      </sentence>
      <sentence id="d000.s110" source="wordnet-hungarian">
         <wf lemma="Mi" pos="X">Mi</wf>
         <instance id="d000.s110.t000" lemma="történik" pos="VERB">történik</instance>
         <wf lemma="?" pos="X">?</wf>
      </sentence>
      <sentence id="d000.s111" source="wordnet-hungarian">
         <wf lemma="A" pos="X">A</wf>
         <wf lemma="madarak" pos="X">madarak</wf>
         <wf lemma="a" pos="X">a</wf>
         <instance id="d000.s111.t000" lemma="csőr" pos="NOUN">csőrük</instance>
         <wf lemma="segítségével" pos="X">segítségével</wf>
         <wf lemma="táplálkoznak" pos="X">táplálkoznak</wf>
         <wf lemma="." pos="X">.</wf>
      </sentence>
      <sentence id="d000.s112" source="wordnet-hungarian">
         <wf lemma="Munka" pos="X">Munka</wf>
         <wf lemma="után" pos="X">után</wf>
         <wf lemma="csatlakozott" pos="X">csatlakozott</wf>
         <wf lemma="a" pos="X">a</wf>
         <instance id="d000.s112.t000" lemma="társaság" pos="NOUN">társasághoz</instance>
         <wf lemma="." pos="X">.</wf>
      </sentence>
      <sentence id="d000.s113" source="wordnet-hungarian">
         <wf lemma="a" pos="X">a</wf>
         <wf lemma="nép" pos="X">nép</wf>
         <instance id="d000.s113.t000" lemma="hang" pos="NOUN">hangja</instance>
         <wf lemma="." pos="X">.</wf>
      </sentence>
      <sentence id="d000.s114" source="wordnet-hungarian">
         <wf lemma="Az" pos="X">Az</wf>
         <wf lemma="expedíció" pos="X">expedíció</wf>
         <wf lemma="alatt" pos="X">alatt</wf>
         <instance id="d000.s114.t000" lemma="márvány" pos="NOUN">márványt</instance>
         <wf lemma="vizsgáltak" pos="X">vizsgáltak</wf>
         <wf lemma="a" pos="X">a</wf>
         <wf lemma="geológusok" pos="X">geológusok</wf>
         <wf lemma="." pos="X">.</wf>
      </sentence>
      <sentence id="d000.s115" source="wordnet-hungarian">
         <wf lemma="Tökéletességének" pos="X">Tökéletességének</wf>
         <wf lemma="titka" pos="X">titka</wf>
         <wf lemma="az" pos="X">az</wf>
         <instance id="d000.s115.t000" lemma="egyszerűség" pos="NOUN">egyszerűség</instance>
         <wf lemma="és" pos="X">és</wf>
         <wf lemma="stílusosság" pos="X">stílusosság</wf>
         <wf lemma="." pos="X">.</wf>
      </sentence>
      <sentence id="d000.s116" source="wordnet-hungarian">
         <wf lemma="A" pos="X">A</wf>
         <wf lemma="versenyző" pos="X">versenyző</wf>
         <wf lemma="második" pos="X">második</wf>
         <instance id="d000.s116.t000" lemma="ugrás" pos="NOUN">ugrását</instance>
         <wf lemma="már" pos="X">már</wf>
         <wf lemma="sikersen" pos="X">sikersen</wf>
         <wf lemma="-" pos="X">-</wf>
         <wf lemma="belépés" pos="X">belépés</wf>
         <wf lemma="nélkül" pos="X">nélkül</wf>
         <wf lemma="-" pos="X">-</wf>
         <wf lemma="végre" pos="X">végre</wf>
         <wf lemma="tudta" pos="X">tudta</wf>
         <wf lemma="hajtani" pos="X">hajtani</wf>
         <wf lemma="." pos="X">.</wf>
      </sentence>
      <sentence id="d000.s117" source="wordnet-hungarian">
         <wf lemma="A" pos="X">A</wf>
         <wf lemma="párt" pos="X">párt</wf>
         <instance id="d000.s117.t000" lemma="nagygyűlés" pos="NOUN">nagygyűlésén</instance>
         <wf lemma="részt" pos="X">részt</wf>
         <wf lemma="vett" pos="X">vett</wf>
         <wf lemma="a" pos="X">a</wf>
         <wf lemma="párt" pos="X">párt</wf>
         <wf lemma="teljes" pos="X">teljes</wf>
         <wf lemma="vezetősége" pos="X">vezetősége</wf>
         <wf lemma="," pos="X">,</wf>
         <wf lemma="a" pos="X">a</wf>
         <wf lemma="párt" pos="X">párt</wf>
         <wf lemma="tagjai" pos="X">tagjai</wf>
         <wf lemma="," pos="X">,</wf>
         <wf lemma="valamint" pos="X">valamint</wf>
         <wf lemma="nagyszámú" pos="X">nagyszámú</wf>
         <wf lemma="szimpatizáns" pos="X">szimpatizáns</wf>
         <wf lemma="." pos="X">.</wf>
      </sentence>
      <sentence id="d000.s118" source="wordnet-hungarian">
         <wf lemma="A" pos="X">A</wf>
         <wf lemma="lőfegyverrel" pos="X">lőfegyverrel</wf>
         <wf lemma="való" pos="X">való</wf>
         <instance id="d000.s118.t000" lemma="lövés" pos="NOUN">lövést</instance>
         <wf lemma="szakértők" pos="X">szakértők</wf>
         <wf lemma="oktatják" pos="X">oktatják</wf>
         <wf lemma="." pos="X">.</wf>
      </sentence>
      <sentence id="d000.s119" source="wordnet-hungarian">
         <wf lemma="Megszületni" pos="X">Megszületni</wf>
         <wf lemma="igazi" pos="X">igazi</wf>
         <instance id="d000.s119.t000" lemma="gyötrelem" pos="NOUN">gyötrelem</instance>
         <wf lemma="." pos="X">.</wf>
      </sentence>
      <sentence id="d000.s120" source="wordnet-hungarian">
         <wf lemma="Ebben" pos="X">Ebben</wf>
         <wf lemma="a" pos="X">a</wf>
         <wf lemma="városban" pos="X">városban</wf>
         <wf lemma="olyan" pos="X">olyan</wf>
         <wf lemma="rejtett" pos="X">rejtett</wf>
         <instance id="d000.s120.t000" lemma="lehetőség" pos="NOUN">lehetőségek</instance>
         <wf lemma="vannak" pos="X">vannak</wf>
         <wf lemma="," pos="X">,</wf>
         <wf lemma="amit" pos="X">amit</wf>
         <wf lemma="bűn" pos="X">bűn</wf>
         <wf lemma="nem" pos="X">nem</wf>
         <wf lemma="kihasználni" pos="X">kihasználni</wf>
         <wf lemma="." pos="X">.</wf>
      </sentence>
      <sentence id="d000.s121" source="wordnet-hungarian">
         <instance id="d000.s121.t000" lemma="pihenés" pos="NOUN">Pihenés</instance>
         <wf lemma="nélkül" pos="X">nélkül</wf>
         <wf lemma="nem" pos="X">nem</wf>
         <wf lemma="indulhatunk" pos="X">indulhatunk</wf>
         <wf lemma="tovább" pos="X">tovább</wf>
         <wf lemma="." pos="X">.</wf>
      </sentence>
      <sentence id="d000.s122" source="wordnet-hungarian">
         <wf lemma="Európa" pos="X">Európa</wf>
         <wf lemma="folyóit" pos="X">folyóit</wf>
         <instance id="d000.s122.t000" lemma="beszennyez" pos="VERB">beszennyezték</instance>
         <wf lemma="a" pos="X">a</wf>
         <wf lemma="nagy" pos="X">nagy</wf>
         <wf lemma="ipari" pos="X">ipari</wf>
         <wf lemma="létesítmények" pos="X">létesítmények</wf>
         <wf lemma="." pos="X">.</wf>
      </sentence>
      <sentence id="d000.s123" source="wordnet-hungarian">
         <wf lemma="Emlékére" pos="X">Emlékére</wf>
         <wf lemma="a" pos="X">a</wf>
         <wf lemma="főváros" pos="X">főváros</wf>
         <wf lemma="1962-ben" pos="X">1962-ben</wf>
         <wf lemma="egy" pos="X">egy</wf>
         <wf lemma="új" pos="X">új</wf>
         <instance id="d000.s123.t000" lemma="bükkfa" pos="NOUN">bükkfát</instance>
         <wf lemma="ültetett" pos="X">ültetett</wf>
         <wf lemma="." pos="X">.</wf>
      </sentence>
      <sentence id="d000.s124" source="wordnet-hungarian">
         <wf lemma="Speciális" pos="X">Speciális</wf>
         <instance id="d000.s124.t000" lemma="eljárás" pos="NOUN">eljárással</instance>
         <wf lemma="hasznosítják" pos="X">hasznosítják</wf>
         <wf lemma="újra" pos="X">újra</wf>
         <wf lemma="a" pos="X">a</wf>
         <wf lemma="műanyag" pos="X">műanyag</wf>
         <wf lemma="palackokat" pos="X">palackokat</wf>
         <wf lemma="." pos="X">.</wf>
      </sentence>
      <sentence id="d000.s125" source="wordnet-hungarian">
         <wf lemma="A" pos="X">A</wf>
         <instance id="d000.s125.t000" lemma="lengyel" pos="NOUN">lengyelek</instance>
         <wf lemma="jobban" pos="X">jobban</wf>
         <wf lemma="bíznak" pos="X">bíznak</wf>
         <wf lemma="az" pos="X">az</wf>
         <wf lemma="EU-ban" pos="X">EU-ban</wf>
         <wf lemma="," pos="X">,</wf>
         <wf lemma="mint" pos="X">mint</wf>
         <wf lemma="a" pos="X">a</wf>
         <wf lemma="saját" pos="X">saját</wf>
         <wf lemma="kormányukban" pos="X">kormányukban</wf>
         <wf lemma="." pos="X">.</wf>
      </sentence>
      <sentence id="d000.s126" source="wordnet-hungarian">
         <wf lemma="Nagy" pos="X">Nagy</wf>
         <wf lemma="győzelmet" pos="X">győzelmet</wf>
         <instance id="d000.s126.t000" lemma="vár" pos="VERB">várok</instance>
         <wf lemma="." pos="X">.</wf>
      </sentence>
      <sentence id="d000.s127" source="wordnet-hungarian">
         <wf lemma="Hány" pos="X">Hány</wf>
         <instance id="d000.s127.t000" lemma="százalék" pos="NOUN">százalék</instance>
         <wf lemma="a" pos="X">a</wf>
         <wf lemma="részesedése" pos="X">részesedése</wf>
         <wf lemma="?" pos="X">?</wf>
      </sentence>
      <sentence id="d000.s128" source="wordnet-hungarian">
         <wf lemma="A" pos="X">A</wf>
         <wf lemma="rideg" pos="X">rideg</wf>
         <instance id="d000.s128.t000" lemma="valóság" pos="NOUN">valóság</instance>
         <wf lemma="tényeivel" pos="X">tényeivel</wf>
         <wf lemma="jobb" pos="X">jobb</wf>
         <wf lemma="ha" pos="X">ha</wf>
         <wf lemma="minél" pos="X">minél</wf>
         <wf lemma="hamarabb" pos="X">hamarabb</wf>
         <wf lemma="megbarátkozol" pos="X">megbarátkozol</wf>
         <wf lemma="!" pos="X">!</wf>
      </sentence>
      <sentence id="d000.s129" source="wordnet-hungarian">
         <wf lemma="Több" pos="X">Több</wf>
         <instance id="d000.s129.t000" lemma="tényező" pos="NOUN">tényezőt</instance>
         <wf lemma="is" pos="X">is</wf>
         <wf lemma="figyelembe" pos="X">figyelembe</wf>
         <wf lemma="kell" pos="X">kell</wf>
         <wf lemma="vennünk" pos="X">vennünk</wf>
         <wf lemma="a" pos="X">a</wf>
         <wf lemma="végleges" pos="X">végleges</wf>
         <wf lemma="állapont" pos="X">állapont</wf>
         <wf lemma="kialakításakor" pos="X">kialakításakor</wf>
         <wf lemma="." pos="X">.</wf>
      </sentence>
      <sentence id="d000.s130" source="wordnet-hungarian">
         <wf lemma="Imáival" pos="X">Imáival</wf>
         <wf lemma="harcol" pos="X">harcol</wf>
         <wf lemma="a" pos="X">a</wf>
         <wf lemma="világban" pos="X">világban</wf>
         <wf lemma="meglévő" pos="X">meglévő</wf>
         <instance id="d000.s130.t000" lemma="gonoszság" pos="NOUN">gonoszság</instance>
         <wf lemma="ellen" pos="X">ellen</wf>
         <wf lemma="." pos="X">.</wf>
      </sentence>
      <sentence id="d000.s131" source="wordnet-hungarian">
         <wf lemma="Az" pos="X">Az</wf>
         <wf lemma="1971-72-ben" pos="X">1971-72-ben</wf>
         <wf lemma="tesztelt" pos="X">tesztelt</wf>
         <wf lemma="lineáris" pos="X">lineáris</wf>
         <instance id="d000.s131.t000" lemma="rakétahajtómű" pos="NOUN">rakétahajtómű</instance>
         <wf lemma="3" pos="X">3</wf>
         <wf lemma="méter" pos="X">méter</wf>
         <wf lemma="hosszú" pos="X">hosszú</wf>
         <wf lemma="és" pos="X">és</wf>
         <wf lemma="3" pos="X">3</wf>
         <wf lemma="méter" pos="X">méter</wf>
         <wf lemma="széles" pos="X">széles</wf>
         <wf lemma="volt" pos="X">volt</wf>
         <wf lemma="." pos="X">.</wf>
      </sentence>
      <sentence id="d000.s132" source="wordnet-hungarian">
         <wf lemma="Kopogtak" pos="X">Kopogtak</wf>
         <wf lemma="az" pos="X">az</wf>
         <instance id="d000.s132.t000" lemma="ajtó" pos="NOUN">ajtón</instance>
         <wf lemma="." pos="X">.</wf>
      </sentence>
      <sentence id="d000.s133" source="wordnet-hungarian">
         <instance id="d000.s133.t000" lemma="főz" pos="VERB">Főztem</instance>
         <wf lemma="egy" pos="X">egy</wf>
         <wf lemma="kakaót" pos="X">kakaót</wf>
         <wf lemma="a" pos="X">a</wf>
         <wf lemma="hasfájós" pos="X">hasfájós</wf>
         <wf lemma="kisfiúnak" pos="X">kisfiúnak</wf>
         <wf lemma="." pos="X">.</wf>
      </sentence>
      <sentence id="d000.s134" source="wordnet-hungarian">
         <wf lemma="Hány" pos="X">Hány</wf>
         <wf lemma="fokos" pos="X">fokos</wf>
         <wf lemma="az" pos="X">az</wf>
         <instance id="d000.s134.t000" lemma="inklináció" pos="NOUN">inklináció</instance>
         <wf lemma="?" pos="X">?</wf>
      </sentence>
      <sentence id="d000.s135" source="wordnet-hungarian">
         <wf lemma="A" pos="X">A</wf>
         <instance id="d000.s135.t000" lemma="feminista" pos="NOUN">feministák</instance>
         <wf lemma="számára" pos="X">számára</wf>
         <wf lemma="a" pos="X">a</wf>
         <wf lemma="nők" pos="X">nők</wf>
         <wf lemma="mindössze" pos="X">mindössze</wf>
         <wf lemma="saját" pos="X">saját</wf>
         <wf lemma="szűk" pos="X">szűk</wf>
         <wf lemma="és" pos="X">és</wf>
         <wf lemma="önző" pos="X">önző</wf>
         <wf lemma="érdekeik" pos="X">érdekeik</wf>
         <wf lemma="eszközei" pos="X">eszközei</wf>
         <wf lemma="." pos="X">.</wf>
      </sentence>
      <sentence id="d000.s136" source="wordnet-hungarian">
         <wf lemma="Az" pos="X">Az</wf>
         <wf lemma="új" pos="X">új</wf>
         <wf lemma="traktorok" pos="X">traktorok</wf>
         <wf lemma="jellemzője" pos="X">jellemzője</wf>
         <wf lemma="a" pos="X">a</wf>
         <wf lemma="terepen" pos="X">terepen</wf>
         <wf lemma="való" pos="X">való</wf>
         <wf lemma="nagy" pos="X">nagy</wf>
         <wf lemma="használhatóság" pos="X">használhatóság</wf>
         <wf lemma="," pos="X">,</wf>
         <instance id="d000.s136.t000" lemma="mozgékonyság" pos="NOUN">mozgékonyság</instance>
         <wf lemma="." pos="X">.</wf>
      </sentence>
      <sentence id="d000.s137" source="wordnet-hungarian">
         <wf lemma="Editék" pos="X">Editék</wf>
         <wf lemma="hosszasan" pos="X">hosszasan</wf>
         <instance id="d000.s137.t000" lemma="tanácskozik" pos="VERB">tanácskoztak</instance>
         <wf lemma="a" pos="X">a</wf>
         <wf lemma="másnapi" pos="X">másnapi</wf>
         <wf lemma="stratégiáról" pos="X">stratégiáról</wf>
         <wf lemma="." pos="X">.</wf>
      </sentence>
      <sentence id="d000.s138" source="wordnet-hungarian">
         <wf lemma="Ha" pos="X">Ha</wf>
         <wf lemma="hiszek" pos="X">hiszek</wf>
         <wf lemma="abban" pos="X">abban</wf>
         <wf lemma="," pos="X">,</wf>
         <wf lemma="hogy" pos="X">hogy</wf>
         <wf lemma="a" pos="X">a</wf>
         <wf lemma="szeretet" pos="X">szeretet</wf>
         <wf lemma="nagyobb" pos="X">nagyobb</wf>
         <wf lemma="mint" pos="X">mint</wf>
         <wf lemma="az" pos="X">az</wf>
         <wf lemma="én" pos="X">én</wf>
         <wf lemma="igazam" pos="X">igazam</wf>
         <wf lemma="," pos="X">,</wf>
         <wf lemma="akkor" pos="X">akkor</wf>
         <instance id="d000.s138.t000" lemma="testvér" pos="NOUN">testvéreimet</instance>
         <wf lemma="erre" pos="X">erre</wf>
         <wf lemma="a" pos="X">a</wf>
         <wf lemma="látásmódra" pos="X">látásmódra</wf>
         <wf lemma="hívom" pos="X">hívom</wf>
         <wf lemma="meg" pos="X">meg</wf>
         <wf lemma="." pos="X">.</wf>
      </sentence>
      <sentence id="d000.s139" source="wordnet-hungarian">
         <wf lemma="Jól" pos="X">Jól</wf>
         <instance id="d000.s139.t000" lemma="megy" pos="VERB">megy</instance>
         <wf lemma="az" pos="X">az</wf>
         <wf lemma="új" pos="X">új</wf>
         <wf lemma="könyvem" pos="X">könyvem</wf>
         <wf lemma="." pos="X">.</wf>
      </sentence>
      <sentence id="d000.s140" source="wordnet-hungarian">
         <wf lemma="A" pos="X">A</wf>
         <instance id="d000.s140.t000" lemma="rák" pos="NOUN">Rák</instance>
         <wf lemma="átmeneti" pos="X">átmeneti</wf>
         <wf lemma="csillagkép" pos="X">csillagkép</wf>
         <wf lemma="," pos="X">,</wf>
         <wf lemma="ami" pos="X">ami</wf>
         <wf lemma="késő" pos="X">késő</wf>
         <wf lemma="tavaszig" pos="X">tavaszig</wf>
         <wf lemma="," pos="X">,</wf>
         <wf lemma="sőt" pos="X">sőt</wf>
         <wf lemma="egész" pos="X">egész</wf>
         <wf lemma="a" pos="X">a</wf>
         <wf lemma="nyári" pos="X">nyári</wf>
         <wf lemma="napfordulóig" pos="X">napfordulóig</wf>
         <wf lemma="az" pos="X">az</wf>
         <wf lemma="esti" pos="X">esti</wf>
         <wf lemma="égbolton" pos="X">égbolton</wf>
         <wf lemma="figyelhető" pos="X">figyelhető</wf>
         <wf lemma="meg" pos="X">meg</wf>
         <wf lemma="." pos="X">.</wf>
      </sentence>
      <sentence id="d000.s141" source="wordnet-hungarian">
         <wf lemma="A" pos="X">A</wf>
         <instance id="d000.s141.t000" lemma="lap" pos="NOUN">lapokat</instance>
         <wf lemma="rakjuk" pos="X">rakjuk</wf>
         <wf lemma="óvatosan" pos="X">óvatosan</wf>
         <wf lemma="egymásra" pos="X">egymásra</wf>
         <wf lemma="." pos="X">.</wf>
      </sentence>
      <sentence id="d000.s142" source="wordnet-hungarian">
         <wf lemma="A" pos="X">A</wf>
         <instance id="d000.s142.t000" lemma="delírium" pos="NOUN">delírium</instance>
         <wf lemma="klasszikus" pos="X">klasszikus</wf>
         <wf lemma="tünetei" pos="X">tünetei</wf>
         <wf lemma="a" pos="X">a</wf>
         <wf lemma="hallucinációk" pos="X">hallucinációk</wf>
         <wf lemma="," pos="X">,</wf>
         <wf lemma="érzékcsalódás" pos="X">érzékcsalódás</wf>
         <wf lemma="," pos="X">,</wf>
         <wf lemma="nyugtalanság" pos="X">nyugtalanság</wf>
         <wf lemma="és" pos="X">és</wf>
         <wf lemma="a" pos="X">a</wf>
         <wf lemma="tájékozódási" pos="X">tájékozódási</wf>
         <wf lemma="zavar" pos="X">zavar</wf>
         <wf lemma="." pos="X">.</wf>
      </sentence>
      <sentence id="d000.s143" source="wordnet-hungarian">
         <wf lemma="A" pos="X">A</wf>
         <wf lemma="dolgok" pos="X">dolgok</wf>
         <instance id="d000.s143.t000" lemma="természet" pos="NOUN">természete</instance>
         <wf lemma="az" pos="X">az</wf>
         <wf lemma="," pos="X">,</wf>
         <wf lemma="hogy" pos="X">hogy</wf>
         <wf lemma="folyamatosan" pos="X">folyamatosan</wf>
         <wf lemma="változnak" pos="X">változnak</wf>
         <wf lemma="." pos="X">.</wf>
      </sentence>
      <sentence id="d000.s144" source="wordnet-hungarian">
         <wf lemma="A" pos="X">A</wf>
         <wf lemma="két" pos="X">két</wf>
         <wf lemma="szám" pos="X">szám</wf>
         <instance id="d000.s144.t000" lemma="arány" pos="NOUN">aránya</instance>
         <wf lemma="kilenc" pos="X">kilenc</wf>
         <wf lemma="az" pos="X">az</wf>
         <wf lemma="egyhez" pos="X">egyhez</wf>
         <wf lemma="." pos="X">.</wf>
      </sentence>
      <sentence id="d000.s145" source="wordnet-hungarian">
         <wf lemma="A" pos="X">A</wf>
         <instance id="d000.s145.t000" lemma="cseh" pos="NOUN">csehek</instance>
         <wf lemma="ötvenkilenc" pos="X">ötvenkilenc</wf>
         <wf lemma="százaléka" pos="X">százaléka</wf>
         <wf lemma="hivatalosan" pos="X">hivatalosan</wf>
         <wf lemma="is" pos="X">is</wf>
         <wf lemma="ateistának" pos="X">ateistának</wf>
         <wf lemma="tartja" pos="X">tartja</wf>
         <wf lemma="magát" pos="X">magát</wf>
         <wf lemma="." pos="X">.</wf>
      </sentence>
      <sentence id="d000.s146" source="wordnet-hungarian">
         <instance id="d000.s146.t000" lemma="válaszút" pos="NOUN">Válaszút</instance>
         <wf lemma="elé" pos="X">elé</wf>
         <wf lemma="állították" pos="X">állították</wf>
         <wf lemma="a" pos="X">a</wf>
         <wf lemma="cégnél" pos="X">cégnél</wf>
         <wf lemma=":" pos="X">:</wf>
         <wf lemma="vagy" pos="X">vagy</wf>
         <wf lemma="áthelyezik" pos="X">áthelyezik</wf>
         <wf lemma="," pos="X">,</wf>
         <wf lemma="vagy" pos="X">vagy</wf>
         <wf lemma="felmondanak" pos="X">felmondanak</wf>
         <wf lemma="neki" pos="X">neki</wf>
         <wf lemma="." pos="X">.</wf>
      </sentence>
      <sentence id="d000.s147" source="wordnet-hungarian">
         <wf lemma="A" pos="X">A</wf>
         <instance id="d000.s147.t000" lemma="tőgy" pos="NOUN">tőgy</instance>
         <wf lemma="nem" pos="X">nem</wf>
         <wf lemma="ér" pos="X">ér</wf>
         <wf lemma="semmit" pos="X">semmit</wf>
         <wf lemma="a" pos="X">a</wf>
         <wf lemma="tehén" pos="X">tehén</wf>
         <wf lemma="nélkül" pos="X">nélkül</wf>
         <wf lemma="." pos="X">.</wf>
      </sentence>
      <sentence id="d000.s148" source="wordnet-hungarian">
         <wf lemma="Nem" pos="X">Nem</wf>
         <wf lemma="vették" pos="X">vették</wf>
         <wf lemma="észre" pos="X">észre</wf>
         <wf lemma="," pos="X">,</wf>
         <wf lemma="hogy" pos="X">hogy</wf>
         <wf lemma="a" pos="X">a</wf>
         <wf lemma="kém" pos="X">kém</wf>
         <wf lemma="is" pos="X">is</wf>
         <instance id="d000.s148.t000" lemma="hallótávolság" pos="NOUN">hallótávolságon</instance>
         <wf lemma="belül" pos="X">belül</wf>
         <wf lemma="állt" pos="X">állt</wf>
         <wf lemma="." pos="X">.</wf>
      </sentence>
      <sentence id="d000.s149" source="wordnet-hungarian">
         <wf lemma="Az" pos="X">Az</wf>
         <instance id="d000.s149.t000" lemma="író" pos="NOUN">író</instance>
         <wf lemma="új" pos="X">új</wf>
         <wf lemma="könyvön" pos="X">könyvön</wf>
         <wf lemma="dolgozik" pos="X">dolgozik</wf>
         <wf lemma="." pos="X">.</wf>
      </sentence>
      <sentence id="d000.s150" source="wordnet-hungarian">
         <wf lemma="Mekkora" pos="X">Mekkora</wf>
         <wf lemma="a" pos="X">a</wf>
         <instance id="d000.s150.t000" lemma="távolság" pos="NOUN">távolság</instance>
         <wf lemma="Makó" pos="X">Makó</wf>
         <wf lemma="és" pos="X">és</wf>
         <wf lemma="Szeged" pos="X">Szeged</wf>
         <wf lemma="között" pos="X">között</wf>
         <wf lemma="?" pos="X">?</wf>
      </sentence>
      <sentence id="d000.s151" source="wordnet-hungarian">
         <wf lemma="Életveszélyes" pos="X">Életveszélyes</wf>
         <wf lemma="beteget" pos="X">beteget</wf>
         <wf lemma="fogadni" pos="X">fogadni</wf>
         <wf lemma="olyan" pos="X">olyan</wf>
         <instance id="d000.s151.t000" lemma="kórház" pos="NOUN">kórházakban</instance>
         <wf lemma="," pos="X">,</wf>
         <wf lemma="ahol" pos="X">ahol</wf>
         <wf lemma="nincsenek" pos="X">nincsenek</wf>
         <wf lemma="meg" pos="X">meg</wf>
         <wf lemma="a" pos="X">a</wf>
         <wf lemma="gyógyítás" pos="X">gyógyítás</wf>
         <wf lemma="feltételei" pos="X">feltételei</wf>
         <wf lemma="." pos="X">.</wf>
      </sentence>
      <sentence id="d000.s152" source="wordnet-hungarian">
         <wf lemma="Abban" pos="X">Abban</wf>
         <wf lemma="a" pos="X">a</wf>
         <instance id="d000.s152.t000" lemma="pillanat" pos="NOUN">pillanatban</instance>
         <wf lemma="," pos="X">,</wf>
         <wf lemma="hogy" pos="X">hogy</wf>
         <wf lemma="kimondta" pos="X">kimondta</wf>
         <wf lemma="a" pos="X">a</wf>
         <wf lemma="nevét" pos="X">nevét</wf>
         <wf lemma="," pos="X">,</wf>
         <wf lemma="bejött" pos="X">bejött</wf>
         <wf lemma="az" pos="X">az</wf>
         <wf lemma="ajtón" pos="X">ajtón</wf>
         <wf lemma="." pos="X">.</wf>
      </sentence>
      <sentence id="d000.s153" source="wordnet-hungarian">
         <wf lemma="A" pos="X">A</wf>
         <wf lemma="frontszolgálatra" pos="X">frontszolgálatra</wf>
         <wf lemma="bevonult" pos="X">bevonult</wf>
         <wf lemma="férfiak" pos="X">férfiak</wf>
         <wf lemma="száma" pos="X">száma</wf>
         <wf lemma="folyamatosan" pos="X">folyamatosan</wf>
         <wf lemma="emelkedett" pos="X">emelkedett</wf>
         <wf lemma="," pos="X">,</wf>
         <wf lemma="ahogy" pos="X">ahogy</wf>
         <wf lemma="a" pos="X">a</wf>
         <wf lemma="háborús" pos="X">háborús</wf>
         <instance id="d000.s153.t000" lemma="gépezet" pos="NOUN">gépezet</instance>
         <wf lemma="egyre" pos="X">egyre</wf>
         <wf lemma="több" pos="X">több</wf>
         <wf lemma="áldozatot" pos="X">áldozatot</wf>
         <wf lemma="követelt" pos="X">követelt</wf>
         <wf lemma="." pos="X">.</wf>
      </sentence>
      <sentence id="d000.s154" source="wordnet-hungarian">
         <wf lemma="A" pos="X">A</wf>
         <wf lemma="zátonyt" pos="X">zátonyt</wf>
         <wf lemma="felülről" pos="X">felülről</wf>
         <wf lemma="hosszú" pos="X">hosszú</wf>
         <wf lemma="sötét" pos="X">sötét</wf>
         <instance id="d000.s154.t000" lemma="sáv" pos="NOUN">sáv</instance>
         <wf lemma="jelezte" pos="X">jelezte</wf>
         <wf lemma="." pos="X">.</wf>
      </sentence>
      <sentence id="d000.s155" source="wordnet-hungarian">
         <wf lemma="Tavasszal" pos="X">Tavasszal</wf>
         <wf lemma="a" pos="X">a</wf>
         <wf lemma="virágzó" pos="X">virágzó</wf>
         <instance id="d000.s155.t000" lemma="boglárka" pos="NOUN">boglárka</instance>
         <wf lemma="szinte" pos="X">szinte</wf>
         <wf lemma="eltakarja" pos="X">eltakarja</wf>
         <wf lemma="a" pos="X">a</wf>
         <wf lemma="víz" pos="X">víz</wf>
         <wf lemma="felületét" pos="X">felületét</wf>
         <wf lemma="." pos="X">.</wf>
      </sentence>
      <sentence id="d000.s156" source="wordnet-hungarian">
         <wf lemma="Ennek" pos="X">Ennek</wf>
         <wf lemma="a" pos="X">a</wf>
         <wf lemma="szónak" pos="X">szónak</wf>
         <wf lemma="nagyon" pos="X">nagyon</wf>
         <wf lemma="szép" pos="X">szép</wf>
         <wf lemma="a" pos="X">a</wf>
         <instance id="d000.s156.t000" lemma="csengés" pos="NOUN">csengése</instance>
         <wf lemma="." pos="X">.</wf>
      </sentence>
      <sentence id="d000.s157" source="wordnet-hungarian">
         <wf lemma="A" pos="X">A</wf>
         <instance id="d000.s157.t000" lemma="hányadék" pos="NOUN">hányadékból</instance>
         <wf lemma="is" pos="X">is</wf>
         <wf lemma="sok" pos="X">sok</wf>
         <wf lemma="betegséget" pos="X">betegséget</wf>
         <wf lemma="ki" pos="X">ki</wf>
         <wf lemma="lehet" pos="X">lehet</wf>
         <wf lemma="mutatni" pos="X">mutatni</wf>
         <wf lemma="." pos="X">.</wf>
      </sentence>
      <sentence id="d000.s158" source="wordnet-hungarian">
         <wf lemma="Minden" pos="X">Minden</wf>
         <instance id="d000.s158.t000" lemma="tekintet" pos="NOUN">tekintetben</instance>
         <wf lemma="igaza" pos="X">igaza</wf>
         <wf lemma="volt" pos="X">volt</wf>
         <wf lemma="." pos="X">.</wf>
      </sentence>
      <sentence id="d000.s159" source="wordnet-hungarian">
         <wf lemma="Ehhez" pos="X">Ehhez</wf>
         <wf lemma="a" pos="X">a</wf>
         <wf lemma="szakmához" pos="X">szakmához</wf>
         <wf lemma="jó" pos="X">jó</wf>
         <instance id="d000.s159.t000" lemma="kapcsolat" pos="NOUN">kapcsolatok</instance>
         <wf lemma="kellenek" pos="X">kellenek</wf>
         <wf lemma="." pos="X">.</wf>
      </sentence>
      <sentence id="d000.s160" source="wordnet-hungarian">
         <wf lemma="A" pos="X">A</wf>
         <instance id="d000.s160.t000" lemma="gondolkodás" pos="NOUN">gondolkodás</instance>
         <wf lemma="kapott" pos="X">kapott</wf>
         <wf lemma="információk" pos="X">információk</wf>
         <wf lemma="meghaladása" pos="X">meghaladása</wf>
         <wf lemma="és" pos="X">és</wf>
         <wf lemma="új" pos="X">új</wf>
         <wf lemma="reprezentációk" pos="X">reprezentációk</wf>
         <wf lemma="kialakítása" pos="X">kialakítása</wf>
         <wf lemma="." pos="X">.</wf>
      </sentence>
      <sentence id="d000.s161" source="wordnet-hungarian">
         <wf lemma="A" pos="X">A</wf>
         <instance id="d000.s161.t000" lemma="gazdag" pos="NOUN">gazdagok</instance>
         <wf lemma="és" pos="X">és</wf>
         <wf lemma="szegények" pos="X">szegények</wf>
         <wf lemma="közti" pos="X">közti</wf>
         <wf lemma="szakadék" pos="X">szakadék</wf>
         <wf lemma="csak" pos="X">csak</wf>
         <wf lemma="egyre" pos="X">egyre</wf>
         <wf lemma="mélyebb" pos="X">mélyebb</wf>
         <wf lemma="lesz" pos="X">lesz</wf>
         <wf lemma="." pos="X">.</wf>
      </sentence>
      <sentence id="d000.s162" source="wordnet-hungarian">
         <wf lemma="A" pos="X">A</wf>
         <wf lemma="tanárok" pos="X">tanárok</wf>
         <instance id="d000.s162.t000" lemma="méltányol" pos="VERB">méltányolják</instance>
         <wf lemma="," pos="X">,</wf>
         <wf lemma="ha" pos="X">ha</wf>
         <wf lemma="valaki" pos="X">valaki</wf>
         <wf lemma="jól" pos="X">jól</wf>
         <wf lemma="tanul" pos="X">tanul</wf>
         <wf lemma="." pos="X">.</wf>
      </sentence>
      <sentence id="d000.s163" source="wordnet-hungarian">
         <wf lemma="A" pos="X">A</wf>
         <instance id="d000.s163.t000" lemma="reagens" pos="NOUN">reagens</instance>
         <wf lemma="kalciumot" pos="X">kalciumot</wf>
         <wf lemma="tartalmaz" pos="X">tartalmaz</wf>
         <wf lemma="," pos="X">,</wf>
         <wf lemma="ami" pos="X">ami</wf>
         <wf lemma="a" pos="X">a</wf>
         <wf lemma="plazmából" pos="X">plazmából</wf>
         <wf lemma="fibrinogén" pos="X">fibrinogén</wf>
         <wf lemma="kiválását" pos="X">kiválását</wf>
         <wf lemma="okozhatja" pos="X">okozhatja</wf>
         <wf lemma="." pos="X">.</wf>
      </sentence>
      <sentence id="d000.s164" source="wordnet-hungarian">
         <wf lemma="A" pos="X">A</wf>
         <instance id="d000.s164.t000" lemma="serdülőkor" pos="NOUN">serdülőkor</instance>
         <wf lemma="a" pos="X">a</wf>
         <wf lemma="legtöbb" pos="X">legtöbb</wf>
         <wf lemma="embernek" pos="X">embernek</wf>
         <wf lemma="kritikus" pos="X">kritikus</wf>
         <wf lemma="." pos="X">.</wf>
      </sentence>
      <sentence id="d000.s165" source="wordnet-hungarian">
         <wf lemma="A" pos="X">A</wf>
         <instance id="d000.s165.t000" lemma="gallium" pos="NOUN">galliumot</instance>
         <wf lemma="Lecoq" pos="X">Lecoq</wf>
         <wf lemma="de" pos="X">de</wf>
         <wf lemma="Boisbaudran" pos="X">Boisbaudran</wf>
         <wf lemma="fedezte" pos="X">fedezte</wf>
         <wf lemma="fel" pos="X">fel</wf>
         <wf lemma="." pos="X">.</wf>
      </sentence>
      <sentence id="d000.s166" source="wordnet-hungarian">
         <wf lemma="A" pos="X">A</wf>
         <instance id="d000.s166.t000" lemma="horgászat" pos="NOUN">horgászatnak</instance>
         <wf lemma="szenteli" pos="X">szenteli</wf>
         <wf lemma="a" pos="X">a</wf>
         <wf lemma="hétvégéket" pos="X">hétvégéket</wf>
         <wf lemma="." pos="X">.</wf>
      </sentence>
      <sentence id="d000.s167" source="wordnet-hungarian">
         <wf lemma="A" pos="X">A</wf>
         <instance id="d000.s167.t000" lemma="tequila" pos="NOUN">tequila</instance>
         <wf lemma="agavéból" pos="X">agavéból</wf>
         <wf lemma="," pos="X">,</wf>
         <wf lemma="pontosabban" pos="X">pontosabban</wf>
         <wf lemma="&amp;quot;kék" pos="X">&amp;quot;kék</wf>
         <wf lemma="agavé&amp;quot;-ból" pos="X">agavé&amp;quot;-ból</wf>
         <wf lemma="készített" pos="X">készített</wf>
         <wf lemma="mexikói" pos="X">mexikói</wf>
         <wf lemma="párlat" pos="X">párlat</wf>
         <wf lemma="." pos="X">.</wf>
      </sentence>
      <sentence id="d000.s168" source="wordnet-hungarian">
         <wf lemma="A" pos="X">A</wf>
         <wf lemma="pedál" pos="X">pedál</wf>
         <wf lemma="nem" pos="X">nem</wf>
         <instance id="d000.s168.t000" lemma="forog" pos="VERB">forog</instance>
         <wf lemma="rendesen" pos="X">rendesen</wf>
         <wf lemma="a" pos="X">a</wf>
         <wf lemma="tengelyén" pos="X">tengelyén</wf>
         <wf lemma="." pos="X">.</wf>
      </sentence>
      <sentence id="d000.s169" source="wordnet-hungarian">
         <wf lemma="Ezeknek" pos="X">Ezeknek</wf>
         <wf lemma="a" pos="X">a</wf>
         <wf lemma="házaknak" pos="X">házaknak</wf>
         <wf lemma="az" pos="X">az</wf>
         <wf lemma="árai" pos="X">árai</wf>
         <wf lemma="ötvenmillió" pos="X">ötvenmillió</wf>
         <wf lemma="forintnál" pos="X">forintnál</wf>
         <instance id="d000.s169.t000" lemma="indul" pos="VERB">indulnak</instance>
         <wf lemma="." pos="X">.</wf>
      </sentence>
      <sentence id="d000.s170" source="wordnet-hungarian">
         <wf lemma="A" pos="X">A</wf>
         <instance id="d000.s170.t000" lemma="padlóburkolat" pos="NOUN">padlóburkolat</instance>
         <wf lemma="fehér" pos="X">fehér</wf>
         <wf lemma="márvány" pos="X">márvány</wf>
         <wf lemma="volt" pos="X">volt</wf>
         <wf lemma="." pos="X">.</wf>
      </sentence>
      <sentence id="d000.s171" source="wordnet-hungarian">
         <wf lemma="A" pos="X">A</wf>
         <instance id="d000.s171.t000" lemma="gólyaorrfélék" pos="NOUN">gólyaorrfélék</instance>
         <wf lemma="közül" pos="X">közül</wf>
         <wf lemma="a" pos="X">a</wf>
         <wf lemma="piros" pos="X">piros</wf>
         <wf lemma="gólyaorr" pos="X">gólyaorr</wf>
         <wf lemma="a" pos="X">a</wf>
         <wf lemma="kedvencem" pos="X">kedvencem</wf>
         <wf lemma="." pos="X">.</wf>
      </sentence>
      <sentence id="d000.s172" source="wordnet-hungarian">
         <wf lemma="Az" pos="X">Az</wf>
         <instance id="d000.s172.t000" lemma="ételmérgezés" pos="NOUN">ételmérgezése</instance>
         <wf lemma="miatt" pos="X">miatt</wf>
         <wf lemma="nem" pos="X">nem</wf>
         <wf lemma="tudott" pos="X">tudott</wf>
         <wf lemma="elmenni" pos="X">elmenni</wf>
         <wf lemma="a" pos="X">a</wf>
         <wf lemma="barátja" pos="X">barátja</wf>
         <wf lemma="esküvőjére" pos="X">esküvőjére</wf>
         <wf lemma="." pos="X">.</wf>
      </sentence>
      <sentence id="d000.s173" source="wordnet-hungarian">
         <wf lemma="Mi" pos="X">Mi</wf>
         <wf lemma="is" pos="X">is</wf>
         <wf lemma="a" pos="X">a</wf>
         <wf lemma="neve" pos="X">neve</wf>
         <wf lemma="ennek" pos="X">ennek</wf>
         <wf lemma="a" pos="X">a</wf>
         <instance id="d000.s173.t000" lemma="szerkentyű" pos="NOUN">szerkentyűnek</instance>
         <wf lemma="?" pos="X">?</wf>
      </sentence>
      <sentence id="d000.s174" source="wordnet-hungarian">
         <wf lemma="1968" pos="X">1968</wf>
         <wf lemma="tavaszán" pos="X">tavaszán</wf>
         <instance id="d000.s174.t000" lemma="zavargás" pos="NOUN">zavargások</instance>
         <wf lemma="voltak" pos="X">voltak</wf>
         <wf lemma="Párizs" pos="X">Párizs</wf>
         <wf lemma="utcáin" pos="X">utcáin</wf>
         <wf lemma="." pos="X">.</wf>
      </sentence>
      <sentence id="d000.s175" source="wordnet-hungarian">
         <wf lemma="A" pos="X">A</wf>
         <instance id="d000.s175.t000" lemma="taoizmus" pos="NOUN">taoizmust</instance>
         <wf lemma="az" pos="X">az</wf>
         <wf lemma="egyén" pos="X">egyén</wf>
         <wf lemma="és" pos="X">és</wf>
         <wf lemma="a" pos="X">a</wf>
         <wf lemma="világ" pos="X">világ</wf>
         <wf lemma="kapcsolata" pos="X">kapcsolata</wf>
         <wf lemma="foglalkoztatja" pos="X">foglalkoztatja</wf>
         <wf lemma="." pos="X">.</wf>
      </sentence>
      <sentence id="d000.s176" source="wordnet-hungarian">
         <wf lemma="A" pos="X">A</wf>
         <instance id="d000.s176.t000" lemma="tesztelés" pos="NOUN">tesztelés</instance>
         <wf lemma="során" pos="X">során</wf>
         <wf lemma="dokumentálni" pos="X">dokumentálni</wf>
         <wf lemma="kell" pos="X">kell</wf>
         <wf lemma="a" pos="X">a</wf>
         <wf lemma="szoftver" pos="X">szoftver</wf>
         <wf lemma="összes" pos="X">összes</wf>
         <wf lemma="," pos="X">,</wf>
         <wf lemma="az" pos="X">az</wf>
         <wf lemma="elvárttól" pos="X">elvárttól</wf>
         <wf lemma="eltérő" pos="X">eltérő</wf>
         <wf lemma="működését" pos="X">működését</wf>
         <wf lemma="." pos="X">.</wf>
      </sentence>
      <sentence id="d000.s177" source="wordnet-hungarian">
         <wf lemma="A" pos="X">A</wf>
         <instance id="d000.s177.t000" lemma="dezinfláció" pos="NOUN">dezinfláció</instance>
         <wf lemma="szempontjából" pos="X">szempontjából</wf>
         <wf lemma="kedvező" pos="X">kedvező</wf>
         <wf lemma="volt" pos="X">volt</wf>
         <wf lemma="a" pos="X">a</wf>
         <wf lemma="forint" pos="X">forint</wf>
         <wf lemma="tartósan" pos="X">tartósan</wf>
         <wf lemma="erős" pos="X">erős</wf>
         <wf lemma="árfolyama" pos="X">árfolyama</wf>
         <wf lemma="." pos="X">.</wf>
      </sentence>
      <sentence id="d000.s178" source="wordnet-hungarian">
         <wf lemma="Ismertette" pos="X">Ismertette</wf>
         <wf lemma="tudományos" pos="X">tudományos</wf>
         <wf lemma="következtetéseinek" pos="X">következtetéseinek</wf>
         <instance id="d000.s178.t000" lemma="kivonat" pos="NOUN">kivonatát</instance>
         <wf lemma="." pos="X">.</wf>
      </sentence>
      <sentence id="d000.s179" source="wordnet-hungarian">
         <wf lemma="Hétfőtől" pos="X">Hétfőtől</wf>
         <wf lemma="a" pos="X">a</wf>
         <instance id="d000.s179.t000" lemma="kamatláb" pos="NOUN">kamatláb</instance>
         <wf lemma="6,75" pos="X">6,75</wf>
         <wf lemma="százalékra" pos="X">százalékra</wf>
         <wf lemma="nő" pos="X">nő</wf>
         <wf lemma="." pos="X">.</wf>
      </sentence>
      <sentence id="d000.s180" source="wordnet-hungarian">
         <wf lemma="Vigyázz" pos="X">Vigyázz</wf>
         <wf lemma="ezzel" pos="X">ezzel</wf>
         <wf lemma="a" pos="X">a</wf>
         <wf lemma="nővel" pos="X">nővel</wf>
         <wf lemma=":" pos="X">:</wf>
         <wf lemma="olyan" pos="X">olyan</wf>
         <wf lemma="," pos="X">,</wf>
         <wf lemma="mint" pos="X">mint</wf>
         <wf lemma="egy" pos="X">egy</wf>
         <instance id="d000.s180.t000" lemma="vipera" pos="NOUN">vipera</instance>
         <wf lemma="." pos="X">.</wf>
      </sentence>
      <sentence id="d000.s181" source="wordnet-hungarian">
         <wf lemma="Március" pos="X">Március</wf>
         <wf lemma="17-én" pos="X">17-én</wf>
         <wf lemma="minden" pos="X">minden</wf>
         <instance id="d000.s181.t000" lemma="ír" pos="NOUN">ír</instance>
         <wf lemma="és" pos="X">és</wf>
         <wf lemma="az" pos="X">az</wf>
         <wf lemma="ír" pos="X">ír</wf>
         <wf lemma="hagyományok" pos="X">hagyományok</wf>
         <wf lemma="minden" pos="X">minden</wf>
         <wf lemma="barátja" pos="X">barátja</wf>
         <wf lemma="Guinness-sel" pos="X">Guinness-sel</wf>
         <wf lemma="koccint" pos="X">koccint</wf>
         <wf lemma="Írország" pos="X">Írország</wf>
         <wf lemma="védőszentje" pos="X">védőszentje</wf>
         <wf lemma="," pos="X">,</wf>
         <wf lemma="St." pos="X">St.</wf>
         <wf lemma="Patrick" pos="X">Patrick</wf>
         <wf lemma="tiszteletére" pos="X">tiszteletére</wf>
         <wf lemma=";" pos="X">;</wf>
         <wf lemma="ez" pos="X">ez</wf>
         <wf lemma="a" pos="X">a</wf>
         <wf lemma="nap" pos="X">nap</wf>
         <wf lemma="az" pos="X">az</wf>
         <wf lemma="írek" pos="X">írek</wf>
         <wf lemma="nemzeti" pos="X">nemzeti</wf>
         <wf lemma="ünnepe" pos="X">ünnepe</wf>
         <wf lemma="," pos="X">,</wf>
         <wf lemma="amelyet" pos="X">amelyet</wf>
         <wf lemma="világszerte" pos="X">világszerte</wf>
         <wf lemma="emberek" pos="X">emberek</wf>
         <wf lemma="milliói" pos="X">milliói</wf>
         <wf lemma="ünnepelnek" pos="X">ünnepelnek</wf>
         <wf lemma="meg" pos="X">meg</wf>
         <wf lemma="felvonulásokkal" pos="X">felvonulásokkal</wf>
         <wf lemma="," pos="X">,</wf>
         <wf lemma="és" pos="X">és</wf>
         <wf lemma="három" pos="X">három</wf>
         <wf lemma="nap-három" pos="X">nap-három</wf>
         <wf lemma="éjjen" pos="X">éjjen</wf>
         <wf lemma="át" pos="X">át</wf>
         <wf lemma="tartó" pos="X">tartó</wf>
         <wf lemma="parádékkal" pos="X">parádékkal</wf>
         <wf lemma="." pos="X">.</wf>
      </sentence>
      <sentence id="d000.s182" source="wordnet-hungarian">
         <wf lemma="A" pos="X">A</wf>
         <wf lemma="két" pos="X">két</wf>
         <wf lemma="vállalalat" pos="X">vállalalat</wf>
         <instance id="d000.s182.t000" lemma="együttműködés" pos="NOUN">együttműködése</instance>
         <wf lemma="sikeresnek" pos="X">sikeresnek</wf>
         <wf lemma="mondható" pos="X">mondható</wf>
         <wf lemma="." pos="X">.</wf>
      </sentence>
      <sentence id="d000.s183" source="wordnet-hungarian">
         <wf lemma="A" pos="X">A</wf>
         <wf lemma="szertartásos" pos="X">szertartásos</wf>
         <wf lemma="négytálas" pos="X">négytálas</wf>
         <instance id="d000.s183.t000" lemma="étkezés" pos="NOUN">étkezés</instance>
         <wf lemma="Kínából" pos="X">Kínából</wf>
         <wf lemma="származik" pos="X">származik</wf>
         <wf lemma="." pos="X">.</wf>
      </sentence>
      <sentence id="d000.s184" source="wordnet-hungarian">
         <wf lemma="Az" pos="X">Az</wf>
         <wf lemma="egész" pos="X">egész</wf>
         <instance id="d000.s184.t000" lemma="ház" pos="NOUN">ház</instance>
         <wf lemma="panaszkodott" pos="X">panaszkodott</wf>
         <wf lemma="az" pos="X">az</wf>
         <wf lemma="egyik" pos="X">egyik</wf>
         <wf lemma="lakásból" pos="X">lakásból</wf>
         <wf lemma="terjengő" pos="X">terjengő</wf>
         <wf lemma="bűz" pos="X">bűz</wf>
         <wf lemma="miatt" pos="X">miatt</wf>
         <wf lemma="." pos="X">.</wf>
      </sentence>
      <sentence id="d000.s185" source="wordnet-hungarian">
         <wf lemma="Szörényi" pos="X">Szörényi</wf>
         <wf lemma="László" pos="X">László</wf>
         <wf lemma="komoly" pos="X">komoly</wf>
         <wf lemma="tudós" pos="X">tudós</wf>
         <wf lemma="és" pos="X">és</wf>
         <wf lemma="felkészült" pos="X">felkészült</wf>
         <instance id="d000.s185.t000" lemma="filológus" pos="NOUN">filológus</instance>
         <wf lemma="," pos="X">,</wf>
         <wf lemma="ugyanakkor" pos="X">ugyanakkor</wf>
         <wf lemma="szatirikus" pos="X">szatirikus</wf>
         <wf lemma="vénája" pos="X">vénája</wf>
         <wf lemma="is" pos="X">is</wf>
         <wf lemma="van" pos="X">van</wf>
         <wf lemma="." pos="X">.</wf>
      </sentence>
      <sentence id="d000.s186" source="wordnet-hungarian">
         <wf lemma="A" pos="X">A</wf>
         <wf lemma="cseresznyefa" pos="X">cseresznyefa</wf>
         <wf lemma="most" pos="X">most</wf>
         <instance id="d000.s186.t000" lemma="virágzik" pos="VERB">virágzik</instance>
         <wf lemma="." pos="X">.</wf>
      </sentence>
      <sentence id="d000.s187" source="wordnet-hungarian">
         <wf lemma="Egész" pos="X">Egész</wf>
         <wf lemma="életében" pos="X">életében</wf>
         <wf lemma="az" pos="X">az</wf>
         <wf lemma="igazságosság" pos="X">igazságosság</wf>
         <instance id="d000.s187.t000" lemma="erény" pos="NOUN">erényét</instance>
         <wf lemma="gyakorolta" pos="X">gyakorolta</wf>
         <wf lemma="." pos="X">.</wf>
      </sentence>
      <sentence id="d000.s188" source="wordnet-hungarian">
         <wf lemma="A" pos="X">A</wf>
         <wf lemma="derék" pos="X">derék</wf>
         <wf lemma="Benedek" pos="X">Benedek</wf>
         <instance id="d000.s188.t000" lemma="testvér" pos="NOUN">testvér</instance>
         <wf lemma="egy" pos="X">egy</wf>
         <wf lemma="malom" pos="X">malom</wf>
         <wf lemma="adományával" pos="X">adományával</wf>
         <wf lemma="gazdagította" pos="X">gazdagította</wf>
         <wf lemma="a" pos="X">a</wf>
         <wf lemma="dédesi" pos="X">dédesi</wf>
         <wf lemma="pálosok" pos="X">pálosok</wf>
         <wf lemma="birtokait" pos="X">birtokait</wf>
         <wf lemma="." pos="X">.</wf>
      </sentence>
      <sentence id="d000.s189" source="wordnet-hungarian">
         <wf lemma="A" pos="X">A</wf>
         <instance id="d000.s189.t000" lemma="fék" pos="NOUN">fekete</instance>
         <wf lemma="a" pos="X">a</wf>
         <wf lemma="komorságot" pos="X">komorságot</wf>
         <wf lemma="szimbolizálja" pos="X">szimbolizálja</wf>
         <wf lemma="." pos="X">.</wf>
      </sentence>
      <sentence id="d000.s190" source="wordnet-hungarian">
         <wf lemma="Három" pos="X">Három</wf>
         <instance id="d000.s190.t000" lemma="szaltó" pos="NOUN">szaltóra</instance>
         <wf lemma="is" pos="X">is</wf>
         <wf lemma="képes" pos="X">képes</wf>
         <wf lemma="egymás" pos="X">egymás</wf>
         <wf lemma="után" pos="X">után</wf>
         <wf lemma="." pos="X">.</wf>
      </sentence>
      <sentence id="d000.s191" source="wordnet-hungarian">
         <instance id="d000.s191.t000" lemma="helytelenítés" pos="NOUN">Helytelenítését</instance>
         <wf lemma="fejezte" pos="X">fejezte</wf>
         <wf lemma="ki" pos="X">ki</wf>
         <wf lemma="a" pos="X">a</wf>
         <wf lemma="dologgal" pos="X">dologgal</wf>
         <wf lemma="kapcsolatban" pos="X">kapcsolatban</wf>
         <wf lemma="." pos="X">.</wf>
      </sentence>
      <sentence id="d000.s192" source="wordnet-hungarian">
         <instance id="d000.s192.t000" lemma="jelent" pos="VERB">Jelenteni</instance>
         <wf lemma="fogom" pos="X">fogom</wf>
         <wf lemma="a" pos="X">a</wf>
         <wf lemma="rendbontást" pos="X">rendbontást</wf>
         <wf lemma="a" pos="X">a</wf>
         <wf lemma="rendőrségen" pos="X">rendőrségen</wf>
         <wf lemma="." pos="X">.</wf>
      </sentence>
      <sentence id="d000.s193" source="wordnet-hungarian">
         <wf lemma="Egyetlen" pos="X">Egyetlen</wf>
         <instance id="d000.s193.t000" lemma="menedék" pos="NOUN">menedéke</instance>
         <wf lemma="a" pos="X">a</wf>
         <wf lemma="rendőrség" pos="X">rendőrség</wf>
         <wf lemma="volt" pos="X">volt</wf>
         <wf lemma="." pos="X">.</wf>
      </sentence>
      <sentence id="d000.s194" source="wordnet-hungarian">
         <instance id="d000.s194.t000" lemma="programozás" pos="NOUN">Programozást</instance>
         <wf lemma="tanult" pos="X">tanult</wf>
         <wf lemma="az" pos="X">az</wf>
         <wf lemma="egyetemen" pos="X">egyetemen</wf>
         <wf lemma="." pos="X">.</wf>
      </sentence>
      <sentence id="d000.s195" source="wordnet-hungarian">
         <wf lemma="Az" pos="X">Az</wf>
         <wf lemma="adatátviteli" pos="X">adatátviteli</wf>
         <wf lemma="sebesség" pos="X">sebesség</wf>
         <wf lemma="mértékegysége" pos="X">mértékegysége</wf>
         <wf lemma="az" pos="X">az</wf>
         <wf lemma="adatforrástól" pos="X">adatforrástól</wf>
         <wf lemma="az" pos="X">az</wf>
         <wf lemma="adatvevőbe" pos="X">adatvevőbe</wf>
         <wf lemma="időegység" pos="X">időegység</wf>
         <wf lemma="alatt" pos="X">alatt</wf>
         <wf lemma="átvitt" pos="X">átvitt</wf>
         <wf lemma="bitek" pos="X">bitek</wf>
         <wf lemma="," pos="X">,</wf>
         <wf lemma="byte-ok" pos="X">byte-ok</wf>
         <wf lemma="," pos="X">,</wf>
         <instance id="d000.s195.t000" lemma="blokk" pos="NOUN">blokkok</instance>
         <wf lemma="száma" pos="X">száma</wf>
         <wf lemma=";" pos="X">;</wf>
         <wf lemma="mértékegysége" pos="X">mértékegysége</wf>
         <wf lemma=":" pos="X">:</wf>
         <wf lemma="bit/s" pos="X">bit/s</wf>
         <wf lemma="," pos="X">,</wf>
         <wf lemma="byte/s" pos="X">byte/s</wf>
         <wf lemma="," pos="X">,</wf>
         <wf lemma="blokk/s" pos="X">blokk/s</wf>
         <wf lemma="," pos="X">,</wf>
         <wf lemma="blokk/min" pos="X">blokk/min</wf>
         <wf lemma="," pos="X">,</wf>
         <wf lemma="blokk/h" pos="X">blokk/h</wf>
         <wf lemma="." pos="X">.</wf>
      </sentence>
      <sentence id="d000.s196" source="wordnet-hungarian">
         <wf lemma="A" pos="X">A</wf>
         <wf lemma="rendőr" pos="X">rendőr</wf>
         <instance id="d000.s196.t000" lemma="gyakorol" pos="VERB">gyakorolta</instance>
         <wf lemma="intézkedési" pos="X">intézkedési</wf>
         <wf lemma="jogát" pos="X">jogát</wf>
         <wf lemma="." pos="X">.</wf>
      </sentence>
      <sentence id="d000.s197" source="wordnet-hungarian">
         <wf lemma="Mindenki" pos="X">Mindenki</wf>
         <instance id="d000.s197.t000" lemma="flamingó" pos="NOUN">flamingót</instance>
         <wf lemma="akar" pos="X">akar</wf>
         <wf lemma="látni" pos="X">látni</wf>
         <wf lemma="a" pos="X">a</wf>
         <wf lemma="trópusi" pos="X">trópusi</wf>
         <wf lemma="nyaralás" pos="X">nyaralás</wf>
         <wf lemma="alatt" pos="X">alatt</wf>
         <wf lemma="." pos="X">.</wf>
      </sentence>
      <sentence id="d000.s198" source="wordnet-hungarian">
         <wf lemma="A" pos="X">A</wf>
         <wf lemma="középkor" pos="X">középkor</wf>
         <wf lemma="szellemi" pos="X">szellemi</wf>
         <instance id="d000.s198.t000" lemma="sötétség" pos="NOUN">sötétsége</instance>
         <wf lemma="csupán" pos="X">csupán</wf>
         <wf lemma="utólagos" pos="X">utólagos</wf>
         <wf lemma="koholmány" pos="X">koholmány</wf>
         <wf lemma="." pos="X">.</wf>
      </sentence>
      <sentence id="d000.s199" source="wordnet-hungarian">
         <wf lemma="Küldtek" pos="X">Küldtek</wf>
         <wf lemma="nekünk" pos="X">nekünk</wf>
         <wf lemma="egy" pos="X">egy</wf>
         <instance id="d000.s199.t000" lemma="képeslap" pos="NOUN">képeslapot</instance>
         <wf lemma="Tashkentből" pos="X">Tashkentből</wf>
         <wf lemma="." pos="X">.</wf>
      </sentence>
      <sentence id="d000.s200" source="wordnet-hungarian">
         <wf lemma="A" pos="X">A</wf>
         <instance id="d000.s200.t000" lemma="dadaizmus" pos="NOUN">dadaizmus</instance>
         <wf lemma="követői" pos="X">követői</wf>
         <wf lemma="munkáikban" pos="X">munkáikban</wf>
         <wf lemma="elutasítják" pos="X">elutasítják</wf>
         <wf lemma="a" pos="X">a</wf>
         <wf lemma="hagyományos" pos="X">hagyományos</wf>
         <wf lemma="szépségideált" pos="X">szépségideált</wf>
         <wf lemma="." pos="X">.</wf>
      </sentence>
      <sentence id="d000.s201" source="wordnet-hungarian">
         <wf lemma="A" pos="X">A</wf>
         <wf lemma="verekedés" pos="X">verekedés</wf>
         <wf lemma="közben" pos="X">közben</wf>
         <instance id="d000.s201.t000" lemma="térd" pos="NOUN">térddel</instance>
         <wf lemma="jól" pos="X">jól</wf>
         <wf lemma="hasba" pos="X">hasba</wf>
         <wf lemma="rúgta" pos="X">rúgta</wf>
         <wf lemma="ellenfelét" pos="X">ellenfelét</wf>
         <wf lemma="." pos="X">.</wf>
      </sentence>
      <sentence id="d000.s202" source="wordnet-hungarian">
         <wf lemma="A" pos="X">A</wf>
         <instance id="d000.s202.t000" lemma="hawaii" pos="NOUN">hawaiiak</instance>
         <wf lemma="május" pos="X">május</wf>
         <wf lemma="1-jén" pos="X">1-jén</wf>
         <wf lemma="ünneplik" pos="X">ünneplik</wf>
         <wf lemma="a" pos="X">a</wf>
         <wf lemma="lei" pos="X">lei</wf>
         <wf lemma="napját" pos="X">napját</wf>
         <wf lemma="," pos="X">,</wf>
         <wf lemma="ezzel" pos="X">ezzel</wf>
         <wf lemma="hagyományos" pos="X">hagyományos</wf>
         <wf lemma="vendégszeretetüket" pos="X">vendégszeretetüket</wf>
         <wf lemma="szimbolizálják" pos="X">szimbolizálják</wf>
         <wf lemma="." pos="X">.</wf>
      </sentence>
      <sentence id="d000.s203" source="wordnet-hungarian">
         <wf lemma="A" pos="X">A</wf>
         <instance id="d000.s203.t000" lemma="gyöngybagoly" pos="NOUN">gyöngybagoly</instance>
         <wf lemma="egész" pos="X">egész</wf>
         <wf lemma="Európában" pos="X">Európában</wf>
         <wf lemma="az" pos="X">az</wf>
         <wf lemma="emberi" pos="X">emberi</wf>
         <wf lemma="településekhez" pos="X">településekhez</wf>
         <wf lemma="kötődő" pos="X">kötődő</wf>
         <wf lemma="madárfaj" pos="X">madárfaj</wf>
         <wf lemma="." pos="X">.</wf>
      </sentence>
      <sentence id="d000.s204" source="wordnet-hungarian">
         <wf lemma="Képes" pos="X">Képes</wf>
         <wf lemma="valóra" pos="X">valóra</wf>
         <wf lemma="váltani" pos="X">váltani</wf>
         <wf lemma="a" pos="X">a</wf>
         <instance id="d000.s204.t000" lemma="fenyegetés" pos="NOUN">fenyegetését</instance>
         <wf lemma="." pos="X">.</wf>
      </sentence>
      <sentence id="d000.s205" source="wordnet-hungarian">
         <wf lemma="A" pos="X">A</wf>
         <instance id="d000.s205.t000" lemma="reakció" pos="NOUN">reakciói</instance>
         <wf lemma="az" pos="X">az</wf>
         <wf lemma="évek" pos="X">évek</wf>
         <wf lemma="múltával" pos="X">múltával</wf>
         <wf lemma="egyre" pos="X">egyre</wf>
         <wf lemma="csak" pos="X">csak</wf>
         <wf lemma="lassultak" pos="X">lassultak</wf>
         <wf lemma="." pos="X">.</wf>
      </sentence>
      <sentence id="d000.s206" source="wordnet-hungarian">
         <wf lemma="Üvölt" pos="X">Üvölt</wf>
         <wf lemma="," pos="X">,</wf>
         <wf lemma="mint" pos="X">mint</wf>
         <wf lemma="a" pos="X">a</wf>
         <instance id="d000.s206.t000" lemma="sakál" pos="NOUN">sakál</instance>
         <wf lemma="." pos="X">.</wf>
      </sentence>
      <sentence id="d000.s207" source="wordnet-hungarian">
         <wf lemma="A" pos="X">A</wf>
         <instance id="d000.s207.t000" lemma="gnoszticizmus" pos="NOUN">gnoszticizmusról</instance>
         <wf lemma="is" pos="X">is</wf>
         <wf lemma="kellett" pos="X">kellett</wf>
         <wf lemma="tanulniuk" pos="X">tanulniuk</wf>
         <wf lemma="a" pos="X">a</wf>
         <wf lemma="teológia" pos="X">teológia</wf>
         <wf lemma="karon" pos="X">karon</wf>
         <wf lemma="." pos="X">.</wf>
      </sentence>
      <sentence id="d000.s208" source="wordnet-hungarian">
         <wf lemma="A" pos="X">A</wf>
         <instance id="d000.s208.t000" lemma="hullócsillag" pos="NOUN">hullócsillag</instance>
         <wf lemma="vastag" pos="X">vastag</wf>
         <wf lemma="," pos="X">,</wf>
         <wf lemma="fényes" pos="X">fényes</wf>
         <wf lemma="csíkot" pos="X">csíkot</wf>
         <wf lemma="húzott" pos="X">húzott</wf>
         <wf lemma="maga" pos="X">maga</wf>
         <wf lemma="után" pos="X">után</wf>
         <wf lemma="." pos="X">.</wf>
      </sentence>
      <sentence id="d000.s209" source="wordnet-hungarian">
         <wf lemma="A" pos="X">A</wf>
         <instance id="d000.s209.t000" lemma="lovasság" pos="NOUN">lovasság</instance>
         <wf lemma="előrenyomult" pos="X">előrenyomult</wf>
         <wf lemma="a" pos="X">a</wf>
         <wf lemma="csatában" pos="X">csatában</wf>
         <wf lemma="." pos="X">.</wf>
      </sentence>
      <sentence id="d000.s210" source="wordnet-hungarian">
         <wf lemma="Előbb" pos="X">Előbb</wf>
         <wf lemma="a" pos="X">a</wf>
         <wf lemma="tanulás" pos="X">tanulás</wf>
         <wf lemma="," pos="X">,</wf>
         <wf lemma="aztán" pos="X">aztán</wf>
         <wf lemma="a" pos="X">a</wf>
         <instance id="d000.s210.t000" lemma="játék" pos="NOUN">játék</instance>
         <wf lemma="!" pos="X">!</wf>
      </sentence>
      <sentence id="d000.s211" source="wordnet-hungarian">
         <wf lemma="A" pos="X">A</wf>
         <wf lemma="diktátor" pos="X">diktátor</wf>
         <wf lemma="még" pos="X">még</wf>
         <wf lemma="arra" pos="X">arra</wf>
         <wf lemma="sem" pos="X">sem</wf>
         <wf lemma="törekedett" pos="X">törekedett</wf>
         <wf lemma="," pos="X">,</wf>
         <wf lemma="hogy" pos="X">hogy</wf>
         <wf lemma="legalább" pos="X">legalább</wf>
         <wf lemma="a" pos="X">a</wf>
         <instance id="d000.s211.t000" lemma="törvényesség" pos="NOUN">törvényesség</instance>
         <wf lemma="látszatát" pos="X">látszatát</wf>
         <wf lemma="fenntartsa" pos="X">fenntartsa</wf>
         <wf lemma="." pos="X">.</wf>
      </sentence>
      <sentence id="d000.s212" source="wordnet-hungarian">
         <wf lemma="A" pos="X">A</wf>
         <instance id="d000.s212.t000" lemma="lét" pos="NOUN">lét</instance>
         <wf lemma="határait" pos="X">határait</wf>
         <wf lemma="feszegeti" pos="X">feszegeti</wf>
         <wf lemma="." pos="X">.</wf>
      </sentence>
      <sentence id="d000.s213" source="wordnet-hungarian">
         <wf lemma="Milyen" pos="X">Milyen</wf>
         <instance id="d000.s213.t000" lemma="alap" pos="NOUN">alapon</instance>
         <wf lemma="szól" pos="X">szól</wf>
         <wf lemma="bele" pos="X">bele</wf>
         <wf lemma="a" pos="X">a</wf>
         <wf lemma="magánéletedbe" pos="X">magánéletedbe</wf>
         <wf lemma="?" pos="X">?</wf>
      </sentence>
      <sentence id="d000.s214" source="wordnet-hungarian">
         <wf lemma="A" pos="X">A</wf>
         <wf lemma="verseny" pos="X">verseny</wf>
         <wf lemma="során" pos="X">során</wf>
         <wf lemma="az" pos="X">az</wf>
         <wf lemma="edző" pos="X">edző</wf>
         <wf lemma="végig" pos="X">végig</wf>
         <instance id="d000.s214.t000" lemma="bátorít" pos="VERB">bátorította</instance>
         <wf lemma="az" pos="X">az</wf>
         <wf lemma="úszót" pos="X">úszót</wf>
         <wf lemma="." pos="X">.</wf>
      </sentence>
      <sentence id="d000.s215" source="wordnet-hungarian">
         <wf lemma="A" pos="X">A</wf>
         <wf lemma="fluorid" pos="X">fluorid</wf>
         <wf lemma="tartalmú" pos="X">tartalmú</wf>
         <wf lemma="fogkrémek" pos="X">fogkrémek</wf>
         <wf lemma="jók" pos="X">jók</wf>
         <wf lemma="a" pos="X">a</wf>
         <instance id="d000.s215.t000" lemma="fogszuvasodás" pos="NOUN">fogszuvasodás</instance>
         <wf lemma="megelőzésére" pos="X">megelőzésére</wf>
         <wf lemma="." pos="X">.</wf>
      </sentence>
      <sentence id="d000.s216" source="wordnet-hungarian">
         <wf lemma="Manapság" pos="X">Manapság</wf>
         <wf lemma="bevett" pos="X">bevett</wf>
         <wf lemma="dolog" pos="X">dolog</wf>
         <wf lemma="minden" pos="X">minden</wf>
         <wf lemma="nekünk" pos="X">nekünk</wf>
         <wf lemma="nem" pos="X">nem</wf>
         <wf lemma="tetsző" pos="X">tetsző</wf>
         <wf lemma="," pos="X">,</wf>
         <wf lemma="ügyéért" pos="X">ügyéért</wf>
         <wf lemma="harcoló" pos="X">harcoló</wf>
         <wf lemma="személyt" pos="X">személyt</wf>
         <instance id="d000.s216.t000" lemma="terrorista" pos="NOUN">terroristának</instance>
         <wf lemma="hívni" pos="X">hívni</wf>
         <wf lemma="." pos="X">.</wf>
      </sentence>
      <sentence id="d000.s217" source="wordnet-hungarian">
         <wf lemma="A" pos="X">A</wf>
         <instance id="d000.s217.t000" lemma="bárium" pos="NOUN">báriumot</instance>
         <wf lemma="vették" pos="X">vették</wf>
         <wf lemma="a" pos="X">a</wf>
         <wf lemma="mai" pos="X">mai</wf>
         <wf lemma="órán" pos="X">órán</wf>
         <wf lemma="." pos="X">.</wf>
      </sentence>
      <sentence id="d000.s218" source="wordnet-hungarian">
         <wf lemma="A" pos="X">A</wf>
         <instance id="d000.s218.t000" lemma="besúgó" pos="NOUN">besúgó</instance>
         <wf lemma="manapság" pos="X">manapság</wf>
         <wf lemma="vagy" pos="X">vagy</wf>
         <wf lemma="háromperhármas" pos="X">háromperhármas</wf>
         <wf lemma="," pos="X">,</wf>
         <wf lemma="vagy" pos="X">vagy</wf>
         <wf lemma="ügynök" pos="X">ügynök</wf>
         <wf lemma="fedőnéven" pos="X">fedőnéven</wf>
         <wf lemma="említtetik" pos="X">említtetik</wf>
         <wf lemma="." pos="X">.</wf>
      </sentence>
      <sentence id="d000.s219" source="wordnet-hungarian">
         <wf lemma="Egy" pos="X">Egy</wf>
         <instance id="d000.s219.t000" lemma="szatyor" pos="NOUN">szatyor</instance>
         <wf lemma="csokoládéval" pos="X">csokoládéval</wf>
         <wf lemma="jött" pos="X">jött</wf>
         <wf lemma="meg" pos="X">meg</wf>
         <wf lemma="a" pos="X">a</wf>
         <wf lemma="boltból" pos="X">boltból</wf>
         <wf lemma="," pos="X">,</wf>
         <wf lemma="majdnem" pos="X">majdnem</wf>
         <wf lemma="elájultam" pos="X">elájultam</wf>
         <wf lemma="a" pos="X">a</wf>
         <wf lemma="látványtól" pos="X">látványtól</wf>
         <wf lemma="." pos="X">.</wf>
      </sentence>
      <sentence id="d000.s220" source="wordnet-hungarian">
         <wf lemma="A" pos="X">A</wf>
         <wf lemma="kalapomat" pos="X">kalapomat</wf>
         <wf lemma="az" pos="X">az</wf>
         <wf lemma="étteremben" pos="X">étteremben</wf>
         <instance id="d000.s220.t000" lemma="felejt" pos="VERB">felejtettem</instance>
         <wf lemma="." pos="X">.</wf>
      </sentence>
      <sentence id="d000.s221" source="wordnet-hungarian">
         <wf lemma="Hivatalosan" pos="X">Hivatalosan</wf>
         <wf lemma="Izlandon" pos="X">Izlandon</wf>
         <instance id="d000.s221.t000" lemma="lakik" pos="VERB">lakik</instance>
         <wf lemma="." pos="X">.</wf>
      </sentence>
      <sentence id="d000.s222" source="wordnet-hungarian">
         <wf lemma="A" pos="X">A</wf>
         <wf lemma="világbajnokságon" pos="X">világbajnokságon</wf>
         <wf lemma="a" pos="X">a</wf>
         <wf lemma="svéd" pos="X">svéd</wf>
         <wf lemma="csapat" pos="X">csapat</wf>
         <instance id="d000.s222.t000" lemma="hoz" pos="VERB">hozta</instance>
         <wf lemma="a" pos="X">a</wf>
         <wf lemma="spanyolok" pos="X">spanyolok</wf>
         <wf lemma="elleni" pos="X">elleni</wf>
         <wf lemma="meccset" pos="X">meccset</wf>
         <wf lemma="." pos="X">.</wf>
      </sentence>
      <sentence id="d000.s223" source="wordnet-hungarian">
         <wf lemma="Egy" pos="X">Egy</wf>
         <wf lemma="tucat" pos="X">tucat</wf>
         <wf lemma="számítógépes" pos="X">számítógépes</wf>
         <instance id="d000.s223.t000" lemma="csaló" pos="NOUN">csalót</instance>
         <wf lemma="tartóztattak" pos="X">tartóztattak</wf>
         <wf lemma="le" pos="X">le</wf>
         <wf lemma="Hong" pos="X">Hong</wf>
         <wf lemma="Kongban" pos="X">Kongban</wf>
         <wf lemma="," pos="X">,</wf>
         <wf lemma="akiket" pos="X">akiket</wf>
         <wf lemma="internetes" pos="X">internetes</wf>
         <wf lemma="banki" pos="X">banki</wf>
         <wf lemma="csalással" pos="X">csalással</wf>
         <wf lemma="gyanúsítanak" pos="X">gyanúsítanak</wf>
         <wf lemma="." pos="X">.</wf>
      </sentence>
      <sentence id="d000.s224" source="wordnet-hungarian">
         <instance id="d000.s224.t000" lemma="menekülés" pos="NOUN">Menekülése</instance>
         <wf lemma="a" pos="X">a</wf>
         <wf lemma="háború" pos="X">háború</wf>
         <wf lemma="sújtotta" pos="X">sújtotta</wf>
         <wf lemma="területről" pos="X">területről</wf>
         <wf lemma="kalandregénybe" pos="X">kalandregénybe</wf>
         <wf lemma="illik" pos="X">illik</wf>
         <wf lemma="." pos="X">.</wf>
      </sentence>
      <sentence id="d000.s225" source="wordnet-hungarian">
         <wf lemma="Van" pos="X">Van</wf>
         <wf lemma="egy" pos="X">egy</wf>
         <wf lemma="japán" pos="X">japán</wf>
         <wf lemma="közmondás" pos="X">közmondás</wf>
         <wf lemma="," pos="X">,</wf>
         <wf lemma="miszerint" pos="X">miszerint</wf>
         <wf lemma="a" pos="X">a</wf>
         <instance id="d000.s225.t000" lemma="szaké" pos="NOUN">szaké</instance>
         <wf lemma="a" pos="X">a</wf>
         <wf lemma="legjobb" pos="X">legjobb</wf>
         <wf lemma="gyógyszer" pos="X">gyógyszer</wf>
         <wf lemma="." pos="X">.</wf>
      </sentence>
      <sentence id="d000.s226" source="wordnet-hungarian">
         <wf lemma="Félezer" pos="X">Félezer</wf>
         <instance id="d000.s226.t000" lemma="önkéntes" pos="NOUN">önkéntest</instance>
         <wf lemma="oltanak" pos="X">oltanak</wf>
         <wf lemma="be" pos="X">be</wf>
         <wf lemma="a" pos="X">a</wf>
         <wf lemma="magyar" pos="X">magyar</wf>
         <wf lemma="madárinfluenza" pos="X">madárinfluenza</wf>
         <wf lemma="elleni" pos="X">elleni</wf>
         <wf lemma="vakcinával" pos="X">vakcinával</wf>
         <wf lemma="." pos="X">.</wf>
      </sentence>
      <sentence id="d000.s227" source="wordnet-hungarian">
         <wf lemma="Kiment" pos="X">Kiment</wf>
         <wf lemma="a" pos="X">a</wf>
         <instance id="d000.s227.t000" lemma="rét" pos="NOUN">rétre</instance>
         <wf lemma="kaszálni" pos="X">kaszálni</wf>
         <wf lemma="." pos="X">.</wf>
      </sentence>
      <sentence id="d000.s228" source="wordnet-hungarian">
         <wf lemma="Az" pos="X">Az</wf>
         <wf lemma="ügvédeknek" pos="X">ügvédeknek</wf>
         <wf lemma="is" pos="X">is</wf>
         <instance id="d000.s228.t000" lemma="talár" pos="NOUN">talárt</instance>
         <wf lemma="kell" pos="X">kell</wf>
         <wf lemma="viselniük" pos="X">viselniük</wf>
         <wf lemma="a" pos="X">a</wf>
         <wf lemma="tárgyaláson" pos="X">tárgyaláson</wf>
         <wf lemma="." pos="X">.</wf>
      </sentence>
      <sentence id="d000.s229" source="wordnet-hungarian">
         <wf lemma="Úgy" pos="X">Úgy</wf>
         <instance id="d000.s229.t000" lemma="esik" pos="VERB">esett</instance>
         <wf lemma="," pos="X">,</wf>
         <wf lemma="hogy" pos="X">hogy</wf>
         <wf lemma="a" pos="X">a</wf>
         <wf lemma="lánynak" pos="X">lánynak</wf>
         <wf lemma="épp" pos="X">épp</wf>
         <wf lemma="aznap" pos="X">aznap</wf>
         <wf lemma="volt" pos="X">volt</wf>
         <wf lemma="a" pos="X">a</wf>
         <wf lemma="születésnapja" pos="X">születésnapja</wf>
         <wf lemma="." pos="X">.</wf>
      </sentence>
      <sentence id="d000.s230" source="wordnet-hungarian">
         <wf lemma="A" pos="X">A</wf>
         <instance id="d000.s230.t000" lemma="demokrácia" pos="NOUN">demokrácia</instance>
         <wf lemma="nem" pos="X">nem</wf>
         <wf lemma="csak" pos="X">csak</wf>
         <wf lemma="a" pos="X">a</wf>
         <wf lemma="keleti" pos="X">keleti</wf>
         <wf lemma="országokban" pos="X">országokban</wf>
         <wf lemma="áll" pos="X">áll</wf>
         <wf lemma="gynege" pos="X">gynege</wf>
         <wf lemma="lábakon" pos="X">lábakon</wf>
         <wf lemma="." pos="X">.</wf>
      </sentence>
      <sentence id="d000.s231" source="wordnet-hungarian">
         <wf lemma="Az" pos="X">Az</wf>
         <instance id="d000.s231.t000" lemma="ujgur" pos="NOUN">ujgurok</instance>
         <wf lemma="és" pos="X">és</wf>
         <wf lemma="a" pos="X">a</wf>
         <wf lemma="magyarok" pos="X">magyarok</wf>
         <wf lemma="őseit" pos="X">őseit</wf>
         <wf lemma="," pos="X">,</wf>
         <wf lemma="többezer" pos="X">többezer</wf>
         <wf lemma="éves" pos="X">éves</wf>
         <wf lemma="genetikai" pos="X">genetikai</wf>
         <wf lemma="rokoni" pos="X">rokoni</wf>
         <wf lemma="kapcsolatok" pos="X">kapcsolatok</wf>
         <wf lemma="fűzi" pos="X">fűzi</wf>
         <wf lemma="egymáshoz" pos="X">egymáshoz</wf>
         <wf lemma="." pos="X">.</wf>
      </sentence>
      <sentence id="d000.s232" source="wordnet-hungarian">
         <wf lemma="Az" pos="X">Az</wf>
         <instance id="d000.s232.t000" lemma="állam" pos="NOUN">állam</instance>
         <wf lemma="nem" pos="X">nem</wf>
         <wf lemma="csökkentette" pos="X">csökkentette</wf>
         <wf lemma="a" pos="X">a</wf>
         <wf lemma="személyi" pos="X">személyi</wf>
         <wf lemma="jövedelemadót" pos="X">jövedelemadót</wf>
         <wf lemma="." pos="X">.</wf>
      </sentence>
      <sentence id="d000.s233" source="wordnet-hungarian">
         <wf lemma="A" pos="X">A</wf>
         <wf lemma="betegség" pos="X">betegség</wf>
         <wf lemma="elsődleges" pos="X">elsődleges</wf>
         <instance id="d000.s233.t000" lemma="jel" pos="NOUN">jelei</instance>
         <wf lemma="a" pos="X">a</wf>
         <wf lemma="szimptómák" pos="X">szimptómák</wf>
         <wf lemma="." pos="X">.</wf>
      </sentence>
      <sentence id="d000.s234" source="wordnet-hungarian">
         <wf lemma="Az" pos="X">Az</wf>
         <wf lemma="üdülőhely" pos="X">üdülőhely</wf>
         <wf lemma="központjából" pos="X">központjából</wf>
         <wf lemma="egy" pos="X">egy</wf>
         <instance id="d000.s234.t000" lemma="olajfa" pos="NOUN">olajfákkal</instance>
         <wf lemma="övezett" pos="X">övezett</wf>
         <wf lemma="sétány" pos="X">sétány</wf>
         <wf lemma="vezet" pos="X">vezet</wf>
         <wf lemma="az" pos="X">az</wf>
         <wf lemma="étteremhez" pos="X">étteremhez</wf>
         <wf lemma="." pos="X">.</wf>
      </sentence>
      <sentence id="d000.s235" source="wordnet-hungarian">
         <wf lemma="Az" pos="X">Az</wf>
         <wf lemma="új" pos="X">új</wf>
         <wf lemma="adók" pos="X">adók</wf>
         <instance id="d000.s235.t000" lemma="bevezetés" pos="NOUN">bevezetését</instance>
         <wf lemma="elhalasztják" pos="X">elhalasztják</wf>
         <wf lemma="januárig" pos="X">januárig</wf>
         <wf lemma="." pos="X">.</wf>
      </sentence>
      <sentence id="d000.s236" source="wordnet-hungarian">
         <wf lemma="A" pos="X">A</wf>
         <instance id="d000.s236.t000" lemma="testépítő" pos="NOUN">testépítőket</instance>
         <wf lemma="a" pos="X">a</wf>
         <wf lemma="doppingolással" pos="X">doppingolással</wf>
         <wf lemma="is" pos="X">is</wf>
         <wf lemma="azonosítani" pos="X">azonosítani</wf>
         <wf lemma="szokták" pos="X">szokták</wf>
         <wf lemma="." pos="X">.</wf>
      </sentence>
      <sentence id="d000.s237" source="wordnet-hungarian">
         <wf lemma="Az" pos="X">Az</wf>
         <instance id="d000.s237.t000" lemma="örökség" pos="NOUN">örökséget</instance>
         <wf lemma="szétosztották" pos="X">szétosztották</wf>
         <wf lemma="a" pos="X">a</wf>
         <wf lemma="rokonok" pos="X">rokonok</wf>
         <wf lemma="." pos="X">.</wf>
      </sentence>
      <sentence id="d000.s238" source="wordnet-hungarian">
         <wf lemma="Micsoda" pos="X">Micsoda</wf>
         <instance id="d000.s238.t000" lemma="pillanat" pos="NOUN">pillanat</instance>
         <wf lemma="volt" pos="X">volt</wf>
         <wf lemma="!" pos="X">!</wf>
      </sentence>
      <sentence id="d000.s239" source="wordnet-hungarian">
         <wf lemma="A" pos="X">A</wf>
         <instance id="d000.s239.t000" lemma="barlang" pos="NOUN">barlang</instance>
         <wf lemma="szájánál" pos="X">szájánál</wf>
         <wf lemma="előbukkant" pos="X">előbukkant</wf>
         <wf lemma="a" pos="X">a</wf>
         <wf lemma="medve" pos="X">medve</wf>
         <wf lemma="." pos="X">.</wf>
      </sentence>
      <sentence id="d000.s240" source="wordnet-hungarian">
         <wf lemma="A" pos="X">A</wf>
         <instance id="d000.s240.t000" lemma="tanárnő" pos="NOUN">tanárnő</instance>
         <wf lemma="rendre" pos="X">rendre</wf>
         <wf lemma="intette" pos="X">intette</wf>
         <wf lemma="a" pos="X">a</wf>
         <wf lemma="kisdiákokat" pos="X">kisdiákokat</wf>
         <wf lemma="a" pos="X">a</wf>
         <wf lemma="becsöngetés" pos="X">becsöngetés</wf>
         <wf lemma="után" pos="X">után</wf>
         <wf lemma="." pos="X">.</wf>
      </sentence>
      <sentence id="d000.s241" source="wordnet-hungarian">
         <wf lemma="Franciaország" pos="X">Franciaország</wf>
         <instance id="d000.s241.t000" lemma="prefektúra" pos="NOUN">prefektúrákra</instance>
         <wf lemma="van" pos="X">van</wf>
         <wf lemma="felosztva" pos="X">felosztva</wf>
         <wf lemma="." pos="X">.</wf>
      </sentence>
      <sentence id="d000.s242" source="wordnet-hungarian">
         <wf lemma="A" pos="X">A</wf>
         <instance id="d000.s242.t000" lemma="perjefélék" pos="NOUN">perjefélék</instance>
         <wf lemma="csomói" pos="X">csomói</wf>
         <wf lemma="," pos="X">,</wf>
         <wf lemma="telepei" pos="X">telepei</wf>
         <wf lemma="szórt" pos="X">szórt</wf>
         <wf lemma="elhelyezkedésűek" pos="X">elhelyezkedésűek</wf>
         <wf lemma="." pos="X">.</wf>
      </sentence>
      <sentence id="d000.s243" source="wordnet-hungarian">
         <wf lemma="A" pos="X">A</wf>
         <instance id="d000.s243.t000" lemma="neurózis" pos="NOUN">neurózisát</instance>
         <wf lemma="kezeltetnie" pos="X">kezeltetnie</wf>
         <wf lemma="kellene" pos="X">kellene</wf>
         <wf lemma="." pos="X">.</wf>
      </sentence>
      <sentence id="d000.s244" source="wordnet-hungarian">
         <wf lemma="A" pos="X">A</wf>
         <wf lemma="gép" pos="X">gép</wf>
         <wf lemma="tizenkét" pos="X">tizenkét</wf>
         <wf lemma="órás" pos="X">órás</wf>
         <instance id="d000.s244.t000" lemma="üzem" pos="NOUN">üzemben</instance>
         <wf lemma="dolgozik" pos="X">dolgozik</wf>
         <wf lemma="." pos="X">.</wf>
      </sentence>
      <sentence id="d000.s245" source="wordnet-hungarian">
         <wf lemma="A" pos="X">A</wf>
         <wf lemma="kutatók" pos="X">kutatók</wf>
         <wf lemma="eddig" pos="X">eddig</wf>
         <wf lemma="úgy" pos="X">úgy</wf>
         <wf lemma="becsülték" pos="X">becsülték</wf>
         <wf lemma="," pos="X">,</wf>
         <wf lemma="hogy" pos="X">hogy</wf>
         <wf lemma="az" pos="X">az</wf>
         <wf lemma="Australopithecusoknak" pos="X">Australopithecusoknak</wf>
         <wf lemma="600" pos="X">600</wf>
         <instance id="d000.s245.t000" lemma="köbcentiméter" pos="NOUN">köbcentiméter</instance>
         <wf lemma="körüli" pos="X">körüli</wf>
         <wf lemma="agytérfogatuk" pos="X">agytérfogatuk</wf>
         <wf lemma="volt" pos="X">volt</wf>
         <wf lemma="." pos="X">.</wf>
      </sentence>
      <sentence id="d000.s246" source="wordnet-hungarian">
         <wf lemma="A" pos="X">A</wf>
         <wf lemma="vadon" pos="X">vadon</wf>
         <wf lemma="élő" pos="X">élő</wf>
         <instance id="d000.s246.t000" lemma="jaguár" pos="NOUN">jaguárok</instance>
         <wf lemma="életéről" pos="X">életéről</wf>
         <wf lemma="nagyon" pos="X">nagyon</wf>
         <wf lemma="keveset" pos="X">keveset</wf>
         <wf lemma="tudunk" pos="X">tudunk</wf>
         <wf lemma="." pos="X">.</wf>
      </sentence>
      <sentence id="d000.s247" source="wordnet-hungarian">
         <wf lemma="A" pos="X">A</wf>
         <instance id="d000.s247.t000" lemma="pénzügy" pos="NOUN">pénzügy</instance>
         <wf lemma="volt" pos="X">volt</wf>
         <wf lemma="az" pos="X">az</wf>
         <wf lemma="egyik" pos="X">egyik</wf>
         <wf lemma="legnehezebb" pos="X">legnehezebb</wf>
         <wf lemma="tantárgy" pos="X">tantárgy</wf>
         <wf lemma="az" pos="X">az</wf>
         <wf lemma="egyetemen" pos="X">egyetemen</wf>
         <wf lemma="." pos="X">.</wf>
      </sentence>
      <sentence id="d000.s248" source="wordnet-hungarian">
         <wf lemma="A" pos="X">A</wf>
         <instance id="d000.s248.t000" lemma="völgy" pos="NOUN">völgyben</instance>
         <wf lemma="a" pos="X">a</wf>
         <wf lemma="patak" pos="X">patak</wf>
         <wf lemma="partján" pos="X">partján</wf>
         <wf lemma="nyáj" pos="X">nyáj</wf>
         <wf lemma="legelészett" pos="X">legelészett</wf>
         <wf lemma="." pos="X">.</wf>
      </sentence>
      <sentence id="d000.s249" source="wordnet-hungarian">
         <wf lemma="Tapasztalata" pos="X">Tapasztalata</wf>
         <wf lemma="nagy" pos="X">nagy</wf>
         <instance id="d000.s249.t000" lemma="előny" pos="NOUN">előnyt</instance>
         <wf lemma="jelentett" pos="X">jelentett</wf>
         <wf lemma="a" pos="X">a</wf>
         <wf lemma="többi" pos="X">többi</wf>
         <wf lemma="pályázóval" pos="X">pályázóval</wf>
         <wf lemma="szemben" pos="X">szemben</wf>
         <wf lemma="." pos="X">.</wf>
      </sentence>
      <sentence id="d000.s250" source="wordnet-hungarian">
         <wf lemma="Ezt" pos="X">Ezt</wf>
         <wf lemma="a" pos="X">a</wf>
         <wf lemma="matematikai" pos="X">matematikai</wf>
         <instance id="d000.s250.t000" lemma="elmélet" pos="NOUN">elméletet</instance>
         <wf lemma="Einsteinnek" pos="X">Einsteinnek</wf>
         <wf lemma="köszönhetjük" pos="X">köszönhetjük</wf>
         <wf lemma="." pos="X">.</wf>
      </sentence>
      <sentence id="d000.s251" source="wordnet-hungarian">
         <wf lemma="Egy" pos="X">Egy</wf>
         <instance id="d000.s251.t000" lemma="pont" pos="NOUN">pontot</instance>
         <wf lemma="koordinátáival" pos="X">koordinátáival</wf>
         <wf lemma="határozhatunk" pos="X">határozhatunk</wf>
         <wf lemma="meg" pos="X">meg</wf>
         <wf lemma="." pos="X">.</wf>
      </sentence>
      <sentence id="d000.s252" source="wordnet-hungarian">
         <wf lemma="A" pos="X">A</wf>
         <wf lemma="kém" pos="X">kém</wf>
         <instance id="d000.s252.t000" lemma="kijelent" pos="VERB">kijelentette</instance>
         <wf lemma="," pos="X">,</wf>
         <wf lemma="hogy" pos="X">hogy</wf>
         <wf lemma="neki" pos="X">neki</wf>
         <wf lemma="több" pos="X">több</wf>
         <wf lemma="pénzre" pos="X">pénzre</wf>
         <wf lemma="van" pos="X">van</wf>
         <wf lemma="szüksége" pos="X">szüksége</wf>
         <wf lemma="." pos="X">.</wf>
      </sentence>
      <sentence id="d000.s253" source="wordnet-hungarian">
         <wf lemma="Borból" pos="X">Borból</wf>
         <wf lemma="volt" pos="X">volt</wf>
         <instance id="d000.s253.t000" lemma="kóstoló" pos="NOUN">kóstoló</instance>
         <wf lemma="," pos="X">,</wf>
         <wf lemma="amikor" pos="X">amikor</wf>
         <wf lemma="odaértünk" pos="X">odaértünk</wf>
         <wf lemma="," pos="X">,</wf>
         <wf lemma="de" pos="X">de</wf>
         <wf lemma="az" pos="X">az</wf>
         <wf lemma="ételeket" pos="X">ételeket</wf>
         <wf lemma="nem" pos="X">nem</wf>
         <wf lemma="lehetett" pos="X">lehetett</wf>
         <wf lemma="megkóstolni" pos="X">megkóstolni</wf>
         <wf lemma="." pos="X">.</wf>
      </sentence>
      <sentence id="d000.s254" source="wordnet-hungarian">
         <wf lemma="A" pos="X">A</wf>
         <wf lemma="rendőrség" pos="X">rendőrség</wf>
         <wf lemma="figyelemmel" pos="X">figyelemmel</wf>
         <wf lemma="kísérte" pos="X">kísérte</wf>
         <wf lemma="a" pos="X">a</wf>
         <wf lemma="tömeg" pos="X">tömeg</wf>
         <instance id="d000.s254.t000" lemma="mozgás" pos="NOUN">mozgását</instance>
         <wf lemma="." pos="X">.</wf>
      </sentence>
      <sentence id="d000.s255" source="wordnet-hungarian">
         <wf lemma="Ebben" pos="X">Ebben</wf>
         <wf lemma="a" pos="X">a</wf>
         <instance id="d000.s255.t000" lemma="kemping" pos="NOUN">kempingben</instance>
         <wf lemma="már" pos="X">már</wf>
         <wf lemma="nem" pos="X">nem</wf>
         <wf lemma="fogtok" pos="X">fogtok</wf>
         <wf lemma="sátorhelyet" pos="X">sátorhelyet</wf>
         <wf lemma="találni" pos="X">találni</wf>
         <wf lemma="." pos="X">.</wf>
      </sentence>
      <sentence id="d000.s256" source="wordnet-hungarian">
         <wf lemma="A" pos="X">A</wf>
         <instance id="d000.s256.t000" lemma="korund" pos="NOUN">korund</instance>
         <wf lemma="az" pos="X">az</wf>
         <wf lemma="oxidok" pos="X">oxidok</wf>
         <wf lemma="és" pos="X">és</wf>
         <wf lemma="hidroxidok" pos="X">hidroxidok</wf>
         <wf lemma="osztályába" pos="X">osztályába</wf>
         <wf lemma="tartozó" pos="X">tartozó</wf>
         <wf lemma="ásványfaj" pos="X">ásványfaj</wf>
         <wf lemma="." pos="X">.</wf>
      </sentence>
      <sentence id="d000.s257" source="wordnet-hungarian">
         <wf lemma="A" pos="X">A</wf>
         <instance id="d000.s257.t000" lemma="nadrág" pos="NOUN">nadrágja</instance>
         <wf lemma="egyik" pos="X">egyik</wf>
         <wf lemma="szárán" pos="X">szárán</wf>
         <wf lemma="térdig" pos="X">térdig</wf>
         <wf lemma="," pos="X">,</wf>
         <wf lemma="másikon" pos="X">másikon</wf>
         <wf lemma="pedig" pos="X">pedig</wf>
         <wf lemma="bokáig" pos="X">bokáig</wf>
         <wf lemma="ért" pos="X">ért</wf>
         <wf lemma="." pos="X">.</wf>
      </sentence>
      <sentence id="d000.s258" source="wordnet-hungarian">
         <wf lemma="Milyen" pos="X">Milyen</wf>
         <wf lemma="hosszú" pos="X">hosszú</wf>
         <wf lemma="egy" pos="X">egy</wf>
         <instance id="d000.s258.t000" lemma="nap" pos="NOUN">nap</instance>
         <wf lemma="a" pos="X">a</wf>
         <wf lemma="Jupiteren" pos="X">Jupiteren</wf>
         <wf lemma="?" pos="X">?</wf>
      </sentence>
      <sentence id="d000.s259" source="wordnet-hungarian">
         <wf lemma="Jó" pos="X">Jó</wf>
         <instance id="d000.s259.t000" lemma="parti" pos="NOUN">parti</instance>
         <wf lemma="egy" pos="X">egy</wf>
         <wf lemma="magyar" pos="X">magyar</wf>
         <wf lemma="az" pos="X">az</wf>
         <wf lemma="unión" pos="X">unión</wf>
         <wf lemma="kívülieknek" pos="X">kívülieknek</wf>
         <wf lemma="az" pos="X">az</wf>
         <wf lemma="állampolgárság" pos="X">állampolgárság</wf>
         <wf lemma="megszerzéséhez" pos="X">megszerzéséhez</wf>
         <wf lemma="." pos="X">.</wf>
      </sentence>
      <sentence id="d000.s260" source="wordnet-hungarian">
         <wf lemma="A" pos="X">A</wf>
         <wf lemma="húszféle" pos="X">húszféle</wf>
         <instance id="d000.s260.t000" lemma="aminosav" pos="NOUN">aminosav</instance>
         <wf lemma="peptidkötéssel" pos="X">peptidkötéssel</wf>
         <wf lemma="kapcsolódik" pos="X">kapcsolódik</wf>
         <wf lemma="egymáshoz" pos="X">egymáshoz</wf>
         <wf lemma="." pos="X">.</wf>
      </sentence>
      <sentence id="d000.s261" source="wordnet-hungarian">
         <wf lemma="A" pos="X">A</wf>
         <instance id="d000.s261.t000" lemma="holdfény" pos="NOUN">holdfényben</instance>
         <wf lemma="egészen" pos="X">egészen</wf>
         <wf lemma="másképp" pos="X">másképp</wf>
         <wf lemma="festett" pos="X">festett</wf>
         <wf lemma="a" pos="X">a</wf>
         <wf lemma="város" pos="X">város</wf>
         <wf lemma="." pos="X">.</wf>
      </sentence>
      <sentence id="d000.s262" source="wordnet-hungarian">
         <wf lemma="Az" pos="X">Az</wf>
         <instance id="d000.s262.t000" lemma="irigység" pos="NOUN">irigység</instance>
         <wf lemma="vagy" pos="X">vagy</wf>
         <wf lemma="a" pos="X">a</wf>
         <wf lemma="fösvénység" pos="X">fösvénység</wf>
         <wf lemma="nem" pos="X">nem</wf>
         <wf lemma="maga" pos="X">maga</wf>
         <wf lemma="a" pos="X">a</wf>
         <wf lemma="bűnös" pos="X">bűnös</wf>
         <wf lemma="tett" pos="X">tett</wf>
         <wf lemma="," pos="X">,</wf>
         <wf lemma="hanem" pos="X">hanem</wf>
         <wf lemma="csak" pos="X">csak</wf>
         <wf lemma="a" pos="X">a</wf>
         <wf lemma="bűnös" pos="X">bűnös</wf>
         <wf lemma="tett" pos="X">tett</wf>
         <wf lemma="forrása" pos="X">forrása</wf>
         <wf lemma="." pos="X">.</wf>
      </sentence>
      <sentence id="d000.s263" source="wordnet-hungarian">
         <wf lemma="A" pos="X">A</wf>
         <wf lemma="négy" pos="X">négy</wf>
         <wf lemma="alapelem" pos="X">alapelem</wf>
         <wf lemma="egyike" pos="X">egyike</wf>
         <wf lemma="a" pos="X">a</wf>
         <instance id="d000.s263.t000" lemma="levegő" pos="NOUN">levegő</instance>
         <wf lemma="." pos="X">.</wf>
      </sentence>
      <sentence id="d000.s264" source="wordnet-hungarian">
         <wf lemma="Az" pos="X">Az</wf>
         <wf lemma="athéni" pos="X">athéni</wf>
         <wf lemma="agora" pos="X">agora</wf>
         <wf lemma="feladatát" pos="X">feladatát</wf>
         <wf lemma="a" pos="X">a</wf>
         <instance id="d000.s264.t000" lemma="világháló" pos="NOUN">világháló</instance>
         <wf lemma="fogja" pos="X">fogja</wf>
         <wf lemma="majd" pos="X">majd</wf>
         <wf lemma="betölteni" pos="X">betölteni</wf>
         <wf lemma="." pos="X">.</wf>
      </sentence>
      <sentence id="d000.s265" source="wordnet-hungarian">
         <wf lemma="A" pos="X">A</wf>
         <instance id="d000.s265.t000" lemma="kivégzés" pos="NOUN">kivégzéseket</instance>
         <wf lemma="a" pos="X">a</wf>
         <wf lemma="párt" pos="X">párt</wf>
         <wf lemma="vezetők" pos="X">vezetők</wf>
         <wf lemma="tudtával" pos="X">tudtával</wf>
         <wf lemma="hajtották" pos="X">hajtották</wf>
         <wf lemma="végre" pos="X">végre</wf>
         <wf lemma="." pos="X">.</wf>
      </sentence>
      <sentence id="d000.s266" source="wordnet-hungarian">
         <wf lemma="A" pos="X">A</wf>
         <wf lemma="férfi" pos="X">férfi</wf>
         <wf lemma="mindig" pos="X">mindig</wf>
         <instance id="d000.s266.t000" lemma="talál" pos="VERB">talál</instance>
         <wf lemma="időt" pos="X">időt</wf>
         <wf lemma="a" pos="X">a</wf>
         <wf lemma="teniszre" pos="X">teniszre</wf>
         <wf lemma="." pos="X">.</wf>
      </sentence>
      <sentence id="d000.s267" source="wordnet-hungarian">
         <wf lemma="Nagy" pos="X">Nagy</wf>
         <instance id="d000.s267.t000" lemma="bizalmatlanság" pos="NOUN">bizalmatlanságra</instance>
         <wf lemma="vall" pos="X">vall</wf>
         <wf lemma="," pos="X">,</wf>
         <wf lemma="hogy" pos="X">hogy</wf>
         <wf lemma="feltetted" pos="X">feltetted</wf>
         <wf lemma="neki" pos="X">neki</wf>
         <wf lemma="azt" pos="X">azt</wf>
         <wf lemma="a" pos="X">a</wf>
         <wf lemma="kérdést" pos="X">kérdést</wf>
         <wf lemma="." pos="X">.</wf>
      </sentence>
      <sentence id="d000.s268" source="wordnet-hungarian">
         <wf lemma="A" pos="X">A</wf>
         <wf lemma="fa" pos="X">fa</wf>
         <instance id="d000.s268.t000" lemma="korona" pos="NOUN">koronájában</instance>
         <wf lemma="madarak" pos="X">madarak</wf>
         <wf lemma="fészkeltek" pos="X">fészkeltek</wf>
         <wf lemma="." pos="X">.</wf>
      </sentence>
      <sentence id="d000.s269" source="wordnet-hungarian">
         <wf lemma="Most" pos="X">Most</wf>
         <wf lemma="más" pos="X">más</wf>
         <wf lemma="szavakkal" pos="X">szavakkal</wf>
         <wf lemma="is" pos="X">is</wf>
         <wf lemma="mondd" pos="X">mondd</wf>
         <wf lemma="el" pos="X">el</wf>
         <wf lemma="ugyanezt" pos="X">ugyanezt</wf>
         <wf lemma="a" pos="X">a</wf>
         <instance id="d000.s269.t000" lemma="dolog" pos="NOUN">dolgot</instance>
         <wf lemma="!" pos="X">!</wf>
      </sentence>
      <sentence id="d000.s270" source="wordnet-hungarian">
         <wf lemma="Agassi" pos="X">Agassi</wf>
         <wf lemma="nem" pos="X">nem</wf>
         <wf lemma="tudta" pos="X">tudta</wf>
         <wf lemma="viszonozni" pos="X">viszonozni</wf>
         <wf lemma="Becker" pos="X">Becker</wf>
         <wf lemma="sorozatos" pos="X">sorozatos</wf>
         <instance id="d000.s270.t000" lemma="ász" pos="NOUN">ászait</instance>
         <wf lemma="." pos="X">.</wf>
      </sentence>
      <sentence id="d000.s271" source="wordnet-hungarian">
         <wf lemma="Sikerült" pos="X">Sikerült</wf>
         <wf lemma="a" pos="X">a</wf>
         <wf lemma="Vali" pos="X">Vali</wf>
         <wf lemma="eltűnése" pos="X">eltűnése</wf>
         <wf lemma="körüli" pos="X">körüli</wf>
         <wf lemma="rejtélyt" pos="X">rejtélyt</wf>
         <instance id="d000.s271.t000" lemma="tisztáz" pos="VERB">tisztázni</instance>
         <wf lemma="." pos="X">.</wf>
      </sentence>
      <sentence id="d000.s272" source="wordnet-hungarian">
         <wf lemma="Az" pos="X">Az</wf>
         <wf lemma="aknákban" pos="X">aknákban</wf>
         <wf lemma="grafitot" pos="X">grafitot</wf>
         <wf lemma="és" pos="X">és</wf>
         <instance id="d000.s272.t000" lemma="antracit" pos="NOUN">antracitot</instance>
         <wf lemma="láttam" pos="X">láttam</wf>
         <wf lemma="." pos="X">.</wf>
      </sentence>
      <sentence id="d000.s273" source="wordnet-hungarian">
         <wf lemma="Egy" pos="X">Egy</wf>
         <wf lemma="hónap" pos="X">hónap</wf>
         <instance id="d000.s273.t000" lemma="környék" pos="NOUN">környékén</instance>
         <wf lemma="lesz" pos="X">lesz</wf>
         <wf lemma="mire" pos="X">mire</wf>
         <wf lemma="elkészülünk" pos="X">elkészülünk</wf>
         <wf lemma="ezzel" pos="X">ezzel</wf>
         <wf lemma="a" pos="X">a</wf>
         <wf lemma="projekttel" pos="X">projekttel</wf>
         <wf lemma="." pos="X">.</wf>
      </sentence>
      <sentence id="d000.s274" source="wordnet-hungarian">
         <wf lemma="A" pos="X">A</wf>
         <wf lemma="Földünkön" pos="X">Földünkön</wf>
         <wf lemma="ma" pos="X">ma</wf>
         <wf lemma="élő" pos="X">élő</wf>
         <wf lemma="," pos="X">,</wf>
         <wf lemma="nagyjában" pos="X">nagyjában</wf>
         <wf lemma="1000" pos="X">1000</wf>
         <instance id="d000.s274.t000" lemma="nyitvatermő" pos="NOUN">nyitvatermő</instance>
         <wf lemma="közül" pos="X">közül</wf>
         <wf lemma="mintegy" pos="X">mintegy</wf>
         <wf lemma="700" pos="X">700</wf>
         <wf lemma="tartozik" pos="X">tartozik</wf>
         <wf lemma="a" pos="X">a</wf>
         <wf lemma="toboztermő" pos="X">toboztermő</wf>
         <wf lemma="fenyők" pos="X">fenyők</wf>
         <wf lemma="osztályába" pos="X">osztályába</wf>
         <wf lemma="." pos="X">.</wf>
      </sentence>
      <sentence id="d000.s275" source="wordnet-hungarian">
         <wf lemma="A" pos="X">A</wf>
         <wf lemma="pozíciónak" pos="X">pozíciónak</wf>
         <wf lemma="való" pos="X">való</wf>
         <instance id="d000.s275.t000" lemma="megfelelés" pos="NOUN">megfelelés</instance>
         <wf lemma="vágya" pos="X">vágya</wf>
         <wf lemma="hajtotta" pos="X">hajtotta</wf>
         <wf lemma="." pos="X">.</wf>
      </sentence>
      <sentence id="d000.s276" source="wordnet-hungarian">
         <wf lemma="A" pos="X">A</wf>
         <instance id="d000.s276.t000" lemma="csoport" pos="NOUN">csoport</instance>
         <wf lemma="minden" pos="X">minden</wf>
         <wf lemma="tagja" pos="X">tagja</wf>
         <wf lemma="hasonló" pos="X">hasonló</wf>
         <wf lemma="adottságokkal" pos="X">adottságokkal</wf>
         <wf lemma="rendelkezik" pos="X">rendelkezik</wf>
         <wf lemma="." pos="X">.</wf>
      </sentence>
      <sentence id="d000.s277" source="wordnet-hungarian">
         <wf lemma="A" pos="X">A</wf>
         <instance id="d000.s277.t000" lemma="szüzesség" pos="NOUN">szüzesség</instance>
         <wf lemma="egyre" pos="X">egyre</wf>
         <wf lemma="kevésbé" pos="X">kevésbé</wf>
         <wf lemma="számít" pos="X">számít</wf>
         <wf lemma="értéknek" pos="X">értéknek</wf>
         <wf lemma="." pos="X">.</wf>
      </sentence>
      <sentence id="d000.s278" source="wordnet-hungarian">
         <wf lemma="Két" pos="X">Két</wf>
         <wf lemma="emelés" pos="X">emelés</wf>
         <wf lemma="után" pos="X">után</wf>
         <instance id="d000.s278.t000" lemma="hívás" pos="NOUN">hívás</instance>
         <wf lemma="következett" pos="X">következett</wf>
         <wf lemma="." pos="X">.</wf>
      </sentence>
      <sentence id="d000.s279" source="wordnet-hungarian">
         <wf lemma="Az" pos="X">Az</wf>
         <instance id="d000.s279.t000" lemma="evolúció" pos="NOUN">evolúció</instance>
         <wf lemma="elmélete" pos="X">elmélete</wf>
         <wf lemma="a" pos="X">a</wf>
         <wf lemma="modern" pos="X">modern</wf>
         <wf lemma="biológia" pos="X">biológia</wf>
         <wf lemma="egyik" pos="X">egyik</wf>
         <wf lemma="alapköve" pos="X">alapköve</wf>
         <wf lemma="." pos="X">.</wf>
      </sentence>
      <sentence id="d000.s280" source="wordnet-hungarian">
         <wf lemma="A" pos="X">A</wf>
         <wf lemma="broméliák" pos="X">broméliák</wf>
         <wf lemma="trópusi" pos="X">trópusi</wf>
         <instance id="d000.s280.t000" lemma="epifita" pos="NOUN">epifiták</instance>
         <wf lemma="." pos="X">.</wf>
      </sentence>
      <sentence id="d000.s281" source="wordnet-hungarian">
         <wf lemma="Két" pos="X">Két</wf>
         <wf lemma="nagyobb" pos="X">nagyobb</wf>
         <wf lemma="feladat" pos="X">feladat</wf>
         <wf lemma="között" pos="X">között</wf>
         <wf lemma="mindig" pos="X">mindig</wf>
         <wf lemma="volt" pos="X">volt</wf>
         <instance id="d000.s281.t000" lemma="átmenet" pos="NOUN">átmenetnek</instance>
         <wf lemma="egy-két" pos="X">egy-két</wf>
         <wf lemma="kisebb" pos="X">kisebb</wf>
         <wf lemma="munka" pos="X">munka</wf>
         <wf lemma="." pos="X">.</wf>
      </sentence>
      <sentence id="d000.s282" source="wordnet-hungarian">
         <wf lemma="A" pos="X">A</wf>
         <instance id="d000.s282.t000" lemma="csőd" pos="NOUN">csőd</instance>
         <wf lemma="szélén" pos="X">szélén</wf>
         <wf lemma="áll" pos="X">áll</wf>
         <wf lemma="a" pos="X">a</wf>
         <wf lemma="cég." pos="X">cég.</wf>
      </sentence>
      <sentence id="d000.s283" source="wordnet-hungarian">
         <wf lemma="A" pos="X">A</wf>
         <wf lemma="négy" pos="X">négy</wf>
         <wf lemma="testvér" pos="X">testvér</wf>
         <wf lemma="négy" pos="X">négy</wf>
         <wf lemma="fő" pos="X">fő</wf>
         <instance id="d000.s283.t000" lemma="égtáj" pos="NOUN">égtáj</instance>
         <wf lemma="felé" pos="X">felé</wf>
         <wf lemma="indult" pos="X">indult</wf>
         <wf lemma="." pos="X">.</wf>
      </sentence>
      <sentence id="d000.s284" source="wordnet-hungarian">
         <wf lemma="Péter" pos="X">Péter</wf>
         <wf lemma="jobban" pos="X">jobban</wf>
         <wf lemma="kedveli" pos="X">kedveli</wf>
         <wf lemma="azokat" pos="X">azokat</wf>
         <wf lemma="a" pos="X">a</wf>
         <instance id="d000.s284.t000" lemma="hamburger" pos="NOUN">hamburgereket</instance>
         <wf lemma="," pos="X">,</wf>
         <wf lemma="amiket" pos="X">amiket</wf>
         <wf lemma="hamburgeres" pos="X">hamburgeres</wf>
         <wf lemma="bódéban" pos="X">bódéban</wf>
         <wf lemma="lehet" pos="X">lehet</wf>
         <wf lemma="venni" pos="X">venni</wf>
         <wf lemma="és" pos="X">és</wf>
         <wf lemma="nem" pos="X">nem</wf>
         <wf lemma="a" pos="X">a</wf>
         <wf lemma="McDonald&amp;;s-ban" pos="X">McDonald&amp;;s-ban</wf>
         <wf lemma="." pos="X">.</wf>
      </sentence>
      <sentence id="d000.s285" source="wordnet-hungarian">
         <wf lemma="Korábbi" pos="X">Korábbi</wf>
         <instance id="d000.s285.t000" lemma="nagylelkűség" pos="NOUN">nagylelkűségét</instance>
         <wf lemma="a" pos="X">a</wf>
         <wf lemma="király" pos="X">király</wf>
         <wf lemma="busásan" pos="X">busásan</wf>
         <wf lemma="megjutalmazta" pos="X">megjutalmazta</wf>
         <wf lemma="." pos="X">.</wf>
      </sentence>
      <sentence id="d000.s286" source="wordnet-hungarian">
         <wf lemma="A" pos="X">A</wf>
         <instance id="d000.s286.t000" lemma="professzor" pos="NOUN">professzor</instance>
         <wf lemma="előadásáról" pos="X">előadásáról</wf>
         <wf lemma="nem" pos="X">nem</wf>
         <wf lemma="szabad" pos="X">szabad</wf>
         <wf lemma="elkésni" pos="X">elkésni</wf>
         <wf lemma="." pos="X">.</wf>
      </sentence>
      <sentence id="d000.s287" source="wordnet-hungarian">
         <wf lemma="A" pos="X">A</wf>
         <instance id="d000.s287.t000" lemma="tartalék" pos="NOUN">tartalékot</instance>
         <wf lemma="becsüld" pos="X">becsüld</wf>
         <wf lemma="meg" pos="X">meg</wf>
         <wf lemma="és" pos="X">és</wf>
         <wf lemma="vigyázz" pos="X">vigyázz</wf>
         <wf lemma="rá" pos="X">rá</wf>
         <wf lemma="," pos="X">,</wf>
         <wf lemma="mert" pos="X">mert</wf>
         <wf lemma="még" pos="X">még</wf>
         <wf lemma="nagy" pos="X">nagy</wf>
         <wf lemma="szükséged" pos="X">szükséged</wf>
         <wf lemma="lehet" pos="X">lehet</wf>
         <wf lemma="rá." pos="X">rá.</wf>
      </sentence>
      <sentence id="d000.s288" source="wordnet-hungarian">
         <wf lemma="A" pos="X">A</wf>
         <instance id="d000.s288.t000" lemma="kocsis" pos="NOUN">kocsis</instance>
         <wf lemma="megigazította" pos="X">megigazította</wf>
         <wf lemma="a" pos="X">a</wf>
         <wf lemma="szerszámot" pos="X">szerszámot</wf>
         <wf lemma="a" pos="X">a</wf>
         <wf lemma="lovakon" pos="X">lovakon</wf>
         <wf lemma="és" pos="X">és</wf>
         <wf lemma="ellenőrizte" pos="X">ellenőrizte</wf>
         <wf lemma="a" pos="X">a</wf>
         <wf lemma="rakományt" pos="X">rakományt</wf>
         <wf lemma="." pos="X">.</wf>
      </sentence>
      <sentence id="d000.s289" source="wordnet-hungarian">
         <wf lemma="Te" pos="X">Te</wf>
         <wf lemma="aztán" pos="X">aztán</wf>
         <wf lemma="tudsz" pos="X">tudsz</wf>
         <instance id="d000.s289.t000" lemma="él" pos="VERB">élni</instance>
         <wf lemma="!" pos="X">!</wf>
      </sentence>
      <sentence id="d000.s290" source="wordnet-hungarian">
         <wf lemma="A" pos="X">A</wf>
         <wf lemma="fáklyával" pos="X">fáklyával</wf>
         <instance id="d000.s290.t000" lemma="libasor" pos="NOUN">libasorban</instance>
         <wf lemma="haladó" pos="X">haladó</wf>
         <wf lemma="hallgatók" pos="X">hallgatók</wf>
         <wf lemma="kígyóvonalat" pos="X">kígyóvonalat</wf>
         <wf lemma="formálva" pos="X">formálva</wf>
         <wf lemma="az" pos="X">az</wf>
         <wf lemma="utca" pos="X">utca</wf>
         <wf lemma="egyik" pos="X">egyik</wf>
         <wf lemma="széléről" pos="X">széléről</wf>
         <wf lemma="a" pos="X">a</wf>
         <wf lemma="másikra" pos="X">másikra</wf>
         <wf lemma="kanyarognak" pos="X">kanyarognak</wf>
         <wf lemma="át" pos="X">át</wf>
         <wf lemma="." pos="X">.</wf>
      </sentence>
      <sentence id="d000.s291" source="wordnet-hungarian">
         <wf lemma="Minden" pos="X">Minden</wf>
         <wf lemma="héten" pos="X">héten</wf>
         <wf lemma="virágot" pos="X">virágot</wf>
         <wf lemma="visz" pos="X">visz</wf>
         <wf lemma="anyja" pos="X">anyja</wf>
         <instance id="d000.s291.t000" lemma="sír" pos="NOUN">sírjára</instance>
         <wf lemma="." pos="X">.</wf>
      </sentence>
      <sentence id="d000.s292" source="wordnet-hungarian">
         <wf lemma="Minden" pos="X">Minden</wf>
         <wf lemma="művésznek" pos="X">művésznek</wf>
         <wf lemma="szüksége" pos="X">szüksége</wf>
         <wf lemma="van" pos="X">van</wf>
         <instance id="d000.s292.t000" lemma="közönség" pos="NOUN">közönségre</instance>
         <wf lemma="." pos="X">.</wf>
      </sentence>
      <sentence id="d000.s293" source="wordnet-hungarian">
         <wf lemma="Itthagyta" pos="X">Itthagyta</wf>
         <wf lemma="az" pos="X">az</wf>
         <wf lemma="iratait" pos="X">iratait</wf>
         <instance id="d000.s293.t000" lemma="biztosíték" pos="NOUN">biztosítéknak</instance>
         <wf lemma="." pos="X">.</wf>
      </sentence>
      <sentence id="d000.s294" source="wordnet-hungarian">
         <wf lemma="A" pos="X">A</wf>
         <instance id="d000.s294.t000" lemma="fogyatékos" pos="NOUN">fogyatékosok</instance>
         <wf lemma="számára" pos="X">számára</wf>
         <wf lemma="gyógypedagógust" pos="X">gyógypedagógust</wf>
         <wf lemma="alkalmaz" pos="X">alkalmaz</wf>
         <wf lemma="az" pos="X">az</wf>
         <wf lemma="iskola" pos="X">iskola</wf>
         <wf lemma="." pos="X">.</wf>
      </sentence>
      <sentence id="d000.s295" source="wordnet-hungarian">
         <wf lemma="A" pos="X">A</wf>
         <wf lemma="születésnapodon" pos="X">születésnapodon</wf>
         <wf lemma="majd" pos="X">majd</wf>
         <wf lemma="több" pos="X">több</wf>
         <instance id="d000.s295.t000" lemma="édesség" pos="NOUN">édességet</instance>
         <wf lemma="ehetsz" pos="X">ehetsz</wf>
         <wf lemma="!" pos="X">!</wf>
      </sentence>
      <sentence id="d000.s296" source="wordnet-hungarian">
         <wf lemma="A" pos="X">A</wf>
         <wf lemma="francia" pos="X">francia</wf>
         <wf lemma="légitársaság" pos="X">légitársaság</wf>
         <wf lemma="vezetője" pos="X">vezetője</wf>
         <wf lemma="szerint" pos="X">szerint</wf>
         <wf lemma="a" pos="X">a</wf>
         <wf lemma="repülőgép" pos="X">repülőgép</wf>
         <instance id="d000.s296.t000" lemma="legénység" pos="NOUN">legénysége</instance>
         <wf lemma="jól" pos="X">jól</wf>
         <wf lemma="teljesített" pos="X">teljesített</wf>
         <wf lemma="," pos="X">,</wf>
         <wf lemma="amikor" pos="X">amikor</wf>
         <wf lemma="kimenekítette" pos="X">kimenekítette</wf>
         <wf lemma="a" pos="X">a</wf>
         <wf lemma="csaknem" pos="X">csaknem</wf>
         <wf lemma="háromszáz" pos="X">háromszáz</wf>
         <wf lemma="utast" pos="X">utast</wf>
         <wf lemma="." pos="X">.</wf>
      </sentence>
      <sentence id="d000.s297" source="wordnet-hungarian">
         <wf lemma="Az" pos="X">Az</wf>
         <wf lemma="emberrablás" pos="X">emberrablás</wf>
         <wf lemma="ellen" pos="X">ellen</wf>
         <wf lemma="is" pos="X">is</wf>
         <wf lemma="született" pos="X">született</wf>
         <wf lemma="már" pos="X">már</wf>
         <instance id="d000.s297.t000" lemma="törvény" pos="NOUN">törvény</instance>
         <wf lemma="." pos="X">.</wf>
      </sentence>
      <sentence id="d000.s298" source="wordnet-hungarian">
         <wf lemma="Reprodukálták" pos="X">Reprodukálták</wf>
         <wf lemma="a" pos="X">a</wf>
         <wf lemma="kettős" pos="X">kettős</wf>
         <instance id="d000.s298.t000" lemma="nap" pos="NOUN">nap</instance>
         <wf lemma="okozta" pos="X">okozta</wf>
         <wf lemma="sugárzásviszonyokat" pos="X">sugárzásviszonyokat</wf>
         <wf lemma="a" pos="X">a</wf>
         <wf lemma="látható" pos="X">látható</wf>
         <wf lemma="fény" pos="X">fény</wf>
         <wf lemma="hullámtartományán" pos="X">hullámtartományán</wf>
         <wf lemma="innen" pos="X">innen</wf>
         <wf lemma="és" pos="X">és</wf>
         <wf lemma="túl" pos="X">túl</wf>
         <wf lemma="." pos="X">.</wf>
      </sentence>
      <sentence id="d000.s299" source="wordnet-hungarian">
         <wf lemma="A" pos="X">A</wf>
         <wf lemma="sok" pos="X">sok</wf>
         <wf lemma="kényes" pos="X">kényes</wf>
         <wf lemma="hibriddel" pos="X">hibriddel</wf>
         <wf lemma="szemben" pos="X">szemben</wf>
         <wf lemma="mindent" pos="X">mindent</wf>
         <wf lemma="kibír" pos="X">kibír</wf>
         <wf lemma="a" pos="X">a</wf>
         <wf lemma="fehér" pos="X">fehér</wf>
         <wf lemma="virágú" pos="X">virágú</wf>
         <wf lemma="kínai" pos="X">kínai</wf>
         <instance id="d000.s299.t000" lemma="iszalag" pos="NOUN">iszalag</instance>
         <wf lemma="." pos="X">.</wf>
      </sentence>
      <sentence id="d000.s300" source="wordnet-hungarian">
         <wf lemma="A" pos="X">A</wf>
         <wf lemma="személyi" pos="X">személyi</wf>
         <instance id="d000.s300.t000" lemma="jövedelemadó" pos="NOUN">jövedelemadó</instance>
         <wf lemma="1%-áról" pos="X">1%-áról</wf>
         <wf lemma="az" pos="X">az</wf>
         <wf lemma="adózó" pos="X">adózó</wf>
         <wf lemma="szabadon" pos="X">szabadon</wf>
         <wf lemma="rendelkezhet" pos="X">rendelkezhet</wf>
         <wf lemma="." pos="X">.</wf>
      </sentence>
      <sentence id="d000.s301" source="wordnet-hungarian">
         <wf lemma="Félelmére" pos="X">Félelmére</wf>
         <wf lemma="remegése" pos="X">remegése</wf>
         <wf lemma="volt" pos="X">volt</wf>
         <wf lemma="a" pos="X">a</wf>
         <instance id="d000.s301.t000" lemma="bizonyíték" pos="NOUN">bizonyíték</instance>
         <wf lemma="." pos="X">.</wf>
      </sentence>
      <sentence id="d000.s302" source="wordnet-hungarian">
         <wf lemma="Salétromsav" pos="X">Salétromsav</wf>
         <wf lemma="és" pos="X">és</wf>
         <wf lemma="mész" pos="X">mész</wf>
         <instance id="d000.s302.t000" lemma="termék" pos="NOUN">terméke</instance>
         <wf lemma="ez" pos="X">ez</wf>
         <wf lemma="az" pos="X">az</wf>
         <wf lemma="elegy" pos="X">elegy</wf>
         <wf lemma="." pos="X">.</wf>
      </sentence>
      <sentence id="d000.s303" source="wordnet-hungarian">
         <wf lemma="A" pos="X">A</wf>
         <instance id="d000.s303.t000" lemma="salvadori" pos="NOUN">salvadoriak</instance>
         <wf lemma="alaptápláléka" pos="X">alaptápláléka</wf>
         <wf lemma="általában" pos="X">általában</wf>
         <wf lemma="a" pos="X">a</wf>
         <wf lemma="casamiento" pos="X">casamiento</wf>
         <wf lemma="," pos="X">,</wf>
         <wf lemma="ami" pos="X">ami</wf>
         <wf lemma="rizs" pos="X">rizs</wf>
         <wf lemma="és" pos="X">és</wf>
         <wf lemma="bab" pos="X">bab</wf>
         <wf lemma="keveréke" pos="X">keveréke</wf>
         <wf lemma="." pos="X">.</wf>
      </sentence>
      <sentence id="d000.s304" source="wordnet-hungarian">
         <wf lemma="A" pos="X">A</wf>
         <wf lemma="diákok" pos="X">diákok</wf>
         <wf lemma="döbbenten" pos="X">döbbenten</wf>
         <instance id="d000.s304.t000" lemma="bámul" pos="VERB">bámulták</instance>
         <wf lemma="a" pos="X">a</wf>
         <wf lemma="tanárt" pos="X">tanárt</wf>
         <wf lemma="." pos="X">.</wf>
      </sentence>
      <sentence id="d000.s305" source="wordnet-hungarian">
         <wf lemma="A" pos="X">A</wf>
         <wf lemma="vízi" pos="X">vízi</wf>
         <wf lemma="erszényes" pos="X">erszényes</wf>
         <wf lemma="patkányt" pos="X">patkányt</wf>
         <wf lemma="az" pos="X">az</wf>
         <wf lemma="angolok" pos="X">angolok</wf>
         <wf lemma="vízi" pos="X">vízi</wf>
         <wf lemma="oposszumnak" pos="X">oposszumnak</wf>
         <wf lemma="," pos="X">,</wf>
         <wf lemma="a" pos="X">a</wf>
         <instance id="d000.s305.t000" lemma="dél-amerikai" pos="NOUN">dél-amerikaiak</instance>
         <wf lemma="pedig" pos="X">pedig</wf>
         <wf lemma="yapónak" pos="X">yapónak</wf>
         <wf lemma="," pos="X">,</wf>
         <wf lemma="rőt" pos="X">rőt</wf>
         <wf lemma="farkasnak" pos="X">farkasnak</wf>
         <wf lemma="," pos="X">,</wf>
         <wf lemma="vagy" pos="X">vagy</wf>
         <wf lemma="vízi" pos="X">vízi</wf>
         <wf lemma="macskának" pos="X">macskának</wf>
         <wf lemma="nevezik" pos="X">nevezik</wf>
         <wf lemma="." pos="X">.</wf>
      </sentence>
      <sentence id="d000.s306" source="wordnet-hungarian">
         <wf lemma="Munkássága" pos="X">Munkássága</wf>
         <wf lemma="során" pos="X">során</wf>
         <wf lemma="sok" pos="X">sok</wf>
         <wf lemma="fiatal" pos="X">fiatal</wf>
         <instance id="d000.s306.t000" lemma="gyógyszerész" pos="NOUN">gyógyszerészt</instance>
         <wf lemma="és" pos="X">és</wf>
         <wf lemma="asszisztenst" pos="X">asszisztenst</wf>
         <wf lemma="tanított" pos="X">tanított</wf>
         <wf lemma="magas" pos="X">magas</wf>
         <wf lemma="fokon" pos="X">fokon</wf>
         <wf lemma="kémiai" pos="X">kémiai</wf>
         <wf lemma="ismeretre" pos="X">ismeretre</wf>
         <wf lemma="." pos="X">.</wf>
      </sentence>
      <sentence id="d000.s307" source="wordnet-hungarian">
         <wf lemma="A" pos="X">A</wf>
         <wf lemma="partizánakciók" pos="X">partizánakciók</wf>
         <instance id="d000.s307.t000" lemma="megtorlás" pos="NOUN">megtorlása</instance>
         <wf lemma="rendkívül" pos="X">rendkívül</wf>
         <wf lemma="kegyetlen" pos="X">kegyetlen</wf>
         <wf lemma="volt" pos="X">volt</wf>
         <wf lemma="." pos="X">.</wf>
      </sentence>
      <sentence id="d000.s308" source="wordnet-hungarian">
         <wf lemma="A" pos="X">A</wf>
         <instance id="d000.s308.t000" lemma="golffelszerelés" pos="NOUN">golffelszerelés</instance>
         <wf lemma="nálunk" pos="X">nálunk</wf>
         <wf lemma="nagyon" pos="X">nagyon</wf>
         <wf lemma="drága" pos="X">drága</wf>
         <wf lemma="." pos="X">.</wf>
      </sentence>
      <sentence id="d000.s309" source="wordnet-hungarian">
         <wf lemma="Az" pos="X">Az</wf>
         <instance id="d000.s309.t000" lemma="íbisz" pos="NOUN">íbiszről</instance>
         <wf lemma="," pos="X">,</wf>
         <wf lemma="az" pos="X">az</wf>
         <wf lemma="egyiptomiak" pos="X">egyiptomiak</wf>
         <wf lemma="szent" pos="X">szent</wf>
         <wf lemma="madaráról" pos="X">madaráról</wf>
         <wf lemma="kapta" pos="X">kapta</wf>
         <wf lemma="a" pos="X">a</wf>
         <wf lemma="kiadó" pos="X">kiadó</wf>
         <wf lemma="a" pos="X">a</wf>
         <wf lemma="nevét" pos="X">nevét</wf>
         <wf lemma="." pos="X">.</wf>
      </sentence>
      <sentence id="d000.s310" source="wordnet-hungarian">
         <wf lemma="Habsburgok" pos="X">Habsburgok</wf>
         <wf lemma="elleni" pos="X">elleni</wf>
         <instance id="d000.s310.t000" lemma="felkelés" pos="NOUN">felkelés</instance>
         <wf lemma="." pos="X">.</wf>
      </sentence>
      <sentence id="d000.s311" source="wordnet-hungarian">
         <wf lemma="Az" pos="X">Az</wf>
         <instance id="d000.s311.t000" lemma="ösztöndíj" pos="NOUN">ösztöndíjat</instance>
         <wf lemma="még" pos="X">még</wf>
         <wf lemma="nem" pos="X">nem</wf>
         <wf lemma="utalták" pos="X">utalták</wf>
         <wf lemma="át" pos="X">át</wf>
         <wf lemma="ebben" pos="X">ebben</wf>
         <wf lemma="a" pos="X">a</wf>
         <wf lemma="hónapban" pos="X">hónapban</wf>
         <wf lemma="." pos="X">.</wf>
      </sentence>
      <sentence id="d000.s312" source="wordnet-hungarian">
         <wf lemma="Egészben" pos="X">Egészben</wf>
         <wf lemma="sütéssel" pos="X">sütéssel</wf>
         <wf lemma="készül" pos="X">készül</wf>
         <wf lemma="az" pos="X">az</wf>
         <wf lemma="Angol" pos="X">Angol</wf>
         <instance id="d000.s312.t000" lemma="bélszín" pos="NOUN">bélszín</instance>
         <wf lemma="és" pos="X">és</wf>
         <wf lemma="a" pos="X">a</wf>
         <wf lemma="Tűzdelt" pos="X">Tűzdelt</wf>
         <wf lemma="bélszín" pos="X">bélszín</wf>
         <wf lemma="." pos="X">.</wf>
      </sentence>
      <sentence id="d000.s313" source="wordnet-hungarian">
         <wf lemma="Sikerült" pos="X">Sikerült</wf>
         <wf lemma="megállapodásra" pos="X">megállapodásra</wf>
         <instance id="d000.s313.t000" lemma="jut" pos="VERB">jutnunk</instance>
         <wf lemma="." pos="X">.</wf>
      </sentence>
      <sentence id="d000.s314" source="wordnet-hungarian">
         <wf lemma="Normális" pos="X">Normális</wf>
         <wf lemma="állapotban" pos="X">állapotban</wf>
         <wf lemma="egy" pos="X">egy</wf>
         <wf lemma="felnőtt" pos="X">felnőtt</wf>
         <wf lemma="szervezetében" pos="X">szervezetében</wf>
         <wf lemma="mintegy" pos="X">mintegy</wf>
         <wf lemma="15-20" pos="X">15-20</wf>
         <wf lemma="mg" pos="X">mg</wf>
         <instance id="d000.s314.t000" lemma="jód" pos="NOUN">jód</instance>
         <wf lemma="található" pos="X">található</wf>
         <wf lemma="." pos="X">.</wf>
      </sentence>
      <sentence id="d000.s315" source="wordnet-hungarian">
         <wf lemma="Bár" pos="X">Bár</wf>
         <wf lemma="a" pos="X">a</wf>
         <instance id="d000.s315.t000" lemma="rizottó" pos="NOUN">rizottó</instance>
         <wf lemma="nálunk" pos="X">nálunk</wf>
         <wf lemma="talán" pos="X">talán</wf>
         <wf lemma="még" pos="X">még</wf>
         <wf lemma="nem" pos="X">nem</wf>
         <wf lemma="olyan" pos="X">olyan</wf>
         <wf lemma="elterjedt" pos="X">elterjedt</wf>
         <wf lemma="," pos="X">,</wf>
         <wf lemma="most" pos="X">most</wf>
         <wf lemma="bebizonyítjuk" pos="X">bebizonyítjuk</wf>
         <wf lemma="," pos="X">,</wf>
         <wf lemma="hogy" pos="X">hogy</wf>
         <wf lemma="a" pos="X">a</wf>
         <wf lemma="bácskai" pos="X">bácskai</wf>
         <wf lemma="rizses" pos="X">rizses</wf>
         <wf lemma="húson" pos="X">húson</wf>
         <wf lemma="is" pos="X">is</wf>
         <wf lemma="túl" pos="X">túl</wf>
         <wf lemma="lehet" pos="X">lehet</wf>
         <wf lemma="lépni" pos="X">lépni</wf>
         <wf lemma="." pos="X">.</wf>
      </sentence>
      <sentence id="d000.s316" source="wordnet-hungarian">
         <wf lemma="A" pos="X">A</wf>
         <wf lemma="kútból" pos="X">kútból</wf>
         <instance id="d000.s316.t000" lemma="szélkerék" pos="NOUN">szélkerékkel</instance>
         <wf lemma="húzták" pos="X">húzták</wf>
         <wf lemma="a" pos="X">a</wf>
         <wf lemma="vizet" pos="X">vizet</wf>
         <wf lemma="." pos="X">.</wf>
      </sentence>
      <sentence id="d000.s317" source="wordnet-hungarian">
         <wf lemma="Délutánra" pos="X">Délutánra</wf>
         <wf lemma="bejelentkeztem" pos="X">bejelentkeztem</wf>
         <wf lemma="a" pos="X">a</wf>
         <instance id="d000.s317.t000" lemma="fogorvos" pos="NOUN">fogorvoshoz</instance>
         <wf lemma="." pos="X">.</wf>
      </sentence>
      <sentence id="d000.s318" source="wordnet-hungarian">
         <wf lemma="A" pos="X">A</wf>
         <instance id="d000.s318.t000" lemma="kapitalizmus" pos="NOUN">kapitalizmust</instance>
         <wf lemma="sokan" pos="X">sokan</wf>
         <wf lemma="a" pos="X">a</wf>
         <wf lemma="piacgazdaság" pos="X">piacgazdaság</wf>
         <wf lemma="szinonimájaként" pos="X">szinonimájaként</wf>
         <wf lemma="használják" pos="X">használják</wf>
         <wf lemma="." pos="X">.</wf>
      </sentence>
      <sentence id="d000.s319" source="wordnet-hungarian">
         <wf lemma="A" pos="X">A</wf>
         <wf lemma="mosóporok" pos="X">mosóporok</wf>
         <wf lemma="két" pos="X">két</wf>
         <wf lemma="fő" pos="X">fő</wf>
         <instance id="d000.s319.t000" lemma="osztály" pos="NOUN">osztálya</instance>
         <wf lemma="ismert" pos="X">ismert</wf>
         <wf lemma="." pos="X">.</wf>
      </sentence>
      <sentence id="d000.s320" source="wordnet-hungarian">
         <wf lemma="Szereti" pos="X">Szereti</wf>
         <wf lemma="kontyban" pos="X">kontyban</wf>
         <instance id="d000.s320.t000" lemma="hord" pos="VERB">hordani</instance>
         <wf lemma="a" pos="X">a</wf>
         <wf lemma="haját" pos="X">haját</wf>
         <wf lemma="." pos="X">.</wf>
      </sentence>
      <sentence id="d000.s321" source="wordnet-hungarian">
         <wf lemma="Az" pos="X">Az</wf>
         <wf lemma="asztalra" pos="X">asztalra</wf>
         <wf lemma="rakta" pos="X">rakta</wf>
         <wf lemma="az" pos="X">az</wf>
         <instance id="d000.s321.t000" lemma="emlékeztető" pos="NOUN">emlékeztetőt</instance>
         <wf lemma="az" pos="X">az</wf>
         <wf lemma="aznapi" pos="X">aznapi</wf>
         <wf lemma="tennivalókról" pos="X">tennivalókról</wf>
         <wf lemma="." pos="X">.</wf>
      </sentence>
      <sentence id="d000.s322" source="wordnet-hungarian">
         <wf lemma="A" pos="X">A</wf>
         <instance id="d000.s322.t000" lemma="nagymama" pos="NOUN">nagymamám</instance>
         <wf lemma="finom" pos="X">finom</wf>
         <wf lemma="süteményeket" pos="X">süteményeket</wf>
         <wf lemma="süt" pos="X">süt</wf>
         <wf lemma="." pos="X">.</wf>
      </sentence>
      <sentence id="d000.s323" source="wordnet-hungarian">
         <wf lemma="Az" pos="X">Az</wf>
         <wf lemma="erdei" pos="X">erdei</wf>
         <wf lemma="séta" pos="X">séta</wf>
         <wf lemma="után" pos="X">után</wf>
         <wf lemma="öt" pos="X">öt</wf>
         <instance id="d000.s323.t000" lemma="kullancs" pos="NOUN">kullancsot</instance>
         <wf lemma="talált" pos="X">talált</wf>
         <wf lemma="a" pos="X">a</wf>
         <wf lemma="bokájánál" pos="X">bokájánál</wf>
         <wf lemma="." pos="X">.</wf>
      </sentence>
      <sentence id="d000.s324" source="wordnet-hungarian">
         <wf lemma="Mari" pos="X">Mari</wf>
         <wf lemma="szorgosan" pos="X">szorgosan</wf>
         <instance id="d000.s324.t000" lemma="aprít" pos="VERB">aprítja</instance>
         <wf lemma="a" pos="X">a</wf>
         <wf lemma="salátát" pos="X">salátát</wf>
         <wf lemma="." pos="X">.</wf>
      </sentence>
      <sentence id="d000.s325" source="wordnet-hungarian">
         <wf lemma="Az" pos="X">Az</wf>
         <instance id="d000.s325.t000" lemma="apa" pos="NOUN">apja</instance>
         <wf lemma="nem" pos="X">nem</wf>
         <wf lemma="éppen" pos="X">éppen</wf>
         <wf lemma="egy" pos="X">egy</wf>
         <wf lemma="mintaszülő" pos="X">mintaszülő</wf>
         <wf lemma="." pos="X">.</wf>
      </sentence>
      <sentence id="d000.s326" source="wordnet-hungarian">
         <wf lemma="Marius" pos="X">Marius</wf>
         <wf lemma="i.e" pos="X">i.e</wf>
         <wf lemma="." pos="X">.</wf>
         <wf lemma="102-ben" pos="X">102-ben</wf>
         <wf lemma="térdre" pos="X">térdre</wf>
         <wf lemma="kényszerítette" pos="X">kényszerítette</wf>
         <wf lemma="a" pos="X">a</wf>
         <instance id="d000.s326.t000" lemma="teuton" pos="NOUN">teutonokat</instance>
         <wf lemma="," pos="X">,</wf>
         <wf lemma="majd" pos="X">majd</wf>
         <wf lemma="101-ben" pos="X">101-ben</wf>
         <wf lemma="Vercellae" pos="X">Vercellae</wf>
         <wf lemma="mellett" pos="X">mellett</wf>
         <wf lemma="legyőzte" pos="X">legyőzte</wf>
         <wf lemma="a" pos="X">a</wf>
         <wf lemma="kimber" pos="X">kimber</wf>
         <wf lemma="sereget" pos="X">sereget</wf>
         <wf lemma="." pos="X">.</wf>
      </sentence>
      <sentence id="d000.s327" source="wordnet-hungarian">
         <wf lemma="A" pos="X">A</wf>
         <instance id="d000.s327.t000" lemma="lovasnő" pos="NOUN">lovasnő</instance>
         <wf lemma="csöndesen" pos="X">csöndesen</wf>
         <wf lemma="ügetett" pos="X">ügetett</wf>
         <wf lemma="a" pos="X">a</wf>
         <wf lemma="töltés" pos="X">töltés</wf>
         <wf lemma="tetején" pos="X">tetején</wf>
         <wf lemma="," pos="X">,</wf>
         <wf lemma="majd" pos="X">majd</wf>
         <wf lemma="vad" pos="X">vad</wf>
         <wf lemma="vágtába" pos="X">vágtába</wf>
         <wf lemma="csapott" pos="X">csapott</wf>
         <wf lemma="." pos="X">.</wf>
      </sentence>
      <sentence id="d000.s328" source="wordnet-hungarian">
         <wf lemma="A" pos="X">A</wf>
         <instance id="d000.s328.t000" lemma="parlament" pos="NOUN">parlament</instance>
         <wf lemma="munkájának" pos="X">munkájának</wf>
         <wf lemma="meghatározó" pos="X">meghatározó</wf>
         <wf lemma="tényezője" pos="X">tényezője</wf>
         <wf lemma="az" pos="X">az</wf>
         <wf lemma="ENSZ" pos="X">ENSZ</wf>
         <wf lemma="gyermeki" pos="X">gyermeki</wf>
         <wf lemma="jogok" pos="X">jogok</wf>
         <wf lemma="nyilatkozata" pos="X">nyilatkozata</wf>
         <wf lemma="." pos="X">.</wf>
      </sentence>
      <sentence id="d000.s329" source="wordnet-hungarian">
         <wf lemma="A" pos="X">A</wf>
         <wf lemma="tomista" pos="X">tomista</wf>
         <instance id="d000.s329.t000" lemma="lételmélet" pos="NOUN">lételméletben</instance>
         <wf lemma="nem" pos="X">nem</wf>
         <wf lemma="létezhet" pos="X">létezhet</wf>
         <wf lemma="másféle" pos="X">másféle</wf>
         <wf lemma="igazság" pos="X">igazság</wf>
         <wf lemma="az" pos="X">az</wf>
         <wf lemma="oszthatatlanon" pos="X">oszthatatlanon</wf>
         <wf lemma="kívül" pos="X">kívül</wf>
         <wf lemma="." pos="X">.</wf>
      </sentence>
      <sentence id="d000.s330" source="wordnet-hungarian">
         <wf lemma="Úgy" pos="X">Úgy</wf>
         <instance id="d000.s330.t000" lemma="vél" pos="VERB">vélte</instance>
         <wf lemma="," pos="X">,</wf>
         <wf lemma="hogy" pos="X">hogy</wf>
         <wf lemma="van" pos="X">van</wf>
         <wf lemma="három" pos="X">három</wf>
         <wf lemma="napra" pos="X">napra</wf>
         <wf lemma="elég" pos="X">elég</wf>
         <wf lemma="élelmük" pos="X">élelmük</wf>
         <wf lemma="." pos="X">.</wf>
      </sentence>
      <sentence id="d000.s331" source="wordnet-hungarian">
         <wf lemma="Átadták" pos="X">Átadták</wf>
         <wf lemma="a" pos="X">a</wf>
         <instance id="d000.s331.t000" lemma="segély" pos="NOUN">segélyeket</instance>
         <wf lemma="a" pos="X">a</wf>
         <wf lemma="rászorulóknak" pos="X">rászorulóknak</wf>
         <wf lemma="." pos="X">.</wf>
      </sentence>
      <sentence id="d000.s332" source="wordnet-hungarian">
         <wf lemma="A" pos="X">A</wf>
         <instance id="d000.s332.t000" lemma="város" pos="NOUN">város</instance>
         <wf lemma="idegenforgalmi" pos="X">idegenforgalmi</wf>
         <wf lemma="adót" pos="X">adót</wf>
         <wf lemma="vetett" pos="X">vetett</wf>
         <wf lemma="ki" pos="X">ki</wf>
         <wf lemma="a" pos="X">a</wf>
         <wf lemma="nyaralókra" pos="X">nyaralókra</wf>
         <wf lemma="." pos="X">.</wf>
      </sentence>
      <sentence id="d000.s333" source="wordnet-hungarian">
         <wf lemma="A" pos="X">A</wf>
         <wf lemma="kelet-európaiak" pos="X">kelet-európaiak</wf>
         <wf lemma="," pos="X">,</wf>
         <instance id="d000.s333.t000" lemma="nigériai" pos="NOUN">nigériaiak</instance>
         <wf lemma="és" pos="X">és</wf>
         <wf lemma="jamaikaiak" pos="X">jamaikaiak</wf>
         <wf lemma="bevándorlása" pos="X">bevándorlása</wf>
         <wf lemma="a" pos="X">a</wf>
         <wf lemma="bűnözés" pos="X">bűnözés</wf>
         <wf lemma="teljesen" pos="X">teljesen</wf>
         <wf lemma="új" pos="X">új</wf>
         <wf lemma="fajtáit" pos="X">fajtáit</wf>
         <wf lemma="hozta" pos="X">hozta</wf>
         <wf lemma="be" pos="X">be</wf>
         <wf lemma="Nagy-Britanniába" pos="X">Nagy-Britanniába</wf>
         <wf lemma="." pos="X">.</wf>
      </sentence>
      <sentence id="d000.s334" source="wordnet-hungarian">
         <instance id="d000.s334.t000" lemma="tapasztalatlanság" pos="NOUN">Tapasztalatlansága</instance>
         <wf lemma="miatt" pos="X">miatt</wf>
         <wf lemma="vesztette" pos="X">vesztette</wf>
         <wf lemma="el" pos="X">el</wf>
         <wf lemma="a" pos="X">a</wf>
         <wf lemma="döntő" pos="X">döntő</wf>
         <wf lemma="mérkőzést" pos="X">mérkőzést</wf>
         <wf lemma="." pos="X">.</wf>
      </sentence>
      <sentence id="d000.s335" source="wordnet-hungarian">
         <wf lemma="A" pos="X">A</wf>
         <wf lemma="két" pos="X">két</wf>
         <wf lemma="uralkodó" pos="X">uralkodó</wf>
         <wf lemma="-" pos="X">-</wf>
         <wf lemma="megállapodásukat" pos="X">megállapodásukat</wf>
         <wf lemma="megpecsételvén" pos="X">megpecsételvén</wf>
         <wf lemma="-" pos="X">-</wf>
         <wf lemma="a" pos="X">a</wf>
         <wf lemma="helyi" pos="X">helyi</wf>
         <wf lemma="nyelveken" pos="X">nyelveken</wf>
         <wf lemma="vésetett" pos="X">vésetett</wf>
         <instance id="d000.s335.t000" lemma="felirat" pos="NOUN">feliratot</instance>
         <wf lemma="az" pos="X">az</wf>
         <wf lemma="oszlopra" pos="X">oszlopra</wf>
         <wf lemma="." pos="X">.</wf>
      </sentence>
      <sentence id="d000.s336" source="wordnet-hungarian">
         <wf lemma="A" pos="X">A</wf>
         <wf lemma="program" pos="X">program</wf>
         <wf lemma="meghatározza" pos="X">meghatározza</wf>
         <wf lemma="a" pos="X">a</wf>
         <wf lemma="Nap" pos="X">Nap</wf>
         <wf lemma="és" pos="X">és</wf>
         <wf lemma="a" pos="X">a</wf>
         <wf lemma="Hold" pos="X">Hold</wf>
         <wf lemma="keltét" pos="X">keltét</wf>
         <wf lemma="és" pos="X">és</wf>
         <instance id="d000.s336.t000" lemma="nyugta" pos="NOUN">nyugtát</instance>
         <wf lemma="a" pos="X">a</wf>
         <wf lemma="Föld" pos="X">Föld</wf>
         <wf lemma="bármely" pos="X">bármely</wf>
         <wf lemma="pontján" pos="X">pontján</wf>
         <wf lemma="," pos="X">,</wf>
         <wf lemma="tetszőleges" pos="X">tetszőleges</wf>
         <wf lemma="napon" pos="X">napon</wf>
         <wf lemma="." pos="X">.</wf>
      </sentence>
      <sentence id="d000.s337" source="wordnet-hungarian">
         <wf lemma="Az" pos="X">Az</wf>
         <instance id="d000.s337.t000" lemma="egyetem" pos="NOUN">egyetem</instance>
         <wf lemma="felvételi" pos="X">felvételi</wf>
         <wf lemma="követelményeit" pos="X">követelményeit</wf>
         <wf lemma="saját" pos="X">saját</wf>
         <wf lemma="maga" pos="X">maga</wf>
         <wf lemma="szbhatja" pos="X">szbhatja</wf>
         <wf lemma="meg" pos="X">meg</wf>
         <wf lemma="." pos="X">.</wf>
      </sentence>
      <sentence id="d000.s338" source="wordnet-hungarian">
         <wf lemma="A" pos="X">A</wf>
         <instance id="d000.s338.t000" lemma="tábornagy" pos="NOUN">tábornagy</instance>
         <wf lemma="seregszemlét" pos="X">seregszemlét</wf>
         <wf lemma="tartott" pos="X">tartott</wf>
         <wf lemma="." pos="X">.</wf>
      </sentence>
      <sentence id="d000.s339" source="wordnet-hungarian">
         <wf lemma="A" pos="X">A</wf>
         <wf lemma="felvásárlók" pos="X">felvásárlók</wf>
         <wf lemma="rendszeresen" pos="X">rendszeresen</wf>
         <wf lemma="eltüntetik" pos="X">eltüntetik</wf>
         <wf lemma="a" pos="X">a</wf>
         <wf lemma="céget" pos="X">céget</wf>
         <wf lemma="és" pos="X">és</wf>
         <wf lemma="a" pos="X">a</wf>
         <instance id="d000.s339.t000" lemma="felszámoló" pos="NOUN">felszámolókat</instance>
         <wf lemma="mindig" pos="X">mindig</wf>
         <wf lemma="a" pos="X">a</wf>
         <wf lemma="bennfentes" pos="X">bennfentes</wf>
         <wf lemma="bírák" pos="X">bírák</wf>
         <wf lemma="jelölik" pos="X">jelölik</wf>
         <wf lemma="ki" pos="X">ki</wf>
         <wf lemma="." pos="X">.</wf>
      </sentence>
      <sentence id="d000.s340" source="wordnet-hungarian">
         <wf lemma="Az" pos="X">Az</wf>
         <wf lemma="őszibarackhoz" pos="X">őszibarackhoz</wf>
         <wf lemma="hasonlóan" pos="X">hasonlóan</wf>
         <wf lemma="a" pos="X">a</wf>
         <instance id="d000.s340.t000" lemma="nektarin" pos="NOUN">nektarin</instance>
         <wf lemma="is" pos="X">is</wf>
         <wf lemma="Kínából" pos="X">Kínából</wf>
         <wf lemma="származik" pos="X">származik</wf>
         <wf lemma="." pos="X">.</wf>
      </sentence>
      <sentence id="d000.s341" source="wordnet-hungarian">
         <wf lemma="Egy" pos="X">Egy</wf>
         <instance id="d000.s341.t000" lemma="csapos" pos="NOUN">csapost</instance>
         <wf lemma="fogadtunkaz" pos="X">fogadtunkaz</wf>
         <wf lemma="alkalomra" pos="X">alkalomra</wf>
         <wf lemma="," pos="X">,</wf>
         <wf lemma="hogy" pos="X">hogy</wf>
         <wf lemma="ne" pos="X">ne</wf>
         <wf lemma="legyen" pos="X">legyen</wf>
         <wf lemma="előre" pos="X">előre</wf>
         <wf lemma="kirakva" pos="X">kirakva</wf>
         <wf lemma="a" pos="X">a</wf>
         <wf lemma="sör" pos="X">sör</wf>
         <wf lemma="az" pos="X">az</wf>
         <wf lemma="asztalra" pos="X">asztalra</wf>
         <wf lemma="." pos="X">.</wf>
      </sentence>
      <sentence id="d000.s342" source="wordnet-hungarian">
         <wf lemma="A" pos="X">A</wf>
         <wf lemma="kanyaró" pos="X">kanyaró</wf>
         <wf lemma="egyik" pos="X">egyik</wf>
         <instance id="d000.s342.t000" lemma="jel" pos="NOUN">jele</instance>
         <wf lemma="," pos="X">,</wf>
         <wf lemma="hogy" pos="X">hogy</wf>
         <wf lemma="piros" pos="X">piros</wf>
         <wf lemma="kiütések" pos="X">kiütések</wf>
         <wf lemma="jelennek" pos="X">jelennek</wf>
         <wf lemma="meg" pos="X">meg</wf>
         <wf lemma="a" pos="X">a</wf>
         <wf lemma="testen" pos="X">testen</wf>
         <wf lemma="." pos="X">.</wf>
      </sentence>
      <sentence id="d000.s343" source="wordnet-hungarian">
         <wf lemma="Először" pos="X">Először</wf>
         <instance id="d000.s343.t000" lemma="mérgezés" pos="NOUN">mérgezéssel</instance>
         <wf lemma="," pos="X">,</wf>
         <wf lemma="majd" pos="X">majd</wf>
         <wf lemma="álcázott" pos="X">álcázott</wf>
         <wf lemma="balesettel" pos="X">balesettel</wf>
         <wf lemma="akarta" pos="X">akarta</wf>
         <wf lemma="eltenni" pos="X">eltenni</wf>
         <wf lemma="láb" pos="X">láb</wf>
         <wf lemma="alól" pos="X">alól</wf>
         <wf lemma="." pos="X">.</wf>
      </sentence>
      <sentence id="d000.s344" source="wordnet-hungarian">
         <wf lemma="A" pos="X">A</wf>
         <instance id="d000.s344.t000" lemma="színész" pos="NOUN">színészek</instance>
         <wf lemma="megünnepelték" pos="X">megünnepelték</wf>
         <wf lemma="az" pos="X">az</wf>
         <wf lemma="előadás" pos="X">előadás</wf>
         <wf lemma="sikerét" pos="X">sikerét</wf>
         <wf lemma="." pos="X">.</wf>
      </sentence>
      <sentence id="d000.s345" source="wordnet-hungarian">
         <wf lemma="Zrínyi" pos="X">Zrínyi</wf>
         <wf lemma="1542" pos="X">1542</wf>
         <wf lemma="és" pos="X">és</wf>
         <wf lemma="1557" pos="X">1557</wf>
         <wf lemma="között" pos="X">között</wf>
         <wf lemma="horvát" pos="X">horvát</wf>
         <wf lemma="bánként" pos="X">bánként</wf>
         <wf lemma="igyekezett" pos="X">igyekezett</wf>
         <wf lemma="feltartóztatni" pos="X">feltartóztatni</wf>
         <wf lemma="az" pos="X">az</wf>
         <wf lemma="ország" pos="X">ország</wf>
         <wf lemma="és" pos="X">és</wf>
         <wf lemma="saját" pos="X">saját</wf>
         <wf lemma="birtokai" pos="X">birtokai</wf>
         <wf lemma="ellen" pos="X">ellen</wf>
         <wf lemma="törő" pos="X">törő</wf>
         <instance id="d000.s345.t000" lemma="hódító" pos="NOUN">hódítókat</instance>
         <wf lemma="." pos="X">.</wf>
      </sentence>
      <sentence id="d000.s346" source="wordnet-hungarian">
         <wf lemma="Minden" pos="X">Minden</wf>
         <wf lemma="hónapban" pos="X">hónapban</wf>
         <wf lemma="olvasd" pos="X">olvasd</wf>
         <wf lemma="le" pos="X">le</wf>
         <wf lemma="a" pos="X">a</wf>
         <wf lemma="gázóra" pos="X">gázóra</wf>
         <instance id="d000.s346.t000" lemma="állás" pos="NOUN">állását</instance>
         <wf lemma="!" pos="X">!</wf>
      </sentence>
      <sentence id="d000.s347" source="wordnet-hungarian">
         <wf lemma="Énekelve" pos="X">Énekelve</wf>
         <instance id="d000.s347.t000" lemma="jön" pos="VERB">jött</instance>
         <wf lemma="az" pos="X">az</wf>
         <wf lemma="úton" pos="X">úton</wf>
         <wf lemma="." pos="X">.</wf>
      </sentence>
      <sentence id="d000.s348" source="wordnet-hungarian">
         <instance id="d000.s348.t000" lemma="német" pos="NOUN">Németet</instance>
         <wf lemma="sokan" pos="X">sokan</wf>
         <wf lemma="tanulnak" pos="X">tanulnak</wf>
         <wf lemma="még" pos="X">még</wf>
         <wf lemma="Európában" pos="X">Európában</wf>
         <wf lemma="." pos="X">.</wf>
      </sentence>
      <sentence id="d000.s349" source="wordnet-hungarian">
         <wf lemma="Mivel" pos="X">Mivel</wf>
         <wf lemma="évekig" pos="X">évekig</wf>
         <wf lemma="börtönben" pos="X">börtönben</wf>
         <wf lemma="volt" pos="X">volt</wf>
         <wf lemma="," pos="X">,</wf>
         <wf lemma="csak" pos="X">csak</wf>
         <instance id="d000.s349.t000" lemma="levelezés" pos="NOUN">levelezés</instance>
         <wf lemma="útján" pos="X">útján</wf>
         <wf lemma="tudtak" pos="X">tudtak</wf>
         <wf lemma="érintkezni" pos="X">érintkezni</wf>
         <wf lemma="." pos="X">.</wf>
      </sentence>
      <sentence id="d000.s350" source="wordnet-hungarian">
         <wf lemma="Természetesen" pos="X">Természetesen</wf>
         <wf lemma="a" pos="X">a</wf>
         <instance id="d000.s350.t000" lemma="törvénykönyv" pos="NOUN">törvénykönyvből</instance>
         <wf lemma="is" pos="X">is</wf>
         <wf lemma="kellett" pos="X">kellett</wf>
         <wf lemma="vizsgázniuk" pos="X">vizsgázniuk</wf>
         <wf lemma="." pos="X">.</wf>
      </sentence>
      <sentence id="d000.s351" source="wordnet-hungarian">
         <wf lemma="Több" pos="X">Több</wf>
         <wf lemma="tucat" pos="X">tucat</wf>
         <wf lemma="potenciális" pos="X">potenciális</wf>
         <instance id="d000.s351.t000" lemma="bajkeverő" pos="NOUN">bajkeverőt</instance>
         <wf lemma="vontak" pos="X">vontak</wf>
         <wf lemma="ki" pos="X">ki</wf>
         <wf lemma="a" pos="X">a</wf>
         <wf lemma="forgalomból" pos="X">forgalomból</wf>
         <wf lemma="a" pos="X">a</wf>
         <wf lemma="szerda" pos="X">szerda</wf>
         <wf lemma="esti" pos="X">esti</wf>
         <wf lemma="mérkőzés" pos="X">mérkőzés</wf>
         <wf lemma="előtt" pos="X">előtt</wf>
         <wf lemma="." pos="X">.</wf>
      </sentence>
      <sentence id="d000.s352" source="wordnet-hungarian">
         <wf lemma="Ha" pos="X">Ha</wf>
         <wf lemma="jobbra" pos="X">jobbra</wf>
         <wf lemma="kinéznek" pos="X">kinéznek</wf>
         <wf lemma="az" pos="X">az</wf>
         <instance id="d000.s352.t000" lemma="ablak" pos="NOUN">ablakon</instance>
         <wf lemma="," pos="X">,</wf>
         <wf lemma="láthatják" pos="X">láthatják</wf>
         <wf lemma="a" pos="X">a</wf>
         <wf lemma="Parlament" pos="X">Parlament</wf>
         <wf lemma="épületét" pos="X">épületét</wf>
         <wf lemma="." pos="X">.</wf>
      </sentence>
      <sentence id="d000.s353" source="wordnet-hungarian">
         <wf lemma="Négysávos" pos="X">Négysávos</wf>
         <instance id="d000.s353.t000" lemma="viadukt" pos="NOUN">viaduktot</instance>
         <wf lemma="építenek" pos="X">építenek</wf>
         <wf lemma="a" pos="X">a</wf>
         <wf lemma="város" pos="X">város</wf>
         <wf lemma="mellett" pos="X">mellett</wf>
         <wf lemma="az" pos="X">az</wf>
         <wf lemma="átmenőforgalom" pos="X">átmenőforgalom</wf>
         <wf lemma="megkönyítésére" pos="X">megkönyítésére</wf>
         <wf lemma="." pos="X">.</wf>
      </sentence>
      <sentence id="d000.s354" source="wordnet-hungarian">
         <wf lemma="A" pos="X">A</wf>
         <instance id="d000.s354.t000" lemma="beszéd" pos="NOUN">beszéd</instance>
         <wf lemma="," pos="X">,</wf>
         <wf lemma="a" pos="X">a</wf>
         <wf lemma="beszélt" pos="X">beszélt</wf>
         <wf lemma="nyelv" pos="X">nyelv</wf>
         <wf lemma="érzékelésének" pos="X">érzékelésének</wf>
         <wf lemma="módja" pos="X">módja</wf>
         <wf lemma="technikailag" pos="X">technikailag</wf>
         <wf lemma="fejlődni" pos="X">fejlődni</wf>
         <wf lemma="fog" pos="X">fog</wf>
         <wf lemma="." pos="X">.</wf>
      </sentence>
      <sentence id="d000.s355" source="wordnet-hungarian">
         <wf lemma="Az" pos="X">Az</wf>
         <wf lemma="igazgató" pos="X">igazgató</wf>
         <wf lemma="nagy" pos="X">nagy</wf>
         <instance id="d000.s355.t000" lemma="személyzet" pos="NOUN">személyzettel</instance>
         <wf lemma="dolgozik" pos="X">dolgozik</wf>
         <wf lemma="." pos="X">.</wf>
      </sentence>
      <sentence id="d000.s356" source="wordnet-hungarian">
         <wf lemma="A" pos="X">A</wf>
         <wf lemma="szökőár" pos="X">szökőár</wf>
         <wf lemma="nem" pos="X">nem</wf>
         <wf lemma="válogatott" pos="X">válogatott</wf>
         <wf lemma="a" pos="X">a</wf>
         <wf lemma="szeparatisták" pos="X">szeparatisták</wf>
         <wf lemma="és" pos="X">és</wf>
         <wf lemma="a" pos="X">a</wf>
         <wf lemma="kormányerők" pos="X">kormányerők</wf>
         <wf lemma="állásai" pos="X">állásai</wf>
         <wf lemma="között" pos="X">között</wf>
         <wf lemma="," pos="X">,</wf>
         <wf lemma="a" pos="X">a</wf>
         <instance id="d000.s356.t000" lemma="szumátrai" pos="NOUN">szumátraiak</instance>
         <wf lemma="és" pos="X">és</wf>
         <wf lemma="a" pos="X">a</wf>
         <wf lemma="jávaiak" pos="X">jávaiak</wf>
         <wf lemma="házát" pos="X">házát</wf>
         <wf lemma="egyaránt" pos="X">egyaránt</wf>
         <wf lemma="elvitte" pos="X">elvitte</wf>
         <wf lemma="." pos="X">.</wf>
      </sentence>
      <sentence id="d000.s357" source="wordnet-hungarian">
         <wf lemma="A" pos="X">A</wf>
         <instance id="d000.s357.t000" lemma="softball" pos="NOUN">softballt</instance>
         <wf lemma="még" pos="X">még</wf>
         <wf lemma="kevesen" pos="X">kevesen</wf>
         <wf lemma="játszák" pos="X">játszák</wf>
         <wf lemma="felénk" pos="X">felénk</wf>
         <wf lemma="." pos="X">.</wf>
      </sentence>
      <sentence id="d000.s358" source="wordnet-hungarian">
         <wf lemma="A" pos="X">A</wf>
         <wf lemma="kaszkadőr" pos="X">kaszkadőr</wf>
         <instance id="d000.s358.t000" lemma="végrehajt" pos="VERB">végrehajtott</instance>
         <wf lemma="egy" pos="X">egy</wf>
         <wf lemma="veszélyes" pos="X">veszélyes</wf>
         <wf lemma="mutatványt" pos="X">mutatványt</wf>
         <wf lemma="." pos="X">.</wf>
      </sentence>
      <sentence id="d000.s359" source="wordnet-hungarian">
         <wf lemma="Ennek" pos="X">Ennek</wf>
         <wf lemma="a" pos="X">a</wf>
         <wf lemma="feladatnak" pos="X">feladatnak</wf>
         <wf lemma="a" pos="X">a</wf>
         <instance id="d000.s359.t000" lemma="végrehajtás" pos="NOUN">végrehajtásához</instance>
         <wf lemma="több" pos="X">több</wf>
         <wf lemma="segítségre" pos="X">segítségre</wf>
         <wf lemma="lesz" pos="X">lesz</wf>
         <wf lemma="szükségünk" pos="X">szükségünk</wf>
         <wf lemma="." pos="X">.</wf>
      </sentence>
      <sentence id="d000.s360" source="wordnet-hungarian">
         <wf lemma="A" pos="X">A</wf>
         <wf lemma="folyók" pos="X">folyók</wf>
         <wf lemma="száz" pos="X">száz</wf>
         <wf lemma="méterre" pos="X">méterre</wf>
         <wf lemma="innen" pos="X">innen</wf>
         <instance id="d000.s360.t000" lemma="találkozik" pos="VERB">találkoznak</instance>
         <wf lemma="." pos="X">.</wf>
      </sentence>
      <sentence id="d000.s361" source="wordnet-hungarian">
         <wf lemma="Az" pos="X">Az</wf>
         <instance id="d000.s361.t000" lemma="egzisztencialista" pos="NOUN">egzisztencialisták</instance>
         <wf lemma="közül" pos="X">közül</wf>
         <wf lemma="Camus" pos="X">Camus</wf>
         <wf lemma="műveit" pos="X">műveit</wf>
         <wf lemma="kedvelte" pos="X">kedvelte</wf>
         <wf lemma="legjobban" pos="X">legjobban</wf>
         <wf lemma="." pos="X">.</wf>
      </sentence>
      <sentence id="d000.s362" source="wordnet-hungarian">
         <wf lemma="Lassú" pos="X">Lassú</wf>
         <wf lemma="bevezetéssel" pos="X">bevezetéssel</wf>
         <wf lemma="a" pos="X">a</wf>
         <wf lemma="negyvenedik" pos="X">negyvenedik</wf>
         <instance id="d000.s362.t000" lemma="szimfónia" pos="NOUN">szimfóniában</instance>
         <wf lemma="nem" pos="X">nem</wf>
         <wf lemma="találkozhatunk" pos="X">találkozhatunk</wf>
         <wf lemma="." pos="X">.</wf>
      </sentence>
      <sentence id="d000.s363" source="wordnet-hungarian">
         <wf lemma="Nem" pos="X">Nem</wf>
         <wf lemma="felejtette" pos="X">felejtette</wf>
         <wf lemma="el" pos="X">el</wf>
         <wf lemma="az" pos="X">az</wf>
         <instance id="d000.s363.t000" lemma="évforduló" pos="NOUN">évfordulójukat</instance>
         <wf lemma="." pos="X">.</wf>
      </sentence>
      <sentence id="d000.s364" source="wordnet-hungarian">
         <wf lemma="A" pos="X">A</wf>
         <instance id="d000.s364.t000" lemma="frekvencia" pos="NOUN">frekvenciát</instance>
         <wf lemma="meghatározó" pos="X">meghatározó</wf>
         <wf lemma="áramköri" pos="X">áramköri</wf>
         <wf lemma="elem" pos="X">elem</wf>
         <wf lemma="egy" pos="X">egy</wf>
         <wf lemma="hídkapcsoláson" pos="X">hídkapcsoláson</wf>
         <wf lemma="keresztül" pos="X">keresztül</wf>
         <wf lemma="jelátvivő" pos="X">jelátvivő</wf>
         <wf lemma="zárt" pos="X">zárt</wf>
         <wf lemma="gyűrűhöz" pos="X">gyűrűhöz</wf>
         <wf lemma="csatlakozik" pos="X">csatlakozik</wf>
         <wf lemma="." pos="X">.</wf>
      </sentence>
      <sentence id="d000.s365" source="wordnet-hungarian">
         <wf lemma="Mennyi" pos="X">Mennyi</wf>
         <wf lemma="utat" pos="X">utat</wf>
         <wf lemma="tesz" pos="X">tesz</wf>
         <wf lemma="meg" pos="X">meg</wf>
         <wf lemma="adott" pos="X">adott</wf>
         <instance id="d000.s365.t000" lemma="időegység" pos="NOUN">időegység</instance>
         <wf lemma="alatt" pos="X">alatt</wf>
         <wf lemma="?" pos="X">?</wf>
      </sentence>
      <sentence id="d000.s366" source="wordnet-hungarian">
         <wf lemma="Ki" pos="X">Ki</wf>
         <wf lemma="nem" pos="X">nem</wf>
         <wf lemma="állhatta" pos="X">állhatta</wf>
         <wf lemma="a" pos="X">a</wf>
         <instance id="d000.s366.t000" lemma="csiklandozás" pos="NOUN">csiklandozást</instance>
         <wf lemma="." pos="X">.</wf>
      </sentence>
      <sentence id="d000.s367" source="wordnet-hungarian">
         <wf lemma="A" pos="X">A</wf>
         <instance id="d000.s367.t000" lemma="gáz" pos="NOUN">gáz</instance>
         <wf lemma="az" pos="X">az</wf>
         <wf lemma="egész" pos="X">egész</wf>
         <wf lemma="szobában" pos="X">szobában</wf>
         <wf lemma="szétterjedt" pos="X">szétterjedt</wf>
         <wf lemma="." pos="X">.</wf>
      </sentence>
      <sentence id="d000.s368" source="wordnet-hungarian">
         <wf lemma="Mindig" pos="X">Mindig</wf>
         <wf lemma="kijavítják" pos="X">kijavítják</wf>
         <wf lemma="a" pos="X">a</wf>
         <instance id="d000.s368.t000" lemma="kiejtés" pos="NOUN">kiejtésemet</instance>
         <wf lemma="." pos="X">.</wf>
      </sentence>
      <sentence id="d000.s369" source="wordnet-hungarian">
         <wf lemma="Taníts" pos="X">Taníts</wf>
         <wf lemma="," pos="X">,</wf>
         <instance id="d000.s369.t000" lemma="mester" pos="NOUN">mester</instance>
         <wf lemma="!" pos="X">!</wf>
      </sentence>
      <sentence id="d000.s370" source="wordnet-hungarian">
         <wf lemma="A" pos="X">A</wf>
         <instance id="d000.s370.t000" lemma="hajógyár" pos="NOUN">hajógyár</instance>
         <wf lemma="épületei" pos="X">épületei</wf>
         <wf lemma="már" pos="X">már</wf>
         <wf lemma="látszottak" pos="X">látszottak</wf>
         <wf lemma="az" pos="X">az</wf>
         <wf lemma="öbölből" pos="X">öbölből</wf>
         <wf lemma="." pos="X">.</wf>
      </sentence>
      <sentence id="d000.s371" source="wordnet-hungarian">
         <wf lemma="A" pos="X">A</wf>
         <wf lemma="legtöbb" pos="X">legtöbb</wf>
         <wf lemma="magyar" pos="X">magyar</wf>
         <wf lemma="számára" pos="X">számára</wf>
         <wf lemma="az" pos="X">az</wf>
         <wf lemma="évi" pos="X">évi</wf>
         <wf lemma="két" pos="X">két</wf>
         <wf lemma="külföldi" pos="X">külföldi</wf>
         <wf lemma="nyaralás" pos="X">nyaralás</wf>
         <wf lemma="a" pos="X">a</wf>
         <instance id="d000.s371.t000" lemma="luxus" pos="NOUN">luxus</instance>
         <wf lemma="kategóriájába" pos="X">kategóriájába</wf>
         <wf lemma="tartozik" pos="X">tartozik</wf>
         <wf lemma="." pos="X">.</wf>
      </sentence>
      <sentence id="d000.s372" source="wordnet-hungarian">
         <wf lemma="A" pos="X">A</wf>
         <wf lemma="kakaó" pos="X">kakaó</wf>
         <wf lemma="aljára" pos="X">aljára</wf>
         <wf lemma="vastag" pos="X">vastag</wf>
         <instance id="d000.s372.t000" lemma="réteg" pos="NOUN">réteg</instance>
         <wf lemma="ülepedett" pos="X">ülepedett</wf>
         <wf lemma="le" pos="X">le</wf>
         <wf lemma="." pos="X">.</wf>
      </sentence>
      <sentence id="d000.s373" source="wordnet-hungarian">
         <wf lemma="A" pos="X">A</wf>
         <wf lemma="hegyes" pos="X">hegyes</wf>
         <instance id="d000.s373.t000" lemma="terület" pos="NOUN">területen</instance>
         <wf lemma="nehéz" pos="X">nehéz</wf>
         <wf lemma="volt" pos="X">volt</wf>
         <wf lemma="az" pos="X">az</wf>
         <wf lemma="előrehaladás" pos="X">előrehaladás</wf>
         <wf lemma="." pos="X">.</wf>
      </sentence>
      <sentence id="d000.s374" source="wordnet-hungarian">
         <wf lemma="Angliában" pos="X">Angliában</wf>
         <instance id="d000.s374.t000" lemma="ecet" pos="NOUN">ecettel</instance>
         <wf lemma="eszik" pos="X">eszik</wf>
         <wf lemma="a" pos="X">a</wf>
         <wf lemma="sültkrumplit" pos="X">sültkrumplit</wf>
         <wf lemma="." pos="X">.</wf>
      </sentence>
      <sentence id="d000.s375" source="wordnet-hungarian">
         <wf lemma="A" pos="X">A</wf>
         <wf lemma="nő" pos="X">nő</wf>
         <instance id="d000.s375.t000" lemma="megáll" pos="VERB">megállt</instance>
         <wf lemma="a" pos="X">a</wf>
         <wf lemma="butik" pos="X">butik</wf>
         <wf lemma="kirakata" pos="X">kirakata</wf>
         <wf lemma="előtt" pos="X">előtt</wf>
         <wf lemma="." pos="X">.</wf>
      </sentence>
      <sentence id="d000.s376" source="wordnet-hungarian">
         <wf lemma="A" pos="X">A</wf>
         <wf lemma="párnáján" pos="X">párnáján</wf>
         <wf lemma="talált" pos="X">talált</wf>
         <instance id="d000.s376.t000" lemma="fülbemászó" pos="NOUN">fülbemászótól</instance>
         <wf lemma="igencsak" pos="X">igencsak</wf>
         <wf lemma="megrémült" pos="X">megrémült</wf>
         <wf lemma="." pos="X">.</wf>
      </sentence>
      <sentence id="d000.s377" source="wordnet-hungarian">
         <instance id="d000.s377.t000" lemma="ezüst" pos="NOUN">Ezüst</instance>
         <wf lemma="ékszerek" pos="X">ékszerek</wf>
         <wf lemma="javítását" pos="X">javítását</wf>
         <wf lemma="vállalom" pos="X">vállalom</wf>
         <wf lemma="." pos="X">.</wf>
      </sentence>
      <sentence id="d000.s378" source="wordnet-hungarian">
         <wf lemma="A" pos="X">A</wf>
         <instance id="d000.s378.t000" lemma="mississippi" pos="NOUN">mississippiek</instance>
         <wf lemma="kormányzója" pos="X">kormányzója</wf>
         <wf lemma="Haley" pos="X">Haley</wf>
         <wf lemma="Barbour" pos="X">Barbour</wf>
         <wf lemma="republikánus" pos="X">republikánus</wf>
         <wf lemma="képviselő" pos="X">képviselő</wf>
         <wf lemma="." pos="X">.</wf>
      </sentence>
      <sentence id="d000.s379" source="wordnet-hungarian">
         <wf lemma="A" pos="X">A</wf>
         <wf lemma="folyamatban" pos="X">folyamatban</wf>
         <instance id="d000.s379.t000" lemma="törés" pos="NOUN">törés</instance>
         <wf lemma="állt" pos="X">állt</wf>
         <wf lemma="be" pos="X">be</wf>
         <wf lemma="." pos="X">.</wf>
      </sentence>
      <sentence id="d000.s380" source="wordnet-hungarian">
         <wf lemma="Egyre" pos="X">Egyre</wf>
         <instance id="d000.s380.t000" lemma="gyorsul" pos="VERB">gyorsul</instance>
         <wf lemma="a" pos="X">a</wf>
         <wf lemma="tempóm" pos="X">tempóm</wf>
         <wf lemma="." pos="X">.</wf>
      </sentence>
      <sentence id="d000.s381" source="wordnet-hungarian">
         <wf lemma="A" pos="X">A</wf>
         <instance id="d000.s381.t000" lemma="hivatalnok" pos="NOUN">hivatalnokok</instance>
         <wf lemma="szőrszálhasogatása" pos="X">szőrszálhasogatása</wf>
         <wf lemma="lassítja" pos="X">lassítja</wf>
         <wf lemma="az" pos="X">az</wf>
         <wf lemma="események" pos="X">események</wf>
         <wf lemma="menetét" pos="X">menetét</wf>
         <wf lemma="." pos="X">.</wf>
      </sentence>
      <sentence id="d000.s382" source="wordnet-hungarian">
         <wf lemma="A" pos="X">A</wf>
         <instance id="d000.s382.t000" lemma="hüvelyes" pos="NOUN">hüvelyesek</instance>
         <wf lemma="a" pos="X">a</wf>
         <wf lemma="legtöbb" pos="X">legtöbb</wf>
         <wf lemma="esetben" pos="X">esetben</wf>
         <wf lemma="a" pos="X">a</wf>
         <wf lemma="húsokkal" pos="X">húsokkal</wf>
         <wf lemma="azonos" pos="X">azonos</wf>
         <wf lemma="csoportba" pos="X">csoportba</wf>
         <wf lemma="kerültek" pos="X">kerültek</wf>
         <wf lemma="nagy" pos="X">nagy</wf>
         <wf lemma="fehérjetartalmuk" pos="X">fehérjetartalmuk</wf>
         <wf lemma="miatt" pos="X">miatt</wf>
         <wf lemma="." pos="X">.</wf>
      </sentence>
      <sentence id="d000.s383" source="wordnet-hungarian">
         <wf lemma="Marinak" pos="X">Marinak</wf>
         <wf lemma="lumbágója" pos="X">lumbágója</wf>
         <instance id="d000.s383.t000" lemma="van" pos="VERB">van</instance>
         <wf lemma="." pos="X">.</wf>
      </sentence>
      <sentence id="d000.s384" source="wordnet-hungarian">
         <wf lemma="A" pos="X">A</wf>
         <instance id="d000.s384.t000" lemma="porzószál" pos="NOUN">porzószál</instance>
         <wf lemma="a" pos="X">a</wf>
         <wf lemma="leggyakrabban" pos="X">leggyakrabban</wf>
         <wf lemma="vékony" pos="X">vékony</wf>
         <wf lemma="," pos="X">,</wf>
         <wf lemma="fonalas" pos="X">fonalas</wf>
         <wf lemma="." pos="X">.</wf>
      </sentence>
      <sentence id="d000.s385" source="wordnet-hungarian">
         <wf lemma="Szondy" pos="X">Szondy</wf>
         <wf lemma="," pos="X">,</wf>
         <wf lemma="mikor" pos="X">mikor</wf>
         <wf lemma="már" pos="X">már</wf>
         <wf lemma="látja" pos="X">látja</wf>
         <wf lemma="," pos="X">,</wf>
         <wf lemma="hogy" pos="X">hogy</wf>
         <wf lemma="védhetetlen" pos="X">védhetetlen</wf>
         <wf lemma="a" pos="X">a</wf>
         <wf lemma="vár" pos="X">vár</wf>
         <wf lemma="," pos="X">,</wf>
         <wf lemma="két" pos="X">két</wf>
         <wf lemma="kedvenc" pos="X">kedvenc</wf>
         <instance id="d000.s385.t000" lemma="apród" pos="NOUN">apródját</instance>
         <wf lemma="kiküldi" pos="X">kiküldi</wf>
         <wf lemma="Ali" pos="X">Ali</wf>
         <wf lemma="pasához" pos="X">pasához</wf>
         <wf lemma="." pos="X">.</wf>
      </sentence>
      <sentence id="d000.s386" source="wordnet-hungarian">
         <wf lemma="Úgy" pos="X">Úgy</wf>
         <instance id="d000.s386.t000" lemma="tűnik" pos="VERB">tűnik</instance>
         <wf lemma="Mari" pos="X">Mari</wf>
         <wf lemma="alszik" pos="X">alszik</wf>
         <wf lemma="." pos="X">.</wf>
      </sentence>
      <sentence id="d000.s387" source="wordnet-hungarian">
         <wf lemma="Nem" pos="X">Nem</wf>
         <wf lemma="a" pos="X">a</wf>
         <instance id="d000.s387.t000" lemma="markolat" pos="NOUN">markolatánál</instance>
         <wf lemma="ragadta" pos="X">ragadta</wf>
         <wf lemma="meg" pos="X">meg</wf>
         <wf lemma="a" pos="X">a</wf>
         <wf lemma="kardot" pos="X">kardot</wf>
         <wf lemma="," pos="X">,</wf>
         <wf lemma="így" pos="X">így</wf>
         <wf lemma="súlyosan" pos="X">súlyosan</wf>
         <wf lemma="megsérült" pos="X">megsérült</wf>
         <wf lemma="a" pos="X">a</wf>
         <wf lemma="keze" pos="X">keze</wf>
         <wf lemma="." pos="X">.</wf>
      </sentence>
      <sentence id="d000.s388" source="wordnet-hungarian">
         <wf lemma="A" pos="X">A</wf>
         <wf lemma="FADESA" pos="X">FADESA</wf>
         <wf lemma="átutalta" pos="X">átutalta</wf>
         <wf lemma="a" pos="X">a</wf>
         <wf lemma="11,3" pos="X">11,3</wf>
         <wf lemma="milliárd" pos="X">milliárd</wf>
         <wf lemma="forintos" pos="X">forintos</wf>
         <instance id="d000.s388.t000" lemma="vételár" pos="NOUN">vételárat</instance>
         <wf lemma="az" pos="X">az</wf>
         <wf lemma="észak-csepeli" pos="X">észak-csepeli</wf>
         <wf lemma="telkekért" pos="X">telkekért</wf>
         <wf lemma="." pos="X">.</wf>
      </sentence>
      <sentence id="d000.s389" source="wordnet-hungarian">
         <wf lemma="Budapest" pos="X">Budapest</wf>
         <instance id="d000.s389.t000" lemma="külváros" pos="NOUN">külvárosaiból</instance>
         <wf lemma="számos" pos="X">számos</wf>
         <wf lemma="ember" pos="X">ember</wf>
         <wf lemma="jár" pos="X">jár</wf>
         <wf lemma="be" pos="X">be</wf>
         <wf lemma="dolgozni" pos="X">dolgozni</wf>
         <wf lemma="a" pos="X">a</wf>
         <wf lemma="városközpontba" pos="X">városközpontba</wf>
         <wf lemma="." pos="X">.</wf>
      </sentence>
      <sentence id="d000.s390" source="wordnet-hungarian">
         <wf lemma="Folyamatosan" pos="X">Folyamatosan</wf>
         <wf lemma="nő" pos="X">nő</wf>
         <wf lemma="a" pos="X">a</wf>
         <instance id="d000.s390.t000" lemma="villamosmérnök" pos="NOUN">villamosmérnökök</instance>
         <wf lemma="iránti" pos="X">iránti</wf>
         <wf lemma="munkaerő" pos="X">munkaerő</wf>
         <wf lemma="piaci" pos="X">piaci</wf>
         <wf lemma="kereslet" pos="X">kereslet</wf>
         <wf lemma="." pos="X">.</wf>
      </sentence>
      <sentence id="d000.s391" source="wordnet-hungarian">
         <wf lemma="Mit" pos="X">Mit</wf>
         <instance id="d000.s391.t000" lemma="ad" pos="VERB">adnak</instance>
         <wf lemma="ma" pos="X">ma</wf>
         <wf lemma="este" pos="X">este</wf>
         <wf lemma="főműsoridőben" pos="X">főműsoridőben</wf>
         <wf lemma="?" pos="X">?</wf>
      </sentence>
      <sentence id="d000.s392" source="wordnet-hungarian">
         <wf lemma="A" pos="X">A</wf>
         <wf lemma="könyv" pos="X">könyv</wf>
         <wf lemma="a" pos="X">a</wf>
         <wf lemma="formál" pos="X">formál</wf>
         <wf lemma="logika" pos="X">logika</wf>
         <wf lemma="egy" pos="X">egy</wf>
         <wf lemma="nagyszerű" pos="X">nagyszerű</wf>
         <instance id="d000.s392.t000" lemma="tárgyalás" pos="NOUN">tárgyalását</instance>
         <wf lemma="tartalmazza" pos="X">tartalmazza</wf>
         <wf lemma="." pos="X">.</wf>
      </sentence>
      <sentence id="d000.s393" source="wordnet-hungarian">
         <wf lemma="Kevés" pos="X">Kevés</wf>
         <instance id="d000.s393.t000" lemma="szabadidő" pos="NOUN">szabadideje</instance>
         <wf lemma="marad" pos="X">marad</wf>
         <wf lemma="az" pos="X">az</wf>
         <wf lemma="új" pos="X">új</wf>
         <wf lemma="munka" pos="X">munka</wf>
         <wf lemma="mellett" pos="X">mellett</wf>
         <wf lemma="." pos="X">.</wf>
      </sentence>
      <sentence id="d000.s394" source="wordnet-hungarian">
         <wf lemma="A" pos="X">A</wf>
         <instance id="d000.s394.t000" lemma="raktár" pos="NOUN">raktárban</instance>
         <wf lemma="talán" pos="X">talán</wf>
         <wf lemma="lesz" pos="X">lesz</wf>
         <wf lemma="egy" pos="X">egy</wf>
         <wf lemma="számmal" pos="X">számmal</wf>
         <wf lemma="kisebb" pos="X">kisebb</wf>
         <wf lemma="méretben" pos="X">méretben</wf>
         <wf lemma="ebből" pos="X">ebből</wf>
         <wf lemma="a" pos="X">a</wf>
         <wf lemma="cipőből" pos="X">cipőből</wf>
         <wf lemma="." pos="X">.</wf>
      </sentence>
      <sentence id="d000.s395" source="wordnet-hungarian">
         <wf lemma="Nincs" pos="X">Nincs</wf>
         <instance id="d000.s395.t000" lemma="alap" pos="NOUN">alapja</instance>
         <wf lemma="a" pos="X">a</wf>
         <wf lemma="felháborodásának" pos="X">felháborodásának</wf>
         <wf lemma="." pos="X">.</wf>
      </sentence>
      <sentence id="d000.s396" source="wordnet-hungarian">
         <instance id="d000.s396.t000" lemma="fog" pos="VERB">Fogtam</instance>
         <wf lemma="egy" pos="X">egy</wf>
         <wf lemma="nyulat" pos="X">nyulat</wf>
         <wf lemma="." pos="X">.</wf>
      </sentence>
      <sentence id="d000.s397" source="wordnet-hungarian">
         <wf lemma="A" pos="X">A</wf>
         <wf lemma="nem" pos="X">nem</wf>
         <wf lemma="őslakos" pos="X">őslakos</wf>
         <instance id="d000.s397.t000" lemma="alaszkai" pos="NOUN">alaszkaiak</instance>
         <wf lemma="összetétele" pos="X">összetétele</wf>
         <wf lemma="igen" pos="X">igen</wf>
         <wf lemma="változatos" pos="X">változatos</wf>
         <wf lemma="," pos="X">,</wf>
         <wf lemma="úgy" pos="X">úgy</wf>
         <wf lemma="színre" pos="X">színre</wf>
         <wf lemma="," pos="X">,</wf>
         <wf lemma="mint" pos="X">mint</wf>
         <wf lemma="fajra" pos="X">fajra</wf>
         <wf lemma="való" pos="X">való</wf>
         <wf lemma="tekintettel" pos="X">tekintettel</wf>
         <wf lemma="." pos="X">.</wf>
      </sentence>
      <sentence id="d000.s398" source="wordnet-hungarian">
         <wf lemma="A" pos="X">A</wf>
         <instance id="d000.s398.t000" lemma="háttérzaj" pos="NOUN">háttérzaj</instance>
         <wf lemma="miatt" pos="X">miatt</wf>
         <wf lemma="alig" pos="X">alig</wf>
         <wf lemma="lehetett" pos="X">lehetett</wf>
         <wf lemma="érteni" pos="X">érteni</wf>
         <wf lemma="," pos="X">,</wf>
         <wf lemma="mit" pos="X">mit</wf>
         <wf lemma="mond" pos="X">mond</wf>
         <wf lemma="telefonon" pos="X">telefonon</wf>
         <wf lemma="." pos="X">.</wf>
      </sentence>
      <sentence id="d000.s399" source="wordnet-hungarian">
         <instance id="d000.s399.t000" lemma="meztelenség" pos="NOUN">Meztelensége</instance>
         <wf lemma="zavarba" pos="X">zavarba</wf>
         <wf lemma="ejtett" pos="X">ejtett</wf>
         <wf lemma="mindenkit" pos="X">mindenkit</wf>
         <wf lemma="." pos="X">.</wf>
      </sentence>
      <sentence id="d000.s400" source="wordnet-hungarian">
         <wf lemma="Az" pos="X">Az</wf>
         <wf lemma="elsődleges" pos="X">elsődleges</wf>
         <wf lemma="és" pos="X">és</wf>
         <wf lemma="másodlagos" pos="X">másodlagos</wf>
         <instance id="d000.s400.t000" lemma="aláíró" pos="NOUN">aláírók</instance>
         <wf lemma="távollétében" pos="X">távollétében</wf>
         <wf lemma="helyettes" pos="X">helyettes</wf>
         <wf lemma="aláírók" pos="X">aláírók</wf>
         <wf lemma="rendelkeznek" pos="X">rendelkeznek</wf>
         <wf lemma="aláírási" pos="X">aláírási</wf>
         <wf lemma="jogkörrel" pos="X">jogkörrel</wf>
         <wf lemma="." pos="X">.</wf>
      </sentence>
      <sentence id="d000.s401" source="wordnet-hungarian">
         <wf lemma="Azt" pos="X">Azt</wf>
         <wf lemma="mondják" pos="X">mondják</wf>
         <wf lemma="," pos="X">,</wf>
         <wf lemma="hogy" pos="X">hogy</wf>
         <wf lemma="az" pos="X">az</wf>
         <wf lemma="ember" pos="X">ember</wf>
         <instance id="d000.s401.t000" lemma="értelem" pos="NOUN">értelemmel</instance>
         <wf lemma="van" pos="X">van</wf>
         <wf lemma="felvértezve" pos="X">felvértezve</wf>
         <wf lemma="és" pos="X">és</wf>
         <wf lemma="képes" pos="X">képes</wf>
         <wf lemma="megkülönböztetni" pos="X">megkülönböztetni</wf>
         <wf lemma="a" pos="X">a</wf>
         <wf lemma="jót" pos="X">jót</wf>
         <wf lemma="a" pos="X">a</wf>
         <wf lemma="rossztól" pos="X">rossztól</wf>
         <wf lemma="." pos="X">.</wf>
      </sentence>
      <sentence id="d000.s402" source="wordnet-hungarian">
         <wf lemma="Egy" pos="X">Egy</wf>
         <wf lemma="álló" pos="X">álló</wf>
         <instance id="d000.s402.t000" lemma="hét" pos="NOUN">hétig</instance>
         <wf lemma="esett" pos="X">esett</wf>
         <wf lemma="." pos="X">.</wf>
      </sentence>
      <sentence id="d000.s403" source="wordnet-hungarian">
         <wf lemma="A" pos="X">A</wf>
         <instance id="d000.s403.t000" lemma="váza" pos="NOUN">vázába</instance>
         <wf lemma="sokféle" pos="X">sokféle</wf>
         <wf lemma="tavaszi" pos="X">tavaszi</wf>
         <wf lemma="virágot" pos="X">virágot</wf>
         <wf lemma="rakott" pos="X">rakott</wf>
         <wf lemma="," pos="X">,</wf>
         <wf lemma="hogy" pos="X">hogy</wf>
         <wf lemma="életet" pos="X">életet</wf>
         <wf lemma="leheljen" pos="X">leheljen</wf>
         <wf lemma="az" pos="X">az</wf>
         <wf lemma="üres" pos="X">üres</wf>
         <wf lemma="panelszobába" pos="X">panelszobába</wf>
         <wf lemma="." pos="X">.</wf>
      </sentence>
      <sentence id="d000.s404" source="wordnet-hungarian">
         <wf lemma="A" pos="X">A</wf>
         <wf lemma="körömgomba" pos="X">körömgomba</wf>
         <wf lemma="," pos="X">,</wf>
         <wf lemma="kizárólag" pos="X">kizárólag</wf>
         <wf lemma="szájon" pos="X">szájon</wf>
         <wf lemma="át" pos="X">át</wf>
         <wf lemma="szedhető" pos="X">szedhető</wf>
         <wf lemma="," pos="X">,</wf>
         <instance id="d000.s404.t000" lemma="szakorvos" pos="NOUN">szakorvos</instance>
         <wf lemma="által" pos="X">által</wf>
         <wf lemma="felírt" pos="X">felírt</wf>
         <wf lemma="gyógyszerekkel" pos="X">gyógyszerekkel</wf>
         <wf lemma="kezelendő" pos="X">kezelendő</wf>
         <wf lemma="!" pos="X">!</wf>
      </sentence>
      <sentence id="d000.s405" source="wordnet-hungarian">
         <wf lemma="A" pos="X">A</wf>
         <instance id="d000.s405.t000" lemma="zseblámpa" pos="NOUN">zseblámpa</instance>
         <wf lemma="a" pos="X">a</wf>
         <wf lemma="fiam" pos="X">fiam</wf>
         <wf lemma="kedvenc" pos="X">kedvenc</wf>
         <wf lemma="játéka" pos="X">játéka</wf>
         <wf lemma="." pos="X">.</wf>
      </sentence>
      <sentence id="d000.s406" source="wordnet-hungarian">
         <wf lemma="A" pos="X">A</wf>
         <wf lemma="hátvéd" pos="X">hátvéd</wf>
         <wf lemma="a" pos="X">a</wf>
         <wf lemma="pálya" pos="X">pálya</wf>
         <wf lemma="szélére" pos="X">szélére</wf>
         <instance id="d000.s406.t000" lemma="rúg" pos="VERB">rúgta</instance>
         <wf lemma="a" pos="X">a</wf>
         <wf lemma="labdát" pos="X">labdát</wf>
         <wf lemma="." pos="X">.</wf>
      </sentence>
      <sentence id="d000.s407" source="wordnet-hungarian">
         <wf lemma="A" pos="X">A</wf>
         <wf lemma="szomszéd" pos="X">szomszéd</wf>
         <wf lemma="véleménye" pos="X">véleménye</wf>
         <wf lemma="a" pos="X">a</wf>
         <wf lemma="politikáról" pos="X">politikáról</wf>
         <wf lemma="sűrűn" pos="X">sűrűn</wf>
         <instance id="d000.s407.t000" lemma="változik" pos="VERB">változik</instance>
         <wf lemma="." pos="X">.</wf>
      </sentence>
      <sentence id="d000.s408" source="wordnet-hungarian">
         <wf lemma="A" pos="X">A</wf>
         <instance id="d000.s408.t000" lemma="bélyeggyűjtés" pos="NOUN">bélyeggyűjtés</instance>
         <wf lemma="nyugalmas" pos="X">nyugalmas</wf>
         <wf lemma="foglalatosság" pos="X">foglalatosság</wf>
         <wf lemma="." pos="X">.</wf>
      </sentence>
      <sentence id="d000.s409" source="wordnet-hungarian">
         <wf lemma="Aktív" pos="X">Aktív</wf>
         <instance id="d000.s409.t000" lemma="tevékenység" pos="NOUN">tevékenysége</instance>
         <wf lemma="alapján" pos="X">alapján</wf>
         <wf lemma="egyletünk" pos="X">egyletünk</wf>
         <wf lemma="egyik" pos="X">egyik</wf>
         <wf lemma="meghatározó" pos="X">meghatározó</wf>
         <wf lemma="személyisége" pos="X">személyisége</wf>
         <wf lemma="." pos="X">.</wf>
      </sentence>
      <sentence id="d000.s410" source="wordnet-hungarian">
         <wf lemma="A" pos="X">A</wf>
         <instance id="d000.s410.t000" lemma="sisakvirág" pos="NOUN">sisakvirágot</instance>
         <wf lemma="a" pos="X">a</wf>
         <wf lemma="színe" pos="X">színe</wf>
         <wf lemma="és" pos="X">és</wf>
         <wf lemma="virágzási" pos="X">virágzási</wf>
         <wf lemma="ideje" pos="X">ideje</wf>
         <wf lemma="miatt" pos="X">miatt</wf>
         <wf lemma="kizárásos" pos="X">kizárásos</wf>
         <wf lemma="alapon" pos="X">alapon</wf>
         <wf lemma="könnyű" pos="X">könnyű</wf>
         <wf lemma="kitalálni" pos="X">kitalálni</wf>
         <wf lemma="." pos="X">.</wf>
      </sentence>
      <sentence id="d000.s411" source="wordnet-hungarian">
         <wf lemma="A" pos="X">A</wf>
         <instance id="d000.s411.t000" lemma="közel" pos="NOUN">közelben</instance>
         <wf lemma="több" pos="X">több</wf>
         <wf lemma="élelmiszerbolt" pos="X">élelmiszerbolt</wf>
         <wf lemma="is" pos="X">is</wf>
         <wf lemma="van" pos="X">van</wf>
         <wf lemma="." pos="X">.</wf>
      </sentence>
      <sentence id="d000.s412" source="wordnet-hungarian">
         <wf lemma="A" pos="X">A</wf>
         <instance id="d000.s412.t000" lemma="természet" pos="NOUN">természet</instance>
         <wf lemma="törvényeinek" pos="X">törvényeinek</wf>
         <wf lemma="megfigyelése" pos="X">megfigyelése</wf>
         <wf lemma="és" pos="X">és</wf>
         <wf lemma="megfejtésére" pos="X">megfejtésére</wf>
         <wf lemma="irányuló" pos="X">irányuló</wf>
         <wf lemma="vágy" pos="X">vágy</wf>
         <wf lemma="egyidős" pos="X">egyidős</wf>
         <wf lemma="az" pos="X">az</wf>
         <wf lemma="emberiséggel" pos="X">emberiséggel</wf>
         <wf lemma="." pos="X">.</wf>
      </sentence>
      <sentence id="d000.s413" source="wordnet-hungarian">
         <wf lemma="Nagy" pos="X">Nagy</wf>
         <instance id="d000.s413.t000" lemma="butaság" pos="NOUN">butaság</instance>
         <wf lemma="volt" pos="X">volt</wf>
         <wf lemma="ilyen" pos="X">ilyen</wf>
         <wf lemma="apróság" pos="X">apróság</wf>
         <wf lemma="miatt" pos="X">miatt</wf>
         <wf lemma="összeveszni" pos="X">összeveszni</wf>
         <wf lemma="vele" pos="X">vele</wf>
         <wf lemma="." pos="X">.</wf>
      </sentence>
      <sentence id="d000.s414" source="wordnet-hungarian">
         <wf lemma="Rövid" pos="X">Rövid</wf>
         <wf lemma="időn" pos="X">időn</wf>
         <wf lemma="belül" pos="X">belül</wf>
         <wf lemma="egy" pos="X">egy</wf>
         <instance id="d000.s414.t000" lemma="sereg" pos="NOUN">sereg</instance>
         <wf lemma="új" pos="X">új</wf>
         <wf lemma="gyerek" pos="X">gyerek</wf>
         <wf lemma="fog" pos="X">fog</wf>
         <wf lemma="jelentkezni" pos="X">jelentkezni</wf>
         <wf lemma="ebbe" pos="X">ebbe</wf>
         <wf lemma="a" pos="X">a</wf>
         <wf lemma="sportcsoportba" pos="X">sportcsoportba</wf>
         <wf lemma="." pos="X">.</wf>
      </sentence>
      <sentence id="d000.s415" source="wordnet-hungarian">
         <wf lemma="A" pos="X">A</wf>
         <wf lemma="nyolc" pos="X">nyolc</wf>
         <instance id="d000.s415.t000" lemma="milliméter" pos="NOUN">milliméter</instance>
         <wf lemma="hosszú" pos="X">hosszú</wf>
         <wf lemma="," pos="X">,</wf>
         <wf lemma="egy" pos="X">egy</wf>
         <wf lemma="milliméter" pos="X">milliméter</wf>
         <wf lemma="átmérőjű" pos="X">átmérőjű</wf>
         <wf lemma="szerkezet" pos="X">szerkezet</wf>
         <wf lemma="komplex" pos="X">komplex</wf>
         <wf lemma="sebészeti" pos="X">sebészeti</wf>
         <wf lemma="beavatkozások" pos="X">beavatkozások</wf>
         <wf lemma="végrehajtását" pos="X">végrehajtását</wf>
         <wf lemma="teszi" pos="X">teszi</wf>
         <wf lemma="lehetővé" pos="X">lehetővé</wf>
         <wf lemma="." pos="X">.</wf>
      </sentence>
      <sentence id="d000.s416" source="wordnet-hungarian">
         <wf lemma="Nyári" pos="X">Nyári</wf>
         <wf lemma="melegen" pos="X">melegen</wf>
         <wf lemma="kellemes" pos="X">kellemes</wf>
         <wf lemma="viselet" pos="X">viselet</wf>
         <wf lemma="a" pos="X">a</wf>
         <instance id="d000.s416.t000" lemma="szandál" pos="NOUN">szandál</instance>
         <wf lemma="." pos="X">.</wf>
      </sentence>
      <sentence id="d000.s417" source="wordnet-hungarian">
         <wf lemma="Továbbra" pos="X">Továbbra</wf>
         <wf lemma="is" pos="X">is</wf>
         <wf lemma="keressük" pos="X">keressük</wf>
         <wf lemma="azt" pos="X">azt</wf>
         <wf lemma="a" pos="X">a</wf>
         <instance id="d000.s417.t000" lemma="hegedűs" pos="NOUN">hegedűst</instance>
         <wf lemma="aki" pos="X">aki</wf>
         <wf lemma="kedvet" pos="X">kedvet</wf>
         <wf lemma="érez" pos="X">érez</wf>
         <wf lemma="a" pos="X">a</wf>
         <wf lemma="velünk" pos="X">velünk</wf>
         <wf lemma="való" pos="X">való</wf>
         <wf lemma="zenéléshez" pos="X">zenéléshez</wf>
         <wf lemma="." pos="X">.</wf>
      </sentence>
      <sentence id="d000.s418" source="wordnet-hungarian">
         <wf lemma="A" pos="X">A</wf>
         <instance id="d000.s418.t000" lemma="boróka" pos="NOUN">boróka</instance>
         <wf lemma="igen" pos="X">igen</wf>
         <wf lemma="szép" pos="X">szép</wf>
         <wf lemma="dísznövény" pos="X">dísznövény</wf>
         <wf lemma="." pos="X">.</wf>
      </sentence>
      <sentence id="d000.s419" source="wordnet-hungarian">
         <wf lemma="Mivel" pos="X">Mivel</wf>
         <wf lemma="a" pos="X">a</wf>
         <wf lemma="kung" pos="X">kung</wf>
         <wf lemma="fu" pos="X">fu</wf>
         <wf lemma="nem" pos="X">nem</wf>
         <wf lemma="olimpiai" pos="X">olimpiai</wf>
         <wf lemma="sport" pos="X">sport</wf>
         <wf lemma="," pos="X">,</wf>
         <wf lemma="a" pos="X">a</wf>
         <instance id="d000.s419.t000" lemma="sárga" pos="NOUN">sárgák</instance>
         <wf lemma="ekezdtek" pos="X">ekezdtek</wf>
         <wf lemma="focizni" pos="X">focizni</wf>
         <wf lemma="." pos="X">.</wf>
      </sentence>
      <sentence id="d000.s420" source="wordnet-hungarian">
         <wf lemma="Pirosra" pos="X">Pirosra</wf>
         <instance id="d000.s420.t000" lemma="fest" pos="VERB">festettük</instance>
         <wf lemma="a" pos="X">a</wf>
         <wf lemma="kerítést" pos="X">kerítést</wf>
         <wf lemma="." pos="X">.</wf>
      </sentence>
      <sentence id="d000.s421" source="wordnet-hungarian">
         <wf lemma="Esténként" pos="X">Esténként</wf>
         <instance id="d000.s421.t000" lemma="szellem" pos="NOUN">szellemeket</instance>
         <wf lemma="lát" pos="X">lát</wf>
         <wf lemma="." pos="X">.</wf>
      </sentence>
      <sentence id="d000.s422" source="wordnet-hungarian">
         <wf lemma="Azon" pos="X">Azon</wf>
         <instance id="d000.s422.t000" lemma="partner" pos="NOUN">partnereink</instance>
         <wf lemma="," pos="X">,</wf>
         <wf lemma="akik" pos="X">akik</wf>
         <wf lemma="még" pos="X">még</wf>
         <wf lemma="nem" pos="X">nem</wf>
         <wf lemma="adtak" pos="X">adtak</wf>
         <wf lemma="fel" pos="X">fel</wf>
         <wf lemma="rendszerünkbe" pos="X">rendszerünkbe</wf>
         <wf lemma="hirdetést" pos="X">hirdetést</wf>
         <wf lemma="," pos="X">,</wf>
         <wf lemma="nem" pos="X">nem</wf>
         <wf lemma="jelennek" pos="X">jelennek</wf>
         <wf lemma="meg" pos="X">meg</wf>
         <wf lemma="a" pos="X">a</wf>
         <wf lemma="listán" pos="X">listán</wf>
         <wf lemma="." pos="X">.</wf>
      </sentence>
      <sentence id="d000.s423" source="wordnet-hungarian">
         <wf lemma="Választhatott" pos="X">Választhatott</wf>
         <wf lemma="az" pos="X">az</wf>
         <instance id="d000.s423.t000" lemma="áthelyezés" pos="NOUN">áthelyezés</instance>
         <wf lemma="vagy" pos="X">vagy</wf>
         <wf lemma="az" pos="X">az</wf>
         <wf lemma="elbocsátás" pos="X">elbocsátás</wf>
         <wf lemma="közül" pos="X">közül</wf>
         <wf lemma="." pos="X">.</wf>
      </sentence>
      <sentence id="d000.s424" source="wordnet-hungarian">
         <wf lemma="A" pos="X">A</wf>
         <wf lemma="vendégek" pos="X">vendégek</wf>
         <wf lemma="a" pos="X">a</wf>
         <wf lemma="menyasszony" pos="X">menyasszony</wf>
         <wf lemma="házánál" pos="X">házánál</wf>
         <wf lemma="gyülekeztek" pos="X">gyülekeztek</wf>
         <wf lemma="és" pos="X">és</wf>
         <wf lemma="onnan" pos="X">onnan</wf>
         <wf lemma="mentek" pos="X">mentek</wf>
         <wf lemma="a" pos="X">a</wf>
         <instance id="d000.s424.t000" lemma="vőlegény" pos="NOUN">vőlegényért</instance>
         <wf lemma="." pos="X">.</wf>
      </sentence>
      <sentence id="d000.s425" source="wordnet-hungarian">
         <wf lemma="Az" pos="X">Az</wf>
         <instance id="d000.s425.t000" lemma="eladó" pos="NOUN">eladók</instance>
         <wf lemma="többsége" pos="X">többsége</wf>
         <wf lemma="még" pos="X">még</wf>
         <wf lemma="rendelkezik" pos="X">rendelkezik</wf>
         <wf lemma="kereskedelmi" pos="X">kereskedelmi</wf>
         <wf lemma="végzettséggel" pos="X">végzettséggel</wf>
         <wf lemma="." pos="X">.</wf>
      </sentence>
      <sentence id="d000.s426" source="wordnet-hungarian">
         <wf lemma="Mindig" pos="X">Mindig</wf>
         <wf lemma="nyelvtanilag" pos="X">nyelvtanilag</wf>
         <wf lemma="helyes" pos="X">helyes</wf>
         <instance id="d000.s426.t000" lemma="mondat" pos="NOUN">mondatokban</instance>
         <wf lemma="beszélt" pos="X">beszélt</wf>
         <wf lemma="." pos="X">.</wf>
      </sentence>
      <sentence id="d000.s427" source="wordnet-hungarian">
         <wf lemma="Jó" pos="X">Jó</wf>
         <instance id="d000.s427.t000" lemma="szem" pos="NOUN">szeme</instance>
         <wf lemma="van" pos="X">van</wf>
         <wf lemma="meglátni" pos="X">meglátni</wf>
         <wf lemma="mindazt" pos="X">mindazt</wf>
         <wf lemma="," pos="X">,</wf>
         <wf lemma="ami" pos="X">ami</wf>
         <wf lemma="élhetővé" pos="X">élhetővé</wf>
         <wf lemma="teszi" pos="X">teszi</wf>
         <wf lemma="életünket" pos="X">életünket</wf>
         <wf lemma="." pos="X">.</wf>
      </sentence>
      <sentence id="d000.s428" source="wordnet-hungarian">
         <wf lemma="A" pos="X">A</wf>
         <instance id="d000.s428.t000" lemma="vaku" pos="NOUN">vaku</instance>
         <wf lemma="a" pos="X">a</wf>
         <wf lemma="kellő" pos="X">kellő</wf>
         <wf lemma="pillanatban" pos="X">pillanatban</wf>
         <wf lemma="villant" pos="X">villant</wf>
         <wf lemma="." pos="X">.</wf>
      </sentence>
      <sentence id="d000.s429" source="wordnet-hungarian">
         <wf lemma="Gábor" pos="X">Gábor</wf>
         <wf lemma="egy" pos="X">egy</wf>
         <wf lemma="szép" pos="X">szép</wf>
         <wf lemma="szomorú" pos="X">szomorú</wf>
         <wf lemma="dalt" pos="X">dalt</wf>
         <instance id="d000.s429.t000" lemma="énekel" pos="VERB">énekelt</instance>
         <wf lemma="." pos="X">.</wf>
      </sentence>
      <sentence id="d000.s430" source="wordnet-hungarian">
         <wf lemma="Az" pos="X">Az</wf>
         <wf lemma="építész" pos="X">építész</wf>
         <wf lemma="az" pos="X">az</wf>
         <wf lemma="épület" pos="X">épület</wf>
         <wf lemma="előtt" pos="X">előtt</wf>
         <wf lemma="nagy" pos="X">nagy</wf>
         <instance id="d000.s430.t000" lemma="tér" pos="NOUN">teret</instance>
         <wf lemma="hagyott" pos="X">hagyott</wf>
         <wf lemma="." pos="X">.</wf>
      </sentence>
      <sentence id="d000.s431" source="wordnet-hungarian">
         <wf lemma="A" pos="X">A</wf>
         <instance id="d000.s431.t000" lemma="szkeptikus" pos="NOUN">szkeptikusoknak</instance>
         <wf lemma="pedig" pos="X">pedig</wf>
         <wf lemma="azt" pos="X">azt</wf>
         <wf lemma="ajánljuk" pos="X">ajánljuk</wf>
         <wf lemma="," pos="X">,</wf>
         <wf lemma="hogy" pos="X">hogy</wf>
         <wf lemma="saját" pos="X">saját</wf>
         <wf lemma="maguk" pos="X">maguk</wf>
         <wf lemma="is" pos="X">is</wf>
         <wf lemma="végezzék" pos="X">végezzék</wf>
         <wf lemma="el" pos="X">el</wf>
         <wf lemma="a" pos="X">a</wf>
         <wf lemma="kísérletet" pos="X">kísérletet</wf>
         <wf lemma="!" pos="X">!</wf>
      </sentence>
      <sentence id="d000.s432" source="wordnet-hungarian">
         <wf lemma="A" pos="X">A</wf>
         <instance id="d000.s432.t000" lemma="comb" pos="NOUN">combot</instance>
         <wf lemma="besózod" pos="X">besózod</wf>
         <wf lemma=",és" pos="X">,és</wf>
         <wf lemma="zsírral" pos="X">zsírral</wf>
         <wf lemma="öntözgetve" pos="X">öntözgetve</wf>
         <wf lemma="a" pos="X">a</wf>
         <wf lemma="sütőben" pos="X">sütőben</wf>
         <wf lemma="elkezded" pos="X">elkezded</wf>
         <wf lemma="sütni" pos="X">sütni</wf>
         <wf lemma="." pos="X">.</wf>
      </sentence>
      <sentence id="d000.s433" source="wordnet-hungarian">
         <wf lemma="A" pos="X">A</wf>
         <wf lemma="kihívásokra" pos="X">kihívásokra</wf>
         <wf lemma="lassabban" pos="X">lassabban</wf>
         <wf lemma="vagy" pos="X">vagy</wf>
         <wf lemma="egyáltalán" pos="X">egyáltalán</wf>
         <wf lemma="nem" pos="X">nem</wf>
         <wf lemma="reagáló" pos="X">reagáló</wf>
         <wf lemma="vállalatok" pos="X">vállalatok</wf>
         <instance id="d000.s433.t000" lemma="részvényes" pos="NOUN">részvényesei</instance>
         <wf lemma="jelentős" pos="X">jelentős</wf>
         <wf lemma="veszteségeket" pos="X">veszteségeket</wf>
         <wf lemma="szenvedtek" pos="X">szenvedtek</wf>
         <wf lemma="." pos="X">.</wf>
      </sentence>
      <sentence id="d000.s434" source="wordnet-hungarian">
         <wf lemma="Amikor" pos="X">Amikor</wf>
         <wf lemma="este" pos="X">este</wf>
         <wf lemma="hazatért" pos="X">hazatért</wf>
         <wf lemma="a" pos="X">a</wf>
         <instance id="d000.s434.t000" lemma="libafalka" pos="NOUN">libafalka</instance>
         <wf lemma="," pos="X">,</wf>
         <wf lemma="a" pos="X">a</wf>
         <wf lemma="király" pos="X">király</wf>
         <wf lemma="leküldött" pos="X">leküldött</wf>
         <wf lemma="az" pos="X">az</wf>
         <wf lemma="udvarba" pos="X">udvarba</wf>
         <wf lemma="a" pos="X">a</wf>
         <wf lemma="pásztorlányért" pos="X">pásztorlányért</wf>
         <wf lemma="." pos="X">.</wf>
      </sentence>
      <sentence id="d000.s435" source="wordnet-hungarian">
         <wf lemma="A" pos="X">A</wf>
         <wf lemma="méréktelen" pos="X">méréktelen</wf>
         <wf lemma="alkoholfogyasztás" pos="X">alkoholfogyasztás</wf>
         <wf lemma="súlyos" pos="X">súlyos</wf>
         <wf lemma="egészségkárosodáshoz" pos="X">egészségkárosodáshoz</wf>
         <instance id="d000.s435.t000" lemma="vezet" pos="VERB">vezethet</instance>
         <wf lemma="." pos="X">.</wf>
      </sentence>
      <sentence id="d000.s436" source="wordnet-hungarian">
         <wf lemma="A" pos="X">A</wf>
         <instance id="d000.s436.t000" lemma="békéltető" pos="NOUN">békéltetőt</instance>
         <wf lemma="nem" pos="X">nem</wf>
         <wf lemma="fogadták" pos="X">fogadták</wf>
         <wf lemma="szívesen" pos="X">szívesen</wf>
         <wf lemma="az" pos="X">az</wf>
         <wf lemma="ellenség" pos="X">ellenség</wf>
         <wf lemma="táborában" pos="X">táborában</wf>
         <wf lemma="." pos="X">.</wf>
      </sentence>
      <sentence id="d000.s437" source="wordnet-hungarian">
         <wf lemma="Az" pos="X">Az</wf>
         <instance id="d000.s437.t000" lemma="aranyifjú" pos="NOUN">aranyifjú</instance>
         <wf lemma="nagykanállal" pos="X">nagykanállal</wf>
         <wf lemma="habzsolja" pos="X">habzsolja</wf>
         <wf lemma="az" pos="X">az</wf>
         <wf lemma="életet" pos="X">életet</wf>
         <wf lemma="és" pos="X">és</wf>
         <wf lemma="állandó" pos="X">állandó</wf>
         <wf lemma="változásra" pos="X">változásra</wf>
         <wf lemma="van" pos="X">van</wf>
         <wf lemma="szüksége" pos="X">szüksége</wf>
         <wf lemma="." pos="X">.</wf>
      </sentence>
      <sentence id="d000.s438" source="wordnet-hungarian">
         <wf lemma="A" pos="X">A</wf>
         <instance id="d000.s438.t000" lemma="kapcsolat" pos="NOUN">kapcsolat</instance>
         <wf lemma="a" pos="X">a</wf>
         <wf lemma="pofon" pos="X">pofon</wf>
         <wf lemma="és" pos="X">és</wf>
         <wf lemma="az" pos="X">az</wf>
         <wf lemma="apja" pos="X">apja</wf>
         <wf lemma="képe" pos="X">képe</wf>
         <wf lemma="között" pos="X">között</wf>
         <wf lemma="olyan" pos="X">olyan</wf>
         <wf lemma="erős" pos="X">erős</wf>
         <wf lemma="volt" pos="X">volt</wf>
         <wf lemma="," pos="X">,</wf>
         <wf lemma="hogy" pos="X">hogy</wf>
         <wf lemma="alig" pos="X">alig</wf>
         <wf lemma="lehetett" pos="X">lehetett</wf>
         <wf lemma="feloldani" pos="X">feloldani</wf>
         <wf lemma="." pos="X">.</wf>
      </sentence>
      <sentence id="d000.s439" source="wordnet-hungarian">
         <wf lemma="Elégedett" pos="X">Elégedett</wf>
         <wf lemma="az" pos="X">az</wf>
         <wf lemma="új" pos="X">új</wf>
         <instance id="d000.s439.t000" lemma="állás" pos="NOUN">állásával</instance>
         <wf lemma="." pos="X">.</wf>
      </sentence>
      <sentence id="d000.s440" source="wordnet-hungarian">
         <wf lemma="Az" pos="X">Az</wf>
         <instance id="d000.s440.t000" lemma="átvitel" pos="NOUN">átvitel</instance>
         <wf lemma="akadozott" pos="X">akadozott</wf>
         <wf lemma="," pos="X">,</wf>
         <wf lemma="nem" pos="X">nem</wf>
         <wf lemma="tudtam" pos="X">tudtam</wf>
         <wf lemma="forgatni" pos="X">forgatni</wf>
         <wf lemma="a" pos="X">a</wf>
         <wf lemma="kormányt" pos="X">kormányt</wf>
         <wf lemma="." pos="X">.</wf>
      </sentence>
      <sentence id="d000.s441" source="wordnet-hungarian">
         <wf lemma="Az" pos="X">Az</wf>
         <wf lemma="a" pos="X">a</wf>
         <instance id="d000.s441.t000" lemma="feladat" pos="NOUN">feladata</instance>
         <wf lemma="," pos="X">,</wf>
         <wf lemma="hogy" pos="X">hogy</wf>
         <wf lemma="válaszoljon" pos="X">válaszoljon</wf>
         <wf lemma="az" pos="X">az</wf>
         <wf lemma="ügyfelek" pos="X">ügyfelek</wf>
         <wf lemma="kérdéseire" pos="X">kérdéseire</wf>
         <wf lemma="." pos="X">.</wf>
      </sentence>
      <sentence id="d000.s442" source="wordnet-hungarian">
         <wf lemma="A" pos="X">A</wf>
         <wf lemma="szándékos" pos="X">szándékos</wf>
         <instance id="d000.s442.t000" lemma="sértés" pos="NOUN">sértésre</instance>
         <wf lemma="már" pos="X">már</wf>
         <wf lemma="nem" pos="X">nem</wf>
         <wf lemma="is" pos="X">is</wf>
         <wf lemma="válaszolt" pos="X">válaszolt</wf>
         <wf lemma="." pos="X">.</wf>
      </sentence>
      <sentence id="d000.s443" source="wordnet-hungarian">
         <wf lemma="A" pos="X">A</wf>
         <instance id="d000.s443.t000" lemma="gimnasztika" pos="NOUN">gimnasztika</instance>
         <wf lemma="legnagyobb" pos="X">legnagyobb</wf>
         <wf lemma="előnye" pos="X">előnye</wf>
         <wf lemma="," pos="X">,</wf>
         <wf lemma="hogy" pos="X">hogy</wf>
         <wf lemma="mindenki" pos="X">mindenki</wf>
         <wf lemma="a" pos="X">a</wf>
         <wf lemma="saját" pos="X">saját</wf>
         <wf lemma="szintjének" pos="X">szintjének</wf>
         <wf lemma="megfelelő" pos="X">megfelelő</wf>
         <wf lemma="feladatot" pos="X">feladatot</wf>
         <wf lemma="végezheti" pos="X">végezheti</wf>
         <wf lemma="." pos="X">.</wf>
      </sentence>
      <sentence id="d000.s444" source="wordnet-hungarian">
         <wf lemma="Idén" pos="X">Idén</wf>
         <wf lemma="sajnos" pos="X">sajnos</wf>
         <wf lemma="nagyon" pos="X">nagyon</wf>
         <wf lemma="sok" pos="X">sok</wf>
         <wf lemma="ember" pos="X">ember</wf>
         <instance id="d000.s444.t000" lemma="fullad" pos="VERB">fulladt</instance>
         <wf lemma="bele" pos="X">bele</wf>
         <wf lemma="a" pos="X">a</wf>
         <wf lemma="városszéli" pos="X">városszéli</wf>
         <wf lemma="bányatóba" pos="X">bányatóba</wf>
         <wf lemma="." pos="X">.</wf>
      </sentence>
      <sentence id="d000.s445" source="wordnet-hungarian">
         <wf lemma="Keresztségi" pos="X">Keresztségi</wf>
         <instance id="d000.s445.t000" lemma="rítus" pos="NOUN">rítus</instance>
         <wf lemma="." pos="X">.</wf>
      </sentence>
      <sentence id="d000.s446" source="wordnet-hungarian">
         <wf lemma="A" pos="X">A</wf>
         <wf lemma="gépen" pos="X">gépen</wf>
         <wf lemma="akadozik" pos="X">akadozik</wf>
         <wf lemma="az" pos="X">az</wf>
         <instance id="d000.s446.t000" lemma="adatfeldolgozás" pos="NOUN">adatfeldolgozás</instance>
         <wf lemma="." pos="X">.</wf>
      </sentence>
      <sentence id="d000.s447" source="wordnet-hungarian">
         <wf lemma="Novemberben" pos="X">Novemberben</wf>
         <wf lemma="a" pos="X">a</wf>
         <instance id="d000.s447.t000" lemma="gibraltári" pos="NOUN">gibraltáriak</instance>
         <wf lemma="népszavazáson" pos="X">népszavazáson</wf>
         <wf lemma="utasították" pos="X">utasították</wf>
         <wf lemma="el" pos="X">el</wf>
         <wf lemma="azt" pos="X">azt</wf>
         <wf lemma="a" pos="X">a</wf>
         <wf lemma="lehetőséget" pos="X">lehetőséget</wf>
         <wf lemma="," pos="X">,</wf>
         <wf lemma="hogy" pos="X">hogy</wf>
         <wf lemma="a" pos="X">a</wf>
         <wf lemma="terület" pos="X">terület</wf>
         <wf lemma="közös" pos="X">közös</wf>
         <wf lemma="," pos="X">,</wf>
         <wf lemma="spanyol-angol" pos="X">spanyol-angol</wf>
         <wf lemma="fennhatóság" pos="X">fennhatóság</wf>
         <wf lemma="alá" pos="X">alá</wf>
         <wf lemma="kerüljön" pos="X">kerüljön</wf>
         <wf lemma="." pos="X">.</wf>
      </sentence>
      <sentence id="d000.s448" source="wordnet-hungarian">
         <wf lemma="Az" pos="X">Az</wf>
         <wf lemma="őslakó" pos="X">őslakó</wf>
         <instance id="d000.s448.t000" lemma="tahiti" pos="NOUN">tahitiek</instance>
         <wf lemma="mondáikból" pos="X">mondáikból</wf>
         <wf lemma="merítették" pos="X">merítették</wf>
         <wf lemma="a" pos="X">a</wf>
         <wf lemma="testfestés" pos="X">testfestés</wf>
         <wf lemma="művészetének" pos="X">művészetének</wf>
         <wf lemma="sajátosságait" pos="X">sajátosságait</wf>
         <wf lemma="." pos="X">.</wf>
      </sentence>
      <sentence id="d000.s449" source="wordnet-hungarian">
         <wf lemma="De" pos="X">De</wf>
         <wf lemma="helyes" pos="X">helyes</wf>
         <wf lemma="kis" pos="X">kis</wf>
         <instance id="d000.s449.t000" lemma="cipó" pos="NOUN">cipót</instance>
         <wf lemma="vettél" pos="X">vettél</wf>
         <wf lemma="a" pos="X">a</wf>
         <wf lemma="pékségben" pos="X">pékségben</wf>
         <wf lemma="!" pos="X">!</wf>
      </sentence>
      <sentence id="d000.s450" source="wordnet-hungarian">
         <instance id="d000.s450.t000" lemma="megelégedés" pos="NOUN">Megelégedéssel</instance>
         <wf lemma="töltött" pos="X">töltött</wf>
         <wf lemma="el" pos="X">el</wf>
         <wf lemma="," pos="X">,</wf>
         <wf lemma="hogy" pos="X">hogy</wf>
         <wf lemma="mindenki" pos="X">mindenki</wf>
         <wf lemma="időben" pos="X">időben</wf>
         <wf lemma="hazaérkezett" pos="X">hazaérkezett</wf>
         <wf lemma="." pos="X">.</wf>
      </sentence>
      <sentence id="d000.s451" source="wordnet-hungarian">
         <wf lemma="Műveimet" pos="X">Műveimet</wf>
         <wf lemma="a" pos="X">a</wf>
         <wf lemma="jobb" pos="X">jobb</wf>
         <wf lemma="szárnyban" pos="X">szárnyban</wf>
         <wf lemma="található" pos="X">található</wf>
         <instance id="d000.s451.t000" lemma="galéria" pos="NOUN">galériában</instance>
         <wf lemma="tekinthetik" pos="X">tekinthetik</wf>
         <wf lemma="meg" pos="X">meg</wf>
         <wf lemma="." pos="X">.</wf>
      </sentence>
      <sentence id="d000.s452" source="wordnet-hungarian">
         <wf lemma="A" pos="X">A</wf>
         <wf lemma="vendég" pos="X">vendég</wf>
         <wf lemma="fogadására" pos="X">fogadására</wf>
         <instance id="d000.s452.t000" lemma="bizottság" pos="NOUN">bizottságot</instance>
         <wf lemma="küldtek" pos="X">küldtek</wf>
         <wf lemma="az" pos="X">az</wf>
         <wf lemma="állomásra" pos="X">állomásra</wf>
         <wf lemma="." pos="X">.</wf>
      </sentence>
      <sentence id="d000.s453" source="wordnet-hungarian">
         <wf lemma="A" pos="X">A</wf>
         <instance id="d000.s453.t000" lemma="karbonát" pos="NOUN">karbonátok</instance>
         <wf lemma="a" pos="X">a</wf>
         <wf lemma="természetben" pos="X">természetben</wf>
         <wf lemma="igen" pos="X">igen</wf>
         <wf lemma="elterjedt" pos="X">elterjedt</wf>
         <wf lemma="ásványok" pos="X">ásványok</wf>
         <wf lemma="." pos="X">.</wf>
      </sentence>
      <sentence id="d000.s454" source="wordnet-hungarian">
         <wf lemma="A" pos="X">A</wf>
         <instance id="d000.s454.t000" lemma="testvér" pos="NOUN">testvéreim</instance>
         <wf lemma="minden" pos="X">minden</wf>
         <wf lemma="reggel" pos="X">reggel</wf>
         <wf lemma="hangos" pos="X">hangos</wf>
         <wf lemma="edénycsörömpöléssel" pos="X">edénycsörömpöléssel</wf>
         <wf lemma="ébresztettek" pos="X">ébresztettek</wf>
         <wf lemma="." pos="X">.</wf>
      </sentence>
      <sentence id="d000.s455" source="wordnet-hungarian">
         <wf lemma="A" pos="X">A</wf>
         <wf lemma="gyermekek" pos="X">gyermekek</wf>
         <wf lemma="korai" pos="X">korai</wf>
         <instance id="d000.s455.t000" lemma="szocializáció" pos="NOUN">szocializációja</instance>
         <wf lemma="fontos" pos="X">fontos</wf>
         <wf lemma="szerepet" pos="X">szerepet</wf>
         <wf lemma="kap" pos="X">kap</wf>
         <wf lemma="későbbi" pos="X">későbbi</wf>
         <wf lemma="fejlődésük" pos="X">fejlődésük</wf>
         <wf lemma="folyamán" pos="X">folyamán</wf>
         <wf lemma="." pos="X">.</wf>
      </sentence>
      <sentence id="d000.s456" source="wordnet-hungarian">
         <wf lemma="A" pos="X">A</wf>
         <instance id="d000.s456.t000" lemma="szilícium" pos="NOUN">szilícium</instance>
         <wf lemma="az" pos="X">az</wf>
         <wf lemma="oxigén" pos="X">oxigén</wf>
         <wf lemma="után" pos="X">után</wf>
         <wf lemma="Földünk" pos="X">Földünk</wf>
         <wf lemma="második" pos="X">második</wf>
         <wf lemma="legelterjedtebb" pos="X">legelterjedtebb</wf>
         <wf lemma="eleme" pos="X">eleme</wf>
         <wf lemma="." pos="X">.</wf>
      </sentence>
      <sentence id="d000.s457" source="wordnet-hungarian">
         <wf lemma="A" pos="X">A</wf>
         <instance id="d000.s457.t000" lemma="jugoszláv" pos="NOUN">jugoszlávok</instance>
         <wf lemma="jegyzékben" pos="X">jegyzékben</wf>
         <wf lemma="tiltakoztak" pos="X">tiltakoztak</wf>
         <wf lemma="a" pos="X">a</wf>
         <wf lemma="Nagy" pos="X">Nagy</wf>
         <wf lemma="Imre-csoport" pos="X">Imre-csoport</wf>
         <wf lemma="elrablása" pos="X">elrablása</wf>
         <wf lemma="miatt" pos="X">miatt</wf>
         <wf lemma="." pos="X">.</wf>
      </sentence>
      <sentence id="d000.s458" source="wordnet-hungarian">
         <wf lemma="Szavaznunk" pos="X">Szavaznunk</wf>
         <wf lemma="kell" pos="X">kell</wf>
         <wf lemma="arról" pos="X">arról</wf>
         <wf lemma="," pos="X">,</wf>
         <wf lemma="hogy" pos="X">hogy</wf>
         <instance id="d000.s458.t000" lemma="befogad" pos="VERB">befogadunk-e</instance>
         <wf lemma="új" pos="X">új</wf>
         <wf lemma="tagokat" pos="X">tagokat</wf>
         <wf lemma="." pos="X">.</wf>
      </sentence>
      <sentence id="d000.s459" source="wordnet-hungarian">
         <instance id="d000.s459.t000" lemma="hős" pos="NOUN">Hősként</instance>
         <wf lemma="küzdött" pos="X">küzdött</wf>
         <wf lemma="a" pos="X">a</wf>
         <wf lemma="csatában" pos="X">csatában</wf>
         <wf lemma="." pos="X">.</wf>
      </sentence>
      <sentence id="d000.s460" source="wordnet-hungarian">
         <instance id="d000.s460.t000" lemma="indulás" pos="NOUN">Indulás</instance>
         <wf lemma="előtt" pos="X">előtt</wf>
         <wf lemma="igyunk" pos="X">igyunk</wf>
         <wf lemma="még" pos="X">még</wf>
         <wf lemma="meg" pos="X">meg</wf>
         <wf lemma="egy" pos="X">egy</wf>
         <wf lemma="felest" pos="X">felest</wf>
         <wf lemma="!" pos="X">!</wf>
      </sentence>
      <sentence id="d000.s461" source="wordnet-hungarian">
         <wf lemma="A" pos="X">A</wf>
         <wf lemma="kereszteződés" pos="X">kereszteződés</wf>
         <wf lemma="csak" pos="X">csak</wf>
         <wf lemma="három" pos="X">három</wf>
         <instance id="d000.s461.t000" lemma="mérföld" pos="NOUN">mérföld</instance>
         <wf lemma="múlva" pos="X">múlva</wf>
         <wf lemma="következik" pos="X">következik</wf>
         <wf lemma="." pos="X">.</wf>
      </sentence>
      <sentence id="d000.s462" source="wordnet-hungarian">
         <wf lemma="A" pos="X">A</wf>
         <wf lemma="tanároknak" pos="X">tanároknak</wf>
         <wf lemma="képzetteknek" pos="X">képzetteknek</wf>
         <wf lemma="kell" pos="X">kell</wf>
         <wf lemma="lenniük" pos="X">lenniük</wf>
         <instance id="d000.s462.t000" lemma="tudományterület" pos="NOUN">tudományterületükön</instance>
         <wf lemma="." pos="X">.</wf>
      </sentence>
      <sentence id="d000.s463" source="wordnet-hungarian">
         <wf lemma="A" pos="X">A</wf>
         <instance id="d000.s463.t000" lemma="gyászoló" pos="NOUN">gyászolók</instance>
         <wf lemma="néma" pos="X">néma</wf>
         <wf lemma="csöndben" pos="X">csöndben</wf>
         <wf lemma="vonultak" pos="X">vonultak</wf>
         <wf lemma="végig" pos="X">végig</wf>
         <wf lemma="a" pos="X">a</wf>
         <wf lemma="temetőn" pos="X">temetőn</wf>
         <wf lemma="." pos="X">.</wf>
      </sentence>
      <sentence id="d000.s464" source="wordnet-hungarian">
         <wf lemma="A" pos="X">A</wf>
         <wf lemma="politikai" pos="X">politikai</wf>
         <instance id="d000.s464.t000" lemma="reakció" pos="NOUN">reakció</instance>
         <wf lemma="a" pos="X">a</wf>
         <wf lemma="történelmi" pos="X">történelmi</wf>
         <wf lemma="dzsentrit" pos="X">dzsentrit</wf>
         <wf lemma="játszotta" pos="X">játszotta</wf>
         <wf lemma="ki" pos="X">ki</wf>
         <wf lemma="a" pos="X">a</wf>
         <wf lemma="demokrácia" pos="X">demokrácia</wf>
         <wf lemma="ellen" pos="X">ellen</wf>
         <wf lemma="." pos="X">.</wf>
      </sentence>
      <sentence id="d000.s465" source="wordnet-hungarian">
         <wf lemma="Van" pos="X">Van</wf>
         <wf lemma="egy" pos="X">egy</wf>
         <instance id="d000.s465.t000" lemma="példa" pos="NOUN">példa</instance>
         <wf lemma="a" pos="X">a</wf>
         <wf lemma="tizedik" pos="X">tizedik</wf>
         <wf lemma="oldalon" pos="X">oldalon</wf>
         <wf lemma="." pos="X">.</wf>
      </sentence>
      <sentence id="d000.s466" source="wordnet-hungarian">
         <wf lemma="A" pos="X">A</wf>
         <instance id="d000.s466.t000" lemma="herceg" pos="NOUN">herceg</instance>
         <wf lemma="minden" pos="X">minden</wf>
         <wf lemma="szükséges" pos="X">szükséges</wf>
         <wf lemma="okítást" pos="X">okítást</wf>
         <wf lemma="megkapott" pos="X">megkapott</wf>
         <wf lemma="," pos="X">,</wf>
         <wf lemma="hogy" pos="X">hogy</wf>
         <wf lemma="majd" pos="X">majd</wf>
         <wf lemma="jó" pos="X">jó</wf>
         <wf lemma="uralkodó" pos="X">uralkodó</wf>
         <wf lemma="lehessen" pos="X">lehessen</wf>
         <wf lemma="." pos="X">.</wf>
      </sentence>
      <sentence id="d000.s467" source="wordnet-hungarian">
         <wf lemma="A" pos="X">A</wf>
         <instance id="d000.s467.t000" lemma="regényíró" pos="NOUN">regényíró</instance>
         <wf lemma="jövőre" pos="X">jövőre</wf>
         <wf lemma="új" pos="X">új</wf>
         <wf lemma="regénnyel" pos="X">regénnyel</wf>
         <wf lemma="rukkol" pos="X">rukkol</wf>
         <wf lemma="elő" pos="X">elő</wf>
         <wf lemma="." pos="X">.</wf>
      </sentence>
      <sentence id="d000.s468" source="wordnet-hungarian">
         <wf lemma="A" pos="X">A</wf>
         <wf lemma="Szent-András-törésvonal" pos="X">Szent-András-törésvonal</wf>
         <wf lemma="mellett" pos="X">mellett</wf>
         <wf lemma="igen" pos="X">igen</wf>
         <wf lemma="gyakoriak" pos="X">gyakoriak</wf>
         <wf lemma="a" pos="X">a</wf>
         <instance id="d000.s468.t000" lemma="földrengés" pos="NOUN">földrengések</instance>
         <wf lemma="." pos="X">.</wf>
      </sentence>
      <sentence id="d000.s469" source="wordnet-hungarian">
         <wf lemma="A" pos="X">A</wf>
         <instance id="d000.s469.t000" lemma="peshmerga" pos="NOUN">peshmergák</instance>
         <wf lemma="inkább" pos="X">inkább</wf>
         <wf lemma="a" pos="X">a</wf>
         <wf lemma="nemzetségfők" pos="X">nemzetségfők</wf>
         <wf lemma="parancsnoksága" pos="X">parancsnoksága</wf>
         <wf lemma="alá" pos="X">alá</wf>
         <wf lemma="tartoztak" pos="X">tartoztak</wf>
         <wf lemma="," pos="X">,</wf>
         <wf lemma="mintsem" pos="X">mintsem</wf>
         <wf lemma="a" pos="X">a</wf>
         <wf lemma="köztársaság" pos="X">köztársaság</wf>
         <wf lemma="kormányszerveihez" pos="X">kormányszerveihez</wf>
         <wf lemma="." pos="X">.</wf>
      </sentence>
      <sentence id="d000.s470" source="wordnet-hungarian">
         <wf lemma="A" pos="X">A</wf>
         <wf lemma="vér" pos="X">vér</wf>
         <instance id="d000.s470.t000" lemma="alvadás" pos="NOUN">alvadása</instance>
         <wf lemma="szükséges" pos="X">szükséges</wf>
         <wf lemma="ahhoz" pos="X">ahhoz</wf>
         <wf lemma="," pos="X">,</wf>
         <wf lemma="hogy" pos="X">hogy</wf>
         <wf lemma="ne" pos="X">ne</wf>
         <wf lemma="vérezzünk" pos="X">vérezzünk</wf>
         <wf lemma="el" pos="X">el</wf>
         <wf lemma="," pos="X">,</wf>
         <wf lemma="ha" pos="X">ha</wf>
         <wf lemma="seb" pos="X">seb</wf>
         <wf lemma="keletkezik" pos="X">keletkezik</wf>
         <wf lemma="." pos="X">.</wf>
      </sentence>
      <sentence id="d000.s471" source="wordnet-hungarian">
         <wf lemma="A" pos="X">A</wf>
         <wf lemma="hegység" pos="X">hegység</wf>
         <wf lemma="lábánál" pos="X">lábánál</wf>
         <wf lemma="tágas" pos="X">tágas</wf>
         <instance id="d000.s471.t000" lemma="síkság" pos="NOUN">síkság</instance>
         <wf lemma="terül" pos="X">terül</wf>
         <wf lemma="el" pos="X">el</wf>
         <wf lemma="." pos="X">.</wf>
      </sentence>
      <sentence id="d000.s472" source="wordnet-hungarian">
         <wf lemma="A" pos="X">A</wf>
         <wf lemma="forradalmár" pos="X">forradalmár</wf>
         <wf lemma="a" pos="X">a</wf>
         <instance id="d000.s472.t000" lemma="garázs" pos="NOUN">garázs</instance>
         <wf lemma="mögé" pos="X">mögé</wf>
         <wf lemma="rejtőzött" pos="X">rejtőzött</wf>
         <wf lemma="." pos="X">.</wf>
      </sentence>
      <sentence id="d000.s473" source="wordnet-hungarian">
         <wf lemma="Több" pos="X">Több</wf>
         <wf lemma="idegen" pos="X">idegen</wf>
         <instance id="d000.s473.t000" lemma="nyelv" pos="NOUN">nyelvet</instance>
         <wf lemma="is" pos="X">is</wf>
         <wf lemma="megtanult" pos="X">megtanult</wf>
         <wf lemma="," pos="X">,</wf>
         <wf lemma="köztük" pos="X">köztük</wf>
         <wf lemma="kínait" pos="X">kínait</wf>
         <wf lemma="is" pos="X">is</wf>
         <wf lemma="." pos="X">.</wf>
      </sentence>
      <sentence id="d000.s474" source="wordnet-hungarian">
         <wf lemma="Ezeket" pos="X">Ezeket</wf>
         <wf lemma="az" pos="X">az</wf>
         <wf lemma="épületeket" pos="X">épületeket</wf>
         <wf lemma="eklektikus" pos="X">eklektikus</wf>
         <wf lemma="stílusban" pos="X">stílusban</wf>
         <instance id="d000.s474.t000" lemma="épít" pos="VERB">építették</instance>
         <wf lemma="." pos="X">.</wf>
      </sentence>
      <sentence id="d000.s475" source="wordnet-hungarian">
         <wf lemma="Aquinói" pos="X">Aquinói</wf>
         <wf lemma="Szent" pos="X">Szent</wf>
         <wf lemma="Tamás" pos="X">Tamás</wf>
         <wf lemma="áldozópap" pos="X">áldozópap</wf>
         <wf lemma="és" pos="X">és</wf>
         <instance id="d000.s475.t000" lemma="egyháztanító" pos="NOUN">egyháztanító</instance>
         <wf lemma="1225-ben" pos="X">1225-ben</wf>
         <wf lemma="született" pos="X">született</wf>
         <wf lemma="Roccaseccában" pos="X">Roccaseccában</wf>
         <wf lemma="." pos="X">.</wf>
      </sentence>
      <sentence id="d000.s476" source="wordnet-hungarian">
         <wf lemma="A" pos="X">A</wf>
         <instance id="d000.s476.t000" lemma="tundra" pos="NOUN">tundrán</instance>
         <wf lemma="élő" pos="X">élő</wf>
         <wf lemma="hantik" pos="X">hantik</wf>
         <wf lemma="szamojéd" pos="X">szamojéd</wf>
         <wf lemma="típusú" pos="X">típusú</wf>
         <wf lemma="vándorló" pos="X">vándorló</wf>
         <wf lemma="népe" pos="X">népe</wf>
         <wf lemma="halászattal" pos="X">halászattal</wf>
         <wf lemma="és" pos="X">és</wf>
         <wf lemma="vadászattal" pos="X">vadászattal</wf>
         <wf lemma="is" pos="X">is</wf>
         <wf lemma="foglalkozik" pos="X">foglalkozik</wf>
         <wf lemma="." pos="X">.</wf>
      </sentence>
      <sentence id="d000.s477" source="wordnet-hungarian">
         <wf lemma="A" pos="X">A</wf>
         <wf lemma="gondosan" pos="X">gondosan</wf>
         <wf lemma="megválasztott" pos="X">megválasztott</wf>
         <instance id="d000.s477.t000" lemma="életbiztosítás" pos="NOUN">életbiztosítás</instance>
         <wf lemma="alkalmas" pos="X">alkalmas</wf>
         <wf lemma="arra" pos="X">arra</wf>
         <wf lemma="," pos="X">,</wf>
         <wf lemma="hogy" pos="X">hogy</wf>
         <wf lemma="növelje" pos="X">növelje</wf>
         <wf lemma="biztonságunkat" pos="X">biztonságunkat</wf>
         <wf lemma="," pos="X">,</wf>
         <wf lemma="és" pos="X">és</wf>
         <wf lemma="lehetőséget" pos="X">lehetőséget</wf>
         <wf lemma="adjon" pos="X">adjon</wf>
         <wf lemma="az" pos="X">az</wf>
         <wf lemma="esetleges" pos="X">esetleges</wf>
         <wf lemma="veszélyhelyzetek" pos="X">veszélyhelyzetek</wf>
         <wf lemma="következményeinek" pos="X">következményeinek</wf>
         <wf lemma="megoldásához" pos="X">megoldásához</wf>
         <wf lemma="." pos="X">.</wf>
      </sentence>
      <sentence id="d000.s478" source="wordnet-hungarian">
         <wf lemma="Tisztában" pos="X">Tisztában</wf>
         <wf lemma="vagyok" pos="X">vagyok</wf>
         <wf lemma="a" pos="X">a</wf>
         <wf lemma="testvérem" pos="X">testvérem</wf>
         <instance id="d000.s478.t000" lemma="gyengeség" pos="NOUN">gyengeségeivel</instance>
         <wf lemma="." pos="X">.</wf>
      </sentence>
      <sentence id="d000.s479" source="wordnet-hungarian">
         <instance id="d000.s479.t000" lemma="szünet" pos="NOUN">Szünetet</instance>
         <wf lemma="tartunk" pos="X">tartunk</wf>
         <wf lemma="." pos="X">.</wf>
      </sentence>
      <sentence id="d000.s480" source="wordnet-hungarian">
         <wf lemma="A" pos="X">A</wf>
         <wf lemma="miniszter" pos="X">miniszter</wf>
         <wf lemma="a" pos="X">a</wf>
         <wf lemma="megjelent" pos="X">megjelent</wf>
         <wf lemma="külföldi" pos="X">külföldi</wf>
         <wf lemma="diplomaták" pos="X">diplomaták</wf>
         <wf lemma="előtt" pos="X">előtt</wf>
         <wf lemma="tartott" pos="X">tartott</wf>
         <instance id="d000.s480.t000" lemma="beszéd" pos="NOUN">beszédet</instance>
         <wf lemma="." pos="X">.</wf>
      </sentence>
      <sentence id="d000.s481" source="wordnet-hungarian">
         <wf lemma="A" pos="X">A</wf>
         <wf lemma="székesfehérváriak" pos="X">székesfehérváriak</wf>
         <wf lemma="a" pos="X">a</wf>
         <wf lemma="Szolnokot" pos="X">Szolnokot</wf>
         <wf lemma="verték" pos="X">verték</wf>
         <wf lemma="24" pos="X">24</wf>
         <instance id="d000.s481.t000" lemma="pont" pos="NOUN">ponttal</instance>
         <wf lemma="," pos="X">,</wf>
         <wf lemma="és" pos="X">és</wf>
         <wf lemma="harmadikak" pos="X">harmadikak</wf>
         <wf lemma="a" pos="X">a</wf>
         <wf lemma="bajnokságban" pos="X">bajnokságban</wf>
         <wf lemma="." pos="X">.</wf>
      </sentence>
      <sentence id="d000.s482" source="wordnet-hungarian">
         <wf lemma="Pár" pos="X">Pár</wf>
         <wf lemma="év" pos="X">év</wf>
         <wf lemma="és" pos="X">és</wf>
         <instance id="d000.s482.t000" lemma="felnő" pos="VERB">felnőnek</instance>
         <wf lemma="a" pos="X">a</wf>
         <wf lemma="gyerekek" pos="X">gyerekek</wf>
         <wf lemma="." pos="X">.</wf>
      </sentence>
      <sentence id="d000.s483" source="wordnet-hungarian">
         <wf lemma="A" pos="X">A</wf>
         <wf lemma="drótok" pos="X">drótok</wf>
         <wf lemma="spirál" pos="X">spirál</wf>
         <wf lemma="alakba" pos="X">alakba</wf>
         <wf lemma="történő" pos="X">történő</wf>
         <instance id="d000.s483.t000" lemma="hajlítás" pos="NOUN">hajlításához</instance>
         <wf lemma="speciális" pos="X">speciális</wf>
         <wf lemma="fogót" pos="X">fogót</wf>
         <wf lemma="kell" pos="X">kell</wf>
         <wf lemma="használni" pos="X">használni</wf>
         <wf lemma="." pos="X">.</wf>
      </sentence>
      <sentence id="d000.s484" source="wordnet-hungarian">
         <wf lemma="A" pos="X">A</wf>
         <wf lemma="rendőrség" pos="X">rendőrség</wf>
         <wf lemma="nem" pos="X">nem</wf>
         <wf lemma="tudta" pos="X">tudta</wf>
         <wf lemma="megakadályozni" pos="X">megakadályozni</wf>
         <wf lemma="a" pos="X">a</wf>
         <wf lemma="rohamkocsi" pos="X">rohamkocsi</wf>
         <wf lemma="darabokra" pos="X">darabokra</wf>
         <instance id="d000.s484.t000" lemma="törés" pos="NOUN">törését</instance>
         <wf lemma="." pos="X">.</wf>
      </sentence>
      <sentence id="d000.s485" source="wordnet-hungarian">
         <wf lemma="A" pos="X">A</wf>
         <wf lemma="Mátra" pos="X">Mátra</wf>
         <wf lemma="változatos" pos="X">változatos</wf>
         <wf lemma="vegetációjához" pos="X">vegetációjához</wf>
         <wf lemma="fajgazdag" pos="X">fajgazdag</wf>
         <instance id="d000.s485.t000" lemma="állatvilág" pos="NOUN">állatvilág</instance>
         <wf lemma="kapcsolódik" pos="X">kapcsolódik</wf>
         <wf lemma="." pos="X">.</wf>
      </sentence>
      <sentence id="d000.s486" source="wordnet-hungarian">
         <wf lemma="Nem" pos="X">Nem</wf>
         <wf lemma="tudok" pos="X">tudok</wf>
         <wf lemma="veled" pos="X">veled</wf>
         <instance id="d000.s486.t000" lemma="egyetért" pos="VERB">egyetérteni</instance>
         <wf lemma="." pos="X">.</wf>
      </sentence>
      <sentence id="d000.s487" source="wordnet-hungarian">
         <wf lemma="A" pos="X">A</wf>
         <instance id="d000.s487.t000" lemma="gettó" pos="NOUN">gettóban</instance>
         <wf lemma="nem" pos="X">nem</wf>
         <wf lemma="tanácsos" pos="X">tanácsos</wf>
         <wf lemma="egyedül" pos="X">egyedül</wf>
         <wf lemma="sétálni" pos="X">sétálni</wf>
         <wf lemma="." pos="X">.</wf>
      </sentence>
      <sentence id="d000.s488" source="wordnet-hungarian">
         <wf lemma="Stratégiai" pos="X">Stratégiai</wf>
         <wf lemma="jelentősége" pos="X">jelentősége</wf>
         <wf lemma="miatt" pos="X">miatt</wf>
         <wf lemma="Jerevánért" pos="X">Jerevánért</wf>
         <wf lemma="évszázadokon" pos="X">évszázadokon</wf>
         <wf lemma="át" pos="X">át</wf>
         <wf lemma="harcoltak" pos="X">harcoltak</wf>
         <wf lemma="egymással" pos="X">egymással</wf>
         <wf lemma="a" pos="X">a</wf>
         <wf lemma="perzsák" pos="X">perzsák</wf>
         <wf lemma="," pos="X">,</wf>
         <wf lemma="az" pos="X">az</wf>
         <instance id="d000.s488.t000" lemma="azerbajdzsáni" pos="NOUN">azerbajdzsániak</instance>
         <wf lemma="és" pos="X">és</wf>
         <wf lemma="az" pos="X">az</wf>
         <wf lemma="Oszmán" pos="X">Oszmán</wf>
         <wf lemma="Birodalom" pos="X">Birodalom</wf>
         <wf lemma="." pos="X">.</wf>
      </sentence>
      <sentence id="d000.s489" source="wordnet-hungarian">
         <wf lemma="Az" pos="X">Az</wf>
         <instance id="d000.s489.t000" lemma="építész" pos="NOUN">építészek</instance>
         <wf lemma="nem" pos="X">nem</wf>
         <wf lemma="mindenben" pos="X">mindenben</wf>
         <wf lemma="értettek" pos="X">értettek</wf>
         <wf lemma="egyet" pos="X">egyet</wf>
         <wf lemma="a" pos="X">a</wf>
         <wf lemma="ház" pos="X">ház</wf>
         <wf lemma="alaprajzát" pos="X">alaprajzát</wf>
         <wf lemma="illetően" pos="X">illetően</wf>
         <wf lemma="." pos="X">.</wf>
      </sentence>
      <sentence id="d000.s490" source="wordnet-hungarian">
         <wf lemma="Sinkovits" pos="X">Sinkovits</wf>
         <wf lemma="nem" pos="X">nem</wf>
         <wf lemma="egyszerűen" pos="X">egyszerűen</wf>
         <wf lemma="jól" pos="X">jól</wf>
         <wf lemma="játszotta" pos="X">játszotta</wf>
         <wf lemma="a" pos="X">a</wf>
         <instance id="d000.s490.t000" lemma="tizedes" pos="NOUN">tizedest</instance>
         <wf lemma="," pos="X">,</wf>
         <wf lemma="hanem" pos="X">hanem</wf>
         <wf lemma="hosszú" pos="X">hosszú</wf>
         <wf lemma="időre" pos="X">időre</wf>
         <wf lemma="összenőtt" pos="X">összenőtt</wf>
         <wf lemma="szerepével" pos="X">szerepével</wf>
         <wf lemma="." pos="X">.</wf>
      </sentence>
      <sentence id="d000.s491" source="wordnet-hungarian">
         <wf lemma="A" pos="X">A</wf>
         <instance id="d000.s491.t000" lemma="kén" pos="NOUN">kén</instance>
         <wf lemma="sárga" pos="X">sárga</wf>
         <wf lemma="lánggal" pos="X">lánggal</wf>
         <wf lemma="ég" pos="X">ég</wf>
         <wf lemma="." pos="X">.</wf>
      </sentence>
      <sentence id="d000.s492" source="wordnet-hungarian">
         <wf lemma="Ha" pos="X">Ha</wf>
         <wf lemma="átállítod" pos="X">átállítod</wf>
         <wf lemma="a" pos="X">a</wf>
         <wf lemma="kapcsolót" pos="X">kapcsolót</wf>
         <wf lemma="," pos="X">,</wf>
         <wf lemma="zárul" pos="X">zárul</wf>
         <wf lemma="az" pos="X">az</wf>
         <instance id="d000.s492.t000" lemma="áramkör" pos="NOUN">áramkör</instance>
         <wf lemma="." pos="X">.</wf>
      </sentence>
      <sentence id="d000.s493" source="wordnet-hungarian">
         <wf lemma="Az" pos="X">Az</wf>
         <wf lemma="a" pos="X">a</wf>
         <wf lemma="lány" pos="X">lány</wf>
         <wf lemma="bolondot" pos="X">bolondot</wf>
         <instance id="d000.s493.t000" lemma="csinál" pos="VERB">csinál</instance>
         <wf lemma="Lajoskából" pos="X">Lajoskából</wf>
         <wf lemma="." pos="X">.</wf>
      </sentence>
      <sentence id="d000.s494" source="wordnet-hungarian">
         <wf lemma="A" pos="X">A</wf>
         <instance id="d000.s494.t000" lemma="luxemburgi" pos="NOUN">luxemburgiak</instance>
         <wf lemma="elfogadták" pos="X">elfogadták</wf>
         <wf lemma="az" pos="X">az</wf>
         <wf lemma="uniós" pos="X">uniós</wf>
         <wf lemma="alkotmányt" pos="X">alkotmányt</wf>
         <wf lemma="a" pos="X">a</wf>
         <wf lemma="vasárnap" pos="X">vasárnap</wf>
         <wf lemma="tartott" pos="X">tartott</wf>
         <wf lemma="népszavazáson" pos="X">népszavazáson</wf>
         <wf lemma="." pos="X">.</wf>
      </sentence>
      <sentence id="d000.s495" source="wordnet-hungarian">
         <wf lemma="A" pos="X">A</wf>
         <wf lemma="katonaságnál" pos="X">katonaságnál</wf>
         <instance id="d000.s495.t000" lemma="előléptetés" pos="NOUN">előléptetés</instance>
         <wf lemma="vár" pos="X">vár</wf>
         <wf lemma="a" pos="X">a</wf>
         <wf lemma="régóta" pos="X">régóta</wf>
         <wf lemma="szolgáló" pos="X">szolgáló</wf>
         <wf lemma="tisztekre" pos="X">tisztekre</wf>
         <wf lemma="." pos="X">.</wf>
      </sentence>
      <sentence id="d000.s496" source="wordnet-hungarian">
         <wf lemma="Reggel" pos="X">Reggel</wf>
         <wf lemma="felhúzta" pos="X">felhúzta</wf>
         <wf lemma="a" pos="X">a</wf>
         <instance id="d000.s496.t000" lemma="roló" pos="NOUN">rolót</instance>
         <wf lemma="az" pos="X">az</wf>
         <wf lemma="ablakon" pos="X">ablakon</wf>
         <wf lemma="." pos="X">.</wf>
      </sentence>
      <sentence id="d000.s497" source="wordnet-hungarian">
         <wf lemma="A" pos="X">A</wf>
         <instance id="d000.s497.t000" lemma="hitelkeret" pos="NOUN">hitelkerete</instance>
         <wf lemma="kimerült" pos="X">kimerült</wf>
         <wf lemma="," pos="X">,</wf>
         <wf lemma="ezért" pos="X">ezért</wf>
         <wf lemma="kénytelen" pos="X">kénytelen</wf>
         <wf lemma="volt" pos="X">volt</wf>
         <wf lemma="lemondani" pos="X">lemondani</wf>
         <wf lemma="az" pos="X">az</wf>
         <wf lemma="új" pos="X">új</wf>
         <wf lemma="TV" pos="X">TV</wf>
         <wf lemma="megvásárlásáról" pos="X">megvásárlásáról</wf>
         <wf lemma="." pos="X">.</wf>
      </sentence>
      <sentence id="d000.s498" source="wordnet-hungarian">
         <wf lemma="Az" pos="X">Az</wf>
         <wf lemma="egyetemi" pos="X">egyetemi</wf>
         <wf lemma="szakok" pos="X">szakok</wf>
         <wf lemma="tantárgyai" pos="X">tantárgyai</wf>
         <instance id="d000.s498.t000" lemma="modul" pos="NOUN">modulokba</instance>
         <wf lemma="csoportosíthatók" pos="X">csoportosíthatók</wf>
         <wf lemma="." pos="X">.</wf>
      </sentence>
      <sentence id="d000.s499" source="wordnet-hungarian">
         <wf lemma="A" pos="X">A</wf>
         <instance id="d000.s499.t000" lemma="kutya" pos="NOUN">kutya</instance>
         <wf lemma="egész" pos="X">egész</wf>
         <wf lemma="éjszaka" pos="X">éjszaka</wf>
         <wf lemma="ugatott" pos="X">ugatott</wf>
         <wf lemma="." pos="X">.</wf>
      </sentence>
      <sentence id="d000.s500" source="wordnet-hungarian">
         <wf lemma="Az" pos="X">Az</wf>
         <wf lemma="afrikai" pos="X">afrikai</wf>
         <wf lemma="sivatagi" pos="X">sivatagi</wf>
         <wf lemma="település" pos="X">település</wf>
         <wf lemma="az" pos="X">az</wf>
         <wf lemma="arab" pos="X">arab</wf>
         <instance id="d000.s500.t000" lemma="kasbah" pos="NOUN">kasbah</instance>
         <wf lemma="tipikus" pos="X">tipikus</wf>
         <wf lemma="példája" pos="X">példája</wf>
         <wf lemma="." pos="X">.</wf>
      </sentence>
      <sentence id="d000.s501" source="wordnet-hungarian">
         <wf lemma="A" pos="X">A</wf>
         <wf lemma="kincsből" pos="X">kincsből</wf>
         <wf lemma="mindenki" pos="X">mindenki</wf>
         <wf lemma="megkapta" pos="X">megkapta</wf>
         <instance id="d000.s501.t000" lemma="rész" pos="NOUN">részét</instance>
         <wf lemma="." pos="X">.</wf>
      </sentence>
      <sentence id="d000.s502" source="wordnet-hungarian">
         <wf lemma="15" pos="X">15</wf>
         <wf lemma="éven" pos="X">éven</wf>
         <wf lemma="aluli" pos="X">aluli</wf>
         <wf lemma="gyermekekben" pos="X">gyermekekben</wf>
         <wf lemma="a" pos="X">a</wf>
         <instance id="d000.s502.t000" lemma="fehérvérűség" pos="NOUN">fehérvérűség</instance>
         <wf lemma="a" pos="X">a</wf>
         <wf lemma="leggyakoribb" pos="X">leggyakoribb</wf>
         <wf lemma="rosszindulatú" pos="X">rosszindulatú</wf>
         <wf lemma="megbetegedés" pos="X">megbetegedés</wf>
         <wf lemma="." pos="X">.</wf>
      </sentence>
      <sentence id="d000.s503" source="wordnet-hungarian">
         <wf lemma="Az" pos="X">Az</wf>
         <wf lemma="Augustus" pos="X">Augustus</wf>
         <wf lemma="által" pos="X">által</wf>
         <wf lemma="létrehozott" pos="X">létrehozott</wf>
         <wf lemma="&amp;quot;principátus&amp;quot" pos="X">&amp;quot;principátus&amp;quot</wf>
         <wf lemma=";" pos="X">;</wf>
         <wf lemma="az" pos="X">az</wf>
         <instance id="d000.s503.t000" lemma="egyeduralom" pos="NOUN">egyeduralom</instance>
         <wf lemma="burkolt" pos="X">burkolt</wf>
         <wf lemma="formáját" pos="X">formáját</wf>
         <wf lemma="jelentette" pos="X">jelentette</wf>
         <wf lemma="." pos="X">.</wf>
      </sentence>
      <sentence id="d000.s504" source="wordnet-hungarian">
         <wf lemma="Szükség" pos="X">Szükség</wf>
         <wf lemma="van" pos="X">van</wf>
         <wf lemma="a" pos="X">a</wf>
         <instance id="d000.s504.t000" lemma="segítség" pos="NOUN">segítségre</instance>
         <wf lemma="," pos="X">,</wf>
         <wf lemma="egyedül" pos="X">egyedül</wf>
         <wf lemma="nem" pos="X">nem</wf>
         <wf lemma="boldogulunk" pos="X">boldogulunk</wf>
         <wf lemma="!" pos="X">!</wf>
      </sentence>
      <sentence id="d000.s505" source="wordnet-hungarian">
         <wf lemma="Az" pos="X">Az</wf>
         <instance id="d000.s505.t000" lemma="előadó" pos="NOUN">előadó</instance>
         <wf lemma="kénytelen" pos="X">kénytelen</wf>
         <wf lemma="volt" pos="X">volt</wf>
         <wf lemma="később" pos="X">később</wf>
         <wf lemma="elkezdeni" pos="X">elkezdeni</wf>
         <wf lemma="mondandóját" pos="X">mondandóját</wf>
         <wf lemma="," pos="X">,</wf>
         <wf lemma="mert" pos="X">mert</wf>
         <wf lemma="a" pos="X">a</wf>
         <wf lemma="terem" pos="X">terem</wf>
         <wf lemma="időre" pos="X">időre</wf>
         <wf lemma="nem" pos="X">nem</wf>
         <wf lemma="telt" pos="X">telt</wf>
         <wf lemma="meg" pos="X">meg</wf>
         <wf lemma="." pos="X">.</wf>
      </sentence>
      <sentence id="d000.s506" source="wordnet-hungarian">
         <wf lemma="Mobiltelefonon" pos="X">Mobiltelefonon</wf>
         <wf lemma="is" pos="X">is</wf>
         <wf lemma="lehet" pos="X">lehet</wf>
         <instance id="d000.s506.t000" lemma="vonatjegy" pos="NOUN">vonatjegyet</instance>
         <wf lemma="váltani" pos="X">váltani</wf>
         <wf lemma="Németországban" pos="X">Németországban</wf>
         <wf lemma="." pos="X">.</wf>
      </sentence>
      <sentence id="d000.s507" source="wordnet-hungarian">
         <wf lemma="Az" pos="X">Az</wf>
         <wf lemma="emberi" pos="X">emberi</wf>
         <instance id="d000.s507.t000" lemma="kommunikáció" pos="NOUN">kommunikáció</instance>
         <wf lemma="fő" pos="X">fő</wf>
         <wf lemma="eszköze" pos="X">eszköze</wf>
         <wf lemma="a" pos="X">a</wf>
         <wf lemma="beszéd" pos="X">beszéd</wf>
         <wf lemma="." pos="X">.</wf>
      </sentence>
      <sentence id="d000.s508" source="wordnet-hungarian">
         <wf lemma="2003-ban" pos="X">2003-ban</wf>
         <wf lemma="ebben" pos="X">ebben</wf>
         <wf lemma="régióban" pos="X">régióban</wf>
         <wf lemma="is" pos="X">is</wf>
         <wf lemma="megtorpant" pos="X">megtorpant</wf>
         <wf lemma="a" pos="X">a</wf>
         <wf lemma="működő" pos="X">működő</wf>
         <wf lemma="tőke" pos="X">tőke</wf>
         <instance id="d000.s508.t000" lemma="beáramlás" pos="NOUN">beáramlása</instance>
         <wf lemma="." pos="X">.</wf>
      </sentence>
      <sentence id="d000.s509" source="wordnet-hungarian">
         <wf lemma="Az" pos="X">Az</wf>
         <instance id="d000.s509.t000" lemma="anyagcsere" pos="NOUN">anyagcsere</instance>
         <wf lemma="energiaigényes" pos="X">energiaigényes</wf>
         <wf lemma="folyamataihoz" pos="X">folyamataihoz</wf>
         <wf lemma="az" pos="X">az</wf>
         <wf lemma="élőlények" pos="X">élőlények</wf>
         <wf lemma="a" pos="X">a</wf>
         <wf lemma="külvilág" pos="X">külvilág</wf>
         <wf lemma="különböző" pos="X">különböző</wf>
         <wf lemma="energiafajtáit" pos="X">energiafajtáit</wf>
         <wf lemma="használják" pos="X">használják</wf>
         <wf lemma="fel" pos="X">fel</wf>
         <wf lemma="." pos="X">.</wf>
      </sentence>
      <sentence id="d000.s510" source="wordnet-hungarian">
         <wf lemma="A" pos="X">A</wf>
         <instance id="d000.s510.t000" lemma="lépcsőház" pos="NOUN">lépcsőházban</instance>
         <wf lemma="mentünk" pos="X">mentünk</wf>
         <wf lemma="fel" pos="X">fel</wf>
         <wf lemma="az" pos="X">az</wf>
         <wf lemma="emeletre" pos="X">emeletre</wf>
         <wf lemma="." pos="X">.</wf>
      </sentence>
      <sentence id="d000.s511" source="wordnet-hungarian">
         <wf lemma="Ismeretlen" pos="X">Ismeretlen</wf>
         <instance id="d000.s511.t000" lemma="erő" pos="NOUN">erők</instance>
         <wf lemma="fogtak" pos="X">fogtak</wf>
         <wf lemma="össze" pos="X">össze</wf>
         <wf lemma="ellenünk" pos="X">ellenünk</wf>
         <wf lemma="." pos="X">.</wf>
      </sentence>
      <sentence id="d000.s512" source="wordnet-hungarian">
         <wf lemma="Az" pos="X">Az</wf>
         <wf lemma="idénymunkások" pos="X">idénymunkások</wf>
         <wf lemma="városról" pos="X">városról</wf>
         <wf lemma="városra" pos="X">városra</wf>
         <instance id="d000.s512.t000" lemma="vándorol" pos="VERB">vándorolnak</instance>
         <wf lemma="." pos="X">.</wf>
      </sentence>
      <sentence id="d000.s513" source="wordnet-hungarian">
         <wf lemma="Kati" pos="X">Kati</wf>
         <instance id="d000.s513.t000" lemma="utánanéz" pos="VERB">utánanézett</instance>
         <wf lemma="a" pos="X">a</wf>
         <wf lemma="szó" pos="X">szó</wf>
         <wf lemma="helyesírásának" pos="X">helyesírásának</wf>
         <wf lemma="." pos="X">.</wf>
      </sentence>
      <sentence id="d000.s514" source="wordnet-hungarian">
         <wf lemma="Nem" pos="X">Nem</wf>
         <wf lemma="tudtam" pos="X">tudtam</wf>
         <wf lemma="aludni" pos="X">aludni</wf>
         <wf lemma="," pos="X">,</wf>
         <wf lemma="mert" pos="X">mert</wf>
         <wf lemma="a" pos="X">a</wf>
         <wf lemma="szomszéd" pos="X">szomszéd</wf>
         <wf lemma="épp" pos="X">épp</wf>
         <wf lemma="a" pos="X">a</wf>
         <wf lemma="skálázást" pos="X">skálázást</wf>
         <instance id="d000.s514.t000" lemma="gyakorol" pos="VERB">gyakorolta</instance>
         <wf lemma="." pos="X">.</wf>
      </sentence>
      <sentence id="d000.s515" source="wordnet-hungarian">
         <wf lemma="Ne" pos="X">Ne</wf>
         <wf lemma="becsüld" pos="X">becsüld</wf>
         <wf lemma="alá" pos="X">alá</wf>
         <wf lemma="az" pos="X">az</wf>
         <wf lemma="atomenergia" pos="X">atomenergia</wf>
         <instance id="d000.s515.t000" lemma="jelentőség" pos="NOUN">jelentőségét</instance>
         <wf lemma="!" pos="X">!</wf>
      </sentence>
      <sentence id="d000.s516" source="wordnet-hungarian">
         <wf lemma="A" pos="X">A</wf>
         <wf lemma="kérdés" pos="X">kérdés</wf>
         <wf lemma="minden" pos="X">minden</wf>
         <wf lemma="egyes" pos="X">egyes</wf>
         <instance id="d000.s516.t000" lemma="aspektus" pos="NOUN">aspektusát</instance>
         <wf lemma="jól" pos="X">jól</wf>
         <wf lemma="átvizsgálta" pos="X">átvizsgálta</wf>
         <wf lemma="." pos="X">.</wf>
      </sentence>
      <sentence id="d000.s517" source="wordnet-hungarian">
         <wf lemma="A" pos="X">A</wf>
         <instance id="d000.s517.t000" lemma="zab" pos="NOUN">zab</instance>
         <wf lemma="a" pos="X">a</wf>
         <wf lemma="kalászos" pos="X">kalászos</wf>
         <wf lemma="növények" pos="X">növények</wf>
         <wf lemma="között" pos="X">között</wf>
         <wf lemma="viszonylag" pos="X">viszonylag</wf>
         <wf lemma="későn" pos="X">későn</wf>
         <wf lemma="került" pos="X">került</wf>
         <wf lemma="termesztésre" pos="X">termesztésre</wf>
         <wf lemma="." pos="X">.</wf>
      </sentence>
      <sentence id="d000.s518" source="wordnet-hungarian">
         <instance id="d000.s518.t000" lemma="átad" pos="VERB">Átadtam</instance>
         <wf lemma="Ferinek" pos="X">Ferinek</wf>
         <wf lemma="a" pos="X">a</wf>
         <wf lemma="jogokat" pos="X">jogokat</wf>
         <wf lemma="." pos="X">.</wf>
      </sentence>
      <sentence id="d000.s519" source="wordnet-hungarian">
         <wf lemma="Főnöke" pos="X">Főnöke</wf>
         <wf lemma="elfogadta" pos="X">elfogadta</wf>
         <wf lemma="a" pos="X">a</wf>
         <instance id="d000.s519.t000" lemma="lemondás" pos="NOUN">lemondását</instance>
         <wf lemma="." pos="X">.</wf>
      </sentence>
      <sentence id="d000.s520" source="wordnet-hungarian">
         <instance id="d000.s520.t000" lemma="állít" pos="VERB">Állítsunk</instance>
         <wf lemma="sátrat" pos="X">sátrat</wf>
         <wf lemma="mielőtt" pos="X">mielőtt</wf>
         <wf lemma="besötétedik" pos="X">besötétedik</wf>
         <wf lemma="." pos="X">.</wf>
      </sentence>
      <sentence id="d000.s521" source="wordnet-hungarian">
         <wf lemma="Ez" pos="X">Ez</wf>
         <wf lemma="nincs" pos="X">nincs</wf>
         <wf lemma="kapcsolatban" pos="X">kapcsolatban</wf>
         <wf lemma="a" pos="X">a</wf>
         <instance id="d000.s521.t000" lemma="munka" pos="NOUN">munkájával</instance>
         <wf lemma="." pos="X">.</wf>
      </sentence>
      <sentence id="d000.s522" source="wordnet-hungarian">
         <wf lemma="A" pos="X">A</wf>
         <wf lemma="térségben" pos="X">térségben</wf>
         <wf lemma="egyre" pos="X">egyre</wf>
         <wf lemma="több" pos="X">több</wf>
         <wf lemma="törekvés" pos="X">törekvés</wf>
         <wf lemma="tapintható" pos="X">tapintható</wf>
         <wf lemma="ki" pos="X">ki</wf>
         <wf lemma="a" pos="X">a</wf>
         <wf lemma="közös" pos="X">közös</wf>
         <wf lemma="értékek" pos="X">értékek</wf>
         <wf lemma="felismerésére" pos="X">felismerésére</wf>
         <wf lemma="az" pos="X">az</wf>
         <wf lemma="országok" pos="X">országok</wf>
         <wf lemma="politikai" pos="X">politikai</wf>
         <instance id="d000.s522.t000" lemma="elit" pos="NOUN">elitjében</instance>
         <wf lemma="." pos="X">.</wf>
      </sentence>
      <sentence id="d000.s523" source="wordnet-hungarian">
         <wf lemma="Ha" pos="X">Ha</wf>
         <wf lemma="nem" pos="X">nem</wf>
         <wf lemma="tudunk" pos="X">tudunk</wf>
         <wf lemma="még" pos="X">még</wf>
         <wf lemma="vagy" pos="X">vagy</wf>
         <wf lemma="5" pos="X">5</wf>
         <wf lemma="milliót" pos="X">milliót</wf>
         <wf lemma="szerezni" pos="X">szerezni</wf>
         <wf lemma="," pos="X">,</wf>
         <wf lemma="nagy" pos="X">nagy</wf>
         <instance id="d000.s523.t000" lemma="hátrány" pos="NOUN">hátránnyal</instance>
         <wf lemma="fogunk" pos="X">fogunk</wf>
         <wf lemma="indulni" pos="X">indulni</wf>
         <wf lemma="az" pos="X">az</wf>
         <wf lemma="árverésen" pos="X">árverésen</wf>
         <wf lemma="." pos="X">.</wf>
      </sentence>
      <sentence id="d000.s524" source="wordnet-hungarian">
         <wf lemma="A" pos="X">A</wf>
         <instance id="d000.s524.t000" lemma="vérzés" pos="NOUN">vérzést</instance>
         <wf lemma="sürgősen" pos="X">sürgősen</wf>
         <wf lemma="el" pos="X">el</wf>
         <wf lemma="kell" pos="X">kell</wf>
         <wf lemma="állítani" pos="X">állítani</wf>
         <wf lemma="mert" pos="X">mert</wf>
         <wf lemma="már" pos="X">már</wf>
         <wf lemma="is" pos="X">is</wf>
         <wf lemma="sok" pos="X">sok</wf>
         <wf lemma="vért" pos="X">vért</wf>
         <wf lemma="vesztett" pos="X">vesztett</wf>
         <wf lemma="." pos="X">.</wf>
      </sentence>
      <sentence id="d000.s525" source="wordnet-hungarian">
         <wf lemma="A" pos="X">A</wf>
         <instance id="d000.s525.t000" lemma="mintázó" pos="NOUN">mintázó</instance>
         <wf lemma="nem" pos="X">nem</wf>
         <wf lemma="figyelt" pos="X">figyelt</wf>
         <wf lemma="oda" pos="X">oda</wf>
         <wf lemma="az" pos="X">az</wf>
         <wf lemma="apró" pos="X">apró</wf>
         <wf lemma="részletekre" pos="X">részletekre</wf>
         <wf lemma="." pos="X">.</wf>
      </sentence>
      <sentence id="d000.s526" source="wordnet-hungarian">
         <wf lemma="A" pos="X">A</wf>
         <wf lemma="legtöbb" pos="X">legtöbb</wf>
         <instance id="d000.s526.t000" lemma="növénybetegség" pos="NOUN">növénybetegségnek</instance>
         <wf lemma="megvan" pos="X">megvan</wf>
         <wf lemma="az" pos="X">az</wf>
         <wf lemma="ellenszere" pos="X">ellenszere</wf>
         <wf lemma="." pos="X">.</wf>
      </sentence>
      <sentence id="d000.s527" source="wordnet-hungarian">
         <wf lemma="Betette" pos="X">Betette</wf>
         <wf lemma="egy" pos="X">egy</wf>
         <instance id="d000.s527.t000" lemma="doboz" pos="NOUN">dobozba</instance>
         <wf lemma="a" pos="X">a</wf>
         <wf lemma="már" pos="X">már</wf>
         <wf lemma="nem" pos="X">nem</wf>
         <wf lemma="használt" pos="X">használt</wf>
         <wf lemma="játékokat" pos="X">játékokat</wf>
         <wf lemma="." pos="X">.</wf>
      </sentence>
      <sentence id="d000.s528" source="wordnet-hungarian">
         <wf lemma="A" pos="X">A</wf>
         <wf lemma="színész" pos="X">színész</wf>
         <wf lemma="egy" pos="X">egy</wf>
         <wf lemma="pillanatra" pos="X">pillanatra</wf>
         <wf lemma="kiesett" pos="X">kiesett</wf>
         <wf lemma="a" pos="X">a</wf>
         <instance id="d000.s528.t000" lemma="szerep" pos="NOUN">szerepéből</instance>
         <wf lemma="." pos="X">.</wf>
      </sentence>
      <sentence id="d000.s529" source="wordnet-hungarian">
         <wf lemma="Ez" pos="X">Ez</wf>
         <wf lemma="a" pos="X">a</wf>
         <wf lemma="törvényerejű" pos="X">törvényerejű</wf>
         <instance id="d000.s529.t000" lemma="rendelet" pos="NOUN">rendelet</instance>
         <wf lemma="egy" pos="X">egy</wf>
         <wf lemma="hónap" pos="X">hónap</wf>
         <wf lemma="múlva" pos="X">múlva</wf>
         <wf lemma="válik" pos="X">válik</wf>
         <wf lemma="hatályossá" pos="X">hatályossá</wf>
         <wf lemma="." pos="X">.</wf>
      </sentence>
      <sentence id="d000.s530" source="wordnet-hungarian">
         <wf lemma="Az" pos="X">Az</wf>
         <instance id="d000.s530.t000" lemma="árpa" pos="NOUN">árpa</instance>
         <wf lemma="a" pos="X">a</wf>
         <wf lemma="hideg" pos="X">hideg</wf>
         <wf lemma="mérsékelt" pos="X">mérsékelt</wf>
         <wf lemma="öv" pos="X">öv</wf>
         <wf lemma="legősibb" pos="X">legősibb</wf>
         <wf lemma="és" pos="X">és</wf>
         <wf lemma="ma" pos="X">ma</wf>
         <wf lemma="is" pos="X">is</wf>
         <wf lemma="legfontosabb" pos="X">legfontosabb</wf>
         <wf lemma="gabonaféléje" pos="X">gabonaféléje</wf>
         <wf lemma="." pos="X">.</wf>
      </sentence>
      <sentence id="d000.s531" source="wordnet-hungarian">
         <wf lemma="Az" pos="X">Az</wf>
         <wf lemma="értékeinket" pos="X">értékeinket</wf>
         <wf lemma="tegyük" pos="X">tegyük</wf>
         <wf lemma="be" pos="X">be</wf>
         <wf lemma="a" pos="X">a</wf>
         <instance id="d000.s531.t000" lemma="páncélszekrény" pos="NOUN">páncélszekrénybe</instance>
         <wf lemma="." pos="X">.</wf>
      </sentence>
      <sentence id="d000.s532" source="wordnet-hungarian">
         <wf lemma="A" pos="X">A</wf>
         <wf lemma="találkozón" pos="X">találkozón</wf>
         <wf lemma="való" pos="X">való</wf>
         <instance id="d000.s532.t000" lemma="részvétel" pos="NOUN">részvétel</instance>
         <wf lemma="messze" pos="X">messze</wf>
         <wf lemma="elmaradt" pos="X">elmaradt</wf>
         <wf lemma="a" pos="X">a</wf>
         <wf lemma="várakozástól" pos="X">várakozástól</wf>
         <wf lemma="." pos="X">.</wf>
      </sentence>
      <sentence id="d000.s533" source="wordnet-hungarian">
         <wf lemma="A" pos="X">A</wf>
         <instance id="d000.s533.t000" lemma="pesszimista" pos="NOUN">pesszimistát</instance>
         <wf lemma="soha" pos="X">soha</wf>
         <wf lemma="nem" pos="X">nem</wf>
         <wf lemma="érheti" pos="X">érheti</wf>
         <wf lemma="kellemetlen" pos="X">kellemetlen</wf>
         <wf lemma="meglepetés" pos="X">meglepetés</wf>
         <wf lemma="." pos="X">.</wf>
      </sentence>
      <sentence id="d000.s534" source="wordnet-hungarian">
         <wf lemma="Kolumbiai" pos="X">Kolumbiai</wf>
         <wf lemma="szélsőbaloldali" pos="X">szélsőbaloldali</wf>
         <instance id="d000.s534.t000" lemma="gerilla" pos="NOUN">gerillák</instance>
         <wf lemma="tőrbe" pos="X">tőrbe</wf>
         <wf lemma="csalták" pos="X">csalták</wf>
         <wf lemma="és" pos="X">és</wf>
         <wf lemma="megölték" pos="X">megölték</wf>
         <wf lemma="a" pos="X">a</wf>
         <wf lemma="hadsereg" pos="X">hadsereg</wf>
         <wf lemma="tizenhét" pos="X">tizenhét</wf>
         <wf lemma="tagját" pos="X">tagját</wf>
         <wf lemma="." pos="X">.</wf>
      </sentence>
      <sentence id="d000.s535" source="wordnet-hungarian">
         <wf lemma="A" pos="X">A</wf>
         <wf lemma="búvár" pos="X">búvár</wf>
         <wf lemma="palackja" pos="X">palackja</wf>
         <instance id="d000.s535.t000" lemma="felmerül" pos="VERB">felmerült</instance>
         <wf lemma="." pos="X">.</wf>
      </sentence>
      <sentence id="d000.s536" source="wordnet-hungarian">
         <wf lemma="Az" pos="X">Az</wf>
         <wf lemma="apám" pos="X">apám</wf>
         <wf lemma="mindig" pos="X">mindig</wf>
         <instance id="d000.s536.t000" lemma="hord" pos="VERB">hord</instance>
         <wf lemma="magánál" pos="X">magánál</wf>
         <wf lemma="egy" pos="X">egy</wf>
         <wf lemma="kis" pos="X">kis</wf>
         <wf lemma="szerszámoskészletet" pos="X">szerszámoskészletet</wf>
         <wf lemma="." pos="X">.</wf>
      </sentence>
      <sentence id="d000.s537" source="wordnet-hungarian">
         <wf lemma="Ha" pos="X">Ha</wf>
         <wf lemma="nem" pos="X">nem</wf>
         <wf lemma="szervi" pos="X">szervi</wf>
         <wf lemma="eredetű" pos="X">eredetű</wf>
         <wf lemma="a" pos="X">a</wf>
         <wf lemma="panasz" pos="X">panasz</wf>
         <wf lemma="," pos="X">,</wf>
         <wf lemma="inkább" pos="X">inkább</wf>
         <instance id="d000.s537.t000" lemma="pszichológus" pos="NOUN">pszichológushoz</instance>
         <wf lemma="fordulj" pos="X">fordulj</wf>
         <wf lemma="!" pos="X">!</wf>
      </sentence>
      <sentence id="d000.s538" source="wordnet-hungarian">
         <wf lemma="Mindig" pos="X">Mindig</wf>
         <instance id="d000.s538.t000" lemma="érdekel" pos="VERB">érdekeltek</instance>
         <wf lemma="az" pos="X">az</wf>
         <wf lemma="ókori" pos="X">ókori</wf>
         <wf lemma="egyiptomiak" pos="X">egyiptomiak</wf>
         <wf lemma="." pos="X">.</wf>
      </sentence>
      <sentence id="d000.s539" source="wordnet-hungarian">
         <wf lemma="A" pos="X">A</wf>
         <instance id="d000.s539.t000" lemma="kengurufélék" pos="NOUN">kenguruféléket</instance>
         <wf lemma="nézték" pos="X">nézték</wf>
         <wf lemma="meg" pos="X">meg</wf>
         <wf lemma="legtöbben" pos="X">legtöbben</wf>
         <wf lemma="az" pos="X">az</wf>
         <wf lemma="állatkertben" pos="X">állatkertben</wf>
         <wf lemma="." pos="X">.</wf>
      </sentence>
      <sentence id="d000.s540" source="wordnet-hungarian">
         <wf lemma="A" pos="X">A</wf>
         <instance id="d000.s540.t000" lemma="cipőkanál" pos="NOUN">cipőkanálra</instance>
         <wf lemma="volt" pos="X">volt</wf>
         <wf lemma="szükségem" pos="X">szükségem</wf>
         <wf lemma="a" pos="X">a</wf>
         <wf lemma="cipő" pos="X">cipő</wf>
         <wf lemma="felvételéhez" pos="X">felvételéhez</wf>
         <wf lemma="." pos="X">.</wf>
      </sentence>
      <sentence id="d000.s541" source="wordnet-hungarian">
         <wf lemma="A" pos="X">A</wf>
         <instance id="d000.s541.t000" lemma="gyorsulás" pos="NOUN">gyorsulástól</instance>
         <wf lemma="teljesen" pos="X">teljesen</wf>
         <wf lemma="elszédült" pos="X">elszédült</wf>
         <wf lemma="." pos="X">.</wf>
      </sentence>
      <sentence id="d000.s542" source="wordnet-hungarian">
         <wf lemma="A" pos="X">A</wf>
         <wf lemma="hajdani" pos="X">hajdani</wf>
         <wf lemma="széles" pos="X">széles</wf>
         <wf lemma="meder" pos="X">meder</wf>
         <wf lemma="közepén" pos="X">közepén</wf>
         <wf lemma="ma" pos="X">ma</wf>
         <wf lemma="is" pos="X">is</wf>
         <wf lemma="eleven" pos="X">eleven</wf>
         <instance id="d000.s542.t000" lemma="vízfolyás" pos="NOUN">vízfolyás</instance>
         <wf lemma="van" pos="X">van</wf>
         <wf lemma="." pos="X">.</wf>
      </sentence>
      <sentence id="d000.s543" source="wordnet-hungarian">
         <wf lemma="Minden" pos="X">Minden</wf>
         <instance id="d000.s543.t000" lemma="gaméta" pos="NOUN">gaméta</instance>
         <wf lemma="egy" pos="X">egy</wf>
         <wf lemma="génnek" pos="X">génnek</wf>
         <wf lemma="csak" pos="X">csak</wf>
         <wf lemma="egy" pos="X">egy</wf>
         <wf lemma="változatát" pos="X">változatát</wf>
         <wf lemma="tartalmazza" pos="X">tartalmazza</wf>
         <wf lemma="." pos="X">.</wf>
      </sentence>
      <sentence id="d000.s544" source="wordnet-hungarian">
         <wf lemma="A" pos="X">A</wf>
         <instance id="d000.s544.t000" lemma="nősziromfélék" pos="NOUN">nősziromféléknek</instance>
         <wf lemma="hat" pos="X">hat</wf>
         <wf lemma="faja" pos="X">faja</wf>
         <wf lemma="él" pos="X">él</wf>
         <wf lemma="hazánkban" pos="X">hazánkban</wf>
         <wf lemma="." pos="X">.</wf>
      </sentence>
      <sentence id="d000.s545" source="wordnet-hungarian">
         <wf lemma="A" pos="X">A</wf>
         <instance id="d000.s545.t000" lemma="világ" pos="NOUN">világ</instance>
         <wf lemma="legöregebb" pos="X">legöregebb</wf>
         <wf lemma="embere" pos="X">embere</wf>
         <wf lemma="százhuszonhét" pos="X">százhuszonhét</wf>
         <wf lemma="éves" pos="X">éves</wf>
         <wf lemma="." pos="X">.</wf>
      </sentence>
      <sentence id="d000.s546" source="wordnet-hungarian">
         <wf lemma="A" pos="X">A</wf>
         <instance id="d000.s546.t000" lemma="polimer" pos="NOUN">polimerek</instance>
         <wf lemma="a" pos="X">a</wf>
         <wf lemma="közhiedelemmel" pos="X">közhiedelemmel</wf>
         <wf lemma="ellentétben" pos="X">ellentétben</wf>
         <wf lemma="nem" pos="X">nem</wf>
         <wf lemma="azonosak" pos="X">azonosak</wf>
         <wf lemma="a" pos="X">a</wf>
         <wf lemma="műanyagokkal" pos="X">műanyagokkal</wf>
         <wf lemma="." pos="X">.</wf>
      </sentence>
      <sentence id="d000.s547" source="wordnet-hungarian">
         <wf lemma="A" pos="X">A</wf>
         <instance id="d000.s547.t000" lemma="galaxis" pos="NOUN">galaxis</instance>
         <wf lemma="130" pos="X">130</wf>
         <wf lemma="ezer" pos="X">ezer</wf>
         <wf lemma="fényéves" pos="X">fényéves</wf>
         <wf lemma="átmérőjével" pos="X">átmérőjével</wf>
         <wf lemma="alig" pos="X">alig</wf>
         <wf lemma="nagyobb" pos="X">nagyobb</wf>
         <wf lemma="a" pos="X">a</wf>
         <wf lemma="Tejútrendszernél" pos="X">Tejútrendszernél</wf>
         <wf lemma="." pos="X">.</wf>
      </sentence>
      <sentence id="d000.s548" source="wordnet-hungarian">
         <wf lemma="Idén" pos="X">Idén</wf>
         <wf lemma="ismét" pos="X">ismét</wf>
         <wf lemma="emelkedik" pos="X">emelkedik</wf>
         <wf lemma="az" pos="X">az</wf>
         <wf lemma="áruforgalmim" pos="X">áruforgalmim</wf>
         <instance id="d000.s548.t000" lemma="adó" pos="NOUN">adó</instance>
         <wf lemma="mértéke" pos="X">mértéke</wf>
         <wf lemma="." pos="X">.</wf>
      </sentence>
      <sentence id="d000.s549" source="wordnet-hungarian">
         <wf lemma="Az" pos="X">Az</wf>
         <wf lemma="online-vásárlással" pos="X">online-vásárlással</wf>
         <wf lemma="kapcsolatban" pos="X">kapcsolatban</wf>
         <wf lemma="a" pos="X">a</wf>
         <wf lemma="legnagyobb" pos="X">legnagyobb</wf>
         <wf lemma="visszahúzóerő" pos="X">visszahúzóerő</wf>
         <wf lemma="a" pos="X">a</wf>
         <wf lemma="vásárlói" pos="X">vásárlói</wf>
         <instance id="d000.s549.t000" lemma="bizalom" pos="NOUN">bizalom</instance>
         <wf lemma="hiánya" pos="X">hiánya</wf>
         <wf lemma="." pos="X">.</wf>
      </sentence>
      <sentence id="d000.s550" source="wordnet-hungarian">
         <wf lemma="Nem" pos="X">Nem</wf>
         <wf lemma="tudni" pos="X">tudni</wf>
         <wf lemma="," pos="X">,</wf>
         <wf lemma="hogy" pos="X">hogy</wf>
         <wf lemma="az" pos="X">az</wf>
         <wf lemma="emberiség" pos="X">emberiség</wf>
         <instance id="d000.s550.t000" lemma="történelem" pos="NOUN">történelme</instance>
         <wf lemma="még" pos="X">még</wf>
         <wf lemma="mit" pos="X">mit</wf>
         <wf lemma="hordoz" pos="X">hordoz</wf>
         <wf lemma="magában" pos="X">magában</wf>
         <wf lemma="." pos="X">.</wf>
      </sentence>
      <sentence id="d000.s551" source="wordnet-hungarian">
         <wf lemma="Holnap" pos="X">Holnap</wf>
         <instance id="d000.s551.t000" lemma="kezd" pos="VERB">kezdek</instance>
         <wf lemma="a" pos="X">a</wf>
         <wf lemma="konzervgyárban" pos="X">konzervgyárban</wf>
         <wf lemma="." pos="X">.</wf>
      </sentence>
      <sentence id="d000.s552" source="wordnet-hungarian">
         <wf lemma="Letört" pos="X">Letört</wf>
         <wf lemma="a" pos="X">a</wf>
         <wf lemma="ceruza" pos="X">ceruza</wf>
         <instance id="d000.s552.t000" lemma="hegy" pos="NOUN">hegye</instance>
         <wf lemma="." pos="X">.</wf>
      </sentence>
      <sentence id="d000.s553" source="wordnet-hungarian">
         <wf lemma="Ne" pos="X">Ne</wf>
         <wf lemma="légy" pos="X">légy</wf>
         <instance id="d000.s553.t000" lemma="gyerek" pos="NOUN">gyerek</instance>
         <wf lemma="," pos="X">,</wf>
         <wf lemma="és" pos="X">és</wf>
         <wf lemma="hagyd" pos="X">hagyd</wf>
         <wf lemma="abba" pos="X">abba</wf>
         <wf lemma="a" pos="X">a</wf>
         <wf lemma="nyavajgást" pos="X">nyavajgást</wf>
         <wf lemma="!" pos="X">!</wf>
      </sentence>
      <sentence id="d000.s554" source="wordnet-hungarian">
         <wf lemma="Gyere" pos="X">Gyere</wf>
         <wf lemma="ki" pos="X">ki</wf>
         <wf lemma="a" pos="X">a</wf>
         <instance id="d000.s554.t000" lemma="fény" pos="NOUN">fényre</instance>
         <wf lemma="!" pos="X">!</wf>
      </sentence>
      <sentence id="d000.s555" source="wordnet-hungarian">
         <wf lemma="A" pos="X">A</wf>
         <instance id="d000.s555.t000" lemma="statisztikus" pos="NOUN">statisztikusok</instance>
         <wf lemma="számára" pos="X">számára</wf>
         <wf lemma="az" pos="X">az</wf>
         <wf lemma="emberi" pos="X">emberi</wf>
         <wf lemma="élet" pos="X">élet</wf>
         <wf lemma="csak" pos="X">csak</wf>
         <wf lemma="egy" pos="X">egy</wf>
         <wf lemma="szám" pos="X">szám</wf>
         <wf lemma="mindaddig" pos="X">mindaddig</wf>
         <wf lemma="," pos="X">,</wf>
         <wf lemma="amíg" pos="X">amíg</wf>
         <wf lemma="nem" pos="X">nem</wf>
         <wf lemma="ők" pos="X">ők</wf>
         <wf lemma="vannak" pos="X">vannak</wf>
         <wf lemma="soron" pos="X">soron</wf>
         <wf lemma="." pos="X">.</wf>
      </sentence>
      <sentence id="d000.s556" source="wordnet-hungarian">
         <wf lemma="A" pos="X">A</wf>
         <instance id="d000.s556.t000" lemma="kapor" pos="NOUN">kapor</instance>
         <wf lemma="konyhánk" pos="X">konyhánk</wf>
         <wf lemma="egyik" pos="X">egyik</wf>
         <wf lemma="fontos" pos="X">fontos</wf>
         <wf lemma="fűszernövénye" pos="X">fűszernövénye</wf>
         <wf lemma="és" pos="X">és</wf>
         <wf lemma="kiváló" pos="X">kiváló</wf>
         <wf lemma="gyógyhatásáról" pos="X">gyógyhatásáról</wf>
         <wf lemma="is" pos="X">is</wf>
         <wf lemma="ismert" pos="X">ismert</wf>
         <wf lemma="." pos="X">.</wf>
      </sentence>
      <sentence id="d000.s557" source="wordnet-hungarian">
         <wf lemma="Nagylelkű" pos="X">Nagylelkű</wf>
         <wf lemma="segítségnyújtási" pos="X">segítségnyújtási</wf>
         <instance id="d000.s557.t000" lemma="ajánlat" pos="NOUN">ajánlatot</instance>
         <wf lemma="kaptunk" pos="X">kaptunk</wf>
         <wf lemma="a" pos="X">a</wf>
         <wf lemma="testvérvárosunktól" pos="X">testvérvárosunktól</wf>
         <wf lemma="." pos="X">.</wf>
      </sentence>
      <sentence id="d000.s558" source="wordnet-hungarian">
         <wf lemma="Az" pos="X">Az</wf>
         <instance id="d000.s558.t000" lemma="algériai" pos="NOUN">algériaiak</instance>
         <wf lemma="kártérítést" pos="X">kártérítést</wf>
         <wf lemma="kérnek" pos="X">kérnek</wf>
         <wf lemma="a" pos="X">a</wf>
         <wf lemma="francia" pos="X">francia</wf>
         <wf lemma="gyarmati" pos="X">gyarmati</wf>
         <wf lemma="bűnökért" pos="X">bűnökért</wf>
         <wf lemma="." pos="X">.</wf>
      </sentence>
      <sentence id="d000.s559" source="wordnet-hungarian">
         <wf lemma="Repedések" pos="X">Repedések</wf>
         <wf lemma="voltak" pos="X">voltak</wf>
         <wf lemma="a" pos="X">a</wf>
         <instance id="d000.s559.t000" lemma="vakolat" pos="NOUN">vakolaton</instance>
         <wf lemma="." pos="X">.</wf>
      </sentence>
      <sentence id="d000.s560" source="wordnet-hungarian">
         <wf lemma="Nem" pos="X">Nem</wf>
         <wf lemma="könnyű" pos="X">könnyű</wf>
         <wf lemma="a" pos="X">a</wf>
         <instance id="d000.s560.t000" lemma="választás" pos="NOUN">választás</instance>
         <wf lemma="ennyi" pos="X">ennyi</wf>
         <wf lemma="lehetőség" pos="X">lehetőség</wf>
         <wf lemma="közül" pos="X">közül</wf>
         <wf lemma="." pos="X">.</wf>
      </sentence>
      <sentence id="d000.s561" source="wordnet-hungarian">
         <wf lemma="Nem" pos="X">Nem</wf>
         <wf lemma="is" pos="X">is</wf>
         <wf lemma="fogta" pos="X">fogta</wf>
         <wf lemma="fel" pos="X">fel</wf>
         <wf lemma="," pos="X">,</wf>
         <wf lemma="hogy" pos="X">hogy</wf>
         <wf lemma="ezzel" pos="X">ezzel</wf>
         <wf lemma="a" pos="X">a</wf>
         <wf lemma="tettével" pos="X">tettével</wf>
         <wf lemma="állandósult" pos="X">állandósult</wf>
         <wf lemma="nála" pos="X">nála</wf>
         <wf lemma="a" pos="X">a</wf>
         <instance id="d000.s561.t000" lemma="bűnözés" pos="NOUN">bűnözés</instance>
         <wf lemma="mint" pos="X">mint</wf>
         <wf lemma="állapot" pos="X">állapot</wf>
         <wf lemma="." pos="X">.</wf>
      </sentence>
      <sentence id="d000.s562" source="wordnet-hungarian">
         <wf lemma="A" pos="X">A</wf>
         <wf lemma="sugárhajtóművek" pos="X">sugárhajtóművek</wf>
         <wf lemma="működésének" pos="X">működésének</wf>
         <instance id="d000.s562.t000" lemma="bemutatás" pos="NOUN">bemutatása</instance>
         <wf lemma="szemléletes" pos="X">szemléletes</wf>
         <wf lemma="volt" pos="X">volt</wf>
         <wf lemma="." pos="X">.</wf>
         <wf lemma="." pos="X">.</wf>
      </sentence>
      <sentence id="d000.s563" source="wordnet-hungarian">
         <wf lemma="A" pos="X">A</wf>
         <wf lemma="társadalom" pos="X">társadalom</wf>
         <wf lemma="növekvő" pos="X">növekvő</wf>
         <wf lemma="értékrendbeli" pos="X">értékrendbeli</wf>
         <wf lemma="és" pos="X">és</wf>
         <wf lemma="életmódbeli" pos="X">életmódbeli</wf>
         <wf lemma="differenciálódása" pos="X">differenciálódása</wf>
         <wf lemma="miatt" pos="X">miatt</wf>
         <wf lemma="a" pos="X">a</wf>
         <instance id="d000.s563.t000" lemma="deviancia" pos="NOUN">deviancia</instance>
         <wf lemma="jelenségét" pos="X">jelenségét</wf>
         <wf lemma="is" pos="X">is</wf>
         <wf lemma="újra" pos="X">újra</wf>
         <wf lemma="kell" pos="X">kell</wf>
         <wf lemma="gondolni" pos="X">gondolni</wf>
         <wf lemma="." pos="X">.</wf>
      </sentence>
      <sentence id="d000.s564" source="wordnet-hungarian">
         <wf lemma="Meddig" pos="X">Meddig</wf>
         <wf lemma="leszel" pos="X">leszel</wf>
         <wf lemma="ilyen" pos="X">ilyen</wf>
         <wf lemma="rossz" pos="X">rossz</wf>
         <instance id="d000.s564.t000" lemma="hangulat" pos="NOUN">hangulatban</instance>
         <wf lemma="?" pos="X">?</wf>
      </sentence>
      <sentence id="d000.s565" source="wordnet-hungarian">
         <instance id="d000.s565.t000" lemma="elvégez" pos="VERB">Elvégezted</instance>
         <wf lemma="már" pos="X">már</wf>
         <wf lemma="a" pos="X">a</wf>
         <wf lemma="mai" pos="X">mai</wf>
         <wf lemma="feladataidat" pos="X">feladataidat</wf>
         <wf lemma="?" pos="X">?</wf>
      </sentence>
      <sentence id="d000.s566" source="wordnet-hungarian">
         <wf lemma="A" pos="X">A</wf>
         <instance id="d000.s566.t000" lemma="szülés" pos="NOUN">szülés</instance>
         <wf lemma="nem" pos="X">nem</wf>
         <wf lemma="kockázatmentes" pos="X">kockázatmentes</wf>
         <wf lemma="." pos="X">.</wf>
      </sentence>
      <sentence id="d000.s567" source="wordnet-hungarian">
         <wf lemma="Tízezer" pos="X">Tízezer</wf>
         <wf lemma="fős" pos="X">fős</wf>
         <instance id="d000.s567.t000" lemma="gyalogság" pos="NOUN">gyalogsággal</instance>
         <wf lemma="és" pos="X">és</wf>
         <wf lemma="majd" pos="X">majd</wf>
         <wf lemma="ötzeres" pos="X">ötzeres</wf>
         <wf lemma="lovassággal" pos="X">lovassággal</wf>
         <wf lemma="indult" pos="X">indult</wf>
         <wf lemma="az" pos="X">az</wf>
         <wf lemma="ütközetbe" pos="X">ütközetbe</wf>
         <wf lemma="." pos="X">.</wf>
      </sentence>
      <sentence id="d000.s568" source="wordnet-hungarian">
         <wf lemma="Most" pos="X">Most</wf>
         <wf lemma="nem" pos="X">nem</wf>
         <wf lemma="ennek" pos="X">ennek</wf>
         <wf lemma="van" pos="X">van</wf>
         <wf lemma="itt" pos="X">itt</wf>
         <wf lemma="az" pos="X">az</wf>
         <instance id="d000.s568.t000" lemma="idő" pos="NOUN">ideje</instance>
         <wf lemma="." pos="X">.</wf>
      </sentence>
      <sentence id="d000.s569" source="wordnet-hungarian">
         <wf lemma="A" pos="X">A</wf>
         <wf lemma="Normafa" pos="X">Normafa</wf>
         <instance id="d000.s569.t000" lemma="lejtő" pos="NOUN">lejtő</instance>
         <wf lemma="tetejéről" pos="X">tetejéről</wf>
         <wf lemma="széles" pos="X">széles</wf>
         <wf lemma="kilátás" pos="X">kilátás</wf>
         <wf lemma="nyílik" pos="X">nyílik</wf>
         <wf lemma="Budapest" pos="X">Budapest</wf>
         <wf lemma="és" pos="X">és</wf>
         <wf lemma="környéke" pos="X">környéke</wf>
         <wf lemma="irányába" pos="X">irányába</wf>
         <wf lemma="," pos="X">,</wf>
         <wf lemma="amelyet" pos="X">amelyet</wf>
         <wf lemma="balról" pos="X">balról</wf>
         <wf lemma="a" pos="X">a</wf>
         <wf lemma="János-hegy" pos="X">János-hegy</wf>
         <wf lemma="," pos="X">,</wf>
         <wf lemma="jobbról" pos="X">jobbról</wf>
         <wf lemma="a" pos="X">a</wf>
         <wf lemma="Széchenyi-hegy" pos="X">Széchenyi-hegy</wf>
         <wf lemma="zár" pos="X">zár</wf>
         <wf lemma="le" pos="X">le</wf>
         <wf lemma="." pos="X">.</wf>
      </sentence>
      <sentence id="d000.s570" source="wordnet-hungarian">
         <wf lemma="A" pos="X">A</wf>
         <instance id="d000.s570.t000" lemma="virológia" pos="NOUN">virológia</instance>
         <wf lemma="jelentős" pos="X">jelentős</wf>
         <wf lemma="fejlődésen" pos="X">fejlődésen</wf>
         <wf lemma="ment" pos="X">ment</wf>
         <wf lemma="keresztül" pos="X">keresztül</wf>
         <wf lemma="az" pos="X">az</wf>
         <wf lemma="elmúlt" pos="X">elmúlt</wf>
         <wf lemma="évtizedekben" pos="X">évtizedekben</wf>
         <wf lemma="." pos="X">.</wf>
      </sentence>
      <sentence id="d000.s571" source="wordnet-hungarian">
         <wf lemma="Menedzseri" pos="X">Menedzseri</wf>
         <wf lemma="karrierjét" pos="X">karrierjét</wf>
         <wf lemma="egy" pos="X">egy</wf>
         <wf lemma="kereskedelmi" pos="X">kereskedelmi</wf>
         <instance id="d000.s571.t000" lemma="cég" pos="NOUN">cégnél</instance>
         <wf lemma="kezdte" pos="X">kezdte</wf>
         <wf lemma="." pos="X">.</wf>
      </sentence>
      <sentence id="d000.s572" source="wordnet-hungarian">
         <wf lemma="Mit" pos="X">Mit</wf>
         <wf lemma="akart" pos="X">akart</wf>
         <wf lemma="ez" pos="X">ez</wf>
         <wf lemma="a" pos="X">a</wf>
         <instance id="d000.s572.t000" lemma="fickó" pos="NOUN">fickó</instance>
         <wf lemma="?" pos="X">?</wf>
      </sentence>
      <sentence id="d000.s573" source="wordnet-hungarian">
         <instance id="d000.s573.t000" lemma="kétségbeesés" pos="NOUN">Kétségbeesésében</instance>
         <wf lemma="nem" pos="X">nem</wf>
         <wf lemma="tudta" pos="X">tudta</wf>
         <wf lemma="kihez" pos="X">kihez</wf>
         <wf lemma="is" pos="X">is</wf>
         <wf lemma="fordulhatna" pos="X">fordulhatna</wf>
         <wf lemma="." pos="X">.</wf>
      </sentence>
      <sentence id="d000.s574" source="wordnet-hungarian">
         <wf lemma="Az" pos="X">Az</wf>
         <instance id="d000.s574.t000" lemma="alumínium" pos="NOUN">alumíniumból</instance>
         <wf lemma="készült" pos="X">készült</wf>
         <wf lemma="evőeszközök" pos="X">evőeszközök</wf>
         <wf lemma="károsak" pos="X">károsak</wf>
         <wf lemma="az" pos="X">az</wf>
         <wf lemma="egészségre" pos="X">egészségre</wf>
         <wf lemma="." pos="X">.</wf>
      </sentence>
      <sentence id="d000.s575" source="wordnet-hungarian">
         <wf lemma="A" pos="X">A</wf>
         <wf lemma="barátnőm" pos="X">barátnőm</wf>
         <wf lemma="nem" pos="X">nem</wf>
         <instance id="d000.s575.t000" lemma="ismer" pos="VERB">ismeri</instance>
         <wf lemma="ezt" pos="X">ezt</wf>
         <wf lemma="a" pos="X">a</wf>
         <wf lemma="zeneszerzőt" pos="X">zeneszerzőt</wf>
         <wf lemma="." pos="X">.</wf>
      </sentence>
      <sentence id="d000.s576" source="wordnet-hungarian">
         <wf lemma="Több" pos="X">Több</wf>
         <wf lemma="ember" pos="X">ember</wf>
         <wf lemma="tanúja" pos="X">tanúja</wf>
         <wf lemma="volt" pos="X">volt</wf>
         <wf lemma="a" pos="X">a</wf>
         <instance id="d000.s576.t000" lemma="jelenet" pos="NOUN">jelenetnek</instance>
         <wf lemma="." pos="X">.</wf>
      </sentence>
      <sentence id="d000.s577" source="wordnet-hungarian">
         <wf lemma="A" pos="X">A</wf>
         <instance id="d000.s577.t000" lemma="metángáz" pos="NOUN">metángáz</instance>
         <wf lemma="és" pos="X">és</wf>
         <wf lemma="a" pos="X">a</wf>
         <wf lemma="neongáz" pos="X">neongáz</wf>
         <wf lemma="sok" pos="X">sok</wf>
         <wf lemma="tekintetben" pos="X">tekintetben</wf>
         <wf lemma="nagyon" pos="X">nagyon</wf>
         <wf lemma="hasonlít" pos="X">hasonlít</wf>
         <wf lemma="egymáshoz" pos="X">egymáshoz</wf>
         <wf lemma="." pos="X">.</wf>
      </sentence>
      <sentence id="d000.s578" source="wordnet-hungarian">
         <wf lemma="Össze" pos="X">Össze</wf>
         <wf lemma="sem" pos="X">sem</wf>
         <wf lemma="lehet" pos="X">lehet</wf>
         <instance id="d000.s578.t000" lemma="hasonlít" pos="VERB">hasonlítani</instance>
         <wf lemma="ezt" pos="X">ezt</wf>
         <wf lemma="a" pos="X">a</wf>
         <wf lemma="két" pos="X">két</wf>
         <wf lemma="szállodát" pos="X">szállodát</wf>
         <wf lemma="." pos="X">.</wf>
      </sentence>
      <sentence id="d000.s579" source="wordnet-hungarian">
         <wf lemma="1862" pos="X">1862</wf>
         <wf lemma="szeptemberében" pos="X">szeptemberében</wf>
         <wf lemma="a" pos="X">a</wf>
         <wf lemma="porosz" pos="X">porosz</wf>
         <wf lemma="király" pos="X">király</wf>
         <wf lemma="Otto" pos="X">Otto</wf>
         <wf lemma="von" pos="X">von</wf>
         <wf lemma="Bismarckot" pos="X">Bismarckot</wf>
         <wf lemma="," pos="X">,</wf>
         <wf lemma="a" pos="X">a</wf>
         <wf lemma="porosz" pos="X">porosz</wf>
         <instance id="d000.s579.t000" lemma="junker" pos="NOUN">junkerek</instance>
         <wf lemma="tehetséges" pos="X">tehetséges</wf>
         <wf lemma="képviselőjét" pos="X">képviselőjét</wf>
         <wf lemma="nevezte" pos="X">nevezte</wf>
         <wf lemma="ki" pos="X">ki</wf>
         <wf lemma="miniszterelnökké" pos="X">miniszterelnökké</wf>
         <wf lemma="." pos="X">.</wf>
      </sentence>
      <sentence id="d000.s580" source="wordnet-hungarian">
         <wf lemma="Találkozzunk" pos="X">Találkozzunk</wf>
         <wf lemma="a" pos="X">a</wf>
         <instance id="d000.s580.t000" lemma="sarok" pos="NOUN">sarkon</instance>
         <wf lemma="." pos="X">.</wf>
      </sentence>
      <sentence id="d000.s581" source="wordnet-hungarian">
         <wf lemma="A" pos="X">A</wf>
         <wf lemma="gyerekek" pos="X">gyerekek</wf>
         <wf lemma="ámulva" pos="X">ámulva</wf>
         <wf lemma="nézték" pos="X">nézték</wf>
         <wf lemma="a" pos="X">a</wf>
         <wf lemma="léggömb" pos="X">léggömb</wf>
         <instance id="d000.s581.t000" lemma="felemelkedés" pos="NOUN">felemelkedését</instance>
         <wf lemma="." pos="X">.</wf>
      </sentence>
      <sentence id="d000.s582" source="wordnet-hungarian">
         <wf lemma="A" pos="X">A</wf>
         <wf lemma="tanításban" pos="X">tanításban</wf>
         <wf lemma="fontos" pos="X">fontos</wf>
         <wf lemma="szerepe" pos="X">szerepe</wf>
         <wf lemma="van" pos="X">van</wf>
         <wf lemma="az" pos="X">az</wf>
         <wf lemma="ösztönző" pos="X">ösztönző</wf>
         <instance id="d000.s582.t000" lemma="környezet" pos="NOUN">környezetnek</instance>
         <wf lemma="." pos="X">.</wf>
      </sentence>
      <sentence id="d000.s583" source="wordnet-hungarian">
         <wf lemma="A" pos="X">A</wf>
         <wf lemma="fészer" pos="X">fészer</wf>
         <wf lemma="a" pos="X">a</wf>
         <wf lemma="ház" pos="X">ház</wf>
         <wf lemma="mögött" pos="X">mögött</wf>
         <instance id="d000.s583.t000" lemma="van" pos="VERB">van</instance>
         <wf lemma="." pos="X">.</wf>
      </sentence>
      <sentence id="d000.s584" source="wordnet-hungarian">
         <wf lemma="Az" pos="X">Az</wf>
         <wf lemma="amerikai" pos="X">amerikai</wf>
         <instance id="d000.s584.t000" lemma="ipar" pos="NOUN">iparban</instance>
         <wf lemma="egyre" pos="X">egyre</wf>
         <wf lemma="nagyobb" pos="X">nagyobb</wf>
         <wf lemma="hasznát" pos="X">hasznát</wf>
         <wf lemma="veszik" pos="X">veszik</wf>
         <wf lemma="a" pos="X">a</wf>
         <wf lemma="számítógépeknek" pos="X">számítógépeknek</wf>
         <wf lemma="a" pos="X">a</wf>
         <wf lemma="termelésszabályozásban" pos="X">termelésszabályozásban</wf>
         <wf lemma="." pos="X">.</wf>
      </sentence>
      <sentence id="d000.s585" source="wordnet-hungarian">
         <wf lemma="Nagy" pos="X">Nagy</wf>
         <instance id="d000.s585.t000" lemma="mennyiség" pos="NOUN">mennyiségben</instance>
         <wf lemma="találtak" pos="X">találtak</wf>
         <wf lemma="aranyat" pos="X">aranyat</wf>
         <wf lemma="Verespatak" pos="X">Verespatak</wf>
         <wf lemma="környékén" pos="X">környékén</wf>
         <wf lemma="." pos="X">.</wf>
      </sentence>
      <sentence id="d000.s586" source="wordnet-hungarian">
         <wf lemma="Mit" pos="X">Mit</wf>
         <instance id="d000.s586.t000" lemma="játszik" pos="VERB">játszunk</instance>
         <wf lemma="ma" pos="X">ma</wf>
         <wf lemma="?" pos="X">?</wf>
      </sentence>
      <sentence id="d000.s587" source="wordnet-hungarian">
         <wf lemma="A" pos="X">A</wf>
         <wf lemma="politikus" pos="X">politikus</wf>
         <wf lemma="nem" pos="X">nem</wf>
         <wf lemma="tudta" pos="X">tudta</wf>
         <wf lemma="visszaverni" pos="X">visszaverni</wf>
         <wf lemma="az" pos="X">az</wf>
         <wf lemma="őt" pos="X">őt</wf>
         <wf lemma="ért" pos="X">ért</wf>
         <instance id="d000.s587.t000" lemma="támadás" pos="NOUN">támadásokat</instance>
         <wf lemma="." pos="X">.</wf>
      </sentence>
      <sentence id="d000.s588" source="wordnet-hungarian">
         <wf lemma="Ekkor" pos="X">Ekkor</wf>
         <wf lemma="észrevették" pos="X">észrevették</wf>
         <wf lemma="," pos="X">,</wf>
         <wf lemma="hogy" pos="X">hogy</wf>
         <wf lemma="a" pos="X">a</wf>
         <wf lemma="tenger" pos="X">tenger</wf>
         <instance id="d000.s588.t000" lemma="irány" pos="NOUN">irányából</instance>
         <wf lemma="hatalmas" pos="X">hatalmas</wf>
         <wf lemma="felhő" pos="X">felhő</wf>
         <wf lemma="közeledik" pos="X">közeledik</wf>
         <wf lemma="feléjük" pos="X">feléjük</wf>
         <wf lemma="." pos="X">.</wf>
      </sentence>
      <sentence id="d000.s589" source="wordnet-hungarian">
         <wf lemma="Pistát" pos="X">Pistát</wf>
         <wf lemma="papnak" pos="X">papnak</wf>
         <instance id="d000.s589.t000" lemma="szán" pos="VERB">szánta</instance>
         <wf lemma="az" pos="X">az</wf>
         <wf lemma="édesapja" pos="X">édesapja</wf>
         <wf lemma="." pos="X">.</wf>
      </sentence>
      <sentence id="d000.s590" source="wordnet-hungarian">
         <wf lemma="A" pos="X">A</wf>
         <instance id="d000.s590.t000" lemma="premier" pos="NOUN">premierre</instance>
         <wf lemma="már" pos="X">már</wf>
         <wf lemma="nem" pos="X">nem</wf>
         <wf lemma="lehetett" pos="X">lehetett</wf>
         <wf lemma="jegyet" pos="X">jegyet</wf>
         <wf lemma="szerezni" pos="X">szerezni</wf>
         <wf lemma="." pos="X">.</wf>
      </sentence>
      <sentence id="d000.s591" source="wordnet-hungarian">
         <wf lemma="A" pos="X">A</wf>
         <instance id="d000.s591.t000" lemma="mellúszás" pos="NOUN">mellúszás</instance>
         <wf lemma="a" pos="X">a</wf>
         <wf lemma="harmadik" pos="X">harmadik</wf>
         <wf lemma="elem" pos="X">elem</wf>
         <wf lemma="vegyesúszásban" pos="X">vegyesúszásban</wf>
         <wf lemma="." pos="X">.</wf>
      </sentence>
      <sentence id="d000.s592" source="wordnet-hungarian">
         <wf lemma="A" pos="X">A</wf>
         <wf lemma="családot" pos="X">családot</wf>
         <wf lemma="ábrázoló" pos="X">ábrázoló</wf>
         <instance id="d000.s592.t000" lemma="kép" pos="NOUN">képek</instance>
         <wf lemma="nem" pos="X">nem</wf>
         <wf lemma="hiányoztak" pos="X">hiányoztak</wf>
         <wf lemma="a" pos="X">a</wf>
         <wf lemma="falról" pos="X">falról</wf>
         <wf lemma="." pos="X">.</wf>
      </sentence>
      <sentence id="d000.s593" source="wordnet-hungarian">
         <wf lemma="A" pos="X">A</wf>
         <wf lemma="vulkanikus" pos="X">vulkanikus</wf>
         <wf lemma="kövekre" pos="X">kövekre</wf>
         <wf lemma="puhán" pos="X">puhán</wf>
         <wf lemma="tapadó" pos="X">tapadó</wf>
         <instance id="d000.s593.t000" lemma="penész" pos="NOUN">penész</instance>
         <wf lemma="a" pos="X">a</wf>
         <wf lemma="bor" pos="X">bor</wf>
         <wf lemma="levegőben" pos="X">levegőben</wf>
         <wf lemma="keringő" pos="X">keringő</wf>
         <wf lemma="részecskéivel" pos="X">részecskéivel</wf>
         <wf lemma="táplálkozik" pos="X">táplálkozik</wf>
         <wf lemma="," pos="X">,</wf>
         <wf lemma="ezáltal" pos="X">ezáltal</wf>
         <wf lemma="szabályozza" pos="X">szabályozza</wf>
         <wf lemma="a" pos="X">a</wf>
         <wf lemma="pincékben" pos="X">pincékben</wf>
         <wf lemma="a" pos="X">a</wf>
         <wf lemma="nedvességet" pos="X">nedvességet</wf>
         <wf lemma="." pos="X">.</wf>
      </sentence>
      <sentence id="d000.s594" source="wordnet-hungarian">
         <wf lemma="Az" pos="X">Az</wf>
         <wf lemma="ukrán" pos="X">ukrán</wf>
         <wf lemma="határon" pos="X">határon</wf>
         <wf lemma="az" pos="X">az</wf>
         <wf lemma="utóbbi" pos="X">utóbbi</wf>
         <wf lemma="hétekben" pos="X">hétekben</wf>
         <wf lemma="nyolc" pos="X">nyolc</wf>
         <instance id="d000.s594.t000" lemma="csempész" pos="NOUN">csempészt</instance>
         <wf lemma="fogtak" pos="X">fogtak</wf>
         <wf lemma="el" pos="X">el</wf>
         <wf lemma="a" pos="X">a</wf>
         <wf lemma="határőrök" pos="X">határőrök</wf>
         <wf lemma="." pos="X">.</wf>
      </sentence>
      <sentence id="d000.s595" source="wordnet-hungarian">
         <wf lemma="Az" pos="X">Az</wf>
         <instance id="d000.s595.t000" lemma="izzadás" pos="NOUN">izzadást</instance>
         <wf lemma="a" pos="X">a</wf>
         <wf lemma="szimpatikus" pos="X">szimpatikus</wf>
         <wf lemma="idegrendszer" pos="X">idegrendszer</wf>
         <wf lemma="szabályozza" pos="X">szabályozza</wf>
         <wf lemma="," pos="X">,</wf>
         <wf lemma="amely" pos="X">amely</wf>
         <wf lemma="a" pos="X">a</wf>
         <wf lemma="szervezet" pos="X">szervezet</wf>
         <wf lemma="belső" pos="X">belső</wf>
         <wf lemma="környezetének" pos="X">környezetének</wf>
         <wf lemma="állandóságát" pos="X">állandóságát</wf>
         <wf lemma="biztosítja" pos="X">biztosítja</wf>
         <wf lemma="általa" pos="X">általa</wf>
         <wf lemma="." pos="X">.</wf>
      </sentence>
      <sentence id="d000.s596" source="wordnet-hungarian">
         <wf lemma="A" pos="X">A</wf>
         <instance id="d000.s596.t000" lemma="kőkorszak" pos="NOUN">kőkorszakban</instance>
         <wf lemma="nem" pos="X">nem</wf>
         <wf lemma="ismerték" pos="X">ismerték</wf>
         <wf lemma="a" pos="X">a</wf>
         <wf lemma="sót" pos="X">sót</wf>
         <wf lemma="." pos="X">.</wf>
      </sentence>
      <sentence id="d000.s597" source="wordnet-hungarian">
         <wf lemma="A" pos="X">A</wf>
         <instance id="d000.s597.t000" lemma="fehérítő" pos="NOUN">fehérítő</instance>
         <wf lemma="lyukat" pos="X">lyukat</wf>
         <wf lemma="ütött" pos="X">ütött</wf>
         <wf lemma="a" pos="X">a</wf>
         <wf lemma="ruhán" pos="X">ruhán</wf>
         <wf lemma="." pos="X">.</wf>
      </sentence>
      <sentence id="d000.s598" source="wordnet-hungarian">
         <wf lemma="Idén" pos="X">Idén</wf>
         <wf lemma="mikor" pos="X">mikor</wf>
         <instance id="d000.s598.t000" lemma="tart" pos="VERB">tartják</instance>
         <wf lemma="a" pos="X">a</wf>
         <wf lemma="Jom" pos="X">Jom</wf>
         <wf lemma="Kippurt" pos="X">Kippurt</wf>
         <wf lemma="?" pos="X">?</wf>
      </sentence>
      <sentence id="d000.s599" source="wordnet-hungarian">
         <wf lemma="A" pos="X">A</wf>
         <instance id="d000.s599.t000" lemma="kálium" pos="NOUN">kálium</instance>
         <wf lemma="körülbelül" pos="X">körülbelül</wf>
         <wf lemma="150" pos="X">150</wf>
         <wf lemma="grammnyi" pos="X">grammnyi</wf>
         <wf lemma="mennyiségben" pos="X">mennyiségben</wf>
         <wf lemma="található" pos="X">található</wf>
         <wf lemma="meg" pos="X">meg</wf>
         <wf lemma="a" pos="X">a</wf>
         <wf lemma="szervezetben" pos="X">szervezetben</wf>
         <wf lemma="." pos="X">.</wf>
      </sentence>
      <sentence id="d000.s600" source="wordnet-hungarian">
         <wf lemma="Céget" pos="X">Céget</wf>
         <instance id="d000.s600.t000" lemma="vezet" pos="VERB">vezetni</instance>
         <wf lemma="nem" pos="X">nem</wf>
         <wf lemma="egyszerű" pos="X">egyszerű</wf>
         <wf lemma="dolog" pos="X">dolog</wf>
         <wf lemma="." pos="X">.</wf>
      </sentence>
      <sentence id="d000.s601" source="wordnet-hungarian">
         <wf lemma="Nem" pos="X">Nem</wf>
         <wf lemma="találtak" pos="X">találtak</wf>
         <wf lemma="nála" pos="X">nála</wf>
         <instance id="d000.s601.t000" lemma="daganat" pos="NOUN">daganatot</instance>
         <wf lemma="." pos="X">.</wf>
      </sentence>
      <sentence id="d000.s602" source="wordnet-hungarian">
         <wf lemma="A" pos="X">A</wf>
         <wf lemma="megbeszélés" pos="X">megbeszélés</wf>
         <wf lemma="után" pos="X">után</wf>
         <wf lemma="teljesen" pos="X">teljesen</wf>
         <wf lemma="más" pos="X">más</wf>
         <instance id="d000.s602.t000" lemma="fény" pos="NOUN">fényben</instance>
         <wf lemma="látta" pos="X">látta</wf>
         <wf lemma="a" pos="X">a</wf>
         <wf lemma="helyzetet" pos="X">helyzetet</wf>
         <wf lemma="." pos="X">.</wf>
      </sentence>
      <sentence id="d000.s603" source="wordnet-hungarian">
         <wf lemma="A" pos="X">A</wf>
         <instance id="d000.s603.t000" lemma="vizelet" pos="NOUN">vizeletből</instance>
         <wf lemma="kimutatható" pos="X">kimutatható</wf>
         <wf lemma="betegségekről" pos="X">betegségekről</wf>
         <wf lemma="tanultak" pos="X">tanultak</wf>
         <wf lemma="." pos="X">.</wf>
      </sentence>
      <sentence id="d000.s604" source="wordnet-hungarian">
         <wf lemma="Hirtelen" pos="X">Hirtelen</wf>
         <wf lemma="elsötétedett" pos="X">elsötétedett</wf>
         <wf lemma="a" pos="X">a</wf>
         <instance id="d000.s604.t000" lemma="kijelző" pos="NOUN">kijelző</instance>
         <wf lemma="." pos="X">.</wf>
      </sentence>
      <sentence id="d000.s605" source="wordnet-hungarian">
         <wf lemma="A" pos="X">A</wf>
         <wf lemma="konstruktivista" pos="X">konstruktivista</wf>
         <wf lemma="gondolkodás" pos="X">gondolkodás</wf>
         <wf lemma="talán" pos="X">talán</wf>
         <wf lemma="legismertebb" pos="X">legismertebb</wf>
         <wf lemma="formája" pos="X">formája</wf>
         <wf lemma="Platónnak" pos="X">Platónnak</wf>
         <wf lemma="a" pos="X">a</wf>
         <wf lemma="barlangot" pos="X">barlangot</wf>
         <wf lemma="elhagyó" pos="X">elhagyó</wf>
         <instance id="d000.s605.t000" lemma="filozófus" pos="NOUN">filozófusa</instance>
         <wf lemma="." pos="X">.</wf>
      </sentence>
      <sentence id="d000.s606" source="wordnet-hungarian">
         <wf lemma="Az" pos="X">Az</wf>
         <wf lemma="olvasási" pos="X">olvasási</wf>
         <instance id="d000.s606.t000" lemma="készség" pos="NOUN">készségei</instance>
         <wf lemma="fejlesztésre" pos="X">fejlesztésre</wf>
         <wf lemma="szorulnak" pos="X">szorulnak</wf>
         <wf lemma="." pos="X">.</wf>
      </sentence>
      <sentence id="d000.s607" source="wordnet-hungarian">
         <wf lemma="A" pos="X">A</wf>
         <instance id="d000.s607.t000" lemma="kapus" pos="NOUN">kapus</instance>
         <wf lemma="egy" pos="X">egy</wf>
         <wf lemma="remek" pos="X">remek</wf>
         <wf lemma="vetődéssel" pos="X">vetődéssel</wf>
         <wf lemma="hárította" pos="X">hárította</wf>
         <wf lemma="a" pos="X">a</wf>
         <wf lemma="sarokra" pos="X">sarokra</wf>
         <wf lemma="tartó" pos="X">tartó</wf>
         <wf lemma="labdát" pos="X">labdát</wf>
         <wf lemma="." pos="X">.</wf>
      </sentence>
      <sentence id="d000.s608" source="wordnet-hungarian">
         <wf lemma="Mari" pos="X">Mari</wf>
         <wf lemma="sokkot" pos="X">sokkot</wf>
         <instance id="d000.s608.t000" lemma="kap" pos="VERB">kapott</instance>
         <wf lemma="." pos="X">.</wf>
      </sentence>
      <sentence id="d000.s609" source="wordnet-hungarian">
         <wf lemma="A" pos="X">A</wf>
         <wf lemma="mólóval" pos="X">mólóval</wf>
         <wf lemma="való" pos="X">való</wf>
         <instance id="d000.s609.t000" lemma="ütközés" pos="NOUN">ütközés</instance>
         <wf lemma="során" pos="X">során</wf>
         <wf lemma="festék" pos="X">festék</wf>
         <wf lemma="vált" pos="X">vált</wf>
         <wf lemma="le" pos="X">le</wf>
         <wf lemma="a" pos="X">a</wf>
         <wf lemma="hajó" pos="X">hajó</wf>
         <wf lemma="testéről" pos="X">testéről</wf>
         <wf lemma="." pos="X">.</wf>
      </sentence>
      <sentence id="d000.s610" source="wordnet-hungarian">
         <wf lemma="A" pos="X">A</wf>
         <wf lemma="négy" pos="X">négy</wf>
         <wf lemma="alapelem" pos="X">alapelem</wf>
         <wf lemma="egyike" pos="X">egyike</wf>
         <wf lemma="a" pos="X">a</wf>
         <instance id="d000.s610.t000" lemma="tűz" pos="NOUN">tűz</instance>
         <wf lemma="." pos="X">.</wf>
      </sentence>
      <sentence id="d000.s611" source="wordnet-hungarian">
         <wf lemma="A" pos="X">A</wf>
         <wf lemma="következő" pos="X">következő</wf>
         <instance id="d000.s611.t000" lemma="évezred" pos="NOUN">évezred</instance>
         <wf lemma="új" pos="X">új</wf>
         <wf lemma="korszakot" pos="X">korszakot</wf>
         <wf lemma="nyitott" pos="X">nyitott</wf>
         <wf lemma="az" pos="X">az</wf>
         <wf lemma="emberiség" pos="X">emberiség</wf>
         <wf lemma="történetében" pos="X">történetében</wf>
         <wf lemma="." pos="X">.</wf>
      </sentence>
      <sentence id="d000.s612" source="wordnet-hungarian">
         <wf lemma="A" pos="X">A</wf>
         <wf lemma="fejét" pos="X">fejét</wf>
         <wf lemma="a" pos="X">a</wf>
         <wf lemma="falnak" pos="X">falnak</wf>
         <instance id="d000.s612.t000" lemma="fordít" pos="VERB">fordította</instance>
         <wf lemma="." pos="X">.</wf>
      </sentence>
      <sentence id="d000.s613" source="wordnet-hungarian">
         <wf lemma="A" pos="X">A</wf>
         <wf lemma="búza" pos="X">búza</wf>
         <wf lemma="szépen" pos="X">szépen</wf>
         <instance id="d000.s613.t000" lemma="ad" pos="VERB">adott</instance>
         <wf lemma="az" pos="X">az</wf>
         <wf lemma="idén" pos="X">idén</wf>
         <wf lemma="." pos="X">.</wf>
      </sentence>
      <sentence id="d000.s614" source="wordnet-hungarian">
         <wf lemma="Egy" pos="X">Egy</wf>
         <wf lemma="madridi" pos="X">madridi</wf>
         <wf lemma="felkelést" pos="X">felkelést</wf>
         <wf lemma="követően" pos="X">követően</wf>
         <wf lemma="a" pos="X">a</wf>
         <instance id="d000.s614.t000" lemma="spanyol" pos="NOUN">spanyolok</instance>
         <wf lemma="összefogtak" pos="X">összefogtak</wf>
         <wf lemma="," pos="X">,</wf>
         <wf lemma="és" pos="X">és</wf>
         <wf lemma="öt" pos="X">öt</wf>
         <wf lemma="éven" pos="X">éven</wf>
         <wf lemma="át" pos="X">át</wf>
         <wf lemma="tartó" pos="X">tartó</wf>
         <wf lemma="függetlenségi" pos="X">függetlenségi</wf>
         <wf lemma="háborút" pos="X">háborút</wf>
         <wf lemma="vívtak" pos="X">vívtak</wf>
         <wf lemma="a" pos="X">a</wf>
         <wf lemma="franciák" pos="X">franciák</wf>
         <wf lemma="ellen" pos="X">ellen</wf>
         <wf lemma="." pos="X">.</wf>
      </sentence>
      <sentence id="d000.s615" source="wordnet-hungarian">
         <wf lemma="Ha" pos="X">Ha</wf>
         <wf lemma="őt" pos="X">őt</wf>
         <wf lemma="látom" pos="X">látom</wf>
         <wf lemma="," pos="X">,</wf>
         <wf lemma="mindig" pos="X">mindig</wf>
         <wf lemma="különös" pos="X">különös</wf>
         <wf lemma="boldogságot" pos="X">boldogságot</wf>
         <instance id="d000.s615.t000" lemma="érez" pos="VERB">érzek</instance>
         <wf lemma="." pos="X">.</wf>
      </sentence>
      <sentence id="d000.s616" source="wordnet-hungarian">
         <wf lemma="A" pos="X">A</wf>
         <instance id="d000.s616.t000" lemma="retek" pos="NOUN">retek</instance>
         <wf lemma="legnagyobb" pos="X">legnagyobb</wf>
         <wf lemma="értéke" pos="X">értéke</wf>
         <wf lemma="a" pos="X">a</wf>
         <wf lemma="benne" pos="X">benne</wf>
         <wf lemma="levő" pos="X">levő</wf>
         <wf lemma="kén" pos="X">kén</wf>
         <wf lemma="," pos="X">,</wf>
         <wf lemma="ami" pos="X">ami</wf>
         <wf lemma="a" pos="X">a</wf>
         <wf lemma="testünk" pos="X">testünk</wf>
         <wf lemma="fehérjét" pos="X">fehérjét</wf>
         <wf lemma="tartalmaző" pos="X">tartalmaző</wf>
         <wf lemma="részében" pos="X">részében</wf>
         <wf lemma="jelen" pos="X">jelen</wf>
         <wf lemma="van" pos="X">van</wf>
         <wf lemma="." pos="X">.</wf>
      </sentence>
      <sentence id="d000.s617" source="wordnet-hungarian">
         <wf lemma="A" pos="X">A</wf>
         <wf lemma="gátakat" pos="X">gátakat</wf>
         <wf lemma="eleinte" pos="X">eleinte</wf>
         <wf lemma="a" pos="X">a</wf>
         <instance id="d000.s617.t000" lemma="gátfutó" pos="NOUN">gátfutók</instance>
         <wf lemma="magasságához" pos="X">magasságához</wf>
         <wf lemma="idomítják" pos="X">idomítják</wf>
         <wf lemma="és" pos="X">és</wf>
         <wf lemma="körülbelül" pos="X">körülbelül</wf>
         <wf lemma="derékig" pos="X">derékig</wf>
         <wf lemma="kell" pos="X">kell</wf>
         <wf lemma="érjen" pos="X">érjen</wf>
         <wf lemma="a" pos="X">a</wf>
         <wf lemma="növendékeknek" pos="X">növendékeknek</wf>
         <wf lemma="." pos="X">.</wf>
      </sentence>
      <sentence id="d000.s618" source="wordnet-hungarian">
         <wf lemma="Még" pos="X">Még</wf>
         <wf lemma="a" pos="X">a</wf>
         <wf lemma="legelvetemültebb" pos="X">legelvetemültebb</wf>
         <wf lemma="kis" pos="X">kis</wf>
         <instance id="d000.s618.t000" lemma="csirkefogó" pos="NOUN">csirkefogók</instance>
         <wf lemma="is" pos="X">is</wf>
         <wf lemma="jerke" pos="X">jerke</wf>
         <wf lemma="báránykává" pos="X">báránykává</wf>
         <wf lemma="szelídülnek" pos="X">szelídülnek</wf>
         <wf lemma="a" pos="X">a</wf>
         <wf lemma="hangjára" pos="X">hangjára</wf>
         <wf lemma="." pos="X">.</wf>
      </sentence>
      <sentence id="d000.s619" source="wordnet-hungarian">
         <wf lemma="A" pos="X">A</wf>
         <instance id="d000.s619.t000" lemma="vezetés" pos="NOUN">vezetéssel</instance>
         <wf lemma="sok" pos="X">sok</wf>
         <wf lemma="volt" pos="X">volt</wf>
         <wf lemma="a" pos="X">a</wf>
         <wf lemma="probléma" pos="X">probléma</wf>
         <wf lemma="," pos="X">,</wf>
         <wf lemma="mivel" pos="X">mivel</wf>
         <wf lemma="az" pos="X">az</wf>
         <wf lemma="útviszonyok" pos="X">útviszonyok</wf>
         <wf lemma="rettenetesek" pos="X">rettenetesek</wf>
         <wf lemma="voltak" pos="X">voltak</wf>
         <wf lemma="." pos="X">.</wf>
      </sentence>
      <sentence id="d000.s620" source="wordnet-hungarian">
         <wf lemma="A" pos="X">A</wf>
         <instance id="d000.s620.t000" lemma="szófaj" pos="NOUN">szófaj</instance>
         <wf lemma="a" pos="X">a</wf>
         <wf lemma="legáltalánosabb" pos="X">legáltalánosabb</wf>
         <wf lemma="nyelvi" pos="X">nyelvi</wf>
         <wf lemma="kategória" pos="X">kategória</wf>
         <wf lemma="." pos="X">.</wf>
      </sentence>
      <sentence id="d000.s621" source="wordnet-hungarian">
         <wf lemma="Kérem" pos="X">Kérem</wf>
         <wf lemma="a" pos="X">a</wf>
         <instance id="d000.s621.t000" lemma="hegyező" pos="NOUN">hegyezőt</instance>
         <wf lemma="," pos="X">,</wf>
         <wf lemma="kitört" pos="X">kitört</wf>
         <wf lemma="a" pos="X">a</wf>
         <wf lemma="ceruzám" pos="X">ceruzám</wf>
         <wf lemma="hegye" pos="X">hegye</wf>
         <wf lemma="!" pos="X">!</wf>
      </sentence>
      <sentence id="d000.s622" source="wordnet-hungarian">
         <wf lemma="A" pos="X">A</wf>
         <wf lemma="kedvenc" pos="X">kedvenc</wf>
         <wf lemma="pizzám" pos="X">pizzám</wf>
         <wf lemma="a" pos="X">a</wf>
         <wf lemma="tejfölös-tonhalas" pos="X">tejfölös-tonhalas</wf>
         <instance id="d000.s622.t000" lemma="pizza" pos="NOUN">pizza</instance>
         <wf lemma="." pos="X">.</wf>
      </sentence>
      <sentence id="d000.s623" source="wordnet-hungarian">
         <wf lemma="A" pos="X">A</wf>
         <wf lemma="bűnözők" pos="X">bűnözők</wf>
         <wf lemma="elsősorban" pos="X">elsősorban</wf>
         <wf lemma="a" pos="X">a</wf>
         <wf lemma="volt" pos="X">volt</wf>
         <wf lemma="szocialista" pos="X">szocialista</wf>
         <wf lemma="országokból" pos="X">országokból</wf>
         <wf lemma="hozzák" pos="X">hozzák</wf>
         <wf lemma="a" pos="X">a</wf>
         <instance id="d000.s623.t000" lemma="koldus" pos="NOUN">koldusokat</instance>
         <wf lemma="." pos="X">.</wf>
      </sentence>
      <sentence id="d000.s624" source="wordnet-hungarian">
         <wf lemma="Más" pos="X">Más</wf>
         <instance id="d000.s624.t000" lemma="hangszerelés" pos="NOUN">hangszereléssel</instance>
         <wf lemma="egészen" pos="X">egészen</wf>
         <wf lemma="másképp" pos="X">másképp</wf>
         <wf lemma="hat" pos="X">hat</wf>
         <wf lemma="ez" pos="X">ez</wf>
         <wf lemma="a" pos="X">a</wf>
         <wf lemma="dal" pos="X">dal</wf>
         <wf lemma="." pos="X">.</wf>
      </sentence>
      <sentence id="d000.s625" source="wordnet-hungarian">
         <wf lemma="Ő" pos="X">Ő</wf>
         <wf lemma="is" pos="X">is</wf>
         <wf lemma="csak" pos="X">csak</wf>
         <instance id="d000.s625.t000" lemma="ember" pos="NOUN">ember</instance>
         <wf lemma="." pos="X">.</wf>
      </sentence>
      <sentence id="d000.s626" source="wordnet-hungarian">
         <wf lemma="A" pos="X">A</wf>
         <instance id="d000.s626.t000" lemma="résztvevő" pos="NOUN">résztvevők</instance>
         <wf lemma="a" pos="X">a</wf>
         <wf lemma="rajtvonalnál" pos="X">rajtvonalnál</wf>
         <wf lemma="sorakoztak" pos="X">sorakoztak</wf>
         <wf lemma="fel" pos="X">fel</wf>
         <wf lemma="." pos="X">.</wf>
      </sentence>
      <sentence id="d000.s627" source="wordnet-hungarian">
         <wf lemma="Olyan" pos="X">Olyan</wf>
         <wf lemma="szépen" pos="X">szépen</wf>
         <wf lemma="beszéli" pos="X">beszéli</wf>
         <wf lemma="a" pos="X">a</wf>
         <wf lemma="nyelvet" pos="X">nyelvet</wf>
         <wf lemma="," pos="X">,</wf>
         <wf lemma="hogy" pos="X">hogy</wf>
         <wf lemma="csak" pos="X">csak</wf>
         <instance id="d000.s627.t000" lemma="nyom" pos="NOUN">nyomokban</instance>
         <wf lemma="vehető" pos="X">vehető</wf>
         <wf lemma="észre" pos="X">észre</wf>
         <wf lemma="," pos="X">,</wf>
         <wf lemma="hogy" pos="X">hogy</wf>
         <wf lemma="nem" pos="X">nem</wf>
         <wf lemma="igazi" pos="X">igazi</wf>
         <wf lemma="francia" pos="X">francia</wf>
         <wf lemma="." pos="X">.</wf>
      </sentence>
      <sentence id="d000.s628" source="wordnet-hungarian">
         <wf lemma="A" pos="X">A</wf>
         <instance id="d000.s628.t000" lemma="bükköny" pos="NOUN">bükköny</instance>
         <wf lemma="gyógynövényként" pos="X">gyógynövényként</wf>
         <wf lemma="is" pos="X">is</wf>
         <wf lemma="ismert" pos="X">ismert</wf>
         <wf lemma="." pos="X">.</wf>
      </sentence>
      <sentence id="d000.s629" source="wordnet-hungarian">
         <wf lemma="A" pos="X">A</wf>
         <wf lemma="gyerekek" pos="X">gyerekek</wf>
         <wf lemma="már" pos="X">már</wf>
         <wf lemma="megint" pos="X">megint</wf>
         <wf lemma="a" pos="X">a</wf>
         <wf lemma="hintalovon" pos="X">hintalovon</wf>
         <instance id="d000.s629.t000" lemma="civakodik" pos="VERB">civakodnak</instance>
         <wf lemma="." pos="X">.</wf>
      </sentence>
      <sentence id="d000.s630" source="wordnet-hungarian">
         <wf lemma="A" pos="X">A</wf>
         <instance id="d000.s630.t000" lemma="függetlenség" pos="NOUN">függetlenség</instance>
         <wf lemma="után" pos="X">után</wf>
         <wf lemma="is" pos="X">is</wf>
         <wf lemma="szoros" pos="X">szoros</wf>
         <wf lemma="kapcsolatot" pos="X">kapcsolatot</wf>
         <wf lemma="tartottak" pos="X">tartottak</wf>
         <wf lemma="fent" pos="X">fent</wf>
         <wf lemma="Angliával" pos="X">Angliával</wf>
         <wf lemma="." pos="X">.</wf>
      </sentence>
      <sentence id="d000.s631" source="wordnet-hungarian">
         <wf lemma="A" pos="X">A</wf>
         <wf lemma="baromfipestis" pos="X">baromfipestis</wf>
         <wf lemma="régről" pos="X">régről</wf>
         <wf lemma="ismert" pos="X">ismert</wf>
         <wf lemma="és" pos="X">és</wf>
         <wf lemma="veszélyes" pos="X">veszélyes</wf>
         <instance id="d000.s631.t000" lemma="állatbetegség" pos="NOUN">állatbetegség</instance>
         <wf lemma="," pos="X">,</wf>
         <wf lemma="amely" pos="X">amely</wf>
         <wf lemma="a" pos="X">a</wf>
         <wf lemma="világ" pos="X">világ</wf>
         <wf lemma="számos" pos="X">számos</wf>
         <wf lemma="helyén" pos="X">helyén</wf>
         <wf lemma="Ázsiában" pos="X">Ázsiában</wf>
         <wf lemma="és" pos="X">és</wf>
         <wf lemma="Afrikában" pos="X">Afrikában</wf>
         <wf lemma="," pos="X">,</wf>
         <wf lemma="Dél-" pos="X">Dél-</wf>
         <wf lemma="és" pos="X">és</wf>
         <wf lemma="Közép-Amerikában" pos="X">Közép-Amerikában</wf>
         <wf lemma="állandósult" pos="X">állandósult</wf>
         <wf lemma="járványok" pos="X">járványok</wf>
         <wf lemma="formájában" pos="X">formájában</wf>
         <wf lemma="," pos="X">,</wf>
         <wf lemma="míg" pos="X">míg</wf>
         <wf lemma="Európában" pos="X">Európában</wf>
         <wf lemma="és" pos="X">és</wf>
         <wf lemma="az" pos="X">az</wf>
         <wf lemma="Egyesült" pos="X">Egyesült</wf>
         <wf lemma="Államokban" pos="X">Államokban</wf>
         <wf lemma="csak" pos="X">csak</wf>
         <wf lemma="időszakosan" pos="X">időszakosan</wf>
         <wf lemma="fordult" pos="X">fordult</wf>
         <wf lemma="elő" pos="X">elő</wf>
         <wf lemma="." pos="X">.</wf>
      </sentence>
      <sentence id="d000.s632" source="wordnet-hungarian">
         <wf lemma="Az" pos="X">Az</wf>
         <instance id="d000.s632.t000" lemma="adójóváírás" pos="NOUN">adójóváírás</instance>
         <wf lemma="lehetősége" pos="X">lehetősége</wf>
         <wf lemma="minden" pos="X">minden</wf>
         <wf lemma="bérjövedelmet" pos="X">bérjövedelmet</wf>
         <wf lemma="szerző" pos="X">szerző</wf>
         <wf lemma="magánszemély" pos="X">magánszemély</wf>
         <wf lemma="adózót" pos="X">adózót</wf>
         <wf lemma="megillet" pos="X">megillet</wf>
         <wf lemma="." pos="X">.</wf>
      </sentence>
      <sentence id="d000.s633" source="wordnet-hungarian">
         <wf lemma="Minden" pos="X">Minden</wf>
         <wf lemma="vágya" pos="X">vágya</wf>
         <wf lemma="volt" pos="X">volt</wf>
         <wf lemma="bekerülni" pos="X">bekerülni</wf>
         <wf lemma="az" pos="X">az</wf>
         <instance id="d000.s633.t000" lemma="arisztokrácia" pos="NOUN">arisztokráciába</instance>
         <wf lemma="." pos="X">.</wf>
      </sentence>
      <sentence id="d000.s634" source="wordnet-hungarian">
         <wf lemma="Háromheti" pos="X">Háromheti</wf>
         <instance id="d000.s634.t000" lemma="vezeklés" pos="NOUN">vezeklésre</instance>
         <wf lemma="ítélték" pos="X">ítélték</wf>
         <wf lemma="." pos="X">.</wf>
      </sentence>
      <sentence id="d000.s635" source="wordnet-hungarian">
         <wf lemma="A" pos="X">A</wf>
         <wf lemma="programozásban" pos="X">programozásban</wf>
         <wf lemma="mind" pos="X">mind</wf>
         <wf lemma="a" pos="X">a</wf>
         <wf lemma="magasszintű" pos="X">magasszintű</wf>
         <wf lemma="," pos="X">,</wf>
         <wf lemma="mind" pos="X">mind</wf>
         <wf lemma="az" pos="X">az</wf>
         <wf lemma="alacsonyszintű" pos="X">alacsonyszintű</wf>
         <wf lemma="nyelvek" pos="X">nyelvek</wf>
         <wf lemma="tartalmaznak" pos="X">tartalmaznak</wf>
         <instance id="d000.s635.t000" lemma="rendezés" pos="NOUN">rendezés</instance>
         <wf lemma="parancsot" pos="X">parancsot</wf>
         <wf lemma="," pos="X">,</wf>
         <wf lemma="illetve" pos="X">illetve</wf>
         <wf lemma="léteznek" pos="X">léteznek</wf>
         <wf lemma="különböző" pos="X">különböző</wf>
         <wf lemma="rendezési" pos="X">rendezési</wf>
         <wf lemma="eljárások" pos="X">eljárások</wf>
         <wf lemma="," pos="X">,</wf>
         <wf lemma="algoritmusok" pos="X">algoritmusok</wf>
         <wf lemma=";" pos="X">;</wf>
         <wf lemma="de" pos="X">de</wf>
         <wf lemma="adatbázisokban" pos="X">adatbázisokban</wf>
         <wf lemma="is" pos="X">is</wf>
         <wf lemma="használnak" pos="X">használnak</wf>
         <wf lemma="rendezés" pos="X">rendezés</wf>
         <wf lemma="parancsot" pos="X">parancsot</wf>
         <wf lemma="," pos="X">,</wf>
         <wf lemma="amellyel" pos="X">amellyel</wf>
         <wf lemma="gyakorlatilag" pos="X">gyakorlatilag</wf>
         <wf lemma="egy" pos="X">egy</wf>
         <wf lemma="olyan" pos="X">olyan</wf>
         <wf lemma="új" pos="X">új</wf>
         <wf lemma="adatbázist" pos="X">adatbázist</wf>
         <wf lemma="hozunk" pos="X">hozunk</wf>
         <wf lemma="létre" pos="X">létre</wf>
         <wf lemma="," pos="X">,</wf>
         <wf lemma="amiben" pos="X">amiben</wf>
         <wf lemma="a" pos="X">a</wf>
         <wf lemma="rekordok" pos="X">rekordok</wf>
         <wf lemma="nem" pos="X">nem</wf>
         <wf lemma="a" pos="X">a</wf>
         <wf lemma="meglévő" pos="X">meglévő</wf>
         <wf lemma="," pos="X">,</wf>
         <wf lemma="hanem" pos="X">hanem</wf>
         <wf lemma="az" pos="X">az</wf>
         <wf lemma="általunk" pos="X">általunk</wf>
         <wf lemma="meghatározott" pos="X">meghatározott</wf>
         <wf lemma="fizikai" pos="X">fizikai</wf>
         <wf lemma="sorrendben" pos="X">sorrendben</wf>
         <wf lemma="lesznek" pos="X">lesznek</wf>
         <wf lemma="." pos="X">.</wf>
      </sentence>
      <sentence id="d000.s636" source="wordnet-hungarian">
         <wf lemma="A" pos="X">A</wf>
         <wf lemma="személygépkocsi" pos="X">személygépkocsi</wf>
         <instance id="d000.s636.t000" lemma="súly" pos="NOUN">súlya</instance>
         <wf lemma="nem" pos="X">nem</wf>
         <wf lemma="haladhatja" pos="X">haladhatja</wf>
         <wf lemma="meg" pos="X">meg</wf>
         <wf lemma="a" pos="X">a</wf>
         <wf lemma="két" pos="X">két</wf>
         <wf lemma="és" pos="X">és</wf>
         <wf lemma="fél" pos="X">fél</wf>
         <wf lemma="tonnát" pos="X">tonnát</wf>
         <wf lemma="." pos="X">.</wf>
      </sentence>
      <sentence id="d000.s637" source="wordnet-hungarian">
         <wf lemma="A" pos="X">A</wf>
         <instance id="d000.s637.t000" lemma="diplomata" pos="NOUN">diplomatákat</instance>
         <wf lemma="az" pos="X">az</wf>
         <wf lemma="ország" pos="X">ország</wf>
         <wf lemma="külügyminisztere" pos="X">külügyminisztere</wf>
         <wf lemma="fogadta" pos="X">fogadta</wf>
         <wf lemma="." pos="X">.</wf>
      </sentence>
      <sentence id="d000.s638" source="wordnet-hungarian">
         <wf lemma="A" pos="X">A</wf>
         <wf lemma="földet" pos="X">földet</wf>
         <wf lemma="paták" pos="X">paták</wf>
         <instance id="d000.s638.t000" lemma="nyom" pos="NOUN">nyomai</instance>
         <wf lemma="borították" pos="X">borították</wf>
         <wf lemma="." pos="X">.</wf>
      </sentence>
      <sentence id="d000.s639" source="wordnet-hungarian">
         <wf lemma="Ebben" pos="X">Ebben</wf>
         <wf lemma="a" pos="X">a</wf>
         <instance id="d000.s639.t000" lemma="helyiség" pos="NOUN">helyiségben</instance>
         <wf lemma="nem" pos="X">nem</wf>
         <wf lemma="szabad" pos="X">szabad</wf>
         <wf lemma="dohányozni" pos="X">dohányozni</wf>
         <wf lemma="." pos="X">.</wf>
      </sentence>
      <sentence id="d000.s640" source="wordnet-hungarian">
         <wf lemma="A" pos="X">A</wf>
         <instance id="d000.s640.t000" lemma="teríték" pos="NOUN">teríték</instance>
         <wf lemma="minden" pos="X">minden</wf>
         <wf lemma="darabja" pos="X">darabja</wf>
         <wf lemma="porcelán" pos="X">porcelán</wf>
         <wf lemma="." pos="X">.</wf>
      </sentence>
      <sentence id="d000.s641" source="wordnet-hungarian">
         <wf lemma="A" pos="X">A</wf>
         <wf lemma="mobilgyártó" pos="X">mobilgyártó</wf>
         <wf lemma="cégeket" pos="X">cégeket</wf>
         <wf lemma="kérték" pos="X">kérték</wf>
         <wf lemma="," pos="X">,</wf>
         <wf lemma="hogy" pos="X">hogy</wf>
         <wf lemma="vásárolják" pos="X">vásárolják</wf>
         <wf lemma="máshonnan" pos="X">máshonnan</wf>
         <wf lemma="a" pos="X">a</wf>
         <instance id="d000.s641.t000" lemma="tantál" pos="NOUN">tantált</instance>
         <wf lemma="," pos="X">,</wf>
         <wf lemma="ami" pos="X">ami</wf>
         <wf lemma="egyébként" pos="X">egyébként</wf>
         <wf lemma="nem" pos="X">nem</wf>
         <wf lemma="feltétlenül" pos="X">feltétlenül</wf>
         <wf lemma="szükséges" pos="X">szükséges</wf>
         <wf lemma="a" pos="X">a</wf>
         <wf lemma="készülékek" pos="X">készülékek</wf>
         <wf lemma="gyártásához" pos="X">gyártásához</wf>
         <wf lemma="." pos="X">.</wf>
      </sentence>
      <sentence id="d000.s642" source="wordnet-hungarian">
         <wf lemma="A" pos="X">A</wf>
         <wf lemma="sztálingrádi" pos="X">sztálingrádi</wf>
         <instance id="d000.s642.t000" lemma="csata" pos="NOUN">csata</instance>
         <wf lemma="a" pos="X">a</wf>
         <wf lemma="második" pos="X">második</wf>
         <wf lemma="világháború" pos="X">világháború</wf>
         <wf lemma="egyik" pos="X">egyik</wf>
         <wf lemma="legfontosabb" pos="X">legfontosabb</wf>
         <wf lemma="összecsapása" pos="X">összecsapása</wf>
         <wf lemma="volt" pos="X">volt</wf>
         <wf lemma="." pos="X">.</wf>
      </sentence>
      <sentence id="d000.s643" source="wordnet-hungarian">
         <wf lemma="A" pos="X">A</wf>
         <wf lemma="sétányt" pos="X">sétányt</wf>
         <instance id="d000.s643.t000" lemma="gyertyán" pos="NOUN">gyertyánok</instance>
         <wf lemma="szegélyezték" pos="X">szegélyezték</wf>
         <wf lemma="." pos="X">.</wf>
      </sentence>
      <sentence id="d000.s644" source="wordnet-hungarian">
         <wf lemma="A" pos="X">A</wf>
         <instance id="d000.s644.t000" lemma="szajkó" pos="NOUN">szajkó</instance>
         <wf lemma="az" pos="X">az</wf>
         <wf lemma="olajfa" pos="X">olajfa</wf>
         <wf lemma="vékony" pos="X">vékony</wf>
         <wf lemma="ágán" pos="X">ágán</wf>
         <wf lemma="tipeg" pos="X">tipeg</wf>
         <wf lemma="jobbra" pos="X">jobbra</wf>
         <wf lemma="." pos="X">.</wf>
      </sentence>
      <sentence id="d000.s645" source="wordnet-hungarian">
         <wf lemma="A" pos="X">A</wf>
         <wf lemma="császár" pos="X">császár</wf>
         <instance id="d000.s645.t000" lemma="érez" pos="VERB">érezte</instance>
         <wf lemma="a" pos="X">a</wf>
         <wf lemma="bukás" pos="X">bukás</wf>
         <wf lemma="előszelét" pos="X">előszelét</wf>
         <wf lemma="." pos="X">.</wf>
      </sentence>
      <sentence id="d000.s646" source="wordnet-hungarian">
         <wf lemma="A" pos="X">A</wf>
         <wf lemma="mutató" pos="X">mutató</wf>
         <wf lemma="7" pos="X">7</wf>
         <wf lemma="órán" pos="X">órán</wf>
         <instance id="d000.s646.t000" lemma="áll" pos="VERB">áll</instance>
         <wf lemma="." pos="X">.</wf>
      </sentence>
      <sentence id="d000.s647" source="wordnet-hungarian">
         <wf lemma="Az" pos="X">Az</wf>
         <wf lemma="évtizedek" pos="X">évtizedek</wf>
         <wf lemma="óta" pos="X">óta</wf>
         <wf lemma="fennálló" pos="X">fennálló</wf>
         <wf lemma="alacsony" pos="X">alacsony</wf>
         <instance id="d000.s647.t000" lemma="termékenység" pos="NOUN">termékenység</instance>
         <wf lemma="és" pos="X">és</wf>
         <wf lemma="az" pos="X">az</wf>
         <wf lemma="öregkorban" pos="X">öregkorban</wf>
         <wf lemma="is" pos="X">is</wf>
         <wf lemma="javuló" pos="X">javuló</wf>
         <wf lemma="életesélyek" pos="X">életesélyek</wf>
         <wf lemma="következtében" pos="X">következtében</wf>
         <wf lemma="nő" pos="X">nő</wf>
         <wf lemma="az" pos="X">az</wf>
         <wf lemma="öregek" pos="X">öregek</wf>
         <wf lemma="részaránya" pos="X">részaránya</wf>
         <wf lemma="." pos="X">.</wf>
      </sentence>
      <sentence id="d000.s648" source="wordnet-hungarian">
         <wf lemma="Érdekes" pos="X">Érdekes</wf>
         <instance id="d000.s648.t000" lemma="falfestmény" pos="NOUN">falfestmények</instance>
         <wf lemma="maradtak" pos="X">maradtak</wf>
         <wf lemma="meg" pos="X">meg</wf>
         <wf lemma="az" pos="X">az</wf>
         <wf lemma="I." pos="X">I.</wf>
         <wf lemma="századból" pos="X">századból</wf>
         <wf lemma="Pompeiiben" pos="X">Pompeiiben</wf>
         <wf lemma="." pos="X">.</wf>
      </sentence>
      <sentence id="d000.s649" source="wordnet-hungarian">
         <instance id="d000.s649.t000" lemma="tárgyal" pos="VERB">Tárgyalnunk</instance>
         <wf lemma="kell" pos="X">kell</wf>
         <wf lemma="a" pos="X">a</wf>
         <wf lemma="vitás" pos="X">vitás</wf>
         <wf lemma="kérdésekről" pos="X">kérdésekről</wf>
         <wf lemma="." pos="X">.</wf>
      </sentence>
      <sentence id="d000.s650" source="wordnet-hungarian">
         <wf lemma="A" pos="X">A</wf>
         <wf lemma="legenda" pos="X">legenda</wf>
         <wf lemma="szerint" pos="X">szerint</wf>
         <wf lemma="a" pos="X">a</wf>
         <wf lemma="thermopylai" pos="X">thermopylai</wf>
         <wf lemma="szorosnál" pos="X">szorosnál</wf>
         <wf lemma="aratott" pos="X">aratott</wf>
         <wf lemma="győzelme" pos="X">győzelme</wf>
         <wf lemma="után" pos="X">után</wf>
         <wf lemma="Xerxes" pos="X">Xerxes</wf>
         <wf lemma="király" pos="X">király</wf>
         <wf lemma="lenyúzatta" pos="X">lenyúzatta</wf>
         <wf lemma="a" pos="X">a</wf>
         <wf lemma="görög" pos="X">görög</wf>
         <instance id="d000.s650.t000" lemma="áruló" pos="NOUN">árulót</instance>
         <wf lemma="." pos="X">.</wf>
      </sentence>
      <sentence id="d000.s651" source="wordnet-hungarian">
         <wf lemma="Űgy" pos="X">Űgy</wf>
         <wf lemma="tűnik" pos="X">tűnik</wf>
         <wf lemma="," pos="X">,</wf>
         <wf lemma="hogy" pos="X">hogy</wf>
         <wf lemma="a" pos="X">a</wf>
         <wf lemma="sok" pos="X">sok</wf>
         <wf lemma="vörösvérsejt" pos="X">vörösvérsejt</wf>
         <wf lemma="erős" pos="X">erős</wf>
         <instance id="d000.s651.t000" lemma="trombocita" pos="NOUN">trombocita</instance>
         <wf lemma="aggregációs" pos="X">aggregációs</wf>
         <wf lemma="hatással" pos="X">hatással</wf>
         <wf lemma="rendelkezik" pos="X">rendelkezik</wf>
         <wf lemma="." pos="X">.</wf>
      </sentence>
      <sentence id="d000.s652" source="wordnet-hungarian">
         <wf lemma="Az" pos="X">Az</wf>
         <wf lemma="Rh-negatív" pos="X">Rh-negatív</wf>
         <wf lemma="anyának" pos="X">anyának</wf>
         <wf lemma="terhessége" pos="X">terhessége</wf>
         <wf lemma="alatt" pos="X">alatt</wf>
         <wf lemma="anti-D" pos="X">anti-D</wf>
         <instance id="d000.s652.t000" lemma="ellenanyag" pos="NOUN">ellenanyagot</instance>
         <wf lemma="adnak" pos="X">adnak</wf>
         <wf lemma="." pos="X">.</wf>
      </sentence>
      <sentence id="d000.s653" source="wordnet-hungarian">
         <wf lemma="A" pos="X">A</wf>
         <instance id="d000.s653.t000" lemma="hód" pos="NOUN">hódok</instance>
         <wf lemma="számos" pos="X">számos</wf>
         <wf lemma="gátat" pos="X">gátat</wf>
         <wf lemma="építettek" pos="X">építettek</wf>
         <wf lemma="a" pos="X">a</wf>
         <wf lemma="hegyi" pos="X">hegyi</wf>
         <wf lemma="patakon" pos="X">patakon</wf>
         <wf lemma="." pos="X">.</wf>
      </sentence>
      <sentence id="d000.s654" source="wordnet-hungarian">
         <wf lemma="Ez" pos="X">Ez</wf>
         <wf lemma="a" pos="X">a</wf>
         <wf lemma="költemény" pos="X">költemény</wf>
         <wf lemma="tizenkét" pos="X">tizenkét</wf>
         <instance id="d000.s654.t000" lemma="versszak" pos="NOUN">versszakból</instance>
         <wf lemma="áll" pos="X">áll</wf>
         <wf lemma="." pos="X">.</wf>
      </sentence>
      <sentence id="d000.s655" source="wordnet-hungarian">
         <wf lemma="Siralmas" pos="X">Siralmas</wf>
         <instance id="d000.s655.t000" lemma="látvány" pos="NOUN">látványt</instance>
         <wf lemma="nyújtott" pos="X">nyújtott</wf>
         <wf lemma="." pos="X">.</wf>
      </sentence>
      <sentence id="d000.s656" source="wordnet-hungarian">
         <wf lemma="A" pos="X">A</wf>
         <wf lemma="kirándulók" pos="X">kirándulók</wf>
         <wf lemma="a" pos="X">a</wf>
         <wf lemma="hegy" pos="X">hegy</wf>
         <instance id="d000.s656.t000" lemma="gerinc" pos="NOUN">gerincén</instance>
         <wf lemma="túráztak" pos="X">túráztak</wf>
         <wf lemma="." pos="X">.</wf>
      </sentence>
      <sentence id="d000.s657" source="wordnet-hungarian">
         <wf lemma="A" pos="X">A</wf>
         <wf lemma="bor" pos="X">bor</wf>
         <wf lemma="sötét" pos="X">sötét</wf>
         <instance id="d000.s657.t000" lemma="folt" pos="NOUN">foltot</instance>
         <wf lemma="hagyott" pos="X">hagyott</wf>
         <wf lemma="a" pos="X">a</wf>
         <wf lemma="terítőn" pos="X">terítőn</wf>
         <wf lemma="." pos="X">.</wf>
      </sentence>
      <sentence id="d000.s658" source="wordnet-hungarian">
         <wf lemma="Forró" pos="X">Forró</wf>
         <wf lemma="a" pos="X">a</wf>
         <instance id="d000.s658.t000" lemma="vér" pos="NOUN">vére</instance>
         <wf lemma="," pos="X">,</wf>
         <wf lemma="nem" pos="X">nem</wf>
         <wf lemma="könnyű" pos="X">könnyű</wf>
         <wf lemma="bírni" pos="X">bírni</wf>
         <wf lemma="vele" pos="X">vele</wf>
         <wf lemma="." pos="X">.</wf>
      </sentence>
      <sentence id="d000.s659" source="wordnet-hungarian">
         <wf lemma="Általános" pos="X">Általános</wf>
         <instance id="d000.s659.t000" lemma="műveltség" pos="NOUN">műveltségével</instance>
         <wf lemma="kimagaslott" pos="X">kimagaslott</wf>
         <wf lemma="kortársai" pos="X">kortársai</wf>
         <wf lemma="közül" pos="X">közül</wf>
         <wf lemma="." pos="X">.</wf>
      </sentence>
      <sentence id="d000.s660" source="wordnet-hungarian">
         <wf lemma="A" pos="X">A</wf>
         <wf lemma="szomszédok" pos="X">szomszédok</wf>
         <wf lemma="már" pos="X">már</wf>
         <wf lemma="megint" pos="X">megint</wf>
         <wf lemma="egész" pos="X">egész</wf>
         <wf lemma="éjjel" pos="X">éjjel</wf>
         <instance id="d000.s660.t000" lemma="veszekedik" pos="VERB">veszekedtek</instance>
         <wf lemma="." pos="X">.</wf>
      </sentence>
      <sentence id="d000.s661" source="wordnet-hungarian">
         <wf lemma="Kéne" pos="X">Kéne</wf>
         <wf lemma="pár" pos="X">pár</wf>
         <wf lemma="szót" pos="X">szót</wf>
         <instance id="d000.s661.t000" lemma="vált" pos="VERB">váltanom</instance>
         <wf lemma="a" pos="X">a</wf>
         <wf lemma="portással" pos="X">portással</wf>
         <wf lemma="." pos="X">.</wf>
      </sentence>
      <sentence id="d000.s662" source="wordnet-hungarian">
         <wf lemma="A" pos="X">A</wf>
         <wf lemma="professzor" pos="X">professzor</wf>
         <wf lemma="szerint" pos="X">szerint</wf>
         <wf lemma="a" pos="X">a</wf>
         <instance id="d000.s662.t000" lemma="klinika" pos="NOUN">klinikák</instance>
         <wf lemma="feladatköre" pos="X">feladatköre</wf>
         <wf lemma="valóban" pos="X">valóban</wf>
         <wf lemma="megváltozott" pos="X">megváltozott</wf>
         <wf lemma="." pos="X">.</wf>
      </sentence>
      <sentence id="d000.s663" source="wordnet-hungarian">
         <wf lemma="A" pos="X">A</wf>
         <wf lemma="XV.-sz-i" pos="X">XV.-sz-i</wf>
         <instance id="d000.s663.t000" lemma="freskó" pos="NOUN">freskók</instance>
         <wf lemma="még" pos="X">még</wf>
         <wf lemma="jó" pos="X">jó</wf>
         <wf lemma="állapotban" pos="X">állapotban</wf>
         <wf lemma="vannak" pos="X">vannak</wf>
         <wf lemma="." pos="X">.</wf>
      </sentence>
      <sentence id="d000.s664" source="wordnet-hungarian">
         <wf lemma="A" pos="X">A</wf>
         <wf lemma="részecskék" pos="X">részecskék</wf>
         <instance id="d000.s664.t000" lemma="összeütközés" pos="NOUN">összeütközése</instance>
         <wf lemma="során" pos="X">során</wf>
         <wf lemma="fény" pos="X">fény</wf>
         <wf lemma="is" pos="X">is</wf>
         <wf lemma="felszabadul" pos="X">felszabadul</wf>
         <wf lemma="." pos="X">.</wf>
      </sentence>
      <sentence id="d000.s665" source="wordnet-hungarian">
         <wf lemma="A" pos="X">A</wf>
         <wf lemma="mérlegelés" pos="X">mérlegelés</wf>
         <wf lemma="kitűzött" pos="X">kitűzött</wf>
         <wf lemma="időpontja" pos="X">időpontja</wf>
         <wf lemma="előtt" pos="X">előtt</wf>
         <wf lemma="az" pos="X">az</wf>
         <instance id="d000.s665.t000" lemma="ökölvívó" pos="NOUN">ökölvívóknak</instance>
         <wf lemma="orvosi" pos="X">orvosi</wf>
         <wf lemma="vizsgálaton" pos="X">vizsgálaton</wf>
         <wf lemma="kell" pos="X">kell</wf>
         <wf lemma="részt" pos="X">részt</wf>
         <wf lemma="venniük" pos="X">venniük</wf>
         <wf lemma="." pos="X">.</wf>
      </sentence>
      <sentence id="d000.s666" source="wordnet-hungarian">
         <wf lemma="A" pos="X">A</wf>
         <instance id="d000.s666.t000" lemma="televízió" pos="NOUN">televízió</instance>
         <wf lemma="ünnepelt" pos="X">ünnepelt</wf>
         <wf lemma="szárja" pos="X">szárja</wf>
         <wf lemma="volt" pos="X">volt</wf>
         <wf lemma="a" pos="X">a</wf>
         <wf lemma="század" pos="X">század</wf>
         <wf lemma="közepén" pos="X">közepén</wf>
         <wf lemma="." pos="X">.</wf>
      </sentence>
      <sentence id="d000.s667" source="wordnet-hungarian">
         <wf lemma="Egész" pos="X">Egész</wf>
         <wf lemma="nap" pos="X">nap</wf>
         <instance id="d000.s667.t000" lemma="kutat" pos="VERB">kutattunk</instance>
         <wf lemma="," pos="X">,</wf>
         <wf lemma="és" pos="X">és</wf>
         <wf lemma="végül" pos="X">végül</wf>
         <wf lemma="megtaláltuk" pos="X">megtaláltuk</wf>
         <wf lemma="az" pos="X">az</wf>
         <wf lemma="elveszett" pos="X">elveszett</wf>
         <wf lemma="gyereket" pos="X">gyereket</wf>
         <wf lemma="az" pos="X">az</wf>
         <wf lemma="erdőben" pos="X">erdőben</wf>
         <wf lemma="." pos="X">.</wf>
      </sentence>
      <sentence id="d000.s668" source="wordnet-hungarian">
         <wf lemma="A" pos="X">A</wf>
         <wf lemma="felmerülő" pos="X">felmerülő</wf>
         <instance id="d000.s668.t000" lemma="anomália" pos="NOUN">anomáliák</instance>
         <wf lemma="nem" pos="X">nem</wf>
         <wf lemma="zavarták" pos="X">zavarták</wf>
         <wf lemma="a" pos="X">a</wf>
         <wf lemma="program" pos="X">program</wf>
         <wf lemma="működését" pos="X">működését</wf>
         <wf lemma="." pos="X">.</wf>
      </sentence>
      <sentence id="d000.s669" source="wordnet-hungarian">
         <wf lemma="Az" pos="X">Az</wf>
         <wf lemma="erdészlak" pos="X">erdészlak</wf>
         <wf lemma="menedéket" pos="X">menedéket</wf>
         <instance id="d000.s669.t000" lemma="nyújt" pos="VERB">nyújt</instance>
         <wf lemma="." pos="X">.</wf>
      </sentence>
      <sentence id="d000.s670" source="wordnet-hungarian">
         <wf lemma="A" pos="X">A</wf>
         <wf lemma="ragasztót" pos="X">ragasztót</wf>
         <wf lemma="a" pos="X">a</wf>
         <instance id="d000.s670.t000" lemma="szórópisztoly" pos="NOUN">szórópisztollyal</instance>
         <wf lemma="visszük" pos="X">visszük</wf>
         <wf lemma="fel" pos="X">fel</wf>
         <wf lemma="a" pos="X">a</wf>
         <wf lemma="felületre" pos="X">felületre</wf>
         <wf lemma="." pos="X">.</wf>
      </sentence>
      <sentence id="d000.s671" source="wordnet-hungarian">
         <wf lemma="Az" pos="X">Az</wf>
         <wf lemma="északi" pos="X">északi</wf>
         <wf lemma="államok" pos="X">államok</wf>
         <wf lemma="ellenezték" pos="X">ellenezték</wf>
         <wf lemma="a" pos="X">a</wf>
         <instance id="d000.s671.t000" lemma="rabszolgatartás" pos="NOUN">rabszolgatartást</instance>
         <wf lemma="." pos="X">.</wf>
      </sentence>
      <sentence id="d000.s672" source="wordnet-hungarian">
         <wf lemma="Régi" pos="X">Régi</wf>
         <instance id="d000.s672.t000" lemma="rádiókészülék" pos="NOUN">rádiókészülékek</instance>
         <wf lemma="javításából" pos="X">javításából</wf>
         <wf lemma="tartotta" pos="X">tartotta</wf>
         <wf lemma="fenn" pos="X">fenn</wf>
         <wf lemma="magát" pos="X">magát</wf>
         <wf lemma="és" pos="X">és</wf>
         <wf lemma="családját" pos="X">családját</wf>
         <wf lemma="." pos="X">.</wf>
      </sentence>
      <sentence id="d000.s673" source="wordnet-hungarian">
         <wf lemma="A" pos="X">A</wf>
         <instance id="d000.s673.t000" lemma="régész" pos="NOUN">régészek</instance>
         <wf lemma="leggyakoribb" pos="X">leggyakoribb</wf>
         <wf lemma="módszere" pos="X">módszere</wf>
         <wf lemma="az" pos="X">az</wf>
         <wf lemma="ásatás" pos="X">ásatás</wf>
         <wf lemma="." pos="X">.</wf>
      </sentence>
      <sentence id="d000.s674" source="wordnet-hungarian">
         <wf lemma="Több" pos="X">Több</wf>
         <instance id="d000.s674.t000" lemma="szobrász" pos="NOUN">szobrász</instance>
         <wf lemma="is" pos="X">is</wf>
         <wf lemma="pályázott" pos="X">pályázott</wf>
         <wf lemma="az" pos="X">az</wf>
         <wf lemma="'56-os" pos="X">'56-os</wf>
         <wf lemma="emlékmű" pos="X">emlékmű</wf>
         <wf lemma="elkészítésére" pos="X">elkészítésére</wf>
         <wf lemma="." pos="X">.</wf>
      </sentence>
      <sentence id="d000.s675" source="wordnet-hungarian">
         <wf lemma="Európai" pos="X">Európai</wf>
         <wf lemma="fejedelmeket" pos="X">fejedelmeket</wf>
         <wf lemma="kérnek" pos="X">kérnek</wf>
         <wf lemma="segítségül" pos="X">segítségül</wf>
         <wf lemma="a" pos="X">a</wf>
         <wf lemma="szorongatott" pos="X">szorongatott</wf>
         <wf lemma="helyzetben" pos="X">helyzetben</wf>
         <wf lemma="lévő" pos="X">lévő</wf>
         <instance id="d000.s675.t000" lemma="keleti" pos="NOUN">keletiek</instance>
         <wf lemma="." pos="X">.</wf>
      </sentence>
      <sentence id="d000.s676" source="wordnet-hungarian">
         <wf lemma="Barna" pos="X">Barna</wf>
         <instance id="d000.s676.t000" lemma="mártás" pos="NOUN">mártást</instance>
         <wf lemma="is" pos="X">is</wf>
         <wf lemma="szolgáltak" pos="X">szolgáltak</wf>
         <wf lemma="fel" pos="X">fel</wf>
         <wf lemma="a" pos="X">a</wf>
         <wf lemma="hús" pos="X">hús</wf>
         <wf lemma="mellé" pos="X">mellé</wf>
         <wf lemma="." pos="X">.</wf>
      </sentence>
      <sentence id="d000.s677" source="wordnet-hungarian">
         <wf lemma="A" pos="X">A</wf>
         <instance id="d000.s677.t000" lemma="mozdulatlanság" pos="NOUN">mozdulatlansága</instance>
         <wf lemma="megijesztett" pos="X">megijesztett</wf>
         <wf lemma="." pos="X">.</wf>
      </sentence>
      <sentence id="d000.s678" source="wordnet-hungarian">
         <wf lemma="A" pos="X">A</wf>
         <wf lemma="kerítés" pos="X">kerítés</wf>
         <instance id="d000.s678.t000" lemma="megvéd" pos="VERB">megvédi</instance>
         <wf lemma="az" pos="X">az</wf>
         <wf lemma="udvari" pos="X">udvari</wf>
         <wf lemma="háziállatokat" pos="X">háziállatokat</wf>
         <wf lemma="." pos="X">.</wf>
      </sentence>
      <sentence id="d000.s679" source="wordnet-hungarian">
         <wf lemma="Egzotikus" pos="X">Egzotikus</wf>
         <wf lemma="hüllő" pos="X">hüllő</wf>
         <instance id="d000.s679.t000" lemma="bendő" pos="NOUN">bendőjében</instance>
         <wf lemma="csempészték" pos="X">csempészték</wf>
         <wf lemma="a" pos="X">a</wf>
         <wf lemma="kokaint" pos="X">kokaint</wf>
         <wf lemma="." pos="X">.</wf>
      </sentence>
      <sentence id="d000.s680" source="wordnet-hungarian">
         <wf lemma="A" pos="X">A</wf>
         <wf lemma="hétórai" pos="X">hétórai</wf>
         <instance id="d000.s680.t000" lemma="ülés" pos="NOUN">ülés</instance>
         <wf lemma="témája" pos="X">témája</wf>
         <wf lemma="már" pos="X">már</wf>
         <wf lemma="adott" pos="X">adott</wf>
         <wf lemma="." pos="X">.</wf>
      </sentence>
      <sentence id="d000.s681" source="wordnet-hungarian">
         <wf lemma="A" pos="X">A</wf>
         <wf lemma="férfinak" pos="X">férfinak</wf>
         <wf lemma="a" pos="X">a</wf>
         <wf lemma="munkája" pos="X">munkája</wf>
         <wf lemma="volt" pos="X">volt</wf>
         <wf lemma="az" pos="X">az</wf>
         <instance id="d000.s681.t000" lemma="élet" pos="NOUN">élete</instance>
         <wf lemma="." pos="X">.</wf>
      </sentence>
      <sentence id="d000.s682" source="wordnet-hungarian">
         <wf lemma="Rengeteg" pos="X">Rengeteg</wf>
         <wf lemma="betegségről" pos="X">betegségről</wf>
         <wf lemma="már" pos="X">már</wf>
         <wf lemma="több" pos="X">több</wf>
         <wf lemma="évtizede" pos="X">évtizede</wf>
         <wf lemma="(" pos="X">(</wf>
         <wf lemma="sőt" pos="X">sőt</wf>
         <wf lemma="évszázada" pos="X">évszázada</wf>
         <wf lemma=")" pos="X">)</wf>
         <wf lemma="kiderült" pos="X">kiderült</wf>
         <wf lemma="," pos="X">,</wf>
         <wf lemma="hogy" pos="X">hogy</wf>
         <wf lemma="nem" pos="X">nem</wf>
         <wf lemma="valamilyen" pos="X">valamilyen</wf>
         <wf lemma="kórokozó" pos="X">kórokozó</wf>
         <wf lemma="," pos="X">,</wf>
         <wf lemma="hanem" pos="X">hanem</wf>
         <instance id="d000.s682.t000" lemma="hiánybetegség" pos="NOUN">hiánybetegség</instance>
         <wf lemma="okozza" pos="X">okozza</wf>
         <wf lemma="." pos="X">.</wf>
      </sentence>
      <sentence id="d000.s683" source="wordnet-hungarian">
         <wf lemma="Megbosszulták" pos="X">Megbosszulták</wf>
         <wf lemma="a" pos="X">a</wf>
         <instance id="d000.s683.t000" lemma="kaliforniai" pos="NOUN">kaliforniaiak</instance>
         <wf lemma="," pos="X">,</wf>
         <wf lemma="hogy" pos="X">hogy</wf>
         <wf lemma="Arnold" pos="X">Arnold</wf>
         <wf lemma="Schwarzenegger" pos="X">Schwarzenegger</wf>
         <wf lemma="fenékbe" pos="X">fenékbe</wf>
         <wf lemma="rúgást" pos="X">rúgást</wf>
         <wf lemma="ígért" pos="X">ígért</wf>
         <wf lemma="a" pos="X">a</wf>
         <wf lemma="nővéreknek" pos="X">nővéreknek</wf>
         <wf lemma="," pos="X">,</wf>
         <wf lemma="és" pos="X">és</wf>
         <wf lemma="kislányoknak" pos="X">kislányoknak</wf>
         <wf lemma="nevezte" pos="X">nevezte</wf>
         <wf lemma="a" pos="X">a</wf>
         <wf lemma="demokratákat" pos="X">demokratákat</wf>
         <wf lemma="." pos="X">.</wf>
      </sentence>
      <sentence id="d000.s684" source="wordnet-hungarian">
         <wf lemma="A" pos="X">A</wf>
         <instance id="d000.s684.t000" lemma="korrózió" pos="NOUN">korrózió</instance>
         <wf lemma="egy" pos="X">egy</wf>
         <wf lemma="természetes" pos="X">természetes</wf>
         <wf lemma="folyamat" pos="X">folyamat</wf>
         <wf lemma=";" pos="X">;</wf>
         <wf lemma="minden" pos="X">minden</wf>
         <wf lemma="anyagnál" pos="X">anyagnál</wf>
         <wf lemma="más" pos="X">más</wf>
         <wf lemma="és" pos="X">és</wf>
         <wf lemma="más" pos="X">más</wf>
         <wf lemma="sebességű" pos="X">sebességű</wf>
         <wf lemma="," pos="X">,</wf>
         <wf lemma="de" pos="X">de</wf>
         <wf lemma="állandó" pos="X">állandó</wf>
         <wf lemma="folyamat" pos="X">folyamat</wf>
         <wf lemma=";" pos="X">;</wf>
         <wf lemma="megállítani" pos="X">megállítani</wf>
         <wf lemma="nem" pos="X">nem</wf>
         <wf lemma="lehet" pos="X">lehet</wf>
         <wf lemma="," pos="X">,</wf>
         <wf lemma="csak" pos="X">csak</wf>
         <wf lemma="lassítani" pos="X">lassítani</wf>
         <wf lemma=";" pos="X">;</wf>
         <wf lemma="a" pos="X">a</wf>
         <wf lemma="folyamat" pos="X">folyamat</wf>
         <wf lemma="a" pos="X">a</wf>
         <wf lemma="megnövelt" pos="X">megnövelt</wf>
         <wf lemma="energiatartalmú" pos="X">energiatartalmú</wf>
         <wf lemma="anyagok" pos="X">anyagok</wf>
         <wf lemma="visszarendeződése" pos="X">visszarendeződése</wf>
         <wf lemma="a" pos="X">a</wf>
         <wf lemma="legkisebb" pos="X">legkisebb</wf>
         <wf lemma="energiatartalmú" pos="X">energiatartalmú</wf>
         <wf lemma="állapotba" pos="X">állapotba</wf>
         <wf lemma="." pos="X">.</wf>
      </sentence>
      <sentence id="d000.s685" source="wordnet-hungarian">
         <wf lemma="Egy" pos="X">Egy</wf>
         <wf lemma="férfi" pos="X">férfi</wf>
         <wf lemma="és" pos="X">és</wf>
         <wf lemma="néhány" pos="X">néhány</wf>
         <instance id="d000.s685.t000" lemma="csatlós" pos="NOUN">csatlósa</instance>
         <wf lemma="terror" pos="X">terror</wf>
         <wf lemma="alatt" pos="X">alatt</wf>
         <wf lemma="tartja" pos="X">tartja</wf>
         <wf lemma="az" pos="X">az</wf>
         <wf lemma="ország" pos="X">ország</wf>
         <wf lemma="déli" pos="X">déli</wf>
         <wf lemma="végén" pos="X">végén</wf>
         <wf lemma="fekvő" pos="X">fekvő</wf>
         <wf lemma="falut" pos="X">falut</wf>
         <wf lemma="." pos="X">.</wf>
      </sentence>
      <sentence id="d000.s686" source="wordnet-hungarian">
         <wf lemma="Áramló" pos="X">Áramló</wf>
         <wf lemma="gáz" pos="X">gáz</wf>
         <wf lemma="vagy" pos="X">vagy</wf>
         <instance id="d000.s686.t000" lemma="folyadék" pos="NOUN">folyadék</instance>
         <wf lemma="egységnyi" pos="X">egységnyi</wf>
         <wf lemma="térfogatának" pos="X">térfogatának</wf>
         <wf lemma="összenergiatartalma" pos="X">összenergiatartalma</wf>
         <wf lemma="állandó" pos="X">állandó</wf>
         <wf lemma="." pos="X">.</wf>
      </sentence>
      <sentence id="d000.s687" source="wordnet-hungarian">
         <wf lemma="Sokféle" pos="X">Sokféle</wf>
         <instance id="d000.s687.t000" lemma="szilva" pos="NOUN">szilva</instance>
         <wf lemma="létezik" pos="X">létezik</wf>
         <wf lemma="." pos="X">.</wf>
      </sentence>
      <sentence id="d000.s688" source="wordnet-hungarian">
         <wf lemma="A" pos="X">A</wf>
         <wf lemma="hanglemez" pos="X">hanglemez</wf>
         <instance id="d000.s688.t000" lemma="korong" pos="NOUN">korongján</instance>
         <wf lemma="visszatükröződött" pos="X">visszatükröződött</wf>
         <wf lemma="az" pos="X">az</wf>
         <wf lemma="arca" pos="X">arca</wf>
         <wf lemma="." pos="X">.</wf>
      </sentence>
      <sentence id="d000.s689" source="wordnet-hungarian">
         <wf lemma="Egy" pos="X">Egy</wf>
         <instance id="d000.s689.t000" lemma="bemutató" pos="NOUN">bemutató</instance>
         <wf lemma="keretein" pos="X">keretein</wf>
         <wf lemma="belül" pos="X">belül</wf>
         <wf lemma="ismertette" pos="X">ismertette</wf>
         <wf lemma="meg" pos="X">meg</wf>
         <wf lemma="partnereit" pos="X">partnereit</wf>
         <wf lemma="a" pos="X">a</wf>
         <wf lemma="cég" pos="X">cég</wf>
         <wf lemma="legújabb" pos="X">legújabb</wf>
         <wf lemma="fejlesztéseivel" pos="X">fejlesztéseivel</wf>
         <wf lemma="." pos="X">.</wf>
      </sentence>
      <sentence id="d000.s690" source="wordnet-hungarian">
         <wf lemma="Egyre" pos="X">Egyre</wf>
         <wf lemma="kevesebben" pos="X">kevesebben</wf>
         <wf lemma="hordanak" pos="X">hordanak</wf>
         <instance id="d000.s690.t000" lemma="nadrágtartó" pos="NOUN">nadrágtartót</instance>
         <wf lemma="." pos="X">.</wf>
      </sentence>
      <sentence id="d000.s691" source="wordnet-hungarian">
         <wf lemma="A" pos="X">A</wf>
         <wf lemma="repülőgépről" pos="X">repülőgépről</wf>
         <wf lemma="nézve" pos="X">nézve</wf>
         <wf lemma="a" pos="X">a</wf>
         <wf lemma="szántóföld" pos="X">szántóföld</wf>
         <wf lemma="színes" pos="X">színes</wf>
         <instance id="d000.s691.t000" lemma="sáv" pos="NOUN">sávokból</instance>
         <wf lemma="állt" pos="X">állt</wf>
         <wf lemma="." pos="X">.</wf>
      </sentence>
      <sentence id="d000.s692" source="wordnet-hungarian">
         <wf lemma="Csak" pos="X">Csak</wf>
         <wf lemma="évek" pos="X">évek</wf>
         <wf lemma="során" pos="X">során</wf>
         <wf lemma="sikerült" pos="X">sikerült</wf>
         <wf lemma="levetkőznie" pos="X">levetkőznie</wf>
         <wf lemma="osztálytársaival" pos="X">osztálytársaival</wf>
         <wf lemma="szembeni" pos="X">szembeni</wf>
         <instance id="d000.s692.t000" lemma="tartózkodás" pos="NOUN">tartózkodását</instance>
         <wf lemma="." pos="X">.</wf>
      </sentence>
      <sentence id="d000.s693" source="wordnet-hungarian">
         <wf lemma="A" pos="X">A</wf>
         <wf lemma="vezetékünk" pos="X">vezetékünk</wf>
         <instance id="d000.s693.t000" lemma="félvezető" pos="NOUN">félvezetőből</instance>
         <wf lemma="készült" pos="X">készült</wf>
         <wf lemma="." pos="X">.</wf>
      </sentence>
      <sentence id="d000.s694" source="wordnet-hungarian">
         <wf lemma="Nagyapám" pos="X">Nagyapám</wf>
         <wf lemma="a" pos="X">a</wf>
         <wf lemma="háború" pos="X">háború</wf>
         <wf lemma="végéig" pos="X">végéig</wf>
         <instance id="d000.s694.t000" lemma="él" pos="VERB">élt</instance>
         <wf lemma="." pos="X">.</wf>
      </sentence>
      <sentence id="d000.s695" source="wordnet-hungarian">
         <wf lemma="Friss" pos="X">Friss</wf>
         <wf lemma="nyáresti" pos="X">nyáresti</wf>
         <wf lemma="szél" pos="X">szél</wf>
         <wf lemma="fújt" pos="X">fújt</wf>
         <wf lemma="be" pos="X">be</wf>
         <wf lemma="az" pos="X">az</wf>
         <instance id="d000.s695.t000" lemma="ablak" pos="NOUN">ablakon</instance>
         <wf lemma="." pos="X">.</wf>
      </sentence>
      <sentence id="d000.s696" source="wordnet-hungarian">
         <wf lemma="A" pos="X">A</wf>
         <instance id="d000.s696.t000" lemma="fiatal" pos="NOUN">fiatalok</instance>
         <wf lemma="nem" pos="X">nem</wf>
         <wf lemma="érezték" pos="X">érezték</wf>
         <wf lemma="jól" pos="X">jól</wf>
         <wf lemma="magukat" pos="X">magukat</wf>
         <wf lemma="az" pos="X">az</wf>
         <wf lemma="öregek" pos="X">öregek</wf>
         <wf lemma="között" pos="X">között</wf>
         <wf lemma="." pos="X">.</wf>
      </sentence>
      <sentence id="d000.s697" source="wordnet-hungarian">
         <wf lemma="A" pos="X">A</wf>
         <wf lemma="lefolyóban" pos="X">lefolyóban</wf>
         <instance id="d000.s697.t000" lemma="áll" pos="VERB">áll</instance>
         <wf lemma="a" pos="X">a</wf>
         <wf lemma="víz" pos="X">víz</wf>
         <wf lemma="." pos="X">.</wf>
      </sentence>
      <sentence id="d000.s698" source="wordnet-hungarian">
         <instance id="d000.s698.t000" lemma="hasmenés" pos="NOUN">Hasmenése</instance>
         <wf lemma="miatt" pos="X">miatt</wf>
         <wf lemma="egész" pos="X">egész</wf>
         <wf lemma="nap" pos="X">nap</wf>
         <wf lemma="ki" pos="X">ki</wf>
         <wf lemma="se" pos="X">se</wf>
         <wf lemma="mozdult" pos="X">mozdult</wf>
         <wf lemma="a" pos="X">a</wf>
         <wf lemma="házból" pos="X">házból</wf>
         <wf lemma="." pos="X">.</wf>
      </sentence>
      <sentence id="d000.s699" source="wordnet-hungarian">
         <wf lemma="Sürgősen" pos="X">Sürgősen</wf>
         <wf lemma="eladó" pos="X">eladó</wf>
         <wf lemma="Veszprémben" pos="X">Veszprémben</wf>
         <wf lemma="egy" pos="X">egy</wf>
         <wf lemma="18" pos="X">18</wf>
         <instance id="d000.s699.t000" lemma="négyzetméter" pos="NOUN">négyzetméter</instance>
         <wf lemma="alapterületű" pos="X">alapterületű</wf>
         <wf lemma="," pos="X">,</wf>
         <wf lemma="tetőteres" pos="X">tetőteres</wf>
         <wf lemma="," pos="X">,</wf>
         <wf lemma="alápincézett" pos="X">alápincézett</wf>
         <wf lemma="," pos="X">,</wf>
         <wf lemma="nagy" pos="X">nagy</wf>
         <wf lemma="garázs" pos="X">garázs</wf>
         <wf lemma="." pos="X">.</wf>
      </sentence>
      <sentence id="d000.s700" source="wordnet-hungarian">
         <wf lemma="A" pos="X">A</wf>
         <instance id="d000.s700.t000" lemma="bróm" pos="NOUN">bróm</instance>
         <wf lemma="felfedezése" pos="X">felfedezése</wf>
         <wf lemma="Antoine" pos="X">Antoine</wf>
         <wf lemma="Jérôme" pos="X">Jérôme</wf>
         <wf lemma="Balard" pos="X">Balard</wf>
         <wf lemma="nevéhez" pos="X">nevéhez</wf>
         <wf lemma="kötődik" pos="X">kötődik</wf>
         <wf lemma="." pos="X">.</wf>
      </sentence>
      <sentence id="d000.s701" source="wordnet-hungarian">
         <wf lemma="Több" pos="X">Több</wf>
         <wf lemma="alkalommal" pos="X">alkalommal</wf>
         <wf lemma="tett" pos="X">tett</wf>
         <instance id="d000.s701.t000" lemma="megjegyzés" pos="NOUN">megjegyzést</instance>
         <wf lemma="munkájával" pos="X">munkájával</wf>
         <wf lemma="kapcsolatban" pos="X">kapcsolatban</wf>
         <wf lemma="." pos="X">.</wf>
      </sentence>
      <sentence id="d000.s702" source="wordnet-hungarian">
         <wf lemma="Kora" pos="X">Kora</wf>
         <wf lemma="előrehaladtával" pos="X">előrehaladtával</wf>
         <instance id="d000.s702.t000" lemma="gyengeség" pos="NOUN">gyengesége</instance>
         <wf lemma="is" pos="X">is</wf>
         <wf lemma="csak" pos="X">csak</wf>
         <wf lemma="egyre" pos="X">egyre</wf>
         <wf lemma="nőtt" pos="X">nőtt</wf>
         <wf lemma="." pos="X">.</wf>
      </sentence>
      <sentence id="d000.s703" source="wordnet-hungarian">
         <wf lemma="Hiába" pos="X">Hiába</wf>
         <wf lemma="próbálkoztam" pos="X">próbálkoztam</wf>
         <wf lemma="mindenféle" pos="X">mindenféle</wf>
         <wf lemma="trükkel" pos="X">trükkel</wf>
         <wf lemma="," pos="X">,</wf>
         <wf lemma="mindig" pos="X">mindig</wf>
         <wf lemma="a" pos="X">a</wf>
         <instance id="d000.s703.t000" lemma="ház" pos="NOUN">ház</instance>
         <wf lemma="nyert" pos="X">nyert</wf>
         <wf lemma="a" pos="X">a</wf>
         <wf lemma="Black" pos="X">Black</wf>
         <wf lemma="Jackben" pos="X">Jackben</wf>
         <wf lemma="." pos="X">.</wf>
      </sentence>
      <sentence id="d000.s704" source="wordnet-hungarian">
         <wf lemma="Ott" pos="X">Ott</wf>
         <wf lemma="szalad" pos="X">szalad</wf>
         <wf lemma="a" pos="X">a</wf>
         <instance id="d000.s704.t000" lemma="gyáva" pos="NOUN">gyáva</instance>
         <wf lemma="." pos="X">.</wf>
      </sentence>
      <sentence id="d000.s705" source="wordnet-hungarian">
         <wf lemma="A" pos="X">A</wf>
         <wf lemma="szülők" pos="X">szülők</wf>
         <wf lemma="szépnek" pos="X">szépnek</wf>
         <instance id="d000.s705.t000" lemma="lát" pos="VERB">látják</instance>
         <wf lemma="gyerekeiket" pos="X">gyerekeiket</wf>
         <wf lemma="." pos="X">.</wf>
      </sentence>
      <sentence id="d000.s706" source="wordnet-hungarian">
         <wf lemma="Megéri" pos="X">Megéri</wf>
         <wf lemma="a" pos="X">a</wf>
         <instance id="d000.s706.t000" lemma="befektetés" pos="NOUN">befektetés</instance>
         <wf lemma="?" pos="X">?</wf>
      </sentence>
      <sentence id="d000.s707" source="wordnet-hungarian">
         <wf lemma="A" pos="X">A</wf>
         <instance id="d000.s707.t000" lemma="földbirtokos" pos="NOUN">földbirtokos</instance>
         <wf lemma="sok" pos="X">sok</wf>
         <wf lemma="napszámost" pos="X">napszámost</wf>
         <wf lemma="foglalkoztatott" pos="X">foglalkoztatott</wf>
         <wf lemma="." pos="X">.</wf>
      </sentence>
      <sentence id="d000.s708" source="wordnet-hungarian">
         <wf lemma="A" pos="X">A</wf>
         <instance id="d000.s708.t000" lemma="konzervatív" pos="NOUN">konzervatívok</instance>
         <wf lemma="a" pos="X">a</wf>
         <wf lemma="kávéházban" pos="X">kávéházban</wf>
         <wf lemma="gyülekeztek" pos="X">gyülekeztek</wf>
         <wf lemma="." pos="X">.</wf>
      </sentence>
      <sentence id="d000.s709" source="wordnet-hungarian">
         <wf lemma="A" pos="X">A</wf>
         <instance id="d000.s709.t000" lemma="levélíró" pos="NOUN">levélírót</instance>
         <wf lemma="a" pos="X">a</wf>
         <wf lemma="lap" pos="X">lap</wf>
         <wf lemma="augusztus" pos="X">augusztus</wf>
         <wf lemma="21-i" pos="X">21-i</wf>
         <wf lemma="száma" pos="X">száma</wf>
         <wf lemma="háborította" pos="X">háborította</wf>
         <wf lemma="fel" pos="X">fel</wf>
         <wf lemma="végleg" pos="X">végleg</wf>
         <wf lemma="és" pos="X">és</wf>
         <wf lemma="késztette" pos="X">késztette</wf>
         <wf lemma="írásra" pos="X">írásra</wf>
         <wf lemma="." pos="X">.</wf>
      </sentence>
      <sentence id="d000.s710" source="wordnet-hungarian">
         <wf lemma="Ez" pos="X">Ez</wf>
         <wf lemma="a" pos="X">a</wf>
         <instance id="d000.s710.t000" lemma="transzformátor" pos="NOUN">transzformátor</instance>
         <wf lemma="220" pos="X">220</wf>
         <wf lemma="voltról" pos="X">voltról</wf>
         <wf lemma="120" pos="X">120</wf>
         <wf lemma="voltra" pos="X">voltra</wf>
         <wf lemma="csökkenti" pos="X">csökkenti</wf>
         <wf lemma="a" pos="X">a</wf>
         <wf lemma="feszültséget" pos="X">feszültséget</wf>
         <wf lemma="." pos="X">.</wf>
      </sentence>
      <sentence id="d000.s711" source="wordnet-hungarian">
         <wf lemma="Lenne" pos="X">Lenne</wf>
         <wf lemma="pénzed" pos="X">pénzed</wf>
         <wf lemma="," pos="X">,</wf>
         <wf lemma="ha" pos="X">ha</wf>
         <wf lemma="nem" pos="X">nem</wf>
         <wf lemma="járnál" pos="X">járnál</wf>
         <wf lemma="ki" pos="X">ki</wf>
         <wf lemma="a" pos="X">a</wf>
         <wf lemma="lovira" pos="X">lovira</wf>
         <instance id="d000.s711.t000" lemma="játszik" pos="VERB">játszani</instance>
         <wf lemma="!" pos="X">!</wf>
      </sentence>
      <sentence id="d000.s712" source="wordnet-hungarian">
         <wf lemma="Az" pos="X">Az</wf>
         <wf lemma="óriási" pos="X">óriási</wf>
         <instance id="d000.s712.t000" lemma="diófa" pos="NOUN">diófa</instance>
         <wf lemma="alatt" pos="X">alatt</wf>
         <wf lemma="az" pos="X">az</wf>
         <wf lemma="árnyékban" pos="X">árnyékban</wf>
         <wf lemma="játszottak" pos="X">játszottak</wf>
         <wf lemma="a" pos="X">a</wf>
         <wf lemma="gyerekek" pos="X">gyerekek</wf>
         <wf lemma="." pos="X">.</wf>
      </sentence>
      <sentence id="d000.s713" source="wordnet-hungarian">
         <wf lemma="Tankönyvkészítésnél" pos="X">Tankönyvkészítésnél</wf>
         <wf lemma="az" pos="X">az</wf>
         <wf lemma="életkori" pos="X">életkori</wf>
         <instance id="d000.s713.t000" lemma="sajátosság" pos="NOUN">sajátosság</instance>
         <wf lemma="kérdése" pos="X">kérdése</wf>
         <wf lemma="elsősorban" pos="X">elsősorban</wf>
         <wf lemma="a" pos="X">a</wf>
         <wf lemma="6-10" pos="X">6-10</wf>
         <wf lemma="éves" pos="X">éves</wf>
         <wf lemma="korcsoporttal" pos="X">korcsoporttal</wf>
         <wf lemma="kapcsolatban" pos="X">kapcsolatban</wf>
         <wf lemma="merül" pos="X">merül</wf>
         <wf lemma="fel" pos="X">fel</wf>
         <wf lemma="." pos="X">.</wf>
      </sentence>
      <sentence id="d000.s714" source="wordnet-hungarian">
         <wf lemma="A" pos="X">A</wf>
         <instance id="d000.s714.t000" lemma="bőr" pos="NOUN">bőr</instance>
         <wf lemma="az" pos="X">az</wf>
         <wf lemma="emberi" pos="X">emberi</wf>
         <wf lemma="test" pos="X">test</wf>
         <wf lemma="legnagyobb" pos="X">legnagyobb</wf>
         <wf lemma="szerve" pos="X">szerve</wf>
         <wf lemma="." pos="X">.</wf>
      </sentence>
      <sentence id="d000.s715" source="wordnet-hungarian">
         <wf lemma="Holnap" pos="X">Holnap</wf>
         <wf lemma="van" pos="X">van</wf>
         <wf lemma="a" pos="X">a</wf>
         <wf lemma="leadási" pos="X">leadási</wf>
         <instance id="d000.s715.t000" lemma="határidő" pos="NOUN">határidő</instance>
         <wf lemma="." pos="X">.</wf>
      </sentence>
      <sentence id="d000.s716" source="wordnet-hungarian">
         <wf lemma="Búskomor" pos="X">Búskomor</wf>
         <wf lemma="szürke" pos="X">szürke</wf>
         <wf lemma="felhőkből" pos="X">felhőkből</wf>
         <instance id="d000.s716.t000" lemma="szitál" pos="VERB">szitál</instance>
         <wf lemma="az" pos="X">az</wf>
         <wf lemma="eső" pos="X">eső</wf>
         <wf lemma="." pos="X">.</wf>
      </sentence>
      <sentence id="d000.s717" source="wordnet-hungarian">
         <wf lemma="A" pos="X">A</wf>
         <wf lemma="költő" pos="X">költő</wf>
         <wf lemma="verseiben" pos="X">verseiben</wf>
         <wf lemma="a" pos="X">a</wf>
         <wf lemma="modernizmus" pos="X">modernizmus</wf>
         <wf lemma="vívmányain" pos="X">vívmányain</wf>
         <instance id="d000.s717.t000" lemma="mereng" pos="VERB">mereng</instance>
         <wf lemma="." pos="X">.</wf>
      </sentence>
      <sentence id="d000.s718" source="wordnet-hungarian">
         <wf lemma="Nagy" pos="X">Nagy</wf>
         <wf lemma="állami" pos="X">állami</wf>
         <wf lemma="ünnepek" pos="X">ünnepek</wf>
         <wf lemma="alkalmával" pos="X">alkalmával</wf>
         <wf lemma="gyakori" pos="X">gyakori</wf>
         <wf lemma="az" pos="X">az</wf>
         <instance id="d000.s718.t000" lemma="amnesztia" pos="NOUN">amnesztia</instance>
         <wf lemma="." pos="X">.</wf>
      </sentence>
      <sentence id="d000.s719" source="wordnet-hungarian">
         <wf lemma="A" pos="X">A</wf>
         <wf lemma="besszre" pos="X">besszre</wf>
         <wf lemma="és" pos="X">és</wf>
         <wf lemma="a" pos="X">a</wf>
         <instance id="d000.s719.t000" lemma="hossz" pos="NOUN">hosszra</instance>
         <wf lemma="spekulálók" pos="X">spekulálók</wf>
         <wf lemma="alapvetően" pos="X">alapvetően</wf>
         <wf lemma="különböző" pos="X">különböző</wf>
         <wf lemma="beállítottságú" pos="X">beállítottságú</wf>
         <wf lemma="emberek" pos="X">emberek</wf>
         <wf lemma="." pos="X">.</wf>
      </sentence>
      <sentence id="d000.s720" source="wordnet-hungarian">
         <wf lemma="A" pos="X">A</wf>
         <instance id="d000.s720.t000" lemma="holland" pos="NOUN">hollandok</instance>
         <wf lemma="az" pos="X">az</wf>
         <wf lemma="évek" pos="X">évek</wf>
         <wf lemma="során" pos="X">során</wf>
         <wf lemma="jelentős" pos="X">jelentős</wf>
         <wf lemma="területeket" pos="X">területeket</wf>
         <wf lemma="hódítottak" pos="X">hódítottak</wf>
         <wf lemma="el" pos="X">el</wf>
         <wf lemma="a" pos="X">a</wf>
         <wf lemma="tengertől" pos="X">tengertől</wf>
         <wf lemma="," pos="X">,</wf>
         <wf lemma="pl." pos="X">pl.</wf>
         <wf lemma="a" pos="X">a</wf>
         <wf lemma="mai" pos="X">mai</wf>
         <wf lemma="Flevoland" pos="X">Flevoland</wf>
         <wf lemma="tartomány" pos="X">tartomány</wf>
         <wf lemma="teljes" pos="X">teljes</wf>
         <wf lemma="egészét" pos="X">egészét</wf>
         <wf lemma="100" pos="X">100</wf>
         <wf lemma="éve" pos="X">éve</wf>
         <wf lemma="még" pos="X">még</wf>
         <wf lemma="tenger" pos="X">tenger</wf>
         <wf lemma="borította" pos="X">borította</wf>
         <wf lemma="." pos="X">.</wf>
      </sentence>
      <sentence id="d000.s721" source="wordnet-hungarian">
         <wf lemma="Feri" pos="X">Feri</wf>
         <wf lemma="idegesen" pos="X">idegesen</wf>
         <wf lemma="az" pos="X">az</wf>
         <wf lemma="órájára" pos="X">órájára</wf>
         <instance id="d000.s721.t000" lemma="mutat" pos="VERB">mutatott</instance>
         <wf lemma="," pos="X">,</wf>
         <wf lemma="hogy" pos="X">hogy</wf>
         <wf lemma="sürgesse" pos="X">sürgesse</wf>
         <wf lemma="Ivettet" pos="X">Ivettet</wf>
         <wf lemma="." pos="X">.</wf>
      </sentence>
      <sentence id="d000.s722" source="wordnet-hungarian">
         <wf lemma="A" pos="X">A</wf>
         <wf lemma="nirvánába" pos="X">nirvánába</wf>
         <wf lemma="eljutó" pos="X">eljutó</wf>
         <wf lemma="bódhiszattvák" pos="X">bódhiszattvák</wf>
         <wf lemma="a" pos="X">a</wf>
         <wf lemma="buddhista" pos="X">buddhista</wf>
         <wf lemma="hit" pos="X">hit</wf>
         <wf lemma="sajátos" pos="X">sajátos</wf>
         <instance id="d000.s722.t000" lemma="szent" pos="NOUN">szentjei</instance>
         <wf lemma="." pos="X">.</wf>
      </sentence>
      <sentence id="d000.s723" source="wordnet-hungarian">
         <wf lemma="Elképzelhető" pos="X">Elképzelhető</wf>
         <wf lemma="," pos="X">,</wf>
         <wf lemma="hogy" pos="X">hogy</wf>
         <wf lemma="az" pos="X">az</wf>
         <instance id="d000.s723.t000" lemma="óriáscsillag" pos="NOUN">óriáscsillagok</instance>
         <wf lemma="körül" pos="X">körül</wf>
         <wf lemma="is" pos="X">is</wf>
         <wf lemma="keletkeznek" pos="X">keletkeznek</wf>
         <wf lemma="planéták" pos="X">planéták</wf>
         <wf lemma="." pos="X">.</wf>
      </sentence>
      <sentence id="d000.s724" source="wordnet-hungarian">
         <wf lemma="A" pos="X">A</wf>
         <wf lemma="vegyületnek" pos="X">vegyületnek</wf>
         <wf lemma="számos" pos="X">számos</wf>
         <instance id="d000.s724.t000" lemma="elem" pos="NOUN">eleme</instance>
         <wf lemma="van" pos="X">van</wf>
         <wf lemma="." pos="X">.</wf>
      </sentence>
      <sentence id="d000.s725" source="wordnet-hungarian">
         <wf lemma="Egy" pos="X">Egy</wf>
         <wf lemma="szakértő" pos="X">szakértő</wf>
         <wf lemma="több" pos="X">több</wf>
         <wf lemma="évtizedes" pos="X">évtizedes</wf>
         <wf lemma="tanulmányozás" pos="X">tanulmányozás</wf>
         <wf lemma="után" pos="X">után</wf>
         <wf lemma="azt" pos="X">azt</wf>
         <wf lemma="állítja" pos="X">állítja</wf>
         <wf lemma="," pos="X">,</wf>
         <wf lemma="hogy" pos="X">hogy</wf>
         <wf lemma="az" pos="X">az</wf>
         <instance id="d000.s725.t000" lemma="iszlamizmus" pos="NOUN">iszlamizmus</instance>
         <wf lemma="szerepe" pos="X">szerepe</wf>
         <wf lemma="nő" pos="X">nő</wf>
         <wf lemma="a" pos="X">a</wf>
         <wf lemma="társadalmi" pos="X">társadalmi</wf>
         <wf lemma="életben" pos="X">életben</wf>
         <wf lemma="." pos="X">.</wf>
      </sentence>
      <sentence id="d000.s726" source="wordnet-hungarian">
         <wf lemma="Több" pos="X">Több</wf>
         <instance id="d000.s726.t000" lemma="sport" pos="NOUN">sportot</instance>
         <wf lemma="is" pos="X">is</wf>
         <wf lemma="kipróbált" pos="X">kipróbált</wf>
         <wf lemma="." pos="X">.</wf>
      </sentence>
      <sentence id="d000.s727" source="wordnet-hungarian">
         <wf lemma="Óra" pos="X">Óra</wf>
         <wf lemma="közben" pos="X">közben</wf>
         <wf lemma="kölcsönkérte" pos="X">kölcsönkérte</wf>
         <wf lemma="az" pos="X">az</wf>
         <instance id="d000.s727.t000" lemma="indigó" pos="NOUN">indigóját</instance>
         <wf lemma="." pos="X">.</wf>
      </sentence>
      <sentence id="d000.s728" source="wordnet-hungarian">
         <wf lemma="Külföldön" pos="X">Külföldön</wf>
         <wf lemma="dolgozott" pos="X">dolgozott</wf>
         <wf lemma="mint" pos="X">mint</wf>
         <wf lemma="hivatásos" pos="X">hivatásos</wf>
         <instance id="d000.s728.t000" lemma="hírszerző" pos="NOUN">hírszerző</instance>
         <wf lemma="." pos="X">.</wf>
      </sentence>
      <sentence id="d000.s729" source="wordnet-hungarian">
         <wf lemma="A" pos="X">A</wf>
         <instance id="d000.s729.t000" lemma="matróz" pos="NOUN">matrózok</instance>
         <wf lemma="fegyelmezetten" pos="X">fegyelmezetten</wf>
         <wf lemma="vonultak" pos="X">vonultak</wf>
         <wf lemma="végig" pos="X">végig</wf>
         <wf lemma="a" pos="X">a</wf>
         <wf lemma="kikötőn" pos="X">kikötőn</wf>
         <wf lemma="." pos="X">.</wf>
      </sentence>
      <sentence id="d000.s730" source="wordnet-hungarian">
         <wf lemma="Ne" pos="X">Ne</wf>
         <wf lemma="alkoss" pos="X">alkoss</wf>
         <wf lemma="elhamarkodottan" pos="X">elhamarkodottan</wf>
         <instance id="d000.s730.t000" lemma="ítélet" pos="NOUN">ítéletet</instance>
         <wf lemma="!" pos="X">!</wf>
      </sentence>
      <sentence id="d000.s731" source="wordnet-hungarian">
         <wf lemma="A" pos="X">A</wf>
         <wf lemma="lapban" pos="X">lapban</wf>
         <wf lemma="egyre" pos="X">egyre</wf>
         <wf lemma="nagyobb" pos="X">nagyobb</wf>
         <instance id="d000.s731.t000" lemma="tér" pos="NOUN">teret</instance>
         <wf lemma="kap" pos="X">kap</wf>
         <wf lemma="a" pos="X">a</wf>
         <wf lemma="politika" pos="X">politika</wf>
         <wf lemma="." pos="X">.</wf>
      </sentence>
      <sentence id="d000.s732" source="wordnet-hungarian">
         <wf lemma="A" pos="X">A</wf>
         <instance id="d000.s732.t000" lemma="patológia" pos="NOUN">patológia</instance>
         <wf lemma="az" pos="X">az</wf>
         <wf lemma="orvoslás" pos="X">orvoslás</wf>
         <wf lemma="egyik" pos="X">egyik</wf>
         <wf lemma="alaptudománya" pos="X">alaptudománya</wf>
         <wf lemma="," pos="X">,</wf>
         <wf lemma="tárgya" pos="X">tárgya</wf>
         <wf lemma="a" pos="X">a</wf>
         <wf lemma="betegségek" pos="X">betegségek</wf>
         <wf lemma="létrejöttének" pos="X">létrejöttének</wf>
         <wf lemma="," pos="X">,</wf>
         <wf lemma="lefolyásának" pos="X">lefolyásának</wf>
         <wf lemma="tisztázása" pos="X">tisztázása</wf>
         <wf lemma="mellett" pos="X">mellett</wf>
         <wf lemma="a" pos="X">a</wf>
         <wf lemma="lehetséges" pos="X">lehetséges</wf>
         <wf lemma="diagnosztikai" pos="X">diagnosztikai</wf>
         <wf lemma="és" pos="X">és</wf>
         <wf lemma="terápiás" pos="X">terápiás</wf>
         <wf lemma="történések" pos="X">történések</wf>
         <wf lemma="értékelése" pos="X">értékelése</wf>
         <wf lemma="." pos="X">.</wf>
      </sentence>
      <sentence id="d000.s733" source="wordnet-hungarian">
         <wf lemma="A" pos="X">A</wf>
         <wf lemma="sétautat" pos="X">sétautat</wf>
         <wf lemma="páfrányok" pos="X">páfrányok</wf>
         <wf lemma="és" pos="X">és</wf>
         <instance id="d000.s733.t000" lemma="nárcisz" pos="NOUN">nárciszok</instance>
         <wf lemma="szegélyezték" pos="X">szegélyezték</wf>
         <wf lemma="." pos="X">.</wf>
      </sentence>
      <sentence id="d000.s734" source="wordnet-hungarian">
         <wf lemma="A" pos="X">A</wf>
         <instance id="d000.s734.t000" lemma="hypothermia" pos="NOUN">hypothermia</instance>
         <wf lemma="legtöbbször" pos="X">legtöbbször</wf>
         <wf lemma="huzamos" pos="X">huzamos</wf>
         <wf lemma="hideghatás" pos="X">hideghatás</wf>
         <wf lemma="következménye" pos="X">következménye</wf>
         <wf lemma="." pos="X">.</wf>
      </sentence>
      <sentence id="d000.s735" source="wordnet-hungarian">
         <wf lemma="A" pos="X">A</wf>
         <wf lemma="másik" pos="X">másik</wf>
         <wf lemma="lakásnak" pos="X">lakásnak</wf>
         <wf lemma="kedvezőbb" pos="X">kedvezőbb</wf>
         <wf lemma="a" pos="X">a</wf>
         <instance id="d000.s735.t000" lemma="fekvés" pos="NOUN">fekvése</instance>
         <wf lemma="." pos="X">.</wf>
      </sentence>
      <sentence id="d000.s736" source="wordnet-hungarian">
         <wf lemma="Az" pos="X">Az</wf>
         <wf lemma="utcában" pos="X">utcában</wf>
         <wf lemma="egymás" pos="X">egymás</wf>
         <wf lemma="mellett" pos="X">mellett</wf>
         <wf lemma="sorakoztak" pos="X">sorakoztak</wf>
         <wf lemma="a" pos="X">a</wf>
         <wf lemma="tipikus" pos="X">tipikus</wf>
         <wf lemma="vidéki" pos="X">vidéki</wf>
         <instance id="d000.s736.t000" lemma="lakóház" pos="NOUN">lakóházak</instance>
         <wf lemma="." pos="X">.</wf>
      </sentence>
      <sentence id="d000.s737" source="wordnet-hungarian">
         <wf lemma="A" pos="X">A</wf>
         <wf lemma="rajzait" pos="X">rajzait</wf>
         <wf lemma="vastag" pos="X">vastag</wf>
         <instance id="d000.s737.t000" lemma="karton" pos="NOUN">kartonra</instance>
         <wf lemma="ragasztotta" pos="X">ragasztotta</wf>
         <wf lemma="fel" pos="X">fel</wf>
         <wf lemma="." pos="X">.</wf>
      </sentence>
      <sentence id="d000.s738" source="wordnet-hungarian">
         <wf lemma="A" pos="X">A</wf>
         <wf lemma="torta" pos="X">torta</wf>
         <wf lemma="tetejére" pos="X">tetejére</wf>
         <wf lemma="jön" pos="X">jön</wf>
         <wf lemma="még" pos="X">még</wf>
         <wf lemma="egy" pos="X">egy</wf>
         <instance id="d000.s738.t000" lemma="réteg" pos="NOUN">réteg</instance>
         <wf lemma="cukormáz" pos="X">cukormáz</wf>
         <wf lemma="." pos="X">.</wf>
      </sentence>
      <sentence id="d000.s739" source="wordnet-hungarian">
         <wf lemma="Kiadásai" pos="X">Kiadásai</wf>
         <wf lemma="miatt" pos="X">miatt</wf>
         <wf lemma="csökkentenie" pos="X">csökkentenie</wf>
         <wf lemma="kellett" pos="X">kellett</wf>
         <instance id="d000.s739.t000" lemma="bankbetét" pos="NOUN">bankbetétjét</instance>
         <wf lemma="." pos="X">.</wf>
      </sentence>
      <sentence id="d000.s740" source="wordnet-hungarian">
         <wf lemma="Nem" pos="X">Nem</wf>
         <wf lemma="személyes" pos="X">személyes</wf>
         <instance id="d000.s740.t000" lemma="ellenség" pos="NOUN">ellenségem</instance>
         <wf lemma="," pos="X">,</wf>
         <wf lemma="hanem" pos="X">hanem</wf>
         <wf lemma="-" pos="X">-</wf>
         <wf lemma="én" pos="X">én</wf>
         <wf lemma="úgy" pos="X">úgy</wf>
         <wf lemma="érzem" pos="X">érzem</wf>
         <wf lemma="-" pos="X">-</wf>
         <wf lemma="a" pos="X">a</wf>
         <wf lemma="nemzet" pos="X">nemzet</wf>
         <wf lemma="ellensége" pos="X">ellensége</wf>
         <wf lemma="." pos="X">.</wf>
      </sentence>
      <sentence id="d000.s741" source="wordnet-hungarian">
         <wf lemma="Jó" pos="X">Jó</wf>
         <wf lemma="üzlet" pos="X">üzlet</wf>
         <wf lemma="a" pos="X">a</wf>
         <wf lemma="kormányoknak" pos="X">kormányoknak</wf>
         <wf lemma="a" pos="X">a</wf>
         <wf lemma="rákban" pos="X">rákban</wf>
         <wf lemma="meghalt" pos="X">meghalt</wf>
         <instance id="d000.s741.t000" lemma="dohányos" pos="NOUN">dohányos</instance>
         <wf lemma="?" pos="X">?</wf>
      </sentence>
      <sentence id="d000.s742" source="wordnet-hungarian">
         <wf lemma="A" pos="X">A</wf>
         <wf lemma="templom" pos="X">templom</wf>
         <wf lemma="északi" pos="X">északi</wf>
         <wf lemma="kapuja" pos="X">kapuja</wf>
         <wf lemma="előtt" pos="X">előtt</wf>
         <wf lemma="találjuk" pos="X">találjuk</wf>
         <wf lemma="Bogner" pos="X">Bogner</wf>
         <wf lemma="Mária" pos="X">Mária</wf>
         <wf lemma="Margit" pos="X">Margit</wf>
         <wf lemma="vizitációs" pos="X">vizitációs</wf>
         <instance id="d000.s742.t000" lemma="nővér" pos="NOUN">nővér</instance>
         <wf lemma="bronzszobrát" pos="X">bronzszobrát</wf>
         <wf lemma="." pos="X">.</wf>
      </sentence>
      <sentence id="d000.s743" source="wordnet-hungarian">
         <wf lemma="Tegnap" pos="X">Tegnap</wf>
         <wf lemma="nem" pos="X">nem</wf>
         <wf lemma="érkezett" pos="X">érkezett</wf>
         <instance id="d000.s743.t000" lemma="posta" pos="NOUN">postám</instance>
         <wf lemma="," pos="X">,</wf>
         <wf lemma="de" pos="X">de</wf>
         <wf lemma="ma" pos="X">ma</wf>
         <wf lemma="kaptam" pos="X">kaptam</wf>
         <wf lemma="két" pos="X">két</wf>
         <wf lemma="levelet" pos="X">levelet</wf>
         <wf lemma="." pos="X">.</wf>
      </sentence>
      <sentence id="d000.s744" source="wordnet-hungarian">
         <wf lemma="Szépirodalmi" pos="X">Szépirodalmi</wf>
         <wf lemma="esszéit" pos="X">esszéit</wf>
         <wf lemma="a" pos="X">a</wf>
         <wf lemma="latinos" pos="X">latinos</wf>
         <instance id="d000.s744.t000" lemma="lendület" pos="NOUN">lendület</instance>
         <wf lemma="és" pos="X">és</wf>
         <wf lemma="élénkség" pos="X">élénkség</wf>
         <wf lemma="jellemzi" pos="X">jellemzi</wf>
         <wf lemma="." pos="X">.</wf>
      </sentence>
      <sentence id="d000.s745" source="wordnet-hungarian">
         <wf lemma="Elfogyott" pos="X">Elfogyott</wf>
         <wf lemma="a" pos="X">a</wf>
         <instance id="d000.s745.t000" lemma="vécépapír" pos="NOUN">vécépapír</instance>
         <wf lemma="az" pos="X">az</wf>
         <wf lemma="albérletben" pos="X">albérletben</wf>
         <wf lemma="." pos="X">.</wf>
      </sentence>
      <sentence id="d000.s746" source="wordnet-hungarian">
         <wf lemma="A" pos="X">A</wf>
         <wf lemma="műhelybe" pos="X">műhelybe</wf>
         <wf lemma="került" pos="X">került</wf>
         <wf lemma="néhány" pos="X">néhány</wf>
         <wf lemma="új" pos="X">új</wf>
         <instance id="d000.s746.t000" lemma="esztergapad" pos="NOUN">esztergapad</instance>
         <wf lemma="is" pos="X">is</wf>
         <wf lemma="." pos="X">.</wf>
      </sentence>
      <sentence id="d000.s747" source="wordnet-hungarian">
         <wf lemma="Jánosnak" pos="X">Jánosnak</wf>
         <wf lemma="nem" pos="X">nem</wf>
         <instance id="d000.s747.t000" lemma="használ" pos="VERB">használt</instance>
         <wf lemma="a" pos="X">a</wf>
         <wf lemma="kezelés" pos="X">kezelés</wf>
         <wf lemma="." pos="X">.</wf>
      </sentence>
      <sentence id="d000.s748" source="wordnet-hungarian">
         <wf lemma="Minden" pos="X">Minden</wf>
         <instance id="d000.s748.t000" lemma="könyörgés" pos="NOUN">könyörgésem</instance>
         <wf lemma="ellenére" pos="X">ellenére</wf>
         <wf lemma="sem" pos="X">sem</wf>
         <wf lemma="hagyták" pos="X">hagyták</wf>
         <wf lemma="abba" pos="X">abba</wf>
         <wf lemma="a" pos="X">a</wf>
         <wf lemma="veszekedést" pos="X">veszekedést</wf>
         <wf lemma="." pos="X">.</wf>
      </sentence>
      <sentence id="d000.s749" source="wordnet-hungarian">
         <wf lemma="Az" pos="X">Az</wf>
         <instance id="d000.s749.t000" lemma="őr" pos="NOUN">őrjárat</instance>
         <wf lemma="nemcsak" pos="X">nemcsak</wf>
         <wf lemma="a" pos="X">a</wf>
         <wf lemma="legforgalmasabb" pos="X">legforgalmasabb</wf>
         <wf lemma="városi" pos="X">városi</wf>
         <wf lemma="utakat" pos="X">utakat</wf>
         <wf lemma="érinti" pos="X">érinti</wf>
         <wf lemma="." pos="X">.</wf>
      </sentence>
      <sentence id="d000.s750" source="wordnet-hungarian">
         <wf lemma="A" pos="X">A</wf>
         <instance id="d000.s750.t000" lemma="csicseriborsó" pos="NOUN">csicseriborsó</instance>
         <wf lemma="," pos="X">,</wf>
         <wf lemma="vagy" pos="X">vagy</wf>
         <wf lemma="más" pos="X">más</wf>
         <wf lemma="néven" pos="X">néven</wf>
         <wf lemma="bagolyborsó" pos="X">bagolyborsó</wf>
         <wf lemma="," pos="X">,</wf>
         <wf lemma="egynyári" pos="X">egynyári</wf>
         <wf lemma="növény" pos="X">növény</wf>
         <wf lemma="." pos="X">.</wf>
      </sentence>
      <sentence id="d000.s751" source="wordnet-hungarian">
         <wf lemma="A" pos="X">A</wf>
         <instance id="d000.s751.t000" lemma="csírázás" pos="NOUN">csírázás</instance>
         <wf lemma="előfeltétele" pos="X">előfeltétele</wf>
         <wf lemma="a" pos="X">a</wf>
         <wf lemma="nyugalmi" pos="X">nyugalmi</wf>
         <wf lemma="állapot" pos="X">állapot</wf>
         <wf lemma="feloldása" pos="X">feloldása</wf>
         <wf lemma="és" pos="X">és</wf>
         <wf lemma="bizonyos" pos="X">bizonyos</wf>
         <wf lemma="fizikai" pos="X">fizikai</wf>
         <wf lemma="feltételek" pos="X">feltételek</wf>
         <wf lemma="megléte" pos="X">megléte</wf>
         <wf lemma="," pos="X">,</wf>
         <wf lemma="így" pos="X">így</wf>
         <wf lemma="megfelelő" pos="X">megfelelő</wf>
         <wf lemma="hőmérséklet" pos="X">hőmérséklet</wf>
         <wf lemma="," pos="X">,</wf>
         <wf lemma="nedvesség" pos="X">nedvesség</wf>
         <wf lemma="," pos="X">,</wf>
         <wf lemma="esetleg" pos="X">esetleg</wf>
         <wf lemma="-" pos="X">-</wf>
         <wf lemma="a" pos="X">a</wf>
         <wf lemma="föld" pos="X">föld</wf>
         <wf lemma="felett" pos="X">felett</wf>
         <wf lemma="csírázó" pos="X">csírázó</wf>
         <wf lemma="fajok" pos="X">fajok</wf>
         <wf lemma="esetén" pos="X">esetén</wf>
         <wf lemma="-" pos="X">-</wf>
         <wf lemma="fény" pos="X">fény</wf>
         <wf lemma="is" pos="X">is</wf>
         <wf lemma="." pos="X">.</wf>
      </sentence>
      <sentence id="d000.s752" source="wordnet-hungarian">
         <wf lemma="Az" pos="X">Az</wf>
         <instance id="d000.s752.t000" lemma="étkező" pos="NOUN">étkezők</instance>
         <wf lemma="nagy" pos="X">nagy</wf>
         <wf lemma="része" pos="X">része</wf>
         <wf lemma="kenyeret" pos="X">kenyeret</wf>
         <wf lemma="is" pos="X">is</wf>
         <wf lemma="rendelt" pos="X">rendelt</wf>
         <wf lemma="a" pos="X">a</wf>
         <wf lemma="leves" pos="X">leves</wf>
         <wf lemma="mellé" pos="X">mellé</wf>
         <wf lemma="." pos="X">.</wf>
      </sentence>
      <sentence id="d000.s753" source="wordnet-hungarian">
         <wf lemma="A" pos="X">A</wf>
         <wf lemma="könyv" pos="X">könyv</wf>
         <instance id="d000.s753.t000" lemma="kiadás" pos="NOUN">kiadása</instance>
         <wf lemma="veszteséges" pos="X">veszteséges</wf>
         <wf lemma="lett" pos="X">lett</wf>
         <wf lemma="." pos="X">.</wf>
      </sentence>
      <sentence id="d000.s754" source="wordnet-hungarian">
         <wf lemma="A" pos="X">A</wf>
         <wf lemma="kokain" pos="X">kokain</wf>
         <wf lemma="alapanyagát" pos="X">alapanyagát</wf>
         <wf lemma="a" pos="X">a</wf>
         <instance id="d000.s754.t000" lemma="bolíviai" pos="NOUN">bolíviaiak</instance>
         <wf lemma="gyógyszernek" pos="X">gyógyszernek</wf>
         <wf lemma="," pos="X">,</wf>
         <wf lemma="teának" pos="X">teának</wf>
         <wf lemma="használják" pos="X">használják</wf>
         <wf lemma="," pos="X">,</wf>
         <wf lemma="de" pos="X">de</wf>
         <wf lemma="akkor" pos="X">akkor</wf>
         <wf lemma="is" pos="X">is</wf>
         <wf lemma="ezt" pos="X">ezt</wf>
         <wf lemma="rágcsálják" pos="X">rágcsálják</wf>
         <wf lemma="," pos="X">,</wf>
         <wf lemma="ha" pos="X">ha</wf>
         <wf lemma="éhségüket" pos="X">éhségüket</wf>
         <wf lemma="akarják" pos="X">akarják</wf>
         <wf lemma="csillapítani" pos="X">csillapítani</wf>
         <wf lemma="." pos="X">.</wf>
      </sentence>
      <sentence id="d000.s755" source="wordnet-hungarian">
         <wf lemma="A" pos="X">A</wf>
         <instance id="d000.s755.t000" lemma="licsi" pos="NOUN">licsi</instance>
         <wf lemma="Kínából" pos="X">Kínából</wf>
         <wf lemma="származik" pos="X">származik</wf>
         <wf lemma="," pos="X">,</wf>
         <wf lemma="édes-fűszeres" pos="X">édes-fűszeres</wf>
         <wf lemma="," pos="X">,</wf>
         <wf lemma="a" pos="X">a</wf>
         <wf lemma="szerecsendióhoz" pos="X">szerecsendióhoz</wf>
         <wf lemma="hasonló" pos="X">hasonló</wf>
         <wf lemma="az" pos="X">az</wf>
         <wf lemma="íze" pos="X">íze</wf>
         <wf lemma="." pos="X">.</wf>
      </sentence>
      <sentence id="d000.s756" source="wordnet-hungarian">
         <wf lemma="Az" pos="X">Az</wf>
         <instance id="d000.s756.t000" lemma="igazgató" pos="NOUN">igazgató</instance>
         <wf lemma="összehívta" pos="X">összehívta</wf>
         <wf lemma="a" pos="X">a</wf>
         <wf lemma="vezetőséget" pos="X">vezetőséget</wf>
         <wf lemma="." pos="X">.</wf>
      </sentence>
      <sentence id="d000.s757" source="wordnet-hungarian">
         <wf lemma="A" pos="X">A</wf>
         <wf lemma="kullancs" pos="X">kullancs</wf>
         <wf lemma="által" pos="X">által</wf>
         <wf lemma="terjesztett" pos="X">terjesztett</wf>
         <instance id="d000.s757.t000" lemma="agyhártyagyulladás" pos="NOUN">agyhártyagyulladás</instance>
         <wf lemma="tünetei" pos="X">tünetei</wf>
         <wf lemma="nem" pos="X">nem</wf>
         <wf lemma="rögtön" pos="X">rögtön</wf>
         <wf lemma="jelentkeznek" pos="X">jelentkeznek</wf>
         <wf lemma="." pos="X">.</wf>
      </sentence>
      <sentence id="d000.s758" source="wordnet-hungarian">
         <wf lemma="A" pos="X">A</wf>
         <wf lemma="városi" pos="X">városi</wf>
         <wf lemma="közlekedés" pos="X">közlekedés</wf>
         <wf lemma="állandó" pos="X">állandó</wf>
         <instance id="d000.s758.t000" lemma="bosszúság" pos="NOUN">bosszúság</instance>
         <wf lemma="." pos="X">.</wf>
      </sentence>
      <sentence id="d000.s759" source="wordnet-hungarian">
         <wf lemma="Egy" pos="X">Egy</wf>
         <wf lemma="órát" pos="X">órát</wf>
         <wf lemma="kellett" pos="X">kellett</wf>
         <instance id="d000.s759.t000" lemma="vár" pos="VERB">várnom</instance>
         <wf lemma="a" pos="X">a</wf>
         <wf lemma="sorban" pos="X">sorban</wf>
         <wf lemma="," pos="X">,</wf>
         <wf lemma="mire" pos="X">mire</wf>
         <wf lemma="megkaptam" pos="X">megkaptam</wf>
         <wf lemma="a" pos="X">a</wf>
         <wf lemma="jegyeket" pos="X">jegyeket</wf>
         <wf lemma="." pos="X">.</wf>
      </sentence>
      <sentence id="d000.s760" source="wordnet-hungarian">
         <wf lemma="Az" pos="X">Az</wf>
         <instance id="d000.s760.t000" lemma="asztalterítő" pos="NOUN">asztalterítőt</instance>
         <wf lemma="tedd" pos="X">tedd</wf>
         <wf lemma="fel" pos="X">fel</wf>
         <wf lemma="az" pos="X">az</wf>
         <wf lemma="asztalra" pos="X">asztalra</wf>
         <wf lemma="!" pos="X">!</wf>
      </sentence>
      <sentence id="d000.s761" source="wordnet-hungarian">
         <wf lemma="A" pos="X">A</wf>
         <wf lemma="város" pos="X">város</wf>
         <instance id="d000.s761.t000" lemma="medina" pos="NOUN">medinája</instance>
         <wf lemma="az" pos="X">az</wf>
         <wf lemma="1969-es" pos="X">1969-es</wf>
         <wf lemma="földrengésben" pos="X">földrengésben</wf>
         <wf lemma="elpusztult" pos="X">elpusztult</wf>
         <wf lemma="." pos="X">.</wf>
      </sentence>
      <sentence id="d000.s762" source="wordnet-hungarian">
         <wf lemma="A" pos="X">A</wf>
         <wf lemma="teaültetvényen" pos="X">teaültetvényen</wf>
         <wf lemma="dolgozó" pos="X">dolgozó</wf>
         <wf lemma="Amir" pos="X">Amir</wf>
         <wf lemma="Munda" pos="X">Munda</wf>
         <wf lemma="ősi" pos="X">ősi</wf>
         <wf lemma="gyógymódok" pos="X">gyógymódok</wf>
         <wf lemma="tudója" pos="X">tudója</wf>
         <wf lemma="volt" pos="X">volt</wf>
         <wf lemma="," pos="X">,</wf>
         <wf lemma="akit" pos="X">akit</wf>
         <wf lemma="az" pos="X">az</wf>
         <instance id="d000.s762.t000" lemma="asszámi" pos="NOUN">asszámiak</instance>
         <wf lemma="gyakran" pos="X">gyakran</wf>
         <wf lemma="felkerestek" pos="X">felkerestek</wf>
         <wf lemma="panaszaikkal" pos="X">panaszaikkal</wf>
         <wf lemma="." pos="X">.</wf>
      </sentence>
      <sentence id="d000.s763" source="wordnet-hungarian">
         <wf lemma="A" pos="X">A</wf>
         <instance id="d000.s763.t000" lemma="pap" pos="NOUN">papnak</instance>
         <wf lemma="mindenekelőtt" pos="X">mindenekelőtt</wf>
         <wf lemma="az" pos="X">az</wf>
         <wf lemma="imádság" pos="X">imádság</wf>
         <wf lemma="emberének" pos="X">emberének</wf>
         <wf lemma="kell" pos="X">kell</wf>
         <wf lemma="lennie" pos="X">lennie</wf>
         <wf lemma="." pos="X">.</wf>
      </sentence>
      <sentence id="d000.s764" source="wordnet-hungarian">
         <wf lemma="Akinek" pos="X">Akinek</wf>
         <instance id="d000.s764.t000" lemma="hátfájás" pos="NOUN">hátfájása</instance>
         <wf lemma="van" pos="X">van</wf>
         <wf lemma="," pos="X">,</wf>
         <wf lemma="mind" pos="X">mind</wf>
         <wf lemma="gyanús" pos="X">gyanús</wf>
         <wf lemma="-" pos="X">-</wf>
         <wf lemma="mondta" pos="X">mondta</wf>
         <wf lemma="a" pos="X">a</wf>
         <wf lemma="nyomozó" pos="X">nyomozó</wf>
         <wf lemma="." pos="X">.</wf>
      </sentence>
      <sentence id="d000.s765" source="wordnet-hungarian">
         <wf lemma="A" pos="X">A</wf>
         <instance id="d000.s765.t000" lemma="rák" pos="NOUN">rákok</instance>
         <wf lemma="érzékeny" pos="X">érzékeny</wf>
         <wf lemma="lelkűek" pos="X">lelkűek</wf>
         <wf lemma="," pos="X">,</wf>
         <wf lemma="legalábbis" pos="X">legalábbis</wf>
         <wf lemma="a" pos="X">a</wf>
         <wf lemma="horoszkóp" pos="X">horoszkóp</wf>
         <wf lemma="szerint" pos="X">szerint</wf>
         <wf lemma="." pos="X">.</wf>
      </sentence>
      <sentence id="d000.s766" source="wordnet-hungarian">
         <wf lemma="A" pos="X">A</wf>
         <wf lemma="maják" pos="X">maják</wf>
         <instance id="d000.s766.t000" lemma="kultúra" pos="NOUN">kultúrája</instance>
         <wf lemma="meghökkentette" pos="X">meghökkentette</wf>
         <wf lemma="az" pos="X">az</wf>
         <wf lemma="európai" pos="X">európai</wf>
         <wf lemma="hódítókat" pos="X">hódítókat</wf>
         <wf lemma="." pos="X">.</wf>
      </sentence>
      <sentence id="d000.s767" source="wordnet-hungarian">
         <instance id="d000.s767.t000" lemma="hiszékenység" pos="NOUN">Hiszékenységét</instance>
         <wf lemma="már" pos="X">már</wf>
         <wf lemma="számtalanszor" pos="X">számtalanszor</wf>
         <wf lemma="kihasználták" pos="X">kihasználták</wf>
         <wf lemma="." pos="X">.</wf>
      </sentence>
      <sentence id="d000.s768" source="wordnet-hungarian">
         <wf lemma="A" pos="X">A</wf>
         <wf lemma="Hollywoodból" pos="X">Hollywoodból</wf>
         <wf lemma="kiábrándult" pos="X">kiábrándult</wf>
         <wf lemma="és" pos="X">és</wf>
         <wf lemma="elvonókúrákat" pos="X">elvonókúrákat</wf>
         <wf lemma="megjárt" pos="X">megjárt</wf>
         <instance id="d000.s768.t000" lemma="filmcsillag" pos="NOUN">filmcsillagnak</instance>
         <wf lemma="már" pos="X">már</wf>
         <wf lemma="a" pos="X">a</wf>
         <wf lemma="házassága" pos="X">házassága</wf>
         <wf lemma="is" pos="X">is</wf>
         <wf lemma="veszélyben" pos="X">veszélyben</wf>
         <wf lemma="forgott" pos="X">forgott</wf>
         <wf lemma="." pos="X">.</wf>
      </sentence>
      <sentence id="d000.s769" source="wordnet-hungarian">
         <wf lemma="A" pos="X">A</wf>
         <instance id="d000.s769.t000" lemma="jacht" pos="NOUN">jachtján</instance>
         <wf lemma="hat" pos="X">hat</wf>
         <wf lemma="fős" pos="X">fős</wf>
         <wf lemma="legénységével" pos="X">legénységével</wf>
         <wf lemma="nyolcvan" pos="X">nyolcvan</wf>
         <wf lemma="nap" pos="X">nap</wf>
         <wf lemma="alatt" pos="X">alatt</wf>
         <wf lemma="megkerülte" pos="X">megkerülte</wf>
         <wf lemma="a" pos="X">a</wf>
         <wf lemma="Földet" pos="X">Földet</wf>
         <wf lemma="." pos="X">.</wf>
      </sentence>
      <sentence id="d000.s770" source="wordnet-hungarian">
         <wf lemma="A" pos="X">A</wf>
         <wf lemma="fizikai" pos="X">fizikai</wf>
         <wf lemma="test" pos="X">test</wf>
         <wf lemma="az" pos="X">az</wf>
         <instance id="d000.s770.t000" lemma="entitás" pos="NOUN">entitás</instance>
         <wf lemma="önmagáról" pos="X">önmagáról</wf>
         <wf lemma="alkotott" pos="X">alkotott</wf>
         <wf lemma="ideájának" pos="X">ideájának</wf>
         <wf lemma="anyagi" pos="X">anyagi</wf>
         <wf lemma="vetülete" pos="X">vetülete</wf>
         <wf lemma="." pos="X">.</wf>
      </sentence>
      <sentence id="d000.s771" source="wordnet-hungarian">
         <wf lemma="1941-ben" pos="X">1941-ben</wf>
         <wf lemma="a" pos="X">a</wf>
         <instance id="d000.s771.t000" lemma="száműzött" pos="NOUN">száműzötteket</instance>
         <wf lemma="szállító" pos="X">szállító</wf>
         <wf lemma="első" pos="X">első</wf>
         <wf lemma="vagonokban" pos="X">vagonokban</wf>
         <wf lemma="ott" pos="X">ott</wf>
         <wf lemma="voltak" pos="X">voltak</wf>
         <wf lemma="az" pos="X">az</wf>
         <wf lemma="orosz" pos="X">orosz</wf>
         <wf lemma="óhitű" pos="X">óhitű</wf>
         <wf lemma="családok" pos="X">családok</wf>
         <wf lemma="is" pos="X">is</wf>
         <wf lemma="." pos="X">.</wf>
      </sentence>
      <sentence id="d000.s772" source="wordnet-hungarian">
         <wf lemma="Manapság" pos="X">Manapság</wf>
         <wf lemma="a" pos="X">a</wf>
         <instance id="d000.s772.t000" lemma="vegyipar" pos="NOUN">vegyiparban</instance>
         <wf lemma="a" pos="X">a</wf>
         <wf lemma="Kemira" pos="X">Kemira</wf>
         <wf lemma="által" pos="X">által</wf>
         <wf lemma="gyártott" pos="X">gyártott</wf>
         <wf lemma="műtrágyák" pos="X">műtrágyák</wf>
         <wf lemma="és" pos="X">és</wf>
         <wf lemma="robbanóanyagok" pos="X">robbanóanyagok</wf>
         <wf lemma="a" pos="X">a</wf>
         <wf lemma="legjelentősebbek" pos="X">legjelentősebbek</wf>
         <wf lemma="." pos="X">.</wf>
      </sentence>
      <sentence id="d000.s773" source="wordnet-hungarian">
         <wf lemma="Mi" pos="X">Mi</wf>
         <wf lemma="a" pos="X">a</wf>
         <instance id="d000.s773.t000" lemma="panasz" pos="NOUN">panasza</instance>
         <wf lemma="?" pos="X">?</wf>
      </sentence>
      <sentence id="d000.s774" source="wordnet-hungarian">
         <wf lemma="Az" pos="X">Az</wf>
         <wf lemma="ablakom" pos="X">ablakom</wf>
         <wf lemma="alatt" pos="X">alatt</wf>
         <instance id="d000.s774.t000" lemma="vadvirág" pos="NOUN">vadvirágok</instance>
         <wf lemma="nyílnak" pos="X">nyílnak</wf>
         <wf lemma="és" pos="X">és</wf>
         <wf lemma="estefelé" pos="X">estefelé</wf>
         <wf lemma="szépen" pos="X">szépen</wf>
         <wf lemma="illatoznak" pos="X">illatoznak</wf>
         <wf lemma="." pos="X">.</wf>
      </sentence>
      <sentence id="d000.s775" source="wordnet-hungarian">
         <wf lemma="Sherlock" pos="X">Sherlock</wf>
         <wf lemma="ezt" pos="X">ezt</wf>
         <wf lemma="a" pos="X">a</wf>
         <wf lemma="rejtélyt" pos="X">rejtélyt</wf>
         <wf lemma="is" pos="X">is</wf>
         <instance id="d000.s775.t000" lemma="megold" pos="VERB">megoldotta</instance>
         <wf lemma="." pos="X">.</wf>
      </sentence>
      <sentence id="d000.s776" source="wordnet-hungarian">
         <wf lemma="A" pos="X">A</wf>
         <instance id="d000.s776.t000" lemma="repülés" pos="NOUN">repülés</instance>
         <wf lemma="fantasztikus" pos="X">fantasztikus</wf>
         <wf lemma="élmény" pos="X">élmény</wf>
         <wf lemma="volt" pos="X">volt</wf>
         <wf lemma="." pos="X">.</wf>
      </sentence>
      <sentence id="d000.s777" source="wordnet-hungarian">
         <wf lemma="Megpróbálta" pos="X">Megpróbálta</wf>
         <wf lemma="megjósolni" pos="X">megjósolni</wf>
         <wf lemma="a" pos="X">a</wf>
         <wf lemma="becsapódási" pos="X">becsapódási</wf>
         <wf lemma="kráter" pos="X">kráter</wf>
         <instance id="d000.s777.t000" lemma="nagyság" pos="NOUN">nagyságát</instance>
         <wf lemma="." pos="X">.</wf>
      </sentence>
      <sentence id="d000.s778" source="wordnet-hungarian">
         <wf lemma="A" pos="X">A</wf>
         <instance id="d000.s778.t000" lemma="kandalló" pos="NOUN">kandalló</instance>
         <wf lemma="igazán" pos="X">igazán</wf>
         <wf lemma="hangulatos" pos="X">hangulatos</wf>
         <wf lemma="," pos="X">,</wf>
         <wf lemma="de" pos="X">de</wf>
         <wf lemma="nem" pos="X">nem</wf>
         <wf lemma="gazdaságos" pos="X">gazdaságos</wf>
         <wf lemma="fűtési" pos="X">fűtési</wf>
         <wf lemma="eszköz" pos="X">eszköz</wf>
         <wf lemma="." pos="X">.</wf>
      </sentence>
      <sentence id="d000.s779" source="wordnet-hungarian">
         <wf lemma="Ezzel" pos="X">Ezzel</wf>
         <wf lemma="a" pos="X">a</wf>
         <instance id="d000.s779.t000" lemma="tus" pos="NOUN">tussal</instance>
         <wf lemma="nyerte" pos="X">nyerte</wf>
         <wf lemma="meg" pos="X">meg</wf>
         <wf lemma="az" pos="X">az</wf>
         <wf lemma="aranyérmet" pos="X">aranyérmet</wf>
         <wf lemma="." pos="X">.</wf>
      </sentence>
      <sentence id="d000.s780" source="wordnet-hungarian">
         <wf lemma="Ezt" pos="X">Ezt</wf>
         <wf lemma="hívják" pos="X">hívják</wf>
         <wf lemma="a" pos="X">a</wf>
         <instance id="d000.s780.t000" lemma="kezdő" pos="NOUN">kezdők</instance>
         <wf lemma="szerencséjének" pos="X">szerencséjének</wf>
         <wf lemma="." pos="X">.</wf>
      </sentence>
      <sentence id="d000.s781" source="wordnet-hungarian">
         <wf lemma="A" pos="X">A</wf>
         <wf lemma="diploma" pos="X">diploma</wf>
         <wf lemma="megszerzése" pos="X">megszerzése</wf>
         <wf lemma="után" pos="X">után</wf>
         <wf lemma="az" pos="X">az</wf>
         <wf lemma="egyetemen" pos="X">egyetemen</wf>
         <instance id="d000.s781.t000" lemma="marad" pos="VERB">maradt</instance>
         <wf lemma="diáktanácsadónak" pos="X">diáktanácsadónak</wf>
         <wf lemma="." pos="X">.</wf>
      </sentence>
      <sentence id="d000.s782" source="wordnet-hungarian">
         <wf lemma="Gyárat" pos="X">Gyárat</wf>
         <wf lemma="építenek" pos="X">építenek</wf>
         <wf lemma="a" pos="X">a</wf>
         <instance id="d000.s782.t000" lemma="külváros" pos="NOUN">külvárosban</instance>
         <wf lemma="." pos="X">.</wf>
      </sentence>
      <sentence id="d000.s783" source="wordnet-hungarian">
         <wf lemma="A" pos="X">A</wf>
         <wf lemma="kultúrák" pos="X">kultúrák</wf>
         <wf lemma="hanyatlásában" pos="X">hanyatlásában</wf>
         <wf lemma="és" pos="X">és</wf>
         <wf lemma="pusztulásában" pos="X">pusztulásában</wf>
         <wf lemma="mindig" pos="X">mindig</wf>
         <wf lemma="nagy" pos="X">nagy</wf>
         <wf lemma="szerepet" pos="X">szerepet</wf>
         <wf lemma="játszott" pos="X">játszott</wf>
         <wf lemma="az" pos="X">az</wf>
         <instance id="d000.s783.t000" lemma="önzés" pos="NOUN">önzés</instance>
         <wf lemma="." pos="X">.</wf>
      </sentence>
      <sentence id="d000.s784" source="wordnet-hungarian">
         <wf lemma="1957" pos="X">1957</wf>
         <wf lemma="elején" pos="X">elején</wf>
         <wf lemma="már" pos="X">már</wf>
         <wf lemma="újra" pos="X">újra</wf>
         <wf lemma="élt" pos="X">élt</wf>
         <wf lemma="a" pos="X">a</wf>
         <wf lemma="párt" pos="X">párt</wf>
         <wf lemma="helyi" pos="X">helyi</wf>
         <instance id="d000.s784.t000" lemma="sejt" pos="NOUN">sejtje</instance>
         <wf lemma="," pos="X">,</wf>
         <wf lemma="hogy" pos="X">hogy</wf>
         <wf lemma="a" pos="X">a</wf>
         <wf lemma="tanácselnök" pos="X">tanácselnök</wf>
         <wf lemma="példamutatóan" pos="X">példamutatóan</wf>
         <wf lemma="működött" pos="X">működött</wf>
         <wf lemma="együtt" pos="X">együtt</wf>
         <wf lemma="a" pos="X">a</wf>
         <wf lemma="pártaktívákkal" pos="X">pártaktívákkal</wf>
         <wf lemma="." pos="X">.</wf>
      </sentence>
      <sentence id="d000.s785" source="wordnet-hungarian">
         <wf lemma="Sült" pos="X">Sült</wf>
         <instance id="d000.s785.t000" lemma="kolbász" pos="NOUN">kolbászt</instance>
         <wf lemma="evett" pos="X">evett</wf>
         <wf lemma="mustárral" pos="X">mustárral</wf>
         <wf lemma="." pos="X">.</wf>
      </sentence>
      <sentence id="d000.s786" source="wordnet-hungarian">
         <wf lemma="A" pos="X">A</wf>
         <instance id="d000.s786.t000" lemma="meny" pos="NOUN">menyem</instance>
         <wf lemma="meg" pos="X">meg</wf>
         <wf lemma="se" pos="X">se</wf>
         <wf lemma="akart" pos="X">akart</wf>
         <wf lemma="szólalni" pos="X">szólalni</wf>
         <wf lemma="magyarul" pos="X">magyarul</wf>
         <wf lemma="," pos="X">,</wf>
         <wf lemma="hát" pos="X">hát</wf>
         <wf lemma="egy" pos="X">egy</wf>
         <wf lemma="alkalommal" pos="X">alkalommal</wf>
         <wf lemma="anyám" pos="X">anyám</wf>
         <wf lemma="jól" pos="X">jól</wf>
         <wf lemma="leszidta" pos="X">leszidta</wf>
         <wf lemma="." pos="X">.</wf>
      </sentence>
      <sentence id="d000.s787" source="wordnet-hungarian">
         <wf lemma="A" pos="X">A</wf>
         <wf lemma="medve" pos="X">medve</wf>
         <wf lemma="derékon" pos="X">derékon</wf>
         <instance id="d000.s787.t000" lemma="kap" pos="VERB">kapta</instance>
         <wf lemma="a" pos="X">a</wf>
         <wf lemma="mókust" pos="X">mókust</wf>
         <wf lemma="." pos="X">.</wf>
      </sentence>
      <sentence id="d000.s788" source="wordnet-hungarian">
         <wf lemma="A" pos="X">A</wf>
         <instance id="d000.s788.t000" lemma="brunei" pos="NOUN">bruneiek</instance>
         <wf lemma="ingyenes" pos="X">ingyenes</wf>
         <wf lemma="egészségi" pos="X">egészségi</wf>
         <wf lemma="ellátásban" pos="X">ellátásban</wf>
         <wf lemma="és" pos="X">és</wf>
         <wf lemma="oktatásban" pos="X">oktatásban</wf>
         <wf lemma="részesülnek" pos="X">részesülnek</wf>
         <wf lemma="." pos="X">.</wf>
      </sentence>
      <sentence id="d000.s789" source="wordnet-hungarian">
         <wf lemma="Az" pos="X">Az</wf>
         <wf lemma="élelemért" pos="X">élelemért</wf>
         <wf lemma="folytatott" pos="X">folytatott</wf>
         <wf lemma="küzdelemben" pos="X">küzdelemben</wf>
         <wf lemma="a" pos="X">a</wf>
         <instance id="d000.s789.t000" lemma="fejlábú" pos="NOUN">fejlábú</instance>
         <wf lemma="egyik" pos="X">egyik</wf>
         <wf lemma="csápja" pos="X">csápja</wf>
         <wf lemma="beszorult" pos="X">beszorult</wf>
         <wf lemma="a" pos="X">a</wf>
         <wf lemma="csalit" pos="X">csalit</wf>
         <wf lemma="tartó" pos="X">tartó</wf>
         <wf lemma="szerkezetbe" pos="X">szerkezetbe</wf>
         <wf lemma="," pos="X">,</wf>
         <wf lemma="amit" pos="X">amit</wf>
         <wf lemma="a" pos="X">a</wf>
         <wf lemma="lény" pos="X">lény</wf>
         <wf lemma="végül" pos="X">végül</wf>
         <wf lemma="maga" pos="X">maga</wf>
         <wf lemma="mögött" pos="X">mögött</wf>
         <wf lemma="hagyott" pos="X">hagyott</wf>
         <wf lemma="." pos="X">.</wf>
      </sentence>
      <sentence id="d000.s790" source="wordnet-hungarian">
         <wf lemma="A" pos="X">A</wf>
         <wf lemma="verseny" pos="X">verseny</wf>
         <wf lemma="szabályai" pos="X">szabályai</wf>
         <wf lemma="lehetővé" pos="X">lehetővé</wf>
         <wf lemma="teszik" pos="X">teszik</wf>
         <wf lemma="a" pos="X">a</wf>
         <wf lemma="motorblokk" pos="X">motorblokk</wf>
         <instance id="d000.s790.t000" lemma="átalakítás" pos="NOUN">átalakítását</instance>
         <wf lemma="?" pos="X">?</wf>
      </sentence>
      <sentence id="d000.s791" source="wordnet-hungarian">
         <wf lemma="Desztillálás" pos="X">Desztillálás</wf>
         <wf lemma="után" pos="X">után</wf>
         <wf lemma="a" pos="X">a</wf>
         <instance id="d000.s791.t000" lemma="rum" pos="NOUN">rum</instance>
         <wf lemma="színtelen" pos="X">színtelen</wf>
         <wf lemma="folyadék" pos="X">folyadék</wf>
         <wf lemma="." pos="X">.</wf>
      </sentence>
      <sentence id="d000.s792" source="wordnet-hungarian">
         <instance id="d000.s792.t000" lemma="írás" pos="NOUN">Írásait</instance>
         <wf lemma="több" pos="X">több</wf>
         <wf lemma="kiadó" pos="X">kiadó</wf>
         <wf lemma="is" pos="X">is</wf>
         <wf lemma="meg" pos="X">meg</wf>
         <wf lemma="kívánta" pos="X">kívánta</wf>
         <wf lemma="jelentetni" pos="X">jelentetni</wf>
         <wf lemma="." pos="X">.</wf>
      </sentence>
      <sentence id="d000.s793" source="wordnet-hungarian">
         <wf lemma="Hány" pos="X">Hány</wf>
         <instance id="d000.s793.t000" lemma="bar" pos="NOUN">bar</instance>
         <wf lemma="nyomás" pos="X">nyomás</wf>
         <wf lemma="alatt" pos="X">alatt</wf>
         <wf lemma="ment" pos="X">ment</wf>
         <wf lemma="végbe" pos="X">végbe</wf>
         <wf lemma="a" pos="X">a</wf>
         <wf lemma="jelenség" pos="X">jelenség</wf>
         <wf lemma="?" pos="X">?</wf>
      </sentence>
      <sentence id="d000.s794" source="wordnet-hungarian">
         <wf lemma="A" pos="X">A</wf>
         <instance id="d000.s794.t000" lemma="belga" pos="NOUN">belgákat</instance>
         <wf lemma="különösen" pos="X">különösen</wf>
         <wf lemma="II." pos="X">II.</wf>
         <wf lemma="József" pos="X">József</wf>
         <wf lemma="egyházi" pos="X">egyházi</wf>
         <wf lemma="reformjai" pos="X">reformjai</wf>
         <wf lemma="birták" pos="X">birták</wf>
         <wf lemma="elszakadásra" pos="X">elszakadásra</wf>
         <wf lemma="." pos="X">.</wf>
      </sentence>
      <sentence id="d000.s795" source="wordnet-hungarian">
         <instance id="d000.s795.t000" lemma="gyakorol" pos="VERB">Gyakorolj</instance>
         <wf lemma="önfegyelmet" pos="X">önfegyelmet</wf>
         <wf lemma="!" pos="X">!</wf>
      </sentence>
      <sentence id="d000.s796" source="wordnet-hungarian">
         <wf lemma="Az" pos="X">Az</wf>
         <wf lemma="alkotmányszegő" pos="X">alkotmányszegő</wf>
         <wf lemma="királynak" pos="X">királynak</wf>
         <wf lemma="ellenállhattunk" pos="X">ellenállhattunk</wf>
         <wf lemma="a" pos="X">a</wf>
         <instance id="d000.s796.t000" lemma="hűtlenség" pos="NOUN">hűtlenség</instance>
         <wf lemma="bűne" pos="X">bűne</wf>
         <wf lemma="nélkül" pos="X">nélkül</wf>
         <wf lemma="." pos="X">.</wf>
      </sentence>
      <sentence id="d000.s797" source="wordnet-hungarian">
         <wf lemma="Igaz" pos="X">Igaz</wf>
         <wf lemma="," pos="X">,</wf>
         <wf lemma="hogy" pos="X">hogy</wf>
         <wf lemma="az" pos="X">az</wf>
         <wf lemma="Ararát" pos="X">Ararát</wf>
         <wf lemma="csúcsa" pos="X">csúcsa</wf>
         <wf lemma="már" pos="X">már</wf>
         <wf lemma="török" pos="X">török</wf>
         <wf lemma="fennhatóság" pos="X">fennhatóság</wf>
         <wf lemma="alatt" pos="X">alatt</wf>
         <wf lemma="van" pos="X">van</wf>
         <wf lemma="," pos="X">,</wf>
         <wf lemma="de" pos="X">de</wf>
         <wf lemma="a" pos="X">a</wf>
         <wf lemma="legszebb" pos="X">legszebb</wf>
         <wf lemma="látványt" pos="X">látványt</wf>
         <instance id="d000.s797.t000" lemma="örményország" pos="NOUN">Örményország</instance>
         <wf lemma="felől" pos="X">felől</wf>
         <wf lemma="nyújtja" pos="X">nyújtja</wf>
         <wf lemma="," pos="X">,</wf>
         <wf lemma="hajnalban" pos="X">hajnalban</wf>
         <wf lemma="," pos="X">,</wf>
         <wf lemma="mikor" pos="X">mikor</wf>
         <wf lemma="a" pos="X">a</wf>
         <wf lemma="felkelő" pos="X">felkelő</wf>
         <wf lemma="Nap" pos="X">Nap</wf>
         <wf lemma="rózsaszínűvé" pos="X">rózsaszínűvé</wf>
         <wf lemma="varázsolja" pos="X">varázsolja</wf>
         <wf lemma="a" pos="X">a</wf>
         <wf lemma="hósapkáját" pos="X">hósapkáját</wf>
         <wf lemma="." pos="X">.</wf>
      </sentence>
      <sentence id="d000.s798" source="wordnet-hungarian">
         <wf lemma="A" pos="X">A</wf>
         <wf lemma="pályázat" pos="X">pályázat</wf>
         <wf lemma="sikere" pos="X">sikere</wf>
         <wf lemma="a" pos="X">a</wf>
         <wf lemma="családban" pos="X">családban</wf>
         <wf lemma="egy" pos="X">egy</wf>
         <wf lemma="főre" pos="X">főre</wf>
         <wf lemma="eső" pos="X">eső</wf>
         <wf lemma="átlagos" pos="X">átlagos</wf>
         <wf lemma="havi" pos="X">havi</wf>
         <instance id="d000.s798.t000" lemma="nettó" pos="NOUN">nettó</instance>
         <wf lemma="jövedelemtől" pos="X">jövedelemtől</wf>
         <wf lemma="függ" pos="X">függ</wf>
         <wf lemma="." pos="X">.</wf>
      </sentence>
      <sentence id="d000.s799" source="wordnet-hungarian">
         <wf lemma="A" pos="X">A</wf>
         <wf lemma="legnehezebb" pos="X">legnehezebb</wf>
         <wf lemma="gépies" pos="X">gépies</wf>
         <wf lemma="munkát" pos="X">munkát</wf>
         <wf lemma="," pos="X">,</wf>
         <wf lemma="elsősorban" pos="X">elsősorban</wf>
         <wf lemma="is" pos="X">is</wf>
         <wf lemma="a" pos="X">a</wf>
         <instance id="d000.s799.t000" lemma="kőfejtés" pos="NOUN">kőfejtést</instance>
         <wf lemma="," pos="X">,</wf>
         <wf lemma="rabok" pos="X">rabok</wf>
         <wf lemma="végezték" pos="X">végezték</wf>
         <wf lemma="." pos="X">.</wf>
      </sentence>
      <sentence id="d000.s800" source="wordnet-hungarian">
         <wf lemma="A" pos="X">A</wf>
         <wf lemma="katonák" pos="X">katonák</wf>
         <wf lemma="rengeteg" pos="X">rengeteg</wf>
         <instance id="d000.s800.t000" lemma="tank" pos="NOUN">tankkal</instance>
         <wf lemma="vonultak" pos="X">vonultak</wf>
         <wf lemma="fel" pos="X">fel</wf>
         <wf lemma="." pos="X">.</wf>
      </sentence>
      <sentence id="d000.s801" source="wordnet-hungarian">
         <wf lemma="Könnyes" pos="X">Könnyes</wf>
         <instance id="d000.s801.t000" lemma="nosztalgia" pos="NOUN">nosztalgiával</instance>
         <wf lemma="gondolt" pos="X">gondolt</wf>
         <wf lemma="boldog" pos="X">boldog</wf>
         <wf lemma="gyermekéveire" pos="X">gyermekéveire</wf>
         <wf lemma="." pos="X">.</wf>
      </sentence>
      <sentence id="d000.s802" source="wordnet-hungarian">
         <wf lemma="Az" pos="X">Az</wf>
         <instance id="d000.s802.t000" lemma="amerikai" pos="NOUN">amerikai</instance>
         <wf lemma="baseballsapkában" pos="X">baseballsapkában</wf>
         <wf lemma="flangált" pos="X">flangált</wf>
         <wf lemma="a" pos="X">a</wf>
         <wf lemma="járdán" pos="X">járdán</wf>
         <wf lemma="." pos="X">.</wf>
      </sentence>
      <sentence id="d000.s803" source="wordnet-hungarian">
         <wf lemma="Nem" pos="X">Nem</wf>
         <wf lemma="ahhoz" pos="X">ahhoz</wf>
         <wf lemma="a" pos="X">a</wf>
         <wf lemma="vezetőtípushoz" pos="X">vezetőtípushoz</wf>
         <wf lemma="tartozik" pos="X">tartozik</wf>
         <wf lemma="," pos="X">,</wf>
         <wf lemma="aki" pos="X">aki</wf>
         <wf lemma="fogja" pos="X">fogja</wf>
         <wf lemma="a" pos="X">a</wf>
         <instance id="d000.s803.t000" lemma="beosztott" pos="NOUN">beosztottjai</instance>
         <wf lemma="kezét" pos="X">kezét</wf>
         <wf lemma="." pos="X">.</wf>
      </sentence>
      <sentence id="d000.s804" source="wordnet-hungarian">
         <wf lemma="A" pos="X">A</wf>
         <wf lemma="felszedett" pos="X">felszedett</wf>
         <wf lemma="anyagot" pos="X">anyagot</wf>
         <wf lemma="villás" pos="X">villás</wf>
         <instance id="d000.s804.t000" lemma="mechanizmus" pos="NOUN">mechanizmus</instance>
         <wf lemma="továbbítja" pos="X">továbbítja</wf>
         <wf lemma="a" pos="X">a</wf>
         <wf lemma="tömörítő" pos="X">tömörítő</wf>
         <wf lemma="szerkezethez" pos="X">szerkezethez</wf>
         <wf lemma="." pos="X">.</wf>
      </sentence>
      <sentence id="d000.s805" source="wordnet-hungarian">
         <wf lemma="Akarok" pos="X">Akarok</wf>
         <wf lemma="venni" pos="X">venni</wf>
         <wf lemma="egy" pos="X">egy</wf>
         <wf lemma="autót" pos="X">autót</wf>
         <wf lemma="," pos="X">,</wf>
         <wf lemma="de" pos="X">de</wf>
         <wf lemma="még" pos="X">még</wf>
         <instance id="d000.s805.t000" lemma="vár" pos="VERB">várok</instance>
         <wf lemma="vele" pos="X">vele</wf>
         <wf lemma="." pos="X">.</wf>
      </sentence>
      <sentence id="d000.s806" source="wordnet-hungarian">
         <instance id="d000.s806.t000" lemma="könnygáz" pos="NOUN">Könnygázt</instance>
         <wf lemma="kellett" pos="X">kellett</wf>
         <wf lemma="alkalmazni" pos="X">alkalmazni</wf>
         <wf lemma="a" pos="X">a</wf>
         <wf lemma="bevetésen" pos="X">bevetésen</wf>
         <wf lemma="." pos="X">.</wf>
      </sentence>
      <sentence id="d000.s807" source="wordnet-hungarian">
         <wf lemma="Rengeteg" pos="X">Rengeteg</wf>
         <wf lemma="kérdés" pos="X">kérdés</wf>
         <instance id="d000.s807.t000" lemma="vonatkozik" pos="VERB">vonatkozott</instance>
         <wf lemma="az" pos="X">az</wf>
         <wf lemma="előadására" pos="X">előadására</wf>
         <wf lemma="." pos="X">.</wf>
      </sentence>
      <sentence id="d000.s808" source="wordnet-hungarian">
         <wf lemma="Itt" pos="X">Itt</wf>
         <wf lemma="ingoványos" pos="X">ingoványos</wf>
         <wf lemma="a" pos="X">a</wf>
         <instance id="d000.s808.t000" lemma="talaj" pos="NOUN">talaj</instance>
         <wf lemma="." pos="X">.</wf>
      </sentence>
      <sentence id="d000.s809" source="wordnet-hungarian">
         <wf lemma="A" pos="X">A</wf>
         <instance id="d000.s809.t000" lemma="köd" pos="NOUN">ködben</instance>
         <wf lemma="alig" pos="X">alig</wf>
         <wf lemma="lehetett" pos="X">lehetett</wf>
         <wf lemma="egy" pos="X">egy</wf>
         <wf lemma="méterre" pos="X">méterre</wf>
         <wf lemma="ellátni" pos="X">ellátni</wf>
         <wf lemma="." pos="X">.</wf>
      </sentence>
      <sentence id="d000.s810" source="wordnet-hungarian">
         <wf lemma="Kamaszkorában" pos="X">Kamaszkorában</wf>
         <wf lemma="hangja" pos="X">hangja</wf>
         <wf lemma="mutálása" pos="X">mutálása</wf>
         <wf lemma="miatt" pos="X">miatt</wf>
         <wf lemma="kiesett" pos="X">kiesett</wf>
         <wf lemma="a" pos="X">a</wf>
         <instance id="d000.s810.t000" lemma="kórus" pos="NOUN">kórusból</instance>
         <wf lemma="." pos="X">.</wf>
      </sentence>
      <sentence id="d000.s811" source="wordnet-hungarian">
         <wf lemma="Az" pos="X">Az</wf>
         <wf lemma="archívum" pos="X">archívum</wf>
         <wf lemma="bőséges" pos="X">bőséges</wf>
         <instance id="d000.s811.t000" lemma="anyag" pos="NOUN">anyaggal</instance>
         <wf lemma="szolgált" pos="X">szolgált</wf>
         <wf lemma="a" pos="X">a</wf>
         <wf lemma="kutatásaimhoz" pos="X">kutatásaimhoz</wf>
         <wf lemma="." pos="X">.</wf>
      </sentence>
      <sentence id="d000.s812" source="wordnet-hungarian">
         <wf lemma="A" pos="X">A</wf>
         <instance id="d000.s812.t000" lemma="tudás" pos="NOUN">tudás</instance>
         <wf lemma="hatalom" pos="X">hatalom</wf>
         <wf lemma="." pos="X">.</wf>
      </sentence>
      <sentence id="d000.s813" source="wordnet-hungarian">
         <wf lemma="Sok" pos="X">Sok</wf>
         <wf lemma="kritikával" pos="X">kritikával</wf>
         <wf lemma="illették" pos="X">illették</wf>
         <wf lemma="polgármesteri" pos="X">polgármesteri</wf>
         <instance id="d000.s813.t000" lemma="teljesítmény" pos="NOUN">teljesítményét</instance>
         <wf lemma="." pos="X">.</wf>
      </sentence>
      <sentence id="d000.s814" source="wordnet-hungarian">
         <wf lemma="Az" pos="X">Az</wf>
         <wf lemma="első" pos="X">első</wf>
         <wf lemma="helyezettnek" pos="X">helyezettnek</wf>
         <wf lemma="járó" pos="X">járó</wf>
         <instance id="d000.s814.t000" lemma="díj" pos="NOUN">díj</instance>
         <wf lemma="egy" pos="X">egy</wf>
         <wf lemma="utazás" pos="X">utazás</wf>
         <wf lemma="volt" pos="X">volt</wf>
         <wf lemma="." pos="X">.</wf>
      </sentence>
      <sentence id="d000.s815" source="wordnet-hungarian">
         <wf lemma="A" pos="X">A</wf>
         <wf lemma="gumi" pos="X">gumi</wf>
         <wf lemma="jó" pos="X">jó</wf>
         <instance id="d000.s815.t000" lemma="szigetelő" pos="NOUN">szigetelő</instance>
         <wf lemma="." pos="X">.</wf>
      </sentence>
      <sentence id="d000.s816" source="wordnet-hungarian">
         <wf lemma="Egy" pos="X">Egy</wf>
         <instance id="d000.s816.t000" lemma="fok" pos="NOUN">fokkal</instance>
         <wf lemma="feljebb" pos="X">feljebb</wf>
         <wf lemma="került" pos="X">került</wf>
         <wf lemma="a" pos="X">a</wf>
         <wf lemma="ranglétrán" pos="X">ranglétrán</wf>
         <wf lemma="." pos="X">.</wf>
      </sentence>
      <sentence id="d000.s817" source="wordnet-hungarian">
         <wf lemma="A" pos="X">A</wf>
         <instance id="d000.s817.t000" lemma="ratafia" pos="NOUN">ratafia</instance>
         <wf lemma="sajnos" pos="X">sajnos</wf>
         <wf lemma="nem" pos="X">nem</wf>
         <wf lemma="található" pos="X">található</wf>
         <wf lemma="meg" pos="X">meg</wf>
         <wf lemma="az" pos="X">az</wf>
         <wf lemma="itallapunkon" pos="X">itallapunkon</wf>
         <wf lemma="." pos="X">.</wf>
      </sentence>
      <sentence id="d000.s818" source="wordnet-hungarian">
         <wf lemma="A" pos="X">A</wf>
         <instance id="d000.s818.t000" lemma="kárpótlás" pos="NOUN">kárpótlás</instance>
         <wf lemma="összegét" pos="X">összegét</wf>
         <wf lemma="hivatalosan" pos="X">hivatalosan</wf>
         <wf lemma="megállapították" pos="X">megállapították</wf>
         <wf lemma="és" pos="X">és</wf>
         <wf lemma="fizetésre" pos="X">fizetésre</wf>
         <wf lemma="kötelezték" pos="X">kötelezték</wf>
         <wf lemma="a" pos="X">a</wf>
         <wf lemma="céget" pos="X">céget</wf>
         <wf lemma="." pos="X">.</wf>
      </sentence>
      <sentence id="d000.s819" source="wordnet-hungarian">
         <wf lemma="A" pos="X">A</wf>
         <wf lemma="tanár" pos="X">tanár</wf>
         <wf lemma="fekete" pos="X">fekete</wf>
         <wf lemma="bőrbe" pos="X">bőrbe</wf>
         <instance id="d000.s819.t000" lemma="köt" pos="VERB">kötötte</instance>
         <wf lemma="a" pos="X">a</wf>
         <wf lemma="legkedvesebb" pos="X">legkedvesebb</wf>
         <wf lemma="könyvét" pos="X">könyvét</wf>
         <wf lemma="." pos="X">.</wf>
      </sentence>
      <sentence id="d000.s820" source="wordnet-hungarian">
         <wf lemma="Leült" pos="X">Leült</wf>
         <wf lemma="a" pos="X">a</wf>
         <instance id="d000.s820.t000" lemma="part" pos="NOUN">partra</instance>
         <wf lemma="és" pos="X">és</wf>
         <wf lemma="bámulta" pos="X">bámulta</wf>
         <wf lemma="a" pos="X">a</wf>
         <wf lemma="vízben" pos="X">vízben</wf>
         <wf lemma="úszó" pos="X">úszó</wf>
         <wf lemma="halakat" pos="X">halakat</wf>
         <wf lemma="." pos="X">.</wf>
      </sentence>
      <sentence id="d000.s821" source="wordnet-hungarian">
         <wf lemma="Nagy" pos="X">Nagy</wf>
         <instance id="d000.s821.t000" lemma="út" pos="NOUN">út</instance>
         <wf lemma="áll" pos="X">áll</wf>
         <wf lemma="előttünk" pos="X">előttünk</wf>
         <wf lemma="." pos="X">.</wf>
      </sentence>
      <sentence id="d000.s822" source="wordnet-hungarian">
         <wf lemma="Kossuth" pos="X">Kossuth</wf>
         <wf lemma="haladéktalanul" pos="X">haladéktalanul</wf>
         <wf lemma="utasította" pos="X">utasította</wf>
         <wf lemma="a" pos="X">a</wf>
         <wf lemma="kormánybiztost" pos="X">kormánybiztost</wf>
         <wf lemma="," pos="X">,</wf>
         <wf lemma="hogy" pos="X">hogy</wf>
         <instance id="d000.s822.t000" lemma="önkéntes" pos="NOUN">önkénteseket</instance>
         <wf lemma="toborozzon" pos="X">toborozzon</wf>
         <wf lemma="." pos="X">.</wf>
      </sentence>
      <sentence id="d000.s823" source="wordnet-hungarian">
         <wf lemma="Nem" pos="X">Nem</wf>
         <wf lemma="várt" pos="X">várt</wf>
         <wf lemma="mára" pos="X">mára</wf>
         <instance id="d000.s823.t000" lemma="látogató" pos="NOUN">látogatókat</instance>
         <wf lemma="," pos="X">,</wf>
         <wf lemma="ezért" pos="X">ezért</wf>
         <wf lemma="rendetlenség" pos="X">rendetlenség</wf>
         <wf lemma="volt" pos="X">volt</wf>
         <wf lemma="a" pos="X">a</wf>
         <wf lemma="szobájában" pos="X">szobájában</wf>
         <wf lemma="." pos="X">.</wf>
      </sentence>
      <sentence id="d000.s824" source="wordnet-hungarian">
         <wf lemma="A" pos="X">A</wf>
         <instance id="d000.s824.t000" lemma="klorid" pos="NOUN">kloridok</instance>
         <wf lemma="a" pos="X">a</wf>
         <wf lemma="halogenidek" pos="X">halogenidek</wf>
         <wf lemma="csoportjába" pos="X">csoportjába</wf>
         <wf lemma="tartoznak" pos="X">tartoznak</wf>
         <wf lemma="." pos="X">.</wf>
      </sentence>
      <sentence id="d000.s825" source="wordnet-hungarian">
         <wf lemma="A" pos="X">A</wf>
         <instance id="d000.s825.t000" lemma="benzin" pos="NOUN">benzin</instance>
         <wf lemma="ára" pos="X">ára</wf>
         <wf lemma="folyamatosan" pos="X">folyamatosan</wf>
         <wf lemma="emelkedik" pos="X">emelkedik</wf>
         <wf lemma="." pos="X">.</wf>
      </sentence>
      <sentence id="d000.s826" source="wordnet-hungarian">
         <wf lemma="A" pos="X">A</wf>
         <wf lemma="kék" pos="X">kék</wf>
         <wf lemma="nadrágom" pos="X">nadrágom</wf>
         <instance id="d000.s826.t000" lemma="fog" pos="VERB">fogott</instance>
         <wf lemma="." pos="X">.</wf>
      </sentence>
      <sentence id="d000.s827" source="wordnet-hungarian">
         <wf lemma="Az" pos="X">Az</wf>
         <instance id="d000.s827.t000" lemma="állomás" pos="NOUN">állomásra</instance>
         <wf lemma="már" pos="X">már</wf>
         <wf lemma="beérkeztek" pos="X">beérkeztek</wf>
         <wf lemma="az" pos="X">az</wf>
         <wf lemma="autóbuszok" pos="X">autóbuszok</wf>
         <wf lemma="." pos="X">.</wf>
      </sentence>
      <sentence id="d000.s828" source="wordnet-hungarian">
         <wf lemma="Roston" pos="X">Roston</wf>
         <instance id="d000.s828.t000" lemma="borda" pos="NOUN">borda</instance>
         <wf lemma="pirított" pos="X">pirított</wf>
         <wf lemma="gombával" pos="X">gombával</wf>
         <wf lemma="a" pos="X">a</wf>
         <wf lemma="kedvenc" pos="X">kedvenc</wf>
         <wf lemma="ételeim" pos="X">ételeim</wf>
         <wf lemma="egyike" pos="X">egyike</wf>
         <wf lemma="." pos="X">.</wf>
      </sentence>
      <sentence id="d000.s829" source="wordnet-hungarian">
         <wf lemma="A" pos="X">A</wf>
         <wf lemma="völgy" pos="X">völgy</wf>
         <wf lemma="után" pos="X">után</wf>
         <wf lemma="lévő" pos="X">lévő</wf>
         <instance id="d000.s829.t000" lemma="sík" pos="NOUN">síkon</instance>
         <wf lemma="megpihenhetünk" pos="X">megpihenhetünk</wf>
         <wf lemma="." pos="X">.</wf>
      </sentence>
      <sentence id="d000.s830" source="wordnet-hungarian">
         <wf lemma="Hosszú" pos="X">Hosszú</wf>
         <wf lemma="élete" pos="X">élete</wf>
         <wf lemma="során" pos="X">során</wf>
         <wf lemma="összegyűjtött" pos="X">összegyűjtött</wf>
         <instance id="d000.s830.t000" lemma="ismeret" pos="NOUN">ismereteinek</instance>
         <wf lemma="most" pos="X">most</wf>
         <wf lemma="mi" pos="X">mi</wf>
         <wf lemma="is" pos="X">is</wf>
         <wf lemma="hasznát" pos="X">hasznát</wf>
         <wf lemma="vehetjük" pos="X">vehetjük</wf>
         <wf lemma="." pos="X">.</wf>
      </sentence>
      <sentence id="d000.s831" source="wordnet-hungarian">
         <wf lemma="Anarchisták" pos="X">Anarchisták</wf>
         <wf lemma="kellenek" pos="X">kellenek</wf>
         <wf lemma="," pos="X">,</wf>
         <wf lemma="akik" pos="X">akik</wf>
         <wf lemma="felmutatják" pos="X">felmutatják</wf>
         <wf lemma="a" pos="X">a</wf>
         <wf lemma="tőkés-tolvajok" pos="X">tőkés-tolvajok</wf>
         <wf lemma="fejét" pos="X">fejét</wf>
         <wf lemma="," pos="X">,</wf>
         <wf lemma="hogy" pos="X">hogy</wf>
         <wf lemma="ráébresszék" pos="X">ráébresszék</wf>
         <wf lemma="a" pos="X">a</wf>
         <instance id="d000.s831.t000" lemma="proletár" pos="NOUN">proletárokat</instance>
         <wf lemma="haragjuk" pos="X">haragjuk</wf>
         <wf lemma="jogosságára" pos="X">jogosságára</wf>
         <wf lemma="." pos="X">.</wf>
      </sentence>
      <sentence id="d000.s832" source="wordnet-hungarian">
         <wf lemma="A" pos="X">A</wf>
         <wf lemma="probléma" pos="X">probléma</wf>
         <instance id="d000.s832.t000" lemma="forrás" pos="NOUN">forrása</instance>
         <wf lemma="máshol" pos="X">máshol</wf>
         <wf lemma="keresendő" pos="X">keresendő</wf>
         <wf lemma="." pos="X">.</wf>
      </sentence>
      <sentence id="d000.s833" source="wordnet-hungarian">
         <wf lemma="A" pos="X">A</wf>
         <wf lemma="szemcsézett" pos="X">szemcsézett</wf>
         <wf lemma="," pos="X">,</wf>
         <wf lemma="cementált" pos="X">cementált</wf>
         <wf lemma="homokkő" pos="X">homokkő</wf>
         <wf lemma="oszlop" pos="X">oszlop</wf>
         <wf lemma="61" pos="X">61</wf>
         <wf lemma="X" pos="X">X</wf>
         <wf lemma="58" pos="X">58</wf>
         <instance id="d000.s833.t000" lemma="centiméter" pos="NOUN">centiméter</instance>
         <wf lemma="keresztmetszetű" pos="X">keresztmetszetű</wf>
         <wf lemma="és" pos="X">és</wf>
         <wf lemma="135" pos="X">135</wf>
         <wf lemma="centiméter" pos="X">centiméter</wf>
         <wf lemma="magas" pos="X">magas</wf>
         <wf lemma="talpazata" pos="X">talpazata</wf>
         <wf lemma="alapépítmény" pos="X">alapépítmény</wf>
         <wf lemma="nélküli" pos="X">nélküli</wf>
         <wf lemma="." pos="X">.</wf>
      </sentence>
      <sentence id="d000.s834" source="wordnet-hungarian">
         <wf lemma="A" pos="X">A</wf>
         <wf lemma="király" pos="X">király</wf>
         <wf lemma="háborúkban" pos="X">háborúkban</wf>
         <wf lemma="bővítette" pos="X">bővítette</wf>
         <instance id="d000.s834.t000" lemma="birodalom" pos="NOUN">birodalma</instance>
         <wf lemma="határait" pos="X">határait</wf>
         <wf lemma="." pos="X">.</wf>
      </sentence>
      <sentence id="d000.s835" source="wordnet-hungarian">
         <wf lemma="Szabad" pos="X">Szabad</wf>
         <wf lemma="kézzel" pos="X">kézzel</wf>
         <wf lemma="törte" pos="X">törte</wf>
         <wf lemma="meg" pos="X">meg</wf>
         <wf lemma="a" pos="X">a</wf>
         <wf lemma="dió" pos="X">dió</wf>
         <instance id="d000.s835.t000" lemma="héj" pos="NOUN">héját</instance>
         <wf lemma="." pos="X">.</wf>
      </sentence>
      <sentence id="d000.s836" source="wordnet-hungarian">
         <wf lemma="Valami" pos="X">Valami</wf>
         <wf lemma="baj" pos="X">baj</wf>
         <wf lemma="lehet" pos="X">lehet</wf>
         <wf lemma="a" pos="X">a</wf>
         <instance id="d000.s836.t000" lemma="meghajtó" pos="NOUN">meghajtóval</instance>
         <wf lemma="." pos="X">.</wf>
      </sentence>
      <sentence id="d000.s837" source="wordnet-hungarian">
         <wf lemma="Asbóth" pos="X">Asbóth</wf>
         <wf lemma="Oszkár" pos="X">Oszkár</wf>
         <wf lemma="úttörő" pos="X">úttörő</wf>
         <wf lemma="munkát" pos="X">munkát</wf>
         <wf lemma="végzett" pos="X">végzett</wf>
         <wf lemma="a" pos="X">a</wf>
         <instance id="d000.s837.t000" lemma="helikopter" pos="NOUN">helikopter</instance>
         <wf lemma="tökéletesítésében" pos="X">tökéletesítésében</wf>
         <wf lemma="." pos="X">.</wf>
      </sentence>
      <sentence id="d000.s838" source="wordnet-hungarian">
         <wf lemma="Még" pos="X">Még</wf>
         <wf lemma="1885-ben" pos="X">1885-ben</wf>
         <wf lemma="is" pos="X">is</wf>
         <wf lemma="főzték" pos="X">főzték</wf>
         <wf lemma="a" pos="X">a</wf>
         <instance id="d000.s838.t000" lemma="hamuzsír" pos="NOUN">hamuzsírt</instance>
         <wf lemma="a" pos="X">a</wf>
         <wf lemma="sóvidéki" pos="X">sóvidéki</wf>
         <wf lemma="településekhez" pos="X">településekhez</wf>
         <wf lemma="tartozó" pos="X">tartozó</wf>
         <wf lemma="erdőkben" pos="X">erdőkben</wf>
         <wf lemma="." pos="X">.</wf>
      </sentence>
      <sentence id="d000.s839" source="wordnet-hungarian">
         <wf lemma="Ki" pos="X">Ki</wf>
         <wf lemma="fogja" pos="X">fogja</wf>
         <instance id="d000.s839.t000" lemma="irányít" pos="VERB">irányítani</instance>
         <wf lemma="az" pos="X">az</wf>
         <wf lemma="országot" pos="X">országot</wf>
         <wf lemma="?" pos="X">?</wf>
      </sentence>
      <sentence id="d000.s840" source="wordnet-hungarian">
         <wf lemma="A" pos="X">A</wf>
         <instance id="d000.s840.t000" lemma="német" pos="NOUN">német</instance>
         <wf lemma="úgy" pos="X">úgy</wf>
         <wf lemma="távozott" pos="X">távozott</wf>
         <wf lemma="a" pos="X">a</wf>
         <wf lemma="hotelből" pos="X">hotelből</wf>
         <wf lemma="," pos="X">,</wf>
         <wf lemma="hogy" pos="X">hogy</wf>
         <wf lemma="a" pos="X">a</wf>
         <wf lemma="szobáját" pos="X">szobáját</wf>
         <wf lemma="rendben" pos="X">rendben</wf>
         <wf lemma="hagyta" pos="X">hagyta</wf>
         <wf lemma="." pos="X">.</wf>
      </sentence>
      <sentence id="d000.s841" source="wordnet-hungarian">
         <wf lemma="Egyetlen" pos="X">Egyetlen</wf>
         <wf lemma="ismert" pos="X">ismert</wf>
         <instance id="d000.s841.t000" lemma="rénszarvas" pos="NOUN">rénszarvas</instance>
         <wf lemma="sem" pos="X">sem</wf>
         <wf lemma="tud" pos="X">tud</wf>
         <wf lemma="repülni" pos="X">repülni</wf>
         <wf lemma="." pos="X">.</wf>
      </sentence>
      <sentence id="d000.s842" source="wordnet-hungarian">
         <wf lemma="A" pos="X">A</wf>
         <wf lemma="férjem" pos="X">férjem</wf>
         <instance id="d000.s842.t000" lemma="ing" pos="NOUN">inge</instance>
         <wf lemma="piszkos" pos="X">piszkos</wf>
         <wf lemma="lett" pos="X">lett</wf>
         <wf lemma="a" pos="X">a</wf>
         <wf lemma="főzés" pos="X">főzés</wf>
         <wf lemma="alatt" pos="X">alatt</wf>
         <wf lemma="." pos="X">.</wf>
      </sentence>
      <sentence id="d000.s843" source="wordnet-hungarian">
         <wf lemma="A" pos="X">A</wf>
         <wf lemma="modógép" pos="X">modógép</wf>
         <instance id="d000.s843.t000" lemma="dob" pos="NOUN">dobja</instance>
         <wf lemma="nehezen" pos="X">nehezen</wf>
         <wf lemma="forog" pos="X">forog</wf>
         <wf lemma="." pos="X">.</wf>
      </sentence>
      <sentence id="d000.s844" source="wordnet-hungarian">
         <wf lemma="Válaszul" pos="X">Válaszul</wf>
         <wf lemma="az" pos="X">az</wf>
         <instance id="d000.s844.t000" lemma="abolicionista" pos="NOUN">abolicionisták</instance>
         <wf lemma="támadásaira" pos="X">támadásaira</wf>
         <wf lemma="," pos="X">,</wf>
         <wf lemma="a" pos="X">a</wf>
         <wf lemma="Dél" pos="X">Dél</wf>
         <wf lemma="megerősítette" pos="X">megerősítette</wf>
         <wf lemma="a" pos="X">a</wf>
         <wf lemma="rabszolgák" pos="X">rabszolgák</wf>
         <wf lemma="őrzését" pos="X">őrzését</wf>
         <wf lemma="." pos="X">.</wf>
      </sentence>
      <sentence id="d000.s845" source="wordnet-hungarian">
         <instance id="d000.s845.t000" lemma="szegfűszeg" pos="NOUN">Szegfűszeg</instance>
         <wf lemma="," pos="X">,</wf>
         <wf lemma="fahéj" pos="X">fahéj</wf>
         <wf lemma="vagy" pos="X">vagy</wf>
         <wf lemma="vanília" pos="X">vanília</wf>
         <wf lemma="nélkül" pos="X">nélkül</wf>
         <wf lemma="nem" pos="X">nem</wf>
         <wf lemma="sütemény" pos="X">sütemény</wf>
         <wf lemma="a" pos="X">a</wf>
         <wf lemma="sütemény" pos="X">sütemény</wf>
         <wf lemma="." pos="X">.</wf>
      </sentence>
      <sentence id="d000.s846" source="wordnet-hungarian">
         <wf lemma="Árvíz" pos="X">Árvíz</wf>
         <wf lemma="idején" pos="X">idején</wf>
         <wf lemma="fontos" pos="X">fontos</wf>
         <wf lemma="feladat" pos="X">feladat</wf>
         <wf lemma="a" pos="X">a</wf>
         <instance id="d000.s846.t000" lemma="szivárgás" pos="NOUN">szivárgások</instance>
         <wf lemma="azonnali" pos="X">azonnali</wf>
         <wf lemma="megszüntetése" pos="X">megszüntetése</wf>
         <wf lemma="." pos="X">.</wf>
      </sentence>
      <sentence id="d000.s847" source="wordnet-hungarian">
         <wf lemma="János" pos="X">János</wf>
         <instance id="d000.s847.t000" lemma="kiáll" pos="VERB">kiállt</instance>
         <wf lemma="a" pos="X">a</wf>
         <wf lemma="vízből" pos="X">vízből</wf>
         <wf lemma="." pos="X">.</wf>
      </sentence>
      <sentence id="d000.s848" source="wordnet-hungarian">
         <wf lemma="A" pos="X">A</wf>
         <instance id="d000.s848.t000" lemma="barents-tenger" pos="NOUN">Barents-tenger</instance>
         <wf lemma="nevét" pos="X">nevét</wf>
         <wf lemma="a" pos="X">a</wf>
         <wf lemma="holland" pos="X">holland</wf>
         <wf lemma="Willem" pos="X">Willem</wf>
         <wf lemma="Barents" pos="X">Barents</wf>
         <wf lemma="tengerészről" pos="X">tengerészről</wf>
         <wf lemma="kapta" pos="X">kapta</wf>
         <wf lemma="." pos="X">.</wf>
      </sentence>
      <sentence id="d000.s849" source="wordnet-hungarian">
         <wf lemma="Nagy" pos="X">Nagy</wf>
         <instance id="d000.s849.t000" lemma="hiba" pos="NOUN">hibát</instance>
         <wf lemma="követett" pos="X">követett</wf>
         <wf lemma="el" pos="X">el</wf>
         <wf lemma="." pos="X">.</wf>
      </sentence>
      <sentence id="d000.s850" source="wordnet-hungarian">
         <wf lemma="Irodalmi" pos="X">Irodalmi</wf>
         <wf lemma="művekben" pos="X">művekben</wf>
         <wf lemma="a" pos="X">a</wf>
         <instance id="d000.s850.t000" lemma="papagáj" pos="NOUN">papagáj</instance>
         <wf lemma="gyakorta" pos="X">gyakorta</wf>
         <wf lemma="a" pos="X">a</wf>
         <wf lemma="fiatal" pos="X">fiatal</wf>
         <wf lemma="lányokra" pos="X">lányokra</wf>
         <wf lemma="utal" pos="X">utal</wf>
         <wf lemma="." pos="X">.</wf>
      </sentence>
      <sentence id="d000.s851" source="wordnet-hungarian">
         <wf lemma="Milyen" pos="X">Milyen</wf>
         <instance id="d000.s851.t000" lemma="hajtóerő" pos="NOUN">hajtóerő</instance>
         <wf lemma="mozgatja" pos="X">mozgatja</wf>
         <wf lemma="?" pos="X">?</wf>
      </sentence>
      <sentence id="d000.s852" source="wordnet-hungarian">
         <wf lemma="A" pos="X">A</wf>
         <instance id="d000.s852.t000" lemma="vitorlázó" pos="NOUN">vitorlázóknak</instance>
         <wf lemma="háromszor" pos="X">háromszor</wf>
         <wf lemma="meg" pos="X">meg</wf>
         <wf lemma="kell" pos="X">kell</wf>
         <wf lemma="kerülni" pos="X">kerülni</wf>
         <wf lemma="a" pos="X">a</wf>
         <wf lemma="bólyákat" pos="X">bólyákat</wf>
         <wf lemma="mielőtt" pos="X">mielőtt</wf>
         <wf lemma="kihajóznak" pos="X">kihajóznak</wf>
         <wf lemma="a" pos="X">a</wf>
         <wf lemma="nyílt" pos="X">nyílt</wf>
         <wf lemma="vízre" pos="X">vízre</wf>
         <wf lemma="." pos="X">.</wf>
      </sentence>
      <sentence id="d000.s853" source="wordnet-hungarian">
         <wf lemma="Inkább" pos="X">Inkább</wf>
         <instance id="d000.s853.t000" lemma="ül" pos="VERB">ültem</instance>
         <wf lemma="," pos="X">,</wf>
         <wf lemma="hogy" pos="X">hogy</wf>
         <wf lemma="ne" pos="X">ne</wf>
         <wf lemma="fáradjon" pos="X">fáradjon</wf>
         <wf lemma="el" pos="X">el</wf>
         <wf lemma="a" pos="X">a</wf>
         <wf lemma="lábam" pos="X">lábam</wf>
         <wf lemma="." pos="X">.</wf>
      </sentence>
      <sentence id="d000.s854" source="wordnet-hungarian">
         <wf lemma="Túl" pos="X">Túl</wf>
         <wf lemma="hosszú" pos="X">hosszú</wf>
         <wf lemma="a" pos="X">a</wf>
         <instance id="d000.s854.t000" lemma="cipőfűző" pos="NOUN">cipőfűző</instance>
         <wf lemma="ezen" pos="X">ezen</wf>
         <wf lemma="a" pos="X">a</wf>
         <wf lemma="cipőn" pos="X">cipőn</wf>
         <wf lemma="!" pos="X">!</wf>
      </sentence>
      <sentence id="d000.s855" source="wordnet-hungarian">
         <wf lemma="Nincs" pos="X">Nincs</wf>
         <wf lemma="minden" pos="X">minden</wf>
         <instance id="d000.s855.t000" lemma="számítógép-felhasználó" pos="NOUN">számítógép-felhasználónak</instance>
         <wf lemma="külön" pos="X">külön</wf>
         <wf lemma="azonosítója" pos="X">azonosítója</wf>
         <wf lemma="." pos="X">.</wf>
      </sentence>
      <sentence id="d000.s856" source="wordnet-hungarian">
         <wf lemma="Az" pos="X">Az</wf>
         <wf lemma="országgyűlés" pos="X">országgyűlés</wf>
         <instance id="d000.s856.t000" lemma="hatálytalanít" pos="VERB">hatálytalanította</instance>
         <wf lemma="a" pos="X">a</wf>
         <wf lemma="törvényt" pos="X">törvényt</wf>
         <wf lemma="." pos="X">.</wf>
      </sentence>
      <sentence id="d000.s857" source="wordnet-hungarian">
         <wf lemma="A" pos="X">A</wf>
         <instance id="d000.s857.t000" lemma="légiutas-kísérő" pos="NOUN">légiutas-kísérő</instance>
         <wf lemma="utazás" pos="X">utazás</wf>
         <wf lemma="előtt" pos="X">előtt</wf>
         <wf lemma="ellenőrzi" pos="X">ellenőrzi</wf>
         <wf lemma="az" pos="X">az</wf>
         <wf lemma="utastérben" pos="X">utastérben</wf>
         <wf lemma="lévő" pos="X">lévő</wf>
         <wf lemma="biztonsági" pos="X">biztonsági</wf>
         <wf lemma="berendezéseket" pos="X">berendezéseket</wf>
         <wf lemma="." pos="X">.</wf>
      </sentence>
      <sentence id="d000.s858" source="wordnet-hungarian">
         <instance id="d000.s858.t000" lemma="forog" pos="VERB">Forognak</instance>
         <wf lemma="a" pos="X">a</wf>
         <wf lemma="kamerák" pos="X">kamerák</wf>
         <wf lemma="." pos="X">.</wf>
      </sentence>
      <sentence id="d000.s859" source="wordnet-hungarian">
         <wf lemma="Kiszolgáltatottsága" pos="X">Kiszolgáltatottsága</wf>
         <wf lemma="és" pos="X">és</wf>
         <instance id="d000.s859.t000" lemma="tehetetlenség" pos="NOUN">tehetetlensége</instance>
         <wf lemma="súlya" pos="X">súlya</wf>
         <wf lemma="alatt" pos="X">alatt</wf>
         <wf lemma="teljesen" pos="X">teljesen</wf>
         <wf lemma="összeroppant" pos="X">összeroppant</wf>
         <wf lemma="." pos="X">.</wf>
      </sentence>
      <sentence id="d000.s860" source="wordnet-hungarian">
         <wf lemma="A" pos="X">A</wf>
         <wf lemma="rabló" pos="X">rabló</wf>
         <instance id="d000.s860.t000" lemma="felfed" pos="VERB">felfedte</instance>
         <wf lemma="arcát" pos="X">arcát</wf>
         <wf lemma="." pos="X">.</wf>
      </sentence>
      <sentence id="d000.s861" source="wordnet-hungarian">
         <wf lemma="Győzelmet" pos="X">Győzelmet</wf>
         <instance id="d000.s861.t000" lemma="remél" pos="VERB">remélt</instance>
         <wf lemma="az" pos="X">az</wf>
         <wf lemma="edzőnk" pos="X">edzőnk</wf>
         <wf lemma="." pos="X">.</wf>
      </sentence>
      <sentence id="d000.s862" source="wordnet-hungarian">
         <instance id="d000.s862.t000" lemma="segít" pos="VERB">Segítenél</instance>
         <wf lemma="odébbvinni" pos="X">odébbvinni</wf>
         <wf lemma="ezt" pos="X">ezt</wf>
         <wf lemma="az" pos="X">az</wf>
         <wf lemma="asztalt" pos="X">asztalt</wf>
         <wf lemma="?" pos="X">?</wf>
      </sentence>
      <sentence id="d000.s863" source="wordnet-hungarian">
         <wf lemma="Az" pos="X">Az</wf>
         <wf lemma="arc" pos="X">arc</wf>
         <wf lemma="két" pos="X">két</wf>
         <wf lemma="felének" pos="X">felének</wf>
         <wf lemma="általában" pos="X">általában</wf>
         <wf lemma="nem" pos="X">nem</wf>
         <wf lemma="teljes" pos="X">teljes</wf>
         <wf lemma="a" pos="X">a</wf>
         <instance id="d000.s863.t000" lemma="szimmetria" pos="NOUN">szimmetriája</instance>
         <wf lemma="." pos="X">.</wf>
      </sentence>
      <sentence id="d000.s864" source="wordnet-hungarian">
         <wf lemma="A" pos="X">A</wf>
         <wf lemma="férfi" pos="X">férfi</wf>
         <wf lemma="ékszert" pos="X">ékszert</wf>
         <instance id="d000.s864.t000" lemma="ad" pos="VERB">adott</instance>
         <wf lemma="a" pos="X">a</wf>
         <wf lemma="feleségének" pos="X">feleségének</wf>
         <wf lemma="születésnapjára" pos="X">születésnapjára</wf>
         <wf lemma="." pos="X">.</wf>
      </sentence>
      <sentence id="d000.s865" source="wordnet-hungarian">
         <wf lemma="Az" pos="X">Az</wf>
         <wf lemma="eredmény" pos="X">eredmény</wf>
         <wf lemma="harminc" pos="X">harminc</wf>
         <wf lemma="-" pos="X">-</wf>
         <instance id="d000.s865.t000" lemma="semmi" pos="NOUN">semmi</instance>
         <wf lemma="Sarapova" pos="X">Sarapova</wf>
         <wf lemma="javára" pos="X">javára</wf>
         <wf lemma="." pos="X">.</wf>
      </sentence>
      <sentence id="d000.s866" source="wordnet-hungarian">
         <wf lemma="A" pos="X">A</wf>
         <wf lemma="két" pos="X">két</wf>
         <wf lemma="kormány" pos="X">kormány</wf>
         <instance id="d000.s866.t000" lemma="szóvivő" pos="NOUN">szóvivője</instance>
         <wf lemma="válaszolta" pos="X">válaszolta</wf>
         <wf lemma="meg" pos="X">meg</wf>
         <wf lemma="az" pos="X">az</wf>
         <wf lemma="újságírók" pos="X">újságírók</wf>
         <wf lemma="kérdéseit" pos="X">kérdéseit</wf>
         <wf lemma="." pos="X">.</wf>
      </sentence>
      <sentence id="d000.s867" source="wordnet-hungarian">
         <wf lemma="A" pos="X">A</wf>
         <wf lemma="kurzus" pos="X">kurzus</wf>
         <wf lemma="a" pos="X">a</wf>
         <wf lemma="nyugati" pos="X">nyugati</wf>
         <wf lemma="civilizációval" pos="X">civilizációval</wf>
         <instance id="d000.s867.t000" lemma="foglalkozik" pos="VERB">foglalkozik</instance>
         <wf lemma="." pos="X">.</wf>
      </sentence>
      <sentence id="d000.s868" source="wordnet-hungarian">
         <wf lemma="A" pos="X">A</wf>
         <wf lemma="szorongás" pos="X">szorongás</wf>
         <instance id="d000.s868.t000" lemma="beszédzavar" pos="NOUN">beszédzavarhoz</instance>
         <wf lemma="is" pos="X">is</wf>
         <wf lemma="vezethet" pos="X">vezethet</wf>
         <wf lemma="," pos="X">,</wf>
         <wf lemma="például" pos="X">például</wf>
         <wf lemma="dadogáshoz" pos="X">dadogáshoz</wf>
         <wf lemma="." pos="X">.</wf>
      </sentence>
      <sentence id="d000.s869" source="wordnet-hungarian">
         <wf lemma="A" pos="X">A</wf>
         <instance id="d000.s869.t000" lemma="rovar" pos="NOUN">rovarok</instance>
         <wf lemma="csíphetnek" pos="X">csíphetnek</wf>
         <wf lemma="önvédelemből" pos="X">önvédelemből</wf>
         <wf lemma="," pos="X">,</wf>
         <wf lemma="illetve" pos="X">illetve</wf>
         <wf lemma="gyakran" pos="X">gyakran</wf>
         <wf lemma="táplálkozási" pos="X">táplálkozási</wf>
         <wf lemma="céllal" pos="X">céllal</wf>
         <wf lemma="." pos="X">.</wf>
      </sentence>
      <sentence id="d000.s870" source="wordnet-hungarian">
         <wf lemma="Két" pos="X">Két</wf>
         <wf lemma="évig" pos="X">évig</wf>
         <instance id="d000.s870.t000" lemma="hallgat" pos="VERB">hallgattam</instance>
         <wf lemma="pszichológiát" pos="X">pszichológiát</wf>
         <wf lemma="," pos="X">,</wf>
         <wf lemma="de" pos="X">de</wf>
         <wf lemma="abbahagytam" pos="X">abbahagytam</wf>
         <wf lemma="." pos="X">.</wf>
      </sentence>
      <sentence id="d000.s871" source="wordnet-hungarian">
         <wf lemma="A" pos="X">A</wf>
         <instance id="d000.s871.t000" lemma="galvánelem" pos="NOUN">galvánelem</instance>
         <wf lemma="két" pos="X">két</wf>
         <wf lemma="elektrolitba" pos="X">elektrolitba</wf>
         <wf lemma="merülő" pos="X">merülő</wf>
         <wf lemma="fémből" pos="X">fémből</wf>
         <wf lemma="vagy" pos="X">vagy</wf>
         <wf lemma="fémes" pos="X">fémes</wf>
         <wf lemma="vezetőből" pos="X">vezetőből</wf>
         <wf lemma="áll" pos="X">áll</wf>
         <wf lemma="." pos="X">.</wf>
      </sentence>
      <sentence id="d000.s872" source="wordnet-hungarian">
         <wf lemma="A" pos="X">A</wf>
         <wf lemma="folyó" pos="X">folyó</wf>
         <wf lemma="kilépett" pos="X">kilépett</wf>
         <wf lemma="a" pos="X">a</wf>
         <wf lemma="medréből" pos="X">medréből</wf>
         <wf lemma="," pos="X">,</wf>
         <wf lemma="és" pos="X">és</wf>
         <instance id="d000.s872.t000" lemma="eláraszt" pos="VERB">elárasztotta</instance>
         <wf lemma="a" pos="X">a</wf>
         <wf lemma="falut" pos="X">falut</wf>
         <wf lemma="." pos="X">.</wf>
      </sentence>
      <sentence id="d000.s873" source="wordnet-hungarian">
         <wf lemma="A" pos="X">A</wf>
         <instance id="d000.s873.t000" lemma="szeder" pos="NOUN">szeder</instance>
         <wf lemma="vadon" pos="X">vadon</wf>
         <wf lemma="lombos" pos="X">lombos</wf>
         <wf lemma="és" pos="X">és</wf>
         <wf lemma="fenyves" pos="X">fenyves</wf>
         <wf lemma="erdőkben" pos="X">erdőkben</wf>
         <wf lemma="," pos="X">,</wf>
         <wf lemma="cserjésekben" pos="X">cserjésekben</wf>
         <wf lemma="fordul" pos="X">fordul</wf>
         <wf lemma="elő" pos="X">elő</wf>
         <wf lemma="." pos="X">.</wf>
      </sentence>
      <sentence id="d000.s874" source="wordnet-hungarian">
         <wf lemma="Józsi" pos="X">Józsi</wf>
         <instance id="d000.s874.t000" lemma="elront" pos="VERB">elrontott</instance>
         <wf lemma="az" pos="X">az</wf>
         <wf lemma="órát" pos="X">órát</wf>
         <wf lemma="," pos="X">,</wf>
         <wf lemma="mikor" pos="X">mikor</wf>
         <wf lemma="szétszerelte" pos="X">szétszerelte</wf>
         <wf lemma="." pos="X">.</wf>
      </sentence>
      <sentence id="d000.s875" source="wordnet-hungarian">
         <wf lemma="A" pos="X">A</wf>
         <instance id="d000.s875.t000" lemma="sorozat" pos="NOUN">sorozat</instance>
         <wf lemma="a" pos="X">a</wf>
         <wf lemma="dél-amerikai" pos="X">dél-amerikai</wf>
         <wf lemma="őserdőkről" pos="X">őserdőkről</wf>
         <wf lemma="szólt" pos="X">szólt</wf>
         <wf lemma="." pos="X">.</wf>
      </sentence>
      <sentence id="d000.s876" source="wordnet-hungarian">
         <wf lemma="Meg" pos="X">Meg</wf>
         <wf lemma="kellett" pos="X">kellett</wf>
         <wf lemma="olajozni" pos="X">olajozni</wf>
         <wf lemma="a" pos="X">a</wf>
         <instance id="d000.s876.t000" lemma="csukló" pos="NOUN">csuklókat</instance>
         <wf lemma="." pos="X">.</wf>
      </sentence>
      <sentence id="d000.s877" source="wordnet-hungarian">
         <wf lemma="Ez" pos="X">Ez</wf>
         <wf lemma="az" pos="X">az</wf>
         <wf lemma="pisztoly" pos="X">pisztoly</wf>
         <wf lemma="több" pos="X">több</wf>
         <wf lemma="mint" pos="X">mint</wf>
         <wf lemma="két" pos="X">két</wf>
         <wf lemma="kilométerre" pos="X">kilométerre</wf>
         <instance id="d000.s877.t000" lemma="hord" pos="VERB">hord</instance>
         <wf lemma="." pos="X">.</wf>
      </sentence>
      <sentence id="d000.s878" source="wordnet-hungarian">
         <wf lemma="A" pos="X">A</wf>
         <wf lemma="nemzeti" pos="X">nemzeti</wf>
         <instance id="d000.s878.t000" lemma="ünnep" pos="NOUN">ünnepek</instance>
         <wf lemma="mindig" pos="X">mindig</wf>
         <wf lemma="munkaszüneti" pos="X">munkaszüneti</wf>
         <wf lemma="napok" pos="X">napok</wf>
         <wf lemma="." pos="X">.</wf>
      </sentence>
      <sentence id="d000.s879" source="wordnet-hungarian">
         <wf lemma="Az" pos="X">Az</wf>
         <wf lemma="egész" pos="X">egész</wf>
         <instance id="d000.s879.t000" lemma="utca" pos="NOUN">utca</instance>
         <wf lemma="kivonult" pos="X">kivonult</wf>
         <wf lemma="," pos="X">,</wf>
         <wf lemma="hogy" pos="X">hogy</wf>
         <wf lemma="részt" pos="X">részt</wf>
         <wf lemma="vegyen" pos="X">vegyen</wf>
         <wf lemma="a" pos="X">a</wf>
         <wf lemma="takarítási" pos="X">takarítási</wf>
         <wf lemma="akcióban" pos="X">akcióban</wf>
         <wf lemma="." pos="X">.</wf>
      </sentence>
      <sentence id="d000.s880" source="wordnet-hungarian">
         <wf lemma="A" pos="X">A</wf>
         <instance id="d000.s880.t000" lemma="katalízis" pos="NOUN">katalízis</instance>
         <wf lemma="szempontjából" pos="X">szempontjából</wf>
         <wf lemma="nagyjelentőségű" pos="X">nagyjelentőségű</wf>
         <wf lemma="a" pos="X">a</wf>
         <wf lemma="további" pos="X">további</wf>
         <wf lemma="társ-fém" pos="X">társ-fém</wf>
         <wf lemma="alkalmazásával" pos="X">alkalmazásával</wf>
         <wf lemma="befolyásolható" pos="X">befolyásolható</wf>
         <wf lemma="savasságuk" pos="X">savasságuk</wf>
         <wf lemma="," pos="X">,</wf>
         <wf lemma="a" pos="X">a</wf>
         <wf lemma="nagy" pos="X">nagy</wf>
         <wf lemma="elektrosztatikus" pos="X">elektrosztatikus</wf>
         <wf lemma="mező" pos="X">mező</wf>
         <wf lemma="," pos="X">,</wf>
         <wf lemma="amely" pos="X">amely</wf>
         <wf lemma="a" pos="X">a</wf>
         <wf lemma="reagáló" pos="X">reagáló</wf>
         <wf lemma="molekulákat" pos="X">molekulákat</wf>
         <wf lemma="aktiválhatja" pos="X">aktiválhatja</wf>
         <wf lemma="," pos="X">,</wf>
         <wf lemma="különösen" pos="X">különösen</wf>
         <wf lemma="pedig" pos="X">pedig</wf>
         <wf lemma="a" pos="X">a</wf>
         <wf lemma="szabályos" pos="X">szabályos</wf>
         <wf lemma="kristályszerkezet" pos="X">kristályszerkezet</wf>
         <wf lemma="és" pos="X">és</wf>
         <wf lemma="az" pos="X">az</wf>
         <wf lemma="egyenletes" pos="X">egyenletes</wf>
         <wf lemma="pórusméret" pos="X">pórusméret</wf>
         <wf lemma="," pos="X">,</wf>
         <wf lemma="amelynek" pos="X">amelynek</wf>
         <wf lemma="változtatásával" pos="X">változtatásával</wf>
         <wf lemma="a" pos="X">a</wf>
         <wf lemma="katalizátor" pos="X">katalizátor</wf>
         <wf lemma="szelektivitása" pos="X">szelektivitása</wf>
         <wf lemma="tervezhető" pos="X">tervezhető</wf>
         <wf lemma="." pos="X">.</wf>
      </sentence>
      <sentence id="d000.s881" source="wordnet-hungarian">
         <wf lemma="Hívőknek" pos="X">Hívőknek</wf>
         <wf lemma="a" pos="X">a</wf>
         <wf lemma="hitük" pos="X">hitük</wf>
         <wf lemma="mélységes" pos="X">mélységes</wf>
         <wf lemma="erejét" pos="X">erejét</wf>
         <wf lemma="," pos="X">,</wf>
         <instance id="d000.s881.t000" lemma="hitetlen" pos="NOUN">hitetleneknek</instance>
         <wf lemma="a" pos="X">a</wf>
         <wf lemma="tudás" pos="X">tudás</wf>
         <wf lemma="ősi" pos="X">ősi</wf>
         <wf lemma="virágait" pos="X">virágait</wf>
         <wf lemma="nyújtom" pos="X">nyújtom</wf>
         <wf lemma="." pos="X">.</wf>
      </sentence>
      <sentence id="d000.s882" source="wordnet-hungarian">
         <wf lemma="A" pos="X">A</wf>
         <wf lemma="változó" pos="X">változó</wf>
         <wf lemma="környezethez" pos="X">környezethez</wf>
         <wf lemma="való" pos="X">való</wf>
         <instance id="d000.s882.t000" lemma="alkalmazkodás" pos="NOUN">alkalmazkodás</instance>
         <wf lemma="során" pos="X">során</wf>
         <wf lemma="a" pos="X">a</wf>
         <wf lemma="tapasztaltak" pos="X">tapasztaltak</wf>
         <wf lemma="hatására" pos="X">hatására</wf>
         <wf lemma="az" pos="X">az</wf>
         <wf lemma="öröklött" pos="X">öröklött</wf>
         <wf lemma="magatartásformák" pos="X">magatartásformák</wf>
         <wf lemma="mellett" pos="X">mellett</wf>
         <wf lemma="tanult" pos="X">tanult</wf>
         <wf lemma="magatartásformák" pos="X">magatartásformák</wf>
         <wf lemma="alakulnak" pos="X">alakulnak</wf>
         <wf lemma="ki" pos="X">ki</wf>
         <wf lemma="az" pos="X">az</wf>
         <wf lemma="állat" pos="X">állat</wf>
         <wf lemma="élete" pos="X">élete</wf>
         <wf lemma="során" pos="X">során</wf>
         <wf lemma="." pos="X">.</wf>
      </sentence>
      <sentence id="d000.s883" source="wordnet-hungarian">
         <wf lemma="A" pos="X">A</wf>
         <instance id="d000.s883.t000" lemma="héj" pos="NOUN">héja</instance>
         <wf lemma="a" pos="X">a</wf>
         <wf lemma="leskelődő" pos="X">leskelődő</wf>
         <wf lemma="vadász" pos="X">vadász</wf>
         <wf lemma="típusa" pos="X">típusa</wf>
         <wf lemma="," pos="X">,</wf>
         <wf lemma="amely" pos="X">amely</wf>
         <wf lemma="rejtekhelyéről" pos="X">rejtekhelyéről</wf>
         <wf lemma="hirtelen" pos="X">hirtelen</wf>
         <wf lemma="kitérve" pos="X">kitérve</wf>
         <wf lemma="támad" pos="X">támad</wf>
         <wf lemma="," pos="X">,</wf>
         <wf lemma="és" pos="X">és</wf>
         <wf lemma="lerohanja" pos="X">lerohanja</wf>
         <wf lemma="zsákmányát" pos="X">zsákmányát</wf>
         <wf lemma="." pos="X">.</wf>
      </sentence>
      <sentence id="d000.s884" source="wordnet-hungarian">
         <wf lemma="Mialatt" pos="X">Mialatt</wf>
         <wf lemma="szorgos" pos="X">szorgos</wf>
         <instance id="d000.s884.t000" lemma="takács" pos="NOUN">takácshoz</instance>
         <wf lemma="illően" pos="X">illően</wf>
         <wf lemma="szövögeti" pos="X">szövögeti</wf>
         <wf lemma="a" pos="X">a</wf>
         <wf lemma="szálakat" pos="X">szálakat</wf>
         <wf lemma="," pos="X">,</wf>
         <wf lemma="agyának" pos="X">agyának</wf>
         <wf lemma="valamely" pos="X">valamely</wf>
         <wf lemma="rejtett" pos="X">rejtett</wf>
         <wf lemma="zugában" pos="X">zugában</wf>
         <wf lemma="munka" pos="X">munka</wf>
         <wf lemma="folyik" pos="X">folyik</wf>
         <wf lemma="." pos="X">.</wf>
      </sentence>
      <sentence id="d000.s885" source="wordnet-hungarian">
         <wf lemma="A" pos="X">A</wf>
         <instance id="d000.s885.t000" lemma="párduc" pos="NOUN">párduc</instance>
         <wf lemma="vagy" pos="X">vagy</wf>
         <wf lemma="leopárd" pos="X">leopárd</wf>
         <wf lemma="nem" pos="X">nem</wf>
         <wf lemma="túl" pos="X">túl</wf>
         <wf lemma="gyakori" pos="X">gyakori</wf>
         <wf lemma="témája" pos="X">témája</wf>
         <wf lemma="a" pos="X">a</wf>
         <wf lemma="kínai" pos="X">kínai</wf>
         <wf lemma="piktúrának" pos="X">piktúrának</wf>
         <wf lemma="." pos="X">.</wf>
      </sentence>
      <sentence id="d000.s886" source="wordnet-hungarian">
         <wf lemma="A" pos="X">A</wf>
         <wf lemma="zászló" pos="X">zászló</wf>
         <wf lemma="mindig" pos="X">mindig</wf>
         <wf lemma="ott" pos="X">ott</wf>
         <instance id="d000.s886.t000" lemma="lóg" pos="VERB">lóg</instance>
         <wf lemma="az" pos="X">az</wf>
         <wf lemma="épület" pos="X">épület</wf>
         <wf lemma="falán" pos="X">falán</wf>
         <wf lemma="." pos="X">.</wf>
      </sentence>
      <sentence id="d000.s887" source="wordnet-hungarian">
         <instance id="d000.s887.t000" lemma="venezuelai" pos="NOUN">Venezuelaiak</instance>
         <wf lemma="tízezrei" pos="X">tízezrei</wf>
         <wf lemma="vonultak" pos="X">vonultak</wf>
         <wf lemma="fel" pos="X">fel</wf>
         <wf lemma="hétfő" pos="X">hétfő</wf>
         <wf lemma="este" pos="X">este</wf>
         <wf lemma="Caracasban" pos="X">Caracasban</wf>
         <wf lemma="követelve" pos="X">követelve</wf>
         <wf lemma="Hugo" pos="X">Hugo</wf>
         <wf lemma="Chávez" pos="X">Chávez</wf>
         <wf lemma="elnök" pos="X">elnök</wf>
         <wf lemma="lemondását" pos="X">lemondását</wf>
         <wf lemma="." pos="X">.</wf>
      </sentence>
      <sentence id="d000.s888" source="wordnet-hungarian">
         <wf lemma="A" pos="X">A</wf>
         <wf lemma="balesteben" pos="X">balesteben</wf>
         <wf lemma="a" pos="X">a</wf>
         <instance id="d000.s888.t000" lemma="hús" pos="NOUN">hús</instance>
         <wf lemma="teljesen" pos="X">teljesen</wf>
         <wf lemma="leégett" pos="X">leégett</wf>
         <wf lemma="a" pos="X">a</wf>
         <wf lemma="bal" pos="X">bal</wf>
         <wf lemma="karjáról" pos="X">karjáról</wf>
         <wf lemma="." pos="X">.</wf>
      </sentence>
      <sentence id="d000.s889" source="wordnet-hungarian">
         <wf lemma="A" pos="X">A</wf>
         <instance id="d000.s889.t000" lemma="torna" pos="NOUN">tornán</instance>
         <wf lemma="részt" pos="X">részt</wf>
         <wf lemma="vevő" pos="X">vevő</wf>
         <wf lemma="játékosoknak" pos="X">játékosoknak</wf>
         <wf lemma="nevezési" pos="X">nevezési</wf>
         <wf lemma="díjat" pos="X">díjat</wf>
         <wf lemma="kellett" pos="X">kellett</wf>
         <wf lemma="fizetniük" pos="X">fizetniük</wf>
         <wf lemma="." pos="X">.</wf>
      </sentence>
      <sentence id="d000.s890" source="wordnet-hungarian">
         <wf lemma="Régóta" pos="X">Régóta</wf>
         <wf lemma="részt" pos="X">részt</wf>
         <wf lemma="vesz" pos="X">vesz</wf>
         <wf lemma="az" pos="X">az</wf>
         <wf lemma="önkéntes" pos="X">önkéntes</wf>
         <instance id="d000.s890.t000" lemma="tűzoltóság" pos="NOUN">tűzoltóság</instance>
         <wf lemma="munkájában" pos="X">munkájában</wf>
         <wf lemma="." pos="X">.</wf>
      </sentence>
      <sentence id="d000.s891" source="wordnet-hungarian">
         <wf lemma="Egy" pos="X">Egy</wf>
         <wf lemma="nagyon" pos="X">nagyon</wf>
         <wf lemma="hosszú" pos="X">hosszú</wf>
         <instance id="d000.s891.t000" lemma="utca" pos="NOUN">utcának</instance>
         <wf lemma="a" pos="X">a</wf>
         <wf lemma="végén" pos="X">végén</wf>
         <wf lemma="lakom" pos="X">lakom</wf>
         <wf lemma="." pos="X">.</wf>
      </sentence>
      <sentence id="d000.s892" source="wordnet-hungarian">
         <wf lemma="A" pos="X">A</wf>
         <instance id="d000.s892.t000" lemma="hím" pos="NOUN">hím</instance>
         <wf lemma="megtermékenyítette" pos="X">megtermékenyítette</wf>
         <wf lemma="a" pos="X">a</wf>
         <wf lemma="nőstényt" pos="X">nőstényt</wf>
         <wf lemma="." pos="X">.</wf>
      </sentence>
      <sentence id="d000.s893" source="wordnet-hungarian">
         <wf lemma="Ezekkel" pos="X">Ezekkel</wf>
         <wf lemma="a" pos="X">a</wf>
         <wf lemma="kemikáliákkal" pos="X">kemikáliákkal</wf>
         <wf lemma="az" pos="X">az</wf>
         <wf lemma="egész" pos="X">egész</wf>
         <instance id="d000.s893.t000" lemma="vadvilág" pos="NOUN">vadvilágot</instance>
         <wf lemma="el" pos="X">el</wf>
         <wf lemma="lehet" pos="X">lehet</wf>
         <wf lemma="pusztítani" pos="X">pusztítani</wf>
         <wf lemma="." pos="X">.</wf>
      </sentence>
      <sentence id="d000.s894" source="wordnet-hungarian">
         <wf lemma="2003" pos="X">2003</wf>
         <wf lemma="nyarán" pos="X">nyarán</wf>
         <wf lemma="robbant" pos="X">robbant</wf>
         <wf lemma="ki" pos="X">ki</wf>
         <wf lemma="egy" pos="X">egy</wf>
         <wf lemma="szentségtelen" pos="X">szentségtelen</wf>
         <wf lemma="háború" pos="X">háború</wf>
         <wf lemma="az" pos="X">az</wf>
         <wf lemma="albánok" pos="X">albánok</wf>
         <wf lemma="és" pos="X">és</wf>
         <wf lemma="a" pos="X">a</wf>
         <instance id="d000.s894.t000" lemma="macedón" pos="NOUN">macedónok</instance>
         <wf lemma="között" pos="X">között</wf>
         <wf lemma="egy" pos="X">egy</wf>
         <wf lemma="boldoggá" pos="X">boldoggá</wf>
         <wf lemma="avatott" pos="X">avatott</wf>
         <wf lemma="nő" pos="X">nő</wf>
         <wf lemma="származása" pos="X">származása</wf>
         <wf lemma="körül" pos="X">körül</wf>
         <wf lemma="." pos="X">.</wf>
      </sentence>
      <sentence id="d000.s895" source="wordnet-hungarian">
         <wf lemma="Gulliver" pos="X">Gulliver</wf>
         <wf lemma="az" pos="X">az</wf>
         <instance id="d000.s895.t000" lemma="óriás" pos="NOUN">óriások</instance>
         <wf lemma="országában" pos="X">országában</wf>
         <wf lemma="." pos="X">.</wf>
      </sentence>
      <sentence id="d000.s896" source="wordnet-hungarian">
         <wf lemma="A" pos="X">A</wf>
         <wf lemma="bibliai" pos="X">bibliai</wf>
         <wf lemma="időkben" pos="X">időkben</wf>
         <wf lemma="a" pos="X">a</wf>
         <instance id="d000.s896.t000" lemma="szentjánoskenyérfa" pos="NOUN">szentjánoskenyérfa</instance>
         <wf lemma="nedvét" pos="X">nedvét</wf>
         <wf lemma="édesítésre" pos="X">édesítésre</wf>
         <wf lemma="használták" pos="X">használták</wf>
         <wf lemma="." pos="X">.</wf>
      </sentence>
      <sentence id="d000.s897" source="wordnet-hungarian">
         <wf lemma="Hajnalban" pos="X">Hajnalban</wf>
         <instance id="d000.s897.t000" lemma="kezd" pos="VERB">kezdtünk</instance>
         <wf lemma="dolgozni" pos="X">dolgozni</wf>
         <wf lemma="." pos="X">.</wf>
      </sentence>
      <sentence id="d000.s898" source="wordnet-hungarian">
         <wf lemma="Az" pos="X">Az</wf>
         <instance id="d000.s898.t000" lemma="adós" pos="NOUN">adósait</instance>
         <wf lemma="fizetésre" pos="X">fizetésre</wf>
         <wf lemma="kötelezte" pos="X">kötelezte</wf>
         <wf lemma="." pos="X">.</wf>
      </sentence>
      <sentence id="d000.s899" source="wordnet-hungarian">
         <wf lemma="Folytatódik" pos="X">Folytatódik</wf>
         <wf lemma="az" pos="X">az</wf>
         <wf lemma="szja" pos="X">szja</wf>
         <wf lemma="kedvezmények" pos="X">kedvezmények</wf>
         <wf lemma="rendszerének" pos="X">rendszerének</wf>
         <wf lemma="az" pos="X">az</wf>
         <instance id="d000.s899.t000" lemma="átalakítás" pos="NOUN">átalakítása</instance>
         <wf lemma="." pos="X">.</wf>
      </sentence>
      <sentence id="d000.s900" source="wordnet-hungarian">
         <wf lemma="A" pos="X">A</wf>
         <instance id="d000.s900.t000" lemma="politikus" pos="NOUN">politikusokban</instance>
         <wf lemma="manapság" pos="X">manapság</wf>
         <wf lemma="nem" pos="X">nem</wf>
         <wf lemma="sokan" pos="X">sokan</wf>
         <wf lemma="bíznak" pos="X">bíznak</wf>
         <wf lemma="." pos="X">.</wf>
      </sentence>
      <sentence id="d000.s901" source="wordnet-hungarian">
         <wf lemma="Üljünk" pos="X">Üljünk</wf>
         <wf lemma="le" pos="X">le</wf>
         <wf lemma="a" pos="X">a</wf>
         <instance id="d000.s901.t000" lemma="dívány" pos="NOUN">díványra</instance>
         <wf lemma="a" pos="X">a</wf>
         <wf lemma="nappaliban" pos="X">nappaliban</wf>
         <wf lemma="." pos="X">.</wf>
      </sentence>
      <sentence id="d000.s902" source="wordnet-hungarian">
         <wf lemma="A" pos="X">A</wf>
         <wf lemma="híd" pos="X">híd</wf>
         <wf lemma="építéséhez" pos="X">építéséhez</wf>
         <wf lemma="az" pos="X">az</wf>
         <wf lemma="anyagi" pos="X">anyagi</wf>
         <wf lemma="fedezetet" pos="X">fedezetet</wf>
         <wf lemma="a" pos="X">a</wf>
         <wf lemma="főváros" pos="X">főváros</wf>
         <instance id="d000.s902.t000" lemma="szolgáltat" pos="VERB">szolgáltatja</instance>
         <wf lemma="." pos="X">.</wf>
      </sentence>
      <sentence id="d000.s903" source="wordnet-hungarian">
         <wf lemma="Vágyai" pos="X">Vágyai</wf>
         <wf lemma="nagy" pos="X">nagy</wf>
         <instance id="d000.s903.t000" lemma="hatás" pos="NOUN">hatással</instance>
         <wf lemma="voltak" pos="X">voltak</wf>
         <wf lemma="gondolkozására" pos="X">gondolkozására</wf>
         <wf lemma="." pos="X">.</wf>
      </sentence>
      <sentence id="d000.s904" source="wordnet-hungarian">
         <instance id="d000.s904.t000" lemma="lát" pos="VERB">Láttad</instance>
         <wf lemma="már" pos="X">már</wf>
         <wf lemma="ezt" pos="X">ezt</wf>
         <wf lemma="a" pos="X">a</wf>
         <wf lemma="filmet" pos="X">filmet</wf>
         <wf lemma="?" pos="X">?</wf>
      </sentence>
      <sentence id="d000.s905" source="wordnet-hungarian">
         <wf lemma="Ezt" pos="X">Ezt</wf>
         <wf lemma="a" pos="X">a</wf>
         <wf lemma="sztorit" pos="X">sztorit</wf>
         <wf lemma="mindig" pos="X">mindig</wf>
         <instance id="d000.s905.t000" lemma="elmond" pos="VERB">elmondja</instance>
         <wf lemma="," pos="X">,</wf>
         <wf lemma="mikor" pos="X">mikor</wf>
         <wf lemma="találkozunk" pos="X">találkozunk</wf>
         <wf lemma="." pos="X">.</wf>
      </sentence>
      <sentence id="d000.s906" source="wordnet-hungarian">
         <wf lemma="Reggelre" pos="X">Reggelre</wf>
         <wf lemma="hatalmas" pos="X">hatalmas</wf>
         <instance id="d000.s906.t000" lemma="hó" pos="NOUN">hó</instance>
         <wf lemma="hullott" pos="X">hullott</wf>
         <wf lemma="." pos="X">.</wf>
      </sentence>
      <sentence id="d000.s907" source="wordnet-hungarian">
         <wf lemma="A" pos="X">A</wf>
         <instance id="d000.s907.t000" lemma="polarizáció" pos="NOUN">polarizáció</instance>
         <wf lemma="irányának" pos="X">irányának</wf>
         <wf lemma="változása" pos="X">változása</wf>
         <wf lemma="megfigyelhető" pos="X">megfigyelhető</wf>
         <wf lemma="a" pos="X">a</wf>
         <wf lemma="hullámhossz" pos="X">hullámhossz</wf>
         <wf lemma="függvényében" pos="X">függvényében</wf>
         <wf lemma="." pos="X">.</wf>
      </sentence>
      <sentence id="d000.s908" source="wordnet-hungarian">
         <wf lemma="Az" pos="X">Az</wf>
         <wf lemma="ebédet" pos="X">ebédet</wf>
         <wf lemma="a" pos="X">a</wf>
         <wf lemma="munkahely" pos="X">munkahely</wf>
         <instance id="d000.s908.t000" lemma="biztosít" pos="VERB">biztosítja</instance>
         <wf lemma="." pos="X">.</wf>
      </sentence>
      <sentence id="d000.s909" source="wordnet-hungarian">
         <wf lemma="Elég" pos="X">Elég</wf>
         <wf lemma="jelentős" pos="X">jelentős</wf>
         <instance id="d000.s909.t000" lemma="sci-fi" pos="NOUN">sci-fi</instance>
         <wf lemma="gyűjteménnyel" pos="X">gyűjteménnyel</wf>
         <wf lemma="rendelkezik" pos="X">rendelkezik</wf>
         <wf lemma="." pos="X">.</wf>
      </sentence>
      <sentence id="d000.s910" source="wordnet-hungarian">
         <wf lemma="A" pos="X">A</wf>
         <wf lemma="probléma" pos="X">probléma</wf>
         <wf lemma="a" pos="X">a</wf>
         <wf lemma="társadalmi" pos="X">társadalmi</wf>
         <wf lemma="egyenlőtlenségekben" pos="X">egyenlőtlenségekben</wf>
         <instance id="d000.s910.t000" lemma="áll" pos="VERB">áll</instance>
         <wf lemma="." pos="X">.</wf>
      </sentence>
      <sentence id="d000.s911" source="wordnet-hungarian">
         <wf lemma="A" pos="X">A</wf>
         <instance id="d000.s911.t000" lemma="föld" pos="NOUN">földjükön</instance>
         <wf lemma="idén" pos="X">idén</wf>
         <wf lemma="kukoricát" pos="X">kukoricát</wf>
         <wf lemma="termesztenek" pos="X">termesztenek</wf>
         <wf lemma="." pos="X">.</wf>
      </sentence>
      <sentence id="d000.s912" source="wordnet-hungarian">
         <wf lemma="Az" pos="X">Az</wf>
         <wf lemma="unokaöcsém" pos="X">unokaöcsém</wf>
         <instance id="d000.s912.t000" lemma="fordít" pos="VERB">fordít</instance>
         <wf lemma="az" pos="X">az</wf>
         <wf lemma="ausztrál" pos="X">ausztrál</wf>
         <wf lemma="rokonainknak" pos="X">rokonainknak</wf>
         <wf lemma="." pos="X">.</wf>
      </sentence>
      <sentence id="d000.s913" source="wordnet-hungarian">
         <wf lemma="Az" pos="X">Az</wf>
         <wf lemma="öcsém" pos="X">öcsém</wf>
         <wf lemma="nagy" pos="X">nagy</wf>
         <instance id="d000.s913.t000" lemma="kártyás" pos="NOUN">kártyás</instance>
         <wf lemma="," pos="X">,</wf>
         <wf lemma="de" pos="X">de</wf>
         <wf lemma="pénzben" pos="X">pénzben</wf>
         <wf lemma="nem" pos="X">nem</wf>
         <wf lemma="játszik" pos="X">játszik</wf>
         <wf lemma="." pos="X">.</wf>
      </sentence>
      <sentence id="d000.s914" source="wordnet-hungarian">
         <wf lemma="A" pos="X">A</wf>
         <wf lemma="lovak" pos="X">lovak</wf>
         <wf lemma="alszanak" pos="X">alszanak</wf>
         <wf lemma="az" pos="X">az</wf>
         <instance id="d000.s914.t000" lemma="istálló" pos="NOUN">istállóban</instance>
         <wf lemma="." pos="X">.</wf>
      </sentence>
      <sentence id="d000.s915" source="wordnet-hungarian">
         <wf lemma="Egy" pos="X">Egy</wf>
         <instance id="d000.s915.t000" lemma="halom" pos="NOUN">halom</instance>
         <wf lemma="kő" pos="X">kő</wf>
         <wf lemma="mögé" pos="X">mögé</wf>
         <wf lemma="rejtőztek" pos="X">rejtőztek</wf>
         <wf lemma="el" pos="X">el</wf>
         <wf lemma="." pos="X">.</wf>
      </sentence>
      <sentence id="d000.s916" source="wordnet-hungarian">
         <wf lemma="Apa" pos="X">Apa</wf>
         <wf lemma="pofont" pos="X">pofont</wf>
         <instance id="d000.s916.t000" lemma="ad" pos="VERB">adott</instance>
         <wf lemma="az" pos="X">az</wf>
         <wf lemma="engedetlen" pos="X">engedetlen</wf>
         <wf lemma="gyereknek" pos="X">gyereknek</wf>
         <wf lemma="." pos="X">.</wf>
      </sentence>
      <sentence id="d000.s917" source="wordnet-hungarian">
         <wf lemma="A" pos="X">A</wf>
         <instance id="d000.s917.t000" lemma="gyaloglás" pos="NOUN">gyaloglás</instance>
         <wf lemma="a" pos="X">a</wf>
         <wf lemma="testedzés" pos="X">testedzés</wf>
         <wf lemma="egy" pos="X">egy</wf>
         <wf lemma="egészséges" pos="X">egészséges</wf>
         <wf lemma="formája" pos="X">formája</wf>
         <wf lemma="." pos="X">.</wf>
      </sentence>
      <sentence id="d000.s918" source="wordnet-hungarian">
         <wf lemma="A" pos="X">A</wf>
         <wf lemma="gyerekek" pos="X">gyerekek</wf>
         <wf lemma="fogócskát" pos="X">fogócskát</wf>
         <instance id="d000.s918.t000" lemma="játszik" pos="VERB">játszottak</instance>
         <wf lemma="a" pos="X">a</wf>
         <wf lemma="kertben" pos="X">kertben</wf>
         <wf lemma="." pos="X">.</wf>
      </sentence>
      <sentence id="d000.s919" source="wordnet-hungarian">
         <wf lemma="Az" pos="X">Az</wf>
         <wf lemma="egyik" pos="X">egyik</wf>
         <wf lemma="kedves" pos="X">kedves</wf>
         <wf lemma="időtöltése" pos="X">időtöltése</wf>
         <wf lemma="az" pos="X">az</wf>
         <instance id="d000.s919.t000" lemma="olvasás" pos="NOUN">olvasás</instance>
         <wf lemma="." pos="X">.</wf>
      </sentence>
      <sentence id="d000.s920" source="wordnet-hungarian">
         <wf lemma="Változik" pos="X">Változik</wf>
         <wf lemma="a" pos="X">a</wf>
         <wf lemma="szél" pos="X">szél</wf>
         <instance id="d000.s920.t000" lemma="irány" pos="NOUN">iránya</instance>
         <wf lemma="." pos="X">.</wf>
      </sentence>
      <sentence id="d000.s921" source="wordnet-hungarian">
         <wf lemma="Mélyen" pos="X">Mélyen</wf>
         <wf lemma="elmerült" pos="X">elmerült</wf>
         <wf lemma="az" pos="X">az</wf>
         <instance id="d000.s921.t000" lemma="imádság" pos="NOUN">imádságban</instance>
         <wf lemma="." pos="X">.</wf>
      </sentence>
      <sentence id="d000.s922" source="wordnet-hungarian">
         <wf lemma="Mindenkinek" pos="X">Mindenkinek</wf>
         <wf lemma="vágott" pos="X">vágott</wf>
         <wf lemma="egy" pos="X">egy</wf>
         <instance id="d000.s922.t000" lemma="szelet" pos="NOUN">szeletet</instance>
         <wf lemma="a" pos="X">a</wf>
         <wf lemma="kenyérből" pos="X">kenyérből</wf>
         <wf lemma="." pos="X">.</wf>
      </sentence>
      <sentence id="d000.s923" source="wordnet-hungarian">
         <wf lemma="A" pos="X">A</wf>
         <instance id="d000.s923.t000" lemma="színpad" pos="NOUN">színpad</instance>
         <wf lemma="volt" pos="X">volt</wf>
         <wf lemma="az" pos="X">az</wf>
         <wf lemma="élete" pos="X">élete</wf>
         <wf lemma="." pos="X">.</wf>
      </sentence>
      <sentence id="d000.s924" source="wordnet-hungarian">
         <wf lemma="Nála" pos="X">Nála</wf>
         <instance id="d000.s924.t000" lemma="rábeszélés" pos="NOUN">rábeszéléssel</instance>
         <wf lemma="nem" pos="X">nem</wf>
         <wf lemma="mész" pos="X">mész</wf>
         <wf lemma="semmire" pos="X">semmire</wf>
         <wf lemma="." pos="X">.</wf>
      </sentence>
      <sentence id="d000.s925" source="wordnet-hungarian">
         <wf lemma="Lapunk" pos="X">Lapunk</wf>
         <wf lemma="a" pos="X">a</wf>
         <instance id="d000.s925.t000" lemma="fosztogatás" pos="NOUN">fosztogatás</instance>
         <wf lemma="áldozatául" pos="X">áldozatául</wf>
         <wf lemma="esett" pos="X">esett</wf>
         <wf lemma="kézművesekkel" pos="X">kézművesekkel</wf>
         <wf lemma="szeretett" pos="X">szeretett</wf>
         <wf lemma="volna" pos="X">volna</wf>
         <wf lemma="riportot" pos="X">riportot</wf>
         <wf lemma="készíteni" pos="X">készíteni</wf>
         <wf lemma="." pos="X">.</wf>
      </sentence>
      <sentence id="d000.s926" source="wordnet-hungarian">
         <wf lemma="A" pos="X">A</wf>
         <instance id="d000.s926.t000" lemma="pubertás" pos="NOUN">pubertás</instance>
         <wf lemma="alatt" pos="X">alatt</wf>
         <wf lemma="az" pos="X">az</wf>
         <wf lemma="egész" pos="X">egész</wf>
         <wf lemma="test" pos="X">test</wf>
         <wf lemma="átalakul" pos="X">átalakul</wf>
         <wf lemma="." pos="X">.</wf>
      </sentence>
      <sentence id="d000.s927" source="wordnet-hungarian">
         <wf lemma="A" pos="X">A</wf>
         <wf lemma="diákcsemegében" pos="X">diákcsemegében</wf>
         <instance id="d000.s927.t000" lemma="mazsola" pos="NOUN">mazsolát</instance>
         <wf lemma="kevernek" pos="X">kevernek</wf>
         <wf lemma="össze" pos="X">össze</wf>
         <wf lemma="földimogyoróval" pos="X">földimogyoróval</wf>
         <wf lemma="." pos="X">.</wf>
      </sentence>
      <sentence id="d000.s928" source="wordnet-hungarian">
         <wf lemma="A" pos="X">A</wf>
         <wf lemma="különböző" pos="X">különböző</wf>
         <wf lemma="felekezeteknek" pos="X">felekezeteknek</wf>
         <wf lemma="ugyanazt" pos="X">ugyanazt</wf>
         <wf lemma="az" pos="X">az</wf>
         <instance id="d000.s928.t000" lemma="isten" pos="NOUN">Istent</instance>
         <wf lemma="követik" pos="X">követik</wf>
         <wf lemma="." pos="X">.</wf>
      </sentence>
      <sentence id="d000.s929" source="wordnet-hungarian">
         <wf lemma="A" pos="X">A</wf>
         <instance id="d000.s929.t000" lemma="figyelem" pos="NOUN">figyelem</instance>
         <wf lemma="fontos" pos="X">fontos</wf>
         <wf lemma="eleme" pos="X">eleme</wf>
         <wf lemma="a" pos="X">a</wf>
         <wf lemma="gyors" pos="X">gyors</wf>
         <wf lemma="," pos="X">,</wf>
         <wf lemma="pontos" pos="X">pontos</wf>
         <wf lemma="tanulásnak" pos="X">tanulásnak</wf>
         <wf lemma="." pos="X">.</wf>
      </sentence>
      <sentence id="d000.s930" source="wordnet-hungarian">
         <wf lemma="Minden" pos="X">Minden</wf>
         <instance id="d000.s930.t000" lemma="érdeklődés" pos="NOUN">érdeklődésem</instance>
         <wf lemma="ellenére" pos="X">ellenére</wf>
         <wf lemma="sem" pos="X">sem</wf>
         <wf lemma="sikerült" pos="X">sikerült</wf>
         <wf lemma="megtudnom" pos="X">megtudnom</wf>
         <wf lemma="a" pos="X">a</wf>
         <wf lemma="címét" pos="X">címét</wf>
         <wf lemma="." pos="X">.</wf>
      </sentence>
      <sentence id="d000.s931" source="wordnet-hungarian">
         <wf lemma="A" pos="X">A</wf>
         <instance id="d000.s931.t000" lemma="felvonulás" pos="NOUN">felvonulást</instance>
         <wf lemma="a" pos="X">a</wf>
         <wf lemma="párt" pos="X">párt</wf>
         <wf lemma="központi" pos="X">központi</wf>
         <wf lemma="bizottsága" pos="X">bizottsága</wf>
         <wf lemma="betiltotta" pos="X">betiltotta</wf>
         <wf lemma="." pos="X">.</wf>
      </sentence>
      <sentence id="d000.s932" source="wordnet-hungarian">
         <wf lemma="Zimbabwében" pos="X">Zimbabwében</wf>
         <wf lemma="szombaton" pos="X">szombaton</wf>
         <wf lemma="hivatalosan" pos="X">hivatalosan</wf>
         <wf lemma="megkezdődött" pos="X">megkezdődött</wf>
         <wf lemma="a" pos="X">a</wf>
         <wf lemma="fehér" pos="X">fehér</wf>
         <wf lemma="birtokosok" pos="X">birtokosok</wf>
         <wf lemma="földjeinek" pos="X">földjeinek</wf>
         <instance id="d000.s932.t000" lemma="kisajátítás" pos="NOUN">kisajátítása</instance>
         <wf lemma="." pos="X">.</wf>
      </sentence>
      <sentence id="d000.s933" source="wordnet-hungarian">
         <wf lemma="Finnország" pos="X">Finnország</wf>
         <wf lemma="nagy" pos="X">nagy</wf>
         <wf lemma="részén" pos="X">részén</wf>
         <wf lemma="a" pos="X">a</wf>
         <wf lemma="tajga" pos="X">tajga</wf>
         <instance id="d000.s933.t000" lemma="növényzet" pos="NOUN">növényzet</instance>
         <wf lemma="az" pos="X">az</wf>
         <wf lemma="uralkodó" pos="X">uralkodó</wf>
         <wf lemma="." pos="X">.</wf>
      </sentence>
      <sentence id="d000.s934" source="wordnet-hungarian">
         <instance id="d000.s934.t000" lemma="összekever" pos="VERB">Összekevertem</instance>
         <wf lemma="a" pos="X">a</wf>
         <wf lemma="lapokat" pos="X">lapokat</wf>
         <wf lemma="," pos="X">,</wf>
         <wf lemma="hogy" pos="X">hogy</wf>
         <wf lemma="Pisti" pos="X">Pisti</wf>
         <wf lemma="ne" pos="X">ne</wf>
         <wf lemma="igazodjon" pos="X">igazodjon</wf>
         <wf lemma="ki" pos="X">ki</wf>
         <wf lemma="rajtuk" pos="X">rajtuk</wf>
         <wf lemma="." pos="X">.</wf>
      </sentence>
      <sentence id="d000.s935" source="wordnet-hungarian">
         <wf lemma="A" pos="X">A</wf>
         <instance id="d000.s935.t000" lemma="fodrász" pos="NOUN">fodrász</instance>
         <wf lemma="modern" pos="X">modern</wf>
         <wf lemma="vágási" pos="X">vágási</wf>
         <wf lemma="technikákkal" pos="X">technikákkal</wf>
         <wf lemma="dolgozik" pos="X">dolgozik</wf>
         <wf lemma="." pos="X">.</wf>
      </sentence>
      <sentence id="d000.s936" source="wordnet-hungarian">
         <wf lemma="A" pos="X">A</wf>
         <instance id="d000.s936.t000" lemma="hazaszeretet" pos="NOUN">hazaszeretetnek</instance>
         <wf lemma="számtalan" pos="X">számtalan</wf>
         <wf lemma="megnyilvánulását" pos="X">megnyilvánulását</wf>
         <wf lemma="mutatta" pos="X">mutatta</wf>
         <wf lemma="." pos="X">.</wf>
      </sentence>
      <sentence id="d000.s937" source="wordnet-hungarian">
         <instance id="d000.s937.t000" lemma="kivétel" pos="NOUN">Kivétel</instance>
         <wf lemma="erősíti" pos="X">erősíti</wf>
         <wf lemma="a" pos="X">a</wf>
         <wf lemma="szabályt" pos="X">szabályt</wf>
         <wf lemma="." pos="X">.</wf>
      </sentence>
      <sentence id="d000.s938" source="wordnet-hungarian">
         <wf lemma="A" pos="X">A</wf>
         <wf lemma="szülői" pos="X">szülői</wf>
         <instance id="d000.s938.t000" lemma="engedékenység" pos="NOUN">engedékenység</instance>
         <wf lemma="elkényezteti" pos="X">elkényezteti</wf>
         <wf lemma="a" pos="X">a</wf>
         <wf lemma="gyerekeket" pos="X">gyerekeket</wf>
         <wf lemma="." pos="X">.</wf>
      </sentence>
      <sentence id="d000.s939" source="wordnet-hungarian">
         <wf lemma="Az" pos="X">Az</wf>
         <instance id="d000.s939.t000" lemma="arab" pos="NOUN">arab</instance>
         <wf lemma="nyelv" pos="X">nyelv</wf>
         <wf lemma="napjainkban" pos="X">napjainkban</wf>
         <wf lemma="számtalan" pos="X">számtalan</wf>
         <wf lemma="dialektusában" pos="X">dialektusában</wf>
         <wf lemma="él" pos="X">él</wf>
         <wf lemma="," pos="X">,</wf>
         <wf lemma="amelyek" pos="X">amelyek</wf>
         <wf lemma="felett" pos="X">felett</wf>
         <wf lemma="ott" pos="X">ott</wf>
         <wf lemma="áll" pos="X">áll</wf>
         <wf lemma="a" pos="X">a</wf>
         <wf lemma="fuszha" pos="X">fuszha</wf>
         <wf lemma="," pos="X">,</wf>
         <wf lemma="az" pos="X">az</wf>
         <wf lemma="irodalmi" pos="X">irodalmi</wf>
         <wf lemma="nyelv" pos="X">nyelv</wf>
         <wf lemma="," pos="X">,</wf>
         <wf lemma="amelyet" pos="X">amelyet</wf>
         <wf lemma="mindenki" pos="X">mindenki</wf>
         <wf lemma="megért" pos="X">megért</wf>
         <wf lemma="." pos="X">.</wf>
      </sentence>
      <sentence id="d000.s940" source="wordnet-hungarian">
         <wf lemma="A" pos="X">A</wf>
         <instance id="d000.s940.t000" lemma="tagság" pos="NOUN">tagság</instance>
         <wf lemma="nyitott" pos="X">nyitott</wf>
         <wf lemma="más" pos="X">más</wf>
         <wf lemma="tagsági-rendszerű" pos="X">tagsági-rendszerű</wf>
         <wf lemma="szervezetek" pos="X">szervezetek</wf>
         <wf lemma="felé" pos="X">felé</wf>
         <wf lemma="is" pos="X">is</wf>
         <wf lemma="." pos="X">.</wf>
      </sentence>
      <sentence id="d000.s941" source="wordnet-hungarian">
         <wf lemma="A" pos="X">A</wf>
         <wf lemma="leopárd" pos="X">leopárd</wf>
         <wf lemma="és" pos="X">és</wf>
         <wf lemma="a" pos="X">a</wf>
         <wf lemma="párdus" pos="X">párdus</wf>
         <instance id="d000.s941.t000" lemma="folt" pos="NOUN">foltjai</instance>
         <wf lemma="csak" pos="X">csak</wf>
         <wf lemma="kis" pos="X">kis</wf>
         <wf lemma="mértékben" pos="X">mértékben</wf>
         <wf lemma="különböznek" pos="X">különböznek</wf>
         <wf lemma="." pos="X">.</wf>
      </sentence>
      <sentence id="d000.s942" source="wordnet-hungarian">
         <wf lemma="A" pos="X">A</wf>
         <wf lemma="vasalás" pos="X">vasalás</wf>
         <wf lemma="kisimította" pos="X">kisimította</wf>
         <wf lemma="a" pos="X">a</wf>
         <wf lemma="ruhán" pos="X">ruhán</wf>
         <wf lemma="a" pos="X">a</wf>
         <instance id="d000.s942.t000" lemma="ránc" pos="NOUN">ráncokat</instance>
         <wf lemma="." pos="X">.</wf>
      </sentence>
      <sentence id="d000.s943" source="wordnet-hungarian">
         <wf lemma="Túllépték" pos="X">Túllépték</wf>
         <wf lemma="a" pos="X">a</wf>
         <instance id="d000.s943.t000" lemma="költségvetés" pos="NOUN">költségvetést</instance>
         <wf lemma="." pos="X">.</wf>
      </sentence>
      <sentence id="d000.s944" source="wordnet-hungarian">
         <wf lemma="Ha" pos="X">Ha</wf>
         <wf lemma="az" pos="X">az</wf>
         <wf lemma="őrláng" pos="X">őrláng</wf>
         <wf lemma="kialszik" pos="X">kialszik</wf>
         <wf lemma="," pos="X">,</wf>
         <wf lemma="újra" pos="X">újra</wf>
         <wf lemma="be" pos="X">be</wf>
         <wf lemma="kell" pos="X">kell</wf>
         <wf lemma="gyújtani" pos="X">gyújtani</wf>
         <wf lemma="a" pos="X">a</wf>
         <instance id="d000.s944.t000" lemma="bojler" pos="NOUN">bojlert</instance>
         <wf lemma="." pos="X">.</wf>
      </sentence>
      <sentence id="d000.s945" source="wordnet-hungarian">
         <wf lemma="A" pos="X">A</wf>
         <instance id="d000.s945.t000" lemma="pápa" pos="NOUN">pápa</instance>
         <wf lemma="boldoggá" pos="X">boldoggá</wf>
         <wf lemma="avatása" pos="X">avatása</wf>
         <wf lemma="halála" pos="X">halála</wf>
         <wf lemma="után" pos="X">után</wf>
         <wf lemma="rögtön" pos="X">rögtön</wf>
         <wf lemma="megkezdődött" pos="X">megkezdődött</wf>
         <wf lemma="." pos="X">.</wf>
      </sentence>
      <sentence id="d000.s946" source="wordnet-hungarian">
         <wf lemma="Egy" pos="X">Egy</wf>
         <wf lemma="üzletasszonynak" pos="X">üzletasszonynak</wf>
         <wf lemma="még" pos="X">még</wf>
         <wf lemma="a" pos="X">a</wf>
         <wf lemma="legnagyobb" pos="X">legnagyobb</wf>
         <wf lemma="melegben" pos="X">melegben</wf>
         <wf lemma="is" pos="X">is</wf>
         <instance id="d000.s946.t000" lemma="harisnya" pos="NOUN">harisnyát</instance>
         <wf lemma="kell" pos="X">kell</wf>
         <wf lemma="viselnie" pos="X">viselnie</wf>
         <wf lemma="." pos="X">.</wf>
      </sentence>
      <sentence id="d000.s947" source="wordnet-hungarian">
         <wf lemma="Az" pos="X">Az</wf>
         <wf lemma="utolsó" pos="X">utolsó</wf>
         <wf lemma="nagy" pos="X">nagy</wf>
         <wf lemma="spanyol-ellenes" pos="X">spanyol-ellenes</wf>
         <wf lemma="indián" pos="X">indián</wf>
         <wf lemma="felkelést" pos="X">felkelést</wf>
         <wf lemma="kezdetben" pos="X">kezdetben</wf>
         <wf lemma="a" pos="X">a</wf>
         <instance id="d000.s947.t000" lemma="kreol" pos="NOUN">kreolok</instance>
         <wf lemma="," pos="X">,</wf>
         <wf lemma="a" pos="X">a</wf>
         <wf lemma="dél-amerikai" pos="X">dél-amerikai</wf>
         <wf lemma="születésű" pos="X">születésű</wf>
         <wf lemma="spanyolok" pos="X">spanyolok</wf>
         <wf lemma="egy" pos="X">egy</wf>
         <wf lemma="része" pos="X">része</wf>
         <wf lemma="is" pos="X">is</wf>
         <wf lemma="támogatta" pos="X">támogatta</wf>
         <wf lemma="." pos="X">.</wf>
      </sentence>
      <sentence id="d000.s948" source="wordnet-hungarian">
         <wf lemma="A" pos="X">A</wf>
         <instance id="d000.s948.t000" lemma="prostituált" pos="NOUN">prostituáltak</instance>
         <wf lemma="lassanként" pos="X">lassanként</wf>
         <wf lemma="ismét" pos="X">ismét</wf>
         <wf lemma="visszatérnek" pos="X">visszatérnek</wf>
         <wf lemma="a" pos="X">a</wf>
         <wf lemma="VIII." pos="X">VIII.</wf>
         <wf lemma="kerület" pos="X">kerület</wf>
         <wf lemma="forgalmasabb" pos="X">forgalmasabb</wf>
         <wf lemma="utcáira" pos="X">utcáira</wf>
         <wf lemma="." pos="X">.</wf>
      </sentence>
      <sentence id="d000.s949" source="wordnet-hungarian">
         <wf lemma="Hallani" pos="X">Hallani</wf>
         <wf lemma="lehetett" pos="X">lehetett</wf>
         <wf lemma="a" pos="X">a</wf>
         <instance id="d000.s949.t000" lemma="csótány" pos="NOUN">csótányok</instance>
         <wf lemma="kaparászását" pos="X">kaparászását</wf>
         <wf lemma="a" pos="X">a</wf>
         <wf lemma="konyhából" pos="X">konyhából</wf>
         <wf lemma="." pos="X">.</wf>
      </sentence>
      <sentence id="d000.s950" source="wordnet-hungarian">
         <wf lemma="A" pos="X">A</wf>
         <wf lemma="Habsburg" pos="X">Habsburg</wf>
         <wf lemma="Birodalom" pos="X">Birodalom</wf>
         <wf lemma="életébe" pos="X">életébe</wf>
         <wf lemma="a" pos="X">a</wf>
         <instance id="d000.s950.t000" lemma="nagyhatalom" pos="NOUN">nagyhatalmak</instance>
         <wf lemma="kétszer" pos="X">kétszer</wf>
         <wf lemma="avatkoztak" pos="X">avatkoztak</wf>
         <wf lemma="be" pos="X">be</wf>
         <wf lemma="döntő" pos="X">döntő</wf>
         <wf lemma="módon" pos="X">módon</wf>
         <wf lemma="." pos="X">.</wf>
      </sentence>
      <sentence id="d000.s951" source="wordnet-hungarian">
         <wf lemma="Télen" pos="X">Télen</wf>
         <instance id="d000.s951.t000" lemma="csizma" pos="NOUN">csizmát</instance>
         <wf lemma="húzott" pos="X">húzott</wf>
         <wf lemma="." pos="X">.</wf>
      </sentence>
      <sentence id="d000.s952" source="wordnet-hungarian">
         <wf lemma="Kezdetben" pos="X">Kezdetben</wf>
         <wf lemma="a" pos="X">a</wf>
         <wf lemma="bankokat" pos="X">bankokat</wf>
         <wf lemma="és" pos="X">és</wf>
         <wf lemma="a" pos="X">a</wf>
         <instance id="d000.s952.t000" lemma="bankár" pos="NOUN">bankárokat</instance>
         <wf lemma="tartották" pos="X">tartották</wf>
         <wf lemma="a" pos="X">a</wf>
         <wf lemma="vállalatok" pos="X">vállalatok</wf>
         <wf lemma="feletti" pos="X">feletti</wf>
         <wf lemma="hatalom" pos="X">hatalom</wf>
         <wf lemma="gyakorlójának" pos="X">gyakorlójának</wf>
         <wf lemma="." pos="X">.</wf>
      </sentence>
      <sentence id="d000.s953" source="wordnet-hungarian">
         <wf lemma="A" pos="X">A</wf>
         <wf lemma="verset" pos="X">verset</wf>
         <wf lemma="elolvasva" pos="X">elolvasva</wf>
         <wf lemma="magába" pos="X">magába</wf>
         <wf lemma="kerítette" pos="X">kerítette</wf>
         <wf lemma="a" pos="X">a</wf>
         <instance id="d000.s953.t000" lemma="melankólia" pos="NOUN">melankólia</instance>
         <wf lemma="érzése" pos="X">érzése</wf>
         <wf lemma="." pos="X">.</wf>
      </sentence>
      <sentence id="d000.s954" source="wordnet-hungarian">
         <instance id="d000.s954.t000" lemma="feltölt" pos="VERB">Feltöltötted</instance>
         <wf lemma="az" pos="X">az</wf>
         <wf lemma="akkumulátort" pos="X">akkumulátort</wf>
         <wf lemma="?" pos="X">?</wf>
      </sentence>
      <sentence id="d000.s955" source="wordnet-hungarian">
         <wf lemma="Van" pos="X">Van</wf>
         <wf lemma="már" pos="X">már</wf>
         <instance id="d000.s955.t000" lemma="becslés" pos="NOUN">becslésed</instance>
         <wf lemma="arra" pos="X">arra</wf>
         <wf lemma="vonatkozólag" pos="X">vonatkozólag</wf>
         <wf lemma="," pos="X">,</wf>
         <wf lemma="hogy" pos="X">hogy</wf>
         <wf lemma="mennyibe" pos="X">mennyibe</wf>
         <wf lemma="is" pos="X">is</wf>
         <wf lemma="fog" pos="X">fog</wf>
         <wf lemma="kerülni" pos="X">kerülni</wf>
         <wf lemma="ez" pos="X">ez</wf>
         <wf lemma="nekünk" pos="X">nekünk</wf>
         <wf lemma="?" pos="X">?</wf>
      </sentence>
      <sentence id="d000.s956" source="wordnet-hungarian">
         <wf lemma="A" pos="X">A</wf>
         <wf lemma="Gazprom" pos="X">Gazprom</wf>
         <wf lemma="négyszeresére" pos="X">négyszeresére</wf>
         <wf lemma="emelte" pos="X">emelte</wf>
         <wf lemma="a" pos="X">a</wf>
         <instance id="d000.s956.t000" lemma="fehérorosz" pos="NOUN">fehéroroszoknak</instance>
         <wf lemma="a" pos="X">a</wf>
         <wf lemma="gáz" pos="X">gáz</wf>
         <wf lemma="árát" pos="X">árát</wf>
         <wf lemma="." pos="X">.</wf>
      </sentence>
      <sentence id="d000.s957" source="wordnet-hungarian">
         <wf lemma="A" pos="X">A</wf>
         <instance id="d000.s957.t000" lemma="levéllemez" pos="NOUN">levéllemezt</instance>
         <wf lemma="megrágta" pos="X">megrágta</wf>
         <wf lemma="egy" pos="X">egy</wf>
         <wf lemma="hernyó" pos="X">hernyó</wf>
         <wf lemma="." pos="X">.</wf>
      </sentence>
      <sentence id="d000.s958" source="wordnet-hungarian">
         <wf lemma="Az" pos="X">Az</wf>
         <instance id="d000.s958.t000" lemma="ár" pos="NOUN">ár</instance>
         <wf lemma="terület" pos="X">terület</wf>
         <wf lemma="mérésére" pos="X">mérésére</wf>
         <wf lemma="szolgáló" pos="X">szolgáló</wf>
         <wf lemma="mértékegység" pos="X">mértékegység</wf>
         <wf lemma="." pos="X">.</wf>
      </sentence>
      <sentence id="d000.s959" source="wordnet-hungarian">
         <wf lemma="A" pos="X">A</wf>
         <instance id="d000.s959.t000" lemma="metszet" pos="NOUN">metszeten</instance>
         <wf lemma="szépen" pos="X">szépen</wf>
         <wf lemma="látszik" pos="X">látszik</wf>
         <wf lemma="a" pos="X">a</wf>
         <wf lemma="sérült" pos="X">sérült</wf>
         <wf lemma="szövet" pos="X">szövet</wf>
         <wf lemma="." pos="X">.</wf>
      </sentence>
      <sentence id="d000.s960" source="wordnet-hungarian">
         <wf lemma="Visszaállították" pos="X">Visszaállították</wf>
         <wf lemma="a" pos="X">a</wf>
         <wf lemma="többpártrendszert" pos="X">többpártrendszert</wf>
         <wf lemma="," pos="X">,</wf>
         <wf lemma="s" pos="X">s</wf>
         <wf lemma="Magyarország" pos="X">Magyarország</wf>
         <wf lemma="kilépett" pos="X">kilépett</wf>
         <wf lemma="a" pos="X">a</wf>
         <wf lemma="keleti" pos="X">keleti</wf>
         <instance id="d000.s960.t000" lemma="tömb" pos="NOUN">tömb</instance>
         <wf lemma="katonai" pos="X">katonai</wf>
         <wf lemma="szövetségéből" pos="X">szövetségéből</wf>
         <wf lemma="." pos="X">.</wf>
      </sentence>
      <sentence id="d000.s961" source="wordnet-hungarian">
         <wf lemma="Több" pos="X">Több</wf>
         <wf lemma="kísérlet" pos="X">kísérlet</wf>
         <wf lemma="után" pos="X">után</wf>
         <wf lemma="sikerült" pos="X">sikerült</wf>
         <wf lemma="kikevernie" pos="X">kikevernie</wf>
         <wf lemma="a" pos="X">a</wf>
         <wf lemma="megfelelő" pos="X">megfelelő</wf>
         <instance id="d000.s961.t000" lemma="árnyalat" pos="NOUN">árnyalatot</instance>
         <wf lemma="." pos="X">.</wf>
      </sentence>
      <sentence id="d000.s962" source="wordnet-hungarian">
         <wf lemma="Ne" pos="X">Ne</wf>
         <instance id="d000.s962.t000" lemma="harcol" pos="VERB">harcolj</instance>
         <wf lemma="az" pos="X">az</wf>
         <wf lemma="elkerülhetetlen" pos="X">elkerülhetetlen</wf>
         <wf lemma="ellen" pos="X">ellen</wf>
         <wf lemma="!" pos="X">!</wf>
      </sentence>
      <sentence id="d000.s963" source="wordnet-hungarian">
         <wf lemma="Itt" pos="X">Itt</wf>
         <wf lemma="születtem" pos="X">születtem</wf>
         <wf lemma="én" pos="X">én</wf>
         <wf lemma="ezen" pos="X">ezen</wf>
         <wf lemma="a" pos="X">a</wf>
         <instance id="d000.s963.t000" lemma="táj" pos="NOUN">tájon</instance>
         <wf lemma="," pos="X">,</wf>
         <wf lemma="Az" pos="X">Az</wf>
         <wf lemma="alföldi" pos="X">alföldi</wf>
         <wf lemma="szép" pos="X">szép</wf>
         <wf lemma="nagy" pos="X">nagy</wf>
         <wf lemma="rónaságon" pos="X">rónaságon</wf>
         <wf lemma="." pos="X">.</wf>
      </sentence>
      <sentence id="d000.s964" source="wordnet-hungarian">
         <wf lemma="A" pos="X">A</wf>
         <wf lemma="harmadik" pos="X">harmadik</wf>
         <wf lemma="országokba" pos="X">országokba</wf>
         <wf lemma="irányuló" pos="X">irányuló</wf>
         <wf lemma="kivitel" pos="X">kivitel</wf>
         <wf lemma="mennyisége" pos="X">mennyisége</wf>
         <wf lemma="lényegében" pos="X">lényegében</wf>
         <wf lemma="az" pos="X">az</wf>
         <wf lemma="1996/97-es" pos="X">1996/97-es</wf>
         <wf lemma="borpiaci" pos="X">borpiaci</wf>
         <wf lemma="év" pos="X">év</wf>
         <wf lemma="óta" pos="X">óta</wf>
         <wf lemma="13" pos="X">13</wf>
         <wf lemma="millió" pos="X">millió</wf>
         <instance id="d000.s964.t000" lemma="hektoliter" pos="NOUN">hektoliter</instance>
         <wf lemma="körül" pos="X">körül</wf>
         <wf lemma="stagnál" pos="X">stagnál</wf>
         <wf lemma="." pos="X">.</wf>
      </sentence>
      <sentence id="d000.s965" source="wordnet-hungarian">
         <wf lemma="Sok" pos="X">Sok</wf>
         <wf lemma="gyerek" pos="X">gyerek</wf>
         <wf lemma="sokkot" pos="X">sokkot</wf>
         <wf lemma="," pos="X">,</wf>
         <wf lemma="kiábrándulást" pos="X">kiábrándulást</wf>
         <wf lemma="él" pos="X">él</wf>
         <wf lemma="át" pos="X">át</wf>
         <wf lemma="," pos="X">,</wf>
         <wf lemma="amikor" pos="X">amikor</wf>
         <wf lemma="rájön" pos="X">rájön</wf>
         <wf lemma="," pos="X">,</wf>
         <wf lemma="hogy" pos="X">hogy</wf>
         <wf lemma="szándékosan" pos="X">szándékosan</wf>
         <wf lemma="becsapták" pos="X">becsapták</wf>
         <wf lemma="," pos="X">,</wf>
         <wf lemma="és" pos="X">és</wf>
         <wf lemma="sokszor" pos="X">sokszor</wf>
         <wf lemma="még" pos="X">még</wf>
         <wf lemma="felnőttként" pos="X">felnőttként</wf>
         <wf lemma="is" pos="X">is</wf>
         <wf lemma="emlékezik" pos="X">emlékezik</wf>
         <wf lemma="a" pos="X">a</wf>
         <instance id="d000.s965.t000" lemma="csalódás" pos="NOUN">csalódásra</instance>
         <wf lemma="." pos="X">.</wf>
      </sentence>
      <sentence id="d000.s966" source="wordnet-hungarian">
         <wf lemma="Öntsd" pos="X">Öntsd</wf>
         <wf lemma="le" pos="X">le</wf>
         <instance id="d000.s966.t000" lemma="tejsodó" pos="NOUN">tejsodóval</instance>
         <wf lemma="a" pos="X">a</wf>
         <wf lemma="tetejét" pos="X">tetejét</wf>
         <wf lemma="." pos="X">.</wf>
      </sentence>
      <sentence id="d000.s967" source="wordnet-hungarian">
         <wf lemma="Az" pos="X">Az</wf>
         <wf lemma="élet" pos="X">élet</wf>
         <wf lemma="mint" pos="X">mint</wf>
         <wf lemma="filozófiai" pos="X">filozófiai</wf>
         <instance id="d000.s967.t000" lemma="kategória" pos="NOUN">kategória</instance>
         <wf lemma="csak" pos="X">csak</wf>
         <wf lemma="ellenpárjával" pos="X">ellenpárjával</wf>
         <wf lemma="," pos="X">,</wf>
         <wf lemma="a" pos="X">a</wf>
         <wf lemma="halállal" pos="X">halállal</wf>
         <wf lemma="együtt" pos="X">együtt</wf>
         <wf lemma="értelmezhető" pos="X">értelmezhető</wf>
         <wf lemma="." pos="X">.</wf>
      </sentence>
      <sentence id="d000.s968" source="wordnet-hungarian">
         <wf lemma="A" pos="X">A</wf>
         <wf lemma="különböző" pos="X">különböző</wf>
         <wf lemma="munkahelyi" pos="X">munkahelyi</wf>
         <wf lemma="tényezőkkel" pos="X">tényezőkkel</wf>
         <wf lemma="való" pos="X">való</wf>
         <wf lemma="dolgozói" pos="X">dolgozói</wf>
         <instance id="d000.s968.t000" lemma="elégedettség" pos="NOUN">elégedettség</instance>
         <wf lemma="mértéke" pos="X">mértéke</wf>
         <wf lemma="fontos" pos="X">fontos</wf>
         <wf lemma="indikátora" pos="X">indikátora</wf>
         <wf lemma="egy" pos="X">egy</wf>
         <wf lemma="szervezet" pos="X">szervezet</wf>
         <wf lemma="minőségének" pos="X">minőségének</wf>
         <wf lemma="." pos="X">.</wf>
      </sentence>
      <sentence id="d000.s969" source="wordnet-hungarian">
         <wf lemma="Egy" pos="X">Egy</wf>
         <instance id="d000.s969.t000" lemma="tiszt" pos="NOUN">tiszt</instance>
         <wf lemma="felelős" pos="X">felelős</wf>
         <wf lemma="az" pos="X">az</wf>
         <wf lemma="emberei" pos="X">emberei</wf>
         <wf lemma="életéért" pos="X">életéért</wf>
         <wf lemma="." pos="X">.</wf>
      </sentence>
      <sentence id="d000.s970" source="wordnet-hungarian">
         <wf lemma="Az" pos="X">Az</wf>
         <instance id="d000.s970.t000" lemma="enzim" pos="NOUN">enzimek</instance>
         <wf lemma="természetes" pos="X">természetes</wf>
         <wf lemma="biológiai" pos="X">biológiai</wf>
         <wf lemma="katalizátorok" pos="X">katalizátorok</wf>
         <wf lemma="." pos="X">.</wf>
      </sentence>
      <sentence id="d000.s971" source="wordnet-hungarian">
         <wf lemma="Szeret" pos="X">Szeret</wf>
         <wf lemma="meginni" pos="X">meginni</wf>
         <wf lemma="valami" pos="X">valami</wf>
         <instance id="d000.s971.t000" lemma="ital" pos="NOUN">italt</instance>
         <wf lemma="vacsora" pos="X">vacsora</wf>
         <wf lemma="előtt" pos="X">előtt</wf>
         <wf lemma="." pos="X">.</wf>
      </sentence>
      <sentence id="d000.s972" source="wordnet-hungarian">
         <wf lemma="Akármekkora" pos="X">Akármekkora</wf>
         <wf lemma="távolságra" pos="X">távolságra</wf>
         <wf lemma="van" pos="X">van</wf>
         <wf lemma="egymástól" pos="X">egymástól</wf>
         <wf lemma="a" pos="X">a</wf>
         <wf lemma="két" pos="X">két</wf>
         <instance id="d000.s972.t000" lemma="részecske" pos="NOUN">részecske</instance>
         <wf lemma="," pos="X">,</wf>
         <wf lemma="a" pos="X">a</wf>
         <wf lemma="köztük" pos="X">köztük</wf>
         <wf lemma="lévő" pos="X">lévő</wf>
         <wf lemma="vonzóerő" pos="X">vonzóerő</wf>
         <wf lemma="sosem" pos="X">sosem</wf>
         <wf lemma="lehet" pos="X">lehet</wf>
         <wf lemma="nulla" pos="X">nulla</wf>
         <wf lemma="." pos="X">.</wf>
      </sentence>
      <sentence id="d000.s973" source="wordnet-hungarian">
         <instance id="d000.s973.t000" lemma="megvetés" pos="NOUN">Megvetést</instance>
         <wf lemma="érzett" pos="X">érzett</wf>
         <wf lemma="minden" pos="X">minden</wf>
         <wf lemma="idegen" pos="X">idegen</wf>
         <wf lemma="iránt" pos="X">iránt</wf>
         <wf lemma="." pos="X">.</wf>
      </sentence>
      <sentence id="d000.s974" source="wordnet-hungarian">
         <wf lemma="Mindkét" pos="X">Mindkét</wf>
         <instance id="d000.s974.t000" lemma="kar" pos="NOUN">karját</instance>
         <wf lemma="színes" pos="X">színes</wf>
         <wf lemma="tetoválás" pos="X">tetoválás</wf>
         <wf lemma="borította" pos="X">borította</wf>
         <wf lemma="." pos="X">.</wf>
      </sentence>
      <sentence id="d000.s975" source="wordnet-hungarian">
         <wf lemma="A" pos="X">A</wf>
         <wf lemma="gazda" pos="X">gazda</wf>
         <wf lemma="malacot" pos="X">malacot</wf>
         <instance id="d000.s975.t000" lemma="öl" pos="VERB">ölt</instance>
         <wf lemma="karácsonykor" pos="X">karácsonykor</wf>
         <wf lemma="." pos="X">.</wf>
      </sentence>
      <sentence id="d000.s976" source="wordnet-hungarian">
         <wf lemma="Vissza" pos="X">Vissza</wf>
         <wf lemma="kellett" pos="X">kellett</wf>
         <wf lemma="kapcsolnia" pos="X">kapcsolnia</wf>
         <instance id="d000.s976.t000" lemma="kettes" pos="NOUN">kettesbe</instance>
         <wf lemma="," pos="X">,</wf>
         <wf lemma="hogy" pos="X">hogy</wf>
         <wf lemma="fel" pos="X">fel</wf>
         <wf lemma="tudjon" pos="X">tudjon</wf>
         <wf lemma="menni" pos="X">menni</wf>
         <wf lemma="a" pos="X">a</wf>
         <wf lemma="hegyre" pos="X">hegyre</wf>
         <wf lemma="." pos="X">.</wf>
      </sentence>
      <sentence id="d000.s977" source="wordnet-hungarian">
         <wf lemma="Minden" pos="X">Minden</wf>
         <wf lemma="osztályban" pos="X">osztályban</wf>
         <wf lemma="van" pos="X">van</wf>
         <wf lemma="egy" pos="X">egy</wf>
         <wf lemma="szegény" pos="X">szegény</wf>
         <wf lemma="kiközösített" pos="X">kiközösített</wf>
         <instance id="d000.s977.t000" lemma="stréber" pos="NOUN">stréber</instance>
         <wf lemma="," pos="X">,</wf>
         <wf lemma="másnéven" pos="X">másnéven</wf>
         <wf lemma="pedál" pos="X">pedál</wf>
         <wf lemma="." pos="X">.</wf>
      </sentence>
      <sentence id="d000.s978" source="wordnet-hungarian">
         <wf lemma="A" pos="X">A</wf>
         <wf lemma="víz" pos="X">víz</wf>
         <instance id="d000.s978.t000" lemma="hiány" pos="NOUN">hiánya</instance>
         <wf lemma="ölte" pos="X">ölte</wf>
         <wf lemma="meg" pos="X">meg</wf>
         <wf lemma="őket" pos="X">őket</wf>
         <wf lemma="." pos="X">.</wf>
      </sentence>
      <sentence id="d000.s979" source="wordnet-hungarian">
         <wf lemma="Tegnap" pos="X">Tegnap</wf>
         <wf lemma="jégeső" pos="X">jégeső</wf>
         <instance id="d000.s979.t000" lemma="esik" pos="VERB">esett</instance>
         <wf lemma="." pos="X">.</wf>
      </sentence>
      <sentence id="d000.s980" source="wordnet-hungarian">
         <wf lemma="Elnézést" pos="X">Elnézést</wf>
         <wf lemma="a" pos="X">a</wf>
         <instance id="d000.s980.t000" lemma="kifejezés" pos="NOUN">kifejezésért</instance>
         <wf lemma="," pos="X">,</wf>
         <wf lemma="de" pos="X">de</wf>
         <wf lemma="ez" pos="X">ez</wf>
         <wf lemma="egy" pos="X">egy</wf>
         <wf lemma="hülyeség" pos="X">hülyeség</wf>
         <wf lemma="!" pos="X">!</wf>
      </sentence>
      <sentence id="d000.s981" source="wordnet-hungarian">
         <wf lemma="Ez" pos="X">Ez</wf>
         <wf lemma="a" pos="X">a</wf>
         <wf lemma="férfi" pos="X">férfi</wf>
         <wf lemma="sok" pos="X">sok</wf>
         <wf lemma="embert" pos="X">embert</wf>
         <instance id="d000.s981.t000" lemma="megöl" pos="VERB">megölt</instance>
         <wf lemma="," pos="X">,</wf>
         <wf lemma="amikor" pos="X">amikor</wf>
         <wf lemma="kirabolta" pos="X">kirabolta</wf>
         <wf lemma="a" pos="X">a</wf>
         <wf lemma="főváros" pos="X">főváros</wf>
         <wf lemma="egyik" pos="X">egyik</wf>
         <wf lemma="bankját" pos="X">bankját</wf>
         <wf lemma="." pos="X">.</wf>
      </sentence>
      <sentence id="d000.s982" source="wordnet-hungarian">
         <wf lemma="Nagy" pos="X">Nagy</wf>
         <instance id="d000.s982.t000" lemma="hév" pos="NOUN">hévvel</instance>
         <wf lemma="látott" pos="X">látott</wf>
         <wf lemma="neki" pos="X">neki</wf>
         <wf lemma="a" pos="X">a</wf>
         <wf lemma="munkának" pos="X">munkának</wf>
         <wf lemma="." pos="X">.</wf>
      </sentence>
      <sentence id="d000.s983" source="wordnet-hungarian">
         <instance id="d000.s983.t000" lemma="kirándulás" pos="NOUN">Kirándulást</instance>
         <wf lemma="szerveztek" pos="X">szerveztek</wf>
         <wf lemma="a" pos="X">a</wf>
         <wf lemma="Pilisbe" pos="X">Pilisbe</wf>
         <wf lemma="." pos="X">.</wf>
      </sentence>
      <sentence id="d000.s984" source="wordnet-hungarian">
         <wf lemma="A" pos="X">A</wf>
         <wf lemma="zenei" pos="X">zenei</wf>
         <wf lemma="csatorna" pos="X">csatorna</wf>
         <wf lemma="a" pos="X">a</wf>
         <wf lemma="nap" pos="X">nap</wf>
         <wf lemma="huszonnégy" pos="X">huszonnégy</wf>
         <wf lemma="órájában" pos="X">órájában</wf>
         <wf lemma="várja" pos="X">várja</wf>
         <wf lemma="a" pos="X">a</wf>
         <instance id="d000.s984.t000" lemma="hallgató" pos="NOUN">hallgatókat</instance>
         <wf lemma="nonstop" pos="X">nonstop</wf>
         <wf lemma="elektronikus" pos="X">elektronikus</wf>
         <wf lemma="zenével" pos="X">zenével</wf>
         <wf lemma="." pos="X">.</wf>
      </sentence>
      <sentence id="d000.s985" source="wordnet-hungarian">
         <wf lemma="220-ról" pos="X">220-ról</wf>
         <wf lemma="110" pos="X">110</wf>
         <wf lemma="Voltra" pos="X">Voltra</wf>
         <instance id="d000.s985.t000" lemma="vált" pos="VERB">váltottunk</instance>
         <wf lemma="." pos="X">.</wf>
      </sentence>
      <sentence id="d000.s986" source="wordnet-hungarian">
         <wf lemma="A" pos="X">A</wf>
         <wf lemma="képzelet" pos="X">képzelet</wf>
         <instance id="d000.s986.t000" lemma="játék" pos="NOUN">játéka</instance>
         <wf lemma="." pos="X">.</wf>
      </sentence>
      <sentence id="d000.s987" source="wordnet-hungarian">
         <wf lemma="Gyerekkoromban" pos="X">Gyerekkoromban</wf>
         <wf lemma="sokat" pos="X">sokat</wf>
         <instance id="d000.s987.t000" lemma="lovagol" pos="VERB">lovagoltam</instance>
         <wf lemma="nagypapámnál" pos="X">nagypapámnál</wf>
         <wf lemma="." pos="X">.</wf>
      </sentence>
      <sentence id="d000.s988" source="wordnet-hungarian">
         <wf lemma="Az" pos="X">Az</wf>
         <wf lemma="USA" pos="X">USA</wf>
         <wf lemma="háborút" pos="X">háborút</wf>
         <instance id="d000.s988.t000" lemma="indít" pos="VERB">indított</instance>
         <wf lemma="a" pos="X">a</wf>
         <wf lemma="Közel-Keleten" pos="X">Közel-Keleten</wf>
         <wf lemma="." pos="X">.</wf>
      </sentence>
      <sentence id="d000.s989" source="wordnet-hungarian">
         <wf lemma="A" pos="X">A</wf>
         <instance id="d000.s989.t000" lemma="festőművész" pos="NOUN">festőművész</instance>
         <wf lemma="életében" pos="X">életében</wf>
         <wf lemma="egy" pos="X">egy</wf>
         <wf lemma="képet" pos="X">képet</wf>
         <wf lemma="sem" pos="X">sem</wf>
         <wf lemma="adott" pos="X">adott</wf>
         <wf lemma="el" pos="X">el</wf>
         <wf lemma="." pos="X">.</wf>
      </sentence>
      <sentence id="d000.s990" source="wordnet-hungarian">
         <wf lemma="A" pos="X">A</wf>
         <wf lemma="modern" pos="X">modern</wf>
         <instance id="d000.s990.t000" lemma="mosógép" pos="NOUN">mosógép</instance>
         <wf lemma="már" pos="X">már</wf>
         <wf lemma="centrifugázni" pos="X">centrifugázni</wf>
         <wf lemma="is" pos="X">is</wf>
         <wf lemma="tud" pos="X">tud</wf>
         <wf lemma="." pos="X">.</wf>
      </sentence>
      <sentence id="d000.s991" source="wordnet-hungarian">
         <wf lemma="A" pos="X">A</wf>
         <wf lemma="legnagyobb" pos="X">legnagyobb</wf>
         <wf lemma="veszélyt" pos="X">veszélyt</wf>
         <wf lemma="a" pos="X">a</wf>
         <instance id="d000.s991.t000" lemma="földlakó" pos="NOUN">földlakók</instance>
         <wf lemma="számára" pos="X">számára</wf>
         <wf lemma="nem" pos="X">nem</wf>
         <wf lemma="egy" pos="X">egy</wf>
         <wf lemma="világűrből" pos="X">világűrből</wf>
         <wf lemma="érkező" pos="X">érkező</wf>
         <wf lemma="fenyegetettség" pos="X">fenyegetettség</wf>
         <wf lemma="jelenti" pos="X">jelenti</wf>
         <wf lemma="." pos="X">.</wf>
      </sentence>
      <sentence id="d000.s992" source="wordnet-hungarian">
         <wf lemma="A" pos="X">A</wf>
         <wf lemma="nagyhatalom" pos="X">nagyhatalom</wf>
         <wf lemma="a" pos="X">a</wf>
         <wf lemma="szárazföld" pos="X">szárazföld</wf>
         <wf lemma="lakóival" pos="X">lakóival</wf>
         <wf lemma="elnézőbb" pos="X">elnézőbb</wf>
         <wf lemma="," pos="X">,</wf>
         <wf lemma="azonban" pos="X">azonban</wf>
         <wf lemma="ellenfélnek" pos="X">ellenfélnek</wf>
         <wf lemma="minősítik" pos="X">minősítik</wf>
         <wf lemma="a" pos="X">a</wf>
         <instance id="d000.s992.t000" lemma="szigetlakó" pos="NOUN">szigetlakókat</instance>
         <wf lemma="." pos="X">.</wf>
      </sentence>
      <sentence id="d000.s993" source="wordnet-hungarian">
         <wf lemma="A" pos="X">A</wf>
         <wf lemma="nadrágjának" pos="X">nadrágjának</wf>
         <wf lemma="teljesen" pos="X">teljesen</wf>
         <wf lemma="kikopott" pos="X">kikopott</wf>
         <wf lemma="az" pos="X">az</wf>
         <instance id="d000.s993.t000" lemma="ülep" pos="NOUN">ülepe</instance>
         <wf lemma="." pos="X">.</wf>
      </sentence>
      <sentence id="d000.s994" source="wordnet-hungarian">
         <wf lemma="A" pos="X">A</wf>
         <instance id="d000.s994.t000" lemma="párt" pos="NOUN">pártok</instance>
         <wf lemma="kampányokkal" pos="X">kampányokkal</wf>
         <wf lemma="próbálják" pos="X">próbálják</wf>
         <wf lemma="meggyőzni" pos="X">meggyőzni</wf>
         <wf lemma="a" pos="X">a</wf>
         <wf lemma="választókat" pos="X">választókat</wf>
         <wf lemma="." pos="X">.</wf>
      </sentence>
      <sentence id="d000.s995" source="wordnet-hungarian">
         <wf lemma="A" pos="X">A</wf>
         <wf lemma="tengeri" pos="X">tengeri</wf>
         <wf lemma="búvárkodás" pos="X">búvárkodás</wf>
         <wf lemma="igazi" pos="X">igazi</wf>
         <instance id="d000.s995.t000" lemma="kikapcsolódás" pos="NOUN">kikapcsolódást</instance>
         <wf lemma="jelent" pos="X">jelent</wf>
         <wf lemma="az" pos="X">az</wf>
         <wf lemma="irodai" pos="X">irodai</wf>
         <wf lemma="munka" pos="X">munka</wf>
         <wf lemma="hosszú" pos="X">hosszú</wf>
         <wf lemma="hónapjai" pos="X">hónapjai</wf>
         <wf lemma="után" pos="X">után</wf>
         <wf lemma="." pos="X">.</wf>
      </sentence>
      <sentence id="d000.s996" source="wordnet-hungarian">
         <wf lemma="A" pos="X">A</wf>
         <instance id="d000.s996.t000" lemma="repedés" pos="NOUN">repedés</instance>
         <wf lemma="tovább" pos="X">tovább</wf>
         <wf lemma="mélyült" pos="X">mélyült</wf>
         <wf lemma="." pos="X">.</wf>
      </sentence>
      <sentence id="d000.s997" source="wordnet-hungarian">
         <wf lemma="A" pos="X">A</wf>
         <wf lemma="lerakódások" pos="X">lerakódások</wf>
         <wf lemma="beleakadnak" pos="X">beleakadnak</wf>
         <wf lemma="a" pos="X">a</wf>
         <wf lemma="vért" pos="X">vért</wf>
         <wf lemma="szállító" pos="X">szállító</wf>
         <instance id="d000.s997.t000" lemma="edény" pos="NOUN">edény</instance>
         <wf lemma="falán" pos="X">falán</wf>
         <wf lemma="levő" pos="X">levő</wf>
         <wf lemma="vérlemezkékbe" pos="X">vérlemezkékbe</wf>
         <wf lemma="," pos="X">,</wf>
         <wf lemma="s" pos="X">s</wf>
         <wf lemma="megállítják" pos="X">megállítják</wf>
         <wf lemma="vagy" pos="X">vagy</wf>
         <wf lemma="akadályozzák" pos="X">akadályozzák</wf>
         <wf lemma="a" pos="X">a</wf>
         <wf lemma="szabad" pos="X">szabad</wf>
         <wf lemma="véráramlást" pos="X">véráramlást</wf>
         <wf lemma="." pos="X">.</wf>
      </sentence>
      <sentence id="d000.s998" source="wordnet-hungarian">
         <wf lemma="A" pos="X">A</wf>
         <wf lemma="szomszéd" pos="X">szomszéd</wf>
         <wf lemma="lány" pos="X">lány</wf>
         <wf lemma="angolt" pos="X">angolt</wf>
         <instance id="d000.s998.t000" lemma="tanul" pos="VERB">tanul</instance>
         <wf lemma="az" pos="X">az</wf>
         <wf lemma="egyetemen" pos="X">egyetemen</wf>
         <wf lemma="." pos="X">.</wf>
      </sentence>
      <sentence id="d000.s999" source="wordnet-hungarian">
         <instance id="d000.s999.t000" lemma="szeptember" pos="NOUN">Szeptemberben</instance>
         <wf lemma="kezdődik" pos="X">kezdődik</wf>
         <wf lemma="az" pos="X">az</wf>
         <wf lemma="iskola" pos="X">iskola</wf>
         <wf lemma="." pos="X">.</wf>
      </sentence>
      <sentence id="d000.s1000" source="wordnet-hungarian">
         <wf lemma="Feri" pos="X">Feri</wf>
         <wf lemma="vállalkozásba" pos="X">vállalkozásba</wf>
         <wf lemma="szeretne" pos="X">szeretne</wf>
         <instance id="d000.s1000.t000" lemma="kezd" pos="VERB">kezdeni</instance>
         <wf lemma="." pos="X">.</wf>
      </sentence>
      <sentence id="d000.s1001" source="wordnet-hungarian">
         <wf lemma="A" pos="X">A</wf>
         <instance id="d000.s1001.t000" lemma="skolasztika" pos="NOUN">skolasztikát</instance>
         <wf lemma="tekintélyelvűség" pos="X">tekintélyelvűség</wf>
         <wf lemma="jellemezte" pos="X">jellemezte</wf>
         <wf lemma="." pos="X">.</wf>
      </sentence>
      <sentence id="d000.s1002" source="wordnet-hungarian">
         <wf lemma="A" pos="X">A</wf>
         <wf lemma="program" pos="X">program</wf>
         <wf lemma="által" pos="X">által</wf>
         <wf lemma="megjelölt" pos="X">megjelölt</wf>
         <wf lemma="szavakat" pos="X">szavakat</wf>
         <wf lemma="a" pos="X">a</wf>
         <instance id="d000.s1002.t000" lemma="korrektor" pos="NOUN">korrektornak</instance>
         <wf lemma="kell" pos="X">kell</wf>
         <wf lemma="kijavítania" pos="X">kijavítania</wf>
         <wf lemma="." pos="X">.</wf>
      </sentence>
      <sentence id="d000.s1003" source="wordnet-hungarian">
         <wf lemma="Az" pos="X">Az</wf>
         <wf lemma="Aloe" pos="X">Aloe</wf>
         <wf lemma="Vera" pos="X">Vera</wf>
         <wf lemma="a" pos="X">a</wf>
         <instance id="d000.s1003.t000" lemma="liliomfélék" pos="NOUN">liliomfélék</instance>
         <wf lemma="családjába" pos="X">családjába</wf>
         <wf lemma="tartozik" pos="X">tartozik</wf>
         <wf lemma="." pos="X">.</wf>
      </sentence>
      <sentence id="d000.s1004" source="wordnet-hungarian">
         <wf lemma="Forradalmak" pos="X">Forradalmak</wf>
         <wf lemma="idején" pos="X">idején</wf>
         <wf lemma="gyakori" pos="X">gyakori</wf>
         <wf lemma="a" pos="X">a</wf>
         <wf lemma="teljes" pos="X">teljes</wf>
         <instance id="d000.s1004.t000" lemma="anarchia" pos="NOUN">anarchia</instance>
         <wf lemma="." pos="X">.</wf>
      </sentence>
      <sentence id="d000.s1005" source="wordnet-hungarian">
         <wf lemma="A" pos="X">A</wf>
         <instance id="d000.s1005.t000" lemma="testiség" pos="NOUN">testiség</instance>
         <wf lemma="tagadásával" pos="X">tagadásával</wf>
         <wf lemma="szemben" pos="X">szemben</wf>
         <wf lemma="a" pos="X">a</wf>
         <wf lemma="kereszténység" pos="X">kereszténység</wf>
         <wf lemma="a" pos="X">a</wf>
         <wf lemma="test" pos="X">test</wf>
         <wf lemma="szellemi" pos="X">szellemi</wf>
         <wf lemma="átformálódását" pos="X">átformálódását</wf>
         <wf lemma="állítja" pos="X">állítja</wf>
         <wf lemma="." pos="X">.</wf>
      </sentence>
      <sentence id="d000.s1006" source="wordnet-hungarian">
         <wf lemma="A" pos="X">A</wf>
         <instance id="d000.s1006.t000" lemma="könyörület" pos="NOUN">könyörület</instance>
         <wf lemma="a" pos="X">a</wf>
         <wf lemma="buddhista" pos="X">buddhista</wf>
         <wf lemma="etika" pos="X">etika</wf>
         <wf lemma="alappillére" pos="X">alappillére</wf>
         <wf lemma="." pos="X">.</wf>
      </sentence>
      <sentence id="d000.s1007" source="wordnet-hungarian">
         <wf lemma="Szakmájában" pos="X">Szakmájában</wf>
         <wf lemma="már" pos="X">már</wf>
         <wf lemma="több" pos="X">több</wf>
         <wf lemma="évtizede" pos="X">évtizede</wf>
         <wf lemma="igazán" pos="X">igazán</wf>
         <wf lemma="nagy" pos="X">nagy</wf>
         <instance id="d000.s1007.t000" lemma="név" pos="NOUN">névnek</instance>
         <wf lemma="számít" pos="X">számít</wf>
         <wf lemma="." pos="X">.</wf>
      </sentence>
      <sentence id="d000.s1008" source="wordnet-hungarian">
         <wf lemma="A" pos="X">A</wf>
         <instance id="d000.s1008.t000" lemma="feltaláló" pos="NOUN">feltalálót</instance>
         <wf lemma="környezete" pos="X">környezete</wf>
         <wf lemma="sokáig" pos="X">sokáig</wf>
         <wf lemma="bolondnak" pos="X">bolondnak</wf>
         <wf lemma="tartotta" pos="X">tartotta</wf>
         <wf lemma="." pos="X">.</wf>
      </sentence>
      <sentence id="d000.s1009" source="wordnet-hungarian">
         <wf lemma="Megfosztották" pos="X">Megfosztották</wf>
         <instance id="d000.s1009.t000" lemma="ruha" pos="NOUN">ruháitól</instance>
         <wf lemma="és" pos="X">és</wf>
         <wf lemma="köntösére" pos="X">köntösére</wf>
         <wf lemma="sorsot" pos="X">sorsot</wf>
         <wf lemma="vetettek" pos="X">vetettek</wf>
         <wf lemma="." pos="X">.</wf>
      </sentence>
      <sentence id="d000.s1010" source="wordnet-hungarian">
         <wf lemma="Sokan" pos="X">Sokan</wf>
         <wf lemma="hitték" pos="X">hitték</wf>
         <wf lemma="," pos="X">,</wf>
         <wf lemma="hogy" pos="X">hogy</wf>
         <wf lemma="csak" pos="X">csak</wf>
         <wf lemma="átmeneti" pos="X">átmeneti</wf>
         <wf lemma="zavarok" pos="X">zavarok</wf>
         <wf lemma="vannak" pos="X">vannak</wf>
         <wf lemma="," pos="X">,</wf>
         <wf lemma="s" pos="X">s</wf>
         <wf lemma="csak" pos="X">csak</wf>
         <wf lemma="néhány" pos="X">néhány</wf>
         <instance id="d000.s1010.t000" lemma="vészmadár" pos="NOUN">vészmadár</instance>
         <wf lemma="költi" pos="X">költi</wf>
         <wf lemma="az" pos="X">az</wf>
         <wf lemma="ország" pos="X">ország</wf>
         <wf lemma="rossz" pos="X">rossz</wf>
         <wf lemma="hírét" pos="X">hírét</wf>
         <wf lemma="." pos="X">.</wf>
      </sentence>
      <sentence id="d000.s1011" source="wordnet-hungarian">
         <wf lemma="A" pos="X">A</wf>
         <instance id="d000.s1011.t000" lemma="szőlőfélék" pos="NOUN">szőlőfélékhez</instance>
         <wf lemma="rendkívül" pos="X">rendkívül</wf>
         <wf lemma="értett" pos="X">értett</wf>
         <wf lemma="a" pos="X">a</wf>
         <wf lemma="földműves" pos="X">földműves</wf>
         <wf lemma="." pos="X">.</wf>
      </sentence>
      <sentence id="d000.s1012" source="wordnet-hungarian">
         <wf lemma="A" pos="X">A</wf>
         <instance id="d000.s1012.t000" lemma="háború" pos="NOUN">háborút</instance>
         <wf lemma="fegyverszünetek" pos="X">fegyverszünetek</wf>
         <wf lemma="szakították" pos="X">szakították</wf>
         <wf lemma="meg" pos="X">meg</wf>
         <wf lemma="." pos="X">.</wf>
      </sentence>
      <sentence id="d000.s1013" source="wordnet-hungarian">
         <wf lemma="Két" pos="X">Két</wf>
         <wf lemma="hétig" pos="X">hétig</wf>
         <wf lemma="első" pos="X">első</wf>
         <instance id="d000.s1013.t000" lemma="helyezés" pos="NOUN">helyezést</instance>
         <wf lemma="foglalt" pos="X">foglalt</wf>
         <wf lemma="el" pos="X">el</wf>
         <wf lemma="a" pos="X">a</wf>
         <wf lemma="slágerlistán" pos="X">slágerlistán</wf>
         <wf lemma="." pos="X">.</wf>
      </sentence>
      <sentence id="d000.s1014" source="wordnet-hungarian">
         <wf lemma="A" pos="X">A</wf>
         <instance id="d000.s1014.t000" lemma="riporter" pos="NOUN">riporter</instance>
         <wf lemma="a" pos="X">a</wf>
         <wf lemma="világ" pos="X">világ</wf>
         <wf lemma="minden" pos="X">minden</wf>
         <wf lemma="forró" pos="X">forró</wf>
         <wf lemma="pontján" pos="X">pontján</wf>
         <wf lemma="készített" pos="X">készített</wf>
         <wf lemma="már" pos="X">már</wf>
         <wf lemma="tudósításokat" pos="X">tudósításokat</wf>
         <wf lemma="." pos="X">.</wf>
      </sentence>
      <sentence id="d000.s1015" source="wordnet-hungarian">
         <wf lemma="Túl" pos="X">Túl</wf>
         <wf lemma="sok" pos="X">sok</wf>
         <instance id="d000.s1015.t000" lemma="zsír" pos="NOUN">zsír</instance>
         <wf lemma="van" pos="X">van</wf>
         <wf lemma="ebben" pos="X">ebben</wf>
         <wf lemma="az" pos="X">az</wf>
         <wf lemma="ételben" pos="X">ételben</wf>
         <wf lemma="." pos="X">.</wf>
      </sentence>
      <sentence id="d000.s1016" source="wordnet-hungarian">
         <wf lemma="Az" pos="X">Az</wf>
         <instance id="d000.s1016.t000" lemma="ág" pos="NOUN">ágon</instance>
         <wf lemma="énekesmadár" pos="X">énekesmadár</wf>
         <wf lemma="ült" pos="X">ült</wf>
         <wf lemma="." pos="X">.</wf>
      </sentence>
      <sentence id="d000.s1017" source="wordnet-hungarian">
         <wf lemma="Új" pos="X">Új</wf>
         <instance id="d000.s1017.t000" lemma="hír" pos="NOUN">hírek</instance>
         <wf lemma="futottak" pos="X">futottak</wf>
         <wf lemma="be" pos="X">be</wf>
         <wf lemma="a" pos="X">a</wf>
         <wf lemma="reggeli" pos="X">reggeli</wf>
         <wf lemma="vonatbalesettel" pos="X">vonatbalesettel</wf>
         <wf lemma="kapcsolatban" pos="X">kapcsolatban</wf>
         <wf lemma="." pos="X">.</wf>
      </sentence>
      <sentence id="d000.s1018" source="wordnet-hungarian">
         <wf lemma="A" pos="X">A</wf>
         <wf lemma="karmos" pos="X">karmos</wf>
         <wf lemma="levelű" pos="X">levelű</wf>
         <instance id="d000.s1018.t000" lemma="magyalfélék" pos="NOUN">magyalfélék</instance>
         <wf lemma="egész" pos="X">egész</wf>
         <wf lemma="télen" pos="X">télen</wf>
         <wf lemma="át" pos="X">át</wf>
         <wf lemma="ragyogó" pos="X">ragyogó</wf>
         <wf lemma="piros" pos="X">piros</wf>
         <wf lemma="bogyót" pos="X">bogyót</wf>
         <wf lemma="teremnek" pos="X">teremnek</wf>
         <wf lemma="." pos="X">.</wf>
      </sentence>
      <sentence id="d000.s1019" source="wordnet-hungarian">
         <wf lemma="Á" pos="X">Á</wf>
         <wf lemma="," pos="X">,</wf>
         <wf lemma="már" pos="X">már</wf>
         <instance id="d000.s1019.t000" lemma="lát" pos="VERB">látom</instance>
         <wf lemma="," pos="X">,</wf>
         <wf lemma="hova" pos="X">hova</wf>
         <wf lemma="akarsz" pos="X">akarsz</wf>
         <wf lemma="kilyukadni" pos="X">kilyukadni</wf>
         <wf lemma="." pos="X">.</wf>
      </sentence>
      <sentence id="d000.s1020" source="wordnet-hungarian">
         <wf lemma="Fontos" pos="X">Fontos</wf>
         <wf lemma="követelmény" pos="X">követelmény</wf>
         <wf lemma="a" pos="X">a</wf>
         <wf lemma="hosszú" pos="X">hosszú</wf>
         <wf lemma="utazásokra" pos="X">utazásokra</wf>
         <wf lemma="való" pos="X">való</wf>
         <instance id="d000.s1020.t000" lemma="alkalmasság" pos="NOUN">alkalmasság</instance>
         <wf lemma="." pos="X">.</wf>
      </sentence>
      <sentence id="d000.s1021" source="wordnet-hungarian">
         <wf lemma="Egy" pos="X">Egy</wf>
         <wf lemma="új" pos="X">új</wf>
         <instance id="d000.s1021.t000" lemma="epocha" pos="NOUN">epocha</instance>
         <wf lemma="új" pos="X">új</wf>
         <wf lemma="világot" pos="X">világot</wf>
         <wf lemma="jelent" pos="X">jelent</wf>
         <wf lemma="." pos="X">.</wf>
      </sentence>
      <sentence id="d000.s1022" source="wordnet-hungarian">
         <wf lemma="A" pos="X">A</wf>
         <instance id="d000.s1022.t000" lemma="szil" pos="NOUN">szil</instance>
         <wf lemma="ritka" pos="X">ritka</wf>
         <wf lemma="errefelé" pos="X">errefelé</wf>
         <wf lemma="." pos="X">.</wf>
      </sentence>
      <sentence id="d000.s1023" source="wordnet-hungarian">
         <wf lemma="A" pos="X">A</wf>
         <wf lemma="ló" pos="X">ló</wf>
         <wf lemma="elégedett" pos="X">elégedett</wf>
         <instance id="d000.s1023.t000" lemma="nyerítés" pos="NOUN">nyerítéssel</instance>
         <wf lemma="jelezte" pos="X">jelezte</wf>
         <wf lemma="jóllakottságát" pos="X">jóllakottságát</wf>
         <wf lemma="." pos="X">.</wf>
      </sentence>
      <sentence id="d000.s1024" source="wordnet-hungarian">
         <instance id="d000.s1024.t000" lemma="némaság" pos="NOUN">Némaság</instance>
         <wf lemma="ereszkedett" pos="X">ereszkedett</wf>
         <wf lemma="a" pos="X">a</wf>
         <wf lemma="tájra" pos="X">tájra</wf>
         <wf lemma="." pos="X">.</wf>
      </sentence>
      <sentence id="d000.s1025" source="wordnet-hungarian">
         <wf lemma="Elemzők" pos="X">Elemzők</wf>
         <wf lemma="szerint" pos="X">szerint</wf>
         <wf lemma="a" pos="X">a</wf>
         <wf lemma="környező" pos="X">környező</wf>
         <wf lemma="falvakban" pos="X">falvakban</wf>
         <wf lemma="a" pos="X">a</wf>
         <instance id="d000.s1025.t000" lemma="radikális" pos="NOUN">radikálisok</instance>
         <wf lemma="vannak" pos="X">vannak</wf>
         <wf lemma="előnyben" pos="X">előnyben</wf>
         <wf lemma="." pos="X">.</wf>
      </sentence>
      <sentence id="d000.s1026" source="wordnet-hungarian">
         <wf lemma="Szégyen" pos="X">Szégyen</wf>
         <wf lemma="a" pos="X">a</wf>
         <instance id="d000.s1026.t000" lemma="futás" pos="NOUN">futás</instance>
         <wf lemma="," pos="X">,</wf>
         <wf lemma="de" pos="X">de</wf>
         <wf lemma="hasznos" pos="X">hasznos</wf>
         <wf lemma="." pos="X">.</wf>
      </sentence>
      <sentence id="d000.s1027" source="wordnet-hungarian">
         <wf lemma="Az" pos="X">Az</wf>
         <wf lemma="öt" pos="X">öt</wf>
         <wf lemma="páratlan" pos="X">páratlan</wf>
         <instance id="d000.s1027.t000" lemma="szám" pos="NOUN">szám</instance>
         <wf lemma="." pos="X">.</wf>
      </sentence>
      <sentence id="d000.s1028" source="wordnet-hungarian">
         <wf lemma="Utazásunk" pos="X">Utazásunk</wf>
         <wf lemma="egyetlen" pos="X">egyetlen</wf>
         <instance id="d000.s1028.t000" lemma="cél" pos="NOUN">célja</instance>
         <wf lemma="az" pos="X">az</wf>
         <wf lemma="volt" pos="X">volt</wf>
         <wf lemma="," pos="X">,</wf>
         <wf lemma="hogy" pos="X">hogy</wf>
         <wf lemma="láthassuk" pos="X">láthassuk</wf>
         <wf lemma="a" pos="X">a</wf>
         <wf lemma="Nagy" pos="X">Nagy</wf>
         <wf lemma="Falat" pos="X">Falat</wf>
         <wf lemma="." pos="X">.</wf>
      </sentence>
      <sentence id="d000.s1029" source="wordnet-hungarian">
         <wf lemma="A" pos="X">A</wf>
         <wf lemma="fontosabb" pos="X">fontosabb</wf>
         <wf lemma="dolgok" pos="X">dolgok</wf>
         <wf lemma="tekintetében" pos="X">tekintetében</wf>
         <wf lemma="sikerült" pos="X">sikerült</wf>
         <instance id="d000.s1029.t000" lemma="konszenzus" pos="NOUN">konszenzusra</instance>
         <wf lemma="jutni" pos="X">jutni</wf>
         <wf lemma="." pos="X">.</wf>
      </sentence>
      <sentence id="d000.s1030" source="wordnet-hungarian">
         <wf lemma="Három" pos="X">Három</wf>
         <wf lemma="óráig" pos="X">óráig</wf>
         <instance id="d000.s1030.t000" lemma="tart" pos="VERB">tartott</instance>
         <wf lemma="beérni" pos="X">beérni</wf>
         <wf lemma="a" pos="X">a</wf>
         <wf lemma="belvárosba" pos="X">belvárosba</wf>
         <wf lemma="." pos="X">.</wf>
      </sentence>
      <sentence id="d000.s1031" source="wordnet-hungarian">
         <wf lemma="Úgy" pos="X">Úgy</wf>
         <wf lemma="megy" pos="X">megy</wf>
         <wf lemma="," pos="X">,</wf>
         <wf lemma="mint" pos="X">mint</wf>
         <wf lemma="a" pos="X">a</wf>
         <instance id="d000.s1031.t000" lemma="gőzhenger" pos="NOUN">gőzhenger</instance>
         <wf lemma="." pos="X">.</wf>
      </sentence>
      <sentence id="d000.s1032" source="wordnet-hungarian">
         <wf lemma="Várta" pos="X">Várta</wf>
         <wf lemma="," pos="X">,</wf>
         <wf lemma="hogy" pos="X">hogy</wf>
         <wf lemma="havannai" pos="X">havannai</wf>
         <instance id="d000.s1032.t000" lemma="ember" pos="NOUN">embere</instance>
         <wf lemma="végre" pos="X">végre</wf>
         <wf lemma="meszerezze" pos="X">meszerezze</wf>
         <wf lemma="a" pos="X">a</wf>
         <wf lemma="szükséges" pos="X">szükséges</wf>
         <wf lemma="információkat" pos="X">információkat</wf>
         <wf lemma="." pos="X">.</wf>
      </sentence>
      <sentence id="d000.s1033" source="wordnet-hungarian">
         <wf lemma="A" pos="X">A</wf>
         <instance id="d000.s1033.t000" lemma="munka" pos="NOUN">munka</instance>
         <wf lemma="az" pos="X">az</wf>
         <wf lemma="erő" pos="X">erő</wf>
         <wf lemma="és" pos="X">és</wf>
         <wf lemma="a" pos="X">a</wf>
         <wf lemma="távolság" pos="X">távolság</wf>
         <wf lemma="szorzataként" pos="X">szorzataként</wf>
         <wf lemma="számítható" pos="X">számítható</wf>
         <wf lemma="ki" pos="X">ki</wf>
         <wf lemma="." pos="X">.</wf>
      </sentence>
      <sentence id="d000.s1034" source="wordnet-hungarian">
         <wf lemma="Mielőtt" pos="X">Mielőtt</wf>
         <wf lemma="elkészülne" pos="X">elkészülne</wf>
         <wf lemma="," pos="X">,</wf>
         <instance id="d000.s1034.t000" lemma="parmezán" pos="NOUN">parmezán</instance>
         <wf lemma="sajtot" pos="X">sajtot</wf>
         <wf lemma="szórunk" pos="X">szórunk</wf>
         <wf lemma="a" pos="X">a</wf>
         <wf lemma="tetejére" pos="X">tetejére</wf>
         <wf lemma="." pos="X">.</wf>
      </sentence>
      <sentence id="d000.s1035" source="wordnet-hungarian">
         <wf lemma="Az" pos="X">Az</wf>
         <wf lemma="ásványvíz" pos="X">ásványvíz</wf>
         <wf lemma="is" pos="X">is</wf>
         <wf lemma="tartalmaz" pos="X">tartalmaz</wf>
         <instance id="d000.s1035.t000" lemma="nátrium" pos="NOUN">nátriumot</instance>
         <wf lemma="." pos="X">.</wf>
      </sentence>
      <sentence id="d000.s1036" source="wordnet-hungarian">
         <wf lemma="A" pos="X">A</wf>
         <instance id="d000.s1036.t000" lemma="nemesség" pos="NOUN">nemességét</instance>
         <wf lemma="soha" pos="X">soha</wf>
         <wf lemma="nem" pos="X">nem</wf>
         <wf lemma="hangoztatta" pos="X">hangoztatta</wf>
         <wf lemma="." pos="X">.</wf>
      </sentence>
      <sentence id="d000.s1037" source="wordnet-hungarian">
         <wf lemma="Minden" pos="X">Minden</wf>
         <wf lemma="vágy" pos="X">vágy</wf>
         <wf lemma="akadályozza" pos="X">akadályozza</wf>
         <wf lemma="a" pos="X">a</wf>
         <wf lemma="tisztánlátást" pos="X">tisztánlátást</wf>
         <wf lemma="," pos="X">,</wf>
         <wf lemma="minden" pos="X">minden</wf>
         <instance id="d000.s1037.t000" lemma="sóvárgás" pos="NOUN">sóvárgás</instance>
         <wf lemma="torzítja" pos="X">torzítja</wf>
         <wf lemma="az" pos="X">az</wf>
         <wf lemma="érzékelést" pos="X">érzékelést</wf>
         <wf lemma="." pos="X">.</wf>
      </sentence>
      <sentence id="d000.s1038" source="wordnet-hungarian">
         <wf lemma="A" pos="X">A</wf>
         <instance id="d000.s1038.t000" lemma="szörp" pos="NOUN">szörp</instance>
         <wf lemma="koncentrátumot" pos="X">koncentrátumot</wf>
         <wf lemma="fogyasztás" pos="X">fogyasztás</wf>
         <wf lemma="előtt" pos="X">előtt</wf>
         <wf lemma="fel" pos="X">fel</wf>
         <wf lemma="kell" pos="X">kell</wf>
         <wf lemma="hígítani" pos="X">hígítani</wf>
         <wf lemma="." pos="X">.</wf>
      </sentence>
      <sentence id="d000.s1039" source="wordnet-hungarian">
         <wf lemma="Jobban" pos="X">Jobban</wf>
         <wf lemma="teszed" pos="X">teszed</wf>
         <wf lemma="," pos="X">,</wf>
         <wf lemma="ha" pos="X">ha</wf>
         <wf lemma="megfogadod" pos="X">megfogadod</wf>
         <wf lemma="a" pos="X">a</wf>
         <instance id="d000.s1039.t000" lemma="tanács" pos="NOUN">tanácsát</instance>
         <wf lemma="!" pos="X">!</wf>
      </sentence>
      <sentence id="d000.s1040" source="wordnet-hungarian">
         <instance id="d000.s1040.t000" lemma="állítás" pos="NOUN">Állítása</instance>
         <wf lemma="szerint" pos="X">szerint</wf>
         <wf lemma="azon" pos="X">azon</wf>
         <wf lemma="a" pos="X">a</wf>
         <wf lemma="napon" pos="X">napon</wf>
         <wf lemma="Londonban" pos="X">Londonban</wf>
         <wf lemma="volt" pos="X">volt</wf>
         <wf lemma="." pos="X">.</wf>
      </sentence>
      <sentence id="d000.s1041" source="wordnet-hungarian">
         <wf lemma="A" pos="X">A</wf>
         <instance id="d000.s1041.t000" lemma="közvélemény" pos="NOUN">közvélemény</instance>
         <wf lemma="kutatása" pos="X">kutatása</wf>
         <wf lemma="a" pos="X">a</wf>
         <wf lemma="mai" pos="X">mai</wf>
         <wf lemma="politizálás" pos="X">politizálás</wf>
         <wf lemma="egyik" pos="X">egyik</wf>
         <wf lemma="eszköze" pos="X">eszköze</wf>
         <wf lemma="." pos="X">.</wf>
      </sentence>
      <sentence id="d000.s1042" source="wordnet-hungarian">
         <wf lemma="Az" pos="X">Az</wf>
         <wf lemma="öreg" pos="X">öreg</wf>
         <wf lemma="miniszter" pos="X">miniszter</wf>
         <wf lemma="hegyezte" pos="X">hegyezte</wf>
         <wf lemma="a" pos="X">a</wf>
         <wf lemma="fülét" pos="X">fülét</wf>
         <wf lemma="," pos="X">,</wf>
         <wf lemma="hogy" pos="X">hogy</wf>
         <wf lemma="szóról" pos="X">szóról</wf>
         <wf lemma="szóra" pos="X">szóra</wf>
         <wf lemma="elmondhasson" pos="X">elmondhasson</wf>
         <wf lemma="mindent" pos="X">mindent</wf>
         <wf lemma="a" pos="X">a</wf>
         <instance id="d000.s1042.t000" lemma="császár" pos="NOUN">császárnak</instance>
         <wf lemma="." pos="X">.</wf>
      </sentence>
      <sentence id="d000.s1043" source="wordnet-hungarian">
         <wf lemma="Fischer" pos="X">Fischer</wf>
         <wf lemma="felforgatja" pos="X">felforgatja</wf>
         <wf lemma="az" pos="X">az</wf>
         <wf lemma="ülésrendet" pos="X">ülésrendet</wf>
         <wf lemma="," pos="X">,</wf>
         <wf lemma="előrehozza" pos="X">előrehozza</wf>
         <wf lemma="az" pos="X">az</wf>
         <instance id="d000.s1043.t000" lemma="oboás" pos="NOUN">oboást</instance>
         <wf lemma="és" pos="X">és</wf>
         <wf lemma="a" pos="X">a</wf>
         <wf lemma="fuvolást" pos="X">fuvolást</wf>
         <wf lemma="és" pos="X">és</wf>
         <wf lemma="mást" pos="X">mást</wf>
         <wf lemma="ültet" pos="X">ültet</wf>
         <wf lemma="a" pos="X">a</wf>
         <wf lemma="koncertmester" pos="X">koncertmester</wf>
         <wf lemma="mellé" pos="X">mellé</wf>
         <wf lemma="." pos="X">.</wf>
      </sentence>
      <sentence id="d000.s1044" source="wordnet-hungarian">
         <wf lemma="A" pos="X">A</wf>
         <wf lemma="gurkák" pos="X">gurkák</wf>
         <wf lemma="," pos="X">,</wf>
         <wf lemma="az" pos="X">az</wf>
         <wf lemma="indiai" pos="X">indiai</wf>
         <instance id="d000.s1044.t000" lemma="rádzsput" pos="NOUN">rádzsputok</instance>
         <wf lemma="leszármazottai" pos="X">leszármazottai</wf>
         <wf lemma="," pos="X">,</wf>
         <wf lemma="1768-1769-ben" pos="X">1768-1769-ben</wf>
         <wf lemma="elfoglalták" pos="X">elfoglalták</wf>
         <wf lemma="az" pos="X">az</wf>
         <wf lemma="egész" pos="X">egész</wf>
         <wf lemma="nepáli" pos="X">nepáli</wf>
         <wf lemma="völgyet" pos="X">völgyet</wf>
         <wf lemma="." pos="X">.</wf>
      </sentence>
      <sentence id="d000.s1045" source="wordnet-hungarian">
         <wf lemma="Megtalálta" pos="X">Megtalálta</wf>
         <wf lemma="az" pos="X">az</wf>
         <wf lemma="ellenfél" pos="X">ellenfél</wf>
         <wf lemma="csapat" pos="X">csapat</wf>
         <wf lemma="legyőzni" pos="X">legyőzni</wf>
         <wf lemma="képes" pos="X">képes</wf>
         <wf lemma="legjobb" pos="X">legjobb</wf>
         <instance id="d000.s1045.t000" lemma="összeállítás" pos="NOUN">összeállítást</instance>
         <wf lemma="." pos="X">.</wf>
      </sentence>
      <sentence id="d000.s1046" source="wordnet-hungarian">
         <wf lemma="Jó" pos="X">Jó</wf>
         <instance id="d000.s1046.t000" lemma="nevelés" pos="NOUN">nevelést</instance>
         <wf lemma="kapott" pos="X">kapott</wf>
         <wf lemma="." pos="X">.</wf>
      </sentence>
      <sentence id="d000.s1047" source="wordnet-hungarian">
         <wf lemma="Sajnos" pos="X">Sajnos</wf>
         <wf lemma="a" pos="X">a</wf>
         <wf lemma="múlt" pos="X">múlt</wf>
         <wf lemma="héten" pos="X">héten</wf>
         <instance id="d000.s1047.t000" lemma="bezár" pos="VERB">bezárt</instance>
         <wf lemma="a" pos="X">a</wf>
         <wf lemma="kedvenc" pos="X">kedvenc</wf>
         <wf lemma="éttermünk" pos="X">éttermünk</wf>
         <wf lemma="." pos="X">.</wf>
      </sentence>
      <sentence id="d000.s1048" source="wordnet-hungarian">
         <wf lemma="A" pos="X">A</wf>
         <instance id="d000.s1048.t000" lemma="vér" pos="NOUN">vér</instance>
         <wf lemma="szállítja" pos="X">szállítja</wf>
         <wf lemma="az" pos="X">az</wf>
         <wf lemma="oxigént" pos="X">oxigént</wf>
         <wf lemma="és" pos="X">és</wf>
         <wf lemma="tápanyagokat" pos="X">tápanyagokat</wf>
         <wf lemma="a" pos="X">a</wf>
         <wf lemma="szövetekhez" pos="X">szövetekhez</wf>
         <wf lemma="." pos="X">.</wf>
      </sentence>
      <sentence id="d000.s1049" source="wordnet-hungarian">
         <wf lemma="Hozd" pos="X">Hozd</wf>
         <wf lemma="a" pos="X">a</wf>
         <instance id="d000.s1049.t000" lemma="szűrő" pos="NOUN">szűrőt</instance>
         <wf lemma="," pos="X">,</wf>
         <wf lemma="mert" pos="X">mert</wf>
         <wf lemma="kell" pos="X">kell</wf>
         <wf lemma="a" pos="X">a</wf>
         <wf lemma="tészta" pos="X">tészta</wf>
         <wf lemma="kiszedéséhez" pos="X">kiszedéséhez</wf>
         <wf lemma="!" pos="X">!</wf>
      </sentence>
      <sentence id="d000.s1050" source="wordnet-hungarian">
         <wf lemma="Az" pos="X">Az</wf>
         <wf lemma="ünnep" pos="X">ünnep</wf>
         <wf lemma="alkalmából" pos="X">alkalmából</wf>
         <wf lemma="még" pos="X">még</wf>
         <wf lemma="a" pos="X">a</wf>
         <wf lemma="lova" pos="X">lova</wf>
         <wf lemma="is" pos="X">is</wf>
         <wf lemma="díszes" pos="X">díszes</wf>
         <instance id="d000.s1050.t000" lemma="kantár" pos="NOUN">kantárt</instance>
         <wf lemma="viselt" pos="X">viselt</wf>
         <wf lemma="." pos="X">.</wf>
      </sentence>
      <sentence id="d000.s1051" source="wordnet-hungarian">
         <wf lemma="Rengeteg" pos="X">Rengeteg</wf>
         <wf lemma="szerető" pos="X">szerető</wf>
         <wf lemma="gondoskodást" pos="X">gondoskodást</wf>
         <instance id="d000.s1051.t000" lemma="ad" pos="VERB">adott</instance>
         <wf lemma="a" pos="X">a</wf>
         <wf lemma="gyerekeinek" pos="X">gyerekeinek</wf>
         <wf lemma="." pos="X">.</wf>
      </sentence>
      <sentence id="d000.s1052" source="wordnet-hungarian">
         <wf lemma="Mivel" pos="X">Mivel</wf>
         <wf lemma="demokráciában" pos="X">demokráciában</wf>
         <wf lemma="élünk" pos="X">élünk</wf>
         <wf lemma="," pos="X">,</wf>
         <wf lemma="ezért" pos="X">ezért</wf>
         <wf lemma="a" pos="X">a</wf>
         <wf lemma="politikai" pos="X">politikai</wf>
         <wf lemma="siker" pos="X">siker</wf>
         <wf lemma="eléréséhez" pos="X">eléréséhez</wf>
         <wf lemma="szavazati" pos="X">szavazati</wf>
         <instance id="d000.s1052.t000" lemma="többség" pos="NOUN">többség</instance>
         <wf lemma="szükségeltetik" pos="X">szükségeltetik</wf>
         <wf lemma="." pos="X">.</wf>
      </sentence>
      <sentence id="d000.s1053" source="wordnet-hungarian">
         <wf lemma="A" pos="X">A</wf>
         <wf lemma="két" pos="X">két</wf>
         <instance id="d000.s1053.t000" lemma="teniszező" pos="NOUN">teniszező</instance>
         <wf lemma="csak" pos="X">csak</wf>
         <wf lemma="öt" pos="X">öt</wf>
         <wf lemma="játszmában" pos="X">játszmában</wf>
         <wf lemma="tudta" pos="X">tudta</wf>
         <wf lemma="eldönteni" pos="X">eldönteni</wf>
         <wf lemma="," pos="X">,</wf>
         <wf lemma="hogy" pos="X">hogy</wf>
         <wf lemma="ki" pos="X">ki</wf>
         <wf lemma="kerüljön" pos="X">kerüljön</wf>
         <wf lemma="tovább" pos="X">tovább</wf>
         <wf lemma="az" pos="X">az</wf>
         <wf lemma="elődöntőbe" pos="X">elődöntőbe</wf>
         <wf lemma="." pos="X">.</wf>
      </sentence>
      <sentence id="d000.s1054" source="wordnet-hungarian">
         <wf lemma="A" pos="X">A</wf>
         <wf lemma="tudomány" pos="X">tudomány</wf>
         <wf lemma="fő" pos="X">fő</wf>
         <wf lemma="hajtóereje" pos="X">hajtóereje</wf>
         <wf lemma="a" pos="X">a</wf>
         <instance id="d000.s1054.t000" lemma="kíváncsiság" pos="NOUN">kíváncsiság</instance>
         <wf lemma="." pos="X">.</wf>
      </sentence>
      <sentence id="d000.s1055" source="wordnet-hungarian">
         <wf lemma="Nem" pos="X">Nem</wf>
         <wf lemma="tartok" pos="X">tartok</wf>
         <wf lemma="tovább" pos="X">tovább</wf>
         <wf lemma="barátomnak" pos="X">barátomnak</wf>
         <wf lemma="egy" pos="X">egy</wf>
         <wf lemma="ilyen" pos="X">ilyen</wf>
         <wf lemma="álnok" pos="X">álnok</wf>
         <instance id="d000.s1055.t000" lemma="kígyó" pos="NOUN">kígyót</instance>
         <wf lemma="," pos="X">,</wf>
         <wf lemma="aki" pos="X">aki</wf>
         <wf lemma="a" pos="X">a</wf>
         <wf lemma="hátam" pos="X">hátam</wf>
         <wf lemma="mögött" pos="X">mögött</wf>
         <wf lemma="ellenem" pos="X">ellenem</wf>
         <wf lemma="fordul" pos="X">fordul</wf>
         <wf lemma="." pos="X">.</wf>
      </sentence>
      <sentence id="d000.s1056" source="wordnet-hungarian">
         <wf lemma="A" pos="X">A</wf>
         <instance id="d000.s1056.t000" lemma="gravitáció" pos="NOUN">gravitáció</instance>
         <wf lemma="elméletének" pos="X">elméletének</wf>
         <wf lemma="első" pos="X">első</wf>
         <wf lemma="matematikai" pos="X">matematikai</wf>
         <wf lemma="megfogalmazását" pos="X">megfogalmazását</wf>
         <wf lemma="Sir" pos="X">Sir</wf>
         <wf lemma="Isaac" pos="X">Isaac</wf>
         <wf lemma="Newton" pos="X">Newton</wf>
         <wf lemma="adta" pos="X">adta</wf>
         <wf lemma="." pos="X">.</wf>
      </sentence>
      <sentence id="d000.s1057" source="wordnet-hungarian">
         <wf lemma="Az" pos="X">Az</wf>
         <wf lemma="elmúlt" pos="X">elmúlt</wf>
         <instance id="d000.s1057.t000" lemma="évtized" pos="NOUN">évtized</instance>
         <wf lemma="sok" pos="X">sok</wf>
         <wf lemma="újat" pos="X">újat</wf>
         <wf lemma="hozott" pos="X">hozott</wf>
         <wf lemma="." pos="X">.</wf>
      </sentence>
      <sentence id="d000.s1058" source="wordnet-hungarian">
         <wf lemma="A" pos="X">A</wf>
         <wf lemma="vadász" pos="X">vadász</wf>
         <wf lemma="háza" pos="X">háza</wf>
         <wf lemma="az" pos="X">az</wf>
         <instance id="d000.s1058.t000" lemma="erdő" pos="NOUN">erdő</instance>
         <wf lemma="szélén" pos="X">szélén</wf>
         <wf lemma="állt" pos="X">állt</wf>
         <wf lemma="." pos="X">.</wf>
      </sentence>
      <sentence id="d000.s1059" source="wordnet-hungarian">
         <wf lemma="A" pos="X">A</wf>
         <wf lemma="normális" pos="X">normális</wf>
         <instance id="d000.s1059.t000" lemma="alvás" pos="NOUN">alvás</instance>
         <wf lemma="során" pos="X">során</wf>
         <wf lemma="öt-hat" pos="X">öt-hat</wf>
         <wf lemma="," pos="X">,</wf>
         <wf lemma="átlagosan" pos="X">átlagosan</wf>
         <wf lemma="90" pos="X">90</wf>
         <wf lemma="percig" pos="X">percig</wf>
         <wf lemma="tartó" pos="X">tartó</wf>
         <wf lemma="ciklus" pos="X">ciklus</wf>
         <wf lemma="ismétlődik" pos="X">ismétlődik</wf>
         <wf lemma="." pos="X">.</wf>
      </sentence>
      <sentence id="d000.s1060" source="wordnet-hungarian">
         <wf lemma="A" pos="X">A</wf>
         <wf lemma="tervek" pos="X">tervek</wf>
         <instance id="d000.s1060.t000" lemma="bemutatás" pos="NOUN">bemutatása</instance>
         <wf lemma="sikeres" pos="X">sikeres</wf>
         <wf lemma="volt" pos="X">volt</wf>
         <wf lemma="." pos="X">.</wf>
      </sentence>
      <sentence id="d000.s1061" source="wordnet-hungarian">
         <wf lemma="A" pos="X">A</wf>
         <wf lemma="kaldera" pos="X">kaldera</wf>
         <wf lemma="közepén" pos="X">közepén</wf>
         <wf lemma="későbbi" pos="X">későbbi</wf>
         <wf lemma="vulkáni" pos="X">vulkáni</wf>
         <wf lemma="kitörések" pos="X">kitörések</wf>
         <wf lemma="nyomán" pos="X">nyomán</wf>
         <wf lemma="két" pos="X">két</wf>
         <wf lemma="újabb" pos="X">újabb</wf>
         <instance id="d000.s1061.t000" lemma="szigetecske" pos="NOUN">szigetecske</instance>
         <wf lemma="emelkedett" pos="X">emelkedett</wf>
         <wf lemma="ki" pos="X">ki</wf>
         <wf lemma="." pos="X">.</wf>
      </sentence>
      <sentence id="d000.s1062" source="wordnet-hungarian">
         <wf lemma="A" pos="X">A</wf>
         <wf lemma="csőd" pos="X">csőd</wf>
         <wf lemma="egy" pos="X">egy</wf>
         <wf lemma="mindig" pos="X">mindig</wf>
         <wf lemma="fennálló" pos="X">fennálló</wf>
         <instance id="d000.s1062.t000" lemma="lehetőség" pos="NOUN">lehetőség</instance>
         <wf lemma="." pos="X">.</wf>
      </sentence>
      <sentence id="d000.s1063" source="wordnet-hungarian">
         <wf lemma="Tisztában" pos="X">Tisztában</wf>
         <wf lemma="volt" pos="X">volt</wf>
         <wf lemma="a" pos="X">a</wf>
         <wf lemma="hozzászólása" pos="X">hozzászólása</wf>
         <instance id="d000.s1063.t000" lemma="jelentéktelenség" pos="NOUN">jelentéktelenségével</instance>
         <wf lemma="az" pos="X">az</wf>
         <wf lemma="ülés" pos="X">ülés</wf>
         <wf lemma="alatt" pos="X">alatt</wf>
         <wf lemma="." pos="X">.</wf>
      </sentence>
      <sentence id="d000.s1064" source="wordnet-hungarian">
         <wf lemma="A" pos="X">A</wf>
         <wf lemma="biológus" pos="X">biológus</wf>
         <wf lemma="hallgatóknak" pos="X">hallgatóknak</wf>
         <wf lemma="dönteniük" pos="X">dönteniük</wf>
         <wf lemma="kellett" pos="X">kellett</wf>
         <wf lemma="," pos="X">,</wf>
         <wf lemma="hogy" pos="X">hogy</wf>
         <instance id="d000.s1064.t000" lemma="növény" pos="NOUN">növényekre</instance>
         <wf lemma="vagy" pos="X">vagy</wf>
         <wf lemma="állatokra" pos="X">állatokra</wf>
         <wf lemma="akarnak" pos="X">akarnak</wf>
         <wf lemma="szakosodni" pos="X">szakosodni</wf>
         <wf lemma="." pos="X">.</wf>
      </sentence>
      <sentence id="d000.s1065" source="wordnet-hungarian">
         <wf lemma="Az" pos="X">Az</wf>
         <wf lemma="arányok" pos="X">arányok</wf>
         <instance id="d000.s1065.t000" lemma="kiegyenlítés" pos="NOUN">kiegyenlítése</instance>
         <wf lemma="nehezebb" pos="X">nehezebb</wf>
         <wf lemma="volt" pos="X">volt</wf>
         <wf lemma="," pos="X">,</wf>
         <wf lemma="mint" pos="X">mint</wf>
         <wf lemma="várták" pos="X">várták</wf>
         <wf lemma="." pos="X">.</wf>
      </sentence>
      <sentence id="d000.s1066" source="wordnet-hungarian">
         <wf lemma="A" pos="X">A</wf>
         <wf lemma="háború" pos="X">háború</wf>
         <instance id="d000.s1066.t000" lemma="közép" pos="NOUN">közepén</instance>
         <wf lemma="született" pos="X">született</wf>
         <wf lemma="." pos="X">.</wf>
      </sentence>
      <sentence id="d000.s1067" source="wordnet-hungarian">
         <wf lemma="A" pos="X">A</wf>
         <wf lemma="felesége" pos="X">felesége</wf>
         <wf lemma="tudott" pos="X">tudott</wf>
         <wf lemma="róla" pos="X">róla</wf>
         <wf lemma="," pos="X">,</wf>
         <wf lemma="hogy" pos="X">hogy</wf>
         <instance id="d000.s1067.t000" lemma="szerető" pos="NOUN">szeretőt</instance>
         <wf lemma="tart" pos="X">tart</wf>
         <wf lemma="." pos="X">.</wf>
      </sentence>
      <sentence id="d000.s1068" source="wordnet-hungarian">
         <wf lemma="Ebben" pos="X">Ebben</wf>
         <wf lemma="a" pos="X">a</wf>
         <wf lemma="spektrumban" pos="X">spektrumban</wf>
         <wf lemma="a" pos="X">a</wf>
         <wf lemma="protocsillag" pos="X">protocsillag</wf>
         <wf lemma="és" pos="X">és</wf>
         <wf lemma="a" pos="X">a</wf>
         <wf lemma="beágyazó" pos="X">beágyazó</wf>
         <wf lemma="burok" pos="X">burok</wf>
         <instance id="d000.s1068.t000" lemma="kölcsönhatás" pos="NOUN">kölcsönhatásait</instance>
         <wf lemma="látjuk" pos="X">látjuk</wf>
         <wf lemma="." pos="X">.</wf>
      </sentence>
      <sentence id="d000.s1069" source="wordnet-hungarian">
         <wf lemma="Pista" pos="X">Pista</wf>
         <instance id="d000.s1069.t000" lemma="támogat" pos="VERB">támogatta</instance>
         <wf lemma="édesanyját" pos="X">édesanyját</wf>
         <wf lemma="a" pos="X">a</wf>
         <wf lemma="betegsége" pos="X">betegsége</wf>
         <wf lemma="alatt" pos="X">alatt</wf>
         <wf lemma="." pos="X">.</wf>
      </sentence>
      <sentence id="d000.s1070" source="wordnet-hungarian">
         <wf lemma="Az" pos="X">Az</wf>
         <instance id="d000.s1070.t000" lemma="örökkévalóság" pos="NOUN">örökkévalósághoz</instance>
         <wf lemma="képest" pos="X">képest</wf>
         <wf lemma="semmi" pos="X">semmi</wf>
         <wf lemma="az" pos="X">az</wf>
         <wf lemma="élet" pos="X">élet</wf>
         <wf lemma="." pos="X">.</wf>
      </sentence>
      <sentence id="d000.s1071" source="wordnet-hungarian">
         <wf lemma="A" pos="X">A</wf>
         <instance id="d000.s1071.t000" lemma="horizont" pos="NOUN">horizonton</instance>
         <wf lemma="feltűnt" pos="X">feltűnt</wf>
         <wf lemma="egy" pos="X">egy</wf>
         <wf lemma="távoli" pos="X">távoli</wf>
         <wf lemma="vitorla" pos="X">vitorla</wf>
         <wf lemma="." pos="X">.</wf>
      </sentence>
      <sentence id="d000.s1072" source="wordnet-hungarian">
         <wf lemma="Ha" pos="X">Ha</wf>
         <wf lemma="hétből" pos="X">hétből</wf>
         <wf lemma="kivonunk" pos="X">kivonunk</wf>
         <wf lemma="ötöt" pos="X">ötöt</wf>
         <wf lemma="," pos="X">,</wf>
         <wf lemma="akkor" pos="X">akkor</wf>
         <wf lemma="a" pos="X">a</wf>
         <instance id="d000.s1072.t000" lemma="maradék" pos="NOUN">maradék</instance>
         <wf lemma="kettő" pos="X">kettő</wf>
         <wf lemma="." pos="X">.</wf>
      </sentence>
      <sentence id="d000.s1073" source="wordnet-hungarian">
         <wf lemma="Ez" pos="X">Ez</wf>
         <wf lemma="az" pos="X">az</wf>
         <wf lemma="üzlet" pos="X">üzlet</wf>
         <wf lemma="csak" pos="X">csak</wf>
         <instance id="d000.s1073.t000" lemma="műalkotás" pos="NOUN">műalkotásokat</instance>
         <wf lemma="árul" pos="X">árul</wf>
         <wf lemma="." pos="X">.</wf>
      </sentence>
      <sentence id="d000.s1074" source="wordnet-hungarian">
         <wf lemma="Az" pos="X">Az</wf>
         <wf lemma="egész" pos="X">egész</wf>
         <instance id="d000.s1074.t000" lemma="város" pos="NOUN">város</instance>
         <wf lemma="elment" pos="X">elment</wf>
         <wf lemma="a" pos="X">a</wf>
         <wf lemma="bajnokcsapat" pos="X">bajnokcsapat</wf>
         <wf lemma="fogadására" pos="X">fogadására</wf>
         <wf lemma="." pos="X">.</wf>
      </sentence>
      <sentence id="d000.s1075" source="wordnet-hungarian">
         <wf lemma="Lónyait" pos="X">Lónyait</wf>
         <instance id="d000.s1075.t000" lemma="szélső" pos="NOUN">szélsőnek</instance>
         <wf lemma="igazoltuk" pos="X">igazoltuk</wf>
         <wf lemma="," pos="X">,</wf>
         <wf lemma="s" pos="X">s</wf>
         <wf lemma="akár" pos="X">akár</wf>
         <wf lemma="meghatározó" pos="X">meghatározó</wf>
         <wf lemma="játékos" pos="X">játékos</wf>
         <wf lemma="is" pos="X">is</wf>
         <wf lemma="lehet" pos="X">lehet</wf>
         <wf lemma="." pos="X">.</wf>
      </sentence>
      <sentence id="d000.s1076" source="wordnet-hungarian">
         <wf lemma="A" pos="X">A</wf>
         <instance id="d000.s1076.t000" lemma="haszonélvező" pos="NOUN">haszonélvezőt</instance>
         <wf lemma="terheli" pos="X">terheli</wf>
         <wf lemma="az" pos="X">az</wf>
         <wf lemma="ingatlan" pos="X">ingatlan</wf>
         <wf lemma="előtti" pos="X">előtti</wf>
         <wf lemma="járda" pos="X">járda</wf>
         <wf lemma="tisztántartása" pos="X">tisztántartása</wf>
         <wf lemma="." pos="X">.</wf>
      </sentence>
      <sentence id="d000.s1077" source="wordnet-hungarian">
         <wf lemma="Ez" pos="X">Ez</wf>
         <wf lemma="az" pos="X">az</wf>
         <wf lemma="elmélet" pos="X">elmélet</wf>
         <wf lemma="a" pos="X">a</wf>
         <wf lemma="racionális" pos="X">racionális</wf>
         <wf lemma="számokra" pos="X">számokra</wf>
         <instance id="d000.s1077.t000" lemma="áll" pos="VERB">áll</instance>
         <wf lemma="." pos="X">.</wf>
      </sentence>
      <sentence id="d000.s1078" source="wordnet-hungarian">
         <wf lemma="A" pos="X">A</wf>
         <instance id="d000.s1078.t000" lemma="primitív" pos="NOUN">primitívek</instance>
         <wf lemma="között" pos="X">között</wf>
         <wf lemma="élt" pos="X">élt</wf>
         <wf lemma="több" pos="X">több</wf>
         <wf lemma="évtizeden" pos="X">évtizeden</wf>
         <wf lemma="át" pos="X">át</wf>
         <wf lemma="." pos="X">.</wf>
      </sentence>
      <sentence id="d000.s1079" source="wordnet-hungarian">
         <wf lemma="Nem" pos="X">Nem</wf>
         <wf lemma="hisz" pos="X">hisz</wf>
         <wf lemma="abban" pos="X">abban</wf>
         <wf lemma="," pos="X">,</wf>
         <wf lemma="hogy" pos="X">hogy</wf>
         <wf lemma="az" pos="X">az</wf>
         <instance id="d000.s1079.t000" lemma="áldozat" pos="NOUN">áldozatait</instance>
         <wf lemma="összekaszaboló" pos="X">összekaszaboló</wf>
         <wf lemma="rémalak" pos="X">rémalak</wf>
         <wf lemma="valóságos" pos="X">valóságos</wf>
         <wf lemma="lenne" pos="X">lenne</wf>
         <wf lemma="." pos="X">.</wf>
      </sentence>
      <sentence id="d000.s1080" source="wordnet-hungarian">
         <wf lemma="A" pos="X">A</wf>
         <wf lemma="tíz" pos="X">tíz</wf>
         <wf lemma="alapvető" pos="X">alapvető</wf>
         <instance id="d000.s1080.t000" lemma="társastánc" pos="NOUN">társastáncot</instance>
         <wf lemma="két" pos="X">két</wf>
         <wf lemma="nagy" pos="X">nagy</wf>
         <wf lemma="csoportra" pos="X">csoportra</wf>
         <wf lemma="bonthatjuk" pos="X">bonthatjuk</wf>
         <wf lemma="a" pos="X">a</wf>
         <wf lemma="zene" pos="X">zene</wf>
         <wf lemma="hangszerelése" pos="X">hangszerelése</wf>
         <wf lemma="és" pos="X">és</wf>
         <wf lemma="ritmikája" pos="X">ritmikája</wf>
         <wf lemma="szerint" pos="X">szerint</wf>
         <wf lemma="." pos="X">.</wf>
      </sentence>
      <sentence id="d000.s1081" source="wordnet-hungarian">
         <wf lemma="A" pos="X">A</wf>
         <wf lemma="segédtiszt" pos="X">segédtiszt</wf>
         <wf lemma="reggel" pos="X">reggel</wf>
         <wf lemma="hozta" pos="X">hozta</wf>
         <wf lemma="a" pos="X">a</wf>
         <wf lemma="hírt" pos="X">hírt</wf>
         <wf lemma="," pos="X">,</wf>
         <wf lemma="hogy" pos="X">hogy</wf>
         <wf lemma="tőlünk" pos="X">tőlünk</wf>
         <wf lemma="délre" pos="X">délre</wf>
         <wf lemma="az" pos="X">az</wf>
         <wf lemma="olaszok" pos="X">olaszok</wf>
         <wf lemma="arcvonalát" pos="X">arcvonalát</wf>
         <wf lemma="az" pos="X">az</wf>
         <wf lemma="oroszok" pos="X">oroszok</wf>
         <wf lemma="áttörték" pos="X">áttörték</wf>
         <wf lemma="és" pos="X">és</wf>
         <wf lemma="a" pos="X">a</wf>
         <instance id="d000.s1081.t000" lemma="digó" pos="NOUN">digók</instance>
         <wf lemma="pucolnak" pos="X">pucolnak</wf>
         <wf lemma="hazafelé" pos="X">hazafelé</wf>
         <wf lemma="." pos="X">.</wf>
      </sentence>
      <sentence id="d000.s1082" source="wordnet-hungarian">
         <wf lemma="Az" pos="X">Az</wf>
         <wf lemma="egyesület" pos="X">egyesület</wf>
         <wf lemma="elnöke" pos="X">elnöke</wf>
         <wf lemma="szerint" pos="X">szerint</wf>
         <wf lemma="kormánybiztost" pos="X">kormánybiztost</wf>
         <wf lemma="kellene" pos="X">kellene</wf>
         <wf lemma="kinevezni" pos="X">kinevezni</wf>
         <wf lemma="a" pos="X">a</wf>
         <instance id="d000.s1082.t000" lemma="gyom" pos="NOUN">gyom</instance>
         <wf lemma="kiirtásáért" pos="X">kiirtásáért</wf>
         <wf lemma="." pos="X">.</wf>
      </sentence>
      <sentence id="d000.s1083" source="wordnet-hungarian">
         <wf lemma="Ma" pos="X">Ma</wf>
         <wf lemma="azt" pos="X">azt</wf>
         <wf lemma="a" pos="X">a</wf>
         <wf lemma="szót" pos="X">szót</wf>
         <wf lemma="hallva" pos="X">hallva</wf>
         <wf lemma="," pos="X">,</wf>
         <wf lemma="hogy" pos="X">hogy</wf>
         <instance id="d000.s1083.t000" lemma="zab" pos="NOUN">zab</instance>
         <wf lemma="," pos="X">,</wf>
         <wf lemma="leginkább" pos="X">leginkább</wf>
         <wf lemma="zabkására" pos="X">zabkására</wf>
         <wf lemma="," pos="X">,</wf>
         <wf lemma="zabnyákra" pos="X">zabnyákra</wf>
         <wf lemma="és" pos="X">és</wf>
         <wf lemma="egyéb" pos="X">egyéb</wf>
         <wf lemma="zabpehelykészítményekre" pos="X">zabpehelykészítményekre</wf>
         <wf lemma="gondolunk" pos="X">gondolunk</wf>
         <wf lemma="." pos="X">.</wf>
      </sentence>
      <sentence id="d000.s1084" source="wordnet-hungarian">
         <wf lemma="Hideg" pos="X">Hideg</wf>
         <instance id="d000.s1084.t000" lemma="légáramlat" pos="NOUN">légáramlat</instance>
         <wf lemma="közelít" pos="X">közelít</wf>
         <wf lemma="kontinensünk" pos="X">kontinensünk</wf>
         <wf lemma="felé" pos="X">felé</wf>
         <wf lemma="." pos="X">.</wf>
      </sentence>
      <sentence id="d000.s1085" source="wordnet-hungarian">
         <wf lemma="A" pos="X">A</wf>
         <instance id="d000.s1085.t000" lemma="vanádium" pos="NOUN">vanádiumot</instance>
         <wf lemma="1830-körül" pos="X">1830-körül</wf>
         <wf lemma="fedezték" pos="X">fedezték</wf>
         <wf lemma="fel" pos="X">fel</wf>
         <wf lemma="." pos="X">.</wf>
      </sentence>
      <sentence id="d000.s1086" source="wordnet-hungarian">
         <wf lemma="A" pos="X">A</wf>
         <instance id="d000.s1086.t000" lemma="bomlás" pos="NOUN">bomlás</instance>
         <wf lemma="jelei" pos="X">jelei</wf>
         <wf lemma="mutatkoztak" pos="X">mutatkoztak</wf>
         <wf lemma="a" pos="X">a</wf>
         <wf lemma="tetemen" pos="X">tetemen</wf>
         <wf lemma="," pos="X">,</wf>
         <wf lemma="amit" pos="X">amit</wf>
         <wf lemma="találtak" pos="X">találtak</wf>
         <wf lemma="." pos="X">.</wf>
      </sentence>
      <sentence id="d000.s1087" source="wordnet-hungarian">
         <wf lemma="A" pos="X">A</wf>
         <instance id="d000.s1087.t000" lemma="földgáz" pos="NOUN">földgáz</instance>
         <wf lemma="tiszta" pos="X">tiszta</wf>
         <wf lemma="," pos="X">,</wf>
         <wf lemma="jól" pos="X">jól</wf>
         <wf lemma="szabályozható" pos="X">szabályozható</wf>
         <wf lemma="," pos="X">,</wf>
         <wf lemma="gazdaságosan" pos="X">gazdaságosan</wf>
         <wf lemma="és" pos="X">és</wf>
         <wf lemma="energiatakarékosan" pos="X">energiatakarékosan</wf>
         <wf lemma="alkalmazható" pos="X">alkalmazható</wf>
         <wf lemma="energiahordozó" pos="X">energiahordozó</wf>
         <wf lemma="." pos="X">.</wf>
      </sentence>
      <sentence id="d000.s1088" source="wordnet-hungarian">
         <wf lemma="Kati" pos="X">Kati</wf>
         <wf lemma="egy" pos="X">egy</wf>
         <wf lemma="állatfigurát" pos="X">állatfigurát</wf>
         <instance id="d000.s1088.t000" lemma="rajzol" pos="VERB">rajzolt</instance>
         <wf lemma="a" pos="X">a</wf>
         <wf lemma="homokba" pos="X">homokba</wf>
         <wf lemma="." pos="X">.</wf>
      </sentence>
      <sentence id="d000.s1089" source="wordnet-hungarian">
         <wf lemma="A" pos="X">A</wf>
         <wf lemma="munkások" pos="X">munkások</wf>
         <instance id="d000.s1089.t000" lemma="árok" pos="NOUN">árkot</instance>
         <wf lemma="ásnak" pos="X">ásnak</wf>
         <wf lemma="," pos="X">,</wf>
         <wf lemma="hogy" pos="X">hogy</wf>
         <wf lemma="a" pos="X">a</wf>
         <wf lemma="szennyvízcső" pos="X">szennyvízcső</wf>
         <wf lemma="a" pos="X">a</wf>
         <wf lemma="földbe" pos="X">földbe</wf>
         <wf lemma="kerülhessen" pos="X">kerülhessen</wf>
         <wf lemma="." pos="X">.</wf>
      </sentence>
      <sentence id="d000.s1090" source="wordnet-hungarian">
         <wf lemma="A" pos="X">A</wf>
         <wf lemma="cég" pos="X">cég</wf>
         <wf lemma="ügyeiben" pos="X">ügyeiben</wf>
         <wf lemma="való" pos="X">való</wf>
         <wf lemma="eljáráshoz" pos="X">eljáráshoz</wf>
         <wf lemma="írásbeli" pos="X">írásbeli</wf>
         <instance id="d000.s1090.t000" lemma="meghatalmazás" pos="NOUN">meghatalmazás</instance>
         <wf lemma="szükséges" pos="X">szükséges</wf>
         <wf lemma="." pos="X">.</wf>
      </sentence>
      <sentence id="d000.s1091" source="wordnet-hungarian">
         <wf lemma="A" pos="X">A</wf>
         <instance id="d000.s1091.t000" lemma="konvoj" pos="NOUN">konvojban</instance>
         <wf lemma="közlekedő" pos="X">közlekedő</wf>
         <wf lemma="," pos="X">,</wf>
         <wf lemma="száguldozó" pos="X">száguldozó</wf>
         <wf lemma="járművek" pos="X">járművek</wf>
         <wf lemma="nehezen" pos="X">nehezen</wf>
         <wf lemma="tolerálható" pos="X">tolerálható</wf>
         <wf lemma="zajt" pos="X">zajt</wf>
         <wf lemma="és" pos="X">és</wf>
         <wf lemma="rezgéseket" pos="X">rezgéseket</wf>
         <wf lemma="okoznak" pos="X">okoznak</wf>
         <wf lemma="." pos="X">.</wf>
      </sentence>
      <sentence id="d000.s1092" source="wordnet-hungarian">
         <wf lemma="Egy" pos="X">Egy</wf>
         <wf lemma="egész" pos="X">egész</wf>
         <instance id="d000.s1092.t000" lemma="kád" pos="NOUN">kádat</instance>
         <wf lemma="is" pos="X">is</wf>
         <wf lemma="megtölthetet" pos="X">megtölthetet</wf>
         <wf lemma="volna" pos="X">volna</wf>
         <wf lemma="könnyeivel" pos="X">könnyeivel</wf>
         <wf lemma="." pos="X">.</wf>
      </sentence>
      <sentence id="d000.s1093" source="wordnet-hungarian">
         <wf lemma="Profi" pos="X">Profi</wf>
         <wf lemma="sportágnak" pos="X">sportágnak</wf>
         <wf lemma="nyilvánítják" pos="X">nyilvánítják</wf>
         <wf lemma="a" pos="X">a</wf>
         <instance id="d000.s1093.t000" lemma="kosárlabda" pos="NOUN">kosárlabdát</instance>
         <wf lemma="Romániában" pos="X">Romániában</wf>
         <wf lemma="." pos="X">.</wf>
      </sentence>
      <sentence id="d000.s1094" source="wordnet-hungarian">
         <wf lemma="A" pos="X">A</wf>
         <wf lemma="magasabb" pos="X">magasabb</wf>
         <wf lemma="molekulasúlyú" pos="X">molekulasúlyú</wf>
         <instance id="d000.s1094.t000" lemma="észter" pos="NOUN">észterek</instance>
         <wf lemma="közül" pos="X">közül</wf>
         <wf lemma="legfontosabbak" pos="X">legfontosabbak</wf>
         <wf lemma="a" pos="X">a</wf>
         <wf lemma="zsírok" pos="X">zsírok</wf>
         <wf lemma="és" pos="X">és</wf>
         <wf lemma="olajok" pos="X">olajok</wf>
         <wf lemma="." pos="X">.</wf>
      </sentence>
      <sentence id="d000.s1095" source="wordnet-hungarian">
         <wf lemma="A" pos="X">A</wf>
         <wf lemma="jó" pos="X">jó</wf>
         <wf lemma="ötleteket" pos="X">ötleteket</wf>
         <instance id="d000.s1095.t000" lemma="pártfogol" pos="VERB">pártfogolni</instance>
         <wf lemma="kell" pos="X">kell</wf>
         <wf lemma="." pos="X">.</wf>
      </sentence>
      <sentence id="d000.s1096" source="wordnet-hungarian">
         <wf lemma="A" pos="X">A</wf>
         <wf lemma="flotta" pos="X">flotta</wf>
         <wf lemma="és" pos="X">és</wf>
         <wf lemma="a" pos="X">a</wf>
         <wf lemma="légierő" pos="X">légierő</wf>
         <wf lemma="közös" pos="X">közös</wf>
         <instance id="d000.s1096.t000" lemma="hadművelet" pos="NOUN">hadművelete</instance>
         <wf lemma="volt" pos="X">volt</wf>
         <wf lemma="." pos="X">.</wf>
      </sentence>
      <sentence id="d000.s1097" source="wordnet-hungarian">
         <wf lemma="A" pos="X">A</wf>
         <wf lemma="méhek" pos="X">méhek</wf>
         <wf lemma="virágport" pos="X">virágport</wf>
         <wf lemma="," pos="X">,</wf>
         <wf lemma="nektárt" pos="X">nektárt</wf>
         <wf lemma="és" pos="X">és</wf>
         <wf lemma="a" pos="X">a</wf>
         <wf lemma="növények" pos="X">növények</wf>
         <wf lemma="virágjainak" pos="X">virágjainak</wf>
         <wf lemma="egyéb" pos="X">egyéb</wf>
         <wf lemma="édeskés" pos="X">édeskés</wf>
         <wf lemma="nedveit" pos="X">nedveit</wf>
         <wf lemma="gyűjtik" pos="X">gyűjtik</wf>
         <wf lemma="be" pos="X">be</wf>
         <wf lemma="," pos="X">,</wf>
         <wf lemma="de" pos="X">de</wf>
         <instance id="d000.s1097.t000" lemma="méz" pos="NOUN">méz</instance>
         <wf lemma="csak" pos="X">csak</wf>
         <wf lemma="a" pos="X">a</wf>
         <wf lemma="nektárból" pos="X">nektárból</wf>
         <wf lemma="készül" pos="X">készül</wf>
         <wf lemma="." pos="X">.</wf>
      </sentence>
      <sentence id="d000.s1098" source="wordnet-hungarian">
         <wf lemma="Remélem" pos="X">Remélem</wf>
         <wf lemma="," pos="X">,</wf>
         <wf lemma="hogy" pos="X">hogy</wf>
         <wf lemma="nemsokára" pos="X">nemsokára</wf>
         <wf lemma="a" pos="X">a</wf>
         <instance id="d000.s1098.t000" lemma="társaság" pos="NOUN">társaságuk</instance>
         <wf lemma="tagjává" pos="X">tagjává</wf>
         <wf lemma="válhatok" pos="X">válhatok</wf>
         <wf lemma="." pos="X">.</wf>
      </sentence>
      <sentence id="d000.s1099" source="wordnet-hungarian">
         <wf lemma="A" pos="X">A</wf>
         <wf lemma="csonka" pos="X">csonka</wf>
         <wf lemma="oldalsávos" pos="X">oldalsávos</wf>
         <wf lemma="amplitudómodulációnál" pos="X">amplitudómodulációnál</wf>
         <wf lemma="a" pos="X">a</wf>
         <instance id="d000.s1099.t000" lemma="vivőhullám" pos="NOUN">vivőhullámot</instance>
         <wf lemma="nem" pos="X">nem</wf>
         <wf lemma="nyomják" pos="X">nyomják</wf>
         <wf lemma="el" pos="X">el</wf>
         <wf lemma="." pos="X">.</wf>
      </sentence>
      <sentence id="d000.s1100" source="wordnet-hungarian">
         <wf lemma="A" pos="X">A</wf>
         <wf lemma="nyelvtechnológiai" pos="X">nyelvtechnológiai</wf>
         <instance id="d000.s1100.t000" lemma="csoport" pos="NOUN">csoport</instance>
         <wf lemma="munkájával" pos="X">munkájával</wf>
         <wf lemma="nagyon" pos="X">nagyon</wf>
         <wf lemma="meg" pos="X">meg</wf>
         <wf lemma="lehetünk" pos="X">lehetünk</wf>
         <wf lemma="elégedve" pos="X">elégedve</wf>
         <wf lemma="." pos="X">.</wf>
      </sentence>
      <sentence id="d000.s1101" source="wordnet-hungarian">
         <wf lemma="A" pos="X">A</wf>
         <wf lemma="mezőgazdasági" pos="X">mezőgazdasági</wf>
         <wf lemma="tudományok" pos="X">tudományok</wf>
         <instance id="d000.s1101.t000" lemma="doktor" pos="NOUN">doktorát</instance>
         <wf lemma="," pos="X">,</wf>
         <wf lemma="egy" pos="X">egy</wf>
         <wf lemma="elismert" pos="X">elismert</wf>
         <wf lemma="halbiológust" pos="X">halbiológust</wf>
         <wf lemma="neveztek" pos="X">neveztek</wf>
         <wf lemma="ki" pos="X">ki</wf>
         <wf lemma="az" pos="X">az</wf>
         <wf lemma="intézet" pos="X">intézet</wf>
         <wf lemma="igazgatójává" pos="X">igazgatójává</wf>
         <wf lemma="." pos="X">.</wf>
      </sentence>
      <sentence id="d000.s1102" source="wordnet-hungarian">
         <wf lemma="Nem" pos="X">Nem</wf>
         <wf lemma="könnyű" pos="X">könnyű</wf>
         <wf lemma="eldönteni" pos="X">eldönteni</wf>
         <wf lemma="a" pos="X">a</wf>
         <wf lemma="pereskedő" pos="X">pereskedő</wf>
         <instance id="d000.s1102.t000" lemma="fél" pos="NOUN">felek</instance>
         <wf lemma="között" pos="X">között</wf>
         <wf lemma="," pos="X">,</wf>
         <wf lemma="hogy" pos="X">hogy</wf>
         <wf lemma="kinek" pos="X">kinek</wf>
         <wf lemma="van" pos="X">van</wf>
         <wf lemma="igaza" pos="X">igaza</wf>
         <wf lemma="." pos="X">.</wf>
      </sentence>
      <sentence id="d000.s1103" source="wordnet-hungarian">
         <wf lemma="A" pos="X">A</wf>
         <wf lemma="kígyók" pos="X">kígyók</wf>
         <wf lemma="a" pos="X">a</wf>
         <wf lemma="hüllők" pos="X">hüllők</wf>
         <wf lemma="osztályának" pos="X">osztályának</wf>
         <instance id="d000.s1103.t000" lemma="tag" pos="NOUN">tagjai</instance>
         <wf lemma="." pos="X">.</wf>
      </sentence>
      <sentence id="d000.s1104" source="wordnet-hungarian">
         <wf lemma="Megpróbálta" pos="X">Megpróbálta</wf>
         <wf lemma="gyermekeit" pos="X">gyermekeit</wf>
         <wf lemma="távol" pos="X">távol</wf>
         <wf lemma="tartani" pos="X">tartani</wf>
         <wf lemma="az" pos="X">az</wf>
         <instance id="d000.s1104.t000" lemma="utca" pos="NOUN">utcától</instance>
         <wf lemma="." pos="X">.</wf>
      </sentence>
      <sentence id="d000.s1105" source="wordnet-hungarian">
         <wf lemma="A" pos="X">A</wf>
         <wf lemma="gáz" pos="X">gáz</wf>
         <wf lemma="az" pos="X">az</wf>
         <wf lemma="összes" pos="X">összes</wf>
         <wf lemma="rendelkezésére" pos="X">rendelkezésére</wf>
         <wf lemma="álló" pos="X">álló</wf>
         <wf lemma="teret" pos="X">teret</wf>
         <instance id="d000.s1105.t000" lemma="kitölt" pos="VERB">kitölti</instance>
         <wf lemma="." pos="X">.</wf>
      </sentence>
      <sentence id="d000.s1106" source="wordnet-hungarian">
         <wf lemma="A" pos="X">A</wf>
         <instance id="d000.s1106.t000" lemma="csapás" pos="NOUN">csapás</instance>
         <wf lemma="az" pos="X">az</wf>
         <wf lemma="egész" pos="X">egész</wf>
         <wf lemma="város" pos="X">város</wf>
         <wf lemma="területét" pos="X">területét</wf>
         <wf lemma="érintette" pos="X">érintette</wf>
         <wf lemma="." pos="X">.</wf>
      </sentence>
      <sentence id="d000.s1107" source="wordnet-hungarian">
         <wf lemma="Kíváló" pos="X">Kíváló</wf>
         <wf lemma="minőségű" pos="X">minőségű</wf>
         <wf lemma="," pos="X">,</wf>
         <instance id="d000.s1107.t000" lemma="oldószer" pos="NOUN">oldószert</instance>
         <wf lemma="nem" pos="X">nem</wf>
         <wf lemma="tartalmazó" pos="X">tartalmazó</wf>
         <wf lemma="ragasztóstiftet" pos="X">ragasztóstiftet</wf>
         <wf lemma="vett" pos="X">vett</wf>
         <wf lemma="." pos="X">.</wf>
      </sentence>
      <sentence id="d000.s1108" source="wordnet-hungarian">
         <instance id="d000.s1108.t000" lemma="ajánlat" pos="NOUN">Ajánlatunkra</instance>
         <wf lemma="már" pos="X">már</wf>
         <wf lemma="két" pos="X">két</wf>
         <wf lemma="hete" pos="X">hete</wf>
         <wf lemma="semmi" pos="X">semmi</wf>
         <wf lemma="válasz" pos="X">válasz</wf>
         <wf lemma="sem" pos="X">sem</wf>
         <wf lemma="érkezett" pos="X">érkezett</wf>
         <wf lemma="." pos="X">.</wf>
      </sentence>
      <sentence id="d000.s1109" source="wordnet-hungarian">
         <wf lemma="A" pos="X">A</wf>
         <wf lemma="patkány" pos="X">patkány</wf>
         <wf lemma="a" pos="X">a</wf>
         <wf lemma="búzába" pos="X">búzába</wf>
         <instance id="d000.s1109.t000" lemma="fullad" pos="VERB">fulladt</instance>
         <wf lemma="." pos="X">.</wf>
      </sentence>
      <sentence id="d000.s1110" source="wordnet-hungarian">
         <wf lemma="Erőink" pos="X">Erőink</wf>
         <instance id="d000.s1110.t000" lemma="egyesítés" pos="NOUN">egyesítésével</instance>
         <wf lemma="egyőzhetjük" pos="X">egyőzhetjük</wf>
         <wf lemma="a" pos="X">a</wf>
         <wf lemma="gazokat" pos="X">gazokat</wf>
         <wf lemma="." pos="X">.</wf>
      </sentence>
      <sentence id="d000.s1111" source="wordnet-hungarian">
         <wf lemma="Az" pos="X">Az</wf>
         <instance id="d000.s1111.t000" lemma="operatőr" pos="NOUN">operatőr</instance>
         <wf lemma="a" pos="X">a</wf>
         <wf lemma="játékfilmben" pos="X">játékfilmben</wf>
         <wf lemma="a" pos="X">a</wf>
         <wf lemma="használt" pos="X">használt</wf>
         <wf lemma="kamerák" pos="X">kamerák</wf>
         <wf lemma="számától" pos="X">számától</wf>
         <wf lemma="és" pos="X">és</wf>
         <wf lemma="fajtájától" pos="X">fajtájától</wf>
         <wf lemma="függően" pos="X">függően</wf>
         <wf lemma="nem" pos="X">nem</wf>
         <wf lemma="egyedül" pos="X">egyedül</wf>
         <wf lemma="készít" pos="X">készít</wf>
         <wf lemma="felvételeket" pos="X">felvételeket</wf>
         <wf lemma="." pos="X">.</wf>
      </sentence>
      <sentence id="d000.s1112" source="wordnet-hungarian">
         <wf lemma="Az" pos="X">Az</wf>
         <instance id="d000.s1112.t000" lemma="akrobatika" pos="NOUN">akrobatika</instance>
         <wf lemma="nemrég" pos="X">nemrég</wf>
         <wf lemma="került" pos="X">került</wf>
         <wf lemma="fel" pos="X">fel</wf>
         <wf lemma="a" pos="X">a</wf>
         <wf lemma="diákolimpia" pos="X">diákolimpia</wf>
         <wf lemma="sportágai" pos="X">sportágai</wf>
         <wf lemma="közé" pos="X">közé</wf>
         <wf lemma="." pos="X">.</wf>
      </sentence>
      <sentence id="d000.s1113" source="wordnet-hungarian">
         <wf lemma="A" pos="X">A</wf>
         <instance id="d000.s1113.t000" lemma="sáfrány" pos="NOUN">sáfrány</instance>
         <wf lemma="évelő" pos="X">évelő</wf>
         <wf lemma="," pos="X">,</wf>
         <wf lemma="hagymagumós" pos="X">hagymagumós</wf>
         <wf lemma="növény" pos="X">növény</wf>
         <wf lemma="," pos="X">,</wf>
         <wf lemma="a" pos="X">a</wf>
         <wf lemma="virág" pos="X">virág</wf>
         <wf lemma="sárga" pos="X">sárga</wf>
         <wf lemma="bibéje" pos="X">bibéje</wf>
         <wf lemma="maga" pos="X">maga</wf>
         <wf lemma="a" pos="X">a</wf>
         <wf lemma="fűszer" pos="X">fűszer</wf>
         <wf lemma="," pos="X">,</wf>
         <wf lemma="mely" pos="X">mely</wf>
         <wf lemma="illóolajat" pos="X">illóolajat</wf>
         <wf lemma="," pos="X">,</wf>
         <wf lemma="karotint" pos="X">karotint</wf>
         <wf lemma="és" pos="X">és</wf>
         <wf lemma="zsírosolajat" pos="X">zsírosolajat</wf>
         <wf lemma="tartalmaz" pos="X">tartalmaz</wf>
         <wf lemma=";" pos="X">;</wf>
         <wf lemma="a" pos="X">a</wf>
         <wf lemma="fűszer" pos="X">fűszer</wf>
         <wf lemma="ára" pos="X">ára</wf>
         <wf lemma="-" pos="X">-</wf>
         <wf lemma="bármilyen" pos="X">bármilyen</wf>
         <wf lemma="meglepően" pos="X">meglepően</wf>
         <wf lemma="is" pos="X">is</wf>
         <wf lemma="hangzik" pos="X">hangzik</wf>
         <wf lemma="-" pos="X">-</wf>
         <wf lemma="vetekszik" pos="X">vetekszik</wf>
         <wf lemma="az" pos="X">az</wf>
         <wf lemma="arany" pos="X">arany</wf>
         <wf lemma="árával" pos="X">árával</wf>
         <wf lemma="," pos="X">,</wf>
         <wf lemma="hiszen" pos="X">hiszen</wf>
         <wf lemma="begyűjtése" pos="X">begyűjtése</wf>
         <wf lemma="rendkívül" pos="X">rendkívül</wf>
         <wf lemma="kézimunkaigényes" pos="X">kézimunkaigényes</wf>
         <wf lemma="," pos="X">,</wf>
         <wf lemma="főleg" pos="X">főleg</wf>
         <wf lemma="ha" pos="X">ha</wf>
         <wf lemma="figyelembevesszük" pos="X">figyelembevesszük</wf>
         <wf lemma="," pos="X">,</wf>
         <wf lemma="hogy" pos="X">hogy</wf>
         <wf lemma="átlagosan" pos="X">átlagosan</wf>
         <wf lemma="150" pos="X">150</wf>
         <wf lemma="000" pos="X">000</wf>
         <wf lemma="(" pos="X">(</wf>
         <wf lemma="!" pos="X">!</wf>
         <wf lemma=")" pos="X">)</wf>
         <wf lemma="bibe" pos="X">bibe</wf>
         <wf lemma="kell" pos="X">kell</wf>
         <wf lemma="1" pos="X">1</wf>
         <wf lemma="kg" pos="X">kg</wf>
         <wf lemma="szárított" pos="X">szárított</wf>
         <wf lemma="fűszer" pos="X">fűszer</wf>
         <wf lemma="előállításához" pos="X">előállításához</wf>
         <wf lemma="." pos="X">.</wf>
      </sentence>
      <sentence id="d000.s1114" source="wordnet-hungarian">
         <wf lemma="Vegyük" pos="X">Vegyük</wf>
         <wf lemma="fel" pos="X">fel</wf>
         <wf lemma="a" pos="X">a</wf>
         <wf lemma="rádióműsort" pos="X">rádióműsort</wf>
         <wf lemma="a" pos="X">a</wf>
         <instance id="d000.s1114.t000" lemma="magnó" pos="NOUN">magnóval</instance>
         <wf lemma="." pos="X">.</wf>
      </sentence>
      <sentence id="d000.s1115" source="wordnet-hungarian">
         <wf lemma="Az" pos="X">Az</wf>
         <wf lemma="asszony" pos="X">asszony</wf>
         <wf lemma="a" pos="X">a</wf>
         <wf lemma="lépcsőre" pos="X">lépcsőre</wf>
         <instance id="d000.s1115.t000" lemma="lép" pos="VERB">lépett</instance>
         <wf lemma="." pos="X">.</wf>
      </sentence>
      <sentence id="d000.s1116" source="wordnet-hungarian">
         <wf lemma="A" pos="X">A</wf>
         <wf lemma="két" pos="X">két</wf>
         <wf lemma="párt" pos="X">párt</wf>
         <wf lemma="és" pos="X">és</wf>
         <wf lemma="támogató" pos="X">támogató</wf>
         <wf lemma="szervezeteinek" pos="X">szervezeteinek</wf>
         <instance id="d000.s1116.t000" lemma="szövetség" pos="NOUN">szövetsége</instance>
         <wf lemma="időtállónak" pos="X">időtállónak</wf>
         <wf lemma="bizonyult" pos="X">bizonyult</wf>
         <wf lemma="." pos="X">.</wf>
      </sentence>
      <sentence id="d000.s1117" source="wordnet-hungarian">
         <instance id="d000.s1117.t000" lemma="vakbélgyulladás" pos="NOUN">Vakbélgyulladás</instance>
         <wf lemma="gyanúja" pos="X">gyanúja</wf>
         <wf lemma="merült" pos="X">merült</wf>
         <wf lemma="fel" pos="X">fel</wf>
         <wf lemma="," pos="X">,</wf>
         <wf lemma="ezért" pos="X">ezért</wf>
         <wf lemma="hívták" pos="X">hívták</wf>
         <wf lemma="a" pos="X">a</wf>
         <wf lemma="mentőt" pos="X">mentőt</wf>
         <wf lemma="." pos="X">.</wf>
      </sentence>
      <sentence id="d000.s1118" source="wordnet-hungarian">
         <wf lemma="A" pos="X">A</wf>
         <wf lemma="török" pos="X">török</wf>
         <wf lemma="utáni" pos="X">utáni</wf>
         <wf lemma="időkben" pos="X">időkben</wf>
         <wf lemma="ugyanis" pos="X">ugyanis</wf>
         <instance id="d000.s1118.t000" lemma="rőtvad" pos="NOUN">rőtvad</instance>
         <wf lemma="csak" pos="X">csak</wf>
         <wf lemma="ritkán" pos="X">ritkán</wf>
         <wf lemma="fordult" pos="X">fordult</wf>
         <wf lemma="meg" pos="X">meg</wf>
         <wf lemma="ezen" pos="X">ezen</wf>
         <wf lemma="a" pos="X">a</wf>
         <wf lemma="vidéken" pos="X">vidéken</wf>
         <wf lemma="." pos="X">.</wf>
      </sentence>
      <sentence id="d000.s1119" source="wordnet-hungarian">
         <wf lemma="A" pos="X">A</wf>
         <instance id="d000.s1119.t000" lemma="tengerfenék" pos="NOUN">tengerfenék</instance>
         <wf lemma="jellemző" pos="X">jellemző</wf>
         <wf lemma="élőlényei" pos="X">élőlényei</wf>
         <wf lemma="a" pos="X">a</wf>
         <wf lemma="tüskésbőrűek" pos="X">tüskésbőrűek</wf>
         <wf lemma="." pos="X">.</wf>
      </sentence>
      <sentence id="d000.s1120" source="wordnet-hungarian">
         <wf lemma="A" pos="X">A</wf>
         <wf lemma="központi" pos="X">központi</wf>
         <instance id="d000.s1120.t000" lemma="idegrendszer" pos="NOUN">idegrendszer</instance>
         <wf lemma="a" pos="X">a</wf>
         <wf lemma="koponya" pos="X">koponya</wf>
         <wf lemma="és" pos="X">és</wf>
         <wf lemma="gerincoszlop" pos="X">gerincoszlop</wf>
         <wf lemma="védelme" pos="X">védelme</wf>
         <wf lemma="alatt" pos="X">alatt</wf>
         <wf lemma="áll" pos="X">áll</wf>
         <wf lemma="." pos="X">.</wf>
      </sentence>
      <sentence id="d000.s1121" source="wordnet-hungarian">
         <wf lemma="A" pos="X">A</wf>
         <instance id="d000.s1121.t000" lemma="lepedő" pos="NOUN">lepedőket</instance>
         <wf lemma="még" pos="X">még</wf>
         <wf lemma="nem" pos="X">nem</wf>
         <wf lemma="raktuk" pos="X">raktuk</wf>
         <wf lemma="fel" pos="X">fel</wf>
         <wf lemma="az" pos="X">az</wf>
         <wf lemma="ágyra" pos="X">ágyra</wf>
         <wf lemma="." pos="X">.</wf>
      </sentence>
      <sentence id="d000.s1122" source="wordnet-hungarian">
         <wf lemma="A" pos="X">A</wf>
         <wf lemma="katonák" pos="X">katonák</wf>
         <wf lemma="díszlépésben" pos="X">díszlépésben</wf>
         <wf lemma="menetelnek" pos="X">menetelnek</wf>
         <wf lemma="az" pos="X">az</wf>
         <instance id="d000.s1122.t000" lemma="induló" pos="NOUN">indulóra</instance>
         <wf lemma="." pos="X">.</wf>
      </sentence>
      <sentence id="d000.s1123" source="wordnet-hungarian">
         <wf lemma="Lajoska" pos="X">Lajoska</wf>
         <wf lemma="rengeteg" pos="X">rengeteg</wf>
         <wf lemma="bizonyítékot" pos="X">bizonyítékot</wf>
         <instance id="d000.s1123.t000" lemma="hoz" pos="VERB">hozott</instance>
         <wf lemma="teóriája" pos="X">teóriája</wf>
         <wf lemma="alátámasztására" pos="X">alátámasztására</wf>
         <wf lemma="." pos="X">.</wf>
      </sentence>
      <sentence id="d000.s1124" source="wordnet-hungarian">
         <wf lemma="Magyarország" pos="X">Magyarország</wf>
         <instance id="d000.s1124.t000" lemma="főváros" pos="NOUN">fővárosa</instance>
         <wf lemma="Budapest" pos="X">Budapest</wf>
         <wf lemma="." pos="X">.</wf>
      </sentence>
      <sentence id="d000.s1125" source="wordnet-hungarian">
         <wf lemma="A" pos="X">A</wf>
         <wf lemma="beteg" pos="X">beteg</wf>
         <wf lemma="sejteket" pos="X">sejteket</wf>
         <wf lemma="a" pos="X">a</wf>
         <wf lemma="metszeten" pos="X">metszeten</wf>
         <wf lemma="kék" pos="X">kék</wf>
         <instance id="d000.s1125.t000" lemma="festék" pos="NOUN">festékkel</instance>
         <wf lemma="jelölték" pos="X">jelölték</wf>
         <wf lemma="meg" pos="X">meg</wf>
         <wf lemma="." pos="X">.</wf>
      </sentence>
      <sentence id="d000.s1126" source="wordnet-hungarian">
         <wf lemma="Különböző" pos="X">Különböző</wf>
         <instance id="d000.s1126.t000" lemma="szövet" pos="NOUN">szövetekből</instance>
         <wf lemma="vettek" pos="X">vettek</wf>
         <wf lemma="mintát" pos="X">mintát</wf>
         <wf lemma="a" pos="X">a</wf>
         <wf lemma="vizsgálatokhoz" pos="X">vizsgálatokhoz</wf>
         <wf lemma="." pos="X">.</wf>
      </sentence>
      <sentence id="d000.s1127" source="wordnet-hungarian">
         <wf lemma="Délnek" pos="X">Délnek</wf>
         <wf lemma="kéne" pos="X">kéne</wf>
         <instance id="d000.s1127.t000" lemma="kormányoz" pos="VERB">kormányozni</instance>
         <wf lemma="a" pos="X">a</wf>
         <wf lemma="hajót" pos="X">hajót</wf>
         <wf lemma="." pos="X">.</wf>
      </sentence>
      <sentence id="d000.s1128" source="wordnet-hungarian">
         <wf lemma="Hasonló" pos="X">Hasonló</wf>
         <instance id="d000.s1128.t000" lemma="szétágazás" pos="NOUN">szétágazás</instance>
         <wf lemma="lenne" pos="X">lenne</wf>
         <wf lemma="várható" pos="X">várható</wf>
         <wf lemma="a" pos="X">a</wf>
         <wf lemma="szétrajzó" pos="X">szétrajzó</wf>
         <wf lemma="emberek" pos="X">emberek</wf>
         <wf lemma="között" pos="X">között</wf>
         <wf lemma="is" pos="X">is</wf>
         <wf lemma="ilyen" pos="X">ilyen</wf>
         <wf lemma="hatalmas" pos="X">hatalmas</wf>
         <wf lemma="időskálán" pos="X">időskálán</wf>
         <wf lemma="." pos="X">.</wf>
      </sentence>
      <sentence id="d000.s1129" source="wordnet-hungarian">
         <wf lemma="A" pos="X">A</wf>
         <instance id="d000.s1129.t000" lemma="szklerózis" pos="NOUN">szklerózis</instance>
         <wf lemma="sok" pos="X">sok</wf>
         <wf lemma="embert" pos="X">embert</wf>
         <wf lemma="fenyeget" pos="X">fenyeget</wf>
         <wf lemma="." pos="X">.</wf>
      </sentence>
      <sentence id="d000.s1130" source="wordnet-hungarian">
         <wf lemma="Ki" pos="X">Ki</wf>
         <instance id="d000.s1130.t000" lemma="kormányoz" pos="VERB">kormányozza</instance>
         <wf lemma="most" pos="X">most</wf>
         <wf lemma="az" pos="X">az</wf>
         <wf lemma="országot" pos="X">országot</wf>
         <wf lemma="?" pos="X">?</wf>
      </sentence>
      <sentence id="d000.s1131" source="wordnet-hungarian">
         <instance id="d000.s1131.t000" lemma="fordul" pos="VERB">Fordulj</instance>
         <wf lemma="felém" pos="X">felém</wf>
         <wf lemma="!" pos="X">!</wf>
      </sentence>
      <sentence id="d000.s1132" source="wordnet-hungarian">
         <wf lemma="A" pos="X">A</wf>
         <instance id="d000.s1132.t000" lemma="szulfát" pos="NOUN">szulfátok</instance>
         <wf lemma="osztályába" pos="X">osztályába</wf>
         <wf lemma="tartozó" pos="X">tartozó</wf>
         <wf lemma="ásványok" pos="X">ásványok</wf>
         <wf lemma="oxigéndús" pos="X">oxigéndús</wf>
         <wf lemma="környezetben" pos="X">környezetben</wf>
         <wf lemma="jönnek" pos="X">jönnek</wf>
         <wf lemma="létre" pos="X">létre</wf>
         <wf lemma="." pos="X">.</wf>
      </sentence>
      <sentence id="d000.s1133" source="wordnet-hungarian">
         <wf lemma="Táncosnőként" pos="X">Táncosnőként</wf>
         <wf lemma="dolgozik" pos="X">dolgozik</wf>
         <wf lemma="egy" pos="X">egy</wf>
         <instance id="d000.s1133.t000" lemma="bár" pos="NOUN">bárban</instance>
         <wf lemma="." pos="X">.</wf>
      </sentence>
      <sentence id="d000.s1134" source="wordnet-hungarian">
         <wf lemma="Meccs" pos="X">Meccs</wf>
         <wf lemma="közben" pos="X">közben</wf>
         <wf lemma="nagy" pos="X">nagy</wf>
         <instance id="d000.s1134.t000" lemma="csapás" pos="NOUN">csapást</instance>
         <wf lemma="mért" pos="X">mért</wf>
         <wf lemma="ellenfele" pos="X">ellenfele</wf>
         <wf lemma="jobb" pos="X">jobb</wf>
         <wf lemma="arcára" pos="X">arcára</wf>
         <wf lemma="." pos="X">.</wf>
      </sentence>
      <sentence id="d000.s1135" source="wordnet-hungarian">
         <wf lemma="Egész" pos="X">Egész</wf>
         <wf lemma="lénye" pos="X">lénye</wf>
         <wf lemma="belső" pos="X">belső</wf>
         <instance id="d000.s1135.t000" lemma="derű" pos="NOUN">derűjét</instance>
         <wf lemma="tükrözte" pos="X">tükrözte</wf>
         <wf lemma="vissza" pos="X">vissza</wf>
         <wf lemma="." pos="X">.</wf>
      </sentence>
      <sentence id="d000.s1136" source="wordnet-hungarian">
         <wf lemma="A" pos="X">A</wf>
         <wf lemma="választás" pos="X">választás</wf>
         <instance id="d000.s1136.t000" lemma="időpont" pos="NOUN">időpontját</instance>
         <wf lemma="jó" pos="X">jó</wf>
         <wf lemma="előre" pos="X">előre</wf>
         <wf lemma="meghatározták" pos="X">meghatározták</wf>
         <wf lemma="." pos="X">.</wf>
      </sentence>
      <sentence id="d000.s1137" source="wordnet-hungarian">
         <wf lemma="A" pos="X">A</wf>
         <wf lemma="komputer" pos="X">komputer</wf>
         <wf lemma="játékerejét" pos="X">játékerejét</wf>
         <wf lemma="a" pos="X">a</wf>
         <instance id="d000.s1137.t000" lemma="keresés" pos="NOUN">keresés</instance>
         <wf lemma="mélységének" pos="X">mélységének</wf>
         <wf lemma="beállitásával" pos="X">beállitásával</wf>
         <wf lemma="lehet" pos="X">lehet</wf>
         <wf lemma="szabályozni" pos="X">szabályozni</wf>
         <wf lemma="." pos="X">.</wf>
      </sentence>
      <sentence id="d000.s1138" source="wordnet-hungarian">
         <wf lemma="Japánban" pos="X">Japánban</wf>
         <wf lemma="sokféle" pos="X">sokféle</wf>
         <wf lemma="ételt" pos="X">ételt</wf>
         <wf lemma="készítenek" pos="X">készítenek</wf>
         <instance id="d000.s1138.t000" lemma="hal" pos="NOUN">halból</instance>
         <wf lemma="." pos="X">.</wf>
      </sentence>
      <sentence id="d000.s1139" source="wordnet-hungarian">
         <wf lemma="A" pos="X">A</wf>
         <instance id="d000.s1139.t000" lemma="hőmérő" pos="NOUN">hőmérő</instance>
         <wf lemma="higanyszála" pos="X">higanyszála</wf>
         <wf lemma="nulla" pos="X">nulla</wf>
         <wf lemma="fok" pos="X">fok</wf>
         <wf lemma="alá" pos="X">alá</wf>
         <wf lemma="süllyedt" pos="X">süllyedt</wf>
         <wf lemma="." pos="X">.</wf>
      </sentence>
      <sentence id="d000.s1140" source="wordnet-hungarian">
         <wf lemma="A" pos="X">A</wf>
         <instance id="d000.s1140.t000" lemma="vérrokonság" pos="NOUN">vérrokonság</instance>
         <wf lemma="házasságkötéskor" pos="X">házasságkötéskor</wf>
         <wf lemma="kizáró" pos="X">kizáró</wf>
         <wf lemma="tényező" pos="X">tényező</wf>
         <wf lemma="." pos="X">.</wf>
      </sentence>
      <sentence id="d000.s1141" source="wordnet-hungarian">
         <wf lemma="A" pos="X">A</wf>
         <wf lemma="mesterséges" pos="X">mesterséges</wf>
         <instance id="d000.s1141.t000" lemma="megtermékenyítés" pos="NOUN">megtermékenyítés</instance>
         <wf lemma="sokszor" pos="X">sokszor</wf>
         <wf lemma="sikertelen" pos="X">sikertelen</wf>
         <wf lemma="az" pos="X">az</wf>
         <wf lemma="első" pos="X">első</wf>
         <wf lemma="alkalommal" pos="X">alkalommal</wf>
         <wf lemma="." pos="X">.</wf>
      </sentence>
      <sentence id="d000.s1142" source="wordnet-hungarian">
         <wf lemma="A" pos="X">A</wf>
         <wf lemma="barázdabillegető" pos="X">barázdabillegető</wf>
         <wf lemma="a" pos="X">a</wf>
         <instance id="d000.s1142.t000" lemma="barázda" pos="NOUN">barázdában</instance>
         <wf lemma="billegetett" pos="X">billegetett</wf>
         <wf lemma="." pos="X">.</wf>
      </sentence>
      <sentence id="d000.s1143" source="wordnet-hungarian">
         <wf lemma="Az" pos="X">Az</wf>
         <wf lemma="anyag" pos="X">anyag</wf>
         <instance id="d000.s1143.t000" lemma="magatartás" pos="NOUN">magatartása</instance>
         <wf lemma="ebben" pos="X">ebben</wf>
         <wf lemma="a" pos="X">a</wf>
         <wf lemma="közegben" pos="X">közegben</wf>
         <wf lemma="bizonytalanná" pos="X">bizonytalanná</wf>
         <wf lemma="válik" pos="X">válik</wf>
         <wf lemma="." pos="X">.</wf>
      </sentence>
      <sentence id="d000.s1144" source="wordnet-hungarian">
         <wf lemma="A" pos="X">A</wf>
         <wf lemma="második" pos="X">második</wf>
         <wf lemma="hely" pos="X">hely</wf>
         <wf lemma="nem" pos="X">nem</wf>
         <wf lemma="nyújtott" pos="X">nyújtott</wf>
         <wf lemma="számára" pos="X">számára</wf>
         <instance id="d000.s1144.t000" lemma="vigasz" pos="NOUN">vigaszt</instance>
         <wf lemma="." pos="X">.</wf>
      </sentence>
      <sentence id="d000.s1145" source="wordnet-hungarian">
         <wf lemma="A" pos="X">A</wf>
         <wf lemma="hirtelen" pos="X">hirtelen</wf>
         <instance id="d000.s1145.t000" lemma="trauma" pos="NOUN">trauma</instance>
         <wf lemma="megviselte" pos="X">megviselte</wf>
         <wf lemma="a" pos="X">a</wf>
         <wf lemma="szívét" pos="X">szívét</wf>
         <wf lemma="." pos="X">.</wf>
      </sentence>
      <sentence id="d000.s1146" source="wordnet-hungarian">
         <wf lemma="&amp;quot" pos="X">&amp;quot</wf>
         <wf lemma=";" pos="X">;</wf>
         <wf lemma="A" pos="X">A</wf>
         <instance id="d000.s1146.t000" lemma="retorika" pos="NOUN">retorika</instance>
         <wf lemma="radikálisan" pos="X">radikálisan</wf>
         <wf lemma="fölfüggeszti" pos="X">fölfüggeszti</wf>
         <wf lemma="a" pos="X">a</wf>
         <wf lemma="logikát" pos="X">logikát</wf>
         <wf lemma="," pos="X">,</wf>
         <wf lemma="és" pos="X">és</wf>
         <wf lemma="a" pos="X">a</wf>
         <wf lemma="referenciális" pos="X">referenciális</wf>
         <wf lemma="aberráció" pos="X">aberráció</wf>
         <wf lemma="örvénylő" pos="X">örvénylő</wf>
         <wf lemma="lehetőségeit" pos="X">lehetőségeit</wf>
         <wf lemma="tárja" pos="X">tárja</wf>
         <wf lemma="föl.&amp;quot" pos="X">föl.&amp;quot</wf>
         <wf lemma=";" pos="X">;</wf>
      </sentence>
      <sentence id="d000.s1147" source="wordnet-hungarian">
         <wf lemma="A" pos="X">A</wf>
         <wf lemma="nagyapám" pos="X">nagyapám</wf>
         <wf lemma="még" pos="X">még</wf>
         <wf lemma="szekéren" pos="X">szekéren</wf>
         <instance id="d000.s1147.t000" lemma="utazik" pos="VERB">utazott</instance>
         <wf lemma="mindenhova" pos="X">mindenhova</wf>
         <wf lemma="." pos="X">.</wf>
      </sentence>
      <sentence id="d000.s1148" source="wordnet-hungarian">
         <wf lemma="A" pos="X">A</wf>
         <wf lemma="döntőben" pos="X">döntőben</wf>
         <wf lemma="nehéz" pos="X">nehéz</wf>
         <wf lemma="volt" pos="X">volt</wf>
         <wf lemma="játszania" pos="X">játszania</wf>
         <wf lemma="korábbi" pos="X">korábbi</wf>
         <instance id="d000.s1148.t000" lemma="csapattárs" pos="NOUN">csapattársaim</instance>
         <wf lemma="ellen" pos="X">ellen</wf>
         <wf lemma="." pos="X">.</wf>
      </sentence>
      <sentence id="d000.s1149" source="wordnet-hungarian">
         <wf lemma="A" pos="X">A</wf>
         <instance id="d000.s1149.t000" lemma="tolmács" pos="NOUN">tolmácsok</instance>
         <wf lemma="három" pos="X">három</wf>
         <wf lemma="nyelvre" pos="X">nyelvre</wf>
         <wf lemma="fordították" pos="X">fordították</wf>
         <wf lemma="a" pos="X">a</wf>
         <wf lemma="beszédet" pos="X">beszédet</wf>
         <wf lemma="." pos="X">.</wf>
      </sentence>
      <sentence id="d000.s1150" source="wordnet-hungarian">
         <wf lemma="A" pos="X">A</wf>
         <wf lemma="földtörténeti" pos="X">földtörténeti</wf>
         <instance id="d000.s1150.t000" lemma="harmadkor" pos="NOUN">harmadkor</instance>
         <wf lemma="elejéről" pos="X">elejéről</wf>
         <wf lemma="csak" pos="X">csak</wf>
         <wf lemma="néhány" pos="X">néhány</wf>
         <wf lemma="kezdetleges" pos="X">kezdetleges</wf>
         <wf lemma="növénycsalád" pos="X">növénycsalád</wf>
         <wf lemma="maradt" pos="X">maradt</wf>
         <wf lemma="fenn" pos="X">fenn</wf>
         <wf lemma="." pos="X">.</wf>
      </sentence>
      <sentence id="d000.s1151" source="wordnet-hungarian">
         <wf lemma="A" pos="X">A</wf>
         <instance id="d000.s1151.t000" lemma="somfélék" pos="NOUN">somfélék</instance>
         <wf lemma="különböző" pos="X">különböző</wf>
         <wf lemma="tölgyeseinkben" pos="X">tölgyeseinkben</wf>
         <wf lemma="sűrűn" pos="X">sűrűn</wf>
         <wf lemma="összefüggő" pos="X">összefüggő</wf>
         <wf lemma="cserjeszintet" pos="X">cserjeszintet</wf>
         <wf lemma="alkotva" pos="X">alkotva</wf>
         <wf lemma="," pos="X">,</wf>
         <wf lemma="erdősítéseink" pos="X">erdősítéseink</wf>
         <wf lemma="nagy" pos="X">nagy</wf>
         <wf lemma="akadályozói" pos="X">akadályozói</wf>
         <wf lemma="." pos="X">.</wf>
      </sentence>
      <sentence id="d000.s1152" source="wordnet-hungarian">
         <wf lemma="A" pos="X">A</wf>
         <wf lemma="szólista" pos="X">szólista</wf>
         <wf lemma="nem" pos="X">nem</wf>
         <wf lemma="volt" pos="X">volt</wf>
         <wf lemma="elégedett" pos="X">elégedett</wf>
         <wf lemma="a" pos="X">a</wf>
         <instance id="d000.s1152.t000" lemma="kíséret" pos="NOUN">kíséretével</instance>
         <wf lemma="." pos="X">.</wf>
      </sentence>
      <sentence id="d000.s1153" source="wordnet-hungarian">
         <wf lemma="Fiatalabb" pos="X">Fiatalabb</wf>
         <wf lemma="korában" pos="X">korában</wf>
         <wf lemma="még" pos="X">még</wf>
         <wf lemma="jó" pos="X">jó</wf>
         <wf lemma="volt" pos="X">volt</wf>
         <wf lemma="a" pos="X">a</wf>
         <instance id="d000.s1153.t000" lemma="memória" pos="NOUN">memóriája</instance>
         <wf lemma="." pos="X">.</wf>
      </sentence>
      <sentence id="d000.s1154" source="wordnet-hungarian">
         <wf lemma="A" pos="X">A</wf>
         <instance id="d000.s1154.t000" lemma="sav" pos="NOUN">sav</instance>
         <wf lemma="marta" pos="X">marta</wf>
         <wf lemma="a" pos="X">a</wf>
         <wf lemma="kezét" pos="X">kezét</wf>
         <wf lemma="." pos="X">.</wf>
      </sentence>
      <sentence id="d000.s1155" source="wordnet-hungarian">
         <wf lemma="A" pos="X">A</wf>
         <instance id="d000.s1155.t000" lemma="tudós" pos="NOUN">tudós</instance>
         <wf lemma="egész" pos="X">egész</wf>
         <wf lemma="életét" pos="X">életét</wf>
         <wf lemma="ennek" pos="X">ennek</wf>
         <wf lemma="a" pos="X">a</wf>
         <wf lemma="témának" pos="X">témának</wf>
         <wf lemma="szentelte" pos="X">szentelte</wf>
         <wf lemma="." pos="X">.</wf>
      </sentence>
      <sentence id="d000.s1156" source="wordnet-hungarian">
         <wf lemma="A" pos="X">A</wf>
         <instance id="d000.s1156.t000" lemma="gepárd" pos="NOUN">gepárd</instance>
         <wf lemma="a" pos="X">a</wf>
         <wf lemma="leggyorsabb" pos="X">leggyorsabb</wf>
         <wf lemma="emlős" pos="X">emlős</wf>
         <wf lemma="." pos="X">.</wf>
      </sentence>
      <sentence id="d000.s1157" source="wordnet-hungarian">
         <wf lemma="A" pos="X">A</wf>
         <wf lemma="kaucsukdarabok" pos="X">kaucsukdarabok</wf>
         <wf lemma="összeragadását" pos="X">összeragadását</wf>
         <wf lemma="gátló" pos="X">gátló</wf>
         <instance id="d000.s1157.t000" lemma="talkum" pos="NOUN">talkumot</instance>
         <wf lemma="az" pos="X">az</wf>
         <wf lemma="anyag" pos="X">anyag</wf>
         <wf lemma="felületére" pos="X">felületére</wf>
         <wf lemma="viszik" pos="X">viszik</wf>
         <wf lemma="fel" pos="X">fel</wf>
         <wf lemma="." pos="X">.</wf>
      </sentence>
      <sentence id="d000.s1158" source="wordnet-hungarian">
         <wf lemma="Minden" pos="X">Minden</wf>
         <wf lemma="csúszómászó" pos="X">csúszómászó</wf>
         <instance id="d000.s1158.t000" lemma="undor" pos="NOUN">undort</instance>
         <wf lemma="keltett" pos="X">keltett</wf>
         <wf lemma="benne" pos="X">benne</wf>
         <wf lemma="." pos="X">.</wf>
      </sentence>
      <sentence id="d000.s1159" source="wordnet-hungarian">
         <wf lemma="A" pos="X">A</wf>
         <wf lemma="gésa" pos="X">gésa</wf>
         <wf lemma="fürdőolajat" pos="X">fürdőolajat</wf>
         <instance id="d000.s1159.t000" lemma="dörzsöl" pos="VERB">dörzsölt</instance>
         <wf lemma="a" pos="X">a</wf>
         <wf lemma="bőrébe" pos="X">bőrébe</wf>
         <wf lemma="." pos="X">.</wf>
      </sentence>
      <sentence id="d000.s1160" source="wordnet-hungarian">
         <wf lemma="Délben" pos="X">Délben</wf>
         <wf lemma="resztelt" pos="X">resztelt</wf>
         <instance id="d000.s1160.t000" lemma="máj" pos="NOUN">máj</instance>
         <wf lemma="volt" pos="X">volt</wf>
         <wf lemma="petrezselymes" pos="X">petrezselymes</wf>
         <wf lemma="krumplival" pos="X">krumplival</wf>
         <wf lemma="a" pos="X">a</wf>
         <wf lemma="menü" pos="X">menü</wf>
         <wf lemma="," pos="X">,</wf>
         <wf lemma="meg" pos="X">meg</wf>
         <wf lemma="lebbencs" pos="X">lebbencs</wf>
         <wf lemma="leves" pos="X">leves</wf>
         <wf lemma="első" pos="X">első</wf>
         <wf lemma="fogásként" pos="X">fogásként</wf>
         <wf lemma="." pos="X">.</wf>
      </sentence>
      <sentence id="d000.s1161" source="wordnet-hungarian">
         <wf lemma="Rendes" pos="X">Rendes</wf>
         <instance id="d000.s1161.t000" lemma="étel" pos="NOUN">ételt</instance>
         <wf lemma="is" pos="X">is</wf>
         <wf lemma="vegyél" pos="X">vegyél</wf>
         <wf lemma="magadhoz" pos="X">magadhoz</wf>
         <wf lemma="," pos="X">,</wf>
         <wf lemma="ne" pos="X">ne</wf>
         <wf lemma="csak" pos="X">csak</wf>
         <wf lemma="ropit" pos="X">ropit</wf>
         <wf lemma="!" pos="X">!</wf>
      </sentence>
      <sentence id="d000.s1162" source="wordnet-hungarian">
         <wf lemma="A" pos="X">A</wf>
         <instance id="d000.s1162.t000" lemma="korlát" pos="NOUN">korláton</instance>
         <wf lemma="végzett" pos="X">végzett</wf>
         <wf lemma="gyakorlat" pos="X">gyakorlat</wf>
         <wf lemma="a" pos="X">a</wf>
         <wf lemma="tornász" pos="X">tornász</wf>
         <wf lemma="erőssége" pos="X">erőssége</wf>
         <wf lemma="." pos="X">.</wf>
      </sentence>
      <sentence id="d000.s1163" source="wordnet-hungarian">
         <wf lemma="Az" pos="X">Az</wf>
         <wf lemma="iskolai" pos="X">iskolai</wf>
         <wf lemma="színjátszókör" pos="X">színjátszókör</wf>
         <wf lemma="egy" pos="X">egy</wf>
         <wf lemma="Moliere" pos="X">Moliere</wf>
         <wf lemma="darabot" pos="X">darabot</wf>
         <instance id="d000.s1163.t000" lemma="játszik" pos="VERB">játszott</instance>
         <wf lemma="nagy" pos="X">nagy</wf>
         <wf lemma="sikerrel" pos="X">sikerrel</wf>
         <wf lemma="." pos="X">.</wf>
      </sentence>
      <sentence id="d000.s1164" source="wordnet-hungarian">
         <wf lemma="Nagy" pos="X">Nagy</wf>
         <instance id="d000.s1164.t000" lemma="ütem" pos="NOUN">ütemben</instance>
         <wf lemma="fejlődik" pos="X">fejlődik</wf>
         <wf lemma="." pos="X">.</wf>
      </sentence>
      <sentence id="d000.s1165" source="wordnet-hungarian">
         <wf lemma="A" pos="X">A</wf>
         <wf lemma="ferences" pos="X">ferences</wf>
         <instance id="d000.s1165.t000" lemma="rend" pos="NOUN">rendben</instance>
         <wf lemma="senkinek" pos="X">senkinek</wf>
         <wf lemma="nem" pos="X">nem</wf>
         <wf lemma="lehetett" pos="X">lehetett</wf>
         <wf lemma="személyes" pos="X">személyes</wf>
         <wf lemma="tulajdona" pos="X">tulajdona</wf>
         <wf lemma="." pos="X">.</wf>
      </sentence>
      <sentence id="d000.s1166" source="wordnet-hungarian">
         <wf lemma="Mindig" pos="X">Mindig</wf>
         <wf lemma="mély" pos="X">mély</wf>
         <instance id="d000.s1166.t000" lemma="együttérzés" pos="NOUN">együttérzéssel</instance>
         <wf lemma="tekintett" pos="X">tekintett</wf>
         <wf lemma="a" pos="X">a</wf>
         <wf lemma="szenvedőkre" pos="X">szenvedőkre</wf>
         <wf lemma="." pos="X">.</wf>
      </sentence>
      <sentence id="d000.s1167" source="wordnet-hungarian">
         <wf lemma="A" pos="X">A</wf>
         <instance id="d000.s1167.t000" lemma="társtulajdonos" pos="NOUN">társtulajdonos</instance>
         <wf lemma="kivásárlási" pos="X">kivásárlási</wf>
         <wf lemma="kötelezettsége" pos="X">kötelezettsége</wf>
         <wf lemma="biztosítására" pos="X">biztosítására</wf>
         <wf lemma="fedezetet" pos="X">fedezetet</wf>
         <wf lemma="nyújt" pos="X">nyújt</wf>
         <wf lemma="a" pos="X">a</wf>
         <wf lemma="pénzügyi" pos="X">pénzügyi</wf>
         <wf lemma="befektető" pos="X">befektető</wf>
         <wf lemma="számára" pos="X">számára</wf>
         <wf lemma="." pos="X">.</wf>
      </sentence>
      <sentence id="d000.s1168" source="wordnet-hungarian">
         <wf lemma="A" pos="X">A</wf>
         <wf lemma="céget" pos="X">céget</wf>
         <wf lemma="a" pos="X">a</wf>
         <wf lemma="gyógyszeriparból" pos="X">gyógyszeriparból</wf>
         <wf lemma="kivált" pos="X">kivált</wf>
         <wf lemma="neves" pos="X">neves</wf>
         <wf lemma="kutatók" pos="X">kutatók</wf>
         <wf lemma="alapították" pos="X">alapították</wf>
         <wf lemma="," pos="X">,</wf>
         <wf lemma="akik" pos="X">akik</wf>
         <wf lemma="csalódtak" pos="X">csalódtak</wf>
         <wf lemma="a" pos="X">a</wf>
         <instance id="d000.s1168.t000" lemma="gyógyszerészet" pos="NOUN">gyógyszerészetben</instance>
         <wf lemma="." pos="X">.</wf>
      </sentence>
      <sentence id="d000.s1169" source="wordnet-hungarian">
         <wf lemma="A" pos="X">A</wf>
         <wf lemma="16." pos="X">16.</wf>
         <wf lemma="és" pos="X">és</wf>
         <wf lemma="18." pos="X">18.</wf>
         <wf lemma="században" pos="X">században</wf>
         <wf lemma="a" pos="X">a</wf>
         <instance id="d000.s1169.t000" lemma="burmai" pos="NOUN">burmaiak</instance>
         <wf lemma="betörtek" pos="X">betörtek</wf>
         <wf lemma="Sziámba" pos="X">Sziámba</wf>
         <wf lemma="elfoglalva" pos="X">elfoglalva</wf>
         <wf lemma="Chiang" pos="X">Chiang</wf>
         <wf lemma="Mai-t" pos="X">Mai-t</wf>
         <wf lemma="és" pos="X">és</wf>
         <wf lemma="lerombolva" pos="X">lerombolva</wf>
         <wf lemma="Ayuthaya" pos="X">Ayuthaya</wf>
         <wf lemma="várost" pos="X">várost</wf>
         <wf lemma="." pos="X">.</wf>
      </sentence>
      <sentence id="d000.s1170" source="wordnet-hungarian">
         <wf lemma="A" pos="X">A</wf>
         <instance id="d000.s1170.t000" lemma="hanga" pos="NOUN">hangát</instance>
         <wf lemma="más" pos="X">más</wf>
         <wf lemma="néven" pos="X">néven</wf>
         <wf lemma="erikaként" pos="X">erikaként</wf>
         <wf lemma="is" pos="X">is</wf>
         <wf lemma="emlegetik" pos="X">emlegetik</wf>
         <wf lemma="." pos="X">.</wf>
      </sentence>
      <sentence id="d000.s1171" source="wordnet-hungarian">
         <wf lemma="Simulékony" pos="X">Simulékony</wf>
         <instance id="d000.s1171.t000" lemma="modor" pos="NOUN">modorával</instance>
         <wf lemma="mindenhol" pos="X">mindenhol</wf>
         <wf lemma="sikereket" pos="X">sikereket</wf>
         <wf lemma="ért" pos="X">ért</wf>
         <wf lemma="el" pos="X">el</wf>
         <wf lemma="." pos="X">.</wf>
      </sentence>
      <sentence id="d000.s1172" source="wordnet-hungarian">
         <wf lemma="A" pos="X">A</wf>
         <instance id="d000.s1172.t000" lemma="dombtető" pos="NOUN">dombtetőn</instance>
         <wf lemma="található" pos="X">található</wf>
         <wf lemma="egy" pos="X">egy</wf>
         <wf lemma="kis" pos="X">kis</wf>
         <wf lemma="kápolna" pos="X">kápolna</wf>
         <wf lemma="." pos="X">.</wf>
      </sentence>
      <sentence id="d000.s1173" source="wordnet-hungarian">
         <wf lemma="A" pos="X">A</wf>
         <instance id="d000.s1173.t000" lemma="munkapad" pos="NOUN">munkapadon</instance>
         <wf lemma="csavarhúzók" pos="X">csavarhúzók</wf>
         <wf lemma="," pos="X">,</wf>
         <wf lemma="kalapács" pos="X">kalapács</wf>
         <wf lemma="és" pos="X">és</wf>
         <wf lemma="szögek" pos="X">szögek</wf>
         <wf lemma="hevertek" pos="X">hevertek</wf>
         <wf lemma="." pos="X">.</wf>
      </sentence>
      <sentence id="d000.s1174" source="wordnet-hungarian">
         <wf lemma="A" pos="X">A</wf>
         <wf lemma="geometria" pos="X">geometria</wf>
         <wf lemma="a" pos="X">a</wf>
         <wf lemma="matematikai" pos="X">matematikai</wf>
         <instance id="d000.s1174.t000" lemma="forma" pos="NOUN">forma</instance>
         <wf lemma="tudománya" pos="X">tudománya</wf>
         <wf lemma="." pos="X">.</wf>
      </sentence>
      <sentence id="d000.s1175" source="wordnet-hungarian">
         <wf lemma="Az" pos="X">Az</wf>
         <wf lemma="ágy" pos="X">ágy</wf>
         <wf lemma="fölött" pos="X">fölött</wf>
         <wf lemma="lévő" pos="X">lévő</wf>
         <wf lemma="csengővel" pos="X">csengővel</wf>
         <wf lemma="lehet" pos="X">lehet</wf>
         <wf lemma="hívni" pos="X">hívni</wf>
         <wf lemma="az" pos="X">az</wf>
         <instance id="d000.s1175.t000" lemma="ápoló" pos="NOUN">ápolót</instance>
         <wf lemma="." pos="X">.</wf>
      </sentence>
      <sentence id="d000.s1176" source="wordnet-hungarian">
         <wf lemma="Már" pos="X">Már</wf>
         <wf lemma="hosszó" pos="X">hosszó</wf>
         <wf lemma="évek" pos="X">évek</wf>
         <wf lemma="óta" pos="X">óta</wf>
         <wf lemma="a" pos="X">a</wf>
         <wf lemma="kokain" pos="X">kokain</wf>
         <instance id="d000.s1176.t000" lemma="rab" pos="NOUN">rabja</instance>
         <wf lemma="és" pos="X">és</wf>
         <wf lemma="nem" pos="X">nem</wf>
         <wf lemma="sikerül" pos="X">sikerül</wf>
         <wf lemma="leszoknia" pos="X">leszoknia</wf>
         <wf lemma="." pos="X">.</wf>
      </sentence>
      <sentence id="d000.s1177" source="wordnet-hungarian">
         <wf lemma="Az" pos="X">Az</wf>
         <instance id="d000.s1177.t000" lemma="asszony" pos="NOUN">asszonyok</instance>
         <wf lemma="összegyűltek" pos="X">összegyűltek</wf>
         <wf lemma="kukoricát" pos="X">kukoricát</wf>
         <wf lemma="fosztani" pos="X">fosztani</wf>
         <wf lemma="." pos="X">.</wf>
      </sentence>
      <sentence id="d000.s1178" source="wordnet-hungarian">
         <wf lemma="A" pos="X">A</wf>
         <instance id="d000.s1178.t000" lemma="halottkém" pos="NOUN">halottkém</instance>
         <wf lemma="jelentése" pos="X">jelentése</wf>
         <wf lemma="szerint" pos="X">szerint</wf>
         <wf lemma="is" pos="X">is</wf>
         <wf lemma="öngyilkosság" pos="X">öngyilkosság</wf>
         <wf lemma="történt" pos="X">történt</wf>
         <wf lemma="." pos="X">.</wf>
      </sentence>
      <sentence id="d000.s1179" source="wordnet-hungarian">
         <wf lemma="A" pos="X">A</wf>
         <wf lemma="jelenlévők" pos="X">jelenlévők</wf>
         <wf lemma="nagy" pos="X">nagy</wf>
         <instance id="d000.s1179.t000" lemma="egység" pos="NOUN">egységben</instance>
         <wf lemma="voltak" pos="X">voltak</wf>
         <wf lemma="." pos="X">.</wf>
      </sentence>
      <sentence id="d000.s1180" source="wordnet-hungarian">
         <wf lemma="Az" pos="X">Az</wf>
         <instance id="d000.s1180.t000" lemma="évszak" pos="NOUN">évszakok</instance>
         <wf lemma="váltakozása" pos="X">váltakozása</wf>
         <wf lemma="ritmust" pos="X">ritmust</wf>
         <wf lemma="ad" pos="X">ad</wf>
         <wf lemma="az" pos="X">az</wf>
         <wf lemma="évnek" pos="X">évnek</wf>
         <wf lemma="." pos="X">.</wf>
      </sentence>
      <sentence id="d000.s1181" source="wordnet-hungarian">
         <wf lemma="A" pos="X">A</wf>
         <wf lemma="másodfokú" pos="X">másodfokú</wf>
         <wf lemma="bíróság" pos="X">bíróság</wf>
         <wf lemma="a" pos="X">a</wf>
         <instance id="d000.s1181.t000" lemma="felperes" pos="NOUN">felperes</instance>
         <wf lemma="keresetének" pos="X">keresetének</wf>
         <wf lemma="helyt" pos="X">helyt</wf>
         <wf lemma="adva" pos="X">adva</wf>
         <wf lemma="megállapította" pos="X">megállapította</wf>
         <wf lemma="a" pos="X">a</wf>
         <wf lemma="felmondás" pos="X">felmondás</wf>
         <wf lemma="jogellenességét" pos="X">jogellenességét</wf>
         <wf lemma="." pos="X">.</wf>
      </sentence>
      <sentence id="d000.s1182" source="wordnet-hungarian">
         <wf lemma="A" pos="X">A</wf>
         <instance id="d000.s1182.t000" lemma="skandináv" pos="NOUN">skandinávok</instance>
         <wf lemma="sokkal" pos="X">sokkal</wf>
         <wf lemma="jobban" pos="X">jobban</wf>
         <wf lemma="élnek" pos="X">élnek</wf>
         <wf lemma="," pos="X">,</wf>
         <wf lemma="mert" pos="X">mert</wf>
         <wf lemma="a" pos="X">a</wf>
         <wf lemma="jóléti" pos="X">jóléti</wf>
         <wf lemma="állam" pos="X">állam</wf>
         <wf lemma="minden" pos="X">minden</wf>
         <wf lemma="szükségletet" pos="X">szükségletet</wf>
         <wf lemma="kielégít" pos="X">kielégít</wf>
         <wf lemma="." pos="X">.</wf>
      </sentence>
      <sentence id="d000.s1183" source="wordnet-hungarian">
         <wf lemma="A" pos="X">A</wf>
         <instance id="d000.s1183.t000" lemma="görög" pos="NOUN">görögök</instance>
         <wf lemma="sok" pos="X">sok</wf>
         <wf lemma="görögdinnyét" pos="X">görögdinnyét</wf>
         <wf lemma="esznek" pos="X">esznek</wf>
         <wf lemma="a" pos="X">a</wf>
         <wf lemma="nagy" pos="X">nagy</wf>
         <wf lemma="hőségben" pos="X">hőségben</wf>
         <wf lemma="." pos="X">.</wf>
      </sentence>
      <sentence id="d000.s1184" source="wordnet-hungarian">
         <wf lemma="A" pos="X">A</wf>
         <wf lemma="kerekünk" pos="X">kerekünk</wf>
         <wf lemma="," pos="X">,</wf>
         <wf lemma="illetve" pos="X">illetve</wf>
         <wf lemma="a" pos="X">a</wf>
         <wf lemma="korongunk" pos="X">korongunk</wf>
         <wf lemma="sugarát" pos="X">sugarát</wf>
         <wf lemma="figyelembe" pos="X">figyelembe</wf>
         <wf lemma="véve" pos="X">véve</wf>
         <wf lemma="," pos="X">,</wf>
         <instance id="d000.s1184.t000" lemma="szögfüggvény" pos="NOUN">szögfüggvény</instance>
         <wf lemma="segítségével" pos="X">segítségével</wf>
         <wf lemma="meghatározzuk" pos="X">meghatározzuk</wf>
         <wf lemma="azt" pos="X">azt</wf>
         <wf lemma="a" pos="X">a</wf>
         <wf lemma="távolságot" pos="X">távolságot</wf>
         <wf lemma="," pos="X">,</wf>
         <wf lemma="amit" pos="X">amit</wf>
         <wf lemma="az" pos="X">az</wf>
         <wf lemma="alap" pos="X">alap</wf>
         <wf lemma="vízszintes" pos="X">vízszintes</wf>
         <wf lemma="síktól" pos="X">síktól</wf>
         <wf lemma="a" pos="X">a</wf>
         <wf lemma="kerék" pos="X">kerék</wf>
         <wf lemma="síkjának" pos="X">síkjának</wf>
         <wf lemma="metszéspontjáig" pos="X">metszéspontjáig</wf>
         <wf lemma="fel" pos="X">fel</wf>
         <wf lemma="kell" pos="X">kell</wf>
         <wf lemma="mérni" pos="X">mérni</wf>
         <wf lemma="." pos="X">.</wf>
      </sentence>
      <sentence id="d000.s1185" source="wordnet-hungarian">
         <wf lemma="Luca" pos="X">Luca</wf>
         <wf lemma="szeretné" pos="X">szeretné</wf>
         <wf lemma="Lady" pos="X">Lady</wf>
         <wf lemma="Macbethet" pos="X">Macbethet</wf>
         <instance id="d000.s1185.t000" lemma="játszik" pos="VERB">játszani</instance>
         <wf lemma="," pos="X">,</wf>
         <wf lemma="de" pos="X">de</wf>
         <wf lemma="túl" pos="X">túl</wf>
         <wf lemma="fiatal" pos="X">fiatal</wf>
         <wf lemma="még" pos="X">még</wf>
         <wf lemma="a" pos="X">a</wf>
         <wf lemma="szerephez" pos="X">szerephez</wf>
         <wf lemma="." pos="X">.</wf>
      </sentence>
      <sentence id="d000.s1186" source="wordnet-hungarian">
         <wf lemma="A" pos="X">A</wf>
         <wf lemma="munkások" pos="X">munkások</wf>
         <wf lemma="tevékenységi" pos="X">tevékenységi</wf>
         <wf lemma="köreiknek" pos="X">köreiknek</wf>
         <wf lemma="megfelelő" pos="X">megfelelő</wf>
         <instance id="d000.s1186.t000" lemma="szervezet" pos="NOUN">szervezetekbe</instance>
         <wf lemma="tömörültek" pos="X">tömörültek</wf>
         <wf lemma="." pos="X">.</wf>
      </sentence>
      <sentence id="d000.s1187" source="wordnet-hungarian">
         <wf lemma="A" pos="X">A</wf>
         <instance id="d000.s1187.t000" lemma="púpos" pos="NOUN">púpos</instance>
         <wf lemma="a" pos="X">a</wf>
         <wf lemma="város" pos="X">város</wf>
         <wf lemma="ismert" pos="X">ismert</wf>
         <wf lemma="figurája" pos="X">figurája</wf>
         <wf lemma="volt" pos="X">volt</wf>
         <wf lemma="," pos="X">,</wf>
         <wf lemma="és" pos="X">és</wf>
         <wf lemma="sokan" pos="X">sokan</wf>
         <wf lemma="símogatták" pos="X">símogatták</wf>
         <wf lemma="púpját" pos="X">púpját</wf>
         <wf lemma="jószerencsét" pos="X">jószerencsét</wf>
         <wf lemma="remélve" pos="X">remélve</wf>
         <wf lemma="." pos="X">.</wf>
      </sentence>
      <sentence id="d000.s1188" source="wordnet-hungarian">
         <wf lemma="Nekem" pos="X">Nekem</wf>
         <wf lemma="is" pos="X">is</wf>
         <wf lemma="volt" pos="X">volt</wf>
         <instance id="d000.s1188.t000" lemma="tengerimalac" pos="NOUN">tengerimalacom</instance>
         <wf lemma="." pos="X">.</wf>
      </sentence>
      <sentence id="d000.s1189" source="wordnet-hungarian">
         <wf lemma="Egy" pos="X">Egy</wf>
         <wf lemma="országot" pos="X">országot</wf>
         <wf lemma="szilárd" pos="X">szilárd</wf>
         <wf lemma="kézzel" pos="X">kézzel</wf>
         <wf lemma="kell" pos="X">kell</wf>
         <instance id="d000.s1189.t000" lemma="vezet" pos="VERB">vezetni</instance>
         <wf lemma="." pos="X">.</wf>
      </sentence>
      <sentence id="d000.s1190" source="wordnet-hungarian">
         <wf lemma="Minden" pos="X">Minden</wf>
         <wf lemma="nap" pos="X">nap</wf>
         <wf lemma="kétszer" pos="X">kétszer</wf>
         <instance id="d000.s1190.t000" lemma="autózik" pos="VERB">autóztunk</instance>
         <wf lemma="az" pos="X">az</wf>
         <wf lemma="egyetemre" pos="X">egyetemre</wf>
         <wf lemma="." pos="X">.</wf>
      </sentence>
      <sentence id="d000.s1191" source="wordnet-hungarian">
         <wf lemma="A" pos="X">A</wf>
         <wf lemma="titkárnő" pos="X">titkárnő</wf>
         <instance id="d000.s1191.t000" lemma="utánanéz" pos="VERB">utánanézett</instance>
         <wf lemma="az" pos="X">az</wf>
         <wf lemma="adatoknak" pos="X">adatoknak</wf>
         <wf lemma="." pos="X">.</wf>
      </sentence>
      <sentence id="d000.s1192" source="wordnet-hungarian">
         <wf lemma="Ha" pos="X">Ha</wf>
         <wf lemma="fejben" pos="X">fejben</wf>
         <wf lemma="nem" pos="X">nem</wf>
         <wf lemma="tudod" pos="X">tudod</wf>
         <wf lemma="elvégezni" pos="X">elvégezni</wf>
         <wf lemma="a" pos="X">a</wf>
         <instance id="d000.s1192.t000" lemma="szorzás" pos="NOUN">szorzást</instance>
         <wf lemma="," pos="X">,</wf>
         <wf lemma="akkor" pos="X">akkor</wf>
         <wf lemma="írd" pos="X">írd</wf>
         <wf lemma="le" pos="X">le</wf>
         <wf lemma="papírra" pos="X">papírra</wf>
         <wf lemma="!" pos="X">!</wf>
      </sentence>
      <sentence id="d000.s1193" source="wordnet-hungarian">
         <wf lemma="Vacsora" pos="X">Vacsora</wf>
         <wf lemma="után" pos="X">után</wf>
         <wf lemma="sétáltak" pos="X">sétáltak</wf>
         <wf lemma="egyet" pos="X">egyet</wf>
         <wf lemma="a" pos="X">a</wf>
         <instance id="d000.s1193.t000" lemma="part" pos="NOUN">parton</instance>
         <wf lemma="." pos="X">.</wf>
      </sentence>
      <sentence id="d000.s1194" source="wordnet-hungarian">
         <wf lemma="Nincs" pos="X">Nincs</wf>
         <instance id="d000.s1194.t000" lemma="alap" pos="NOUN">alapja</instance>
         <wf lemma="a" pos="X">a</wf>
         <wf lemma="feltételezéseidnek" pos="X">feltételezéseidnek</wf>
         <wf lemma="." pos="X">.</wf>
      </sentence>
      <sentence id="d000.s1195" source="wordnet-hungarian">
         <wf lemma="Ez" pos="X">Ez</wf>
         <wf lemma="a" pos="X">a</wf>
         <wf lemma="vállalkozás" pos="X">vállalkozás</wf>
         <wf lemma="nagy" pos="X">nagy</wf>
         <instance id="d000.s1195.t000" lemma="kockázat" pos="NOUN">kockázattal</instance>
         <wf lemma="jár" pos="X">jár</wf>
         <wf lemma="." pos="X">.</wf>
      </sentence>
      <sentence id="d000.s1196" source="wordnet-hungarian">
         <wf lemma="A" pos="X">A</wf>
         <wf lemma="nagypapa" pos="X">nagypapa</wf>
         <wf lemma="Bécset" pos="X">Bécset</wf>
         <instance id="d000.s1196.t000" lemma="fog" pos="VERB">fogta</instance>
         <wf lemma="a" pos="X">a</wf>
         <wf lemma="rádión" pos="X">rádión</wf>
         <wf lemma="." pos="X">.</wf>
      </sentence>
      <sentence id="d000.s1197" source="wordnet-hungarian">
         <instance id="d000.s1197.t000" lemma="program" pos="NOUN">Programot</instance>
         <wf lemma="indítottak" pos="X">indítottak</wf>
         <wf lemma="a" pos="X">a</wf>
         <wf lemma="női" pos="X">női</wf>
         <wf lemma="egyenjogúság" pos="X">egyenjogúság</wf>
         <wf lemma="ügyének" pos="X">ügyének</wf>
         <wf lemma="előmozdítása" pos="X">előmozdítása</wf>
         <wf lemma="érdekében" pos="X">érdekében</wf>
         <wf lemma="." pos="X">.</wf>
      </sentence>
      <sentence id="d000.s1198" source="wordnet-hungarian">
         <wf lemma="A" pos="X">A</wf>
         <wf lemma="füléből" pos="X">füléből</wf>
         <wf lemma="sárgás" pos="X">sárgás</wf>
         <wf lemma="színű" pos="X">színű</wf>
         <wf lemma="," pos="X">,</wf>
         <wf lemma="híg" pos="X">híg</wf>
         <instance id="d000.s1198.t000" lemma="folyás" pos="NOUN">folyás</instance>
         <wf lemma="szivárgott" pos="X">szivárgott</wf>
         <wf lemma="." pos="X">.</wf>
      </sentence>
      <sentence id="d000.s1199" source="wordnet-hungarian">
         <wf lemma="A" pos="X">A</wf>
         <wf lemma="lány" pos="X">lány</wf>
         <wf lemma="halála" pos="X">halála</wf>
         <wf lemma="óriási" pos="X">óriási</wf>
         <instance id="d000.s1199.t000" lemma="csapás" pos="NOUN">csapás</instance>
         <wf lemma="volt" pos="X">volt</wf>
         <wf lemma="Géza" pos="X">Géza</wf>
         <wf lemma="számára" pos="X">számára</wf>
         <wf lemma="." pos="X">.</wf>
      </sentence>
      <sentence id="d000.s1200" source="wordnet-hungarian">
         <wf lemma="A" pos="X">A</wf>
         <wf lemma="véres" pos="X">véres</wf>
         <wf lemma="csatározások" pos="X">csatározások</wf>
         <wf lemma="ellenére" pos="X">ellenére</wf>
         <wf lemma="az" pos="X">az</wf>
         <instance id="d000.s1200.t000" lemma="alföldi" pos="NOUN">alföldiek</instance>
         <wf lemma="törzsi" pos="X">törzsi</wf>
         <wf lemma="alapú" pos="X">alapú</wf>
         <wf lemma="társadalma" pos="X">társadalma</wf>
         <wf lemma="jól" pos="X">jól</wf>
         <wf lemma="összeolvadt" pos="X">összeolvadt</wf>
         <wf lemma="a" pos="X">a</wf>
         <wf lemma="feudalizmussal" pos="X">feudalizmussal</wf>
         <wf lemma="." pos="X">.</wf>
      </sentence>
      <sentence id="d000.s1201" source="wordnet-hungarian">
         <wf lemma="Miért" pos="X">Miért</wf>
         <wf lemma="kopogtat" pos="X">kopogtat</wf>
         <wf lemma="a" pos="X">a</wf>
         <instance id="d000.s1201.t000" lemma="harkály" pos="NOUN">harkály</instance>
         <wf lemma="a" pos="X">a</wf>
         <wf lemma="fán" pos="X">fán</wf>
         <wf lemma="?" pos="X">?</wf>
      </sentence>
      <sentence id="d000.s1202" source="wordnet-hungarian">
         <wf lemma="Az" pos="X">Az</wf>
         <instance id="d000.s1202.t000" lemma="ásatás" pos="NOUN">ásatásokra</instance>
         <wf lemma="csak" pos="X">csak</wf>
         <wf lemma="engedéllyel" pos="X">engedéllyel</wf>
         <wf lemma="lehet" pos="X">lehet</wf>
         <wf lemma="belépni" pos="X">belépni</wf>
         <wf lemma="." pos="X">.</wf>
      </sentence>
      <sentence id="d000.s1203" source="wordnet-hungarian">
         <wf lemma="Még" pos="X">Még</wf>
         <wf lemma="két" pos="X">két</wf>
         <instance id="d000.s1203.t000" lemma="nap" pos="NOUN">napja</instance>
         <wf lemma="van" pos="X">van</wf>
         <wf lemma="az" pos="X">az</wf>
         <wf lemma="indulásig" pos="X">indulásig</wf>
         <wf lemma="." pos="X">.</wf>
      </sentence>
      <sentence id="d000.s1204" source="wordnet-hungarian">
         <wf lemma="A" pos="X">A</wf>
         <wf lemma="Rákócziak" pos="X">Rákócziak</wf>
         <instance id="d000.s1204.t000" lemma="nemzetség" pos="NOUN">nemzetségének</instance>
         <wf lemma="leszármazottai" pos="X">leszármazottai</wf>
         <wf lemma="ma" pos="X">ma</wf>
         <wf lemma="Franciaországban" pos="X">Franciaországban</wf>
         <wf lemma="élnek" pos="X">élnek</wf>
         <wf lemma="." pos="X">.</wf>
      </sentence>
      <sentence id="d000.s1205" source="wordnet-hungarian">
         <wf lemma="Az" pos="X">Az</wf>
         <wf lemma="olimpiai" pos="X">olimpiai</wf>
         <instance id="d000.s1205.t000" lemma="győztes" pos="NOUN">győzteseket</instance>
         <wf lemma="szinte" pos="X">szinte</wf>
         <wf lemma="isteneknek" pos="X">isteneknek</wf>
         <wf lemma="kijáró" pos="X">kijáró</wf>
         <wf lemma="ünneplésben" pos="X">ünneplésben</wf>
         <wf lemma="részesítették" pos="X">részesítették</wf>
         <wf lemma="." pos="X">.</wf>
      </sentence>
      <sentence id="d000.s1206" source="wordnet-hungarian">
         <wf lemma="A" pos="X">A</wf>
         <wf lemma="kitartásod" pos="X">kitartásod</wf>
         <instance id="d000.s1206.t000" lemma="elősegít" pos="VERB">elősegítette</instance>
         <wf lemma="a" pos="X">a</wf>
         <wf lemma="tervünk" pos="X">tervünk</wf>
         <wf lemma="megvalósulását" pos="X">megvalósulását</wf>
         <wf lemma="." pos="X">.</wf>
      </sentence>
      <sentence id="d000.s1207" source="wordnet-hungarian">
         <wf lemma="A" pos="X">A</wf>
         <instance id="d000.s1207.t000" lemma="kőolaj" pos="NOUN">kőolaj</instance>
         <wf lemma="még" pos="X">még</wf>
         <wf lemma="feldolgozásra" pos="X">feldolgozásra</wf>
         <wf lemma="vár" pos="X">vár</wf>
         <wf lemma="." pos="X">.</wf>
      </sentence>
      <sentence id="d000.s1208" source="wordnet-hungarian">
         <wf lemma="Az" pos="X">Az</wf>
         <wf lemma="avantgárd" pos="X">avantgárd</wf>
         <instance id="d000.s1208.t000" lemma="halál" pos="NOUN">halála</instance>
         <wf lemma="egy" pos="X">egy</wf>
         <wf lemma="nagyon" pos="X">nagyon</wf>
         <wf lemma="érdekes" pos="X">érdekes</wf>
         <wf lemma="jelenség" pos="X">jelenség</wf>
         <wf lemma="." pos="X">.</wf>
      </sentence>
      <sentence id="d000.s1209" source="wordnet-hungarian">
         <wf lemma="A" pos="X">A</wf>
         <wf lemma="testület" pos="X">testület</wf>
         <wf lemma="minden" pos="X">minden</wf>
         <instance id="d000.s1209.t000" lemma="javaslat" pos="NOUN">javaslatot</instance>
         <wf lemma="figyelmesen" pos="X">figyelmesen</wf>
         <wf lemma="végighallgatott" pos="X">végighallgatott</wf>
         <wf lemma="." pos="X">.</wf>
      </sentence>
      <sentence id="d000.s1210" source="wordnet-hungarian">
         <wf lemma="A" pos="X">A</wf>
         <wf lemma="kutatók" pos="X">kutatók</wf>
         <wf lemma="a" pos="X">a</wf>
         <wf lemma="bendőfolyadékot" pos="X">bendőfolyadékot</wf>
         <wf lemma="egy" pos="X">egy</wf>
         <wf lemma="élő" pos="X">élő</wf>
         <wf lemma="tehénből" pos="X">tehénből</wf>
         <wf lemma="nyerték" pos="X">nyerték</wf>
         <wf lemma="a" pos="X">a</wf>
         <wf lemma="tehén" pos="X">tehén</wf>
         <instance id="d000.s1210.t000" lemma="bendő" pos="NOUN">bendőjébe</instance>
         <wf lemma="közvetlenül" pos="X">közvetlenül</wf>
         <wf lemma="bevezetett" pos="X">bevezetett</wf>
         <wf lemma="cső" pos="X">cső</wf>
         <wf lemma="segítségével" pos="X">segítségével</wf>
         <wf lemma="." pos="X">.</wf>
      </sentence>
      <sentence id="d000.s1211" source="wordnet-hungarian">
         <wf lemma="A" pos="X">A</wf>
         <instance id="d000.s1211.t000" lemma="jövedelem" pos="NOUN">jövedelme</instance>
         <wf lemma="nem" pos="X">nem</wf>
         <wf lemma="sokkal" pos="X">sokkal</wf>
         <wf lemma="a" pos="X">a</wf>
         <wf lemma="minimálbér" pos="X">minimálbér</wf>
         <wf lemma="fölött" pos="X">fölött</wf>
         <wf lemma="van" pos="X">van</wf>
         <wf lemma="." pos="X">.</wf>
      </sentence>
      <sentence id="d000.s1212" source="wordnet-hungarian">
         <wf lemma="A" pos="X">A</wf>
         <instance id="d000.s1212.t000" lemma="galvanométer" pos="NOUN">galvanométert</instance>
         <wf lemma="a" pos="X">a</wf>
         <wf lemma="szertárban" pos="X">szertárban</wf>
         <wf lemma="találják" pos="X">találják</wf>
         <wf lemma="." pos="X">.</wf>
      </sentence>
      <sentence id="d000.s1213" source="wordnet-hungarian">
         <wf lemma="A" pos="X">A</wf>
         <instance id="d000.s1213.t000" lemma="generátor" pos="NOUN">generátor</instance>
         <wf lemma="adta" pos="X">adta</wf>
         <wf lemma="áram" pos="X">áram</wf>
         <wf lemma="nem" pos="X">nem</wf>
         <wf lemma="volt" pos="X">volt</wf>
         <wf lemma="elég" pos="X">elég</wf>
         <wf lemma="." pos="X">.</wf>
      </sentence>
      <sentence id="d000.s1214" source="wordnet-hungarian">
         <wf lemma="Chavez" pos="X">Chavez</wf>
         <wf lemma="nyíltan" pos="X">nyíltan</wf>
         <wf lemma="arra" pos="X">arra</wf>
         <wf lemma="szólította" pos="X">szólította</wf>
         <wf lemma="fel" pos="X">fel</wf>
         <wf lemma="a" pos="X">a</wf>
         <instance id="d000.s1214.t000" lemma="perui" pos="NOUN">peruiakat</instance>
         <wf lemma="," pos="X">,</wf>
         <wf lemma="hogy" pos="X">hogy</wf>
         <wf lemma="Humalára" pos="X">Humalára</wf>
         <wf lemma="szavazzanak" pos="X">szavazzanak</wf>
         <wf lemma="." pos="X">.</wf>
      </sentence>
      <sentence id="d000.s1215" source="wordnet-hungarian">
         <wf lemma="A" pos="X">A</wf>
         <instance id="d000.s1215.t000" lemma="besamelmártás" pos="NOUN">besamelmártás</instance>
         <wf lemma="készítésénél" pos="X">készítésénél</wf>
         <wf lemma="használjunk" pos="X">használjunk</wf>
         <wf lemma="fakanál" pos="X">fakanál</wf>
         <wf lemma="helyett" pos="X">helyett</wf>
         <wf lemma="habverőt" pos="X">habverőt</wf>
         <wf lemma="," pos="X">,</wf>
         <wf lemma="mert" pos="X">mert</wf>
         <wf lemma="segítségével" pos="X">segítségével</wf>
         <wf lemma="csomómentessé" pos="X">csomómentessé</wf>
         <wf lemma="tudjuk" pos="X">tudjuk</wf>
         <wf lemma="keverni" pos="X">keverni</wf>
         <wf lemma="a" pos="X">a</wf>
         <wf lemma="mártást" pos="X">mártást</wf>
         <wf lemma="." pos="X">.</wf>
      </sentence>
      <sentence id="d000.s1216" source="wordnet-hungarian">
         <wf lemma="A" pos="X">A</wf>
         <wf lemma="táborban" pos="X">táborban</wf>
         <wf lemma="már" pos="X">már</wf>
         <wf lemma="áll" pos="X">áll</wf>
         <wf lemma="az" pos="X">az</wf>
         <wf lemma="összes" pos="X">összes</wf>
         <instance id="d000.s1216.t000" lemma="sátor" pos="NOUN">sátor</instance>
         <wf lemma="." pos="X">.</wf>
      </sentence>
      <sentence id="d000.s1217" source="wordnet-hungarian">
         <wf lemma="Környezetvédők" pos="X">Környezetvédők</wf>
         <wf lemma="a" pos="X">a</wf>
         <wf lemma="Bükkben" pos="X">Bükkben</wf>
         <wf lemma="több" pos="X">több</wf>
         <instance id="d000.s1217.t000" lemma="konténer" pos="NOUN">konténer</instance>
         <wf lemma="szemetet" pos="X">szemetet</wf>
         <wf lemma="gyűjtöttek" pos="X">gyűjtöttek</wf>
         <wf lemma="össze" pos="X">össze</wf>
         <wf lemma="." pos="X">.</wf>
      </sentence>
      <sentence id="d000.s1218" source="wordnet-hungarian">
         <wf lemma="a" pos="X">a</wf>
         <wf lemma="sakk" pos="X">sakk</wf>
         <instance id="d000.s1218.t000" lemma="szabály" pos="NOUN">szabályai</instance>
         <wf lemma="." pos="X">.</wf>
      </sentence>
      <sentence id="d000.s1219" source="wordnet-hungarian">
         <wf lemma="Add" pos="X">Add</wf>
         <wf lemma="ide" pos="X">ide</wf>
         <wf lemma="a" pos="X">a</wf>
         <wf lemma="lekváros" pos="X">lekváros</wf>
         <instance id="d000.s1219.t000" lemma="palacsinta" pos="NOUN">palacsintát</instance>
         <wf lemma="." pos="X">.</wf>
      </sentence>
      <sentence id="d000.s1220" source="wordnet-hungarian">
         <wf lemma="Pista" pos="X">Pista</wf>
         <instance id="d000.s1220.t000" lemma="elismer" pos="VERB">elismerte</instance>
         <wf lemma="," pos="X">,</wf>
         <wf lemma="hogy" pos="X">hogy</wf>
         <wf lemma="hibázott" pos="X">hibázott</wf>
         <wf lemma="." pos="X">.</wf>
      </sentence>
      <sentence id="d000.s1221" source="wordnet-hungarian">
         <wf lemma="Az" pos="X">Az</wf>
         <wf lemma="épület" pos="X">épület</wf>
         <wf lemma="előtt" pos="X">előtt</wf>
         <wf lemma="nagy" pos="X">nagy</wf>
         <wf lemma="volt" pos="X">volt</wf>
         <wf lemma="a" pos="X">a</wf>
         <instance id="d000.s1221.t000" lemma="zűrzavar" pos="NOUN">zűrzavar</instance>
         <wf lemma="." pos="X">.</wf>
      </sentence>
      <sentence id="d000.s1222" source="wordnet-hungarian">
         <wf lemma="Rám" pos="X">Rám</wf>
         <wf lemma="szállt" pos="X">szállt</wf>
         <wf lemma="egy" pos="X">egy</wf>
         <instance id="d000.s1222.t000" lemma="bogár" pos="NOUN">bogár</instance>
         <wf lemma="." pos="X">.</wf>
      </sentence>
      <sentence id="d000.s1223" source="wordnet-hungarian">
         <wf lemma="A" pos="X">A</wf>
         <wf lemma="nagybátyámnak" pos="X">nagybátyámnak</wf>
         <wf lemma="minden" pos="X">minden</wf>
         <wf lemma="sikerül" pos="X">sikerül</wf>
         <wf lemma="," pos="X">,</wf>
         <wf lemma="ő" pos="X">ő</wf>
         <wf lemma="egy" pos="X">egy</wf>
         <wf lemma="igazi" pos="X">igazi</wf>
         <instance id="d000.s1223.t000" lemma="győztes" pos="NOUN">győztes</instance>
         <wf lemma="." pos="X">.</wf>
      </sentence>
      <sentence id="d000.s1224" source="wordnet-hungarian">
         <wf lemma="A" pos="X">A</wf>
         <wf lemma="gyűrű" pos="X">gyűrű</wf>
         <wf lemma="foglalatában" pos="X">foglalatában</wf>
         <wf lemma="értékes" pos="X">értékes</wf>
         <instance id="d000.s1224.t000" lemma="drágakő" pos="NOUN">drágakő</instance>
         <wf lemma="csillogott" pos="X">csillogott</wf>
         <wf lemma="." pos="X">.</wf>
      </sentence>
      <sentence id="d000.s1225" source="wordnet-hungarian">
         <instance id="d000.s1225.t000" lemma="tüdőgyulladás" pos="NOUN">Tüdőgyulladással</instance>
         <wf lemma="került" pos="X">került</wf>
         <wf lemma="kórházba" pos="X">kórházba</wf>
         <wf lemma="." pos="X">.</wf>
      </sentence>
      <sentence id="d000.s1226" source="wordnet-hungarian">
         <wf lemma="Weblapunkon" pos="X">Weblapunkon</wf>
         <wf lemma="mindenki" pos="X">mindenki</wf>
         <wf lemma="tájékozódhat" pos="X">tájékozódhat</wf>
         <wf lemma="a" pos="X">a</wf>
         <wf lemma="XII." pos="X">XII.</wf>
         <instance id="d000.s1226.t000" lemma="kerület" pos="NOUN">kerület</instance>
         <wf lemma="polgárait" pos="X">polgárait</wf>
         <wf lemma="érintő" pos="X">érintő</wf>
         <wf lemma="aktuális" pos="X">aktuális</wf>
         <wf lemma="eseményekről" pos="X">eseményekről</wf>
         <wf lemma="," pos="X">,</wf>
         <wf lemma="hírekről" pos="X">hírekről</wf>
         <wf lemma="." pos="X">.</wf>
      </sentence>
      <sentence id="d000.s1227" source="wordnet-hungarian">
         <wf lemma="Haza" pos="X">Haza</wf>
         <instance id="d000.s1227.t000" lemma="akar" pos="VERB">akarok</instance>
         <wf lemma="menni" pos="X">menni</wf>
         <wf lemma="." pos="X">.</wf>
      </sentence>
      <sentence id="d000.s1228" source="wordnet-hungarian">
         <wf lemma="A" pos="X">A</wf>
         <wf lemma="területet" pos="X">területet</wf>
         <wf lemma="a" pos="X">a</wf>
         <instance id="d000.s1228.t000" lemma="földesúr" pos="NOUN">földesúrtól</instance>
         <wf lemma="kapták" pos="X">kapták</wf>
         <wf lemma="az" pos="X">az</wf>
         <wf lemma="alsóvársi" pos="X">alsóvársi</wf>
         <wf lemma="majorok" pos="X">majorok</wf>
         <wf lemma="végén" pos="X">végén</wf>
         <wf lemma="." pos="X">.</wf>
      </sentence>
      <sentence id="d000.s1229" source="wordnet-hungarian">
         <wf lemma="A" pos="X">A</wf>
         <wf lemma="készletek" pos="X">készletek</wf>
         <wf lemma="télig" pos="X">télig</wf>
         <instance id="d000.s1229.t000" lemma="kitart" pos="VERB">kitartanak</instance>
         <wf lemma="." pos="X">.</wf>
      </sentence>
      <sentence id="d000.s1230" source="wordnet-hungarian">
         <wf lemma="A" pos="X">A</wf>
         <instance id="d000.s1230.t000" lemma="kín" pos="NOUN">kínok</instance>
         <wf lemma="kínját" pos="X">kínját</wf>
         <wf lemma="kellett" pos="X">kellett</wf>
         <wf lemma="kiállnia" pos="X">kiállnia</wf>
         <wf lemma="." pos="X">.</wf>
      </sentence>
      <sentence id="d000.s1231" source="wordnet-hungarian">
         <wf lemma="Az" pos="X">Az</wf>
         <instance id="d000.s1231.t000" lemma="övezet" pos="NOUN">övezet</instance>
         <wf lemma="időjárására" pos="X">időjárására</wf>
         <wf lemma="nagy" pos="X">nagy</wf>
         <wf lemma="ingadozás" pos="X">ingadozás</wf>
         <wf lemma="jellemző" pos="X">jellemző</wf>
         <wf lemma="." pos="X">.</wf>
      </sentence>
      <sentence id="d000.s1232" source="wordnet-hungarian">
         <wf lemma="Hány" pos="X">Hány</wf>
         <wf lemma="ingatlant" pos="X">ingatlant</wf>
         <instance id="d000.s1232.t000" lemma="birtokol" pos="VERB">birtokol</instance>
         <wf lemma="?" pos="X">?</wf>
      </sentence>
      <sentence id="d000.s1233" source="wordnet-hungarian">
         <wf lemma="Az" pos="X">Az</wf>
         <instance id="d000.s1233.t000" lemma="alkirályság" pos="NOUN">alkirályság</instance>
         <wf lemma="területén" pos="X">területén</wf>
         <wf lemma="járvány" pos="X">járvány</wf>
         <wf lemma="pusztított" pos="X">pusztított</wf>
         <wf lemma="." pos="X">.</wf>
      </sentence>
      <sentence id="d000.s1234" source="wordnet-hungarian">
         <wf lemma="Az" pos="X">Az</wf>
         <wf lemma="étkezőasztal" pos="X">étkezőasztal</wf>
         <instance id="d000.s1234.t000" lemma="mahagóni" pos="NOUN">mahagóniból</instance>
         <wf lemma="készül" pos="X">készül</wf>
         <wf lemma="." pos="X">.</wf>
      </sentence>
      <sentence id="d000.s1235" source="wordnet-hungarian">
         <wf lemma="Lajoska" pos="X">Lajoska</wf>
         <wf lemma="többet" pos="X">többet</wf>
         <instance id="d000.s1235.t000" lemma="keres" pos="VERB">keres</instance>
         <wf lemma="," pos="X">,</wf>
         <wf lemma="mint" pos="X">mint</wf>
         <wf lemma="egy" pos="X">egy</wf>
         <wf lemma="igazgató" pos="X">igazgató</wf>
         <wf lemma="." pos="X">.</wf>
      </sentence>
      <sentence id="d000.s1236" source="wordnet-hungarian">
         <wf lemma="A" pos="X">A</wf>
         <wf lemma="paraszt" pos="X">paraszt</wf>
         <wf lemma="bácsi" pos="X">bácsi</wf>
         <instance id="d000.s1236.t000" lemma="szalonna" pos="NOUN">szalonnát</instance>
         <wf lemma="evett" pos="X">evett</wf>
         <wf lemma="friss" pos="X">friss</wf>
         <wf lemma="cipóval" pos="X">cipóval</wf>
         <wf lemma="és" pos="X">és</wf>
         <wf lemma="vöröshagymával" pos="X">vöröshagymával</wf>
         <wf lemma="a" pos="X">a</wf>
         <wf lemma="fa" pos="X">fa</wf>
         <wf lemma="árnyékában" pos="X">árnyékában</wf>
         <wf lemma="miközben" pos="X">miközben</wf>
         <wf lemma="szemmel" pos="X">szemmel</wf>
         <wf lemma="tartotta" pos="X">tartotta</wf>
         <wf lemma="a" pos="X">a</wf>
         <wf lemma="birkanyájat" pos="X">birkanyájat</wf>
         <wf lemma="." pos="X">.</wf>
      </sentence>
      <sentence id="d000.s1237" source="wordnet-hungarian">
         <wf lemma="Az" pos="X">Az</wf>
         <instance id="d000.s1237.t000" lemma="élettárs" pos="NOUN">élettársával</instance>
         <wf lemma="nem" pos="X">nem</wf>
         <wf lemma="tervezik" pos="X">tervezik</wf>
         <wf lemma="," pos="X">,</wf>
         <wf lemma="hogy" pos="X">hogy</wf>
         <wf lemma="összeházasodnak" pos="X">összeházasodnak</wf>
         <wf lemma="." pos="X">.</wf>
      </sentence>
      <sentence id="d000.s1238" source="wordnet-hungarian">
         <wf lemma="Az" pos="X">Az</wf>
         <wf lemma="ütközés" pos="X">ütközés</wf>
         <wf lemma="következtében" pos="X">következtében</wf>
         <wf lemma="elvesztette" pos="X">elvesztette</wf>
         <instance id="d000.s1238.t000" lemma="eszmélet" pos="NOUN">eszméletét</instance>
         <wf lemma="." pos="X">.</wf>
      </sentence>
      <sentence id="d000.s1239" source="wordnet-hungarian">
         <wf lemma="A" pos="X">A</wf>
         <wf lemma="bizonyítvány" pos="X">bizonyítvány</wf>
         <wf lemma="hiteles" pos="X">hiteles</wf>
         <instance id="d000.s1239.t000" lemma="másolat" pos="NOUN">másolatára</instance>
         <wf lemma="lesz" pos="X">lesz</wf>
         <wf lemma="szükség" pos="X">szükség</wf>
         <wf lemma="." pos="X">.</wf>
      </sentence>
      <sentence id="d000.s1240" source="wordnet-hungarian">
         <wf lemma="A" pos="X">A</wf>
         <wf lemma="székek" pos="X">székek</wf>
         <instance id="d000.s1240.t000" lemma="húzás" pos="NOUN">húzásától</instance>
         <wf lemma="megsérült" pos="X">megsérült</wf>
         <wf lemma="a" pos="X">a</wf>
         <wf lemma="parketta" pos="X">parketta</wf>
         <wf lemma="." pos="X">.</wf>
      </sentence>
      <sentence id="d000.s1241" source="wordnet-hungarian">
         <wf lemma="Egészséges" pos="X">Egészséges</wf>
         <instance id="d000.s1241.t000" lemma="szín" pos="NOUN">színe</instance>
         <wf lemma="volt" pos="X">volt</wf>
         <wf lemma="." pos="X">.</wf>
      </sentence>
      <sentence id="d000.s1242" source="wordnet-hungarian">
         <wf lemma="A" pos="X">A</wf>
         <wf lemma="kettős" pos="X">kettős</wf>
         <wf lemma="ügynök" pos="X">ügynök</wf>
         <instance id="d000.s1242.t000" lemma="elárul" pos="VERB">elárulta</instance>
         <wf lemma="a" pos="X">a</wf>
         <wf lemma="hazáját" pos="X">hazáját</wf>
         <wf lemma="." pos="X">.</wf>
      </sentence>
      <sentence id="d000.s1243" source="wordnet-hungarian">
         <wf lemma="A" pos="X">A</wf>
         <wf lemma="rendszerváltozás" pos="X">rendszerváltozás</wf>
         <wf lemma="új" pos="X">új</wf>
         <instance id="d000.s1243.t000" lemma="korszak" pos="NOUN">korszakot</instance>
         <wf lemma="nyitott" pos="X">nyitott</wf>
         <wf lemma="az" pos="X">az</wf>
         <wf lemma="ország" pos="X">ország</wf>
         <wf lemma="történelmében" pos="X">történelmében</wf>
         <wf lemma="." pos="X">.</wf>
      </sentence>
      <sentence id="d000.s1244" source="wordnet-hungarian">
         <wf lemma="A" pos="X">A</wf>
         <wf lemma="lemezre" pos="X">lemezre</wf>
         <wf lemma="ható" pos="X">ható</wf>
         <wf lemma="centrifugális" pos="X">centrifugális</wf>
         <wf lemma="erő" pos="X">erő</wf>
         <wf lemma="biztosítja" pos="X">biztosítja</wf>
         <wf lemma="," pos="X">,</wf>
         <wf lemma="hogy" pos="X">hogy</wf>
         <wf lemma="az" pos="X">az</wf>
         <wf lemma="író-olvasó" pos="X">író-olvasó</wf>
         <instance id="d000.s1244.t000" lemma="fej" pos="NOUN">fej</instance>
         <wf lemma="és" pos="X">és</wf>
         <wf lemma="a" pos="X">a</wf>
         <wf lemma="lemez" pos="X">lemez</wf>
         <wf lemma="köztött" pos="X">köztött</wf>
         <wf lemma="lévő" pos="X">lévő</wf>
         <wf lemma="távolság" pos="X">távolság</wf>
         <wf lemma="állandó" pos="X">állandó</wf>
         <wf lemma="legyen" pos="X">legyen</wf>
         <wf lemma="." pos="X">.</wf>
      </sentence>
      <sentence id="d000.s1245" source="wordnet-hungarian">
         <wf lemma="A" pos="X">A</wf>
         <instance id="d000.s1245.t000" lemma="napraforgó" pos="NOUN">napraforgó</instance>
         <wf lemma="magját" pos="X">magját</wf>
         <wf lemma="megpörkölik" pos="X">megpörkölik</wf>
         <wf lemma="és" pos="X">és</wf>
         <wf lemma="bezacsskózzák" pos="X">bezacsskózzák</wf>
         <wf lemma="." pos="X">.</wf>
      </sentence>
      <sentence id="d000.s1246" source="wordnet-hungarian">
         <wf lemma="A" pos="X">A</wf>
         <wf lemma="dél" pos="X">dél</wf>
         <wf lemma="felé" pos="X">felé</wf>
         <wf lemma="vezető" pos="X">vezető</wf>
         <instance id="d000.s1246.t000" lemma="elágazás" pos="NOUN">elágazáson</instance>
         <wf lemma="mentek" pos="X">mentek</wf>
         <wf lemma="tovább" pos="X">tovább</wf>
         <wf lemma="." pos="X">.</wf>
      </sentence>
      <sentence id="d000.s1247" source="wordnet-hungarian">
         <wf lemma="Innen" pos="X">Innen</wf>
         <wf lemma="a" pos="X">a</wf>
         <wf lemma="csillagok" pos="X">csillagok</wf>
         <wf lemma="világába" pos="X">világába</wf>
         <wf lemma="lépve" pos="X">lépve</wf>
         <wf lemma="előbb-utóbb" pos="X">előbb-utóbb</wf>
         <wf lemma="egy" pos="X">egy</wf>
         <wf lemma="szép" pos="X">szép</wf>
         <wf lemma="fényes" pos="X">fényes</wf>
         <instance id="d000.s1247.t000" lemma="kettőscsillag" pos="NOUN">kettőscsillag</instance>
         <wf lemma="is" pos="X">is</wf>
         <wf lemma="látómezőbe" pos="X">látómezőbe</wf>
         <wf lemma="kerül" pos="X">kerül</wf>
         <wf lemma="." pos="X">.</wf>
      </sentence>
      <sentence id="d000.s1248" source="wordnet-hungarian">
         <wf lemma="Sok" pos="X">Sok</wf>
         <wf lemma="tinédzser" pos="X">tinédzser</wf>
         <instance id="d000.s1248.t000" lemma="bálványoz" pos="VERB">bálványozta</instance>
         <wf lemma="a" pos="X">a</wf>
         <wf lemma="Beatles-t" pos="X">Beatles-t</wf>
         <wf lemma="." pos="X">.</wf>
      </sentence>
      <sentence id="d000.s1249" source="wordnet-hungarian">
         <wf lemma="Eltérő" pos="X">Eltérő</wf>
         <wf lemma="válaszaik" pos="X">válaszaik</wf>
         <wf lemma="tükrözik" pos="X">tükrözik</wf>
         <wf lemma="különböző" pos="X">különböző</wf>
         <instance id="d000.s1249.t000" lemma="személyiség" pos="NOUN">személyiségüket</instance>
         <wf lemma="." pos="X">.</wf>
      </sentence>
      <sentence id="d000.s1250" source="wordnet-hungarian">
         <wf lemma="Ez" pos="X">Ez</wf>
         <wf lemma="az" pos="X">az</wf>
         <wf lemma="eredmény" pos="X">eredmény</wf>
         <wf lemma="egy" pos="X">egy</wf>
         <wf lemma="nagy" pos="X">nagy</wf>
         <instance id="d000.s1250.t000" lemma="semmi" pos="NOUN">semmi</instance>
         <wf lemma="." pos="X">.</wf>
      </sentence>
      <sentence id="d000.s1251" source="wordnet-hungarian">
         <wf lemma="A" pos="X">A</wf>
         <wf lemma="névszók" pos="X">névszók</wf>
         <wf lemma="nyolcféle" pos="X">nyolcféle</wf>
         <wf lemma="nyelvtani" pos="X">nyelvtani</wf>
         <instance id="d000.s1251.t000" lemma="eset" pos="NOUN">eset</instance>
         <wf lemma="ragjait" pos="X">ragjait</wf>
         <wf lemma="vehetik" pos="X">vehetik</wf>
         <wf lemma="fel" pos="X">fel</wf>
         <wf lemma="." pos="X">.</wf>
      </sentence>
      <sentence id="d000.s1252" source="wordnet-hungarian">
         <wf lemma="Az" pos="X">Az</wf>
         <wf lemma="emberi" pos="X">emberi</wf>
         <instance id="d000.s1252.t000" lemma="természet" pos="NOUN">természet</instance>
         <wf lemma="az" pos="X">az</wf>
         <wf lemma="egyéni" pos="X">egyéni</wf>
         <wf lemma="és" pos="X">és</wf>
         <wf lemma="rendszer" pos="X">rendszer</wf>
         <wf lemma="jellegű" pos="X">jellegű</wf>
         <wf lemma="összefüggések" pos="X">összefüggések</wf>
         <wf lemma="közös" pos="X">közös</wf>
         <wf lemma="metszéspontja" pos="X">metszéspontja</wf>
         <wf lemma="." pos="X">.</wf>
      </sentence>
      <sentence id="d000.s1253" source="wordnet-hungarian">
         <wf lemma="Amennyiben" pos="X">Amennyiben</wf>
         <wf lemma="háború" pos="X">háború</wf>
         <wf lemma="vagy" pos="X">vagy</wf>
         <wf lemma="más" pos="X">más</wf>
         <wf lemma="körülmények" pos="X">körülmények</wf>
         <wf lemma="meggátolják" pos="X">meggátolják</wf>
         <wf lemma="az" pos="X">az</wf>
         <wf lemma="új" pos="X">új</wf>
         <wf lemma="pápa" pos="X">pápa</wf>
         <wf lemma="hivatalos" pos="X">hivatalos</wf>
         <instance id="d000.s1253.t000" lemma="beiktatás" pos="NOUN">beiktatását</instance>
         <wf lemma="," pos="X">,</wf>
         <wf lemma="akkor" pos="X">akkor</wf>
         <wf lemma="is" pos="X">is</wf>
         <wf lemma="teljes" pos="X">teljes</wf>
         <wf lemma="apostoli" pos="X">apostoli</wf>
         <wf lemma="hatalommal" pos="X">hatalommal</wf>
         <wf lemma="élhet" pos="X">élhet</wf>
         <wf lemma="az" pos="X">az</wf>
         <wf lemma="új" pos="X">új</wf>
         <wf lemma="egyházfő" pos="X">egyházfő</wf>
         <wf lemma="." pos="X">.</wf>
      </sentence>
      <sentence id="d000.s1254" source="wordnet-hungarian">
         <wf lemma="Több" pos="X">Több</wf>
         <wf lemma="római" pos="X">római</wf>
         <wf lemma="kori" pos="X">kori</wf>
         <instance id="d000.s1254.t000" lemma="rom" pos="NOUN">romot</instance>
         <wf lemma="tártak" pos="X">tártak</wf>
         <wf lemma="fel" pos="X">fel</wf>
         <wf lemma="mostanában" pos="X">mostanában</wf>
         <wf lemma="." pos="X">.</wf>
      </sentence>
      <sentence id="d000.s1255" source="wordnet-hungarian">
         <wf lemma="Öklén" pos="X">Öklén</wf>
         <wf lemma="ült" pos="X">ült</wf>
         <wf lemma="egy" pos="X">egy</wf>
         <wf lemma="fiatal" pos="X">fiatal</wf>
         <instance id="d000.s1255.t000" lemma="sólyom" pos="NOUN">sólyom</instance>
         <wf lemma="." pos="X">.</wf>
      </sentence>
      <sentence id="d000.s1256" source="wordnet-hungarian">
         <wf lemma="A" pos="X">A</wf>
         <wf lemma="politikus" pos="X">politikus</wf>
         <wf lemma="együttműködött" pos="X">együttműködött</wf>
         <wf lemma="a" pos="X">a</wf>
         <wf lemma="rendőrséggel" pos="X">rendőrséggel</wf>
         <wf lemma="és" pos="X">és</wf>
         <wf lemma="a" pos="X">a</wf>
         <instance id="d000.s1256.t000" lemma="zsaroló" pos="NOUN">zsarolót</instance>
         <wf lemma="végül" pos="X">végül</wf>
         <wf lemma="elfogták" pos="X">elfogták</wf>
         <wf lemma="." pos="X">.</wf>
      </sentence>
      <sentence id="d000.s1257" source="wordnet-hungarian">
         <wf lemma="Ön" pos="X">Ön</wf>
         <wf lemma="kinek" pos="X">kinek</wf>
         <wf lemma="a" pos="X">a</wf>
         <instance id="d000.s1257.t000" lemma="képviselet" pos="NOUN">képviseletében</instance>
         <wf lemma="lép" pos="X">lép</wf>
         <wf lemma="fel" pos="X">fel</wf>
         <wf lemma="?" pos="X">?</wf>
      </sentence>
      <sentence id="d000.s1258" source="wordnet-hungarian">
         <wf lemma="A" pos="X">A</wf>
         <wf lemma="dolgozók" pos="X">dolgozók</wf>
         <wf lemma="elkötelezettségét" pos="X">elkötelezettségét</wf>
         <wf lemma="sok" pos="X">sok</wf>
         <wf lemma="helyen" pos="X">helyen</wf>
         <wf lemma="közös" pos="X">közös</wf>
         <wf lemma="munkahelyi" pos="X">munkahelyi</wf>
         <instance id="d000.s1258.t000" lemma="éneklés" pos="NOUN">énekléssel</instance>
         <wf lemma="próbálják" pos="X">próbálják</wf>
         <wf lemma="erősíteni" pos="X">erősíteni</wf>
         <wf lemma="." pos="X">.</wf>
      </sentence>
      <sentence id="d000.s1259" source="wordnet-hungarian">
         <wf lemma="Nincs" pos="X">Nincs</wf>
         <instance id="d000.s1259.t000" lemma="hozzáférés" pos="NOUN">hozzáférése</instance>
         <wf lemma="a" pos="X">a</wf>
         <wf lemma="többiek" pos="X">többiek</wf>
         <wf lemma="gépeihez" pos="X">gépeihez</wf>
         <wf lemma="." pos="X">.</wf>
      </sentence>
      <sentence id="d000.s1260" source="wordnet-hungarian">
         <wf lemma="Szorongásos" pos="X">Szorongásos</wf>
         <wf lemma="kórképekben" pos="X">kórképekben</wf>
         <wf lemma="gyakran" pos="X">gyakran</wf>
         <wf lemma="adnak" pos="X">adnak</wf>
         <instance id="d000.s1260.t000" lemma="nyugtatószer" pos="NOUN">nyugtatószert</instance>
         <wf lemma="a" pos="X">a</wf>
         <wf lemma="betegeknek" pos="X">betegeknek</wf>
         <wf lemma="." pos="X">.</wf>
      </sentence>
      <sentence id="d000.s1261" source="wordnet-hungarian">
         <wf lemma="A" pos="X">A</wf>
         <instance id="d000.s1261.t000" lemma="repülőgép" pos="NOUN">repülőgép</instance>
         <wf lemma="meghibásodása" pos="X">meghibásodása</wf>
         <wf lemma="miatt" pos="X">miatt</wf>
         <wf lemma="törölték" pos="X">törölték</wf>
         <wf lemma="a" pos="X">a</wf>
         <wf lemma="járatot" pos="X">járatot</wf>
         <wf lemma="." pos="X">.</wf>
      </sentence>
      <sentence id="d000.s1262" source="wordnet-hungarian">
         <wf lemma="A" pos="X">A</wf>
         <wf lemma="kovasav" pos="X">kovasav</wf>
         <wf lemma="azonban" pos="X">azonban</wf>
         <wf lemma="beolvasztható" pos="X">beolvasztható</wf>
         <wf lemma="az" pos="X">az</wf>
         <wf lemma="üvegbe" pos="X">üvegbe</wf>
         <wf lemma="földpát" pos="X">földpát</wf>
         <wf lemma="," pos="X">,</wf>
         <instance id="d000.s1262.t000" lemma="kaolin" pos="NOUN">kaolin</instance>
         <wf lemma="vagy" pos="X">vagy</wf>
         <wf lemma="egyéb" pos="X">egyéb</wf>
         <wf lemma="szilikátkôzetekkel" pos="X">szilikátkôzetekkel</wf>
         <wf lemma="is" pos="X">is</wf>
         <wf lemma="." pos="X">.</wf>
      </sentence>
      <sentence id="d000.s1263" source="wordnet-hungarian">
         <wf lemma="A" pos="X">A</wf>
         <instance id="d000.s1263.t000" lemma="nyárs" pos="NOUN">nyársról</instance>
         <wf lemma="lecsúszott" pos="X">lecsúszott</wf>
         <wf lemma="egy" pos="X">egy</wf>
         <wf lemma="darab" pos="X">darab</wf>
         <wf lemma="szalonna" pos="X">szalonna</wf>
         <wf lemma="." pos="X">.</wf>
      </sentence>
      <sentence id="d000.s1264" source="wordnet-hungarian">
         <wf lemma="Nagyméretű" pos="X">Nagyméretű</wf>
         <wf lemma="számítógépek" pos="X">számítógépek</wf>
         <wf lemma="64" pos="X">64</wf>
         <wf lemma="bit" pos="X">bit</wf>
         <wf lemma="hosszóságú" pos="X">hosszóságú</wf>
         <instance id="d000.s1264.t000" lemma="szó" pos="NOUN">szavakat</instance>
         <wf lemma="is" pos="X">is</wf>
         <wf lemma="használnak" pos="X">használnak</wf>
         <wf lemma="." pos="X">.</wf>
      </sentence>
      <sentence id="d000.s1265" source="wordnet-hungarian">
         <wf lemma="Nem" pos="X">Nem</wf>
         <wf lemma="ezen" pos="X">ezen</wf>
         <wf lemma="a" pos="X">a</wf>
         <instance id="d000.s1265.t000" lemma="terület" pos="NOUN">területen</instance>
         <wf lemma="dolgozik" pos="X">dolgozik</wf>
         <wf lemma="." pos="X">.</wf>
      </sentence>
      <sentence id="d000.s1266" source="wordnet-hungarian">
         <wf lemma="Az" pos="X">Az</wf>
         <wf lemma="első" pos="X">első</wf>
         <instance id="d000.s1266.t000" lemma="trimeszter" pos="NOUN">trimesztert</instance>
         <wf lemma="sikeresen" pos="X">sikeresen</wf>
         <wf lemma="teljesítette" pos="X">teljesítette</wf>
         <wf lemma="az" pos="X">az</wf>
         <wf lemma="egyetemen" pos="X">egyetemen</wf>
         <wf lemma="." pos="X">.</wf>
      </sentence>
      <sentence id="d000.s1267" source="wordnet-hungarian">
         <wf lemma="Fürdési" pos="X">Fürdési</wf>
         <instance id="d000.s1267.t000" lemma="lehetőség" pos="NOUN">lehetőséget</instance>
         <wf lemma="természetesen" pos="X">természetesen</wf>
         <wf lemma="biztosítunk" pos="X">biztosítunk</wf>
         <wf lemma="vendégeink" pos="X">vendégeink</wf>
         <wf lemma="számára" pos="X">számára</wf>
         <wf lemma="." pos="X">.</wf>
      </sentence>
      <sentence id="d000.s1268" source="wordnet-hungarian">
         <wf lemma="Finnország" pos="X">Finnország</wf>
         <wf lemma="több" pos="X">több</wf>
         <wf lemma="részén" pos="X">részén</wf>
         <wf lemma="a" pos="X">a</wf>
         <instance id="d000.s1268.t000" lemma="páfrány" pos="NOUN">páfrányt</instance>
         <wf lemma="halálvirágnak" pos="X">halálvirágnak</wf>
         <wf lemma="nevezik" pos="X">nevezik</wf>
         <wf lemma="." pos="X">.</wf>
      </sentence>
      <sentence id="d000.s1269" source="wordnet-hungarian">
         <wf lemma="A" pos="X">A</wf>
         <instance id="d000.s1269.t000" lemma="rendőrség" pos="NOUN">rendőrség</instance>
         <wf lemma="nagy" pos="X">nagy</wf>
         <wf lemma="erőkkel" pos="X">erőkkel</wf>
         <wf lemma="vonult" pos="X">vonult</wf>
         <wf lemma="ki" pos="X">ki</wf>
         <wf lemma="a" pos="X">a</wf>
         <wf lemma="helyszínre" pos="X">helyszínre</wf>
         <wf lemma="." pos="X">.</wf>
      </sentence>
      <sentence id="d000.s1270" source="wordnet-hungarian">
         <wf lemma="Rengeteg" pos="X">Rengeteg</wf>
         <wf lemma="kisebb" pos="X">kisebb</wf>
         <instance id="d000.s1270.t000" lemma="örvény" pos="NOUN">örvényt</instance>
         <wf lemma="lehet" pos="X">lehet</wf>
         <wf lemma="megfigyelni" pos="X">megfigyelni</wf>
         <wf lemma="a" pos="X">a</wf>
         <wf lemma="folyónak" pos="X">folyónak</wf>
         <wf lemma="ezen" pos="X">ezen</wf>
         <wf lemma="a" pos="X">a</wf>
         <wf lemma="részén" pos="X">részén</wf>
         <wf lemma="." pos="X">.</wf>
      </sentence>
      <sentence id="d000.s1271" source="wordnet-hungarian">
         <wf lemma="Véleménye" pos="X">Véleménye</wf>
         <wf lemma="szerint" pos="X">szerint</wf>
         <wf lemma="a" pos="X">a</wf>
         <wf lemma="világ" pos="X">világ</wf>
         <wf lemma="legnagyobb" pos="X">legnagyobb</wf>
         <wf lemma="és" pos="X">és</wf>
         <wf lemma="legmodernebb" pos="X">legmodernebb</wf>
         <wf lemma="feldolgozóját" pos="X">feldolgozóját</wf>
         <wf lemma="&amp;quot;" pos="X">&amp;quot;</wf>
         <wf lemma="meg" pos="X">meg</wf>
         <wf lemma="kellene" pos="X">kellene</wf>
         <wf lemma="menteni&amp;quot" pos="X">menteni&amp;quot</wf>
         <wf lemma=";" pos="X">;</wf>
         <wf lemma="," pos="X">,</wf>
         <wf lemma="annál" pos="X">annál</wf>
         <wf lemma="is" pos="X">is</wf>
         <wf lemma="inkább" pos="X">inkább</wf>
         <wf lemma="," pos="X">,</wf>
         <wf lemma="mert" pos="X">mert</wf>
         <wf lemma="a" pos="X">a</wf>
         <wf lemma="kalocsai" pos="X">kalocsai</wf>
         <instance id="d000.s1271.t000" lemma="paprika" pos="NOUN">paprika</instance>
         <wf lemma="magyar" pos="X">magyar</wf>
         <wf lemma="unikum" pos="X">unikum</wf>
         <wf lemma="." pos="X">.</wf>
      </sentence>
      <sentence id="d000.s1272" source="wordnet-hungarian">
         <wf lemma="Az" pos="X">Az</wf>
         <instance id="d000.s1272.t000" lemma="erődítmény" pos="NOUN">erődítmény</instance>
         <wf lemma="bevehetetlennek" pos="X">bevehetetlennek</wf>
         <wf lemma="tűnt" pos="X">tűnt</wf>
         <wf lemma="." pos="X">.</wf>
      </sentence>
      <sentence id="d000.s1273" source="wordnet-hungarian">
         <wf lemma="A" pos="X">A</wf>
         <wf lemma="regényt" pos="X">regényt</wf>
         <wf lemma="egy" pos="X">egy</wf>
         <wf lemma="szörnyű" pos="X">szörnyű</wf>
         <wf lemma="gyilkosság" pos="X">gyilkosság</wf>
         <instance id="d000.s1273.t000" lemma="indít" pos="VERB">indítja</instance>
         <wf lemma="." pos="X">.</wf>
      </sentence>
      <sentence id="d000.s1274" source="wordnet-hungarian">
         <wf lemma="A" pos="X">A</wf>
         <wf lemma="lovag" pos="X">lovag</wf>
         <wf lemma="a" pos="X">a</wf>
         <wf lemma="nyeregbe" pos="X">nyeregbe</wf>
         <instance id="d000.s1274.t000" lemma="vesz" pos="VERB">vette</instance>
         <wf lemma="a" pos="X">a</wf>
         <wf lemma="hercegnőt" pos="X">hercegnőt</wf>
         <wf lemma="." pos="X">.</wf>
      </sentence>
      <sentence id="d000.s1275" source="wordnet-hungarian">
         <wf lemma="Ha" pos="X">Ha</wf>
         <wf lemma="lenne" pos="X">lenne</wf>
         <wf lemma="rá" pos="X">rá</wf>
         <instance id="d000.s1275.t000" lemma="mód" pos="NOUN">mód</instance>
         <wf lemma="," pos="X">,</wf>
         <wf lemma="én" pos="X">én</wf>
         <wf lemma="inkább" pos="X">inkább</wf>
         <wf lemma="horgászni" pos="X">horgászni</wf>
         <wf lemma="mennék" pos="X">mennék</wf>
         <wf lemma="." pos="X">.</wf>
      </sentence>
      <sentence id="d000.s1276" source="wordnet-hungarian">
         <wf lemma="A" pos="X">A</wf>
         <instance id="d000.s1276.t000" lemma="csucsorfélék" pos="NOUN">csucsorfélékről</instance>
         <wf lemma="semmit" pos="X">semmit</wf>
         <wf lemma="sem" pos="X">sem</wf>
         <wf lemma="tudott" pos="X">tudott</wf>
         <wf lemma="mondani" pos="X">mondani</wf>
         <wf lemma="a" pos="X">a</wf>
         <wf lemma="vizsgán" pos="X">vizsgán</wf>
         <wf lemma="." pos="X">.</wf>
      </sentence>
      <sentence id="d000.s1277" source="wordnet-hungarian">
         <wf lemma="A" pos="X">A</wf>
         <wf lemma="családtagi" pos="X">családtagi</wf>
         <wf lemma="vízummal" pos="X">vízummal</wf>
         <wf lemma="rendelkező" pos="X">rendelkező</wf>
         <wf lemma="gyermekek" pos="X">gyermekek</wf>
         <wf lemma="egyaránt" pos="X">egyaránt</wf>
         <wf lemma="járhatnak" pos="X">járhatnak</wf>
         <wf lemma="állami" pos="X">állami</wf>
         <wf lemma="vagy" pos="X">vagy</wf>
         <instance id="d000.s1277.t000" lemma="magániskola" pos="NOUN">magániskolába</instance>
         <wf lemma="." pos="X">.</wf>
      </sentence>
      <sentence id="d000.s1278" source="wordnet-hungarian">
         <instance id="d000.s1278.t000" lemma="hársfa" pos="NOUN">Hársfákat</instance>
         <wf lemma="keresünk" pos="X">keresünk</wf>
         <wf lemma="a" pos="X">a</wf>
         <wf lemma="méheknek" pos="X">méheknek</wf>
         <wf lemma="," pos="X">,</wf>
         <wf lemma="mert" pos="X">mert</wf>
         <wf lemma="hársfamézet" pos="X">hársfamézet</wf>
         <wf lemma="szeretnénk" pos="X">szeretnénk</wf>
         <wf lemma="készíteni" pos="X">készíteni</wf>
         <wf lemma="." pos="X">.</wf>
      </sentence>
      <sentence id="d000.s1279" source="wordnet-hungarian">
         <wf lemma="Még" pos="X">Még</wf>
         <wf lemma="ő" pos="X">ő</wf>
         <instance id="d000.s1279.t000" lemma="szaval" pos="VERB">szaval</instance>
         <wf lemma="emberségről" pos="X">emberségről</wf>
         <wf lemma="!" pos="X">!</wf>
      </sentence>
      <sentence id="d000.s1280" source="wordnet-hungarian">
         <wf lemma="Jánost" pos="X">Jánost</wf>
         <instance id="d000.s1280.t000" lemma="bánt" pos="VERB">bántja</instance>
         <wf lemma="az" pos="X">az</wf>
         <wf lemma="éhség" pos="X">éhség</wf>
         <wf lemma="." pos="X">.</wf>
      </sentence>
      <sentence id="d000.s1281" source="wordnet-hungarian">
         <wf lemma="A" pos="X">A</wf>
         <wf lemma="hirdetés" pos="X">hirdetés</wf>
         <wf lemma="sok" pos="X">sok</wf>
         <wf lemma="megrendelőt" pos="X">megrendelőt</wf>
         <instance id="d000.s1281.t000" lemma="vonz" pos="VERB">vonzott</instance>
         <wf lemma="a" pos="X">a</wf>
         <wf lemma="céghez" pos="X">céghez</wf>
         <wf lemma="." pos="X">.</wf>
      </sentence>
      <sentence id="d000.s1282" source="wordnet-hungarian">
         <wf lemma="A" pos="X">A</wf>
         <wf lemma="bűncselekmény" pos="X">bűncselekmény</wf>
         <instance id="d000.s1282.t000" lemma="elévülés" pos="NOUN">elévülése</instance>
         <wf lemma="után" pos="X">után</wf>
         <wf lemma="az" pos="X">az</wf>
         <wf lemma="ellopott" pos="X">ellopott</wf>
         <wf lemma="tárgyakat" pos="X">tárgyakat</wf>
         <wf lemma="sem" pos="X">sem</wf>
         <wf lemma="körözi" pos="X">körözi</wf>
         <wf lemma="a" pos="X">a</wf>
         <wf lemma="rendőrség" pos="X">rendőrség</wf>
         <wf lemma="." pos="X">.</wf>
      </sentence>
      <sentence id="d000.s1283" source="wordnet-hungarian">
         <wf lemma="Milliárdos" pos="X">Milliárdos</wf>
         <wf lemma="beruházással" pos="X">beruházással</wf>
         <wf lemma="több" pos="X">több</wf>
         <wf lemma="építőipari" pos="X">építőipari</wf>
         <wf lemma="lerakótelepet" pos="X">lerakótelepet</wf>
         <wf lemma="szeretne" pos="X">szeretne</wf>
         <wf lemma="néhány" pos="X">néhány</wf>
         <wf lemma="fuvarozási" pos="X">fuvarozási</wf>
         <instance id="d000.s1283.t000" lemma="vállalkozó" pos="NOUN">vállalkozó</instance>
         <wf lemma="felépíteni" pos="X">felépíteni</wf>
         <wf lemma="a" pos="X">a</wf>
         <wf lemma="főváros" pos="X">főváros</wf>
         <wf lemma="szélén" pos="X">szélén</wf>
         <wf lemma="." pos="X">.</wf>
      </sentence>
      <sentence id="d000.s1284" source="wordnet-hungarian">
         <wf lemma="A" pos="X">A</wf>
         <wf lemma="magyar" pos="X">magyar</wf>
         <instance id="d000.s1284.t000" lemma="úszó" pos="NOUN">úszók</instance>
         <wf lemma="közül" pos="X">közül</wf>
         <wf lemma="csak" pos="X">csak</wf>
         <wf lemma="ketten" pos="X">ketten</wf>
         <wf lemma="szerepeltek" pos="X">szerepeltek</wf>
         <wf lemma="jól" pos="X">jól</wf>
         <wf lemma="az" pos="X">az</wf>
         <wf lemma="Európa-bajnokságon" pos="X">Európa-bajnokságon</wf>
         <wf lemma="." pos="X">.</wf>
      </sentence>
      <sentence id="d000.s1285" source="wordnet-hungarian">
         <wf lemma="Ha" pos="X">Ha</wf>
         <wf lemma="felnövök" pos="X">felnövök</wf>
         <wf lemma="," pos="X">,</wf>
         <instance id="d000.s1285.t000" lemma="segít" pos="VERB">segíteni</instance>
         <wf lemma="fogom" pos="X">fogom</wf>
         <wf lemma="a" pos="X">a</wf>
         <wf lemma="szüleimet" pos="X">szüleimet</wf>
         <wf lemma="." pos="X">.</wf>
      </sentence>
      <sentence id="d000.s1286" source="wordnet-hungarian">
         <wf lemma="A" pos="X">A</wf>
         <instance id="d000.s1286.t000" lemma="nád" pos="NOUN">nádból</instance>
         <wf lemma="készült" pos="X">készült</wf>
         <wf lemma="bútorokat" pos="X">bútorokat</wf>
         <wf lemma="különlegesen" pos="X">különlegesen</wf>
         <wf lemma="kell" pos="X">kell</wf>
         <wf lemma="ápolni" pos="X">ápolni</wf>
         <wf lemma="." pos="X">.</wf>
      </sentence>
      <sentence id="d000.s1287" source="wordnet-hungarian">
         <wf lemma="A" pos="X">A</wf>
         <instance id="d000.s1287.t000" lemma="sofőr" pos="NOUN">sofőr</instance>
         <wf lemma="többször" pos="X">többször</wf>
         <wf lemma="is" pos="X">is</wf>
         <wf lemma="megállt" pos="X">megállt</wf>
         <wf lemma="pihenni" pos="X">pihenni</wf>
         <wf lemma="a" pos="X">a</wf>
         <wf lemma="hosszú" pos="X">hosszú</wf>
         <wf lemma="út" pos="X">út</wf>
         <wf lemma="alatt" pos="X">alatt</wf>
         <wf lemma="." pos="X">.</wf>
      </sentence>
      <sentence id="d000.s1288" source="wordnet-hungarian">
         <wf lemma="A" pos="X">A</wf>
         <instance id="d000.s1288.t000" lemma="kifizetés" pos="NOUN">kifizetés</instance>
         <wf lemma="nem" pos="X">nem</wf>
         <wf lemma="történt" pos="X">történt</wf>
         <wf lemma="meg" pos="X">meg</wf>
         <wf lemma="." pos="X">.</wf>
      </sentence>
      <sentence id="d000.s1289" source="wordnet-hungarian">
         <wf lemma="A" pos="X">A</wf>
         <instance id="d000.s1289.t000" lemma="szén" pos="NOUN">szénnek</instance>
         <wf lemma="rengeteg" pos="X">rengeteg</wf>
         <wf lemma="vegyülete" pos="X">vegyülete</wf>
         <wf lemma="megtalálható" pos="X">megtalálható</wf>
         <wf lemma="a" pos="X">a</wf>
         <wf lemma="természetben" pos="X">természetben</wf>
         <wf lemma="." pos="X">.</wf>
      </sentence>
      <sentence id="d000.s1290" source="wordnet-hungarian">
         <wf lemma="Morse" pos="X">Morse</wf>
         <instance id="d000.s1290.t000" lemma="távíró" pos="NOUN">távírója</instance>
         <wf lemma="forradalmi" pos="X">forradalmi</wf>
         <wf lemma="találmány" pos="X">találmány</wf>
         <wf lemma="volt" pos="X">volt</wf>
         <wf lemma="." pos="X">.</wf>
      </sentence>
      <sentence id="d000.s1291" source="wordnet-hungarian">
         <wf lemma="Az" pos="X">Az</wf>
         <wf lemma="apa" pos="X">apa</wf>
         <instance id="d000.s1291.t000" lemma="kitagad" pos="VERB">kitagadta</instance>
         <wf lemma="fiait" pos="X">fiait</wf>
         <wf lemma="az" pos="X">az</wf>
         <wf lemma="örökségből" pos="X">örökségből</wf>
         <wf lemma="." pos="X">.</wf>
      </sentence>
      <sentence id="d000.s1292" source="wordnet-hungarian">
         <wf lemma="A" pos="X">A</wf>
         <instance id="d000.s1292.t000" lemma="százszorszép" pos="NOUN">százszorszépet</instance>
         <wf lemma="a" pos="X">a</wf>
         <wf lemma="homeopátiában" pos="X">homeopátiában</wf>
         <wf lemma="bőrbetegségek" pos="X">bőrbetegségek</wf>
         <wf lemma="kezelésére" pos="X">kezelésére</wf>
         <wf lemma="alkalmazzák" pos="X">alkalmazzák</wf>
         <wf lemma="." pos="X">.</wf>
      </sentence>
      <sentence id="d000.s1293" source="wordnet-hungarian">
         <wf lemma="A" pos="X">A</wf>
         <instance id="d000.s1293.t000" lemma="búvóhely" pos="NOUN">búvóhely</instance>
         <wf lemma="nehezen" pos="X">nehezen</wf>
         <wf lemma="megközelíthető" pos="X">megközelíthető</wf>
         <wf lemma="," pos="X">,</wf>
         <wf lemma="eldugott" pos="X">eldugott</wf>
         <wf lemma="helyen" pos="X">helyen</wf>
         <wf lemma="van" pos="X">van</wf>
         <wf lemma="." pos="X">.</wf>
      </sentence>
      <sentence id="d000.s1294" source="wordnet-hungarian">
         <wf lemma="Az" pos="X">Az</wf>
         <wf lemma="önkormányzati" pos="X">önkormányzati</wf>
         <wf lemma="választások" pos="X">választások</wf>
         <wf lemma="óta" pos="X">óta</wf>
         <wf lemma="Kovács" pos="X">Kovács</wf>
         <wf lemma="úr" pos="X">úr</wf>
         <instance id="d000.s1294.t000" lemma="képvisel" pos="VERB">képviseli</instance>
         <wf lemma="a" pos="X">a</wf>
         <wf lemma="falut" pos="X">falut</wf>
         <wf lemma="a" pos="X">a</wf>
         <wf lemma="megyei" pos="X">megyei</wf>
         <wf lemma="közgyűlésben" pos="X">közgyűlésben</wf>
         <wf lemma="." pos="X">.</wf>
      </sentence>
      <sentence id="d000.s1295" source="wordnet-hungarian">
         <wf lemma="A" pos="X">A</wf>
         <wf lemma="koktél" pos="X">koktél</wf>
         <wf lemma="narancslé" pos="X">narancslé</wf>
         <instance id="d000.s1295.t000" lemma="alap" pos="NOUN">alapból</instance>
         <wf lemma="készül" pos="X">készül</wf>
         <wf lemma="." pos="X">.</wf>
      </sentence>
      <sentence id="d000.s1296" source="wordnet-hungarian">
         <wf lemma="A" pos="X">A</wf>
         <wf lemma="ház" pos="X">ház</wf>
         <instance id="d000.s1296.t000" lemma="oldal" pos="NOUN">oldalára</instance>
         <wf lemma="borostyánt" pos="X">borostyánt</wf>
         <wf lemma="futtattak" pos="X">futtattak</wf>
         <wf lemma="fel" pos="X">fel</wf>
         <wf lemma="." pos="X">.</wf>
      </sentence>
      <sentence id="d000.s1297" source="wordnet-hungarian">
         <wf lemma="Nyilatkozatának" pos="X">Nyilatkozatának</wf>
         <wf lemma="annyi" pos="X">annyi</wf>
         <instance id="d000.s1297.t000" lemma="értelmezés" pos="NOUN">értelmezése</instance>
         <wf lemma="látott" pos="X">látott</wf>
         <wf lemma="napvilágot" pos="X">napvilágot</wf>
         <wf lemma="," pos="X">,</wf>
         <wf lemma="ahány" pos="X">ahány</wf>
         <wf lemma="politológus" pos="X">politológus</wf>
         <wf lemma="vizsálta" pos="X">vizsálta</wf>
         <wf lemma="." pos="X">.</wf>
      </sentence>
      <sentence id="d000.s1298" source="wordnet-hungarian">
         <wf lemma="Ahogy" pos="X">Ahogy</wf>
         <wf lemma="egyre" pos="X">egyre</wf>
         <wf lemma="erősebben" pos="X">erősebben</wf>
         <wf lemma="csiklandozott" pos="X">csiklandozott</wf>
         <wf lemma="," pos="X">,</wf>
         <wf lemma="a" pos="X">a</wf>
         <wf lemma="jó" pos="X">jó</wf>
         <wf lemma="érzés" pos="X">érzés</wf>
         <wf lemma="helyébe" pos="X">helyébe</wf>
         <instance id="d000.s1298.t000" lemma="fájdalom" pos="NOUN">fájdalom</instance>
         <wf lemma="lépett" pos="X">lépett</wf>
         <wf lemma="." pos="X">.</wf>
      </sentence>
      <sentence id="d000.s1299" source="wordnet-hungarian">
         <wf lemma="A" pos="X">A</wf>
         <wf lemma="nyugat" pos="X">nyugat</wf>
         <wf lemma="politikusai" pos="X">politikusai</wf>
         <wf lemma="Ceausescu" pos="X">Ceausescu</wf>
         <wf lemma="elvtársat" pos="X">elvtársat</wf>
         <wf lemma="," pos="X">,</wf>
         <wf lemma="mint" pos="X">mint</wf>
         <wf lemma="nagy" pos="X">nagy</wf>
         <instance id="d000.s1299.t000" lemma="államférfi" pos="NOUN">államférfit</instance>
         <wf lemma="ünnepelték" pos="X">ünnepelték</wf>
         <wf lemma="." pos="X">.</wf>
      </sentence>
      <sentence id="d000.s1300" source="wordnet-hungarian">
         <wf lemma="Nincs" pos="X">Nincs</wf>
         <instance id="d000.s1300.t000" lemma="idő" pos="NOUN">ideje</instance>
         <wf lemma="rá." pos="X">rá.</wf>
      </sentence>
      <sentence id="d000.s1301" source="wordnet-hungarian">
         <wf lemma="A" pos="X">A</wf>
         <wf lemma="matematikában" pos="X">matematikában</wf>
         <wf lemma="és" pos="X">és</wf>
         <wf lemma="a" pos="X">a</wf>
         <wf lemma="matematikai" pos="X">matematikai</wf>
         <wf lemma="tudományokban" pos="X">tudományokban</wf>
         <wf lemma="egy" pos="X">egy</wf>
         <instance id="d000.s1301.t000" lemma="konstans" pos="NOUN">konstans</instance>
         <wf lemma="rögzített" pos="X">rögzített</wf>
         <wf lemma="," pos="X">,</wf>
         <wf lemma="de" pos="X">de</wf>
         <wf lemma="pillanatnyilag" pos="X">pillanatnyilag</wf>
         <wf lemma="ismeretlen" pos="X">ismeretlen</wf>
         <wf lemma="érték" pos="X">érték</wf>
         <wf lemma=";" pos="X">;</wf>
         <wf lemma="fogalmát" pos="X">fogalmát</wf>
         <wf lemma="a" pos="X">a</wf>
         <wf lemma="változóéval" pos="X">változóéval</wf>
         <wf lemma="szokás" pos="X">szokás</wf>
         <wf lemma="szembe" pos="X">szembe</wf>
         <wf lemma="állítani" pos="X">állítani</wf>
         <wf lemma="," pos="X">,</wf>
         <wf lemma="ami" pos="X">ami</wf>
         <wf lemma="nem" pos="X">nem</wf>
         <wf lemma="rögzített" pos="X">rögzített</wf>
         <wf lemma="érték" pos="X">érték</wf>
         <wf lemma="." pos="X">.</wf>
      </sentence>
      <sentence id="d000.s1302" source="wordnet-hungarian">
         <wf lemma="Az" pos="X">Az</wf>
         <wf lemma="adásvételről" pos="X">adásvételről</wf>
         <wf lemma="nem" pos="X">nem</wf>
         <wf lemma="találtak" pos="X">találtak</wf>
         <instance id="d000.s1302.t000" lemma="feljegyzés" pos="NOUN">feljegyzést</instance>
         <wf lemma="." pos="X">.</wf>
      </sentence>
      <sentence id="d000.s1303" source="wordnet-hungarian">
         <wf lemma="A" pos="X">A</wf>
         <wf lemma="lázadók" pos="X">lázadók</wf>
         <wf lemma="kardot" pos="X">kardot</wf>
         <instance id="d000.s1303.t000" lemma="fog" pos="VERB">fogtak</instance>
         <wf lemma="a" pos="X">a</wf>
         <wf lemma="királyra" pos="X">királyra</wf>
         <wf lemma="." pos="X">.</wf>
      </sentence>
      <sentence id="d000.s1304" source="wordnet-hungarian">
         <wf lemma="A" pos="X">A</wf>
         <instance id="d000.s1304.t000" lemma="zsidóság" pos="NOUN">zsidóság</instance>
         <wf lemma="fő" pos="X">fő</wf>
         <wf lemma="törekvése" pos="X">törekvése</wf>
         <wf lemma="a" pos="X">a</wf>
         <wf lemma="nemzetállam" pos="X">nemzetállam</wf>
         <wf lemma="létrehozása" pos="X">létrehozása</wf>
         <wf lemma="volt" pos="X">volt</wf>
         <wf lemma="." pos="X">.</wf>
      </sentence>
      <sentence id="d000.s1305" source="wordnet-hungarian">
         <wf lemma="Húsz" pos="X">Húsz</wf>
         <wf lemma="százalékos" pos="X">százalékos</wf>
         <instance id="d000.s1305.t000" lemma="fizetésemelés" pos="NOUN">fizetésemelést</instance>
         <wf lemma="kapott" pos="X">kapott</wf>
         <wf lemma="." pos="X">.</wf>
      </sentence>
      <sentence id="d000.s1306" source="wordnet-hungarian">
         <wf lemma="Szép" pos="X">Szép</wf>
         <wf lemma="kis" pos="X">kis</wf>
         <instance id="d000.s1306.t000" lemma="jutalék" pos="NOUN">jutalék</instance>
         <wf lemma="illeti" pos="X">illeti</wf>
         <wf lemma="meg" pos="X">meg</wf>
         <wf lemma="." pos="X">.</wf>
      </sentence>
      <sentence id="d000.s1307" source="wordnet-hungarian">
         <wf lemma="Nagyon" pos="X">Nagyon</wf>
         <wf lemma="könnyű" pos="X">könnyű</wf>
         <wf lemma="elkapni" pos="X">elkapni</wf>
         <wf lemma="a" pos="X">a</wf>
         <instance id="d000.s1307.t000" lemma="nátha" pos="NOUN">náthát</instance>
         <wf lemma="ősszel" pos="X">ősszel</wf>
         <wf lemma="." pos="X">.</wf>
      </sentence>
      <sentence id="d000.s1308" source="wordnet-hungarian">
         <wf lemma="A" pos="X">A</wf>
         <wf lemma="biztosítási" pos="X">biztosítási</wf>
         <wf lemma="intézkedésre" pos="X">intézkedésre</wf>
         <wf lemma="a" pos="X">a</wf>
         <wf lemma="végrehajtási" pos="X">végrehajtási</wf>
         <instance id="d000.s1308.t000" lemma="eljárás" pos="NOUN">eljárás</instance>
         <wf lemma="során" pos="X">során</wf>
         <wf lemma="irányadó" pos="X">irányadó</wf>
         <wf lemma="szabályokat" pos="X">szabályokat</wf>
         <wf lemma="kell" pos="X">kell</wf>
         <wf lemma="alkalmazni" pos="X">alkalmazni</wf>
         <wf lemma="." pos="X">.</wf>
      </sentence>
      <sentence id="d000.s1309" source="wordnet-hungarian">
         <wf lemma="A" pos="X">A</wf>
         <wf lemma="hajók" pos="X">hajók</wf>
         <wf lemma="a" pos="X">a</wf>
         <wf lemma="nagy" pos="X">nagy</wf>
         <wf lemma="viharban" pos="X">viharban</wf>
         <instance id="d000.s1309.t000" lemma="zátony" pos="NOUN">zátonyra</instance>
         <wf lemma="futottak" pos="X">futottak</wf>
         <wf lemma="." pos="X">.</wf>
      </sentence>
      <sentence id="d000.s1310" source="wordnet-hungarian">
         <wf lemma="Az" pos="X">Az</wf>
         <wf lemma="ilyen" pos="X">ilyen</wf>
         <wf lemma="jellegű" pos="X">jellegű</wf>
         <wf lemma="ajánlatok" pos="X">ajánlatok</wf>
         <wf lemma="nagy" pos="X">nagy</wf>
         <wf lemma="valószínűséggel" pos="X">valószínűséggel</wf>
         <wf lemma="valamilyen" pos="X">valamilyen</wf>
         <instance id="d000.s1310.t000" lemma="szélhámosság" pos="NOUN">szélhámosságot</instance>
         <wf lemma="takarnak" pos="X">takarnak</wf>
         <wf lemma="." pos="X">.</wf>
      </sentence>
      <sentence id="d000.s1311" source="wordnet-hungarian">
         <wf lemma="Egy" pos="X">Egy</wf>
         <wf lemma="zuhanó" pos="X">zuhanó</wf>
         <wf lemma="repülőgépen" pos="X">repülőgépen</wf>
         <wf lemma="nincs" pos="X">nincs</wf>
         <wf lemma="egyetlen" pos="X">egyetlen</wf>
         <instance id="d000.s1311.t000" lemma="ateista" pos="NOUN">ateista</instance>
         <wf lemma="sem" pos="X">sem</wf>
         <wf lemma="." pos="X">.</wf>
      </sentence>
      <sentence id="d000.s1312" source="wordnet-hungarian">
         <instance id="d000.s1312.t000" lemma="sikerül" pos="VERB">Sikerült</instance>
         <wf lemma="jegyeket" pos="X">jegyeket</wf>
         <wf lemma="szereznünk" pos="X">szereznünk</wf>
         <wf lemma="a" pos="X">a</wf>
         <wf lemma="koncertre" pos="X">koncertre</wf>
         <wf lemma="." pos="X">.</wf>
      </sentence>
      <sentence id="d000.s1313" source="wordnet-hungarian">
         <wf lemma="A" pos="X">A</wf>
         <instance id="d000.s1313.t000" lemma="vörösfenyő" pos="NOUN">vörösfenyő</instance>
         <wf lemma="tűleveleivel" pos="X">tűleveleivel</wf>
         <wf lemma="tele" pos="X">tele</wf>
         <wf lemma="volt" pos="X">volt</wf>
         <wf lemma="a" pos="X">a</wf>
         <wf lemma="szőnyeg" pos="X">szőnyeg</wf>
         <wf lemma="." pos="X">.</wf>
      </sentence>
      <sentence id="d000.s1314" source="wordnet-hungarian">
         <wf lemma="Kóros" pos="X">Kóros</wf>
         <wf lemma="esetben" pos="X">esetben</wf>
         <wf lemma="a" pos="X">a</wf>
         <instance id="d000.s1314.t000" lemma="véredény" pos="NOUN">véredény</instance>
         <wf lemma="akár" pos="X">akár</wf>
         <wf lemma="teljesen" pos="X">teljesen</wf>
         <wf lemma="el" pos="X">el</wf>
         <wf lemma="is" pos="X">is</wf>
         <wf lemma="záródhat" pos="X">záródhat</wf>
         <wf lemma="." pos="X">.</wf>
      </sentence>
      <sentence id="d000.s1315" source="wordnet-hungarian">
         <wf lemma="A" pos="X">A</wf>
         <wf lemma="csillár" pos="X">csillár</wf>
         <wf lemma="8" pos="X">8</wf>
         <wf lemma="méter" pos="X">méter</wf>
         <wf lemma="magas" pos="X">magas</wf>
         <wf lemma="," pos="X">,</wf>
         <wf lemma="4" pos="X">4</wf>
         <wf lemma="méter" pos="X">méter</wf>
         <wf lemma="széles" pos="X">széles</wf>
         <wf lemma="," pos="X">,</wf>
         <wf lemma="2,2" pos="X">2,2</wf>
         <wf lemma="tonnát" pos="X">tonnát</wf>
         <wf lemma="nyom" pos="X">nyom</wf>
         <wf lemma="," pos="X">,</wf>
         <wf lemma="és" pos="X">és</wf>
         <wf lemma="több" pos="X">több</wf>
         <wf lemma="mint" pos="X">mint</wf>
         <wf lemma="1,3" pos="X">1,3</wf>
         <wf lemma="millió" pos="X">millió</wf>
         <wf lemma="dollárba" pos="X">dollárba</wf>
         <wf lemma="került" pos="X">került</wf>
         <wf lemma="." pos="X">.</wf>
         <wf lemma=";" pos="X">;</wf>
         <wf lemma="több" pos="X">több</wf>
         <wf lemma="mint" pos="X">mint</wf>
         <wf lemma="húszezer" pos="X">húszezer</wf>
         <wf lemma="csiszolt" pos="X">csiszolt</wf>
         <wf lemma="Swarowski" pos="X">Swarowski</wf>
         <instance id="d000.s1315.t000" lemma="kristály" pos="NOUN">kristályból</instance>
         <wf lemma="készült" pos="X">készült</wf>
         <wf lemma="függődísz" pos="X">függődísz</wf>
         <wf lemma="csillog" pos="X">csillog</wf>
         <wf lemma="rajta" pos="X">rajta</wf>
         <wf lemma="." pos="X">.</wf>
      </sentence>
      <sentence id="d000.s1316" source="wordnet-hungarian">
         <wf lemma="Nagy" pos="X">Nagy</wf>
         <instance id="d000.s1316.t000" lemma="meglepetés" pos="NOUN">meglepetés</instance>
         <wf lemma="volt" pos="X">volt</wf>
         <wf lemma="," pos="X">,</wf>
         <wf lemma="hogy" pos="X">hogy</wf>
         <wf lemma="el" pos="X">el</wf>
         <wf lemma="tudtál" pos="X">tudtál</wf>
         <wf lemma="jönni" pos="X">jönni</wf>
         <wf lemma="a" pos="X">a</wf>
         <wf lemma="születésnapomra" pos="X">születésnapomra</wf>
         <wf lemma="." pos="X">.</wf>
      </sentence>
      <sentence id="d000.s1317" source="wordnet-hungarian">
         <wf lemma="Le" pos="X">Le</wf>
         <wf lemma="tudnád" pos="X">tudnád</wf>
         <instance id="d000.s1317.t000" lemma="mos" pos="VERB">mosni</instance>
         <wf lemma="a" pos="X">a</wf>
         <wf lemma="foltokat" pos="X">foltokat</wf>
         <wf lemma="az" pos="X">az</wf>
         <wf lemma="ablaküvegről" pos="X">ablaküvegről</wf>
         <wf lemma="?" pos="X">?</wf>
      </sentence>
      <sentence id="d000.s1318" source="wordnet-hungarian">
         <wf lemma="Az" pos="X">Az</wf>
         <wf lemma="autópályán" pos="X">autópályán</wf>
         <wf lemma="a" pos="X">a</wf>
         <instance id="d000.s1318.t000" lemma="stoppos" pos="NOUN">stopposokat</instance>
         <wf lemma="megbünteti" pos="X">megbünteti</wf>
         <wf lemma="a" pos="X">a</wf>
         <wf lemma="rendőrség" pos="X">rendőrség</wf>
         <wf lemma="." pos="X">.</wf>
      </sentence>
      <sentence id="d000.s1319" source="wordnet-hungarian">
         <wf lemma="A" pos="X">A</wf>
         <instance id="d000.s1319.t000" lemma="film" pos="NOUN">filmet</instance>
         <wf lemma="a" pos="X">a</wf>
         <wf lemma="rendőr" pos="X">rendőr</wf>
         <wf lemma="felszólítására" pos="X">felszólítására</wf>
         <wf lemma="ki" pos="X">ki</wf>
         <wf lemma="kellett" pos="X">kellett</wf>
         <wf lemma="húznia" pos="X">húznia</wf>
         <wf lemma="a" pos="X">a</wf>
         <wf lemma="gépből" pos="X">gépből</wf>
         <wf lemma="." pos="X">.</wf>
      </sentence>
      <sentence id="d000.s1320" source="wordnet-hungarian">
         <wf lemma="Szeretném" pos="X">Szeretném</wf>
         <wf lemma="a" pos="X">a</wf>
         <wf lemma="csomagot" pos="X">csomagot</wf>
         <wf lemma="a" pos="X">a</wf>
         <instance id="d000.s1320.t000" lemma="lakás" pos="NOUN">lakásomhoz</instance>
         <wf lemma="szállíttatni" pos="X">szállíttatni</wf>
         <wf lemma="." pos="X">.</wf>
      </sentence>
      <sentence id="d000.s1321" source="wordnet-hungarian">
         <wf lemma="A" pos="X">A</wf>
         <wf lemma="zene" pos="X">zene</wf>
         <wf lemma="és" pos="X">és</wf>
         <wf lemma="a" pos="X">a</wf>
         <wf lemma="tánc" pos="X">tánc</wf>
         <instance id="d000.s1321.t000" lemma="házasság" pos="NOUN">házasságából</instance>
         <wf lemma="nagyszerű" pos="X">nagyszerű</wf>
         <wf lemma="darab" pos="X">darab</wf>
         <wf lemma="született" pos="X">született</wf>
         <wf lemma="." pos="X">.</wf>
      </sentence>
      <sentence id="d000.s1322" source="wordnet-hungarian">
         <wf lemma="Csak" pos="X">Csak</wf>
         <wf lemma="egy" pos="X">egy</wf>
         <instance id="d000.s1322.t000" lemma="pár" pos="NOUN">pár</instance>
         <wf lemma="zoknit" pos="X">zoknit</wf>
         <wf lemma="vittem" pos="X">vittem</wf>
         <wf lemma="magammal" pos="X">magammal</wf>
         <wf lemma="." pos="X">.</wf>
      </sentence>
      <sentence id="d000.s1323" source="wordnet-hungarian">
         <instance id="d000.s1323.t000" lemma="ad" pos="VERB">Adjunk</instance>
         <wf lemma="még" pos="X">még</wf>
         <wf lemma="néhány" pos="X">néhány</wf>
         <wf lemma="fiút" pos="X">fiút</wf>
         <wf lemma="ahhoz" pos="X">ahhoz</wf>
         <wf lemma="a" pos="X">a</wf>
         <wf lemma="csoporthoz" pos="X">csoporthoz</wf>
         <wf lemma="!" pos="X">!</wf>
      </sentence>
      <sentence id="d000.s1324" source="wordnet-hungarian">
         <wf lemma="A" pos="X">A</wf>
         <wf lemma="kész" pos="X">kész</wf>
         <instance id="d000.s1324.t000" lemma="párlat" pos="NOUN">párlatot</instance>
         <wf lemma="hordókba" pos="X">hordókba</wf>
         <wf lemma="rakják" pos="X">rakják</wf>
         <wf lemma="." pos="X">.</wf>
      </sentence>
      <sentence id="d000.s1325" source="wordnet-hungarian">
         <wf lemma="A" pos="X">A</wf>
         <wf lemma="törökországi" pos="X">törökországi</wf>
         <instance id="d000.s1325.t000" lemma="kurd" pos="NOUN">kurdok</instance>
         <wf lemma="," pos="X">,</wf>
         <wf lemma="akárcsak" pos="X">akárcsak</wf>
         <wf lemma="Irakban" pos="X">Irakban</wf>
         <wf lemma="," pos="X">,</wf>
         <wf lemma="Iránban" pos="X">Iránban</wf>
         <wf lemma="és" pos="X">és</wf>
         <wf lemma="Szíriában" pos="X">Szíriában</wf>
         <wf lemma="élő" pos="X">élő</wf>
         <wf lemma="társaik" pos="X">társaik</wf>
         <wf lemma="," pos="X">,</wf>
         <wf lemma="független" pos="X">független</wf>
         <wf lemma="Kurdisztánról" pos="X">Kurdisztánról</wf>
         <wf lemma="álmodnak" pos="X">álmodnak</wf>
         <wf lemma="." pos="X">.</wf>
      </sentence>
      <sentence id="d000.s1326" source="wordnet-hungarian">
         <wf lemma="A" pos="X">A</wf>
         <wf lemma="teljes" pos="X">teljes</wf>
         <instance id="d000.s1326.t000" lemma="tagság" pos="NOUN">tagság</instance>
         <wf lemma="véleményét" pos="X">véleményét</wf>
         <wf lemma="kikérték" pos="X">kikérték</wf>
         <wf lemma="." pos="X">.</wf>
      </sentence>
      <sentence id="d000.s1327" source="wordnet-hungarian">
         <wf lemma="A" pos="X">A</wf>
         <instance id="d000.s1327.t000" lemma="varázsló" pos="NOUN">varázsló</instance>
         <wf lemma="fekete" pos="X">fekete</wf>
         <wf lemma="tudományát" pos="X">tudományát</wf>
         <wf lemma="megosztotta" pos="X">megosztotta</wf>
         <wf lemma="tanoncával" pos="X">tanoncával</wf>
         <wf lemma="." pos="X">.</wf>
      </sentence>
      <sentence id="d000.s1328" source="wordnet-hungarian">
         <wf lemma="A" pos="X">A</wf>
         <wf lemma="gyülekező" pos="X">gyülekező</wf>
         <instance id="d000.s1328.t000" lemma="felhő" pos="NOUN">felhőkből</instance>
         <wf lemma="ítélve" pos="X">ítélve</wf>
         <wf lemma="nagy" pos="X">nagy</wf>
         <wf lemma="eső" pos="X">eső</wf>
         <wf lemma="lesz" pos="X">lesz</wf>
         <wf lemma="." pos="X">.</wf>
      </sentence>
      <sentence id="d000.s1329" source="wordnet-hungarian">
         <wf lemma="A" pos="X">A</wf>
         <instance id="d000.s1329.t000" lemma="fogyasztás" pos="NOUN">fogyasztás</instance>
         <wf lemma="nem" pos="X">nem</wf>
         <wf lemma="arányos" pos="X">arányos</wf>
         <wf lemma="a" pos="X">a</wf>
         <wf lemma="termeléssel" pos="X">termeléssel</wf>
         <wf lemma="." pos="X">.</wf>
      </sentence>
      <sentence id="d000.s1330" source="wordnet-hungarian">
         <wf lemma="Kommandót" pos="X">Kommandót</wf>
         <wf lemma="vetne" pos="X">vetne</wf>
         <wf lemma="be" pos="X">be</wf>
         <wf lemma="az" pos="X">az</wf>
         <wf lemma="unió" pos="X">unió</wf>
         <wf lemma="az" pos="X">az</wf>
         <wf lemma="illegális" pos="X">illegális</wf>
         <instance id="d000.s1330.t000" lemma="bevándorló" pos="NOUN">bevándorlók</instance>
         <wf lemma="ellen" pos="X">ellen</wf>
         <wf lemma="." pos="X">.</wf>
      </sentence>
      <sentence id="d000.s1331" source="wordnet-hungarian">
         <wf lemma="A" pos="X">A</wf>
         <instance id="d000.s1331.t000" lemma="lapp" pos="NOUN">lappok</instance>
         <wf lemma="Európa" pos="X">Európa</wf>
         <wf lemma="legészakibb" pos="X">legészakibb</wf>
         <wf lemma="csücskében" pos="X">csücskében</wf>
         <wf lemma="," pos="X">,</wf>
         <wf lemma="a" pos="X">a</wf>
         <wf lemma="Skandináv-félsziget" pos="X">Skandináv-félsziget</wf>
         <wf lemma="középső" pos="X">középső</wf>
         <wf lemma="és" pos="X">és</wf>
         <wf lemma="a" pos="X">a</wf>
         <wf lemma="sarkkörön" pos="X">sarkkörön</wf>
         <wf lemma="túlra" pos="X">túlra</wf>
         <wf lemma="eső" pos="X">eső</wf>
         <wf lemma="részén" pos="X">részén</wf>
         <wf lemma="élnek" pos="X">élnek</wf>
         <wf lemma="." pos="X">.</wf>
      </sentence>
      <sentence id="d000.s1332" source="wordnet-hungarian">
         <wf lemma="A" pos="X">A</wf>
         <wf lemma="kabátom" pos="X">kabátom</wf>
         <instance id="d000.s1332.t000" lemma="cipzár" pos="NOUN">cipzárja</instance>
         <wf lemma="tönkrement" pos="X">tönkrement</wf>
         <wf lemma="." pos="X">.</wf>
      </sentence>
      <sentence id="d000.s1333" source="wordnet-hungarian">
         <wf lemma="Egy" pos="X">Egy</wf>
         <instance id="d000.s1333.t000" lemma="doboz" pos="NOUN">doboz</instance>
         <wf lemma="csokoládét" pos="X">csokoládét</wf>
         <wf lemma="kaptam" pos="X">kaptam</wf>
         <wf lemma="tőlük" pos="X">tőlük</wf>
         <wf lemma="ajándékba" pos="X">ajándékba</wf>
         <wf lemma="." pos="X">.</wf>
      </sentence>
      <sentence id="d000.s1334" source="wordnet-hungarian">
         <wf lemma="A" pos="X">A</wf>
         <wf lemma="mű" pos="X">mű</wf>
         <wf lemma="a" pos="X">a</wf>
         <wf lemma="hatalmat" pos="X">hatalmat</wf>
         <wf lemma="mint" pos="X">mint</wf>
         <wf lemma="az" pos="X">az</wf>
         <wf lemma="emberi" pos="X">emberi</wf>
         <instance id="d000.s1334.t000" lemma="társadalom" pos="NOUN">társadalom</instance>
         <wf lemma="alapvető" pos="X">alapvető</wf>
         <wf lemma="energiaforrását" pos="X">energiaforrását</wf>
         <wf lemma="vizsgálja" pos="X">vizsgálja</wf>
         <wf lemma="." pos="X">.</wf>
      </sentence>
      <sentence id="d000.s1335" source="wordnet-hungarian">
         <wf lemma="A" pos="X">A</wf>
         <instance id="d000.s1335.t000" lemma="hegy" pos="NOUN">hegy</instance>
         <wf lemma="tetején" pos="X">tetején</wf>
         <wf lemma="állt" pos="X">állt</wf>
         <wf lemma="egy" pos="X">egy</wf>
         <wf lemma="kereszt" pos="X">kereszt</wf>
         <wf lemma="." pos="X">.</wf>
      </sentence>
      <sentence id="d000.s1336" source="wordnet-hungarian">
         <wf lemma="A" pos="X">A</wf>
         <wf lemma="nemzeti" pos="X">nemzeti</wf>
         <instance id="d000.s1336.t000" lemma="valuta" pos="NOUN">valuta</instance>
         <wf lemma="szakemberek" pos="X">szakemberek</wf>
         <wf lemma="szerint" pos="X">szerint</wf>
         <wf lemma="túlságosan" pos="X">túlságosan</wf>
         <wf lemma="sokba" pos="X">sokba</wf>
         <wf lemma="kerül" pos="X">kerül</wf>
         <wf lemma="," pos="X">,</wf>
         <wf lemma="ezért" pos="X">ezért</wf>
         <wf lemma="hamarosan" pos="X">hamarosan</wf>
         <wf lemma="tarthatatlanná" pos="X">tarthatatlanná</wf>
         <wf lemma="válik" pos="X">válik</wf>
         <wf lemma="." pos="X">.</wf>
      </sentence>
      <sentence id="d000.s1337" source="wordnet-hungarian">
         <wf lemma="A" pos="X">A</wf>
         <instance id="d000.s1337.t000" lemma="kamilla" pos="NOUN">kamilla</instance>
         <wf lemma="virágából" pos="X">virágából</wf>
         <wf lemma="finom" pos="X">finom</wf>
         <wf lemma="teát" pos="X">teát</wf>
         <wf lemma="készíthetünk" pos="X">készíthetünk</wf>
         <wf lemma="." pos="X">.</wf>
      </sentence>
      <sentence id="d000.s1338" source="wordnet-hungarian">
         <wf lemma="A" pos="X">A</wf>
         <wf lemma="tatárok" pos="X">tatárok</wf>
         <wf lemma="szándéka" pos="X">szándéka</wf>
         <wf lemma="a" pos="X">a</wf>
         <wf lemma="szövetséges" pos="X">szövetséges</wf>
         <instance id="d000.s1338.t000" lemma="tábor" pos="NOUN">tábor</instance>
         <wf lemma="bekerítése" pos="X">bekerítése</wf>
         <wf lemma="volt" pos="X">volt</wf>
         <wf lemma="," pos="X">,</wf>
         <wf lemma="de" pos="X">de</wf>
         <wf lemma="a" pos="X">a</wf>
         <wf lemma="keresztény" pos="X">keresztény</wf>
         <wf lemma="gyalogság" pos="X">gyalogság</wf>
         <wf lemma="," pos="X">,</wf>
         <wf lemma="és" pos="X">és</wf>
         <wf lemma="tüzérség" pos="X">tüzérség</wf>
         <wf lemma="ezt" pos="X">ezt</wf>
         <wf lemma="megakadályozta" pos="X">megakadályozta</wf>
         <wf lemma="." pos="X">.</wf>
      </sentence>
      <sentence id="d000.s1339" source="wordnet-hungarian">
         <wf lemma="Az" pos="X">Az</wf>
         <wf lemma="anya-gyermek" pos="X">anya-gyermek</wf>
         <instance id="d000.s1339.t000" lemma="kapcsolat" pos="NOUN">kapcsolat</instance>
         <wf lemma="nagyon" pos="X">nagyon</wf>
         <wf lemma="szoros" pos="X">szoros</wf>
         <wf lemma="." pos="X">.</wf>
      </sentence>
      <sentence id="d000.s1340" source="wordnet-hungarian">
         <wf lemma="A" pos="X">A</wf>
         <wf lemma="király" pos="X">király</wf>
         <wf lemma="felkészült" pos="X">felkészült</wf>
         <wf lemma="a" pos="X">a</wf>
         <instance id="d000.s1340.t000" lemma="kormányzás" pos="NOUN">kormányzásra</instance>
         <wf lemma="." pos="X">.</wf>
      </sentence>
      <sentence id="d000.s1341" source="wordnet-hungarian">
         <wf lemma="Az" pos="X">Az</wf>
         <instance id="d000.s1341.t000" lemma="ültetvény" pos="NOUN">ültetvény</instance>
         <wf lemma="egész" pos="X">egész</wf>
         <wf lemma="éves" pos="X">éves</wf>
         <wf lemma="kávétermése" pos="X">kávétermése</wf>
         <wf lemma="fedezte" pos="X">fedezte</wf>
         <wf lemma="egy" pos="X">egy</wf>
         <wf lemma="kisebb" pos="X">kisebb</wf>
         <wf lemma="ország" pos="X">ország</wf>
         <wf lemma="fogyasztását" pos="X">fogyasztását</wf>
         <wf lemma="." pos="X">.</wf>
      </sentence>
      <sentence id="d000.s1342" source="wordnet-hungarian">
         <wf lemma="A" pos="X">A</wf>
         <wf lemma="kommunista" pos="X">kommunista</wf>
         <wf lemma="keleti-tömb" pos="X">keleti-tömb</wf>
         <wf lemma="összeomlásakor" pos="X">összeomlásakor</wf>
         <wf lemma="1989" pos="X">1989</wf>
         <wf lemma="novemberében" pos="X">novemberében</wf>
         <wf lemma="a" pos="X">a</wf>
         <instance id="d000.s1342.t000" lemma="kelet-német" pos="NOUN">kelet-németek</instance>
         <wf lemma="is" pos="X">is</wf>
         <wf lemma="tüntettek" pos="X">tüntettek</wf>
         <wf lemma="politikai" pos="X">politikai</wf>
         <wf lemma="jogaikért" pos="X">jogaikért</wf>
         <wf lemma="." pos="X">.</wf>
      </sentence>
      <sentence id="d000.s1343" source="wordnet-hungarian">
         <wf lemma="Nem" pos="X">Nem</wf>
         <instance id="d000.s1343.t000" lemma="ért" pos="VERB">értettem</instance>
         <wf lemma="semmit" pos="X">semmit</wf>
         <wf lemma="a" pos="X">a</wf>
         <wf lemma="beszédből" pos="X">beszédből</wf>
         <wf lemma="," pos="X">,</wf>
         <wf lemma="akkora" pos="X">akkora</wf>
         <wf lemma="volt" pos="X">volt</wf>
         <wf lemma="a" pos="X">a</wf>
         <wf lemma="zaj." pos="X">zaj.</wf>
      </sentence>
      <sentence id="d000.s1344" source="wordnet-hungarian">
         <wf lemma="A" pos="X">A</wf>
         <instance id="d000.s1344.t000" lemma="fű" pos="NOUN">füvet</instance>
         <wf lemma="lelegelték" pos="X">lelegelték</wf>
         <wf lemma="a" pos="X">a</wf>
         <wf lemma="birkák" pos="X">birkák</wf>
         <wf lemma="." pos="X">.</wf>
      </sentence>
      <sentence id="d000.s1345" source="wordnet-hungarian">
         <wf lemma="Dömötör" pos="X">Dömötör</wf>
         <instance id="d000.s1345.t000" lemma="elrendez" pos="VERB">elrendezte</instance>
         <wf lemma="a" pos="X">a</wf>
         <wf lemma="régi" pos="X">régi</wf>
         <wf lemma="játékait" pos="X">játékait</wf>
         <wf lemma="." pos="X">.</wf>
      </sentence>
      <sentence id="d000.s1346" source="wordnet-hungarian">
         <wf lemma="Fontos" pos="X">Fontos</wf>
         <wf lemma="nekem" pos="X">nekem</wf>
         <wf lemma="a" pos="X">a</wf>
         <instance id="d000.s1346.t000" lemma="barátság" pos="NOUN">barátsága</instance>
         <wf lemma="." pos="X">.</wf>
      </sentence>
      <sentence id="d000.s1347" source="wordnet-hungarian">
         <wf lemma="A" pos="X">A</wf>
         <instance id="d000.s1347.t000" lemma="krizantém" pos="NOUN">krizantém</instance>
         <wf lemma="gyakori" pos="X">gyakori</wf>
         <wf lemma="sírvirág" pos="X">sírvirág</wf>
         <wf lemma="." pos="X">.</wf>
      </sentence>
      <sentence id="d000.s1348" source="wordnet-hungarian">
         <wf lemma="A" pos="X">A</wf>
         <wf lemma="teherautó" pos="X">teherautó</wf>
         <wf lemma="narancsot" pos="X">narancsot</wf>
         <instance id="d000.s1348.t000" lemma="szállít" pos="VERB">szállít</instance>
         <wf lemma="Ázsiából" pos="X">Ázsiából</wf>
         <wf lemma="Európába" pos="X">Európába</wf>
         <wf lemma="." pos="X">.</wf>
      </sentence>
      <sentence id="d000.s1349" source="wordnet-hungarian">
         <wf lemma="A" pos="X">A</wf>
         <instance id="d000.s1349.t000" lemma="fordulat" pos="NOUN">fordulat</instance>
         <wf lemma="éve" pos="X">éve</wf>
         <wf lemma="." pos="X">.</wf>
      </sentence>
      <sentence id="d000.s1350" source="wordnet-hungarian">
         <wf lemma="A" pos="X">A</wf>
         <wf lemma="Loch" pos="X">Loch</wf>
         <wf lemma="Ness-i" pos="X">Ness-i</wf>
         <instance id="d000.s1350.t000" lemma="szörny" pos="NOUN">szörny</instance>
         <wf lemma="(" pos="X">(</wf>
         <wf lemma="becenevén" pos="X">becenevén</wf>
         <wf lemma="Nessie" pos="X">Nessie</wf>
         <wf lemma=")" pos="X">)</wf>
         <wf lemma="egy" pos="X">egy</wf>
         <wf lemma="állítólagos" pos="X">állítólagos</wf>
         <wf lemma="élőlény" pos="X">élőlény</wf>
         <wf lemma="," pos="X">,</wf>
         <wf lemma="ami" pos="X">ami</wf>
         <wf lemma="a" pos="X">a</wf>
         <wf lemma="skóciai" pos="X">skóciai</wf>
         <wf lemma="Loch" pos="X">Loch</wf>
         <wf lemma="Ness" pos="X">Ness</wf>
         <wf lemma="tóban" pos="X">tóban</wf>
         <wf lemma="él" pos="X">él</wf>
         <wf lemma="Inverness" pos="X">Inverness</wf>
         <wf lemma="városa" pos="X">városa</wf>
         <wf lemma="közelében" pos="X">közelében</wf>
         <wf lemma="." pos="X">.</wf>
      </sentence>
      <sentence id="d000.s1351" source="wordnet-hungarian">
         <wf lemma="A" pos="X">A</wf>
         <instance id="d000.s1351.t000" lemma="kuli" pos="NOUN">kuli</instance>
         <wf lemma="alig" pos="X">alig</wf>
         <wf lemma="tudta" pos="X">tudta</wf>
         <wf lemma="húzni" pos="X">húzni</wf>
         <wf lemma="megrakott" pos="X">megrakott</wf>
         <wf lemma="riksáját" pos="X">riksáját</wf>
         <wf lemma="a" pos="X">a</wf>
         <wf lemma="trópusi" pos="X">trópusi</wf>
         <wf lemma="hőségben" pos="X">hőségben</wf>
         <wf lemma="." pos="X">.</wf>
      </sentence>
      <sentence id="d000.s1352" source="wordnet-hungarian">
         <wf lemma="Második" pos="X">Második</wf>
         <wf lemma="és" pos="X">és</wf>
         <wf lemma="harmadik" pos="X">harmadik</wf>
         <wf lemma="emeleten" pos="X">emeleten</wf>
         <wf lemma="folyosós" pos="X">folyosós</wf>
         <instance id="d000.s1352.t000" lemma="elrendezés" pos="NOUN">elrendezésben</instance>
         <wf lemma="sorakoznak" pos="X">sorakoznak</wf>
         <wf lemma="a" pos="X">a</wf>
         <wf lemma="lakások" pos="X">lakások</wf>
         <wf lemma="." pos="X">.</wf>
      </sentence>
      <sentence id="d000.s1353" source="wordnet-hungarian">
         <wf lemma="Mire" pos="X">Mire</wf>
         <wf lemma="való" pos="X">való</wf>
         <wf lemma="ez" pos="X">ez</wf>
         <wf lemma="a" pos="X">a</wf>
         <instance id="d000.s1353.t000" lemma="dolog" pos="NOUN">dolog</instance>
         <wf lemma="?" pos="X">?</wf>
      </sentence>
      <sentence id="d000.s1354" source="wordnet-hungarian">
         <wf lemma="Az" pos="X">Az</wf>
         <wf lemma="egész" pos="X">egész</wf>
         <instance id="d000.s1354.t000" lemma="falu" pos="NOUN">falu</instance>
         <wf lemma="részt" pos="X">részt</wf>
         <wf lemma="vett" pos="X">vett</wf>
         <wf lemma="a" pos="X">a</wf>
         <wf lemma="szüretben" pos="X">szüretben</wf>
         <wf lemma="." pos="X">.</wf>
      </sentence>
      <sentence id="d000.s1355" source="wordnet-hungarian">
         <wf lemma="A" pos="X">A</wf>
         <instance id="d000.s1355.t000" lemma="kűrium" pos="NOUN">kűriumot</instance>
         <wf lemma="a" pos="X">a</wf>
         <wf lemma="francia" pos="X">francia</wf>
         <wf lemma="Curie" pos="X">Curie</wf>
         <wf lemma="házaspárról" pos="X">házaspárról</wf>
         <wf lemma="nevezték" pos="X">nevezték</wf>
         <wf lemma="el" pos="X">el</wf>
         <wf lemma="." pos="X">.</wf>
      </sentence>
      <sentence id="d000.s1356" source="wordnet-hungarian">
         <instance id="d000.s1356.t000" lemma="papírpénz" pos="NOUN">Papírpénzzel</instance>
         <wf lemma="fizetett" pos="X">fizetett</wf>
         <wf lemma="," pos="X">,</wf>
         <wf lemma="mert" pos="X">mert</wf>
         <wf lemma="nem" pos="X">nem</wf>
         <wf lemma="volt" pos="X">volt</wf>
         <wf lemma="nála" pos="X">nála</wf>
         <wf lemma="a" pos="X">a</wf>
         <wf lemma="hitelkártyája" pos="X">hitelkártyája</wf>
         <wf lemma="." pos="X">.</wf>
      </sentence>
      <sentence id="d000.s1357" source="wordnet-hungarian">
         <wf lemma="A" pos="X">A</wf>
         <wf lemma="két" pos="X">két</wf>
         <wf lemma="arc" pos="X">arc</wf>
         <instance id="d000.s1357.t000" lemma="hasonlóság" pos="NOUN">hasonlósága</instance>
         <wf lemma="zavarba" pos="X">zavarba</wf>
         <wf lemma="ejtetette" pos="X">ejtetette</wf>
         <wf lemma="a" pos="X">a</wf>
         <wf lemma="tanút" pos="X">tanút</wf>
         <wf lemma="." pos="X">.</wf>
      </sentence>
      <sentence id="d000.s1358" source="wordnet-hungarian">
         <wf lemma="A" pos="X">A</wf>
         <wf lemma="nő" pos="X">nő</wf>
         <wf lemma="lerakta" pos="X">lerakta</wf>
         <wf lemma="a" pos="X">a</wf>
         <instance id="d000.s1358.t000" lemma="varrás" pos="NOUN">varrását</instance>
         <wf lemma="a" pos="X">a</wf>
         <wf lemma="kosárba" pos="X">kosárba</wf>
         <wf lemma="." pos="X">.</wf>
      </sentence>
      <sentence id="d000.s1359" source="wordnet-hungarian">
         <wf lemma="Munkahelyi" pos="X">Munkahelyi</wf>
         <wf lemma="pozíciója" pos="X">pozíciója</wf>
         <wf lemma="nagy" pos="X">nagy</wf>
         <instance id="d000.s1359.t000" lemma="felelősség" pos="NOUN">felelősséggel</instance>
         <wf lemma="jár" pos="X">jár</wf>
         <wf lemma="." pos="X">.</wf>
      </sentence>
      <sentence id="d000.s1360" source="wordnet-hungarian">
         <wf lemma="Szerintem" pos="X">Szerintem</wf>
         <wf lemma="ez" pos="X">ez</wf>
         <wf lemma="a" pos="X">a</wf>
         <wf lemma="két" pos="X">két</wf>
         <wf lemma="fűszer" pos="X">fűszer</wf>
         <wf lemma="nem" pos="X">nem</wf>
         <instance id="d000.s1360.t000" lemma="harmonizál" pos="VERB">harmonizál</instance>
         <wf lemma="." pos="X">.</wf>
      </sentence>
      <sentence id="d000.s1361" source="wordnet-hungarian">
         <wf lemma="Az" pos="X">Az</wf>
         <instance id="d000.s1361.t000" lemma="értesítés" pos="NOUN">értesítést</instance>
         <wf lemma="előre" pos="X">előre</wf>
         <wf lemma="megküldték" pos="X">megküldték</wf>
         <wf lemma="." pos="X">.</wf>
      </sentence>
      <sentence id="d000.s1362" source="wordnet-hungarian">
         <wf lemma="Könnyű" pos="X">Könnyű</wf>
         <wf lemma="lenne" pos="X">lenne</wf>
         <instance id="d000.s1362.t000" lemma="társít" pos="VERB">társítani</instance>
         <wf lemma="az" pos="X">az</wf>
         <wf lemma="arcokat" pos="X">arcokat</wf>
         <wf lemma="a" pos="X">a</wf>
         <wf lemma="nevekkel" pos="X">nevekkel</wf>
         <wf lemma="." pos="X">.</wf>
      </sentence>
      <sentence id="d000.s1363" source="wordnet-hungarian">
         <wf lemma="Jani" pos="X">Jani</wf>
         <wf lemma="is" pos="X">is</wf>
         <wf lemma="az" pos="X">az</wf>
         <wf lemma="előfizetésre" pos="X">előfizetésre</wf>
         <instance id="d000.s1363.t000" lemma="utazik" pos="VERB">utazik</instance>
         <wf lemma="." pos="X">.</wf>
      </sentence>
      <sentence id="d000.s1364" source="wordnet-hungarian">
         <wf lemma="Chopin" pos="X">Chopin</wf>
         <wf lemma="elegáns" pos="X">elegáns</wf>
         <wf lemma="zeneműveket" pos="X">zeneműveket</wf>
         <instance id="d000.s1364.t000" lemma="alkot" pos="VERB">alkotott</instance>
         <wf lemma="." pos="X">.</wf>
      </sentence>
      <sentence id="d000.s1365" source="wordnet-hungarian">
         <wf lemma="A" pos="X">A</wf>
         <instance id="d000.s1365.t000" lemma="krókusz" pos="NOUN">krókuszok</instance>
         <wf lemma="az" pos="X">az</wf>
         <wf lemma="elsők" pos="X">elsők</wf>
         <wf lemma="közt" pos="X">közt</wf>
         <wf lemma="dugják" pos="X">dugják</wf>
         <wf lemma="ki" pos="X">ki</wf>
         <wf lemma="fejüket" pos="X">fejüket</wf>
         <wf lemma="a" pos="X">a</wf>
         <wf lemma="hóból" pos="X">hóból</wf>
         <wf lemma="." pos="X">.</wf>
      </sentence>
      <sentence id="d000.s1366" source="wordnet-hungarian">
         <wf lemma="Túl" pos="X">Túl</wf>
         <wf lemma="nagy" pos="X">nagy</wf>
         <wf lemma="volt" pos="X">volt</wf>
         <wf lemma="az" pos="X">az</wf>
         <wf lemma="kormánykerék" pos="X">kormánykerék</wf>
         <instance id="d000.s1366.t000" lemma="játék" pos="NOUN">játéka</instance>
         <wf lemma="." pos="X">.</wf>
      </sentence>
      <sentence id="d000.s1367" source="wordnet-hungarian">
         <wf lemma="A" pos="X">A</wf>
         <wf lemma="baleset" pos="X">baleset</wf>
         <instance id="d000.s1367.t000" lemma="ok" pos="NOUN">okait</instance>
         <wf lemma="próbálják" pos="X">próbálják</wf>
         <wf lemma="meg" pos="X">meg</wf>
         <wf lemma="kideríteni" pos="X">kideríteni</wf>
         <wf lemma="." pos="X">.</wf>
      </sentence>
      <sentence id="d000.s1368" source="wordnet-hungarian">
         <wf lemma="Olyan" pos="X">Olyan</wf>
         <wf lemma="lépést" pos="X">lépést</wf>
         <instance id="d000.s1368.t000" lemma="keresés" pos="NOUN">keresésébe</instance>
         <wf lemma="fogott" pos="X">fogott</wf>
         <wf lemma="," pos="X">,</wf>
         <wf lemma="amivel" pos="X">amivel</wf>
         <wf lemma="végleg" pos="X">végleg</wf>
         <wf lemma="el" pos="X">el</wf>
         <wf lemma="tudja" pos="X">tudja</wf>
         <wf lemma="kerülni" pos="X">kerülni</wf>
         <wf lemma="a" pos="X">a</wf>
         <wf lemma="mattot" pos="X">mattot</wf>
         <wf lemma="." pos="X">.</wf>
      </sentence>
      <sentence id="d000.s1369" source="wordnet-hungarian">
         <wf lemma="Szentpétervár" pos="X">Szentpétervár</wf>
         <wf lemma="fürdőiben" pos="X">fürdőiben</wf>
         <wf lemma="az" pos="X">az</wf>
         <wf lemma="orosz" pos="X">orosz</wf>
         <wf lemma="nemesség" pos="X">nemesség</wf>
         <wf lemma="megrontója" pos="X">megrontója</wf>
         <wf lemma="," pos="X">,</wf>
         <wf lemma="Raszputyin" pos="X">Raszputyin</wf>
         <wf lemma="," pos="X">,</wf>
         <wf lemma="mágikus" pos="X">mágikus</wf>
         <wf lemma="szertartásoknak" pos="X">szertartásoknak</wf>
         <wf lemma="titulált" pos="X">titulált</wf>
         <instance id="d000.s1369.t000" lemma="orgia" pos="NOUN">orgiákat</instance>
         <wf lemma="szervezett" pos="X">szervezett</wf>
         <wf lemma="." pos="X">.</wf>
      </sentence>
      <sentence id="d000.s1370" source="wordnet-hungarian">
         <wf lemma="Kérnék" pos="X">Kérnék</wf>
         <wf lemma="egy" pos="X">egy</wf>
         <instance id="d000.s1370.t000" lemma="adag" pos="NOUN">adag</instance>
         <wf lemma="fagylaltot" pos="X">fagylaltot</wf>
         <wf lemma="." pos="X">.</wf>
      </sentence>
      <sentence id="d000.s1371" source="wordnet-hungarian">
         <wf lemma="A" pos="X">A</wf>
         <wf lemma="Szent" pos="X">Szent</wf>
         <wf lemma="Korona" pos="X">Korona</wf>
         <wf lemma="a" pos="X">a</wf>
         <wf lemma="magyar" pos="X">magyar</wf>
         <wf lemma="államiság" pos="X">államiság</wf>
         <instance id="d000.s1371.t000" lemma="szimbólum" pos="NOUN">szimbóluma</instance>
         <wf lemma="." pos="X">.</wf>
      </sentence>
      <sentence id="d000.s1372" source="wordnet-hungarian">
         <wf lemma="A" pos="X">A</wf>
         <wf lemma="15." pos="X">15.</wf>
         <wf lemma="honvéd" pos="X">honvéd</wf>
         <instance id="d000.s1372.t000" lemma="zászlóalj" pos="NOUN">zászlóalj</instance>
         <wf lemma="az" pos="X">az</wf>
         <wf lemma="1849." pos="X">1849.</wf>
         <wf lemma="február" pos="X">február</wf>
         <wf lemma="27-i" pos="X">27-i</wf>
         <wf lemma="csatában" pos="X">csatában</wf>
         <wf lemma="kiszabadította" pos="X">kiszabadította</wf>
         <wf lemma="Leiningen" pos="X">Leiningen</wf>
         <wf lemma="őrnagyot" pos="X">őrnagyot</wf>
         <wf lemma="az" pos="X">az</wf>
         <wf lemma="orosz" pos="X">orosz</wf>
         <wf lemma="fogságból" pos="X">fogságból</wf>
         <wf lemma="." pos="X">.</wf>
      </sentence>
      <sentence id="d000.s1373" source="wordnet-hungarian">
         <wf lemma="Az" pos="X">Az</wf>
         <wf lemma="új" pos="X">új</wf>
         <instance id="d000.s1373.t000" lemma="év" pos="NOUN">évben</instance>
         <wf lemma="be" pos="X">be</wf>
         <wf lemma="akarom" pos="X">akarom</wf>
         <wf lemma="tartani" pos="X">tartani</wf>
         <wf lemma="a" pos="X">a</wf>
         <wf lemma="fogadalmaimat" pos="X">fogadalmaimat</wf>
         <wf lemma="." pos="X">.</wf>
      </sentence>
      <sentence id="d000.s1374" source="wordnet-hungarian">
         <wf lemma="A" pos="X">A</wf>
         <wf lemma="fehér" pos="X">fehér</wf>
         <instance id="d000.s1374.t000" lemma="szín" pos="NOUN">szín</instance>
         <wf lemma="több" pos="X">több</wf>
         <wf lemma="," pos="X">,</wf>
         <wf lemma="különböző" pos="X">különböző</wf>
         <wf lemma="hullámhosszú" pos="X">hullámhosszú</wf>
         <wf lemma="fénysugárból" pos="X">fénysugárból</wf>
         <wf lemma="áll" pos="X">áll</wf>
         <wf lemma="össze" pos="X">össze</wf>
         <wf lemma="." pos="X">.</wf>
      </sentence>
      <sentence id="d000.s1375" source="wordnet-hungarian">
         <wf lemma="A" pos="X">A</wf>
         <wf lemma="római" pos="X">római</wf>
         <wf lemma="hadsereg" pos="X">hadsereg</wf>
         <wf lemma="kezdetben" pos="X">kezdetben</wf>
         <wf lemma="három" pos="X">három</wf>
         <wf lemma="ezred" pos="X">ezred</wf>
         <wf lemma="gyalogos" pos="X">gyalogos</wf>
         <wf lemma="és" pos="X">és</wf>
         <wf lemma="három" pos="X">három</wf>
         <instance id="d000.s1375.t000" lemma="század" pos="NOUN">század</instance>
         <wf lemma="lovas" pos="X">lovas</wf>
         <wf lemma="katonából" pos="X">katonából</wf>
         <wf lemma="állt" pos="X">állt</wf>
         <wf lemma="." pos="X">.</wf>
      </sentence>
      <sentence id="d000.s1376" source="wordnet-hungarian">
         <wf lemma="A" pos="X">A</wf>
         <instance id="d000.s1376.t000" lemma="gally" pos="NOUN">gallyak</instance>
         <wf lemma="összekarcolták" pos="X">összekarcolták</wf>
         <wf lemma="az" pos="X">az</wf>
         <wf lemma="arcát" pos="X">arcát</wf>
         <wf lemma="." pos="X">.</wf>
      </sentence>
      <sentence id="d000.s1377" source="wordnet-hungarian">
         <wf lemma="Hol" pos="X">Hol</wf>
         <instance id="d000.s1377.t000" lemma="zsarnokság" pos="NOUN">zsarnokság</instance>
         <wf lemma="van" pos="X">van</wf>
         <wf lemma="," pos="X">,</wf>
         <wf lemma="ott" pos="X">ott</wf>
         <wf lemma="zsarnokság" pos="X">zsarnokság</wf>
         <wf lemma="van" pos="X">van</wf>
         <wf lemma="." pos="X">.</wf>
      </sentence>
      <sentence id="d000.s1378" source="wordnet-hungarian">
         <wf lemma="A" pos="X">A</wf>
         <wf lemma="könyvelő" pos="X">könyvelő</wf>
         <wf lemma="elmagyarázta" pos="X">elmagyarázta</wf>
         <wf lemma="nekem" pos="X">nekem</wf>
         <wf lemma="," pos="X">,</wf>
         <wf lemma="milyen" pos="X">milyen</wf>
         <wf lemma="adózás" pos="X">adózás</wf>
         <wf lemma="alá" pos="X">alá</wf>
         <instance id="d000.s1378.t000" lemma="esik" pos="VERB">esik</instance>
         <wf lemma="a" pos="X">a</wf>
         <wf lemma="tevékenységem" pos="X">tevékenységem</wf>
         <wf lemma="." pos="X">.</wf>
      </sentence>
      <sentence id="d000.s1379" source="wordnet-hungarian">
         <wf lemma="A" pos="X">A</wf>
         <instance id="d000.s1379.t000" lemma="székrekedés" pos="NOUN">székrekedés</instance>
         <wf lemma="egyike" pos="X">egyike</wf>
         <wf lemma="a" pos="X">a</wf>
         <wf lemma="leggyakoribb" pos="X">leggyakoribb</wf>
         <wf lemma="panaszoknak" pos="X">panaszoknak</wf>
         <wf lemma="," pos="X">,</wf>
         <wf lemma="amely" pos="X">amely</wf>
         <wf lemma="igen" pos="X">igen</wf>
         <wf lemma="sok" pos="X">sok</wf>
         <wf lemma="embert" pos="X">embert</wf>
         <wf lemma="érint" pos="X">érint</wf>
         <wf lemma="," pos="X">,</wf>
         <wf lemma="különösen" pos="X">különösen</wf>
         <wf lemma="az" pos="X">az</wf>
         <wf lemma="idősebbek" pos="X">idősebbek</wf>
         <wf lemma="között" pos="X">között</wf>
         <wf lemma="." pos="X">.</wf>
      </sentence>
      <sentence id="d000.s1380" source="wordnet-hungarian">
         <wf lemma="A" pos="X">A</wf>
         <wf lemma="bokorból" pos="X">bokorból</wf>
         <wf lemma="hirtelen" pos="X">hirtelen</wf>
         <wf lemma="kiugró" pos="X">kiugró</wf>
         <instance id="d000.s1380.t000" lemma="meny" pos="NOUN">menyét</instance>
         <wf lemma="megijesztette" pos="X">megijesztette</wf>
         <wf lemma="Jóska" pos="X">Jóska</wf>
         <wf lemma="bácsi" pos="X">bácsi</wf>
         <wf lemma="menyét" pos="X">menyét</wf>
         <wf lemma="." pos="X">.</wf>
      </sentence>
      <sentence id="d000.s1381" source="wordnet-hungarian">
         <wf lemma="A" pos="X">A</wf>
         <wf lemma="kabát" pos="X">kabát</wf>
         <instance id="d000.s1381.t000" lemma="tisztítás" pos="NOUN">tisztítását</instance>
         <wf lemma="bízd" pos="X">bízd</wf>
         <wf lemma="szakemberre" pos="X">szakemberre</wf>
         <wf lemma="!" pos="X">!</wf>
      </sentence>
      <sentence id="d000.s1382" source="wordnet-hungarian">
         <wf lemma="A" pos="X">A</wf>
         <wf lemma="Family" pos="X">Family</wf>
         <wf lemma="Frost-os" pos="X">Frost-os</wf>
         <wf lemma="kocsi" pos="X">kocsi</wf>
         <wf lemma="mindig" pos="X">mindig</wf>
         <wf lemma="kétszer" pos="X">kétszer</wf>
         <instance id="d000.s1382.t000" lemma="csenget" pos="VERB">csenget</instance>
         <wf lemma="." pos="X">.</wf>
      </sentence>
      <sentence id="d000.s1383" source="wordnet-hungarian">
         <wf lemma="Kész" pos="X">Kész</wf>
         <wf lemma="gyümölcs" pos="X">gyümölcs</wf>
         <instance id="d000.s1383.t000" lemma="nektár" pos="NOUN">nektárt</instance>
         <wf lemma="importálunk" pos="X">importálunk</wf>
         <wf lemma="," pos="X">,</wf>
         <wf lemma="amiből" pos="X">amiből</wf>
         <wf lemma="víz" pos="X">víz</wf>
         <wf lemma="hozzáadásával" pos="X">hozzáadásával</wf>
         <wf lemma="kiváló" pos="X">kiváló</wf>
         <wf lemma="minőségű" pos="X">minőségű</wf>
         <wf lemma="gyümölcslé" pos="X">gyümölcslé</wf>
         <wf lemma="készíthető" pos="X">készíthető</wf>
         <wf lemma="." pos="X">.</wf>
      </sentence>
      <sentence id="d000.s1384" source="wordnet-hungarian">
         <wf lemma="A" pos="X">A</wf>
         <instance id="d000.s1384.t000" lemma="vegyész" pos="NOUN">vegyészek</instance>
         <wf lemma="különleges" pos="X">különleges</wf>
         <wf lemma="oldatot" pos="X">oldatot</wf>
         <wf lemma="kísérleteztek" pos="X">kísérleteztek</wf>
         <wf lemma="ki" pos="X">ki</wf>
         <wf lemma="." pos="X">.</wf>
      </sentence>
      <sentence id="d000.s1385" source="wordnet-hungarian">
         <wf lemma="A" pos="X">A</wf>
         <instance id="d000.s1385.t000" lemma="gyalogos" pos="NOUN">gyalogosok</instance>
         <wf lemma="felsorakoztak" pos="X">felsorakoztak</wf>
         <wf lemma="az" pos="X">az</wf>
         <wf lemma="arcvonalra" pos="X">arcvonalra</wf>
         <wf lemma="." pos="X">.</wf>
      </sentence>
      <sentence id="d000.s1386" source="wordnet-hungarian">
         <wf lemma="Az" pos="X">Az</wf>
         <wf lemma="új" pos="X">új</wf>
         <wf lemma="polcunk" pos="X">polcunk</wf>
         <wf lemma="30" pos="X">30</wf>
         <wf lemma="kilót" pos="X">kilót</wf>
         <instance id="d000.s1386.t000" lemma="bír" pos="VERB">bír</instance>
         <wf lemma="." pos="X">.</wf>
      </sentence>
      <sentence id="d000.s1387" source="wordnet-hungarian">
         <wf lemma="A" pos="X">A</wf>
         <wf lemma="szikh" pos="X">szikh</wf>
         <wf lemma="vallást" pos="X">vallást</wf>
         <wf lemma="egy" pos="X">egy</wf>
         <instance id="d000.s1387.t000" lemma="pandzsábi" pos="NOUN">pandzsábi</instance>
         <wf lemma="," pos="X">,</wf>
         <wf lemma="név" pos="X">név</wf>
         <wf lemma="szerint" pos="X">szerint</wf>
         <wf lemma="Nának" pos="X">Nának</wf>
         <wf lemma="Csand" pos="X">Csand</wf>
         <wf lemma="guru" pos="X">guru</wf>
         <wf lemma="alapította" pos="X">alapította</wf>
         <wf lemma="." pos="X">.</wf>
      </sentence>
      <sentence id="d000.s1388" source="wordnet-hungarian">
         <wf lemma="A" pos="X">A</wf>
         <wf lemma="plébánia" pos="X">plébánia</wf>
         <wf lemma="gyűjtést" pos="X">gyűjtést</wf>
         <wf lemma="szervez" pos="X">szervez</wf>
         <wf lemma="az" pos="X">az</wf>
         <instance id="d000.s1388.t000" lemma="orgona" pos="NOUN">orgona</instance>
         <wf lemma="felújítására" pos="X">felújítására</wf>
         <wf lemma="." pos="X">.</wf>
      </sentence>
      <sentence id="d000.s1389" source="wordnet-hungarian">
         <wf lemma="Intézkedéseinek" pos="X">Intézkedéseinek</wf>
         <instance id="d000.s1389.t000" lemma="jogszerűség" pos="NOUN">jogszerűségét</instance>
         <wf lemma="nem" pos="X">nem</wf>
         <wf lemma="sikerült" pos="X">sikerült</wf>
         <wf lemma="bizonyítani" pos="X">bizonyítani</wf>
         <wf lemma="a" pos="X">a</wf>
         <wf lemma="bíróságon" pos="X">bíróságon</wf>
         <wf lemma="." pos="X">.</wf>
      </sentence>
      <sentence id="d000.s1390" source="wordnet-hungarian">
         <wf lemma="A" pos="X">A</wf>
         <instance id="d000.s1390.t000" lemma="képzelet" pos="NOUN">képzelet</instance>
         <wf lemma="az" pos="X">az</wf>
         <wf lemma="írói" pos="X">írói</wf>
         <wf lemma="kreativitás" pos="X">kreativitás</wf>
         <wf lemma="egyik" pos="X">egyik</wf>
         <wf lemma="pillére" pos="X">pillére</wf>
         <wf lemma="." pos="X">.</wf>
      </sentence>
      <sentence id="d000.s1391" source="wordnet-hungarian">
         <wf lemma="Egy" pos="X">Egy</wf>
         <wf lemma="operaénekesnek" pos="X">operaénekesnek</wf>
         <wf lemma="nagyon" pos="X">nagyon</wf>
         <wf lemma="kell" pos="X">kell</wf>
         <wf lemma="vigyáznia" pos="X">vigyáznia</wf>
         <wf lemma="a" pos="X">a</wf>
         <instance id="d000.s1391.t000" lemma="hang" pos="NOUN">hangjára</instance>
         <wf lemma="." pos="X">.</wf>
      </sentence>
      <sentence id="d000.s1392" source="wordnet-hungarian">
         <wf lemma="A" pos="X">A</wf>
         <wf lemma="hadihajók" pos="X">hadihajók</wf>
         <wf lemma="horgonyt" pos="X">horgonyt</wf>
         <wf lemma="vetettek" pos="X">vetettek</wf>
         <wf lemma="és" pos="X">és</wf>
         <wf lemma="további" pos="X">további</wf>
         <instance id="d000.s1392.t000" lemma="utasítás" pos="NOUN">utasításokra</instance>
         <wf lemma="vártak" pos="X">vártak</wf>
         <wf lemma="." pos="X">.</wf>
      </sentence>
      <sentence id="d000.s1393" source="wordnet-hungarian">
         <wf lemma="Telefonszámomat" pos="X">Telefonszámomat</wf>
         <wf lemma="elkérve" pos="X">elkérve</wf>
         <wf lemma="rendelésemet" pos="X">rendelésemet</wf>
         <instance id="d000.s1393.t000" lemma="megjegyzés" pos="NOUN">megjegyzés</instance>
         <wf lemma="nélkül" pos="X">nélkül</wf>
         <wf lemma="felvették" pos="X">felvették</wf>
         <wf lemma="." pos="X">.</wf>
      </sentence>
      <sentence id="d000.s1394" source="wordnet-hungarian">
         <wf lemma="A" pos="X">A</wf>
         <instance id="d000.s1394.t000" lemma="baj" pos="NOUN">bajba</instance>
         <wf lemma="esett" pos="X">esett</wf>
         <wf lemma="14-18" pos="X">14-18</wf>
         <wf lemma="év" pos="X">év</wf>
         <wf lemma="közötti" pos="X">közötti</wf>
         <wf lemma="nők" pos="X">nők</wf>
         <wf lemma="képesek" pos="X">képesek</wf>
         <wf lemma="önállóan" pos="X">önállóan</wf>
         <wf lemma="dönteni" pos="X">dönteni</wf>
         <wf lemma="terhességükről" pos="X">terhességükről</wf>
         <wf lemma="." pos="X">.</wf>
      </sentence>
      <sentence id="d000.s1395" source="wordnet-hungarian">
         <wf lemma="A" pos="X">A</wf>
         <instance id="d000.s1395.t000" lemma="híresség" pos="NOUN">hírességek</instance>
         <wf lemma="végigvonultak" pos="X">végigvonultak</wf>
         <wf lemma="a" pos="X">a</wf>
         <wf lemma="vörös" pos="X">vörös</wf>
         <wf lemma="szőnyegen" pos="X">szőnyegen</wf>
         <wf lemma="." pos="X">.</wf>
      </sentence>
      <sentence id="d000.s1396" source="wordnet-hungarian">
         <wf lemma="A" pos="X">A</wf>
         <instance id="d000.s1396.t000" lemma="gumiabroncs" pos="NOUN">gumiabroncsokon</instance>
         <wf lemma="sok" pos="X">sok</wf>
         <wf lemma="múlik" pos="X">múlik</wf>
         <wf lemma="a" pos="X">a</wf>
         <wf lemma="Forma-1-ben" pos="X">Forma-1-ben</wf>
         <wf lemma="." pos="X">.</wf>
      </sentence>
      <sentence id="d000.s1397" source="wordnet-hungarian">
         <wf lemma="A" pos="X">A</wf>
         <wf lemma="Pest" pos="X">Pest</wf>
         <wf lemma="megyei" pos="X">megyei</wf>
         <wf lemma="ÁNTSZ" pos="X">ÁNTSZ</wf>
         <wf lemma="hasonló" pos="X">hasonló</wf>
         <wf lemma="minőségű" pos="X">minőségű</wf>
         <wf lemma="nyilvántartása" pos="X">nyilvántartása</wf>
         <wf lemma="szerint" pos="X">szerint</wf>
         <wf lemma="például" pos="X">például</wf>
         <wf lemma="a" pos="X">a</wf>
         <wf lemma="márianosztrai" pos="X">márianosztrai</wf>
         <instance id="d000.s1397.t000" lemma="szeméttelep" pos="NOUN">szeméttelep</instance>
         <wf lemma="egy" pos="X">egy</wf>
         <wf lemma="körbekerített" pos="X">körbekerített</wf>
         <wf lemma="," pos="X">,</wf>
         <wf lemma="őrzött" pos="X">őrzött</wf>
         <wf lemma="," pos="X">,</wf>
         <wf lemma="gondozott" pos="X">gondozott</wf>
         <wf lemma="hulladéklerakó" pos="X">hulladéklerakó</wf>
         <wf lemma="." pos="X">.</wf>
      </sentence>
      <sentence id="d000.s1398" source="wordnet-hungarian">
         <wf lemma="Ez" pos="X">Ez</wf>
         <wf lemma="a" pos="X">a</wf>
         <wf lemma="kérdés" pos="X">kérdés</wf>
         <instance id="d000.s1398.t000" lemma="neheztelés" pos="NOUN">neheztelést</instance>
         <wf lemma="váltott" pos="X">váltott</wf>
         <wf lemma="ki" pos="X">ki</wf>
         <wf lemma="belőle" pos="X">belőle</wf>
         <wf lemma="." pos="X">.</wf>
      </sentence>
      <sentence id="d000.s1399" source="wordnet-hungarian">
         <wf lemma="A" pos="X">A</wf>
         <wf lemma="vámpírok" pos="X">vámpírok</wf>
         <instance id="d000.s1399.t000" lemma="napnyugta" pos="NOUN">napnyugta</instance>
         <wf lemma="után" pos="X">után</wf>
         <wf lemma="gyülekeztek" pos="X">gyülekeztek</wf>
         <wf lemma="." pos="X">.</wf>
      </sentence>
      <sentence id="d000.s1400" source="wordnet-hungarian">
         <wf lemma="A" pos="X">A</wf>
         <instance id="d000.s1400.t000" lemma="bridzs" pos="NOUN">bridzs</instance>
         <wf lemma="olyan" pos="X">olyan</wf>
         <wf lemma="tartalmas" pos="X">tartalmas</wf>
         <wf lemma="és" pos="X">és</wf>
         <wf lemma="szórakoztató" pos="X">szórakoztató</wf>
         <wf lemma="hobbi" pos="X">hobbi</wf>
         <wf lemma="," pos="X">,</wf>
         <wf lemma="ami" pos="X">ami</wf>
         <wf lemma="vidám" pos="X">vidám</wf>
         <wf lemma="," pos="X">,</wf>
         <wf lemma="ugyanakkor" pos="X">ugyanakkor</wf>
         <wf lemma="izgalmas" pos="X">izgalmas</wf>
         <wf lemma="is" pos="X">is</wf>
         <wf lemma="." pos="X">.</wf>
      </sentence>
      <sentence id="d000.s1401" source="wordnet-hungarian">
         <wf lemma="Tegnap" pos="X">Tegnap</wf>
         <wf lemma="megszúrt" pos="X">megszúrt</wf>
         <wf lemma="egy" pos="X">egy</wf>
         <wf lemma="darázs" pos="X">darázs</wf>
         <wf lemma="és" pos="X">és</wf>
         <wf lemma="a" pos="X">a</wf>
         <instance id="d000.s1401.t000" lemma="csípés" pos="NOUN">csípés</instance>
         <wf lemma="helye" pos="X">helye</wf>
         <wf lemma="még" pos="X">még</wf>
         <wf lemma="mindig" pos="X">mindig</wf>
         <wf lemma="viszket" pos="X">viszket</wf>
         <wf lemma="," pos="X">,</wf>
         <wf lemma="fáj" pos="X">fáj</wf>
         <wf lemma="és" pos="X">és</wf>
         <wf lemma="lüktet" pos="X">lüktet</wf>
         <wf lemma="egyszerre" pos="X">egyszerre</wf>
         <wf lemma="," pos="X">,</wf>
         <wf lemma="arról" pos="X">arról</wf>
         <wf lemma="nem" pos="X">nem</wf>
         <wf lemma="is" pos="X">is</wf>
         <wf lemma="beszélve" pos="X">beszélve</wf>
         <wf lemma="," pos="X">,</wf>
         <wf lemma="hogy" pos="X">hogy</wf>
         <wf lemma="lángoló" pos="X">lángoló</wf>
         <wf lemma="piros" pos="X">piros</wf>
         <wf lemma="." pos="X">.</wf>
      </sentence>
      <sentence id="d000.s1402" source="wordnet-hungarian">
         <wf lemma="Telefonáltak" pos="X">Telefonáltak</wf>
         <wf lemma="a" pos="X">a</wf>
         <instance id="d000.s1402.t000" lemma="központ" pos="NOUN">központból</instance>
         <wf lemma="," pos="X">,</wf>
         <wf lemma="hogy" pos="X">hogy</wf>
         <wf lemma="kevesebb" pos="X">kevesebb</wf>
         <wf lemma="árut" pos="X">árut</wf>
         <wf lemma="kérnek" pos="X">kérnek</wf>
         <wf lemma="a" pos="X">a</wf>
         <wf lemma="megrendeltnél" pos="X">megrendeltnél</wf>
         <wf lemma="." pos="X">.</wf>
      </sentence>
      <sentence id="d000.s1403" source="wordnet-hungarian">
         <wf lemma="A" pos="X">A</wf>
         <wf lemma="tv" pos="X">tv</wf>
         <instance id="d000.s1403.t000" lemma="eladás" pos="NOUN">eladása</instance>
         <wf lemma="igazi" pos="X">igazi</wf>
         <wf lemma="bravúr" pos="X">bravúr</wf>
         <wf lemma="volt" pos="X">volt</wf>
         <wf lemma="." pos="X">.</wf>
      </sentence>
      <sentence id="d000.s1404" source="wordnet-hungarian">
         <wf lemma="Az" pos="X">Az</wf>
         <instance id="d000.s1404.t000" lemma="oszaka" pos="NOUN">Oszaka-öböl</instance>
         <wf lemma="környékét" pos="X">környékét</wf>
         <wf lemma="érdemes" pos="X">érdemes</wf>
         <wf lemma="meglátogatni" pos="X">meglátogatni</wf>
         <wf lemma="," pos="X">,</wf>
         <wf lemma="mert" pos="X">mert</wf>
         <wf lemma="it" pos="X">it</wf>
         <wf lemma="találhatóak" pos="X">találhatóak</wf>
         <wf lemma="a" pos="X">a</wf>
         <wf lemma="legmodernebb" pos="X">legmodernebb</wf>
         <wf lemma="városi" pos="X">városi</wf>
         <wf lemma="attrakciók" pos="X">attrakciók</wf>
         <wf lemma="." pos="X">.</wf>
      </sentence>
      <sentence id="d000.s1405" source="wordnet-hungarian">
         <wf lemma="Gallia" pos="X">Gallia</wf>
         <instance id="d000.s1405.t000" lemma="leigázás" pos="NOUN">leigázása</instance>
         <wf lemma="erős" pos="X">erős</wf>
         <wf lemma="ellenállást" pos="X">ellenállást</wf>
         <wf lemma="váltott" pos="X">váltott</wf>
         <wf lemma="ki" pos="X">ki</wf>
         <wf lemma="a" pos="X">a</wf>
         <wf lemma="lakosok" pos="X">lakosok</wf>
         <wf lemma="körében" pos="X">körében</wf>
         <wf lemma="." pos="X">.</wf>
      </sentence>
      <sentence id="d000.s1406" source="wordnet-hungarian">
         <wf lemma="Szaad" pos="X">Szaad</wf>
         <wf lemma="sejket" pos="X">sejket</wf>
         <wf lemma="bátyja" pos="X">bátyja</wf>
         <wf lemma="halála" pos="X">halála</wf>
         <wf lemma="után" pos="X">után</wf>
         <wf lemma="nevezték" pos="X">nevezték</wf>
         <wf lemma="ki" pos="X">ki</wf>
         <instance id="d000.s1406.t000" lemma="emír" pos="NOUN">emírnek</instance>
         <wf lemma="." pos="X">.</wf>
      </sentence>
      <sentence id="d000.s1407" source="wordnet-hungarian">
         <wf lemma="A" pos="X">A</wf>
         <wf lemma="focista" pos="X">focista</wf>
         <wf lemma="a" pos="X">a</wf>
         <wf lemma="meccs" pos="X">meccs</wf>
         <wf lemma="alatt" pos="X">alatt</wf>
         <wf lemma="többször" pos="X">többször</wf>
         <wf lemma="is" pos="X">is</wf>
         <wf lemma="a" pos="X">a</wf>
         <wf lemma="földre" pos="X">földre</wf>
         <instance id="d000.s1407.t000" lemma="köp" pos="VERB">köpött</instance>
         <wf lemma="." pos="X">.</wf>
      </sentence>
      <sentence id="d000.s1408" source="wordnet-hungarian">
         <wf lemma="A" pos="X">A</wf>
         <wf lemma="leértékelésen" pos="X">leértékelésen</wf>
         <wf lemma="vettem" pos="X">vettem</wf>
         <wf lemma="magamnak" pos="X">magamnak</wf>
         <wf lemma="két" pos="X">két</wf>
         <wf lemma="új" pos="X">új</wf>
         <instance id="d000.s1408.t000" lemma="felső" pos="NOUN">felsőt</instance>
         <wf lemma="is" pos="X">is</wf>
         <wf lemma="." pos="X">.</wf>
      </sentence>
      <sentence id="d000.s1409" source="wordnet-hungarian">
         <wf lemma="A" pos="X">A</wf>
         <instance id="d000.s1409.t000" lemma="bika" pos="NOUN">Bika</instance>
         <wf lemma="nagyra" pos="X">nagyra</wf>
         <wf lemma="értékeli" pos="X">értékeli</wf>
         <wf lemma="az" pos="X">az</wf>
         <wf lemma="élet" pos="X">élet</wf>
         <wf lemma="örömeit" pos="X">örömeit</wf>
         <wf lemma="és" pos="X">és</wf>
         <wf lemma="kényelmét" pos="X">kényelmét</wf>
         <wf lemma="," pos="X">,</wf>
         <wf lemma="szereti" pos="X">szereti</wf>
         <wf lemma="a" pos="X">a</wf>
         <wf lemma="szépséget" pos="X">szépséget</wf>
         <wf lemma="." pos="X">.</wf>
      </sentence>
      <sentence id="d000.s1410" source="wordnet-hungarian">
         <wf lemma="A" pos="X">A</wf>
         <instance id="d000.s1410.t000" lemma="filippi" pos="NOUN">filippiek</instance>
         <wf lemma="hallottak" pos="X">hallottak</wf>
         <wf lemma="Pál" pos="X">Pál</wf>
         <wf lemma="elfogatásáról" pos="X">elfogatásáról</wf>
         <wf lemma="," pos="X">,</wf>
         <wf lemma="ezért" pos="X">ezért</wf>
         <wf lemma="Epafroditusszal" pos="X">Epafroditusszal</wf>
         <wf lemma="pénzt" pos="X">pénzt</wf>
         <wf lemma="küldtek" pos="X">küldtek</wf>
         <wf lemma="neki" pos="X">neki</wf>
         <wf lemma="." pos="X">.</wf>
      </sentence>
      <sentence id="d000.s1411" source="wordnet-hungarian">
         <wf lemma="Joseph" pos="X">Joseph</wf>
         <wf lemma="Lieberman" pos="X">Lieberman</wf>
         <wf lemma="amerikai" pos="X">amerikai</wf>
         <wf lemma="demokrata" pos="X">demokrata</wf>
         <wf lemma="párti" pos="X">párti</wf>
         <instance id="d000.s1411.t000" lemma="szenátor" pos="NOUN">szenátor</instance>
         <wf lemma="vereséget" pos="X">vereséget</wf>
         <wf lemma="szenvedett" pos="X">szenvedett</wf>
         <wf lemma="a" pos="X">a</wf>
         <wf lemma="novemberi" pos="X">novemberi</wf>
         <wf lemma="előválasztásokon" pos="X">előválasztásokon</wf>
         <wf lemma="." pos="X">.</wf>
      </sentence>
      <sentence id="d000.s1412" source="wordnet-hungarian">
         <wf lemma="Reklamáltam" pos="X">Reklamáltam</wf>
         <wf lemma="a" pos="X">a</wf>
         <wf lemma="kiadónál" pos="X">kiadónál</wf>
         <wf lemma="," pos="X">,</wf>
         <wf lemma="majd" pos="X">majd</wf>
         <wf lemma="úgy" pos="X">úgy</wf>
         <wf lemma="2" pos="X">2</wf>
         <wf lemma="hét" pos="X">hét</wf>
         <wf lemma="múlva" pos="X">múlva</wf>
         <instance id="d000.s1412.t000" lemma="bevon" pos="VERB">bevonták</instance>
         <wf lemma="az" pos="X">az</wf>
         <wf lemma="összes" pos="X">összes</wf>
         <wf lemma="példányt" pos="X">példányt</wf>
         <wf lemma="." pos="X">.</wf>
      </sentence>
      <sentence id="d000.s1413" source="wordnet-hungarian">
         <wf lemma="Bár" pos="X">Bár</wf>
         <wf lemma="sürgős" pos="X">sürgős</wf>
         <wf lemma="lett" pos="X">lett</wf>
         <wf lemma="volna" pos="X">volna</wf>
         <wf lemma="," pos="X">,</wf>
         <wf lemma="napokat" pos="X">napokat</wf>
         <wf lemma="kellet" pos="X">kellet</wf>
         <wf lemma="várnom" pos="X">várnom</wf>
         <instance id="d000.s1413.t000" lemma="válasz" pos="NOUN">válaszára</instance>
         <wf lemma="." pos="X">.</wf>
      </sentence>
      <sentence id="d000.s1414" source="wordnet-hungarian">
         <wf lemma="Hozdki" pos="X">Hozdki</wf>
         <wf lemma="a" pos="X">a</wf>
         <instance id="d000.s1414.t000" lemma="sarló" pos="NOUN">sarlót</instance>
         <wf lemma="is" pos="X">is</wf>
         <wf lemma="a" pos="X">a</wf>
         <wf lemma="mezőre" pos="X">mezőre</wf>
         <wf lemma="!" pos="X">!</wf>
      </sentence>
      <sentence id="d000.s1415" source="wordnet-hungarian">
         <wf lemma="A" pos="X">A</wf>
         <wf lemma="szivacs" pos="X">szivacs</wf>
         <wf lemma="az" pos="X">az</wf>
         <wf lemma="egyetlen" pos="X">egyetlen</wf>
         <wf lemma="mozgásképtelen" pos="X">mozgásképtelen</wf>
         <instance id="d000.s1415.t000" lemma="állat" pos="NOUN">állat</instance>
         <wf lemma="." pos="X">.</wf>
      </sentence>
      <sentence id="d000.s1416" source="wordnet-hungarian">
         <wf lemma="Megjött" pos="X">Megjött</wf>
         <wf lemma="a" pos="X">a</wf>
         <instance id="d000.s1416.t000" lemma="menstruáció" pos="NOUN">menstruációm</instance>
         <wf lemma="," pos="X">,</wf>
         <wf lemma="így" pos="X">így</wf>
         <wf lemma="nem" pos="X">nem</wf>
         <wf lemma="mehetek" pos="X">mehetek</wf>
         <wf lemma="a" pos="X">a</wf>
         <wf lemma="strandra" pos="X">strandra</wf>
         <wf lemma="néhány" pos="X">néhány</wf>
         <wf lemma="napig" pos="X">napig</wf>
         <wf lemma="." pos="X">.</wf>
      </sentence>
      <sentence id="d000.s1417" source="wordnet-hungarian">
         <wf lemma="Ha" pos="X">Ha</wf>
         <wf lemma="lekésed" pos="X">lekésed</wf>
         <wf lemma="a" pos="X">a</wf>
         <wf lemma="mai" pos="X">mai</wf>
         <instance id="d000.s1417.t000" lemma="posta" pos="NOUN">postát</instance>
         <wf lemma="," pos="X">,</wf>
         <wf lemma="akkor" pos="X">akkor</wf>
         <wf lemma="csak" pos="X">csak</wf>
         <wf lemma="holnapután" pos="X">holnapután</wf>
         <wf lemma="veheted" pos="X">veheted</wf>
         <wf lemma="fel" pos="X">fel</wf>
         <wf lemma="a" pos="X">a</wf>
         <wf lemma="küldeményed" pos="X">küldeményed</wf>
         <wf lemma="a" pos="X">a</wf>
         <wf lemma="postahivatalban" pos="X">postahivatalban</wf>
         <wf lemma="." pos="X">.</wf>
      </sentence>
      <sentence id="d000.s1418" source="wordnet-hungarian">
         <wf lemma="Az" pos="X">Az</wf>
         <instance id="d000.s1418.t000" lemma="elektronsugár" pos="NOUN">elektronsugár</instance>
         <wf lemma="pályáját" pos="X">pályáját</wf>
         <wf lemma="leíró" pos="X">leíró</wf>
         <wf lemma="ciklois-szerű" pos="X">ciklois-szerű</wf>
         <wf lemma="görbét" pos="X">görbét</wf>
         <wf lemma="lehetséges" pos="X">lehetséges</wf>
         <wf lemma="számítógéppel" pos="X">számítógéppel</wf>
         <wf lemma="meghatározni" pos="X">meghatározni</wf>
         <wf lemma="." pos="X">.</wf>
      </sentence>
      <sentence id="d000.s1419" source="wordnet-hungarian">
         <wf lemma="A" pos="X">A</wf>
         <wf lemma="kifutón" pos="X">kifutón</wf>
         <wf lemma="a" pos="X">a</wf>
         <wf lemma="manökenek" pos="X">manökenek</wf>
         <instance id="d000.s1419.t000" lemma="fehérnemű" pos="NOUN">fehérneműket</instance>
         <wf lemma="mutatnak" pos="X">mutatnak</wf>
         <wf lemma="be" pos="X">be</wf>
         <wf lemma="." pos="X">.</wf>
      </sentence>
      <sentence id="d000.s1420" source="wordnet-hungarian">
         <wf lemma="A" pos="X">A</wf>
         <wf lemma="majdani" pos="X">majdani</wf>
         <wf lemma="kisebbségi" pos="X">kisebbségi</wf>
         <wf lemma="képviselők" pos="X">képviselők</wf>
         <wf lemma="szavazati" pos="X">szavazati</wf>
         <wf lemma="jogot" pos="X">jogot</wf>
         <wf lemma="kapnak" pos="X">kapnak</wf>
         <wf lemma="a" pos="X">a</wf>
         <instance id="d000.s1420.t000" lemma="törvényhozás" pos="NOUN">törvényhozásban</instance>
         <wf lemma="." pos="X">.</wf>
      </sentence>
      <sentence id="d000.s1421" source="wordnet-hungarian">
         <wf lemma="József" pos="X">József</wf>
         <instance id="d000.s1421.t000" lemma="vár" pos="VERB">várja</instance>
         <wf lemma="," pos="X">,</wf>
         <wf lemma="hogy" pos="X">hogy</wf>
         <wf lemma="besorozzák" pos="X">besorozzák</wf>
         <wf lemma="." pos="X">.</wf>
      </sentence>
      <sentence id="d000.s1422" source="wordnet-hungarian">
         <wf lemma="Moliere" pos="X">Moliere</wf>
         <wf lemma="és" pos="X">és</wf>
         <wf lemma="Racine" pos="X">Racine</wf>
         <instance id="d000.s1422.t000" lemma="pártfogó" pos="NOUN">pártfogóját</instance>
         <wf lemma="boszorkányság" pos="X">boszorkányság</wf>
         <wf lemma="vádja" pos="X">vádja</wf>
         <wf lemma="miatt" pos="X">miatt</wf>
         <wf lemma="távolították" pos="X">távolították</wf>
         <wf lemma="el" pos="X">el</wf>
         <wf lemma="az" pos="X">az</wf>
         <wf lemma="udvarból" pos="X">udvarból</wf>
         <wf lemma="." pos="X">.</wf>
      </sentence>
      <sentence id="d000.s1423" source="wordnet-hungarian">
         <instance id="d000.s1423.t000" lemma="vándorlás" pos="NOUN">Vándorlásai</instance>
         <wf lemma="során" pos="X">során</wf>
         <wf lemma="az" pos="X">az</wf>
         <wf lemma="egész" pos="X">egész</wf>
         <wf lemma="dél-amerikai" pos="X">dél-amerikai</wf>
         <wf lemma="kontinenst" pos="X">kontinenst</wf>
         <wf lemma="körbejárta" pos="X">körbejárta</wf>
         <wf lemma="." pos="X">.</wf>
      </sentence>
      <sentence id="d000.s1424" source="wordnet-hungarian">
         <wf lemma="Mi" pos="X">Mi</wf>
         <wf lemma="a" pos="X">a</wf>
         <instance id="d000.s1424.t000" lemma="foglalkozás" pos="NOUN">foglalkozása</instance>
         <wf lemma="?" pos="X">?</wf>
      </sentence>
      <sentence id="d000.s1425" source="wordnet-hungarian">
         <wf lemma="Egyedül" pos="X">Egyedül</wf>
         <wf lemma="kereső" pos="X">kereső</wf>
         <wf lemma="szülőként" pos="X">szülőként</wf>
         <wf lemma="négy" pos="X">négy</wf>
         <wf lemma="éhes" pos="X">éhes</wf>
         <instance id="d000.s1425.t000" lemma="száj" pos="NOUN">szájat</instance>
         <wf lemma="kell" pos="X">kell</wf>
         <wf lemma="eltartania" pos="X">eltartania</wf>
         <wf lemma="." pos="X">.</wf>
      </sentence>
      <sentence id="d000.s1426" source="wordnet-hungarian">
         <wf lemma="Az" pos="X">Az</wf>
         <wf lemma="elem" pos="X">elem</wf>
         <instance id="d000.s1426.t000" lemma="polaritás" pos="NOUN">polaritása</instance>
         <wf lemma="megváltozott" pos="X">megváltozott</wf>
         <wf lemma="." pos="X">.</wf>
      </sentence>
      <sentence id="d000.s1427" source="wordnet-hungarian">
         <wf lemma="A" pos="X">A</wf>
         <wf lemma="szobában" pos="X">szobában</wf>
         <wf lemma="csak" pos="X">csak</wf>
         <wf lemma="egy" pos="X">egy</wf>
         <instance id="d000.s1427.t000" lemma="ágy" pos="NOUN">ágy</instance>
         <wf lemma="és" pos="X">és</wf>
         <wf lemma="egy" pos="X">egy</wf>
         <wf lemma="szék" pos="X">szék</wf>
         <wf lemma="van" pos="X">van</wf>
         <wf lemma="." pos="X">.</wf>
      </sentence>
      <sentence id="d000.s1428" source="wordnet-hungarian">
         <instance id="d000.s1428.t000" lemma="angol" pos="NOUN">Angolok</instance>
         <wf lemma="kevesen" pos="X">kevesen</wf>
         <wf lemma="jöttek" pos="X">jöttek</wf>
         <wf lemma="az" pos="X">az</wf>
         <wf lemma="eseményre" pos="X">eseményre</wf>
         <wf lemma="." pos="X">.</wf>
      </sentence>
      <sentence id="d000.s1429" source="wordnet-hungarian">
         <wf lemma="Vettem" pos="X">Vettem</wf>
         <wf lemma="egy" pos="X">egy</wf>
         <wf lemma="rúd" pos="X">rúd</wf>
         <instance id="d000.s1429.t000" lemma="szalámi" pos="NOUN">szalámit</instance>
         <wf lemma="a" pos="X">a</wf>
         <wf lemma="hentesnél" pos="X">hentesnél</wf>
         <wf lemma="," pos="X">,</wf>
         <wf lemma="ebben" pos="X">ebben</wf>
         <wf lemma="a" pos="X">a</wf>
         <wf lemma="melegben" pos="X">melegben</wf>
         <wf lemma="ez" pos="X">ez</wf>
         <wf lemma="kevésbé" pos="X">kevésbé</wf>
         <wf lemma="fog" pos="X">fog</wf>
         <wf lemma="megromlani" pos="X">megromlani</wf>
         <wf lemma="," pos="X">,</wf>
         <wf lemma="mint" pos="X">mint</wf>
         <wf lemma="a" pos="X">a</wf>
         <wf lemma="felvágott" pos="X">felvágott</wf>
         <wf lemma="." pos="X">.</wf>
      </sentence>
      <sentence id="d000.s1430" source="wordnet-hungarian">
         <wf lemma="Élvezte" pos="X">Élvezte</wf>
         <wf lemma="a" pos="X">a</wf>
         <wf lemma="modern" pos="X">modern</wf>
         <wf lemma="számítógépek" pos="X">számítógépek</wf>
         <instance id="d000.s1430.t000" lemma="bonyolultság" pos="NOUN">bonyolultságát</instance>
         <wf lemma="." pos="X">.</wf>
      </sentence>
      <sentence id="d000.s1431" source="wordnet-hungarian">
         <wf lemma="Arról" pos="X">Arról</wf>
         <wf lemma="a" pos="X">a</wf>
         <instance id="d000.s1431.t000" lemma="pont" pos="NOUN">pontról</instance>
         <wf lemma="jobban" pos="X">jobban</wf>
         <wf lemma="látható" pos="X">látható</wf>
         <wf lemma="az" pos="X">az</wf>
         <wf lemma="előadás" pos="X">előadás</wf>
         <wf lemma="." pos="X">.</wf>
      </sentence>
      <sentence id="d000.s1432" source="wordnet-hungarian">
         <wf lemma="Elég" pos="X">Elég</wf>
         <wf lemma="volt" pos="X">volt</wf>
         <wf lemma="öt" pos="X">öt</wf>
         <wf lemma="óra" pos="X">óra</wf>
         <instance id="d000.s1432.t000" lemma="alvás" pos="NOUN">alvás</instance>
         <wf lemma="?" pos="X">?</wf>
      </sentence>
      <sentence id="d000.s1433" source="wordnet-hungarian">
         <wf lemma="A" pos="X">A</wf>
         <instance id="d000.s1433.t000" lemma="fűrész" pos="NOUN">fűrész</instance>
         <wf lemma="kell" pos="X">kell</wf>
         <wf lemma="ehhez" pos="X">ehhez</wf>
         <wf lemma="a" pos="X">a</wf>
         <wf lemma="munkához" pos="X">munkához</wf>
         <wf lemma="." pos="X">.</wf>
      </sentence>
      <sentence id="d000.s1434" source="wordnet-hungarian">
         <wf lemma="Füst" pos="X">Füst</wf>
         <instance id="d000.s1434.t000" lemma="megy" pos="VERB">ment</instance>
         <wf lemma="a" pos="X">a</wf>
         <wf lemma="szemembe" pos="X">szemembe</wf>
         <wf lemma="." pos="X">.</wf>
      </sentence>
      <sentence id="d000.s1435" source="wordnet-hungarian">
         <wf lemma="A" pos="X">A</wf>
         <wf lemma="választás" pos="X">választás</wf>
         <wf lemma="a" pos="X">a</wf>
         <wf lemma="republikánusok" pos="X">republikánusok</wf>
         <wf lemma="teljes" pos="X">teljes</wf>
         <instance id="d000.s1435.t000" lemma="siker" pos="NOUN">sikerével</instance>
         <wf lemma="zárult" pos="X">zárult</wf>
         <wf lemma="." pos="X">.</wf>
      </sentence>
      <sentence id="d000.s1436" source="wordnet-hungarian">
         <wf lemma="Az" pos="X">Az</wf>
         <wf lemma="Európai" pos="X">Európai</wf>
         <wf lemma="Unió" pos="X">Unió</wf>
         <instance id="d000.s1436.t000" lemma="alkotmány" pos="NOUN">alkotmányának</instance>
         <wf lemma="ratifikálása" pos="X">ratifikálása</wf>
         <wf lemma="még" pos="X">még</wf>
         <wf lemma="nem" pos="X">nem</wf>
         <wf lemma="fejeződött" pos="X">fejeződött</wf>
         <wf lemma="be" pos="X">be</wf>
         <wf lemma="." pos="X">.</wf>
      </sentence>
      <sentence id="d000.s1437" source="wordnet-hungarian">
         <wf lemma="A" pos="X">A</wf>
         <wf lemma="teve" pos="X">teve</wf>
         <wf lemma="ritkán" pos="X">ritkán</wf>
         <instance id="d000.s1437.t000" lemma="érez" pos="VERB">érez</instance>
         <wf lemma="szomjúságot" pos="X">szomjúságot</wf>
         <wf lemma="." pos="X">.</wf>
      </sentence>
      <sentence id="d000.s1438" source="wordnet-hungarian">
         <wf lemma="A" pos="X">A</wf>
         <wf lemma="réti" pos="X">réti</wf>
         <instance id="d000.s1438.t000" lemma="széna" pos="NOUN">széna</instance>
         <wf lemma="abban" pos="X">abban</wf>
         <wf lemma="különbözik" pos="X">különbözik</wf>
         <wf lemma="a" pos="X">a</wf>
         <wf lemma="vetett" pos="X">vetett</wf>
         <wf lemma="szénától" pos="X">szénától</wf>
         <wf lemma="," pos="X">,</wf>
         <wf lemma="hogy" pos="X">hogy</wf>
         <wf lemma="általában" pos="X">általában</wf>
         <wf lemma="zöldebb" pos="X">zöldebb</wf>
         <wf lemma="a" pos="X">a</wf>
         <wf lemma="színe" pos="X">színe</wf>
         <wf lemma="," pos="X">,</wf>
         <wf lemma="és" pos="X">és</wf>
         <wf lemma="puhább" pos="X">puhább</wf>
         <wf lemma="." pos="X">.</wf>
      </sentence>
      <sentence id="d000.s1439" source="wordnet-hungarian">
         <wf lemma="A" pos="X">A</wf>
         <wf lemma="budapesti" pos="X">budapesti</wf>
         <wf lemma="földalatti" pos="X">földalatti</wf>
         <wf lemma="villamos" pos="X">villamos</wf>
         <wf lemma="vasút" pos="X">vasút</wf>
         <wf lemma="a" pos="X">a</wf>
         <instance id="d000.s1439.t000" lemma="kontinens" pos="NOUN">kontinens</instance>
         <wf lemma="első" pos="X">első</wf>
         <wf lemma="földalattija" pos="X">földalattija</wf>
         <wf lemma="volt" pos="X">volt</wf>
         <wf lemma="." pos="X">.</wf>
      </sentence>
      <sentence id="d000.s1440" source="wordnet-hungarian">
         <wf lemma="Helyszíni" pos="X">Helyszíni</wf>
         <wf lemma="mérésekkel" pos="X">mérésekkel</wf>
         <wf lemma="meghatározták" pos="X">meghatározták</wf>
         <wf lemma="a" pos="X">a</wf>
         <wf lemma="jellegzetes" pos="X">jellegzetes</wf>
         <wf lemma="tereprészletek" pos="X">tereprészletek</wf>
         <instance id="d000.s1440.t000" lemma="azimut" pos="NOUN">azimutját</instance>
         <wf lemma="." pos="X">.</wf>
      </sentence>
      <sentence id="d000.s1441" source="wordnet-hungarian">
         <wf lemma="Csak" pos="X">Csak</wf>
         <wf lemma="a" pos="X">a</wf>
         <wf lemma="tulajdonjogot" pos="X">tulajdonjogot</wf>
         <wf lemma="lehet" pos="X">lehet</wf>
         <wf lemma="megszerezni" pos="X">megszerezni</wf>
         <wf lemma="," pos="X">,</wf>
         <wf lemma="sem" pos="X">sem</wf>
         <wf lemma="a" pos="X">a</wf>
         <instance id="d000.s1441.t000" lemma="haszonélvezet" pos="NOUN">haszonélvezetet</instance>
         <wf lemma="," pos="X">,</wf>
         <wf lemma="sem" pos="X">sem</wf>
         <wf lemma="a" pos="X">a</wf>
         <wf lemma="használati" pos="X">használati</wf>
         <wf lemma="jogot" pos="X">jogot</wf>
         <wf lemma="nem" pos="X">nem</wf>
         <wf lemma="." pos="X">.</wf>
      </sentence>
      <sentence id="d000.s1442" source="wordnet-hungarian">
         <wf lemma="Sikerült" pos="X">Sikerült</wf>
         <wf lemma="a" pos="X">a</wf>
         <wf lemma="cégnek" pos="X">cégnek</wf>
         <wf lemma="növelnie" pos="X">növelnie</wf>
         <wf lemma="az" pos="X">az</wf>
         <instance id="d000.s1442.t000" lemma="eladás" pos="NOUN">eladását</instance>
         <wf lemma="." pos="X">.</wf>
      </sentence>
      <sentence id="d000.s1443" source="wordnet-hungarian">
         <wf lemma="Leállt" pos="X">Leállt</wf>
         <wf lemma="az" pos="X">az</wf>
         <wf lemma="öt" pos="X">öt</wf>
         <wf lemma="falut" pos="X">falut</wf>
         <wf lemma="ellátó" pos="X">ellátó</wf>
         <wf lemma="nagyberegi" pos="X">nagyberegi</wf>
         <wf lemma="malom" pos="X">malom</wf>
         <wf lemma="," pos="X">,</wf>
         <wf lemma="mert" pos="X">mert</wf>
         <wf lemma="a" pos="X">a</wf>
         <instance id="d000.s1443.t000" lemma="molnár" pos="NOUN">molnárokat</instance>
         <wf lemma="elvitték" pos="X">elvitték</wf>
         <wf lemma="." pos="X">.</wf>
      </sentence>
      <sentence id="d000.s1444" source="wordnet-hungarian">
         <wf lemma="Egyik" pos="X">Egyik</wf>
         <wf lemma="üzleti" pos="X">üzleti</wf>
         <instance id="d000.s1444.t000" lemma="kapcsolat" pos="NOUN">kapcsolatát</instance>
         <wf lemma="használta" pos="X">használta</wf>
         <wf lemma="fel" pos="X">fel</wf>
         <wf lemma="arra" pos="X">arra</wf>
         <wf lemma="," pos="X">,</wf>
         <wf lemma="hogy" pos="X">hogy</wf>
         <wf lemma="a" pos="X">a</wf>
         <wf lemma="kormányzó" pos="X">kormányzó</wf>
         <wf lemma="közelébe" pos="X">közelébe</wf>
         <wf lemma="férkőzzön" pos="X">férkőzzön</wf>
         <wf lemma="." pos="X">.</wf>
      </sentence>
      <sentence id="d000.s1445" source="wordnet-hungarian">
         <wf lemma="Az" pos="X">Az</wf>
         <instance id="d000.s1445.t000" lemma="archaizmus" pos="NOUN">archaizmus</instance>
         <wf lemma="egy" pos="X">egy</wf>
         <wf lemma="letűnt" pos="X">letűnt</wf>
         <wf lemma="kor" pos="X">kor</wf>
         <wf lemma="felidézése" pos="X">felidézése</wf>
         <wf lemma="nyelvi" pos="X">nyelvi</wf>
         <wf lemma="elemek" pos="X">elemek</wf>
         <wf lemma="illetve" pos="X">illetve</wf>
         <wf lemma="stilisztikai" pos="X">stilisztikai</wf>
         <wf lemma="eszközök" pos="X">eszközök</wf>
         <wf lemma="segítségével" pos="X">segítségével</wf>
         <wf lemma="." pos="X">.</wf>
      </sentence>
      <sentence id="d000.s1446" source="wordnet-hungarian">
         <wf lemma="A" pos="X">A</wf>
         <wf lemma="rengés" pos="X">rengés</wf>
         <instance id="d000.s1446.t000" lemma="epicentrum" pos="NOUN">epicentruma</instance>
         <wf lemma="Új-Britannia" pos="X">Új-Britannia</wf>
         <wf lemma="szigeténél" pos="X">szigeténél</wf>
         <wf lemma="volt" pos="X">volt</wf>
         <wf lemma="." pos="X">.</wf>
      </sentence>
      <sentence id="d000.s1447" source="wordnet-hungarian">
         <wf lemma="A" pos="X">A</wf>
         <instance id="d000.s1447.t000" lemma="reneszánsz" pos="NOUN">reneszánsz</instance>
         <wf lemma="Dél-Európában" pos="X">Dél-Európában</wf>
         <wf lemma="hamarabb" pos="X">hamarabb</wf>
         <wf lemma="kezdetét" pos="X">kezdetét</wf>
         <wf lemma="vette" pos="X">vette</wf>
         <wf lemma="." pos="X">.</wf>
      </sentence>
      <sentence id="d000.s1448" source="wordnet-hungarian">
         <wf lemma="Nyissátok" pos="X">Nyissátok</wf>
         <wf lemma="ki" pos="X">ki</wf>
         <wf lemma="a" pos="X">a</wf>
         <wf lemma="könyveteket" pos="X">könyveteket</wf>
         <wf lemma="a" pos="X">a</wf>
         <wf lemma="270." pos="X">270.</wf>
         <instance id="d000.s1448.t000" lemma="oldal" pos="NOUN">oldalon</instance>
         <wf lemma="." pos="X">.</wf>
      </sentence>
      <sentence id="d000.s1449" source="wordnet-hungarian">
         <wf lemma="A" pos="X">A</wf>
         <wf lemma="templomtorony" pos="X">templomtorony</wf>
         <instance id="d000.s1449.t000" lemma="magasság" pos="NOUN">magassága</instance>
         <wf lemma="több" pos="X">több</wf>
         <wf lemma="mint" pos="X">mint</wf>
         <wf lemma="kilencven" pos="X">kilencven</wf>
         <wf lemma="méter" pos="X">méter</wf>
         <wf lemma="." pos="X">.</wf>
      </sentence>
      <sentence id="d000.s1450" source="wordnet-hungarian">
         <wf lemma="Az" pos="X">Az</wf>
         <instance id="d000.s1450.t000" lemma="erőd" pos="NOUN">erőd</instance>
         <wf lemma="ágyúi" pos="X">ágyúi</wf>
         <wf lemma="uralták" pos="X">uralták</wf>
         <wf lemma="a" pos="X">a</wf>
         <wf lemma="völgyet" pos="X">völgyet</wf>
         <wf lemma="." pos="X">.</wf>
      </sentence>
      <sentence id="d000.s1451" source="wordnet-hungarian">
         <wf lemma="A" pos="X">A</wf>
         <instance id="d000.s1451.t000" lemma="bérlő" pos="NOUN">bérlők</instance>
         <wf lemma="mindig" pos="X">mindig</wf>
         <wf lemma="időben" pos="X">időben</wf>
         <wf lemma="fizették" pos="X">fizették</wf>
         <wf lemma="ki" pos="X">ki</wf>
         <wf lemma="a" pos="X">a</wf>
         <wf lemma="rezsit" pos="X">rezsit</wf>
         <wf lemma="és" pos="X">és</wf>
         <wf lemma="a" pos="X">a</wf>
         <wf lemma="bérleti" pos="X">bérleti</wf>
         <wf lemma="díjat" pos="X">díjat</wf>
         <wf lemma="." pos="X">.</wf>
      </sentence>
      <sentence id="d000.s1452" source="wordnet-hungarian">
         <wf lemma="A" pos="X">A</wf>
         <instance id="d000.s1452.t000" lemma="kertész" pos="NOUN">kertész</instance>
         <wf lemma="minden" pos="X">minden</wf>
         <wf lemma="összes" pos="X">összes</wf>
         <wf lemma="nagy" pos="X">nagy</wf>
         <wf lemma="halomba" pos="X">halomba</wf>
         <wf lemma="gyűjti" pos="X">gyűjti</wf>
         <wf lemma="a" pos="X">a</wf>
         <wf lemma="lehullott" pos="X">lehullott</wf>
         <wf lemma="leveleket" pos="X">leveleket</wf>
         <wf lemma="." pos="X">.</wf>
      </sentence>
      <sentence id="d000.s1453" source="wordnet-hungarian">
         <wf lemma="A" pos="X">A</wf>
         <wf lemma="doboz" pos="X">doboz</wf>
         <wf lemma="több" pos="X">több</wf>
         <wf lemma="részből" pos="X">részből</wf>
         <instance id="d000.s1453.t000" lemma="áll" pos="VERB">áll</instance>
         <wf lemma="." pos="X">.</wf>
      </sentence>
      <sentence id="d000.s1454" source="wordnet-hungarian">
         <wf lemma="A" pos="X">A</wf>
         <instance id="d000.s1454.t000" lemma="szilvanit" pos="NOUN">szilvanit</instance>
         <wf lemma="a" pos="X">a</wf>
         <wf lemma="tellúr" pos="X">tellúr</wf>
         <wf lemma="egyik" pos="X">egyik</wf>
         <wf lemma="ásványa" pos="X">ásványa</wf>
         <wf lemma="." pos="X">.</wf>
      </sentence>
      <sentence id="d000.s1455" source="wordnet-hungarian">
         <wf lemma="A" pos="X">A</wf>
         <wf lemma="sarkvidéki" pos="X">sarkvidéki</wf>
         <instance id="d000.s1455.t000" lemma="régió" pos="NOUN">régiót</instance>
         <wf lemma="nem" pos="X">nem</wf>
         <wf lemma="csak" pos="X">csak</wf>
         <wf lemma="pingvinek" pos="X">pingvinek</wf>
         <wf lemma="népesítik" pos="X">népesítik</wf>
         <wf lemma="be" pos="X">be</wf>
         <wf lemma="." pos="X">.</wf>
      </sentence>
      <sentence id="d000.s1456" source="wordnet-hungarian">
         <wf lemma="Egyre" pos="X">Egyre</wf>
         <wf lemma="több" pos="X">több</wf>
         <wf lemma="használati" pos="X">használati</wf>
         <wf lemma="tárgy" pos="X">tárgy</wf>
         <wf lemma="készül" pos="X">készül</wf>
         <instance id="d000.s1456.t000" lemma="műanyag" pos="NOUN">műanyagból</instance>
         <wf lemma="." pos="X">.</wf>
      </sentence>
      <sentence id="d000.s1457" source="wordnet-hungarian">
         <wf lemma="A" pos="X">A</wf>
         <wf lemma="vegyestüzelésű" pos="X">vegyestüzelésű</wf>
         <instance id="d000.s1457.t000" lemma="kazán" pos="NOUN">kazánok</instance>
         <wf lemma="szinte" pos="X">szinte</wf>
         <wf lemma="mindennel" pos="X">mindennel</wf>
         <wf lemma="üzemeltethetők" pos="X">üzemeltethetők</wf>
         <wf lemma="," pos="X">,</wf>
         <wf lemma="ami" pos="X">ami</wf>
         <wf lemma="éghető" pos="X">éghető</wf>
         <wf lemma="." pos="X">.</wf>
      </sentence>
      <sentence id="d000.s1458" source="wordnet-hungarian">
         <wf lemma="Hangosan" pos="X">Hangosan</wf>
         <instance id="d000.s1458.t000" lemma="ketyeg" pos="VERB">ketyeg</instance>
         <wf lemma="a" pos="X">a</wf>
         <wf lemma="falióra" pos="X">falióra</wf>
         <wf lemma="." pos="X">.</wf>
      </sentence>
      <sentence id="d000.s1459" source="wordnet-hungarian">
         <wf lemma="Háromnak" pos="X">Háromnak</wf>
         <wf lemma="kilenc" pos="X">kilenc</wf>
         <wf lemma="a" pos="X">a</wf>
         <instance id="d000.s1459.t000" lemma="négyzet" pos="NOUN">négyzete</instance>
         <wf lemma="." pos="X">.</wf>
      </sentence>
      <sentence id="d000.s1460" source="wordnet-hungarian">
         <wf lemma="Vállalatának" pos="X">Vállalatának</wf>
         <wf lemma="köszönheti" pos="X">köszönheti</wf>
         <instance id="d000.s1460.t000" lemma="siker" pos="NOUN">sikerét</instance>
         <wf lemma="." pos="X">.</wf>
      </sentence>
      <sentence id="d000.s1461" source="wordnet-hungarian">
         <wf lemma="A" pos="X">A</wf>
         <wf lemma="hivatásos" pos="X">hivatásos</wf>
         <instance id="d000.s1461.t000" lemma="rábeszélő" pos="NOUN">rábeszélők</instance>
         <wf lemma="megtanulták" pos="X">megtanulták</wf>
         <wf lemma="a" pos="X">a</wf>
         <wf lemma="modern" pos="X">modern</wf>
         <wf lemma="propaganda" pos="X">propaganda</wf>
         <wf lemma="fogásait" pos="X">fogásait</wf>
         <wf lemma="." pos="X">.</wf>
      </sentence>
      <sentence id="d000.s1462" source="wordnet-hungarian">
         <instance id="d000.s1462.t000" lemma="távozás" pos="NOUN">Távozása</instance>
         <wf lemma="után" pos="X">után</wf>
         <wf lemma="csak" pos="X">csak</wf>
         <wf lemma="az" pos="X">az</wf>
         <wf lemma="üresség" pos="X">üresség</wf>
         <wf lemma="érzése" pos="X">érzése</wf>
         <wf lemma="maradt" pos="X">maradt</wf>
         <wf lemma="." pos="X">.</wf>
      </sentence>
      <sentence id="d000.s1463" source="wordnet-hungarian">
         <wf lemma="Mindig" pos="X">Mindig</wf>
         <wf lemma="a" pos="X">a</wf>
         <instance id="d000.s1463.t000" lemma="fejfájás" pos="NOUN">fejfájásra</instance>
         <wf lemma="hivatkoznak" pos="X">hivatkoznak</wf>
         <wf lemma="." pos="X">.</wf>
      </sentence>
      <sentence id="d000.s1464" source="wordnet-hungarian">
         <wf lemma="A" pos="X">A</wf>
         <instance id="d000.s1464.t000" lemma="citrom" pos="NOUN">citrom</instance>
         <wf lemma="az" pos="X">az</wf>
         <wf lemma="egyetlen" pos="X">egyetlen</wf>
         <wf lemma="gyümölcs" pos="X">gyümölcs</wf>
         <wf lemma="," pos="X">,</wf>
         <wf lemma="amely" pos="X">amely</wf>
         <wf lemma="egész" pos="X">egész</wf>
         <wf lemma="évben" pos="X">évben</wf>
         <wf lemma="megtalálható" pos="X">megtalálható</wf>
         <wf lemma="a" pos="X">a</wf>
         <wf lemma="zöldségüzletekben" pos="X">zöldségüzletekben</wf>
         <wf lemma="." pos="X">.</wf>
      </sentence>
      <sentence id="d000.s1465" source="wordnet-hungarian">
         <wf lemma="Akbarnáme" pos="X">Akbarnáme</wf>
         <wf lemma="festette" pos="X">festette</wf>
         <wf lemma="meg" pos="X">meg</wf>
         <wf lemma="ahogyan" pos="X">ahogyan</wf>
         <wf lemma="az" pos="X">az</wf>
         <wf lemma="uralkodó" pos="X">uralkodó</wf>
         <wf lemma="," pos="X">,</wf>
         <instance id="d000.s1465.t000" lemma="kíséret" pos="NOUN">kísérete</instance>
         <wf lemma="az" pos="X">az</wf>
         <wf lemma="elefántok" pos="X">elefántok</wf>
         <wf lemma="és" pos="X">és</wf>
         <wf lemma="lovak" pos="X">lovak</wf>
         <wf lemma="igyekeznek" pos="X">igyekeznek</wf>
         <wf lemma="átkelni" pos="X">átkelni</wf>
         <wf lemma="a" pos="X">a</wf>
         <wf lemma="Gangeszen" pos="X">Gangeszen</wf>
         <wf lemma="." pos="X">.</wf>
      </sentence>
      <sentence id="d000.s1466" source="wordnet-hungarian">
         <wf lemma="A" pos="X">A</wf>
         <wf lemma="középkorban" pos="X">középkorban</wf>
         <wf lemma="I." pos="X">I.</wf>
         <wf lemma="Henrik" pos="X">Henrik</wf>
         <wf lemma="angol" pos="X">angol</wf>
         <wf lemma="király" pos="X">király</wf>
         <wf lemma="a" pos="X">a</wf>
         <wf lemma="saját" pos="X">saját</wf>
         <wf lemma="karját" pos="X">karját</wf>
         <wf lemma="tette" pos="X">tette</wf>
         <wf lemma="meg" pos="X">meg</wf>
         <wf lemma="a" pos="X">a</wf>
         <instance id="d000.s1466.t000" lemma="hosszmérték" pos="NOUN">hosszmérték</instance>
         <wf lemma="alapjául" pos="X">alapjául</wf>
         <wf lemma="-" pos="X">-</wf>
         <wf lemma="ez" pos="X">ez</wf>
         <wf lemma="a" pos="X">a</wf>
         <wf lemma="yard" pos="X">yard</wf>
         <wf lemma="eredete" pos="X">eredete</wf>
         <wf lemma="." pos="X">.</wf>
      </sentence>
      <sentence id="d000.s1467" source="wordnet-hungarian">
         <wf lemma="A" pos="X">A</wf>
         <wf lemma="két" pos="X">két</wf>
         <wf lemma="család" pos="X">család</wf>
         <wf lemma="távoli" pos="X">távoli</wf>
         <instance id="d000.s1467.t000" lemma="rokonság" pos="NOUN">rokonságban</instance>
         <wf lemma="áll" pos="X">áll</wf>
         <wf lemma="egymással" pos="X">egymással</wf>
         <wf lemma="." pos="X">.</wf>
      </sentence>
      <sentence id="d000.s1468" source="wordnet-hungarian">
         <wf lemma="A" pos="X">A</wf>
         <wf lemma="klub" pos="X">klub</wf>
         <instance id="d000.s1468.t000" lemma="kincstárnok" pos="NOUN">kincstárnoka</instance>
         <wf lemma="gondoskodik" pos="X">gondoskodik</wf>
         <wf lemma="a" pos="X">a</wf>
         <wf lemma="tagdíjak" pos="X">tagdíjak</wf>
         <wf lemma="beszedéséről" pos="X">beszedéséről</wf>
         <wf lemma="és" pos="X">és</wf>
         <wf lemma="az" pos="X">az</wf>
         <wf lemma="egyesület" pos="X">egyesület</wf>
         <wf lemma="kiegyensúlyozott" pos="X">kiegyensúlyozott</wf>
         <wf lemma="működéséről" pos="X">működéséről</wf>
         <wf lemma="." pos="X">.</wf>
      </sentence>
      <sentence id="d000.s1469" source="wordnet-hungarian">
         <wf lemma="A" pos="X">A</wf>
         <wf lemma="kislány" pos="X">kislány</wf>
         <wf lemma="azt" pos="X">azt</wf>
         <instance id="d000.s1469.t000" lemma="énekel" pos="VERB">énekelte</instance>
         <wf lemma="," pos="X">,</wf>
         <wf lemma="hogy" pos="X">hogy</wf>
         <wf lemma="&quot;" pos="X">&quot;</wf>
         <wf lemma="Süss" pos="X">Süss</wf>
         <wf lemma="fel" pos="X">fel</wf>
         <wf lemma="nap" pos="X">nap</wf>
         <wf lemma="," pos="X">,</wf>
         <wf lemma="fényes" pos="X">fényes</wf>
         <wf lemma="nap" pos="X">nap</wf>
         <wf lemma="." pos="X">.</wf>
         <wf lemma="&quot;" pos="X">&quot;</wf>
         <wf lemma="." pos="X">.</wf>
      </sentence>
      <sentence id="d000.s1470" source="wordnet-hungarian">
         <wf lemma="zsarnoki" pos="X">zsarnoki</wf>
         <instance id="d000.s1470.t000" lemma="kormányzás" pos="NOUN">kormányzás</instance>
         <wf lemma="." pos="X">.</wf>
      </sentence>
      <sentence id="d000.s1471" source="wordnet-hungarian">
         <wf lemma="A" pos="X">A</wf>
         <wf lemma="szellő" pos="X">szellő</wf>
         <wf lemma="felkapta" pos="X">felkapta</wf>
         <wf lemma="és" pos="X">és</wf>
         <wf lemma="messzire" pos="X">messzire</wf>
         <instance id="d000.s1471.t000" lemma="visz" pos="VERB">vitte</instance>
         <wf lemma="a" pos="X">a</wf>
         <wf lemma="száraz" pos="X">száraz</wf>
         <wf lemma="faleveleket" pos="X">faleveleket</wf>
         <wf lemma="." pos="X">.</wf>
      </sentence>
      <sentence id="d000.s1472" source="wordnet-hungarian">
         <wf lemma="Megkapta" pos="X">Megkapta</wf>
         <wf lemma="a" pos="X">a</wf>
         <wf lemma="francia" pos="X">francia</wf>
         <instance id="d000.s1472.t000" lemma="állampolgárság" pos="NOUN">állampolgárságot</instance>
         <wf lemma="." pos="X">.</wf>
      </sentence>
      <sentence id="d000.s1473" source="wordnet-hungarian">
         <wf lemma="A" pos="X">A</wf>
         <instance id="d000.s1473.t000" lemma="munkáltató" pos="NOUN">munkáltatónak</instance>
         <wf lemma="is" pos="X">is</wf>
         <wf lemma="kötelessége" pos="X">kötelessége</wf>
         <wf lemma="betartani" pos="X">betartani</wf>
         <wf lemma="az" pos="X">az</wf>
         <wf lemma="alkalmazás" pos="X">alkalmazás</wf>
         <wf lemma="feltételeit" pos="X">feltételeit</wf>
         <wf lemma="." pos="X">.</wf>
      </sentence>
      <sentence id="d000.s1474" source="wordnet-hungarian">
         <wf lemma="Túl" pos="X">Túl</wf>
         <wf lemma="nagy" pos="X">nagy</wf>
         <instance id="d000.s1474.t000" lemma="matrac" pos="NOUN">matracot</instance>
         <wf lemma="vásárolt" pos="X">vásárolt</wf>
         <wf lemma="az" pos="X">az</wf>
         <wf lemma="ágyhoz" pos="X">ágyhoz</wf>
         <wf lemma="." pos="X">.</wf>
      </sentence>
      <sentence id="d000.s1475" source="wordnet-hungarian">
         <wf lemma="A" pos="X">A</wf>
         <wf lemma="falu" pos="X">falu</wf>
         <wf lemma="azon" pos="X">azon</wf>
         <wf lemma="a" pos="X">a</wf>
         <wf lemma="dombon" pos="X">dombon</wf>
         <wf lemma="túl" pos="X">túl</wf>
         <instance id="d000.s1475.t000" lemma="kezdődik" pos="VERB">kezdődik</instance>
         <wf lemma="." pos="X">.</wf>
      </sentence>
      <sentence id="d000.s1476" source="wordnet-hungarian">
         <wf lemma="A" pos="X">A</wf>
         <instance id="d000.s1476.t000" lemma="vitorlázó" pos="NOUN">vitorlázók</instance>
         <wf lemma="gyorsan" pos="X">gyorsan</wf>
         <wf lemma="eltűntek" pos="X">eltűntek</wf>
         <wf lemma="a" pos="X">a</wf>
         <wf lemma="nagy" pos="X">nagy</wf>
         <wf lemma="szélben" pos="X">szélben</wf>
         <wf lemma="." pos="X">.</wf>
      </sentence>
      <sentence id="d000.s1477" source="wordnet-hungarian">
         <wf lemma="Most" pos="X">Most</wf>
         <wf lemma="akciós" pos="X">akciós</wf>
         <wf lemma="áron" pos="X">áron</wf>
         <wf lemma="juthat" pos="X">juthat</wf>
         <wf lemma="hozzá" pos="X">hozzá</wf>
         <wf lemma="nálunk" pos="X">nálunk</wf>
         <wf lemma="legújabb" pos="X">legújabb</wf>
         <instance id="d000.s1477.t000" lemma="gépjármű" pos="NOUN">gépjárművéhez</instance>
         <wf lemma="." pos="X">.</wf>
      </sentence>
      <sentence id="d000.s1478" source="wordnet-hungarian">
         <wf lemma="A" pos="X">A</wf>
         <wf lemma="piszkos" pos="X">piszkos</wf>
         <wf lemma="munka" pos="X">munka</wf>
         <wf lemma="mindig" pos="X">mindig</wf>
         <wf lemma="Ödönre" pos="X">Ödönre</wf>
         <instance id="d000.s1478.t000" lemma="marad" pos="VERB">maradt</instance>
         <wf lemma="." pos="X">.</wf>
      </sentence>
      <sentence id="d000.s1479" source="wordnet-hungarian">
         <wf lemma="A" pos="X">A</wf>
         <wf lemma="katonák" pos="X">katonák</wf>
         <instance id="d000.s1479.t000" lemma="elpusztít" pos="VERB">elpusztították</instance>
         <wf lemma="a" pos="X">a</wf>
         <wf lemma="várost" pos="X">várost</wf>
         <wf lemma="." pos="X">.</wf>
      </sentence>
      <sentence id="d000.s1480" source="wordnet-hungarian">
         <wf lemma="A" pos="X">A</wf>
         <instance id="d000.s1480.t000" lemma="nyomdászat" pos="NOUN">nyomdászatnak</instance>
         <wf lemma="nagy" pos="X">nagy</wf>
         <wf lemma="múltja" pos="X">múltja</wf>
         <wf lemma="van" pos="X">van</wf>
         <wf lemma="ebben" pos="X">ebben</wf>
         <wf lemma="városban" pos="X">városban</wf>
         <wf lemma="." pos="X">.</wf>
      </sentence>
      <sentence id="d000.s1481" source="wordnet-hungarian">
         <wf lemma="Az" pos="X">Az</wf>
         <wf lemma="első" pos="X">első</wf>
         <instance id="d000.s1481.t000" lemma="félidő" pos="NOUN">félidőben</instance>
         <wf lemma="nem" pos="X">nem</wf>
         <wf lemma="esett" pos="X">esett</wf>
         <wf lemma="gól" pos="X">gól</wf>
         <wf lemma="." pos="X">.</wf>
      </sentence>
      <sentence id="d000.s1482" source="wordnet-hungarian">
         <wf lemma="Az" pos="X">Az</wf>
         <wf lemma="egyházmegye" pos="X">egyházmegye</wf>
         <wf lemma="papsága" pos="X">papsága</wf>
         <wf lemma="köszönti" pos="X">köszönti</wf>
         <wf lemma="Veres" pos="X">Veres</wf>
         <wf lemma="András" pos="X">András</wf>
         <wf lemma="szombathelyi" pos="X">szombathelyi</wf>
         <wf lemma="megyés" pos="X">megyés</wf>
         <instance id="d000.s1482.t000" lemma="püspök" pos="NOUN">püspököt</instance>
         <wf lemma="főpásztori" pos="X">főpásztori</wf>
         <wf lemma="beiktatásán" pos="X">beiktatásán</wf>
         <wf lemma="." pos="X">.</wf>
      </sentence>
      <sentence id="d000.s1483" source="wordnet-hungarian">
         <wf lemma="Az" pos="X">Az</wf>
         <wf lemma="Alkaida" pos="X">Alkaida</wf>
         <wf lemma="terrorszervezet" pos="X">terrorszervezet</wf>
         <wf lemma="követte" pos="X">követte</wf>
         <wf lemma="el" pos="X">el</wf>
         <wf lemma="a" pos="X">a</wf>
         <wf lemma="szaudi" pos="X">szaudi</wf>
         <instance id="d000.s1483.t000" lemma="olajfinomító" pos="NOUN">olajfinomító</instance>
         <wf lemma="elleni" pos="X">elleni</wf>
         <wf lemma="robbantást" pos="X">robbantást</wf>
         <wf lemma="." pos="X">.</wf>
      </sentence>
      <sentence id="d000.s1484" source="wordnet-hungarian">
         <wf lemma="A" pos="X">A</wf>
         <instance id="d000.s1484.t000" lemma="díjlovaglás" pos="NOUN">díjlovaglás</instance>
         <wf lemma="leglátványosabb" pos="X">leglátványosabb</wf>
         <wf lemma="formája" pos="X">formája</wf>
         <wf lemma="az" pos="X">az</wf>
         <wf lemma="úgynevezett" pos="X">úgynevezett</wf>
         <wf lemma="Zenés" pos="X">Zenés</wf>
         <wf lemma="Kűr." pos="X">Kűr.</wf>
      </sentence>
      <sentence id="d000.s1485" source="wordnet-hungarian">
         <wf lemma="A" pos="X">A</wf>
         <wf lemma="balesetben" pos="X">balesetben</wf>
         <wf lemma="a" pos="X">a</wf>
         <wf lemma="nagy" pos="X">nagy</wf>
         <instance id="d000.s1485.t000" lemma="lökés" pos="NOUN">lökés</instance>
         <wf lemma="lerepítette" pos="X">lerepítette</wf>
         <wf lemma="a" pos="X">a</wf>
         <wf lemma="motorról" pos="X">motorról</wf>
         <wf lemma="." pos="X">.</wf>
      </sentence>
      <sentence id="d000.s1486" source="wordnet-hungarian">
         <wf lemma="Ha" pos="X">Ha</wf>
         <wf lemma="meg" pos="X">meg</wf>
         <wf lemma="akarod" pos="X">akarod</wf>
         <wf lemma="nézni" pos="X">nézni</wf>
         <wf lemma="," pos="X">,</wf>
         <wf lemma="hogy" pos="X">hogy</wf>
         <wf lemma="az" pos="X">az</wf>
         <instance id="d000.s1486.t000" lemma="antimon" pos="NOUN">antimon</instance>
         <wf lemma="üvegesen" pos="X">üvegesen</wf>
         <wf lemma="átlátszó-e" pos="X">átlátszó-e</wf>
         <wf lemma="már" pos="X">már</wf>
         <wf lemma="," pos="X">,</wf>
         <wf lemma="márts" pos="X">márts</wf>
         <wf lemma="bele" pos="X">bele</wf>
         <wf lemma="egy" pos="X">egy</wf>
         <wf lemma="hosszú" pos="X">hosszú</wf>
         <wf lemma="," pos="X">,</wf>
         <wf lemma="hideg" pos="X">hideg</wf>
         <wf lemma="vasdarabot" pos="X">vasdarabot</wf>
         <wf lemma="," pos="X">,</wf>
         <wf lemma="és" pos="X">és</wf>
         <wf lemma="nézd" pos="X">nézd</wf>
         <wf lemma="meg" pos="X">meg</wf>
         <wf lemma="jól" pos="X">jól</wf>
         <wf lemma="a" pos="X">a</wf>
         <wf lemma="ráakaszkodó" pos="X">ráakaszkodó</wf>
         <wf lemma="antimont" pos="X">antimont</wf>
         <wf lemma="." pos="X">.</wf>
      </sentence>
      <sentence id="d000.s1487" source="wordnet-hungarian">
         <wf lemma="Nem" pos="X">Nem</wf>
         <wf lemma="lehetett" pos="X">lehetett</wf>
         <wf lemma="találni" pos="X">találni</wf>
         <wf lemma="az" pos="X">az</wf>
         <wf lemma="egész" pos="X">egész</wf>
         <wf lemma="városban" pos="X">városban</wf>
         <wf lemma="egy" pos="X">egy</wf>
         <instance id="d000.s1487.t000" lemma="akupunktúra" pos="NOUN">akupunktúrához</instance>
         <wf lemma="értő" pos="X">értő</wf>
         <wf lemma="orvost" pos="X">orvost</wf>
         <wf lemma="." pos="X">.</wf>
      </sentence>
      <sentence id="d000.s1488" source="wordnet-hungarian">
         <wf lemma="A" pos="X">A</wf>
         <wf lemma="közetek" pos="X">közetek</wf>
         <wf lemma="keménységi" pos="X">keménységi</wf>
         <instance id="d000.s1488.t000" lemma="mutató" pos="NOUN">mutatóját</instance>
         <wf lemma="a" pos="X">a</wf>
         <wf lemma="3." pos="X">3.</wf>
         <wf lemma="táblázatban" pos="X">táblázatban</wf>
         <wf lemma="találod" pos="X">találod</wf>
         <wf lemma="." pos="X">.</wf>
      </sentence>
      <sentence id="d000.s1489" source="wordnet-hungarian">
         <wf lemma="A" pos="X">A</wf>
         <wf lemma="város" pos="X">város</wf>
         <wf lemma="délre" pos="X">délre</wf>
         <instance id="d000.s1489.t000" lemma="esik" pos="VERB">esik</instance>
         <wf lemma="." pos="X">.</wf>
      </sentence>
      <sentence id="d000.s1490" source="wordnet-hungarian">
         <wf lemma="Az" pos="X">Az</wf>
         <instance id="d000.s1490.t000" lemma="após" pos="NOUN">apósommal</instance>
         <wf lemma="mindig" pos="X">mindig</wf>
         <wf lemma="elszívunk" pos="X">elszívunk</wf>
         <wf lemma="egy" pos="X">egy</wf>
         <wf lemma="jó" pos="X">jó</wf>
         <wf lemma="pipát" pos="X">pipát</wf>
         <wf lemma="a" pos="X">a</wf>
         <wf lemma="vasárnapi" pos="X">vasárnapi</wf>
         <wf lemma="ebéd" pos="X">ebéd</wf>
         <wf lemma="után" pos="X">után</wf>
         <wf lemma="." pos="X">.</wf>
      </sentence>
      <sentence id="d000.s1491" source="wordnet-hungarian">
         <wf lemma="Ezek" pos="X">Ezek</wf>
         <wf lemma="bizony" pos="X">bizony</wf>
         <wf lemma="a" pos="X">a</wf>
         <wf lemma="szív" pos="X">szív</wf>
         <instance id="d000.s1491.t000" lemma="dolog" pos="NOUN">dolgai</instance>
         <wf lemma=";" pos="X">;</wf>
         <wf lemma="ésszel" pos="X">ésszel</wf>
         <wf lemma="nem" pos="X">nem</wf>
         <wf lemma="foghatod" pos="X">foghatod</wf>
         <wf lemma="fel" pos="X">fel</wf>
         <wf lemma="őket" pos="X">őket</wf>
         <wf lemma="." pos="X">.</wf>
      </sentence>
      <sentence id="d000.s1492" source="wordnet-hungarian">
         <wf lemma="A" pos="X">A</wf>
         <instance id="d000.s1492.t000" lemma="szukcesszió" pos="NOUN">szukcesszió</instance>
         <wf lemma="lehet" pos="X">lehet</wf>
         <wf lemma="természetes" pos="X">természetes</wf>
         <wf lemma="vagy" pos="X">vagy</wf>
         <wf lemma="emberi" pos="X">emberi</wf>
         <wf lemma="beavatkozás" pos="X">beavatkozás</wf>
         <wf lemma="hatására" pos="X">hatására</wf>
         <wf lemma="beinduló" pos="X">beinduló</wf>
         <wf lemma="folyamat" pos="X">folyamat</wf>
         <wf lemma="." pos="X">.</wf>
      </sentence>
      <sentence id="d000.s1493" source="wordnet-hungarian">
         <wf lemma="A" pos="X">A</wf>
         <wf lemma="zúzott" pos="X">zúzott</wf>
         <wf lemma="póréleveleket" pos="X">póréleveleket</wf>
         <wf lemma="köszvény" pos="X">köszvény</wf>
         <wf lemma="és" pos="X">és</wf>
         <instance id="d000.s1493.t000" lemma="lumbágó" pos="NOUN">lumbágó</instance>
         <wf lemma="gyógyítására" pos="X">gyógyítására</wf>
         <wf lemma="," pos="X">,</wf>
         <wf lemma="borogatás" pos="X">borogatás</wf>
         <wf lemma="," pos="X">,</wf>
         <wf lemma="pakolás" pos="X">pakolás</wf>
         <wf lemma="formájában" pos="X">formájában</wf>
         <wf lemma="alkalmazzák" pos="X">alkalmazzák</wf>
         <wf lemma="." pos="X">.</wf>
      </sentence>
      <sentence id="d000.s1494" source="wordnet-hungarian">
         <wf lemma="Az" pos="X">Az</wf>
         <instance id="d000.s1494.t000" lemma="ale" pos="NOUN">ale</instance>
         <wf lemma="több" pos="X">több</wf>
         <wf lemma="alkoholt" pos="X">alkoholt</wf>
         <wf lemma="tartalmaznak" pos="X">tartalmaznak</wf>
         <wf lemma="mint" pos="X">mint</wf>
         <wf lemma="a" pos="X">a</wf>
         <wf lemma="láger" pos="X">láger</wf>
         <wf lemma="sörök" pos="X">sörök</wf>
         <wf lemma="." pos="X">.</wf>
      </sentence>
      <sentence id="d000.s1495" source="wordnet-hungarian">
         <wf lemma="Sok" pos="X">Sok</wf>
         <instance id="d000.s1495.t000" lemma="mézeskalács" pos="NOUN">mézeskalács</instance>
         <wf lemma="került" pos="X">került</wf>
         <wf lemma="fel" pos="X">fel</wf>
         <wf lemma="a" pos="X">a</wf>
         <wf lemma="karácsonyfára" pos="X">karácsonyfára</wf>
         <wf lemma="," pos="X">,</wf>
         <wf lemma="volt" pos="X">volt</wf>
         <wf lemma="ott" pos="X">ott</wf>
         <wf lemma="csillag" pos="X">csillag</wf>
         <wf lemma="," pos="X">,</wf>
         <wf lemma="harang" pos="X">harang</wf>
         <wf lemma="és" pos="X">és</wf>
         <wf lemma="angyalka" pos="X">angyalka</wf>
         <wf lemma="is" pos="X">is</wf>
         <wf lemma="." pos="X">.</wf>
      </sentence>
      <sentence id="d000.s1496" source="wordnet-hungarian">
         <instance id="d000.s1496.t000" lemma="postakocsi" pos="NOUN">Postakocsival</instance>
         <wf lemma="utazták" pos="X">utazták</wf>
         <wf lemma="át" pos="X">át</wf>
         <wf lemma="a" pos="X">a</wf>
         <wf lemma="fél" pos="X">fél</wf>
         <wf lemma="országot" pos="X">országot</wf>
         <wf lemma="." pos="X">.</wf>
      </sentence>
      <sentence id="d000.s1497" source="wordnet-hungarian">
         <wf lemma="Ezt" pos="X">Ezt</wf>
         <wf lemma="me" pos="X">me</wf>
         <wf lemma="g" pos="X">g</wf>
         <wf lemma="hogy" pos="X">hogy</wf>
         <instance id="d000.s1497.t000" lemma="ért" pos="VERB">értsem</instance>
         <wf lemma="?" pos="X">?</wf>
      </sentence>
      <sentence id="d000.s1498" source="wordnet-hungarian">
         <wf lemma="Most" pos="X">Most</wf>
         <wf lemma="tanulok" pos="X">tanulok</wf>
         <instance id="d000.s1498.t000" lemma="neurológia" pos="NOUN">neurológiát</instance>
         <wf lemma="," pos="X">,</wf>
         <wf lemma="és" pos="X">és</wf>
         <wf lemma="ahhoz" pos="X">ahhoz</wf>
         <wf lemma="gyűjtöttem" pos="X">gyűjtöttem</wf>
         <wf lemma="anyagot" pos="X">anyagot</wf>
         <wf lemma="a" pos="X">a</wf>
         <wf lemma="sclerosis" pos="X">sclerosis</wf>
         <wf lemma="multiplex-szel" pos="X">multiplex-szel</wf>
         <wf lemma="kapcsolatban" pos="X">kapcsolatban</wf>
         <wf lemma="." pos="X">.</wf>
      </sentence>
      <sentence id="d000.s1499" source="wordnet-hungarian">
         <wf lemma="Egy" pos="X">Egy</wf>
         <wf lemma="súlyos" pos="X">súlyos</wf>
         <wf lemma="bukás" pos="X">bukás</wf>
         <wf lemma="következtében" pos="X">következtében</wf>
         <wf lemma="eltörte" pos="X">eltörte</wf>
         <wf lemma="bal" pos="X">bal</wf>
         <wf lemma="lába" pos="X">lába</wf>
         <instance id="d000.s1499.t000" lemma="sípcsont" pos="NOUN">sípcsontját</instance>
         <wf lemma="." pos="X">.</wf>
      </sentence>
      <sentence id="d000.s1500" source="wordnet-hungarian">
         <wf lemma="Nem" pos="X">Nem</wf>
         <instance id="d000.s1500.t000" lemma="ért" pos="VERB">értettem</instance>
         <wf lemma="jól" pos="X">jól</wf>
         <wf lemma="a" pos="X">a</wf>
         <wf lemma="nevedet" pos="X">nevedet</wf>
         <wf lemma="." pos="X">.</wf>
      </sentence>
      <sentence id="d000.s1501" source="wordnet-hungarian">
         <wf lemma="Nem" pos="X">Nem</wf>
         <wf lemma="könnyű" pos="X">könnyű</wf>
         <wf lemma="a" pos="X">a</wf>
         <instance id="d000.s1501.t000" lemma="domb" pos="NOUN">dombra</instance>
         <wf lemma="felbiciklizni" pos="X">felbiciklizni</wf>
         <wf lemma="." pos="X">.</wf>
      </sentence>
      <sentence id="d000.s1502" source="wordnet-hungarian">
         <wf lemma="A" pos="X">A</wf>
         <wf lemma="harmadik" pos="X">harmadik</wf>
         <wf lemma="nagy" pos="X">nagy</wf>
         <wf lemma="irányzat" pos="X">irányzat</wf>
         <wf lemma="," pos="X">,</wf>
         <wf lemma="a" pos="X">a</wf>
         <wf lemma="francia" pos="X">francia</wf>
         <instance id="d000.s1502.t000" lemma="jobboldal" pos="NOUN">jobboldal</instance>
         <wf lemma="egyik" pos="X">egyik</wf>
         <wf lemma="legkisebb" pos="X">legkisebb</wf>
         <wf lemma="pártja" pos="X">pártja</wf>
         <wf lemma="a" pos="X">a</wf>
         <wf lemma="DL" pos="X">DL</wf>
         <wf lemma="," pos="X">,</wf>
         <wf lemma="a" pos="X">a</wf>
         <wf lemma="Demokratikus" pos="X">Demokratikus</wf>
         <wf lemma="Liberalizmus" pos="X">Liberalizmus</wf>
         <wf lemma="." pos="X">.</wf>
      </sentence>
      <sentence id="d000.s1503" source="wordnet-hungarian">
         <wf lemma="Egy" pos="X">Egy</wf>
         <instance id="d000.s1503.t000" lemma="köztársaság" pos="NOUN">köztársaságban</instance>
         <wf lemma="rendszerint" pos="X">rendszerint</wf>
         <wf lemma="az" pos="X">az</wf>
         <wf lemma="elnök" pos="X">elnök</wf>
         <wf lemma="az" pos="X">az</wf>
         <wf lemma="állam" pos="X">állam</wf>
         <wf lemma="feje" pos="X">feje</wf>
         <wf lemma="." pos="X">.</wf>
      </sentence>
      <sentence id="d000.s1504" source="wordnet-hungarian">
         <wf lemma="A" pos="X">A</wf>
         <instance id="d000.s1504.t000" lemma="segély" pos="NOUN">segély</instance>
         <wf lemma="időben" pos="X">időben</wf>
         <wf lemma="megérkezett" pos="X">megérkezett</wf>
         <wf lemma="," pos="X">,</wf>
         <wf lemma="így" pos="X">így</wf>
         <wf lemma="ki" pos="X">ki</wf>
         <wf lemma="tudták" pos="X">tudták</wf>
         <wf lemma="fizetni" pos="X">fizetni</wf>
         <wf lemma="a" pos="X">a</wf>
         <wf lemma="villanyszámlát" pos="X">villanyszámlát</wf>
         <wf lemma="." pos="X">.</wf>
      </sentence>
      <sentence id="d000.s1505" source="wordnet-hungarian">
         <wf lemma="A" pos="X">A</wf>
         <instance id="d000.s1505.t000" lemma="kereskedő" pos="NOUN">kereskedők</instance>
         <wf lemma="mindig" pos="X">mindig</wf>
         <wf lemma="a" pos="X">a</wf>
         <wf lemma="maguk" pos="X">maguk</wf>
         <wf lemma="hasznát" pos="X">hasznát</wf>
         <wf lemma="nézik" pos="X">nézik</wf>
         <wf lemma="." pos="X">.</wf>
      </sentence>
      <sentence id="d000.s1506" source="wordnet-hungarian">
         <wf lemma="A" pos="X">A</wf>
         <instance id="d000.s1506.t000" lemma="platán" pos="NOUN">platánokról</instance>
         <wf lemma="tartott" pos="X">tartott</wf>
         <wf lemma="beszámolója" pos="X">beszámolója</wf>
         <wf lemma="nem" pos="X">nem</wf>
         <wf lemma="érdekelt" pos="X">érdekelt</wf>
         <wf lemma="senkit" pos="X">senkit</wf>
         <wf lemma="sem" pos="X">sem</wf>
         <wf lemma="." pos="X">.</wf>
      </sentence>
      <sentence id="d000.s1507" source="wordnet-hungarian">
         <wf lemma="Ne" pos="X">Ne</wf>
         <wf lemma="zavard" pos="X">zavard</wf>
         <wf lemma="," pos="X">,</wf>
         <wf lemma="éppen" pos="X">éppen</wf>
         <instance id="d000.s1507.t000" lemma="alkot" pos="VERB">alkot</instance>
         <wf lemma="." pos="X">.</wf>
      </sentence>
      <sentence id="d000.s1508" source="wordnet-hungarian">
         <instance id="d000.s1508.t000" lemma="esik" pos="VERB">Esnek</instance>
         <wf lemma="a" pos="X">a</wf>
         <wf lemma="részvények" pos="X">részvények</wf>
         <wf lemma="." pos="X">.</wf>
      </sentence>
      <sentence id="d000.s1509" source="wordnet-hungarian">
         <wf lemma="A" pos="X">A</wf>
         <instance id="d000.s1509.t000" lemma="számvitel" pos="NOUN">számvitel</instance>
         <wf lemma="(" pos="X">(</wf>
         <wf lemma="könyvvitel" pos="X">könyvvitel</wf>
         <wf lemma=")" pos="X">)</wf>
         <wf lemma="gyűjti" pos="X">gyűjti</wf>
         <wf lemma="," pos="X">,</wf>
         <wf lemma="rögzíti" pos="X">rögzíti</wf>
         <wf lemma="," pos="X">,</wf>
         <wf lemma="rendszerezi" pos="X">rendszerezi</wf>
         <wf lemma="és" pos="X">és</wf>
         <wf lemma="bemutatja" pos="X">bemutatja</wf>
         <wf lemma="egy" pos="X">egy</wf>
         <wf lemma="gazdasági" pos="X">gazdasági</wf>
         <wf lemma="egység" pos="X">egység</wf>
         <wf lemma="(" pos="X">(</wf>
         <wf lemma="vállalat" pos="X">vállalat</wf>
         <wf lemma="," pos="X">,</wf>
         <wf lemma="szövetkezet" pos="X">szövetkezet</wf>
         <wf lemma="," pos="X">,</wf>
         <wf lemma="egyesület" pos="X">egyesület</wf>
         <wf lemma="," pos="X">,</wf>
         <wf lemma="közintézmény" pos="X">közintézmény</wf>
         <wf lemma="stb." pos="X">stb.</wf>
         <wf lemma=")" pos="X">)</wf>
         <wf lemma="vagyonára" pos="X">vagyonára</wf>
         <wf lemma="és" pos="X">és</wf>
         <wf lemma="eredményességére" pos="X">eredményességére</wf>
         <wf lemma="vonatkozó" pos="X">vonatkozó</wf>
         <wf lemma="adatokat" pos="X">adatokat</wf>
         <wf lemma="." pos="X">.</wf>
      </sentence>
      <sentence id="d000.s1510" source="wordnet-hungarian">
         <wf lemma="Az" pos="X">Az</wf>
         <wf lemma="óvszer" pos="X">óvszer</wf>
         <instance id="d000.s1510.t000" lemma="használat" pos="NOUN">használata</instance>
         <wf lemma="megvéd" pos="X">megvéd</wf>
         <wf lemma="a" pos="X">a</wf>
         <wf lemma="nemi" pos="X">nemi</wf>
         <wf lemma="betegségektől" pos="X">betegségektől</wf>
         <wf lemma="." pos="X">.</wf>
      </sentence>
      <sentence id="d000.s1511" source="wordnet-hungarian">
         <wf lemma="A" pos="X">A</wf>
         <wf lemma="kabát" pos="X">kabát</wf>
         <instance id="d000.s1511.t000" lemma="belső" pos="NOUN">belső</instance>
         <wf lemma="része" pos="X">része</wf>
         <wf lemma="bélelt" pos="X">bélelt</wf>
         <wf lemma="." pos="X">.</wf>
      </sentence>
      <sentence id="d000.s1512" source="wordnet-hungarian">
         <wf lemma="A" pos="X">A</wf>
         <wf lemma="forint" pos="X">forint</wf>
         <instance id="d000.s1512.t000" lemma="árfolyam" pos="NOUN">árfolyama</instance>
         <wf lemma="nagyon" pos="X">nagyon</wf>
         <wf lemma="sokat" pos="X">sokat</wf>
         <wf lemma="romlott" pos="X">romlott</wf>
         <wf lemma="az" pos="X">az</wf>
         <wf lemma="utóbbi" pos="X">utóbbi</wf>
         <wf lemma="időben" pos="X">időben</wf>
         <wf lemma="." pos="X">.</wf>
      </sentence>
      <sentence id="d000.s1513" source="wordnet-hungarian">
         <wf lemma="Megnézte" pos="X">Megnézte</wf>
         <wf lemma="az" pos="X">az</wf>
         <wf lemma="ellenfeléről" pos="X">ellenfeléről</wf>
         <wf lemma="készült" pos="X">készült</wf>
         <instance id="d000.s1513.t000" lemma="feljegyzés" pos="NOUN">feljegyzéseket</instance>
         <wf lemma="." pos="X">.</wf>
      </sentence>
      <sentence id="d000.s1514" source="wordnet-hungarian">
         <wf lemma="Több" pos="X">Több</wf>
         <wf lemma="nem" pos="X">nem</wf>
         <wf lemma="fogadott" pos="X">fogadott</wf>
         <instance id="d000.s1514.t000" lemma="hívás" pos="NOUN">hívása</instance>
         <wf lemma="volt" pos="X">volt</wf>
         <wf lemma="." pos="X">.</wf>
      </sentence>
      <sentence id="d000.s1515" source="wordnet-hungarian">
         <wf lemma="A" pos="X">A</wf>
         <instance id="d000.s1515.t000" lemma="kolibri" pos="NOUN">kolibri</instance>
         <wf lemma="a" pos="X">a</wf>
         <wf lemma="Föld" pos="X">Föld</wf>
         <wf lemma="egyik" pos="X">egyik</wf>
         <wf lemma="legkisebb" pos="X">legkisebb</wf>
         <wf lemma="madara" pos="X">madara</wf>
         <wf lemma="." pos="X">.</wf>
      </sentence>
      <sentence id="d000.s1516" source="wordnet-hungarian">
         <instance id="d000.s1516.t000" lemma="szív" pos="NOUN">Szívet</instance>
         <wf lemma="rajzolt" pos="X">rajzolt</wf>
         <wf lemma="a" pos="X">a</wf>
         <wf lemma="homokba" pos="X">homokba</wf>
         <wf lemma="," pos="X">,</wf>
         <wf lemma="hogy" pos="X">hogy</wf>
         <wf lemma="kimutassa" pos="X">kimutassa</wf>
         <wf lemma="érzelmeit" pos="X">érzelmeit</wf>
         <wf lemma="a" pos="X">a</wf>
         <wf lemma="kislánynak" pos="X">kislánynak</wf>
         <wf lemma="." pos="X">.</wf>
      </sentence>
      <sentence id="d000.s1517" source="wordnet-hungarian">
         <wf lemma="A" pos="X">A</wf>
         <wf lemma="forgalmi" pos="X">forgalmi</wf>
         <wf lemma="dugóban" pos="X">dugóban</wf>
         <wf lemma="idegesen" pos="X">idegesen</wf>
         <instance id="d000.s1517.t000" lemma="dudál" pos="VERB">dudált</instance>
         <wf lemma="a" pos="X">a</wf>
         <wf lemma="trabantos" pos="X">trabantos</wf>
         <wf lemma="." pos="X">.</wf>
      </sentence>
      <sentence id="d000.s1518" source="wordnet-hungarian">
         <wf lemma="Nem" pos="X">Nem</wf>
         <wf lemma="tart" pos="X">tart</wf>
         <wf lemma="tovább" pos="X">tovább</wf>
         <wf lemma="egy" pos="X">egy</wf>
         <instance id="d000.s1518.t000" lemma="óra" pos="NOUN">óránál</instance>
         <wf lemma="." pos="X">.</wf>
      </sentence>
      <sentence id="d000.s1519" source="wordnet-hungarian">
         <wf lemma="Tűzszünetet" pos="X">Tűzszünetet</wf>
         <wf lemma="követelnek" pos="X">követelnek</wf>
         <wf lemma="a" pos="X">a</wf>
         <wf lemma="budapesti" pos="X">budapesti</wf>
         <wf lemma="arab" pos="X">arab</wf>
         <instance id="d000.s1519.t000" lemma="nagykövet" pos="NOUN">nagykövetek</instance>
         <wf lemma="." pos="X">.</wf>
      </sentence>
      <sentence id="d000.s1520" source="wordnet-hungarian">
         <wf lemma="Bőre" pos="X">Bőre</wf>
         <wf lemma="az" pos="X">az</wf>
         <instance id="d000.s1520.t000" lemma="alabástrom" pos="NOUN">alabástrom</instance>
         <wf lemma="színéhez" pos="X">színéhez</wf>
         <wf lemma="volt" pos="X">volt</wf>
         <wf lemma="hasonlatos" pos="X">hasonlatos</wf>
         <wf lemma="." pos="X">.</wf>
      </sentence>
      <sentence id="d000.s1521" source="wordnet-hungarian">
         <wf lemma="Kérem" pos="X">Kérem</wf>
         <wf lemma="a" pos="X">a</wf>
         <instance id="d000.s1521.t000" lemma="dokumentum" pos="NOUN">dokumentumait</instance>
         <wf lemma="ellenőrzésre" pos="X">ellenőrzésre</wf>
         <wf lemma="!" pos="X">!</wf>
      </sentence>
      <sentence id="d000.s1522" source="wordnet-hungarian">
         <wf lemma="A" pos="X">A</wf>
         <wf lemma="középső" pos="X">középső</wf>
         <instance id="d000.s1522.t000" lemma="pedál" pos="NOUN">pedál</instance>
         <wf lemma="a" pos="X">a</wf>
         <wf lemma="fék" pos="X">fék</wf>
         <wf lemma="." pos="X">.</wf>
      </sentence>
      <sentence id="d000.s1523" source="wordnet-hungarian">
         <wf lemma="Az" pos="X">Az</wf>
         <wf lemma="avokádót" pos="X">avokádót</wf>
         <wf lemma="felezze" pos="X">felezze</wf>
         <wf lemma="meg" pos="X">meg</wf>
         <wf lemma="," pos="X">,</wf>
         <wf lemma="a" pos="X">a</wf>
         <wf lemma="magot" pos="X">magot</wf>
         <wf lemma="távolítsa" pos="X">távolítsa</wf>
         <wf lemma="el" pos="X">el</wf>
         <wf lemma="," pos="X">,</wf>
         <wf lemma="a" pos="X">a</wf>
         <wf lemma="gyümölcs" pos="X">gyümölcs</wf>
         <wf lemma="húsát" pos="X">húsát</wf>
         <wf lemma="pedig" pos="X">pedig</wf>
         <wf lemma="kanállal" pos="X">kanállal</wf>
         <wf lemma="," pos="X">,</wf>
         <wf lemma="óvatosan" pos="X">óvatosan</wf>
         <wf lemma="válassza" pos="X">válassza</wf>
         <wf lemma="el" pos="X">el</wf>
         <wf lemma="a" pos="X">a</wf>
         <instance id="d000.s1523.t000" lemma="héj" pos="NOUN">héjától</instance>
         <wf lemma="!" pos="X">!</wf>
      </sentence>
      <sentence id="d000.s1524" source="wordnet-hungarian">
         <wf lemma="A" pos="X">A</wf>
         <instance id="d000.s1524.t000" lemma="reakció" pos="NOUN">reakciója</instance>
         <wf lemma="a" pos="X">a</wf>
         <wf lemma="hírekre" pos="X">hírekre</wf>
         <wf lemma="az" pos="X">az</wf>
         <wf lemma="volt" pos="X">volt</wf>
         <wf lemma="," pos="X">,</wf>
         <wf lemma="hogy" pos="X">hogy</wf>
         <wf lemma="elkezdte" pos="X">elkezdte</wf>
         <wf lemma="tervezgetni" pos="X">tervezgetni</wf>
         <wf lemma="mit" pos="X">mit</wf>
         <wf lemma="is" pos="X">is</wf>
         <wf lemma="csináljon" pos="X">csináljon</wf>
         <wf lemma="megtakarított" pos="X">megtakarított</wf>
         <wf lemma="pénzével" pos="X">pénzével</wf>
         <wf lemma="." pos="X">.</wf>
      </sentence>
      <sentence id="d000.s1525" source="wordnet-hungarian">
         <instance id="d000.s1525.t000" lemma="vesz" pos="VERB">Vetted</instance>
         <wf lemma="," pos="X">,</wf>
         <wf lemma="ahogy" pos="X">ahogy</wf>
         <wf lemma="fejest" pos="X">fejest</wf>
         <wf lemma="ugrottam" pos="X">ugrottam</wf>
         <wf lemma="a" pos="X">a</wf>
         <wf lemma="lagúnába" pos="X">lagúnába</wf>
         <wf lemma="?" pos="X">?</wf>
      </sentence>
      <sentence id="d000.s1526" source="wordnet-hungarian">
         <wf lemma="Nem" pos="X">Nem</wf>
         <wf lemma="akarta" pos="X">akarta</wf>
         <wf lemma="aláírni" pos="X">aláírni</wf>
         <wf lemma="a" pos="X">a</wf>
         <instance id="d000.s1526.t000" lemma="kötelezvény" pos="NOUN">kötelezvényt</instance>
         <wf lemma="." pos="X">.</wf>
      </sentence>
      <sentence id="d000.s1527" source="wordnet-hungarian">
         <wf lemma="A" pos="X">A</wf>
         <wf lemma="friss" pos="X">friss</wf>
         <instance id="d000.s1527.t000" lemma="gyömbér" pos="NOUN">gyömbér</instance>
         <wf lemma="a" pos="X">a</wf>
         <wf lemma="legtöbb" pos="X">legtöbb</wf>
         <wf lemma="nagyobb" pos="X">nagyobb</wf>
         <wf lemma="itthoni" pos="X">itthoni</wf>
         <wf lemma="áruház" pos="X">áruház</wf>
         <wf lemma="zöldségosztályán" pos="X">zöldségosztályán</wf>
         <wf lemma="már" pos="X">már</wf>
         <wf lemma="kapható" pos="X">kapható</wf>
         <wf lemma="." pos="X">.</wf>
      </sentence>
      <sentence id="d000.s1528" source="wordnet-hungarian">
         <wf lemma="A" pos="X">A</wf>
         <wf lemma="nem" pos="X">nem</wf>
         <wf lemma="konvergens" pos="X">konvergens</wf>
         <wf lemma="sorozatok" pos="X">sorozatok</wf>
         <instance id="d000.s1528.t000" lemma="divergál" pos="VERB">divergálnak</instance>
         <wf lemma="." pos="X">.</wf>
      </sentence>
      <sentence id="d000.s1529" source="wordnet-hungarian">
         <wf lemma="Ezt" pos="X">Ezt</wf>
         <wf lemma="a" pos="X">a</wf>
         <wf lemma="szerszámot" pos="X">szerszámot</wf>
         <wf lemma="nem" pos="X">nem</wf>
         <wf lemma="erre" pos="X">erre</wf>
         <wf lemma="kell" pos="X">kell</wf>
         <instance id="d000.s1529.t000" lemma="használ" pos="VERB">használni</instance>
         <wf lemma="." pos="X">.</wf>
      </sentence>
      <sentence id="d000.s1530" source="wordnet-hungarian">
         <wf lemma="A" pos="X">A</wf>
         <instance id="d000.s1530.t000" lemma="kürtös" pos="NOUN">kürtösök</instance>
         <wf lemma="csak" pos="X">csak</wf>
         <wf lemma="az" pos="X">az</wf>
         <wf lemma="ötödik" pos="X">ötödik</wf>
         <wf lemma="szólamban" pos="X">szólamban</wf>
         <wf lemma="kapcsolódnak" pos="X">kapcsolódnak</wf>
         <wf lemma="be" pos="X">be</wf>
         <wf lemma="." pos="X">.</wf>
      </sentence>
      <sentence id="d000.s1531" source="wordnet-hungarian">
         <wf lemma="Dühét" pos="X">Dühét</wf>
         <wf lemma="a" pos="X">a</wf>
         <wf lemma="nála" pos="X">nála</wf>
         <wf lemma="gyengébbek" pos="X">gyengébbek</wf>
         <wf lemma="felé" pos="X">felé</wf>
         <instance id="d000.s1531.t000" lemma="irányít" pos="VERB">irányította</instance>
         <wf lemma="." pos="X">.</wf>
      </sentence>
      <sentence id="d000.s1532" source="wordnet-hungarian">
         <wf lemma="Az" pos="X">Az</wf>
         <wf lemma="elektromos" pos="X">elektromos</wf>
         <instance id="d000.s1532.t000" lemma="áram" pos="NOUN">áram</instance>
         <wf lemma="erősségét" pos="X">erősségét</wf>
         <wf lemma="amperben" pos="X">amperben</wf>
         <wf lemma="mérik" pos="X">mérik</wf>
         <wf lemma="." pos="X">.</wf>
      </sentence>
      <sentence id="d000.s1533" source="wordnet-hungarian">
         <wf lemma="Tilos" pos="X">Tilos</wf>
         <instance id="d000.s1533.t000" lemma="motorcsónak" pos="NOUN">motorcsónakkal</instance>
         <wf lemma="közlekedni" pos="X">közlekedni</wf>
         <wf lemma="a" pos="X">a</wf>
         <wf lemma="Balatonon" pos="X">Balatonon</wf>
         <wf lemma="." pos="X">.</wf>
      </sentence>
      <sentence id="d000.s1534" source="wordnet-hungarian">
         <wf lemma="A" pos="X">A</wf>
         <instance id="d000.s1534.t000" lemma="vegyület" pos="NOUN">vegyület</instance>
         <wf lemma="elszíneződött" pos="X">elszíneződött</wf>
         <wf lemma="." pos="X">.</wf>
      </sentence>
      <sentence id="d000.s1535" source="wordnet-hungarian">
         <wf lemma="A" pos="X">A</wf>
         <wf lemma="tavalyi" pos="X">tavalyi</wf>
         <wf lemma="első" pos="X">első</wf>
         <wf lemma="tíz" pos="X">tíz</wf>
         <wf lemma="hónap" pos="X">hónap</wf>
         <wf lemma="végén" pos="X">végén</wf>
         <wf lemma="1719" pos="X">1719</wf>
         <wf lemma="milliárd" pos="X">milliárd</wf>
         <wf lemma="lej" pos="X">lej</wf>
         <instance id="d000.s1535.t000" lemma="többlet" pos="NOUN">többletet</instance>
         <wf lemma="mutatott" pos="X">mutatott</wf>
         <wf lemma="a" pos="X">a</wf>
         <wf lemma="költségvetés" pos="X">költségvetés</wf>
         <wf lemma="." pos="X">.</wf>
      </sentence>
      <sentence id="d000.s1536" source="wordnet-hungarian">
         <wf lemma="A" pos="X">A</wf>
         <wf lemma="kalapom" pos="X">kalapom</wf>
         <wf lemma="999" pos="X">999</wf>
         <wf lemma="dollárba" pos="X">dollárba</wf>
         <instance id="d000.s1536.t000" lemma="kerül" pos="VERB">került</instance>
         <wf lemma="." pos="X">.</wf>
      </sentence>
      <sentence id="d000.s1537" source="wordnet-hungarian">
         <wf lemma="A" pos="X">A</wf>
         <instance id="d000.s1537.t000" lemma="malachit" pos="NOUN">malachit</instance>
         <wf lemma="sötét" pos="X">sötét</wf>
         <wf lemma="," pos="X">,</wf>
         <wf lemma="mályvazöld" pos="X">mályvazöld</wf>
         <wf lemma="színére" pos="X">színére</wf>
         <wf lemma="utaló" pos="X">utaló</wf>
         <wf lemma="neve" pos="X">neve</wf>
         <wf lemma="a" pos="X">a</wf>
         <wf lemma="mályvát" pos="X">mályvát</wf>
         <wf lemma="jelentő" pos="X">jelentő</wf>
         <wf lemma="görög" pos="X">görög</wf>
         <wf lemma="malakhosz" pos="X">malakhosz</wf>
         <wf lemma="szóból" pos="X">szóból</wf>
         <wf lemma="ered" pos="X">ered</wf>
         <wf lemma="." pos="X">.</wf>
      </sentence>
      <sentence id="d000.s1538" source="wordnet-hungarian">
         <wf lemma="Virágot" pos="X">Virágot</wf>
         <wf lemma="tett" pos="X">tett</wf>
         <wf lemma="a" pos="X">a</wf>
         <instance id="d000.s1538.t000" lemma="sírkő" pos="NOUN">sírkő</instance>
         <wf lemma="elé" pos="X">elé</wf>
         <wf lemma="." pos="X">.</wf>
      </sentence>
      <sentence id="d000.s1539" source="wordnet-hungarian">
         <wf lemma="A" pos="X">A</wf>
         <wf lemma="kerti" pos="X">kerti</wf>
         <instance id="d000.s1539.t000" lemma="boglárka" pos="NOUN">boglárkát</instance>
         <wf lemma="telt" pos="X">telt</wf>
         <wf lemma="sárga" pos="X">sárga</wf>
         <wf lemma="virágáért" pos="X">virágáért</wf>
         <wf lemma="dísznövénynek" pos="X">dísznövénynek</wf>
         <wf lemma="is" pos="X">is</wf>
         <wf lemma="tartják" pos="X">tartják</wf>
         <wf lemma="." pos="X">.</wf>
      </sentence>
      <sentence id="d000.s1540" source="wordnet-hungarian">
         <wf lemma="A" pos="X">A</wf>
         <wf lemma="remek" pos="X">remek</wf>
         <wf lemma="mezőny" pos="X">mezőny</wf>
         <wf lemma="," pos="X">,</wf>
         <wf lemma="a" pos="X">a</wf>
         <wf lemma="sok" pos="X">sok</wf>
         <wf lemma="esélyes" pos="X">esélyes</wf>
         <wf lemma="ló" pos="X">ló</wf>
         <wf lemma="végtelen" pos="X">végtelen</wf>
         <wf lemma="találgatásokra" pos="X">találgatásokra</wf>
         <wf lemma="késztette" pos="X">késztette</wf>
         <wf lemma="a" pos="X">a</wf>
         <instance id="d000.s1540.t000" lemma="fogadó" pos="NOUN">fogadókat</instance>
         <wf lemma="." pos="X">.</wf>
      </sentence>
      <sentence id="d000.s1541" source="wordnet-hungarian">
         <wf lemma="A" pos="X">A</wf>
         <wf lemma="piarista" pos="X">piarista</wf>
         <wf lemma="gimnázium" pos="X">gimnázium</wf>
         <wf lemma="növendékeit" pos="X">növendékeit</wf>
         <wf lemma="a" pos="X">a</wf>
         <instance id="d000.s1541.t000" lemma="tisztelettudás" pos="NOUN">tisztelettudás</instance>
         <wf lemma="és" pos="X">és</wf>
         <wf lemma="a" pos="X">a</wf>
         <wf lemma="tanáraik" pos="X">tanáraik</wf>
         <wf lemma="iránt" pos="X">iránt</wf>
         <wf lemma="mutatott" pos="X">mutatott</wf>
         <wf lemma="respektus" pos="X">respektus</wf>
         <wf lemma="jellemzi" pos="X">jellemzi</wf>
         <wf lemma="." pos="X">.</wf>
      </sentence>
      <sentence id="d000.s1542" source="wordnet-hungarian">
         <wf lemma="Erősen" pos="X">Erősen</wf>
         <wf lemma="konzervatív" pos="X">konzervatív</wf>
         <instance id="d000.s1542.t000" lemma="érték" pos="NOUN">értékeket</instance>
         <wf lemma="képvisel" pos="X">képvisel</wf>
         <wf lemma="." pos="X">.</wf>
      </sentence>
      <sentence id="d000.s1543" source="wordnet-hungarian">
         <wf lemma="Micimackó" pos="X">Micimackó</wf>
         <wf lemma="a" pos="X">a</wf>
         <instance id="d000.s1543.t000" lemma="brit" pos="NOUN">britek</instance>
         <wf lemma="kedvenc" pos="X">kedvenc</wf>
         <wf lemma="medvéje" pos="X">medvéje</wf>
         <wf lemma="." pos="X">.</wf>
      </sentence>
      <sentence id="d000.s1544" source="wordnet-hungarian">
         <wf lemma="A" pos="X">A</wf>
         <wf lemma="lap" pos="X">lap</wf>
         <instance id="d000.s1544.t000" lemma="szél" pos="NOUN">szélére</instance>
         <wf lemma="írta" pos="X">írta</wf>
         <wf lemma="a" pos="X">a</wf>
         <wf lemma="megjegyzéseket" pos="X">megjegyzéseket</wf>
         <wf lemma="." pos="X">.</wf>
      </sentence>
      <sentence id="d000.s1545" source="wordnet-hungarian">
         <instance id="d000.s1545.t000" lemma="akarat" pos="NOUN">Akaratukat</instance>
         <wf lemma="közös" pos="X">közös</wf>
         <wf lemma="kiáltványban" pos="X">kiáltványban</wf>
         <wf lemma="nyilvánították" pos="X">nyilvánították</wf>
         <wf lemma="ki" pos="X">ki</wf>
         <wf lemma="." pos="X">.</wf>
      </sentence>
      <sentence id="d000.s1546" source="wordnet-hungarian">
         <wf lemma="A" pos="X">A</wf>
         <wf lemma="rendőrség" pos="X">rendőrség</wf>
         <wf lemma="végül" pos="X">végül</wf>
         <instance id="d000.s1546.t000" lemma="gumibot" pos="NOUN">gumibottal</instance>
         <wf lemma="verte" pos="X">verte</wf>
         <wf lemma="szét" pos="X">szét</wf>
         <wf lemma="a" pos="X">a</wf>
         <wf lemma="tüntető" pos="X">tüntető</wf>
         <wf lemma="tömeget" pos="X">tömeget</wf>
         <wf lemma="." pos="X">.</wf>
      </sentence>
      <sentence id="d000.s1547" source="wordnet-hungarian">
         <wf lemma="Elfogták" pos="X">Elfogták</wf>
         <wf lemma="a" pos="X">a</wf>
         <instance id="d000.s1547.t000" lemma="gazember" pos="NOUN">gazembert</instance>
         <wf lemma="," pos="X">,</wf>
         <wf lemma="deresre" pos="X">deresre</wf>
         <wf lemma="húzták" pos="X">húzták</wf>
         <wf lemma="és" pos="X">és</wf>
         <wf lemma="rávertek" pos="X">rávertek</wf>
         <wf lemma="vagy" pos="X">vagy</wf>
         <wf lemma="huszonötöt" pos="X">huszonötöt</wf>
         <wf lemma="." pos="X">.</wf>
      </sentence>
      <sentence id="d000.s1548" source="wordnet-hungarian">
         <wf lemma="A" pos="X">A</wf>
         <wf lemma="két" pos="X">két</wf>
         <wf lemma="csapat" pos="X">csapat</wf>
         <instance id="d000.s1548.t000" lemma="egyesít" pos="VERB">egyesítette</instance>
         <wf lemma="tartalékait" pos="X">tartalékait</wf>
         <wf lemma="." pos="X">.</wf>
      </sentence>
      <sentence id="d000.s1549" source="wordnet-hungarian">
         <wf lemma="A" pos="X">A</wf>
         <wf lemma="közgazdászok" pos="X">közgazdászok</wf>
         <wf lemma="azonban" pos="X">azonban</wf>
         <wf lemma="elutasítják" pos="X">elutasítják</wf>
         <wf lemma="a" pos="X">a</wf>
         <instance id="d000.s1549.t000" lemma="holizmus" pos="NOUN">holizmust</instance>
         <wf lemma="," pos="X">,</wf>
         <wf lemma="mert" pos="X">mert</wf>
         <wf lemma="az" pos="X">az</wf>
         <wf lemma="aláássa" pos="X">aláássa</wf>
         <wf lemma="azt" pos="X">azt</wf>
         <wf lemma="az" pos="X">az</wf>
         <wf lemma="elemzéseiket" pos="X">elemzéseiket</wf>
         <wf lemma="megkönnyítő" pos="X">megkönnyítő</wf>
         <wf lemma="feltételezést" pos="X">feltételezést</wf>
         <wf lemma="," pos="X">,</wf>
         <wf lemma="hogy" pos="X">hogy</wf>
         <wf lemma="a" pos="X">a</wf>
         <wf lemma="világ" pos="X">világ</wf>
         <wf lemma="jól" pos="X">jól</wf>
         <wf lemma="definiálható" pos="X">definiálható</wf>
         <wf lemma="atomisztikus" pos="X">atomisztikus</wf>
         <wf lemma="ágensek" pos="X">ágensek</wf>
         <wf lemma="atomisztikus" pos="X">atomisztikus</wf>
         <wf lemma="tárgyakkal" pos="X">tárgyakkal</wf>
         <wf lemma="összefüggő" pos="X">összefüggő</wf>
         <wf lemma="cselekedeteinek" pos="X">cselekedeteinek</wf>
         <wf lemma="öszessége" pos="X">öszessége</wf>
         <wf lemma="." pos="X">.</wf>
      </sentence>
      <sentence id="d000.s1550" source="wordnet-hungarian">
         <wf lemma="A" pos="X">A</wf>
         <instance id="d000.s1550.t000" lemma="beszédaktus" pos="NOUN">beszédaktus</instance>
         <wf lemma="a" pos="X">a</wf>
         <wf lemma="beszédesemény" pos="X">beszédesemény</wf>
         <wf lemma="minimális" pos="X">minimális</wf>
         <wf lemma="alapegysége" pos="X">alapegysége</wf>
         <wf lemma="." pos="X">.</wf>
      </sentence>
      <sentence id="d000.s1551" source="wordnet-hungarian">
         <wf lemma="Hajómakettek" pos="X">Hajómakettek</wf>
         <instance id="d000.s1551.t000" lemma="építés" pos="NOUN">építése</instance>
         <wf lemma="a" pos="X">a</wf>
         <wf lemma="hobbija" pos="X">hobbija</wf>
         <wf lemma="." pos="X">.</wf>
      </sentence>
      <sentence id="d000.s1552" source="wordnet-hungarian">
         <wf lemma="Milyen" pos="X">Milyen</wf>
         <wf lemma="szép" pos="X">szép</wf>
         <wf lemma="rendet" pos="X">rendet</wf>
         <instance id="d000.s1552.t000" lemma="csinál" pos="VERB">csinált</instance>
         <wf lemma="ez" pos="X">ez</wf>
         <wf lemma="a" pos="X">a</wf>
         <wf lemma="gyerek" pos="X">gyerek</wf>
         <wf lemma="a" pos="X">a</wf>
         <wf lemma="szobájában" pos="X">szobájában</wf>
         <wf lemma="!" pos="X">!</wf>
      </sentence>
      <sentence id="d000.s1553" source="wordnet-hungarian">
         <wf lemma="A" pos="X">A</wf>
         <wf lemma="vállalkozás" pos="X">vállalkozás</wf>
         <instance id="d000.s1553.t000" lemma="összköltség" pos="NOUN">összköltsége</instance>
         <wf lemma="minden" pos="X">minden</wf>
         <wf lemma="várakozást" pos="X">várakozást</wf>
         <wf lemma="felülmúlt" pos="X">felülmúlt</wf>
         <wf lemma="." pos="X">.</wf>
      </sentence>
      <sentence id="d000.s1554" source="wordnet-hungarian">
         <wf lemma="A" pos="X">A</wf>
         <instance id="d000.s1554.t000" lemma="szakács" pos="NOUN">szakács</instance>
         <wf lemma="elsózta" pos="X">elsózta</wf>
         <wf lemma="a" pos="X">a</wf>
         <wf lemma="levest" pos="X">levest</wf>
         <wf lemma="." pos="X">.</wf>
      </sentence>
      <sentence id="d000.s1555" source="wordnet-hungarian">
         <wf lemma="Bill" pos="X">Bill</wf>
         <wf lemma="Gates" pos="X">Gates</wf>
         <wf lemma="szerint" pos="X">szerint</wf>
         <wf lemma="Magyarországon" pos="X">Magyarországon</wf>
         <wf lemma="kiemelkedően" pos="X">kiemelkedően</wf>
         <wf lemma="gyors" pos="X">gyors</wf>
         <wf lemma="volt" pos="X">volt</wf>
         <wf lemma="fejlődés" pos="X">fejlődés</wf>
         <wf lemma="az" pos="X">az</wf>
         <wf lemma="informatikai" pos="X">informatikai</wf>
         <instance id="d000.s1555.t000" lemma="oktatás" pos="NOUN">oktatás</instance>
         <wf lemma="területén" pos="X">területén</wf>
         <wf lemma="az" pos="X">az</wf>
         <wf lemma="elmúlt" pos="X">elmúlt</wf>
         <wf lemma="években" pos="X">években</wf>
         <wf lemma="." pos="X">.</wf>
      </sentence>
      <sentence id="d000.s1556" source="wordnet-hungarian">
         <wf lemma="Ezeket" pos="X">Ezeket</wf>
         <wf lemma="a" pos="X">a</wf>
         <wf lemma="kapcsolókat" pos="X">kapcsolókat</wf>
         <wf lemma="a" pos="X">a</wf>
         <wf lemma="másodpilota" pos="X">másodpilota</wf>
         <instance id="d000.s1556.t000" lemma="kezel" pos="VERB">kezeli</instance>
         <wf lemma="." pos="X">.</wf>
      </sentence>
      <sentence id="d000.s1557" source="wordnet-hungarian">
         <wf lemma="Az" pos="X">Az</wf>
         <wf lemma="Orosházán" pos="X">Orosházán</wf>
         <wf lemma="előállított" pos="X">előállított</wf>
         <instance id="d000.s1557.t000" lemma="síküveg" pos="NOUN">síküveg</instance>
         <wf lemma="minősége" pos="X">minősége</wf>
         <wf lemma="versenyre" pos="X">versenyre</wf>
         <wf lemma="kelhet" pos="X">kelhet</wf>
         <wf lemma="a" pos="X">a</wf>
         <wf lemma="világ" pos="X">világ</wf>
         <wf lemma="bármely" pos="X">bármely</wf>
         <wf lemma="más" pos="X">más</wf>
         <wf lemma="pontján" pos="X">pontján</wf>
         <wf lemma="gyártott" pos="X">gyártott</wf>
         <wf lemma="síküveg" pos="X">síküveg</wf>
         <wf lemma="minőségével" pos="X">minőségével</wf>
         <wf lemma="." pos="X">.</wf>
      </sentence>
      <sentence id="d000.s1558" source="wordnet-hungarian">
         <wf lemma="Isteni" pos="X">Isteni</wf>
         <instance id="d000.s1558.t000" lemma="jel" pos="NOUN">jelnek</instance>
         <wf lemma="tekintette" pos="X">tekintette</wf>
         <wf lemma="ezt" pos="X">ezt</wf>
         <wf lemma="az" pos="X">az</wf>
         <wf lemma="álmot" pos="X">álmot</wf>
         <wf lemma="." pos="X">.</wf>
      </sentence>
      <sentence id="d000.s1559" source="wordnet-hungarian">
         <wf lemma="A" pos="X">A</wf>
         <instance id="d000.s1559.t000" lemma="naprendszer" pos="NOUN">naprendszer</instance>
         <wf lemma="Naptól" pos="X">Naptól</wf>
         <wf lemma="számított" pos="X">számított</wf>
         <wf lemma="harmadik" pos="X">harmadik</wf>
         <wf lemma="bolygója" pos="X">bolygója</wf>
         <wf lemma="a" pos="X">a</wf>
         <wf lemma="Föld" pos="X">Föld</wf>
         <wf lemma="." pos="X">.</wf>
      </sentence>
      <sentence id="d000.s1560" source="wordnet-hungarian">
         <wf lemma="A" pos="X">A</wf>
         <wf lemma="múlt" pos="X">múlt</wf>
         <wf lemma="héten" pos="X">héten</wf>
         <instance id="d000.s1560.t000" lemma="kezd" pos="VERB">kezdtünk</instance>
         <wf lemma="el" pos="X">el</wf>
         <wf lemma="tapétázni" pos="X">tapétázni</wf>
         <wf lemma="." pos="X">.</wf>
      </sentence>
      <sentence id="d000.s1561" source="wordnet-hungarian">
         <wf lemma="Az" pos="X">Az</wf>
         <wf lemma="állat" pos="X">állat</wf>
         <wf lemma="ijedt" pos="X">ijedt</wf>
         <instance id="d000.s1561.t000" lemma="hang" pos="NOUN">hangot</instance>
         <wf lemma="hallatott" pos="X">hallatott</wf>
         <wf lemma="." pos="X">.</wf>
      </sentence>
      <sentence id="d000.s1562" source="wordnet-hungarian">
         <wf lemma="Köhögési" pos="X">Köhögési</wf>
         <instance id="d000.s1562.t000" lemma="roham" pos="NOUN">rohamot</instance>
         <wf lemma="kapott" pos="X">kapott</wf>
         <wf lemma="." pos="X">.</wf>
      </sentence>
      <sentence id="d000.s1563" source="wordnet-hungarian">
         <wf lemma="Megjelenése" pos="X">Megjelenése</wf>
         <wf lemma="az" pos="X">az</wf>
         <wf lemma="elegancia" pos="X">elegancia</wf>
         <instance id="d000.s1563.t000" lemma="látszat" pos="NOUN">látszatát</instance>
         <wf lemma="keltette" pos="X">keltette</wf>
         <wf lemma="." pos="X">.</wf>
      </sentence>
      <sentence id="d000.s1564" source="wordnet-hungarian">
         <wf lemma="Arra" pos="X">Arra</wf>
         <wf lemma="ébredtem" pos="X">ébredtem</wf>
         <wf lemma="az" pos="X">az</wf>
         <wf lemma="éjszaka" pos="X">éjszaka</wf>
         <wf lemma="közepén" pos="X">közepén</wf>
         <wf lemma="," pos="X">,</wf>
         <wf lemma="hogy" pos="X">hogy</wf>
         <wf lemma="a" pos="X">a</wf>
         <wf lemma="vádlim" pos="X">vádlim</wf>
         <instance id="d000.s1564.t000" lemma="görcs" pos="NOUN">görcsbe</instance>
         <wf lemma="rándult" pos="X">rándult</wf>
         <wf lemma="." pos="X">.</wf>
      </sentence>
      <sentence id="d000.s1565" source="wordnet-hungarian">
         <wf lemma="A" pos="X">A</wf>
         <wf lemma="pakisztáni" pos="X">pakisztáni</wf>
         <wf lemma="terrorszervezet" pos="X">terrorszervezet</wf>
         <instance id="d000.s1565.t000" lemma="eltérít" pos="VERB">eltérítette</instance>
         <wf lemma="a" pos="X">a</wf>
         <wf lemma="New" pos="X">New</wf>
         <wf lemma="Yorkba" pos="X">Yorkba</wf>
         <wf lemma="tartó" pos="X">tartó</wf>
         <wf lemma="gépet" pos="X">gépet</wf>
         <wf lemma="." pos="X">.</wf>
      </sentence>
      <sentence id="d000.s1566" source="wordnet-hungarian">
         <instance id="d000.s1566.t000" lemma="hagy" pos="VERB">Hagytam</instance>
         <wf lemma="," pos="X">,</wf>
         <wf lemma="hadd" pos="X">hadd</wf>
         <wf lemma="ugasson" pos="X">ugasson</wf>
         <wf lemma="a" pos="X">a</wf>
         <wf lemma="kutyám" pos="X">kutyám</wf>
         <wf lemma="." pos="X">.</wf>
      </sentence>
      <sentence id="d000.s1567" source="wordnet-hungarian">
         <wf lemma="Az" pos="X">Az</wf>
         <instance id="d000.s1567.t000" lemma="avokádó" pos="NOUN">avokádó</instance>
         <wf lemma="nagy" pos="X">nagy</wf>
         <wf lemma="olajtartalmú" pos="X">olajtartalmú</wf>
         <wf lemma="," pos="X">,</wf>
         <wf lemma="semleges" pos="X">semleges</wf>
         <wf lemma="ízű" pos="X">ízű</wf>
         <wf lemma="," pos="X">,</wf>
         <wf lemma="így" pos="X">így</wf>
         <wf lemma="mind" pos="X">mind</wf>
         <wf lemma="édes" pos="X">édes</wf>
         <wf lemma="," pos="X">,</wf>
         <wf lemma="mind" pos="X">mind</wf>
         <wf lemma="sós" pos="X">sós</wf>
         <wf lemma="ételek" pos="X">ételek</wf>
         <wf lemma="készítéséhez" pos="X">készítéséhez</wf>
         <wf lemma="kiválóan" pos="X">kiválóan</wf>
         <wf lemma="alkalmas" pos="X">alkalmas</wf>
         <wf lemma="." pos="X">.</wf>
      </sentence>
      <sentence id="d000.s1568" source="wordnet-hungarian">
         <wf lemma="Reggel" pos="X">Reggel</wf>
         <wf lemma="nyolckor" pos="X">nyolckor</wf>
         <instance id="d000.s1568.t000" lemma="indul" pos="VERB">indulok</instance>
         <wf lemma="el" pos="X">el</wf>
         <wf lemma="otthonról" pos="X">otthonról</wf>
         <wf lemma="." pos="X">.</wf>
      </sentence>
      <sentence id="d000.s1569" source="wordnet-hungarian">
         <wf lemma="Az" pos="X">Az</wf>
         <instance id="d000.s1569.t000" lemma="írástudatlan" pos="NOUN">írástudatlanok</instance>
         <wf lemma="keresztet" pos="X">keresztet</wf>
         <wf lemma="rajzoltak" pos="X">rajzoltak</wf>
         <wf lemma="nevük" pos="X">nevük</wf>
         <wf lemma="helyett" pos="X">helyett</wf>
         <wf lemma="." pos="X">.</wf>
      </sentence>
      <sentence id="d000.s1570" source="wordnet-hungarian">
         <instance id="d000.s1570.t000" lemma="nyugat" pos="NOUN">Nyugat</instance>
         <wf lemma="és" pos="X">és</wf>
         <wf lemma="kelet" pos="X">kelet</wf>
         <wf lemma="kultúrája" pos="X">kultúrája</wf>
         <wf lemma="sokban" pos="X">sokban</wf>
         <wf lemma="eltér" pos="X">eltér</wf>
         <wf lemma="egymástól" pos="X">egymástól</wf>
         <wf lemma="." pos="X">.</wf>
      </sentence>
      <sentence id="d000.s1571" source="wordnet-hungarian">
         <wf lemma="A" pos="X">A</wf>
         <wf lemma="tihanyi" pos="X">tihanyi</wf>
         <instance id="d000.s1571.t000" lemma="komp" pos="NOUN">komp</instance>
         <wf lemma="mindig" pos="X">mindig</wf>
         <wf lemma="zsúfolt" pos="X">zsúfolt</wf>
         <wf lemma="." pos="X">.</wf>
      </sentence>
      <sentence id="d000.s1572" source="wordnet-hungarian">
         <wf lemma="A" pos="X">A</wf>
         <wf lemma="föld" pos="X">föld</wf>
         <wf lemma="feletti" pos="X">feletti</wf>
         <wf lemma="rész" pos="X">rész</wf>
         <instance id="d000.s1572.t000" lemma="véd" pos="VERB">védi</instance>
         <wf lemma="a" pos="X">a</wf>
         <wf lemma="hangyákat" pos="X">hangyákat</wf>
         <wf lemma="a" pos="X">a</wf>
         <wf lemma="fagytól" pos="X">fagytól</wf>
         <wf lemma="." pos="X">.</wf>
      </sentence>
      <sentence id="d000.s1573" source="wordnet-hungarian">
         <wf lemma="Érdeklődése" pos="X">Érdeklődése</wf>
         <wf lemma="számos" pos="X">számos</wf>
         <instance id="d000.s1573.t000" lemma="terület" pos="NOUN">területre</instance>
         <wf lemma="kiterjedt" pos="X">kiterjedt</wf>
         <wf lemma="." pos="X">.</wf>
      </sentence>
      <sentence id="d000.s1574" source="wordnet-hungarian">
         <wf lemma="A" pos="X">A</wf>
         <instance id="d000.s1574.t000" lemma="holdév" pos="NOUN">holdév</instance>
         <wf lemma="ugyanúgy" pos="X">ugyanúgy</wf>
         <wf lemma="12" pos="X">12</wf>
         <wf lemma="holdhónapból" pos="X">holdhónapból</wf>
         <wf lemma="áll" pos="X">áll</wf>
         <wf lemma="." pos="X">.</wf>
      </sentence>
      <sentence id="d000.s1575" source="wordnet-hungarian">
         <wf lemma="A" pos="X">A</wf>
         <instance id="d000.s1575.t000" lemma="lovasság" pos="NOUN">lovasság</instance>
         <wf lemma="a" pos="X">a</wf>
         <wf lemma="haditaktikában" pos="X">haditaktikában</wf>
         <wf lemma="kiemelkedő" pos="X">kiemelkedő</wf>
         <wf lemma="szerepet" pos="X">szerepet</wf>
         <wf lemma="kapott" pos="X">kapott</wf>
         <wf lemma="." pos="X">.</wf>
      </sentence>
      <sentence id="d000.s1576" source="wordnet-hungarian">
         <wf lemma="A" pos="X">A</wf>
         <wf lemma="galandféreg" pos="X">galandféreg</wf>
         <wf lemma="egy" pos="X">egy</wf>
         <wf lemma="alattomos" pos="X">alattomos</wf>
         <instance id="d000.s1576.t000" lemma="parazita" pos="NOUN">parazita</instance>
         <wf lemma="." pos="X">.</wf>
      </sentence>
      <sentence id="d000.s1577" source="wordnet-hungarian">
         <wf lemma="A" pos="X">A</wf>
         <wf lemma="vadászok" pos="X">vadászok</wf>
         <wf lemma="órákon" pos="X">órákon</wf>
         <wf lemma="át" pos="X">át</wf>
         <instance id="d000.s1577.t000" lemma="hajszol" pos="VERB">hajszolták</instance>
         <wf lemma="a" pos="X">a</wf>
         <wf lemma="pusztai" pos="X">pusztai</wf>
         <wf lemma="rókát" pos="X">rókát</wf>
         <wf lemma="maguk" pos="X">maguk</wf>
         <wf lemma="előtt" pos="X">előtt</wf>
         <wf lemma="." pos="X">.</wf>
      </sentence>
      <sentence id="d000.s1578" source="wordnet-hungarian">
         <wf lemma="A" pos="X">A</wf>
         <wf lemma="felperes" pos="X">felperes</wf>
         <wf lemma="tudatos" pos="X">tudatos</wf>
         <wf lemma="megtévesztéssel" pos="X">megtévesztéssel</wf>
         <instance id="d000.s1578.t000" lemma="vádol" pos="VERB">vádolta</instance>
         <wf lemma="az" pos="X">az</wf>
         <wf lemma="alperest" pos="X">alperest</wf>
         <wf lemma="." pos="X">.</wf>
      </sentence>
      <sentence id="d000.s1579" source="wordnet-hungarian">
         <wf lemma="Fiatalabb" pos="X">Fiatalabb</wf>
         <wf lemma="korában" pos="X">korában</wf>
         <wf lemma="még" pos="X">még</wf>
         <wf lemma="mindenféle" pos="X">mindenféle</wf>
         <instance id="d000.s1579.t000" lemma="dolog" pos="NOUN">dolog</instance>
         <wf lemma="iránt" pos="X">iránt</wf>
         <wf lemma="érdeklődött" pos="X">érdeklődött</wf>
         <wf lemma="," pos="X">,</wf>
         <wf lemma="de" pos="X">de</wf>
         <wf lemma="manapság" pos="X">manapság</wf>
         <wf lemma="csak" pos="X">csak</wf>
         <wf lemma="a" pos="X">a</wf>
         <wf lemma="tévét" pos="X">tévét</wf>
         <wf lemma="bámulja" pos="X">bámulja</wf>
         <wf lemma="." pos="X">.</wf>
      </sentence>
      <sentence id="d000.s1580" source="wordnet-hungarian">
         <wf lemma="A" pos="X">A</wf>
         <wf lemma="váza" pos="X">váza</wf>
         <instance id="d000.s1580.t000" lemma="száj" pos="NOUN">szája</instance>
         <wf lemma="szűk" pos="X">szűk</wf>
         <wf lemma="." pos="X">.</wf>
      </sentence>
      <sentence id="d000.s1581" source="wordnet-hungarian">
         <wf lemma="A" pos="X">A</wf>
         <wf lemma="barátság" pos="X">barátság</wf>
         <instance id="d000.s1581.t000" lemma="szín" pos="NOUN">színe</instance>
         <wf lemma="alatt" pos="X">alatt</wf>
         <wf lemma="tudott" pos="X">tudott</wf>
         <wf lemma="cask" pos="X">cask</wf>
         <wf lemma="közel" pos="X">közel</wf>
         <wf lemma="férkőzni" pos="X">férkőzni</wf>
         <wf lemma="későbbi" pos="X">későbbi</wf>
         <wf lemma="áldozatához" pos="X">áldozatához</wf>
         <wf lemma="." pos="X">.</wf>
      </sentence>
      <sentence id="d000.s1582" source="wordnet-hungarian">
         <wf lemma="A" pos="X">A</wf>
         <wf lemma="társasági" pos="X">társasági</wf>
         <wf lemma="szerződést" pos="X">szerződést</wf>
         <wf lemma="az" pos="X">az</wf>
         <wf lemma="illetékes" pos="X">illetékes</wf>
         <wf lemma="cégbírósághoz" pos="X">cégbírósághoz</wf>
         <wf lemma="kell" pos="X">kell</wf>
         <wf lemma="benyújtatni" pos="X">benyújtatni</wf>
         <instance id="d000.s1582.t000" lemma="bejegyzés" pos="NOUN">bejegyzés</instance>
         <wf lemma="céljából" pos="X">céljából</wf>
         <wf lemma="." pos="X">.</wf>
      </sentence>
      <sentence id="d000.s1583" source="wordnet-hungarian">
         <wf lemma="A" pos="X">A</wf>
         <instance id="d000.s1583.t000" lemma="baloldal" pos="NOUN">baloldal</instance>
         <wf lemma="problémája" pos="X">problémája</wf>
         <wf lemma="az" pos="X">az</wf>
         <wf lemma="," pos="X">,</wf>
         <wf lemma="hogy" pos="X">hogy</wf>
         <wf lemma="a" pos="X">a</wf>
         <wf lemma="nép" pos="X">nép</wf>
         <wf lemma="baloldali" pos="X">baloldali</wf>
         <wf lemma="maradt" pos="X">maradt</wf>
         <wf lemma="," pos="X">,</wf>
         <wf lemma="míg" pos="X">míg</wf>
         <wf lemma="a" pos="X">a</wf>
         <wf lemma="szociáldemokrata" pos="X">szociáldemokrata</wf>
         <wf lemma="baloldal" pos="X">baloldal</wf>
         <wf lemma="többé" pos="X">többé</wf>
         <wf lemma="nem" pos="X">nem</wf>
         <wf lemma="baloldali" pos="X">baloldali</wf>
         <wf lemma="." pos="X">.</wf>
      </sentence>
      <sentence id="d000.s1584" source="wordnet-hungarian">
         <wf lemma="A" pos="X">A</wf>
         <instance id="d000.s1584.t000" lemma="fontosság" pos="NOUN">fontosság</instance>
         <wf lemma="érzése" pos="X">érzése</wf>
         <wf lemma="meghatározza" pos="X">meghatározza</wf>
         <wf lemma="az" pos="X">az</wf>
         <wf lemma="emberek" pos="X">emberek</wf>
         <wf lemma="szervezeti" pos="X">szervezeti</wf>
         <wf lemma="viselkedését" pos="X">viselkedését</wf>
         <wf lemma="." pos="X">.</wf>
      </sentence>
      <sentence id="d000.s1585" source="wordnet-hungarian">
         <wf lemma="A" pos="X">A</wf>
         <wf lemma="hegy" pos="X">hegy</wf>
         <wf lemma="csúcsa" pos="X">csúcsa</wf>
         <wf lemma="felé" pos="X">felé</wf>
         <wf lemma="csökken" pos="X">csökken</wf>
         <wf lemma="az" pos="X">az</wf>
         <instance id="d000.s1585.t000" lemma="oxigén" pos="NOUN">oxigén</instance>
         <wf lemma="a" pos="X">a</wf>
         <wf lemma="levegőben" pos="X">levegőben</wf>
         <wf lemma="." pos="X">.</wf>
      </sentence>
      <sentence id="d000.s1586" source="wordnet-hungarian">
         <wf lemma="Minden" pos="X">Minden</wf>
         <instance id="d000.s1586.t000" lemma="pénz" pos="NOUN">pénzét</instance>
         <wf lemma="ingatlanba" pos="X">ingatlanba</wf>
         <wf lemma="fektette" pos="X">fektette</wf>
         <wf lemma="." pos="X">.</wf>
      </sentence>
      <sentence id="d000.s1587" source="wordnet-hungarian">
         <wf lemma="Richárd" pos="X">Richárd</wf>
         <instance id="d000.s1587.t000" lemma="megszemélyesítés" pos="NOUN">megszemélyesítése</instance>
         <wf lemma="mindenkor" pos="X">mindenkor</wf>
         <wf lemma="jelentős" pos="X">jelentős</wf>
         <wf lemma="erőpróba" pos="X">erőpróba</wf>
         <wf lemma="a" pos="X">a</wf>
         <wf lemma="színész" pos="X">színész</wf>
         <wf lemma="számára" pos="X">számára</wf>
         <wf lemma="." pos="X">.</wf>
      </sentence>
      <sentence id="d000.s1588" source="wordnet-hungarian">
         <wf lemma="A" pos="X">A</wf>
         <instance id="d000.s1588.t000" lemma="rokon" pos="NOUN">rokonai</instance>
         <wf lemma="Amerikában" pos="X">Amerikában</wf>
         <wf lemma="élnek" pos="X">élnek</wf>
         <wf lemma="." pos="X">.</wf>
      </sentence>
      <sentence id="d000.s1589" source="wordnet-hungarian">
         <wf lemma="Az" pos="X">Az</wf>
         <instance id="d000.s1589.t000" lemma="aluljáró" pos="NOUN">aluljárókban</instance>
         <wf lemma="sok" pos="X">sok</wf>
         <wf lemma="hajléktalan" pos="X">hajléktalan</wf>
         <wf lemma="talál" pos="X">talál</wf>
         <wf lemma="magának" pos="X">magának</wf>
         <wf lemma="átmeneti" pos="X">átmeneti</wf>
         <wf lemma="fedelet" pos="X">fedelet</wf>
         <wf lemma="." pos="X">.</wf>
      </sentence>
      <sentence id="d000.s1590" source="wordnet-hungarian">
         <wf lemma="Az" pos="X">Az</wf>
         <wf lemma="igazgató" pos="X">igazgató</wf>
         <instance id="d000.s1590.t000" lemma="utazik" pos="VERB">utazik</instance>
         <wf lemma="rám" pos="X">rám</wf>
         <wf lemma="." pos="X">.</wf>
      </sentence>
      <sentence id="d000.s1591" source="wordnet-hungarian">
         <wf lemma="A" pos="X">A</wf>
         <wf lemma="kőművesek" pos="X">kőművesek</wf>
         <wf lemma="újabb" pos="X">újabb</wf>
         <instance id="d000.s1591.t000" lemma="sor" pos="NOUN">sort</instance>
         <wf lemma="raktak" pos="X">raktak</wf>
         <wf lemma="le" pos="X">le</wf>
         <wf lemma="." pos="X">.</wf>
      </sentence>
      <sentence id="d000.s1592" source="wordnet-hungarian">
         <wf lemma="Nagy" pos="X">Nagy</wf>
         <instance id="d000.s1592.t000" lemma="sebesség" pos="NOUN">sebességgel</instance>
         <wf lemma="száguldottunk" pos="X">száguldottunk</wf>
         <wf lemma="." pos="X">.</wf>
      </sentence>
      <sentence id="d000.s1593" source="wordnet-hungarian">
         <wf lemma="A" pos="X">A</wf>
         <instance id="d000.s1593.t000" lemma="porszívó" pos="NOUN">porszívó</instance>
         <wf lemma="porzsákját" pos="X">porzsákját</wf>
         <wf lemma="cseréld" pos="X">cseréld</wf>
         <wf lemma="ki" pos="X">ki</wf>
         <wf lemma="," pos="X">,</wf>
         <wf lemma="mert" pos="X">mert</wf>
         <wf lemma="tele" pos="X">tele</wf>
         <wf lemma="van" pos="X">van</wf>
         <wf lemma="!" pos="X">!</wf>
      </sentence>
      <sentence id="d000.s1594" source="wordnet-hungarian">
         <wf lemma="Két" pos="X">Két</wf>
         <wf lemma="képviselő" pos="X">képviselő</wf>
         <instance id="d000.s1594.t000" lemma="tartózkodik" pos="VERB">tartózkodott</instance>
         <wf lemma="a" pos="X">a</wf>
         <wf lemma="szavazásban" pos="X">szavazásban</wf>
         <wf lemma="." pos="X">.</wf>
      </sentence>
      <sentence id="d000.s1595" source="wordnet-hungarian">
         <wf lemma="A" pos="X">A</wf>
         <wf lemma="műszer" pos="X">műszer</wf>
         <wf lemma="kimutatja" pos="X">kimutatja</wf>
         <wf lemma="az" pos="X">az</wf>
         <wf lemma="átlagtól" pos="X">átlagtól</wf>
         <wf lemma="való" pos="X">való</wf>
         <instance id="d000.s1595.t000" lemma="eltérés" pos="NOUN">eltérést</instance>
         <wf lemma="." pos="X">.</wf>
      </sentence>
      <sentence id="d000.s1596" source="wordnet-hungarian">
         <wf lemma="Ne" pos="X">Ne</wf>
         <wf lemma="lépj" pos="X">lépj</wf>
         <wf lemma="a" pos="X">a</wf>
         <wf lemma="sínekre" pos="X">sínekre</wf>
         <wf lemma="," pos="X">,</wf>
         <wf lemma="mert" pos="X">mert</wf>
         <wf lemma="a" pos="X">a</wf>
         <wf lemma="vonat" pos="X">vonat</wf>
         <instance id="d000.s1596.t000" lemma="mozgás" pos="NOUN">mozgásban</instance>
         <wf lemma="van" pos="X">van</wf>
         <wf lemma="." pos="X">.</wf>
      </sentence>
      <sentence id="d000.s1597" source="wordnet-hungarian">
         <wf lemma="Kubai" pos="X">Kubai</wf>
         <wf lemma="szivarból" pos="X">szivarból</wf>
         <wf lemma="nagy" pos="X">nagy</wf>
         <instance id="d000.s1597.t000" lemma="készlet" pos="NOUN">készletet</instance>
         <wf lemma="gyűjtött" pos="X">gyűjtött</wf>
         <wf lemma="össze" pos="X">össze</wf>
         <wf lemma="." pos="X">.</wf>
      </sentence>
      <sentence id="d000.s1598" source="wordnet-hungarian">
         <wf lemma="A" pos="X">A</wf>
         <wf lemma="modern" pos="X">modern</wf>
         <wf lemma="tudomány" pos="X">tudomány</wf>
         <instance id="d000.s1598.t000" lemma="csoda" pos="NOUN">csodái</instance>
         <wf lemma="részét" pos="X">részét</wf>
         <wf lemma="képezik" pos="X">képezik</wf>
         <wf lemma="a" pos="X">a</wf>
         <wf lemma="tudományos" pos="X">tudományos</wf>
         <wf lemma="ismeretek" pos="X">ismeretek</wf>
         <wf lemma="fejlődésének" pos="X">fejlődésének</wf>
         <wf lemma="." pos="X">.</wf>
      </sentence>
      <sentence id="d000.s1599" source="wordnet-hungarian">
         <wf lemma="Kálmán" pos="X">Kálmán</wf>
         <wf lemma="segélyhadakkal" pos="X">segélyhadakkal</wf>
         <wf lemma="rakta" pos="X">rakta</wf>
         <wf lemma="tele" pos="X">tele</wf>
         <wf lemma="Dalmáciát" pos="X">Dalmáciát</wf>
         <wf lemma="," pos="X">,</wf>
         <wf lemma="és" pos="X">és</wf>
         <wf lemma="a" pos="X">a</wf>
         <instance id="d000.s1599.t000" lemma="dalmát" pos="NOUN">dalmátok</instance>
         <wf lemma="ezek" pos="X">ezek</wf>
         <wf lemma="oltalma" pos="X">oltalma</wf>
         <wf lemma="alatt" pos="X">alatt</wf>
         <wf lemma="rögtön" pos="X">rögtön</wf>
         <wf lemma="átpártoltak" pos="X">átpártoltak</wf>
         <wf lemma="hozzá." pos="X">hozzá.</wf>
      </sentence>
      <sentence id="d000.s1600" source="wordnet-hungarian">
         <wf lemma="A" pos="X">A</wf>
         <instance id="d000.s1600.t000" lemma="hélium" pos="NOUN">héliumot</instance>
         <wf lemma="a" pos="X">a</wf>
         <wf lemma="földgázmezők" pos="X">földgázmezők</wf>
         <wf lemma="termékeiből" pos="X">termékeiből</wf>
         <wf lemma="vonják" pos="X">vonják</wf>
         <wf lemma="ki" pos="X">ki</wf>
         <wf lemma="," pos="X">,</wf>
         <wf lemma="és" pos="X">és</wf>
         <wf lemma="ha" pos="X">ha</wf>
         <wf lemma="a" pos="X">a</wf>
         <wf lemma="kivonást" pos="X">kivonást</wf>
         <wf lemma="elmulasztják" pos="X">elmulasztják</wf>
         <wf lemma="," pos="X">,</wf>
         <wf lemma="akkor" pos="X">akkor</wf>
         <wf lemma="a" pos="X">a</wf>
         <wf lemma="földgáz" pos="X">földgáz</wf>
         <wf lemma="elégetésekor" pos="X">elégetésekor</wf>
         <wf lemma="a" pos="X">a</wf>
         <wf lemma="hélium" pos="X">hélium</wf>
         <wf lemma="eloszlik" pos="X">eloszlik</wf>
         <wf lemma="a" pos="X">a</wf>
         <wf lemma="légkörben" pos="X">légkörben</wf>
         <wf lemma="." pos="X">.</wf>
      </sentence>
      <sentence id="d000.s1601" source="wordnet-hungarian">
         <wf lemma="Pistike" pos="X">Pistike</wf>
         <wf lemma="disznó" pos="X">disznó</wf>
         <wf lemma="viccekkel" pos="X">viccekkel</wf>
         <instance id="d000.s1601.t000" lemma="inzultál" pos="VERB">inzultálta</instance>
         <wf lemma="a" pos="X">a</wf>
         <wf lemma="hetedikes" pos="X">hetedikes</wf>
         <wf lemma="lányokat" pos="X">lányokat</wf>
         <wf lemma="." pos="X">.</wf>
      </sentence>
      <sentence id="d000.s1602" source="wordnet-hungarian">
         <wf lemma="Az" pos="X">Az</wf>
         <wf lemma="európai" pos="X">európai</wf>
         <instance id="d000.s1602.t000" lemma="biztos" pos="NOUN">biztos</instance>
         <wf lemma="nem" pos="X">nem</wf>
         <wf lemma="foglalt" pos="X">foglalt</wf>
         <wf lemma="állást" pos="X">állást</wf>
         <wf lemma="a" pos="X">a</wf>
         <wf lemma="kérdésben" pos="X">kérdésben</wf>
         <wf lemma="." pos="X">.</wf>
      </sentence>
      <sentence id="d000.s1603" source="wordnet-hungarian">
         <wf lemma="A" pos="X">A</wf>
         <wf lemma="kapucsengő" pos="X">kapucsengő</wf>
         <instance id="d000.s1603.t000" lemma="csengés" pos="NOUN">csengése</instance>
         <wf lemma="zavarta" pos="X">zavarta</wf>
         <wf lemma="meg" pos="X">meg</wf>
         <wf lemma="szendergését" pos="X">szendergését</wf>
         <wf lemma="." pos="X">.</wf>
      </sentence>
      <sentence id="d000.s1604" source="wordnet-hungarian">
         <wf lemma="A" pos="X">A</wf>
         <wf lemma="jövő" pos="X">jövő</wf>
         <wf lemma="hétre" pos="X">hétre</wf>
         <wf lemma="két" pos="X">két</wf>
         <wf lemma="vizsgát" pos="X">vizsgát</wf>
         <instance id="d000.s1604.t000" lemma="tesz" pos="VERB">tettem</instance>
         <wf lemma="." pos="X">.</wf>
      </sentence>
      <sentence id="d000.s1605" source="wordnet-hungarian">
         <wf lemma="Az" pos="X">Az</wf>
         <wf lemma="új" pos="X">új</wf>
         <instance id="d000.s1605.t000" lemma="vezérigazgató" pos="NOUN">vezérigazgató</instance>
         <wf lemma="személyéről" pos="X">személyéről</wf>
         <wf lemma="a" pos="X">a</wf>
         <wf lemma="BÉT" pos="X">BÉT</wf>
         <wf lemma="igazgatósága" pos="X">igazgatósága</wf>
         <wf lemma="később" pos="X">később</wf>
         <wf lemma="dönt" pos="X">dönt</wf>
         <wf lemma="." pos="X">.</wf>
      </sentence>
      <sentence id="d000.s1606" source="wordnet-hungarian">
         <wf lemma="A" pos="X">A</wf>
         <wf lemma="civilizáció" pos="X">civilizáció</wf>
         <instance id="d000.s1606.t000" lemma="hajnal" pos="NOUN">hajnalán</instance>
         <wf lemma="már" pos="X">már</wf>
         <wf lemma="nagyszerű" pos="X">nagyszerű</wf>
         <wf lemma="kultúrák" pos="X">kultúrák</wf>
         <wf lemma="virágoztak" pos="X">virágoztak</wf>
         <wf lemma="." pos="X">.</wf>
      </sentence>
      <sentence id="d000.s1607" source="wordnet-hungarian">
         <wf lemma="Élelmiszer" pos="X">Élelmiszer</wf>
         <wf lemma="ellátási" pos="X">ellátási</wf>
         <wf lemma="problémák" pos="X">problémák</wf>
         <wf lemma="voltak" pos="X">voltak</wf>
         <wf lemma="a" pos="X">a</wf>
         <wf lemma="háború" pos="X">háború</wf>
         <wf lemma="idején" pos="X">idején</wf>
         <wf lemma="," pos="X">,</wf>
         <wf lemma="amikor" pos="X">amikor</wf>
         <wf lemma="elfogytak" pos="X">elfogytak</wf>
         <wf lemma="a" pos="X">a</wf>
         <instance id="d000.s1607.t000" lemma="tartalék" pos="NOUN">tartalékok</instance>
         <wf lemma="." pos="X">.</wf>
      </sentence>
      <sentence id="d000.s1608" source="wordnet-hungarian">
         <wf lemma="Ábécé" pos="X">Ábécé</wf>
         <wf lemma="sorrendbe" pos="X">sorrendbe</wf>
         <instance id="d000.s1608.t000" lemma="rendez" pos="VERB">rendezte</instance>
         <wf lemma="a" pos="X">a</wf>
         <wf lemma="könyveit" pos="X">könyveit</wf>
         <wf lemma="a" pos="X">a</wf>
         <wf lemma="polcon" pos="X">polcon</wf>
         <wf lemma="." pos="X">.</wf>
      </sentence>
      <sentence id="d000.s1609" source="wordnet-hungarian">
         <wf lemma="A" pos="X">A</wf>
         <instance id="d000.s1609.t000" lemma="megszilárdulás" pos="NOUN">megszilárdulás</instance>
         <wf lemma="során" pos="X">során</wf>
         <wf lemma="alakul" pos="X">alakul</wf>
         <wf lemma="ki" pos="X">ki</wf>
         <wf lemma="a" pos="X">a</wf>
         <wf lemma="kristályos" pos="X">kristályos</wf>
         <wf lemma="anyagok" pos="X">anyagok</wf>
         <wf lemma="fizikai" pos="X">fizikai</wf>
         <wf lemma="tulajdonságait" pos="X">tulajdonságait</wf>
         <wf lemma="nagyban" pos="X">nagyban</wf>
         <wf lemma="meghatározó" pos="X">meghatározó</wf>
         <wf lemma="ún" pos="X">ún</wf>
         <wf lemma="." pos="X">.</wf>
         <wf lemma="mikroszerkezet" pos="X">mikroszerkezet</wf>
         <wf lemma="," pos="X">,</wf>
         <wf lemma="azaz" pos="X">azaz</wf>
         <wf lemma="az" pos="X">az</wf>
         <wf lemma="anyagot" pos="X">anyagot</wf>
         <wf lemma="alkotó" pos="X">alkotó</wf>
         <wf lemma="kristályszemcsék" pos="X">kristályszemcsék</wf>
         <wf lemma="méret-" pos="X">méret-</wf>
         <wf lemma="," pos="X">,</wf>
         <wf lemma="alak-" pos="X">alak-</wf>
         <wf lemma="és" pos="X">és</wf>
         <wf lemma="összetétel" pos="X">összetétel</wf>
         <wf lemma="eloszlása" pos="X">eloszlása</wf>
         <wf lemma="." pos="X">.</wf>
      </sentence>
      <sentence id="d000.s1610" source="wordnet-hungarian">
         <wf lemma="Az" pos="X">Az</wf>
         <wf lemma="intézmény" pos="X">intézmény</wf>
         <wf lemma="felett" pos="X">felett</wf>
         <wf lemma="a" pos="X">a</wf>
         <wf lemma="MNB" pos="X">MNB</wf>
         <wf lemma="gyakorol" pos="X">gyakorol</wf>
         <instance id="d000.s1610.t000" lemma="felügyelet" pos="NOUN">felügyeletet</instance>
         <wf lemma="." pos="X">.</wf>
      </sentence>
      <sentence id="d000.s1611" source="wordnet-hungarian">
         <wf lemma="Az" pos="X">Az</wf>
         <instance id="d000.s1611.t000" lemma="éjszaka" pos="NOUN">éjszakák</instance>
         <wf lemma="egyre" pos="X">egyre</wf>
         <wf lemma="hosszabbak" pos="X">hosszabbak</wf>
         <wf lemma="." pos="X">.</wf>
      </sentence>
      <sentence id="d000.s1612" source="wordnet-hungarian">
         <wf lemma="A" pos="X">A</wf>
         <wf lemma="gyalogosok" pos="X">gyalogosok</wf>
         <wf lemma="ellen" pos="X">ellen</wf>
         <instance id="d000.s1612.t000" lemma="kartács" pos="NOUN">kartácsot</instance>
         <wf lemma="használtak" pos="X">használtak</wf>
         <wf lemma="." pos="X">.</wf>
      </sentence>
      <sentence id="d000.s1613" source="wordnet-hungarian">
         <wf lemma="Bátorságáért" pos="X">Bátorságáért</wf>
         <instance id="d000.s1613.t000" lemma="jutalom" pos="NOUN">jutalomban</instance>
         <wf lemma="részesítem" pos="X">részesítem</wf>
         <wf lemma="." pos="X">.</wf>
      </sentence>
      <sentence id="d000.s1614" source="wordnet-hungarian">
         <wf lemma="Az" pos="X">Az</wf>
         <wf lemma="oxigénatom" pos="X">oxigénatom</wf>
         <instance id="d000.s1614.t000" lemma="vegyérték" pos="NOUN">vegyértéke</instance>
         <wf lemma="kettő" pos="X">kettő</wf>
         <wf lemma="." pos="X">.</wf>
      </sentence>
      <sentence id="d000.s1615" source="wordnet-hungarian">
         <wf lemma="Az" pos="X">Az</wf>
         <wf lemma="alhavasi" pos="X">alhavasi</wf>
         <wf lemma="tájon" pos="X">tájon</wf>
         <wf lemma="ma" pos="X">ma</wf>
         <wf lemma="is" pos="X">is</wf>
         <wf lemma="háborítatlanul" pos="X">háborítatlanul</wf>
         <wf lemma="él" pos="X">él</wf>
         <wf lemma="a" pos="X">a</wf>
         <instance id="d000.s1615.t000" lemma="siketfajd" pos="NOUN">siketfajd</instance>
         <wf lemma="." pos="X">.</wf>
      </sentence>
      <sentence id="d000.s1616" source="wordnet-hungarian">
         <wf lemma="A" pos="X">A</wf>
         <instance id="d000.s1616.t000" lemma="szívbetegség" pos="NOUN">szívbetegség</instance>
         <wf lemma="számos" pos="X">számos</wf>
         <wf lemma="különböző" pos="X">különböző</wf>
         <wf lemma="," pos="X">,</wf>
         <wf lemma="a" pos="X">a</wf>
         <wf lemma="szív" pos="X">szív</wf>
         <wf lemma="működését" pos="X">működését</wf>
         <wf lemma="befolyásoló" pos="X">befolyásoló</wf>
         <wf lemma="betegség" pos="X">betegség</wf>
         <wf lemma="és" pos="X">és</wf>
         <wf lemma="kórállapot" pos="X">kórállapot</wf>
         <wf lemma="összefoglaló" pos="X">összefoglaló</wf>
         <wf lemma="neve" pos="X">neve</wf>
         <wf lemma="." pos="X">.</wf>
      </sentence>
      <sentence id="d000.s1617" source="wordnet-hungarian">
         <wf lemma="Ezt" pos="X">Ezt</wf>
         <wf lemma="a" pos="X">a</wf>
         <wf lemma="kört" pos="X">kört</wf>
         <wf lemma="írd" pos="X">írd</wf>
         <wf lemma="az" pos="X">az</wf>
         <wf lemma="én" pos="X">én</wf>
         <instance id="d000.s1617.t000" lemma="számla" pos="NOUN">számlámhoz</instance>
         <wf lemma="!" pos="X">!</wf>
      </sentence>
      <sentence id="d000.s1618" source="wordnet-hungarian">
         <wf lemma="Az" pos="X">Az</wf>
         <wf lemma="egyetemen" pos="X">egyetemen</wf>
         <wf lemma="a" pos="X">a</wf>
         <instance id="d000.s1618.t000" lemma="régész" pos="NOUN">régészet</instance>
         <wf lemma="érdekelte" pos="X">érdekelte</wf>
         <wf lemma="igazán" pos="X">igazán</wf>
         <wf lemma="." pos="X">.</wf>
      </sentence>
      <sentence id="d000.s1619" source="wordnet-hungarian">
         <wf lemma="Cipolla" pos="X">Cipolla</wf>
         <instance id="d000.s1619.t000" lemma="megigéz" pos="VERB">megigézte</instance>
         <wf lemma="a" pos="X">a</wf>
         <wf lemma="közönséget" pos="X">közönséget</wf>
         <wf lemma="." pos="X">.</wf>
      </sentence>
      <sentence id="d000.s1620" source="wordnet-hungarian">
         <wf lemma="A" pos="X">A</wf>
         <wf lemma="munkakapcsolatot" pos="X">munkakapcsolatot</wf>
         <wf lemma="a" pos="X">a</wf>
         <instance id="d000.s1620.t000" lemma="kölcsönösség" pos="NOUN">kölcsönösség</instance>
         <wf lemma="jellemezte" pos="X">jellemezte</wf>
         <wf lemma="." pos="X">.</wf>
      </sentence>
      <sentence id="d000.s1621" source="wordnet-hungarian">
         <wf lemma="Péter" pos="X">Péter</wf>
         <wf lemma="sohasem" pos="X">sohasem</wf>
         <instance id="d000.s1621.t000" lemma="esik" pos="VERB">esik</instance>
         <wf lemma="kétségbe" pos="X">kétségbe</wf>
         <wf lemma="," pos="X">,</wf>
         <wf lemma="még" pos="X">még</wf>
         <wf lemma="a" pos="X">a</wf>
         <wf lemma="legkilátástalanabb" pos="X">legkilátástalanabb</wf>
         <wf lemma="helyzetben" pos="X">helyzetben</wf>
         <wf lemma="sem" pos="X">sem</wf>
         <wf lemma="." pos="X">.</wf>
      </sentence>
      <sentence id="d000.s1622" source="wordnet-hungarian">
         <wf lemma="Az" pos="X">Az</wf>
         <wf lemma="igazgató" pos="X">igazgató</wf>
         <wf lemma="tegnap" pos="X">tegnap</wf>
         <instance id="d000.s1622.t000" lemma="átad" pos="VERB">átadta</instance>
         <wf lemma="nekem" pos="X">nekem</wf>
         <wf lemma="az" pos="X">az</wf>
         <wf lemma="anyagokat" pos="X">anyagokat</wf>
         <wf lemma="." pos="X">.</wf>
      </sentence>
      <sentence id="d000.s1623" source="wordnet-hungarian">
         <wf lemma="A" pos="X">A</wf>
         <wf lemma="gyűjtemény" pos="X">gyűjtemény</wf>
         <wf lemma="legújabb" pos="X">legújabb</wf>
         <wf lemma="darabja" pos="X">darabja</wf>
         <wf lemma="egy" pos="X">egy</wf>
         <instance id="d000.s1623.t000" lemma="pikkelyesszárnyú" pos="NOUN">pikkelyesszárnyú</instance>
         <wf lemma="rovar" pos="X">rovar</wf>
         <wf lemma="." pos="X">.</wf>
      </sentence>
      <sentence id="d000.s1624" source="wordnet-hungarian">
         <wf lemma="A" pos="X">A</wf>
         <wf lemma="kormány" pos="X">kormány</wf>
         <wf lemma="gazdaságpolitikája" pos="X">gazdaságpolitikája</wf>
         <wf lemma="újabb" pos="X">újabb</wf>
         <instance id="d000.s1624.t000" lemma="csapás" pos="NOUN">csapást</instance>
         <wf lemma="jelentett" pos="X">jelentett</wf>
         <wf lemma="a" pos="X">a</wf>
         <wf lemma="kisvállalkozóknak" pos="X">kisvállalkozóknak</wf>
         <wf lemma="." pos="X">.</wf>
      </sentence>
      <sentence id="d000.s1625" source="wordnet-hungarian">
         <wf lemma="A" pos="X">A</wf>
         <wf lemma="tűzoltók" pos="X">tűzoltók</wf>
         <wf lemma="a" pos="X">a</wf>
         <wf lemma="második" pos="X">második</wf>
         <wf lemma="emeleti" pos="X">emeleti</wf>
         <wf lemma="ablakok" pos="X">ablakok</wf>
         <wf lemma="fölött" pos="X">fölött</wf>
         <wf lemma="lévő" pos="X">lévő</wf>
         <wf lemma="korhadt" pos="X">korhadt</wf>
         <instance id="d000.s1625.t000" lemma="deszka" pos="NOUN">deszkákat</instance>
         <wf lemma="bontották" pos="X">bontották</wf>
         <wf lemma="le" pos="X">le</wf>
         <wf lemma="." pos="X">.</wf>
      </sentence>
      <sentence id="d000.s1626" source="wordnet-hungarian">
         <wf lemma="A" pos="X">A</wf>
         <instance id="d000.s1626.t000" lemma="szedő" pos="NOUN">szedő</instance>
         <wf lemma="a" pos="X">a</wf>
         <wf lemma="betüket" pos="X">betüket</wf>
         <wf lemma="szedővasba" pos="X">szedővasba</wf>
         <wf lemma="," pos="X">,</wf>
         <wf lemma="hogy" pos="X">hogy</wf>
         <wf lemma="azok" pos="X">azok</wf>
         <wf lemma="fennakadás" pos="X">fennakadás</wf>
         <wf lemma="nélkül" pos="X">nélkül</wf>
         <wf lemma="sorzódjanak" pos="X">sorzódjanak</wf>
         <wf lemma="egymáshoz" pos="X">egymáshoz</wf>
         <wf lemma="." pos="X">.</wf>
      </sentence>
      <sentence id="d000.s1627" source="wordnet-hungarian">
         <wf lemma="Az" pos="X">Az</wf>
         <wf lemma="európai" pos="X">európai</wf>
         <instance id="d000.s1627.t000" lemma="naptár" pos="NOUN">naptár</instance>
         <wf lemma="eltér" pos="X">eltér</wf>
         <wf lemma="a" pos="X">a</wf>
         <wf lemma="zsidó" pos="X">zsidó</wf>
         <wf lemma="naptártól" pos="X">naptártól</wf>
         <wf lemma="." pos="X">.</wf>
      </sentence>
      <sentence id="d000.s1628" source="wordnet-hungarian">
         <wf lemma="Felség" pos="X">Felség</wf>
         <wf lemma="a" pos="X">a</wf>
         <wf lemma="megfelelő" pos="X">megfelelő</wf>
         <instance id="d000.s1628.t000" lemma="cím" pos="NOUN">cím</instance>
         <wf lemma="a" pos="X">a</wf>
         <wf lemma="király" pos="X">király</wf>
         <wf lemma="megszólításakor" pos="X">megszólításakor</wf>
         <wf lemma="?" pos="X">?</wf>
      </sentence>
      <sentence id="d000.s1629" source="wordnet-hungarian">
         <wf lemma="A" pos="X">A</wf>
         <wf lemma="ferenceseknek" pos="X">ferenceseknek</wf>
         <wf lemma="barna" pos="X">barna</wf>
         <instance id="d000.s1629.t000" lemma="habitus" pos="NOUN">habitusuk</instance>
         <wf lemma="van" pos="X">van</wf>
         <wf lemma="." pos="X">.</wf>
      </sentence>
      <sentence id="d000.s1630" source="wordnet-hungarian">
         <wf lemma="A" pos="X">A</wf>
         <wf lemma="francia" pos="X">francia</wf>
         <wf lemma="hadsereg" pos="X">hadsereg</wf>
         <wf lemma="Poettonál" pos="X">Poettonál</wf>
         <wf lemma="szállt" pos="X">szállt</wf>
         <wf lemma="partra" pos="X">partra</wf>
         <wf lemma="," pos="X">,</wf>
         <wf lemma="a" pos="X">a</wf>
         <instance id="d000.s1630.t000" lemma="szardíniai" pos="NOUN">szardíniaiak</instance>
         <wf lemma="azonban" pos="X">azonban</wf>
         <wf lemma="megverték" pos="X">megverték</wf>
         <wf lemma="a" pos="X">a</wf>
         <wf lemma="franciákat" pos="X">franciákat</wf>
         <wf lemma="és" pos="X">és</wf>
         <wf lemma="megvédték" pos="X">megvédték</wf>
         <wf lemma="földjüket" pos="X">földjüket</wf>
         <wf lemma="." pos="X">.</wf>
      </sentence>
      <sentence id="d000.s1631" source="wordnet-hungarian">
         <wf lemma="Legfőbb" pos="X">Legfőbb</wf>
         <instance id="d000.s1631.t000" lemma="gond" pos="NOUN">gondja</instance>
         <wf lemma="felesége" pos="X">felesége</wf>
         <wf lemma="betegsége" pos="X">betegsége</wf>
         <wf lemma="volt" pos="X">volt</wf>
         <wf lemma="." pos="X">.</wf>
      </sentence>
      <sentence id="d000.s1632" source="wordnet-hungarian">
         <wf lemma="A" pos="X">A</wf>
         <wf lemma="kirendelt" pos="X">kirendelt</wf>
         <wf lemma="eseti" pos="X">eseti</wf>
         <instance id="d000.s1632.t000" lemma="gond" pos="NOUN">gondnok</instance>
         <wf lemma="csak" pos="X">csak</wf>
         <wf lemma="a" pos="X">a</wf>
         <wf lemma="kirendelő" pos="X">kirendelő</wf>
         <wf lemma="határozatban" pos="X">határozatban</wf>
         <wf lemma="megjelölt" pos="X">megjelölt</wf>
         <wf lemma="ügyben" pos="X">ügyben</wf>
         <wf lemma="jogosult" pos="X">jogosult</wf>
         <wf lemma="a" pos="X">a</wf>
         <wf lemma="törvényes" pos="X">törvényes</wf>
         <wf lemma="képviseletet" pos="X">képviseletet</wf>
         <wf lemma="ellátni" pos="X">ellátni</wf>
         <wf lemma="." pos="X">.</wf>
      </sentence>
      <sentence id="d000.s1633" source="wordnet-hungarian">
         <instance id="d000.s1633.t000" lemma="lehetetlenség" pos="NOUN">Lehetetlenség</instance>
         <wf lemma="megoldani" pos="X">megoldani</wf>
         <wf lemma="ezt" pos="X">ezt</wf>
         <wf lemma="a" pos="X">a</wf>
         <wf lemma="feladatot" pos="X">feladatot</wf>
         <wf lemma="." pos="X">.</wf>
      </sentence>
      <sentence id="d000.s1634" source="wordnet-hungarian">
         <wf lemma="Titkosított" pos="X">Titkosított</wf>
         <instance id="d000.s1634.t000" lemma="telefonszám" pos="NOUN">telefonszáma</instance>
         <wf lemma="volt" pos="X">volt</wf>
         <wf lemma="a" pos="X">a</wf>
         <wf lemma="zaklatások" pos="X">zaklatások</wf>
         <wf lemma="miatt" pos="X">miatt</wf>
         <wf lemma="." pos="X">.</wf>
      </sentence>
      <sentence id="d000.s1635" source="wordnet-hungarian">
         <wf lemma="Ezek" pos="X">Ezek</wf>
         <wf lemma="a" pos="X">a</wf>
         <instance id="d000.s1635.t000" lemma="cockney" pos="NOUN">cockneyk</instance>
         <wf lemma="borzalmas" pos="X">borzalmas</wf>
         <wf lemma="alakok" pos="X">alakok</wf>
         <wf lemma="," pos="X">,</wf>
         <wf lemma="mert" pos="X">mert</wf>
         <wf lemma="kizárólag" pos="X">kizárólag</wf>
         <wf lemma="csak" pos="X">csak</wf>
         <wf lemma="idióta" pos="X">idióta</wf>
         <wf lemma="rímes" pos="X">rímes</wf>
         <wf lemma="szlengben" pos="X">szlengben</wf>
         <wf lemma="beszélgetnek" pos="X">beszélgetnek</wf>
         <wf lemma="," pos="X">,</wf>
         <wf lemma="márpedig" pos="X">márpedig</wf>
         <wf lemma="ez" pos="X">ez</wf>
         <wf lemma="hosszabb" pos="X">hosszabb</wf>
         <wf lemma="távon" pos="X">távon</wf>
         <wf lemma="elviselhetetlen" pos="X">elviselhetetlen</wf>
         <wf lemma="." pos="X">.</wf>
      </sentence>
      <sentence id="d000.s1636" source="wordnet-hungarian">
         <wf lemma="Figyelj" pos="X">Figyelj</wf>
         <wf lemma="oda" pos="X">oda</wf>
         <wf lemma="a" pos="X">a</wf>
         <instance id="d000.s1636.t000" lemma="tényező" pos="NOUN">tényezőkre</instance>
         <wf lemma="a" pos="X">a</wf>
         <wf lemma="számításnál" pos="X">számításnál</wf>
         <wf lemma="," pos="X">,</wf>
         <wf lemma="mert" pos="X">mert</wf>
         <wf lemma="ha" pos="X">ha</wf>
         <wf lemma="elrontod" pos="X">elrontod</wf>
         <wf lemma="," pos="X">,</wf>
         <wf lemma="akkor" pos="X">akkor</wf>
         <wf lemma="kezdheted" pos="X">kezdheted</wf>
         <wf lemma="előröl" pos="X">előröl</wf>
         <wf lemma="az" pos="X">az</wf>
         <wf lemma="egészet" pos="X">egészet</wf>
         <wf lemma="." pos="X">.</wf>
      </sentence>
      <sentence id="d000.s1637" source="wordnet-hungarian">
         <wf lemma="A" pos="X">A</wf>
         <instance id="d000.s1637.t000" lemma="brit" pos="NOUN">britek</instance>
         <wf lemma="nagyon" pos="X">nagyon</wf>
         <wf lemma="büszkék" pos="X">büszkék</wf>
         <wf lemma="a" pos="X">a</wf>
         <wf lemma="birodalmukra" pos="X">birodalmukra</wf>
         <wf lemma="." pos="X">.</wf>
      </sentence>
      <sentence id="d000.s1638" source="wordnet-hungarian">
         <wf lemma="Még" pos="X">Még</wf>
         <wf lemma="decemberben" pos="X">decemberben</wf>
         <wf lemma="is" pos="X">is</wf>
         <wf lemma="élénken" pos="X">élénken</wf>
         <instance id="d000.s1638.t000" lemma="él" pos="VERB">élt</instance>
         <wf lemma="bennünk" pos="X">bennünk</wf>
         <wf lemma="a" pos="X">a</wf>
         <wf lemma="nyaralás" pos="X">nyaralás</wf>
         <wf lemma="emléke" pos="X">emléke</wf>
         <wf lemma="." pos="X">.</wf>
      </sentence>
      <sentence id="d000.s1639" source="wordnet-hungarian">
         <wf lemma="Meddig" pos="X">Meddig</wf>
         <instance id="d000.s1639.t000" lemma="tart" pos="VERB">tart</instance>
         <wf lemma="még" pos="X">még</wf>
         <wf lemma="ez" pos="X">ez</wf>
         <wf lemma="a" pos="X">a</wf>
         <wf lemma="bizonytalan" pos="X">bizonytalan</wf>
         <wf lemma="helyzet" pos="X">helyzet</wf>
         <wf lemma="?" pos="X">?</wf>
      </sentence>
      <sentence id="d000.s1640" source="wordnet-hungarian">
         <wf lemma="A" pos="X">A</wf>
         <instance id="d000.s1640.t000" lemma="védőszent" pos="NOUN">védőszentjük</instance>
         <wf lemma="közbenjárását" pos="X">közbenjárását</wf>
         <wf lemma="kérték" pos="X">kérték</wf>
         <wf lemma="mielőtt" pos="X">mielőtt</wf>
         <wf lemma="csatába" pos="X">csatába</wf>
         <wf lemma="indultak" pos="X">indultak</wf>
         <wf lemma="." pos="X">.</wf>
      </sentence>
      <sentence id="d000.s1641" source="wordnet-hungarian">
         <wf lemma="Elektromos" pos="X">Elektromos</wf>
         <wf lemma="gitárja" pos="X">gitárja</wf>
         <wf lemma="mellé" pos="X">mellé</wf>
         <wf lemma="vett" pos="X">vett</wf>
         <wf lemma="egy" pos="X">egy</wf>
         <instance id="d000.s1641.t000" lemma="erősítő" pos="NOUN">erősítőt</instance>
         <wf lemma="is" pos="X">is</wf>
         <wf lemma="." pos="X">.</wf>
      </sentence>
      <sentence id="d000.s1642" source="wordnet-hungarian">
         <wf lemma="Ez" pos="X">Ez</wf>
         <wf lemma="a" pos="X">a</wf>
         <wf lemma="víz" pos="X">víz</wf>
         <instance id="d000.s1642.t000" lemma="ásvány" pos="NOUN">ásványokban</instance>
         <wf lemma="igen" pos="X">igen</wf>
         <wf lemma="gazdag" pos="X">gazdag</wf>
         <wf lemma="." pos="X">.</wf>
      </sentence>
      <sentence id="d000.s1643" source="wordnet-hungarian">
         <wf lemma="Milyen" pos="X">Milyen</wf>
         <wf lemma="hosszú" pos="X">hosszú</wf>
         <wf lemma="is" pos="X">is</wf>
         <wf lemma="a" pos="X">a</wf>
         <wf lemma="böjti" pos="X">böjti</wf>
         <instance id="d000.s1643.t000" lemma="időszak" pos="NOUN">időszak</instance>
         <wf lemma="?" pos="X">?</wf>
      </sentence>
      <sentence id="d000.s1644" source="wordnet-hungarian">
         <wf lemma="A" pos="X">A</wf>
         <wf lemma="kérelmet" pos="X">kérelmet</wf>
         <wf lemma="az" pos="X">az</wf>
         <wf lemma="illetékes" pos="X">illetékes</wf>
         <wf lemma="magyar" pos="X">magyar</wf>
         <instance id="d000.s1644.t000" lemma="konzul" pos="NOUN">konzulnak</instance>
         <wf lemma="kell" pos="X">kell</wf>
         <wf lemma="megküldeni" pos="X">megküldeni</wf>
         <wf lemma="." pos="X">.</wf>
      </sentence>
      <sentence id="d000.s1645" source="wordnet-hungarian">
         <instance id="d000.s1645.t000" lemma="számjegy" pos="NOUN">Számjegyként</instance>
         <wf lemma="a" pos="X">a</wf>
         <wf lemma="nulla" pos="X">nulla</wf>
         <wf lemma="azt" pos="X">azt</wf>
         <wf lemma="fejezi" pos="X">fejezi</wf>
         <wf lemma="ki" pos="X">ki</wf>
         <wf lemma="," pos="X">,</wf>
         <wf lemma="hogy" pos="X">hogy</wf>
         <wf lemma="az" pos="X">az</wf>
         <wf lemma="adott" pos="X">adott</wf>
         <wf lemma="helyiérték" pos="X">helyiérték</wf>
         <wf lemma="egy" pos="X">egy</wf>
         <wf lemma="szám" pos="X">szám</wf>
         <wf lemma="felbontásában" pos="X">felbontásában</wf>
         <wf lemma="nem" pos="X">nem</wf>
         <wf lemma="szerepel" pos="X">szerepel</wf>
         <wf lemma="." pos="X">.</wf>
      </sentence>
      <sentence id="d000.s1646" source="wordnet-hungarian">
         <wf lemma="z" pos="X">z</wf>
         <wf lemma="elítélteket" pos="X">elítélteket</wf>
         <wf lemma="az" pos="X">az</wf>
         <instance id="d000.s1646.t000" lemma="akasztófa" pos="NOUN">akasztófa</instance>
         <wf lemma="alá" pos="X">alá</wf>
         <wf lemma="kísérték" pos="X">kísérték</wf>
         <wf lemma="." pos="X">.</wf>
      </sentence>
      <sentence id="d000.s1647" source="wordnet-hungarian">
         <wf lemma="A" pos="X">A</wf>
         <wf lemma="civilizáció" pos="X">civilizáció</wf>
         <instance id="d000.s1647.t000" lemma="bölcső" pos="NOUN">bölcsője</instance>
         <wf lemma="a" pos="X">a</wf>
         <wf lemma="Közel-Keletre" pos="X">Közel-Keletre</wf>
         <wf lemma="tehető" pos="X">tehető</wf>
         <wf lemma="." pos="X">.</wf>
      </sentence>
      <sentence id="d000.s1648" source="wordnet-hungarian">
         <wf lemma="Az" pos="X">Az</wf>
         <wf lemma="'56-os" pos="X">'56-os</wf>
         <instance id="d000.s1648.t000" lemma="forradalmár" pos="NOUN">forradalmárok</instance>
         <wf lemma="és" pos="X">és</wf>
         <wf lemma="szabadságharcosok" pos="X">szabadságharcosok</wf>
         <wf lemma="zöme" pos="X">zöme</wf>
         <wf lemma="nem" pos="X">nem</wf>
         <wf lemma="fog" pos="X">fog</wf>
         <wf lemma="együtt" pos="X">együtt</wf>
         <wf lemma="ünnepelni" pos="X">ünnepelni</wf>
         <wf lemma="a" pos="X">a</wf>
         <wf lemma="kormánnyal" pos="X">kormánnyal</wf>
         <wf lemma="." pos="X">.</wf>
      </sentence>
      <sentence id="d000.s1649" source="wordnet-hungarian">
         <wf lemma="Ez" pos="X">Ez</wf>
         <wf lemma="a" pos="X">a</wf>
         <wf lemma="szabály" pos="X">szabály</wf>
         <wf lemma="jelenleg" pos="X">jelenleg</wf>
         <wf lemma="is" pos="X">is</wf>
         <instance id="d000.s1649.t000" lemma="hatály" pos="NOUN">hatályban</instance>
         <wf lemma="van" pos="X">van</wf>
         <wf lemma="." pos="X">.</wf>
      </sentence>
      <sentence id="d000.s1650" source="wordnet-hungarian">
         <wf lemma="Javaslata" pos="X">Javaslata</wf>
         <instance id="d000.s1650.t000" lemma="elfogadás" pos="NOUN">elfogadásra</instance>
         <wf lemma="került" pos="X">került</wf>
         <wf lemma="a" pos="X">a</wf>
         <wf lemma="legutóbbi" pos="X">legutóbbi</wf>
         <wf lemma="ülésen" pos="X">ülésen</wf>
         <wf lemma="." pos="X">.</wf>
      </sentence>
      <sentence id="d000.s1651" source="wordnet-hungarian">
         <wf lemma="Letört" pos="X">Letört</wf>
         <wf lemma="az" pos="X">az</wf>
         <wf lemma="egyik" pos="X">egyik</wf>
         <instance id="d000.s1651.t000" lemma="óramutató" pos="NOUN">óramutató</instance>
         <wf lemma="." pos="X">.</wf>
      </sentence>
      <sentence id="d000.s1652" source="wordnet-hungarian">
         <wf lemma="Mindig" pos="X">Mindig</wf>
         <wf lemma="élénken" pos="X">élénken</wf>
         <wf lemma="fel" pos="X">fel</wf>
         <wf lemma="tudta" pos="X">tudta</wf>
         <wf lemma="idézni" pos="X">idézni</wf>
         <wf lemma="korábbi" pos="X">korábbi</wf>
         <instance id="d000.s1652.t000" lemma="tapasztalat" pos="NOUN">tapasztalatait</instance>
         <wf lemma="." pos="X">.</wf>
      </sentence>
      <sentence id="d000.s1653" source="wordnet-hungarian">
         <wf lemma="Erre" pos="X">Erre</wf>
         <wf lemma="a" pos="X">a</wf>
         <instance id="d000.s1653.t000" lemma="tétel" pos="NOUN">tételre</instance>
         <wf lemma="nincs" pos="X">nincs</wf>
         <wf lemma="szükség" pos="X">szükség</wf>
         <wf lemma="." pos="X">.</wf>
      </sentence>
      <sentence id="d000.s1654" source="wordnet-hungarian">
         <wf lemma="A" pos="X">A</wf>
         <instance id="d000.s1654.t000" lemma="szabadúszó" pos="NOUN">szabadúszók</instance>
         <wf lemma="már" pos="X">már</wf>
         <wf lemma="régóta" pos="X">régóta</wf>
         <wf lemma="sok" pos="X">sok</wf>
         <wf lemma="fejfájást" pos="X">fejfájást</wf>
         <wf lemma="okoznak" pos="X">okoznak</wf>
         <wf lemma="a" pos="X">a</wf>
         <wf lemma="Times" pos="X">Times</wf>
         <wf lemma="vezetőinek" pos="X">vezetőinek</wf>
         <wf lemma="." pos="X">.</wf>
      </sentence>
      <sentence id="d000.s1655" source="wordnet-hungarian">
         <wf lemma="A" pos="X">A</wf>
         <wf lemma="betegnek" pos="X">betegnek</wf>
         <instance id="d000.s1655.t000" lemma="tartózkodik" pos="VERB">tartózkodnia</instance>
         <wf lemma="kell" pos="X">kell</wf>
         <wf lemma="az" pos="X">az</wf>
         <wf lemma="alkoholtól" pos="X">alkoholtól</wf>
         <wf lemma="." pos="X">.</wf>
      </sentence>
      <sentence id="d000.s1656" source="wordnet-hungarian">
         <wf lemma="Megtaláltam" pos="X">Megtaláltam</wf>
         <wf lemma="a" pos="X">a</wf>
         <wf lemma="Technika" pos="X">Technika</wf>
         <wf lemma="magazin" pos="X">magazin</wf>
         <wf lemma="egy" pos="X">egy</wf>
         <wf lemma="10" pos="X">10</wf>
         <wf lemma="évvel" pos="X">évvel</wf>
         <wf lemma="ezelőtti" pos="X">ezelőtti</wf>
         <instance id="d000.s1656.t000" lemma="szám" pos="NOUN">számát</instance>
         <wf lemma="a" pos="X">a</wf>
         <wf lemma="padláson" pos="X">padláson</wf>
         <wf lemma="." pos="X">.</wf>
      </sentence>
      <sentence id="d000.s1657" source="wordnet-hungarian">
         <wf lemma="Dalainak" pos="X">Dalainak</wf>
         <instance id="d000.s1657.t000" lemma="népszerűség" pos="NOUN">népszerűsége</instance>
         <wf lemma="mindmáig" pos="X">mindmáig</wf>
         <wf lemma="megmaradt" pos="X">megmaradt</wf>
         <wf lemma="." pos="X">.</wf>
      </sentence>
      <sentence id="d000.s1658" source="wordnet-hungarian">
         <wf lemma="Ha" pos="X">Ha</wf>
         <wf lemma="találkozol" pos="X">találkozol</wf>
         <wf lemma="vele" pos="X">vele</wf>
         <wf lemma="," pos="X">,</wf>
         <wf lemma="ne" pos="X">ne</wf>
         <wf lemma="felejts" pos="X">felejts</wf>
         <wf lemma="el" pos="X">el</wf>
         <wf lemma="kérni" pos="X">kérni</wf>
         <wf lemma="tőle" pos="X">tőle</wf>
         <wf lemma="egy" pos="X">egy</wf>
         <instance id="d000.s1658.t000" lemma="névjegykártya" pos="NOUN">névjegykártyát</instance>
         <wf lemma="a" pos="X">a</wf>
         <wf lemma="számomra" pos="X">számomra</wf>
         <wf lemma="." pos="X">.</wf>
      </sentence>
      <sentence id="d000.s1659" source="wordnet-hungarian">
         <wf lemma="Alig" pos="X">Alig</wf>
         <wf lemma="bírta" pos="X">bírta</wf>
         <wf lemma="összegombolni" pos="X">összegombolni</wf>
         <wf lemma="széles" pos="X">széles</wf>
         <instance id="d000.s1659.t000" lemma="mell" pos="NOUN">mellén</instance>
         <wf lemma="öccse" pos="X">öccse</wf>
         <wf lemma="zakóját" pos="X">zakóját</wf>
         <wf lemma="." pos="X">.</wf>
      </sentence>
      <sentence id="d000.s1660" source="wordnet-hungarian">
         <wf lemma="Az" pos="X">Az</wf>
         <wf lemma="új" pos="X">új</wf>
         <wf lemma="csődtörvény" pos="X">csődtörvény</wf>
         <wf lemma="egyik" pos="X">egyik</wf>
         <wf lemma="legfontosabb" pos="X">legfontosabb</wf>
         <wf lemma="koncepcionális" pos="X">koncepcionális</wf>
         <wf lemma="kérdése" pos="X">kérdése</wf>
         <wf lemma="a" pos="X">a</wf>
         <instance id="d000.s1660.t000" lemma="fizetésképtelenség" pos="NOUN">fizetésképtelenség</instance>
         <wf lemma="." pos="X">.</wf>
      </sentence>
      <sentence id="d000.s1661" source="wordnet-hungarian">
         <wf lemma="A" pos="X">A</wf>
         <instance id="d000.s1661.t000" lemma="befektető" pos="NOUN">befektetők</instance>
         <wf lemma="követelték" pos="X">követelték</wf>
         <wf lemma="a" pos="X">a</wf>
         <wf lemma="nekik" pos="X">nekik</wf>
         <wf lemma="járó" pos="X">járó</wf>
         <wf lemma="hasznot" pos="X">hasznot</wf>
         <wf lemma="." pos="X">.</wf>
      </sentence>
      <sentence id="d000.s1662" source="wordnet-hungarian">
         <wf lemma="Az" pos="X">Az</wf>
         <instance id="d000.s1662.t000" lemma="idézet" pos="NOUN">idézet</instance>
         <wf lemma="mellett" pos="X">mellett</wf>
         <wf lemma="ott" pos="X">ott</wf>
         <wf lemma="volt" pos="X">volt</wf>
         <wf lemma="a" pos="X">a</wf>
         <wf lemma="hivatkozás" pos="X">hivatkozás</wf>
         <wf lemma="is" pos="X">is</wf>
         <wf lemma="." pos="X">.</wf>
      </sentence>
      <sentence id="d000.s1663" source="wordnet-hungarian">
         <wf lemma="Az" pos="X">Az</wf>
         <instance id="d000.s1663.t000" lemma="operátor" pos="NOUN">operátor</instance>
         <wf lemma="minden" pos="X">minden</wf>
         <wf lemma="egyes" pos="X">egyes</wf>
         <wf lemma="saját" pos="X">saját</wf>
         <wf lemma="értékéhez" pos="X">értékéhez</wf>
         <wf lemma="hozzátartozik" pos="X">hozzátartozik</wf>
         <wf lemma="egy-egy" pos="X">egy-egy</wf>
         <wf lemma="saját" pos="X">saját</wf>
         <wf lemma="függvény" pos="X">függvény</wf>
         <wf lemma="." pos="X">.</wf>
      </sentence>
      <sentence id="d000.s1664" source="wordnet-hungarian">
         <wf lemma="Az" pos="X">Az</wf>
         <wf lemma="oroszlánok" pos="X">oroszlánok</wf>
         <wf lemma="közül" pos="X">közül</wf>
         <wf lemma="a" pos="X">a</wf>
         <instance id="d000.s1664.t000" lemma="nőstény" pos="NOUN">nőstények</instance>
         <wf lemma="harciasan" pos="X">harciasan</wf>
         <wf lemma="védik" pos="X">védik</wf>
         <wf lemma="a" pos="X">a</wf>
         <wf lemma="kölykeiket" pos="X">kölykeiket</wf>
         <wf lemma="." pos="X">.</wf>
      </sentence>
      <sentence id="d000.s1665" source="wordnet-hungarian">
         <wf lemma="A" pos="X">A</wf>
         <wf lemma="közjegyző" pos="X">közjegyző</wf>
         <instance id="d000.s1665.t000" lemma="hitelesít" pos="VERB">hitelesítette</instance>
         <wf lemma="az" pos="X">az</wf>
         <wf lemma="iratokat" pos="X">iratokat</wf>
         <wf lemma="." pos="X">.</wf>
      </sentence>
      <sentence id="d000.s1666" source="wordnet-hungarian">
         <wf lemma="Utálom" pos="X">Utálom</wf>
         <wf lemma="a" pos="X">a</wf>
         <instance id="d000.s1666.t000" lemma="fánk" pos="NOUN">fánkot</instance>
         <wf lemma="." pos="X">.</wf>
      </sentence>
      <sentence id="d000.s1667" source="wordnet-hungarian">
         <wf lemma="Slotát" pos="X">Slotát</wf>
         <wf lemma="a" pos="X">a</wf>
         <instance id="d000.s1667.t000" lemma="hányinger" pos="NOUN">hányinger</instance>
         <wf lemma="kerülgeti" pos="X">kerülgeti</wf>
         <wf lemma="néhány" pos="X">néhány</wf>
         <wf lemma="kereszténydemokratától" pos="X">kereszténydemokratától</wf>
         <wf lemma="." pos="X">.</wf>
      </sentence>
      <sentence id="d000.s1668" source="wordnet-hungarian">
         <wf lemma="A" pos="X">A</wf>
         <instance id="d000.s1668.t000" lemma="hiposztázis" pos="NOUN">hiposztázis</instance>
         <wf lemma="szó" pos="X">szó</wf>
         <wf lemma="etimológiája" pos="X">etimológiája</wf>
         <wf lemma="a" pos="X">a</wf>
         <wf lemma="latin" pos="X">latin</wf>
         <wf lemma="substantia-ra" pos="X">substantia-ra</wf>
         <wf lemma="(" pos="X">(</wf>
         <wf lemma="lényeg" pos="X">lényeg</wf>
         <wf lemma="," pos="X">,</wf>
         <wf lemma="tulajdonságokon" pos="X">tulajdonságokon</wf>
         <wf lemma="túli" pos="X">túli</wf>
         <wf lemma="minőség" pos="X">minőség</wf>
         <wf lemma=")" pos="X">)</wf>
         <wf lemma="vezethető" pos="X">vezethető</wf>
         <wf lemma="vissza" pos="X">vissza</wf>
         <wf lemma="," pos="X">,</wf>
         <wf lemma="de" pos="X">de</wf>
         <wf lemma="a" pos="X">a</wf>
         <wf lemma="keresztény" pos="X">keresztény</wf>
         <wf lemma="teológia" pos="X">teológia</wf>
         <wf lemma="kontextusában" pos="X">kontextusában</wf>
         <wf lemma="általában" pos="X">általában</wf>
         <wf lemma="a" pos="X">a</wf>
         <wf lemma="latin" pos="X">latin</wf>
         <wf lemma="persona-ként" pos="X">persona-ként</wf>
         <wf lemma="(" pos="X">(</wf>
         <wf lemma="személy" pos="X">személy</wf>
         <wf lemma=")" pos="X">)</wf>
         <wf lemma="fordítják" pos="X">fordítják</wf>
         <wf lemma="," pos="X">,</wf>
         <wf lemma="(" pos="X">(</wf>
         <wf lemma="l." pos="X">l.</wf>
         <wf lemma="szentháromság" pos="X">szentháromság</wf>
         <wf lemma="-" pos="X">-</wf>
         <wf lemma="három" pos="X">három</wf>
         <wf lemma="személy" pos="X">személy</wf>
         <wf lemma=")" pos="X">)</wf>
         <wf lemma="." pos="X">.</wf>
      </sentence>
      <sentence id="d000.s1669" source="wordnet-hungarian">
         <wf lemma="Táplálásra" pos="X">Táplálásra</wf>
         <wf lemma="nem" pos="X">nem</wf>
         <wf lemma="különösebben" pos="X">különösebben</wf>
         <wf lemma="igényes" pos="X">igényes</wf>
         <wf lemma="napraforgó" pos="X">napraforgó</wf>
         <wf lemma="," pos="X">,</wf>
         <wf lemma="kukorica" pos="X">kukorica</wf>
         <wf lemma="," pos="X">,</wf>
         <wf lemma="zab" pos="X">zab</wf>
         <wf lemma="," pos="X">,</wf>
         <wf lemma="gabonamagvak" pos="X">gabonamagvak</wf>
         <wf lemma="és" pos="X">és</wf>
         <instance id="d000.s1669.t000" lemma="köles" pos="NOUN">köles</instance>
         <wf lemma="alkothatják" pos="X">alkothatják</wf>
         <wf lemma="a" pos="X">a</wf>
         <wf lemma="takarmányozás" pos="X">takarmányozás</wf>
         <wf lemma="gerincét" pos="X">gerincét</wf>
         <wf lemma="." pos="X">.</wf>
      </sentence>
      <sentence id="d000.s1670" source="wordnet-hungarian">
         <wf lemma="A" pos="X">A</wf>
         <wf lemma="kampányban" pos="X">kampányban</wf>
         <wf lemma="elsősorban" pos="X">elsősorban</wf>
         <wf lemma="a" pos="X">a</wf>
         <instance id="d000.s1670.t000" lemma="kiskereskedő" pos="NOUN">kiskereskedőket</instance>
         <wf lemma="kívánják" pos="X">kívánják</wf>
         <wf lemma="meggyőzni" pos="X">meggyőzni</wf>
         <wf lemma="a" pos="X">a</wf>
         <wf lemma="bankkártyák" pos="X">bankkártyák</wf>
         <wf lemma="elfogadásának" pos="X">elfogadásának</wf>
         <wf lemma="előnyeiről" pos="X">előnyeiről</wf>
         <wf lemma="." pos="X">.</wf>
      </sentence>
      <sentence id="d000.s1671" source="wordnet-hungarian">
         <wf lemma="A" pos="X">A</wf>
         <wf lemma="legjobb" pos="X">legjobb</wf>
         <wf lemma="szivaralapanyag" pos="X">szivaralapanyag</wf>
         <wf lemma="a" pos="X">a</wf>
         <wf lemma="kubai" pos="X">kubai</wf>
         <instance id="d000.s1671.t000" lemma="dohány" pos="NOUN">dohány</instance>
         <wf lemma="." pos="X">.</wf>
      </sentence>
      <sentence id="d000.s1672" source="wordnet-hungarian">
         <wf lemma="Nagy" pos="X">Nagy</wf>
         <wf lemma="Károly" pos="X">Károly</wf>
         <wf lemma="," pos="X">,</wf>
         <wf lemma="aki" pos="X">aki</wf>
         <wf lemma="768" pos="X">768</wf>
         <wf lemma="óta" pos="X">óta</wf>
         <wf lemma="a" pos="X">a</wf>
         <wf lemma="Patricius" pos="X">Patricius</wf>
         <wf lemma="Romanorum" pos="X">Romanorum</wf>
         <wf lemma="címet" pos="X">címet</wf>
         <wf lemma="viselte" pos="X">viselte</wf>
         <wf lemma="," pos="X">,</wf>
         <wf lemma="774-től" pos="X">774-től</wf>
         <wf lemma="a" pos="X">a</wf>
         <instance id="d000.s1672.t000" lemma="longobárd" pos="NOUN">longobárdok</instance>
         <wf lemma="királya" pos="X">királya</wf>
         <wf lemma="volt" pos="X">volt</wf>
         <wf lemma="." pos="X">.</wf>
      </sentence>
      <sentence id="d000.s1673" source="wordnet-hungarian">
         <wf lemma="A" pos="X">A</wf>
         <wf lemma="papírt" pos="X">papírt</wf>
         <instance id="d000.s1673.t000" lemma="olló" pos="NOUN">ollóval</instance>
         <wf lemma="vágjuk" pos="X">vágjuk</wf>
         <wf lemma="ketté" pos="X">ketté</wf>
         <wf lemma="." pos="X">.</wf>
      </sentence>
      <sentence id="d000.s1674" source="wordnet-hungarian">
         <wf lemma="A" pos="X">A</wf>
         <instance id="d000.s1674.t000" lemma="fal" pos="NOUN">falra</instance>
         <wf lemma="szerelt" pos="X">szerelt</wf>
         <wf lemma="polcra" pos="X">polcra</wf>
         <wf lemma="könyveket" pos="X">könyveket</wf>
         <wf lemma="rakott" pos="X">rakott</wf>
         <wf lemma="." pos="X">.</wf>
      </sentence>
      <sentence id="d000.s1675" source="wordnet-hungarian">
         <wf lemma="Román" pos="X">Román</wf>
         <wf lemma="stílusú" pos="X">stílusú</wf>
         <instance id="d000.s1675.t000" lemma="oszlopfő" pos="NOUN">oszlopfőt</instance>
         <wf lemma="találtak" pos="X">találtak</wf>
         <wf lemma="az" pos="X">az</wf>
         <wf lemma="ásatásokon" pos="X">ásatásokon</wf>
         <wf lemma="." pos="X">.</wf>
      </sentence>
      <sentence id="d000.s1676" source="wordnet-hungarian">
         <wf lemma="Nem" pos="X">Nem</wf>
         <wf lemma="szakemberek" pos="X">szakemberek</wf>
         <wf lemma="kerülnek" pos="X">kerülnek</wf>
         <wf lemma="ki" pos="X">ki</wf>
         <wf lemma="ezen" pos="X">ezen</wf>
         <wf lemma="intézményekből" pos="X">intézményekből</wf>
         <wf lemma="," pos="X">,</wf>
         <wf lemma="hanem" pos="X">hanem</wf>
         <wf lemma="diplomás" pos="X">diplomás</wf>
         <instance id="d000.s1676.t000" lemma="tökfilkó" pos="NOUN">tökfilkók</instance>
         <wf lemma="." pos="X">.</wf>
      </sentence>
      <sentence id="d000.s1677" source="wordnet-hungarian">
         <instance id="d000.s1677.t000" lemma="hangya" pos="NOUN">Hangyák</instance>
         <wf lemma="lepték" pos="X">lepték</wf>
         <wf lemma="el" pos="X">el</wf>
         <wf lemma="a" pos="X">a</wf>
         <wf lemma="kertet" pos="X">kertet</wf>
         <wf lemma="." pos="X">.</wf>
      </sentence>
      <sentence id="d000.s1678" source="wordnet-hungarian">
         <wf lemma="A" pos="X">A</wf>
         <instance id="d000.s1678.t000" lemma="csillagfürt" pos="NOUN">csillagfürt</instance>
         <wf lemma="nagyon" pos="X">nagyon</wf>
         <wf lemma="régi" pos="X">régi</wf>
         <wf lemma="kultúrnövény" pos="X">kultúrnövény</wf>
         <wf lemma="," pos="X">,</wf>
         <wf lemma="termesztésével" pos="X">termesztésével</wf>
         <wf lemma="már" pos="X">már</wf>
         <wf lemma="az" pos="X">az</wf>
         <wf lemma="ókorban" pos="X">ókorban</wf>
         <wf lemma="is" pos="X">is</wf>
         <wf lemma="foglalkoztak" pos="X">foglalkoztak</wf>
         <wf lemma="." pos="X">.</wf>
      </sentence>
      <sentence id="d000.s1679" source="wordnet-hungarian">
         <wf lemma="Mi" pos="X">Mi</wf>
         <wf lemma="a" pos="X">a</wf>
         <instance id="d000.s1679.t000" lemma="nemzetiség" pos="NOUN">nemzetisége</instance>
         <wf lemma="?" pos="X">?</wf>
      </sentence>
      <sentence id="d000.s1680" source="wordnet-hungarian">
         <wf lemma="A" pos="X">A</wf>
         <wf lemma="könnyzacskóból" pos="X">könnyzacskóból</wf>
         <wf lemma="kiinduló" pos="X">kiinduló</wf>
         <instance id="d000.s1680.t000" lemma="csatorna" pos="NOUN">csatornán</instance>
         <wf lemma="keresztül" pos="X">keresztül</wf>
         <wf lemma="kerül" pos="X">kerül</wf>
         <wf lemma="a" pos="X">a</wf>
         <wf lemma="folyadék" pos="X">folyadék</wf>
         <wf lemma="a" pos="X">a</wf>
         <wf lemma="külvilágba" pos="X">külvilágba</wf>
         <wf lemma="." pos="X">.</wf>
      </sentence>
      <sentence id="d000.s1681" source="wordnet-hungarian">
         <wf lemma="Sok" pos="X">Sok</wf>
         <wf lemma="csúszómászó" pos="X">csúszómászó</wf>
         <wf lemma="is" pos="X">is</wf>
         <wf lemma="élt" pos="X">élt</wf>
         <wf lemma="az" pos="X">az</wf>
         <instance id="d000.s1681.t000" lemma="ingovány" pos="NOUN">ingoványban</instance>
         <wf lemma="," pos="X">,</wf>
         <wf lemma="köztük" pos="X">köztük</wf>
         <wf lemma="halálos" pos="X">halálos</wf>
         <wf lemma="mérgű" pos="X">mérgű</wf>
         <wf lemma="kígyók" pos="X">kígyók</wf>
         <wf lemma="is" pos="X">is</wf>
         <wf lemma="." pos="X">.</wf>
      </sentence>
      <sentence id="d000.s1682" source="wordnet-hungarian">
         <wf lemma="A" pos="X">A</wf>
         <wf lemma="falu" pos="X">falu</wf>
         <wf lemma="a" pos="X">a</wf>
         <wf lemma="Kovácsi" pos="X">Kovácsi</wf>
         <wf lemma="hegy" pos="X">hegy</wf>
         <wf lemma="lábánál" pos="X">lábánál</wf>
         <wf lemma="a" pos="X">a</wf>
         <wf lemma="vindornyai" pos="X">vindornyai</wf>
         <instance id="d000.s1682.t000" lemma="tőzegláp" pos="NOUN">tőzegláp</instance>
         <wf lemma="északi" pos="X">északi</wf>
         <wf lemma="csücskénél" pos="X">csücskénél</wf>
         <wf lemma="fekszik" pos="X">fekszik</wf>
         <wf lemma="." pos="X">.</wf>
      </sentence>
      <sentence id="d000.s1683" source="wordnet-hungarian">
         <wf lemma="Ki" pos="X">Ki</wf>
         <instance id="d000.s1683.t000" lemma="vezet" pos="VERB">vezeti</instance>
         <wf lemma="a" pos="X">a</wf>
         <wf lemma="délutáni" pos="X">délutáni</wf>
         <wf lemma="szekciót" pos="X">szekciót</wf>
         <wf lemma="?" pos="X">?</wf>
      </sentence>
      <sentence id="d000.s1684" source="wordnet-hungarian">
         <wf lemma="A" pos="X">A</wf>
         <wf lemma="hétvégére" pos="X">hétvégére</wf>
         <wf lemma="az" pos="X">az</wf>
         <wf lemma="összes" pos="X">összes</wf>
         <instance id="d000.s1684.t000" lemma="élelmiszer" pos="NOUN">élelmiszer</instance>
         <wf lemma="elfogyott" pos="X">elfogyott</wf>
         <wf lemma="a" pos="X">a</wf>
         <wf lemma="boltból" pos="X">boltból</wf>
         <wf lemma="." pos="X">.</wf>
      </sentence>
      <sentence id="d000.s1685" source="wordnet-hungarian">
         <wf lemma="Fülöp" pos="X">Fülöp</wf>
         <wf lemma="," pos="X">,</wf>
         <wf lemma="aki" pos="X">aki</wf>
         <wf lemma="gyűlöli" pos="X">gyűlöli</wf>
         <wf lemma="a" pos="X">a</wf>
         <instance id="d000.s1685.t000" lemma="flamand" pos="NOUN">flamandokat</instance>
         <wf lemma="," pos="X">,</wf>
         <wf lemma="Alba" pos="X">Alba</wf>
         <wf lemma="herceget" pos="X">herceget</wf>
         <wf lemma="küldi" pos="X">küldi</wf>
         <wf lemma="Orániai" pos="X">Orániai</wf>
         <wf lemma="Vilmos" pos="X">Vilmos</wf>
         <wf lemma="csapatai" pos="X">csapatai</wf>
         <wf lemma="ellen" pos="X">ellen</wf>
         <wf lemma="." pos="X">.</wf>
      </sentence>
      <sentence id="d000.s1686" source="wordnet-hungarian">
         <instance id="d000.s1686.t000" lemma="támogatás" pos="NOUN">Támogatásával</instance>
         <wf lemma="a" pos="X">a</wf>
         <wf lemma="család" pos="X">család</wf>
         <wf lemma="együtt" pos="X">együtt</wf>
         <wf lemma="maradhatott" pos="X">maradhatott</wf>
         <wf lemma="." pos="X">.</wf>
      </sentence>
      <sentence id="d000.s1687" source="wordnet-hungarian">
         <wf lemma="Nagyon" pos="X">Nagyon</wf>
         <wf lemma="ritkán" pos="X">ritkán</wf>
         <wf lemma="akadok" pos="X">akadok</wf>
         <wf lemma="össze" pos="X">össze</wf>
         <wf lemma="néhány" pos="X">néhány</wf>
         <instance id="d000.s1687.t000" lemma="honfitárs" pos="NOUN">honfitársammal</instance>
         <wf lemma="világkörüli" pos="X">világkörüli</wf>
         <wf lemma="utazásaim" pos="X">utazásaim</wf>
         <wf lemma="során" pos="X">során</wf>
         <wf lemma="." pos="X">.</wf>
      </sentence>
      <sentence id="d000.s1688" source="wordnet-hungarian">
         <wf lemma="A" pos="X">A</wf>
         <instance id="d000.s1688.t000" lemma="gong" pos="NOUN">gong</instance>
         <wf lemma="csak" pos="X">csak</wf>
         <wf lemma="kétszer" pos="X">kétszer</wf>
         <wf lemma="szólal" pos="X">szólal</wf>
         <wf lemma="meg" pos="X">meg</wf>
         <wf lemma="a" pos="X">a</wf>
         <wf lemma="műben" pos="X">műben</wf>
         <wf lemma="." pos="X">.</wf>
      </sentence>
      <sentence id="d000.s1689" source="wordnet-hungarian">
         <wf lemma="Ha" pos="X">Ha</wf>
         <wf lemma="ennyi" pos="X">ennyi</wf>
         <wf lemma="a" pos="X">a</wf>
         <instance id="d000.s1689.t000" lemma="tehetség" pos="NOUN">tehetség</instance>
         <wf lemma="," pos="X">,</wf>
         <wf lemma="hogy" pos="X">hogy</wf>
         <wf lemma="lehet" pos="X">lehet</wf>
         <wf lemma="," pos="X">,</wf>
         <wf lemma="hogy" pos="X">hogy</wf>
         <wf lemma="nem" pos="X">nem</wf>
         <wf lemma="halad" pos="X">halad</wf>
         <wf lemma="előre" pos="X">előre</wf>
         <wf lemma="semmi" pos="X">semmi</wf>
         <wf lemma="?" pos="X">?</wf>
      </sentence>
      <sentence id="d000.s1690" source="wordnet-hungarian">
         <wf lemma="Egyik" pos="X">Egyik</wf>
         <instance id="d000.s1690.t000" lemma="antacid" pos="NOUN">antacid</instance>
         <wf lemma="sem" pos="X">sem</wf>
         <wf lemma="gyógyítja" pos="X">gyógyítja</wf>
         <wf lemma="meg" pos="X">meg</wf>
         <wf lemma="a" pos="X">a</wf>
         <wf lemma="reflux-oesophagitist" pos="X">reflux-oesophagitist</wf>
         <wf lemma="." pos="X">.</wf>
      </sentence>
      <sentence id="d000.s1691" source="wordnet-hungarian">
         <wf lemma="A" pos="X">A</wf>
         <wf lemma="primerköri" pos="X">primerköri</wf>
         <wf lemma="mérések" pos="X">mérések</wf>
         <wf lemma="kiterjednek" pos="X">kiterjednek</wf>
         <wf lemma="a" pos="X">a</wf>
         <instance id="d000.s1691.t000" lemma="nemesgáz" pos="NOUN">nemesgáz</instance>
         <wf lemma="izotópokra" pos="X">izotópokra</wf>
         <wf lemma="is" pos="X">is</wf>
         <wf lemma="." pos="X">.</wf>
      </sentence>
      <sentence id="d000.s1692" source="wordnet-hungarian">
         <wf lemma="Könyvszekrényén" pos="X">Könyvszekrényén</wf>
         <wf lemma="semmi" pos="X">semmi</wf>
         <wf lemma="más" pos="X">más</wf>
         <wf lemma="nem" pos="X">nem</wf>
         <wf lemma="volt" pos="X">volt</wf>
         <wf lemma="," pos="X">,</wf>
         <wf lemma="csak" pos="X">csak</wf>
         <instance id="d000.s1692.t000" lemma="regény" pos="NOUN">regények</instance>
         <wf lemma="." pos="X">.</wf>
      </sentence>
      <sentence id="d000.s1693" source="wordnet-hungarian">
         <wf lemma="A" pos="X">A</wf>
         <wf lemma="rendőr" pos="X">rendőr</wf>
         <wf lemma="felszólítására" pos="X">felszólítására</wf>
         <wf lemma="zsebe" pos="X">zsebe</wf>
         <instance id="d000.s1693.t000" lemma="tartalom" pos="NOUN">tartalmát</instance>
         <wf lemma="az" pos="X">az</wf>
         <wf lemma="asztalra" pos="X">asztalra</wf>
         <wf lemma="borította" pos="X">borította</wf>
         <wf lemma="." pos="X">.</wf>
      </sentence>
      <sentence id="d000.s1694" source="wordnet-hungarian">
         <wf lemma="Ahogy" pos="X">Ahogy</wf>
         <wf lemma="látta" pos="X">látta</wf>
         <wf lemma="," pos="X">,</wf>
         <wf lemma="hogy" pos="X">hogy</wf>
         <wf lemma="a" pos="X">a</wf>
         <wf lemma="dolgok" pos="X">dolgok</wf>
         <wf lemma="egyre" pos="X">egyre</wf>
         <wf lemma="jobban" pos="X">jobban</wf>
         <wf lemma="alakulnak" pos="X">alakulnak</wf>
         <wf lemma="," pos="X">,</wf>
         <wf lemma="a" pos="X">a</wf>
         <wf lemma="bánat" pos="X">bánat</wf>
         <wf lemma="helyét" pos="X">helyét</wf>
         <instance id="d000.s1694.t000" lemma="optimizmus" pos="NOUN">optimizmus</instance>
         <wf lemma="vette" pos="X">vette</wf>
         <wf lemma="át" pos="X">át</wf>
         <wf lemma="." pos="X">.</wf>
      </sentence>
      <sentence id="d000.s1695" source="wordnet-hungarian">
         <wf lemma="Az" pos="X">Az</wf>
         <wf lemma="ország" pos="X">ország</wf>
         <wf lemma="sorsa" pos="X">sorsa</wf>
         <wf lemma="az" pos="X">az</wf>
         <instance id="d000.s1695.t000" lemma="arisztokrata" pos="NOUN">arisztokraták</instance>
         <wf lemma="kezében" pos="X">kezében</wf>
         <wf lemma="volt" pos="X">volt</wf>
         <wf lemma="." pos="X">.</wf>
      </sentence>
      <sentence id="d000.s1696" source="wordnet-hungarian">
         <wf lemma="Az" pos="X">Az</wf>
         <wf lemma="&amp;quot;elektromágnesesség&amp;quot" pos="X">&amp;quot;elektromágnesesség&amp;quot</wf>
         <wf lemma=";" pos="X">;</wf>
         <wf lemma="kifejezés" pos="X">kifejezés</wf>
         <wf lemma="az" pos="X">az</wf>
         <instance id="d000.s1696.t000" lemma="elektromosság" pos="NOUN">elektromosság</instance>
         <wf lemma="és" pos="X">és</wf>
         <wf lemma="mágnesesség" pos="X">mágnesesség</wf>
         <wf lemma="közeli" pos="X">közeli</wf>
         <wf lemma="kapcsolatára" pos="X">kapcsolatára</wf>
         <wf lemma="utal" pos="X">utal</wf>
         <wf lemma="." pos="X">.</wf>
      </sentence>
      <sentence id="d000.s1697" source="wordnet-hungarian">
         <wf lemma="A" pos="X">A</wf>
         <instance id="d000.s1697.t000" lemma="szüfrazsett" pos="NOUN">szüfrazsettek</instance>
         <wf lemma="hatalmas" pos="X">hatalmas</wf>
         <wf lemma="tüntetést" pos="X">tüntetést</wf>
         <wf lemma="szerveznek" pos="X">szerveznek</wf>
         <wf lemma="Angliában" pos="X">Angliában</wf>
         <wf lemma="a" pos="X">a</wf>
         <wf lemma="nők" pos="X">nők</wf>
         <wf lemma="választójogáért" pos="X">választójogáért</wf>
         <wf lemma="." pos="X">.</wf>
      </sentence>
      <sentence id="d000.s1698" source="wordnet-hungarian">
         <wf lemma="Elkerülhető" pos="X">Elkerülhető</wf>
         <wf lemma="a" pos="X">a</wf>
         <wf lemma="körbetartozás" pos="X">körbetartozás</wf>
         <wf lemma="miatti" pos="X">miatti</wf>
         <instance id="d000.s1698.t000" lemma="fizetésképtelenség" pos="NOUN">fizetésképtelenség</instance>
         <wf lemma="?" pos="X">?</wf>
      </sentence>
      <sentence id="d000.s1699" source="wordnet-hungarian">
         <wf lemma="Dél-Európában" pos="X">Dél-Európában</wf>
         <wf lemma="és" pos="X">és</wf>
         <wf lemma="a" pos="X">a</wf>
         <wf lemma="Földközi-tenger" pos="X">Földközi-tenger</wf>
         <wf lemma="partvidékén" pos="X">partvidékén</wf>
         <wf lemma="honos" pos="X">honos</wf>
         <instance id="d000.s1699.t000" lemma="kapri" pos="NOUN">kapri</instance>
         <wf lemma="cserje" pos="X">cserje</wf>
         <wf lemma="." pos="X">.</wf>
      </sentence>
      <sentence id="d000.s1700" source="wordnet-hungarian">
         <wf lemma="A" pos="X">A</wf>
         <instance id="d000.s1700.t000" lemma="kölcsönbérlet" pos="NOUN">kölcsönbérlet</instance>
         <wf lemma="a" pos="X">a</wf>
         <wf lemma="II.világháború" pos="X">II.világháború</wf>
         <wf lemma="alatt" pos="X">alatt</wf>
         <wf lemma="igazán" pos="X">igazán</wf>
         <wf lemma="nagylelkű" pos="X">nagylelkű</wf>
         <wf lemma="tett" pos="X">tett</wf>
         <wf lemma="volt" pos="X">volt</wf>
         <wf lemma="." pos="X">.</wf>
      </sentence>
      <sentence id="d000.s1701" source="wordnet-hungarian">
         <wf lemma="A" pos="X">A</wf>
         <wf lemma="vírus" pos="X">vírus</wf>
         <wf lemma="megjelenése" pos="X">megjelenése</wf>
         <instance id="d000.s1701.t000" lemma="összezavar" pos="VERB">összezavarta</instance>
         <wf lemma="a" pos="X">a</wf>
         <wf lemma="rendszert" pos="X">rendszert</wf>
         <wf lemma="." pos="X">.</wf>
      </sentence>
      <sentence id="d000.s1702" source="wordnet-hungarian">
         <wf lemma="Jóska" pos="X">Jóska</wf>
         <wf lemma="apukája" pos="X">apukája</wf>
         <wf lemma="a" pos="X">a</wf>
         <wf lemma="válás" pos="X">válás</wf>
         <wf lemma="óta" pos="X">óta</wf>
         <wf lemma="egyfolytában" pos="X">egyfolytában</wf>
         <instance id="d000.s1702.t000" lemma="iszik" pos="VERB">iszik</instance>
         <wf lemma="." pos="X">.</wf>
      </sentence>
      <sentence id="d000.s1703" source="wordnet-hungarian">
         <wf lemma="Az" pos="X">Az</wf>
         <wf lemma="előadás" pos="X">előadás</wf>
         <instance id="d000.s1703.t000" lemma="kezdet" pos="NOUN">kezdete</instance>
         <wf lemma="mindenkit" pos="X">mindenkit</wf>
         <wf lemma="meglepett" pos="X">meglepett</wf>
         <wf lemma="." pos="X">.</wf>
      </sentence>
      <sentence id="d000.s1704" source="wordnet-hungarian">
         <wf lemma="A" pos="X">A</wf>
         <wf lemma="tanács" pos="X">tanács</wf>
         <wf lemma="a" pos="X">a</wf>
         <wf lemma="király" pos="X">király</wf>
         <instance id="d000.s1704.t000" lemma="irányítás" pos="NOUN">irányítása</instance>
         <wf lemma="alá" pos="X">alá</wf>
         <wf lemma="tartozik" pos="X">tartozik</wf>
         <wf lemma="." pos="X">.</wf>
      </sentence>
      <sentence id="d000.s1705" source="wordnet-hungarian">
         <wf lemma="Igazán" pos="X">Igazán</wf>
         <wf lemma="bánatosnak" pos="X">bánatosnak</wf>
         <instance id="d000.s1705.t000" lemma="érez" pos="VERB">érezte</instance>
         <wf lemma="magát" pos="X">magát</wf>
         <wf lemma="." pos="X">.</wf>
      </sentence>
      <sentence id="d000.s1706" source="wordnet-hungarian">
         <instance id="d000.s1706.t000" lemma="kötelezettségvállalás" pos="NOUN">Kötelezettségvállalásait</instance>
         <wf lemma="eddig" pos="X">eddig</wf>
         <wf lemma="minden" pos="X">minden</wf>
         <wf lemma="esetben" pos="X">esetben</wf>
         <wf lemma="teljesítette" pos="X">teljesítette</wf>
         <wf lemma="." pos="X">.</wf>
      </sentence>
      <sentence id="d000.s1707" source="wordnet-hungarian">
         <wf lemma="A" pos="X">A</wf>
         <wf lemma="Volvo" pos="X">Volvo</wf>
         <wf lemma="egy" pos="X">egy</wf>
         <wf lemma="jó" pos="X">jó</wf>
         <instance id="d000.s1707.t000" lemma="márka" pos="NOUN">márka</instance>
         <wf lemma="a" pos="X">a</wf>
         <wf lemma="biztonságos" pos="X">biztonságos</wf>
         <wf lemma="autók" pos="X">autók</wf>
         <wf lemma="piacán" pos="X">piacán</wf>
         <wf lemma="." pos="X">.</wf>
      </sentence>
      <sentence id="d000.s1708" source="wordnet-hungarian">
         <wf lemma="Apa" pos="X">Apa</wf>
         <instance id="d000.s1708.t000" lemma="kifejt" pos="VERB">kifejtette</instance>
         <wf lemma="befolyását" pos="X">befolyását</wf>
         <wf lemma="a" pos="X">a</wf>
         <wf lemma="munkahelyén" pos="X">munkahelyén</wf>
         <wf lemma="." pos="X">.</wf>
      </sentence>
      <sentence id="d000.s1709" source="wordnet-hungarian">
         <wf lemma="Az" pos="X">Az</wf>
         <instance id="d000.s1709.t000" lemma="önkielégítés" pos="NOUN">önkielégítés</instance>
         <wf lemma="olyan" pos="X">olyan</wf>
         <wf lemma="tabu" pos="X">tabu</wf>
         <wf lemma="téma" pos="X">téma</wf>
         <wf lemma="," pos="X">,</wf>
         <wf lemma="amiről" pos="X">amiről</wf>
         <wf lemma="nem" pos="X">nem</wf>
         <wf lemma="szokás" pos="X">szokás</wf>
         <wf lemma="beszélni" pos="X">beszélni</wf>
         <wf lemma="." pos="X">.</wf>
      </sentence>
      <sentence id="d000.s1710" source="wordnet-hungarian">
         <instance id="d000.s1710.t000" lemma="engedély" pos="NOUN">Engedélyt</instance>
         <wf lemma="kért" pos="X">kért</wf>
         <wf lemma="a" pos="X">a</wf>
         <wf lemma="távozásra" pos="X">távozásra</wf>
         <wf lemma="." pos="X">.</wf>
      </sentence>
      <sentence id="d000.s1711" source="wordnet-hungarian">
         <wf lemma="A" pos="X">A</wf>
         <wf lemma="helyzet" pos="X">helyzet</wf>
         <instance id="d000.s1711.t000" lemma="valóság" pos="NOUN">valóságára</instance>
         <wf lemma="szép" pos="X">szép</wf>
         <wf lemma="lassan" pos="X">lassan</wf>
         <wf lemma="rá" pos="X">rá</wf>
         <wf lemma="kellett" pos="X">kellett</wf>
         <wf lemma="ébrednie" pos="X">ébrednie</wf>
         <wf lemma="." pos="X">.</wf>
      </sentence>
      <sentence id="d000.s1712" source="wordnet-hungarian">
         <wf lemma="Egy" pos="X">Egy</wf>
         <wf lemma="nagy" pos="X">nagy</wf>
         <instance id="d000.s1712.t000" lemma="rakás" pos="NOUN">rakás</instance>
         <wf lemma="régi" pos="X">régi</wf>
         <wf lemma="fényképet" pos="X">fényképet</wf>
         <wf lemma="találtam" pos="X">találtam</wf>
         <wf lemma="a" pos="X">a</wf>
         <wf lemma="padláson" pos="X">padláson</wf>
         <wf lemma="." pos="X">.</wf>
      </sentence>
      <sentence id="d000.s1713" source="wordnet-hungarian">
         <wf lemma="A" pos="X">A</wf>
         <instance id="d000.s1713.t000" lemma="toborzás" pos="NOUN">toborzás</instance>
         <wf lemma="sikeres" pos="X">sikeres</wf>
         <wf lemma="volt" pos="X">volt</wf>
         <wf lemma="," pos="X">,</wf>
         <wf lemma="egy" pos="X">egy</wf>
         <wf lemma="új" pos="X">új</wf>
         <wf lemma="hadosztályt" pos="X">hadosztályt</wf>
         <wf lemma="is" pos="X">is</wf>
         <wf lemma="fel" pos="X">fel</wf>
         <wf lemma="tudtak" pos="X">tudtak</wf>
         <wf lemma="állítani" pos="X">állítani</wf>
         <wf lemma="." pos="X">.</wf>
      </sentence>
      <sentence id="d000.s1714" source="wordnet-hungarian">
         <wf lemma="Az" pos="X">Az</wf>
         <wf lemma="izraelita" pos="X">izraelita</wf>
         <wf lemma="vallás" pos="X">vallás</wf>
         <wf lemma="(" pos="X">(</wf>
         <wf lemma="zsidó" pos="X">zsidó</wf>
         <wf lemma="vallás" pos="X">vallás</wf>
         <wf lemma="," pos="X">,</wf>
         <instance id="d000.s1714.t000" lemma="judaizmus" pos="NOUN">judaizmus</instance>
         <wf lemma=")" pos="X">)</wf>
         <wf lemma="egyike" pos="X">egyike</wf>
         <wf lemma="a" pos="X">a</wf>
         <wf lemma="nagy" pos="X">nagy</wf>
         <wf lemma="világvallásoknak" pos="X">világvallásoknak</wf>
         <wf lemma="." pos="X">.</wf>
      </sentence>
      <sentence id="d000.s1715" source="wordnet-hungarian">
         <wf lemma="Az" pos="X">Az</wf>
         <wf lemma="idei" pos="X">idei</wf>
         <wf lemma="eladási" pos="X">eladási</wf>
         <wf lemma="eredményekkel" pos="X">eredményekkel</wf>
         <wf lemma="negatív" pos="X">negatív</wf>
         <instance id="d000.s1715.t000" lemma="csúcs" pos="NOUN">csúcsot</instance>
         <wf lemma="állítottak" pos="X">állítottak</wf>
         <wf lemma="fel" pos="X">fel</wf>
         <wf lemma="." pos="X">.</wf>
      </sentence>
      <sentence id="d000.s1716" source="wordnet-hungarian">
         <wf lemma="A" pos="X">A</wf>
         <wf lemma="főnököm" pos="X">főnököm</wf>
         <wf lemma="mostanában" pos="X">mostanában</wf>
         <wf lemma="elég" pos="X">elég</wf>
         <wf lemma="sokat" pos="X">sokat</wf>
         <instance id="d000.s1716.t000" lemma="iszik" pos="VERB">iszik</instance>
         <wf lemma="." pos="X">.</wf>
      </sentence>
      <sentence id="d000.s1717" source="wordnet-hungarian">
         <wf lemma="A" pos="X">A</wf>
         <wf lemma="kormányfő" pos="X">kormányfő</wf>
         <wf lemma="hivatalos" pos="X">hivatalos</wf>
         <instance id="d000.s1717.t000" lemma="közlemény" pos="NOUN">közleményben</instance>
         <wf lemma="szólt" pos="X">szólt</wf>
         <wf lemma="az" pos="X">az</wf>
         <wf lemma="állampolgárokhoz" pos="X">állampolgárokhoz</wf>
         <wf lemma="." pos="X">.</wf>
      </sentence>
      <sentence id="d000.s1718" source="wordnet-hungarian">
         <wf lemma="A" pos="X">A</wf>
         <instance id="d000.s1718.t000" lemma="tojáshéj" pos="NOUN">tojáshéjnak</instance>
         <wf lemma="magas" pos="X">magas</wf>
         <wf lemma="a" pos="X">a</wf>
         <wf lemma="mésztartalma" pos="X">mésztartalma</wf>
         <wf lemma="." pos="X">.</wf>
      </sentence>
      <sentence id="d000.s1719" source="wordnet-hungarian">
         <wf lemma="Egy" pos="X">Egy</wf>
         <instance id="d000.s1719.t000" lemma="halom" pos="NOUN">halom</instance>
         <wf lemma="levelet" pos="X">levelet</wf>
         <wf lemma="kapott" pos="X">kapott</wf>
         <wf lemma="." pos="X">.</wf>
      </sentence>
      <sentence id="d000.s1720" source="wordnet-hungarian">
         <wf lemma="A" pos="X">A</wf>
         <instance id="d000.s1720.t000" lemma="molibdén" pos="NOUN">molibdént</instance>
         <wf lemma="igénylő" pos="X">igénylő</wf>
         <wf lemma="enzimek" pos="X">enzimek</wf>
         <wf lemma="két" pos="X">két</wf>
         <wf lemma="fő" pos="X">fő</wf>
         <wf lemma="csoportra" pos="X">csoportra</wf>
         <wf lemma="oszthatók" pos="X">oszthatók</wf>
         <wf lemma=":" pos="X">:</wf>
         <wf lemma="reduktázokra" pos="X">reduktázokra</wf>
         <wf lemma="és" pos="X">és</wf>
         <wf lemma="oxidázokra" pos="X">oxidázokra</wf>
         <wf lemma="." pos="X">.</wf>
      </sentence>
      <sentence id="d000.s1721" source="wordnet-hungarian">
         <wf lemma="A" pos="X">A</wf>
         <wf lemma="fogadáson" pos="X">fogadáson</wf>
         <wf lemma="az" pos="X">az</wf>
         <wf lemma="összes" pos="X">összes</wf>
         <wf lemma="jelentős" pos="X">jelentős</wf>
         <instance id="d000.s1721.t000" lemma="pénzember" pos="NOUN">pénzember</instance>
         <wf lemma="jelen" pos="X">jelen</wf>
         <wf lemma="volt" pos="X">volt</wf>
         <wf lemma="." pos="X">.</wf>
      </sentence>
      <sentence id="d000.s1722" source="wordnet-hungarian">
         <wf lemma="Az" pos="X">Az</wf>
         <wf lemma="egész" pos="X">egész</wf>
         <wf lemma="munkanap" pos="X">munkanap</wf>
         <wf lemma="folyamán" pos="X">folyamán</wf>
         <wf lemma="nagy" pos="X">nagy</wf>
         <instance id="d000.s1722.t000" lemma="hatékonyság" pos="NOUN">hatékonysággal</instance>
         <wf lemma="dolgozott" pos="X">dolgozott</wf>
         <wf lemma="." pos="X">.</wf>
      </sentence>
      <sentence id="d000.s1723" source="wordnet-hungarian">
         <wf lemma="A" pos="X">A</wf>
         <wf lemma="koszorúér-elmeszesedés" pos="X">koszorúér-elmeszesedés</wf>
         <wf lemma="," pos="X">,</wf>
         <wf lemma="szívinfarktus" pos="X">szívinfarktus</wf>
         <wf lemma="egyik" pos="X">egyik</wf>
         <wf lemma="jele" pos="X">jele</wf>
         <wf lemma="lehet" pos="X">lehet</wf>
         <wf lemma="," pos="X">,</wf>
         <wf lemma="ha" pos="X">ha</wf>
         <wf lemma="szorít" pos="X">szorít</wf>
         <wf lemma="a" pos="X">a</wf>
         <instance id="d000.s1723.t000" lemma="mellkas" pos="NOUN">mellkas</instance>
         <wf lemma="." pos="X">.</wf>
      </sentence>
      <sentence id="d000.s1724" source="wordnet-hungarian">
         <wf lemma="Soltész" pos="X">Soltész</wf>
         <wf lemma="Rezső" pos="X">Rezső</wf>
         <wf lemma="nem" pos="X">nem</wf>
         <wf lemma="csak" pos="X">csak</wf>
         <instance id="d000.s1724.t000" lemma="dalszerző" pos="NOUN">dalszerző</instance>
         <wf lemma="," pos="X">,</wf>
         <wf lemma="előadóművész" pos="X">előadóművész</wf>
         <wf lemma="," pos="X">,</wf>
         <wf lemma="hanem" pos="X">hanem</wf>
         <wf lemma="tíz" pos="X">tíz</wf>
         <wf lemma="éve" pos="X">éve</wf>
         <wf lemma="a" pos="X">a</wf>
         <wf lemma="Zenész" pos="X">Zenész</wf>
         <wf lemma="Magazin" pos="X">Magazin</wf>
         <wf lemma="tulajdonosa" pos="X">tulajdonosa</wf>
         <wf lemma="is" pos="X">is</wf>
         <wf lemma="." pos="X">.</wf>
      </sentence>
      <sentence id="d000.s1725" source="wordnet-hungarian">
         <instance id="d000.s1725.t000" lemma="véletlen" pos="NOUN">Véletlenek</instance>
         <wf lemma="pedig" pos="X">pedig</wf>
         <wf lemma="vannak" pos="X">vannak</wf>
         <wf lemma="és" pos="X">és</wf>
         <wf lemma="nem" pos="X">nem</wf>
         <wf lemma="lehet" pos="X">lehet</wf>
         <wf lemma="mindent" pos="X">mindent</wf>
         <wf lemma="előre" pos="X">előre</wf>
         <wf lemma="kiszámítani" pos="X">kiszámítani</wf>
         <wf lemma="." pos="X">.</wf>
      </sentence>
      <sentence id="d000.s1726" source="wordnet-hungarian">
         <wf lemma="Azért" pos="X">Azért</wf>
         <wf lemma="elárulod" pos="X">elárulod</wf>
         <wf lemma="," pos="X">,</wf>
         <wf lemma="hogy" pos="X">hogy</wf>
         <wf lemma="mi" pos="X">mi</wf>
         <wf lemma="is" pos="X">is</wf>
         <wf lemma="az" pos="X">az</wf>
         <wf lemma="az" pos="X">az</wf>
         <wf lemma="emeltyűs" pos="X">emeltyűs</wf>
         <instance id="d000.s1726.t000" lemma="pirométer" pos="NOUN">pirométer</instance>
         <wf lemma="?" pos="X">?</wf>
      </sentence>
      <sentence id="d000.s1727" source="wordnet-hungarian">
         <wf lemma="A" pos="X">A</wf>
         <wf lemma="hellenistá" pos="X">hellenistá</wf>
         <instance id="d000.s1727.t000" lemma="főpap" pos="NOUN">főpapok</instance>
         <wf lemma="pénzért" pos="X">pénzért</wf>
         <wf lemma="," pos="X">,</wf>
         <wf lemma="vásárolták" pos="X">vásárolták</wf>
         <wf lemma="állásukat" pos="X">állásukat</wf>
         <wf lemma="a" pos="X">a</wf>
         <wf lemma="szír-görög" pos="X">szír-görög</wf>
         <wf lemma="uralkodótól" pos="X">uralkodótól</wf>
         <wf lemma="." pos="X">.</wf>
      </sentence>
      <sentence id="d000.s1728" source="wordnet-hungarian">
         <wf lemma="A" pos="X">A</wf>
         <instance id="d000.s1728.t000" lemma="fatörzs" pos="NOUN">fatörzs</instance>
         <wf lemma="oldalán" pos="X">oldalán</wf>
         <wf lemma="moha" pos="X">moha</wf>
         <wf lemma="nőtt" pos="X">nőtt</wf>
         <wf lemma="." pos="X">.</wf>
      </sentence>
      <sentence id="d000.s1729" source="wordnet-hungarian">
         <wf lemma="A" pos="X">A</wf>
         <wf lemma="csónakbaleset" pos="X">csónakbaleset</wf>
         <wf lemma="egy" pos="X">egy</wf>
         <wf lemma="iegn" pos="X">iegn</wf>
         <wf lemma="fájdalmas" pos="X">fájdalmas</wf>
         <instance id="d000.s1729.t000" lemma="tapasztalat" pos="NOUN">tapasztalat</instance>
         <wf lemma="volt" pos="X">volt</wf>
         <wf lemma="." pos="X">.</wf>
      </sentence>
      <sentence id="d000.s1730" source="wordnet-hungarian">
         <wf lemma="A" pos="X">A</wf>
         <instance id="d000.s1730.t000" lemma="vasfűfélék" pos="NOUN">vasfűfélék</instance>
         <wf lemma="családja" pos="X">családja</wf>
         <wf lemma="legalább" pos="X">legalább</wf>
         <wf lemma="150" pos="X">150</wf>
         <wf lemma="fajt" pos="X">fajt</wf>
         <wf lemma="foglal" pos="X">foglal</wf>
         <wf lemma="magába" pos="X">magába</wf>
         <wf lemma="." pos="X">.</wf>
      </sentence>
      <sentence id="d000.s1731" source="wordnet-hungarian">
         <wf lemma="Szemben" pos="X">Szemben</wf>
         <wf lemma="a" pos="X">a</wf>
         <wf lemma="hangulatbetegségekkel" pos="X">hangulatbetegségekkel</wf>
         <wf lemma="," pos="X">,</wf>
         <wf lemma="ahol" pos="X">ahol</wf>
         <wf lemma="hangulatzavarról" pos="X">hangulatzavarról</wf>
         <wf lemma="beszélünk" pos="X">beszélünk</wf>
         <wf lemma="," pos="X">,</wf>
         <wf lemma="a" pos="X">a</wf>
         <instance id="d000.s1731.t000" lemma="skizofrénia" pos="NOUN">skizofrénia</instance>
         <wf lemma="esetében" pos="X">esetében</wf>
         <wf lemma="a" pos="X">a</wf>
         <wf lemma="gondolkodás" pos="X">gondolkodás</wf>
         <wf lemma="folyamata" pos="X">folyamata</wf>
         <wf lemma="és" pos="X">és</wf>
         <wf lemma="tartalma" pos="X">tartalma</wf>
         <wf lemma="sérül" pos="X">sérül</wf>
         <wf lemma="." pos="X">.</wf>
      </sentence>
      <sentence id="d000.s1732" source="wordnet-hungarian">
         <wf lemma="A" pos="X">A</wf>
         <instance id="d000.s1732.t000" lemma="hangköz" pos="NOUN">hangközt</instance>
         <wf lemma="nem" pos="X">nem</wf>
         <wf lemma="énekelte" pos="X">énekelte</wf>
         <wf lemma="ki" pos="X">ki</wf>
         <wf lemma="tisztán" pos="X">tisztán</wf>
         <wf lemma="." pos="X">.</wf>
      </sentence>
      <sentence id="d000.s1733" source="wordnet-hungarian">
         <wf lemma="A" pos="X">A</wf>
         <wf lemma="vadászrepülő" pos="X">vadászrepülő</wf>
         <instance id="d000.s1733.t000" lemma="ezer" pos="NOUN">ezred</instance>
         <wf lemma="alkotja" pos="X">alkotja</wf>
         <wf lemma="a" pos="X">a</wf>
         <wf lemma="Szlovák" pos="X">Szlovák</wf>
         <wf lemma="Légierő" pos="X">Légierő</wf>
         <wf lemma="gerincét" pos="X">gerincét</wf>
         <wf lemma="." pos="X">.</wf>
      </sentence>
      <sentence id="d000.s1734" source="wordnet-hungarian">
         <wf lemma="Megváltoztatja" pos="X">Megváltoztatja</wf>
         <wf lemma="a" pos="X">a</wf>
         <wf lemma="2008-ra" pos="X">2008-ra</wf>
         <wf lemma="fizetendő" pos="X">fizetendő</wf>
         <wf lemma="adók" pos="X">adók</wf>
         <instance id="d000.s1734.t000" lemma="mérték" pos="NOUN">mértékét</instance>
         <wf lemma="a" pos="X">a</wf>
         <wf lemma="székelyudvarhelyi" pos="X">székelyudvarhelyi</wf>
         <wf lemma="önkormányzat" pos="X">önkormányzat</wf>
         <wf lemma="." pos="X">.</wf>
      </sentence>
      <sentence id="d000.s1735" source="wordnet-hungarian">
         <wf lemma="Magyar" pos="X">Magyar</wf>
         <wf lemma="civil" pos="X">civil</wf>
         <wf lemma="szervezetek" pos="X">szervezetek</wf>
         <wf lemma="közös" pos="X">közös</wf>
         <wf lemma="felhívást" pos="X">felhívást</wf>
         <wf lemma="adnak" pos="X">adnak</wf>
         <wf lemma="ki" pos="X">ki</wf>
         <wf lemma="a" pos="X">a</wf>
         <wf lemma="gyermekeknek" pos="X">gyermekeknek</wf>
         <wf lemma="szóló" pos="X">szóló</wf>
         <wf lemma="egészségtelen" pos="X">egészségtelen</wf>
         <wf lemma="élelmiszerek" pos="X">élelmiszerek</wf>
         <wf lemma="reklámozásának" pos="X">reklámozásának</wf>
         <instance id="d000.s1735.t000" lemma="korlátozás" pos="NOUN">korlátozására</instance>
         <wf lemma="." pos="X">.</wf>
      </sentence>
      <sentence id="d000.s1736" source="wordnet-hungarian">
         <wf lemma="Az" pos="X">Az</wf>
         <wf lemma="épület" pos="X">épület</wf>
         <instance id="d000.s1736.t000" lemma="tervezés" pos="NOUN">tervezésekor</instance>
         <wf lemma="figyelembe" pos="X">figyelembe</wf>
         <wf lemma="kellett" pos="X">kellett</wf>
         <wf lemma="venni" pos="X">venni</wf>
         <wf lemma="a" pos="X">a</wf>
         <wf lemma="szélsőséges" pos="X">szélsőséges</wf>
         <wf lemma="időjárási" pos="X">időjárási</wf>
         <wf lemma="körülményeket" pos="X">körülményeket</wf>
         <wf lemma="." pos="X">.</wf>
      </sentence>
      <sentence id="d000.s1737" source="wordnet-hungarian">
         <wf lemma="Naponta" pos="X">Naponta</wf>
         <wf lemma="több" pos="X">több</wf>
         <wf lemma="tucat" pos="X">tucat</wf>
         <wf lemma="bűntényt" pos="X">bűntényt</wf>
         <instance id="d000.s1737.t000" lemma="jelent" pos="VERB">jelentenek</instance>
         <wf lemma="be" pos="X">be</wf>
         <wf lemma="a" pos="X">a</wf>
         <wf lemma="hatóságoknak" pos="X">hatóságoknak</wf>
         <wf lemma="a" pos="X">a</wf>
         <wf lemma="városban" pos="X">városban</wf>
         <wf lemma="." pos="X">.</wf>
      </sentence>
      <sentence id="d000.s1738" source="wordnet-hungarian">
         <wf lemma="A" pos="X">A</wf>
         <wf lemma="gazdaság" pos="X">gazdaság</wf>
         <instance id="d000.s1738.t000" lemma="mutató" pos="NOUN">mutatói</instance>
         <wf lemma="stabil" pos="X">stabil</wf>
         <wf lemma="fejlődésre" pos="X">fejlődésre</wf>
         <wf lemma="utalnak" pos="X">utalnak</wf>
         <wf lemma="." pos="X">.</wf>
      </sentence>
      <sentence id="d000.s1739" source="wordnet-hungarian">
         <wf lemma="Az" pos="X">Az</wf>
         <instance id="d000.s1739.t000" lemma="orvostudomány" pos="NOUN">orvostudományt</instance>
         <wf lemma="sokan" pos="X">sokan</wf>
         <wf lemma="nagyon" pos="X">nagyon</wf>
         <wf lemma="nehéznek" pos="X">nehéznek</wf>
         <wf lemma="tartják" pos="X">tartják</wf>
         <wf lemma="." pos="X">.</wf>
      </sentence>
      <sentence id="d000.s1740" source="wordnet-hungarian">
         <wf lemma="Az" pos="X">Az</wf>
         <instance id="d000.s1740.t000" lemma="összeg" pos="NOUN">összeg</instance>
         <wf lemma="nagyobb" pos="X">nagyobb</wf>
         <wf lemma="lett" pos="X">lett</wf>
         <wf lemma="," pos="X">,</wf>
         <wf lemma="mint" pos="X">mint</wf>
         <wf lemma="amire" pos="X">amire</wf>
         <wf lemma="számítottunk" pos="X">számítottunk</wf>
         <wf lemma="." pos="X">.</wf>
      </sentence>
      <sentence id="d000.s1741" source="wordnet-hungarian">
         <wf lemma="A" pos="X">A</wf>
         <wf lemma="kisfiú" pos="X">kisfiú</wf>
         <wf lemma="mindvégig" pos="X">mindvégig</wf>
         <instance id="d000.s1741.t000" lemma="fog" pos="VERB">fogta</instance>
         <wf lemma="a" pos="X">a</wf>
         <wf lemma="macskát" pos="X">macskát</wf>
         <wf lemma="." pos="X">.</wf>
      </sentence>
      <sentence id="d000.s1742" source="wordnet-hungarian">
         <wf lemma="A" pos="X">A</wf>
         <instance id="d000.s1742.t000" lemma="hörcsög" pos="NOUN">hörcsög</instance>
         <wf lemma="csak" pos="X">csak</wf>
         <wf lemma="akkor" pos="X">akkor</wf>
         <wf lemma="harcias" pos="X">harcias</wf>
         <wf lemma="," pos="X">,</wf>
         <wf lemma="ha" pos="X">ha</wf>
         <wf lemma="megijesztik" pos="X">megijesztik</wf>
         <wf lemma="." pos="X">.</wf>
      </sentence>
      <sentence id="d000.s1743" source="wordnet-hungarian">
         <wf lemma="A" pos="X">A</wf>
         <wf lemma="stressz" pos="X">stressz</wf>
         <wf lemma="a" pos="X">a</wf>
         <wf lemma="kiváltó" pos="X">kiváltó</wf>
         <wf lemma="ok" pos="X">ok</wf>
         <wf lemma="," pos="X">,</wf>
         <wf lemma="az" pos="X">az</wf>
         <instance id="d000.s1743.t000" lemma="érzéketlenség" pos="NOUN">érzéketlenség</instance>
         <wf lemma="pedig" pos="X">pedig</wf>
         <wf lemma="a" pos="X">a</wf>
         <wf lemma="jel" pos="X">jel</wf>
         <wf lemma="," pos="X">,</wf>
         <wf lemma="hogy" pos="X">hogy</wf>
         <wf lemma="valami" pos="X">valami</wf>
         <wf lemma="nincs" pos="X">nincs</wf>
         <wf lemma="rendben" pos="X">rendben</wf>
         <wf lemma="." pos="X">.</wf>
      </sentence>
      <sentence id="d000.s1744" source="wordnet-hungarian">
         <wf lemma="Az" pos="X">Az</wf>
         <wf lemma="1949-es" pos="X">1949-es</wf>
         <wf lemma="83-as" pos="X">83-as</wf>
         <wf lemma="számú" pos="X">számú</wf>
         <wf lemma="dekrétum" pos="X">dekrétum</wf>
         <wf lemma="teljes" pos="X">teljes</wf>
         <wf lemma="vagyon-" pos="X">vagyon-</wf>
         <wf lemma="és" pos="X">és</wf>
         <wf lemma="jogfosztásra" pos="X">jogfosztásra</wf>
         <wf lemma="ítélte" pos="X">ítélte</wf>
         <wf lemma="az" pos="X">az</wf>
         <wf lemma="erdélyi" pos="X">erdélyi</wf>
         <instance id="d000.s1744.t000" lemma="arisztokrácia" pos="NOUN">arisztokráciát</instance>
         <wf lemma="és" pos="X">és</wf>
         <wf lemma="földbirtokos" pos="X">földbirtokos</wf>
         <wf lemma="osztályt" pos="X">osztályt</wf>
         <wf lemma="." pos="X">.</wf>
      </sentence>
      <sentence id="d000.s1745" source="wordnet-hungarian">
         <wf lemma="A" pos="X">A</wf>
         <wf lemma="szerzetesek" pos="X">szerzetesek</wf>
         <wf lemma="életmódját" pos="X">életmódját</wf>
         <wf lemma="többnyire" pos="X">többnyire</wf>
         <wf lemma="az" pos="X">az</wf>
         <instance id="d000.s1745.t000" lemma="aszkézis" pos="NOUN">aszkézis</instance>
         <wf lemma="jellemezte" pos="X">jellemezte</wf>
         <wf lemma="." pos="X">.</wf>
      </sentence>
      <sentence id="d000.s1746" source="wordnet-hungarian">
         <wf lemma="Elég" pos="X">Elég</wf>
         <wf lemma="nagy" pos="X">nagy</wf>
         <wf lemma="volt" pos="X">volt</wf>
         <wf lemma="a" pos="X">a</wf>
         <wf lemma="golyók" pos="X">golyók</wf>
         <instance id="d000.s1746.t000" lemma="szórás" pos="NOUN">szórása</instance>
         <wf lemma="." pos="X">.</wf>
      </sentence>
      <sentence id="d000.s1747" source="wordnet-hungarian">
         <wf lemma="Egy" pos="X">Egy</wf>
         <wf lemma="kortynyi" pos="X">kortynyi</wf>
         <instance id="d000.s1747.t000" lemma="víz" pos="NOUN">vizet</instance>
         <wf lemma="ivott" pos="X">ivott</wf>
         <wf lemma="a" pos="X">a</wf>
         <wf lemma="tóból" pos="X">tóból</wf>
         <wf lemma="." pos="X">.</wf>
      </sentence>
      <sentence id="d000.s1748" source="wordnet-hungarian">
         <wf lemma="Sajnos" pos="X">Sajnos</wf>
         <wf lemma="a" pos="X">a</wf>
         <wf lemma="boldog" pos="X">boldog</wf>
         <wf lemma="házasság" pos="X">házasság</wf>
         <wf lemma="eszméje" pos="X">eszméje</wf>
         <wf lemma="csak" pos="X">csak</wf>
         <instance id="d000.s1748.t000" lemma="utópia" pos="NOUN">utópiának</instance>
         <wf lemma="bizonyult" pos="X">bizonyult</wf>
         <wf lemma="számára" pos="X">számára</wf>
         <wf lemma="." pos="X">.</wf>
      </sentence>
      <sentence id="d000.s1749" source="wordnet-hungarian">
         <wf lemma="Ez" pos="X">Ez</wf>
         <wf lemma="az" pos="X">az</wf>
         <instance id="d000.s1749.t000" lemma="ötös" pos="NOUN">ötös</instance>
         <wf lemma="mesterien" pos="X">mesterien</wf>
         <wf lemma="játszik" pos="X">játszik</wf>
         <wf lemma="kosárlabdát" pos="X">kosárlabdát</wf>
         <wf lemma="." pos="X">.</wf>
      </sentence>
      <sentence id="d000.s1750" source="wordnet-hungarian">
         <wf lemma="A" pos="X">A</wf>
         <wf lemma="profik" pos="X">profik</wf>
         <wf lemma="és" pos="X">és</wf>
         <wf lemma="az" pos="X">az</wf>
         <instance id="d000.s1750.t000" lemma="amatőr" pos="NOUN">amatőrök</instance>
         <wf lemma="között" pos="X">között</wf>
         <wf lemma="tehát" pos="X">tehát</wf>
         <wf lemma="nem" pos="X">nem</wf>
         <wf lemma="feltétlenül" pos="X">feltétlenül</wf>
         <wf lemma="a" pos="X">a</wf>
         <wf lemma="színvonal" pos="X">színvonal</wf>
         <wf lemma="az" pos="X">az</wf>
         <wf lemma="alapvető" pos="X">alapvető</wf>
         <wf lemma="." pos="X">.</wf>
      </sentence>
      <sentence id="d000.s1751" source="wordnet-hungarian">
         <wf lemma="Úgysincs" pos="X">Úgysincs</wf>
         <wf lemma="már" pos="X">már</wf>
         <wf lemma="," pos="X">,</wf>
         <wf lemma="aki" pos="X">aki</wf>
         <wf lemma="a" pos="X">a</wf>
         <wf lemma="selyemfüvet" pos="X">selyemfüvet</wf>
         <wf lemma="megegye" pos="X">megegye</wf>
         <wf lemma="," pos="X">,</wf>
         <wf lemma="mert" pos="X">mert</wf>
         <wf lemma="a" pos="X">a</wf>
         <wf lemma="kedves" pos="X">kedves</wf>
         <wf lemma="," pos="X">,</wf>
         <wf lemma="az" pos="X">az</wf>
         <wf lemma="édes" pos="X">édes</wf>
         <wf lemma="Cukri" pos="X">Cukri</wf>
         <instance id="d000.s1751.t000" lemma="bárány" pos="NOUN">bárány</instance>
         <wf lemma="oda" pos="X">oda</wf>
         <wf lemma="lett" pos="X">lett</wf>
         <wf lemma="." pos="X">.</wf>
      </sentence>
      <sentence id="d000.s1752" source="wordnet-hungarian">
         <wf lemma="Az" pos="X">Az</wf>
         <wf lemma="izlandi" pos="X">izlandi</wf>
         <instance id="d000.s1752.t000" lemma="zuzmó" pos="NOUN">zuzmó</instance>
         <wf lemma="ezen" pos="X">ezen</wf>
         <wf lemma="túlmenően" pos="X">túlmenően</wf>
         <wf lemma="még" pos="X">még</wf>
         <wf lemma="tonizáló" pos="X">tonizáló</wf>
         <wf lemma="anyagokat" pos="X">anyagokat</wf>
         <wf lemma="és" pos="X">és</wf>
         <wf lemma="antibiotikus" pos="X">antibiotikus</wf>
         <wf lemma="hatású" pos="X">hatású</wf>
         <wf lemma="vegyületeket" pos="X">vegyületeket</wf>
         <wf lemma="is" pos="X">is</wf>
         <wf lemma="tartalmaz" pos="X">tartalmaz</wf>
         <wf lemma="." pos="X">.</wf>
      </sentence>
      <sentence id="d000.s1753" source="wordnet-hungarian">
         <wf lemma="A" pos="X">A</wf>
         <instance id="d000.s1753.t000" lemma="sötétség" pos="NOUN">sötétség</instance>
         <wf lemma="egyre" pos="X">egyre</wf>
         <wf lemma="sűrűbb" pos="X">sűrűbb</wf>
         <wf lemma="lett" pos="X">lett</wf>
         <wf lemma="az" pos="X">az</wf>
         <wf lemma="erdőben" pos="X">erdőben</wf>
         <wf lemma="." pos="X">.</wf>
      </sentence>
      <sentence id="d000.s1754" source="wordnet-hungarian">
         <wf lemma="Némelyik" pos="X">Némelyik</wf>
         <instance id="d000.s1754.t000" lemma="újságíró" pos="NOUN">újságíró</instance>
         <wf lemma="mindent" pos="X">mindent</wf>
         <wf lemma="megtenne" pos="X">megtenne</wf>
         <wf lemma="egy" pos="X">egy</wf>
         <wf lemma="jó" pos="X">jó</wf>
         <wf lemma="cikkért" pos="X">cikkért</wf>
         <wf lemma="." pos="X">.</wf>
      </sentence>
      <sentence id="d000.s1755" source="wordnet-hungarian">
         <wf lemma="Az" pos="X">Az</wf>
         <wf lemma="apa" pos="X">apa</wf>
         <wf lemma="az" pos="X">az</wf>
         <wf lemma="egész" pos="X">egész</wf>
         <wf lemma="birtokot" pos="X">birtokot</wf>
         <wf lemma="a" pos="X">a</wf>
         <wf lemma="fiára" pos="X">fiára</wf>
         <instance id="d000.s1755.t000" lemma="hagy" pos="VERB">hagyta</instance>
         <wf lemma="örökségül" pos="X">örökségül</wf>
         <wf lemma="." pos="X">.</wf>
      </sentence>
      <sentence id="d000.s1756" source="wordnet-hungarian">
         <wf lemma="Anyukám" pos="X">Anyukám</wf>
         <instance id="d000.s1756.t000" lemma="süt" pos="VERB">sütött</instance>
         <wf lemma="nekem" pos="X">nekem</wf>
         <wf lemma="mákosrétest" pos="X">mákosrétest</wf>
         <wf lemma="." pos="X">.</wf>
      </sentence>
      <sentence id="d000.s1757" source="wordnet-hungarian">
         <wf lemma="A" pos="X">A</wf>
         <wf lemma="kalózok" pos="X">kalózok</wf>
         <instance id="d000.s1757.t000" lemma="csáklya" pos="NOUN">csáklyákkal</instance>
         <wf lemma="támadták" pos="X">támadták</wf>
         <wf lemma="a" pos="X">a</wf>
         <wf lemma="hajót" pos="X">hajót</wf>
         <wf lemma="." pos="X">.</wf>
      </sentence>
      <sentence id="d000.s1758" source="wordnet-hungarian">
         <wf lemma="A" pos="X">A</wf>
         <instance id="d000.s1758.t000" lemma="tanuló" pos="NOUN">tanulók</instance>
         <wf lemma="megismételték" pos="X">megismételték</wf>
         <wf lemma="," pos="X">,</wf>
         <wf lemma="amit" pos="X">amit</wf>
         <wf lemma="a" pos="X">a</wf>
         <wf lemma="tanár" pos="X">tanár</wf>
         <wf lemma="mondott" pos="X">mondott</wf>
         <wf lemma="." pos="X">.</wf>
      </sentence>
      <sentence id="d000.s1759" source="wordnet-hungarian">
         <wf lemma="Azzal" pos="X">Azzal</wf>
         <wf lemma="a" pos="X">a</wf>
         <instance id="d000.s1759.t000" lemma="terv" pos="NOUN">tervvel</instance>
         <wf lemma="lopta" pos="X">lopta</wf>
         <wf lemma="el" pos="X">el</wf>
         <wf lemma="a" pos="X">a</wf>
         <wf lemma="számítógépet" pos="X">számítógépet</wf>
         <wf lemma="," pos="X">,</wf>
         <wf lemma="hogy" pos="X">hogy</wf>
         <wf lemma="majd" pos="X">majd</wf>
         <wf lemma="elzálogosítja" pos="X">elzálogosítja</wf>
         <wf lemma="." pos="X">.</wf>
      </sentence>
      <sentence id="d000.s1760" source="wordnet-hungarian">
         <wf lemma="A" pos="X">A</wf>
         <wf lemma="zebránál" pos="X">zebránál</wf>
         <wf lemma="reggelente" pos="X">reggelente</wf>
         <wf lemma="vigyázni" pos="X">vigyázni</wf>
         <wf lemma="kell" pos="X">kell</wf>
         <wf lemma="az" pos="X">az</wf>
         <instance id="d000.s1760.t000" lemma="iskolás" pos="NOUN">iskolások</instance>
         <wf lemma="miatt" pos="X">miatt</wf>
         <wf lemma="." pos="X">.</wf>
      </sentence>
      <sentence id="d000.s1761" source="wordnet-hungarian">
         <wf lemma="Egész" pos="X">Egész</wf>
         <instance id="d000.s1761.t000" lemma="élet" pos="NOUN">életében</instance>
         <wf lemma="ismertem" pos="X">ismertem</wf>
         <wf lemma="." pos="X">.</wf>
      </sentence>
      <sentence id="d000.s1762" source="wordnet-hungarian">
         <instance id="d000.s1762.t000" lemma="szeret" pos="VERB">Szeretem</instance>
         <wf lemma="az" pos="X">az</wf>
         <wf lemma="unokaöcséimet" pos="X">unokaöcséimet</wf>
         <wf lemma="." pos="X">.</wf>
      </sentence>
      <sentence id="d000.s1763" source="wordnet-hungarian">
         <wf lemma="A" pos="X">A</wf>
         <instance id="d000.s1763.t000" lemma="rím" pos="NOUN">rímekről</instance>
         <wf lemma="tanultak" pos="X">tanultak</wf>
         <wf lemma="az" pos="X">az</wf>
         <wf lemma="órán" pos="X">órán</wf>
         <wf lemma="." pos="X">.</wf>
      </sentence>
      <sentence id="d000.s1764" source="wordnet-hungarian">
         <wf lemma="Egy" pos="X">Egy</wf>
         <wf lemma="ismeretlen" pos="X">ismeretlen</wf>
         <instance id="d000.s1764.t000" lemma="dáma" pos="NOUN">dáma</instance>
         <wf lemma="jelent" pos="X">jelent</wf>
         <wf lemma="meg" pos="X">meg</wf>
         <wf lemma="az" pos="X">az</wf>
         <wf lemma="estélyen" pos="X">estélyen</wf>
         <wf lemma="." pos="X">.</wf>
      </sentence>
      <sentence id="d000.s1765" source="wordnet-hungarian">
         <wf lemma="Van" pos="X">Van</wf>
         <wf lemma="egy" pos="X">egy</wf>
         <instance id="d000.s1765.t000" lemma="rakás" pos="NOUN">rakás</instance>
         <wf lemma="könyve" pos="X">könyve</wf>
         <wf lemma="." pos="X">.</wf>
      </sentence>
      <sentence id="d000.s1766" source="wordnet-hungarian">
         <instance id="d000.s1766.t000" lemma="ellenállás" pos="NOUN">Ellenállást</instance>
         <wf lemma="tanúsít" pos="X">tanúsít</wf>
         <wf lemma="." pos="X">.</wf>
      </sentence>
      <sentence id="d000.s1767" source="wordnet-hungarian">
         <wf lemma="A" pos="X">A</wf>
         <wf lemma="politikáról" pos="X">politikáról</wf>
         <wf lemma="kialakult" pos="X">kialakult</wf>
         <instance id="d000.s1767.t000" lemma="kép" pos="NOUN">kép</instance>
         <wf lemma="nem" pos="X">nem</wf>
         <wf lemma="kedvező" pos="X">kedvező</wf>
         <wf lemma="." pos="X">.</wf>
      </sentence>
      <sentence id="d000.s1768" source="wordnet-hungarian">
         <wf lemma="A" pos="X">A</wf>
         <instance id="d000.s1768.t000" lemma="védelem" pos="NOUN">védelem</instance>
         <wf lemma="bizonytalanságát" pos="X">bizonytalanságát</wf>
         <wf lemma="a" pos="X">a</wf>
         <wf lemma="csatár" pos="X">csatár</wf>
         <wf lemma="könyörtelenül" pos="X">könyörtelenül</wf>
         <wf lemma="kihasználta" pos="X">kihasználta</wf>
         <wf lemma="." pos="X">.</wf>
      </sentence>
      <sentence id="d000.s1769" source="wordnet-hungarian">
         <wf lemma="Egyes" pos="X">Egyes</wf>
         <wf lemma="falvakban" pos="X">falvakban</wf>
         <wf lemma="minden" pos="X">minden</wf>
         <wf lemma="lány" pos="X">lány</wf>
         <instance id="d000.s1769.t000" lemma="nyírfa" pos="NOUN">nyírfát</instance>
         <wf lemma="kap" pos="X">kap</wf>
         <wf lemma="." pos="X">.</wf>
      </sentence>
      <sentence id="d000.s1770" source="wordnet-hungarian">
         <wf lemma="A" pos="X">A</wf>
         <instance id="d000.s1770.t000" lemma="közgazdász" pos="NOUN">közgazdászoknak</instance>
         <wf lemma="végre" pos="X">végre</wf>
         <wf lemma="nem" pos="X">nem</wf>
         <wf lemma="politikai" pos="X">politikai</wf>
         <wf lemma="elfogultságból" pos="X">elfogultságból</wf>
         <wf lemma="kellene" pos="X">kellene</wf>
         <wf lemma="vizsgálniuk" pos="X">vizsgálniuk</wf>
         <wf lemma="a" pos="X">a</wf>
         <wf lemma="helyzetet" pos="X">helyzetet</wf>
         <wf lemma="." pos="X">.</wf>
      </sentence>
      <sentence id="d000.s1771" source="wordnet-hungarian">
         <wf lemma="Már" pos="X">Már</wf>
         <wf lemma="csak" pos="X">csak</wf>
         <wf lemma="néhány" pos="X">néhány</wf>
         <instance id="d000.s1771.t000" lemma="oszlop" pos="NOUN">oszlop</instance>
         <wf lemma="áll" pos="X">áll</wf>
         <wf lemma="a" pos="X">a</wf>
         <wf lemma="hajdani" pos="X">hajdani</wf>
         <wf lemma="Jupiter-templomból" pos="X">Jupiter-templomból</wf>
         <wf lemma="." pos="X">.</wf>
      </sentence>
      <sentence id="d000.s1772" source="wordnet-hungarian">
         <wf lemma="Nehéz" pos="X">Nehéz</wf>
         <instance id="d000.s1772.t000" lemma="idő" pos="NOUN">idők</instance>
         <wf lemma="járnak" pos="X">járnak</wf>
         <wf lemma="mostanában" pos="X">mostanában</wf>
         <wf lemma="." pos="X">.</wf>
      </sentence>
      <sentence id="d000.s1773" source="wordnet-hungarian">
         <wf lemma="Mindig" pos="X">Mindig</wf>
         <wf lemma="az" pos="X">az</wf>
         <instance id="d000.s1773.t000" lemma="előírás" pos="NOUN">előírásoknak</instance>
         <wf lemma="megfelelően" pos="X">megfelelően</wf>
         <wf lemma="járj" pos="X">járj</wf>
         <wf lemma="el" pos="X">el</wf>
         <wf lemma="!" pos="X">!</wf>
      </sentence>
      <sentence id="d000.s1774" source="wordnet-hungarian">
         <wf lemma="Abraham" pos="X">Abraham</wf>
         <wf lemma="Lincoln" pos="X">Lincoln</wf>
         <instance id="d000.s1774.t000" lemma="utód" pos="NOUN">utódja</instance>
         <wf lemma="," pos="X">,</wf>
         <wf lemma="Andrew" pos="X">Andrew</wf>
         <wf lemma="Johnson" pos="X">Johnson</wf>
         <wf lemma="," pos="X">,</wf>
         <wf lemma="1808-ban" pos="X">1808-ban</wf>
         <wf lemma="született" pos="X">született</wf>
         <wf lemma="." pos="X">.</wf>
      </sentence>
      <sentence id="d000.s1775" source="wordnet-hungarian">
         <wf lemma="Mind" pos="X">Mind</wf>
         <wf lemma="a" pos="X">a</wf>
         <wf lemma="katolikusok" pos="X">katolikusok</wf>
         <wf lemma="," pos="X">,</wf>
         <wf lemma="mind" pos="X">mind</wf>
         <wf lemma="a" pos="X">a</wf>
         <wf lemma="protestánsok" pos="X">protestánsok</wf>
         <wf lemma="üldözték" pos="X">üldözték</wf>
         <wf lemma="a" pos="X">a</wf>
         <wf lemma="Szentháromság-tagadó" pos="X">Szentháromság-tagadó</wf>
         <instance id="d000.s1775.t000" lemma="unitárius" pos="NOUN">unitáriusokat</instance>
         <wf lemma="." pos="X">.</wf>
      </sentence>
      <sentence id="d000.s1776" source="wordnet-hungarian">
         <wf lemma="Elég" pos="X">Elég</wf>
         <wf lemma="nagy" pos="X">nagy</wf>
         <wf lemma="gondod" pos="X">gondod</wf>
         <wf lemma="lehet" pos="X">lehet</wf>
         <wf lemma="," pos="X">,</wf>
         <wf lemma="ha" pos="X">ha</wf>
         <wf lemma="már" pos="X">már</wf>
         <instance id="d000.s1776.t000" lemma="pszichiáter" pos="NOUN">pszichiáterhez</instance>
         <wf lemma="kell" pos="X">kell</wf>
         <wf lemma="fordulnod" pos="X">fordulnod</wf>
         <wf lemma="." pos="X">.</wf>
      </sentence>
      <sentence id="d000.s1777" source="wordnet-hungarian">
         <wf lemma="A" pos="X">A</wf>
         <wf lemma="gyerekek" pos="X">gyerekek</wf>
         <wf lemma="hangosan" pos="X">hangosan</wf>
         <wf lemma="a" pos="X">a</wf>
         <wf lemma="szobába" pos="X">szobába</wf>
         <instance id="d000.s1777.t000" lemma="vonul" pos="VERB">vonultak</instance>
         <wf lemma="." pos="X">.</wf>
      </sentence>
      <sentence id="d000.s1778" source="wordnet-hungarian">
         <wf lemma="Aki" pos="X">Aki</wf>
         <wf lemma="szórakozni" pos="X">szórakozni</wf>
         <wf lemma="vágyik" pos="X">vágyik</wf>
         <wf lemma="," pos="X">,</wf>
         <wf lemma="annak" pos="X">annak</wf>
         <wf lemma="ott" pos="X">ott</wf>
         <wf lemma="van" pos="X">van</wf>
         <wf lemma="a" pos="X">a</wf>
         <wf lemma="Latin" pos="X">Latin</wf>
         <instance id="d000.s1778.t000" lemma="negyed" pos="NOUN">negyed</instance>
         <wf lemma="(" pos="X">(</wf>
         <wf lemma="Quartier" pos="X">Quartier</wf>
         <wf lemma="Latin" pos="X">Latin</wf>
         <wf lemma=")" pos="X">)</wf>
         <wf lemma="," pos="X">,</wf>
         <wf lemma="vagyis" pos="X">vagyis</wf>
         <wf lemma="a" pos="X">a</wf>
         <wf lemma="diákok" pos="X">diákok</wf>
         <wf lemma="negyede" pos="X">negyede</wf>
         <wf lemma="." pos="X">.</wf>
      </sentence>
      <sentence id="d000.s1779" source="wordnet-hungarian">
         <wf lemma="Speciális" pos="X">Speciális</wf>
         <wf lemma="tisztítószer" pos="X">tisztítószer</wf>
         <wf lemma="kell" pos="X">kell</wf>
         <wf lemma="ehhez" pos="X">ehhez</wf>
         <wf lemma="a" pos="X">a</wf>
         <instance id="d000.s1779.t000" lemma="felület" pos="NOUN">felülethez</instance>
         <wf lemma="." pos="X">.</wf>
      </sentence>
      <sentence id="d000.s1780" source="wordnet-hungarian">
         <wf lemma="Az" pos="X">Az</wf>
         <wf lemma="egyetemi" pos="X">egyetemi</wf>
         <wf lemma="karok" pos="X">karok</wf>
         <instance id="d000.s1780.t000" lemma="egység" pos="NOUN">egységei</instance>
         <wf lemma="a" pos="X">a</wf>
         <wf lemma="tanszékek" pos="X">tanszékek</wf>
         <wf lemma="." pos="X">.</wf>
      </sentence>
      <sentence id="d000.s1781" source="wordnet-hungarian">
         <wf lemma="János" pos="X">János</wf>
         <instance id="d000.s1781.t000" lemma="megáll" pos="VERB">megállt</instance>
         <wf lemma="az" pos="X">az</wf>
         <wf lemma="írásban" pos="X">írásban</wf>
         <wf lemma="és" pos="X">és</wf>
         <wf lemma="felpillantott" pos="X">felpillantott</wf>
         <wf lemma="." pos="X">.</wf>
      </sentence>
      <sentence id="d000.s1782" source="wordnet-hungarian">
         <wf lemma="A" pos="X">A</wf>
         <instance id="d000.s1782.t000" lemma="holló" pos="NOUN">holló</instance>
         <wf lemma="és" pos="X">és</wf>
         <wf lemma="a" pos="X">a</wf>
         <wf lemma="varjú" pos="X">varjú</wf>
         <wf lemma="között" pos="X">között</wf>
         <wf lemma="nem" pos="X">nem</wf>
         <wf lemma="tettek" pos="X">tettek</wf>
         <wf lemma="pontos" pos="X">pontos</wf>
         <wf lemma="különbséget" pos="X">különbséget</wf>
         <wf lemma="a" pos="X">a</wf>
         <wf lemma="régi" pos="X">régi</wf>
         <wf lemma="Kínában" pos="X">Kínában</wf>
         <wf lemma="." pos="X">.</wf>
      </sentence>
      <sentence id="d000.s1783" source="wordnet-hungarian">
         <wf lemma="Sajnos" pos="X">Sajnos</wf>
         <wf lemma="a" pos="X">a</wf>
         <instance id="d000.s1783.t000" lemma="narancsfa" pos="NOUN">narancsfának</instance>
         <wf lemma="nem" pos="X">nem</wf>
         <wf lemma="kedvező" pos="X">kedvező</wf>
         <wf lemma="itt" pos="X">itt</wf>
         <wf lemma="az" pos="X">az</wf>
         <wf lemma="éghajlat" pos="X">éghajlat</wf>
         <wf lemma="." pos="X">.</wf>
      </sentence>
      <sentence id="d000.s1784" source="wordnet-hungarian">
         <wf lemma="Ebben" pos="X">Ebben</wf>
         <wf lemma="a" pos="X">a</wf>
         <instance id="d000.s1784.t000" lemma="paróka" pos="NOUN">parókában</instance>
         <wf lemma="meg" pos="X">meg</wf>
         <wf lemma="nem" pos="X">nem</wf>
         <wf lemma="ismertelek" pos="X">ismertelek</wf>
         <wf lemma="volna" pos="X">volna</wf>
         <wf lemma="." pos="X">.</wf>
      </sentence>
      <sentence id="d000.s1785" source="wordnet-hungarian">
         <wf lemma="Az" pos="X">Az</wf>
         <wf lemma="elmúlt" pos="X">elmúlt</wf>
         <wf lemma="tíz" pos="X">tíz</wf>
         <wf lemma="évben" pos="X">évben</wf>
         <wf lemma="megjelent" pos="X">megjelent</wf>
         <wf lemma="a" pos="X">a</wf>
         <wf lemma="betegséget" pos="X">betegséget</wf>
         <wf lemma="okozó" pos="X">okozó</wf>
         <wf lemma="vírus" pos="X">vírus</wf>
         <wf lemma="több" pos="X">több</wf>
         <wf lemma="új" pos="X">új</wf>
         <instance id="d000.s1785.t000" lemma="változat" pos="NOUN">változata</instance>
         <wf lemma="." pos="X">.</wf>
      </sentence>
      <sentence id="d000.s1786" source="wordnet-hungarian">
         <wf lemma="A" pos="X">A</wf>
         <instance id="d000.s1786.t000" lemma="guyanai" pos="NOUN">guyanaiak</instance>
         <wf lemma="ételei" pos="X">ételei</wf>
         <wf lemma="jellegzetesen" pos="X">jellegzetesen</wf>
         <wf lemma="tengeri" pos="X">tengeri</wf>
         <wf lemma="alapanyagokból" pos="X">alapanyagokból</wf>
         <wf lemma="állnak" pos="X">állnak</wf>
         <wf lemma="," pos="X">,</wf>
         <wf lemma="vagy" pos="X">vagy</wf>
         <wf lemma="hagyományos" pos="X">hagyományos</wf>
         <wf lemma="kreol" pos="X">kreol</wf>
         <wf lemma="ételek" pos="X">ételek</wf>
         <wf lemma="." pos="X">.</wf>
      </sentence>
      <sentence id="d000.s1787" source="wordnet-hungarian">
         <wf lemma="A" pos="X">A</wf>
         <instance id="d000.s1787.t000" lemma="káposzta" pos="NOUN">káposzta</instance>
         <wf lemma="az" pos="X">az</wf>
         <wf lemma="egyik" pos="X">egyik</wf>
         <wf lemma="leggyakoribb" pos="X">leggyakoribb</wf>
         <wf lemma="zöldségünk" pos="X">zöldségünk</wf>
         <wf lemma=";" pos="X">;</wf>
         <wf lemma="a" pos="X">a</wf>
         <wf lemma="leggyakoribb" pos="X">leggyakoribb</wf>
         <wf lemma="a" pos="X">a</wf>
         <wf lemma="zöld-fehér" pos="X">zöld-fehér</wf>
         <wf lemma="káposzta" pos="X">káposzta</wf>
         <wf lemma="," pos="X">,</wf>
         <wf lemma="mely" pos="X">mely</wf>
         <wf lemma="nyár" pos="X">nyár</wf>
         <wf lemma="végétől" pos="X">végétől</wf>
         <wf lemma="," pos="X">,</wf>
         <wf lemma="késő" pos="X">késő</wf>
         <wf lemma="őszig" pos="X">őszig</wf>
         <wf lemma="terem" pos="X">terem</wf>
         <wf lemma="." pos="X">.</wf>
      </sentence>
      <sentence id="d000.s1788" source="wordnet-hungarian">
         <wf lemma="Becsapta" pos="X">Becsapta</wf>
         <wf lemma="az" pos="X">az</wf>
         <instance id="d000.s1788.t000" lemma="ajtó" pos="NOUN">ajtót</instance>
         <wf lemma="a" pos="X">a</wf>
         <wf lemma="huzat" pos="X">huzat</wf>
         <wf lemma="." pos="X">.</wf>
      </sentence>
      <sentence id="d000.s1789" source="wordnet-hungarian">
         <wf lemma="Az" pos="X">Az</wf>
         <instance id="d000.s1789.t000" lemma="asztal" pos="NOUN">asztalon</instance>
         <wf lemma="már" pos="X">már</wf>
         <wf lemma="vár" pos="X">vár</wf>
         <wf lemma="minket" pos="X">minket</wf>
         <wf lemma="az" pos="X">az</wf>
         <wf lemma="ebéd" pos="X">ebéd</wf>
         <wf lemma="." pos="X">.</wf>
      </sentence>
      <sentence id="d000.s1790" source="wordnet-hungarian">
         <wf lemma="A" pos="X">A</wf>
         <instance id="d000.s1790.t000" lemma="szenátus" pos="NOUN">szenátus</instance>
         <wf lemma="szóbeli" pos="X">szóbeli</wf>
         <wf lemma="szavazás" pos="X">szavazás</wf>
         <wf lemma="alapján" pos="X">alapján</wf>
         <wf lemma="hagyta" pos="X">hagyta</wf>
         <wf lemma="jóvá" pos="X">jóvá</wf>
         <wf lemma="a" pos="X">a</wf>
         <wf lemma="törvényjavaslat" pos="X">törvényjavaslat</wf>
         <wf lemma="." pos="X">.</wf>
      </sentence>
      <sentence id="d000.s1791" source="wordnet-hungarian">
         <wf lemma="A" pos="X">A</wf>
         <instance id="d000.s1791.t000" lemma="nyomornegyed" pos="NOUN">nyomornegyed</instance>
         <wf lemma="nem" pos="X">nem</wf>
         <wf lemma="szívderítő" pos="X">szívderítő</wf>
         <wf lemma="látvány" pos="X">látvány</wf>
         <wf lemma="." pos="X">.</wf>
      </sentence>
      <sentence id="d000.s1792" source="wordnet-hungarian">
         <wf lemma="Az" pos="X">Az</wf>
         <wf lemma="elemi" pos="X">elemi</wf>
         <wf lemma="részecskék" pos="X">részecskék</wf>
         <instance id="d000.s1792.t000" lemma="kutatás" pos="NOUN">kutatása</instance>
         <wf lemma="érdekes" pos="X">érdekes</wf>
         <wf lemma="felfedezésekkel" pos="X">felfedezésekkel</wf>
         <wf lemma="gazdagította" pos="X">gazdagította</wf>
         <wf lemma="tudományos" pos="X">tudományos</wf>
         <wf lemma="ismereteinket" pos="X">ismereteinket</wf>
         <wf lemma="." pos="X">.</wf>
      </sentence>
      <sentence id="d000.s1793" source="wordnet-hungarian">
         <wf lemma="A" pos="X">A</wf>
         <wf lemma="ház" pos="X">ház</wf>
         <instance id="d000.s1793.t000" lemma="megszentelés" pos="NOUN">megszentelését</instance>
         <wf lemma="a" pos="X">a</wf>
         <wf lemma="diakónus" pos="X">diakónus</wf>
         <wf lemma="végezte" pos="X">végezte</wf>
         <wf lemma="." pos="X">.</wf>
      </sentence>
      <sentence id="d000.s1794" source="wordnet-hungarian">
         <wf lemma="Csak" pos="X">Csak</wf>
         <wf lemma="laza" pos="X">laza</wf>
         <instance id="d000.s1794.t000" lemma="ismeretség" pos="NOUN">ismeretségben</instance>
         <wf lemma="voltak" pos="X">voltak</wf>
         <wf lemma="a" pos="X">a</wf>
         <wf lemma="szomszédaikkal" pos="X">szomszédaikkal</wf>
         <wf lemma="." pos="X">.</wf>
      </sentence>
      <sentence id="d000.s1795" source="wordnet-hungarian">
         <wf lemma="Mekkor" pos="X">Mekkor</wf>
         <wf lemma="a" pos="X">a</wf>
         <instance id="d000.s1795.t000" lemma="valószínűség" pos="NOUN">valószínűsége</instance>
         <wf lemma="az" pos="X">az</wf>
         <wf lemma="esőnek" pos="X">esőnek</wf>
         <wf lemma="?" pos="X">?</wf>
      </sentence>
      <sentence id="d000.s1796" source="wordnet-hungarian">
         <wf lemma="A" pos="X">A</wf>
         <instance id="d000.s1796.t000" lemma="boltos" pos="NOUN">boltos</instance>
         <wf lemma="mindig" pos="X">mindig</wf>
         <wf lemma="tartott" pos="X">tartott</wf>
         <wf lemma="raktáron" pos="X">raktáron</wf>
         <wf lemma="készleteket" pos="X">készleteket</wf>
         <wf lemma="a" pos="X">a</wf>
         <wf lemma="gyorsan" pos="X">gyorsan</wf>
         <wf lemma="fogyó" pos="X">fogyó</wf>
         <wf lemma="cikkekből" pos="X">cikkekből</wf>
         <wf lemma="." pos="X">.</wf>
      </sentence>
      <sentence id="d000.s1797" source="wordnet-hungarian">
         <wf lemma="A" pos="X">A</wf>
         <wf lemma="rövid" pos="X">rövid</wf>
         <instance id="d000.s1797.t000" lemma="összefoglaló" pos="NOUN">összefoglaló</instance>
         <wf lemma="után" pos="X">után</wf>
         <wf lemma="rátértünk" pos="X">rátértünk</wf>
         <wf lemma="az" pos="X">az</wf>
         <wf lemma="értékelésre" pos="X">értékelésre</wf>
         <wf lemma="." pos="X">.</wf>
      </sentence>
      <sentence id="d000.s1798" source="wordnet-hungarian">
         <wf lemma="Ahogy" pos="X">Ahogy</wf>
         <wf lemma="az" pos="X">az</wf>
         <wf lemma="eső" pos="X">eső</wf>
         <wf lemma="abbamaradt" pos="X">abbamaradt</wf>
         <wf lemma="," pos="X">,</wf>
         <wf lemma="az" pos="X">az</wf>
         <wf lemma="égen" pos="X">égen</wf>
         <wf lemma="feltűnt" pos="X">feltűnt</wf>
         <wf lemma="a" pos="X">a</wf>
         <instance id="d000.s1798.t000" lemma="szivárvány" pos="NOUN">szivárvány</instance>
         <wf lemma="." pos="X">.</wf>
      </sentence>
      <sentence id="d000.s1799" source="wordnet-hungarian">
         <wf lemma="A" pos="X">A</wf>
         <wf lemma="fogságban" pos="X">fogságban</wf>
         <wf lemma="tartott" pos="X">tartott</wf>
         <wf lemma="rétisaspár" pos="X">rétisaspár</wf>
         <wf lemma="nősténye" pos="X">nősténye</wf>
         <wf lemma="három" pos="X">három</wf>
         <instance id="d000.s1799.t000" lemma="tojás" pos="NOUN">tojást</instance>
         <wf lemma="rakott" pos="X">rakott</wf>
         <wf lemma="." pos="X">.</wf>
      </sentence>
      <sentence id="d000.s1800" source="wordnet-hungarian">
         <wf lemma="Mindkét" pos="X">Mindkét</wf>
         <instance id="d000.s1800.t000" lemma="lány" pos="NOUN">lánya</instance>
         <wf lemma="orvos" pos="X">orvos</wf>
         <wf lemma="lett" pos="X">lett</wf>
         <wf lemma="." pos="X">.</wf>
      </sentence>
      <sentence id="d000.s1801" source="wordnet-hungarian">
         <wf lemma="Lopja" pos="X">Lopja</wf>
         <wf lemma="a" pos="X">a</wf>
         <wf lemma="csirkéinket" pos="X">csirkéinket</wf>
         <wf lemma="valamilyen" pos="X">valamilyen</wf>
         <instance id="d000.s1801.t000" lemma="ragadozó" pos="NOUN">ragadozó</instance>
         <wf lemma="." pos="X">.</wf>
      </sentence>
      <sentence id="d000.s1802" source="wordnet-hungarian">
         <wf lemma="A" pos="X">A</wf>
         <wf lemma="füstös" pos="X">füstös</wf>
         <wf lemma="levegő" pos="X">levegő</wf>
         <instance id="d000.s1802.t000" lemma="bánt" pos="VERB">bántja</instance>
         <wf lemma="a" pos="X">a</wf>
         <wf lemma="szememet" pos="X">szememet</wf>
         <wf lemma="." pos="X">.</wf>
      </sentence>
      <sentence id="d000.s1803" source="wordnet-hungarian">
         <wf lemma="Az" pos="X">Az</wf>
         <wf lemma="új" pos="X">új</wf>
         <wf lemma="génváltozatok" pos="X">génváltozatok</wf>
         <wf lemma="az" pos="X">az</wf>
         <instance id="d000.s1803.t000" lemma="egyedfejlődés" pos="NOUN">egyedfejlődés</instance>
         <wf lemma="során" pos="X">során</wf>
         <wf lemma="fejtik" pos="X">fejtik</wf>
         <wf lemma="ki" pos="X">ki</wf>
         <wf lemma="közvetlen" pos="X">közvetlen</wf>
         <wf lemma="hatásukat" pos="X">hatásukat</wf>
         <wf lemma="." pos="X">.</wf>
      </sentence>
      <sentence id="d000.s1804" source="wordnet-hungarian">
         <wf lemma="A" pos="X">A</wf>
         <instance id="d000.s1804.t000" lemma="hitelező" pos="NOUN">hitelezők</instance>
         <wf lemma="elutasították" pos="X">elutasították</wf>
         <wf lemma="a" pos="X">a</wf>
         <wf lemma="Jukosz" pos="X">Jukosz</wf>
         <wf lemma="szanálására" pos="X">szanálására</wf>
         <wf lemma="benyújtott" pos="X">benyújtott</wf>
         <wf lemma="javaslatot" pos="X">javaslatot</wf>
         <wf lemma="." pos="X">.</wf>
      </sentence>
      <sentence id="d000.s1805" source="wordnet-hungarian">
         <wf lemma="A" pos="X">A</wf>
         <instance id="d000.s1805.t000" lemma="munkanélküliség" pos="NOUN">munkanélküliség</instance>
         <wf lemma="nagyon" pos="X">nagyon</wf>
         <wf lemma="magas" pos="X">magas</wf>
         <wf lemma="ebben" pos="X">ebben</wf>
         <wf lemma="az" pos="X">az</wf>
         <wf lemma="országban" pos="X">országban</wf>
         <wf lemma="." pos="X">.</wf>
      </sentence>
      <sentence id="d000.s1806" source="wordnet-hungarian">
         <wf lemma="A" pos="X">A</wf>
         <instance id="d000.s1806.t000" lemma="nemesfém" pos="NOUN">nemesfémre</instance>
         <wf lemma="általában" pos="X">általában</wf>
         <wf lemma="nem" pos="X">nem</wf>
         <wf lemma="allergiás" pos="X">allergiás</wf>
         <wf lemma="a" pos="X">a</wf>
         <wf lemma="bőr" pos="X">bőr</wf>
         <wf lemma="." pos="X">.</wf>
      </sentence>
      <sentence id="d000.s1807" source="wordnet-hungarian">
         <wf lemma="A" pos="X">A</wf>
         <wf lemma="fekete" pos="X">fekete</wf>
         <wf lemma="gólya" pos="X">gólya</wf>
         <wf lemma="hím" pos="X">hím</wf>
         <wf lemma="és" pos="X">és</wf>
         <wf lemma="a" pos="X">a</wf>
         <wf lemma="tojó" pos="X">tojó</wf>
         <wf lemma="egyaránt" pos="X">egyaránt</wf>
         <instance id="d000.s1807.t000" lemma="kotlik" pos="VERB">kotlik</instance>
         <wf lemma="." pos="X">.</wf>
      </sentence>
      <sentence id="d000.s1808" source="wordnet-hungarian">
         <wf lemma="A" pos="X">A</wf>
         <instance id="d000.s1808.t000" lemma="baleset" pos="NOUN">baleset</instance>
         <wf lemma="nem" pos="X">nem</wf>
         <wf lemma="volt" pos="X">volt</wf>
         <wf lemma="halálos" pos="X">halálos</wf>
         <wf lemma="kimenetelű" pos="X">kimenetelű</wf>
         <wf lemma="." pos="X">.</wf>
      </sentence>
      <sentence id="d000.s1809" source="wordnet-hungarian">
         <wf lemma="Az" pos="X">Az</wf>
         <wf lemma="áldozatok" pos="X">áldozatok</wf>
         <wf lemma="kárát" pos="X">kárát</wf>
         <wf lemma="és" pos="X">és</wf>
         <wf lemma="szenvedését" pos="X">szenvedését</wf>
         <wf lemma="ugyanaz" pos="X">ugyanaz</wf>
         <wf lemma="a" pos="X">a</wf>
         <wf lemma="kegyelmes" pos="X">kegyelmes</wf>
         <wf lemma="Isten" pos="X">Isten</wf>
         <wf lemma="gyógyíthatja" pos="X">gyógyíthatja</wf>
         <wf lemma="," pos="X">,</wf>
         <wf lemma="aki" pos="X">aki</wf>
         <wf lemma="a" pos="X">a</wf>
         <instance id="d000.s1809.t000" lemma="bűnös" pos="NOUN">bűnösöknek</instance>
         <wf lemma="is" pos="X">is</wf>
         <wf lemma="megbocsátott" pos="X">megbocsátott</wf>
         <wf lemma="." pos="X">.</wf>
      </sentence>
      <sentence id="d000.s1810" source="wordnet-hungarian">
         <wf lemma="A" pos="X">A</wf>
         <wf lemma="széndioxid" pos="X">széndioxid</wf>
         <wf lemma="a" pos="X">a</wf>
         <wf lemma="szén" pos="X">szén</wf>
         <wf lemma="egy" pos="X">egy</wf>
         <instance id="d000.s1810.t000" lemma="oxid" pos="NOUN">oxidja</instance>
         <wf lemma="." pos="X">.</wf>
      </sentence>
      <sentence id="d000.s1811" source="wordnet-hungarian">
         <wf lemma="Még" pos="X">Még</wf>
         <wf lemma="nem" pos="X">nem</wf>
         <wf lemma="találtam" pos="X">találtam</wf>
         <wf lemma="olyan" pos="X">olyan</wf>
         <instance id="d000.s1811.t000" lemma="kárpitos" pos="NOUN">kárpitost</instance>
         <wf lemma="," pos="X">,</wf>
         <wf lemma="aki" pos="X">aki</wf>
         <wf lemma="elvállalná" pos="X">elvállalná</wf>
         <wf lemma="egy" pos="X">egy</wf>
         <wf lemma="három" pos="X">három</wf>
         <wf lemma="részes" pos="X">részes</wf>
         <wf lemma="garnitúra" pos="X">garnitúra</wf>
         <wf lemma="huzatának" pos="X">huzatának</wf>
         <wf lemma="elkészítését" pos="X">elkészítését</wf>
         <wf lemma="." pos="X">.</wf>
      </sentence>
      <sentence id="d000.s1812" source="wordnet-hungarian">
         <wf lemma="Erőt" pos="X">Erőt</wf>
         <wf lemma="vett" pos="X">vett</wf>
         <wf lemma="rajta" pos="X">rajta</wf>
         <wf lemma="a" pos="X">a</wf>
         <instance id="d000.s1812.t000" lemma="fáradtság" pos="NOUN">fáradtság</instance>
         <wf lemma="." pos="X">.</wf>
      </sentence>
      <sentence id="d000.s1813" source="wordnet-hungarian">
         <wf lemma="A" pos="X">A</wf>
         <instance id="d000.s1813.t000" lemma="skót" pos="NOUN">skót</instance>
         <wf lemma="whiskey-t" pos="X">whiskey-t</wf>
         <wf lemma="hozott" pos="X">hozott</wf>
         <wf lemma="ajándékba" pos="X">ajándékba</wf>
         <wf lemma="." pos="X">.</wf>
      </sentence>
      <sentence id="d000.s1814" source="wordnet-hungarian">
         <wf lemma="EU-pályázatírók" pos="X">EU-pályázatírók</wf>
         <wf lemma="a" pos="X">a</wf>
         <wf lemma="napokban" pos="X">napokban</wf>
         <wf lemma="szakmai" pos="X">szakmai</wf>
         <instance id="d000.s1814.t000" lemma="szövetség" pos="NOUN">szövetséget</instance>
         <wf lemma="alakítottak" pos="X">alakítottak</wf>
         <wf lemma="." pos="X">.</wf>
      </sentence>
      <sentence id="d000.s1815" source="wordnet-hungarian">
         <wf lemma="Hatalmas" pos="X">Hatalmas</wf>
         <instance id="d000.s1815.t000" lemma="rendetlenség" pos="NOUN">rendetlenség</instance>
         <wf lemma="volt" pos="X">volt</wf>
         <wf lemma="az" pos="X">az</wf>
         <wf lemma="asztalán" pos="X">asztalán</wf>
         <wf lemma="." pos="X">.</wf>
      </sentence>
      <sentence id="d000.s1816" source="wordnet-hungarian">
         <wf lemma="A" pos="X">A</wf>
         <wf lemma="váltó" pos="X">váltó</wf>
         <instance id="d000.s1816.t000" lemma="lejárat" pos="NOUN">lejárata</instance>
         <wf lemma="a" pos="X">a</wf>
         <wf lemma="hónap" pos="X">hónap</wf>
         <wf lemma="végére" pos="X">végére</wf>
         <wf lemma="esik" pos="X">esik</wf>
         <wf lemma="." pos="X">.</wf>
      </sentence>
      <sentence id="d000.s1817" source="wordnet-hungarian">
         <wf lemma="A" pos="X">A</wf>
         <instance id="d000.s1817.t000" lemma="hágó" pos="NOUN">hágón</instance>
         <wf lemma="imazászlók" pos="X">imazászlók</wf>
         <wf lemma="sokasága" pos="X">sokasága</wf>
         <wf lemma="leng" pos="X">leng</wf>
         <wf lemma="a" pos="X">a</wf>
         <wf lemma="szélben" pos="X">szélben</wf>
         <wf lemma="," pos="X">,</wf>
         <wf lemma="s" pos="X">s</wf>
         <wf lemma="körben" pos="X">körben</wf>
         <wf lemma="fantasztikus" pos="X">fantasztikus</wf>
         <wf lemma="hegyvonulatokat" pos="X">hegyvonulatokat</wf>
         <wf lemma="," pos="X">,</wf>
         <wf lemma="szurdokokat" pos="X">szurdokokat</wf>
         <wf lemma="csodálhatunk" pos="X">csodálhatunk</wf>
         <wf lemma="meg" pos="X">meg</wf>
         <wf lemma="." pos="X">.</wf>
      </sentence>
      <sentence id="d000.s1818" source="wordnet-hungarian">
         <wf lemma="A" pos="X">A</wf>
         <instance id="d000.s1818.t000" lemma="tárgylemez" pos="NOUN">tárgylemezre</instance>
         <wf lemma="rakd" pos="X">rakd</wf>
         <wf lemma="a" pos="X">a</wf>
         <wf lemma="mintát" pos="X">mintát</wf>
         <wf lemma="." pos="X">.</wf>
      </sentence>
      <sentence id="d000.s1819" source="wordnet-hungarian">
         <wf lemma="A" pos="X">A</wf>
         <wf lemma="tenger" pos="X">tenger</wf>
         <wf lemma="vizének" pos="X">vizének</wf>
         <wf lemma="és" pos="X">és</wf>
         <wf lemma="a" pos="X">a</wf>
         <wf lemma="képlékeny" pos="X">képlékeny</wf>
         <wf lemma="magnak" pos="X">magnak</wf>
         <wf lemma="hatalmas" pos="X">hatalmas</wf>
         <wf lemma="méretű" pos="X">méretű</wf>
         <wf lemma="rezgőmozgása" pos="X">rezgőmozgása</wf>
         <wf lemma="miatt" pos="X">miatt</wf>
         <wf lemma="fellépő" pos="X">fellépő</wf>
         <wf lemma="súrlódás" pos="X">súrlódás</wf>
         <wf lemma="és" pos="X">és</wf>
         <wf lemma="az" pos="X">az</wf>
         <wf lemma="emiatt" pos="X">emiatt</wf>
         <wf lemma="keletkező" pos="X">keletkező</wf>
         <instance id="d000.s1819.t000" lemma="hőenergia" pos="NOUN">hőenergia</instance>
         <wf lemma="a" pos="X">a</wf>
         <wf lemma="Föld" pos="X">Föld</wf>
         <wf lemma="forgási" pos="X">forgási</wf>
         <wf lemma="energiájának" pos="X">energiájának</wf>
         <wf lemma="csökkenését" pos="X">csökkenését</wf>
         <wf lemma="eredményezi" pos="X">eredményezi</wf>
         <wf lemma="." pos="X">.</wf>
      </sentence>
      <sentence id="d000.s1820" source="wordnet-hungarian">
         <wf lemma="A" pos="X">A</wf>
         <instance id="d000.s1820.t000" lemma="szomorúság" pos="NOUN">szomorúság</instance>
         <wf lemma="sem" pos="X">sem</wf>
         <wf lemma="tart" pos="X">tart</wf>
         <wf lemma="örökké" pos="X">örökké</wf>
         <wf lemma="." pos="X">.</wf>
      </sentence>
      <sentence id="d000.s1821" source="wordnet-hungarian">
         <wf lemma="Egy" pos="X">Egy</wf>
         <instance id="d000.s1821.t000" lemma="óra" pos="NOUN">órára</instance>
         <wf lemma="lakunk" pos="X">lakunk</wf>
         <wf lemma="a" pos="X">a</wf>
         <wf lemma="repülőtértől" pos="X">repülőtértől</wf>
         <wf lemma="." pos="X">.</wf>
      </sentence>
      <sentence id="d000.s1822" source="wordnet-hungarian">
         <wf lemma="A" pos="X">A</wf>
         <wf lemma="barátnőm" pos="X">barátnőm</wf>
         <wf lemma="a" pos="X">a</wf>
         <wf lemma="legfőbb" pos="X">legfőbb</wf>
         <instance id="d000.s1822.t000" lemma="kritikus" pos="NOUN">kritikusom</instance>
         <wf lemma="." pos="X">.</wf>
      </sentence>
      <sentence id="d000.s1823" source="wordnet-hungarian">
         <wf lemma="Az" pos="X">Az</wf>
         <wf lemma="angol" pos="X">angol</wf>
         <wf lemma="liberalizmus" pos="X">liberalizmus</wf>
         <wf lemma="hagyományainak" pos="X">hagyományainak</wf>
         <wf lemma="fő" pos="X">fő</wf>
         <wf lemma="örököse" pos="X">örököse</wf>
         <wf lemma="ma" pos="X">ma</wf>
         <wf lemma="az" pos="X">az</wf>
         <wf lemma="angol" pos="X">angol</wf>
         <instance id="d000.s1823.t000" lemma="munkáspárt" pos="NOUN">munkáspárt</instance>
         <wf lemma="." pos="X">.</wf>
      </sentence>
      <sentence id="d000.s1824" source="wordnet-hungarian">
         <wf lemma="A" pos="X">A</wf>
         <instance id="d000.s1824.t000" lemma="vélemény" pos="NOUN">véleménye</instance>
         <wf lemma="gyakran" pos="X">gyakran</wf>
         <wf lemma="megjelent" pos="X">megjelent</wf>
         <wf lemma="az" pos="X">az</wf>
         <wf lemma="újság" pos="X">újság</wf>
         <wf lemma="szerkesztői" pos="X">szerkesztői</wf>
         <wf lemma="rovatában" pos="X">rovatában</wf>
         <wf lemma="." pos="X">.</wf>
      </sentence>
      <sentence id="d000.s1825" source="wordnet-hungarian">
         <wf lemma="A" pos="X">A</wf>
         <wf lemma="fémek" pos="X">fémek</wf>
         <wf lemma="nagyon" pos="X">nagyon</wf>
         <wf lemma="jó" pos="X">jó</wf>
         <instance id="d000.s1825.t000" lemma="vezető" pos="NOUN">vezetők</instance>
         <wf lemma="." pos="X">.</wf>
      </sentence>
      <sentence id="d000.s1826" source="wordnet-hungarian">
         <wf lemma="Ültünk" pos="X">Ültünk</wf>
         <wf lemma="a" pos="X">a</wf>
         <wf lemma="mólón" pos="X">mólón</wf>
         <wf lemma="," pos="X">,</wf>
         <wf lemma="és" pos="X">és</wf>
         <wf lemma="néztük" pos="X">néztük</wf>
         <wf lemma="hogy" pos="X">hogy</wf>
         <instance id="d000.s1826.t000" lemma="lenyugszik" pos="VERB">lenyugszik</instance>
         <wf lemma="a" pos="X">a</wf>
         <wf lemma="Nap." pos="X">Nap.</wf>
      </sentence>
      <sentence id="d000.s1827" source="wordnet-hungarian">
         <wf lemma="A" pos="X">A</wf>
         <wf lemma="kocsis" pos="X">kocsis</wf>
         <wf lemma="a" pos="X">a</wf>
         <wf lemma="lovak" pos="X">lovak</wf>
         <wf lemma="feje" pos="X">feje</wf>
         <wf lemma="fölé" pos="X">fölé</wf>
         <wf lemma="pattintott" pos="X">pattintott</wf>
         <wf lemma="az" pos="X">az</wf>
         <instance id="d000.s1827.t000" lemma="ostor" pos="NOUN">ostorral</instance>
         <wf lemma="." pos="X">.</wf>
      </sentence>
      <sentence id="d000.s1828" source="wordnet-hungarian">
         <wf lemma="A" pos="X">A</wf>
         <instance id="d000.s1828.t000" lemma="mustár" pos="NOUN">mustár</instance>
         <wf lemma="növény" pos="X">növény</wf>
         <wf lemma="magját" pos="X">magját</wf>
         <wf lemma="," pos="X">,</wf>
         <wf lemma="a" pos="X">a</wf>
         <wf lemma="mustármagot" pos="X">mustármagot</wf>
         <wf lemma="fűszerként" pos="X">fűszerként</wf>
         <wf lemma="használják" pos="X">használják</wf>
         <wf lemma="." pos="X">.</wf>
      </sentence>
      <sentence id="d000.s1829" source="wordnet-hungarian">
         <wf lemma="A" pos="X">A</wf>
         <wf lemma="mai" pos="X">mai</wf>
         <wf lemma="napon" pos="X">napon</wf>
         <wf lemma="a" pos="X">a</wf>
         <instance id="d000.s1829.t000" lemma="tűzoltó" pos="NOUN">tűzoltókat</instance>
         <wf lemma="tizenötször" pos="X">tizenötször</wf>
         <wf lemma="riasztották" pos="X">riasztották</wf>
         <wf lemma="tarlótűz" pos="X">tarlótűz</wf>
         <wf lemma="miatt" pos="X">miatt</wf>
         <wf lemma="." pos="X">.</wf>
      </sentence>
      <sentence id="d000.s1830" source="wordnet-hungarian">
         <wf lemma="Ennek" pos="X">Ennek</wf>
         <wf lemma="a" pos="X">a</wf>
         <wf lemma="lencsének" pos="X">lencsének</wf>
         <wf lemma="különösen" pos="X">különösen</wf>
         <wf lemma="jó" pos="X">jó</wf>
         <wf lemma="a" pos="X">a</wf>
         <instance id="d000.s1830.t000" lemma="felbontóképesség" pos="NOUN">felbontóképessége</instance>
         <wf lemma="." pos="X">.</wf>
      </sentence>
      <sentence id="d000.s1831" source="wordnet-hungarian">
         <wf lemma="A" pos="X">A</wf>
         <instance id="d000.s1831.t000" lemma="mérgezés" pos="NOUN">mérgezés</instance>
         <wf lemma="első" pos="X">első</wf>
         <wf lemma="tünetei" pos="X">tünetei</wf>
         <wf lemma="már" pos="X">már</wf>
         <wf lemma="látszottak" pos="X">látszottak</wf>
         <wf lemma="rajta" pos="X">rajta</wf>
         <wf lemma="." pos="X">.</wf>
      </sentence>
      <sentence id="d000.s1832" source="wordnet-hungarian">
         <wf lemma="A" pos="X">A</wf>
         <wf lemma="hőség" pos="X">hőség</wf>
         <instance id="d000.s1832.t000" lemma="éget" pos="VERB">égette</instance>
         <wf lemma="a" pos="X">a</wf>
         <wf lemma="vidék" pos="X">vidék</wf>
         <wf lemma="természetes" pos="X">természetes</wf>
         <wf lemma="aljnövényzetét" pos="X">aljnövényzetét</wf>
         <wf lemma="." pos="X">.</wf>
      </sentence>
      <sentence id="d000.s1833" source="wordnet-hungarian">
         <wf lemma="Ez" pos="X">Ez</wf>
         <wf lemma="a" pos="X">a</wf>
         <instance id="d000.s1833.t000" lemma="gyalázat" pos="NOUN">gyalázat</instance>
         <wf lemma="örökre" pos="X">örökre</wf>
         <wf lemma="szégyenfoltot" pos="X">szégyenfoltot</wf>
         <wf lemma="ejtett" pos="X">ejtett</wf>
         <wf lemma="a" pos="X">a</wf>
         <wf lemma="család" pos="X">család</wf>
         <wf lemma="nevén" pos="X">nevén</wf>
         <wf lemma="." pos="X">.</wf>
      </sentence>
      <sentence id="d000.s1834" source="wordnet-hungarian">
         <wf lemma="A" pos="X">A</wf>
         <wf lemma="vas" pos="X">vas</wf>
         <instance id="d000.s1834.t000" lemma="szulfid" pos="NOUN">szulfidja</instance>
         <wf lemma="kékeszöld" pos="X">kékeszöld</wf>
         <wf lemma="." pos="X">.</wf>
      </sentence>
      <sentence id="d000.s1835" source="wordnet-hungarian">
         <wf lemma="A" pos="X">A</wf>
         <instance id="d000.s1835.t000" lemma="lepel" pos="NOUN">lepel</instance>
         <wf lemma="mögé" pos="X">mögé</wf>
         <wf lemma="rejtőztek" pos="X">rejtőztek</wf>
         <wf lemma="el" pos="X">el</wf>
         <wf lemma="a" pos="X">a</wf>
         <wf lemma="gyerekek" pos="X">gyerekek</wf>
         <wf lemma="." pos="X">.</wf>
      </sentence>
      <sentence id="d000.s1836" source="wordnet-hungarian">
         <wf lemma="A" pos="X">A</wf>
         <wf lemma="politikai" pos="X">politikai</wf>
         <wf lemma="követelések" pos="X">követelések</wf>
         <wf lemma="benyomulnak" pos="X">benyomulnak</wf>
         <wf lemma="az" pos="X">az</wf>
         <wf lemma="egyéni" pos="X">egyéni</wf>
         <instance id="d000.s1836.t000" lemma="morál" pos="NOUN">morál</instance>
         <wf lemma="és" pos="X">és</wf>
         <wf lemma="az" pos="X">az</wf>
         <wf lemma="egyéni" pos="X">egyéni</wf>
         <wf lemma="életforma" pos="X">életforma</wf>
         <wf lemma="területére" pos="X">területére</wf>
         <wf lemma="." pos="X">.</wf>
      </sentence>
      <sentence id="d000.s1837" source="wordnet-hungarian">
         <wf lemma="A" pos="X">A</wf>
         <instance id="d000.s1837.t000" lemma="revü" pos="NOUN">revü</instance>
         <wf lemma="este" pos="X">este</wf>
         <wf lemma="hétkor" pos="X">hétkor</wf>
         <wf lemma="kezdődik" pos="X">kezdődik</wf>
         <wf lemma="." pos="X">.</wf>
      </sentence>
      <sentence id="d000.s1838" source="wordnet-hungarian">
         <wf lemma="A" pos="X">A</wf>
         <instance id="d000.s1838.t000" lemma="szomjúság" pos="NOUN">szomjúságtól</instance>
         <wf lemma="alig" pos="X">alig</wf>
         <wf lemma="állt" pos="X">állt</wf>
         <wf lemma="a" pos="X">a</wf>
         <wf lemma="lábán" pos="X">lábán</wf>
         <wf lemma="." pos="X">.</wf>
      </sentence>
      <sentence id="d000.s1839" source="wordnet-hungarian">
         <wf lemma="A" pos="X">A</wf>
         <wf lemma="festmény" pos="X">festmény</wf>
         <wf lemma="10000" pos="X">10000</wf>
         <wf lemma="dollárt" pos="X">dollárt</wf>
         <instance id="d000.s1839.t000" lemma="hoz" pos="VERB">hozott</instance>
         <wf lemma="." pos="X">.</wf>
      </sentence>
      <sentence id="d000.s1840" source="wordnet-hungarian">
         <wf lemma="Az" pos="X">Az</wf>
         <wf lemma="igazgató" pos="X">igazgató</wf>
         <instance id="d000.s1840.t000" lemma="üdvözöl" pos="VERB">üdvözölte</instance>
         <wf lemma="a" pos="X">a</wf>
         <wf lemma="parkban" pos="X">parkban</wf>
         <wf lemma="sétáló" pos="X">sétáló</wf>
         <wf lemma="kollégáját" pos="X">kollégáját</wf>
         <wf lemma="." pos="X">.</wf>
      </sentence>
      <sentence id="d000.s1841" source="wordnet-hungarian">
         <wf lemma="Mivel" pos="X">Mivel</wf>
         <wf lemma="a" pos="X">a</wf>
         <instance id="d000.s1841.t000" lemma="bozon" pos="NOUN">bozonokra</instance>
         <wf lemma="nincs" pos="X">nincs</wf>
         <wf lemma="kizárási" pos="X">kizárási</wf>
         <wf lemma="elv" pos="X">elv</wf>
         <wf lemma="," pos="X">,</wf>
         <wf lemma="ezért" pos="X">ezért</wf>
         <wf lemma="nehezebb" pos="X">nehezebb</wf>
         <wf lemma="belőlük" pos="X">belőlük</wf>
         <wf lemma="stabil" pos="X">stabil</wf>
         <wf lemma="struktúrákat" pos="X">struktúrákat</wf>
         <wf lemma="felépíteni" pos="X">felépíteni</wf>
         <wf lemma="," pos="X">,</wf>
         <wf lemma="mint" pos="X">mint</wf>
         <wf lemma="a" pos="X">a</wf>
         <wf lemma="fermionokból" pos="X">fermionokból</wf>
         <wf lemma="." pos="X">.</wf>
      </sentence>
      <sentence id="d000.s1842" source="wordnet-hungarian">
         <wf lemma="A" pos="X">A</wf>
         <wf lemma="fanyar" pos="X">fanyar</wf>
         <wf lemma="illatú" pos="X">illatú</wf>
         <wf lemma="," pos="X">,</wf>
         <wf lemma="pikáns" pos="X">pikáns</wf>
         <wf lemma="ízű" pos="X">ízű</wf>
         <wf lemma="fűszernövény" pos="X">fűszernövény</wf>
         <wf lemma="," pos="X">,</wf>
         <wf lemma="Dél-Ázsiából" pos="X">Dél-Ázsiából</wf>
         <wf lemma="került" pos="X">került</wf>
         <wf lemma="Európába" pos="X">Európába</wf>
         <wf lemma=";" pos="X">;</wf>
         <wf lemma="a" pos="X">a</wf>
         <wf lemma="szárított" pos="X">szárított</wf>
         <instance id="d000.s1842.t000" lemma="bazsalikom" pos="NOUN">bazsalikomból</instance>
         <wf lemma="készült" pos="X">készült</wf>
         <wf lemma="tea" pos="X">tea</wf>
         <wf lemma="gyomorerősítő" pos="X">gyomorerősítő</wf>
         <wf lemma="," pos="X">,</wf>
         <wf lemma="gyomortisztító" pos="X">gyomortisztító</wf>
         <wf lemma="." pos="X">.</wf>
      </sentence>
      <sentence id="d000.s1843" source="wordnet-hungarian">
         <wf lemma="Koszovó" pos="X">Koszovó</wf>
         <wf lemma="az" pos="X">az</wf>
         <wf lemma="ENSZ" pos="X">ENSZ</wf>
         <instance id="d000.s1843.t000" lemma="gyámság" pos="NOUN">gyámsága</instance>
         <wf lemma="alatt" pos="X">alatt</wf>
         <wf lemma="áll" pos="X">áll</wf>
         <wf lemma="." pos="X">.</wf>
      </sentence>
      <sentence id="d000.s1844" source="wordnet-hungarian">
         <wf lemma="Az" pos="X">Az</wf>
         <wf lemma="eredmények" pos="X">eredmények</wf>
         <wf lemma="gyakorlati" pos="X">gyakorlati</wf>
         <instance id="d000.s1844.t000" lemma="alkalmazás" pos="NOUN">alkalmazása</instance>
         <wf lemma="." pos="X">.</wf>
      </sentence>
      <sentence id="d000.s1845" source="wordnet-hungarian">
         <instance id="d000.s1845.t000" lemma="eltérés" pos="NOUN">Eltérés</instance>
         <wf lemma="az" pos="X">az</wf>
         <wf lemma="eredeti" pos="X">eredeti</wf>
         <wf lemma="szándéktól" pos="X">szándéktól</wf>
         <wf lemma="." pos="X">.</wf>
      </sentence>
      <sentence id="d000.s1846" source="wordnet-hungarian">
         <wf lemma="A" pos="X">A</wf>
         <instance id="d000.s1846.t000" lemma="piszoár" pos="NOUN">piszoárba</instance>
         <wf lemma="két" pos="X">két</wf>
         <wf lemma="illatosítótablettát" pos="X">illatosítótablettát</wf>
         <wf lemma="tett" pos="X">tett</wf>
         <wf lemma="a" pos="X">a</wf>
         <wf lemma="takarítónő" pos="X">takarítónő</wf>
         <wf lemma="." pos="X">.</wf>
      </sentence>
      <sentence id="d000.s1847" source="wordnet-hungarian">
         <wf lemma="Feri" pos="X">Feri</wf>
         <wf lemma="sosem" pos="X">sosem</wf>
         <instance id="d000.s1847.t000" lemma="beszél" pos="VERB">beszélt</instance>
         <wf lemma="nekünk" pos="X">nekünk</wf>
         <wf lemma="a" pos="X">a</wf>
         <wf lemma="zabigyerekéről" pos="X">zabigyerekéről</wf>
         <wf lemma="." pos="X">.</wf>
      </sentence>
      <sentence id="d000.s1848" source="wordnet-hungarian">
         <wf lemma="A" pos="X">A</wf>
         <instance id="d000.s1848.t000" lemma="puma" pos="NOUN">puma</instance>
         <wf lemma="szó" pos="X">szó</wf>
         <wf lemma="a" pos="X">a</wf>
         <wf lemma="kecsua" pos="X">kecsua</wf>
         <wf lemma="indián" pos="X">indián</wf>
         <wf lemma="nyelvből" pos="X">nyelvből</wf>
         <wf lemma="ered" pos="X">ered</wf>
         <wf lemma="." pos="X">.</wf>
      </sentence>
      <sentence id="d000.s1849" source="wordnet-hungarian">
         <wf lemma="Szobrot" pos="X">Szobrot</wf>
         <instance id="d000.s1849.t000" lemma="emel" pos="VERB">emeltek</instance>
         <wf lemma="a" pos="X">a</wf>
         <wf lemma="híres" pos="X">híres</wf>
         <wf lemma="énekesnek" pos="X">énekesnek</wf>
         <wf lemma="." pos="X">.</wf>
      </sentence>
      <sentence id="d000.s1850" source="wordnet-hungarian">
         <wf lemma="Az" pos="X">Az</wf>
         <wf lemma="udvarban" pos="X">udvarban</wf>
         <wf lemma="áll" pos="X">áll</wf>
         <wf lemma="egy" pos="X">egy</wf>
         <wf lemma="nagy" pos="X">nagy</wf>
         <instance id="d000.s1850.t000" lemma="fenyő" pos="NOUN">fenyő</instance>
         <wf lemma="." pos="X">.</wf>
      </sentence>
      <sentence id="d000.s1851" source="wordnet-hungarian">
         <wf lemma="Nagy" pos="X">Nagy</wf>
         <instance id="d000.s1851.t000" lemma="trauma" pos="NOUN">traumát</instance>
         <wf lemma="jelentett" pos="X">jelentett</wf>
         <wf lemma="testvére" pos="X">testvére</wf>
         <wf lemma="hirtelen" pos="X">hirtelen</wf>
         <wf lemma="megbetegedése" pos="X">megbetegedése</wf>
         <wf lemma="." pos="X">.</wf>
      </sentence>
      <sentence id="d000.s1852" source="wordnet-hungarian">
         <wf lemma="A" pos="X">A</wf>
         <wf lemma="csomagot" pos="X">csomagot</wf>
         <wf lemma="egy" pos="X">egy</wf>
         <instance id="d000.s1852.t000" lemma="madzag" pos="NOUN">madzaggal</instance>
         <wf lemma="kötötte" pos="X">kötötte</wf>
         <wf lemma="át" pos="X">át</wf>
         <wf lemma="." pos="X">.</wf>
      </sentence>
      <sentence id="d000.s1853" source="wordnet-hungarian">
         <wf lemma="Pista" pos="X">Pista</wf>
         <wf lemma="folyamatosan" pos="X">folyamatosan</wf>
         <instance id="d000.s1853.t000" lemma="változik" pos="VERB">változik</instance>
         <wf lemma="," pos="X">,</wf>
         <wf lemma="ahogy" pos="X">ahogy</wf>
         <wf lemma="öregszik" pos="X">öregszik</wf>
         <wf lemma="." pos="X">.</wf>
      </sentence>
      <sentence id="d000.s1854" source="wordnet-hungarian">
         <wf lemma="A" pos="X">A</wf>
         <wf lemma="görög" pos="X">görög</wf>
         <wf lemma="és" pos="X">és</wf>
         <wf lemma="római" pos="X">római</wf>
         <instance id="d000.s1854.t000" lemma="mitológia" pos="NOUN">mitológia</instance>
         <wf lemma="nagy" pos="X">nagy</wf>
         <wf lemma="hasonlóságokat" pos="X">hasonlóságokat</wf>
         <wf lemma="mutat" pos="X">mutat</wf>
         <wf lemma="." pos="X">.</wf>
      </sentence>
      <sentence id="d000.s1855" source="wordnet-hungarian">
         <wf lemma="A" pos="X">A</wf>
         <wf lemma="muskátli" pos="X">muskátli</wf>
         <wf lemma="és" pos="X">és</wf>
         <wf lemma="a" pos="X">a</wf>
         <wf lemma="mogyoró" pos="X">mogyoró</wf>
         <wf lemma="egyaránt" pos="X">egyaránt</wf>
         <instance id="d000.s1855.t000" lemma="zárvatermő" pos="NOUN">zárvatermő</instance>
         <wf lemma="növények" pos="X">növények</wf>
         <wf lemma="." pos="X">.</wf>
      </sentence>
      <sentence id="d000.s1856" source="wordnet-hungarian">
         <wf lemma="Nem" pos="X">Nem</wf>
         <instance id="d000.s1856.t000" lemma="emlékszik" pos="VERB">emlékszem</instance>
         <wf lemma="," pos="X">,</wf>
         <wf lemma="hogy" pos="X">hogy</wf>
         <wf lemma="ilyesmit" pos="X">ilyesmit</wf>
         <wf lemma="mondtam" pos="X">mondtam</wf>
         <wf lemma="volna" pos="X">volna</wf>
         <wf lemma="." pos="X">.</wf>
      </sentence>
      <sentence id="d000.s1857" source="wordnet-hungarian">
         <wf lemma="A" pos="X">A</wf>
         <wf lemma="kudarcok" pos="X">kudarcok</wf>
         <wf lemma="után" pos="X">után</wf>
         <wf lemma="sem" pos="X">sem</wf>
         <wf lemma="veszíti" pos="X">veszíti</wf>
         <wf lemma="el" pos="X">el</wf>
         <instance id="d000.s1857.t000" lemma="önbizalom" pos="NOUN">önbizalmát</instance>
         <wf lemma="." pos="X">.</wf>
      </sentence>
      <sentence id="d000.s1858" source="wordnet-hungarian">
         <instance id="d000.s1858.t000" lemma="egység" pos="NOUN">Egységüket</instance>
         <wf lemma="nem" pos="X">nem</wf>
         <wf lemma="lehetett" pos="X">lehetett</wf>
         <wf lemma="megbontani" pos="X">megbontani</wf>
         <wf lemma="." pos="X">.</wf>
      </sentence>
      <sentence id="d000.s1859" source="wordnet-hungarian">
         <wf lemma="A" pos="X">A</wf>
         <instance id="d000.s1859.t000" lemma="sportoló" pos="NOUN">sportolók</instance>
         <wf lemma="különösen" pos="X">különösen</wf>
         <wf lemma="vigyáznak" pos="X">vigyáznak</wf>
         <wf lemma="az" pos="X">az</wf>
         <wf lemma="étrendjükre" pos="X">étrendjükre</wf>
         <wf lemma="." pos="X">.</wf>
      </sentence>
      <sentence id="d000.s1860" source="wordnet-hungarian">
         <wf lemma="Ha" pos="X">Ha</wf>
         <wf lemma="a" pos="X">a</wf>
         <wf lemma="levesből" pos="X">levesből</wf>
         <wf lemma="ennyit" pos="X">ennyit</wf>
         <wf lemma="eszel" pos="X">eszel</wf>
         <wf lemma="," pos="X">,</wf>
         <wf lemma="nem" pos="X">nem</wf>
         <wf lemma="marad" pos="X">marad</wf>
         <wf lemma="hely" pos="X">hely</wf>
         <wf lemma="a" pos="X">a</wf>
         <wf lemma="második" pos="X">második</wf>
         <instance id="d000.s1860.t000" lemma="fogás" pos="NOUN">fogásnak</instance>
         <wf lemma="!" pos="X">!</wf>
      </sentence>
      <sentence id="d000.s1861" source="wordnet-hungarian">
         <wf lemma="Az" pos="X">Az</wf>
         <instance id="d000.s1861.t000" lemma="esemény" pos="NOUN">eseményre</instance>
         <wf lemma="az" pos="X">az</wf>
         <wf lemma="iskola" pos="X">iskola</wf>
         <wf lemma="udvarán" pos="X">udvarán</wf>
         <wf lemma="került" pos="X">került</wf>
         <wf lemma="sor" pos="X">sor</wf>
         <wf lemma="." pos="X">.</wf>
      </sentence>
      <sentence id="d000.s1862" source="wordnet-hungarian">
         <wf lemma="A" pos="X">A</wf>
         <wf lemma="bútorhoz" pos="X">bútorhoz</wf>
         <wf lemma="," pos="X">,</wf>
         <wf lemma="mint" pos="X">mint</wf>
         <wf lemma="történelmi" pos="X">történelmi</wf>
         <wf lemma="műtárgyhoz" pos="X">műtárgyhoz</wf>
         <wf lemma="," pos="X">,</wf>
         <wf lemma="óvatos" pos="X">óvatos</wf>
         <wf lemma="hozzáállás" pos="X">hozzáállás</wf>
         <wf lemma="kötelezi" pos="X">kötelezi</wf>
         <wf lemma="a" pos="X">a</wf>
         <instance id="d000.s1862.t000" lemma="műbútorasztalos" pos="NOUN">műbútorasztalost</instance>
         <wf lemma="." pos="X">.</wf>
      </sentence>
      <sentence id="d000.s1863" source="wordnet-hungarian">
         <wf lemma="A" pos="X">A</wf>
         <wf lemma="fizikai" pos="X">fizikai</wf>
         <instance id="d000.s1863.t000" lemma="mennyiség" pos="NOUN">mennyiség</instance>
         <wf lemma="mindig" pos="X">mindig</wf>
         <wf lemma="egy" pos="X">egy</wf>
         <wf lemma="mérés" pos="X">mérés</wf>
         <wf lemma="eredménye" pos="X">eredménye</wf>
         <wf lemma="." pos="X">.</wf>
      </sentence>
      <sentence id="d000.s1864" source="wordnet-hungarian">
         <wf lemma="A" pos="X">A</wf>
         <instance id="d000.s1864.t000" lemma="csatavirágfélék" pos="NOUN">csatavirágfélék</instance>
         <wf lemma="többsége" pos="X">többsége</wf>
         <wf lemma="lágyszárú" pos="X">lágyszárú</wf>
         <wf lemma="." pos="X">.</wf>
      </sentence>
      <sentence id="d000.s1865" source="wordnet-hungarian">
         <wf lemma="Lova" pos="X">Lova</wf>
         <wf lemma="olyan" pos="X">olyan</wf>
         <wf lemma="erővel" pos="X">erővel</wf>
         <wf lemma="rúgta" pos="X">rúgta</wf>
         <wf lemma="meg" pos="X">meg</wf>
         <wf lemma="," pos="X">,</wf>
         <wf lemma="hogy" pos="X">hogy</wf>
         <wf lemma="szilánkosra" pos="X">szilánkosra</wf>
         <wf lemma="tört" pos="X">tört</wf>
         <wf lemma="a" pos="X">a</wf>
         <wf lemma="jobb" pos="X">jobb</wf>
         <instance id="d000.s1865.t000" lemma="combcsont" pos="NOUN">combcsontja</instance>
         <wf lemma="." pos="X">.</wf>
      </sentence>
      <sentence id="d000.s1866" source="wordnet-hungarian">
         <wf lemma="Elbocsátották" pos="X">Elbocsátották</wf>
         <wf lemma="a" pos="X">a</wf>
         <wf lemma="Rangoon" pos="X">Rangoon</wf>
         <wf lemma="teherhajóról" pos="X">teherhajóról</wf>
         <wf lemma="," pos="X">,</wf>
         <wf lemma="mert" pos="X">mert</wf>
         <wf lemma="egy" pos="X">egy</wf>
         <wf lemma="négyágú" pos="X">négyágú</wf>
         <wf lemma="csáklyával" pos="X">csáklyával</wf>
         <wf lemma="megverte" pos="X">megverte</wf>
         <wf lemma="a" pos="X">a</wf>
         <instance id="d000.s1866.t000" lemma="kormányos" pos="NOUN">kormányost</instance>
         <wf lemma="." pos="X">.</wf>
      </sentence>
      <sentence id="d000.s1867" source="wordnet-hungarian">
         <wf lemma="Hiányzik" pos="X">Hiányzik</wf>
         <wf lemma="belőlük" pos="X">belőlük</wf>
         <wf lemma="az" pos="X">az</wf>
         <wf lemma="egyenesség" pos="X">egyenesség</wf>
         <wf lemma="és" pos="X">és</wf>
         <wf lemma="az" pos="X">az</wf>
         <instance id="d000.s1867.t000" lemma="állhatatosság" pos="NOUN">állhatatosság</instance>
         <wf lemma="." pos="X">.</wf>
      </sentence>
      <sentence id="d000.s1868" source="wordnet-hungarian">
         <wf lemma="A" pos="X">A</wf>
         <wf lemma="medencében" pos="X">medencében</wf>
         <wf lemma="három" pos="X">három</wf>
         <instance id="d000.s1868.t000" lemma="delfin" pos="NOUN">delfin</instance>
         <wf lemma="játszadozott" pos="X">játszadozott</wf>
         <wf lemma="egymással" pos="X">egymással</wf>
         <wf lemma="." pos="X">.</wf>
      </sentence>
      <sentence id="d000.s1869" source="wordnet-hungarian">
         <wf lemma="A" pos="X">A</wf>
         <wf lemma="könyv" pos="X">könyv</wf>
         <wf lemma="nagy" pos="X">nagy</wf>
         <instance id="d000.s1869.t000" lemma="hatás" pos="NOUN">hatást</instance>
         <wf lemma="gyakorolt" pos="X">gyakorolt</wf>
         <wf lemma="rá." pos="X">rá.</wf>
      </sentence>
      <sentence id="d000.s1870" source="wordnet-hungarian">
         <wf lemma="Az" pos="X">Az</wf>
         <wf lemma="asztalokat" pos="X">asztalokat</wf>
         <wf lemma="virág" pos="X">virág</wf>
         <instance id="d000.s1870.t000" lemma="díszít" pos="VERB">díszítette</instance>
         <wf lemma="." pos="X">.</wf>
      </sentence>
      <sentence id="d000.s1871" source="wordnet-hungarian">
         <instance id="d000.s1871.t000" lemma="harcol" pos="VERB">Harcolnunk</instance>
         <wf lemma="kell" pos="X">kell</wf>
         <wf lemma="a" pos="X">a</wf>
         <wf lemma="minket" pos="X">minket</wf>
         <wf lemma="fenyegető" pos="X">fenyegető</wf>
         <wf lemma="lázadók" pos="X">lázadók</wf>
         <wf lemma="ellen" pos="X">ellen</wf>
         <wf lemma="." pos="X">.</wf>
      </sentence>
      <sentence id="d000.s1872" source="wordnet-hungarian">
         <wf lemma="Keleten" pos="X">Keleten</wf>
         <wf lemma="ez" pos="X">ez</wf>
         <wf lemma="a" pos="X">a</wf>
         <wf lemma="vendéglátás" pos="X">vendéglátás</wf>
         <wf lemma="hagyományos" pos="X">hagyományos</wf>
         <instance id="d000.s1872.t000" lemma="rítus" pos="NOUN">rítusa</instance>
         <wf lemma="." pos="X">.</wf>
      </sentence>
      <sentence id="d000.s1873" source="wordnet-hungarian">
         <wf lemma="I." pos="X">I.</wf>
         <wf lemma="Károly" pos="X">Károly</wf>
         <wf lemma="spanyol" pos="X">spanyol</wf>
         <wf lemma="király" pos="X">király</wf>
         <wf lemma="kalandor" pos="X">kalandor</wf>
         <wf lemma="hajósai" pos="X">hajósai</wf>
         <wf lemma="gyilkolták" pos="X">gyilkolták</wf>
         <wf lemma="le" pos="X">le</wf>
         <wf lemma="Atahualpa" pos="X">Atahualpa</wf>
         <wf lemma="inka" pos="X">inka</wf>
         <wf lemma="császár" pos="X">császár</wf>
         <instance id="d000.s1873.t000" lemma="harcos" pos="NOUN">harcosait</instance>
         <wf lemma="." pos="X">.</wf>
      </sentence>
      <sentence id="d000.s1874" source="wordnet-hungarian">
         <wf lemma="Raktam" pos="X">Raktam</wf>
         <wf lemma="még" pos="X">még</wf>
         <wf lemma="két" pos="X">két</wf>
         <instance id="d000.s1874.t000" lemma="alma" pos="NOUN">almát</instance>
         <wf lemma="a" pos="X">a</wf>
         <wf lemma="tízóraid" pos="X">tízóraid</wf>
         <wf lemma="mellé" pos="X">mellé</wf>
         <wf lemma="." pos="X">.</wf>
      </sentence>
      <sentence id="d000.s1875" source="wordnet-hungarian">
         <wf lemma="Az" pos="X">Az</wf>
         <wf lemma="alkalmi" pos="X">alkalmi</wf>
         <instance id="d000.s1875.t000" lemma="birtokháborító" pos="NOUN">birtokháborítót</instance>
         <wf lemma="elrettenti" pos="X">elrettenti</wf>
         <wf lemma="a" pos="X">a</wf>
         <wf lemma="kerítés" pos="X">kerítés</wf>
         <wf lemma="maga" pos="X">maga</wf>
         <wf lemma="," pos="X">,</wf>
         <wf lemma="vagy" pos="X">vagy</wf>
         <wf lemma="az" pos="X">az</wf>
         <wf lemma="áramütés" pos="X">áramütés</wf>
         <wf lemma="." pos="X">.</wf>
      </sentence>
      <sentence id="d000.s1876" source="wordnet-hungarian">
         <wf lemma="Emelkedő" pos="X">Emelkedő</wf>
         <instance id="d000.s1876.t000" lemma="tendencia" pos="NOUN">tendenciát</instance>
         <wf lemma="mutat" pos="X">mutat</wf>
         <wf lemma="a" pos="X">a</wf>
         <wf lemma="tőzsde" pos="X">tőzsde</wf>
         <wf lemma="." pos="X">.</wf>
      </sentence>
      <sentence id="d000.s1877" source="wordnet-hungarian">
         <wf lemma="A" pos="X">A</wf>
         <instance id="d000.s1877.t000" lemma="dajka" pos="NOUN">dajka</instance>
         <wf lemma="elringatta" pos="X">elringatta</wf>
         <wf lemma="a" pos="X">a</wf>
         <wf lemma="csecsemőt" pos="X">csecsemőt</wf>
         <wf lemma="." pos="X">.</wf>
      </sentence>
      <sentence id="d000.s1878" source="wordnet-hungarian">
         <wf lemma="Az" pos="X">Az</wf>
         <instance id="d000.s1878.t000" lemma="energia" pos="NOUN">energia</instance>
         <wf lemma="különböző" pos="X">különböző</wf>
         <wf lemma="formákat" pos="X">formákat</wf>
         <wf lemma="ölthet" pos="X">ölthet</wf>
         <wf lemma="." pos="X">.</wf>
      </sentence>
      <sentence id="d000.s1879" source="wordnet-hungarian">
         <wf lemma="Csak" pos="X">Csak</wf>
         <wf lemma="az" pos="X">az</wf>
         <instance id="d000.s1879.t000" lemma="ügyvéd" pos="NOUN">ügyvédje</instance>
         <wf lemma="jelenlétében" pos="X">jelenlétében</wf>
         <wf lemma="nyilatkozik" pos="X">nyilatkozik</wf>
         <wf lemma="." pos="X">.</wf>
      </sentence>
      <sentence id="d000.s1880" source="wordnet-hungarian">
         <wf lemma="Ha" pos="X">Ha</wf>
         <wf lemma="az" pos="X">az</wf>
         <instance id="d000.s1880.t000" lemma="értekezés" pos="NOUN">értekezés</instance>
         <wf lemma="egyhuzamban" pos="X">egyhuzamban</wf>
         <wf lemma="való" pos="X">való</wf>
         <wf lemma="elolvasásra" pos="X">elolvasásra</wf>
         <wf lemma="nagyon" pos="X">nagyon</wf>
         <wf lemma="hosszúnak" pos="X">hosszúnak</wf>
         <wf lemma="tetszik" pos="X">tetszik</wf>
         <wf lemma="," pos="X">,</wf>
         <wf lemma="hat" pos="X">hat</wf>
         <wf lemma="részre" pos="X">részre</wf>
         <wf lemma="osztható" pos="X">osztható</wf>
         <wf lemma="." pos="X">.</wf>
      </sentence>
      <sentence id="d000.s1881" source="wordnet-hungarian">
         <wf lemma="A" pos="X">A</wf>
         <instance id="d000.s1881.t000" lemma="nacionalista" pos="NOUN">nacionalisták</instance>
         <wf lemma="megmozdulást" pos="X">megmozdulást</wf>
         <wf lemma="szerveznek" pos="X">szerveznek</wf>
         <wf lemma="." pos="X">.</wf>
      </sentence>
      <sentence id="d000.s1882" source="wordnet-hungarian">
         <wf lemma="A" pos="X">A</wf>
         <instance id="d000.s1882.t000" lemma="körzet" pos="NOUN">körzetben</instance>
         <wf lemma="más" pos="X">más</wf>
         <wf lemma="hatóság" pos="X">hatóság</wf>
         <wf lemma="illetékes" pos="X">illetékes</wf>
         <wf lemma="." pos="X">.</wf>
      </sentence>
      <sentence id="d000.s1883" source="wordnet-hungarian">
         <wf lemma="A" pos="X">A</wf>
         <wf lemma="vírus-nukleinsav" pos="X">vírus-nukleinsav</wf>
         <wf lemma="második" pos="X">második</wf>
         <wf lemma="funkciója" pos="X">funkciója</wf>
         <wf lemma="hírvivő" pos="X">hírvivő</wf>
         <wf lemma="RNS" pos="X">RNS</wf>
         <wf lemma="jellegű" pos="X">jellegű</wf>
         <wf lemma="," pos="X">,</wf>
         <wf lemma="feladata" pos="X">feladata</wf>
         <wf lemma="a" pos="X">a</wf>
         <instance id="d000.s1883.t000" lemma="génkifejeződés" pos="NOUN">génkifejeződés</instance>
         <wf lemma="biztosítása" pos="X">biztosítása</wf>
         <wf lemma="." pos="X">.</wf>
      </sentence>
      <sentence id="d000.s1884" source="wordnet-hungarian">
         <wf lemma="Az" pos="X">Az</wf>
         <wf lemma="egész" pos="X">egész</wf>
         <instance id="d000.s1884.t000" lemma="készlet" pos="NOUN">készletet</instance>
         <wf lemma="kipakolta" pos="X">kipakolta</wf>
         <wf lemma="." pos="X">.</wf>
      </sentence>
      <sentence id="d000.s1885" source="wordnet-hungarian">
         <wf lemma="Vajon" pos="X">Vajon</wf>
         <wf lemma="a" pos="X">a</wf>
         <instance id="d000.s1885.t000" lemma="szűz" pos="NOUN">szűz</instance>
         <wf lemma="összeillik" pos="X">összeillik</wf>
         <wf lemma="a" pos="X">a</wf>
         <wf lemma="bikával" pos="X">bikával</wf>
         <wf lemma="?" pos="X">?</wf>
      </sentence>
      <sentence id="d000.s1886" source="wordnet-hungarian">
         <wf lemma="Milyen" pos="X">Milyen</wf>
         <wf lemma="gyorsan" pos="X">gyorsan</wf>
         <instance id="d000.s1886.t000" lemma="megy" pos="VERB">megy</instance>
         <wf lemma="az" pos="X">az</wf>
         <wf lemma="új" pos="X">új</wf>
         <wf lemma="kocsid" pos="X">kocsid</wf>
         <wf lemma="?" pos="X">?</wf>
      </sentence>
      <sentence id="d000.s1887" source="wordnet-hungarian">
         <wf lemma="Úgy" pos="X">Úgy</wf>
         <wf lemma="megijedt" pos="X">megijedt</wf>
         <wf lemma="," pos="X">,</wf>
         <wf lemma="hogy" pos="X">hogy</wf>
         <wf lemma="kiverte" pos="X">kiverte</wf>
         <wf lemma="a" pos="X">a</wf>
         <wf lemma="hideg" pos="X">hideg</wf>
         <instance id="d000.s1887.t000" lemma="veríték" pos="NOUN">veríték</instance>
         <wf lemma="." pos="X">.</wf>
      </sentence>
      <sentence id="d000.s1888" source="wordnet-hungarian">
         <wf lemma="Az" pos="X">Az</wf>
         <wf lemma="európai" pos="X">európai</wf>
         <instance id="d000.s1888.t000" lemma="szerződés" pos="NOUN">szerződésjog</instance>
         <wf lemma="egységesítéséről" pos="X">egységesítéséről</wf>
         <wf lemma="tartottak" pos="X">tartottak</wf>
         <wf lemma="konferenciát" pos="X">konferenciát</wf>
         <wf lemma="kedden" pos="X">kedden</wf>
         <wf lemma="." pos="X">.</wf>
      </sentence>
      <sentence id="d000.s1889" source="wordnet-hungarian">
         <wf lemma="A" pos="X">A</wf>
         <wf lemma="szakácsok" pos="X">szakácsok</wf>
         <wf lemma="főzéshez" pos="X">főzéshez</wf>
         <instance id="d000.s1889.t000" lemma="lát" pos="VERB">láttak</instance>
         <wf lemma="." pos="X">.</wf>
      </sentence>
      <sentence id="d000.s1890" source="wordnet-hungarian">
         <wf lemma="Ennek" pos="X">Ennek</wf>
         <wf lemma="a" pos="X">a</wf>
         <wf lemma="gépnek" pos="X">gépnek</wf>
         <wf lemma="a" pos="X">a</wf>
         <instance id="d000.s1890.t000" lemma="betűkészlet" pos="NOUN">betűkészlete</instance>
         <wf lemma="még" pos="X">még</wf>
         <wf lemma="a" pos="X">a</wf>
         <wf lemma="kínai" pos="X">kínai</wf>
         <wf lemma="nyelv" pos="X">nyelv</wf>
         <wf lemma="betűkészletét" pos="X">betűkészletét</wf>
         <wf lemma="is" pos="X">is</wf>
         <wf lemma="tartalmazza" pos="X">tartalmazza</wf>
         <wf lemma="." pos="X">.</wf>
      </sentence>
      <sentence id="d000.s1891" source="wordnet-hungarian">
         <wf lemma="A" pos="X">A</wf>
         <instance id="d000.s1891.t000" lemma="pénzkínálat" pos="NOUN">pénzkínálatot</instance>
         <wf lemma="a" pos="X">a</wf>
         <wf lemma="jegybank" pos="X">jegybank</wf>
         <wf lemma="képes" pos="X">képes</wf>
         <wf lemma="befolyásolni" pos="X">befolyásolni</wf>
         <wf lemma="." pos="X">.</wf>
      </sentence>
      <sentence id="d000.s1892" source="wordnet-hungarian">
         <wf lemma="Ma" pos="X">Ma</wf>
         <wf lemma="délután" pos="X">délután</wf>
         <wf lemma="érkezik" pos="X">érkezik</wf>
         <wf lemma="friss" pos="X">friss</wf>
         <wf lemma="áru" pos="X">áru</wf>
         <wf lemma="a" pos="X">a</wf>
         <instance id="d000.s1892.t000" lemma="fűszeres" pos="NOUN">fűszereshez</instance>
         <wf lemma="." pos="X">.</wf>
      </sentence>
      <sentence id="d000.s1893" source="wordnet-hungarian">
         <wf lemma="Az" pos="X">Az</wf>
         <wf lemma="időjárás" pos="X">időjárás</wf>
         <wf lemma="fokozatosan" pos="X">fokozatosan</wf>
         <wf lemma="téliesre" pos="X">téliesre</wf>
         <instance id="d000.s1893.t000" lemma="fordul" pos="VERB">fordult</instance>
         <wf lemma="." pos="X">.</wf>
      </sentence>
      <sentence id="d000.s1894" source="wordnet-hungarian">
         <wf lemma="A" pos="X">A</wf>
         <instance id="d000.s1894.t000" lemma="koksz" pos="NOUN">koksz</instance>
         <wf lemma="egyik" pos="X">egyik</wf>
         <wf lemma="legismertebb" pos="X">legismertebb</wf>
         <wf lemma="származási" pos="X">származási</wf>
         <wf lemma="helye" pos="X">helye</wf>
         <wf lemma="Európában" pos="X">Európában</wf>
         <wf lemma="Bulgária" pos="X">Bulgária</wf>
         <wf lemma="." pos="X">.</wf>
      </sentence>
      <sentence id="d000.s1895" source="wordnet-hungarian">
         <wf lemma="Hallgatva" pos="X">Hallgatva</wf>
         <wf lemma="az" pos="X">az</wf>
         <instance id="d000.s1895.t000" lemma="idő" pos="NOUN">idők</instance>
         <wf lemma="szavára" pos="X">szavára</wf>
         <wf lemma="," pos="X">,</wf>
         <wf lemma="beszereztem" pos="X">beszereztem</wf>
         <wf lemma="egyet" pos="X">egyet</wf>
         <wf lemma="a" pos="X">a</wf>
         <wf lemma="címben" pos="X">címben</wf>
         <wf lemma="említett" pos="X">említett</wf>
         <wf lemma="termékből" pos="X">termékből</wf>
         <wf lemma="." pos="X">.</wf>
      </sentence>
      <sentence id="d000.s1896" source="wordnet-hungarian">
         <wf lemma="A" pos="X">A</wf>
         <wf lemma="ruhád" pos="X">ruhád</wf>
         <instance id="d000.s1896.t000" lemma="vállpánt" pos="NOUN">vállpántja</instance>
         <wf lemma="lecsúszott" pos="X">lecsúszott</wf>
         <wf lemma="." pos="X">.</wf>
      </sentence>
      <sentence id="d000.s1897" source="wordnet-hungarian">
         <wf lemma="Nagy" pos="X">Nagy</wf>
         <instance id="d000.s1897.t000" lemma="élvezet" pos="NOUN">élvezetet</instance>
         <wf lemma="jelentett" pos="X">jelentett</wf>
         <wf lemma="a" pos="X">a</wf>
         <wf lemma="gyerekeknek" pos="X">gyerekeknek</wf>
         <wf lemma="az" pos="X">az</wf>
         <wf lemma="állatkertben" pos="X">állatkertben</wf>
         <wf lemma="való" pos="X">való</wf>
         <wf lemma="séta" pos="X">séta</wf>
         <wf lemma="." pos="X">.</wf>
      </sentence>
      <sentence id="d000.s1898" source="wordnet-hungarian">
         <wf lemma="Az" pos="X">Az</wf>
         <instance id="d000.s1898.t000" lemma="őr" pos="NOUN">őr</instance>
         <wf lemma="nem" pos="X">nem</wf>
         <wf lemma="engedi" pos="X">engedi</wf>
         <wf lemma="," pos="X">,</wf>
         <wf lemma="hogy" pos="X">hogy</wf>
         <wf lemma="a" pos="X">a</wf>
         <wf lemma="parkban" pos="X">parkban</wf>
         <wf lemma="labdázzanak" pos="X">labdázzanak</wf>
         <wf lemma="a" pos="X">a</wf>
         <wf lemma="gyerekek" pos="X">gyerekek</wf>
         <wf lemma="." pos="X">.</wf>
      </sentence>
      <sentence id="d000.s1899" source="wordnet-hungarian">
         <wf lemma="Kati" pos="X">Kati</wf>
         <wf lemma="tökéletesen" pos="X">tökéletesen</wf>
         <instance id="d000.s1899.t000" lemma="ért" pos="VERB">érti</instance>
         <wf lemma="a" pos="X">a</wf>
         <wf lemma="relativitáselméletet" pos="X">relativitáselméletet</wf>
         <wf lemma="." pos="X">.</wf>
      </sentence>
      <sentence id="d000.s1900" source="wordnet-hungarian">
         <wf lemma="Hány" pos="X">Hány</wf>
         <instance id="d000.s1900.t000" lemma="perc" pos="NOUN">perc</instance>
         <wf lemma="van" pos="X">van</wf>
         <wf lemma="még" pos="X">még</wf>
         <wf lemma="kezdésig" pos="X">kezdésig</wf>
         <wf lemma="?" pos="X">?</wf>
      </sentence>
      <sentence id="d000.s1901" source="wordnet-hungarian">
         <wf lemma="Bizonyos" pos="X">Bizonyos</wf>
         <instance id="d000.s1901.t000" lemma="mérték" pos="NOUN">mértékben</instance>
         <wf lemma="azért" pos="X">azért</wf>
         <wf lemma="igaza" pos="X">igaza</wf>
         <wf lemma="volt" pos="X">volt</wf>
         <wf lemma="." pos="X">.</wf>
      </sentence>
      <sentence id="d000.s1902" source="wordnet-hungarian">
         <wf lemma="Előbb" pos="X">Előbb</wf>
         <wf lemma="János" pos="X">János</wf>
         <wf lemma="felel" pos="X">felel</wf>
         <wf lemma="," pos="X">,</wf>
         <wf lemma="utána" pos="X">utána</wf>
         <instance id="d000.s1902.t000" lemma="jön" pos="VERB">jön</instance>
         <wf lemma="Péter" pos="X">Péter</wf>
         <wf lemma="." pos="X">.</wf>
      </sentence>
      <sentence id="d000.s1903" source="wordnet-hungarian">
         <wf lemma="Karácsonyra" pos="X">Karácsonyra</wf>
         <wf lemma="kért" pos="X">kért</wf>
         <wf lemma="egy" pos="X">egy</wf>
         <wf lemma="új" pos="X">új</wf>
         <instance id="d000.s1903.t000" lemma="bicikli" pos="NOUN">biciklit</instance>
         <wf lemma="a" pos="X">a</wf>
         <wf lemma="szüleitől" pos="X">szüleitől</wf>
         <wf lemma="." pos="X">.</wf>
      </sentence>
      <sentence id="d000.s1904" source="wordnet-hungarian">
         <instance id="d000.s1904.t000" lemma="szleng" pos="NOUN">Szlenget</instance>
         <wf lemma="csak" pos="X">csak</wf>
         <wf lemma="a" pos="X">a</wf>
         <wf lemma="barátaival" pos="X">barátaival</wf>
         <wf lemma="beszél" pos="X">beszél</wf>
         <wf lemma="." pos="X">.</wf>
      </sentence>
      <sentence id="d000.s1905" source="wordnet-hungarian">
         <wf lemma="A" pos="X">A</wf>
         <instance id="d000.s1905.t000" lemma="fecskendő" pos="NOUN">fecskendőben</instance>
         <wf lemma="van" pos="X">van</wf>
         <wf lemma="az" pos="X">az</wf>
         <wf lemma="oltóanyag" pos="X">oltóanyag</wf>
         <wf lemma="." pos="X">.</wf>
      </sentence>
      <sentence id="d000.s1906" source="wordnet-hungarian">
         <wf lemma="A" pos="X">A</wf>
         <wf lemma="képviselők" pos="X">képviselők</wf>
         <wf lemma="péntek" pos="X">péntek</wf>
         <wf lemma="délután" pos="X">délután</wf>
         <instance id="d000.s1906.t000" lemma="találkozik" pos="VERB">találkoznak</instance>
         <wf lemma="," pos="X">,</wf>
         <wf lemma="hogy" pos="X">hogy</wf>
         <wf lemma="megvitassák" pos="X">megvitassák</wf>
         <wf lemma="az" pos="X">az</wf>
         <wf lemma="ügyet" pos="X">ügyet</wf>
         <wf lemma="." pos="X">.</wf>
      </sentence>
      <sentence id="d000.s1907" source="wordnet-hungarian">
         <wf lemma="A" pos="X">A</wf>
         <wf lemma="legújabb" pos="X">legújabb</wf>
         <wf lemma="párizsi" pos="X">párizsi</wf>
         <wf lemma="divat" pos="X">divat</wf>
         <wf lemma="szerint" pos="X">szerint</wf>
         <instance id="d000.s1907.t000" lemma="öltözködik" pos="VERB">öltözködik</instance>
         <wf lemma="." pos="X">.</wf>
      </sentence>
      <sentence id="d000.s1908" source="wordnet-hungarian">
         <wf lemma="A" pos="X">A</wf>
         <wf lemma="teniszpálya" pos="X">teniszpálya</wf>
         <wf lemma="mellett" pos="X">mellett</wf>
         <wf lemma="lehet" pos="X">lehet</wf>
         <instance id="d000.s1908.t000" lemma="ütő" pos="NOUN">ütőt</instance>
         <wf lemma="is" pos="X">is</wf>
         <wf lemma="bérelni" pos="X">bérelni</wf>
         <wf lemma="." pos="X">.</wf>
      </sentence>
      <sentence id="d000.s1909" source="wordnet-hungarian">
         <wf lemma="A" pos="X">A</wf>
         <wf lemma="kő" pos="X">kő</wf>
         <wf lemma="alatt" pos="X">alatt</wf>
         <instance id="d000.s1909.t000" lemma="lyuk" pos="NOUN">lyuk</instance>
         <wf lemma="volt" pos="X">volt</wf>
         <wf lemma="," pos="X">,</wf>
         <wf lemma="azon" pos="X">azon</wf>
         <wf lemma="lementek" pos="X">lementek</wf>
         <wf lemma="a" pos="X">a</wf>
         <wf lemma="föld" pos="X">föld</wf>
         <wf lemma="alá" pos="X">alá</wf>
         <wf lemma="," pos="X">,</wf>
         <wf lemma="a" pos="X">a</wf>
         <wf lemma="kígyók" pos="X">kígyók</wf>
         <wf lemma="királyához" pos="X">királyához</wf>
         <wf lemma="." pos="X">.</wf>
      </sentence>
      <sentence id="d000.s1910" source="wordnet-hungarian">
         <instance id="d000.s1910.t000" lemma="identitás" pos="NOUN">Identitás</instance>
         <wf lemma="alapján" pos="X">alapján</wf>
         <wf lemma="különböznek" pos="X">különböznek</wf>
         <wf lemma="egymástól" pos="X">egymástól</wf>
         <wf lemma="nemcsak" pos="X">nemcsak</wf>
         <wf lemma="az" pos="X">az</wf>
         <wf lemma="egyének" pos="X">egyének</wf>
         <wf lemma="," pos="X">,</wf>
         <wf lemma="de" pos="X">de</wf>
         <wf lemma="a" pos="X">a</wf>
         <wf lemma="nemzetek" pos="X">nemzetek</wf>
         <wf lemma="is" pos="X">is</wf>
         <wf lemma="." pos="X">.</wf>
      </sentence>
      <sentence id="d000.s1911" source="wordnet-hungarian">
         <wf lemma="A" pos="X">A</wf>
         <instance id="d000.s1911.t000" lemma="meteor" pos="NOUN">meteor</instance>
         <wf lemma="maradványaira" pos="X">maradványaira</wf>
         <wf lemma="kilométerekkel" pos="X">kilométerekkel</wf>
         <wf lemma="arrébb" pos="X">arrébb</wf>
         <wf lemma="találtak" pos="X">találtak</wf>
         <wf lemma="rá." pos="X">rá.</wf>
      </sentence>
      <sentence id="d000.s1912" source="wordnet-hungarian">
         <wf lemma="A" pos="X">A</wf>
         <instance id="d000.s1912.t000" lemma="kenguru" pos="NOUN">kenguru</instance>
         <wf lemma="emblematikus" pos="X">emblematikus</wf>
         <wf lemma="figurája" pos="X">figurája</wf>
         <wf lemma="Ausztráliának" pos="X">Ausztráliának</wf>
         <wf lemma="." pos="X">.</wf>
      </sentence>
      <sentence id="d000.s1913" source="wordnet-hungarian">
         <wf lemma="Ezen" pos="X">Ezen</wf>
         <wf lemma="a" pos="X">a</wf>
         <instance id="d000.s1913.t000" lemma="rész" pos="NOUN">részen</instance>
         <wf lemma="már" pos="X">már</wf>
         <wf lemma="évek" pos="X">évek</wf>
         <wf lemma="óta" pos="X">óta</wf>
         <wf lemma="nem" pos="X">nem</wf>
         <wf lemma="látták" pos="X">látták</wf>
         <wf lemma="." pos="X">.</wf>
      </sentence>
      <sentence id="d000.s1914" source="wordnet-hungarian">
         <wf lemma="A" pos="X">A</wf>
         <instance id="d000.s1914.t000" lemma="legelő" pos="NOUN">legelőre</instance>
         <wf lemma="kihajtották" pos="X">kihajtották</wf>
         <wf lemma="az" pos="X">az</wf>
         <wf lemma="egész" pos="X">egész</wf>
         <wf lemma="csordát" pos="X">csordát</wf>
         <wf lemma="." pos="X">.</wf>
      </sentence>
      <sentence id="d000.s1915" source="wordnet-hungarian">
         <wf lemma="Az" pos="X">Az</wf>
         <instance id="d000.s1915.t000" lemma="utazó" pos="NOUN">utazók</instance>
         <wf lemma="megpihentek" pos="X">megpihentek</wf>
         <wf lemma="a" pos="X">a</wf>
         <wf lemma="hosszú" pos="X">hosszú</wf>
         <wf lemma="nap" pos="X">nap</wf>
         <wf lemma="után" pos="X">után</wf>
         <wf lemma="." pos="X">.</wf>
      </sentence>
      <sentence id="d000.s1916" source="wordnet-hungarian">
         <wf lemma="Az" pos="X">Az</wf>
         <wf lemma="egész" pos="X">egész</wf>
         <wf lemma="érvelése" pos="X">érvelése</wf>
         <wf lemma="csupán" pos="X">csupán</wf>
         <wf lemma="a" pos="X">a</wf>
         <wf lemma="feltevések" pos="X">feltevések</wf>
         <instance id="d000.s1916.t000" lemma="alap" pos="NOUN">alapján</instance>
         <wf lemma="állt" pos="X">állt</wf>
         <wf lemma="." pos="X">.</wf>
      </sentence>
      <sentence id="d000.s1917" source="wordnet-hungarian">
         <wf lemma="Az" pos="X">Az</wf>
         <instance id="d000.s1917.t000" lemma="őrtorony" pos="NOUN">őrtoronyból</instance>
         <wf lemma="jól" pos="X">jól</wf>
         <wf lemma="megfigyelhető" pos="X">megfigyelhető</wf>
         <wf lemma="a" pos="X">a</wf>
         <wf lemma="határterület" pos="X">határterület</wf>
         <wf lemma="." pos="X">.</wf>
      </sentence>
      <sentence id="d000.s1918" source="wordnet-hungarian">
         <wf lemma="A" pos="X">A</wf>
         <wf lemma="vegetariánusok" pos="X">vegetariánusok</wf>
         <wf lemma="nem" pos="X">nem</wf>
         <wf lemma="fogyaszatanak" pos="X">fogyaszatanak</wf>
         <instance id="d000.s1918.t000" lemma="hús" pos="NOUN">húst</instance>
         <wf lemma="." pos="X">.</wf>
      </sentence>
      <sentence id="d000.s1919" source="wordnet-hungarian">
         <wf lemma="Az" pos="X">Az</wf>
         <wf lemma="úgynevezett" pos="X">úgynevezett</wf>
         <wf lemma="csöves" pos="X">csöves</wf>
         <instance id="d000.s1919.t000" lemma="szubkultúra" pos="NOUN">szubkultúra</instance>
         <wf lemma="kialakulása" pos="X">kialakulása</wf>
         <wf lemma="a" pos="X">a</wf>
         <wf lemma="hetvenes" pos="X">hetvenes</wf>
         <wf lemma="évek" pos="X">évek</wf>
         <wf lemma="második" pos="X">második</wf>
         <wf lemma="felében" pos="X">felében</wf>
         <wf lemma="ment" pos="X">ment</wf>
         <wf lemma="végbe" pos="X">végbe</wf>
         <wf lemma="." pos="X">.</wf>
      </sentence>
      <sentence id="d000.s1920" source="wordnet-hungarian">
         <wf lemma="Az" pos="X">Az</wf>
         <instance id="d000.s1920.t000" lemma="orgonista" pos="NOUN">orgonista</instance>
         <wf lemma="hétvégén" pos="X">hétvégén</wf>
         <wf lemma="koncertet" pos="X">koncertet</wf>
         <wf lemma="ad" pos="X">ad</wf>
         <wf lemma="a" pos="X">a</wf>
         <wf lemma="városban" pos="X">városban</wf>
         <wf lemma="." pos="X">.</wf>
      </sentence>
      <sentence id="d000.s1921" source="wordnet-hungarian">
         <wf lemma="A" pos="X">A</wf>
         <instance id="d000.s1921.t000" lemma="meteorológus" pos="NOUN">meteorológusoknak</instance>
         <wf lemma="most" pos="X">most</wf>
         <wf lemma="sem" pos="X">sem</wf>
         <wf lemma="sikerült" pos="X">sikerült</wf>
         <wf lemma="pontosan" pos="X">pontosan</wf>
         <wf lemma="megjósolniuk" pos="X">megjósolniuk</wf>
         <wf lemma="a" pos="X">a</wf>
         <wf lemma="várható" pos="X">várható</wf>
         <wf lemma="nyári" pos="X">nyári</wf>
         <wf lemma="időjárást" pos="X">időjárást</wf>
         <wf lemma="." pos="X">.</wf>
      </sentence>
      <sentence id="d000.s1922" source="wordnet-hungarian">
         <wf lemma="Nagy" pos="X">Nagy</wf>
         <instance id="d000.s1922.t000" lemma="naplopó" pos="NOUN">naplopó</instance>
         <wf lemma="hírében" pos="X">hírében</wf>
         <wf lemma="áll" pos="X">áll</wf>
         <wf lemma="," pos="X">,</wf>
         <wf lemma="nem" pos="X">nem</wf>
         <wf lemma="lehet" pos="X">lehet</wf>
         <wf lemma="rá" pos="X">rá</wf>
         <wf lemma="számítani" pos="X">számítani</wf>
         <wf lemma="." pos="X">.</wf>
      </sentence>
      <sentence id="d000.s1923" source="wordnet-hungarian">
         <wf lemma="A" pos="X">A</wf>
         <instance id="d000.s1923.t000" lemma="kormány" pos="NOUN">kormány</instance>
         <wf lemma="az" pos="X">az</wf>
         <wf lemma="adócsökkentés" pos="X">adócsökkentés</wf>
         <wf lemma="mellett" pos="X">mellett</wf>
         <wf lemma="érvelt" pos="X">érvelt</wf>
         <wf lemma="." pos="X">.</wf>
      </sentence>
      <sentence id="d000.s1924" source="wordnet-hungarian">
         <wf lemma="A" pos="X">A</wf>
         <wf lemma="következő" pos="X">következő</wf>
         <instance id="d000.s1924.t000" lemma="találkozó" pos="NOUN">találkozó</instance>
         <wf lemma="2006-ban" pos="X">2006-ban</wf>
         <wf lemma="," pos="X">,</wf>
         <wf lemma="Pécsen" pos="X">Pécsen</wf>
         <wf lemma="lesz" pos="X">lesz</wf>
         <wf lemma="megrendezve" pos="X">megrendezve</wf>
         <wf lemma="." pos="X">.</wf>
      </sentence>
      <sentence id="d000.s1925" source="wordnet-hungarian">
         <wf lemma="A" pos="X">A</wf>
         <instance id="d000.s1925.t000" lemma="vas" pos="NOUN">vasból</instance>
         <wf lemma="készült" pos="X">készült</wf>
         <wf lemma="fegyverek" pos="X">fegyverek</wf>
         <wf lemma="az" pos="X">az</wf>
         <wf lemma="emberiség" pos="X">emberiség</wf>
         <wf lemma="új" pos="X">új</wf>
         <wf lemma="korszakát" pos="X">korszakát</wf>
         <wf lemma="jelezték" pos="X">jelezték</wf>
         <wf lemma="." pos="X">.</wf>
      </sentence>
      <sentence id="d000.s1926" source="wordnet-hungarian">
         <wf lemma="Lebukott" pos="X">Lebukott</wf>
         <wf lemma="az" pos="X">az</wf>
         <wf lemma="első" pos="X">első</wf>
         <wf lemma="informatikai" pos="X">informatikai</wf>
         <instance id="d000.s1926.t000" lemma="kartell" pos="NOUN">kartell</instance>
         <wf lemma="Magyarországon" pos="X">Magyarországon</wf>
         <wf lemma="." pos="X">.</wf>
      </sentence>
      <sentence id="d000.s1927" source="wordnet-hungarian">
         <wf lemma="Már" pos="X">Már</wf>
         <wf lemma="csak" pos="X">csak</wf>
         <wf lemma="az" pos="X">az</wf>
         <wf lemma="utolsó" pos="X">utolsó</wf>
         <instance id="d000.s1927.t000" lemma="szakasz" pos="NOUN">szakasza</instance>
         <wf lemma="van" pos="X">van</wf>
         <wf lemma="hátra" pos="X">hátra</wf>
         <wf lemma="az" pos="X">az</wf>
         <wf lemma="útnak" pos="X">útnak</wf>
         <wf lemma="." pos="X">.</wf>
      </sentence>
      <sentence id="d000.s1928" source="wordnet-hungarian">
         <wf lemma="A" pos="X">A</wf>
         <instance id="d000.s1928.t000" lemma="nyomdász" pos="NOUN">nyomdászok</instance>
         <wf lemma="egész" pos="X">egész</wf>
         <wf lemma="éjszaka" pos="X">éjszaka</wf>
         <wf lemma="dolgoztak" pos="X">dolgoztak</wf>
         <wf lemma="," pos="X">,</wf>
         <wf lemma="hogy" pos="X">hogy</wf>
         <wf lemma="elkészüljenek" pos="X">elkészüljenek</wf>
         <wf lemma="a" pos="X">a</wf>
         <wf lemma="szórólapok" pos="X">szórólapok</wf>
         <wf lemma="." pos="X">.</wf>
      </sentence>
      <sentence id="d000.s1929" source="wordnet-hungarian">
         <wf lemma="A" pos="X">A</wf>
         <wf lemma="paírlapokat" pos="X">paírlapokat</wf>
         <instance id="d000.s1929.t000" lemma="rögzítő" pos="NOUN">rögzítők</instance>
         <wf lemma="tartották" pos="X">tartották</wf>
         <wf lemma="a" pos="X">a</wf>
         <wf lemma="helyükön" pos="X">helyükön</wf>
         <wf lemma="." pos="X">.</wf>
      </sentence>
      <sentence id="d000.s1930" source="wordnet-hungarian">
         <wf lemma="A" pos="X">A</wf>
         <instance id="d000.s1930.t000" lemma="kertész" pos="NOUN">kertész</instance>
         <wf lemma="minden" pos="X">minden</wf>
         <wf lemma="héten" pos="X">héten</wf>
         <wf lemma="levágta" pos="X">levágta</wf>
         <wf lemma="a" pos="X">a</wf>
         <wf lemma="füvet" pos="X">füvet</wf>
         <wf lemma="a" pos="X">a</wf>
         <wf lemma="házuk" pos="X">házuk</wf>
         <wf lemma="előtt" pos="X">előtt</wf>
         <wf lemma="." pos="X">.</wf>
      </sentence>
      <sentence id="d000.s1931" source="wordnet-hungarian">
         <wf lemma="A" pos="X">A</wf>
         <wf lemma="rendezvény" pos="X">rendezvény</wf>
         <instance id="d000.s1931.t000" lemma="házigazda" pos="NOUN">házigazdája</instance>
         <wf lemma="a" pos="X">a</wf>
         <wf lemma="polgármesteri" pos="X">polgármesteri</wf>
         <wf lemma="hivatal" pos="X">hivatal</wf>
         <wf lemma="volt" pos="X">volt</wf>
         <wf lemma="." pos="X">.</wf>
      </sentence>
      <sentence id="d000.s1932" source="wordnet-hungarian">
         <wf lemma="Magát" pos="X">Magát</wf>
         <wf lemma="a" pos="X">a</wf>
         <instance id="d000.s1932.t000" lemma="dilemma" pos="NOUN">dilemmát</instance>
         <wf lemma="," pos="X">,</wf>
         <wf lemma="még" pos="X">még</wf>
         <wf lemma="inkább" pos="X">inkább</wf>
         <wf lemma="a" pos="X">a</wf>
         <wf lemma="körülötte" pos="X">körülötte</wf>
         <wf lemma="kibontakozó" pos="X">kibontakozó</wf>
         <wf lemma="vitát" pos="X">vitát</wf>
         <wf lemma="némileg" pos="X">némileg</wf>
         <wf lemma="mesterkéltnek" pos="X">mesterkéltnek</wf>
         <wf lemma="érzem" pos="X">érzem</wf>
         <wf lemma="." pos="X">.</wf>
      </sentence>
      <sentence id="d000.s1933" source="wordnet-hungarian">
         <wf lemma="Az" pos="X">Az</wf>
         <wf lemma="állatok" pos="X">állatok</wf>
         <instance id="d000.s1933.t000" lemma="szív" pos="NOUN">szívét</instance>
         <wf lemma="fel" pos="X">fel</wf>
         <wf lemma="szokták" pos="X">szokták</wf>
         <wf lemma="használni" pos="X">használni</wf>
         <wf lemma="főzéshez" pos="X">főzéshez</wf>
         <wf lemma="igen" pos="X">igen</wf>
         <wf lemma="gyakran" pos="X">gyakran</wf>
         <wf lemma="." pos="X">.</wf>
      </sentence>
      <sentence id="d000.s1934" source="wordnet-hungarian">
         <wf lemma="A" pos="X">A</wf>
         <instance id="d000.s1934.t000" lemma="változás" pos="NOUN">változást</instance>
         <wf lemma="a" pos="X">a</wf>
         <wf lemma="körülményeknek" pos="X">körülményeknek</wf>
         <wf lemma="lehet" pos="X">lehet</wf>
         <wf lemma="betudni" pos="X">betudni</wf>
         <wf lemma="." pos="X">.</wf>
      </sentence>
      <sentence id="d000.s1935" source="wordnet-hungarian">
         <wf lemma="A" pos="X">A</wf>
         <instance id="d000.s1935.t000" lemma="kamasz" pos="NOUN">kamaszoknál</instance>
         <wf lemma="természetes" pos="X">természetes</wf>
         <wf lemma="a" pos="X">a</wf>
         <wf lemma="lázadó" pos="X">lázadó</wf>
         <wf lemma="viselkedés" pos="X">viselkedés</wf>
         <wf lemma="." pos="X">.</wf>
      </sentence>
      <sentence id="d000.s1936" source="wordnet-hungarian">
         <wf lemma="A" pos="X">A</wf>
         <instance id="d000.s1936.t000" lemma="bányász" pos="NOUN">bányászoknak</instance>
         <wf lemma="minden" pos="X">minden</wf>
         <wf lemma="nap" pos="X">nap</wf>
         <wf lemma="szembe" pos="X">szembe</wf>
         <wf lemma="kell" pos="X">kell</wf>
         <wf lemma="nézniük" pos="X">nézniük</wf>
         <wf lemma="a" pos="X">a</wf>
         <wf lemma="sújtólégrobbanás" pos="X">sújtólégrobbanás</wf>
         <wf lemma="veszélyével" pos="X">veszélyével</wf>
         <wf lemma="." pos="X">.</wf>
      </sentence>
      <sentence id="d000.s1937" source="wordnet-hungarian">
         <wf lemma="A" pos="X">A</wf>
         <wf lemma="rendőrség" pos="X">rendőrség</wf>
         <wf lemma="körében" pos="X">körében</wf>
         <wf lemma="a" pos="X">a</wf>
         <instance id="d000.s1937.t000" lemma="korrupció" pos="NOUN">korrupció</instance>
         <wf lemma="egyre" pos="X">egyre</wf>
         <wf lemma="nagyobb" pos="X">nagyobb</wf>
         <wf lemma="méreteket" pos="X">méreteket</wf>
         <wf lemma="öltött" pos="X">öltött</wf>
         <wf lemma="." pos="X">.</wf>
      </sentence>
      <sentence id="d000.s1938" source="wordnet-hungarian">
         <wf lemma="Megkapta" pos="X">Megkapta</wf>
         <wf lemma="a" pos="X">a</wf>
         <instance id="d000.s1938.t000" lemma="kinevezés" pos="NOUN">kinevezését</instance>
         <wf lemma="." pos="X">.</wf>
      </sentence>
      <sentence id="d000.s1939" source="wordnet-hungarian">
         <wf lemma="Az" pos="X">Az</wf>
         <wf lemma="&amp;quot;alszik" pos="X">&amp;quot;alszik</wf>
         <wf lemma="a" pos="X">a</wf>
         <wf lemma="város&amp;quot" pos="X">város&amp;quot</wf>
         <wf lemma=";" pos="X">;</wf>
         <wf lemma="sor" pos="X">sor</wf>
         <wf lemma="egy" pos="X">egy</wf>
         <wf lemma="tipikus" pos="X">tipikus</wf>
         <instance id="d000.s1939.t000" lemma="metonímia" pos="NOUN">metonímia</instance>
         <wf lemma="a" pos="X">a</wf>
         <wf lemma="versben" pos="X">versben</wf>
         <wf lemma="." pos="X">.</wf>
      </sentence>
      <sentence id="d000.s1940" source="wordnet-hungarian">
         <wf lemma="A" pos="X">A</wf>
         <wf lemma="maradékból" pos="X">maradékból</wf>
         <instance id="d000.s1940.t000" lemma="fut" pos="VERB">futja</instance>
         <wf lemma="sörre" pos="X">sörre</wf>
         <wf lemma="." pos="X">.</wf>
      </sentence>
      <sentence id="d000.s1941" source="wordnet-hungarian">
         <wf lemma="Zápolya" pos="X">Zápolya</wf>
         <wf lemma="később" pos="X">később</wf>
         <wf lemma="Grittit" pos="X">Grittit</wf>
         <wf lemma="," pos="X">,</wf>
         <wf lemma="az" pos="X">az</wf>
         <wf lemma="alattomos" pos="X">alattomos</wf>
         <wf lemma="," pos="X">,</wf>
         <wf lemma="gonosz" pos="X">gonosz</wf>
         <instance id="d000.s1941.t000" lemma="cselszövő" pos="NOUN">cselszövőt</instance>
         <wf lemma="tette" pos="X">tette</wf>
         <wf lemma="kormányzóvá" pos="X">kormányzóvá</wf>
         <wf lemma="." pos="X">.</wf>
      </sentence>
      <sentence id="d000.s1942" source="wordnet-hungarian">
         <wf lemma="A" pos="X">A</wf>
         <wf lemma="hétvégére" pos="X">hétvégére</wf>
         <wf lemma="számottevő" pos="X">számottevő</wf>
         <instance id="d000.s1942.t000" lemma="csapadék" pos="NOUN">csapadék</instance>
         <wf lemma="nem" pos="X">nem</wf>
         <wf lemma="várható" pos="X">várható</wf>
         <wf lemma="." pos="X">.</wf>
      </sentence>
      <sentence id="d000.s1943" source="wordnet-hungarian">
         <wf lemma="A" pos="X">A</wf>
         <wf lemma="vezető" pos="X">vezető</wf>
         <wf lemma="tompa" pos="X">tompa</wf>
         <instance id="d000.s1943.t000" lemma="puffanás" pos="NOUN">puffanást</instance>
         <wf lemma="hallott" pos="X">hallott</wf>
         <wf lemma="," pos="X">,</wf>
         <wf lemma="amikor" pos="X">amikor</wf>
         <wf lemma="elütötte" pos="X">elütötte</wf>
         <wf lemma="az" pos="X">az</wf>
         <wf lemma="autója" pos="X">autója</wf>
         <wf lemma="elé" pos="X">elé</wf>
         <wf lemma="ugró" pos="X">ugró</wf>
         <wf lemma="szarvast" pos="X">szarvast</wf>
         <wf lemma="." pos="X">.</wf>
      </sentence>
      <sentence id="d000.s1944" source="wordnet-hungarian">
         <wf lemma="Jobban" pos="X">Jobban</wf>
         <wf lemma="tetszett" pos="X">tetszett</wf>
         <wf lemma="neki" pos="X">neki</wf>
         <wf lemma="a" pos="X">a</wf>
         <wf lemma="fekete" pos="X">fekete</wf>
         <wf lemma="nylonból" pos="X">nylonból</wf>
         <wf lemma="készült" pos="X">készült</wf>
         <instance id="d000.s1944.t000" lemma="darab" pos="NOUN">darab</instance>
         <wf lemma="." pos="X">.</wf>
      </sentence>
      <sentence id="d000.s1945" source="wordnet-hungarian">
         <wf lemma="A" pos="X">A</wf>
         <wf lemma="vírust" pos="X">vírust</wf>
         <wf lemma="nem" pos="X">nem</wf>
         <wf lemma="hordozó" pos="X">hordozó</wf>
         <wf lemma="európai" pos="X">európai</wf>
         <wf lemma="származású" pos="X">származású</wf>
         <wf lemma="amerikaiak" pos="X">amerikaiak</wf>
         <wf lemma="átlagosan" pos="X">átlagosan</wf>
         <wf lemma="kettő" pos="X">kettő</wf>
         <wf lemma="," pos="X">,</wf>
         <wf lemma="míg" pos="X">míg</wf>
         <wf lemma="a" pos="X">a</wf>
         <instance id="d000.s1945.t000" lemma="spanyol-amerikai" pos="NOUN">spanyol-amerikaiak</instance>
         <wf lemma="három" pos="X">három</wf>
         <wf lemma="kópia" pos="X">kópia</wf>
         <wf lemma="CCL3L1" pos="X">CCL3L1</wf>
         <wf lemma="génnel" pos="X">génnel</wf>
         <wf lemma="rendelkeznek" pos="X">rendelkeznek</wf>
         <wf lemma="." pos="X">.</wf>
      </sentence>
      <sentence id="d000.s1946" source="wordnet-hungarian">
         <wf lemma="Veszélyhelyzet" pos="X">Veszélyhelyzet</wf>
         <wf lemma="hirdettek" pos="X">hirdettek</wf>
         <wf lemma="az" pos="X">az</wf>
         <instance id="d000.s1946.t000" lemma="áradás" pos="NOUN">áradás</instance>
         <wf lemma="miatt" pos="X">miatt</wf>
         <wf lemma="." pos="X">.</wf>
      </sentence>
      <sentence id="d000.s1947" source="wordnet-hungarian">
         <wf lemma="A" pos="X">A</wf>
         <wf lemma="kamatemelés" pos="X">kamatemelés</wf>
         <wf lemma="a" pos="X">a</wf>
         <wf lemma="lakáshiteleket" pos="X">lakáshiteleket</wf>
         <instance id="d000.s1947.t000" lemma="fizető" pos="NOUN">fizetőket</instance>
         <wf lemma="és" pos="X">és</wf>
         <wf lemma="az" pos="X">az</wf>
         <wf lemma="elsőlakás-vásárlókat" pos="X">elsőlakás-vásárlókat</wf>
         <wf lemma="érinti" pos="X">érinti</wf>
         <wf lemma="." pos="X">.</wf>
      </sentence>
      <sentence id="d000.s1948" source="wordnet-hungarian">
         <wf lemma="Az" pos="X">Az</wf>
         <instance id="d000.s1948.t000" lemma="érsekség" pos="NOUN">érsekség</instance>
         <wf lemma="területén" pos="X">területén</wf>
         <wf lemma="vészesen" pos="X">vészesen</wf>
         <wf lemma="fogynak" pos="X">fogynak</wf>
         <wf lemma="a" pos="X">a</wf>
         <wf lemma="papok" pos="X">papok</wf>
         <wf lemma="." pos="X">.</wf>
      </sentence>
      <sentence id="d000.s1949" source="wordnet-hungarian">
         <wf lemma="A" pos="X">A</wf>
         <wf lemma="megbeszélés" pos="X">megbeszélés</wf>
         <wf lemma="a" pos="X">a</wf>
         <wf lemma="tervek" pos="X">tervek</wf>
         <wf lemma="szerint" pos="X">szerint</wf>
         <instance id="d000.s1949.t000" lemma="megy" pos="VERB">ment</instance>
         <wf lemma="." pos="X">.</wf>
      </sentence>
      <sentence id="d000.s1950" source="wordnet-hungarian">
         <wf lemma="Segített" pos="X">Segített</wf>
         <wf lemma="gondolataim" pos="X">gondolataim</wf>
         <wf lemma="megfelelő" pos="X">megfelelő</wf>
         <instance id="d000.s1950.t000" lemma="kifejezés" pos="NOUN">kifejezésre</instance>
         <wf lemma="juttatásában" pos="X">juttatásában</wf>
         <wf lemma="." pos="X">.</wf>
      </sentence>
      <sentence id="d000.s1951" source="wordnet-hungarian">
         <wf lemma="A" pos="X">A</wf>
         <wf lemma="felek" pos="X">felek</wf>
         <wf lemma="végül" pos="X">végül</wf>
         <instance id="d000.s1951.t000" lemma="megölel" pos="VERB">megölelték</instance>
         <wf lemma="egymást" pos="X">egymást</wf>
         <wf lemma="." pos="X">.</wf>
      </sentence>
      <sentence id="d000.s1952" source="wordnet-hungarian">
         <wf lemma="A" pos="X">A</wf>
         <wf lemma="honlap" pos="X">honlap</wf>
         <instance id="d000.s1952.t000" lemma="fejlesztés" pos="NOUN">fejlesztés</instance>
         <wf lemma="alatt" pos="X">alatt</wf>
         <wf lemma="áll" pos="X">áll</wf>
         <wf lemma="." pos="X">.</wf>
      </sentence>
      <sentence id="d000.s1953" source="wordnet-hungarian">
         <wf lemma="A" pos="X">A</wf>
         <instance id="d000.s1953.t000" lemma="sejt" pos="NOUN">sejtekben</instance>
         <wf lemma="működő" pos="X">működő</wf>
         <wf lemma="fehérjék" pos="X">fehérjék</wf>
         <wf lemma="sokáig" pos="X">sokáig</wf>
         <wf lemma="nem" pos="X">nem</wf>
         <wf lemma="voltak" pos="X">voltak</wf>
         <wf lemma="ismertek" pos="X">ismertek</wf>
         <wf lemma="." pos="X">.</wf>
      </sentence>
      <sentence id="d000.s1954" source="wordnet-hungarian">
         <wf lemma="A" pos="X">A</wf>
         <instance id="d000.s1954.t000" lemma="hiányzó" pos="NOUN">hiányzónak</instance>
         <wf lemma="be" pos="X">be</wf>
         <wf lemma="kell" pos="X">kell</wf>
         <wf lemma="ám" pos="X">ám</wf>
         <wf lemma="pótolnia" pos="X">pótolnia</wf>
         <wf lemma="a" pos="X">a</wf>
         <wf lemma="lemaradást" pos="X">lemaradást</wf>
         <wf lemma="," pos="X">,</wf>
         <wf lemma="ne" pos="X">ne</wf>
         <wf lemma="gondolja" pos="X">gondolja</wf>
         <wf lemma="," pos="X">,</wf>
         <wf lemma="hogy" pos="X">hogy</wf>
         <wf lemma="megússza" pos="X">megússza</wf>
         <wf lemma="." pos="X">.</wf>
      </sentence>
      <sentence id="d000.s1955" source="wordnet-hungarian">
         <wf lemma="A" pos="X">A</wf>
         <instance id="d000.s1955.t000" lemma="lítium" pos="NOUN">lítium</instance>
         <wf lemma="sűrűsége" pos="X">sűrűsége</wf>
         <wf lemma="mindössze" pos="X">mindössze</wf>
         <wf lemma="fele" pos="X">fele</wf>
         <wf lemma="a" pos="X">a</wf>
         <wf lemma="vízének" pos="X">vízének</wf>
         <wf lemma="." pos="X">.</wf>
      </sentence>
      <sentence id="d000.s1956" source="wordnet-hungarian">
         <wf lemma="Hosszú" pos="X">Hosszú</wf>
         <wf lemma="," pos="X">,</wf>
         <wf lemma="boldog" pos="X">boldog</wf>
         <instance id="d000.s1956.t000" lemma="házasság" pos="NOUN">házasságot</instance>
         <wf lemma="kívánunk" pos="X">kívánunk</wf>
         <wf lemma="!" pos="X">!</wf>
      </sentence>
      <sentence id="d000.s1957" source="wordnet-hungarian">
         <wf lemma="Akkor" pos="X">Akkor</wf>
         <wf lemma="lesz" pos="X">lesz</wf>
         <wf lemma="baj" pos="X">baj</wf>
         <wf lemma="," pos="X">,</wf>
         <wf lemma="ha" pos="X">ha</wf>
         <wf lemma="a" pos="X">a</wf>
         <wf lemma="bevételeink" pos="X">bevételeink</wf>
         <wf lemma="már" pos="X">már</wf>
         <wf lemma="nem" pos="X">nem</wf>
         <instance id="d000.s1957.t000" lemma="fedez" pos="VERB">fedezik</instance>
         <wf lemma="a" pos="X">a</wf>
         <wf lemma="kiadásainkat" pos="X">kiadásainkat</wf>
         <wf lemma="." pos="X">.</wf>
      </sentence>
      <sentence id="d000.s1958" source="wordnet-hungarian">
         <wf lemma="A" pos="X">A</wf>
         <wf lemma="jelmezes" pos="X">jelmezes</wf>
         <wf lemma="felvonuláson" pos="X">felvonuláson</wf>
         <wf lemma="100" pos="X">100</wf>
         <wf lemma="000" pos="X">000</wf>
         <instance id="d000.s1958.t000" lemma="trinidadi" pos="NOUN">trinidadi</instance>
         <wf lemma="vesz" pos="X">vesz</wf>
         <wf lemma="részt" pos="X">részt</wf>
         <wf lemma="," pos="X">,</wf>
         <wf lemma="azzal" pos="X">azzal</wf>
         <wf lemma="a" pos="X">a</wf>
         <wf lemma="céllal" pos="X">céllal</wf>
         <wf lemma="," pos="X">,</wf>
         <wf lemma="hogy" pos="X">hogy</wf>
         <wf lemma="meglepje" pos="X">meglepje</wf>
         <wf lemma="és" pos="X">és</wf>
         <wf lemma="elkápráztassa" pos="X">elkápráztassa</wf>
         <wf lemma="honfitársait" pos="X">honfitársait</wf>
         <wf lemma="táncával" pos="X">táncával</wf>
         <wf lemma="és" pos="X">és</wf>
         <wf lemma="merész" pos="X">merész</wf>
         <wf lemma="jelmezével" pos="X">jelmezével</wf>
         <wf lemma="." pos="X">.</wf>
      </sentence>
      <sentence id="d000.s1959" source="wordnet-hungarian">
         <wf lemma="Jó" pos="X">Jó</wf>
         <instance id="d000.s1959.t000" lemma="harcos" pos="NOUN">harcost</instance>
         <wf lemma="farag" pos="X">farag</wf>
         <wf lemma="belőle" pos="X">belőle</wf>
         <wf lemma="." pos="X">.</wf>
      </sentence>
      <sentence id="d000.s1960" source="wordnet-hungarian">
         <wf lemma="A" pos="X">A</wf>
         <wf lemma="rendőrök" pos="X">rendőrök</wf>
         <wf lemma="egy" pos="X">egy</wf>
         <wf lemma="éjszakán" pos="X">éjszakán</wf>
         <wf lemma="át" pos="X">át</wf>
         <instance id="d000.s1960.t000" lemma="üldöz" pos="VERB">üldözték</instance>
         <wf lemma="a" pos="X">a</wf>
         <wf lemma="tolvajokat" pos="X">tolvajokat</wf>
         <wf lemma="." pos="X">.</wf>
      </sentence>
      <sentence id="d000.s1961" source="wordnet-hungarian">
         <wf lemma="A" pos="X">A</wf>
         <wf lemma="rendőrség" pos="X">rendőrség</wf>
         <wf lemma="ezúttal" pos="X">ezúttal</wf>
         <wf lemma="könyvszakértőt" pos="X">könyvszakértőt</wf>
         <wf lemma="is" pos="X">is</wf>
         <instance id="d000.s1961.t000" lemma="bevon" pos="VERB">bevont</instance>
         <wf lemma="a" pos="X">a</wf>
         <wf lemma="vizsgálatba" pos="X">vizsgálatba</wf>
         <wf lemma="." pos="X">.</wf>
      </sentence>
      <sentence id="d000.s1962" source="wordnet-hungarian">
         <wf lemma="A" pos="X">A</wf>
         <instance id="d000.s1962.t000" lemma="bíró" pos="NOUN">bíró</instance>
         <wf lemma="az" pos="X">az</wf>
         <wf lemma="esküdtszék" pos="X">esküdtszék</wf>
         <wf lemma="véleményének" pos="X">véleményének</wf>
         <wf lemma="figyelembevételével" pos="X">figyelembevételével</wf>
         <wf lemma="döntött" pos="X">döntött</wf>
         <wf lemma="." pos="X">.</wf>
      </sentence>
      <sentence id="d000.s1963" source="wordnet-hungarian">
         <wf lemma="A" pos="X">A</wf>
         <wf lemma="Daphné" pos="X">Daphné</wf>
         <wf lemma="név" pos="X">név</wf>
         <instance id="d000.s1963.t000" lemma="babérfa" pos="NOUN">babérfát</instance>
         <wf lemma="jelent" pos="X">jelent</wf>
         <wf lemma="." pos="X">.</wf>
      </sentence>
      <sentence id="d000.s1964" source="wordnet-hungarian">
         <wf lemma="A" pos="X">A</wf>
         <instance id="d000.s1964.t000" lemma="háziszamár" pos="NOUN">háziszamár</instance>
         <wf lemma="az" pos="X">az</wf>
         <wf lemma="afrikai" pos="X">afrikai</wf>
         <wf lemma="vadszamár" pos="X">vadszamár</wf>
         <wf lemma="háziasított" pos="X">háziasított</wf>
         <wf lemma="változata" pos="X">változata</wf>
         <wf lemma="." pos="X">.</wf>
      </sentence>
      <sentence id="d000.s1965" source="wordnet-hungarian">
         <wf lemma="A" pos="X">A</wf>
         <wf lemma="beteg" pos="X">beteg</wf>
         <instance id="d000.s1965.t000" lemma="gyengeség" pos="NOUN">gyengesége</instance>
         <wf lemma="csak" pos="X">csak</wf>
         <wf lemma="a" pos="X">a</wf>
         <wf lemma="hosszas" pos="X">hosszas</wf>
         <wf lemma="pihenés" pos="X">pihenés</wf>
         <wf lemma="után" pos="X">után</wf>
         <wf lemma="fog" pos="X">fog</wf>
         <wf lemma="eltűnni" pos="X">eltűnni</wf>
         <wf lemma="." pos="X">.</wf>
      </sentence>
      <sentence id="d000.s1966" source="wordnet-hungarian">
         <wf lemma="Az" pos="X">Az</wf>
         <wf lemma="asztal" pos="X">asztal</wf>
         <instance id="d000.s1966.t000" lemma="diófa" pos="NOUN">diófából</instance>
         <wf lemma="készült" pos="X">készült</wf>
         <wf lemma="." pos="X">.</wf>
      </sentence>
      <sentence id="d000.s1967" source="wordnet-hungarian">
         <instance id="d000.s1967.t000" lemma="létezik" pos="VERB">Létezik</instance>
         <wf lemma="Isten" pos="X">Isten</wf>
         <wf lemma="?" pos="X">?</wf>
      </sentence>
      <sentence id="d000.s1968" source="wordnet-hungarian">
         <wf lemma="Ha" pos="X">Ha</wf>
         <wf lemma="rózsa" pos="X">rózsa</wf>
         <wf lemma="," pos="X">,</wf>
         <wf lemma="akkor" pos="X">akkor</wf>
         <instance id="d000.s1968.t000" lemma="vörös" pos="NOUN">vörös</instance>
         <wf lemma="." pos="X">.</wf>
      </sentence>
      <sentence id="d000.s1969" source="wordnet-hungarian">
         <wf lemma="Vigyázz" pos="X">Vigyázz</wf>
         <wf lemma="vele" pos="X">vele</wf>
         <wf lemma="," pos="X">,</wf>
         <wf lemma="ez" pos="X">ez</wf>
         <wf lemma="egy" pos="X">egy</wf>
         <instance id="d000.s1969.t000" lemma="kalandor" pos="NOUN">kalandor</instance>
         <wf lemma="!" pos="X">!</wf>
      </sentence>
      <sentence id="d000.s1970" source="wordnet-hungarian">
         <wf lemma="A" pos="X">A</wf>
         <wf lemma="konténer" pos="X">konténer</wf>
         <instance id="d000.s1970.t000" lemma="fal" pos="NOUN">fala</instance>
         <wf lemma="kék" pos="X">kék</wf>
         <wf lemma="." pos="X">.</wf>
      </sentence>
      <sentence id="d000.s1971" source="wordnet-hungarian">
         <instance id="d000.s1971.t000" lemma="vérátömlesztés" pos="NOUN">Vérátömlesztést</instance>
         <wf lemma="kapott" pos="X">kapott</wf>
         <wf lemma="a" pos="X">a</wf>
         <wf lemma="műtét" pos="X">műtét</wf>
         <wf lemma="alatt" pos="X">alatt</wf>
         <wf lemma="." pos="X">.</wf>
      </sentence>
      <sentence id="d000.s1972" source="wordnet-hungarian">
         <wf lemma="Az" pos="X">Az</wf>
         <wf lemma="elmúlt" pos="X">elmúlt</wf>
         <wf lemma="egy" pos="X">egy</wf>
         <wf lemma="évben" pos="X">évben</wf>
         <wf lemma="mindkét" pos="X">mindkét</wf>
         <instance id="d000.s1972.t000" lemma="pénzegység" pos="NOUN">pénzegység</instance>
         <wf lemma="forgalomban" pos="X">forgalomban</wf>
         <wf lemma="volt" pos="X">volt</wf>
         <wf lemma="Romániában" pos="X">Romániában</wf>
         <wf lemma="." pos="X">.</wf>
      </sentence>
      <sentence id="d000.s1973" source="wordnet-hungarian">
         <wf lemma="Bach" pos="X">Bach</wf>
         <instance id="d000.s1973.t000" lemma="mű" pos="NOUN">műve</instance>
         <wf lemma="lenyűgözte" pos="X">lenyűgözte</wf>
         <wf lemma="a" pos="X">a</wf>
         <wf lemma="hallgatóságot" pos="X">hallgatóságot</wf>
         <wf lemma="." pos="X">.</wf>
      </sentence>
      <sentence id="d000.s1974" source="wordnet-hungarian">
         <wf lemma="A" pos="X">A</wf>
         <instance id="d000.s1974.t000" lemma="jogtudós" pos="NOUN">jogtudósok</instance>
         <wf lemma="kiskaput" pos="X">kiskaput</wf>
         <wf lemma="találtak" pos="X">találtak</wf>
         <wf lemma="a" pos="X">a</wf>
         <wf lemma="jogszabályban" pos="X">jogszabályban</wf>
         <wf lemma="." pos="X">.</wf>
      </sentence>
      <sentence id="d000.s1975" source="wordnet-hungarian">
         <wf lemma="Nagyon" pos="X">Nagyon</wf>
         <wf lemma="finom" pos="X">finom</wf>
         <wf lemma="volt" pos="X">volt</wf>
         <wf lemma="a" pos="X">a</wf>
         <instance id="d000.s1975.t000" lemma="sütemény" pos="NOUN">sütemény</instance>
         <wf lemma="," pos="X">,</wf>
         <wf lemma="amit" pos="X">amit</wf>
         <wf lemma="tegnap" pos="X">tegnap</wf>
         <wf lemma="küldtél" pos="X">küldtél</wf>
         <wf lemma="." pos="X">.</wf>
      </sentence>
      <sentence id="d000.s1976" source="wordnet-hungarian">
         <wf lemma="Már" pos="X">Már</wf>
         <wf lemma="a" pos="X">a</wf>
         <wf lemma="második" pos="X">második</wf>
         <instance id="d000.s1976.t000" lemma="támadás" pos="NOUN">támadás</instance>
         <wf lemma="során" pos="X">során</wf>
         <wf lemma="sikerült" pos="X">sikerült</wf>
         <wf lemma="gólt" pos="X">gólt</wf>
         <wf lemma="elérniük" pos="X">elérniük</wf>
         <wf lemma="." pos="X">.</wf>
      </sentence>
      <sentence id="d000.s1977" source="wordnet-hungarian">
         <wf lemma="A" pos="X">A</wf>
         <wf lemma="jegy" pos="X">jegy</wf>
         <wf lemma="1500" pos="X">1500</wf>
         <wf lemma="forintba" pos="X">forintba</wf>
         <wf lemma="kerül" pos="X">kerül</wf>
         <instance id="d000.s1977.t000" lemma="fej" pos="NOUN">fejenként</instance>
         <wf lemma="." pos="X">.</wf>
      </sentence>
      <sentence id="d000.s1978" source="wordnet-hungarian">
         <wf lemma="A" pos="X">A</wf>
         <instance id="d000.s1978.t000" lemma="paprika" pos="NOUN">paprika</instance>
         <wf lemma="őshazája" pos="X">őshazája</wf>
         <wf lemma="Amerika" pos="X">Amerika</wf>
         <wf lemma="." pos="X">.</wf>
      </sentence>
      <sentence id="d000.s1979" source="wordnet-hungarian">
         <wf lemma="Mi" pos="X">Mi</wf>
         <instance id="d000.s1979.t000" lemma="értelem" pos="NOUN">értelme</instance>
         <wf lemma="van" pos="X">van</wf>
         <wf lemma="századszorra" pos="X">századszorra</wf>
         <wf lemma="is" pos="X">is</wf>
         <wf lemma="megbeszélni" pos="X">megbeszélni</wf>
         <wf lemma="ugyanazt" pos="X">ugyanazt</wf>
         <wf lemma="?" pos="X">?</wf>
      </sentence>
      <sentence id="d000.s1980" source="wordnet-hungarian">
         <wf lemma="Az" pos="X">Az</wf>
         <wf lemma="élelmiszerallergia" pos="X">élelmiszerallergia</wf>
         <wf lemma="szerepe" pos="X">szerepe</wf>
         <wf lemma="az" pos="X">az</wf>
         <wf lemma="atópiás" pos="X">atópiás</wf>
         <instance id="d000.s1980.t000" lemma="ekcéma" pos="NOUN">ekcéma</instance>
         <wf lemma="kialakulásában" pos="X">kialakulásában</wf>
         <wf lemma="elsősorban" pos="X">elsősorban</wf>
         <wf lemma="az" pos="X">az</wf>
         <wf lemma="első" pos="X">első</wf>
         <wf lemma="két" pos="X">két</wf>
         <wf lemma="életéven" pos="X">életéven</wf>
         <wf lemma="belül" pos="X">belül</wf>
         <wf lemma="fontos" pos="X">fontos</wf>
         <wf lemma="." pos="X">.</wf>
      </sentence>
      <sentence id="d000.s1981" source="wordnet-hungarian">
         <wf lemma="Az" pos="X">Az</wf>
         <wf lemma="egyetemi" pos="X">egyetemi</wf>
         <wf lemma="tanulmányok" pos="X">tanulmányok</wf>
         <instance id="d000.s1981.t000" lemma="megszakítás" pos="NOUN">megszakítása</instance>
         <wf lemma="után" pos="X">után</wf>
         <wf lemma="csak" pos="X">csak</wf>
         <wf lemma="kevés" pos="X">kevés</wf>
         <wf lemma="diák" pos="X">diák</wf>
         <wf lemma="tér" pos="X">tér</wf>
         <wf lemma="valaha" pos="X">valaha</wf>
         <wf lemma="is" pos="X">is</wf>
         <wf lemma="vissza" pos="X">vissza</wf>
         <wf lemma="az" pos="X">az</wf>
         <wf lemma="iskolapadba" pos="X">iskolapadba</wf>
         <wf lemma="." pos="X">.</wf>
      </sentence>
      <sentence id="d000.s1982" source="wordnet-hungarian">
         <wf lemma="Nem" pos="X">Nem</wf>
         <wf lemma="tudom" pos="X">tudom</wf>
         <wf lemma="," pos="X">,</wf>
         <wf lemma="hogy" pos="X">hogy</wf>
         <wf lemma="kell" pos="X">kell</wf>
         <instance id="d000.s1982.t000" lemma="használ" pos="VERB">használni</instance>
         <wf lemma="a" pos="X">a</wf>
         <wf lemma="fúrógépet" pos="X">fúrógépet</wf>
         <wf lemma="." pos="X">.</wf>
      </sentence>
      <sentence id="d000.s1983" source="wordnet-hungarian">
         <wf lemma="A" pos="X">A</wf>
         <instance id="d000.s1983.t000" lemma="csonttörés" pos="NOUN">csonttöréseket</instance>
         <wf lemma="általában" pos="X">általában</wf>
         <wf lemma="gipsszel" pos="X">gipsszel</wf>
         <wf lemma="rögzítik" pos="X">rögzítik</wf>
         <wf lemma="." pos="X">.</wf>
      </sentence>
      <sentence id="d000.s1984" source="wordnet-hungarian">
         <wf lemma="Nagy" pos="X">Nagy</wf>
         <wf lemma="kalandok" pos="X">kalandok</wf>
         <wf lemma="elé" pos="X">elé</wf>
         <instance id="d000.s1984.t000" lemma="néz" pos="VERB">néz</instance>
         <wf lemma="az" pos="X">az</wf>
         <wf lemma="osztály" pos="X">osztály</wf>
         <wf lemma="." pos="X">.</wf>
      </sentence>
      <sentence id="d000.s1985" source="wordnet-hungarian">
         <wf lemma="Erős" pos="X">Erős</wf>
         <instance id="d000.s1985.t000" lemma="érv" pos="NOUN">érveket</instance>
         <wf lemma="tudott" pos="X">tudott</wf>
         <wf lemma="felsorakoztatni" pos="X">felsorakoztatni</wf>
         <wf lemma="a" pos="X">a</wf>
         <wf lemma="hipotézise" pos="X">hipotézise</wf>
         <wf lemma="mellett" pos="X">mellett</wf>
         <wf lemma="." pos="X">.</wf>
      </sentence>
      <sentence id="d000.s1986" source="wordnet-hungarian">
         <wf lemma="A" pos="X">A</wf>
         <instance id="d000.s1986.t000" lemma="gyaloghíd" pos="NOUN">gyaloghíd</instance>
         <wf lemma="délutánonként" pos="X">délutánonként</wf>
         <wf lemma="mindig" pos="X">mindig</wf>
         <wf lemma="zsúfolt" pos="X">zsúfolt</wf>
         <wf lemma="." pos="X">.</wf>
      </sentence>
      <sentence id="d000.s1987" source="wordnet-hungarian">
         <wf lemma="A" pos="X">A</wf>
         <wf lemma="függöny" pos="X">függöny</wf>
         <instance id="d000.s1987.t000" lemma="felvonás" pos="NOUN">felvonása</instance>
         <wf lemma="adhatta" pos="X">adhatta</wf>
         <wf lemma="a" pos="X">a</wf>
         <wf lemma="nevét" pos="X">nevét</wf>
         <wf lemma="a" pos="X">a</wf>
         <wf lemma="színdarab" pos="X">színdarab</wf>
         <wf lemma="részének" pos="X">részének</wf>
         <wf lemma="." pos="X">.</wf>
      </sentence>
      <sentence id="d000.s1988" source="wordnet-hungarian">
         <wf lemma="A" pos="X">A</wf>
         <wf lemma="keleti" pos="X">keleti</wf>
         <wf lemma="keresztények" pos="X">keresztények</wf>
         <wf lemma="hét" pos="X">hét</wf>
         <wf lemma="egymástól" pos="X">egymástól</wf>
         <wf lemma="teljesen" pos="X">teljesen</wf>
         <wf lemma="független" pos="X">független</wf>
         <wf lemma="ősi" pos="X">ősi</wf>
         <wf lemma="keresztény" pos="X">keresztény</wf>
         <instance id="d000.s1988.t000" lemma="egyház" pos="NOUN">egyház</instance>
         <wf lemma="tagjai" pos="X">tagjai</wf>
         <wf lemma="." pos="X">.</wf>
      </sentence>
      <sentence id="d000.s1989" source="wordnet-hungarian">
         <instance id="d000.s1989.t000" lemma="történet" pos="NOUN">Történeteit</instance>
         <wf lemma="magazinokban" pos="X">magazinokban</wf>
         <wf lemma="publikálja" pos="X">publikálja</wf>
         <wf lemma="." pos="X">.</wf>
      </sentence>
      <sentence id="d000.s1990" source="wordnet-hungarian">
         <wf lemma="Három" pos="X">Három</wf>
         <wf lemma="lapjában" pos="X">lapjában</wf>
         <wf lemma="A" pos="X">A</wf>
         <wf lemma="Honban" pos="X">Honban</wf>
         <wf lemma="," pos="X">,</wf>
         <wf lemma="az" pos="X">az</wf>
         <wf lemma="Üstökösben" pos="X">Üstökösben</wf>
         <wf lemma="és" pos="X">és</wf>
         <wf lemma="az" pos="X">az</wf>
         <wf lemma="Igazmondóban" pos="X">Igazmondóban</wf>
         <wf lemma="valóságos" pos="X">valóságos</wf>
         <instance id="d000.s1990.t000" lemma="hadjárat" pos="NOUN">hadjáratot</instance>
         <wf lemma="folytatott" pos="X">folytatott</wf>
         <wf lemma="a" pos="X">a</wf>
         <wf lemma="meglehetősen" pos="X">meglehetősen</wf>
         <wf lemma="meggyengült" pos="X">meggyengült</wf>
         <wf lemma="Deák-párti" pos="X">Deák-párti</wf>
         <wf lemma="kormány" pos="X">kormány</wf>
         <wf lemma="ellen" pos="X">ellen</wf>
         <wf lemma="." pos="X">.</wf>
      </sentence>
      <sentence id="d000.s1991" source="wordnet-hungarian">
         <wf lemma="A" pos="X">A</wf>
         <instance id="d000.s1991.t000" lemma="hasáb" pos="NOUN">hasáb</instance>
         <wf lemma="térfogatképletére" pos="X">térfogatképletére</wf>
         <wf lemma="lenne" pos="X">lenne</wf>
         <wf lemma="szükségem" pos="X">szükségem</wf>
         <wf lemma="." pos="X">.</wf>
      </sentence>
      <sentence id="d000.s1992" source="wordnet-hungarian">
         <wf lemma="Ezt" pos="X">Ezt</wf>
         <wf lemma="az" pos="X">az</wf>
         <wf lemma="összefüggést" pos="X">összefüggést</wf>
         <wf lemma="a" pos="X">a</wf>
         <instance id="d000.s1992.t000" lemma="hidrosztatika" pos="NOUN">hidrosztatika</instance>
         <wf lemma="alapegyenletének" pos="X">alapegyenletének</wf>
         <wf lemma="nevezik" pos="X">nevezik</wf>
         <wf lemma="." pos="X">.</wf>
      </sentence>
      <sentence id="d000.s1993" source="wordnet-hungarian">
         <wf lemma="Nincs" pos="X">Nincs</wf>
         <instance id="d000.s1993.t000" lemma="hozzáférés" pos="NOUN">hozzáférése</instance>
         <wf lemma="a" pos="X">a</wf>
         <wf lemma="kollégák" pos="X">kollégák</wf>
         <wf lemma="gépéhez" pos="X">gépéhez</wf>
         <wf lemma="." pos="X">.</wf>
      </sentence>
      <sentence id="d000.s1994" source="wordnet-hungarian">
         <wf lemma="Feltettek" pos="X">Feltettek</wf>
         <wf lemma="egy" pos="X">egy</wf>
         <instance id="d000.s1994.t000" lemma="kérdés" pos="NOUN">kérdést</instance>
         <wf lemma="a" pos="X">a</wf>
         <wf lemma="képzettségemet" pos="X">képzettségemet</wf>
         <wf lemma="illetően" pos="X">illetően</wf>
         <wf lemma="." pos="X">.</wf>
      </sentence>
      <sentence id="d000.s1995" source="wordnet-hungarian">
         <wf lemma="Télen" pos="X">Télen</wf>
         <wf lemma="a" pos="X">a</wf>
         <instance id="d000.s1995.t000" lemma="fügefa" pos="NOUN">fügefát</instance>
         <wf lemma="legjobb" pos="X">legjobb</wf>
         <wf lemma="hűvös" pos="X">hűvös</wf>
         <wf lemma="helyiségben" pos="X">helyiségben</wf>
         <wf lemma="teleltetni" pos="X">teleltetni</wf>
         <wf lemma="." pos="X">.</wf>
      </sentence>
      <sentence id="d000.s1996" source="wordnet-hungarian">
         <wf lemma="Az" pos="X">Az</wf>
         <wf lemma="ez" pos="X">ez</wf>
         <wf lemma="évi" pos="X">évi</wf>
         <instance id="d000.s1996.t000" lemma="nyereség" pos="NOUN">nyereség</instance>
         <wf lemma="meghaladja" pos="X">meghaladja</wf>
         <wf lemma="a" pos="X">a</wf>
         <wf lemma="tavalyit" pos="X">tavalyit</wf>
         <wf lemma="." pos="X">.</wf>
      </sentence>
      <sentence id="d000.s1997" source="wordnet-hungarian">
         <wf lemma="Az" pos="X">Az</wf>
         <wf lemma="imaház" pos="X">imaház</wf>
         <wf lemma="tetejére" pos="X">tetejére</wf>
         <wf lemma="tornyot" pos="X">tornyot</wf>
         <instance id="d000.s1997.t000" lemma="emel" pos="VERB">emeltek</instance>
         <wf lemma="." pos="X">.</wf>
      </sentence>
      <sentence id="d000.s1998" source="wordnet-hungarian">
         <wf lemma="Ilyen" pos="X">Ilyen</wf>
         <wf lemma="melegben" pos="X">melegben</wf>
         <wf lemma="a" pos="X">a</wf>
         <instance id="d000.s1998.t000" lemma="strand" pos="NOUN">strandon</instance>
         <wf lemma="kellene" pos="X">kellene</wf>
         <wf lemma="lennünk" pos="X">lennünk</wf>
         <wf lemma="." pos="X">.</wf>
      </sentence>
      <sentence id="d000.s1999" source="wordnet-hungarian">
         <wf lemma="A" pos="X">A</wf>
         <wf lemma="bélyeg" pos="X">bélyeg</wf>
         <instance id="d000.s1999.t000" lemma="kiadás" pos="NOUN">kiadása</instance>
         <wf lemma="még" pos="X">még</wf>
         <wf lemma="várat" pos="X">várat</wf>
         <wf lemma="magára" pos="X">magára</wf>
         <wf lemma="." pos="X">.</wf>
      </sentence>
      <sentence id="d000.s2000" source="wordnet-hungarian">
         <wf lemma="A" pos="X">A</wf>
         <instance id="d000.s2000.t000" lemma="bölény" pos="NOUN">bölény</instance>
         <wf lemma="valamikor" pos="X">valamikor</wf>
         <wf lemma="népes" pos="X">népes</wf>
         <wf lemma="állományt" pos="X">állományt</wf>
         <wf lemma="alkotott" pos="X">alkotott</wf>
         <wf lemma="a" pos="X">a</wf>
         <wf lemma="Kaukázusban" pos="X">Kaukázusban</wf>
         <wf lemma="is" pos="X">is</wf>
         <wf lemma="," pos="X">,</wf>
         <wf lemma="de" pos="X">de</wf>
         <wf lemma="a" pos="X">a</wf>
         <wf lemma="XX." pos="X">XX.</wf>
         <wf lemma="század" pos="X">század</wf>
         <wf lemma="elejére" pos="X">elejére</wf>
         <wf lemma="kipusztították" pos="X">kipusztították</wf>
         <wf lemma="." pos="X">.</wf>
      </sentence>
      <sentence id="d000.s2001" source="wordnet-hungarian">
         <wf lemma="A" pos="X">A</wf>
         <instance id="d000.s2001.t000" lemma="gyümölcslé" pos="NOUN">gyümölcslé</instance>
         <wf lemma="fogyasztása" pos="X">fogyasztása</wf>
         <wf lemma="egészségesebb" pos="X">egészségesebb</wf>
         <wf lemma="a" pos="X">a</wf>
         <wf lemma="szénsavas" pos="X">szénsavas</wf>
         <wf lemma="üdítőnél" pos="X">üdítőnél</wf>
         <wf lemma="." pos="X">.</wf>
      </sentence>
      <sentence id="d000.s2002" source="wordnet-hungarian">
         <wf lemma="A" pos="X">A</wf>
         <wf lemma="barlang" pos="X">barlang</wf>
         <instance id="d000.s2002.t000" lemma="száj" pos="NOUN">szája</instance>
         <wf lemma="sötéten" pos="X">sötéten</wf>
         <wf lemma="tátongott" pos="X">tátongott</wf>
         <wf lemma="." pos="X">.</wf>
      </sentence>
      <sentence id="d000.s2003" source="wordnet-hungarian">
         <wf lemma="A" pos="X">A</wf>
         <wf lemma="nyolcadikról" pos="X">nyolcadikról</wf>
         <wf lemma="a" pos="X">a</wf>
         <wf lemma="második" pos="X">második</wf>
         <instance id="d000.s2003.t000" lemma="hely" pos="NOUN">helyre</instance>
         <wf lemma="jött" pos="X">jött</wf>
         <wf lemma="fel" pos="X">fel</wf>
         <wf lemma="." pos="X">.</wf>
      </sentence>
      <sentence id="d000.s2004" source="wordnet-hungarian">
         <wf lemma="Az" pos="X">Az</wf>
         <instance id="d000.s2004.t000" lemma="alapítvány" pos="NOUN">alapítvány</instance>
         <wf lemma="több" pos="X">több</wf>
         <wf lemma="tehetséges" pos="X">tehetséges</wf>
         <wf lemma="fiatal" pos="X">fiatal</wf>
         <wf lemma="tanulmányaihoz" pos="X">tanulmányaihoz</wf>
         <wf lemma="nyújt" pos="X">nyújt</wf>
         <wf lemma="anyagi" pos="X">anyagi</wf>
         <wf lemma="és" pos="X">és</wf>
         <wf lemma="egyéb" pos="X">egyéb</wf>
         <wf lemma="segítséget" pos="X">segítséget</wf>
         <wf lemma="." pos="X">.</wf>
      </sentence>
      <sentence id="d000.s2005" source="wordnet-hungarian">
         <wf lemma="Misztikus" pos="X">Misztikus</wf>
         <wf lemma="világot" pos="X">világot</wf>
         <wf lemma="élt" pos="X">élt</wf>
         <wf lemma="akkor" pos="X">akkor</wf>
         <wf lemma="az" pos="X">az</wf>
         <wf lemma="ember" pos="X">ember</wf>
         <wf lemma="," pos="X">,</wf>
         <wf lemma="mert" pos="X">mert</wf>
         <wf lemma="nemcsak" pos="X">nemcsak</wf>
         <wf lemma="hitte" pos="X">hitte</wf>
         <wf lemma="," pos="X">,</wf>
         <wf lemma="de" pos="X">de</wf>
         <wf lemma="tudta" pos="X">tudta</wf>
         <wf lemma="," pos="X">,</wf>
         <wf lemma="hogy" pos="X">hogy</wf>
         <wf lemma="az" pos="X">az</wf>
         <wf lemma="erdőben" pos="X">erdőben</wf>
         <instance id="d000.s2005.t000" lemma="manó" pos="NOUN">manók</instance>
         <wf lemma="élnek" pos="X">élnek</wf>
         <wf lemma="." pos="X">.</wf>
      </sentence>
      <sentence id="d000.s2006" source="wordnet-hungarian">
         <wf lemma="Levegőzni" pos="X">Levegőzni</wf>
         <wf lemma="kilépett" pos="X">kilépett</wf>
         <wf lemma="a" pos="X">a</wf>
         <instance id="d000.s2006.t000" lemma="kert" pos="NOUN">kertbe</instance>
         <wf lemma="," pos="X">,</wf>
         <wf lemma="ha" pos="X">ha</wf>
         <wf lemma="kedve" pos="X">kedve</wf>
         <wf lemma="szottyant" pos="X">szottyant</wf>
         <wf lemma="rá." pos="X">rá.</wf>
      </sentence>
      <sentence id="d000.s2007" source="wordnet-hungarian">
         <wf lemma="Anyja" pos="X">Anyja</wf>
         <wf lemma="halála" pos="X">halála</wf>
         <instance id="d000.s2007.t000" lemma="megdöbbenés" pos="NOUN">megdöbbenéssel</instance>
         <wf lemma="töltötte" pos="X">töltötte</wf>
         <wf lemma="el" pos="X">el</wf>
         <wf lemma="." pos="X">.</wf>
      </sentence>
      <sentence id="d000.s2008" source="wordnet-hungarian">
         <wf lemma="A" pos="X">A</wf>
         <wf lemma="mosoly" pos="X">mosoly</wf>
         <wf lemma="egy" pos="X">egy</wf>
         <wf lemma="olyan" pos="X">olyan</wf>
         <instance id="d000.s2008.t000" lemma="görbület" pos="NOUN">görbület</instance>
         <wf lemma="," pos="X">,</wf>
         <wf lemma="amely" pos="X">amely</wf>
         <wf lemma="egyenesbe" pos="X">egyenesbe</wf>
         <wf lemma="hoz" pos="X">hoz</wf>
         <wf lemma="mindent" pos="X">mindent</wf>
         <wf lemma="." pos="X">.</wf>
      </sentence>
      <sentence id="d000.s2009" source="wordnet-hungarian">
         <wf lemma="A" pos="X">A</wf>
         <instance id="d000.s2009.t000" lemma="folyadék" pos="NOUN">folyadék</instance>
         <wf lemma="belső" pos="X">belső</wf>
         <wf lemma="súrlódási" pos="X">súrlódási</wf>
         <wf lemma="vagy" pos="X">vagy</wf>
         <wf lemma="viszkozitási" pos="X">viszkozitási</wf>
         <wf lemma="tényezőjének" pos="X">tényezőjének</wf>
         <wf lemma="mérését" pos="X">mérését</wf>
         <wf lemma="kétféle" pos="X">kétféle</wf>
         <wf lemma="módszerrel" pos="X">módszerrel</wf>
         <wf lemma="végezzük" pos="X">végezzük</wf>
         <wf lemma="." pos="X">.</wf>
      </sentence>
      <sentence id="d000.s2010" source="wordnet-hungarian">
         <wf lemma="Viselkedése" pos="X">Viselkedése</wf>
         <instance id="d000.s2010.t000" lemma="elmebaj" pos="NOUN">elmebajra</instance>
         <wf lemma="utal" pos="X">utal</wf>
         <wf lemma="." pos="X">.</wf>
      </sentence>
      <sentence id="d000.s2011" source="wordnet-hungarian">
         <instance id="d000.s2011.t000" lemma="állás" pos="NOUN">Állást</instance>
         <wf lemma="keresett" pos="X">keresett</wf>
         <wf lemma="egy" pos="X">egy</wf>
         <wf lemma="ideje" pos="X">ideje</wf>
         <wf lemma="." pos="X">.</wf>
      </sentence>
      <sentence id="d000.s2012" source="wordnet-hungarian">
         <wf lemma="A" pos="X">A</wf>
         <wf lemma="kormány" pos="X">kormány</wf>
         <wf lemma="különféle" pos="X">különféle</wf>
         <wf lemma="tanfolyamokkal" pos="X">tanfolyamokkal</wf>
         <wf lemma="tevékenykedik" pos="X">tevékenykedik</wf>
         <wf lemma="a" pos="X">a</wf>
         <instance id="d000.s2012.t000" lemma="háziipar" pos="NOUN">háziipar</instance>
         <wf lemma="fejlesztésén" pos="X">fejlesztésén</wf>
         <wf lemma="." pos="X">.</wf>
      </sentence>
      <sentence id="d000.s2013" source="wordnet-hungarian">
         <wf lemma="A" pos="X">A</wf>
         <wf lemma="nyilvános" pos="X">nyilvános</wf>
         <instance id="d000.s2013.t000" lemma="parkoló" pos="NOUN">parkolóban</instance>
         <wf lemma="már" pos="X">már</wf>
         <wf lemma="nem" pos="X">nem</wf>
         <wf lemma="volt" pos="X">volt</wf>
         <wf lemma="hely" pos="X">hely</wf>
         <wf lemma="." pos="X">.</wf>
      </sentence>
      <sentence id="d000.s2014" source="wordnet-hungarian">
         <wf lemma="A" pos="X">A</wf>
         <wf lemma="különböző" pos="X">különböző</wf>
         <wf lemma="árvízi" pos="X">árvízi</wf>
         <instance id="d000.s2014.t000" lemma="jelenség" pos="NOUN">jelenségek</instance>
         <wf lemma="oka" pos="X">oka</wf>
         <wf lemma="többnyire" pos="X">többnyire</wf>
         <wf lemma="a" pos="X">a</wf>
         <wf lemma="védmű" pos="X">védmű</wf>
         <wf lemma="talaj" pos="X">talaj</wf>
         <wf lemma="állapotából" pos="X">állapotából</wf>
         <wf lemma="következik" pos="X">következik</wf>
         <wf lemma="." pos="X">.</wf>
      </sentence>
      <sentence id="d000.s2015" source="wordnet-hungarian">
         <wf lemma="A" pos="X">A</wf>
         <wf lemma="szélhámos" pos="X">szélhámos</wf>
         <wf lemma="igazgató" pos="X">igazgató</wf>
         <wf lemma="után" pos="X">után</wf>
         <wf lemma="többmilliós" pos="X">többmilliós</wf>
         <wf lemma="adósság" pos="X">adósság</wf>
         <instance id="d000.s2015.t000" lemma="marad" pos="VERB">maradt</instance>
         <wf lemma="." pos="X">.</wf>
      </sentence>
      <sentence id="d000.s2016" source="wordnet-hungarian">
         <wf lemma="Képzett" pos="X">Képzett</wf>
         <instance id="d000.s2016.t000" lemma="hang" pos="NOUN">hangokat</instance>
         <wf lemma="akart" pos="X">akart</wf>
         <wf lemma="felkérni" pos="X">felkérni</wf>
         <wf lemma="az" pos="X">az</wf>
         <wf lemma="duett" pos="X">duett</wf>
         <wf lemma="eléneklésére" pos="X">eléneklésére</wf>
         <wf lemma="." pos="X">.</wf>
      </sentence>
      <sentence id="d000.s2017" source="wordnet-hungarian">
         <wf lemma="Az" pos="X">Az</wf>
         <instance id="d000.s2017.t000" lemma="ókor" pos="NOUN">ókor</instance>
         <wf lemma="nagy" pos="X">nagy</wf>
         <wf lemma="császárairól" pos="X">császárairól</wf>
         <wf lemma="hallgat" pos="X">hallgat</wf>
         <wf lemma="előadást" pos="X">előadást</wf>
         <wf lemma="." pos="X">.</wf>
      </sentence>
      <sentence id="d000.s2018" source="wordnet-hungarian">
         <wf lemma="Járatos" pos="X">Járatos</wf>
         <wf lemma="volt" pos="X">volt</wf>
         <wf lemma="a" pos="X">a</wf>
         <wf lemma="kártya" pos="X">kártya</wf>
         <instance id="d000.s2018.t000" lemma="világ" pos="NOUN">világában</instance>
         <wf lemma="." pos="X">.</wf>
      </sentence>
      <sentence id="d000.s2019" source="wordnet-hungarian">
         <wf lemma="A" pos="X">A</wf>
         <instance id="d000.s2019.t000" lemma="sárkány" pos="NOUN">sárkányokat</instance>
         <wf lemma="általánosan" pos="X">általánosan</wf>
         <wf lemma="igen" pos="X">igen</wf>
         <wf lemma="nehéz" pos="X">nehéz</wf>
         <wf lemma="meghatározni" pos="X">meghatározni</wf>
         <wf lemma="," pos="X">,</wf>
         <wf lemma="hiszen" pos="X">hiszen</wf>
         <wf lemma="különböző" pos="X">különböző</wf>
         <wf lemma="változatai" pos="X">változatai</wf>
         <wf lemma="élnek" pos="X">élnek</wf>
         <wf lemma="." pos="X">.</wf>
      </sentence>
      <sentence id="d000.s2020" source="wordnet-hungarian">
         <wf lemma="A" pos="X">A</wf>
         <wf lemma="kisebb" pos="X">kisebb</wf>
         <wf lemma="konfliktusok" pos="X">konfliktusok</wf>
         <wf lemma="rendezésére" pos="X">rendezésére</wf>
         <wf lemma="nem" pos="X">nem</wf>
         <wf lemma="saját" pos="X">saját</wf>
         <wf lemma="hadseregüket" pos="X">hadseregüket</wf>
         <wf lemma="," pos="X">,</wf>
         <wf lemma="hanem" pos="X">hanem</wf>
         <instance id="d000.s2020.t000" lemma="zsoldos" pos="NOUN">zsoldosokat</instance>
         <wf lemma="vetettek" pos="X">vetettek</wf>
         <wf lemma="be" pos="X">be</wf>
         <wf lemma="." pos="X">.</wf>
      </sentence>
      <sentence id="d000.s2021" source="wordnet-hungarian">
         <wf lemma="Az" pos="X">Az</wf>
         <instance id="d000.s2021.t000" lemma="udvar" pos="NOUN">udvarban</instance>
         <wf lemma="volt" pos="X">volt</wf>
         <wf lemma="egy" pos="X">egy</wf>
         <wf lemma="szökőkút" pos="X">szökőkút</wf>
         <wf lemma="." pos="X">.</wf>
      </sentence>
      <sentence id="d000.s2022" source="wordnet-hungarian">
         <wf lemma="A" pos="X">A</wf>
         <instance id="d000.s2022.t000" lemma="készítmény" pos="NOUN">készítményt</instance>
         <wf lemma="körültekintően" pos="X">körültekintően</wf>
         <wf lemma="kell" pos="X">kell</wf>
         <wf lemma="tárolni" pos="X">tárolni</wf>
         <wf lemma="." pos="X">.</wf>
      </sentence>
      <sentence id="d000.s2023" source="wordnet-hungarian">
         <wf lemma="A" pos="X">A</wf>
         <instance id="d000.s2023.t000" lemma="nikotin" pos="NOUN">nikotin</instance>
         <wf lemma="a" pos="X">a</wf>
         <wf lemma="legelterjedtebb" pos="X">legelterjedtebb</wf>
         <wf lemma="pszichoaktív" pos="X">pszichoaktív</wf>
         <wf lemma="drog" pos="X">drog</wf>
         <wf lemma="." pos="X">.</wf>
      </sentence>
      <sentence id="d000.s2024" source="wordnet-hungarian">
         <wf lemma="A" pos="X">A</wf>
         <wf lemma="foglyok" pos="X">foglyok</wf>
         <wf lemma="ellenállása" pos="X">ellenállása</wf>
         <wf lemma="pár" pos="X">pár</wf>
         <wf lemma="nap" pos="X">nap</wf>
         <wf lemma="múltán" pos="X">múltán</wf>
         <wf lemma="érezhetően" pos="X">érezhetően</wf>
         <instance id="d000.s2024.t000" lemma="gyengül" pos="VERB">gyengült</instance>
         <wf lemma="." pos="X">.</wf>
      </sentence>
      <sentence id="d000.s2025" source="wordnet-hungarian">
         <wf lemma="A" pos="X">A</wf>
         <instance id="d000.s2025.t000" lemma="stopper" pos="NOUN">stopper</instance>
         <wf lemma="szerint" pos="X">szerint</wf>
         <wf lemma="10,6" pos="X">10,6</wf>
         <wf lemma="percet" pos="X">percet</wf>
         <wf lemma="futottál" pos="X">futottál</wf>
         <wf lemma="." pos="X">.</wf>
      </sentence>
      <sentence id="d000.s2026" source="wordnet-hungarian">
         <wf lemma="A" pos="X">A</wf>
         <wf lemma="másoktól" pos="X">másoktól</wf>
         <wf lemma="való" pos="X">való</wf>
         <instance id="d000.s2026.t000" lemma="függés" pos="NOUN">függés</instance>
         <wf lemma="olyan" pos="X">olyan</wf>
         <wf lemma="kellemetlen" pos="X">kellemetlen</wf>
         <wf lemma="dolog" pos="X">dolog</wf>
         <wf lemma="." pos="X">.</wf>
      </sentence>
      <sentence id="d000.s2027" source="wordnet-hungarian">
         <wf lemma="A" pos="X">A</wf>
         <wf lemma="királyi" pos="X">királyi</wf>
         <wf lemma="városok" pos="X">városok</wf>
         <wf lemma="," pos="X">,</wf>
         <wf lemma="mezővárosok" pos="X">mezővárosok</wf>
         <wf lemma="és" pos="X">és</wf>
         <wf lemma="a" pos="X">a</wf>
         <wf lemma="falvak" pos="X">falvak</wf>
         <wf lemma="bármelyik" pos="X">bármelyik</wf>
         <wf lemma="vallást" pos="X">vallást</wf>
         <wf lemma="kövessék" pos="X">kövessék</wf>
         <wf lemma="is" pos="X">is</wf>
         <wf lemma="," pos="X">,</wf>
         <wf lemma="hitükön" pos="X">hitükön</wf>
         <wf lemma="való" pos="X">való</wf>
         <instance id="d000.s2027.t000" lemma="prédikátor" pos="NOUN">prédikátort</instance>
         <wf lemma="tarthattak" pos="X">tarthattak</wf>
         <wf lemma="." pos="X">.</wf>
      </sentence>
      <sentence id="d000.s2028" source="wordnet-hungarian">
         <wf lemma="Mengyelejev" pos="X">Mengyelejev</wf>
         <wf lemma="útmutatásai" pos="X">útmutatásai</wf>
         <wf lemma="alapján" pos="X">alapján</wf>
         <wf lemma="találták" pos="X">találták</wf>
         <wf lemma="meg" pos="X">meg</wf>
         <wf lemma="például" pos="X">például</wf>
         <wf lemma="a" pos="X">a</wf>
         <instance id="d000.s2028.t000" lemma="germánium" pos="NOUN">germániumot</instance>
         <wf lemma="," pos="X">,</wf>
         <wf lemma="amelynek" pos="X">amelynek</wf>
         <wf lemma="gyakorlatilag" pos="X">gyakorlatilag</wf>
         <wf lemma="minden" pos="X">minden</wf>
         <wf lemma="fontos" pos="X">fontos</wf>
         <wf lemma="kémiai" pos="X">kémiai</wf>
         <wf lemma="tulajdonságát" pos="X">tulajdonságát</wf>
         <wf lemma="megjósolta" pos="X">megjósolta</wf>
         <wf lemma="." pos="X">.</wf>
      </sentence>
      <sentence id="d000.s2029" source="wordnet-hungarian">
         <wf lemma="Minden" pos="X">Minden</wf>
         <instance id="d000.s2029.t000" lemma="tréfa" pos="NOUN">tréfában</instance>
         <wf lemma="részt" pos="X">részt</wf>
         <wf lemma="vett" pos="X">vett</wf>
         <wf lemma="." pos="X">.</wf>
      </sentence>
      <sentence id="d000.s2030" source="wordnet-hungarian">
         <wf lemma="A" pos="X">A</wf>
         <wf lemma="szúnyogháló" pos="X">szúnyogháló</wf>
         <wf lemma="ellenére" pos="X">ellenére</wf>
         <wf lemma="is" pos="X">is</wf>
         <wf lemma="beszállt" pos="X">beszállt</wf>
         <wf lemma="néhány" pos="X">néhány</wf>
         <instance id="d000.s2030.t000" lemma="szúnyog" pos="NOUN">szúnyog</instance>
         <wf lemma="a" pos="X">a</wf>
         <wf lemma="szobába" pos="X">szobába</wf>
         <wf lemma="." pos="X">.</wf>
      </sentence>
      <sentence id="d000.s2031" source="wordnet-hungarian">
         <instance id="d000.s2031.t000" lemma="rándulás" pos="NOUN">Rándulás</instance>
         <wf lemma="miatt" pos="X">miatt</wf>
         <wf lemma="nem" pos="X">nem</wf>
         <wf lemma="volt" pos="X">volt</wf>
         <wf lemma="képes" pos="X">képes</wf>
         <wf lemma="három" pos="X">három</wf>
         <wf lemma="napig" pos="X">napig</wf>
         <wf lemma="járni" pos="X">járni</wf>
         <wf lemma="." pos="X">.</wf>
      </sentence>
      <sentence id="d000.s2032" source="wordnet-hungarian">
         <wf lemma="Mi" pos="X">Mi</wf>
         <instance id="d000.s2032.t000" lemma="bánik" pos="VERB">bánt</instance>
         <wf lemma="," pos="X">,</wf>
         <wf lemma="kedvesem" pos="X">kedvesem</wf>
         <wf lemma="?" pos="X">?</wf>
      </sentence>
      <sentence id="d000.s2033" source="wordnet-hungarian">
         <wf lemma="A" pos="X">A</wf>
         <instance id="d000.s2033.t000" lemma="kalifátus" pos="NOUN">kalifátus</instance>
         <wf lemma="területe" pos="X">területe</wf>
         <wf lemma="évről-évre" pos="X">évről-évre</wf>
         <wf lemma="növekedett" pos="X">növekedett</wf>
         <wf lemma="." pos="X">.</wf>
      </sentence>
      <sentence id="d000.s2034" source="wordnet-hungarian">
         <wf lemma="Jó" pos="X">Jó</wf>
         <instance id="d000.s2034.t000" lemma="kilátás" pos="NOUN">kilátásokkal</instance>
         <wf lemma="kecsegtet" pos="X">kecsegtet</wf>
         <wf lemma="ez" pos="X">ez</wf>
         <wf lemma="az" pos="X">az</wf>
         <wf lemma="esztendő" pos="X">esztendő</wf>
         <wf lemma="." pos="X">.</wf>
      </sentence>
      <sentence id="d000.s2035" source="wordnet-hungarian">
         <wf lemma="A" pos="X">A</wf>
         <wf lemma="magasabb" pos="X">magasabb</wf>
         <wf lemma="szellemi" pos="X">szellemi</wf>
         <wf lemma="tevékenységeket" pos="X">tevékenységeket</wf>
         <wf lemma="vizsgálták" pos="X">vizsgálták</wf>
         <wf lemma="a" pos="X">a</wf>
         <instance id="d000.s2035.t000" lemma="neurofiziológia" pos="NOUN">neurofiziológia</instance>
         <wf lemma="eszköztárával" pos="X">eszköztárával</wf>
         <wf lemma="." pos="X">.</wf>
      </sentence>
      <sentence id="d000.s2036" source="wordnet-hungarian">
         <wf lemma="Az" pos="X">Az</wf>
         <wf lemma="iskola" pos="X">iskola</wf>
         <instance id="d000.s2036.t000" lemma="történelem" pos="NOUN">történelmében</instance>
         <wf lemma="meghatározó" pos="X">meghatározó</wf>
         <wf lemma="ez" pos="X">ez</wf>
         <wf lemma="a" pos="X">a</wf>
         <wf lemma="az" pos="X">az</wf>
         <wf lemma="időszak" pos="X">időszak</wf>
         <wf lemma="." pos="X">.</wf>
      </sentence>
      <sentence id="d000.s2037" source="wordnet-hungarian">
         <wf lemma="Az" pos="X">Az</wf>
         <wf lemma="atomelmélet" pos="X">atomelmélet</wf>
         <instance id="d000.s2037.t000" lemma="feltevés" pos="NOUN">feltevései</instance>
         <wf lemma="alapján" pos="X">alapján</wf>
         <wf lemma="a" pos="X">a</wf>
         <wf lemma="káliumatomoknak" pos="X">káliumatomoknak</wf>
         <wf lemma="nagyon" pos="X">nagyon</wf>
         <wf lemma="messze" pos="X">messze</wf>
         <wf lemma="kell" pos="X">kell</wf>
         <wf lemma="lenniük" pos="X">lenniük</wf>
         <wf lemma="egymástól" pos="X">egymástól</wf>
         <wf lemma="a" pos="X">a</wf>
         <wf lemma="fémben" pos="X">fémben</wf>
         <wf lemma="." pos="X">.</wf>
      </sentence>
      <sentence id="d000.s2038" source="wordnet-hungarian">
         <wf lemma="Ki" pos="X">Ki</wf>
         <wf lemma="tudod" pos="X">tudod</wf>
         <instance id="d000.s2038.t000" lemma="mos" pos="VERB">mosni</instance>
         <wf lemma="a" pos="X">a</wf>
         <wf lemma="pecsétet" pos="X">pecsétet</wf>
         <wf lemma="a" pos="X">a</wf>
         <wf lemma="nadrágodból" pos="X">nadrágodból</wf>
         <wf lemma="?" pos="X">?</wf>
      </sentence>
      <sentence id="d000.s2039" source="wordnet-hungarian">
         <wf lemma="Követte" pos="X">Követte</wf>
         <wf lemma="a" pos="X">a</wf>
         <wf lemma="helyi" pos="X">helyi</wf>
         <instance id="d000.s2039.t000" lemma="szokás" pos="NOUN">szokásokat</instance>
         <wf lemma="." pos="X">.</wf>
      </sentence>
      <sentence id="d000.s2040" source="wordnet-hungarian">
         <wf lemma="Amikor" pos="X">Amikor</wf>
         <wf lemma="megtalálták" pos="X">megtalálták</wf>
         <wf lemma="," pos="X">,</wf>
         <wf lemma="alig" pos="X">alig</wf>
         <wf lemma="volt" pos="X">volt</wf>
         <wf lemma="benne" pos="X">benne</wf>
         <instance id="d000.s2040.t000" lemma="élet" pos="NOUN">élet</instance>
         <wf lemma="." pos="X">.</wf>
      </sentence>
      <sentence id="d000.s2041" source="wordnet-hungarian">
         <instance id="d000.s2041.t000" lemma="ok" pos="NOUN">Okom</instance>
         <wf lemma="van" pos="X">van</wf>
         <wf lemma="feltételezni" pos="X">feltételezni</wf>
         <wf lemma="," pos="X">,</wf>
         <wf lemma="hogy" pos="X">hogy</wf>
         <wf lemma="hazudik" pos="X">hazudik</wf>
         <wf lemma="." pos="X">.</wf>
      </sentence>
      <sentence id="d000.s2042" source="wordnet-hungarian">
         <wf lemma="Nagyban" pos="X">Nagyban</wf>
         <wf lemma="befolyásolja" pos="X">befolyásolja</wf>
         <wf lemma="a" pos="X">a</wf>
         <wf lemma="végeredményt" pos="X">végeredményt</wf>
         <wf lemma="a" pos="X">a</wf>
         <wf lemma="kiválasztott" pos="X">kiválasztott</wf>
         <instance id="d000.s2042.t000" lemma="módszer" pos="NOUN">módszer</instance>
         <wf lemma="." pos="X">.</wf>
      </sentence>
      <sentence id="d000.s2043" source="wordnet-hungarian">
         <wf lemma="A" pos="X">A</wf>
         <wf lemma="római" pos="X">római</wf>
         <wf lemma="Minerva" pos="X">Minerva</wf>
         <wf lemma="istennő" pos="X">istennő</wf>
         <wf lemma="(" pos="X">(</wf>
         <wf lemma="Pallas" pos="X">Pallas</wf>
         <wf lemma="Athéné" pos="X">Athéné</wf>
         <wf lemma="a" pos="X">a</wf>
         <wf lemma="görögöknél" pos="X">görögöknél</wf>
         <wf lemma=")" pos="X">)</wf>
         <wf lemma="a" pos="X">a</wf>
         <wf lemma="fizikai" pos="X">fizikai</wf>
         <wf lemma="és" pos="X">és</wf>
         <wf lemma="szellemi" pos="X">szellemi</wf>
         <wf lemma="alkotómunka" pos="X">alkotómunka</wf>
         <instance id="d000.s2043.t000" lemma="allegória" pos="NOUN">allegóriája</instance>
         <wf lemma="." pos="X">.</wf>
      </sentence>
      <sentence id="d000.s2044" source="wordnet-hungarian">
         <wf lemma="A" pos="X">A</wf>
         <instance id="d000.s2044.t000" lemma="határozószó" pos="NOUN">határozószókat</instance>
         <wf lemma="aláhúztuk" pos="X">aláhúztuk</wf>
         <wf lemma="a" pos="X">a</wf>
         <wf lemma="mondatban" pos="X">mondatban</wf>
         <wf lemma="." pos="X">.</wf>
      </sentence>
      <sentence id="d000.s2045" source="wordnet-hungarian">
         <wf lemma="A" pos="X">A</wf>
         <instance id="d000.s2045.t000" lemma="lábszár" pos="NOUN">lábszára</instance>
         <wf lemma="kék-zöld" pos="X">kék-zöld</wf>
         <wf lemma="volt" pos="X">volt</wf>
         <wf lemma="az" pos="X">az</wf>
         <wf lemma="esés" pos="X">esés</wf>
         <wf lemma="után" pos="X">után</wf>
         <wf lemma="." pos="X">.</wf>
      </sentence>
      <sentence id="d000.s2046" source="wordnet-hungarian">
         <wf lemma="Három" pos="X">Három</wf>
         <wf lemma="év" pos="X">év</wf>
         <wf lemma="letöltendő" pos="X">letöltendő</wf>
         <instance id="d000.s2046.t000" lemma="börtönbüntetés" pos="NOUN">börtönbüntetésre</instance>
         <wf lemma="ítélték" pos="X">ítélték</wf>
         <wf lemma="." pos="X">.</wf>
      </sentence>
      <sentence id="d000.s2047" source="wordnet-hungarian">
         <wf lemma="Nem" pos="X">Nem</wf>
         <wf lemma="vették" pos="X">vették</wf>
         <wf lemma="föl" pos="X">föl</wf>
         <wf lemma="a" pos="X">a</wf>
         <wf lemma="választáson" pos="X">választáson</wf>
         <wf lemma="induló" pos="X">induló</wf>
         <wf lemma="képviselők" pos="X">képviselők</wf>
         <instance id="d000.s2047.t000" lemma="lista" pos="NOUN">listájára</instance>
         <wf lemma="." pos="X">.</wf>
      </sentence>
      <sentence id="d000.s2048" source="wordnet-hungarian">
         <wf lemma="A" pos="X">A</wf>
         <wf lemma="ruha" pos="X">ruha</wf>
         <instance id="d000.s2048.t000" lemma="tesz" pos="VERB">teszi</instance>
         <wf lemma="az" pos="X">az</wf>
         <wf lemma="embert" pos="X">embert</wf>
         <wf lemma="." pos="X">.</wf>
      </sentence>
      <sentence id="d000.s2049" source="wordnet-hungarian">
         <wf lemma="A" pos="X">A</wf>
         <instance id="d000.s2049.t000" lemma="dízelmotor" pos="NOUN">dízelmotor</instance>
         <wf lemma="felépítését" pos="X">felépítését</wf>
         <wf lemma="tanulta" pos="X">tanulta</wf>
         <wf lemma="épp" pos="X">épp</wf>
         <wf lemma="." pos="X">.</wf>
      </sentence>
      <sentence id="d000.s2050" source="wordnet-hungarian">
         <wf lemma="Egy" pos="X">Egy</wf>
         <instance id="d000.s2050.t000" lemma="rándulás" pos="NOUN">rándulás</instance>
         <wf lemma="miatt" pos="X">miatt</wf>
         <wf lemma="három" pos="X">három</wf>
         <wf lemma="meccsen" pos="X">meccsen</wf>
         <wf lemma="nem" pos="X">nem</wf>
         <wf lemma="léphetett" pos="X">léphetett</wf>
         <wf lemma="pályára" pos="X">pályára</wf>
         <wf lemma="a" pos="X">a</wf>
         <wf lemma="bajnokságban" pos="X">bajnokságban</wf>
         <wf lemma="." pos="X">.</wf>
      </sentence>
      <sentence id="d000.s2051" source="wordnet-hungarian">
         <instance id="d000.s2051.t000" lemma="rák" pos="NOUN">Rákot</instance>
         <wf lemma="diagnosztizáltak" pos="X">diagnosztizáltak</wf>
         <wf lemma="nála" pos="X">nála</wf>
         <wf lemma="." pos="X">.</wf>
      </sentence>
      <sentence id="d000.s2052" source="wordnet-hungarian">
         <wf lemma="A" pos="X">A</wf>
         <wf lemma="szájüreg" pos="X">szájüreg</wf>
         <wf lemma="után" pos="X">után</wf>
         <wf lemma="a" pos="X">a</wf>
         <instance id="d000.s2052.t000" lemma="gyomor" pos="NOUN">gyomorban</instance>
         <wf lemma="folytatódik" pos="X">folytatódik</wf>
         <wf lemma="a" pos="X">a</wf>
         <wf lemma="táplálék" pos="X">táplálék</wf>
         <wf lemma="emésztése" pos="X">emésztése</wf>
         <wf lemma="." pos="X">.</wf>
      </sentence>
      <sentence id="d000.s2053" source="wordnet-hungarian">
         <wf lemma="Kati" pos="X">Kati</wf>
         <instance id="d000.s2053.t000" lemma="harap" pos="VERB">harapta</instance>
         <wf lemma="az" pos="X">az</wf>
         <wf lemma="almát" pos="X">almát</wf>
         <wf lemma="." pos="X">.</wf>
      </sentence>
      <sentence id="d000.s2054" source="wordnet-hungarian">
         <instance id="d000.s2054.t000" lemma="hamisság" pos="NOUN">Hamisságával</instance>
         <wf lemma="sok" pos="X">sok</wf>
         <wf lemma="embert" pos="X">embert</wf>
         <wf lemma="megtévesztett" pos="X">megtévesztett</wf>
         <wf lemma="." pos="X">.</wf>
      </sentence>
      <sentence id="d000.s2055" source="wordnet-hungarian">
         <wf lemma="A" pos="X">A</wf>
         <instance id="d000.s2055.t000" lemma="háromszög" pos="NOUN">háromszög</instance>
         <wf lemma="területének" pos="X">területének</wf>
         <wf lemma="képletét" pos="X">képletét</wf>
         <wf lemma="kérdezte" pos="X">kérdezte</wf>
         <wf lemma="." pos="X">.</wf>
      </sentence>
      <sentence id="d000.s2056" source="wordnet-hungarian">
         <wf lemma="A" pos="X">A</wf>
         <instance id="d000.s2056.t000" lemma="sziget" pos="NOUN">sziget</instance>
         <wf lemma="körül" pos="X">körül</wf>
         <wf lemma="cápák" pos="X">cápák</wf>
         <wf lemma="köröztek" pos="X">köröztek</wf>
         <wf lemma="." pos="X">.</wf>
      </sentence>
      <sentence id="d000.s2057" source="wordnet-hungarian">
         <wf lemma="Szándékos" pos="X">Szándékos</wf>
         <wf lemma="mészárlással" pos="X">mészárlással</wf>
         <wf lemma="vádolja" pos="X">vádolja</wf>
         <wf lemma="az" pos="X">az</wf>
         <instance id="d000.s2057.t000" lemma="izraeli" pos="NOUN">izraelieket</instance>
         <wf lemma="a" pos="X">a</wf>
         <wf lemma="libanoni" pos="X">libanoni</wf>
         <wf lemma="kormányfő" pos="X">kormányfő</wf>
         <wf lemma="." pos="X">.</wf>
      </sentence>
      <sentence id="d000.s2058" source="wordnet-hungarian">
         <wf lemma="A" pos="X">A</wf>
         <wf lemma="pandák" pos="X">pandák</wf>
         <wf lemma="nem" pos="X">nem</wf>
         <instance id="d000.s2058.t000" lemma="szaporodik" pos="VERB">szaporodnak</instance>
         <wf lemma="fogságban" pos="X">fogságban</wf>
         <wf lemma="." pos="X">.</wf>
      </sentence>
      <sentence id="d000.s2059" source="wordnet-hungarian">
         <wf lemma="Az" pos="X">Az</wf>
         <instance id="d000.s2059.t000" lemma="ügynök" pos="NOUN">ügynököknek</instance>
         <wf lemma="szerteágazó" pos="X">szerteágazó</wf>
         <wf lemma="kapcsolatokra" pos="X">kapcsolatokra</wf>
         <wf lemma="van" pos="X">van</wf>
         <wf lemma="szükségük" pos="X">szükségük</wf>
         <wf lemma="." pos="X">.</wf>
      </sentence>
      <sentence id="d000.s2060" source="wordnet-hungarian">
         <wf lemma="A" pos="X">A</wf>
         <instance id="d000.s2060.t000" lemma="cékla" pos="NOUN">cékla</instance>
         <wf lemma="," pos="X">,</wf>
         <wf lemma="különösen" pos="X">különösen</wf>
         <wf lemma="tél" pos="X">tél</wf>
         <wf lemma="végén" pos="X">végén</wf>
         <wf lemma="," pos="X">,</wf>
         <wf lemma="egyik" pos="X">egyik</wf>
         <wf lemma="legfontosabb" pos="X">legfontosabb</wf>
         <wf lemma="vitamin-" pos="X">vitamin-</wf>
         <wf lemma="és" pos="X">és</wf>
         <wf lemma="ásványianyag-forrásunk" pos="X">ásványianyag-forrásunk</wf>
         <wf lemma="lehet" pos="X">lehet</wf>
         <wf lemma="." pos="X">.</wf>
      </sentence>
      <sentence id="d000.s2061" source="wordnet-hungarian">
         <wf lemma="A" pos="X">A</wf>
         <wf lemma="hegymászók" pos="X">hegymászók</wf>
         <wf lemma="a" pos="X">a</wf>
         <wf lemma="nehézségek" pos="X">nehézségek</wf>
         <wf lemma="ellére" pos="X">ellére</wf>
         <wf lemma="is" pos="X">is</wf>
         <instance id="d000.s2061.t000" lemma="kitart" pos="VERB">kitartottak</instance>
         <wf lemma="az" pos="X">az</wf>
         <wf lemma="eredeti" pos="X">eredeti</wf>
         <wf lemma="tervük" pos="X">tervük</wf>
         <wf lemma="mellett" pos="X">mellett</wf>
         <wf lemma="." pos="X">.</wf>
      </sentence>
      <sentence id="d000.s2062" source="wordnet-hungarian">
         <wf lemma="Az" pos="X">Az</wf>
         <wf lemma="alkoholos" pos="X">alkoholos</wf>
         <instance id="d000.s2062.t000" lemma="májbetegség" pos="NOUN">májbetegség</instance>
         <wf lemma="harmadik" pos="X">harmadik</wf>
         <wf lemma="stádiuma" pos="X">stádiuma</wf>
         <wf lemma="a" pos="X">a</wf>
         <wf lemma="cirrózis" pos="X">cirrózis</wf>
         <wf lemma="visszafordíthatatlan" pos="X">visszafordíthatatlan</wf>
         <wf lemma="," pos="X">,</wf>
         <wf lemma="azonban" pos="X">azonban</wf>
         <wf lemma="a" pos="X">a</wf>
         <wf lemma="tünetek" pos="X">tünetek</wf>
         <wf lemma="csillapíthatók" pos="X">csillapíthatók</wf>
         <wf lemma="." pos="X">.</wf>
      </sentence>
      <sentence id="d000.s2063" source="wordnet-hungarian">
         <wf lemma="A" pos="X">A</wf>
         <instance id="d000.s2063.t000" lemma="viszony" pos="NOUN">viszonyukról</instance>
         <wf lemma="mindenki" pos="X">mindenki</wf>
         <wf lemma="tudott" pos="X">tudott</wf>
         <wf lemma="." pos="X">.</wf>
      </sentence>
      <sentence id="d000.s2064" source="wordnet-hungarian">
         <wf lemma="A" pos="X">A</wf>
         <instance id="d000.s2064.t000" lemma="krikett" pos="NOUN">krikett</instance>
         <wf lemma="sport" pos="X">sport</wf>
         <wf lemma="angol" pos="X">angol</wf>
         <wf lemma="nyelvű" pos="X">nyelvű</wf>
         <wf lemma="országokban" pos="X">országokban</wf>
         <wf lemma="népszerű" pos="X">népszerű</wf>
         <wf lemma="csapatjáték" pos="X">csapatjáték</wf>
         <wf lemma="." pos="X">.</wf>
      </sentence>
      <sentence id="d000.s2065" source="wordnet-hungarian">
         <wf lemma="Amíg" pos="X">Amíg</wf>
         <wf lemma="fiatal" pos="X">fiatal</wf>
         <wf lemma="és" pos="X">és</wf>
         <wf lemma="belül" pos="X">belül</wf>
         <wf lemma="fehér" pos="X">fehér</wf>
         <wf lemma="," pos="X">,</wf>
         <wf lemma="minden" pos="X">minden</wf>
         <instance id="d000.s2065.t000" lemma="pöfeteg" pos="NOUN">pöfeteg</instance>
         <wf lemma="ehető" pos="X">ehető</wf>
         <wf lemma="." pos="X">.</wf>
      </sentence>
      <sentence id="d000.s2066" source="wordnet-hungarian">
         <wf lemma="A" pos="X">A</wf>
         <wf lemma="vízszigetelő" pos="X">vízszigetelő</wf>
         <wf lemma="rétegcsoportoknál" pos="X">rétegcsoportoknál</wf>
         <wf lemma="ajánlatos" pos="X">ajánlatos</wf>
         <wf lemma="vagy" pos="X">vagy</wf>
         <wf lemma="oxidált" pos="X">oxidált</wf>
         <instance id="d000.s2066.t000" lemma="bitumen" pos="NOUN">bitumenből</instance>
         <wf lemma="," pos="X">,</wf>
         <wf lemma="vagy" pos="X">vagy</wf>
         <wf lemma="pedig" pos="X">pedig</wf>
         <wf lemma="modifikált" pos="X">modifikált</wf>
         <wf lemma="bitumenből" pos="X">bitumenből</wf>
         <wf lemma="készült" pos="X">készült</wf>
         <wf lemma="szalagokat" pos="X">szalagokat</wf>
         <wf lemma="használni" pos="X">használni</wf>
         <wf lemma="." pos="X">.</wf>
      </sentence>
      <sentence id="d000.s2067" source="wordnet-hungarian">
         <wf lemma="Nincsenek" pos="X">Nincsenek</wf>
         <wf lemma="teljes" pos="X">teljes</wf>
         <wf lemma="mértékben" pos="X">mértékben</wf>
         <wf lemma="felülvizsgálva" pos="X">felülvizsgálva</wf>
         <wf lemma="az" pos="X">az</wf>
         <wf lemma="iratok" pos="X">iratok</wf>
         <wf lemma="," pos="X">,</wf>
         <wf lemma="ráadásul" pos="X">ráadásul</wf>
         <wf lemma="az" pos="X">az</wf>
         <wf lemma="átadásnál" pos="X">átadásnál</wf>
         <wf lemma="a" pos="X">a</wf>
         <wf lemma="civil" pos="X">civil</wf>
         <wf lemma="kontroll" pos="X">kontroll</wf>
         <instance id="d000.s2067.t000" lemma="mechanizmus" pos="NOUN">mechanizmusa</instance>
         <wf lemma="sem" pos="X">sem</wf>
         <wf lemma="volt" pos="X">volt</wf>
         <wf lemma="megfelelő" pos="X">megfelelő</wf>
         <wf lemma="." pos="X">.</wf>
      </sentence>
      <sentence id="d000.s2068" source="wordnet-hungarian">
         <wf lemma="A" pos="X">A</wf>
         <instance id="d000.s2068.t000" lemma="papaya" pos="NOUN">papaya</instance>
         <wf lemma="abortív" pos="X">abortív</wf>
         <wf lemma="hatású" pos="X">hatású</wf>
         <wf lemma="gyümölcs" pos="X">gyümölcs</wf>
         <wf lemma="." pos="X">.</wf>
      </sentence>
      <sentence id="d000.s2069" source="wordnet-hungarian">
         <wf lemma="A" pos="X">A</wf>
         <wf lemma="lankás" pos="X">lankás</wf>
         <instance id="d000.s2069.t000" lemma="hegyoldal" pos="NOUN">hegyoldalon</instance>
         <wf lemma="tarka" pos="X">tarka</wf>
         <wf lemma="virágok" pos="X">virágok</wf>
         <wf lemma="és" pos="X">és</wf>
         <wf lemma="alacsony" pos="X">alacsony</wf>
         <wf lemma="fenyőfélék" pos="X">fenyőfélék</wf>
         <wf lemma="nőttek" pos="X">nőttek</wf>
         <wf lemma="." pos="X">.</wf>
      </sentence>
      <sentence id="d000.s2070" source="wordnet-hungarian">
         <wf lemma="Az" pos="X">Az</wf>
         <instance id="d000.s2070.t000" lemma="ázsiai" pos="NOUN">ázsiaiak</instance>
         <wf lemma="megpróbálják" pos="X">megpróbálják</wf>
         <wf lemma="felkészíteni" pos="X">felkészíteni</wf>
         <wf lemma="gyerekeiket" pos="X">gyerekeiket</wf>
         <wf lemma="az" pos="X">az</wf>
         <wf lemma="információs" pos="X">információs</wf>
         <wf lemma="társadalomra" pos="X">társadalomra</wf>
         <wf lemma="." pos="X">.</wf>
      </sentence>
      <sentence id="d000.s2071" source="wordnet-hungarian">
         <wf lemma="Érezte" pos="X">Érezte</wf>
         <wf lemma="a" pos="X">a</wf>
         <instance id="d000.s2071.t000" lemma="kísértés" pos="NOUN">kísértést</instance>
         <wf lemma="," pos="X">,</wf>
         <wf lemma="de" pos="X">de</wf>
         <wf lemma="tudta" pos="X">tudta</wf>
         <wf lemma="," pos="X">,</wf>
         <wf lemma="hogy" pos="X">hogy</wf>
         <wf lemma="ellen" pos="X">ellen</wf>
         <wf lemma="kell" pos="X">kell</wf>
         <wf lemma="állnia" pos="X">állnia</wf>
         <wf lemma="." pos="X">.</wf>
      </sentence>
      <sentence id="d000.s2072" source="wordnet-hungarian">
         <wf lemma="Felkérjük" pos="X">Felkérjük</wf>
         <wf lemma="a" pos="X">a</wf>
         <wf lemma="magyarországi" pos="X">magyarországi</wf>
         <instance id="d000.s2072.t000" lemma="választópolgár" pos="NOUN">választópolgárokat</instance>
         <wf lemma="," pos="X">,</wf>
         <wf lemma="hogy" pos="X">hogy</wf>
         <wf lemma="a" pos="X">a</wf>
         <wf lemma="szavazáson" pos="X">szavazáson</wf>
         <wf lemma="minél" pos="X">minél</wf>
         <wf lemma="nagyobb" pos="X">nagyobb</wf>
         <wf lemma="számban" pos="X">számban</wf>
         <wf lemma="vegyenek" pos="X">vegyenek</wf>
         <wf lemma="részt" pos="X">részt</wf>
         <wf lemma="!" pos="X">!</wf>
      </sentence>
      <sentence id="d000.s2073" source="wordnet-hungarian">
         <wf lemma="A" pos="X">A</wf>
         <instance id="d000.s2073.t000" lemma="fizika" pos="NOUN">fizika</instance>
         <wf lemma="tudományának" pos="X">tudományának</wf>
         <wf lemma="egyik" pos="X">egyik</wf>
         <wf lemma="jeles" pos="X">jeles</wf>
         <wf lemma="képviselője" pos="X">képviselője</wf>
         <wf lemma="Isaac" pos="X">Isaac</wf>
         <wf lemma="Newton" pos="X">Newton</wf>
         <wf lemma="." pos="X">.</wf>
      </sentence>
      <sentence id="d000.s2074" source="wordnet-hungarian">
         <wf lemma="Ebben" pos="X">Ebben</wf>
         <wf lemma="a" pos="X">a</wf>
         <wf lemma="gyerekkönyvben" pos="X">gyerekkönyvben</wf>
         <wf lemma="szép" pos="X">szép</wf>
         <instance id="d000.s2074.t000" lemma="illusztráció" pos="NOUN">illusztrációkkal</instance>
         <wf lemma="tették" pos="X">tették</wf>
         <wf lemma="még" pos="X">még</wf>
         <wf lemma="élvezetesebbé" pos="X">élvezetesebbé</wf>
         <wf lemma="a" pos="X">a</wf>
         <wf lemma="tartalmat" pos="X">tartalmat</wf>
         <wf lemma="." pos="X">.</wf>
      </sentence>
      <sentence id="d000.s2075" source="wordnet-hungarian">
         <wf lemma="A" pos="X">A</wf>
         <wf lemma="Deutsche" pos="X">Deutsche</wf>
         <wf lemma="és" pos="X">és</wf>
         <wf lemma="a" pos="X">a</wf>
         <wf lemma="Dresdner" pos="X">Dresdner</wf>
         <instance id="d000.s2075.t000" lemma="cáfol" pos="VERB">cáfolja</instance>
         <wf lemma="az" pos="X">az</wf>
         <wf lemma="egyesülést" pos="X">egyesülést</wf>
         <wf lemma="." pos="X">.</wf>
      </sentence>
      <sentence id="d000.s2076" source="wordnet-hungarian">
         <wf lemma="A" pos="X">A</wf>
         <wf lemma="szög" pos="X">szög</wf>
         <instance id="d000.s2076.t000" lemma="szinusz" pos="NOUN">szinuszának</instance>
         <wf lemma="és" pos="X">és</wf>
         <wf lemma="koszinuszának" pos="X">koszinuszának</wf>
         <wf lemma="négyzetének" pos="X">négyzetének</wf>
         <wf lemma="összege" pos="X">összege</wf>
         <wf lemma="1." pos="X">1.</wf>
      </sentence>
      <sentence id="d000.s2077" source="wordnet-hungarian">
         <instance id="d000.s2077.t000" lemma="hát" pos="NOUN">Hátát</instance>
         <wf lemma="az" pos="X">az</wf>
         <wf lemma="ajtónak" pos="X">ajtónak</wf>
         <wf lemma="vetette" pos="X">vetette</wf>
         <wf lemma="és" pos="X">és</wf>
         <wf lemma="úgy" pos="X">úgy</wf>
         <wf lemma="tartotta" pos="X">tartotta</wf>
         <wf lemma="vissza" pos="X">vissza</wf>
         <wf lemma="a" pos="X">a</wf>
         <wf lemma="betóduló" pos="X">betóduló</wf>
         <wf lemma="tömeget" pos="X">tömeget</wf>
         <wf lemma="." pos="X">.</wf>
      </sentence>
      <sentence id="d000.s2078" source="wordnet-hungarian">
         <wf lemma="Pistát" pos="X">Pistát</wf>
         <wf lemma="végül" pos="X">végül</wf>
         <instance id="d000.s2078.t000" lemma="felment" pos="VERB">felmentették</instance>
         <wf lemma="a" pos="X">a</wf>
         <wf lemma="lúdlopás" pos="X">lúdlopás</wf>
         <wf lemma="vádja" pos="X">vádja</wf>
         <wf lemma="alól" pos="X">alól</wf>
         <wf lemma="." pos="X">.</wf>
      </sentence>
      <sentence id="d000.s2079" source="wordnet-hungarian">
         <wf lemma="A" pos="X">A</wf>
         <wf lemma="lefoglaló" pos="X">lefoglaló</wf>
         <wf lemma="hatóság" pos="X">hatóság</wf>
         <wf lemma="egyoldalú" pos="X">egyoldalú</wf>
         <wf lemma="rendelkezési" pos="X">rendelkezési</wf>
         <wf lemma="joga" pos="X">joga</wf>
         <wf lemma="a" pos="X">a</wf>
         <instance id="d000.s2079.t000" lemma="lefoglalás" pos="NOUN">lefoglalás</instance>
         <wf lemma="egész" pos="X">egész</wf>
         <wf lemma="ideje" pos="X">ideje</wf>
         <wf lemma="alatt" pos="X">alatt</wf>
         <wf lemma="fennáll" pos="X">fennáll</wf>
         <wf lemma="." pos="X">.</wf>
      </sentence>
      <sentence id="d000.s2080" source="wordnet-hungarian">
         <wf lemma="A" pos="X">A</wf>
         <instance id="d000.s2080.t000" lemma="döntőbíró" pos="NOUN">döntőbíró</instance>
         <wf lemma="ismertette" pos="X">ismertette</wf>
         <wf lemma="a" pos="X">a</wf>
         <wf lemma="felekkel" pos="X">felekkel</wf>
         <wf lemma="a" pos="X">a</wf>
         <wf lemma="döntőbíráskodás" pos="X">döntőbíráskodás</wf>
         <wf lemma="eljárásának" pos="X">eljárásának</wf>
         <wf lemma="menetét" pos="X">menetét</wf>
         <wf lemma="." pos="X">.</wf>
      </sentence>
      <sentence id="d000.s2081" source="wordnet-hungarian">
         <wf lemma="Az" pos="X">Az</wf>
         <wf lemma="új" pos="X">új</wf>
         <wf lemma="kollégánkat" pos="X">kollégánkat</wf>
         <wf lemma="a" pos="X">a</wf>
         <wf lemma="főnökünkhöz" pos="X">főnökünkhöz</wf>
         <instance id="d000.s2081.t000" lemma="visz" pos="VERB">vittük</instance>
         <wf lemma="megbeszélésre" pos="X">megbeszélésre</wf>
         <wf lemma="." pos="X">.</wf>
      </sentence>
      <sentence id="d000.s2082" source="wordnet-hungarian">
         <wf lemma="A" pos="X">A</wf>
         <wf lemma="titkárnő" pos="X">titkárnő</wf>
         <instance id="d000.s2082.t000" lemma="elrendez" pos="VERB">elrendezte</instance>
         <wf lemma="az" pos="X">az</wf>
         <wf lemma="adatokat" pos="X">adatokat</wf>
         <wf lemma="az" pos="X">az</wf>
         <wf lemma="adatbázisban" pos="X">adatbázisban</wf>
         <wf lemma="." pos="X">.</wf>
      </sentence>
      <sentence id="d000.s2083" source="wordnet-hungarian">
         <wf lemma="A" pos="X">A</wf>
         <instance id="d000.s2083.t000" lemma="műértő" pos="NOUN">műértőt</instance>
         <wf lemma="érdeklik" pos="X">érdeklik</wf>
         <wf lemma="a" pos="X">a</wf>
         <wf lemma="művek" pos="X">művek</wf>
         <wf lemma="," pos="X">,</wf>
         <wf lemma="majd" pos="X">majd</wf>
         <wf lemma="pedig" pos="X">pedig</wf>
         <wf lemma="a" pos="X">a</wf>
         <wf lemma="háttér" pos="X">háttér</wf>
         <wf lemma="," pos="X">,</wf>
         <wf lemma="ahol" pos="X">ahol</wf>
         <wf lemma="az" pos="X">az</wf>
         <wf lemma="alkotások" pos="X">alkotások</wf>
         <wf lemma="megszülettek" pos="X">megszülettek</wf>
         <wf lemma="." pos="X">.</wf>
      </sentence>
      <sentence id="d000.s2084" source="wordnet-hungarian">
         <wf lemma="Mi" pos="X">Mi</wf>
         <wf lemma="a" pos="X">a</wf>
         <wf lemma="népszerűbb" pos="X">népszerűbb</wf>
         <wf lemma="manapság" pos="X">manapság</wf>
         <wf lemma="?" pos="X">?</wf>
         <wf lemma="A" pos="X">A</wf>
         <wf lemma="vers" pos="X">vers</wf>
         <wf lemma="vagy" pos="X">vagy</wf>
         <wf lemma="a" pos="X">a</wf>
         <instance id="d000.s2084.t000" lemma="próza" pos="NOUN">próza</instance>
         <wf lemma="?" pos="X">?</wf>
      </sentence>
      <sentence id="d000.s2085" source="wordnet-hungarian">
         <wf lemma="A" pos="X">A</wf>
         <wf lemma="nevekből" pos="X">nevekből</wf>
         <wf lemma="látszik" pos="X">látszik</wf>
         <wf lemma="," pos="X">,</wf>
         <wf lemma="hogy" pos="X">hogy</wf>
         <wf lemma="a" pos="X">a</wf>
         <instance id="d000.s2085.t000" lemma="szász" pos="NOUN">szászok</instance>
         <wf lemma="nyelve" pos="X">nyelve</wf>
         <wf lemma="és" pos="X">és</wf>
         <wf lemma="a" pos="X">a</wf>
         <wf lemma="vikingek" pos="X">vikingek</wf>
         <wf lemma="nyelve" pos="X">nyelve</wf>
         <wf lemma="azonos" pos="X">azonos</wf>
         <wf lemma="." pos="X">.</wf>
      </sentence>
      <sentence id="d000.s2086" source="wordnet-hungarian">
         <wf lemma="A" pos="X">A</wf>
         <wf lemma="hivatás" pos="X">hivatás</wf>
         <wf lemma="megtalálása" pos="X">megtalálása</wf>
         <wf lemma="általában" pos="X">általában</wf>
         <wf lemma="hosszú" pos="X">hosszú</wf>
         <instance id="d000.s2086.t000" lemma="folyamat" pos="NOUN">folyamat</instance>
         <wf lemma="." pos="X">.</wf>
      </sentence>
      <sentence id="d000.s2087" source="wordnet-hungarian">
         <wf lemma="A" pos="X">A</wf>
         <instance id="d000.s2087.t000" lemma="varrás" pos="NOUN">varrás</instance>
         <wf lemma="fortélyait" pos="X">fortélyait</wf>
         <wf lemma="nagyapjától" pos="X">nagyapjától</wf>
         <wf lemma="tanulta" pos="X">tanulta</wf>
         <wf lemma="el" pos="X">el</wf>
         <wf lemma="," pos="X">,</wf>
         <wf lemma="majd" pos="X">majd</wf>
         <wf lemma="át" pos="X">át</wf>
         <wf lemma="is" pos="X">is</wf>
         <wf lemma="vette" pos="X">vette</wf>
         <wf lemma="tőle" pos="X">tőle</wf>
         <wf lemma="a" pos="X">a</wf>
         <wf lemma="varrodát" pos="X">varrodát</wf>
         <wf lemma="." pos="X">.</wf>
      </sentence>
      <sentence id="d000.s2088" source="wordnet-hungarian">
         <wf lemma="Az" pos="X">Az</wf>
         <wf lemma="első" pos="X">első</wf>
         <instance id="d000.s2088.t000" lemma="kolónia" pos="NOUN">kolóniák</instance>
         <wf lemma="még" pos="X">még</wf>
         <wf lemma="nagy" pos="X">nagy</wf>
         <wf lemma="mértékben" pos="X">mértékben</wf>
         <wf lemma="függtek" pos="X">függtek</wf>
         <wf lemma="az" pos="X">az</wf>
         <wf lemma="anyaországtól" pos="X">anyaországtól</wf>
         <wf lemma="." pos="X">.</wf>
      </sentence>
      <sentence id="d000.s2089" source="wordnet-hungarian">
         <wf lemma="A" pos="X">A</wf>
         <instance id="d000.s2089.t000" lemma="jegyzék" pos="NOUN">jegyzék</instance>
         <wf lemma="nem" pos="X">nem</wf>
         <wf lemma="tartalmazott" pos="X">tartalmazott</wf>
         <wf lemma="minden" pos="X">minden</wf>
         <wf lemma="kiadást" pos="X">kiadást</wf>
         <wf lemma="." pos="X">.</wf>
      </sentence>
      <sentence id="d000.s2090" source="wordnet-hungarian">
         <wf lemma="A" pos="X">A</wf>
         <wf lemma="szél" pos="X">szél</wf>
         <wf lemma="a" pos="X">a</wf>
         <wf lemma="kerítés" pos="X">kerítés</wf>
         <wf lemma="mellé" pos="X">mellé</wf>
         <instance id="d000.s2090.t000" lemma="terel" pos="VERB">terelte</instance>
         <wf lemma="a" pos="X">a</wf>
         <wf lemma="labdát" pos="X">labdát</wf>
         <wf lemma="." pos="X">.</wf>
      </sentence>
      <sentence id="d000.s2091" source="wordnet-hungarian">
         <wf lemma="Ez" pos="X">Ez</wf>
         <wf lemma="az" pos="X">az</wf>
         <wf lemma="ökölvívő" pos="X">ökölvívő</wf>
         <wf lemma="egy" pos="X">egy</wf>
         <wf lemma="tökéletes" pos="X">tökéletes</wf>
         <wf lemma="harcoló" pos="X">harcoló</wf>
         <instance id="d000.s2091.t000" lemma="gép" pos="NOUN">gép</instance>
         <wf lemma="." pos="X">.</wf>
      </sentence>
      <sentence id="d000.s2092" source="wordnet-hungarian">
         <wf lemma="Az" pos="X">Az</wf>
         <instance id="d000.s2092.t000" lemma="ős" pos="NOUN">ősei</instance>
         <wf lemma="természetét" pos="X">természetét</wf>
         <wf lemma="örökölte" pos="X">örökölte</wf>
         <wf lemma="." pos="X">.</wf>
      </sentence>
      <sentence id="d000.s2093" source="wordnet-hungarian">
         <wf lemma="Nem" pos="X">Nem</wf>
         <wf lemma="tudom" pos="X">tudom</wf>
         <instance id="d000.s2093.t000" lemma="összekapcsol" pos="VERB">összekapcsolni</instance>
         <wf lemma="a" pos="X">a</wf>
         <wf lemma="fejemben" pos="X">fejemben</wf>
         <wf lemma="ezt" pos="X">ezt</wf>
         <wf lemma="a" pos="X">a</wf>
         <wf lemma="két" pos="X">két</wf>
         <wf lemma="bizonyítékot" pos="X">bizonyítékot</wf>
         <wf lemma="." pos="X">.</wf>
      </sentence>
      <sentence id="d000.s2094" source="wordnet-hungarian">
         <wf lemma="AZ" pos="X">AZ</wf>
         <wf lemma="EU" pos="X">EU</wf>
         <instance id="d000.s2094.t000" lemma="törvényhozó" pos="NOUN">törvényhozók</instance>
         <wf lemma="megfontolják" pos="X">megfontolják</wf>
         <wf lemma="az" pos="X">az</wf>
         <wf lemma="email" pos="X">email</wf>
         <wf lemma="és" pos="X">és</wf>
         <wf lemma="az" pos="X">az</wf>
         <wf lemma="SMS" pos="X">SMS</wf>
         <wf lemma="megadóztatását" pos="X">megadóztatását</wf>
         <wf lemma="." pos="X">.</wf>
      </sentence>
      <sentence id="d000.s2095" source="wordnet-hungarian">
         <wf lemma="Nem" pos="X">Nem</wf>
         <wf lemma="adott" pos="X">adott</wf>
         <instance id="d000.s2095.t000" lemma="borravaló" pos="NOUN">borravalót</instance>
         <wf lemma="a" pos="X">a</wf>
         <wf lemma="pincérnek" pos="X">pincérnek</wf>
         <wf lemma="." pos="X">.</wf>
      </sentence>
      <sentence id="d000.s2096" source="wordnet-hungarian">
         <wf lemma="Beváltott" pos="X">Beváltott</wf>
         <wf lemma="egy" pos="X">egy</wf>
         <wf lemma="csekket" pos="X">csekket</wf>
         <wf lemma="a" pos="X">a</wf>
         <instance id="d000.s2096.t000" lemma="bank" pos="NOUN">bankban</instance>
         <wf lemma="." pos="X">.</wf>
      </sentence>
      <sentence id="d000.s2097" source="wordnet-hungarian">
         <wf lemma="Ettem" pos="X">Ettem</wf>
         <wf lemma="egy" pos="X">egy</wf>
         <instance id="d000.s2097.t000" lemma="tányér" pos="NOUN">tányér</instance>
         <wf lemma="levest" pos="X">levest</wf>
         <wf lemma="." pos="X">.</wf>
      </sentence>
      <sentence id="d000.s2098" source="wordnet-hungarian">
         <wf lemma="A" pos="X">A</wf>
         <wf lemma="gyakran" pos="X">gyakran</wf>
         <wf lemma="emlegetett" pos="X">emlegetett</wf>
         <wf lemma="erények" pos="X">erények</wf>
         <wf lemma="között" pos="X">között</wf>
         <wf lemma="a" pos="X">a</wf>
         <wf lemma="militarista" pos="X">militarista</wf>
         <wf lemma="tulajdonságok" pos="X">tulajdonságok</wf>
         <wf lemma="szerepeltek" pos="X">szerepeltek</wf>
         <wf lemma=":" pos="X">:</wf>
         <wf lemma="a" pos="X">a</wf>
         <wf lemma="bátorság" pos="X">bátorság</wf>
         <wf lemma="," pos="X">,</wf>
         <wf lemma="a" pos="X">a</wf>
         <instance id="d000.s2098.t000" lemma="hősiesség" pos="NOUN">hősiesség</instance>
         <wf lemma="," pos="X">,</wf>
         <wf lemma="a" pos="X">a</wf>
         <wf lemma="harcban" pos="X">harcban</wf>
         <wf lemma="való" pos="X">való</wf>
         <wf lemma="helytállás" pos="X">helytállás</wf>
         <wf lemma="." pos="X">.</wf>
      </sentence>
      <sentence id="d000.s2099" source="wordnet-hungarian">
         <wf lemma="Egy" pos="X">Egy</wf>
         <instance id="d000.s2099.t000" lemma="tál" pos="NOUN">tál</instance>
         <wf lemma="somlói" pos="X">somlói</wf>
         <wf lemma="galuskával" pos="X">galuskával</wf>
         <wf lemma="állított" pos="X">állított</wf>
         <wf lemma="be" pos="X">be</wf>
         <wf lemma="a" pos="X">a</wf>
         <wf lemma="szomszéd" pos="X">szomszéd</wf>
         <wf lemma="néni" pos="X">néni</wf>
         <wf lemma="." pos="X">.</wf>
      </sentence>
      <sentence id="d000.s2100" source="wordnet-hungarian">
         <wf lemma="Az" pos="X">Az</wf>
         <wf lemma="articsóka" pos="X">articsóka</wf>
         <wf lemma="levelét" pos="X">levelét</wf>
         <wf lemma="és" pos="X">és</wf>
         <wf lemma="fiatal" pos="X">fiatal</wf>
         <instance id="d000.s2100.t000" lemma="virágzat" pos="NOUN">virágzatát</instance>
         <wf lemma="nagyon" pos="X">nagyon</wf>
         <wf lemma="szívesen" pos="X">szívesen</wf>
         <wf lemma="fogyasztják" pos="X">fogyasztják</wf>
         <wf lemma="előételként" pos="X">előételként</wf>
         <wf lemma="." pos="X">.</wf>
      </sentence>
      <sentence id="d000.s2101" source="wordnet-hungarian">
         <wf lemma="Dömötör" pos="X">Dömötör</wf>
         <wf lemma="a" pos="X">a</wf>
         <wf lemma="sok" pos="X">sok</wf>
         <wf lemma="ivás" pos="X">ivás</wf>
         <wf lemma="után" pos="X">után</wf>
         <wf lemma="a" pos="X">a</wf>
         <wf lemma="bokorba" pos="X">bokorba</wf>
         <instance id="d000.s2101.t000" lemma="rókázik" pos="VERB">rókázott</instance>
         <wf lemma="." pos="X">.</wf>
      </sentence>
      <sentence id="d000.s2102" source="wordnet-hungarian">
         <wf lemma="Választhat" pos="X">Választhat</wf>
         <wf lemma="forralt" pos="X">forralt</wf>
         <wf lemma="bor" pos="X">bor</wf>
         <wf lemma="," pos="X">,</wf>
         <instance id="d000.s2102.t000" lemma="grog" pos="NOUN">grog</instance>
         <wf lemma="," pos="X">,</wf>
         <wf lemma="ízletes" pos="X">ízletes</wf>
         <wf lemma="karácsonyi" pos="X">karácsonyi</wf>
         <wf lemma="teák" pos="X">teák</wf>
         <wf lemma="közül" pos="X">közül</wf>
         <wf lemma="," pos="X">,</wf>
         <wf lemma="szolgálhatunk" pos="X">szolgálhatunk</wf>
         <wf lemma="sült" pos="X">sült</wf>
         <wf lemma="gesztenyével" pos="X">gesztenyével</wf>
         <wf lemma="," pos="X">,</wf>
         <wf lemma="sütőtökkel" pos="X">sütőtökkel</wf>
         <wf lemma="," pos="X">,</wf>
         <wf lemma="sajttal" pos="X">sajttal</wf>
         <wf lemma="bevont" pos="X">bevont</wf>
         <wf lemma="sült" pos="X">sült</wf>
         <wf lemma="krumplival" pos="X">krumplival</wf>
         <wf lemma="," pos="X">,</wf>
         <wf lemma="vajas" pos="X">vajas</wf>
         <wf lemma="és" pos="X">és</wf>
         <wf lemma="tepertős" pos="X">tepertős</wf>
         <wf lemma="pogácsával" pos="X">pogácsával</wf>
         <wf lemma="," pos="X">,</wf>
         <wf lemma="fokhagymás" pos="X">fokhagymás</wf>
         <wf lemma="mini" pos="X">mini</wf>
         <wf lemma="lángossal" pos="X">lángossal</wf>
         <wf lemma="," pos="X">,</wf>
         <wf lemma="kürtőskaláccsal" pos="X">kürtőskaláccsal</wf>
         <wf lemma="." pos="X">.</wf>
      </sentence>
      <sentence id="d000.s2103" source="wordnet-hungarian">
         <wf lemma="A" pos="X">A</wf>
         <wf lemma="születéstől" pos="X">születéstől</wf>
         <wf lemma="halálig" pos="X">halálig</wf>
         <wf lemma="tartó" pos="X">tartó</wf>
         <instance id="d000.s2103.t000" lemma="időszak" pos="NOUN">időszak</instance>
         <wf lemma="akár" pos="X">akár</wf>
         <wf lemma="120-130" pos="X">120-130</wf>
         <wf lemma="év" pos="X">év</wf>
         <wf lemma="is" pos="X">is</wf>
         <wf lemma="lehetne" pos="X">lehetne</wf>
         <wf lemma="." pos="X">.</wf>
      </sentence>
      <sentence id="d000.s2104" source="wordnet-hungarian">
         <wf lemma="Az" pos="X">Az</wf>
         <wf lemma="ellentétek" pos="X">ellentétek</wf>
         <wf lemma="még" pos="X">még</wf>
         <wf lemma="sokáig" pos="X">sokáig</wf>
         <instance id="d000.s2104.t000" lemma="fennmarad" pos="VERB">fennmaradtak</instance>
         <wf lemma="." pos="X">.</wf>
      </sentence>
      <sentence id="d000.s2105" source="wordnet-hungarian">
         <wf lemma="A" pos="X">A</wf>
         <instance id="d000.s2105.t000" lemma="termesz" pos="NOUN">termesz</instance>
         <wf lemma="dolgozók" pos="X">dolgozók</wf>
         <wf lemma="hím-" pos="X">hím-</wf>
         <wf lemma="és" pos="X">és</wf>
         <wf lemma="nőneműek" pos="X">nőneműek</wf>
         <wf lemma="egyaránt" pos="X">egyaránt</wf>
         <wf lemma="lehetnek" pos="X">lehetnek</wf>
         <wf lemma="," pos="X">,</wf>
         <wf lemma="a" pos="X">a</wf>
         <wf lemma="hangyáknál" pos="X">hangyáknál</wf>
         <wf lemma="," pos="X">,</wf>
         <wf lemma="méheknél" pos="X">méheknél</wf>
         <wf lemma="és" pos="X">és</wf>
         <wf lemma="darazsaknál" pos="X">darazsaknál</wf>
         <wf lemma="azonban" pos="X">azonban</wf>
         <wf lemma="minden" pos="X">minden</wf>
         <wf lemma="dolgozó" pos="X">dolgozó</wf>
         <wf lemma="nőstény" pos="X">nőstény</wf>
         <wf lemma="." pos="X">.</wf>
      </sentence>
      <sentence id="d000.s2106" source="wordnet-hungarian">
         <instance id="d000.s2106.t000" lemma="timgad" pos="NOUN">Timgad</instance>
         <wf lemma="a" pos="X">a</wf>
         <wf lemma="világörökség" pos="X">világörökség</wf>
         <wf lemma="része" pos="X">része</wf>
         <wf lemma="." pos="X">.</wf>
      </sentence>
      <sentence id="d000.s2107" source="wordnet-hungarian">
         <wf lemma="Utálom" pos="X">Utálom</wf>
         <wf lemma="a" pos="X">a</wf>
         <instance id="d000.s2107.t000" lemma="kőrisfa" pos="NOUN">kőrisfát</instance>
         <wf lemma="," pos="X">,</wf>
         <wf lemma="mert" pos="X">mert</wf>
         <wf lemma="nyaranta" pos="X">nyaranta</wf>
         <wf lemma="több" pos="X">több</wf>
         <wf lemma="hullámban" pos="X">hullámban</wf>
         <wf lemma="kőrisbogarak" pos="X">kőrisbogarak</wf>
         <wf lemma="lepik" pos="X">lepik</wf>
         <wf lemma="el" pos="X">el</wf>
         <wf lemma="," pos="X">,</wf>
         <wf lemma="borzalmas" pos="X">borzalmas</wf>
         <wf lemma="bűzt" pos="X">bűzt</wf>
         <wf lemma="okozva" pos="X">okozva</wf>
         <wf lemma="." pos="X">.</wf>
      </sentence>
      <sentence id="d000.s2108" source="wordnet-hungarian">
         <wf lemma="Lajoska" pos="X">Lajoska</wf>
         <instance id="d000.s2108.t000" lemma="összekever" pos="VERB">összekeverte</instance>
         <wf lemma="a" pos="X">a</wf>
         <wf lemma="papírokat" pos="X">papírokat</wf>
         <wf lemma="." pos="X">.</wf>
      </sentence>
      <sentence id="d000.s2109" source="wordnet-hungarian">
         <wf lemma="A" pos="X">A</wf>
         <wf lemma="kelta" pos="X">kelta</wf>
         <wf lemma="befolyásnak" pos="X">befolyásnak</wf>
         <wf lemma="köszönhető" pos="X">köszönhető</wf>
         <wf lemma="elsősorban" pos="X">elsősorban</wf>
         <wf lemma="," pos="X">,</wf>
         <wf lemma="hogy" pos="X">hogy</wf>
         <wf lemma="az" pos="X">az</wf>
         <instance id="d000.s2109.t000" lemma="izlandi" pos="NOUN">izlandiak</instance>
         <wf lemma="különböznek" pos="X">különböznek</wf>
         <wf lemma="a" pos="X">a</wf>
         <wf lemma="norvégoktól" pos="X">norvégoktól</wf>
         <wf lemma="." pos="X">.</wf>
      </sentence>
      <sentence id="d000.s2110" source="wordnet-hungarian">
         <wf lemma="Ezt" pos="X">Ezt</wf>
         <wf lemma="vették" pos="X">vették</wf>
         <wf lemma="minden" pos="X">minden</wf>
         <wf lemma="soron" pos="X">soron</wf>
         <wf lemma="következő" pos="X">következő</wf>
         <wf lemma="munka" pos="X">munka</wf>
         <instance id="d000.s2110.t000" lemma="mérték" pos="NOUN">mértékének</instance>
         <wf lemma="." pos="X">.</wf>
      </sentence>
      <sentence id="d000.s2111" source="wordnet-hungarian">
         <wf lemma="az" pos="X">az</wf>
         <wf lemma="&amp;quot;alma&amp;quot" pos="X">&amp;quot;alma&amp;quot</wf>
         <wf lemma=";" pos="X">;</wf>
         <wf lemma="szó" pos="X">szó</wf>
         <wf lemma="három" pos="X">három</wf>
         <instance id="d000.s2111.t000" lemma="fajta" pos="NOUN">fajta</instance>
         <wf lemma="betűt" pos="X">betűt</wf>
         <wf lemma="tartalmaz" pos="X">tartalmaz</wf>
         <wf lemma="." pos="X">.</wf>
      </sentence>
      <sentence id="d000.s2112" source="wordnet-hungarian">
         <wf lemma="Képzett" pos="X">Képzett</wf>
         <wf lemma="bevándorlókat" pos="X">bevándorlókat</wf>
         <wf lemma="várnak" pos="X">várnak</wf>
         <wf lemma="," pos="X">,</wf>
         <wf lemma="de" pos="X">de</wf>
         <wf lemma="a" pos="X">a</wf>
         <instance id="d000.s2112.t000" lemma="tudatlan" pos="NOUN">tudatlanokat</instance>
         <wf lemma="távol" pos="X">távol</wf>
         <wf lemma="tartanának" pos="X">tartanának</wf>
         <wf lemma="a" pos="X">a</wf>
         <wf lemma="franciák" pos="X">franciák</wf>
         <wf lemma="." pos="X">.</wf>
      </sentence>
      <sentence id="d000.s2113" source="wordnet-hungarian">
         <wf lemma="A" pos="X">A</wf>
         <wf lemma="cipőjét" pos="X">cipőjét</wf>
         <wf lemma="a" pos="X">a</wf>
         <wf lemma="sarki" pos="X">sarki</wf>
         <instance id="d000.s2113.t000" lemma="bolt" pos="NOUN">boltban</instance>
         <wf lemma="vette" pos="X">vette</wf>
         <wf lemma="." pos="X">.</wf>
      </sentence>
      <sentence id="d000.s2114" source="wordnet-hungarian">
         <wf lemma="Porzik" pos="X">Porzik</wf>
         <wf lemma="a" pos="X">a</wf>
         <instance id="d000.s2114.t000" lemma="szárazság" pos="NOUN">szárazságtól</instance>
         <wf lemma="." pos="X">.</wf>
      </sentence>
      <sentence id="d000.s2115" source="wordnet-hungarian">
         <wf lemma="Érdekes" pos="X">Érdekes</wf>
         <instance id="d000.s2115.t000" lemma="történet" pos="NOUN">történeteket</instance>
         <wf lemma="mesélt" pos="X">mesélt</wf>
         <wf lemma="külföldi" pos="X">külföldi</wf>
         <wf lemma="útjairól" pos="X">útjairól</wf>
         <wf lemma="." pos="X">.</wf>
      </sentence>
      <sentence id="d000.s2116" source="wordnet-hungarian">
         <wf lemma="A" pos="X">A</wf>
         <instance id="d000.s2116.t000" lemma="horgászbot" pos="NOUN">horgászbotnak</instance>
         <wf lemma="könnyűnek" pos="X">könnyűnek</wf>
         <wf lemma="kell" pos="X">kell</wf>
         <wf lemma="lennie" pos="X">lennie</wf>
         <wf lemma="." pos="X">.</wf>
      </sentence>
      <sentence id="d000.s2117" source="wordnet-hungarian">
         <wf lemma="Ezzel" pos="X">Ezzel</wf>
         <wf lemma="az" pos="X">az</wf>
         <instance id="d000.s2117.t000" lemma="ütés" pos="NOUN">ütéssel</instance>
         <wf lemma="a" pos="X">a</wf>
         <wf lemma="játékos" pos="X">játékos</wf>
         <wf lemma="egyszerre" pos="X">egyszerre</wf>
         <wf lemma="két" pos="X">két</wf>
         <wf lemma="bázist" pos="X">bázist</wf>
         <wf lemma="tud" pos="X">tud</wf>
         <wf lemma="haladni" pos="X">haladni</wf>
         <wf lemma="." pos="X">.</wf>
      </sentence>
      <sentence id="d000.s2118" source="wordnet-hungarian">
         <wf lemma="a" pos="X">a</wf>
         <wf lemma="hajóskapitány" pos="X">hajóskapitány</wf>
         <wf lemma="lelkesen" pos="X">lelkesen</wf>
         <wf lemma="beszélt" pos="X">beszélt</wf>
         <wf lemma="a" pos="X">a</wf>
         <wf lemma="korszerű" pos="X">korszerű</wf>
         <instance id="d000.s2118.t000" lemma="hajóépítés" pos="NOUN">hajóépítésről</instance>
         <wf lemma="." pos="X">.</wf>
      </sentence>
      <sentence id="d000.s2119" source="wordnet-hungarian">
         <wf lemma="Egyed" pos="X">Egyed</wf>
         <wf lemma="gazda" pos="X">gazda</wf>
         <instance id="d000.s2119.t000" lemma="mordály" pos="NOUN">mordályának</instance>
         <wf lemma="akkora" pos="X">akkora</wf>
         <wf lemma="szája" pos="X">szája</wf>
         <wf lemma="volt" pos="X">volt</wf>
         <wf lemma="," pos="X">,</wf>
         <wf lemma="mint" pos="X">mint</wf>
         <wf lemma="egy" pos="X">egy</wf>
         <wf lemma="trombita" pos="X">trombita</wf>
         <wf lemma="." pos="X">.</wf>
      </sentence>
      <sentence id="d000.s2120" source="wordnet-hungarian">
         <wf lemma="Samu" pos="X">Samu</wf>
         <wf lemma="még" pos="X">még</wf>
         <wf lemma="sohasem" pos="X">sohasem</wf>
         <wf lemma="látott" pos="X">látott</wf>
         <instance id="d000.s2120.t000" lemma="elefánt" pos="NOUN">elefántot</instance>
         <wf lemma="." pos="X">.</wf>
      </sentence>
      <sentence id="d000.s2121" source="wordnet-hungarian">
         <wf lemma="Van" pos="X">Van</wf>
         <instance id="d000.s2121.t000" lemma="név" pos="NOUN">neved</instance>
         <wf lemma="is" pos="X">is</wf>
         <wf lemma="," pos="X">,</wf>
         <wf lemma="vagy" pos="X">vagy</wf>
         <wf lemma="csak" pos="X">csak</wf>
         <wf lemma="hívjalak" pos="X">hívjalak</wf>
         <wf lemma="Valakinek" pos="X">Valakinek</wf>
         <wf lemma="?" pos="X">?</wf>
      </sentence>
      <sentence id="d000.s2122" source="wordnet-hungarian">
         <wf lemma="Ahol" pos="X">Ahol</wf>
         <wf lemma="kemény" pos="X">kemény</wf>
         <wf lemma="az" pos="X">az</wf>
         <wf lemma="alapkőzet" pos="X">alapkőzet</wf>
         <wf lemma="ott" pos="X">ott</wf>
         <wf lemma="az" pos="X">az</wf>
         <instance id="d000.s2122.t000" lemma="akác" pos="NOUN">akác</instance>
         <wf lemma="előretörése" pos="X">előretörése</wf>
         <wf lemma="nem" pos="X">nem</wf>
         <wf lemma="jellemző" pos="X">jellemző</wf>
         <wf lemma="." pos="X">.</wf>
      </sentence>
      <sentence id="d000.s2123" source="wordnet-hungarian">
         <wf lemma="A" pos="X">A</wf>
         <wf lemma="nagykövet" pos="X">nagykövet</wf>
         <wf lemma="holnap" pos="X">holnap</wf>
         <wf lemma="fogadást" pos="X">fogadást</wf>
         <instance id="d000.s2123.t000" lemma="ad" pos="VERB">ad</instance>
         <wf lemma="a" pos="X">a</wf>
         <wf lemma="miniszterelnök" pos="X">miniszterelnök</wf>
         <wf lemma="tiszteletére" pos="X">tiszteletére</wf>
         <wf lemma="." pos="X">.</wf>
      </sentence>
      <sentence id="d000.s2124" source="wordnet-hungarian">
         <wf lemma="A" pos="X">A</wf>
         <wf lemma="törzsek" pos="X">törzsek</wf>
         <instance id="d000.s2124.t000" lemma="harcol" pos="VERB">harcoltak</instance>
         <wf lemma="egymással" pos="X">egymással</wf>
         <wf lemma="." pos="X">.</wf>
      </sentence>
      <sentence id="d000.s2125" source="wordnet-hungarian">
         <wf lemma="Az" pos="X">Az</wf>
         <instance id="d000.s2125.t000" lemma="elnök" pos="NOUN">elnök</instance>
         <wf lemma="összehívta" pos="X">összehívta</wf>
         <wf lemma="a" pos="X">a</wf>
         <wf lemma="vállalat" pos="X">vállalat</wf>
         <wf lemma="vezetőségét" pos="X">vezetőségét</wf>
         <wf lemma="." pos="X">.</wf>
      </sentence>
      <sentence id="d000.s2126" source="wordnet-hungarian">
         <wf lemma="A" pos="X">A</wf>
         <wf lemma="rozskenyerek" pos="X">rozskenyerek</wf>
         <wf lemma="jellegzetes" pos="X">jellegzetes</wf>
         <wf lemma="savanykás" pos="X">savanykás</wf>
         <wf lemma="ízét" pos="X">ízét</wf>
         <wf lemma="a" pos="X">a</wf>
         <instance id="d000.s2126.t000" lemma="kovász" pos="NOUN">kovász</instance>
         <wf lemma="adja" pos="X">adja</wf>
         <wf lemma="." pos="X">.</wf>
      </sentence>
      <sentence id="d000.s2127" source="wordnet-hungarian">
         <wf lemma="A" pos="X">A</wf>
         <wf lemma="két" pos="X">két</wf>
         <wf lemma="anyag" pos="X">anyag</wf>
         <instance id="d000.s2127.t000" lemma="kompozíció" pos="NOUN">kompozíciója</instance>
         <wf lemma="szúrós" pos="X">szúrós</wf>
         <wf lemma="szagú" pos="X">szagú</wf>
         <wf lemma="." pos="X">.</wf>
      </sentence>
      <sentence id="d000.s2128" source="wordnet-hungarian">
         <wf lemma="a" pos="X">a</wf>
         <wf lemma="foglyok" pos="X">foglyok</wf>
         <instance id="d000.s2128.t000" lemma="csere" pos="NOUN">cseréje</instance>
         <wf lemma="rendben" pos="X">rendben</wf>
         <wf lemma="zajlott" pos="X">zajlott</wf>
         <wf lemma="." pos="X">.</wf>
      </sentence>
      <sentence id="d000.s2129" source="wordnet-hungarian">
         <wf lemma="A" pos="X">A</wf>
         <wf lemma="jezsuiták" pos="X">jezsuiták</wf>
         <wf lemma="Lourdes-i" pos="X">Lourdes-i</wf>
         <wf lemma="zarándoklattal" pos="X">zarándoklattal</wf>
         <wf lemma="ünnepelték" pos="X">ünnepelték</wf>
         <wf lemma="a" pos="X">a</wf>
         <wf lemma="rend" pos="X">rend</wf>
         <wf lemma="hármas" pos="X">hármas</wf>
         <instance id="d000.s2129.t000" lemma="jubileum" pos="NOUN">jubileumát</instance>
         <wf lemma="." pos="X">.</wf>
      </sentence>
      <sentence id="d000.s2130" source="wordnet-hungarian">
         <wf lemma="A" pos="X">A</wf>
         <wf lemma="pereskedő" pos="X">pereskedő</wf>
         <wf lemma="felek" pos="X">felek</wf>
         <wf lemma="végre" pos="X">végre</wf>
         <instance id="d000.s2130.t000" lemma="rendez" pos="VERB">rendezték</instance>
         <wf lemma="ügyeiket" pos="X">ügyeiket</wf>
         <wf lemma="." pos="X">.</wf>
      </sentence>
      <sentence id="d000.s2131" source="wordnet-hungarian">
         <wf lemma="A" pos="X">A</wf>
         <wf lemma="villódzás" pos="X">villódzás</wf>
         <wf lemma="a" pos="X">a</wf>
         <wf lemma="sarki" pos="X">sarki</wf>
         <wf lemma="égen" pos="X">égen</wf>
         <wf lemma="a" pos="X">a</wf>
         <wf lemma="fény" pos="X">fény</wf>
         <instance id="d000.s2131.t000" lemma="játék" pos="NOUN">játéka</instance>
         <wf lemma="." pos="X">.</wf>
      </sentence>
      <sentence id="d000.s2132" source="wordnet-hungarian">
         <wf lemma="A" pos="X">A</wf>
         <wf lemma="latin" pos="X">latin</wf>
         <wf lemma="országokban" pos="X">országokban</wf>
         <wf lemma="már" pos="X">már</wf>
         <wf lemma="rég" pos="X">rég</wf>
         <wf lemma="tudják" pos="X">tudják</wf>
         <wf lemma="azt" pos="X">azt</wf>
         <wf lemma="is" pos="X">is</wf>
         <wf lemma="," pos="X">,</wf>
         <wf lemma="hogy" pos="X">hogy</wf>
         <wf lemma="a" pos="X">a</wf>
         <instance id="d000.s2132.t000" lemma="zselatin" pos="NOUN">zselatin</instance>
         <wf lemma="a" pos="X">a</wf>
         <wf lemma="haj" pos="X">haj</wf>
         <wf lemma="és" pos="X">és</wf>
         <wf lemma="a" pos="X">a</wf>
         <wf lemma="köröm" pos="X">köröm</wf>
         <wf lemma="növesztésének" pos="X">növesztésének</wf>
         <wf lemma="az" pos="X">az</wf>
         <wf lemma="egyik" pos="X">egyik</wf>
         <wf lemma="legalkalmasabb" pos="X">legalkalmasabb</wf>
         <wf lemma="eszköze" pos="X">eszköze</wf>
         <wf lemma="." pos="X">.</wf>
      </sentence>
      <sentence id="d000.s2133" source="wordnet-hungarian">
         <wf lemma="A" pos="X">A</wf>
         <wf lemma="táplálék" pos="X">táplálék</wf>
         <wf lemma="akár" pos="X">akár</wf>
         <wf lemma="egy" pos="X">egy</wf>
         <wf lemma="hónapot" pos="X">hónapot</wf>
         <wf lemma="is" pos="X">is</wf>
         <wf lemma="elidőzhet" pos="X">elidőzhet</wf>
         <wf lemma="a" pos="X">a</wf>
         <instance id="d000.s2133.t000" lemma="lajhár" pos="NOUN">lajhár</instance>
         <wf lemma="emésztőrendszerében" pos="X">emésztőrendszerében</wf>
         <wf lemma="." pos="X">.</wf>
      </sentence>
      <sentence id="d000.s2134" source="wordnet-hungarian">
         <wf lemma="Versemben" pos="X">Versemben</wf>
         <wf lemma="a" pos="X">a</wf>
         <wf lemma="szavakat" pos="X">szavakat</wf>
         <wf lemma="rímelő" pos="X">rímelő</wf>
         <instance id="d000.s2134.t000" lemma="lánc" pos="NOUN">láncba</instance>
         <wf lemma="fűzöm" pos="X">fűzöm</wf>
         <wf lemma="." pos="X">.</wf>
      </sentence>
      <sentence id="d000.s2135" source="wordnet-hungarian">
         <wf lemma="Rövid" pos="X">Rövid</wf>
         <wf lemma="volt" pos="X">volt</wf>
         <wf lemma="az" pos="X">az</wf>
         <instance id="d000.s2135.t000" lemma="éjszaka" pos="NOUN">éjszaka</instance>
         <wf lemma="." pos="X">.</wf>
      </sentence>
      <sentence id="d000.s2136" source="wordnet-hungarian">
         <instance id="d000.s2136.t000" lemma="pihenőnap" pos="NOUN">Pihenőnapokon</instance>
         <wf lemma="nem" pos="X">nem</wf>
         <wf lemma="hajlandó" pos="X">hajlandó</wf>
         <wf lemma="bemenni" pos="X">bemenni</wf>
         <wf lemma="az" pos="X">az</wf>
         <wf lemma="irodába" pos="X">irodába</wf>
         <wf lemma="." pos="X">.</wf>
      </sentence>
      <sentence id="d000.s2137" source="wordnet-hungarian">
         <wf lemma="Gyakorlattal" pos="X">Gyakorlattal</wf>
         <wf lemma="rendelkező" pos="X">rendelkező</wf>
         <instance id="d000.s2137.t000" lemma="látszerész" pos="NOUN">látszerészt</instance>
         <wf lemma="keresünk" pos="X">keresünk</wf>
         <wf lemma="esztergomi" pos="X">esztergomi</wf>
         <wf lemma="optikai" pos="X">optikai</wf>
         <wf lemma="üzletünkbe" pos="X">üzletünkbe</wf>
         <wf lemma="." pos="X">.</wf>
      </sentence>
      <sentence id="d000.s2138" source="wordnet-hungarian">
         <wf lemma="Gyerekkoromban" pos="X">Gyerekkoromban</wf>
         <wf lemma="raccsolásom" pos="X">raccsolásom</wf>
         <wf lemma="miatt" pos="X">miatt</wf>
         <instance id="d000.s2138.t000" lemma="logopédus" pos="NOUN">logopédushoz</instance>
         <wf lemma="kellett" pos="X">kellett</wf>
         <wf lemma="járnom" pos="X">járnom</wf>
         <wf lemma="." pos="X">.</wf>
      </sentence>
      <sentence id="d000.s2139" source="wordnet-hungarian">
         <wf lemma="Ezt" pos="X">Ezt</wf>
         <wf lemma="a" pos="X">a</wf>
         <wf lemma="pulóvert" pos="X">pulóvert</wf>
         <wf lemma="inkább" pos="X">inkább</wf>
         <wf lemma="csak" pos="X">csak</wf>
         <wf lemma="blúz" pos="X">blúz</wf>
         <wf lemma="fölé" pos="X">fölé</wf>
         <wf lemma="hordom" pos="X">hordom</wf>
         <wf lemma="," pos="X">,</wf>
         <wf lemma="mert" pos="X">mert</wf>
         <instance id="d000.s2139.t000" lemma="szúr" pos="VERB">szúr</instance>
         <wf lemma="." pos="X">.</wf>
      </sentence>
      <sentence id="d000.s2140" source="wordnet-hungarian">
         <wf lemma="A" pos="X">A</wf>
         <instance id="d000.s2140.t000" lemma="polgármester" pos="NOUN">polgármestert</instance>
         <wf lemma="a" pos="X">a</wf>
         <wf lemma="város" pos="X">város</wf>
         <wf lemma="polgárai" pos="X">polgárai</wf>
         <wf lemma="választják" pos="X">választják</wf>
         <wf lemma="meg" pos="X">meg</wf>
         <wf lemma="." pos="X">.</wf>
      </sentence>
      <sentence id="d000.s2141" source="wordnet-hungarian">
         <wf lemma="Vastagabb" pos="X">Vastagabb</wf>
         <instance id="d000.s2141.t000" lemma="gerenda" pos="NOUN">gerendákra</instance>
         <wf lemma="lesz" pos="X">lesz</wf>
         <wf lemma="szükség" pos="X">szükség</wf>
         <wf lemma="ennél" pos="X">ennél</wf>
         <wf lemma="az" pos="X">az</wf>
         <wf lemma="épületnél" pos="X">épületnél</wf>
         <wf lemma="." pos="X">.</wf>
      </sentence>
      <sentence id="d000.s2142" source="wordnet-hungarian">
         <wf lemma="A" pos="X">A</wf>
         <wf lemma="prímszámok" pos="X">prímszámok</wf>
         <instance id="d000.s2142.t000" lemma="halmaz" pos="NOUN">halmaza</instance>
         <wf lemma="végtelen" pos="X">végtelen</wf>
         <wf lemma="." pos="X">.</wf>
      </sentence>
      <sentence id="d000.s2143" source="wordnet-hungarian">
         <wf lemma="Új" pos="X">Új</wf>
         <wf lemma="bolygót" pos="X">bolygót</wf>
         <wf lemma="találtak" pos="X">találtak</wf>
         <wf lemma="magyar" pos="X">magyar</wf>
         <instance id="d000.s2143.t000" lemma="csillagász" pos="NOUN">csillagászok</instance>
         <wf lemma="az" pos="X">az</wf>
         <wf lemma="Iker" pos="X">Iker</wf>
         <wf lemma="csillagképben" pos="X">csillagképben</wf>
         <wf lemma="." pos="X">.</wf>
      </sentence>
      <sentence id="d000.s2144" source="wordnet-hungarian">
         <wf lemma="A" pos="X">A</wf>
         <wf lemma="szél" pos="X">szél</wf>
         <wf lemma="feltámadása" pos="X">feltámadása</wf>
         <wf lemma="újraélesztette" pos="X">újraélesztette</wf>
         <wf lemma="győzelmi" pos="X">győzelmi</wf>
         <instance id="d000.s2144.t000" lemma="remény" pos="NOUN">reményeiket</instance>
         <wf lemma="." pos="X">.</wf>
      </sentence>
      <sentence id="d000.s2145" source="wordnet-hungarian">
         <wf lemma="A" pos="X">A</wf>
         <instance id="d000.s2145.t000" lemma="lapát" pos="NOUN">lapáttal</instance>
         <wf lemma="hordjuk" pos="X">hordjuk</wf>
         <wf lemma="el" pos="X">el</wf>
         <wf lemma="ezt" pos="X">ezt</wf>
         <wf lemma="a" pos="X">a</wf>
         <wf lemma="sok" pos="X">sok</wf>
         <wf lemma="homokot" pos="X">homokot</wf>
         <wf lemma="." pos="X">.</wf>
      </sentence>
      <sentence id="d000.s2146" source="wordnet-hungarian">
         <wf lemma="A" pos="X">A</wf>
         <wf lemma="főtitkár" pos="X">főtitkár</wf>
         <instance id="d000.s2146.t000" lemma="helyettesít" pos="VERB">helyettesíti</instance>
         <wf lemma="az" pos="X">az</wf>
         <wf lemma="igazgatót" pos="X">igazgatót</wf>
         <wf lemma="." pos="X">.</wf>
      </sentence>
      <sentence id="d000.s2147" source="wordnet-hungarian">
         <wf lemma="A" pos="X">A</wf>
         <wf lemma="tömeg" pos="X">tömeg</wf>
         <instance id="d000.s2147.t000" lemma="agresszivitás" pos="NOUN">agresszivitása</instance>
         <wf lemma="visszataszító" pos="X">visszataszító</wf>
         <wf lemma="volt" pos="X">volt</wf>
         <wf lemma="." pos="X">.</wf>
      </sentence>
      <sentence id="d000.s2148" source="wordnet-hungarian">
         <wf lemma="A" pos="X">A</wf>
         <wf lemma="világ" pos="X">világ</wf>
         <wf lemma="csodálata" pos="X">csodálata</wf>
         <wf lemma="," pos="X">,</wf>
         <wf lemma="a" pos="X">a</wf>
         <wf lemma="szabadságharcosok" pos="X">szabadságharcosok</wf>
         <wf lemma="hősi" pos="X">hősi</wf>
         <wf lemma="helytállása" pos="X">helytállása</wf>
         <wf lemma="és" pos="X">és</wf>
         <wf lemma="a" pos="X">a</wf>
         <wf lemma="felháborodás" pos="X">felháborodás</wf>
         <wf lemma="a" pos="X">a</wf>
         <wf lemma="szovjet" pos="X">szovjet</wf>
         <wf lemma="agresszió" pos="X">agresszió</wf>
         <wf lemma="miatt" pos="X">miatt</wf>
         <wf lemma="az" pos="X">az</wf>
         <wf lemma="ENSZ" pos="X">ENSZ</wf>
         <instance id="d000.s2148.t000" lemma="akció" pos="NOUN">akcióját</instance>
         <wf lemma="kényszerítette" pos="X">kényszerítette</wf>
         <wf lemma="ki" pos="X">ki</wf>
         <wf lemma="." pos="X">.</wf>
      </sentence>
      <sentence id="d000.s2149" source="wordnet-hungarian">
         <wf lemma="A" pos="X">A</wf>
         <instance id="d000.s2149.t000" lemma="békaszőlőfélék" pos="NOUN">békaszőlőféléket</instance>
         <wf lemma="találhatunk" pos="X">találhatunk</wf>
         <wf lemma="Magyarországon" pos="X">Magyarországon</wf>
         <wf lemma="is" pos="X">is</wf>
         <wf lemma="." pos="X">.</wf>
      </sentence>
      <sentence id="d000.s2150" source="wordnet-hungarian">
         <wf lemma="Az" pos="X">Az</wf>
         <instance id="d000.s2150.t000" lemma="athéni" pos="NOUN">athéniak</instance>
         <wf lemma="szerint" pos="X">szerint</wf>
         <wf lemma="a" pos="X">a</wf>
         <wf lemma="robbantások" pos="X">robbantások</wf>
         <wf lemma="veszélyeztethetik" pos="X">veszélyeztethetik</wf>
         <wf lemma="az" pos="X">az</wf>
         <wf lemma="olimpiát" pos="X">olimpiát</wf>
         <wf lemma="." pos="X">.</wf>
      </sentence>
      <sentence id="d000.s2151" source="wordnet-hungarian">
         <wf lemma="Irma" pos="X">Irma</wf>
         <wf lemma="úgy" pos="X">úgy</wf>
         <instance id="d000.s2151.t000" lemma="hisz" pos="VERB">hiszi</instance>
         <wf lemma="," pos="X">,</wf>
         <wf lemma="hogy" pos="X">hogy</wf>
         <wf lemma="a" pos="X">a</wf>
         <wf lemma="macskája" pos="X">macskája</wf>
         <wf lemma="kibírja" pos="X">kibírja</wf>
         <wf lemma="két" pos="X">két</wf>
         <wf lemma="napig" pos="X">napig</wf>
         <wf lemma="élelem" pos="X">élelem</wf>
         <wf lemma="nélkül" pos="X">nélkül</wf>
         <wf lemma="." pos="X">.</wf>
      </sentence>
      <sentence id="d000.s2152" source="wordnet-hungarian">
         <wf lemma="Az" pos="X">Az</wf>
         <wf lemma="önkormányzat" pos="X">önkormányzat</wf>
         <wf lemma="likviditási" pos="X">likviditási</wf>
         <wf lemma="helyzete" pos="X">helyzete</wf>
         <wf lemma="miatt" pos="X">miatt</wf>
         <wf lemma="," pos="X">,</wf>
         <wf lemma="folyamatosan" pos="X">folyamatosan</wf>
         <wf lemma="utalta" pos="X">utalta</wf>
         <wf lemma="át" pos="X">át</wf>
         <wf lemma="az" pos="X">az</wf>
         <instance id="d000.s2152.t000" lemma="adóbevétel" pos="NOUN">adóbevételt</instance>
         <wf lemma="a" pos="X">a</wf>
         <wf lemma="költségvetési" pos="X">költségvetési</wf>
         <wf lemma="elszámolási" pos="X">elszámolási</wf>
         <wf lemma="számlára" pos="X">számlára</wf>
         <wf lemma="." pos="X">.</wf>
      </sentence>
      <sentence id="d000.s2153" source="wordnet-hungarian">
         <wf lemma="A" pos="X">A</wf>
         <instance id="d000.s2153.t000" lemma="fényképész" pos="NOUN">fényképészet</instance>
         <wf lemma="filozófiájának" pos="X">filozófiájának</wf>
         <wf lemma="a" pos="X">a</wf>
         <wf lemma="szabadsággal" pos="X">szabadsággal</wf>
         <wf lemma="kell" pos="X">kell</wf>
         <wf lemma="foglalkoznia" pos="X">foglalkoznia</wf>
         <wf lemma="." pos="X">.</wf>
      </sentence>
      <sentence id="d000.s2154" source="wordnet-hungarian">
         <wf lemma="A" pos="X">A</wf>
         <wf lemma="felsőbb" pos="X">felsőbb</wf>
         <wf lemma="emeletre" pos="X">emeletre</wf>
         <instance id="d000.s2154.t000" lemma="lépcső" pos="NOUN">lépcső</instance>
         <wf lemma="vezetett" pos="X">vezetett</wf>
         <wf lemma="." pos="X">.</wf>
      </sentence>
      <sentence id="d000.s2155" source="wordnet-hungarian">
         <wf lemma="Az" pos="X">Az</wf>
         <wf lemma="elektromos" pos="X">elektromos</wf>
         <instance id="d000.s2155.t000" lemma="töltés" pos="NOUN">töltés</instance>
         <wf lemma="különböző" pos="X">különböző</wf>
         <wf lemma="eszközökkel" pos="X">eszközökkel</wf>
         <wf lemma="jól" pos="X">jól</wf>
         <wf lemma="mérhető" pos="X">mérhető</wf>
         <wf lemma="." pos="X">.</wf>
      </sentence>
      <sentence id="d000.s2156" source="wordnet-hungarian">
         <wf lemma="A" pos="X">A</wf>
         <instance id="d000.s2156.t000" lemma="befektetés" pos="NOUN">befektetésem</instance>
         <wf lemma="jól" pos="X">jól</wf>
         <wf lemma="megtérült" pos="X">megtérült</wf>
         <wf lemma="." pos="X">.</wf>
      </sentence>
      <sentence id="d000.s2157" source="wordnet-hungarian">
         <wf lemma="A" pos="X">A</wf>
         <instance id="d000.s2157.t000" lemma="levéltárca" pos="NOUN">levéltárcájában</instance>
         <wf lemma="is" pos="X">is</wf>
         <wf lemma="tart" pos="X">tart</wf>
         <wf lemma="egy" pos="X">egy</wf>
         <wf lemma="fényképet" pos="X">fényképet</wf>
         <wf lemma="gyermekeiről" pos="X">gyermekeiről</wf>
         <wf lemma="." pos="X">.</wf>
      </sentence>
      <sentence id="d000.s2158" source="wordnet-hungarian">
         <wf lemma="A" pos="X">A</wf>
         <instance id="d000.s2158.t000" lemma="kardiológia" pos="NOUN">kardiológiában</instance>
         <wf lemma="a" pos="X">a</wf>
         <wf lemma="magnézium" pos="X">magnézium</wf>
         <wf lemma="szájon" pos="X">szájon</wf>
         <wf lemma="át" pos="X">át</wf>
         <wf lemma="történő" pos="X">történő</wf>
         <wf lemma="adása" pos="X">adása</wf>
         <wf lemma="szívkoszorúér" pos="X">szívkoszorúér</wf>
         <wf lemma="betegségek" pos="X">betegségek</wf>
         <wf lemma="és" pos="X">és</wf>
         <wf lemma="szívritmus" pos="X">szívritmus</wf>
         <wf lemma="zavarok" pos="X">zavarok</wf>
         <wf lemma="esetén" pos="X">esetén</wf>
         <wf lemma="javallt" pos="X">javallt</wf>
         <wf lemma="." pos="X">.</wf>
      </sentence>
      <sentence id="d000.s2159" source="wordnet-hungarian">
         <wf lemma="A" pos="X">A</wf>
         <wf lemma="győztes" pos="X">győztes</wf>
         <wf lemma="vízisíző" pos="X">vízisíző</wf>
         <wf lemma="az" pos="X">az</wf>
         <wf lemma="a" pos="X">a</wf>
         <wf lemma="versenyző" pos="X">versenyző</wf>
         <wf lemma="aki" pos="X">aki</wf>
         <wf lemma="a" pos="X">a</wf>
         <wf lemma="legtöbb" pos="X">legtöbb</wf>
         <wf lemma="bóját" pos="X">bóját</wf>
         <wf lemma="kerüli" pos="X">kerüli</wf>
         <wf lemma="meg" pos="X">meg</wf>
         <wf lemma="a" pos="X">a</wf>
         <wf lemma="legrövidebb" pos="X">legrövidebb</wf>
         <instance id="d000.s2159.t000" lemma="kötélhossz" pos="NOUN">kötélhossznál</instance>
         <wf lemma="." pos="X">.</wf>
      </sentence>
      <sentence id="d000.s2160" source="wordnet-hungarian">
         <wf lemma="Anyai" pos="X">Anyai</wf>
         <instance id="d000.s2160.t000" lemma="altruizmus" pos="NOUN">altruizmusa</instance>
         <wf lemma="már-már" pos="X">már-már</wf>
         <wf lemma="azzal" pos="X">azzal</wf>
         <wf lemma="fenyegette" pos="X">fenyegette</wf>
         <wf lemma="," pos="X">,</wf>
         <wf lemma="hogy" pos="X">hogy</wf>
         <wf lemma="ennie" pos="X">ennie</wf>
         <wf lemma="sem" pos="X">sem</wf>
         <wf lemma="lesz" pos="X">lesz</wf>
         <wf lemma="mit" pos="X">mit</wf>
         <wf lemma="." pos="X">.</wf>
      </sentence>
      <sentence id="d000.s2161" source="wordnet-hungarian">
         <wf lemma="Valami" pos="X">Valami</wf>
         <wf lemma="probléma" pos="X">probléma</wf>
         <wf lemma="van" pos="X">van</wf>
         <wf lemma="a" pos="X">a</wf>
         <instance id="d000.s2161.t000" lemma="kipufogórendszer" pos="NOUN">kipufogórendszerrel</instance>
         <wf lemma="," pos="X">,</wf>
         <wf lemma="fel" pos="X">fel</wf>
         <wf lemma="kell" pos="X">kell</wf>
         <wf lemma="adni" pos="X">adni</wf>
         <wf lemma="a" pos="X">a</wf>
         <wf lemma="versenyt" pos="X">versenyt</wf>
         <wf lemma="." pos="X">.</wf>
      </sentence>
      <sentence id="d000.s2162" source="wordnet-hungarian">
         <wf lemma="A" pos="X">A</wf>
         <wf lemma="hatalmas" pos="X">hatalmas</wf>
         <instance id="d000.s2162.t000" lemma="vihar" pos="NOUN">vihar</instance>
         <wf lemma="fákat" pos="X">fákat</wf>
         <wf lemma="csavart" pos="X">csavart</wf>
         <wf lemma="ki" pos="X">ki</wf>
         <wf lemma="a" pos="X">a</wf>
         <wf lemma="helyéből" pos="X">helyéből</wf>
         <wf lemma="." pos="X">.</wf>
      </sentence>
      <sentence id="d000.s2163" source="wordnet-hungarian">
         <wf lemma="A" pos="X">A</wf>
         <wf lemma="sugaras" pos="X">sugaras</wf>
         <wf lemma="ugrópók" pos="X">ugrópók</wf>
         <wf lemma="élete" pos="X">élete</wf>
         <wf lemma="is" pos="X">is</wf>
         <wf lemma="szorosan" pos="X">szorosan</wf>
         <wf lemma="kötődik" pos="X">kötődik</wf>
         <wf lemma="a" pos="X">a</wf>
         <instance id="d000.s2163.t000" lemma="sás" pos="NOUN">sással</instance>
         <wf lemma="borított" pos="X">borított</wf>
         <wf lemma="területekhez" pos="X">területekhez</wf>
         <wf lemma="." pos="X">.</wf>
      </sentence>
      <sentence id="d000.s2164" source="wordnet-hungarian">
         <wf lemma="A" pos="X">A</wf>
         <wf lemma="piaci" pos="X">piaci</wf>
         <instance id="d000.s2164.t000" lemma="árus" pos="NOUN">árusokat</instance>
         <wf lemma="és" pos="X">és</wf>
         <wf lemma="vevőiket" pos="X">vevőiket</wf>
         <wf lemma="hazakergette" pos="X">hazakergette</wf>
         <wf lemma="a" pos="X">a</wf>
         <wf lemma="felhőszakadás" pos="X">felhőszakadás</wf>
         <wf lemma="és" pos="X">és</wf>
         <wf lemma="az" pos="X">az</wf>
         <wf lemma="erős" pos="X">erős</wf>
         <wf lemma="szél" pos="X">szél</wf>
         <wf lemma="." pos="X">.</wf>
      </sentence>
      <sentence id="d000.s2165" source="wordnet-hungarian">
         <wf lemma="Úgy" pos="X">Úgy</wf>
         <instance id="d000.s2165.t000" lemma="gondol" pos="VERB">gondolom</instance>
         <wf lemma="," pos="X">,</wf>
         <wf lemma="hogy" pos="X">hogy</wf>
         <wf lemma="Péter" pos="X">Péter</wf>
         <wf lemma="jó" pos="X">jó</wf>
         <wf lemma="vezető" pos="X">vezető</wf>
         <wf lemma="." pos="X">.</wf>
      </sentence>
      <sentence id="d000.s2166" source="wordnet-hungarian">
         <wf lemma="A" pos="X">A</wf>
         <wf lemma="csapat" pos="X">csapat</wf>
         <wf lemma="nem" pos="X">nem</wf>
         <wf lemma="alkotott" pos="X">alkotott</wf>
         <wf lemma="igazi" pos="X">igazi</wf>
         <instance id="d000.s2166.t000" lemma="egység" pos="NOUN">egységet</instance>
         <wf lemma="a" pos="X">a</wf>
         <wf lemma="világbajnokságon" pos="X">világbajnokságon</wf>
         <wf lemma="." pos="X">.</wf>
      </sentence>
      <sentence id="d000.s2167" source="wordnet-hungarian">
         <wf lemma="Huntington" pos="X">Huntington</wf>
         <wf lemma="víziója" pos="X">víziója</wf>
         <wf lemma="a" pos="X">a</wf>
         <wf lemma="civilizációk" pos="X">civilizációk</wf>
         <wf lemma="összecsapásáról" pos="X">összecsapásáról</wf>
         <wf lemma="ma" pos="X">ma</wf>
         <wf lemma="már" pos="X">már</wf>
         <wf lemma="kevésbé" pos="X">kevésbé</wf>
         <wf lemma="tűnik" pos="X">tűnik</wf>
         <wf lemma="lázálomszerűnek" pos="X">lázálomszerűnek</wf>
         <wf lemma="," pos="X">,</wf>
         <wf lemma="mint" pos="X">mint</wf>
         <wf lemma="a" pos="X">a</wf>
         <wf lemma="WTC" pos="X">WTC</wf>
         <instance id="d000.s2167.t000" lemma="összeomlás" pos="NOUN">összeomlása</instance>
         <wf lemma="előtt" pos="X">előtt</wf>
         <wf lemma="." pos="X">.</wf>
      </sentence>
      <sentence id="d000.s2168" source="wordnet-hungarian">
         <wf lemma="Milyen" pos="X">Milyen</wf>
         <wf lemma="jó" pos="X">jó</wf>
         <wf lemma="," pos="X">,</wf>
         <wf lemma="hogy" pos="X">hogy</wf>
         <wf lemma="megint" pos="X">megint</wf>
         <instance id="d000.s2168.t000" lemma="találkozik" pos="VERB">találkoztunk</instance>
         <wf lemma="!" pos="X">!</wf>
      </sentence>
      <sentence id="d000.s2169" source="wordnet-hungarian">
         <wf lemma="Lajoska" pos="X">Lajoska</wf>
         <wf lemma="a" pos="X">a</wf>
         <wf lemma="vadakat" pos="X">vadakat</wf>
         <instance id="d000.s2169.t000" lemma="üldöz" pos="VERB">üldözte</instance>
         <wf lemma="." pos="X">.</wf>
      </sentence>
      <sentence id="d000.s2170" source="wordnet-hungarian">
         <wf lemma="Ne" pos="X">Ne</wf>
         <wf lemma="feledje" pos="X">feledje</wf>
         <wf lemma="," pos="X">,</wf>
         <wf lemma="az" pos="X">az</wf>
         <instance id="d000.s2170.t000" lemma="alkoholizmus" pos="NOUN">alkoholizmus</instance>
         <wf lemma="egy" pos="X">egy</wf>
         <wf lemma="krónikus" pos="X">krónikus</wf>
         <wf lemma="betegség" pos="X">betegség</wf>
         <wf lemma="," pos="X">,</wf>
         <wf lemma="s" pos="X">s</wf>
         <wf lemma="eredményes" pos="X">eredményes</wf>
         <wf lemma="kezeléséhez" pos="X">kezeléséhez</wf>
         <wf lemma="időre" pos="X">időre</wf>
         <wf lemma="van" pos="X">van</wf>
         <wf lemma="szükség" pos="X">szükség</wf>
         <wf lemma="!" pos="X">!</wf>
      </sentence>
      <sentence id="d000.s2171" source="wordnet-hungarian">
         <wf lemma="A" pos="X">A</wf>
         <instance id="d000.s2171.t000" lemma="hátvéd" pos="NOUN">hátvéd</instance>
         <wf lemma="remek" pos="X">remek</wf>
         <wf lemma="becsúszásának" pos="X">becsúszásának</wf>
         <wf lemma="köszönhető" pos="X">köszönhető</wf>
         <wf lemma="," pos="X">,</wf>
         <wf lemma="hogy" pos="X">hogy</wf>
         <wf lemma="nem" pos="X">nem</wf>
         <wf lemma="kaptak" pos="X">kaptak</wf>
         <wf lemma="több" pos="X">több</wf>
         <wf lemma="gólt" pos="X">gólt</wf>
         <wf lemma="." pos="X">.</wf>
      </sentence>
      <sentence id="d000.s2172" source="wordnet-hungarian">
         <wf lemma="A" pos="X">A</wf>
         <instance id="d000.s2172.t000" lemma="hárfás" pos="NOUN">hárfás</instance>
         <wf lemma="dolgának" pos="X">dolgának</wf>
         <wf lemma="megkönnyebbítésére" pos="X">megkönnyebbítésére</wf>
         <wf lemma="néhány" pos="X">néhány</wf>
         <wf lemma="húr" pos="X">húr</wf>
         <wf lemma="színes" pos="X">színes</wf>
         <wf lemma="a" pos="X">a</wf>
         <wf lemma="hárfán" pos="X">hárfán</wf>
         <wf lemma="." pos="X">.</wf>
      </sentence>
      <sentence id="d000.s2173" source="wordnet-hungarian">
         <instance id="d000.s2173.t000" lemma="rend" pos="NOUN">Rend</instance>
         <wf lemma="volt" pos="X">volt</wf>
         <wf lemma="és" pos="X">és</wf>
         <wf lemma="fegyelem" pos="X">fegyelem</wf>
         <wf lemma="." pos="X">.</wf>
      </sentence>
      <sentence id="d000.s2174" source="wordnet-hungarian">
         <wf lemma="Az" pos="X">Az</wf>
         <instance id="d000.s2174.t000" lemma="adogatás" pos="NOUN">adogatás</instance>
         <wf lemma="fogadása" pos="X">fogadása</wf>
         <wf lemma="nagyon" pos="X">nagyon</wf>
         <wf lemma="nehézzé" pos="X">nehézzé</wf>
         <wf lemma="válik" pos="X">válik</wf>
         <wf lemma="ilyen" pos="X">ilyen</wf>
         <wf lemma="nagy" pos="X">nagy</wf>
         <wf lemma="sebességű" pos="X">sebességű</wf>
         <wf lemma="labdák" pos="X">labdák</wf>
         <wf lemma="esetén" pos="X">esetén</wf>
         <wf lemma="." pos="X">.</wf>
      </sentence>
      <sentence id="d000.s2175" source="wordnet-hungarian">
         <wf lemma="Régen" pos="X">Régen</wf>
         <wf lemma="a" pos="X">a</wf>
         <instance id="d000.s2175.t000" lemma="patak" pos="NOUN">patakban</instance>
         <wf lemma="mosták" pos="X">mosták</wf>
         <wf lemma="a" pos="X">a</wf>
         <wf lemma="ruhát" pos="X">ruhát</wf>
         <wf lemma="." pos="X">.</wf>
      </sentence>
      <sentence id="d000.s2176" source="wordnet-hungarian">
         <instance id="d000.s2176.t000" lemma="fertőzés" pos="NOUN">Fertőzés</instance>
         <wf lemma="gyanújával" pos="X">gyanújával</wf>
         <wf lemma="került" pos="X">került</wf>
         <wf lemma="kórházba" pos="X">kórházba</wf>
         <wf lemma="." pos="X">.</wf>
      </sentence>
      <sentence id="d000.s2177" source="wordnet-hungarian">
         <wf lemma="Egy" pos="X">Egy</wf>
         <wf lemma="különleges" pos="X">különleges</wf>
         <wf lemma="kínai" pos="X">kínai</wf>
         <instance id="d000.s2177.t000" lemma="étel" pos="NOUN">ételt</instance>
         <wf lemma="készített" pos="X">készített</wf>
         <wf lemma="vacsorára" pos="X">vacsorára</wf>
         <wf lemma="." pos="X">.</wf>
      </sentence>
      <sentence id="d000.s2178" source="wordnet-hungarian">
         <wf lemma="Az" pos="X">Az</wf>
         <wf lemma="orvvadász" pos="X">orvvadász</wf>
         <instance id="d000.s2178.t000" lemma="gímszarvas" pos="NOUN">gímszarvasokat</instance>
         <wf lemma="is" pos="X">is</wf>
         <wf lemma="lőtt" pos="X">lőtt</wf>
         <wf lemma="." pos="X">.</wf>
      </sentence>
      <sentence id="d000.s2179" source="wordnet-hungarian">
         <wf lemma="A" pos="X">A</wf>
         <wf lemma="sok" pos="X">sok</wf>
         <wf lemma="vesződség" pos="X">vesződség</wf>
         <wf lemma="után" pos="X">után</wf>
         <wf lemma="már" pos="X">már</wf>
         <wf lemma="kezdtük" pos="X">kezdtük</wf>
         <wf lemma="látni" pos="X">látni</wf>
         <wf lemma="a" pos="X">a</wf>
         <instance id="d000.s2179.t000" lemma="fény" pos="NOUN">fényt</instance>
         <wf lemma="az" pos="X">az</wf>
         <wf lemma="alagút" pos="X">alagút</wf>
         <wf lemma="végén" pos="X">végén</wf>
         <wf lemma="." pos="X">.</wf>
      </sentence>
      <sentence id="d000.s2180" source="wordnet-hungarian">
         <wf lemma="Legszebb" pos="X">Legszebb</wf>
         <wf lemma="a" pos="X">a</wf>
         <instance id="d000.s2180.t000" lemma="sárga" pos="NOUN">sárga</instance>
         <wf lemma="." pos="X">.</wf>
      </sentence>
      <sentence id="d000.s2181" source="wordnet-hungarian">
         <wf lemma="Ha" pos="X">Ha</wf>
         <wf lemma="a" pos="X">a</wf>
         <instance id="d000.s2181.t000" lemma="butaság" pos="NOUN">butaság</instance>
         <wf lemma="fájna" pos="X">fájna</wf>
         <wf lemma="," pos="X">,</wf>
         <wf lemma="ordítanál" pos="X">ordítanál</wf>
         <wf lemma="." pos="X">.</wf>
      </sentence>
      <sentence id="d000.s2182" source="wordnet-hungarian">
         <wf lemma="A" pos="X">A</wf>
         <wf lemma="sok" pos="X">sok</wf>
         <instance id="d000.s2182.t000" lemma="aprópénz" pos="NOUN">aprópénz</instance>
         <wf lemma="nem" pos="X">nem</wf>
         <wf lemma="fért" pos="X">fért</wf>
         <wf lemma="a" pos="X">a</wf>
         <wf lemma="pénztárcájába" pos="X">pénztárcájába</wf>
         <wf lemma="." pos="X">.</wf>
      </sentence>
      <sentence id="d000.s2183" source="wordnet-hungarian">
         <wf lemma="A" pos="X">A</wf>
         <wf lemma="házassági" pos="X">házassági</wf>
         <wf lemma="évfordulónkon" pos="X">évfordulónkon</wf>
         <wf lemma="igen" pos="X">igen</wf>
         <wf lemma="ízletes" pos="X">ízletes</wf>
         <wf lemma="marha" pos="X">marha</wf>
         <instance id="d000.s2183.t000" lemma="lapocka" pos="NOUN">lapockát</instance>
         <wf lemma="ettem" pos="X">ettem</wf>
         <wf lemma="az" pos="X">az</wf>
         <wf lemma="étteremben" pos="X">étteremben</wf>
         <wf lemma="." pos="X">.</wf>
      </sentence>
      <sentence id="d000.s2184" source="wordnet-hungarian">
         <instance id="d000.s2184.t000" lemma="szeret" pos="VERB">Szeretek</instance>
         <wf lemma="kocogni" pos="X">kocogni</wf>
         <wf lemma="." pos="X">.</wf>
      </sentence>
      <sentence id="d000.s2185" source="wordnet-hungarian">
         <wf lemma="A" pos="X">A</wf>
         <instance id="d000.s2185.t000" lemma="futó" pos="NOUN">futók</instance>
         <wf lemma="több" pos="X">több</wf>
         <wf lemma="versenyszámban" pos="X">versenyszámban</wf>
         <wf lemma="is" pos="X">is</wf>
         <wf lemma="megmérettették" pos="X">megmérettették</wf>
         <wf lemma="magukat" pos="X">magukat</wf>
         <wf lemma="." pos="X">.</wf>
      </sentence>
      <sentence id="d000.s2186" source="wordnet-hungarian">
         <wf lemma="Az" pos="X">Az</wf>
         <instance id="d000.s2186.t000" lemma="rák" pos="NOUN">Rák</instance>
         <wf lemma="nehezen" pos="X">nehezen</wf>
         <wf lemma="törődik" pos="X">törődik</wf>
         <wf lemma="bele" pos="X">bele</wf>
         <wf lemma="," pos="X">,</wf>
         <wf lemma="ha" pos="X">ha</wf>
         <wf lemma="nem" pos="X">nem</wf>
         <wf lemma="úgy" pos="X">úgy</wf>
         <wf lemma="történnek" pos="X">történnek</wf>
         <wf lemma="a" pos="X">a</wf>
         <wf lemma="dolgok" pos="X">dolgok</wf>
         <wf lemma="," pos="X">,</wf>
         <wf lemma="ahogy" pos="X">ahogy</wf>
         <wf lemma="eltervezte" pos="X">eltervezte</wf>
         <wf lemma="." pos="X">.</wf>
      </sentence>
      <sentence id="d000.s2187" source="wordnet-hungarian">
         <wf lemma="Feri" pos="X">Feri</wf>
         <wf lemma="hosszas" pos="X">hosszas</wf>
         <wf lemma="keresés" pos="X">keresés</wf>
         <wf lemma="után" pos="X">után</wf>
         <wf lemma="végre" pos="X">végre</wf>
         <wf lemma="álláshoz" pos="X">álláshoz</wf>
         <instance id="d000.s2187.t000" lemma="jut" pos="VERB">jutott</instance>
         <wf lemma="." pos="X">.</wf>
      </sentence>
      <sentence id="d000.s2188" source="wordnet-hungarian">
         <wf lemma="Legalább" pos="X">Legalább</wf>
         <wf lemma="egy" pos="X">egy</wf>
         <instance id="d000.s2188.t000" lemma="darab" pos="NOUN">darabka</instance>
         <wf lemma="kenyeret" pos="X">kenyeret</wf>
         <wf lemma="egyél" pos="X">egyél</wf>
         <wf lemma="már" pos="X">már</wf>
         <wf lemma="." pos="X">.</wf>
      </sentence>
      <sentence id="d000.s2189" source="wordnet-hungarian">
         <instance id="d000.s2189.t000" lemma="kommunikációelmélet" pos="NOUN">Kommunikációelméletből</instance>
         <wf lemma="vizsgát" pos="X">vizsgát</wf>
         <wf lemma="kell" pos="X">kell</wf>
         <wf lemma="tenni" pos="X">tenni</wf>
         <wf lemma="ezen" pos="X">ezen</wf>
         <wf lemma="a" pos="X">a</wf>
         <wf lemma="szakon" pos="X">szakon</wf>
         <wf lemma="." pos="X">.</wf>
      </sentence>
      <sentence id="d000.s2190" source="wordnet-hungarian">
         <wf lemma="A" pos="X">A</wf>
         <wf lemma="padló" pos="X">padló</wf>
         <instance id="d000.s2190.t000" lemma="recsegés" pos="NOUN">recsegése</instance>
         <wf lemma="elárulta" pos="X">elárulta</wf>
         <wf lemma="," pos="X">,</wf>
         <wf lemma="hogy" pos="X">hogy</wf>
         <wf lemma="a" pos="X">a</wf>
         <wf lemma="könyvtárszobában" pos="X">könyvtárszobában</wf>
         <wf lemma="jár" pos="X">jár</wf>
         <wf lemma="." pos="X">.</wf>
      </sentence>
      <sentence id="d000.s2191" source="wordnet-hungarian">
         <wf lemma="A" pos="X">A</wf>
         <wf lemma="Khmer" pos="X">Khmer</wf>
         <wf lemma="Birodalom" pos="X">Birodalom</wf>
         <wf lemma="leghíresebb" pos="X">leghíresebb</wf>
         <wf lemma="öröksége" pos="X">öröksége</wf>
         <wf lemma="Angkor" pos="X">Angkor</wf>
         <wf lemma="a" pos="X">a</wf>
         <wf lemma="birodalom" pos="X">birodalom</wf>
         <wf lemma="fénykorában" pos="X">fénykorában</wf>
         <wf lemma="a" pos="X">a</wf>
         <instance id="d000.s2191.t000" lemma="khmer" pos="NOUN">khmerek</instance>
         <wf lemma="fővárosa" pos="X">fővárosa</wf>
         <wf lemma="volt" pos="X">volt</wf>
         <wf lemma="." pos="X">.</wf>
      </sentence>
      <sentence id="d000.s2192" source="wordnet-hungarian">
         <wf lemma="Az" pos="X">Az</wf>
         <instance id="d000.s2192.t000" lemma="anyag" pos="NOUN">anyag</instance>
         <wf lemma="közönségesen" pos="X">közönségesen</wf>
         <wf lemma="az" pos="X">az</wf>
         <wf lemma="a" pos="X">a</wf>
         <wf lemma="szubsztancia" pos="X">szubsztancia</wf>
         <wf lemma="," pos="X">,</wf>
         <wf lemma="amiből" pos="X">amiből</wf>
         <wf lemma="a" pos="X">a</wf>
         <wf lemma="tárgyak" pos="X">tárgyak</wf>
         <wf lemma="állnak" pos="X">állnak</wf>
         <wf lemma="." pos="X">.</wf>
      </sentence>
      <sentence id="d000.s2193" source="wordnet-hungarian">
         <instance id="d000.s2193.t000" lemma="érdeklődés" pos="NOUN">Érdeklődését</instance>
         <wf lemma="több" pos="X">több</wf>
         <wf lemma="szakkörben" pos="X">szakkörben</wf>
         <wf lemma="és" pos="X">és</wf>
         <wf lemma="különórán" pos="X">különórán</wf>
         <wf lemma="próbálta" pos="X">próbálta</wf>
         <wf lemma="meg" pos="X">meg</wf>
         <wf lemma="kielégíteni" pos="X">kielégíteni</wf>
         <wf lemma="." pos="X">.</wf>
      </sentence>
      <sentence id="d000.s2194" source="wordnet-hungarian">
         <wf lemma="A" pos="X">A</wf>
         <wf lemma="tavaszi" pos="X">tavaszi</wf>
         <wf lemma="tekercs" pos="X">tekercs</wf>
         <wf lemma="talán" pos="X">talán</wf>
         <wf lemma="a" pos="X">a</wf>
         <wf lemma="legismertebb" pos="X">legismertebb</wf>
         <wf lemma="kínai" pos="X">kínai</wf>
         <instance id="d000.s2194.t000" lemma="előétel" pos="NOUN">előétel</instance>
         <wf lemma="," pos="X">,</wf>
         <wf lemma="de" pos="X">de</wf>
         <wf lemma="nyugodtan" pos="X">nyugodtan</wf>
         <wf lemma="adhatjuk" pos="X">adhatjuk</wf>
         <wf lemma="főfogásnak" pos="X">főfogásnak</wf>
         <wf lemma="." pos="X">.</wf>
      </sentence>
      <sentence id="d000.s2195" source="wordnet-hungarian">
         <wf lemma="Túrabicikliken" pos="X">Túrabicikliken</wf>
         <wf lemma="az" pos="X">az</wf>
         <wf lemma="állandó" pos="X">állandó</wf>
         <wf lemma="váz" pos="X">váz</wf>
         <wf lemma="hajlítgatás" pos="X">hajlítgatás</wf>
         <wf lemma="irányítási" pos="X">irányítási</wf>
         <wf lemma="problémákat" pos="X">problémákat</wf>
         <wf lemma="okoz" pos="X">okoz</wf>
         <wf lemma="," pos="X">,</wf>
         <wf lemma="és" pos="X">és</wf>
         <wf lemma="nagy" pos="X">nagy</wf>
         <wf lemma="sebességnél" pos="X">sebességnél</wf>
         <wf lemma="egyenesen" pos="X">egyenesen</wf>
         <wf lemma="veszélyes" pos="X">veszélyes</wf>
         <wf lemma="lehet" pos="X">lehet</wf>
         <wf lemma="a" pos="X">a</wf>
         <wf lemma="kilengésből" pos="X">kilengésből</wf>
         <wf lemma="keletkező" pos="X">keletkező</wf>
         <instance id="d000.s2195.t000" lemma="oszcilláció" pos="NOUN">oszcilláció</instance>
         <wf lemma="." pos="X">.</wf>
      </sentence>
      <sentence id="d000.s2196" source="wordnet-hungarian">
         <wf lemma="A" pos="X">A</wf>
         <wf lemma="felszarvazott" pos="X">felszarvazott</wf>
         <wf lemma="férj" pos="X">férj</wf>
         <wf lemma="párbajra" pos="X">párbajra</wf>
         <wf lemma="hívja" pos="X">hívja</wf>
         <wf lemma="a" pos="X">a</wf>
         <instance id="d000.s2196.t000" lemma="csábító" pos="NOUN">csábítót</instance>
         <wf lemma="," pos="X">,</wf>
         <wf lemma="majd" pos="X">majd</wf>
         <wf lemma="büszkén" pos="X">büszkén</wf>
         <wf lemma="hagyja" pos="X">hagyja</wf>
         <wf lemma="magát" pos="X">magát</wf>
         <wf lemma="megölni" pos="X">megölni</wf>
         <wf lemma="." pos="X">.</wf>
      </sentence>
      <sentence id="d000.s2197" source="wordnet-hungarian">
         <wf lemma="Az" pos="X">Az</wf>
         <instance id="d000.s2197.t000" lemma="absztinencia" pos="NOUN">absztinencia</instance>
         <wf lemma="gyakorlásával" pos="X">gyakorlásával</wf>
         <wf lemma="kitisztultak" pos="X">kitisztultak</wf>
         <wf lemma="a" pos="X">a</wf>
         <wf lemma="gondolatai" pos="X">gondolatai</wf>
         <wf lemma="." pos="X">.</wf>
      </sentence>
      <sentence id="d000.s2198" source="wordnet-hungarian">
         <wf lemma="Fertőző" pos="X">Fertőző</wf>
         <instance id="d000.s2198.t000" lemma="májgyulladás" pos="NOUN">májgyulladás</instance>
         <wf lemma="ellen" pos="X">ellen</wf>
         <wf lemma="is" pos="X">is</wf>
         <wf lemma="beoltatta" pos="X">beoltatta</wf>
         <wf lemma="magát" pos="X">magát</wf>
         <wf lemma="." pos="X">.</wf>
      </sentence>
      <sentence id="d000.s2199" source="wordnet-hungarian">
         <wf lemma="Már" pos="X">Már</wf>
         <wf lemma="látszottak" pos="X">látszottak</wf>
         <wf lemma="a" pos="X">a</wf>
         <wf lemma="tavasz" pos="X">tavasz</wf>
         <wf lemma="első" pos="X">első</wf>
         <instance id="d000.s2199.t000" lemma="jel" pos="NOUN">jelei</instance>
         <wf lemma="." pos="X">.</wf>
      </sentence>
      <sentence id="d000.s2200" source="wordnet-hungarian">
         <wf lemma="Azt" pos="X">Azt</wf>
         <wf lemma="tartja" pos="X">tartja</wf>
         <wf lemma="a" pos="X">a</wf>
         <wf lemma="mondás" pos="X">mondás</wf>
         <wf lemma="," pos="X">,</wf>
         <wf lemma="hogy" pos="X">hogy</wf>
         <wf lemma="két" pos="X">két</wf>
         <instance id="d000.s2200.t000" lemma="dudás" pos="NOUN">dudás</instance>
         <wf lemma="nem" pos="X">nem</wf>
         <wf lemma="fér" pos="X">fér</wf>
         <wf lemma="meg" pos="X">meg</wf>
         <wf lemma="egy" pos="X">egy</wf>
         <wf lemma="csárdában" pos="X">csárdában</wf>
         <wf lemma="." pos="X">.</wf>
      </sentence>
      <sentence id="d000.s2201" source="wordnet-hungarian">
         <wf lemma="A" pos="X">A</wf>
         <instance id="d000.s2201.t000" lemma="szertartás" pos="NOUN">szertartást</instance>
         <wf lemma="papok" pos="X">papok</wf>
         <wf lemma="végezték" pos="X">végezték</wf>
         <wf lemma="." pos="X">.</wf>
      </sentence>
      <sentence id="d000.s2202" source="wordnet-hungarian">
         <wf lemma="Mivel" pos="X">Mivel</wf>
         <wf lemma="a" pos="X">a</wf>
         <instance id="d000.s2202.t000" lemma="kukkoló" pos="NOUN">kukkolót</instance>
         <wf lemma="soha" pos="X">soha</wf>
         <wf lemma="nem" pos="X">nem</wf>
         <wf lemma="sikerült" pos="X">sikerült</wf>
         <wf lemma="tetten" pos="X">tetten</wf>
         <wf lemma="érni" pos="X">érni</wf>
         <wf lemma="," pos="X">,</wf>
         <wf lemma="s" pos="X">s</wf>
         <wf lemma="mert" pos="X">mert</wf>
         <wf lemma="nem" pos="X">nem</wf>
         <wf lemma="is" pos="X">is</wf>
         <wf lemma="volt" pos="X">volt</wf>
         <wf lemma="veszélyes" pos="X">veszélyes</wf>
         <wf lemma="másokra" pos="X">másokra</wf>
         <wf lemma="," pos="X">,</wf>
         <wf lemma="az" pos="X">az</wf>
         <wf lemma="aszszony" pos="X">aszszony</wf>
         <wf lemma="panaszaira" pos="X">panaszaira</wf>
         <wf lemma="nem" pos="X">nem</wf>
         <wf lemma="nagyon" pos="X">nagyon</wf>
         <wf lemma="figyeltek" pos="X">figyeltek</wf>
         <wf lemma="oda" pos="X">oda</wf>
         <wf lemma="." pos="X">.</wf>
      </sentence>
      <sentence id="d000.s2203" source="wordnet-hungarian">
         <wf lemma="Az" pos="X">Az</wf>
         <instance id="d000.s2203.t000" lemma="épületfa" pos="NOUN">épületfa</instance>
         <wf lemma="ára" pos="X">ára</wf>
         <wf lemma="emelkedik" pos="X">emelkedik</wf>
         <wf lemma="." pos="X">.</wf>
      </sentence>
      <sentence id="d000.s2204" source="wordnet-hungarian">
         <wf lemma="A" pos="X">A</wf>
         <wf lemma="kisméretű" pos="X">kisméretű</wf>
         <instance id="d000.s2204.t000" lemma="betűtípus" pos="NOUN">betűtípusok</instance>
         <wf lemma="nehezen" pos="X">nehezen</wf>
         <wf lemma="olvashatók" pos="X">olvashatók</wf>
         <wf lemma="." pos="X">.</wf>
      </sentence>
      <sentence id="d000.s2205" source="wordnet-hungarian">
         <wf lemma="Ekkora" pos="X">Ekkora</wf>
         <wf lemma="marhaságot" pos="X">marhaságot</wf>
         <wf lemma="még" pos="X">még</wf>
         <wf lemma="senkinek" pos="X">senkinek</wf>
         <wf lemma="sem" pos="X">sem</wf>
         <wf lemma="sikerült" pos="X">sikerült</wf>
         <instance id="d000.s2205.t000" lemma="kitalál" pos="VERB">kitalálnia</instance>
         <wf lemma="." pos="X">.</wf>
      </sentence>
      <sentence id="d000.s2206" source="wordnet-hungarian">
         <wf lemma="Ahogyan" pos="X">Ahogyan</wf>
         <wf lemma="nő" pos="X">nő</wf>
         <wf lemma="a" pos="X">a</wf>
         <wf lemma="helikopter" pos="X">helikopter</wf>
         <wf lemma="sebessége" pos="X">sebessége</wf>
         <wf lemma="," pos="X">,</wf>
         <wf lemma="a" pos="X">a</wf>
         <instance id="d000.s2206.t000" lemma="lapát" pos="NOUN">lapátok</instance>
         <wf lemma="elérik" pos="X">elérik</wf>
         <wf lemma="a" pos="X">a</wf>
         <wf lemma="hangsebességet" pos="X">hangsebességet</wf>
         <wf lemma="." pos="X">.</wf>
      </sentence>
      <sentence id="d000.s2207" source="wordnet-hungarian">
         <wf lemma="A" pos="X">A</wf>
         <instance id="d000.s2207.t000" lemma="zenekar" pos="NOUN">zenekar</instance>
         <wf lemma="a" pos="X">a</wf>
         <wf lemma="világ" pos="X">világ</wf>
         <wf lemma="minden" pos="X">minden</wf>
         <wf lemma="táján" pos="X">táján</wf>
         <wf lemma="koncertezett" pos="X">koncertezett</wf>
         <wf lemma="már" pos="X">már</wf>
         <wf lemma="." pos="X">.</wf>
      </sentence>
      <sentence id="d000.s2208" source="wordnet-hungarian">
         <wf lemma="Ezen" pos="X">Ezen</wf>
         <wf lemma="az" pos="X">az</wf>
         <instance id="d000.s2208.t000" lemma="étlap" pos="NOUN">étlapon</instance>
         <wf lemma="a" pos="X">a</wf>
         <wf lemma="magyar" pos="X">magyar</wf>
         <wf lemma="konyha" pos="X">konyha</wf>
         <wf lemma="különlegességei" pos="X">különlegességei</wf>
         <wf lemma="találhatók" pos="X">találhatók</wf>
         <wf lemma="." pos="X">.</wf>
      </sentence>
      <sentence id="d000.s2209" source="wordnet-hungarian">
         <wf lemma="A" pos="X">A</wf>
         <instance id="d000.s2209.t000" lemma="szarvasgomba" pos="NOUN">szarvasgombából</instance>
         <wf lemma="ízletes" pos="X">ízletes</wf>
         <wf lemma="pörkölt" pos="X">pörkölt</wf>
         <wf lemma="készíthető" pos="X">készíthető</wf>
         <wf lemma="." pos="X">.</wf>
      </sentence>
      <sentence id="d000.s2210" source="wordnet-hungarian">
         <wf lemma="a" pos="X">a</wf>
         <wf lemma="társalgás" pos="X">társalgás</wf>
         <instance id="d000.s2210.t000" lemma="művészet" pos="NOUN">művészete</instance>
         <wf lemma="." pos="X">.</wf>
      </sentence>
      <sentence id="d000.s2211" source="wordnet-hungarian">
         <wf lemma="ez" pos="X">ez</wf>
         <wf lemma="a" pos="X">a</wf>
         <wf lemma="termék" pos="X">termék</wf>
         <wf lemma="nem" pos="X">nem</wf>
         <wf lemma="tartalmaz" pos="X">tartalmaz</wf>
         <wf lemma="sem" pos="X">sem</wf>
         <instance id="d000.s2211.t000" lemma="azbeszt" pos="NOUN">azbesztot</instance>
         <wf lemma="," pos="X">,</wf>
         <wf lemma="sem" pos="X">sem</wf>
         <wf lemma="egyéb" pos="X">egyéb</wf>
         <wf lemma="anyagot" pos="X">anyagot</wf>
         <wf lemma="," pos="X">,</wf>
         <wf lemma="mely" pos="X">mely</wf>
         <wf lemma="a" pos="X">a</wf>
         <wf lemma="felhasználó" pos="X">felhasználó</wf>
         <wf lemma="egészségét" pos="X">egészségét</wf>
         <wf lemma="károsítaná" pos="X">károsítaná</wf>
         <wf lemma="." pos="X">.</wf>
      </sentence>
      <sentence id="d000.s2212" source="wordnet-hungarian">
         <wf lemma="A" pos="X">A</wf>
         <wf lemma="csapat" pos="X">csapat</wf>
         <wf lemma="bal" pos="X">bal</wf>
         <instance id="d000.s2212.t000" lemma="szárny" pos="NOUN">szárnyát</instance>
         <wf lemma="vissza" pos="X">vissza</wf>
         <wf lemma="kellett" pos="X">kellett</wf>
         <wf lemma="hívni" pos="X">hívni</wf>
         <wf lemma="." pos="X">.</wf>
      </sentence>
      <sentence id="d000.s2213" source="wordnet-hungarian">
         <wf lemma="A" pos="X">A</wf>
         <wf lemma="finoman" pos="X">finoman</wf>
         <wf lemma="illatozó" pos="X">illatozó</wf>
         <wf lemma="," pos="X">,</wf>
         <wf lemma="sokféle" pos="X">sokféle</wf>
         <wf lemma="színben" pos="X">színben</wf>
         <wf lemma="és" pos="X">és</wf>
         <wf lemma="alakban" pos="X">alakban</wf>
         <wf lemma="pompázó" pos="X">pompázó</wf>
         <wf lemma="virágok" pos="X">virágok</wf>
         <wf lemma="már" pos="X">már</wf>
         <wf lemma="jóval" pos="X">jóval</wf>
         <wf lemma="azelőtt" pos="X">azelőtt</wf>
         <wf lemma="virultak" pos="X">virultak</wf>
         <wf lemma="," pos="X">,</wf>
         <wf lemma="mielőtt" pos="X">mielőtt</wf>
         <wf lemma="az" pos="X">az</wf>
         <instance id="d000.s2213.t000" lemma="ember" pos="NOUN">ember</instance>
         <wf lemma="megjelent" pos="X">megjelent</wf>
         <wf lemma="a" pos="X">a</wf>
         <wf lemma="Földön" pos="X">Földön</wf>
         <wf lemma="." pos="X">.</wf>
      </sentence>
      <sentence id="d000.s2214" source="wordnet-hungarian">
         <wf lemma="A" pos="X">A</wf>
         <wf lemma="magyar" pos="X">magyar</wf>
         <instance id="d000.s2214.t000" lemma="háziló" pos="NOUN">háziló</instance>
         <wf lemma="eredetét" pos="X">eredetét</wf>
         <wf lemma="," pos="X">,</wf>
         <wf lemma="származását" pos="X">származását</wf>
         <wf lemma="sokáig" pos="X">sokáig</wf>
         <wf lemma="vitatták" pos="X">vitatták</wf>
         <wf lemma="." pos="X">.</wf>
      </sentence>
      <sentence id="d000.s2215" source="wordnet-hungarian">
         <wf lemma="Magatartása" pos="X">Magatartása</wf>
         <wf lemma="és" pos="X">és</wf>
         <instance id="d000.s2215.t000" lemma="szorgalom" pos="NOUN">szorgalma</instance>
         <wf lemma="példamutató" pos="X">példamutató</wf>
         <wf lemma="és" pos="X">és</wf>
         <wf lemma="követendő" pos="X">követendő</wf>
         <wf lemma="diáktársai" pos="X">diáktársai</wf>
         <wf lemma="számára" pos="X">számára</wf>
         <wf lemma="." pos="X">.</wf>
      </sentence>
      <sentence id="d000.s2216" source="wordnet-hungarian">
         <wf lemma="A" pos="X">A</wf>
         <instance id="d000.s2216.t000" lemma="nyomozó" pos="NOUN">nyomozók</instance>
         <wf lemma="pillanatok" pos="X">pillanatok</wf>
         <wf lemma="alatt" pos="X">alatt</wf>
         <wf lemma="a" pos="X">a</wf>
         <wf lemma="helyszínre" pos="X">helyszínre</wf>
         <wf lemma="érkeztek" pos="X">érkeztek</wf>
         <wf lemma="." pos="X">.</wf>
      </sentence>
      <sentence id="d000.s2217" source="wordnet-hungarian">
         <wf lemma="Minden" pos="X">Minden</wf>
         <wf lemma="kirakatban" pos="X">kirakatban</wf>
         <wf lemma="elhelyezett" pos="X">elhelyezett</wf>
         <wf lemma="egy-egy" pos="X">egy-egy</wf>
         <instance id="d000.s2217.t000" lemma="hirdetés" pos="NOUN">hirdetést</instance>
         <wf lemma="." pos="X">.</wf>
      </sentence>
      <sentence id="d000.s2218" source="wordnet-hungarian">
         <wf lemma="A" pos="X">A</wf>
         <instance id="d000.s2218.t000" lemma="pincérnő" pos="NOUN">pincérnő</instance>
         <wf lemma="a" pos="X">a</wf>
         <wf lemma="vendég" pos="X">vendég</wf>
         <wf lemma="ölébe" pos="X">ölébe</wf>
         <wf lemma="borította" pos="X">borította</wf>
         <wf lemma="az" pos="X">az</wf>
         <wf lemma="egész" pos="X">egész</wf>
         <wf lemma="tál" pos="X">tál</wf>
         <wf lemma="levest" pos="X">levest</wf>
         <wf lemma="." pos="X">.</wf>
      </sentence>
      <sentence id="d000.s2219" source="wordnet-hungarian">
         <wf lemma="Jobb" pos="X">Jobb</wf>
         <wf lemma="ha" pos="X">ha</wf>
         <instance id="d000.s2219.t000" lemma="villanyszerelő" pos="NOUN">villanyszerelőt</instance>
         <wf lemma="hívsz" pos="X">hívsz</wf>
         <wf lemma="," pos="X">,</wf>
         <wf lemma="mielőtt" pos="X">mielőtt</wf>
         <wf lemma="megráz" pos="X">megráz</wf>
         <wf lemma="az" pos="X">az</wf>
         <wf lemma="áram" pos="X">áram</wf>
         <wf lemma="!" pos="X">!</wf>
      </sentence>
      <sentence id="d000.s2220" source="wordnet-hungarian">
         <wf lemma="A" pos="X">A</wf>
         <instance id="d000.s2220.t000" lemma="koriander" pos="NOUN">koriandert</instance>
         <wf lemma="a" pos="X">a</wf>
         <wf lemma="régi" pos="X">régi</wf>
         <wf lemma="magyar" pos="X">magyar</wf>
         <wf lemma="népnyelv" pos="X">népnyelv</wf>
         <wf lemma="beléndfűként" pos="X">beléndfűként</wf>
         <wf lemma="," pos="X">,</wf>
         <wf lemma="zergefűként" pos="X">zergefűként</wf>
         <wf lemma="avagy" pos="X">avagy</wf>
         <wf lemma="cigánypetrezselyem" pos="X">cigánypetrezselyem</wf>
         <wf lemma="néven" pos="X">néven</wf>
         <wf lemma="említi" pos="X">említi</wf>
         <wf lemma="." pos="X">.</wf>
      </sentence>
      <sentence id="d000.s2221" source="wordnet-hungarian">
         <wf lemma="A" pos="X">A</wf>
         <wf lemma="szökőkútból" pos="X">szökőkútból</wf>
         <instance id="d000.s2221.t000" lemma="spriccel" pos="VERB">spriccelt</instance>
         <wf lemma="a" pos="X">a</wf>
         <wf lemma="víz" pos="X">víz</wf>
         <wf lemma="a" pos="X">a</wf>
         <wf lemma="járókelőkre" pos="X">járókelőkre</wf>
         <wf lemma="." pos="X">.</wf>
      </sentence>
      <sentence id="d000.s2222" source="wordnet-hungarian">
         <wf lemma="Az" pos="X">Az</wf>
         <wf lemma="orvosok" pos="X">orvosok</wf>
         <wf lemma="három" pos="X">három</wf>
         <wf lemma="hónapot" pos="X">hónapot</wf>
         <instance id="d000.s2222.t000" lemma="ad" pos="VERB">adtak</instance>
         <wf lemma="a" pos="X">a</wf>
         <wf lemma="betegnek" pos="X">betegnek</wf>
         <wf lemma="." pos="X">.</wf>
      </sentence>
      <sentence id="d000.s2223" source="wordnet-hungarian">
         <wf lemma="Intelligenciájának" pos="X">Intelligenciájának</wf>
         <wf lemma="foka" pos="X">foka</wf>
         <wf lemma="nem" pos="X">nem</wf>
         <wf lemma="érte" pos="X">érte</wf>
         <wf lemma="el" pos="X">el</wf>
         <wf lemma="azt" pos="X">azt</wf>
         <wf lemma="a" pos="X">a</wf>
         <instance id="d000.s2223.t000" lemma="szint" pos="NOUN">szintet</instance>
         <wf lemma="," pos="X">,</wf>
         <wf lemma="hogy" pos="X">hogy</wf>
         <wf lemma="meg" pos="X">meg</wf>
         <wf lemma="tudja" pos="X">tudja</wf>
         <wf lemma="oldani" pos="X">oldani</wf>
         <wf lemma="a" pos="X">a</wf>
         <wf lemma="feladatot" pos="X">feladatot</wf>
         <wf lemma="." pos="X">.</wf>
      </sentence>
      <sentence id="d000.s2224" source="wordnet-hungarian">
         <wf lemma="A" pos="X">A</wf>
         <instance id="d000.s2224.t000" lemma="humorista" pos="NOUN">humorista</instance>
         <wf lemma="nagy" pos="X">nagy</wf>
         <wf lemma="népszerűségnek" pos="X">népszerűségnek</wf>
         <wf lemma="örvend" pos="X">örvend</wf>
         <wf lemma="." pos="X">.</wf>
      </sentence>
      <sentence id="d000.s2225" source="wordnet-hungarian">
         <wf lemma="A" pos="X">A</wf>
         <wf lemma="szárazföldről" pos="X">szárazföldről</wf>
         <wf lemma="a" pos="X">a</wf>
         <instance id="d000.s2225.t000" lemma="földnyelv" pos="NOUN">földnyelv</instance>
         <wf lemma="hosszan" pos="X">hosszan</wf>
         <wf lemma="a" pos="X">a</wf>
         <wf lemma="tengerbe" pos="X">tengerbe</wf>
         <wf lemma="nyúlik" pos="X">nyúlik</wf>
         <wf lemma="." pos="X">.</wf>
      </sentence>
      <sentence id="d000.s2226" source="wordnet-hungarian">
         <wf lemma="A" pos="X">A</wf>
         <wf lemma="cég" pos="X">cég</wf>
         <wf lemma="két" pos="X">két</wf>
         <wf lemma="évszázad" pos="X">évszázad</wf>
         <wf lemma="óta" pos="X">óta</wf>
         <instance id="d000.s2226.t000" lemma="készít" pos="VERB">készít</instance>
         <wf lemma="játékokat" pos="X">játékokat</wf>
         <wf lemma="." pos="X">.</wf>
      </sentence>
      <sentence id="d000.s2227" source="wordnet-hungarian">
         <wf lemma="A" pos="X">A</wf>
         <wf lemma="lengyel" pos="X">lengyel</wf>
         <wf lemma="nemzet" pos="X">nemzet</wf>
         <wf lemma="gyógyszerek" pos="X">gyógyszerek</wf>
         <wf lemma="," pos="X">,</wf>
         <wf lemma="élelmiszerek" pos="X">élelmiszerek</wf>
         <wf lemma="és" pos="X">és</wf>
         <wf lemma="pénz" pos="X">pénz</wf>
         <instance id="d000.s2227.t000" lemma="forma" pos="NOUN">formájában</instance>
         <wf lemma="nyújtott" pos="X">nyújtott</wf>
         <wf lemma="segítséget" pos="X">segítséget</wf>
         <wf lemma="." pos="X">.</wf>
      </sentence>
      <sentence id="d000.s2228" source="wordnet-hungarian">
         <wf lemma="Éjfélkor" pos="X">Éjfélkor</wf>
         <wf lemma="felriadt" pos="X">felriadt</wf>
         <wf lemma="," pos="X">,</wf>
         <wf lemma="s" pos="X">s</wf>
         <wf lemma="ekkor" pos="X">ekkor</wf>
         <wf lemma="vette" pos="X">vette</wf>
         <wf lemma="észre" pos="X">észre</wf>
         <wf lemma="férje" pos="X">férje</wf>
         <instance id="d000.s2228.t000" lemma="álmatlanság" pos="NOUN">álmatlanságát</instance>
         <wf lemma="." pos="X">.</wf>
      </sentence>
      <sentence id="d000.s2229" source="wordnet-hungarian">
         <wf lemma="Ezzel" pos="X">Ezzel</wf>
         <wf lemma="kezdetét" pos="X">kezdetét</wf>
         <wf lemma="vette" pos="X">vette</wf>
         <wf lemma="a" pos="X">a</wf>
         <wf lemma="Római" pos="X">Római</wf>
         <wf lemma="Birodalom" pos="X">Birodalom</wf>
         <instance id="d000.s2229.t000" lemma="alkony" pos="NOUN">alkonya</instance>
         <wf lemma="." pos="X">.</wf>
      </sentence>
      <sentence id="d000.s2230" source="wordnet-hungarian">
         <wf lemma="A" pos="X">A</wf>
         <wf lemma="XIX." pos="X">XIX.</wf>
         <wf lemma="századra" pos="X">századra</wf>
         <wf lemma="a" pos="X">a</wf>
         <instance id="d000.s2230.t000" lemma="nőmozgalom" pos="NOUN">nőmozgalom</instance>
         <wf lemma="az" pos="X">az</wf>
         <wf lemma="Egyesült" pos="X">Egyesült</wf>
         <wf lemma="Államokban" pos="X">Államokban</wf>
         <wf lemma="nyert" pos="X">nyert</wf>
         <wf lemma="jelentősebb" pos="X">jelentősebb</wf>
         <wf lemma="befolyást" pos="X">befolyást</wf>
         <wf lemma="." pos="X">.</wf>
      </sentence>
      <sentence id="d000.s2231" source="wordnet-hungarian">
         <wf lemma="A" pos="X">A</wf>
         <wf lemma="megnövekedett" pos="X">megnövekedett</wf>
         <wf lemma="hívőszám" pos="X">hívőszám</wf>
         <wf lemma="miatt" pos="X">miatt</wf>
         <wf lemma="felveszünk" pos="X">felveszünk</wf>
         <wf lemma="főállású" pos="X">főállású</wf>
         <instance id="d000.s2231.t000" lemma="sekrestyés" pos="NOUN">sekrestyést</instance>
         <wf lemma="és" pos="X">és</wf>
         <wf lemma="állandó" pos="X">állandó</wf>
         <wf lemma="diakónust" pos="X">diakónust</wf>
         <wf lemma="." pos="X">.</wf>
      </sentence>
      <sentence id="d000.s2232" source="wordnet-hungarian">
         <wf lemma="A" pos="X">A</wf>
         <instance id="d000.s2232.t000" lemma="csavar" pos="NOUN">csavarokkal</instance>
         <wf lemma="rögzítjük" pos="X">rögzítjük</wf>
         <wf lemma="a" pos="X">a</wf>
         <wf lemma="táblát" pos="X">táblát</wf>
         <wf lemma="." pos="X">.</wf>
      </sentence>
      <sentence id="d000.s2233" source="wordnet-hungarian">
         <wf lemma="Az" pos="X">Az</wf>
         <wf lemma="SI" pos="X">SI</wf>
         <wf lemma="mértékrendszerben" pos="X">mértékrendszerben</wf>
         <wf lemma="a" pos="X">a</wf>
         <wf lemma="tonna" pos="X">tonna</wf>
         <wf lemma="(" pos="X">(</wf>
         <wf lemma="1000" pos="X">1000</wf>
         <wf lemma="kg" pos="X">kg</wf>
         <wf lemma=")" pos="X">)</wf>
         <wf lemma="átmenetileg" pos="X">átmenetileg</wf>
         <wf lemma="használható" pos="X">használható</wf>
         <instance id="d000.s2233.t000" lemma="tömegegység" pos="NOUN">tömegegység</instance>
         <wf lemma="." pos="X">.</wf>
      </sentence>
      <sentence id="d000.s2234" source="wordnet-hungarian">
         <wf lemma="Az" pos="X">Az</wf>
         <wf lemma="első" pos="X">első</wf>
         <instance id="d000.s2234.t000" lemma="emelet" pos="NOUN">emeleten</instance>
         <wf lemma="van" pos="X">van</wf>
         <wf lemma="a" pos="X">a</wf>
         <wf lemma="posta" pos="X">posta</wf>
         <wf lemma="." pos="X">.</wf>
      </sentence>
      <sentence id="d000.s2235" source="wordnet-hungarian">
         <wf lemma="Az" pos="X">Az</wf>
         <wf lemma="esszé" pos="X">esszé</wf>
         <wf lemma="dialógus" pos="X">dialógus</wf>
         <instance id="d000.s2235.t000" lemma="forma" pos="NOUN">formában</instance>
         <wf lemma="volt" pos="X">volt</wf>
         <wf lemma="megírva" pos="X">megírva</wf>
         <wf lemma="." pos="X">.</wf>
      </sentence>
      <sentence id="d000.s2236" source="wordnet-hungarian">
         <wf lemma="Héderváry" pos="X">Héderváry</wf>
         <wf lemma="Kont" pos="X">Kont</wf>
         <wf lemma="István" pos="X">István</wf>
         <wf lemma="az" pos="X">az</wf>
         <wf lemma="egykor" pos="X">egykor</wf>
         <wf lemma="itt" pos="X">itt</wf>
         <wf lemma="állt" pos="X">állt</wf>
         <wf lemma="szürke" pos="X">szürke</wf>
         <wf lemma="nyárfa" pos="X">nyárfa</wf>
         <wf lemma="alatt" pos="X">alatt</wf>
         <wf lemma="szőtte" pos="X">szőtte</wf>
         <instance id="d000.s2236.t000" lemma="összeesküvés" pos="NOUN">összeesküvését</instance>
         <wf lemma="az" pos="X">az</wf>
         <wf lemma="idegen" pos="X">idegen</wf>
         <wf lemma="uralkodó" pos="X">uralkodó</wf>
         <wf lemma="ellen" pos="X">ellen</wf>
         <wf lemma="." pos="X">.</wf>
      </sentence>
      <sentence id="d000.s2237" source="wordnet-hungarian">
         <wf lemma="Hozd" pos="X">Hozd</wf>
         <wf lemma="vissza" pos="X">vissza</wf>
         <wf lemma="a" pos="X">a</wf>
         <wf lemma="kilőtt" pos="X">kilőtt</wf>
         <instance id="d000.s2237.t000" lemma="nyílvessző" pos="NOUN">nyílvesszőket</instance>
         <wf lemma="," pos="X">,</wf>
         <wf lemma="amelyek" pos="X">amelyek</wf>
         <wf lemma="a" pos="X">a</wf>
         <wf lemma="fába" pos="X">fába</wf>
         <wf lemma="fúródtak" pos="X">fúródtak</wf>
         <wf lemma="!" pos="X">!</wf>
      </sentence>
      <sentence id="d000.s2238" source="wordnet-hungarian">
         <wf lemma="A" pos="X">A</wf>
         <instance id="d000.s2238.t000" lemma="litván" pos="NOUN">litvánok</instance>
         <wf lemma="hivatalosan" pos="X">hivatalosan</wf>
         <wf lemma="csak" pos="X">csak</wf>
         <wf lemma="1386-ban" pos="X">1386-ban</wf>
         <wf lemma="vették" pos="X">vették</wf>
         <wf lemma="fel" pos="X">fel</wf>
         <wf lemma="a" pos="X">a</wf>
         <wf lemma="latin" pos="X">latin</wf>
         <wf lemma="rítusú" pos="X">rítusú</wf>
         <wf lemma="kereszténységet" pos="X">kereszténységet</wf>
         <wf lemma="." pos="X">.</wf>
      </sentence>
      <sentence id="d000.s2239" source="wordnet-hungarian">
         <wf lemma="Míg" pos="X">Míg</wf>
         <wf lemma="mi" pos="X">mi</wf>
         <wf lemma="magyarok" pos="X">magyarok</wf>
         <wf lemma="alig" pos="X">alig</wf>
         <wf lemma="5" pos="X">5</wf>
         <wf lemma="kilónyi" pos="X">kilónyi</wf>
         <wf lemma="tésztát" pos="X">tésztát</wf>
         <wf lemma="fogyasztunk" pos="X">fogyasztunk</wf>
         <wf lemma="éves" pos="X">éves</wf>
         <wf lemma="szinten" pos="X">szinten</wf>
         <wf lemma="," pos="X">,</wf>
         <wf lemma="addig" pos="X">addig</wf>
         <wf lemma="a" pos="X">a</wf>
         <instance id="d000.s2239.t000" lemma="szicíliai" pos="NOUN">szicíliaiak</instance>
         <wf lemma="fejadagja" pos="X">fejadagja</wf>
         <wf lemma="kereken" pos="X">kereken</wf>
         <wf lemma="25" pos="X">25</wf>
         <wf lemma="kilogramm" pos="X">kilogramm</wf>
         <wf lemma="." pos="X">.</wf>
      </sentence>
      <sentence id="d000.s2240" source="wordnet-hungarian">
         <wf lemma="Jövőre" pos="X">Jövőre</wf>
         <wf lemma="kerül" pos="X">kerül</wf>
         <wf lemma="sor" pos="X">sor</wf>
         <wf lemma="a" pos="X">a</wf>
         <wf lemma="társaságban" pos="X">társaságban</wf>
         <wf lemma="való" pos="X">való</wf>
         <instance id="d000.s2240.t000" lemma="bemutatás" pos="NOUN">bemutatására</instance>
         <wf lemma="." pos="X">.</wf>
      </sentence>
      <sentence id="d000.s2241" source="wordnet-hungarian">
         <wf lemma="A" pos="X">A</wf>
         <wf lemma="hazai" pos="X">hazai</wf>
         <instance id="d000.s2241.t000" lemma="bortermelés" pos="NOUN">bortermelés</instance>
         <wf lemma="fellendülőben" pos="X">fellendülőben</wf>
         <wf lemma="van" pos="X">van</wf>
         <wf lemma="." pos="X">.</wf>
      </sentence>
      <sentence id="d000.s2242" source="wordnet-hungarian">
         <wf lemma="A" pos="X">A</wf>
         <wf lemma="fehérvérsejtek" pos="X">fehérvérsejtek</wf>
         <wf lemma="kulcsszerepet" pos="X">kulcsszerepet</wf>
         <wf lemma="játszanak" pos="X">játszanak</wf>
         <wf lemma="a" pos="X">a</wf>
         <instance id="d000.s2242.t000" lemma="gyulladás" pos="NOUN">gyulladás</instance>
         <wf lemma="folyamatában" pos="X">folyamatában</wf>
         <wf lemma="." pos="X">.</wf>
      </sentence>
      <sentence id="d000.s2243" source="wordnet-hungarian">
         <wf lemma="Tisztában" pos="X">Tisztában</wf>
         <wf lemma="volt" pos="X">volt</wf>
         <wf lemma="a" pos="X">a</wf>
         <wf lemma="helyzet" pos="X">helyzet</wf>
         <instance id="d000.s2243.t000" lemma="veszély" pos="NOUN">veszélyeivel</instance>
         <wf lemma="." pos="X">.</wf>
      </sentence>
      <sentence id="d000.s2244" source="wordnet-hungarian">
         <wf lemma="A" pos="X">A</wf>
         <wf lemma="helyszínen" pos="X">helyszínen</wf>
         <wf lemma="az" pos="X">az</wf>
         <wf lemma="átlagosnál" pos="X">átlagosnál</wf>
         <wf lemma="magasabb" pos="X">magasabb</wf>
         <instance id="d000.s2244.t000" lemma="sugárzás" pos="NOUN">sugárzás</instance>
         <wf lemma="mérhető" pos="X">mérhető</wf>
         <wf lemma="." pos="X">.</wf>
      </sentence>
      <sentence id="d000.s2245" source="wordnet-hungarian">
         <wf lemma="Szép" pos="X">Szép</wf>
         <instance id="d000.s2245.t000" lemma="halál" pos="NOUN">halála</instance>
         <wf lemma="volt" pos="X">volt</wf>
         <wf lemma="." pos="X">.</wf>
      </sentence>
      <sentence id="d000.s2246" source="wordnet-hungarian">
         <wf lemma="A" pos="X">A</wf>
         <wf lemma="pont" pos="X">pont</wf>
         <wf lemma="ugyanazon" pos="X">ugyanazon</wf>
         <wf lemma="a" pos="X">a</wf>
         <instance id="d000.s2246.t000" lemma="sík" pos="NOUN">síkon</instance>
         <wf lemma="helyezkedik" pos="X">helyezkedik</wf>
         <wf lemma="el" pos="X">el</wf>
         <wf lemma="." pos="X">.</wf>
      </sentence>
      <sentence id="d000.s2247" source="wordnet-hungarian">
         <wf lemma="A" pos="X">A</wf>
         <instance id="d000.s2247.t000" lemma="kérdező" pos="NOUN">kérdező</instance>
         <wf lemma="program" pos="X">program</wf>
         <wf lemma="megjeleníti" pos="X">megjeleníti</wf>
         <wf lemma="a" pos="X">a</wf>
         <wf lemma="kérdőív" pos="X">kérdőív</wf>
         <wf lemma="elektronikus" pos="X">elektronikus</wf>
         <wf lemma="formáját" pos="X">formáját</wf>
         <wf lemma="és" pos="X">és</wf>
         <wf lemma="irányítja" pos="X">irányítja</wf>
         <wf lemma="a" pos="X">a</wf>
         <wf lemma="kérdezőt" pos="X">kérdezőt</wf>
         <wf lemma="." pos="X">.</wf>
      </sentence>
      <sentence id="d000.s2248" source="wordnet-hungarian">
         <wf lemma="Az" pos="X">Az</wf>
         <wf lemma="állatkertben" pos="X">állatkertben</wf>
         <wf lemma="három" pos="X">három</wf>
         <instance id="d000.s2248.t000" lemma="strucc" pos="NOUN">struccot</instance>
         <wf lemma="is" pos="X">is</wf>
         <wf lemma="megnézhettek" pos="X">megnézhettek</wf>
         <wf lemma="a" pos="X">a</wf>
         <wf lemma="gyerekek" pos="X">gyerekek</wf>
         <wf lemma="." pos="X">.</wf>
      </sentence>
      <sentence id="d000.s2249" source="wordnet-hungarian">
         <wf lemma="Tanárként" pos="X">Tanárként</wf>
         <instance id="d000.s2249.t000" lemma="végez" pos="VERB">végzett</instance>
         <wf lemma="de" pos="X">de</wf>
         <wf lemma="nem" pos="X">nem</wf>
         <wf lemma="gyakorolja" pos="X">gyakorolja</wf>
         <wf lemma="a" pos="X">a</wf>
         <wf lemma="hivatását" pos="X">hivatását</wf>
         <wf lemma="." pos="X">.</wf>
      </sentence>
      <sentence id="d000.s2250" source="wordnet-hungarian">
         <wf lemma="A" pos="X">A</wf>
         <instance id="d000.s2250.t000" lemma="pó" pos="NOUN">Pó</instance>
         <wf lemma="vízgyűjtőterülete" pos="X">vízgyűjtőterülete</wf>
         <wf lemma="(" pos="X">(</wf>
         <wf lemma="72" pos="X">72</wf>
         <wf lemma="000" pos="X">000</wf>
         <wf lemma="km2˛" pos="X">km2˛</wf>
         <wf lemma=")" pos="X">)</wf>
         <wf lemma="az" pos="X">az</wf>
         <wf lemma="ország" pos="X">ország</wf>
         <wf lemma="területének" pos="X">területének</wf>
         <wf lemma="közel" pos="X">közel</wf>
         <wf lemma="egynegyede" pos="X">egynegyede</wf>
         <wf lemma=";" pos="X">;</wf>
         <wf lemma="Ferrarától" pos="X">Ferrarától</wf>
         <wf lemma="(" pos="X">(</wf>
         <wf lemma="60" pos="X">60</wf>
         <wf lemma="km" pos="X">km</wf>
         <wf lemma="a" pos="X">a</wf>
         <wf lemma="tengertől" pos="X">tengertől</wf>
         <wf lemma=")" pos="X">)</wf>
         <wf lemma="kezdődő" pos="X">kezdődő</wf>
         <wf lemma="deltája" pos="X">deltája</wf>
         <wf lemma="is" pos="X">is</wf>
         <wf lemma="hatalmas" pos="X">hatalmas</wf>
         <wf lemma="(" pos="X">(</wf>
         <wf lemma="380" pos="X">380</wf>
         <wf lemma="km2˛" pos="X">km2˛</wf>
         <wf lemma=")" pos="X">)</wf>
         <wf lemma="kiterjedésű" pos="X">kiterjedésű</wf>
         <wf lemma=";" pos="X">;</wf>
         <wf lemma="öt" pos="X">öt</wf>
         <wf lemma="fő" pos="X">fő</wf>
         <wf lemma="ága" pos="X">ága</wf>
         <wf lemma="név" pos="X">név</wf>
         <wf lemma="szerint" pos="X">szerint</wf>
         <wf lemma=":" pos="X">:</wf>
         <wf lemma="Po" pos="X">Po</wf>
         <wf lemma="di" pos="X">di</wf>
         <wf lemma="Maestra" pos="X">Maestra</wf>
         <wf lemma="," pos="X">,</wf>
         <wf lemma="Po" pos="X">Po</wf>
         <wf lemma="della" pos="X">della</wf>
         <wf lemma="Pila" pos="X">Pila</wf>
         <wf lemma="," pos="X">,</wf>
         <wf lemma="Po" pos="X">Po</wf>
         <wf lemma="delle" pos="X">delle</wf>
         <wf lemma="Tolle" pos="X">Tolle</wf>
         <wf lemma="," pos="X">,</wf>
         <wf lemma="Po" pos="X">Po</wf>
         <wf lemma="di" pos="X">di</wf>
         <wf lemma="Gnocca" pos="X">Gnocca</wf>
         <wf lemma="és" pos="X">és</wf>
         <wf lemma="Po" pos="X">Po</wf>
         <wf lemma="di" pos="X">di</wf>
         <wf lemma="Goro." pos="X">Goro.</wf>
      </sentence>
      <sentence id="d000.s2251" source="wordnet-hungarian">
         <wf lemma="A" pos="X">A</wf>
         <wf lemma="népet" pos="X">népet</wf>
         <wf lemma="meg" pos="X">meg</wf>
         <wf lemma="megveszi" pos="X">megveszi</wf>
         <wf lemma="a" pos="X">a</wf>
         <wf lemma="nyugat" pos="X">nyugat</wf>
         <instance id="d000.s2251.t000" lemma="kuli" pos="NOUN">kulinak</instance>
         <wf lemma="a" pos="X">a</wf>
         <wf lemma="pesti" pos="X">pesti</wf>
         <wf lemma="rabszolgapiacon" pos="X">rabszolgapiacon</wf>
         <wf lemma="." pos="X">.</wf>
      </sentence>
      <sentence id="d000.s2252" source="wordnet-hungarian">
         <instance id="d000.s2252.t000" lemma="köszönet" pos="NOUN">Köszönetet</instance>
         <wf lemma="mondott" pos="X">mondott</wf>
         <wf lemma="a" pos="X">a</wf>
         <wf lemma="segítségért" pos="X">segítségért</wf>
         <wf lemma="." pos="X">.</wf>
      </sentence>
      <sentence id="d000.s2253" source="wordnet-hungarian">
         <wf lemma="A" pos="X">A</wf>
         <wf lemma="négyzet" pos="X">négyzet</wf>
         <instance id="d000.s2253.t000" lemma="kerület" pos="NOUN">kerülete</instance>
         <wf lemma="mentén" pos="X">mentén</wf>
         <wf lemma="megvastagította" pos="X">megvastagította</wf>
         <wf lemma="a" pos="X">a</wf>
         <wf lemma="vonalat" pos="X">vonalat</wf>
         <wf lemma="." pos="X">.</wf>
      </sentence>
      <sentence id="d000.s2254" source="wordnet-hungarian">
         <wf lemma="A" pos="X">A</wf>
         <wf lemma="fohagymát" pos="X">fohagymát</wf>
         <wf lemma="szedjük" pos="X">szedjük</wf>
         <wf lemma="szét" pos="X">szét</wf>
         <instance id="d000.s2254.t000" lemma="gerezd" pos="NOUN">gerezdekre</instance>
         <wf lemma="és" pos="X">és</wf>
         <wf lemma="nyomjuk" pos="X">nyomjuk</wf>
         <wf lemma="össze" pos="X">össze</wf>
         <wf lemma="." pos="X">.</wf>
      </sentence>
      <sentence id="d000.s2255" source="wordnet-hungarian">
         <wf lemma="A" pos="X">A</wf>
         <wf lemma="tanszéken" pos="X">tanszéken</wf>
         <instance id="d000.s2255.t000" lemma="geofizika" pos="NOUN">geofizikát</instance>
         <wf lemma="is" pos="X">is</wf>
         <wf lemma="oktatnak" pos="X">oktatnak</wf>
         <wf lemma="." pos="X">.</wf>
      </sentence>
      <sentence id="d000.s2256" source="wordnet-hungarian">
         <wf lemma="A" pos="X">A</wf>
         <wf lemma="háromdimenziós" pos="X">háromdimenziós</wf>
         <wf lemma="mértani" pos="X">mértani</wf>
         <wf lemma="alakzatokat" pos="X">alakzatokat</wf>
         <instance id="d000.s2256.t000" lemma="test" pos="NOUN">testeknek</instance>
         <wf lemma="nevezzük" pos="X">nevezzük</wf>
         <wf lemma="." pos="X">.</wf>
      </sentence>
      <sentence id="d000.s2257" source="wordnet-hungarian">
         <wf lemma="Ez" pos="X">Ez</wf>
         <wf lemma="a" pos="X">a</wf>
         <instance id="d000.s2257.t000" lemma="tél" pos="NOUN">telek</instance>
         <wf lemma="nem" pos="X">nem</wf>
         <wf lemma="alkalmas" pos="X">alkalmas</wf>
         <wf lemma="arra" pos="X">arra</wf>
         <wf lemma="," pos="X">,</wf>
         <wf lemma="hogy" pos="X">hogy</wf>
         <wf lemma="iskola" pos="X">iskola</wf>
         <wf lemma="épüljön" pos="X">épüljön</wf>
         <wf lemma="rajta" pos="X">rajta</wf>
         <wf lemma="." pos="X">.</wf>
      </sentence>
      <sentence id="d000.s2258" source="wordnet-hungarian">
         <wf lemma="A" pos="X">A</wf>
         <wf lemma="férfi" pos="X">férfi</wf>
         <wf lemma="csapat" pos="X">csapat</wf>
         <wf lemma="a" pos="X">a</wf>
         <wf lemma="második" pos="X">második</wf>
         <instance id="d000.s2258.t000" lemma="divízió" pos="NOUN">divízió</instance>
         <wf lemma="egyenes" pos="X">egyenes</wf>
         <wf lemma="kieséses" pos="X">kieséses</wf>
         <wf lemma="szakaszában" pos="X">szakaszában</wf>
         <wf lemma="3-1-re" pos="X">3-1-re</wf>
         <wf lemma="nyert" pos="X">nyert</wf>
         <wf lemma="." pos="X">.</wf>
      </sentence>
      <sentence id="d000.s2259" source="wordnet-hungarian">
         <wf lemma="A" pos="X">A</wf>
         <instance id="d000.s2259.t000" lemma="szivacs" pos="NOUN">szivacs</instance>
         <wf lemma="annak" pos="X">annak</wf>
         <wf lemma="ellenére" pos="X">ellenére</wf>
         <wf lemma="állat" pos="X">állat</wf>
         <wf lemma="," pos="X">,</wf>
         <wf lemma="hogy" pos="X">hogy</wf>
         <wf lemma="nem" pos="X">nem</wf>
         <wf lemma="képes" pos="X">képes</wf>
         <wf lemma="helyváltoztató" pos="X">helyváltoztató</wf>
         <wf lemma="mozgásra" pos="X">mozgásra</wf>
         <wf lemma="." pos="X">.</wf>
      </sentence>
      <sentence id="d000.s2260" source="wordnet-hungarian">
         <wf lemma="A" pos="X">A</wf>
         <wf lemma="liberálisok" pos="X">liberálisok</wf>
         <wf lemma="jövőjüket" pos="X">jövőjüket</wf>
         <wf lemma="leginkább" pos="X">leginkább</wf>
         <wf lemma="a" pos="X">a</wf>
         <wf lemma="politikai" pos="X">politikai</wf>
         <instance id="d000.s2260.t000" lemma="közép" pos="NOUN">közép</instance>
         <wf lemma="felé" pos="X">felé</wf>
         <wf lemma="terjeszkedve" pos="X">terjeszkedve</wf>
         <wf lemma="tudják" pos="X">tudják</wf>
         <wf lemma="biztosítani" pos="X">biztosítani</wf>
         <wf lemma="." pos="X">.</wf>
      </sentence>
      <sentence id="d000.s2261" source="wordnet-hungarian">
         <wf lemma="A" pos="X">A</wf>
         <wf lemma="mellékelt" pos="X">mellékelt</wf>
         <wf lemma="ábrán" pos="X">ábrán</wf>
         <wf lemma="édesapám" pos="X">édesapám</wf>
         <instance id="d000.s2261.t000" lemma="családfa" pos="NOUN">családfáját</instance>
         <wf lemma="vagyis" pos="X">vagyis</wf>
         <wf lemma="a" pos="X">a</wf>
         <wf lemma="családfám" pos="X">családfám</wf>
         <wf lemma="bukovinai" pos="X">bukovinai</wf>
         <wf lemma="ágát" pos="X">ágát</wf>
         <wf lemma="tüntettem" pos="X">tüntettem</wf>
         <wf lemma="fel" pos="X">fel</wf>
         <wf lemma="." pos="X">.</wf>
      </sentence>
      <sentence id="d000.s2262" source="wordnet-hungarian">
         <wf lemma="Vegyél" pos="X">Vegyél</wf>
         <instance id="d000.s2262.t000" lemma="borjúhús" pos="NOUN">borjúhúst</instance>
         <wf lemma="amikor" pos="X">amikor</wf>
         <wf lemma="bemész" pos="X">bemész</wf>
         <wf lemma="a" pos="X">a</wf>
         <wf lemma="városba" pos="X">városba</wf>
         <wf lemma="," pos="X">,</wf>
         <wf lemma="hogy" pos="X">hogy</wf>
         <wf lemma="valami" pos="X">valami</wf>
         <wf lemma="finomat" pos="X">finomat</wf>
         <wf lemma="tudjak" pos="X">tudjak</wf>
         <wf lemma="készíteni" pos="X">készíteni</wf>
         <wf lemma="a" pos="X">a</wf>
         <wf lemma="vendégeknek" pos="X">vendégeknek</wf>
         <wf lemma="." pos="X">.</wf>
      </sentence>
      <sentence id="d000.s2263" source="wordnet-hungarian">
         <wf lemma="Valami" pos="X">Valami</wf>
         <wf lemma="nagyon" pos="X">nagyon</wf>
         <wf lemma="furcsa" pos="X">furcsa</wf>
         <instance id="d000.s2263.t000" lemma="hang" pos="NOUN">hangra</instance>
         <wf lemma="ébredtem" pos="X">ébredtem</wf>
         <wf lemma="a" pos="X">a</wf>
         <wf lemma="reggel" pos="X">reggel</wf>
         <wf lemma="." pos="X">.</wf>
      </sentence>
      <sentence id="d000.s2264" source="wordnet-hungarian">
         <wf lemma="A" pos="X">A</wf>
         <instance id="d000.s2264.t000" lemma="kovácsműhely" pos="NOUN">kovácsműhelyben</instance>
         <wf lemma="általában" pos="X">általában</wf>
         <wf lemma="meleg" pos="X">meleg</wf>
         <wf lemma="van" pos="X">van</wf>
         <wf lemma="." pos="X">.</wf>
      </sentence>
      <sentence id="d000.s2265" source="wordnet-hungarian">
         <wf lemma="Az" pos="X">Az</wf>
         <instance id="d000.s2265.t000" lemma="újszülött" pos="NOUN">újszülött</instance>
         <wf lemma="szinte" pos="X">szinte</wf>
         <wf lemma="egész" pos="X">egész</wf>
         <wf lemma="nap" pos="X">nap</wf>
         <wf lemma="aludt" pos="X">aludt</wf>
         <wf lemma="." pos="X">.</wf>
      </sentence>
      <sentence id="d000.s2266" source="wordnet-hungarian">
         <wf lemma="Egy" pos="X">Egy</wf>
         <wf lemma="fiatal" pos="X">fiatal</wf>
         <instance id="d000.s2266.t000" lemma="pár" pos="NOUN">pár</instance>
         <wf lemma="érkezett" pos="X">érkezett</wf>
         <wf lemma="közösségünkbe" pos="X">közösségünkbe</wf>
         <wf lemma="Miskolcról" pos="X">Miskolcról</wf>
         <wf lemma="." pos="X">.</wf>
      </sentence>
      <sentence id="d000.s2267" source="wordnet-hungarian">
         <wf lemma="A" pos="X">A</wf>
         <wf lemma="nagymamám" pos="X">nagymamám</wf>
         <wf lemma="a" pos="X">a</wf>
         <wf lemma="középső" pos="X">középső</wf>
         <instance id="d000.s2267.t000" lemma="lépcsőfok" pos="NOUN">lépcsőfokon</instance>
         <wf lemma="kicsit" pos="X">kicsit</wf>
         <wf lemma="megpihent" pos="X">megpihent</wf>
         <wf lemma="." pos="X">.</wf>
      </sentence>
      <sentence id="d000.s2268" source="wordnet-hungarian">
         <wf lemma="A" pos="X">A</wf>
         <wf lemma="program" pos="X">program</wf>
         <wf lemma="csak" pos="X">csak</wf>
         <instance id="d000.s2268.t000" lemma="felnőtt" pos="NOUN">felnőtteknek</instance>
         <wf lemma="szól" pos="X">szól</wf>
         <wf lemma="." pos="X">.</wf>
      </sentence>
      <sentence id="d000.s2269" source="wordnet-hungarian">
         <wf lemma="Az" pos="X">Az</wf>
         <wf lemma="aktív" pos="X">aktív</wf>
         <wf lemma="szabadidős" pos="X">szabadidős</wf>
         <instance id="d000.s2269.t000" lemma="tevékenység" pos="NOUN">tevékenységek</instance>
         <wf lemma="közé" pos="X">közé</wf>
         <wf lemma="tartozhatnak" pos="X">tartozhatnak</wf>
         <wf lemma="a" pos="X">a</wf>
         <wf lemma="testmozgás" pos="X">testmozgás</wf>
         <wf lemma="," pos="X">,</wf>
         <wf lemma="az" pos="X">az</wf>
         <wf lemma="alkotás" pos="X">alkotás</wf>
         <wf lemma="," pos="X">,</wf>
         <wf lemma="a" pos="X">a</wf>
         <wf lemma="művelődés" pos="X">művelődés</wf>
         <wf lemma="és" pos="X">és</wf>
         <wf lemma="a" pos="X">a</wf>
         <wf lemma="társas" pos="X">társas</wf>
         <wf lemma="szórakozás" pos="X">szórakozás</wf>
         <wf lemma="különböző" pos="X">különböző</wf>
         <wf lemma="formái" pos="X">formái</wf>
         <wf lemma="." pos="X">.</wf>
      </sentence>
      <sentence id="d000.s2270" source="wordnet-hungarian">
         <wf lemma="Nem" pos="X">Nem</wf>
         <wf lemma="tűnik" pos="X">tűnik</wf>
         <wf lemma="nagyon" pos="X">nagyon</wf>
         <wf lemma="lehetetlennek" pos="X">lehetetlennek</wf>
         <wf lemma="a" pos="X">a</wf>
         <wf lemma="milliárdos" pos="X">milliárdos</wf>
         <instance id="d000.s2270.t000" lemma="nagyságrend" pos="NOUN">nagyságrend</instance>
         <wf lemma="elérése" pos="X">elérése</wf>
         <wf lemma="." pos="X">.</wf>
      </sentence>
      <sentence id="d000.s2271" source="wordnet-hungarian">
         <wf lemma="Csak" pos="X">Csak</wf>
         <wf lemma="a" pos="X">a</wf>
         <instance id="d000.s2271.t000" lemma="szigony" pos="NOUN">szigony</instance>
         <wf lemma="segítségével" pos="X">segítségével</wf>
         <wf lemma="tudta" pos="X">tudta</wf>
         <wf lemma="elejteni" pos="X">elejteni</wf>
         <wf lemma="a" pos="X">a</wf>
         <wf lemma="cetet" pos="X">cetet</wf>
         <wf lemma="." pos="X">.</wf>
      </sentence>
      <sentence id="d000.s2272" source="wordnet-hungarian">
         <wf lemma="A" pos="X">A</wf>
         <wf lemma="zsákok" pos="X">zsákok</wf>
         <instance id="d000.s2272.t000" lemma="raktározás" pos="NOUN">raktározását</instance>
         <wf lemma="az" pos="X">az</wf>
         <wf lemma="alvállalkozóra" pos="X">alvállalkozóra</wf>
         <wf lemma="bízta" pos="X">bízta</wf>
         <wf lemma="." pos="X">.</wf>
      </sentence>
      <sentence id="d000.s2273" source="wordnet-hungarian">
         <wf lemma="A" pos="X">A</wf>
         <wf lemma="Földön" pos="X">Földön</wf>
         <wf lemma="hét" pos="X">hét</wf>
         <instance id="d000.s2273.t000" lemma="földrész" pos="NOUN">földrész</instance>
         <wf lemma="található" pos="X">található</wf>
         <wf lemma="." pos="X">.</wf>
      </sentence>
      <sentence id="d000.s2274" source="wordnet-hungarian">
         <wf lemma="A" pos="X">A</wf>
         <wf lemma="szék" pos="X">szék</wf>
         <instance id="d000.s2274.t000" lemma="láb" pos="NOUN">lába</instance>
         <wf lemma="kitört" pos="X">kitört</wf>
         <wf lemma="a" pos="X">a</wf>
         <wf lemma="családi" pos="X">családi</wf>
         <wf lemma="veszekedésben" pos="X">veszekedésben</wf>
         <wf lemma="." pos="X">.</wf>
      </sentence>
      <sentence id="d000.s2275" source="wordnet-hungarian">
         <wf lemma="Az" pos="X">Az</wf>
         <wf lemma="ételek" pos="X">ételek</wf>
         <wf lemma="ízesítésére" pos="X">ízesítésére</wf>
         <wf lemma="használt" pos="X">használt</wf>
         <instance id="d000.s2275.t000" lemma="só" pos="NOUN">só</instance>
         <wf lemma="a" pos="X">a</wf>
         <wf lemma="nátrium-klorid" pos="X">nátrium-klorid</wf>
         <wf lemma="." pos="X">.</wf>
      </sentence>
      <sentence id="d000.s2276" source="wordnet-hungarian">
         <wf lemma="Még" pos="X">Még</wf>
         <wf lemma="nem" pos="X">nem</wf>
         <wf lemma="fizettem" pos="X">fizettem</wf>
         <wf lemma="be" pos="X">be</wf>
         <wf lemma="az" pos="X">az</wf>
         <wf lemma="útlevél" pos="X">útlevél</wf>
         <wf lemma="kérvényezéséhez" pos="X">kérvényezéséhez</wf>
         <wf lemma="szükséges" pos="X">szükséges</wf>
         <instance id="d000.s2276.t000" lemma="illeték" pos="NOUN">illetéket</instance>
         <wf lemma="." pos="X">.</wf>
      </sentence>
      <sentence id="d000.s2277" source="wordnet-hungarian">
         <wf lemma="Lopott" pos="X">Lopott</wf>
         <wf lemma="hitelkártyával" pos="X">hitelkártyával</wf>
         <wf lemma="fizetett" pos="X">fizetett</wf>
         <wf lemma="a" pos="X">a</wf>
         <wf lemma="bordélyban" pos="X">bordélyban</wf>
         <wf lemma="egy" pos="X">egy</wf>
         <wf lemma="francia" pos="X">francia</wf>
         <instance id="d000.s2277.t000" lemma="államügyész" pos="NOUN">államügyész</instance>
         <wf lemma="." pos="X">.</wf>
      </sentence>
      <sentence id="d000.s2278" source="wordnet-hungarian">
         <wf lemma="Finom" pos="X">Finom</wf>
         <instance id="d000.s2278.t000" lemma="dzsem" pos="NOUN">dzsemet</instance>
         <wf lemma="készíthetünk" pos="X">készíthetünk</wf>
         <wf lemma="nem" pos="X">nem</wf>
         <wf lemma="magvaváló" pos="X">magvaváló</wf>
         <wf lemma="ringlószilvából" pos="X">ringlószilvából</wf>
         <wf lemma="is" pos="X">is</wf>
         <wf lemma="." pos="X">.</wf>
      </sentence>
      <sentence id="d000.s2279" source="wordnet-hungarian">
         <wf lemma="Az" pos="X">Az</wf>
         <instance id="d000.s2279.t000" lemma="állatöv" pos="NOUN">állatöv</instance>
         <wf lemma="12" pos="X">12</wf>
         <wf lemma="látható" pos="X">látható</wf>
         <wf lemma="csillagképe" pos="X">csillagképe</wf>
         <wf lemma="az" pos="X">az</wf>
         <wf lemma="égbolton" pos="X">égbolton</wf>
         <wf lemma="különböző" pos="X">különböző</wf>
         <wf lemma="nagyságú" pos="X">nagyságú</wf>
         <wf lemma="területeket" pos="X">területeket</wf>
         <wf lemma="foglal" pos="X">foglal</wf>
         <wf lemma="el" pos="X">el</wf>
         <wf lemma="," pos="X">,</wf>
         <wf lemma="ezért" pos="X">ezért</wf>
         <wf lemma="geometriai" pos="X">geometriai</wf>
         <wf lemma="vetülete" pos="X">vetülete</wf>
         <wf lemma="folytán" pos="X">folytán</wf>
         <wf lemma="az" pos="X">az</wf>
         <wf lemma="égi" pos="X">égi</wf>
         <wf lemma="egyenlítőből" pos="X">egyenlítőből</wf>
         <wf lemma="(" pos="X">(</wf>
         <wf lemma="ekliptikából" pos="X">ekliptikából</wf>
         <wf lemma=")" pos="X">)</wf>
         <wf lemma="is" pos="X">is</wf>
         <wf lemma="különböző" pos="X">különböző</wf>
         <wf lemma="méretű" pos="X">méretű</wf>
         <wf lemma="körcikket" pos="X">körcikket</wf>
         <wf lemma="fed" pos="X">fed</wf>
         <wf lemma="le" pos="X">le</wf>
         <wf lemma="." pos="X">.</wf>
      </sentence>
      <sentence id="d000.s2280" source="wordnet-hungarian">
         <wf lemma="Az" pos="X">Az</wf>
         <wf lemma="operaénekeseket" pos="X">operaénekeseket</wf>
         <wf lemma="gyakran" pos="X">gyakran</wf>
         <instance id="d000.s2280.t000" lemma="kasztrál" pos="VERB">kasztrálták</instance>
         <wf lemma="." pos="X">.</wf>
      </sentence>
      <sentence id="d000.s2281" source="wordnet-hungarian">
         <wf lemma="A" pos="X">A</wf>
         <instance id="d000.s2281.t000" lemma="kitaláló" pos="NOUN">kitaláló</instance>
         <wf lemma="már" pos="X">már</wf>
         <wf lemma="közel" pos="X">közel</wf>
         <wf lemma="járt" pos="X">járt</wf>
         <wf lemma="a" pos="X">a</wf>
         <wf lemma="megfejtéshez" pos="X">megfejtéshez</wf>
         <wf lemma="." pos="X">.</wf>
      </sentence>
      <sentence id="d000.s2282" source="wordnet-hungarian">
         <wf lemma="A" pos="X">A</wf>
         <instance id="d000.s2282.t000" lemma="zátony" pos="NOUN">zátony</instance>
         <wf lemma="tetejét" pos="X">tetejét</wf>
         <wf lemma="éppen" pos="X">éppen</wf>
         <wf lemma="elborította" pos="X">elborította</wf>
         <wf lemma="a" pos="X">a</wf>
         <wf lemma="víz" pos="X">víz</wf>
         <wf lemma="," pos="X">,</wf>
         <wf lemma="és" pos="X">és</wf>
         <wf lemma="egy" pos="X">egy</wf>
         <wf lemma="széles" pos="X">széles</wf>
         <wf lemma="," pos="X">,</wf>
         <wf lemma="sekély" pos="X">sekély</wf>
         <wf lemma="lagúna" pos="X">lagúna</wf>
         <wf lemma="választotta" pos="X">választotta</wf>
         <wf lemma="el" pos="X">el</wf>
         <wf lemma="a" pos="X">a</wf>
         <wf lemma="szárazföldtől" pos="X">szárazföldtől</wf>
         <wf lemma="." pos="X">.</wf>
      </sentence>
      <sentence id="d000.s2283" source="wordnet-hungarian">
         <wf lemma="A" pos="X">A</wf>
         <wf lemma="hölgyek" pos="X">hölgyek</wf>
         <instance id="d000.s2283.t000" lemma="napernyő" pos="NOUN">napernyőjükkel</instance>
         <wf lemma="sétáltak" pos="X">sétáltak</wf>
         <wf lemma="a" pos="X">a</wf>
         <wf lemma="korzón" pos="X">korzón</wf>
         <wf lemma="." pos="X">.</wf>
      </sentence>
      <sentence id="d000.s2284" source="wordnet-hungarian">
         <wf lemma="A" pos="X">A</wf>
         <wf lemma="(" pos="X">(</wf>
         <wf lemma="globális" pos="X">globális</wf>
         <wf lemma=")" pos="X">)</wf>
         <instance id="d000.s2284.t000" lemma="egyidejűség" pos="NOUN">egyidejűség</instance>
         <wf lemma="felvetése" pos="X">felvetése</wf>
         <wf lemma="azonban" pos="X">azonban</wf>
         <wf lemma="rögtön" pos="X">rögtön</wf>
         <wf lemma="a" pos="X">a</wf>
         <wf lemma="leglényegesebb" pos="X">leglényegesebb</wf>
         <wf lemma="problémához" pos="X">problémához</wf>
         <wf lemma="vezet" pos="X">vezet</wf>
         <wf lemma=":" pos="X">:</wf>
         <wf lemma="az" pos="X">az</wf>
         <wf lemma="egyidejűség" pos="X">egyidejűség</wf>
         <wf lemma="elérhető" pos="X">elérhető</wf>
         <wf lemma="," pos="X">,</wf>
         <wf lemma="megteremthető" pos="X">megteremthető</wf>
         <wf lemma="," pos="X">,</wf>
         <wf lemma="de" pos="X">de</wf>
         <wf lemma="ki" pos="X">ki</wf>
         <wf lemma="," pos="X">,</wf>
         <wf lemma="hogy" pos="X">hogy</wf>
         <wf lemma="," pos="X">,</wf>
         <wf lemma="kinek" pos="X">kinek</wf>
         <wf lemma="," pos="X">,</wf>
         <wf lemma="milyen" pos="X">milyen</wf>
         <wf lemma="társadalmi" pos="X">társadalmi</wf>
         <wf lemma="viszonyok" pos="X">viszonyok</wf>
         <wf lemma="között" pos="X">között</wf>
         <wf lemma="teremti" pos="X">teremti</wf>
         <wf lemma="meg" pos="X">meg</wf>
         <wf lemma="az" pos="X">az</wf>
         <wf lemma="egyidejűséget" pos="X">egyidejűséget</wf>
         <wf lemma="." pos="X">.</wf>
      </sentence>
      <sentence id="d000.s2285" source="wordnet-hungarian">
         <wf lemma="Ne" pos="X">Ne</wf>
         <wf lemma="csak" pos="X">csak</wf>
         <wf lemma="vizet" pos="X">vizet</wf>
         <wf lemma="," pos="X">,</wf>
         <wf lemma="hanem" pos="X">hanem</wf>
         <wf lemma="valami" pos="X">valami</wf>
         <instance id="d000.s2285.t000" lemma="ennivaló" pos="NOUN">ennivalót</instance>
         <wf lemma="is" pos="X">is</wf>
         <wf lemma="vigyél" pos="X">vigyél</wf>
         <wf lemma="magaddal" pos="X">magaddal</wf>
         <wf lemma="!" pos="X">!</wf>
      </sentence>
      <sentence id="d000.s2286" source="wordnet-hungarian">
         <wf lemma="Izgatottan" pos="X">Izgatottan</wf>
         <wf lemma="vártuk" pos="X">vártuk</wf>
         <wf lemma="az" pos="X">az</wf>
         <instance id="d000.s2286.t000" lemma="érkezés" pos="NOUN">érkezését</instance>
         <wf lemma="." pos="X">.</wf>
      </sentence>
      <sentence id="d000.s2287" source="wordnet-hungarian">
         <wf lemma="Bizonyos" pos="X">Bizonyos</wf>
         <instance id="d000.s2287.t000" lemma="természettudomány" pos="NOUN">természettudományokban</instance>
         <wf lemma="való" pos="X">való</wf>
         <wf lemma="jártasság" pos="X">jártasság</wf>
         <wf lemma="követelmény" pos="X">követelmény</wf>
         <wf lemma="a" pos="X">a</wf>
         <wf lemma="középiskolákban" pos="X">középiskolákban</wf>
         <wf lemma="." pos="X">.</wf>
      </sentence>
      <sentence id="d000.s2288" source="wordnet-hungarian">
         <wf lemma="A" pos="X">A</wf>
         <instance id="d000.s2288.t000" lemma="hal" pos="NOUN">halak</instance>
         <wf lemma="jegyében" pos="X">jegyében</wf>
         <wf lemma="sok" pos="X">sok</wf>
         <wf lemma="művész" pos="X">művész</wf>
         <wf lemma="hajlamú" pos="X">hajlamú</wf>
         <wf lemma="ember" pos="X">ember</wf>
         <wf lemma="született" pos="X">született</wf>
         <wf lemma="." pos="X">.</wf>
      </sentence>
      <sentence id="d000.s2289" source="wordnet-hungarian">
         <wf lemma="Elérkezett" pos="X">Elérkezett</wf>
         <wf lemma="az" pos="X">az</wf>
         <instance id="d000.s2289.t000" lemma="idő" pos="NOUN">ideje</instance>
         <wf lemma="." pos="X">.</wf>
      </sentence>
      <sentence id="d000.s2290" source="wordnet-hungarian">
         <wf lemma="Az" pos="X">Az</wf>
         <wf lemma="előttünk" pos="X">előttünk</wf>
         <wf lemma="álló" pos="X">álló</wf>
         <instance id="d000.s2290.t000" lemma="akadály" pos="NOUN">akadály</instance>
         <wf lemma="miatt" pos="X">miatt</wf>
         <wf lemma="nem" pos="X">nem</wf>
         <wf lemma="láttuk" pos="X">láttuk</wf>
         <wf lemma="a" pos="X">a</wf>
         <wf lemma="szembejövőket" pos="X">szembejövőket</wf>
         <wf lemma="." pos="X">.</wf>
      </sentence>
      <sentence id="d000.s2291" source="wordnet-hungarian">
         <wf lemma="Vett" pos="X">Vett</wf>
         <wf lemma="egy" pos="X">egy</wf>
         <instance id="d000.s2291.t000" lemma="manométer" pos="NOUN">manométert</instance>
         <wf lemma="." pos="X">.</wf>
      </sentence>
      <sentence id="d000.s2292" source="wordnet-hungarian">
         <wf lemma="Fizikaórán" pos="X">Fizikaórán</wf>
         <instance id="d000.s2292.t000" lemma="elem" pos="NOUN">elemekkel</instance>
         <wf lemma="kísérleteztünk" pos="X">kísérleteztünk</wf>
         <wf lemma="." pos="X">.</wf>
      </sentence>
      <sentence id="d000.s2293" source="wordnet-hungarian">
         <wf lemma="A" pos="X">A</wf>
         <wf lemma="gyermekek" pos="X">gyermekek</wf>
         <instance id="d000.s2293.t000" lemma="fejlődés" pos="NOUN">fejlődésének</instance>
         <wf lemma="mértéke" pos="X">mértéke</wf>
         <wf lemma="eltérő" pos="X">eltérő</wf>
         <wf lemma="." pos="X">.</wf>
      </sentence>
      <sentence id="d000.s2294" source="wordnet-hungarian">
         <wf lemma="A" pos="X">A</wf>
         <wf lemma="tettes" pos="X">tettes</wf>
         <wf lemma="naplója" pos="X">naplója</wf>
         <wf lemma="azt" pos="X">azt</wf>
         <instance id="d000.s2294.t000" lemma="bizonyít" pos="VERB">bizonyítja</instance>
         <wf lemma="," pos="X">,</wf>
         <wf lemma="hogy" pos="X">hogy</wf>
         <wf lemma="nem" pos="X">nem</wf>
         <wf lemma="volt" pos="X">volt</wf>
         <wf lemma="épelméjű" pos="X">épelméjű</wf>
         <wf lemma="." pos="X">.</wf>
      </sentence>
      <sentence id="d000.s2295" source="wordnet-hungarian">
         <wf lemma="A" pos="X">A</wf>
         <wf lemma="legjobb" pos="X">legjobb</wf>
         <instance id="d000.s2295.t000" lemma="fuvola" pos="NOUN">fuvolák</instance>
         <wf lemma="aranyból" pos="X">aranyból</wf>
         <wf lemma="készülnek" pos="X">készülnek</wf>
         <wf lemma="." pos="X">.</wf>
      </sentence>
      <sentence id="d000.s2296" source="wordnet-hungarian">
         <wf lemma="Ennek" pos="X">Ennek</wf>
         <wf lemma="az" pos="X">az</wf>
         <wf lemma="edénynek" pos="X">edénynek</wf>
         <wf lemma="nem" pos="X">nem</wf>
         <wf lemma="ez" pos="X">ez</wf>
         <wf lemma="a" pos="X">a</wf>
         <instance id="d000.s2296.t000" lemma="hely" pos="NOUN">helye</instance>
         <wf lemma="." pos="X">.</wf>
      </sentence>
      <sentence id="d000.s2297" source="wordnet-hungarian">
         <wf lemma="A" pos="X">A</wf>
         <instance id="d000.s2297.t000" lemma="golgotavirág" pos="NOUN">golgotavirág</instance>
         <wf lemma="közeli" pos="X">közeli</wf>
         <wf lemma="rokona" pos="X">rokona</wf>
         <wf lemma="a" pos="X">a</wf>
         <wf lemma="passiógyümölcs" pos="X">passiógyümölcs</wf>
         <wf lemma="." pos="X">.</wf>
      </sentence>
      <sentence id="d000.s2298" source="wordnet-hungarian">
         <wf lemma="A" pos="X">A</wf>
         <instance id="d000.s2298.t000" lemma="pék" pos="NOUN">pék</instance>
         <wf lemma="kora" pos="X">kora</wf>
         <wf lemma="hajnalban" pos="X">hajnalban</wf>
         <wf lemma="kel" pos="X">kel</wf>
         <wf lemma="," pos="X">,</wf>
         <wf lemma="hogy" pos="X">hogy</wf>
         <wf lemma="reggelre" pos="X">reggelre</wf>
         <wf lemma="készen" pos="X">készen</wf>
         <wf lemma="legyen" pos="X">legyen</wf>
         <wf lemma="a" pos="X">a</wf>
         <wf lemma="friss" pos="X">friss</wf>
         <wf lemma="kenyér" pos="X">kenyér</wf>
         <wf lemma="." pos="X">.</wf>
      </sentence>
      <sentence id="d000.s2299" source="wordnet-hungarian">
         <wf lemma="Gyorsan" pos="X">Gyorsan</wf>
         <instance id="d000.s2299.t000" lemma="telefonál" pos="VERB">telefonáljunk</instance>
         <wf lemma="anyunak" pos="X">anyunak</wf>
         <wf lemma="!" pos="X">!</wf>
      </sentence>
      <sentence id="d000.s2300" source="wordnet-hungarian">
         <wf lemma="A" pos="X">A</wf>
         <instance id="d000.s2300.t000" lemma="harapás" pos="NOUN">harapásból</instance>
         <wf lemma="dőlt" pos="X">dőlt</wf>
         <wf lemma="a" pos="X">a</wf>
         <wf lemma="vér" pos="X">vér</wf>
         <wf lemma="." pos="X">.</wf>
      </sentence>
      <sentence id="d000.s2301" source="wordnet-hungarian">
         <wf lemma="A" pos="X">A</wf>
         <instance id="d000.s2301.t000" lemma="tánc" pos="NOUN">tánc</instance>
         <wf lemma="számára" pos="X">számára</wf>
         <wf lemma="művészet" pos="X">művészet</wf>
         <wf lemma="." pos="X">.</wf>
      </sentence>
      <sentence id="d000.s2302" source="wordnet-hungarian">
         <wf lemma="Távozáskor" pos="X">Távozáskor</wf>
         <wf lemma="csak" pos="X">csak</wf>
         <wf lemma="a" pos="X">a</wf>
         <instance id="d000.s2302.t000" lemma="házigazda" pos="NOUN">házigazdától</instance>
         <wf lemma="köszöntek" pos="X">köszöntek</wf>
         <wf lemma="el" pos="X">el</wf>
         <wf lemma="." pos="X">.</wf>
      </sentence>
      <sentence id="d000.s2303" source="wordnet-hungarian">
         <instance id="d000.s2303.t000" lemma="beállít" pos="VERB">Beállítottam</instance>
         <wf lemma="az" pos="X">az</wf>
         <wf lemma="órát" pos="X">órát</wf>
         <wf lemma="." pos="X">.</wf>
      </sentence>
      <sentence id="d000.s2304" source="wordnet-hungarian">
         <wf lemma="Peti" pos="X">Peti</wf>
         <wf lemma="sértésnek" pos="X">sértésnek</wf>
         <instance id="d000.s2304.t000" lemma="vesz" pos="VERB">vette</instance>
         <wf lemma="Mari" pos="X">Mari</wf>
         <wf lemma="megjegyzését" pos="X">megjegyzését</wf>
         <wf lemma="." pos="X">.</wf>
      </sentence>
      <sentence id="d000.s2305" source="wordnet-hungarian">
         <wf lemma="Tamás" pos="X">Tamás</wf>
         <instance id="d000.s2305.t000" lemma="felmond" pos="VERB">felmondta</instance>
         <wf lemma="a" pos="X">a</wf>
         <wf lemma="verset" pos="X">verset</wf>
         <wf lemma="." pos="X">.</wf>
      </sentence>
      <sentence id="d000.s2306" source="wordnet-hungarian">
         <wf lemma="A" pos="X">A</wf>
         <instance id="d000.s2306.t000" lemma="pisztráng" pos="NOUN">pisztráng</instance>
         <wf lemma="leginkább" pos="X">leginkább</wf>
         <wf lemma="kemencében" pos="X">kemencében</wf>
         <wf lemma="sülve" pos="X">sülve</wf>
         <wf lemma="jó" pos="X">jó</wf>
         <wf lemma="," pos="X">,</wf>
         <wf lemma="pláne" pos="X">pláne</wf>
         <wf lemma="azzal" pos="X">azzal</wf>
         <wf lemma="a" pos="X">a</wf>
         <wf lemma="hollandi" pos="X">hollandi</wf>
         <wf lemma="mártással" pos="X">mártással</wf>
         <wf lemma="," pos="X">,</wf>
         <wf lemma="amelyet" pos="X">amelyet</wf>
         <wf lemma="a" pos="X">a</wf>
         <wf lemma="Szalajka" pos="X">Szalajka</wf>
         <wf lemma="Fogadó" pos="X">Fogadó</wf>
         <wf lemma="séfje" pos="X">séfje</wf>
         <wf lemma="álmodott" pos="X">álmodott</wf>
         <wf lemma="meg" pos="X">meg</wf>
         <wf lemma="." pos="X">.</wf>
      </sentence>
      <sentence id="d000.s2307" source="wordnet-hungarian">
         <wf lemma="Vettem" pos="X">Vettem</wf>
         <wf lemma="két" pos="X">két</wf>
         <instance id="d000.s2307.t000" lemma="liter" pos="NOUN">liter</instance>
         <wf lemma="tejet" pos="X">tejet</wf>
         <wf lemma="," pos="X">,</wf>
         <wf lemma="mert" pos="X">mert</wf>
         <wf lemma="süteményt" pos="X">süteményt</wf>
         <wf lemma="akarok" pos="X">akarok</wf>
         <wf lemma="sütni" pos="X">sütni</wf>
         <wf lemma="." pos="X">.</wf>
      </sentence>
      <sentence id="d000.s2308" source="wordnet-hungarian">
         <wf lemma="Megcsípett" pos="X">Megcsípett</wf>
         <wf lemma="a" pos="X">a</wf>
         <instance id="d000.s2308.t000" lemma="csalán" pos="NOUN">csalán</instance>
         <wf lemma="!" pos="X">!</wf>
      </sentence>
      <sentence id="d000.s2309" source="wordnet-hungarian">
         <wf lemma="Japán" pos="X">Japán</wf>
         <wf lemma="ipari" pos="X">ipari</wf>
         <instance id="d000.s2309.t000" lemma="infrastruktúra" pos="NOUN">infrastruktúrája</instance>
         <wf lemma="nagyon" pos="X">nagyon</wf>
         <wf lemma="fejlett" pos="X">fejlett</wf>
         <wf lemma="." pos="X">.</wf>
      </sentence>
      <sentence id="d000.s2310" source="wordnet-hungarian">
         <wf lemma="Az" pos="X">Az</wf>
         <wf lemma="autó" pos="X">autó</wf>
         <instance id="d000.s2310.t000" lemma="megáll" pos="VERB">megállt</instance>
         <wf lemma="." pos="X">.</wf>
      </sentence>
      <sentence id="d000.s2311" source="wordnet-hungarian">
         <wf lemma="A" pos="X">A</wf>
         <instance id="d000.s2311.t000" lemma="hipertónia" pos="NOUN">hipertónia</instance>
         <wf lemma="a" pos="X">a</wf>
         <wf lemma="legelterjedtebb" pos="X">legelterjedtebb</wf>
         <wf lemma="krónikus" pos="X">krónikus</wf>
         <wf lemma="betegség" pos="X">betegség</wf>
         <wf lemma="." pos="X">.</wf>
      </sentence>
      <sentence id="d000.s2312" source="wordnet-hungarian">
         <wf lemma="Az" pos="X">Az</wf>
         <wf lemma="asszony" pos="X">asszony</wf>
         <wf lemma="a" pos="X">a</wf>
         <instance id="d000.s2312.t000" lemma="fonal" pos="NOUN">fonallal</instance>
         <wf lemma="kihímezte" pos="X">kihímezte</wf>
         <wf lemma="a" pos="X">a</wf>
         <wf lemma="terítőt" pos="X">terítőt</wf>
         <wf lemma="." pos="X">.</wf>
      </sentence>
      <sentence id="d000.s2313" source="wordnet-hungarian">
         <wf lemma="A" pos="X">A</wf>
         <wf lemma="gyári" pos="X">gyári</wf>
         <instance id="d000.s2313.t000" lemma="munkás" pos="NOUN">munkások</instance>
         <wf lemma="is" pos="X">is</wf>
         <wf lemma="sokszor" pos="X">sokszor</wf>
         <wf lemma="ki" pos="X">ki</wf>
         <wf lemma="vannak" pos="X">vannak</wf>
         <wf lemma="szolgáltatva" pos="X">szolgáltatva</wf>
         <wf lemma="a" pos="X">a</wf>
         <wf lemma="tulajdonosnak" pos="X">tulajdonosnak</wf>
         <wf lemma="." pos="X">.</wf>
      </sentence>
      <sentence id="d000.s2314" source="wordnet-hungarian">
         <wf lemma="Mi" pos="X">Mi</wf>
         <wf lemma="a" pos="X">a</wf>
         <wf lemma="mai" pos="X">mai</wf>
         <instance id="d000.s2314.t000" lemma="dátum" pos="NOUN">dátum</instance>
         <wf lemma="?" pos="X">?</wf>
      </sentence>
      <sentence id="d000.s2315" source="wordnet-hungarian">
         <wf lemma="Nekem" pos="X">Nekem</wf>
         <wf lemma="ez" pos="X">ez</wf>
         <wf lemma="nagy" pos="X">nagy</wf>
         <wf lemma="ajándék" pos="X">ajándék</wf>
         <wf lemma="és" pos="X">és</wf>
         <wf lemma="a" pos="X">a</wf>
         <wf lemma="közös" pos="X">közös</wf>
         <instance id="d000.s2315.t000" lemma="származás" pos="NOUN">származás</instance>
         <wf lemma="hosszú" pos="X">hosszú</wf>
         <wf lemma="ideig" pos="X">ideig</wf>
         <wf lemma="közös" pos="X">közös</wf>
         <wf lemma="harcra" pos="X">harcra</wf>
         <wf lemma="terelt" pos="X">terelt</wf>
         <wf lemma="bennünket" pos="X">bennünket</wf>
         <wf lemma="." pos="X">.</wf>
      </sentence>
      <sentence id="d000.s2316" source="wordnet-hungarian">
         <wf lemma="Minden" pos="X">Minden</wf>
         <wf lemma="kereskedő" pos="X">kereskedő</wf>
         <wf lemma="teljesítette" pos="X">teljesítette</wf>
         <wf lemma="a" pos="X">a</wf>
         <instance id="d000.s2316.t000" lemma="kvóta" pos="NOUN">kvótát</instance>
         <wf lemma="ebben" pos="X">ebben</wf>
         <wf lemma="a" pos="X">a</wf>
         <wf lemma="hónapban" pos="X">hónapban</wf>
         <wf lemma="." pos="X">.</wf>
      </sentence>
      <sentence id="d000.s2317" source="wordnet-hungarian">
         <wf lemma="A" pos="X">A</wf>
         <instance id="d000.s2317.t000" lemma="közalkalmazott" pos="NOUN">közalkalmazottak</instance>
         <wf lemma="utazási" pos="X">utazási</wf>
         <wf lemma="kedvezményben" pos="X">kedvezményben</wf>
         <wf lemma="is" pos="X">is</wf>
         <wf lemma="részesülnek" pos="X">részesülnek</wf>
         <wf lemma="." pos="X">.</wf>
      </sentence>
      <sentence id="d000.s2318" source="wordnet-hungarian">
         <instance id="d000.s2318.t000" lemma="szabadság" pos="NOUN">Szabadságot</instance>
         <wf lemma="vett" pos="X">vett</wf>
         <wf lemma="ki" pos="X">ki</wf>
         <wf lemma="," pos="X">,</wf>
         <wf lemma="hogy" pos="X">hogy</wf>
         <wf lemma="elmehessen" pos="X">elmehessen</wf>
         <wf lemma="a" pos="X">a</wf>
         <wf lemma="temetésre" pos="X">temetésre</wf>
         <wf lemma="." pos="X">.</wf>
      </sentence>
      <sentence id="d000.s2319" source="wordnet-hungarian">
         <wf lemma="A" pos="X">A</wf>
         <instance id="d000.s2319.t000" lemma="konferanszié" pos="NOUN">konferanszié</instance>
         <wf lemma="helyesbítette" pos="X">helyesbítette</wf>
         <wf lemma="a" pos="X">a</wf>
         <wf lemma="nyelvbotlását" pos="X">nyelvbotlását</wf>
         <wf lemma="." pos="X">.</wf>
      </sentence>
      <sentence id="d000.s2320" source="wordnet-hungarian">
         <wf lemma="A" pos="X">A</wf>
         <wf lemma="következő" pos="X">következő</wf>
         <wf lemma="évadban" pos="X">évadban</wf>
         <wf lemma="Desdemona" pos="X">Desdemona</wf>
         <instance id="d000.s2320.t000" lemma="szerep" pos="NOUN">szerepét</instance>
         <wf lemma="fogja" pos="X">fogja</wf>
         <wf lemma="játszani" pos="X">játszani</wf>
         <wf lemma="." pos="X">.</wf>
      </sentence>
      <sentence id="d000.s2321" source="wordnet-hungarian">
         <wf lemma="Azt" pos="X">Azt</wf>
         <instance id="d000.s2321.t000" lemma="állít" pos="VERB">állította</instance>
         <wf lemma="a" pos="X">a</wf>
         <wf lemma="postás" pos="X">postás</wf>
         <wf lemma="," pos="X">,</wf>
         <wf lemma="hogy" pos="X">hogy</wf>
         <wf lemma="tegnap" pos="X">tegnap</wf>
         <wf lemma="nem" pos="X">nem</wf>
         <wf lemma="nyitottak" pos="X">nyitottak</wf>
         <wf lemma="neki" pos="X">neki</wf>
         <wf lemma="ajtót" pos="X">ajtót</wf>
         <wf lemma="." pos="X">.</wf>
      </sentence>
      <sentence id="d000.s2322" source="wordnet-hungarian">
         <wf lemma="A" pos="X">A</wf>
         <wf lemma="parti" pos="X">parti</wf>
         <wf lemma="régióban" pos="X">régióban</wf>
         <wf lemma="az" pos="X">az</wf>
         <instance id="d000.s2322.t000" lemma="oligochaeta" pos="NOUN">Oligochaeta</instance>
         <wf lemma="fajok" pos="X">fajok</wf>
         <wf lemma="mennyisége" pos="X">mennyisége</wf>
         <wf lemma="nagyobb" pos="X">nagyobb</wf>
         <wf lemma="." pos="X">.</wf>
      </sentence>
      <sentence id="d000.s2323" source="wordnet-hungarian">
         <wf lemma="Az" pos="X">Az</wf>
         <instance id="d000.s2323.t000" lemma="index" pos="NOUN">indexben</instance>
         <wf lemma="kikeresheted" pos="X">kikeresheted</wf>
         <wf lemma="az" pos="X">az</wf>
         <wf lemma="oldalszámot" pos="X">oldalszámot</wf>
         <wf lemma="." pos="X">.</wf>
      </sentence>
      <sentence id="d000.s2324" source="wordnet-hungarian">
         <wf lemma="Épp" pos="X">Épp</wf>
         <wf lemma="egy" pos="X">egy</wf>
         <wf lemma="közgazdaságról" pos="X">közgazdaságról</wf>
         <wf lemma="szóló" pos="X">szóló</wf>
         <instance id="d000.s2324.t000" lemma="könyv" pos="NOUN">könyvet</instance>
         <wf lemma="olvasok" pos="X">olvasok</wf>
         <wf lemma="." pos="X">.</wf>
      </sentence>
      <sentence id="d000.s2325" source="wordnet-hungarian">
         <wf lemma="A" pos="X">A</wf>
         <instance id="d000.s2325.t000" lemma="húgyhólyag" pos="NOUN">húgyhólyag</instance>
         <wf lemma="vizelettartását" pos="X">vizelettartását</wf>
         <wf lemma="és" pos="X">és</wf>
         <wf lemma="ürítését" pos="X">ürítését</wf>
         <wf lemma="szabályzó" pos="X">szabályzó</wf>
         <wf lemma="központ" pos="X">központ</wf>
         <wf lemma="a" pos="X">a</wf>
         <wf lemma="gerincvelőben" pos="X">gerincvelőben</wf>
         <wf lemma="van" pos="X">van</wf>
         <wf lemma="." pos="X">.</wf>
      </sentence>
      <sentence id="d000.s2326" source="wordnet-hungarian">
         <wf lemma="Az" pos="X">Az</wf>
         <instance id="d000.s2326.t000" lemma="ánizs" pos="NOUN">ánizs</instance>
         <wf lemma="illatát" pos="X">illatát</wf>
         <wf lemma="messziről" pos="X">messziről</wf>
         <wf lemma="érezni" pos="X">érezni</wf>
         <wf lemma="lehetett" pos="X">lehetett</wf>
         <wf lemma="." pos="X">.</wf>
      </sentence>
      <sentence id="d000.s2327" source="wordnet-hungarian">
         <wf lemma="Kosaramba" pos="X">Kosaramba</wf>
         <wf lemma="ma" pos="X">ma</wf>
         <wf lemma="délután" pos="X">délután</wf>
         <wf lemma="a" pos="X">a</wf>
         <wf lemma="következő" pos="X">következő</wf>
         <wf lemma="dolgok" pos="X">dolgok</wf>
         <wf lemma="kerültek" pos="X">kerültek</wf>
         <wf lemma="a" pos="X">a</wf>
         <wf lemma="boltban" pos="X">boltban</wf>
         <wf lemma=":" pos="X">:</wf>
         <wf lemma="egy" pos="X">egy</wf>
         <wf lemma="Red" pos="X">Red</wf>
         <wf lemma="Bull" pos="X">Bull</wf>
         <wf lemma="," pos="X">,</wf>
         <wf lemma="három" pos="X">három</wf>
         <wf lemma="darab" pos="X">darab</wf>
         <wf lemma="Kojak" pos="X">Kojak</wf>
         <instance id="d000.s2327.t000" lemma="nyalóka" pos="NOUN">nyalóka</instance>
         <wf lemma="és" pos="X">és</wf>
         <wf lemma="egy" pos="X">egy</wf>
         <wf lemma="tábla" pos="X">tábla</wf>
         <wf lemma="csoki" pos="X">csoki</wf>
         <wf lemma="." pos="X">.</wf>
      </sentence>
      <sentence id="d000.s2328" source="wordnet-hungarian">
         <wf lemma="Táncával" pos="X">Táncával</wf>
         <wf lemma="mindenkire" pos="X">mindenkire</wf>
         <instance id="d000.s2328.t000" lemma="hatás" pos="NOUN">hatást</instance>
         <wf lemma="gyakorol" pos="X">gyakorol</wf>
         <wf lemma="." pos="X">.</wf>
      </sentence>
      <sentence id="d000.s2329" source="wordnet-hungarian">
         <wf lemma="A" pos="X">A</wf>
         <wf lemma="matematikusok" pos="X">matematikusok</wf>
         <wf lemma="általában" pos="X">általában</wf>
         <wf lemma="jól" pos="X">jól</wf>
         <wf lemma="tudnak" pos="X">tudnak</wf>
         <instance id="d000.s2329.t000" lemma="vizualizál" pos="VERB">vizualizálni</instance>
         <wf lemma="." pos="X">.</wf>
      </sentence>
      <sentence id="d000.s2330" source="wordnet-hungarian">
         <wf lemma="Volt" pos="X">Volt</wf>
         <wf lemma="egy" pos="X">egy</wf>
         <wf lemma="kis" pos="X">kis</wf>
         <instance id="d000.s2330.t000" lemma="repedés" pos="NOUN">repedés</instance>
         <wf lemma="a" pos="X">a</wf>
         <wf lemma="szája" pos="X">szája</wf>
         <wf lemma="szélén" pos="X">szélén</wf>
         <wf lemma="," pos="X">,</wf>
         <wf lemma="amit" pos="X">amit</wf>
         <wf lemma="még" pos="X">még</wf>
         <wf lemma="a" pos="X">a</wf>
         <wf lemma="verekedés" pos="X">verekedés</wf>
         <wf lemma="során" pos="X">során</wf>
         <wf lemma="egy" pos="X">egy</wf>
         <wf lemma="ököl" pos="X">ököl</wf>
         <wf lemma="okozott" pos="X">okozott</wf>
         <wf lemma="." pos="X">.</wf>
      </sentence>
      <sentence id="d000.s2331" source="wordnet-hungarian">
         <wf lemma="A" pos="X">A</wf>
         <instance id="d000.s2331.t000" lemma="verem" pos="NOUN">veremben</instance>
         <wf lemma="másnap" pos="X">másnap</wf>
         <wf lemma="egy" pos="X">egy</wf>
         <wf lemma="pumát" pos="X">pumát</wf>
         <wf lemma="talált" pos="X">talált</wf>
         <wf lemma="." pos="X">.</wf>
      </sentence>
      <sentence id="d000.s2332" source="wordnet-hungarian">
         <wf lemma="A" pos="X">A</wf>
         <instance id="d000.s2332.t000" lemma="gyakorlat" pos="NOUN">gyakorlat</instance>
         <wf lemma="szerint" pos="X">szerint</wf>
         <wf lemma="az" pos="X">az</wf>
         <wf lemma="ilyen" pos="X">ilyen</wf>
         <wf lemma="esetekben" pos="X">esetekben</wf>
         <wf lemma="gyorsan" pos="X">gyorsan</wf>
         <wf lemma="kell" pos="X">kell</wf>
         <wf lemma="eljárni" pos="X">eljárni</wf>
         <wf lemma="." pos="X">.</wf>
      </sentence>
      <sentence id="d000.s2333" source="wordnet-hungarian">
         <wf lemma="Kékes" pos="X">Kékes</wf>
         <wf lemma="színű" pos="X">színű</wf>
         <instance id="d000.s2333.t000" lemma="csapadék" pos="NOUN">csapadék</instance>
         <wf lemma="maradt" pos="X">maradt</wf>
         <wf lemma="hátra" pos="X">hátra</wf>
         <wf lemma="utána" pos="X">utána</wf>
         <wf lemma="." pos="X">.</wf>
      </sentence>
      <sentence id="d000.s2334" source="wordnet-hungarian">
         <wf lemma="A" pos="X">A</wf>
         <wf lemma="rózsa" pos="X">rózsa</wf>
         <instance id="d000.s2334.t000" lemma="párta" pos="NOUN">pártáját</instance>
         <wf lemma="öt" pos="X">öt</wf>
         <wf lemma="," pos="X">,</wf>
         <wf lemma="fajra" pos="X">fajra</wf>
         <wf lemma="jellemző" pos="X">jellemző</wf>
         <wf lemma="színű" pos="X">színű</wf>
         <wf lemma="sziromlevél" pos="X">sziromlevél</wf>
         <wf lemma="alkotja" pos="X">alkotja</wf>
         <wf lemma="." pos="X">.</wf>
      </sentence>
      <sentence id="d000.s2335" source="wordnet-hungarian">
         <wf lemma="A" pos="X">A</wf>
         <instance id="d000.s2335.t000" lemma="járműforgalom" pos="NOUN">járműforgalom</instance>
         <wf lemma="nagyban" pos="X">nagyban</wf>
         <wf lemma="hozzájárul" pos="X">hozzájárul</wf>
         <wf lemma="a" pos="X">a</wf>
         <wf lemma="szmog" pos="X">szmog</wf>
         <wf lemma="képződéséhez" pos="X">képződéséhez</wf>
         <wf lemma="." pos="X">.</wf>
      </sentence>
      <sentence id="d000.s2336" source="wordnet-hungarian">
         <wf lemma="Az" pos="X">Az</wf>
         <wf lemma="egész" pos="X">egész</wf>
         <wf lemma="előadás" pos="X">előadás</wf>
         <wf lemma="alatt" pos="X">alatt</wf>
         <instance id="d000.s2336.t000" lemma="áll" pos="VERB">álltunk</instance>
         <wf lemma="." pos="X">.</wf>
      </sentence>
      <sentence id="d000.s2337" source="wordnet-hungarian">
         <wf lemma="A" pos="X">A</wf>
         <wf lemma="keleti" pos="X">keleti</wf>
         <wf lemma="küzdősportok" pos="X">küzdősportok</wf>
         <wf lemma="közül" pos="X">közül</wf>
         <wf lemma="régóta" pos="X">régóta</wf>
         <wf lemma="programpont" pos="X">programpont</wf>
         <wf lemma="a" pos="X">a</wf>
         <instance id="d000.s2337.t000" lemma="cselgáncs" pos="NOUN">cselgáncs</instance>
         <wf lemma="." pos="X">.</wf>
      </sentence>
      <sentence id="d000.s2338" source="wordnet-hungarian">
         <instance id="d000.s2338.t000" lemma="fegyelmezetlenség" pos="NOUN">Fegyelmezetlensége</instance>
         <wf lemma="miatt" pos="X">miatt</wf>
         <wf lemma="cserélte" pos="X">cserélte</wf>
         <wf lemma="le" pos="X">le</wf>
         <wf lemma="az" pos="X">az</wf>
         <wf lemma="edző" pos="X">edző</wf>
         <wf lemma="a" pos="X">a</wf>
         <wf lemma="focistát" pos="X">focistát</wf>
         <wf lemma="." pos="X">.</wf>
      </sentence>
      <sentence id="d000.s2339" source="wordnet-hungarian">
         <wf lemma="Adott" pos="X">Adott</wf>
         <wf lemma="egy" pos="X">egy</wf>
         <instance id="d000.s2339.t000" lemma="kúpszelet" pos="NOUN">kúpszelet</instance>
         <wf lemma="öt" pos="X">öt</wf>
         <wf lemma="általános" pos="X">általános</wf>
         <wf lemma="helyzetű" pos="X">helyzetű</wf>
         <wf lemma="pontjával" pos="X">pontjával</wf>
         <wf lemma="," pos="X">,</wf>
         <wf lemma="valamint" pos="X">valamint</wf>
         <wf lemma="az" pos="X">az</wf>
         <wf lemma="egyikre" pos="X">egyikre</wf>
         <wf lemma="illeszkedő" pos="X">illeszkedő</wf>
         <wf lemma="egyenes" pos="X">egyenes</wf>
         <wf lemma="." pos="X">.</wf>
      </sentence>
      <sentence id="d000.s2340" source="wordnet-hungarian">
         <wf lemma="Nemcsak" pos="X">Nemcsak</wf>
         <wf lemma="a" pos="X">a</wf>
         <wf lemma="pisztolyokban" pos="X">pisztolyokban</wf>
         <wf lemma="," pos="X">,</wf>
         <wf lemma="de" pos="X">de</wf>
         <wf lemma="az" pos="X">az</wf>
         <wf lemma="autókban" pos="X">autókban</wf>
         <wf lemma="is" pos="X">is</wf>
         <wf lemma="van" pos="X">van</wf>
         <instance id="d000.s2340.t000" lemma="hangtompító" pos="NOUN">hangtompító</instance>
         <wf lemma="." pos="X">.</wf>
      </sentence>
      <sentence id="d000.s2341" source="wordnet-hungarian">
         <wf lemma="Egészségi" pos="X">Egészségi</wf>
         <instance id="d000.s2341.t000" lemma="állapot" pos="NOUN">állapota</instance>
         <wf lemma="sokat" pos="X">sokat</wf>
         <wf lemma="javult" pos="X">javult</wf>
         <wf lemma="a" pos="X">a</wf>
         <wf lemma="múlt" pos="X">múlt</wf>
         <wf lemma="héthez" pos="X">héthez</wf>
         <wf lemma="képest" pos="X">képest</wf>
         <wf lemma="." pos="X">.</wf>
      </sentence>
      <sentence id="d000.s2342" source="wordnet-hungarian">
         <wf lemma="A" pos="X">A</wf>
         <wf lemma="sportolók" pos="X">sportolók</wf>
         <instance id="d000.s2342.t000" lemma="üdvözöl" pos="VERB">üdvözölték</instance>
         <wf lemma="az" pos="X">az</wf>
         <wf lemma="elnököt" pos="X">elnököt</wf>
         <wf lemma="." pos="X">.</wf>
      </sentence>
      <sentence id="d000.s2343" source="wordnet-hungarian">
         <wf lemma="A" pos="X">A</wf>
         <instance id="d000.s2343.t000" lemma="beszélgetés" pos="NOUN">beszélgetésüket</instance>
         <wf lemma="kihallgatták" pos="X">kihallgatták</wf>
         <wf lemma="." pos="X">.</wf>
      </sentence>
      <sentence id="d000.s2344" source="wordnet-hungarian">
         <wf lemma="A" pos="X">A</wf>
         <instance id="d000.s2344.t000" lemma="költőnő" pos="NOUN">költőnőnek</instance>
         <wf lemma="újabb" pos="X">újabb</wf>
         <wf lemma="kötete" pos="X">kötete</wf>
         <wf lemma="jelent" pos="X">jelent</wf>
         <wf lemma="meg" pos="X">meg</wf>
         <wf lemma="múlt" pos="X">múlt</wf>
         <wf lemma="héten" pos="X">héten</wf>
         <wf lemma="." pos="X">.</wf>
      </sentence>
      <sentence id="d000.s2345" source="wordnet-hungarian">
         <wf lemma="A" pos="X">A</wf>
         <wf lemma="monitorom" pos="X">monitorom</wf>
         <wf lemma="felbontása" pos="X">felbontása</wf>
         <wf lemma="vízszintes" pos="X">vízszintes</wf>
         <wf lemma="irányban" pos="X">irányban</wf>
         <wf lemma="1280" pos="X">1280</wf>
         <instance id="d000.s2345.t000" lemma="képpont" pos="NOUN">képpont</instance>
         <wf lemma="." pos="X">.</wf>
      </sentence>
      <sentence id="d000.s2346" source="wordnet-hungarian">
         <wf lemma="Fejének" pos="X">Fejének</wf>
         <instance id="d000.s2346.t000" lemma="biccentés" pos="NOUN">biccentésével</instance>
         <wf lemma="fejezte" pos="X">fejezte</wf>
         <wf lemma="ki" pos="X">ki</wf>
         <wf lemma="," pos="X">,</wf>
         <wf lemma="hogy" pos="X">hogy</wf>
         <wf lemma="igenis" pos="X">igenis</wf>
         <wf lemma="emlékszik" pos="X">emlékszik</wf>
         <wf lemma="rá." pos="X">rá.</wf>
      </sentence>
      <sentence id="d000.s2347" source="wordnet-hungarian">
         <wf lemma="A" pos="X">A</wf>
         <instance id="d000.s2347.t000" lemma="kos" pos="NOUN">kos</instance>
         <wf lemma="jegyében" pos="X">jegyében</wf>
         <wf lemma="született" pos="X">született</wf>
         <wf lemma="." pos="X">.</wf>
      </sentence>
      <sentence id="d000.s2348" source="wordnet-hungarian">
         <wf lemma="Az" pos="X">Az</wf>
         <wf lemma="izraeli-palesztin" pos="X">izraeli-palesztin</wf>
         <instance id="d000.s2348.t000" lemma="tárgyalás" pos="NOUN">tárgyalások</instance>
         <wf lemma="ismét" pos="X">ismét</wf>
         <wf lemma="megakadtak" pos="X">megakadtak</wf>
         <wf lemma="." pos="X">.</wf>
      </sentence>
      <sentence id="d000.s2349" source="wordnet-hungarian">
         <wf lemma="Vallási" pos="X">Vallási</wf>
         <wf lemma="életük" pos="X">életük</wf>
         <wf lemma="azelőtt" pos="X">azelőtt</wf>
         <wf lemma="abban" pos="X">abban</wf>
         <wf lemma="merült" pos="X">merült</wf>
         <wf lemma="ki" pos="X">ki</wf>
         <wf lemma="," pos="X">,</wf>
         <wf lemma="hogy" pos="X">hogy</wf>
         <wf lemma="megkereszteltették" pos="X">megkereszteltették</wf>
         <wf lemma="a" pos="X">a</wf>
         <wf lemma="gyerekeket" pos="X">gyerekeket</wf>
         <wf lemma="," pos="X">,</wf>
         <wf lemma="temetésre" pos="X">temetésre</wf>
         <wf lemma="hívták" pos="X">hívták</wf>
         <wf lemma="a" pos="X">a</wf>
         <instance id="d000.s2349.t000" lemma="pap" pos="NOUN">papot</instance>
         <wf lemma="és" pos="X">és</wf>
         <wf lemma="húsvétkor" pos="X">húsvétkor</wf>
         <wf lemma="ételt" pos="X">ételt</wf>
         <wf lemma="szenteltettek" pos="X">szenteltettek</wf>
         <wf lemma="." pos="X">.</wf>
      </sentence>
      <sentence id="d000.s2350" source="wordnet-hungarian">
         <wf lemma="Ne" pos="X">Ne</wf>
         <wf lemma="menjenek" pos="X">menjenek</wf>
         <wf lemma="már" pos="X">már</wf>
         <wf lemma="ki" pos="X">ki</wf>
         <wf lemma="a" pos="X">a</wf>
         <instance id="d000.s2350.t000" lemma="konyha" pos="NOUN">konyhába</instance>
         <wf lemma="," pos="X">,</wf>
         <wf lemma="mert" pos="X">mert</wf>
         <wf lemma="nem" pos="X">nem</wf>
         <wf lemma="érnek" pos="X">érnek</wf>
         <wf lemma="vissza" pos="X">vissza</wf>
         <wf lemma="." pos="X">.</wf>
      </sentence>
      <sentence id="d000.s2351" source="wordnet-hungarian">
         <wf lemma="Summa" pos="X">Summa</wf>
         <wf lemma="cum" pos="X">cum</wf>
         <wf lemma="laude" pos="X">laude</wf>
         <wf lemma="minősítéssel" pos="X">minősítéssel</wf>
         <wf lemma="szerezte" pos="X">szerezte</wf>
         <wf lemma="meg" pos="X">meg</wf>
         <wf lemma="doktori" pos="X">doktori</wf>
         <instance id="d000.s2351.t000" lemma="fokozat" pos="NOUN">fokozatát</instance>
         <wf lemma="." pos="X">.</wf>
      </sentence>
      <sentence id="d000.s2352" source="wordnet-hungarian">
         <wf lemma="A" pos="X">A</wf>
         <wf lemma="kisfiú" pos="X">kisfiú</wf>
         <wf lemma="kacskaringós" pos="X">kacskaringós</wf>
         <wf lemma="betűket" pos="X">betűket</wf>
         <instance id="d000.s2352.t000" lemma="ír" pos="VERB">írt</instance>
         <wf lemma="." pos="X">.</wf>
      </sentence>
      <sentence id="d000.s2353" source="wordnet-hungarian">
         <wf lemma="Az" pos="X">Az</wf>
         <wf lemma="egyezménnyel" pos="X">egyezménnyel</wf>
         <wf lemma="a" pos="X">a</wf>
         <wf lemma="két" pos="X">két</wf>
         <wf lemma="ország" pos="X">ország</wf>
         <wf lemma="kapcsolata" pos="X">kapcsolata</wf>
         <instance id="d000.s2353.t000" lemma="vízválasztó" pos="NOUN">vízválasztóhoz</instance>
         <wf lemma="érkezett" pos="X">érkezett</wf>
         <wf lemma="." pos="X">.</wf>
      </sentence>
      <sentence id="d000.s2354" source="wordnet-hungarian">
         <wf lemma="A" pos="X">A</wf>
         <wf lemma="nagymamám" pos="X">nagymamám</wf>
         <wf lemma="szeret" pos="X">szeret</wf>
         <instance id="d000.s2354.t000" lemma="köt" pos="VERB">kötni</instance>
         <wf lemma="." pos="X">.</wf>
      </sentence>
      <sentence id="d000.s2355" source="wordnet-hungarian">
         <wf lemma="A" pos="X">A</wf>
         <wf lemma="jó" pos="X">jó</wf>
         <instance id="d000.s2355.t000" lemma="munkaerő" pos="NOUN">munkaerő</instance>
         <wf lemma="nemcsak" pos="X">nemcsak</wf>
         <wf lemma="jól" pos="X">jól</wf>
         <wf lemma="képzett" pos="X">képzett</wf>
         <wf lemma="," pos="X">,</wf>
         <wf lemma="tapasztalt" pos="X">tapasztalt</wf>
         <wf lemma="," pos="X">,</wf>
         <wf lemma="hanem" pos="X">hanem</wf>
         <wf lemma="megbízható" pos="X">megbízható</wf>
         <wf lemma="is" pos="X">is</wf>
         <wf lemma="." pos="X">.</wf>
      </sentence>
      <sentence id="d000.s2356" source="wordnet-hungarian">
         <wf lemma="Az" pos="X">Az</wf>
         <wf lemma="éles" pos="X">éles</wf>
         <wf lemma="zaj" pos="X">zaj</wf>
         <wf lemma="után" pos="X">után</wf>
         <wf lemma="csngő" pos="X">csngő</wf>
         <instance id="d000.s2356.t000" lemma="hang" pos="NOUN">hang</instance>
         <wf lemma="maradt" pos="X">maradt</wf>
         <wf lemma="a" pos="X">a</wf>
         <wf lemma="fülében" pos="X">fülében</wf>
         <wf lemma="." pos="X">.</wf>
      </sentence>
      <sentence id="d000.s2357" source="wordnet-hungarian">
         <wf lemma="A" pos="X">A</wf>
         <wf lemma="Holdon" pos="X">Holdon</wf>
         <wf lemma="nincs" pos="X">nincs</wf>
         <instance id="d000.s2357.t000" lemma="élet" pos="NOUN">élet</instance>
         <wf lemma="." pos="X">.</wf>
      </sentence>
      <sentence id="d000.s2358" source="wordnet-hungarian">
         <wf lemma="A" pos="X">A</wf>
         <wf lemma="kivilágított" pos="X">kivilágított</wf>
         <wf lemma="Andrássy" pos="X">Andrássy</wf>
         <wf lemma="út" pos="X">út</wf>
         <instance id="d000.s2358.t000" lemma="hangulat" pos="NOUN">hangulata</instance>
         <wf lemma="teljesen" pos="X">teljesen</wf>
         <wf lemma="magával" pos="X">magával</wf>
         <wf lemma="ragadta" pos="X">ragadta</wf>
         <wf lemma="." pos="X">.</wf>
      </sentence>
      <sentence id="d000.s2359" source="wordnet-hungarian">
         <wf lemma="A" pos="X">A</wf>
         <instance id="d000.s2359.t000" lemma="mérőeszköz" pos="NOUN">mérőeszköz</instance>
         <wf lemma="napi" pos="X">napi</wf>
         <wf lemma="átlagos" pos="X">átlagos</wf>
         <wf lemma="12mm" pos="X">12mm</wf>
         <wf lemma="csapadékot" pos="X">csapadékot</wf>
         <wf lemma="mért" pos="X">mért</wf>
         <wf lemma="." pos="X">.</wf>
      </sentence>
      <sentence id="d000.s2360" source="wordnet-hungarian">
         <wf lemma="Minden" pos="X">Minden</wf>
         <wf lemma="politikusnak" pos="X">politikusnak</wf>
         <wf lemma="megvan" pos="X">megvan</wf>
         <wf lemma="a" pos="X">a</wf>
         <wf lemma="maga" pos="X">maga</wf>
         <instance id="d000.s2360.t000" lemma="ár" pos="NOUN">ára</instance>
         <wf lemma="." pos="X">.</wf>
      </sentence>
      <sentence id="d000.s2361" source="wordnet-hungarian">
         <wf lemma="A" pos="X">A</wf>
         <instance id="d000.s2361.t000" lemma="vontató" pos="NOUN">vontató</instance>
         <wf lemma="a" pos="X">a</wf>
         <wf lemma="tankhajót" pos="X">tankhajót</wf>
         <wf lemma="a" pos="X">a</wf>
         <wf lemma="dokkba" pos="X">dokkba</wf>
         <wf lemma="tolta" pos="X">tolta</wf>
         <wf lemma="." pos="X">.</wf>
      </sentence>
      <sentence id="d000.s2362" source="wordnet-hungarian">
         <instance id="d000.s2362.t000" lemma="május" pos="NOUN">Május</instance>
         <wf lemma="elseje" pos="X">elseje</wf>
         <wf lemma="a" pos="X">a</wf>
         <wf lemma="munka" pos="X">munka</wf>
         <wf lemma="ünnepe" pos="X">ünnepe</wf>
         <wf lemma="." pos="X">.</wf>
      </sentence>
      <sentence id="d000.s2363" source="wordnet-hungarian">
         <wf lemma="A" pos="X">A</wf>
         <wf lemma="kurdok" pos="X">kurdok</wf>
         <instance id="d000.s2363.t000" lemma="harcol" pos="VERB">harcolnak</instance>
         <wf lemma="az" pos="X">az</wf>
         <wf lemma="iraki" pos="X">iraki</wf>
         <wf lemma="csapatokkal" pos="X">csapatokkal</wf>
         <wf lemma="északon" pos="X">északon</wf>
         <wf lemma="." pos="X">.</wf>
      </sentence>
      <sentence id="d000.s2364" source="wordnet-hungarian">
         <wf lemma="A" pos="X">A</wf>
         <wf lemma="pártfőtitkári" pos="X">pártfőtitkári</wf>
         <wf lemma="poszt" pos="X">poszt</wf>
         <wf lemma="pont" pos="X">pont</wf>
         <wf lemma="úgy" pos="X">úgy</wf>
         <wf lemma="öröklődik" pos="X">öröklődik</wf>
         <wf lemma="mint" pos="X">mint</wf>
         <wf lemma="egy" pos="X">egy</wf>
         <instance id="d000.s2364.t000" lemma="monarchia" pos="NOUN">monarchiában</instance>
         <wf lemma="a" pos="X">a</wf>
         <wf lemma="királyság" pos="X">királyság</wf>
         <wf lemma="." pos="X">.</wf>
      </sentence>
      <sentence id="d000.s2365" source="wordnet-hungarian">
         <wf lemma="Gondolkodott" pos="X">Gondolkodott</wf>
         <wf lemma="az" pos="X">az</wf>
         <instance id="d000.s2365.t000" lemma="epilálás" pos="NOUN">epilálás</instance>
         <wf lemma="és" pos="X">és</wf>
         <wf lemma="a" pos="X">a</wf>
         <wf lemma="gyantázás" pos="X">gyantázás</wf>
         <wf lemma="között" pos="X">között</wf>
         <wf lemma="." pos="X">.</wf>
      </sentence>
      <sentence id="d000.s2366" source="wordnet-hungarian">
         <wf lemma="Megérkezett" pos="X">Megérkezett</wf>
         <wf lemma="a" pos="X">a</wf>
         <wf lemma="faluba" pos="X">faluba</wf>
         <wf lemma="az" pos="X">az</wf>
         <wf lemma="első" pos="X">első</wf>
         <instance id="d000.s2366.t000" lemma="gólya" pos="NOUN">gólya</instance>
         <wf lemma="." pos="X">.</wf>
      </sentence>
      <sentence id="d000.s2367" source="wordnet-hungarian">
         <wf lemma="Harsogó" pos="X">Harsogó</wf>
         <instance id="d000.s2367.t000" lemma="éneklés" pos="NOUN">énekléssel</instance>
         <wf lemma="kísérték" pos="X">kísérték</wf>
         <wf lemma="útjukat" pos="X">útjukat</wf>
         <wf lemma="." pos="X">.</wf>
      </sentence>
      <sentence id="d000.s2368" source="wordnet-hungarian">
         <wf lemma="A" pos="X">A</wf>
         <wf lemma="dicsőség" pos="X">dicsőség</wf>
         <instance id="d000.s2368.t000" lemma="ár" pos="NOUN">ára</instance>
         <wf lemma="." pos="X">.</wf>
      </sentence>
      <sentence id="d000.s2369" source="wordnet-hungarian">
         <wf lemma="A" pos="X">A</wf>
         <instance id="d000.s2369.t000" lemma="latin-amerikai" pos="NOUN">latin-amerikaiak</instance>
         <wf lemma="beáramlását" pos="X">beáramlását</wf>
         <wf lemma="aligha" pos="X">aligha</wf>
         <wf lemma="tudja" pos="X">tudja</wf>
         <wf lemma="mesterséges" pos="X">mesterséges</wf>
         <wf lemma="fallal" pos="X">fallal</wf>
         <wf lemma="feltartóztatni" pos="X">feltartóztatni</wf>
         <wf lemma="a" pos="X">a</wf>
         <wf lemma="washingtoni" pos="X">washingtoni</wf>
         <wf lemma="kormányzat" pos="X">kormányzat</wf>
         <wf lemma="." pos="X">.</wf>
      </sentence>
      <sentence id="d000.s2370" source="wordnet-hungarian">
         <wf lemma="Az" pos="X">Az</wf>
         <wf lemma="ivaros" pos="X">ivaros</wf>
         <wf lemma="szakasz" pos="X">szakasz</wf>
         <wf lemma="megkezdésekor" pos="X">megkezdésekor</wf>
         <wf lemma="a" pos="X">a</wf>
         <instance id="d000.s2370.t000" lemma="termő" pos="NOUN">termőben</instance>
         <wf lemma="az" pos="X">az</wf>
         <wf lemma="embriózsák" pos="X">embriózsák</wf>
         <wf lemma="anyasejt" pos="X">anyasejt</wf>
         <wf lemma="osztódik" pos="X">osztódik</wf>
         <wf lemma="és" pos="X">és</wf>
         <wf lemma="nyolc" pos="X">nyolc</wf>
         <wf lemma="sejtből" pos="X">sejtből</wf>
         <wf lemma="álló" pos="X">álló</wf>
         <wf lemma="magkezdemény" pos="X">magkezdemény</wf>
         <wf lemma="jön" pos="X">jön</wf>
         <wf lemma="létre" pos="X">létre</wf>
         <wf lemma="." pos="X">.</wf>
      </sentence>
      <sentence id="d000.s2371" source="wordnet-hungarian">
         <wf lemma="A" pos="X">A</wf>
         <wf lemma="verseny" pos="X">verseny</wf>
         <instance id="d000.s2371.t000" lemma="indulás" pos="NOUN">indulásakor</instance>
         <wf lemma="tisztázták" pos="X">tisztázták</wf>
         <wf lemma="a" pos="X">a</wf>
         <wf lemma="szabályokat" pos="X">szabályokat</wf>
         <wf lemma="." pos="X">.</wf>
      </sentence>
      <sentence id="d000.s2372" source="wordnet-hungarian">
         <wf lemma="Lehet" pos="X">Lehet</wf>
         <wf lemma="," pos="X">,</wf>
         <wf lemma="hogy" pos="X">hogy</wf>
         <wf lemma="a" pos="X">a</wf>
         <instance id="d000.s2372.t000" lemma="front" pos="NOUN">front</instance>
         <wf lemma="miatt" pos="X">miatt</wf>
         <wf lemma="fáj" pos="X">fáj</wf>
         <wf lemma="a" pos="X">a</wf>
         <wf lemma="fejed" pos="X">fejed</wf>
         <wf lemma="." pos="X">.</wf>
      </sentence>
      <sentence id="d000.s2373" source="wordnet-hungarian">
         <wf lemma="A" pos="X">A</wf>
         <wf lemma="tanár" pos="X">tanár</wf>
         <wf lemma="próbált" pos="X">próbált</wf>
         <wf lemma="kedvet" pos="X">kedvet</wf>
         <wf lemma="csinálni" pos="X">csinálni</wf>
         <wf lemma="a" pos="X">a</wf>
         <wf lemma="játékban" pos="X">játékban</wf>
         <wf lemma="való" pos="X">való</wf>
         <instance id="d000.s2373.t000" lemma="részvétel" pos="NOUN">részvételhez</instance>
         <wf lemma="." pos="X">.</wf>
      </sentence>
      <sentence id="d000.s2374" source="wordnet-hungarian">
         <wf lemma="Egyik" pos="X">Egyik</wf>
         <instance id="d000.s2374.t000" lemma="ámulat" pos="NOUN">ámulatból</instance>
         <wf lemma="a" pos="X">a</wf>
         <wf lemma="másikba" pos="X">másikba</wf>
         <wf lemma="esett" pos="X">esett</wf>
         <wf lemma="." pos="X">.</wf>
      </sentence>
      <sentence id="d000.s2375" source="wordnet-hungarian">
         <wf lemma="A" pos="X">A</wf>
         <instance id="d000.s2375.t000" lemma="piacgazdaság" pos="NOUN">piacgazdaságban</instance>
         <wf lemma="bármely" pos="X">bármely</wf>
         <wf lemma="termék" pos="X">termék</wf>
         <wf lemma="árát" pos="X">árát</wf>
         <wf lemma="a" pos="X">a</wf>
         <wf lemma="kínálat" pos="X">kínálat</wf>
         <wf lemma="és" pos="X">és</wf>
         <wf lemma="a" pos="X">a</wf>
         <wf lemma="kereslet" pos="X">kereslet</wf>
         <wf lemma="viszonya" pos="X">viszonya</wf>
         <wf lemma="határozza" pos="X">határozza</wf>
         <wf lemma="meg" pos="X">meg</wf>
         <wf lemma="." pos="X">.</wf>
      </sentence>
      <sentence id="d000.s2376" source="wordnet-hungarian">
         <wf lemma="Az" pos="X">Az</wf>
         <wf lemma="alkalmazottak" pos="X">alkalmazottak</wf>
         <wf lemma="betegszabadságának" pos="X">betegszabadságának</wf>
         <wf lemma="idejére" pos="X">idejére</wf>
         <wf lemma="járó" pos="X">járó</wf>
         <instance id="d000.s2376.t000" lemma="táppénz" pos="NOUN">táppénzt</instance>
         <wf lemma="az" pos="X">az</wf>
         <wf lemma="első" pos="X">első</wf>
         <wf lemma="naptól" pos="X">naptól</wf>
         <wf lemma="fizetik" pos="X">fizetik</wf>
         <wf lemma="majd" pos="X">majd</wf>
         <wf lemma="." pos="X">.</wf>
      </sentence>
      <sentence id="d000.s2377" source="wordnet-hungarian">
         <wf lemma="Ausztrália" pos="X">Ausztrália</wf>
         <wf lemma="a" pos="X">a</wf>
         <wf lemma="kenguruk" pos="X">kenguruk</wf>
         <instance id="d000.s2377.t000" lemma="haza" pos="NOUN">hazája</instance>
         <wf lemma="." pos="X">.</wf>
      </sentence>
      <sentence id="d000.s2378" source="wordnet-hungarian">
         <wf lemma="A" pos="X">A</wf>
         <instance id="d000.s2378.t000" lemma="csavarhúzó" pos="NOUN">csavarhúzót</instance>
         <wf lemma="a" pos="X">a</wf>
         <wf lemma="szerszámok" pos="X">szerszámok</wf>
         <wf lemma="között" pos="X">között</wf>
         <wf lemma="találod" pos="X">találod</wf>
         <wf lemma="!" pos="X">!</wf>
      </sentence>
      <sentence id="d000.s2379" source="wordnet-hungarian">
         <wf lemma="Az" pos="X">Az</wf>
         <wf lemma="intézkedés" pos="X">intézkedés</wf>
         <wf lemma="után" pos="X">után</wf>
         <wf lemma="sem" pos="X">sem</wf>
         <wf lemma="következett" pos="X">következett</wf>
         <wf lemma="be" pos="X">be</wf>
         <wf lemma="az" pos="X">az</wf>
         <wf lemma="árak" pos="X">árak</wf>
         <instance id="d000.s2379.t000" lemma="csökkenés" pos="NOUN">csökkenése</instance>
         <wf lemma="." pos="X">.</wf>
      </sentence>
      <sentence id="d000.s2380" source="wordnet-hungarian">
         <wf lemma="Ez" pos="X">Ez</wf>
         <wf lemma="a" pos="X">a</wf>
         <instance id="d000.s2380.t000" lemma="gondolat" pos="NOUN">gondolat</instance>
         <wf lemma="sosem" pos="X">sosem</wf>
         <wf lemma="merült" pos="X">merült</wf>
         <wf lemma="fel" pos="X">fel</wf>
         <wf lemma="bennem" pos="X">bennem</wf>
         <wf lemma="." pos="X">.</wf>
      </sentence>
      <sentence id="d000.s2381" source="wordnet-hungarian">
         <wf lemma="A" pos="X">A</wf>
         <instance id="d000.s2381.t000" lemma="véna" pos="NOUN">vénák</instance>
         <wf lemma="," pos="X">,</wf>
         <wf lemma="szemben" pos="X">szemben</wf>
         <wf lemma="az" pos="X">az</wf>
         <wf lemma="artériák" pos="X">artériák</wf>
         <wf lemma="vöröses" pos="X">vöröses</wf>
         <wf lemma="színével" pos="X">színével</wf>
         <wf lemma="," pos="X">,</wf>
         <wf lemma="kékesek" pos="X">kékesek</wf>
         <wf lemma="." pos="X">.</wf>
      </sentence>
      <sentence id="d000.s2382" source="wordnet-hungarian">
         <wf lemma="Ezen" pos="X">Ezen</wf>
         <wf lemma="a" pos="X">a</wf>
         <wf lemma="szervezeti" pos="X">szervezeti</wf>
         <instance id="d000.s2382.t000" lemma="egység" pos="NOUN">egységen</instance>
         <wf lemma="belül" pos="X">belül</wf>
         <wf lemma="vannak" pos="X">vannak</wf>
         <wf lemma="még" pos="X">még</wf>
         <wf lemma="egyéb" pos="X">egyéb</wf>
         <wf lemma="alegységek" pos="X">alegységek</wf>
         <wf lemma="is" pos="X">is</wf>
         <wf lemma="." pos="X">.</wf>
      </sentence>
      <sentence id="d000.s2383" source="wordnet-hungarian">
         <wf lemma="Ennél" pos="X">Ennél</wf>
         <wf lemma="nagyobb" pos="X">nagyobb</wf>
         <wf lemma="kínokat" pos="X">kínokat</wf>
         <wf lemma="is" pos="X">is</wf>
         <instance id="d000.s2383.t000" lemma="kiáll" pos="VERB">kiálltam</instance>
         <wf lemma="már" pos="X">már</wf>
         <wf lemma="." pos="X">.</wf>
      </sentence>
      <sentence id="d000.s2384" source="wordnet-hungarian">
         <wf lemma="A" pos="X">A</wf>
         <instance id="d000.s2384.t000" lemma="kárókatona" pos="NOUN">kárókatona</instance>
         <wf lemma="testalkata" pos="X">testalkata</wf>
         <wf lemma="messzemenően" pos="X">messzemenően</wf>
         <wf lemma="alkalmazkodott" pos="X">alkalmazkodott</wf>
         <wf lemma="életmódjához" pos="X">életmódjához</wf>
         <wf lemma="." pos="X">.</wf>
      </sentence>
      <sentence id="d000.s2385" source="wordnet-hungarian">
         <instance id="d000.s2385.t000" lemma="tart" pos="VERB">Tartom</instance>
         <wf lemma="magam" pos="X">magam</wf>
         <wf lemma="a" pos="X">a</wf>
         <wf lemma="diétához" pos="X">diétához</wf>
         <wf lemma="." pos="X">.</wf>
      </sentence>
      <sentence id="d000.s2386" source="wordnet-hungarian">
         <instance id="d000.s2386.t000" lemma="fizet" pos="VERB">Fizess</instance>
         <wf lemma="a" pos="X">a</wf>
         <wf lemma="pincérnek" pos="X">pincérnek</wf>
         <wf lemma="," pos="X">,</wf>
         <wf lemma="kérlek" pos="X">kérlek</wf>
         <wf lemma="!" pos="X">!</wf>
      </sentence>
      <sentence id="d000.s2387" source="wordnet-hungarian">
         <wf lemma="A" pos="X">A</wf>
         <wf lemma="mérges" pos="X">mérges</wf>
         <wf lemma="gomba" pos="X">gomba</wf>
         <wf lemma="nem" pos="X">nem</wf>
         <wf lemma="mindig" pos="X">mindig</wf>
         <wf lemma="ismerhető" pos="X">ismerhető</wf>
         <wf lemma="fel" pos="X">fel</wf>
         <wf lemma="a" pos="X">a</wf>
         <instance id="d000.s2387.t000" lemma="kalap" pos="NOUN">kalapjáról</instance>
         <wf lemma="." pos="X">.</wf>
      </sentence>
      <sentence id="d000.s2388" source="wordnet-hungarian">
         <wf lemma="Lop" pos="X">Lop</wf>
         <wf lemma="," pos="X">,</wf>
         <wf lemma="mint" pos="X">mint</wf>
         <wf lemma="a" pos="X">a</wf>
         <wf lemma="tolvaj" pos="X">tolvaj</wf>
         <instance id="d000.s2388.t000" lemma="szarka" pos="NOUN">szarka</instance>
         <wf lemma="." pos="X">.</wf>
      </sentence>
      <sentence id="d000.s2389" source="wordnet-hungarian">
         <wf lemma="Ez" pos="X">Ez</wf>
         <wf lemma="a" pos="X">a</wf>
         <wf lemma="tabletta" pos="X">tabletta</wf>
         <instance id="d000.s2389.t000" lemma="enyhít" pos="VERB">enyhíteni</instance>
         <wf lemma="fogja" pos="X">fogja</wf>
         <wf lemma="a" pos="X">a</wf>
         <wf lemma="fájdalmait" pos="X">fájdalmait</wf>
         <wf lemma="." pos="X">.</wf>
      </sentence>
      <sentence id="d000.s2390" source="wordnet-hungarian">
         <wf lemma="Mennyi" pos="X">Mennyi</wf>
         <wf lemma="az" pos="X">az</wf>
         <instance id="d000.s2390.t000" lemma="idő" pos="NOUN">idő</instance>
         <wf lemma="?" pos="X">?</wf>
      </sentence>
      <sentence id="d000.s2391" source="wordnet-hungarian">
         <wf lemma="A" pos="X">A</wf>
         <wf lemma="kínai" pos="X">kínai</wf>
         <wf lemma="tengerészek" pos="X">tengerészek</wf>
         <wf lemma="évezredek" pos="X">évezredek</wf>
         <wf lemma="óta" pos="X">óta</wf>
         <instance id="d000.s2391.t000" lemma="gyömbér" pos="NOUN">gyömbért</instance>
         <wf lemma="rágcsálnak" pos="X">rágcsálnak</wf>
         <wf lemma="tengeribetegség" pos="X">tengeribetegség</wf>
         <wf lemma="ellen" pos="X">ellen</wf>
         <wf lemma="." pos="X">.</wf>
      </sentence>
      <sentence id="d000.s2392" source="wordnet-hungarian">
         <wf lemma="Néhány" pos="X">Néhány</wf>
         <instance id="d000.s2392.t000" lemma="volumen" pos="NOUN">volumennel</instance>
         <wf lemma="több" pos="X">több</wf>
         <wf lemma="kéne" pos="X">kéne</wf>
         <wf lemma="." pos="X">.</wf>
      </sentence>
      <sentence id="d000.s2393" source="wordnet-hungarian">
         <wf lemma="A" pos="X">A</wf>
         <wf lemma="Chio" pos="X">Chio</wf>
         <wf lemma="Hagyományos" pos="X">Hagyományos</wf>
         <instance id="d000.s2393.t000" lemma="burgonyaszirom" pos="NOUN">burgonyaszirom</instance>
         <wf lemma="a" pos="X">a</wf>
         <wf lemma="legtöbb" pos="X">legtöbb</wf>
         <wf lemma="chips-szel" pos="X">chips-szel</wf>
         <wf lemma="összehasonlítva" pos="X">összehasonlítva</wf>
         <wf lemma="könnyű" pos="X">könnyű</wf>
         <wf lemma="," pos="X">,</wf>
         <wf lemma="szinte" pos="X">szinte</wf>
         <wf lemma="légies" pos="X">légies</wf>
         <wf lemma="snack" pos="X">snack</wf>
         <wf lemma="," pos="X">,</wf>
         <wf lemma="mely" pos="X">mely</wf>
         <wf lemma="bármikor" pos="X">bármikor</wf>
         <wf lemma="jólesik" pos="X">jólesik</wf>
         <wf lemma="." pos="X">.</wf>
      </sentence>
      <sentence id="d000.s2394" source="wordnet-hungarian">
         <wf lemma="A" pos="X">A</wf>
         <instance id="d000.s2394.t000" lemma="világosság" pos="NOUN">világosság</instance>
         <wf lemma="nem" pos="X">nem</wf>
         <wf lemma="volt" pos="X">volt</wf>
         <wf lemma="elég" pos="X">elég</wf>
         <wf lemma="az" pos="X">az</wf>
         <wf lemma="olvasáshoz" pos="X">olvasáshoz</wf>
         <wf lemma="." pos="X">.</wf>
      </sentence>
      <sentence id="d000.s2395" source="wordnet-hungarian">
         <wf lemma="pl." pos="X">pl.</wf>
         <wf lemma="vizsgatétel" pos="X">vizsgatétel</wf>
         <wf lemma="," pos="X">,</wf>
         <wf lemma="vámtétel" pos="X">vámtétel</wf>
         <wf lemma="," pos="X">,</wf>
         <wf lemma="leltári" pos="X">leltári</wf>
         <instance id="d000.s2395.t000" lemma="tétel" pos="NOUN">tétel</instance>
         <wf lemma="stb" pos="X">stb</wf>
         <wf lemma="." pos="X">.</wf>
      </sentence>
      <sentence id="d000.s2396" source="wordnet-hungarian">
         <wf lemma="a" pos="X">a</wf>
         <wf lemma="leszakadó" pos="X">leszakadó</wf>
         <wf lemma="társadalmi" pos="X">társadalmi</wf>
         <instance id="d000.s2396.t000" lemma="réteg" pos="NOUN">rétegek</instance>
         <wf lemma="." pos="X">.</wf>
      </sentence>
      <sentence id="d000.s2397" source="wordnet-hungarian">
         <wf lemma="Rádión" pos="X">Rádión</wf>
         <wf lemma="hallgatták" pos="X">hallgatták</wf>
         <wf lemma="meg" pos="X">meg</wf>
         <wf lemma="a" pos="X">a</wf>
         <wf lemma="meccs" pos="X">meccs</wf>
         <instance id="d000.s2397.t000" lemma="eredmény" pos="NOUN">eredményét</instance>
         <wf lemma="." pos="X">.</wf>
      </sentence>
      <sentence id="d000.s2398" source="wordnet-hungarian">
         <wf lemma="Nagy" pos="X">Nagy</wf>
         <wf lemma="Britannia" pos="X">Britannia</wf>
         <wf lemma="és" pos="X">és</wf>
         <wf lemma="Írország" pos="X">Írország</wf>
         <wf lemma="munkaviszonyban" pos="X">munkaviszonyban</wf>
         <wf lemma="álló" pos="X">álló</wf>
         <wf lemma="lakosai" pos="X">lakosai</wf>
         <wf lemma="közül" pos="X">közül</wf>
         <wf lemma="a" pos="X">a</wf>
         <wf lemma="leggyakrabban" pos="X">leggyakrabban</wf>
         <wf lemma="a" pos="X">a</wf>
         <instance id="d000.s2398.t000" lemma="manchesteri" pos="NOUN">manchesteriek</instance>
         <wf lemma="jelentenek" pos="X">jelentenek</wf>
         <wf lemma="beteget" pos="X">beteget</wf>
         <wf lemma="." pos="X">.</wf>
      </sentence>
      <sentence id="d000.s2399" source="wordnet-hungarian">
         <wf lemma="Az" pos="X">Az</wf>
         <instance id="d000.s2399.t000" lemma="álmosság" pos="NOUN">álmosság</instance>
         <wf lemma="miatt" pos="X">miatt</wf>
         <wf lemma="rengeteg" pos="X">rengeteg</wf>
         <wf lemma="autóbaleset" pos="X">autóbaleset</wf>
         <wf lemma="történik" pos="X">történik</wf>
         <wf lemma="." pos="X">.</wf>
      </sentence>
      <sentence id="d000.s2400" source="wordnet-hungarian">
         <instance id="d000.s2400.t000" lemma="kipipál" pos="VERB">Kipipálom</instance>
         <wf lemma="a" pos="X">a</wf>
         <wf lemma="neveket" pos="X">neveket</wf>
         <wf lemma="a" pos="X">a</wf>
         <wf lemma="telefonszámok" pos="X">telefonszámok</wf>
         <wf lemma="mellett" pos="X">mellett</wf>
         <wf lemma="." pos="X">.</wf>
      </sentence>
      <sentence id="d000.s2401" source="wordnet-hungarian">
         <wf lemma="Úgy" pos="X">Úgy</wf>
         <wf lemma="dönt" pos="X">dönt</wf>
         <wf lemma="," pos="X">,</wf>
         <wf lemma="hogy" pos="X">hogy</wf>
         <wf lemma="az" pos="X">az</wf>
         <wf lemma="iskola" pos="X">iskola</wf>
         <wf lemma="befejezése" pos="X">befejezése</wf>
         <wf lemma="után" pos="X">után</wf>
         <wf lemma="elszegődik" pos="X">elszegődik</wf>
         <instance id="d000.s2401.t000" lemma="nevelőnő" pos="NOUN">nevelőnőnek</instance>
         <wf lemma="a" pos="X">a</wf>
         <wf lemma="hétgyerekes" pos="X">hétgyerekes</wf>
         <wf lemma="özvegyemberhez" pos="X">özvegyemberhez</wf>
         <wf lemma="." pos="X">.</wf>
      </sentence>
      <sentence id="d000.s2402" source="wordnet-hungarian">
         <wf lemma="Két" pos="X">Két</wf>
         <instance id="d000.s2402.t000" lemma="esemény" pos="NOUN">esemény</instance>
         <wf lemma="egymáshoz" pos="X">egymáshoz</wf>
         <wf lemma="való" pos="X">való</wf>
         <wf lemma="viszonya" pos="X">viszonya</wf>
         <wf lemma=":" pos="X">:</wf>
         <wf lemma="az" pos="X">az</wf>
         <wf lemma="intervallum" pos="X">intervallum</wf>
         <wf lemma="." pos="X">.</wf>
      </sentence>
      <sentence id="d000.s2403" source="wordnet-hungarian">
         <wf lemma="János" pos="X">János</wf>
         <wf lemma="a" pos="X">a</wf>
         <wf lemma="bíróságon" pos="X">bíróságon</wf>
         <instance id="d000.s2403.t000" lemma="felel" pos="VERB">felel</instance>
         <wf lemma="a" pos="X">a</wf>
         <wf lemma="tetteiért" pos="X">tetteiért</wf>
         <wf lemma="." pos="X">.</wf>
      </sentence>
      <sentence id="d000.s2404" source="wordnet-hungarian">
         <wf lemma="A" pos="X">A</wf>
         <instance id="d000.s2404.t000" lemma="kedvezmény" pos="NOUN">kedvezmény</instance>
         <wf lemma="akkor" pos="X">akkor</wf>
         <wf lemma="érvényes" pos="X">érvényes</wf>
         <wf lemma="," pos="X">,</wf>
         <wf lemma="ha" pos="X">ha</wf>
         <wf lemma="rendelése" pos="X">rendelése</wf>
         <wf lemma="legalább" pos="X">legalább</wf>
         <wf lemma="három" pos="X">három</wf>
         <wf lemma="könyvet" pos="X">könyvet</wf>
         <wf lemma="tartalmaz" pos="X">tartalmaz</wf>
         <wf lemma="." pos="X">.</wf>
      </sentence>
      <sentence id="d000.s2405" source="wordnet-hungarian">
         <wf lemma="A" pos="X">A</wf>
         <wf lemma="kölcsönös" pos="X">kölcsönös</wf>
         <instance id="d000.s2405.t000" lemma="kedvesség" pos="NOUN">kedvesség</instance>
         <wf lemma="és" pos="X">és</wf>
         <wf lemma="türelem" pos="X">türelem</wf>
         <wf lemma="Édenné" pos="X">Édenné</wf>
         <wf lemma="alakítja" pos="X">alakítja</wf>
         <wf lemma="az" pos="X">az</wf>
         <wf lemma="otthont" pos="X">otthont</wf>
         <wf lemma="." pos="X">.</wf>
      </sentence>
      <sentence id="d000.s2406" source="wordnet-hungarian">
         <wf lemma="A" pos="X">A</wf>
         <instance id="d000.s2406.t000" lemma="végzet" pos="NOUN">végzetünkkel</instance>
         <wf lemma="szemben" pos="X">szemben</wf>
         <wf lemma="tehetetlenek" pos="X">tehetetlenek</wf>
         <wf lemma="vagyunk" pos="X">vagyunk</wf>
         <wf lemma="." pos="X">.</wf>
      </sentence>
      <sentence id="d000.s2407" source="wordnet-hungarian">
         <wf lemma="Többszörös" pos="X">Többszörös</wf>
         <instance id="d000.s2407.t000" lemma="orgazmus" pos="NOUN">orgazmusról</instance>
         <wf lemma="akkor" pos="X">akkor</wf>
         <wf lemma="beszélhetünk" pos="X">beszélhetünk</wf>
         <wf lemma="," pos="X">,</wf>
         <wf lemma="ha" pos="X">ha</wf>
         <wf lemma="az" pos="X">az</wf>
         <wf lemma="egymást" pos="X">egymást</wf>
         <wf lemma="követő" pos="X">követő</wf>
         <wf lemma="orgazmusok" pos="X">orgazmusok</wf>
         <wf lemma="között" pos="X">között</wf>
         <wf lemma="egyre" pos="X">egyre</wf>
         <wf lemma="rövidebb" pos="X">rövidebb</wf>
         <wf lemma="idő" pos="X">idő</wf>
         <wf lemma="telik" pos="X">telik</wf>
         <wf lemma="el" pos="X">el</wf>
         <wf lemma="." pos="X">.</wf>
      </sentence>
      <sentence id="d000.s2408" source="wordnet-hungarian">
         <wf lemma="Magyarország" pos="X">Magyarország</wf>
         <wf lemma="egyik" pos="X">egyik</wf>
         <wf lemma="legritkább" pos="X">legritkább</wf>
         <wf lemma="ragadozó" pos="X">ragadozó</wf>
         <wf lemma="madara" pos="X">madara</wf>
         <wf lemma="a" pos="X">a</wf>
         <wf lemma="parlagi" pos="X">parlagi</wf>
         <instance id="d000.s2408.t000" lemma="sas" pos="NOUN">sas</instance>
         <wf lemma="." pos="X">.</wf>
      </sentence>
      <sentence id="d000.s2409" source="wordnet-hungarian">
         <wf lemma="A" pos="X">A</wf>
         <wf lemma="protestáns" pos="X">protestáns</wf>
         <instance id="d000.s2409.t000" lemma="kanton" pos="NOUN">kantonokban</instance>
         <wf lemma="eleinte" pos="X">eleinte</wf>
         <wf lemma="nem" pos="X">nem</wf>
         <wf lemma="tudta" pos="X">tudta</wf>
         <wf lemma="megvetni" pos="X">megvetni</wf>
         <wf lemma="lábát" pos="X">lábát</wf>
         <wf lemma="ez" pos="X">ez</wf>
         <wf lemma="a" pos="X">a</wf>
         <wf lemma="párt" pos="X">párt</wf>
         <wf lemma="." pos="X">.</wf>
      </sentence>
      <sentence id="d000.s2410" source="wordnet-hungarian">
         <wf lemma="Még" pos="X">Még</wf>
         <wf lemma="egy" pos="X">egy</wf>
         <instance id="d000.s2410.t000" lemma="kanál" pos="NOUN">kanál</instance>
         <wf lemma="levest" pos="X">levest</wf>
         <wf lemma="sem" pos="X">sem</wf>
         <wf lemma="evett" pos="X">evett</wf>
         <wf lemma="," pos="X">,</wf>
         <wf lemma="estére" pos="X">estére</wf>
         <wf lemma="nagyon" pos="X">nagyon</wf>
         <wf lemma="el" pos="X">el</wf>
         <wf lemma="fog" pos="X">fog</wf>
         <wf lemma="éhezni" pos="X">éhezni</wf>
         <wf lemma="." pos="X">.</wf>
      </sentence>
      <sentence id="d000.s2411" source="wordnet-hungarian">
         <wf lemma="Küldök" pos="X">Küldök</wf>
         <wf lemma="majd" pos="X">majd</wf>
         <wf lemma="neki" pos="X">neki</wf>
         <wf lemma="egy" pos="X">egy</wf>
         <wf lemma="üdvözlő" pos="X">üdvözlő</wf>
         <instance id="d000.s2411.t000" lemma="távirat" pos="NOUN">táviratot</instance>
         <wf lemma="," pos="X">,</wf>
         <wf lemma="mert" pos="X">mert</wf>
         <wf lemma="nem" pos="X">nem</wf>
         <wf lemma="tudok" pos="X">tudok</wf>
         <wf lemma="elmenni" pos="X">elmenni</wf>
         <wf lemma="az" pos="X">az</wf>
         <wf lemma="esküvőjére" pos="X">esküvőjére</wf>
         <wf lemma="." pos="X">.</wf>
      </sentence>
      <sentence id="d000.s2412" source="wordnet-hungarian">
         <wf lemma="A" pos="X">A</wf>
         <instance id="d000.s2412.t000" lemma="közönség" pos="NOUN">közönség</instance>
         <wf lemma="állva" pos="X">állva</wf>
         <wf lemma="tapsolta" pos="X">tapsolta</wf>
         <wf lemma="meg" pos="X">meg</wf>
         <wf lemma="a" pos="X">a</wf>
         <wf lemma="színészeket" pos="X">színészeket</wf>
         <wf lemma="." pos="X">.</wf>
      </sentence>
      <sentence id="d000.s2413" source="wordnet-hungarian">
         <wf lemma="Az" pos="X">Az</wf>
         <instance id="d000.s2413.t000" lemma="olasz" pos="NOUN">olasz</instance>
         <wf lemma="elhívott" pos="X">elhívott</wf>
         <wf lemma="vacsorázni" pos="X">vacsorázni</wf>
         <wf lemma="és" pos="X">és</wf>
         <wf lemma="nagyon" pos="X">nagyon</wf>
         <wf lemma="kellemes" pos="X">kellemes</wf>
         <wf lemma="időt" pos="X">időt</wf>
         <wf lemma="töltöttünk" pos="X">töltöttünk</wf>
         <wf lemma="együtt" pos="X">együtt</wf>
         <wf lemma="." pos="X">.</wf>
      </sentence>
      <sentence id="d000.s2414" source="wordnet-hungarian">
         <wf lemma="A" pos="X">A</wf>
         <instance id="d000.s2414.t000" lemma="virágbolt" pos="NOUN">virágbolt</instance>
         <wf lemma="nem" pos="X">nem</wf>
         <wf lemma="árul" pos="X">árul</wf>
         <wf lemma="rózsát" pos="X">rózsát</wf>
         <wf lemma="." pos="X">.</wf>
      </sentence>
      <sentence id="d000.s2415" source="wordnet-hungarian">
         <wf lemma="A" pos="X">A</wf>
         <instance id="d000.s2415.t000" lemma="hitetlenség" pos="NOUN">hitetlenség</instance>
         <wf lemma="a" pos="X">a</wf>
         <wf lemma="gyökere" pos="X">gyökere</wf>
         <wf lemma="minden" pos="X">minden</wf>
         <wf lemma="szertartásosságnak" pos="X">szertartásosságnak</wf>
         <wf lemma="." pos="X">.</wf>
      </sentence>
      <sentence id="d000.s2416" source="wordnet-hungarian">
         <wf lemma="Az" pos="X">Az</wf>
         <wf lemma="ünnepség" pos="X">ünnepség</wf>
         <wf lemma="a" pos="X">a</wf>
         <instance id="d000.s2416.t000" lemma="miniszterelnök" pos="NOUN">miniszterelnök</instance>
         <wf lemma="beszédével" pos="X">beszédével</wf>
         <wf lemma="vette" pos="X">vette</wf>
         <wf lemma="kezdetét" pos="X">kezdetét</wf>
         <wf lemma="." pos="X">.</wf>
      </sentence>
      <sentence id="d000.s2417" source="wordnet-hungarian">
         <wf lemma="A" pos="X">A</wf>
         <wf lemma="mellékelt" pos="X">mellékelt</wf>
         <wf lemma="témákban" pos="X">témákban</wf>
         <wf lemma="az" pos="X">az</wf>
         <wf lemma="ország" pos="X">ország</wf>
         <wf lemma="minden" pos="X">minden</wf>
         <wf lemma="részéből" pos="X">részéből</wf>
         <wf lemma="várunk" pos="X">várunk</wf>
         <instance id="d000.s2417.t000" lemma="kiállító" pos="NOUN">kiállítókat</instance>
         <wf lemma="." pos="X">.</wf>
      </sentence>
      <sentence id="d000.s2418" source="wordnet-hungarian">
         <wf lemma="Még" pos="X">Még</wf>
         <wf lemma="azelőtt" pos="X">azelőtt</wf>
         <wf lemma="befejeződött" pos="X">befejeződött</wf>
         <wf lemma="az" pos="X">az</wf>
         <instance id="d000.s2418.t000" lemma="eladás" pos="NOUN">eladás</instance>
         <wf lemma="folyamata" pos="X">folyamata</wf>
         <wf lemma="," pos="X">,</wf>
         <wf lemma="hogy" pos="X">hogy</wf>
         <wf lemma="a" pos="X">a</wf>
         <wf lemma="bankok" pos="X">bankok</wf>
         <wf lemma="bezártak" pos="X">bezártak</wf>
         <wf lemma="." pos="X">.</wf>
      </sentence>
      <sentence id="d000.s2419" source="wordnet-hungarian">
         <wf lemma="A" pos="X">A</wf>
         <wf lemma="játékos-" pos="X">játékos-</wf>
         <wf lemma="és" pos="X">és</wf>
         <wf lemma="stratégiahalmazból" pos="X">stratégiahalmazból</wf>
         <wf lemma="," pos="X">,</wf>
         <wf lemma="továbbá" pos="X">továbbá</wf>
         <wf lemma="kifizetésfüggvényből" pos="X">kifizetésfüggvényből</wf>
         <wf lemma="álló" pos="X">álló</wf>
         <instance id="d000.s2419.t000" lemma="hármas" pos="NOUN">hármast</instance>
         <wf lemma="normális" pos="X">normális</wf>
         <wf lemma="vagy" pos="X">vagy</wf>
         <wf lemma="stratégia" pos="X">stratégia</wf>
         <wf lemma="alakú" pos="X">alakú</wf>
         <wf lemma="játéknak" pos="X">játéknak</wf>
         <wf lemma="nevezik" pos="X">nevezik</wf>
         <wf lemma="." pos="X">.</wf>
      </sentence>
      <sentence id="d000.s2420" source="wordnet-hungarian">
         <wf lemma="Marv" pos="X">Marv</wf>
         <wf lemma="a" pos="X">a</wf>
         <wf lemma="meggyilkolt" pos="X">meggyilkolt</wf>
         <wf lemma="nő" pos="X">nő</wf>
         <wf lemma="iránti" pos="X">iránti</wf>
         <wf lemma="bosszútól" pos="X">bosszútól</wf>
         <wf lemma="vezérelve" pos="X">vezérelve</wf>
         <wf lemma="kutyákkal" pos="X">kutyákkal</wf>
         <wf lemma="eteti" pos="X">eteti</wf>
         <wf lemma="meg" pos="X">meg</wf>
         <wf lemma="az" pos="X">az</wf>
         <instance id="d000.s2420.t000" lemma="emberevő" pos="NOUN">emberevőt</instance>
         <wf lemma="." pos="X">.</wf>
      </sentence>
      <sentence id="d000.s2421" source="wordnet-hungarian">
         <instance id="d000.s2421.t000" lemma="ökölvívás" pos="NOUN">Ökölvívásban</instance>
         <wf lemma="nyert" pos="X">nyert</wf>
         <wf lemma="olimpiai" pos="X">olimpiai</wf>
         <wf lemma="aranyat" pos="X">aranyat</wf>
         <wf lemma="." pos="X">.</wf>
      </sentence>
      <sentence id="d000.s2422" source="wordnet-hungarian">
         <wf lemma="Egy" pos="X">Egy</wf>
         <wf lemma="garázsban" pos="X">garázsban</wf>
         <wf lemma="indította" pos="X">indította</wf>
         <wf lemma="be" pos="X">be</wf>
         <instance id="d000.s2422.t000" lemma="vállalat" pos="NOUN">vállalatát</instance>
         <wf lemma="." pos="X">.</wf>
      </sentence>
      <sentence id="d000.s2423" source="wordnet-hungarian">
         <wf lemma="A" pos="X">A</wf>
         <wf lemma="magas" pos="X">magas</wf>
         <wf lemma="jegyárak" pos="X">jegyárak</wf>
         <wf lemma="miatt" pos="X">miatt</wf>
         <wf lemma="nem" pos="X">nem</wf>
         <wf lemma="tudtunk" pos="X">tudtunk</wf>
         <wf lemma="elmenni" pos="X">elmenni</wf>
         <wf lemma="a" pos="X">a</wf>
         <wf lemma="Sting" pos="X">Sting</wf>
         <instance id="d000.s2423.t000" lemma="koncert" pos="NOUN">koncertre</instance>
         <wf lemma="." pos="X">.</wf>
      </sentence>
      <sentence id="d000.s2424" source="wordnet-hungarian">
         <wf lemma="Az" pos="X">Az</wf>
         <instance id="d000.s2424.t000" lemma="ananász" pos="NOUN">ananász</instance>
         <wf lemma="fogyasztás" pos="X">fogyasztás</wf>
         <wf lemma="előnyei" pos="X">előnyei</wf>
         <wf lemma=":" pos="X">:</wf>
         <wf lemma="az" pos="X">az</wf>
         <wf lemma="ananász" pos="X">ananász</wf>
         <wf lemma="segít" pos="X">segít</wf>
         <wf lemma="a" pos="X">a</wf>
         <wf lemma="fehérjék" pos="X">fehérjék</wf>
         <wf lemma="emésztésében" pos="X">emésztésében</wf>
         <wf lemma="," pos="X">,</wf>
         <wf lemma="az" pos="X">az</wf>
         <wf lemma="izomregenerációt" pos="X">izomregenerációt</wf>
         <wf lemma="gyorsítja" pos="X">gyorsítja</wf>
         <wf lemma="," pos="X">,</wf>
         <wf lemma="segít" pos="X">segít</wf>
         <wf lemma="a" pos="X">a</wf>
         <wf lemma="csontritkulás" pos="X">csontritkulás</wf>
         <wf lemma="megelőzésében" pos="X">megelőzésében</wf>
         <wf lemma="-" pos="X">-</wf>
         <wf lemma="jelentős" pos="X">jelentős</wf>
         <wf lemma="antioxidáns" pos="X">antioxidáns</wf>
         <wf lemma="hatása" pos="X">hatása</wf>
         <wf lemma="," pos="X">,</wf>
         <wf lemma="mivel" pos="X">mivel</wf>
         <wf lemma="rengeteg" pos="X">rengeteg</wf>
         <wf lemma="C-vitamint" pos="X">C-vitamint</wf>
         <wf lemma="tartalmaz" pos="X">tartalmaz</wf>
         <wf lemma="." pos="X">.</wf>
      </sentence>
      <sentence id="d000.s2425" source="wordnet-hungarian">
         <instance id="d000.s2425.t000" lemma="szén" pos="NOUN">Szénnel</instance>
         <wf lemma="fűtöttek" pos="X">fűtöttek</wf>
         <wf lemma="." pos="X">.</wf>
      </sentence>
      <sentence id="d000.s2426" source="wordnet-hungarian">
         <wf lemma="A" pos="X">A</wf>
         <wf lemma="sebesség" pos="X">sebesség</wf>
         <wf lemma="a" pos="X">a</wf>
         <instance id="d000.s2426.t000" lemma="fázisszög" pos="NOUN">fázisszög</instance>
         <wf lemma="koszinuszával" pos="X">koszinuszával</wf>
         <wf lemma="arányos" pos="X">arányos</wf>
         <wf lemma="." pos="X">.</wf>
      </sentence>
      <sentence id="d000.s2427" source="wordnet-hungarian">
         <wf lemma="Amikor" pos="X">Amikor</wf>
         <wf lemma="a" pos="X">a</wf>
         <wf lemma="HIV" pos="X">HIV</wf>
         <wf lemma="replikálódik" pos="X">replikálódik</wf>
         <wf lemma="," pos="X">,</wf>
         <wf lemma="a" pos="X">a</wf>
         <wf lemma="vírus" pos="X">vírus</wf>
         <wf lemma="egy" pos="X">egy</wf>
         <wf lemma="új" pos="X">új</wf>
         <instance id="d000.s2427.t000" lemma="generáció" pos="NOUN">generációja</instance>
         <wf lemma="keletkezik" pos="X">keletkezik</wf>
         <wf lemma="," pos="X">,</wf>
         <wf lemma="a" pos="X">a</wf>
         <wf lemma="korábbiakhoz" pos="X">korábbiakhoz</wf>
         <wf lemma="képest" pos="X">képest</wf>
         <wf lemma="mindig" pos="X">mindig</wf>
         <wf lemma="csekély" pos="X">csekély</wf>
         <wf lemma="változtatással" pos="X">változtatással</wf>
         <wf lemma="." pos="X">.</wf>
      </sentence>
      <sentence id="d000.s2428" source="wordnet-hungarian">
         <wf lemma="A" pos="X">A</wf>
         <wf lemma="kórház" pos="X">kórház</wf>
         <wf lemma="ablakai" pos="X">ablakai</wf>
         <wf lemma="sajnos" pos="X">sajnos</wf>
         <wf lemma="a" pos="X">a</wf>
         <instance id="d000.s2428.t000" lemma="temető" pos="NOUN">temetőre</instance>
         <wf lemma="néznek" pos="X">néznek</wf>
         <wf lemma="." pos="X">.</wf>
      </sentence>
      <sentence id="d000.s2429" source="wordnet-hungarian">
         <wf lemma="A" pos="X">A</wf>
         <wf lemma="magyar" pos="X">magyar</wf>
         <wf lemma="történelemtanárok" pos="X">történelemtanárok</wf>
         <wf lemma="pozsonyi" pos="X">pozsonyi</wf>
         <instance id="d000.s2429.t000" lemma="kálvária" pos="NOUN">kálváriája</instance>
         <wf lemma="végre" pos="X">végre</wf>
         <wf lemma="véget" pos="X">véget</wf>
         <wf lemma="ért" pos="X">ért</wf>
         <wf lemma="." pos="X">.</wf>
      </sentence>
      <sentence id="d000.s2430" source="wordnet-hungarian">
         <wf lemma="Úgy" pos="X">Úgy</wf>
         <wf lemma="érezte" pos="X">érezte</wf>
         <wf lemma="," pos="X">,</wf>
         <wf lemma="hogy" pos="X">hogy</wf>
         <wf lemma="eddig" pos="X">eddig</wf>
         <wf lemma="egy" pos="X">egy</wf>
         <instance id="d000.s2430.t000" lemma="csőd" pos="NOUN">csőd</instance>
         <wf lemma="volt" pos="X">volt</wf>
         <wf lemma="az" pos="X">az</wf>
         <wf lemma="élete" pos="X">élete</wf>
         <wf lemma="." pos="X">.</wf>
      </sentence>
      <sentence id="d000.s2431" source="wordnet-hungarian">
         <wf lemma="Ha" pos="X">Ha</wf>
         <wf lemma="olyan" pos="X">olyan</wf>
         <instance id="d000.s2431.t000" lemma="nyuszi" pos="NOUN">nyuszi</instance>
         <wf lemma="lenne" pos="X">lenne</wf>
         <wf lemma="," pos="X">,</wf>
         <wf lemma="akkor" pos="X">akkor</wf>
         <wf lemma="eleve" pos="X">eleve</wf>
         <wf lemma="nem" pos="X">nem</wf>
         <wf lemma="is" pos="X">is</wf>
         <wf lemma="mert" pos="X">mert</wf>
         <wf lemma="volna" pos="X">volna</wf>
         <wf lemma="eljönni" pos="X">eljönni</wf>
         <wf lemma="." pos="X">.</wf>
      </sentence>
      <sentence id="d000.s2432" source="wordnet-hungarian">
         <wf lemma="A" pos="X">A</wf>
         <instance id="d000.s2432.t000" lemma="kutyatejfélék" pos="NOUN">kutyatejfélékből</instance>
         <wf lemma="írtak" pos="X">írtak</wf>
         <wf lemma="dolgozatot" pos="X">dolgozatot</wf>
         <wf lemma="a" pos="X">a</wf>
         <wf lemma="múlt" pos="X">múlt</wf>
         <wf lemma="héten" pos="X">héten</wf>
         <wf lemma="." pos="X">.</wf>
      </sentence>
      <sentence id="d000.s2433" source="wordnet-hungarian">
         <wf lemma="A" pos="X">A</wf>
         <instance id="d000.s2433.t000" lemma="körzet" pos="NOUN">körzet</instance>
         <wf lemma="a" pos="X">a</wf>
         <wf lemma="változások" pos="X">változások</wf>
         <wf lemma="ellen" pos="X">ellen</wf>
         <wf lemma="szavazott" pos="X">szavazott</wf>
         <wf lemma="." pos="X">.</wf>
      </sentence>
      <sentence id="d000.s2434" source="wordnet-hungarian">
         <wf lemma="A" pos="X">A</wf>
         <instance id="d000.s2434.t000" lemma="kvarc" pos="NOUN">kvarc</instance>
         <wf lemma="a" pos="X">a</wf>
         <wf lemma="legáltalánosabban" pos="X">legáltalánosabban</wf>
         <wf lemma="elterjedt" pos="X">elterjedt</wf>
         <wf lemma="ásvány" pos="X">ásvány</wf>
         <wf lemma="." pos="X">.</wf>
      </sentence>
      <sentence id="d000.s2435" source="wordnet-hungarian">
         <wf lemma="Egész" pos="X">Egész</wf>
         <wf lemma="nap" pos="X">nap</wf>
         <instance id="d000.s2435.t000" lemma="gondolkodik" pos="VERB">gondolkodtam</instance>
         <wf lemma="," pos="X">,</wf>
         <wf lemma="de" pos="X">de</wf>
         <wf lemma="nem" pos="X">nem</wf>
         <wf lemma="jutottam" pos="X">jutottam</wf>
         <wf lemma="semmire" pos="X">semmire</wf>
         <wf lemma="." pos="X">.</wf>
      </sentence>
      <sentence id="d000.s2436" source="wordnet-hungarian">
         <wf lemma="A" pos="X">A</wf>
         <wf lemma="felső" pos="X">felső</wf>
         <wf lemma="és" pos="X">és</wf>
         <wf lemma="alsó" pos="X">alsó</wf>
         <wf lemma="fegyvertornyok" pos="X">fegyvertornyok</wf>
         <wf lemma="megszüntetésével" pos="X">megszüntetésével</wf>
         <wf lemma="a" pos="X">a</wf>
         <wf lemma="második" pos="X">második</wf>
         <instance id="d000.s2436.t000" lemma="lövész" pos="NOUN">lövész</instance>
         <wf lemma="is" pos="X">is</wf>
         <wf lemma="lekerült" pos="X">lekerült</wf>
         <wf lemma="a" pos="X">a</wf>
         <wf lemma="repülőgépről" pos="X">repülőgépről</wf>
         <wf lemma="." pos="X">.</wf>
      </sentence>
      <sentence id="d000.s2437" source="wordnet-hungarian">
         <wf lemma="Férje" pos="X">Férje</wf>
         <wf lemma="halála" pos="X">halála</wf>
         <wf lemma="után" pos="X">után</wf>
         <wf lemma="a" pos="X">a</wf>
         <instance id="d000.s2437.t000" lemma="gyász" pos="NOUN">gyász</instance>
         <wf lemma="érzése" pos="X">érzése</wf>
         <wf lemma="csak" pos="X">csak</wf>
         <wf lemma="évek" pos="X">évek</wf>
         <wf lemma="múlva" pos="X">múlva</wf>
         <wf lemma="enyhült" pos="X">enyhült</wf>
         <wf lemma="." pos="X">.</wf>
      </sentence>
      <sentence id="d000.s2438" source="wordnet-hungarian">
         <instance id="d000.s2438.t000" lemma="észrevesz" pos="VERB">Észrevettem</instance>
         <wf lemma="a" pos="X">a</wf>
         <wf lemma="gyanakvást" pos="X">gyanakvást</wf>
         <wf lemma="a" pos="X">a</wf>
         <wf lemma="tekintetében" pos="X">tekintetében</wf>
         <wf lemma="." pos="X">.</wf>
      </sentence>
      <sentence id="d000.s2439" source="wordnet-hungarian">
         <wf lemma="A" pos="X">A</wf>
         <wf lemma="forrásra" pos="X">forrásra</wf>
         <wf lemma="való" pos="X">való</wf>
         <instance id="d000.s2439.t000" lemma="hivatkozás" pos="NOUN">hivatkozást</instance>
         <wf lemma="a" pos="X">a</wf>
         <wf lemma="lap" pos="X">lap</wf>
         <wf lemma="alján" pos="X">alján</wf>
         <wf lemma="tüntette" pos="X">tüntette</wf>
         <wf lemma="fel" pos="X">fel</wf>
         <wf lemma="." pos="X">.</wf>
      </sentence>
      <sentence id="d000.s2440" source="wordnet-hungarian">
         <wf lemma="A" pos="X">A</wf>
         <wf lemma="növénynemesítésben" pos="X">növénynemesítésben</wf>
         <wf lemma="és" pos="X">és</wf>
         <wf lemma="az" pos="X">az</wf>
         <instance id="d000.s2440.t000" lemma="állattenyésztés" pos="NOUN">állattenyésztésben</instance>
         <wf lemma="elfogadható" pos="X">elfogadható</wf>
         <wf lemma="módszer" pos="X">módszer</wf>
         <wf lemma="a" pos="X">a</wf>
         <wf lemma="klónozás" pos="X">klónozás</wf>
         <wf lemma="." pos="X">.</wf>
      </sentence>
      <sentence id="d000.s2441" source="wordnet-hungarian">
         <wf lemma="A" pos="X">A</wf>
         <instance id="d000.s2441.t000" lemma="terület" pos="NOUN">terület</instance>
         <wf lemma="az" pos="X">az</wf>
         <wf lemma="önkormányzat" pos="X">önkormányzat</wf>
         <wf lemma="fennhatósága" pos="X">fennhatósága</wf>
         <wf lemma="alá" pos="X">alá</wf>
         <wf lemma="tartozik" pos="X">tartozik</wf>
         <wf lemma="." pos="X">.</wf>
      </sentence>
      <sentence id="d000.s2442" source="wordnet-hungarian">
         <wf lemma="Ígéreteinek" pos="X">Ígéreteinek</wf>
         <instance id="d000.s2442.t000" lemma="visszavonás" pos="NOUN">visszavonásával</instance>
         <wf lemma="sok" pos="X">sok</wf>
         <wf lemma="fájdalmat" pos="X">fájdalmat</wf>
         <wf lemma="okozott" pos="X">okozott</wf>
         <wf lemma="." pos="X">.</wf>
      </sentence>
      <sentence id="d000.s2443" source="wordnet-hungarian">
         <wf lemma="A" pos="X">A</wf>
         <wf lemma="rabról" pos="X">rabról</wf>
         <wf lemma="levették" pos="X">levették</wf>
         <wf lemma="a" pos="X">a</wf>
         <instance id="d000.s2443.t000" lemma="bilincs" pos="NOUN">bilincset</instance>
         <wf lemma="a" pos="X">a</wf>
         <wf lemma="tárgyalóteremben" pos="X">tárgyalóteremben</wf>
         <wf lemma="." pos="X">.</wf>
      </sentence>
      <sentence id="d000.s2444" source="wordnet-hungarian">
         <wf lemma="Nem" pos="X">Nem</wf>
         <wf lemma="tudta" pos="X">tudta</wf>
         <wf lemma="," pos="X">,</wf>
         <wf lemma="mit" pos="X">mit</wf>
         <wf lemma="kellene" pos="X">kellene</wf>
         <wf lemma="tennie" pos="X">tennie</wf>
         <instance id="d000.s2444.t000" lemma="vészhelyzet" pos="NOUN">vészhelyzet</instance>
         <wf lemma="esetén" pos="X">esetén</wf>
         <wf lemma="." pos="X">.</wf>
      </sentence>
      <sentence id="d000.s2445" source="wordnet-hungarian">
         <wf lemma="Túlméretes" pos="X">Túlméretes</wf>
         <wf lemma="rakomány" pos="X">rakomány</wf>
         <instance id="d000.s2445.t000" lemma="szállítás" pos="NOUN">szállítása</instance>
         <wf lemma="mindig" pos="X">mindig</wf>
         <wf lemma="kiegészítő" pos="X">kiegészítő</wf>
         <wf lemma="óvintézkedéseket" pos="X">óvintézkedéseket</wf>
         <wf lemma="igényel" pos="X">igényel</wf>
         <wf lemma="." pos="X">.</wf>
      </sentence>
      <sentence id="d000.s2446" source="wordnet-hungarian">
         <instance id="d000.s2446.t000" lemma="esik" pos="VERB">Esik</instance>
         <wf lemma="a" pos="X">a</wf>
         <wf lemma="hó." pos="X">hó.</wf>
      </sentence>
      <sentence id="d000.s2447" source="wordnet-hungarian">
         <wf lemma="A" pos="X">A</wf>
         <instance id="d000.s2447.t000" lemma="hardver" pos="NOUN">hardver</instance>
         <wf lemma="azon" pos="X">azon</wf>
         <wf lemma="része" pos="X">része</wf>
         <wf lemma="a" pos="X">a</wf>
         <wf lemma="számítógépnek" pos="X">számítógépnek</wf>
         <wf lemma="," pos="X">,</wf>
         <wf lemma="amibe" pos="X">amibe</wf>
         <wf lemma="bele" pos="X">bele</wf>
         <wf lemma="lehet" pos="X">lehet</wf>
         <wf lemma="rúgni" pos="X">rúgni</wf>
         <wf lemma="." pos="X">.</wf>
      </sentence>
      <sentence id="d000.s2448" source="wordnet-hungarian">
         <wf lemma="Az" pos="X">Az</wf>
         <wf lemma="európai" pos="X">európai</wf>
         <instance id="d000.s2448.t000" lemma="kolera" pos="NOUN">kolera</instance>
         <wf lemma="az" pos="X">az</wf>
         <wf lemma="ázsiaival" pos="X">ázsiaival</wf>
         <wf lemma="ellentétben" pos="X">ellentétben</wf>
         <wf lemma="nem" pos="X">nem</wf>
         <wf lemma="egész" pos="X">egész</wf>
         <wf lemma="évben" pos="X">évben</wf>
         <wf lemma="," pos="X">,</wf>
         <wf lemma="csak" pos="X">csak</wf>
         <wf lemma="a" pos="X">a</wf>
         <wf lemma="nyár" pos="X">nyár</wf>
         <wf lemma="második" pos="X">második</wf>
         <wf lemma="felében" pos="X">felében</wf>
         <wf lemma="észlelhető" pos="X">észlelhető</wf>
         <wf lemma="." pos="X">.</wf>
      </sentence>
      <sentence id="d000.s2449" source="wordnet-hungarian">
         <wf lemma="A" pos="X">A</wf>
         <wf lemma="kapcsolatok" pos="X">kapcsolatok</wf>
         <instance id="d000.s2449.t000" lemma="rendszer" pos="NOUN">rendszere</instance>
         <wf lemma="határozza" pos="X">határozza</wf>
         <wf lemma="meg" pos="X">meg</wf>
         <wf lemma="az" pos="X">az</wf>
         <wf lemma="ember" pos="X">ember</wf>
         <wf lemma="társadalomban" pos="X">társadalomban</wf>
         <wf lemma="elfoglalt" pos="X">elfoglalt</wf>
         <wf lemma="helyét" pos="X">helyét</wf>
         <wf lemma="." pos="X">.</wf>
      </sentence>
      <sentence id="d000.s2450" source="wordnet-hungarian">
         <wf lemma="Már" pos="X">Már</wf>
         <wf lemma="forgott" pos="X">forgott</wf>
         <wf lemma="a" pos="X">a</wf>
         <instance id="d000.s2450.t000" lemma="propeller" pos="NOUN">propeller</instance>
         <wf lemma="," pos="X">,</wf>
         <wf lemma="amikor" pos="X">amikor</wf>
         <wf lemma="oda" pos="X">oda</wf>
         <wf lemma="akart" pos="X">akart</wf>
         <wf lemma="futni" pos="X">futni</wf>
         <wf lemma="a" pos="X">a</wf>
         <wf lemma="géphez" pos="X">géphez</wf>
         <wf lemma="." pos="X">.</wf>
      </sentence>
      <sentence id="d000.s2451" source="wordnet-hungarian">
         <wf lemma="Nem" pos="X">Nem</wf>
         <wf lemma="akar" pos="X">akar</wf>
         <wf lemma="megfelelni" pos="X">megfelelni</wf>
         <wf lemma="a" pos="X">a</wf>
         <wf lemma="társadalmi" pos="X">társadalmi</wf>
         <instance id="d000.s2451.t000" lemma="norma" pos="NOUN">normáknak</instance>
         <wf lemma="." pos="X">.</wf>
      </sentence>
      <sentence id="d000.s2452" source="wordnet-hungarian">
         <wf lemma="Az" pos="X">Az</wf>
         <wf lemma="öregedésgátló" pos="X">öregedésgátló</wf>
         <wf lemma="funkciója" pos="X">funkciója</wf>
         <wf lemma="megőrződött" pos="X">megőrződött</wf>
         <wf lemma="az" pos="X">az</wf>
         <wf lemma="evolúció" pos="X">evolúció</wf>
         <wf lemma="során" pos="X">során</wf>
         <wf lemma="olyan" pos="X">olyan</wf>
         <wf lemma="," pos="X">,</wf>
         <wf lemma="egymástól" pos="X">egymástól</wf>
         <wf lemma="távoli" pos="X">távoli</wf>
         <wf lemma="élőlényekben" pos="X">élőlényekben</wf>
         <wf lemma="," pos="X">,</wf>
         <wf lemma="mint" pos="X">mint</wf>
         <wf lemma="az" pos="X">az</wf>
         <wf lemma="élesztőgomba" pos="X">élesztőgomba</wf>
         <wf lemma="," pos="X">,</wf>
         <wf lemma="a" pos="X">a</wf>
         <wf lemma="gyümölcslégy" pos="X">gyümölcslégy</wf>
         <wf lemma="vagy" pos="X">vagy</wf>
         <wf lemma="a" pos="X">a</wf>
         <instance id="d000.s2452.t000" lemma="gyűrűsféreg" pos="NOUN">gyűrűsféreg</instance>
         <wf lemma="." pos="X">.</wf>
      </sentence>
      <sentence id="d000.s2453" source="wordnet-hungarian">
         <wf lemma="Az" pos="X">Az</wf>
         <wf lemma="első" pos="X">első</wf>
         <wf lemma="szrves" pos="X">szrves</wf>
         <instance id="d000.s2453.t000" lemma="kémia" pos="NOUN">kémia</instance>
         <wf lemma="tanszék" pos="X">tanszék</wf>
         <wf lemma="1913-ban" pos="X">1913-ban</wf>
         <wf lemma="alakult" pos="X">alakult</wf>
         <wf lemma="meg" pos="X">meg</wf>
         <wf lemma="Magyarországon" pos="X">Magyarországon</wf>
         <wf lemma="." pos="X">.</wf>
      </sentence>
      <sentence id="d000.s2454" source="wordnet-hungarian">
         <wf lemma="A" pos="X">A</wf>
         <instance id="d000.s2454.t000" lemma="tanú" pos="NOUN">tanúnak</instance>
         <wf lemma="igénye" pos="X">igénye</wf>
         <wf lemma="van" pos="X">van</wf>
         <wf lemma="a" pos="X">a</wf>
         <wf lemma="megjelenésével" pos="X">megjelenésével</wf>
         <wf lemma="szükségképpen" pos="X">szükségképpen</wf>
         <wf lemma="felmerült" pos="X">felmerült</wf>
         <wf lemma="költségek" pos="X">költségek</wf>
         <wf lemma="megtérítésére" pos="X">megtérítésére</wf>
         <wf lemma="." pos="X">.</wf>
      </sentence>
      <sentence id="d000.s2455" source="wordnet-hungarian">
         <wf lemma="A" pos="X">A</wf>
         <instance id="d000.s2455.t000" lemma="komló" pos="NOUN">komlóból</instance>
         <wf lemma="főként" pos="X">főként</wf>
         <wf lemma="sört" pos="X">sört</wf>
         <wf lemma="készítenek" pos="X">készítenek</wf>
         <wf lemma="." pos="X">.</wf>
      </sentence>
      <sentence id="d000.s2456" source="wordnet-hungarian">
         <wf lemma="Az" pos="X">Az</wf>
         <wf lemma="adatátviteli" pos="X">adatátviteli</wf>
         <instance id="d000.s2456.t000" lemma="csatorna" pos="NOUN">csatorna</instance>
         <wf lemma="nem" pos="X">nem</wf>
         <wf lemma="tartalmaz" pos="X">tartalmaz</wf>
         <wf lemma="fémes" pos="X">fémes</wf>
         <wf lemma="elemet" pos="X">elemet</wf>
         <wf lemma="," pos="X">,</wf>
         <wf lemma="így" pos="X">így</wf>
         <wf lemma="nincs" pos="X">nincs</wf>
         <wf lemma="szükség" pos="X">szükség</wf>
         <wf lemma="a" pos="X">a</wf>
         <wf lemma="földelésre" pos="X">földelésre</wf>
         <wf lemma="." pos="X">.</wf>
      </sentence>
      <sentence id="d000.s2457" source="wordnet-hungarian">
         <wf lemma="Ágens" pos="X">Ágens</wf>
         <wf lemma="alapú" pos="X">alapú</wf>
         <instance id="d000.s2457.t000" lemma="szimuláció" pos="NOUN">szimulációt</instance>
         <wf lemma="használtak" pos="X">használtak</wf>
         <wf lemma="a" pos="X">a</wf>
         <wf lemma="programozók" pos="X">programozók</wf>
         <wf lemma="." pos="X">.</wf>
      </sentence>
      <sentence id="d000.s2458" source="wordnet-hungarian">
         <wf lemma="A" pos="X">A</wf>
         <instance id="d000.s2458.t000" lemma="váltó" pos="NOUN">váltó</instance>
         <wf lemma="miatt" pos="X">miatt</wf>
         <wf lemma="kellett" pos="X">kellett</wf>
         <wf lemma="bemennie" pos="X">bemennie</wf>
         <wf lemma="a" pos="X">a</wf>
         <wf lemma="bankba" pos="X">bankba</wf>
         <wf lemma="." pos="X">.</wf>
      </sentence>
      <sentence id="d000.s2459" source="wordnet-hungarian">
         <wf lemma="A" pos="X">A</wf>
         <wf lemma="Magyarok" pos="X">Magyarok</wf>
         <wf lemma="Világszövetségének" pos="X">Világszövetségének</wf>
         <instance id="d000.s2459.t000" lemma="kongresszus" pos="NOUN">kongresszusán</instance>
         <wf lemma="kettős" pos="X">kettős</wf>
         <wf lemma="állampolgárságot" pos="X">állampolgárságot</wf>
         <wf lemma="fognak" pos="X">fognak</wf>
         <wf lemma="kérni" pos="X">kérni</wf>
         <wf lemma="kétmillió" pos="X">kétmillió</wf>
         <wf lemma="erdélyi" pos="X">erdélyi</wf>
         <wf lemma="magyarnak" pos="X">magyarnak</wf>
         <wf lemma="." pos="X">.</wf>
      </sentence>
      <sentence id="d000.s2460" source="wordnet-hungarian">
         <wf lemma="A" pos="X">A</wf>
         <instance id="d000.s2460.t000" lemma="nyugat-indiai" pos="NOUN">nyugat-indiaiak</instance>
         <wf lemma="voltak" pos="X">voltak</wf>
         <wf lemma="az" pos="X">az</wf>
         <wf lemma="első" pos="X">első</wf>
         <wf lemma="hullám" pos="X">hullám</wf>
         <wf lemma="az" pos="X">az</wf>
         <wf lemma="50-es" pos="X">50-es</wf>
         <wf lemma="évek" pos="X">évek</wf>
         <wf lemma="rengeteg" pos="X">rengeteg</wf>
         <wf lemma="bevándorlója" pos="X">bevándorlója</wf>
         <wf lemma="között" pos="X">között</wf>
         <wf lemma="Angliában" pos="X">Angliában</wf>
         <wf lemma="." pos="X">.</wf>
      </sentence>
      <sentence id="d000.s2461" source="wordnet-hungarian">
         <wf lemma="A" pos="X">A</wf>
         <instance id="d000.s2461.t000" lemma="kocka" pos="NOUN">kocka</instance>
         <wf lemma="térfogata" pos="X">térfogata</wf>
         <wf lemma="kiszámítható" pos="X">kiszámítható</wf>
         <wf lemma="egyetlen" pos="X">egyetlen</wf>
         <wf lemma="oldalából" pos="X">oldalából</wf>
         <wf lemma="." pos="X">.</wf>
      </sentence>
      <sentence id="d000.s2462" source="wordnet-hungarian">
         <wf lemma="Egy" pos="X">Egy</wf>
         <wf lemma="kiló" pos="X">kiló</wf>
         <wf lemma="tarját" pos="X">tarját</wf>
         <wf lemma="vettem" pos="X">vettem</wf>
         <wf lemma="a" pos="X">a</wf>
         <instance id="d000.s2462.t000" lemma="hentes" pos="NOUN">hentesnél</instance>
         <wf lemma="a" pos="X">a</wf>
         <wf lemma="flekkenezéshez" pos="X">flekkenezéshez</wf>
         <wf lemma="." pos="X">.</wf>
      </sentence>
      <sentence id="d000.s2463" source="wordnet-hungarian">
         <wf lemma="A" pos="X">A</wf>
         <wf lemma="Mars" pos="X">Mars</wf>
         <instance id="d000.s2463.t000" lemma="légkör" pos="NOUN">légköre</instance>
         <wf lemma="igen" pos="X">igen</wf>
         <wf lemma="vékony" pos="X">vékony</wf>
         <wf lemma="és" pos="X">és</wf>
         <wf lemma="ritka" pos="X">ritka</wf>
         <wf lemma="," pos="X">,</wf>
         <wf lemma="nagyobb" pos="X">nagyobb</wf>
         <wf lemma="részben" pos="X">részben</wf>
         <wf lemma="a" pos="X">a</wf>
         <wf lemma="szén-dioxid" pos="X">szén-dioxid</wf>
         <wf lemma="maradékából" pos="X">maradékából</wf>
         <wf lemma="áll" pos="X">áll</wf>
         <wf lemma="." pos="X">.</wf>
      </sentence>
      <sentence id="d000.s2464" source="wordnet-hungarian">
         <wf lemma="A" pos="X">A</wf>
         <wf lemma="könyvben" pos="X">könyvben</wf>
         <wf lemma="sok" pos="X">sok</wf>
         <wf lemma="gyönyörű" pos="X">gyönyörű</wf>
         <wf lemma="fénykép" pos="X">fénykép</wf>
         <wf lemma="található" pos="X">található</wf>
         <wf lemma="az" pos="X">az</wf>
         <instance id="d000.s2464.t000" lemma="illusztráció" pos="NOUN">illusztrációk</instance>
         <wf lemma="közt" pos="X">közt</wf>
         <wf lemma="." pos="X">.</wf>
      </sentence>
      <sentence id="d000.s2465" source="wordnet-hungarian">
         <instance id="d000.s2465.t000" lemma="szerda" pos="NOUN">Szerdán</instance>
         <wf lemma="ismét" pos="X">ismét</wf>
         <wf lemma="csökkentette" pos="X">csökkentette</wf>
         <wf lemma="a" pos="X">a</wf>
         <wf lemma="benzin" pos="X">benzin</wf>
         <wf lemma="árát" pos="X">árát</wf>
         <wf lemma="a" pos="X">a</wf>
         <wf lemma="MOL." pos="X">MOL.</wf>
      </sentence>
      <sentence id="d000.s2466" source="wordnet-hungarian">
         <instance id="d000.s2466.t000" lemma="feloszlat" pos="VERB">Feloszlattuk</instance>
         <wf lemma="a" pos="X">a</wf>
         <wf lemma="párt" pos="X">párt</wf>
         <wf lemma="helyi" pos="X">helyi</wf>
         <wf lemma="szervezetét" pos="X">szervezetét</wf>
         <wf lemma="." pos="X">.</wf>
      </sentence>
      <sentence id="d000.s2467" source="wordnet-hungarian">
         <wf lemma="Jó" pos="X">Jó</wf>
         <wf lemma="," pos="X">,</wf>
         <wf lemma="ha" pos="X">ha</wf>
         <wf lemma="a" pos="X">a</wf>
         <wf lemma="táplálék" pos="X">táplálék</wf>
         <instance id="d000.s2467.t000" lemma="rost" pos="NOUN">rostban</instance>
         <wf lemma="gazdag" pos="X">gazdag</wf>
         <wf lemma="." pos="X">.</wf>
      </sentence>
      <sentence id="d000.s2468" source="wordnet-hungarian">
         <wf lemma="A" pos="X">A</wf>
         <instance id="d000.s2468.t000" lemma="berillium" pos="NOUN">berillium</instance>
         <wf lemma="az" pos="X">az</wf>
         <wf lemma="egyetlen" pos="X">egyetlen</wf>
         <wf lemma="a" pos="X">a</wf>
         <wf lemma="csoportjában" pos="X">csoportjában</wf>
         <wf lemma="," pos="X">,</wf>
         <wf lemma="amely" pos="X">amely</wf>
         <wf lemma="nem" pos="X">nem</wf>
         <wf lemma="képez" pos="X">képez</wf>
         <wf lemma="ionos" pos="X">ionos</wf>
         <wf lemma="kötést" pos="X">kötést</wf>
         <wf lemma="és" pos="X">és</wf>
         <wf lemma="kationt" pos="X">kationt</wf>
         <wf lemma="." pos="X">.</wf>
      </sentence>
      <sentence id="d000.s2469" source="wordnet-hungarian">
         <wf lemma="A" pos="X">A</wf>
         <wf lemma="merénylet" pos="X">merénylet</wf>
         <wf lemma="előtt" pos="X">előtt</wf>
         <wf lemma="egy" pos="X">egy</wf>
         <wf lemma="nappal" pos="X">nappal</wf>
         <wf lemma="még" pos="X">még</wf>
         <wf lemma="az" pos="X">az</wf>
         <wf lemma="olimpiai" pos="X">olimpiai</wf>
         <wf lemma="játékok" pos="X">játékok</wf>
         <wf lemma="rendezési" pos="X">rendezési</wf>
         <wf lemma="jogának" pos="X">jogának</wf>
         <wf lemma="elnyerését" pos="X">elnyerését</wf>
         <wf lemma="ünneplő" pos="X">ünneplő</wf>
         <instance id="d000.s2469.t000" lemma="londoni" pos="NOUN">londoniak</instance>
         <wf lemma="öröme" pos="X">öröme</wf>
         <wf lemma="egy" pos="X">egy</wf>
         <wf lemma="füstre" pos="X">füstre</wf>
         <wf lemma="elszállt" pos="X">elszállt</wf>
         <wf lemma="." pos="X">.</wf>
      </sentence>
      <sentence id="d000.s2470" source="wordnet-hungarian">
         <wf lemma="A" pos="X">A</wf>
         <wf lemma="kovács" pos="X">kovács</wf>
         <wf lemma="nagyot" pos="X">nagyot</wf>
         <wf lemma="csapott" pos="X">csapott</wf>
         <wf lemma="az" pos="X">az</wf>
         <instance id="d000.s2470.t000" lemma="üllő" pos="NOUN">üllőre</instance>
         <wf lemma="kalapácsával" pos="X">kalapácsával</wf>
         <wf lemma="." pos="X">.</wf>
      </sentence>
      <sentence id="d000.s2471" source="wordnet-hungarian">
         <wf lemma="A" pos="X">A</wf>
         <wf lemma="kikötővárost" pos="X">kikötővárost</wf>
         <wf lemma="szigetek" pos="X">szigetek</wf>
         <instance id="d000.s2471.t000" lemma="láncolat" pos="NOUN">láncolata</instance>
         <wf lemma="vette" pos="X">vette</wf>
         <wf lemma="körül" pos="X">körül</wf>
         <wf lemma="." pos="X">.</wf>
      </sentence>
      <sentence id="d000.s2472" source="wordnet-hungarian">
         <wf lemma="A" pos="X">A</wf>
         <wf lemma="kullancscsípés" pos="X">kullancscsípés</wf>
         <wf lemma="útján" pos="X">útján</wf>
         <wf lemma="terjedő" pos="X">terjedő</wf>
         <wf lemma="betegségek" pos="X">betegségek</wf>
         <wf lemma="képzeletbeli" pos="X">képzeletbeli</wf>
         <wf lemma="ranglistájának" pos="X">ranglistájának</wf>
         <wf lemma="egyik" pos="X">egyik</wf>
         <wf lemma="vezetője" pos="X">vezetője</wf>
         <wf lemma="a" pos="X">a</wf>
         <wf lemma="kullancs" pos="X">kullancs</wf>
         <wf lemma="által" pos="X">által</wf>
         <wf lemma="terjesztett" pos="X">terjesztett</wf>
         <instance id="d000.s2472.t000" lemma="agyvelőgyulladás" pos="NOUN">agyvelőgyulladás</instance>
         <wf lemma="." pos="X">.</wf>
      </sentence>
      <sentence id="d000.s2473" source="wordnet-hungarian">
         <wf lemma="Az" pos="X">Az</wf>
         <instance id="d000.s2473.t000" lemma="alkímia" pos="NOUN">alkímia</instance>
         <wf lemma="a" pos="X">a</wf>
         <wf lemma="modern" pos="X">modern</wf>
         <wf lemma="kémia" pos="X">kémia</wf>
         <wf lemma="előfutára" pos="X">előfutára</wf>
         <wf lemma="volt" pos="X">volt</wf>
         <wf lemma="." pos="X">.</wf>
      </sentence>
      <sentence id="d000.s2474" source="wordnet-hungarian">
         <wf lemma="Válása" pos="X">Válása</wf>
         <wf lemma="okairól" pos="X">okairól</wf>
         <wf lemma="több" pos="X">több</wf>
         <instance id="d000.s2474.t000" lemma="pletyka" pos="NOUN">pletyka</instance>
         <wf lemma="is" pos="X">is</wf>
         <wf lemma="közszájon" pos="X">közszájon</wf>
         <wf lemma="forgott" pos="X">forgott</wf>
         <wf lemma="." pos="X">.</wf>
      </sentence>
      <sentence id="d000.s2475" source="wordnet-hungarian">
         <wf lemma="A" pos="X">A</wf>
         <instance id="d000.s2475.t000" lemma="koncentráció" pos="NOUN">koncentráció</instance>
         <wf lemma="elengedhetetlen" pos="X">elengedhetetlen</wf>
         <wf lemma="feltétele" pos="X">feltétele</wf>
         <wf lemma="a" pos="X">a</wf>
         <wf lemma="pontos" pos="X">pontos</wf>
         <wf lemma="munkavégzésnek" pos="X">munkavégzésnek</wf>
         <wf lemma="." pos="X">.</wf>
      </sentence>
      <sentence id="d000.s2476" source="wordnet-hungarian">
         <wf lemma="A" pos="X">A</wf>
         <wf lemma="háromszög" pos="X">háromszög</wf>
         <wf lemma="leghosszabb" pos="X">leghosszabb</wf>
         <instance id="d000.s2476.t000" lemma="oldal" pos="NOUN">oldalához</instance>
         <wf lemma="tartozó" pos="X">tartozó</wf>
         <wf lemma="magasság" pos="X">magasság</wf>
         <wf lemma="5" pos="X">5</wf>
         <wf lemma="cm." pos="X">cm.</wf>
      </sentence>
      <sentence id="d000.s2477" source="wordnet-hungarian">
         <wf lemma="A" pos="X">A</wf>
         <instance id="d000.s2477.t000" lemma="koordináta-rendszer" pos="NOUN">koordináta-rendszerben</instance>
         <wf lemma="két" pos="X">két</wf>
         <wf lemma="tengely" pos="X">tengely</wf>
         <wf lemma="mentén" pos="X">mentén</wf>
         <wf lemma="határozzuk" pos="X">határozzuk</wf>
         <wf lemma="meg" pos="X">meg</wf>
         <wf lemma="a" pos="X">a</wf>
         <wf lemma="pont" pos="X">pont</wf>
         <wf lemma="helyzetét" pos="X">helyzetét</wf>
         <wf lemma="." pos="X">.</wf>
      </sentence>
      <sentence id="d000.s2478" source="wordnet-hungarian">
         <wf lemma="Egy" pos="X">Egy</wf>
         <instance id="d000.s2478.t000" lemma="élet" pos="NOUN">életre</instance>
         <wf lemma="szóló" pos="X">szóló</wf>
         <wf lemma="ismeretséget" pos="X">ismeretséget</wf>
         <wf lemma="kötöttek" pos="X">kötöttek</wf>
         <wf lemma="." pos="X">.</wf>
      </sentence>
      <sentence id="d000.s2479" source="wordnet-hungarian">
         <wf lemma="Jézus" pos="X">Jézus</wf>
         <wf lemma="egyenként" pos="X">egyenként</wf>
         <wf lemma="hívta" pos="X">hívta</wf>
         <wf lemma="el" pos="X">el</wf>
         <wf lemma="a" pos="X">a</wf>
         <instance id="d000.s2479.t000" lemma="tanítvány" pos="NOUN">tanítványait</instance>
         <wf lemma="." pos="X">.</wf>
      </sentence>
      <sentence id="d000.s2480" source="wordnet-hungarian">
         <wf lemma="A" pos="X">A</wf>
         <wf lemma="tömeg" pos="X">tömeg</wf>
         <instance id="d000.s2480.t000" lemma="nyomás" pos="NOUN">nyomást</instance>
         <wf lemma="gyakorolt" pos="X">gyakorolt</wf>
         <wf lemma="a" pos="X">a</wf>
         <wf lemma="kormányra" pos="X">kormányra</wf>
         <wf lemma="." pos="X">.</wf>
      </sentence>
      <sentence id="d000.s2481" source="wordnet-hungarian">
         <wf lemma="Az" pos="X">Az</wf>
         <wf lemma="együttes" pos="X">együttes</wf>
         <wf lemma="sikeresen" pos="X">sikeresen</wf>
         <instance id="d000.s2481.t000" lemma="ötvöz" pos="VERB">ötvözte</instance>
         <wf lemma="a" pos="X">a</wf>
         <wf lemma="népzenét" pos="X">népzenét</wf>
         <wf lemma="az" pos="X">az</wf>
         <wf lemma="elektróval" pos="X">elektróval</wf>
         <wf lemma="." pos="X">.</wf>
      </sentence>
      <sentence id="d000.s2482" source="wordnet-hungarian">
         <wf lemma="A" pos="X">A</wf>
         <instance id="d000.s2482.t000" lemma="masszívum" pos="NOUN">masszívum</instance>
         <wf lemma="mind" pos="X">mind</wf>
         <wf lemma="éghajlatában" pos="X">éghajlatában</wf>
         <wf lemma="," pos="X">,</wf>
         <wf lemma="úgy" pos="X">úgy</wf>
         <wf lemma="növényzetében" pos="X">növényzetében</wf>
         <wf lemma="is" pos="X">is</wf>
         <wf lemma="elkülönül" pos="X">elkülönül</wf>
         <wf lemma="a" pos="X">a</wf>
         <wf lemma="környező" pos="X">környező</wf>
         <wf lemma="területektől" pos="X">területektől</wf>
         <wf lemma="." pos="X">.</wf>
      </sentence>
      <sentence id="d000.s2483" source="wordnet-hungarian">
         <wf lemma="A" pos="X">A</wf>
         <instance id="d000.s2483.t000" lemma="selyempapír" pos="NOUN">selyempapír</instance>
         <wf lemma="könnyen" pos="X">könnyen</wf>
         <wf lemma="elszakad" pos="X">elszakad</wf>
         <wf lemma="." pos="X">.</wf>
      </sentence>
      <sentence id="d000.s2484" source="wordnet-hungarian">
         <wf lemma="Minden" pos="X">Minden</wf>
         <wf lemma="egész" pos="X">egész</wf>
         <instance id="d000.s2484.t000" lemma="rész" pos="NOUN">részekből</instance>
         <wf lemma="áll" pos="X">áll</wf>
         <wf lemma="." pos="X">.</wf>
      </sentence>
      <sentence id="d000.s2485" source="wordnet-hungarian">
         <wf lemma="A" pos="X">A</wf>
         <instance id="d000.s2485.t000" lemma="kuvaiti" pos="NOUN">kuvaitiak</instance>
         <wf lemma="tömegesen" pos="X">tömegesen</wf>
         <wf lemma="menekültek" pos="X">menekültek</wf>
         <wf lemma="Szaúd-" pos="X">Szaúd-</wf>
         <wf lemma="Arábiába" pos="X">Arábiába</wf>
         <wf lemma="," pos="X">,</wf>
         <wf lemma="ahol" pos="X">ahol</wf>
         <wf lemma="a" pos="X">a</wf>
         <wf lemma="kuvaiti" pos="X">kuvaiti</wf>
         <wf lemma="kormány" pos="X">kormány</wf>
         <wf lemma="is" pos="X">is</wf>
         <wf lemma="tovább" pos="X">tovább</wf>
         <wf lemma="működött" pos="X">működött</wf>
         <wf lemma="." pos="X">.</wf>
      </sentence>
      <sentence id="d000.s2486" source="wordnet-hungarian">
         <wf lemma="2002-ben" pos="X">2002-ben</wf>
         <wf lemma="az" pos="X">az</wf>
         <instance id="d000.s2486.t000" lemma="ecuadori" pos="NOUN">ecuadoriak</instance>
         <wf lemma="a" pos="X">a</wf>
         <wf lemma="baloldali-populista" pos="X">baloldali-populista</wf>
         <wf lemma="Lucio" pos="X">Lucio</wf>
         <wf lemma="Gutiérrezt" pos="X">Gutiérrezt</wf>
         <wf lemma="választottak" pos="X">választottak</wf>
         <wf lemma="meg" pos="X">meg</wf>
         <wf lemma="elnöküknek" pos="X">elnöküknek</wf>
         <wf lemma="." pos="X">.</wf>
      </sentence>
      <sentence id="d000.s2487" source="wordnet-hungarian">
         <instance id="d000.s2487.t000" lemma="lakóautó" pos="NOUN">Lakóautóval</instance>
         <wf lemma="mentek" pos="X">mentek</wf>
         <wf lemma="az" pos="X">az</wf>
         <wf lemma="Adriára" pos="X">Adriára</wf>
         <wf lemma="." pos="X">.</wf>
      </sentence>
      <sentence id="d000.s2488" source="wordnet-hungarian">
         <wf lemma="Ha" pos="X">Ha</wf>
         <wf lemma="meghalok" pos="X">meghalok</wf>
         <wf lemma="," pos="X">,</wf>
         <wf lemma="a" pos="X">a</wf>
         <wf lemma="könyveimet" pos="X">könyveimet</wf>
         <wf lemma="rád" pos="X">rád</wf>
         <instance id="d000.s2488.t000" lemma="hagy" pos="VERB">hagyom</instance>
         <wf lemma="." pos="X">.</wf>
      </sentence>
      <sentence id="d000.s2489" source="wordnet-hungarian">
         <wf lemma="Az" pos="X">Az</wf>
         <instance id="d000.s2489.t000" lemma="endokrinológia" pos="NOUN">endokrinológia</instance>
         <wf lemma="a" pos="X">a</wf>
         <wf lemma="pajzsmirigyel" pos="X">pajzsmirigyel</wf>
         <wf lemma="is" pos="X">is</wf>
         <wf lemma="foglalkozik" pos="X">foglalkozik</wf>
         <wf lemma="." pos="X">.</wf>
      </sentence>
      <sentence id="d000.s2490" source="wordnet-hungarian">
         <wf lemma="Egy" pos="X">Egy</wf>
         <wf lemma="hatalmas" pos="X">hatalmas</wf>
         <instance id="d000.s2490.t000" lemma="aszteroida" pos="NOUN">aszteroida</instance>
         <wf lemma="közeledik" pos="X">közeledik</wf>
         <wf lemma="a" pos="X">a</wf>
         <wf lemma="Föld" pos="X">Föld</wf>
         <wf lemma="felé" pos="X">felé</wf>
         <wf lemma="." pos="X">.</wf>
      </sentence>
      <sentence id="d000.s2491" source="wordnet-hungarian">
         <wf lemma="A" pos="X">A</wf>
         <instance id="d000.s2491.t000" lemma="sírásó" pos="NOUN">sírásó</instance>
         <wf lemma="kiássa" pos="X">kiássa</wf>
         <wf lemma="és" pos="X">és</wf>
         <wf lemma="betemeti" pos="X">betemeti</wf>
         <wf lemma="a" pos="X">a</wf>
         <wf lemma="sírhelyeket" pos="X">sírhelyeket</wf>
         <wf lemma="és" pos="X">és</wf>
         <wf lemma="az" pos="X">az</wf>
         <wf lemma="exhumálásra" pos="X">exhumálásra</wf>
         <wf lemma="váró" pos="X">váró</wf>
         <wf lemma="sírokat" pos="X">sírokat</wf>
         <wf lemma="." pos="X">.</wf>
      </sentence>
      <sentence id="d000.s2492" source="wordnet-hungarian">
         <wf lemma="Az" pos="X">Az</wf>
         <instance id="d000.s2492.t000" lemma="őrszem" pos="NOUN">őrszem</instance>
         <wf lemma="füsttel" pos="X">füsttel</wf>
         <wf lemma="jelezte" pos="X">jelezte</wf>
         <wf lemma="az" pos="X">az</wf>
         <wf lemma="ellenség" pos="X">ellenség</wf>
         <wf lemma="közeledtét" pos="X">közeledtét</wf>
         <wf lemma="." pos="X">.</wf>
      </sentence>
      <sentence id="d000.s2493" source="wordnet-hungarian">
         <wf lemma="A" pos="X">A</wf>
         <wf lemma="szótárban" pos="X">szótárban</wf>
         <wf lemma="rengeteg" pos="X">rengeteg</wf>
         <instance id="d000.s2493.t000" lemma="kép" pos="NOUN">kép</instance>
         <wf lemma="volt" pos="X">volt</wf>
         <wf lemma="." pos="X">.</wf>
      </sentence>
      <sentence id="d000.s2494" source="wordnet-hungarian">
         <wf lemma="Már" pos="X">Már</wf>
         <wf lemma="az" pos="X">az</wf>
         <wf lemma="is" pos="X">is</wf>
         <instance id="d000.s2494.t000" lemma="erkölcstelenség" pos="NOUN">erkölcstelenség</instance>
         <wf lemma="volt" pos="X">volt</wf>
         <wf lemma="," pos="X">,</wf>
         <wf lemma="ha" pos="X">ha</wf>
         <wf lemma="csókolózni" pos="X">csókolózni</wf>
         <wf lemma="mertek" pos="X">mertek</wf>
         <wf lemma="." pos="X">.</wf>
      </sentence>
      <sentence id="d000.s2495" source="wordnet-hungarian">
         <wf lemma="Mindenkinek" pos="X">Mindenkinek</wf>
         <wf lemma="más" pos="X">más</wf>
         <instance id="d000.s2495.t000" lemma="verzió" pos="NOUN">verziója</instance>
         <wf lemma="volt" pos="X">volt</wf>
         <wf lemma="a" pos="X">a</wf>
         <wf lemma="történtekről" pos="X">történtekről</wf>
         <wf lemma="." pos="X">.</wf>
      </sentence>
      <sentence id="d000.s2496" source="wordnet-hungarian">
         <wf lemma="A" pos="X">A</wf>
         <wf lemma="film" pos="X">film</wf>
         <instance id="d000.s2496.t000" lemma="fólia" pos="NOUN">fóliába</instance>
         <wf lemma="volt" pos="X">volt</wf>
         <wf lemma="csomagolva" pos="X">csomagolva</wf>
         <wf lemma="." pos="X">.</wf>
      </sentence>
      <sentence id="d000.s2497" source="wordnet-hungarian">
         <wf lemma="Más" pos="X">Más</wf>
         <wf lemma="kutatók" pos="X">kutatók</wf>
         <wf lemma="szerint" pos="X">szerint</wf>
         <wf lemma="a" pos="X">a</wf>
         <wf lemma="túlzott" pos="X">túlzott</wf>
         <instance id="d000.s2497.t000" lemma="táplálékfelvétel" pos="NOUN">táplálékfelvétel</instance>
         <wf lemma="nem" pos="X">nem</wf>
         <wf lemma="magatartászavar" pos="X">magatartászavar</wf>
         <wf lemma="," pos="X">,</wf>
         <wf lemma="hanem" pos="X">hanem</wf>
         <wf lemma="az" pos="X">az</wf>
         <wf lemma="étvágyszabályozás" pos="X">étvágyszabályozás</wf>
         <wf lemma="zavara" pos="X">zavara</wf>
         <wf lemma="." pos="X">.</wf>
      </sentence>
      <sentence id="d000.s2498" source="wordnet-hungarian">
         <wf lemma="Vettem" pos="X">Vettem</wf>
         <wf lemma="a" pos="X">a</wf>
         <wf lemma="piacon" pos="X">piacon</wf>
         <wf lemma="egy" pos="X">egy</wf>
         <instance id="d000.s2498.t000" lemma="fej" pos="NOUN">fej</instance>
         <wf lemma="káposztát" pos="X">káposztát</wf>
         <wf lemma="." pos="X">.</wf>
      </sentence>
      <sentence id="d000.s2499" source="wordnet-hungarian">
         <wf lemma="Áztassuk" pos="X">Áztassuk</wf>
         <wf lemma="a" pos="X">a</wf>
         <instance id="d000.s2499.t000" lemma="velő" pos="NOUN">velőt</instance>
         <wf lemma="20" pos="X">20</wf>
         <wf lemma="percig" pos="X">percig</wf>
         <wf lemma="hideg" pos="X">hideg</wf>
         <wf lemma="vízben" pos="X">vízben</wf>
         <wf lemma="," pos="X">,</wf>
         <wf lemma="aztán" pos="X">aztán</wf>
         <wf lemma="sós" pos="X">sós</wf>
         <wf lemma="vízben" pos="X">vízben</wf>
         <wf lemma="főzzük" pos="X">főzzük</wf>
         <wf lemma="puhára" pos="X">puhára</wf>
         <wf lemma="." pos="X">.</wf>
      </sentence>
      <sentence id="d000.s2500" source="wordnet-hungarian">
         <wf lemma="A" pos="X">A</wf>
         <wf lemma="fűszálon" pos="X">fűszálon</wf>
         <instance id="d000.s2500.t000" lemma="harmatcsepp" pos="NOUN">harmatcsepp</instance>
         <wf lemma="lógott" pos="X">lógott</wf>
         <wf lemma="." pos="X">.</wf>
      </sentence>
      <sentence id="d000.s2501" source="wordnet-hungarian">
         <wf lemma="El" pos="X">El</wf>
         <wf lemma="tudna" pos="X">tudna</wf>
         <instance id="d000.s2501.t000" lemma="vezet" pos="VERB">vezetni</instance>
         <wf lemma="a" pos="X">a</wf>
         <wf lemma="főbejárathoz" pos="X">főbejárathoz</wf>
         <wf lemma="?" pos="X">?</wf>
      </sentence>
      <sentence id="d000.s2502" source="wordnet-hungarian">
         <wf lemma="Az" pos="X">Az</wf>
         <wf lemma="események" pos="X">események</wf>
         <wf lemma="kimenetelének" pos="X">kimenetelének</wf>
         <instance id="d000.s2502.t000" lemma="bizonytalanság" pos="NOUN">bizonytalansága</instance>
         <wf lemma="késztette" pos="X">késztette</wf>
         <wf lemma="elhamarkodott" pos="X">elhamarkodott</wf>
         <wf lemma="lépésekre" pos="X">lépésekre</wf>
         <wf lemma="." pos="X">.</wf>
      </sentence>
      <sentence id="d000.s2503" source="wordnet-hungarian">
         <wf lemma="A" pos="X">A</wf>
         <wf lemma="harcok" pos="X">harcok</wf>
         <wf lemma="során" pos="X">során</wf>
         <wf lemma="az" pos="X">az</wf>
         <wf lemma="ifjú" pos="X">ifjú</wf>
         <wf lemma="legényből" pos="X">legényből</wf>
         <wf lemma="igazi" pos="X">igazi</wf>
         <instance id="d000.s2503.t000" lemma="tigris" pos="NOUN">tigris</instance>
         <wf lemma="vált" pos="X">vált</wf>
         <wf lemma="." pos="X">.</wf>
      </sentence>
      <sentence id="d000.s2504" source="wordnet-hungarian">
         <wf lemma="A" pos="X">A</wf>
         <wf lemma="nem" pos="X">nem</wf>
         <wf lemma="Németországban" pos="X">Németországban</wf>
         <wf lemma="élő" pos="X">élő</wf>
         <instance id="d000.s2504.t000" lemma="adófizető" pos="NOUN">adófizetőket</instance>
         <wf lemma="csak" pos="X">csak</wf>
         <wf lemma="a" pos="X">a</wf>
         <wf lemma="Németországból" pos="X">Németországból</wf>
         <wf lemma="származó" pos="X">származó</wf>
         <wf lemma="jövedelmük" pos="X">jövedelmük</wf>
         <wf lemma="után" pos="X">után</wf>
         <wf lemma="adóztathatják" pos="X">adóztathatják</wf>
         <wf lemma="." pos="X">.</wf>
      </sentence>
      <sentence id="d000.s2505" source="wordnet-hungarian">
         <wf lemma="Tizenkét" pos="X">Tizenkét</wf>
         <instance id="d000.s2505.t000" lemma="pályázó" pos="NOUN">pályázó</instance>
         <wf lemma="nyert" pos="X">nyert</wf>
         <wf lemma="az" pos="X">az</wf>
         <wf lemma="uniós" pos="X">uniós</wf>
         <wf lemma="pályázatok" pos="X">pályázatok</wf>
         <wf lemma="első" pos="X">első</wf>
         <wf lemma="körében" pos="X">körében</wf>
         <wf lemma="." pos="X">.</wf>
      </sentence>
      <sentence id="d000.s2506" source="wordnet-hungarian">
         <wf lemma="Az" pos="X">Az</wf>
         <wf lemma="öreg" pos="X">öreg</wf>
         <wf lemma="bohóc" pos="X">bohóc</wf>
         <instance id="d000.s2506.t000" lemma="elbeszél" pos="VERB">elbeszélte</instance>
         <wf lemma="élete" pos="X">élete</wf>
         <wf lemma="történetét" pos="X">történetét</wf>
         <wf lemma="." pos="X">.</wf>
      </sentence>
      <sentence id="d000.s2507" source="wordnet-hungarian">
         <wf lemma="A" pos="X">A</wf>
         <instance id="d000.s2507.t000" lemma="fondü" pos="NOUN">fondü</instance>
         <wf lemma="-" pos="X">-</wf>
         <wf lemma="nemcsak" pos="X">nemcsak</wf>
         <wf lemma="speciális" pos="X">speciális</wf>
         <wf lemma="sajtétel" pos="X">sajtétel</wf>
         <wf lemma="készítésének" pos="X">készítésének</wf>
         <wf lemma="és" pos="X">és</wf>
         <wf lemma="elfogyasztásának" pos="X">elfogyasztásának</wf>
         <wf lemma="vidám" pos="X">vidám</wf>
         <wf lemma="szertartása" pos="X">szertartása</wf>
         <wf lemma="-" pos="X">-</wf>
         <wf lemma="színesebbé" pos="X">színesebbé</wf>
         <wf lemma="teszi" pos="X">teszi</wf>
         <wf lemma="a" pos="X">a</wf>
         <wf lemma="baráti" pos="X">baráti</wf>
         <wf lemma="együttléteket" pos="X">együttléteket</wf>
         <wf lemma="." pos="X">.</wf>
      </sentence>
      <sentence id="d000.s2508" source="wordnet-hungarian">
         <wf lemma="Az" pos="X">Az</wf>
         <instance id="d000.s2508.t000" lemma="iskola" pos="NOUN">iskolát</instance>
         <wf lemma="pont" pos="X">pont</wf>
         <wf lemma="a" pos="X">a</wf>
         <wf lemma="századfordulón" pos="X">századfordulón</wf>
         <wf lemma="alapították" pos="X">alapították</wf>
         <wf lemma="." pos="X">.</wf>
      </sentence>
      <sentence id="d000.s2509" source="wordnet-hungarian">
         <wf lemma="Anyagi" pos="X">Anyagi</wf>
         <instance id="d000.s2509.t000" lemma="függetlenség" pos="NOUN">függetlenségre</instance>
         <wf lemma="vágyik" pos="X">vágyik</wf>
         <wf lemma="." pos="X">.</wf>
      </sentence>
      <sentence id="d000.s2510" source="wordnet-hungarian">
         <wf lemma="Minden" pos="X">Minden</wf>
         <instance id="d000.s2510.t000" lemma="tekintély" pos="NOUN">tekintélyét</instance>
         <wf lemma="latba" pos="X">latba</wf>
         <wf lemma="kellett" pos="X">kellett</wf>
         <wf lemma="vetnie" pos="X">vetnie</wf>
         <wf lemma="," pos="X">,</wf>
         <wf lemma="hogy" pos="X">hogy</wf>
         <wf lemma="megelőzze" pos="X">megelőzze</wf>
         <wf lemma="a" pos="X">a</wf>
         <wf lemma="két" pos="X">két</wf>
         <wf lemma="tábor" pos="X">tábor</wf>
         <wf lemma="összeverekedését" pos="X">összeverekedését</wf>
         <wf lemma="." pos="X">.</wf>
      </sentence>
      <sentence id="d000.s2511" source="wordnet-hungarian">
         <wf lemma="Nyugaton" pos="X">Nyugaton</wf>
         <wf lemma="a" pos="X">a</wf>
         <instance id="d000.s2511.t000" lemma="helyzet" pos="NOUN">helyzet</instance>
         <wf lemma="változatlan" pos="X">változatlan</wf>
         <wf lemma="." pos="X">.</wf>
      </sentence>
      <sentence id="d000.s2512" source="wordnet-hungarian">
         <wf lemma="A" pos="X">A</wf>
         <wf lemma="henger" pos="X">henger</wf>
         <instance id="d000.s2512.t000" lemma="alkotó" pos="NOUN">alkotója</instance>
         <wf lemma="25" pos="X">25</wf>
         <wf lemma="cm." pos="X">cm.</wf>
      </sentence>
      <sentence id="d000.s2513" source="wordnet-hungarian">
         <wf lemma="Tehetséges" pos="X">Tehetséges</wf>
         <wf lemma="költőnek" pos="X">költőnek</wf>
         <instance id="d000.s2513.t000" lemma="mond" pos="VERB">mondják</instance>
         <wf lemma="Danit" pos="X">Danit</wf>
         <wf lemma="." pos="X">.</wf>
      </sentence>
      <sentence id="d000.s2514" source="wordnet-hungarian">
         <wf lemma="Az" pos="X">Az</wf>
         <wf lemma="építmény" pos="X">építmény</wf>
         <instance id="d000.s2514.t000" lemma="méret" pos="NOUN">méretei</instance>
         <wf lemma="lenyűzözőek" pos="X">lenyűzözőek</wf>
         <wf lemma="voltak" pos="X">voltak</wf>
         <wf lemma="." pos="X">.</wf>
      </sentence>
      <sentence id="d000.s2515" source="wordnet-hungarian">
         <wf lemma="A" pos="X">A</wf>
         <instance id="d000.s2515.t000" lemma="szabadság" pos="NOUN">szabadság</instance>
         <wf lemma="nagyon" pos="X">nagyon</wf>
         <wf lemma="fontos" pos="X">fontos</wf>
         <wf lemma="a" pos="X">a</wf>
         <wf lemma="legtöbb" pos="X">legtöbb</wf>
         <wf lemma="ember" pos="X">ember</wf>
         <wf lemma="számára" pos="X">számára</wf>
         <wf lemma="." pos="X">.</wf>
      </sentence>
      <sentence id="d000.s2516" source="wordnet-hungarian">
         <wf lemma="Tegnap" pos="X">Tegnap</wf>
         <wf lemma="délután" pos="X">délután</wf>
         <wf lemma="Marcsi" pos="X">Marcsi</wf>
         <wf lemma="sikeres" pos="X">sikeres</wf>
         <wf lemma="vizsgáját" pos="X">vizsgáját</wf>
         <instance id="d000.s2516.t000" lemma="ünnepel" pos="VERB">ünnepeltük</instance>
         <wf lemma="." pos="X">.</wf>
      </sentence>
      <sentence id="d000.s2517" source="wordnet-hungarian">
         <wf lemma="A" pos="X">A</wf>
         <wf lemma="vak" pos="X">vak</wf>
         <wf lemma="fiú" pos="X">fiú</wf>
         <wf lemma="hallására" pos="X">hallására</wf>
         <wf lemma="és" pos="X">és</wf>
         <wf lemma="fejlett" pos="X">fejlett</wf>
         <wf lemma="tapintási" pos="X">tapintási</wf>
         <instance id="d000.s2517.t000" lemma="érzék" pos="NOUN">érzékére</instance>
         <wf lemma="támaszkodik" pos="X">támaszkodik</wf>
         <wf lemma="." pos="X">.</wf>
      </sentence>
      <sentence id="d000.s2518" source="wordnet-hungarian">
         <wf lemma="A" pos="X">A</wf>
         <wf lemma="tűzvész" pos="X">tűzvész</wf>
         <wf lemma="után" pos="X">után</wf>
         <wf lemma="érkező" pos="X">érkező</wf>
         <instance id="d000.s2518.t000" lemma="balkáni" pos="NOUN">balkániak</instance>
         <wf lemma="tisztázatlan" pos="X">tisztázatlan</wf>
         <wf lemma="körülmények" pos="X">körülmények</wf>
         <wf lemma="között" pos="X">között</wf>
         <wf lemma="i.e" pos="X">i.e</wf>
         <wf lemma="." pos="X">.</wf>
         <wf lemma="1100" pos="X">1100</wf>
         <wf lemma="táján" pos="X">táján</wf>
         <wf lemma="az" pos="X">az</wf>
         <wf lemma="őslakókkal" pos="X">őslakókkal</wf>
         <wf lemma="együtt" pos="X">együtt</wf>
         <wf lemma="elhagyták" pos="X">elhagyták</wf>
         <wf lemma="Tróját" pos="X">Tróját</wf>
         <wf lemma="." pos="X">.</wf>
      </sentence>
      <sentence id="d000.s2519" source="wordnet-hungarian">
         <wf lemma="A" pos="X">A</wf>
         <wf lemma="beteg" pos="X">beteg</wf>
         <wf lemma="férfi" pos="X">férfi</wf>
         <wf lemma="véreset" pos="X">véreset</wf>
         <instance id="d000.s2519.t000" lemma="vizel" pos="VERB">vizelt</instance>
         <wf lemma="." pos="X">.</wf>
      </sentence>
      <sentence id="d000.s2520" source="wordnet-hungarian">
         <wf lemma="A" pos="X">A</wf>
         <wf lemma="jelenléte" pos="X">jelenléte</wf>
         <instance id="d000.s2520.t000" lemma="vigasztalás" pos="NOUN">vigasztalást</instance>
         <wf lemma="adott" pos="X">adott</wf>
         <wf lemma="." pos="X">.</wf>
      </sentence>
      <sentence id="d000.s2521" source="wordnet-hungarian">
         <wf lemma="A" pos="X">A</wf>
         <instance id="d000.s2521.t000" lemma="ragozás" pos="NOUN">ragozás</instance>
         <wf lemma="néha" pos="X">néha</wf>
         <wf lemma="szinte" pos="X">szinte</wf>
         <wf lemma="teljesen" pos="X">teljesen</wf>
         <wf lemma="megváltoztatja" pos="X">megváltoztatja</wf>
         <wf lemma="az" pos="X">az</wf>
         <wf lemma="ige" pos="X">ige</wf>
         <wf lemma="alakját" pos="X">alakját</wf>
         <wf lemma="." pos="X">.</wf>
      </sentence>
      <sentence id="d000.s2522" source="wordnet-hungarian">
         <wf lemma="Soha" pos="X">Soha</wf>
         <wf lemma="nem" pos="X">nem</wf>
         <wf lemma="engedett" pos="X">engedett</wf>
         <wf lemma="az" pos="X">az</wf>
         <instance id="d000.s2522.t000" lemma="elv" pos="NOUN">elveiből</instance>
         <wf lemma="." pos="X">.</wf>
      </sentence>
      <sentence id="d000.s2523" source="wordnet-hungarian">
         <wf lemma="A" pos="X">A</wf>
         <wf lemma="franciák" pos="X">franciák</wf>
         <instance id="d000.s2523.t000" lemma="ellenállás" pos="NOUN">ellenállása</instance>
         <wf lemma="inkább" pos="X">inkább</wf>
         <wf lemma="csak" pos="X">csak</wf>
         <wf lemma="a" pos="X">a</wf>
         <wf lemma="történelemkönyvekben" pos="X">történelemkönyvekben</wf>
         <wf lemma="létezett" pos="X">létezett</wf>
         <wf lemma="." pos="X">.</wf>
      </sentence>
      <sentence id="d000.s2524" source="wordnet-hungarian">
         <wf lemma="A" pos="X">A</wf>
         <wf lemma="zoknikötő" pos="X">zoknikötő</wf>
         <wf lemma="cégem" pos="X">cégem</wf>
         <instance id="d000.s2524.t000" lemma="virágzik" pos="VERB">virágzik</instance>
         <wf lemma="." pos="X">.</wf>
      </sentence>
      <sentence id="d000.s2525" source="wordnet-hungarian">
         <wf lemma="Egy" pos="X">Egy</wf>
         <instance id="d000.s2525.t000" lemma="sereg" pos="NOUN">sereg</instance>
         <wf lemma="hangya" pos="X">hangya</wf>
         <wf lemma="szállta" pos="X">szállta</wf>
         <wf lemma="meg" pos="X">meg</wf>
         <wf lemma="a" pos="X">a</wf>
         <wf lemma="piknikes" pos="X">piknikes</wf>
         <wf lemma="kosarat" pos="X">kosarat</wf>
         <wf lemma="." pos="X">.</wf>
      </sentence>
      <sentence id="d000.s2526" source="wordnet-hungarian">
         <wf lemma="A" pos="X">A</wf>
         <wf lemma="gazdasági" pos="X">gazdasági</wf>
         <instance id="d000.s2526.t000" lemma="előrejelzés" pos="NOUN">előrejelzések</instance>
         <wf lemma="borúlátóak" pos="X">borúlátóak</wf>
         <wf lemma="." pos="X">.</wf>
      </sentence>
      <sentence id="d000.s2527" source="wordnet-hungarian">
         <wf lemma="Ha" pos="X">Ha</wf>
         <wf lemma="idegen" pos="X">idegen</wf>
         <wf lemma="ételt" pos="X">ételt</wf>
         <wf lemma="főzöl" pos="X">főzöl</wf>
         <wf lemma="," pos="X">,</wf>
         <wf lemma="próbálj" pos="X">próbálj</wf>
         <wf lemma="meg" pos="X">meg</wf>
         <wf lemma="beszerezni" pos="X">beszerezni</wf>
         <wf lemma="a" pos="X">a</wf>
         <wf lemma="konyhának" pos="X">konyhának</wf>
         <wf lemma="megfelelő" pos="X">megfelelő</wf>
         <instance id="d000.s2527.t000" lemma="hozzávaló" pos="NOUN">hozzávalókat</instance>
         <wf lemma="!" pos="X">!</wf>
      </sentence>
      <sentence id="d000.s2528" source="wordnet-hungarian">
         <wf lemma="Kanada" pos="X">Kanada</wf>
         <wf lemma="is" pos="X">is</wf>
         <wf lemma="az" pos="X">az</wf>
         <wf lemma="Egyesült" pos="X">Egyesült</wf>
         <wf lemma="Nemzetek" pos="X">Nemzetek</wf>
         <instance id="d000.s2528.t000" lemma="tag" pos="NOUN">tagja</instance>
         <wf lemma="." pos="X">.</wf>
      </sentence>
      <sentence id="d000.s2529" source="wordnet-hungarian">
         <wf lemma="Pista" pos="X">Pista</wf>
         <wf lemma="már" pos="X">már</wf>
         <wf lemma="fél" pos="X">fél</wf>
         <wf lemma="éve" pos="X">éve</wf>
         <instance id="d000.s2529.t000" lemma="üldöz" pos="VERB">üldözi</instance>
         <wf lemma="Marit" pos="X">Marit</wf>
         <wf lemma="a" pos="X">a</wf>
         <wf lemma="szerelmével" pos="X">szerelmével</wf>
         <wf lemma="." pos="X">.</wf>
      </sentence>
      <sentence id="d000.s2530" source="wordnet-hungarian">
         <wf lemma="Sokat" pos="X">Sokat</wf>
         <instance id="d000.s2530.t000" lemma="utazik" pos="VERB">utazom</instance>
         <wf lemma="metróval" pos="X">metróval</wf>
         <wf lemma="." pos="X">.</wf>
      </sentence>
      <sentence id="d000.s2531" source="wordnet-hungarian">
         <wf lemma="Az" pos="X">Az</wf>
         <wf lemma="oktatási" pos="X">oktatási</wf>
         <instance id="d000.s2531.t000" lemma="ombudsman" pos="NOUN">ombudsman</instance>
         <wf lemma="87" pos="X">87</wf>
         <wf lemma="ajánlást" pos="X">ajánlást</wf>
         <wf lemma="tett" pos="X">tett</wf>
         <wf lemma="az" pos="X">az</wf>
         <wf lemma="elmúlt" pos="X">elmúlt</wf>
         <wf lemma="évben" pos="X">évben</wf>
         <wf lemma="." pos="X">.</wf>
      </sentence>
      <sentence id="d000.s2532" source="wordnet-hungarian">
         <wf lemma="Béla" pos="X">Béla</wf>
         <wf lemma="feltünően" pos="X">feltünően</wf>
         <instance id="d000.s2532.t000" lemma="nyom" pos="VERB">nyomja</instance>
         <wf lemma="a" pos="X">a</wf>
         <wf lemma="kegyeltjeit" pos="X">kegyeltjeit</wf>
         <wf lemma="." pos="X">.</wf>
      </sentence>
      <sentence id="d000.s2533" source="wordnet-hungarian">
         <wf lemma="valamilyen" pos="X">valamilyen</wf>
         <instance id="d000.s2533.t000" lemma="katalizátor" pos="NOUN">katalizátort</instance>
         <wf lemma="kell" pos="X">kell</wf>
         <wf lemma="alkalmazni" pos="X">alkalmazni</wf>
         <wf lemma="a" pos="X">a</wf>
         <wf lemma="reakció" pos="X">reakció</wf>
         <wf lemma="kívánt" pos="X">kívánt</wf>
         <wf lemma="irányában" pos="X">irányában</wf>
         <wf lemma="." pos="X">.</wf>
      </sentence>
      <sentence id="d000.s2534" source="wordnet-hungarian">
         <instance id="d000.s2534.t000" lemma="figyel" pos="VERB">Figyelj</instance>
         <wf lemma="a" pos="X">a</wf>
         <wf lemma="bölcs" pos="X">bölcs</wf>
         <wf lemma="öreg" pos="X">öreg</wf>
         <wf lemma="szavaira" pos="X">szavaira</wf>
         <wf lemma="!" pos="X">!</wf>
      </sentence>
      <sentence id="d000.s2535" source="wordnet-hungarian">
         <wf lemma="Miért" pos="X">Miért</wf>
         <wf lemma="nem" pos="X">nem</wf>
         <instance id="d000.s2535.t000" lemma="madár" pos="NOUN">madár</instance>
         <wf lemma="a" pos="X">a</wf>
         <wf lemma="háziszárnyas" pos="X">háziszárnyas</wf>
         <wf lemma="?" pos="X">?</wf>
      </sentence>
      <sentence id="d000.s2536" source="wordnet-hungarian">
         <wf lemma="Olyannyira" pos="X">Olyannyira</wf>
         <wf lemma="bekebelezte" pos="X">bekebelezte</wf>
         <wf lemma="a" pos="X">a</wf>
         <wf lemma="mozgalom" pos="X">mozgalom</wf>
         <wf lemma="," pos="X">,</wf>
         <wf lemma="hogy" pos="X">hogy</wf>
         <wf lemma="szinte" pos="X">szinte</wf>
         <wf lemma="teljesen" pos="X">teljesen</wf>
         <wf lemma="elvesztette" pos="X">elvesztette</wf>
         <instance id="d000.s2536.t000" lemma="egyéniség" pos="NOUN">egyéniségét</instance>
         <wf lemma="." pos="X">.</wf>
      </sentence>
      <sentence id="d000.s2537" source="wordnet-hungarian">
         <wf lemma="A" pos="X">A</wf>
         <wf lemma="molekuláris" pos="X">molekuláris</wf>
         <instance id="d000.s2537.t000" lemma="biológia" pos="NOUN">biológia</instance>
         <wf lemma="az" pos="X">az</wf>
         <wf lemma="egyik" pos="X">egyik</wf>
         <wf lemma="leggyorsabban" pos="X">leggyorsabban</wf>
         <wf lemma="fejlődő" pos="X">fejlődő</wf>
         <wf lemma="tudományág" pos="X">tudományág</wf>
         <wf lemma="." pos="X">.</wf>
      </sentence>
      <sentence id="d000.s2538" source="wordnet-hungarian">
         <wf lemma="Érdekes" pos="X">Érdekes</wf>
         <instance id="d000.s2538.t000" lemma="dolog" pos="NOUN">dolog</instance>
         <wf lemma="történt" pos="X">történt</wf>
         <wf lemma="velem" pos="X">velem</wf>
         <wf lemma="tegnap" pos="X">tegnap</wf>
         <wf lemma="este" pos="X">este</wf>
         <wf lemma="." pos="X">.</wf>
      </sentence>
      <sentence id="d000.s2539" source="wordnet-hungarian">
         <wf lemma="A" pos="X">A</wf>
         <wf lemma="bíróság" pos="X">bíróság</wf>
         <wf lemma="kötelezi" pos="X">kötelezi</wf>
         <wf lemma="az" pos="X">az</wf>
         <instance id="d000.s2539.t000" lemma="alperes" pos="NOUN">alperest</instance>
         <wf lemma="," pos="X">,</wf>
         <wf lemma="hogy" pos="X">hogy</wf>
         <wf lemma="15" pos="X">15</wf>
         <wf lemma="nap" pos="X">nap</wf>
         <wf lemma="alatt" pos="X">alatt</wf>
         <wf lemma="fizessen" pos="X">fizessen</wf>
         <wf lemma="meg" pos="X">meg</wf>
         <wf lemma="felperesnek" pos="X">felperesnek</wf>
         <wf lemma="a" pos="X">a</wf>
         <wf lemma="perköltséget" pos="X">perköltséget</wf>
         <wf lemma="." pos="X">.</wf>
      </sentence>
      <sentence id="d000.s2540" source="wordnet-hungarian">
         <wf lemma="A" pos="X">A</wf>
         <wf lemma="frissen" pos="X">frissen</wf>
         <instance id="d000.s2540.t000" lemma="besorozott" pos="NOUN">besorozottak</instance>
         <wf lemma="közt" pos="X">közt</wf>
         <wf lemma="korábban" pos="X">korábban</wf>
         <wf lemma="nem" pos="X">nem</wf>
         <wf lemma="volt" pos="X">volt</wf>
         <wf lemma="nő" pos="X">nő</wf>
         <wf lemma="." pos="X">.</wf>
      </sentence>
      <sentence id="d000.s2541" source="wordnet-hungarian">
         <wf lemma="Sajnos" pos="X">Sajnos</wf>
         <wf lemma="a" pos="X">a</wf>
         <wf lemma="jogi" pos="X">jogi</wf>
         <instance id="d000.s2541.t000" lemma="eljárás" pos="NOUN">eljárás</instance>
         <wf lemma="nem" pos="X">nem</wf>
         <wf lemma="jelent" pos="X">jelent</wf>
         <wf lemma="automatikusan" pos="X">automatikusan</wf>
         <wf lemma="kedvező" pos="X">kedvező</wf>
         <wf lemma="ítéletet" pos="X">ítéletet</wf>
         <wf lemma="." pos="X">.</wf>
      </sentence>
      <sentence id="d000.s2542" source="wordnet-hungarian">
         <wf lemma="Egy" pos="X">Egy</wf>
         <wf lemma="skót" pos="X">skót</wf>
         <wf lemma="úriember" pos="X">úriember</wf>
         <wf lemma="egy" pos="X">egy</wf>
         <wf lemma="150" pos="X">150</wf>
         <wf lemma="millió" pos="X">millió</wf>
         <wf lemma="éves" pos="X">éves</wf>
         <instance id="d000.s2542.t000" lemma="hüllő" pos="NOUN">hüllő</instance>
         <wf lemma="kövületére" pos="X">kövületére</wf>
         <wf lemma="bukkant" pos="X">bukkant</wf>
         <wf lemma="Skócia" pos="X">Skócia</wf>
         <wf lemma="mitikus" pos="X">mitikus</wf>
         <wf lemma="tava" pos="X">tava</wf>
         <wf lemma="környékén" pos="X">környékén</wf>
         <wf lemma="." pos="X">.</wf>
      </sentence>
      <sentence id="d000.s2543" source="wordnet-hungarian">
         <wf lemma="A" pos="X">A</wf>
         <instance id="d000.s2543.t000" lemma="jácint" pos="NOUN">jácint</instance>
         <wf lemma="több" pos="X">több</wf>
         <wf lemma="színben" pos="X">színben</wf>
         <wf lemma="is" pos="X">is</wf>
         <wf lemma="előfordul" pos="X">előfordul</wf>
         <wf lemma="." pos="X">.</wf>
      </sentence>
      <sentence id="d000.s2544" source="wordnet-hungarian">
         <wf lemma="Az" pos="X">Az</wf>
         <wf lemma="apró" pos="X">apró</wf>
         <instance id="d000.s2544.t000" lemma="kristály" pos="NOUN">kristályok</instance>
         <wf lemma="szabad" pos="X">szabad</wf>
         <wf lemma="szemmel" pos="X">szemmel</wf>
         <wf lemma="ali" pos="X">ali</wf>
         <wf lemma="láthatók" pos="X">láthatók</wf>
         <wf lemma="." pos="X">.</wf>
      </sentence>
      <sentence id="d000.s2545" source="wordnet-hungarian">
         <wf lemma="Mindez" pos="X">Mindez</wf>
         <wf lemma="azt" pos="X">azt</wf>
         <wf lemma="mutatja" pos="X">mutatja</wf>
         <wf lemma="," pos="X">,</wf>
         <wf lemma="hogy" pos="X">hogy</wf>
         <wf lemma="az" pos="X">az</wf>
         <wf lemma="apostolok" pos="X">apostolok</wf>
         <wf lemma="illetve" pos="X">illetve</wf>
         <wf lemma="az" pos="X">az</wf>
         <wf lemma="újszövetségi" pos="X">újszövetségi</wf>
         <wf lemma="szerzők" pos="X">szerzők</wf>
         <wf lemma="is" pos="X">is</wf>
         <wf lemma="jól" pos="X">jól</wf>
         <wf lemma="ismerték" pos="X">ismerték</wf>
         <wf lemma="," pos="X">,</wf>
         <wf lemma="tanulmányozták" pos="X">tanulmányozták</wf>
         <wf lemma="az" pos="X">az</wf>
         <instance id="d000.s2545.t000" lemma="apokrif" pos="NOUN">apokrif</instance>
         <wf lemma="iratokat" pos="X">iratokat</wf>
         <wf lemma="." pos="X">.</wf>
      </sentence>
      <sentence id="d000.s2546" source="wordnet-hungarian">
         <wf lemma="Kint" pos="X">Kint</wf>
         <wf lemma="már" pos="X">már</wf>
         <instance id="d000.s2546.t000" lemma="fagy" pos="VERB">fagy</instance>
         <wf lemma="a" pos="X">a</wf>
         <wf lemma="tó" pos="X">tó</wf>
         <wf lemma="vize" pos="X">vize</wf>
         <wf lemma="." pos="X">.</wf>
      </sentence>
      <sentence id="d000.s2547" source="wordnet-hungarian">
         <wf lemma="A" pos="X">A</wf>
         <instance id="d000.s2547.t000" lemma="város" pos="NOUN">város</instance>
         <wf lemma="épületein" pos="X">épületein</wf>
         <wf lemma="látszottak" pos="X">látszottak</wf>
         <wf lemma="a" pos="X">a</wf>
         <wf lemma="földrengés" pos="X">földrengés</wf>
         <wf lemma="nyomai" pos="X">nyomai</wf>
         <wf lemma="." pos="X">.</wf>
      </sentence>
      <sentence id="d000.s2548" source="wordnet-hungarian">
         <wf lemma="Feri" pos="X">Feri</wf>
         <wf lemma="haragot" pos="X">haragot</wf>
         <instance id="d000.s2548.t000" lemma="táplál" pos="VERB">táplál</instance>
         <wf lemma="Imra" pos="X">Imra</wf>
         <wf lemma="felé" pos="X">felé</wf>
         <wf lemma="." pos="X">.</wf>
      </sentence>
      <sentence id="d000.s2549" source="wordnet-hungarian">
         <wf lemma="Nem" pos="X">Nem</wf>
         <wf lemma="szeretem" pos="X">szeretem</wf>
         <wf lemma="az" pos="X">az</wf>
         <wf lemma="ilyen" pos="X">ilyen</wf>
         <instance id="d000.s2549.t000" lemma="fajta" pos="NOUN">fajta</instance>
         <wf lemma="csokoládékat" pos="X">csokoládékat</wf>
         <wf lemma="." pos="X">.</wf>
      </sentence>
      <sentence id="d000.s2550" source="wordnet-hungarian">
         <wf lemma="Komoly" pos="X">Komoly</wf>
         <wf lemma="dolgok" pos="X">dolgok</wf>
         <instance id="d000.s2550.t000" lemma="megy" pos="VERB">mentek</instance>
         <wf lemma="végbe" pos="X">végbe</wf>
         <wf lemma="mostanában" pos="X">mostanában</wf>
         <wf lemma="." pos="X">.</wf>
      </sentence>
      <sentence id="d000.s2551" source="wordnet-hungarian">
         <wf lemma="Beköltözéskor" pos="X">Beköltözéskor</wf>
         <wf lemma="bemutatkoztak" pos="X">bemutatkoztak</wf>
         <wf lemma="a" pos="X">a</wf>
         <instance id="d000.s2551.t000" lemma="szomszéd" pos="NOUN">szomszédoknak</instance>
         <wf lemma="." pos="X">.</wf>
      </sentence>
      <sentence id="d000.s2552" source="wordnet-hungarian">
         <wf lemma="Az" pos="X">Az</wf>
         <wf lemma="öreget" pos="X">öreget</wf>
         <wf lemma="miden" pos="X">miden</wf>
         <wf lemma="hétvégén" pos="X">hétvégén</wf>
         <wf lemma="meglátogatják" pos="X">meglátogatják</wf>
         <instance id="d000.s2552.t000" lemma="unoka" pos="NOUN">unokái</instance>
         <wf lemma="a" pos="X">a</wf>
         <wf lemma="közeli" pos="X">közeli</wf>
         <wf lemma="falu" pos="X">falu</wf>
         <wf lemma="melletti" pos="X">melletti</wf>
         <wf lemma="tanyán" pos="X">tanyán</wf>
         <wf lemma="." pos="X">.</wf>
      </sentence>
      <sentence id="d000.s2553" source="wordnet-hungarian">
         <wf lemma="A" pos="X">A</wf>
         <instance id="d000.s2553.t000" lemma="gyep" pos="NOUN">gyepen</instance>
         <wf lemma="előforduló" pos="X">előforduló</wf>
         <wf lemma="gyomokat" pos="X">gyomokat</wf>
         <wf lemma="," pos="X">,</wf>
         <wf lemma="még" pos="X">még</wf>
         <wf lemma="ha" pos="X">ha</wf>
         <wf lemma="sok" pos="X">sok</wf>
         <wf lemma="van" pos="X">van</wf>
         <wf lemma="is" pos="X">is</wf>
         <wf lemma="belőlük" pos="X">belőlük</wf>
         <wf lemma="," pos="X">,</wf>
         <wf lemma="lehet" pos="X">lehet</wf>
         <wf lemma="kézzel" pos="X">kézzel</wf>
         <wf lemma="irtani" pos="X">irtani</wf>
         <wf lemma="." pos="X">.</wf>
      </sentence>
      <sentence id="d000.s2554" source="wordnet-hungarian">
         <wf lemma="Vali" pos="X">Vali</wf>
         <wf lemma="sokat" pos="X">sokat</wf>
         <instance id="d000.s2554.t000" lemma="csacsog" pos="VERB">csacsog</instance>
         <wf lemma="a" pos="X">a</wf>
         <wf lemma="kutyájáról" pos="X">kutyájáról</wf>
         <wf lemma="." pos="X">.</wf>
      </sentence>
      <sentence id="d000.s2555" source="wordnet-hungarian">
         <wf lemma="A" pos="X">A</wf>
         <wf lemma="nyári" pos="X">nyári</wf>
         <instance id="d000.s2555.t000" lemma="kiárusítás" pos="NOUN">kiárusítás</instance>
         <wf lemma="ma" pos="X">ma</wf>
         <wf lemma="kezdődik" pos="X">kezdődik</wf>
         <wf lemma="." pos="X">.</wf>
      </sentence>
      <sentence id="d000.s2556" source="wordnet-hungarian">
         <wf lemma="Ez" pos="X">Ez</wf>
         <wf lemma="a" pos="X">a</wf>
         <wf lemma="szó" pos="X">szó</wf>
         <wf lemma="hat" pos="X">hat</wf>
         <instance id="d000.s2556.t000" lemma="szótag" pos="NOUN">szótagból</instance>
         <wf lemma="áll" pos="X">áll</wf>
         <wf lemma="." pos="X">.</wf>
      </sentence>
      <sentence id="d000.s2557" source="wordnet-hungarian">
         <wf lemma="A" pos="X">A</wf>
         <instance id="d000.s2557.t000" lemma="katonaság" pos="NOUN">katonaság</instance>
         <wf lemma="ereje" pos="X">ereje</wf>
         <wf lemma="két" pos="X">két</wf>
         <wf lemma="elemen" pos="X">elemen</wf>
         <wf lemma="alapult" pos="X">alapult</wf>
         <wf lemma=":" pos="X">:</wf>
         <wf lemma="a" pos="X">a</wf>
         <wf lemma="felügyeleti" pos="X">felügyeleti</wf>
         <wf lemma="rendszeren" pos="X">rendszeren</wf>
         <wf lemma="és" pos="X">és</wf>
         <wf lemma="a" pos="X">a</wf>
         <wf lemma="fegyelmen" pos="X">fegyelmen</wf>
         <wf lemma="." pos="X">.</wf>
      </sentence>
      <sentence id="d000.s2558" source="wordnet-hungarian">
         <wf lemma="A" pos="X">A</wf>
         <wf lemma="széknek" pos="X">széknek</wf>
         <wf lemma="kitört" pos="X">kitört</wf>
         <wf lemma="a" pos="X">a</wf>
         <instance id="d000.s2558.t000" lemma="láb" pos="NOUN">lába</instance>
         <wf lemma="." pos="X">.</wf>
      </sentence>
      <sentence id="d000.s2559" source="wordnet-hungarian">
         <instance id="d000.s2559.t000" lemma="megbeszélés" pos="NOUN">Megbeszélést</instance>
         <wf lemma="tartottak" pos="X">tartottak</wf>
         <wf lemma="az" pos="X">az</wf>
         <wf lemma="ügy" pos="X">ügy</wf>
         <wf lemma="mielőbbi" pos="X">mielőbbi</wf>
         <wf lemma="lezárásának" pos="X">lezárásának</wf>
         <wf lemma="érdekében" pos="X">érdekében</wf>
         <wf lemma="." pos="X">.</wf>
      </sentence>
      <sentence id="d000.s2560" source="wordnet-hungarian">
         <wf lemma="Három" pos="X">Három</wf>
         <instance id="d000.s2560.t000" lemma="papírlap" pos="NOUN">papírlapra</instance>
         <wf lemma="tudtam" pos="X">tudtam</wf>
         <wf lemma="átmásolni" pos="X">átmásolni</wf>
         <wf lemma="a" pos="X">a</wf>
         <wf lemma="jegyzeteidet" pos="X">jegyzeteidet</wf>
         <wf lemma="." pos="X">.</wf>
      </sentence>
      <sentence id="d000.s2561" source="wordnet-hungarian">
         <wf lemma="A" pos="X">A</wf>
         <wf lemma="betegnek" pos="X">betegnek</wf>
         <wf lemma="naponta" pos="X">naponta</wf>
         <wf lemma="több" pos="X">több</wf>
         <wf lemma="litert" pos="X">litert</wf>
         <wf lemma="kell" pos="X">kell</wf>
         <instance id="d000.s2561.t000" lemma="iszik" pos="VERB">innia</instance>
         <wf lemma="." pos="X">.</wf>
      </sentence>
      <sentence id="d000.s2562" source="wordnet-hungarian">
         <wf lemma="Az" pos="X">Az</wf>
         <wf lemma="egyetlen" pos="X">egyetlen</wf>
         <instance id="d000.s2562.t000" lemma="teendő" pos="NOUN">teendőnk</instance>
         <wf lemma="az" pos="X">az</wf>
         <wf lemma="volt" pos="X">volt</wf>
         <wf lemma="," pos="X">,</wf>
         <wf lemma="hogy" pos="X">hogy</wf>
         <wf lemma="fölporszívózzunk" pos="X">fölporszívózzunk</wf>
         <wf lemma="." pos="X">.</wf>
      </sentence>
      <sentence id="d000.s2563" source="wordnet-hungarian">
         <wf lemma="Az" pos="X">Az</wf>
         <instance id="d000.s2563.t000" lemma="ellipszis" pos="NOUN">ellipszis</instance>
         <wf lemma="nagytengelye" pos="X">nagytengelye</wf>
         <wf lemma="a" pos="X">a</wf>
         <wf lemma="gyújtópontokon" pos="X">gyújtópontokon</wf>
         <wf lemma="át" pos="X">át</wf>
         <wf lemma="fektetett" pos="X">fektetett</wf>
         <wf lemma="," pos="X">,</wf>
         <wf lemma="és" pos="X">és</wf>
         <wf lemma="az" pos="X">az</wf>
         <wf lemma="ellipszis" pos="X">ellipszis</wf>
         <wf lemma="két" pos="X">két</wf>
         <wf lemma="legtávolabbi" pos="X">legtávolabbi</wf>
         <wf lemma="pontját" pos="X">pontját</wf>
         <wf lemma="összekötő" pos="X">összekötő</wf>
         <wf lemma="szakasz" pos="X">szakasz</wf>
         <wf lemma="." pos="X">.</wf>
      </sentence>
      <sentence id="d000.s2564" source="wordnet-hungarian">
         <wf lemma="Az" pos="X">Az</wf>
         <wf lemma="ég" pos="X">ég</wf>
         <wf lemma="tiszta" pos="X">tiszta</wf>
         <wf lemma="volt" pos="X">volt</wf>
         <wf lemma="," pos="X">,</wf>
         <wf lemma="ezért" pos="X">ezért</wf>
         <wf lemma="különösen" pos="X">különösen</wf>
         <wf lemma="sok" pos="X">sok</wf>
         <instance id="d000.s2564.t000" lemma="csillag" pos="NOUN">csillag</instance>
         <wf lemma="látszott" pos="X">látszott</wf>
         <wf lemma="." pos="X">.</wf>
      </sentence>
      <sentence id="d000.s2565" source="wordnet-hungarian">
         <wf lemma="Egy" pos="X">Egy</wf>
         <instance id="d000.s2565.t000" lemma="tenger" pos="NOUN">tenger</instance>
         <wf lemma="kacatot" pos="X">kacatot</wf>
         <wf lemma="ástam" pos="X">ástam</wf>
         <wf lemma="elő" pos="X">elő</wf>
         <wf lemma="az" pos="X">az</wf>
         <wf lemma="ágya" pos="X">ágya</wf>
         <wf lemma="alól" pos="X">alól</wf>
         <wf lemma="." pos="X">.</wf>
      </sentence>
      <sentence id="d000.s2566" source="wordnet-hungarian">
         <wf lemma="A" pos="X">A</wf>
         <wf lemma="tópartok" pos="X">tópartok</wf>
         <wf lemma="egyik" pos="X">egyik</wf>
         <wf lemma="legmutatósabb" pos="X">legmutatósabb</wf>
         <wf lemma="gumós" pos="X">gumós</wf>
         <wf lemma="növénye" pos="X">növénye</wf>
         <wf lemma="az" pos="X">az</wf>
         <wf lemma="abszolút" pos="X">abszolút</wf>
         <wf lemma="fagyálló" pos="X">fagyálló</wf>
         <wf lemma="olasz" pos="X">olasz</wf>
         <instance id="d000.s2566.t000" lemma="kontyvirág" pos="NOUN">kontyvirág</instance>
         <wf lemma="." pos="X">.</wf>
      </sentence>
      <sentence id="d000.s2567" source="wordnet-hungarian">
         <wf lemma="A" pos="X">A</wf>
         <wf lemma="betegség" pos="X">betegség</wf>
         <wf lemma="jellemző" pos="X">jellemző</wf>
         <wf lemma="tünete" pos="X">tünete</wf>
         <wf lemma="az" pos="X">az</wf>
         <instance id="d000.s2567.t000" lemma="izomrángás" pos="NOUN">izomrángás</instance>
         <wf lemma="." pos="X">.</wf>
      </sentence>
      <sentence id="d000.s2568" source="wordnet-hungarian">
         <wf lemma="Sokan" pos="X">Sokan</wf>
         <wf lemma="kiterjesztenék" pos="X">kiterjesztenék</wf>
         <wf lemma="a" pos="X">a</wf>
         <wf lemma="házasság" pos="X">házasság</wf>
         <instance id="d000.s2568.t000" lemma="intézmény" pos="NOUN">intézményét</instance>
         <wf lemma="egyéb" pos="X">egyéb</wf>
         <wf lemma="együttélési" pos="X">együttélési</wf>
         <wf lemma="formákra" pos="X">formákra</wf>
         <wf lemma="is" pos="X">is</wf>
         <wf lemma="." pos="X">.</wf>
      </sentence>
      <sentence id="d000.s2569" source="wordnet-hungarian">
         <wf lemma="A" pos="X">A</wf>
         <instance id="d000.s2569.t000" lemma="versenyző" pos="NOUN">versenyzők</instance>
         <wf lemma="felsorakoztak" pos="X">felsorakoztak</wf>
         <wf lemma="a" pos="X">a</wf>
         <wf lemma="rajtvonalnál" pos="X">rajtvonalnál</wf>
         <wf lemma="." pos="X">.</wf>
      </sentence>
      <sentence id="d000.s2570" source="wordnet-hungarian">
         <wf lemma="Balzac" pos="X">Balzac</wf>
         <wf lemma="a" pos="X">a</wf>
         <wf lemma="francia" pos="X">francia</wf>
         <instance id="d000.s2570.t000" lemma="realizmus" pos="NOUN">realizmus</instance>
         <wf lemma="kiemelkedő" pos="X">kiemelkedő</wf>
         <wf lemma="alakja" pos="X">alakja</wf>
         <wf lemma="volt" pos="X">volt</wf>
         <wf lemma="." pos="X">.</wf>
      </sentence>
      <sentence id="d000.s2571" source="wordnet-hungarian">
         <wf lemma="A" pos="X">A</wf>
         <instance id="d000.s2571.t000" lemma="királyság" pos="NOUN">királyság</instance>
         <wf lemma="egészében" pos="X">egészében</wf>
         <wf lemma="elterjedt" pos="X">elterjedt</wf>
         <wf lemma="a" pos="X">a</wf>
         <wf lemma="hír" pos="X">hír</wf>
         <wf lemma="," pos="X">,</wf>
         <wf lemma="hogy" pos="X">hogy</wf>
         <wf lemma="lovagi" pos="X">lovagi</wf>
         <wf lemma="tornát" pos="X">tornát</wf>
         <wf lemma="rendeznek" pos="X">rendeznek</wf>
         <wf lemma="." pos="X">.</wf>
      </sentence>
      <sentence id="d000.s2572" source="wordnet-hungarian">
         <wf lemma="Ezt" pos="X">Ezt</wf>
         <wf lemma="a" pos="X">a</wf>
         <instance id="d000.s2572.t000" lemma="túró" pos="NOUN">túrót</instance>
         <wf lemma="hoztad" pos="X">hoztad</wf>
         <wf lemma="," pos="X">,</wf>
         <wf lemma="ezzel" pos="X">ezzel</wf>
         <wf lemma="nem" pos="X">nem</wf>
         <wf lemma="tudok" pos="X">tudok</wf>
         <wf lemma="mit" pos="X">mit</wf>
         <wf lemma="kezdeni" pos="X">kezdeni</wf>
         <wf lemma="annyira" pos="X">annyira</wf>
         <wf lemma="kevés" pos="X">kevés</wf>
         <wf lemma="." pos="X">.</wf>
      </sentence>
      <sentence id="d000.s2573" source="wordnet-hungarian">
         <wf lemma="Hosszú" pos="X">Hosszú</wf>
         <wf lemma="utánajárás" pos="X">utánajárás</wf>
         <wf lemma="végén" pos="X">végén</wf>
         <wf lemma="sikerült" pos="X">sikerült</wf>
         <wf lemma="végre" pos="X">végre</wf>
         <wf lemma="megtudnia" pos="X">megtudnia</wf>
         <wf lemma="az" pos="X">az</wf>
         <instance id="d000.s2573.t000" lemma="igazság" pos="NOUN">igazságot</instance>
         <wf lemma="." pos="X">.</wf>
      </sentence>
      <sentence id="d000.s2574" source="wordnet-hungarian">
         <wf lemma="A" pos="X">A</wf>
         <wf lemma="temetésen" pos="X">temetésen</wf>
         <wf lemma="a" pos="X">a</wf>
         <instance id="d000.s2574.t000" lemma="szertartásrend" pos="NOUN">szertartásrend</instance>
         <wf lemma="szabályaitől" pos="X">szabályaitől</wf>
         <wf lemma="nem" pos="X">nem</wf>
         <wf lemma="lehet" pos="X">lehet</wf>
         <wf lemma="eltérni" pos="X">eltérni</wf>
         <wf lemma="." pos="X">.</wf>
      </sentence>
      <sentence id="d000.s2575" source="wordnet-hungarian">
         <wf lemma="A" pos="X">A</wf>
         <wf lemma="te" pos="X">te</wf>
         <wf lemma="bicikliden" pos="X">bicikliden</wf>
         <wf lemma="hány" pos="X">hány</wf>
         <wf lemma="sebességes" pos="X">sebességes</wf>
         <wf lemma="a" pos="X">a</wf>
         <instance id="d000.s2575.t000" lemma="váltó" pos="NOUN">váltó</instance>
         <wf lemma="?" pos="X">?</wf>
      </sentence>
      <sentence id="d000.s2576" source="wordnet-hungarian">
         <wf lemma="Az" pos="X">Az</wf>
         <wf lemma="érettségi" pos="X">érettségi</wf>
         <instance id="d000.s2576.t000" lemma="vizsga" pos="NOUN">vizsgák</instance>
         <wf lemma="során" pos="X">során</wf>
         <wf lemma="már" pos="X">már</wf>
         <wf lemma="megint" pos="X">megint</wf>
         <wf lemma="voltak" pos="X">voltak</wf>
         <wf lemma="problémák" pos="X">problémák</wf>
         <wf lemma="." pos="X">.</wf>
      </sentence>
      <sentence id="d000.s2577" source="wordnet-hungarian">
         <wf lemma="A" pos="X">A</wf>
         <instance id="d000.s2577.t000" lemma="népirtás" pos="NOUN">népirtás</instance>
         <wf lemma="elől" pos="X">elől</wf>
         <wf lemma="milliók" pos="X">milliók</wf>
         <wf lemma="menekültek" pos="X">menekültek</wf>
         <wf lemma="el" pos="X">el</wf>
         <wf lemma="." pos="X">.</wf>
      </sentence>
      <sentence id="d000.s2578" source="wordnet-hungarian">
         <wf lemma="A" pos="X">A</wf>
         <instance id="d000.s2578.t000" lemma="terápia" pos="NOUN">terápiának</instance>
         <wf lemma="köszönhetően" pos="X">köszönhetően</wf>
         <wf lemma="izületi" pos="X">izületi</wf>
         <wf lemma="fájdalmai" pos="X">fájdalmai</wf>
         <wf lemma="teljesen" pos="X">teljesen</wf>
         <wf lemma="megszűntek" pos="X">megszűntek</wf>
         <wf lemma="." pos="X">.</wf>
      </sentence>
      <sentence id="d000.s2579" source="wordnet-hungarian">
         <wf lemma="A" pos="X">A</wf>
         <wf lemma="lehető" pos="X">lehető</wf>
         <wf lemma="legkedvesebb" pos="X">legkedvesebb</wf>
         <instance id="d000.s2579.t000" lemma="oldal" pos="NOUN">oldalát</instance>
         <wf lemma="mutatta" pos="X">mutatta</wf>
         <wf lemma="a" pos="X">a</wf>
         <wf lemma="meghallgatáson" pos="X">meghallgatáson</wf>
         <wf lemma="." pos="X">.</wf>
      </sentence>
      <sentence id="d000.s2580" source="wordnet-hungarian">
         <wf lemma="Imre" pos="X">Imre</wf>
         <instance id="d000.s2580.t000" lemma="elad" pos="VERB">eladta</instance>
         <wf lemma="a" pos="X">a</wf>
         <wf lemma="barátját" pos="X">barátját</wf>
         <wf lemma="5" pos="X">5</wf>
         <wf lemma="rekesz" pos="X">rekesz</wf>
         <wf lemma="sörért" pos="X">sörért</wf>
         <wf lemma="." pos="X">.</wf>
      </sentence>
      <sentence id="d000.s2581" source="wordnet-hungarian">
         <wf lemma="Az" pos="X">Az</wf>
         <instance id="d000.s2581.t000" lemma="álcázás" pos="NOUN">álcázás</instance>
         <wf lemma="jól" pos="X">jól</wf>
         <wf lemma="elrejtette" pos="X">elrejtette</wf>
         <wf lemma="a" pos="X">a</wf>
         <wf lemma="harckocsit" pos="X">harckocsit</wf>
         <wf lemma="." pos="X">.</wf>
      </sentence>
      <sentence id="d000.s2582" source="wordnet-hungarian">
         <wf lemma="Az" pos="X">Az</wf>
         <instance id="d000.s2582.t000" lemma="ég" pos="NOUN">égen</instance>
         <wf lemma="feltűnt" pos="X">feltűnt</wf>
         <wf lemma="a" pos="X">a</wf>
         <wf lemma="hajnalcsillag" pos="X">hajnalcsillag</wf>
         <wf lemma="." pos="X">.</wf>
      </sentence>
      <sentence id="d000.s2583" source="wordnet-hungarian">
         <wf lemma="Olyan" pos="X">Olyan</wf>
         <wf lemma="gyorsan" pos="X">gyorsan</wf>
         <wf lemma="váltakoztak" pos="X">váltakoztak</wf>
         <wf lemma="a" pos="X">a</wf>
         <instance id="d000.s2583.t000" lemma="felirat" pos="NOUN">feliratok</instance>
         <wf lemma="," pos="X">,</wf>
         <wf lemma="hogy" pos="X">hogy</wf>
         <wf lemma="csak" pos="X">csak</wf>
         <wf lemma="nehezen" pos="X">nehezen</wf>
         <wf lemma="tudtam" pos="X">tudtam</wf>
         <wf lemma="követni" pos="X">követni</wf>
         <wf lemma="őket" pos="X">őket</wf>
         <wf lemma="." pos="X">.</wf>
      </sentence>
      <sentence id="d000.s2584" source="wordnet-hungarian">
         <wf lemma="Árnyék" pos="X">Árnyék</wf>
         <wf lemma="és" pos="X">és</wf>
         <wf lemma="víz" pos="X">víz</wf>
         <wf lemma="nélkül" pos="X">nélkül</wf>
         <wf lemma="ezt" pos="X">ezt</wf>
         <wf lemma="a" pos="X">a</wf>
         <instance id="d000.s2584.t000" lemma="melegség" pos="NOUN">melegséget</instance>
         <wf lemma="nem" pos="X">nem</wf>
         <wf lemma="tudom" pos="X">tudom</wf>
         <wf lemma="elviselni" pos="X">elviselni</wf>
         <wf lemma="." pos="X">.</wf>
      </sentence>
      <sentence id="d000.s2585" source="wordnet-hungarian">
         <wf lemma="Az" pos="X">Az</wf>
         <wf lemma="egyéb" pos="X">egyéb</wf>
         <wf lemma="munkakör" pos="X">munkakör</wf>
         <wf lemma="megadására" pos="X">megadására</wf>
         <wf lemma="maximum" pos="X">maximum</wf>
         <wf lemma="255" pos="X">255</wf>
         <wf lemma="karakter" pos="X">karakter</wf>
         <wf lemma="hosszú" pos="X">hosszú</wf>
         <instance id="d000.s2585.t000" lemma="mező" pos="NOUN">mező</instance>
         <wf lemma="áll" pos="X">áll</wf>
         <wf lemma="rendelkezésre" pos="X">rendelkezésre</wf>
         <wf lemma="." pos="X">.</wf>
      </sentence>
      <sentence id="d000.s2586" source="wordnet-hungarian">
         <wf lemma="Ebben" pos="X">Ebben</wf>
         <wf lemma="a" pos="X">a</wf>
         <wf lemma="témában" pos="X">témában</wf>
         <wf lemma="nem" pos="X">nem</wf>
         <wf lemma="vagyok" pos="X">vagyok</wf>
         <wf lemma="olyan" pos="X">olyan</wf>
         <wf lemma="jártas" pos="X">jártas</wf>
         <wf lemma="," pos="X">,</wf>
         <wf lemma="hogy" pos="X">hogy</wf>
         <instance id="d000.s2586.t000" lemma="segédkönyv" pos="NOUN">segédkönyv</instance>
         <wf lemma="nélkül" pos="X">nélkül</wf>
         <wf lemma="boldoguljak" pos="X">boldoguljak</wf>
         <wf lemma="." pos="X">.</wf>
      </sentence>
      <sentence id="d000.s2587" source="wordnet-hungarian">
         <wf lemma="A" pos="X">A</wf>
         <wf lemma="szilárd" pos="X">szilárd</wf>
         <instance id="d000.s2587.t000" lemma="földkéreg" pos="NOUN">földkéreg</instance>
         <wf lemma="alatt" pos="X">alatt</wf>
         <wf lemma="a" pos="X">a</wf>
         <wf lemma="Föld" pos="X">Föld</wf>
         <wf lemma="képlékeny" pos="X">képlékeny</wf>
         <wf lemma="anyaga" pos="X">anyaga</wf>
         <wf lemma="állandó" pos="X">állandó</wf>
         <wf lemma="," pos="X">,</wf>
         <wf lemma="lassú" pos="X">lassú</wf>
         <wf lemma="áramlásban" pos="X">áramlásban</wf>
         <wf lemma="van" pos="X">van</wf>
         <wf lemma="." pos="X">.</wf>
      </sentence>
      <sentence id="d000.s2588" source="wordnet-hungarian">
         <wf lemma="A" pos="X">A</wf>
         <instance id="d000.s2588.t000" lemma="búgócsiga" pos="NOUN">búgócsiga</instance>
         <wf lemma="lassan" pos="X">lassan</wf>
         <wf lemma="abbahagyta" pos="X">abbahagyta</wf>
         <wf lemma="a" pos="X">a</wf>
         <wf lemma="pörgést" pos="X">pörgést</wf>
         <wf lemma="és" pos="X">és</wf>
         <wf lemma="eldőlt" pos="X">eldőlt</wf>
         <wf lemma="." pos="X">.</wf>
      </sentence>
      <sentence id="d000.s2589" source="wordnet-hungarian">
         <wf lemma="Az" pos="X">Az</wf>
         <wf lemma="irányelv" pos="X">irányelv</wf>
         <wf lemma="az" pos="X">az</wf>
         <wf lemma="európai" pos="X">európai</wf>
         <wf lemma="jogalkotás" pos="X">jogalkotás</wf>
         <wf lemma="része" pos="X">része</wf>
         <wf lemma="," pos="X">,</wf>
         <wf lemma="melynek" pos="X">melynek</wf>
         <wf lemma="a" pos="X">a</wf>
         <wf lemma="tagállamok" pos="X">tagállamok</wf>
         <wf lemma="a" pos="X">a</wf>
         <instance id="d000.s2589.t000" lemma="címzett" pos="NOUN">címzettjei</instance>
         <wf lemma="." pos="X">.</wf>
      </sentence>
      <sentence id="d000.s2590" source="wordnet-hungarian">
         <wf lemma="A" pos="X">A</wf>
         <wf lemma="rendőrök" pos="X">rendőrök</wf>
         <wf lemma="lefülelték" pos="X">lefülelték</wf>
         <wf lemma="a" pos="X">a</wf>
         <instance id="d000.s2590.t000" lemma="szállító" pos="NOUN">szállítókat</instance>
         <wf lemma="." pos="X">.</wf>
      </sentence>
      <sentence id="d000.s2591" source="wordnet-hungarian">
         <wf lemma="A" pos="X">A</wf>
         <instance id="d000.s2591.t000" lemma="postás" pos="NOUN">postás</instance>
         <wf lemma="minden" pos="X">minden</wf>
         <wf lemma="délután" pos="X">délután</wf>
         <wf lemma="egy" pos="X">egy</wf>
         <wf lemma="óra" pos="X">óra</wf>
         <wf lemma="tájban" pos="X">tájban</wf>
         <wf lemma="hozza" pos="X">hozza</wf>
         <wf lemma="ki" pos="X">ki</wf>
         <wf lemma="a" pos="X">a</wf>
         <wf lemma="leveleket" pos="X">leveleket</wf>
         <wf lemma="." pos="X">.</wf>
      </sentence>
      <sentence id="d000.s2592" source="wordnet-hungarian">
         <wf lemma="A" pos="X">A</wf>
         <wf lemma="betegek" pos="X">betegek</wf>
         <instance id="d000.s2592.t000" lemma="szentség" pos="NOUN">szentségét</instance>
         <wf lemma="nem" pos="X">nem</wf>
         <wf lemma="csak" pos="X">csak</wf>
         <wf lemma="betegeknek" pos="X">betegeknek</wf>
         <wf lemma="szolgáltatják" pos="X">szolgáltatják</wf>
         <wf lemma="ki" pos="X">ki</wf>
         <wf lemma="." pos="X">.</wf>
      </sentence>
      <sentence id="d000.s2593" source="wordnet-hungarian">
         <wf lemma="A" pos="X">A</wf>
         <instance id="d000.s2593.t000" lemma="kankalinfélék" pos="NOUN">kankalinfélék</instance>
         <wf lemma="többnyire" pos="X">többnyire</wf>
         <wf lemma="igen" pos="X">igen</wf>
         <wf lemma="látványos" pos="X">látványos</wf>
         <wf lemma="fajokat" pos="X">fajokat</wf>
         <wf lemma="magába" pos="X">magába</wf>
         <wf lemma="foglaló" pos="X">foglaló</wf>
         <wf lemma="családjának" pos="X">családjának</wf>
         <wf lemma="egyik" pos="X">egyik</wf>
         <wf lemma="szerényebb" pos="X">szerényebb</wf>
         <wf lemma="megjelenésű" pos="X">megjelenésű</wf>
         <wf lemma="képviselője" pos="X">képviselője</wf>
         <wf lemma="a" pos="X">a</wf>
         <wf lemma="nagy" pos="X">nagy</wf>
         <wf lemma="gombafű" pos="X">gombafű</wf>
         <wf lemma="." pos="X">.</wf>
      </sentence>
      <sentence id="d000.s2594" source="wordnet-hungarian">
         <wf lemma="Bebizonyosodott" pos="X">Bebizonyosodott</wf>
         <wf lemma="a" pos="X">a</wf>
         <wf lemma="vádlott" pos="X">vádlott</wf>
         <instance id="d000.s2594.t000" lemma="ártatlanság" pos="NOUN">ártatlansága</instance>
         <wf lemma="." pos="X">.</wf>
      </sentence>
      <sentence id="d000.s2595" source="wordnet-hungarian">
         <wf lemma="Sürgősen" pos="X">Sürgősen</wf>
         <instance id="d000.s2595.t000" lemma="tesz" pos="VERB">tennünk</instance>
         <wf lemma="kell" pos="X">kell</wf>
         <wf lemma="valamit" pos="X">valamit</wf>
         <wf lemma="." pos="X">.</wf>
      </sentence>
      <sentence id="d000.s2596" source="wordnet-hungarian">
         <wf lemma="Az" pos="X">Az</wf>
         <instance id="d000.s2596.t000" lemma="álmatlanság" pos="NOUN">álmatlanság</instance>
         <wf lemma="ma" pos="X">ma</wf>
         <wf lemma="már" pos="X">már</wf>
         <wf lemma="népbetegség" pos="X">népbetegség</wf>
         <wf lemma="." pos="X">.</wf>
      </sentence>
      <sentence id="d000.s2597" source="wordnet-hungarian">
         <wf lemma="A" pos="X">A</wf>
         <wf lemma="Csendes-óceán" pos="X">Csendes-óceán</wf>
         <wf lemma="a" pos="X">a</wf>
         <wf lemma="Föld" pos="X">Föld</wf>
         <wf lemma="legnagyobb" pos="X">legnagyobb</wf>
         <instance id="d000.s2597.t000" lemma="óceán" pos="NOUN">óceánja</instance>
         <wf lemma="." pos="X">.</wf>
      </sentence>
      <sentence id="d000.s2598" source="wordnet-hungarian">
         <wf lemma="A" pos="X">A</wf>
         <instance id="d000.s2598.t000" lemma="csípőbél" pos="NOUN">csípőbélben</instance>
         <wf lemma="vannak" pos="X">vannak</wf>
         <wf lemma="a" pos="X">a</wf>
         <wf lemma="nyiroktüszőkből" pos="X">nyiroktüszőkből</wf>
         <wf lemma="álló" pos="X">álló</wf>
         <wf lemma="Peyer-plakkok" pos="X">Peyer-plakkok</wf>
         <wf lemma="." pos="X">.</wf>
      </sentence>
      <sentence id="d000.s2599" source="wordnet-hungarian">
         <wf lemma="A" pos="X">A</wf>
         <wf lemma="termés" pos="X">termés</wf>
         <wf lemma="idén" pos="X">idén</wf>
         <wf lemma="meghaladta" pos="X">meghaladta</wf>
         <wf lemma="a" pos="X">a</wf>
         <wf lemma="száz" pos="X">száz</wf>
         <instance id="d000.s2599.t000" lemma="mázsa" pos="NOUN">mázsát</instance>
         <wf lemma="." pos="X">.</wf>
      </sentence>
      <sentence id="d000.s2600" source="wordnet-hungarian">
         <wf lemma="Az" pos="X">Az</wf>
         <wf lemma="elmélettel" pos="X">elmélettel</wf>
         <wf lemma="néha" pos="X">néha</wf>
         <wf lemma="szembenáll" pos="X">szembenáll</wf>
         <wf lemma="a" pos="X">a</wf>
         <instance id="d000.s2600.t000" lemma="gyakorlat" pos="NOUN">gyakorlat</instance>
         <wf lemma="." pos="X">.</wf>
      </sentence>
      <sentence id="d000.s2601" source="wordnet-hungarian">
         <wf lemma="Savanyú" pos="X">Savanyú</wf>
         <wf lemma="talajba" pos="X">talajba</wf>
         <wf lemma="kell" pos="X">kell</wf>
         <wf lemma="ültetni" pos="X">ültetni</wf>
         <wf lemma="a" pos="X">a</wf>
         <wf lemma="japán" pos="X">japán</wf>
         <instance id="d000.s2601.t000" lemma="juharfa" pos="NOUN">juharfákat</instance>
         <wf lemma="." pos="X">.</wf>
      </sentence>
      <sentence id="d000.s2602" source="wordnet-hungarian">
         <wf lemma="Minden" pos="X">Minden</wf>
         <instance id="d000.s2602.t000" lemma="tengerész" pos="NOUN">tengerésznek</instance>
         <wf lemma="rendelkeznie" pos="X">rendelkeznie</wf>
         <wf lemma="kell" pos="X">kell</wf>
         <wf lemma="fizikai" pos="X">fizikai</wf>
         <wf lemma="alkalmassági" pos="X">alkalmassági</wf>
         <wf lemma="igazolással" pos="X">igazolással</wf>
         <wf lemma="." pos="X">.</wf>
      </sentence>
      <sentence id="d000.s2603" source="wordnet-hungarian">
         <wf lemma="Az" pos="X">Az</wf>
         <wf lemma="oroszlán" pos="X">oroszlán</wf>
         <wf lemma="gyakran" pos="X">gyakran</wf>
         <instance id="d000.s2603.t000" lemma="űz" pos="VERB">űz</instance>
         <wf lemma="zebrát" pos="X">zebrát</wf>
         <wf lemma="." pos="X">.</wf>
      </sentence>
      <sentence id="d000.s2604" source="wordnet-hungarian">
         <wf lemma="Az" pos="X">Az</wf>
         <wf lemma="esküvőn" pos="X">esküvőn</wf>
         <wf lemma="soha" pos="X">soha</wf>
         <wf lemma="nem" pos="X">nem</wf>
         <wf lemma="látott" pos="X">látott</wf>
         <instance id="d000.s2604.t000" lemma="rokon" pos="NOUN">rokonok</instance>
         <wf lemma="bukkantak" pos="X">bukkantak</wf>
         <wf lemma="fel" pos="X">fel</wf>
         <wf lemma="." pos="X">.</wf>
      </sentence>
      <sentence id="d000.s2605" source="wordnet-hungarian">
         <wf lemma="Az" pos="X">Az</wf>
         <wf lemma="úszó" pos="X">úszó</wf>
         <wf lemma="a" pos="X">a</wf>
         <wf lemma="huszonöt" pos="X">huszonöt</wf>
         <wf lemma="métert" pos="X">métert</wf>
         <wf lemma="tíz" pos="X">tíz</wf>
         <instance id="d000.s2605.t000" lemma="tempó" pos="NOUN">tempóval</instance>
         <wf lemma="tette" pos="X">tette</wf>
         <wf lemma="meg" pos="X">meg</wf>
         <wf lemma="." pos="X">.</wf>
      </sentence>
      <sentence id="d000.s2606" source="wordnet-hungarian">
         <wf lemma="Európai" pos="X">Európai</wf>
         <wf lemma="iszlám" pos="X">iszlám</wf>
         <instance id="d000.s2606.t000" lemma="szélsőséges" pos="NOUN">szélsőségeseket</instance>
         <wf lemma="képeztek" pos="X">képeztek</wf>
         <wf lemma="ki" pos="X">ki</wf>
         <wf lemma="Indonéziában" pos="X">Indonéziában</wf>
         <wf lemma="." pos="X">.</wf>
      </sentence>
      <sentence id="d000.s2607" source="wordnet-hungarian">
         <wf lemma="Az" pos="X">Az</wf>
         <wf lemma="ügyészség" pos="X">ügyészség</wf>
         <wf lemma="egyre" pos="X">egyre</wf>
         <wf lemma="kevésbé" pos="X">kevésbé</wf>
         <wf lemma="felel" pos="X">felel</wf>
         <wf lemma="meg" pos="X">meg</wf>
         <wf lemma="a" pos="X">a</wf>
         <instance id="d000.s2607.t000" lemma="pártatlanság" pos="NOUN">pártatlanság</instance>
         <wf lemma="követelményeinek" pos="X">követelményeinek</wf>
         <wf lemma="." pos="X">.</wf>
      </sentence>
      <sentence id="d000.s2608" source="wordnet-hungarian">
         <wf lemma="Miért" pos="X">Miért</wf>
         <wf lemma="sikeresebb" pos="X">sikeresebb</wf>
         <wf lemma="néhány" pos="X">néhány</wf>
         <wf lemma="tanár" pos="X">tanár</wf>
         <wf lemma="az" pos="X">az</wf>
         <instance id="d000.s2608.t000" lemma="osztály" pos="NOUN">osztály</instance>
         <wf lemma="fegyelmezésében" pos="X">fegyelmezésében</wf>
         <wf lemma="mint" pos="X">mint</wf>
         <wf lemma="mások" pos="X">mások</wf>
         <wf lemma="?" pos="X">?</wf>
      </sentence>
      <sentence id="d000.s2609" source="wordnet-hungarian">
         <wf lemma="A" pos="X">A</wf>
         <instance id="d000.s2609.t000" lemma="hajó" pos="NOUN">hajó</instance>
         <wf lemma="délután" pos="X">délután</wf>
         <wf lemma="indul" pos="X">indul</wf>
         <wf lemma="a" pos="X">a</wf>
         <wf lemma="nyugati" pos="X">nyugati</wf>
         <wf lemma="kikötőből" pos="X">kikötőből</wf>
         <wf lemma="." pos="X">.</wf>
      </sentence>
      <sentence id="d000.s2610" source="wordnet-hungarian">
         <wf lemma="A" pos="X">A</wf>
         <wf lemma="részecskék" pos="X">részecskék</wf>
         <instance id="d000.s2610.t000" lemma="viselkedés" pos="NOUN">viselkedése</instance>
         <wf lemma="egyezett" pos="X">egyezett</wf>
         <wf lemma="előzetes" pos="X">előzetes</wf>
         <wf lemma="elképzeléseivel" pos="X">elképzeléseivel</wf>
         <wf lemma="." pos="X">.</wf>
      </sentence>
      <sentence id="d000.s2611" source="wordnet-hungarian">
         <wf lemma="A" pos="X">A</wf>
         <wf lemma="hazugságaival" pos="X">hazugságaival</wf>
         <wf lemma="saját" pos="X">saját</wf>
         <wf lemma="magát" pos="X">magát</wf>
         <wf lemma="szorította" pos="X">szorította</wf>
         <instance id="d000.s2611.t000" lemma="sarok" pos="NOUN">sarokba</instance>
         <wf lemma="." pos="X">.</wf>
      </sentence>
      <sentence id="d000.s2612" source="wordnet-hungarian">
         <wf lemma="A" pos="X">A</wf>
         <wf lemma="mai" pos="X">mai</wf>
         <wf lemma="napon" pos="X">napon</wf>
         <wf lemma="már" pos="X">már</wf>
         <wf lemma="az" pos="X">az</wf>
         <instance id="d000.s2612.t000" lemma="ács" pos="NOUN">ácsok</instance>
         <wf lemma="dolgoznak" pos="X">dolgoznak</wf>
         <wf lemma="és" pos="X">és</wf>
         <wf lemma="készítik" pos="X">készítik</wf>
         <wf lemma="a" pos="X">a</wf>
         <wf lemma="tetőszerkezetet" pos="X">tetőszerkezetet</wf>
         <wf lemma="." pos="X">.</wf>
      </sentence>
      <sentence id="d000.s2613" source="wordnet-hungarian">
         <wf lemma="A" pos="X">A</wf>
         <wf lemma="játék" pos="X">játék</wf>
         <instance id="d000.s2613.t000" lemma="szétesik" pos="VERB">szétesett</instance>
         <wf lemma="rögtön" pos="X">rögtön</wf>
         <wf lemma="azután" pos="X">azután</wf>
         <wf lemma="," pos="X">,</wf>
         <wf lemma="hogy" pos="X">hogy</wf>
         <wf lemma="megvettük" pos="X">megvettük</wf>
         <wf lemma="." pos="X">.</wf>
      </sentence>
      <sentence id="d000.s2614" source="wordnet-hungarian">
         <wf lemma="A" pos="X">A</wf>
         <wf lemma="csavar" pos="X">csavar</wf>
         <wf lemma="keményített" pos="X">keményített</wf>
         <wf lemma="," pos="X">,</wf>
         <wf lemma="edzett" pos="X">edzett</wf>
         <instance id="d000.s2614.t000" lemma="szénacél" pos="NOUN">szénacélból</instance>
         <wf lemma="készült" pos="X">készült</wf>
         <wf lemma="." pos="X">.</wf>
      </sentence>
      <sentence id="d000.s2615" source="wordnet-hungarian">
         <wf lemma="Suharto" pos="X">Suharto</wf>
         <wf lemma="indonéz" pos="X">indonéz</wf>
         <wf lemma="elnök" pos="X">elnök</wf>
         <wf lemma="bukása" pos="X">bukása</wf>
         <wf lemma="után" pos="X">után</wf>
         <wf lemma="," pos="X">,</wf>
         <wf lemma="1999-ben" pos="X">1999-ben</wf>
         <wf lemma="megtartott" pos="X">megtartott</wf>
         <wf lemma="népszavazáson" pos="X">népszavazáson</wf>
         <wf lemma="a" pos="X">a</wf>
         <instance id="d000.s2615.t000" lemma="timori" pos="NOUN">timoriak</instance>
         <wf lemma="többsége" pos="X">többsége</wf>
         <wf lemma="a" pos="X">a</wf>
         <wf lemma="függetlenségre" pos="X">függetlenségre</wf>
         <wf lemma="szavazott" pos="X">szavazott</wf>
         <wf lemma="." pos="X">.</wf>
      </sentence>
      <sentence id="d000.s2616" source="wordnet-hungarian">
         <wf lemma="Új" pos="X">Új</wf>
         <instance id="d000.s2616.t000" lemma="ajánlat" pos="NOUN">ajánlatokkal</instance>
         <wf lemma="szolgálunk" pos="X">szolgálunk</wf>
         <wf lemma="kedves" pos="X">kedves</wf>
         <wf lemma="ügyfeleinknek" pos="X">ügyfeleinknek</wf>
         <wf lemma="." pos="X">.</wf>
      </sentence>
      <sentence id="d000.s2617" source="wordnet-hungarian">
         <wf lemma="A" pos="X">A</wf>
         <instance id="d000.s2617.t000" lemma="szomorúfűz" pos="NOUN">szomorúfűz</instance>
         <wf lemma="vízparton" pos="X">vízparton</wf>
         <wf lemma="érzi" pos="X">érzi</wf>
         <wf lemma="magát" pos="X">magát</wf>
         <wf lemma="legjobban" pos="X">legjobban</wf>
         <wf lemma="." pos="X">.</wf>
      </sentence>
      <sentence id="d000.s2618" source="wordnet-hungarian">
         <wf lemma="Az" pos="X">Az</wf>
         <wf lemma="orchideák" pos="X">orchideák</wf>
         <wf lemma="rendje" pos="X">rendje</wf>
         <wf lemma="az" pos="X">az</wf>
         <instance id="d000.s2618.t000" lemma="egyszikű" pos="NOUN">egyszikűek</instance>
         <wf lemma="osztályába" pos="X">osztályába</wf>
         <wf lemma="tartozik" pos="X">tartozik</wf>
         <wf lemma="." pos="X">.</wf>
      </sentence>
      <sentence id="d000.s2619" source="wordnet-hungarian">
         <wf lemma="A" pos="X">A</wf>
         <wf lemma="miattad" pos="X">miattad</wf>
         <wf lemma="ért" pos="X">ért</wf>
         <instance id="d000.s2619.t000" lemma="gyalázat" pos="NOUN">gyalázat</instance>
         <wf lemma="örökké" pos="X">örökké</wf>
         <wf lemma="folt" pos="X">folt</wf>
         <wf lemma="marad" pos="X">marad</wf>
         <wf lemma="a" pos="X">a</wf>
         <wf lemma="család" pos="X">család</wf>
         <wf lemma="becsületén" pos="X">becsületén</wf>
         <wf lemma="." pos="X">.</wf>
      </sentence>
      <sentence id="d000.s2620" source="wordnet-hungarian">
         <wf lemma="A" pos="X">A</wf>
         <wf lemma="fiúk" pos="X">fiúk</wf>
         <wf lemma="tegnap" pos="X">tegnap</wf>
         <wf lemma="éjszakai" pos="X">éjszakai</wf>
         <instance id="d000.s2620.t000" lemma="szökés" pos="NOUN">szökése</instance>
         <wf lemma="váratlanul" pos="X">váratlanul</wf>
         <wf lemma="érte" pos="X">érte</wf>
         <wf lemma="a" pos="X">a</wf>
         <wf lemma="kollégium" pos="X">kollégium</wf>
         <wf lemma="igazgatóját" pos="X">igazgatóját</wf>
         <wf lemma="." pos="X">.</wf>
      </sentence>
      <sentence id="d000.s2621" source="wordnet-hungarian">
         <wf lemma="A" pos="X">A</wf>
         <wf lemma="vesében" pos="X">vesében</wf>
         <wf lemma="képződő" pos="X">képződő</wf>
         <instance id="d000.s2621.t000" lemma="kő" pos="NOUN">kő</instance>
         <wf lemma="néha" pos="X">néha</wf>
         <wf lemma="nagyon" pos="X">nagyon</wf>
         <wf lemma="fájdalmas" pos="X">fájdalmas</wf>
         <wf lemma="." pos="X">.</wf>
      </sentence>
      <sentence id="d000.s2622" source="wordnet-hungarian">
         <wf lemma="A" pos="X">A</wf>
         <wf lemma="fogyasztók" pos="X">fogyasztók</wf>
         <instance id="d000.s2622.t000" lemma="megtévesztés" pos="NOUN">megtévesztése</instance>
         <wf lemma="miatt" pos="X">miatt</wf>
         <wf lemma="bűnhődik" pos="X">bűnhődik</wf>
         <wf lemma="a" pos="X">a</wf>
         <wf lemma="Vodafone" pos="X">Vodafone</wf>
         <wf lemma="." pos="X">.</wf>
      </sentence>
      <sentence id="d000.s2623" source="wordnet-hungarian">
         <wf lemma="Egész" pos="X">Egész</wf>
         <wf lemma="testét" pos="X">testét</wf>
         <wf lemma="rázta" pos="X">rázta</wf>
         <wf lemma="a" pos="X">a</wf>
         <instance id="d000.s2623.t000" lemma="köhögés" pos="NOUN">köhögés</instance>
         <wf lemma="." pos="X">.</wf>
      </sentence>
      <sentence id="d000.s2624" source="wordnet-hungarian">
         <wf lemma="Ez" pos="X">Ez</wf>
         <wf lemma="a" pos="X">a</wf>
         <wf lemma="technika" pos="X">technika</wf>
         <wf lemma="megtakarítja" pos="X">megtakarítja</wf>
         <wf lemma="a" pos="X">a</wf>
         <wf lemma="foncsoros" pos="X">foncsoros</wf>
         <wf lemma="tükörreflektorok" pos="X">tükörreflektorok</wf>
         <wf lemma="használatát" pos="X">használatát</wf>
         <wf lemma="," pos="X">,</wf>
         <wf lemma="mert" pos="X">mert</wf>
         <wf lemma="a" pos="X">a</wf>
         <instance id="d000.s2624.t000" lemma="félvezető" pos="NOUN">félvezető</instance>
         <wf lemma="egy" pos="X">egy</wf>
         <wf lemma="vetítőfelületbe" pos="X">vetítőfelületbe</wf>
         <wf lemma="van" pos="X">van</wf>
         <wf lemma="integrálva" pos="X">integrálva</wf>
         <wf lemma="." pos="X">.</wf>
      </sentence>
      <sentence id="d000.s2625" source="wordnet-hungarian">
         <wf lemma="Az" pos="X">Az</wf>
         <wf lemma="évek" pos="X">évek</wf>
         <wf lemma="során" pos="X">során</wf>
         <wf lemma="csak" pos="X">csak</wf>
         <wf lemma="nőttek" pos="X">nőttek</wf>
         <wf lemma="az" pos="X">az</wf>
         <instance id="d000.s2625.t000" lemma="adósság" pos="NOUN">adósságai</instance>
         <wf lemma="." pos="X">.</wf>
      </sentence>
      <sentence id="d000.s2626" source="wordnet-hungarian">
         <wf lemma="851-ben" pos="X">851-ben</wf>
         <wf lemma="a" pos="X">a</wf>
         <instance id="d000.s2626.t000" lemma="viking" pos="NOUN">vikingek</instance>
         <wf lemma="nagy" pos="X">nagy</wf>
         <wf lemma="sereggel" pos="X">sereggel</wf>
         <wf lemma="indultak" pos="X">indultak</wf>
         <wf lemma="Anglia" pos="X">Anglia</wf>
         <wf lemma="ellen" pos="X">ellen</wf>
         <wf lemma="." pos="X">.</wf>
      </sentence>
      <sentence id="d000.s2627" source="wordnet-hungarian">
         <wf lemma="Hogyan" pos="X">Hogyan</wf>
         <wf lemma="akarsz" pos="X">akarsz</wf>
         <wf lemma="legyőzni" pos="X">legyőzni</wf>
         <wf lemma="puszta" pos="X">puszta</wf>
         <wf lemma="kézzel" pos="X">kézzel</wf>
         <wf lemma="egy" pos="X">egy</wf>
         <wf lemma="ekkora" pos="X">ekkora</wf>
         <instance id="d000.s2627.t000" lemma="bivaly" pos="NOUN">bivalyt</instance>
         <wf lemma="?" pos="X">?</wf>
      </sentence>
      <sentence id="d000.s2628" source="wordnet-hungarian">
         <wf lemma="Ha" pos="X">Ha</wf>
         <wf lemma="valaki" pos="X">valaki</wf>
         <wf lemma="kapitány" pos="X">kapitány</wf>
         <wf lemma="akar" pos="X">akar</wf>
         <wf lemma="lenni" pos="X">lenni</wf>
         <wf lemma="," pos="X">,</wf>
         <wf lemma="nem" pos="X">nem</wf>
         <wf lemma="valami" pos="X">valami</wf>
         <wf lemma="okos" pos="X">okos</wf>
         <wf lemma="dolog" pos="X">dolog</wf>
         <wf lemma="bosszantani" pos="X">bosszantani</wf>
         <wf lemma="a" pos="X">a</wf>
         <instance id="d000.s2628.t000" lemma="hajótulajdonos" pos="NOUN">hajótulajdonost</instance>
         <wf lemma="." pos="X">.</wf>
      </sentence>
      <sentence id="d000.s2629" source="wordnet-hungarian">
         <wf lemma="Egy" pos="X">Egy</wf>
         <wf lemma="kis" pos="X">kis</wf>
         <instance id="d000.s2629.t000" lemma="torokfájás" pos="NOUN">torokfájásnak</instance>
         <wf lemma="indult" pos="X">indult</wf>
         <wf lemma="," pos="X">,</wf>
         <wf lemma="aztán" pos="X">aztán</wf>
         <wf lemma="három" pos="X">három</wf>
         <wf lemma="hét" pos="X">hét</wf>
         <wf lemma="kórház" pos="X">kórház</wf>
         <wf lemma="lett" pos="X">lett</wf>
         <wf lemma="belőle" pos="X">belőle</wf>
         <wf lemma="." pos="X">.</wf>
      </sentence>
      <sentence id="d000.s2630" source="wordnet-hungarian">
         <wf lemma="Az" pos="X">Az</wf>
         <instance id="d000.s2630.t000" lemma="ostrom" pos="NOUN">ostrom</instance>
         <wf lemma="három" pos="X">három</wf>
         <wf lemma="hétig" pos="X">hétig</wf>
         <wf lemma="tartott" pos="X">tartott</wf>
         <wf lemma="," pos="X">,</wf>
         <wf lemma="aztán" pos="X">aztán</wf>
         <wf lemma="a" pos="X">a</wf>
         <wf lemma="vár" pos="X">vár</wf>
         <wf lemma="megadta" pos="X">megadta</wf>
         <wf lemma="magát" pos="X">magát</wf>
         <wf lemma="." pos="X">.</wf>
      </sentence>
      <sentence id="d000.s2631" source="wordnet-hungarian">
         <wf lemma="A" pos="X">A</wf>
         <instance id="d000.s2631.t000" lemma="bolgár" pos="NOUN">bolgárok</instance>
         <wf lemma="a" pos="X">a</wf>
         <wf lemma="4." pos="X">4.</wf>
         <wf lemma="század" pos="X">század</wf>
         <wf lemma="utolsó" pos="X">utolsó</wf>
         <wf lemma="negyedétől" pos="X">negyedétől</wf>
         <wf lemma="tűntek" pos="X">tűntek</wf>
         <wf lemma="föl" pos="X">föl</wf>
         <wf lemma="a" pos="X">a</wf>
         <wf lemma="Don" pos="X">Don</wf>
         <wf lemma="és" pos="X">és</wf>
         <wf lemma="Kubány" pos="X">Kubány</wf>
         <wf lemma="közötti" pos="X">közötti</wf>
         <wf lemma="sztyeppén" pos="X">sztyeppén</wf>
         <wf lemma="." pos="X">.</wf>
      </sentence>
      <sentence id="d000.s2632" source="wordnet-hungarian">
         <wf lemma="Nagy" pos="X">Nagy</wf>
         <wf lemma="mennyiségű" pos="X">mennyiségű</wf>
         <wf lemma="vas-" pos="X">vas-</wf>
         <wf lemma="és" pos="X">és</wf>
         <wf lemma="fémáru" pos="X">fémáru</wf>
         <instance id="d000.s2632.t000" lemma="készlet" pos="NOUN">készletet</instance>
         <wf lemma="tartottak" pos="X">tartottak</wf>
         <wf lemma="raktáron" pos="X">raktáron</wf>
         <wf lemma="." pos="X">.</wf>
      </sentence>
      <sentence id="d000.s2633" source="wordnet-hungarian">
         <wf lemma="A" pos="X">A</wf>
         <wf lemma="kiállítás" pos="X">kiállítás</wf>
         <wf lemma="különleges" pos="X">különleges</wf>
         <wf lemma="darabja" pos="X">darabja</wf>
         <wf lemma="az" pos="X">az</wf>
         <wf lemma="alapkő" pos="X">alapkő</wf>
         <wf lemma="letételénél" pos="X">letételénél</wf>
         <wf lemma="használt" pos="X">használt</wf>
         <wf lemma="ezüst" pos="X">ezüst</wf>
         <instance id="d000.s2633.t000" lemma="vakolókanál" pos="NOUN">vakolókanál</instance>
         <wf lemma="." pos="X">.</wf>
      </sentence>
      <sentence id="d000.s2634" source="wordnet-hungarian">
         <wf lemma="Miután" pos="X">Miután</wf>
         <wf lemma="jól" pos="X">jól</wf>
         <wf lemma="meggazdagodott" pos="X">meggazdagodott</wf>
         <wf lemma="," pos="X">,</wf>
         <wf lemma="csatlakozott" pos="X">csatlakozott</wf>
         <wf lemma="a" pos="X">a</wf>
         <wf lemma="legelőkelőbb" pos="X">legelőkelőbb</wf>
         <wf lemma="golfjátékosok" pos="X">golfjátékosok</wf>
         <instance id="d000.s2634.t000" lemma="klub" pos="NOUN">klubjához</instance>
         <wf lemma="." pos="X">.</wf>
      </sentence>
      <sentence id="d000.s2635" source="wordnet-hungarian">
         <wf lemma="Hirtelen" pos="X">Hirtelen</wf>
         <instance id="d000.s2635.t000" lemma="kopogás" pos="NOUN">kopogásra</instance>
         <wf lemma="lett" pos="X">lett</wf>
         <wf lemma="figyelmes" pos="X">figyelmes</wf>
         <wf lemma="." pos="X">.</wf>
      </sentence>
      <sentence id="d000.s2636" source="wordnet-hungarian">
         <wf lemma="A" pos="X">A</wf>
         <wf lemma="Földet" pos="X">Földet</wf>
         <wf lemma="sokan" pos="X">sokan</wf>
         <wf lemma="laposnak" pos="X">laposnak</wf>
         <instance id="d000.s2636.t000" lemma="tart" pos="VERB">tartották</instance>
         <wf lemma="." pos="X">.</wf>
      </sentence>
      <sentence id="d000.s2637" source="wordnet-hungarian">
         <wf lemma="A" pos="X">A</wf>
         <wf lemma="harmadik" pos="X">harmadik</wf>
         <wf lemma="rész" pos="X">rész</wf>
         <wf lemma="egy" pos="X">egy</wf>
         <wf lemma="haladóbb" pos="X">haladóbb</wf>
         <wf lemma="témát" pos="X">témát</wf>
         <instance id="d000.s2637.t000" lemma="tárgyal" pos="VERB">tárgyal</instance>
         <wf lemma="." pos="X">.</wf>
      </sentence>
      <sentence id="d000.s2638" source="wordnet-hungarian">
         <wf lemma="Egont" pos="X">Egont</wf>
         <instance id="d000.s2638.t000" lemma="dob" pos="VERB">dobta</instance>
         <wf lemma="a" pos="X">a</wf>
         <wf lemma="barátnője" pos="X">barátnője</wf>
         <wf lemma="." pos="X">.</wf>
      </sentence>
      <sentence id="d000.s2639" source="wordnet-hungarian">
         <wf lemma="A" pos="X">A</wf>
         <instance id="d000.s2639.t000" lemma="link" pos="NOUN">linkre</instance>
         <wf lemma="kattintva" pos="X">kattintva</wf>
         <wf lemma="eljuthatsz" pos="X">eljuthatsz</wf>
         <wf lemma="a" pos="X">a</wf>
         <wf lemma="keresett" pos="X">keresett</wf>
         <wf lemma="oldalra" pos="X">oldalra</wf>
         <wf lemma="." pos="X">.</wf>
      </sentence>
      <sentence id="d000.s2640" source="wordnet-hungarian">
         <wf lemma="A" pos="X">A</wf>
         <wf lemma="film" pos="X">film</wf>
         <instance id="d000.s2640.t000" lemma="csúcs" pos="NOUN">csúcsa</instance>
         <wf lemma="alighanem" pos="X">alighanem</wf>
         <wf lemma="a" pos="X">a</wf>
         <wf lemma="római" pos="X">római</wf>
         <wf lemma="jelenet" pos="X">jelenet</wf>
         <wf lemma="volt" pos="X">volt</wf>
         <wf lemma="." pos="X">.</wf>
      </sentence>
      <sentence id="d000.s2641" source="wordnet-hungarian">
         <wf lemma="Ez" pos="X">Ez</wf>
         <wf lemma="a" pos="X">a</wf>
         <wf lemma="srác" pos="X">srác</wf>
         <instance id="d000.s2641.t000" lemma="humorista" pos="NOUN">humoristának</instance>
         <wf lemma="is" pos="X">is</wf>
         <wf lemma="elmehetne" pos="X">elmehetne</wf>
         <wf lemma="!" pos="X">!</wf>
      </sentence>
      <sentence id="d000.s2642" source="wordnet-hungarian">
         <wf lemma="Tele" pos="X">Tele</wf>
         <wf lemma="van" pos="X">van</wf>
         <instance id="d000.s2642.t000" lemma="pattanás" pos="NOUN">pattanással</instance>
         <wf lemma="az" pos="X">az</wf>
         <wf lemma="arca" pos="X">arca</wf>
         <wf lemma="." pos="X">.</wf>
      </sentence>
      <sentence id="d000.s2643" source="wordnet-hungarian">
         <wf lemma="A" pos="X">A</wf>
         <wf lemma="birodalom" pos="X">birodalom</wf>
         <instance id="d000.s2643.t000" lemma="hanyatlás" pos="NOUN">hanyatlásnak</instance>
         <wf lemma="indult" pos="X">indult</wf>
         <wf lemma="." pos="X">.</wf>
      </sentence>
      <sentence id="d000.s2644" source="wordnet-hungarian">
         <wf lemma="A" pos="X">A</wf>
         <instance id="d000.s2644.t000" lemma="kutató" pos="NOUN">kutatók</instance>
         <wf lemma="hosszú" pos="X">hosszú</wf>
         <wf lemma="ideje" pos="X">ideje</wf>
         <wf lemma="nem" pos="X">nem</wf>
         <wf lemma="találnak" pos="X">találnak</wf>
         <wf lemma="választ" pos="X">választ</wf>
         <wf lemma="a" pos="X">a</wf>
         <wf lemma="problémára" pos="X">problémára</wf>
         <wf lemma="." pos="X">.</wf>
      </sentence>
      <sentence id="d000.s2645" source="wordnet-hungarian">
         <wf lemma="Eléggé" pos="X">Eléggé</wf>
         <wf lemma="általános" pos="X">általános</wf>
         <wf lemma="az" pos="X">az</wf>
         <wf lemma="egyetértés" pos="X">egyetértés</wf>
         <wf lemma="abban" pos="X">abban</wf>
         <wf lemma="," pos="X">,</wf>
         <wf lemma="hogy" pos="X">hogy</wf>
         <wf lemma="az" pos="X">az</wf>
         <wf lemma="ország" pos="X">ország</wf>
         <wf lemma="felvirágzásának" pos="X">felvirágzásának</wf>
         <wf lemma="egyik" pos="X">egyik</wf>
         <wf lemma="legfontosabb" pos="X">legfontosabb</wf>
         <wf lemma="feltétele" pos="X">feltétele</wf>
         <wf lemma="a" pos="X">a</wf>
         <wf lemma="tartós" pos="X">tartós</wf>
         <wf lemma="és" pos="X">és</wf>
         <wf lemma="erőteljes" pos="X">erőteljes</wf>
         <instance id="d000.s2645.t000" lemma="növekedés" pos="NOUN">növekedés</instance>
         <wf lemma="." pos="X">.</wf>
      </sentence>
      <sentence id="d000.s2646" source="wordnet-hungarian">
         <wf lemma="A" pos="X">A</wf>
         <wf lemma="hazai" pos="X">hazai</wf>
         <instance id="d000.s2646.t000" lemma="ukrán" pos="NOUN">ukránok</instance>
         <wf lemma="kulturális" pos="X">kulturális</wf>
         <wf lemma="egyesületei" pos="X">egyesületei</wf>
         <wf lemma="a" pos="X">a</wf>
         <wf lemma="magyarországi" pos="X">magyarországi</wf>
         <wf lemma="ukrán" pos="X">ukrán</wf>
         <wf lemma="kisebbség" pos="X">kisebbség</wf>
         <wf lemma="létszámát" pos="X">létszámát</wf>
         <wf lemma="mintegy" pos="X">mintegy</wf>
         <wf lemma="kétezer" pos="X">kétezer</wf>
         <wf lemma="főre" pos="X">főre</wf>
         <wf lemma="becsülik" pos="X">becsülik</wf>
         <wf lemma="." pos="X">.</wf>
      </sentence>
      <sentence id="d000.s2647" source="wordnet-hungarian">
         <wf lemma="A" pos="X">A</wf>
         <instance id="d000.s2647.t000" lemma="hangszedő" pos="NOUN">hangszedőt</instance>
         <wf lemma="ki" pos="X">ki</wf>
         <wf lemma="kell" pos="X">kell</wf>
         <wf lemma="cserélni" pos="X">cserélni</wf>
         <wf lemma="a" pos="X">a</wf>
         <wf lemma="lemezjátszón" pos="X">lemezjátszón</wf>
         <wf lemma="." pos="X">.</wf>
      </sentence>
      <sentence id="d000.s2648" source="wordnet-hungarian">
         <wf lemma="Az" pos="X">Az</wf>
         <instance id="d000.s2648.t000" lemma="elítélt" pos="NOUN">elítélteknek</instance>
         <wf lemma="naponta" pos="X">naponta</wf>
         <wf lemma="egy" pos="X">egy</wf>
         <wf lemma="óra" pos="X">óra</wf>
         <wf lemma="séta" pos="X">séta</wf>
         <wf lemma="engedélyezett" pos="X">engedélyezett</wf>
         <wf lemma="a" pos="X">a</wf>
         <wf lemma="szabad" pos="X">szabad</wf>
         <wf lemma="levegőn" pos="X">levegőn</wf>
         <wf lemma="." pos="X">.</wf>
      </sentence>
      <sentence id="d000.s2649" source="wordnet-hungarian">
         <wf lemma="Csak" pos="X">Csak</wf>
         <wf lemma="egy" pos="X">egy</wf>
         <wf lemma="rövid" pos="X">rövid</wf>
         <instance id="d000.s2649.t000" lemma="látogatás" pos="NOUN">látogatásra</instance>
         <wf lemma="ugrott" pos="X">ugrott</wf>
         <wf lemma="be" pos="X">be</wf>
         <wf lemma="." pos="X">.</wf>
      </sentence>
      <sentence id="d000.s2650" source="wordnet-hungarian">
         <wf lemma="A" pos="X">A</wf>
         <instance id="d000.s2650.t000" lemma="kígyó" pos="NOUN">kígyó</instance>
         <wf lemma="fontos" pos="X">fontos</wf>
         <wf lemma="szereplője" pos="X">szereplője</wf>
         <wf lemma="számos" pos="X">számos</wf>
         <wf lemma="cigány" pos="X">cigány</wf>
         <wf lemma="mesének" pos="X">mesének</wf>
         <wf lemma="." pos="X">.</wf>
      </sentence>
      <sentence id="d000.s2651" source="wordnet-hungarian">
         <wf lemma="Odin" pos="X">Odin</wf>
         <wf lemma="isten" pos="X">isten</wf>
         <wf lemma="jelképe" pos="X">jelképe</wf>
         <wf lemma="a" pos="X">a</wf>
         <instance id="d000.s2651.t000" lemma="kalapács" pos="NOUN">kalapács</instance>
         <wf lemma="a" pos="X">a</wf>
         <wf lemma="germán" pos="X">germán</wf>
         <wf lemma="mitológiában" pos="X">mitológiában</wf>
         <wf lemma="." pos="X">.</wf>
      </sentence>
      <sentence id="d000.s2652" source="wordnet-hungarian">
         <wf lemma="A" pos="X">A</wf>
         <instance id="d000.s2652.t000" lemma="tiszafa" pos="NOUN">tiszafának</instance>
         <wf lemma="piros" pos="X">piros</wf>
         <wf lemma="bogyói" pos="X">bogyói</wf>
         <wf lemma="vannak" pos="X">vannak</wf>
         <wf lemma="." pos="X">.</wf>
      </sentence>
      <sentence id="d000.s2653" source="wordnet-hungarian">
         <wf lemma="Lajoska" pos="X">Lajoska</wf>
         <instance id="d000.s2653.t000" lemma="felállít" pos="VERB">felállította</instance>
         <wf lemma="a" pos="X">a</wf>
         <wf lemma="karácsonyfát" pos="X">karácsonyfát</wf>
         <wf lemma="." pos="X">.</wf>
      </sentence>
      <sentence id="d000.s2654" source="wordnet-hungarian">
         <wf lemma="A" pos="X">A</wf>
         <instance id="d000.s2654.t000" lemma="döntés" pos="NOUN">döntés</instance>
         <wf lemma="terhe" pos="X">terhe</wf>
         <wf lemma="mindannyiunk" pos="X">mindannyiunk</wf>
         <wf lemma="vállán" pos="X">vállán</wf>
         <wf lemma="ott" pos="X">ott</wf>
         <wf lemma="nyugszik" pos="X">nyugszik</wf>
         <wf lemma="." pos="X">.</wf>
      </sentence>
      <sentence id="d000.s2655" source="wordnet-hungarian">
         <wf lemma="A" pos="X">A</wf>
         <instance id="d000.s2655.t000" lemma="hideg" pos="NOUN">hidegben</instance>
         <wf lemma="a" pos="X">a</wf>
         <wf lemma="szervezet" pos="X">szervezet</wf>
         <wf lemma="legfontosabb" pos="X">legfontosabb</wf>
         <wf lemma="feladata" pos="X">feladata</wf>
         <wf lemma="a" pos="X">a</wf>
         <wf lemma="test" pos="X">test</wf>
         <wf lemma="hőmérsékletének" pos="X">hőmérsékletének</wf>
         <wf lemma="a" pos="X">a</wf>
         <wf lemma="fenntartása" pos="X">fenntartása</wf>
         <wf lemma="." pos="X">.</wf>
      </sentence>
      <sentence id="d000.s2656" source="wordnet-hungarian">
         <wf lemma="Ez" pos="X">Ez</wf>
         <wf lemma="az" pos="X">az</wf>
         <wf lemma="első" pos="X">első</wf>
         <wf lemma="olyan" pos="X">olyan</wf>
         <instance id="d000.s2656.t000" lemma="programkönyvtár" pos="NOUN">programkönyvtár</instance>
         <wf lemma="," pos="X">,</wf>
         <wf lemma="amely" pos="X">amely</wf>
         <wf lemma="a" pos="X">a</wf>
         <wf lemma="távoktatás" pos="X">távoktatás</wf>
         <wf lemma="céljait" pos="X">céljait</wf>
         <wf lemma="szolgálja" pos="X">szolgálja</wf>
         <wf lemma="elektronikus" pos="X">elektronikus</wf>
         <wf lemma="formában" pos="X">formában</wf>
         <wf lemma="." pos="X">.</wf>
      </sentence>
      <sentence id="d000.s2657" source="wordnet-hungarian">
         <wf lemma="Hihetetlen" pos="X">Hihetetlen</wf>
         <wf lemma="," pos="X">,</wf>
         <wf lemma="de" pos="X">de</wf>
         <wf lemma="kifogyhatatlan" pos="X">kifogyhatatlan</wf>
         <wf lemma="az" pos="X">az</wf>
         <wf lemma="amerikai" pos="X">amerikai</wf>
         <instance id="d000.s2657.t000" lemma="hajtóerő" pos="NOUN">hajtóerő</instance>
         <wf lemma="." pos="X">.</wf>
      </sentence>
      <sentence id="d000.s2658" source="wordnet-hungarian">
         <wf lemma="Az" pos="X">Az</wf>
         <wf lemma="autó" pos="X">autó</wf>
         <instance id="d000.s2658.t000" lemma="értékcsökkenés" pos="NOUN">értékcsökkenése</instance>
         <wf lemma="3" pos="X">3</wf>
         <wf lemma="év" pos="X">év</wf>
         <wf lemma="után" pos="X">után</wf>
         <wf lemma="igen" pos="X">igen</wf>
         <wf lemma="sok" pos="X">sok</wf>
         <wf lemma="pénzveszteséget" pos="X">pénzveszteséget</wf>
         <wf lemma="jelent" pos="X">jelent</wf>
         <wf lemma="eladásnál" pos="X">eladásnál</wf>
         <wf lemma="." pos="X">.</wf>
      </sentence>
      <sentence id="d000.s2659" source="wordnet-hungarian">
         <wf lemma="Sok" pos="X">Sok</wf>
         <instance id="d000.s2659.t000" lemma="nyelvész" pos="NOUN">nyelvész</instance>
         <wf lemma="kritizálja" pos="X">kritizálja</wf>
         <wf lemma="az" pos="X">az</wf>
         <wf lemma="érvényben" pos="X">érvényben</wf>
         <wf lemma="lévő" pos="X">lévő</wf>
         <wf lemma="helyesírási" pos="X">helyesírási</wf>
         <wf lemma="szabályokat" pos="X">szabályokat</wf>
         <wf lemma="." pos="X">.</wf>
      </sentence>
      <sentence id="d000.s2660" source="wordnet-hungarian">
         <wf lemma="Ez" pos="X">Ez</wf>
         <wf lemma="az" pos="X">az</wf>
         <wf lemma="ügy" pos="X">ügy</wf>
         <wf lemma="más" pos="X">más</wf>
         <wf lemma="elbírálás" pos="X">elbírálás</wf>
         <wf lemma="alá" pos="X">alá</wf>
         <instance id="d000.s2660.t000" lemma="esik" pos="VERB">esik</instance>
         <wf lemma="." pos="X">.</wf>
      </sentence>
      <sentence id="d000.s2661" source="wordnet-hungarian">
         <wf lemma="A" pos="X">A</wf>
         <wf lemma="vihar" pos="X">vihar</wf>
         <wf lemma="felerősödött" pos="X">felerősödött</wf>
         <wf lemma="," pos="X">,</wf>
         <wf lemma="és" pos="X">és</wf>
         <wf lemma="többé" pos="X">többé</wf>
         <wf lemma="nem" pos="X">nem</wf>
         <wf lemma="láttunk" pos="X">láttunk</wf>
         <instance id="d000.s2661.t000" lemma="jelzés" pos="NOUN">jelzést</instance>
         <wf lemma="a" pos="X">a</wf>
         <wf lemma="sűllyedő" pos="X">sűllyedő</wf>
         <wf lemma="hajóról" pos="X">hajóról</wf>
         <wf lemma="." pos="X">.</wf>
      </sentence>
      <sentence id="d000.s2662" source="wordnet-hungarian">
         <wf lemma="Az" pos="X">Az</wf>
         <wf lemma="Állásbörze" pos="X">Állásbörze</wf>
         <wf lemma="oldalon" pos="X">oldalon</wf>
         <wf lemma="a" pos="X">a</wf>
         <wf lemma="környezetvédelmi" pos="X">környezetvédelmi</wf>
         <instance id="d000.s2662.t000" lemma="technikus" pos="NOUN">technikustól</instance>
         <wf lemma="a" pos="X">a</wf>
         <wf lemma="programvezetőig" pos="X">programvezetőig</wf>
         <wf lemma="sokféle" pos="X">sokféle</wf>
         <wf lemma="munkakörrel" pos="X">munkakörrel</wf>
         <wf lemma="találkozhatunk" pos="X">találkozhatunk</wf>
         <wf lemma="." pos="X">.</wf>
      </sentence>
      <sentence id="d000.s2663" source="wordnet-hungarian">
         <wf lemma="Egy" pos="X">Egy</wf>
         <wf lemma="52" pos="X">52</wf>
         <wf lemma="lapos" pos="X">lapos</wf>
         <wf lemma="kártyacsomagból" pos="X">kártyacsomagból</wf>
         <wf lemma="több" pos="X">több</wf>
         <wf lemma="mint" pos="X">mint</wf>
         <wf lemma="2,5" pos="X">2,5</wf>
         <wf lemma="millió" pos="X">millió</wf>
         <wf lemma="különböző" pos="X">különböző</wf>
         <instance id="d000.s2663.t000" lemma="pókerkéz" pos="NOUN">pókerkéz</instance>
         <wf lemma="rakható" pos="X">rakható</wf>
         <wf lemma="ki" pos="X">ki</wf>
         <wf lemma="." pos="X">.</wf>
      </sentence>
      <sentence id="d000.s2664" source="wordnet-hungarian">
         <wf lemma="A" pos="X">A</wf>
         <wf lemma="Szeged" pos="X">Szeged</wf>
         <wf lemma="kiváló" pos="X">kiváló</wf>
         <wf lemma="játékkal" pos="X">játékkal</wf>
         <wf lemma="késztette" pos="X">késztette</wf>
         <wf lemma="nagy" pos="X">nagy</wf>
         <wf lemma="csatára" pos="X">csatára</wf>
         <wf lemma="a" pos="X">a</wf>
         <wf lemma="bajnoki" pos="X">bajnoki</wf>
         <instance id="d000.s2664.t000" lemma="címvédő" pos="NOUN">címvédőt</instance>
         <wf lemma="." pos="X">.</wf>
      </sentence>
      <sentence id="d000.s2665" source="wordnet-hungarian">
         <wf lemma="A" pos="X">A</wf>
         <instance id="d000.s2665.t000" lemma="malajziai" pos="NOUN">malajziaiak</instance>
         <wf lemma="ott" pos="X">ott</wf>
         <wf lemma="vannak" pos="X">vannak</wf>
         <wf lemma="a" pos="X">a</wf>
         <wf lemma="térség" pos="X">térség</wf>
         <wf lemma="számítógép-felhasználóinak" pos="X">számítógép-felhasználóinak</wf>
         <wf lemma="élbolyában" pos="X">élbolyában</wf>
         <wf lemma="." pos="X">.</wf>
      </sentence>
      <sentence id="d000.s2666" source="wordnet-hungarian">
         <wf lemma="Én" pos="X">Én</wf>
         <wf lemma="a" pos="X">a</wf>
         <wf lemma="másik" pos="X">másik</wf>
         <wf lemma="tervet" pos="X">tervet</wf>
         <instance id="d000.s2666.t000" lemma="támogat" pos="VERB">támogatom</instance>
         <wf lemma="." pos="X">.</wf>
      </sentence>
      <sentence id="d000.s2667" source="wordnet-hungarian">
         <wf lemma="Mindig" pos="X">Mindig</wf>
         <wf lemma="gondot" pos="X">gondot</wf>
         <wf lemma="okozott" pos="X">okozott</wf>
         <wf lemma="neki" pos="X">neki</wf>
         <wf lemma="," pos="X">,</wf>
         <wf lemma="hogy" pos="X">hogy</wf>
         <wf lemma="kifejezze" pos="X">kifejezze</wf>
         <instance id="d000.s2667.t000" lemma="szeretet" pos="NOUN">szeretetét</instance>
         <wf lemma="." pos="X">.</wf>
      </sentence>
      <sentence id="d000.s2668" source="wordnet-hungarian">
         <wf lemma="A" pos="X">A</wf>
         <wf lemma="buszon" pos="X">buszon</wf>
         <wf lemma="két" pos="X">két</wf>
         <instance id="d000.s2668.t000" lemma="férfi" pos="NOUN">férfi</instance>
         <wf lemma="és" pos="X">és</wf>
         <wf lemma="hat" pos="X">hat</wf>
         <wf lemma="nő" pos="X">nő</wf>
         <wf lemma="utazott" pos="X">utazott</wf>
         <wf lemma="." pos="X">.</wf>
      </sentence>
      <sentence id="d000.s2669" source="wordnet-hungarian">
         <wf lemma="Széchenyi" pos="X">Széchenyi</wf>
         <wf lemma="," pos="X">,</wf>
         <wf lemma="a" pos="X">a</wf>
         <wf lemma="királyhű" pos="X">királyhű</wf>
         <wf lemma="," pos="X">,</wf>
         <wf lemma="konzervatív" pos="X">konzervatív</wf>
         <wf lemma="főúr" pos="X">főúr</wf>
         <wf lemma="," pos="X">,</wf>
         <wf lemma="gyűlölte" pos="X">gyűlölte</wf>
         <wf lemma="Ferenc" pos="X">Ferenc</wf>
         <wf lemma="Józsefet" pos="X">Józsefet</wf>
         <wf lemma="," pos="X">,</wf>
         <wf lemma="mint" pos="X">mint</wf>
         <instance id="d000.s2669.t000" lemma="zsarnok" pos="NOUN">zsarnokot</instance>
         <wf lemma="." pos="X">.</wf>
      </sentence>
      <sentence id="d000.s2670" source="wordnet-hungarian">
         <wf lemma="A" pos="X">A</wf>
         <wf lemma="rendezői" pos="X">rendezői</wf>
         <wf lemma="pálya" pos="X">pálya</wf>
         <wf lemma="nagyfokú" pos="X">nagyfokú</wf>
         <wf lemma="mozgáskészséget" pos="X">mozgáskészséget</wf>
         <wf lemma="," pos="X">,</wf>
         <wf lemma="ép" pos="X">ép</wf>
         <wf lemma="mozgásrendszert" pos="X">mozgásrendszert</wf>
         <wf lemma="," pos="X">,</wf>
         <wf lemma="jó" pos="X">jó</wf>
         <instance id="d000.s2670.t000" lemma="állóképesség" pos="NOUN">állóképességet</instance>
         <wf lemma="feltételez" pos="X">feltételez</wf>
         <wf lemma="." pos="X">.</wf>
      </sentence>
      <sentence id="d000.s2671" source="wordnet-hungarian">
         <wf lemma="Minden" pos="X">Minden</wf>
         <wf lemma="elektronikai" pos="X">elektronikai</wf>
         <wf lemma="termékre" pos="X">termékre</wf>
         <wf lemma="kiterjesztenék" pos="X">kiterjesztenék</wf>
         <wf lemma="az" pos="X">az</wf>
         <wf lemma="elhasznált" pos="X">elhasznált</wf>
         <wf lemma="elektronikai" pos="X">elektronikai</wf>
         <wf lemma="és" pos="X">és</wf>
         <wf lemma="elektromos" pos="X">elektromos</wf>
         <wf lemma="termékekre" pos="X">termékekre</wf>
         <wf lemma="vonatkozó" pos="X">vonatkozó</wf>
         <wf lemma="európai" pos="X">európai</wf>
         <instance id="d000.s2671.t000" lemma="szabályozás" pos="NOUN">szabályozást</instance>
         <wf lemma="." pos="X">.</wf>
      </sentence>
      <sentence id="d000.s2672" source="wordnet-hungarian">
         <wf lemma="Az" pos="X">Az</wf>
         <wf lemma="új" pos="X">új</wf>
         <wf lemma="minisztériumban" pos="X">minisztériumban</wf>
         <wf lemma="az" pos="X">az</wf>
         <wf lemma="alkotmányos" pos="X">alkotmányos</wf>
         <instance id="d000.s2672.t000" lemma="monarchista" pos="NOUN">monarchisták</instance>
         <wf lemma="képviselői" pos="X">képviselői</wf>
         <wf lemma="kapnak" pos="X">kapnak</wf>
         <wf lemma="helyet" pos="X">helyet</wf>
         <wf lemma="." pos="X">.</wf>
      </sentence>
      <sentence id="d000.s2673" source="wordnet-hungarian">
         <wf lemma="Az" pos="X">Az</wf>
         <instance id="d000.s2673.t000" lemma="átmenet" pos="NOUN">átmenet</instance>
         <wf lemma="időszakában" pos="X">időszakában</wf>
         <wf lemma="a" pos="X">a</wf>
         <wf lemma="változások" pos="X">változások</wf>
         <wf lemma="ugyan" pos="X">ugyan</wf>
         <wf lemma="könnyebbek" pos="X">könnyebbek</wf>
         <wf lemma="," pos="X">,</wf>
         <wf lemma="de" pos="X">de</wf>
         <wf lemma="veszélyesebbek" pos="X">veszélyesebbek</wf>
         <wf lemma="is" pos="X">is</wf>
         <wf lemma="." pos="X">.</wf>
      </sentence>
      <sentence id="d000.s2674" source="wordnet-hungarian">
         <wf lemma="A" pos="X">A</wf>
         <wf lemma="nyár" pos="X">nyár</wf>
         <wf lemma="egyik" pos="X">egyik</wf>
         <wf lemma="nagy" pos="X">nagy</wf>
         <wf lemma="kedvence" pos="X">kedvence</wf>
         <wf lemma="," pos="X">,</wf>
         <wf lemma="az" pos="X">az</wf>
         <instance id="d000.s2674.t000" lemma="őszibarack" pos="NOUN">őszibarack</instance>
         <wf lemma="," pos="X">,</wf>
         <wf lemma="kívül-belül" pos="X">kívül-belül</wf>
         <wf lemma="vonzó" pos="X">vonzó</wf>
         <wf lemma="tulajdonságokkal" pos="X">tulajdonságokkal</wf>
         <wf lemma="rendelkezik" pos="X">rendelkezik</wf>
         <wf lemma="." pos="X">.</wf>
      </sentence>
      <sentence id="d000.s2675" source="wordnet-hungarian">
         <wf lemma="A" pos="X">A</wf>
         <wf lemma="menekültek" pos="X">menekültek</wf>
         <instance id="d000.s2675.t000" lemma="távozik" pos="VERB">távoztak</instance>
         <wf lemma="az" pos="X">az</wf>
         <wf lemma="országból" pos="X">országból</wf>
         <wf lemma="." pos="X">.</wf>
      </sentence>
      <sentence id="d000.s2676" source="wordnet-hungarian">
         <wf lemma="A" pos="X">A</wf>
         <wf lemma="hagyományos" pos="X">hagyományos</wf>
         <wf lemma="kabarészínház" pos="X">kabarészínház</wf>
         <wf lemma="mindig" pos="X">mindig</wf>
         <wf lemma="a" pos="X">a</wf>
         <instance id="d000.s2676.t000" lemma="nyomorék" pos="NOUN">nyomorékot</instance>
         <wf lemma="," pos="X">,</wf>
         <wf lemma="a" pos="X">a</wf>
         <wf lemma="vakot" pos="X">vakot</wf>
         <wf lemma="," pos="X">,</wf>
         <wf lemma="a" pos="X">a</wf>
         <wf lemma="dadogóst" pos="X">dadogóst</wf>
         <wf lemma="," pos="X">,</wf>
         <wf lemma="a" pos="X">a</wf>
         <wf lemma="törpét" pos="X">törpét</wf>
         <wf lemma="," pos="X">,</wf>
         <wf lemma="a" pos="X">a</wf>
         <wf lemma="közvélekedés" pos="X">közvélekedés</wf>
         <wf lemma="szerint" pos="X">szerint</wf>
         <wf lemma="szégyellni" pos="X">szégyellni</wf>
         <wf lemma="valót" pos="X">valót</wf>
         <wf lemma="figurázta" pos="X">figurázta</wf>
         <wf lemma="ki" pos="X">ki</wf>
         <wf lemma="." pos="X">.</wf>
      </sentence>
      <sentence id="d000.s2677" source="wordnet-hungarian">
         <wf lemma="Lesöpörte" pos="X">Lesöpörte</wf>
         <wf lemma="az" pos="X">az</wf>
         <wf lemma="összes" pos="X">összes</wf>
         <instance id="d000.s2677.t000" lemma="sakkfigura" pos="NOUN">sakkfigurát</instance>
         <wf lemma="a" pos="X">a</wf>
         <wf lemma="tábláról" pos="X">tábláról</wf>
         <wf lemma="." pos="X">.</wf>
      </sentence>
      <sentence id="d000.s2678" source="wordnet-hungarian">
         <wf lemma="A" pos="X">A</wf>
         <instance id="d000.s2678.t000" lemma="felvétel" pos="NOUN">felvételt</instance>
         <wf lemma="a" pos="X">a</wf>
         <wf lemma="stúdióban" pos="X">stúdióban</wf>
         <wf lemma="hallgatta" pos="X">hallgatta</wf>
         <wf lemma="végig" pos="X">végig</wf>
         <wf lemma="." pos="X">.</wf>
      </sentence>
      <sentence id="d000.s2679" source="wordnet-hungarian">
         <wf lemma="Lajoska" pos="X">Lajoska</wf>
         <wf lemma="mókusra" pos="X">mókusra</wf>
         <instance id="d000.s2679.t000" lemma="vadászik" pos="VERB">vadászott</instance>
         <wf lemma="." pos="X">.</wf>
      </sentence>
      <sentence id="d000.s2680" source="wordnet-hungarian">
         <instance id="d000.s2680.t000" lemma="suv" pos="NOUN">Suva</instance>
         <wf lemma="trópusi" pos="X">trópusi</wf>
         <wf lemma="éghajlatát" pos="X">éghajlatát</wf>
         <wf lemma="a" pos="X">a</wf>
         <wf lemma="környező" pos="X">környező</wf>
         <wf lemma="óceán" pos="X">óceán</wf>
         <wf lemma="kiegyenlítetté" pos="X">kiegyenlítetté</wf>
         <wf lemma="teszi" pos="X">teszi</wf>
         <wf lemma="." pos="X">.</wf>
      </sentence>
      <sentence id="d000.s2681" source="wordnet-hungarian">
         <wf lemma="A" pos="X">A</wf>
         <instance id="d000.s2681.t000" lemma="grafikus" pos="NOUN">grafikust</instance>
         <wf lemma="általában" pos="X">általában</wf>
         <wf lemma="vicclapok" pos="X">vicclapok</wf>
         <wf lemma="foglalkoztatják" pos="X">foglalkoztatják</wf>
         <wf lemma="." pos="X">.</wf>
      </sentence>
      <sentence id="d000.s2682" source="wordnet-hungarian">
         <instance id="d000.s2682.t000" lemma="utalás" pos="NOUN">Utalást</instance>
         <wf lemma="tett" pos="X">tett</wf>
         <wf lemma="jövőbeli" pos="X">jövőbeli</wf>
         <wf lemma="terveire" pos="X">terveire</wf>
         <wf lemma="." pos="X">.</wf>
      </sentence>
      <sentence id="d000.s2683" source="wordnet-hungarian">
         <instance id="d000.s2683.t000" lemma="kölcsönad" pos="VERB">Kölcsönadtam</instance>
         <wf lemma="a" pos="X">a</wf>
         <wf lemma="biciklimet" pos="X">biciklimet</wf>
         <wf lemma="Máriának" pos="X">Máriának</wf>
         <wf lemma="." pos="X">.</wf>
      </sentence>
      <sentence id="d000.s2684" source="wordnet-hungarian">
         <wf lemma="A" pos="X">A</wf>
         <wf lemma="képességeinek" pos="X">képességeinek</wf>
         <wf lemma="megfelelő" pos="X">megfelelő</wf>
         <instance id="d000.s2684.t000" lemma="szakma" pos="NOUN">szakmát</instance>
         <wf lemma="tanulta" pos="X">tanulta</wf>
         <wf lemma="ki" pos="X">ki</wf>
         <wf lemma="." pos="X">.</wf>
      </sentence>
      <sentence id="d000.s2685" source="wordnet-hungarian">
         <wf lemma="A" pos="X">A</wf>
         <wf lemma="berendezés" pos="X">berendezés</wf>
         <wf lemma="egy" pos="X">egy</wf>
         <instance id="d000.s2685.t000" lemma="vákuum" pos="NOUN">vákuumra</instance>
         <wf lemma="leszívott" pos="X">leszívott</wf>
         <wf lemma="csőből" pos="X">csőből</wf>
         <wf lemma="áll" pos="X">áll</wf>
         <wf lemma="." pos="X">.</wf>
      </sentence>
      <sentence id="d000.s2686" source="wordnet-hungarian">
         <wf lemma="A" pos="X">A</wf>
         <wf lemma="szervezet" pos="X">szervezet</wf>
         <wf lemma="jelentése" pos="X">jelentése</wf>
         <wf lemma="szerint" pos="X">szerint</wf>
         <wf lemma="a" pos="X">a</wf>
         <wf lemma="keresztények" pos="X">keresztények</wf>
         <instance id="d000.s2686.t000" lemma="üldözés" pos="NOUN">üldözése</instance>
         <wf lemma="négy" pos="X">négy</wf>
         <wf lemma="jól" pos="X">jól</wf>
         <wf lemma="elkülöníthető" pos="X">elkülöníthető</wf>
         <wf lemma="közegre" pos="X">közegre</wf>
         <wf lemma="összpontosul" pos="X">összpontosul</wf>
         <wf lemma="." pos="X">.</wf>
      </sentence>
      <sentence id="d000.s2687" source="wordnet-hungarian">
         <wf lemma="10" pos="X">10</wf>
         <wf lemma="dollár" pos="X">dollár</wf>
         <instance id="d000.s2687.t000" lemma="érték" pos="NOUN">értékben</instance>
         <wf lemma="vett" pos="X">vett</wf>
         <wf lemma="gázolajat" pos="X">gázolajat</wf>
         <wf lemma="." pos="X">.</wf>
      </sentence>
      <sentence id="d000.s2688" source="wordnet-hungarian">
         <wf lemma="A" pos="X">A</wf>
         <wf lemma="cég" pos="X">cég</wf>
         <wf lemma="olyan" pos="X">olyan</wf>
         <wf lemma="gazdasági" pos="X">gazdasági</wf>
         <instance id="d000.s2688.t000" lemma="kaland" pos="NOUN">kalandokba</instance>
         <wf lemma="bocsátkozott" pos="X">bocsátkozott</wf>
         <wf lemma="," pos="X">,</wf>
         <wf lemma="amiből" pos="X">amiből</wf>
         <wf lemma="alig" pos="X">alig</wf>
         <wf lemma="sikerül" pos="X">sikerül</wf>
         <wf lemma="kimenekülnie" pos="X">kimenekülnie</wf>
         <wf lemma="." pos="X">.</wf>
      </sentence>
      <sentence id="d000.s2689" source="wordnet-hungarian">
         <wf lemma="A" pos="X">A</wf>
         <instance id="d000.s2689.t000" lemma="folyadék" pos="NOUN">folyadék</instance>
         <wf lemma="út" pos="X">út</wf>
         <wf lemma="közben" pos="X">közben</wf>
         <wf lemma="kilöttyent" pos="X">kilöttyent</wf>
         <wf lemma="." pos="X">.</wf>
      </sentence>
      <sentence id="d000.s2690" source="wordnet-hungarian">
         <wf lemma="Az" pos="X">Az</wf>
         <instance id="d000.s2690.t000" lemma="állatorvos" pos="NOUN">állatorvos</instance>
         <wf lemma="beoltotta" pos="X">beoltotta</wf>
         <wf lemma="a" pos="X">a</wf>
         <wf lemma="kutyám" pos="X">kutyám</wf>
         <wf lemma="veszettség" pos="X">veszettség</wf>
         <wf lemma="ellen" pos="X">ellen</wf>
         <wf lemma="is" pos="X">is</wf>
         <wf lemma="." pos="X">.</wf>
      </sentence>
      <sentence id="d000.s2691" source="wordnet-hungarian">
         <wf lemma="Az" pos="X">Az</wf>
         <wf lemma="elviselhetetlen" pos="X">elviselhetetlen</wf>
         <wf lemma="körülmények" pos="X">körülmények</wf>
         <wf lemma="ellen" pos="X">ellen</wf>
         <wf lemma="," pos="X">,</wf>
         <wf lemma="önvédelmi" pos="X">önvédelmi</wf>
         <wf lemma="technikaként" pos="X">technikaként</wf>
         <wf lemma="fejlesztették" pos="X">fejlesztették</wf>
         <wf lemma="ki" pos="X">ki</wf>
         <wf lemma="az" pos="X">az</wf>
         <wf lemma="elnyomott" pos="X">elnyomott</wf>
         <wf lemma="afrikai" pos="X">afrikai</wf>
         <wf lemma="származású" pos="X">származású</wf>
         <instance id="d000.s2691.t000" lemma="brazil" pos="NOUN">brazilok</instance>
         <wf lemma="a" pos="X">a</wf>
         <wf lemma="capoeirát" pos="X">capoeirát</wf>
         <wf lemma="." pos="X">.</wf>
      </sentence>
      <sentence id="d000.s2692" source="wordnet-hungarian">
         <wf lemma="A" pos="X">A</wf>
         <instance id="d000.s2692.t000" lemma="higany" pos="NOUN">higany</instance>
         <wf lemma="a" pos="X">a</wf>
         <wf lemma="periódusos" pos="X">periódusos</wf>
         <wf lemma="rendszer" pos="X">rendszer</wf>
         <wf lemma="nyolcvanadik" pos="X">nyolcvanadik</wf>
         <wf lemma="eleme" pos="X">eleme</wf>
         <wf lemma="." pos="X">.</wf>
      </sentence>
      <sentence id="d000.s2693" source="wordnet-hungarian">
         <wf lemma="A" pos="X">A</wf>
         <instance id="d000.s2693.t000" lemma="korlátozás" pos="NOUN">korlátozás</instance>
         <wf lemma="miatt" pos="X">miatt</wf>
         <wf lemma="kint" pos="X">kint</wf>
         <wf lemma="kellett" pos="X">kellett</wf>
         <wf lemma="hagynia" pos="X">hagynia</wf>
         <wf lemma="a" pos="X">a</wf>
         <wf lemma="hátizsákját" pos="X">hátizsákját</wf>
         <wf lemma="." pos="X">.</wf>
      </sentence>
      <sentence id="d000.s2694" source="wordnet-hungarian">
         <wf lemma="A" pos="X">A</wf>
         <instance id="d000.s2694.t000" lemma="börtönőr" pos="NOUN">börtönőröknek</instance>
         <wf lemma="több" pos="X">több</wf>
         <wf lemma="létfontosságú" pos="X">létfontosságú</wf>
         <wf lemma="szabályt" pos="X">szabályt</wf>
         <wf lemma="kell" pos="X">kell</wf>
         <wf lemma="betartatni" pos="X">betartatni</wf>
         <wf lemma="a" pos="X">a</wf>
         <wf lemma="börtön" pos="X">börtön</wf>
         <wf lemma="biztonsága" pos="X">biztonsága</wf>
         <wf lemma="érdekében" pos="X">érdekében</wf>
         <wf lemma="." pos="X">.</wf>
      </sentence>
      <sentence id="d000.s2695" source="wordnet-hungarian">
         <wf lemma="A" pos="X">A</wf>
         <wf lemma="épület" pos="X">épület</wf>
         <instance id="d000.s2695.t000" lemma="alap" pos="NOUN">alapjai</instance>
         <wf lemma="mészkőre" pos="X">mészkőre</wf>
         <wf lemma="épültek" pos="X">épültek</wf>
         <wf lemma="." pos="X">.</wf>
      </sentence>
      <sentence id="d000.s2696" source="wordnet-hungarian">
         <wf lemma="A" pos="X">A</wf>
         <wf lemma="beteg" pos="X">beteg</wf>
         <wf lemma="állapotát" pos="X">állapotát</wf>
         <wf lemma="többszörös" pos="X">többszörös</wf>
         <wf lemma="áttétek" pos="X">áttétek</wf>
         <instance id="d000.s2696.t000" lemma="súlyosbít" pos="VERB">súlyosbítják</instance>
         <wf lemma="." pos="X">.</wf>
      </sentence>
      <sentence id="d000.s2697" source="wordnet-hungarian">
         <wf lemma="A" pos="X">A</wf>
         <instance id="d000.s2697.t000" lemma="villa" pos="NOUN">villát</instance>
         <wf lemma="nem" pos="X">nem</wf>
         <wf lemma="fogjuk" pos="X">fogjuk</wf>
         <wf lemma="marokra" pos="X">marokra</wf>
         <wf lemma="." pos="X">.</wf>
      </sentence>
      <sentence id="d000.s2698" source="wordnet-hungarian">
         <wf lemma="A" pos="X">A</wf>
         <wf lemma="folyadékok" pos="X">folyadékok</wf>
         <wf lemma="hajszálcsőben" pos="X">hajszálcsőben</wf>
         <wf lemma="történő" pos="X">történő</wf>
         <instance id="d000.s2698.t000" lemma="áramlás" pos="NOUN">áramlása</instance>
         <wf lemma="érdekes" pos="X">érdekes</wf>
         <wf lemma="jelenség" pos="X">jelenség</wf>
         <wf lemma="." pos="X">.</wf>
      </sentence>
      <sentence id="d000.s2699" source="wordnet-hungarian">
         <wf lemma="Nem" pos="X">Nem</wf>
         <wf lemma="lesz" pos="X">lesz</wf>
         <wf lemma="púpos" pos="X">púpos</wf>
         <wf lemma="a" pos="X">a</wf>
         <instance id="d000.s2699.t000" lemma="piskóta" pos="NOUN">piskóta</instance>
         <wf lemma="közepe" pos="X">közepe</wf>
         <wf lemma="," pos="X">,</wf>
         <wf lemma="ha" pos="X">ha</wf>
         <wf lemma="a" pos="X">a</wf>
         <wf lemma="sütőforma" pos="X">sütőforma</wf>
         <wf lemma="oldalát" pos="X">oldalát</wf>
         <wf lemma="nem" pos="X">nem</wf>
         <wf lemma="kenjük" pos="X">kenjük</wf>
         <wf lemma="be" pos="X">be</wf>
         <wf lemma="zsiradékkal" pos="X">zsiradékkal</wf>
         <wf lemma="." pos="X">.</wf>
      </sentence>
      <sentence id="d000.s2700" source="wordnet-hungarian">
         <wf lemma="Ha" pos="X">Ha</wf>
         <wf lemma="ezek" pos="X">ezek</wf>
         <wf lemma="az" pos="X">az</wf>
         <wf lemma="erők" pos="X">erők</wf>
         <wf lemma="a" pos="X">a</wf>
         <wf lemma="szétrepesztett" pos="X">szétrepesztett</wf>
         <wf lemma="kéregrészeket" pos="X">kéregrészeket</wf>
         <wf lemma="elmozdítják" pos="X">elmozdítják</wf>
         <wf lemma="egymástól" pos="X">egymástól</wf>
         <wf lemma="," pos="X">,</wf>
         <instance id="d000.s2700.t000" lemma="vetődés" pos="NOUN">vetődés</instance>
         <wf lemma="jön" pos="X">jön</wf>
         <wf lemma="létre" pos="X">létre</wf>
         <wf lemma="," pos="X">,</wf>
         <wf lemma="ahol" pos="X">ahol</wf>
         <wf lemma="az" pos="X">az</wf>
         <wf lemma="elmozdulás" pos="X">elmozdulás</wf>
         <wf lemma="síkja" pos="X">síkja</wf>
         <wf lemma="a" pos="X">a</wf>
         <wf lemma="vetősík" pos="X">vetősík</wf>
         <wf lemma="." pos="X">.</wf>
      </sentence>
      <sentence id="d000.s2701" source="wordnet-hungarian">
         <wf lemma="Autókat" pos="X">Autókat</wf>
         <instance id="d000.s2701.t000" lemma="alkot" pos="VERB">alkotunk</instance>
         <wf lemma="." pos="X">.</wf>
      </sentence>
      <sentence id="d000.s2702" source="wordnet-hungarian">
         <wf lemma="Egyik" pos="X">Egyik</wf>
         <wf lemma="fő" pos="X">fő</wf>
         <instance id="d000.s2702.t000" lemma="jellemvonás" pos="NOUN">jellemvonása</instance>
         <wf lemma="a" pos="X">a</wf>
         <wf lemma="megbízhatóság" pos="X">megbízhatóság</wf>
         <wf lemma="." pos="X">.</wf>
      </sentence>
      <sentence id="d000.s2703" source="wordnet-hungarian">
         <wf lemma="Az" pos="X">Az</wf>
         <wf lemma="oktatási" pos="X">oktatási</wf>
         <instance id="d000.s2703.t000" lemma="miniszter" pos="NOUN">miniszter</instance>
         <wf lemma="feladata" pos="X">feladata</wf>
         <wf lemma="az" pos="X">az</wf>
         <wf lemma="oktatási" pos="X">oktatási</wf>
         <wf lemma="ágazat" pos="X">ágazat</wf>
         <wf lemma="vezetése" pos="X">vezetése</wf>
         <wf lemma="és" pos="X">és</wf>
         <wf lemma="irányítása" pos="X">irányítása</wf>
         <wf lemma="." pos="X">.</wf>
      </sentence>
      <sentence id="d000.s2704" source="wordnet-hungarian">
         <wf lemma="A" pos="X">A</wf>
         <wf lemma="kulcsokat" pos="X">kulcsokat</wf>
         <wf lemma="a" pos="X">a</wf>
         <wf lemma="zongorán" pos="X">zongorán</wf>
         <instance id="d000.s2704.t000" lemma="hagy" pos="VERB">hagytam</instance>
         <wf lemma="." pos="X">.</wf>
      </sentence>
      <sentence id="d000.s2705" source="wordnet-hungarian">
         <wf lemma="A" pos="X">A</wf>
         <instance id="d000.s2705.t000" lemma="genus" pos="NOUN">genus</instance>
         <wf lemma="a" pos="X">a</wf>
         <wf lemma="növenyek" pos="X">növenyek</wf>
         <wf lemma="nemzetségeit" pos="X">nemzetségeit</wf>
         <wf lemma="és" pos="X">és</wf>
         <wf lemma="az" pos="X">az</wf>
         <wf lemma="állatok" pos="X">állatok</wf>
         <wf lemma="nemeit" pos="X">nemeit</wf>
         <wf lemma="foglalja" pos="X">foglalja</wf>
         <wf lemma="magában" pos="X">magában</wf>
         <wf lemma="." pos="X">.</wf>
      </sentence>
      <sentence id="d000.s2706" source="wordnet-hungarian">
         <wf lemma="A" pos="X">A</wf>
         <wf lemma="milánói" pos="X">milánói</wf>
         <instance id="d000.s2706.t000" lemma="makaróni" pos="NOUN">makaróniban</instance>
         <wf lemma="van" pos="X">van</wf>
         <wf lemma="gomba" pos="X">gomba</wf>
         <wf lemma="," pos="X">,</wf>
         <wf lemma="ezért" pos="X">ezért</wf>
         <wf lemma="nem" pos="X">nem</wf>
         <wf lemma="szokott" pos="X">szokott</wf>
         <wf lemma="Bea" pos="X">Bea</wf>
         <wf lemma="soha" pos="X">soha</wf>
         <wf lemma="enni" pos="X">enni</wf>
         <wf lemma="ilyet" pos="X">ilyet</wf>
         <wf lemma="." pos="X">.</wf>
      </sentence>
      <sentence id="d000.s2707" source="wordnet-hungarian">
         <wf lemma="Ebben" pos="X">Ebben</wf>
         <wf lemma="az" pos="X">az</wf>
         <wf lemma="évben" pos="X">évben</wf>
         <wf lemma="több" pos="X">több</wf>
         <wf lemma="mint" pos="X">mint</wf>
         <wf lemma="százezer" pos="X">százezer</wf>
         <wf lemma="tanuló" pos="X">tanuló</wf>
         <wf lemma="felvételizett" pos="X">felvételizett</wf>
         <instance id="d000.s2707.t000" lemma="egyetem" pos="NOUN">egyetemekre</instance>
         <wf lemma="." pos="X">.</wf>
      </sentence>
      <sentence id="d000.s2708" source="wordnet-hungarian">
         <wf lemma="A" pos="X">A</wf>
         <wf lemma="mentésre" pos="X">mentésre</wf>
         <wf lemma="gyorsan" pos="X">gyorsan</wf>
         <wf lemma="egy" pos="X">egy</wf>
         <instance id="d000.s2708.t000" lemma="csapat" pos="NOUN">csapatot</instance>
         <wf lemma="kellett" pos="X">kellett</wf>
         <wf lemma="szervezni" pos="X">szervezni</wf>
         <wf lemma="." pos="X">.</wf>
      </sentence>
      <sentence id="d000.s2709" source="wordnet-hungarian">
         <wf lemma="Az" pos="X">Az</wf>
         <instance id="d000.s2709.t000" lemma="ős" pos="NOUN">ősei</instance>
         <wf lemma="vére" pos="X">vére</wf>
         <wf lemma="csörgedezik" pos="X">csörgedezik</wf>
         <wf lemma="az" pos="X">az</wf>
         <wf lemma="ereiben" pos="X">ereiben</wf>
         <wf lemma="." pos="X">.</wf>
      </sentence>
      <sentence id="d000.s2710" source="wordnet-hungarian">
         <wf lemma="A" pos="X">A</wf>
         <wf lemma="lemezkészítés" pos="X">lemezkészítés</wf>
         <wf lemma="idejére" pos="X">idejére</wf>
         <wf lemma="szinte" pos="X">szinte</wf>
         <wf lemma="beköltözött" pos="X">beköltözött</wf>
         <wf lemma="a" pos="X">a</wf>
         <instance id="d000.s2710.t000" lemma="stúdió" pos="NOUN">stúdióba</instance>
         <wf lemma="." pos="X">.</wf>
      </sentence>
      <sentence id="d000.s2711" source="wordnet-hungarian">
         <wf lemma="Mindig" pos="X">Mindig</wf>
         <wf lemma="is" pos="X">is</wf>
         <wf lemma="jó" pos="X">jó</wf>
         <instance id="d000.s2711.t000" lemma="érzék" pos="NOUN">érzéke</instance>
         <wf lemma="volt" pos="X">volt</wf>
         <wf lemma="a" pos="X">a</wf>
         <wf lemma="zenéhez" pos="X">zenéhez</wf>
         <wf lemma="." pos="X">.</wf>
      </sentence>
      <sentence id="d000.s2712" source="wordnet-hungarian">
         <wf lemma="Minden" pos="X">Minden</wf>
         <wf lemma="utazáskor" pos="X">utazáskor</wf>
         <wf lemma="magával" pos="X">magával</wf>
         <wf lemma="vitte" pos="X">vitte</wf>
         <wf lemma="a" pos="X">a</wf>
         <wf lemma="kis" pos="X">kis</wf>
         <instance id="d000.s2712.t000" lemma="gyógyszerkészlet" pos="NOUN">gyógyszerkészletét</instance>
         <wf lemma="." pos="X">.</wf>
      </sentence>
      <sentence id="d000.s2713" source="wordnet-hungarian">
         <wf lemma="Az" pos="X">Az</wf>
         <wf lemma="autó" pos="X">autó</wf>
         <wf lemma="tartalék" pos="X">tartalék</wf>
         <instance id="d000.s2713.t000" lemma="alkatrész" pos="NOUN">alkatrészei</instance>
         <wf lemma="." pos="X">.</wf>
      </sentence>
      <sentence id="d000.s2714" source="wordnet-hungarian">
         <wf lemma="Körzővel" pos="X">Körzővel</wf>
         <wf lemma="könnyebb" pos="X">könnyebb</wf>
         <instance id="d000.s2714.t000" lemma="kör" pos="NOUN">kört</instance>
         <wf lemma="rajzolni" pos="X">rajzolni</wf>
         <wf lemma="." pos="X">.</wf>
      </sentence>
      <sentence id="d000.s2715" source="wordnet-hungarian">
         <wf lemma="Mindenki" pos="X">Mindenki</wf>
         <instance id="d000.s2715.t000" lemma="jelvény" pos="NOUN">jelvényét</instance>
         <wf lemma="leelenőrizték" pos="X">leelenőrizték</wf>
         <wf lemma="," pos="X">,</wf>
         <wf lemma="mielőtt" pos="X">mielőtt</wf>
         <wf lemma="beeresztették" pos="X">beeresztették</wf>
         <wf lemma="volna" pos="X">volna</wf>
         <wf lemma="." pos="X">.</wf>
      </sentence>
      <sentence id="d000.s2716" source="wordnet-hungarian">
         <wf lemma="A" pos="X">A</wf>
         <wf lemma="nemzetközi" pos="X">nemzetközi</wf>
         <instance id="d000.s2716.t000" lemma="hírügynökség" pos="NOUN">hírügynökségek</instance>
         <wf lemma="szerint" pos="X">szerint</wf>
         <wf lemma="a" pos="X">a</wf>
         <wf lemma="második" pos="X">második</wf>
         <wf lemma="fordulóban" pos="X">fordulóban</wf>
         <wf lemma="dől" pos="X">dől</wf>
         <wf lemma="majd" pos="X">majd</wf>
         <wf lemma="el" pos="X">el</wf>
         <wf lemma="a" pos="X">a</wf>
         <wf lemma="magyarországi" pos="X">magyarországi</wf>
         <wf lemma="választások" pos="X">választások</wf>
         <wf lemma="eredménye" pos="X">eredménye</wf>
         <wf lemma="." pos="X">.</wf>
      </sentence>
      <sentence id="d000.s2717" source="wordnet-hungarian">
         <wf lemma="A" pos="X">A</wf>
         <instance id="d000.s2717.t000" lemma="részvénytársaság" pos="NOUN">részvénytársaságban</instance>
         <wf lemma="a" pos="X">a</wf>
         <wf lemma="tőke" pos="X">tőke</wf>
         <wf lemma="tulajdona" pos="X">tulajdona</wf>
         <wf lemma="," pos="X">,</wf>
         <wf lemma="az" pos="X">az</wf>
         <wf lemma="irányítás" pos="X">irányítás</wf>
         <wf lemma="funkciója" pos="X">funkciója</wf>
         <wf lemma="elvált" pos="X">elvált</wf>
         <wf lemma="egymástól" pos="X">egymástól</wf>
         <wf lemma="." pos="X">.</wf>
      </sentence>
      <sentence id="d000.s2718" source="wordnet-hungarian">
         <wf lemma="A" pos="X">A</wf>
         <wf lemma="francia" pos="X">francia</wf>
         <instance id="d000.s2718.t000" lemma="ideggyógyász" pos="NOUN">ideggyógyászok</instance>
         <wf lemma="arra" pos="X">arra</wf>
         <wf lemma="buzdítják" pos="X">buzdítják</wf>
         <wf lemma="a" pos="X">a</wf>
         <wf lemma="franciákat" pos="X">franciákat</wf>
         <wf lemma="," pos="X">,</wf>
         <wf lemma="hogy" pos="X">hogy</wf>
         <wf lemma="ajánlják" pos="X">ajánlják</wf>
         <wf lemma="fel" pos="X">fel</wf>
         <wf lemma="agyukat" pos="X">agyukat</wf>
         <wf lemma="kutatásra" pos="X">kutatásra</wf>
         <wf lemma="." pos="X">.</wf>
      </sentence>
      <sentence id="d000.s2719" source="wordnet-hungarian">
         <wf lemma="Inasok" pos="X">Inasok</wf>
         <wf lemma="és" pos="X">és</wf>
         <instance id="d000.s2719.t000" lemma="szobalány" pos="NOUN">szobalányok</instance>
         <wf lemma="léptek" pos="X">léptek</wf>
         <wf lemma="a" pos="X">a</wf>
         <wf lemma="szobába" pos="X">szobába</wf>
         <wf lemma="," pos="X">,</wf>
         <wf lemma="és" pos="X">és</wf>
         <wf lemma="hozzáláttak" pos="X">hozzáláttak</wf>
         <wf lemma="a" pos="X">a</wf>
         <wf lemma="díszítéséhez" pos="X">díszítéséhez</wf>
         <wf lemma="." pos="X">.</wf>
      </sentence>
      <sentence id="d000.s2720" source="wordnet-hungarian">
         <wf lemma="A" pos="X">A</wf>
         <wf lemma="mezei" pos="X">mezei</wf>
         <wf lemma="árvácska" pos="X">árvácska</wf>
         <wf lemma="az" pos="X">az</wf>
         <instance id="d000.s2720.t000" lemma="ibolyafélék" pos="NOUN">ibolyafélék</instance>
         <wf lemma="családjába" pos="X">családjába</wf>
         <wf lemma="tartozó" pos="X">tartozó</wf>
         <wf lemma="," pos="X">,</wf>
         <wf lemma="5-20" pos="X">5-20</wf>
         <wf lemma="cm" pos="X">cm</wf>
         <wf lemma="magas" pos="X">magas</wf>
         <wf lemma="egyéves" pos="X">egyéves</wf>
         <wf lemma="növény" pos="X">növény</wf>
         <wf lemma="." pos="X">.</wf>
      </sentence>
      <sentence id="d000.s2721" source="wordnet-hungarian">
         <wf lemma="A" pos="X">A</wf>
         <instance id="d000.s2721.t000" lemma="brókerház" pos="NOUN">brókerházban</instance>
         <wf lemma="bombariadó" pos="X">bombariadó</wf>
         <wf lemma="volt" pos="X">volt</wf>
         <wf lemma="." pos="X">.</wf>
      </sentence>
      <sentence id="d000.s2722" source="wordnet-hungarian">
         <wf lemma="A" pos="X">A</wf>
         <wf lemma="szoba" pos="X">szoba</wf>
         <wf lemma="sarkában" pos="X">sarkában</wf>
         <wf lemma="van" pos="X">van</wf>
         <wf lemma="egy" pos="X">egy</wf>
         <wf lemma="nagy" pos="X">nagy</wf>
         <instance id="d000.s2722.t000" lemma="pókháló" pos="NOUN">pókháló</instance>
         <wf lemma="." pos="X">.</wf>
      </sentence>
      <sentence id="d000.s2723" source="wordnet-hungarian">
         <wf lemma="A" pos="X">A</wf>
         <wf lemma="zárvatermők" pos="X">zárvatermők</wf>
         <instance id="d000.s2723.t000" lemma="törzs" pos="NOUN">törzse</instance>
         <wf lemma="a" pos="X">a</wf>
         <wf lemma="kétszikűek" pos="X">kétszikűek</wf>
         <wf lemma="és" pos="X">és</wf>
         <wf lemma="az" pos="X">az</wf>
         <wf lemma="egyszikűek" pos="X">egyszikűek</wf>
         <wf lemma="osztályaiból" pos="X">osztályaiból</wf>
         <wf lemma="áll" pos="X">áll</wf>
         <wf lemma="." pos="X">.</wf>
      </sentence>
      <sentence id="d000.s2724" source="wordnet-hungarian">
         <wf lemma="Miután" pos="X">Miután</wf>
         <wf lemma="hosszan" pos="X">hosszan</wf>
         <wf lemma="kivezette" pos="X">kivezette</wf>
         <wf lemma="az" pos="X">az</wf>
         <instance id="d000.s2724.t000" lemma="ütés" pos="NOUN">ütést</instance>
         <wf lemma="," pos="X">,</wf>
         <wf lemma="Szávay" pos="X">Szávay</wf>
         <wf lemma="egyensúlyba" pos="X">egyensúlyba</wf>
         <wf lemma="került" pos="X">került</wf>
         <wf lemma="." pos="X">.</wf>
      </sentence>
      <sentence id="d000.s2725" source="wordnet-hungarian">
         <wf lemma="Különféle" pos="X">Különféle</wf>
         <instance id="d000.s2725.t000" lemma="karakter" pos="NOUN">karaktereket</instance>
         <wf lemma="tervezett" pos="X">tervezett</wf>
         <wf lemma="az" pos="X">az</wf>
         <wf lemma="új" pos="X">új</wf>
         <wf lemma="plakáthoz" pos="X">plakáthoz</wf>
         <wf lemma="." pos="X">.</wf>
      </sentence>
      <sentence id="d000.s2726" source="wordnet-hungarian">
         <wf lemma="A" pos="X">A</wf>
         <instance id="d000.s2726.t000" lemma="légzőrendszer" pos="NOUN">légzőrendszer</instance>
         <wf lemma="megbetegedéseinek" pos="X">megbetegedéseinek</wf>
         <wf lemma="egyike" pos="X">egyike</wf>
         <wf lemma="az" pos="X">az</wf>
         <wf lemma="asztma" pos="X">asztma</wf>
         <wf lemma="." pos="X">.</wf>
      </sentence>
      <sentence id="d000.s2727" source="wordnet-hungarian">
         <wf lemma="Szeged" pos="X">Szeged</wf>
         <wf lemma="és" pos="X">és</wf>
         <wf lemma="környéke" pos="X">környéke</wf>
         <wf lemma="hagyományosan" pos="X">hagyományosan</wf>
         <wf lemma="mezőgazdasági" pos="X">mezőgazdasági</wf>
         <wf lemma="vidék" pos="X">vidék</wf>
         <wf lemma="," pos="X">,</wf>
         <wf lemma="amely" pos="X">amely</wf>
         <wf lemma="arról" pos="X">arról</wf>
         <wf lemma="is" pos="X">is</wf>
         <wf lemma="híres" pos="X">híres</wf>
         <wf lemma="," pos="X">,</wf>
         <wf lemma="hogy" pos="X">hogy</wf>
         <wf lemma="nem" pos="X">nem</wf>
         <wf lemma="jellemző" pos="X">jellemző</wf>
         <wf lemma="rá" pos="X">rá</wf>
         <wf lemma="a" pos="X">a</wf>
         <wf lemma="mértéktartó" pos="X">mértéktartó</wf>
         <wf lemma="ivás" pos="X">ivás</wf>
         <instance id="d000.s2727.t000" lemma="kultúra" pos="NOUN">kultúrája</instance>
         <wf lemma="." pos="X">.</wf>
      </sentence>
      <sentence id="d000.s2728" source="wordnet-hungarian">
         <wf lemma="A" pos="X">A</wf>
         <instance id="d000.s2728.t000" lemma="fagy" pos="NOUN">fagy</instance>
         <wf lemma="elől" pos="X">elől</wf>
         <wf lemma="be" pos="X">be</wf>
         <wf lemma="kell" pos="X">kell</wf>
         <wf lemma="vinni" pos="X">vinni</wf>
         <wf lemma="a" pos="X">a</wf>
         <wf lemma="virágokat" pos="X">virágokat</wf>
         <wf lemma="." pos="X">.</wf>
      </sentence>
      <sentence id="d000.s2729" source="wordnet-hungarian">
         <wf lemma="Az" pos="X">Az</wf>
         <instance id="d000.s2729.t000" lemma="elem" pos="NOUN">elme</instance>
         <wf lemma="aggodalom" pos="X">aggodalom</wf>
         <wf lemma="és" pos="X">és</wf>
         <wf lemma="feszültség" pos="X">feszültség</wf>
         <wf lemma="okozta" pos="X">okozta</wf>
         <wf lemma="betegségei" pos="X">betegségei</wf>
         <wf lemma="tönkreteszik" pos="X">tönkreteszik</wf>
         <wf lemma="a" pos="X">a</wf>
         <wf lemma="testet" pos="X">testet</wf>
         <wf lemma="." pos="X">.</wf>
      </sentence>
      <sentence id="d000.s2730" source="wordnet-hungarian">
         <wf lemma="Jobban" pos="X">Jobban</wf>
         <wf lemma="kellene" pos="X">kellene</wf>
         <wf lemma="vigyázni" pos="X">vigyázni</wf>
         <wf lemma="az" pos="X">az</wf>
         <instance id="d000.s2730.t000" lemma="egészség" pos="NOUN">egészségére</instance>
         <wf lemma="." pos="X">.</wf>
      </sentence>
      <sentence id="d000.s2731" source="wordnet-hungarian">
         <wf lemma="A" pos="X">A</wf>
         <instance id="d000.s2731.t000" lemma="vezetés" pos="NOUN">vezetés</instance>
         <wf lemma="nem" pos="X">nem</wf>
         <wf lemma="motiválta" pos="X">motiválta</wf>
         <wf lemma="a" pos="X">a</wf>
         <wf lemma="beosztottakat" pos="X">beosztottakat</wf>
         <wf lemma="." pos="X">.</wf>
      </sentence>
      <sentence id="d000.s2732" source="wordnet-hungarian">
         <wf lemma="Tengerparti" pos="X">Tengerparti</wf>
         <wf lemma="séta" pos="X">séta</wf>
         <wf lemma="során" pos="X">során</wf>
         <wf lemma="megcsodálhatod" pos="X">megcsodálhatod</wf>
         <wf lemma="a" pos="X">a</wf>
         <wf lemma="város" pos="X">város</wf>
         <wf lemma="hatalmas" pos="X">hatalmas</wf>
         <wf lemma="kikötőjét" pos="X">kikötőjét</wf>
         <wf lemma="," pos="X">,</wf>
         <wf lemma="a" pos="X">a</wf>
         <wf lemma="tengerjáró" pos="X">tengerjáró</wf>
         <wf lemma="hajókat" pos="X">hajókat</wf>
         <wf lemma="és" pos="X">és</wf>
         <wf lemma="a" pos="X">a</wf>
         <wf lemma="sürgő-forgó" pos="X">sürgő-forgó</wf>
         <instance id="d000.s2732.t000" lemma="dokkmunkás" pos="NOUN">dokkmunkásokat</instance>
         <wf lemma="." pos="X">.</wf>
      </sentence>
      <sentence id="d000.s2733" source="wordnet-hungarian">
         <wf lemma="A" pos="X">A</wf>
         <wf lemma="kocsi" pos="X">kocsi</wf>
         <instance id="d000.s2733.t000" lemma="elindul" pos="VERB">elindult</instance>
         <wf lemma="a" pos="X">a</wf>
         <wf lemma="faluból" pos="X">faluból</wf>
         <wf lemma="a" pos="X">a</wf>
         <wf lemma="városba" pos="X">városba</wf>
         <wf lemma="." pos="X">.</wf>
      </sentence>
      <sentence id="d000.s2734" source="wordnet-hungarian">
         <wf lemma="A" pos="X">A</wf>
         <wf lemma="magyarok" pos="X">magyarok</wf>
         <wf lemma="sok" pos="X">sok</wf>
         <instance id="d000.s2734.t000" lemma="fűszer" pos="NOUN">fűszert</instance>
         <wf lemma="használnak" pos="X">használnak</wf>
         <wf lemma="az" pos="X">az</wf>
         <wf lemma="ételeikhez" pos="X">ételeikhez</wf>
         <wf lemma="." pos="X">.</wf>
      </sentence>
      <sentence id="d000.s2735" source="wordnet-hungarian">
         <wf lemma="Az" pos="X">Az</wf>
         <wf lemma="ebből" pos="X">ebből</wf>
         <wf lemma="a" pos="X">a</wf>
         <instance id="d000.s2735.t000" lemma="populáció" pos="NOUN">populációból</instance>
         <wf lemma="vett" pos="X">vett</wf>
         <wf lemma="minta" pos="X">minta</wf>
         <wf lemma="is" pos="X">is</wf>
         <wf lemma="közelít" pos="X">közelít</wf>
         <wf lemma="az" pos="X">az</wf>
         <wf lemma="átlaghoz" pos="X">átlaghoz</wf>
         <wf lemma="." pos="X">.</wf>
      </sentence>
      <sentence id="d000.s2736" source="wordnet-hungarian">
         <wf lemma="A" pos="X">A</wf>
         <instance id="d000.s2736.t000" lemma="főpincér" pos="NOUN">főpincér</instance>
         <wf lemma="egyszerre" pos="X">egyszerre</wf>
         <wf lemma="két" pos="X">két</wf>
         <wf lemma="parádi" pos="X">parádi</wf>
         <wf lemma="vizes" pos="X">vizes</wf>
         <wf lemma="üveget" pos="X">üveget</wf>
         <wf lemma="állított" pos="X">állított</wf>
         <wf lemma="tálcán" pos="X">tálcán</wf>
         <wf lemma="a" pos="X">a</wf>
         <wf lemma="vendég" pos="X">vendég</wf>
         <wf lemma="elé" pos="X">elé</wf>
         <wf lemma="." pos="X">.</wf>
      </sentence>
      <sentence id="d000.s2737" source="wordnet-hungarian">
         <wf lemma="Az" pos="X">Az</wf>
         <wf lemma="oroszlán" pos="X">oroszlán</wf>
         <wf lemma="az" pos="X">az</wf>
         <wf lemma="állatok" pos="X">állatok</wf>
         <instance id="d000.s2737.t000" lemma="király" pos="NOUN">királya</instance>
         <wf lemma="." pos="X">.</wf>
      </sentence>
      <sentence id="d000.s2738" source="wordnet-hungarian">
         <wf lemma="Bolyai" pos="X">Bolyai</wf>
         <wf lemma="a" pos="X">a</wf>
         <instance id="d000.s2738.t000" lemma="matematika" pos="NOUN">matematika</instance>
         <wf lemma="egy" pos="X">egy</wf>
         <wf lemma="világszerte" pos="X">világszerte</wf>
         <wf lemma="híres" pos="X">híres</wf>
         <wf lemma="mestere" pos="X">mestere</wf>
         <wf lemma="." pos="X">.</wf>
      </sentence>
      <sentence id="d000.s2739" source="wordnet-hungarian">
         <wf lemma="Egyre" pos="X">Egyre</wf>
         <wf lemma="nőtt" pos="X">nőtt</wf>
         <wf lemma="a" pos="X">a</wf>
         <instance id="d000.s2739.t000" lemma="nyugtalanság" pos="NOUN">nyugtalanság</instance>
         <wf lemma="a" pos="X">a</wf>
         <wf lemma="parasztok" pos="X">parasztok</wf>
         <wf lemma="körében" pos="X">körében</wf>
         <wf lemma="." pos="X">.</wf>
      </sentence>
      <sentence id="d000.s2740" source="wordnet-hungarian">
         <wf lemma="A" pos="X">A</wf>
         <wf lemma="bálna" pos="X">bálna</wf>
         <wf lemma="az" pos="X">az</wf>
         <wf lemma="emlősök" pos="X">emlősök</wf>
         <wf lemma="osztályába" pos="X">osztályába</wf>
         <instance id="d000.s2740.t000" lemma="tartozik" pos="VERB">tartozik</instance>
         <wf lemma="." pos="X">.</wf>
      </sentence>
      <sentence id="d000.s2741" source="wordnet-hungarian">
         <wf lemma="Százak" pos="X">Százak</wf>
         <wf lemma="jelentek" pos="X">jelentek</wf>
         <wf lemma="meg" pos="X">meg</wf>
         <instance id="d000.s2741.t000" lemma="temetés" pos="NOUN">temetésén</instance>
         <wf lemma="." pos="X">.</wf>
      </sentence>
      <sentence id="d000.s2742" source="wordnet-hungarian">
         <wf lemma="A" pos="X">A</wf>
         <wf lemma="diák" pos="X">diák</wf>
         <wf lemma="a" pos="X">a</wf>
         <wf lemma="könyv" pos="X">könyv</wf>
         <wf lemma="utolsó" pos="X">utolsó</wf>
         <wf lemma="oldalára" pos="X">oldalára</wf>
         <instance id="d000.s2742.t000" lemma="fordít" pos="VERB">fordított</instance>
         <wf lemma="." pos="X">.</wf>
      </sentence>
      <sentence id="d000.s2743" source="wordnet-hungarian">
         <wf lemma="A" pos="X">A</wf>
         <instance id="d000.s2743.t000" lemma="piros" pos="NOUN">piros</instance>
         <wf lemma="a" pos="X">a</wf>
         <wf lemma="szerelem" pos="X">szerelem</wf>
         <wf lemma="színe" pos="X">színe</wf>
         <wf lemma="." pos="X">.</wf>
      </sentence>
      <sentence id="d000.s2744" source="wordnet-hungarian">
         <wf lemma="A" pos="X">A</wf>
         <wf lemma="készítmény" pos="X">készítmény</wf>
         <instance id="d000.s2744.t000" lemma="nitrát" pos="NOUN">nitrátot</instance>
         <wf lemma="és" pos="X">és</wf>
         <wf lemma="bivalens" pos="X">bivalens</wf>
         <wf lemma="fémionokat" pos="X">fémionokat</wf>
         <wf lemma="nem" pos="X">nem</wf>
         <wf lemma="tartalmaz" pos="X">tartalmaz</wf>
         <wf lemma="." pos="X">.</wf>
      </sentence>
      <sentence id="d000.s2745" source="wordnet-hungarian">
         <wf lemma="A" pos="X">A</wf>
         <wf lemma="német" pos="X">német</wf>
         <instance id="d000.s2745.t000" lemma="papság" pos="NOUN">papság</instance>
         <wf lemma="nem" pos="X">nem</wf>
         <wf lemma="rokonszenvezett" pos="X">rokonszenvezett</wf>
         <wf lemma="a" pos="X">a</wf>
         <wf lemma="nácizmussal" pos="X">nácizmussal</wf>
         <wf lemma="." pos="X">.</wf>
      </sentence>
      <sentence id="d000.s2746" source="wordnet-hungarian">
         <wf lemma="A" pos="X">A</wf>
         <wf lemma="színezett" pos="X">színezett</wf>
         <wf lemma="," pos="X">,</wf>
         <wf lemma="áttetsző" pos="X">áttetsző</wf>
         <instance id="d000.s2746.t000" lemma="berill" pos="NOUN">berill</instance>
         <wf lemma="olyan" pos="X">olyan</wf>
         <wf lemma="," pos="X">,</wf>
         <wf lemma="mint" pos="X">mint</wf>
         <wf lemma="a" pos="X">a</wf>
         <wf lemma="drágakő" pos="X">drágakő</wf>
         <wf lemma="." pos="X">.</wf>
      </sentence>
      <sentence id="d000.s2747" source="wordnet-hungarian">
         <wf lemma="Aratásba" pos="X">Aratásba</wf>
         <instance id="d000.s2747.t000" lemma="fog" pos="VERB">fogtunk</instance>
         <wf lemma="." pos="X">.</wf>
      </sentence>
      <sentence id="d000.s2748" source="wordnet-hungarian">
         <wf lemma="A" pos="X">A</wf>
         <wf lemma="hintaágyunk" pos="X">hintaágyunk</wf>
         <wf lemma="nem" pos="X">nem</wf>
         <instance id="d000.s2748.t000" lemma="bír" pos="VERB">bír</instance>
         <wf lemma="el" pos="X">el</wf>
         <wf lemma="4" pos="X">4</wf>
         <wf lemma="felnőttet" pos="X">felnőttet</wf>
         <wf lemma="." pos="X">.</wf>
      </sentence>
      <sentence id="d000.s2749" source="wordnet-hungarian">
         <wf lemma="Ha" pos="X">Ha</wf>
         <wf lemma="bármiféle" pos="X">bármiféle</wf>
         <instance id="d000.s2749.t000" lemma="hiba" pos="NOUN">hibát</instance>
         <wf lemma="tapasztal" pos="X">tapasztal</wf>
         <wf lemma="a" pos="X">a</wf>
         <wf lemma="működésben" pos="X">működésben</wf>
         <wf lemma="," pos="X">,</wf>
         <wf lemma="kérem" pos="X">kérem</wf>
         <wf lemma="," pos="X">,</wf>
         <wf lemma="hozza" pos="X">hozza</wf>
         <wf lemma="vissza" pos="X">vissza</wf>
         <wf lemma="az" pos="X">az</wf>
         <wf lemma="árut" pos="X">árut</wf>
         <wf lemma="." pos="X">.</wf>
      </sentence>
      <sentence id="d000.s2750" source="wordnet-hungarian">
         <instance id="d000.s2750.t000" lemma="megy" pos="VERB">Megy</instance>
         <wf lemma="ez" pos="X">ez</wf>
         <wf lemma="az" pos="X">az</wf>
         <wf lemma="ing" pos="X">ing</wf>
         <wf lemma="a" pos="X">a</wf>
         <wf lemma="nadrágomhoz" pos="X">nadrágomhoz</wf>
         <wf lemma="?" pos="X">?</wf>
      </sentence>
      <sentence id="d000.s2751" source="wordnet-hungarian">
         <wf lemma="A" pos="X">A</wf>
         <wf lemma="károsultakat" pos="X">károsultakat</wf>
         <wf lemma="pénzjuttatással" pos="X">pénzjuttatással</wf>
         <instance id="d000.s2751.t000" lemma="kárpótol" pos="VERB">kárpótolták</instance>
         <wf lemma="." pos="X">.</wf>
      </sentence>
      <sentence id="d000.s2752" source="wordnet-hungarian">
         <wf lemma="A" pos="X">A</wf>
         <instance id="d000.s2752.t000" lemma="bokszer" pos="NOUN">bokszerek</instance>
         <wf lemma="1900-ban" pos="X">1900-ban</wf>
         <wf lemma="fegyvert" pos="X">fegyvert</wf>
         <wf lemma="fogtak" pos="X">fogtak</wf>
         <wf lemma="," pos="X">,</wf>
         <wf lemma="bevonultak" pos="X">bevonultak</wf>
         <wf lemma="Pekingbe" pos="X">Pekingbe</wf>
         <wf lemma="és" pos="X">és</wf>
         <wf lemma="európai" pos="X">európai</wf>
         <wf lemma="üzleteket" pos="X">üzleteket</wf>
         <wf lemma="gyújtottak" pos="X">gyújtottak</wf>
         <wf lemma="fel" pos="X">fel</wf>
         <wf lemma="," pos="X">,</wf>
         <wf lemma="keresztény" pos="X">keresztény</wf>
         <wf lemma="kínaiakat" pos="X">kínaiakat</wf>
         <wf lemma="mészároltak" pos="X">mészároltak</wf>
         <wf lemma="le" pos="X">le</wf>
         <wf lemma="," pos="X">,</wf>
         <wf lemma="ostrom" pos="X">ostrom</wf>
         <wf lemma="alá" pos="X">alá</wf>
         <wf lemma="vették" pos="X">vették</wf>
         <wf lemma="a" pos="X">a</wf>
         <wf lemma="követségi" pos="X">követségi</wf>
         <wf lemma="negyedet" pos="X">negyedet</wf>
         <wf lemma="." pos="X">.</wf>
      </sentence>
      <sentence id="d000.s2753" source="wordnet-hungarian">
         <wf lemma="Évekkel" pos="X">Évekkel</wf>
         <wf lemma="ezelőtt" pos="X">ezelőtt</wf>
         <wf lemma="a" pos="X">a</wf>
         <instance id="d000.s2753.t000" lemma="torokgyík" pos="NOUN">torokgyík</instance>
         <wf lemma="gyermekek" pos="X">gyermekek</wf>
         <wf lemma="esetén" pos="X">esetén</wf>
         <wf lemma="az" pos="X">az</wf>
         <wf lemma="egyik" pos="X">egyik</wf>
         <wf lemma="vezető" pos="X">vezető</wf>
         <wf lemma="halálok" pos="X">halálok</wf>
         <wf lemma="volt" pos="X">volt</wf>
         <wf lemma="." pos="X">.</wf>
      </sentence>
      <sentence id="d000.s2754" source="wordnet-hungarian">
         <wf lemma="A" pos="X">A</wf>
         <wf lemma="háromszög" pos="X">háromszög</wf>
         <instance id="d000.s2754.t000" lemma="alap" pos="NOUN">alapja</instance>
         <wf lemma="13" pos="X">13</wf>
         <wf lemma="cm." pos="X">cm.</wf>
      </sentence>
      <sentence id="d000.s2755" source="wordnet-hungarian">
         <wf lemma="Ebben" pos="X">Ebben</wf>
         <wf lemma="az" pos="X">az</wf>
         <instance id="d000.s2755.t000" lemma="eset" pos="NOUN">esetben</instance>
         <wf lemma="kivételt" pos="X">kivételt</wf>
         <wf lemma="teszek" pos="X">teszek</wf>
         <wf lemma="." pos="X">.</wf>
      </sentence>
      <sentence id="d000.s2756" source="wordnet-hungarian">
         <wf lemma="A" pos="X">A</wf>
         <wf lemma="szavazójog" pos="X">szavazójog</wf>
         <wf lemma="1907-től" pos="X">1907-től</wf>
         <wf lemma="Finnországban" pos="X">Finnországban</wf>
         <wf lemma="nem" pos="X">nem</wf>
         <wf lemma="csak" pos="X">csak</wf>
         <wf lemma="a" pos="X">a</wf>
         <wf lemma="férfiak" pos="X">férfiak</wf>
         <instance id="d000.s2756.t000" lemma="kiváltság" pos="NOUN">kiváltsága</instance>
         <wf lemma="." pos="X">.</wf>
      </sentence>
      <sentence id="d000.s2757" source="wordnet-hungarian">
         <wf lemma="Jelentősen" pos="X">Jelentősen</wf>
         <wf lemma="emelkedett" pos="X">emelkedett</wf>
         <wf lemma="a" pos="X">a</wf>
         <instance id="d000.s2757.t000" lemma="szakképzés" pos="NOUN">szakképzésben</instance>
         <wf lemma="a" pos="X">a</wf>
         <wf lemma="tanulószerződéses" pos="X">tanulószerződéses</wf>
         <wf lemma="diákok" pos="X">diákok</wf>
         <wf lemma="száma" pos="X">száma</wf>
         <wf lemma="." pos="X">.</wf>
      </sentence>
      <sentence id="d000.s2758" source="wordnet-hungarian">
         <wf lemma="Ez" pos="X">Ez</wf>
         <wf lemma="a" pos="X">a</wf>
         <instance id="d000.s2758.t000" lemma="szekvencia" pos="NOUN">szekvencia</instance>
         <wf lemma="kimaradt" pos="X">kimaradt</wf>
         <wf lemma="a" pos="X">a</wf>
         <wf lemma="végső" pos="X">végső</wf>
         <wf lemma="filmből" pos="X">filmből</wf>
         <wf lemma="." pos="X">.</wf>
      </sentence>
      <sentence id="d000.s2759" source="wordnet-hungarian">
         <instance id="d000.s2759.t000" lemma="szorongás" pos="NOUN">Szorongása</instance>
         <wf lemma="korábbi" pos="X">korábbi</wf>
         <wf lemma="balsikereinek" pos="X">balsikereinek</wf>
         <wf lemma="volt" pos="X">volt</wf>
         <wf lemma="betudható" pos="X">betudható</wf>
         <wf lemma="." pos="X">.</wf>
      </sentence>
      <sentence id="d000.s2760" source="wordnet-hungarian">
         <wf lemma="Kösz" pos="X">Kösz</wf>
         <wf lemma="," pos="X">,</wf>
         <wf lemma="nem" pos="X">nem</wf>
         <instance id="d000.s2760.t000" lemma="él" pos="VERB">élek</instance>
         <wf lemma="sörrel" pos="X">sörrel</wf>
         <wf lemma="!" pos="X">!</wf>
      </sentence>
      <sentence id="d000.s2761" source="wordnet-hungarian">
         <wf lemma="A" pos="X">A</wf>
         <wf lemma="matematikai" pos="X">matematikai</wf>
         <wf lemma="filozófia" pos="X">filozófia</wf>
         <wf lemma="egyik" pos="X">egyik</wf>
         <wf lemma="legfontosabb" pos="X">legfontosabb</wf>
         <wf lemma="kérdése" pos="X">kérdése</wf>
         <wf lemma="a" pos="X">a</wf>
         <wf lemma="természetes" pos="X">természetes</wf>
         <wf lemma="számok" pos="X">számok</wf>
         <wf lemma="kielégítő" pos="X">kielégítő</wf>
         <wf lemma="értelmezése" pos="X">értelmezése</wf>
         <wf lemma="," pos="X">,</wf>
         <wf lemma="beleértve" pos="X">beleértve</wf>
         <wf lemma="a" pos="X">a</wf>
         <instance id="d000.s2761.t000" lemma="tőszám" pos="NOUN">tőszám</instance>
         <wf lemma="és" pos="X">és</wf>
         <wf lemma="törzsszám" pos="X">törzsszám</wf>
         <wf lemma="viszonyának" pos="X">viszonyának</wf>
         <wf lemma="kérdését" pos="X">kérdését</wf>
         <wf lemma="." pos="X">.</wf>
      </sentence>
      <sentence id="d000.s2762" source="wordnet-hungarian">
         <wf lemma="Azt" pos="X">Azt</wf>
         <wf lemma="hiszem" pos="X">hiszem</wf>
         <wf lemma="én" pos="X">én</wf>
         <wf lemma="vagyok" pos="X">vagyok</wf>
         <wf lemma="a" pos="X">a</wf>
         <wf lemma="legnagyobb" pos="X">legnagyobb</wf>
         <instance id="d000.s2762.t000" lemma="vitatkozó" pos="NOUN">vitatkozó</instance>
         <wf lemma="a" pos="X">a</wf>
         <wf lemma="csapatban" pos="X">csapatban</wf>
         <wf lemma="." pos="X">.</wf>
      </sentence>
      <sentence id="d000.s2763" source="wordnet-hungarian">
         <wf lemma="Az" pos="X">Az</wf>
         <instance id="d000.s2763.t000" lemma="intézet" pos="NOUN">intézet</instance>
         <wf lemma="komoly" pos="X">komoly</wf>
         <wf lemma="kutatómunkát" pos="X">kutatómunkát</wf>
         <wf lemma="végez" pos="X">végez</wf>
         <wf lemma="." pos="X">.</wf>
      </sentence>
      <sentence id="d000.s2764" source="wordnet-hungarian">
         <wf lemma="A" pos="X">A</wf>
         <wf lemma="nadrágját" pos="X">nadrágját</wf>
         <wf lemma="színes" pos="X">színes</wf>
         <instance id="d000.s2764.t000" lemma="folt" pos="NOUN">foltok</instance>
         <wf lemma="díszítették" pos="X">díszítették</wf>
         <wf lemma="." pos="X">.</wf>
      </sentence>
      <sentence id="d000.s2765" source="wordnet-hungarian">
         <wf lemma="Az" pos="X">Az</wf>
         <instance id="d000.s2765.t000" lemma="asztácium" pos="NOUN">asztácium</instance>
         <wf lemma="radioaktív" pos="X">radioaktív</wf>
         <wf lemma="módon" pos="X">módon</wf>
         <wf lemma="bomló" pos="X">bomló</wf>
         <wf lemma="elem" pos="X">elem</wf>
         <wf lemma="." pos="X">.</wf>
      </sentence>
      <sentence id="d000.s2766" source="wordnet-hungarian">
         <wf lemma="A" pos="X">A</wf>
         <wf lemma="magyar" pos="X">magyar</wf>
         <wf lemma="népi" pos="X">népi</wf>
         <wf lemma="hagyományokban" pos="X">hagyományokban</wf>
         <wf lemma="is" pos="X">is</wf>
         <wf lemma="léteznek" pos="X">léteznek</wf>
         <instance id="d000.s2766.t000" lemma="labdajáték" pos="NOUN">labdajátékok</instance>
         <wf lemma="mint" pos="X">mint</wf>
         <wf lemma="pl." pos="X">pl.</wf>
         <wf lemma="a" pos="X">a</wf>
         <wf lemma="méta" pos="X">méta</wf>
         <wf lemma="." pos="X">.</wf>
      </sentence>
      <sentence id="d000.s2767" source="wordnet-hungarian">
         <wf lemma="Az" pos="X">Az</wf>
         <wf lemma="őrök" pos="X">őrök</wf>
         <instance id="d000.s2767.t000" lemma="éheztet" pos="VERB">éheztették</instance>
         <wf lemma="a" pos="X">a</wf>
         <wf lemma="foglyokat" pos="X">foglyokat</wf>
         <wf lemma="." pos="X">.</wf>
      </sentence>
      <sentence id="d000.s2768" source="wordnet-hungarian">
         <wf lemma="A" pos="X">A</wf>
         <instance id="d000.s2768.t000" lemma="megye" pos="NOUN">megye</instance>
         <wf lemma="területén" pos="X">területén</wf>
         <wf lemma="belül" pos="X">belül</wf>
         <wf lemma="több" pos="X">több</wf>
         <wf lemma="nemzetiség" pos="X">nemzetiség</wf>
         <wf lemma="él" pos="X">él</wf>
         <wf lemma="." pos="X">.</wf>
      </sentence>
      <sentence id="d000.s2769" source="wordnet-hungarian">
         <wf lemma="Az" pos="X">Az</wf>
         <instance id="d000.s2769.t000" lemma="igemód" pos="NOUN">igemód</instance>
         <wf lemma="a" pos="X">a</wf>
         <wf lemma="beszélőnek" pos="X">beszélőnek</wf>
         <wf lemma="a" pos="X">a</wf>
         <wf lemma="mondanivalójához" pos="X">mondanivalójához</wf>
         <wf lemma="fűződő" pos="X">fűződő</wf>
         <wf lemma="viszonyát" pos="X">viszonyát</wf>
         <wf lemma="fejezi" pos="X">fejezi</wf>
         <wf lemma="ki" pos="X">ki</wf>
         <wf lemma="," pos="X">,</wf>
         <wf lemma="ezért" pos="X">ezért</wf>
         <wf lemma="sokféle" pos="X">sokféle</wf>
         <wf lemma="attitűd" pos="X">attitűd</wf>
         <wf lemma="," pos="X">,</wf>
         <wf lemma="árnyalat" pos="X">árnyalat</wf>
         <wf lemma="kifejezésére" pos="X">kifejezésére</wf>
         <wf lemma="alkalmas" pos="X">alkalmas</wf>
         <wf lemma="." pos="X">.</wf>
      </sentence>
      <sentence id="d000.s2770" source="wordnet-hungarian">
         <wf lemma="A" pos="X">A</wf>
         <instance id="d000.s2770.t000" lemma="posta" pos="NOUN">posta</instance>
         <wf lemma="naponta" pos="X">naponta</wf>
         <wf lemma="levelek" pos="X">levelek</wf>
         <wf lemma="és" pos="X">és</wf>
         <wf lemma="küldemények" pos="X">küldemények</wf>
         <wf lemma="ezreit" pos="X">ezreit</wf>
         <wf lemma="kezeli" pos="X">kezeli</wf>
         <wf lemma="és" pos="X">és</wf>
         <wf lemma="továbbítja" pos="X">továbbítja</wf>
         <wf lemma="." pos="X">.</wf>
      </sentence>
      <sentence id="d000.s2771" source="wordnet-hungarian">
         <wf lemma="Opel" pos="X">Opel</wf>
         <wf lemma="után" pos="X">után</wf>
         <wf lemma="Suzuki" pos="X">Suzuki</wf>
         <wf lemma="," pos="X">,</wf>
         <wf lemma="jó" pos="X">jó</wf>
         <instance id="d000.s2771.t000" lemma="váltás" pos="NOUN">váltás</instance>
         <wf lemma="volt" pos="X">volt</wf>
         <wf lemma="," pos="X">,</wf>
         <wf lemma="bárki" pos="X">bárki</wf>
         <wf lemma="bármit" pos="X">bármit</wf>
         <wf lemma="mond" pos="X">mond</wf>
         <wf lemma="." pos="X">.</wf>
      </sentence>
      <sentence id="d000.s2772" source="wordnet-hungarian">
         <wf lemma="Harminchat" pos="X">Harminchat</wf>
         <wf lemma="fokos" pos="X">fokos</wf>
         <instance id="d000.s2772.t000" lemma="láz" pos="NOUN">lázban</instance>
         <wf lemma="is" pos="X">is</wf>
         <wf lemma="lehet" pos="X">lehet</wf>
         <wf lemma="égni" pos="X">égni</wf>
         <wf lemma="." pos="X">.</wf>
      </sentence>
      <sentence id="d000.s2773" source="wordnet-hungarian">
         <wf lemma="Ennek" pos="X">Ennek</wf>
         <wf lemma="a" pos="X">a</wf>
         <wf lemma="ruhának" pos="X">ruhának</wf>
         <wf lemma="túl" pos="X">túl</wf>
         <wf lemma="mély" pos="X">mély</wf>
         <wf lemma="a" pos="X">a</wf>
         <instance id="d000.s2773.t000" lemma="dekoltázs" pos="NOUN">dekoltázsa</instance>
         <wf lemma="," pos="X">,</wf>
         <wf lemma="nem" pos="X">nem</wf>
         <wf lemma="való" pos="X">való</wf>
         <wf lemma="egy" pos="X">egy</wf>
         <wf lemma="üzleti" pos="X">üzleti</wf>
         <wf lemma="vacsorára" pos="X">vacsorára</wf>
         <wf lemma="." pos="X">.</wf>
      </sentence>
      <sentence id="d000.s2774" source="wordnet-hungarian">
         <wf lemma="Decemberben" pos="X">Decemberben</wf>
         <instance id="d000.s2774.t000" lemma="ünnepel" pos="VERB">ünnepeljük</instance>
         <wf lemma="a" pos="X">a</wf>
         <wf lemma="karácsonyt" pos="X">karácsonyt</wf>
         <wf lemma="." pos="X">.</wf>
      </sentence>
      <sentence id="d000.s2775" source="wordnet-hungarian">
         <wf lemma="Ez" pos="X">Ez</wf>
         <wf lemma="a" pos="X">a</wf>
         <wf lemma="levél" pos="X">levél</wf>
         <wf lemma="még" pos="X">még</wf>
         <wf lemma="semmit" pos="X">semmit</wf>
         <wf lemma="nem" pos="X">nem</wf>
         <instance id="d000.s2775.t000" lemma="bizonyít" pos="VERB">bizonyít</instance>
         <wf lemma="." pos="X">.</wf>
      </sentence>
      <sentence id="d000.s2776" source="wordnet-hungarian">
         <wf lemma="A" pos="X">A</wf>
         <wf lemma="város" pos="X">város</wf>
         <wf lemma="fölötti" pos="X">fölötti</wf>
         <wf lemma="füst" pos="X">füst</wf>
         <wf lemma="hatalmas" pos="X">hatalmas</wf>
         <instance id="d000.s2776.t000" lemma="felhő" pos="NOUN">felhőt</instance>
         <wf lemma="alkotott" pos="X">alkotott</wf>
         <wf lemma="." pos="X">.</wf>
      </sentence>
      <sentence id="d000.s2777" source="wordnet-hungarian">
         <instance id="d000.s2777.t000" lemma="hideg" pos="NOUN">Hideg</instance>
         <wf lemma="van" pos="X">van</wf>
         <wf lemma="," pos="X">,</wf>
         <wf lemma="vegyél" pos="X">vegyél</wf>
         <wf lemma="fel" pos="X">fel</wf>
         <wf lemma="valamit" pos="X">valamit</wf>
         <wf lemma="." pos="X">.</wf>
      </sentence>
      <sentence id="d000.s2778" source="wordnet-hungarian">
         <wf lemma="A" pos="X">A</wf>
         <instance id="d000.s2778.t000" lemma="vívó" pos="NOUN">vívókat</instance>
         <wf lemma="segédjeik" pos="X">segédjeik</wf>
         <wf lemma="felkérték" pos="X">felkérték</wf>
         <wf lemma="," pos="X">,</wf>
         <wf lemma="hogy" pos="X">hogy</wf>
         <wf lemma="válasszanak" pos="X">válasszanak</wf>
         <wf lemma="fegyvert" pos="X">fegyvert</wf>
         <wf lemma="." pos="X">.</wf>
      </sentence>
      <sentence id="d000.s2779" source="wordnet-hungarian">
         <wf lemma="Újrafelhasznált" pos="X">Újrafelhasznált</wf>
         <instance id="d000.s2779.t000" lemma="papír" pos="NOUN">papírból</instance>
         <wf lemma="készült" pos="X">készült</wf>
         <wf lemma="." pos="X">.</wf>
      </sentence>
      <sentence id="d000.s2780" source="wordnet-hungarian">
         <wf lemma="A" pos="X">A</wf>
         <wf lemma="külsején" pos="X">külsején</wf>
         <wf lemma="is" pos="X">is</wf>
         <wf lemma="látszik" pos="X">látszik</wf>
         <wf lemma="," pos="X">,</wf>
         <wf lemma="hogy" pos="X">hogy</wf>
         <wf lemma="igazi" pos="X">igazi</wf>
         <instance id="d000.s2780.t000" lemma="csodabogár" pos="NOUN">csodabogár</instance>
         <wf lemma="." pos="X">.</wf>
      </sentence>
      <sentence id="d000.s2781" source="wordnet-hungarian">
         <wf lemma="Ezzel" pos="X">Ezzel</wf>
         <wf lemma="a" pos="X">a</wf>
         <instance id="d000.s2781.t000" lemma="kötél" pos="NOUN">kötéllel</instance>
         <wf lemma="meg" pos="X">meg</wf>
         <wf lemma="lehetne" pos="X">lehetne</wf>
         <wf lemma="erősíteni" pos="X">erősíteni</wf>
         <wf lemma="az" pos="X">az</wf>
         <wf lemma="építményt" pos="X">építményt</wf>
         <wf lemma="." pos="X">.</wf>
      </sentence>
      <sentence id="d000.s2782" source="wordnet-hungarian">
         <wf lemma="Apa" pos="X">Apa</wf>
         <wf lemma="kocsit" pos="X">kocsit</wf>
         <instance id="d000.s2782.t000" lemma="van" pos="VERB">vontat</instance>
         <wf lemma="." pos="X">.</wf>
      </sentence>
      <sentence id="d000.s2783" source="wordnet-hungarian">
         <wf lemma="Egy" pos="X">Egy</wf>
         <wf lemma="kis" pos="X">kis</wf>
         <wf lemma="üveg" pos="X">üveg</wf>
         <instance id="d000.s2783.t000" lemma="illóolaj" pos="NOUN">illóolajat</instance>
         <wf lemma="kapott" pos="X">kapott</wf>
         <wf lemma="ajándékba" pos="X">ajándékba</wf>
         <wf lemma="." pos="X">.</wf>
      </sentence>
      <sentence id="d000.s2784" source="wordnet-hungarian">
         <wf lemma="Várj" pos="X">Várj</wf>
         <wf lemma="egy" pos="X">egy</wf>
         <instance id="d000.s2784.t000" lemma="pillanat" pos="NOUN">pillanatot</instance>
         <wf lemma="." pos="X">.</wf>
      </sentence>
      <sentence id="d000.s2785" source="wordnet-hungarian">
         <wf lemma="Az" pos="X">Az</wf>
         <instance id="d000.s2785.t000" lemma="anorexia" pos="NOUN">anorexiában</instance>
         <wf lemma="szenvedő" pos="X">szenvedő</wf>
         <wf lemma="nem" pos="X">nem</wf>
         <wf lemma="érzi" pos="X">érzi</wf>
         <wf lemma="magát" pos="X">magát</wf>
         <wf lemma="betegnek" pos="X">betegnek</wf>
         <wf lemma="." pos="X">.</wf>
      </sentence>
      <sentence id="d000.s2786" source="wordnet-hungarian">
         <wf lemma="Az" pos="X">Az</wf>
         <instance id="d000.s2786.t000" lemma="emberiség" pos="NOUN">emberiség</instance>
         <wf lemma="egyedeinek" pos="X">egyedeinek</wf>
         <wf lemma="száma" pos="X">száma</wf>
         <wf lemma="már" pos="X">már</wf>
         <wf lemma="rég" pos="X">rég</wf>
         <wf lemma="túllépte" pos="X">túllépte</wf>
         <wf lemma="a" pos="X">a</wf>
         <wf lemma="hat" pos="X">hat</wf>
         <wf lemma="milliárdot" pos="X">milliárdot</wf>
         <wf lemma="." pos="X">.</wf>
      </sentence>
      <sentence id="d000.s2787" source="wordnet-hungarian">
         <wf lemma="Az" pos="X">Az</wf>
         <wf lemma="isteni" pos="X">isteni</wf>
         <wf lemma="gondviselés" pos="X">gondviselés</wf>
         <instance id="d000.s2787.t000" lemma="működés" pos="NOUN">működése</instance>
         <wf lemma="az" pos="X">az</wf>
         <wf lemma="ember" pos="X">ember</wf>
         <wf lemma="megmentésére" pos="X">megmentésére</wf>
         <wf lemma="születéstől" pos="X">születéstől</wf>
         <wf lemma="a" pos="X">a</wf>
         <wf lemma="halálig" pos="X">halálig</wf>
         <wf lemma="tart" pos="X">tart</wf>
         <wf lemma="." pos="X">.</wf>
      </sentence>
      <sentence id="d000.s2788" source="wordnet-hungarian">
         <wf lemma="A" pos="X">A</wf>
         <wf lemma="kozmikus" pos="X">kozmikus</wf>
         <instance id="d000.s2788.t000" lemma="sugárzás" pos="NOUN">sugárzás</instance>
         <wf lemma="a" pos="X">a</wf>
         <wf lemma="Földön" pos="X">Földön</wf>
         <wf lemma="kívülről" pos="X">kívülről</wf>
         <wf lemma="származó" pos="X">származó</wf>
         <wf lemma="nagyenergiájú" pos="X">nagyenergiájú</wf>
         <wf lemma="részecskékből" pos="X">részecskékből</wf>
         <wf lemma="áll" pos="X">áll</wf>
         <wf lemma="." pos="X">.</wf>
      </sentence>
      <sentence id="d000.s2789" source="wordnet-hungarian">
         <wf lemma="A" pos="X">A</wf>
         <wf lemma="vörös" pos="X">vörös</wf>
         <wf lemma="szín" pos="X">szín</wf>
         <wf lemma="a" pos="X">a</wf>
         <wf lemma="veszély" pos="X">veszély</wf>
         <instance id="d000.s2789.t000" lemma="szimbólum" pos="NOUN">szimbóluma</instance>
         <wf lemma="." pos="X">.</wf>
      </sentence>
      <sentence id="d000.s2790" source="wordnet-hungarian">
         <wf lemma="Az" pos="X">Az</wf>
         <wf lemma="adatok" pos="X">adatok</wf>
         <wf lemma="egy" pos="X">egy</wf>
         <wf lemma="részét" pos="X">részét</wf>
         <wf lemma="a" pos="X">a</wf>
         <wf lemma="személyzeti" pos="X">személyzeti</wf>
         <instance id="d000.s2790.t000" lemma="osztály" pos="NOUN">osztály</instance>
         <wf lemma="tartja" pos="X">tartja</wf>
         <wf lemma="karban" pos="X">karban</wf>
         <wf lemma="." pos="X">.</wf>
      </sentence>
      <sentence id="d000.s2791" source="wordnet-hungarian">
         <wf lemma="Feri" pos="X">Feri</wf>
         <instance id="d000.s2791.t000" lemma="lehajol" pos="VERB">lehajolt</instance>
         <wf lemma="a" pos="X">a</wf>
         <wf lemma="szép" pos="X">szép</wf>
         <wf lemma="virágért" pos="X">virágért</wf>
         <wf lemma="." pos="X">.</wf>
      </sentence>
      <sentence id="d000.s2792" source="wordnet-hungarian">
         <wf lemma="Számoljuk" pos="X">Számoljuk</wf>
         <wf lemma="ki" pos="X">ki</wf>
         <wf lemma="az" pos="X">az</wf>
         <wf lemma="ábrán" pos="X">ábrán</wf>
         <wf lemma="jelölt" pos="X">jelölt</wf>
         <instance id="d000.s2792.t000" lemma="húr" pos="NOUN">húr</instance>
         <wf lemma="hosszát" pos="X">hosszát</wf>
         <wf lemma="." pos="X">.</wf>
      </sentence>
      <sentence id="d000.s2793" source="wordnet-hungarian">
         <wf lemma="A" pos="X">A</wf>
         <wf lemma="játékos" pos="X">játékos</wf>
         <wf lemma="a" pos="X">a</wf>
         <instance id="d000.s2793.t000" lemma="doboz" pos="NOUN">dobozban</instance>
         <wf lemma="állt" pos="X">állt</wf>
         <wf lemma="." pos="X">.</wf>
      </sentence>
      <sentence id="d000.s2794" source="wordnet-hungarian">
         <wf lemma="A" pos="X">A</wf>
         <wf lemma="szerep" pos="X">szerep</wf>
         <wf lemma="jellemző" pos="X">jellemző</wf>
         <wf lemma="megformálása" pos="X">megformálása</wf>
         <wf lemma="a" pos="X">a</wf>
         <instance id="d000.s2794.t000" lemma="homlokzat" pos="NOUN">homlokzat</instance>
         <wf lemma="." pos="X">.</wf>
      </sentence>
      <sentence id="d000.s2795" source="wordnet-hungarian">
         <wf lemma="Az" pos="X">Az</wf>
         <wf lemma="apostol" pos="X">apostol</wf>
         <wf lemma="nagyon" pos="X">nagyon</wf>
         <wf lemma="jól" pos="X">jól</wf>
         <wf lemma="tudta" pos="X">tudta</wf>
         <wf lemma="," pos="X">,</wf>
         <wf lemma="milyen" pos="X">milyen</wf>
         <wf lemma="szigorral" pos="X">szigorral</wf>
         <wf lemma="kezelték" pos="X">kezelték</wf>
         <instance id="d000.s2795.t000" lemma="rabszolga" pos="NOUN">rabszolgáikat</instance>
         <wf lemma="tulajdonosaik" pos="X">tulajdonosaik</wf>
         <wf lemma="." pos="X">.</wf>
      </sentence>
      <sentence id="d000.s2796" source="wordnet-hungarian">
         <instance id="d000.s2796.t000" lemma="héj" pos="NOUN">Héj</instance>
         <wf lemma="nélkül" pos="X">nélkül</wf>
         <wf lemma="szereti" pos="X">szereti</wf>
         <wf lemma="az" pos="X">az</wf>
         <wf lemma="almát" pos="X">almát</wf>
         <wf lemma="." pos="X">.</wf>
      </sentence>
      <sentence id="d000.s2797" source="wordnet-hungarian">
         <wf lemma="A" pos="X">A</wf>
         <wf lemma="kertben" pos="X">kertben</wf>
         <wf lemma="a" pos="X">a</wf>
         <wf lemma="vad" pos="X">vad</wf>
         <instance id="d000.s2797.t000" lemma="harangvirágfélék" pos="NOUN">harangvirágfélék</instance>
         <wf lemma="," pos="X">,</wf>
         <wf lemma="a" pos="X">a</wf>
         <wf lemma="lángszínű" pos="X">lángszínű</wf>
         <wf lemma="hérics" pos="X">hérics</wf>
         <wf lemma="," pos="X">,</wf>
         <wf lemma="vagy" pos="X">vagy</wf>
         <wf lemma="a" pos="X">a</wf>
         <wf lemma="szarkaláb" pos="X">szarkaláb</wf>
         <wf lemma="a" pos="X">a</wf>
         <wf lemma="mésztartalmat" pos="X">mésztartalmat</wf>
         <wf lemma="is" pos="X">is</wf>
         <wf lemma="jelzik" pos="X">jelzik</wf>
         <wf lemma="." pos="X">.</wf>
      </sentence>
      <sentence id="d000.s2798" source="wordnet-hungarian">
         <wf lemma="A" pos="X">A</wf>
         <instance id="d000.s2798.t000" lemma="nyáj" pos="NOUN">nyáj</instance>
         <wf lemma="lassan" pos="X">lassan</wf>
         <wf lemma="tovaballagott" pos="X">tovaballagott</wf>
         <wf lemma="a" pos="X">a</wf>
         <wf lemma="mezőn" pos="X">mezőn</wf>
         <wf lemma="." pos="X">.</wf>
      </sentence>
      <sentence id="d000.s2799" source="wordnet-hungarian">
         <wf lemma="Leverte" pos="X">Leverte</wf>
         <wf lemma="tenyerével" pos="X">tenyerével</wf>
         <wf lemma="a" pos="X">a</wf>
         <wf lemma="rendőr" pos="X">rendőr</wf>
         <instance id="d000.s2799.t000" lemma="tányérsapka" pos="NOUN">tányérsapkáját</instance>
         <wf lemma="egy" pos="X">egy</wf>
         <wf lemma="szórakozó" pos="X">szórakozó</wf>
         <wf lemma="férfi" pos="X">férfi</wf>
         <wf lemma="." pos="X">.</wf>
      </sentence>
      <sentence id="d000.s2800" source="wordnet-hungarian">
         <wf lemma="Ezen" pos="X">Ezen</wf>
         <wf lemma="a" pos="X">a</wf>
         <instance id="d000.s2800.t000" lemma="hullámsáv" pos="NOUN">hullámsávon</instance>
         <wf lemma="nem" pos="X">nem</wf>
         <wf lemma="fogható" pos="X">fogható</wf>
         <wf lemma="rádióadás" pos="X">rádióadás</wf>
         <wf lemma="." pos="X">.</wf>
      </sentence>
      <sentence id="d000.s2801" source="wordnet-hungarian">
         <wf lemma="A" pos="X">A</wf>
         <wf lemma="földkéreg" pos="X">földkéreg</wf>
         <wf lemma="0,0058" pos="X">0,0058</wf>
         <wf lemma="%-a" pos="X">%-a</wf>
         <instance id="d000.s2801.t000" lemma="nikkel" pos="NOUN">nikkel</instance>
         <wf lemma="." pos="X">.</wf>
      </sentence>
      <sentence id="d000.s2802" source="wordnet-hungarian">
         <wf lemma="A" pos="X">A</wf>
         <instance id="d000.s2802.t000" lemma="pénztárgép" pos="NOUN">pénztárgépet</instance>
         <wf lemma="már" pos="X">már</wf>
         <wf lemma="lezárták" pos="X">lezárták</wf>
         <wf lemma="." pos="X">.</wf>
      </sentence>
      <sentence id="d000.s2803" source="wordnet-hungarian">
         <wf lemma="Az" pos="X">Az</wf>
         <wf lemma="első" pos="X">első</wf>
         <wf lemma="és" pos="X">és</wf>
         <wf lemma="a" pos="X">a</wf>
         <wf lemma="második" pos="X">második</wf>
         <instance id="d000.s2803.t000" lemma="tétel" pos="NOUN">tételből</instance>
         <wf lemma="következik" pos="X">következik</wf>
         <wf lemma="a" pos="X">a</wf>
         <wf lemma="harmadik" pos="X">harmadik</wf>
         <wf lemma="." pos="X">.</wf>
      </sentence>
      <sentence id="d000.s2804" source="wordnet-hungarian">
         <wf lemma="A" pos="X">A</wf>
         <wf lemma="világon" pos="X">világon</wf>
         <wf lemma="a" pos="X">a</wf>
         <wf lemma="nyelvekhez" pos="X">nyelvekhez</wf>
         <wf lemma="hasonlóan" pos="X">hasonlóan</wf>
         <wf lemma="számos" pos="X">számos</wf>
         <instance id="d000.s2804.t000" lemma="jelnyelv" pos="NOUN">jelnyelv</instance>
         <wf lemma="létezik" pos="X">létezik</wf>
         <wf lemma="." pos="X">.</wf>
      </sentence>
      <sentence id="d000.s2805" source="wordnet-hungarian">
         <wf lemma="Vidéki" pos="X">Vidéki</wf>
         <instance id="d000.s2805.t000" lemma="uradalom" pos="NOUN">uradalmukon</instance>
         <wf lemma="lovakat" pos="X">lovakat</wf>
         <wf lemma="tartanak" pos="X">tartanak</wf>
         <wf lemma="." pos="X">.</wf>
      </sentence>
      <sentence id="d000.s2806" source="wordnet-hungarian">
         <wf lemma="A" pos="X">A</wf>
         <instance id="d000.s2806.t000" lemma="gin" pos="NOUN">gin</instance>
         <wf lemma="semleges" pos="X">semleges</wf>
         <wf lemma="gabonaszesz" pos="X">gabonaszesz</wf>
         <wf lemma="," pos="X">,</wf>
         <wf lemma="amit" pos="X">amit</wf>
         <wf lemma="borókabogyóval" pos="X">borókabogyóval</wf>
         <wf lemma="és" pos="X">és</wf>
         <wf lemma="sok" pos="X">sok</wf>
         <wf lemma="más" pos="X">más</wf>
         <wf lemma="fűszerrel" pos="X">fűszerrel</wf>
         <wf lemma="ízesítenek" pos="X">ízesítenek</wf>
         <wf lemma="." pos="X">.</wf>
      </sentence>
      <sentence id="d000.s2807" source="wordnet-hungarian">
         <wf lemma="A" pos="X">A</wf>
         <wf lemma="fű" pos="X">fű</wf>
         <wf lemma="még" pos="X">még</wf>
         <wf lemma="nedves" pos="X">nedves</wf>
         <wf lemma="volt" pos="X">volt</wf>
         <wf lemma="a" pos="X">a</wf>
         <instance id="d000.s2807.t000" lemma="harmat" pos="NOUN">harmattól</instance>
         <wf lemma="." pos="X">.</wf>
      </sentence>
      <sentence id="d000.s2808" source="wordnet-hungarian">
         <wf lemma="A" pos="X">A</wf>
         <wf lemma="vezeték" pos="X">vezeték</wf>
         <wf lemma="magas" pos="X">magas</wf>
         <instance id="d000.s2808.t000" lemma="feszültség" pos="NOUN">feszültség</instance>
         <wf lemma="alatt" pos="X">alatt</wf>
         <wf lemma="áll" pos="X">áll</wf>
         <wf lemma="." pos="X">.</wf>
      </sentence>
      <sentence id="d000.s2809" source="wordnet-hungarian">
         <wf lemma="Mi" pos="X">Mi</wf>
         <wf lemma="az" pos="X">az</wf>
         <instance id="d000.s2809.t000" lemma="állás" pos="NOUN">állás</instance>
         <wf lemma="a" pos="X">a</wf>
         <wf lemma="meccsen" pos="X">meccsen</wf>
         <wf lemma="?" pos="X">?</wf>
      </sentence>
      <sentence id="d000.s2810" source="wordnet-hungarian">
         <wf lemma="A" pos="X">A</wf>
         <wf lemma="szobrászat" pos="X">szobrászat</wf>
         <wf lemma="egy" pos="X">egy</wf>
         <wf lemma="művészeti" pos="X">művészeti</wf>
         <instance id="d000.s2810.t000" lemma="forma" pos="NOUN">forma</instance>
         <wf lemma="." pos="X">.</wf>
      </sentence>
      <sentence id="d000.s2811" source="wordnet-hungarian">
         <wf lemma="A" pos="X">A</wf>
         <instance id="d000.s2811.t000" lemma="hátúszás" pos="NOUN">hátúszás</instance>
         <wf lemma="a" pos="X">a</wf>
         <wf lemma="második" pos="X">második</wf>
         <wf lemma="elem" pos="X">elem</wf>
         <wf lemma="vegyesúszásban" pos="X">vegyesúszásban</wf>
         <wf lemma="." pos="X">.</wf>
      </sentence>
      <sentence id="d000.s2812" source="wordnet-hungarian">
         <wf lemma="A" pos="X">A</wf>
         <wf lemma="kamera" pos="X">kamera</wf>
         <instance id="d000.s2812.t000" lemma="lát" pos="VERB">látta</instance>
         <wf lemma="mit" pos="X">mit</wf>
         <wf lemma="csinálsz" pos="X">csinálsz</wf>
         <wf lemma="!" pos="X">!</wf>
      </sentence>
      <sentence id="d000.s2813" source="wordnet-hungarian">
         <wf lemma="A" pos="X">A</wf>
         <wf lemma="havazás" pos="X">havazás</wf>
         <wf lemma="42" pos="X">42</wf>
         <wf lemma="napig" pos="X">napig</wf>
         <instance id="d000.s2813.t000" lemma="tart" pos="VERB">tartott</instance>
         <wf lemma="." pos="X">.</wf>
      </sentence>
      <sentence id="d000.s2814" source="wordnet-hungarian">
         <wf lemma="A" pos="X">A</wf>
         <instance id="d000.s2814.t000" lemma="hanglejtés" pos="NOUN">hanglejtéséből</instance>
         <wf lemma="lehetett" pos="X">lehetett</wf>
         <wf lemma="érezni" pos="X">érezni</wf>
         <wf lemma="," pos="X">,</wf>
         <wf lemma="hogy" pos="X">hogy</wf>
         <wf lemma="tud" pos="X">tud</wf>
         <wf lemma="valamit" pos="X">valamit</wf>
         <wf lemma="." pos="X">.</wf>
      </sentence>
      <sentence id="d000.s2815" source="wordnet-hungarian">
         <wf lemma="A" pos="X">A</wf>
         <instance id="d000.s2815.t000" lemma="számláló" pos="NOUN">számlálót</instance>
         <wf lemma="megszoroztuk" pos="X">megszoroztuk</wf>
         <wf lemma="hárommal" pos="X">hárommal</wf>
         <wf lemma="." pos="X">.</wf>
      </sentence>
      <sentence id="d000.s2816" source="wordnet-hungarian">
         <instance id="d000.s2816.t000" lemma="pont" pos="NOUN">Pontokkal</instance>
         <wf lemma="jelölte" pos="X">jelölte</wf>
         <wf lemma="az" pos="X">az</wf>
         <wf lemma="ismeretlen" pos="X">ismeretlen</wf>
         <wf lemma="szó" pos="X">szó</wf>
         <wf lemma="helyét" pos="X">helyét</wf>
         <wf lemma="." pos="X">.</wf>
      </sentence>
      <sentence id="d000.s2817" source="wordnet-hungarian">
         <wf lemma="A" pos="X">A</wf>
         <wf lemma="mérkőzést" pos="X">mérkőzést</wf>
         <wf lemma="nyolc" pos="X">nyolc</wf>
         <wf lemma="órakor" pos="X">órakor</wf>
         <instance id="d000.s2817.t000" lemma="kezd" pos="VERB">kezdték</instance>
         <wf lemma="." pos="X">.</wf>
      </sentence>
      <sentence id="d000.s2818" source="wordnet-hungarian">
         <wf lemma="Drága" pos="X">Drága</wf>
         <wf lemma="a" pos="X">a</wf>
         <instance id="d000.s2818.t000" lemma="nyersanyag" pos="NOUN">nyersanyag</instance>
         <wf lemma="." pos="X">.</wf>
      </sentence>
      <sentence id="d000.s2819" source="wordnet-hungarian">
         <wf lemma="A" pos="X">A</wf>
         <wf lemma="sikeres" pos="X">sikeres</wf>
         <wf lemma="városban" pos="X">városban</wf>
         <wf lemma="erős" pos="X">erős</wf>
         <wf lemma="és" pos="X">és</wf>
         <wf lemma="gyarapodó" pos="X">gyarapodó</wf>
         <wf lemma="a" pos="X">a</wf>
         <instance id="d000.s2819.t000" lemma="középosztály" pos="NOUN">középosztály</instance>
         <wf lemma="." pos="X">.</wf>
      </sentence>
      <sentence id="d000.s2820" source="wordnet-hungarian">
         <wf lemma="A" pos="X">A</wf>
         <wf lemma="görög-katolikus" pos="X">görög-katolikus</wf>
         <wf lemma="templom" pos="X">templom</wf>
         <instance id="d000.s2820.t000" lemma="birtoklás" pos="NOUN">birtoklása</instance>
         <wf lemma="miatt" pos="X">miatt</wf>
         <wf lemma="civakodnak" pos="X">civakodnak</wf>
         <wf lemma="a" pos="X">a</wf>
         <wf lemma="Bihar" pos="X">Bihar</wf>
         <wf lemma="megyei" pos="X">megyei</wf>
         <wf lemma="Belényesvalány" pos="X">Belényesvalány</wf>
         <wf lemma="lakói" pos="X">lakói</wf>
         <wf lemma="." pos="X">.</wf>
      </sentence>
      <sentence id="d000.s2821" source="wordnet-hungarian">
         <wf lemma="Egy" pos="X">Egy</wf>
         <wf lemma="nő" pos="X">nő</wf>
         <wf lemma="életkorát" pos="X">életkorát</wf>
         <wf lemma="firtatni" pos="X">firtatni</wf>
         <wf lemma="több" pos="X">több</wf>
         <wf lemma="," pos="X">,</wf>
         <wf lemma="mint" pos="X">mint</wf>
         <instance id="d000.s2821.t000" lemma="tapintatlanság" pos="NOUN">tapintatlanság</instance>
         <wf lemma="." pos="X">.</wf>
      </sentence>
      <sentence id="d000.s2822" source="wordnet-hungarian">
         <wf lemma="Nagy" pos="X">Nagy</wf>
         <instance id="d000.s2822.t000" lemma="fontosság" pos="NOUN">fontossággal</instance>
         <wf lemma="bír" pos="X">bír</wf>
         <wf lemma="a" pos="X">a</wf>
         <wf lemma="kellő" pos="X">kellő</wf>
         <wf lemma="mennyiségű" pos="X">mennyiségű</wf>
         <wf lemma="és" pos="X">és</wf>
         <wf lemma="minőségű" pos="X">minőségű</wf>
         <wf lemma="tápanyagok" pos="X">tápanyagok</wf>
         <wf lemma="bevitele" pos="X">bevitele</wf>
         <wf lemma="." pos="X">.</wf>
      </sentence>
      <sentence id="d000.s2823" source="wordnet-hungarian">
         <wf lemma="A" pos="X">A</wf>
         <instance id="d000.s2823.t000" lemma="kitevő" pos="NOUN">kitevő</instance>
         <wf lemma="az" pos="X">az</wf>
         <wf lemma="egyetlen" pos="X">egyetlen</wf>
         <wf lemma="ismeretlen" pos="X">ismeretlen</wf>
         <wf lemma="az" pos="X">az</wf>
         <wf lemma="egyenletben" pos="X">egyenletben</wf>
         <wf lemma="." pos="X">.</wf>
      </sentence>
      <sentence id="d000.s2824" source="wordnet-hungarian">
         <wf lemma="A" pos="X">A</wf>
         <wf lemma="nagymamám" pos="X">nagymamám</wf>
         <wf lemma="a" pos="X">a</wf>
         <instance id="d000.s2824.t000" lemma="vérnyomásmérő" pos="NOUN">vérnyomásmérővel</instance>
         <wf lemma="méri" pos="X">méri</wf>
         <wf lemma="a" pos="X">a</wf>
         <wf lemma="vérnyomását" pos="X">vérnyomását</wf>
         <wf lemma="." pos="X">.</wf>
      </sentence>
      <sentence id="d000.s2825" source="wordnet-hungarian">
         <wf lemma="Ebédre" pos="X">Ebédre</wf>
         <wf lemma="paradicsomos" pos="X">paradicsomos</wf>
         <instance id="d000.s2825.t000" lemma="húsgombóc" pos="NOUN">húsgombóc</instance>
         <wf lemma="volt" pos="X">volt</wf>
         <wf lemma="," pos="X">,</wf>
         <wf lemma="a" pos="X">a</wf>
         <wf lemma="gyerekek" pos="X">gyerekek</wf>
         <wf lemma="alig" pos="X">alig</wf>
         <wf lemma="ettek" pos="X">ettek</wf>
         <wf lemma="belőle" pos="X">belőle</wf>
         <wf lemma="." pos="X">.</wf>
      </sentence>
      <sentence id="d000.s2826" source="wordnet-hungarian">
         <wf lemma="A" pos="X">A</wf>
         <wf lemma="maoisták" pos="X">maoisták</wf>
         <wf lemma="vezetője" pos="X">vezetője</wf>
         <wf lemma="Kathmanduban" pos="X">Kathmanduban</wf>
         <wf lemma="kijelentette" pos="X">kijelentette</wf>
         <wf lemma="," pos="X">,</wf>
         <wf lemma="hogy" pos="X">hogy</wf>
         <wf lemma="a" pos="X">a</wf>
         <instance id="d000.s2826.t000" lemma="nepáli" pos="NOUN">nepáliak</instance>
         <wf lemma="többségének" pos="X">többségének</wf>
         <wf lemma="nem" pos="X">nem</wf>
         <wf lemma="kell" pos="X">kell</wf>
         <wf lemma="a" pos="X">a</wf>
         <wf lemma="monarchia" pos="X">monarchia</wf>
         <wf lemma="." pos="X">.</wf>
      </sentence>
      <sentence id="d000.s2827" source="wordnet-hungarian">
         <wf lemma="A" pos="X">A</wf>
         <instance id="d000.s2827.t000" lemma="könyvszekrény" pos="NOUN">könyvszekrény</instance>
         <wf lemma="a" pos="X">a</wf>
         <wf lemma="fal" pos="X">fal</wf>
         <wf lemma="mellett" pos="X">mellett</wf>
         <wf lemma="," pos="X">,</wf>
         <wf lemma="az" pos="X">az</wf>
         <wf lemma="asztal" pos="X">asztal</wf>
         <wf lemma="mögött" pos="X">mögött</wf>
         <wf lemma="helyezkedik" pos="X">helyezkedik</wf>
         <wf lemma="el" pos="X">el</wf>
         <wf lemma="." pos="X">.</wf>
      </sentence>
      <sentence id="d000.s2828" source="wordnet-hungarian">
         <wf lemma="A" pos="X">A</wf>
         <wf lemma="felperes" pos="X">felperes</wf>
         <wf lemma="nem" pos="X">nem</wf>
         <wf lemma="egy" pos="X">egy</wf>
         <wf lemma="egyszerű" pos="X">egyszerű</wf>
         <instance id="d000.s2828.t000" lemma="eset" pos="NOUN">eset</instance>
         <wf lemma="." pos="X">.</wf>
      </sentence>
      <sentence id="d000.s2829" source="wordnet-hungarian">
         <wf lemma="Minden" pos="X">Minden</wf>
         <wf lemma="negyedik" pos="X">negyedik</wf>
         <wf lemma="év" pos="X">év</wf>
         <instance id="d000.s2829.t000" lemma="szökőév" pos="NOUN">szökőév</instance>
         <wf lemma="." pos="X">.</wf>
      </sentence>
      <sentence id="d000.s2830" source="wordnet-hungarian">
         <wf lemma="A" pos="X">A</wf>
         <wf lemma="vészhelyez" pos="X">vészhelyez</wf>
         <wf lemma="felerősítette" pos="X">felerősítette</wf>
         <wf lemma="koncentrációs" pos="X">koncentrációs</wf>
         <instance id="d000.s2830.t000" lemma="képesség" pos="NOUN">képességét</instance>
         <wf lemma="." pos="X">.</wf>
      </sentence>
      <sentence id="d000.s2831" source="wordnet-hungarian">
         <wf lemma="Én" pos="X">Én</wf>
         <instance id="d000.s2831.t000" lemma="mond" pos="VERB">mondom</instance>
         <wf lemma="," pos="X">,</wf>
         <wf lemma="ez" pos="X">ez</wf>
         <wf lemma="az" pos="X">az</wf>
         <wf lemma="ember" pos="X">ember</wf>
         <wf lemma="őrült" pos="X">őrült</wf>
         <wf lemma="." pos="X">.</wf>
      </sentence>
      <sentence id="d000.s2832" source="wordnet-hungarian">
         <wf lemma="Az" pos="X">Az</wf>
         <instance id="d000.s2832.t000" lemma="apex" pos="NOUN">apex</instance>
         <wf lemma="a" pos="X">a</wf>
         <wf lemma="keringési" pos="X">keringési</wf>
         <wf lemma="centrumtól" pos="X">centrumtól</wf>
         <wf lemma="mért" pos="X">mért</wf>
         <wf lemma="legtávolabbi" pos="X">legtávolabbi</wf>
         <wf lemma="pont" pos="X">pont</wf>
         <wf lemma="." pos="X">.</wf>
      </sentence>
      <sentence id="d000.s2833" source="wordnet-hungarian">
         <wf lemma="Apa" pos="X">Apa</wf>
         <wf lemma="általában" pos="X">általában</wf>
         <wf lemma="karosszékében" pos="X">karosszékében</wf>
         <instance id="d000.s2833.t000" lemma="elmélkedik" pos="VERB">elmélkedik</instance>
         <wf lemma="." pos="X">.</wf>
      </sentence>
      <sentence id="d000.s2834" source="wordnet-hungarian">
         <wf lemma="Korcsolyázás" pos="X">Korcsolyázás</wf>
         <wf lemma="közben" pos="X">közben</wf>
         <wf lemma="eltörte" pos="X">eltörte</wf>
         <wf lemma="a" pos="X">a</wf>
         <instance id="d000.s2834.t000" lemma="csukló" pos="NOUN">csuklóját</instance>
         <wf lemma="." pos="X">.</wf>
      </sentence>
      <sentence id="d000.s2835" source="wordnet-hungarian">
         <wf lemma="A" pos="X">A</wf>
         <wf lemma="bárzongorista" pos="X">bárzongorista</wf>
         <instance id="d000.s2835.t000" lemma="vonz" pos="VERB">vonzza</instance>
         <wf lemma="a" pos="X">a</wf>
         <wf lemma="vendégeket" pos="X">vendégeket</wf>
         <wf lemma="." pos="X">.</wf>
      </sentence>
      <sentence id="d000.s2836" source="wordnet-hungarian">
         <wf lemma="Az" pos="X">Az</wf>
         <wf lemma="Egyesült" pos="X">Egyesült</wf>
         <wf lemma="Államokkal" pos="X">Államokkal</wf>
         <wf lemma="szembeni" pos="X">szembeni</wf>
         <wf lemma="kemény" pos="X">kemény</wf>
         <wf lemma="ellenállásra" pos="X">ellenállásra</wf>
         <wf lemma="szólította" pos="X">szólította</wf>
         <wf lemma="az" pos="X">az</wf>
         <instance id="d000.s2836.t000" lemma="iraki" pos="NOUN">irakiakat</instance>
         <wf lemma="és" pos="X">és</wf>
         <wf lemma="általában" pos="X">általában</wf>
         <wf lemma="a" pos="X">a</wf>
         <wf lemma="muszlimokat" pos="X">muszlimokat</wf>
         <wf lemma="Oszama" pos="X">Oszama</wf>
         <wf lemma="bin" pos="X">bin</wf>
         <wf lemma="Laden" pos="X">Laden</wf>
         <wf lemma="." pos="X">.</wf>
      </sentence>
      <sentence id="d000.s2837" source="wordnet-hungarian">
         <wf lemma="Az" pos="X">Az</wf>
         <wf lemma="ismert" pos="X">ismert</wf>
         <wf lemma="biológus" pos="X">biológus</wf>
         <wf lemma="holnap" pos="X">holnap</wf>
         <instance id="d000.s2837.t000" lemma="beszél" pos="VERB">beszél</instance>
         <wf lemma="a" pos="X">a</wf>
         <wf lemma="konferencián" pos="X">konferencián</wf>
         <wf lemma="." pos="X">.</wf>
      </sentence>
      <sentence id="d000.s2838" source="wordnet-hungarian">
         <wf lemma="A" pos="X">A</wf>
         <instance id="d000.s2838.t000" lemma="ribizli" pos="NOUN">ribizli</instance>
         <wf lemma="szörp" pos="X">szörp</wf>
         <wf lemma="fogyasztása" pos="X">fogyasztása</wf>
         <wf lemma="azoknak" pos="X">azoknak</wf>
         <wf lemma="ajánlatos" pos="X">ajánlatos</wf>
         <wf lemma="," pos="X">,</wf>
         <wf lemma="akiknek" pos="X">akiknek</wf>
         <wf lemma="gyakran" pos="X">gyakran</wf>
         <wf lemma="vérzik" pos="X">vérzik</wf>
         <wf lemma="a" pos="X">a</wf>
         <wf lemma="fogínyük" pos="X">fogínyük</wf>
         <wf lemma="," pos="X">,</wf>
         <wf lemma="illetve" pos="X">illetve</wf>
         <wf lemma="más" pos="X">más</wf>
         <wf lemma="kapilláris" pos="X">kapilláris</wf>
         <wf lemma="erezetük" pos="X">erezetük</wf>
         <wf lemma=";" pos="X">;</wf>
         <wf lemma="azoknak" pos="X">azoknak</wf>
         <wf lemma="is" pos="X">is</wf>
         <wf lemma="segít" pos="X">segít</wf>
         <wf lemma="," pos="X">,</wf>
         <wf lemma="akik" pos="X">akik</wf>
         <wf lemma="vérzékenységben" pos="X">vérzékenységben</wf>
         <wf lemma="szenvednek" pos="X">szenvednek</wf>
         <wf lemma="." pos="X">.</wf>
      </sentence>
      <sentence id="d000.s2839" source="wordnet-hungarian">
         <wf lemma="Még" pos="X">Még</wf>
         <wf lemma="két" pos="X">két</wf>
         <wf lemma="ország" pos="X">ország</wf>
         <instance id="d000.s2839.t000" lemma="csatlakozik" pos="VERB">csatlakozott</instance>
         <wf lemma="a" pos="X">a</wf>
         <wf lemma="multilaterális" pos="X">multilaterális</wf>
         <wf lemma="tárgyalássorozathoz" pos="X">tárgyalássorozathoz</wf>
         <wf lemma="." pos="X">.</wf>
      </sentence>
      <sentence id="d000.s2840" source="wordnet-hungarian">
         <wf lemma="A" pos="X">A</wf>
         <wf lemma="gyilkosság" pos="X">gyilkosság</wf>
         <wf lemma="mindenekelőtt" pos="X">mindenekelőtt</wf>
         <wf lemma="Isten" pos="X">Isten</wf>
         <wf lemma="elleni" pos="X">elleni</wf>
         <instance id="d000.s2840.t000" lemma="bűn" pos="NOUN">bűn</instance>
         <wf lemma="," pos="X">,</wf>
         <wf lemma="mivel" pos="X">mivel</wf>
         <wf lemma="Isten" pos="X">Isten</wf>
         <wf lemma="képét" pos="X">képét</wf>
         <wf lemma="támadja" pos="X">támadja</wf>
         <wf lemma="meg" pos="X">meg</wf>
         <wf lemma="," pos="X">,</wf>
         <wf lemma="öli" pos="X">öli</wf>
         <wf lemma="meg" pos="X">meg</wf>
         <wf lemma="a" pos="X">a</wf>
         <wf lemma="másik" pos="X">másik</wf>
         <wf lemma="emberben" pos="X">emberben</wf>
         <wf lemma="." pos="X">.</wf>
      </sentence>
      <sentence id="d000.s2841" source="wordnet-hungarian">
         <wf lemma="A" pos="X">A</wf>
         <wf lemma="túrára" pos="X">túrára</wf>
         <wf lemma="feltétlenül" pos="X">feltétlenül</wf>
         <wf lemma="hozz" pos="X">hozz</wf>
         <wf lemma="magaddal" pos="X">magaddal</wf>
         <instance id="d000.s2841.t000" lemma="hálózsák" pos="NOUN">hálózsákot</instance>
         <wf lemma="!" pos="X">!</wf>
      </sentence>
      <sentence id="d000.s2842" source="wordnet-hungarian">
         <wf lemma="Most" pos="X">Most</wf>
         <wf lemma="merre" pos="X">merre</wf>
         <instance id="d000.s2842.t000" lemma="terel" pos="VERB">tereljem</instance>
         <wf lemma="a" pos="X">a</wf>
         <wf lemma="csoportot" pos="X">csoportot</wf>
         <wf lemma="?" pos="X">?</wf>
      </sentence>
      <sentence id="d000.s2843" source="wordnet-hungarian">
         <wf lemma="A" pos="X">A</wf>
         <instance id="d000.s2843.t000" lemma="tartály" pos="NOUN">tartályban</instance>
         <wf lemma="tartjuk" pos="X">tartjuk</wf>
         <wf lemma="a" pos="X">a</wf>
         <wf lemma="mérgező" pos="X">mérgező</wf>
         <wf lemma="gázokat" pos="X">gázokat</wf>
         <wf lemma="." pos="X">.</wf>
      </sentence>
      <sentence id="d000.s2844" source="wordnet-hungarian">
         <wf lemma="A" pos="X">A</wf>
         <wf lemma="sütid" pos="X">sütid</wf>
         <wf lemma="ízét" pos="X">ízét</wf>
         <wf lemma="a" pos="X">a</wf>
         <wf lemma="rohadt" pos="X">rohadt</wf>
         <wf lemma="almáéhoz" pos="X">almáéhoz</wf>
         <wf lemma="lehetne" pos="X">lehetne</wf>
         <instance id="d000.s2844.t000" lemma="hasonlít" pos="VERB">hasonlítani</instance>
         <wf lemma="." pos="X">.</wf>
      </sentence>
      <sentence id="d000.s2845" source="wordnet-hungarian">
         <wf lemma="Apának" pos="X">Apának</wf>
         <wf lemma="ezer" pos="X">ezer</wf>
         <wf lemma="dollárja" pos="X">dollárja</wf>
         <instance id="d000.s2845.t000" lemma="van" pos="VERB">van</instance>
         <wf lemma="a" pos="X">a</wf>
         <wf lemma="bankban" pos="X">bankban</wf>
         <wf lemma="." pos="X">.</wf>
      </sentence>
      <sentence id="d000.s2846" source="wordnet-hungarian">
         <wf lemma="A" pos="X">A</wf>
         <instance id="d000.s2846.t000" lemma="kor" pos="NOUN">korához</instance>
         <wf lemma="képest" pos="X">képest</wf>
         <wf lemma="nagyon" pos="X">nagyon</wf>
         <wf lemma="fejlett" pos="X">fejlett</wf>
         <wf lemma="." pos="X">.</wf>
      </sentence>
      <sentence id="d000.s2847" source="wordnet-hungarian">
         <wf lemma="Piros" pos="X">Piros</wf>
         <instance id="d000.s2847.t000" lemma="garbó" pos="NOUN">garbójának</instance>
         <wf lemma="nyaka" pos="X">nyaka</wf>
         <wf lemma="lehajtatlanul" pos="X">lehajtatlanul</wf>
         <wf lemma="a" pos="X">a</wf>
         <wf lemma="feje" pos="X">feje</wf>
         <wf lemma="fölé" pos="X">fölé</wf>
         <wf lemma="ért" pos="X">ért</wf>
         <wf lemma="." pos="X">.</wf>
      </sentence>
      <sentence id="d000.s2848" source="wordnet-hungarian">
         <wf lemma="A" pos="X">A</wf>
         <instance id="d000.s2848.t000" lemma="fotós" pos="NOUN">fotósnak</instance>
         <wf lemma="neves" pos="X">neves</wf>
         <wf lemma="napilapokban" pos="X">napilapokban</wf>
         <wf lemma="jelennek" pos="X">jelennek</wf>
         <wf lemma="meg" pos="X">meg</wf>
         <wf lemma="munkái" pos="X">munkái</wf>
         <wf lemma="." pos="X">.</wf>
      </sentence>
      <sentence id="d000.s2849" source="wordnet-hungarian">
         <wf lemma="A" pos="X">A</wf>
         <wf lemma="probléma" pos="X">probléma</wf>
         <wf lemma="megoldásához" pos="X">megoldásához</wf>
         <instance id="d000.s2849.t000" lemma="szakember" pos="NOUN">szakemberre</instance>
         <wf lemma="volt" pos="X">volt</wf>
         <wf lemma="szükség" pos="X">szükség</wf>
         <wf lemma="." pos="X">.</wf>
      </sentence>
      <sentence id="d000.s2850" source="wordnet-hungarian">
         <wf lemma="A" pos="X">A</wf>
         <wf lemma="szóba" pos="X">szóba</wf>
         <wf lemma="jöhető" pos="X">jöhető</wf>
         <wf lemma="két" pos="X">két</wf>
         <instance id="d000.s2850.t000" lemma="gyök" pos="NOUN">gyök</instance>
         <wf lemma="közül" pos="X">közül</wf>
         <wf lemma="válasszuk" pos="X">válasszuk</wf>
         <wf lemma="ki" pos="X">ki</wf>
         <wf lemma="a" pos="X">a</wf>
         <wf lemma="nagyobbat" pos="X">nagyobbat</wf>
         <wf lemma="." pos="X">.</wf>
      </sentence>
      <sentence id="d000.s2851" source="wordnet-hungarian">
         <wf lemma="Ha" pos="X">Ha</wf>
         <wf lemma="továbbra" pos="X">továbbra</wf>
         <wf lemma="is" pos="X">is</wf>
         <wf lemma="így" pos="X">így</wf>
         <instance id="d000.s2851.t000" lemma="esik" pos="VERB">esik</instance>
         <wf lemma="," pos="X">,</wf>
         <wf lemma="áradásra" pos="X">áradásra</wf>
         <wf lemma="kell" pos="X">kell</wf>
         <wf lemma="számítanunk" pos="X">számítanunk</wf>
         <wf lemma="." pos="X">.</wf>
      </sentence>
      <sentence id="d000.s2852" source="wordnet-hungarian">
         <wf lemma="Durva" pos="X">Durva</wf>
         <instance id="d000.s2852.t000" lemma="bántalmazás" pos="NOUN">bántalmazás</instance>
         <wf lemma="nyomait" pos="X">nyomait</wf>
         <wf lemma="fedezte" pos="X">fedezte</wf>
         <wf lemma="fel" pos="X">fel</wf>
         <wf lemma="az" pos="X">az</wf>
         <wf lemma="orvos" pos="X">orvos</wf>
         <wf lemma="." pos="X">.</wf>
      </sentence>
      <sentence id="d000.s2853" source="wordnet-hungarian">
         <wf lemma="Az" pos="X">Az</wf>
         <wf lemma="események" pos="X">események</wf>
         <wf lemma="a" pos="X">a</wf>
         <wf lemma="megbeszélt" pos="X">megbeszélt</wf>
         <instance id="d000.s2853.t000" lemma="rend" pos="NOUN">rend</instance>
         <wf lemma="szerint" pos="X">szerint</wf>
         <wf lemma="követték" pos="X">követték</wf>
         <wf lemma="egymást" pos="X">egymást</wf>
         <wf lemma="." pos="X">.</wf>
      </sentence>
      <sentence id="d000.s2854" source="wordnet-hungarian">
         <wf lemma="Bizonyos" pos="X">Bizonyos</wf>
         <instance id="d000.s2854.t000" lemma="protiszta" pos="NOUN">protiszták</instance>
         <wf lemma="vizekben" pos="X">vizekben</wf>
         <wf lemma="élnek" pos="X">élnek</wf>
         <wf lemma="." pos="X">.</wf>
      </sentence>
      <sentence id="d000.s2855" source="wordnet-hungarian">
         <wf lemma="A" pos="X">A</wf>
         <wf lemma="fókusztávolság" pos="X">fókusztávolság</wf>
         <wf lemma="a" pos="X">a</wf>
         <instance id="d000.s2855.t000" lemma="fókuszpont" pos="NOUN">fókuszpont</instance>
         <wf lemma="és" pos="X">és</wf>
         <wf lemma="optikai" pos="X">optikai</wf>
         <wf lemma="középpont" pos="X">középpont</wf>
         <wf lemma="távolsága" pos="X">távolsága</wf>
         <wf lemma="." pos="X">.</wf>
      </sentence>
      <sentence id="d000.s2856" source="wordnet-hungarian">
         <wf lemma="Lefirkantotta" pos="X">Lefirkantotta</wf>
         <wf lemma="egy" pos="X">egy</wf>
         <instance id="d000.s2856.t000" lemma="darab" pos="NOUN">darabka</instance>
         <wf lemma="papírra" pos="X">papírra</wf>
         <wf lemma="." pos="X">.</wf>
      </sentence>
      <sentence id="d000.s2857" source="wordnet-hungarian">
         <wf lemma="A" pos="X">A</wf>
         <instance id="d000.s2857.t000" lemma="lilaakác" pos="NOUN">lilaakác</instance>
         <wf lemma="jó" pos="X">jó</wf>
         <wf lemma="illatú" pos="X">illatú</wf>
         <wf lemma="." pos="X">.</wf>
      </sentence>
      <sentence id="d000.s2858" source="wordnet-hungarian">
         <wf lemma="Régen" pos="X">Régen</wf>
         <wf lemma="ezüstből" pos="X">ezüstből</wf>
         <wf lemma="is" pos="X">is</wf>
         <instance id="d000.s2858.t000" lemma="ver" pos="VERB">vertek</instance>
         <wf lemma="pénzt" pos="X">pénzt</wf>
         <wf lemma="." pos="X">.</wf>
      </sentence>
      <sentence id="d000.s2859" source="wordnet-hungarian">
         <wf lemma="A" pos="X">A</wf>
         <instance id="d000.s2859.t000" lemma="zápor" pos="NOUN">zápor</instance>
         <wf lemma="elmosta" pos="X">elmosta</wf>
         <wf lemma="az" pos="X">az</wf>
         <wf lemma="ünnepséget" pos="X">ünnepséget</wf>
         <wf lemma="." pos="X">.</wf>
      </sentence>
      <sentence id="d000.s2860" source="wordnet-hungarian">
         <wf lemma="Európában" pos="X">Európában</wf>
         <wf lemma="egyedül" pos="X">egyedül</wf>
         <wf lemma="majdnem" pos="X">majdnem</wf>
         <wf lemma="200" pos="X">200</wf>
         <wf lemma="millió" pos="X">millió</wf>
         <wf lemma="ember" pos="X">ember</wf>
         <wf lemma="anyanyelve" pos="X">anyanyelve</wf>
         <instance id="d000.s2860.t000" lemma="germán" pos="NOUN">germán</instance>
         <wf lemma="nyelv" pos="X">nyelv</wf>
         <wf lemma="." pos="X">.</wf>
      </sentence>
      <sentence id="d000.s2861" source="wordnet-hungarian">
         <wf lemma="Ezen" pos="X">Ezen</wf>
         <wf lemma="a" pos="X">a</wf>
         <wf lemma="héten" pos="X">héten</wf>
         <wf lemma="az" pos="X">az</wf>
         <wf lemma="MTK" pos="X">MTK</wf>
         <wf lemma="a" pos="X">a</wf>
         <wf lemma="Diósgyőrrel" pos="X">Diósgyőrrel</wf>
         <instance id="d000.s2861.t000" lemma="játszik" pos="VERB">játszik</instance>
         <wf lemma="." pos="X">.</wf>
      </sentence>
      <sentence id="d000.s2862" source="wordnet-hungarian">
         <wf lemma="A" pos="X">A</wf>
         <wf lemma="legutóbbi" pos="X">legutóbbi</wf>
         <instance id="d000.s2862.t000" lemma="szakadás" pos="NOUN">szakadás</instance>
         <wf lemma="eredményeképpen" pos="X">eredményeképpen</wf>
         <wf lemma="új" pos="X">új</wf>
         <wf lemma="politikai" pos="X">politikai</wf>
         <wf lemma="csoport" pos="X">csoport</wf>
         <wf lemma="van" pos="X">van</wf>
         <wf lemma="kialakulófélben" pos="X">kialakulófélben</wf>
         <wf lemma="a" pos="X">a</wf>
         <wf lemma="baloldalon" pos="X">baloldalon</wf>
         <wf lemma="." pos="X">.</wf>
      </sentence>
      <sentence id="d000.s2863" source="wordnet-hungarian">
         <wf lemma="A" pos="X">A</wf>
         <wf lemma="szivacsok" pos="X">szivacsok</wf>
         <instance id="d000.s2863.t000" lemma="álszövetes" pos="NOUN">álszövetesek</instance>
         <wf lemma="." pos="X">.</wf>
      </sentence>
      <sentence id="d000.s2864" source="wordnet-hungarian">
         <wf lemma="Vali" pos="X">Vali</wf>
         <wf lemma="mindig" pos="X">mindig</wf>
         <instance id="d000.s2864.t000" lemma="szétszór" pos="VERB">szétszórja</instance>
         <wf lemma="a" pos="X">a</wf>
         <wf lemma="ruháit" pos="X">ruháit</wf>
         <wf lemma="a" pos="X">a</wf>
         <wf lemma="földön" pos="X">földön</wf>
         <wf lemma="." pos="X">.</wf>
      </sentence>
      <sentence id="d000.s2865" source="wordnet-hungarian">
         <wf lemma="A" pos="X">A</wf>
         <wf lemma="hit" pos="X">hit</wf>
         <wf lemma="," pos="X">,</wf>
         <wf lemma="a" pos="X">a</wf>
         <instance id="d000.s2865.t000" lemma="remény" pos="NOUN">remény</instance>
         <wf lemma="és" pos="X">és</wf>
         <wf lemma="a" pos="X">a</wf>
         <wf lemma="szeretet" pos="X">szeretet</wf>
         <wf lemma="a" pos="X">a</wf>
         <wf lemma="három" pos="X">három</wf>
         <wf lemma="legfontosabb" pos="X">legfontosabb</wf>
         <wf lemma="erény" pos="X">erény</wf>
         <wf lemma="." pos="X">.</wf>
      </sentence>
      <sentence id="d000.s2866" source="wordnet-hungarian">
         <wf lemma="Hatost" pos="X">Hatost</wf>
         <wf lemma="dobott" pos="X">dobott</wf>
         <wf lemma="a" pos="X">a</wf>
         <instance id="d000.s2866.t000" lemma="dobókocka" pos="NOUN">dobókockával</instance>
         <wf lemma="." pos="X">.</wf>
      </sentence>
      <sentence id="d000.s2867" source="wordnet-hungarian">
         <wf lemma="Ezt" pos="X">Ezt</wf>
         <wf lemma="a" pos="X">a</wf>
         <wf lemma="feladatot" pos="X">feladatot</wf>
         <wf lemma="csak" pos="X">csak</wf>
         <instance id="d000.s2867.t000" lemma="szakmunkás" pos="NOUN">szakmunkások</instance>
         <wf lemma="tudják" pos="X">tudják</wf>
         <wf lemma="elvégezni" pos="X">elvégezni</wf>
         <wf lemma="." pos="X">.</wf>
      </sentence>
      <sentence id="d000.s2868" source="wordnet-hungarian">
         <wf lemma="A" pos="X">A</wf>
         <wf lemma="Kis-Cohárdon" pos="X">Kis-Cohárdon</wf>
         <wf lemma="sem" pos="X">sem</wf>
         <wf lemma="sziklaomlás" pos="X">sziklaomlás</wf>
         <wf lemma="," pos="X">,</wf>
         <wf lemma="sem" pos="X">sem</wf>
         <instance id="d000.s2868.t000" lemma="suvadás" pos="NOUN">suvadás</instance>
         <wf lemma="nem" pos="X">nem</wf>
         <wf lemma="történt" pos="X">történt</wf>
         <wf lemma="." pos="X">.</wf>
      </sentence>
      <sentence id="d000.s2869" source="wordnet-hungarian">
         <wf lemma="Szeptemberre" pos="X">Szeptemberre</wf>
         <wf lemma="várják" pos="X">várják</wf>
         <wf lemma="a" pos="X">a</wf>
         <instance id="d000.s2869.t000" lemma="baba" pos="NOUN">babát</instance>
         <wf lemma="." pos="X">.</wf>
      </sentence>
      <sentence id="d000.s2870" source="wordnet-hungarian">
         <wf lemma="2020-ra" pos="X">2020-ra</wf>
         <wf lemma="vajon" pos="X">vajon</wf>
         <wf lemma="mennyi" pos="X">mennyi</wf>
         <wf lemma="lesz" pos="X">lesz</wf>
         <wf lemma="a" pos="X">a</wf>
         <wf lemma="várható" pos="X">várható</wf>
         <instance id="d000.s2870.t000" lemma="élettartam" pos="NOUN">élettartam</instance>
         <wf lemma="?" pos="X">?</wf>
      </sentence>
      <sentence id="d000.s2871" source="wordnet-hungarian">
         <wf lemma="A" pos="X">A</wf>
         <wf lemma="csokréta" pos="X">csokréta</wf>
         <wf lemma="a" pos="X">a</wf>
         <wf lemma="csokor" pos="X">csokor</wf>
         <wf lemma="és" pos="X">és</wf>
         <wf lemma="bokréta" pos="X">bokréta</wf>
         <wf lemma="szavak" pos="X">szavak</wf>
         <wf lemma="összevonásával" pos="X">összevonásával</wf>
         <wf lemma="képződött" pos="X">képződött</wf>
         <instance id="d000.s2871.t000" lemma="vegyülékszó" pos="NOUN">vegyülékszó</instance>
         <wf lemma="." pos="X">.</wf>
      </sentence>
      <sentence id="d000.s2872" source="wordnet-hungarian">
         <wf lemma="Több" pos="X">Több</wf>
         <instance id="d000.s2872.t000" lemma="csomag" pos="NOUN">csomag</instance>
         <wf lemma="lemez" pos="X">lemez</wf>
         <wf lemma="kellett" pos="X">kellett</wf>
         <wf lemma="vennem" pos="X">vennem</wf>
         <wf lemma="," pos="X">,</wf>
         <wf lemma="hogy" pos="X">hogy</wf>
         <wf lemma="minden" pos="X">minden</wf>
         <wf lemma="adatot" pos="X">adatot</wf>
         <wf lemma="el" pos="X">el</wf>
         <wf lemma="tudjak" pos="X">tudjak</wf>
         <wf lemma="menteni" pos="X">menteni</wf>
         <wf lemma="." pos="X">.</wf>
      </sentence>
      <sentence id="d000.s2873" source="wordnet-hungarian">
         <wf lemma="Nagyapám" pos="X">Nagyapám</wf>
         <wf lemma="a" pos="X">a</wf>
         <instance id="d000.s2873.t000" lemma="megpróbáltatás" pos="NOUN">megpróbáltatásokat</instance>
         <wf lemma="bölcs" pos="X">bölcs</wf>
         <wf lemma="belátáson" pos="X">belátáson</wf>
         <wf lemma="alapuló" pos="X">alapuló</wf>
         <wf lemma="keménységgel" pos="X">keménységgel</wf>
         <wf lemma="és" pos="X">és</wf>
         <wf lemma="nyugodtsággal" pos="X">nyugodtsággal</wf>
         <wf lemma="elviselő" pos="X">elviselő</wf>
         <wf lemma="ember" pos="X">ember</wf>
         <wf lemma="volt" pos="X">volt</wf>
         <wf lemma="." pos="X">.</wf>
      </sentence>
      <sentence id="d000.s2874" source="wordnet-hungarian">
         <wf lemma="Nem" pos="X">Nem</wf>
         <wf lemma="tudom" pos="X">tudom</wf>
         <wf lemma="," pos="X">,</wf>
         <wf lemma="mit" pos="X">mit</wf>
         <wf lemma="hoz" pos="X">hoz</wf>
         <wf lemma="a" pos="X">a</wf>
         <instance id="d000.s2874.t000" lemma="jövő" pos="NOUN">jövő</instance>
         <wf lemma="." pos="X">.</wf>
      </sentence>
      <sentence id="d000.s2875" source="wordnet-hungarian">
         <wf lemma="Magára" pos="X">Magára</wf>
         <wf lemma="kellett" pos="X">kellett</wf>
         <wf lemma="vállalnia" pos="X">vállalnia</wf>
         <wf lemma="a" pos="X">a</wf>
         <wf lemma="felek" pos="X">felek</wf>
         <wf lemma="közt" pos="X">közt</wf>
         <wf lemma="a" pos="X">a</wf>
         <instance id="d000.s2875.t000" lemma="közvetítő" pos="NOUN">közvetítő</instance>
         <wf lemma="szerepét" pos="X">szerepét</wf>
         <wf lemma="." pos="X">.</wf>
      </sentence>
      <sentence id="d000.s2876" source="wordnet-hungarian">
         <wf lemma="A" pos="X">A</wf>
         <instance id="d000.s2876.t000" lemma="kiskorúság" pos="NOUN">kiskorúság</instance>
         <wf lemma="kizáró" pos="X">kizáró</wf>
         <wf lemma="tényező" pos="X">tényező</wf>
         <wf lemma="." pos="X">.</wf>
      </sentence>
      <sentence id="d000.s2877" source="wordnet-hungarian">
         <wf lemma="Ma" pos="X">Ma</wf>
         <wf lemma="este" pos="X">este</wf>
         <wf lemma="én" pos="X">én</wf>
         <instance id="d000.s2877.t000" lemma="áll" pos="VERB">állom</instance>
         <wf lemma="a" pos="X">a</wf>
         <wf lemma="számlát" pos="X">számlát</wf>
         <wf lemma="!" pos="X">!</wf>
      </sentence>
      <sentence id="d000.s2878" source="wordnet-hungarian">
         <wf lemma="A" pos="X">A</wf>
         <wf lemma="fa" pos="X">fa</wf>
         <instance id="d000.s2878.t000" lemma="díszítés" pos="NOUN">díszítése</instance>
         <wf lemma="délutánra" pos="X">délutánra</wf>
         <wf lemma="maradt" pos="X">maradt</wf>
         <wf lemma="." pos="X">.</wf>
      </sentence>
      <sentence id="d000.s2879" source="wordnet-hungarian">
         <wf lemma="A" pos="X">A</wf>
         <wf lemma="GPS" pos="X">GPS</wf>
         <wf lemma="által" pos="X">által</wf>
         <wf lemma="meghatározott" pos="X">meghatározott</wf>
         <instance id="d000.s2879.t000" lemma="hely" pos="NOUN">helyen</instance>
         <wf lemma="van" pos="X">van</wf>
         <wf lemma="a" pos="X">a</wf>
         <wf lemma="geoláda" pos="X">geoláda</wf>
         <wf lemma="." pos="X">.</wf>
      </sentence>
      <sentence id="d000.s2880" source="wordnet-hungarian">
         <wf lemma="Mikor" pos="X">Mikor</wf>
         <wf lemma="kiléptem" pos="X">kiléptem</wf>
         <wf lemma="az" pos="X">az</wf>
         <wf lemma="ajtón" pos="X">ajtón</wf>
         <wf lemma="," pos="X">,</wf>
         <wf lemma="akkor" pos="X">akkor</wf>
         <wf lemma="kezdett" pos="X">kezdett</wf>
         <wf lemma="el" pos="X">el</wf>
         <instance id="d000.s2880.t000" lemma="szemerkél" pos="VERB">szemerkélni</instance>
         <wf lemma="az" pos="X">az</wf>
         <wf lemma="eső" pos="X">eső</wf>
         <wf lemma="." pos="X">.</wf>
      </sentence>
      <sentence id="d000.s2881" source="wordnet-hungarian">
         <wf lemma="Ha" pos="X">Ha</wf>
         <wf lemma="nincs" pos="X">nincs</wf>
         <wf lemma="ló" pos="X">ló</wf>
         <wf lemma="," pos="X">,</wf>
         <wf lemma="jó" pos="X">jó</wf>
         <wf lemma="a" pos="X">a</wf>
         <instance id="d000.s2881.t000" lemma="szamár" pos="NOUN">szamár</instance>
         <wf lemma="is" pos="X">is</wf>
         <wf lemma="." pos="X">.</wf>
      </sentence>
      <sentence id="d000.s2882" source="wordnet-hungarian">
         <wf lemma="Ferit" pos="X">Ferit</wf>
         <wf lemma="két" pos="X">két</wf>
         <wf lemma="évnyi" pos="X">évnyi</wf>
         <wf lemma="sikeres" pos="X">sikeres</wf>
         <wf lemma="munka" pos="X">munka</wf>
         <wf lemma="után" pos="X">után</wf>
         <instance id="d000.s2882.t000" lemma="előléptet" pos="VERB">előléptették</instance>
         <wf lemma="." pos="X">.</wf>
      </sentence>
      <sentence id="d000.s2883" source="wordnet-hungarian">
         <wf lemma="Finom" pos="X">Finom</wf>
         <wf lemma="vacsorával" pos="X">vacsorával</wf>
         <wf lemma="várta" pos="X">várta</wf>
         <wf lemma="haza" pos="X">haza</wf>
         <wf lemma="az" pos="X">az</wf>
         <instance id="d000.s2883.t000" lemma="ember" pos="NOUN">emberét</instance>
         <wf lemma="." pos="X">.</wf>
      </sentence>
      <sentence id="d000.s2884" source="wordnet-hungarian">
         <wf lemma="A" pos="X">A</wf>
         <wf lemma="sötét" pos="X">sötét</wf>
         <instance id="d000.s2884.t000" lemma="triumvirátus" pos="NOUN">triumvirátus</instance>
         <wf lemma="nem" pos="X">nem</wf>
         <wf lemma="vette" pos="X">vette</wf>
         <wf lemma="át" pos="X">át</wf>
         <wf lemma="a" pos="X">a</wf>
         <wf lemma="hatalmat" pos="X">hatalmat</wf>
         <wf lemma="," pos="X">,</wf>
         <wf lemma="vérfürdő" pos="X">vérfürdő</wf>
         <wf lemma="," pos="X">,</wf>
         <wf lemma="polgárháború" pos="X">polgárháború</wf>
         <wf lemma="sem" pos="X">sem</wf>
         <wf lemma="következett" pos="X">következett</wf>
         <wf lemma="." pos="X">.</wf>
      </sentence>
      <sentence id="d000.s2885" source="wordnet-hungarian">
         <wf lemma="Nem" pos="X">Nem</wf>
         <wf lemma="kapott" pos="X">kapott</wf>
         <wf lemma="engedélyt" pos="X">engedélyt</wf>
         <instance id="d000.s2885.t000" lemma="lőfegyver" pos="NOUN">lőfegyver</instance>
         <wf lemma="tartására" pos="X">tartására</wf>
         <wf lemma="." pos="X">.</wf>
      </sentence>
      <sentence id="d000.s2886" source="wordnet-hungarian">
         <wf lemma="Az" pos="X">Az</wf>
         <wf lemma="öregasszony" pos="X">öregasszony</wf>
         <wf lemma="udvarán" pos="X">udvarán</wf>
         <wf lemma="egy" pos="X">egy</wf>
         <wf lemma="egész" pos="X">egész</wf>
         <wf lemma="sereg" pos="X">sereg</wf>
         <instance id="d000.s2886.t000" lemma="házimacska" pos="NOUN">házimacska</instance>
         <wf lemma="tanyázott" pos="X">tanyázott</wf>
         <wf lemma="." pos="X">.</wf>
      </sentence>
      <sentence id="d000.s2887" source="wordnet-hungarian">
         <wf lemma="A" pos="X">A</wf>
         <wf lemma="nyár" pos="X">nyár</wf>
         <instance id="d000.s2887.t000" lemma="közép" pos="NOUN">közepén</instance>
         <wf lemma="elutaztunk" pos="X">elutaztunk</wf>
         <wf lemma="Indiába" pos="X">Indiába</wf>
         <wf lemma="." pos="X">.</wf>
      </sentence>
      <sentence id="d000.s2888" source="wordnet-hungarian">
         <wf lemma="Felejtsd" pos="X">Felejtsd</wf>
         <wf lemma="el" pos="X">el</wf>
         <wf lemma="a" pos="X">a</wf>
         <instance id="d000.s2888.t000" lemma="múlt" pos="NOUN">múltat</instance>
         <wf lemma="!" pos="X">!</wf>
      </sentence>
      <sentence id="d000.s2889" source="wordnet-hungarian">
         <wf lemma="Azállatkert" pos="X">Azállatkert</wf>
         <instance id="d000.s2889.t000" lemma="ormányos" pos="NOUN">ormányos</instance>
         <wf lemma="emlősöket" pos="X">emlősöket</wf>
         <wf lemma="akart" pos="X">akart</wf>
         <wf lemma="vásárolni" pos="X">vásárolni</wf>
         <wf lemma="." pos="X">.</wf>
      </sentence>
      <sentence id="d000.s2890" source="wordnet-hungarian">
         <wf lemma="Teás-" pos="X">Teás-</wf>
         <wf lemma="és" pos="X">és</wf>
         <wf lemma="étkészlet" pos="X">étkészlet</wf>
         <wf lemma="," pos="X">,</wf>
         <wf lemma="illetve" pos="X">illetve</wf>
         <wf lemma="váza" pos="X">váza</wf>
         <wf lemma="éppúgy" pos="X">éppúgy</wf>
         <wf lemma="kikerül" pos="X">kikerül</wf>
         <wf lemma="a" pos="X">a</wf>
         <wf lemma="gyárból" pos="X">gyárból</wf>
         <wf lemma="," pos="X">,</wf>
         <wf lemma="mint" pos="X">mint</wf>
         <instance id="d000.s2890.t000" lemma="sakk-készlet" pos="NOUN">sakk-készlet</instance>
         <wf lemma="." pos="X">.</wf>
      </sentence>
      <sentence id="d000.s2891" source="wordnet-hungarian">
         <wf lemma="Olaszországi" pos="X">Olaszországi</wf>
         <wf lemma="nyaralást" pos="X">nyaralást</wf>
         <instance id="d000.s2891.t000" lemma="tervez" pos="VERB">tervez</instance>
         <wf lemma="a" pos="X">a</wf>
         <wf lemma="családjával" pos="X">családjával</wf>
         <wf lemma="." pos="X">.</wf>
      </sentence>
      <sentence id="d000.s2892" source="wordnet-hungarian">
         <wf lemma="A" pos="X">A</wf>
         <instance id="d000.s2892.t000" lemma="bengáli" pos="NOUN">bengáliak</instance>
         <wf lemma="elsősorban" pos="X">elsősorban</wf>
         <wf lemma="édességeikkel" pos="X">édességeikkel</wf>
         <wf lemma="járultak" pos="X">járultak</wf>
         <wf lemma="hozzá" pos="X">hozzá</wf>
         <wf lemma="az" pos="X">az</wf>
         <wf lemma="indiai" pos="X">indiai</wf>
         <wf lemma="konyha" pos="X">konyha</wf>
         <wf lemma="hírnevéhez" pos="X">hírnevéhez</wf>
         <wf lemma="." pos="X">.</wf>
      </sentence>
      <sentence id="d000.s2893" source="wordnet-hungarian">
         <wf lemma="A" pos="X">A</wf>
         <instance id="d000.s2893.t000" lemma="böjtölés" pos="NOUN">böjtölés</instance>
         <wf lemma="megtisztítja" pos="X">megtisztítja</wf>
         <wf lemma="a" pos="X">a</wf>
         <wf lemma="testet" pos="X">testet</wf>
         <wf lemma="és" pos="X">és</wf>
         <wf lemma="a" pos="X">a</wf>
         <wf lemma="lelket" pos="X">lelket</wf>
         <wf lemma="." pos="X">.</wf>
      </sentence>
      <sentence id="d000.s2894" source="wordnet-hungarian">
         <wf lemma="Tíz" pos="X">Tíz</wf>
         <instance id="d000.s2894.t000" lemma="lap" pos="NOUN">lapra</instance>
         <wf lemma="van" pos="X">van</wf>
         <wf lemma="szükségem" pos="X">szükségem</wf>
         <wf lemma="a" pos="X">a</wf>
         <wf lemma="fénymásolatok" pos="X">fénymásolatok</wf>
         <wf lemma="elkészítéséhez" pos="X">elkészítéséhez</wf>
         <wf lemma="." pos="X">.</wf>
      </sentence>
      <sentence id="d000.s2895" source="wordnet-hungarian">
         <wf lemma="Egy" pos="X">Egy</wf>
         <wf lemma="igen" pos="X">igen</wf>
         <wf lemma="érdekes" pos="X">érdekes</wf>
         <instance id="d000.s2895.t000" lemma="mű" pos="NOUN">mű</instance>
         <wf lemma="jelent" pos="X">jelent</wf>
         <wf lemma="meg" pos="X">meg</wf>
         <wf lemma="a" pos="X">a</wf>
         <wf lemma="hidegháborús" pos="X">hidegháborús</wf>
         <wf lemma="évekről" pos="X">évekről</wf>
         <wf lemma="." pos="X">.</wf>
      </sentence>
      <sentence id="d000.s2896" source="wordnet-hungarian">
         <wf lemma="Nem" pos="X">Nem</wf>
         <wf lemma="szeretek" pos="X">szeretek</wf>
         <wf lemma="zöldséget" pos="X">zöldséget</wf>
         <instance id="d000.s2896.t000" lemma="tisztít" pos="VERB">tisztítani</instance>
         <wf lemma="." pos="X">.</wf>
      </sentence>
      <sentence id="d000.s2897" source="wordnet-hungarian">
         <wf lemma="A" pos="X">A</wf>
         <wf lemma="mondatban" pos="X">mondatban</wf>
         <wf lemma="nem" pos="X">nem</wf>
         <wf lemma="szerepel" pos="X">szerepel</wf>
         <wf lemma="az" pos="X">az</wf>
         <instance id="d000.s2897.t000" lemma="ágens" pos="NOUN">ágens</instance>
         <wf lemma="." pos="X">.</wf>
      </sentence>
      <sentence id="d000.s2898" source="wordnet-hungarian">
         <wf lemma="a" pos="X">a</wf>
         <wf lemma="vers" pos="X">vers</wf>
         <wf lemma="értelmezési" pos="X">értelmezési</wf>
         <instance id="d000.s2898.t000" lemma="szint" pos="NOUN">szintjei</instance>
         <wf lemma="." pos="X">.</wf>
      </sentence>
      <sentence id="d000.s2899" source="wordnet-hungarian">
         <wf lemma="Ez" pos="X">Ez</wf>
         <wf lemma="a" pos="X">a</wf>
         <wf lemma="virág" pos="X">virág</wf>
         <wf lemma="egy" pos="X">egy</wf>
         <wf lemma="fiatal" pos="X">fiatal</wf>
         <wf lemma="lányt" pos="X">lányt</wf>
         <instance id="d000.s2899.t000" lemma="jelképez" pos="VERB">jelképez</instance>
         <wf lemma="." pos="X">.</wf>
      </sentence>
      <sentence id="d000.s2900" source="wordnet-hungarian">
         <wf lemma="A" pos="X">A</wf>
         <wf lemma="magas" pos="X">magas</wf>
         <wf lemma="minőségű" pos="X">minőségű</wf>
         <wf lemma="irodák" pos="X">irodák</wf>
         <wf lemma="és" pos="X">és</wf>
         <wf lemma="exkluzív" pos="X">exkluzív</wf>
         <wf lemma="lakások" pos="X">lakások</wf>
         <wf lemma="piaca" pos="X">piaca</wf>
         <wf lemma="vonzza" pos="X">vonzza</wf>
         <wf lemma="az" pos="X">az</wf>
         <instance id="d000.s2900.t000" lemma="ingatlanfejlesztő" pos="NOUN">ingatlanfejlesztőket</instance>
         <wf lemma="a" pos="X">a</wf>
         <wf lemma="Budapest" pos="X">Budapest</wf>
         <wf lemma="belvárosába" pos="X">belvárosába</wf>
         <wf lemma="." pos="X">.</wf>
      </sentence>
      <sentence id="d000.s2901" source="wordnet-hungarian">
         <wf lemma="A" pos="X">A</wf>
         <wf lemma="nadrágján" pos="X">nadrágján</wf>
         <wf lemma="látszott" pos="X">látszott</wf>
         <wf lemma="a" pos="X">a</wf>
         <instance id="d000.s2901.t000" lemma="hajtás" pos="NOUN">hajtás</instance>
         <wf lemma="nyoma" pos="X">nyoma</wf>
         <wf lemma="." pos="X">.</wf>
      </sentence>
      <sentence id="d000.s2902" source="wordnet-hungarian">
         <wf lemma="A" pos="X">A</wf>
         <wf lemma="kettős" pos="X">kettős</wf>
         <wf lemma="sóban" pos="X">sóban</wf>
         <wf lemma="(" pos="X">(</wf>
         <wf lemma="ICd" pos="X">ICd</wf>
         <wf lemma="+" pos="X">+</wf>
         <wf lemma="IK" pos="X">IK</wf>
         <wf lemma=")" pos="X">)</wf>
         <wf lemma="a" pos="X">a</wf>
         <wf lemma="kadmium" pos="X">kadmium</wf>
         <wf lemma="az" pos="X">az</wf>
         <wf lemma="összes" pos="X">összes</wf>
         <wf lemma="jóddal" pos="X">jóddal</wf>
         <wf lemma="az" pos="X">az</wf>
         <instance id="d000.s2902.t000" lemma="anód" pos="NOUN">anód</instance>
         <wf lemma="felé" pos="X">felé</wf>
         <wf lemma="halad" pos="X">halad</wf>
         <wf lemma="." pos="X">.</wf>
      </sentence>
      <sentence id="d000.s2903" source="wordnet-hungarian">
         <wf lemma="A" pos="X">A</wf>
         <instance id="d000.s2903.t000" lemma="hám" pos="NOUN">hámok</instance>
         <wf lemma="mind" pos="X">mind</wf>
         <wf lemma="egy" pos="X">egy</wf>
         <wf lemma="méretre" pos="X">méretre</wf>
         <wf lemma="készülnek" pos="X">készülnek</wf>
         <wf lemma="egyazon" pos="X">egyazon</wf>
         <wf lemma="vidék" pos="X">vidék</wf>
         <wf lemma="szükségletére" pos="X">szükségletére</wf>
         <wf lemma="," pos="X">,</wf>
         <wf lemma="minthogy" pos="X">minthogy</wf>
         <wf lemma="a" pos="X">a</wf>
         <wf lemma="lovak" pos="X">lovak</wf>
         <wf lemma="is" pos="X">is</wf>
         <wf lemma="nagyjából" pos="X">nagyjából</wf>
         <wf lemma="egyforma" pos="X">egyforma</wf>
         <wf lemma="nagyok" pos="X">nagyok</wf>
         <wf lemma="." pos="X">.</wf>
      </sentence>
      <sentence id="d000.s2904" source="wordnet-hungarian">
         <wf lemma="A" pos="X">A</wf>
         <wf lemma="12-es" pos="X">12-es</wf>
         <wf lemma="számrendszer" pos="X">számrendszer</wf>
         <wf lemma="nagyon" pos="X">nagyon</wf>
         <wf lemma="népszerű" pos="X">népszerű</wf>
         <wf lemma="volt" pos="X">volt</wf>
         <wf lemma="," pos="X">,</wf>
         <wf lemma="mert" pos="X">mert</wf>
         <wf lemma="a" pos="X">a</wf>
         <wf lemma="12" pos="X">12</wf>
         <instance id="d000.s2904.t000" lemma="maradék" pos="NOUN">maradék</instance>
         <wf lemma="nélkül" pos="X">nélkül</wf>
         <wf lemma="osztható" pos="X">osztható</wf>
         <wf lemma="2-vel" pos="X">2-vel</wf>
         <wf lemma="(" pos="X">(</wf>
         <wf lemma="felezhető" pos="X">felezhető</wf>
         <wf lemma=")" pos="X">)</wf>
         <wf lemma="," pos="X">,</wf>
         <wf lemma="3-mal" pos="X">3-mal</wf>
         <wf lemma="(" pos="X">(</wf>
         <wf lemma="harmadolható" pos="X">harmadolható</wf>
         <wf lemma=")" pos="X">)</wf>
         <wf lemma="," pos="X">,</wf>
         <wf lemma="4-el" pos="X">4-el</wf>
         <wf lemma="(" pos="X">(</wf>
         <wf lemma="negyedelhető" pos="X">negyedelhető</wf>
         <wf lemma=")" pos="X">)</wf>
         <wf lemma="," pos="X">,</wf>
         <wf lemma="6-al(" pos="X">6-al(</wf>
         <wf lemma="hatodolható" pos="X">hatodolható</wf>
         <wf lemma=")" pos="X">)</wf>
         <wf lemma="." pos="X">.</wf>
      </sentence>
      <sentence id="d000.s2905" source="wordnet-hungarian">
         <wf lemma="A" pos="X">A</wf>
         <instance id="d000.s2905.t000" lemma="bengefélék" pos="NOUN">bengefélék</instance>
         <wf lemma="a" pos="X">a</wf>
         <wf lemma="száraz" pos="X">száraz</wf>
         <wf lemma="karszterdők" pos="X">karszterdők</wf>
         <wf lemma="," pos="X">,</wf>
         <wf lemma="illetve" pos="X">illetve</wf>
         <wf lemma="a" pos="X">a</wf>
         <wf lemma="nedves" pos="X">nedves</wf>
         <wf lemma="termőhelyek" pos="X">termőhelyek</wf>
         <wf lemma="jellegzetes" pos="X">jellegzetes</wf>
         <wf lemma="cserjéi" pos="X">cserjéi</wf>
         <wf lemma="." pos="X">.</wf>
      </sentence>
      <sentence id="d000.s2906" source="wordnet-hungarian">
         <wf lemma="Támogasd" pos="X">Támogasd</wf>
         <wf lemma="az" pos="X">az</wf>
         <wf lemma="ügyet" pos="X">ügyet</wf>
         <wf lemma="vagy" pos="X">vagy</wf>
         <wf lemma="legalább" pos="X">legalább</wf>
         <wf lemma="ne" pos="X">ne</wf>
         <wf lemma="akadályozd" pos="X">akadályozd</wf>
         <wf lemma="a" pos="X">a</wf>
         <instance id="d000.s2906.t000" lemma="kezdeményező" pos="NOUN">kezdeményezőket</instance>
         <wf lemma="!" pos="X">!</wf>
      </sentence>
      <sentence id="d000.s2907" source="wordnet-hungarian">
         <wf lemma="Gyötörte" pos="X">Gyötörte</wf>
         <wf lemma="a" pos="X">a</wf>
         <instance id="d000.s2907.t000" lemma="honvágy" pos="NOUN">honvágy</instance>
         <wf lemma="a" pos="X">a</wf>
         <wf lemma="világ" pos="X">világ</wf>
         <wf lemma="körüli" pos="X">körüli</wf>
         <wf lemma="úton" pos="X">úton</wf>
         <wf lemma="." pos="X">.</wf>
      </sentence>
      <sentence id="d000.s2908" source="wordnet-hungarian">
         <wf lemma="A" pos="X">A</wf>
         <instance id="d000.s2908.t000" lemma="mezőgazdaság" pos="NOUN">mezőgazdaságban</instance>
         <wf lemma="hatalmas" pos="X">hatalmas</wf>
         <wf lemma="károkat" pos="X">károkat</wf>
         <wf lemma="okozhat" pos="X">okozhat</wf>
         <wf lemma="a" pos="X">a</wf>
         <wf lemma="decemberi" pos="X">decemberi</wf>
         <wf lemma="tavasz" pos="X">tavasz</wf>
         <wf lemma="." pos="X">.</wf>
      </sentence>
      <sentence id="d000.s2909" source="wordnet-hungarian">
         <wf lemma="A" pos="X">A</wf>
         <wf lemma="gyermekek" pos="X">gyermekek</wf>
         <instance id="d000.s2909.t000" lemma="felügyelet" pos="NOUN">felügyeletét</instance>
         <wf lemma="egy" pos="X">egy</wf>
         <wf lemma="idős" pos="X">idős</wf>
         <wf lemma="hölgy" pos="X">hölgy</wf>
         <wf lemma="látta" pos="X">látta</wf>
         <wf lemma="el" pos="X">el</wf>
         <wf lemma="." pos="X">.</wf>
      </sentence>
      <sentence id="d000.s2910" source="wordnet-hungarian">
         <wf lemma="Egy" pos="X">Egy</wf>
         <wf lemma="nagy" pos="X">nagy</wf>
         <instance id="d000.s2910.t000" lemma="csomag" pos="NOUN">csomaggal</instance>
         <wf lemma="a" pos="X">a</wf>
         <wf lemma="kezében" pos="X">kezében</wf>
         <wf lemma="futott" pos="X">futott</wf>
         <wf lemma="a" pos="X">a</wf>
         <wf lemma="szemeteskocsi" pos="X">szemeteskocsi</wf>
         <wf lemma="után" pos="X">után</wf>
         <wf lemma="." pos="X">.</wf>
      </sentence>
      <sentence id="d000.s2911" source="wordnet-hungarian">
         <wf lemma="Szexológusok" pos="X">Szexológusok</wf>
         <wf lemma="szerint" pos="X">szerint</wf>
         <wf lemma="a" pos="X">a</wf>
         <instance id="d000.s2911.t000" lemma="közösülés" pos="NOUN">közösülés</instance>
         <wf lemma="ideális" pos="X">ideális</wf>
         <wf lemma="időtartama" pos="X">időtartama</wf>
         <wf lemma="három" pos="X">három</wf>
         <wf lemma="és" pos="X">és</wf>
         <wf lemma="tizenhárom" pos="X">tizenhárom</wf>
         <wf lemma="perc" pos="X">perc</wf>
         <wf lemma="között" pos="X">között</wf>
         <wf lemma="mozog" pos="X">mozog</wf>
         <wf lemma="." pos="X">.</wf>
      </sentence>
      <sentence id="d000.s2912" source="wordnet-hungarian">
         <wf lemma="Nem" pos="X">Nem</wf>
         <wf lemma="volt" pos="X">volt</wf>
         <instance id="d000.s2912.t000" lemma="szamárköhögés" pos="NOUN">szamárköhögés</instance>
         <wf lemma="a" pos="X">a</wf>
         <wf lemma="családban" pos="X">családban</wf>
         <wf lemma="." pos="X">.</wf>
      </sentence>
      <sentence id="d000.s2913" source="wordnet-hungarian">
         <wf lemma="A" pos="X">A</wf>
         <wf lemma="film" pos="X">film</wf>
         <instance id="d000.s2913.t000" lemma="sztár" pos="NOUN">sztárjai</instance>
         <wf lemma="az" pos="X">az</wf>
         <wf lemma="egész" pos="X">egész</wf>
         <wf lemma="hetet" pos="X">hetet</wf>
         <wf lemma="itt" pos="X">itt</wf>
         <wf lemma="töltötték" pos="X">töltötték</wf>
         <wf lemma="," pos="X">,</wf>
         <wf lemma="és" pos="X">és</wf>
         <wf lemma="egyáltalán" pos="X">egyáltalán</wf>
         <wf lemma="nem" pos="X">nem</wf>
         <wf lemma="bújtak" pos="X">bújtak</wf>
         <wf lemma="el" pos="X">el</wf>
         <wf lemma="a" pos="X">a</wf>
         <wf lemma="kíváncsi" pos="X">kíváncsi</wf>
         <wf lemma="szemek" pos="X">szemek</wf>
         <wf lemma="elöl" pos="X">elöl</wf>
         <wf lemma="." pos="X">.</wf>
      </sentence>
      <sentence id="d000.s2914" source="wordnet-hungarian">
         <wf lemma="A" pos="X">A</wf>
         <wf lemma="Harvardról" pos="X">Harvardról</wf>
         <instance id="d000.s2914.t000" lemma="van" pos="VERB">van</instance>
         <wf lemma="diplomája" pos="X">diplomája</wf>
         <wf lemma="." pos="X">.</wf>
      </sentence>
      <sentence id="d000.s2915" source="wordnet-hungarian">
         <wf lemma="A" pos="X">A</wf>
         <wf lemma="japán" pos="X">japán</wf>
         <instance id="d000.s2915.t000" lemma="militarista" pos="NOUN">militaristák</instance>
         <wf lemma="a" pos="X">a</wf>
         <wf lemma="múlt" pos="X">múlt</wf>
         <wf lemma="század" pos="X">század</wf>
         <wf lemma="harmincas-negyvenes" pos="X">harmincas-negyvenes</wf>
         <wf lemma="éveiben" pos="X">éveiben</wf>
         <wf lemma="hódító" pos="X">hódító</wf>
         <wf lemma="politikát" pos="X">politikát</wf>
         <wf lemma="követtek" pos="X">követtek</wf>
         <wf lemma="." pos="X">.</wf>
      </sentence>
      <sentence id="d000.s2916" source="wordnet-hungarian">
         <wf lemma="A" pos="X">A</wf>
         <instance id="d000.s2916.t000" lemma="háború" pos="NOUN">háború</instance>
         <wf lemma="sok" pos="X">sok</wf>
         <wf lemma="áldozatot" pos="X">áldozatot</wf>
         <wf lemma="követelt" pos="X">követelt</wf>
         <wf lemma="." pos="X">.</wf>
      </sentence>
      <sentence id="d000.s2917" source="wordnet-hungarian">
         <wf lemma="A" pos="X">A</wf>
         <instance id="d000.s2917.t000" lemma="szimpózium" pos="NOUN">szimpózium</instance>
         <wf lemma="kitekintést" pos="X">kitekintést</wf>
         <wf lemma="is" pos="X">is</wf>
         <wf lemma="nyújt" pos="X">nyújt</wf>
         <wf lemma="a" pos="X">a</wf>
         <wf lemma="haditechnikai" pos="X">haditechnikai</wf>
         <wf lemma="fejlesztés" pos="X">fejlesztés</wf>
         <wf lemma="világába" pos="X">világába</wf>
         <wf lemma="." pos="X">.</wf>
      </sentence>
      <sentence id="d000.s2918" source="wordnet-hungarian">
         <wf lemma="Otthon" pos="X">Otthon</wf>
         <wf lemma="mindig" pos="X">mindig</wf>
         <instance id="d000.s2918.t000" lemma="papucs" pos="NOUN">papucsban</instance>
         <wf lemma="vagyok" pos="X">vagyok</wf>
         <wf lemma="." pos="X">.</wf>
      </sentence>
      <sentence id="d000.s2919" source="wordnet-hungarian">
         <wf lemma="Nem" pos="X">Nem</wf>
         <wf lemma="volt" pos="X">volt</wf>
         <wf lemma="benne" pos="X">benne</wf>
         <wf lemma="több" pos="X">több</wf>
         <instance id="d000.s2919.t000" lemma="motiváció" pos="NOUN">motiváció</instance>
         <wf lemma="a" pos="X">a</wf>
         <wf lemma="terve" pos="X">terve</wf>
         <wf lemma="folytatásához" pos="X">folytatásához</wf>
         <wf lemma="." pos="X">.</wf>
      </sentence>
      <sentence id="d000.s2920" source="wordnet-hungarian">
         <wf lemma="A" pos="X">A</wf>
         <wf lemma="megbeszélésen" pos="X">megbeszélésen</wf>
         <instance id="d000.s2920.t000" lemma="említ" pos="VERB">említették</instance>
         <wf lemma="a" pos="X">a</wf>
         <wf lemma="témát" pos="X">témát</wf>
         <wf lemma="." pos="X">.</wf>
      </sentence>
      <sentence id="d000.s2921" source="wordnet-hungarian">
         <wf lemma="Ebben" pos="X">Ebben</wf>
         <wf lemma="a" pos="X">a</wf>
         <wf lemma="félévben" pos="X">félévben</wf>
         <wf lemma="számítógépes" pos="X">számítógépes</wf>
         <instance id="d000.s2921.t000" lemma="program" pos="NOUN">programok</instance>
         <wf lemma="generálásával" pos="X">generálásával</wf>
         <wf lemma="fogunk" pos="X">fogunk</wf>
         <wf lemma="foglalkozni" pos="X">foglalkozni</wf>
         <wf lemma="." pos="X">.</wf>
      </sentence>
      <sentence id="d000.s2922" source="wordnet-hungarian">
         <wf lemma="A" pos="X">A</wf>
         <wf lemma="főkapitány" pos="X">főkapitány</wf>
         <wf lemma="tájékoztatót" pos="X">tájékoztatót</wf>
         <wf lemma="tart" pos="X">tart</wf>
         <wf lemma="a" pos="X">a</wf>
         <wf lemma="közlekedésbiztonsági" pos="X">közlekedésbiztonsági</wf>
         <wf lemma="helyzet" pos="X">helyzet</wf>
         <instance id="d000.s2922.t000" lemma="javítás" pos="NOUN">javítása</instance>
         <wf lemma="érdekében" pos="X">érdekében</wf>
         <wf lemma="elrendelt" pos="X">elrendelt</wf>
         <wf lemma="fokozott" pos="X">fokozott</wf>
         <wf lemma="ellenőrzés-sorozatról" pos="X">ellenőrzés-sorozatról</wf>
         <wf lemma="." pos="X">.</wf>
      </sentence>
      <sentence id="d000.s2923" source="wordnet-hungarian">
         <wf lemma="A" pos="X">A</wf>
         <wf lemma="hallás" pos="X">hallás</wf>
         <instance id="d000.s2923.t000" lemma="szerv" pos="NOUN">szerve</instance>
         <wf lemma="a" pos="X">a</wf>
         <wf lemma="fül" pos="X">fül</wf>
         <wf lemma="." pos="X">.</wf>
      </sentence>
      <sentence id="d000.s2924" source="wordnet-hungarian">
         <wf lemma="Sokakat" pos="X">Sokakat</wf>
         <wf lemma="érdekesebbé" pos="X">érdekesebbé</wf>
         <instance id="d000.s2924.t000" lemma="tesz" pos="VERB">tesz</instance>
         <wf lemma="az" pos="X">az</wf>
         <wf lemma="alkohol" pos="X">alkohol</wf>
         <wf lemma="." pos="X">.</wf>
      </sentence>
      <sentence id="d000.s2925" source="wordnet-hungarian">
         <wf lemma="Nem" pos="X">Nem</wf>
         <wf lemma="várt" pos="X">várt</wf>
         <instance id="d000.s2925.t000" lemma="fordulat" pos="NOUN">fordulatot</instance>
         <wf lemma="vett" pos="X">vett</wf>
         <wf lemma="Marion" pos="X">Marion</wf>
         <wf lemma="Jones" pos="X">Jones</wf>
         <wf lemma="sztáratléta" pos="X">sztáratléta</wf>
         <wf lemma="doppingügye" pos="X">doppingügye</wf>
         <wf lemma="." pos="X">.</wf>
      </sentence>
      <sentence id="d000.s2926" source="wordnet-hungarian">
         <wf lemma="Várhatóan" pos="X">Várhatóan</wf>
         <wf lemma="itt" pos="X">itt</wf>
         <wf lemma="is" pos="X">is</wf>
         <wf lemma="fellép" pos="X">fellép</wf>
         <wf lemma="az" pos="X">az</wf>
         <wf lemma="Andante" pos="X">Andante</wf>
         <wf lemma="Strings" pos="X">Strings</wf>
         <wf lemma="vonós" pos="X">vonós</wf>
         <instance id="d000.s2926.t000" lemma="együttes" pos="NOUN">együttes</instance>
         <wf lemma="." pos="X">.</wf>
      </sentence>
      <sentence id="d000.s2927" source="wordnet-hungarian">
         <wf lemma="Járófelület" pos="X">Járófelület</wf>
         <wf lemma="kialakítására" pos="X">kialakítására</wf>
         <wf lemma="választhatunk" pos="X">választhatunk</wf>
         <instance id="d000.s2927.t000" lemma="gránit" pos="NOUN">gránitot</instance>
         <wf lemma="," pos="X">,</wf>
         <wf lemma="márványt" pos="X">márványt</wf>
         <wf lemma="vagy" pos="X">vagy</wf>
         <wf lemma="mészkövet" pos="X">mészkövet</wf>
         <wf lemma="." pos="X">.</wf>
      </sentence>
      <sentence id="d000.s2928" source="wordnet-hungarian">
         <wf lemma="A" pos="X">A</wf>
         <wf lemma="piac" pos="X">piac</wf>
         <wf lemma="a" pos="X">a</wf>
         <instance id="d000.s2928.t000" lemma="közösség" pos="NOUN">közösség</instance>
         <wf lemma="társadalmilag" pos="X">társadalmilag</wf>
         <wf lemma="fontos" pos="X">fontos</wf>
         <wf lemma="találkozóhelye" pos="X">találkozóhelye</wf>
         <wf lemma="lett" pos="X">lett</wf>
         <wf lemma="." pos="X">.</wf>
      </sentence>
      <sentence id="d000.s2929" source="wordnet-hungarian">
         <wf lemma="A" pos="X">A</wf>
         <instance id="d000.s2929.t000" lemma="matematikus" pos="NOUN">matematikus</instance>
         <wf lemma="új" pos="X">új</wf>
         <wf lemma="bizonyításon" pos="X">bizonyításon</wf>
         <wf lemma="dolgozik" pos="X">dolgozik</wf>
         <wf lemma="." pos="X">.</wf>
      </sentence>
      <sentence id="d000.s2930" source="wordnet-hungarian">
         <wf lemma="Többféle" pos="X">Többféle</wf>
         <instance id="d000.s2930.t000" lemma="hangjegykulcs" pos="NOUN">hangjegykulcs</instance>
         <wf lemma="létezik" pos="X">létezik</wf>
         <wf lemma="." pos="X">.</wf>
      </sentence>
      <sentence id="d000.s2931" source="wordnet-hungarian">
         <wf lemma="Köteles" pos="X">Köteles</wf>
         <instance id="d000.s2931.t000" lemma="kártérítés" pos="NOUN">kártérítést</instance>
         <wf lemma="fizetni" pos="X">fizetni</wf>
         <wf lemma="az" pos="X">az</wf>
         <wf lemma="okozott" pos="X">okozott</wf>
         <wf lemma="kárért" pos="X">kárért</wf>
         <wf lemma="." pos="X">.</wf>
      </sentence>
      <sentence id="d000.s2932" source="wordnet-hungarian">
         <wf lemma="Milyen" pos="X">Milyen</wf>
         <wf lemma="idős" pos="X">idős</wf>
         <wf lemma="korban" pos="X">korban</wf>
         <wf lemma="lesz" pos="X">lesz</wf>
         <wf lemma="ivarérett" pos="X">ivarérett</wf>
         <wf lemma="egy" pos="X">egy</wf>
         <instance id="d000.s2932.t000" lemma="görény" pos="NOUN">görény</instance>
         <wf lemma="?" pos="X">?</wf>
      </sentence>
      <sentence id="d000.s2933" source="wordnet-hungarian">
         <wf lemma="A" pos="X">A</wf>
         <wf lemma="kiváló" pos="X">kiváló</wf>
         <instance id="d000.s2933.t000" lemma="publicista" pos="NOUN">publicista</instance>
         <wf lemma="a" pos="X">a</wf>
         <wf lemma="császárnét" pos="X">császárnét</wf>
         <wf lemma="tanította" pos="X">tanította</wf>
         <wf lemma="magyar" pos="X">magyar</wf>
         <wf lemma="nyelvre" pos="X">nyelvre</wf>
         <wf lemma="közvetlenül" pos="X">közvetlenül</wf>
         <wf lemma="a" pos="X">a</wf>
         <wf lemma="kiegyezés" pos="X">kiegyezés</wf>
         <wf lemma="előtt" pos="X">előtt</wf>
         <wf lemma="." pos="X">.</wf>
      </sentence>
      <sentence id="d000.s2934" source="wordnet-hungarian">
         <wf lemma="Többet" pos="X">Többet</wf>
         <wf lemma="kell" pos="X">kell</wf>
         <wf lemma="tenni" pos="X">tenni</wf>
         <wf lemma="napjaink" pos="X">napjaink</wf>
         <wf lemma="egyik" pos="X">egyik</wf>
         <wf lemma="legnagyobb" pos="X">legnagyobb</wf>
         <instance id="d000.s2934.t000" lemma="gazság" pos="NOUN">gazsága</instance>
         <wf lemma="ellen" pos="X">ellen</wf>
         <wf lemma="," pos="X">,</wf>
         <wf lemma="amely" pos="X">amely</wf>
         <wf lemma="emberek" pos="X">emberek</wf>
         <wf lemma="ezreinek" pos="X">ezreinek</wf>
         <wf lemma="életét" pos="X">életét</wf>
         <wf lemma="teszi" pos="X">teszi</wf>
         <wf lemma="tönkre" pos="X">tönkre</wf>
         <wf lemma="." pos="X">.</wf>
      </sentence>
      <sentence id="d000.s2935" source="wordnet-hungarian">
         <wf lemma="A" pos="X">A</wf>
         <wf lemma="háboró" pos="X">háboró</wf>
         <instance id="d000.s2935.t000" lemma="kezdet" pos="NOUN">kezdetén</instance>
         <wf lemma="még" pos="X">még</wf>
         <wf lemma="senki" pos="X">senki</wf>
         <wf lemma="sem" pos="X">sem</wf>
         <wf lemma="látta" pos="X">látta</wf>
         <wf lemma="," pos="X">,</wf>
         <wf lemma="hogy" pos="X">hogy</wf>
         <wf lemma="ki" pos="X">ki</wf>
         <wf lemma="lesz" pos="X">lesz</wf>
         <wf lemma="a" pos="X">a</wf>
         <wf lemma="győztes" pos="X">győztes</wf>
         <wf lemma="." pos="X">.</wf>
      </sentence>
      <sentence id="d000.s2936" source="wordnet-hungarian">
         <wf lemma="Nemcsak" pos="X">Nemcsak</wf>
         <wf lemma="az" pos="X">az</wf>
         <wf lemma="ízek" pos="X">ízek</wf>
         <wf lemma="kavalkádjáért" pos="X">kavalkádjáért</wf>
         <wf lemma="érdemes" pos="X">érdemes</wf>
         <wf lemma="elkészítened" pos="X">elkészítened</wf>
         <wf lemma="az" pos="X">az</wf>
         <wf lemma="ínyenc" pos="X">ínyenc</wf>
         <wf lemma="kagylósalátát" pos="X">kagylósalátát</wf>
         <wf lemma="," pos="X">,</wf>
         <wf lemma="de" pos="X">de</wf>
         <wf lemma="azért" pos="X">azért</wf>
         <wf lemma="is" pos="X">is</wf>
         <wf lemma="," pos="X">,</wf>
         <wf lemma="mert" pos="X">mert</wf>
         <wf lemma="akárcsak" pos="X">akárcsak</wf>
         <wf lemma="a" pos="X">a</wf>
         <wf lemma="halhús" pos="X">halhús</wf>
         <wf lemma="," pos="X">,</wf>
         <wf lemma="a" pos="X">a</wf>
         <instance id="d000.s2936.t000" lemma="kagyló" pos="NOUN">kagyló</instance>
         <wf lemma="is" pos="X">is</wf>
         <wf lemma="rendkívül" pos="X">rendkívül</wf>
         <wf lemma="egészséges" pos="X">egészséges</wf>
         <wf lemma="." pos="X">.</wf>
      </sentence>
      <sentence id="d000.s2937" source="wordnet-hungarian">
         <wf lemma="Az" pos="X">Az</wf>
         <instance id="d000.s2937.t000" lemma="előkelőség" pos="NOUN">előkelőségből</instance>
         <wf lemma="hárman" pos="X">hárman</wf>
         <wf lemma="is" pos="X">is</wf>
         <wf lemma="eljöttek" pos="X">eljöttek</wf>
         <wf lemma="az" pos="X">az</wf>
         <wf lemma="estélyükre" pos="X">estélyükre</wf>
         <wf lemma="." pos="X">.</wf>
      </sentence>
      <sentence id="d000.s2938" source="wordnet-hungarian">
         <wf lemma="Próbáld" pos="X">Próbáld</wf>
         <wf lemma="meg" pos="X">meg</wf>
         <instance id="d000.s2938.t000" lemma="kezel" pos="VERB">kezelni</instance>
         <wf lemma="ezt" pos="X">ezt</wf>
         <wf lemma="a" pos="X">a</wf>
         <wf lemma="mostani" pos="X">mostani</wf>
         <wf lemma="helyzetet" pos="X">helyzetet</wf>
         <wf lemma="." pos="X">.</wf>
      </sentence>
      <sentence id="d000.s2939" source="wordnet-hungarian">
         <wf lemma="Ebben" pos="X">Ebben</wf>
         <wf lemma="az" pos="X">az</wf>
         <wf lemma="ügyben" pos="X">ügyben</wf>
         <wf lemma="több" pos="X">több</wf>
         <wf lemma="mint" pos="X">mint</wf>
         <wf lemma="húsz" pos="X">húsz</wf>
         <wf lemma="éve" pos="X">éve</wf>
         <wf lemma="küzd" pos="X">küzd</wf>
         <wf lemma="egymással" pos="X">egymással</wf>
         <wf lemma="az" pos="X">az</wf>
         <wf lemma="olajipari" pos="X">olajipari</wf>
         <wf lemma="és" pos="X">és</wf>
         <wf lemma="a" pos="X">a</wf>
         <wf lemma="környezetvédelmi" pos="X">környezetvédelmi</wf>
         <instance id="d000.s2939.t000" lemma="lobbi" pos="NOUN">lobbi</instance>
         <wf lemma="." pos="X">.</wf>
      </sentence>
      <sentence id="d000.s2940" source="wordnet-hungarian">
         <wf lemma="A" pos="X">A</wf>
         <wf lemma="kínai" pos="X">kínai</wf>
         <wf lemma="nyelv" pos="X">nyelv</wf>
         <wf lemma="mondattanát" pos="X">mondattanát</wf>
         <wf lemma="szeretném" pos="X">szeretném</wf>
         <instance id="d000.s2940.t000" lemma="kutat" pos="VERB">kutatni</instance>
         <wf lemma="." pos="X">.</wf>
      </sentence>
      <sentence id="d000.s2941" source="wordnet-hungarian">
         <wf lemma="A" pos="X">A</wf>
         <instance id="d000.s2941.t000" lemma="madárijesztő" pos="NOUN">madárijesztő</instance>
         <wf lemma="a" pos="X">a</wf>
         <wf lemma="vetésben" pos="X">vetésben</wf>
         <wf lemma="maradt" pos="X">maradt</wf>
         <wf lemma="." pos="X">.</wf>
      </sentence>
      <sentence id="d000.s2942" source="wordnet-hungarian">
         <wf lemma="Bekente" pos="X">Bekente</wf>
         <wf lemma="olajjal" pos="X">olajjal</wf>
         <wf lemma="a" pos="X">a</wf>
         <wf lemma="tályog" pos="X">tályog</wf>
         <instance id="d000.s2942.t000" lemma="mag" pos="NOUN">magját</instance>
         <wf lemma="." pos="X">.</wf>
      </sentence>
      <sentence id="d000.s2943" source="wordnet-hungarian">
         <wf lemma="A" pos="X">A</wf>
         <wf lemma="hajót" pos="X">hajót</wf>
         <wf lemma="sokáig" pos="X">sokáig</wf>
         <wf lemma="kísérte" pos="X">kísérte</wf>
         <wf lemma="a" pos="X">a</wf>
         <wf lemma="felette" pos="X">felette</wf>
         <wf lemma="nagy" pos="X">nagy</wf>
         <wf lemma="köröket" pos="X">köröket</wf>
         <wf lemma="leíró" pos="X">leíró</wf>
         <instance id="d000.s2943.t000" lemma="albatrosz" pos="NOUN">albatrosz</instance>
         <wf lemma="." pos="X">.</wf>
      </sentence>
      <sentence id="d000.s2944" source="wordnet-hungarian">
         <wf lemma="Délután" pos="X">Délután</wf>
         <wf lemma="egy" pos="X">egy</wf>
         <wf lemma="tudományos" pos="X">tudományos</wf>
         <instance id="d000.s2944.t000" lemma="előadás" pos="NOUN">előadáson</instance>
         <wf lemma="veszünk" pos="X">veszünk</wf>
         <wf lemma="részt" pos="X">részt</wf>
         <wf lemma="." pos="X">.</wf>
      </sentence>
      <sentence id="d000.s2945" source="wordnet-hungarian">
         <wf lemma="A" pos="X">A</wf>
         <wf lemma="nő" pos="X">nő</wf>
         <instance id="d000.s2945.t000" lemma="azonosít" pos="VERB">azonosította</instance>
         <wf lemma="a" pos="X">a</wf>
         <wf lemma="bűnözőt" pos="X">bűnözőt</wf>
         <wf lemma="a" pos="X">a</wf>
         <wf lemma="rendőrségi" pos="X">rendőrségi</wf>
         <wf lemma="felhíváson" pos="X">felhíváson</wf>
         <wf lemma="." pos="X">.</wf>
      </sentence>
      <sentence id="d000.s2946" source="wordnet-hungarian">
         <wf lemma="Az" pos="X">Az</wf>
         <instance id="d000.s2946.t000" lemma="elhunyt" pos="NOUN">elhunytra</instance>
         <wf lemma="emlékeztek" pos="X">emlékeztek</wf>
         <wf lemma="." pos="X">.</wf>
      </sentence>
      <sentence id="d000.s2947" source="wordnet-hungarian">
         <wf lemma="Az" pos="X">Az</wf>
         <wf lemma="illegalitás" pos="X">illegalitás</wf>
         <wf lemma="éveiben" pos="X">éveiben</wf>
         <wf lemma="gyakaran" pos="X">gyakaran</wf>
         <wf lemma="foltozott" pos="X">foltozott</wf>
         <instance id="d000.s2947.t000" lemma="halászháló" pos="NOUN">halászhálót</instance>
         <wf lemma="." pos="X">.</wf>
      </sentence>
      <sentence id="d000.s2948" source="wordnet-hungarian">
         <wf lemma="A" pos="X">A</wf>
         <instance id="d000.s2948.t000" lemma="mobil" pos="NOUN">mobilján</instance>
         <wf lemma="hívta" pos="X">hívta</wf>
         <wf lemma="." pos="X">.</wf>
      </sentence>
      <sentence id="d000.s2949" source="wordnet-hungarian">
         <wf lemma="A" pos="X">A</wf>
         <wf lemma="patisszon" pos="X">patisszon</wf>
         <wf lemma="vagy" pos="X">vagy</wf>
         <wf lemma="másnéven" pos="X">másnéven</wf>
         <wf lemma="csillagtök" pos="X">csillagtök</wf>
         <wf lemma="a" pos="X">a</wf>
         <instance id="d000.s2949.t000" lemma="tökfélék" pos="NOUN">tökfélék</instance>
         <wf lemma="családjába" pos="X">családjába</wf>
         <wf lemma="tartozó" pos="X">tartozó</wf>
         <wf lemma="dudvás" pos="X">dudvás</wf>
         <wf lemma="szárú" pos="X">szárú</wf>
         <wf lemma="növény" pos="X">növény</wf>
         <wf lemma="." pos="X">.</wf>
      </sentence>
      <sentence id="d000.s2950" source="wordnet-hungarian">
         <wf lemma="Dollárra" pos="X">Dollárra</wf>
         <wf lemma="váltotta" pos="X">váltotta</wf>
         <wf lemma="a" pos="X">a</wf>
         <instance id="d000.s2950.t000" lemma="pénz" pos="NOUN">pénzét</instance>
         <wf lemma="." pos="X">.</wf>
      </sentence>
      <sentence id="d000.s2951" source="wordnet-hungarian">
         <wf lemma="Útközben" pos="X">Útközben</wf>
         <wf lemma="betértünk" pos="X">betértünk</wf>
         <wf lemma="egy" pos="X">egy</wf>
         <wf lemma="kínai" pos="X">kínai</wf>
         <instance id="d000.s2951.t000" lemma="étterem" pos="NOUN">étterembe</instance>
         <wf lemma="." pos="X">.</wf>
      </sentence>
      <sentence id="d000.s2952" source="wordnet-hungarian">
         <wf lemma="A" pos="X">A</wf>
         <instance id="d000.s2952.t000" lemma="beteg" pos="NOUN">betegnek</instance>
         <wf lemma="súlyos" pos="X">súlyos</wf>
         <wf lemma="panaszai" pos="X">panaszai</wf>
         <wf lemma="vannak" pos="X">vannak</wf>
         <wf lemma="." pos="X">.</wf>
      </sentence>
      <sentence id="d000.s2953" source="wordnet-hungarian">
         <wf lemma="Baptista" pos="X">Baptista</wf>
         <instance id="d000.s2953.t000" lemma="hit" pos="NOUN">hitben</instance>
         <wf lemma="nevelkedett" pos="X">nevelkedett</wf>
         <wf lemma="fel" pos="X">fel</wf>
         <wf lemma="." pos="X">.</wf>
      </sentence>
      <sentence id="d000.s2954" source="wordnet-hungarian">
         <wf lemma="A" pos="X">A</wf>
         <wf lemma="tanúk" pos="X">tanúk</wf>
         <instance id="d000.s2954.t000" lemma="védelem" pos="NOUN">védelmet</instance>
         <wf lemma="kértek" pos="X">kértek</wf>
         <wf lemma="a" pos="X">a</wf>
         <wf lemma="rendőrségtől" pos="X">rendőrségtől</wf>
         <wf lemma="." pos="X">.</wf>
      </sentence>
      <sentence id="d000.s2955" source="wordnet-hungarian">
         <wf lemma="A" pos="X">A</wf>
         <wf lemma="lányom" pos="X">lányom</wf>
         <wf lemma="nagyon" pos="X">nagyon</wf>
         <wf lemma="kíváncsi" pos="X">kíváncsi</wf>
         <wf lemma="--" pos="X">--</wf>
         <wf lemma="folyton" pos="X">folyton</wf>
         <instance id="d000.s2955.t000" lemma="kérdez" pos="VERB">kérdez</instance>
         <wf lemma="." pos="X">.</wf>
      </sentence>
      <sentence id="d000.s2956" source="wordnet-hungarian">
         <wf lemma="India" pos="X">India</wf>
         <wf lemma="valójában" pos="X">valójában</wf>
         <wf lemma="olyan" pos="X">olyan</wf>
         <wf lemma="államok" pos="X">államok</wf>
         <instance id="d000.s2956.t000" lemma="közösség" pos="NOUN">közössége</instance>
         <wf lemma="," pos="X">,</wf>
         <wf lemma="melyeknek" pos="X">melyeknek</wf>
         <wf lemma="saját" pos="X">saját</wf>
         <wf lemma="nyelvük" pos="X">nyelvük</wf>
         <wf lemma="és" pos="X">és</wf>
         <wf lemma="kultúrájuk" pos="X">kultúrájuk</wf>
         <wf lemma="van" pos="X">van</wf>
         <wf lemma="." pos="X">.</wf>
      </sentence>
      <sentence id="d000.s2957" source="wordnet-hungarian">
         <wf lemma="A" pos="X">A</wf>
         <wf lemma="kardinális" pos="X">kardinális</wf>
         <wf lemma="eljött" pos="X">eljött</wf>
         <wf lemma="a" pos="X">a</wf>
         <wf lemma="templom" pos="X">templom</wf>
         <instance id="d000.s2957.t000" lemma="felszentelés" pos="NOUN">felszentelésére</instance>
         <wf lemma="." pos="X">.</wf>
      </sentence>
      <sentence id="d000.s2958" source="wordnet-hungarian">
         <wf lemma="A" pos="X">A</wf>
         <wf lemma="humor" pos="X">humor</wf>
         <wf lemma="és" pos="X">és</wf>
         <wf lemma="a" pos="X">a</wf>
         <wf lemma="vidámság" pos="X">vidámság</wf>
         <wf lemma="jelentőségét" pos="X">jelentőségét</wf>
         <wf lemma="a" pos="X">a</wf>
         <instance id="d000.s2958.t000" lemma="geriátria" pos="NOUN">geriátriában</instance>
         <wf lemma="," pos="X">,</wf>
         <wf lemma="az" pos="X">az</wf>
         <wf lemma="idősgondozásban" pos="X">idősgondozásban</wf>
         <wf lemma="is" pos="X">is</wf>
         <wf lemma="felismerték" pos="X">felismerték</wf>
         <wf lemma="már" pos="X">már</wf>
         <wf lemma="." pos="X">.</wf>
      </sentence>
      <sentence id="d000.s2959" source="wordnet-hungarian">
         <wf lemma="Lajoska" pos="X">Lajoska</wf>
         <instance id="d000.s2959.t000" lemma="elrendez" pos="VERB">elrendezte</instance>
         <wf lemma="a" pos="X">a</wf>
         <wf lemma="virágokat" pos="X">virágokat</wf>
         <wf lemma="az" pos="X">az</wf>
         <wf lemma="asztalon" pos="X">asztalon</wf>
         <wf lemma="." pos="X">.</wf>
      </sentence>
      <sentence id="d000.s2960" source="wordnet-hungarian">
         <wf lemma="Nem" pos="X">Nem</wf>
         <wf lemma="szeretem" pos="X">szeretem</wf>
         <wf lemma="a" pos="X">a</wf>
         <instance id="d000.s2960.t000" lemma="tonik" pos="NOUN">tonikot</instance>
         <wf lemma="," pos="X">,</wf>
         <wf lemma="nekem" pos="X">nekem</wf>
         <wf lemma="túl" pos="X">túl</wf>
         <wf lemma="keserű" pos="X">keserű</wf>
         <wf lemma="." pos="X">.</wf>
      </sentence>
      <sentence id="d000.s2961" source="wordnet-hungarian">
         <wf lemma="Írásai" pos="X">Írásai</wf>
         <instance id="d000.s2961.t000" lemma="híd" pos="NOUN">hidat</instance>
         <wf lemma="alkottak" pos="X">alkottak</wf>
         <wf lemma="az" pos="X">az</wf>
         <wf lemma="évszázadokon" pos="X">évszázadokon</wf>
         <wf lemma="keresztül" pos="X">keresztül</wf>
         <wf lemma="." pos="X">.</wf>
      </sentence>
      <sentence id="d000.s2962" source="wordnet-hungarian">
         <wf lemma="A" pos="X">A</wf>
         <instance id="d000.s2962.t000" lemma="törzsfőnök" pos="NOUN">törzsfőnök</instance>
         <wf lemma="előtt" pos="X">előtt</wf>
         <wf lemma="meghajolt" pos="X">meghajolt</wf>
         <wf lemma="a" pos="X">a</wf>
         <wf lemma="vének" pos="X">vének</wf>
         <wf lemma="tanácsa" pos="X">tanácsa</wf>
         <wf lemma="." pos="X">.</wf>
      </sentence>
      <sentence id="d000.s2963" source="wordnet-hungarian">
         <wf lemma="Ma" pos="X">Ma</wf>
         <wf lemma="jól" pos="X">jól</wf>
         <wf lemma="ment" pos="X">ment</wf>
         <wf lemma="az" pos="X">az</wf>
         <instance id="d000.s2963.t000" lemma="üzlet" pos="NOUN">üzlet</instance>
         <wf lemma="!" pos="X">!</wf>
      </sentence>
      <sentence id="d000.s2964" source="wordnet-hungarian">
         <wf lemma="Az" pos="X">Az</wf>
         <wf lemma="egész" pos="X">egész</wf>
         <instance id="d000.s2964.t000" lemma="tábor" pos="NOUN">tábor</instance>
         <wf lemma="kakasszóra" pos="X">kakasszóra</wf>
         <wf lemma="ébredt" pos="X">ébredt</wf>
         <wf lemma="." pos="X">.</wf>
      </sentence>
      <sentence id="d000.s2965" source="wordnet-hungarian">
         <wf lemma="A" pos="X">A</wf>
         <instance id="d000.s2965.t000" lemma="zenész" pos="NOUN">zenésznek</instance>
         <wf lemma="teljes" pos="X">teljes</wf>
         <wf lemma="csend" pos="X">csend</wf>
         <wf lemma="kell" pos="X">kell</wf>
         <wf lemma="a" pos="X">a</wf>
         <wf lemma="komponáláshoz" pos="X">komponáláshoz</wf>
         <wf lemma="." pos="X">.</wf>
      </sentence>
      <sentence id="d000.s2966" source="wordnet-hungarian">
         <wf lemma="A" pos="X">A</wf>
         <wf lemma="személygépkocsi" pos="X">személygépkocsi</wf>
         <wf lemma="egy" pos="X">egy</wf>
         <wf lemma="önjáró" pos="X">önjáró</wf>
         <wf lemma="," pos="X">,</wf>
         <wf lemma="motorral" pos="X">motorral</wf>
         <wf lemma="hajtott" pos="X">hajtott</wf>
         <wf lemma="," pos="X">,</wf>
         <wf lemma="több" pos="X">több</wf>
         <wf lemma="személy" pos="X">személy</wf>
         <wf lemma="szállítására" pos="X">szállítására</wf>
         <wf lemma="is" pos="X">is</wf>
         <wf lemma="alkalmas" pos="X">alkalmas</wf>
         <instance id="d000.s2966.t000" lemma="jármű" pos="NOUN">jármű</instance>
         <wf lemma="." pos="X">.</wf>
      </sentence>
      <sentence id="d000.s2967" source="wordnet-hungarian">
         <wf lemma="A" pos="X">A</wf>
         <instance id="d000.s2967.t000" lemma="kalóz" pos="NOUN">kalózzal</instance>
         <wf lemma="mentek" pos="X">mentek</wf>
         <wf lemma="ma" pos="X">ma</wf>
         <wf lemma="ki" pos="X">ki</wf>
         <wf lemma="a" pos="X">a</wf>
         <wf lemma="tengerre" pos="X">tengerre</wf>
         <wf lemma="." pos="X">.</wf>
      </sentence>
      <sentence id="d000.s2968" source="wordnet-hungarian">
         <wf lemma="Sokszor" pos="X">Sokszor</wf>
         <wf lemma="a" pos="X">a</wf>
         <wf lemma="kapcsolataid" pos="X">kapcsolataid</wf>
         <instance id="d000.s2968.t000" lemma="háló" pos="NOUN">hálója</instance>
         <wf lemma="határozza" pos="X">határozza</wf>
         <wf lemma="meg" pos="X">meg</wf>
         <wf lemma="a" pos="X">a</wf>
         <wf lemma="lehetőségeidet" pos="X">lehetőségeidet</wf>
         <wf lemma="." pos="X">.</wf>
      </sentence>
      <sentence id="d000.s2969" source="wordnet-hungarian">
         <wf lemma="A" pos="X">A</wf>
         <instance id="d000.s2969.t000" lemma="négyes" pos="NOUN">négyes</instance>
         <wf lemma="kora" pos="X">kora</wf>
         <wf lemma="reggel" pos="X">reggel</wf>
         <wf lemma="útnak" pos="X">útnak</wf>
         <wf lemma="indult" pos="X">indult</wf>
         <wf lemma="," pos="X">,</wf>
         <wf lemma="hogy" pos="X">hogy</wf>
         <wf lemma="időben" pos="X">időben</wf>
         <wf lemma="beérjenek" pos="X">beérjenek</wf>
         <wf lemma="portékájukkal" pos="X">portékájukkal</wf>
         <wf lemma="a" pos="X">a</wf>
         <wf lemma="vásárba" pos="X">vásárba</wf>
         <wf lemma="." pos="X">.</wf>
      </sentence>
      <sentence id="d000.s2970" source="wordnet-hungarian">
         <wf lemma="A" pos="X">A</wf>
         <wf lemma="nemzetállamra" pos="X">nemzetállamra</wf>
         <wf lemma="való" pos="X">való</wf>
         <wf lemma="törekvés" pos="X">törekvés</wf>
         <wf lemma="," pos="X">,</wf>
         <wf lemma="vagyis" pos="X">vagyis</wf>
         <wf lemma="a" pos="X">a</wf>
         <instance id="d000.s2970.t000" lemma="nacionalizmus" pos="NOUN">nacionalizmus</instance>
         <wf lemma="eszméi" pos="X">eszméi</wf>
         <wf lemma="a" pos="X">a</wf>
         <wf lemma="XIX." pos="X">XIX.</wf>
         <wf lemma="század" pos="X">század</wf>
         <wf lemma="első" pos="X">első</wf>
         <wf lemma="felében" pos="X">felében</wf>
         <wf lemma="váltak" pos="X">váltak</wf>
         <wf lemma="elterjedtté" pos="X">elterjedtté</wf>
         <wf lemma="." pos="X">.</wf>
      </sentence>
      <sentence id="d000.s2971" source="wordnet-hungarian">
         <instance id="d000.s2971.t000" lemma="vesz" pos="VERB">Vegyük</instance>
         <wf lemma="például" pos="X">például</wf>
         <wf lemma="a" pos="X">a</wf>
         <wf lemma="kínaiakat" pos="X">kínaiakat</wf>
         <wf lemma="!" pos="X">!</wf>
      </sentence>
      <sentence id="d000.s2972" source="wordnet-hungarian">
         <wf lemma="Az" pos="X">Az</wf>
         <instance id="d000.s2972.t000" lemma="önrendelkezés" pos="NOUN">önrendelkezés</instance>
         <wf lemma="ma" pos="X">ma</wf>
         <wf lemma="is" pos="X">is</wf>
         <wf lemma="fontos" pos="X">fontos</wf>
         <wf lemma="célja" pos="X">célja</wf>
         <wf lemma="sok" pos="X">sok</wf>
         <wf lemma="etnikai" pos="X">etnikai</wf>
         <wf lemma="," pos="X">,</wf>
         <wf lemma="nyelvi" pos="X">nyelvi</wf>
         <wf lemma="és" pos="X">és</wf>
         <wf lemma="vallási" pos="X">vallási</wf>
         <wf lemma="közösségnek" pos="X">közösségnek</wf>
         <wf lemma="." pos="X">.</wf>
      </sentence>
      <sentence id="d000.s2973" source="wordnet-hungarian">
         <wf lemma="A" pos="X">A</wf>
         <wf lemma="két" pos="X">két</wf>
         <wf lemma="hang" pos="X">hang</wf>
         <wf lemma="közt" pos="X">közt</wf>
         <instance id="d000.s2973.t000" lemma="szünet" pos="NOUN">szünet</instance>
         <wf lemma="van" pos="X">van</wf>
         <wf lemma="." pos="X">.</wf>
      </sentence>
      <sentence id="d000.s2974" source="wordnet-hungarian">
         <wf lemma="A" pos="X">A</wf>
         <instance id="d000.s2974.t000" lemma="szikhizmus" pos="NOUN">szikhizmust</instance>
         <wf lemma="békítő-vallásnak" pos="X">békítő-vallásnak</wf>
         <wf lemma="tartják" pos="X">tartják</wf>
         <wf lemma="." pos="X">.</wf>
      </sentence>
      <sentence id="d000.s2975" source="wordnet-hungarian">
         <wf lemma="A" pos="X">A</wf>
         <instance id="d000.s2975.t000" lemma="lakótelep" pos="NOUN">lakótelepen</instance>
         <wf lemma="már" pos="X">már</wf>
         <wf lemma="viszonylag" pos="X">viszonylag</wf>
         <wf lemma="kevés" pos="X">kevés</wf>
         <wf lemma="pénzért" pos="X">pénzért</wf>
         <wf lemma="lehet" pos="X">lehet</wf>
         <wf lemma="lakást" pos="X">lakást</wf>
         <wf lemma="venni" pos="X">venni</wf>
         <wf lemma="." pos="X">.</wf>
      </sentence>
      <sentence id="d000.s2976" source="wordnet-hungarian">
         <wf lemma="A" pos="X">A</wf>
         <instance id="d000.s2976.t000" lemma="jég" pos="NOUN">jég</instance>
         <wf lemma="majd" pos="X">majd</wf>
         <wf lemma="lehűti" pos="X">lehűti</wf>
         <wf lemma="az" pos="X">az</wf>
         <wf lemma="italt" pos="X">italt</wf>
         <wf lemma="." pos="X">.</wf>
      </sentence>
      <sentence id="d000.s2977" source="wordnet-hungarian">
         <wf lemma="Az" pos="X">Az</wf>
         <wf lemma="új" pos="X">új</wf>
         <instance id="d000.s2977.t000" lemma="kukta" pos="NOUN">kuktában</instance>
         <wf lemma="főzte" pos="X">főzte</wf>
         <wf lemma="meg" pos="X">meg</wf>
         <wf lemma="a" pos="X">a</wf>
         <wf lemma="vacsorát" pos="X">vacsorát</wf>
         <wf lemma="." pos="X">.</wf>
      </sentence>
      <sentence id="d000.s2978" source="wordnet-hungarian">
         <instance id="d000.s2978.t000" lemma="félelem" pos="NOUN">Félelmében</instance>
         <wf lemma="teljesen" pos="X">teljesen</wf>
         <wf lemma="elvesztette" pos="X">elvesztette</wf>
         <wf lemma="a" pos="X">a</wf>
         <wf lemma="fejét" pos="X">fejét</wf>
         <wf lemma="." pos="X">.</wf>
      </sentence>
      <sentence id="d000.s2979" source="wordnet-hungarian">
         <wf lemma="A" pos="X">A</wf>
         <instance id="d000.s2979.t000" lemma="tőke" pos="NOUN">tőkehal</instance>
         <wf lemma="Norvégia" pos="X">Norvégia</wf>
         <wf lemma="egyik" pos="X">egyik</wf>
         <wf lemma="leggyakoribb" pos="X">leggyakoribb</wf>
         <wf lemma="és" pos="X">és</wf>
         <wf lemma="gazdaságilag" pos="X">gazdaságilag</wf>
         <wf lemma="legfontosabb" pos="X">legfontosabb</wf>
         <wf lemma="tengeri" pos="X">tengeri</wf>
         <wf lemma="hala" pos="X">hala</wf>
         <wf lemma="." pos="X">.</wf>
      </sentence>
      <sentence id="d000.s2980" source="wordnet-hungarian">
         <wf lemma="A" pos="X">A</wf>
         <wf lemma="gyerekek" pos="X">gyerekek</wf>
         <wf lemma="órákon" pos="X">órákon</wf>
         <wf lemma="át" pos="X">át</wf>
         <wf lemma="dobálták" pos="X">dobálták</wf>
         <wf lemma="a" pos="X">a</wf>
         <instance id="d000.s2980.t000" lemma="hógolyó" pos="NOUN">hógolyókat</instance>
         <wf lemma="." pos="X">.</wf>
      </sentence>
      <sentence id="d000.s2981" source="wordnet-hungarian">
         <wf lemma="A" pos="X">A</wf>
         <instance id="d000.s2981.t000" lemma="szemüveg" pos="NOUN">szemüveggel</instance>
         <wf lemma="jól" pos="X">jól</wf>
         <wf lemma="látok" pos="X">látok</wf>
         <wf lemma="." pos="X">.</wf>
      </sentence>
      <sentence id="d000.s2982" source="wordnet-hungarian">
         <wf lemma="Az" pos="X">Az</wf>
         <wf lemma="ellenséges" pos="X">ellenséges</wf>
         <instance id="d000.s2982.t000" lemma="vonal" pos="NOUN">vonalak</instance>
         <wf lemma="vészesen" pos="X">vészesen</wf>
         <wf lemma="közeledtek" pos="X">közeledtek</wf>
         <wf lemma="." pos="X">.</wf>
      </sentence>
      <sentence id="d000.s2983" source="wordnet-hungarian">
         <wf lemma="A" pos="X">A</wf>
         <wf lemma="kémia" pos="X">kémia</wf>
         <wf lemma="mellett" pos="X">mellett</wf>
         <wf lemma="botanikát" pos="X">botanikát</wf>
         <wf lemma="," pos="X">,</wf>
         <wf lemma="csillagászatot" pos="X">csillagászatot</wf>
         <wf lemma="és" pos="X">és</wf>
         <instance id="d000.s2983.t000" lemma="ásványtan" pos="NOUN">ásványtant</instance>
         <wf lemma="is" pos="X">is</wf>
         <wf lemma="tanult" pos="X">tanult</wf>
         <wf lemma="." pos="X">.</wf>
      </sentence>
      <sentence id="d000.s2984" source="wordnet-hungarian">
         <wf lemma="Magasabb" pos="X">Magasabb</wf>
         <instance id="d000.s2984.t000" lemma="méltóság" pos="NOUN">méltóságot</instance>
         <wf lemma="tölt" pos="X">tölt</wf>
         <wf lemma="be" pos="X">be</wf>
         <wf lemma="." pos="X">.</wf>
      </sentence>
      <sentence id="d000.s2985" source="wordnet-hungarian">
         <wf lemma="A" pos="X">A</wf>
         <instance id="d000.s2985.t000" lemma="lelkész" pos="NOUN">lelkész</instance>
         <wf lemma="különösen" pos="X">különösen</wf>
         <wf lemma="hatásos" pos="X">hatásos</wf>
         <wf lemma="prédikációt" pos="X">prédikációt</wf>
         <wf lemma="mondott" pos="X">mondott</wf>
         <wf lemma="." pos="X">.</wf>
      </sentence>
      <sentence id="d000.s2986" source="wordnet-hungarian">
         <wf lemma="A" pos="X">A</wf>
         <wf lemma="pilóta" pos="X">pilóta</wf>
         <wf lemma="a" pos="X">a</wf>
         <wf lemma="légörvényben" pos="X">légörvényben</wf>
         <wf lemma="nem" pos="X">nem</wf>
         <wf lemma="tudja" pos="X">tudja</wf>
         <instance id="d000.s2986.t000" lemma="irányít" pos="VERB">irányítani</instance>
         <wf lemma="a" pos="X">a</wf>
         <wf lemma="gépet" pos="X">gépet</wf>
         <wf lemma="." pos="X">.</wf>
      </sentence>
      <sentence id="d000.s2987" source="wordnet-hungarian">
         <wf lemma="A" pos="X">A</wf>
         <instance id="d000.s2987.t000" lemma="geológus" pos="NOUN">geológusok</instance>
         <wf lemma="éves" pos="X">éves</wf>
         <wf lemma="konferenciáján" pos="X">konferenciáján</wf>
         <wf lemma="a" pos="X">a</wf>
         <wf lemma="sugárzás" pos="X">sugárzás</wf>
         <wf lemma="káros" pos="X">káros</wf>
         <wf lemma="hatásait" pos="X">hatásait</wf>
         <wf lemma="is" pos="X">is</wf>
         <wf lemma="megtárgyalták" pos="X">megtárgyalták</wf>
         <wf lemma="." pos="X">.</wf>
      </sentence>
      <sentence id="d000.s2988" source="wordnet-hungarian">
         <wf lemma="Több" pos="X">Több</wf>
         <wf lemma="autót" pos="X">autót</wf>
         <instance id="d000.s2988.t000" lemma="gyárt" pos="VERB">gyártunk</instance>
         <wf lemma="," pos="X">,</wf>
         <wf lemma="mint" pos="X">mint</wf>
         <wf lemma="amennyit" pos="X">amennyit</wf>
         <wf lemma="el" pos="X">el</wf>
         <wf lemma="tudunk" pos="X">tudunk</wf>
         <wf lemma="adni" pos="X">adni</wf>
         <wf lemma="." pos="X">.</wf>
      </sentence>
      <sentence id="d000.s2989" source="wordnet-hungarian">
         <wf lemma="A" pos="X">A</wf>
         <wf lemma="cipőm" pos="X">cipőm</wf>
         <instance id="d000.s2989.t000" lemma="bír" pos="VERB">bírta</instance>
         <wf lemma="a" pos="X">a</wf>
         <wf lemma="megpróbáltatásokat" pos="X">megpróbáltatásokat</wf>
         <wf lemma="." pos="X">.</wf>
      </sentence>
      <sentence id="d000.s2990" source="wordnet-hungarian">
         <wf lemma="Eltűnt" pos="X">Eltűnt</wf>
         <wf lemma="az" pos="X">az</wf>
         <instance id="d000.s2990.t000" lemma="éj" pos="NOUN">éjben</instance>
         <wf lemma="." pos="X">.</wf>
      </sentence>
      <sentence id="d000.s2991" source="wordnet-hungarian">
         <wf lemma="A" pos="X">A</wf>
         <wf lemma="kormányfő" pos="X">kormányfő</wf>
         <wf lemma="minden" pos="X">minden</wf>
         <wf lemma="magyart" pos="X">magyart</wf>
         <wf lemma="arra" pos="X">arra</wf>
         <wf lemma="kért" pos="X">kért</wf>
         <wf lemma="," pos="X">,</wf>
         <wf lemma="hogy" pos="X">hogy</wf>
         <wf lemma="ne" pos="X">ne</wf>
         <wf lemma="válaszoljon" pos="X">válaszoljon</wf>
         <wf lemma="a" pos="X">a</wf>
         <wf lemma="szlovákiai" pos="X">szlovákiai</wf>
         <wf lemma="eseményekre" pos="X">eseményekre</wf>
         <instance id="d000.s2991.t000" lemma="szlovák" pos="NOUN">szlovákokat</instance>
         <wf lemma="sértő" pos="X">sértő</wf>
         <wf lemma="megjegyzésekkel" pos="X">megjegyzésekkel</wf>
         <wf lemma="vagy" pos="X">vagy</wf>
         <wf lemma="tettekkel" pos="X">tettekkel</wf>
         <wf lemma="." pos="X">.</wf>
      </sentence>
      <sentence id="d000.s2992" source="wordnet-hungarian">
         <wf lemma="A" pos="X">A</wf>
         <wf lemma="terv" pos="X">terv</wf>
         <instance id="d000.s2992.t000" lemma="készítő" pos="NOUN">készítője</instance>
         <wf lemma="nem" pos="X">nem</wf>
         <wf lemma="volt" pos="X">volt</wf>
         <wf lemma="jelen" pos="X">jelen</wf>
         <wf lemma="a" pos="X">a</wf>
         <wf lemma="megbeszélésen" pos="X">megbeszélésen</wf>
         <wf lemma="." pos="X">.</wf>
      </sentence>
      <sentence id="d000.s2993" source="wordnet-hungarian">
         <wf lemma="A" pos="X">A</wf>
         <instance id="d000.s2993.t000" lemma="fizikus" pos="NOUN">fizikus</instance>
         <wf lemma="kísérlete" pos="X">kísérlete</wf>
         <wf lemma="nem" pos="X">nem</wf>
         <wf lemma="sikerült" pos="X">sikerült</wf>
         <wf lemma="teljesen" pos="X">teljesen</wf>
         <wf lemma="." pos="X">.</wf>
      </sentence>
      <sentence id="d000.s2994" source="wordnet-hungarian">
         <wf lemma="Az" pos="X">Az</wf>
         <wf lemma="aortába" pos="X">aortába</wf>
         <wf lemma="a" pos="X">a</wf>
         <wf lemma="bal" pos="X">bal</wf>
         <wf lemma="kamra" pos="X">kamra</wf>
         <instance id="d000.s2994.t000" lemma="nyílás" pos="NOUN">nyílásán</instance>
         <wf lemma="át" pos="X">át</wf>
         <wf lemma="jut" pos="X">jut</wf>
         <wf lemma="a" pos="X">a</wf>
         <wf lemma="vér" pos="X">vér</wf>
         <wf lemma="." pos="X">.</wf>
      </sentence>
      <sentence id="d000.s2995" source="wordnet-hungarian">
         <wf lemma="Egy" pos="X">Egy</wf>
         <wf lemma="nagy" pos="X">nagy</wf>
         <wf lemma="kerti" pos="X">kerti</wf>
         <instance id="d000.s2995.t000" lemma="parti" pos="NOUN">partit</instance>
         <wf lemma="rendezett" pos="X">rendezett</wf>
         <wf lemma="születésnapján" pos="X">születésnapján</wf>
         <wf lemma="." pos="X">.</wf>
      </sentence>
      <sentence id="d000.s2996" source="wordnet-hungarian">
         <wf lemma="Egyes" pos="X">Egyes</wf>
         <wf lemma="kultúrákban" pos="X">kultúrákban</wf>
         <wf lemma="a" pos="X">a</wf>
         <instance id="d000.s2996.t000" lemma="hiéna" pos="NOUN">hiéna</instance>
         <wf lemma="testrészeit" pos="X">testrészeit</wf>
         <wf lemma="csodálatos" pos="X">csodálatos</wf>
         <wf lemma="hatásúaknak" pos="X">hatásúaknak</wf>
         <wf lemma="tartják" pos="X">tartják</wf>
         <wf lemma="." pos="X">.</wf>
      </sentence>
      <sentence id="d000.s2997" source="wordnet-hungarian">
         <wf lemma="Kínai" pos="X">Kínai</wf>
         <instance id="d000.s2997.t000" lemma="falusi" pos="NOUN">falusiak</instance>
         <wf lemma="szétverték" pos="X">szétverték</wf>
         <wf lemma="a" pos="X">a</wf>
         <wf lemma="határukban" pos="X">határukban</wf>
         <wf lemma="épült" pos="X">épült</wf>
         <wf lemma="szennyező" pos="X">szennyező</wf>
         <wf lemma="üzemeket" pos="X">üzemeket</wf>
         <wf lemma="." pos="X">.</wf>
      </sentence>
      <sentence id="d000.s2998" source="wordnet-hungarian">
         <wf lemma="A" pos="X">A</wf>
         <wf lemma="kutya" pos="X">kutya</wf>
         <wf lemma="a" pos="X">a</wf>
         <wf lemma="betörőknek" pos="X">betörőknek</wf>
         <instance id="d000.s2998.t000" lemma="esik" pos="VERB">esett</instance>
         <wf lemma="." pos="X">.</wf>
      </sentence>
      <sentence id="d000.s2999" source="wordnet-hungarian">
         <wf lemma="Telefonszerelőt" pos="X">Telefonszerelőt</wf>
         <wf lemma="kellett" pos="X">kellett</wf>
         <wf lemma="hívni" pos="X">hívni</wf>
         <wf lemma="," pos="X">,</wf>
         <wf lemma="mert" pos="X">mert</wf>
         <wf lemma="elromlott" pos="X">elromlott</wf>
         <wf lemma="a" pos="X">a</wf>
         <instance id="d000.s2999.t000" lemma="telefon" pos="NOUN">telefonunk</instance>
         <wf lemma="." pos="X">.</wf>
      </sentence>
      <sentence id="d000.s3000" source="wordnet-hungarian">
         <wf lemma="Ismét" pos="X">Ismét</wf>
         <wf lemma="több" pos="X">több</wf>
         <wf lemma="jegybanki" pos="X">jegybanki</wf>
         <instance id="d000.s3000.t000" lemma="kötvény" pos="NOUN">kötvényt</instance>
         <wf lemma="vásároltak" pos="X">vásároltak</wf>
         <wf lemma="a" pos="X">a</wf>
         <wf lemma="hitelintézetek" pos="X">hitelintézetek</wf>
         <wf lemma="." pos="X">.</wf>
      </sentence>
      <sentence id="d000.s3001" source="wordnet-hungarian">
         <wf lemma="Az" pos="X">Az</wf>
         <instance id="d000.s3001.t000" lemma="origó" pos="NOUN">origóban</instance>
         <wf lemma="metszi" pos="X">metszi</wf>
         <wf lemma="egymás" pos="X">egymás</wf>
         <wf lemma="az" pos="X">az</wf>
         <wf lemma="ordináta" pos="X">ordináta</wf>
         <wf lemma="és" pos="X">és</wf>
         <wf lemma="abszcissza" pos="X">abszcissza</wf>
         <wf lemma="tengely" pos="X">tengely</wf>
         <wf lemma="." pos="X">.</wf>
      </sentence>
      <sentence id="d000.s3002" source="wordnet-hungarian">
         <wf lemma="A" pos="X">A</wf>
         <wf lemma="költő" pos="X">költő</wf>
         <wf lemma="a" pos="X">a</wf>
         <wf lemma="gyűlölet" pos="X">gyűlölet</wf>
         <wf lemma="tárgyát" pos="X">tárgyát</wf>
         <wf lemma="magával" pos="X">magával</wf>
         <wf lemma="a" pos="X">a</wf>
         <wf lemma="gonosszal" pos="X">gonosszal</wf>
         <instance id="d000.s3002.t000" lemma="azonosít" pos="VERB">azonosítja</instance>
         <wf lemma="." pos="X">.</wf>
      </sentence>
      <sentence id="d000.s3003" source="wordnet-hungarian">
         <wf lemma="Ugyanezek" pos="X">Ugyanezek</wf>
         <wf lemma="a" pos="X">a</wf>
         <wf lemma="szabályok" pos="X">szabályok</wf>
         <instance id="d000.s3003.t000" lemma="vonatkozik" pos="VERB">vonatkoznak</instance>
         <wf lemma="a" pos="X">a</wf>
         <wf lemma="csoport" pos="X">csoport</wf>
         <wf lemma="többi" pos="X">többi</wf>
         <wf lemma="tagjára" pos="X">tagjára</wf>
         <wf lemma="is" pos="X">is</wf>
         <wf lemma="." pos="X">.</wf>
      </sentence>
      <sentence id="d000.s3004" source="wordnet-hungarian">
         <wf lemma="Váratlan" pos="X">Váratlan</wf>
         <instance id="d000.s3004.t000" lemma="siker" pos="NOUN">sikert</instance>
         <wf lemma="ért" pos="X">ért</wf>
         <wf lemma="el" pos="X">el</wf>
         <wf lemma="mindkét" pos="X">mindkét</wf>
         <wf lemma="versenyszámban" pos="X">versenyszámban</wf>
         <wf lemma="." pos="X">.</wf>
      </sentence>
      <sentence id="d000.s3005" source="wordnet-hungarian">
         <wf lemma="Az" pos="X">Az</wf>
         <wf lemma="egész" pos="X">egész</wf>
         <instance id="d000.s3005.t000" lemma="egyetem" pos="NOUN">egyetem</instance>
         <wf lemma="részt" pos="X">részt</wf>
         <wf lemma="vett" pos="X">vett</wf>
         <wf lemma="a" pos="X">a</wf>
         <wf lemma="föld-napi" pos="X">föld-napi</wf>
         <wf lemma="takarítási" pos="X">takarítási</wf>
         <wf lemma="akcióban" pos="X">akcióban</wf>
         <wf lemma="." pos="X">.</wf>
      </sentence>
      <sentence id="d000.s3006" source="wordnet-hungarian">
         <wf lemma="A" pos="X">A</wf>
         <wf lemma="biztonsági" pos="X">biztonsági</wf>
         <wf lemma="cég" pos="X">cég</wf>
         <wf lemma="azt" pos="X">azt</wf>
         <wf lemma="feltételezi" pos="X">feltételezi</wf>
         <wf lemma="," pos="X">,</wf>
         <wf lemma="hogy" pos="X">hogy</wf>
         <wf lemma="a" pos="X">a</wf>
         <instance id="d000.s3006.t000" lemma="támadó" pos="NOUN">támadók</instance>
         <wf lemma="a" pos="X">a</wf>
         <wf lemma="jövőben" pos="X">jövőben</wf>
         <wf lemma="egyre" pos="X">egyre</wf>
         <wf lemma="változatosabb" pos="X">változatosabb</wf>
         <wf lemma="és" pos="X">és</wf>
         <wf lemma="kifinomultabb" pos="X">kifinomultabb</wf>
         <wf lemma="módszereket" pos="X">módszereket</wf>
         <wf lemma="fognak" pos="X">fognak</wf>
         <wf lemma="használni" pos="X">használni</wf>
         <wf lemma="." pos="X">.</wf>
      </sentence>
      <sentence id="d000.s3007" source="wordnet-hungarian">
         <wf lemma="A" pos="X">A</wf>
         <instance id="d000.s3007.t000" lemma="szenilitás" pos="NOUN">szenilitás</instance>
         <wf lemma="első" pos="X">első</wf>
         <wf lemma="jelei" pos="X">jelei</wf>
         <wf lemma="mutatkoztak" pos="X">mutatkoztak</wf>
         <wf lemma="rajta" pos="X">rajta</wf>
         <wf lemma="." pos="X">.</wf>
      </sentence>
      <sentence id="d000.s3008" source="wordnet-hungarian">
         <wf lemma="Nem" pos="X">Nem</wf>
         <wf lemma="szerencsés" pos="X">szerencsés</wf>
         <wf lemma="a" pos="X">a</wf>
         <wf lemma="két" pos="X">két</wf>
         <wf lemma="dolog" pos="X">dolog</wf>
         <instance id="d000.s3008.t000" lemma="összehasonlítás" pos="NOUN">összehasonlítása</instance>
         <wf lemma="." pos="X">.</wf>
      </sentence>
      <sentence id="d000.s3009" source="wordnet-hungarian">
         <wf lemma="Negyven" pos="X">Negyven</wf>
         <instance id="d000.s3009.t000" lemma="fok" pos="NOUN">fok</instance>
         <wf lemma="volt" pos="X">volt</wf>
         <wf lemma="a" pos="X">a</wf>
         <wf lemma="napon" pos="X">napon</wf>
         <wf lemma="." pos="X">.</wf>
      </sentence>
      <sentence id="d000.s3010" source="wordnet-hungarian">
         <wf lemma="Nagy" pos="X">Nagy</wf>
         <wf lemma="volt" pos="X">volt</wf>
         <wf lemma="a" pos="X">a</wf>
         <instance id="d000.s3010.t000" lemma="fölény" pos="NOUN">fölénye</instance>
         <wf lemma="a" pos="X">a</wf>
         <wf lemma="többiekhez" pos="X">többiekhez</wf>
         <wf lemma="képest" pos="X">képest</wf>
         <wf lemma="." pos="X">.</wf>
      </sentence>
      <sentence id="d000.s3011" source="wordnet-hungarian">
         <wf lemma="Nem" pos="X">Nem</wf>
         <wf lemma="számolt" pos="X">számolt</wf>
         <wf lemma="a" pos="X">a</wf>
         <wf lemma="dolog" pos="X">dolog</wf>
         <wf lemma="ilyetén" pos="X">ilyetén</wf>
         <instance id="d000.s3011.t000" lemma="következmény" pos="NOUN">következményeivel</instance>
         <wf lemma="." pos="X">.</wf>
      </sentence>
      <sentence id="d000.s3012" source="wordnet-hungarian">
         <wf lemma="A" pos="X">A</wf>
         <wf lemma="taxisofőr" pos="X">taxisofőr</wf>
         <wf lemma="elfelejtette" pos="X">elfelejtette</wf>
         <wf lemma="bekapcsolni" pos="X">bekapcsolni</wf>
         <wf lemma="a" pos="X">a</wf>
         <instance id="d000.s3012.t000" lemma="taxióra" pos="NOUN">taxiórát</instance>
         <wf lemma="." pos="X">.</wf>
      </sentence>
      <sentence id="d000.s3013" source="wordnet-hungarian">
         <wf lemma="A" pos="X">A</wf>
         <wf lemma="könyv" pos="X">könyv</wf>
         <wf lemma="számtalan" pos="X">számtalan</wf>
         <wf lemma="bizonyítékot" pos="X">bizonyítékot</wf>
         <instance id="d000.s3013.t000" lemma="hoz" pos="VERB">hoz</instance>
         <wf lemma="fel" pos="X">fel</wf>
         <wf lemma="." pos="X">.</wf>
      </sentence>
      <sentence id="d000.s3014" source="wordnet-hungarian">
         <instance id="d000.s3014.t000" lemma="hajlandóság" pos="NOUN">Hajlandóságot</instance>
         <wf lemma="mutatott" pos="X">mutatott</wf>
         <wf lemma="arra" pos="X">arra</wf>
         <wf lemma="," pos="X">,</wf>
         <wf lemma="hogy" pos="X">hogy</wf>
         <wf lemma="segítsen" pos="X">segítsen</wf>
         <wf lemma="." pos="X">.</wf>
      </sentence>
      <sentence id="d000.s3015" source="wordnet-hungarian">
         <wf lemma="Hogyan" pos="X">Hogyan</wf>
         <wf lemma="tudok" pos="X">tudok</wf>
         <wf lemma="majd" pos="X">majd</wf>
         <wf lemma="viszonozni" pos="X">viszonozni</wf>
         <wf lemma="ilyen" pos="X">ilyen</wf>
         <wf lemma="nagy" pos="X">nagy</wf>
         <instance id="d000.s3015.t000" lemma="kedvesség" pos="NOUN">kedvességet</instance>
         <wf lemma="?" pos="X">?</wf>
      </sentence>
      <sentence id="d000.s3016" source="wordnet-hungarian">
         <wf lemma="A" pos="X">A</wf>
         <wf lemma="bőrvezetést" pos="X">bőrvezetést</wf>
         <wf lemma="régóta" pos="X">régóta</wf>
         <wf lemma="használják" pos="X">használják</wf>
         <wf lemma="a" pos="X">a</wf>
         <instance id="d000.s3016.t000" lemma="fiziológus" pos="NOUN">fiziológusok</instance>
         <wf lemma="," pos="X">,</wf>
         <wf lemma="mint" pos="X">mint</wf>
         <wf lemma="az" pos="X">az</wf>
         <wf lemma="érzelmi" pos="X">érzelmi</wf>
         <wf lemma="," pos="X">,</wf>
         <wf lemma="hangulati" pos="X">hangulati</wf>
         <wf lemma="állapotra" pos="X">állapotra</wf>
         <wf lemma="jellemző" pos="X">jellemző</wf>
         <wf lemma="adatot" pos="X">adatot</wf>
         <wf lemma="." pos="X">.</wf>
      </sentence>
      <sentence id="d000.s3017" source="wordnet-hungarian">
         <wf lemma="Aktív" pos="X">Aktív</wf>
         <wf lemma="angol" pos="X">angol</wf>
         <instance id="d000.s3017.t000" lemma="szókincs" pos="NOUN">szókincsem</instance>
         <wf lemma="nagy" pos="X">nagy</wf>
         <wf lemma="részét" pos="X">részét</wf>
         <wf lemma="filmek" pos="X">filmek</wf>
         <wf lemma="nézése" pos="X">nézése</wf>
         <wf lemma="során" pos="X">során</wf>
         <wf lemma="szedtem" pos="X">szedtem</wf>
         <wf lemma="össze" pos="X">össze</wf>
         <wf lemma="." pos="X">.</wf>
      </sentence>
      <sentence id="d000.s3018" source="wordnet-hungarian">
         <wf lemma="Az" pos="X">Az</wf>
         <wf lemma="agykontroll" pos="X">agykontroll</wf>
         <wf lemma="módszere" pos="X">módszere</wf>
         <wf lemma="azt" pos="X">azt</wf>
         <wf lemma="ajánlja" pos="X">ajánlja</wf>
         <wf lemma="a" pos="X">a</wf>
         <wf lemma="betegeknek" pos="X">betegeknek</wf>
         <wf lemma="," pos="X">,</wf>
         <wf lemma="hogy" pos="X">hogy</wf>
         <wf lemma="tanuljanak" pos="X">tanuljanak</wf>
         <wf lemma="meg" pos="X">meg</wf>
         <instance id="d000.s3018.t000" lemma="vizualizál" pos="VERB">vizualizálni</instance>
         <wf lemma="." pos="X">.</wf>
      </sentence>
      <sentence id="d000.s3019" source="wordnet-hungarian">
         <wf lemma="A" pos="X">A</wf>
         <instance id="d000.s3019.t000" lemma="csapágy" pos="NOUN">csapágyak</instance>
         <wf lemma="teljesen" pos="X">teljesen</wf>
         <wf lemma="átforrósodtak" pos="X">átforrósodtak</wf>
         <wf lemma="." pos="X">.</wf>
      </sentence>
      <sentence id="d000.s3020" source="wordnet-hungarian">
         <wf lemma="A" pos="X">A</wf>
         <wf lemma="traktor" pos="X">traktor</wf>
         <instance id="d000.s3020.t000" lemma="áll" pos="VERB">áll</instance>
         <wf lemma="." pos="X">.</wf>
      </sentence>
      <sentence id="d000.s3021" source="wordnet-hungarian">
         <wf lemma="A" pos="X">A</wf>
         <instance id="d000.s3021.t000" lemma="gúnyolódás" pos="NOUN">gúnyolódás</instance>
         <wf lemma="nagyon" pos="X">nagyon</wf>
         <wf lemma="bántotta" pos="X">bántotta</wf>
         <wf lemma="." pos="X">.</wf>
      </sentence>
      <sentence id="d000.s3022" source="wordnet-hungarian">
         <wf lemma="Sieverding" pos="X">Sieverding</wf>
         <wf lemma="a" pos="X">a</wf>
         <wf lemma="kortárs" pos="X">kortárs</wf>
         <wf lemma="német" pos="X">német</wf>
         <wf lemma="képzőművészet" pos="X">képzőművészet</wf>
         <wf lemma="kiemelkedő" pos="X">kiemelkedő</wf>
         <instance id="d000.s3022.t000" lemma="egyéniség" pos="NOUN">egyénisége</instance>
         <wf lemma="." pos="X">.</wf>
      </sentence>
      <sentence id="d000.s3023" source="wordnet-hungarian">
         <wf lemma="A" pos="X">A</wf>
         <wf lemma="magyarok" pos="X">magyarok</wf>
         <wf lemma="híresek" pos="X">híresek</wf>
         <wf lemma="a" pos="X">a</wf>
         <instance id="d000.s3023.t000" lemma="vendégszeretet" pos="NOUN">vendégszeretetükről</instance>
         <wf lemma="." pos="X">.</wf>
      </sentence>
      <sentence id="d000.s3024" source="wordnet-hungarian">
         <wf lemma="Komoly" pos="X">Komoly</wf>
         <instance id="d000.s3024.t000" lemma="alvászavar" pos="NOUN">alvászavarral</instance>
         <wf lemma="küzd" pos="X">küzd</wf>
         <wf lemma="," pos="X">,</wf>
         <wf lemma="ezért" pos="X">ezért</wf>
         <wf lemma="olyan" pos="X">olyan</wf>
         <wf lemma="nyúzott" pos="X">nyúzott</wf>
         <wf lemma="és" pos="X">és</wf>
         <wf lemma="karikásak" pos="X">karikásak</wf>
         <wf lemma="a" pos="X">a</wf>
         <wf lemma="szemei" pos="X">szemei</wf>
         <wf lemma="." pos="X">.</wf>
      </sentence>
      <sentence id="d000.s3025" source="wordnet-hungarian">
         <wf lemma="Az" pos="X">Az</wf>
         <wf lemma="orvos" pos="X">orvos</wf>
         <instance id="d000.s3025.t000" lemma="kitapint" pos="VERB">kitapintotta</instance>
         <wf lemma="a" pos="X">a</wf>
         <wf lemma="fájós" pos="X">fájós</wf>
         <wf lemma="testrészt" pos="X">testrészt</wf>
         <wf lemma="." pos="X">.</wf>
      </sentence>
      <sentence id="d000.s3026" source="wordnet-hungarian">
         <wf lemma="A" pos="X">A</wf>
         <wf lemma="vizsgán" pos="X">vizsgán</wf>
         <wf lemma="emlékezett" pos="X">emlékezett</wf>
         <wf lemma="arra" pos="X">arra</wf>
         <wf lemma="," pos="X">,</wf>
         <wf lemma="amit" pos="X">amit</wf>
         <wf lemma="a" pos="X">a</wf>
         <instance id="d000.s3026.t000" lemma="loncfélék" pos="NOUN">loncfélékről</instance>
         <wf lemma="tanult" pos="X">tanult</wf>
         <wf lemma="." pos="X">.</wf>
      </sentence>
      <sentence id="d000.s3027" source="wordnet-hungarian">
         <wf lemma="Dénes" pos="X">Dénes</wf>
         <wf lemma="a" pos="X">a</wf>
         <wf lemma="falnak" pos="X">falnak</wf>
         <instance id="d000.s3027.t000" lemma="vezet" pos="VERB">vezette</instance>
         <wf lemma="a" pos="X">a</wf>
         <wf lemma="kocsit" pos="X">kocsit</wf>
         <wf lemma="." pos="X">.</wf>
      </sentence>
      <sentence id="d000.s3028" source="wordnet-hungarian">
         <wf lemma="A" pos="X">A</wf>
         <wf lemma="19." pos="X">19.</wf>
         <wf lemma="században" pos="X">században</wf>
         <wf lemma="a" pos="X">a</wf>
         <wf lemma="női" pos="X">női</wf>
         <wf lemma="szexualitásra" pos="X">szexualitásra</wf>
         <wf lemma="való" pos="X">való</wf>
         <wf lemma="bárminemű" pos="X">bárminemű</wf>
         <wf lemma="utalást" pos="X">utalást</wf>
         <instance id="d000.s3028.t000" lemma="gyalázat" pos="NOUN">gyalázatnak</instance>
         <wf lemma="tartottak" pos="X">tartottak</wf>
         <wf lemma="." pos="X">.</wf>
      </sentence>
      <sentence id="d000.s3029" source="wordnet-hungarian">
         <wf lemma="A" pos="X">A</wf>
         <wf lemma="képek" pos="X">képek</wf>
         <wf lemma="készítésekor" pos="X">készítésekor</wf>
         <wf lemma="az" pos="X">az</wf>
         <instance id="d000.s3029.t000" lemma="üstökös" pos="NOUN">üstökös</instance>
         <wf lemma="mintegy" pos="X">mintegy</wf>
         <wf lemma="120" pos="X">120</wf>
         <wf lemma="millió" pos="X">millió</wf>
         <wf lemma="kilométerre" pos="X">kilométerre</wf>
         <wf lemma="volt" pos="X">volt</wf>
         <wf lemma="a" pos="X">a</wf>
         <wf lemma="Földtől" pos="X">Földtől</wf>
         <wf lemma="." pos="X">.</wf>
      </sentence>
      <sentence id="d000.s3030" source="wordnet-hungarian">
         <wf lemma="A" pos="X">A</wf>
         <wf lemma="többszörös" pos="X">többszörös</wf>
         <instance id="d000.s3030.t000" lemma="gyilkos" pos="NOUN">gyilkost</instance>
         <wf lemma="végül" pos="X">végül</wf>
         <wf lemma="halmazati" pos="X">halmazati</wf>
         <wf lemma="büntetésül" pos="X">büntetésül</wf>
         <wf lemma="halálra" pos="X">halálra</wf>
         <wf lemma="ítélték" pos="X">ítélték</wf>
         <wf lemma="." pos="X">.</wf>
      </sentence>
      <sentence id="d000.s3031" source="wordnet-hungarian">
         <wf lemma="Az" pos="X">Az</wf>
         <instance id="d000.s3031.t000" lemma="üvegáru" pos="NOUN">üvegáru</instance>
         <wf lemma="jelenleg" pos="X">jelenleg</wf>
         <wf lemma="eladhatatlan" pos="X">eladhatatlan</wf>
         <wf lemma="," pos="X">,</wf>
         <wf lemma="a" pos="X">a</wf>
         <wf lemma="porcelán" pos="X">porcelán</wf>
         <wf lemma="sokkal" pos="X">sokkal</wf>
         <wf lemma="divatosabb" pos="X">divatosabb</wf>
         <wf lemma="." pos="X">.</wf>
      </sentence>
      <sentence id="d000.s3032" source="wordnet-hungarian">
         <wf lemma="A" pos="X">A</wf>
         <instance id="d000.s3032.t000" lemma="szteroid" pos="NOUN">szteroidok</instance>
         <wf lemma="csökkentik" pos="X">csökkentik</wf>
         <wf lemma="az" pos="X">az</wf>
         <wf lemma="allergiát" pos="X">allergiát</wf>
         <wf lemma="kísérő" pos="X">kísérő</wf>
         <wf lemma="gyulladásos" pos="X">gyulladásos</wf>
         <wf lemma="reakciókat" pos="X">reakciókat</wf>
         <wf lemma="." pos="X">.</wf>
      </sentence>
      <sentence id="d000.s3033" source="wordnet-hungarian">
         <instance id="d000.s3033.t000" lemma="szerencsétlen" pos="NOUN">Szerencsétlennek</instance>
         <wf lemma="most" pos="X">most</wf>
         <wf lemma="sem" pos="X">sem</wf>
         <wf lemma="sikerült" pos="X">sikerült</wf>
         <wf lemma="," pos="X">,</wf>
         <wf lemma="amit" pos="X">amit</wf>
         <wf lemma="szeretett" pos="X">szeretett</wf>
         <wf lemma="volna" pos="X">volna</wf>
         <wf lemma="." pos="X">.</wf>
      </sentence>
      <sentence id="d000.s3034" source="wordnet-hungarian">
         <wf lemma="Elkapják" pos="X">Elkapják</wf>
         <wf lemma="az" pos="X">az</wf>
         <wf lemma="elkövetőket" pos="X">elkövetőket</wf>
         <wf lemma="még" pos="X">még</wf>
         <wf lemma="ha" pos="X">ha</wf>
         <wf lemma="az" pos="X">az</wf>
         <instance id="d000.s3034.t000" lemma="alvilág" pos="NOUN">alvilág</instance>
         <wf lemma="legmélyebb" pos="X">legmélyebb</wf>
         <wf lemma="bugyraiban" pos="X">bugyraiban</wf>
         <wf lemma="is" pos="X">is</wf>
         <wf lemma="kell" pos="X">kell</wf>
         <wf lemma="kutakodni" pos="X">kutakodni</wf>
         <wf lemma="." pos="X">.</wf>
      </sentence>
      <sentence id="d000.s3035" source="wordnet-hungarian">
         <wf lemma="Pedig" pos="X">Pedig</wf>
         <wf lemma="a" pos="X">a</wf>
         <wf lemma="szociális" pos="X">szociális</wf>
         <instance id="d000.s3035.t000" lemma="fóbia" pos="NOUN">fóbia</instance>
         <wf lemma="sokkal" pos="X">sokkal</wf>
         <wf lemma="gyakoribb" pos="X">gyakoribb</wf>
         <wf lemma="," pos="X">,</wf>
         <wf lemma="mint" pos="X">mint</wf>
         <wf lemma="gondolnánk" pos="X">gondolnánk</wf>
         <wf lemma="," pos="X">,</wf>
         <wf lemma="vagy" pos="X">vagy</wf>
         <wf lemma="gondoltuk" pos="X">gondoltuk</wf>
         <wf lemma="korábban" pos="X">korábban</wf>
         <wf lemma="." pos="X">.</wf>
      </sentence>
      <sentence id="d000.s3036" source="wordnet-hungarian">
         <wf lemma="Az" pos="X">Az</wf>
         <wf lemma="egyetemes" pos="X">egyetemes</wf>
         <wf lemma="történelem" pos="X">történelem</wf>
         <wf lemma="érdekli" pos="X">érdekli</wf>
         <wf lemma="és" pos="X">és</wf>
         <wf lemma="a" pos="X">a</wf>
         <instance id="d000.s3036.t000" lemma="heraldika" pos="NOUN">heraldika</instance>
         <wf lemma="." pos="X">.</wf>
      </sentence>
      <sentence id="d000.s3037" source="wordnet-hungarian">
         <wf lemma="Az" pos="X">Az</wf>
         <wf lemma="angol" pos="X">angol</wf>
         <instance id="d000.s3037.t000" lemma="miniszterelnök" pos="NOUN">miniszterelnök</instance>
         <wf lemma="tehetetlenül" pos="X">tehetetlenül</wf>
         <wf lemma="áll" pos="X">áll</wf>
         <wf lemma="az" pos="X">az</wf>
         <wf lemma="illegális" pos="X">illegális</wf>
         <wf lemma="amazoniai" pos="X">amazoniai</wf>
         <wf lemma="fakitermeléssel" pos="X">fakitermeléssel</wf>
         <wf lemma="szemben" pos="X">szemben</wf>
         <wf lemma="." pos="X">.</wf>
      </sentence>
      <sentence id="d000.s3038" source="wordnet-hungarian">
         <wf lemma="A" pos="X">A</wf>
         <wf lemma="megfelelő" pos="X">megfelelő</wf>
         <wf lemma="sebesség" pos="X">sebesség</wf>
         <wf lemma="elérése" pos="X">elérése</wf>
         <wf lemma="után" pos="X">után</wf>
         <wf lemma="a" pos="X">a</wf>
         <instance id="d000.s3038.t000" lemma="meghajtás" pos="NOUN">meghajtás</instance>
         <wf lemma="kikapcsolják" pos="X">kikapcsolják</wf>
         <wf lemma="." pos="X">.</wf>
      </sentence>
      <sentence id="d000.s3039" source="wordnet-hungarian">
         <wf lemma="A" pos="X">A</wf>
         <instance id="d000.s3039.t000" lemma="zoológus" pos="NOUN">zoológusok</instance>
         <wf lemma="indonéziai" pos="X">indonéziai</wf>
         <wf lemma="expedíciójuk" pos="X">expedíciójuk</wf>
         <wf lemma="során" pos="X">során</wf>
         <wf lemma="több" pos="X">több</wf>
         <wf lemma="," pos="X">,</wf>
         <wf lemma="a" pos="X">a</wf>
         <wf lemma="tudomány" pos="X">tudomány</wf>
         <wf lemma="számára" pos="X">számára</wf>
         <wf lemma="eddig" pos="X">eddig</wf>
         <wf lemma="ismeretlen" pos="X">ismeretlen</wf>
         <wf lemma="állatfajt" pos="X">állatfajt</wf>
         <wf lemma="fedeztek" pos="X">fedeztek</wf>
         <wf lemma="föl" pos="X">föl</wf>
         <wf lemma="." pos="X">.</wf>
      </sentence>
      <sentence id="d000.s3040" source="wordnet-hungarian">
         <wf lemma="A" pos="X">A</wf>
         <instance id="d000.s3040.t000" lemma="körtefa" pos="NOUN">körtefára</instance>
         <wf lemma="nem" pos="X">nem</wf>
         <wf lemma="tanácsos" pos="X">tanácsos</wf>
         <wf lemma="felmászni" pos="X">felmászni</wf>
         <wf lemma="." pos="X">.</wf>
      </sentence>
      <sentence id="d000.s3041" source="wordnet-hungarian">
         <wf lemma="A" pos="X">A</wf>
         <instance id="d000.s3041.t000" lemma="telep" pos="NOUN">telepen</instance>
         <wf lemma="legalább" pos="X">legalább</wf>
         <wf lemma="kétszáz" pos="X">kétszáz</wf>
         <wf lemma="kocát" pos="X">kocát</wf>
         <wf lemma="és" pos="X">és</wf>
         <wf lemma="süldő" pos="X">süldő</wf>
         <wf lemma="disznót" pos="X">disznót</wf>
         <wf lemma="tartanak" pos="X">tartanak</wf>
         <wf lemma="." pos="X">.</wf>
      </sentence>
      <sentence id="d000.s3042" source="wordnet-hungarian">
         <wf lemma="Pista" pos="X">Pista</wf>
         <wf lemma="és" pos="X">és</wf>
         <wf lemma="Mari" pos="X">Mari</wf>
         <wf lemma="csókot" pos="X">csókot</wf>
         <instance id="d000.s3042.t000" lemma="vált" pos="VERB">váltottak</instance>
         <wf lemma="." pos="X">.</wf>
      </sentence>
      <sentence id="d000.s3043" source="wordnet-hungarian">
         <wf lemma="Mi" pos="X">Mi</wf>
         <wf lemma="ez" pos="X">ez</wf>
         <wf lemma="a" pos="X">a</wf>
         <instance id="d000.s3043.t000" lemma="hangzavar" pos="NOUN">hangzavar</instance>
         <wf lemma="?" pos="X">?</wf>
      </sentence>
      <sentence id="d000.s3044" source="wordnet-hungarian">
         <wf lemma="Kérjük" pos="X">Kérjük</wf>
         <wf lemma="meg" pos="X">meg</wf>
         <wf lemma="a" pos="X">a</wf>
         <instance id="d000.s3044.t000" lemma="hentes" pos="NOUN">hentest</instance>
         <wf lemma="," pos="X">,</wf>
         <wf lemma="hogy" pos="X">hogy</wf>
         <wf lemma="csontozza" pos="X">csontozza</wf>
         <wf lemma="ki" pos="X">ki</wf>
         <wf lemma="a" pos="X">a</wf>
         <wf lemma="báránycombot" pos="X">báránycombot</wf>
         <wf lemma="!" pos="X">!</wf>
      </sentence>
      <sentence id="d000.s3045" source="wordnet-hungarian">
         <wf lemma="A" pos="X">A</wf>
         <instance id="d000.s3045.t000" lemma="pulzusszám" pos="NOUN">pulzusszám</instance>
         <wf lemma="árulkodik" pos="X">árulkodik</wf>
         <wf lemma="arról" pos="X">arról</wf>
         <wf lemma="," pos="X">,</wf>
         <wf lemma="hogy" pos="X">hogy</wf>
         <wf lemma="éppen" pos="X">éppen</wf>
         <wf lemma="mennyire" pos="X">mennyire</wf>
         <wf lemma="terheled" pos="X">terheled</wf>
         <wf lemma="magad" pos="X">magad</wf>
         <wf lemma="." pos="X">.</wf>
      </sentence>
      <sentence id="d000.s3046" source="wordnet-hungarian">
         <wf lemma="A" pos="X">A</wf>
         <wf lemma="sárgadinnye" pos="X">sárgadinnye</wf>
         <wf lemma="kellemes" pos="X">kellemes</wf>
         <instance id="d000.s3046.t000" lemma="íz" pos="NOUN">ízt</instance>
         <wf lemma="hagyott" pos="X">hagyott</wf>
         <wf lemma="a" pos="X">a</wf>
         <wf lemma="szájában" pos="X">szájában</wf>
         <wf lemma="." pos="X">.</wf>
      </sentence>
      <sentence id="d000.s3047" source="wordnet-hungarian">
         <wf lemma="A" pos="X">A</wf>
         <wf lemma="polip" pos="X">polip</wf>
         <wf lemma="a" pos="X">a</wf>
         <wf lemma="legokosabb" pos="X">legokosabb</wf>
         <instance id="d000.s3047.t000" lemma="gerinctelen" pos="NOUN">gerinctelen</instance>
         <wf lemma="állat" pos="X">állat</wf>
         <wf lemma="," pos="X">,</wf>
         <wf lemma="egy" pos="X">egy</wf>
         <wf lemma="szabadulóművész" pos="X">szabadulóművész</wf>
         <wf lemma="," pos="X">,</wf>
         <wf lemma="mely" pos="X">mely</wf>
         <wf lemma="puha" pos="X">puha</wf>
         <wf lemma="testét" pos="X">testét</wf>
         <wf lemma="úgy" pos="X">úgy</wf>
         <wf lemma="torzítja" pos="X">torzítja</wf>
         <wf lemma="," pos="X">,</wf>
         <wf lemma="hogy" pos="X">hogy</wf>
         <wf lemma="a" pos="X">a</wf>
         <wf lemma="legkisebb" pos="X">legkisebb</wf>
         <wf lemma="réseken" pos="X">réseken</wf>
         <wf lemma="is" pos="X">is</wf>
         <wf lemma="átpréselhesse" pos="X">átpréselhesse</wf>
         <wf lemma="magát" pos="X">magát</wf>
         <wf lemma="." pos="X">.</wf>
      </sentence>
      <sentence id="d000.s3048" source="wordnet-hungarian">
         <wf lemma="Az" pos="X">Az</wf>
         <instance id="d000.s3048.t000" lemma="olajvezeték" pos="NOUN">olajvezeték</instance>
         <wf lemma="hatása" pos="X">hatása</wf>
         <wf lemma="a" pos="X">a</wf>
         <wf lemma="környezetre" pos="X">környezetre</wf>
         <wf lemma="máig" pos="X">máig</wf>
         <wf lemma="viták" pos="X">viták</wf>
         <wf lemma="tárgya" pos="X">tárgya</wf>
         <wf lemma="." pos="X">.</wf>
      </sentence>
      <sentence id="d000.s3049" source="wordnet-hungarian">
         <wf lemma="Az" pos="X">Az</wf>
         <wf lemma="utazási" pos="X">utazási</wf>
         <wf lemma="költségek" pos="X">költségek</wf>
         <instance id="d000.s3049.t000" lemma="visszatérítés" pos="NOUN">visszatérítése</instance>
         <wf lemma="megérkezett" pos="X">megérkezett</wf>
         <wf lemma="a" pos="X">a</wf>
         <wf lemma="számlámra" pos="X">számlámra</wf>
         <wf lemma="." pos="X">.</wf>
      </sentence>
      <sentence id="d000.s3050" source="wordnet-hungarian">
         <wf lemma="A" pos="X">A</wf>
         <wf lemma="szombati" pos="X">szombati</wf>
         <wf lemma="kilenc" pos="X">kilenc</wf>
         <wf lemma="döntőből" pos="X">döntőből</wf>
         <wf lemma="hatban" pos="X">hatban</wf>
         <wf lemma="magyar" pos="X">magyar</wf>
         <wf lemma="győzelem" pos="X">győzelem</wf>
         <wf lemma="született" pos="X">született</wf>
         <wf lemma="a" pos="X">a</wf>
         <wf lemma="19." pos="X">19.</wf>
         <wf lemma="szegedi" pos="X">szegedi</wf>
         <wf lemma="nemzetközi" pos="X">nemzetközi</wf>
         <wf lemma="evezős" pos="X">evezős</wf>
         <instance id="d000.s3050.t000" lemma="regatta" pos="NOUN">regattán</instance>
         <wf lemma="." pos="X">.</wf>
      </sentence>
      <sentence id="d000.s3051" source="wordnet-hungarian">
         <wf lemma="Egy" pos="X">Egy</wf>
         <wf lemma="perc" pos="X">perc</wf>
         <wf lemma="történetét" pos="X">történetét</wf>
         <wf lemma="meséli" pos="X">meséli</wf>
         <wf lemma="el" pos="X">el</wf>
         <wf lemma="az" pos="X">az</wf>
         <instance id="d000.s3051.t000" lemma="elbeszélő" pos="NOUN">elbeszélő</instance>
         <wf lemma="," pos="X">,</wf>
         <wf lemma="aki" pos="X">aki</wf>
         <wf lemma="az" pos="X">az</wf>
         <wf lemma="utcán" pos="X">utcán</wf>
         <wf lemma="sétálva" pos="X">sétálva</wf>
         <wf lemma="drogos" pos="X">drogos</wf>
         <wf lemma="állapotban" pos="X">állapotban</wf>
         <wf lemma="gondolkodik" pos="X">gondolkodik</wf>
         <wf lemma="." pos="X">.</wf>
      </sentence>
      <sentence id="d000.s3052" source="wordnet-hungarian">
         <wf lemma="Rámjött" pos="X">Rámjött</wf>
         <wf lemma="valami" pos="X">valami</wf>
         <wf lemma="köhögési" pos="X">köhögési</wf>
         <instance id="d000.s3052.t000" lemma="görcs" pos="NOUN">görcs</instance>
         <wf lemma="," pos="X">,</wf>
         <wf lemma="ami" pos="X">ami</wf>
         <wf lemma="nem" pos="X">nem</wf>
         <wf lemma="akar" pos="X">akar</wf>
         <wf lemma="elmúlni" pos="X">elmúlni</wf>
         <wf lemma="." pos="X">.</wf>
      </sentence>
      <sentence id="d000.s3053" source="wordnet-hungarian">
         <wf lemma="A" pos="X">A</wf>
         <instance id="d000.s3053.t000" lemma="gyógyító" pos="NOUN">gyógyítók</instance>
         <wf lemma="között" pos="X">között</wf>
         <wf lemma="voltak" pos="X">voltak</wf>
         <wf lemma="táltosok" pos="X">táltosok</wf>
         <wf lemma="," pos="X">,</wf>
         <wf lemma="halottlátók" pos="X">halottlátók</wf>
         <wf lemma="is" pos="X">is</wf>
         <wf lemma="," pos="X">,</wf>
         <wf lemma="és" pos="X">és</wf>
         <wf lemma="voltak" pos="X">voltak</wf>
         <wf lemma="specializált" pos="X">specializált</wf>
         <wf lemma="gyógyítók" pos="X">gyógyítók</wf>
         <wf lemma="is" pos="X">is</wf>
         <wf lemma="." pos="X">.</wf>
      </sentence>
      <sentence id="d000.s3054" source="wordnet-hungarian">
         <wf lemma="A" pos="X">A</wf>
         <instance id="d000.s3054.t000" lemma="jezsuita" pos="NOUN">jezsuitáknak</instance>
         <wf lemma="vezető" pos="X">vezető</wf>
         <wf lemma="szerepük" pos="X">szerepük</wf>
         <wf lemma="volt" pos="X">volt</wf>
         <wf lemma="az" pos="X">az</wf>
         <wf lemma="ellenreformációban" pos="X">ellenreformációban</wf>
         <wf lemma="." pos="X">.</wf>
      </sentence>
      <sentence id="d000.s3055" source="wordnet-hungarian">
         <wf lemma="A" pos="X">A</wf>
         <wf lemma="nő" pos="X">nő</wf>
         <instance id="d000.s3055.t000" lemma="számít" pos="VERB">számít</instance>
         <wf lemma="rá" pos="X">rá</wf>
         <wf lemma="," pos="X">,</wf>
         <wf lemma="hogy" pos="X">hogy</wf>
         <wf lemma="hamarosan" pos="X">hamarosan</wf>
         <wf lemma="fizetésemelést" pos="X">fizetésemelést</wf>
         <wf lemma="kap" pos="X">kap</wf>
         <wf lemma="." pos="X">.</wf>
      </sentence>
      <sentence id="d000.s3056" source="wordnet-hungarian">
         <wf lemma="A" pos="X">A</wf>
         <wf lemma="tábornok" pos="X">tábornok</wf>
         <wf lemma="méltóságteljesen" pos="X">méltóságteljesen</wf>
         <instance id="d000.s3056.t000" lemma="lépdel" pos="VERB">lépdelt</instance>
         <wf lemma="." pos="X">.</wf>
      </sentence>
      <sentence id="d000.s3057" source="wordnet-hungarian">
         <wf lemma="A" pos="X">A</wf>
         <wf lemma="mai" pos="X">mai</wf>
         <wf lemma="események" pos="X">események</wf>
         <wf lemma="a" pos="X">a</wf>
         <wf lemma="tegnapiak" pos="X">tegnapiak</wf>
         <instance id="d000.s3057.t000" lemma="ismétlődés" pos="NOUN">ismétlődései</instance>
         <wf lemma="voltak" pos="X">voltak</wf>
         <wf lemma="." pos="X">.</wf>
      </sentence>
      <sentence id="d000.s3058" source="wordnet-hungarian">
         <wf lemma="A" pos="X">A</wf>
         <wf lemma="lány" pos="X">lány</wf>
         <wf lemma="teljes" pos="X">teljes</wf>
         <wf lemma="extázisba" pos="X">extázisba</wf>
         <instance id="d000.s3058.t000" lemma="kerül" pos="VERB">került</instance>
         <wf lemma="," pos="X">,</wf>
         <wf lemma="amikor" pos="X">amikor</wf>
         <wf lemma="Brad" pos="X">Brad</wf>
         <wf lemma="Pitt" pos="X">Pitt</wf>
         <wf lemma="arcon" pos="X">arcon</wf>
         <wf lemma="csókolta" pos="X">csókolta</wf>
         <wf lemma="." pos="X">.</wf>
      </sentence>
      <sentence id="d000.s3059" source="wordnet-hungarian">
         <wf lemma="Szerinte" pos="X">Szerinte</wf>
         <wf lemma="a" pos="X">a</wf>
         <wf lemma="csillagjóslás" pos="X">csillagjóslás</wf>
         <wf lemma="egy" pos="X">egy</wf>
         <instance id="d000.s3059.t000" lemma="áltudomány" pos="NOUN">áltudomány</instance>
         <wf lemma="." pos="X">.</wf>
      </sentence>
      <sentence id="d000.s3060" source="wordnet-hungarian">
         <wf lemma="Ez" pos="X">Ez</wf>
         <wf lemma="az" pos="X">az</wf>
         <instance id="d000.s3060.t000" lemma="évszázad" pos="NOUN">évszázad</instance>
         <wf lemma="döntő" pos="X">döntő</wf>
         <wf lemma="fordulatot" pos="X">fordulatot</wf>
         <wf lemma="hozott" pos="X">hozott</wf>
         <wf lemma="a" pos="X">a</wf>
         <wf lemma="nép" pos="X">nép</wf>
         <wf lemma="életében" pos="X">életében</wf>
         <wf lemma="." pos="X">.</wf>
      </sentence>
      <sentence id="d000.s3061" source="wordnet-hungarian">
         <wf lemma="Magasabb" pos="X">Magasabb</wf>
         <instance id="d000.s3061.t000" lemma="fokozat" pos="NOUN">fokozat</instance>
         <wf lemma="illetné" pos="X">illetné</wf>
         <wf lemma="meg" pos="X">meg</wf>
         <wf lemma="a" pos="X">a</wf>
         <wf lemma="teljesítménye" pos="X">teljesítménye</wf>
         <wf lemma="alapján" pos="X">alapján</wf>
         <wf lemma="." pos="X">.</wf>
      </sentence>
      <sentence id="d000.s3062" source="wordnet-hungarian">
         <wf lemma="Az" pos="X">Az</wf>
         <wf lemma="USA" pos="X">USA</wf>
         <wf lemma="törvényei" pos="X">törvényei</wf>
         <wf lemma="rendszeresen" pos="X">rendszeresen</wf>
         <wf lemma="használják" pos="X">használják</wf>
         <wf lemma="a" pos="X">a</wf>
         <wf lemma="bűnözői" pos="X">bűnözői</wf>
         <wf lemma="vállalkozás" pos="X">vállalkozás</wf>
         <wf lemma="vagy" pos="X">vagy</wf>
         <wf lemma="a" pos="X">a</wf>
         <wf lemma="bűnözői" pos="X">bűnözői</wf>
         <instance id="d000.s3062.t000" lemma="szindikátus" pos="NOUN">szindikátus</instance>
         <wf lemma="fogalmát" pos="X">fogalmát</wf>
         <wf lemma="." pos="X">.</wf>
      </sentence>
      <sentence id="d000.s3063" source="wordnet-hungarian">
         <wf lemma="Az" pos="X">Az</wf>
         <wf lemma="üzlet" pos="X">üzlet</wf>
         <wf lemma="gyorsan" pos="X">gyorsan</wf>
         <wf lemma="," pos="X">,</wf>
         <wf lemma="pontosan" pos="X">pontosan</wf>
         <wf lemma="és" pos="X">és</wf>
         <wf lemma="részemről" pos="X">részemről</wf>
         <instance id="d000.s3063.t000" lemma="elégedettség" pos="NOUN">elégedettséggel</instance>
         <wf lemma="zárult" pos="X">zárult</wf>
         <wf lemma="." pos="X">.</wf>
      </sentence>
      <sentence id="d000.s3064" source="wordnet-hungarian">
         <wf lemma="A" pos="X">A</wf>
         <wf lemma="kristályserleg" pos="X">kristályserleg</wf>
         <instance id="d000.s3064.t000" lemma="visszaszerzés" pos="NOUN">visszaszerzése</instance>
         <wf lemma="hírnevet" pos="X">hírnevet</wf>
         <wf lemma="szerzett" pos="X">szerzett</wf>
         <wf lemma="a" pos="X">a</wf>
         <wf lemma="hősnek" pos="X">hősnek</wf>
         <wf lemma="." pos="X">.</wf>
      </sentence>
      <sentence id="d000.s3065" source="wordnet-hungarian">
         <wf lemma="A" pos="X">A</wf>
         <wf lemma="piramisokat" pos="X">piramisokat</wf>
         <instance id="d000.s3065.t000" lemma="gúla" pos="NOUN">gúla</instance>
         <wf lemma="alakúra" pos="X">alakúra</wf>
         <wf lemma="építették" pos="X">építették</wf>
         <wf lemma="." pos="X">.</wf>
      </sentence>
      <sentence id="d000.s3066" source="wordnet-hungarian">
         <wf lemma="A" pos="X">A</wf>
         <wf lemma="folyamatos" pos="X">folyamatos</wf>
         <instance id="d000.s3066.t000" lemma="idegfeszültség" pos="NOUN">idegfeszültség</instance>
         <wf lemma="a" pos="X">a</wf>
         <wf lemma="nyak" pos="X">nyak</wf>
         <wf lemma="és" pos="X">és</wf>
         <wf lemma="a" pos="X">a</wf>
         <wf lemma="váll" pos="X">váll</wf>
         <wf lemma="merevségét" pos="X">merevségét</wf>
         <wf lemma="okozza" pos="X">okozza</wf>
         <wf lemma="," pos="X">,</wf>
         <wf lemma="ami" pos="X">ami</wf>
         <wf lemma="egy" pos="X">egy</wf>
         <wf lemma="idő" pos="X">idő</wf>
         <wf lemma="utn" pos="X">utn</wf>
         <wf lemma="görcsös" pos="X">görcsös</wf>
         <wf lemma="fájdalommal" pos="X">fájdalommal</wf>
         <wf lemma="jár" pos="X">jár</wf>
         <wf lemma="." pos="X">.</wf>
      </sentence>
      <sentence id="d000.s3067" source="wordnet-hungarian">
         <wf lemma="Ez" pos="X">Ez</wf>
         <wf lemma="egy" pos="X">egy</wf>
         <wf lemma="régi" pos="X">régi</wf>
         <wf lemma="indián" pos="X">indián</wf>
         <wf lemma="csel" pos="X">csel</wf>
         <wf lemma="," pos="X">,</wf>
         <wf lemma="de" pos="X">de</wf>
         <wf lemma="már" pos="X">már</wf>
         <wf lemma="egy" pos="X">egy</wf>
         <instance id="d000.s3067.t000" lemma="zöldfülű" pos="NOUN">zöldfülűt</instance>
         <wf lemma="sem" pos="X">sem</wf>
         <wf lemma="téveszthetnek" pos="X">téveszthetnek</wf>
         <wf lemma="meg" pos="X">meg</wf>
         <wf lemma="vele" pos="X">vele</wf>
         <wf lemma="." pos="X">.</wf>
      </sentence>
      <sentence id="d000.s3068" source="wordnet-hungarian">
         <wf lemma="A" pos="X">A</wf>
         <wf lemma="baleset" pos="X">baleset</wf>
         <wf lemma="okozta" pos="X">okozta</wf>
         <wf lemma="sokk" pos="X">sokk</wf>
         <wf lemma="vérkeringése" pos="X">vérkeringése</wf>
         <instance id="d000.s3068.t000" lemma="összeomlás" pos="NOUN">összeomlásához</instance>
         <wf lemma="vezetett" pos="X">vezetett</wf>
         <wf lemma="." pos="X">.</wf>
      </sentence>
      <sentence id="d000.s3069" source="wordnet-hungarian">
         <wf lemma="Láttam" pos="X">Láttam</wf>
         <wf lemma="a" pos="X">a</wf>
         <wf lemma="boltban" pos="X">boltban</wf>
         <instance id="d000.s3069.t000" lemma="lóhús" pos="NOUN">lóhúsból</instance>
         <wf lemma="készült" pos="X">készült</wf>
         <wf lemma="kolbászt" pos="X">kolbászt</wf>
         <wf lemma="," pos="X">,</wf>
         <wf lemma="de" pos="X">de</wf>
         <wf lemma="nem" pos="X">nem</wf>
         <wf lemma="mertem" pos="X">mertem</wf>
         <wf lemma="megvenni" pos="X">megvenni</wf>
         <wf lemma="," pos="X">,</wf>
         <wf lemma="vajon" pos="X">vajon</wf>
         <wf lemma="milyen" pos="X">milyen</wf>
         <wf lemma="lehet" pos="X">lehet</wf>
         <wf lemma="." pos="X">.</wf>
      </sentence>
      <sentence id="d000.s3070" source="wordnet-hungarian">
         <wf lemma="Évekbe" pos="X">Évekbe</wf>
         <wf lemma="telhet" pos="X">telhet</wf>
         <wf lemma="," pos="X">,</wf>
         <wf lemma="amíg" pos="X">amíg</wf>
         <wf lemma="egy" pos="X">egy</wf>
         <wf lemma="újonnan" pos="X">újonnan</wf>
         <wf lemma="kiadott" pos="X">kiadott</wf>
         <instance id="d000.s3070.t000" lemma="magazin" pos="NOUN">magazin</instance>
         <wf lemma="nyereségessé" pos="X">nyereségessé</wf>
         <wf lemma="válik" pos="X">válik</wf>
         <wf lemma="." pos="X">.</wf>
      </sentence>
      <sentence id="d000.s3071" source="wordnet-hungarian">
         <wf lemma="Az" pos="X">Az</wf>
         <instance id="d000.s3071.t000" lemma="úszás" pos="NOUN">úszás</instance>
         <wf lemma="az" pos="X">az</wf>
         <wf lemma="egyik" pos="X">egyik</wf>
         <wf lemma="legegészségesebb" pos="X">legegészségesebb</wf>
         <wf lemma="mozgásforma" pos="X">mozgásforma</wf>
         <wf lemma="." pos="X">.</wf>
      </sentence>
      <sentence id="d000.s3072" source="wordnet-hungarian">
         <wf lemma="A" pos="X">A</wf>
         <instance id="d000.s3072.t000" lemma="kesztyű" pos="NOUN">kesztyűt</instance>
         <wf lemma="kifrdítva" pos="X">kifrdítva</wf>
         <wf lemma="szerette" pos="X">szerette</wf>
         <wf lemma="viselni" pos="X">viselni</wf>
         <wf lemma="." pos="X">.</wf>
      </sentence>
      <sentence id="d000.s3073" source="wordnet-hungarian">
         <wf lemma="Minden" pos="X">Minden</wf>
         <wf lemma="interneten" pos="X">interneten</wf>
         <wf lemma="levő" pos="X">levő</wf>
         <wf lemma="erőforrás" pos="X">erőforrás</wf>
         <wf lemma="egyedi" pos="X">egyedi</wf>
         <instance id="d000.s3073.t000" lemma="azonosító" pos="NOUN">azonosítóval</instance>
         <wf lemma="rendelkezik" pos="X">rendelkezik</wf>
         <wf lemma="." pos="X">.</wf>
      </sentence>
      <sentence id="d000.s3074" source="wordnet-hungarian">
         <instance id="d000.s3074.t000" lemma="makk" pos="NOUN">Makkot</instance>
         <wf lemma="szedni" pos="X">szedni</wf>
         <wf lemma="ment" pos="X">ment</wf>
         <wf lemma="az" pos="X">az</wf>
         <wf lemma="erdőre" pos="X">erdőre</wf>
         <wf lemma="." pos="X">.</wf>
      </sentence>
      <sentence id="d000.s3075" source="wordnet-hungarian">
         <wf lemma="A" pos="X">A</wf>
         <instance id="d000.s3075.t000" lemma="lóverseny" pos="NOUN">lóverseny</instance>
         <wf lemma="meglepetéssel" pos="X">meglepetéssel</wf>
         <wf lemma="zárult" pos="X">zárult</wf>
         <wf lemma="," pos="X">,</wf>
         <wf lemma="mivel" pos="X">mivel</wf>
         <wf lemma="vesztett" pos="X">vesztett</wf>
         <wf lemma="a" pos="X">a</wf>
         <wf lemma="favorit" pos="X">favorit</wf>
         <wf lemma="." pos="X">.</wf>
      </sentence>
      <sentence id="d000.s3076" source="wordnet-hungarian">
         <wf lemma="A" pos="X">A</wf>
         <wf lemma="korlátolt" pos="X">korlátolt</wf>
         <wf lemma="felelősségű" pos="X">felelősségű</wf>
         <wf lemma="társaság" pos="X">társaság</wf>
         <wf lemma="köteles" pos="X">köteles</wf>
         <instance id="d000.s3076.t000" lemma="könyvvizsgáló" pos="NOUN">könyvvizsgálót</instance>
         <wf lemma="választani" pos="X">választani</wf>
         <wf lemma="." pos="X">.</wf>
      </sentence>
      <sentence id="d000.s3077" source="wordnet-hungarian">
         <wf lemma="Az" pos="X">Az</wf>
         <wf lemma="árszínvonal" pos="X">árszínvonal</wf>
         <wf lemma="csökkenése" pos="X">csökkenése</wf>
         <wf lemma="a" pos="X">a</wf>
         <instance id="d000.s3077.t000" lemma="defláció" pos="NOUN">defláció</instance>
         <wf lemma="." pos="X">.</wf>
      </sentence>
      <sentence id="d000.s3078" source="wordnet-hungarian">
         <wf lemma="Nme" pos="X">Nme</wf>
         <wf lemma="született" pos="X">született</wf>
         <wf lemma="fia" pos="X">fia</wf>
         <wf lemma="," pos="X">,</wf>
         <wf lemma="így" pos="X">így</wf>
         <wf lemma="senki" pos="X">senki</wf>
         <wf lemma="nem" pos="X">nem</wf>
         <wf lemma="vitte" pos="X">vitte</wf>
         <wf lemma="tovább" pos="X">tovább</wf>
         <wf lemma="a" pos="X">a</wf>
         <instance id="d000.s3078.t000" lemma="név" pos="NOUN">nevét</instance>
         <wf lemma="." pos="X">.</wf>
      </sentence>
      <sentence id="d000.s3079" source="wordnet-hungarian">
         <wf lemma="Üzleti" pos="X">Üzleti</wf>
         <wf lemma="ügyeinek" pos="X">ügyeinek</wf>
         <instance id="d000.s3079.t000" lemma="nyomás" pos="NOUN">nyomását</instance>
         <wf lemma="golfozással" pos="X">golfozással</wf>
         <wf lemma="és" pos="X">és</wf>
         <wf lemma="vitorlázással" pos="X">vitorlázással</wf>
         <wf lemma="enyhítette" pos="X">enyhítette</wf>
         <wf lemma="." pos="X">.</wf>
      </sentence>
      <sentence id="d000.s3080" source="wordnet-hungarian">
         <wf lemma="Az" pos="X">Az</wf>
         <wf lemma="Amnesty" pos="X">Amnesty</wf>
         <wf lemma="International" pos="X">International</wf>
         <wf lemma="egy" pos="X">egy</wf>
         <instance id="d000.s3080.t000" lemma="világszervezet" pos="NOUN">világszervezet</instance>
         <wf lemma="." pos="X">.</wf>
      </sentence>
      <sentence id="d000.s3081" source="wordnet-hungarian">
         <wf lemma="Átjutottunk" pos="X">Átjutottunk</wf>
         <wf lemma="a" pos="X">a</wf>
         <instance id="d000.s3081.t000" lemma="szoros" pos="NOUN">szoroson</instance>
         <wf lemma="," pos="X">,</wf>
         <wf lemma="még" pos="X">még</wf>
         <wf lemma="mielőtt" pos="X">mielőtt</wf>
         <wf lemma="esni" pos="X">esni</wf>
         <wf lemma="kezdett" pos="X">kezdett</wf>
         <wf lemma="a" pos="X">a</wf>
         <wf lemma="hó." pos="X">hó.</wf>
      </sentence>
      <sentence id="d000.s3082" source="wordnet-hungarian">
         <wf lemma="Az" pos="X">Az</wf>
         <wf lemma="autók" pos="X">autók</wf>
         <wf lemma="nagy" pos="X">nagy</wf>
         <instance id="d000.s3082.t000" lemma="versengés" pos="NOUN">versengésben</instance>
         <wf lemma="voltak" pos="X">voltak</wf>
         <wf lemma="az" pos="X">az</wf>
         <wf lemma="elsőségért" pos="X">elsőségért</wf>
         <wf lemma="." pos="X">.</wf>
      </sentence>
      <sentence id="d000.s3083" source="wordnet-hungarian">
         <wf lemma="A" pos="X">A</wf>
         <wf lemma="dolgozat" pos="X">dolgozat</wf>
         <wf lemma="második" pos="X">második</wf>
         <wf lemma="részében" pos="X">részében</wf>
         <wf lemma="a" pos="X">a</wf>
         <wf lemma="2002-es" pos="X">2002-es</wf>
         <wf lemma="magyar" pos="X">magyar</wf>
         <wf lemma="országgyűlési" pos="X">országgyűlési</wf>
         <wf lemma="választásokat" pos="X">választásokat</wf>
         <wf lemma="megelőző" pos="X">megelőző</wf>
         <wf lemma="politikai" pos="X">politikai</wf>
         <instance id="d000.s3083.t000" lemma="kampány" pos="NOUN">kampány</instance>
         <wf lemma="internetes" pos="X">internetes</wf>
         <wf lemma="aspektusát" pos="X">aspektusát</wf>
         <wf lemma="vizsgálta" pos="X">vizsgálta</wf>
         <wf lemma="." pos="X">.</wf>
      </sentence>
      <sentence id="d000.s3084" source="wordnet-hungarian">
         <wf lemma="A" pos="X">A</wf>
         <instance id="d000.s3084.t000" lemma="dzsungel" pos="NOUN">dzsungel</instance>
         <wf lemma="állatvilága" pos="X">állatvilága</wf>
         <wf lemma="egyedülálló" pos="X">egyedülálló</wf>
         <wf lemma="." pos="X">.</wf>
      </sentence>
      <sentence id="d000.s3085" source="wordnet-hungarian">
         <wf lemma="Az" pos="X">Az</wf>
         <instance id="d000.s3085.t000" lemma="özvegyember" pos="NOUN">özvegyember</instance>
         <wf lemma="magára" pos="X">magára</wf>
         <wf lemma="maradt" pos="X">maradt</wf>
         <wf lemma="," pos="X">,</wf>
         <wf lemma="miután" pos="X">miután</wf>
         <wf lemma="gyermekei" pos="X">gyermekei</wf>
         <wf lemma="is" pos="X">is</wf>
         <wf lemma="kirepültek" pos="X">kirepültek</wf>
         <wf lemma="a" pos="X">a</wf>
         <wf lemma="családi" pos="X">családi</wf>
         <wf lemma="fészekből" pos="X">fészekből</wf>
         <wf lemma="." pos="X">.</wf>
      </sentence>
      <sentence id="d000.s3086" source="wordnet-hungarian">
         <wf lemma="A" pos="X">A</wf>
         <instance id="d000.s3086.t000" lemma="fenyő" pos="NOUN">fenyőből</instance>
         <wf lemma="készült" pos="X">készült</wf>
         <wf lemma="konyhaszekrényben" pos="X">konyhaszekrényben</wf>
         <wf lemma="10" pos="X">10</wf>
         <wf lemma="főnyi" pos="X">főnyi</wf>
         <wf lemma="evőeszköz" pos="X">evőeszköz</wf>
         <wf lemma="és" pos="X">és</wf>
         <wf lemma="edény" pos="X">edény</wf>
         <wf lemma="található" pos="X">található</wf>
         <wf lemma="." pos="X">.</wf>
      </sentence>
      <sentence id="d000.s3087" source="wordnet-hungarian">
         <wf lemma="A" pos="X">A</wf>
         <wf lemma="bálna" pos="X">bálna</wf>
         <wf lemma="óriási" pos="X">óriási</wf>
         <instance id="d000.s3087.t000" lemma="tömeg" pos="NOUN">tömege</instance>
         <wf lemma="miatt" pos="X">miatt</wf>
         <wf lemma="lassabban" pos="X">lassabban</wf>
         <wf lemma="változtat" pos="X">változtat</wf>
         <wf lemma="irányt" pos="X">irányt</wf>
         <wf lemma="mint" pos="X">mint</wf>
         <wf lemma="a" pos="X">a</wf>
         <wf lemma="delfin" pos="X">delfin</wf>
         <wf lemma="." pos="X">.</wf>
      </sentence>
      <sentence id="d000.s3088" source="wordnet-hungarian">
         <wf lemma="Engem" pos="X">Engem</wf>
         <wf lemma="nem" pos="X">nem</wf>
         <instance id="d000.s3088.t000" lemma="érint" pos="VERB">érintenek</instance>
         <wf lemma="az" pos="X">az</wf>
         <wf lemma="új" pos="X">új</wf>
         <wf lemma="intézkedések" pos="X">intézkedések</wf>
         <wf lemma="." pos="X">.</wf>
      </sentence>
      <sentence id="d000.s3089" source="wordnet-hungarian">
         <wf lemma="Az" pos="X">Az</wf>
         <wf lemma="atomok" pos="X">atomok</wf>
         <wf lemma="tömegének" pos="X">tömegének</wf>
         <wf lemma="legnagyobb" pos="X">legnagyobb</wf>
         <wf lemma="része" pos="X">része</wf>
         <wf lemma="a" pos="X">a</wf>
         <wf lemma="pozitív" pos="X">pozitív</wf>
         <wf lemma="töltésű" pos="X">töltésű</wf>
         <instance id="d000.s3089.t000" lemma="atommag" pos="NOUN">atommagban</instance>
         <wf lemma="koncentrálódik" pos="X">koncentrálódik</wf>
         <wf lemma="." pos="X">.</wf>
      </sentence>
      <sentence id="d000.s3090" source="wordnet-hungarian">
         <wf lemma="Évi" pos="X">Évi</wf>
         <instance id="d000.s3090.t000" lemma="énekel" pos="VERB">énekelt</instance>
         <wf lemma="főzés" pos="X">főzés</wf>
         <wf lemma="közben" pos="X">közben</wf>
         <wf lemma="." pos="X">.</wf>
      </sentence>
      <sentence id="d000.s3091" source="wordnet-hungarian">
         <wf lemma="A" pos="X">A</wf>
         <wf lemma="magasság" pos="X">magasság</wf>
         <wf lemma="nem" pos="X">nem</wf>
         <wf lemma="csak" pos="X">csak</wf>
         <wf lemma="kor" pos="X">kor</wf>
         <instance id="d000.s3091.t000" lemma="függvény" pos="NOUN">függvénye</instance>
         <wf lemma="." pos="X">.</wf>
      </sentence>
      <sentence id="d000.s3092" source="wordnet-hungarian">
         <wf lemma="A" pos="X">A</wf>
         <wf lemma="Naphoz" pos="X">Naphoz</wf>
         <wf lemma="legközelebb" pos="X">legközelebb</wf>
         <wf lemma="lévő" pos="X">lévő</wf>
         <instance id="d000.s3092.t000" lemma="bolygó" pos="NOUN">bolygó</instance>
         <wf lemma="a" pos="X">a</wf>
         <wf lemma="Merkúr" pos="X">Merkúr</wf>
         <wf lemma="." pos="X">.</wf>
      </sentence>
      <sentence id="d000.s3093" source="wordnet-hungarian">
         <wf lemma="Egy" pos="X">Egy</wf>
         <instance id="d000.s3093.t000" lemma="szó" pos="NOUN">szót</instance>
         <wf lemma="sem" pos="X">sem</wf>
         <wf lemma="szólt" pos="X">szólt</wf>
         <wf lemma="róla" pos="X">róla</wf>
         <wf lemma="." pos="X">.</wf>
      </sentence>
      <sentence id="d000.s3094" source="wordnet-hungarian">
         <wf lemma="Az" pos="X">Az</wf>
         <instance id="d000.s3094.t000" lemma="arany" pos="NOUN">arany</instance>
         <wf lemma="az" pos="X">az</wf>
         <wf lemma="egyik" pos="X">egyik</wf>
         <wf lemma="legkedveltebb" pos="X">legkedveltebb</wf>
         <wf lemma="nemesfém" pos="X">nemesfém</wf>
         <wf lemma="." pos="X">.</wf>
      </sentence>
      <sentence id="d000.s3095" source="wordnet-hungarian">
         <wf lemma="A" pos="X">A</wf>
         <wf lemma="cinegefélék" pos="X">cinegefélék</wf>
         <instance id="d000.s3095.t000" lemma="család" pos="NOUN">családjának</instance>
         <wf lemma="tagja" pos="X">tagja</wf>
         <wf lemma="az" pos="X">az</wf>
         <wf lemma="őszapó" pos="X">őszapó</wf>
         <wf lemma="." pos="X">.</wf>
      </sentence>
      <sentence id="d000.s3096" source="wordnet-hungarian">
         <wf lemma="Nagyapám" pos="X">Nagyapám</wf>
         <wf lemma="már" pos="X">már</wf>
         <wf lemma="nyugdíjba" pos="X">nyugdíjba</wf>
         <instance id="d000.s3096.t000" lemma="megy" pos="VERB">ment</instance>
         <wf lemma="." pos="X">.</wf>
      </sentence>
      <sentence id="d000.s3097" source="wordnet-hungarian">
         <wf lemma="A" pos="X">A</wf>
         <instance id="d000.s3097.t000" lemma="hüvely" pos="NOUN">hüvelyk</instance>
         <wf lemma="a" pos="X">a</wf>
         <wf lemma="tizenkettes" pos="X">tizenkettes</wf>
         <wf lemma="mértékrendszerbe" pos="X">mértékrendszerbe</wf>
         <wf lemma="tartozik" pos="X">tartozik</wf>
         <wf lemma=";" pos="X">;</wf>
         <wf lemma="egy" pos="X">egy</wf>
         <wf lemma="lábnak" pos="X">lábnak</wf>
         <wf lemma="a" pos="X">a</wf>
         <wf lemma="12-ed" pos="X">12-ed</wf>
         <wf lemma="része" pos="X">része</wf>
         <wf lemma="." pos="X">.</wf>
      </sentence>
      <sentence id="d000.s3098" source="wordnet-hungarian">
         <wf lemma="A" pos="X">A</wf>
         <wf lemma="törökök" pos="X">törökök</wf>
         <wf lemma="az" pos="X">az</wf>
         <instance id="d000.s3098.t000" lemma="örmény" pos="NOUN">örményeket</instance>
         <wf lemma="nemzeti" pos="X">nemzeti</wf>
         <wf lemma="ellenségnek" pos="X">ellenségnek</wf>
         <wf lemma="tekintették" pos="X">tekintették</wf>
         <wf lemma="," pos="X">,</wf>
         <wf lemma="mivel" pos="X">mivel</wf>
         <wf lemma="más" pos="X">más</wf>
         <wf lemma="fajhoz" pos="X">fajhoz</wf>
         <wf lemma="és" pos="X">és</wf>
         <wf lemma="kultúrához" pos="X">kultúrához</wf>
         <wf lemma="tartoztak" pos="X">tartoztak</wf>
         <wf lemma="." pos="X">.</wf>
      </sentence>
      <sentence id="d000.s3099" source="wordnet-hungarian">
         <wf lemma="Mari" pos="X">Mari</wf>
         <wf lemma="néni" pos="X">néni</wf>
         <wf lemma="a" pos="X">a</wf>
         <wf lemma="fiát" pos="X">fiát</wf>
         <wf lemma="vélte" pos="X">vélte</wf>
         <instance id="d000.s3099.t000" lemma="felismer" pos="VERB">felismerni</instance>
         <wf lemma="a" pos="X">a</wf>
         <wf lemma="rendőrségi" pos="X">rendőrségi</wf>
         <wf lemma="fantomképeken" pos="X">fantomképeken</wf>
         <wf lemma="." pos="X">.</wf>
      </sentence>
      <sentence id="d000.s3100" source="wordnet-hungarian">
         <wf lemma="Az" pos="X">Az</wf>
         <instance id="d000.s3100.t000" lemma="érettség" pos="NOUN">érettség</instance>
         <wf lemma="ezen" pos="X">ezen</wf>
         <wf lemma="foka" pos="X">foka</wf>
         <wf lemma="nem" pos="X">nem</wf>
         <wf lemma="jellemzi" pos="X">jellemzi</wf>
         <wf lemma="a" pos="X">a</wf>
         <wf lemma="legtöbb" pos="X">legtöbb</wf>
         <wf lemma="egyetemistát" pos="X">egyetemistát</wf>
         <wf lemma="." pos="X">.</wf>
      </sentence>
      <sentence id="d000.s3101" source="wordnet-hungarian">
         <wf lemma="Az" pos="X">Az</wf>
         <wf lemma="emberi" pos="X">emberi</wf>
         <wf lemma="szervezetben" pos="X">szervezetben</wf>
         <wf lemma="körülbelül" pos="X">körülbelül</wf>
         <wf lemma="20-30" pos="X">20-30</wf>
         <wf lemma="gramm" pos="X">gramm</wf>
         <instance id="d000.s3101.t000" lemma="magnézium" pos="NOUN">magnézium</instance>
         <wf lemma="található" pos="X">található</wf>
         <wf lemma="." pos="X">.</wf>
      </sentence>
      <sentence id="d000.s3102" source="wordnet-hungarian">
         <wf lemma="Mindenki" pos="X">Mindenki</wf>
         <wf lemma="azt" pos="X">azt</wf>
         <instance id="d000.s3102.t000" lemma="feltételez" pos="VERB">feltételezte</instance>
         <wf lemma="róla" pos="X">róla</wf>
         <wf lemma="," pos="X">,</wf>
         <wf lemma="hogy" pos="X">hogy</wf>
         <wf lemma="alkalmas" pos="X">alkalmas</wf>
         <wf lemma="a" pos="X">a</wf>
         <wf lemma="feladatra" pos="X">feladatra</wf>
         <wf lemma="." pos="X">.</wf>
      </sentence>
      <sentence id="d000.s3103" source="wordnet-hungarian">
         <wf lemma="A" pos="X">A</wf>
         <wf lemma="tízes" pos="X">tízes</wf>
         <wf lemma="és" pos="X">és</wf>
         <wf lemma="a" pos="X">a</wf>
         <wf lemma="kettes" pos="X">kettes</wf>
         <wf lemma="alapú" pos="X">alapú</wf>
         <instance id="d000.s3103.t000" lemma="számrendszer" pos="NOUN">számrendszert</instance>
         <wf lemma="is" pos="X">is</wf>
         <wf lemma="ismerni" pos="X">ismerni</wf>
         <wf lemma="kell" pos="X">kell</wf>
         <wf lemma="ehhez" pos="X">ehhez</wf>
         <wf lemma="a" pos="X">a</wf>
         <wf lemma="munkához" pos="X">munkához</wf>
         <wf lemma="." pos="X">.</wf>
      </sentence>
      <sentence id="d000.s3104" source="wordnet-hungarian">
         <wf lemma="A" pos="X">A</wf>
         <wf lemma="szán" pos="X">szán</wf>
         <wf lemma="nagy" pos="X">nagy</wf>
         <wf lemma="sebességgel" pos="X">sebességgel</wf>
         <instance id="d000.s3104.t000" lemma="repül" pos="VERB">repült</instance>
         <wf lemma="lefele" pos="X">lefele</wf>
         <wf lemma="a" pos="X">a</wf>
         <wf lemma="lejtőn" pos="X">lejtőn</wf>
         <wf lemma="." pos="X">.</wf>
      </sentence>
      <sentence id="d000.s3105" source="wordnet-hungarian">
         <wf lemma="A" pos="X">A</wf>
         <instance id="d000.s3105.t000" lemma="remegés" pos="NOUN">remegés</instance>
         <wf lemma="igen" pos="X">igen</wf>
         <wf lemma="árulkodó" pos="X">árulkodó</wf>
         <wf lemma="jel" pos="X">jel</wf>
         <wf lemma="," pos="X">,</wf>
         <wf lemma="ugyanis" pos="X">ugyanis</wf>
         <wf lemma="nem" pos="X">nem</wf>
         <wf lemma="nagyon" pos="X">nagyon</wf>
         <wf lemma="lehet" pos="X">lehet</wf>
         <wf lemma="kontrollálni" pos="X">kontrollálni</wf>
         <wf lemma="." pos="X">.</wf>
      </sentence>
      <sentence id="d000.s3106" source="wordnet-hungarian">
         <wf lemma="Ezt" pos="X">Ezt</wf>
         <wf lemma="a" pos="X">a</wf>
         <wf lemma="bonyolult" pos="X">bonyolult</wf>
         <instance id="d000.s3106.t000" lemma="rendszer" pos="NOUN">rendszert</instance>
         <wf lemma="szemlélteti" pos="X">szemlélteti</wf>
         <wf lemma="az" pos="X">az</wf>
         <wf lemma="alábbi" pos="X">alábbi</wf>
         <wf lemma="ábra" pos="X">ábra</wf>
         <wf lemma="." pos="X">.</wf>
      </sentence>
      <sentence id="d000.s3107" source="wordnet-hungarian">
         <wf lemma="Az" pos="X">Az</wf>
         <wf lemma="égetés" pos="X">égetés</wf>
         <wf lemma="után" pos="X">után</wf>
         <wf lemma="visszamaradt" pos="X">visszamaradt</wf>
         <instance id="d000.s3107.t000" lemma="salak" pos="NOUN">salakot</instance>
         <wf lemma="az" pos="X">az</wf>
         <wf lemma="utak" pos="X">utak</wf>
         <wf lemma="javítására" pos="X">javítására</wf>
         <wf lemma="használják" pos="X">használják</wf>
         <wf lemma="." pos="X">.</wf>
      </sentence>
      <sentence id="d000.s3108" source="wordnet-hungarian">
         <wf lemma="Ezt" pos="X">Ezt</wf>
         <wf lemma="az" pos="X">az</wf>
         <instance id="d000.s3108.t000" lemma="öltés" pos="NOUN">öltést</instance>
         <wf lemma="fejtsd" pos="X">fejtsd</wf>
         <wf lemma="fel" pos="X">fel</wf>
         <wf lemma="," pos="X">,</wf>
         <wf lemma="mert" pos="X">mert</wf>
         <wf lemma="csúnya" pos="X">csúnya</wf>
         <wf lemma="lett" pos="X">lett</wf>
         <wf lemma="." pos="X">.</wf>
      </sentence>
      <sentence id="d000.s3109" source="wordnet-hungarian">
         <wf lemma="Feri" pos="X">Feri</wf>
         <wf lemma="zongorán" pos="X">zongorán</wf>
         <instance id="d000.s3109.t000" lemma="kísér" pos="VERB">kísérte</instance>
         <wf lemma="Irmus" pos="X">Irmus</wf>
         <wf lemma="virtuóz" pos="X">virtuóz</wf>
         <wf lemma="hegedűjátékát" pos="X">hegedűjátékát</wf>
         <wf lemma="." pos="X">.</wf>
      </sentence>
      <sentence id="d000.s3110" source="wordnet-hungarian">
         <wf lemma="Hálásan" pos="X">Hálásan</wf>
         <wf lemma="köszönjük" pos="X">köszönjük</wf>
         <wf lemma="minden" pos="X">minden</wf>
         <instance id="d000.s3110.t000" lemma="pártfogó" pos="NOUN">pártfogónk</instance>
         <wf lemma="nagylelkű" pos="X">nagylelkű</wf>
         <wf lemma="támogatását" pos="X">támogatását</wf>
         <wf lemma="!" pos="X">!</wf>
      </sentence>
      <sentence id="d000.s3111" source="wordnet-hungarian">
         <wf lemma="A" pos="X">A</wf>
         <wf lemma="ledobott" pos="X">ledobott</wf>
         <instance id="d000.s3111.t000" lemma="ejtőernyős" pos="NOUN">ejtőernyősök</instance>
         <wf lemma="váratlan" pos="X">váratlan</wf>
         <wf lemma="rajtaütéssel" pos="X">rajtaütéssel</wf>
         <wf lemma="fogságba" pos="X">fogságba</wf>
         <wf lemma="ejtették" pos="X">ejtették</wf>
         <wf lemma="a" pos="X">a</wf>
         <wf lemma="Kwantung-hadsereg" pos="X">Kwantung-hadsereg</wf>
         <wf lemma="vezérkarát" pos="X">vezérkarát</wf>
         <wf lemma="." pos="X">.</wf>
      </sentence>
      <sentence id="d000.s3112" source="wordnet-hungarian">
         <wf lemma="A" pos="X">A</wf>
         <wf lemma="nagy" pos="X">nagy</wf>
         <wf lemma="zenekarokban" pos="X">zenekarokban</wf>
         <wf lemma="három" pos="X">három</wf>
         <instance id="d000.s3112.t000" lemma="harsona" pos="NOUN">harsona</instance>
         <wf lemma="szokott" pos="X">szokott</wf>
         <wf lemma="szerepelni" pos="X">szerepelni</wf>
         <wf lemma="." pos="X">.</wf>
      </sentence>
      <sentence id="d000.s3113" source="wordnet-hungarian">
         <wf lemma="Tanácsokat" pos="X">Tanácsokat</wf>
         <wf lemma="adott" pos="X">adott</wf>
         <wf lemma="az" pos="X">az</wf>
         <instance id="d000.s3113.t000" lemma="autógumi" pos="NOUN">autógumi</instance>
         <wf lemma="és" pos="X">és</wf>
         <wf lemma="gumiabroncs" pos="X">gumiabroncs</wf>
         <wf lemma="karbantartásával" pos="X">karbantartásával</wf>
         <wf lemma="és" pos="X">és</wf>
         <wf lemma="vásárlásával" pos="X">vásárlásával</wf>
         <wf lemma="kapcsolatban" pos="X">kapcsolatban</wf>
         <wf lemma="." pos="X">.</wf>
      </sentence>
      <sentence id="d000.s3114" source="wordnet-hungarian">
         <wf lemma="A" pos="X">A</wf>
         <instance id="d000.s3114.t000" lemma="foszfor" pos="NOUN">foszfor</instance>
         <wf lemma="nagyon" pos="X">nagyon</wf>
         <wf lemma="gyúlékony" pos="X">gyúlékony</wf>
         <wf lemma="." pos="X">.</wf>
      </sentence>
      <sentence id="d000.s3115" source="wordnet-hungarian">
         <wf lemma="A" pos="X">A</wf>
         <instance id="d000.s3115.t000" lemma="cipész" pos="NOUN">cipész</instance>
         <wf lemma="új" pos="X">új</wf>
         <wf lemma="bőrt" pos="X">bőrt</wf>
         <wf lemma="rakott" pos="X">rakott</wf>
         <wf lemma="a" pos="X">a</wf>
         <wf lemma="kaptafára" pos="X">kaptafára</wf>
         <wf lemma="és" pos="X">és</wf>
         <wf lemma="megkezdte" pos="X">megkezdte</wf>
         <wf lemma="a" pos="X">a</wf>
         <wf lemma="varrást" pos="X">varrást</wf>
         <wf lemma="." pos="X">.</wf>
      </sentence>
      <sentence id="d000.s3116" source="wordnet-hungarian">
         <wf lemma="Lementünk" pos="X">Lementünk</wf>
         <wf lemma="sétálni" pos="X">sétálni</wf>
         <wf lemma="a" pos="X">a</wf>
         <instance id="d000.s3116.t000" lemma="park" pos="NOUN">parkba</instance>
         <wf lemma="." pos="X">.</wf>
      </sentence>
      <sentence id="d000.s3117" source="wordnet-hungarian">
         <wf lemma="Hálaadás" pos="X">Hálaadás</wf>
         <wf lemma="napja" pos="X">napja</wf>
         <wf lemma="előtt" pos="X">előtt</wf>
         <wf lemma="megnő" pos="X">megnő</wf>
         <wf lemma="a" pos="X">a</wf>
         <instance id="d000.s3117.t000" lemma="pulyka" pos="NOUN">pulyka</instance>
         <wf lemma="iránti" pos="X">iránti</wf>
         <wf lemma="kereskedelem" pos="X">kereskedelem</wf>
         <wf lemma="." pos="X">.</wf>
      </sentence>
      <sentence id="d000.s3118" source="wordnet-hungarian">
         <wf lemma="A" pos="X">A</wf>
         <instance id="d000.s3118.t000" lemma="megalománia" pos="NOUN">megalomániája</instance>
         <wf lemma="következtében" pos="X">következtében</wf>
         <wf lemma="csak" pos="X">csak</wf>
         <wf lemma="saját" pos="X">saját</wf>
         <wf lemma="maga" pos="X">maga</wf>
         <wf lemma="érdekli" pos="X">érdekli</wf>
         <wf lemma="." pos="X">.</wf>
      </sentence>
      <sentence id="d000.s3119" source="wordnet-hungarian">
         <wf lemma="Kiemelendő" pos="X">Kiemelendő</wf>
         <wf lemma="," pos="X">,</wf>
         <wf lemma="hogy" pos="X">hogy</wf>
         <wf lemma="igen" pos="X">igen</wf>
         <wf lemma="könnyen" pos="X">könnyen</wf>
         <wf lemma="nitroszármazékok" pos="X">nitroszármazékok</wf>
         <wf lemma="keletkeznek" pos="X">keletkeznek</wf>
         <wf lemma="belőlük" pos="X">belőlük</wf>
         <wf lemma="," pos="X">,</wf>
         <wf lemma="amely" pos="X">amely</wf>
         <instance id="d000.s3119.t000" lemma="sajátság" pos="NOUN">sajátság</instance>
         <wf lemma="a" pos="X">a</wf>
         <wf lemma="zsirnemű" pos="X">zsirnemű</wf>
         <wf lemma="testeknél" pos="X">testeknél</wf>
         <wf lemma="nem" pos="X">nem</wf>
         <wf lemma="észlelhető" pos="X">észlelhető</wf>
         <wf lemma="." pos="X">.</wf>
      </sentence>
      <sentence id="d000.s3120" source="wordnet-hungarian">
         <wf lemma="A" pos="X">A</wf>
         <wf lemma="tulipánnak" pos="X">tulipánnak</wf>
         <wf lemma="szép" pos="X">szép</wf>
         <wf lemma="hosszú" pos="X">hosszú</wf>
         <instance id="d000.s3120.t000" lemma="szár" pos="NOUN">szára</instance>
         <wf lemma="volt" pos="X">volt</wf>
         <wf lemma="." pos="X">.</wf>
      </sentence>
      <sentence id="d000.s3121" source="wordnet-hungarian">
         <wf lemma="A" pos="X">A</wf>
         <instance id="d000.s3121.t000" lemma="raj" pos="NOUN">raj</instance>
         <wf lemma="," pos="X">,</wf>
         <wf lemma="sebesültjeit" pos="X">sebesültjeit</wf>
         <wf lemma="magával" pos="X">magával</wf>
         <wf lemma="cipelve" pos="X">cipelve</wf>
         <wf lemma="," pos="X">,</wf>
         <wf lemma="visszavonult" pos="X">visszavonult</wf>
         <wf lemma="a" pos="X">a</wf>
         <wf lemma="segélyhelyig" pos="X">segélyhelyig</wf>
         <wf lemma="." pos="X">.</wf>
      </sentence>
      <sentence id="d000.s3122" source="wordnet-hungarian">
         <wf lemma="Műveinek" pos="X">Műveinek</wf>
         <instance id="d000.s3122.t000" lemma="eredetiség" pos="NOUN">eredetisége</instance>
         <wf lemma="még" pos="X">még</wf>
         <wf lemma="a" pos="X">a</wf>
         <wf lemma="legszigorúbb" pos="X">legszigorúbb</wf>
         <wf lemma="kritikusokat" pos="X">kritikusokat</wf>
         <wf lemma="is" pos="X">is</wf>
         <wf lemma="ámulatba" pos="X">ámulatba</wf>
         <wf lemma="ejtette" pos="X">ejtette</wf>
         <wf lemma="." pos="X">.</wf>
      </sentence>
      <sentence id="d000.s3123" source="wordnet-hungarian">
         <wf lemma="Van" pos="X">Van</wf>
         <wf lemma="egy" pos="X">egy</wf>
         <wf lemma="kan" pos="X">kan</wf>
         <wf lemma="és" pos="X">és</wf>
         <wf lemma="egy" pos="X">egy</wf>
         <wf lemma="szuka" pos="X">szuka</wf>
         <wf lemma="falkavezér" pos="X">falkavezér</wf>
         <wf lemma="," pos="X">,</wf>
         <wf lemma="és" pos="X">és</wf>
         <wf lemma="alattuk" pos="X">alattuk</wf>
         <wf lemma="bizonyos" pos="X">bizonyos</wf>
         <wf lemma="rendben" pos="X">rendben</wf>
         <wf lemma="a" pos="X">a</wf>
         <instance id="d000.s3123.t000" lemma="falka" pos="NOUN">falka</instance>
         <wf lemma="többi" pos="X">többi</wf>
         <wf lemma="tagja" pos="X">tagja</wf>
         <wf lemma="." pos="X">.</wf>
      </sentence>
      <sentence id="d000.s3124" source="wordnet-hungarian">
         <wf lemma="Ne" pos="X">Ne</wf>
         <wf lemma="aggódj" pos="X">aggódj</wf>
         <wf lemma="," pos="X">,</wf>
         <wf lemma="nem" pos="X">nem</wf>
         <instance id="d000.s3124.t000" lemma="számít" pos="VERB">számít</instance>
         <wf lemma="a" pos="X">a</wf>
         <wf lemma="korod" pos="X">korod</wf>
         <wf lemma="." pos="X">.</wf>
      </sentence>
      <sentence id="d000.s3125" source="wordnet-hungarian">
         <wf lemma="A" pos="X">A</wf>
         <wf lemma="fiú" pos="X">fiú</wf>
         <wf lemma="a" pos="X">a</wf>
         <wf lemma="hegyről" pos="X">hegyről</wf>
         <wf lemma="a" pos="X">a</wf>
         <wf lemma="völgybe" pos="X">völgybe</wf>
         <instance id="d000.s3125.t000" lemma="néz" pos="VERB">nézett</instance>
         <wf lemma="." pos="X">.</wf>
      </sentence>
      <sentence id="d000.s3126" source="wordnet-hungarian">
         <wf lemma="Ritka" pos="X">Ritka</wf>
         <wf lemma="az" pos="X">az</wf>
         <wf lemma="a" pos="X">a</wf>
         <wf lemma="politikus" pos="X">politikus</wf>
         <wf lemma="," pos="X">,</wf>
         <wf lemma="aki" pos="X">aki</wf>
         <instance id="d000.s3126.t000" lemma="önbizalomhiány" pos="NOUN">önbizalomhiányban</instance>
         <wf lemma="szenved" pos="X">szenved</wf>
         <wf lemma="." pos="X">.</wf>
      </sentence>
      <sentence id="d000.s3127" source="wordnet-hungarian">
         <wf lemma="A" pos="X">A</wf>
         <wf lemma="rózsa" pos="X">rózsa</wf>
         <wf lemma="és" pos="X">és</wf>
         <instance id="d000.s3127.t000" lemma="ibolya" pos="NOUN">ibolya</instance>
         <wf lemma="virágai" pos="X">virágai</wf>
         <wf lemma="felhasználhatóak" pos="X">felhasználhatóak</wf>
         <wf lemma="édességek" pos="X">édességek</wf>
         <wf lemma="és" pos="X">és</wf>
         <wf lemma="cukorkák" pos="X">cukorkák</wf>
         <wf lemma="ízesítésére" pos="X">ízesítésére</wf>
         <wf lemma="is" pos="X">is</wf>
         <wf lemma="." pos="X">.</wf>
      </sentence>
      <sentence id="d000.s3128" source="wordnet-hungarian">
         <wf lemma="Többféle" pos="X">Többféle</wf>
         <instance id="d000.s3128.t000" lemma="csomagolóanyag" pos="NOUN">csomagolóanyagot</instance>
         <wf lemma="használunk" pos="X">használunk</wf>
         <wf lemma="a" pos="X">a</wf>
         <wf lemma="háztartásban" pos="X">háztartásban</wf>
         <wf lemma="." pos="X">.</wf>
      </sentence>
      <sentence id="d000.s3129" source="wordnet-hungarian">
         <wf lemma="A" pos="X">A</wf>
         <instance id="d000.s3129.t000" lemma="tenger" pos="NOUN">tenger</instance>
         <wf lemma="felszíne" pos="X">felszíne</wf>
         <wf lemma="csillogott" pos="X">csillogott</wf>
         <wf lemma="a" pos="X">a</wf>
         <wf lemma="lemenő" pos="X">lemenő</wf>
         <wf lemma="nap" pos="X">nap</wf>
         <wf lemma="fényében" pos="X">fényében</wf>
         <wf lemma="." pos="X">.</wf>
      </sentence>
      <sentence id="d000.s3130" source="wordnet-hungarian">
         <wf lemma="Az" pos="X">Az</wf>
         <wf lemma="autósiskola" pos="X">autósiskola</wf>
         <instance id="d000.s3130.t000" lemma="szórólap" pos="NOUN">szórólapokon</instance>
         <wf lemma="hirdeti" pos="X">hirdeti</wf>
         <wf lemma="magát" pos="X">magát</wf>
         <wf lemma="." pos="X">.</wf>
      </sentence>
      <sentence id="d000.s3131" source="wordnet-hungarian">
         <wf lemma="Ő" pos="X">Ő</wf>
         <wf lemma="volt" pos="X">volt</wf>
         <wf lemma="a" pos="X">a</wf>
         <instance id="d000.s3131.t000" lemma="figyelem" pos="NOUN">figyelem</instance>
         <wf lemma="középpontjában" pos="X">középpontjában</wf>
         <wf lemma="." pos="X">.</wf>
      </sentence>
      <sentence id="d000.s3132" source="wordnet-hungarian">
         <wf lemma="A" pos="X">A</wf>
         <wf lemma="téli" pos="X">téli</wf>
         <wf lemma="hónapokban" pos="X">hónapokban</wf>
         <wf lemma="a" pos="X">a</wf>
         <wf lemma="Balaton" pos="X">Balaton</wf>
         <wf lemma="vize" pos="X">vize</wf>
         <wf lemma="gyakran" pos="X">gyakran</wf>
         <wf lemma="befagy" pos="X">befagy</wf>
         <wf lemma="," pos="X">,</wf>
         <wf lemma="a" pos="X">a</wf>
         <instance id="d000.s3132.t000" lemma="korcsolyázó" pos="NOUN">korcsolyázók</instance>
         <wf lemma="," pos="X">,</wf>
         <wf lemma="jégvitorlázók" pos="X">jégvitorlázók</wf>
         <wf lemma="," pos="X">,</wf>
         <wf lemma="fakutyázók" pos="X">fakutyázók</wf>
         <wf lemma="legnagyobb" pos="X">legnagyobb</wf>
         <wf lemma="örömére" pos="X">örömére</wf>
         <wf lemma="." pos="X">.</wf>
      </sentence>
      <sentence id="d000.s3133" source="wordnet-hungarian">
         <wf lemma="János" pos="X">János</wf>
         <wf lemma="egyedül" pos="X">egyedül</wf>
         <instance id="d000.s3133.t000" lemma="marad" pos="VERB">maradt</instance>
         <wf lemma="." pos="X">.</wf>
      </sentence>
      <sentence id="d000.s3134" source="wordnet-hungarian">
         <wf lemma="Egyetértése" pos="X">Egyetértése</wf>
         <wf lemma="jelélül" pos="X">jelélül</wf>
         <instance id="d000.s3134.t000" lemma="bólint" pos="VERB">bólintott</instance>
         <wf lemma="." pos="X">.</wf>
      </sentence>
      <sentence id="d000.s3135" source="wordnet-hungarian">
         <wf lemma="Mindig" pos="X">Mindig</wf>
         <instance id="d000.s3135.t000" lemma="néz" pos="VERB">nézem</instance>
         <wf lemma="a" pos="X">a</wf>
         <wf lemma="meccset" pos="X">meccset</wf>
         <wf lemma="a" pos="X">a</wf>
         <wf lemma="tévében" pos="X">tévében</wf>
         <wf lemma="." pos="X">.</wf>
      </sentence>
      <sentence id="d000.s3136" source="wordnet-hungarian">
         <wf lemma="Szergej" pos="X">Szergej</wf>
         <wf lemma="Bubka" pos="X">Bubka</wf>
         <instance id="d000.s3136.t000" lemma="rúdugró" pos="NOUN">rúdugró</instance>
         <wf lemma="volt" pos="X">volt</wf>
         <wf lemma="évekig" pos="X">évekig</wf>
         <wf lemma="a" pos="X">a</wf>
         <wf lemma="legismertebb" pos="X">legismertebb</wf>
         <wf lemma="kelet-európai" pos="X">kelet-európai</wf>
         <wf lemma="sportoló" pos="X">sportoló</wf>
         <wf lemma="." pos="X">.</wf>
      </sentence>
      <sentence id="d000.s3137" source="wordnet-hungarian">
         <wf lemma="Egy" pos="X">Egy</wf>
         <wf lemma="ócska" pos="X">ócska</wf>
         <instance id="d000.s3137.t000" lemma="tragacs" pos="NOUN">tragacs</instance>
         <wf lemma="állt" pos="X">állt</wf>
         <wf lemma="az" pos="X">az</wf>
         <wf lemma="út" pos="X">út</wf>
         <wf lemma="szélén" pos="X">szélén</wf>
         <wf lemma="." pos="X">.</wf>
      </sentence>
      <sentence id="d000.s3138" source="wordnet-hungarian">
         <wf lemma="Az" pos="X">Az</wf>
         <wf lemma="autója" pos="X">autója</wf>
         <wf lemma="nem" pos="X">nem</wf>
         <wf lemma="a" pos="X">a</wf>
         <wf lemma="legújabb" pos="X">legújabb</wf>
         <instance id="d000.s3138.t000" lemma="modell" pos="NOUN">modell</instance>
         <wf lemma="volt" pos="X">volt</wf>
         <wf lemma="." pos="X">.</wf>
      </sentence>
      <sentence id="d000.s3139" source="wordnet-hungarian">
         <wf lemma="A" pos="X">A</wf>
         <wf lemma="lap" pos="X">lap</wf>
         <wf lemma="alját" pos="X">alját</wf>
         <instance id="d000.s3139.t000" lemma="hullám" pos="NOUN">hullámokkal</instance>
         <wf lemma="díszítette" pos="X">díszítette</wf>
         <wf lemma="." pos="X">.</wf>
      </sentence>
      <sentence id="d000.s3140" source="wordnet-hungarian">
         <wf lemma="A" pos="X">A</wf>
         <wf lemma="nő" pos="X">nő</wf>
         <instance id="d000.s3140.t000" lemma="ringat" pos="VERB">ringatja</instance>
         <wf lemma="bölcsőt" pos="X">bölcsőt</wf>
         <wf lemma="." pos="X">.</wf>
      </sentence>
      <sentence id="d000.s3141" source="wordnet-hungarian">
         <wf lemma="A" pos="X">A</wf>
         <instance id="d000.s3141.t000" lemma="kosborfélék" pos="NOUN">kosborfélék</instance>
         <wf lemma="," pos="X">,</wf>
         <wf lemma="a" pos="X">a</wf>
         <wf lemma="több" pos="X">több</wf>
         <wf lemma="mint" pos="X">mint</wf>
         <wf lemma="24" pos="X">24</wf>
         <wf lemma="ezer" pos="X">ezer</wf>
         <wf lemma="fajt" pos="X">fajt</wf>
         <wf lemma="tartalmazó" pos="X">tartalmazó</wf>
         <wf lemma="család" pos="X">család</wf>
         <wf lemma="a" pos="X">a</wf>
         <wf lemma="növényvilág" pos="X">növényvilág</wf>
         <wf lemma="legfajgazdagabb" pos="X">legfajgazdagabb</wf>
         <wf lemma="csoportja" pos="X">csoportja</wf>
         <wf lemma="." pos="X">.</wf>
      </sentence>
      <sentence id="d000.s3142" source="wordnet-hungarian">
         <wf lemma="Az" pos="X">Az</wf>
         <instance id="d000.s3142.t000" lemma="indiai" pos="NOUN">indiaiak</instance>
         <wf lemma="világlátása" pos="X">világlátása</wf>
         <wf lemma="az" pos="X">az</wf>
         <wf lemma="erőszakmentesség" pos="X">erőszakmentesség</wf>
         <wf lemma="teljesen" pos="X">teljesen</wf>
         <wf lemma="emberi" pos="X">emberi</wf>
         <wf lemma="és" pos="X">és</wf>
         <wf lemma="természetes" pos="X">természetes</wf>
         <wf lemma="filozófiájának" pos="X">filozófiájának</wf>
         <wf lemma="szemüvegén" pos="X">szemüvegén</wf>
         <wf lemma="keresztül" pos="X">keresztül</wf>
         <wf lemma="hatással" pos="X">hatással</wf>
         <wf lemma="lehetett" pos="X">lehetett</wf>
         <wf lemma="Jézus" pos="X">Jézus</wf>
         <wf lemma="Krisztusra" pos="X">Krisztusra</wf>
         <wf lemma="is" pos="X">is</wf>
         <wf lemma="." pos="X">.</wf>
      </sentence>
      <sentence id="d000.s3143" source="wordnet-hungarian">
         <wf lemma="A" pos="X">A</wf>
         <wf lemma="maja" pos="X">maja</wf>
         <instance id="d000.s3143.t000" lemma="civilizáció" pos="NOUN">civilizáció</instance>
         <wf lemma="talán" pos="X">talán</wf>
         <wf lemma="a" pos="X">a</wf>
         <wf lemma="legismertebb" pos="X">legismertebb</wf>
         <wf lemma="a" pos="X">a</wf>
         <wf lemma="klasszikus" pos="X">klasszikus</wf>
         <wf lemma="közép-amerikai" pos="X">közép-amerikai</wf>
         <wf lemma="civilizációk" pos="X">civilizációk</wf>
         <wf lemma="közül" pos="X">közül</wf>
         <wf lemma="." pos="X">.</wf>
      </sentence>
      <sentence id="d000.s3144" source="wordnet-hungarian">
         <wf lemma="A" pos="X">A</wf>
         <instance id="d000.s3144.t000" lemma="tátogatófélék" pos="NOUN">tátogatófélékről</instance>
         <wf lemma="beszélgettek" pos="X">beszélgettek</wf>
         <wf lemma="a" pos="X">a</wf>
         <wf lemma="vonatút" pos="X">vonatút</wf>
         <wf lemma="alatt" pos="X">alatt</wf>
         <wf lemma="." pos="X">.</wf>
      </sentence>
      <sentence id="d000.s3145" source="wordnet-hungarian">
         <wf lemma="Az" pos="X">Az</wf>
         <wf lemma="állandó" pos="X">állandó</wf>
         <wf lemma="munka" pos="X">munka</wf>
         <wf lemma="," pos="X">,</wf>
         <wf lemma="az" pos="X">az</wf>
         <wf lemma="étel" pos="X">étel</wf>
         <wf lemma="és" pos="X">és</wf>
         <wf lemma="pihenés" pos="X">pihenés</wf>
         <wf lemma="hiánya" pos="X">hiánya</wf>
         <wf lemma="gyorsan" pos="X">gyorsan</wf>
         <wf lemma="kikezdte" pos="X">kikezdte</wf>
         <instance id="d000.s3145.t000" lemma="erő" pos="NOUN">erejét</instance>
         <wf lemma="." pos="X">.</wf>
      </sentence>
      <sentence id="d000.s3146" source="wordnet-hungarian">
         <instance id="d000.s3146.t000" lemma="hanyatlás" pos="NOUN">Hanyatlásnak</instance>
         <wf lemma="indult" pos="X">indult</wf>
         <wf lemma="." pos="X">.</wf>
      </sentence>
      <sentence id="d000.s3147" source="wordnet-hungarian">
         <wf lemma="Döntéshozatal" pos="X">Döntéshozatal</wf>
         <wf lemma="előtt" pos="X">előtt</wf>
         <wf lemma="még" pos="X">még</wf>
         <wf lemma="egyeztetnie" pos="X">egyeztetnie</wf>
         <wf lemma="kell" pos="X">kell</wf>
         <wf lemma="a" pos="X">a</wf>
         <instance id="d000.s3147.t000" lemma="társ" pos="NOUN">társával</instance>
         <wf lemma="." pos="X">.</wf>
      </sentence>
      <sentence id="d000.s3148" source="wordnet-hungarian">
         <wf lemma="Valamennyi" pos="X">Valamennyi</wf>
         <instance id="d000.s3148.t000" lemma="harccsoport" pos="NOUN">harccsoport</instance>
         <wf lemma="rendelkezett" pos="X">rendelkezett</wf>
         <wf lemma="megerősített" pos="X">megerősített</wf>
         <wf lemma="szakasz-század" pos="X">szakasz-század</wf>
         <wf lemma="erejű" pos="X">erejű</wf>
         <wf lemma="műszaki" pos="X">műszaki</wf>
         <wf lemma="erővel" pos="X">erővel</wf>
         <wf lemma="." pos="X">.</wf>
      </sentence>
      <sentence id="d000.s3149" source="wordnet-hungarian">
         <wf lemma="a" pos="X">a</wf>
         <wf lemma="tömegmegmaradás" pos="X">tömegmegmaradás</wf>
         <instance id="d000.s3149.t000" lemma="törvény" pos="NOUN">törvénye</instance>
         <wf lemma="." pos="X">.</wf>
      </sentence>
      <sentence id="d000.s3150" source="wordnet-hungarian">
         <wf lemma="A" pos="X">A</wf>
         <instance id="d000.s3150.t000" lemma="bátorság" pos="NOUN">bátorság</instance>
         <wf lemma="a" pos="X">a</wf>
         <wf lemma="rendőrkutyák" pos="X">rendőrkutyák</wf>
         <wf lemma="egyik" pos="X">egyik</wf>
         <wf lemma="fő" pos="X">fő</wf>
         <wf lemma="kiválasztási" pos="X">kiválasztási</wf>
         <wf lemma="feltétele" pos="X">feltétele</wf>
         <wf lemma="." pos="X">.</wf>
      </sentence>
      <sentence id="d000.s3151" source="wordnet-hungarian">
         <wf lemma="Spanyol" pos="X">Spanyol</wf>
         <instance id="d000.s3151.t000" lemma="állattenyésztő" pos="NOUN">állattenyésztők</instance>
         <wf lemma="beperelték" pos="X">beperelték</wf>
         <wf lemma="az" pos="X">az</wf>
         <wf lemma="Európai" pos="X">Európai</wf>
         <wf lemma="Uniót" pos="X">Uniót</wf>
         <wf lemma="a" pos="X">a</wf>
         <wf lemma="kergemarhakór" pos="X">kergemarhakór</wf>
         <wf lemma="következtében" pos="X">következtében</wf>
         <wf lemma="őket" pos="X">őket</wf>
         <wf lemma="ért" pos="X">ért</wf>
         <wf lemma="károk" pos="X">károk</wf>
         <wf lemma="miatt" pos="X">miatt</wf>
         <wf lemma="." pos="X">.</wf>
      </sentence>
      <sentence id="d000.s3152" source="wordnet-hungarian">
         <wf lemma="Én" pos="X">Én</wf>
         <wf lemma="jobban" pos="X">jobban</wf>
         <wf lemma="szeretek" pos="X">szeretek</wf>
         <wf lemma="főzni" pos="X">főzni</wf>
         <wf lemma="," pos="X">,</wf>
         <wf lemma="mint" pos="X">mint</wf>
         <instance id="d000.s3152.t000" lemma="készétel" pos="NOUN">készételt</instance>
         <wf lemma="rendelni" pos="X">rendelni</wf>
         <wf lemma="." pos="X">.</wf>
      </sentence>
      <sentence id="d000.s3153" source="wordnet-hungarian">
         <wf lemma="Gyertek" pos="X">Gyertek</wf>
         <instance id="d000.s3153.t000" lemma="lány" pos="NOUN">lányok</instance>
         <wf lemma="," pos="X">,</wf>
         <wf lemma="igyunk" pos="X">igyunk</wf>
         <wf lemma="egy" pos="X">egy</wf>
         <wf lemma="kávét" pos="X">kávét</wf>
         <wf lemma="és" pos="X">és</wf>
         <wf lemma="megmutatom" pos="X">megmutatom</wf>
         <wf lemma="az" pos="X">az</wf>
         <wf lemma="unokáim" pos="X">unokáim</wf>
         <wf lemma="képeit" pos="X">képeit</wf>
         <wf lemma="!" pos="X">!</wf>
      </sentence>
      <sentence id="d000.s3154" source="wordnet-hungarian">
         <wf lemma="Kételkedett" pos="X">Kételkedett</wf>
         <wf lemma="a" pos="X">a</wf>
         <wf lemma="kijelentés" pos="X">kijelentés</wf>
         <instance id="d000.s3154.t000" lemma="igazság" pos="NOUN">igazságában</instance>
         <wf lemma="mindaddig" pos="X">mindaddig</wf>
         <wf lemma="," pos="X">,</wf>
         <wf lemma="amíg" pos="X">amíg</wf>
         <wf lemma="meg" pos="X">meg</wf>
         <wf lemma="nem" pos="X">nem</wf>
         <wf lemma="tudta" pos="X">tudta</wf>
         <wf lemma="a" pos="X">a</wf>
         <wf lemma="hiányzó" pos="X">hiányzó</wf>
         <wf lemma="információkat" pos="X">információkat</wf>
         <wf lemma="." pos="X">.</wf>
      </sentence>
      <sentence id="d000.s3155" source="wordnet-hungarian">
         <wf lemma="Minden" pos="X">Minden</wf>
         <wf lemma="hónapban" pos="X">hónapban</wf>
         <wf lemma="kapok" pos="X">kapok</wf>
         <wf lemma="egy" pos="X">egy</wf>
         <instance id="d000.s3155.t000" lemma="számlakivonat" pos="NOUN">számlakivonatot</instance>
         <wf lemma="a" pos="X">a</wf>
         <wf lemma="bankomtól" pos="X">bankomtól</wf>
         <wf lemma="." pos="X">.</wf>
      </sentence>
      <sentence id="d000.s3156" source="wordnet-hungarian">
         <wf lemma="A" pos="X">A</wf>
         <instance id="d000.s3156.t000" lemma="török" pos="NOUN">törökök</instance>
         <wf lemma="itt-tartózkodása" pos="X">itt-tartózkodása</wf>
         <wf lemma="alatt" pos="X">alatt</wf>
         <wf lemma="az" pos="X">az</wf>
         <wf lemma="ország" pos="X">ország</wf>
         <wf lemma="középső" pos="X">középső</wf>
         <wf lemma="része" pos="X">része</wf>
         <wf lemma="," pos="X">,</wf>
         <wf lemma="az" pos="X">az</wf>
         <wf lemma="úgynevezett" pos="X">úgynevezett</wf>
         <wf lemma="hódoltsági" pos="X">hódoltsági</wf>
         <wf lemma="terület" pos="X">terület</wf>
         <wf lemma="," pos="X">,</wf>
         <wf lemma="szinte" pos="X">szinte</wf>
         <wf lemma="teljesen" pos="X">teljesen</wf>
         <wf lemma="elnéptelenedett" pos="X">elnéptelenedett</wf>
         <wf lemma="." pos="X">.</wf>
      </sentence>
      <sentence id="d000.s3157" source="wordnet-hungarian">
         <wf lemma="Érkezésed" pos="X">Érkezésed</wf>
         <instance id="d000.s3157.t000" lemma="időzítés" pos="NOUN">időzítése</instance>
         <wf lemma="épp" pos="X">épp</wf>
         <wf lemma="megfelelő" pos="X">megfelelő</wf>
         <wf lemma="volt" pos="X">volt</wf>
         <wf lemma="." pos="X">.</wf>
      </sentence>
      <sentence id="d000.s3158" source="wordnet-hungarian">
         <wf lemma="Az" pos="X">Az</wf>
         <wf lemma="olaj" pos="X">olaj</wf>
         <wf lemma="magas" pos="X">magas</wf>
         <wf lemma="világpiaci" pos="X">világpiaci</wf>
         <instance id="d000.s3158.t000" lemma="ár" pos="NOUN">ára</instance>
         <wf lemma="kedvezőtlenül" pos="X">kedvezőtlenül</wf>
         <wf lemma="hat" pos="X">hat</wf>
         <wf lemma="a" pos="X">a</wf>
         <wf lemma="gazdaságra" pos="X">gazdaságra</wf>
         <wf lemma="." pos="X">.</wf>
      </sentence>
      <sentence id="d000.s3159" source="wordnet-hungarian">
         <wf lemma="A" pos="X">A</wf>
         <instance id="d000.s3159.t000" lemma="tat" pos="NOUN">taton</instance>
         <wf lemma="álló" pos="X">álló</wf>
         <wf lemma="kormányos" pos="X">kormányos</wf>
         <wf lemma="aligha" pos="X">aligha</wf>
         <wf lemma="látja" pos="X">látja</wf>
         <wf lemma="be" pos="X">be</wf>
         <wf lemma="a" pos="X">a</wf>
         <wf lemma="hajó" pos="X">hajó</wf>
         <wf lemma="előtti" pos="X">előtti</wf>
         <wf lemma="vízfelületet" pos="X">vízfelületet</wf>
         <wf lemma="." pos="X">.</wf>
      </sentence>
      <sentence id="d000.s3160" source="wordnet-hungarian">
         <wf lemma="A" pos="X">A</wf>
         <wf lemma="színház" pos="X">színház</wf>
         <wf lemma="az" pos="X">az</wf>
         <wf lemma="új" pos="X">új</wf>
         <instance id="d000.s3160.t000" lemma="év" pos="NOUN">évre</instance>
         <wf lemma="még" pos="X">még</wf>
         <wf lemma="változatosabb" pos="X">változatosabb</wf>
         <wf lemma="műsort" pos="X">műsort</wf>
         <wf lemma="ígér" pos="X">ígér</wf>
         <wf lemma="." pos="X">.</wf>
      </sentence>
      <sentence id="d000.s3161" source="wordnet-hungarian">
         <wf lemma="Az" pos="X">Az</wf>
         <instance id="d000.s3161.t000" lemma="öl" pos="NOUN">öl</instance>
         <wf lemma="mai" pos="X">mai</wf>
         <wf lemma="napig" pos="X">napig</wf>
         <wf lemma="használatban" pos="X">használatban</wf>
         <wf lemma="lévő" pos="X">lévő</wf>
         <wf lemma="hosszmértékegység" pos="X">hosszmértékegység</wf>
         <wf lemma="." pos="X">.</wf>
      </sentence>
      <sentence id="d000.s3162" source="wordnet-hungarian">
         <wf lemma="Annyi" pos="X">Annyi</wf>
         <instance id="d000.s3162.t000" lemma="gőg" pos="NOUN">gőg</instance>
         <wf lemma="volt" pos="X">volt</wf>
         <wf lemma="a" pos="X">a</wf>
         <wf lemma="szavaiban" pos="X">szavaiban</wf>
         <wf lemma="," pos="X">,</wf>
         <wf lemma="hogy" pos="X">hogy</wf>
         <wf lemma="mindenki" pos="X">mindenki</wf>
         <wf lemma="elfordult" pos="X">elfordult</wf>
         <wf lemma="tőle" pos="X">tőle</wf>
         <wf lemma="." pos="X">.</wf>
      </sentence>
      <sentence id="d000.s3163" source="wordnet-hungarian">
         <wf lemma="A" pos="X">A</wf>
         <wf lemma="kazán" pos="X">kazán</wf>
         <instance id="d000.s3163.t000" lemma="szelep" pos="NOUN">szelepén</instance>
         <wf lemma="forró" pos="X">forró</wf>
         <wf lemma="gőzök" pos="X">gőzök</wf>
         <wf lemma="törtek" pos="X">törtek</wf>
         <wf lemma="elő" pos="X">elő</wf>
         <wf lemma="." pos="X">.</wf>
      </sentence>
      <sentence id="d000.s3164" source="wordnet-hungarian">
         <wf lemma="Kibérelt" pos="X">Kibérelt</wf>
         <wf lemma="egy" pos="X">egy</wf>
         <instance id="d000.s3164.t000" lemma="iroda" pos="NOUN">irodát</instance>
         <wf lemma="az" pos="X">az</wf>
         <wf lemma="új" pos="X">új</wf>
         <wf lemma="irodaházban" pos="X">irodaházban</wf>
         <wf lemma="." pos="X">.</wf>
      </sentence>
      <sentence id="d000.s3165" source="wordnet-hungarian">
         <wf lemma="A" pos="X">A</wf>
         <instance id="d000.s3165.t000" lemma="mumpsz" pos="NOUN">mumpsz</instance>
         <wf lemma="kevésbé" pos="X">kevésbé</wf>
         <wf lemma="fertőző" pos="X">fertőző</wf>
         <wf lemma="," pos="X">,</wf>
         <wf lemma="mint" pos="X">mint</wf>
         <wf lemma="a" pos="X">a</wf>
         <wf lemma="kanyaró" pos="X">kanyaró</wf>
         <wf lemma="vagy" pos="X">vagy</wf>
         <wf lemma="a" pos="X">a</wf>
         <wf lemma="bárányhimlő" pos="X">bárányhimlő</wf>
         <wf lemma="." pos="X">.</wf>
      </sentence>
      <sentence id="d000.s3166" source="wordnet-hungarian">
         <wf lemma="A" pos="X">A</wf>
         <wf lemma="hely" pos="X">hely</wf>
         <wf lemma="," pos="X">,</wf>
         <wf lemma="ahol" pos="X">ahol</wf>
         <wf lemma="nyaraltunk" pos="X">nyaraltunk</wf>
         <wf lemma="," pos="X">,</wf>
         <wf lemma="maga" pos="X">maga</wf>
         <wf lemma="volt" pos="X">volt</wf>
         <wf lemma="a" pos="X">a</wf>
         <instance id="d000.s3166.t000" lemma="mennyország" pos="NOUN">mennyország</instance>
         <wf lemma="." pos="X">.</wf>
      </sentence>
      <sentence id="d000.s3167" source="wordnet-hungarian">
         <instance id="d000.s3167.t000" lemma="hajlam" pos="NOUN">Hajlama</instance>
         <wf lemma="van" pos="X">van</wf>
         <wf lemma="a" pos="X">a</wf>
         <wf lemma="reumatikus" pos="X">reumatikus</wf>
         <wf lemma="betegségekre" pos="X">betegségekre</wf>
         <wf lemma="." pos="X">.</wf>
      </sentence>
      <sentence id="d000.s3168" source="wordnet-hungarian">
         <wf lemma="A" pos="X">A</wf>
         <instance id="d000.s3168.t000" lemma="hondurasi" pos="NOUN">hondurasiak</instance>
         <wf lemma="és" pos="X">és</wf>
         <wf lemma="általában" pos="X">általában</wf>
         <wf lemma="a" pos="X">a</wf>
         <wf lemma="latin-amerikaiak" pos="X">latin-amerikaiak</wf>
         <wf lemma="örültek" pos="X">örültek</wf>
         <wf lemma="volna" pos="X">volna</wf>
         <wf lemma="," pos="X">,</wf>
         <wf lemma="ha" pos="X">ha</wf>
         <wf lemma="egy" pos="X">egy</wf>
         <wf lemma="idevalósi" pos="X">idevalósi</wf>
         <wf lemma="bíborosra" pos="X">bíborosra</wf>
         <wf lemma="esik" pos="X">esik</wf>
         <wf lemma="a" pos="X">a</wf>
         <wf lemma="konklávé" pos="X">konklávé</wf>
         <wf lemma="választása" pos="X">választása</wf>
         <wf lemma="." pos="X">.</wf>
      </sentence>
      <sentence id="d000.s3169" source="wordnet-hungarian">
         <wf lemma="Két" pos="X">Két</wf>
         <wf lemma="lábbal" pos="X">lábbal</wf>
         <wf lemma="a" pos="X">a</wf>
         <instance id="d000.s3169.t000" lemma="föld" pos="NOUN">földön</instance>
         <wf lemma="jár" pos="X">jár</wf>
         <wf lemma="." pos="X">.</wf>
      </sentence>
      <sentence id="d000.s3170" source="wordnet-hungarian">
         <wf lemma="A" pos="X">A</wf>
         <wf lemma="régi" pos="X">régi</wf>
         <wf lemma="," pos="X">,</wf>
         <wf lemma="zegzugos" pos="X">zegzugos</wf>
         <wf lemma="lakás" pos="X">lakás</wf>
         <wf lemma="átalakításának" pos="X">átalakításának</wf>
         <wf lemma="megtervezésére" pos="X">megtervezésére</wf>
         <wf lemma="több" pos="X">több</wf>
         <instance id="d000.s3170.t000" lemma="belsőépítész" pos="NOUN">belsőépítészt</instance>
         <wf lemma="is" pos="X">is</wf>
         <wf lemma="megkérdezett" pos="X">megkérdezett</wf>
         <wf lemma="." pos="X">.</wf>
      </sentence>
      <sentence id="d000.s3171" source="wordnet-hungarian">
         <wf lemma="Az" pos="X">Az</wf>
         <instance id="d000.s3171.t000" lemma="illusztrátor" pos="NOUN">illusztrátor</instance>
         <wf lemma="rajzaival" pos="X">rajzaival</wf>
         <wf lemma="jól" pos="X">jól</wf>
         <wf lemma="eltalálta" pos="X">eltalálta</wf>
         <wf lemma="a" pos="X">a</wf>
         <wf lemma="mese" pos="X">mese</wf>
         <wf lemma="hangulatát" pos="X">hangulatát</wf>
         <wf lemma="." pos="X">.</wf>
      </sentence>
      <sentence id="d000.s3172" source="wordnet-hungarian">
         <wf lemma="Az" pos="X">Az</wf>
         <wf lemma="ágyúkat" pos="X">ágyúkat</wf>
         <instance id="d000.s3172.t000" lemma="bronz" pos="NOUN">bronzból</instance>
         <wf lemma="készítették" pos="X">készítették</wf>
         <wf lemma="." pos="X">.</wf>
      </sentence>
      <sentence id="d000.s3173" source="wordnet-hungarian">
         <wf lemma="Az" pos="X">Az</wf>
         <wf lemma="orosz" pos="X">orosz</wf>
         <wf lemma="fejedelemségek" pos="X">fejedelemségek</wf>
         <wf lemma="elfoglalása" pos="X">elfoglalása</wf>
         <wf lemma="után" pos="X">után</wf>
         <wf lemma="a" pos="X">a</wf>
         <instance id="d000.s3173.t000" lemma="mongol" pos="NOUN">mongolok</instance>
         <wf lemma="három" pos="X">három</wf>
         <wf lemma="csoportban" pos="X">csoportban</wf>
         <wf lemma="szállták" pos="X">szállták</wf>
         <wf lemma="meg" pos="X">meg</wf>
         <wf lemma="Európát" pos="X">Európát</wf>
         <wf lemma="." pos="X">.</wf>
      </sentence>
      <sentence id="d000.s3174" source="wordnet-hungarian">
         <wf lemma="Egy" pos="X">Egy</wf>
         <instance id="d000.s3174.t000" lemma="síkidom" pos="NOUN">síkidom</instance>
         <wf lemma="konvex" pos="X">konvex</wf>
         <wf lemma="," pos="X">,</wf>
         <wf lemma="ha" pos="X">ha</wf>
         <wf lemma="bármely" pos="X">bármely</wf>
         <wf lemma="két" pos="X">két</wf>
         <wf lemma="pontját" pos="X">pontját</wf>
         <wf lemma="összekötő" pos="X">összekötő</wf>
         <wf lemma="szakasz" pos="X">szakasz</wf>
         <wf lemma="minden" pos="X">minden</wf>
         <wf lemma="pontja" pos="X">pontja</wf>
         <wf lemma="a" pos="X">a</wf>
         <wf lemma="síkidomhoz" pos="X">síkidomhoz</wf>
         <wf lemma="tartozik" pos="X">tartozik</wf>
         <wf lemma="." pos="X">.</wf>
      </sentence>
      <sentence id="d000.s3175" source="wordnet-hungarian">
         <wf lemma="A" pos="X">A</wf>
         <instance id="d000.s3175.t000" lemma="nemlétezés" pos="NOUN">nemlétezés</instance>
         <wf lemma="a" pos="X">a</wf>
         <wf lemma="létezés" pos="X">létezés</wf>
         <wf lemma="egyik" pos="X">egyik</wf>
         <wf lemma="aspektusa" pos="X">aspektusa</wf>
         <wf lemma="." pos="X">.</wf>
      </sentence>
      <sentence id="d000.s3176" source="wordnet-hungarian">
         <wf lemma="Nagy" pos="X">Nagy</wf>
         <instance id="d000.s3176.t000" lemma="hatás" pos="NOUN">hatással</instance>
         <wf lemma="voltak" pos="X">voltak</wf>
         <wf lemma="rám" pos="X">rám</wf>
         <wf lemma="bátyám" pos="X">bátyám</wf>
         <wf lemma="korábbi" pos="X">korábbi</wf>
         <wf lemma="sikerei" pos="X">sikerei</wf>
         <wf lemma="." pos="X">.</wf>
      </sentence>
      <sentence id="d000.s3177" source="wordnet-hungarian">
         <wf lemma="Az" pos="X">Az</wf>
         <wf lemma="író" pos="X">író</wf>
         <wf lemma="új" pos="X">új</wf>
         <wf lemma="novellával" pos="X">novellával</wf>
         <wf lemma="örvendeztette" pos="X">örvendeztette</wf>
         <wf lemma="meg" pos="X">meg</wf>
         <instance id="d000.s3177.t000" lemma="közönség" pos="NOUN">közönségét</instance>
         <wf lemma="." pos="X">.</wf>
      </sentence>
      <sentence id="d000.s3178" source="wordnet-hungarian">
         <wf lemma="A" pos="X">A</wf>
         <instance id="d000.s3178.t000" lemma="zaj" pos="NOUN">zaj</instance>
         <wf lemma="elérte" pos="X">elérte</wf>
         <wf lemma="a" pos="X">a</wf>
         <wf lemma="80" pos="X">80</wf>
         <wf lemma="decibeles" pos="X">decibeles</wf>
         <wf lemma="határértéket" pos="X">határértéket</wf>
         <wf lemma="." pos="X">.</wf>
      </sentence>
      <sentence id="d000.s3179" source="wordnet-hungarian">
         <instance id="d000.s3179.t000" lemma="rejt" pos="VERB">Rejtsd</instance>
         <wf lemma="el" pos="X">el</wf>
         <wf lemma="az" pos="X">az</wf>
         <wf lemma="arcod" pos="X">arcod</wf>
         <wf lemma="," pos="X">,</wf>
         <wf lemma="ha" pos="X">ha</wf>
         <wf lemma="jön" pos="X">jön</wf>
         <wf lemma="az" pos="X">az</wf>
         <wf lemma="a" pos="X">a</wf>
         <wf lemma="rosszarcú" pos="X">rosszarcú</wf>
         <wf lemma="férfi" pos="X">férfi</wf>
         <wf lemma="." pos="X">.</wf>
      </sentence>
      <sentence id="d000.s3180" source="wordnet-hungarian">
         <wf lemma="Az" pos="X">Az</wf>
         <wf lemma="izmok" pos="X">izmok</wf>
         <wf lemma="által" pos="X">által</wf>
         <wf lemma="alkotott" pos="X">alkotott</wf>
         <wf lemma="szárak" pos="X">szárak</wf>
         <wf lemma="a" pos="X">a</wf>
         <wf lemma="szeméremdomb" pos="X">szeméremdomb</wf>
         <wf lemma="előtt" pos="X">előtt</wf>
         <wf lemma="egyesülve" pos="X">egyesülve</wf>
         <wf lemma="alkotják" pos="X">alkotják</wf>
         <wf lemma="a" pos="X">a</wf>
         <instance id="d000.s3180.t000" lemma="csikló" pos="NOUN">csikló</instance>
         <wf lemma="nyelét" pos="X">nyelét</wf>
         <wf lemma="." pos="X">.</wf>
      </sentence>
      <sentence id="d000.s3181" source="wordnet-hungarian">
         <wf lemma="A" pos="X">A</wf>
         <wf lemma="kísérlet" pos="X">kísérlet</wf>
         <wf lemma="során" pos="X">során</wf>
         <wf lemma="a" pos="X">a</wf>
         <instance id="d000.s3181.t000" lemma="virágzás" pos="NOUN">virágzás</instance>
         <wf lemma="megismeréséhez" pos="X">megismeréséhez</wf>
         <wf lemma="folyamatos" pos="X">folyamatos</wf>
         <wf lemma="megfigyeléseket" pos="X">megfigyeléseket</wf>
         <wf lemma="végeztünk" pos="X">végeztünk</wf>
         <wf lemma="." pos="X">.</wf>
      </sentence>
      <sentence id="d000.s3182" source="wordnet-hungarian">
         <wf lemma="Júdás" pos="X">Júdás</wf>
         <instance id="d000.s3182.t000" lemma="elárul" pos="VERB">elárulta</instance>
         <wf lemma="Jézust" pos="X">Jézust</wf>
         <wf lemma="." pos="X">.</wf>
      </sentence>
      <sentence id="d000.s3183" source="wordnet-hungarian">
         <wf lemma="Igyekszem" pos="X">Igyekszem</wf>
         <wf lemma="jól" pos="X">jól</wf>
         <instance id="d000.s3183.t000" lemma="megszervez" pos="VERB">megszervezni</instance>
         <wf lemma="a" pos="X">a</wf>
         <wf lemma="napi" pos="X">napi</wf>
         <wf lemma="teendőimet" pos="X">teendőimet</wf>
         <wf lemma="." pos="X">.</wf>
      </sentence>
      <sentence id="d000.s3184" source="wordnet-hungarian">
         <wf lemma="Az" pos="X">Az</wf>
         <instance id="d000.s3184.t000" lemma="előny" pos="NOUN">előny</instance>
         <wf lemma="utáni" pos="X">utáni</wf>
         <wf lemma="labdamenet" pos="X">labdamenet</wf>
         <wf lemma="is" pos="X">is</wf>
         <wf lemma="az" pos="X">az</wf>
         <wf lemma="övé" pos="X">övé</wf>
         <wf lemma="volt" pos="X">volt</wf>
         <wf lemma="." pos="X">.</wf>
      </sentence>
      <sentence id="d000.s3185" source="wordnet-hungarian">
         <wf lemma="A" pos="X">A</wf>
         <wf lemma="mágnes" pos="X">mágnes</wf>
         <instance id="d000.s3185.t000" lemma="vonz" pos="VERB">vonzza</instance>
         <wf lemma="a" pos="X">a</wf>
         <wf lemma="vasat" pos="X">vasat</wf>
         <wf lemma="." pos="X">.</wf>
      </sentence>
      <sentence id="d000.s3186" source="wordnet-hungarian">
         <wf lemma="A" pos="X">A</wf>
         <wf lemma="tüzérség" pos="X">tüzérség</wf>
         <wf lemma="szervezésével" pos="X">szervezésével</wf>
         <wf lemma="kapcsolatos" pos="X">kapcsolatos</wf>
         <wf lemma="erőfeszítések" pos="X">erőfeszítések</wf>
         <wf lemma="lehetővé" pos="X">lehetővé</wf>
         <wf lemma="tették" pos="X">tették</wf>
         <wf lemma="," pos="X">,</wf>
         <wf lemma="hogy" pos="X">hogy</wf>
         <wf lemma="minden" pos="X">minden</wf>
         <wf lemma="felállított" pos="X">felállított</wf>
         <instance id="d000.s3186.t000" lemma="dandár" pos="NOUN">dandárt</instance>
         <wf lemma="gyalogos" pos="X">gyalogos</wf>
         <wf lemma="," pos="X">,</wf>
         <wf lemma="lovas" pos="X">lovas</wf>
         <wf lemma="üteg" pos="X">üteg</wf>
         <wf lemma="tudott" pos="X">tudott</wf>
         <wf lemma="támogatni" pos="X">támogatni</wf>
         <wf lemma="." pos="X">.</wf>
      </sentence>
      <sentence id="d000.s3187" source="wordnet-hungarian">
         <wf lemma="Válasszatok" pos="X">Válasszatok</wf>
         <wf lemma="a" pos="X">a</wf>
         <wf lemma="szobában" pos="X">szobában</wf>
         <wf lemma="található" pos="X">található</wf>
         <instance id="d000.s3187.t000" lemma="ülés" pos="NOUN">ülések</instance>
         <wf lemma="közül" pos="X">közül</wf>
         <wf lemma="." pos="X">.</wf>
      </sentence>
      <sentence id="d000.s3188" source="wordnet-hungarian">
         <wf lemma="Az" pos="X">Az</wf>
         <instance id="d000.s3188.t000" lemma="író" pos="NOUN">író</instance>
         <wf lemma="egy" pos="X">egy</wf>
         <wf lemma="fajta" pos="X">fajta</wf>
         <wf lemma="tejtermék" pos="X">tejtermék</wf>
         <wf lemma="," pos="X">,</wf>
         <wf lemma="amit" pos="X">amit</wf>
         <wf lemma="manapság" pos="X">manapság</wf>
         <wf lemma="általában" pos="X">általában</wf>
         <wf lemma="már" pos="X">már</wf>
         <wf lemma="nem" pos="X">nem</wf>
         <wf lemma="ismernek" pos="X">ismernek</wf>
         <wf lemma="az" pos="X">az</wf>
         <wf lemma="emberek" pos="X">emberek</wf>
         <wf lemma="." pos="X">.</wf>
      </sentence>
      <sentence id="d000.s3189" source="wordnet-hungarian">
         <wf lemma="Messzire" pos="X">Messzire</wf>
         <wf lemma="ütötte" pos="X">ütötte</wf>
         <wf lemma="a" pos="X">a</wf>
         <instance id="d000.s3189.t000" lemma="labda" pos="NOUN">labdát</instance>
         <wf lemma="." pos="X">.</wf>
      </sentence>
      <sentence id="d000.s3190" source="wordnet-hungarian">
         <wf lemma="A" pos="X">A</wf>
         <instance id="d000.s3190.t000" lemma="türkmén" pos="NOUN">türkméneket</instance>
         <wf lemma="a" pos="X">a</wf>
         <wf lemma="Szafavidákhoz" pos="X">Szafavidákhoz</wf>
         <wf lemma="való" pos="X">való</wf>
         <wf lemma="tartozást" pos="X">tartozást</wf>
         <wf lemma="jelképező" pos="X">jelképező</wf>
         <wf lemma="vörös" pos="X">vörös</wf>
         <wf lemma="turbánjukról" pos="X">turbánjukról</wf>
         <wf lemma="kizilbasoknak" pos="X">kizilbasoknak</wf>
         <wf lemma="(" pos="X">(</wf>
         <wf lemma="vörös" pos="X">vörös</wf>
         <wf lemma="fejűeknek" pos="X">fejűeknek</wf>
         <wf lemma=")" pos="X">)</wf>
         <wf lemma="is" pos="X">is</wf>
         <wf lemma="szokták" pos="X">szokták</wf>
         <wf lemma="nevezni" pos="X">nevezni</wf>
         <wf lemma="." pos="X">.</wf>
      </sentence>
      <sentence id="d000.s3191" source="wordnet-hungarian">
         <wf lemma="A" pos="X">A</wf>
         <instance id="d000.s3191.t000" lemma="zúzódás" pos="NOUN">zúzódás</instance>
         <wf lemma="nyomai" pos="X">nyomai</wf>
         <wf lemma="látszottak" pos="X">látszottak</wf>
         <wf lemma="a" pos="X">a</wf>
         <wf lemma="combján" pos="X">combján</wf>
         <wf lemma="," pos="X">,</wf>
         <wf lemma="ott" pos="X">ott</wf>
         <wf lemma="ahol" pos="X">ahol</wf>
         <wf lemma="a" pos="X">a</wf>
         <wf lemma="bicikli" pos="X">bicikli</wf>
         <wf lemma="megnyomta" pos="X">megnyomta</wf>
         <wf lemma="mikor" pos="X">mikor</wf>
         <wf lemma="elesett" pos="X">elesett</wf>
         <wf lemma="." pos="X">.</wf>
      </sentence>
      <sentence id="d000.s3192" source="wordnet-hungarian">
         <wf lemma="Nincs" pos="X">Nincs</wf>
         <instance id="d000.s3192.t000" lemma="kapcsolat" pos="NOUN">kapcsolat</instance>
         <wf lemma="a" pos="X">a</wf>
         <wf lemma="két" pos="X">két</wf>
         <wf lemma="esemény" pos="X">esemény</wf>
         <wf lemma="között" pos="X">között</wf>
         <wf lemma="?" pos="X">?</wf>
      </sentence>
      <sentence id="d000.s3193" source="wordnet-hungarian">
         <instance id="d000.s3193.t000" lemma="jézus" pos="NOUN">Jézus</instance>
         <wf lemma="az" pos="X">az</wf>
         <wf lemma="út" pos="X">út</wf>
         <wf lemma="," pos="X">,</wf>
         <wf lemma="az" pos="X">az</wf>
         <wf lemma="igazság" pos="X">igazság</wf>
         <wf lemma="és" pos="X">és</wf>
         <wf lemma="az" pos="X">az</wf>
         <wf lemma="élet" pos="X">élet</wf>
         <wf lemma="." pos="X">.</wf>
      </sentence>
      <sentence id="d000.s3194" source="wordnet-hungarian">
         <wf lemma="A" pos="X">A</wf>
         <wf lemma="pénz" pos="X">pénz</wf>
         <wf lemma="utáni" pos="X">utáni</wf>
         <instance id="d000.s3194.t000" lemma="sóvárgás" pos="NOUN">sóvárgása</instance>
         <wf lemma="tette" pos="X">tette</wf>
         <wf lemma="ilyen" pos="X">ilyen</wf>
         <wf lemma="ellenszenves" pos="X">ellenszenves</wf>
         <wf lemma="emberré" pos="X">emberré</wf>
         <wf lemma="." pos="X">.</wf>
      </sentence>
      <sentence id="d000.s3195" source="wordnet-hungarian">
         <wf lemma="A" pos="X">A</wf>
         <wf lemma="meccs" pos="X">meccs</wf>
         <wf lemma="elején" pos="X">elején</wf>
         <wf lemma="kivonultak" pos="X">kivonultak</wf>
         <wf lemma="a" pos="X">a</wf>
         <wf lemma="csapatok" pos="X">csapatok</wf>
         <wf lemma="a" pos="X">a</wf>
         <instance id="d000.s3195.t000" lemma="pálya" pos="NOUN">pályára</instance>
         <wf lemma="." pos="X">.</wf>
      </sentence>
      <sentence id="d000.s3196" source="wordnet-hungarian">
         <wf lemma="A" pos="X">A</wf>
         <instance id="d000.s3196.t000" lemma="nő" pos="NOUN">nőjével</instance>
         <wf lemma="érkezett" pos="X">érkezett</wf>
         <wf lemma="a" pos="X">a</wf>
         <wf lemma="fogadásra" pos="X">fogadásra</wf>
         <wf lemma="." pos="X">.</wf>
      </sentence>
      <sentence id="d000.s3197" source="wordnet-hungarian">
         <wf lemma="Az" pos="X">Az</wf>
         <wf lemma="ételt" pos="X">ételt</wf>
         <wf lemma="csak" pos="X">csak</wf>
         <wf lemma="a" pos="X">a</wf>
         <instance id="d000.s3197.t000" lemma="bab" pos="NOUN">bab</instance>
         <wf lemma="teljes" pos="X">teljes</wf>
         <wf lemma="megpuhulása" pos="X">megpuhulása</wf>
         <wf lemma="után" pos="X">után</wf>
         <wf lemma="sózzuk" pos="X">sózzuk</wf>
         <wf lemma="meg" pos="X">meg</wf>
         <wf lemma="." pos="X">.</wf>
      </sentence>
      <sentence id="d000.s3198" source="wordnet-hungarian">
         <instance id="d000.s3198.t000" lemma="feltevés" pos="NOUN">Feltevése</instance>
         <wf lemma="végül" pos="X">végül</wf>
         <wf lemma="is" pos="X">is</wf>
         <wf lemma="nem" pos="X">nem</wf>
         <wf lemma="bizonyult" pos="X">bizonyult</wf>
         <wf lemma="igaznak" pos="X">igaznak</wf>
         <wf lemma="." pos="X">.</wf>
      </sentence>
      <sentence id="d000.s3199" source="wordnet-hungarian">
         <wf lemma="Kaposvárra" pos="X">Kaposvárra</wf>
         <wf lemma="ment" pos="X">ment</wf>
         <instance id="d000.s3199.t000" lemma="súgó" pos="NOUN">súgónak</instance>
         <wf lemma="," pos="X">,</wf>
         <wf lemma="mert" pos="X">mert</wf>
         <wf lemma="úgy" pos="X">úgy</wf>
         <wf lemma="érezte" pos="X">érezte</wf>
         <wf lemma="," pos="X">,</wf>
         <wf lemma="ott" pos="X">ott</wf>
         <wf lemma="alakul" pos="X">alakul</wf>
         <wf lemma="olyan" pos="X">olyan</wf>
         <wf lemma="színház" pos="X">színház</wf>
         <wf lemma="," pos="X">,</wf>
         <wf lemma="ahol" pos="X">ahol</wf>
         <wf lemma="tanulhat" pos="X">tanulhat</wf>
         <wf lemma="." pos="X">.</wf>
      </sentence>
      <sentence id="d000.s3200" source="wordnet-hungarian">
         <wf lemma="1970-től" pos="X">1970-től</wf>
         <wf lemma="kezdve" pos="X">kezdve</wf>
         <wf lemma="a" pos="X">a</wf>
         <wf lemma="népszámlálásokon" pos="X">népszámlálásokon</wf>
         <wf lemma="a" pos="X">a</wf>
         <wf lemma="líveket" pos="X">líveket</wf>
         <instance id="d000.s3200.t000" lemma="lett" pos="NOUN">letteknek</instance>
         <wf lemma="kellett" pos="X">kellett</wf>
         <wf lemma="feltüntetni" pos="X">feltüntetni</wf>
         <wf lemma="," pos="X">,</wf>
         <wf lemma="mert" pos="X">mert</wf>
         <wf lemma="a" pos="X">a</wf>
         <wf lemma="Lett" pos="X">Lett</wf>
         <wf lemma="SZSZK-ban" pos="X">SZSZK-ban</wf>
         <wf lemma="nincs" pos="X">nincs</wf>
         <wf lemma="lív" pos="X">lív</wf>
         <wf lemma="nép" pos="X">nép</wf>
         <wf lemma="." pos="X">.</wf>
      </sentence>
      <sentence id="d000.s3201" source="wordnet-hungarian">
         <wf lemma="Már" pos="X">Már</wf>
         <wf lemma="azelőtt" pos="X">azelőtt</wf>
         <wf lemma="ismerte" pos="X">ismerte</wf>
         <wf lemma="a" pos="X">a</wf>
         <instance id="d000.s3201.t000" lemma="szám" pos="NOUN">számokat</instance>
         <wf lemma="," pos="X">,</wf>
         <wf lemma="hogy" pos="X">hogy</wf>
         <wf lemma="iskolába" pos="X">iskolába</wf>
         <wf lemma="ment" pos="X">ment</wf>
         <wf lemma="." pos="X">.</wf>
      </sentence>
      <sentence id="d000.s3202" source="wordnet-hungarian">
         <wf lemma="Nagyszerű" pos="X">Nagyszerű</wf>
         <wf lemma="helyük" pos="X">helyük</wf>
         <wf lemma="volt" pos="X">volt</wf>
         <wf lemma="az" pos="X">az</wf>
         <wf lemma="emeleti" pos="X">emeleti</wf>
         <instance id="d000.s3202.t000" lemma="erkély" pos="NOUN">erkély</instance>
         <wf lemma="első" pos="X">első</wf>
         <wf lemma="sorában" pos="X">sorában</wf>
         <wf lemma="." pos="X">.</wf>
      </sentence>
      <sentence id="d000.s3203" source="wordnet-hungarian">
         <wf lemma="Az" pos="X">Az</wf>
         <wf lemma="ószlávból" pos="X">ószlávból</wf>
         <wf lemma="alakult" pos="X">alakult</wf>
         <wf lemma="ki" pos="X">ki</wf>
         <wf lemma="az" pos="X">az</wf>
         <wf lemma="úgynevezett" pos="X">úgynevezett</wf>
         <wf lemma="egyházi" pos="X">egyházi</wf>
         <instance id="d000.s3203.t000" lemma="szláv" pos="NOUN">szláv</instance>
         <wf lemma="nyelv" pos="X">nyelv</wf>
         <wf lemma="," pos="X">,</wf>
         <wf lemma="a" pos="X">a</wf>
         <wf lemma="későbbi" pos="X">későbbi</wf>
         <wf lemma="egyházi" pos="X">egyházi</wf>
         <wf lemma="és" pos="X">és</wf>
         <wf lemma="részben" pos="X">részben</wf>
         <wf lemma="világi" pos="X">világi</wf>
         <wf lemma="írásbeliség" pos="X">írásbeliség</wf>
         <wf lemma="nyelve" pos="X">nyelve</wf>
         <wf lemma="." pos="X">.</wf>
      </sentence>
      <sentence id="d000.s3204" source="wordnet-hungarian">
         <wf lemma="Az" pos="X">Az</wf>
         <wf lemma="utód" pos="X">utód</wf>
         <wf lemma="huszontkét" pos="X">huszontkét</wf>
         <wf lemma="hónapon" pos="X">hónapon</wf>
         <wf lemma="keresztül" pos="X">keresztül</wf>
         <wf lemma="fejlődik" pos="X">fejlődik</wf>
         <wf lemma="az" pos="X">az</wf>
         <wf lemma="elefántanya" pos="X">elefántanya</wf>
         <instance id="d000.s3204.t000" lemma="méh" pos="NOUN">méhében</instance>
         <wf lemma="." pos="X">.</wf>
      </sentence>
      <sentence id="d000.s3205" source="wordnet-hungarian">
         <wf lemma="Egy" pos="X">Egy</wf>
         <wf lemma="nőnek" pos="X">nőnek</wf>
         <wf lemma="a" pos="X">a</wf>
         <wf lemma="gyerekei" pos="X">gyerekei</wf>
         <wf lemma="mellett" pos="X">mellett</wf>
         <wf lemma="a" pos="X">a</wf>
         <instance id="d000.s3205.t000" lemma="hely" pos="NOUN">helye</instance>
         <wf lemma="." pos="X">.</wf>
      </sentence>
      <sentence id="d000.s3206" source="wordnet-hungarian">
         <wf lemma="A" pos="X">A</wf>
         <instance id="d000.s3206.t000" lemma="sors" pos="NOUN">sorsa</instance>
         <wf lemma="jobbra" pos="X">jobbra</wf>
         <wf lemma="fordult" pos="X">fordult</wf>
         <wf lemma="." pos="X">.</wf>
      </sentence>
      <sentence id="d000.s3207" source="wordnet-hungarian">
         <wf lemma="A" pos="X">A</wf>
         <wf lemma="tükör" pos="X">tükör</wf>
         <wf lemma="előtt" pos="X">előtt</wf>
         <wf lemma="kötötte" pos="X">kötötte</wf>
         <wf lemma="meg" pos="X">meg</wf>
         <wf lemma="a" pos="X">a</wf>
         <instance id="d000.s3207.t000" lemma="nyakkendő" pos="NOUN">nyakkendőjét</instance>
         <wf lemma="." pos="X">.</wf>
      </sentence>
      <sentence id="d000.s3208" source="wordnet-hungarian">
         <wf lemma="A" pos="X">A</wf>
         <wf lemma="Nelson" pos="X">Nelson</wf>
         <wf lemma="szobor" pos="X">szobor</wf>
         <wf lemma="tetejére" pos="X">tetejére</wf>
         <wf lemma="szállt" pos="X">szállt</wf>
         <wf lemma="egy" pos="X">egy</wf>
         <instance id="d000.s3208.t000" lemma="galamb" pos="NOUN">galamb</instance>
         <wf lemma="." pos="X">.</wf>
      </sentence>
      <sentence id="d000.s3209" source="wordnet-hungarian">
         <wf lemma="Az" pos="X">Az</wf>
         <instance id="d000.s3209.t000" lemma="orosz" pos="NOUN">orosz</instance>
         <wf lemma="vett" pos="X">vett</wf>
         <wf lemma="néhány" pos="X">néhány</wf>
         <wf lemma="üveg" pos="X">üveg</wf>
         <wf lemma="vodkát" pos="X">vodkát</wf>
         <wf lemma="." pos="X">.</wf>
      </sentence>
      <sentence id="d000.s3210" source="wordnet-hungarian">
         <wf lemma="A" pos="X">A</wf>
         <wf lemma="szolgáltatás" pos="X">szolgáltatás</wf>
         <wf lemma="már" pos="X">már</wf>
         <wf lemma="több" pos="X">több</wf>
         <wf lemma="uniós" pos="X">uniós</wf>
         <wf lemma="tagállamban" pos="X">tagállamban</wf>
         <wf lemma="is" pos="X">is</wf>
         <wf lemma="segíti" pos="X">segíti</wf>
         <wf lemma="a" pos="X">a</wf>
         <wf lemma="speciális" pos="X">speciális</wf>
         <instance id="d000.s3210.t000" lemma="szakiskola" pos="NOUN">szakiskolát</instance>
         <wf lemma="végzett" pos="X">végzett</wf>
         <wf lemma="munkavállalókat" pos="X">munkavállalókat</wf>
         <wf lemma="." pos="X">.</wf>
      </sentence>
      <sentence id="d000.s3211" source="wordnet-hungarian">
         <wf lemma="Mit" pos="X">Mit</wf>
         <wf lemma="tanácsol" pos="X">tanácsol</wf>
         <wf lemma="a" pos="X">a</wf>
         <wf lemma="dietetikus" pos="X">dietetikus</wf>
         <wf lemma="krónikus" pos="X">krónikus</wf>
         <instance id="d000.s3211.t000" lemma="vastagbélgyulladás" pos="NOUN">vastagbélgyulladás</instance>
         <wf lemma="esetén" pos="X">esetén</wf>
         <wf lemma="?" pos="X">?</wf>
      </sentence>
      <sentence id="d000.s3212" source="wordnet-hungarian">
         <wf lemma="A" pos="X">A</wf>
         <wf lemma="kapitány" pos="X">kapitány</wf>
         <wf lemma="díszegyenruháján" pos="X">díszegyenruháján</wf>
         <wf lemma="aranyszín" pos="X">aranyszín</wf>
         <instance id="d000.s3212.t000" lemma="sujtás" pos="NOUN">sujtást</instance>
         <wf lemma="viselt" pos="X">viselt</wf>
         <wf lemma="." pos="X">.</wf>
      </sentence>
      <sentence id="d000.s3213" source="wordnet-hungarian">
         <wf lemma="Ez" pos="X">Ez</wf>
         <wf lemma="a" pos="X">a</wf>
         <wf lemma="gyógyszer" pos="X">gyógyszer</wf>
         <instance id="d000.s3213.t000" lemma="segít" pos="VERB">segíteni</instance>
         <wf lemma="fog" pos="X">fog</wf>
         <wf lemma="a" pos="X">a</wf>
         <wf lemma="betegen" pos="X">betegen</wf>
         <wf lemma="." pos="X">.</wf>
      </sentence>
      <sentence id="d000.s3214" source="wordnet-hungarian">
         <wf lemma="A" pos="X">A</wf>
         <instance id="d000.s3214.t000" lemma="bór" pos="NOUN">bór</instance>
         <wf lemma="a" pos="X">a</wf>
         <wf lemma="gyémánt" pos="X">gyémánt</wf>
         <wf lemma="után" pos="X">után</wf>
         <wf lemma="ismert" pos="X">ismert</wf>
         <wf lemma="legkeményebb" pos="X">legkeményebb</wf>
         <wf lemma="anyag" pos="X">anyag</wf>
         <wf lemma="." pos="X">.</wf>
      </sentence>
      <sentence id="d000.s3215" source="wordnet-hungarian">
         <wf lemma="A" pos="X">A</wf>
         <instance id="d000.s3215.t000" lemma="megvilágosodás" pos="NOUN">megvilágosodás</instance>
         <wf lemma="akkor" pos="X">akkor</wf>
         <wf lemma="következik" pos="X">következik</wf>
         <wf lemma="be" pos="X">be</wf>
         <wf lemma="," pos="X">,</wf>
         <wf lemma="ha" pos="X">ha</wf>
         <wf lemma="létrejön" pos="X">létrejön</wf>
         <wf lemma="a" pos="X">a</wf>
         <wf lemma="teljes" pos="X">teljes</wf>
         <wf lemma="azonosulás" pos="X">azonosulás</wf>
         <wf lemma="," pos="X">,</wf>
         <wf lemma="azaz" pos="X">azaz</wf>
         <wf lemma="feloldódnak" pos="X">feloldódnak</wf>
         <wf lemma="a" pos="X">a</wf>
         <wf lemma="határok" pos="X">határok</wf>
         <wf lemma="." pos="X">.</wf>
      </sentence>
      <sentence id="d000.s3216" source="wordnet-hungarian">
         <wf lemma="A" pos="X">A</wf>
         <wf lemma="&amp;quot;tökéletes" pos="X">&amp;quot;tökéletes</wf>
         <wf lemma="szám&amp;quot" pos="X">szám&amp;quot</wf>
         <wf lemma=";" pos="X">;</wf>
         <wf lemma="," pos="X">,</wf>
         <wf lemma="olyan" pos="X">olyan</wf>
         <wf lemma="szám" pos="X">szám</wf>
         <wf lemma="," pos="X">,</wf>
         <wf lemma="amely" pos="X">amely</wf>
         <wf lemma="egyenlő" pos="X">egyenlő</wf>
         <wf lemma="," pos="X">,</wf>
         <wf lemma="a" pos="X">a</wf>
         <wf lemma="magánál" pos="X">magánál</wf>
         <wf lemma="kisebb" pos="X">kisebb</wf>
         <wf lemma="osztóinak" pos="X">osztóinak</wf>
         <wf lemma="az" pos="X">az</wf>
         <wf lemma="összegével" pos="X">összegével</wf>
         <wf lemma="," pos="X">,</wf>
         <wf lemma="ha" pos="X">ha</wf>
         <wf lemma="az" pos="X">az</wf>
         <wf lemma="1-et" pos="X">1-et</wf>
         <wf lemma="is" pos="X">is</wf>
         <wf lemma="az" pos="X">az</wf>
         <instance id="d000.s3216.t000" lemma="osztó" pos="NOUN">osztók</instance>
         <wf lemma="közé" pos="X">közé</wf>
         <wf lemma="számítjuk" pos="X">számítjuk</wf>
         <wf lemma="." pos="X">.</wf>
      </sentence>
      <sentence id="d000.s3217" source="wordnet-hungarian">
         <wf lemma="A" pos="X">A</wf>
         <wf lemma="kereskedők" pos="X">kereskedők</wf>
         <wf lemma="a" pos="X">a</wf>
         <instance id="d000.s3217.t000" lemma="kikötő" pos="NOUN">kikötőben</instance>
         <wf lemma="gyülekeztek" pos="X">gyülekeztek</wf>
         <wf lemma="." pos="X">.</wf>
      </sentence>
      <sentence id="d000.s3218" source="wordnet-hungarian">
         <wf lemma="A" pos="X">A</wf>
         <instance id="d000.s3218.t000" lemma="filiszteus" pos="NOUN">filiszteusokat</instance>
         <wf lemma="csapások" pos="X">csapások</wf>
         <wf lemma="érték" pos="X">érték</wf>
         <wf lemma="," pos="X">,</wf>
         <wf lemma="amit" pos="X">amit</wf>
         <wf lemma="a" pos="X">a</wf>
         <wf lemma="frigyládának" pos="X">frigyládának</wf>
         <wf lemma="tulajdonítottak" pos="X">tulajdonítottak</wf>
         <wf lemma="," pos="X">,</wf>
         <wf lemma="ezért" pos="X">ezért</wf>
         <wf lemma="visszaküldték" pos="X">visszaküldték</wf>
         <wf lemma="azt" pos="X">azt</wf>
         <wf lemma="." pos="X">.</wf>
      </sentence>
      <sentence id="d000.s3219" source="wordnet-hungarian">
         <wf lemma="A" pos="X">A</wf>
         <wf lemma="vörösbor" pos="X">vörösbor</wf>
         <wf lemma="jót" pos="X">jót</wf>
         <wf lemma="tesz" pos="X">tesz</wf>
         <wf lemma="," pos="X">,</wf>
         <wf lemma="mert" pos="X">mert</wf>
         <wf lemma="a" pos="X">a</wf>
         <wf lemma="benne" pos="X">benne</wf>
         <wf lemma="található" pos="X">található</wf>
         <instance id="d000.s3219.t000" lemma="fenol" pos="NOUN">fenolok</instance>
         <wf lemma="védelemet" pos="X">védelemet</wf>
         <wf lemma="nyújtanak" pos="X">nyújtanak</wf>
         <wf lemma="egyes" pos="X">egyes</wf>
         <wf lemma="szívbetegségek" pos="X">szívbetegségek</wf>
         <wf lemma="ellen" pos="X">ellen</wf>
         <wf lemma="." pos="X">.</wf>
      </sentence>
      <sentence id="d000.s3220" source="wordnet-hungarian">
         <wf lemma="A" pos="X">A</wf>
         <wf lemma="király" pos="X">király</wf>
         <instance id="d000.s3220.t000" lemma="elűz" pos="VERB">elűzte</instance>
         <wf lemma="Lajoskát" pos="X">Lajoskát</wf>
         <wf lemma="." pos="X">.</wf>
      </sentence>
      <sentence id="d000.s3221" source="wordnet-hungarian">
         <wf lemma="Moszkvában" pos="X">Moszkvában</wf>
         <wf lemma="a" pos="X">a</wf>
         <wf lemma="kvaszt" pos="X">kvaszt</wf>
         <instance id="d000.s3221.t000" lemma="tölcsér" pos="NOUN">tölcsér</instance>
         <wf lemma="nélkül" pos="X">nélkül</wf>
         <wf lemma="töltik" pos="X">töltik</wf>
         <wf lemma="az" pos="X">az</wf>
         <wf lemma="üvegbe" pos="X">üvegbe</wf>
         <wf lemma="." pos="X">.</wf>
      </sentence>
      <sentence id="d000.s3222" source="wordnet-hungarian">
         <wf lemma="Mindenki" pos="X">Mindenki</wf>
         <instance id="d000.s3222.t000" lemma="boldogság" pos="NOUN">boldogságra</instance>
         <wf lemma="törekszik" pos="X">törekszik</wf>
         <wf lemma="." pos="X">.</wf>
      </sentence>
      <sentence id="d000.s3223" source="wordnet-hungarian">
         <wf lemma="A" pos="X">A</wf>
         <wf lemma="megválogatott" pos="X">megválogatott</wf>
         <instance id="d000.s3223.t000" lemma="rizs" pos="NOUN">rizst</instance>
         <wf lemma="alaposan" pos="X">alaposan</wf>
         <wf lemma="megmossuk" pos="X">megmossuk</wf>
         <wf lemma="." pos="X">.</wf>
      </sentence>
      <sentence id="d000.s3224" source="wordnet-hungarian">
         <wf lemma="A" pos="X">A</wf>
         <wf lemma="nő" pos="X">nő</wf>
         <instance id="d000.s3224.t000" lemma="köt" pos="VERB">köti</instance>
         <wf lemma="magát" pos="X">magát</wf>
         <wf lemma="az" pos="X">az</wf>
         <wf lemma="egyezséghez" pos="X">egyezséghez</wf>
         <wf lemma="." pos="X">.</wf>
      </sentence>
      <sentence id="d000.s3225" source="wordnet-hungarian">
         <wf lemma="A" pos="X">A</wf>
         <wf lemma="főnök" pos="X">főnök</wf>
         <wf lemma="számára" pos="X">számára</wf>
         <wf lemma="nélkülözhetetlen" pos="X">nélkülözhetetlen</wf>
         <wf lemma="az" pos="X">az</wf>
         <instance id="d000.s3225.t000" lemma="asszisztens" pos="NOUN">asszisztense</instance>
         <wf lemma="." pos="X">.</wf>
      </sentence>
      <sentence id="d000.s3226" source="wordnet-hungarian">
         <wf lemma="Békés" pos="X">Békés</wf>
         <instance id="d000.s3226.t000" lemma="együttélés" pos="NOUN">együttélés</instance>
         <wf lemma="figyelhető" pos="X">figyelhető</wf>
         <wf lemma="meg" pos="X">meg</wf>
         <wf lemma="az" pos="X">az</wf>
         <wf lemma="erdei" pos="X">erdei</wf>
         <wf lemma="állatok" pos="X">állatok</wf>
         <wf lemma="között" pos="X">között</wf>
         <wf lemma="." pos="X">.</wf>
      </sentence>
      <sentence id="d000.s3227" source="wordnet-hungarian">
         <wf lemma="A" pos="X">A</wf>
         <instance id="d000.s3227.t000" lemma="szinódus" pos="NOUN">szinódus</instance>
         <wf lemma="a" pos="X">a</wf>
         <wf lemma="zsinattól" pos="X">zsinattól</wf>
         <wf lemma="különbözően" pos="X">különbözően</wf>
         <wf lemma="kizárólag" pos="X">kizárólag</wf>
         <wf lemma="tanácsadó" pos="X">tanácsadó</wf>
         <wf lemma="szerv" pos="X">szerv</wf>
         <wf lemma="," pos="X">,</wf>
         <wf lemma="amely" pos="X">amely</wf>
         <wf lemma="általában" pos="X">általában</wf>
         <wf lemma="az" pos="X">az</wf>
         <wf lemma="egyetemes" pos="X">egyetemes</wf>
         <wf lemma="egyház" pos="X">egyház</wf>
         <wf lemma="problémáival" pos="X">problémáival</wf>
         <wf lemma="foglalkozik" pos="X">foglalkozik</wf>
         <wf lemma="." pos="X">.</wf>
      </sentence>
      <sentence id="d000.s3228" source="wordnet-hungarian">
         <wf lemma="Azzal" pos="X">Azzal</wf>
         <wf lemma="botránkoztattta" pos="X">botránkoztattta</wf>
         <wf lemma="meg" pos="X">meg</wf>
         <wf lemma="az" pos="X">az</wf>
         <instance id="d000.s3228.t000" lemma="udvar" pos="NOUN">udvart</instance>
         <wf lemma="," pos="X">,</wf>
         <wf lemma="hogy" pos="X">hogy</wf>
         <wf lemma="nyilvánosan" pos="X">nyilvánosan</wf>
         <wf lemma="gúnyolta" pos="X">gúnyolta</wf>
         <wf lemma="a" pos="X">a</wf>
         <wf lemma="királynét" pos="X">királynét</wf>
         <wf lemma="háttérbe" pos="X">háttérbe</wf>
         <wf lemma="szorított" pos="X">szorított</wf>
         <wf lemma="helyzete" pos="X">helyzete</wf>
         <wf lemma="miatt" pos="X">miatt</wf>
         <wf lemma="." pos="X">.</wf>
      </sentence>
      <sentence id="d000.s3229" source="wordnet-hungarian">
         <wf lemma="A" pos="X">A</wf>
         <wf lemma="nedves" pos="X">nedves</wf>
         <wf lemma="területek" pos="X">területek</wf>
         <wf lemma="jellemző" pos="X">jellemző</wf>
         <wf lemma="fajai" pos="X">fajai</wf>
         <wf lemma="voltak" pos="X">voltak</wf>
         <wf lemma="a" pos="X">a</wf>
         <instance id="d000.s3229.t000" lemma="sásfélék" pos="NOUN">sásfélék</instance>
         <wf lemma="," pos="X">,</wf>
         <wf lemma="a" pos="X">a</wf>
         <wf lemma="pázsitfűfélék" pos="X">pázsitfűfélék</wf>
         <wf lemma="," pos="X">,</wf>
         <wf lemma="a" pos="X">a</wf>
         <wf lemma="vidrafű" pos="X">vidrafű</wf>
         <wf lemma="," pos="X">,</wf>
         <wf lemma="stb." pos="X">stb.</wf>
      </sentence>
      <sentence id="d000.s3230" source="wordnet-hungarian">
         <wf lemma="Új" pos="X">Új</wf>
         <wf lemma="fémmegmunkáló" pos="X">fémmegmunkáló</wf>
         <wf lemma="gépek" pos="X">gépek</wf>
         <wf lemma="forgalmazásához" pos="X">forgalmazásához</wf>
         <wf lemma="keresek" pos="X">keresek</wf>
         <instance id="d000.s3230.t000" lemma="importőr" pos="NOUN">importőrt</instance>
         <wf lemma="," pos="X">,</wf>
         <wf lemma="gyártót" pos="X">gyártót</wf>
         <wf lemma="." pos="X">.</wf>
      </sentence>
      <sentence id="d000.s3231" source="wordnet-hungarian">
         <wf lemma="A" pos="X">A</wf>
         <wf lemma="májgyulladás" pos="X">májgyulladás</wf>
         <instance id="d000.s3231.t000" lemma="sárgaság" pos="NOUN">sárgasággal</instance>
         <wf lemma="és" pos="X">és</wf>
         <wf lemma="általános" pos="X">általános</wf>
         <wf lemma="tünetekkel" pos="X">tünetekkel</wf>
         <wf lemma="," pos="X">,</wf>
         <wf lemma="gyengeséggel" pos="X">gyengeséggel</wf>
         <wf lemma="jár" pos="X">jár</wf>
         <wf lemma="." pos="X">.</wf>
      </sentence>
      <sentence id="d000.s3232" source="wordnet-hungarian">
         <wf lemma="A" pos="X">A</wf>
         <instance id="d000.s3232.t000" lemma="szemölcs" pos="NOUN">szemölcseit</instance>
         <wf lemma="az" pos="X">az</wf>
         <wf lemma="orvos" pos="X">orvos</wf>
         <wf lemma="kiégette" pos="X">kiégette</wf>
         <wf lemma="." pos="X">.</wf>
      </sentence>
      <sentence id="d000.s3233" source="wordnet-hungarian">
         <wf lemma="Az" pos="X">Az</wf>
         <wf lemma="intézkedések" pos="X">intézkedések</wf>
         <wf lemma="menekülésre" pos="X">menekülésre</wf>
         <instance id="d000.s3233.t000" lemma="sarkall" pos="VERB">sarkallták</instance>
         <wf lemma="az" pos="X">az</wf>
         <wf lemma="alkalmazottakat" pos="X">alkalmazottakat</wf>
         <wf lemma="." pos="X">.</wf>
      </sentence>
      <sentence id="d000.s3234" source="wordnet-hungarian">
         <wf lemma="A" pos="X">A</wf>
         <instance id="d000.s3234.t000" lemma="fűzfafélék" pos="NOUN">fűzfafélék</instance>
         <wf lemma="fa-" pos="X">fa-</wf>
         <wf lemma="és" pos="X">és</wf>
         <wf lemma="cserjealakban" pos="X">cserjealakban</wf>
         <wf lemma="egész" pos="X">egész</wf>
         <wf lemma="hazánkban" pos="X">hazánkban</wf>
         <wf lemma="szórványosan" pos="X">szórványosan</wf>
         <wf lemma="vagy" pos="X">vagy</wf>
         <wf lemma="kisebb" pos="X">kisebb</wf>
         <wf lemma="csoportokban" pos="X">csoportokban</wf>
         <wf lemma="fordulnak" pos="X">fordulnak</wf>
         <wf lemma="elő" pos="X">elő</wf>
         <wf lemma="." pos="X">.</wf>
      </sentence>
      <sentence id="d000.s3235" source="wordnet-hungarian">
         <wf lemma="Az" pos="X">Az</wf>
         <instance id="d000.s3235.t000" lemma="egymásrautaltság" pos="NOUN">egymásrautaltság</instance>
         <wf lemma="mindvégig" pos="X">mindvégig</wf>
         <wf lemma="nagy" pos="X">nagy</wf>
         <wf lemma="úr" pos="X">úr</wf>
         <wf lemma="volt" pos="X">volt</wf>
         <wf lemma="." pos="X">.</wf>
      </sentence>
      <sentence id="d000.s3236" source="wordnet-hungarian">
         <wf lemma="Sosem" pos="X">Sosem</wf>
         <instance id="d000.s3236.t000" lemma="végez" pos="VERB">végeztem</instance>
         <wf lemma="éjjeliőri" pos="X">éjjeliőri</wf>
         <wf lemma="munkát" pos="X">munkát</wf>
         <wf lemma="." pos="X">.</wf>
      </sentence>
      <sentence id="d000.s3237" source="wordnet-hungarian">
         <wf lemma="Először" pos="X">Először</wf>
         <wf lemma="Paulus" pos="X">Paulus</wf>
         <wf lemma="diákonus" pos="X">diákonus</wf>
         <wf lemma="használta" pos="X">használta</wf>
         <wf lemma="az" pos="X">az</wf>
         <wf lemma="angolszász" pos="X">angolszász</wf>
         <wf lemma="gyűjtőnevet" pos="X">gyűjtőnevet</wf>
         <wf lemma="az" pos="X">az</wf>
         <instance id="d000.s3237.t000" lemma="angol" pos="NOUN">angolok</instance>
         <wf lemma="," pos="X">,</wf>
         <wf lemma="szászok" pos="X">szászok</wf>
         <wf lemma="és" pos="X">és</wf>
         <wf lemma="jütlandiak" pos="X">jütlandiak</wf>
         <wf lemma="elnevezésére" pos="X">elnevezésére</wf>
         <wf lemma="." pos="X">.</wf>
      </sentence>
      <sentence id="d000.s3238" source="wordnet-hungarian">
         <wf lemma="Minden" pos="X">Minden</wf>
         <wf lemma="idők" pos="X">idők</wf>
         <wf lemma="leghíresebb" pos="X">leghíresebb</wf>
         <instance id="d000.s3238.t000" lemma="baseballjátékos" pos="NOUN">baseballjátékosa</instance>
         <wf lemma="volt" pos="X">volt</wf>
         <wf lemma="." pos="X">.</wf>
      </sentence>
      <sentence id="d000.s3239" source="wordnet-hungarian">
         <instance id="d000.s3239.t000" lemma="fogazat" pos="NOUN">Fogazata</instance>
         <wf lemma="épen" pos="X">épen</wf>
         <wf lemma="megmaradt" pos="X">megmaradt</wf>
         <wf lemma="," pos="X">,</wf>
         <wf lemma="így" pos="X">így</wf>
         <wf lemma="könnyen" pos="X">könnyen</wf>
         <wf lemma="el" pos="X">el</wf>
         <wf lemma="lehetett" pos="X">lehetett</wf>
         <wf lemma="dönteni" pos="X">dönteni</wf>
         <wf lemma="," pos="X">,</wf>
         <wf lemma="hogy" pos="X">hogy</wf>
         <wf lemma="mivel" pos="X">mivel</wf>
         <wf lemma="táplálkozott" pos="X">táplálkozott</wf>
         <wf lemma="." pos="X">.</wf>
      </sentence>
      <sentence id="d000.s3240" source="wordnet-hungarian">
         <wf lemma="A" pos="X">A</wf>
         <instance id="d000.s3240.t000" lemma="víz" pos="NOUN">víz</instance>
         <wf lemma="mellett" pos="X">mellett</wf>
         <wf lemma="a" pos="X">a</wf>
         <wf lemma="tűz" pos="X">tűz</wf>
         <wf lemma="," pos="X">,</wf>
         <wf lemma="a" pos="X">a</wf>
         <wf lemma="levegő" pos="X">levegő</wf>
         <wf lemma="és" pos="X">és</wf>
         <wf lemma="a" pos="X">a</wf>
         <wf lemma="föld" pos="X">föld</wf>
         <wf lemma="is" pos="X">is</wf>
         <wf lemma="őselemnek" pos="X">őselemnek</wf>
         <wf lemma="számított" pos="X">számított</wf>
         <wf lemma="." pos="X">.</wf>
      </sentence>
      <sentence id="d000.s3241" source="wordnet-hungarian">
         <wf lemma="Csak" pos="X">Csak</wf>
         <wf lemma="a" pos="X">a</wf>
         <instance id="d000.s3241.t000" lemma="jobboldali" pos="NOUN">jobboldaliak</instance>
         <wf lemma="törődnek" pos="X">törődnek</wf>
         <wf lemma="valójában" pos="X">valójában</wf>
         <wf lemma="a" pos="X">a</wf>
         <wf lemma="nemzettudat" pos="X">nemzettudat</wf>
         <wf lemma="megtartásával" pos="X">megtartásával</wf>
         <wf lemma="," pos="X">,</wf>
         <wf lemma="erősítésével" pos="X">erősítésével</wf>
         <wf lemma="?" pos="X">?</wf>
      </sentence>
      <sentence id="d000.s3242" source="wordnet-hungarian">
         <wf lemma="Figyelemre" pos="X">Figyelemre</wf>
         <wf lemma="méltó" pos="X">méltó</wf>
         <instance id="d000.s3242.t000" lemma="dolog" pos="NOUN">dolog</instance>
         <wf lemma="történt" pos="X">történt</wf>
         <wf lemma="." pos="X">.</wf>
      </sentence>
      <sentence id="d000.s3243" source="wordnet-hungarian">
         <wf lemma="A" pos="X">A</wf>
         <wf lemma="Panasonic" pos="X">Panasonic</wf>
         <wf lemma="technológiai" pos="X">technológiai</wf>
         <wf lemma="megoldásai" pos="X">megoldásai</wf>
         <wf lemma="a" pos="X">a</wf>
         <wf lemma="külső" pos="X">külső</wf>
         <instance id="d000.s3243.t000" lemma="szemlélő" pos="NOUN">szemlélő</instance>
         <wf lemma="számára" pos="X">számára</wf>
         <wf lemma="sokszor" pos="X">sokszor</wf>
         <wf lemma="rejtve" pos="X">rejtve</wf>
         <wf lemma="maradnak" pos="X">maradnak</wf>
         <wf lemma="," pos="X">,</wf>
         <wf lemma="de" pos="X">de</wf>
         <wf lemma="hatásuk" pos="X">hatásuk</wf>
         <wf lemma="korántsem" pos="X">korántsem</wf>
         <wf lemma="észrevehetetlen" pos="X">észrevehetetlen</wf>
         <wf lemma="." pos="X">.</wf>
      </sentence>
      <sentence id="d000.s3244" source="wordnet-hungarian">
         <wf lemma="Olyan" pos="X">Olyan</wf>
         <instance id="d000.s3244.t000" lemma="érzés" pos="NOUN">érzés</instance>
         <wf lemma="volt" pos="X">volt</wf>
         <wf lemma="a" pos="X">a</wf>
         <wf lemma="bal" pos="X">bal</wf>
         <wf lemma="lábamban" pos="X">lábamban</wf>
         <wf lemma="," pos="X">,</wf>
         <wf lemma="mintha" pos="X">mintha</wf>
         <wf lemma="zsibbadna" pos="X">zsibbadna</wf>
         <wf lemma="." pos="X">.</wf>
      </sentence>
      <sentence id="d000.s3245" source="wordnet-hungarian">
         <wf lemma="A" pos="X">A</wf>
         <wf lemma="közvetlen" pos="X">közvetlen</wf>
         <instance id="d000.s3245.t000" lemma="pszichofizika" pos="NOUN">pszichofizikát</instance>
         <wf lemma="főként" pos="X">főként</wf>
         <wf lemma="az" pos="X">az</wf>
         <wf lemma="akusztikus" pos="X">akusztikus</wf>
         <wf lemma="észlelés" pos="X">észlelés</wf>
         <wf lemma="területén" pos="X">területén</wf>
         <wf lemma="használják" pos="X">használják</wf>
         <wf lemma="fel" pos="X">fel</wf>
         <wf lemma="." pos="X">.</wf>
      </sentence>
      <sentence id="d000.s3246" source="wordnet-hungarian">
         <wf lemma="A" pos="X">A</wf>
         <wf lemma="jegyek" pos="X">jegyek</wf>
         <instance id="d000.s3246.t000" lemma="érvényesítés" pos="NOUN">érvényesítése</instance>
         <wf lemma="a" pos="X">a</wf>
         <wf lemma="metróállomások" pos="X">metróállomások</wf>
         <wf lemma="bejáratánál" pos="X">bejáratánál</wf>
         <wf lemma="iletve" pos="X">iletve</wf>
         <wf lemma="a" pos="X">a</wf>
         <wf lemma="buszokon" pos="X">buszokon</wf>
         <wf lemma="elhelyezett" pos="X">elhelyezett</wf>
         <wf lemma="készülékekkel" pos="X">készülékekkel</wf>
         <wf lemma="történik" pos="X">történik</wf>
         <wf lemma="." pos="X">.</wf>
      </sentence>
      <sentence id="d000.s3247" source="wordnet-hungarian">
         <instance id="d000.s3247.t000" lemma="hálátlanság" pos="NOUN">Hálátlansága</instance>
         <wf lemma="nagyon" pos="X">nagyon</wf>
         <wf lemma="megdöbbentett" pos="X">megdöbbentett</wf>
         <wf lemma="." pos="X">.</wf>
      </sentence>
      <sentence id="d000.s3248" source="wordnet-hungarian">
         <wf lemma="Felmondása" pos="X">Felmondása</wf>
         <wf lemma="nem" pos="X">nem</wf>
         <wf lemma="nagy" pos="X">nagy</wf>
         <instance id="d000.s3248.t000" lemma="veszteség" pos="NOUN">veszteség</instance>
         <wf lemma="a" pos="X">a</wf>
         <wf lemma="cégnek" pos="X">cégnek</wf>
         <wf lemma="." pos="X">.</wf>
      </sentence>
      <sentence id="d000.s3249" source="wordnet-hungarian">
         <wf lemma="A" pos="X">A</wf>
         <wf lemma="leginkább" pos="X">leginkább</wf>
         <wf lemma="elfogadott" pos="X">elfogadott</wf>
         <wf lemma="hipotézis" pos="X">hipotézis</wf>
         <wf lemma="szerint" pos="X">szerint</wf>
         <wf lemma="a" pos="X">a</wf>
         <wf lemma="négylábúak" pos="X">négylábúak</wf>
         <wf lemma="közös" pos="X">közös</wf>
         <wf lemma="őse" pos="X">őse</wf>
         <wf lemma="a" pos="X">a</wf>
         <wf lemma="csontoshalak" pos="X">csontoshalak</wf>
         <instance id="d000.s3249.t000" lemma="osztály" pos="NOUN">osztálya</instance>
         <wf lemma="." pos="X">.</wf>
      </sentence>
      <sentence id="d000.s3250" source="wordnet-hungarian">
         <wf lemma="A" pos="X">A</wf>
         <wf lemma="budapesti" pos="X">budapesti</wf>
         <wf lemma="városnézés" pos="X">városnézés</wf>
         <wf lemma="után" pos="X">után</wf>
         <wf lemma="a" pos="X">a</wf>
         <wf lemma="Balaton" pos="X">Balaton</wf>
         <wf lemma="felé" pos="X">felé</wf>
         <instance id="d000.s3250.t000" lemma="vesz" pos="VERB">vettük</instance>
         <wf lemma="az" pos="X">az</wf>
         <wf lemma="irányt" pos="X">irányt</wf>
         <wf lemma="." pos="X">.</wf>
      </sentence>
      <sentence id="d000.s3251" source="wordnet-hungarian">
         <instance id="d000.s3251.t000" lemma="esik" pos="VERB">Esik</instance>
         <wf lemma="az" pos="X">az</wf>
         <wf lemma="eső" pos="X">eső</wf>
         <wf lemma="." pos="X">.</wf>
      </sentence>
      <sentence id="d000.s3252" source="wordnet-hungarian">
         <wf lemma="Ötletek" pos="X">Ötletek</wf>
         <wf lemma="egész" pos="X">egész</wf>
         <instance id="d000.s3252.t000" lemma="halmaz" pos="NOUN">halmazával</instance>
         <wf lemma="állt" pos="X">állt</wf>
         <wf lemma="elő" pos="X">elő</wf>
         <wf lemma="." pos="X">.</wf>
      </sentence>
      <sentence id="d000.s3253" source="wordnet-hungarian">
         <wf lemma="A" pos="X">A</wf>
         <instance id="d000.s3253.t000" lemma="birs" pos="NOUN">birs</instance>
         <wf lemma="nyákoldó" pos="X">nyákoldó</wf>
         <wf lemma="," pos="X">,</wf>
         <wf lemma="nyugtató" pos="X">nyugtató</wf>
         <wf lemma="hatású" pos="X">hatású</wf>
         <wf lemma="," pos="X">,</wf>
         <wf lemma="és" pos="X">és</wf>
         <wf lemma="annak" pos="X">annak</wf>
         <wf lemma="idején" pos="X">idején</wf>
         <wf lemma="Szenthelyi" pos="X">Szenthelyi</wf>
         <wf lemma="Molnár" pos="X">Molnár</wf>
         <wf lemma="István" pos="X">István</wf>
         <wf lemma="," pos="X">,</wf>
         <wf lemma="a" pos="X">a</wf>
         <wf lemma="kitűnő" pos="X">kitűnő</wf>
         <wf lemma="gyógynövényes" pos="X">gyógynövényes</wf>
         <wf lemma="paptanár" pos="X">paptanár</wf>
         <wf lemma="azt" pos="X">azt</wf>
         <wf lemma="mondta" pos="X">mondta</wf>
         <wf lemma="róla" pos="X">róla</wf>
         <wf lemma="a" pos="X">a</wf>
         <wf lemma="Biokultúra" pos="X">Biokultúra</wf>
         <wf lemma="Egyesület" pos="X">Egyesület</wf>
         <wf lemma="központi" pos="X">központi</wf>
         <wf lemma="klubjában" pos="X">klubjában</wf>
         <wf lemma="tartott" pos="X">tartott</wf>
         <wf lemma="előadásában" pos="X">előadásában</wf>
         <wf lemma="," pos="X">,</wf>
         <wf lemma="hogy" pos="X">hogy</wf>
         <wf lemma="télen" pos="X">télen</wf>
         <wf lemma="szinte" pos="X">szinte</wf>
         <wf lemma="mindennap" pos="X">mindennap</wf>
         <wf lemma="kellene" pos="X">kellene</wf>
         <wf lemma="ennünk" pos="X">ennünk</wf>
         <wf lemma="," pos="X">,</wf>
         <wf lemma="annyira" pos="X">annyira</wf>
         <wf lemma="hasznos" pos="X">hasznos</wf>
         <wf lemma="az" pos="X">az</wf>
         <wf lemma="ízületeinknek" pos="X">ízületeinknek</wf>
         <wf lemma="." pos="X">.</wf>
      </sentence>
      <sentence id="d000.s3254" source="wordnet-hungarian">
         <wf lemma="A" pos="X">A</wf>
         <instance id="d000.s3254.t000" lemma="kakaó" pos="NOUN">kakaó</instance>
         <wf lemma="gyógynövény" pos="X">gyógynövény</wf>
         <wf lemma="," pos="X">,</wf>
         <wf lemma="de" pos="X">de</wf>
         <wf lemma="a" pos="X">a</wf>
         <wf lemma="belőle" pos="X">belőle</wf>
         <wf lemma="készült" pos="X">készült</wf>
         <wf lemma="csokoládé" pos="X">csokoládé</wf>
         <wf lemma="igen" pos="X">igen</wf>
         <wf lemma="rossz" pos="X">rossz</wf>
         <wf lemma="hírnek" pos="X">hírnek</wf>
         <wf lemma="örvend" pos="X">örvend</wf>
         <wf lemma="," pos="X">,</wf>
         <wf lemma="főleg" pos="X">főleg</wf>
         <wf lemma="a" pos="X">a</wf>
         <wf lemma="fogorvosok" pos="X">fogorvosok</wf>
         <wf lemma="és" pos="X">és</wf>
         <wf lemma="a" pos="X">a</wf>
         <wf lemma="fogyni" pos="X">fogyni</wf>
         <wf lemma="vágyók" pos="X">vágyók</wf>
         <wf lemma="körében" pos="X">körében</wf>
         <wf lemma=";" pos="X">;</wf>
         <wf lemma="a" pos="X">a</wf>
         <wf lemma="csokoládéban" pos="X">csokoládéban</wf>
         <wf lemma="a" pos="X">a</wf>
         <wf lemma="problémát" pos="X">problémát</wf>
         <wf lemma="nem" pos="X">nem</wf>
         <wf lemma="a" pos="X">a</wf>
         <wf lemma="kakaó" pos="X">kakaó</wf>
         <wf lemma="okozza" pos="X">okozza</wf>
         <wf lemma="," pos="X">,</wf>
         <wf lemma="hanem" pos="X">hanem</wf>
         <wf lemma="a" pos="X">a</wf>
         <wf lemma="csoki" pos="X">csoki</wf>
         <wf lemma="cukor-" pos="X">cukor-</wf>
         <wf lemma="és" pos="X">és</wf>
         <wf lemma="állományjavító" pos="X">állományjavító</wf>
         <wf lemma="segédanyag" pos="X">segédanyag</wf>
         <wf lemma="tartalma" pos="X">tartalma</wf>
         <wf lemma="." pos="X">.</wf>
      </sentence>
      <sentence id="d000.s3255" source="wordnet-hungarian">
         <wf lemma="A" pos="X">A</wf>
         <instance id="d000.s3255.t000" lemma="csillag" pos="NOUN">csillag</instance>
         <wf lemma="több" pos="X">több</wf>
         <wf lemma="mindent" pos="X">mindent</wf>
         <wf lemma="jelképezhet" pos="X">jelképezhet</wf>
         <wf lemma="." pos="X">.</wf>
      </sentence>
      <sentence id="d000.s3256" source="wordnet-hungarian">
         <wf lemma="A" pos="X">A</wf>
         <wf lemma="koalíció" pos="X">koalíció</wf>
         <wf lemma="öt" pos="X">öt</wf>
         <wf lemma="évre" pos="X">évre</wf>
         <wf lemma="elfogadta" pos="X">elfogadta</wf>
         <wf lemma="az" pos="X">az</wf>
         <instance id="d000.s3256.t000" lemma="adótörvény" pos="NOUN">adótörvényeket</instance>
         <wf lemma="." pos="X">.</wf>
      </sentence>
      <sentence id="d000.s3257" source="wordnet-hungarian">
         <wf lemma="Micsoda" pos="X">Micsoda</wf>
         <instance id="d000.s3257.t000" lemma="kiváltság" pos="NOUN">kiváltság</instance>
         <wf lemma="," pos="X">,</wf>
         <wf lemma="hogy" pos="X">hogy</wf>
         <wf lemma="jegyet" pos="X">jegyet</wf>
         <wf lemma="kaptál" pos="X">kaptál</wf>
         <wf lemma="a" pos="X">a</wf>
         <wf lemma="koncertre" pos="X">koncertre</wf>
         <wf lemma="!" pos="X">!</wf>
      </sentence>
      <sentence id="d000.s3258" source="wordnet-hungarian">
         <wf lemma="Szereztem" pos="X">Szereztem</wf>
         <wf lemma="magam" pos="X">magam</wf>
         <wf lemma="mellé" pos="X">mellé</wf>
         <wf lemma="egy" pos="X">egy</wf>
         <wf lemma="bőgőst" pos="X">bőgőst</wf>
         <wf lemma="," pos="X">,</wf>
         <wf lemma="egy" pos="X">egy</wf>
         <instance id="d000.s3258.t000" lemma="klarinétos" pos="NOUN">klarinétost</instance>
         <wf lemma="meg" pos="X">meg</wf>
         <wf lemma="egy" pos="X">egy</wf>
         <wf lemma="kontrázó" pos="X">kontrázó</wf>
         <wf lemma="hegedűst" pos="X">hegedűst</wf>
         <wf lemma="." pos="X">.</wf>
      </sentence>
      <sentence id="d000.s3259" source="wordnet-hungarian">
         <wf lemma="Kicsit" pos="X">Kicsit</wf>
         <wf lemma="arrébb" pos="X">arrébb</wf>
         <wf lemma="kéne" pos="X">kéne</wf>
         <instance id="d000.s3259.t000" lemma="fúr" pos="VERB">fúrni</instance>
         <wf lemma="azt" pos="X">azt</wf>
         <wf lemma="a" pos="X">a</wf>
         <wf lemma="lukat" pos="X">lukat</wf>
         <wf lemma="." pos="X">.</wf>
      </sentence>
      <sentence id="d000.s3260" source="wordnet-hungarian">
         <wf lemma="Egy-egy" pos="X">Egy-egy</wf>
         <wf lemma="tőzsdei" pos="X">tőzsdei</wf>
         <wf lemma="részvény" pos="X">részvény</wf>
         <wf lemma="bekerülési" pos="X">bekerülési</wf>
         <wf lemma="áron" pos="X">áron</wf>
         <wf lemma="számítva" pos="X">számítva</wf>
         <wf lemma="a" pos="X">a</wf>
         <instance id="d000.s3260.t000" lemma="portfólió" pos="NOUN">portfólió</instance>
         <wf lemma="öt" pos="X">öt</wf>
         <wf lemma="százalékát" pos="X">százalékát</wf>
         <wf lemma="teszi" pos="X">teszi</wf>
         <wf lemma="ki" pos="X">ki</wf>
         <wf lemma="." pos="X">.</wf>
      </sentence>
      <sentence id="d000.s3261" source="wordnet-hungarian">
         <wf lemma="Minden" pos="X">Minden</wf>
         <instance id="d000.s3261.t000" lemma="csütörtök" pos="NOUN">csütörtökön</instance>
         <wf lemma="este" pos="X">este</wf>
         <wf lemma="edzésre" pos="X">edzésre</wf>
         <wf lemma="járt" pos="X">járt</wf>
         <wf lemma="." pos="X">.</wf>
      </sentence>
      <sentence id="d000.s3262" source="wordnet-hungarian">
         <wf lemma="Egy" pos="X">Egy</wf>
         <wf lemma="gép" pos="X">gép</wf>
         <instance id="d000.s3262.t000" lemma="levág" pos="VERB">levágta</instance>
         <wf lemma="az" pos="X">az</wf>
         <wf lemma="ujját" pos="X">ujját</wf>
         <wf lemma="." pos="X">.</wf>
      </sentence>
      <sentence id="d000.s3263" source="wordnet-hungarian">
         <wf lemma="Reagan" pos="X">Reagan</wf>
         <wf lemma="legnagyobb" pos="X">legnagyobb</wf>
         <wf lemma="ballépése" pos="X">ballépése</wf>
         <wf lemma="az" pos="X">az</wf>
         <wf lemma="úgynevezett" pos="X">úgynevezett</wf>
         <wf lemma="Irán-kontra" pos="X">Irán-kontra</wf>
         <wf lemma="botrány" pos="X">botrány</wf>
         <wf lemma="volt" pos="X">volt</wf>
         <wf lemma="második" pos="X">második</wf>
         <instance id="d000.s3263.t000" lemma="elnökség" pos="NOUN">elnöksége</instance>
         <wf lemma="idején" pos="X">idején</wf>
         <wf lemma="." pos="X">.</wf>
      </sentence>
      <sentence id="d000.s3264" source="wordnet-hungarian">
         <wf lemma="Az" pos="X">Az</wf>
         <wf lemma="ecetsav" pos="X">ecetsav</wf>
         <wf lemma="elpusztítja" pos="X">elpusztítja</wf>
         <wf lemma="a" pos="X">a</wf>
         <wf lemma="rothasztó" pos="X">rothasztó</wf>
         <wf lemma="baktériumokat" pos="X">baktériumokat</wf>
         <wf lemma="," pos="X">,</wf>
         <wf lemma="a" pos="X">a</wf>
         <wf lemma="penészgombák" pos="X">penészgombák</wf>
         <instance id="d000.s3264.t000" lemma="spóra" pos="NOUN">spóráit</instance>
         <wf lemma="." pos="X">.</wf>
      </sentence>
      <sentence id="d000.s3265" source="wordnet-hungarian">
         <wf lemma="A" pos="X">A</wf>
         <instance id="d000.s3265.t000" lemma="gyémánt" pos="NOUN">gyémánt</instance>
         <wf lemma="fontos" pos="X">fontos</wf>
         <wf lemma="szeglete" pos="X">szeglete</wf>
         <wf lemma="a" pos="X">a</wf>
         <wf lemma="baseballpályának" pos="X">baseballpályának</wf>
         <wf lemma="." pos="X">.</wf>
      </sentence>
      <sentence id="d000.s3266" source="wordnet-hungarian">
         <wf lemma="A" pos="X">A</wf>
         <instance id="d000.s3266.t000" lemma="kankalinfélék" pos="NOUN">kankalinfélék</instance>
         <wf lemma="családjába" pos="X">családjába</wf>
         <wf lemma="tartozó" pos="X">tartozó</wf>
         <wf lemma="ciklámen" pos="X">ciklámen</wf>
         <wf lemma="nemzetség" pos="X">nemzetség</wf>
         <wf lemma="19" pos="X">19</wf>
         <wf lemma="fajt" pos="X">fajt</wf>
         <wf lemma="számlál" pos="X">számlál</wf>
         <wf lemma="." pos="X">.</wf>
      </sentence>
      <sentence id="d000.s3267" source="wordnet-hungarian">
         <wf lemma="Az" pos="X">Az</wf>
         <instance id="d000.s3267.t000" lemma="apátság" pos="NOUN">apátság</instance>
         <wf lemma="területén" pos="X">területén</wf>
         <wf lemma="kívül" pos="X">kívül</wf>
         <wf lemma="történt" pos="X">történt</wf>
         <wf lemma="az" pos="X">az</wf>
         <wf lemma="eset" pos="X">eset</wf>
         <wf lemma="." pos="X">.</wf>
      </sentence>
      <sentence id="d000.s3268" source="wordnet-hungarian">
         <wf lemma="A" pos="X">A</wf>
         <instance id="d000.s3268.t000" lemma="kartácsgolyó" pos="NOUN">kartácsgolyó</instance>
         <wf lemma="pontosan" pos="X">pontosan</wf>
         <wf lemma="a" pos="X">a</wf>
         <wf lemma="bábu" pos="X">bábu</wf>
         <wf lemma="fejét" pos="X">fejét</wf>
         <wf lemma="fúrta" pos="X">fúrta</wf>
         <wf lemma="át" pos="X">át</wf>
         <wf lemma="." pos="X">.</wf>
      </sentence>
      <sentence id="d000.s3269" source="wordnet-hungarian">
         <wf lemma="A" pos="X">A</wf>
         <wf lemma="király" pos="X">király</wf>
         <wf lemma="ezekben" pos="X">ezekben</wf>
         <wf lemma="az" pos="X">az</wf>
         <wf lemma="erdőkben" pos="X">erdőkben</wf>
         <instance id="d000.s3269.t000" lemma="vadászik" pos="VERB">vadászott</instance>
         <wf lemma="." pos="X">.</wf>
      </sentence>
      <sentence id="d000.s3270" source="wordnet-hungarian">
         <instance id="d000.s3270.t000" lemma="aludttej" pos="NOUN">Aludttejet</instance>
         <wf lemma="vacsorázott" pos="X">vacsorázott</wf>
         <wf lemma="friss" pos="X">friss</wf>
         <wf lemma="kenyérrel" pos="X">kenyérrel</wf>
         <wf lemma="." pos="X">.</wf>
      </sentence>
      <sentence id="d000.s3271" source="wordnet-hungarian">
         <instance id="d000.s3271.t000" lemma="előszeretet" pos="NOUN">Előszeretettel</instance>
         <wf lemma="választotta" pos="X">választotta</wf>
         <wf lemma="ki" pos="X">ki</wf>
         <wf lemma="a" pos="X">a</wf>
         <wf lemma="legérettebb" pos="X">legérettebb</wf>
         <wf lemma="körtéket" pos="X">körtéket</wf>
         <wf lemma="." pos="X">.</wf>
      </sentence>
      <sentence id="d000.s3272" source="wordnet-hungarian">
         <wf lemma="A" pos="X">A</wf>
         <instance id="d000.s3272.t000" lemma="tapasztalat" pos="NOUN">tapasztalat</instance>
         <wf lemma="a" pos="X">a</wf>
         <wf lemma="legjobb" pos="X">legjobb</wf>
         <wf lemma="tanítómester" pos="X">tanítómester</wf>
         <wf lemma="." pos="X">.</wf>
      </sentence>
      <sentence id="d000.s3273" source="wordnet-hungarian">
         <wf lemma="A" pos="X">A</wf>
         <instance id="d000.s3273.t000" lemma="vádlott" pos="NOUN">vádlott</instance>
         <wf lemma="vallomása" pos="X">vallomása</wf>
         <wf lemma="a" pos="X">a</wf>
         <wf lemma="védelemhez" pos="X">védelemhez</wf>
         <wf lemma="való" pos="X">való</wf>
         <wf lemma="jog" pos="X">jog</wf>
         <wf lemma="egyik" pos="X">egyik</wf>
         <wf lemma="alapkövetelménye" pos="X">alapkövetelménye</wf>
         <wf lemma="." pos="X">.</wf>
      </sentence>
      <sentence id="d000.s3274" source="wordnet-hungarian">
         <instance id="d000.s3274.t000" lemma="élvez" pos="VERB">Élvezte</instance>
         <wf lemma="a" pos="X">a</wf>
         <wf lemma="hírnevet" pos="X">hírnevet</wf>
         <wf lemma="," pos="X">,</wf>
         <wf lemma="amikor" pos="X">amikor</wf>
         <wf lemma="bekerült" pos="X">bekerült</wf>
         <wf lemma="a" pos="X">a</wf>
         <wf lemma="tévébe" pos="X">tévébe</wf>
         <wf lemma="." pos="X">.</wf>
      </sentence>
      <sentence id="d000.s3275" source="wordnet-hungarian">
         <wf lemma="A" pos="X">A</wf>
         <wf lemma="gazdag" pos="X">gazdag</wf>
         <wf lemma="amerikai" pos="X">amerikai</wf>
         <wf lemma="nagybácsi" pos="X">nagybácsi</wf>
         <wf lemma="pénzt" pos="X">pénzt</wf>
         <instance id="d000.s3275.t000" lemma="küld" pos="VERB">küldött</instance>
         <wf lemma="rokonainak" pos="X">rokonainak</wf>
         <wf lemma="." pos="X">.</wf>
      </sentence>
      <sentence id="d000.s3276" source="wordnet-hungarian">
         <wf lemma="Mit" pos="X">Mit</wf>
         <instance id="d000.s3276.t000" lemma="vesz" pos="VERB">vegyek</instance>
         <wf lemma="föl" pos="X">föl</wf>
         <wf lemma="a" pos="X">a</wf>
         <wf lemma="buliba" pos="X">buliba</wf>
         <wf lemma="?" pos="X">?</wf>
      </sentence>
      <sentence id="d000.s3277" source="wordnet-hungarian">
         <wf lemma="A" pos="X">A</wf>
         <instance id="d000.s3277.t000" lemma="foci" pos="NOUN">foci</instance>
         <wf lemma="a" pos="X">a</wf>
         <wf lemma="világ" pos="X">világ</wf>
         <wf lemma="legnépszerűbb" pos="X">legnépszerűbb</wf>
         <wf lemma="sportága" pos="X">sportága</wf>
         <wf lemma="." pos="X">.</wf>
      </sentence>
      <sentence id="d000.s3278" source="wordnet-hungarian">
         <wf lemma="Az" pos="X">Az</wf>
         <instance id="d000.s3278.t000" lemma="arg" pos="NOUN">argon</instance>
         <wf lemma="ideális" pos="X">ideális</wf>
         <wf lemma="védőgáz" pos="X">védőgáz</wf>
         <wf lemma="a" pos="X">a</wf>
         <wf lemma="fémkohászatban" pos="X">fémkohászatban</wf>
         <wf lemma="." pos="X">.</wf>
      </sentence>
      <sentence id="d000.s3279" source="wordnet-hungarian">
         <wf lemma="A" pos="X">A</wf>
         <instance id="d000.s3279.t000" lemma="nedvesség" pos="NOUN">nedvesség</instance>
         <wf lemma="átütött" pos="X">átütött</wf>
         <wf lemma="a" pos="X">a</wf>
         <wf lemma="papíron" pos="X">papíron</wf>
         <wf lemma="." pos="X">.</wf>
      </sentence>
      <sentence id="d000.s3280" source="wordnet-hungarian">
         <wf lemma="A" pos="X">A</wf>
         <wf lemma="bogyós" pos="X">bogyós</wf>
         <wf lemma="termésű" pos="X">termésű</wf>
         <wf lemma="gyümölcsök" pos="X">gyümölcsök</wf>
         <wf lemma="közé" pos="X">közé</wf>
         <wf lemma="a" pos="X">a</wf>
         <wf lemma="szőlő" pos="X">szőlő</wf>
         <wf lemma="," pos="X">,</wf>
         <wf lemma="egres" pos="X">egres</wf>
         <wf lemma="," pos="X">,</wf>
         <wf lemma="ribiszke" pos="X">ribiszke</wf>
         <wf lemma="," pos="X">,</wf>
         <wf lemma="málna" pos="X">málna</wf>
         <wf lemma="," pos="X">,</wf>
         <wf lemma="szamóca" pos="X">szamóca</wf>
         <wf lemma="," pos="X">,</wf>
         <instance id="d000.s3280.t000" lemma="szeder" pos="NOUN">szeder</instance>
         <wf lemma="," pos="X">,</wf>
         <wf lemma="faeper" pos="X">faeper</wf>
         <wf lemma="," pos="X">,</wf>
         <wf lemma="áfonya" pos="X">áfonya</wf>
         <wf lemma="," pos="X">,</wf>
         <wf lemma="bodza" pos="X">bodza</wf>
         <wf lemma="," pos="X">,</wf>
         <wf lemma="csipkebogyó" pos="X">csipkebogyó</wf>
         <wf lemma="és" pos="X">és</wf>
         <wf lemma="a" pos="X">a</wf>
         <wf lemma="kökény" pos="X">kökény</wf>
         <wf lemma="tartozik" pos="X">tartozik</wf>
         <wf lemma="." pos="X">.</wf>
      </sentence>
      <sentence id="d000.s3281" source="wordnet-hungarian">
         <wf lemma="A" pos="X">A</wf>
         <instance id="d000.s3281.t000" lemma="borókabogyó" pos="NOUN">borókabogyóból</instance>
         <wf lemma="ízletes" pos="X">ízletes</wf>
         <wf lemma="pálinka" pos="X">pálinka</wf>
         <wf lemma="készül" pos="X">készül</wf>
         <wf lemma="." pos="X">.</wf>
      </sentence>
      <sentence id="d000.s3282" source="wordnet-hungarian">
         <wf lemma="A" pos="X">A</wf>
         <wf lemma="kés" pos="X">kés</wf>
         <instance id="d000.s3282.t000" lemma="hegy" pos="NOUN">hegyén</instance>
         <wf lemma="megcsillant" pos="X">megcsillant</wf>
         <wf lemma="a" pos="X">a</wf>
         <wf lemma="napfény" pos="X">napfény</wf>
         <wf lemma="." pos="X">.</wf>
      </sentence>
      <sentence id="d000.s3283" source="wordnet-hungarian">
         <wf lemma="Alaposan" pos="X">Alaposan</wf>
         <wf lemma="benne" pos="X">benne</wf>
         <wf lemma="vagyunk" pos="X">vagyunk</wf>
         <wf lemma="a" pos="X">a</wf>
         <instance id="d000.s3283.t000" lemma="pác" pos="NOUN">pácban</instance>
         <wf lemma="." pos="X">.</wf>
      </sentence>
      <sentence id="d000.s3284" source="wordnet-hungarian">
         <wf lemma="Ha" pos="X">Ha</wf>
         <wf lemma="nem" pos="X">nem</wf>
         <wf lemma="leszel" pos="X">leszel</wf>
         <wf lemma="jobban" pos="X">jobban</wf>
         <wf lemma="," pos="X">,</wf>
         <instance id="d000.s3284.t000" lemma="orvos" pos="NOUN">orvoshoz</instance>
         <wf lemma="kell" pos="X">kell</wf>
         <wf lemma="menned" pos="X">menned</wf>
         <wf lemma="." pos="X">.</wf>
      </sentence>
      <sentence id="d000.s3285" source="wordnet-hungarian">
         <wf lemma="A" pos="X">A</wf>
         <instance id="d000.s3285.t000" lemma="magfizika" pos="NOUN">magfizika</instance>
         <wf lemma="mai" pos="X">mai</wf>
         <wf lemma="arculatáról" pos="X">arculatáról</wf>
         <wf lemma="," pos="X">,</wf>
         <wf lemma="a" pos="X">a</wf>
         <wf lemma="kutatás" pos="X">kutatás</wf>
         <wf lemma="fő" pos="X">fő</wf>
         <wf lemma="tendenciáiról" pos="X">tendenciáiról</wf>
         <wf lemma="és" pos="X">és</wf>
         <wf lemma="a" pos="X">a</wf>
         <wf lemma="magfizikai" pos="X">magfizikai</wf>
         <wf lemma="kutatás" pos="X">kutatás</wf>
         <wf lemma="hálózatának" pos="X">hálózatának</wf>
         <wf lemma="struktúraváltozásairól" pos="X">struktúraváltozásairól</wf>
         <wf lemma="beszélt" pos="X">beszélt</wf>
         <wf lemma="az" pos="X">az</wf>
         <wf lemma="előadáson" pos="X">előadáson</wf>
         <wf lemma="." pos="X">.</wf>
      </sentence>
      <sentence id="d000.s3286" source="wordnet-hungarian">
         <instance id="d000.s3286.t000" lemma="alkalmazkodik" pos="VERB">Alkalmazkodnunk</instance>
         <wf lemma="kell" pos="X">kell</wf>
         <wf lemma="a" pos="X">a</wf>
         <wf lemma="nehéz" pos="X">nehéz</wf>
         <wf lemma="gazdasági" pos="X">gazdasági</wf>
         <wf lemma="körülményekhez" pos="X">körülményekhez</wf>
         <wf lemma="." pos="X">.</wf>
      </sentence>
      <sentence id="d000.s3287" source="wordnet-hungarian">
         <wf lemma="Az" pos="X">Az</wf>
         <wf lemma="ősszel" pos="X">ősszel</wf>
         <wf lemma="ültettem" pos="X">ültettem</wf>
         <wf lemma="hat" pos="X">hat</wf>
         <wf lemma="tő" pos="X">tő</wf>
         <wf lemma="vörös" pos="X">vörös</wf>
         <wf lemma="levelű" pos="X">levelű</wf>
         <instance id="d000.s3287.t000" lemma="borbolya" pos="NOUN">borbolyát</instance>
         <wf lemma="sövénynek" pos="X">sövénynek</wf>
         <wf lemma="." pos="X">.</wf>
      </sentence>
      <sentence id="d000.s3288" source="wordnet-hungarian">
         <wf lemma="Az" pos="X">Az</wf>
         <wf lemma="iskola" pos="X">iskola</wf>
         <wf lemma="a" pos="X">a</wf>
         <wf lemma="teljes" pos="X">teljes</wf>
         <instance id="d000.s3288.t000" lemma="anarchia" pos="NOUN">anarchia</instance>
         <wf lemma="állapotában" pos="X">állapotában</wf>
         <wf lemma="leledzett" pos="X">leledzett</wf>
         <wf lemma="." pos="X">.</wf>
      </sentence>
      <sentence id="d000.s3289" source="wordnet-hungarian">
         <wf lemma="A" pos="X">A</wf>
         <instance id="d000.s3289.t000" lemma="judaizmus" pos="NOUN">judaizmus</instance>
         <wf lemma="jelentős" pos="X">jelentős</wf>
         <wf lemma="hatással" pos="X">hatással</wf>
         <wf lemma="volt" pos="X">volt</wf>
         <wf lemma="más" pos="X">más</wf>
         <wf lemma="vallásokra" pos="X">vallásokra</wf>
         <wf lemma="is" pos="X">is</wf>
         <wf lemma="." pos="X">.</wf>
      </sentence>
      <sentence id="d000.s3290" source="wordnet-hungarian">
         <wf lemma="Gondoskodni" pos="X">Gondoskodni</wf>
         <wf lemma="kell" pos="X">kell</wf>
         <wf lemma="az" pos="X">az</wf>
         <instance id="d000.s3290.t000" lemma="adatállomány" pos="NOUN">adatállomány</instance>
         <wf lemma="fizikai" pos="X">fizikai</wf>
         <wf lemma="sérülésektől" pos="X">sérülésektől</wf>
         <wf lemma="," pos="X">,</wf>
         <wf lemma="megsemmisülésétől" pos="X">megsemmisülésétől</wf>
         <wf lemma="való" pos="X">való</wf>
         <wf lemma="védelméről" pos="X">védelméről</wf>
         <wf lemma="." pos="X">.</wf>
      </sentence>
      <sentence id="d000.s3291" source="wordnet-hungarian">
         <wf lemma="Két" pos="X">Két</wf>
         <wf lemma="fő" pos="X">fő</wf>
         <wf lemma="németűl" pos="X">németűl</wf>
         <wf lemma="beszélő" pos="X">beszélő</wf>
         <wf lemma="profi" pos="X">profi</wf>
         <instance id="d000.s3291.t000" lemma="vakoló" pos="NOUN">vakolót</instance>
         <wf lemma="keres" pos="X">keres</wf>
         <wf lemma="osztrák" pos="X">osztrák</wf>
         <wf lemma="építőipari" pos="X">építőipari</wf>
         <wf lemma="vállalat" pos="X">vállalat</wf>
         <wf lemma="." pos="X">.</wf>
      </sentence>
      <sentence id="d000.s3292" source="wordnet-hungarian">
         <wf lemma="Az" pos="X">Az</wf>
         <wf lemma="erdőben" pos="X">erdőben</wf>
         <wf lemma="felénk" pos="X">felénk</wf>
         <wf lemma="mozgó" pos="X">mozgó</wf>
         <wf lemma="," pos="X">,</wf>
         <wf lemma="sötét" pos="X">sötét</wf>
         <wf lemma="," pos="X">,</wf>
         <wf lemma="nagy" pos="X">nagy</wf>
         <wf lemma="foltot" pos="X">foltot</wf>
         <instance id="d000.s3292.t000" lemma="vaddisznó" pos="NOUN">vaddisznónak</instance>
         <wf lemma="véltem" pos="X">véltem</wf>
         <wf lemma="." pos="X">.</wf>
      </sentence>
      <sentence id="d000.s3293" source="wordnet-hungarian">
         <wf lemma="A" pos="X">A</wf>
         <instance id="d000.s3293.t000" lemma="vadmacska" pos="NOUN">vadmacska</instance>
         <wf lemma="viselkedése" pos="X">viselkedése</wf>
         <wf lemma="igen" pos="X">igen</wf>
         <wf lemma="hasonló" pos="X">hasonló</wf>
         <wf lemma="a" pos="X">a</wf>
         <wf lemma="házimacskáéhoz" pos="X">házimacskáéhoz</wf>
         <wf lemma="." pos="X">.</wf>
      </sentence>
      <sentence id="d000.s3294" source="wordnet-hungarian">
         <wf lemma="A" pos="X">A</wf>
         <instance id="d000.s3294.t000" lemma="mező" pos="NOUN">mező</instance>
         <wf lemma="tele" pos="X">tele</wf>
         <wf lemma="volt" pos="X">volt</wf>
         <wf lemma="legelésző" pos="X">legelésző</wf>
         <wf lemma="bárányokkal" pos="X">bárányokkal</wf>
         <wf lemma="." pos="X">.</wf>
      </sentence>
      <sentence id="d000.s3295" source="wordnet-hungarian">
         <wf lemma="Mikor" pos="X">Mikor</wf>
         <instance id="d000.s3295.t000" lemma="kezd" pos="VERB">kezdhetek</instance>
         <wf lemma="?" pos="X">?</wf>
      </sentence>
      <sentence id="d000.s3296" source="wordnet-hungarian">
         <wf lemma="A" pos="X">A</wf>
         <instance id="d000.s3296.t000" lemma="gyűlölködés" pos="NOUN">gyűlölködés</instance>
         <wf lemma="nem" pos="X">nem</wf>
         <wf lemma="vezet" pos="X">vezet</wf>
         <wf lemma="jóra" pos="X">jóra</wf>
         <wf lemma="." pos="X">.</wf>
      </sentence>
      <sentence id="d000.s3297" source="wordnet-hungarian">
         <wf lemma="Ez" pos="X">Ez</wf>
         <wf lemma="a" pos="X">a</wf>
         <wf lemma="sütemény" pos="X">sütemény</wf>
         <wf lemma="egy" pos="X">egy</wf>
         <instance id="d000.s3297.t000" lemma="álom" pos="NOUN">álom</instance>
         <wf lemma="." pos="X">.</wf>
      </sentence>
      <sentence id="d000.s3298" source="wordnet-hungarian">
         <wf lemma="A" pos="X">A</wf>
         <wf lemma="gyógyszer" pos="X">gyógyszer</wf>
         <wf lemma="a" pos="X">a</wf>
         <instance id="d000.s3298.t000" lemma="mákfélék" pos="NOUN">mákfélék</instance>
         <wf lemma="családjába" pos="X">családjába</wf>
         <wf lemma="tartozó" pos="X">tartozó</wf>
         <wf lemma="növényből" pos="X">növényből</wf>
         <wf lemma="kinyert" pos="X">kinyert</wf>
         <wf lemma="két" pos="X">két</wf>
         <wf lemma="alkaloid" pos="X">alkaloid</wf>
         <wf lemma="összekapcsolásából" pos="X">összekapcsolásából</wf>
         <wf lemma="áll" pos="X">áll</wf>
         <wf lemma="." pos="X">.</wf>
      </sentence>
      <sentence id="d000.s3299" source="wordnet-hungarian">
         <wf lemma="A" pos="X">A</wf>
         <wf lemma="családban" pos="X">családban</wf>
         <wf lemma="sok" pos="X">sok</wf>
         <wf lemma="a" pos="X">a</wf>
         <instance id="d000.s3299.t000" lemma="lány" pos="NOUN">lány</instance>
         <wf lemma="." pos="X">.</wf>
      </sentence>
      <sentence id="d000.s3300" source="wordnet-hungarian">
         <wf lemma="Ez" pos="X">Ez</wf>
         <wf lemma="éppen" pos="X">éppen</wf>
         <wf lemma="a" pos="X">a</wf>
         <wf lemma="téves" pos="X">téves</wf>
         <wf lemma="ítélkezés" pos="X">ítélkezés</wf>
         <wf lemma="egy" pos="X">egy</wf>
         <instance id="d000.s3300.t000" lemma="eset" pos="NOUN">esete</instance>
         <wf lemma="volt" pos="X">volt</wf>
         <wf lemma="." pos="X">.</wf>
      </sentence>
      <sentence id="d000.s3301" source="wordnet-hungarian">
         <wf lemma="Az" pos="X">Az</wf>
         <instance id="d000.s3301.t000" lemma="eper" pos="NOUN">eper</instance>
         <wf lemma="az" pos="X">az</wf>
         <wf lemma="egyik" pos="X">egyik</wf>
         <wf lemma="legközkedveltebb" pos="X">legközkedveltebb</wf>
         <wf lemma="gyümölcs" pos="X">gyümölcs</wf>
         <wf lemma="." pos="X">.</wf>
      </sentence>
      <sentence id="d000.s3302" source="wordnet-hungarian">
         <wf lemma="Kati" pos="X">Kati</wf>
         <instance id="d000.s3302.t000" lemma="hozzányúl" pos="VERB">hozzányúlt</instance>
         <wf lemma="a" pos="X">a</wf>
         <wf lemma="milliókat" pos="X">milliókat</wf>
         <wf lemma="érő" pos="X">érő</wf>
         <wf lemma="drágakőhöz" pos="X">drágakőhöz</wf>
         <wf lemma="." pos="X">.</wf>
      </sentence>
      <sentence id="d000.s3303" source="wordnet-hungarian">
         <wf lemma="A" pos="X">A</wf>
         <wf lemma="német" pos="X">német</wf>
         <instance id="d000.s3303.t000" lemma="hírszerzés" pos="NOUN">hírszerzés</instance>
         <wf lemma="nem" pos="X">nem</wf>
         <wf lemma="tudta" pos="X">tudta</wf>
         <wf lemma="megfejteni" pos="X">megfejteni</wf>
         <wf lemma="a" pos="X">a</wf>
         <wf lemma="kódot" pos="X">kódot</wf>
         <wf lemma="." pos="X">.</wf>
      </sentence>
      <sentence id="d000.s3304" source="wordnet-hungarian">
         <wf lemma="A" pos="X">A</wf>
         <wf lemma="film" pos="X">film</wf>
         <wf lemma="eseményei" pos="X">eseményei</wf>
         <wf lemma="nem" pos="X">nem</wf>
         <instance id="d000.s3304.t000" lemma="időrend" pos="NOUN">időrendben</instance>
         <wf lemma="követik" pos="X">követik</wf>
         <wf lemma="egymást" pos="X">egymást</wf>
         <wf lemma="." pos="X">.</wf>
      </sentence>
      <sentence id="d000.s3305" source="wordnet-hungarian">
         <wf lemma="A" pos="X">A</wf>
         <wf lemma="kisbaba" pos="X">kisbaba</wf>
         <instance id="d000.s3305.t000" lemma="bepiszkít" pos="VERB">bepiszkította</instance>
         <wf lemma="anyukája" pos="X">anyukája</wf>
         <wf lemma="ünneplő" pos="X">ünneplő</wf>
         <wf lemma="ruháját" pos="X">ruháját</wf>
         <wf lemma="." pos="X">.</wf>
      </sentence>
      <sentence id="d000.s3306" source="wordnet-hungarian">
         <wf lemma="A" pos="X">A</wf>
         <wf lemma="célzott" pos="X">célzott</wf>
         <wf lemma="daganatterápiával" pos="X">daganatterápiával</wf>
         <wf lemma="új" pos="X">új</wf>
         <wf lemma="korszak" pos="X">korszak</wf>
         <wf lemma="kezdődött" pos="X">kezdődött</wf>
         <wf lemma="az" pos="X">az</wf>
         <instance id="d000.s3306.t000" lemma="onkológia" pos="NOUN">onkológiában</instance>
         <wf lemma="." pos="X">.</wf>
      </sentence>
      <sentence id="d000.s3307" source="wordnet-hungarian">
         <wf lemma="Felhajtotta" pos="X">Felhajtotta</wf>
         <wf lemma="a" pos="X">a</wf>
         <instance id="d000.s3307.t000" lemma="nadrágszár" pos="NOUN">nadrágszárát</instance>
         <wf lemma="a" pos="X">a</wf>
         <wf lemma="patakon" pos="X">patakon</wf>
         <wf lemma="való" pos="X">való</wf>
         <wf lemma="átkelés" pos="X">átkelés</wf>
         <wf lemma="előtt" pos="X">előtt</wf>
         <wf lemma="." pos="X">.</wf>
      </sentence>
      <sentence id="d000.s3308" source="wordnet-hungarian">
         <wf lemma="A" pos="X">A</wf>
         <instance id="d000.s3308.t000" lemma="különítmény" pos="NOUN">különítmény</instance>
         <wf lemma="titkos" pos="X">titkos</wf>
         <wf lemma="feladatot" pos="X">feladatot</wf>
         <wf lemma="kapott" pos="X">kapott</wf>
         <wf lemma="." pos="X">.</wf>
      </sentence>
      <sentence id="d000.s3309" source="wordnet-hungarian">
         <wf lemma="A" pos="X">A</wf>
         <instance id="d000.s3309.t000" lemma="táblázat" pos="NOUN">táblázat</instance>
         <wf lemma="elemei" pos="X">elemei</wf>
         <wf lemma="között" pos="X">között</wf>
         <wf lemma="lehetőség" pos="X">lehetőség</wf>
         <wf lemma="van" pos="X">van</wf>
         <wf lemma="különböző" pos="X">különböző</wf>
         <wf lemma="műveletekre" pos="X">műveletekre</wf>
         <wf lemma="." pos="X">.</wf>
      </sentence>
      <sentence id="d000.s3310" source="wordnet-hungarian">
         <wf lemma="Az" pos="X">Az</wf>
         <instance id="d000.s3310.t000" lemma="írás" pos="NOUN">írást</instance>
         <wf lemma="használta" pos="X">használta</wf>
         <wf lemma="arra" pos="X">arra</wf>
         <wf lemma="," pos="X">,</wf>
         <wf lemma="hogy" pos="X">hogy</wf>
         <wf lemma="fantáziáját" pos="X">fantáziáját</wf>
         <wf lemma="formába" pos="X">formába</wf>
         <wf lemma="öntse" pos="X">öntse</wf>
         <wf lemma="." pos="X">.</wf>
      </sentence>
      <sentence id="d000.s3311" source="wordnet-hungarian">
         <wf lemma="Az" pos="X">Az</wf>
         <instance id="d000.s3311.t000" lemma="üdvözlés" pos="NOUN">üdvözlés</instance>
         <wf lemma="elmulasztása" pos="X">elmulasztása</wf>
         <wf lemma="neveletlenségre" pos="X">neveletlenségre</wf>
         <wf lemma="vall" pos="X">vall</wf>
         <wf lemma="." pos="X">.</wf>
      </sentence>
      <sentence id="d000.s3312" source="wordnet-hungarian">
         <wf lemma="Az" pos="X">Az</wf>
         <instance id="d000.s3312.t000" lemma="előadás" pos="NOUN">előadás</instance>
         <wf lemma="után" pos="X">után</wf>
         <wf lemma="a" pos="X">a</wf>
         <wf lemma="közönség" pos="X">közönség</wf>
         <wf lemma="a" pos="X">a</wf>
         <wf lemma="vállán" pos="X">vállán</wf>
         <wf lemma="vitte" pos="X">vitte</wf>
         <wf lemma="körbe" pos="X">körbe</wf>
         <wf lemma="a" pos="X">a</wf>
         <wf lemma="világhírű" pos="X">világhírű</wf>
         <wf lemma="szólistát" pos="X">szólistát</wf>
         <wf lemma="." pos="X">.</wf>
      </sentence>
      <sentence id="d000.s3313" source="wordnet-hungarian">
         <wf lemma="A" pos="X">A</wf>
         <instance id="d000.s3313.t000" lemma="játékvezető" pos="NOUN">játékvezető</instance>
         <wf lemma="lefújta" pos="X">lefújta</wf>
         <wf lemma="a" pos="X">a</wf>
         <wf lemma="mérkőzést" pos="X">mérkőzést</wf>
         <wf lemma="." pos="X">.</wf>
      </sentence>
      <sentence id="d000.s3314" source="wordnet-hungarian">
         <wf lemma="A" pos="X">A</wf>
         <instance id="d000.s3314.t000" lemma="bizonyítás" pos="NOUN">bizonyításra</instance>
         <wf lemma="még" pos="X">még</wf>
         <wf lemma="nem" pos="X">nem</wf>
         <wf lemma="sikerült" pos="X">sikerült</wf>
         <wf lemma="rájönnöm" pos="X">rájönnöm</wf>
         <wf lemma="." pos="X">.</wf>
      </sentence>
      <sentence id="d000.s3315" source="wordnet-hungarian">
         <wf lemma="Kérlek" pos="X">Kérlek</wf>
         <wf lemma="," pos="X">,</wf>
         <instance id="d000.s3315.t000" lemma="atya" pos="NOUN">atyám</instance>
         <wf lemma="," pos="X">,</wf>
         <wf lemma="gyóntass" pos="X">gyóntass</wf>
         <wf lemma="meg" pos="X">meg</wf>
         <wf lemma="engem" pos="X">engem</wf>
         <wf lemma="!" pos="X">!</wf>
      </sentence>
      <sentence id="d000.s3316" source="wordnet-hungarian">
         <wf lemma="A" pos="X">A</wf>
         <instance id="d000.s3316.t000" lemma="részecskefizika" pos="NOUN">részecskefizikát</instance>
         <wf lemma="egy" pos="X">egy</wf>
         <wf lemma="kvantált" pos="X">kvantált</wf>
         <wf lemma="mezőelméletként" pos="X">mezőelméletként</wf>
         <wf lemma="fogjuk" pos="X">fogjuk</wf>
         <wf lemma="fel" pos="X">fel</wf>
         <wf lemma="." pos="X">.</wf>
      </sentence>
      <sentence id="d000.s3317" source="wordnet-hungarian">
         <wf lemma="A" pos="X">A</wf>
         <instance id="d000.s3317.t000" lemma="biológus" pos="NOUN">biológusokat</instance>
         <wf lemma="nagyban" pos="X">nagyban</wf>
         <wf lemma="segíti" pos="X">segíti</wf>
         <wf lemma="a" pos="X">a</wf>
         <wf lemma="számítástechnika" pos="X">számítástechnika</wf>
         <wf lemma="." pos="X">.</wf>
      </sentence>
      <sentence id="d000.s3318" source="wordnet-hungarian">
         <wf lemma="Csökkentek" pos="X">Csökkentek</wf>
         <wf lemma="a" pos="X">a</wf>
         <wf lemma="németországi" pos="X">németországi</wf>
         <wf lemma="újautó" pos="X">újautó</wf>
         <wf lemma="eladások" pos="X">eladások</wf>
         <wf lemma=":" pos="X">:</wf>
         <wf lemma="márciusban" pos="X">márciusban</wf>
         <wf lemma="9,6" pos="X">9,6</wf>
         <wf lemma="százalékos" pos="X">százalékos</wf>
         <wf lemma="visszaesést" pos="X">visszaesést</wf>
         <instance id="d000.s3318.t000" lemma="regisztrál" pos="VERB">regisztráltak</instance>
         <wf lemma="," pos="X">,</wf>
         <wf lemma="az" pos="X">az</wf>
         <wf lemma="első" pos="X">első</wf>
         <wf lemma="negyedévben" pos="X">negyedévben</wf>
         <wf lemma="pedig" pos="X">pedig</wf>
         <wf lemma="4,3" pos="X">4,3</wf>
         <wf lemma="százalékkal" pos="X">százalékkal</wf>
         <wf lemma="szűkült" pos="X">szűkült</wf>
         <wf lemma="a" pos="X">a</wf>
         <wf lemma="piac." pos="X">piac.</wf>
      </sentence>
      <sentence id="d000.s3319" source="wordnet-hungarian">
         <wf lemma="A" pos="X">A</wf>
         <wf lemma="tengerbiológus" pos="X">tengerbiológus</wf>
         <wf lemma="a" pos="X">a</wf>
         <instance id="d000.s3319.t000" lemma="murénafélék" pos="NOUN">murénafélék</instance>
         <wf lemma="családjára" pos="X">családjára</wf>
         <wf lemma="szakosodott" pos="X">szakosodott</wf>
         <wf lemma="." pos="X">.</wf>
      </sentence>
      <sentence id="d000.s3320" source="wordnet-hungarian">
         <wf lemma="Holnap" pos="X">Holnap</wf>
         <instance id="d000.s3320.t000" lemma="visszatér" pos="VERB">visszatérünk</instance>
         <wf lemma="a" pos="X">a</wf>
         <wf lemma="témára" pos="X">témára</wf>
         <wf lemma="." pos="X">.</wf>
      </sentence>
      <sentence id="d000.s3321" source="wordnet-hungarian">
         <wf lemma="A" pos="X">A</wf>
         <wf lemma="kutatók" pos="X">kutatók</wf>
         <wf lemma="megfigyelés" pos="X">megfigyelés</wf>
         <wf lemma="alatt" pos="X">alatt</wf>
         <wf lemma="tartanak" pos="X">tartanak</wf>
         <wf lemma="egy" pos="X">egy</wf>
         <wf lemma="fiatal" pos="X">fiatal</wf>
         <instance id="d000.s3321.t000" lemma="anakonda" pos="NOUN">anakondát</instance>
         <wf lemma="." pos="X">.</wf>
      </sentence>
      <sentence id="d000.s3322" source="wordnet-hungarian">
         <wf lemma="Amerika" pos="X">Amerika</wf>
         <instance id="d000.s3322.t000" lemma="felfedezés" pos="NOUN">felfedezése</instance>
         <wf lemma="jelentette" pos="X">jelentette</wf>
         <wf lemma="az" pos="X">az</wf>
         <wf lemma="újkor" pos="X">újkor</wf>
         <wf lemma="kezdetét" pos="X">kezdetét</wf>
         <wf lemma="." pos="X">.</wf>
      </sentence>
      <sentence id="d000.s3323" source="wordnet-hungarian">
         <wf lemma="Tegnap" pos="X">Tegnap</wf>
         <wf lemma="részvényekre" pos="X">részvényekre</wf>
         <instance id="d000.s3323.t000" lemma="cserél" pos="VERB">cseréltem</instance>
         <wf lemma="az" pos="X">az</wf>
         <wf lemma="értékpapírjaimat" pos="X">értékpapírjaimat</wf>
         <wf lemma="." pos="X">.</wf>
      </sentence>
      <sentence id="d000.s3324" source="wordnet-hungarian">
         <instance id="d000.s3324.t000" lemma="támogat" pos="VERB">Támogatjuk</instance>
         <wf lemma="az" pos="X">az</wf>
         <wf lemma="iskolareformot" pos="X">iskolareformot</wf>
         <wf lemma="." pos="X">.</wf>
      </sentence>
      <sentence id="d000.s3325" source="wordnet-hungarian">
         <wf lemma="Az" pos="X">Az</wf>
         <wf lemma="emberekben" pos="X">emberekben</wf>
         <wf lemma="él" pos="X">él</wf>
         <wf lemma="valamiféle" pos="X">valamiféle</wf>
         <instance id="d000.s3325.t000" lemma="vágy" pos="NOUN">vágy</instance>
         <wf lemma="a" pos="X">a</wf>
         <wf lemma="szolidaritás" pos="X">szolidaritás</wf>
         <wf lemma="iránt" pos="X">iránt</wf>
         <wf lemma="." pos="X">.</wf>
      </sentence>
      <sentence id="d000.s3326" source="wordnet-hungarian">
         <wf lemma="Az" pos="X">Az</wf>
         <wf lemma="ember" pos="X">ember</wf>
         <wf lemma="a" pos="X">a</wf>
         <wf lemma="Természet" pos="X">Természet</wf>
         <wf lemma="része" pos="X">része</wf>
         <wf lemma="," pos="X">,</wf>
         <wf lemma="az" pos="X">az</wf>
         <instance id="d000.s3326.t000" lemma="individualista" pos="NOUN">individualista</instance>
         <wf lemma="nem" pos="X">nem</wf>
         <wf lemma="érzi" pos="X">érzi</wf>
         <wf lemma="magát" pos="X">magát</wf>
         <wf lemma="annak" pos="X">annak</wf>
         <wf lemma="." pos="X">.</wf>
      </sentence>
      <sentence id="d000.s3327" source="wordnet-hungarian">
         <wf lemma="A" pos="X">A</wf>
         <instance id="d000.s3327.t000" lemma="hegylánc" pos="NOUN">hegylánc</instance>
         <wf lemma="egészen" pos="X">egészen</wf>
         <wf lemma="a" pos="X">a</wf>
         <wf lemma="tenger" pos="X">tenger</wf>
         <wf lemma="vonaláig" pos="X">vonaláig</wf>
         <wf lemma="húzódott" pos="X">húzódott</wf>
         <wf lemma="." pos="X">.</wf>
      </sentence>
      <sentence id="d000.s3328" source="wordnet-hungarian">
         <wf lemma="A" pos="X">A</wf>
         <wf lemma="torony" pos="X">torony</wf>
         <wf lemma="utasításokat" pos="X">utasításokat</wf>
         <wf lemma="adott" pos="X">adott</wf>
         <wf lemma="a" pos="X">a</wf>
         <wf lemma="pilótának" pos="X">pilótának</wf>
         <wf lemma="a" pos="X">a</wf>
         <wf lemma="pontos" pos="X">pontos</wf>
         <wf lemma="irányszögön" pos="X">irányszögön</wf>
         <wf lemma="és" pos="X">és</wf>
         <instance id="d000.s3328.t000" lemma="siklópálya" pos="NOUN">siklópályán</instance>
         <wf lemma="történő" pos="X">történő</wf>
         <wf lemma="süllyedésre" pos="X">süllyedésre</wf>
         <wf lemma="." pos="X">.</wf>
      </sentence>
      <sentence id="d000.s3329" source="wordnet-hungarian">
         <wf lemma="A" pos="X">A</wf>
         <instance id="d000.s3329.t000" lemma="marhahús" pos="NOUN">marhahúsból</instance>
         <wf lemma="készült" pos="X">készült</wf>
         <wf lemma="ételek" pos="X">ételek</wf>
         <wf lemma="igen" pos="X">igen</wf>
         <wf lemma="kedveltek" pos="X">kedveltek</wf>
         <wf lemma="felénk" pos="X">felénk</wf>
         <wf lemma="." pos="X">.</wf>
      </sentence>
      <sentence id="d000.s3330" source="wordnet-hungarian">
         <wf lemma="Leonardo" pos="X">Leonardo</wf>
         <wf lemma="behatóan" pos="X">behatóan</wf>
         <wf lemma="tanulmányozta" pos="X">tanulmányozta</wf>
         <wf lemma="az" pos="X">az</wf>
         <wf lemma="emberi" pos="X">emberi</wf>
         <wf lemma="test" pos="X">test</wf>
         <instance id="d000.s3330.t000" lemma="szerkezet" pos="NOUN">szerkezetét</instance>
         <wf lemma="." pos="X">.</wf>
      </sentence>
      <sentence id="d000.s3331" source="wordnet-hungarian">
         <wf lemma="A" pos="X">A</wf>
         <instance id="d000.s3331.t000" lemma="tervező" pos="NOUN">tervezők</instance>
         <wf lemma="figyelembe" pos="X">figyelembe</wf>
         <wf lemma="vették" pos="X">vették</wf>
         <wf lemma="a" pos="X">a</wf>
         <wf lemma="megrendelők" pos="X">megrendelők</wf>
         <wf lemma="igényeit" pos="X">igényeit</wf>
         <wf lemma="." pos="X">.</wf>
      </sentence>
      <sentence id="d000.s3332" source="wordnet-hungarian">
         <wf lemma="30" pos="X">30</wf>
         <wf lemma="évi" pos="X">évi</wf>
         <instance id="d000.s3332.t000" lemma="szolgálat" pos="NOUN">szolgálat</instance>
         <wf lemma="után" pos="X">után</wf>
         <wf lemma="visszavonult" pos="X">visszavonult</wf>
         <wf lemma="." pos="X">.</wf>
      </sentence>
      <sentence id="d000.s3333" source="wordnet-hungarian">
         <wf lemma="A" pos="X">A</wf>
         <instance id="d000.s3333.t000" lemma="pálmafa" pos="NOUN">pálmafa</instance>
         <wf lemma="a" pos="X">a</wf>
         <wf lemma="paradicsomi" pos="X">paradicsomi</wf>
         <wf lemma="kert" pos="X">kert</wf>
         <wf lemma="szimbóluma" pos="X">szimbóluma</wf>
         <wf lemma="." pos="X">.</wf>
      </sentence>
      <sentence id="d000.s3334" source="wordnet-hungarian">
         <wf lemma="Az" pos="X">Az</wf>
         <wf lemma="egyházi" pos="X">egyházi</wf>
         <instance id="d000.s3334.t000" lemma="hierarchia" pos="NOUN">hierarchiában</instance>
         <wf lemma="előkelő" pos="X">előkelő</wf>
         <wf lemma="helyet" pos="X">helyet</wf>
         <wf lemma="foglal" pos="X">foglal</wf>
         <wf lemma="el" pos="X">el</wf>
         <wf lemma="a" pos="X">a</wf>
         <wf lemma="püspök" pos="X">püspök</wf>
         <wf lemma="." pos="X">.</wf>
      </sentence>
      <sentence id="d000.s3335" source="wordnet-hungarian">
         <wf lemma="A" pos="X">A</wf>
         <instance id="d000.s3335.t000" lemma="mosdókagyló" pos="NOUN">mosdókagyló</instance>
         <wf lemma="lefolyója" pos="X">lefolyója</wf>
         <wf lemma="eldugult" pos="X">eldugult</wf>
         <wf lemma="." pos="X">.</wf>
      </sentence>
      <sentence id="d000.s3336" source="wordnet-hungarian">
         <wf lemma="Az" pos="X">Az</wf>
         <wf lemma="intercity" pos="X">intercity</wf>
         <instance id="d000.s3336.t000" lemma="von" pos="NOUN">vonat</instance>
         <wf lemma="nem" pos="X">nem</wf>
         <wf lemma="áll" pos="X">áll</wf>
         <wf lemma="meg" pos="X">meg</wf>
         <wf lemma="minden" pos="X">minden</wf>
         <wf lemma="megállónál" pos="X">megállónál</wf>
         <wf lemma="." pos="X">.</wf>
      </sentence>
      <sentence id="d000.s3337" source="wordnet-hungarian">
         <wf lemma="A" pos="X">A</wf>
         <wf lemma="ribiszkefélék" pos="X">ribiszkefélék</wf>
         <wf lemma="és" pos="X">és</wf>
         <wf lemma="a" pos="X">a</wf>
         <wf lemma="köszméte" pos="X">köszméte</wf>
         <wf lemma="a" pos="X">a</wf>
         <instance id="d000.s3337.t000" lemma="kőtörőfűfélék" pos="NOUN">kőtörőfűfélék</instance>
         <wf lemma="táborába" pos="X">táborába</wf>
         <wf lemma="tartozik" pos="X">tartozik</wf>
         <wf lemma="." pos="X">.</wf>
      </sentence>
      <sentence id="d000.s3338" source="wordnet-hungarian">
         <wf lemma="A" pos="X">A</wf>
         <instance id="d000.s3338.t000" lemma="sárgabarack" pos="NOUN">sárgabarack</instance>
         <wf lemma="béta" pos="X">béta</wf>
         <wf lemma="karotin" pos="X">karotin</wf>
         <wf lemma="tartalmánál" pos="X">tartalmánál</wf>
         <wf lemma="fogva" pos="X">fogva</wf>
         <wf lemma="segít" pos="X">segít</wf>
         <wf lemma="megsemmisíteni" pos="X">megsemmisíteni</wf>
         <wf lemma="a" pos="X">a</wf>
         <wf lemma="rákos" pos="X">rákos</wf>
         <wf lemma="daganatokat" pos="X">daganatokat</wf>
         <wf lemma="." pos="X">.</wf>
      </sentence>
      <sentence id="d000.s3339" source="wordnet-hungarian">
         <wf lemma="A" pos="X">A</wf>
         <wf lemma="nevét" pos="X">nevét</wf>
         <wf lemma="kihúzták" pos="X">kihúzták</wf>
         <wf lemma="a" pos="X">a</wf>
         <instance id="d000.s3339.t000" lemma="névsor" pos="NOUN">névsorból</instance>
         <wf lemma="." pos="X">.</wf>
      </sentence>
      <sentence id="d000.s3340" source="wordnet-hungarian">
         <wf lemma="A" pos="X">A</wf>
         <wf lemma="kormány" pos="X">kormány</wf>
         <wf lemma="még" pos="X">még</wf>
         <wf lemma="nem" pos="X">nem</wf>
         <wf lemma="volt" pos="X">volt</wf>
         <wf lemma="felkészülve" pos="X">felkészülve</wf>
         <wf lemma="a" pos="X">a</wf>
         <wf lemma="szakszervezetekkel" pos="X">szakszervezetekkel</wf>
         <wf lemma="való" pos="X">való</wf>
         <instance id="d000.s3340.t000" lemma="összeütközés" pos="NOUN">összeütközésre</instance>
         <wf lemma="." pos="X">.</wf>
      </sentence>
      <sentence id="d000.s3341" source="wordnet-hungarian">
         <wf lemma="A" pos="X">A</wf>
         <wf lemma="kormány" pos="X">kormány</wf>
         <wf lemma="az" pos="X">az</wf>
         <wf lemma="igazgatót" pos="X">igazgatót</wf>
         <instance id="d000.s3341.t000" lemma="javasol" pos="VERB">javasolta</instance>
         <wf lemma="államtitkárnak" pos="X">államtitkárnak</wf>
         <wf lemma="." pos="X">.</wf>
      </sentence>
      <sentence id="d000.s3342" source="wordnet-hungarian">
         <wf lemma="A" pos="X">A</wf>
         <instance id="d000.s3342.t000" lemma="pollen" pos="NOUN">pollen</instance>
         <wf lemma="sok" pos="X">sok</wf>
         <wf lemma="emberből" pos="X">emberből</wf>
         <wf lemma="allergiás" pos="X">allergiás</wf>
         <wf lemma="tüneteket" pos="X">tüneteket</wf>
         <wf lemma="vált" pos="X">vált</wf>
         <wf lemma="ki" pos="X">ki</wf>
         <wf lemma="." pos="X">.</wf>
      </sentence>
      <sentence id="d000.s3343" source="wordnet-hungarian">
         <instance id="d000.s3343.t000" lemma="érzékszerv" pos="NOUN">Érzékszervei</instance>
         <wf lemma="gyorsan" pos="X">gyorsan</wf>
         <wf lemma="alkalmazkodtak" pos="X">alkalmazkodtak</wf>
         <wf lemma="a" pos="X">a</wf>
         <wf lemma="megváltozott" pos="X">megváltozott</wf>
         <wf lemma="körülményekhez" pos="X">körülményekhez</wf>
         <wf lemma="." pos="X">.</wf>
      </sentence>
      <sentence id="d000.s3344" source="wordnet-hungarian">
         <wf lemma="Ma" pos="X">Ma</wf>
         <wf lemma="sonkás" pos="X">sonkás</wf>
         <instance id="d000.s3344.t000" lemma="szendvics" pos="NOUN">szendvicset</instance>
         <wf lemma="ettem" pos="X">ettem</wf>
         <wf lemma="uzsonnára" pos="X">uzsonnára</wf>
         <wf lemma="." pos="X">.</wf>
      </sentence>
      <sentence id="d000.s3345" source="wordnet-hungarian">
         <wf lemma="Katától" pos="X">Katától</wf>
         <wf lemma="a" pos="X">a</wf>
         <wf lemma="kórházban" pos="X">kórházban</wf>
         <wf lemma="minden" pos="X">minden</wf>
         <wf lemma="nap" pos="X">nap</wf>
         <instance id="d000.s3345.t000" lemma="vesz" pos="VERB">vettek</instance>
         <wf lemma="vért" pos="X">vért</wf>
         <wf lemma="." pos="X">.</wf>
      </sentence>
      <sentence id="d000.s3346" source="wordnet-hungarian">
         <wf lemma="Az" pos="X">Az</wf>
         <instance id="d000.s3346.t000" lemma="édeskömény" pos="NOUN">édeskömény</instance>
         <wf lemma="kiválóan" pos="X">kiválóan</wf>
         <wf lemma="alkalmas" pos="X">alkalmas</wf>
         <wf lemma="pikáns" pos="X">pikáns</wf>
         <wf lemma="ízű" pos="X">ízű</wf>
         <wf lemma="saláták" pos="X">saláták</wf>
         <wf lemma="készítésére" pos="X">készítésére</wf>
         <wf lemma="." pos="X">.</wf>
      </sentence>
      <sentence id="d000.s3347" source="wordnet-hungarian">
         <instance id="d000.s3347.t000" lemma="pirítós" pos="NOUN">Pirítóst</instance>
         <wf lemma="evett" pos="X">evett</wf>
         <wf lemma="lekvárral" pos="X">lekvárral</wf>
         <wf lemma="." pos="X">.</wf>
      </sentence>
      <sentence id="d000.s3348" source="wordnet-hungarian">
         <wf lemma="Elzárták" pos="X">Elzárták</wf>
         <wf lemma="az" pos="X">az</wf>
         <wf lemma="egyetlen" pos="X">egyetlen</wf>
         <instance id="d000.s3348.t000" lemma="kijárat" pos="NOUN">kijáratot</instance>
         <wf lemma="." pos="X">.</wf>
      </sentence>
      <sentence id="d000.s3349" source="wordnet-hungarian">
         <wf lemma="A" pos="X">A</wf>
         <instance id="d000.s3349.t000" lemma="vérnyomás" pos="NOUN">vérnyomása</instance>
         <wf lemma="a" pos="X">a</wf>
         <wf lemma="normális" pos="X">normális</wf>
         <wf lemma="tartományban" pos="X">tartományban</wf>
         <wf lemma="mozog" pos="X">mozog</wf>
         <wf lemma="," pos="X">,</wf>
         <wf lemma="de" pos="X">de</wf>
         <wf lemma="ha" pos="X">ha</wf>
         <wf lemma="ideges" pos="X">ideges</wf>
         <wf lemma="gyorsan" pos="X">gyorsan</wf>
         <wf lemma="felszökik" pos="X">felszökik</wf>
         <wf lemma="." pos="X">.</wf>
      </sentence>
      <sentence id="d000.s3350" source="wordnet-hungarian">
         <wf lemma="Az" pos="X">Az</wf>
         <instance id="d000.s3350.t000" lemma="egér" pos="NOUN">egér</instance>
         <wf lemma="jobb" pos="X">jobb</wf>
         <wf lemma="gombjával" pos="X">gombjával</wf>
         <wf lemma="kell" pos="X">kell</wf>
         <wf lemma="kattintani" pos="X">kattintani</wf>
         <wf lemma="." pos="X">.</wf>
      </sentence>
      <sentence id="d000.s3351" source="wordnet-hungarian">
         <wf lemma="Ezt" pos="X">Ezt</wf>
         <wf lemma="a" pos="X">a</wf>
         <wf lemma="problémát" pos="X">problémát</wf>
         <wf lemma="csak" pos="X">csak</wf>
         <instance id="d000.s3351.t000" lemma="szakember" pos="NOUN">szakember</instance>
         <wf lemma="oldhatja" pos="X">oldhatja</wf>
         <wf lemma="meg" pos="X">meg</wf>
         <wf lemma="." pos="X">.</wf>
      </sentence>
      <sentence id="d000.s3352" source="wordnet-hungarian">
         <wf lemma="A" pos="X">A</wf>
         <instance id="d000.s3352.t000" lemma="főkönyv" pos="NOUN">főkönyv</instance>
         <wf lemma="és" pos="X">és</wf>
         <wf lemma="az" pos="X">az</wf>
         <wf lemma="analitikai" pos="X">analitikai</wf>
         <wf lemma="alrendszerek" pos="X">alrendszerek</wf>
         <wf lemma="integrált" pos="X">integrált</wf>
         <wf lemma="könyvelési" pos="X">könyvelési</wf>
         <wf lemma="architektúrája" pos="X">architektúrája</wf>
         <wf lemma="szavatolja" pos="X">szavatolja</wf>
         <wf lemma="az" pos="X">az</wf>
         <wf lemma="adatok" pos="X">adatok</wf>
         <wf lemma="integritását" pos="X">integritását</wf>
         <wf lemma="," pos="X">,</wf>
         <wf lemma="auditálhatóságát" pos="X">auditálhatóságát</wf>
         <wf lemma="és" pos="X">és</wf>
         <wf lemma="szoros" pos="X">szoros</wf>
         <wf lemma="kézbentarthatóságát" pos="X">kézbentarthatóságát</wf>
         <wf lemma="." pos="X">.</wf>
      </sentence>
      <sentence id="d000.s3353" source="wordnet-hungarian">
         <wf lemma="Az" pos="X">Az</wf>
         <wf lemma="ügyeket" pos="X">ügyeket</wf>
         <wf lemma="vizsgáló" pos="X">vizsgáló</wf>
         <instance id="d000.s3353.t000" lemma="bizottság" pos="NOUN">bizottságban</instance>
         <wf lemma="arányosan" pos="X">arányosan</wf>
         <wf lemma="vesznek" pos="X">vesznek</wf>
         <wf lemma="részt" pos="X">részt</wf>
         <wf lemma="a" pos="X">a</wf>
         <wf lemma="parlamenti" pos="X">parlamenti</wf>
         <wf lemma="pártok" pos="X">pártok</wf>
         <wf lemma="képviselői" pos="X">képviselői</wf>
         <wf lemma="." pos="X">.</wf>
      </sentence>
      <sentence id="d000.s3354" source="wordnet-hungarian">
         <instance id="d000.s3354.t000" lemma="kiolvaszt" pos="VERB">Kiolvasztottam</instance>
         <wf lemma="egy" pos="X">egy</wf>
         <wf lemma="gyanús" pos="X">gyanús</wf>
         <wf lemma="csomagot" pos="X">csomagot</wf>
         <wf lemma="," pos="X">,</wf>
         <wf lemma="amit" pos="X">amit</wf>
         <wf lemma="a" pos="X">a</wf>
         <wf lemma="mélyhűtőben" pos="X">mélyhűtőben</wf>
         <wf lemma="találtam" pos="X">találtam</wf>
         <wf lemma="." pos="X">.</wf>
      </sentence>
      <sentence id="d000.s3355" source="wordnet-hungarian">
         <wf lemma="A" pos="X">A</wf>
         <instance id="d000.s3355.t000" lemma="lepra" pos="NOUN">lepra</instance>
         <wf lemma="kórokozóját" pos="X">kórokozóját</wf>
         <wf lemma="1873-ban" pos="X">1873-ban</wf>
         <wf lemma="fedezte" pos="X">fedezte</wf>
         <wf lemma="fel" pos="X">fel</wf>
         <wf lemma="Armauer" pos="X">Armauer</wf>
         <wf lemma="Hansen" pos="X">Hansen</wf>
         <wf lemma="," pos="X">,</wf>
         <wf lemma="Bergenben" pos="X">Bergenben</wf>
         <wf lemma="." pos="X">.</wf>
      </sentence>
      <sentence id="d000.s3356" source="wordnet-hungarian">
         <wf lemma="Könnyebb" pos="X">Könnyebb</wf>
         <wf lemma="a" pos="X">a</wf>
         <wf lemma="tevének" pos="X">tevének</wf>
         <wf lemma="átmenni" pos="X">átmenni</wf>
         <wf lemma="a" pos="X">a</wf>
         <wf lemma="tű" pos="X">tű</wf>
         <instance id="d000.s3356.t000" lemma="fok" pos="NOUN">fokán</instance>
         <wf lemma="." pos="X">.</wf>
      </sentence>
      <sentence id="d000.s3357" source="wordnet-hungarian">
         <wf lemma="Inge" pos="X">Inge</wf>
         <wf lemma="fölé" pos="X">fölé</wf>
         <wf lemma="hímzett" pos="X">hímzett</wf>
         <instance id="d000.s3357.t000" lemma="mellény" pos="NOUN">mellényt</instance>
         <wf lemma="vett" pos="X">vett</wf>
         <wf lemma="fel" pos="X">fel</wf>
         <wf lemma="," pos="X">,</wf>
         <wf lemma="hogy" pos="X">hogy</wf>
         <wf lemma="meg" pos="X">meg</wf>
         <wf lemma="ne" pos="X">ne</wf>
         <wf lemma="fázzon" pos="X">fázzon</wf>
         <wf lemma="a" pos="X">a</wf>
         <wf lemma="friss" pos="X">friss</wf>
         <wf lemma="," pos="X">,</wf>
         <wf lemma="tavaszi" pos="X">tavaszi</wf>
         <wf lemma="szélben" pos="X">szélben</wf>
         <wf lemma="." pos="X">.</wf>
      </sentence>
      <sentence id="d000.s3358" source="wordnet-hungarian">
         <wf lemma="Az" pos="X">Az</wf>
         <wf lemma="darabot" pos="X">darabot</wf>
         <wf lemma="száz" pos="X">száz</wf>
         <instance id="d000.s3358.t000" lemma="előadás" pos="NOUN">előadáson</instance>
         <wf lemma="keresztül" pos="X">keresztül</wf>
         <wf lemma="játszották" pos="X">játszották</wf>
         <wf lemma="." pos="X">.</wf>
      </sentence>
      <sentence id="d000.s3359" source="wordnet-hungarian">
         <wf lemma="Délben" pos="X">Délben</wf>
         <wf lemma="a" pos="X">a</wf>
         <instance id="d000.s3359.t000" lemma="fa" pos="NOUN">fa</instance>
         <wf lemma="árnyékában" pos="X">árnyékában</wf>
         <wf lemma="hűsöltünk" pos="X">hűsöltünk</wf>
         <wf lemma="." pos="X">.</wf>
      </sentence>
      <sentence id="d000.s3360" source="wordnet-hungarian">
         <wf lemma="A" pos="X">A</wf>
         <wf lemma="kínaiak" pos="X">kínaiak</wf>
         <instance id="d000.s3360.t000" lemma="írásrendszer" pos="NOUN">írásrendszere</instance>
         <wf lemma="teljesen" pos="X">teljesen</wf>
         <wf lemma="különbözik" pos="X">különbözik</wf>
         <wf lemma="a" pos="X">a</wf>
         <wf lemma="miénktől" pos="X">miénktől</wf>
         <wf lemma="." pos="X">.</wf>
      </sentence>
      <sentence id="d000.s3361" source="wordnet-hungarian">
         <wf lemma="Ebben" pos="X">Ebben</wf>
         <wf lemma="az" pos="X">az</wf>
         <instance id="d000.s3361.t000" lemma="összeállítás" pos="NOUN">összeállításban</instance>
         <wf lemma="nem" pos="X">nem</wf>
         <wf lemma="tetszik" pos="X">tetszik</wf>
         <wf lemma="a" pos="X">a</wf>
         <wf lemma="konyhabútor" pos="X">konyhabútor</wf>
         <wf lemma="." pos="X">.</wf>
      </sentence>
      <sentence id="d000.s3362" source="wordnet-hungarian">
         <wf lemma="Négy" pos="X">Négy</wf>
         <wf lemma="évvel" pos="X">évvel</wf>
         <wf lemma="a" pos="X">a</wf>
         <wf lemma="korábbi" pos="X">korábbi</wf>
         <wf lemma="jelentés" pos="X">jelentés</wf>
         <wf lemma="után" pos="X">után</wf>
         <wf lemma="felszólították" pos="X">felszólították</wf>
         <wf lemma="Magyarországot" pos="X">Magyarországot</wf>
         <wf lemma="," pos="X">,</wf>
         <wf lemma="hogy" pos="X">hogy</wf>
         <wf lemma="növelje" pos="X">növelje</wf>
         <wf lemma="a" pos="X">a</wf>
         <wf lemma="nők" pos="X">nők</wf>
         <wf lemma="számát" pos="X">számát</wf>
         <wf lemma="a" pos="X">a</wf>
         <wf lemma="közéletben" pos="X">közéletben</wf>
         <wf lemma="és" pos="X">és</wf>
         <wf lemma="a" pos="X">a</wf>
         <instance id="d000.s3362.t000" lemma="politika" pos="NOUN">politikában</instance>
         <wf lemma="." pos="X">.</wf>
      </sentence>
      <sentence id="d000.s3363" source="wordnet-hungarian">
         <wf lemma="A" pos="X">A</wf>
         <instance id="d000.s3363.t000" lemma="jelenlét" pos="NOUN">jelenlétet</instance>
         <wf lemma="az" pos="X">az</wf>
         <wf lemma="előadás" pos="X">előadás</wf>
         <wf lemma="előtt" pos="X">előtt</wf>
         <wf lemma="ellenőrizték" pos="X">ellenőrizték</wf>
         <wf lemma="." pos="X">.</wf>
      </sentence>
      <sentence id="d000.s3364" source="wordnet-hungarian">
         <wf lemma="Az" pos="X">Az</wf>
         <wf lemma="egyik" pos="X">egyik</wf>
         <wf lemma="paradicsom" pos="X">paradicsom</wf>
         <wf lemma="éppen" pos="X">éppen</wf>
         <wf lemma="a" pos="X">a</wf>
         <wf lemma="tuba" pos="X">tuba</wf>
         <instance id="d000.s3364.t000" lemma="tölcsér" pos="NOUN">tölcsérében</instance>
         <wf lemma="landolt" pos="X">landolt</wf>
         <wf lemma="." pos="X">.</wf>
      </sentence>
      <sentence id="d000.s3365" source="wordnet-hungarian">
         <wf lemma="Legalább" pos="X">Legalább</wf>
         <wf lemma="egy" pos="X">egy</wf>
         <instance id="d000.s3365.t000" lemma="reluxa" pos="NOUN">reluxát</instance>
         <wf lemma="szerelj" pos="X">szerelj</wf>
         <wf lemma="az" pos="X">az</wf>
         <wf lemma="ablakra" pos="X">ablakra</wf>
         <wf lemma="," pos="X">,</wf>
         <wf lemma="hogy" pos="X">hogy</wf>
         <wf lemma="ennyi" pos="X">ennyi</wf>
         <wf lemma="fény" pos="X">fény</wf>
         <wf lemma="ne" pos="X">ne</wf>
         <wf lemma="jöhessen" pos="X">jöhessen</wf>
         <wf lemma="be" pos="X">be</wf>
         <wf lemma="!" pos="X">!</wf>
      </sentence>
      <sentence id="d000.s3366" source="wordnet-hungarian">
         <wf lemma="Minden" pos="X">Minden</wf>
         <wf lemma="nyáron" pos="X">nyáron</wf>
         <wf lemma="csupán" pos="X">csupán</wf>
         <wf lemma="két" pos="X">két</wf>
         <wf lemma="hét" pos="X">hét</wf>
         <instance id="d000.s3366.t000" lemma="szabadság" pos="NOUN">szabadságot</instance>
         <wf lemma="kapunk" pos="X">kapunk</wf>
         <wf lemma="a" pos="X">a</wf>
         <wf lemma="cégnél" pos="X">cégnél</wf>
         <wf lemma="." pos="X">.</wf>
      </sentence>
      <sentence id="d000.s3367" source="wordnet-hungarian">
         <wf lemma="A" pos="X">A</wf>
         <wf lemma="dolgot" pos="X">dolgot</wf>
         <wf lemma="más" pos="X">más</wf>
         <instance id="d000.s3367.t000" lemma="oldal" pos="NOUN">oldaláról</instance>
         <wf lemma="is" pos="X">is</wf>
         <wf lemma="meg" pos="X">meg</wf>
         <wf lemma="kell" pos="X">kell</wf>
         <wf lemma="vizsgálni" pos="X">vizsgálni</wf>
         <wf lemma="." pos="X">.</wf>
      </sentence>
      <sentence id="d000.s3368" source="wordnet-hungarian">
         <wf lemma="Majdnem" pos="X">Majdnem</wf>
         <wf lemma="megcsípett" pos="X">megcsípett</wf>
         <wf lemma="egy" pos="X">egy</wf>
         <instance id="d000.s3368.t000" lemma="méh" pos="NOUN">méh</instance>
         <wf lemma="." pos="X">.</wf>
      </sentence>
      <sentence id="d000.s3369" source="wordnet-hungarian">
         <wf lemma="Az" pos="X">Az</wf>
         <wf lemma="összes" pos="X">összes</wf>
         <wf lemma="barátját" pos="X">barátját</wf>
         <wf lemma="meghívta" pos="X">meghívta</wf>
         <wf lemma="az" pos="X">az</wf>
         <instance id="d000.s3369.t000" lemma="esküvő" pos="NOUN">esküvőjére</instance>
         <wf lemma="." pos="X">.</wf>
      </sentence>
      <sentence id="d000.s3370" source="wordnet-hungarian">
         <wf lemma="A" pos="X">A</wf>
         <wf lemma="könyvek" pos="X">könyvek</wf>
         <wf lemma="," pos="X">,</wf>
         <wf lemma="amiket" pos="X">amiket</wf>
         <wf lemma="keresel" pos="X">keresel</wf>
         <wf lemma="," pos="X">,</wf>
         <wf lemma="ott" pos="X">ott</wf>
         <instance id="d000.s3370.t000" lemma="fekszik" pos="VERB">fekszenek</instance>
         <wf lemma="a" pos="X">a</wf>
         <wf lemma="polcon" pos="X">polcon</wf>
         <wf lemma="." pos="X">.</wf>
      </sentence>
      <sentence id="d000.s3371" source="wordnet-hungarian">
         <wf lemma="A" pos="X">A</wf>
         <wf lemma="rendetlen" pos="X">rendetlen</wf>
         <wf lemma="gyerekeket" pos="X">gyerekeket</wf>
         <wf lemma="az" pos="X">az</wf>
         <instance id="d000.s3371.t000" lemma="igazgató" pos="NOUN">igazgatóhoz</instance>
         <wf lemma="küldték" pos="X">küldték</wf>
         <wf lemma="elbeszélgetésre" pos="X">elbeszélgetésre</wf>
         <wf lemma="." pos="X">.</wf>
      </sentence>
      <sentence id="d000.s3372" source="wordnet-hungarian">
         <wf lemma="A" pos="X">A</wf>
         <instance id="d000.s3372.t000" lemma="bagoly" pos="NOUN">bagoly</instance>
         <wf lemma="éjszakai" pos="X">éjszakai</wf>
         <wf lemma="madár" pos="X">madár</wf>
         <wf lemma="," pos="X">,</wf>
         <wf lemma="nem" pos="X">nem</wf>
         <wf lemma="lát" pos="X">lát</wf>
         <wf lemma="jól" pos="X">jól</wf>
         <wf lemma="a" pos="X">a</wf>
         <wf lemma="napvilágnál" pos="X">napvilágnál</wf>
         <wf lemma="." pos="X">.</wf>
      </sentence>
      <sentence id="d000.s3373" source="wordnet-hungarian">
         <wf lemma="Az" pos="X">Az</wf>
         <wf lemma="ünnepi" pos="X">ünnepi</wf>
         <wf lemma="vacsora" pos="X">vacsora</wf>
         <wf lemma="kiadásait" pos="X">kiadásait</wf>
         <wf lemma="a" pos="X">a</wf>
         <wf lemma="Svéd" pos="X">Svéd</wf>
         <wf lemma="Nagykövetség" pos="X">Nagykövetség</wf>
         <instance id="d000.s3373.t000" lemma="fedez" pos="VERB">fedezi</instance>
         <wf lemma="." pos="X">.</wf>
      </sentence>
      <sentence id="d000.s3374" source="wordnet-hungarian">
         <wf lemma="Az" pos="X">Az</wf>
         <instance id="d000.s3374.t000" lemma="édeskömény" pos="NOUN">édeskömény</instance>
         <wf lemma="a" pos="X">a</wf>
         <wf lemma="Földközi-tenger" pos="X">Földközi-tenger</wf>
         <wf lemma="térségében" pos="X">térségében</wf>
         <wf lemma="honos" pos="X">honos</wf>
         <wf lemma="zöldségféle" pos="X">zöldségféle</wf>
         <wf lemma="," pos="X">,</wf>
         <wf lemma="amelyet" pos="X">amelyet</wf>
         <wf lemma="már" pos="X">már</wf>
         <wf lemma="az" pos="X">az</wf>
         <wf lemma="ókori" pos="X">ókori</wf>
         <wf lemma="egyiptomiak" pos="X">egyiptomiak</wf>
         <wf lemma="is" pos="X">is</wf>
         <wf lemma="termesztettek" pos="X">termesztettek</wf>
         <wf lemma="gyógyhatású" pos="X">gyógyhatású</wf>
         <wf lemma="anyagai" pos="X">anyagai</wf>
         <wf lemma="miatt" pos="X">miatt</wf>
         <wf lemma=";" pos="X">;</wf>
         <wf lemma="íze" pos="X">íze</wf>
         <wf lemma="jellegzetesen" pos="X">jellegzetesen</wf>
         <wf lemma="ánizsos" pos="X">ánizsos</wf>
         <wf lemma="." pos="X">.</wf>
      </sentence>
      <sentence id="d000.s3375" source="wordnet-hungarian">
         <wf lemma="a" pos="X">a</wf>
         <wf lemma="buddhizmus" pos="X">buddhizmus</wf>
         <instance id="d000.s3375.t000" lemma="tanítás" pos="NOUN">tanításai</instance>
         <wf lemma="." pos="X">.</wf>
      </sentence>
      <sentence id="d000.s3376" source="wordnet-hungarian">
         <wf lemma="A" pos="X">A</wf>
         <instance id="d000.s3376.t000" lemma="mozdonyvezető" pos="NOUN">mozdonyvezetők</instance>
         <wf lemma="szakszervezete" pos="X">szakszervezete</wf>
         <wf lemma="nyolcórás" pos="X">nyolcórás</wf>
         <wf lemma="figyelmeztető" pos="X">figyelmeztető</wf>
         <wf lemma="sztrájkot" pos="X">sztrájkot</wf>
         <wf lemma="tartott" pos="X">tartott</wf>
         <wf lemma="kedden" pos="X">kedden</wf>
         <wf lemma="." pos="X">.</wf>
      </sentence>
      <sentence id="d000.s3377" source="wordnet-hungarian">
         <wf lemma="Pisti" pos="X">Pisti</wf>
         <wf lemma="előadásában" pos="X">előadásában</wf>
         <instance id="d000.s3377.t000" lemma="érint" pos="VERB">érintette</instance>
         <wf lemma="a" pos="X">a</wf>
         <wf lemma="topológia" pos="X">topológia</wf>
         <wf lemma="kérdéskörét" pos="X">kérdéskörét</wf>
         <wf lemma="." pos="X">.</wf>
      </sentence>
      <sentence id="d000.s3378" source="wordnet-hungarian">
         <wf lemma="Nem" pos="X">Nem</wf>
         <instance id="d000.s3378.t000" lemma="hagy" pos="VERB">hagyom</instance>
         <wf lemma="," pos="X">,</wf>
         <wf lemma="hogy" pos="X">hogy</wf>
         <wf lemma="a" pos="X">a</wf>
         <wf lemma="rendőrök" pos="X">rendőrök</wf>
         <wf lemma="átkutassák" pos="X">átkutassák</wf>
         <wf lemma="a" pos="X">a</wf>
         <wf lemma="lakásomat" pos="X">lakásomat</wf>
         <wf lemma="." pos="X">.</wf>
      </sentence>
      <sentence id="d000.s3379" source="wordnet-hungarian">
         <wf lemma="Az" pos="X">Az</wf>
         <wf lemma="önhittség" pos="X">önhittség</wf>
         <wf lemma="nem" pos="X">nem</wf>
         <wf lemma="egy" pos="X">egy</wf>
         <wf lemma="megnyerő" pos="X">megnyerő</wf>
         <instance id="d000.s3379.t000" lemma="tulajdonság" pos="NOUN">tulajdonság</instance>
         <wf lemma="." pos="X">.</wf>
      </sentence>
      <sentence id="d000.s3380" source="wordnet-hungarian">
         <wf lemma="Az" pos="X">Az</wf>
         <wf lemma="olajnábob" pos="X">olajnábob</wf>
         <wf lemma="felbontotta" pos="X">felbontotta</wf>
         <wf lemma="a" pos="X">a</wf>
         <wf lemma="levelet" pos="X">levelet</wf>
         <wf lemma="," pos="X">,</wf>
         <wf lemma="elolvasta" pos="X">elolvasta</wf>
         <wf lemma="," pos="X">,</wf>
         <wf lemma="és" pos="X">és</wf>
         <wf lemma="10" pos="X">10</wf>
         <wf lemma="cent" pos="X">cent</wf>
         <wf lemma="borravalót" pos="X">borravalót</wf>
         <wf lemma="adott" pos="X">adott</wf>
         <wf lemma="a" pos="X">a</wf>
         <instance id="d000.s3380.t000" lemma="küldönc" pos="NOUN">küldöncnek</instance>
         <wf lemma="." pos="X">.</wf>
      </sentence>
      <sentence id="d000.s3381" source="wordnet-hungarian">
         <wf lemma="A" pos="X">A</wf>
         <wf lemma="meteorológusok" pos="X">meteorológusok</wf>
         <wf lemma="szerint" pos="X">szerint</wf>
         <wf lemma="egész" pos="X">egész</wf>
         <wf lemma="héten" pos="X">héten</wf>
         <instance id="d000.s3381.t000" lemma="marad" pos="VERB">marad</instance>
         <wf lemma="a" pos="X">a</wf>
         <wf lemma="rossz" pos="X">rossz</wf>
         <wf lemma="idő" pos="X">idő</wf>
         <wf lemma="." pos="X">.</wf>
      </sentence>
      <sentence id="d000.s3382" source="wordnet-hungarian">
         <wf lemma="Az" pos="X">Az</wf>
         <instance id="d000.s3382.t000" lemma="antropológus" pos="NOUN">antropológus</instance>
         <wf lemma="terepét" pos="X">terepét</wf>
         <wf lemma="úgy" pos="X">úgy</wf>
         <wf lemma="határozzák" pos="X">határozzák</wf>
         <wf lemma="meg" pos="X">meg</wf>
         <wf lemma="," pos="X">,</wf>
         <wf lemma="mint" pos="X">mint</wf>
         <wf lemma="a" pos="X">a</wf>
         <wf lemma="máshova" pos="X">máshova</wf>
         <wf lemma="település" pos="X">település</wf>
         <wf lemma="és" pos="X">és</wf>
         <wf lemma="produktív" pos="X">produktív</wf>
         <wf lemma="munka" pos="X">munka</wf>
         <wf lemma="helyszínét" pos="X">helyszínét</wf>
         <wf lemma="." pos="X">.</wf>
      </sentence>
      <sentence id="d000.s3383" source="wordnet-hungarian">
         <wf lemma="A" pos="X">A</wf>
         <wf lemma="medialis" pos="X">medialis</wf>
         <wf lemma="orrnyúlvány" pos="X">orrnyúlvány</wf>
         <wf lemma="és" pos="X">és</wf>
         <wf lemma="a" pos="X">a</wf>
         <wf lemma="maxillaris" pos="X">maxillaris</wf>
         <instance id="d000.s3383.t000" lemma="nyúlvány" pos="NOUN">nyúlvány</instance>
         <wf lemma="tökéletlen" pos="X">tökéletlen</wf>
         <wf lemma="összenövése" pos="X">összenövése</wf>
         <wf lemma="a" pos="X">a</wf>
         <wf lemma="nyúlajak" pos="X">nyúlajak</wf>
         <wf lemma="." pos="X">.</wf>
      </sentence>
      <sentence id="d000.s3384" source="wordnet-hungarian">
         <wf lemma="A" pos="X">A</wf>
         <instance id="d000.s3384.t000" lemma="csipkebogyó" pos="NOUN">csipkebogyóból</instance>
         <wf lemma="finom" pos="X">finom</wf>
         <wf lemma="tea" pos="X">tea</wf>
         <wf lemma="készül" pos="X">készül</wf>
         <wf lemma="." pos="X">.</wf>
      </sentence>
      <sentence id="d000.s3385" source="wordnet-hungarian">
         <wf lemma="A" pos="X">A</wf>
         <wf lemma="falu" pos="X">falu</wf>
         <wf lemma="az" pos="X">az</wf>
         <instance id="d000.s3385.t000" lemma="érsekség" pos="NOUN">érsekség</instance>
         <wf lemma="területén" pos="X">területén</wf>
         <wf lemma="kívül" pos="X">kívül</wf>
         <wf lemma="esik" pos="X">esik</wf>
         <wf lemma="." pos="X">.</wf>
      </sentence>
      <sentence id="d000.s3386" source="wordnet-hungarian">
         <wf lemma="Nem" pos="X">Nem</wf>
         <wf lemma="ez" pos="X">ez</wf>
         <wf lemma="az" pos="X">az</wf>
         <instance id="d000.s3386.t000" lemma="eset" pos="NOUN">eset</instance>
         <wf lemma="forog" pos="X">forog</wf>
         <wf lemma="fenn" pos="X">fenn</wf>
         <wf lemma="." pos="X">.</wf>
      </sentence>
      <sentence id="d000.s3387" source="wordnet-hungarian">
         <wf lemma="A" pos="X">A</wf>
         <instance id="d000.s3387.t000" lemma="vitorlás" pos="NOUN">vitorlás</instance>
         <wf lemma="gyorsan" pos="X">gyorsan</wf>
         <wf lemma="halad" pos="X">halad</wf>
         <wf lemma="ebben" pos="X">ebben</wf>
         <wf lemma="a" pos="X">a</wf>
         <wf lemma="szélben" pos="X">szélben</wf>
         <wf lemma="!" pos="X">!</wf>
      </sentence>
      <sentence id="d000.s3388" source="wordnet-hungarian">
         <wf lemma="A" pos="X">A</wf>
         <wf lemma="bronz" pos="X">bronz</wf>
         <wf lemma="a" pos="X">a</wf>
         <instance id="d000.s3388.t000" lemma="réz" pos="NOUN">réz</instance>
         <wf lemma="egy" pos="X">egy</wf>
         <wf lemma="ötvözete" pos="X">ötvözete</wf>
         <wf lemma="." pos="X">.</wf>
      </sentence>
      <sentence id="d000.s3389" source="wordnet-hungarian">
         <instance id="d000.s3389.t000" lemma="empátia" pos="NOUN">Empátia</instance>
         <wf lemma="segítségével" pos="X">segítségével</wf>
         <wf lemma="olvasni" pos="X">olvasni</wf>
         <wf lemma="tudnak" pos="X">tudnak</wf>
         <wf lemma="az" pos="X">az</wf>
         <wf lemma="emberek" pos="X">emberek</wf>
         <wf lemma="reakciójából" pos="X">reakciójából</wf>
         <wf lemma="." pos="X">.</wf>
      </sentence>
      <sentence id="d000.s3390" source="wordnet-hungarian">
         <wf lemma="A" pos="X">A</wf>
         <instance id="d000.s3390.t000" lemma="délelőtt" pos="NOUN">délelőttöt</instance>
         <wf lemma="tanulással" pos="X">tanulással</wf>
         <wf lemma="töltöttem" pos="X">töltöttem</wf>
         <wf lemma="." pos="X">.</wf>
      </sentence>
      <sentence id="d000.s3391" source="wordnet-hungarian">
         <wf lemma="Ez" pos="X">Ez</wf>
         <wf lemma="összhangban" pos="X">összhangban</wf>
         <wf lemma="áll" pos="X">áll</wf>
         <wf lemma="a" pos="X">a</wf>
         <wf lemma="vizsgálóbizottság" pos="X">vizsgálóbizottság</wf>
         <instance id="d000.s3391.t000" lemma="jelentés" pos="NOUN">jelentésével</instance>
         <wf lemma="." pos="X">.</wf>
      </sentence>
      <sentence id="d000.s3392" source="wordnet-hungarian">
         <wf lemma="Merre" pos="X">Merre</wf>
         <wf lemma="van" pos="X">van</wf>
         <wf lemma="a" pos="X">a</wf>
         <wf lemma="legközelebbi" pos="X">legközelebbi</wf>
         <instance id="d000.s3392.t000" lemma="gyógyszertár" pos="NOUN">gyógyszertár</instance>
         <wf lemma="?" pos="X">?</wf>
      </sentence>
      <sentence id="d000.s3393" source="wordnet-hungarian">
         <wf lemma="Ez" pos="X">Ez</wf>
         <wf lemma="a" pos="X">a</wf>
         <wf lemma="vállalkozás" pos="X">vállalkozás</wf>
         <wf lemma="sok" pos="X">sok</wf>
         <instance id="d000.s3393.t000" lemma="kockázat" pos="NOUN">kockázattal</instance>
         <wf lemma="jár" pos="X">jár</wf>
         <wf lemma="." pos="X">.</wf>
      </sentence>
      <sentence id="d000.s3394" source="wordnet-hungarian">
         <wf lemma="Az" pos="X">Az</wf>
         <wf lemma="5." pos="X">5.</wf>
         <wf lemma="és" pos="X">és</wf>
         <wf lemma="6." pos="X">6.</wf>
         <wf lemma="századokban" pos="X">századokban</wf>
         <wf lemma="az" pos="X">az</wf>
         <wf lemma="angolok" pos="X">angolok</wf>
         <wf lemma="," pos="X">,</wf>
         <wf lemma="szászok" pos="X">szászok</wf>
         <wf lemma="és" pos="X">és</wf>
         <instance id="d000.s3394.t000" lemma="jüt" pos="NOUN">jütök</instance>
         <wf lemma="a" pos="X">a</wf>
         <wf lemma="mai" pos="X">mai</wf>
         <wf lemma="északnémet" pos="X">északnémet</wf>
         <wf lemma="területekről" pos="X">területekről</wf>
         <wf lemma="Britannia" pos="X">Britannia</wf>
         <wf lemma="déli" pos="X">déli</wf>
         <wf lemma="részére" pos="X">részére</wf>
         <wf lemma="települtek" pos="X">települtek</wf>
         <wf lemma="." pos="X">.</wf>
      </sentence>
      <sentence id="d000.s3395" source="wordnet-hungarian">
         <wf lemma="Meglepetésszerű" pos="X">Meglepetésszerű</wf>
         <instance id="d000.s3395.t000" lemma="támadás" pos="NOUN">támadás</instance>
         <wf lemma="volt" pos="X">volt</wf>
         <wf lemma="." pos="X">.</wf>
      </sentence>
      <sentence id="d000.s3396" source="wordnet-hungarian">
         <wf lemma="Ezek" pos="X">Ezek</wf>
         <wf lemma="mellett" pos="X">mellett</wf>
         <wf lemma="a" pos="X">a</wf>
         <instance id="d000.s3396.t000" lemma="paraméter" pos="NOUN">paraméterek</instance>
         <wf lemma="mellett" pos="X">mellett</wf>
         <wf lemma="nem" pos="X">nem</wf>
         <wf lemma="számíthatunk" pos="X">számíthatunk</wf>
         <wf lemma="nagy" pos="X">nagy</wf>
         <wf lemma="hatásfokú" pos="X">hatásfokú</wf>
         <wf lemma="működésre" pos="X">működésre</wf>
         <wf lemma="." pos="X">.</wf>
      </sentence>
      <sentence id="d000.s3397" source="wordnet-hungarian">
         <instance id="d000.s3397.t000" lemma="előny" pos="NOUN">Előnyt</instance>
         <wf lemma="kovácsolt" pos="X">kovácsolt</wf>
         <wf lemma="a" pos="X">a</wf>
         <wf lemma="gyengeségéből" pos="X">gyengeségéből</wf>
         <wf lemma="." pos="X">.</wf>
      </sentence>
      <sentence id="d000.s3398" source="wordnet-hungarian">
         <wf lemma="Az" pos="X">Az</wf>
         <wf lemma="elmúlt" pos="X">elmúlt</wf>
         <wf lemma="években" pos="X">években</wf>
         <wf lemma="a" pos="X">a</wf>
         <wf lemma="magyar" pos="X">magyar</wf>
         <wf lemma="gazdaság" pos="X">gazdaság</wf>
         <instance id="d000.s3398.t000" lemma="sebezhetőség" pos="NOUN">sebezhetősége</instance>
         <wf lemma="a" pos="X">a</wf>
         <wf lemma="kettős" pos="X">kettős</wf>
         <wf lemma="deficithez" pos="X">deficithez</wf>
         <wf lemma="kötődött" pos="X">kötődött</wf>
         <wf lemma="." pos="X">.</wf>
      </sentence>
      <sentence id="d000.s3399" source="wordnet-hungarian">
         <wf lemma="Valamikor" pos="X">Valamikor</wf>
         <wf lemma="a" pos="X">a</wf>
         <instance id="d000.s3399.t000" lemma="kínai" pos="NOUN">kínaiakat</instance>
         <wf lemma="tartották" pos="X">tartották</wf>
         <wf lemma="a" pos="X">a</wf>
         <wf lemma="legegészségesebb" pos="X">legegészségesebb</wf>
         <wf lemma="nemzetnek" pos="X">nemzetnek</wf>
         <wf lemma="," pos="X">,</wf>
         <wf lemma="ám" pos="X">ám</wf>
         <wf lemma="mára" pos="X">mára</wf>
         <wf lemma="a" pos="X">a</wf>
         <wf lemma="helyzet" pos="X">helyzet</wf>
         <wf lemma="változni" pos="X">változni</wf>
         <wf lemma="látszik" pos="X">látszik</wf>
         <wf lemma="." pos="X">.</wf>
      </sentence>
      <sentence id="d000.s3400" source="wordnet-hungarian">
         <wf lemma="Érdekes" pos="X">Érdekes</wf>
         <wf lemma="," pos="X">,</wf>
         <wf lemma="hogy" pos="X">hogy</wf>
         <wf lemma="az" pos="X">az</wf>
         <wf lemma="írásos" pos="X">írásos</wf>
         <wf lemma="bizonyítékok" pos="X">bizonyítékok</wf>
         <wf lemma="ellenére" pos="X">ellenére</wf>
         <wf lemma="sokakban" pos="X">sokakban</wf>
         <wf lemma="még" pos="X">még</wf>
         <wf lemma="mindig" pos="X">mindig</wf>
         <wf lemma="a" pos="X">a</wf>
         <wf lemma="csak" pos="X">csak</wf>
         <wf lemma="lovas" pos="X">lovas</wf>
         <instance id="d000.s3400.t000" lemma="nomád" pos="NOUN">nomádok</instance>
         <wf lemma="képe" pos="X">képe</wf>
         <wf lemma="él" pos="X">él</wf>
         <wf lemma="." pos="X">.</wf>
      </sentence>
      <sentence id="d000.s3401" source="wordnet-hungarian">
         <wf lemma="Ez" pos="X">Ez</wf>
         <wf lemma="a" pos="X">a</wf>
         <wf lemma="vers" pos="X">vers</wf>
         <wf lemma="régmúlt" pos="X">régmúlt</wf>
         <wf lemma="időkről" pos="X">időkről</wf>
         <instance id="d000.s3401.t000" lemma="beszél" pos="VERB">beszél</instance>
         <wf lemma="." pos="X">.</wf>
      </sentence>
      <sentence id="d000.s3402" source="wordnet-hungarian">
         <wf lemma="Régebben" pos="X">Régebben</wf>
         <wf lemma="hosszú" pos="X">hosszú</wf>
         <wf lemma="időbe" pos="X">időbe</wf>
         <wf lemma="telt" pos="X">telt</wf>
         <wf lemma="amíg" pos="X">amíg</wf>
         <wf lemma="a" pos="X">a</wf>
         <wf lemma="nyomdász" pos="X">nyomdász</wf>
         <wf lemma="a" pos="X">a</wf>
         <instance id="d000.s3402.t000" lemma="betű" pos="NOUN">betűkből</instance>
         <wf lemma="összeállította" pos="X">összeállította</wf>
         <wf lemma="a" pos="X">a</wf>
         <wf lemma="nyomóformát" pos="X">nyomóformát</wf>
         <wf lemma="." pos="X">.</wf>
      </sentence>
      <sentence id="d000.s3403" source="wordnet-hungarian">
         <wf lemma="A" pos="X">A</wf>
         <wf lemma="gyermekek" pos="X">gyermekek</wf>
         <wf lemma="sok" pos="X">sok</wf>
         <instance id="d000.s3403.t000" lemma="szeretet" pos="NOUN">szeretetet</instance>
         <wf lemma="igényelnek" pos="X">igényelnek</wf>
         <wf lemma="." pos="X">.</wf>
      </sentence>
      <sentence id="d000.s3404" source="wordnet-hungarian">
         <wf lemma="Bizonyos" pos="X">Bizonyos</wf>
         <instance id="d000.s3404.t000" lemma="jog" pos="NOUN">jogokat</instance>
         <wf lemma="sohasem" pos="X">sohasem</wf>
         <wf lemma="kaphat" pos="X">kaphat</wf>
         <wf lemma="meg" pos="X">meg</wf>
         <wf lemma="egy" pos="X">egy</wf>
         <wf lemma="kormány" pos="X">kormány</wf>
         <wf lemma="," pos="X">,</wf>
         <wf lemma="hanem" pos="X">hanem</wf>
         <wf lemma="a" pos="X">a</wf>
         <wf lemma="nép" pos="X">nép</wf>
         <wf lemma="kezében" pos="X">kezében</wf>
         <wf lemma="kell" pos="X">kell</wf>
         <wf lemma="," pos="X">,</wf>
         <wf lemma="hogy" pos="X">hogy</wf>
         <wf lemma="maradjon" pos="X">maradjon</wf>
         <wf lemma="." pos="X">.</wf>
      </sentence>
      <sentence id="d000.s3405" source="wordnet-hungarian">
         <wf lemma="Ha" pos="X">Ha</wf>
         <wf lemma="a" pos="X">a</wf>
         <wf lemma="szóban" pos="X">szóban</wf>
         <wf lemma="forgó" pos="X">forgó</wf>
         <wf lemma="részecske" pos="X">részecske</wf>
         <wf lemma="1/2" pos="X">1/2</wf>
         <wf lemma="spinű" pos="X">spinű</wf>
         <instance id="d000.s3405.t000" lemma="fermion" pos="NOUN">fermion</instance>
         <wf lemma="," pos="X">,</wf>
         <wf lemma="akkor" pos="X">akkor</wf>
         <wf lemma="érvényes" pos="X">érvényes</wf>
         <wf lemma="rá" pos="X">rá</wf>
         <wf lemma="a" pos="X">a</wf>
         <wf lemma="Pauli-féle" pos="X">Pauli-féle</wf>
         <wf lemma="kizárási" pos="X">kizárási</wf>
         <wf lemma="elv" pos="X">elv</wf>
         <wf lemma="," pos="X">,</wf>
         <wf lemma="amely" pos="X">amely</wf>
         <wf lemma="kimondja" pos="X">kimondja</wf>
         <wf lemma="," pos="X">,</wf>
         <wf lemma="hogy" pos="X">hogy</wf>
         <wf lemma="egy" pos="X">egy</wf>
         <wf lemma="jól" pos="X">jól</wf>
         <wf lemma="definiált" pos="X">definiált</wf>
         <wf lemma="kvantumállapotban" pos="X">kvantumállapotban</wf>
         <wf lemma="legfeljebb" pos="X">legfeljebb</wf>
         <wf lemma="egy" pos="X">egy</wf>
         <wf lemma="részecske" pos="X">részecske</wf>
         <wf lemma="foglalhat" pos="X">foglalhat</wf>
         <wf lemma="helyet" pos="X">helyet</wf>
         <wf lemma="." pos="X">.</wf>
      </sentence>
      <sentence id="d000.s3406" source="wordnet-hungarian">
         <wf lemma="A" pos="X">A</wf>
         <wf lemma="sűrű" pos="X">sűrű</wf>
         <wf lemma="füstön" pos="X">füstön</wf>
         <wf lemma="keresztül" pos="X">keresztül</wf>
         <wf lemma="alig" pos="X">alig</wf>
         <wf lemma="tudtam" pos="X">tudtam</wf>
         <wf lemma="kivenni" pos="X">kivenni</wf>
         <wf lemma="," pos="X">,</wf>
         <wf lemma="hogy" pos="X">hogy</wf>
         <wf lemma="milyen" pos="X">milyen</wf>
         <instance id="d000.s3406.t000" lemma="alak" pos="NOUN">alakjuk</instance>
         <wf lemma="is" pos="X">is</wf>
         <wf lemma="van" pos="X">van</wf>
         <wf lemma="." pos="X">.</wf>
      </sentence>
      <sentence id="d000.s3407" source="wordnet-hungarian">
         <wf lemma="Az" pos="X">Az</wf>
         <instance id="d000.s3407.t000" lemma="éretlenség" pos="NOUN">éretlensége</instance>
         <wf lemma="miatt" pos="X">miatt</wf>
         <wf lemma="nem" pos="X">nem</wf>
         <wf lemma="értheti" pos="X">értheti</wf>
         <wf lemma="a" pos="X">a</wf>
         <wf lemma="helyzetet" pos="X">helyzetet</wf>
         <wf lemma="." pos="X">.</wf>
      </sentence>
      <sentence id="d000.s3408" source="wordnet-hungarian">
         <wf lemma="Az" pos="X">Az</wf>
         <wf lemma="Egyesült" pos="X">Egyesült</wf>
         <wf lemma="Államokban" pos="X">Államokban</wf>
         <wf lemma="a" pos="X">a</wf>
         <wf lemma="Mississippitől" pos="X">Mississippitől</wf>
         <instance id="d000.s3408.t000" lemma="nyugat" pos="NOUN">nyugatra</instance>
         <wf lemma="fekvő" pos="X">fekvő</wf>
         <wf lemma="területeket" pos="X">területeket</wf>
         <wf lemma="nyugatnak" pos="X">nyugatnak</wf>
         <wf lemma="nevezik" pos="X">nevezik</wf>
         <wf lemma="." pos="X">.</wf>
      </sentence>
      <sentence id="d000.s3409" source="wordnet-hungarian">
         <wf lemma="A" pos="X">A</wf>
         <instance id="d000.s3409.t000" lemma="rozskenyér" pos="NOUN">rozskenyér</instance>
         <wf lemma="fogyasztása" pos="X">fogyasztása</wf>
         <wf lemma="egészséges" pos="X">egészséges</wf>
         <wf lemma="." pos="X">.</wf>
      </sentence>
      <sentence id="d000.s3410" source="wordnet-hungarian">
         <wf lemma="A" pos="X">A</wf>
         <wf lemma="terv" pos="X">terv</wf>
         <wf lemma="szerinti" pos="X">szerinti</wf>
         <instance id="d000.s3410.t000" lemma="értékcsökkenés" pos="NOUN">értékcsökkenés</instance>
         <wf lemma="elszámolható" pos="X">elszámolható</wf>
         <wf lemma="csoportosan" pos="X">csoportosan</wf>
         <wf lemma="vagy" pos="X">vagy</wf>
         <wf lemma="a" pos="X">a</wf>
         <wf lemma="befektetett" pos="X">befektetett</wf>
         <wf lemma="eszköz" pos="X">eszköz</wf>
         <wf lemma="kiválasztásával" pos="X">kiválasztásával</wf>
         <wf lemma="." pos="X">.</wf>
      </sentence>
      <sentence id="d000.s3411" source="wordnet-hungarian">
         <wf lemma="A" pos="X">A</wf>
         <wf lemma="cigarettafüsttel" pos="X">cigarettafüsttel</wf>
         <wf lemma="80-féle" pos="X">80-féle</wf>
         <instance id="d000.s3411.t000" lemma="alka" pos="NOUN">alkán</instance>
         <wf lemma="kerül" pos="X">kerül</wf>
         <wf lemma="a" pos="X">a</wf>
         <wf lemma="szervezetbe" pos="X">szervezetbe</wf>
         <wf lemma="." pos="X">.</wf>
      </sentence>
      <sentence id="d000.s3412" source="wordnet-hungarian">
         <wf lemma="Leland" pos="X">Leland</wf>
         <wf lemma="Hartwell" pos="X">Hartwell</wf>
         <wf lemma="több" pos="X">több</wf>
         <wf lemma="mint" pos="X">mint</wf>
         <wf lemma="100" pos="X">100</wf>
         <wf lemma="olyan" pos="X">olyan</wf>
         <wf lemma="gént" pos="X">gént</wf>
         <wf lemma="azonosított" pos="X">azonosított</wf>
         <wf lemma="," pos="X">,</wf>
         <wf lemma="amelyek" pos="X">amelyek</wf>
         <wf lemma="specifikusan" pos="X">specifikusan</wf>
         <wf lemma="a" pos="X">a</wf>
         <instance id="d000.s3412.t000" lemma="sejtosztódás" pos="NOUN">sejtosztódást</instance>
         <wf lemma="szabályozzák" pos="X">szabályozzák</wf>
         <wf lemma="(" pos="X">(</wf>
         <wf lemma="ún" pos="X">ún</wf>
         <wf lemma="." pos="X">.</wf>
         <wf lemma="CDC-gének" pos="X">CDC-gének</wf>
         <wf lemma="-" pos="X">-</wf>
         <wf lemma="cell" pos="X">cell</wf>
         <wf lemma="division" pos="X">division</wf>
         <wf lemma="cycle" pos="X">cycle</wf>
         <wf lemma="genes" pos="X">genes</wf>
         <wf lemma=")" pos="X">)</wf>
         <wf lemma="." pos="X">.</wf>
      </sentence>
      <sentence id="d000.s3413" source="wordnet-hungarian">
         <wf lemma="A" pos="X">A</wf>
         <wf lemma="merevlemez" pos="X">merevlemez</wf>
         <instance id="d000.s3413.t000" lemma="kapacitás" pos="NOUN">kapacitása</instance>
         <wf lemma="180" pos="X">180</wf>
         <wf lemma="gigabyte" pos="X">gigabyte</wf>
         <wf lemma="." pos="X">.</wf>
      </sentence>
      <sentence id="d000.s3414" source="wordnet-hungarian">
         <wf lemma="Az" pos="X">Az</wf>
         <instance id="d000.s3414.t000" lemma="autósiskola" pos="NOUN">autósiskolában</instance>
         <wf lemma="tanult" pos="X">tanult</wf>
         <wf lemma="ismereteket" pos="X">ismereteket</wf>
         <wf lemma="először" pos="X">először</wf>
         <wf lemma="a" pos="X">a</wf>
         <wf lemma="KRESZ-vizsgán" pos="X">KRESZ-vizsgán</wf>
         <wf lemma="kérik" pos="X">kérik</wf>
         <wf lemma="számon" pos="X">számon</wf>
         <wf lemma="." pos="X">.</wf>
      </sentence>
      <sentence id="d000.s3415" source="wordnet-hungarian">
         <wf lemma="A" pos="X">A</wf>
         <instance id="d000.s3415.t000" lemma="külföldi" pos="NOUN">külföldieknek</instance>
         <wf lemma="hivatalos" pos="X">hivatalos</wf>
         <wf lemma="ügyekben" pos="X">ügyekben</wf>
         <wf lemma="szükségük" pos="X">szükségük</wf>
         <wf lemma="van" pos="X">van</wf>
         <wf lemma="az" pos="X">az</wf>
         <wf lemma="útlevelükre" pos="X">útlevelükre</wf>
         <wf lemma="." pos="X">.</wf>
      </sentence>
      <sentence id="d000.s3416" source="wordnet-hungarian">
         <wf lemma="A" pos="X">A</wf>
         <wf lemma="gépbe" pos="X">gépbe</wf>
         <wf lemma="be" pos="X">be</wf>
         <wf lemma="kell" pos="X">kell</wf>
         <wf lemma="rakni" pos="X">rakni</wf>
         <wf lemma="ezt" pos="X">ezt</wf>
         <wf lemma="a" pos="X">a</wf>
         <instance id="d000.s3416.t000" lemma="fémlemez" pos="NOUN">fémlemezt</instance>
         <wf lemma="." pos="X">.</wf>
      </sentence>
      <sentence id="d000.s3417" source="wordnet-hungarian">
         <wf lemma="A" pos="X">A</wf>
         <wf lemma="robbanás" pos="X">robbanás</wf>
         <instance id="d000.s3417.t000" lemma="nyílás" pos="NOUN">nyílást</instance>
         <wf lemma="ütött" pos="X">ütött</wf>
         <wf lemma="a" pos="X">a</wf>
         <wf lemma="falban" pos="X">falban</wf>
         <wf lemma="." pos="X">.</wf>
      </sentence>
      <sentence id="d000.s3418" source="wordnet-hungarian">
         <wf lemma="Elbűvölte" pos="X">Elbűvölte</wf>
         <wf lemma="a" pos="X">a</wf>
         <wf lemma="napfelkelte" pos="X">napfelkelte</wf>
         <instance id="d000.s3418.t000" lemma="ragyogás" pos="NOUN">ragyogása</instance>
         <wf lemma="." pos="X">.</wf>
      </sentence>
      <sentence id="d000.s3419" source="wordnet-hungarian">
         <wf lemma="A" pos="X">A</wf>
         <wf lemma="korai" pos="X">korai</wf>
         <instance id="d000.s3419.t000" lemma="zsinat" pos="NOUN">zsinatok</instance>
         <wf lemma="határozatai" pos="X">határozatai</wf>
         <wf lemma="erősen" pos="X">erősen</wf>
         <wf lemma="egyirányúsították" pos="X">egyirányúsították</wf>
         <wf lemma="a" pos="X">a</wf>
         <wf lemma="keresztény" pos="X">keresztény</wf>
         <wf lemma="tanítások" pos="X">tanítások</wf>
         <wf lemma="vonalát" pos="X">vonalát</wf>
         <wf lemma="." pos="X">.</wf>
      </sentence>
      <sentence id="d000.s3420" source="wordnet-hungarian">
         <wf lemma="A" pos="X">A</wf>
         <wf lemma="jegyzési" pos="X">jegyzési</wf>
         <wf lemma="időszak" pos="X">időszak</wf>
         <wf lemma="során" pos="X">során</wf>
         <wf lemma="a" pos="X">a</wf>
         <wf lemma="befektetési" pos="X">befektetési</wf>
         <wf lemma="banknál" pos="X">banknál</wf>
         <wf lemma="jegyezhetnek" pos="X">jegyezhetnek</wf>
         <instance id="d000.s3420.t000" lemma="értékpapír" pos="NOUN">értékpapírokat</instance>
         <wf lemma="." pos="X">.</wf>
      </sentence>
      <sentence id="d000.s3421" source="wordnet-hungarian">
         <wf lemma="Olyan" pos="X">Olyan</wf>
         <wf lemma="tengerek" pos="X">tengerek</wf>
         <wf lemma="," pos="X">,</wf>
         <wf lemma="óceánok" pos="X">óceánok</wf>
         <wf lemma="esetén" pos="X">esetén</wf>
         <wf lemma="," pos="X">,</wf>
         <wf lemma="ahol" pos="X">ahol</wf>
         <wf lemma="az" pos="X">az</wf>
         <wf lemma="apály-dagály" pos="X">apály-dagály</wf>
         <wf lemma="keltette" pos="X">keltette</wf>
         <wf lemma="vízmozgások" pos="X">vízmozgások</wf>
         <wf lemma="jelentősek" pos="X">jelentősek</wf>
         <wf lemma="úgynevezett" pos="X">úgynevezett</wf>
         <instance id="d000.s3421.t000" lemma="tölcsértorkolat" pos="NOUN">tölcsértorkolat</instance>
         <wf lemma="alakul" pos="X">alakul</wf>
         <wf lemma="ki" pos="X">ki</wf>
         <wf lemma="." pos="X">.</wf>
      </sentence>
      <sentence id="d000.s3422" source="wordnet-hungarian">
         <wf lemma="Ügyes" pos="X">Ügyes</wf>
         <instance id="d000.s3422.t000" lemma="manőver" pos="NOUN">manővereket</instance>
         <wf lemma="hajtott" pos="X">hajtott</wf>
         <wf lemma="végre" pos="X">végre</wf>
         <wf lemma="vezetés" pos="X">vezetés</wf>
         <wf lemma="közben" pos="X">közben</wf>
         <wf lemma="." pos="X">.</wf>
      </sentence>
      <sentence id="d000.s3423" source="wordnet-hungarian">
         <wf lemma="Az" pos="X">Az</wf>
         <instance id="d000.s3423.t000" lemma="osztás" pos="NOUN">osztás</instance>
         <wf lemma="során" pos="X">során</wf>
         <wf lemma="az" pos="X">az</wf>
         <wf lemma="első" pos="X">első</wf>
         <wf lemma="hat" pos="X">hat</wf>
         <wf lemma="képpel" pos="X">képpel</wf>
         <wf lemma="lefelé" pos="X">lefelé</wf>
         <wf lemma="kiosztott" pos="X">kiosztott</wf>
         <wf lemma="kártya" pos="X">kártya</wf>
         <wf lemma="lesz" pos="X">lesz</wf>
         <wf lemma="a" pos="X">a</wf>
         <wf lemma="talon" pos="X">talon</wf>
         <wf lemma="." pos="X">.</wf>
      </sentence>
      <sentence id="d000.s3424" source="wordnet-hungarian">
         <wf lemma="Gyorsítja" pos="X">Gyorsítja</wf>
         <wf lemma="a" pos="X">a</wf>
         <wf lemma="vér" pos="X">vér</wf>
         <wf lemma="és" pos="X">és</wf>
         <wf lemma="más" pos="X">más</wf>
         <wf lemma="testi" pos="X">testi</wf>
         <wf lemma="folyadékok" pos="X">folyadékok</wf>
         <instance id="d000.s3424.t000" lemma="áramlás" pos="NOUN">áramlását</instance>
         <wf lemma="," pos="X">,</wf>
         <wf lemma="ezért" pos="X">ezért</wf>
         <wf lemma="vérellátási" pos="X">vérellátási</wf>
         <wf lemma="zavaroknál" pos="X">zavaroknál</wf>
         <wf lemma="használják" pos="X">használják</wf>
         <wf lemma="." pos="X">.</wf>
      </sentence>
      <sentence id="d000.s3425" source="wordnet-hungarian">
         <wf lemma="A" pos="X">A</wf>
         <instance id="d000.s3425.t000" lemma="hercegnő" pos="NOUN">hercegnőt</instance>
         <wf lemma="komornája" pos="X">komornája</wf>
         <wf lemma="kísérte" pos="X">kísérte</wf>
         <wf lemma="szobájába" pos="X">szobájába</wf>
         <wf lemma="a" pos="X">a</wf>
         <wf lemma="fogadás" pos="X">fogadás</wf>
         <wf lemma="után" pos="X">után</wf>
         <wf lemma="." pos="X">.</wf>
      </sentence>
      <sentence id="d000.s3426" source="wordnet-hungarian">
         <wf lemma="Érezte" pos="X">Érezte</wf>
         <wf lemma="," pos="X">,</wf>
         <wf lemma="hogy" pos="X">hogy</wf>
         <wf lemma="minden" pos="X">minden</wf>
         <wf lemma="," pos="X">,</wf>
         <wf lemma="ami" pos="X">ami</wf>
         <wf lemma="vele" pos="X">vele</wf>
         <wf lemma="történt" pos="X">történt</wf>
         <instance id="d000.s3426.t000" lemma="összefüggés" pos="NOUN">összefüggésben</instance>
         <wf lemma="volt" pos="X">volt</wf>
         <wf lemma="egymással" pos="X">egymással</wf>
         <wf lemma="." pos="X">.</wf>
      </sentence>
      <sentence id="d000.s3427" source="wordnet-hungarian">
         <wf lemma="Feri" pos="X">Feri</wf>
         <wf lemma="kényelmes" pos="X">kényelmes</wf>
         <wf lemma="otthont" pos="X">otthont</wf>
         <instance id="d000.s3427.t000" lemma="teremt" pos="VERB">teremtett</instance>
         <wf lemma="a" pos="X">a</wf>
         <wf lemma="családjának" pos="X">családjának</wf>
         <wf lemma="." pos="X">.</wf>
      </sentence>
      <sentence id="d000.s3428" source="wordnet-hungarian">
         <wf lemma="A" pos="X">A</wf>
         <wf lemma="kognitív" pos="X">kognitív</wf>
         <wf lemma="pszichológia" pos="X">pszichológia</wf>
         <wf lemma="az" pos="X">az</wf>
         <wf lemma="emberi" pos="X">emberi</wf>
         <instance id="d000.s3428.t000" lemma="megismerés" pos="NOUN">megismerést</instance>
         <wf lemma="állította" pos="X">állította</wf>
         <wf lemma="kutatása" pos="X">kutatása</wf>
         <wf lemma="középpontjába" pos="X">középpontjába</wf>
         <wf lemma="." pos="X">.</wf>
      </sentence>
      <sentence id="d000.s3429" source="wordnet-hungarian">
         <wf lemma="A" pos="X">A</wf>
         <instance id="d000.s3429.t000" lemma="munkaidő" pos="NOUN">munkaideje</instance>
         <wf lemma="nyolctól" pos="X">nyolctól</wf>
         <wf lemma="négyig" pos="X">négyig</wf>
         <wf lemma="tart" pos="X">tart</wf>
         <wf lemma="." pos="X">.</wf>
      </sentence>
      <sentence id="d000.s3430" source="wordnet-hungarian">
         <wf lemma="A" pos="X">A</wf>
         <instance id="d000.s3430.t000" lemma="műkereskedő" pos="NOUN">műkereskedőt</instance>
         <wf lemma="arra" pos="X">arra</wf>
         <wf lemma="kérte" pos="X">kérte</wf>
         <wf lemma="," pos="X">,</wf>
         <wf lemma="hogy" pos="X">hogy</wf>
         <wf lemma="a" pos="X">a</wf>
         <wf lemma="kalitkát" pos="X">kalitkát</wf>
         <wf lemma="ajánlja" pos="X">ajánlja</wf>
         <wf lemma="fel" pos="X">fel</wf>
         <wf lemma="valamelyik" pos="X">valamelyik</wf>
         <wf lemma="ottani" pos="X">ottani</wf>
         <wf lemma="grófnak" pos="X">grófnak</wf>
         <wf lemma="vagy" pos="X">vagy</wf>
         <wf lemma="műgyűjtőnek" pos="X">műgyűjtőnek</wf>
         <wf lemma="." pos="X">.</wf>
      </sentence>
      <sentence id="d000.s3431" source="wordnet-hungarian">
         <wf lemma="Az" pos="X">Az</wf>
         <wf lemma="egykor" pos="X">egykor</wf>
         <wf lemma="virágzó" pos="X">virágzó</wf>
         <wf lemma="település" pos="X">település</wf>
         <wf lemma="mára" pos="X">mára</wf>
         <instance id="d000.s3431.t000" lemma="kísértetváros" pos="NOUN">kísértetváros</instance>
         <wf lemma="lett" pos="X">lett</wf>
         <wf lemma="." pos="X">.</wf>
      </sentence>
      <sentence id="d000.s3432" source="wordnet-hungarian">
         <wf lemma="A" pos="X">A</wf>
         <wf lemma="kirándulók" pos="X">kirándulók</wf>
         <wf lemma="friss" pos="X">friss</wf>
         <wf lemma="vizet" pos="X">vizet</wf>
         <wf lemma="ittak" pos="X">ittak</wf>
         <wf lemma="a" pos="X">a</wf>
         <instance id="d000.s3432.t000" lemma="forrás" pos="NOUN">forrásból</instance>
         <wf lemma="." pos="X">.</wf>
      </sentence>
      <sentence id="d000.s3433" source="wordnet-hungarian">
         <wf lemma="A" pos="X">A</wf>
         <wf lemma="kezelés" pos="X">kezelés</wf>
         <instance id="d000.s3433.t000" lemma="csillapít" pos="VERB">csillapította</instance>
         <wf lemma="a" pos="X">a</wf>
         <wf lemma="fejfájásomat" pos="X">fejfájásomat</wf>
         <wf lemma="." pos="X">.</wf>
      </sentence>
      <sentence id="d000.s3434" source="wordnet-hungarian">
         <wf lemma="Az" pos="X">Az</wf>
         <instance id="d000.s3434.t000" lemma="öregedés" pos="NOUN">öregedés</instance>
         <wf lemma="többtényezős" pos="X">többtényezős</wf>
         <wf lemma="és" pos="X">és</wf>
         <wf lemma="többdimenziós" pos="X">többdimenziós</wf>
         <wf lemma="életfolyamat" pos="X">életfolyamat</wf>
         <wf lemma="," pos="X">,</wf>
         <wf lemma="amelynek" pos="X">amelynek</wf>
         <wf lemma="kialakításában" pos="X">kialakításában</wf>
         <wf lemma="és" pos="X">és</wf>
         <wf lemma="kimenetelében" pos="X">kimenetelében</wf>
         <wf lemma="érvényesül" pos="X">érvényesül</wf>
         <wf lemma="a" pos="X">a</wf>
         <wf lemma="biológiai" pos="X">biológiai</wf>
         <wf lemma="," pos="X">,</wf>
         <wf lemma="pszichológiai" pos="X">pszichológiai</wf>
         <wf lemma="és" pos="X">és</wf>
         <wf lemma="szociológiai" pos="X">szociológiai</wf>
         <wf lemma="meghatározottság" pos="X">meghatározottság</wf>
         <wf lemma="." pos="X">.</wf>
      </sentence>
      <sentence id="d000.s3435" source="wordnet-hungarian">
         <wf lemma="Az" pos="X">Az</wf>
         <wf lemma="izraeli" pos="X">izraeli</wf>
         <wf lemma="hadigépezet" pos="X">hadigépezet</wf>
         <wf lemma="és" pos="X">és</wf>
         <wf lemma="a" pos="X">a</wf>
         <wf lemma="világhatalomra" pos="X">világhatalomra</wf>
         <wf lemma="törő" pos="X">törő</wf>
         <instance id="d000.s3435.t000" lemma="oligarchia" pos="NOUN">oligarchia</instance>
         <wf lemma="lendületbe" pos="X">lendületbe</wf>
         <wf lemma="hozta" pos="X">hozta</wf>
         <wf lemma="vérebeit" pos="X">vérebeit</wf>
         <wf lemma="." pos="X">.</wf>
      </sentence>
      <sentence id="d000.s3436" source="wordnet-hungarian">
         <wf lemma="A" pos="X">A</wf>
         <wf lemma="székeket" pos="X">székeket</wf>
         <wf lemma="egy" pos="X">egy</wf>
         <instance id="d000.s3436.t000" lemma="sor" pos="NOUN">sorba</instance>
         <wf lemma="rendezték" pos="X">rendezték</wf>
         <wf lemma="." pos="X">.</wf>
      </sentence>
      <sentence id="d000.s3437" source="wordnet-hungarian">
         <wf lemma="A" pos="X">A</wf>
         <wf lemma="fák" pos="X">fák</wf>
         <instance id="d000.s3437.t000" lemma="elrendezés" pos="NOUN">elrendezése</instance>
         <wf lemma="inkább" pos="X">inkább</wf>
         <wf lemma="véleltlenszerűnek" pos="X">véleltlenszerűnek</wf>
         <wf lemma="tűnt" pos="X">tűnt</wf>
         <wf lemma="." pos="X">.</wf>
      </sentence>
      <sentence id="d000.s3438" source="wordnet-hungarian">
         <wf lemma="A" pos="X">A</wf>
         <wf lemma="sziklába" pos="X">sziklába</wf>
         <wf lemma="vájt" pos="X">vájt</wf>
         <wf lemma="szentélyt" pos="X">szentélyt</wf>
         <wf lemma="az" pos="X">az</wf>
         <wf lemma="idők" pos="X">idők</wf>
         <wf lemma="során" pos="X">során</wf>
         <wf lemma="növényzet" pos="X">növényzet</wf>
         <wf lemma="nőtte" pos="X">nőtte</wf>
         <wf lemma="," pos="X">,</wf>
         <wf lemma="víz" pos="X">víz</wf>
         <wf lemma="és" pos="X">és</wf>
         <wf lemma="szél" pos="X">szél</wf>
         <instance id="d000.s3438.t000" lemma="hordalék" pos="NOUN">hordaléka</instance>
         <wf lemma="temette" pos="X">temette</wf>
         <wf lemma="be" pos="X">be</wf>
         <wf lemma="." pos="X">.</wf>
      </sentence>
      <sentence id="d000.s3439" source="wordnet-hungarian">
         <wf lemma="A" pos="X">A</wf>
         <instance id="d000.s3439.t000" lemma="paradicsom" pos="NOUN">paradicsom</instance>
         <wf lemma="az" pos="X">az</wf>
         <wf lemma="olasz" pos="X">olasz</wf>
         <wf lemma="konyhaművészet" pos="X">konyhaművészet</wf>
         <wf lemma="egyik" pos="X">egyik</wf>
         <wf lemma="alapvető" pos="X">alapvető</wf>
         <wf lemma="anyaga" pos="X">anyaga</wf>
         <wf lemma="." pos="X">.</wf>
      </sentence>
      <sentence id="d000.s3440" source="wordnet-hungarian">
         <wf lemma="A" pos="X">A</wf>
         <wf lemma="feloldott" pos="X">feloldott</wf>
         <wf lemma="természetes" pos="X">természetes</wf>
         <instance id="d000.s3440.t000" lemma="gyanta" pos="NOUN">gyanta</instance>
         <wf lemma="fajtája" pos="X">fajtája</wf>
         <wf lemma="szerint" pos="X">szerint</wf>
         <wf lemma="a" pos="X">a</wf>
         <wf lemma="lakk" pos="X">lakk</wf>
         <wf lemma="színárnyalata" pos="X">színárnyalata</wf>
         <wf lemma="sárgától" pos="X">sárgától</wf>
         <wf lemma="vagy" pos="X">vagy</wf>
         <wf lemma="vöröstől" pos="X">vöröstől</wf>
         <wf lemma="a" pos="X">a</wf>
         <wf lemma="sötét" pos="X">sötét</wf>
         <wf lemma="barnáig" pos="X">barnáig</wf>
         <wf lemma="terjedhet" pos="X">terjedhet</wf>
         <wf lemma="." pos="X">.</wf>
      </sentence>
      <sentence id="d000.s3441" source="wordnet-hungarian">
         <wf lemma="A" pos="X">A</wf>
         <wf lemma="rendőrség" pos="X">rendőrség</wf>
         <wf lemma="bizonyíték" pos="X">bizonyíték</wf>
         <wf lemma="után" pos="X">után</wf>
         <instance id="d000.s3441.t000" lemma="kutat" pos="VERB">kutat</instance>
         <wf lemma="." pos="X">.</wf>
      </sentence>
      <sentence id="d000.s3442" source="wordnet-hungarian">
         <wf lemma="Ez" pos="X">Ez</wf>
         <wf lemma="az" pos="X">az</wf>
         <wf lemma="a" pos="X">a</wf>
         <instance id="d000.s3442.t000" lemma="határ" pos="NOUN">határ</instance>
         <wf lemma="," pos="X">,</wf>
         <wf lemma="ameddig" pos="X">ameddig</wf>
         <wf lemma="egy" pos="X">egy</wf>
         <wf lemma="tankolással" pos="X">tankolással</wf>
         <wf lemma="el" pos="X">el</wf>
         <wf lemma="lehet" pos="X">lehet</wf>
         <wf lemma="jutni" pos="X">jutni</wf>
         <wf lemma="." pos="X">.</wf>
      </sentence>
      <sentence id="d000.s3443" source="wordnet-hungarian">
         <wf lemma="Az" pos="X">Az</wf>
         <wf lemma="anyáknak" pos="X">anyáknak</wf>
         <wf lemma="szabad" pos="X">szabad</wf>
         <instance id="d000.s3443.t000" lemma="bejárás" pos="NOUN">bejárása</instance>
         <wf lemma="van" pos="X">van</wf>
         <wf lemma="az" pos="X">az</wf>
         <wf lemma="újszülött" pos="X">újszülött</wf>
         <wf lemma="részlegre" pos="X">részlegre</wf>
         <wf lemma="." pos="X">.</wf>
      </sentence>
      <sentence id="d000.s3444" source="wordnet-hungarian">
         <wf lemma="A" pos="X">A</wf>
         <wf lemma="második" pos="X">második</wf>
         <instance id="d000.s3444.t000" lemma="szívroham" pos="NOUN">szívrohamot</instance>
         <wf lemma="már" pos="X">már</wf>
         <wf lemma="nem" pos="X">nem</wf>
         <wf lemma="élte" pos="X">élte</wf>
         <wf lemma="túl" pos="X">túl</wf>
         <wf lemma="." pos="X">.</wf>
      </sentence>
      <sentence id="d000.s3445" source="wordnet-hungarian">
         <wf lemma="Nagyon" pos="X">Nagyon</wf>
         <wf lemma="érdeklődött" pos="X">érdeklődött</wf>
         <wf lemma="a" pos="X">a</wf>
         <instance id="d000.s3445.t000" lemma="pelefélék" pos="NOUN">pelefélék</instance>
         <wf lemma="iránt" pos="X">iránt</wf>
         <wf lemma="." pos="X">.</wf>
      </sentence>
      <sentence id="d000.s3446" source="wordnet-hungarian">
         <wf lemma="Az" pos="X">Az</wf>
         <instance id="d000.s3446.t000" lemma="eltávozás" pos="NOUN">eltávozása</instance>
         <wf lemma="során" pos="X">során</wf>
         <wf lemma="meglátogatta" pos="X">meglátogatta</wf>
         <wf lemma="a" pos="X">a</wf>
         <wf lemma="közelben" pos="X">közelben</wf>
         <wf lemma="élő" pos="X">élő</wf>
         <wf lemma="rokonait" pos="X">rokonait</wf>
         <wf lemma="." pos="X">.</wf>
      </sentence>
      <sentence id="d000.s3447" source="wordnet-hungarian">
         <wf lemma="A" pos="X">A</wf>
         <wf lemma="vizsgált" pos="X">vizsgált</wf>
         <instance id="d000.s3447.t000" lemma="alfaj" pos="NOUN">alfajok</instance>
         <wf lemma="elkülönítése" pos="X">elkülönítése</wf>
         <wf lemma="a" pos="X">a</wf>
         <wf lemma="nagy" pos="X">nagy</wf>
         <wf lemma="fokú" pos="X">fokú</wf>
         <wf lemma="hasonlóság" pos="X">hasonlóság</wf>
         <wf lemma="miatt" pos="X">miatt</wf>
         <wf lemma="nem" pos="X">nem</wf>
         <wf lemma="indokolt" pos="X">indokolt</wf>
         <wf lemma="." pos="X">.</wf>
      </sentence>
      <sentence id="d000.s3448" source="wordnet-hungarian">
         <wf lemma="Egy" pos="X">Egy</wf>
         <wf lemma="kis" pos="X">kis</wf>
         <instance id="d000.s3448.t000" lemma="darab" pos="NOUN">darab</instance>
         <wf lemma="kőre" pos="X">kőre</wf>
         <wf lemma="lett" pos="X">lett</wf>
         <wf lemma="figyelmes" pos="X">figyelmes</wf>
         <wf lemma="a" pos="X">a</wf>
         <wf lemma="sziklatömb" pos="X">sziklatömb</wf>
         <wf lemma="mellett" pos="X">mellett</wf>
         <wf lemma="," pos="X">,</wf>
         <wf lemma="amin" pos="X">amin</wf>
         <wf lemma="egy" pos="X">egy</wf>
         <wf lemma="apró" pos="X">apró</wf>
         <wf lemma="állat" pos="X">állat</wf>
         <wf lemma="megkövült" pos="X">megkövült</wf>
         <wf lemma="maradványát" pos="X">maradványát</wf>
         <wf lemma="találta" pos="X">találta</wf>
         <wf lemma="." pos="X">.</wf>
      </sentence>
      <sentence id="d000.s3449" source="wordnet-hungarian">
         <wf lemma="Az" pos="X">Az</wf>
         <wf lemma="elektromos" pos="X">elektromos</wf>
         <wf lemma="gitáron" pos="X">gitáron</wf>
         <instance id="d000.s3449.t000" lemma="pengető" pos="NOUN">pengetővel</instance>
         <wf lemma="játszik" pos="X">játszik</wf>
         <wf lemma="." pos="X">.</wf>
      </sentence>
      <sentence id="d000.s3450" source="wordnet-hungarian">
         <wf lemma="A" pos="X">A</wf>
         <instance id="d000.s3450.t000" lemma="hadihajó" pos="NOUN">hadihajó</instance>
         <wf lemma="ágyúival" pos="X">ágyúival</wf>
         <wf lemma="célbavette" pos="X">célbavette</wf>
         <wf lemma="a" pos="X">a</wf>
         <wf lemma="kis" pos="X">kis</wf>
         <wf lemma="vitorlást" pos="X">vitorlást</wf>
         <wf lemma="." pos="X">.</wf>
      </sentence>
      <sentence id="d000.s3451" source="wordnet-hungarian">
         <wf lemma="A" pos="X">A</wf>
         <instance id="d000.s3451.t000" lemma="zárvatermő" pos="NOUN">zárvatermők</instance>
         <wf lemma="a" pos="X">a</wf>
         <wf lemma="növényvilág" pos="X">növényvilág</wf>
         <wf lemma="legnagyobb" pos="X">legnagyobb</wf>
         <wf lemma="fajszámú" pos="X">fajszámú</wf>
         <wf lemma="törzse" pos="X">törzse</wf>
         <wf lemma="." pos="X">.</wf>
      </sentence>
      <sentence id="d000.s3452" source="wordnet-hungarian">
         <wf lemma="Emellett" pos="X">Emellett</wf>
         <wf lemma="kis" pos="X">kis</wf>
         <wf lemma="méretű" pos="X">méretű</wf>
         <wf lemma="dűnék" pos="X">dűnék</wf>
         <wf lemma="és" pos="X">és</wf>
         <wf lemma="dűneszerű" pos="X">dűneszerű</wf>
         <wf lemma="formák" pos="X">formák</wf>
         <wf lemma="is" pos="X">is</wf>
         <wf lemma="megfigyelhetők" pos="X">megfigyelhetők</wf>
         <wf lemma="a" pos="X">a</wf>
         <wf lemma="területen" pos="X">területen</wf>
         <wf lemma="," pos="X">,</wf>
         <wf lemma="amelyek" pos="X">amelyek</wf>
         <wf lemma="néhány" pos="X">néhány</wf>
         <wf lemma="méter" pos="X">méter</wf>
         <wf lemma="hosszúak" pos="X">hosszúak</wf>
         <wf lemma="és" pos="X">és</wf>
         <wf lemma="egy-két" pos="X">egy-két</wf>
         <instance id="d000.s3452.t000" lemma="deciméter" pos="NOUN">deciméter</instance>
         <wf lemma="magasak" pos="X">magasak</wf>
         <wf lemma="," pos="X">,</wf>
         <wf lemma="színük" pos="X">színük</wf>
         <wf lemma="pedig" pos="X">pedig</wf>
         <wf lemma="világos" pos="X">világos</wf>
         <wf lemma="a" pos="X">a</wf>
         <wf lemma="felszínükre" pos="X">felszínükre</wf>
         <wf lemma="ülepedett" pos="X">ülepedett</wf>
         <wf lemma="légköri" pos="X">légköri</wf>
         <wf lemma="porréteg" pos="X">porréteg</wf>
         <wf lemma="következtében" pos="X">következtében</wf>
         <wf lemma="." pos="X">.</wf>
      </sentence>
      <sentence id="d000.s3453" source="wordnet-hungarian">
         <wf lemma="A" pos="X">A</wf>
         <instance id="d000.s3453.t000" lemma="tejszín" pos="NOUN">tejszínt</instance>
         <wf lemma="minden" pos="X">minden</wf>
         <wf lemma="nap" pos="X">nap</wf>
         <wf lemma="lefölözték" pos="X">lefölözték</wf>
         <wf lemma="." pos="X">.</wf>
      </sentence>
      <sentence id="d000.s3454" source="wordnet-hungarian">
         <wf lemma="Ez" pos="X">Ez</wf>
         <wf lemma="mind" pos="X">mind</wf>
         <wf lemma="csak" pos="X">csak</wf>
         <instance id="d000.s3454.t000" lemma="látszat" pos="NOUN">látszat</instance>
         <wf lemma="," pos="X">,</wf>
         <wf lemma="a" pos="X">a</wf>
         <wf lemma="lényeg" pos="X">lényeg</wf>
         <wf lemma="a" pos="X">a</wf>
         <wf lemma="felszín" pos="X">felszín</wf>
         <wf lemma="alatt" pos="X">alatt</wf>
         <wf lemma="van" pos="X">van</wf>
         <wf lemma="." pos="X">.</wf>
      </sentence>
      <sentence id="d000.s3455" source="wordnet-hungarian">
         <wf lemma="A" pos="X">A</wf>
         <instance id="d000.s3455.t000" lemma="kengyel" pos="NOUN">kengyelbe</instance>
         <wf lemma="dugd" pos="X">dugd</wf>
         <wf lemma="be" pos="X">be</wf>
         <wf lemma="a" pos="X">a</wf>
         <wf lemma="lábad" pos="X">lábad</wf>
         <wf lemma="!" pos="X">!</wf>
      </sentence>
      <sentence id="d000.s3456" source="wordnet-hungarian">
         <wf lemma="1979" pos="X">1979</wf>
         <wf lemma="január" pos="X">január</wf>
         <wf lemma="7-én" pos="X">7-én</wf>
         <wf lemma="a" pos="X">a</wf>
         <instance id="d000.s3456.t000" lemma="vietnami" pos="NOUN">vietnamiak</instance>
         <wf lemma="véget" pos="X">véget</wf>
         <wf lemma="vetettek" pos="X">vetettek</wf>
         <wf lemma="a" pos="X">a</wf>
         <wf lemma="vörös" pos="X">vörös</wf>
         <wf lemma="khmerek" pos="X">khmerek</wf>
         <wf lemma="uralmának" pos="X">uralmának</wf>
         <wf lemma="." pos="X">.</wf>
      </sentence>
      <sentence id="d000.s3457" source="wordnet-hungarian">
         <wf lemma="Kapcsolatteremtési" pos="X">Kapcsolatteremtési</wf>
         <instance id="d000.s3457.t000" lemma="képtelenség" pos="NOUN">képtelensége</instance>
         <wf lemma="miatt" pos="X">miatt</wf>
         <wf lemma="vált" pos="X">vált</wf>
         <wf lemma="magányos" pos="X">magányos</wf>
         <wf lemma="," pos="X">,</wf>
         <wf lemma="zárkózott" pos="X">zárkózott</wf>
         <wf lemma="emberré" pos="X">emberré</wf>
         <wf lemma="." pos="X">.</wf>
      </sentence>
      <sentence id="d000.s3458" source="wordnet-hungarian">
         <wf lemma="A" pos="X">A</wf>
         <wf lemma="munkanélküliség" pos="X">munkanélküliség</wf>
         <instance id="d000.s3458.t000" lemma="növekedés" pos="NOUN">növekedése</instance>
         <wf lemma="ijesztő" pos="X">ijesztő</wf>
         <wf lemma="méreteket" pos="X">méreteket</wf>
         <wf lemma="öltött" pos="X">öltött</wf>
         <wf lemma="." pos="X">.</wf>
      </sentence>
      <sentence id="d000.s3459" source="wordnet-hungarian">
         <wf lemma="A" pos="X">A</wf>
         <instance id="d000.s3459.t000" lemma="zászló" pos="NOUN">zászló</instance>
         <wf lemma="előtt" pos="X">előtt</wf>
         <wf lemma="tisztelegtek" pos="X">tisztelegtek</wf>
         <wf lemma="a" pos="X">a</wf>
         <wf lemma="harcosok" pos="X">harcosok</wf>
         <wf lemma="." pos="X">.</wf>
      </sentence>
      <sentence id="d000.s3460" source="wordnet-hungarian">
         <wf lemma="Nukleáris" pos="X">Nukleáris</wf>
         <wf lemma="arzenáljuk" pos="X">arzenáljuk</wf>
         <wf lemma="elrettentő" pos="X">elrettentő</wf>
         <instance id="d000.s3460.t000" lemma="erő" pos="NOUN">ereje</instance>
         <wf lemma="tartotta" pos="X">tartotta</wf>
         <wf lemma="fent" pos="X">fent</wf>
         <wf lemma="az" pos="X">az</wf>
         <wf lemma="egyensúlyt" pos="X">egyensúlyt</wf>
         <wf lemma="." pos="X">.</wf>
      </sentence>
      <sentence id="d000.s3461" source="wordnet-hungarian">
         <wf lemma="Megforrasztotta" pos="X">Megforrasztotta</wf>
         <wf lemma="a" pos="X">a</wf>
         <instance id="d000.s3461.t000" lemma="csatlakozó" pos="NOUN">csatlakozót</instance>
         <wf lemma="." pos="X">.</wf>
      </sentence>
      <sentence id="d000.s3462" source="wordnet-hungarian">
         <wf lemma="A" pos="X">A</wf>
         <wf lemma="tyúk" pos="X">tyúk</wf>
         <wf lemma="három" pos="X">három</wf>
         <instance id="d000.s3462.t000" lemma="tojás" pos="NOUN">tojást</instance>
         <wf lemma="tojt" pos="X">tojt</wf>
         <wf lemma="reggel" pos="X">reggel</wf>
         <wf lemma="." pos="X">.</wf>
      </sentence>
      <sentence id="d000.s3463" source="wordnet-hungarian">
         <instance id="d000.s3463.t000" lemma="hernyó" pos="NOUN">Hernyók</instance>
         <wf lemma="lepték" pos="X">lepték</wf>
         <wf lemma="el" pos="X">el</wf>
         <wf lemma="a" pos="X">a</wf>
         <wf lemma="gyümölcsfákat" pos="X">gyümölcsfákat</wf>
         <wf lemma="." pos="X">.</wf>
      </sentence>
      <sentence id="d000.s3464" source="wordnet-hungarian">
         <wf lemma="Benyújtották" pos="X">Benyújtották</wf>
         <wf lemma="az" pos="X">az</wf>
         <wf lemma="éves" pos="X">éves</wf>
         <instance id="d000.s3464.t000" lemma="költségvetés" pos="NOUN">költségvetést</instance>
         <wf lemma="." pos="X">.</wf>
      </sentence>
      <sentence id="d000.s3465" source="wordnet-hungarian">
         <wf lemma="A" pos="X">A</wf>
         <wf lemma="gyors" pos="X">gyors</wf>
         <wf lemma="sikerek" pos="X">sikerek</wf>
         <wf lemma="csak" pos="X">csak</wf>
         <wf lemma="tovább" pos="X">tovább</wf>
         <instance id="d000.s3465.t000" lemma="táplál" pos="VERB">táplálták</instance>
         <wf lemma="Pista" pos="X">Pista</wf>
         <wf lemma="hiúságát" pos="X">hiúságát</wf>
         <wf lemma="." pos="X">.</wf>
      </sentence>
      <sentence id="d000.s3466" source="wordnet-hungarian">
         <wf lemma="A" pos="X">A</wf>
         <instance id="d000.s3466.t000" lemma="kötelezettségvállalás" pos="NOUN">kötelezettségvállalás</instance>
         <wf lemma="lényege" pos="X">lényege</wf>
         <wf lemma="," pos="X">,</wf>
         <wf lemma="hogy" pos="X">hogy</wf>
         <wf lemma="dokumentumában" pos="X">dokumentumában</wf>
         <wf lemma="megalapozza" pos="X">megalapozza</wf>
         <wf lemma="a" pos="X">a</wf>
         <wf lemma="kiadások" pos="X">kiadások</wf>
         <wf lemma="teljesítését" pos="X">teljesítését</wf>
         <wf lemma="," pos="X">,</wf>
         <wf lemma="illetőleg" pos="X">illetőleg</wf>
         <wf lemma="beszedését" pos="X">beszedését</wf>
         <wf lemma="." pos="X">.</wf>
      </sentence>
      <sentence id="d000.s3467" source="wordnet-hungarian">
         <wf lemma="Együtt" pos="X">Együtt</wf>
         <wf lemma="ünnepeljük" pos="X">ünnepeljük</wf>
         <wf lemma="a" pos="X">a</wf>
         <instance id="d000.s3467.t000" lemma="születésnap" pos="NOUN">születésnapunkat</instance>
         <wf lemma="." pos="X">.</wf>
      </sentence>
      <sentence id="d000.s3468" source="wordnet-hungarian">
         <wf lemma="Az" pos="X">Az</wf>
         <wf lemma="alapító" pos="X">alapító</wf>
         <wf lemma="tagok" pos="X">tagok</wf>
         <wf lemma="visszaemlékezései" pos="X">visszaemlékezései</wf>
         <wf lemma="szerint" pos="X">szerint</wf>
         <wf lemma="360-440" pos="X">360-440</wf>
         <instance id="d000.s3468.t000" lemma="munkaegység" pos="NOUN">munkaegység</instance>
         <wf lemma="között" pos="X">között</wf>
         <wf lemma="oszlott" pos="X">oszlott</wf>
         <wf lemma="meg" pos="X">meg</wf>
         <wf lemma="egy-" pos="X">egy-</wf>
         <wf lemma="egy" pos="X">egy</wf>
         <wf lemma="tag" pos="X">tag</wf>
         <wf lemma="évi" pos="X">évi</wf>
         <wf lemma="teljesítménye" pos="X">teljesítménye</wf>
         <wf lemma="." pos="X">.</wf>
      </sentence>
      <sentence id="d000.s3469" source="wordnet-hungarian">
         <wf lemma="Ő" pos="X">Ő</wf>
         <wf lemma="volt" pos="X">volt</wf>
         <wf lemma="a" pos="X">a</wf>
         <wf lemma="legjobb" pos="X">legjobb</wf>
         <instance id="d000.s3469.t000" lemma="barát" pos="NOUN">barátom</instance>
         <wf lemma="gimnáziumban" pos="X">gimnáziumban</wf>
         <wf lemma="." pos="X">.</wf>
      </sentence>
      <sentence id="d000.s3470" source="wordnet-hungarian">
         <wf lemma="A" pos="X">A</wf>
         <instance id="d000.s3470.t000" lemma="patkó" pos="NOUN">patkó</instance>
         <wf lemma="szerencsét" pos="X">szerencsét</wf>
         <wf lemma="hoz" pos="X">hoz</wf>
         <wf lemma="." pos="X">.</wf>
      </sentence>
      <sentence id="d000.s3471" source="wordnet-hungarian">
         <wf lemma="A" pos="X">A</wf>
         <instance id="d000.s3471.t000" lemma="kiállítás" pos="NOUN">kiállítás</instance>
         <wf lemma="bemutatta" pos="X">bemutatta</wf>
         <wf lemma="a" pos="X">a</wf>
         <wf lemma="festő" pos="X">festő</wf>
         <wf lemma="életművét" pos="X">életművét</wf>
         <wf lemma="." pos="X">.</wf>
      </sentence>
      <sentence id="d000.s3472" source="wordnet-hungarian">
         <wf lemma="A" pos="X">A</wf>
         <wf lemma="cirkálórakéta" pos="X">cirkálórakéta</wf>
         <wf lemma="nyolc" pos="X">nyolc</wf>
         <wf lemma="méter" pos="X">méter</wf>
         <wf lemma="mly" pos="X">mly</wf>
         <instance id="d000.s3472.t000" lemma="kráter" pos="NOUN">krátert</instance>
         <wf lemma="vágott" pos="X">vágott</wf>
         <wf lemma="a" pos="X">a</wf>
         <wf lemma="földbe" pos="X">földbe</wf>
         <wf lemma="." pos="X">.</wf>
      </sentence>
      <sentence id="d000.s3473" source="wordnet-hungarian">
         <wf lemma="Ez" pos="X">Ez</wf>
         <wf lemma="a" pos="X">a</wf>
         <instance id="d000.s3473.t000" lemma="típus" pos="NOUN">típus</instance>
         <wf lemma="a" pos="X">a</wf>
         <wf lemma="többi" pos="X">többi</wf>
         <wf lemma="csoportban" pos="X">csoportban</wf>
         <wf lemma="nem" pos="X">nem</wf>
         <wf lemma="fordul" pos="X">fordul</wf>
         <wf lemma="elő" pos="X">elő</wf>
         <wf lemma="." pos="X">.</wf>
      </sentence>
      <sentence id="d000.s3474" source="wordnet-hungarian">
         <wf lemma="A" pos="X">A</wf>
         <instance id="d000.s3474.t000" lemma="háziasszony" pos="NOUN">háziasszony</instance>
         <wf lemma="egyszerű" pos="X">egyszerű</wf>
         <wf lemma="vacsorát" pos="X">vacsorát</wf>
         <wf lemma="készített" pos="X">készített</wf>
         <wf lemma="." pos="X">.</wf>
      </sentence>
      <sentence id="d000.s3475" source="wordnet-hungarian">
         <wf lemma="A" pos="X">A</wf>
         <wf lemma="programot" pos="X">programot</wf>
         <wf lemma="hosszabb" pos="X">hosszabb</wf>
         <wf lemma="és" pos="X">és</wf>
         <wf lemma="rövidebb" pos="X">rövidebb</wf>
         <wf lemma="előadások" pos="X">előadások</wf>
         <instance id="d000.s3475.t000" lemma="alkot" pos="VERB">alkotják</instance>
         <wf lemma="." pos="X">.</wf>
      </sentence>
      <sentence id="d000.s3476" source="wordnet-hungarian">
         <instance id="d000.s3476.t000" lemma="disznó" pos="NOUN">Disznót</instance>
         <wf lemma="tenyésztett" pos="X">tenyésztett</wf>
         <wf lemma="a" pos="X">a</wf>
         <wf lemma="családja" pos="X">családja</wf>
         <wf lemma="nemzedékek" pos="X">nemzedékek</wf>
         <wf lemma="óta" pos="X">óta</wf>
         <wf lemma="." pos="X">.</wf>
      </sentence>
      <sentence id="d000.s3477" source="wordnet-hungarian">
         <wf lemma="Ruhák" pos="X">Ruhák</wf>
         <instance id="d000.s3477.t000" lemma="tér" pos="NOUN">terén</instance>
         <wf lemma="nem" pos="X">nem</wf>
         <wf lemma="voltak" pos="X">voltak</wf>
         <wf lemma="túl" pos="X">túl</wf>
         <wf lemma="jól" pos="X">jól</wf>
         <wf lemma="ellátva" pos="X">ellátva</wf>
         <wf lemma="." pos="X">.</wf>
      </sentence>
      <sentence id="d000.s3478" source="wordnet-hungarian">
         <wf lemma="Egy" pos="X">Egy</wf>
         <wf lemma="üveg" pos="X">üveg</wf>
         <wf lemma="joghurtos" pos="X">joghurtos</wf>
         <instance id="d000.s3478.t000" lemma="salátaöntet" pos="NOUN">salátaöntetet</instance>
         <wf lemma="kevertem" pos="X">kevertem</wf>
         <wf lemma="az" pos="X">az</wf>
         <wf lemma="ételhez" pos="X">ételhez</wf>
         <wf lemma="." pos="X">.</wf>
      </sentence>
      <sentence id="d000.s3479" source="wordnet-hungarian">
         <wf lemma="Kárpát-medence" pos="X">Kárpát-medence</wf>
         <wf lemma="keleti" pos="X">keleti</wf>
         <wf lemma="felében" pos="X">felében</wf>
         <wf lemma="a" pos="X">a</wf>
         <instance id="d000.s3479.t000" lemma="kelta" pos="NOUN">kelták</instance>
         <wf lemma="és" pos="X">és</wf>
         <wf lemma="a" pos="X">a</wf>
         <wf lemma="szkíta" pos="X">szkíta</wf>
         <wf lemma="kultúrájú" pos="X">kultúrájú</wf>
         <wf lemma="őslakosság" pos="X">őslakosság</wf>
         <wf lemma="élt" pos="X">élt</wf>
         <wf lemma="." pos="X">.</wf>
      </sentence>
      <sentence id="d000.s3480" source="wordnet-hungarian">
         <wf lemma="Picasso" pos="X">Picasso</wf>
         <instance id="d000.s3480.t000" lemma="alkot" pos="VERB">alkotta</instance>
         <wf lemma="meg" pos="X">meg</wf>
         <wf lemma="a" pos="X">a</wf>
         <wf lemma="kubizmust" pos="X">kubizmust</wf>
         <wf lemma="." pos="X">.</wf>
      </sentence>
      <sentence id="d000.s3481" source="wordnet-hungarian">
         <wf lemma="A" pos="X">A</wf>
         <instance id="d000.s3481.t000" lemma="robbanás" pos="NOUN">robbanásban</instance>
         <wf lemma="huszonöten" pos="X">huszonöten</wf>
         <wf lemma="vesztették" pos="X">vesztették</wf>
         <wf lemma="életüket" pos="X">életüket</wf>
         <wf lemma="." pos="X">.</wf>
      </sentence>
      <sentence id="d000.s3482" source="wordnet-hungarian">
         <wf lemma="Felnőtt" pos="X">Felnőtt</wf>
         <wf lemma="korára" pos="X">korára</wf>
         <wf lemma="is" pos="X">is</wf>
         <instance id="d000.s3482.t000" lemma="bohóc" pos="NOUN">bohóc</instance>
         <wf lemma="maradt" pos="X">maradt</wf>
         <wf lemma="és" pos="X">és</wf>
         <wf lemma="mindenkit" pos="X">mindenkit</wf>
         <wf lemma="megnevettet" pos="X">megnevettet</wf>
         <wf lemma="a" pos="X">a</wf>
         <wf lemma="tréfáival" pos="X">tréfáival</wf>
         <wf lemma="." pos="X">.</wf>
      </sentence>
      <sentence id="d000.s3483" source="wordnet-hungarian">
         <wf lemma="A" pos="X">A</wf>
         <instance id="d000.s3483.t000" lemma="halastó" pos="NOUN">halastóban</instance>
         <wf lemma="nem" pos="X">nem</wf>
         <wf lemma="halászhat" pos="X">halászhat</wf>
         <wf lemma="akárki" pos="X">akárki</wf>
         <wf lemma="." pos="X">.</wf>
      </sentence>
      <sentence id="d000.s3484" source="wordnet-hungarian">
         <wf lemma="A" pos="X">A</wf>
         <wf lemma="kutya" pos="X">kutya</wf>
         <wf lemma="beleharapott" pos="X">beleharapott</wf>
         <wf lemma="a" pos="X">a</wf>
         <instance id="d000.s3484.t000" lemma="láb" pos="NOUN">lábába</instance>
         <wf lemma="." pos="X">.</wf>
      </sentence>
      <sentence id="d000.s3485" source="wordnet-hungarian">
         <wf lemma="Mint" pos="X">Mint</wf>
         <wf lemma="a" pos="X">a</wf>
         <instance id="d000.s3485.t000" lemma="mókus" pos="NOUN">mókus</instance>
         <wf lemma="fenn" pos="X">fenn</wf>
         <wf lemma="a" pos="X">a</wf>
         <wf lemma="fán" pos="X">fán</wf>
         <wf lemma="," pos="X">,</wf>
         <wf lemma="az" pos="X">az</wf>
         <wf lemma="úttörő" pos="X">úttörő</wf>
         <wf lemma="oly" pos="X">oly</wf>
         <wf lemma="vidám" pos="X">vidám</wf>
         <wf lemma="." pos="X">.</wf>
      </sentence>
      <sentence id="d000.s3486" source="wordnet-hungarian">
         <wf lemma="A" pos="X">A</wf>
         <instance id="d000.s3486.t000" lemma="mérés" pos="NOUN">mérést</instance>
         <wf lemma="gondosan" pos="X">gondosan</wf>
         <wf lemma="végezték" pos="X">végezték</wf>
         <wf lemma="." pos="X">.</wf>
      </sentence>
      <sentence id="d000.s3487" source="wordnet-hungarian">
         <wf lemma="Az" pos="X">Az</wf>
         <wf lemma="ívplazma" pos="X">ívplazma</wf>
         <wf lemma="katódjaként" pos="X">katódjaként</wf>
         <wf lemma="vagy" pos="X">vagy</wf>
         <instance id="d000.s3487.t000" lemma="volfrám" pos="NOUN">volfrámból</instance>
         <wf lemma="," pos="X">,</wf>
         <wf lemma="vagy" pos="X">vagy</wf>
         <wf lemma="más" pos="X">más</wf>
         <wf lemma="fémből" pos="X">fémből</wf>
         <wf lemma="készült" pos="X">készült</wf>
         <wf lemma="elektródot" pos="X">elektródot</wf>
         <wf lemma="használnak" pos="X">használnak</wf>
         <wf lemma="." pos="X">.</wf>
      </sentence>
      <sentence id="d000.s3488" source="wordnet-hungarian">
         <wf lemma="Apa" pos="X">Apa</wf>
         <wf lemma="mesét" pos="X">mesét</wf>
         <instance id="d000.s3488.t000" lemma="olvas" pos="VERB">olvas</instance>
         <wf lemma="esténként" pos="X">esténként</wf>
         <wf lemma="a" pos="X">a</wf>
         <wf lemma="gyerekeknek" pos="X">gyerekeknek</wf>
         <wf lemma="." pos="X">.</wf>
      </sentence>
      <sentence id="d000.s3489" source="wordnet-hungarian">
         <wf lemma="A" pos="X">A</wf>
         <instance id="d000.s3489.t000" lemma="sajtóhiba" pos="NOUN">sajtóhibáért</instance>
         <wf lemma="elnézést" pos="X">elnézést</wf>
         <wf lemma="kérünk" pos="X">kérünk</wf>
         <wf lemma="." pos="X">.</wf>
      </sentence>
      <sentence id="d000.s3490" source="wordnet-hungarian">
         <wf lemma="A" pos="X">A</wf>
         <instance id="d000.s3490.t000" lemma="tábornok" pos="NOUN">tábornok</instance>
         <wf lemma="seregszemlét" pos="X">seregszemlét</wf>
         <wf lemma="tartott" pos="X">tartott</wf>
         <wf lemma="." pos="X">.</wf>
      </sentence>
      <sentence id="d000.s3491" source="wordnet-hungarian">
         <wf lemma="Az" pos="X">Az</wf>
         <wf lemma="ingatlanon" pos="X">ingatlanon</wf>
         <wf lemma="lévő" pos="X">lévő</wf>
         <instance id="d000.s3491.t000" lemma="teher" pos="NOUN">terhek</instance>
         <wf lemma="megnehezítették" pos="X">megnehezítették</wf>
         <wf lemma="a" pos="X">a</wf>
         <wf lemma="vásárlást" pos="X">vásárlást</wf>
         <wf lemma="." pos="X">.</wf>
      </sentence>
      <sentence id="d000.s3492" source="wordnet-hungarian">
         <wf lemma="Az" pos="X">Az</wf>
         <wf lemma="angol" pos="X">angol</wf>
         <wf lemma="és" pos="X">és</wf>
         <wf lemma="skót" pos="X">skót</wf>
         <instance id="d000.s3492.t000" lemma="whisky" pos="NOUN">whisky</instance>
         <wf lemma="méltán" pos="X">méltán</wf>
         <wf lemma="híres" pos="X">híres</wf>
         <wf lemma="a" pos="X">a</wf>
         <wf lemma="minőségéről" pos="X">minőségéről</wf>
         <wf lemma="." pos="X">.</wf>
      </sentence>
      <sentence id="d000.s3493" source="wordnet-hungarian">
         <wf lemma="A" pos="X">A</wf>
         <wf lemma="miniszterelnök" pos="X">miniszterelnök</wf>
         <wf lemma="látogatást" pos="X">látogatást</wf>
         <wf lemma="tett" pos="X">tett</wf>
         <wf lemma="az" pos="X">az</wf>
         <wf lemma="ország" pos="X">ország</wf>
         <wf lemma="legnagyobb" pos="X">legnagyobb</wf>
         <instance id="d000.s3493.t000" lemma="kobalt" pos="NOUN">kobaltot</instance>
         <wf lemma="és" pos="X">és</wf>
         <wf lemma="rezet" pos="X">rezet</wf>
         <wf lemma="termelô" pos="X">termelô</wf>
         <wf lemma="üzemében" pos="X">üzemében</wf>
         <wf lemma="." pos="X">.</wf>
      </sentence>
      <sentence id="d000.s3494" source="wordnet-hungarian">
         <wf lemma="A" pos="X">A</wf>
         <wf lemma="felek" pos="X">felek</wf>
         <wf lemma="kérelmére" pos="X">kérelmére</wf>
         <wf lemma="a" pos="X">a</wf>
         <wf lemma="végrehajtó" pos="X">végrehajtó</wf>
         <wf lemma="szakértő" pos="X">szakértő</wf>
         <instance id="d000.s3494.t000" lemma="becsüs" pos="NOUN">becsüst</instance>
         <wf lemma="vesz" pos="X">vesz</wf>
         <wf lemma="igénybe" pos="X">igénybe</wf>
         <wf lemma="." pos="X">.</wf>
      </sentence>
      <sentence id="d000.s3495" source="wordnet-hungarian">
         <wf lemma="A" pos="X">A</wf>
         <wf lemma="fehérarany" pos="X">fehérarany</wf>
         <wf lemma="például" pos="X">például</wf>
         <instance id="d000.s3495.t000" lemma="palládium" pos="NOUN">palládiumot</instance>
         <wf lemma="vagy" pos="X">vagy</wf>
         <wf lemma="nikkelt" pos="X">nikkelt</wf>
         <wf lemma="tartalmaz" pos="X">tartalmaz</wf>
         <wf lemma="." pos="X">.</wf>
      </sentence>
      <sentence id="d000.s3496" source="wordnet-hungarian">
         <wf lemma="Az" pos="X">Az</wf>
         <wf lemma="idegen" pos="X">idegen</wf>
         <wf lemma="láttán" pos="X">láttán</wf>
         <wf lemma="a" pos="X">a</wf>
         <wf lemma="kutyák" pos="X">kutyák</wf>
         <wf lemma="rögvest" pos="X">rögvest</wf>
         <instance id="d000.s3496.t000" lemma="ugat" pos="VERB">ugatni</instance>
         <wf lemma="kezdtek" pos="X">kezdtek</wf>
         <wf lemma="." pos="X">.</wf>
      </sentence>
      <sentence id="d000.s3497" source="wordnet-hungarian">
         <instance id="d000.s3497.t000" lemma="ad" pos="VERB">Adom</instance>
         <wf lemma="Szabó" pos="X">Szabó</wf>
         <wf lemma="urat" pos="X">urat</wf>
         <wf lemma="!" pos="X">!</wf>
      </sentence>
      <sentence id="d000.s3498" source="wordnet-hungarian">
         <wf lemma="Tud" pos="X">Tud</wf>
         <wf lemma="már" pos="X">már</wf>
         <wf lemma="a" pos="X">a</wf>
         <wf lemma="gyereked" pos="X">gyereked</wf>
         <wf lemma="egyedül" pos="X">egyedül</wf>
         <instance id="d000.s3498.t000" lemma="öltözködik" pos="VERB">öltözködni</instance>
         <wf lemma="?" pos="X">?</wf>
      </sentence>
      <sentence id="d000.s3499" source="wordnet-hungarian">
         <wf lemma="Az" pos="X">Az</wf>
         <instance id="d000.s3499.t000" lemma="amortizáció" pos="NOUN">amortizáció</instance>
         <wf lemma="költségként" pos="X">költségként</wf>
         <wf lemma="elszámolható" pos="X">elszámolható</wf>
         <wf lemma="." pos="X">.</wf>
      </sentence>
      <sentence id="d000.s3500" source="wordnet-hungarian">
         <wf lemma="Tibor" pos="X">Tibor</wf>
         <instance id="d000.s3500.t000" lemma="feleség" pos="NOUN">felesége</instance>
         <wf lemma="nagyon" pos="X">nagyon</wf>
         <wf lemma="házias" pos="X">házias</wf>
         <wf lemma="." pos="X">.</wf>
      </sentence>
      <sentence id="d000.s3501" source="wordnet-hungarian">
         <wf lemma="Az" pos="X">Az</wf>
         <wf lemma="amerikai" pos="X">amerikai</wf>
         <instance id="d000.s3501.t000" lemma="bölény" pos="NOUN">bölény</instance>
         <wf lemma="Észak-Amerika" pos="X">Észak-Amerika</wf>
         <wf lemma="legnagyobb" pos="X">legnagyobb</wf>
         <wf lemma="testű" pos="X">testű</wf>
         <wf lemma="szárazföldi" pos="X">szárazföldi</wf>
         <wf lemma="emlőse" pos="X">emlőse</wf>
         <wf lemma="." pos="X">.</wf>
      </sentence>
      <sentence id="d000.s3502" source="wordnet-hungarian">
         <wf lemma="A" pos="X">A</wf>
         <wf lemma="mai" pos="X">mai</wf>
         <wf lemma="hetven-nyolcvan" pos="X">hetven-nyolcvan</wf>
         <wf lemma="év" pos="X">év</wf>
         <wf lemma="mint" pos="X">mint</wf>
         <wf lemma="átlagéletkor" pos="X">átlagéletkor</wf>
         <wf lemma="a" pos="X">a</wf>
         <instance id="d000.s3502.t000" lemma="civilizáció" pos="NOUN">civilizáció</instance>
         <wf lemma="foka" pos="X">foka</wf>
         <wf lemma="és" pos="X">és</wf>
         <wf lemma="az" pos="X">az</wf>
         <wf lemma="orvostudomány" pos="X">orvostudomány</wf>
         <wf lemma="fejlettségének" pos="X">fejlettségének</wf>
         <wf lemma="eredménye" pos="X">eredménye</wf>
         <wf lemma="." pos="X">.</wf>
      </sentence>
      <sentence id="d000.s3503" source="wordnet-hungarian">
         <wf lemma="A" pos="X">A</wf>
         <instance id="d000.s3503.t000" lemma="hegymászó" pos="NOUN">hegymászókat</instance>
         <wf lemma="télen" pos="X">télen</wf>
         <wf lemma="veszélyeztetik" pos="X">veszélyeztetik</wf>
         <wf lemma="a" pos="X">a</wf>
         <wf lemma="lavinák" pos="X">lavinák</wf>
         <wf lemma="." pos="X">.</wf>
      </sentence>
      <sentence id="d000.s3504" source="wordnet-hungarian">
         <wf lemma="Százezer" pos="X">Százezer</wf>
         <wf lemma="forintot" pos="X">forintot</wf>
         <wf lemma="nyert" pos="X">nyert</wf>
         <wf lemma="az" pos="X">az</wf>
         <wf lemma="esti" pos="X">esti</wf>
         <instance id="d000.s3504.t000" lemma="lóverseny" pos="NOUN">lóversenyen</instance>
         <wf lemma="." pos="X">.</wf>
      </sentence>
      <sentence id="d000.s3505" source="wordnet-hungarian">
         <wf lemma="A" pos="X">A</wf>
         <wf lemma="stratégiai" pos="X">stratégiai</wf>
         <instance id="d000.s3505.t000" lemma="játékelmélet" pos="NOUN">játékelmélet</instance>
         <wf lemma="szerint" pos="X">szerint</wf>
         <wf lemma="a" pos="X">a</wf>
         <wf lemma="vállalati" pos="X">vállalati</wf>
         <wf lemma="magatartás" pos="X">magatartás</wf>
         <wf lemma="legegyszerűbben" pos="X">legegyszerűbben</wf>
         <wf lemma="a" pos="X">a</wf>
         <wf lemma="zéró" pos="X">zéró</wf>
         <wf lemma="összegű" pos="X">összegű</wf>
         <wf lemma="játékkal" pos="X">játékkal</wf>
         <wf lemma="írható" pos="X">írható</wf>
         <wf lemma="le" pos="X">le</wf>
         <wf lemma="." pos="X">.</wf>
      </sentence>
      <sentence id="d000.s3506" source="wordnet-hungarian">
         <wf lemma="Az" pos="X">Az</wf>
         <instance id="d000.s3506.t000" lemma="aldehid" pos="NOUN">aldehid</instance>
         <wf lemma="származéka" pos="X">származéka</wf>
         <wf lemma="a" pos="X">a</wf>
         <wf lemma="furfurol" pos="X">furfurol</wf>
         <wf lemma="." pos="X">.</wf>
      </sentence>
      <sentence id="d000.s3507" source="wordnet-hungarian">
         <wf lemma="A" pos="X">A</wf>
         <wf lemma="szilek" pos="X">szilek</wf>
         <wf lemma="gyökerén" pos="X">gyökerén</wf>
         <wf lemma="," pos="X">,</wf>
         <wf lemma="levelein" pos="X">levelein</wf>
         <wf lemma="," pos="X">,</wf>
         <wf lemma="ágain" pos="X">ágain</wf>
         <wf lemma="és" pos="X">és</wf>
         <wf lemma="törzsén" pos="X">törzsén</wf>
         <wf lemma="számos" pos="X">számos</wf>
         <wf lemma="kórokozó" pos="X">kórokozó</wf>
         <wf lemma="él" pos="X">él</wf>
         <wf lemma="," pos="X">,</wf>
         <wf lemma="s" pos="X">s</wf>
         <wf lemma="ezek" pos="X">ezek</wf>
         <wf lemma="tulajdonképpen" pos="X">tulajdonképpen</wf>
         <wf lemma="a" pos="X">a</wf>
         <instance id="d000.s3507.t000" lemma="szil" pos="NOUN">szil</instance>
         <wf lemma="nemzetség" pos="X">nemzetség</wf>
         <wf lemma="valamennyi" pos="X">valamennyi</wf>
         <wf lemma="faján" pos="X">faján</wf>
         <wf lemma="előfordulhatnak" pos="X">előfordulhatnak</wf>
         <wf lemma="." pos="X">.</wf>
      </sentence>
      <sentence id="d000.s3508" source="wordnet-hungarian">
         <wf lemma="A" pos="X">A</wf>
         <wf lemma="készüléket" pos="X">készüléket</wf>
         <wf lemma="elsősorban" pos="X">elsősorban</wf>
         <wf lemma="a" pos="X">a</wf>
         <wf lemma="kozmetikában" pos="X">kozmetikában</wf>
         <wf lemma="használják" pos="X">használják</wf>
         <wf lemma="," pos="X">,</wf>
         <wf lemma="de" pos="X">de</wf>
         <wf lemma="újabban" pos="X">újabban</wf>
         <wf lemma="a" pos="X">a</wf>
         <instance id="d000.s3508.t000" lemma="bőrgyógyászat" pos="NOUN">bőrgyógyászatban</instance>
         <wf lemma="is" pos="X">is</wf>
         <wf lemma="szívesen" pos="X">szívesen</wf>
         <wf lemma="alkalmazzák" pos="X">alkalmazzák</wf>
         <wf lemma="." pos="X">.</wf>
      </sentence>
      <sentence id="d000.s3509" source="wordnet-hungarian">
         <wf lemma="A" pos="X">A</wf>
         <instance id="d000.s3509.t000" lemma="szafari" pos="NOUN">szafari</instance>
         <wf lemma="során" pos="X">során</wf>
         <wf lemma="két" pos="X">két</wf>
         <wf lemma="bivalyt" pos="X">bivalyt</wf>
         <wf lemma="és" pos="X">és</wf>
         <wf lemma="egy" pos="X">egy</wf>
         <wf lemma="impalát" pos="X">impalát</wf>
         <wf lemma="ejtettek" pos="X">ejtettek</wf>
         <wf lemma="el" pos="X">el</wf>
         <wf lemma="." pos="X">.</wf>
      </sentence>
      <sentence id="d000.s3510" source="wordnet-hungarian">
         <wf lemma="Szereted" pos="X">Szereted</wf>
         <wf lemma="a" pos="X">a</wf>
         <instance id="d000.s3510.t000" lemma="steak" pos="NOUN">steaket</instance>
         <wf lemma="?" pos="X">?</wf>
      </sentence>
      <sentence id="d000.s3511" source="wordnet-hungarian">
         <wf lemma="A" pos="X">A</wf>
         <instance id="d000.s3511.t000" lemma="hivatal" pos="NOUN">hivatalban</instance>
         <wf lemma="levő" pos="X">levő</wf>
         <wf lemma="kormány" pos="X">kormány</wf>
         <wf lemma="többsége" pos="X">többsége</wf>
         <wf lemma="szocialista" pos="X">szocialista</wf>
         <wf lemma="." pos="X">.</wf>
      </sentence>
      <sentence id="d000.s3512" source="wordnet-hungarian">
         <wf lemma="A" pos="X">A</wf>
         <instance id="d000.s3512.t000" lemma="televízió" pos="NOUN">televízió</instance>
         <wf lemma="segítségével" pos="X">segítségével</wf>
         <wf lemma="hírt" pos="X">hírt</wf>
         <wf lemma="kaphatunk" pos="X">kaphatunk</wf>
         <wf lemma="a" pos="X">a</wf>
         <wf lemma="világ" pos="X">világ</wf>
         <wf lemma="távoli" pos="X">távoli</wf>
         <wf lemma="tájairól" pos="X">tájairól</wf>
         <wf lemma="is" pos="X">is</wf>
         <wf lemma="." pos="X">.</wf>
      </sentence>
      <sentence id="d000.s3513" source="wordnet-hungarian">
         <wf lemma="Nem" pos="X">Nem</wf>
         <instance id="d000.s3513.t000" lemma="tart" pos="VERB">tartom</instance>
         <wf lemma="sokra" pos="X">sokra</wf>
         <wf lemma="az" pos="X">az</wf>
         <wf lemma="ilyen" pos="X">ilyen</wf>
         <wf lemma="alakokat" pos="X">alakokat</wf>
         <wf lemma="." pos="X">.</wf>
      </sentence>
      <sentence id="d000.s3514" source="wordnet-hungarian">
         <wf lemma="A" pos="X">A</wf>
         <wf lemma="hőstette" pos="X">hőstette</wf>
         <wf lemma="három" pos="X">három</wf>
         <instance id="d000.s3514.t000" lemma="élet" pos="NOUN">életet</instance>
         <wf lemma="mentett" pos="X">mentett</wf>
         <wf lemma="meg" pos="X">meg</wf>
         <wf lemma="." pos="X">.</wf>
      </sentence>
      <sentence id="d000.s3515" source="wordnet-hungarian">
         <wf lemma="A" pos="X">A</wf>
         <wf lemma="munkám" pos="X">munkám</wf>
         <wf lemma="során" pos="X">során</wf>
         <wf lemma="," pos="X">,</wf>
         <wf lemma="a" pos="X">a</wf>
         <instance id="d000.s3515.t000" lemma="stroncium" pos="NOUN">stronciumot</instance>
         <wf lemma="szelektíven" pos="X">szelektíven</wf>
         <wf lemma="kioldottam" pos="X">kioldottam</wf>
         <wf lemma="a" pos="X">a</wf>
         <wf lemma="mintából" pos="X">mintából</wf>
         <wf lemma="." pos="X">.</wf>
      </sentence>
      <sentence id="d000.s3516" source="wordnet-hungarian">
         <wf lemma="Időről-időre" pos="X">Időről-időre</wf>
         <wf lemma="vizsgáljuk" pos="X">vizsgáljuk</wf>
         <wf lemma="át" pos="X">át</wf>
         <wf lemma="a" pos="X">a</wf>
         <wf lemma="gyermek" pos="X">gyermek</wf>
         <wf lemma="haját" pos="X">haját</wf>
         <wf lemma="," pos="X">,</wf>
         <wf lemma="nincs-e" pos="X">nincs-e</wf>
         <wf lemma="benne" pos="X">benne</wf>
         <wf lemma="élő" pos="X">élő</wf>
         <instance id="d000.s3516.t000" lemma="tetű" pos="NOUN">tetű</instance>
         <wf lemma="vagy" pos="X">vagy</wf>
         <wf lemma="serke" pos="X">serke</wf>
         <wf lemma="." pos="X">.</wf>
      </sentence>
      <sentence id="d000.s3517" source="wordnet-hungarian">
         <wf lemma="A" pos="X">A</wf>
         <instance id="d000.s3517.t000" lemma="gőzhajó" pos="NOUN">gőzhajókon</instance>
         <wf lemma="nagy" pos="X">nagy</wf>
         <wf lemma="számú" pos="X">számú</wf>
         <wf lemma="legénység" pos="X">legénység</wf>
         <wf lemma="dolgozik" pos="X">dolgozik</wf>
         <wf lemma="." pos="X">.</wf>
      </sentence>
      <sentence id="d000.s3518" source="wordnet-hungarian">
         <wf lemma="A" pos="X">A</wf>
         <wf lemma="népi" pos="X">népi</wf>
         <wf lemma="gyógyászatban" pos="X">gyógyászatban</wf>
         <wf lemma="a" pos="X">a</wf>
         <instance id="d000.s3518.t000" lemma="bodza" pos="NOUN">bodza</instance>
         <wf lemma="virágát" pos="X">virágát</wf>
         <wf lemma="," pos="X">,</wf>
         <wf lemma="bogyóját" pos="X">bogyóját</wf>
         <wf lemma="," pos="X">,</wf>
         <wf lemma="levelét" pos="X">levelét</wf>
         <wf lemma="," pos="X">,</wf>
         <wf lemma="kérgét" pos="X">kérgét</wf>
         <wf lemma="," pos="X">,</wf>
         <wf lemma="majd" pos="X">majd</wf>
         <wf lemma="oly" pos="X">oly</wf>
         <wf lemma="gyakran" pos="X">gyakran</wf>
         <wf lemma="alkalmazták" pos="X">alkalmazták</wf>
         <wf lemma="," pos="X">,</wf>
         <wf lemma="mint" pos="X">mint</wf>
         <wf lemma="a" pos="X">a</wf>
         <wf lemma="kamillát" pos="X">kamillát</wf>
         <wf lemma="." pos="X">.</wf>
      </sentence>
      <sentence id="d000.s3519" source="wordnet-hungarian">
         <wf lemma="A" pos="X">A</wf>
         <instance id="d000.s3519.t000" lemma="járvány" pos="NOUN">járványtan</instance>
         <wf lemma="nagyon" pos="X">nagyon</wf>
         <wf lemma="érdekelt" pos="X">érdekelt</wf>
         <wf lemma="," pos="X">,</wf>
         <wf lemma="ezért" pos="X">ezért</wf>
         <wf lemma="lettem" pos="X">lettem</wf>
         <wf lemma="kutató" pos="X">kutató</wf>
         <wf lemma="." pos="X">.</wf>
      </sentence>
      <sentence id="d000.s3520" source="wordnet-hungarian">
         <wf lemma="Nagyon" pos="X">Nagyon</wf>
         <wf lemma="szeretlek" pos="X">szeretlek</wf>
         <wf lemma="titeket" pos="X">titeket</wf>
         <wf lemma="," pos="X">,</wf>
         <wf lemma="mert" pos="X">mert</wf>
         <wf lemma="ti" pos="X">ti</wf>
         <wf lemma="vagytok" pos="X">vagytok</wf>
         <wf lemma="a" pos="X">a</wf>
         <wf lemma="szemem" pos="X">szemem</wf>
         <instance id="d000.s3520.t000" lemma="fény" pos="NOUN">fénye</instance>
         <wf lemma="!" pos="X">!</wf>
      </sentence>
      <sentence id="d000.s3521" source="wordnet-hungarian">
         <wf lemma="A" pos="X">A</wf>
         <instance id="d000.s3521.t000" lemma="kapu" pos="NOUN">kapu</instance>
         <wf lemma="a" pos="X">a</wf>
         <wf lemma="főutcára" pos="X">főutcára</wf>
         <wf lemma="nyílt" pos="X">nyílt</wf>
         <wf lemma="." pos="X">.</wf>
      </sentence>
      <sentence id="d000.s3522" source="wordnet-hungarian">
         <wf lemma="Ezen" pos="X">Ezen</wf>
         <wf lemma="a" pos="X">a</wf>
         <instance id="d000.s3522.t000" lemma="hasadék" pos="NOUN">hasadékon</instance>
         <wf lemma="keresztül" pos="X">keresztül</wf>
         <wf lemma="tódult" pos="X">tódult</wf>
         <wf lemma="a" pos="X">a</wf>
         <wf lemma="bazaltláva" pos="X">bazaltláva</wf>
         <wf lemma="a" pos="X">a</wf>
         <wf lemma="mélyből" pos="X">mélyből</wf>
         <wf lemma="a" pos="X">a</wf>
         <wf lemma="felszínre" pos="X">felszínre</wf>
         <wf lemma="." pos="X">.</wf>
      </sentence>
      <sentence id="d000.s3523" source="wordnet-hungarian">
         <wf lemma="A" pos="X">A</wf>
         <wf lemma="labda" pos="X">labda</wf>
         <wf lemma="még" pos="X">még</wf>
         <instance id="d000.s3523.t000" lemma="játék" pos="NOUN">játékban</instance>
         <wf lemma="volt" pos="X">volt</wf>
         <wf lemma="." pos="X">.</wf>
      </sentence>
      <sentence id="d000.s3524" source="wordnet-hungarian">
         <wf lemma="A" pos="X">A</wf>
         <wf lemma="kihívó" pos="X">kihívó</wf>
         <wf lemma="a" pos="X">a</wf>
         <wf lemma="második" pos="X">második</wf>
         <wf lemma="menetben" pos="X">menetben</wf>
         <instance id="d000.s3524.t000" lemma="felad" pos="VERB">feladta</instance>
         <wf lemma="a" pos="X">a</wf>
         <wf lemma="mérkőzést" pos="X">mérkőzést</wf>
         <wf lemma="." pos="X">.</wf>
      </sentence>
      <sentence id="d000.s3525" source="wordnet-hungarian">
         <wf lemma="A" pos="X">A</wf>
         <wf lemma="modern" pos="X">modern</wf>
         <wf lemma="Belgium" pos="X">Belgium</wf>
         <wf lemma="a" pos="X">a</wf>
         <wf lemma="flamandok" pos="X">flamandok</wf>
         <wf lemma="és" pos="X">és</wf>
         <wf lemma="a" pos="X">a</wf>
         <instance id="d000.s3525.t000" lemma="vallon" pos="NOUN">vallonok</instance>
         <wf lemma="ingatag" pos="X">ingatag</wf>
         <wf lemma="szövetségre" pos="X">szövetségre</wf>
         <wf lemma="lépésével" pos="X">lépésével</wf>
         <wf lemma="jött" pos="X">jött</wf>
         <wf lemma="létre" pos="X">létre</wf>
         <wf lemma="1830-ban" pos="X">1830-ban</wf>
         <wf lemma="." pos="X">.</wf>
      </sentence>
      <sentence id="d000.s3526" source="wordnet-hungarian">
         <wf lemma="A" pos="X">A</wf>
         <wf lemma="katonák" pos="X">katonák</wf>
         <instance id="d000.s3526.t000" lemma="átad" pos="VERB">átadták</instance>
         <wf lemma="a" pos="X">a</wf>
         <wf lemma="várost" pos="X">várost</wf>
         <wf lemma="az" pos="X">az</wf>
         <wf lemma="ellenségnek" pos="X">ellenségnek</wf>
         <wf lemma="." pos="X">.</wf>
      </sentence>
      <sentence id="d000.s3527" source="wordnet-hungarian">
         <wf lemma="Az" pos="X">Az</wf>
         <wf lemma="első" pos="X">első</wf>
         <wf lemma="filmszerepemet" pos="X">filmszerepemet</wf>
         <wf lemma="Clark" pos="X">Clark</wf>
         <wf lemma="Gable" pos="X">Gable</wf>
         <wf lemma="lovas" pos="X">lovas</wf>
         <instance id="d000.s3527.t000" lemma="kaszkadőr" pos="NOUN">kaszkadőreként</instance>
         <wf lemma="kaptam" pos="X">kaptam</wf>
         <wf lemma="." pos="X">.</wf>
      </sentence>
      <sentence id="d000.s3528" source="wordnet-hungarian">
         <wf lemma="A" pos="X">A</wf>
         <wf lemma="siker" pos="X">siker</wf>
         <instance id="d000.s3528.t000" lemma="ár" pos="NOUN">ára</instance>
         <wf lemma="a" pos="X">a</wf>
         <wf lemma="kemény" pos="X">kemény</wf>
         <wf lemma="munka" pos="X">munka</wf>
         <wf lemma="." pos="X">.</wf>
      </sentence>
      <sentence id="d000.s3529" source="wordnet-hungarian">
         <wf lemma="Ha" pos="X">Ha</wf>
         <wf lemma="ebben" pos="X">ebben</wf>
         <wf lemma="a" pos="X">a</wf>
         <instance id="d000.s3529.t000" lemma="testhelyzet" pos="NOUN">testhelyzetben</instance>
         <wf lemma="maradsz" pos="X">maradsz</wf>
         <wf lemma="," pos="X">,</wf>
         <wf lemma="meg" pos="X">meg</wf>
         <wf lemma="fog" pos="X">fog</wf>
         <wf lemma="fájdulni" pos="X">fájdulni</wf>
         <wf lemma="a" pos="X">a</wf>
         <wf lemma="nyakad" pos="X">nyakad</wf>
         <wf lemma="!" pos="X">!</wf>
      </sentence>
      <sentence id="d000.s3530" source="wordnet-hungarian">
         <wf lemma="Mindennapjaink" pos="X">Mindennapjaink</wf>
         <wf lemma="minőségét" pos="X">minőségét</wf>
         <wf lemma="meghatározza" pos="X">meghatározza</wf>
         <wf lemma="a" pos="X">a</wf>
         <wf lemma="központi" pos="X">központi</wf>
         <wf lemma="kormányzat" pos="X">kormányzat</wf>
         <wf lemma="és" pos="X">és</wf>
         <wf lemma="a" pos="X">a</wf>
         <wf lemma="helyi" pos="X">helyi</wf>
         <instance id="d000.s3530.t000" lemma="önkormányzat" pos="NOUN">önkormányzatok</instance>
         <wf lemma="nyújtotta" pos="X">nyújtotta</wf>
         <wf lemma="szolgáltatások" pos="X">szolgáltatások</wf>
         <wf lemma="minősége" pos="X">minősége</wf>
         <wf lemma="." pos="X">.</wf>
      </sentence>
      <sentence id="d000.s3531" source="wordnet-hungarian">
         <wf lemma="A" pos="X">A</wf>
         <wf lemma="nő" pos="X">nő</wf>
         <wf lemma="sorsa" pos="X">sorsa</wf>
         <wf lemma="mindannyiunkat" pos="X">mindannyiunkat</wf>
         <instance id="d000.s3531.t000" lemma="megindít" pos="VERB">megindított</instance>
         <wf lemma="." pos="X">.</wf>
      </sentence>
      <sentence id="d000.s3532" source="wordnet-hungarian">
         <wf lemma="Néhány" pos="X">Néhány</wf>
         <wf lemma="tanulmány" pos="X">tanulmány</wf>
         <wf lemma="megkérdőjelezte" pos="X">megkérdőjelezte</wf>
         <wf lemma="azt" pos="X">azt</wf>
         <wf lemma="az" pos="X">az</wf>
         <wf lemma="általános" pos="X">általános</wf>
         <wf lemma="hiedelmet" pos="X">hiedelmet</wf>
         <wf lemma="," pos="X">,</wf>
         <wf lemma="miszerint" pos="X">miszerint</wf>
         <wf lemma="a" pos="X">a</wf>
         <wf lemma="nappali" pos="X">nappali</wf>
         <instance id="d000.s3532.t000" lemma="szundikálás" pos="NOUN">szundikálás</instance>
         <wf lemma="rontja" pos="X">rontja</wf>
         <wf lemma="az" pos="X">az</wf>
         <wf lemma="éjszakai" pos="X">éjszakai</wf>
         <wf lemma="alvás" pos="X">alvás</wf>
         <wf lemma="minőségét" pos="X">minőségét</wf>
         <wf lemma="." pos="X">.</wf>
      </sentence>
      <sentence id="d000.s3533" source="wordnet-hungarian">
         <wf lemma="A" pos="X">A</wf>
         <wf lemma="szomszéd" pos="X">szomszéd</wf>
         <wf lemma="lány" pos="X">lány</wf>
         <wf lemma="keményen" pos="X">keményen</wf>
         <instance id="d000.s3533.t000" lemma="edz" pos="VERB">edz</instance>
         <wf lemma="az" pos="X">az</wf>
         <wf lemma="olimpiára" pos="X">olimpiára</wf>
         <wf lemma="." pos="X">.</wf>
      </sentence>
      <sentence id="d000.s3534" source="wordnet-hungarian">
         <instance id="d000.s3534.t000" lemma="vasárnap" pos="NOUN">Vasárnap</instance>
         <wf lemma="a" pos="X">a</wf>
         <wf lemma="család" pos="X">család</wf>
         <wf lemma="a" pos="X">a</wf>
         <wf lemma="mise" pos="X">mise</wf>
         <wf lemma="után" pos="X">után</wf>
         <wf lemma="mindig" pos="X">mindig</wf>
         <wf lemma="a" pos="X">a</wf>
         <wf lemma="nagyszülőknél" pos="X">nagyszülőknél</wf>
         <wf lemma="ebédelt" pos="X">ebédelt</wf>
         <wf lemma="." pos="X">.</wf>
      </sentence>
      <sentence id="d000.s3535" source="wordnet-hungarian">
         <wf lemma="A" pos="X">A</wf>
         <instance id="d000.s3535.t000" lemma="tündér" pos="NOUN">tündérek</instance>
         <wf lemma="fiatal" pos="X">fiatal</wf>
         <wf lemma="," pos="X">,</wf>
         <wf lemma="hosszú" pos="X">hosszú</wf>
         <wf lemma="hajú" pos="X">hajú</wf>
         <wf lemma="," pos="X">,</wf>
         <wf lemma="általában" pos="X">általában</wf>
         <wf lemma="fehér" pos="X">fehér</wf>
         <wf lemma="ruhás" pos="X">ruhás</wf>
         <wf lemma="," pos="X">,</wf>
         <wf lemma="gyönyörű" pos="X">gyönyörű</wf>
         <wf lemma="nők" pos="X">nők</wf>
         <wf lemma="," pos="X">,</wf>
         <wf lemma="rendszerint" pos="X">rendszerint</wf>
         <wf lemma="csoportosan" pos="X">csoportosan</wf>
         <wf lemma="jelennek" pos="X">jelennek</wf>
         <wf lemma="meg" pos="X">meg</wf>
         <wf lemma=";" pos="X">;</wf>
         <wf lemma="kedvelt" pos="X">kedvelt</wf>
         <wf lemma="megjelenési" pos="X">megjelenési</wf>
         <wf lemma="helyeik" pos="X">helyeik</wf>
         <wf lemma="az" pos="X">az</wf>
         <wf lemma="elhagyott" pos="X">elhagyott</wf>
         <wf lemma="ösvények" pos="X">ösvények</wf>
         <wf lemma="," pos="X">,</wf>
         <wf lemma="keresztutak" pos="X">keresztutak</wf>
         <wf lemma="," pos="X">,</wf>
         <wf lemma="hidak" pos="X">hidak</wf>
         <wf lemma="," pos="X">,</wf>
         <wf lemma="árkok" pos="X">árkok</wf>
         <wf lemma="," pos="X">,</wf>
         <wf lemma="tavak" pos="X">tavak</wf>
         <wf lemma="." pos="X">.</wf>
      </sentence>
      <sentence id="d000.s3536" source="wordnet-hungarian">
         <wf lemma="A" pos="X">A</wf>
         <wf lemma="kopott" pos="X">kopott</wf>
         <instance id="d000.s3536.t000" lemma="ízület" pos="NOUN">ízület</instance>
         <wf lemma="mozgástartománya" pos="X">mozgástartománya</wf>
         <wf lemma="szűkebb" pos="X">szűkebb</wf>
         <wf lemma="," pos="X">,</wf>
         <wf lemma="a" pos="X">a</wf>
         <wf lemma="mozgás" pos="X">mozgás</wf>
         <wf lemma="fájdalommal" pos="X">fájdalommal</wf>
         <wf lemma="járhat" pos="X">járhat</wf>
         <wf lemma="." pos="X">.</wf>
      </sentence>
      <sentence id="d000.s3537" source="wordnet-hungarian">
         <wf lemma="A" pos="X">A</wf>
         <instance id="d000.s3537.t000" lemma="szocialista" pos="NOUN">szocialisták</instance>
         <wf lemma="azt" pos="X">azt</wf>
         <wf lemma="szeretnék" pos="X">szeretnék</wf>
         <wf lemma="," pos="X">,</wf>
         <wf lemma="ha" pos="X">ha</wf>
         <wf lemma="minden" pos="X">minden</wf>
         <wf lemma="beteg" pos="X">beteg</wf>
         <wf lemma="számlát" pos="X">számlát</wf>
         <wf lemma="kapna" pos="X">kapna</wf>
         <wf lemma="az" pos="X">az</wf>
         <wf lemma="ellátásról" pos="X">ellátásról</wf>
         <wf lemma="." pos="X">.</wf>
      </sentence>
      <sentence id="d000.s3538" source="wordnet-hungarian">
         <wf lemma="Magyarország" pos="X">Magyarország</wf>
         <wf lemma="a" pos="X">a</wf>
         <wf lemma="harmadik" pos="X">harmadik</wf>
         <wf lemma="helyen" pos="X">helyen</wf>
         <wf lemma="áll" pos="X">áll</wf>
         <wf lemma="az" pos="X">az</wf>
         <instance id="d000.s3538.t000" lemma="osztrák" pos="NOUN">osztrákok</instance>
         <wf lemma="úticéljainak" pos="X">úticéljainak</wf>
         <wf lemma="listáján" pos="X">listáján</wf>
         <wf lemma="." pos="X">.</wf>
      </sentence>
      <sentence id="d000.s3539" source="wordnet-hungarian">
         <wf lemma="Olyan" pos="X">Olyan</wf>
         <wf lemma="budai" pos="X">budai</wf>
         <instance id="d000.s3539.t000" lemma="öregember" pos="NOUN">öregembert</instance>
         <wf lemma="magam" pos="X">magam</wf>
         <wf lemma="is" pos="X">is</wf>
         <wf lemma="ismertem" pos="X">ismertem</wf>
         <wf lemma="," pos="X">,</wf>
         <wf lemma="aki" pos="X">aki</wf>
         <wf lemma="még" pos="X">még</wf>
         <wf lemma="sohasem" pos="X">sohasem</wf>
         <wf lemma="volt" pos="X">volt</wf>
         <wf lemma="Pesten" pos="X">Pesten</wf>
         <wf lemma="." pos="X">.</wf>
      </sentence>
      <sentence id="d000.s3540" source="wordnet-hungarian">
         <wf lemma="Az" pos="X">Az</wf>
         <instance id="d000.s3540.t000" lemma="igazgatás" pos="NOUN">igazgatás</instance>
         <wf lemma="teendőit" pos="X">teendőit</wf>
         <wf lemma="a" pos="X">a</wf>
         <wf lemma="fiának" pos="X">fiának</wf>
         <wf lemma="adta" pos="X">adta</wf>
         <wf lemma="át" pos="X">át</wf>
         <wf lemma="." pos="X">.</wf>
      </sentence>
      <sentence id="d000.s3541" source="wordnet-hungarian">
         <wf lemma="Ez" pos="X">Ez</wf>
         <wf lemma="egy" pos="X">egy</wf>
         <wf lemma="olyan" pos="X">olyan</wf>
         <instance id="d000.s3541.t000" lemma="lehetőség" pos="NOUN">lehetőség</instance>
         <wf lemma="," pos="X">,</wf>
         <wf lemma="amivel" pos="X">amivel</wf>
         <wf lemma="számolnunk" pos="X">számolnunk</wf>
         <wf lemma="kell" pos="X">kell</wf>
         <wf lemma="." pos="X">.</wf>
      </sentence>
      <sentence id="d000.s3542" source="wordnet-hungarian">
         <wf lemma="A" pos="X">A</wf>
         <instance id="d000.s3542.t000" lemma="gardedám" pos="NOUN">gardedám</instance>
         <wf lemma="éberen" pos="X">éberen</wf>
         <wf lemma="őrködött" pos="X">őrködött</wf>
         <wf lemma="az" pos="X">az</wf>
         <wf lemma="ifjú" pos="X">ifjú</wf>
         <wf lemma="leány" pos="X">leány</wf>
         <wf lemma="erkölcsei" pos="X">erkölcsei</wf>
         <wf lemma="felett" pos="X">felett</wf>
         <wf lemma="." pos="X">.</wf>
      </sentence>
      <sentence id="d000.s3543" source="wordnet-hungarian">
         <wf lemma="Megbotlott" pos="X">Megbotlott</wf>
         <wf lemma="és" pos="X">és</wf>
         <wf lemma="a" pos="X">a</wf>
         <instance id="d000.s3543.t000" lemma="hajóhíd" pos="NOUN">hajóhídról</instance>
         <wf lemma="a" pos="X">a</wf>
         <wf lemma="mélybe" pos="X">mélybe</wf>
         <wf lemma="zuhant" pos="X">zuhant</wf>
         <wf lemma="." pos="X">.</wf>
      </sentence>
      <sentence id="d000.s3544" source="wordnet-hungarian">
         <wf lemma="Az" pos="X">Az</wf>
         <wf lemma="arányt" pos="X">arányt</wf>
         <instance id="d000.s3544.t000" lemma="hányados" pos="NOUN">hányados</instance>
         <wf lemma="alakjában" pos="X">alakjában</wf>
         <wf lemma="fejezzük" pos="X">fejezzük</wf>
         <wf lemma="ki" pos="X">ki</wf>
         <wf lemma="," pos="X">,</wf>
         <wf lemma="az" pos="X">az</wf>
         <wf lemma="így" pos="X">így</wf>
         <wf lemma="kapott" pos="X">kapott</wf>
         <wf lemma="eredmény" pos="X">eredmény</wf>
         <wf lemma="elnevezése" pos="X">elnevezése</wf>
         <wf lemma="aránymutató" pos="X">aránymutató</wf>
         <wf lemma="." pos="X">.</wf>
      </sentence>
      <sentence id="d000.s3545" source="wordnet-hungarian">
         <wf lemma="Az" pos="X">Az</wf>
         <wf lemma="építkezéshez" pos="X">építkezéshez</wf>
         <wf lemma="sok" pos="X">sok</wf>
         <instance id="d000.s3545.t000" lemma="sóder" pos="NOUN">sóderre</instance>
         <wf lemma="lesz" pos="X">lesz</wf>
         <wf lemma="szükség" pos="X">szükség</wf>
         <wf lemma="." pos="X">.</wf>
      </sentence>
      <sentence id="d000.s3546" source="wordnet-hungarian">
         <wf lemma="A" pos="X">A</wf>
         <instance id="d000.s3546.t000" lemma="felügyelő" pos="NOUN">felügyelő</instance>
         <wf lemma="szigorúan" pos="X">szigorúan</wf>
         <wf lemma="fogta" pos="X">fogta</wf>
         <wf lemma="a" pos="X">a</wf>
         <wf lemma="munkásokat" pos="X">munkásokat</wf>
         <wf lemma="." pos="X">.</wf>
      </sentence>
      <sentence id="d000.s3547" source="wordnet-hungarian">
         <wf lemma="Várakoznia" pos="X">Várakoznia</wf>
         <wf lemma="kellett" pos="X">kellett</wf>
         <wf lemma="az" pos="X">az</wf>
         <instance id="d000.s3547.t000" lemma="előcsarnok" pos="NOUN">előcsarnokban</instance>
         <wf lemma="," pos="X">,</wf>
         <wf lemma="amíg" pos="X">amíg</wf>
         <wf lemma="a" pos="X">a</wf>
         <wf lemma="cselédlány" pos="X">cselédlány</wf>
         <wf lemma="nem" pos="X">nem</wf>
         <wf lemma="jelentette" pos="X">jelentette</wf>
         <wf lemma="érkezését" pos="X">érkezését</wf>
         <wf lemma="a" pos="X">a</wf>
         <wf lemma="házigazdának" pos="X">házigazdának</wf>
         <wf lemma="." pos="X">.</wf>
      </sentence>
      <sentence id="d000.s3548" source="wordnet-hungarian">
         <wf lemma="A" pos="X">A</wf>
         <wf lemma="méhpempő" pos="X">méhpempő</wf>
         <wf lemma="teszi" pos="X">teszi</wf>
         <wf lemma="lehetővé" pos="X">lehetővé</wf>
         <wf lemma="," pos="X">,</wf>
         <wf lemma="hogy" pos="X">hogy</wf>
         <wf lemma="a" pos="X">a</wf>
         <wf lemma="tojásrakási" pos="X">tojásrakási</wf>
         <wf lemma="időszakban" pos="X">időszakban</wf>
         <wf lemma="a" pos="X">a</wf>
         <instance id="d000.s3548.t000" lemma="méhkirálynő" pos="NOUN">méhkirálynő</instance>
         <wf lemma="24" pos="X">24</wf>
         <wf lemma="óra" pos="X">óra</wf>
         <wf lemma="leforgása" pos="X">leforgása</wf>
         <wf lemma="alatt" pos="X">alatt</wf>
         <wf lemma="2000-3000" pos="X">2000-3000</wf>
         <wf lemma="tojást" pos="X">tojást</wf>
         <wf lemma="rakjon" pos="X">rakjon</wf>
         <wf lemma="." pos="X">.</wf>
      </sentence>
      <sentence id="d000.s3549" source="wordnet-hungarian">
         <instance id="d000.s3549.t000" lemma="rajzol" pos="VERB">Rajzolj</instance>
         <wf lemma="nekem" pos="X">nekem</wf>
         <wf lemma="egy" pos="X">egy</wf>
         <wf lemma="elefántot" pos="X">elefántot</wf>
         <wf lemma="!" pos="X">!</wf>
      </sentence>
      <sentence id="d000.s3550" source="wordnet-hungarian">
         <wf lemma="Marin" pos="X">Marin</wf>
         <instance id="d000.s3550.t000" lemma="látszik" pos="VERB">látszik</instance>
         <wf lemma="," pos="X">,</wf>
         <wf lemma="hogy" pos="X">hogy</wf>
         <wf lemma="okos" pos="X">okos</wf>
         <wf lemma="." pos="X">.</wf>
      </sentence>
      <sentence id="d000.s3551" source="wordnet-hungarian">
         <wf lemma="Malajziában" pos="X">Malajziában</wf>
         <wf lemma="a" pos="X">a</wf>
         <wf lemma="többség" pos="X">többség</wf>
         <wf lemma="maláj" pos="X">maláj</wf>
         <wf lemma="," pos="X">,</wf>
         <wf lemma="az" pos="X">az</wf>
         <instance id="d000.s3551.t000" lemma="indonéz" pos="NOUN">indonézek</instance>
         <wf lemma="rokona" pos="X">rokona</wf>
         <wf lemma="," pos="X">,</wf>
         <wf lemma="a" pos="X">a</wf>
         <wf lemma="térség" pos="X">térség</wf>
         <wf lemma="őslakója" pos="X">őslakója</wf>
         <wf lemma="." pos="X">.</wf>
      </sentence>
      <sentence id="d000.s3552" source="wordnet-hungarian">
         <wf lemma="A" pos="X">A</wf>
         <wf lemma="mandarin" pos="X">mandarin</wf>
         <wf lemma="nyelvben" pos="X">nyelvben</wf>
         <wf lemma="négy" pos="X">négy</wf>
         <instance id="d000.s3552.t000" lemma="tónus" pos="NOUN">tónus</instance>
         <wf lemma="van" pos="X">van</wf>
         <wf lemma="." pos="X">.</wf>
      </sentence>
      <sentence id="d000.s3553" source="wordnet-hungarian">
         <wf lemma="Az" pos="X">Az</wf>
         <wf lemma="Egyenlítő" pos="X">Egyenlítő</wf>
         <wf lemma="az" pos="X">az</wf>
         <wf lemma="a" pos="X">a</wf>
         <instance id="d000.s3553.t000" lemma="főkör" pos="NOUN">főkör</instance>
         <wf lemma="," pos="X">,</wf>
         <wf lemma="melynek" pos="X">melynek</wf>
         <wf lemma="metszősíkja" pos="X">metszősíkja</wf>
         <wf lemma="merőleges" pos="X">merőleges</wf>
         <wf lemma="a" pos="X">a</wf>
         <wf lemma="Föld" pos="X">Föld</wf>
         <wf lemma="forgátengelyére" pos="X">forgátengelyére</wf>
         <wf lemma="." pos="X">.</wf>
      </sentence>
      <sentence id="d000.s3554" source="wordnet-hungarian">
         <wf lemma="Hozd" pos="X">Hozd</wf>
         <wf lemma="a" pos="X">a</wf>
         <instance id="d000.s3554.t000" lemma="szita" pos="NOUN">szitát</instance>
         <wf lemma="," pos="X">,</wf>
         <wf lemma="nekiállunk" pos="X">nekiállunk</wf>
         <wf lemma="sütni" pos="X">sütni</wf>
         <wf lemma="." pos="X">.</wf>
      </sentence>
      <sentence id="d000.s3555" source="wordnet-hungarian">
         <wf lemma="Nem" pos="X">Nem</wf>
         <wf lemma="sikerült" pos="X">sikerült</wf>
         <wf lemma="egyhangú" pos="X">egyhangú</wf>
         <instance id="d000.s3555.t000" lemma="döntés" pos="NOUN">döntéssel</instance>
         <wf lemma="nyernie" pos="X">nyernie</wf>
         <wf lemma="." pos="X">.</wf>
      </sentence>
      <sentence id="d000.s3556" source="wordnet-hungarian">
         <wf lemma="A" pos="X">A</wf>
         <wf lemma="hajó" pos="X">hajó</wf>
         <instance id="d000.s3556.t000" lemma="ész" pos="NOUN">észak</instance>
         <wf lemma="felé" pos="X">felé</wf>
         <wf lemma="fordult" pos="X">fordult</wf>
         <wf lemma="." pos="X">.</wf>
      </sentence>
      <sentence id="d000.s3557" source="wordnet-hungarian">
         <wf lemma="A" pos="X">A</wf>
         <wf lemma="katasztrófa" pos="X">katasztrófa</wf>
         <wf lemma="látványa" pos="X">látványa</wf>
         <wf lemma="az" pos="X">az</wf>
         <wf lemma="embert" pos="X">embert</wf>
         <instance id="d000.s3557.t000" lemma="tehetetlenség" pos="NOUN">tehetetlensége</instance>
         <wf lemma="érzésében" pos="X">érzésében</wf>
         <wf lemma="önmaga" pos="X">önmaga</wf>
         <wf lemma="felé" pos="X">felé</wf>
         <wf lemma="fordítja" pos="X">fordítja</wf>
         <wf lemma="." pos="X">.</wf>
      </sentence>
      <sentence id="d000.s3558" source="wordnet-hungarian">
         <wf lemma="A" pos="X">A</wf>
         <wf lemma="kamaszok" pos="X">kamaszok</wf>
         <wf lemma="teljesen" pos="X">teljesen</wf>
         <wf lemma="más" pos="X">más</wf>
         <wf lemma="problémákkal" pos="X">problémákkal</wf>
         <wf lemma="fordulnak" pos="X">fordulnak</wf>
         <wf lemma="a" pos="X">a</wf>
         <instance id="d000.s3558.t000" lemma="nőgyógyász" pos="NOUN">nőgyógyászhoz</instance>
         <wf lemma="," pos="X">,</wf>
         <wf lemma="mint" pos="X">mint</wf>
         <wf lemma="a" pos="X">a</wf>
         <wf lemma="felnőttek" pos="X">felnőttek</wf>
         <wf lemma="." pos="X">.</wf>
      </sentence>
      <sentence id="d000.s3559" source="wordnet-hungarian">
         <wf lemma="Az" pos="X">Az</wf>
         <wf lemma="unokahúgom" pos="X">unokahúgom</wf>
         <instance id="d000.s3559.t000" lemma="játszik" pos="VERB">játszott</instance>
         <wf lemma="a" pos="X">a</wf>
         <wf lemma="Julius" pos="X">Julius</wf>
         <wf lemma="Caesarban" pos="X">Caesarban</wf>
         <wf lemma="." pos="X">.</wf>
      </sentence>
      <sentence id="d000.s3560" source="wordnet-hungarian">
         <wf lemma="Feri" pos="X">Feri</wf>
         <instance id="d000.s3560.t000" lemma="kitapint" pos="VERB">kitapintott</instance>
         <wf lemma="a" pos="X">a</wf>
         <wf lemma="zsebében" pos="X">zsebében</wf>
         <wf lemma="egy" pos="X">egy</wf>
         <wf lemma="borítékot" pos="X">borítékot</wf>
         <wf lemma="." pos="X">.</wf>
      </sentence>
      <sentence id="d000.s3561" source="wordnet-hungarian">
         <wf lemma="A" pos="X">A</wf>
         <wf lemma="francia" pos="X">francia</wf>
         <wf lemma="rendőrség" pos="X">rendőrség</wf>
         <wf lemma="közölte" pos="X">közölte</wf>
         <wf lemma="," pos="X">,</wf>
         <wf lemma="hogy" pos="X">hogy</wf>
         <wf lemma="a" pos="X">a</wf>
         <wf lemma="bűnügyi" pos="X">bűnügyi</wf>
         <instance id="d000.s3561.t000" lemma="részleg" pos="NOUN">részleg</instance>
         <wf lemma="foglalkozik" pos="X">foglalkozik</wf>
         <wf lemma="az" pos="X">az</wf>
         <wf lemma="üggyel" pos="X">üggyel</wf>
         <wf lemma="." pos="X">.</wf>
      </sentence>
      <sentence id="d000.s3562" source="wordnet-hungarian">
         <wf lemma="Ézsaiás" pos="X">Ézsaiás</wf>
         <instance id="d000.s3562.t000" lemma="könyv" pos="NOUN">könyve</instance>
         <wf lemma="." pos="X">.</wf>
      </sentence>
      <sentence id="d000.s3563" source="wordnet-hungarian">
         <wf lemma="A" pos="X">A</wf>
         <wf lemma="tartármártás" pos="X">tartármártás</wf>
         <wf lemma="tejföllel" pos="X">tejföllel</wf>
         <wf lemma="vagy" pos="X">vagy</wf>
         <wf lemma="tejszínnel" pos="X">tejszínnel</wf>
         <wf lemma="," pos="X">,</wf>
         <wf lemma="esetleg" pos="X">esetleg</wf>
         <wf lemma="borral" pos="X">borral</wf>
         <wf lemma="gazdagított" pos="X">gazdagított</wf>
         <instance id="d000.s3563.t000" lemma="majonéz" pos="NOUN">majonéz</instance>
         <wf lemma="." pos="X">.</wf>
      </sentence>
      <sentence id="d000.s3564" source="wordnet-hungarian">
         <wf lemma="A" pos="X">A</wf>
         <wf lemma="szellő" pos="X">szellő</wf>
         <instance id="d000.s3564.t000" lemma="szétszór" pos="VERB">szétszórta</instance>
         <wf lemma="a" pos="X">a</wf>
         <wf lemma="magokat" pos="X">magokat</wf>
         <wf lemma="." pos="X">.</wf>
      </sentence>
      <sentence id="d000.s3565" source="wordnet-hungarian">
         <wf lemma="A" pos="X">A</wf>
         <wf lemma="macskák" pos="X">macskák</wf>
         <wf lemma="napjában" pos="X">napjában</wf>
         <wf lemma="többször" pos="X">többször</wf>
         <instance id="d000.s3565.t000" lemma="mosakszik" pos="VERB">mosakszanak</instance>
         <wf lemma="." pos="X">.</wf>
      </sentence>
      <sentence id="d000.s3566" source="wordnet-hungarian">
         <wf lemma="Hét-nyolc" pos="X">Hét-nyolc</wf>
         <wf lemma="tagú" pos="X">tagú</wf>
         <wf lemma="együttesben" pos="X">együttesben</wf>
         <wf lemma="általában" pos="X">általában</wf>
         <wf lemma="már" pos="X">már</wf>
         <wf lemma="hegedűn" pos="X">hegedűn</wf>
         <wf lemma="játszó" pos="X">játszó</wf>
         <wf lemma="segédprímás" pos="X">segédprímás</wf>
         <wf lemma="," pos="X">,</wf>
         <wf lemma="valamint" pos="X">valamint</wf>
         <wf lemma="klarinétos" pos="X">klarinétos</wf>
         <wf lemma="és" pos="X">és</wf>
         <instance id="d000.s3566.t000" lemma="csellista" pos="NOUN">csellista</instance>
         <wf lemma="is" pos="X">is</wf>
         <wf lemma="van" pos="X">van</wf>
         <wf lemma="." pos="X">.</wf>
      </sentence>
      <sentence id="d000.s3567" source="wordnet-hungarian">
         <wf lemma="Az" pos="X">Az</wf>
         <wf lemma="út" pos="X">út</wf>
         <wf lemma="második" pos="X">második</wf>
         <instance id="d000.s3567.t000" lemma="szakasz" pos="NOUN">szakaszában</instance>
         <wf lemma="végig" pos="X">végig</wf>
         <wf lemma="tengeribeteg" pos="X">tengeribeteg</wf>
         <wf lemma="volt" pos="X">volt</wf>
         <wf lemma="." pos="X">.</wf>
      </sentence>
      <sentence id="d000.s3568" source="wordnet-hungarian">
         <wf lemma="A" pos="X">A</wf>
         <instance id="d000.s3568.t000" lemma="medúza" pos="NOUN">medúza</instance>
         <wf lemma="csípése" pos="X">csípése</wf>
         <wf lemma="veszélyes" pos="X">veszélyes</wf>
         <wf lemma="is" pos="X">is</wf>
         <wf lemma="lehet" pos="X">lehet</wf>
         <wf lemma="," pos="X">,</wf>
         <wf lemma="fontos" pos="X">fontos</wf>
         <wf lemma="a" pos="X">a</wf>
         <wf lemma="gyors" pos="X">gyors</wf>
         <wf lemma="orvosi" pos="X">orvosi</wf>
         <wf lemma="ellátás" pos="X">ellátás</wf>
         <wf lemma="." pos="X">.</wf>
      </sentence>
      <sentence id="d000.s3569" source="wordnet-hungarian">
         <wf lemma="Igyekezett" pos="X">Igyekezett</wf>
         <wf lemma="melegen" pos="X">melegen</wf>
         <instance id="d000.s3569.t000" lemma="tart" pos="VERB">tartani</instance>
         <wf lemma="az" pos="X">az</wf>
         <wf lemma="ételt" pos="X">ételt</wf>
         <wf lemma="." pos="X">.</wf>
      </sentence>
      <sentence id="d000.s3570" source="wordnet-hungarian">
         <wf lemma="A" pos="X">A</wf>
         <wf lemma="magabiztos" pos="X">magabiztos</wf>
         <wf lemma="fellépés" pos="X">fellépés</wf>
         <wf lemma="alapja" pos="X">alapja</wf>
         <wf lemma="az" pos="X">az</wf>
         <instance id="d000.s3570.t000" lemma="önbecsülés" pos="NOUN">önbecsülés</instance>
         <wf lemma="," pos="X">,</wf>
         <wf lemma="amely" pos="X">amely</wf>
         <wf lemma="jótékonyan" pos="X">jótékonyan</wf>
         <wf lemma="hat" pos="X">hat</wf>
         <wf lemma="az" pos="X">az</wf>
         <wf lemma="önbizalmunkra" pos="X">önbizalmunkra</wf>
         <wf lemma="," pos="X">,</wf>
         <wf lemma="ezen" pos="X">ezen</wf>
         <wf lemma="keresztül" pos="X">keresztül</wf>
         <wf lemma="a" pos="X">a</wf>
         <wf lemma="viselkedésünkre" pos="X">viselkedésünkre</wf>
         <wf lemma="." pos="X">.</wf>
      </sentence>
      <sentence id="d000.s3571" source="wordnet-hungarian">
         <wf lemma="A" pos="X">A</wf>
         <wf lemma="telek" pos="X">telek</wf>
         <instance id="d000.s3571.t000" lemma="határ" pos="NOUN">határára</instance>
         <wf lemma="táblát" pos="X">táblát</wf>
         <wf lemma="állított" pos="X">állított</wf>
         <wf lemma="." pos="X">.</wf>
      </sentence>
      <sentence id="d000.s3572" source="wordnet-hungarian">
         <wf lemma="A" pos="X">A</wf>
         <wf lemma="köhögés" pos="X">köhögés</wf>
         <wf lemma="az" pos="X">az</wf>
         <wf lemma="alsó" pos="X">alsó</wf>
         <wf lemma="légutak" pos="X">légutak</wf>
         <wf lemma="," pos="X">,</wf>
         <wf lemma="a" pos="X">a</wf>
         <wf lemma="légcső" pos="X">légcső</wf>
         <wf lemma="és" pos="X">és</wf>
         <wf lemma="a" pos="X">a</wf>
         <instance id="d000.s3572.t000" lemma="hörgő" pos="NOUN">hörgők</instance>
         <wf lemma="megbetegedéseire" pos="X">megbetegedéseire</wf>
         <wf lemma="utal" pos="X">utal</wf>
         <wf lemma="." pos="X">.</wf>
      </sentence>
      <sentence id="d000.s3573" source="wordnet-hungarian">
         <wf lemma="A" pos="X">A</wf>
         <wf lemma="szleng" pos="X">szleng</wf>
         <wf lemma="kedveli" pos="X">kedveli</wf>
         <wf lemma="a" pos="X">a</wf>
         <instance id="d000.s3573.t000" lemma="diszfemizmus" pos="NOUN">diszfemizmust</instance>
         <wf lemma="." pos="X">.</wf>
      </sentence>
      <sentence id="d000.s3574" source="wordnet-hungarian">
         <wf lemma="A" pos="X">A</wf>
         <wf lemma="rendőrautó" pos="X">rendőrautó</wf>
         <wf lemma="még" pos="X">még</wf>
         <wf lemma="az" pos="X">az</wf>
         <wf lemma="erdőben" pos="X">erdőben</wf>
         <wf lemma="is" pos="X">is</wf>
         <instance id="d000.s3574.t000" lemma="üldöz" pos="VERB">üldözte</instance>
         <wf lemma="a" pos="X">a</wf>
         <wf lemma="motoron" pos="X">motoron</wf>
         <wf lemma="száguldozó" pos="X">száguldozó</wf>
         <wf lemma="gyanusítottat" pos="X">gyanusítottat</wf>
         <wf lemma="." pos="X">.</wf>
      </sentence>
      <sentence id="d000.s3575" source="wordnet-hungarian">
         <wf lemma="A" pos="X">A</wf>
         <wf lemma="gombák" pos="X">gombák</wf>
         <instance id="d000.s3575.t000" lemma="világ" pos="NOUN">világa</instance>
         <wf lemma="valamiféle" pos="X">valamiféle</wf>
         <wf lemma="átmenet" pos="X">átmenet</wf>
         <wf lemma="a" pos="X">a</wf>
         <wf lemma="növény-" pos="X">növény-</wf>
         <wf lemma="és" pos="X">és</wf>
         <wf lemma="állatvilág" pos="X">állatvilág</wf>
         <wf lemma="között" pos="X">között</wf>
         <wf lemma="." pos="X">.</wf>
      </sentence>
      <sentence id="d000.s3576" source="wordnet-hungarian">
         <wf lemma="A" pos="X">A</wf>
         <instance id="d000.s3576.t000" lemma="szőlő" pos="NOUN">szőlőt</instance>
         <wf lemma="megtámadta" pos="X">megtámadta</wf>
         <wf lemma="a" pos="X">a</wf>
         <wf lemma="filoxéra" pos="X">filoxéra</wf>
         <wf lemma="." pos="X">.</wf>
      </sentence>
      <sentence id="d000.s3577" source="wordnet-hungarian">
         <wf lemma="Biztonsági" pos="X">Biztonsági</wf>
         <wf lemma="okokból" pos="X">okokból</wf>
         <wf lemma="minden" pos="X">minden</wf>
         <wf lemma="üzenetünket" pos="X">üzenetünket</wf>
         <instance id="d000.s3577.t000" lemma="kódol" pos="VERB">kódoljuk</instance>
         <wf lemma="." pos="X">.</wf>
      </sentence>
      <sentence id="d000.s3578" source="wordnet-hungarian">
         <wf lemma="Nemesi" pos="X">Nemesi</wf>
         <instance id="d000.s3578.t000" lemma="származás" pos="NOUN">származása</instance>
         <wf lemma="miatt" pos="X">miatt</wf>
         <wf lemma="sok" pos="X">sok</wf>
         <wf lemma="tréfa" pos="X">tréfa</wf>
         <wf lemma="áldozata" pos="X">áldozata</wf>
         <wf lemma="lett" pos="X">lett</wf>
         <wf lemma="." pos="X">.</wf>
      </sentence>
      <sentence id="d000.s3579" source="wordnet-hungarian">
         <wf lemma="A" pos="X">A</wf>
         <wf lemma="lakás" pos="X">lakás</wf>
         <instance id="d000.s3579.t000" lemma="bér" pos="NOUN">bére</instance>
         <wf lemma="százezer" pos="X">százezer</wf>
         <wf lemma="forint" pos="X">forint</wf>
         <wf lemma="havonta" pos="X">havonta</wf>
         <wf lemma="." pos="X">.</wf>
      </sentence>
      <sentence id="d000.s3580" source="wordnet-hungarian">
         <wf lemma="A" pos="X">A</wf>
         <instance id="d000.s3580.t000" lemma="hóvihar" pos="NOUN">hóviharban</instance>
         <wf lemma="eltűnt" pos="X">eltűnt</wf>
         <wf lemma="egy" pos="X">egy</wf>
         <wf lemma="hegymászó" pos="X">hegymászó</wf>
         <wf lemma="." pos="X">.</wf>
      </sentence>
      <sentence id="d000.s3581" source="wordnet-hungarian">
         <wf lemma="Rossz" pos="X">Rossz</wf>
         <instance id="d000.s3581.t000" lemma="hír" pos="NOUN">hírét</instance>
         <wf lemma="azért" pos="X">azért</wf>
         <wf lemma="költötték" pos="X">költötték</wf>
         <wf lemma="," pos="X">,</wf>
         <wf lemma="mert" pos="X">mert</wf>
         <wf lemma="másságával" pos="X">másságával</wf>
         <wf lemma="csak" pos="X">csak</wf>
         <wf lemma="keveseknek" pos="X">keveseknek</wf>
         <wf lemma="sikerült" pos="X">sikerült</wf>
         <wf lemma="megbarátkoznia" pos="X">megbarátkoznia</wf>
         <wf lemma="." pos="X">.</wf>
      </sentence>
      <sentence id="d000.s3582" source="wordnet-hungarian">
         <wf lemma="A" pos="X">A</wf>
         <wf lemma="vállalkozói" pos="X">vállalkozói</wf>
         <instance id="d000.s3582.t000" lemma="mentalitás" pos="NOUN">mentalitás</instance>
         <wf lemma="nem" pos="X">nem</wf>
         <wf lemma="mindig" pos="X">mindig</wf>
         <wf lemma="szimpatikus" pos="X">szimpatikus</wf>
         <wf lemma="." pos="X">.</wf>
      </sentence>
      <sentence id="d000.s3583" source="wordnet-hungarian">
         <wf lemma="A" pos="X">A</wf>
         <instance id="d000.s3583.t000" lemma="keverék" pos="NOUN">keveréknek</instance>
         <wf lemma="barna" pos="X">barna</wf>
         <wf lemma="színe" pos="X">színe</wf>
         <wf lemma="lett" pos="X">lett</wf>
         <wf lemma="." pos="X">.</wf>
      </sentence>
      <sentence id="d000.s3584" source="wordnet-hungarian">
         <wf lemma="A" pos="X">A</wf>
         <instance id="d000.s3584.t000" lemma="parabola" pos="NOUN">parabola</instance>
         <wf lemma="szárai" pos="X">szárai</wf>
         <wf lemma="sosem" pos="X">sosem</wf>
         <wf lemma="érik" pos="X">érik</wf>
         <wf lemma="el" pos="X">el</wf>
         <wf lemma="az" pos="X">az</wf>
         <wf lemma="aszimptotát" pos="X">aszimptotát</wf>
         <wf lemma="." pos="X">.</wf>
      </sentence>
      <sentence id="d000.s3585" source="wordnet-hungarian">
         <wf lemma="Ez" pos="X">Ez</wf>
         <wf lemma="a" pos="X">a</wf>
         <instance id="d000.s3585.t000" lemma="másolat" pos="NOUN">másolat</instance>
         <wf lemma="tökéletesen" pos="X">tökéletesen</wf>
         <wf lemma="sikerült" pos="X">sikerült</wf>
         <wf lemma="." pos="X">.</wf>
      </sentence>
      <sentence id="d000.s3586" source="wordnet-hungarian">
         <wf lemma="A" pos="X">A</wf>
         <instance id="d000.s3586.t000" lemma="függvény" pos="NOUN">függvény</instance>
         <wf lemma="értelmezési" pos="X">értelmezési</wf>
         <wf lemma="tartománya" pos="X">tartománya</wf>
         <wf lemma="a" pos="X">a</wf>
         <wf lemma="pozitív" pos="X">pozitív</wf>
         <wf lemma="egész" pos="X">egész</wf>
         <wf lemma="számok" pos="X">számok</wf>
         <wf lemma="halmaza" pos="X">halmaza</wf>
         <wf lemma="." pos="X">.</wf>
      </sentence>
      <sentence id="d000.s3587" source="wordnet-hungarian">
         <wf lemma="Az" pos="X">Az</wf>
         <wf lemma="ország" pos="X">ország</wf>
         <instance id="d000.s3587.t000" lemma="feldarabolás" pos="NOUN">feldarabolása</instance>
         <wf lemma="többször" pos="X">többször</wf>
         <wf lemma="is" pos="X">is</wf>
         <wf lemma="lejátszódott" pos="X">lejátszódott</wf>
         <wf lemma="a" pos="X">a</wf>
         <wf lemma="történelem" pos="X">történelem</wf>
         <wf lemma="folyamán" pos="X">folyamán</wf>
         <wf lemma="." pos="X">.</wf>
      </sentence>
      <sentence id="d000.s3588" source="wordnet-hungarian">
         <wf lemma="Zajos" pos="X">Zajos</wf>
         <wf lemma="kis" pos="X">kis</wf>
         <instance id="d000.s3588.t000" lemma="csapat" pos="NOUN">csapat</instance>
         <wf lemma="álldogált" pos="X">álldogált</wf>
         <wf lemma="az" pos="X">az</wf>
         <wf lemma="iskola" pos="X">iskola</wf>
         <wf lemma="bejárata" pos="X">bejárata</wf>
         <wf lemma="előtt" pos="X">előtt</wf>
         <wf lemma="." pos="X">.</wf>
      </sentence>
      <sentence id="d000.s3589" source="wordnet-hungarian">
         <wf lemma="Mi" pos="X">Mi</wf>
         <wf lemma="a" pos="X">a</wf>
         <wf lemma="pontos" pos="X">pontos</wf>
         <instance id="d000.s3589.t000" lemma="megnevezés" pos="NOUN">megnevezése</instance>
         <wf lemma="ennek" pos="X">ennek</wf>
         <wf lemma="az" pos="X">az</wf>
         <wf lemma="árunak" pos="X">árunak</wf>
         <wf lemma="?" pos="X">?</wf>
      </sentence>
      <sentence id="d000.s3590" source="wordnet-hungarian">
         <wf lemma="A" pos="X">A</wf>
         <instance id="d000.s3590.t000" lemma="szülészet" pos="NOUN">szülészetet</instance>
         <wf lemma="több" pos="X">több</wf>
         <wf lemma="féléven" pos="X">féléven</wf>
         <wf lemma="keresztül" pos="X">keresztül</wf>
         <wf lemma="tanultuk" pos="X">tanultuk</wf>
         <wf lemma="." pos="X">.</wf>
      </sentence>
      <sentence id="d000.s3591" source="wordnet-hungarian">
         <wf lemma="A" pos="X">A</wf>
         <instance id="d000.s3591.t000" lemma="kvantumelmélet" pos="NOUN">kvantumelmélet</instance>
         <wf lemma="hőskorszaka" pos="X">hőskorszaka</wf>
         <wf lemma="a" pos="X">a</wf>
         <wf lemma="huszadik" pos="X">huszadik</wf>
         <wf lemma="század" pos="X">század</wf>
         <wf lemma="első" pos="X">első</wf>
         <wf lemma="három" pos="X">három</wf>
         <wf lemma="évtizedére" pos="X">évtizedére</wf>
         <wf lemma="esik" pos="X">esik</wf>
         <wf lemma="." pos="X">.</wf>
      </sentence>
      <sentence id="d000.s3592" source="wordnet-hungarian">
         <wf lemma="A" pos="X">A</wf>
         <wf lemma="fehérje" pos="X">fehérje</wf>
         <wf lemma="aktív" pos="X">aktív</wf>
         <wf lemma="centrumának" pos="X">centrumának</wf>
         <wf lemma="geometriájától" pos="X">geometriájától</wf>
         <wf lemma="is" pos="X">is</wf>
         <wf lemma="függ" pos="X">függ</wf>
         <wf lemma="," pos="X">,</wf>
         <wf lemma="hogy" pos="X">hogy</wf>
         <wf lemma="a" pos="X">a</wf>
         <wf lemma="két" pos="X">két</wf>
         <instance id="d000.s3592.t000" lemma="ion" pos="NOUN">ion</instance>
         <wf lemma="közül" pos="X">közül</wf>
         <wf lemma="melyik" pos="X">melyik</wf>
         <wf lemma="fog" pos="X">fog</wf>
         <wf lemma="ott" pos="X">ott</wf>
         <wf lemma="megkötődni" pos="X">megkötődni</wf>
         <wf lemma="." pos="X">.</wf>
      </sentence>
      <sentence id="d000.s3593" source="wordnet-hungarian">
         <wf lemma="A" pos="X">A</wf>
         <wf lemma="legismertebb" pos="X">legismertebb</wf>
         <wf lemma="és" pos="X">és</wf>
         <wf lemma="talán" pos="X">talán</wf>
         <wf lemma="legjelentősebb" pos="X">legjelentősebb</wf>
         <instance id="d000.s3593.t000" lemma="történetíró" pos="NOUN">történetíró</instance>
         <wf lemma="Hérodotosz" pos="X">Hérodotosz</wf>
         <wf lemma="." pos="X">.</wf>
      </sentence>
      <sentence id="d000.s3594" source="wordnet-hungarian">
         <wf lemma="A" pos="X">A</wf>
         <wf lemma="kislány" pos="X">kislány</wf>
         <instance id="d000.s3594.t000" lemma="játékmackó" pos="NOUN">játékmackót</instance>
         <wf lemma="kapott" pos="X">kapott</wf>
         <wf lemma="ajándékba" pos="X">ajándékba</wf>
         <wf lemma="." pos="X">.</wf>
      </sentence>
      <sentence id="d000.s3595" source="wordnet-hungarian">
         <wf lemma="Elvégeztem" pos="X">Elvégeztem</wf>
         <wf lemma="egy" pos="X">egy</wf>
         <wf lemma="reinkarnációs" pos="X">reinkarnációs</wf>
         <instance id="d000.s3595.t000" lemma="tanfolyam" pos="NOUN">tanfolyamot</instance>
         <wf lemma="." pos="X">.</wf>
      </sentence>
      <sentence id="d000.s3596" source="wordnet-hungarian">
         <wf lemma="Élvezd" pos="X">Élvezd</wf>
         <wf lemma="az" pos="X">az</wf>
         <wf lemma="egyedüllét" pos="X">egyedüllét</wf>
         <instance id="d000.s3596.t000" lemma="áldás" pos="NOUN">áldásait</instance>
         <wf lemma="!" pos="X">!</wf>
      </sentence>
      <sentence id="d000.s3597" source="wordnet-hungarian">
         <wf lemma="Posh" pos="X">Posh</wf>
         <wf lemma="Spice" pos="X">Spice</wf>
         <wf lemma="kedvenc" pos="X">kedvenc</wf>
         <instance id="d000.s3597.t000" lemma="időtöltés" pos="NOUN">időtöltése</instance>
         <wf lemma="a" pos="X">a</wf>
         <wf lemma="vásárlás" pos="X">vásárlás</wf>
         <wf lemma="." pos="X">.</wf>
      </sentence>
      <sentence id="d000.s3598" source="wordnet-hungarian">
         <wf lemma="Az" pos="X">Az</wf>
         <instance id="d000.s3598.t000" lemma="értágulat" pos="NOUN">értágulatok</instance>
         <wf lemma="az" pos="X">az</wf>
         <wf lemma="erek" pos="X">erek</wf>
         <wf lemma="elzárásával" pos="X">elzárásával</wf>
         <wf lemma="(" pos="X">(</wf>
         <wf lemma="koaguláció" pos="X">koaguláció</wf>
         <wf lemma="," pos="X">,</wf>
         <wf lemma="szklerotizálás" pos="X">szklerotizálás</wf>
         <wf lemma=")" pos="X">)</wf>
         <wf lemma="eltüntethetők" pos="X">eltüntethetők</wf>
         <wf lemma="," pos="X">,</wf>
         <wf lemma="a" pos="X">a</wf>
         <wf lemma="vékonyabb" pos="X">vékonyabb</wf>
         <wf lemma="erek" pos="X">erek</wf>
         <wf lemma="érösszehúzó" pos="X">érösszehúzó</wf>
         <wf lemma="szereket" pos="X">szereket</wf>
         <wf lemma="tartalmazó" pos="X">tartalmazó</wf>
         <wf lemma="speciális" pos="X">speciális</wf>
         <wf lemma="krémmel" pos="X">krémmel</wf>
         <wf lemma="kezelhetők" pos="X">kezelhetők</wf>
         <wf lemma="." pos="X">.</wf>
      </sentence>
      <sentence id="d000.s3599" source="wordnet-hungarian">
         <wf lemma="A" pos="X">A</wf>
         <wf lemma="nyíregyházi" pos="X">nyíregyházi</wf>
         <instance id="d000.s3599.t000" lemma="huszár" pos="NOUN">huszárok</instance>
         <wf lemma="1914" pos="X">1914</wf>
         <wf lemma="nyarától" pos="X">nyarától</wf>
         <wf lemma="az" pos="X">az</wf>
         <wf lemma="1918-as" pos="X">1918-as</wf>
         <wf lemma="összeomlásig" pos="X">összeomlásig</wf>
         <wf lemma="végigharcolták" pos="X">végigharcolták</wf>
         <wf lemma="a" pos="X">a</wf>
         <wf lemma="háború" pos="X">háború</wf>
         <wf lemma="összes" pos="X">összes</wf>
         <wf lemma="frontszakaszát" pos="X">frontszakaszát</wf>
         <wf lemma="." pos="X">.</wf>
      </sentence>
      <sentence id="d000.s3600" source="wordnet-hungarian">
         <wf lemma="A" pos="X">A</wf>
         <wf lemma="kíváncsi" pos="X">kíváncsi</wf>
         <wf lemma="turista" pos="X">turista</wf>
         <wf lemma="befizethet" pos="X">befizethet</wf>
         <wf lemma="egy" pos="X">egy</wf>
         <wf lemma="mocsártúrára" pos="X">mocsártúrára</wf>
         <wf lemma="," pos="X">,</wf>
         <wf lemma="és" pos="X">és</wf>
         <wf lemma="elmehet" pos="X">elmehet</wf>
         <wf lemma="aligátornézőbe" pos="X">aligátornézőbe</wf>
         <wf lemma="," pos="X">,</wf>
         <wf lemma="vagy" pos="X">vagy</wf>
         <wf lemma="meglátogathatja" pos="X">meglátogathatja</wf>
         <wf lemma="a" pos="X">a</wf>
         <wf lemma="francia" pos="X">francia</wf>
         <instance id="d000.s3600.t000" lemma="cajun" pos="NOUN">cajunok</instance>
         <wf lemma="falvait" pos="X">falvait</wf>
         <wf lemma="." pos="X">.</wf>
      </sentence>
      <sentence id="d000.s3601" source="wordnet-hungarian">
         <wf lemma="A" pos="X">A</wf>
         <wf lemma="művésztelep" pos="X">művésztelep</wf>
         <wf lemma="egy" pos="X">egy</wf>
         <wf lemma="kis" pos="X">kis</wf>
         <instance id="d000.s3601.t000" lemma="sziget" pos="NOUN">sziget</instance>
         <wf lemma="a" pos="X">a</wf>
         <wf lemma="város" pos="X">város</wf>
         <wf lemma="szívében" pos="X">szívében</wf>
         <wf lemma="." pos="X">.</wf>
      </sentence>
      <sentence id="d000.s3602" source="wordnet-hungarian">
         <wf lemma="A" pos="X">A</wf>
         <wf lemma="mostani" pos="X">mostani</wf>
         <wf lemma="országos" pos="X">országos</wf>
         <wf lemma="bajnokságon" pos="X">bajnokságon</wf>
         <wf lemma="ezüst-" pos="X">ezüst-</wf>
         <wf lemma="és" pos="X">és</wf>
         <wf lemma="bronzérmet" pos="X">bronzérmet</wf>
         <wf lemma="villantottak" pos="X">villantottak</wf>
         <wf lemma="fel" pos="X">fel</wf>
         <wf lemma="a" pos="X">a</wf>
         <wf lemma="zalaegerszegi" pos="X">zalaegerszegi</wf>
         <instance id="d000.s3602.t000" lemma="rövidtávfutó" pos="NOUN">rövidtávfutók</instance>
         <wf lemma="." pos="X">.</wf>
      </sentence>
      <sentence id="d000.s3603" source="wordnet-hungarian">
         <wf lemma="Korán" pos="X">Korán</wf>
         <wf lemma="kezdtem" pos="X">kezdtem</wf>
         <wf lemma="a" pos="X">a</wf>
         <instance id="d000.s3603.t000" lemma="nap" pos="NOUN">napot</instance>
         <wf lemma="." pos="X">.</wf>
      </sentence>
      <sentence id="d000.s3604" source="wordnet-hungarian">
         <wf lemma="Katalin" pos="X">Katalin</wf>
         <wf lemma="már" pos="X">már</wf>
         <wf lemma="rögtön" pos="X">rögtön</wf>
         <wf lemma="a" pos="X">a</wf>
         <wf lemma="terület" pos="X">terület</wf>
         <instance id="d000.s3604.t000" lemma="annektálás" pos="NOUN">annektálása</instance>
         <wf lemma="után" pos="X">után</wf>
         <wf lemma="kezdte" pos="X">kezdte</wf>
         <wf lemma="kisajátítani" pos="X">kisajátítani</wf>
         <wf lemma="a" pos="X">a</wf>
         <wf lemma="helyi" pos="X">helyi</wf>
         <wf lemma="lakosság" pos="X">lakosság</wf>
         <wf lemma="legjobb" pos="X">legjobb</wf>
         <wf lemma="földjeit" pos="X">földjeit</wf>
         <wf lemma="." pos="X">.</wf>
      </sentence>
      <sentence id="d000.s3605" source="wordnet-hungarian">
         <wf lemma="Az" pos="X">Az</wf>
         <wf lemma="északi" pos="X">északi</wf>
         <instance id="d000.s3605.t000" lemma="fal" pos="NOUN">falon</instance>
         <wf lemma="eltöltött" pos="X">eltöltött</wf>
         <wf lemma="négy" pos="X">négy</wf>
         <wf lemma="éjszaka" pos="X">éjszaka</wf>
         <wf lemma="a" pos="X">a</wf>
         <wf lemma="végletekig" pos="X">végletekig</wf>
         <wf lemma="kimerítette" pos="X">kimerítette</wf>
         <wf lemma="a" pos="X">a</wf>
         <wf lemma="három" pos="X">három</wf>
         <wf lemma="hegymászót" pos="X">hegymászót</wf>
         <wf lemma="." pos="X">.</wf>
      </sentence>
      <sentence id="d000.s3606" source="wordnet-hungarian">
         <wf lemma="A" pos="X">A</wf>
         <instance id="d000.s3606.t000" lemma="buddhista" pos="NOUN">buddhisták</instance>
         <wf lemma="számára" pos="X">számára</wf>
         <wf lemma="a" pos="X">a</wf>
         <wf lemma="Nyolc" pos="X">Nyolc</wf>
         <wf lemma="Nemes" pos="X">Nemes</wf>
         <wf lemma="Ösvény" pos="X">Ösvény</wf>
         <wf lemma="teljes" pos="X">teljes</wf>
         <wf lemma="értékű" pos="X">értékű</wf>
         <wf lemma="életmódot" pos="X">életmódot</wf>
         <wf lemma="jelent" pos="X">jelent</wf>
         <wf lemma="." pos="X">.</wf>
      </sentence>
      <sentence id="d000.s3607" source="wordnet-hungarian">
         <wf lemma="A" pos="X">A</wf>
         <instance id="d000.s3607.t000" lemma="völgylakó" pos="NOUN">völgylakók</instance>
         <wf lemma="tüzek" pos="X">tüzek</wf>
         <wf lemma="gyújtásával" pos="X">gyújtásával</wf>
         <wf lemma="jelt" pos="X">jelt</wf>
         <wf lemma="adtak" pos="X">adtak</wf>
         <wf lemma="egymásnak" pos="X">egymásnak</wf>
         <wf lemma="." pos="X">.</wf>
      </sentence>
      <sentence id="d000.s3608" source="wordnet-hungarian">
         <wf lemma="Az" pos="X">Az</wf>
         <wf lemma="orgonának" pos="X">orgonának</wf>
         <wf lemma="fehér" pos="X">fehér</wf>
         <wf lemma="vagy" pos="X">vagy</wf>
         <wf lemma="lila" pos="X">lila</wf>
         <wf lemma="a" pos="X">a</wf>
         <instance id="d000.s3608.t000" lemma="virág" pos="NOUN">virága</instance>
         <wf lemma="." pos="X">.</wf>
      </sentence>
      <sentence id="d000.s3609" source="wordnet-hungarian">
         <wf lemma="A" pos="X">A</wf>
         <instance id="d000.s3609.t000" lemma="só" pos="NOUN">só</instance>
         <wf lemma="az" pos="X">az</wf>
         <wf lemma="emberi" pos="X">emberi</wf>
         <wf lemma="élet" pos="X">élet</wf>
         <wf lemma="számára" pos="X">számára</wf>
         <wf lemma="szintén" pos="X">szintén</wf>
         <wf lemma="olyan" pos="X">olyan</wf>
         <wf lemma="fontos" pos="X">fontos</wf>
         <wf lemma="," pos="X">,</wf>
         <wf lemma="mint" pos="X">mint</wf>
         <wf lemma="a" pos="X">a</wf>
         <wf lemma="víz" pos="X">víz</wf>
         <wf lemma="." pos="X">.</wf>
      </sentence>
      <sentence id="d000.s3610" source="wordnet-hungarian">
         <wf lemma="A" pos="X">A</wf>
         <wf lemma="sötétben" pos="X">sötétben</wf>
         <wf lemma="kutyának" pos="X">kutyának</wf>
         <instance id="d000.s3610.t000" lemma="néz" pos="VERB">néztem</instance>
         <wf lemma="a" pos="X">a</wf>
         <wf lemma="macskát" pos="X">macskát</wf>
         <wf lemma="." pos="X">.</wf>
      </sentence>
      <sentence id="d000.s3611" source="wordnet-hungarian">
         <wf lemma="Adj" pos="X">Adj</wf>
         <wf lemma="részletesebb" pos="X">részletesebb</wf>
         <instance id="d000.s3611.t000" lemma="leírás" pos="NOUN">leírást</instance>
         <wf lemma="az" pos="X">az</wf>
         <wf lemma="eseményekről" pos="X">eseményekről</wf>
         <wf lemma="!" pos="X">!</wf>
      </sentence>
      <sentence id="d000.s3612" source="wordnet-hungarian">
         <wf lemma="A" pos="X">A</wf>
         <wf lemma="DNS" pos="X">DNS</wf>
         <instance id="d000.s3612.t000" lemma="lánc" pos="NOUN">lánc</instance>
         <wf lemma="óriási" pos="X">óriási</wf>
         <wf lemma="tömegű" pos="X">tömegű</wf>
         <wf lemma="információt" pos="X">információt</wf>
         <wf lemma="hordoz" pos="X">hordoz</wf>
         <wf lemma="." pos="X">.</wf>
      </sentence>
      <sentence id="d000.s3613" source="wordnet-hungarian">
         <wf lemma="A" pos="X">A</wf>
         <wf lemma="film" pos="X">film</wf>
         <instance id="d000.s3613.t000" lemma="alkotó" pos="NOUN">alkotóit</instance>
         <wf lemma="kitüntették" pos="X">kitüntették</wf>
         <wf lemma="." pos="X">.</wf>
      </sentence>
      <sentence id="d000.s3614" source="wordnet-hungarian">
         <wf lemma="A" pos="X">A</wf>
         <wf lemma="felavatási" pos="X">felavatási</wf>
         <instance id="d000.s3614.t000" lemma="ceremónia" pos="NOUN">ceremónián</instance>
         <wf lemma="részt" pos="X">részt</wf>
         <wf lemma="vettek" pos="X">vettek</wf>
         <wf lemma="a" pos="X">a</wf>
         <wf lemma="párt" pos="X">párt</wf>
         <wf lemma="és" pos="X">és</wf>
         <wf lemma="kormány" pos="X">kormány</wf>
         <wf lemma="." pos="X">.</wf>
      </sentence>
      <sentence id="d000.s3615" source="wordnet-hungarian">
         <instance id="d000.s3615.t000" lemma="vétség" pos="NOUN">Vétség</instance>
         <wf lemma="az" pos="X">az</wf>
         <wf lemma="a" pos="X">a</wf>
         <wf lemma="bűncselekmény" pos="X">bűncselekmény</wf>
         <wf lemma="," pos="X">,</wf>
         <wf lemma="amelynek" pos="X">amelynek</wf>
         <wf lemma="törvényi" pos="X">törvényi</wf>
         <wf lemma="bünteti" pos="X">bünteti</wf>
         <wf lemma="tétele" pos="X">tétele</wf>
         <wf lemma="maximum" pos="X">maximum</wf>
         <wf lemma="két" pos="X">két</wf>
         <wf lemma="év" pos="X">év</wf>
         <wf lemma="." pos="X">.</wf>
      </sentence>
      <sentence id="d000.s3616" source="wordnet-hungarian">
         <wf lemma="A" pos="X">A</wf>
         <wf lemma="hagymácskák" pos="X">hagymácskák</wf>
         <wf lemma="kifejlődésével" pos="X">kifejlődésével</wf>
         <wf lemma="a" pos="X">a</wf>
         <instance id="d000.s3616.t000" lemma="pikkely" pos="NOUN">pikkelylevél</instance>
         <wf lemma="elszárad" pos="X">elszárad</wf>
         <wf lemma="." pos="X">.</wf>
      </sentence>
      <sentence id="d000.s3617" source="wordnet-hungarian">
         <wf lemma="A" pos="X">A</wf>
         <wf lemma="meteorológusok" pos="X">meteorológusok</wf>
         <wf lemma="erőre" pos="X">erőre</wf>
         <instance id="d000.s3617.t000" lemma="számít" pos="VERB">számítanak</instance>
         <wf lemma="." pos="X">.</wf>
      </sentence>
      <sentence id="d000.s3618" source="wordnet-hungarian">
         <wf lemma="Magas" pos="X">Magas</wf>
         <instance id="d000.s3618.t000" lemma="fok" pos="NOUN">fokon</instance>
         <wf lemma="művelte" pos="X">művelte</wf>
         <wf lemma="a" pos="X">a</wf>
         <wf lemma="mesterséget" pos="X">mesterséget</wf>
         <wf lemma="." pos="X">.</wf>
      </sentence>
      <sentence id="d000.s3619" source="wordnet-hungarian">
         <wf lemma="Volt" pos="X">Volt</wf>
         <wf lemma="egy" pos="X">egy</wf>
         <wf lemma="kis" pos="X">kis</wf>
         <instance id="d000.s3619.t000" lemma="nézeteltérés" pos="NOUN">nézeteltérésem</instance>
         <wf lemma="a" pos="X">a</wf>
         <wf lemma="szomszéddal" pos="X">szomszéddal</wf>
         <wf lemma="tegnap" pos="X">tegnap</wf>
         <wf lemma="este" pos="X">este</wf>
         <wf lemma="." pos="X">.</wf>
      </sentence>
      <sentence id="d000.s3620" source="wordnet-hungarian">
         <wf lemma="A" pos="X">A</wf>
         <wf lemma="telkem" pos="X">telkem</wf>
         <wf lemma="a" pos="X">a</wf>
         <wf lemma="tóig" pos="X">tóig</wf>
         <instance id="d000.s3620.t000" lemma="tart" pos="VERB">tart</instance>
         <wf lemma="." pos="X">.</wf>
      </sentence>
      <sentence id="d000.s3621" source="wordnet-hungarian">
         <wf lemma="A" pos="X">A</wf>
         <wf lemma="legjobb" pos="X">legjobb</wf>
         <wf lemma="szakmai" pos="X">szakmai</wf>
         <instance id="d000.s3621.t000" lemma="meggyőződés" pos="NOUN">meggyőződésem</instance>
         <wf lemma="szerint" pos="X">szerint</wf>
         <wf lemma="jártam" pos="X">jártam</wf>
         <wf lemma="el" pos="X">el</wf>
         <wf lemma="." pos="X">.</wf>
      </sentence>
      <sentence id="d000.s3622" source="wordnet-hungarian">
         <wf lemma="A" pos="X">A</wf>
         <wf lemma="kis" pos="X">kis</wf>
         <instance id="d000.s3622.t000" lemma="író" pos="NOUN">író</instance>
         <wf lemma="naplójában" pos="X">naplójában</wf>
         <wf lemma="addigi" pos="X">addigi</wf>
         <wf lemma="élete" pos="X">élete</wf>
         <wf lemma="minden" pos="X">minden</wf>
         <wf lemma="jelentős" pos="X">jelentős</wf>
         <wf lemma="mozzanatát" pos="X">mozzanatát</wf>
         <wf lemma="megörökítette" pos="X">megörökítette</wf>
         <wf lemma="." pos="X">.</wf>
      </sentence>
      <sentence id="d000.s3623" source="wordnet-hungarian">
         <wf lemma="A" pos="X">A</wf>
         <wf lemma="fővárosban" pos="X">fővárosban</wf>
         <wf lemma="az" pos="X">az</wf>
         <wf lemma="idén" pos="X">idén</wf>
         <wf lemma="két" pos="X">két</wf>
         <wf lemma="központi" pos="X">központi</wf>
         <wf lemma="helyszínen" pos="X">helyszínen</wf>
         <wf lemma="várják" pos="X">várják</wf>
         <wf lemma="a" pos="X">a</wf>
         <wf lemma="kiadók" pos="X">kiadók</wf>
         <wf lemma="a" pos="X">a</wf>
         <instance id="d000.s3623.t000" lemma="könyvbarát" pos="NOUN">könyvbarátokat</instance>
         <wf lemma="." pos="X">.</wf>
      </sentence>
      <sentence id="d000.s3624" source="wordnet-hungarian">
         <wf lemma="A" pos="X">A</wf>
         <wf lemma="sémák" pos="X">sémák</wf>
         <wf lemma="felismerése" pos="X">felismerése</wf>
         <wf lemma="a" pos="X">a</wf>
         <instance id="d000.s3624.t000" lemma="sakk" pos="NOUN">sakkban</instance>
         <wf lemma="nagyon" pos="X">nagyon</wf>
         <wf lemma="fontos" pos="X">fontos</wf>
         <wf lemma="része" pos="X">része</wf>
         <wf lemma="a" pos="X">a</wf>
         <wf lemma="sikernek" pos="X">sikernek</wf>
         <wf lemma="." pos="X">.</wf>
      </sentence>
      <sentence id="d000.s3625" source="wordnet-hungarian">
         <wf lemma="Nagy" pos="X">Nagy</wf>
         <instance id="d000.s3625.t000" lemma="változás" pos="NOUN">változásokon</instance>
         <wf lemma="ment" pos="X">ment</wf>
         <wf lemma="át" pos="X">át</wf>
         <wf lemma="amióta" pos="X">amióta</wf>
         <wf lemma="nem" pos="X">nem</wf>
         <wf lemma="láttam" pos="X">láttam</wf>
         <wf lemma="." pos="X">.</wf>
      </sentence>
      <sentence id="d000.s3626" source="wordnet-hungarian">
         <wf lemma="A" pos="X">A</wf>
         <instance id="d000.s3626.t000" lemma="ribonukleinsav" pos="NOUN">ribonukleinsav</instance>
         <wf lemma="állhat" pos="X">állhat</wf>
         <wf lemma="egyetlen" pos="X">egyetlen</wf>
         <wf lemma="vagy" pos="X">vagy</wf>
         <wf lemma="kettős" pos="X">kettős</wf>
         <wf lemma="láncból" pos="X">láncból</wf>
         <wf lemma="is" pos="X">is</wf>
         <wf lemma="." pos="X">.</wf>
      </sentence>
      <sentence id="d000.s3627" source="wordnet-hungarian">
         <wf lemma="Az" pos="X">Az</wf>
         <wf lemma="igazi" pos="X">igazi</wf>
         <instance id="d000.s3627.t000" lemma="csoda" pos="NOUN">csoda</instance>
         <wf lemma="nem" pos="X">nem</wf>
         <wf lemma="az" pos="X">az</wf>
         <wf lemma="," pos="X">,</wf>
         <wf lemma="hogy" pos="X">hogy</wf>
         <wf lemma="egyformán" pos="X">egyformán</wf>
         <wf lemma="gondolkodunk" pos="X">gondolkodunk</wf>
         <wf lemma="," pos="X">,</wf>
         <wf lemma="az" pos="X">az</wf>
         <wf lemma="igazi" pos="X">igazi</wf>
         <wf lemma="csoda" pos="X">csoda</wf>
         <wf lemma="," pos="X">,</wf>
         <wf lemma="hogy" pos="X">hogy</wf>
         <wf lemma="egyformán" pos="X">egyformán</wf>
         <wf lemma="érzünk" pos="X">érzünk</wf>
         <wf lemma="." pos="X">.</wf>
      </sentence>
      <sentence id="d000.s3628" source="wordnet-hungarian">
         <wf lemma="Az" pos="X">Az</wf>
         <instance id="d000.s3628.t000" lemma="oxfordi" pos="NOUN">oxfordiakat</instance>
         <wf lemma="érte" pos="X">érte</wf>
         <wf lemma="az" pos="X">az</wf>
         <wf lemma="a" pos="X">a</wf>
         <wf lemma="kivételes" pos="X">kivételes</wf>
         <wf lemma="megtiszteltetés" pos="X">megtiszteltetés</wf>
         <wf lemma="," pos="X">,</wf>
         <wf lemma="hogy" pos="X">hogy</wf>
         <wf lemma="Michael" pos="X">Michael</wf>
         <wf lemma="Jacksont" pos="X">Jacksont</wf>
         <wf lemma="maszk" pos="X">maszk</wf>
         <wf lemma="nélkül" pos="X">nélkül</wf>
         <wf lemma="láthassák" pos="X">láthassák</wf>
         <wf lemma="." pos="X">.</wf>
      </sentence>
      <sentence id="d000.s3629" source="wordnet-hungarian">
         <wf lemma="A" pos="X">A</wf>
         <instance id="d000.s3629.t000" lemma="kürtő" pos="NOUN">kürtő</instance>
         <wf lemma="vége" pos="X">vége</wf>
         <wf lemma="nem" pos="X">nem</wf>
         <wf lemma="helyezhető" pos="X">helyezhető</wf>
         <wf lemma="ablak" pos="X">ablak</wf>
         <wf lemma="alá" pos="X">alá</wf>
         <wf lemma="." pos="X">.</wf>
      </sentence>
      <sentence id="d000.s3630" source="wordnet-hungarian">
         <wf lemma="Minden" pos="X">Minden</wf>
         <wf lemma="munkatárstól" pos="X">munkatárstól</wf>
         <wf lemma="elvárták" pos="X">elvárták</wf>
         <wf lemma="," pos="X">,</wf>
         <wf lemma="hogy" pos="X">hogy</wf>
         <wf lemma="alkalmazkodjon" pos="X">alkalmazkodjon</wf>
         <wf lemma="az" pos="X">az</wf>
         <wf lemma="újság" pos="X">újság</wf>
         <instance id="d000.s3630.t000" lemma="stílus" pos="NOUN">stílusához</instance>
         <wf lemma="." pos="X">.</wf>
      </sentence>
      <sentence id="d000.s3631" source="wordnet-hungarian">
         <wf lemma="Az" pos="X">Az</wf>
         <instance id="d000.s3631.t000" lemma="anarchista" pos="NOUN">anarchisták</instance>
         <wf lemma="szerint" pos="X">szerint</wf>
         <wf lemma="az" pos="X">az</wf>
         <wf lemma="állam" pos="X">állam</wf>
         <wf lemma="erőszakosan" pos="X">erőszakosan</wf>
         <wf lemma="beavatkozik" pos="X">beavatkozik</wf>
         <wf lemma="az" pos="X">az</wf>
         <wf lemma="emberek" pos="X">emberek</wf>
         <wf lemma="életébe" pos="X">életébe</wf>
         <wf lemma="." pos="X">.</wf>
      </sentence>
      <sentence id="d000.s3632" source="wordnet-hungarian">
         <wf lemma="Hat" pos="X">Hat</wf>
         <instance id="d000.s3632.t000" lemma="láb" pos="NOUN">láb</instance>
         <wf lemma="magas" pos="X">magas</wf>
         <wf lemma="." pos="X">.</wf>
      </sentence>
      <sentence id="d000.s3633" source="wordnet-hungarian">
         <wf lemma="Még" pos="X">Még</wf>
         <wf lemma="nem" pos="X">nem</wf>
         <wf lemma="tudom" pos="X">tudom</wf>
         <wf lemma="igazán" pos="X">igazán</wf>
         <instance id="d000.s3633.t000" lemma="kezel" pos="VERB">kezelni</instance>
         <wf lemma="a" pos="X">a</wf>
         <wf lemma="golfütőt" pos="X">golfütőt</wf>
         <wf lemma="." pos="X">.</wf>
      </sentence>
      <sentence id="d000.s3634" source="wordnet-hungarian">
         <wf lemma="Az" pos="X">Az</wf>
         <wf lemma="orr" pos="X">orr</wf>
         <instance id="d000.s3634.t000" lemma="járat" pos="NOUN">járatainak</instance>
         <wf lemma="és" pos="X">és</wf>
         <wf lemma="üregeinek" pos="X">üregeinek</wf>
         <wf lemma="felszínét" pos="X">felszínét</wf>
         <wf lemma="nyálkahártya" pos="X">nyálkahártya</wf>
         <wf lemma="borítja" pos="X">borítja</wf>
         <wf lemma="." pos="X">.</wf>
      </sentence>
      <sentence id="d000.s3635" source="wordnet-hungarian">
         <wf lemma="Amit" pos="X">Amit</wf>
         <wf lemma="tett" pos="X">tett</wf>
         <wf lemma="," pos="X">,</wf>
         <wf lemma="az" pos="X">az</wf>
         <wf lemma="már" pos="X">már</wf>
         <wf lemma="túlment" pos="X">túlment</wf>
         <wf lemma="a" pos="X">a</wf>
         <wf lemma="jóízlés" pos="X">jóízlés</wf>
         <instance id="d000.s3635.t000" lemma="határ" pos="NOUN">határán</instance>
         <wf lemma="." pos="X">.</wf>
      </sentence>
      <sentence id="d000.s3636" source="wordnet-hungarian">
         <wf lemma="A" pos="X">A</wf>
         <instance id="d000.s3636.t000" lemma="nap" pos="NOUN">Nap</instance>
         <wf lemma="csak" pos="X">csak</wf>
         <wf lemma="egy" pos="X">egy</wf>
         <wf lemma="csillag" pos="X">csillag</wf>
         <wf lemma="a" pos="X">a</wf>
         <wf lemma="sok" pos="X">sok</wf>
         <wf lemma="közül" pos="X">közül</wf>
         <wf lemma="," pos="X">,</wf>
         <wf lemma="amely" pos="X">amely</wf>
         <wf lemma="pusztán" pos="X">pusztán</wf>
         <wf lemma="azért" pos="X">azért</wf>
         <wf lemma="látszik" pos="X">látszik</wf>
         <wf lemma="olyan" pos="X">olyan</wf>
         <wf lemma="fényesnek" pos="X">fényesnek</wf>
         <wf lemma="," pos="X">,</wf>
         <wf lemma="mert" pos="X">mert</wf>
         <wf lemma="rendkívül" pos="X">rendkívül</wf>
         <wf lemma="közel" pos="X">közel</wf>
         <wf lemma="van" pos="X">van</wf>
         <wf lemma="hozzánk" pos="X">hozzánk</wf>
         <wf lemma="." pos="X">.</wf>
      </sentence>
      <sentence id="d000.s3637" source="wordnet-hungarian">
         <wf lemma="Mi" pos="X">Mi</wf>
         <wf lemma="a" pos="X">a</wf>
         <instance id="d000.s3637.t000" lemma="probléma" pos="NOUN">probléma</instance>
         <wf lemma="?" pos="X">?</wf>
      </sentence>
      <sentence id="d000.s3638" source="wordnet-hungarian">
         <wf lemma="A" pos="X">A</wf>
         <wf lemma="böjt" pos="X">böjt</wf>
         <wf lemma="az" pos="X">az</wf>
         <instance id="d000.s3638.t000" lemma="önmegtartóztatás" pos="NOUN">önmegtartóztatásnak</instance>
         <wf lemma="csak" pos="X">csak</wf>
         <wf lemma="az" pos="X">az</wf>
         <wf lemma="egyik" pos="X">egyik</wf>
         <wf lemma="formája" pos="X">formája</wf>
         <wf lemma="." pos="X">.</wf>
      </sentence>
      <sentence id="d000.s3639" source="wordnet-hungarian">
         <wf lemma="Az" pos="X">Az</wf>
         <instance id="d000.s3639.t000" lemma="adóalap" pos="NOUN">adóalappal</instance>
         <wf lemma="kapcsolatos" pos="X">kapcsolatos</wf>
         <wf lemma="törvényeket" pos="X">törvényeket</wf>
         <wf lemma="nem" pos="X">nem</wf>
         <wf lemma="ismerem" pos="X">ismerem</wf>
         <wf lemma="." pos="X">.</wf>
      </sentence>
      <sentence id="d000.s3640" source="wordnet-hungarian">
         <wf lemma="Több" pos="X">Több</wf>
         <wf lemma="vallás" pos="X">vallás</wf>
         <wf lemma="szerint" pos="X">szerint</wf>
         <wf lemma="is" pos="X">is</wf>
         <wf lemma="a" pos="X">a</wf>
         <wf lemma="jók" pos="X">jók</wf>
         <wf lemma="haláluk" pos="X">haláluk</wf>
         <wf lemma="után" pos="X">után</wf>
         <wf lemma="a" pos="X">a</wf>
         <instance id="d000.s3640.t000" lemma="mennyország" pos="NOUN">mennyországba</instance>
         <wf lemma="kerülnek" pos="X">kerülnek</wf>
         <wf lemma="." pos="X">.</wf>
      </sentence>
      <sentence id="d000.s3641" source="wordnet-hungarian">
         <wf lemma="A" pos="X">A</wf>
         <wf lemma="viteldíj" pos="X">viteldíj</wf>
         <wf lemma="10" pos="X">10</wf>
         <wf lemma="százalékos" pos="X">százalékos</wf>
         <instance id="d000.s3641.t000" lemma="növekedés" pos="NOUN">növekedését</instance>
         <wf lemma="irányozták" pos="X">irányozták</wf>
         <wf lemma="elő" pos="X">elő</wf>
         <wf lemma="." pos="X">.</wf>
      </sentence>
      <sentence id="d000.s3642" source="wordnet-hungarian">
         <wf lemma="A" pos="X">A</wf>
         <instance id="d000.s3642.t000" lemma="szórakoztatóipar" pos="NOUN">szórakoztatóipar</instance>
         <wf lemma="az" pos="X">az</wf>
         <wf lemma="internetkalózokra" pos="X">internetkalózokra</wf>
         <wf lemma="is" pos="X">is</wf>
         <wf lemma="kiterjesztené" pos="X">kiterjesztené</wf>
         <wf lemma="az" pos="X">az</wf>
         <wf lemma="adatőrzési" pos="X">adatőrzési</wf>
         <wf lemma="szabályokat" pos="X">szabályokat</wf>
         <wf lemma="." pos="X">.</wf>
      </sentence>
      <sentence id="d000.s3643" source="wordnet-hungarian">
         <wf lemma="A" pos="X">A</wf>
         <instance id="d000.s3643.t000" lemma="szegénység" pos="NOUN">szegénységből</instance>
         <wf lemma="kemény" pos="X">kemény</wf>
         <wf lemma="munkával" pos="X">munkával</wf>
         <wf lemma="próbált" pos="X">próbált</wf>
         <wf lemma="kitörni" pos="X">kitörni</wf>
         <wf lemma="." pos="X">.</wf>
      </sentence>
      <sentence id="d000.s3644" source="wordnet-hungarian">
         <wf lemma="A" pos="X">A</wf>
         <instance id="d000.s3644.t000" lemma="politikus" pos="NOUN">politikusoknak</instance>
         <wf lemma="nincs" pos="X">nincs</wf>
         <wf lemma="sok" pos="X">sok</wf>
         <wf lemma="hitele" pos="X">hitele</wf>
         <wf lemma="." pos="X">.</wf>
      </sentence>
      <sentence id="d000.s3645" source="wordnet-hungarian">
         <wf lemma="A" pos="X">A</wf>
         <wf lemma="lőszernek" pos="X">lőszernek</wf>
         <wf lemma="titániumból" pos="X">titániumból</wf>
         <wf lemma="készült" pos="X">készült</wf>
         <wf lemma="," pos="X">,</wf>
         <wf lemma="páncéltörő" pos="X">páncéltörő</wf>
         <instance id="d000.s3645.t000" lemma="mag" pos="NOUN">magja</instance>
         <wf lemma="van" pos="X">van</wf>
         <wf lemma="." pos="X">.</wf>
      </sentence>
      <sentence id="d000.s3646" source="wordnet-hungarian">
         <wf lemma="Mennyiben" pos="X">Mennyiben</wf>
         <instance id="d000.s3646.t000" lemma="van" pos="VERB">volt</instance>
         <wf lemma="nektek" pos="X">nektek</wf>
         <wf lemma="ez" pos="X">ez</wf>
         <wf lemma="mulatság" pos="X">mulatság</wf>
         <wf lemma="?" pos="X">?</wf>
      </sentence>
      <sentence id="d000.s3647" source="wordnet-hungarian">
         <wf lemma="A" pos="X">A</wf>
         <wf lemma="virágok" pos="X">virágok</wf>
         <wf lemma="egymáshoz" pos="X">egymáshoz</wf>
         <wf lemma="való" pos="X">való</wf>
         <wf lemma="túl" pos="X">túl</wf>
         <wf lemma="közel" pos="X">közel</wf>
         <instance id="d000.s3647.t000" lemma="helyezés" pos="NOUN">helyezése</instance>
         <wf lemma="nem" pos="X">nem</wf>
         <wf lemma="jó" pos="X">jó</wf>
         <wf lemma="ötlet" pos="X">ötlet</wf>
         <wf lemma="." pos="X">.</wf>
      </sentence>
      <sentence id="d000.s3648" source="wordnet-hungarian">
         <wf lemma="Ezt" pos="X">Ezt</wf>
         <wf lemma="a" pos="X">a</wf>
         <instance id="d000.s3648.t000" lemma="zenemű" pos="NOUN">zeneművet</instance>
         <wf lemma="négy" pos="X">négy</wf>
         <wf lemma="szólamban" pos="X">szólamban</wf>
         <wf lemma="szólaltatják" pos="X">szólaltatják</wf>
         <wf lemma="meg" pos="X">meg</wf>
         <wf lemma="." pos="X">.</wf>
      </sentence>
      <sentence id="d000.s3649" source="wordnet-hungarian">
         <wf lemma="A" pos="X">A</wf>
         <instance id="d000.s3649.t000" lemma="macskagyökér" pos="NOUN">macskagyökér</instance>
         <wf lemma="nyugtató" pos="X">nyugtató</wf>
         <wf lemma="hatású" pos="X">hatású</wf>
         <wf lemma="." pos="X">.</wf>
      </sentence>
      <sentence id="d000.s3650" source="wordnet-hungarian">
         <wf lemma="Ha" pos="X">Ha</wf>
         <wf lemma="felszámolják" pos="X">felszámolják</wf>
         <wf lemma="a" pos="X">a</wf>
         <instance id="d000.s3650.t000" lemma="szövetkezet" pos="NOUN">szövetkezetet</instance>
         <wf lemma="," pos="X">,</wf>
         <wf lemma="az" pos="X">az</wf>
         <wf lemma="ön" pos="X">ön</wf>
         <wf lemma="cége" pos="X">cége</wf>
         <wf lemma="is" pos="X">is</wf>
         <wf lemma="részt" pos="X">részt</wf>
         <wf lemma="vesz" pos="X">vesz</wf>
         <wf lemma="az" pos="X">az</wf>
         <wf lemma="árverezésen" pos="X">árverezésen</wf>
         <wf lemma="?" pos="X">?</wf>
      </sentence>
      <sentence id="d000.s3651" source="wordnet-hungarian">
         <wf lemma="Miért" pos="X">Miért</wf>
         <wf lemma="adják" pos="X">adják</wf>
         <wf lemma="a" pos="X">a</wf>
         <wf lemma="részvények" pos="X">részvények</wf>
         <wf lemma="nagy" pos="X">nagy</wf>
         <wf lemma="többségét" pos="X">többségét</wf>
         <instance id="d000.s3651.t000" lemma="névérték" pos="NOUN">névérték</instance>
         <wf lemma="feletti" pos="X">feletti</wf>
         <wf lemma="áron" pos="X">áron</wf>
         <wf lemma="?" pos="X">?</wf>
      </sentence>
      <sentence id="d000.s3652" source="wordnet-hungarian">
         <wf lemma="Karcsi" pos="X">Karcsi</wf>
         <wf lemma="nem" pos="X">nem</wf>
         <instance id="d000.s3652.t000" lemma="válaszol" pos="VERB">válaszolt</instance>
         <wf lemma="Marinak" pos="X">Marinak</wf>
         <wf lemma="." pos="X">.</wf>
      </sentence>
      <sentence id="d000.s3653" source="wordnet-hungarian">
         <wf lemma="A" pos="X">A</wf>
         <instance id="d000.s3653.t000" lemma="tejsavó" pos="NOUN">tejsavó</instance>
         <wf lemma="fehérjéje" pos="X">fehérjéje</wf>
         <wf lemma="nagy" pos="X">nagy</wf>
         <wf lemma="biológiai" pos="X">biológiai</wf>
         <wf lemma="értékénél" pos="X">értékénél</wf>
         <wf lemma="fogva" pos="X">fogva</wf>
         <wf lemma="alkalmas" pos="X">alkalmas</wf>
         <wf lemma="arra" pos="X">arra</wf>
         <wf lemma="," pos="X">,</wf>
         <wf lemma="hogy" pos="X">hogy</wf>
         <wf lemma="a" pos="X">a</wf>
         <wf lemma="kukorica" pos="X">kukorica</wf>
         <wf lemma="," pos="X">,</wf>
         <wf lemma="rizs" pos="X">rizs</wf>
         <wf lemma="," pos="X">,</wf>
         <wf lemma="köles" pos="X">köles</wf>
         <wf lemma="stb." pos="X">stb.</wf>
         <wf lemma="gyengébb" pos="X">gyengébb</wf>
         <wf lemma="minőségű" pos="X">minőségű</wf>
         <wf lemma="fehérjéit" pos="X">fehérjéit</wf>
         <wf lemma="ezzel" pos="X">ezzel</wf>
         <wf lemma="kiegészítve" pos="X">kiegészítve</wf>
         <wf lemma="értékesebb" pos="X">értékesebb</wf>
         <wf lemma="aminosav" pos="X">aminosav</wf>
         <wf lemma="összetételűvé" pos="X">összetételűvé</wf>
         <wf lemma="tegyük" pos="X">tegyük</wf>
         <wf lemma="." pos="X">.</wf>
      </sentence>
      <sentence id="d000.s3654" source="wordnet-hungarian">
         <wf lemma="A" pos="X">A</wf>
         <wf lemma="Magyarországon" pos="X">Magyarországon</wf>
         <wf lemma="rendezett" pos="X">rendezett</wf>
         <wf lemma="sportesemények" pos="X">sportesemények</wf>
         <wf lemma="gyakori" pos="X">gyakori</wf>
         <instance id="d000.s3654.t000" lemma="kabala" pos="NOUN">kabalája</instance>
         <wf lemma="a" pos="X">a</wf>
         <wf lemma="puli" pos="X">puli</wf>
         <wf lemma="." pos="X">.</wf>
      </sentence>
      <sentence id="d000.s3655" source="wordnet-hungarian">
         <wf lemma="A" pos="X">A</wf>
         <instance id="d000.s3655.t000" lemma="lemeztektonika" pos="NOUN">lemeztektonikáról</instance>
         <wf lemma="mindenki" pos="X">mindenki</wf>
         <wf lemma="tanul" pos="X">tanul</wf>
         <wf lemma="középiskolában" pos="X">középiskolában</wf>
         <wf lemma="." pos="X">.</wf>
      </sentence>
      <sentence id="d000.s3656" source="wordnet-hungarian">
         <wf lemma="A" pos="X">A</wf>
         <instance id="d000.s3656.t000" lemma="kenyér" pos="NOUN">kenyér</instance>
         <wf lemma="a" pos="X">a</wf>
         <wf lemma="legalapvetőbb" pos="X">legalapvetőbb</wf>
         <wf lemma="élelmiszerek" pos="X">élelmiszerek</wf>
         <wf lemma="egyike" pos="X">egyike</wf>
         <wf lemma="." pos="X">.</wf>
      </sentence>
      <sentence id="d000.s3657" source="wordnet-hungarian">
         <wf lemma="A" pos="X">A</wf>
         <instance id="d000.s3657.t000" lemma="minószi" pos="NOUN">minósziak</instance>
         <wf lemma="nem" pos="X">nem</wf>
         <wf lemma="hódítók" pos="X">hódítók</wf>
         <wf lemma="," pos="X">,</wf>
         <wf lemma="hanem" pos="X">hanem</wf>
         <wf lemma="kereskedők" pos="X">kereskedők</wf>
         <wf lemma="voltak" pos="X">voltak</wf>
         <wf lemma="," pos="X">,</wf>
         <wf lemma="ezért" pos="X">ezért</wf>
         <wf lemma="szívesen" pos="X">szívesen</wf>
         <wf lemma="látták" pos="X">látták</wf>
         <wf lemma="őket" pos="X">őket</wf>
         <wf lemma="az" pos="X">az</wf>
         <wf lemma="ősi" pos="X">ősi</wf>
         <wf lemma="Egyiptomban" pos="X">Egyiptomban</wf>
         <wf lemma="is" pos="X">is</wf>
         <wf lemma="." pos="X">.</wf>
      </sentence>
      <sentence id="d000.s3658" source="wordnet-hungarian">
         <wf lemma="Egy" pos="X">Egy</wf>
         <wf lemma="elveszett" pos="X">elveszett</wf>
         <wf lemma="gyereket" pos="X">gyereket</wf>
         <instance id="d000.s3658.t000" lemma="keres" pos="VERB">keresnek</instance>
         <wf lemma="a" pos="X">a</wf>
         <wf lemma="rendőrök" pos="X">rendőrök</wf>
         <wf lemma="az" pos="X">az</wf>
         <wf lemma="egész" pos="X">egész</wf>
         <wf lemma="megyében" pos="X">megyében</wf>
         <wf lemma="." pos="X">.</wf>
      </sentence>
      <sentence id="d000.s3659" source="wordnet-hungarian">
         <wf lemma="Feri" pos="X">Feri</wf>
         <wf lemma="szeret" pos="X">szeret</wf>
         <instance id="d000.s3659.t000" lemma="beszél" pos="VERB">beszélni</instance>
         <wf lemma="." pos="X">.</wf>
      </sentence>
      <sentence id="d000.s3660" source="wordnet-hungarian">
         <wf lemma="El" pos="X">El</wf>
         <wf lemma="akarta" pos="X">akarta</wf>
         <wf lemma="kerülni" pos="X">kerülni</wf>
         <wf lemma="a" pos="X">a</wf>
         <wf lemma="kényes" pos="X">kényes</wf>
         <wf lemma="kérdéseket" pos="X">kérdéseket</wf>
         <wf lemma="," pos="X">,</wf>
         <wf lemma="így" pos="X">így</wf>
         <wf lemma="eltért" pos="X">eltért</wf>
         <wf lemma="a" pos="X">a</wf>
         <instance id="d000.s3660.t000" lemma="tárgy" pos="NOUN">tárgytól</instance>
         <wf lemma="." pos="X">.</wf>
      </sentence>
      <sentence id="d000.s3661" source="wordnet-hungarian">
         <instance id="d000.s3661.t000" lemma="elrendez" pos="VERB">Elrendeztem</instance>
         <wf lemma="a" pos="X">a</wf>
         <wf lemma="dolgaimat" pos="X">dolgaimat</wf>
         <wf lemma="az" pos="X">az</wf>
         <wf lemma="íróasztalon" pos="X">íróasztalon</wf>
         <wf lemma="." pos="X">.</wf>
      </sentence>
      <sentence id="d000.s3662" source="wordnet-hungarian">
         <wf lemma="Az" pos="X">Az</wf>
         <wf lemma="események" pos="X">események</wf>
         <wf lemma="színes" pos="X">színes</wf>
         <instance id="d000.s3662.t000" lemma="elbeszélés" pos="NOUN">elbeszélésében</instance>
         <wf lemma="mindig" pos="X">mindig</wf>
         <wf lemma="is" pos="X">is</wf>
         <wf lemma="jó" pos="X">jó</wf>
         <wf lemma="volt" pos="X">volt</wf>
         <wf lemma="." pos="X">.</wf>
      </sentence>
      <sentence id="d000.s3663" source="wordnet-hungarian">
         <wf lemma="A" pos="X">A</wf>
         <wf lemma="finom" pos="X">finom</wf>
         <wf lemma="sütemények" pos="X">sütemények</wf>
         <wf lemma="látványa" pos="X">látványa</wf>
         <wf lemma="," pos="X">,</wf>
         <wf lemma="illata" pos="X">illata</wf>
         <wf lemma="és" pos="X">és</wf>
         <wf lemma="íze" pos="X">íze</wf>
         <wf lemma="végül" pos="X">végül</wf>
         <wf lemma="arra" pos="X">arra</wf>
         <wf lemma="sarkallt" pos="X">sarkallt</wf>
         <wf lemma="," pos="X">,</wf>
         <wf lemma="hogy" pos="X">hogy</wf>
         <instance id="d000.s3663.t000" lemma="cukrász" pos="NOUN">cukrász</instance>
         <wf lemma="legyen" pos="X">legyen</wf>
         <wf lemma="belőlem" pos="X">belőlem</wf>
         <wf lemma="." pos="X">.</wf>
      </sentence>
      <sentence id="d000.s3664" source="wordnet-hungarian">
         <wf lemma="Több" pos="X">Több</wf>
         <wf lemma="panaszos" pos="X">panaszos</wf>
         <instance id="d000.s3664.t000" lemma="levél" pos="NOUN">levél</instance>
         <wf lemma="is" pos="X">is</wf>
         <wf lemma="érkezett" pos="X">érkezett</wf>
         <wf lemma="már" pos="X">már</wf>
         <wf lemma="az" pos="X">az</wf>
         <wf lemma="elviselhetetlen" pos="X">elviselhetetlen</wf>
         <wf lemma="zaj" pos="X">zaj</wf>
         <wf lemma="miatt" pos="X">miatt</wf>
         <wf lemma="." pos="X">.</wf>
      </sentence>
      <sentence id="d000.s3665" source="wordnet-hungarian">
         <wf lemma="A" pos="X">A</wf>
         <instance id="d000.s3665.t000" lemma="ciprusfa" pos="NOUN">ciprusfából</instance>
         <wf lemma="készült" pos="X">készült</wf>
         <wf lemma="koporsót" pos="X">koporsót</wf>
         <wf lemma="előbb" pos="X">előbb</wf>
         <wf lemma="horgany-" pos="X">horgany-</wf>
         <wf lemma="," pos="X">,</wf>
         <wf lemma="majd" pos="X">majd</wf>
         <wf lemma="mogyorófa" pos="X">mogyorófa</wf>
         <wf lemma="koporsóba" pos="X">koporsóba</wf>
         <wf lemma="helyezik" pos="X">helyezik</wf>
         <wf lemma="." pos="X">.</wf>
      </sentence>
      <sentence id="d000.s3666" source="wordnet-hungarian">
         <wf lemma="A" pos="X">A</wf>
         <instance id="d000.s3666.t000" lemma="kihallgatás" pos="NOUN">kihallgatás</instance>
         <wf lemma="során" pos="X">során</wf>
         <wf lemma="minden" pos="X">minden</wf>
         <wf lemma="tényre" pos="X">tényre</wf>
         <wf lemma="fény" pos="X">fény</wf>
         <wf lemma="derült" pos="X">derült</wf>
         <wf lemma="." pos="X">.</wf>
      </sentence>
      <sentence id="d000.s3667" source="wordnet-hungarian">
         <wf lemma="A" pos="X">A</wf>
         <instance id="d000.s3667.t000" lemma="pszichológia" pos="NOUN">pszichológia</instance>
         <wf lemma="egy" pos="X">egy</wf>
         <wf lemma="érdekes" pos="X">érdekes</wf>
         <wf lemma="területe" pos="X">területe</wf>
         <wf lemma="az" pos="X">az</wf>
         <wf lemma="evolúciós" pos="X">evolúciós</wf>
         <wf lemma="pszichológia" pos="X">pszichológia</wf>
         <wf lemma="." pos="X">.</wf>
      </sentence>
      <sentence id="d000.s3668" source="wordnet-hungarian">
         <wf lemma="A" pos="X">A</wf>
         <wf lemma="majomanya" pos="X">majomanya</wf>
         <wf lemma="odaadóan" pos="X">odaadóan</wf>
         <instance id="d000.s3668.t000" lemma="táplál" pos="VERB">táplálta</instance>
         <wf lemma="kicsinyét" pos="X">kicsinyét</wf>
         <wf lemma="." pos="X">.</wf>
      </sentence>
      <sentence id="d000.s3669" source="wordnet-hungarian">
         <wf lemma="A" pos="X">A</wf>
         <wf lemma="gerinctelen" pos="X">gerinctelen</wf>
         <wf lemma="élőlényekben" pos="X">élőlényekben</wf>
         <wf lemma="is" pos="X">is</wf>
         <wf lemma="kifejlődött" pos="X">kifejlődött</wf>
         <wf lemma="egyfajta" pos="X">egyfajta</wf>
         <instance id="d000.s3669.t000" lemma="láb" pos="NOUN">láb</instance>
         <wf lemma="." pos="X">.</wf>
      </sentence>
      <sentence id="d000.s3670" source="wordnet-hungarian">
         <wf lemma="A" pos="X">A</wf>
         <instance id="d000.s3670.t000" lemma="jámborság" pos="NOUN">jámborság</instance>
         <wf lemma="az" pos="X">az</wf>
         <wf lemma="Isten" pos="X">Isten</wf>
         <wf lemma="szolgálatában" pos="X">szolgálatában</wf>
         <wf lemma="," pos="X">,</wf>
         <wf lemma="a" pos="X">a</wf>
         <wf lemma="vele" pos="X">vele</wf>
         <wf lemma="való" pos="X">való</wf>
         <wf lemma="beszélgetésben" pos="X">beszélgetésben</wf>
         <wf lemma="kifejezésre" pos="X">kifejezésre</wf>
         <wf lemma="jutó" pos="X">jutó</wf>
         <wf lemma="öröm" pos="X">öröm</wf>
         <wf lemma="és" pos="X">és</wf>
         <wf lemma="készség" pos="X">készség</wf>
         <wf lemma="." pos="X">.</wf>
      </sentence>
      <sentence id="d000.s3671" source="wordnet-hungarian">
         <wf lemma="Általában" pos="X">Általában</wf>
         <wf lemma="negyven" pos="X">negyven</wf>
         <wf lemma="órás" pos="X">órás</wf>
         <wf lemma="egy" pos="X">egy</wf>
         <instance id="d000.s3671.t000" lemma="munka" pos="NOUN">munkahét</instance>
         <wf lemma="." pos="X">.</wf>
      </sentence>
      <sentence id="d000.s3672" source="wordnet-hungarian">
         <wf lemma="Hozott" pos="X">Hozott</wf>
         <wf lemma="egy" pos="X">egy</wf>
         <instance id="d000.s3672.t000" lemma="minta" pos="NOUN">mintát</instance>
         <wf lemma="az" pos="X">az</wf>
         <wf lemma="általa" pos="X">általa</wf>
         <wf lemma="hímzett" pos="X">hímzett</wf>
         <wf lemma="terítőkből" pos="X">terítőkből</wf>
         <wf lemma="és" pos="X">és</wf>
         <wf lemma="úgy" pos="X">úgy</wf>
         <wf lemma="megtetszett" pos="X">megtetszett</wf>
         <wf lemma="," pos="X">,</wf>
         <wf lemma="hogy" pos="X">hogy</wf>
         <wf lemma="rögtön" pos="X">rögtön</wf>
         <wf lemma="rendeltünk" pos="X">rendeltünk</wf>
         <wf lemma="is" pos="X">is</wf>
         <wf lemma="nehányat" pos="X">nehányat</wf>
         <wf lemma="." pos="X">.</wf>
      </sentence>
      <sentence id="d000.s3673" source="wordnet-hungarian">
         <wf lemma="Ennek" pos="X">Ennek</wf>
         <wf lemma="az" pos="X">az</wf>
         <wf lemma="udvariatlan" pos="X">udvariatlan</wf>
         <instance id="d000.s3673.t000" lemma="pincér" pos="NOUN">pincérnek</instance>
         <wf lemma="egy" pos="X">egy</wf>
         <wf lemma="forint" pos="X">forint</wf>
         <wf lemma="borravalót" pos="X">borravalót</wf>
         <wf lemma="sem" pos="X">sem</wf>
         <wf lemma="adok" pos="X">adok</wf>
         <wf lemma="!" pos="X">!</wf>
      </sentence>
      <sentence id="d000.s3674" source="wordnet-hungarian">
         <wf lemma="Hogyan" pos="X">Hogyan</wf>
         <wf lemma="kell" pos="X">kell</wf>
         <wf lemma="teleltetni" pos="X">teleltetni</wf>
         <wf lemma="a" pos="X">a</wf>
         <instance id="d000.s3674.t000" lemma="rozmaring" pos="NOUN">rozmaringot</instance>
         <wf lemma="?" pos="X">?</wf>
      </sentence>
      <sentence id="d000.s3675" source="wordnet-hungarian">
         <wf lemma="Sokat" pos="X">Sokat</wf>
         <wf lemma="szoktunk" pos="X">szoktunk</wf>
         <instance id="d000.s3675.t000" lemma="kirándul" pos="VERB">kirándulni</instance>
         <wf lemma="a" pos="X">a</wf>
         <wf lemma="Budai" pos="X">Budai</wf>
         <wf lemma="hegyekben" pos="X">hegyekben</wf>
         <wf lemma="." pos="X">.</wf>
      </sentence>
      <sentence id="d000.s3676" source="wordnet-hungarian">
         <wf lemma="A" pos="X">A</wf>
         <wf lemma="nyuszi" pos="X">nyuszi</wf>
         <wf lemma="az" pos="X">az</wf>
         <wf lemma="erdő" pos="X">erdő</wf>
         <wf lemma="felé" pos="X">felé</wf>
         <instance id="d000.s3676.t000" lemma="vesz" pos="VERB">vette</instance>
         <wf lemma="az" pos="X">az</wf>
         <wf lemma="útját" pos="X">útját</wf>
         <wf lemma="." pos="X">.</wf>
      </sentence>
      <sentence id="d000.s3677" source="wordnet-hungarian">
         <wf lemma="Karcag" pos="X">Karcag</wf>
         <wf lemma="környékén" pos="X">környékén</wf>
         <wf lemma="a" pos="X">a</wf>
         <wf lemma="szikes" pos="X">szikes</wf>
         <wf lemma="talaj" pos="X">talaj</wf>
         <wf lemma="javítására" pos="X">javítására</wf>
         <wf lemma="telepítették" pos="X">telepítették</wf>
         <wf lemma="a" pos="X">a</wf>
         <instance id="d000.s3677.t000" lemma="tamariska" pos="NOUN">tamariskát</instance>
         <wf lemma="." pos="X">.</wf>
      </sentence>
      <sentence id="d000.s3678" source="wordnet-hungarian">
         <instance id="d000.s3678.t000" lemma="nem" pos="NOUN">Nem</instance>
         <wf lemma="akarták" pos="X">akarták</wf>
         <wf lemma="előre" pos="X">előre</wf>
         <wf lemma="megtudni" pos="X">megtudni</wf>
         <wf lemma="a" pos="X">a</wf>
         <wf lemma="magzat" pos="X">magzat</wf>
         <wf lemma="nemét" pos="X">nemét</wf>
         <wf lemma="." pos="X">.</wf>
      </sentence>
      <sentence id="d000.s3679" source="wordnet-hungarian">
         <wf lemma="Egy" pos="X">Egy</wf>
         <instance id="d000.s3679.t000" lemma="újság" pos="NOUN">újsággal</instance>
         <wf lemma="védte" pos="X">védte</wf>
         <wf lemma="a" pos="X">a</wf>
         <wf lemma="fejét" pos="X">fejét</wf>
         <wf lemma="az" pos="X">az</wf>
         <wf lemma="eső" pos="X">eső</wf>
         <wf lemma="ellen" pos="X">ellen</wf>
         <wf lemma="." pos="X">.</wf>
      </sentence>
      <sentence id="d000.s3680" source="wordnet-hungarian">
         <wf lemma="A" pos="X">A</wf>
         <instance id="d000.s3680.t000" lemma="tó" pos="NOUN">tó</instance>
         <wf lemma="tükrében" pos="X">tükrében</wf>
         <wf lemma="meglátta" pos="X">meglátta</wf>
         <wf lemma="az" pos="X">az</wf>
         <wf lemma="arcát" pos="X">arcát</wf>
         <wf lemma="." pos="X">.</wf>
      </sentence>
      <sentence id="d000.s3681" source="wordnet-hungarian">
         <wf lemma="A" pos="X">A</wf>
         <wf lemma="rettegett" pos="X">rettegett</wf>
         <instance id="d000.s3681.t000" lemma="diktátor" pos="NOUN">diktátornak</instance>
         <wf lemma="tanácsadói" pos="X">tanácsadói</wf>
         <wf lemma="sem" pos="X">sem</wf>
         <wf lemma="mertek" pos="X">mertek</wf>
         <wf lemma="ellentmondani" pos="X">ellentmondani</wf>
         <wf lemma="." pos="X">.</wf>
      </sentence>
      <sentence id="d000.s3682" source="wordnet-hungarian">
         <wf lemma="Az" pos="X">Az</wf>
         <instance id="d000.s3682.t000" lemma="evezés" pos="NOUN">evezés</instance>
         <wf lemma="1993" pos="X">1993</wf>
         <wf lemma="óta" pos="X">óta</wf>
         <wf lemma="tölti" pos="X">tölti</wf>
         <wf lemma="ki" pos="X">ki</wf>
         <wf lemma="a" pos="X">a</wf>
         <wf lemma="mindennapjaim" pos="X">mindennapjaim</wf>
         <wf lemma="." pos="X">.</wf>
      </sentence>
      <sentence id="d000.s3683" source="wordnet-hungarian">
         <wf lemma="Az" pos="X">Az</wf>
         <wf lemma="orsó" pos="X">orsó</wf>
         <instance id="d000.s3683.t000" lemma="dob" pos="NOUN">dobjára</instance>
         <wf lemma="feltekerte" pos="X">feltekerte</wf>
         <wf lemma="a" pos="X">a</wf>
         <wf lemma="damilt" pos="X">damilt</wf>
         <wf lemma="." pos="X">.</wf>
      </sentence>
      <sentence id="d000.s3684" source="wordnet-hungarian">
         <wf lemma="A" pos="X">A</wf>
         <wf lemma="gazdasszony" pos="X">gazdasszony</wf>
         <instance id="d000.s3684.t000" lemma="kitép" pos="VERB">kitépte</instance>
         <wf lemma="a" pos="X">a</wf>
         <wf lemma="gazt" pos="X">gazt</wf>
         <wf lemma="a" pos="X">a</wf>
         <wf lemma="földből" pos="X">földből</wf>
         <wf lemma="." pos="X">.</wf>
      </sentence>
      <sentence id="d000.s3685" source="wordnet-hungarian">
         <wf lemma="Az" pos="X">Az</wf>
         <instance id="d000.s3685.t000" lemma="ügynökség" pos="NOUN">ügynökség</instance>
         <wf lemma="elindította" pos="X">elindította</wf>
         <wf lemma="az" pos="X">az</wf>
         <wf lemma="online" pos="X">online</wf>
         <wf lemma="marketinggel" pos="X">marketinggel</wf>
         <wf lemma="foglalkozó" pos="X">foglalkozó</wf>
         <wf lemma="blogját" pos="X">blogját</wf>
         <wf lemma="." pos="X">.</wf>
      </sentence>
      <sentence id="d000.s3686" source="wordnet-hungarian">
         <wf lemma="Az" pos="X">Az</wf>
         <wf lemma="erdő" pos="X">erdő</wf>
         <wf lemma="a" pos="X">a</wf>
         <wf lemma="domb" pos="X">domb</wf>
         <wf lemma="mögött" pos="X">mögött</wf>
         <instance id="d000.s3686.t000" lemma="fekszik" pos="VERB">fekszik</instance>
         <wf lemma="." pos="X">.</wf>
      </sentence>
      <sentence id="d000.s3687" source="wordnet-hungarian">
         <wf lemma="A" pos="X">A</wf>
         <instance id="d000.s3687.t000" lemma="nemesfém" pos="NOUN">nemesfémből</instance>
         <wf lemma="készült" pos="X">készült</wf>
         <wf lemma="ékszer" pos="X">ékszer</wf>
         <wf lemma="általában" pos="X">általában</wf>
         <wf lemma="nem" pos="X">nem</wf>
         <wf lemma="okoz" pos="X">okoz</wf>
         <wf lemma="allergiás" pos="X">allergiás</wf>
         <wf lemma="tüneteket" pos="X">tüneteket</wf>
         <wf lemma="." pos="X">.</wf>
      </sentence>
      <sentence id="d000.s3688" source="wordnet-hungarian">
         <wf lemma="A" pos="X">A</wf>
         <instance id="d000.s3688.t000" lemma="curry" pos="NOUN">curry</instance>
         <wf lemma="indiai" pos="X">indiai</wf>
         <wf lemma="fűszer" pos="X">fűszer</wf>
         <wf lemma="," pos="X">,</wf>
         <wf lemma="mely" pos="X">mely</wf>
         <wf lemma="egyre" pos="X">egyre</wf>
         <wf lemma="közkedveletebb" pos="X">közkedveletebb</wf>
         <wf lemma="lesz" pos="X">lesz</wf>
         <wf lemma="az" pos="X">az</wf>
         <wf lemma="egész" pos="X">egész</wf>
         <wf lemma="világon" pos="X">világon</wf>
         <wf lemma="." pos="X">.</wf>
      </sentence>
      <sentence id="d000.s3689" source="wordnet-hungarian">
         <wf lemma="A" pos="X">A</wf>
         <wf lemma="rhonit" pos="X">rhonit</wf>
         <wf lemma="és" pos="X">és</wf>
         <wf lemma="az" pos="X">az</wf>
         <wf lemma="enigmatit" pos="X">enigmatit</wf>
         <wf lemma="nagyon" pos="X">nagyon</wf>
         <wf lemma="ritka" pos="X">ritka</wf>
         <instance id="d000.s3689.t000" lemma="amfibol" pos="NOUN">amfibol</instance>
         <wf lemma="ásvánok" pos="X">ásvánok</wf>
         <wf lemma="ők" pos="X">ők</wf>
         <wf lemma="triklin" pos="X">triklin</wf>
         <wf lemma="rendszerűek" pos="X">rendszerűek</wf>
         <wf lemma="." pos="X">.</wf>
      </sentence>
      <sentence id="d000.s3690" source="wordnet-hungarian">
         <wf lemma="Diétára" pos="X">Diétára</wf>
         <instance id="d000.s3690.t000" lemma="fog" pos="VERB">fogtam</instance>
         <wf lemma="a" pos="X">a</wf>
         <wf lemma="dagi" pos="X">dagi</wf>
         <wf lemma="kutyámat" pos="X">kutyámat</wf>
         <wf lemma="." pos="X">.</wf>
      </sentence>
      <sentence id="d000.s3691" source="wordnet-hungarian">
         <wf lemma="A" pos="X">A</wf>
         <wf lemma="mindennapok" pos="X">mindennapok</wf>
         <wf lemma="részévé" pos="X">részévé</wf>
         <wf lemma="vált" pos="X">vált</wf>
         <wf lemma="a" pos="X">a</wf>
         <wf lemma="fürdőkultúra" pos="X">fürdőkultúra</wf>
         <wf lemma="," pos="X">,</wf>
         <wf lemma="a" pos="X">a</wf>
         <wf lemma="munkanapokat" pos="X">munkanapokat</wf>
         <wf lemma="színesítő" pos="X">színesítő</wf>
         <wf lemma="kocka-" pos="X">kocka-</wf>
         <wf lemma="és" pos="X">és</wf>
         <instance id="d000.s3691.t000" lemma="táblajáték" pos="NOUN">táblajátékok</instance>
         <wf lemma="," pos="X">,</wf>
         <wf lemma="az" pos="X">az</wf>
         <wf lemma="amfiteátrumi" pos="X">amfiteátrumi</wf>
         <wf lemma="és" pos="X">és</wf>
         <wf lemma="színházi" pos="X">színházi</wf>
         <wf lemma="előadás" pos="X">előadás</wf>
         <wf lemma="." pos="X">.</wf>
      </sentence>
      <sentence id="d000.s3692" source="wordnet-hungarian">
         <wf lemma="A" pos="X">A</wf>
         <instance id="d000.s3692.t000" lemma="tornádó" pos="NOUN">tornádó</instance>
         <wf lemma="több" pos="X">több</wf>
         <wf lemma="házat" pos="X">házat</wf>
         <wf lemma="elsodort" pos="X">elsodort</wf>
         <wf lemma="." pos="X">.</wf>
      </sentence>
      <sentence id="d000.s3693" source="wordnet-hungarian">
         <wf lemma="A" pos="X">A</wf>
         <wf lemma="mérleg" pos="X">mérleg</wf>
         <wf lemma="most" pos="X">most</wf>
         <wf lemma="nem" pos="X">nem</wf>
         <wf lemma="nullán" pos="X">nullán</wf>
         <instance id="d000.s3693.t000" lemma="áll" pos="VERB">áll</instance>
         <wf lemma="." pos="X">.</wf>
      </sentence>
      <sentence id="d000.s3694" source="wordnet-hungarian">
         <wf lemma="Megtett" pos="X">Megtett</wf>
         <wf lemma="mindent" pos="X">mindent</wf>
         <wf lemma="," pos="X">,</wf>
         <wf lemma="hogy" pos="X">hogy</wf>
         <instance id="d000.s3694.t000" lemma="hitelező" pos="NOUN">hitelezőit</instance>
         <wf lemma="kielégítse" pos="X">kielégítse</wf>
         <wf lemma="," pos="X">,</wf>
         <wf lemma="de" pos="X">de</wf>
         <wf lemma="ráment" pos="X">ráment</wf>
         <wf lemma="teljes" pos="X">teljes</wf>
         <wf lemma="személyes" pos="X">személyes</wf>
         <wf lemma="vagyona" pos="X">vagyona</wf>
         <wf lemma="," pos="X">,</wf>
         <wf lemma="beleértve" pos="X">beleértve</wf>
         <wf lemma="ingatlanjait" pos="X">ingatlanjait</wf>
         <wf lemma="is" pos="X">is</wf>
         <wf lemma="." pos="X">.</wf>
      </sentence>
      <sentence id="d000.s3695" source="wordnet-hungarian">
         <wf lemma="A" pos="X">A</wf>
         <wf lemma="rajztanárnő" pos="X">rajztanárnő</wf>
         <instance id="d000.s3695.t000" lemma="becsül" pos="VERB">becsüli</instance>
         <wf lemma="a" pos="X">a</wf>
         <wf lemma="gyerekek" pos="X">gyerekek</wf>
         <wf lemma="kreativitását" pos="X">kreativitását</wf>
         <wf lemma="." pos="X">.</wf>
      </sentence>
      <sentence id="d000.s3696" source="wordnet-hungarian">
         <wf lemma="A" pos="X">A</wf>
         <wf lemma="Tisza" pos="X">Tisza</wf>
         <wf lemma="már-már" pos="X">már-már</wf>
         <wf lemma="a" pos="X">a</wf>
         <instance id="d000.s3696.t000" lemma="töltés" pos="NOUN">töltés</instance>
         <wf lemma="tetejét" pos="X">tetejét</wf>
         <wf lemma="nyaldosta" pos="X">nyaldosta</wf>
         <wf lemma="." pos="X">.</wf>
      </sentence>
      <sentence id="d000.s3697" source="wordnet-hungarian">
         <wf lemma="Az" pos="X">Az</wf>
         <instance id="d000.s3697.t000" lemma="átmérő" pos="NOUN">átmérő</instance>
         <wf lemma="hossza" pos="X">hossza</wf>
         <wf lemma="19" pos="X">19</wf>
         <wf lemma="centiméter" pos="X">centiméter</wf>
         <wf lemma="." pos="X">.</wf>
      </sentence>
      <sentence id="d000.s3698" source="wordnet-hungarian">
         <wf lemma="Nem" pos="X">Nem</wf>
         <wf lemma="szeretem" pos="X">szeretem</wf>
         <wf lemma="az" pos="X">az</wf>
         <instance id="d000.s3698.t000" lemma="autóverseny" pos="NOUN">autóversenyeket</instance>
         <wf lemma="," pos="X">,</wf>
         <wf lemma="mert" pos="X">mert</wf>
         <wf lemma="unalmasak" pos="X">unalmasak</wf>
         <wf lemma="." pos="X">.</wf>
      </sentence>
      <sentence id="d000.s3699" source="wordnet-hungarian">
         <wf lemma="Az" pos="X">Az</wf>
         <wf lemma="ágyúk" pos="X">ágyúk</wf>
         <instance id="d000.s3699.t000" lemma="dörgés" pos="NOUN">dörgését</instance>
         <wf lemma="harminc" pos="X">harminc</wf>
         <wf lemma="kilométerről" pos="X">kilométerről</wf>
         <wf lemma="is" pos="X">is</wf>
         <wf lemma="lehetett" pos="X">lehetett</wf>
         <wf lemma="hallani" pos="X">hallani</wf>
         <wf lemma="." pos="X">.</wf>
      </sentence>
      <sentence id="d000.s3700" source="wordnet-hungarian">
         <wf lemma="A" pos="X">A</wf>
         <instance id="d000.s3700.t000" lemma="dohány" pos="NOUN">dohány</instance>
         <wf lemma="ezen" pos="X">ezen</wf>
         <wf lemma="az" pos="X">az</wf>
         <wf lemma="éghajlaton" pos="X">éghajlaton</wf>
         <wf lemma="bajosan" pos="X">bajosan</wf>
         <wf lemma="termeszthető" pos="X">termeszthető</wf>
         <wf lemma="." pos="X">.</wf>
      </sentence>
      <sentence id="d000.s3701" source="wordnet-hungarian">
         <wf lemma="Tény" pos="X">Tény</wf>
         <wf lemma="," pos="X">,</wf>
         <wf lemma="hogy" pos="X">hogy</wf>
         <wf lemma="a" pos="X">a</wf>
         <instance id="d000.s3701.t000" lemma="mezőgazdász" pos="NOUN">mezőgazdászok</instance>
         <wf lemma="számára" pos="X">számára</wf>
         <wf lemma="sok" pos="X">sok</wf>
         <wf lemma="nehézséget" pos="X">nehézséget</wf>
         <wf lemma="jelent" pos="X">jelent</wf>
         <wf lemma="az" pos="X">az</wf>
         <wf lemma="európai" pos="X">európai</wf>
         <wf lemma="uniós" pos="X">uniós</wf>
         <wf lemma="csatlakozás" pos="X">csatlakozás</wf>
         <wf lemma="." pos="X">.</wf>
      </sentence>
      <sentence id="d000.s3702" source="wordnet-hungarian">
         <wf lemma="A" pos="X">A</wf>
         <wf lemma="rekeszizommal" pos="X">rekeszizommal</wf>
         <wf lemma="való" pos="X">való</wf>
         <instance id="d000.s3702.t000" lemma="légzés" pos="NOUN">légzés</instance>
         <wf lemma="közismert" pos="X">közismert</wf>
         <wf lemma="a" pos="X">a</wf>
         <wf lemma="dadogás" pos="X">dadogás</wf>
         <wf lemma="kezelésében" pos="X">kezelésében</wf>
         <wf lemma="." pos="X">.</wf>
      </sentence>
      <sentence id="d000.s3703" source="wordnet-hungarian">
         <wf lemma="Vigyázz" pos="X">Vigyázz</wf>
         <wf lemma="a" pos="X">a</wf>
         <wf lemma="rózsával" pos="X">rózsával</wf>
         <wf lemma="," pos="X">,</wf>
         <wf lemma="mert" pos="X">mert</wf>
         <instance id="d000.s3703.t000" lemma="szúr" pos="VERB">szúrnak</instance>
         <wf lemma="a" pos="X">a</wf>
         <wf lemma="tövisei" pos="X">tövisei</wf>
         <wf lemma="." pos="X">.</wf>
      </sentence>
      <sentence id="d000.s3704" source="wordnet-hungarian">
         <wf lemma="A" pos="X">A</wf>
         <instance id="d000.s3704.t000" lemma="szónok" pos="NOUN">szónokot</instance>
         <wf lemma="hangosan" pos="X">hangosan</wf>
         <wf lemma="kifütyülték" pos="X">kifütyülték</wf>
         <wf lemma="." pos="X">.</wf>
      </sentence>
      <sentence id="d000.s3705" source="wordnet-hungarian">
         <wf lemma="Tengerparti" pos="X">Tengerparti</wf>
         <instance id="d000.s3705.t000" lemma="ház" pos="NOUN">házuk</instance>
         <wf lemma="van" pos="X">van</wf>
         <wf lemma="Cap" pos="X">Cap</wf>
         <wf lemma="Code" pos="X">Code</wf>
         <wf lemma="mellett" pos="X">mellett</wf>
         <wf lemma="." pos="X">.</wf>
      </sentence>
      <sentence id="d000.s3706" source="wordnet-hungarian">
         <wf lemma="A" pos="X">A</wf>
         <instance id="d000.s3706.t000" lemma="kleptománia" pos="NOUN">kleptománia</instance>
         <wf lemma="és" pos="X">és</wf>
         <wf lemma="a" pos="X">a</wf>
         <wf lemma="kényszeres" pos="X">kényszeres</wf>
         <wf lemma="vásárlás" pos="X">vásárlás</wf>
         <wf lemma="oka" pos="X">oka</wf>
         <wf lemma="hasonló" pos="X">hasonló</wf>
         <wf lemma="." pos="X">.</wf>
      </sentence>
      <sentence id="d000.s3707" source="wordnet-hungarian">
         <wf lemma="A" pos="X">A</wf>
         <instance id="d000.s3707.t000" lemma="glikozid" pos="NOUN">glikozidok</instance>
         <wf lemma="tartalmaznak" pos="X">tartalmaznak</wf>
         <wf lemma="egy" pos="X">egy</wf>
         <wf lemma="aglikonnak" pos="X">aglikonnak</wf>
         <wf lemma="nevezett" pos="X">nevezett</wf>
         <wf lemma="szerves" pos="X">szerves</wf>
         <wf lemma="vegyületet" pos="X">vegyületet</wf>
         <wf lemma="." pos="X">.</wf>
      </sentence>
      <sentence id="d000.s3708" source="wordnet-hungarian">
         <wf lemma="Buenos" pos="X">Buenos</wf>
         <wf lemma="Airesben" pos="X">Airesben</wf>
         <wf lemma="olasz" pos="X">olasz</wf>
         <wf lemma="részről" pos="X">részről</wf>
         <wf lemma="a" pos="X">a</wf>
         <wf lemma="calabriaiak" pos="X">calabriaiak</wf>
         <wf lemma="," pos="X">,</wf>
         <wf lemma="a" pos="X">a</wf>
         <wf lemma="ligúriaiak" pos="X">ligúriaiak</wf>
         <wf lemma="és" pos="X">és</wf>
         <wf lemma="a" pos="X">a</wf>
         <instance id="d000.s3708.t000" lemma="nápolyi" pos="NOUN">nápolyiak</instance>
         <wf lemma="képviselnek" pos="X">képviselnek</wf>
         <wf lemma="nagy" pos="X">nagy</wf>
         <wf lemma="többséget" pos="X">többséget</wf>
         <wf lemma="." pos="X">.</wf>
      </sentence>
      <sentence id="d000.s3709" source="wordnet-hungarian">
         <wf lemma="Az" pos="X">Az</wf>
         <wf lemma="együttes" pos="X">együttes</wf>
         <wf lemma="első" pos="X">első</wf>
         <wf lemma="koncertje" pos="X">koncertje</wf>
         <wf lemma="után" pos="X">után</wf>
         <wf lemma="igencsak" pos="X">igencsak</wf>
         <wf lemma="megnőtt" pos="X">megnőtt</wf>
         <wf lemma="az" pos="X">az</wf>
         <wf lemma="érdeklődési" pos="X">érdeklődési</wf>
         <instance id="d000.s3709.t000" lemma="hullám" pos="NOUN">hullám</instance>
         <wf lemma="lemezük" pos="X">lemezük</wf>
         <wf lemma="iránt" pos="X">iránt</wf>
         <wf lemma="." pos="X">.</wf>
      </sentence>
      <sentence id="d000.s3710" source="wordnet-hungarian">
         <wf lemma="Az" pos="X">Az</wf>
         <wf lemma="ázsiaiak" pos="X">ázsiaiak</wf>
         <wf lemma="," pos="X">,</wf>
         <wf lemma="az" pos="X">az</wf>
         <wf lemma="afrikaiak" pos="X">afrikaiak</wf>
         <wf lemma="," pos="X">,</wf>
         <wf lemma="a" pos="X">a</wf>
         <instance id="d000.s3710.t000" lemma="közép-amerikai" pos="NOUN">közép-amerikaiak</instance>
         <wf lemma="inkább" pos="X">inkább</wf>
         <wf lemma="lepény" pos="X">lepény</wf>
         <wf lemma="alakú" pos="X">alakú</wf>
         <wf lemma="," pos="X">,</wf>
         <wf lemma="kovásztalan" pos="X">kovásztalan</wf>
         <wf lemma="," pos="X">,</wf>
         <wf lemma="illetve" pos="X">illetve</wf>
         <wf lemma="élesztő" pos="X">élesztő</wf>
         <wf lemma="nélküli" pos="X">nélküli</wf>
         <wf lemma="kenyereket" pos="X">kenyereket</wf>
         <wf lemma="sütnek" pos="X">sütnek</wf>
         <wf lemma="főleg" pos="X">főleg</wf>
         <wf lemma="rozs-" pos="X">rozs-</wf>
         <wf lemma="," pos="X">,</wf>
         <wf lemma="kukorica-" pos="X">kukorica-</wf>
         <wf lemma="," pos="X">,</wf>
         <wf lemma="zab-" pos="X">zab-</wf>
         <wf lemma="és" pos="X">és</wf>
         <wf lemma="rizslisztből" pos="X">rizslisztből</wf>
         <wf lemma="." pos="X">.</wf>
      </sentence>
      <sentence id="d000.s3711" source="wordnet-hungarian">
         <wf lemma="A" pos="X">A</wf>
         <instance id="d000.s3711.t000" lemma="homoszexuális" pos="NOUN">homoszexuálisoknak</instance>
         <wf lemma="nincs" pos="X">nincs</wf>
         <wf lemma="identitászavaruk" pos="X">identitászavaruk</wf>
         <wf lemma="," pos="X">,</wf>
         <wf lemma="tudják" pos="X">tudják</wf>
         <wf lemma="melyik" pos="X">melyik</wf>
         <wf lemma="nemhez" pos="X">nemhez</wf>
         <wf lemma="tartoznak" pos="X">tartoznak</wf>
         <wf lemma="." pos="X">.</wf>
      </sentence>
      <sentence id="d000.s3712" source="wordnet-hungarian">
         <wf lemma="A" pos="X">A</wf>
         <wf lemma="vese" pos="X">vese</wf>
         <wf lemma="ultrahangos" pos="X">ultrahangos</wf>
         <wf lemma="vizsgálatát" pos="X">vizsgálatát</wf>
         <wf lemma="mind" pos="X">mind</wf>
         <wf lemma="a" pos="X">a</wf>
         <instance id="d000.s3712.t000" lemma="radiológus" pos="NOUN">radiológusok</instance>
         <wf lemma="," pos="X">,</wf>
         <wf lemma="mind" pos="X">mind</wf>
         <wf lemma="az" pos="X">az</wf>
         <wf lemma="urológusok" pos="X">urológusok</wf>
         <wf lemma="napi" pos="X">napi</wf>
         <wf lemma="rutinnal" pos="X">rutinnal</wf>
         <wf lemma="végzik" pos="X">végzik</wf>
         <wf lemma="." pos="X">.</wf>
      </sentence>
      <sentence id="d000.s3713" source="wordnet-hungarian">
         <instance id="d000.s3713.t000" lemma="öv" pos="NOUN">Öve</instance>
         <wf lemma="kihangsúlyozta" pos="X">kihangsúlyozta</wf>
         <wf lemma="vékony" pos="X">vékony</wf>
         <wf lemma="derekát" pos="X">derekát</wf>
         <wf lemma="." pos="X">.</wf>
      </sentence>
      <sentence id="d000.s3714" source="wordnet-hungarian">
         <wf lemma="A" pos="X">A</wf>
         <wf lemma="gleccser" pos="X">gleccser</wf>
         <wf lemma="hajdani" pos="X">hajdani</wf>
         <wf lemma="végmorénája" pos="X">végmorénája</wf>
         <wf lemma="gátat" pos="X">gátat</wf>
         <wf lemma="képez" pos="X">képez</wf>
         <wf lemma="," pos="X">,</wf>
         <wf lemma="amely" pos="X">amely</wf>
         <wf lemma="lezárja" pos="X">lezárja</wf>
         <wf lemma="a" pos="X">a</wf>
         <instance id="d000.s3714.t000" lemma="fjord" pos="NOUN">fjordot</instance>
         <wf lemma="." pos="X">.</wf>
      </sentence>
      <sentence id="d000.s3715" source="wordnet-hungarian">
         <wf lemma="Az" pos="X">Az</wf>
         <wf lemma="első" pos="X">első</wf>
         <wf lemma="szülőértekezleten" pos="X">szülőértekezleten</wf>
         <wf lemma="mindkét" pos="X">mindkét</wf>
         <instance id="d000.s3715.t000" lemma="szülő" pos="NOUN">szülő</instance>
         <wf lemma="megjelenésére" pos="X">megjelenésére</wf>
         <wf lemma="számítanak" pos="X">számítanak</wf>
         <wf lemma="." pos="X">.</wf>
      </sentence>
      <sentence id="d000.s3716" source="wordnet-hungarian">
         <wf lemma="Tovább" pos="X">Tovább</wf>
         <wf lemma="már" pos="X">már</wf>
         <wf lemma="nem" pos="X">nem</wf>
         <wf lemma="tudta" pos="X">tudta</wf>
         <wf lemma="elviselni" pos="X">elviselni</wf>
         <wf lemma="az" pos="X">az</wf>
         <instance id="d000.s3716.t000" lemma="élet" pos="NOUN">élet</instance>
         <wf lemma="nehézségeit" pos="X">nehézségeit</wf>
         <wf lemma="." pos="X">.</wf>
      </sentence>
      <sentence id="d000.s3717" source="wordnet-hungarian">
         <wf lemma="A" pos="X">A</wf>
         <wf lemma="Quaestor" pos="X">Quaestor</wf>
         <wf lemma="az" pos="X">az</wf>
         <wf lemma="első" pos="X">első</wf>
         <wf lemma="olyan" pos="X">olyan</wf>
         <instance id="d000.s3717.t000" lemma="értékpapírcég" pos="NOUN">értékpapírcég</instance>
         <wf lemma="," pos="X">,</wf>
         <wf lemma="amelynek" pos="X">amelynek</wf>
         <wf lemma="értékpapírjaival" pos="X">értékpapírjaival</wf>
         <wf lemma="a" pos="X">a</wf>
         <wf lemma="tőzsdén" pos="X">tőzsdén</wf>
         <wf lemma="kereskednek" pos="X">kereskednek</wf>
         <wf lemma="." pos="X">.</wf>
      </sentence>
      <sentence id="d000.s3718" source="wordnet-hungarian">
         <wf lemma="Ez" pos="X">Ez</wf>
         <wf lemma="a" pos="X">a</wf>
         <wf lemma="kompozíció" pos="X">kompozíció</wf>
         <wf lemma="nehézségeket" pos="X">nehézségeket</wf>
         <wf lemma="okoz" pos="X">okoz</wf>
         <wf lemma="a" pos="X">a</wf>
         <wf lemma="zenei" pos="X">zenei</wf>
         <instance id="d000.s3718.t000" lemma="forma" pos="NOUN">formát</instance>
         <wf lemma="tanuló" pos="X">tanuló</wf>
         <wf lemma="diákoknak" pos="X">diákoknak</wf>
         <wf lemma="." pos="X">.</wf>
      </sentence>
      <sentence id="d000.s3719" source="wordnet-hungarian">
         <wf lemma="A" pos="X">A</wf>
         <instance id="d000.s3719.t000" lemma="rumba" pos="NOUN">rumbát</instance>
         <wf lemma="gyakran" pos="X">gyakran</wf>
         <wf lemma="hatodik" pos="X">hatodik</wf>
         <wf lemma="standard" pos="X">standard</wf>
         <wf lemma="táncként" pos="X">táncként</wf>
         <wf lemma="emlegették" pos="X">emlegették</wf>
         <wf lemma="." pos="X">.</wf>
      </sentence>
      <sentence id="d000.s3720" source="wordnet-hungarian">
         <wf lemma="A" pos="X">A</wf>
         <instance id="d000.s3720.t000" lemma="kopoltyú" pos="NOUN">kopoltyú</instance>
         <wf lemma="a" pos="X">a</wf>
         <wf lemma="vízben" pos="X">vízben</wf>
         <wf lemma="oldott" pos="X">oldott</wf>
         <wf lemma="oxigén" pos="X">oxigén</wf>
         <wf lemma="kinyerésére" pos="X">kinyerésére</wf>
         <wf lemma="alkalmas" pos="X">alkalmas</wf>
         <wf lemma="." pos="X">.</wf>
      </sentence>
      <sentence id="d000.s3721" source="wordnet-hungarian">
         <wf lemma="A" pos="X">A</wf>
         <wf lemma="nemek" pos="X">nemek</wf>
         <wf lemma="közti" pos="X">közti</wf>
         <instance id="d000.s3721.t000" lemma="megkülönböztetés" pos="NOUN">megkülönböztetés</instance>
         <wf lemma="terén" pos="X">terén</wf>
         <wf lemma="kedvező" pos="X">kedvező</wf>
         <wf lemma="elmozdulás" pos="X">elmozdulás</wf>
         <wf lemma="tapasztalható" pos="X">tapasztalható</wf>
         <wf lemma="." pos="X">.</wf>
      </sentence>
      <sentence id="d000.s3722" source="wordnet-hungarian">
         <wf lemma="Most" pos="X">Most</wf>
         <wf lemma="már" pos="X">már</wf>
         <wf lemma="biztos" pos="X">biztos</wf>
         <wf lemma="," pos="X">,</wf>
         <wf lemma="hogy" pos="X">hogy</wf>
         <wf lemma="az" pos="X">az</wf>
         <wf lemma="Oasis" pos="X">Oasis</wf>
         <instance id="d000.s3722.t000" lemma="dobos" pos="NOUN">dobosa</instance>
         <wf lemma="," pos="X">,</wf>
         <wf lemma="Alan" pos="X">Alan</wf>
         <wf lemma="White" pos="X">White</wf>
         <wf lemma="," pos="X">,</wf>
         <wf lemma="kilépett" pos="X">kilépett</wf>
         <wf lemma="zenekarából" pos="X">zenekarából</wf>
         <wf lemma="." pos="X">.</wf>
      </sentence>
      <sentence id="d000.s3723" source="wordnet-hungarian">
         <wf lemma="Ezt" pos="X">Ezt</wf>
         <wf lemma="a" pos="X">a</wf>
         <wf lemma="szabályt" pos="X">szabályt</wf>
         <wf lemma="már" pos="X">már</wf>
         <instance id="d000.s3723.t000" lemma="hatály" pos="NOUN">hatályon</instance>
         <wf lemma="kívül" pos="X">kívül</wf>
         <wf lemma="helyezték" pos="X">helyezték</wf>
         <wf lemma="." pos="X">.</wf>
      </sentence>
      <sentence id="d000.s3724" source="wordnet-hungarian">
         <wf lemma="Magyarország" pos="X">Magyarország</wf>
         <instance id="d000.s3724.t000" lemma="államforma" pos="NOUN">államformája</instance>
         <wf lemma="köztársaság" pos="X">köztársaság</wf>
         <wf lemma="." pos="X">.</wf>
      </sentence>
      <sentence id="d000.s3725" source="wordnet-hungarian">
         <wf lemma="Tiger" pos="X">Tiger</wf>
         <wf lemma="Woods" pos="X">Woods</wf>
         <wf lemma="minden" pos="X">minden</wf>
         <wf lemma="idők" pos="X">idők</wf>
         <wf lemma="legjobban" pos="X">legjobban</wf>
         <wf lemma="fizetett" pos="X">fizetett</wf>
         <instance id="d000.s3725.t000" lemma="golfozó" pos="NOUN">golfozója</instance>
         <wf lemma="." pos="X">.</wf>
      </sentence>
      <sentence id="d000.s3726" source="wordnet-hungarian">
         <wf lemma="Mondja" pos="X">Mondja</wf>
         <wf lemma="a" pos="X">a</wf>
         <wf lemma="kisleány" pos="X">kisleány</wf>
         <wf lemma="," pos="X">,</wf>
         <wf lemma="hogy" pos="X">hogy</wf>
         <wf lemma="a" pos="X">a</wf>
         <wf lemma="bátyjait" pos="X">bátyjait</wf>
         <wf lemma="keresi" pos="X">keresi</wf>
         <wf lemma="," pos="X">,</wf>
         <wf lemma="akik" pos="X">akik</wf>
         <wf lemma="elrepültek" pos="X">elrepültek</wf>
         <wf lemma="tizenkét" pos="X">tizenkét</wf>
         <instance id="d000.s3726.t000" lemma="varjú" pos="NOUN">varjú</instance>
         <wf lemma="képében" pos="X">képében</wf>
         <wf lemma="." pos="X">.</wf>
      </sentence>
      <sentence id="d000.s3727" source="wordnet-hungarian">
         <wf lemma="Vali" pos="X">Vali</wf>
         <instance id="d000.s3727.t000" lemma="megáll" pos="VERB">megállt</instance>
         <wf lemma="az" pos="X">az</wf>
         <wf lemma="előadás" pos="X">előadás</wf>
         <wf lemma="közben" pos="X">közben</wf>
         <wf lemma="és" pos="X">és</wf>
         <wf lemma="kérdően" pos="X">kérdően</wf>
         <wf lemma="Péterre" pos="X">Péterre</wf>
         <wf lemma="nézett" pos="X">nézett</wf>
         <wf lemma="." pos="X">.</wf>
      </sentence>
      <sentence id="d000.s3728" source="wordnet-hungarian">
         <wf lemma="Az" pos="X">Az</wf>
         <instance id="d000.s3728.t000" lemma="agorafóbia" pos="NOUN">agorafóbia</instance>
         <wf lemma="a" pos="X">a</wf>
         <wf lemma="görög" pos="X">görög</wf>
         <wf lemma="phobos" pos="X">phobos</wf>
         <wf lemma="szóból" pos="X">szóból</wf>
         <wf lemma="ered" pos="X">ered</wf>
         <wf lemma="," pos="X">,</wf>
         <wf lemma="ami" pos="X">ami</wf>
         <wf lemma="menekülést" pos="X">menekülést</wf>
         <wf lemma="," pos="X">,</wf>
         <wf lemma="rettegést" pos="X">rettegést</wf>
         <wf lemma="jelent" pos="X">jelent</wf>
         <wf lemma="." pos="X">.</wf>
      </sentence>
      <sentence id="d000.s3729" source="wordnet-hungarian">
         <wf lemma="A" pos="X">A</wf>
         <wf lemma="motorcsónakos" pos="X">motorcsónakos</wf>
         <wf lemma="," pos="X">,</wf>
         <wf lemma="aki" pos="X">aki</wf>
         <wf lemma="felborította" pos="X">felborította</wf>
         <wf lemma="a" pos="X">a</wf>
         <instance id="d000.s3729.t000" lemma="kenus" pos="NOUN">kenusokat</instance>
         <wf lemma="," pos="X">,</wf>
         <wf lemma="elhúzott" pos="X">elhúzott</wf>
         <wf lemma="a" pos="X">a</wf>
         <wf lemma="helyszínről" pos="X">helyszínről</wf>
         <wf lemma="." pos="X">.</wf>
      </sentence>
      <sentence id="d000.s3730" source="wordnet-hungarian">
         <wf lemma="Ezen" pos="X">Ezen</wf>
         <wf lemma="a" pos="X">a</wf>
         <instance id="d000.s3730.t000" lemma="villamosvonal" pos="NOUN">villamosvonalon</instance>
         <wf lemma="pár" pos="X">pár</wf>
         <wf lemma="perc" pos="X">perc</wf>
         <wf lemma="alatt" pos="X">alatt</wf>
         <wf lemma="eljuthatsz" pos="X">eljuthatsz</wf>
         <wf lemma="a" pos="X">a</wf>
         <wf lemma="vasútállomásra" pos="X">vasútállomásra</wf>
         <wf lemma="." pos="X">.</wf>
      </sentence>
      <sentence id="d000.s3731" source="wordnet-hungarian">
         <wf lemma="Ez" pos="X">Ez</wf>
         <wf lemma="a" pos="X">a</wf>
         <wf lemma="lopakodó" pos="X">lopakodó</wf>
         <wf lemma="repülőgép" pos="X">repülőgép</wf>
         <wf lemma="kísérleti" pos="X">kísérleti</wf>
         <instance id="d000.s3731.t000" lemma="változat" pos="NOUN">változata</instance>
         <wf lemma="." pos="X">.</wf>
      </sentence>
      <sentence id="d000.s3732" source="wordnet-hungarian">
         <wf lemma="Minden" pos="X">Minden</wf>
         <wf lemma="nap" pos="X">nap</wf>
         <wf lemma="felkészül" pos="X">felkészül</wf>
         <wf lemma="a" pos="X">a</wf>
         <instance id="d000.s3732.t000" lemma="tanítás" pos="NOUN">tanításra</instance>
         <wf lemma="." pos="X">.</wf>
      </sentence>
      <sentence id="d000.s3733" source="wordnet-hungarian">
         <wf lemma="Hosszú" pos="X">Hosszú</wf>
         <wf lemma="évig" pos="X">évig</wf>
         <wf lemma="ő" pos="X">ő</wf>
         <wf lemma="volt" pos="X">volt</wf>
         <wf lemma="a" pos="X">a</wf>
         <wf lemma="világcsúcstartó" pos="X">világcsúcstartó</wf>
         <wf lemma="és" pos="X">és</wf>
         <wf lemma="a" pos="X">a</wf>
         <wf lemma="rövidtáv" pos="X">rövidtáv</wf>
         <wf lemma="koronázatlan" pos="X">koronázatlan</wf>
         <instance id="d000.s3733.t000" lemma="királynő" pos="NOUN">királynője</instance>
         <wf lemma="." pos="X">.</wf>
      </sentence>
      <sentence id="d000.s3734" source="wordnet-hungarian">
         <wf lemma="A" pos="X">A</wf>
         <wf lemma="gyerekek" pos="X">gyerekek</wf>
         <wf lemma="szívesen" pos="X">szívesen</wf>
         <instance id="d000.s3734.t000" lemma="iszik" pos="VERB">isznak</instance>
         <wf lemma="gyümölcslevet" pos="X">gyümölcslevet</wf>
         <wf lemma="." pos="X">.</wf>
      </sentence>
      <sentence id="d000.s3735" source="wordnet-hungarian">
         <wf lemma="Az" pos="X">Az</wf>
         <wf lemma="ezüst" pos="X">ezüst</wf>
         <instance id="d000.s3735.t000" lemma="kolloid" pos="NOUN">kolloid</instance>
         <wf lemma="egy" pos="X">egy</wf>
         <wf lemma="elektrogalvanikus" pos="X">elektrogalvanikus</wf>
         <wf lemma="eljárás" pos="X">eljárás</wf>
         <wf lemma="eredményeképpen" pos="X">eredményeképpen</wf>
         <wf lemma="jön" pos="X">jön</wf>
         <wf lemma="létre" pos="X">létre</wf>
         <wf lemma="." pos="X">.</wf>
      </sentence>
      <sentence id="d000.s3736" source="wordnet-hungarian">
         <wf lemma="A" pos="X">A</wf>
         <instance id="d000.s3736.t000" lemma="tervező" pos="NOUN">tervezők</instance>
         <wf lemma="szerint" pos="X">szerint</wf>
         <wf lemma="nyáron" pos="X">nyáron</wf>
         <wf lemma="a" pos="X">a</wf>
         <wf lemma="középhosszú" pos="X">középhosszú</wf>
         <wf lemma="szoknya" pos="X">szoknya</wf>
         <wf lemma="jön" pos="X">jön</wf>
         <wf lemma="újra" pos="X">újra</wf>
         <wf lemma="divatba" pos="X">divatba</wf>
         <wf lemma="." pos="X">.</wf>
      </sentence>
      <sentence id="d000.s3737" source="wordnet-hungarian">
         <wf lemma="A" pos="X">A</wf>
         <instance id="d000.s3737.t000" lemma="migrén" pos="NOUN">migrén</instance>
         <wf lemma="a" pos="X">a</wf>
         <wf lemma="koponya" pos="X">koponya</wf>
         <wf lemma="területén" pos="X">területén</wf>
         <wf lemma="lévő" pos="X">lévő</wf>
         <wf lemma="véredények" pos="X">véredények</wf>
         <wf lemma="izomzatának" pos="X">izomzatának</wf>
         <wf lemma="görcsös" pos="X">görcsös</wf>
         <wf lemma="állapota" pos="X">állapota</wf>
         <wf lemma="miatt" pos="X">miatt</wf>
         <wf lemma="alakul" pos="X">alakul</wf>
         <wf lemma="ki" pos="X">ki</wf>
         <wf lemma="." pos="X">.</wf>
      </sentence>
      <sentence id="d000.s3738" source="wordnet-hungarian">
         <wf lemma="Sokak" pos="X">Sokak</wf>
         <wf lemma="szerint" pos="X">szerint</wf>
         <wf lemma="az" pos="X">az</wf>
         <instance id="d000.s3738.t000" lemma="iszlamizmus" pos="NOUN">iszlamizmus</instance>
         <wf lemma="a" pos="X">a</wf>
         <wf lemma="gyakorlatban" pos="X">gyakorlatban</wf>
         <wf lemma="zsidóellenes" pos="X">zsidóellenes</wf>
         <wf lemma="," pos="X">,</wf>
         <wf lemma="amely" pos="X">amely</wf>
         <wf lemma="ellentétes" pos="X">ellentétes</wf>
         <wf lemma="a" pos="X">a</wf>
         <wf lemma="vallás" pos="X">vallás</wf>
         <wf lemma="alapelveivel" pos="X">alapelveivel</wf>
         <wf lemma="." pos="X">.</wf>
      </sentence>
      <sentence id="d000.s3739" source="wordnet-hungarian">
         <wf lemma="E" pos="X">E</wf>
         <wf lemma="mű" pos="X">mű</wf>
         <wf lemma="történetét" pos="X">történetét</wf>
         <wf lemma="a" pos="X">a</wf>
         <wf lemma="következő" pos="X">következő</wf>
         <instance id="d000.s3739.t000" lemma="rész" pos="NOUN">rész</instance>
         <wf lemma="tárgyalja" pos="X">tárgyalja</wf>
         <wf lemma="." pos="X">.</wf>
      </sentence>
      <sentence id="d000.s3740" source="wordnet-hungarian">
         <wf lemma="A" pos="X">A</wf>
         <wf lemma="hurrikán" pos="X">hurrikán</wf>
         <wf lemma="hatalmas" pos="X">hatalmas</wf>
         <instance id="d000.s3740.t000" lemma="víztömeg" pos="NOUN">víztömeget</instance>
         <wf lemma="képes" pos="X">képes</wf>
         <wf lemma="megmozgatni" pos="X">megmozgatni</wf>
         <wf lemma="." pos="X">.</wf>
      </sentence>
      <sentence id="d000.s3741" source="wordnet-hungarian">
         <wf lemma="Az" pos="X">Az</wf>
         <wf lemma="adásvételről" pos="X">adásvételről</wf>
         <wf lemma="készült" pos="X">készült</wf>
         <instance id="d000.s3741.t000" lemma="dokumentáció" pos="NOUN">dokumentációt</instance>
         <wf lemma="minden" pos="X">minden</wf>
         <wf lemma="jelenlévő" pos="X">jelenlévő</wf>
         <wf lemma="hitelesítette" pos="X">hitelesítette</wf>
         <wf lemma="." pos="X">.</wf>
      </sentence>
      <sentence id="d000.s3742" source="wordnet-hungarian">
         <instance id="d000.s3742.t000" lemma="szenvedély" pos="NOUN">Szenvedéllyel</instance>
         <wf lemma="vetette" pos="X">vetette</wf>
         <wf lemma="bele" pos="X">bele</wf>
         <wf lemma="magát" pos="X">magát</wf>
         <wf lemma="az" pos="X">az</wf>
         <wf lemma="éjszakai" pos="X">éjszakai</wf>
         <wf lemma="életbe" pos="X">életbe</wf>
         <wf lemma="." pos="X">.</wf>
      </sentence>
      <sentence id="d000.s3743" source="wordnet-hungarian">
         <wf lemma="Az" pos="X">Az</wf>
         <wf lemma="őspélda" pos="X">őspélda</wf>
         <wf lemma="erre" pos="X">erre</wf>
         <wf lemma="Heisenberg" pos="X">Heisenberg</wf>
         <wf lemma="szerint" pos="X">szerint</wf>
         <wf lemma="maga" pos="X">maga</wf>
         <wf lemma="Kepler" pos="X">Kepler</wf>
         <wf lemma="," pos="X">,</wf>
         <wf lemma="aki" pos="X">aki</wf>
         <wf lemma="a" pos="X">a</wf>
         <instance id="d000.s3743.t000" lemma="gömb" pos="NOUN">gömb</instance>
         <wf lemma="tökéletes" pos="X">tökéletes</wf>
         <wf lemma="voltának" pos="X">voltának</wf>
         <wf lemma="szemlélete" pos="X">szemlélete</wf>
         <wf lemma="útján" pos="X">útján</wf>
         <wf lemma="jutott" pos="X">jutott</wf>
         <wf lemma="el" pos="X">el</wf>
         <wf lemma="a" pos="X">a</wf>
         <wf lemma="Naprendszer" pos="X">Naprendszer</wf>
         <wf lemma="matematikailag" pos="X">matematikailag</wf>
         <wf lemma="helyes" pos="X">helyes</wf>
         <wf lemma="leírásához" pos="X">leírásához</wf>
         <wf lemma="." pos="X">.</wf>
      </sentence>
      <sentence id="d000.s3744" source="wordnet-hungarian">
         <wf lemma="Kérem" pos="X">Kérem</wf>
         <wf lemma="," pos="X">,</wf>
         <wf lemma="töltsék" pos="X">töltsék</wf>
         <wf lemma="ki" pos="X">ki</wf>
         <wf lemma="azt" pos="X">azt</wf>
         <wf lemma="az" pos="X">az</wf>
         <instance id="d000.s3744.t000" lemma="űrlap" pos="NOUN">űrlapot</instance>
         <wf lemma="!" pos="X">!</wf>
      </sentence>
      <sentence id="d000.s3745" source="wordnet-hungarian">
         <wf lemma="Az" pos="X">Az</wf>
         <wf lemma="idős" pos="X">idős</wf>
         <wf lemma="bácsi" pos="X">bácsi</wf>
         <wf lemma="az" pos="X">az</wf>
         <wf lemma="oszlop" pos="X">oszlop</wf>
         <wf lemma="mellé" pos="X">mellé</wf>
         <instance id="d000.s3745.t000" lemma="vizel" pos="VERB">vizelt</instance>
         <wf lemma="." pos="X">.</wf>
      </sentence>
      <sentence id="d000.s3746" source="wordnet-hungarian">
         <wf lemma="A" pos="X">A</wf>
         <instance id="d000.s3746.t000" lemma="bíró" pos="NOUN">bírák</instance>
         <wf lemma="függetlenségét" pos="X">függetlenségét</wf>
         <wf lemma="a" pos="X">a</wf>
         <wf lemma="szakmai" pos="X">szakmai</wf>
         <wf lemma="képzettségen" pos="X">képzettségen</wf>
         <wf lemma="túl" pos="X">túl</wf>
         <wf lemma="a" pos="X">a</wf>
         <wf lemma="tisztességes" pos="X">tisztességes</wf>
         <wf lemma="megélhetést" pos="X">megélhetést</wf>
         <wf lemma="biztosító" pos="X">biztosító</wf>
         <wf lemma="jövedelem" pos="X">jövedelem</wf>
         <wf lemma="tudja" pos="X">tudja</wf>
         <wf lemma="biztosítani" pos="X">biztosítani</wf>
         <wf lemma="." pos="X">.</wf>
      </sentence>
      <sentence id="d000.s3747" source="wordnet-hungarian">
         <wf lemma="A" pos="X">A</wf>
         <instance id="d000.s3747.t000" lemma="diffúzió" pos="NOUN">diffúzió</instance>
         <wf lemma="nanokristályos" pos="X">nanokristályos</wf>
         <wf lemma="anyagokban" pos="X">anyagokban</wf>
         <wf lemma="több" pos="X">több</wf>
         <wf lemma="szempontból" pos="X">szempontból</wf>
         <wf lemma="is" pos="X">is</wf>
         <wf lemma="fontos" pos="X">fontos</wf>
         <wf lemma="és" pos="X">és</wf>
         <wf lemma="érdekes" pos="X">érdekes</wf>
         <wf lemma="." pos="X">.</wf>
      </sentence>
      <sentence id="d000.s3748" source="wordnet-hungarian">
         <wf lemma="Az" pos="X">Az</wf>
         <instance id="d000.s3748.t000" lemma="ékszerész" pos="NOUN">ékszerész</instance>
         <wf lemma="a" pos="X">a</wf>
         <wf lemma="drágakövekből" pos="X">drágakövekből</wf>
         <wf lemma="gyönyörű" pos="X">gyönyörű</wf>
         <wf lemma="brosst" pos="X">brosst</wf>
         <wf lemma="készített" pos="X">készített</wf>
         <wf lemma="." pos="X">.</wf>
      </sentence>
      <sentence id="d000.s3749" source="wordnet-hungarian">
         <wf lemma="A" pos="X">A</wf>
         <instance id="d000.s3749.t000" lemma="szőlő" pos="NOUN">szőlő</instance>
         <wf lemma="fürtökben" pos="X">fürtökben</wf>
         <wf lemma="nő" pos="X">nő</wf>
         <wf lemma="a" pos="X">a</wf>
         <wf lemma="tőkén" pos="X">tőkén</wf>
         <wf lemma="." pos="X">.</wf>
      </sentence>
      <sentence id="d000.s3750" source="wordnet-hungarian">
         <wf lemma="A" pos="X">A</wf>
         <wf lemma="gazdasági" pos="X">gazdasági</wf>
         <instance id="d000.s3750.t000" lemma="társaság" pos="NOUN">társaság</instance>
         <wf lemma="egy" pos="X">egy</wf>
         <wf lemma="gazdasági" pos="X">gazdasági</wf>
         <wf lemma="cél" pos="X">cél</wf>
         <wf lemma="elérése" pos="X">elérése</wf>
         <wf lemma="érdekében" pos="X">érdekében</wf>
         <wf lemma="létrejött" pos="X">létrejött</wf>
         <wf lemma="szervezett" pos="X">szervezett</wf>
         <wf lemma="egység" pos="X">egység</wf>
         <wf lemma="." pos="X">.</wf>
      </sentence>
      <sentence id="d000.s3751" source="wordnet-hungarian">
         <wf lemma="A" pos="X">A</wf>
         <wf lemma="Bailey's" pos="X">Bailey's</wf>
         <instance id="d000.s3751.t000" lemma="likőr" pos="NOUN">likőr</instance>
         <wf lemma="az" pos="X">az</wf>
         <wf lemma="egyik" pos="X">egyik</wf>
         <wf lemma="kedvenc" pos="X">kedvenc</wf>
         <wf lemma="röviditalom" pos="X">röviditalom</wf>
         <wf lemma="." pos="X">.</wf>
      </sentence>
      <sentence id="d000.s3752" source="wordnet-hungarian">
         <wf lemma="Húsz" pos="X">Húsz</wf>
         <instance id="d000.s3752.t000" lemma="óra" pos="NOUN">órát</instance>
         <wf lemma="vett" pos="X">vett</wf>
         <wf lemma="autóvezetésből" pos="X">autóvezetésből</wf>
         <wf lemma="." pos="X">.</wf>
      </sentence>
      <sentence id="d000.s3753" source="wordnet-hungarian">
         <wf lemma="Feri" pos="X">Feri</wf>
         <wf lemma="szeret" pos="X">szeret</wf>
         <instance id="d000.s3753.t000" lemma="beszél" pos="VERB">beszélni</instance>
         <wf lemma="arról" pos="X">arról</wf>
         <wf lemma="," pos="X">,</wf>
         <wf lemma="ami" pos="X">ami</wf>
         <wf lemma="éppen" pos="X">éppen</wf>
         <wf lemma="foglalkoztatja" pos="X">foglalkoztatja</wf>
         <wf lemma="." pos="X">.</wf>
      </sentence>
      <sentence id="d000.s3754" source="wordnet-hungarian">
         <wf lemma="Vörös" pos="X">Vörös</wf>
         <wf lemma="vagy" pos="X">vagy</wf>
         <wf lemma="fehér" pos="X">fehér</wf>
         <instance id="d000.s3754.t000" lemma="bor" pos="NOUN">bor</instance>
         <wf lemma="illik" pos="X">illik</wf>
         <wf lemma="a" pos="X">a</wf>
         <wf lemma="halhoz" pos="X">halhoz</wf>
         <wf lemma="?" pos="X">?</wf>
      </sentence>
      <sentence id="d000.s3755" source="wordnet-hungarian">
         <wf lemma="Igyekeztek" pos="X">Igyekeztek</wf>
         <wf lemma="növelni" pos="X">növelni</wf>
         <wf lemma="az" pos="X">az</wf>
         <instance id="d000.s3755.t000" lemma="értékesítés" pos="NOUN">értékesítéseket</instance>
         <wf lemma="." pos="X">.</wf>
      </sentence>
      <sentence id="d000.s3756" source="wordnet-hungarian">
         <wf lemma="A" pos="X">A</wf>
         <instance id="d000.s3756.t000" lemma="démon" pos="NOUN">démonok</instance>
         <wf lemma="úgy" pos="X">úgy</wf>
         <wf lemma="jelennek" pos="X">jelennek</wf>
         <wf lemma="meg" pos="X">meg</wf>
         <wf lemma="," pos="X">,</wf>
         <wf lemma="mint" pos="X">mint</wf>
         <wf lemma="a" pos="X">a</wf>
         <wf lemma="pokol" pos="X">pokol</wf>
         <wf lemma="lakói" pos="X">lakói</wf>
         <wf lemma="," pos="X">,</wf>
         <wf lemma="akik" pos="X">akik</wf>
         <wf lemma="elutasították" pos="X">elutasították</wf>
         <wf lemma="Istent" pos="X">Istent</wf>
         <wf lemma="." pos="X">.</wf>
      </sentence>
      <sentence id="d000.s3757" source="wordnet-hungarian">
         <wf lemma="A" pos="X">A</wf>
         <wf lemma="gazda" pos="X">gazda</wf>
         <wf lemma="három" pos="X">három</wf>
         <wf lemma="disznót" pos="X">disznót</wf>
         <instance id="d000.s3757.t000" lemma="öl" pos="VERB">ölt</instance>
         <wf lemma="le" pos="X">le</wf>
         <wf lemma="tegnap" pos="X">tegnap</wf>
         <wf lemma="." pos="X">.</wf>
      </sentence>
      <sentence id="d000.s3758" source="wordnet-hungarian">
         <wf lemma="A" pos="X">A</wf>
         <wf lemma="viziló" pos="X">viziló</wf>
         <wf lemma="után" pos="X">után</wf>
         <wf lemma="orrfacsaró" pos="X">orrfacsaró</wf>
         <wf lemma="bűz" pos="X">bűz</wf>
         <instance id="d000.s3758.t000" lemma="marad" pos="VERB">maradt</instance>
         <wf lemma="hátra" pos="X">hátra</wf>
         <wf lemma="." pos="X">.</wf>
      </sentence>
      <sentence id="d000.s3759" source="wordnet-hungarian">
         <wf lemma="Olyan" pos="X">Olyan</wf>
         <wf lemma="gyorsan" pos="X">gyorsan</wf>
         <wf lemma="mutatta" pos="X">mutatta</wf>
         <wf lemma="a" pos="X">a</wf>
         <instance id="d000.s3759.t000" lemma="jel" pos="NOUN">jeleket</instance>
         <wf lemma="," pos="X">,</wf>
         <wf lemma="hogy" pos="X">hogy</wf>
         <wf lemma="képtelen" pos="X">képtelen</wf>
         <wf lemma="voltam" pos="X">voltam</wf>
         <wf lemma="követni" pos="X">követni</wf>
         <wf lemma="." pos="X">.</wf>
      </sentence>
      <sentence id="d000.s3760" source="wordnet-hungarian">
         <wf lemma="Az" pos="X">Az</wf>
         <instance id="d000.s3760.t000" lemma="átló" pos="NOUN">átló</instance>
         <wf lemma="a" pos="X">a</wf>
         <wf lemma="bal" pos="X">bal</wf>
         <wf lemma="felső" pos="X">felső</wf>
         <wf lemma="sarokból" pos="X">sarokból</wf>
         <wf lemma="haladt" pos="X">haladt</wf>
         <wf lemma="a" pos="X">a</wf>
         <wf lemma="jobb" pos="X">jobb</wf>
         <wf lemma="alsó" pos="X">alsó</wf>
         <wf lemma="felé" pos="X">felé</wf>
         <wf lemma="." pos="X">.</wf>
      </sentence>
      <sentence id="d000.s3761" source="wordnet-hungarian">
         <wf lemma="Nyáron" pos="X">Nyáron</wf>
         <wf lemma="gyakrabban" pos="X">gyakrabban</wf>
         <wf lemma="kell" pos="X">kell</wf>
         <wf lemma="ellenőrizni" pos="X">ellenőrizni</wf>
         <wf lemma="a" pos="X">a</wf>
         <instance id="d000.s3761.t000" lemma="sín" pos="NOUN">sínek</instance>
         <wf lemma="állapotát" pos="X">állapotát</wf>
         <wf lemma="." pos="X">.</wf>
      </sentence>
      <sentence id="d000.s3762" source="wordnet-hungarian">
         <wf lemma="Evvel" pos="X">Evvel</wf>
         <wf lemma="az" pos="X">az</wf>
         <wf lemma="üggyel" pos="X">üggyel</wf>
         <wf lemma="kapcsolatban" pos="X">kapcsolatban</wf>
         <wf lemma="teljesen" pos="X">teljesen</wf>
         <wf lemma="más" pos="X">más</wf>
         <instance id="d000.s3762.t000" lemma="vélemény" pos="NOUN">véleményen</instance>
         <wf lemma="vagyunk" pos="X">vagyunk</wf>
         <wf lemma="." pos="X">.</wf>
      </sentence>
      <sentence id="d000.s3763" source="wordnet-hungarian">
         <wf lemma="Az" pos="X">Az</wf>
         <wf lemma="edény" pos="X">edény</wf>
         <instance id="d000.s3763.t000" lemma="külső" pos="NOUN">külsejére</instance>
         <wf lemma="ragadt" pos="X">ragadt</wf>
         <wf lemma="valami" pos="X">valami</wf>
         <wf lemma="." pos="X">.</wf>
      </sentence>
      <sentence id="d000.s3764" source="wordnet-hungarian">
         <wf lemma="Ez" pos="X">Ez</wf>
         <wf lemma="túl" pos="X">túl</wf>
         <wf lemma="sok" pos="X">sok</wf>
         <wf lemma="munka" pos="X">munka</wf>
         <wf lemma="volt" pos="X">volt</wf>
         <wf lemma="egy" pos="X">egy</wf>
         <instance id="d000.s3764.t000" lemma="személy" pos="NOUN">személy</instance>
         <wf lemma="számára" pos="X">számára</wf>
         <wf lemma="." pos="X">.</wf>
      </sentence>
      <sentence id="d000.s3765" source="wordnet-hungarian">
         <wf lemma="Az" pos="X">Az</wf>
         <instance id="d000.s3765.t000" lemma="artikuláció" pos="NOUN">artikuláció</instance>
         <wf lemma="során" pos="X">során</wf>
         <wf lemma="a" pos="X">a</wf>
         <wf lemma="tüdőből" pos="X">tüdőből</wf>
         <wf lemma="kiáramlik" pos="X">kiáramlik</wf>
         <wf lemma="a" pos="X">a</wf>
         <wf lemma="levegő" pos="X">levegő</wf>
         <wf lemma="." pos="X">.</wf>
      </sentence>
      <sentence id="d000.s3766" source="wordnet-hungarian">
         <wf lemma="A" pos="X">A</wf>
         <wf lemma="tömeg" pos="X">tömeg</wf>
         <instance id="d000.s3766.t000" lemma="sűrűség" pos="NOUN">sűrűségéből</instance>
         <wf lemma="következtetve" pos="X">következtetve</wf>
         <wf lemma="több" pos="X">több</wf>
         <wf lemma="ezren" pos="X">ezren</wf>
         <wf lemma="lehettek" pos="X">lehettek</wf>
         <wf lemma="a" pos="X">a</wf>
         <wf lemma="téren" pos="X">téren</wf>
         <wf lemma="." pos="X">.</wf>
      </sentence>
      <sentence id="d000.s3767" source="wordnet-hungarian">
         <wf lemma="A" pos="X">A</wf>
         <wf lemma="viktoriánus" pos="X">viktoriánus</wf>
         <wf lemma="időkben" pos="X">időkben</wf>
         <wf lemma="még" pos="X">még</wf>
         <wf lemma="az" pos="X">az</wf>
         <wf lemma="asztalláb" pos="X">asztalláb</wf>
         <wf lemma="is" pos="X">is</wf>
         <instance id="d000.s3767.t000" lemma="papucs" pos="NOUN">papucsot</instance>
         <wf lemma="hordott" pos="X">hordott</wf>
         <wf lemma="." pos="X">.</wf>
      </sentence>
      <sentence id="d000.s3768" source="wordnet-hungarian">
         <wf lemma="A" pos="X">A</wf>
         <wf lemma="beszegődtetés" pos="X">beszegődtetés</wf>
         <wf lemma="előtt" pos="X">előtt</wf>
         <wf lemma="a" pos="X">a</wf>
         <wf lemma="mester" pos="X">mester</wf>
         <wf lemma="próbaidőre" pos="X">próbaidőre</wf>
         <wf lemma="vette" pos="X">vette</wf>
         <wf lemma="fel" pos="X">fel</wf>
         <wf lemma="az" pos="X">az</wf>
         <instance id="d000.s3768.t000" lemma="inas" pos="NOUN">inast</instance>
         <wf lemma="." pos="X">.</wf>
      </sentence>
      <sentence id="d000.s3769" source="wordnet-hungarian">
         <wf lemma="A" pos="X">A</wf>
         <instance id="d000.s3769.t000" lemma="tranzisztor" pos="NOUN">tranzisztor</instance>
         <wf lemma="a" pos="X">a</wf>
         <wf lemma="feszültség" pos="X">feszültség</wf>
         <wf lemma="értékének" pos="X">értékének</wf>
         <wf lemma="megfelelő" pos="X">megfelelő</wf>
         <wf lemma="mértékben" pos="X">mértékben</wf>
         <wf lemma="vezetővé" pos="X">vezetővé</wf>
         <wf lemma="válik" pos="X">válik</wf>
         <wf lemma="." pos="X">.</wf>
      </sentence>
      <sentence id="d000.s3770" source="wordnet-hungarian">
         <wf lemma="Az" pos="X">Az</wf>
         <wf lemma="élet" pos="X">élet</wf>
         <wf lemma="minden" pos="X">minden</wf>
         <wf lemma="területét" pos="X">területét</wf>
         <wf lemma="a" pos="X">a</wf>
         <wf lemma="politikusok" pos="X">politikusok</wf>
         <wf lemma="gyakorlatilag" pos="X">gyakorlatilag</wf>
         <wf lemma="felelősségrevonhatatlan" pos="X">felelősségrevonhatatlan</wf>
         <instance id="d000.s3770.t000" lemma="kaszt" pos="NOUN">kasztja</instance>
         <wf lemma="ellenőrzi" pos="X">ellenőrzi</wf>
         <wf lemma="." pos="X">.</wf>
      </sentence>
      <sentence id="d000.s3771" source="wordnet-hungarian">
         <wf lemma="Különleges" pos="X">Különleges</wf>
         <wf lemma="ízjavító" pos="X">ízjavító</wf>
         <wf lemma="hatása" pos="X">hatása</wf>
         <wf lemma="miatt" pos="X">miatt</wf>
         <wf lemma="az" pos="X">az</wf>
         <wf lemma="egész" pos="X">egész</wf>
         <wf lemma="világon" pos="X">világon</wf>
         <wf lemma="kedvelik" pos="X">kedvelik</wf>
         <wf lemma="a" pos="X">a</wf>
         <instance id="d000.s3771.t000" lemma="fokhagyma" pos="NOUN">fokhagymát</instance>
         <wf lemma="," pos="X">,</wf>
         <wf lemma="egyes" pos="X">egyes</wf>
         <wf lemma="ókori" pos="X">ókori</wf>
         <wf lemma="népek" pos="X">népek</wf>
         <wf lemma="varázserőt" pos="X">varázserőt</wf>
         <wf lemma="tulajdonítottak" pos="X">tulajdonítottak</wf>
         <wf lemma="neki" pos="X">neki</wf>
         <wf lemma="," pos="X">,</wf>
         <wf lemma="gerezdjét" pos="X">gerezdjét</wf>
         <wf lemma="amulettként" pos="X">amulettként</wf>
         <wf lemma="hordták" pos="X">hordták</wf>
         <wf lemma="a" pos="X">a</wf>
         <wf lemma="nyakukban" pos="X">nyakukban</wf>
         <wf lemma=";" pos="X">;</wf>
         <wf lemma="a" pos="X">a</wf>
         <wf lemma="középkorban" pos="X">középkorban</wf>
         <wf lemma="is" pos="X">is</wf>
         <wf lemma="gyógyító" pos="X">gyógyító</wf>
         <wf lemma="és" pos="X">és</wf>
         <wf lemma="tisztító" pos="X">tisztító</wf>
         <wf lemma="erőt" pos="X">erőt</wf>
         <wf lemma="tulajdonítottak" pos="X">tulajdonítottak</wf>
         <wf lemma="neki" pos="X">neki</wf>
         <wf lemma="." pos="X">.</wf>
      </sentence>
      <sentence id="d000.s3772" source="wordnet-hungarian">
         <wf lemma="Nincs" pos="X">Nincs</wf>
         <wf lemma="baj" pos="X">baj</wf>
         <wf lemma="az" pos="X">az</wf>
         <instance id="d000.s3772.t000" lemma="erkölcs" pos="NOUN">erkölcseivel</instance>
         <wf lemma="." pos="X">.</wf>
      </sentence>
      <sentence id="d000.s3773" source="wordnet-hungarian">
         <wf lemma="A" pos="X">A</wf>
         <wf lemma="vizsga" pos="X">vizsga</wf>
         <wf lemma="követelményeinek" pos="X">követelményeinek</wf>
         <instance id="d000.s3773.t000" lemma="meghatározás" pos="NOUN">meghatározása</instance>
         <wf lemma="a" pos="X">a</wf>
         <wf lemma="vizsgáztató" pos="X">vizsgáztató</wf>
         <wf lemma="feladata" pos="X">feladata</wf>
         <wf lemma="." pos="X">.</wf>
      </sentence>
      <sentence id="d000.s3774" source="wordnet-hungarian">
         <wf lemma="A" pos="X">A</wf>
         <instance id="d000.s3774.t000" lemma="könyvtár" pos="NOUN">könyvtárban</instance>
         <wf lemma="nem" pos="X">nem</wf>
         <wf lemma="találtam" pos="X">találtam</wf>
         <wf lemma="meg" pos="X">meg</wf>
         <wf lemma="ezt" pos="X">ezt</wf>
         <wf lemma="a" pos="X">a</wf>
         <wf lemma="kötetet" pos="X">kötetet</wf>
         <wf lemma="." pos="X">.</wf>
      </sentence>
      <sentence id="d000.s3775" source="wordnet-hungarian">
         <instance id="d000.s3775.t000" lemma="árul" pos="VERB">Árulnak</instance>
         <wf lemma="itt" pos="X">itt</wf>
         <wf lemma="szótárakat" pos="X">szótárakat</wf>
         <wf lemma="?" pos="X">?</wf>
      </sentence>
      <sentence id="d000.s3776" source="wordnet-hungarian">
         <wf lemma="Ha" pos="X">Ha</wf>
         <wf lemma="hús" pos="X">hús</wf>
         <wf lemma="nélkül" pos="X">nélkül</wf>
         <wf lemma="táplálkozol" pos="X">táplálkozol</wf>
         <wf lemma="," pos="X">,</wf>
         <wf lemma="jól" pos="X">jól</wf>
         <wf lemma="válogasd" pos="X">válogasd</wf>
         <wf lemma="meg" pos="X">meg</wf>
         <wf lemma="," pos="X">,</wf>
         <wf lemma="milyen" pos="X">milyen</wf>
         <instance id="d000.s3776.t000" lemma="zöldség" pos="NOUN">zöldségeket</instance>
         <wf lemma="fogyasztasz" pos="X">fogyasztasz</wf>
         <wf lemma="!" pos="X">!</wf>
      </sentence>
      <sentence id="d000.s3777" source="wordnet-hungarian">
         <wf lemma="Az" pos="X">Az</wf>
         <instance id="d000.s3777.t000" lemma="erikafélék" pos="NOUN">erikafélék</instance>
         <wf lemma="hatalmas" pos="X">hatalmas</wf>
         <wf lemma="családot" pos="X">családot</wf>
         <wf lemma="alkotnak" pos="X">alkotnak</wf>
         <wf lemma="." pos="X">.</wf>
      </sentence>
      <sentence id="d000.s3778" source="wordnet-hungarian">
         <wf lemma="A" pos="X">A</wf>
         <instance id="d000.s3778.t000" lemma="titkár" pos="NOUN">titkára</instance>
         <wf lemma="nélkül" pos="X">nélkül</wf>
         <wf lemma="félkarú" pos="X">félkarú</wf>
         <wf lemma="óriás" pos="X">óriás</wf>
         <wf lemma="." pos="X">.</wf>
      </sentence>
      <sentence id="d000.s3779" source="wordnet-hungarian">
         <wf lemma="Az" pos="X">Az</wf>
         <instance id="d000.s3779.t000" lemma="erszényes" pos="NOUN">erszényesek</instance>
         <wf lemma="főként" pos="X">főként</wf>
         <wf lemma="Ausztráliában" pos="X">Ausztráliában</wf>
         <wf lemma="és" pos="X">és</wf>
         <wf lemma="Amerikában" pos="X">Amerikában</wf>
         <wf lemma="élnek" pos="X">élnek</wf>
         <wf lemma="." pos="X">.</wf>
      </sentence>
      <sentence id="d000.s3780" source="wordnet-hungarian">
         <wf lemma="A" pos="X">A</wf>
         <wf lemma="nap" pos="X">nap</wf>
         <instance id="d000.s3780.t000" lemma="éget" pos="VERB">égette</instance>
         <wf lemma="Pista" pos="X">Pista</wf>
         <wf lemma="fedetlen" pos="X">fedetlen</wf>
         <wf lemma="hátát" pos="X">hátát</wf>
         <wf lemma="." pos="X">.</wf>
      </sentence>
      <sentence id="d000.s3781" source="wordnet-hungarian">
         <wf lemma="A" pos="X">A</wf>
         <wf lemma="telefonbeszélgetésem" pos="X">telefonbeszélgetésem</wf>
         <instance id="d000.s3781.t000" lemma="megszakítás" pos="NOUN">megszakítása</instance>
         <wf lemma="egy" pos="X">egy</wf>
         <wf lemma="jó" pos="X">jó</wf>
         <wf lemma="üzlettől" pos="X">üzlettől</wf>
         <wf lemma="ütött" pos="X">ütött</wf>
         <wf lemma="el" pos="X">el</wf>
         <wf lemma="." pos="X">.</wf>
      </sentence>
      <sentence id="d000.s3782" source="wordnet-hungarian">
         <wf lemma="Az" pos="X">Az</wf>
         <wf lemma="polc" pos="X">polc</wf>
         <wf lemma="feletti" pos="X">feletti</wf>
         <instance id="d000.s3782.t000" lemma="tér" pos="NOUN">teret</instance>
         <wf lemma="még" pos="X">még</wf>
         <wf lemma="ki" pos="X">ki</wf>
         <wf lemma="lehetne" pos="X">lehetne</wf>
         <wf lemma="használni" pos="X">használni</wf>
         <wf lemma="valamire" pos="X">valamire</wf>
         <wf lemma="." pos="X">.</wf>
      </sentence>
      <sentence id="d000.s3783" source="wordnet-hungarian">
         <wf lemma="A" pos="X">A</wf>
         <wf lemma="lakosságcsere" pos="X">lakosságcsere</wf>
         <wf lemma="után" pos="X">után</wf>
         <wf lemma="Szlovákiában" pos="X">Szlovákiában</wf>
         <wf lemma="megnövekedett" pos="X">megnövekedett</wf>
         <wf lemma="az" pos="X">az</wf>
         <instance id="d000.s3783.t000" lemma="evangélikus" pos="NOUN">evangélikusok</instance>
         <wf lemma="száma" pos="X">száma</wf>
         <wf lemma="." pos="X">.</wf>
      </sentence>
      <sentence id="d000.s3784" source="wordnet-hungarian">
         <wf lemma="A" pos="X">A</wf>
         <wf lemma="Nagygöncöl" pos="X">Nagygöncöl</wf>
         <wf lemma="talán" pos="X">talán</wf>
         <wf lemma="a" pos="X">a</wf>
         <wf lemma="legismertebb" pos="X">legismertebb</wf>
         <instance id="d000.s3784.t000" lemma="csillagkép" pos="NOUN">csillagkép</instance>
         <wf lemma="." pos="X">.</wf>
      </sentence>
      <sentence id="d000.s3785" source="wordnet-hungarian">
         <wf lemma="A" pos="X">A</wf>
         <instance id="d000.s3785.t000" lemma="jiddis" pos="NOUN">jiddis</instance>
         <wf lemma="nyelv" pos="X">nyelv</wf>
         <wf lemma="beszélői" pos="X">beszélői</wf>
         <wf lemma="ősi" pos="X">ősi</wf>
         <wf lemma="örökségként" pos="X">örökségként</wf>
         <wf lemma="őrizték" pos="X">őrizték</wf>
         <wf lemma="meg" pos="X">meg</wf>
         <wf lemma="a" pos="X">a</wf>
         <wf lemma="héber-arámi" pos="X">héber-arámi</wf>
         <wf lemma="nyelvi" pos="X">nyelvi</wf>
         <wf lemma="szubsztrátumot" pos="X">szubsztrátumot</wf>
         <wf lemma="." pos="X">.</wf>
      </sentence>
      <sentence id="d000.s3786" source="wordnet-hungarian">
         <wf lemma="Mi" pos="X">Mi</wf>
         <wf lemma="az" pos="X">az</wf>
         <wf lemma="a" pos="X">a</wf>
         <instance id="d000.s3786.t000" lemma="dolog" pos="NOUN">dolog</instance>
         <wf lemma="," pos="X">,</wf>
         <wf lemma="amiről" pos="X">amiről</wf>
         <wf lemma="beszéltél" pos="X">beszéltél</wf>
         <wf lemma="?" pos="X">?</wf>
      </sentence>
      <sentence id="d000.s3787" source="wordnet-hungarian">
         <wf lemma="A" pos="X">A</wf>
         <wf lemma="szervezet" pos="X">szervezet</wf>
         <wf lemma="már" pos="X">már</wf>
         <wf lemma="évek" pos="X">évek</wf>
         <wf lemma="óta" pos="X">óta</wf>
         <wf lemma="nyújtja" pos="X">nyújtja</wf>
         <instance id="d000.s3787.t000" lemma="szolgáltatás" pos="NOUN">szolgáltatását</instance>
         <wf lemma="a" pos="X">a</wf>
         <wf lemma="rászorulóknak" pos="X">rászorulóknak</wf>
         <wf lemma="." pos="X">.</wf>
      </sentence>
      <sentence id="d000.s3788" source="wordnet-hungarian">
         <wf lemma="A" pos="X">A</wf>
         <wf lemma="komornyik" pos="X">komornyik</wf>
         <wf lemma="illedelmesen" pos="X">illedelmesen</wf>
         <instance id="d000.s3788.t000" lemma="távozik" pos="VERB">távozott</instance>
         <wf lemma="a" pos="X">a</wf>
         <wf lemma="szobából" pos="X">szobából</wf>
         <wf lemma="." pos="X">.</wf>
      </sentence>
      <sentence id="d000.s3789" source="wordnet-hungarian">
         <wf lemma="A" pos="X">A</wf>
         <wf lemma="távfűtésnek" pos="X">távfűtésnek</wf>
         <wf lemma="van" pos="X">van</wf>
         <wf lemma="környezetvédelmi" pos="X">környezetvédelmi</wf>
         <instance id="d000.s3789.t000" lemma="jelentőség" pos="NOUN">jelentősége</instance>
         <wf lemma="." pos="X">.</wf>
      </sentence>
      <sentence id="d000.s3790" source="wordnet-hungarian">
         <wf lemma="1885-ben" pos="X">1885-ben</wf>
         <wf lemma="leégett" pos="X">leégett</wf>
         <wf lemma="a" pos="X">a</wf>
         <wf lemma="szegedi" pos="X">szegedi</wf>
         <instance id="d000.s3790.t000" lemma="színház" pos="NOUN">színház</instance>
         <wf lemma="." pos="X">.</wf>
      </sentence>
      <sentence id="d000.s3791" source="wordnet-hungarian">
         <wf lemma="Az" pos="X">Az</wf>
         <wf lemma="öngyújtód" pos="X">öngyújtód</wf>
         <wf lemma="is" pos="X">is</wf>
         <instance id="d000.s3791.t000" lemma="butángáz" pos="NOUN">butángázzal</instance>
         <wf lemma="működik" pos="X">működik</wf>
         <wf lemma="." pos="X">.</wf>
      </sentence>
      <sentence id="d000.s3792" source="wordnet-hungarian">
         <wf lemma="A" pos="X">A</wf>
         <instance id="d000.s3792.t000" lemma="fejes" pos="NOUN">fejesek</instance>
         <wf lemma="nem" pos="X">nem</wf>
         <wf lemma="tájékoztattak" pos="X">tájékoztattak</wf>
         <wf lemma="minket" pos="X">minket</wf>
         <wf lemma="a" pos="X">a</wf>
         <wf lemma="terveikről" pos="X">terveikről</wf>
         <wf lemma="." pos="X">.</wf>
      </sentence>
      <sentence id="d000.s3793" source="wordnet-hungarian">
         <wf lemma="Az" pos="X">Az</wf>
         <instance id="d000.s3793.t000" lemma="oposszum" pos="NOUN">oposszum</instance>
         <wf lemma="nyomait" pos="X">nyomait</wf>
         <wf lemma="követve" pos="X">követve</wf>
         <wf lemma="eljutottak" pos="X">eljutottak</wf>
         <wf lemma="a" pos="X">a</wf>
         <wf lemma="rejtekhelyéig" pos="X">rejtekhelyéig</wf>
         <wf lemma="." pos="X">.</wf>
      </sentence>
      <sentence id="d000.s3794" source="wordnet-hungarian">
         <wf lemma="Jaj" pos="X">Jaj</wf>
         <wf lemma="," pos="X">,</wf>
         <wf lemma="a" pos="X">a</wf>
         <wf lemma="kulcsaimat" pos="X">kulcsaimat</wf>
         <wf lemma="a" pos="X">a</wf>
         <wf lemma="kocsiban" pos="X">kocsiban</wf>
         <instance id="d000.s3794.t000" lemma="hagy" pos="VERB">hagytam</instance>
         <wf lemma="!" pos="X">!</wf>
      </sentence>
      <sentence id="d000.s3795" source="wordnet-hungarian">
         <wf lemma="A" pos="X">A</wf>
         <instance id="d000.s3795.t000" lemma="paradicsomlé" pos="NOUN">paradicsomlé</instance>
         <wf lemma="rendszeres" pos="X">rendszeres</wf>
         <wf lemma="fogyasztása" pos="X">fogyasztása</wf>
         <wf lemma="meggátolja" pos="X">meggátolja</wf>
         <wf lemma="az" pos="X">az</wf>
         <wf lemma="emphysema" pos="X">emphysema</wf>
         <wf lemma="(" pos="X">(</wf>
         <wf lemma="tüdőtágulat" pos="X">tüdőtágulat</wf>
         <wf lemma=")" pos="X">)</wf>
         <wf lemma="kifejlődését" pos="X">kifejlődését</wf>
         <wf lemma="dohányosoknál" pos="X">dohányosoknál</wf>
         <wf lemma="." pos="X">.</wf>
      </sentence>
      <sentence id="d000.s3796" source="wordnet-hungarian">
         <wf lemma="A" pos="X">A</wf>
         <instance id="d000.s3796.t000" lemma="semmi" pos="NOUN">semmi</instance>
         <wf lemma="közelsége" pos="X">közelsége</wf>
         <wf lemma="ijesztőnek" pos="X">ijesztőnek</wf>
         <wf lemma="tűnt" pos="X">tűnt</wf>
         <wf lemma="." pos="X">.</wf>
      </sentence>
      <sentence id="d000.s3797" source="wordnet-hungarian">
         <wf lemma="Az" pos="X">Az</wf>
         <instance id="d000.s3797.t000" lemma="életrajzíró" pos="NOUN">életrajzíró</instance>
         <wf lemma="körültekintő" pos="X">körültekintő</wf>
         <wf lemma="kutatást" pos="X">kutatást</wf>
         <wf lemma="végzett" pos="X">végzett</wf>
         <wf lemma="," pos="X">,</wf>
         <wf lemma="mielőtt" pos="X">mielőtt</wf>
         <wf lemma="bármit" pos="X">bármit</wf>
         <wf lemma="papírra" pos="X">papírra</wf>
         <wf lemma="vetett" pos="X">vetett</wf>
         <wf lemma="volna" pos="X">volna</wf>
         <wf lemma="." pos="X">.</wf>
      </sentence>
      <sentence id="d000.s3798" source="wordnet-hungarian">
         <wf lemma="A" pos="X">A</wf>
         <instance id="d000.s3798.t000" lemma="tavasz" pos="NOUN">tavasz</instance>
         <wf lemma="az" pos="X">az</wf>
         <wf lemma="újjászületés" pos="X">újjászületés</wf>
         <wf lemma="évszaka" pos="X">évszaka</wf>
         <wf lemma="." pos="X">.</wf>
      </sentence>
      <sentence id="d000.s3799" source="wordnet-hungarian">
         <wf lemma="Másodlagos" pos="X">Másodlagos</wf>
         <wf lemma="szennyezés" pos="X">szennyezés</wf>
         <wf lemma="lépett" pos="X">lépett</wf>
         <wf lemma="fel" pos="X">fel</wf>
         <wf lemma="savak" pos="X">savak</wf>
         <wf lemma="," pos="X">,</wf>
         <wf lemma="gázok" pos="X">gázok</wf>
         <wf lemma="és" pos="X">és</wf>
         <instance id="d000.s3799.t000" lemma="dioxid" pos="NOUN">dioxidok</instance>
         <wf lemma="formájában" pos="X">formájában</wf>
         <wf lemma="." pos="X">.</wf>
      </sentence>
      <sentence id="d000.s3800" source="wordnet-hungarian">
         <wf lemma="Öt" pos="X">Öt</wf>
         <instance id="d000.s3800.t000" lemma="ezüst" pos="NOUN">ezüstöt</instance>
         <wf lemma="kapott" pos="X">kapott</wf>
         <wf lemma="a" pos="X">a</wf>
         <wf lemma="szolgálataiért" pos="X">szolgálataiért</wf>
         <wf lemma="." pos="X">.</wf>
      </sentence>
      <sentence id="d000.s3801" source="wordnet-hungarian">
         <wf lemma="A" pos="X">A</wf>
         <instance id="d000.s3801.t000" lemma="kulacs" pos="NOUN">kulacsban</instance>
         <wf lemma="alig" pos="X">alig</wf>
         <wf lemma="volt" pos="X">volt</wf>
         <wf lemma="már" pos="X">már</wf>
         <wf lemma="pár" pos="X">pár</wf>
         <wf lemma="csepp" pos="X">csepp</wf>
         <wf lemma="víz" pos="X">víz</wf>
         <wf lemma="." pos="X">.</wf>
      </sentence>
      <sentence id="d000.s3802" source="wordnet-hungarian">
         <wf lemma="Nagyapám" pos="X">Nagyapám</wf>
         <instance id="d000.s3802.t000" lemma="műhely" pos="NOUN">műhelyében</instance>
         <wf lemma="minden" pos="X">minden</wf>
         <wf lemma="asztalosszerszám" pos="X">asztalosszerszám</wf>
         <wf lemma="megtalálható" pos="X">megtalálható</wf>
         <wf lemma="." pos="X">.</wf>
      </sentence>
      <sentence id="d000.s3803" source="wordnet-hungarian">
         <wf lemma="A" pos="X">A</wf>
         <wf lemma="probléma" pos="X">probléma</wf>
         <instance id="d000.s3803.t000" lemma="megoldás" pos="NOUN">megoldása</instance>
         <wf lemma="," pos="X">,</wf>
         <wf lemma="még" pos="X">még</wf>
         <wf lemma="az" pos="X">az</wf>
         <wf lemma="ügyesebbeknek" pos="X">ügyesebbeknek</wf>
         <wf lemma="is" pos="X">is</wf>
         <wf lemma="," pos="X">,</wf>
         <wf lemma="több" pos="X">több</wf>
         <wf lemma="mint" pos="X">mint</wf>
         <wf lemma="egy" pos="X">egy</wf>
         <wf lemma="órába" pos="X">órába</wf>
         <wf lemma="telt" pos="X">telt</wf>
         <wf lemma="." pos="X">.</wf>
      </sentence>
      <sentence id="d000.s3804" source="wordnet-hungarian">
         <wf lemma="A" pos="X">A</wf>
         <wf lemma="Budapesten" pos="X">Budapesten</wf>
         <instance id="d000.s3804.t000" lemma="lakás" pos="NOUN">lakás</instance>
         <wf lemma="elég" pos="X">elég</wf>
         <wf lemma="fárasztó" pos="X">fárasztó</wf>
         <wf lemma="." pos="X">.</wf>
      </sentence>
      <sentence id="d000.s3805" source="wordnet-hungarian">
         <wf lemma="Ebben" pos="X">Ebben</wf>
         <wf lemma="az" pos="X">az</wf>
         <wf lemma="időszakban" pos="X">időszakban</wf>
         <wf lemma="bontják" pos="X">bontják</wf>
         <wf lemma="ki" pos="X">ki</wf>
         <wf lemma="pompás" pos="X">pompás</wf>
         <wf lemma="virágaikat" pos="X">virágaikat</wf>
         <wf lemma="a" pos="X">a</wf>
         <instance id="d000.s3805.t000" lemma="rododendron" pos="NOUN">rododendronok</instance>
         <wf lemma="." pos="X">.</wf>
      </sentence>
      <sentence id="d000.s3806" source="wordnet-hungarian">
         <wf lemma="Az" pos="X">Az</wf>
         <instance id="d000.s3806.t000" lemma="agyag" pos="NOUN">agyag</instance>
         <wf lemma="tűzálló" pos="X">tűzálló</wf>
         <wf lemma="volta" pos="X">volta</wf>
         <wf lemma="attól" pos="X">attól</wf>
         <wf lemma="függ" pos="X">függ</wf>
         <wf lemma="," pos="X">,</wf>
         <wf lemma="hogy" pos="X">hogy</wf>
         <wf lemma="mennyi" pos="X">mennyi</wf>
         <wf lemma="ásványi" pos="X">ásványi</wf>
         <wf lemma="szennyeződést" pos="X">szennyeződést</wf>
         <wf lemma="tartalmaz" pos="X">tartalmaz</wf>
         <wf lemma="." pos="X">.</wf>
      </sentence>
      <sentence id="d000.s3807" source="wordnet-hungarian">
         <wf lemma="A" pos="X">A</wf>
         <instance id="d000.s3807.t000" lemma="park" pos="NOUN">park</instance>
         <wf lemma="élővilágát" pos="X">élővilágát</wf>
         <wf lemma="szigorú" pos="X">szigorú</wf>
         <wf lemma="intézkedések" pos="X">intézkedések</wf>
         <wf lemma="védik" pos="X">védik</wf>
         <wf lemma="." pos="X">.</wf>
      </sentence>
      <sentence id="d000.s3808" source="wordnet-hungarian">
         <wf lemma="A" pos="X">A</wf>
         <instance id="d000.s3808.t000" lemma="felfüggesztés" pos="NOUN">felfüggesztése</instance>
         <wf lemma="csak" pos="X">csak</wf>
         <wf lemma="időleges" pos="X">időleges</wf>
         <wf lemma="," pos="X">,</wf>
         <wf lemma="jövő" pos="X">jövő</wf>
         <wf lemma="héten" pos="X">héten</wf>
         <wf lemma="már" pos="X">már</wf>
         <wf lemma="valószinűleg" pos="X">valószinűleg</wf>
         <wf lemma="újra" pos="X">újra</wf>
         <wf lemma="munkában" pos="X">munkában</wf>
         <wf lemma="lesz" pos="X">lesz</wf>
         <wf lemma="." pos="X">.</wf>
      </sentence>
      <sentence id="d000.s3809" source="wordnet-hungarian">
         <wf lemma="Letiltatta" pos="X">Letiltatta</wf>
         <wf lemma="a" pos="X">a</wf>
         <instance id="d000.s3809.t000" lemma="hitelkártya" pos="NOUN">hitelkártyáját</instance>
         <wf lemma="," pos="X">,</wf>
         <wf lemma="mert" pos="X">mert</wf>
         <wf lemma="ellopták" pos="X">ellopták</wf>
         <wf lemma="és" pos="X">és</wf>
         <wf lemma="már" pos="X">már</wf>
         <wf lemma="így" pos="X">így</wf>
         <wf lemma="is" pos="X">is</wf>
         <wf lemma="vásároltak" pos="X">vásároltak</wf>
         <wf lemma="vele" pos="X">vele</wf>
         <wf lemma="." pos="X">.</wf>
      </sentence>
      <sentence id="d000.s3810" source="wordnet-hungarian">
         <wf lemma="Vámbéry" pos="X">Vámbéry</wf>
         <wf lemma="Ármin" pos="X">Ármin</wf>
         <wf lemma="egy" pos="X">egy</wf>
         <wf lemma="török" pos="X">török</wf>
         <wf lemma="főúrtól" pos="X">főúrtól</wf>
         <wf lemma="kapta" pos="X">kapta</wf>
         <wf lemma="török" pos="X">török</wf>
         <wf lemma="nyelvtudása" pos="X">nyelvtudása</wf>
         <wf lemma="elismeréseként" pos="X">elismeréseként</wf>
         <wf lemma="a" pos="X">a</wf>
         <wf lemma="Resid" pos="X">Resid</wf>
         <instance id="d000.s3810.t000" lemma="effendi" pos="NOUN">effendi</instance>
         <wf lemma="nevet" pos="X">nevet</wf>
         <wf lemma="." pos="X">.</wf>
      </sentence>
      <sentence id="d000.s3811" source="wordnet-hungarian">
         <wf lemma="El" pos="X">El</wf>
         <wf lemma="kell" pos="X">kell</wf>
         <wf lemma="fogadnod" pos="X">fogadnod</wf>
         <wf lemma="önmagad" pos="X">önmagad</wf>
         <wf lemma="és" pos="X">és</wf>
         <wf lemma="másokat" pos="X">másokat</wf>
         <wf lemma="is" pos="X">is</wf>
         <wf lemma="," pos="X">,</wf>
         <wf lemma="ha" pos="X">ha</wf>
         <wf lemma="igazán" pos="X">igazán</wf>
         <instance id="d000.s3811.t000" lemma="él" pos="VERB">élni</instance>
         <wf lemma="akarsz" pos="X">akarsz</wf>
         <wf lemma="." pos="X">.</wf>
      </sentence>
      <sentence id="d000.s3812" source="wordnet-hungarian">
         <instance id="d000.s3812.t000" lemma="kerül" pos="VERB">Kerülje</instance>
         <wf lemma="a" pos="X">a</wf>
         <wf lemma="cukros" pos="X">cukros</wf>
         <wf lemma="," pos="X">,</wf>
         <wf lemma="szénsavas" pos="X">szénsavas</wf>
         <wf lemma="italokat" pos="X">italokat</wf>
         <wf lemma="," pos="X">,</wf>
         <wf lemma="ha" pos="X">ha</wf>
         <wf lemma="egészséges" pos="X">egészséges</wf>
         <wf lemma="akar" pos="X">akar</wf>
         <wf lemma="maradni" pos="X">maradni</wf>
         <wf lemma="!" pos="X">!</wf>
      </sentence>
      <sentence id="d000.s3813" source="wordnet-hungarian">
         <wf lemma="Olyan" pos="X">Olyan</wf>
         <wf lemma="nagyétvágyú" pos="X">nagyétvágyú</wf>
         <instance id="d000.s3813.t000" lemma="olvasó" pos="NOUN">olvasó</instance>
         <wf lemma="," pos="X">,</wf>
         <wf lemma="hogy" pos="X">hogy</wf>
         <wf lemma="naponta" pos="X">naponta</wf>
         <wf lemma="olvas" pos="X">olvas</wf>
         <wf lemma="ki" pos="X">ki</wf>
         <wf lemma="egy" pos="X">egy</wf>
         <wf lemma="könyvet" pos="X">könyvet</wf>
         <wf lemma="." pos="X">.</wf>
      </sentence>
      <sentence id="d000.s3814" source="wordnet-hungarian">
         <wf lemma="Mindenkinek" pos="X">Mindenkinek</wf>
         <wf lemma="tudnia" pos="X">tudnia</wf>
         <wf lemma="kell" pos="X">kell</wf>
         <wf lemma="," pos="X">,</wf>
         <wf lemma="hogy" pos="X">hogy</wf>
         <wf lemma="nem" pos="X">nem</wf>
         <wf lemma="könnyű" pos="X">könnyű</wf>
         <wf lemma="megfelelni" pos="X">megfelelni</wf>
         <wf lemma="a" pos="X">a</wf>
         <instance id="d000.s3814.t000" lemma="japán" pos="NOUN">japánok</instance>
         <wf lemma="elvárásainak" pos="X">elvárásainak</wf>
         <wf lemma="." pos="X">.</wf>
      </sentence>
      <sentence id="d000.s3815" source="wordnet-hungarian">
         <wf lemma="A" pos="X">A</wf>
         <wf lemma="szerződés" pos="X">szerződés</wf>
         <wf lemma="12" pos="X">12</wf>
         <wf lemma="millió" pos="X">millió</wf>
         <wf lemma="körüli" pos="X">körüli</wf>
         <wf lemma="összeget" pos="X">összeget</wf>
         <instance id="d000.s3815.t000" lemma="hoz" pos="VERB">hoz</instance>
         <wf lemma="majd" pos="X">majd</wf>
         <wf lemma="a" pos="X">a</wf>
         <wf lemma="katalánoknak" pos="X">katalánoknak</wf>
         <wf lemma="." pos="X">.</wf>
      </sentence>
      <sentence id="d000.s3816" source="wordnet-hungarian">
         <wf lemma="Olyan" pos="X">Olyan</wf>
         <wf lemma="jó" pos="X">jó</wf>
         <wf lemma="orvos" pos="X">orvos</wf>
         <wf lemma="," pos="X">,</wf>
         <wf lemma="hogy" pos="X">hogy</wf>
         <instance id="d000.s3816.t000" lemma="hír" pos="NOUN">hírneve</instance>
         <wf lemma="messze" pos="X">messze</wf>
         <wf lemma="földön" pos="X">földön</wf>
         <wf lemma="is" pos="X">is</wf>
         <wf lemma="ismeretes" pos="X">ismeretes</wf>
         <wf lemma="." pos="X">.</wf>
      </sentence>
      <sentence id="d000.s3817" source="wordnet-hungarian">
         <wf lemma="A" pos="X">A</wf>
         <wf lemma="többi" pos="X">többi</wf>
         <wf lemma="hüvelyeshez" pos="X">hüvelyeshez</wf>
         <wf lemma="hasonlóan" pos="X">hasonlóan</wf>
         <wf lemma="a" pos="X">a</wf>
         <wf lemma="fejtett" pos="X">fejtett</wf>
         <instance id="d000.s3817.t000" lemma="bab" pos="NOUN">bab</instance>
         <wf lemma="is" pos="X">is</wf>
         <wf lemma="kitűnő" pos="X">kitűnő</wf>
         <wf lemma="fehérjeforrás" pos="X">fehérjeforrás</wf>
         <wf lemma="." pos="X">.</wf>
      </sentence>
      <sentence id="d000.s3818" source="wordnet-hungarian">
         <wf lemma="Az" pos="X">Az</wf>
         <instance id="d000.s3818.t000" lemma="anyaság" pos="NOUN">anyaság</instance>
         <wf lemma="mindig" pos="X">mindig</wf>
         <wf lemma="könnyebben" pos="X">könnyebben</wf>
         <wf lemma="tisztázható" pos="X">tisztázható</wf>
         <wf lemma="," pos="X">,</wf>
         <wf lemma="mint" pos="X">mint</wf>
         <wf lemma="az" pos="X">az</wf>
         <wf lemma="apaság" pos="X">apaság</wf>
         <wf lemma="." pos="X">.</wf>
      </sentence>
      <sentence id="d000.s3819" source="wordnet-hungarian">
         <wf lemma="Négy" pos="X">Négy</wf>
         <wf lemma="emberre" pos="X">emberre</wf>
         <wf lemma="van" pos="X">van</wf>
         <wf lemma="szükség" pos="X">szükség</wf>
         <wf lemma="ehhez" pos="X">ehhez</wf>
         <wf lemma="a" pos="X">a</wf>
         <instance id="d000.s3819.t000" lemma="játék" pos="NOUN">játékhoz</instance>
         <wf lemma="." pos="X">.</wf>
      </sentence>
      <sentence id="d000.s3820" source="wordnet-hungarian">
         <wf lemma="A" pos="X">A</wf>
         <instance id="d000.s3820.t000" lemma="karácsony" pos="NOUN">karácsonyt</instance>
         <wf lemma="családi" pos="X">családi</wf>
         <wf lemma="körben" pos="X">körben</wf>
         <wf lemma="ünnepeljük" pos="X">ünnepeljük</wf>
         <wf lemma="." pos="X">.</wf>
      </sentence>
      <sentence id="d000.s3821" source="wordnet-hungarian">
         <wf lemma="Impozáns" pos="X">Impozáns</wf>
         <instance id="d000.s3821.t000" lemma="épület" pos="NOUN">épület</instance>
         <wf lemma="." pos="X">.</wf>
      </sentence>
      <sentence id="d000.s3822" source="wordnet-hungarian">
         <wf lemma="Károly" pos="X">Károly</wf>
         <wf lemma="református" pos="X">református</wf>
         <wf lemma="," pos="X">,</wf>
         <wf lemma="de" pos="X">de</wf>
         <wf lemma="nem" pos="X">nem</wf>
         <instance id="d000.s3822.t000" lemma="gyakorol" pos="VERB">gyakorolja</instance>
         <wf lemma="a" pos="X">a</wf>
         <wf lemma="vallását" pos="X">vallását</wf>
         <wf lemma="." pos="X">.</wf>
      </sentence>
      <sentence id="d000.s3823" source="wordnet-hungarian">
         <wf lemma="Több" pos="X">Több</wf>
         <wf lemma="óra" pos="X">óra</wf>
         <instance id="d000.s3823.t000" lemma="gondolkodás" pos="NOUN">gondolkodás</instance>
         <wf lemma="után" pos="X">után</wf>
         <wf lemma="végül" pos="X">végül</wf>
         <wf lemma="elutasította" pos="X">elutasította</wf>
         <wf lemma="az" pos="X">az</wf>
         <wf lemma="ajánlatot" pos="X">ajánlatot</wf>
         <wf lemma="." pos="X">.</wf>
      </sentence>
      <sentence id="d000.s3824" source="wordnet-hungarian">
         <wf lemma="A" pos="X">A</wf>
         <wf lemma="ház" pos="X">ház</wf>
         <wf lemma="évekig" pos="X">évekig</wf>
         <wf lemma="üresen" pos="X">üresen</wf>
         <instance id="d000.s3824.t000" lemma="marad" pos="VERB">maradt</instance>
         <wf lemma="." pos="X">.</wf>
      </sentence>
      <sentence id="d000.s3825" source="wordnet-hungarian">
         <wf lemma="A" pos="X">A</wf>
         <instance id="d000.s3825.t000" lemma="cselekvő" pos="NOUN">cselekvő</instance>
         <wf lemma="határozza" pos="X">határozza</wf>
         <wf lemma="meg" pos="X">meg</wf>
         <wf lemma="," pos="X">,</wf>
         <wf lemma="hogy" pos="X">hogy</wf>
         <wf lemma="milyen" pos="X">milyen</wf>
         <wf lemma="irányt" pos="X">irányt</wf>
         <wf lemma="vesznek" pos="X">vesznek</wf>
         <wf lemma="az" pos="X">az</wf>
         <wf lemma="események" pos="X">események</wf>
         <wf lemma="." pos="X">.</wf>
      </sentence>
      <sentence id="d000.s3826" source="wordnet-hungarian">
         <wf lemma="Az" pos="X">Az</wf>
         <wf lemma="emberek" pos="X">emberek</wf>
         <wf lemma="java" pos="X">java</wf>
         <wf lemma="része" pos="X">része</wf>
         <wf lemma="akkora" pos="X">akkora</wf>
         <instance id="d000.s3826.t000" lemma="birka" pos="NOUN">birka</instance>
         <wf lemma="," pos="X">,</wf>
         <wf lemma="hogy" pos="X">hogy</wf>
         <wf lemma="észre" pos="X">észre</wf>
         <wf lemma="sem" pos="X">sem</wf>
         <wf lemma="veszi" pos="X">veszi</wf>
         <wf lemma="mit" pos="X">mit</wf>
         <wf lemma="kényszerítenek" pos="X">kényszerítenek</wf>
         <wf lemma="rá." pos="X">rá.</wf>
      </sentence>
      <sentence id="d000.s3827" source="wordnet-hungarian">
         <wf lemma="Az" pos="X">Az</wf>
         <instance id="d000.s3827.t000" lemma="államosítás" pos="NOUN">államosítás</instance>
         <wf lemma="után" pos="X">után</wf>
         <wf lemma="sokan" pos="X">sokan</wf>
         <wf lemma="föld" pos="X">föld</wf>
         <wf lemma="nélkül" pos="X">nélkül</wf>
         <wf lemma="maradtak" pos="X">maradtak</wf>
         <wf lemma="." pos="X">.</wf>
      </sentence>
      <sentence id="d000.s3828" source="wordnet-hungarian">
         <wf lemma="Növényi" pos="X">Növényi</wf>
         <instance id="d000.s3828.t000" lemma="inda" pos="NOUN">indákkal</instance>
         <wf lemma="és" pos="X">és</wf>
         <wf lemma="virágokkal" pos="X">virágokkal</wf>
         <wf lemma="díszítették" pos="X">díszítették</wf>
         <wf lemma="az" pos="X">az</wf>
         <wf lemma="emelvényt" pos="X">emelvényt</wf>
         <wf lemma="." pos="X">.</wf>
      </sentence>
      <sentence id="d000.s3829" source="wordnet-hungarian">
         <wf lemma="A" pos="X">A</wf>
         <wf lemma="csontok" pos="X">csontok</wf>
         <wf lemma="végein" pos="X">végein</wf>
         <wf lemma="lévő" pos="X">lévő</wf>
         <wf lemma="növekedési" pos="X">növekedési</wf>
         <instance id="d000.s3829.t000" lemma="lemez" pos="NOUN">lemez</instance>
         <wf lemma="termeli" pos="X">termeli</wf>
         <wf lemma="az" pos="X">az</wf>
         <wf lemma="új" pos="X">új</wf>
         <wf lemma="porcos" pos="X">porcos</wf>
         <wf lemma="részt" pos="X">részt</wf>
         <wf lemma="," pos="X">,</wf>
         <wf lemma="ami" pos="X">ami</wf>
         <wf lemma="növeli" pos="X">növeli</wf>
         <wf lemma="a" pos="X">a</wf>
         <wf lemma="csont" pos="X">csont</wf>
         <wf lemma="hosszát" pos="X">hosszát</wf>
         <wf lemma="." pos="X">.</wf>
      </sentence>
      <sentence id="d000.s3830" source="wordnet-hungarian">
         <wf lemma="Az" pos="X">Az</wf>
         <wf lemma="évközi" pos="X">évközi</wf>
         <instance id="d000.s3830.t000" lemma="idő" pos="NOUN">időből</instance>
         <wf lemma="a" pos="X">a</wf>
         <wf lemma="húsvéti" pos="X">húsvéti</wf>
         <wf lemma="időbe" pos="X">időbe</wf>
         <wf lemma="léptünk" pos="X">léptünk</wf>
         <wf lemma="." pos="X">.</wf>
      </sentence>
      <sentence id="d000.s3831" source="wordnet-hungarian">
         <wf lemma="A" pos="X">A</wf>
         <wf lemma="nagyszüleim" pos="X">nagyszüleim</wf>
         <wf lemma="az" pos="X">az</wf>
         <instance id="d000.s3831.t000" lemma="acélmű" pos="NOUN">acélműben</instance>
         <wf lemma="dolgoztak" pos="X">dolgoztak</wf>
         <wf lemma="egész" pos="X">egész</wf>
         <wf lemma="életükben" pos="X">életükben</wf>
         <wf lemma="." pos="X">.</wf>
      </sentence>
      <sentence id="d000.s3832" source="wordnet-hungarian">
         <wf lemma="Csak" pos="X">Csak</wf>
         <wf lemma="egy" pos="X">egy</wf>
         <wf lemma="háromszavas" pos="X">háromszavas</wf>
         <instance id="d000.s3832.t000" lemma="üzenet" pos="NOUN">üzenetet</instance>
         <wf lemma="kaptam" pos="X">kaptam</wf>
         <wf lemma="tőle" pos="X">tőle</wf>
         <wf lemma="." pos="X">.</wf>
      </sentence>
      <sentence id="d000.s3833" source="wordnet-hungarian">
         <wf lemma="Az" pos="X">Az</wf>
         <instance id="d000.s3833.t000" lemma="arbitrázs" pos="NOUN">arbitrázs</instance>
         <wf lemma="a" pos="X">a</wf>
         <wf lemma="piac" pos="X">piac</wf>
         <wf lemma="működési" pos="X">működési</wf>
         <wf lemma="," pos="X">,</wf>
         <wf lemma="árazási" pos="X">árazási</wf>
         <wf lemma="zavarait" pos="X">zavarait</wf>
         <wf lemma="kihasználó" pos="X">kihasználó</wf>
         <wf lemma="olyan" pos="X">olyan</wf>
         <wf lemma="ügylet" pos="X">ügylet</wf>
         <wf lemma="," pos="X">,</wf>
         <wf lemma="illetve" pos="X">illetve</wf>
         <wf lemma="ügyletek" pos="X">ügyletek</wf>
         <wf lemma="együttese" pos="X">együttese</wf>
         <wf lemma="," pos="X">,</wf>
         <wf lemma="melynek" pos="X">melynek</wf>
         <wf lemma="során" pos="X">során</wf>
         <wf lemma="kockázat" pos="X">kockázat</wf>
         <wf lemma="vállalása" pos="X">vállalása</wf>
         <wf lemma="nélkül" pos="X">nélkül</wf>
         <wf lemma="extraprofitra" pos="X">extraprofitra</wf>
         <wf lemma="teszünk" pos="X">teszünk</wf>
         <wf lemma="szert" pos="X">szert</wf>
         <wf lemma="." pos="X">.</wf>
      </sentence>
      <sentence id="d000.s3834" source="wordnet-hungarian">
         <wf lemma="Érzéseit" pos="X">Érzéseit</wf>
         <wf lemma="legtöbbször" pos="X">legtöbbször</wf>
         <instance id="d000.s3834.t000" lemma="vers" pos="NOUN">vers</instance>
         <wf lemma="formájában" pos="X">formájában</wf>
         <wf lemma="fejezi" pos="X">fejezi</wf>
         <wf lemma="ki" pos="X">ki</wf>
         <wf lemma="." pos="X">.</wf>
      </sentence>
      <sentence id="d000.s3835" source="wordnet-hungarian">
         <wf lemma="A" pos="X">A</wf>
         <instance id="d000.s3835.t000" lemma="teáskészlet" pos="NOUN">teáskészlethez</instance>
         <wf lemma="tartozik" pos="X">tartozik</wf>
         <wf lemma="egy" pos="X">egy</wf>
         <wf lemma="cukortartó" pos="X">cukortartó</wf>
         <wf lemma="is" pos="X">is</wf>
         <wf lemma="." pos="X">.</wf>
      </sentence>
      <sentence id="d000.s3836" source="wordnet-hungarian">
         <wf lemma="A" pos="X">A</wf>
         <instance id="d000.s3836.t000" lemma="zoroasztrizmus" pos="NOUN">zoroasztrizmus</instance>
         <wf lemma="szerint" pos="X">szerint</wf>
         <wf lemma="minden" pos="X">minden</wf>
         <wf lemma="gonoszság" pos="X">gonoszság</wf>
         <wf lemma="ősoka" pos="X">ősoka</wf>
         <wf lemma="egy" pos="X">egy</wf>
         <wf lemma="isteni" pos="X">isteni</wf>
         <wf lemma="lény" pos="X">lény</wf>
         <wf lemma="," pos="X">,</wf>
         <wf lemma="a" pos="X">a</wf>
         <wf lemma="gonosz" pos="X">gonosz</wf>
         <wf lemma="romboló" pos="X">romboló</wf>
         <wf lemma="lélek" pos="X">lélek</wf>
         <wf lemma="," pos="X">,</wf>
         <wf lemma="a" pos="X">a</wf>
         <wf lemma="zoroasztrizmus" pos="X">zoroasztrizmus</wf>
         <wf lemma="sátánja" pos="X">sátánja</wf>
         <wf lemma=":" pos="X">:</wf>
         <wf lemma="Angra" pos="X">Angra</wf>
         <wf lemma="Mainju" pos="X">Mainju</wf>
         <wf lemma="(" pos="X">(</wf>
         <wf lemma="későbbi" pos="X">későbbi</wf>
         <wf lemma="ejtéssel" pos="X">ejtéssel</wf>
         <wf lemma="Ahrimán" pos="X">Ahrimán</wf>
         <wf lemma=")" pos="X">)</wf>
         <wf lemma="." pos="X">.</wf>
      </sentence>
      <sentence id="d000.s3837" source="wordnet-hungarian">
         <wf lemma="Teljes" pos="X">Teljes</wf>
         <wf lemma="értékű" pos="X">értékű</wf>
         <wf lemma="fehérjéket" pos="X">fehérjéket</wf>
         <wf lemma="a" pos="X">a</wf>
         <instance id="d000.s3837.t000" lemma="szó" pos="NOUN">szója</instance>
         <wf lemma="mellett" pos="X">mellett</wf>
         <wf lemma="a" pos="X">a</wf>
         <wf lemma="húsokban" pos="X">húsokban</wf>
         <wf lemma="," pos="X">,</wf>
         <wf lemma="a" pos="X">a</wf>
         <wf lemma="halakban" pos="X">halakban</wf>
         <wf lemma="és" pos="X">és</wf>
         <wf lemma="a" pos="X">a</wf>
         <wf lemma="tojásban" pos="X">tojásban</wf>
         <wf lemma="találunk" pos="X">találunk</wf>
         <wf lemma=";" pos="X">;</wf>
         <wf lemma="míg" pos="X">míg</wf>
         <wf lemma="ezek" pos="X">ezek</wf>
         <wf lemma="fogyasztása" pos="X">fogyasztása</wf>
         <wf lemma="nem" pos="X">nem</wf>
         <wf lemma="kívánt" pos="X">kívánt</wf>
         <wf lemma="mellékhatásokkal" pos="X">mellékhatásokkal</wf>
         <wf lemma="járhat" pos="X">járhat</wf>
         <wf lemma="," pos="X">,</wf>
         <wf lemma="a" pos="X">a</wf>
         <wf lemma="szója" pos="X">szója</wf>
         <wf lemma="csak" pos="X">csak</wf>
         <wf lemma="jót" pos="X">jót</wf>
         <wf lemma="tesz" pos="X">tesz</wf>
         <wf lemma="velünk" pos="X">velünk</wf>
         <wf lemma="." pos="X">.</wf>
      </sentence>
      <sentence id="d000.s3838" source="wordnet-hungarian">
         <wf lemma="Az" pos="X">Az</wf>
         <instance id="d000.s3838.t000" lemma="alprogram" pos="NOUN">alprogramoknál</instance>
         <wf lemma="a" pos="X">a</wf>
         <wf lemma="paraméterlistát" pos="X">paraméterlistát</wf>
         <wf lemma="nem" pos="X">nem</wf>
         <wf lemma="kell" pos="X">kell</wf>
         <wf lemma="deklarálni" pos="X">deklarálni</wf>
         <wf lemma="," pos="X">,</wf>
         <wf lemma="mert" pos="X">mert</wf>
         <wf lemma="az" pos="X">az</wf>
         <wf lemma="változhat" pos="X">változhat</wf>
         <wf lemma="." pos="X">.</wf>
      </sentence>
      <sentence id="d000.s3839" source="wordnet-hungarian">
         <wf lemma="2006." pos="X">2006.</wf>
         <wf lemma="nyarán" pos="X">nyarán</wf>
         <wf lemma="standardizált" pos="X">standardizált</wf>
         <wf lemma="kérdőív" pos="X">kérdőív</wf>
         <wf lemma="segítségével" pos="X">segítségével</wf>
         <wf lemma="személyes" pos="X">személyes</wf>
         <wf lemma="megkérdezés" pos="X">megkérdezés</wf>
         <wf lemma="keretében" pos="X">keretében</wf>
         <instance id="d000.s3839.t000" lemma="piackutatás" pos="NOUN">piackutatást</instance>
         <wf lemma="végeztünk" pos="X">végeztünk</wf>
         <wf lemma="." pos="X">.</wf>
      </sentence>
      <sentence id="d000.s3840" source="wordnet-hungarian">
         <wf lemma="Lejátszott" pos="X">Lejátszott</wf>
         <wf lemma="egy" pos="X">egy</wf>
         <wf lemma="moll" pos="X">moll</wf>
         <instance id="d000.s3840.t000" lemma="hangsor" pos="NOUN">hangsort</instance>
         <wf lemma="a" pos="X">a</wf>
         <wf lemma="zongorán" pos="X">zongorán</wf>
         <wf lemma="." pos="X">.</wf>
      </sentence>
      <sentence id="d000.s3841" source="wordnet-hungarian">
         <wf lemma="Az" pos="X">Az</wf>
         <wf lemma="idei" pos="X">idei</wf>
         <wf lemma="második" pos="X">második</wf>
         <instance id="d000.s3841.t000" lemma="űrrepülés" pos="NOUN">űrrepülés</instance>
         <wf lemma="sikeresen" pos="X">sikeresen</wf>
         <wf lemma="zajlott" pos="X">zajlott</wf>
         <wf lemma="." pos="X">.</wf>
      </sentence>
      <sentence id="d000.s3842" source="wordnet-hungarian">
         <wf lemma="A" pos="X">A</wf>
         <instance id="d000.s3842.t000" lemma="kalcium" pos="NOUN">kalcium</instance>
         <wf lemma="az" pos="X">az</wf>
         <wf lemma="emberi" pos="X">emberi</wf>
         <wf lemma="szervezetben" pos="X">szervezetben</wf>
         <wf lemma="legnagyobb" pos="X">legnagyobb</wf>
         <wf lemma="mennyiségben" pos="X">mennyiségben</wf>
         <wf lemma="megtalálható" pos="X">megtalálható</wf>
         <wf lemma="ásványi" pos="X">ásványi</wf>
         <wf lemma="anyag" pos="X">anyag</wf>
         <wf lemma="." pos="X">.</wf>
      </sentence>
      <sentence id="d000.s3843" source="wordnet-hungarian">
         <wf lemma="Éjféltájt" pos="X">Éjféltájt</wf>
         <wf lemma="," pos="X">,</wf>
         <wf lemma="egy" pos="X">egy</wf>
         <wf lemma="kísértetszerű" pos="X">kísértetszerű</wf>
         <instance id="d000.s3843.t000" lemma="jelenség" pos="NOUN">jelenség</instance>
         <wf lemma="libegett" pos="X">libegett</wf>
         <wf lemma="át" pos="X">át</wf>
         <wf lemma="az" pos="X">az</wf>
         <wf lemma="enyhén" pos="X">enyhén</wf>
         <wf lemma="megvilágított" pos="X">megvilágított</wf>
         <wf lemma="szobán" pos="X">szobán</wf>
         <wf lemma="." pos="X">.</wf>
      </sentence>
      <sentence id="d000.s3844" source="wordnet-hungarian">
         <wf lemma="A" pos="X">A</wf>
         <wf lemma="telep" pos="X">telep</wf>
         <wf lemma="belső" pos="X">belső</wf>
         <instance id="d000.s3844.t000" lemma="ellenállás" pos="NOUN">ellenállása</instance>
         <wf lemma="elhanyagolható" pos="X">elhanyagolható</wf>
         <wf lemma="." pos="X">.</wf>
      </sentence>
      <sentence id="d000.s3845" source="wordnet-hungarian">
         <wf lemma="A" pos="X">A</wf>
         <wf lemma="testnedvek" pos="X">testnedvek</wf>
         <instance id="d000.s3845.t000" lemma="áramlás" pos="NOUN">áramlásának</instance>
         <wf lemma="vizsgálata" pos="X">vizsgálata</wf>
         <wf lemma="fontos" pos="X">fontos</wf>
         <wf lemma="szerepet" pos="X">szerepet</wf>
         <wf lemma="kapott" pos="X">kapott</wf>
         <wf lemma="az" pos="X">az</wf>
         <wf lemma="ókori" pos="X">ókori</wf>
         <wf lemma="orvoslásban" pos="X">orvoslásban</wf>
         <wf lemma="." pos="X">.</wf>
      </sentence>
      <sentence id="d000.s3846" source="wordnet-hungarian">
         <wf lemma="Pénzre" pos="X">Pénzre</wf>
         <wf lemma="volt" pos="X">volt</wf>
         <wf lemma="szüksége" pos="X">szüksége</wf>
         <wf lemma="," pos="X">,</wf>
         <wf lemma="ezért" pos="X">ezért</wf>
         <wf lemma="eladta" pos="X">eladta</wf>
         <wf lemma="a" pos="X">a</wf>
         <instance id="d000.s3846.t000" lemma="részvény" pos="NOUN">részvényeit</instance>
         <wf lemma="." pos="X">.</wf>
      </sentence>
      <sentence id="d000.s3847" source="wordnet-hungarian">
         <wf lemma="Túl" pos="X">Túl</wf>
         <wf lemma="erős" pos="X">erős</wf>
         <wf lemma="a" pos="X">a</wf>
         <instance id="d000.s3847.t000" lemma="reflektor" pos="NOUN">reflektorok</instance>
         <wf lemma="fénye" pos="X">fénye</wf>
         <wf lemma="." pos="X">.</wf>
      </sentence>
      <sentence id="d000.s3848" source="wordnet-hungarian">
         <wf lemma="A" pos="X">A</wf>
         <wf lemma="keskenylevelű" pos="X">keskenylevelű</wf>
         <instance id="d000.s3848.t000" lemma="ezüstfa" pos="NOUN">ezüstfát</instance>
         <wf lemma="magvetéssel" pos="X">magvetéssel</wf>
         <wf lemma="is" pos="X">is</wf>
         <wf lemma="jól" pos="X">jól</wf>
         <wf lemma="lehet" pos="X">lehet</wf>
         <wf lemma="szaporítani" pos="X">szaporítani</wf>
         <wf lemma="." pos="X">.</wf>
      </sentence>
      <sentence id="d000.s3849" source="wordnet-hungarian">
         <wf lemma="Hol" pos="X">Hol</wf>
         <instance id="d000.s3849.t000" lemma="van" pos="VERB">van</instance>
         <wf lemma="az" pos="X">az</wf>
         <wf lemma="esernyőm" pos="X">esernyőm</wf>
         <wf lemma="?" pos="X">?</wf>
      </sentence>
      <sentence id="d000.s3850" source="wordnet-hungarian">
         <wf lemma="Az" pos="X">Az</wf>
         <wf lemma="írás" pos="X">írás</wf>
         <wf lemma="nem" pos="X">nem</wf>
         <wf lemma="ezt" pos="X">ezt</wf>
         <instance id="d000.s3850.t000" lemma="mond" pos="VERB">mondja</instance>
         <wf lemma="." pos="X">.</wf>
      </sentence>
      <sentence id="d000.s3851" source="wordnet-hungarian">
         <wf lemma="A" pos="X">A</wf>
         <wf lemma="hét" pos="X">hét</wf>
         <wf lemma="szűk" pos="X">szűk</wf>
         <wf lemma="esztendőben" pos="X">esztendőben</wf>
         <wf lemma="az" pos="X">az</wf>
         <instance id="d000.s3851.t000" lemma="aszály" pos="NOUN">aszály</instance>
         <wf lemma="is" pos="X">is</wf>
         <wf lemma="a" pos="X">a</wf>
         <wf lemma="sorscsapások" pos="X">sorscsapások</wf>
         <wf lemma="közé" pos="X">közé</wf>
         <wf lemma="tartozott" pos="X">tartozott</wf>
         <wf lemma="." pos="X">.</wf>
      </sentence>
      <sentence id="d000.s3852" source="wordnet-hungarian">
         <wf lemma="A" pos="X">A</wf>
         <wf lemma="Földközi-tengert" pos="X">Földközi-tengert</wf>
         <wf lemma="a" pos="X">a</wf>
         <wf lemma="Vörös-tengerrel" pos="X">Vörös-tengerrel</wf>
         <wf lemma="összekötő" pos="X">összekötő</wf>
         <instance id="d000.s3852.t000" lemma="csatorna" pos="NOUN">csatorna</instance>
         <wf lemma="ötlete" pos="X">ötlete</wf>
         <wf lemma="már" pos="X">már</wf>
         <wf lemma="az" pos="X">az</wf>
         <wf lemma="ókori" pos="X">ókori</wf>
         <wf lemma="időkben" pos="X">időkben</wf>
         <wf lemma="felmerült" pos="X">felmerült</wf>
         <wf lemma="." pos="X">.</wf>
      </sentence>
      <sentence id="d000.s3853" source="wordnet-hungarian">
         <wf lemma="A" pos="X">A</wf>
         <instance id="d000.s3853.t000" lemma="fahéj" pos="NOUN">fahéj</instance>
         <wf lemma="illata" pos="X">illata</wf>
         <wf lemma="meleg" pos="X">meleg</wf>
         <wf lemma="," pos="X">,</wf>
         <wf lemma="fűszeres" pos="X">fűszeres</wf>
         <wf lemma="és" pos="X">és</wf>
         <wf lemma="édes" pos="X">édes</wf>
         <wf lemma="." pos="X">.</wf>
      </sentence>
      <sentence id="d000.s3854" source="wordnet-hungarian">
         <wf lemma="Az" pos="X">Az</wf>
         <instance id="d000.s3854.t000" lemma="erikafélék" pos="NOUN">erikafélék</instance>
         <wf lemma="a" pos="X">a</wf>
         <wf lemma="tőzeges" pos="X">tőzeges</wf>
         <wf lemma="talajt" pos="X">talajt</wf>
         <wf lemma="kedvelik" pos="X">kedvelik</wf>
         <wf lemma="." pos="X">.</wf>
      </sentence>
      <sentence id="d000.s3855" source="wordnet-hungarian">
         <wf lemma="A" pos="X">A</wf>
         <instance id="d000.s3855.t000" lemma="hulladék" pos="NOUN">hulladékot</instance>
         <wf lemma="össze" pos="X">össze</wf>
         <wf lemma="kell" pos="X">kell</wf>
         <wf lemma="gyűjteni" pos="X">gyűjteni</wf>
         <wf lemma="." pos="X">.</wf>
      </sentence>
      <sentence id="d000.s3856" source="wordnet-hungarian">
         <wf lemma="Az" pos="X">Az</wf>
         <wf lemma="őszi" pos="X">őszi</wf>
         <wf lemma="férfidivatot" pos="X">férfidivatot</wf>
         <wf lemma="a" pos="X">a</wf>
         <wf lemma="sportos" pos="X">sportos</wf>
         <wf lemma="," pos="X">,</wf>
         <wf lemma="játékos" pos="X">játékos</wf>
         <instance id="d000.s3856.t000" lemma="elegancia" pos="NOUN">elegancia</instance>
         <wf lemma="jellemzi" pos="X">jellemzi</wf>
         <wf lemma="." pos="X">.</wf>
      </sentence>
      <sentence id="d000.s3857" source="wordnet-hungarian">
         <wf lemma="Veled" pos="X">Veled</wf>
         <instance id="d000.s3857.t000" lemma="érez" pos="VERB">érzünk</instance>
         <wf lemma="," pos="X">,</wf>
         <wf lemma="Miki" pos="X">Miki</wf>
         <wf lemma="!" pos="X">!</wf>
      </sentence>
      <sentence id="d000.s3858" source="wordnet-hungarian">
         <wf lemma="A" pos="X">A</wf>
         <instance id="d000.s3858.t000" lemma="farmer" pos="NOUN">farmereket</instance>
         <wf lemma="is" pos="X">is</wf>
         <wf lemma="érintik" pos="X">érintik</wf>
         <wf lemma="a" pos="X">a</wf>
         <wf lemma="gazdasági" pos="X">gazdasági</wf>
         <wf lemma="megszorítások" pos="X">megszorítások</wf>
         <wf lemma="." pos="X">.</wf>
      </sentence>
      <sentence id="d000.s3859" source="wordnet-hungarian">
         <wf lemma="A" pos="X">A</wf>
         <instance id="d000.s3859.t000" lemma="szállítás" pos="NOUN">szállítással</instance>
         <wf lemma="foglalkozó" pos="X">foglalkozó</wf>
         <wf lemma="cégek" pos="X">cégek</wf>
         <wf lemma="nehézségekkel" pos="X">nehézségekkel</wf>
         <wf lemma="küzdenek" pos="X">küzdenek</wf>
         <wf lemma="." pos="X">.</wf>
      </sentence>
      <sentence id="d000.s3860" source="wordnet-hungarian">
         <wf lemma="Különböző" pos="X">Különböző</wf>
         <wf lemma="országok" pos="X">országok</wf>
         <instance id="d000.s3860.t000" lemma="fémpénz" pos="NOUN">fémpénzeit</instance>
         <wf lemma="gyűjti" pos="X">gyűjti</wf>
         <wf lemma="." pos="X">.</wf>
      </sentence>
      <sentence id="d000.s3861" source="wordnet-hungarian">
         <wf lemma="Egyáltalán" pos="X">Egyáltalán</wf>
         <wf lemma="nem" pos="X">nem</wf>
         <instance id="d000.s3861.t000" lemma="érez" pos="VERB">érzek</instance>
         <wf lemma="bántónak" pos="X">bántónak</wf>
         <wf lemma="egyetlen" pos="X">egyetlen</wf>
         <wf lemma="megszólalást" pos="X">megszólalást</wf>
         <wf lemma="sem" pos="X">sem</wf>
         <wf lemma="." pos="X">.</wf>
      </sentence>
      <sentence id="d000.s3862" source="wordnet-hungarian">
         <wf lemma="A" pos="X">A</wf>
         <instance id="d000.s3862.t000" lemma="diák" pos="NOUN">diákoknak</instance>
         <wf lemma="szinte" pos="X">szinte</wf>
         <wf lemma="mindenhol" pos="X">mindenhol</wf>
         <wf lemma="kedvezmény" pos="X">kedvezmény</wf>
         <wf lemma="jár" pos="X">jár</wf>
         <wf lemma="." pos="X">.</wf>
      </sentence>
      <sentence id="d000.s3863" source="wordnet-hungarian">
         <wf lemma="Az" pos="X">Az</wf>
         <instance id="d000.s3863.t000" lemma="ánizs" pos="NOUN">ánizs</instance>
         <wf lemma="pikánsan" pos="X">pikánsan</wf>
         <wf lemma="fűszeres" pos="X">fűszeres</wf>
         <wf lemma="," pos="X">,</wf>
         <wf lemma="enyhén" pos="X">enyhén</wf>
         <wf lemma="diós" pos="X">diós</wf>
         <wf lemma="aromája" pos="X">aromája</wf>
         <wf lemma="nem" pos="X">nem</wf>
         <wf lemma="hiányozhat" pos="X">hiányozhat</wf>
         <wf lemma="a" pos="X">a</wf>
         <wf lemma="híres" pos="X">híres</wf>
         <wf lemma="frankfurti" pos="X">frankfurti</wf>
         <wf lemma="zöld" pos="X">zöld</wf>
         <wf lemma="mártásból" pos="X">mártásból</wf>
         <wf lemma="." pos="X">.</wf>
      </sentence>
      <sentence id="d000.s3864" source="wordnet-hungarian">
         <wf lemma="Ez" pos="X">Ez</wf>
         <wf lemma="a" pos="X">a</wf>
         <wf lemma="hiba" pos="X">hiba</wf>
         <wf lemma="az" pos="X">az</wf>
         <wf lemma="állásába" pos="X">állásába</wf>
         <instance id="d000.s3864.t000" lemma="kerül" pos="VERB">került</instance>
         <wf lemma="." pos="X">.</wf>
      </sentence>
      <sentence id="d000.s3865" source="wordnet-hungarian">
         <wf lemma="A" pos="X">A</wf>
         <instance id="d000.s3865.t000" lemma="szingapúri" pos="NOUN">szingapúriak</instance>
         <wf lemma="szerint" pos="X">szerint</wf>
         <wf lemma="a" pos="X">a</wf>
         <wf lemma="botütésre" pos="X">botütésre</wf>
         <wf lemma="ítéltek" pos="X">ítéltek</wf>
         <wf lemma="szívesen" pos="X">szívesen</wf>
         <wf lemma="cserélnének" pos="X">cserélnének</wf>
         <wf lemma="el" pos="X">el</wf>
         <wf lemma="egyetlen" pos="X">egyetlen</wf>
         <wf lemma="botütést" pos="X">botütést</wf>
         <wf lemma="egy" pos="X">egy</wf>
         <wf lemma="teljes" pos="X">teljes</wf>
         <wf lemma="év" pos="X">év</wf>
         <wf lemma="börtönre" pos="X">börtönre</wf>
         <wf lemma="is" pos="X">is</wf>
         <wf lemma="." pos="X">.</wf>
      </sentence>
      <sentence id="d000.s3866" source="wordnet-hungarian">
         <instance id="d000.s3866.t000" lemma="október" pos="NOUN">Októberben</instance>
         <wf lemma="indul" pos="X">indul</wf>
         <wf lemma="az" pos="X">az</wf>
         <wf lemma="igazi" pos="X">igazi</wf>
         <wf lemma="szüret" pos="X">szüret</wf>
         <wf lemma="." pos="X">.</wf>
      </sentence>
      <sentence id="d000.s3867" source="wordnet-hungarian">
         <wf lemma="Tavasszal" pos="X">Tavasszal</wf>
         <wf lemma="a" pos="X">a</wf>
         <wf lemma="fákat" pos="X">fákat</wf>
         <instance id="d000.s3867.t000" lemma="rügy" pos="NOUN">rügyek</instance>
         <wf lemma="borítják" pos="X">borítják</wf>
         <wf lemma="." pos="X">.</wf>
      </sentence>
      <sentence id="d000.s3868" source="wordnet-hungarian">
         <wf lemma="A" pos="X">A</wf>
         <instance id="d000.s3868.t000" lemma="stressz" pos="NOUN">stressz</instance>
         <wf lemma="hatására" pos="X">hatására</wf>
         <wf lemma="a" pos="X">a</wf>
         <wf lemma="szervezetben" pos="X">szervezetben</wf>
         <wf lemma="fokozott" pos="X">fokozott</wf>
         <wf lemma="adrenalin" pos="X">adrenalin</wf>
         <wf lemma="termelés" pos="X">termelés</wf>
         <wf lemma="indul" pos="X">indul</wf>
         <wf lemma="meg" pos="X">meg</wf>
         <wf lemma="." pos="X">.</wf>
      </sentence>
      <sentence id="d000.s3869" source="wordnet-hungarian">
         <wf lemma="Ideáljai" pos="X">Ideáljai</wf>
         <wf lemma="határozták" pos="X">határozták</wf>
         <wf lemma="meg" pos="X">meg</wf>
         <wf lemma="karrierjének" pos="X">karrierjének</wf>
         <instance id="d000.s3869.t000" lemma="irány" pos="NOUN">irányát</instance>
         <wf lemma="is" pos="X">is</wf>
         <wf lemma="." pos="X">.</wf>
      </sentence>
      <sentence id="d000.s3870" source="wordnet-hungarian">
         <wf lemma="Nőtt" pos="X">Nőtt</wf>
         <wf lemma="," pos="X">,</wf>
         <wf lemma="növekedett" pos="X">növekedett</wf>
         <wf lemma="a" pos="X">a</wf>
         <wf lemma="kis" pos="X">kis</wf>
         <instance id="d000.s3870.t000" lemma="szellő" pos="NOUN">szellő</instance>
         <wf lemma="," pos="X">,</wf>
         <wf lemma="lassan" pos="X">lassan</wf>
         <wf lemma="tekintélyes" pos="X">tekintélyes</wf>
         <wf lemma="szél" pos="X">szél</wf>
         <wf lemma="lett" pos="X">lett</wf>
         <wf lemma="belőle" pos="X">belőle</wf>
         <wf lemma="." pos="X">.</wf>
      </sentence>
      <sentence id="d000.s3871" source="wordnet-hungarian">
         <wf lemma="Gyorsan" pos="X">Gyorsan</wf>
         <instance id="d000.s3871.t000" lemma="vesz" pos="VERB">vettünk</instance>
         <wf lemma="a" pos="X">a</wf>
         <wf lemma="cipőnket" pos="X">cipőnket</wf>
         <wf lemma="és" pos="X">és</wf>
         <wf lemma="rohantunk" pos="X">rohantunk</wf>
         <wf lemma="az" pos="X">az</wf>
         <wf lemma="iskolába" pos="X">iskolába</wf>
         <wf lemma="." pos="X">.</wf>
      </sentence>
      <sentence id="d000.s3872" source="wordnet-hungarian">
         <wf lemma="A" pos="X">A</wf>
         <instance id="d000.s3872.t000" lemma="parázs" pos="NOUN">parázs</instance>
         <wf lemma="közepén" pos="X">közepén</wf>
         <wf lemma="egy" pos="X">egy</wf>
         <wf lemma="kis" pos="X">kis</wf>
         <wf lemma="ördög" pos="X">ördög</wf>
         <wf lemma="ült" pos="X">ült</wf>
         <wf lemma="," pos="X">,</wf>
         <wf lemma="akit" pos="X">akit</wf>
         <wf lemma="Kapanyányi" pos="X">Kapanyányi</wf>
         <wf lemma="Monyóknak" pos="X">Monyóknak</wf>
         <wf lemma="hívtak" pos="X">hívtak</wf>
         <wf lemma="." pos="X">.</wf>
      </sentence>
      <sentence id="d000.s3873" source="wordnet-hungarian">
         <wf lemma="A" pos="X">A</wf>
         <wf lemma="feladat" pos="X">feladat</wf>
         <wf lemma="megoldása" pos="X">megoldása</wf>
         <wf lemma="nagy" pos="X">nagy</wf>
         <instance id="d000.s3873.t000" lemma="erőfeszítés" pos="NOUN">erőfeszítést</instance>
         <wf lemma="igényelt" pos="X">igényelt</wf>
         <wf lemma="." pos="X">.</wf>
      </sentence>
      <sentence id="d000.s3874" source="wordnet-hungarian">
         <wf lemma="A" pos="X">A</wf>
         <wf lemma="henger" pos="X">henger</wf>
         <instance id="d000.s3874.t000" lemma="fal" pos="NOUN">fala</instance>
         <wf lemma="kilyukadt" pos="X">kilyukadt</wf>
         <wf lemma="." pos="X">.</wf>
      </sentence>
      <sentence id="d000.s3875" source="wordnet-hungarian">
         <wf lemma="A" pos="X">A</wf>
         <wf lemma="nagyon" pos="X">nagyon</wf>
         <wf lemma="könnyű" pos="X">könnyű</wf>
         <wf lemma="elemek" pos="X">elemek</wf>
         <instance id="d000.s3875.t000" lemma="spektrum" pos="NOUN">spektruma</instance>
         <wf lemma="több" pos="X">több</wf>
         <wf lemma="halvány" pos="X">halvány</wf>
         <wf lemma="vonalat" pos="X">vonalat</wf>
         <wf lemma="is" pos="X">is</wf>
         <wf lemma="mutat" pos="X">mutat</wf>
         <wf lemma="." pos="X">.</wf>
      </sentence>
      <sentence id="d000.s3876" source="wordnet-hungarian">
         <wf lemma="A" pos="X">A</wf>
         <wf lemma="kastély" pos="X">kastély</wf>
         <wf lemma="a" pos="X">a</wf>
         <wf lemma="családra" pos="X">családra</wf>
         <instance id="d000.s3876.t000" lemma="marad" pos="VERB">maradt</instance>
         <wf lemma="." pos="X">.</wf>
      </sentence>
      <sentence id="d000.s3877" source="wordnet-hungarian">
         <wf lemma="Az" pos="X">Az</wf>
         <wf lemma="idei" pos="X">idei</wf>
         <instance id="d000.s3877.t000" lemma="évad" pos="NOUN">évad</instance>
         <wf lemma="sok" pos="X">sok</wf>
         <wf lemma="újdonsággal" pos="X">újdonsággal</wf>
         <wf lemma="kecsegtet" pos="X">kecsegtet</wf>
         <wf lemma="." pos="X">.</wf>
      </sentence>
      <sentence id="d000.s3878" source="wordnet-hungarian">
         <wf lemma="A" pos="X">A</wf>
         <wf lemma="pénzügyi" pos="X">pénzügyi</wf>
         <wf lemma="tárca" pos="X">tárca</wf>
         <wf lemma="élére" pos="X">élére</wf>
         <wf lemma="új" pos="X">új</wf>
         <instance id="d000.s3878.t000" lemma="miniszter" pos="NOUN">miniszter</instance>
         <wf lemma="kerül" pos="X">kerül</wf>
         <wf lemma="." pos="X">.</wf>
      </sentence>
      <sentence id="d000.s3879" source="wordnet-hungarian">
         <wf lemma="Gyilkosság" pos="X">Gyilkosság</wf>
         <wf lemma="vádjával" pos="X">vádjával</wf>
         <instance id="d000.s3879.t000" lemma="börtön" pos="NOUN">börtönbe</instance>
         <wf lemma="zárták" pos="X">zárták</wf>
         <wf lemma="." pos="X">.</wf>
      </sentence>
      <sentence id="d000.s3880" source="wordnet-hungarian">
         <wf lemma="Ez" pos="X">Ez</wf>
         <wf lemma="a" pos="X">a</wf>
         <instance id="d000.s3880.t000" lemma="méreg" pos="NOUN">méreg</instance>
         <wf lemma="emberre" pos="X">emberre</wf>
         <wf lemma="nem" pos="X">nem</wf>
         <wf lemma="ártalmas" pos="X">ártalmas</wf>
         <wf lemma="." pos="X">.</wf>
      </sentence>
      <sentence id="d000.s3881" source="wordnet-hungarian">
         <wf lemma="Éppen" pos="X">Éppen</wf>
         <wf lemma="egy" pos="X">egy</wf>
         <wf lemma="Mikulás" pos="X">Mikulás</wf>
         <instance id="d000.s3881.t000" lemma="alak" pos="NOUN">alakot</instance>
         <wf lemma="formázott" pos="X">formázott</wf>
         <wf lemma="." pos="X">.</wf>
      </sentence>
      <sentence id="d000.s3882" source="wordnet-hungarian">
         <wf lemma="A" pos="X">A</wf>
         <instance id="d000.s3882.t000" lemma="japán" pos="NOUN">japán</instance>
         <wf lemma="bonyolult" pos="X">bonyolult</wf>
         <wf lemma="nyelvnek" pos="X">nyelvnek</wf>
         <wf lemma="tűnik" pos="X">tűnik</wf>
         <wf lemma="." pos="X">.</wf>
      </sentence>
      <sentence id="d000.s3883" source="wordnet-hungarian">
         <wf lemma="A" pos="X">A</wf>
         <wf lemma="gyerekeknek" pos="X">gyerekeknek</wf>
         <wf lemma="nagyon" pos="X">nagyon</wf>
         <wf lemma="ízlett" pos="X">ízlett</wf>
         <wf lemma="az" pos="X">az</wf>
         <instance id="d000.s3883.t000" lemma="almalé" pos="NOUN">almalé</instance>
         <wf lemma="," pos="X">,</wf>
         <wf lemma="ami" pos="X">ami</wf>
         <wf lemma="a" pos="X">a</wf>
         <wf lemma="nagyszülők" pos="X">nagyszülők</wf>
         <wf lemma="almáskertjének" pos="X">almáskertjének</wf>
         <wf lemma="terméséből" pos="X">terméséből</wf>
         <wf lemma="készült" pos="X">készült</wf>
         <wf lemma="." pos="X">.</wf>
      </sentence>
      <sentence id="d000.s3884" source="wordnet-hungarian">
         <wf lemma="Lassul" pos="X">Lassul</wf>
         <wf lemma="a" pos="X">a</wf>
         <instance id="d000.s3884.t000" lemma="tempó" pos="NOUN">tempó</instance>
         <wf lemma="és" pos="X">és</wf>
         <wf lemma="a" pos="X">a</wf>
         <wf lemma="dallamosság" pos="X">dallamosság</wf>
         <wf lemma="ismét" pos="X">ismét</wf>
         <wf lemma="fájdalmasan" pos="X">fájdalmasan</wf>
         <wf lemma="idézi" pos="X">idézi</wf>
         <wf lemma="a" pos="X">a</wf>
         <wf lemma="c-moll" pos="X">c-moll</wf>
         <wf lemma="hangnemet" pos="X">hangnemet</wf>
         <wf lemma="." pos="X">.</wf>
      </sentence>
      <sentence id="d000.s3885" source="wordnet-hungarian">
         <wf lemma="Ez" pos="X">Ez</wf>
         <wf lemma="az" pos="X">az</wf>
         <wf lemma="ige" pos="X">ige</wf>
         <wf lemma="egyes" pos="X">egyes</wf>
         <wf lemma="szám" pos="X">szám</wf>
         <wf lemma="harmadik" pos="X">harmadik</wf>
         <instance id="d000.s3885.t000" lemma="személy" pos="NOUN">személyben</instance>
         <wf lemma="lett" pos="X">lett</wf>
         <wf lemma="ragozva" pos="X">ragozva</wf>
         <wf lemma="." pos="X">.</wf>
      </sentence>
      <sentence id="d000.s3886" source="wordnet-hungarian">
         <wf lemma="A" pos="X">A</wf>
         <wf lemma="kis" pos="X">kis</wf>
         <instance id="d000.s3886.t000" lemma="csavargó" pos="NOUN">csavargó</instance>
         <wf lemma="hosszú" pos="X">hosszú</wf>
         <wf lemma="útja" pos="X">útja</wf>
         <wf lemma="közben" pos="X">közben</wf>
         <wf lemma="egy" pos="X">egy</wf>
         <wf lemma="kazal" pos="X">kazal</wf>
         <wf lemma="oldalában" pos="X">oldalában</wf>
         <wf lemma="pihent" pos="X">pihent</wf>
         <wf lemma="meg" pos="X">meg</wf>
         <wf lemma="és" pos="X">és</wf>
         <wf lemma="hagymából" pos="X">hagymából</wf>
         <wf lemma="," pos="X">,</wf>
         <wf lemma="kenyérből" pos="X">kenyérből</wf>
         <wf lemma="jól" pos="X">jól</wf>
         <wf lemma="bereggelizett" pos="X">bereggelizett</wf>
         <wf lemma="." pos="X">.</wf>
      </sentence>
      <sentence id="d000.s3887" source="wordnet-hungarian">
         <wf lemma="A" pos="X">A</wf>
         <wf lemma="dolgozat" pos="X">dolgozat</wf>
         <instance id="d000.s3887.t000" lemma="felépítés" pos="NOUN">felépítése</instance>
         <wf lemma="az" pos="X">az</wf>
         <wf lemma="órai" pos="X">órai</wf>
         <wf lemma="anyagot" pos="X">anyagot</wf>
         <wf lemma="követte" pos="X">követte</wf>
         <wf lemma="." pos="X">.</wf>
      </sentence>
      <sentence id="d000.s3888" source="wordnet-hungarian">
         <wf lemma="A" pos="X">A</wf>
         <instance id="d000.s3888.t000" lemma="fém" pos="NOUN">fémek</instance>
         <wf lemma="egyik" pos="X">egyik</wf>
         <wf lemma="csoportjába" pos="X">csoportjába</wf>
         <wf lemma="tartozik" pos="X">tartozik</wf>
         <wf lemma="." pos="X">.</wf>
      </sentence>
      <sentence id="d000.s3889" source="wordnet-hungarian">
         <wf lemma="A" pos="X">A</wf>
         <wf lemma="betegség" pos="X">betegség</wf>
         <instance id="d000.s3889.t000" lemma="szabályozás" pos="NOUN">szabályozására</instance>
         <wf lemma="szigorú" pos="X">szigorú</wf>
         <wf lemma="intézkedéseket" pos="X">intézkedéseket</wf>
         <wf lemma="vezettek" pos="X">vezettek</wf>
         <wf lemma="be" pos="X">be</wf>
         <wf lemma="." pos="X">.</wf>
      </sentence>
      <sentence id="d000.s3890" source="wordnet-hungarian">
         <wf lemma="Mari" pos="X">Mari</wf>
         <wf lemma="okosnak" pos="X">okosnak</wf>
         <instance id="d000.s3890.t000" lemma="tűnik" pos="VERB">tűnik</instance>
         <wf lemma="." pos="X">.</wf>
      </sentence>
      <sentence id="d000.s3891" source="wordnet-hungarian">
         <wf lemma="Olajfolt" pos="X">Olajfolt</wf>
         <instance id="d000.s3891.t000" lemma="lebeg" pos="VERB">lebeg</instance>
         <wf lemma="az" pos="X">az</wf>
         <wf lemma="öbölben" pos="X">öbölben</wf>
         <wf lemma="." pos="X">.</wf>
      </sentence>
      <sentence id="d000.s3892" source="wordnet-hungarian">
         <wf lemma="A" pos="X">A</wf>
         <instance id="d000.s3892.t000" lemma="párolgás" pos="NOUN">párolgás</instance>
         <wf lemma="energiaigényes" pos="X">energiaigényes</wf>
         <wf lemma="halmazállapot-változás" pos="X">halmazállapot-változás</wf>
         <wf lemma="," pos="X">,</wf>
         <wf lemma="amelynek" pos="X">amelynek</wf>
         <wf lemma="energiaigénye" pos="X">energiaigénye</wf>
         <wf lemma="a" pos="X">a</wf>
         <wf lemma="párolgó" pos="X">párolgó</wf>
         <wf lemma="víz" pos="X">víz</wf>
         <wf lemma="hőmérsékletével" pos="X">hőmérsékletével</wf>
         <wf lemma="fordítottan" pos="X">fordítottan</wf>
         <wf lemma="arányos" pos="X">arányos</wf>
         <wf lemma="." pos="X">.</wf>
      </sentence>
      <sentence id="d000.s3893" source="wordnet-hungarian">
         <wf lemma="A" pos="X">A</wf>
         <wf lemma="kutyája" pos="X">kutyája</wf>
         <instance id="d000.s3893.t000" lemma="rühösség" pos="NOUN">rühösségben</instance>
         <wf lemma="szenved" pos="X">szenved</wf>
         <wf lemma="." pos="X">.</wf>
      </sentence>
      <sentence id="d000.s3894" source="wordnet-hungarian">
         <wf lemma="A" pos="X">A</wf>
         <instance id="d000.s3894.t000" lemma="telekommunikáció" pos="NOUN">telekommunikáció</instance>
         <wf lemma="fejlődéséről" pos="X">fejlődéséről</wf>
         <wf lemma="tartottak" pos="X">tartottak</wf>
         <wf lemma="előadást" pos="X">előadást</wf>
         <wf lemma="a" pos="X">a</wf>
         <wf lemma="szakembereknek" pos="X">szakembereknek</wf>
         <wf lemma="." pos="X">.</wf>
      </sentence>
      <sentence id="d000.s3895" source="wordnet-hungarian">
         <wf lemma="A" pos="X">A</wf>
         <wf lemma="fémek" pos="X">fémek</wf>
         <instance id="d000.s3895.t000" lemma="vezet" pos="VERB">vezetik</instance>
         <wf lemma="a" pos="X">a</wf>
         <wf lemma="hőt" pos="X">hőt</wf>
         <wf lemma="." pos="X">.</wf>
      </sentence>
      <sentence id="d000.s3896" source="wordnet-hungarian">
         <wf lemma="A" pos="X">A</wf>
         <wf lemma="csoport" pos="X">csoport</wf>
         <wf lemma="idős" pos="X">idős</wf>
         <wf lemma="tagjain" pos="X">tagjain</wf>
         <wf lemma="a" pos="X">a</wf>
         <instance id="d000.s3896.t000" lemma="hanyatlás" pos="NOUN">hanyatlás</instance>
         <wf lemma="jelei" pos="X">jelei</wf>
         <wf lemma="mutatkoznak" pos="X">mutatkoznak</wf>
         <wf lemma="." pos="X">.</wf>
      </sentence>
      <sentence id="d000.s3897" source="wordnet-hungarian">
         <instance id="d000.s3897.t000" lemma="ficam" pos="NOUN">Ficam</instance>
         <wf lemma="esetén" pos="X">esetén</wf>
         <wf lemma="a" pos="X">a</wf>
         <wf lemma="fejecs" pos="X">fejecs</wf>
         <wf lemma="kiugrik" pos="X">kiugrik</wf>
         <wf lemma="a" pos="X">a</wf>
         <wf lemma="vápából" pos="X">vápából</wf>
         <wf lemma="," pos="X">,</wf>
         <wf lemma="és" pos="X">és</wf>
         <wf lemma="nem" pos="X">nem</wf>
         <wf lemma="is" pos="X">is</wf>
         <wf lemma="tér" pos="X">tér</wf>
         <wf lemma="oda" pos="X">oda</wf>
         <wf lemma="vissza" pos="X">vissza</wf>
         <wf lemma="." pos="X">.</wf>
      </sentence>
      <sentence id="d000.s3898" source="wordnet-hungarian">
         <wf lemma="Az" pos="X">Az</wf>
         <wf lemma="egyezmény" pos="X">egyezmény</wf>
         <wf lemma="a" pos="X">a</wf>
         <wf lemma="józan" pos="X">józan</wf>
         <wf lemma="ész" pos="X">ész</wf>
         <instance id="d000.s3898.t000" lemma="diadal" pos="NOUN">diadala</instance>
         <wf lemma="volt" pos="X">volt</wf>
         <wf lemma="." pos="X">.</wf>
      </sentence>
      <sentence id="d000.s3899" source="wordnet-hungarian">
         <wf lemma="Tervének" pos="X">Tervének</wf>
         <instance id="d000.s3899.t000" lemma="eszköz" pos="NOUN">eszközéül</instance>
         <wf lemma="csakis" pos="X">csakis</wf>
         <wf lemma="a" pos="X">a</wf>
         <wf lemma="legközelebb" pos="X">legközelebb</wf>
         <wf lemma="álló" pos="X">álló</wf>
         <wf lemma="," pos="X">,</wf>
         <wf lemma="legbennfentesebb" pos="X">legbennfentesebb</wf>
         <wf lemma="embert" pos="X">embert</wf>
         <wf lemma="választhatta" pos="X">választhatta</wf>
         <wf lemma="." pos="X">.</wf>
      </sentence>
      <sentence id="d000.s3900" source="wordnet-hungarian">
         <wf lemma="A" pos="X">A</wf>
         <wf lemma="gyerekekek" pos="X">gyerekekek</wf>
         <instance id="d000.s3900.t000" lemma="didereg" pos="VERB">dideregnek</instance>
         <wf lemma="a" pos="X">a</wf>
         <wf lemma="hideg" pos="X">hideg</wf>
         <wf lemma="szobában" pos="X">szobában</wf>
         <wf lemma="," pos="X">,</wf>
         <wf lemma="be" pos="X">be</wf>
         <wf lemma="kell" pos="X">kell</wf>
         <wf lemma="fűteni" pos="X">fűteni</wf>
         <wf lemma="!" pos="X">!</wf>
      </sentence>
      <sentence id="d000.s3901" source="wordnet-hungarian">
         <wf lemma="A" pos="X">A</wf>
         <wf lemma="tárgyalások" pos="X">tárgyalások</wf>
         <instance id="d000.s3901.t000" lemma="zsákutca" pos="NOUN">zsákutcába</instance>
         <wf lemma="torkolltak" pos="X">torkolltak</wf>
         <wf lemma="." pos="X">.</wf>
      </sentence>
      <sentence id="d000.s3902" source="wordnet-hungarian">
         <wf lemma="A" pos="X">A</wf>
         <wf lemma="második" pos="X">második</wf>
         <instance id="d000.s3902.t000" lemma="harmad" pos="NOUN">harmad</instance>
         <wf lemma="vége" pos="X">vége</wf>
         <wf lemma="felé" pos="X">felé</wf>
         <wf lemma="járunk" pos="X">járunk</wf>
         <wf lemma="." pos="X">.</wf>
      </sentence>
      <sentence id="d000.s3903" source="wordnet-hungarian">
         <wf lemma="Még" pos="X">Még</wf>
         <wf lemma="egy" pos="X">egy</wf>
         <wf lemma="évig" pos="X">évig</wf>
         <instance id="d000.s3903.t000" lemma="marad" pos="VERB">maradt</instance>
         <wf lemma="alelnök" pos="X">alelnök</wf>
         <wf lemma="." pos="X">.</wf>
      </sentence>
      <sentence id="d000.s3904" source="wordnet-hungarian">
         <wf lemma="A" pos="X">A</wf>
         <wf lemma="déli" pos="X">déli</wf>
         <wf lemma="országokban" pos="X">országokban</wf>
         <wf lemma="sokan" pos="X">sokan</wf>
         <wf lemma="játszanak" pos="X">játszanak</wf>
         <instance id="d000.s3904.t000" lemma="csörgődob" pos="NOUN">csörgődobon</instance>
         <wf lemma="." pos="X">.</wf>
      </sentence>
      <sentence id="d000.s3905" source="wordnet-hungarian">
         <wf lemma="A" pos="X">A</wf>
         <wf lemma="betegsége" pos="X">betegsége</wf>
         <wf lemma="igazi" pos="X">igazi</wf>
         <instance id="d000.s3905.t000" lemma="megpróbáltatás" pos="NOUN">megpróbáltatás</instance>
         <wf lemma="." pos="X">.</wf>
      </sentence>
      <sentence id="d000.s3906" source="wordnet-hungarian">
         <wf lemma="Egy" pos="X">Egy</wf>
         <wf lemma="ciklikus" pos="X">ciklikus</wf>
         <wf lemma="iparágban" pos="X">iparágban</wf>
         <wf lemma="a" pos="X">a</wf>
         <instance id="d000.s3906.t000" lemma="bennfentes" pos="NOUN">bennfentesek</instance>
         <wf lemma="tudják" pos="X">tudják</wf>
         <wf lemma="legjobban" pos="X">legjobban</wf>
         <wf lemma="mikor" pos="X">mikor</wf>
         <wf lemma="érdemes" pos="X">érdemes</wf>
         <wf lemma="eladni" pos="X">eladni</wf>
         <wf lemma="." pos="X">.</wf>
      </sentence>
      <sentence id="d000.s3907" source="wordnet-hungarian">
         <instance id="d000.s3907.t000" lemma="harcol" pos="VERB">Harcolnunk</instance>
         <wf lemma="kell" pos="X">kell</wf>
         <wf lemma="a" pos="X">a</wf>
         <wf lemma="faji" pos="X">faji</wf>
         <wf lemma="előítéletek" pos="X">előítéletek</wf>
         <wf lemma="ellen" pos="X">ellen</wf>
         <wf lemma="." pos="X">.</wf>
      </sentence>
      <sentence id="d000.s3908" source="wordnet-hungarian">
         <wf lemma="A" pos="X">A</wf>
         <instance id="d000.s3908.t000" lemma="félhomály" pos="NOUN">félhomályban</instance>
         <wf lemma="csak" pos="X">csak</wf>
         <wf lemma="nehezen" pos="X">nehezen</wf>
         <wf lemma="ismerte" pos="X">ismerte</wf>
         <wf lemma="fel" pos="X">fel</wf>
         <wf lemma="a" pos="X">a</wf>
         <wf lemma="közeledő" pos="X">közeledő</wf>
         <wf lemma="alakban" pos="X">alakban</wf>
         <wf lemma="barátját" pos="X">barátját</wf>
         <wf lemma="." pos="X">.</wf>
      </sentence>
      <sentence id="d000.s3909" source="wordnet-hungarian">
         <wf lemma="Az" pos="X">Az</wf>
         <wf lemma="alváshoz" pos="X">alváshoz</wf>
         <instance id="d000.s3909.t000" lemma="csend" pos="NOUN">csendre</instance>
         <wf lemma="van" pos="X">van</wf>
         <wf lemma="szükség" pos="X">szükség</wf>
         <wf lemma="." pos="X">.</wf>
      </sentence>
      <sentence id="d000.s3910" source="wordnet-hungarian">
         <wf lemma="A" pos="X">A</wf>
         <wf lemma="hőre" pos="X">hőre</wf>
         <wf lemma="lágyuló" pos="X">lágyuló</wf>
         <wf lemma="gyurmát" pos="X">gyurmát</wf>
         <wf lemma="addig" pos="X">addig</wf>
         <wf lemma="kell" pos="X">kell</wf>
         <instance id="d000.s3910.t000" lemma="gyúr" pos="VERB">gyúrni</instance>
         <wf lemma="," pos="X">,</wf>
         <wf lemma="míg" pos="X">míg</wf>
         <wf lemma="képlékeny" pos="X">képlékeny</wf>
         <wf lemma="nem" pos="X">nem</wf>
         <wf lemma="lesz" pos="X">lesz</wf>
         <wf lemma="." pos="X">.</wf>
      </sentence>
      <sentence id="d000.s3911" source="wordnet-hungarian">
         <wf lemma="Mi" pos="X">Mi</wf>
         <wf lemma="a" pos="X">a</wf>
         <instance id="d000.s3911.t000" lemma="baj" pos="NOUN">baj</instance>
         <wf lemma="már" pos="X">már</wf>
         <wf lemma="megint" pos="X">megint</wf>
         <wf lemma="," pos="X">,</wf>
         <wf lemma="kisfiam" pos="X">kisfiam</wf>
         <wf lemma="?" pos="X">?</wf>
      </sentence>
      <sentence id="d000.s3912" source="wordnet-hungarian">
         <wf lemma="A" pos="X">A</wf>
         <instance id="d000.s3912.t000" lemma="kémcső" pos="NOUN">kémcsőben</instance>
         <wf lemma="elszíneződött" pos="X">elszíneződött</wf>
         <wf lemma="a" pos="X">a</wf>
         <wf lemma="folyadék" pos="X">folyadék</wf>
         <wf lemma="." pos="X">.</wf>
      </sentence>
      <sentence id="d000.s3913" source="wordnet-hungarian">
         <wf lemma="Az" pos="X">Az</wf>
         <instance id="d000.s3913.t000" lemma="íjász" pos="NOUN">íjászokat</instance>
         <wf lemma="," pos="X">,</wf>
         <wf lemma="gyakorlatilag" pos="X">gyakorlatilag</wf>
         <wf lemma="mindenki" pos="X">mindenki</wf>
         <wf lemma="," pos="X">,</wf>
         <wf lemma="minden" pos="X">minden</wf>
         <wf lemma="korban" pos="X">korban</wf>
         <wf lemma="," pos="X">,</wf>
         <wf lemma="általában" pos="X">általában</wf>
         <wf lemma="2-3" pos="X">2-3</wf>
         <wf lemma="sor" pos="X">sor</wf>
         <wf lemma="mélységben" pos="X">mélységben</wf>
         <wf lemma="állította" pos="X">állította</wf>
         <wf lemma="fel" pos="X">fel</wf>
         <wf lemma="." pos="X">.</wf>
      </sentence>
      <sentence id="d000.s3914" source="wordnet-hungarian">
         <wf lemma="Ha" pos="X">Ha</wf>
         <wf lemma="elmegyek" pos="X">elmegyek</wf>
         <wf lemma="a" pos="X">a</wf>
         <wf lemma="Niagara-vízeséshez" pos="X">Niagara-vízeséshez</wf>
         <wf lemma="," pos="X">,</wf>
         <wf lemma="ott" pos="X">ott</wf>
         <wf lemma="ülök" pos="X">ülök</wf>
         <wf lemma="és" pos="X">és</wf>
         <wf lemma="arra" pos="X">arra</wf>
         <wf lemma="gondolok" pos="X">gondolok</wf>
         <wf lemma="," pos="X">,</wf>
         <wf lemma="kétszáz" pos="X">kétszáz</wf>
         <wf lemma="évvel" pos="X">évvel</wf>
         <wf lemma="ezelőtt" pos="X">ezelőtt</wf>
         <wf lemma="," pos="X">,</wf>
         <wf lemma="ha" pos="X">ha</wf>
         <instance id="d000.s3914.t000" lemma="indián" pos="NOUN">indiánok</instance>
         <wf lemma="jártak" pos="X">jártak</wf>
         <wf lemma="erre" pos="X">erre</wf>
         <wf lemma="," pos="X">,</wf>
         <wf lemma="egyszeruen" pos="X">egyszeruen</wf>
         <wf lemma="leültek" pos="X">leültek</wf>
         <wf lemma="egy" pos="X">egy</wf>
         <wf lemma="fára" pos="X">fára</wf>
         <wf lemma="," pos="X">,</wf>
         <wf lemma="vagy" pos="X">vagy</wf>
         <wf lemma="a" pos="X">a</wf>
         <wf lemma="partra" pos="X">partra</wf>
         <wf lemma="," pos="X">,</wf>
         <wf lemma="s" pos="X">s</wf>
         <wf lemma="nekem" pos="X">nekem</wf>
         <wf lemma="most" pos="X">most</wf>
         <wf lemma="betonon" pos="X">betonon</wf>
         <wf lemma="kell" pos="X">kell</wf>
         <wf lemma="ülnöm" pos="X">ülnöm</wf>
         <wf lemma="." pos="X">.</wf>
      </sentence>
      <sentence id="d000.s3915" source="wordnet-hungarian">
         <wf lemma="Az" pos="X">Az</wf>
         <instance id="d000.s3915.t000" lemma="ichthyológia" pos="NOUN">ichthyológia</instance>
         <wf lemma="a" pos="X">a</wf>
         <wf lemma="kedvenc" pos="X">kedvenc</wf>
         <wf lemma="egyetemi" pos="X">egyetemi</wf>
         <wf lemma="tantárgyai" pos="X">tantárgyai</wf>
         <wf lemma="közé" pos="X">közé</wf>
         <wf lemma="tartozott" pos="X">tartozott</wf>
         <wf lemma="," pos="X">,</wf>
         <wf lemma="hiszen" pos="X">hiszen</wf>
         <wf lemma="imádott" pos="X">imádott</wf>
         <wf lemma="halakkal" pos="X">halakkal</wf>
         <wf lemma="foglalkozni" pos="X">foglalkozni</wf>
         <wf lemma="." pos="X">.</wf>
      </sentence>
      <sentence id="d000.s3916" source="wordnet-hungarian">
         <wf lemma="Az" pos="X">Az</wf>
         <instance id="d000.s3916.t000" lemma="ügy" pos="NOUN">ügyben</instance>
         <wf lemma="más" pos="X">más</wf>
         <wf lemma="nyomozót" pos="X">nyomozót</wf>
         <wf lemma="neveztek" pos="X">neveztek</wf>
         <wf lemma="ki" pos="X">ki</wf>
         <wf lemma="." pos="X">.</wf>
      </sentence>
      <sentence id="d000.s3917" source="wordnet-hungarian">
         <instance id="d000.s3917.t000" lemma="tánc" pos="NOUN">Táncot</instance>
         <wf lemma="lejtett" pos="X">lejtett</wf>
         <wf lemma="." pos="X">.</wf>
      </sentence>
      <sentence id="d000.s3918" source="wordnet-hungarian">
         <wf lemma="A" pos="X">A</wf>
         <wf lemma="szülők" pos="X">szülők</wf>
         <instance id="d000.s3918.t000" lemma="üdvözöl" pos="VERB">üdvözölték</instance>
         <wf lemma="az" pos="X">az</wf>
         <wf lemma="iskola" pos="X">iskola</wf>
         <wf lemma="új" pos="X">új</wf>
         <wf lemma="kezdeményezéseit" pos="X">kezdeményezéseit</wf>
         <wf lemma="." pos="X">.</wf>
      </sentence>
      <sentence id="d000.s3919" source="wordnet-hungarian">
         <wf lemma="A" pos="X">A</wf>
         <instance id="d000.s3919.t000" lemma="művész" pos="NOUN">művészek</instance>
         <wf lemma="életritmusa" pos="X">életritmusa</wf>
         <wf lemma="általában" pos="X">általában</wf>
         <wf lemma="eltér" pos="X">eltér</wf>
         <wf lemma="a" pos="X">a</wf>
         <wf lemma="szokásostól" pos="X">szokásostól</wf>
         <wf lemma="." pos="X">.</wf>
      </sentence>
      <sentence id="d000.s3920" source="wordnet-hungarian">
         <wf lemma="A" pos="X">A</wf>
         <wf lemma="búváremberek" pos="X">búváremberek</wf>
         <wf lemma="az" pos="X">az</wf>
         <instance id="d000.s3920.t000" lemma="uszony" pos="NOUN">uszonyok</instance>
         <wf lemma="segítségével" pos="X">segítségével</wf>
         <wf lemma="gyorsabban" pos="X">gyorsabban</wf>
         <wf lemma="úsztak" pos="X">úsztak</wf>
         <wf lemma="." pos="X">.</wf>
      </sentence>
      <sentence id="d000.s3921" source="wordnet-hungarian">
         <wf lemma="A" pos="X">A</wf>
         <instance id="d000.s3921.t000" lemma="búza" pos="NOUN">búza</instance>
         <wf lemma="a" pos="X">a</wf>
         <wf lemma="kukorica" pos="X">kukorica</wf>
         <wf lemma="után" pos="X">után</wf>
         <wf lemma="a" pos="X">a</wf>
         <wf lemma="világon" pos="X">világon</wf>
         <wf lemma="a" pos="X">a</wf>
         <wf lemma="második" pos="X">második</wf>
         <wf lemma="legnagyobb" pos="X">legnagyobb</wf>
         <wf lemma="mennyiségben" pos="X">mennyiségben</wf>
         <wf lemma="termesztett" pos="X">termesztett</wf>
         <wf lemma="gabonanövény" pos="X">gabonanövény</wf>
         <wf lemma="." pos="X">.</wf>
      </sentence>
      <sentence id="d000.s3922" source="wordnet-hungarian">
         <wf lemma="Valamivel" pos="X">Valamivel</wf>
         <wf lemma="ki" pos="X">ki</wf>
         <wf lemma="kell" pos="X">kell</wf>
         <wf lemma="tölteni" pos="X">tölteni</wf>
         <wf lemma="ezt" pos="X">ezt</wf>
         <wf lemma="az" pos="X">az</wf>
         <instance id="d000.s3922.t000" lemma="űr" pos="NOUN">űrt</instance>
         <wf lemma="." pos="X">.</wf>
      </sentence>
      <sentence id="d000.s3923" source="wordnet-hungarian">
         <wf lemma="Az" pos="X">Az</wf>
         <wf lemma="óvintézkedések" pos="X">óvintézkedések</wf>
         <wf lemma="bevezetéséért" pos="X">bevezetéséért</wf>
         <wf lemma="a" pos="X">a</wf>
         <instance id="d000.s3923.t000" lemma="város" pos="NOUN">város</instance>
         <wf lemma="felelős" pos="X">felelős</wf>
         <wf lemma="." pos="X">.</wf>
      </sentence>
      <sentence id="d000.s3924" source="wordnet-hungarian">
         <wf lemma="Mariska" pos="X">Mariska</wf>
         <wf lemma="és" pos="X">és</wf>
         <instance id="d000.s3924.t000" lemma="barátnő" pos="NOUN">barátnői</instance>
         <wf lemma="teadélutánt" pos="X">teadélutánt</wf>
         <wf lemma="szerveznek" pos="X">szerveznek</wf>
         <wf lemma="péntekre" pos="X">péntekre</wf>
         <wf lemma="új" pos="X">új</wf>
         <wf lemma="osztálytársaik" pos="X">osztálytársaik</wf>
         <wf lemma="számára" pos="X">számára</wf>
         <wf lemma="." pos="X">.</wf>
      </sentence>
      <sentence id="d000.s3925" source="wordnet-hungarian">
         <wf lemma="Teljes" pos="X">Teljes</wf>
         <wf lemma="jogú" pos="X">jogú</wf>
         <wf lemma="polgárok" pos="X">polgárok</wf>
         <wf lemma="csak" pos="X">csak</wf>
         <wf lemma="a" pos="X">a</wf>
         <instance id="d000.s3925.t000" lemma="spártai" pos="NOUN">spártaiak</instance>
         <wf lemma="lehettek" pos="X">lehettek</wf>
         <wf lemma="," pos="X">,</wf>
         <wf lemma="akik" pos="X">akik</wf>
         <wf lemma="között" pos="X">között</wf>
         <wf lemma="nem" pos="X">nem</wf>
         <wf lemma="alakult" pos="X">alakult</wf>
         <wf lemma="ki" pos="X">ki</wf>
         <wf lemma="vagyoni" pos="X">vagyoni</wf>
         <wf lemma="differenciálódás" pos="X">differenciálódás</wf>
         <wf lemma="." pos="X">.</wf>
      </sentence>
      <sentence id="d000.s3926" source="wordnet-hungarian">
         <wf lemma="A" pos="X">A</wf>
         <instance id="d000.s3926.t000" lemma="bíró" pos="NOUN">bíró</instance>
         <wf lemma="leléptette" pos="X">leléptette</wf>
         <wf lemma="a" pos="X">a</wf>
         <wf lemma="szabálytalankodó" pos="X">szabálytalankodó</wf>
         <wf lemma="ökölvívót" pos="X">ökölvívót</wf>
         <wf lemma="." pos="X">.</wf>
      </sentence>
      <sentence id="d000.s3927" source="wordnet-hungarian">
         <wf lemma="A" pos="X">A</wf>
         <instance id="d000.s3927.t000" lemma="tórium" pos="NOUN">tórium</instance>
         <wf lemma="maga" pos="X">maga</wf>
         <wf lemma="nem" pos="X">nem</wf>
         <wf lemma="hasadóképes" pos="X">hasadóképes</wf>
         <wf lemma="." pos="X">.</wf>
      </sentence>
      <sentence id="d000.s3928" source="wordnet-hungarian">
         <wf lemma="A" pos="X">A</wf>
         <instance id="d000.s3928.t000" lemma="reszelő" pos="NOUN">reszelőt</instance>
         <wf lemma="a" pos="X">a</wf>
         <wf lemma="kenyérben" pos="X">kenyérben</wf>
         <wf lemma="csempészték" pos="X">csempészték</wf>
         <wf lemma="be" pos="X">be</wf>
         <wf lemma="a" pos="X">a</wf>
         <wf lemma="bebörtönzött" pos="X">bebörtönzött</wf>
         <wf lemma="partizánoknak" pos="X">partizánoknak</wf>
         <wf lemma="." pos="X">.</wf>
      </sentence>
      <sentence id="d000.s3929" source="wordnet-hungarian">
         <wf lemma="A" pos="X">A</wf>
         <wf lemma="zongora" pos="X">zongora</wf>
         <wf lemma="a" pos="X">a</wf>
         <instance id="d000.s3929.t000" lemma="sarok" pos="NOUN">sarokban</instance>
         <wf lemma="állt" pos="X">állt</wf>
         <wf lemma="." pos="X">.</wf>
      </sentence>
      <sentence id="d000.s3930" source="wordnet-hungarian">
         <wf lemma="A" pos="X">A</wf>
         <wf lemma="hazai" pos="X">hazai</wf>
         <instance id="d000.s3930.t000" lemma="sajtó" pos="NOUN">sajtó</instance>
         <wf lemma="legsikeresebb" pos="X">legsikeresebb</wf>
         <wf lemma="," pos="X">,</wf>
         <wf lemma="legnagyobb" pos="X">legnagyobb</wf>
         <wf lemma="számban" pos="X">számban</wf>
         <wf lemma="fogyó" pos="X">fogyó</wf>
         <wf lemma="formája" pos="X">formája</wf>
         <wf lemma="bulvárlap" pos="X">bulvárlap</wf>
         <wf lemma="." pos="X">.</wf>
      </sentence>
      <sentence id="d000.s3931" source="wordnet-hungarian">
         <wf lemma="A" pos="X">A</wf>
         <wf lemma="csövek" pos="X">csövek</wf>
         <wf lemma="jól" pos="X">jól</wf>
         <instance id="d000.s3931.t000" lemma="áll" pos="VERB">állták</instance>
         <wf lemma="a" pos="X">a</wf>
         <wf lemma="fagyot" pos="X">fagyot</wf>
         <wf lemma="." pos="X">.</wf>
      </sentence>
      <sentence id="d000.s3932" source="wordnet-hungarian">
         <wf lemma="Az" pos="X">Az</wf>
         <wf lemma="erdei" pos="X">erdei</wf>
         <wf lemma="tisztáson" pos="X">tisztáson</wf>
         <wf lemma="végigszökellt" pos="X">végigszökellt</wf>
         <wf lemma="egy" pos="X">egy</wf>
         <instance id="d000.s3932.t000" lemma="őz" pos="NOUN">őz</instance>
         <wf lemma="." pos="X">.</wf>
      </sentence>
      <sentence id="d000.s3933" source="wordnet-hungarian">
         <wf lemma="A" pos="X">A</wf>
         <instance id="d000.s3933.t000" lemma="rabszolgaság" pos="NOUN">rabszolgaság</instance>
         <wf lemma="ellen" pos="X">ellen</wf>
         <wf lemma="számos" pos="X">számos</wf>
         <wf lemma="esetben" pos="X">esetben</wf>
         <wf lemma="fellázadtak" pos="X">fellázadtak</wf>
         <wf lemma="a" pos="X">a</wf>
         <wf lemma="történelem" pos="X">történelem</wf>
         <wf lemma="folyamán" pos="X">folyamán</wf>
         <wf lemma="." pos="X">.</wf>
      </sentence>
      <sentence id="d000.s3934" source="wordnet-hungarian">
         <wf lemma="A" pos="X">A</wf>
         <wf lemma="pozitív" pos="X">pozitív</wf>
         <wf lemma="elvárás" pos="X">elvárás</wf>
         <wf lemma="nem" pos="X">nem</wf>
         <wf lemma="garantálja" pos="X">garantálja</wf>
         <wf lemma="," pos="X">,</wf>
         <wf lemma="de" pos="X">de</wf>
         <wf lemma="növeli" pos="X">növeli</wf>
         <wf lemma="a" pos="X">a</wf>
         <instance id="d000.s3934.t000" lemma="gyógyulás" pos="NOUN">gyógyulás</instance>
         <wf lemma="valószínűségét" pos="X">valószínűségét</wf>
         <wf lemma="." pos="X">.</wf>
      </sentence>
      <sentence id="d000.s3935" source="wordnet-hungarian">
         <wf lemma="Steril" pos="X">Steril</wf>
         <wf lemma="," pos="X">,</wf>
         <wf lemma="folyékony" pos="X">folyékony</wf>
         <instance id="d000.s3935.t000" lemma="táptalaj" pos="NOUN">táptalaj</instance>
         <wf lemma="és" pos="X">és</wf>
         <wf lemma="minden" pos="X">minden</wf>
         <wf lemma="fajta" pos="X">fajta</wf>
         <wf lemma="egyéb" pos="X">egyéb</wf>
         <wf lemma="folyadék" pos="X">folyadék</wf>
         <wf lemma="adagolására" pos="X">adagolására</wf>
         <wf lemma="is" pos="X">is</wf>
         <wf lemma="alkalmas" pos="X">alkalmas</wf>
         <wf lemma="ez" pos="X">ez</wf>
         <wf lemma="a" pos="X">a</wf>
         <wf lemma="készülék" pos="X">készülék</wf>
         <wf lemma="." pos="X">.</wf>
      </sentence>
      <sentence id="d000.s3936" source="wordnet-hungarian">
         <instance id="d000.s3936.t000" lemma="lépés" pos="NOUN">Lépéseket</instance>
         <wf lemma="tettek" pos="X">tettek</wf>
         <wf lemma="azért" pos="X">azért</wf>
         <wf lemma="," pos="X">,</wf>
         <wf lemma="hogy" pos="X">hogy</wf>
         <wf lemma="találkozhassannak" pos="X">találkozhassannak</wf>
         <wf lemma="Budapesten" pos="X">Budapesten</wf>
         <wf lemma="." pos="X">.</wf>
      </sentence>
      <sentence id="d000.s3937" source="wordnet-hungarian">
         <wf lemma="Vigyázz" pos="X">Vigyázz</wf>
         <wf lemma="," pos="X">,</wf>
         <wf lemma="a" pos="X">a</wf>
         <instance id="d000.s3937.t000" lemma="tengerszem" pos="NOUN">tengerszem</instance>
         <wf lemma="nagyon" pos="X">nagyon</wf>
         <wf lemma="mély" pos="X">mély</wf>
         <wf lemma="." pos="X">.</wf>
      </sentence>
      <sentence id="d000.s3938" source="wordnet-hungarian">
         <wf lemma="Ennek" pos="X">Ennek</wf>
         <wf lemma="az" pos="X">az</wf>
         <wf lemma="optikának" pos="X">optikának</wf>
         <wf lemma="nagyobb" pos="X">nagyobb</wf>
         <instance id="d000.s3938.t000" lemma="fényerő" pos="NOUN">fényereje</instance>
         <wf lemma="van" pos="X">van</wf>
         <wf lemma="." pos="X">.</wf>
      </sentence>
      <sentence id="d000.s3939" source="wordnet-hungarian">
         <wf lemma="A" pos="X">A</wf>
         <wf lemma="tengeri" pos="X">tengeri</wf>
         <wf lemma="emlősök" pos="X">emlősök</wf>
         <instance id="d000.s3939.t000" lemma="szaporodás" pos="NOUN">szaporodása</instance>
         <wf lemma="igen" pos="X">igen</wf>
         <wf lemma="körülményes" pos="X">körülményes</wf>
         <wf lemma="." pos="X">.</wf>
      </sentence>
      <sentence id="d000.s3940" source="wordnet-hungarian">
         <wf lemma="Az" pos="X">Az</wf>
         <wf lemma="állatok" pos="X">állatok</wf>
         <wf lemma="nem" pos="X">nem</wf>
         <instance id="d000.s3940.t000" lemma="beszél" pos="VERB">beszélnek</instance>
         <wf lemma="." pos="X">.</wf>
      </sentence>
      <sentence id="d000.s3941" source="wordnet-hungarian">
         <wf lemma="Az" pos="X">Az</wf>
         <instance id="d000.s3941.t000" lemma="egyházatya" pos="NOUN">egyházatyák</instance>
         <wf lemma="tekintélyét" pos="X">tekintélyét</wf>
         <wf lemma="kell" pos="X">kell</wf>
         <wf lemma="követni" pos="X">követni</wf>
         <wf lemma="mindaddig" pos="X">mindaddig</wf>
         <wf lemma="," pos="X">,</wf>
         <wf lemma="amíg" pos="X">amíg</wf>
         <wf lemma="az" pos="X">az</wf>
         <wf lemma="összhangban" pos="X">összhangban</wf>
         <wf lemma="áll" pos="X">áll</wf>
         <wf lemma="a" pos="X">a</wf>
         <wf lemma="kinyilatkoztatással" pos="X">kinyilatkoztatással</wf>
         <wf lemma="." pos="X">.</wf>
      </sentence>
      <sentence id="d000.s3942" source="wordnet-hungarian">
         <wf lemma="Az" pos="X">Az</wf>
         <wf lemma="idealizált" pos="X">idealizált</wf>
         <wf lemma="ősi" pos="X">ősi</wf>
         <instance id="d000.s3942.t000" lemma="vadember" pos="NOUN">vadembert</instance>
         <wf lemma="boldogabbnak" pos="X">boldogabbnak</wf>
         <wf lemma="képzelték" pos="X">képzelték</wf>
         <wf lemma="koruk" pos="X">koruk</wf>
         <wf lemma="gyermekeinél" pos="X">gyermekeinél</wf>
         <wf lemma="." pos="X">.</wf>
      </sentence>
      <sentence id="d000.s3943" source="wordnet-hungarian">
         <wf lemma="Végtelen" pos="X">Végtelen</wf>
         <wf lemma="halmazok" pos="X">halmazok</wf>
         <instance id="d000.s3943.t000" lemma="összeg" pos="NOUN">összege</instance>
         <wf lemma="lehet" pos="X">lehet</wf>
         <wf lemma="véges" pos="X">véges</wf>
         <wf lemma="ugye" pos="X">ugye</wf>
         <wf lemma="?" pos="X">?</wf>
      </sentence>
      <sentence id="d000.s3944" source="wordnet-hungarian">
         <wf lemma="A" pos="X">A</wf>
         <instance id="d000.s3944.t000" lemma="barátnő" pos="NOUN">barátnője</instance>
         <wf lemma="mindig" pos="X">mindig</wf>
         <wf lemma="elengedi" pos="X">elengedi</wf>
         <wf lemma="egy" pos="X">egy</wf>
         <wf lemma="sörre" pos="X">sörre</wf>
         <wf lemma="a" pos="X">a</wf>
         <wf lemma="barátaival" pos="X">barátaival</wf>
         <wf lemma="." pos="X">.</wf>
      </sentence>
      <sentence id="d000.s3945" source="wordnet-hungarian">
         <wf lemma="A" pos="X">A</wf>
         <instance id="d000.s3945.t000" lemma="kivi" pos="NOUN">kivi</instance>
         <wf lemma="ásványi" pos="X">ásványi</wf>
         <wf lemma="sóban" pos="X">sóban</wf>
         <wf lemma="és" pos="X">és</wf>
         <wf lemma="vitaminban" pos="X">vitaminban</wf>
         <wf lemma="rendkívül" pos="X">rendkívül</wf>
         <wf lemma="gazdag" pos="X">gazdag</wf>
         <wf lemma="gyümölcs" pos="X">gyümölcs</wf>
         <wf lemma=";" pos="X">;</wf>
         <wf lemma="fontos" pos="X">fontos</wf>
         <wf lemma="nyomelemeket" pos="X">nyomelemeket</wf>
         <wf lemma="," pos="X">,</wf>
         <wf lemma="ballasztanyagokat" pos="X">ballasztanyagokat</wf>
         <wf lemma="," pos="X">,</wf>
         <wf lemma="ásványi" pos="X">ásványi</wf>
         <wf lemma="anyagokat" pos="X">anyagokat</wf>
         <wf lemma="," pos="X">,</wf>
         <wf lemma="E" pos="X">E</wf>
         <wf lemma="és" pos="X">és</wf>
         <wf lemma="C" pos="X">C</wf>
         <wf lemma="vitamint" pos="X">vitamint</wf>
         <wf lemma="tartalmaz" pos="X">tartalmaz</wf>
         <wf lemma="." pos="X">.</wf>
      </sentence>
      <sentence id="d000.s3946" source="wordnet-hungarian">
         <wf lemma="A" pos="X">A</wf>
         <instance id="d000.s3946.t000" lemma="depresszió" pos="NOUN">depresszió</instance>
         <wf lemma="nagyon" pos="X">nagyon</wf>
         <wf lemma="gyakori" pos="X">gyakori</wf>
         <wf lemma="," pos="X">,</wf>
         <wf lemma="bármikor" pos="X">bármikor</wf>
         <wf lemma="megjelenhet" pos="X">megjelenhet</wf>
         <wf lemma="egy" pos="X">egy</wf>
         <wf lemma="ember" pos="X">ember</wf>
         <wf lemma="életében" pos="X">életében</wf>
         <wf lemma="." pos="X">.</wf>
      </sentence>
      <sentence id="d000.s3947" source="wordnet-hungarian">
         <wf lemma="A" pos="X">A</wf>
         <instance id="d000.s3947.t000" lemma="király" pos="NOUN">király</instance>
         <wf lemma="sosem" pos="X">sosem</wf>
         <wf lemma="hagyta" pos="X">hagyta</wf>
         <wf lemma="cserben" pos="X">cserben</wf>
         <wf lemma="népét" pos="X">népét</wf>
         <wf lemma="és" pos="X">és</wf>
         <wf lemma="még" pos="X">még</wf>
         <wf lemma="a" pos="X">a</wf>
         <wf lemma="legnagyobb" pos="X">legnagyobb</wf>
         <wf lemma="nyomorban" pos="X">nyomorban</wf>
         <wf lemma="és" pos="X">és</wf>
         <wf lemma="veszélyben" pos="X">veszélyben</wf>
         <wf lemma="is" pos="X">is</wf>
         <wf lemma="velük" pos="X">velük</wf>
         <wf lemma="maradt" pos="X">maradt</wf>
         <wf lemma="." pos="X">.</wf>
      </sentence>
      <sentence id="d000.s3948" source="wordnet-hungarian">
         <wf lemma="Péter" pos="X">Péter</wf>
         <instance id="d000.s3948.t000" lemma="irányít" pos="VERB">irányítja</instance>
         <wf lemma="a" pos="X">a</wf>
         <wf lemma="céget" pos="X">céget</wf>
         <wf lemma="." pos="X">.</wf>
         <wf lemma="amíg" pos="X">amíg</wf>
         <wf lemma="Vili" pos="X">Vili</wf>
         <wf lemma="szabadságon" pos="X">szabadságon</wf>
         <wf lemma="van" pos="X">van</wf>
         <wf lemma="." pos="X">.</wf>
      </sentence>
      <sentence id="d000.s3949" source="wordnet-hungarian">
         <wf lemma="A" pos="X">A</wf>
         <wf lemma="kertem" pos="X">kertem</wf>
         <instance id="d000.s3949.t000" lemma="terület" pos="NOUN">területe</instance>
         <wf lemma="körülbelül" pos="X">körülbelül</wf>
         <wf lemma="2000" pos="X">2000</wf>
         <wf lemma="négyzetméter" pos="X">négyzetméter</wf>
         <wf lemma="." pos="X">.</wf>
      </sentence>
      <sentence id="d000.s3950" source="wordnet-hungarian">
         <wf lemma="A" pos="X">A</wf>
         <instance id="d000.s3950.t000" lemma="házasságkötés" pos="NOUN">házasságkötés</instance>
         <wf lemma="helyszíne" pos="X">helyszíne</wf>
         <wf lemma="a" pos="X">a</wf>
         <wf lemma="templom" pos="X">templom</wf>
         <wf lemma="lesz" pos="X">lesz</wf>
         <wf lemma="." pos="X">.</wf>
      </sentence>
      <sentence id="d000.s3951" source="wordnet-hungarian">
         <instance id="d000.s3951.t000" lemma="érez" pos="VERB">Érzem</instance>
         <wf lemma="," pos="X">,</wf>
         <wf lemma="hogy" pos="X">hogy</wf>
         <wf lemma="meg" pos="X">meg</wf>
         <wf lemma="fogjuk" pos="X">fogjuk</wf>
         <wf lemma="nyerni" pos="X">nyerni</wf>
         <wf lemma="a" pos="X">a</wf>
         <wf lemma="pályázatot" pos="X">pályázatot</wf>
         <wf lemma="." pos="X">.</wf>
      </sentence>
      <sentence id="d000.s3952" source="wordnet-hungarian">
         <wf lemma="A" pos="X">A</wf>
         <wf lemma="cica" pos="X">cica</wf>
         <wf lemma="kényelmes" pos="X">kényelmes</wf>
         <wf lemma="vackot" pos="X">vackot</wf>
         <instance id="d000.s3952.t000" lemma="épít" pos="VERB">épített</instance>
         <wf lemma="magának" pos="X">magának</wf>
         <wf lemma="a" pos="X">a</wf>
         <wf lemma="régi" pos="X">régi</wf>
         <wf lemma="pulóverekből" pos="X">pulóverekből</wf>
         <wf lemma="." pos="X">.</wf>
      </sentence>
      <sentence id="d000.s3953" source="wordnet-hungarian">
         <wf lemma="Ennek" pos="X">Ennek</wf>
         <wf lemma="a" pos="X">a</wf>
         <wf lemma="háznak" pos="X">háznak</wf>
         <wf lemma="a" pos="X">a</wf>
         <wf lemma="felépítéséhez" pos="X">felépítéséhez</wf>
         <wf lemma="különleges" pos="X">különleges</wf>
         <instance id="d000.s3953.t000" lemma="tégla" pos="NOUN">téglákra</instance>
         <wf lemma="van" pos="X">van</wf>
         <wf lemma="szükség" pos="X">szükség</wf>
         <wf lemma="." pos="X">.</wf>
      </sentence>
      <sentence id="d000.s3954" source="wordnet-hungarian">
         <wf lemma="Tanulmányozta" pos="X">Tanulmányozta</wf>
         <wf lemma="az" pos="X">az</wf>
         <wf lemma="egész" pos="X">egész</wf>
         <wf lemma="wagneri" pos="X">wagneri</wf>
         <instance id="d000.s3954.t000" lemma="életmű" pos="NOUN">életművet</instance>
         <wf lemma="." pos="X">.</wf>
      </sentence>
      <sentence id="d000.s3955" source="wordnet-hungarian">
         <wf lemma="Egy" pos="X">Egy</wf>
         <wf lemma="szatyornyi" pos="X">szatyornyi</wf>
         <instance id="d000.s3955.t000" lemma="konzerv" pos="NOUN">konzervet</instance>
         <wf lemma="hozott" pos="X">hozott</wf>
         <wf lemma="magával" pos="X">magával</wf>
         <wf lemma="a" pos="X">a</wf>
         <wf lemma="kempingezésre" pos="X">kempingezésre</wf>
         <wf lemma="," pos="X">,</wf>
         <wf lemma="hogy" pos="X">hogy</wf>
         <wf lemma="ne" pos="X">ne</wf>
         <wf lemma="legyen" pos="X">legyen</wf>
         <wf lemma="gondja" pos="X">gondja</wf>
         <wf lemma="a" pos="X">a</wf>
         <wf lemma="főzéssel" pos="X">főzéssel</wf>
         <wf lemma="." pos="X">.</wf>
      </sentence>
      <sentence id="d000.s3956" source="wordnet-hungarian">
         <wf lemma="A" pos="X">A</wf>
         <wf lemma="szekereket" pos="X">szekereket</wf>
         <instance id="d000.s3956.t000" lemma="fuvolás" pos="NOUN">fuvolások</instance>
         <wf lemma="," pos="X">,</wf>
         <wf lemma="őket" pos="X">őket</wf>
         <wf lemma="pedig" pos="X">pedig</wf>
         <wf lemma="az" pos="X">az</wf>
         <wf lemma="áldozatnak" pos="X">áldozatnak</wf>
         <wf lemma="kiszemelt" pos="X">kiszemelt</wf>
         <wf lemma="," pos="X">,</wf>
         <wf lemma="feldíszített" pos="X">feldíszített</wf>
         <wf lemma="bikák" pos="X">bikák</wf>
         <wf lemma="követték" pos="X">követték</wf>
         <wf lemma="." pos="X">.</wf>
      </sentence>
      <sentence id="d000.s3957" source="wordnet-hungarian">
         <wf lemma="A" pos="X">A</wf>
         <wf lemma="tőzsde" pos="X">tőzsde</wf>
         <wf lemma="a" pos="X">a</wf>
         <instance id="d000.s3957.t000" lemma="spekuláció" pos="NOUN">spekuláció</instance>
         <wf lemma="és" pos="X">és</wf>
         <wf lemma="a" pos="X">a</wf>
         <wf lemma="nyerészkedés" pos="X">nyerészkedés</wf>
         <wf lemma="melegágya" pos="X">melegágya</wf>
         <wf lemma="." pos="X">.</wf>
      </sentence>
      <sentence id="d000.s3958" source="wordnet-hungarian">
         <instance id="d000.s3958.t000" lemma="minta" pos="NOUN">Mintát</instance>
         <wf lemma="kell" pos="X">kell</wf>
         <wf lemma="vennünk" pos="X">vennünk</wf>
         <wf lemma="a" pos="X">a</wf>
         <wf lemma="vízből" pos="X">vízből</wf>
         <wf lemma="," pos="X">,</wf>
         <wf lemma="a" pos="X">a</wf>
         <wf lemma="szennyezőanyagszint" pos="X">szennyezőanyagszint</wf>
         <wf lemma="megállapításához" pos="X">megállapításához</wf>
         <wf lemma="." pos="X">.</wf>
      </sentence>
      <sentence id="d000.s3959" source="wordnet-hungarian">
         <wf lemma="A" pos="X">A</wf>
         <instance id="d000.s3959.t000" lemma="járda" pos="NOUN">járdán</instance>
         <wf lemma="biciklizz" pos="X">biciklizz</wf>
         <wf lemma="," pos="X">,</wf>
         <wf lemma="ne" pos="X">ne</wf>
         <wf lemma="az" pos="X">az</wf>
         <wf lemma="autók" pos="X">autók</wf>
         <wf lemma="között" pos="X">között</wf>
         <wf lemma="!" pos="X">!</wf>
      </sentence>
      <sentence id="d000.s3960" source="wordnet-hungarian">
         <wf lemma="Három" pos="X">Három</wf>
         <instance id="d000.s3960.t000" lemma="arany" pos="NOUN">arany</instance>
         <wf lemma="volt" pos="X">volt</wf>
         <wf lemma="a" pos="X">a</wf>
         <wf lemma="ló" pos="X">ló</wf>
         <wf lemma="ára" pos="X">ára</wf>
         <wf lemma="." pos="X">.</wf>
      </sentence>
      <sentence id="d000.s3961" source="wordnet-hungarian">
         <instance id="d000.s3961.t000" lemma="veszély" pos="NOUN">Veszély</instance>
         <wf lemma="leselkedett" pos="X">leselkedett</wf>
         <wf lemma="rájuk" pos="X">rájuk</wf>
         <wf lemma="." pos="X">.</wf>
      </sentence>
      <sentence id="d000.s3962" source="wordnet-hungarian">
         <instance id="d000.s3962.t000" lemma="név" pos="NOUN">Nevét</instance>
         <wf lemma="akarta" pos="X">akarta</wf>
         <wf lemma="tisztára" pos="X">tisztára</wf>
         <wf lemma="mosni" pos="X">mosni</wf>
         <wf lemma="." pos="X">.</wf>
      </sentence>
      <sentence id="d000.s3963" source="wordnet-hungarian">
         <wf lemma="Már" pos="X">Már</wf>
         <wf lemma="az" pos="X">az</wf>
         <wf lemma="egyetem" pos="X">egyetem</wf>
         <wf lemma="kezdetén" pos="X">kezdetén</wf>
         <wf lemma="érdeklődött" pos="X">érdeklődött</wf>
         <wf lemma="a" pos="X">a</wf>
         <instance id="d000.s3963.t000" lemma="fülészet" pos="NOUN">fülészet</instance>
         <wf lemma="iránt" pos="X">iránt</wf>
         <wf lemma="." pos="X">.</wf>
      </sentence>
      <sentence id="d000.s3964" source="wordnet-hungarian">
         <wf lemma="a" pos="X">a</wf>
         <wf lemma="törvény" pos="X">törvény</wf>
         <instance id="d000.s3964.t000" lemma="szó" pos="NOUN">szava</instance>
         <wf lemma="." pos="X">.</wf>
      </sentence>
      <sentence id="d000.s3965" source="wordnet-hungarian">
         <wf lemma="A" pos="X">A</wf>
         <wf lemma="cimicifuga" pos="X">cimicifuga</wf>
         <wf lemma="racemosa" pos="X">racemosa</wf>
         <wf lemma="valóban" pos="X">valóban</wf>
         <wf lemma="különösen" pos="X">különösen</wf>
         <wf lemma="fontos" pos="X">fontos</wf>
         <wf lemma="szerepet" pos="X">szerepet</wf>
         <wf lemma="játszik" pos="X">játszik</wf>
         <wf lemma="a" pos="X">a</wf>
         <instance id="d000.s3965.t000" lemma="nőgyógyászat" pos="NOUN">nőgyógyászatban</instance>
         <wf lemma="." pos="X">.</wf>
      </sentence>
      <sentence id="d000.s3966" source="wordnet-hungarian">
         <wf lemma="A" pos="X">A</wf>
         <instance id="d000.s3966.t000" lemma="datolya" pos="NOUN">datolyát</instance>
         <wf lemma="elsősorban" pos="X">elsősorban</wf>
         <wf lemma="arab" pos="X">arab</wf>
         <wf lemma="országokban" pos="X">országokban</wf>
         <wf lemma="," pos="X">,</wf>
         <wf lemma="mediterrán" pos="X">mediterrán</wf>
         <wf lemma="éghajlaton" pos="X">éghajlaton</wf>
         <wf lemma="termesztik" pos="X">termesztik</wf>
         <wf lemma="." pos="X">.</wf>
      </sentence>
      <sentence id="d000.s3967" source="wordnet-hungarian">
         <wf lemma="A" pos="X">A</wf>
         <instance id="d000.s3967.t000" lemma="polifónia" pos="NOUN">polifónia</instance>
         <wf lemma="a" pos="X">a</wf>
         <wf lemma="középkor" pos="X">középkor</wf>
         <wf lemma="és" pos="X">és</wf>
         <wf lemma="reneszánsz" pos="X">reneszánsz</wf>
         <wf lemma="többszólamú" pos="X">többszólamú</wf>
         <wf lemma="zenéjének" pos="X">zenéjének</wf>
         <wf lemma="az" pos="X">az</wf>
         <wf lemma="alapja" pos="X">alapja</wf>
         <wf lemma="," pos="X">,</wf>
         <wf lemma="csak" pos="X">csak</wf>
         <wf lemma="és" pos="X">és</wf>
         <wf lemma="kizárólag" pos="X">kizárólag</wf>
         <wf lemma="ilyen" pos="X">ilyen</wf>
         <wf lemma="művek" pos="X">művek</wf>
         <wf lemma="születtek" pos="X">születtek</wf>
         <wf lemma="." pos="X">.</wf>
      </sentence>
      <sentence id="d000.s3968" source="wordnet-hungarian">
         <wf lemma="A" pos="X">A</wf>
         <instance id="d000.s3968.t000" lemma="fogyasztó" pos="NOUN">fogyasztók</instance>
         <wf lemma="igényeinek" pos="X">igényeinek</wf>
         <wf lemma="felmérése" pos="X">felmérése</wf>
         <wf lemma="nem" pos="X">nem</wf>
         <wf lemma="kapott" pos="X">kapott</wf>
         <wf lemma="elég" pos="X">elég</wf>
         <wf lemma="hangsúlyt" pos="X">hangsúlyt</wf>
         <wf lemma="." pos="X">.</wf>
      </sentence>
      <sentence id="d000.s3969" source="wordnet-hungarian">
         <wf lemma="Egy" pos="X">Egy</wf>
         <instance id="d000.s3969.t000" lemma="korsó" pos="NOUN">korsó</instance>
         <wf lemma="sört" pos="X">sört</wf>
         <wf lemma="kérek" pos="X">kérek</wf>
         <wf lemma="." pos="X">.</wf>
      </sentence>
      <sentence id="d000.s3970" source="wordnet-hungarian">
         <wf lemma="A" pos="X">A</wf>
         <wf lemma="párttitkár" pos="X">párttitkár</wf>
         <wf lemma="a" pos="X">a</wf>
         <wf lemma="párthoz" pos="X">párthoz</wf>
         <wf lemma="való" pos="X">való</wf>
         <wf lemma="nagy" pos="X">nagy</wf>
         <instance id="d000.s3970.t000" lemma="hűség" pos="NOUN">hűségét</instance>
         <wf lemma="látva" pos="X">látva</wf>
         <wf lemma="elszégyellte" pos="X">elszégyellte</wf>
         <wf lemma="magát" pos="X">magát</wf>
         <wf lemma="." pos="X">.</wf>
      </sentence>
      <sentence id="d000.s3971" source="wordnet-hungarian">
         <wf lemma="Ma" pos="X">Ma</wf>
         <wf lemma="csak" pos="X">csak</wf>
         <wf lemma="alkoholmentes" pos="X">alkoholmentes</wf>
         <instance id="d000.s3971.t000" lemma="koktél" pos="NOUN">koktélokat</instance>
         <wf lemma="szolgálunk" pos="X">szolgálunk</wf>
         <wf lemma="fel" pos="X">fel</wf>
         <wf lemma="." pos="X">.</wf>
      </sentence>
      <sentence id="d000.s3972" source="wordnet-hungarian">
         <wf lemma="A" pos="X">A</wf>
         <instance id="d000.s3972.t000" lemma="csalánfélék" pos="NOUN">csalánfélék</instance>
         <wf lemma="közé" pos="X">közé</wf>
         <wf lemma="tartozó" pos="X">tartozó</wf>
         <wf lemma="közönséges" pos="X">közönséges</wf>
         <wf lemma="csalánt" pos="X">csalánt</wf>
         <wf lemma="használják" pos="X">használják</wf>
         <wf lemma="ételkészítésre" pos="X">ételkészítésre</wf>
         <wf lemma="is" pos="X">is</wf>
         <wf lemma="." pos="X">.</wf>
      </sentence>
      <sentence id="d000.s3973" source="wordnet-hungarian">
         <wf lemma="A" pos="X">A</wf>
         <wf lemma="salsa" pos="X">salsa</wf>
         <wf lemma="a" pos="X">a</wf>
         <wf lemma="New" pos="X">New</wf>
         <wf lemma="York-i" pos="X">York-i</wf>
         <instance id="d000.s3973.t000" lemma="kubai" pos="NOUN">kubaiak</instance>
         <wf lemma="körében" pos="X">körében</wf>
         <wf lemma="élte" pos="X">élte</wf>
         <wf lemma="virágkorát" pos="X">virágkorát</wf>
         <wf lemma="a" pos="X">a</wf>
         <wf lemma="hetvenes" pos="X">hetvenes</wf>
         <wf lemma="években" pos="X">években</wf>
         <wf lemma="." pos="X">.</wf>
      </sentence>
      <sentence id="d000.s3974" source="wordnet-hungarian">
         <wf lemma="A" pos="X">A</wf>
         <instance id="d000.s3974.t000" lemma="kötőszó" pos="NOUN">kötőszó</instance>
         <wf lemma="(" pos="X">(</wf>
         <wf lemma="latin" pos="X">latin</wf>
         <wf lemma="szóval" pos="X">szóval</wf>
         <wf lemma="conjuctio" pos="X">conjuctio</wf>
         <wf lemma=")" pos="X">)</wf>
         <wf lemma="olyan" pos="X">olyan</wf>
         <wf lemma="viszonyszó" pos="X">viszonyszó</wf>
         <wf lemma="," pos="X">,</wf>
         <wf lemma="ami" pos="X">ami</wf>
         <wf lemma="tagmondatokat" pos="X">tagmondatokat</wf>
         <wf lemma="köt" pos="X">köt</wf>
         <wf lemma="össze" pos="X">össze</wf>
         <wf lemma="egymással" pos="X">egymással</wf>
         <wf lemma="." pos="X">.</wf>
      </sentence>
      <sentence id="d000.s3975" source="wordnet-hungarian">
         <wf lemma="Peti" pos="X">Peti</wf>
         <wf lemma="kvarchomokból" pos="X">kvarchomokból</wf>
         <wf lemma="gyönyörű" pos="X">gyönyörű</wf>
         <wf lemma="üveget" pos="X">üveget</wf>
         <instance id="d000.s3975.t000" lemma="fúj" pos="VERB">fújt</instance>
         <wf lemma="." pos="X">.</wf>
      </sentence>
      <sentence id="d000.s3976" source="wordnet-hungarian">
         <wf lemma="A" pos="X">A</wf>
         <wf lemma="népszámlálás" pos="X">népszámlálás</wf>
         <wf lemma="során" pos="X">során</wf>
         <wf lemma="úgy" pos="X">úgy</wf>
         <instance id="d000.s3976.t000" lemma="talál" pos="VERB">találták</instance>
         <wf lemma="," pos="X">,</wf>
         <wf lemma="hogy" pos="X">hogy</wf>
         <wf lemma="a" pos="X">a</wf>
         <wf lemma="helyiek" pos="X">helyiek</wf>
         <wf lemma="közel" pos="X">közel</wf>
         <wf lemma="harmada" pos="X">harmada</wf>
         <wf lemma="református" pos="X">református</wf>
         <wf lemma="." pos="X">.</wf>
      </sentence>
      <sentence id="d000.s3977" source="wordnet-hungarian">
         <wf lemma="Miközben" pos="X">Miközben</wf>
         <wf lemma="az" pos="X">az</wf>
         <wf lemma="amerikaiak" pos="X">amerikaiak</wf>
         <wf lemma="túlsúlyosak" pos="X">túlsúlyosak</wf>
         <wf lemma="," pos="X">,</wf>
         <wf lemma="elhízottabbak" pos="X">elhízottabbak</wf>
         <wf lemma="," pos="X">,</wf>
         <wf lemma="az" pos="X">az</wf>
         <instance id="d000.s3977.t000" lemma="angol" pos="NOUN">angolok</instance>
         <wf lemma="körében" pos="X">körében</wf>
         <wf lemma="túlzott" pos="X">túlzott</wf>
         <wf lemma="az" pos="X">az</wf>
         <wf lemma="alkoholfogyasztás" pos="X">alkoholfogyasztás</wf>
         <wf lemma="." pos="X">.</wf>
      </sentence>
      <sentence id="d000.s3978" source="wordnet-hungarian">
         <wf lemma="Az" pos="X">Az</wf>
         <wf lemma="érzelgős" pos="X">érzelgős</wf>
         <instance id="d000.s3978.t000" lemma="kapitalista" pos="NOUN">kapitalistákat</instance>
         <wf lemma="is" pos="X">is</wf>
         <wf lemma="érdekli" pos="X">érdekli</wf>
         <wf lemma="a" pos="X">a</wf>
         <wf lemma="profit" pos="X">profit</wf>
         <wf lemma="." pos="X">.</wf>
      </sentence>
      <sentence id="d000.s3979" source="wordnet-hungarian">
         <wf lemma="A" pos="X">A</wf>
         <instance id="d000.s3979.t000" lemma="zebra" pos="NOUN">zebra</instance>
         <wf lemma="állatról" pos="X">állatról</wf>
         <wf lemma="kapta" pos="X">kapta</wf>
         <wf lemma="nevét" pos="X">nevét</wf>
         <wf lemma="a" pos="X">a</wf>
         <wf lemma="gyalogátkelő" pos="X">gyalogátkelő</wf>
         <wf lemma="." pos="X">.</wf>
      </sentence>
      <sentence id="d000.s3980" source="wordnet-hungarian">
         <wf lemma="A" pos="X">A</wf>
         <instance id="d000.s3980.t000" lemma="paleontológus" pos="NOUN">paleontológus</instance>
         <wf lemma="szakterülete" pos="X">szakterülete</wf>
         <wf lemma="a" pos="X">a</wf>
         <wf lemma="dinoszauruszok" pos="X">dinoszauruszok</wf>
         <wf lemma="voltak" pos="X">voltak</wf>
         <wf lemma="." pos="X">.</wf>
      </sentence>
      <sentence id="d000.s3981" source="wordnet-hungarian">
         <wf lemma="Csak" pos="X">Csak</wf>
         <wf lemma="a" pos="X">a</wf>
         <wf lemma="fizikai" pos="X">fizikai</wf>
         <wf lemma="érzékelés" pos="X">érzékelés</wf>
         <wf lemma="után" pos="X">után</wf>
         <wf lemma="fakadt" pos="X">fakadt</wf>
         <wf lemma="fel" pos="X">fel</wf>
         <wf lemma="Tamás" pos="X">Tamás</wf>
         <wf lemma="ajkán" pos="X">ajkán</wf>
         <wf lemma="a" pos="X">a</wf>
         <instance id="d000.s3981.t000" lemma="bizonyosság" pos="NOUN">bizonyosság</instance>
         <wf lemma="szava" pos="X">szava</wf>
         <wf lemma="." pos="X">.</wf>
      </sentence>
      <sentence id="d000.s3982" source="wordnet-hungarian">
         <wf lemma="Az" pos="X">Az</wf>
         <wf lemma="eredményből" pos="X">eredményből</wf>
         <wf lemma="jól" pos="X">jól</wf>
         <wf lemma="látszik" pos="X">látszik</wf>
         <wf lemma="," pos="X">,</wf>
         <wf lemma="hogy" pos="X">hogy</wf>
         <wf lemma="ez" pos="X">ez</wf>
         <wf lemma="a" pos="X">a</wf>
         <instance id="d000.s3982.t000" lemma="szögtávolság" pos="NOUN">szögtávolság</instance>
         <wf lemma="kisebb" pos="X">kisebb</wf>
         <wf lemma="hullámhosszú" pos="X">hullámhosszú</wf>
         <wf lemma="fény" pos="X">fény</wf>
         <wf lemma="és" pos="X">és</wf>
         <wf lemma="nagyobb" pos="X">nagyobb</wf>
         <wf lemma="átmérőjű" pos="X">átmérőjű</wf>
         <wf lemma="távcső" pos="X">távcső</wf>
         <wf lemma="alkalmazása" pos="X">alkalmazása</wf>
         <wf lemma="esetén" pos="X">esetén</wf>
         <wf lemma="csökkenthető" pos="X">csökkenthető</wf>
         <wf lemma="." pos="X">.</wf>
      </sentence>
      <sentence id="d000.s3983" source="wordnet-hungarian">
         <wf lemma="Az" pos="X">Az</wf>
         <wf lemma="ásatás" pos="X">ásatás</wf>
         <wf lemma="során" pos="X">során</wf>
         <wf lemma="nagy" pos="X">nagy</wf>
         <wf lemma="számú" pos="X">számú</wf>
         <instance id="d000.s3983.t000" lemma="kövület" pos="NOUN">kövületet</instance>
         <wf lemma="találtak" pos="X">találtak</wf>
         <wf lemma="." pos="X">.</wf>
      </sentence>
      <sentence id="d000.s3984" source="wordnet-hungarian">
         <wf lemma="A" pos="X">A</wf>
         <instance id="d000.s3984.t000" lemma="tömegkommunikáció" pos="NOUN">tömegkommunikáció</instance>
         <wf lemma="nagy" pos="X">nagy</wf>
         <wf lemma="mértékben" pos="X">mértékben</wf>
         <wf lemma="befolyásolja" pos="X">befolyásolja</wf>
         <wf lemma="az" pos="X">az</wf>
         <wf lemma="életünket" pos="X">életünket</wf>
         <wf lemma="." pos="X">.</wf>
      </sentence>
      <sentence id="d000.s3985" source="wordnet-hungarian">
         <wf lemma="Minden" pos="X">Minden</wf>
         <wf lemma="szervezet" pos="X">szervezet</wf>
         <wf lemma="több" pos="X">több</wf>
         <wf lemma="kisebb" pos="X">kisebb</wf>
         <instance id="d000.s3985.t000" lemma="egység" pos="NOUN">egységre</instance>
         <wf lemma="oszlik" pos="X">oszlik</wf>
         <wf lemma="." pos="X">.</wf>
      </sentence>
      <sentence id="d000.s3986" source="wordnet-hungarian">
         <wf lemma="A" pos="X">A</wf>
         <wf lemma="kislány" pos="X">kislány</wf>
         <wf lemma="szive" pos="X">szive</wf>
         <wf lemma="a" pos="X">a</wf>
         <wf lemma="masszázs" pos="X">masszázs</wf>
         <wf lemma="után" pos="X">után</wf>
         <wf lemma="ismét" pos="X">ismét</wf>
         <wf lemma="szabályosan" pos="X">szabályosan</wf>
         <instance id="d000.s3986.t000" lemma="ver" pos="VERB">vert</instance>
         <wf lemma="." pos="X">.</wf>
      </sentence>
      <sentence id="d000.s3987" source="wordnet-hungarian">
         <wf lemma="A" pos="X">A</wf>
         <wf lemma="Hewlett-Packard" pos="X">Hewlett-Packard</wf>
         <wf lemma="átvette" pos="X">átvette</wf>
         <wf lemma="a" pos="X">a</wf>
         <wf lemma="vezetést" pos="X">vezetést</wf>
         <wf lemma="a" pos="X">a</wf>
         <instance id="d000.s3987.t000" lemma="kiskereskedelem" pos="NOUN">kiskereskedelemben</instance>
         <wf lemma="értékesített" pos="X">értékesített</wf>
         <wf lemma="PC-k" pos="X">PC-k</wf>
         <wf lemma="területén" pos="X">területén</wf>
         <wf lemma="." pos="X">.</wf>
      </sentence>
      <sentence id="d000.s3988" source="wordnet-hungarian">
         <wf lemma="Az" pos="X">Az</wf>
         <wf lemma="árvíz" pos="X">árvíz</wf>
         <wf lemma="sújtotta" pos="X">sújtotta</wf>
         <wf lemma="vidékek" pos="X">vidékek</wf>
         <wf lemma="sürgős" pos="X">sürgős</wf>
         <instance id="d000.s3988.t000" lemma="segély" pos="NOUN">segélyekre</instance>
         <wf lemma="szorulnak" pos="X">szorulnak</wf>
         <wf lemma="." pos="X">.</wf>
      </sentence>
      <sentence id="d000.s3989" source="wordnet-hungarian">
         <wf lemma="Az" pos="X">Az</wf>
         <instance id="d000.s3989.t000" lemma="uruguayi" pos="NOUN">uruguayiak</instance>
         <wf lemma="sok" pos="X">sok</wf>
         <wf lemma="húst" pos="X">húst</wf>
         <wf lemma="esznek" pos="X">esznek</wf>
         <wf lemma="és" pos="X">és</wf>
         <wf lemma="nemzeti" pos="X">nemzeti</wf>
         <wf lemma="ételeik" pos="X">ételeik</wf>
         <wf lemma="a" pos="X">a</wf>
         <wf lemma="parrillada" pos="X">parrillada</wf>
         <wf lemma="," pos="X">,</wf>
         <wf lemma="a" pos="X">a</wf>
         <wf lemma="chivito" pos="X">chivito</wf>
         <wf lemma="és" pos="X">és</wf>
         <wf lemma="a" pos="X">a</wf>
         <wf lemma="tésztafélék" pos="X">tésztafélék</wf>
         <wf lemma="." pos="X">.</wf>
      </sentence>
      <sentence id="d000.s3990" source="wordnet-hungarian">
         <wf lemma="A" pos="X">A</wf>
         <instance id="d000.s3990.t000" lemma="mozgalom" pos="NOUN">mozgalom</instance>
         <wf lemma="egyik" pos="X">egyik</wf>
         <wf lemma="húzóemberét" pos="X">húzóemberét</wf>
         <wf lemma="letartóztatták" pos="X">letartóztatták</wf>
         <wf lemma="." pos="X">.</wf>
      </sentence>
      <sentence id="d000.s3991" source="wordnet-hungarian">
         <wf lemma="A" pos="X">A</wf>
         <instance id="d000.s3991.t000" lemma="kérődző" pos="NOUN">kérődző</instance>
         <wf lemma="állatok" pos="X">állatok</wf>
         <wf lemma="tehát" pos="X">tehát</wf>
         <wf lemma="nem" pos="X">nem</wf>
         <wf lemma="tudnak" pos="X">tudnak</wf>
         <wf lemma="egyszerre" pos="X">egyszerre</wf>
         <wf lemma="nagy" pos="X">nagy</wf>
         <wf lemma="mennyiségű" pos="X">mennyiségű</wf>
         <wf lemma="táplálékot" pos="X">táplálékot</wf>
         <wf lemma="felvenni" pos="X">felvenni</wf>
         <wf lemma="." pos="X">.</wf>
      </sentence>
      <sentence id="d000.s3992" source="wordnet-hungarian">
         <wf lemma="Ez" pos="X">Ez</wf>
         <wf lemma="a" pos="X">a</wf>
         <wf lemma="tétel" pos="X">tétel</wf>
         <wf lemma="nem" pos="X">nem</wf>
         <wf lemma="szerepel" pos="X">szerepel</wf>
         <wf lemma="a" pos="X">a</wf>
         <instance id="d000.s3992.t000" lemma="jegyzék" pos="NOUN">jegyzékben</instance>
         <wf lemma="." pos="X">.</wf>
      </sentence>
      <sentence id="d000.s3993" source="wordnet-hungarian">
         <wf lemma="A" pos="X">A</wf>
         <wf lemma="kisfiú" pos="X">kisfiú</wf>
         <wf lemma="kékre" pos="X">kékre</wf>
         <instance id="d000.s3993.t000" lemma="fest" pos="VERB">festette</instance>
         <wf lemma="az" pos="X">az</wf>
         <wf lemma="eget" pos="X">eget</wf>
         <wf lemma="." pos="X">.</wf>
      </sentence>
      <sentence id="d000.s3994" source="wordnet-hungarian">
         <wf lemma="A" pos="X">A</wf>
         <wf lemma="San" pos="X">San</wf>
         <wf lemma="Fernando" pos="X">Fernando</wf>
         <wf lemma="völgy" pos="X">völgy</wf>
         <wf lemma="és" pos="X">és</wf>
         <wf lemma="a" pos="X">a</wf>
         <wf lemma="nyugati" pos="X">nyugati</wf>
         <wf lemma="oldal" pos="X">oldal</wf>
         <wf lemma="a" pos="X">a</wf>
         <wf lemma="fehér" pos="X">fehér</wf>
         <wf lemma="terület" pos="X">terület</wf>
         <wf lemma="," pos="X">,</wf>
         <wf lemma="a" pos="X">a</wf>
         <instance id="d000.s3994.t000" lemma="mexikói-amerikai" pos="NOUN">mexikói-amerikaiak</instance>
         <wf lemma="pedig" pos="X">pedig</wf>
         <wf lemma="a" pos="X">a</wf>
         <wf lemma="keleti" pos="X">keleti</wf>
         <wf lemma="oldalt" pos="X">oldalt</wf>
         <wf lemma="népesítették" pos="X">népesítették</wf>
         <wf lemma="be" pos="X">be</wf>
         <wf lemma="." pos="X">.</wf>
      </sentence>
      <sentence id="d000.s3995" source="wordnet-hungarian">
         <wf lemma="A" pos="X">A</wf>
         <instance id="d000.s3995.t000" lemma="víz" pos="NOUN">víz</instance>
         <wf lemma="nélkülözhetetlen" pos="X">nélkülözhetetlen</wf>
         <wf lemma="az" pos="X">az</wf>
         <wf lemma="emberi" pos="X">emberi</wf>
         <wf lemma="élethez" pos="X">élethez</wf>
         <wf lemma="." pos="X">.</wf>
      </sentence>
      <sentence id="d000.s3996" source="wordnet-hungarian">
         <wf lemma="A" pos="X">A</wf>
         <wf lemma="többi" pos="X">többi</wf>
         <wf lemma="adatbank" pos="X">adatbank</wf>
         <wf lemma="felajánlóihoz" pos="X">felajánlóihoz</wf>
         <wf lemma="képest" pos="X">képest</wf>
         <wf lemma="lényeges" pos="X">lényeges</wf>
         <wf lemma="különbség" pos="X">különbség</wf>
         <wf lemma="a" pos="X">a</wf>
         <wf lemma="kedvezőbb" pos="X">kedvezőbb</wf>
         <wf lemma="offline" pos="X">offline</wf>
         <instance id="d000.s3996.t000" lemma="működés" pos="NOUN">működés</instance>
         <wf lemma="." pos="X">.</wf>
      </sentence>
      <sentence id="d000.s3997" source="wordnet-hungarian">
         <wf lemma="A" pos="X">A</wf>
         <wf lemma="tüdő" pos="X">tüdő</wf>
         <instance id="d000.s3997.t000" lemma="érrendszer" pos="NOUN">érrendszere</instance>
         <wf lemma="súlyosan" pos="X">súlyosan</wf>
         <wf lemma="károsodott" pos="X">károsodott</wf>
         <wf lemma="." pos="X">.</wf>
      </sentence>
      <sentence id="d000.s3998" source="wordnet-hungarian">
         <wf lemma="Egy" pos="X">Egy</wf>
         <wf lemma="hatlépcsős" pos="X">hatlépcsős</wf>
         <instance id="d000.s3998.t000" lemma="terv" pos="NOUN">tervet</instance>
         <wf lemma="vázolt" pos="X">vázolt</wf>
         <wf lemma="fel" pos="X">fel</wf>
         <wf lemma="a" pos="X">a</wf>
         <wf lemma="megbeszélésen" pos="X">megbeszélésen</wf>
         <wf lemma="." pos="X">.</wf>
      </sentence>
      <sentence id="d000.s3999" source="wordnet-hungarian">
         <wf lemma="A" pos="X">A</wf>
         <wf lemma="férjem" pos="X">férjem</wf>
         <wf lemma="és" pos="X">és</wf>
         <wf lemma="én" pos="X">én</wf>
         <wf lemma="szeretünk" pos="X">szeretünk</wf>
         <wf lemma="otthon" pos="X">otthon</wf>
         <wf lemma="zenére" pos="X">zenére</wf>
         <instance id="d000.s3999.t000" lemma="táncol" pos="VERB">táncolni</instance>
         <wf lemma="." pos="X">.</wf>
      </sentence>
      <sentence id="d000.s4000" source="wordnet-hungarian">
         <wf lemma="Kiütötte" pos="X">Kiütötte</wf>
         <wf lemma="az" pos="X">az</wf>
         <wf lemma="ellenfél" pos="X">ellenfél</wf>
         <instance id="d000.s4000.t000" lemma="futó" pos="NOUN">futóját</instance>
         <wf lemma="." pos="X">.</wf>
      </sentence>
      <sentence id="d000.s4001" source="wordnet-hungarian">
         <wf lemma="A" pos="X">A</wf>
         <wf lemma="magmakamrából" pos="X">magmakamrából</wf>
         <wf lemma="a" pos="X">a</wf>
         <instance id="d000.s4001.t000" lemma="kürtő" pos="NOUN">kürtőn</instance>
         <wf lemma="keresztül" pos="X">keresztül</wf>
         <wf lemma="folyékony" pos="X">folyékony</wf>
         <wf lemma="kőzetanyag" pos="X">kőzetanyag</wf>
         <wf lemma="került" pos="X">került</wf>
         <wf lemma="a" pos="X">a</wf>
         <wf lemma="felszínre" pos="X">felszínre</wf>
         <wf lemma="." pos="X">.</wf>
      </sentence>
      <sentence id="d000.s4002" source="wordnet-hungarian">
         <wf lemma="Hét" pos="X">Hét</wf>
         <wf lemma="ősmagyar" pos="X">ősmagyar</wf>
         <instance id="d000.s4002.t000" lemma="törzs" pos="NOUN">törzset</instance>
         <wf lemma="különböztetünk" pos="X">különböztetünk</wf>
         <wf lemma="meg" pos="X">meg</wf>
         <wf lemma="." pos="X">.</wf>
      </sentence>
      <sentence id="d000.s4003" source="wordnet-hungarian">
         <wf lemma="Körülbelül" pos="X">Körülbelül</wf>
         <wf lemma="510-560" pos="X">510-560</wf>
         <wf lemma="ezerre" pos="X">ezerre</wf>
         <wf lemma="tehető" pos="X">tehető</wf>
         <wf lemma="a" pos="X">a</wf>
         <instance id="d000.s4003.t000" lemma="társadalombiztosítás" pos="NOUN">társadalombiztosításban</instance>
         <wf lemma="az" pos="X">az</wf>
         <wf lemma="úgynevezett" pos="X">úgynevezett</wf>
         <wf lemma="klasszikus" pos="X">klasszikus</wf>
         <wf lemma="potyautasok" pos="X">potyautasok</wf>
         <wf lemma="száma" pos="X">száma</wf>
         <wf lemma="." pos="X">.</wf>
      </sentence>
      <sentence id="d000.s4004" source="wordnet-hungarian">
         <wf lemma="Az" pos="X">Az</wf>
         <instance id="d000.s4004.t000" lemma="emlékezés" pos="NOUN">emlékezés</instance>
         <wf lemma="segít" pos="X">segít</wf>
         <wf lemma="minket" pos="X">minket</wf>
         <wf lemma="," pos="X">,</wf>
         <wf lemma="hogy" pos="X">hogy</wf>
         <wf lemma="új" pos="X">új</wf>
         <wf lemma="ismeretek" pos="X">ismeretek</wf>
         <wf lemma="szerzése" pos="X">szerzése</wf>
         <wf lemma="közben" pos="X">közben</wf>
         <wf lemma="visszakapcsoljunk" pos="X">visszakapcsoljunk</wf>
         <wf lemma="már" pos="X">már</wf>
         <wf lemma="korábban" pos="X">korábban</wf>
         <wf lemma="megszerzettekhez" pos="X">megszerzettekhez</wf>
         <wf lemma="." pos="X">.</wf>
      </sentence>
      <sentence id="d000.s4005" source="wordnet-hungarian">
         <wf lemma="Tudományos" pos="X">Tudományos</wf>
         <instance id="d000.s4005.t000" lemma="központ" pos="NOUN">központ</instance>
         <wf lemma="." pos="X">.</wf>
      </sentence>
      <sentence id="d000.s4006" source="wordnet-hungarian">
         <wf lemma="A" pos="X">A</wf>
         <wf lemma="kénsav" pos="X">kénsav</wf>
         <wf lemma="vízzel" pos="X">vízzel</wf>
         <wf lemma="kombinálva" pos="X">kombinálva</wf>
         <wf lemma="az" pos="X">az</wf>
         <instance id="d000.s4006.t000" lemma="aeroszol" pos="NOUN">aeroszolok</instance>
         <wf lemma="egy" pos="X">egy</wf>
         <wf lemma="fő" pos="X">fő</wf>
         <wf lemma="forrása" pos="X">forrása</wf>
         <wf lemma="." pos="X">.</wf>
      </sentence>
      <sentence id="d000.s4007" source="wordnet-hungarian">
         <wf lemma="New" pos="X">New</wf>
         <wf lemma="York" pos="X">York</wf>
         <wf lemma="a" pos="X">a</wf>
         <wf lemma="világ" pos="X">világ</wf>
         <wf lemma="egyik" pos="X">egyik</wf>
         <wf lemma="leghatalmasabb" pos="X">leghatalmasabb</wf>
         <instance id="d000.s4007.t000" lemma="város" pos="NOUN">városa</instance>
         <wf lemma="." pos="X">.</wf>
      </sentence>
      <sentence id="d000.s4008" source="wordnet-hungarian">
         <wf lemma="Súlyos" pos="X">Súlyos</wf>
         <wf lemma="törzsfertőzöttség" pos="X">törzsfertőzöttség</wf>
         <wf lemma="esetnén" pos="X">esetnén</wf>
         <wf lemma="a" pos="X">a</wf>
         <instance id="d000.s4008.t000" lemma="gesztenyefa" pos="NOUN">gesztenyefát</instance>
         <wf lemma="ki" pos="X">ki</wf>
         <wf lemma="kell" pos="X">kell</wf>
         <wf lemma="vágni" pos="X">vágni</wf>
         <wf lemma="." pos="X">.</wf>
      </sentence>
      <sentence id="d000.s4009" source="wordnet-hungarian">
         <wf lemma="Semmi" pos="X">Semmi</wf>
         <wf lemma="sem" pos="X">sem</wf>
         <wf lemma="zavarta" pos="X">zavarta</wf>
         <wf lemma="meg" pos="X">meg</wf>
         <wf lemma="a" pos="X">a</wf>
         <instance id="d000.s4009.t000" lemma="nyugalom" pos="NOUN">nyugalmát</instance>
         <wf lemma="." pos="X">.</wf>
      </sentence>
      <sentence id="d000.s4010" source="wordnet-hungarian">
         <wf lemma="A" pos="X">A</wf>
         <wf lemma="vacsoránál" pos="X">vacsoránál</wf>
         <wf lemma="Jenő" pos="X">Jenő</wf>
         <wf lemma="alig" pos="X">alig</wf>
         <wf lemma="bírta" pos="X">bírta</wf>
         <instance id="d000.s4010.t000" lemma="lenyel" pos="VERB">lenyelni</instance>
         <wf lemma="a" pos="X">a</wf>
         <wf lemma="tintahalat" pos="X">tintahalat</wf>
         <wf lemma="." pos="X">.</wf>
      </sentence>
      <sentence id="d000.s4011" source="wordnet-hungarian">
         <wf lemma="A" pos="X">A</wf>
         <wf lemma="kísérlet" pos="X">kísérlet</wf>
         <instance id="d000.s4011.t000" lemma="alany" pos="NOUN">alanyait</instance>
         <wf lemma="az" pos="X">az</wf>
         <wf lemma="egyetem" pos="X">egyetem</wf>
         <wf lemma="diákjai" pos="X">diákjai</wf>
         <wf lemma="közül" pos="X">közül</wf>
         <wf lemma="válogattuk" pos="X">válogattuk</wf>
         <wf lemma="ki" pos="X">ki</wf>
         <wf lemma="." pos="X">.</wf>
      </sentence>
      <sentence id="d000.s4012" source="wordnet-hungarian">
         <wf lemma="Milyen" pos="X">Milyen</wf>
         <wf lemma="adósávba" pos="X">adósávba</wf>
         <instance id="d000.s4012.t000" lemma="esik" pos="VERB">esik</instance>
         <wf lemma="a" pos="X">a</wf>
         <wf lemma="jövedelmed" pos="X">jövedelmed</wf>
         <wf lemma="?" pos="X">?</wf>
      </sentence>
      <sentence id="d000.s4013" source="wordnet-hungarian">
         <instance id="d000.s4013.t000" lemma="fegyver" pos="NOUN">Fegyverükkel</instance>
         <wf lemma="súlyos" pos="X">súlyos</wf>
         <wf lemma="sérüléseket" pos="X">sérüléseket</wf>
         <wf lemma="okoztak" pos="X">okoztak</wf>
         <wf lemma="egymásnak" pos="X">egymásnak</wf>
         <wf lemma="." pos="X">.</wf>
      </sentence>
      <sentence id="d000.s4014" source="wordnet-hungarian">
         <wf lemma="A" pos="X">A</wf>
         <instance id="d000.s4014.t000" lemma="barna" pos="NOUN">barnát</instance>
         <wf lemma="választotta" pos="X">választotta</wf>
         <wf lemma="a" pos="X">a</wf>
         <wf lemma="konyhabútor" pos="X">konyhabútor</wf>
         <wf lemma="színének" pos="X">színének</wf>
         <wf lemma="." pos="X">.</wf>
      </sentence>
      <sentence id="d000.s4015" source="wordnet-hungarian">
         <wf lemma="A" pos="X">A</wf>
         <wf lemma="polgármester" pos="X">polgármester</wf>
         <wf lemma="beszédének" pos="X">beszédének</wf>
         <instance id="d000.s4015.t000" lemma="szöveg" pos="NOUN">szövegét</instance>
         <wf lemma="nyomtatott" pos="X">nyomtatott</wf>
         <wf lemma="formában" pos="X">formában</wf>
         <wf lemma="is" pos="X">is</wf>
         <wf lemma="kiadták" pos="X">kiadták</wf>
         <wf lemma="." pos="X">.</wf>
      </sentence>
      <sentence id="d000.s4016" source="wordnet-hungarian">
         <wf lemma="A" pos="X">A</wf>
         <instance id="d000.s4016.t000" lemma="keresztény" pos="NOUN">keresztények</instance>
         <wf lemma="egyistenhívőknek" pos="X">egyistenhívőknek</wf>
         <wf lemma="tartják" pos="X">tartják</wf>
         <wf lemma="magukat" pos="X">magukat</wf>
         <wf lemma="," pos="X">,</wf>
         <wf lemma="és" pos="X">és</wf>
         <wf lemma="néhány" pos="X">néhány</wf>
         <wf lemma="felekezet" pos="X">felekezet</wf>
         <wf lemma="kivételével" pos="X">kivételével</wf>
         <wf lemma="azt" pos="X">azt</wf>
         <wf lemma="vallják" pos="X">vallják</wf>
         <wf lemma="," pos="X">,</wf>
         <wf lemma="hogy" pos="X">hogy</wf>
         <wf lemma="az" pos="X">az</wf>
         <wf lemma="Egy" pos="X">Egy</wf>
         <wf lemma="Isten" pos="X">Isten</wf>
         <wf lemma="a" pos="X">a</wf>
         <wf lemma="Szentháromságot" pos="X">Szentháromságot</wf>
         <wf lemma="alkotó" pos="X">alkotó</wf>
         <wf lemma="három" pos="X">három</wf>
         <wf lemma="személyben" pos="X">személyben</wf>
         <wf lemma="(" pos="X">(</wf>
         <wf lemma="Atya" pos="X">Atya</wf>
         <wf lemma="," pos="X">,</wf>
         <wf lemma="Fiú" pos="X">Fiú</wf>
         <wf lemma="és" pos="X">és</wf>
         <wf lemma="Szentlélek" pos="X">Szentlélek</wf>
         <wf lemma=")" pos="X">)</wf>
         <wf lemma="," pos="X">,</wf>
         <wf lemma="mint" pos="X">mint</wf>
         <wf lemma="az" pos="X">az</wf>
         <wf lemma="Isten" pos="X">Isten</wf>
         <wf lemma="szétválaszthatatlan" pos="X">szétválaszthatatlan</wf>
         <wf lemma="lényegeiben" pos="X">lényegeiben</wf>
         <wf lemma="(" pos="X">(</wf>
         <wf lemma="hipostasis" pos="X">hipostasis</wf>
         <wf lemma=")" pos="X">)</wf>
         <wf lemma="létezik" pos="X">létezik</wf>
         <wf lemma="." pos="X">.</wf>
      </sentence>
      <sentence id="d000.s4017" source="wordnet-hungarian">
         <wf lemma="Az" pos="X">Az</wf>
         <instance id="d000.s4017.t000" lemma="összejövetel" pos="NOUN">összejövetel</instance>
         <wf lemma="tagjai" pos="X">tagjai</wf>
         <wf lemma="pezsgőt" pos="X">pezsgőt</wf>
         <wf lemma="iszogattak" pos="X">iszogattak</wf>
         <wf lemma="." pos="X">.</wf>
      </sentence>
      <sentence id="d000.s4018" source="wordnet-hungarian">
         <wf lemma="A" pos="X">A</wf>
         <instance id="d000.s4018.t000" lemma="viselkedés" pos="NOUN">viselkedése</instance>
         <wf lemma="felháborító" pos="X">felháborító</wf>
         <wf lemma="," pos="X">,</wf>
         <wf lemma="nem" pos="X">nem</wf>
         <wf lemma="tüsszentünk" pos="X">tüsszentünk</wf>
         <wf lemma="zsebkendő" pos="X">zsebkendő</wf>
         <wf lemma="nélkül" pos="X">nélkül</wf>
         <wf lemma="!" pos="X">!</wf>
      </sentence>
      <sentence id="d000.s4019" source="wordnet-hungarian">
         <wf lemma="Energiáid" pos="X">Energiáid</wf>
         <wf lemma="megfelelő" pos="X">megfelelő</wf>
         <instance id="d000.s4019.t000" lemma="összpontosítás" pos="NOUN">összpontosításával</instance>
         <wf lemma="elérheted" pos="X">elérheted</wf>
         <wf lemma="céljaid" pos="X">céljaid</wf>
         <wf lemma="." pos="X">.</wf>
      </sentence>
      <sentence id="d000.s4020" source="wordnet-hungarian">
         <wf lemma="A" pos="X">A</wf>
         <wf lemma="tanuló" pos="X">tanuló</wf>
         <wf lemma="a" pos="X">a</wf>
         <wf lemma="táblára" pos="X">táblára</wf>
         <wf lemma="írta" pos="X">írta</wf>
         <wf lemma="fel" pos="X">fel</wf>
         <wf lemma="az" pos="X">az</wf>
         <instance id="d000.s4020.t000" lemma="osztás" pos="NOUN">osztás</instance>
         <wf lemma="eredményét" pos="X">eredményét</wf>
         <wf lemma="." pos="X">.</wf>
      </sentence>
      <sentence id="d000.s4021" source="wordnet-hungarian">
         <wf lemma="Egyre" pos="X">Egyre</wf>
         <wf lemma="több" pos="X">több</wf>
         <wf lemma="ember" pos="X">ember</wf>
         <wf lemma="foglalkozik" pos="X">foglalkozik</wf>
         <instance id="d000.s4021.t000" lemma="asztrológia" pos="NOUN">asztrológiával</instance>
         <wf lemma="manapság" pos="X">manapság</wf>
         <wf lemma="." pos="X">.</wf>
      </sentence>
      <sentence id="d000.s4022" source="wordnet-hungarian">
         <wf lemma="A" pos="X">A</wf>
         <wf lemma="fül" pos="X">fül</wf>
         <instance id="d000.s4022.t000" lemma="szerkezet" pos="NOUN">szerkezete</instance>
         <wf lemma="igen" pos="X">igen</wf>
         <wf lemma="bonyolult" pos="X">bonyolult</wf>
         <wf lemma="." pos="X">.</wf>
      </sentence>
      <sentence id="d000.s4023" source="wordnet-hungarian">
         <wf lemma="Az" pos="X">Az</wf>
         <wf lemma="első" pos="X">első</wf>
         <instance id="d000.s4023.t000" lemma="negyed" pos="NOUN">negyedben</instance>
         <wf lemma="a" pos="X">a</wf>
         <wf lemma="csapat" pos="X">csapat</wf>
         <wf lemma="kiegyenlített" pos="X">kiegyenlített</wf>
         <wf lemma="teljesítményt" pos="X">teljesítményt</wf>
         <wf lemma="nyújtott" pos="X">nyújtott</wf>
         <wf lemma="." pos="X">.</wf>
      </sentence>
      <sentence id="d000.s4024" source="wordnet-hungarian">
         <wf lemma="A" pos="X">A</wf>
         <instance id="d000.s4024.t000" lemma="gazdagság" pos="NOUN">gazdagság</instance>
         <wf lemma="nem" pos="X">nem</wf>
         <wf lemma="elég" pos="X">elég</wf>
         <wf lemma="a" pos="X">a</wf>
         <wf lemma="boldogsághoz" pos="X">boldogsághoz</wf>
         <wf lemma="." pos="X">.</wf>
      </sentence>
      <sentence id="d000.s4025" source="wordnet-hungarian">
         <wf lemma="A" pos="X">A</wf>
         <wf lemma="Mohács" pos="X">Mohács</wf>
         <wf lemma="utáni" pos="X">utáni</wf>
         <wf lemma="időkben" pos="X">időkben</wf>
         <wf lemma="legkedveltebb" pos="X">legkedveltebb</wf>
         <wf lemma="gondűző" pos="X">gondűző</wf>
         <wf lemma="foglalkozás" pos="X">foglalkozás</wf>
         <wf lemma="a" pos="X">a</wf>
         <instance id="d000.s4025.t000" lemma="vadászat" pos="NOUN">vadászat</instance>
         <wf lemma="volt" pos="X">volt</wf>
         <wf lemma="." pos="X">.</wf>
      </sentence>
      <sentence id="d000.s4026" source="wordnet-hungarian">
         <wf lemma="A" pos="X">A</wf>
         <wf lemma="nagymamám" pos="X">nagymamám</wf>
         <wf lemma="minden" pos="X">minden</wf>
         <wf lemma="nyáron" pos="X">nyáron</wf>
         <wf lemma="elvitt" pos="X">elvitt</wf>
         <wf lemma="a" pos="X">a</wf>
         <instance id="d000.s4026.t000" lemma="vidámpark" pos="NOUN">vidámparkba</instance>
         <wf lemma="." pos="X">.</wf>
      </sentence>
      <sentence id="d000.s4027" source="wordnet-hungarian">
         <wf lemma="A" pos="X">A</wf>
         <wf lemma="római" pos="X">római</wf>
         <instance id="d000.s4027.t000" lemma="katolikus" pos="NOUN">katolikusok</instance>
         <wf lemma="egyházszervezetének" pos="X">egyházszervezetének</wf>
         <wf lemma="élén" pos="X">élén</wf>
         <wf lemma="a" pos="X">a</wf>
         <wf lemma="Rómában" pos="X">Rómában</wf>
         <wf lemma="székelő" pos="X">székelő</wf>
         <wf lemma="pápa" pos="X">pápa</wf>
         <wf lemma="áll" pos="X">áll</wf>
         <wf lemma="." pos="X">.</wf>
      </sentence>
      <sentence id="d000.s4028" source="wordnet-hungarian">
         <wf lemma="Külön" pos="X">Külön</wf>
         <wf lemma="kis" pos="X">kis</wf>
         <instance id="d000.s4028.t000" lemma="világ" pos="NOUN">világokban</instance>
         <wf lemma="élünk" pos="X">élünk</wf>
         <wf lemma="," pos="X">,</wf>
         <wf lemma="te" pos="X">te</wf>
         <wf lemma="meg" pos="X">meg</wf>
         <wf lemma="én" pos="X">én</wf>
         <wf lemma="." pos="X">.</wf>
      </sentence>
      <sentence id="d000.s4029" source="wordnet-hungarian">
         <wf lemma="A" pos="X">A</wf>
         <instance id="d000.s4029.t000" lemma="meghívott" pos="NOUN">meghívottakat</instance>
         <wf lemma="a" pos="X">a</wf>
         <wf lemma="vendéglátó" pos="X">vendéglátó</wf>
         <wf lemma="az" pos="X">az</wf>
         <wf lemma="ajtóban" pos="X">ajtóban</wf>
         <wf lemma="fogadta" pos="X">fogadta</wf>
         <wf lemma="." pos="X">.</wf>
      </sentence>
      <sentence id="d000.s4030" source="wordnet-hungarian">
         <wf lemma="A" pos="X">A</wf>
         <wf lemma="maffiavezér" pos="X">maffiavezér</wf>
         <wf lemma="megparancsolta" pos="X">megparancsolta</wf>
         <wf lemma="," pos="X">,</wf>
         <wf lemma="hogy" pos="X">hogy</wf>
         <instance id="d000.s4030.t000" lemma="végez" pos="VERB">végezzenek</instance>
         <wf lemma="az" pos="X">az</wf>
         <wf lemma="ellenségeivel" pos="X">ellenségeivel</wf>
         <wf lemma="." pos="X">.</wf>
      </sentence>
      <sentence id="d000.s4031" source="wordnet-hungarian">
         <wf lemma="A" pos="X">A</wf>
         <wf lemma="fiú" pos="X">fiú</wf>
         <instance id="d000.s4031.t000" lemma="kézírás" pos="NOUN">kézírása</instance>
         <wf lemma="olvashatatlan" pos="X">olvashatatlan</wf>
         <wf lemma="volt" pos="X">volt</wf>
         <wf lemma="." pos="X">.</wf>
      </sentence>
      <sentence id="d000.s4032" source="wordnet-hungarian">
         <wf lemma="Kedvenc" pos="X">Kedvenc</wf>
         <wf lemma="színem" pos="X">színem</wf>
         <wf lemma="a" pos="X">a</wf>
         <instance id="d000.s4032.t000" lemma="fehér" pos="NOUN">fehér</instance>
         <wf lemma="." pos="X">.</wf>
      </sentence>
      <sentence id="d000.s4033" source="wordnet-hungarian">
         <wf lemma="Az" pos="X">Az</wf>
         <instance id="d000.s4033.t000" lemma="akác" pos="NOUN">akác</instance>
         <wf lemma="különösen" pos="X">különösen</wf>
         <wf lemma="értékes" pos="X">értékes</wf>
         <wf lemma="a" pos="X">a</wf>
         <wf lemma="méztermelők" pos="X">méztermelők</wf>
         <wf lemma="számára" pos="X">számára</wf>
         <wf lemma="." pos="X">.</wf>
      </sentence>
      <sentence id="d000.s4034" source="wordnet-hungarian">
         <wf lemma="Az" pos="X">Az</wf>
         <wf lemma="ázsiai" pos="X">ázsiai</wf>
         <instance id="d000.s4034.t000" lemma="egyistenhit" pos="NOUN">egyistenhitről</instance>
         <wf lemma="őseink" pos="X">őseink</wf>
         <wf lemma="egy" pos="X">egy</wf>
         <wf lemma="része" pos="X">része</wf>
         <wf lemma="már" pos="X">már</wf>
         <wf lemma="a" pos="X">a</wf>
         <wf lemma="X." pos="X">X.</wf>
         <wf lemma="században" pos="X">században</wf>
         <wf lemma="," pos="X">,</wf>
         <wf lemma="nagyobb" pos="X">nagyobb</wf>
         <wf lemma="részük" pos="X">részük</wf>
         <wf lemma="a" pos="X">a</wf>
         <wf lemma="XI." pos="X">XI.</wf>
         <wf lemma="században" pos="X">században</wf>
         <wf lemma="tért" pos="X">tért</wf>
         <wf lemma="át" pos="X">át</wf>
         <wf lemma="a" pos="X">a</wf>
         <wf lemma="keresztény" pos="X">keresztény</wf>
         <wf lemma="vallásra" pos="X">vallásra</wf>
         <wf lemma="." pos="X">.</wf>
      </sentence>
      <sentence id="d000.s4035" source="wordnet-hungarian">
         <wf lemma="A" pos="X">A</wf>
         <wf lemma="XX." pos="X">XX.</wf>
         <wf lemma="század" pos="X">század</wf>
         <wf lemma="technikai" pos="X">technikai</wf>
         <wf lemma="fejlődése" pos="X">fejlődése</wf>
         <wf lemma="az" pos="X">az</wf>
         <instance id="d000.s4035.t000" lemma="urológia" pos="NOUN">urológiában</instance>
         <wf lemma="leginkább" pos="X">leginkább</wf>
         <wf lemma="a" pos="X">a</wf>
         <wf lemma="kőterápia" pos="X">kőterápia</wf>
         <wf lemma="területén" pos="X">területén</wf>
         <wf lemma="jelentkezett" pos="X">jelentkezett</wf>
         <wf lemma="." pos="X">.</wf>
      </sentence>
      <sentence id="d000.s4036" source="wordnet-hungarian">
         <wf lemma="A" pos="X">A</wf>
         <wf lemma="császár" pos="X">császár</wf>
         <instance id="d000.s4036.t000" lemma="képmás" pos="NOUN">képmását</instance>
         <wf lemma="kőből" pos="X">kőből</wf>
         <wf lemma="faragták" pos="X">faragták</wf>
         <wf lemma="ki" pos="X">ki</wf>
         <wf lemma="." pos="X">.</wf>
      </sentence>
      <sentence id="d000.s4037" source="wordnet-hungarian">
         <wf lemma="Hamar" pos="X">Hamar</wf>
         <instance id="d000.s4037.t000" lemma="látótávolság" pos="NOUN">látótávolságon</instance>
         <wf lemma="kívül" pos="X">kívül</wf>
         <wf lemma="került" pos="X">került</wf>
         <wf lemma="a" pos="X">a</wf>
         <wf lemma="vitorlás" pos="X">vitorlás</wf>
         <wf lemma="." pos="X">.</wf>
      </sentence>
      <sentence id="d000.s4038" source="wordnet-hungarian">
         <wf lemma="A" pos="X">A</wf>
         <instance id="d000.s4038.t000" lemma="maláta" pos="NOUN">maláta</instance>
         <wf lemma="a" pos="X">a</wf>
         <wf lemma="sör" pos="X">sör</wf>
         <wf lemma="egyik" pos="X">egyik</wf>
         <wf lemma="legfontosabb" pos="X">legfontosabb</wf>
         <wf lemma="összetevője" pos="X">összetevője</wf>
         <wf lemma="." pos="X">.</wf>
      </sentence>
      <sentence id="d000.s4039" source="wordnet-hungarian">
         <wf lemma="A" pos="X">A</wf>
         <instance id="d000.s4039.t000" lemma="vermut" pos="NOUN">vermutok</instance>
         <wf lemma="alkohollal" pos="X">alkohollal</wf>
         <wf lemma="dúsított" pos="X">dúsított</wf>
         <wf lemma="," pos="X">,</wf>
         <wf lemma="fűszerezett" pos="X">fűszerezett</wf>
         <wf lemma="," pos="X">,</wf>
         <wf lemma="esetleg" pos="X">esetleg</wf>
         <wf lemma="édesített" pos="X">édesített</wf>
         <wf lemma="borkeverékek" pos="X">borkeverékek</wf>
         <wf lemma="," pos="X">,</wf>
         <wf lemma="melyek" pos="X">melyek</wf>
         <wf lemma="számos" pos="X">számos</wf>
         <wf lemma="néven" pos="X">néven</wf>
         <wf lemma="és" pos="X">és</wf>
         <wf lemma="számtalan" pos="X">számtalan</wf>
         <wf lemma="változatban" pos="X">változatban</wf>
         <wf lemma="kerülnek" pos="X">kerülnek</wf>
         <wf lemma="piacra" pos="X">piacra</wf>
         <wf lemma="." pos="X">.</wf>
      </sentence>
      <sentence id="d000.s4040" source="wordnet-hungarian">
         <wf lemma="János" pos="X">János</wf>
         <wf lemma="gazdag" pos="X">gazdag</wf>
         <wf lemma="(" pos="X">(</wf>
         <instance id="d000.s4040.t000" lemma="van" pos="VERB">volt</instance>
         <wf lemma=")" pos="X">)</wf>
         <wf lemma="." pos="X">.</wf>
      </sentence>
      <sentence id="d000.s4041" source="wordnet-hungarian">
         <wf lemma="A" pos="X">A</wf>
         <wf lemma="költő" pos="X">költő</wf>
         <wf lemma="egészen" pos="X">egészen</wf>
         <wf lemma="újszerű" pos="X">újszerű</wf>
         <instance id="d000.s4041.t000" lemma="arckép" pos="NOUN">arcképét</instance>
         <wf lemma="tükrözi" pos="X">tükrözi</wf>
         <wf lemma="a" pos="X">a</wf>
         <wf lemma="most" pos="X">most</wf>
         <wf lemma="megjelent" pos="X">megjelent</wf>
         <wf lemma="életrajzi" pos="X">életrajzi</wf>
         <wf lemma="kötet" pos="X">kötet</wf>
         <wf lemma="." pos="X">.</wf>
      </sentence>
      <sentence id="d000.s4042" source="wordnet-hungarian">
         <wf lemma="A" pos="X">A</wf>
         <instance id="d000.s4042.t000" lemma="német-amerikai" pos="NOUN">német-amerikaiak</instance>
         <wf lemma="is" pos="X">is</wf>
         <wf lemma="," pos="X">,</wf>
         <wf lemma="bár" pos="X">bár</wf>
         <wf lemma="egymás" pos="X">egymás</wf>
         <wf lemma="között" pos="X">között</wf>
         <wf lemma="bizonyos" pos="X">bizonyos</wf>
         <wf lemma="mértékben" pos="X">mértékben</wf>
         <wf lemma="fenntartják" pos="X">fenntartják</wf>
         <wf lemma="a" pos="X">a</wf>
         <wf lemma="megkülönböztetést" pos="X">megkülönböztetést</wf>
         <wf lemma="," pos="X">,</wf>
         <wf lemma="a" pos="X">a</wf>
         <wf lemma="külföld" pos="X">külföld</wf>
         <wf lemma="számára" pos="X">számára</wf>
         <wf lemma="egyértelműen" pos="X">egyértelműen</wf>
         <wf lemma="amerikainak" pos="X">amerikainak</wf>
         <wf lemma="vallják" pos="X">vallják</wf>
         <wf lemma="magukat" pos="X">magukat</wf>
         <wf lemma="." pos="X">.</wf>
      </sentence>
      <sentence id="d000.s4043" source="wordnet-hungarian">
         <wf lemma="A" pos="X">A</wf>
         <wf lemma="szakadó" pos="X">szakadó</wf>
         <wf lemma="esőben" pos="X">esőben</wf>
         <wf lemma="teljes" pos="X">teljes</wf>
         <wf lemma="átázott" pos="X">átázott</wf>
         <wf lemma="a" pos="X">a</wf>
         <instance id="d000.s4043.t000" lemma="velúr" pos="NOUN">velúrból</instance>
         <wf lemma="készült" pos="X">készült</wf>
         <wf lemma="kabátom" pos="X">kabátom</wf>
         <wf lemma="." pos="X">.</wf>
      </sentence>
      <sentence id="d000.s4044" source="wordnet-hungarian">
         <wf lemma="Először" pos="X">Először</wf>
         <wf lemma="hibásnak" pos="X">hibásnak</wf>
         <instance id="d000.s4044.t000" lemma="vél" pos="VERB">véltem</instance>
         <wf lemma="," pos="X">,</wf>
         <wf lemma="de" pos="X">de</wf>
         <wf lemma="rájöttem" pos="X">rájöttem</wf>
         <wf lemma="," pos="X">,</wf>
         <wf lemma="hogy" pos="X">hogy</wf>
         <wf lemma="így" pos="X">így</wf>
         <wf lemma="helyes" pos="X">helyes</wf>
         <wf lemma="." pos="X">.</wf>
      </sentence>
      <sentence id="d000.s4045" source="wordnet-hungarian">
         <wf lemma="A" pos="X">A</wf>
         <wf lemma="ház" pos="X">ház</wf>
         <wf lemma="pincéjében" pos="X">pincéjében</wf>
         <instance id="d000.s4045.t000" lemma="játékbarlang" pos="NOUN">játékbarlang</instance>
         <wf lemma="működött" pos="X">működött</wf>
         <wf lemma="." pos="X">.</wf>
      </sentence>
      <sentence id="d000.s4046" source="wordnet-hungarian">
         <wf lemma="A" pos="X">A</wf>
         <instance id="d000.s4046.t000" lemma="halom" pos="NOUN">halom</instance>
         <wf lemma="közvetlen" pos="X">közvetlen</wf>
         <wf lemma="környékén" pos="X">környékén</wf>
         <wf lemma="legelő" pos="X">legelő</wf>
         <wf lemma="és" pos="X">és</wf>
         <wf lemma="akácos" pos="X">akácos</wf>
         <wf lemma="," pos="X">,</wf>
         <wf lemma="csatorna" pos="X">csatorna</wf>
         <wf lemma="," pos="X">,</wf>
         <wf lemma="út" pos="X">út</wf>
         <wf lemma="és" pos="X">és</wf>
         <wf lemma="magassági" pos="X">magassági</wf>
         <wf lemma="jegy" pos="X">jegy</wf>
         <wf lemma="van" pos="X">van</wf>
         <wf lemma="." pos="X">.</wf>
      </sentence>
      <sentence id="d000.s4047" source="wordnet-hungarian">
         <wf lemma="A" pos="X">A</wf>
         <wf lemma="nővéremtől" pos="X">nővéremtől</wf>
         <instance id="d000.s4047.t000" lemma="tanul" pos="VERB">tanultam</instance>
         <wf lemma="táncolni" pos="X">táncolni</wf>
         <wf lemma="." pos="X">.</wf>
      </sentence>
      <sentence id="d000.s4048" source="wordnet-hungarian">
         <wf lemma="2004-ben" pos="X">2004-ben</wf>
         <wf lemma="a" pos="X">a</wf>
         <instance id="d000.s4048.t000" lemma="kivitel" pos="NOUN">kivitel</instance>
         <wf lemma="és" pos="X">és</wf>
         <wf lemma="behozatal" pos="X">behozatal</wf>
         <wf lemma="egymással" pos="X">egymással</wf>
         <wf lemma="összehangoltan" pos="X">összehangoltan</wf>
         <wf lemma="bővült" pos="X">bővült</wf>
         <wf lemma="." pos="X">.</wf>
      </sentence>
      <sentence id="d000.s4049" source="wordnet-hungarian">
         <wf lemma="Az" pos="X">Az</wf>
         <instance id="d000.s4049.t000" lemma="akrobata" pos="NOUN">akrobata</instance>
         <wf lemma="ugrás" pos="X">ugrás</wf>
         <wf lemma="közben" pos="X">közben</wf>
         <wf lemma="könnyű" pos="X">könnyű</wf>
         <wf lemma="balesetet" pos="X">balesetet</wf>
         <wf lemma="szenvedett" pos="X">szenvedett</wf>
         <wf lemma="." pos="X">.</wf>
      </sentence>
      <sentence id="d000.s4050" source="wordnet-hungarian">
         <wf lemma="Egy" pos="X">Egy</wf>
         <wf lemma="bálna" pos="X">bálna</wf>
         <wf lemma="több" pos="X">több</wf>
         <instance id="d000.s4050.t000" lemma="tonna" pos="NOUN">tonnát</instance>
         <wf lemma="nyom" pos="X">nyom</wf>
         <wf lemma="." pos="X">.</wf>
      </sentence>
      <sentence id="d000.s4051" source="wordnet-hungarian">
         <wf lemma="Az" pos="X">Az</wf>
         <wf lemma="elgondolás" pos="X">elgondolás</wf>
         <instance id="d000.s4051.t000" lemma="csíra" pos="NOUN">csírái</instance>
         <wf lemma="már" pos="X">már</wf>
         <wf lemma="kezdtek" pos="X">kezdtek</wf>
         <wf lemma="megfogalmazódni" pos="X">megfogalmazódni</wf>
         <wf lemma="fejében" pos="X">fejében</wf>
         <wf lemma="a" pos="X">a</wf>
         <wf lemma="gyűlés" pos="X">gyűlés</wf>
         <wf lemma="után" pos="X">után</wf>
         <wf lemma="." pos="X">.</wf>
      </sentence>
      <sentence id="d000.s4052" source="wordnet-hungarian">
         <wf lemma="Hétfőre" pos="X">Hétfőre</wf>
         <wf lemma="békét" pos="X">békét</wf>
         <wf lemma="ígért" pos="X">ígért</wf>
         <wf lemma="az" pos="X">az</wf>
         <wf lemma="ENSZ" pos="X">ENSZ</wf>
         <instance id="d000.s4052.t000" lemma="főtitkár" pos="NOUN">főtitkára</instance>
         <wf lemma="," pos="X">,</wf>
         <wf lemma="de" pos="X">de</wf>
         <wf lemma="még" pos="X">még</wf>
         <wf lemma="dúlnak" pos="X">dúlnak</wf>
         <wf lemma="a" pos="X">a</wf>
         <wf lemma="harcok" pos="X">harcok</wf>
         <wf lemma="a" pos="X">a</wf>
         <wf lemma="Közel-Keleten" pos="X">Közel-Keleten</wf>
         <wf lemma="." pos="X">.</wf>
      </sentence>
      <sentence id="d000.s4053" source="wordnet-hungarian">
         <wf lemma="A" pos="X">A</wf>
         <instance id="d000.s4053.t000" lemma="dália" pos="NOUN">dáliát</instance>
         <wf lemma="a" pos="X">a</wf>
         <wf lemma="16." pos="X">16.</wf>
         <wf lemma="században" pos="X">században</wf>
         <wf lemma="a" pos="X">a</wf>
         <wf lemma="spanyol" pos="X">spanyol</wf>
         <wf lemma="hódítokkal" pos="X">hódítokkal</wf>
         <wf lemma="érkező" pos="X">érkező</wf>
         <wf lemma="botanikusok" pos="X">botanikusok</wf>
         <wf lemma="fedezték" pos="X">fedezték</wf>
         <wf lemma="fel" pos="X">fel</wf>
         <wf lemma="." pos="X">.</wf>
      </sentence>
      <sentence id="d000.s4054" source="wordnet-hungarian">
         <wf lemma="A" pos="X">A</wf>
         <instance id="d000.s4054.t000" lemma="szemész" pos="NOUN">szemészek</instance>
         <wf lemma="mindig" pos="X">mindig</wf>
         <wf lemma="azt" pos="X">azt</wf>
         <wf lemma="sulykolták" pos="X">sulykolták</wf>
         <wf lemma="belénk" pos="X">belénk</wf>
         <wf lemma="," pos="X">,</wf>
         <wf lemma="hogy" pos="X">hogy</wf>
         <wf lemma="ne" pos="X">ne</wf>
         <wf lemma="aludjunk" pos="X">aludjunk</wf>
         <wf lemma="kontaktlencsében" pos="X">kontaktlencsében</wf>
         <wf lemma="." pos="X">.</wf>
      </sentence>
      <sentence id="d000.s4055" source="wordnet-hungarian">
         <wf lemma="Lombos" pos="X">Lombos</wf>
         <wf lemma="fán" pos="X">fán</wf>
         <wf lemma="fütyül" pos="X">fütyül</wf>
         <wf lemma="a" pos="X">a</wf>
         <instance id="d000.s4055.t000" lemma="rigó" pos="NOUN">rigó</instance>
         <wf lemma="." pos="X">.</wf>
      </sentence>
      <sentence id="d000.s4056" source="wordnet-hungarian">
         <wf lemma="Ez" pos="X">Ez</wf>
         <instance id="d000.s4056.t000" lemma="alkalom" pos="NOUN">alkalommal</instance>
         <wf lemma="sikerrel" pos="X">sikerrel</wf>
         <wf lemma="járt" pos="X">járt</wf>
         <wf lemma="." pos="X">.</wf>
      </sentence>
      <sentence id="d000.s4057" source="wordnet-hungarian">
         <wf lemma="A" pos="X">A</wf>
         <instance id="d000.s4057.t000" lemma="környezetvédelem" pos="NOUN">környezetvédelem</instance>
         <wf lemma="minden" pos="X">minden</wf>
         <wf lemma="ember" pos="X">ember</wf>
         <wf lemma="érdeke" pos="X">érdeke</wf>
         <wf lemma="." pos="X">.</wf>
      </sentence>
      <sentence id="d000.s4058" source="wordnet-hungarian">
         <wf lemma="A" pos="X">A</wf>
         <wf lemma="hó" pos="X">hó</wf>
         <wf lemma="végi" pos="X">végi</wf>
         <instance id="d000.s4058.t000" lemma="mérleg" pos="NOUN">mérleg</instance>
         <wf lemma="hiányt" pos="X">hiányt</wf>
         <wf lemma="mutatott" pos="X">mutatott</wf>
         <wf lemma="ki" pos="X">ki</wf>
         <wf lemma="." pos="X">.</wf>
      </sentence>
      <sentence id="d000.s4059" source="wordnet-hungarian">
         <wf lemma="A" pos="X">A</wf>
         <wf lemma="cilinder" pos="X">cilinder</wf>
         <wf lemma="teteje" pos="X">teteje</wf>
         <wf lemma="egy" pos="X">egy</wf>
         <instance id="d000.s4059.t000" lemma="henger" pos="NOUN">hengerre</instance>
         <wf lemma="emlékeztet" pos="X">emlékeztet</wf>
         <wf lemma="." pos="X">.</wf>
      </sentence>
      <sentence id="d000.s4060" source="wordnet-hungarian">
         <wf lemma="A" pos="X">A</wf>
         <wf lemma="fülzúgás" pos="X">fülzúgás</wf>
         <wf lemma="és" pos="X">és</wf>
         <instance id="d000.s4060.t000" lemma="szédülés" pos="NOUN">szédülés</instance>
         <wf lemma="bármely" pos="X">bármely</wf>
         <wf lemma="fülbetegség" pos="X">fülbetegség</wf>
         <wf lemma="kísérő" pos="X">kísérő</wf>
         <wf lemma="tüneteként" pos="X">tüneteként</wf>
         <wf lemma="felléphet" pos="X">felléphet</wf>
         <wf lemma="." pos="X">.</wf>
      </sentence>
      <sentence id="d000.s4061" source="wordnet-hungarian">
         <instance id="d000.s4061.t000" lemma="büszkeség" pos="NOUN">Büszkeség</instance>
         <wf lemma="töltötte" pos="X">töltötte</wf>
         <wf lemma="el" pos="X">el</wf>
         <wf lemma="a" pos="X">a</wf>
         <wf lemma="szívét" pos="X">szívét</wf>
         <wf lemma="," pos="X">,</wf>
         <wf lemma="amint" pos="X">amint</wf>
         <wf lemma="versenyeire" pos="X">versenyeire</wf>
         <wf lemma="gondolt" pos="X">gondolt</wf>
         <wf lemma="." pos="X">.</wf>
      </sentence>
      <sentence id="d000.s4062" source="wordnet-hungarian">
         <wf lemma="Reggel" pos="X">Reggel</wf>
         <wf lemma="óta" pos="X">óta</wf>
         <wf lemma="a" pos="X">a</wf>
         <wf lemma="kertben" pos="X">kertben</wf>
         <instance id="d000.s4062.t000" lemma="rajzol" pos="VERB">rajzol</instance>
         <wf lemma="." pos="X">.</wf>
      </sentence>
      <sentence id="d000.s4063" source="wordnet-hungarian">
         <wf lemma="Ha" pos="X">Ha</wf>
         <wf lemma="gyilkolsz" pos="X">gyilkolsz</wf>
         <wf lemma="," pos="X">,</wf>
         <instance id="d000.s4063.t000" lemma="pokol" pos="NOUN">pokolra</instance>
         <wf lemma="jutsz" pos="X">jutsz</wf>
         <wf lemma="!" pos="X">!</wf>
      </sentence>
      <sentence id="d000.s4064" source="wordnet-hungarian">
         <wf lemma="Amikor" pos="X">Amikor</wf>
         <wf lemma="belépett" pos="X">belépett</wf>
         <wf lemma="egy" pos="X">egy</wf>
         <wf lemma="vevő" pos="X">vevő</wf>
         <wf lemma="az" pos="X">az</wf>
         <instance id="d000.s4064.t000" lemma="üzlet" pos="NOUN">üzletbe</instance>
         <wf lemma="," pos="X">,</wf>
         <wf lemma="az" pos="X">az</wf>
         <wf lemma="eladó" pos="X">eladó</wf>
         <wf lemma="épp" pos="X">épp</wf>
         <wf lemma="telefonált" pos="X">telefonált</wf>
         <wf lemma="." pos="X">.</wf>
      </sentence>
      <sentence id="d000.s4065" source="wordnet-hungarian">
         <wf lemma="Kérek" pos="X">Kérek</wf>
         <wf lemma="egy" pos="X">egy</wf>
         <wf lemma="kis" pos="X">kis</wf>
         <instance id="d000.s4065.t000" lemma="darab" pos="NOUN">darabot</instance>
         <wf lemma="abból" pos="X">abból</wf>
         <wf lemma="a" pos="X">a</wf>
         <wf lemma="szalámiból" pos="X">szalámiból</wf>
         <wf lemma="." pos="X">.</wf>
      </sentence>
      <sentence id="d000.s4066" source="wordnet-hungarian">
         <wf lemma="Üdvözlünk" pos="X">Üdvözlünk</wf>
         <wf lemma="a" pos="X">a</wf>
         <wf lemma="80" pos="X">80</wf>
         <wf lemma="éves" pos="X">éves</wf>
         <wf lemma="Szent" pos="X">Szent</wf>
         <wf lemma="Kapisztrán" pos="X">Kapisztrán</wf>
         <instance id="d000.s4066.t000" lemma="cserkészcsapat" pos="NOUN">cserkészcsapat</instance>
         <wf lemma="honlapján" pos="X">honlapján</wf>
         <wf lemma="." pos="X">.</wf>
      </sentence>
      <sentence id="d000.s4067" source="wordnet-hungarian">
         <wf lemma="A" pos="X">A</wf>
         <instance id="d000.s4067.t000" lemma="hivatalnok" pos="NOUN">hivatalnokok</instance>
         <wf lemma="régen" pos="X">régen</wf>
         <wf lemma="nagyobb" pos="X">nagyobb</wf>
         <wf lemma="megbecsülésnek" pos="X">megbecsülésnek</wf>
         <wf lemma="örvendthettek" pos="X">örvendthettek</wf>
         <wf lemma="." pos="X">.</wf>
      </sentence>
      <sentence id="d000.s4068" source="wordnet-hungarian">
         <wf lemma="Az" pos="X">Az</wf>
         <wf lemma="ütőket" pos="X">ütőket</wf>
         <instance id="d000.s4068.t000" lemma="kőris" pos="NOUN">kőrisből</instance>
         <wf lemma="faragták" pos="X">faragták</wf>
         <wf lemma="." pos="X">.</wf>
      </sentence>
      <sentence id="d000.s4069" source="wordnet-hungarian">
         <wf lemma="Némely" pos="X">Némely</wf>
         <instance id="d000.s4069.t000" lemma="eset" pos="NOUN">esetben</instance>
         <wf lemma="igaz" pos="X">igaz</wf>
         <wf lemma="," pos="X">,</wf>
         <wf lemma="hogy" pos="X">hogy</wf>
         <wf lemma="a" pos="X">a</wf>
         <wf lemma="terápia" pos="X">terápia</wf>
         <wf lemma="nem" pos="X">nem</wf>
         <wf lemma="vezet" pos="X">vezet</wf>
         <wf lemma="eredményre" pos="X">eredményre</wf>
         <wf lemma="." pos="X">.</wf>
      </sentence>
      <sentence id="d000.s4070" source="wordnet-hungarian">
         <wf lemma="Volt" pos="X">Volt</wf>
         <wf lemma="már" pos="X">már</wf>
         <instance id="d000.s4070.t000" lemma="póker" pos="NOUN">pókerben</instance>
         <wf lemma="royal" pos="X">royal</wf>
         <wf lemma="flush-öd" pos="X">flush-öd</wf>
         <wf lemma="?" pos="X">?</wf>
      </sentence>
      <sentence id="d000.s4071" source="wordnet-hungarian">
         <wf lemma="Itthon" pos="X">Itthon</wf>
         <wf lemma="ritka" pos="X">ritka</wf>
         <wf lemma="a" pos="X">a</wf>
         <wf lemma="fehér" pos="X">fehér</wf>
         <instance id="d000.s4071.t000" lemma="leander" pos="NOUN">leander</instance>
         <wf lemma="." pos="X">.</wf>
      </sentence>
      <sentence id="d000.s4072" source="wordnet-hungarian">
         <wf lemma="Az" pos="X">Az</wf>
         <instance id="d000.s4072.t000" lemma="állampolgár" pos="NOUN">állampolgároknak</instance>
         <wf lemma="nem" pos="X">nem</wf>
         <wf lemma="csak" pos="X">csak</wf>
         <wf lemma="jogai" pos="X">jogai</wf>
         <wf lemma="," pos="X">,</wf>
         <wf lemma="hanem" pos="X">hanem</wf>
         <wf lemma="kötelezettségei" pos="X">kötelezettségei</wf>
         <wf lemma="is" pos="X">is</wf>
         <wf lemma="vannak" pos="X">vannak</wf>
         <wf lemma="." pos="X">.</wf>
      </sentence>
      <sentence id="d000.s4073" source="wordnet-hungarian">
         <wf lemma="A" pos="X">A</wf>
         <wf lemma="Somogyi" pos="X">Somogyi</wf>
         <wf lemma="Könyvtár" pos="X">Könyvtár</wf>
         <wf lemma="teljes" pos="X">teljes</wf>
         <wf lemma="munkaidős" pos="X">munkaidős</wf>
         <wf lemma="állásban" pos="X">állásban</wf>
         <wf lemma="szakképzett" pos="X">szakképzett</wf>
         <instance id="d000.s4073.t000" lemma="könyvtáros" pos="NOUN">könyvtárost</instance>
         <wf lemma="keres" pos="X">keres</wf>
         <wf lemma="." pos="X">.</wf>
      </sentence>
      <sentence id="d000.s4074" source="wordnet-hungarian">
         <wf lemma="Csak" pos="X">Csak</wf>
         <instance id="d000.s4074.t000" lemma="papírpénz" pos="NOUN">papírpénzt</instance>
         <wf lemma="tartott" pos="X">tartott</wf>
         <wf lemma="magánál" pos="X">magánál</wf>
         <wf lemma="," pos="X">,</wf>
         <wf lemma="az" pos="X">az</wf>
         <wf lemma="aprót" pos="X">aprót</wf>
         <wf lemma="(" pos="X">(</wf>
         <wf lemma="fémpénzt" pos="X">fémpénzt</wf>
         <wf lemma=")" pos="X">)</wf>
         <wf lemma="mindig" pos="X">mindig</wf>
         <wf lemma="félrerakta" pos="X">félrerakta</wf>
         <wf lemma="egy" pos="X">egy</wf>
         <wf lemma="edénybe" pos="X">edénybe</wf>
         <wf lemma="." pos="X">.</wf>
      </sentence>
      <sentence id="d000.s4075" source="wordnet-hungarian">
         <wf lemma="Ha" pos="X">Ha</wf>
         <wf lemma="elvégzel" pos="X">elvégzel</wf>
         <wf lemma="egy" pos="X">egy</wf>
         <wf lemma="jogász" pos="X">jogász</wf>
         <wf lemma="szakot" pos="X">szakot</wf>
         <wf lemma="," pos="X">,</wf>
         <wf lemma="még" pos="X">még</wf>
         <wf lemma="nem" pos="X">nem</wf>
         <wf lemma="helyezkedhetsz" pos="X">helyezkedhetsz</wf>
         <wf lemma="el" pos="X">el</wf>
         <wf lemma="automatikusan" pos="X">automatikusan</wf>
         <wf lemma="az" pos="X">az</wf>
         <instance id="d000.s4075.t000" lemma="igazságszolgáltatás" pos="NOUN">igazságszolgáltatásban</instance>
         <wf lemma="." pos="X">.</wf>
      </sentence>
      <sentence id="d000.s4076" source="wordnet-hungarian">
         <wf lemma="Az" pos="X">Az</wf>
         <wf lemma="Egyesült" pos="X">Egyesült</wf>
         <wf lemma="Államok" pos="X">Államok</wf>
         <wf lemma="Kelet-Európa-politikájának" pos="X">Kelet-Európa-politikájának</wf>
         <wf lemma="fő" pos="X">fő</wf>
         <wf lemma="célja" pos="X">célja</wf>
         <wf lemma="a" pos="X">a</wf>
         <wf lemma="kelet-európai" pos="X">kelet-európai</wf>
         <wf lemma="szovjet" pos="X">szovjet</wf>
         <instance id="d000.s4076.t000" lemma="hegemónia" pos="NOUN">hegemónia</instance>
         <wf lemma="felszámolása" pos="X">felszámolása</wf>
         <wf lemma="." pos="X">.</wf>
      </sentence>
      <sentence id="d000.s4077" source="wordnet-hungarian">
         <wf lemma="A" pos="X">A</wf>
         <wf lemma="kutatások" pos="X">kutatások</wf>
         <wf lemma="során" pos="X">során</wf>
         <instance id="d000.s4077.t000" lemma="mutáció" pos="NOUN">mutációt</instance>
         <wf lemma="találtak" pos="X">találtak</wf>
         <wf lemma="egy" pos="X">egy</wf>
         <wf lemma="korábban" pos="X">korábban</wf>
         <wf lemma="meghalt" pos="X">meghalt</wf>
         <wf lemma="betegből" pos="X">betegből</wf>
         <wf lemma="kitenyésztett" pos="X">kitenyésztett</wf>
         <wf lemma="vírusminta" pos="X">vírusminta</wf>
         <wf lemma="egyik" pos="X">egyik</wf>
         <wf lemma="génjében" pos="X">génjében</wf>
         <wf lemma="." pos="X">.</wf>
      </sentence>
      <sentence id="d000.s4078" source="wordnet-hungarian">
         <wf lemma="Ebben" pos="X">Ebben</wf>
         <wf lemma="a" pos="X">a</wf>
         <wf lemma="dolgozatban" pos="X">dolgozatban</wf>
         <wf lemma="a" pos="X">a</wf>
         <instance id="d000.s4078.t000" lemma="helyesírás" pos="NOUN">helyesírásod</instance>
         <wf lemma="már" pos="X">már</wf>
         <wf lemma="mutat" pos="X">mutat</wf>
         <wf lemma="valami" pos="X">valami</wf>
         <wf lemma="javulást" pos="X">javulást</wf>
         <wf lemma="." pos="X">.</wf>
      </sentence>
      <sentence id="d000.s4079" source="wordnet-hungarian">
         <wf lemma="A" pos="X">A</wf>
         <instance id="d000.s4079.t000" lemma="banán" pos="NOUN">banán</instance>
         <wf lemma="olyan" pos="X">olyan</wf>
         <wf lemma="enzimet" pos="X">enzimet</wf>
         <wf lemma="tartalmaz" pos="X">tartalmaz</wf>
         <wf lemma="," pos="X">,</wf>
         <wf lemma="ami" pos="X">ami</wf>
         <wf lemma="hatékonyabbá" pos="X">hatékonyabbá</wf>
         <wf lemma="teszi" pos="X">teszi</wf>
         <wf lemma="a" pos="X">a</wf>
         <wf lemma="glukóz" pos="X">glukóz</wf>
         <wf lemma="feldolgozását" pos="X">feldolgozását</wf>
         <wf lemma="." pos="X">.</wf>
      </sentence>
      <sentence id="d000.s4080" source="wordnet-hungarian">
         <wf lemma="A" pos="X">A</wf>
         <wf lemma="magyar" pos="X">magyar</wf>
         <wf lemma="és" pos="X">és</wf>
         <wf lemma="trópusi" pos="X">trópusi</wf>
         <wf lemma="pillangókat" pos="X">pillangókat</wf>
         <wf lemma="bemutató" pos="X">bemutató</wf>
         <instance id="d000.s4080.t000" lemma="sorozat" pos="NOUN">sorozat</instance>
         <wf lemma="legrégebbi" pos="X">legrégebbi</wf>
         <wf lemma="darab" pos="X">darab</wf>
         <wf lemma="a" pos="X">a</wf>
         <wf lemma="gyűjteményemben" pos="X">gyűjteményemben</wf>
         <wf lemma="." pos="X">.</wf>
      </sentence>
      <sentence id="d000.s4081" source="wordnet-hungarian">
         <wf lemma="Az" pos="X">Az</wf>
         <instance id="d000.s4081.t000" lemma="idő" pos="NOUN">idő</instance>
         <wf lemma="a" pos="X">a</wf>
         <wf lemma="negyedik" pos="X">negyedik</wf>
         <wf lemma="dimenzió" pos="X">dimenzió</wf>
         <wf lemma="." pos="X">.</wf>
      </sentence>
      <sentence id="d000.s4082" source="wordnet-hungarian">
         <wf lemma="A" pos="X">A</wf>
         <instance id="d000.s4082.t000" lemma="vívás" pos="NOUN">vívás</instance>
         <wf lemma="mindig" pos="X">mindig</wf>
         <wf lemma="előkelő" pos="X">előkelő</wf>
         <wf lemma="sport" pos="X">sport</wf>
         <wf lemma="volt" pos="X">volt</wf>
         <wf lemma="." pos="X">.</wf>
      </sentence>
      <sentence id="d000.s4083" source="wordnet-hungarian">
         <wf lemma="A" pos="X">A</wf>
         <wf lemma="férfi" pos="X">férfi</wf>
         <wf lemma="messzire" pos="X">messzire</wf>
         <instance id="d000.s4083.t000" lemma="dob" pos="VERB">dobta</instance>
         <wf lemma="a" pos="X">a</wf>
         <wf lemma="súlyt" pos="X">súlyt</wf>
         <wf lemma="." pos="X">.</wf>
      </sentence>
      <sentence id="d000.s4084" source="wordnet-hungarian">
         <wf lemma="Egy" pos="X">Egy</wf>
         <instance id="d000.s4084.t000" lemma="szektor" pos="NOUN">szektor</instance>
         <wf lemma="általában" pos="X">általában</wf>
         <wf lemma="512" pos="X">512</wf>
         <wf lemma="bájt" pos="X">bájt</wf>
         <wf lemma="adatot" pos="X">adatot</wf>
         <wf lemma="tartalmaz" pos="X">tartalmaz</wf>
         <wf lemma="." pos="X">.</wf>
      </sentence>
      <sentence id="d000.s4085" source="wordnet-hungarian">
         <instance id="d000.s4085.t000" lemma="tűzifa" pos="NOUN">Tűzifát</instance>
         <wf lemma="gyűjtenek" pos="X">gyűjtenek</wf>
         <wf lemma="az" pos="X">az</wf>
         <wf lemma="erdőn" pos="X">erdőn</wf>
         <wf lemma="." pos="X">.</wf>
      </sentence>
      <sentence id="d000.s4086" source="wordnet-hungarian">
         <wf lemma="A" pos="X">A</wf>
         <wf lemma="művész" pos="X">művész</wf>
         <instance id="d000.s4086.t000" lemma="puhafa" pos="NOUN">puhafát</instance>
         <wf lemma="használt" pos="X">használt</wf>
         <wf lemma="az" pos="X">az</wf>
         <wf lemma="alkotáshoz" pos="X">alkotáshoz</wf>
         <wf lemma="." pos="X">.</wf>
      </sentence>
      <sentence id="d000.s4087" source="wordnet-hungarian">
         <wf lemma="A" pos="X">A</wf>
         <instance id="d000.s4087.t000" lemma="szertartásrend" pos="NOUN">szertartásrend</instance>
         <wf lemma="előírja" pos="X">előírja</wf>
         <wf lemma="a" pos="X">a</wf>
         <wf lemma="virágvasárnapi" pos="X">virágvasárnapi</wf>
         <wf lemma="barkaszentelést" pos="X">barkaszentelést</wf>
         <wf lemma="." pos="X">.</wf>
      </sentence>
      <sentence id="d000.s4088" source="wordnet-hungarian">
         <wf lemma="Kellemes" pos="X">Kellemes</wf>
         <instance id="d000.s4088.t000" lemma="meleg" pos="NOUN">meleg</instance>
         <wf lemma="volt" pos="X">volt</wf>
         <wf lemma="a" pos="X">a</wf>
         <wf lemma="házban" pos="X">házban</wf>
         <wf lemma="." pos="X">.</wf>
      </sentence>
      <sentence id="d000.s4089" source="wordnet-hungarian">
         <wf lemma="Úgy" pos="X">Úgy</wf>
         <instance id="d000.s4089.t000" lemma="hisz" pos="VERB">hiszem</instance>
         <wf lemma="," pos="X">,</wf>
         <wf lemma="hogy" pos="X">hogy</wf>
         <wf lemma="most" pos="X">most</wf>
         <wf lemma="otthon" pos="X">otthon</wf>
         <wf lemma="van" pos="X">van</wf>
         <wf lemma="Ödön" pos="X">Ödön</wf>
         <wf lemma="." pos="X">.</wf>
      </sentence>
      <sentence id="d000.s4090" source="wordnet-hungarian">
         <instance id="d000.s4090.t000" lemma="november" pos="NOUN">Novemberben</instance>
         <wf lemma="leesett" pos="X">leesett</wf>
         <wf lemma="az" pos="X">az</wf>
         <wf lemma="első" pos="X">első</wf>
         <wf lemma="hó" pos="X">hó</wf>
         <wf lemma="." pos="X">.</wf>
      </sentence>
      <sentence id="d000.s4091" source="wordnet-hungarian">
         <wf lemma="A" pos="X">A</wf>
         <wf lemma="BRFK" pos="X">BRFK</wf>
         <instance id="d000.s4091.t000" lemma="bűncselekmény" pos="NOUN">bűncselekmény</instance>
         <wf lemma="hiányában" pos="X">hiányában</wf>
         <wf lemma="megszüntette" pos="X">megszüntette</wf>
         <wf lemma="az" pos="X">az</wf>
         <wf lemma="eljárást" pos="X">eljárást</wf>
         <wf lemma="az" pos="X">az</wf>
         <wf lemma="ellen" pos="X">ellen</wf>
         <wf lemma="a" pos="X">a</wf>
         <wf lemma="nyolc" pos="X">nyolc</wf>
         <wf lemma="férfi" pos="X">férfi</wf>
         <wf lemma="ellen" pos="X">ellen</wf>
         <wf lemma="." pos="X">.</wf>
      </sentence>
      <sentence id="d000.s4092" source="wordnet-hungarian">
         <wf lemma="A" pos="X">A</wf>
         <instance id="d000.s4092.t000" lemma="vadászat" pos="NOUN">vadászatot</instance>
         <wf lemma="," pos="X">,</wf>
         <wf lemma="mint" pos="X">mint</wf>
         <wf lemma="sportot" pos="X">sportot</wf>
         <wf lemma="és" pos="X">és</wf>
         <wf lemma="a" pos="X">a</wf>
         <wf lemma="szakszerű" pos="X">szakszerű</wf>
         <wf lemma="vadgazdálkodást" pos="X">vadgazdálkodást</wf>
         <wf lemma="külön" pos="X">külön</wf>
         <wf lemma="kell" pos="X">kell</wf>
         <wf lemma="választani" pos="X">választani</wf>
         <wf lemma="." pos="X">.</wf>
      </sentence>
      <sentence id="d000.s4093" source="wordnet-hungarian">
         <wf lemma="Első" pos="X">Első</wf>
         <wf lemma="gyermekének" pos="X">gyermekének</wf>
         <instance id="d000.s4093.t000" lemma="születés" pos="NOUN">születését</instance>
         <wf lemma="ünnepelte" pos="X">ünnepelte</wf>
         <wf lemma="barátaival" pos="X">barátaival</wf>
         <wf lemma="." pos="X">.</wf>
      </sentence>
      <sentence id="d000.s4094" source="wordnet-hungarian">
         <wf lemma="Ilyen" pos="X">Ilyen</wf>
         <instance id="d000.s4094.t000" lemma="krízis" pos="NOUN">krízis</instance>
         <wf lemma="után" pos="X">után</wf>
         <wf lemma="a" pos="X">a</wf>
         <wf lemma="beteg" pos="X">beteg</wf>
         <wf lemma="általában" pos="X">általában</wf>
         <wf lemma="elhalálozik" pos="X">elhalálozik</wf>
         <wf lemma="." pos="X">.</wf>
      </sentence>
      <sentence id="d000.s4095" source="wordnet-hungarian">
         <wf lemma="A" pos="X">A</wf>
         <wf lemma="sikeres" pos="X">sikeres</wf>
         <wf lemma="versenyző" pos="X">versenyző</wf>
         <wf lemma="visszavonulása" pos="X">visszavonulása</wf>
         <wf lemma="után" pos="X">után</wf>
         <instance id="d000.s4095.t000" lemma="elárul" pos="VERB">elárulta</instance>
         <wf lemma="," pos="X">,</wf>
         <wf lemma="hogy" pos="X">hogy</wf>
         <wf lemma="egy" pos="X">egy</wf>
         <wf lemma="ellenfele" pos="X">ellenfele</wf>
         <wf lemma="gyakran" pos="X">gyakran</wf>
         <wf lemma="pénzen" pos="X">pénzen</wf>
         <wf lemma="vette" pos="X">vette</wf>
         <wf lemma="a" pos="X">a</wf>
         <wf lemma="győzelmeit" pos="X">győzelmeit</wf>
         <wf lemma="." pos="X">.</wf>
      </sentence>
      <sentence id="d000.s4096" source="wordnet-hungarian">
         <wf lemma="Az" pos="X">Az</wf>
         <instance id="d000.s4096.t000" lemma="elektrokardiográf" pos="NOUN">elektrokardiográf</instance>
         <wf lemma="az" pos="X">az</wf>
         <wf lemma="impulzusokat" pos="X">impulzusokat</wf>
         <wf lemma="milliméterpapíron" pos="X">milliméterpapíron</wf>
         <wf lemma="vonalakként" pos="X">vonalakként</wf>
         <wf lemma="rögzíti" pos="X">rögzíti</wf>
         <wf lemma="." pos="X">.</wf>
      </sentence>
      <sentence id="d000.s4097" source="wordnet-hungarian">
         <wf lemma="A" pos="X">A</wf>
         <instance id="d000.s4097.t000" lemma="szír" pos="NOUN">szírek</instance>
         <wf lemma="harcmodora" pos="X">harcmodora</wf>
         <wf lemma="a" pos="X">a</wf>
         <wf lemma="szarmatákéhoz" pos="X">szarmatákéhoz</wf>
         <wf lemma="hasonló" pos="X">hasonló</wf>
         <wf lemma="íjász" pos="X">íjász</wf>
         <wf lemma="könnyűlovasság" pos="X">könnyűlovasság</wf>
         <wf lemma="volt" pos="X">volt</wf>
         <wf lemma="." pos="X">.</wf>
      </sentence>
      <sentence id="d000.s4098" source="wordnet-hungarian">
         <wf lemma="A" pos="X">A</wf>
         <instance id="d000.s4098.t000" lemma="cickány" pos="NOUN">cickányok</instance>
         <wf lemma="saját" pos="X">saját</wf>
         <wf lemma="testsúlyuk" pos="X">testsúlyuk</wf>
         <wf lemma="háromszorosát" pos="X">háromszorosát</wf>
         <wf lemma="eszik" pos="X">eszik</wf>
         <wf lemma="meg" pos="X">meg</wf>
         <wf lemma="háromóránként" pos="X">háromóránként</wf>
         <wf lemma="." pos="X">.</wf>
      </sentence>
      <sentence id="d000.s4099" source="wordnet-hungarian">
         <wf lemma="Anyai" pos="X">Anyai</wf>
         <instance id="d000.s4099.t000" lemma="ág" pos="NOUN">ágon</instance>
         <wf lemma="egy" pos="X">egy</wf>
         <wf lemma="ősi" pos="X">ősi</wf>
         <wf lemma="," pos="X">,</wf>
         <wf lemma="kun" pos="X">kun</wf>
         <wf lemma="nemzetségből" pos="X">nemzetségből</wf>
         <wf lemma="származik" pos="X">származik</wf>
         <wf lemma="." pos="X">.</wf>
      </sentence>
      <sentence id="d000.s4100" source="wordnet-hungarian">
         <wf lemma="A" pos="X">A</wf>
         <instance id="d000.s4100.t000" lemma="lakótelep" pos="NOUN">lakótelep</instance>
         <wf lemma="közepén" pos="X">közepén</wf>
         <wf lemma="hatalmas" pos="X">hatalmas</wf>
         <wf lemma="játszótér" pos="X">játszótér</wf>
         <wf lemma="áll" pos="X">áll</wf>
         <wf lemma="." pos="X">.</wf>
      </sentence>
      <sentence id="d000.s4101" source="wordnet-hungarian">
         <wf lemma="A" pos="X">A</wf>
         <instance id="d000.s4101.t000" lemma="vízlágyító" pos="NOUN">vízlágyítót</instance>
         <wf lemma="a" pos="X">a</wf>
         <wf lemma="mosógép" pos="X">mosógép</wf>
         <wf lemma="mosópor" pos="X">mosópor</wf>
         <wf lemma="számára" pos="X">számára</wf>
         <wf lemma="kialakított" pos="X">kialakított</wf>
         <wf lemma="rekeszébe" pos="X">rekeszébe</wf>
         <wf lemma="kell" pos="X">kell</wf>
         <wf lemma="önteni" pos="X">önteni</wf>
         <wf lemma="," pos="X">,</wf>
         <wf lemma="hogy" pos="X">hogy</wf>
         <wf lemma="a" pos="X">a</wf>
         <wf lemma="vízben" pos="X">vízben</wf>
         <wf lemma="először" pos="X">először</wf>
         <wf lemma="a" pos="X">a</wf>
         <wf lemma="vízlágyító" pos="X">vízlágyító</wf>
         <wf lemma="oldódjon" pos="X">oldódjon</wf>
         <wf lemma="fel" pos="X">fel</wf>
         <wf lemma="," pos="X">,</wf>
         <wf lemma="majd" pos="X">majd</wf>
         <wf lemma="utána" pos="X">utána</wf>
         <wf lemma="a" pos="X">a</wf>
         <wf lemma="mosópor" pos="X">mosópor</wf>
         <wf lemma="." pos="X">.</wf>
      </sentence>
      <sentence id="d000.s4102" source="wordnet-hungarian">
         <wf lemma="Melinda" pos="X">Melinda</wf>
         <wf lemma="a" pos="X">a</wf>
         <wf lemma="nagylelkű" pos="X">nagylelkű</wf>
         <instance id="d000.s4102.t000" lemma="adomány" pos="NOUN">adományt</instance>
         <wf lemma="ajándéknak" pos="X">ajándéknak</wf>
         <wf lemma="nevezte" pos="X">nevezte</wf>
         <wf lemma="." pos="X">.</wf>
      </sentence>
      <sentence id="d000.s4103" source="wordnet-hungarian">
         <wf lemma="Ma" pos="X">Ma</wf>
         <wf lemma="is" pos="X">is</wf>
         <wf lemma="látható" pos="X">látható</wf>
         <wf lemma="az" pos="X">az</wf>
         <instance id="d000.s4103.t000" lemma="apszis" pos="NOUN">apszis</instance>
         <wf lemma="két" pos="X">két</wf>
         <wf lemma="oldalán" pos="X">oldalán</wf>
         <wf lemma="lévő" pos="X">lévő</wf>
         <wf lemma="," pos="X">,</wf>
         <wf lemma="két-két" pos="X">két-két</wf>
         <wf lemma="nagyméretű" pos="X">nagyméretű</wf>
         <wf lemma="gótikus" pos="X">gótikus</wf>
         <wf lemma="ikerablak" pos="X">ikerablak</wf>
         <wf lemma="." pos="X">.</wf>
      </sentence>
      <sentence id="d000.s4104" source="wordnet-hungarian">
         <wf lemma="A" pos="X">A</wf>
         <wf lemma="délutáni" pos="X">délutáni</wf>
         <wf lemma="órákban" pos="X">órákban</wf>
         <wf lemma="heves" pos="X">heves</wf>
         <instance id="d000.s4104.t000" lemma="széllökés" pos="NOUN">széllökésekre</instance>
         <wf lemma="is" pos="X">is</wf>
         <wf lemma="számítani" pos="X">számítani</wf>
         <wf lemma="kell" pos="X">kell</wf>
         <wf lemma="a" pos="X">a</wf>
         <wf lemma="Balaton" pos="X">Balaton</wf>
         <wf lemma="környékén" pos="X">környékén</wf>
         <wf lemma="." pos="X">.</wf>
      </sentence>
      <sentence id="d000.s4105" source="wordnet-hungarian">
         <wf lemma="A" pos="X">A</wf>
         <wf lemma="magyar" pos="X">magyar</wf>
         <wf lemma="acélgyártás" pos="X">acélgyártás</wf>
         <instance id="d000.s4105.t000" lemma="jelentéktelenség" pos="NOUN">jelentéktelensége</instance>
         <wf lemma="miatt" pos="X">miatt</wf>
         <wf lemma="kényszerülünk" pos="X">kényszerülünk</wf>
         <wf lemma="behozatalra" pos="X">behozatalra</wf>
         <wf lemma="." pos="X">.</wf>
      </sentence>
      <sentence id="d000.s4106" source="wordnet-hungarian">
         <wf lemma="A" pos="X">A</wf>
         <wf lemma="prionok" pos="X">prionok</wf>
         <wf lemma="fehérje" pos="X">fehérje</wf>
         <wf lemma="eredetű" pos="X">eredetű</wf>
         <wf lemma="fertőző" pos="X">fertőző</wf>
         <instance id="d000.s4106.t000" lemma="ágens" pos="NOUN">ágensek</instance>
         <wf lemma="." pos="X">.</wf>
      </sentence>
      <sentence id="d000.s4107" source="wordnet-hungarian">
         <wf lemma="Egy" pos="X">Egy</wf>
         <wf lemma="óra" pos="X">óra</wf>
         <wf lemma="alatt" pos="X">alatt</wf>
         <wf lemma="átrepültek" pos="X">átrepültek</wf>
         <wf lemma="a" pos="X">a</wf>
         <wf lemma="kétszáz" pos="X">kétszáz</wf>
         <wf lemma="kilométer" pos="X">kilométer</wf>
         <wf lemma="hosszúságú" pos="X">hosszúságú</wf>
         <instance id="d000.s4107.t000" lemma="koreai-szoros" pos="NOUN">Koreai-szoros</instance>
         <wf lemma="," pos="X">,</wf>
         <wf lemma="majd" pos="X">majd</wf>
         <wf lemma="a" pos="X">a</wf>
         <wf lemma="félsziget" pos="X">félsziget</wf>
         <wf lemma="csúcsa" pos="X">csúcsa</wf>
         <wf lemma="fölött" pos="X">fölött</wf>
         <wf lemma="." pos="X">.</wf>
      </sentence>
      <sentence id="d000.s4108" source="wordnet-hungarian">
         <wf lemma="A" pos="X">A</wf>
         <wf lemma="májustól" pos="X">májustól</wf>
         <wf lemma="szeptemberig" pos="X">szeptemberig</wf>
         <wf lemma="virító" pos="X">virító</wf>
         <instance id="d000.s4108.t000" lemma="pipacs" pos="NOUN">pipacsot</instance>
         <wf lemma="a" pos="X">a</wf>
         <wf lemma="szakirodalom" pos="X">szakirodalom</wf>
         <wf lemma="veszélyes" pos="X">veszélyes</wf>
         <wf lemma="gyomnövényként" pos="X">gyomnövényként</wf>
         <wf lemma="tartja" pos="X">tartja</wf>
         <wf lemma="számon" pos="X">számon</wf>
         <wf lemma="." pos="X">.</wf>
      </sentence>
      <sentence id="d000.s4109" source="wordnet-hungarian">
         <wf lemma="A" pos="X">A</wf>
         <instance id="d000.s4109.t000" lemma="gomba" pos="NOUN">gombák</instance>
         <wf lemma="megtelepedtek" pos="X">megtelepedtek</wf>
         <wf lemma="a" pos="X">a</wf>
         <wf lemma="fán" pos="X">fán</wf>
         <wf lemma="és" pos="X">és</wf>
         <wf lemma="élősködtek" pos="X">élősködtek</wf>
         <wf lemma="rajta" pos="X">rajta</wf>
         <wf lemma="." pos="X">.</wf>
      </sentence>
      <sentence id="d000.s4110" source="wordnet-hungarian">
         <wf lemma="Kértünk" pos="X">Kértünk</wf>
         <wf lemma="egy" pos="X">egy</wf>
         <instance id="d000.s4110.t000" lemma="kancsó" pos="NOUN">kancsó</instance>
         <wf lemma="bort" pos="X">bort</wf>
         <wf lemma="és" pos="X">és</wf>
         <wf lemma="azt" pos="X">azt</wf>
         <wf lemma="megittuk" pos="X">megittuk</wf>
         <wf lemma="négyen" pos="X">négyen</wf>
         <wf lemma="." pos="X">.</wf>
      </sentence>
      <sentence id="d000.s4111" source="wordnet-hungarian">
         <wf lemma="Az" pos="X">Az</wf>
         <instance id="d000.s4111.t000" lemma="egzisztencializmus" pos="NOUN">egzisztencializmusról</instance>
         <wf lemma="tanultak" pos="X">tanultak</wf>
         <wf lemma="az" pos="X">az</wf>
         <wf lemma="egyetemen" pos="X">egyetemen</wf>
         <wf lemma="." pos="X">.</wf>
      </sentence>
      <sentence id="d000.s4112" source="wordnet-hungarian">
         <wf lemma="A" pos="X">A</wf>
         <wf lemma="tüntetők" pos="X">tüntetők</wf>
         <wf lemma="Budapest" pos="X">Budapest</wf>
         <wf lemma="utcáin" pos="X">utcáin</wf>
         <instance id="d000.s4112.t000" lemma="vonul" pos="VERB">vonultak</instance>
         <wf lemma="." pos="X">.</wf>
      </sentence>
      <sentence id="d000.s4113" source="wordnet-hungarian">
         <wf lemma="Pista" pos="X">Pista</wf>
         <wf lemma="alig" pos="X">alig</wf>
         <wf lemma="tudja" pos="X">tudja</wf>
         <instance id="d000.s4113.t000" lemma="kifizet" pos="VERB">kifizetni</instance>
         <wf lemma="a" pos="X">a</wf>
         <wf lemma="számláit" pos="X">számláit</wf>
         <wf lemma="." pos="X">.</wf>
      </sentence>
      <sentence id="d000.s4114" source="wordnet-hungarian">
         <wf lemma="Add" pos="X">Add</wf>
         <wf lemma="ezeket" pos="X">ezeket</wf>
         <wf lemma="össze" pos="X">össze</wf>
         <wf lemma="," pos="X">,</wf>
         <wf lemma="majd" pos="X">majd</wf>
         <wf lemma="az" pos="X">az</wf>
         <instance id="d000.s4114.t000" lemma="összeg" pos="NOUN">összeget</instance>
         <wf lemma="oszd" pos="X">oszd</wf>
         <wf lemma="kettővel" pos="X">kettővel</wf>
         <wf lemma="!" pos="X">!</wf>
      </sentence>
      <sentence id="d000.s4115" source="wordnet-hungarian">
         <wf lemma="A" pos="X">A</wf>
         <wf lemma="cég" pos="X">cég</wf>
         <wf lemma="a" pos="X">a</wf>
         <wf lemma="Dunántúl" pos="X">Dunántúl</wf>
         <wf lemma="nagy" pos="X">nagy</wf>
         <wf lemma="részére" pos="X">részére</wf>
         <wf lemma="olajkutatási" pos="X">olajkutatási</wf>
         <instance id="d000.s4115.t000" lemma="koncesszió" pos="NOUN">koncessziót</instance>
         <wf lemma="szerez" pos="X">szerez</wf>
         <wf lemma="." pos="X">.</wf>
      </sentence>
      <sentence id="d000.s4116" source="wordnet-hungarian">
         <wf lemma="A" pos="X">A</wf>
         <instance id="d000.s4116.t000" lemma="búza" pos="NOUN">búza</instance>
         <wf lemma="élelmiszerkénti" pos="X">élelmiszerkénti</wf>
         <wf lemma="felhasználása" pos="X">felhasználása</wf>
         <wf lemma="főleg" pos="X">főleg</wf>
         <wf lemma="őrleményei" pos="X">őrleményei</wf>
         <wf lemma="formájában" pos="X">formájában</wf>
         <wf lemma="történik" pos="X">történik</wf>
         <wf lemma="." pos="X">.</wf>
      </sentence>
      <sentence id="d000.s4117" source="wordnet-hungarian">
         <wf lemma="A" pos="X">A</wf>
         <wf lemma="farkas" pos="X">farkas</wf>
         <instance id="d000.s4117.t000" lemma="méret" pos="NOUN">mérete</instance>
         <wf lemma="körülbelül" pos="X">körülbelül</wf>
         <wf lemma="a" pos="X">a</wf>
         <wf lemma="kutyáénak" pos="X">kutyáénak</wf>
         <wf lemma="felel" pos="X">felel</wf>
         <wf lemma="meg" pos="X">meg</wf>
         <wf lemma="." pos="X">.</wf>
      </sentence>
      <sentence id="d000.s4118" source="wordnet-hungarian">
         <wf lemma="Pistike" pos="X">Pistike</wf>
         <wf lemma="épp" pos="X">épp</wf>
         <wf lemma="a" pos="X">a</wf>
         <wf lemma="falat" pos="X">falat</wf>
         <instance id="d000.s4118.t000" lemma="spriccel" pos="VERB">spriccelte</instance>
         <wf lemma="kólával" pos="X">kólával</wf>
         <wf lemma="," pos="X">,</wf>
         <wf lemma="mikor" pos="X">mikor</wf>
         <wf lemma="benyitott" pos="X">benyitott</wf>
         <wf lemma="a" pos="X">a</wf>
         <wf lemma="nagymama" pos="X">nagymama</wf>
         <wf lemma="." pos="X">.</wf>
      </sentence>
      <sentence id="d000.s4119" source="wordnet-hungarian">
         <wf lemma="Pusztán" pos="X">Pusztán</wf>
         <instance id="d000.s4119.t000" lemma="szeszély" pos="NOUN">szeszélyből</instance>
         <wf lemma="vette" pos="X">vette</wf>
         <wf lemma="fel" pos="X">fel</wf>
         <wf lemma="a" pos="X">a</wf>
         <wf lemma="piros" pos="X">piros</wf>
         <wf lemma="ruháját" pos="X">ruháját</wf>
         <wf lemma="." pos="X">.</wf>
      </sentence>
      <sentence id="d000.s4120" source="wordnet-hungarian">
         <wf lemma="Amikor" pos="X">Amikor</wf>
         <wf lemma="szavazásra" pos="X">szavazásra</wf>
         <wf lemma="került" pos="X">került</wf>
         <wf lemma="a" pos="X">a</wf>
         <wf lemma="sor" pos="X">sor</wf>
         <wf lemma="," pos="X">,</wf>
         <instance id="d000.s4120.t000" lemma="kisebbség" pos="NOUN">kisebbségben</instance>
         <wf lemma="voltunk" pos="X">voltunk</wf>
         <wf lemma="." pos="X">.</wf>
      </sentence>
      <sentence id="d000.s4121" source="wordnet-hungarian">
         <wf lemma="A" pos="X">A</wf>
         <wf lemma="lány" pos="X">lány</wf>
         <wf lemma="szerint" pos="X">szerint</wf>
         <wf lemma="a" pos="X">a</wf>
         <wf lemma="fiú" pos="X">fiú</wf>
         <wf lemma="szép" pos="X">szép</wf>
         <wf lemma="verseket" pos="X">verseket</wf>
         <instance id="d000.s4121.t000" lemma="ír" pos="VERB">ír</instance>
         <wf lemma="." pos="X">.</wf>
      </sentence>
      <sentence id="d000.s4122" source="wordnet-hungarian">
         <wf lemma="A" pos="X">A</wf>
         <wf lemma="bennszülött" pos="X">bennszülött</wf>
         <instance id="d000.s4122.t000" lemma="új-zélandi" pos="NOUN">új-zélandiak</instance>
         <wf lemma="," pos="X">,</wf>
         <wf lemma="a" pos="X">a</wf>
         <wf lemma="maorik" pos="X">maorik</wf>
         <wf lemma="," pos="X">,</wf>
         <wf lemma="megáldották" pos="X">megáldották</wf>
         <wf lemma="a" pos="X">a</wf>
         <wf lemma="forgatási" pos="X">forgatási</wf>
         <wf lemma="helyszíneket" pos="X">helyszíneket</wf>
         <wf lemma="a" pos="X">a</wf>
         <wf lemma="forgatás" pos="X">forgatás</wf>
         <wf lemma="kezdete" pos="X">kezdete</wf>
         <wf lemma="előtt" pos="X">előtt</wf>
         <wf lemma="." pos="X">.</wf>
      </sentence>
      <sentence id="d000.s4123" source="wordnet-hungarian">
         <wf lemma="A" pos="X">A</wf>
         <instance id="d000.s4123.t000" lemma="kézirat" pos="NOUN">kézirat</instance>
         <wf lemma="gondozás" pos="X">gondozás</wf>
         <wf lemma="alatt" pos="X">alatt</wf>
         <wf lemma="áll" pos="X">áll</wf>
         <wf lemma="." pos="X">.</wf>
      </sentence>
      <sentence id="d000.s4124" source="wordnet-hungarian">
         <wf lemma="Vízkereszt" pos="X">Vízkereszt</wf>
         <instance id="d000.s4124.t000" lemma="január" pos="NOUN">januárban</instance>
         <wf lemma="van" pos="X">van</wf>
         <wf lemma="." pos="X">.</wf>
      </sentence>
      <sentence id="d000.s4125" source="wordnet-hungarian">
         <wf lemma="A" pos="X">A</wf>
         <instance id="d000.s4125.t000" lemma="számítógép" pos="NOUN">számítógép</instance>
         <wf lemma="előtt" pos="X">előtt</wf>
         <wf lemma="végzett" pos="X">végzett</wf>
         <wf lemma="munka" pos="X">munka</wf>
         <wf lemma="károsíthatja" pos="X">károsíthatja</wf>
         <wf lemma="a" pos="X">a</wf>
         <wf lemma="szemet" pos="X">szemet</wf>
         <wf lemma="." pos="X">.</wf>
      </sentence>
      <sentence id="d000.s4126" source="wordnet-hungarian">
         <wf lemma="Mi" pos="X">Mi</wf>
         <wf lemma="a" pos="X">a</wf>
         <instance id="d000.s4126.t000" lemma="magyarázat" pos="NOUN">magyarázata</instance>
         <wf lemma="annak" pos="X">annak</wf>
         <wf lemma="," pos="X">,</wf>
         <wf lemma="hogy" pos="X">hogy</wf>
         <wf lemma="este" pos="X">este</wf>
         <wf lemma="sötét" pos="X">sötét</wf>
         <wf lemma="van" pos="X">van</wf>
         <wf lemma="?" pos="X">?</wf>
      </sentence>
      <sentence id="d000.s4127" source="wordnet-hungarian">
         <wf lemma="A" pos="X">A</wf>
         <instance id="d000.s4127.t000" lemma="farkasember" pos="NOUN">farkasembert</instance>
         <wf lemma="nagyon" pos="X">nagyon</wf>
         <wf lemma="szőrösnek" pos="X">szőrösnek</wf>
         <wf lemma="hitték" pos="X">hitték</wf>
         <wf lemma="," pos="X">,</wf>
         <wf lemma="dús" pos="X">dús</wf>
         <wf lemma="és" pos="X">és</wf>
         <wf lemma="egyenes" pos="X">egyenes</wf>
         <wf lemma="szemöldökkel" pos="X">szemöldökkel</wf>
         <wf lemma="." pos="X">.</wf>
      </sentence>
      <sentence id="d000.s4128" source="wordnet-hungarian">
         <wf lemma="Hasztalannak" pos="X">Hasztalannak</wf>
         <instance id="d000.s4128.t000" lemma="talál" pos="VERB">találom</instance>
         <wf lemma="a" pos="X">a</wf>
         <wf lemma="további" pos="X">további</wf>
         <wf lemma="próbálkozást" pos="X">próbálkozást</wf>
         <wf lemma="." pos="X">.</wf>
      </sentence>
      <sentence id="d000.s4129" source="wordnet-hungarian">
         <wf lemma="A" pos="X">A</wf>
         <instance id="d000.s4129.t000" lemma="zsidó" pos="NOUN">zsidók</instance>
         <wf lemma="nem" pos="X">nem</wf>
         <wf lemma="hisznek" pos="X">hisznek</wf>
         <wf lemma="az" pos="X">az</wf>
         <wf lemma="eredendő" pos="X">eredendő</wf>
         <wf lemma="bűnben" pos="X">bűnben</wf>
         <wf lemma="." pos="X">.</wf>
      </sentence>
      <sentence id="d000.s4130" source="wordnet-hungarian">
         <wf lemma="Szeged" pos="X">Szeged</wf>
         <instance id="d000.s4130.t000" lemma="környék" pos="NOUN">környékén</instance>
         <wf lemma="lakik" pos="X">lakik</wf>
         <wf lemma="." pos="X">.</wf>
      </sentence>
      <sentence id="d000.s4131" source="wordnet-hungarian">
         <wf lemma="A" pos="X">A</wf>
         <wf lemma="cipője" pos="X">cipője</wf>
         <wf lemma="a" pos="X">a</wf>
         <instance id="d000.s4131.t000" lemma="sár" pos="NOUN">sárba</instance>
         <wf lemma="ragadt" pos="X">ragadt</wf>
         <wf lemma="." pos="X">.</wf>
      </sentence>
      <sentence id="d000.s4132" source="wordnet-hungarian">
         <wf lemma="Az" pos="X">Az</wf>
         <instance id="d000.s4132.t000" lemma="öltöző" pos="NOUN">öltözőből</instance>
         <wf lemma="kifele" pos="X">kifele</wf>
         <wf lemma="jövet" pos="X">jövet</wf>
         <wf lemma="a" pos="X">a</wf>
         <wf lemma="játékosokon" pos="X">játékosokon</wf>
         <wf lemma="már" pos="X">már</wf>
         <wf lemma="látszott" pos="X">látszott</wf>
         <wf lemma="a" pos="X">a</wf>
         <wf lemma="feszültség" pos="X">feszültség</wf>
         <wf lemma="." pos="X">.</wf>
      </sentence>
      <sentence id="d000.s4133" source="wordnet-hungarian">
         <instance id="d000.s4133.t000" lemma="fél" pos="VERB">Félek</instance>
         <wf lemma="a" pos="X">a</wf>
         <wf lemma="moszkvai" pos="X">moszkvai</wf>
         <wf lemma="téltől" pos="X">téltől</wf>
         <wf lemma="." pos="X">.</wf>
      </sentence>
      <sentence id="d000.s4134" source="wordnet-hungarian">
         <wf lemma="Az" pos="X">Az</wf>
         <wf lemma="eseményeknek" pos="X">eseményeknek</wf>
         <wf lemma="nem" pos="X">nem</wf>
         <wf lemma="maradnak" pos="X">maradnak</wf>
         <instance id="d000.s4134.t000" lemma="következmény" pos="NOUN">következmények</instance>
         <wf lemma="nélkül" pos="X">nélkül</wf>
         <wf lemma="." pos="X">.</wf>
      </sentence>
      <sentence id="d000.s4135" source="wordnet-hungarian">
         <wf lemma="A" pos="X">A</wf>
         <wf lemma="teszt" pos="X">teszt</wf>
         <wf lemma="megírására" pos="X">megírására</wf>
         <wf lemma="egy" pos="X">egy</wf>
         <wf lemma="órás" pos="X">órás</wf>
         <instance id="d000.s4135.t000" lemma="idő" pos="NOUN">időkeret</instance>
         <wf lemma="áll" pos="X">áll</wf>
         <wf lemma="rendelkezésetekre" pos="X">rendelkezésetekre</wf>
         <wf lemma="." pos="X">.</wf>
      </sentence>
      <sentence id="d000.s4136" source="wordnet-hungarian">
         <wf lemma="Az" pos="X">Az</wf>
         <wf lemma="utcán" pos="X">utcán</wf>
         <wf lemma="az" pos="X">az</wf>
         <wf lemma="emberek" pos="X">emberek</wf>
         <instance id="d000.s4136.t000" lemma="cipő" pos="NOUN">cipőt</instance>
         <wf lemma="hordanak" pos="X">hordanak</wf>
         <wf lemma="." pos="X">.</wf>
      </sentence>
      <sentence id="d000.s4137" source="wordnet-hungarian">
         <wf lemma="Egy" pos="X">Egy</wf>
         <wf lemma="vakító" pos="X">vakító</wf>
         <instance id="d000.s4137.t000" lemma="fénycsóva" pos="NOUN">fénycsóva</instance>
         <wf lemma="frontálisan" pos="X">frontálisan</wf>
         <wf lemma="ütközött" pos="X">ütközött</wf>
         <wf lemma="Henry" pos="X">Henry</wf>
         <wf lemma="tekintetébe" pos="X">tekintetébe</wf>
         <wf lemma="." pos="X">.</wf>
      </sentence>
      <sentence id="d000.s4138" source="wordnet-hungarian">
         <wf lemma="Ez" pos="X">Ez</wf>
         <wf lemma="a" pos="X">a</wf>
         <instance id="d000.s4138.t000" lemma="színezőanyag" pos="NOUN">színezőanyag</instance>
         <wf lemma="intenzívebb" pos="X">intenzívebb</wf>
         <wf lemma="hatású" pos="X">hatású</wf>
         <wf lemma="." pos="X">.</wf>
      </sentence>
      <sentence id="d000.s4139" source="wordnet-hungarian">
         <wf lemma="Hol" pos="X">Hol</wf>
         <wf lemma="ismerkedtél" pos="X">ismerkedtél</wf>
         <wf lemma="meg" pos="X">meg</wf>
         <wf lemma="ezzel" pos="X">ezzel</wf>
         <wf lemma="a" pos="X">a</wf>
         <wf lemma="csinos" pos="X">csinos</wf>
         <instance id="d000.s4139.t000" lemma="baba" pos="NOUN">babával</instance>
         <wf lemma="?" pos="X">?</wf>
      </sentence>
      <sentence id="d000.s4140" source="wordnet-hungarian">
         <wf lemma="A" pos="X">A</wf>
         <instance id="d000.s4140.t000" lemma="gyümölcsfa" pos="NOUN">gyümölcsfa</instance>
         <wf lemma="termését" pos="X">termését</wf>
         <wf lemma="elverte" pos="X">elverte</wf>
         <wf lemma="a" pos="X">a</wf>
         <wf lemma="jég" pos="X">jég</wf>
         <wf lemma="." pos="X">.</wf>
      </sentence>
      <sentence id="d000.s4141" source="wordnet-hungarian">
         <wf lemma="Furcsa" pos="X">Furcsa</wf>
         <instance id="d000.s4141.t000" lemma="elképzelés" pos="NOUN">elképzelései</instance>
         <wf lemma="vannak" pos="X">vannak</wf>
         <wf lemma="a" pos="X">a</wf>
         <wf lemma="világról" pos="X">világról</wf>
         <wf lemma="." pos="X">.</wf>
      </sentence>
      <sentence id="d000.s4142" source="wordnet-hungarian">
         <wf lemma="A" pos="X">A</wf>
         <wf lemma="folyó" pos="X">folyó</wf>
         <wf lemma="a" pos="X">a</wf>
         <instance id="d000.s4142.t000" lemma="torkolat" pos="NOUN">torkolatánál</instance>
         <wf lemma="több" pos="X">több</wf>
         <wf lemma="üledéket" pos="X">üledéket</wf>
         <wf lemma="rak" pos="X">rak</wf>
         <wf lemma="le" pos="X">le</wf>
         <wf lemma="." pos="X">.</wf>
      </sentence>
      <sentence id="d000.s4143" source="wordnet-hungarian">
         <wf lemma="A" pos="X">A</wf>
         <instance id="d000.s4143.t000" lemma="snooker" pos="NOUN">snooker</instance>
         <wf lemma="az" pos="X">az</wf>
         <wf lemma="egyik" pos="X">egyik</wf>
         <wf lemma="kedvenc" pos="X">kedvenc</wf>
         <wf lemma="játékom" pos="X">játékom</wf>
         <wf lemma="." pos="X">.</wf>
      </sentence>
      <sentence id="d000.s4144" source="wordnet-hungarian">
         <wf lemma="Az" pos="X">Az</wf>
         <wf lemma="orosz" pos="X">orosz</wf>
         <wf lemma="főügyészség" pos="X">főügyészség</wf>
         <wf lemma="újabb" pos="X">újabb</wf>
         <wf lemma="eljárást" pos="X">eljárást</wf>
         <wf lemma="indított" pos="X">indított</wf>
         <wf lemma="a" pos="X">a</wf>
         <wf lemma="börtönbüntetését" pos="X">börtönbüntetését</wf>
         <wf lemma="töltő" pos="X">töltő</wf>
         <wf lemma="Mihail" pos="X">Mihail</wf>
         <wf lemma="Hodorkovszkij" pos="X">Hodorkovszkij</wf>
         <wf lemma="volt" pos="X">volt</wf>
         <instance id="d000.s4144.t000" lemma="olajmágnás" pos="NOUN">olajmágnás</instance>
         <wf lemma="ellen" pos="X">ellen</wf>
         <wf lemma="." pos="X">.</wf>
      </sentence>
      <sentence id="d000.s4145" source="wordnet-hungarian">
         <instance id="d000.s4145.t000" lemma="ad" pos="VERB">Adjunk</instance>
         <wf lemma="egy" pos="X">egy</wf>
         <wf lemma="kis" pos="X">kis</wf>
         <wf lemma="vizet" pos="X">vizet</wf>
         <wf lemma="az" pos="X">az</wf>
         <wf lemma="italhoz" pos="X">italhoz</wf>
         <wf lemma="!" pos="X">!</wf>
      </sentence>
      <sentence id="d000.s4146" source="wordnet-hungarian">
         <wf lemma="Akkior" pos="X">Akkior</wf>
         <wf lemma="vagyok" pos="X">vagyok</wf>
         <wf lemma="igazán" pos="X">igazán</wf>
         <instance id="d000.s4146.t000" lemma="elem" pos="NOUN">elememben</instance>
         <wf lemma="ha" pos="X">ha</wf>
         <wf lemma="a" pos="X">a</wf>
         <wf lemma="rónák" pos="X">rónák</wf>
         <wf lemma="végtelenjét" pos="X">végtelenjét</wf>
         <wf lemma="járom" pos="X">járom</wf>
         <wf lemma="." pos="X">.</wf>
      </sentence>
      <sentence id="d000.s4147" source="wordnet-hungarian">
         <wf lemma="A" pos="X">A</wf>
         <instance id="d000.s4147.t000" lemma="tudós" pos="NOUN">tudósok</instance>
         <wf lemma="most" pos="X">most</wf>
         <wf lemma="azt" pos="X">azt</wf>
         <wf lemma="vizsgálják" pos="X">vizsgálják</wf>
         <wf lemma="," pos="X">,</wf>
         <wf lemma="vajon" pos="X">vajon</wf>
         <wf lemma="mi" pos="X">mi</wf>
         <wf lemma="rejlik" pos="X">rejlik</wf>
         <wf lemma="a" pos="X">a</wf>
         <wf lemma="tea" pos="X">tea</wf>
         <wf lemma="egyéb" pos="X">egyéb</wf>
         <wf lemma="gyógyhatásai" pos="X">gyógyhatásai</wf>
         <wf lemma="mögött" pos="X">mögött</wf>
         <wf lemma="." pos="X">.</wf>
      </sentence>
      <sentence id="d000.s4148" source="wordnet-hungarian">
         <wf lemma="A" pos="X">A</wf>
         <wf lemma="gályán" pos="X">gályán</wf>
         <wf lemma="botokkal" pos="X">botokkal</wf>
         <wf lemma="," pos="X">,</wf>
         <wf lemma="korbáccsal" pos="X">korbáccsal</wf>
         <wf lemma="és" pos="X">és</wf>
         <wf lemma="más" pos="X">más</wf>
         <wf lemma="ütő" pos="X">ütő</wf>
         <wf lemma="eszközökkel" pos="X">eszközökkel</wf>
         <wf lemma="buzdították" pos="X">buzdították</wf>
         <wf lemma="az" pos="X">az</wf>
         <instance id="d000.s4148.t000" lemma="evezős" pos="NOUN">evezősöket</instance>
         <wf lemma="." pos="X">.</wf>
      </sentence>
      <sentence id="d000.s4149" source="wordnet-hungarian">
         <wf lemma="A" pos="X">A</wf>
         <instance id="d000.s4149.t000" lemma="vasutas" pos="NOUN">vasutasok</instance>
         <wf lemma="ébresztették" pos="X">ébresztették</wf>
         <wf lemma="fel" pos="X">fel</wf>
         <wf lemma="a" pos="X">a</wf>
         <wf lemma="fiút" pos="X">fiút</wf>
         <wf lemma="," pos="X">,</wf>
         <wf lemma="majd" pos="X">majd</wf>
         <wf lemma="orvost" pos="X">orvost</wf>
         <wf lemma="hívtak" pos="X">hívtak</wf>
         <wf lemma="hozzá." pos="X">hozzá.</wf>
      </sentence>
      <sentence id="d000.s4150" source="wordnet-hungarian">
         <wf lemma="A" pos="X">A</wf>
         <wf lemma="család" pos="X">család</wf>
         <wf lemma="gondtalanul" pos="X">gondtalanul</wf>
         <wf lemma="fürdőzött" pos="X">fürdőzött</wf>
         <wf lemma="a" pos="X">a</wf>
         <instance id="d000.s4150.t000" lemma="gyógyfürdő" pos="NOUN">gyógyfürdőben</instance>
         <wf lemma="." pos="X">.</wf>
      </sentence>
      <sentence id="d000.s4151" source="wordnet-hungarian">
         <wf lemma="Az" pos="X">Az</wf>
         <wf lemma="első" pos="X">első</wf>
         <wf lemma="gépemnek" pos="X">gépemnek</wf>
         <wf lemma="20" pos="X">20</wf>
         <wf lemma="megabájtos" pos="X">megabájtos</wf>
         <instance id="d000.s4151.t000" lemma="merevlemez" pos="NOUN">merevlemeze</instance>
         <wf lemma="volt" pos="X">volt</wf>
         <wf lemma="." pos="X">.</wf>
      </sentence>
      <sentence id="d000.s4152" source="wordnet-hungarian">
         <wf lemma="A" pos="X">A</wf>
         <wf lemma="professzor" pos="X">professzor</wf>
         <wf lemma="első" pos="X">első</wf>
         <wf lemma="lépésként" pos="X">lépésként</wf>
         <instance id="d000.s4152.t000" lemma="oxidál" pos="VERB">oxidálta</instance>
         <wf lemma="a" pos="X">a</wf>
         <wf lemma="fémet" pos="X">fémet</wf>
         <wf lemma="." pos="X">.</wf>
      </sentence>
      <sentence id="d000.s4153" source="wordnet-hungarian">
         <wf lemma="A" pos="X">A</wf>
         <instance id="d000.s4153.t000" lemma="lovassport" pos="NOUN">lovassport</instance>
         <wf lemma="nagyon" pos="X">nagyon</wf>
         <wf lemma="kedvelt" pos="X">kedvelt</wf>
         <wf lemma="volt" pos="X">volt</wf>
         <wf lemma="a" pos="X">a</wf>
         <wf lemma="század" pos="X">század</wf>
         <wf lemma="elején" pos="X">elején</wf>
         <wf lemma="." pos="X">.</wf>
      </sentence>
      <sentence id="d000.s4154" source="wordnet-hungarian">
         <wf lemma="Az" pos="X">Az</wf>
         <wf lemma="ügyessége" pos="X">ügyessége</wf>
         <wf lemma="hosszú" pos="X">hosszú</wf>
         <wf lemma="gyakorlás" pos="X">gyakorlás</wf>
         <instance id="d000.s4154.t000" lemma="eredmény" pos="NOUN">eredménye</instance>
         <wf lemma="." pos="X">.</wf>
      </sentence>
      <sentence id="d000.s4155" source="wordnet-hungarian">
         <wf lemma="A" pos="X">A</wf>
         <wf lemma="könyvek" pos="X">könyvek</wf>
         <instance id="d000.s4155.t000" lemma="árusítás" pos="NOUN">árusítása</instance>
         <wf lemma="a" pos="X">a</wf>
         <wf lemma="kék" pos="X">kék</wf>
         <wf lemma="sátorban" pos="X">sátorban</wf>
         <wf lemma="történik" pos="X">történik</wf>
         <wf lemma="." pos="X">.</wf>
      </sentence>
      <sentence id="d000.s4156" source="wordnet-hungarian">
         <wf lemma="A" pos="X">A</wf>
         <wf lemma="mai" pos="X">mai</wf>
         <instance id="d000.s4156.t000" lemma="dalszövegíró" pos="NOUN">dalszövegírók</instance>
         <wf lemma="sok" pos="X">sok</wf>
         <wf lemma="közhelyet" pos="X">közhelyet</wf>
         <wf lemma="puffogtatnak" pos="X">puffogtatnak</wf>
         <wf lemma="." pos="X">.</wf>
      </sentence>
      <sentence id="d000.s4157" source="wordnet-hungarian">
         <wf lemma="Az" pos="X">Az</wf>
         <wf lemma="étteremben" pos="X">étteremben</wf>
         <wf lemma="lefoglalt" pos="X">lefoglalt</wf>
         <wf lemma="a" pos="X">a</wf>
         <wf lemma="vacsorához" pos="X">vacsorához</wf>
         <wf lemma="egy" pos="X">egy</wf>
         <instance id="d000.s4157.t000" lemma="boksz" pos="NOUN">bokszot</instance>
         <wf lemma="." pos="X">.</wf>
      </sentence>
      <sentence id="d000.s4158" source="wordnet-hungarian">
         <wf lemma="A" pos="X">A</wf>
         <instance id="d000.s4158.t000" lemma="missouri" pos="NOUN">missouriak</instance>
         <wf lemma="kormányzója" pos="X">kormányzója</wf>
         <wf lemma="Matt" pos="X">Matt</wf>
         <wf lemma="Blunt" pos="X">Blunt</wf>
         <wf lemma="republikánus" pos="X">republikánus</wf>
         <wf lemma="képviselő" pos="X">képviselő</wf>
         <wf lemma="." pos="X">.</wf>
      </sentence>
      <sentence id="d000.s4159" source="wordnet-hungarian">
         <wf lemma="A" pos="X">A</wf>
         <wf lemma="szél" pos="X">szél</wf>
         <instance id="d000.s4159.t000" lemma="kelet" pos="NOUN">keletről</instance>
         <wf lemma="fújt" pos="X">fújt</wf>
         <wf lemma="." pos="X">.</wf>
      </sentence>
      <sentence id="d000.s4160" source="wordnet-hungarian">
         <wf lemma="Milyen" pos="X">Milyen</wf>
         <instance id="d000.s4160.t000" lemma="dolog" pos="NOUN">dolgokból</instance>
         <wf lemma="áll" pos="X">áll</wf>
         <wf lemma="ez" pos="X">ez</wf>
         <wf lemma="a" pos="X">a</wf>
         <wf lemma="keverék" pos="X">keverék</wf>
         <wf lemma="?" pos="X">?</wf>
      </sentence>
      <sentence id="d000.s4161" source="wordnet-hungarian">
         <wf lemma="Az" pos="X">Az</wf>
         <wf lemma="Internet" pos="X">Internet</wf>
         <wf lemma="vonzerejét" pos="X">vonzerejét</wf>
         <wf lemma="növeli" pos="X">növeli</wf>
         <wf lemma="," pos="X">,</wf>
         <wf lemma="hogy" pos="X">hogy</wf>
         <wf lemma="mind" pos="X">mind</wf>
         <wf lemma="több" pos="X">több</wf>
         <instance id="d000.s4161.t000" lemma="végfelhasználó" pos="NOUN">végfelhasználót</instance>
         <wf lemma="érhetünk" pos="X">érhetünk</wf>
         <wf lemma="el" pos="X">el</wf>
         <wf lemma="e-mailen" pos="X">e-mailen</wf>
         <wf lemma="." pos="X">.</wf>
      </sentence>
      <sentence id="d000.s4162" source="wordnet-hungarian">
         <wf lemma="Tudunk" pos="X">Tudunk</wf>
         <wf lemma="és" pos="X">és</wf>
         <wf lemma="akarunk" pos="X">akarunk</wf>
         <wf lemma="egymásért" pos="X">egymásért</wf>
         <wf lemma="küzdeni" pos="X">küzdeni</wf>
         <wf lemma="," pos="X">,</wf>
         <wf lemma="ezért" pos="X">ezért</wf>
         <wf lemma="kifogástalan" pos="X">kifogástalan</wf>
         <wf lemma="a" pos="X">a</wf>
         <wf lemma="klubban" pos="X">klubban</wf>
         <wf lemma="a" pos="X">a</wf>
         <instance id="d000.s4162.t000" lemma="csapatszellem" pos="NOUN">csapatszellem</instance>
         <wf lemma="." pos="X">.</wf>
      </sentence>
      <sentence id="d000.s4163" source="wordnet-hungarian">
         <wf lemma="Ez" pos="X">Ez</wf>
         <wf lemma="a" pos="X">a</wf>
         <wf lemma="film" pos="X">film</wf>
         <wf lemma="is" pos="X">is</wf>
         <wf lemma="csak" pos="X">csak</wf>
         <wf lemma="a" pos="X">a</wf>
         <wf lemma="szokásos" pos="X">szokásos</wf>
         <wf lemma="fiú-lány-szerelem" pos="X">fiú-lány-szerelem</wf>
         <instance id="d000.s4163.t000" lemma="téma" pos="NOUN">témával</instance>
         <wf lemma="operál" pos="X">operál</wf>
         <wf lemma="." pos="X">.</wf>
      </sentence>
      <sentence id="d000.s4164" source="wordnet-hungarian">
         <wf lemma="Minden" pos="X">Minden</wf>
         <instance id="d000.s4164.t000" lemma="felhasználó" pos="NOUN">felhasználó</instance>
         <wf lemma="más" pos="X">más</wf>
         <wf lemma="néven" pos="X">néven</wf>
         <wf lemma="jelentkezik" pos="X">jelentkezik</wf>
         <wf lemma="be" pos="X">be</wf>
         <wf lemma="." pos="X">.</wf>
      </sentence>
      <sentence id="d000.s4165" source="wordnet-hungarian">
         <wf lemma="A" pos="X">A</wf>
         <wf lemma="passzív" pos="X">passzív</wf>
         <instance id="d000.s4165.t000" lemma="igenem" pos="NOUN">igenem</instance>
         <wf lemma="képzésére" pos="X">képzésére</wf>
         <wf lemma="rá" pos="X">rá</wf>
         <wf lemma="kell" pos="X">kell</wf>
         <wf lemma="érezni" pos="X">érezni</wf>
         <wf lemma="." pos="X">.</wf>
      </sentence>
      <sentence id="d000.s4166" source="wordnet-hungarian">
         <wf lemma="Az" pos="X">Az</wf>
         <wf lemma="ismétlődő" pos="X">ismétlődő</wf>
         <instance id="d000.s4166.t000" lemma="ütés" pos="NOUN">ütések</instance>
         <wf lemma="következtében" pos="X">következtében</wf>
         <wf lemma="nagy" pos="X">nagy</wf>
         <wf lemma="véraláfutás" pos="X">véraláfutás</wf>
         <wf lemma="jelent" pos="X">jelent</wf>
         <wf lemma="meg" pos="X">meg</wf>
         <wf lemma="a" pos="X">a</wf>
         <wf lemma="hátán" pos="X">hátán</wf>
         <wf lemma="." pos="X">.</wf>
      </sentence>
      <sentence id="d000.s4167" source="wordnet-hungarian">
         <instance id="d000.s4167.t000" lemma="eláraszt" pos="VERB">Elárasztott</instance>
         <wf lemma="a" pos="X">a</wf>
         <wf lemma="magány" pos="X">magány</wf>
         <wf lemma="." pos="X">.</wf>
      </sentence>
      <sentence id="d000.s4168" source="wordnet-hungarian">
         <wf lemma="Sok" pos="X">Sok</wf>
         <instance id="d000.s4168.t000" lemma="megpróbáltatás" pos="NOUN">megpróbáltatáson</instance>
         <wf lemma="ment" pos="X">ment</wf>
         <wf lemma="keresztül" pos="X">keresztül</wf>
         <wf lemma="." pos="X">.</wf>
      </sentence>
      <sentence id="d000.s4169" source="wordnet-hungarian">
         <wf lemma="A" pos="X">A</wf>
         <wf lemma="szakszervezet" pos="X">szakszervezet</wf>
         <wf lemma="képviseleti" pos="X">képviseleti</wf>
         <instance id="d000.s4169.t000" lemma="szerv" pos="NOUN">szerve</instance>
         <wf lemma="az" pos="X">az</wf>
         <wf lemma="elnökség" pos="X">elnökség</wf>
         <wf lemma="." pos="X">.</wf>
      </sentence>
      <sentence id="d000.s4170" source="wordnet-hungarian">
         <wf lemma="A" pos="X">A</wf>
         <wf lemma="ló" pos="X">ló</wf>
         <wf lemma="kedvenc" pos="X">kedvenc</wf>
         <instance id="d000.s4170.t000" lemma="takarmány" pos="NOUN">takarmánya</instance>
         <wf lemma="a" pos="X">a</wf>
         <wf lemma="zab." pos="X">zab.</wf>
      </sentence>
      <sentence id="d000.s4171" source="wordnet-hungarian">
         <wf lemma="A" pos="X">A</wf>
         <wf lemma="kérdés" pos="X">kérdés</wf>
         <wf lemma="az" pos="X">az</wf>
         <wf lemma="," pos="X">,</wf>
         <wf lemma="hogy" pos="X">hogy</wf>
         <wf lemma="a" pos="X">a</wf>
         <wf lemma="kiegyezés" pos="X">kiegyezés</wf>
         <wf lemma="mennyiben" pos="X">mennyiben</wf>
         <wf lemma="volt" pos="X">volt</wf>
         <instance id="d000.s4171.t000" lemma="megalkuvás" pos="NOUN">megalkuvás</instance>
         <wf lemma="vagy" pos="X">vagy</wf>
         <wf lemma="siker" pos="X">siker</wf>
         <wf lemma="." pos="X">.</wf>
      </sentence>
      <sentence id="d000.s4172" source="wordnet-hungarian">
         <wf lemma="A" pos="X">A</wf>
         <instance id="d000.s4172.t000" lemma="színdarab" pos="NOUN">színdarab</instance>
         <wf lemma="nagy" pos="X">nagy</wf>
         <wf lemma="sikert" pos="X">sikert</wf>
         <wf lemma="aratott" pos="X">aratott</wf>
         <wf lemma="a" pos="X">a</wf>
         <wf lemma="Broadway-n" pos="X">Broadway-n</wf>
         <wf lemma="." pos="X">.</wf>
      </sentence>
      <sentence id="d000.s4173" source="wordnet-hungarian">
         <wf lemma="Szép" pos="X">Szép</wf>
         <wf lemma="," pos="X">,</wf>
         <wf lemma="parkos" pos="X">parkos</wf>
         <instance id="d000.s4173.t000" lemma="városrész" pos="NOUN">városrészben</instance>
         <wf lemma="lakunk" pos="X">lakunk</wf>
         <wf lemma="." pos="X">.</wf>
      </sentence>
      <sentence id="d000.s4174" source="wordnet-hungarian">
         <wf lemma="Egy" pos="X">Egy</wf>
         <instance id="d000.s4174.t000" lemma="füllentés" pos="NOUN">füllentéssel</instance>
         <wf lemma="megúszta" pos="X">megúszta</wf>
         <wf lemma="a" pos="X">a</wf>
         <wf lemma="dolgot" pos="X">dolgot</wf>
         <wf lemma="." pos="X">.</wf>
      </sentence>
      <sentence id="d000.s4175" source="wordnet-hungarian">
         <wf lemma="A" pos="X">A</wf>
         <wf lemma="két" pos="X">két</wf>
         <wf lemma="kéz" pos="X">kéz</wf>
         <wf lemma="egymás" pos="X">egymás</wf>
         <wf lemma="felé" pos="X">felé</wf>
         <wf lemma="forduló" pos="X">forduló</wf>
         <wf lemma="áldó-védő" pos="X">áldó-védő</wf>
         <wf lemma="jele" pos="X">jele</wf>
         <wf lemma="," pos="X">,</wf>
         <wf lemma="az" pos="X">az</wf>
         <wf lemma="összezáródó" pos="X">összezáródó</wf>
         <wf lemma="ujjak" pos="X">ujjak</wf>
         <instance id="d000.s4175.t000" lemma="érintkezés" pos="NOUN">érintkezése</instance>
         <wf lemma="az" pos="X">az</wf>
         <wf lemma="egybetartozást" pos="X">egybetartozást</wf>
         <wf lemma="fejezi" pos="X">fejezi</wf>
         <wf lemma="ki" pos="X">ki</wf>
         <wf lemma="." pos="X">.</wf>
      </sentence>
      <sentence id="d000.s4176" source="wordnet-hungarian">
         <wf lemma="A" pos="X">A</wf>
         <wf lemma="császármadár" pos="X">császármadár</wf>
         <wf lemma="a" pos="X">a</wf>
         <instance id="d000.s4176.t000" lemma="fajdfélék" pos="NOUN">fajdfélék</instance>
         <wf lemma="között" pos="X">között</wf>
         <wf lemma="a" pos="X">a</wf>
         <wf lemma="legkisebb" pos="X">legkisebb</wf>
         <wf lemma="testű" pos="X">testű</wf>
         <wf lemma="." pos="X">.</wf>
      </sentence>
      <sentence id="d000.s4177" source="wordnet-hungarian">
         <wf lemma="A" pos="X">A</wf>
         <wf lemma="zsinat" pos="X">zsinat</wf>
         <wf lemma="a" pos="X">a</wf>
         <instance id="d000.s4177.t000" lemma="laikus" pos="NOUN">laikusokat</instance>
         <wf lemma="nem" pos="X">nem</wf>
         <wf lemma="a" pos="X">a</wf>
         <wf lemma="klerikusokkal" pos="X">klerikusokkal</wf>
         <wf lemma="szemben" pos="X">szemben</wf>
         <wf lemma="határozza" pos="X">határozza</wf>
         <wf lemma="meg" pos="X">meg</wf>
         <wf lemma="." pos="X">.</wf>
      </sentence>
      <sentence id="d000.s4178" source="wordnet-hungarian">
         <instance id="d000.s4178.t000" lemma="kipipál" pos="VERB">Kipipálom</instance>
         <wf lemma="a" pos="X">a</wf>
         <wf lemma="jó" pos="X">jó</wf>
         <wf lemma="megoldásaidat" pos="X">megoldásaidat</wf>
         <wf lemma="." pos="X">.</wf>
      </sentence>
      <sentence id="d000.s4179" source="wordnet-hungarian">
         <wf lemma="Mindig" pos="X">Mindig</wf>
         <wf lemma="is" pos="X">is</wf>
         <instance id="d000.s4179.t000" lemma="tart" pos="VERB">tartottam</instance>
         <wf lemma="az" pos="X">az</wf>
         <wf lemma="ilyen" pos="X">ilyen</wf>
         <wf lemma="alakoktól" pos="X">alakoktól</wf>
         <wf lemma="." pos="X">.</wf>
      </sentence>
      <sentence id="d000.s4180" source="wordnet-hungarian">
         <wf lemma="A" pos="X">A</wf>
         <wf lemma="templom" pos="X">templom</wf>
         <wf lemma="előtti" pos="X">előtti</wf>
         <instance id="d000.s4180.t000" lemma="tér" pos="NOUN">téren</instance>
         <wf lemma="rengeteg" pos="X">rengeteg</wf>
         <wf lemma="a" pos="X">a</wf>
         <wf lemma="galamb" pos="X">galamb</wf>
         <wf lemma="." pos="X">.</wf>
      </sentence>
      <sentence id="d000.s4181" source="wordnet-hungarian">
         <wf lemma="Miközben" pos="X">Miközben</wf>
         <wf lemma="a" pos="X">a</wf>
         <wf lemma="zenét" pos="X">zenét</wf>
         <wf lemma="hallgatta" pos="X">hallgatta</wf>
         <wf lemma="," pos="X">,</wf>
         <wf lemma="ujjaival" pos="X">ujjaival</wf>
         <instance id="d000.s4181.t000" lemma="üt" pos="VERB">ütötte</instance>
         <wf lemma="a" pos="X">a</wf>
         <wf lemma="ritmust" pos="X">ritmust</wf>
         <wf lemma="." pos="X">.</wf>
      </sentence>
      <sentence id="d000.s4182" source="wordnet-hungarian">
         <wf lemma="Az" pos="X">Az</wf>
         <instance id="d000.s4182.t000" lemma="olajkartell" pos="NOUN">olajkartell</instance>
         <wf lemma="napi" pos="X">napi</wf>
         <wf lemma="1,2" pos="X">1,2</wf>
         <wf lemma="millió" pos="X">millió</wf>
         <wf lemma="hordóval" pos="X">hordóval</wf>
         <wf lemma="fogja" pos="X">fogja</wf>
         <wf lemma="vissza" pos="X">vissza</wf>
         <wf lemma="kitermelését" pos="X">kitermelését</wf>
         <wf lemma="." pos="X">.</wf>
      </sentence>
      <sentence id="d000.s4183" source="wordnet-hungarian">
         <wf lemma="Tegnap" pos="X">Tegnap</wf>
         <wf lemma="voltunk" pos="X">voltunk</wf>
         <wf lemma="azon" pos="X">azon</wf>
         <wf lemma="az" pos="X">az</wf>
         <wf lemma="új" pos="X">új</wf>
         <instance id="d000.s4183.t000" lemma="szórakozóhely" pos="NOUN">szórakozóhelyen</instance>
         <wf lemma="a" pos="X">a</wf>
         <wf lemma="Belvárosban" pos="X">Belvárosban</wf>
         <wf lemma="." pos="X">.</wf>
      </sentence>
      <sentence id="d000.s4184" source="wordnet-hungarian">
         <wf lemma="Jó" pos="X">Jó</wf>
         <wf lemma="lenne" pos="X">lenne</wf>
         <wf lemma="," pos="X">,</wf>
         <wf lemma="ha" pos="X">ha</wf>
         <wf lemma="nem" pos="X">nem</wf>
         <wf lemma="mindig" pos="X">mindig</wf>
         <wf lemma="ilyen" pos="X">ilyen</wf>
         <wf lemma="későn" pos="X">későn</wf>
         <instance id="d000.s4184.t000" lemma="megy" pos="VERB">menne</instance>
         <wf lemma="ez" pos="X">ez</wf>
         <wf lemma="a" pos="X">a</wf>
         <wf lemma="sorozat" pos="X">sorozat</wf>
         <wf lemma="." pos="X">.</wf>
      </sentence>
      <sentence id="d000.s4185" source="wordnet-hungarian">
         <wf lemma="Nem" pos="X">Nem</wf>
         <wf lemma="volt" pos="X">volt</wf>
         <wf lemma="elegendő" pos="X">elegendő</wf>
         <instance id="d000.s4185.t000" lemma="építőanyag" pos="NOUN">építőanyag</instance>
         <wf lemma="a" pos="X">a</wf>
         <wf lemma="ház" pos="X">ház</wf>
         <wf lemma="befejezéséhez" pos="X">befejezéséhez</wf>
         <wf lemma="." pos="X">.</wf>
      </sentence>
      <sentence id="d000.s4186" source="wordnet-hungarian">
         <wf lemma="A" pos="X">A</wf>
         <wf lemma="vacsora" pos="X">vacsora</wf>
         <wf lemma="már" pos="X">már</wf>
         <wf lemma="készen" pos="X">készen</wf>
         <wf lemma="van" pos="X">van</wf>
         <wf lemma="," pos="X">,</wf>
         <wf lemma="a" pos="X">a</wf>
         <instance id="d000.s4186.t000" lemma="tűzhely" pos="NOUN">tűzhelyen</instance>
         <wf lemma="vár" pos="X">vár</wf>
         <wf lemma="." pos="X">.</wf>
      </sentence>
      <sentence id="d000.s4187" source="wordnet-hungarian">
         <wf lemma="A" pos="X">A</wf>
         <instance id="d000.s4187.t000" lemma="beszéd" pos="NOUN">beszédükből</instance>
         <wf lemma="nem" pos="X">nem</wf>
         <wf lemma="sokat" pos="X">sokat</wf>
         <wf lemma="lehetett" pos="X">lehetett</wf>
         <wf lemma="érteni" pos="X">érteni</wf>
         <wf lemma="." pos="X">.</wf>
      </sentence>
      <sentence id="d000.s4188" source="wordnet-hungarian">
         <wf lemma="Egy" pos="X">Egy</wf>
         <instance id="d000.s4188.t000" lemma="biztosítótársaság" pos="NOUN">biztosítótársaság</instance>
         <wf lemma="vállalta" pos="X">vállalta</wf>
         <wf lemma="," pos="X">,</wf>
         <wf lemma="hogy" pos="X">hogy</wf>
         <wf lemma="a" pos="X">a</wf>
         <wf lemma="szerződéseket" pos="X">szerződéseket</wf>
         <wf lemma="a" pos="X">a</wf>
         <wf lemma="kórházakkal" pos="X">kórházakkal</wf>
         <wf lemma="," pos="X">,</wf>
         <wf lemma="amelyek" pos="X">amelyek</wf>
         <wf lemma="nem" pos="X">nem</wf>
         <wf lemma="rendelkeznek" pos="X">rendelkeznek</wf>
         <wf lemma="felelősségbiztosítással" pos="X">felelősségbiztosítással</wf>
         <wf lemma="." pos="X">.</wf>
      </sentence>
      <sentence id="d000.s4189" source="wordnet-hungarian">
         <wf lemma="Az" pos="X">Az</wf>
         <wf lemma="ügyfél" pos="X">ügyfél</wf>
         <wf lemma="közölte" pos="X">közölte</wf>
         <wf lemma="," pos="X">,</wf>
         <wf lemma="hogy" pos="X">hogy</wf>
         <wf lemma="ő" pos="X">ő</wf>
         <wf lemma="alkalmas" pos="X">alkalmas</wf>
         <wf lemma="tartja" pos="X">tartja</wf>
         <wf lemma="a" pos="X">a</wf>
         <instance id="d000.s4189.t000" lemma="meghatalmazott" pos="NOUN">meghatalmazottját</instance>
         <wf lemma="a" pos="X">a</wf>
         <wf lemma="képviselet" pos="X">képviselet</wf>
         <wf lemma="ellátására" pos="X">ellátására</wf>
         <wf lemma="." pos="X">.</wf>
      </sentence>
      <sentence id="d000.s4190" source="wordnet-hungarian">
         <wf lemma="A" pos="X">A</wf>
         <instance id="d000.s4190.t000" lemma="mészkő" pos="NOUN">mészkő</instance>
         <wf lemma="egyszerű" pos="X">egyszerű</wf>
         <wf lemma="kőzet" pos="X">kőzet</wf>
         <wf lemma="," pos="X">,</wf>
         <wf lemma="kristályos" pos="X">kristályos</wf>
         <wf lemma="formája" pos="X">formája</wf>
         <wf lemma="a" pos="X">a</wf>
         <wf lemma="mészpát" pos="X">mészpát</wf>
         <wf lemma="vagy" pos="X">vagy</wf>
         <wf lemma="kalcit" pos="X">kalcit</wf>
         <wf lemma="." pos="X">.</wf>
      </sentence>
      <sentence id="d000.s4191" source="wordnet-hungarian">
         <wf lemma="Le" pos="X">Le</wf>
         <wf lemma="kéne" pos="X">kéne</wf>
         <instance id="d000.s4191.t000" lemma="mér" pos="VERB">mérni</instance>
         <wf lemma="ezt" pos="X">ezt</wf>
         <wf lemma="a" pos="X">a</wf>
         <wf lemma="kövér" pos="X">kövér</wf>
         <wf lemma="macskát" pos="X">macskát</wf>
         <wf lemma="." pos="X">.</wf>
      </sentence>
      <sentence id="d000.s4192" source="wordnet-hungarian">
         <wf lemma="Nem" pos="X">Nem</wf>
         <wf lemma="akarok" pos="X">akarok</wf>
         <instance id="d000.s4192.t000" lemma="ünneprontó" pos="NOUN">ünneprontó</instance>
         <wf lemma="lenni" pos="X">lenni</wf>
         <wf lemma="," pos="X">,</wf>
         <wf lemma="de" pos="X">de</wf>
         <wf lemma="ezek" pos="X">ezek</wf>
         <wf lemma="csak" pos="X">csak</wf>
         <wf lemma="átmeneti" pos="X">átmeneti</wf>
         <wf lemma="sikerek" pos="X">sikerek</wf>
         <wf lemma="voltak" pos="X">voltak</wf>
         <wf lemma="." pos="X">.</wf>
      </sentence>
      <sentence id="d000.s4193" source="wordnet-hungarian">
         <wf lemma="Az" pos="X">Az</wf>
         <wf lemma="Indiai" pos="X">Indiai</wf>
         <wf lemma="óceánon" pos="X">óceánon</wf>
         <wf lemma="nem" pos="X">nem</wf>
         <wf lemma="ritkák" pos="X">ritkák</wf>
         <wf lemma="a" pos="X">a</wf>
         <instance id="d000.s4193.t000" lemma="tájfun" pos="NOUN">tájfunok</instance>
         <wf lemma="." pos="X">.</wf>
      </sentence>
      <sentence id="d000.s4194" source="wordnet-hungarian">
         <wf lemma="Veszteséges" pos="X">Veszteséges</wf>
         <wf lemma="könyvei" pos="X">könyvei</wf>
         <wf lemma="miatt" pos="X">miatt</wf>
         <wf lemma="csődbe" pos="X">csődbe</wf>
         <wf lemma="ment" pos="X">ment</wf>
         <wf lemma="a" pos="X">a</wf>
         <instance id="d000.s4194.t000" lemma="kiadóvállalat" pos="NOUN">kiadóvállalat</instance>
         <wf lemma="." pos="X">.</wf>
      </sentence>
      <sentence id="d000.s4195" source="wordnet-hungarian">
         <wf lemma="Illegálisan" pos="X">Illegálisan</wf>
         <wf lemma="ugyan" pos="X">ugyan</wf>
         <wf lemma="," pos="X">,</wf>
         <wf lemma="de" pos="X">de</wf>
         <wf lemma="vett" pos="X">vett</wf>
         <instance id="d000.s4195.t000" lemma="petárda" pos="NOUN">petárdát</instance>
         <wf lemma="a" pos="X">a</wf>
         <wf lemma="bulihoz" pos="X">bulihoz</wf>
         <wf lemma="." pos="X">.</wf>
      </sentence>
      <sentence id="d000.s4196" source="wordnet-hungarian">
         <wf lemma="200" pos="X">200</wf>
         <instance id="d000.s4196.t000" lemma="darab" pos="NOUN">darab</instance>
         <wf lemma="szarvasmarha" pos="X">szarvasmarha</wf>
         <wf lemma="." pos="X">.</wf>
      </sentence>
      <sentence id="d000.s4197" source="wordnet-hungarian">
         <wf lemma="A" pos="X">A</wf>
         <wf lemma="premenstruális" pos="X">premenstruális</wf>
         <instance id="d000.s4197.t000" lemma="szindróma" pos="NOUN">szindróma</instance>
         <wf lemma="közvetlen" pos="X">közvetlen</wf>
         <wf lemma="kiváltó" pos="X">kiváltó</wf>
         <wf lemma="okát" pos="X">okát</wf>
         <wf lemma="mind" pos="X">mind</wf>
         <wf lemma="a" pos="X">a</wf>
         <wf lemma="mai" pos="X">mai</wf>
         <wf lemma="napig" pos="X">napig</wf>
         <wf lemma="nem" pos="X">nem</wf>
         <wf lemma="ismerjük" pos="X">ismerjük</wf>
         <wf lemma="pontosan" pos="X">pontosan</wf>
         <wf lemma="." pos="X">.</wf>
      </sentence>
      <sentence id="d000.s4198" source="wordnet-hungarian">
         <wf lemma="A" pos="X">A</wf>
         <wf lemma="megható" pos="X">megható</wf>
         <wf lemma="hír" pos="X">hír</wf>
         <wf lemma="hallatán" pos="X">hallatán</wf>
         <instance id="d000.s4198.t000" lemma="könny" pos="NOUN">könny</instance>
         <wf lemma="szökött" pos="X">szökött</wf>
         <wf lemma="a" pos="X">a</wf>
         <wf lemma="szemébe" pos="X">szemébe</wf>
         <wf lemma="." pos="X">.</wf>
      </sentence>
      <sentence id="d000.s4199" source="wordnet-hungarian">
         <wf lemma="Ó" pos="X">Ó</wf>
         <wf lemma="," pos="X">,</wf>
         <wf lemma="ha" pos="X">ha</wf>
         <instance id="d000.s4199.t000" lemma="cinke" pos="NOUN">cinke</instance>
         <wf lemma="volnék" pos="X">volnék</wf>
         <wf lemma="," pos="X">,</wf>
         <wf lemma="útrakelnék" pos="X">útrakelnék</wf>
         <wf lemma="," pos="X">,</wf>
         <wf lemma="hömpölygő" pos="X">hömpölygő</wf>
         <wf lemma="sugárban" pos="X">sugárban</wf>
         <wf lemma="énekelnék" pos="X">énekelnék</wf>
         <wf lemma="." pos="X">.</wf>
      </sentence>
      <sentence id="d000.s4200" source="wordnet-hungarian">
         <wf lemma="A" pos="X">A</wf>
         <instance id="d000.s4200.t000" lemma="tehervonat" pos="NOUN">tehervonat</instance>
         <wf lemma="csak" pos="X">csak</wf>
         <wf lemma="három" pos="X">három</wf>
         <wf lemma="vagonból" pos="X">vagonból</wf>
         <wf lemma="állt" pos="X">állt</wf>
         <wf lemma="." pos="X">.</wf>
      </sentence>
      <sentence id="d000.s4201" source="wordnet-hungarian">
         <wf lemma="A" pos="X">A</wf>
         <instance id="d000.s4201.t000" lemma="plutónium" pos="NOUN">plutónium</instance>
         <wf lemma="szintén" pos="X">szintén</wf>
         <wf lemma="radioaktív" pos="X">radioaktív</wf>
         <wf lemma="." pos="X">.</wf>
      </sentence>
      <sentence id="d000.s4202" source="wordnet-hungarian">
         <wf lemma="Az" pos="X">Az</wf>
         <instance id="d000.s4202.t000" lemma="állás" pos="NOUN">állás</instance>
         <wf lemma="nagyon" pos="X">nagyon</wf>
         <wf lemma="fárasztó" pos="X">fárasztó</wf>
         <wf lemma="tud" pos="X">tud</wf>
         <wf lemma="lenni" pos="X">lenni</wf>
         <wf lemma="." pos="X">.</wf>
      </sentence>
      <sentence id="d000.s4203" source="wordnet-hungarian">
         <wf lemma="Tomi" pos="X">Tomi</wf>
         <instance id="d000.s4203.t000" lemma="bohóc" pos="NOUN">bohóctól</instance>
         <wf lemma="el" pos="X">el</wf>
         <wf lemma="lehetett" pos="X">lehetett</wf>
         <wf lemma="lesni" pos="X">lesni</wf>
         <wf lemma="egy-egy" pos="X">egy-egy</wf>
         <wf lemma="furfangos" pos="X">furfangos</wf>
         <wf lemma="bűvészmutatványt" pos="X">bűvészmutatványt</wf>
         <wf lemma="." pos="X">.</wf>
      </sentence>
      <sentence id="d000.s4204" source="wordnet-hungarian">
         <wf lemma="Szívem" pos="X">Szívem</wf>
         <wf lemma="érted" pos="X">érted</wf>
         <instance id="d000.s4204.t000" lemma="ég" pos="VERB">ég</instance>
         <wf lemma="." pos="X">.</wf>
      </sentence>
      <sentence id="d000.s4205" source="wordnet-hungarian">
         <wf lemma="Az" pos="X">Az</wf>
         <instance id="d000.s4205.t000" lemma="ausztrál" pos="NOUN">ausztrálok</instance>
         <wf lemma="ma" pos="X">ma</wf>
         <wf lemma="már" pos="X">már</wf>
         <wf lemma="büszkén" pos="X">büszkén</wf>
         <wf lemma="mutogatják" pos="X">mutogatják</wf>
         <wf lemma="őslakóik" pos="X">őslakóik</wf>
         <wf lemma="kultúrális" pos="X">kultúrális</wf>
         <wf lemma="örökségét" pos="X">örökségét</wf>
         <wf lemma="." pos="X">.</wf>
      </sentence>
      <sentence id="d000.s4206" source="wordnet-hungarian">
         <wf lemma="Megint" pos="X">Megint</wf>
         <wf lemma="a" pos="X">a</wf>
         <instance id="d000.s4206.t000" lemma="köszvény" pos="NOUN">köszvény</instance>
         <wf lemma="kínozza" pos="X">kínozza</wf>
         <wf lemma="." pos="X">.</wf>
      </sentence>
      <sentence id="d000.s4207" source="wordnet-hungarian">
         <wf lemma="A" pos="X">A</wf>
         <instance id="d000.s4207.t000" lemma="serif" pos="NOUN">serifnek</instance>
         <wf lemma="a" pos="X">a</wf>
         <wf lemma="város" pos="X">város</wf>
         <wf lemma="nem" pos="X">nem</wf>
         <wf lemma="segít" pos="X">segít</wf>
         <wf lemma="," pos="X">,</wf>
         <wf lemma="így" pos="X">így</wf>
         <wf lemma="egyedül" pos="X">egyedül</wf>
         <wf lemma="kell" pos="X">kell</wf>
         <wf lemma="kiállnia" pos="X">kiállnia</wf>
         <wf lemma="a" pos="X">a</wf>
         <wf lemma="gyilkossal" pos="X">gyilkossal</wf>
         <wf lemma="." pos="X">.</wf>
      </sentence>
      <sentence id="d000.s4208" source="wordnet-hungarian">
         <wf lemma="A" pos="X">A</wf>
         <wf lemma="költőnek" pos="X">költőnek</wf>
         <wf lemma="ma" pos="X">ma</wf>
         <wf lemma="is" pos="X">is</wf>
         <wf lemma="élnek" pos="X">élnek</wf>
         <instance id="d000.s4208.t000" lemma="leszármazott" pos="NOUN">leszármazottai</instance>
         <wf lemma="." pos="X">.</wf>
      </sentence>
      <sentence id="d000.s4209" source="wordnet-hungarian">
         <wf lemma="A" pos="X">A</wf>
         <wf lemma="miniszterelnöki" pos="X">miniszterelnöki</wf>
         <wf lemma="beszédet" pos="X">beszédet</wf>
         <wf lemma="az" pos="X">az</wf>
         <wf lemma="ellenzék" pos="X">ellenzék</wf>
         <wf lemma="soraiból" pos="X">soraiból</wf>
         <wf lemma="jövő" pos="X">jövő</wf>
         <instance id="d000.s4209.t000" lemma="kiáltás" pos="NOUN">kiáltások</instance>
         <wf lemma="zavarták" pos="X">zavarták</wf>
         <wf lemma="meg" pos="X">meg</wf>
         <wf lemma="." pos="X">.</wf>
      </sentence>
      <sentence id="d000.s4210" source="wordnet-hungarian">
         <wf lemma="Hány" pos="X">Hány</wf>
         <instance id="d000.s4210.t000" lemma="tétel" pos="NOUN">tételből</instance>
         <wf lemma="áll" pos="X">áll</wf>
         <wf lemma="a" pos="X">a</wf>
         <wf lemma="listád" pos="X">listád</wf>
         <wf lemma="?" pos="X">?</wf>
      </sentence>
      <sentence id="d000.s4211" source="wordnet-hungarian">
         <wf lemma="A" pos="X">A</wf>
         <wf lemma="repülőgépek" pos="X">repülőgépek</wf>
         <instance id="d000.s4211.t000" lemma="navigáció" pos="NOUN">navigációját</instance>
         <wf lemma="műholdakkal" pos="X">műholdakkal</wf>
         <wf lemma="is" pos="X">is</wf>
         <wf lemma="segítik" pos="X">segítik</wf>
         <wf lemma="." pos="X">.</wf>
      </sentence>
      <sentence id="d000.s4212" source="wordnet-hungarian">
         <wf lemma="A" pos="X">A</wf>
         <instance id="d000.s4212.t000" lemma="kék" pos="NOUN">kékről</instance>
         <wf lemma="mindig" pos="X">mindig</wf>
         <wf lemma="a" pos="X">a</wf>
         <wf lemma="szarkaláb" pos="X">szarkaláb</wf>
         <wf lemma="jut" pos="X">jut</wf>
         <wf lemma="eszembe" pos="X">eszembe</wf>
         <wf lemma="." pos="X">.</wf>
      </sentence>
      <sentence id="d000.s4213" source="wordnet-hungarian">
         <wf lemma="Ivott" pos="X">Ivott</wf>
         <wf lemma="egy" pos="X">egy</wf>
         <wf lemma="sört" pos="X">sört</wf>
         <wf lemma="a" pos="X">a</wf>
         <instance id="d000.s4213.t000" lemma="bár" pos="NOUN">bárban</instance>
         <wf lemma="." pos="X">.</wf>
      </sentence>
      <sentence id="d000.s4214" source="wordnet-hungarian">
         <wf lemma="Kovács" pos="X">Kovács</wf>
         <instance id="d000.s4214.t000" lemma="úr" pos="NOUN">Úr</instance>
         <wf lemma="!" pos="X">!</wf>
         <wf lemma="Kérem" pos="X">Kérem</wf>
         <wf lemma="tartsa" pos="X">tartsa</wf>
         <wf lemma="nyitva" pos="X">nyitva</wf>
         <wf lemma="a" pos="X">a</wf>
         <wf lemma="kaput" pos="X">kaput</wf>
         <wf lemma="egy" pos="X">egy</wf>
         <wf lemma="pillanatra" pos="X">pillanatra</wf>
         <wf lemma="!" pos="X">!</wf>
      </sentence>
      <sentence id="d000.s4215" source="wordnet-hungarian">
         <wf lemma="A" pos="X">A</wf>
         <instance id="d000.s4215.t000" lemma="forráspont" pos="NOUN">forráspont</instance>
         <wf lemma="-" pos="X">-</wf>
         <wf lemma="ellentétben" pos="X">ellentétben</wf>
         <wf lemma="az" pos="X">az</wf>
         <wf lemma="olvadásponttal" pos="X">olvadásponttal</wf>
         <wf lemma="-" pos="X">-</wf>
         <wf lemma="erősen" pos="X">erősen</wf>
         <wf lemma="függ" pos="X">függ</wf>
         <wf lemma="a" pos="X">a</wf>
         <wf lemma="nyomástól" pos="X">nyomástól</wf>
         <wf lemma="." pos="X">.</wf>
      </sentence>
      <sentence id="d000.s4216" source="wordnet-hungarian">
         <wf lemma="A" pos="X">A</wf>
         <wf lemma="légkörben" pos="X">légkörben</wf>
         <wf lemma="nem" pos="X">nem</wf>
         <wf lemma="csak" pos="X">csak</wf>
         <wf lemma="levegő" pos="X">levegő</wf>
         <wf lemma="található" pos="X">található</wf>
         <wf lemma="," pos="X">,</wf>
         <wf lemma="hanem" pos="X">hanem</wf>
         <instance id="d000.s4216.t000" lemma="víz" pos="NOUN">vízgőz</instance>
         <wf lemma="is" pos="X">is</wf>
         <wf lemma="," pos="X">,</wf>
         <wf lemma="ami" pos="X">ami</wf>
         <wf lemma="láthatatlan" pos="X">láthatatlan</wf>
         <wf lemma="." pos="X">.</wf>
      </sentence>
      <sentence id="d000.s4217" source="wordnet-hungarian">
         <wf lemma="Javaik" pos="X">Javaik</wf>
         <instance id="d000.s4217.t000" lemma="elkobzás" pos="NOUN">elkobzása</instance>
         <wf lemma="miatt" pos="X">miatt</wf>
         <wf lemma="tüntető" pos="X">tüntető</wf>
         <wf lemma="keresztényeket" pos="X">keresztényeket</wf>
         <wf lemma="vert" pos="X">vert</wf>
         <wf lemma="a" pos="X">a</wf>
         <wf lemma="kínai" pos="X">kínai</wf>
         <wf lemma="rendőrség" pos="X">rendőrség</wf>
         <wf lemma="." pos="X">.</wf>
      </sentence>
      <sentence id="d000.s4218" source="wordnet-hungarian">
         <wf lemma="A" pos="X">A</wf>
         <instance id="d000.s4218.t000" lemma="szingaléz" pos="NOUN">szingalézek</instance>
         <wf lemma="a" pos="X">a</wf>
         <wf lemma="szanszkrittal" pos="X">szanszkrittal</wf>
         <wf lemma="rokon" pos="X">rokon</wf>
         <wf lemma="indoárja" pos="X">indoárja</wf>
         <wf lemma="nyelvet" pos="X">nyelvet</wf>
         <wf lemma="beszélnek" pos="X">beszélnek</wf>
         <wf lemma="." pos="X">.</wf>
      </sentence>
      <sentence id="d000.s4219" source="wordnet-hungarian">
         <wf lemma="Szingapúrban" pos="X">Szingapúrban</wf>
         <wf lemma="nagy" pos="X">nagy</wf>
         <wf lemma="számban" pos="X">számban</wf>
         <wf lemma="élnek" pos="X">élnek</wf>
         <wf lemma="kínaiak" pos="X">kínaiak</wf>
         <wf lemma="," pos="X">,</wf>
         <wf lemma="malájok" pos="X">malájok</wf>
         <wf lemma="," pos="X">,</wf>
         <wf lemma="indiaiak" pos="X">indiaiak</wf>
         <wf lemma="és" pos="X">és</wf>
         <instance id="d000.s4219.t000" lemma="eurázsiai" pos="NOUN">eurázsiaiak</instance>
         <wf lemma="." pos="X">.</wf>
      </sentence>
      <sentence id="d000.s4220" source="wordnet-hungarian">
         <wf lemma="Nézz" pos="X">Nézz</wf>
         <wf lemma="a" pos="X">a</wf>
         <instance id="d000.s4220.t000" lemma="bal" pos="NOUN">bal</instance>
         <wf lemma="oldal" pos="X">oldal</wf>
         <wf lemma="felé" pos="X">felé</wf>
         <wf lemma="is" pos="X">is</wf>
         <wf lemma="mielőtt" pos="X">mielőtt</wf>
         <wf lemma="lekanyarodsz" pos="X">lekanyarodsz</wf>
         <wf lemma="!" pos="X">!</wf>
      </sentence>
      <sentence id="d000.s4221" source="wordnet-hungarian">
         <wf lemma="A" pos="X">A</wf>
         <wf lemma="nyugdíjrendszer" pos="X">nyugdíjrendszer</wf>
         <wf lemma="harmadik" pos="X">harmadik</wf>
         <wf lemma="szintje" pos="X">szintje</wf>
         <wf lemma="az" pos="X">az</wf>
         <wf lemma="önkéntes" pos="X">önkéntes</wf>
         <instance id="d000.s4221.t000" lemma="nyugdíjpénztár" pos="NOUN">nyugdíjpénztár</instance>
         <wf lemma="." pos="X">.</wf>
      </sentence>
      <sentence id="d000.s4222" source="wordnet-hungarian">
         <wf lemma="Régen" pos="X">Régen</wf>
         <wf lemma="a" pos="X">a</wf>
         <instance id="d000.s4222.t000" lemma="fogászat" pos="NOUN">fogászattal</instance>
         <wf lemma="foglalkozók" pos="X">foglalkozók</wf>
         <wf lemma="előképzettsége" pos="X">előképzettsége</wf>
         <wf lemma="igen" pos="X">igen</wf>
         <wf lemma="különböző" pos="X">különböző</wf>
         <wf lemma="volt" pos="X">volt</wf>
         <wf lemma="." pos="X">.</wf>
      </sentence>
      <sentence id="d000.s4223" source="wordnet-hungarian">
         <wf lemma="A" pos="X">A</wf>
         <wf lemma="szerves" pos="X">szerves</wf>
         <wf lemma="lények" pos="X">lények</wf>
         <wf lemma="szervezetére" pos="X">szervezetére</wf>
         <wf lemma="szintén" pos="X">szintén</wf>
         <wf lemma="erősen" pos="X">erősen</wf>
         <wf lemma="hat" pos="X">hat</wf>
         <wf lemma="a" pos="X">a</wf>
         <instance id="d000.s4223.t000" lemma="rádium" pos="NOUN">rádium</instance>
         <wf lemma="." pos="X">.</wf>
      </sentence>
      <sentence id="d000.s4224" source="wordnet-hungarian">
         <wf lemma="A" pos="X">A</wf>
         <wf lemma="Xia-uralom" pos="X">Xia-uralom</wf>
         <wf lemma="volt" pos="X">volt</wf>
         <wf lemma="az" pos="X">az</wf>
         <wf lemma="első" pos="X">első</wf>
         <instance id="d000.s4224.t000" lemma="dinasztia" pos="NOUN">dinasztia</instance>
         <wf lemma="Kína" pos="X">Kína</wf>
         <wf lemma="történetében" pos="X">történetében</wf>
         <wf lemma="." pos="X">.</wf>
      </sentence>
      <sentence id="d000.s4225" source="wordnet-hungarian">
         <wf lemma="A" pos="X">A</wf>
         <wf lemma="laborból" pos="X">laborból</wf>
         <wf lemma="még" pos="X">még</wf>
         <wf lemma="várják" pos="X">várják</wf>
         <wf lemma="az" pos="X">az</wf>
         <instance id="d000.s4225.t000" lemma="analízis" pos="NOUN">analízis</instance>
         <wf lemma="eredményét" pos="X">eredményét</wf>
         <wf lemma="." pos="X">.</wf>
      </sentence>
      <sentence id="d000.s4226" source="wordnet-hungarian">
         <wf lemma="A" pos="X">A</wf>
         <wf lemma="nagykövet" pos="X">nagykövet</wf>
         <wf lemma="egy" pos="X">egy</wf>
         <wf lemma="ismerkedő" pos="X">ismerkedő</wf>
         <wf lemma="estet" pos="X">estet</wf>
         <wf lemma="szervezett" pos="X">szervezett</wf>
         <wf lemma="," pos="X">,</wf>
         <wf lemma="ahova" pos="X">ahova</wf>
         <wf lemma="meghívta" pos="X">meghívta</wf>
         <wf lemma="a" pos="X">a</wf>
         <wf lemma="misszió" pos="X">misszió</wf>
         <wf lemma="diplomatáit" pos="X">diplomatáit</wf>
         <wf lemma="és" pos="X">és</wf>
         <instance id="d000.s4226.t000" lemma="gyakornok" pos="NOUN">gyakornokait</instance>
         <wf lemma="." pos="X">.</wf>
      </sentence>
      <sentence id="d000.s4227" source="wordnet-hungarian">
         <instance id="d000.s4227.t000" lemma="eredet" pos="NOUN">Eredetét</instance>
         <wf lemma="tekintve" pos="X">tekintve</wf>
         <wf lemma="a" pos="X">a</wf>
         <wf lemma="14." pos="X">14.</wf>
         <wf lemma="századból" pos="X">századból</wf>
         <wf lemma="való" pos="X">való</wf>
         <wf lemma="." pos="X">.</wf>
      </sentence>
      <sentence id="d000.s4228" source="wordnet-hungarian">
         <wf lemma="Manapság" pos="X">Manapság</wf>
         <wf lemma="egyre" pos="X">egyre</wf>
         <wf lemma="több" pos="X">több</wf>
         <wf lemma="fiatal" pos="X">fiatal</wf>
         <instance id="d000.s4228.t000" lemma="dohányzik" pos="VERB">dohányzik</instance>
         <wf lemma="." pos="X">.</wf>
      </sentence>
      <sentence id="d000.s4229" source="wordnet-hungarian">
         <wf lemma="Furcsa" pos="X">Furcsa</wf>
         <wf lemma="a" pos="X">a</wf>
         <instance id="d000.s4229.t000" lemma="szerkezet" pos="NOUN">szerkezete</instance>
         <wf lemma="ennek" pos="X">ennek</wf>
         <wf lemma="a" pos="X">a</wf>
         <wf lemma="tévékészüléknek" pos="X">tévékészüléknek</wf>
         <wf lemma="." pos="X">.</wf>
      </sentence>
      <sentence id="d000.s4230" source="wordnet-hungarian">
         <wf lemma="A" pos="X">A</wf>
         <instance id="d000.s4230.t000" lemma="lovas" pos="NOUN">lovasok</instance>
         <wf lemma="a" pos="X">a</wf>
         <wf lemma="gyalogság" pos="X">gyalogság</wf>
         <wf lemma="mögött" pos="X">mögött</wf>
         <wf lemma="sorakoztak" pos="X">sorakoztak</wf>
         <wf lemma="fel" pos="X">fel</wf>
         <wf lemma="." pos="X">.</wf>
      </sentence>
      <sentence id="d000.s4231" source="wordnet-hungarian">
         <wf lemma="A" pos="X">A</wf>
         <instance id="d000.s4231.t000" lemma="portugál" pos="NOUN">portugálok</instance>
         <wf lemma="is" pos="X">is</wf>
         <wf lemma="nehezen" pos="X">nehezen</wf>
         <wf lemma="váltak" pos="X">váltak</wf>
         <wf lemma="meg" pos="X">meg</wf>
         <wf lemma="," pos="X">,</wf>
         <wf lemma="régi" pos="X">régi</wf>
         <wf lemma="gyarmatuktól" pos="X">gyarmatuktól</wf>
         <wf lemma="," pos="X">,</wf>
         <wf lemma="Makaó" pos="X">Makaó</wf>
         <wf lemma="szigetétől" pos="X">szigetétől</wf>
         <wf lemma="." pos="X">.</wf>
      </sentence>
      <sentence id="d000.s4232" source="wordnet-hungarian">
         <wf lemma="Ezt" pos="X">Ezt</wf>
         <wf lemma="a" pos="X">a</wf>
         <wf lemma="dobozt" pos="X">dobozt</wf>
         <instance id="d000.s4232.t000" lemma="tábla" pos="NOUN">táblákból</instance>
         <wf lemma="rakták" pos="X">rakták</wf>
         <wf lemma="össze" pos="X">össze</wf>
         <wf lemma="." pos="X">.</wf>
      </sentence>
      <sentence id="d000.s4233" source="wordnet-hungarian">
         <wf lemma="A" pos="X">A</wf>
         <wf lemma="múlt" pos="X">múlt</wf>
         <wf lemma="nyári" pos="X">nyári</wf>
         <instance id="d000.s4233.t000" lemma="tűzvész" pos="NOUN">tűzvész</instance>
         <wf lemma="által" pos="X">által</wf>
         <wf lemma="okozott" pos="X">okozott</wf>
         <wf lemma="károk" pos="X">károk</wf>
         <wf lemma="helyreállítása" pos="X">helyreállítása</wf>
         <wf lemma="évekbe" pos="X">évekbe</wf>
         <wf lemma="fog" pos="X">fog</wf>
         <wf lemma="kerülni" pos="X">kerülni</wf>
         <wf lemma="." pos="X">.</wf>
      </sentence>
      <sentence id="d000.s4234" source="wordnet-hungarian">
         <wf lemma="Az" pos="X">Az</wf>
         <wf lemma="olyan" pos="X">olyan</wf>
         <wf lemma="informatikai" pos="X">informatikai</wf>
         <wf lemma="rendszereket" pos="X">rendszereket</wf>
         <wf lemma="fejlesztenek" pos="X">fejlesztenek</wf>
         <wf lemma="ki" pos="X">ki</wf>
         <wf lemma="," pos="X">,</wf>
         <wf lemma="amelyek" pos="X">amelyek</wf>
         <wf lemma="az" pos="X">az</wf>
         <wf lemma="úgynevezett" pos="X">úgynevezett</wf>
         <instance id="d000.s4234.t000" lemma="visszacsatolás" pos="NOUN">visszacsatolás</instance>
         <wf lemma="elvén" pos="X">elvén</wf>
         <wf lemma="működnek" pos="X">működnek</wf>
         <wf lemma="." pos="X">.</wf>
      </sentence>
      <sentence id="d000.s4235" source="wordnet-hungarian">
         <wf lemma="Az" pos="X">Az</wf>
         <instance id="d000.s4235.t000" lemma="emésztőrendszer" pos="NOUN">emésztőrendszer</instance>
         <wf lemma="zavarainak" pos="X">zavarainak</wf>
         <wf lemma="leggyakoribb" pos="X">leggyakoribb</wf>
         <wf lemma="okai" pos="X">okai</wf>
         <wf lemma="az" pos="X">az</wf>
         <wf lemma="étkezési" pos="X">étkezési</wf>
         <wf lemma="hibák" pos="X">hibák</wf>
         <wf lemma="." pos="X">.</wf>
      </sentence>
      <sentence id="d000.s4236" source="wordnet-hungarian">
         <wf lemma="Egy" pos="X">Egy</wf>
         <wf lemma="sikeres" pos="X">sikeres</wf>
         <wf lemma="zenésznek" pos="X">zenésznek</wf>
         <wf lemma="legalább" pos="X">legalább</wf>
         <wf lemma="három" pos="X">három</wf>
         <wf lemma="jó" pos="X">jó</wf>
         <instance id="d000.s4236.t000" lemma="dal" pos="NOUN">dalt</instance>
         <wf lemma="kell" pos="X">kell</wf>
         <wf lemma="írnia" pos="X">írnia</wf>
         <wf lemma="." pos="X">.</wf>
      </sentence>
      <sentence id="d000.s4237" source="wordnet-hungarian">
         <wf lemma="Rossz" pos="X">Rossz</wf>
         <instance id="d000.s4237.t000" lemma="egészség" pos="NOUN">egészségben</instance>
         <wf lemma="találta" pos="X">találta</wf>
         <wf lemma="szüleit" pos="X">szüleit</wf>
         <wf lemma="," pos="X">,</wf>
         <wf lemma="amikor" pos="X">amikor</wf>
         <wf lemma="hazalátogatott" pos="X">hazalátogatott</wf>
         <wf lemma="." pos="X">.</wf>
      </sentence>
      <sentence id="d000.s4238" source="wordnet-hungarian">
         <wf lemma="Nem" pos="X">Nem</wf>
         <instance id="d000.s4238.t000" lemma="lát" pos="VERB">látom</instance>
         <wf lemma="magam" pos="X">magam</wf>
         <wf lemma="előtt" pos="X">előtt</wf>
         <wf lemma="," pos="X">,</wf>
         <wf lemma="hogy" pos="X">hogy</wf>
         <wf lemma="fog" pos="X">fog</wf>
         <wf lemma="festeni" pos="X">festeni</wf>
         <wf lemma="az" pos="X">az</wf>
         <wf lemma="új" pos="X">új</wf>
         <wf lemma="épület" pos="X">épület</wf>
         <wf lemma="." pos="X">.</wf>
      </sentence>
      <sentence id="d000.s4239" source="wordnet-hungarian">
         <wf lemma="Miért" pos="X">Miért</wf>
         <wf lemma="utasította" pos="X">utasította</wf>
         <wf lemma="el" pos="X">el</wf>
         <wf lemma="a" pos="X">a</wf>
         <instance id="d000.s4239.t000" lemma="francia" pos="NOUN">franciák</instance>
         <wf lemma="többsége" pos="X">többsége</wf>
         <wf lemma="az" pos="X">az</wf>
         <wf lemma="európai" pos="X">európai</wf>
         <wf lemma="alkotmányt" pos="X">alkotmányt</wf>
         <wf lemma="?" pos="X">?</wf>
      </sentence>
      <sentence id="d000.s4240" source="wordnet-hungarian">
         <wf lemma="Ebben" pos="X">Ebben</wf>
         <wf lemma="a" pos="X">a</wf>
         <instance id="d000.s4240.t000" lemma="kerület" pos="NOUN">kerületben</instance>
         <wf lemma="a" pos="X">a</wf>
         <wf lemma="szocialisták" pos="X">szocialisták</wf>
         <wf lemma="álltak" pos="X">álltak</wf>
         <wf lemma="nyerésre" pos="X">nyerésre</wf>
         <wf lemma="az" pos="X">az</wf>
         <wf lemma="első" pos="X">első</wf>
         <wf lemma="forduló" pos="X">forduló</wf>
         <wf lemma="után" pos="X">után</wf>
         <wf lemma="." pos="X">.</wf>
      </sentence>
      <sentence id="d000.s4241" source="wordnet-hungarian">
         <wf lemma="Ahogy" pos="X">Ahogy</wf>
         <wf lemma="a" pos="X">a</wf>
         <wf lemma="szavak" pos="X">szavak</wf>
         <instance id="d000.s4241.t000" lemma="következik" pos="VERB">következtek</instance>
         <wf lemma="egymás" pos="X">egymás</wf>
         <wf lemma="után" pos="X">után</wf>
         <wf lemma="," pos="X">,</wf>
         <wf lemma="egy" pos="X">egy</wf>
         <wf lemma="kegyetlen" pos="X">kegyetlen</wf>
         <wf lemma="kor" pos="X">kor</wf>
         <wf lemma="kegyetlen" pos="X">kegyetlen</wf>
         <wf lemma="forgatókönyvének" pos="X">forgatókönyvének</wf>
         <wf lemma="látszottak" pos="X">látszottak</wf>
         <wf lemma="." pos="X">.</wf>
      </sentence>
      <sentence id="d000.s4242" source="wordnet-hungarian">
         <wf lemma="Több" pos="X">Több</wf>
         <wf lemma="háziállatot" pos="X">háziállatot</wf>
         <wf lemma="is" pos="X">is</wf>
         <wf lemma="tartott" pos="X">tartott</wf>
         <wf lemma=":" pos="X">:</wf>
         <wf lemma="két" pos="X">két</wf>
         <wf lemma="kutyát" pos="X">kutyát</wf>
         <wf lemma="," pos="X">,</wf>
         <wf lemma="két" pos="X">két</wf>
         <instance id="d000.s4242.t000" lemma="pinty" pos="NOUN">pintyet</instance>
         <wf lemma="és" pos="X">és</wf>
         <wf lemma="sok" pos="X">sok</wf>
         <wf lemma="halat" pos="X">halat</wf>
         <wf lemma="." pos="X">.</wf>
      </sentence>
      <sentence id="d000.s4243" source="wordnet-hungarian">
         <wf lemma="Az" pos="X">Az</wf>
         <wf lemma="ingázó" pos="X">ingázó</wf>
         <instance id="d000.s4243.t000" lemma="társadalomtudós" pos="NOUN">társadalomtudós</instance>
         <wf lemma="jól" pos="X">jól</wf>
         <wf lemma="ismeri" pos="X">ismeri</wf>
         <wf lemma="az" pos="X">az</wf>
         <wf lemma="egyre" pos="X">egyre</wf>
         <wf lemma="nagyobb" pos="X">nagyobb</wf>
         <wf lemma="tömegeket" pos="X">tömegeket</wf>
         <wf lemma="érintő" pos="X">érintő</wf>
         <wf lemma="elszegényedés" pos="X">elszegényedés</wf>
         <wf lemma="hazai" pos="X">hazai</wf>
         <wf lemma="problémáit" pos="X">problémáit</wf>
         <wf lemma="." pos="X">.</wf>
      </sentence>
      <sentence id="d000.s4244" source="wordnet-hungarian">
         <wf lemma="A" pos="X">A</wf>
         <instance id="d000.s4244.t000" lemma="floridai" pos="NOUN">floridaiak</instance>
         <wf lemma="-" pos="X">-</wf>
         <wf lemma="az" pos="X">az</wf>
         <wf lemma="előzményekből" pos="X">előzményekből</wf>
         <wf lemma="okulván" pos="X">okulván</wf>
         <wf lemma="-" pos="X">-</wf>
         <wf lemma="már" pos="X">már</wf>
         <wf lemma="menekülnek" pos="X">menekülnek</wf>
         <wf lemma="Wilma" pos="X">Wilma</wf>
         <wf lemma="hurrikán" pos="X">hurrikán</wf>
         <wf lemma="elől" pos="X">elől</wf>
         <wf lemma="." pos="X">.</wf>
      </sentence>
      <sentence id="d000.s4245" source="wordnet-hungarian">
         <wf lemma="A" pos="X">A</wf>
         <wf lemma="véralvadás" pos="X">véralvadás</wf>
         <wf lemma="vizsgálatoknál" pos="X">vizsgálatoknál</wf>
         <wf lemma="bármiféle" pos="X">bármiféle</wf>
         <instance id="d000.s4245.t000" lemma="inhibitor" pos="NOUN">inhibitor</instance>
         <wf lemma="kimutatása" pos="X">kimutatása</wf>
         <wf lemma="keveréses" pos="X">keveréses</wf>
         <wf lemma="vizsgálatokkal" pos="X">vizsgálatokkal</wf>
         <wf lemma="történik" pos="X">történik</wf>
         <wf lemma="." pos="X">.</wf>
      </sentence>
      <sentence id="d000.s4246" source="wordnet-hungarian">
         <wf lemma="Ausztria" pos="X">Ausztria</wf>
         <wf lemma="és" pos="X">és</wf>
         <wf lemma="Olaszország" pos="X">Olaszország</wf>
         <wf lemma="között" pos="X">között</wf>
         <instance id="d000.s4246.t000" lemma="alagút" pos="NOUN">alagúton</instance>
         <wf lemma="lehet" pos="X">lehet</wf>
         <wf lemma="átkelni" pos="X">átkelni</wf>
         <wf lemma="az" pos="X">az</wf>
         <wf lemma="Alpokon" pos="X">Alpokon</wf>
         <wf lemma="." pos="X">.</wf>
      </sentence>
      <sentence id="d000.s4247" source="wordnet-hungarian">
         <wf lemma="Bizonyos" pos="X">Bizonyos</wf>
         <instance id="d000.s4247.t000" lemma="csillag" pos="NOUN">csillagok</instance>
         <wf lemma="haldoklásának" pos="X">haldoklásának</wf>
         <wf lemma="utolsó" pos="X">utolsó</wf>
         <wf lemma="fázisában" pos="X">fázisában</wf>
         <wf lemma="az" pos="X">az</wf>
         <wf lemma="égitest" pos="X">égitest</wf>
         <wf lemma="összeomlik" pos="X">összeomlik</wf>
         <wf lemma="." pos="X">.</wf>
      </sentence>
      <sentence id="d000.s4248" source="wordnet-hungarian">
         <wf lemma="Ez" pos="X">Ez</wf>
         <wf lemma="a" pos="X">a</wf>
         <instance id="d000.s4248.t000" lemma="tigris" pos="NOUN">tigris</instance>
         <wf lemma="," pos="X">,</wf>
         <wf lemma="ez" pos="X">ez</wf>
         <wf lemma="is" pos="X">is</wf>
         <wf lemma="macska" pos="X">macska</wf>
         <wf lemma="," pos="X">,</wf>
         <wf lemma="csak" pos="X">csak</wf>
         <wf lemma="egy" pos="X">egy</wf>
         <wf lemma="kicsit" pos="X">kicsit</wf>
         <wf lemma="nagyobbacska" pos="X">nagyobbacska</wf>
         <wf lemma="." pos="X">.</wf>
      </sentence>
      <sentence id="d000.s4249" source="wordnet-hungarian">
         <wf lemma="Olyan" pos="X">Olyan</wf>
         <instance id="d000.s4249.t000" lemma="lendület" pos="NOUN">lendülettel</instance>
         <wf lemma="vetette" pos="X">vetette</wf>
         <wf lemma="bele" pos="X">bele</wf>
         <wf lemma="magát" pos="X">magát</wf>
         <wf lemma="a" pos="X">a</wf>
         <wf lemma="munkába" pos="X">munkába</wf>
         <wf lemma="," pos="X">,</wf>
         <wf lemma="amit" pos="X">amit</wf>
         <wf lemma="még" pos="X">még</wf>
         <wf lemma="szem" pos="X">szem</wf>
         <wf lemma="nem" pos="X">nem</wf>
         <wf lemma="látott" pos="X">látott</wf>
         <wf lemma="." pos="X">.</wf>
      </sentence>
      <sentence id="d000.s4250" source="wordnet-hungarian">
         <instance id="d000.s4250.t000" lemma="kortárs" pos="NOUN">Kortársai</instance>
         <wf lemma="körében" pos="X">körében</wf>
         <wf lemma="sosem" pos="X">sosem</wf>
         <wf lemma="talált" pos="X">talált</wf>
         <wf lemma="megértésre" pos="X">megértésre</wf>
         <wf lemma="és" pos="X">és</wf>
         <wf lemma="igazi" pos="X">igazi</wf>
         <wf lemma="barátokra" pos="X">barátokra</wf>
         <wf lemma="." pos="X">.</wf>
      </sentence>
      <sentence id="d000.s4251" source="wordnet-hungarian">
         <wf lemma="Az" pos="X">Az</wf>
         <wf lemma="ajtó" pos="X">ajtó</wf>
         <wf lemma="alján" pos="X">alján</wf>
         <wf lemma="található" pos="X">található</wf>
         <instance id="d000.s4251.t000" lemma="nyílás" pos="NOUN">nyíláson</instance>
         <wf lemma="keresztül" pos="X">keresztül</wf>
         <wf lemma="áramlik" pos="X">áramlik</wf>
         <wf lemma="be" pos="X">be</wf>
         <wf lemma="a" pos="X">a</wf>
         <wf lemma="levegő" pos="X">levegő</wf>
         <wf lemma="a" pos="X">a</wf>
         <wf lemma="szobába" pos="X">szobába</wf>
         <wf lemma="." pos="X">.</wf>
      </sentence>
      <sentence id="d000.s4252" source="wordnet-hungarian">
         <wf lemma="Akkoriban" pos="X">Akkoriban</wf>
         <wf lemma="," pos="X">,</wf>
         <wf lemma="amikor" pos="X">amikor</wf>
         <wf lemma="egy" pos="X">egy</wf>
         <instance id="d000.s4252.t000" lemma="törvényszegő" pos="NOUN">törvényszegőt</instance>
         <wf lemma="keze" pos="X">keze</wf>
         <wf lemma="," pos="X">,</wf>
         <wf lemma="orra" pos="X">orra</wf>
         <wf lemma="és" pos="X">és</wf>
         <wf lemma="a" pos="X">a</wf>
         <wf lemma="fülei" pos="X">fülei</wf>
         <wf lemma="levágásával" pos="X">levágásával</wf>
         <wf lemma="büntettek" pos="X">büntettek</wf>
         <wf lemma="," pos="X">,</wf>
         <wf lemma="az" pos="X">az</wf>
         <wf lemma="emberéletnek" pos="X">emberéletnek</wf>
         <wf lemma="nem" pos="X">nem</wf>
         <wf lemma="volt" pos="X">volt</wf>
         <wf lemma="nagy" pos="X">nagy</wf>
         <wf lemma="értéke" pos="X">értéke</wf>
         <wf lemma="." pos="X">.</wf>
      </sentence>
      <sentence id="d000.s4253" source="wordnet-hungarian">
         <wf lemma="A" pos="X">A</wf>
         <instance id="d000.s4253.t000" lemma="törmelék" pos="NOUN">törmeléket</instance>
         <wf lemma="eldaták" pos="X">eldaták</wf>
         <wf lemma="az" pos="X">az</wf>
         <wf lemma="építkezés" pos="X">építkezés</wf>
         <wf lemma="után" pos="X">után</wf>
         <wf lemma="." pos="X">.</wf>
      </sentence>
      <sentence id="d000.s4254" source="wordnet-hungarian">
         <wf lemma="Ebben" pos="X">Ebben</wf>
         <wf lemma="a" pos="X">a</wf>
         <instance id="d000.s4254.t000" lemma="bunda" pos="NOUN">bundában</instance>
         <wf lemma="nem" pos="X">nem</wf>
         <wf lemma="érezni" pos="X">érezni</wf>
         <wf lemma="a" pos="X">a</wf>
         <wf lemma="kamcsatkai" pos="X">kamcsatkai</wf>
         <wf lemma="telet" pos="X">telet</wf>
         <wf lemma="." pos="X">.</wf>
      </sentence>
      <sentence id="d000.s4255" source="wordnet-hungarian">
         <wf lemma="A" pos="X">A</wf>
         <instance id="d000.s4255.t000" lemma="szilárdtest" pos="NOUN">szilárdtestek</instance>
         <wf lemma="kémiája" pos="X">kémiája</wf>
         <wf lemma="a" pos="X">a</wf>
         <wf lemma="vegytan" pos="X">vegytan</wf>
         <wf lemma="külön" pos="X">külön</wf>
         <wf lemma="ága" pos="X">ága</wf>
         <wf lemma="." pos="X">.</wf>
      </sentence>
      <sentence id="d000.s4256" source="wordnet-hungarian">
         <wf lemma="Tövig" pos="X">Tövig</wf>
         <wf lemma="nyomd" pos="X">nyomd</wf>
         <wf lemma="a" pos="X">a</wf>
         <instance id="d000.s4256.t000" lemma="gázpedál" pos="NOUN">gázpedált</instance>
         <wf lemma="," pos="X">,</wf>
         <wf lemma="én" pos="X">én</wf>
         <wf lemma="száz" pos="X">száz</wf>
         <wf lemma="alatt" pos="X">alatt</wf>
         <wf lemma="szédülök" pos="X">szédülök</wf>
         <wf lemma="." pos="X">.</wf>
      </sentence>
      <sentence id="d000.s4257" source="wordnet-hungarian">
         <wf lemma="Van" pos="X">Van</wf>
         <wf lemma="befektetni" pos="X">befektetni</wf>
         <wf lemma="való" pos="X">való</wf>
         <instance id="d000.s4257.t000" lemma="tőke" pos="NOUN">tőkéje</instance>
         <wf lemma="." pos="X">.</wf>
      </sentence>
      <sentence id="d000.s4258" source="wordnet-hungarian">
         <wf lemma="Önálló" pos="X">Önálló</wf>
         <wf lemma="cselekvésre" pos="X">cselekvésre</wf>
         <wf lemma="való" pos="X">való</wf>
         <instance id="d000.s4258.t000" lemma="képtelenség" pos="NOUN">képtelensége</instance>
         <wf lemma="miatt" pos="X">miatt</wf>
         <wf lemma="vonult" pos="X">vonult</wf>
         <wf lemma="otthonba" pos="X">otthonba</wf>
         <wf lemma="." pos="X">.</wf>
      </sentence>
      <sentence id="d000.s4259" source="wordnet-hungarian">
         <wf lemma="Írásával" pos="X">Írásával</wf>
         <wf lemma="elnyerte" pos="X">elnyerte</wf>
         <wf lemma="a" pos="X">a</wf>
         <instance id="d000.s4259.t000" lemma="kritikus" pos="NOUN">kritikusok</instance>
         <wf lemma="nagydíját" pos="X">nagydíját</wf>
         <wf lemma="." pos="X">.</wf>
      </sentence>
      <sentence id="d000.s4260" source="wordnet-hungarian">
         <wf lemma="A" pos="X">A</wf>
         <instance id="d000.s4260.t000" lemma="kókuszdió" pos="NOUN">kókuszdió</instance>
         <wf lemma="kemény" pos="X">kemény</wf>
         <wf lemma="héja" pos="X">héja</wf>
         <wf lemma="alatt" pos="X">alatt</wf>
         <wf lemma="vékony" pos="X">vékony</wf>
         <wf lemma="rétegű" pos="X">rétegű</wf>
         <wf lemma="hófehér" pos="X">hófehér</wf>
         <wf lemma="hús" pos="X">hús</wf>
         <wf lemma="rejtőzik" pos="X">rejtőzik</wf>
         <wf lemma="," pos="X">,</wf>
         <wf lemma="a" pos="X">a</wf>
         <wf lemma="belső" pos="X">belső</wf>
         <wf lemma="üreget" pos="X">üreget</wf>
         <wf lemma="pedig" pos="X">pedig</wf>
         <wf lemma="áttetsző" pos="X">áttetsző</wf>
         <wf lemma="folyadék" pos="X">folyadék</wf>
         <wf lemma="tölti" pos="X">tölti</wf>
         <wf lemma="ki" pos="X">ki</wf>
         <wf lemma="," pos="X">,</wf>
         <wf lemma="mely" pos="X">mely</wf>
         <wf lemma="kellemes" pos="X">kellemes</wf>
         <wf lemma="," pos="X">,</wf>
         <wf lemma="édeskés" pos="X">édeskés</wf>
         <wf lemma="ízű" pos="X">ízű</wf>
         <wf lemma="." pos="X">.</wf>
      </sentence>
      <sentence id="d000.s4261" source="wordnet-hungarian">
         <wf lemma="A" pos="X">A</wf>
         <instance id="d000.s4261.t000" lemma="kanyaró" pos="NOUN">kanyaró</instance>
         <wf lemma="nagyon" pos="X">nagyon</wf>
         <wf lemma="fertőző" pos="X">fertőző</wf>
         <wf lemma="gyermekbetegség" pos="X">gyermekbetegség</wf>
         <wf lemma="," pos="X">,</wf>
         <wf lemma="amiben" pos="X">amiben</wf>
         <wf lemma="felnőttek" pos="X">felnőttek</wf>
         <wf lemma="is" pos="X">is</wf>
         <wf lemma="megbetegedhetnek" pos="X">megbetegedhetnek</wf>
         <wf lemma="." pos="X">.</wf>
      </sentence>
      <sentence id="d000.s4262" source="wordnet-hungarian">
         <wf lemma="Nem" pos="X">Nem</wf>
         <wf lemma="valami" pos="X">valami</wf>
         <wf lemma="jó" pos="X">jó</wf>
         <instance id="d000.s4262.t000" lemma="úszó" pos="NOUN">úszó</instance>
         <wf lemma="," pos="X">,</wf>
         <wf lemma="de" pos="X">de</wf>
         <wf lemma="azért" pos="X">azért</wf>
         <wf lemma="bemerészkedik" pos="X">bemerészkedik</wf>
         <wf lemma="a" pos="X">a</wf>
         <wf lemma="mélyebb" pos="X">mélyebb</wf>
         <wf lemma="vízbe" pos="X">vízbe</wf>
         <wf lemma="is" pos="X">is</wf>
         <wf lemma="." pos="X">.</wf>
      </sentence>
      <sentence id="d000.s4263" source="wordnet-hungarian">
         <wf lemma="Az" pos="X">Az</wf>
         <wf lemma="elsőként" pos="X">elsőként</wf>
         <wf lemma="érkező" pos="X">érkező</wf>
         <wf lemma="családok" pos="X">családok</wf>
         <wf lemma="kisebb" pos="X">kisebb</wf>
         <instance id="d000.s4263.t000" lemma="telep" pos="NOUN">telepet</instance>
         <wf lemma="alapítottak" pos="X">alapítottak</wf>
         <wf lemma="a" pos="X">a</wf>
         <wf lemma="prérin" pos="X">prérin</wf>
         <wf lemma="." pos="X">.</wf>
      </sentence>
      <sentence id="d000.s4264" source="wordnet-hungarian">
         <wf lemma="Az" pos="X">Az</wf>
         <wf lemma="üveg" pos="X">üveg</wf>
         <instance id="d000.s4264.t000" lemma="száj" pos="NOUN">szájából</instance>
         <wf lemma="többen" pos="X">többen</wf>
         <wf lemma="is" pos="X">is</wf>
         <wf lemma="ittak" pos="X">ittak</wf>
         <wf lemma="." pos="X">.</wf>
      </sentence>
      <sentence id="d000.s4265" source="wordnet-hungarian">
         <wf lemma="Ha" pos="X">Ha</wf>
         <wf lemma="a" pos="X">a</wf>
         <instance id="d000.s4265.t000" lemma="szerelő" pos="NOUN">szerelő</instance>
         <wf lemma="megtalálja" pos="X">megtalálja</wf>
         <wf lemma="hibát" pos="X">hibát</wf>
         <wf lemma="," pos="X">,</wf>
         <wf lemma="már" pos="X">már</wf>
         <wf lemma="délutánra" pos="X">délutánra</wf>
         <wf lemma="kész" pos="X">kész</wf>
         <wf lemma="lehet" pos="X">lehet</wf>
         <wf lemma="az" pos="X">az</wf>
         <wf lemma="autód" pos="X">autód</wf>
         <wf lemma="." pos="X">.</wf>
      </sentence>
      <sentence id="d000.s4266" source="wordnet-hungarian">
         <wf lemma="A" pos="X">A</wf>
         <wf lemma="több" pos="X">több</wf>
         <wf lemma="," pos="X">,</wf>
         <wf lemma="mint" pos="X">mint</wf>
         <wf lemma="3000" pos="X">3000</wf>
         <instance id="d000.s4266.t000" lemma="kőfaragó" pos="NOUN">kőfaragót</instance>
         <wf lemma="és" pos="X">és</wf>
         <wf lemma="építőipari" pos="X">építőipari</wf>
         <wf lemma="vállalkozást" pos="X">vállalkozást</wf>
         <wf lemma="tartalmazó" pos="X">tartalmazó</wf>
         <wf lemma="vevőkörünk" pos="X">vevőkörünk</wf>
         <wf lemma="manapság" pos="X">manapság</wf>
         <wf lemma="is" pos="X">is</wf>
         <wf lemma="folyamatosan" pos="X">folyamatosan</wf>
         <wf lemma="bővül" pos="X">bővül</wf>
         <wf lemma="." pos="X">.</wf>
      </sentence>
      <sentence id="d000.s4267" source="wordnet-hungarian">
         <wf lemma="A" pos="X">A</wf>
         <instance id="d000.s4267.t000" lemma="tölgy" pos="NOUN">tölgy</instance>
         <wf lemma="," pos="X">,</wf>
         <wf lemma="a" pos="X">a</wf>
         <wf lemma="hárs" pos="X">hárs</wf>
         <wf lemma="és" pos="X">és</wf>
         <wf lemma="a" pos="X">a</wf>
         <wf lemma="nyír" pos="X">nyír</wf>
         <wf lemma="őseink" pos="X">őseink</wf>
         <wf lemma="különös" pos="X">különös</wf>
         <wf lemma="tisztelettel" pos="X">tisztelettel</wf>
         <wf lemma="körülvett" pos="X">körülvett</wf>
         <wf lemma="fái" pos="X">fái</wf>
         <wf lemma="voltak" pos="X">voltak</wf>
         <wf lemma="." pos="X">.</wf>
      </sentence>
      <sentence id="d000.s4268" source="wordnet-hungarian">
         <wf lemma="A" pos="X">A</wf>
         <instance id="d000.s4268.t000" lemma="szláv" pos="NOUN">szlávok</instance>
         <wf lemma="őshazája" pos="X">őshazája</wf>
         <wf lemma="a" pos="X">a</wf>
         <wf lemma="mai" pos="X">mai</wf>
         <wf lemma="Lengyelország" pos="X">Lengyelország</wf>
         <wf lemma="területe" pos="X">területe</wf>
         <wf lemma="volt" pos="X">volt</wf>
         <wf lemma="." pos="X">.</wf>
      </sentence>
      <sentence id="d000.s4269" source="wordnet-hungarian">
         <wf lemma="A" pos="X">A</wf>
         <instance id="d000.s4269.t000" lemma="próféta" pos="NOUN">próféta</instance>
         <wf lemma="szakállára" pos="X">szakállára</wf>
         <wf lemma="esküszöm" pos="X">esküszöm</wf>
         <wf lemma="," pos="X">,</wf>
         <wf lemma="hogy" pos="X">hogy</wf>
         <wf lemma="nem" pos="X">nem</wf>
         <wf lemma="én" pos="X">én</wf>
         <wf lemma="loptam" pos="X">loptam</wf>
         <wf lemma="el" pos="X">el</wf>
         <wf lemma="azt" pos="X">azt</wf>
         <wf lemma="a" pos="X">a</wf>
         <wf lemma="drágakövet" pos="X">drágakövet</wf>
         <wf lemma="." pos="X">.</wf>
      </sentence>
      <sentence id="d000.s4270" source="wordnet-hungarian">
         <wf lemma="A" pos="X">A</wf>
         <wf lemma="gát" pos="X">gát</wf>
         <instance id="d000.s4270.t000" lemma="szakadás" pos="NOUN">szakadása</instance>
         <wf lemma="miatt" pos="X">miatt</wf>
         <wf lemma="árasztotta" pos="X">árasztotta</wf>
         <wf lemma="el" pos="X">el</wf>
         <wf lemma="a" pos="X">a</wf>
         <wf lemma="Tisza" pos="X">Tisza</wf>
         <wf lemma="Szegedet" pos="X">Szegedet</wf>
         <wf lemma="." pos="X">.</wf>
      </sentence>
      <sentence id="d000.s4271" source="wordnet-hungarian">
         <wf lemma="A" pos="X">A</wf>
         <wf lemma="kínai" pos="X">kínai</wf>
         <wf lemma="óriás" pos="X">óriás</wf>
         <instance id="d000.s4271.t000" lemma="bambusznád" pos="NOUN">bambusznád</instance>
         <wf lemma="egy" pos="X">egy</wf>
         <wf lemma="nap" pos="X">nap</wf>
         <wf lemma="alatt" pos="X">alatt</wf>
         <wf lemma="akár" pos="X">akár</wf>
         <wf lemma="1,21" pos="X">1,21</wf>
         <wf lemma="métert" pos="X">métert</wf>
         <wf lemma="is" pos="X">is</wf>
         <wf lemma="nő" pos="X">nő</wf>
         <wf lemma="." pos="X">.</wf>
      </sentence>
      <sentence id="d000.s4272" source="wordnet-hungarian">
         <wf lemma="Lemondott" pos="X">Lemondott</wf>
         <wf lemma="a" pos="X">a</wf>
         <wf lemma="pénzügyi" pos="X">pénzügyi</wf>
         <instance id="d000.s4272.t000" lemma="államtitkár" pos="NOUN">államtitkár</instance>
         <wf lemma="." pos="X">.</wf>
      </sentence>
      <sentence id="d000.s4273" source="wordnet-hungarian">
         <wf lemma="A" pos="X">A</wf>
         <wf lemma="nőknek" pos="X">nőknek</wf>
         <wf lemma="tíz-tizenkét" pos="X">tíz-tizenkét</wf>
         <wf lemma="olyan" pos="X">olyan</wf>
         <wf lemma="pont" pos="X">pont</wf>
         <wf lemma="van" pos="X">van</wf>
         <wf lemma="az" pos="X">az</wf>
         <wf lemma="agyában" pos="X">agyában</wf>
         <wf lemma="," pos="X">,</wf>
         <wf lemma="amellyel" pos="X">amellyel</wf>
         <wf lemma="felismerik" pos="X">felismerik</wf>
         <wf lemma="a" pos="X">a</wf>
         <wf lemma="testbeszédet" pos="X">testbeszédet</wf>
         <wf lemma="," pos="X">,</wf>
         <wf lemma="a" pos="X">a</wf>
         <instance id="d000.s4273.t000" lemma="beszédhang" pos="NOUN">beszédhang</instance>
         <wf lemma="változásait" pos="X">változásait</wf>
         <wf lemma="." pos="X">.</wf>
      </sentence>
      <sentence id="d000.s4274" source="wordnet-hungarian">
         <wf lemma="A" pos="X">A</wf>
         <wf lemma="pestis" pos="X">pestis</wf>
         <wf lemma="egész" pos="X">egész</wf>
         <wf lemma="városokat" pos="X">városokat</wf>
         <instance id="d000.s4274.t000" lemma="elpusztít" pos="VERB">elpusztított</instance>
         <wf lemma="." pos="X">.</wf>
      </sentence>
      <sentence id="d000.s4275" source="wordnet-hungarian">
         <wf lemma="Minden" pos="X">Minden</wf>
         <instance id="d000.s4275.t000" lemma="este" pos="NOUN">este</instance>
         <wf lemma="sokáig" pos="X">sokáig</wf>
         <wf lemma="tévézik" pos="X">tévézik</wf>
         <wf lemma="." pos="X">.</wf>
      </sentence>
      <sentence id="d000.s4276" source="wordnet-hungarian">
         <wf lemma="A" pos="X">A</wf>
         <instance id="d000.s4276.t000" lemma="munkanélküli" pos="NOUN">munkanélküliek</instance>
         <wf lemma="22.3" pos="X">22.3</wf>
         <wf lemma="százaléka" pos="X">százaléka</wf>
         <wf lemma="a" pos="X">a</wf>
         <wf lemma="munkaerőpiacon" pos="X">munkaerőpiacon</wf>
         <wf lemma="csak" pos="X">csak</wf>
         <wf lemma="kis" pos="X">kis</wf>
         <wf lemma="létszámban" pos="X">létszámban</wf>
         <wf lemma="jelenlévő" pos="X">jelenlévő</wf>
         <wf lemma="15-24" pos="X">15-24</wf>
         <wf lemma="éves" pos="X">éves</wf>
         <wf lemma="korosztályból" pos="X">korosztályból</wf>
         <wf lemma="került" pos="X">került</wf>
         <wf lemma="ki" pos="X">ki</wf>
         <wf lemma="." pos="X">.</wf>
      </sentence>
      <sentence id="d000.s4277" source="wordnet-hungarian">
         <wf lemma="A" pos="X">A</wf>
         <wf lemma="kés" pos="X">kés</wf>
         <instance id="d000.s4277.t000" lemma="hegy" pos="NOUN">hegye</instance>
         <wf lemma="megvillant" pos="X">megvillant</wf>
         <wf lemma="a" pos="X">a</wf>
         <wf lemma="holdfényben" pos="X">holdfényben</wf>
         <wf lemma="." pos="X">.</wf>
      </sentence>
      <sentence id="d000.s4278" source="wordnet-hungarian">
         <wf lemma="A" pos="X">A</wf>
         <wf lemma="Woodcrest" pos="X">Woodcrest</wf>
         <wf lemma="képes" pos="X">képes</wf>
         <wf lemma="megtörni" pos="X">megtörni</wf>
         <wf lemma="az" pos="X">az</wf>
         <wf lemma="Opteron" pos="X">Opteron</wf>
         <instance id="d000.s4278.t000" lemma="dominancia" pos="NOUN">dominanciáját</instance>
         <wf lemma="?" pos="X">?</wf>
      </sentence>
      <sentence id="d000.s4279" source="wordnet-hungarian">
         <wf lemma="A" pos="X">A</wf>
         <instance id="d000.s4279.t000" lemma="szeánsz" pos="NOUN">szeánszon</instance>
         <wf lemma="részt" pos="X">részt</wf>
         <wf lemma="vevő" pos="X">vevő</wf>
         <wf lemma="médiumok" pos="X">médiumok</wf>
         <wf lemma="érdekes" pos="X">érdekes</wf>
         <wf lemma="adatokkal" pos="X">adatokkal</wf>
         <wf lemma="szolgáltak" pos="X">szolgáltak</wf>
         <wf lemma="a" pos="X">a</wf>
         <wf lemma="szellemvilágról" pos="X">szellemvilágról</wf>
         <wf lemma="." pos="X">.</wf>
      </sentence>
      <sentence id="d000.s4280" source="wordnet-hungarian">
         <wf lemma="A" pos="X">A</wf>
         <wf lemma="nagybátyám" pos="X">nagybátyám</wf>
         <wf lemma="igazi" pos="X">igazi</wf>
         <instance id="d000.s4280.t000" lemma="felfedező" pos="NOUN">felfedező</instance>
         <wf lemma="." pos="X">.</wf>
      </sentence>
      <sentence id="d000.s4281" source="wordnet-hungarian">
         <wf lemma="A" pos="X">A</wf>
         <wf lemma="szigetet" pos="X">szigetet</wf>
         <wf lemma="a" pos="X">a</wf>
         <instance id="d000.s4281.t000" lemma="földnyelv" pos="NOUN">földnyelv</instance>
         <wf lemma="köti" pos="X">köti</wf>
         <wf lemma="össze" pos="X">össze</wf>
         <wf lemma="a" pos="X">a</wf>
         <wf lemma="parttal" pos="X">parttal</wf>
         <wf lemma="." pos="X">.</wf>
      </sentence>
      <sentence id="d000.s4282" source="wordnet-hungarian">
         <wf lemma="A" pos="X">A</wf>
         <wf lemma="madarak" pos="X">madarak</wf>
         <instance id="d000.s4282.t000" lemma="osztály" pos="NOUN">osztálya</instance>
         <wf lemma="ez" pos="X">ez</wf>
         <wf lemma="emlősök" pos="X">emlősök</wf>
         <wf lemma="és" pos="X">és</wf>
         <wf lemma="hüllők" pos="X">hüllők</wf>
         <wf lemma="osztálya" pos="X">osztálya</wf>
         <wf lemma="közt" pos="X">közt</wf>
         <wf lemma="található" pos="X">található</wf>
         <wf lemma="." pos="X">.</wf>
      </sentence>
      <sentence id="d000.s4283" source="wordnet-hungarian">
         <wf lemma="Egy" pos="X">Egy</wf>
         <wf lemma="cementeszsák" pos="X">cementeszsák</wf>
         <wf lemma="már" pos="X">már</wf>
         <wf lemma="komoly" pos="X">komoly</wf>
         <instance id="d000.s4283.t000" lemma="súly" pos="NOUN">súlyt</instance>
         <wf lemma="képvisel" pos="X">képvisel</wf>
         <wf lemma="." pos="X">.</wf>
      </sentence>
      <sentence id="d000.s4284" source="wordnet-hungarian">
         <wf lemma="A" pos="X">A</wf>
         <wf lemma="fa" pos="X">fa</wf>
         <wf lemma="lombja" pos="X">lombja</wf>
         <wf lemma="felett" pos="X">felett</wf>
         <wf lemma="hirtelen" pos="X">hirtelen</wf>
         <wf lemma="megjelent" pos="X">megjelent</wf>
         <wf lemma="a" pos="X">a</wf>
         <instance id="d000.s4284.t000" lemma="zsiráf" pos="NOUN">zsiráf</instance>
         <wf lemma="feje" pos="X">feje</wf>
         <wf lemma="." pos="X">.</wf>
      </sentence>
      <sentence id="d000.s4285" source="wordnet-hungarian">
         <wf lemma="A" pos="X">A</wf>
         <wf lemma="dolgozat" pos="X">dolgozat</wf>
         <instance id="d000.s4285.t000" lemma="hosszúság" pos="NOUN">hosszúságát</instance>
         <wf lemma="maximálták" pos="X">maximálták</wf>
         <wf lemma="." pos="X">.</wf>
      </sentence>
      <sentence id="d000.s4286" source="wordnet-hungarian">
         <wf lemma="A" pos="X">A</wf>
         <instance id="d000.s4286.t000" lemma="gleccser" pos="NOUN">gleccser</instance>
         <wf lemma="elülső" pos="X">elülső</wf>
         <wf lemma="része" pos="X">része</wf>
         <wf lemma="mozgása" pos="X">mozgása</wf>
         <wf lemma="közben" pos="X">közben</wf>
         <wf lemma="hatalmas" pos="X">hatalmas</wf>
         <wf lemma="jégsziklákat" pos="X">jégsziklákat</wf>
         <wf lemma="hagy" pos="X">hagy</wf>
         <wf lemma="hátra" pos="X">hátra</wf>
         <wf lemma="." pos="X">.</wf>
      </sentence>
      <sentence id="d000.s4287" source="wordnet-hungarian">
         <wf lemma="A" pos="X">A</wf>
         <instance id="d000.s4287.t000" lemma="kerítés" pos="NOUN">kerítés</instance>
         <wf lemma="kőből" pos="X">kőből</wf>
         <wf lemma="készült" pos="X">készült</wf>
         <wf lemma="." pos="X">.</wf>
      </sentence>
      <sentence id="d000.s4288" source="wordnet-hungarian">
         <wf lemma="A" pos="X">A</wf>
         <instance id="d000.s4288.t000" lemma="konzol" pos="NOUN">konzolon</instance>
         <wf lemma="áll" pos="X">áll</wf>
         <wf lemma="a" pos="X">a</wf>
         <wf lemma="lemezjátszó" pos="X">lemezjátszó</wf>
         <wf lemma="." pos="X">.</wf>
      </sentence>
      <sentence id="d000.s4289" source="wordnet-hungarian">
         <wf lemma="A" pos="X">A</wf>
         <instance id="d000.s4289.t000" lemma="röntgensugárzás" pos="NOUN">röntgensugárzás</instance>
         <wf lemma="kis" pos="X">kis</wf>
         <wf lemma="mennyiségben" pos="X">mennyiségben</wf>
         <wf lemma="nem" pos="X">nem</wf>
         <wf lemma="káros" pos="X">káros</wf>
         <wf lemma="az" pos="X">az</wf>
         <wf lemma="élő" pos="X">élő</wf>
         <wf lemma="szervezetre" pos="X">szervezetre</wf>
         <wf lemma="." pos="X">.</wf>
      </sentence>
      <sentence id="d000.s4290" source="wordnet-hungarian">
         <wf lemma="Minden" pos="X">Minden</wf>
         <wf lemma="reggel" pos="X">reggel</wf>
         <wf lemma="futok" pos="X">futok</wf>
         <wf lemma="4" pos="X">4</wf>
         <instance id="d000.s4290.t000" lemma="kilométer" pos="NOUN">kilométert</instance>
         <wf lemma="," pos="X">,</wf>
         <wf lemma="hogy" pos="X">hogy</wf>
         <wf lemma="formában" pos="X">formában</wf>
         <wf lemma="legyek" pos="X">legyek</wf>
         <wf lemma="." pos="X">.</wf>
      </sentence>
      <sentence id="d000.s4291" source="wordnet-hungarian">
         <wf lemma="A" pos="X">A</wf>
         <wf lemma="nővérem" pos="X">nővérem</wf>
         <wf lemma="a" pos="X">a</wf>
         <wf lemma="kék" pos="X">kék</wf>
         <instance id="d000.s4291.t000" lemma="szoknya" pos="NOUN">szoknyáját</instance>
         <wf lemma="vette" pos="X">vette</wf>
         <wf lemma="fel" pos="X">fel</wf>
         <wf lemma="." pos="X">.</wf>
      </sentence>
      <sentence id="d000.s4292" source="wordnet-hungarian">
         <wf lemma="Megsértette" pos="X">Megsértette</wf>
         <wf lemma="a" pos="X">a</wf>
         <instance id="d000.s4292.t000" lemma="felettes" pos="NOUN">felettesét</instance>
         <wf lemma="." pos="X">.</wf>
      </sentence>
      <sentence id="d000.s4293" source="wordnet-hungarian">
         <wf lemma="A" pos="X">A</wf>
         <wf lemma="válások" pos="X">válások</wf>
         <wf lemma="egyharmadát" pos="X">egyharmadát</wf>
         <wf lemma="az" pos="X">az</wf>
         <instance id="d000.s4293.t000" lemma="anyós" pos="NOUN">anyósok</instance>
         <wf lemma="nyakába" pos="X">nyakába</wf>
         <wf lemma="varják" pos="X">varják</wf>
         <wf lemma="." pos="X">.</wf>
      </sentence>
      <sentence id="d000.s4294" source="wordnet-hungarian">
         <wf lemma="A" pos="X">A</wf>
         <wf lemma="vállalati" pos="X">vállalati</wf>
         <wf lemma="stratégia" pos="X">stratégia</wf>
         <wf lemma="végső" pos="X">végső</wf>
         <wf lemma="próbája" pos="X">próbája</wf>
         <wf lemma="és" pos="X">és</wf>
         <wf lemma="egyetlen" pos="X">egyetlen</wf>
         <wf lemma="megbízható" pos="X">megbízható</wf>
         <wf lemma="mérőszáma" pos="X">mérőszáma</wf>
         <wf lemma="az" pos="X">az</wf>
         <wf lemma="," pos="X">,</wf>
         <wf lemma="hogy" pos="X">hogy</wf>
         <wf lemma="teremt-e" pos="X">teremt-e</wf>
         <wf lemma="gazdasági" pos="X">gazdasági</wf>
         <instance id="d000.s4294.t000" lemma="érték" pos="NOUN">értéket</instance>
         <wf lemma="a" pos="X">a</wf>
         <wf lemma="tulajdonosok" pos="X">tulajdonosok</wf>
         <wf lemma="számára" pos="X">számára</wf>
         <wf lemma="." pos="X">.</wf>
      </sentence>
      <sentence id="d000.s4295" source="wordnet-hungarian">
         <wf lemma="A" pos="X">A</wf>
         <wf lemma="kutyán" pos="X">kutyán</wf>
         <wf lemma="élősködő" pos="X">élősködő</wf>
         <instance id="d000.s4295.t000" lemma="bolha" pos="NOUN">bolha</instance>
         <wf lemma="nem" pos="X">nem</wf>
         <wf lemma="azonos" pos="X">azonos</wf>
         <wf lemma="az" pos="X">az</wf>
         <wf lemma="ember" pos="X">ember</wf>
         <wf lemma="vagy" pos="X">vagy</wf>
         <wf lemma="a" pos="X">a</wf>
         <wf lemma="macska" pos="X">macska</wf>
         <wf lemma="bolhájával" pos="X">bolhájával</wf>
         <wf lemma="." pos="X">.</wf>
      </sentence>
      <sentence id="d000.s4296" source="wordnet-hungarian">
         <wf lemma="Ilyen" pos="X">Ilyen</wf>
         <instance id="d000.s4296.t000" lemma="harcművész" pos="NOUN">harcművészet</instance>
         <wf lemma="a" pos="X">a</wf>
         <wf lemma="kung-fu" pos="X">kung-fu</wf>
         <wf lemma="is" pos="X">is</wf>
         <wf lemma="," pos="X">,</wf>
         <wf lemma="mely" pos="X">mely</wf>
         <wf lemma="mintegy" pos="X">mintegy</wf>
         <wf lemma="4000" pos="X">4000</wf>
         <wf lemma="éve" pos="X">éve</wf>
         <wf lemma="jelent" pos="X">jelent</wf>
         <wf lemma="meg" pos="X">meg</wf>
         <wf lemma="Kínában" pos="X">Kínában</wf>
         <wf lemma="." pos="X">.</wf>
      </sentence>
      <sentence id="d000.s4297" source="wordnet-hungarian">
         <wf lemma="A" pos="X">A</wf>
         <instance id="d000.s4297.t000" lemma="liliom" pos="NOUN">liliom</instance>
         <wf lemma="a" pos="X">a</wf>
         <wf lemma="tisztaság" pos="X">tisztaság</wf>
         <wf lemma="jelképe" pos="X">jelképe</wf>
         <wf lemma="." pos="X">.</wf>
      </sentence>
      <sentence id="d000.s4298" source="wordnet-hungarian">
         <wf lemma="A" pos="X">A</wf>
         <wf lemma="magyarban" pos="X">magyarban</wf>
         <wf lemma="a" pos="X">a</wf>
         <wf lemma="hangsúly" pos="X">hangsúly</wf>
         <wf lemma="az" pos="X">az</wf>
         <wf lemma="első" pos="X">első</wf>
         <wf lemma="szótagra" pos="X">szótagra</wf>
         <instance id="d000.s4298.t000" lemma="esik" pos="VERB">esik</instance>
         <wf lemma="." pos="X">.</wf>
      </sentence>
      <sentence id="d000.s4299" source="wordnet-hungarian">
         <wf lemma="A" pos="X">A</wf>
         <instance id="d000.s4299.t000" lemma="tuberkulózis" pos="NOUN">tuberkulózis</instance>
         <wf lemma="a" pos="X">a</wf>
         <wf lemma="történelem" pos="X">történelem</wf>
         <wf lemma="során" pos="X">során</wf>
         <wf lemma="az" pos="X">az</wf>
         <wf lemma="egyik" pos="X">egyik</wf>
         <wf lemma="legtöbb" pos="X">legtöbb</wf>
         <wf lemma="halálesetet" pos="X">halálesetet</wf>
         <wf lemma="okozó" pos="X">okozó</wf>
         <wf lemma="betegség" pos="X">betegség</wf>
         <wf lemma="volt" pos="X">volt</wf>
         <wf lemma="." pos="X">.</wf>
      </sentence>
      <sentence id="d000.s4300" source="wordnet-hungarian">
         <wf lemma="Ez" pos="X">Ez</wf>
         <wf lemma="az" pos="X">az</wf>
         <wf lemma="ajtó" pos="X">ajtó</wf>
         <wf lemma="az" pos="X">az</wf>
         <wf lemma="alagsorba" pos="X">alagsorba</wf>
         <instance id="d000.s4300.t000" lemma="vezet" pos="VERB">vezet</instance>
         <wf lemma="." pos="X">.</wf>
      </sentence>
      <sentence id="d000.s4301" source="wordnet-hungarian">
         <wf lemma="Minden" pos="X">Minden</wf>
         <wf lemma="birkán" pos="X">birkán</wf>
         <wf lemma="rajta" pos="X">rajta</wf>
         <wf lemma="volt" pos="X">volt</wf>
         <wf lemma="a" pos="X">a</wf>
         <wf lemma="gazda" pos="X">gazda</wf>
         <instance id="d000.s4301.t000" lemma="jel" pos="NOUN">jele</instance>
         <wf lemma="." pos="X">.</wf>
      </sentence>
      <sentence id="d000.s4302" source="wordnet-hungarian">
         <wf lemma="Szabályos" pos="X">Szabályos</wf>
         <instance id="d000.s4302.t000" lemma="poliéder" pos="NOUN">poliéder</instance>
         <wf lemma="alakját" pos="X">alakját</wf>
         <wf lemma="tekintve" pos="X">tekintve</wf>
         <wf lemma="csak" pos="X">csak</wf>
         <wf lemma="ötféle" pos="X">ötféle</wf>
         <wf lemma="van" pos="X">van</wf>
         <wf lemma="." pos="X">.</wf>
      </sentence>
      <sentence id="d000.s4303" source="wordnet-hungarian">
         <wf lemma="A" pos="X">A</wf>
         <instance id="d000.s4303.t000" lemma="papirusz" pos="NOUN">papirusz</instance>
         <wf lemma="igen" pos="X">igen</wf>
         <wf lemma="drága" pos="X">drága</wf>
         <wf lemma="volt" pos="X">volt</wf>
         <wf lemma="," pos="X">,</wf>
         <wf lemma="ezért" pos="X">ezért</wf>
         <wf lemma="különlegesnek" pos="X">különlegesnek</wf>
         <wf lemma="számított" pos="X">számított</wf>
         <wf lemma="." pos="X">.</wf>
      </sentence>
      <sentence id="d000.s4304" source="wordnet-hungarian">
         <wf lemma="A" pos="X">A</wf>
         <instance id="d000.s4304.t000" lemma="repedés" pos="NOUN">repedésbe</instance>
         <wf lemma="beszorult" pos="X">beszorult</wf>
         <wf lemma="egy" pos="X">egy</wf>
         <wf lemma="levél" pos="X">levél</wf>
         <wf lemma="." pos="X">.</wf>
      </sentence>
      <sentence id="d000.s4305" source="wordnet-hungarian">
         <wf lemma="A" pos="X">A</wf>
         <instance id="d000.s4305.t000" lemma="hidegháború" pos="NOUN">hidegháború</instance>
         <wf lemma="időszakát" pos="X">időszakát</wf>
         <wf lemma="gyakran" pos="X">gyakran</wf>
         <wf lemma="valódi" pos="X">valódi</wf>
         <wf lemma="háborús" pos="X">háborús</wf>
         <wf lemma="konfliktus" pos="X">konfliktus</wf>
         <wf lemma="követi" pos="X">követi</wf>
         <wf lemma="." pos="X">.</wf>
      </sentence>
      <sentence id="d000.s4306" source="wordnet-hungarian">
         <wf lemma="Mikor" pos="X">Mikor</wf>
         <instance id="d000.s4306.t000" lemma="lát" pos="VERB">látjuk</instance>
         <wf lemma="egymást" pos="X">egymást</wf>
         <wf lemma="?" pos="X">?</wf>
      </sentence>
      <sentence id="d000.s4307" source="wordnet-hungarian">
         <wf lemma="A" pos="X">A</wf>
         <instance id="d000.s4307.t000" lemma="kaktusz" pos="NOUN">kaktuszt</instance>
         <wf lemma="szinte" pos="X">szinte</wf>
         <wf lemma="alig" pos="X">alig</wf>
         <wf lemma="kell" pos="X">kell</wf>
         <wf lemma="locsolni" pos="X">locsolni</wf>
         <wf lemma="." pos="X">.</wf>
      </sentence>
      <sentence id="d000.s4308" source="wordnet-hungarian">
         <wf lemma="Senki" pos="X">Senki</wf>
         <wf lemma="nem" pos="X">nem</wf>
         <wf lemma="vesz" pos="X">vesz</wf>
         <wf lemma="fel" pos="X">fel</wf>
         <wf lemma="szívesen" pos="X">szívesen</wf>
         <instance id="d000.s4308.t000" lemma="hitel" pos="NOUN">hitelt</instance>
         <wf lemma="." pos="X">.</wf>
      </sentence>
      <sentence id="d000.s4309" source="wordnet-hungarian">
         <wf lemma="Nem" pos="X">Nem</wf>
         <wf lemma="szép" pos="X">szép</wf>
         <wf lemma="dolog" pos="X">dolog</wf>
         <wf lemma="mások" pos="X">mások</wf>
         <wf lemma="érzelmeivel" pos="X">érzelmeivel</wf>
         <instance id="d000.s4309.t000" lemma="játszik" pos="VERB">játszani</instance>
         <wf lemma="." pos="X">.</wf>
      </sentence>
      <sentence id="d000.s4310" source="wordnet-hungarian">
         <wf lemma="Rakjunk" pos="X">Rakjunk</wf>
         <wf lemma="még" pos="X">még</wf>
         <wf lemma="a" pos="X">a</wf>
         <instance id="d000.s4310.t000" lemma="kályha" pos="NOUN">kályhára</instance>
         <wf lemma="," pos="X">,</wf>
         <wf lemma="mert" pos="X">mert</wf>
         <wf lemma="hideg" pos="X">hideg</wf>
         <wf lemma="van" pos="X">van</wf>
         <wf lemma="." pos="X">.</wf>
      </sentence>
      <sentence id="d000.s4311" source="wordnet-hungarian">
         <wf lemma="Borzasztó" pos="X">Borzasztó</wf>
         <instance id="d000.s4311.t000" lemma="fogfájás" pos="NOUN">fogfájás</instance>
         <wf lemma="gyötört" pos="X">gyötört</wf>
         <wf lemma="." pos="X">.</wf>
      </sentence>
      <sentence id="d000.s4312" source="wordnet-hungarian">
         <wf lemma="Az" pos="X">Az</wf>
         <instance id="d000.s4312.t000" lemma="énekes" pos="NOUN">énekeseket</instance>
         <wf lemma="zenészek" pos="X">zenészek</wf>
         <wf lemma="és" pos="X">és</wf>
         <wf lemma="táncosok" pos="X">táncosok</wf>
         <wf lemma="kísérték" pos="X">kísérték</wf>
         <wf lemma="végig" pos="X">végig</wf>
         <wf lemma="a" pos="X">a</wf>
         <wf lemma="főutcán" pos="X">főutcán</wf>
         <wf lemma="." pos="X">.</wf>
      </sentence>
      <sentence id="d000.s4313" source="wordnet-hungarian">
         <wf lemma="A" pos="X">A</wf>
         <instance id="d000.s4313.t000" lemma="fúvós" pos="NOUN">fúvós</instance>
         <wf lemma="hangszerek" pos="X">hangszerek</wf>
         <wf lemma="csoportjába" pos="X">csoportjába</wf>
         <wf lemma="tartozik" pos="X">tartozik</wf>
         <wf lemma="például" pos="X">például</wf>
         <wf lemma="a" pos="X">a</wf>
         <wf lemma="trombita" pos="X">trombita</wf>
         <wf lemma="." pos="X">.</wf>
      </sentence>
      <sentence id="d000.s4314" source="wordnet-hungarian">
         <wf lemma="Az" pos="X">Az</wf>
         <instance id="d000.s4314.t000" lemma="ökörszem" pos="NOUN">ökörszem</instance>
         <wf lemma="az" pos="X">az</wf>
         <wf lemma="egyik" pos="X">egyik</wf>
         <wf lemma="legkisebb" pos="X">legkisebb</wf>
         <wf lemma="hazai" pos="X">hazai</wf>
         <wf lemma="madárfajunk" pos="X">madárfajunk</wf>
         <wf lemma="." pos="X">.</wf>
      </sentence>
      <sentence id="d000.s4315" source="wordnet-hungarian">
         <wf lemma="Úgy" pos="X">Úgy</wf>
         <wf lemma="tekintett" pos="X">tekintett</wf>
         <wf lemma="rájuk" pos="X">rájuk</wf>
         <wf lemma="," pos="X">,</wf>
         <wf lemma="mint" pos="X">mint</wf>
         <wf lemma="igazi" pos="X">igazi</wf>
         <instance id="d000.s4315.t000" lemma="ellenség" pos="NOUN">ellenségekre</instance>
         <wf lemma="." pos="X">.</wf>
      </sentence>
      <sentence id="d000.s4316" source="wordnet-hungarian">
         <wf lemma="Először" pos="X">Először</wf>
         <wf lemma="az" pos="X">az</wf>
         <instance id="d000.s4316.t000" lemma="alap" pos="NOUN">alapokat</instance>
         <wf lemma="kell" pos="X">kell</wf>
         <wf lemma="elsajátítanod" pos="X">elsajátítanod</wf>
         <wf lemma="," pos="X">,</wf>
         <wf lemma="utána" pos="X">utána</wf>
         <wf lemma="jöhetnek" pos="X">jöhetnek</wf>
         <wf lemma="a" pos="X">a</wf>
         <wf lemma="bonyolultabb" pos="X">bonyolultabb</wf>
         <wf lemma="gyakorlatok" pos="X">gyakorlatok</wf>
         <wf lemma="." pos="X">.</wf>
      </sentence>
      <sentence id="d000.s4317" source="wordnet-hungarian">
         <wf lemma="Például" pos="X">Például</wf>
         <wf lemma="több" pos="X">több</wf>
         <wf lemma="cella" pos="X">cella</wf>
         <wf lemma="vízszintes" pos="X">vízszintes</wf>
         <instance id="d000.s4317.t000" lemma="egyesítés" pos="NOUN">egyesítésével</instance>
         <wf lemma="egy" pos="X">egy</wf>
         <wf lemma="több" pos="X">több</wf>
         <wf lemma="oszlopot" pos="X">oszlopot</wf>
         <wf lemma="átfogó" pos="X">átfogó</wf>
         <wf lemma="táblázati" pos="X">táblázati</wf>
         <wf lemma="címsort" pos="X">címsort</wf>
         <wf lemma="kapunk" pos="X">kapunk</wf>
         <wf lemma="." pos="X">.</wf>
      </sentence>
      <sentence id="d000.s4318" source="wordnet-hungarian">
         <wf lemma="A" pos="X">A</wf>
         <instance id="d000.s4318.t000" lemma="mesa" pos="NOUN">mesa</instance>
         <wf lemma="csonkakúp" pos="X">csonkakúp</wf>
         <wf lemma="alakú" pos="X">alakú</wf>
         <wf lemma="hegy" pos="X">hegy</wf>
         <wf lemma="," pos="X">,</wf>
         <wf lemma="táblahegy" pos="X">táblahegy</wf>
         <wf lemma="," pos="X">,</wf>
         <wf lemma="amelynek" pos="X">amelynek</wf>
         <wf lemma="kisebb" pos="X">kisebb</wf>
         <wf lemma="a" pos="X">a</wf>
         <wf lemma="vízszintes" pos="X">vízszintes</wf>
         <wf lemma="felszíne" pos="X">felszíne</wf>
         <wf lemma="." pos="X">.</wf>
      </sentence>
      <sentence id="d000.s4319" source="wordnet-hungarian">
         <wf lemma="Feri" pos="X">Feri</wf>
         <instance id="d000.s4319.t000" lemma="bír" pos="VERB">bírja</instance>
         <wf lemma="a" pos="X">a</wf>
         <wf lemma="fájdalmat" pos="X">fájdalmat</wf>
         <wf lemma="." pos="X">.</wf>
      </sentence>
      <sentence id="d000.s4320" source="wordnet-hungarian">
         <wf lemma="Patriotizmusuk" pos="X">Patriotizmusuk</wf>
         <wf lemma="alapján" pos="X">alapján</wf>
         <wf lemma="az" pos="X">az</wf>
         <instance id="d000.s4320.t000" lemma="elzászi" pos="NOUN">elzásziak</instance>
         <wf lemma="franciák" pos="X">franciák</wf>
         <wf lemma="," pos="X">,</wf>
         <wf lemma="mert" pos="X">mert</wf>
         <wf lemma="Franciaországot" pos="X">Franciaországot</wf>
         <wf lemma="tekintik" pos="X">tekintik</wf>
         <wf lemma="hazájuknak" pos="X">hazájuknak</wf>
         <wf lemma="." pos="X">.</wf>
      </sentence>
      <sentence id="d000.s4321" source="wordnet-hungarian">
         <wf lemma="Az" pos="X">Az</wf>
         <wf lemma="űrhajó" pos="X">űrhajó</wf>
         <instance id="d000.s4321.t000" lemma="irányváltoztatás" pos="NOUN">irányváltoztatása</instance>
         <wf lemma="súlyos" pos="X">súlyos</wf>
         <wf lemma="következményekkel" pos="X">következményekkel</wf>
         <wf lemma="járna" pos="X">járna</wf>
         <wf lemma="." pos="X">.</wf>
      </sentence>
      <sentence id="d000.s4322" source="wordnet-hungarian">
         <wf lemma="A" pos="X">A</wf>
         <wf lemma="város" pos="X">város</wf>
         <instance id="d000.s4322.t000" lemma="kép" pos="NOUN">képe</instance>
         <wf lemma="teljesen" pos="X">teljesen</wf>
         <wf lemma="megváltozott" pos="X">megváltozott</wf>
         <wf lemma="az" pos="X">az</wf>
         <wf lemma="árvíz" pos="X">árvíz</wf>
         <wf lemma="után" pos="X">után</wf>
         <wf lemma="." pos="X">.</wf>
      </sentence>
      <sentence id="d000.s4323" source="wordnet-hungarian">
         <wf lemma="Nagyi" pos="X">Nagyi</wf>
         <wf lemma="mindenféle" pos="X">mindenféle</wf>
         <wf lemma="finom" pos="X">finom</wf>
         <wf lemma="sütivel" pos="X">sütivel</wf>
         <instance id="d000.s4323.t000" lemma="kényeztet" pos="VERB">kényeztetett</instance>
         <wf lemma="minket" pos="X">minket</wf>
         <wf lemma="." pos="X">.</wf>
      </sentence>
      <sentence id="d000.s4324" source="wordnet-hungarian">
         <wf lemma="A" pos="X">A</wf>
         <instance id="d000.s4324.t000" lemma="sombrero" pos="NOUN">sombrero</instance>
         <wf lemma="jól" pos="X">jól</wf>
         <wf lemma="véd" pos="X">véd</wf>
         <wf lemma="az" pos="X">az</wf>
         <wf lemma="erős" pos="X">erős</wf>
         <wf lemma="napsugárzás" pos="X">napsugárzás</wf>
         <wf lemma="ellen" pos="X">ellen</wf>
         <wf lemma="." pos="X">.</wf>
      </sentence>
      <sentence id="d000.s4325" source="wordnet-hungarian">
         <wf lemma="A" pos="X">A</wf>
         <wf lemma="teszteket" pos="X">teszteket</wf>
         <wf lemma="túlélő" pos="X">túlélő</wf>
         <instance id="d000.s4325.t000" lemma="hipotézis" pos="NOUN">hipotézisekből</instance>
         <wf lemma="tudományos" pos="X">tudományos</wf>
         <wf lemma="elméletek" pos="X">elméletek</wf>
         <wf lemma="válnak" pos="X">válnak</wf>
         <wf lemma="." pos="X">.</wf>
      </sentence>
      <sentence id="d000.s4326" source="wordnet-hungarian">
         <wf lemma="A" pos="X">A</wf>
         <instance id="d000.s4326.t000" lemma="sötétség" pos="NOUN">sötétség</instance>
         <wf lemma="erői" pos="X">erői</wf>
         <wf lemma="gyülekeztek" pos="X">gyülekeztek</wf>
         <wf lemma="fölötte" pos="X">fölötte</wf>
         <wf lemma="." pos="X">.</wf>
      </sentence>
      <sentence id="d000.s4327" source="wordnet-hungarian">
         <instance id="d000.s4327.t000" lemma="lelkesedés" pos="NOUN">Lelkesedése</instance>
         <wf lemma="nem" pos="X">nem</wf>
         <wf lemma="ismert" pos="X">ismert</wf>
         <wf lemma="határokat" pos="X">határokat</wf>
         <wf lemma="." pos="X">.</wf>
      </sentence>
      <sentence id="d000.s4328" source="wordnet-hungarian">
         <wf lemma="Olyan" pos="X">Olyan</wf>
         <wf lemma="nagy" pos="X">nagy</wf>
         <instance id="d000.s4328.t000" lemma="tempó" pos="NOUN">tempóban</instance>
         <wf lemma="folyt" pos="X">folyt</wf>
         <wf lemma="az" pos="X">az</wf>
         <wf lemma="építkezés" pos="X">építkezés</wf>
         <wf lemma="," pos="X">,</wf>
         <wf lemma="hogy" pos="X">hogy</wf>
         <wf lemma="már" pos="X">már</wf>
         <wf lemma="határidő" pos="X">határidő</wf>
         <wf lemma="előtt" pos="X">előtt</wf>
         <wf lemma="egy" pos="X">egy</wf>
         <wf lemma="hónappal" pos="X">hónappal</wf>
         <wf lemma="kész" pos="X">kész</wf>
         <wf lemma="volt" pos="X">volt</wf>
         <wf lemma="a" pos="X">a</wf>
         <wf lemma="ház" pos="X">ház</wf>
         <wf lemma="." pos="X">.</wf>
      </sentence>
      <sentence id="d000.s4329" source="wordnet-hungarian">
         <wf lemma="Kati" pos="X">Kati</wf>
         <instance id="d000.s4329.t000" lemma="igényel" pos="VERB">igényelte</instance>
         <wf lemma="a" pos="X">a</wf>
         <wf lemma="szakértő" pos="X">szakértő</wf>
         <wf lemma="közbelépését" pos="X">közbelépését</wf>
         <wf lemma="." pos="X">.</wf>
      </sentence>
      <sentence id="d000.s4330" source="wordnet-hungarian">
         <wf lemma="Gond" pos="X">Gond</wf>
         <wf lemma="volt" pos="X">volt</wf>
         <wf lemma="a" pos="X">a</wf>
         <wf lemma="csoportban" pos="X">csoportban</wf>
         <wf lemma="a" pos="X">a</wf>
         <instance id="d000.s4330.t000" lemma="kommunikáció" pos="NOUN">kommunikációval</instance>
         <wf lemma="." pos="X">.</wf>
      </sentence>
      <sentence id="d000.s4331" source="wordnet-hungarian">
         <wf lemma="János" pos="X">János</wf>
         <instance id="d000.s4331.t000" lemma="felvág" pos="VERB">felvág</instance>
         <wf lemma="az" pos="X">az</wf>
         <wf lemma="egyenruhájával" pos="X">egyenruhájával</wf>
         <wf lemma="." pos="X">.</wf>
      </sentence>
      <sentence id="d000.s4332" source="wordnet-hungarian">
         <wf lemma="A" pos="X">A</wf>
         <wf lemma="Mátrában" pos="X">Mátrában</wf>
         <wf lemma="előforduló" pos="X">előforduló</wf>
         <wf lemma="ásványok" pos="X">ásványok</wf>
         <wf lemma="a" pos="X">a</wf>
         <instance id="d000.s4332.t000" lemma="cerusszit" pos="NOUN">cerusszit</instance>
         <wf lemma="kivételével" pos="X">kivételével</wf>
         <wf lemma="mind" pos="X">mind</wf>
         <wf lemma="szulfidásványok" pos="X">szulfidásványok</wf>
         <wf lemma="." pos="X">.</wf>
      </sentence>
      <sentence id="d000.s4333" source="wordnet-hungarian">
         <wf lemma="Az" pos="X">Az</wf>
         <wf lemma="esküvői" pos="X">esküvői</wf>
         <instance id="d000.s4333.t000" lemma="szertartás" pos="NOUN">szertartás</instance>
         <wf lemma="minden" pos="X">minden</wf>
         <wf lemma="részlete" pos="X">részlete</wf>
         <wf lemma="előre" pos="X">előre</wf>
         <wf lemma="ki" pos="X">ki</wf>
         <wf lemma="lett" pos="X">lett</wf>
         <wf lemma="dolgozva" pos="X">dolgozva</wf>
         <wf lemma="." pos="X">.</wf>
      </sentence>
      <sentence id="d000.s4334" source="wordnet-hungarian">
         <wf lemma="A" pos="X">A</wf>
         <wf lemma="magyar" pos="X">magyar</wf>
         <wf lemma="állampolgárságról" pos="X">állampolgárságról</wf>
         <wf lemma="folytatott" pos="X">folytatott</wf>
         <instance id="d000.s4334.t000" lemma="vita" pos="NOUN">vita</instance>
         <wf lemma="eddig" pos="X">eddig</wf>
         <wf lemma="nem" pos="X">nem</wf>
         <wf lemma="zárult" pos="X">zárult</wf>
         <wf lemma="eredménnyel" pos="X">eredménnyel</wf>
         <wf lemma="." pos="X">.</wf>
      </sentence>
      <sentence id="d000.s4335" source="wordnet-hungarian">
         <wf lemma="Nagymamája" pos="X">Nagymamája</wf>
         <wf lemma="tanította" pos="X">tanította</wf>
         <wf lemma="meg" pos="X">meg</wf>
         <wf lemma="neki" pos="X">neki</wf>
         <wf lemma="a" pos="X">a</wf>
         <instance id="d000.s4335.t000" lemma="betű" pos="NOUN">betűket</instance>
         <wf lemma="." pos="X">.</wf>
      </sentence>
      <sentence id="d000.s4336" source="wordnet-hungarian">
         <wf lemma="Az" pos="X">Az</wf>
         <wf lemma="üzletfelek" pos="X">üzletfelek</wf>
         <wf lemma="egy" pos="X">egy</wf>
         <wf lemma="nézeteltérés" pos="X">nézeteltérés</wf>
         <wf lemma="miatt" pos="X">miatt</wf>
         <instance id="d000.s4336.t000" lemma="szakít" pos="VERB">szakítottak</instance>
         <wf lemma="." pos="X">.</wf>
      </sentence>
      <sentence id="d000.s4337" source="wordnet-hungarian">
         <wf lemma="Minden" pos="X">Minden</wf>
         <wf lemma="gyűlésen" pos="X">gyűlésen</wf>
         <wf lemma="két" pos="X">két</wf>
         <wf lemma="markáns" pos="X">markáns</wf>
         <instance id="d000.s4337.t000" lemma="álláspont" pos="NOUN">álláspont</instance>
         <wf lemma="ütközik" pos="X">ütközik</wf>
         <wf lemma="a" pos="X">a</wf>
         <wf lemma="pártok" pos="X">pártok</wf>
         <wf lemma="vitájában" pos="X">vitájában</wf>
         <wf lemma="." pos="X">.</wf>
      </sentence>
      <sentence id="d000.s4338" source="wordnet-hungarian">
         <wf lemma="A" pos="X">A</wf>
         <instance id="d000.s4338.t000" lemma="vízimalom" pos="NOUN">vízimalomban</instance>
         <wf lemma="őröltem" pos="X">őröltem</wf>
         <wf lemma="meg" pos="X">meg</wf>
         <wf lemma="a" pos="X">a</wf>
         <wf lemma="búzám" pos="X">búzám</wf>
         <wf lemma="." pos="X">.</wf>
      </sentence>
      <sentence id="d000.s4339" source="wordnet-hungarian">
         <wf lemma="Az" pos="X">Az</wf>
         <wf lemma="uzsonnát" pos="X">uzsonnát</wf>
         <wf lemma="az" pos="X">az</wf>
         <wf lemma="árnyas" pos="X">árnyas</wf>
         <wf lemma="teraszon" pos="X">teraszon</wf>
         <wf lemma="fogyasztottuk" pos="X">fogyasztottuk</wf>
         <wf lemma="el" pos="X">el</wf>
         <wf lemma="," pos="X">,</wf>
         <wf lemma="igen" pos="X">igen</wf>
         <wf lemma="ízletes" pos="X">ízletes</wf>
         <wf lemma="volt" pos="X">volt</wf>
         <wf lemma="a" pos="X">a</wf>
         <instance id="d000.s4339.t000" lemma="tea" pos="NOUN">tea</instance>
         <wf lemma="és" pos="X">és</wf>
         <wf lemma="a" pos="X">a</wf>
         <wf lemma="gyümölcstorta" pos="X">gyümölcstorta</wf>
         <wf lemma="is" pos="X">is</wf>
         <wf lemma="miközben" pos="X">miközben</wf>
         <wf lemma="kellemes" pos="X">kellemes</wf>
         <wf lemma="szellő" pos="X">szellő</wf>
         <wf lemma="fújdogált" pos="X">fújdogált</wf>
         <wf lemma="." pos="X">.</wf>
      </sentence>
      <sentence id="d000.s4340" source="wordnet-hungarian">
         <instance id="d000.s4340.t000" lemma="megy" pos="VERB">Megy</instance>
         <wf lemma="még" pos="X">még</wf>
         <wf lemma="ez" pos="X">ez</wf>
         <wf lemma="a" pos="X">a</wf>
         <wf lemma="tíz" pos="X">tíz</wf>
         <wf lemma="éves" pos="X">éves</wf>
         <wf lemma="autó" pos="X">autó</wf>
         <wf lemma="?" pos="X">?</wf>
      </sentence>
      <sentence id="d000.s4341" source="wordnet-hungarian">
         <wf lemma="Mindenki" pos="X">Mindenki</wf>
         <instance id="d000.s4341.t000" lemma="feláll" pos="VERB">felállt</instance>
         <wf lemma="," pos="X">,</wf>
         <wf lemma="és" pos="X">és</wf>
         <wf lemma="tapsolt" pos="X">tapsolt</wf>
         <wf lemma="." pos="X">.</wf>
      </sentence>
      <sentence id="d000.s4342" source="wordnet-hungarian">
         <wf lemma="A" pos="X">A</wf>
         <wf lemma="tegnap" pos="X">tegnap</wf>
         <wf lemma="esti" pos="X">esti</wf>
         <instance id="d000.s4342.t000" lemma="tombola" pos="NOUN">tombolán</instance>
         <wf lemma="nyertem" pos="X">nyertem</wf>
         <wf lemma="egy" pos="X">egy</wf>
         <wf lemma="állólámpát" pos="X">állólámpát</wf>
         <wf lemma="." pos="X">.</wf>
      </sentence>
      <sentence id="d000.s4343" source="wordnet-hungarian">
         <wf lemma="A" pos="X">A</wf>
         <wf lemma="volt" pos="X">volt</wf>
         <wf lemma="úszóbajnok" pos="X">úszóbajnok</wf>
         <wf lemma="ma" pos="X">ma</wf>
         <wf lemma="már" pos="X">már</wf>
         <wf lemma="fiatalokat" pos="X">fiatalokat</wf>
         <instance id="d000.s4343.t000" lemma="edz" pos="VERB">edz</instance>
         <wf lemma="." pos="X">.</wf>
      </sentence>
      <sentence id="d000.s4344" source="wordnet-hungarian">
         <wf lemma="A" pos="X">A</wf>
         <wf lemma="koktél" pos="X">koktél</wf>
         <wf lemma="legfontosabb" pos="X">legfontosabb</wf>
         <instance id="d000.s4344.t000" lemma="hozzávaló" pos="NOUN">hozzávalóját</instance>
         <wf lemma="felejtette" pos="X">felejtette</wf>
         <wf lemma="ki" pos="X">ki</wf>
         <wf lemma="." pos="X">.</wf>
      </sentence>
      <sentence id="d000.s4345" source="wordnet-hungarian">
         <wf lemma="Az" pos="X">Az</wf>
         <wf lemma="1930-as" pos="X">1930-as</wf>
         <wf lemma="évek" pos="X">évek</wf>
         <wf lemma="elején" pos="X">elején</wf>
         <wf lemma="a" pos="X">a</wf>
         <wf lemma="gazdasági" pos="X">gazdasági</wf>
         <instance id="d000.s4345.t000" lemma="válság" pos="NOUN">válság</instance>
         <wf lemma="miatt" pos="X">miatt</wf>
         <wf lemma="már" pos="X">már</wf>
         <wf lemma="csak" pos="X">csak</wf>
         <wf lemma="3,15" pos="X">3,15</wf>
         <wf lemma="l" pos="X">l</wf>
         <wf lemma="sör" pos="X">sör</wf>
         <wf lemma="jutott" pos="X">jutott</wf>
         <wf lemma="fejenként" pos="X">fejenként</wf>
         <wf lemma="." pos="X">.</wf>
      </sentence>
      <sentence id="d000.s4346" source="wordnet-hungarian">
         <wf lemma="A" pos="X">A</wf>
         <wf lemma="római" pos="X">római</wf>
         <wf lemma="korból" pos="X">korból</wf>
         <wf lemma="ismert" pos="X">ismert</wf>
         <wf lemma="egyik" pos="X">egyik</wf>
         <wf lemma="gyakori" pos="X">gyakori</wf>
         <wf lemma="ruhadarab" pos="X">ruhadarab</wf>
         <wf lemma="a" pos="X">a</wf>
         <instance id="d000.s4346.t000" lemma="tunika" pos="NOUN">tunika</instance>
         <wf lemma="." pos="X">.</wf>
      </sentence>
      <sentence id="d000.s4347" source="wordnet-hungarian">
         <wf lemma="A" pos="X">A</wf>
         <instance id="d000.s4347.t000" lemma="szó" pos="NOUN">szóalak</instance>
         <wf lemma="szerkesztés" pos="X">szerkesztés</wf>
         <wf lemma="eredménye" pos="X">eredménye</wf>
         <wf lemma="," pos="X">,</wf>
         <wf lemma="ezért" pos="X">ezért</wf>
         <wf lemma="kisebb" pos="X">kisebb</wf>
         <wf lemma="," pos="X">,</wf>
         <wf lemma="önálló" pos="X">önálló</wf>
         <wf lemma="jelentéssel" pos="X">jelentéssel</wf>
         <wf lemma="bíró" pos="X">bíró</wf>
         <wf lemma="részekre" pos="X">részekre</wf>
         <wf lemma="bontható" pos="X">bontható</wf>
         <wf lemma="." pos="X">.</wf>
      </sentence>
      <sentence id="d000.s4348" source="wordnet-hungarian">
         <wf lemma="Az" pos="X">Az</wf>
         <wf lemma="orvosi" pos="X">orvosi</wf>
         <instance id="d000.s4348.t000" lemma="szakma" pos="NOUN">szakma</instance>
         <wf lemma="többsége" pos="X">többsége</wf>
         <wf lemma="azokat" pos="X">azokat</wf>
         <wf lemma="tartja" pos="X">tartja</wf>
         <wf lemma="elmebetegnek" pos="X">elmebetegnek</wf>
         <wf lemma="," pos="X">,</wf>
         <wf lemma="akik" pos="X">akik</wf>
         <wf lemma="jelentősen" pos="X">jelentősen</wf>
         <wf lemma="másképp" pos="X">másképp</wf>
         <wf lemma="gondolkodnak" pos="X">gondolkodnak</wf>
         <wf lemma="," pos="X">,</wf>
         <wf lemma="mint" pos="X">mint</wf>
         <wf lemma="az" pos="X">az</wf>
         <wf lemma="átlag" pos="X">átlag</wf>
         <wf lemma="." pos="X">.</wf>
      </sentence>
      <sentence id="d000.s4349" source="wordnet-hungarian">
         <wf lemma="A" pos="X">A</wf>
         <wf lemma="hadsereg" pos="X">hadsereg</wf>
         <wf lemma="majd" pos="X">majd</wf>
         <wf lemma="igazi" pos="X">igazi</wf>
         <instance id="d000.s4349.t000" lemma="férfi" pos="NOUN">férfit</instance>
         <wf lemma="farag" pos="X">farag</wf>
         <wf lemma="belőled" pos="X">belőled</wf>
         <wf lemma="." pos="X">.</wf>
      </sentence>
      <sentence id="d000.s4350" source="wordnet-hungarian">
         <wf lemma="Dömötör" pos="X">Dömötör</wf>
         <wf lemma="a" pos="X">a</wf>
         <wf lemma="bejáratig" pos="X">bejáratig</wf>
         <instance id="d000.s4350.t000" lemma="kísér" pos="VERB">kísérte</instance>
         <wf lemma="kedvesét" pos="X">kedvesét</wf>
         <wf lemma="." pos="X">.</wf>
      </sentence>
      <sentence id="d000.s4351" source="wordnet-hungarian">
         <wf lemma="A" pos="X">A</wf>
         <wf lemma="báj" pos="X">báj</wf>
         <instance id="d000.s4351.t000" lemma="nagykövet" pos="NOUN">nagykövete</instance>
         <wf lemma="-" pos="X">-</wf>
         <wf lemma="Sophie" pos="X">Sophie</wf>
         <wf lemma="Marceau" pos="X">Marceau</wf>
         <wf lemma="-" pos="X">-</wf>
         <wf lemma="nem" pos="X">nem</wf>
         <wf lemma="sminkel" pos="X">sminkel</wf>
         <wf lemma="és" pos="X">és</wf>
         <wf lemma="az" pos="X">az</wf>
         <wf lemma="öregedéstől" pos="X">öregedéstől</wf>
         <wf lemma="sem" pos="X">sem</wf>
         <wf lemma="fél" pos="X">fél</wf>
         <wf lemma="." pos="X">.</wf>
      </sentence>
      <sentence id="d000.s4352" source="wordnet-hungarian">
         <wf lemma="A" pos="X">A</wf>
         <instance id="d000.s4352.t000" lemma="katalán" pos="NOUN">katalánok</instance>
         <wf lemma="elsősorban" pos="X">elsősorban</wf>
         <wf lemma="politikai" pos="X">politikai</wf>
         <wf lemma="eszközöket" pos="X">eszközöket</wf>
         <wf lemma="használtak" pos="X">használtak</wf>
         <wf lemma="az" pos="X">az</wf>
         <wf lemma="autonómia" pos="X">autonómia</wf>
         <wf lemma="elérésére" pos="X">elérésére</wf>
         <wf lemma="," pos="X">,</wf>
         <wf lemma="és" pos="X">és</wf>
         <wf lemma="most" pos="X">most</wf>
         <wf lemma="már" pos="X">már</wf>
         <wf lemma="nagyobb" pos="X">nagyobb</wf>
         <wf lemma="autonómiával" pos="X">autonómiával</wf>
         <wf lemma="rendelkeznek" pos="X">rendelkeznek</wf>
         <wf lemma="," pos="X">,</wf>
         <wf lemma="mint" pos="X">mint</wf>
         <wf lemma="a" pos="X">a</wf>
         <wf lemma="baszkok" pos="X">baszkok</wf>
         <wf lemma="." pos="X">.</wf>
      </sentence>
      <sentence id="d000.s4353" source="wordnet-hungarian">
         <wf lemma="Új" pos="X">Új</wf>
         <instance id="d000.s4353.t000" lemma="játék" pos="NOUN">játékokat</instance>
         <wf lemma="hoztak" pos="X">hoztak</wf>
         <wf lemma="a" pos="X">a</wf>
         <wf lemma="óvodába" pos="X">óvodába</wf>
         <wf lemma="." pos="X">.</wf>
      </sentence>
      <sentence id="d000.s4354" source="wordnet-hungarian">
         <wf lemma="Fel" pos="X">Fel</wf>
         <wf lemma="," pos="X">,</wf>
         <instance id="d000.s4354.t000" lemma="torreádor" pos="NOUN">torreádor</instance>
         <wf lemma="," pos="X">,</wf>
         <wf lemma="öld" pos="X">öld</wf>
         <wf lemma="meg" pos="X">meg</wf>
         <wf lemma="a" pos="X">a</wf>
         <wf lemma="bikát" pos="X">bikát</wf>
         <wf lemma="." pos="X">.</wf>
      </sentence>
      <sentence id="d000.s4355" source="wordnet-hungarian">
         <wf lemma="Ritkán" pos="X">Ritkán</wf>
         <wf lemma="találkozni" pos="X">találkozni</wf>
         <wf lemma="ilyen" pos="X">ilyen</wf>
         <wf lemma="mindent" pos="X">mindent</wf>
         <wf lemma="elsöprő" pos="X">elsöprő</wf>
         <instance id="d000.s4355.t000" lemma="szerelem" pos="NOUN">szerelemmel</instance>
         <wf lemma="," pos="X">,</wf>
         <wf lemma="mint" pos="X">mint</wf>
         <wf lemma="az" pos="X">az</wf>
         <wf lemma="övék" pos="X">övék</wf>
         <wf lemma="." pos="X">.</wf>
      </sentence>
      <sentence id="d000.s4356" source="wordnet-hungarian">
         <wf lemma="A" pos="X">A</wf>
         <instance id="d000.s4356.t000" lemma="ciprusfa" pos="NOUN">ciprusfa</instance>
         <wf lemma="a" pos="X">a</wf>
         <wf lemma="kert" pos="X">kert</wf>
         <wf lemma="éke" pos="X">éke</wf>
         <wf lemma="volt" pos="X">volt</wf>
         <wf lemma="." pos="X">.</wf>
      </sentence>
      <sentence id="d000.s4357" source="wordnet-hungarian">
         <wf lemma="Az" pos="X">Az</wf>
         <wf lemma="augusztus" pos="X">augusztus</wf>
         <wf lemma="végi" pos="X">végi</wf>
         <instance id="d000.s4357.t000" lemma="szélvihar" pos="NOUN">szélvihar</instance>
         <wf lemma="és" pos="X">és</wf>
         <wf lemma="árvíz" pos="X">árvíz</wf>
         <wf lemma="halálos" pos="X">halálos</wf>
         <wf lemma="áldozatainak" pos="X">áldozatainak</wf>
         <wf lemma="száma" pos="X">száma</wf>
         <wf lemma="meghaladta" pos="X">meghaladta</wf>
         <wf lemma="az" pos="X">az</wf>
         <wf lemma="ötvenet" pos="X">ötvenet</wf>
         <wf lemma="." pos="X">.</wf>
      </sentence>
      <sentence id="d000.s4358" source="wordnet-hungarian">
         <wf lemma="Mindent" pos="X">Mindent</wf>
         <wf lemma="a" pos="X">a</wf>
         <wf lemma="vázolt" pos="X">vázolt</wf>
         <instance id="d000.s4358.t000" lemma="irányelv" pos="NOUN">irányelveknek</instance>
         <wf lemma="megfelelően" pos="X">megfelelően</wf>
         <wf lemma="végeztünk" pos="X">végeztünk</wf>
         <wf lemma="el" pos="X">el</wf>
         <wf lemma="." pos="X">.</wf>
      </sentence>
      <sentence id="d000.s4359" source="wordnet-hungarian">
         <wf lemma="A" pos="X">A</wf>
         <wf lemma="villanyórát" pos="X">villanyórát</wf>
         <wf lemma="a" pos="X">a</wf>
         <wf lemma="költözés" pos="X">költözés</wf>
         <wf lemma="után" pos="X">után</wf>
         <instance id="d000.s4359.t000" lemma="lenulláz" pos="VERB">lenullázták</instance>
         <wf lemma="." pos="X">.</wf>
      </sentence>
      <sentence id="d000.s4360" source="wordnet-hungarian">
         <wf lemma="Néhány" pos="X">Néhány</wf>
         <wf lemma="vektor" pos="X">vektor</wf>
         <wf lemma="affin" pos="X">affin</wf>
         <instance id="d000.s4360.t000" lemma="kombináció" pos="NOUN">kombinációja</instance>
         <wf lemma="pedig" pos="X">pedig</wf>
         <wf lemma="e" pos="X">e</wf>
         <wf lemma="vektorok" pos="X">vektorok</wf>
         <wf lemma="súlyozott" pos="X">súlyozott</wf>
         <wf lemma="összege" pos="X">összege</wf>
         <wf lemma="." pos="X">.</wf>
      </sentence>
      <sentence id="d000.s4361" source="wordnet-hungarian">
         <wf lemma="Ennek" pos="X">Ennek</wf>
         <wf lemma="az" pos="X">az</wf>
         <wf lemma="országnak" pos="X">országnak</wf>
         <wf lemma="a" pos="X">a</wf>
         <instance id="d000.s4361.t000" lemma="hadsereg" pos="NOUN">hadserege</instance>
         <wf lemma="legnagyobb" pos="X">legnagyobb</wf>
         <wf lemma="Európában" pos="X">Európában</wf>
         <wf lemma="." pos="X">.</wf>
      </sentence>
      <sentence id="d000.s4362" source="wordnet-hungarian">
         <wf lemma="A" pos="X">A</wf>
         <wf lemma="balesetben" pos="X">balesetben</wf>
         <wf lemma="megsérült" pos="X">megsérült</wf>
         <wf lemma="egy" pos="X">egy</wf>
         <instance id="d000.s4362.t000" lemma="gyalogos" pos="NOUN">gyalogos</instance>
         <wf lemma="is" pos="X">is</wf>
         <wf lemma="." pos="X">.</wf>
      </sentence>
      <sentence id="d000.s4363" source="wordnet-hungarian">
         <wf lemma="A" pos="X">A</wf>
         <wf lemma="pálya" pos="X">pálya</wf>
         <wf lemma="100" pos="X">100</wf>
         <instance id="d000.s4363.t000" lemma="yard" pos="NOUN">yard</instance>
         <wf lemma="hosszú" pos="X">hosszú</wf>
         <wf lemma="volt" pos="X">volt</wf>
         <wf lemma="." pos="X">.</wf>
      </sentence>
      <sentence id="d000.s4364" source="wordnet-hungarian">
         <wf lemma="Az" pos="X">Az</wf>
         <wf lemma="eltérő" pos="X">eltérő</wf>
         <instance id="d000.s4364.t000" lemma="platform" pos="NOUN">platformok</instance>
         <wf lemma="problémája" pos="X">problémája</wf>
         <wf lemma="," pos="X">,</wf>
         <wf lemma="hogy" pos="X">hogy</wf>
         <wf lemma="ugyanarra" pos="X">ugyanarra</wf>
         <wf lemma="a" pos="X">a</wf>
         <wf lemma="feladatra" pos="X">feladatra</wf>
         <wf lemma="eltérő" pos="X">eltérő</wf>
         <wf lemma="programokat" pos="X">programokat</wf>
         <wf lemma="igényelnek" pos="X">igényelnek</wf>
         <wf lemma="." pos="X">.</wf>
      </sentence>
      <sentence id="d000.s4365" source="wordnet-hungarian">
         <wf lemma="Ezt" pos="X">Ezt</wf>
         <wf lemma="az" pos="X">az</wf>
         <wf lemma="épületet" pos="X">épületet</wf>
         <wf lemma="színháznak" pos="X">színháznak</wf>
         <instance id="d000.s4365.t000" lemma="szán" pos="VERB">szánták</instance>
         <wf lemma="." pos="X">.</wf>
      </sentence>
      <sentence id="d000.s4366" source="wordnet-hungarian">
         <wf lemma="Ne" pos="X">Ne</wf>
         <wf lemma="ülj" pos="X">ülj</wf>
         <wf lemma="annyit" pos="X">annyit</wf>
         <wf lemma="a" pos="X">a</wf>
         <wf lemma="tévé" pos="X">tévé</wf>
         <wf lemma="előtt" pos="X">előtt</wf>
         <wf lemma="," pos="X">,</wf>
         <wf lemma="mert" pos="X">mert</wf>
         <wf lemma="elromlik" pos="X">elromlik</wf>
         <wf lemma="a" pos="X">a</wf>
         <instance id="d000.s4366.t000" lemma="szem" pos="NOUN">szemed</instance>
         <wf lemma="!" pos="X">!</wf>
      </sentence>
      <sentence id="d000.s4367" source="wordnet-hungarian">
         <wf lemma="Véget" pos="X">Véget</wf>
         <wf lemma="ért" pos="X">ért</wf>
         <wf lemma="a" pos="X">a</wf>
         <instance id="d000.s4367.t000" lemma="katona" pos="NOUN">katonák</instance>
         <wf lemma="sorozása" pos="X">sorozása</wf>
         <wf lemma="." pos="X">.</wf>
      </sentence>
      <sentence id="d000.s4368" source="wordnet-hungarian">
         <wf lemma="Ki" pos="X">Ki</wf>
         <wf lemma="a" pos="X">a</wf>
         <instance id="d000.s4368.t000" lemma="zeneszerző" pos="NOUN">zeneszerzője</instance>
         <wf lemma="ennek" pos="X">ennek</wf>
         <wf lemma="az" pos="X">az</wf>
         <wf lemma="operának" pos="X">operának</wf>
         <wf lemma="?" pos="X">?</wf>
      </sentence>
      <sentence id="d000.s4369" source="wordnet-hungarian">
         <wf lemma="A" pos="X">A</wf>
         <wf lemma="svédek" pos="X">svédek</wf>
         <wf lemma="magyar" pos="X">magyar</wf>
         <wf lemma="mézet" pos="X">mézet</wf>
         <instance id="d000.s4369.t000" lemma="importál" pos="VERB">importálnak</instance>
         <wf lemma="." pos="X">.</wf>
      </sentence>
      <sentence id="d000.s4370" source="wordnet-hungarian">
         <wf lemma="Az" pos="X">Az</wf>
         <instance id="d000.s4370.t000" lemma="államfő" pos="NOUN">államfő</instance>
         <wf lemma="beszéde" pos="X">beszéde</wf>
         <wf lemma="nagy" pos="X">nagy</wf>
         <wf lemma="hatást" pos="X">hatást</wf>
         <wf lemma="keltett" pos="X">keltett</wf>
         <wf lemma="." pos="X">.</wf>
      </sentence>
      <sentence id="d000.s4371" source="wordnet-hungarian">
         <wf lemma="Leültünk" pos="X">Leültünk</wf>
         <wf lemma="és" pos="X">és</wf>
         <wf lemma="megpróbáltuk" pos="X">megpróbáltuk</wf>
         <instance id="d000.s4371.t000" lemma="értelmez" pos="VERB">értelmezni</instance>
         <wf lemma="a" pos="X">a</wf>
         <wf lemma="levelet" pos="X">levelet</wf>
         <wf lemma="." pos="X">.</wf>
      </sentence>
      <sentence id="d000.s4372" source="wordnet-hungarian">
         <wf lemma="Bombához" pos="X">Bombához</wf>
         <wf lemma="való" pos="X">való</wf>
         <instance id="d000.s4372.t000" lemma="uránium" pos="NOUN">urániumot</instance>
         <wf lemma="találtak" pos="X">találtak</wf>
         <wf lemma="abban" pos="X">abban</wf>
         <wf lemma="az" pos="X">az</wf>
         <wf lemma="országban" pos="X">országban</wf>
         <wf lemma="." pos="X">.</wf>
      </sentence>
      <sentence id="d000.s4373" source="wordnet-hungarian">
         <wf lemma="Tibi" pos="X">Tibi</wf>
         <instance id="d000.s4373.t000" lemma="festmény" pos="NOUN">festményei</instance>
         <wf lemma="nagyon" pos="X">nagyon</wf>
         <wf lemma="értékesek" pos="X">értékesek</wf>
         <wf lemma="." pos="X">.</wf>
      </sentence>
      <sentence id="d000.s4374" source="wordnet-hungarian">
         <wf lemma="Szépen" pos="X">Szépen</wf>
         <wf lemma="megmunkált" pos="X">megmunkált</wf>
         <wf lemma="ez" pos="X">ez</wf>
         <wf lemma="a" pos="X">a</wf>
         <wf lemma="régi" pos="X">régi</wf>
         <instance id="d000.s4374.t000" lemma="kard" pos="NOUN">kard</instance>
         <wf lemma="." pos="X">.</wf>
      </sentence>
      <sentence id="d000.s4375" source="wordnet-hungarian">
         <wf lemma="A" pos="X">A</wf>
         <wf lemma="kincs" pos="X">kincs</wf>
         <wf lemma="a" pos="X">a</wf>
         <wf lemma="fától" pos="X">fától</wf>
         <wf lemma="három" pos="X">három</wf>
         <instance id="d000.s4375.t000" lemma="lépés" pos="NOUN">lépésre</instance>
         <wf lemma="van" pos="X">van</wf>
         <wf lemma="elásva" pos="X">elásva</wf>
         <wf lemma="." pos="X">.</wf>
      </sentence>
      <sentence id="d000.s4376" source="wordnet-hungarian">
         <wf lemma="A" pos="X">A</wf>
         <wf lemma="monacói" pos="X">monacói</wf>
         <instance id="d000.s4376.t000" lemma="hercegség" pos="NOUN">hercegség</instance>
         <wf lemma="nagy" pos="X">nagy</wf>
         <wf lemma="látogatottságnak" pos="X">látogatottságnak</wf>
         <wf lemma="örvend" pos="X">örvend</wf>
         <wf lemma="." pos="X">.</wf>
      </sentence>
      <sentence id="d000.s4377" source="wordnet-hungarian">
         <wf lemma="Az" pos="X">Az</wf>
         <wf lemma="elemek" pos="X">elemek</wf>
         <wf lemma="megadott" pos="X">megadott</wf>
         <wf lemma="rendszer" pos="X">rendszer</wf>
         <wf lemma="szerinti" pos="X">szerinti</wf>
         <instance id="d000.s4377.t000" lemma="indexelés" pos="NOUN">indexelése</instance>
         <wf lemma="szükséges" pos="X">szükséges</wf>
         <wf lemma="." pos="X">.</wf>
      </sentence>
      <sentence id="d000.s4378" source="wordnet-hungarian">
         <wf lemma="A" pos="X">A</wf>
         <instance id="d000.s4378.t000" lemma="tiltakozás" pos="NOUN">tiltakozás</instance>
         <wf lemma="az" pos="X">az</wf>
         <wf lemma="új" pos="X">új</wf>
         <wf lemma="törvények" pos="X">törvények</wf>
         <wf lemma="ellen" pos="X">ellen</wf>
         <wf lemma="," pos="X">,</wf>
         <wf lemma="mind" pos="X">mind</wf>
         <wf lemma="nagyobb" pos="X">nagyobb</wf>
         <wf lemma="méreteket" pos="X">méreteket</wf>
         <wf lemma="öltött" pos="X">öltött</wf>
         <wf lemma="." pos="X">.</wf>
      </sentence>
      <sentence id="d000.s4379" source="wordnet-hungarian">
         <wf lemma="A" pos="X">A</wf>
         <wf lemma="tömeg" pos="X">tömeg</wf>
         <wf lemma="nagyokat" pos="X">nagyokat</wf>
         <wf lemma="nevetett" pos="X">nevetett</wf>
         <wf lemma="a" pos="X">a</wf>
         <wf lemma="bohóc" pos="X">bohóc</wf>
         <instance id="d000.s4379.t000" lemma="ostobaság" pos="NOUN">ostobaságán</instance>
         <wf lemma="." pos="X">.</wf>
      </sentence>
      <sentence id="d000.s4380" source="wordnet-hungarian">
         <wf lemma="Foglaltattam" pos="X">Foglaltattam</wf>
         <instance id="d000.s4380.t000" lemma="asztal" pos="NOUN">asztalt</instance>
         <wf lemma="a" pos="X">a</wf>
         <wf lemma="kedvenc" pos="X">kedvenc</wf>
         <wf lemma="éttermünkben" pos="X">éttermünkben</wf>
         <wf lemma="." pos="X">.</wf>
      </sentence>
      <sentence id="d000.s4381" source="wordnet-hungarian">
         <wf lemma="Idén" pos="X">Idén</wf>
         <wf lemma="profi" pos="X">profi</wf>
         <instance id="d000.s4381.t000" lemma="ütős" pos="NOUN">ütősöket</instance>
         <wf lemma="invitáltunk" pos="X">invitáltunk</wf>
         <wf lemma="meg" pos="X">meg</wf>
         <wf lemma="," pos="X">,</wf>
         <wf lemma="hogy" pos="X">hogy</wf>
         <wf lemma="közösen" pos="X">közösen</wf>
         <wf lemma="," pos="X">,</wf>
         <wf lemma="improvizatív" pos="X">improvizatív</wf>
         <wf lemma="módon" pos="X">módon</wf>
         <wf lemma="zenéljenek" pos="X">zenéljenek</wf>
         <wf lemma="." pos="X">.</wf>
      </sentence>
      <sentence id="d000.s4382" source="wordnet-hungarian">
         <wf lemma="A" pos="X">A</wf>
         <wf lemma="Maros" pos="X">Maros</wf>
         <wf lemma="és" pos="X">és</wf>
         <wf lemma="a" pos="X">a</wf>
         <wf lemma="Tisza" pos="X">Tisza</wf>
         <instance id="d000.s4382.t000" lemma="összefolyás" pos="NOUN">összefolyásánál</instance>
         <wf lemma="fekszik" pos="X">fekszik</wf>
         <wf lemma="Szeged" pos="X">Szeged</wf>
         <wf lemma="." pos="X">.</wf>
      </sentence>
      <sentence id="d000.s4383" source="wordnet-hungarian">
         <wf lemma="A" pos="X">A</wf>
         <wf lemma="tél" pos="X">tél</wf>
         <wf lemma="a" pos="X">a</wf>
         <wf lemma="legtöbb" pos="X">legtöbb</wf>
         <instance id="d000.s4383.t000" lemma="szobanövény" pos="NOUN">szobanövény</instance>
         <wf lemma="számára" pos="X">számára</wf>
         <wf lemma="kritikus" pos="X">kritikus</wf>
         <wf lemma="időszak" pos="X">időszak</wf>
         <wf lemma="." pos="X">.</wf>
      </sentence>
      <sentence id="d000.s4384" source="wordnet-hungarian">
         <wf lemma="Szép" pos="X">Szép</wf>
         <wf lemma="állat" pos="X">állat</wf>
         <wf lemma="a" pos="X">a</wf>
         <instance id="d000.s4384.t000" lemma="hódpatkány" pos="NOUN">hódpatkány</instance>
         <wf lemma="," pos="X">,</wf>
         <wf lemma="üldögél" pos="X">üldögél</wf>
         <wf lemma="az" pos="X">az</wf>
         <wf lemma="útpadkán" pos="X">útpadkán</wf>
         <wf lemma="." pos="X">.</wf>
      </sentence>
      <sentence id="d000.s4385" source="wordnet-hungarian">
         <wf lemma="A" pos="X">A</wf>
         <wf lemma="kúpból" pos="X">kúpból</wf>
         <wf lemma="gomolygó" pos="X">gomolygó</wf>
         <wf lemma="füst" pos="X">füst</wf>
         <wf lemma="volt" pos="X">volt</wf>
         <wf lemma="a" pos="X">a</wf>
         <instance id="d000.s4385.t000" lemma="jel" pos="NOUN">jele</instance>
         <wf lemma="a" pos="X">a</wf>
         <wf lemma="közelgő" pos="X">közelgő</wf>
         <wf lemma="kitörésnek" pos="X">kitörésnek</wf>
         <wf lemma="." pos="X">.</wf>
      </sentence>
      <sentence id="d000.s4386" source="wordnet-hungarian">
         <wf lemma="A" pos="X">A</wf>
         <instance id="d000.s4386.t000" lemma="tengerpart" pos="NOUN">tengerparton</instance>
         <wf lemma="rengeteg" pos="X">rengeteg</wf>
         <wf lemma="napernyőt" pos="X">napernyőt</wf>
         <wf lemma="állítottak" pos="X">állítottak</wf>
         <wf lemma="fel" pos="X">fel</wf>
         <wf lemma="a" pos="X">a</wf>
         <wf lemma="strandolók" pos="X">strandolók</wf>
         <wf lemma="." pos="X">.</wf>
      </sentence>
      <sentence id="d000.s4387" source="wordnet-hungarian">
         <wf lemma="Az" pos="X">Az</wf>
         <instance id="d000.s4387.t000" lemma="építész" pos="NOUN">építészet</instance>
         <wf lemma="fontos" pos="X">fontos</wf>
         <wf lemma="szerepet" pos="X">szerepet</wf>
         <wf lemma="játszik" pos="X">játszik</wf>
         <wf lemma="a" pos="X">a</wf>
         <wf lemma="közérzetünk" pos="X">közérzetünk</wf>
         <wf lemma="javításában" pos="X">javításában</wf>
         <wf lemma="." pos="X">.</wf>
      </sentence>
      <sentence id="d000.s4388" source="wordnet-hungarian">
         <wf lemma="Az" pos="X">Az</wf>
         <instance id="d000.s4388.t000" lemma="ár" pos="NOUN">ár</instance>
         <wf lemma="fix" pos="X">fix</wf>
         <wf lemma="," pos="X">,</wf>
         <wf lemma="nem" pos="X">nem</wf>
         <wf lemma="lehet" pos="X">lehet</wf>
         <wf lemma="rajta" pos="X">rajta</wf>
         <wf lemma="változtatni" pos="X">változtatni</wf>
         <wf lemma="," pos="X">,</wf>
         <wf lemma="ennyibe" pos="X">ennyibe</wf>
         <wf lemma="kerül" pos="X">kerül</wf>
         <wf lemma="." pos="X">.</wf>
      </sentence>
      <sentence id="d000.s4389" source="wordnet-hungarian">
         <wf lemma="Másodikak" pos="X">Másodikak</wf>
         <wf lemma="lettünk" pos="X">lettünk</wf>
         <wf lemma="az" pos="X">az</wf>
         <wf lemma="úszóversenyen" pos="X">úszóversenyen</wf>
         <wf lemma="," pos="X">,</wf>
         <wf lemma="a" pos="X">a</wf>
         <instance id="d000.s4389.t000" lemma="váltó" pos="NOUN">váltóban</instance>
         <wf lemma="." pos="X">.</wf>
      </sentence>
      <sentence id="d000.s4390" source="wordnet-hungarian">
         <wf lemma="Az" pos="X">Az</wf>
         <wf lemma="a" pos="X">a</wf>
         <wf lemma="rövidebb" pos="X">rövidebb</wf>
         <instance id="d000.s4390.t000" lemma="léc" pos="NOUN">léc</instance>
         <wf lemma="pont" pos="X">pont</wf>
         <wf lemma="jó" pos="X">jó</wf>
         <wf lemma="lesz" pos="X">lesz</wf>
         <wf lemma="erősítésnek" pos="X">erősítésnek</wf>
         <wf lemma="a" pos="X">a</wf>
         <wf lemma="ház" pos="X">ház</wf>
         <wf lemma="oldalára" pos="X">oldalára</wf>
         <wf lemma="." pos="X">.</wf>
      </sentence>
      <sentence id="d000.s4391" source="wordnet-hungarian">
         <wf lemma="A" pos="X">A</wf>
         <instance id="d000.s4391.t000" lemma="karmester" pos="NOUN">karmester</instance>
         <wf lemma="harmóniában" pos="X">harmóniában</wf>
         <wf lemma="volt" pos="X">volt</wf>
         <wf lemma="a" pos="X">a</wf>
         <wf lemma="zenekarral" pos="X">zenekarral</wf>
         <wf lemma="." pos="X">.</wf>
      </sentence>
      <sentence id="d000.s4392" source="wordnet-hungarian">
         <wf lemma="Finn" pos="X">Finn</wf>
         <wf lemma="cég" pos="X">cég</wf>
         <wf lemma="szárított" pos="X">szárított</wf>
         <wf lemma="meggy" pos="X">meggy</wf>
         <wf lemma="behozatalához" pos="X">behozatalához</wf>
         <instance id="d000.s4392.t000" lemma="exportőr" pos="NOUN">exportőrt</instance>
         <wf lemma="keres" pos="X">keres</wf>
         <wf lemma="." pos="X">.</wf>
      </sentence>
      <sentence id="d000.s4393" source="wordnet-hungarian">
         <wf lemma="A" pos="X">A</wf>
         <instance id="d000.s4393.t000" lemma="portói" pos="NOUN">portói</instance>
         <wf lemma="portugál" pos="X">portugál</wf>
         <wf lemma="csemegebor" pos="X">csemegebor</wf>
         <wf lemma="," pos="X">,</wf>
         <wf lemma="melynek" pos="X">melynek</wf>
         <wf lemma="alkoholtartalma" pos="X">alkoholtartalma</wf>
         <wf lemma="16-20" pos="X">16-20</wf>
         <wf lemma="%" pos="X">%</wf>
         <wf lemma="," pos="X">,</wf>
         <wf lemma="nevét" pos="X">nevét</wf>
         <wf lemma="Oporto" pos="X">Oporto</wf>
         <wf lemma="városáról" pos="X">városáról</wf>
         <wf lemma="kapta" pos="X">kapta</wf>
         <wf lemma="." pos="X">.</wf>
      </sentence>
      <sentence id="d000.s4394" source="wordnet-hungarian">
         <wf lemma="A" pos="X">A</wf>
         <wf lemma="barátnőm" pos="X">barátnőm</wf>
         <wf lemma="igazi" pos="X">igazi</wf>
         <instance id="d000.s4394.t000" lemma="egyéniség" pos="NOUN">egyéniség</instance>
         <wf lemma="." pos="X">.</wf>
      </sentence>
      <sentence id="d000.s4395" source="wordnet-hungarian">
         <wf lemma="A" pos="X">A</wf>
         <wf lemma="falról" pos="X">falról</wf>
         <wf lemma="mállik" pos="X">mállik</wf>
         <wf lemma="a" pos="X">a</wf>
         <instance id="d000.s4395.t000" lemma="vakolat" pos="NOUN">vakolat</instance>
         <wf lemma="." pos="X">.</wf>
      </sentence>
      <sentence id="d000.s4396" source="wordnet-hungarian">
         <wf lemma="A" pos="X">A</wf>
         <wf lemma="templom" pos="X">templom</wf>
         <instance id="d000.s4396.t000" lemma="boltozat" pos="NOUN">boltozatát</instance>
         <wf lemma="régi" pos="X">régi</wf>
         <wf lemma="," pos="X">,</wf>
         <wf lemma="mállott" pos="X">mállott</wf>
         <wf lemma="freskók" pos="X">freskók</wf>
         <wf lemma="borították" pos="X">borították</wf>
         <wf lemma="." pos="X">.</wf>
      </sentence>
      <sentence id="d000.s4397" source="wordnet-hungarian">
         <wf lemma="A" pos="X">A</wf>
         <wf lemma="kiránduláson" pos="X">kiránduláson</wf>
         <instance id="d000.s4397.t000" lemma="alkalom" pos="NOUN">alkalmunk</instance>
         <wf lemma="nyílt" pos="X">nyílt</wf>
         <wf lemma="megtekinteni" pos="X">megtekinteni</wf>
         <wf lemma="a" pos="X">a</wf>
         <wf lemma="kiállítást" pos="X">kiállítást</wf>
         <wf lemma="is" pos="X">is</wf>
         <wf lemma="." pos="X">.</wf>
      </sentence>
      <sentence id="d000.s4398" source="wordnet-hungarian">
         <wf lemma="Jól" pos="X">Jól</wf>
         <instance id="d000.s4398.t000" lemma="ad" pos="VERB">adja</instance>
         <wf lemma="a" pos="X">a</wf>
         <wf lemma="kályha" pos="X">kályha</wf>
         <wf lemma="a" pos="X">a</wf>
         <wf lemma="meleget" pos="X">meleget</wf>
         <wf lemma="." pos="X">.</wf>
      </sentence>
      <sentence id="d000.s4399" source="wordnet-hungarian">
         <wf lemma="A" pos="X">A</wf>
         <instance id="d000.s4399.t000" lemma="hegymászás" pos="NOUN">hegymászáshoz</instance>
         <wf lemma="vennem" pos="X">vennem</wf>
         <wf lemma="kellett" pos="X">kellett</wf>
         <wf lemma="egy" pos="X">egy</wf>
         <wf lemma="új" pos="X">új</wf>
         <wf lemma="bakancsot" pos="X">bakancsot</wf>
         <wf lemma="." pos="X">.</wf>
      </sentence>
      <sentence id="d000.s4400" source="wordnet-hungarian">
         <wf lemma="Egy" pos="X">Egy</wf>
         <wf lemma="kedves" pos="X">kedves</wf>
         <instance id="d000.s4400.t000" lemma="hölgy" pos="NOUN">hölgy</instance>
         <wf lemma="segített" pos="X">segített</wf>
         <wf lemma="a" pos="X">a</wf>
         <wf lemma="hivatalban" pos="X">hivatalban</wf>
         <wf lemma="." pos="X">.</wf>
      </sentence>
      <sentence id="d000.s4401" source="wordnet-hungarian">
         <wf lemma="A" pos="X">A</wf>
         <instance id="d000.s4401.t000" lemma="kalap" pos="NOUN">kalap</instance>
         <wf lemma="a" pos="X">a</wf>
         <wf lemma="fej" pos="X">fej</wf>
         <wf lemma="koronája" pos="X">koronája</wf>
         <wf lemma="." pos="X">.</wf>
      </sentence>
      <sentence id="d000.s4402" source="wordnet-hungarian">
         <wf lemma="Felvág" pos="X">Felvág</wf>
         <wf lemma="a" pos="X">a</wf>
         <instance id="d000.s4402.t000" lemma="kutya" pos="NOUN">kutya</instance>
         <wf lemma="és" pos="X">és</wf>
         <wf lemma="hazudik" pos="X">hazudik</wf>
         <wf lemma="," pos="X">,</wf>
         <wf lemma="mintha" pos="X">mintha</wf>
         <wf lemma="könyvből" pos="X">könyvből</wf>
         <wf lemma="olvasná." pos="X">olvasná.</wf>
      </sentence>
      <sentence id="d000.s4403" source="wordnet-hungarian">
         <wf lemma="A" pos="X">A</wf>
         <instance id="d000.s4403.t000" lemma="bűvész" pos="NOUN">bűvész</instance>
         <wf lemma="egy" pos="X">egy</wf>
         <wf lemma="fehér" pos="X">fehér</wf>
         <wf lemma="nyulat" pos="X">nyulat</wf>
         <wf lemma="húzott" pos="X">húzott</wf>
         <wf lemma="elő" pos="X">elő</wf>
         <wf lemma="a" pos="X">a</wf>
         <wf lemma="kalapból" pos="X">kalapból</wf>
         <wf lemma="." pos="X">.</wf>
      </sentence>
      <sentence id="d000.s4404" source="wordnet-hungarian">
         <wf lemma="Éppen" pos="X">Éppen</wf>
         <wf lemma="a" pos="X">a</wf>
         <wf lemma="döntő" pos="X">döntő</wf>
         <instance id="d000.s4404.t000" lemma="időpont" pos="NOUN">időpontban</instance>
         <wf lemma="érkezett" pos="X">érkezett</wf>
         <wf lemma="." pos="X">.</wf>
      </sentence>
      <sentence id="d000.s4405" source="wordnet-hungarian">
         <wf lemma="Az" pos="X">Az</wf>
         <wf lemma="épület" pos="X">épület</wf>
         <wf lemma="megőrizte" pos="X">megőrizte</wf>
         <wf lemma="eredeti" pos="X">eredeti</wf>
         <instance id="d000.s4405.t000" lemma="felépítés" pos="NOUN">felépítését</instance>
         <wf lemma="." pos="X">.</wf>
      </sentence>
      <sentence id="d000.s4406" source="wordnet-hungarian">
         <wf lemma="A" pos="X">A</wf>
         <wf lemma="főnököm" pos="X">főnököm</wf>
         <wf lemma="egész" pos="X">egész</wf>
         <wf lemma="nap" pos="X">nap</wf>
         <wf lemma="tárgyalásokat" pos="X">tárgyalásokat</wf>
         <instance id="d000.s4406.t000" lemma="folytat" pos="VERB">folytatott</instance>
         <wf lemma="különböző" pos="X">különböző</wf>
         <wf lemma="üzletemberekkel" pos="X">üzletemberekkel</wf>
         <wf lemma="." pos="X">.</wf>
      </sentence>
      <sentence id="d000.s4407" source="wordnet-hungarian">
         <wf lemma="A" pos="X">A</wf>
         <instance id="d000.s4407.t000" lemma="nyeremény" pos="NOUN">nyereményből</instance>
         <wf lemma="vett" pos="X">vett</wf>
         <wf lemma="meagának" pos="X">meagának</wf>
         <wf lemma="egy" pos="X">egy</wf>
         <wf lemma="új" pos="X">új</wf>
         <wf lemma="autót" pos="X">autót</wf>
         <wf lemma="." pos="X">.</wf>
      </sentence>
      <sentence id="d000.s4408" source="wordnet-hungarian">
         <wf lemma="A" pos="X">A</wf>
         <instance id="d000.s4408.t000" lemma="disznóól" pos="NOUN">disznóólban</instance>
         <wf lemma="ki" pos="X">ki</wf>
         <wf lemma="kellene" pos="X">kellene</wf>
         <wf lemma="már" pos="X">már</wf>
         <wf lemma="takarítani" pos="X">takarítani</wf>
         <wf lemma="." pos="X">.</wf>
      </sentence>
      <sentence id="d000.s4409" source="wordnet-hungarian">
         <wf lemma="Srí" pos="X">Srí</wf>
         <wf lemma="Lankán" pos="X">Lankán</wf>
         <wf lemma="1983" pos="X">1983</wf>
         <wf lemma="óta" pos="X">óta</wf>
         <wf lemma="polgárháború" pos="X">polgárháború</wf>
         <wf lemma="dúl" pos="X">dúl</wf>
         <wf lemma="a" pos="X">a</wf>
         <wf lemma="hindu" pos="X">hindu</wf>
         <instance id="d000.s4409.t000" lemma="tamil" pos="NOUN">tamilok</instance>
         <wf lemma="és" pos="X">és</wf>
         <wf lemma="buddhista" pos="X">buddhista</wf>
         <wf lemma="szingalézek" pos="X">szingalézek</wf>
         <wf lemma="között" pos="X">között</wf>
         <wf lemma="." pos="X">.</wf>
      </sentence>
      <sentence id="d000.s4410" source="wordnet-hungarian">
         <wf lemma="Valami" pos="X">Valami</wf>
         <wf lemma="bajt" pos="X">bajt</wf>
         <instance id="d000.s4410.t000" lemma="érez" pos="VERB">érzek</instance>
         <wf lemma="." pos="X">.</wf>
      </sentence>
      <sentence id="d000.s4411" source="wordnet-hungarian">
         <wf lemma="Súlyos" pos="X">Súlyos</wf>
         <wf lemma="gond" pos="X">gond</wf>
         <wf lemma="a" pos="X">a</wf>
         <wf lemma="termőtalaj" pos="X">termőtalaj</wf>
         <instance id="d000.s4411.t000" lemma="erózió" pos="NOUN">eróziója</instance>
         <wf lemma="," pos="X">,</wf>
         <wf lemma="ami" pos="X">ami</wf>
         <wf lemma="befolyásolja" pos="X">befolyásolja</wf>
         <wf lemma="a" pos="X">a</wf>
         <wf lemma="gabona" pos="X">gabona</wf>
         <wf lemma="termelését" pos="X">termelését</wf>
         <wf lemma="." pos="X">.</wf>
      </sentence>
      <sentence id="d000.s4412" source="wordnet-hungarian">
         <wf lemma="A" pos="X">A</wf>
         <instance id="d000.s4412.t000" lemma="bors" pos="NOUN">bors</instance>
         <wf lemma="a" pos="X">a</wf>
         <wf lemma="só" pos="X">só</wf>
         <wf lemma="után" pos="X">után</wf>
         <wf lemma="az" pos="X">az</wf>
         <wf lemma="egyik" pos="X">egyik</wf>
         <wf lemma="leggyakrabban" pos="X">leggyakrabban</wf>
         <wf lemma="használt" pos="X">használt</wf>
         <wf lemma="ízesítő" pos="X">ízesítő</wf>
         <wf lemma="." pos="X">.</wf>
      </sentence>
      <sentence id="d000.s4413" source="wordnet-hungarian">
         <wf lemma="Komoly" pos="X">Komoly</wf>
         <instance id="d000.s4413.t000" lemma="kétség" pos="NOUN">kétségeim</instance>
         <wf lemma="voltak" pos="X">voltak</wf>
         <wf lemma="az" pos="X">az</wf>
         <wf lemma="ügy" pos="X">ügy</wf>
         <wf lemma="kimenetelét" pos="X">kimenetelét</wf>
         <wf lemma="illetően" pos="X">illetően</wf>
         <wf lemma="." pos="X">.</wf>
      </sentence>
      <sentence id="d000.s4414" source="wordnet-hungarian">
         <wf lemma="A" pos="X">A</wf>
         <wf lemma="média" pos="X">média</wf>
         <instance id="d000.s4414.t000" lemma="üzletág" pos="NOUN">üzletág</instance>
         <wf lemma="fejlődése" pos="X">fejlődése</wf>
         <wf lemma="nagy" pos="X">nagy</wf>
         <wf lemma="hatással" pos="X">hatással</wf>
         <wf lemma="van" pos="X">van</wf>
         <wf lemma="a" pos="X">a</wf>
         <wf lemma="társadalmi" pos="X">társadalmi</wf>
         <wf lemma="viszonyokra" pos="X">viszonyokra</wf>
         <wf lemma="is" pos="X">is</wf>
         <wf lemma="." pos="X">.</wf>
      </sentence>
      <sentence id="d000.s4415" source="wordnet-hungarian">
         <wf lemma="A" pos="X">A</wf>
         <wf lemma="látható" pos="X">látható</wf>
         <instance id="d000.s4415.t000" lemma="alakzat" pos="NOUN">alakzat</instance>
         <wf lemma="nem" pos="X">nem</wf>
         <wf lemma="hasonlított" pos="X">hasonlított</wf>
         <wf lemma="semmihez" pos="X">semmihez</wf>
         <wf lemma="." pos="X">.</wf>
      </sentence>
      <sentence id="d000.s4416" source="wordnet-hungarian">
         <instance id="d000.s4416.t000" lemma="szövetség" pos="NOUN">Szövetségük</instance>
         <wf lemma="legyőzhetetlennek" pos="X">legyőzhetetlennek</wf>
         <wf lemma="bizonyult" pos="X">bizonyult</wf>
         <wf lemma="." pos="X">.</wf>
      </sentence>
      <sentence id="d000.s4417" source="wordnet-hungarian">
         <wf lemma="Az" pos="X">Az</wf>
         <wf lemma="Omajjádok" pos="X">Omajjádok</wf>
         <wf lemma="egészen" pos="X">egészen</wf>
         <wf lemma="750-ig" pos="X">750-ig</wf>
         <wf lemma="tartották" pos="X">tartották</wf>
         <wf lemma="damaszkuszi" pos="X">damaszkuszi</wf>
         <instance id="d000.s4417.t000" lemma="kalifa" pos="NOUN">kalifa</instance>
         <wf lemma="címüket" pos="X">címüket</wf>
         <wf lemma="." pos="X">.</wf>
      </sentence>
      <sentence id="d000.s4418" source="wordnet-hungarian">
         <wf lemma="Edit" pos="X">Edit</wf>
         <wf lemma="néni" pos="X">néni</wf>
         <instance id="d000.s4418.t000" lemma="vezet" pos="VERB">vezeti</instance>
         <wf lemma="a" pos="X">a</wf>
         <wf lemma="rajzszakkört" pos="X">rajzszakkört</wf>
         <wf lemma="." pos="X">.</wf>
      </sentence>
      <sentence id="d000.s4419" source="wordnet-hungarian">
         <wf lemma="Csak" pos="X">Csak</wf>
         <wf lemma="ez" pos="X">ez</wf>
         <wf lemma="a" pos="X">a</wf>
         <wf lemma="két" pos="X">két</wf>
         <wf lemma="fehér" pos="X">fehér</wf>
         <instance id="d000.s4419.t000" lemma="csík" pos="NOUN">csík</instance>
         <wf lemma="maradhat" pos="X">maradhat</wf>
         <wf lemma="." pos="X">.</wf>
      </sentence>
      <sentence id="d000.s4420" source="wordnet-hungarian">
         <wf lemma="Érvelését" pos="X">Érvelését</wf>
         <instance id="d000.s4420.t000" lemma="tény" pos="NOUN">tények</instance>
         <wf lemma="egész" pos="X">egész</wf>
         <wf lemma="sorával" pos="X">sorával</wf>
         <wf lemma="támasztotta" pos="X">támasztotta</wf>
         <wf lemma="alá" pos="X">alá</wf>
         <wf lemma="." pos="X">.</wf>
      </sentence>
      <sentence id="d000.s4421" source="wordnet-hungarian">
         <wf lemma="Mi" pos="X">Mi</wf>
         <wf lemma="az" pos="X">az</wf>
         <instance id="d000.s4421.t000" lemma="értelem" pos="NOUN">értelme</instance>
         <wf lemma="ennek" pos="X">ennek</wf>
         <wf lemma="a" pos="X">a</wf>
         <wf lemma="közmondásnak" pos="X">közmondásnak</wf>
         <wf lemma="?" pos="X">?</wf>
      </sentence>
      <sentence id="d000.s4422" source="wordnet-hungarian">
         <wf lemma="A" pos="X">A</wf>
         <wf lemma="négy" pos="X">négy</wf>
         <wf lemma="alapelem" pos="X">alapelem</wf>
         <wf lemma="egyike" pos="X">egyike</wf>
         <wf lemma="a" pos="X">a</wf>
         <instance id="d000.s4422.t000" lemma="föld" pos="NOUN">föld</instance>
         <wf lemma="." pos="X">.</wf>
      </sentence>
      <sentence id="d000.s4423" source="wordnet-hungarian">
         <wf lemma="Az" pos="X">Az</wf>
         <wf lemma="Adria" pos="X">Adria</wf>
         <wf lemma="Gomilica" pos="X">Gomilica</wf>
         <instance id="d000.s4423.t000" lemma="fok" pos="NOUN">fok</instance>
         <wf lemma="körüli" pos="X">körüli</wf>
         <wf lemma="területe" pos="X">területe</wf>
         <wf lemma="alkalmas" pos="X">alkalmas</wf>
         <wf lemma="a" pos="X">a</wf>
         <wf lemma="vízalatti" pos="X">vízalatti</wf>
         <wf lemma="halászásra" pos="X">halászásra</wf>
         <wf lemma="." pos="X">.</wf>
      </sentence>
      <sentence id="d000.s4424" source="wordnet-hungarian">
         <wf lemma="A" pos="X">A</wf>
         <wf lemma="termelést" pos="X">termelést</wf>
         <wf lemma="a" pos="X">a</wf>
         <instance id="d000.s4424.t000" lemma="piac" pos="NOUN">piac</instance>
         <wf lemma="igényeihez" pos="X">igényeihez</wf>
         <wf lemma="igazítják" pos="X">igazítják</wf>
         <wf lemma="." pos="X">.</wf>
      </sentence>
      <sentence id="d000.s4425" source="wordnet-hungarian">
         <wf lemma="A" pos="X">A</wf>
         <instance id="d000.s4425.t000" lemma="hasis" pos="NOUN">hasis</instance>
         <wf lemma="tízszer" pos="X">tízszer</wf>
         <wf lemma="erősebb" pos="X">erősebb</wf>
         <wf lemma="," pos="X">,</wf>
         <wf lemma="mint" pos="X">mint</wf>
         <wf lemma="a" pos="X">a</wf>
         <wf lemma="marihuána" pos="X">marihuána</wf>
         <wf lemma="." pos="X">.</wf>
      </sentence>
      <sentence id="d000.s4426" source="wordnet-hungarian">
         <wf lemma="Ez" pos="X">Ez</wf>
         <wf lemma="a" pos="X">a</wf>
         <instance id="d000.s4426.t000" lemma="forma" pos="NOUN">forma</instance>
         <wf lemma="a" pos="X">a</wf>
         <wf lemma="legmegfelelőbb" pos="X">legmegfelelőbb</wf>
         <wf lemma="a" pos="X">a</wf>
         <wf lemma="vízben" pos="X">vízben</wf>
         <wf lemma="való" pos="X">való</wf>
         <wf lemma="gyors" pos="X">gyors</wf>
         <wf lemma="előrejutáshoz" pos="X">előrejutáshoz</wf>
         <wf lemma="." pos="X">.</wf>
      </sentence>
      <sentence id="d000.s4427" source="wordnet-hungarian">
         <wf lemma="Most" pos="X">Most</wf>
         <wf lemma="egy" pos="X">egy</wf>
         <wf lemma="pillanatra" pos="X">pillanatra</wf>
         <instance id="d000.s4427.t000" lemma="megáll" pos="VERB">megállok</instance>
         <wf lemma="," pos="X">,</wf>
         <wf lemma="addig" pos="X">addig</wf>
         <wf lemma="írják" pos="X">írják</wf>
         <wf lemma="le" pos="X">le</wf>
         <wf lemma="az" pos="X">az</wf>
         <wf lemma="előbbi" pos="X">előbbi</wf>
         <wf lemma="mondataimat" pos="X">mondataimat</wf>
         <wf lemma="." pos="X">.</wf>
      </sentence>
   </text>
</corpus>
