<?xml version="1.0" encoding="UTF-8"?>
<corpus lang="da" name="test-da" sources="wordnet-danish">
   <text id="d000">
      <sentence id="d000.s000" source="wordnet-danish">
         <wf lemma="mylderet" pos="X">mylderet</wf>
         <wf lemma="af" pos="X">af</wf>
         <wf lemma="iagttagelser" pos="X">iagttagelser</wf>
         <wf lemma="," pos="X">,</wf>
         <wf lemma="forsøg" pos="X">forsøg</wf>
         <wf lemma="og" pos="X">og</wf>
         <wf lemma="målinger" pos="X">målinger</wf>
         <wf lemma="bliver" pos="X">bliver</wf>
         <wf lemma="først" pos="X">først</wf>
         <wf lemma="til" pos="X">til</wf>
         <instance id="d000.s000.t000" lemma="fysik" pos="NOUN">fysik</instance>
         <wf lemma="," pos="X">,</wf>
         <wf lemma="når" pos="X">når</wf>
         <wf lemma="det" pos="X">det</wf>
         <wf lemma="systematiseres" pos="X">systematiseres</wf>
         <wf lemma="med" pos="X">med</wf>
         <wf lemma="menneskeskabt" pos="X">menneskeskabt</wf>
         <wf lemma="matematik" pos="X">matematik</wf>
         <wf lemma="." pos="X">.</wf>
      </sentence>
      <sentence id="d000.s001" source="wordnet-danish">
         <wf lemma="Han" pos="X">Han</wf>
         <instance id="d000.s001.t000" lemma="høre" pos="VERB">hørte</instance>
         <wf lemma="hende" pos="X">hende</wf>
         <wf lemma="stå" pos="X">stå</wf>
         <wf lemma="op" pos="X">op</wf>
         <wf lemma="af" pos="X">af</wf>
         <wf lemma="sengen" pos="X">sengen</wf>
         <wf lemma="og" pos="X">og</wf>
         <wf lemma="lyden" pos="X">lyden</wf>
         <wf lemma="af" pos="X">af</wf>
         <wf lemma="de" pos="X">de</wf>
         <wf lemma="bare" pos="X">bare</wf>
         <wf lemma="fødder" pos="X">fødder</wf>
         <wf lemma="mod" pos="X">mod</wf>
         <wf lemma="gulvet" pos="X">gulvet</wf>
         <wf lemma="." pos="X">.</wf>
      </sentence>
      <sentence id="d000.s002" source="wordnet-danish">
         <wf lemma="I" pos="X">I</wf>
         <wf lemma="årene" pos="X">årene</wf>
         <wf lemma="fra" pos="X">fra</wf>
         <wf lemma="1957-1967" pos="X">1957-1967</wf>
         <instance id="d000.s002.t000" lemma="skabe" pos="VERB">skabtes</instance>
         <wf lemma="der" pos="X">der</wf>
         <wf lemma="33" pos="X">33</wf>
         <wf lemma="nye" pos="X">nye</wf>
         <wf lemma="stater" pos="X">stater</wf>
         <wf lemma="i" pos="X">i</wf>
         <wf lemma="Afrika" pos="X">Afrika</wf>
         <wf lemma="." pos="X">.</wf>
      </sentence>
      <sentence id="d000.s003" source="wordnet-danish">
         <wf lemma="Venskabet" pos="X">Venskabet</wf>
         <wf lemma="og" pos="X">og</wf>
         <wf lemma="forståelsen" pos="X">forståelsen</wf>
         <wf lemma="for" pos="X">for</wf>
         <wf lemma="hinanden" pos="X">hinanden</wf>
         <wf lemma="er" pos="X">er</wf>
         <wf lemma="det" pos="X">det</wf>
         <wf lemma="eneste" pos="X">eneste</wf>
         <wf lemma="," pos="X">,</wf>
         <wf lemma="der" pos="X">der</wf>
         <wf lemma="kan" pos="X">kan</wf>
         <wf lemma="få" pos="X">få</wf>
         <wf lemma="et" pos="X">et</wf>
         <wf lemma="forhold" pos="X">forhold</wf>
         <wf lemma="eller" pos="X">eller</wf>
         <instance id="d000.s003.t000" lemma="ægteskab" pos="NOUN">ægteskab</instance>
         <wf lemma="til" pos="X">til</wf>
         <wf lemma="at" pos="X">at</wf>
         <wf lemma="køre" pos="X">køre</wf>
         <wf lemma="." pos="X">.</wf>
      </sentence>
      <sentence id="d000.s004" source="wordnet-danish">
         <wf lemma="Hans" pos="X">Hans</wf>
         <wf lemma="bekymring" pos="X">bekymring</wf>
         <instance id="d000.s004.t000" lemma="irritere" pos="VERB">irriterede</instance>
         <wf lemma="hende" pos="X">hende</wf>
         <wf lemma="grænseløst" pos="X">grænseløst</wf>
         <wf lemma="." pos="X">.</wf>
      </sentence>
      <sentence id="d000.s005" source="wordnet-danish">
         <wf lemma="På" pos="X">På</wf>
         <wf lemma="klitterne" pos="X">klitterne</wf>
         <wf lemma="ned" pos="X">ned</wf>
         <wf lemma="mod" pos="X">mod</wf>
         <wf lemma="fyret" pos="X">fyret</wf>
         <instance id="d000.s005.t000" lemma="plante" pos="VERB">plantede</instance>
         <wf lemma="man" pos="X">man</wf>
         <wf lemma="gråris" pos="X">gråris</wf>
         <wf lemma="og" pos="X">og</wf>
         <wf lemma="marehalm" pos="X">marehalm</wf>
         <wf lemma="," pos="X">,</wf>
         <wf lemma="der" pos="X">der</wf>
         <wf lemma="kunne" pos="X">kunne</wf>
         <wf lemma="binde" pos="X">binde</wf>
         <wf lemma="sandet" pos="X">sandet</wf>
         <wf lemma="." pos="X">.</wf>
      </sentence>
      <sentence id="d000.s006" source="wordnet-danish">
         <wf lemma="I" pos="X">I</wf>
         <wf lemma="marts" pos="X">marts</wf>
         <wf lemma="1936" pos="X">1936</wf>
         <wf lemma="blev" pos="X">blev</wf>
         <wf lemma="der" pos="X">der</wf>
         <wf lemma="fremsat" pos="X">fremsat</wf>
         <wf lemma="planer" pos="X">planer</wf>
         <wf lemma="om" pos="X">om</wf>
         <wf lemma="en" pos="X">en</wf>
         <instance id="d000.s006.t000" lemma="bro" pos="NOUN">bro</instance>
         <wf lemma="over" pos="X">over</wf>
         <wf lemma="Storebælt" pos="X">Storebælt</wf>
         <wf lemma="fra" pos="X">fra</wf>
         <wf lemma="Korsør" pos="X">Korsør</wf>
         <wf lemma="over" pos="X">over</wf>
         <wf lemma="Sprogø" pos="X">Sprogø</wf>
         <wf lemma="til" pos="X">til</wf>
         <wf lemma="Nyborg" pos="X">Nyborg</wf>
         <wf lemma="." pos="X">.</wf>
      </sentence>
      <sentence id="d000.s007" source="wordnet-danish">
         <wf lemma="En" pos="X">En</wf>
         <wf lemma="af" pos="X">af</wf>
         <wf lemma="kutterne" pos="X">kutterne</wf>
         <wf lemma="var" pos="X">var</wf>
         <wf lemma="lige" pos="X">lige</wf>
         <wf lemma="kommet" pos="X">kommet</wf>
         <wf lemma="ind" pos="X">ind</wf>
         <wf lemma="," pos="X">,</wf>
         <wf lemma="og" pos="X">og</wf>
         <instance id="d000.s007.t000" lemma="fisker" pos="NOUN">fiskerne</instance>
         <wf lemma="stod" pos="X">stod</wf>
         <wf lemma="i" pos="X">i</wf>
         <wf lemma="deres" pos="X">deres</wf>
         <wf lemma="waders" pos="X">waders</wf>
         <wf lemma="og" pos="X">og</wf>
         <wf lemma="blå" pos="X">blå</wf>
         <wf lemma="sømandstrøjer" pos="X">sømandstrøjer</wf>
         <wf lemma="og" pos="X">og</wf>
         <wf lemma="rensede" pos="X">rensede</wf>
         <wf lemma="garn" pos="X">garn</wf>
         <wf lemma="." pos="X">.</wf>
      </sentence>
      <sentence id="d000.s008" source="wordnet-danish">
         <wf lemma="New" pos="X">New</wf>
         <wf lemma="York" pos="X">York</wf>
         <wf lemma="er" pos="X">er</wf>
         <instance id="d000.s008.t000" lemma="rædsom" pos="ADJ">rædsom</instance>
         <wf lemma="på" pos="X">på</wf>
         <wf lemma="denne" pos="X">denne</wf>
         <wf lemma="årstid" pos="X">årstid</wf>
         <wf lemma="!" pos="X">!</wf>
      </sentence>
      <sentence id="d000.s009" source="wordnet-danish">
         <wf lemma="Efter" pos="X">Efter</wf>
         <wf lemma="et" pos="X">et</wf>
         <wf lemma="par" pos="X">par</wf>
         <wf lemma="timer" pos="X">timer</wf>
         <wf lemma="var" pos="X">var</wf>
         <wf lemma="folk" pos="X">folk</wf>
         <wf lemma="blevet" pos="X">blevet</wf>
         <wf lemma="mere" pos="X">mere</wf>
         <wf lemma="eller" pos="X">eller</wf>
         <wf lemma="mindre" pos="X">mindre</wf>
         <wf lemma="fulde" pos="X">fulde</wf>
         <wf lemma="," pos="X">,</wf>
         <wf lemma="og" pos="X">og</wf>
         <wf lemma="jeg" pos="X">jeg</wf>
         <wf lemma="var" pos="X">var</wf>
         <wf lemma="ingen" pos="X">ingen</wf>
         <instance id="d000.s009.t000" lemma="undtagelse" pos="NOUN">undtagelse</instance>
         <wf lemma="." pos="X">.</wf>
      </sentence>
      <sentence id="d000.s010" source="wordnet-danish">
         <wf lemma="Selv" pos="X">Selv</wf>
         <wf lemma="om" pos="X">om</wf>
         <wf lemma="landet" pos="X">landet</wf>
         <wf lemma="nok" pos="X">nok</wf>
         <wf lemma="så" pos="X">så</wf>
         <wf lemma="meget" pos="X">meget</wf>
         <wf lemma="er" pos="X">er</wf>
         <wf lemma="i" pos="X">i</wf>
         <wf lemma="politisk" pos="X">politisk</wf>
         <wf lemma="opløsning" pos="X">opløsning</wf>
         <wf lemma="og" pos="X">og</wf>
         <wf lemma="har" pos="X">har</wf>
         <wf lemma="en" pos="X">en</wf>
         <wf lemma="håbløs" pos="X">håbløs</wf>
         <wf lemma="økonomi" pos="X">økonomi</wf>
         <wf lemma="," pos="X">,</wf>
         <wf lemma="skal" pos="X">skal</wf>
         <wf lemma="man" pos="X">man</wf>
         <wf lemma="ikke" pos="X">ikke</wf>
         <wf lemma="undervurdere" pos="X">undervurdere</wf>
         <wf lemma="dets" pos="X">dets</wf>
         <wf lemma="videnskabelige" pos="X">videnskabelige</wf>
         <instance id="d000.s010.t000" lemma="potentiel" pos="NOUN">potentiel</instance>
         <wf lemma="." pos="X">.</wf>
      </sentence>
      <sentence id="d000.s011" source="wordnet-danish">
         <wf lemma="Alle" pos="X">Alle</wf>
         <wf lemma="invitationer" pos="X">invitationer</wf>
         <wf lemma="havde" pos="X">havde</wf>
         <wf lemma="han" pos="X">han</wf>
         <instance id="d000.s011.t000" lemma="afslå" pos="VERB">afslået</instance>
         <wf lemma="," pos="X">,</wf>
         <wf lemma="for" pos="X">for</wf>
         <wf lemma="at" pos="X">at</wf>
         <wf lemma="de" pos="X">de</wf>
         <wf lemma="kunne" pos="X">kunne</wf>
         <wf lemma="være" pos="X">være</wf>
         <wf lemma="sammen" pos="X">sammen</wf>
         <wf lemma="." pos="X">.</wf>
      </sentence>
      <sentence id="d000.s012" source="wordnet-danish">
         <wf lemma="Generne" pos="X">Generne</wf>
         <instance id="d000.s012.t000" lemma="kopiere" pos="VERB">kopierer</instance>
         <wf lemma="sig" pos="X">sig</wf>
         <wf lemma="selv" pos="X">selv</wf>
         <wf lemma="før" pos="X">før</wf>
         <wf lemma="celledeling" pos="X">celledeling</wf>
         <wf lemma="," pos="X">,</wf>
         <wf lemma="så" pos="X">så</wf>
         <wf lemma="alle" pos="X">alle</wf>
         <wf lemma="celler" pos="X">celler</wf>
         <wf lemma="får" pos="X">får</wf>
         <wf lemma="de" pos="X">de</wf>
         <wf lemma="samme" pos="X">samme</wf>
         <wf lemma="gener" pos="X">gener</wf>
         <wf lemma="som" pos="X">som</wf>
         <wf lemma="det" pos="X">det</wf>
         <wf lemma="befrugtede" pos="X">befrugtede</wf>
         <wf lemma="æg." pos="X">æg.</wf>
      </sentence>
      <sentence id="d000.s013" source="wordnet-danish">
         <wf lemma="Benzindamp" pos="X">Benzindamp</wf>
         <instance id="d000.s013.t000" lemma="blande" pos="VERB">blandet</instance>
         <wf lemma="med" pos="X">med</wf>
         <wf lemma="luft" pos="X">luft</wf>
         <wf lemma="antændes" pos="X">antændes</wf>
         <wf lemma="af" pos="X">af</wf>
         <wf lemma="en" pos="X">en</wf>
         <wf lemma="gnist" pos="X">gnist</wf>
         <wf lemma="fra" pos="X">fra</wf>
         <wf lemma="tændrøret" pos="X">tændrøret</wf>
         <wf lemma="i" pos="X">i</wf>
         <wf lemma="en" pos="X">en</wf>
         <wf lemma="motor" pos="X">motor</wf>
         <wf lemma="." pos="X">.</wf>
      </sentence>
      <sentence id="d000.s014" source="wordnet-danish">
         <wf lemma="Congo" pos="X">Congo</wf>
         <wf lemma="er" pos="X">er</wf>
         <wf lemma="i" pos="X">i</wf>
         <wf lemma="dag" pos="X">dag</wf>
         <wf lemma="et" pos="X">et</wf>
         <wf lemma="ludfattigt" pos="X">ludfattigt</wf>
         <wf lemma="land" pos="X">land</wf>
         <wf lemma="," pos="X">,</wf>
         <wf lemma="men" pos="X">men</wf>
         <wf lemma="i" pos="X">i</wf>
         <wf lemma="undergrunden" pos="X">undergrunden</wf>
         <wf lemma="ligger" pos="X">ligger</wf>
         <wf lemma="vældige" pos="X">vældige</wf>
         <wf lemma="forekomster" pos="X">forekomster</wf>
         <wf lemma="af" pos="X">af</wf>
         <instance id="d000.s014.t000" lemma="metal" pos="NOUN">metaller</instance>
         <wf lemma="," pos="X">,</wf>
         <wf lemma="som" pos="X">som</wf>
         <wf lemma="den" pos="X">den</wf>
         <wf lemma="industrialiserede" pos="X">industrialiserede</wf>
         <wf lemma="verden" pos="X">verden</wf>
         <wf lemma="har" pos="X">har</wf>
         <wf lemma="brug" pos="X">brug</wf>
         <wf lemma="for" pos="X">for</wf>
         <wf lemma="." pos="X">.</wf>
      </sentence>
      <sentence id="d000.s015" source="wordnet-danish">
         <wf lemma="I" pos="X">I</wf>
         <wf lemma="Jaipur" pos="X">Jaipur</wf>
         <wf lemma="gerådede" pos="X">gerådede</wf>
         <wf lemma="hinduer" pos="X">hinduer</wf>
         <wf lemma="og" pos="X">og</wf>
         <wf lemma="muslimer" pos="X">muslimer</wf>
         <wf lemma="i" pos="X">i</wf>
         <wf lemma="voldsomme" pos="X">voldsomme</wf>
         <instance id="d000.s015.t000" lemma="kamp" pos="NOUN">kampe</instance>
         <wf lemma="med" pos="X">med</wf>
         <wf lemma="knive" pos="X">knive</wf>
         <wf lemma="og" pos="X">og</wf>
         <wf lemma="jernstænger" pos="X">jernstænger</wf>
         <wf lemma="," pos="X">,</wf>
         <wf lemma="og" pos="X">og</wf>
         <wf lemma="17" pos="X">17</wf>
         <wf lemma="mennesker" pos="X">mennesker</wf>
         <wf lemma="dræbtes" pos="X">dræbtes</wf>
         <wf lemma="." pos="X">.</wf>
      </sentence>
      <sentence id="d000.s016" source="wordnet-danish">
         <wf lemma="Det" pos="X">Det</wf>
         <wf lemma="er" pos="X">er</wf>
         <wf lemma="en" pos="X">en</wf>
         <wf lemma="god" pos="X">god</wf>
         <wf lemma="idé" pos="X">idé</wf>
         <wf lemma="at" pos="X">at</wf>
         <instance id="d000.s016.t000" lemma="udnytte" pos="VERB">udnytte</instance>
         <wf lemma="tagetagen" pos="X">tagetagen</wf>
         <wf lemma="," pos="X">,</wf>
         <wf lemma="da" pos="X">da</wf>
         <wf lemma="disse" pos="X">disse</wf>
         <wf lemma="ekstra" pos="X">ekstra</wf>
         <wf lemma="kvadratmeter" pos="X">kvadratmeter</wf>
         <wf lemma="er" pos="X">er</wf>
         <wf lemma="billigere" pos="X">billigere</wf>
         <wf lemma="end" pos="X">end</wf>
         <wf lemma="en" pos="X">en</wf>
         <wf lemma="tilbygning" pos="X">tilbygning</wf>
         <wf lemma="." pos="X">.</wf>
      </sentence>
      <sentence id="d000.s017" source="wordnet-danish">
         <wf lemma="Han" pos="X">Han</wf>
         <wf lemma="så" pos="X">så</wf>
         <wf lemma="mistroisk" pos="X">mistroisk</wf>
         <wf lemma="på" pos="X">på</wf>
         <wf lemma="mig" pos="X">mig</wf>
         <wf lemma="," pos="X">,</wf>
         <wf lemma="og" pos="X">og</wf>
         <wf lemma="jeg" pos="X">jeg</wf>
         <wf lemma="var" pos="X">var</wf>
         <wf lemma="godt" pos="X">godt</wf>
         <wf lemma="klar" pos="X">klar</wf>
         <wf lemma="over" pos="X">over</wf>
         <wf lemma="at" pos="X">at</wf>
         <wf lemma="jeg" pos="X">jeg</wf>
         <wf lemma="havde" pos="X">havde</wf>
         <wf lemma="betjent" pos="X">betjent</wf>
         <wf lemma="mig" pos="X">mig</wf>
         <wf lemma="af" pos="X">af</wf>
         <wf lemma="mine" pos="X">mine</wf>
         <wf lemma="sproglige" pos="X">sproglige</wf>
         <instance id="d000.s017.t000" lemma="gave" pos="NOUN">gaver</instance>
         <wf lemma="på" pos="X">på</wf>
         <wf lemma="en" pos="X">en</wf>
         <wf lemma=".." pos="X">..</wf>
         <wf lemma="lovlig" pos="X">lovlig</wf>
         <wf lemma="overdreven" pos="X">overdreven</wf>
         <wf lemma="måde" pos="X">måde</wf>
         <wf lemma="." pos="X">.</wf>
      </sentence>
      <sentence id="d000.s018" source="wordnet-danish">
         <wf lemma="Politiet" pos="X">Politiet</wf>
         <wf lemma="vil" pos="X">vil</wf>
         <wf lemma="gerne" pos="X">gerne</wf>
         <wf lemma="have" pos="X">have</wf>
         <wf lemma="henvendelser" pos="X">henvendelser</wf>
         <wf lemma="fra" pos="X">fra</wf>
         <wf lemma="eventuelle" pos="X">eventuelle</wf>
         <instance id="d000.s018.t000" lemma="vidne" pos="NOUN">vidner</instance>
         <wf lemma="," pos="X">,</wf>
         <wf lemma="der" pos="X">der</wf>
         <wf lemma="har" pos="X">har</wf>
         <wf lemma="set" pos="X">set</wf>
         <wf lemma="røveren" pos="X">røveren</wf>
         <wf lemma="." pos="X">.</wf>
      </sentence>
      <sentence id="d000.s019" source="wordnet-danish">
         <wf lemma="'Jeg" pos="X">'Jeg</wf>
         <wf lemma="er" pos="X">er</wf>
         <wf lemma="bange'" pos="X">bange'</wf>
         <wf lemma="," pos="X">,</wf>
         <wf lemma="hvisker" pos="X">hvisker</wf>
         <wf lemma="Simone" pos="X">Simone</wf>
         <wf lemma="og" pos="X">og</wf>
         <wf lemma="omfavner" pos="X">omfavner</wf>
         <wf lemma="Tom" pos="X">Tom</wf>
         <wf lemma="." pos="X">.</wf>
         <wf lemma="I" pos="X">I</wf>
         <instance id="d000.s019.t000" lemma="angst" pos="NOUN">angst</instance>
         <wf lemma="knuger" pos="X">knuger</wf>
         <wf lemma="de" pos="X">de</wf>
         <wf lemma="sig" pos="X">sig</wf>
         <wf lemma="ind" pos="X">ind</wf>
         <wf lemma="til" pos="X">til</wf>
         <wf lemma="hinanden" pos="X">hinanden</wf>
         <wf lemma="." pos="X">.</wf>
      </sentence>
      <sentence id="d000.s020" source="wordnet-danish">
         <wf lemma="Historien" pos="X">Historien</wf>
         <wf lemma="følger" pos="X">følger</wf>
         <wf lemma="et" pos="X">et</wf>
         <wf lemma="velfungerende" pos="X">velfungerende</wf>
         <wf lemma="og" pos="X">og</wf>
         <instance id="d000.s020.t000" lemma="velkendt" pos="ADJ">velkendt</instance>
         <wf lemma="skema" pos="X">skema</wf>
         <wf lemma="." pos="X">.</wf>
      </sentence>
      <sentence id="d000.s021" source="wordnet-danish">
         <wf lemma="nordtyskerne" pos="X">nordtyskerne</wf>
         <wf lemma="havde" pos="X">havde</wf>
         <wf lemma="tabt" pos="X">tabt</wf>
         <wf lemma="deres" pos="X">deres</wf>
         <wf lemma="seneste" pos="X">seneste</wf>
         <wf lemma="to" pos="X">to</wf>
         <wf lemma="udekampe" pos="X">udekampe</wf>
         <wf lemma="i" pos="X">i</wf>
         <wf lemma="Bundesligaen" pos="X">Bundesligaen</wf>
         <wf lemma="med" pos="X">med</wf>
         <wf lemma="en" pos="X">en</wf>
         <wf lemma="sammenlagt" pos="X">sammenlagt</wf>
         <instance id="d000.s021.t000" lemma="score" pos="NOUN">score</instance>
         <wf lemma="på" pos="X">på</wf>
         <wf lemma="2-7." pos="X">2-7.</wf>
      </sentence>
      <sentence id="d000.s022" source="wordnet-danish">
         <wf lemma="Han" pos="X">Han</wf>
         <wf lemma="åbnede" pos="X">åbnede</wf>
         <wf lemma="brevet" pos="X">brevet</wf>
         <wf lemma="med" pos="X">med</wf>
         <instance id="d000.s022.t000" lemma="skaft" pos="NOUN">skaftet</instance>
         <wf lemma="af" pos="X">af</wf>
         <wf lemma="sin" pos="X">sin</wf>
         <wf lemma="kaffeske" pos="X">kaffeske</wf>
         <wf lemma="." pos="X">.</wf>
      </sentence>
      <sentence id="d000.s023" source="wordnet-danish">
         <wf lemma="køerne" pos="X">køerne</wf>
         <wf lemma="stod" pos="X">stod</wf>
         <wf lemma="og" pos="X">og</wf>
         <wf lemma="gloede" pos="X">gloede</wf>
         <wf lemma="efter" pos="X">efter</wf>
         <wf lemma="ham" pos="X">ham</wf>
         <wf lemma="bag" pos="X">bag</wf>
         <wf lemma="deres" pos="X">deres</wf>
         <instance id="d000.s023.t000" lemma="hegn" pos="NOUN">hegn</instance>
         <wf lemma="." pos="X">.</wf>
      </sentence>
      <sentence id="d000.s024" source="wordnet-danish">
         <wf lemma="Ritt" pos="X">Ritt</wf>
         <wf lemma="Bjerregaard" pos="X">Bjerregaard</wf>
         <wf lemma="er" pos="X">er</wf>
         <wf lemma="kommet" pos="X">kommet</wf>
         <wf lemma="under" pos="X">under</wf>
         <wf lemma="stærk" pos="X">stærk</wf>
         <wf lemma="kritik" pos="X">kritik</wf>
         <wf lemma="i" pos="X">i</wf>
         <wf lemma="sin" pos="X">sin</wf>
         <instance id="d000.s024.t000" lemma="valgkreds" pos="NOUN">valgkreds</instance>
         <wf lemma="," pos="X">,</wf>
         <wf lemma="Otterup" pos="X">Otterup</wf>
         <wf lemma="på" pos="X">på</wf>
         <wf lemma="Fyn." pos="X">Fyn.</wf>
      </sentence>
      <sentence id="d000.s025" source="wordnet-danish">
         <wf lemma="[herskaberne" pos="X">[herskaberne</wf>
         <wf lemma="regerer]" pos="X">regerer]</wf>
         <wf lemma="over" pos="X">over</wf>
         <wf lemma="kælderhøjde" pos="X">kælderhøjde</wf>
         <wf lemma="," pos="X">,</wf>
         <wf lemma="mens" pos="X">mens</wf>
         <wf lemma="man" pos="X">man</wf>
         <wf lemma="nede" pos="X">nede</wf>
         <wf lemma="i" pos="X">i</wf>
         <instance id="d000.s025.t000" lemma="køkkenregion" pos="NOUN">køkkenregionerne</instance>
         <wf lemma="håndterer" pos="X">håndterer</wf>
         <wf lemma="lammesadler" pos="X">lammesadler</wf>
         <wf lemma="og" pos="X">og</wf>
         <wf lemma="indviklede" pos="X">indviklede</wf>
         <wf lemma="menuer" pos="X">menuer</wf>
         <wf lemma="." pos="X">.</wf>
      </sentence>
      <sentence id="d000.s026" source="wordnet-danish">
         <wf lemma="Hva'" pos="X">Hva'</wf>
         <wf lemma="faen" pos="X">faen</wf>
         <wf lemma="ska'" pos="X">ska'</wf>
         <wf lemma="jeg" pos="X">jeg</wf>
         <wf lemma="gøre" pos="X">gøre</wf>
         <wf lemma="." pos="X">.</wf>
         <wf lemma="Nøglen" pos="X">Nøglen</wf>
         <wf lemma="passer" pos="X">passer</wf>
         <wf lemma="ikke" pos="X">ikke</wf>
         <wf lemma="," pos="X">,</wf>
         <wf lemma="og" pos="X">og</wf>
         <wf lemma="nu" pos="X">nu</wf>
         <wf lemma="står" pos="X">står</wf>
         <wf lemma="der" pos="X">der</wf>
         <wf lemma="oven" pos="X">oven</wf>
         <wf lemma="i" pos="X">i</wf>
         <wf lemma="købet" pos="X">købet</wf>
         <wf lemma="en" pos="X">en</wf>
         <instance id="d000.s026.t000" lemma="idiot" pos="NOUN">idiot</instance>
         <wf lemma="og" pos="X">og</wf>
         <wf lemma="glor" pos="X">glor</wf>
         <wf lemma="på" pos="X">på</wf>
         <wf lemma="mig" pos="X">mig</wf>
         <wf lemma="." pos="X">.</wf>
      </sentence>
      <sentence id="d000.s027" source="wordnet-danish">
         <wf lemma="I" pos="X">I</wf>
         <wf lemma="det" pos="X">det</wf>
         <instance id="d000.s027.t000" lemma="ydre" pos="ADJ">ydre</instance>
         <wf lemma="står" pos="X">står</wf>
         <wf lemma="det" pos="X">det</wf>
         <wf lemma="palæagtige" pos="X">palæagtige</wf>
         <wf lemma="patricierhus" pos="X">patricierhus</wf>
         <wf lemma="stadig" pos="X">stadig</wf>
         <wf lemma="i" pos="X">i</wf>
         <wf lemma="sin" pos="X">sin</wf>
         <wf lemma="oprindelige" pos="X">oprindelige</wf>
         <wf lemma="skikkelse" pos="X">skikkelse</wf>
         <wf lemma="." pos="X">.</wf>
      </sentence>
      <sentence id="d000.s028" source="wordnet-danish">
         <wf lemma="Det" pos="X">Det</wf>
         <wf lemma="har" pos="X">har</wf>
         <wf lemma="altid" pos="X">altid</wf>
         <wf lemma="været" pos="X">været</wf>
         <wf lemma="kunsten" pos="X">kunsten</wf>
         <wf lemma="," pos="X">,</wf>
         <wf lemma="der" pos="X">der</wf>
         <wf lemma="har" pos="X">har</wf>
         <wf lemma="været" pos="X">været</wf>
         <instance id="d000.s028.t000" lemma="drivværk" pos="NOUN">drivværket</instance>
         <wf lemma="," pos="X">,</wf>
         <wf lemma="ikke" pos="X">ikke</wf>
         <wf lemma="pengene" pos="X">pengene</wf>
         <wf lemma="." pos="X">.</wf>
      </sentence>
      <sentence id="d000.s029" source="wordnet-danish">
         <wf lemma="En" pos="X">En</wf>
         <wf lemma="so" pos="X">so</wf>
         <wf lemma="plejer" pos="X">plejer</wf>
         <wf lemma="at" pos="X">at</wf>
         <wf lemma="få" pos="X">få</wf>
         <wf lemma="9-10" pos="X">9-10</wf>
         <instance id="d000.s029.t000" lemma="gris" pos="NOUN">grise</instance>
         <wf lemma="ad" pos="X">ad</wf>
         <wf lemma="gangen" pos="X">gangen</wf>
         <wf lemma="." pos="X">.</wf>
      </sentence>
      <sentence id="d000.s030" source="wordnet-danish">
         <wf lemma="Tegn" pos="X">Tegn</wf>
         <wf lemma=".." pos="X">..</wf>
         <wf lemma="boligen" pos="X">boligen</wf>
         <wf lemma="i" pos="X">i</wf>
         <wf lemma="målestoksforhold" pos="X">målestoksforhold</wf>
         <wf lemma="1:100" pos="X">1:100</wf>
         <wf lemma="." pos="X">.</wf>
         <wf lemma="Angiv" pos="X">Angiv</wf>
         <wf lemma="på" pos="X">på</wf>
         <wf lemma="tegningen" pos="X">tegningen</wf>
         <instance id="d000.s030.t000" lemma="længde" pos="NOUN">længde</instance>
         <wf lemma="og" pos="X">og</wf>
         <wf lemma="bredde" pos="X">bredde</wf>
         <wf lemma="af" pos="X">af</wf>
         <wf lemma="hvert" pos="X">hvert</wf>
         <wf lemma="rum" pos="X">rum</wf>
         <wf lemma="." pos="X">.</wf>
      </sentence>
      <sentence id="d000.s031" source="wordnet-danish">
         <wf lemma="Hun" pos="X">Hun</wf>
         <wf lemma="var" pos="X">var</wf>
         <wf lemma="ikke" pos="X">ikke</wf>
         <wf lemma="bange" pos="X">bange</wf>
         <wf lemma="for" pos="X">for</wf>
         <wf lemma="at" pos="X">at</wf>
         <wf lemma="dø" pos="X">dø</wf>
         <wf lemma="," pos="X">,</wf>
         <wf lemma="men" pos="X">men</wf>
         <wf lemma="tit" pos="X">tit</wf>
         <instance id="d000.s031.t000" lemma="ængstelig" pos="ADJ">ængstelig</instance>
         <wf lemma="for" pos="X">for</wf>
         <wf lemma="," pos="X">,</wf>
         <wf lemma="at" pos="X">at</wf>
         <wf lemma="der" pos="X">der</wf>
         <wf lemma="skulle" pos="X">skulle</wf>
         <wf lemma="ske" pos="X">ske</wf>
         <wf lemma="os" pos="X">os</wf>
         <wf lemma="andre" pos="X">andre</wf>
         <wf lemma="noget" pos="X">noget</wf>
         <wf lemma="." pos="X">.</wf>
      </sentence>
      <sentence id="d000.s032" source="wordnet-danish">
         <wf lemma="Der" pos="X">Der</wf>
         <wf lemma="er" pos="X">er</wf>
         <wf lemma="ikke" pos="X">ikke</wf>
         <wf lemma="mange" pos="X">mange</wf>
         <wf lemma="unge" pos="X">unge</wf>
         <wf lemma="," pos="X">,</wf>
         <wf lemma="der" pos="X">der</wf>
         <wf lemma="har" pos="X">har</wf>
         <instance id="d000.s032.t000" lemma="ambition" pos="NOUN">ambitioner</instance>
         <wf lemma="om" pos="X">om</wf>
         <wf lemma="at" pos="X">at</wf>
         <wf lemma="drive" pos="X">drive</wf>
         <wf lemma="en" pos="X">en</wf>
         <wf lemma="stor" pos="X">stor</wf>
         <wf lemma="virksomhed" pos="X">virksomhed</wf>
         <wf lemma="." pos="X">.</wf>
      </sentence>
      <sentence id="d000.s033" source="wordnet-danish">
         <wf lemma="langt" pos="X">langt</wf>
         <wf lemma="ude" pos="X">ude</wf>
         <instance id="d000.s033.t000" lemma="blinke" pos="VERB">blinker</instance>
         <wf lemma="lys" pos="X">lys</wf>
         <wf lemma="fra" pos="X">fra</wf>
         <wf lemma="skibe" pos="X">skibe</wf>
         <wf lemma="og" pos="X">og</wf>
         <wf lemma="kendingsmærker" pos="X">kendingsmærker</wf>
         <wf lemma="." pos="X">.</wf>
      </sentence>
      <sentence id="d000.s034" source="wordnet-danish">
         <wf lemma="Ude" pos="X">Ude</wf>
         <wf lemma="på" pos="X">på</wf>
         <wf lemma="badeværelset" pos="X">badeværelset</wf>
         <wf lemma="sank" pos="X">sank</wf>
         <wf lemma="han" pos="X">han</wf>
         <wf lemma="på" pos="X">på</wf>
         <wf lemma="knæ" pos="X">knæ</wf>
         <wf lemma="," pos="X">,</wf>
         <wf lemma="og" pos="X">og</wf>
         <wf lemma="brækkede" pos="X">brækkede</wf>
         <wf lemma="sig" pos="X">sig</wf>
         <wf lemma="ned" pos="X">ned</wf>
         <wf lemma="i" pos="X">i</wf>
         <instance id="d000.s034.t000" lemma="lokum" pos="NOUN">lokummet</instance>
         <wf lemma="." pos="X">.</wf>
      </sentence>
      <sentence id="d000.s035" source="wordnet-danish">
         <wf lemma="Disse" pos="X">Disse</wf>
         <wf lemma="rum" pos="X">rum</wf>
         <wf lemma="stod" pos="X">stod</wf>
         <wf lemma="i" pos="X">i</wf>
         <wf lemma="dyb" pos="X">dyb</wf>
         <instance id="d000.s035.t000" lemma="kontrast" pos="NOUN">kontrast</instance>
         <wf lemma="til" pos="X">til</wf>
         <wf lemma="de" pos="X">de</wf>
         <wf lemma="små" pos="X">små</wf>
         <wf lemma="overfyldte" pos="X">overfyldte</wf>
         <wf lemma="lejligheder" pos="X">lejligheder</wf>
         <wf lemma="på" pos="X">på</wf>
         <wf lemma="Vesterbro" pos="X">Vesterbro</wf>
         <wf lemma="," pos="X">,</wf>
         <wf lemma="hvor" pos="X">hvor</wf>
         <wf lemma="han" pos="X">han</wf>
         <wf lemma="havde" pos="X">havde</wf>
         <wf lemma="færdedes" pos="X">færdedes</wf>
         <wf lemma="de" pos="X">de</wf>
         <wf lemma="sidste" pos="X">sidste</wf>
         <wf lemma="dage" pos="X">dage</wf>
         <wf lemma="." pos="X">.</wf>
      </sentence>
      <sentence id="d000.s036" source="wordnet-danish">
         <wf lemma="frelse" pos="X">frelse</wf>
         <wf lemma="er" pos="X">er</wf>
         <wf lemma="og" pos="X">og</wf>
         <wf lemma="bliver" pos="X">bliver</wf>
         <wf lemma="stadigvæk" pos="X">stadigvæk</wf>
         <wf lemma="et" pos="X">et</wf>
         <wf lemma="spørgsmål" pos="X">spørgsmål</wf>
         <wf lemma="om" pos="X">om</wf>
         <instance id="d000.s036.t000" lemma="tro" pos="NOUN">tro</instance>
         <wf lemma="," pos="X">,</wf>
         <wf lemma="ikke" pos="X">ikke</wf>
         <wf lemma="om" pos="X">om</wf>
         <wf lemma="gerninger" pos="X">gerninger</wf>
         <wf lemma="." pos="X">.</wf>
      </sentence>
      <sentence id="d000.s037" source="wordnet-danish">
         <wf lemma="Efter" pos="X">Efter</wf>
         <wf lemma="tre" pos="X">tre</wf>
         <wf lemma="timers" pos="X">timers</wf>
         <wf lemma="sminkning" pos="X">sminkning</wf>
         <wf lemma="var" pos="X">var</wf>
         <wf lemma="hun" pos="X">hun</wf>
         <wf lemma="klar" pos="X">klar</wf>
         <wf lemma="til" pos="X">til</wf>
         <instance id="d000.s037.t000" lemma="fotograf" pos="NOUN">fotografen</instance>
         <wf lemma="," pos="X">,</wf>
         <wf lemma="en" pos="X">en</wf>
         <wf lemma="af" pos="X">af</wf>
         <wf lemma="USAs" pos="X">USAs</wf>
         <wf lemma="bedste" pos="X">bedste</wf>
         <wf lemma="," pos="X">,</wf>
         <wf lemma="der" pos="X">der</wf>
         <wf lemma="har" pos="X">har</wf>
         <wf lemma="haft" pos="X">haft</wf>
         <wf lemma="bl.a." pos="X">bl.a.</wf>
         <wf lemma="Elisabeth" pos="X">Elisabeth</wf>
         <wf lemma="Taylor" pos="X">Taylor</wf>
         <wf lemma="og" pos="X">og</wf>
         <wf lemma="Rob" pos="X">Rob</wf>
         <wf lemma="Lowe" pos="X">Lowe</wf>
         <wf lemma="foran" pos="X">foran</wf>
         <wf lemma="linsen" pos="X">linsen</wf>
         <wf lemma="." pos="X">.</wf>
      </sentence>
      <sentence id="d000.s038" source="wordnet-danish">
         <wf lemma="arbejdet" pos="X">arbejdet</wf>
         <wf lemma="var" pos="X">var</wf>
         <wf lemma="en" pos="X">en</wf>
         <instance id="d000.s038.t000" lemma="religiøs" pos="ADJ">religiøs</instance>
         <wf lemma="pligt" pos="X">pligt</wf>
         <wf lemma="." pos="X">.</wf>
      </sentence>
      <sentence id="d000.s039" source="wordnet-danish">
         <instance id="d000.s039.t000" lemma="litteratur" pos="NOUN">Litteratur</instance>
         <wf lemma="er" pos="X">er</wf>
         <wf lemma="ikke" pos="X">ikke</wf>
         <wf lemma="et" pos="X">et</wf>
         <wf lemma="indhold" pos="X">indhold</wf>
         <wf lemma="pakket" pos="X">pakket</wf>
         <wf lemma="ind" pos="X">ind</wf>
         <wf lemma="i" pos="X">i</wf>
         <wf lemma="en" pos="X">en</wf>
         <wf lemma="stil" pos="X">stil</wf>
         <wf lemma=";" pos="X">;</wf>
         <wf lemma="fremstillingsformen" pos="X">fremstillingsformen</wf>
         <wf lemma="styrer" pos="X">styrer</wf>
         <wf lemma="kunstoplevelsen" pos="X">kunstoplevelsen</wf>
         <wf lemma="," pos="X">,</wf>
         <wf lemma="den" pos="X">den</wf>
         <wf lemma="eksisterer" pos="X">eksisterer</wf>
         <wf lemma="ikke" pos="X">ikke</wf>
         <wf lemma="i" pos="X">i</wf>
         <wf lemma="et" pos="X">et</wf>
         <wf lemma="teknisk" pos="X">teknisk</wf>
         <wf lemma="rum" pos="X">rum</wf>
         <wf lemma="ved" pos="X">ved</wf>
         <wf lemma="siden" pos="X">siden</wf>
         <wf lemma="af" pos="X">af</wf>
         <wf lemma="." pos="X">.</wf>
      </sentence>
      <sentence id="d000.s040" source="wordnet-danish">
         <wf lemma="Bilens" pos="X">Bilens</wf>
         <wf lemma="fører" pos="X">fører</wf>
         <wf lemma="slap" pos="X">slap</wf>
         <wf lemma="fra" pos="X">fra</wf>
         <wf lemma="ulykken" pos="X">ulykken</wf>
         <wf lemma="uden" pos="X">uden</wf>
         <instance id="d000.s040.t000" lemma="fysisk" pos="ADJ">fysiske</instance>
         <wf lemma="mén" pos="X">mén</wf>
         <wf lemma="." pos="X">.</wf>
      </sentence>
      <sentence id="d000.s041" source="wordnet-danish">
         <wf lemma="Han" pos="X">Han</wf>
         <wf lemma="sætter" pos="X">sætter</wf>
         <wf lemma="hurtigt" pos="X">hurtigt</wf>
         <wf lemma="snoren" pos="X">snoren</wf>
         <wf lemma="fast" pos="X">fast</wf>
         <wf lemma="i" pos="X">i</wf>
         <wf lemma="hundens" pos="X">hundens</wf>
         <instance id="d000.s041.t000" lemma="halsbånd" pos="NOUN">halsbånd</instance>
         <wf lemma="," pos="X">,</wf>
         <wf lemma="og" pos="X">og</wf>
         <wf lemma="flygter" pos="X">flygter</wf>
         <wf lemma="med" pos="X">med</wf>
         <wf lemma="den" pos="X">den</wf>
         <wf lemma="ned" pos="X">ned</wf>
         <wf lemma="ad" pos="X">ad</wf>
         <wf lemma="gaden" pos="X">gaden</wf>
         <wf lemma="." pos="X">.</wf>
      </sentence>
      <sentence id="d000.s042" source="wordnet-danish">
         <wf lemma="I" pos="X">I</wf>
         <wf lemma="skal" pos="X">skal</wf>
         <wf lemma="ikke" pos="X">ikke</wf>
         <wf lemma="føle" pos="X">føle</wf>
         <wf lemma="nogen" pos="X">nogen</wf>
         <wf lemma="taknemmelighed" pos="X">taknemmelighed</wf>
         <wf lemma="over" pos="X">over</wf>
         <wf lemma="for" pos="X">for</wf>
         <wf lemma="os" pos="X">os</wf>
         <wf lemma="," pos="X">,</wf>
         <wf lemma="er" pos="X">er</wf>
         <wf lemma="mine" pos="X">mine</wf>
         <wf lemma="forældres" pos="X">forældres</wf>
         <instance id="d000.s042.t000" lemma="konstant" pos="ADJ">konstante</instance>
         <wf lemma="påmindelse" pos="X">påmindelse</wf>
         <wf lemma="," pos="X">,</wf>
         <wf lemma="mens" pos="X">mens</wf>
         <wf lemma="de" pos="X">de</wf>
         <wf lemma="gavmildt" pos="X">gavmildt</wf>
         <wf lemma="sørger" pos="X">sørger</wf>
         <wf lemma="for" pos="X">for</wf>
         <wf lemma="os." pos="X">os.</wf>
      </sentence>
      <sentence id="d000.s043" source="wordnet-danish">
         <wf lemma="'Jo" pos="X">'Jo</wf>
         <wf lemma="," pos="X">,</wf>
         <wf lemma="sig" pos="X">sig</wf>
         <wf lemma="det" pos="X">det</wf>
         <wf lemma="nu" pos="X">nu</wf>
         <wf lemma="," pos="X">,</wf>
         <wf lemma="'" pos="X">'</wf>
         <instance id="d000.s043.t000" lemma="tigge" pos="VERB">tiggede</instance>
         <wf lemma="Ella" pos="X">Ella</wf>
         <wf lemma="." pos="X">.</wf>
      </sentence>
      <sentence id="d000.s044" source="wordnet-danish">
         <wf lemma="Som" pos="X">Som</wf>
         <instance id="d000.s044.t000" lemma="emne" pos="NOUN">emne</instance>
         <wf lemma="for" pos="X">for</wf>
         <wf lemma="sin" pos="X">sin</wf>
         <wf lemma="licentiatafhandling" pos="X">licentiatafhandling</wf>
         <wf lemma="valgte" pos="X">valgte</wf>
         <wf lemma="han" pos="X">han</wf>
         <wf lemma="Thorsten" pos="X">Thorsten</wf>
         <wf lemma="Jonssons" pos="X">Jonssons</wf>
         <wf lemma="forfatterskab" pos="X">forfatterskab</wf>
         <wf lemma="." pos="X">.</wf>
      </sentence>
      <sentence id="d000.s045" source="wordnet-danish">
         <wf lemma="De" pos="X">De</wf>
         <wf lemma="fleste" pos="X">fleste</wf>
         <wf lemma="familier" pos="X">familier</wf>
         <wf lemma="har" pos="X">har</wf>
         <instance id="d000.s045.t000" lemma="udgift" pos="NOUN">udgifter</instance>
         <wf lemma="til" pos="X">til</wf>
         <wf lemma="forsikringer" pos="X">forsikringer</wf>
         <wf lemma="." pos="X">.</wf>
      </sentence>
      <sentence id="d000.s046" source="wordnet-danish">
         <wf lemma="folk" pos="X">folk</wf>
         <wf lemma="var" pos="X">var</wf>
         <wf lemma="nemme" pos="X">nemme</wf>
         <wf lemma="at" pos="X">at</wf>
         <instance id="d000.s046.t000" lemma="snyde" pos="VERB">snyde</instance>
         <wf lemma="--" pos="X">--</wf>
         <wf lemma="selv" pos="X">selv</wf>
         <wf lemma="hendes" pos="X">hendes</wf>
         <wf lemma="far" pos="X">far</wf>
         <wf lemma="og" pos="X">og</wf>
         <wf lemma="mor" pos="X">mor</wf>
         <wf lemma="--" pos="X">--</wf>
         <wf lemma="for" pos="X">for</wf>
         <wf lemma="de" pos="X">de</wf>
         <wf lemma="ville" pos="X">ville</wf>
         <wf lemma="altid" pos="X">altid</wf>
         <wf lemma="så" pos="X">så</wf>
         <wf lemma="gerne" pos="X">gerne</wf>
         <wf lemma="tro" pos="X">tro</wf>
         <wf lemma="det" pos="X">det</wf>
         <wf lemma="bedste" pos="X">bedste</wf>
         <wf lemma="." pos="X">.</wf>
      </sentence>
      <sentence id="d000.s047" source="wordnet-danish">
         <wf lemma="Om" pos="X">Om</wf>
         <wf lemma="få" pos="X">få</wf>
         <wf lemma="måneder" pos="X">måneder</wf>
         <wf lemma="sender" pos="X">sender</wf>
         <wf lemma="han" pos="X">han</wf>
         <wf lemma="det" pos="X">det</wf>
         <wf lemma="sidste" pos="X">sidste</wf>
         <instance id="d000.s047.t000" lemma="øl" pos="NOUN">øl</instance>
         <wf lemma="på" pos="X">på</wf>
         <wf lemma="markedet" pos="X">markedet</wf>
         <wf lemma="fra" pos="X">fra</wf>
         <wf lemma="byens" pos="X">byens</wf>
         <wf lemma="lokale" pos="X">lokale</wf>
         <wf lemma="bryggeri" pos="X">bryggeri</wf>
         <wf lemma="." pos="X">.</wf>
      </sentence>
      <sentence id="d000.s048" source="wordnet-danish">
         <wf lemma="Dustin" pos="X">Dustin</wf>
         <wf lemma="Hoffman" pos="X">Hoffman</wf>
         <wf lemma="og" pos="X">og</wf>
         <wf lemma="James" pos="X">James</wf>
         <wf lemma="Woods" pos="X">Woods</wf>
         <wf lemma="og" pos="X">og</wf>
         <wf lemma="flere" pos="X">flere</wf>
         <wf lemma="andre" pos="X">andre</wf>
         <wf lemma="er" pos="X">er</wf>
         <wf lemma="glimrende" pos="X">glimrende</wf>
         <instance id="d000.s048.t000" lemma="eksempel" pos="NOUN">eksempler</instance>
         <wf lemma="på" pos="X">på</wf>
         <wf lemma="," pos="X">,</wf>
         <wf lemma="at" pos="X">at</wf>
         <wf lemma="mandlige" pos="X">mandlige</wf>
         <wf lemma="skuespillere" pos="X">skuespillere</wf>
         <wf lemma="ikke" pos="X">ikke</wf>
         <wf lemma="behøver" pos="X">behøver</wf>
         <wf lemma="at" pos="X">at</wf>
         <wf lemma="ligne" pos="X">ligne</wf>
         <wf lemma="fotomodeller" pos="X">fotomodeller</wf>
         <wf lemma="." pos="X">.</wf>
      </sentence>
      <sentence id="d000.s049" source="wordnet-danish">
         <wf lemma="Han" pos="X">Han</wf>
         <wf lemma="blev" pos="X">blev</wf>
         <wf lemma="først" pos="X">først</wf>
         <wf lemma="idømt" pos="X">idømt</wf>
         <wf lemma="30" pos="X">30</wf>
         <wf lemma="års" pos="X">års</wf>
         <wf lemma="fængsel" pos="X">fængsel</wf>
         <wf lemma="og" pos="X">og</wf>
         <wf lemma="senere" pos="X">senere</wf>
         <wf lemma="totalt" pos="X">totalt</wf>
         <instance id="d000.s049.t000" lemma="frikende" pos="VERB">frikendt</instance>
         <wf lemma="for" pos="X">for</wf>
         <wf lemma="mordforsøg" pos="X">mordforsøg</wf>
         <wf lemma="på" pos="X">på</wf>
         <wf lemma="sin" pos="X">sin</wf>
         <wf lemma="kone" pos="X">kone</wf>
         <wf lemma="." pos="X">.</wf>
      </sentence>
      <sentence id="d000.s050" source="wordnet-danish">
         <wf lemma="EF-Domstolen" pos="X">EF-Domstolen</wf>
         <wf lemma="skal" pos="X">skal</wf>
         <wf lemma="sikre" pos="X">sikre</wf>
         <wf lemma="," pos="X">,</wf>
         <wf lemma="at" pos="X">at</wf>
         <instance id="d000.s050.t000" lemma="traktat" pos="NOUN">traktaterne</instance>
         <wf lemma="og" pos="X">og</wf>
         <wf lemma="de" pos="X">de</wf>
         <wf lemma="vedtagne" pos="X">vedtagne</wf>
         <wf lemma="EF-regler" pos="X">EF-regler</wf>
         <wf lemma="overholdes" pos="X">overholdes</wf>
         <wf lemma="." pos="X">.</wf>
      </sentence>
      <sentence id="d000.s051" source="wordnet-danish">
         <wf lemma="hun" pos="X">hun</wf>
         <wf lemma="var" pos="X">var</wf>
         <wf lemma="hele" pos="X">hele</wf>
         <wf lemma="slægtens" pos="X">slægtens</wf>
         <instance id="d000.s051.t000" lemma="tante" pos="NOUN">tante</instance>
         <wf lemma="Rose" pos="X">Rose</wf>
         <wf lemma="uden" pos="X">uden</wf>
         <wf lemma="smålig" pos="X">smålig</wf>
         <wf lemma="skulen" pos="X">skulen</wf>
         <wf lemma="til" pos="X">til</wf>
         <wf lemma="," pos="X">,</wf>
         <wf lemma="om" pos="X">om</wf>
         <wf lemma="det" pos="X">det</wf>
         <wf lemma="nu" pos="X">nu</wf>
         <wf lemma="også" pos="X">også</wf>
         <wf lemma="var" pos="X">var</wf>
         <wf lemma="sådan" pos="X">sådan</wf>
         <wf lemma="." pos="X">.</wf>
      </sentence>
      <sentence id="d000.s052" source="wordnet-danish">
         <wf lemma="Det" pos="X">Det</wf>
         <wf lemma="er" pos="X">er</wf>
         <wf lemma="ikke" pos="X">ikke</wf>
         <wf lemma="blot" pos="X">blot</wf>
         <wf lemma="atombomberne" pos="X">atombomberne</wf>
         <wf lemma="," pos="X">,</wf>
         <wf lemma="der" pos="X">der</wf>
         <wf lemma="truer" pos="X">truer</wf>
         <wf lemma="os" pos="X">os</wf>
         <wf lemma="med" pos="X">med</wf>
         <instance id="d000.s052.t000" lemma="undergang" pos="NOUN">undergang</instance>
         <wf lemma="," pos="X">,</wf>
         <wf lemma="men" pos="X">men</wf>
         <wf lemma="vores" pos="X">vores</wf>
         <wf lemma="mange" pos="X">mange</wf>
         <wf lemma="synder" pos="X">synder</wf>
         <wf lemma="." pos="X">.</wf>
      </sentence>
      <sentence id="d000.s053" source="wordnet-danish">
         <wf lemma="Vi" pos="X">Vi</wf>
         <wf lemma="kan" pos="X">kan</wf>
         <wf lemma="sagtens" pos="X">sagtens</wf>
         <wf lemma="more" pos="X">more</wf>
         <wf lemma="os" pos="X">os</wf>
         <wf lemma="uden" pos="X">uden</wf>
         <wf lemma="ben" pos="X">ben</wf>
         <wf lemma="," pos="X">,</wf>
         <wf lemma="sagde" pos="X">sagde</wf>
         <instance id="d000.s053.t000" lemma="deltager" pos="NOUN">deltagerne</instance>
         <wf lemma="i" pos="X">i</wf>
         <wf lemma="årets" pos="X">årets</wf>
         <wf lemma="'" pos="X">'</wf>
         <wf lemma="Handi-cup'" pos="X">Handi-cup'</wf>
         <wf lemma="på" pos="X">på</wf>
         <wf lemma="Amager" pos="X">Amager</wf>
         <wf lemma="." pos="X">.</wf>
      </sentence>
      <sentence id="d000.s054" source="wordnet-danish">
         <wf lemma="Forbikørende" pos="X">Forbikørende</wf>
         <wf lemma="biler" pos="X">biler</wf>
         <wf lemma="sendte" pos="X">sendte</wf>
         <wf lemma="kaskader" pos="X">kaskader</wf>
         <wf lemma="af" pos="X">af</wf>
         <instance id="d000.s054.t000" lemma="beskidt" pos="ADJ">beskidt</instance>
         <wf lemma="smeltevand" pos="X">smeltevand</wf>
         <wf lemma="ind" pos="X">ind</wf>
         <wf lemma="over" pos="X">over</wf>
         <wf lemma="de" pos="X">de</wf>
         <wf lemma="små" pos="X">små</wf>
         <wf lemma="karnevalsfigurer" pos="X">karnevalsfigurer</wf>
         <wf lemma="." pos="X">.</wf>
      </sentence>
      <sentence id="d000.s055" source="wordnet-danish">
         <wf lemma="Alle" pos="X">Alle</wf>
         <wf lemma="har" pos="X">har</wf>
         <wf lemma="vi" pos="X">vi</wf>
         <wf lemma="vel" pos="X">vel</wf>
         <wf lemma="prøvet" pos="X">prøvet</wf>
         <wf lemma="at" pos="X">at</wf>
         <instance id="d000.s055.t000" lemma="simulere" pos="VERB">simulere</instance>
         <wf lemma="--" pos="X">--</wf>
         <wf lemma="i" pos="X">i</wf>
         <wf lemma="hvert" pos="X">hvert</wf>
         <wf lemma="fald" pos="X">fald</wf>
         <wf lemma="for" pos="X">for</wf>
         <wf lemma="at" pos="X">at</wf>
         <wf lemma="slippe" pos="X">slippe</wf>
         <wf lemma="for" pos="X">for</wf>
         <wf lemma="at" pos="X">at</wf>
         <wf lemma="gå" pos="X">gå</wf>
         <wf lemma="i" pos="X">i</wf>
         <wf lemma="skole/til" pos="X">skole/til</wf>
         <wf lemma="eksamen" pos="X">eksamen</wf>
         <wf lemma="." pos="X">.</wf>
      </sentence>
      <sentence id="d000.s056" source="wordnet-danish">
         <wf lemma="[det" pos="X">[det</wf>
         <wf lemma="besluttedes" pos="X">besluttedes</wf>
         <wf lemma="]" pos="X">]</wf>
         <wf lemma="at" pos="X">at</wf>
         <wf lemma="nedsætte" pos="X">nedsætte</wf>
         <wf lemma="et" pos="X">et</wf>
         <instance id="d000.s056.t000" lemma="panel" pos="NOUN">panel</instance>
         <wf lemma="af" pos="X">af</wf>
         <wf lemma="verdens" pos="X">verdens</wf>
         <wf lemma="førende" pos="X">førende</wf>
         <wf lemma="eksperter" pos="X">eksperter</wf>
         <wf lemma="indenfor" pos="X">indenfor</wf>
         <wf lemma="klimatologi" pos="X">klimatologi</wf>
         <wf lemma="," pos="X">,</wf>
         <wf lemma="meteorologi" pos="X">meteorologi</wf>
         <wf lemma="," pos="X">,</wf>
         <wf lemma="geofysik" pos="X">geofysik</wf>
         <wf lemma="mv." pos="X">mv.</wf>
      </sentence>
      <sentence id="d000.s057" source="wordnet-danish">
         <wf lemma="I" pos="X">I</wf>
         <wf lemma="1937" pos="X">1937</wf>
         <wf lemma="rullede" pos="X">rullede</wf>
         <wf lemma="den" pos="X">den</wf>
         <wf lemma="første" pos="X">første</wf>
         <wf lemma="Disney" pos="X">Disney</wf>
         <wf lemma="film" pos="X">film</wf>
         <wf lemma="hen" pos="X">hen</wf>
         <wf lemma="over" pos="X">over</wf>
         <instance id="d000.s057.t000" lemma="lærred" pos="NOUN">lærredet</instance>
         <wf lemma=":" pos="X">:</wf>
         <wf lemma="Snehvide" pos="X">Snehvide</wf>
         <wf lemma="og" pos="X">og</wf>
         <wf lemma="de" pos="X">de</wf>
         <wf lemma="syv" pos="X">syv</wf>
         <wf lemma="dværge" pos="X">dværge</wf>
         <wf lemma="." pos="X">.</wf>
      </sentence>
      <sentence id="d000.s058" source="wordnet-danish">
         <wf lemma="en" pos="X">en</wf>
         <wf lemma="rimeligt" pos="X">rimeligt</wf>
         <wf lemma="begrundet" pos="X">begrundet</wf>
         <wf lemma="tvivl" pos="X">tvivl</wf>
         <wf lemma="[skal" pos="X">[skal</wf>
         <wf lemma="altid]" pos="X">altid]</wf>
         <wf lemma="komme" pos="X">komme</wf>
         <wf lemma="den" pos="X">den</wf>
         <instance id="d000.s058.t000" lemma="anklage" pos="VERB">anklagede</instance>
         <wf lemma="til" pos="X">til</wf>
         <wf lemma="gode" pos="X">gode</wf>
         <wf lemma="." pos="X">.</wf>
      </sentence>
      <sentence id="d000.s059" source="wordnet-danish">
         <wf lemma="Det" pos="X">Det</wf>
         <wf lemma="går" pos="X">går</wf>
         <wf lemma="godt" pos="X">godt</wf>
         <wf lemma="med" pos="X">med</wf>
         <wf lemma="tunnelen" pos="X">tunnelen</wf>
         <wf lemma="." pos="X">.</wf>
         <wf lemma="De" pos="X">De</wf>
         <instance id="d000.s059.t000" lemma="grave" pos="VERB">graver</instance>
         <wf lemma="på" pos="X">på</wf>
         <wf lemma="livet" pos="X">livet</wf>
         <wf lemma="løs" pos="X">løs</wf>
         <wf lemma="og" pos="X">og</wf>
         <wf lemma="er" pos="X">er</wf>
         <wf lemma="endelig" pos="X">endelig</wf>
         <wf lemma="ved" pos="X">ved</wf>
         <wf lemma="at" pos="X">at</wf>
         <wf lemma="nå" pos="X">nå</wf>
         <wf lemma="frem" pos="X">frem</wf>
         <wf lemma="." pos="X">.</wf>
      </sentence>
      <sentence id="d000.s060" source="wordnet-danish">
         <wf lemma="Det" pos="X">Det</wf>
         <wf lemma="er" pos="X">er</wf>
         <wf lemma="ikke" pos="X">ikke</wf>
         <instance id="d000.s060.t000" lemma="meningsfuld" pos="ADJ">meningsfuldt</instance>
         <wf lemma="at" pos="X">at</wf>
         <wf lemma="sige" pos="X">sige</wf>
         <wf lemma="ja" pos="X">ja</wf>
         <wf lemma="eller" pos="X">eller</wf>
         <wf lemma="nej" pos="X">nej</wf>
         <wf lemma="til" pos="X">til</wf>
         <wf lemma="genteknologi" pos="X">genteknologi</wf>
         <wf lemma="som" pos="X">som</wf>
         <wf lemma="sådan" pos="X">sådan</wf>
         <wf lemma="." pos="X">.</wf>
         <wf lemma="Vi" pos="X">Vi</wf>
         <wf lemma="må" pos="X">må</wf>
         <wf lemma="tage" pos="X">tage</wf>
         <wf lemma="stilling" pos="X">stilling</wf>
         <wf lemma="til" pos="X">til</wf>
         <wf lemma="de" pos="X">de</wf>
         <wf lemma="konkrete" pos="X">konkrete</wf>
         <wf lemma="anvendelser" pos="X">anvendelser</wf>
         <wf lemma="." pos="X">.</wf>
      </sentence>
      <sentence id="d000.s061" source="wordnet-danish">
         <wf lemma="der" pos="X">der</wf>
         <wf lemma="findes" pos="X">findes</wf>
         <wf lemma="jo" pos="X">jo</wf>
         <wf lemma="et" pos="X">et</wf>
         <instance id="d000.s061.t000" lemma="begreb" pos="NOUN">begreb</instance>
         <wf lemma="," pos="X">,</wf>
         <wf lemma="der" pos="X">der</wf>
         <wf lemma="hedder" pos="X">hedder</wf>
         <wf lemma="hadegaver" pos="X">hadegaver</wf>
         <wf lemma="." pos="X">.</wf>
         <wf lemma="Hadegaver" pos="X">Hadegaver</wf>
         <wf lemma="det" pos="X">det</wf>
         <wf lemma="er" pos="X">er</wf>
         <wf lemma="sådan" pos="X">sådan</wf>
         <wf lemma="nogle" pos="X">nogle</wf>
         <wf lemma="rædsler" pos="X">rædsler</wf>
         <wf lemma="," pos="X">,</wf>
         <wf lemma="man" pos="X">man</wf>
         <wf lemma="giver" pos="X">giver</wf>
         <wf lemma="nogen" pos="X">nogen</wf>
         <wf lemma="lidt" pos="X">lidt</wf>
         <wf lemma="for" pos="X">for</wf>
         <wf lemma="sjov" pos="X">sjov</wf>
         <wf lemma="." pos="X">.</wf>
      </sentence>
      <sentence id="d000.s062" source="wordnet-danish">
         <wf lemma="Efter" pos="X">Efter</wf>
         <wf lemma="seks" pos="X">seks</wf>
         <wf lemma="timers" pos="X">timers</wf>
         <instance id="d000.s062.t000" lemma="forhandling" pos="NOUN">forhandlinger</instance>
         <wf lemma="mente" pos="X">mente</wf>
         <wf lemma="parterne" pos="X">parterne</wf>
         <wf lemma="ikke" pos="X">ikke</wf>
         <wf lemma="," pos="X">,</wf>
         <wf lemma="at" pos="X">at</wf>
         <wf lemma="der" pos="X">der</wf>
         <wf lemma="var" pos="X">var</wf>
         <wf lemma="grund" pos="X">grund</wf>
         <wf lemma="til" pos="X">til</wf>
         <wf lemma="at" pos="X">at</wf>
         <wf lemma="fortsætte" pos="X">fortsætte</wf>
         <wf lemma="." pos="X">.</wf>
      </sentence>
      <sentence id="d000.s063" source="wordnet-danish">
         <wf lemma="Denne" pos="X">Denne</wf>
         <wf lemma="karakteristiske" pos="X">karakteristiske</wf>
         <wf lemma="tåge" pos="X">tåge</wf>
         <wf lemma="i" pos="X">i</wf>
         <instance id="d000.s063.t000" lemma="stjernebillede" pos="NOUN">stjernebilledet</instance>
         <wf lemma="Orion" pos="X">Orion</wf>
         <wf lemma="kaldes" pos="X">kaldes</wf>
         <wf lemma="Hestehovedtågen" pos="X">Hestehovedtågen</wf>
         <wf lemma="." pos="X">.</wf>
      </sentence>
      <sentence id="d000.s064" source="wordnet-danish">
         <wf lemma="Det" pos="X">Det</wf>
         <wf lemma="vestromerske" pos="X">vestromerske</wf>
         <wf lemma="[rige]" pos="X">[rige]</wf>
         <wf lemma="blev" pos="X">blev</wf>
         <wf lemma="præget" pos="X">præget</wf>
         <wf lemma="af" pos="X">af</wf>
         <wf lemma="tiltagende" pos="X">tiltagende</wf>
         <wf lemma="indre" pos="X">indre</wf>
         <wf lemma="opløsning" pos="X">opløsning</wf>
         <wf lemma="og" pos="X">og</wf>
         <wf lemma="udsat" pos="X">udsat</wf>
         <wf lemma="for" pos="X">for</wf>
         <wf lemma="invasioner" pos="X">invasioner</wf>
         <wf lemma="fra" pos="X">fra</wf>
         <wf lemma="germanske" pos="X">germanske</wf>
         <instance id="d000.s064.t000" lemma="stamme" pos="NOUN">stammer</instance>
         <wf lemma="." pos="X">.</wf>
      </sentence>
      <sentence id="d000.s065" source="wordnet-danish">
         <wf lemma="[Københavnerne]" pos="X">[Københavnerne]</wf>
         <wf lemma="er" pos="X">er</wf>
         <wf lemma="opmærksomme" pos="X">opmærksomme</wf>
         <wf lemma="." pos="X">.</wf>
         <instance id="d000.s065.t000" lemma="tabe" pos="VERB">Taber</instance>
         <wf lemma="man" pos="X">man</wf>
         <wf lemma="en" pos="X">en</wf>
         <wf lemma="pakke" pos="X">pakke</wf>
         <wf lemma="," pos="X">,</wf>
         <wf lemma="kommer" pos="X">kommer</wf>
         <wf lemma="en" pos="X">en</wf>
         <wf lemma="halv" pos="X">halv</wf>
         <wf lemma="snes" pos="X">snes</wf>
         <wf lemma="hænder" pos="X">hænder</wf>
         <wf lemma="til" pos="X">til</wf>
         <wf lemma="hjælp" pos="X">hjælp</wf>
         <wf lemma="." pos="X">.</wf>
      </sentence>
      <sentence id="d000.s066" source="wordnet-danish">
         <wf lemma="Undervisningsministeriets" pos="X">Undervisningsministeriets</wf>
         <wf lemma="departement" pos="X">departement</wf>
         <wf lemma="består" pos="X">består</wf>
         <wf lemma="i" pos="X">i</wf>
         <wf lemma="dag" pos="X">dag</wf>
         <wf lemma="af" pos="X">af</wf>
         <wf lemma="22" pos="X">22</wf>
         <instance id="d000.s066.t000" lemma="chef" pos="NOUN">chefer</instance>
         <wf lemma="og" pos="X">og</wf>
         <wf lemma="107" pos="X">107</wf>
         <wf lemma="sagsbehandlere" pos="X">sagsbehandlere</wf>
         <wf lemma="." pos="X">.</wf>
      </sentence>
      <sentence id="d000.s067" source="wordnet-danish">
         <wf lemma="det" pos="X">det</wf>
         <wf lemma="personlige" pos="X">personlige</wf>
         <instance id="d000.s067.t000" lemma="udbytte" pos="NOUN">udbytte</instance>
         <wf lemma="ved" pos="X">ved</wf>
         <wf lemma="frivilligt" pos="X">frivilligt</wf>
         <wf lemma="arbejde" pos="X">arbejde</wf>
         <wf lemma="kan" pos="X">kan</wf>
         <wf lemma="være" pos="X">være</wf>
         <wf lemma="stort" pos="X">stort</wf>
         <wf lemma="." pos="X">.</wf>
      </sentence>
      <sentence id="d000.s068" source="wordnet-danish">
         <wf lemma="[han]" pos="X">[han]</wf>
         <wf lemma="startede" pos="X">startede</wf>
         <wf lemma="med" pos="X">med</wf>
         <wf lemma="hvinende" pos="X">hvinende</wf>
         <wf lemma="dæk" pos="X">dæk</wf>
         <wf lemma="," pos="X">,</wf>
         <wf lemma="mens" pos="X">mens</wf>
         <wf lemma="han" pos="X">han</wf>
         <wf lemma="brugte" pos="X">brugte</wf>
         <instance id="d000.s068.t000" lemma="signalhorn" pos="NOUN">signalhornet</instance>
         <wf lemma="som" pos="X">som</wf>
         <wf lemma="udrykningshorn" pos="X">udrykningshorn</wf>
         <wf lemma="." pos="X">.</wf>
      </sentence>
      <sentence id="d000.s069" source="wordnet-danish">
         <wf lemma="Marx" pos="X">Marx</wf>
         <wf lemma="var" pos="X">var</wf>
         <wf lemma="en" pos="X">en</wf>
         <wf lemma="stor" pos="X">stor</wf>
         <wf lemma="ynder" pos="X">ynder</wf>
         <wf lemma="af" pos="X">af</wf>
         <wf lemma="den" pos="X">den</wf>
         <wf lemma="gamle" pos="X">gamle</wf>
         <wf lemma="græske" pos="X">græske</wf>
         <instance id="d000.s069.t000" lemma="myte" pos="NOUN">myte</instance>
         <wf lemma="om" pos="X">om</wf>
         <wf lemma="titanen" pos="X">titanen</wf>
         <wf lemma="Prometheus" pos="X">Prometheus</wf>
         <wf lemma="," pos="X">,</wf>
         <wf lemma="der" pos="X">der</wf>
         <wf lemma="stjal" pos="X">stjal</wf>
         <wf lemma="ilden" pos="X">ilden</wf>
         <wf lemma="fra" pos="X">fra</wf>
         <wf lemma="guderne" pos="X">guderne</wf>
         <wf lemma="og" pos="X">og</wf>
         <wf lemma="gav" pos="X">gav</wf>
         <wf lemma="den" pos="X">den</wf>
         <wf lemma="til" pos="X">til</wf>
         <wf lemma="menneskene" pos="X">menneskene</wf>
         <wf lemma="." pos="X">.</wf>
      </sentence>
      <sentence id="d000.s070" source="wordnet-danish">
         <wf lemma="en" pos="X">en</wf>
         <wf lemma="god" pos="X">god</wf>
         <wf lemma="le" pos="X">le</wf>
         <wf lemma="eller" pos="X">eller</wf>
         <wf lemma="en" pos="X">en</wf>
         <wf lemma="kniv" pos="X">kniv</wf>
         <wf lemma="," pos="X">,</wf>
         <instance id="d000.s070.t000" lemma="lave" pos="VERB">lavet</instance>
         <wf lemma="af" pos="X">af</wf>
         <wf lemma="hårdt" pos="X">hårdt</wf>
         <wf lemma="og" pos="X">og</wf>
         <wf lemma="godt" pos="X">godt</wf>
         <wf lemma="jern" pos="X">jern</wf>
         <wf lemma="," pos="X">,</wf>
         <wf lemma="var" pos="X">var</wf>
         <wf lemma="nok" pos="X">nok</wf>
         <wf lemma="en" pos="X">en</wf>
         <wf lemma="ordentlig" pos="X">ordentlig</wf>
         <wf lemma="pris" pos="X">pris</wf>
         <wf lemma="værd" pos="X">værd</wf>
         <wf lemma="." pos="X">.</wf>
      </sentence>
      <sentence id="d000.s071" source="wordnet-danish">
         <wf lemma="Jeg" pos="X">Jeg</wf>
         <wf lemma="blev" pos="X">blev</wf>
         <instance id="d000.s071.t000" lemma="tiltrække" pos="VERB">tiltrukket</instance>
         <wf lemma="af" pos="X">af</wf>
         <wf lemma="et" pos="X">et</wf>
         <wf lemma="udstillingsvindue" pos="X">udstillingsvindue</wf>
         <wf lemma="med" pos="X">med</wf>
         <wf lemma="en" pos="X">en</wf>
         <wf lemma="tre" pos="X">tre</wf>
         <wf lemma="meter" pos="X">meter</wf>
         <wf lemma="lang" pos="X">lang</wf>
         <wf lemma="," pos="X">,</wf>
         <wf lemma="udstoppet" pos="X">udstoppet</wf>
         <wf lemma="hammerhaj" pos="X">hammerhaj</wf>
         <wf lemma="." pos="X">.</wf>
      </sentence>
      <sentence id="d000.s072" source="wordnet-danish">
         <wf lemma="Han" pos="X">Han</wf>
         <wf lemma="drejer" pos="X">drejer</wf>
         <wf lemma="ind" pos="X">ind</wf>
         <wf lemma="i" pos="X">i</wf>
         <wf lemma="en" pos="X">en</wf>
         <wf lemma="port" pos="X">port</wf>
         <wf lemma="," pos="X">,</wf>
         <wf lemma="trykker" pos="X">trykker</wf>
         <wf lemma="på" pos="X">på</wf>
         <wf lemma="en" pos="X">en</wf>
         <wf lemma="knap" pos="X">knap</wf>
         <wf lemma="," pos="X">,</wf>
         <wf lemma="åbner" pos="X">åbner</wf>
         <wf lemma="døren" pos="X">døren</wf>
         <wf lemma="til" pos="X">til</wf>
         <instance id="d000.s072.t000" lemma="elevator" pos="NOUN">elevatoren</instance>
         <wf lemma="og" pos="X">og</wf>
         <wf lemma="står" pos="X">står</wf>
         <wf lemma="ud" pos="X">ud</wf>
         <wf lemma="på" pos="X">på</wf>
         <wf lemma="fjerde" pos="X">fjerde</wf>
         <wf lemma="sal" pos="X">sal</wf>
         <wf lemma="." pos="X">.</wf>
      </sentence>
      <sentence id="d000.s073" source="wordnet-danish">
         <wf lemma="nyistandsat" pos="X">nyistandsat</wf>
         <wf lemma="ejendom" pos="X">ejendom</wf>
         <wf lemma="med" pos="X">med</wf>
         <wf lemma=".." pos="X">..</wf>
         <wf lemma="stort" pos="X">stort</wf>
         <wf lemma="børnevenligt" pos="X">børnevenligt</wf>
         <instance id="d000.s073.t000" lemma="gårdanlæg" pos="NOUN">gårdanlæg</instance>
         <wf lemma="." pos="X">.</wf>
      </sentence>
      <sentence id="d000.s074" source="wordnet-danish">
         <wf lemma="han" pos="X">han</wf>
         <wf lemma="kendte" pos="X">kendte</wf>
         <wf lemma="overlærerens" pos="X">overlærerens</wf>
         <instance id="d000.s074.t000" lemma="sindelag" pos="NOUN">sindelag</instance>
         <wf lemma="," pos="X">,</wf>
         <wf lemma="som" pos="X">som</wf>
         <wf lemma="var" pos="X">var</wf>
         <wf lemma="barmhjertigt" pos="X">barmhjertigt</wf>
         <wf lemma="forstående" pos="X">forstående</wf>
         <wf lemma="." pos="X">.</wf>
      </sentence>
      <sentence id="d000.s075" source="wordnet-danish">
         <wf lemma="Ved" pos="X">Ved</wf>
         <wf lemma="indsendelsen" pos="X">indsendelsen</wf>
         <wf lemma="af" pos="X">af</wf>
         <wf lemma="denne" pos="X">denne</wf>
         <wf lemma="kupon" pos="X">kupon</wf>
         <wf lemma="er" pos="X">er</wf>
         <wf lemma="du" pos="X">du</wf>
         <wf lemma="automatisk" pos="X">automatisk</wf>
         <wf lemma="med" pos="X">med</wf>
         <wf lemma="i" pos="X">i</wf>
         <instance id="d000.s075.t000" lemma="lodtrækning" pos="NOUN">lodtrækningen</instance>
         <wf lemma="om" pos="X">om</wf>
         <wf lemma="SUPER-BONUS" pos="X">SUPER-BONUS</wf>
         <wf lemma="på" pos="X">på</wf>
         <wf lemma="50.000" pos="X">50.000</wf>
         <wf lemma="kroner" pos="X">kroner</wf>
         <wf lemma="." pos="X">.</wf>
      </sentence>
      <sentence id="d000.s076" source="wordnet-danish">
         <wf lemma="Hæld" pos="X">Hæld</wf>
         <wf lemma="piskefløden" pos="X">piskefløden</wf>
         <wf lemma="i" pos="X">i</wf>
         <wf lemma="en" pos="X">en</wf>
         <instance id="d000.s076.t000" lemma="skål" pos="NOUN">skål</instance>
         <wf lemma="og" pos="X">og</wf>
         <wf lemma="pisk" pos="X">pisk</wf>
         <wf lemma="den" pos="X">den</wf>
         <wf lemma="til" pos="X">til</wf>
         <wf lemma="flødeskum" pos="X">flødeskum</wf>
         <wf lemma="." pos="X">.</wf>
      </sentence>
      <sentence id="d000.s077" source="wordnet-danish">
         <wf lemma="den" pos="X">den</wf>
         <wf lemma="skæve" pos="X">skæve</wf>
         <wf lemma="og" pos="X">og</wf>
         <wf lemma="ensidige" pos="X">ensidige</wf>
         <wf lemma="sociale" pos="X">sociale</wf>
         <wf lemma="linje" pos="X">linje</wf>
         <wf lemma="," pos="X">,</wf>
         <wf lemma="regeringens" pos="X">regeringens</wf>
         <wf lemma="dominerende" pos="X">dominerende</wf>
         <wf lemma="partier" pos="X">partier</wf>
         <wf lemma="har" pos="X">har</wf>
         <wf lemma="anlagt" pos="X">anlagt</wf>
         <wf lemma="," pos="X">,</wf>
         <wf lemma="bliver" pos="X">bliver</wf>
         <wf lemma="stadig" pos="X">stadig</wf>
         <wf lemma="vanskeligere" pos="X">vanskeligere</wf>
         <wf lemma="for" pos="X">for</wf>
         <wf lemma="de" pos="X">de</wf>
         <wf lemma="to" pos="X">to</wf>
         <wf lemma="mindre" pos="X">mindre</wf>
         <wf lemma="regeringspartier" pos="X">regeringspartier</wf>
         <wf lemma="at" pos="X">at</wf>
         <instance id="d000.s077.t000" lemma="sluge" pos="VERB">sluge</instance>
         <wf lemma="." pos="X">.</wf>
      </sentence>
      <sentence id="d000.s078" source="wordnet-danish">
         <wf lemma="[meningsmålingen]" pos="X">[meningsmålingen]</wf>
         <wf lemma="viser" pos="X">viser</wf>
         <wf lemma="," pos="X">,</wf>
         <wf lemma="at" pos="X">at</wf>
         <wf lemma="holdningen" pos="X">holdningen</wf>
         <wf lemma="til" pos="X">til</wf>
         <wf lemma="vor" pos="X">vor</wf>
         <wf lemma="storebror" pos="X">storebror</wf>
         <wf lemma="mod" pos="X">mod</wf>
         <wf lemma="syd" pos="X">syd</wf>
         <wf lemma="bygger" pos="X">bygger</wf>
         <wf lemma="mere" pos="X">mere</wf>
         <wf lemma="på" pos="X">på</wf>
         <wf lemma="indgroede" pos="X">indgroede</wf>
         <instance id="d000.s078.t000" lemma="fordom" pos="NOUN">fordomme</instance>
         <wf lemma="end" pos="X">end</wf>
         <wf lemma="på" pos="X">på</wf>
         <wf lemma="konkret" pos="X">konkret</wf>
         <wf lemma="viden" pos="X">viden</wf>
         <wf lemma="." pos="X">.</wf>
      </sentence>
      <sentence id="d000.s079" source="wordnet-danish">
         <wf lemma="For" pos="X">For</wf>
         <wf lemma="højrehåndede" pos="X">højrehåndede</wf>
         <wf lemma="skal" pos="X">skal</wf>
         <wf lemma="lyset" pos="X">lyset</wf>
         <wf lemma="komme" pos="X">komme</wf>
         <wf lemma="fra" pos="X">fra</wf>
         <instance id="d000.s079.t000" lemma="venstre" pos="NOUN">venstre</instance>
         <wf lemma="," pos="X">,</wf>
         <wf lemma="og" pos="X">og</wf>
         <wf lemma="omvendt" pos="X">omvendt</wf>
         <wf lemma="for" pos="X">for</wf>
         <wf lemma="venstrehåndede" pos="X">venstrehåndede</wf>
         <wf lemma="." pos="X">.</wf>
      </sentence>
      <sentence id="d000.s080" source="wordnet-danish">
         <wf lemma="både" pos="X">både</wf>
         <wf lemma="arbejdsplan" pos="X">arbejdsplan</wf>
         <wf lemma="og" pos="X">og</wf>
         <wf lemma="disposition" pos="X">disposition</wf>
         <wf lemma="kan" pos="X">kan</wf>
         <wf lemma="ændre" pos="X">ændre</wf>
         <wf lemma="karakter" pos="X">karakter</wf>
         <wf lemma="undervejs" pos="X">undervejs</wf>
         <wf lemma="," pos="X">,</wf>
         <wf lemma="efterhånden" pos="X">efterhånden</wf>
         <wf lemma="som" pos="X">som</wf>
         <wf lemma="man" pos="X">man</wf>
         <wf lemma="får" pos="X">får</wf>
         <wf lemma="større" pos="X">større</wf>
         <wf lemma="overblik" pos="X">overblik</wf>
         <wf lemma="og" pos="X">og</wf>
         <instance id="d000.s080.t000" lemma="indsigt" pos="NOUN">indsigt</instance>
         <wf lemma="i" pos="X">i</wf>
         <wf lemma="emnet" pos="X">emnet</wf>
         <wf lemma="." pos="X">.</wf>
      </sentence>
      <sentence id="d000.s081" source="wordnet-danish">
         <wf lemma="En" pos="X">En</wf>
         <wf lemma="af" pos="X">af</wf>
         <wf lemma="kattene" pos="X">kattene</wf>
         <wf lemma="sidder" pos="X">sidder</wf>
         <wf lemma="lænet" pos="X">lænet</wf>
         <wf lemma="op" pos="X">op</wf>
         <wf lemma="ad" pos="X">ad</wf>
         <wf lemma="væggen" pos="X">væggen</wf>
         <wf lemma="i" pos="X">i</wf>
         <wf lemma="solen" pos="X">solen</wf>
         <wf lemma="og" pos="X">og</wf>
         <wf lemma="slikker" pos="X">slikker</wf>
         <instance id="d000.s081.t000" lemma="pels" pos="NOUN">pelsen</instance>
         <wf lemma="." pos="X">.</wf>
      </sentence>
      <sentence id="d000.s082" source="wordnet-danish">
         <wf lemma="På" pos="X">På</wf>
         <wf lemma="prærien" pos="X">prærien</wf>
         <wf lemma="i" pos="X">i</wf>
         <wf lemma="South" pos="X">South</wf>
         <wf lemma="Dakota" pos="X">Dakota</wf>
         <wf lemma="levede" pos="X">levede</wf>
         <wf lemma="Sioux-indianerne" pos="X">Sioux-indianerne</wf>
         <wf lemma="engang" pos="X">engang</wf>
         <wf lemma="som" pos="X">som</wf>
         <wf lemma="stolte" pos="X">stolte</wf>
         <instance id="d000.s082.t000" lemma="kriger" pos="NOUN">krigere</instance>
         <wf lemma="," pos="X">,</wf>
         <wf lemma="indtil" pos="X">indtil</wf>
         <wf lemma="de" pos="X">de</wf>
         <wf lemma="blev" pos="X">blev</wf>
         <wf lemma="drevet" pos="X">drevet</wf>
         <wf lemma="sammen" pos="X">sammen</wf>
         <wf lemma="i" pos="X">i</wf>
         <wf lemma="reservater" pos="X">reservater</wf>
         <wf lemma="." pos="X">.</wf>
      </sentence>
      <sentence id="d000.s083" source="wordnet-danish">
         <wf lemma="Dybt" pos="X">Dybt</wf>
         <wf lemma="i" pos="X">i</wf>
         <wf lemma="dit" pos="X">dit</wf>
         <instance id="d000.s083.t000" lemma="sind" pos="NOUN">sind</instance>
         <wf lemma="er" pos="X">er</wf>
         <wf lemma="der" pos="X">der</wf>
         <wf lemma="millioner" pos="X">millioner</wf>
         <wf lemma="af" pos="X">af</wf>
         <wf lemma="små" pos="X">små</wf>
         <wf lemma="skuffer" pos="X">skuffer</wf>
         <wf lemma="," pos="X">,</wf>
         <wf lemma="hvor" pos="X">hvor</wf>
         <wf lemma="du" pos="X">du</wf>
         <wf lemma="gemmer" pos="X">gemmer</wf>
         <wf lemma="alt" pos="X">alt</wf>
         <wf lemma="," pos="X">,</wf>
         <wf lemma="hvad" pos="X">hvad</wf>
         <wf lemma="der" pos="X">der</wf>
         <wf lemma="har" pos="X">har</wf>
         <wf lemma="gjort" pos="X">gjort</wf>
         <wf lemma="indtryk" pos="X">indtryk</wf>
         <wf lemma="på" pos="X">på</wf>
         <wf lemma="dig" pos="X">dig</wf>
         <wf lemma="." pos="X">.</wf>
      </sentence>
      <sentence id="d000.s084" source="wordnet-danish">
         <wf lemma="Skyer" pos="X">Skyer</wf>
         <wf lemma="bliver" pos="X">bliver</wf>
         <wf lemma="til" pos="X">til</wf>
         <wf lemma="," pos="X">,</wf>
         <wf lemma="når" pos="X">når</wf>
         <instance id="d000.s084.t000" lemma="usynlig" pos="ADJ">usynlig</instance>
         <wf lemma="vanddamp" pos="X">vanddamp</wf>
         <wf lemma="i" pos="X">i</wf>
         <wf lemma="luften" pos="X">luften</wf>
         <wf lemma="afkøles" pos="X">afkøles</wf>
         <wf lemma="og" pos="X">og</wf>
         <wf lemma="tager" pos="X">tager</wf>
         <wf lemma="form" pos="X">form</wf>
         <wf lemma="som" pos="X">som</wf>
         <wf lemma="små" pos="X">små</wf>
         <wf lemma="vanddråber" pos="X">vanddråber</wf>
         <wf lemma="." pos="X">.</wf>
      </sentence>
      <sentence id="d000.s085" source="wordnet-danish">
         <wf lemma="I" pos="X">I</wf>
         <wf lemma="'" pos="X">'</wf>
         <wf lemma="Sofiegården" pos="X">Sofiegården</wf>
         <wf lemma="'" pos="X">'</wf>
         <wf lemma="og" pos="X">og</wf>
         <wf lemma="i" pos="X">i</wf>
         <wf lemma="de" pos="X">de</wf>
         <wf lemma="andre" pos="X">andre</wf>
         <wf lemma="besatte" pos="X">besatte</wf>
         <wf lemma="ejendomme" pos="X">ejendomme</wf>
         <wf lemma="var" pos="X">var</wf>
         <wf lemma="beboerne" pos="X">beboerne</wf>
         <instance id="d000.s085.t000" lemma="fælles" pos="ADJ">fælles</instance>
         <wf lemma="om" pos="X">om</wf>
         <wf lemma="indkøb" pos="X">indkøb</wf>
         <wf lemma="og" pos="X">og</wf>
         <wf lemma="madlavning" pos="X">madlavning</wf>
         <wf lemma="." pos="X">.</wf>
      </sentence>
      <sentence id="d000.s086" source="wordnet-danish">
         <wf lemma="for" pos="X">for</wf>
         <wf lemma="nylig" pos="X">nylig</wf>
         <wf lemma="udskrev" pos="X">udskrev</wf>
         <wf lemma="Kulturministeriet" pos="X">Kulturministeriet</wf>
         <wf lemma="en" pos="X">en</wf>
         <wf lemma="konkurrence" pos="X">konkurrence</wf>
         <wf lemma="om" pos="X">om</wf>
         <instance id="d000.s086.t000" lemma="udvidelse" pos="NOUN">udvidelse</instance>
         <wf lemma="af" pos="X">af</wf>
         <wf lemma="Statens" pos="X">Statens</wf>
         <wf lemma="Museum" pos="X">Museum</wf>
         <wf lemma="for" pos="X">for</wf>
         <wf lemma="Kunst" pos="X">Kunst</wf>
         <wf lemma="." pos="X">.</wf>
      </sentence>
      <sentence id="d000.s087" source="wordnet-danish">
         <wf lemma="Den" pos="X">Den</wf>
         <wf lemma="korte" pos="X">korte</wf>
         <wf lemma="tid" pos="X">tid</wf>
         <wf lemma="døren" pos="X">døren</wf>
         <wf lemma="var" pos="X">var</wf>
         <wf lemma="åben" pos="X">åben</wf>
         <wf lemma="," pos="X">,</wf>
         <wf lemma="trængte" pos="X">trængte</wf>
         <wf lemma="der" pos="X">der</wf>
         <wf lemma=".." pos="X">..</wf>
         <wf lemma="nogle" pos="X">nogle</wf>
         <wf lemma="høje" pos="X">høje</wf>
         <wf lemma="skrig" pos="X">skrig</wf>
         <wf lemma="ud" pos="X">ud</wf>
         <wf lemma="," pos="X">,</wf>
         <wf lemma="som" pos="X">som</wf>
         <wf lemma="fra" pos="X">fra</wf>
         <wf lemma="en" pos="X">en</wf>
         <wf lemma="kvinde" pos="X">kvinde</wf>
         <wf lemma="i" pos="X">i</wf>
         <wf lemma="voldsom" pos="X">voldsom</wf>
         <instance id="d000.s087.t000" lemma="pine" pos="NOUN">pine</instance>
         <wf lemma="." pos="X">.</wf>
      </sentence>
      <sentence id="d000.s088" source="wordnet-danish">
         <wf lemma="En" pos="X">En</wf>
         <wf lemma="reklame" pos="X">reklame</wf>
         <wf lemma="sælger" pos="X">sælger</wf>
         <wf lemma="på" pos="X">på</wf>
         <wf lemma="sin" pos="X">sin</wf>
         <wf lemma="vis" pos="X">vis</wf>
         <wf lemma="ikke" pos="X">ikke</wf>
         <wf lemma="blot" pos="X">blot</wf>
         <wf lemma="det" pos="X">det</wf>
         <wf lemma="reelle" pos="X">reelle</wf>
         <wf lemma="produkt" pos="X">produkt</wf>
         <wf lemma="," pos="X">,</wf>
         <wf lemma="der" pos="X">der</wf>
         <instance id="d000.s088.t000" lemma="reklamere" pos="VERB">reklameres</instance>
         <wf lemma="for" pos="X">for</wf>
         <wf lemma="," pos="X">,</wf>
         <wf lemma="men" pos="X">men</wf>
         <wf lemma="også" pos="X">også</wf>
         <wf lemma="de" pos="X">de</wf>
         <wf lemma="holdninger" pos="X">holdninger</wf>
         <wf lemma="og" pos="X">og</wf>
         <wf lemma="forhold" pos="X">forhold</wf>
         <wf lemma="der" pos="X">der</wf>
         <wf lemma="præsenteres" pos="X">præsenteres</wf>
         <wf lemma="i" pos="X">i</wf>
         <wf lemma="reklamen" pos="X">reklamen</wf>
         <wf lemma="." pos="X">.</wf>
      </sentence>
      <sentence id="d000.s089" source="wordnet-danish">
         <wf lemma="Man" pos="X">Man</wf>
         <wf lemma="skelner" pos="X">skelner</wf>
         <wf lemma="mellem" pos="X">mellem</wf>
         <wf lemma="fedtopløselige" pos="X">fedtopløselige</wf>
         <instance id="d000.s089.t000" lemma="vitamin" pos="NOUN">vitaminer</instance>
         <wf lemma="(" pos="X">(</wf>
         <wf lemma="A-" pos="X">A-</wf>
         <wf lemma="," pos="X">,</wf>
         <wf lemma="D-" pos="X">D-</wf>
         <wf lemma="," pos="X">,</wf>
         <wf lemma="E-" pos="X">E-</wf>
         <wf lemma="og" pos="X">og</wf>
         <wf lemma="K-vitamin" pos="X">K-vitamin</wf>
         <wf lemma=")" pos="X">)</wf>
         <wf lemma="og" pos="X">og</wf>
         <wf lemma="vandopløselige" pos="X">vandopløselige</wf>
         <wf lemma="vitaminer" pos="X">vitaminer</wf>
         <wf lemma="(" pos="X">(</wf>
         <wf lemma="C-vitamin" pos="X">C-vitamin</wf>
         <wf lemma="og" pos="X">og</wf>
         <wf lemma="B-gruppens" pos="X">B-gruppens</wf>
         <wf lemma="vitaminer" pos="X">vitaminer</wf>
         <wf lemma="" pos="X"></wf>
         <wf lemma="tiamin" pos="X">tiamin</wf>
         <wf lemma="," pos="X">,</wf>
         <wf lemma="riboflavin" pos="X">riboflavin</wf>
         <wf lemma="," pos="X">,</wf>
         <wf lemma="niacin" pos="X">niacin</wf>
         <wf lemma="," pos="X">,</wf>
         <wf lemma="pyridoksin" pos="X">pyridoksin</wf>
         <wf lemma="," pos="X">,</wf>
         <wf lemma="pantotensyre" pos="X">pantotensyre</wf>
         <wf lemma="," pos="X">,</wf>
         <wf lemma="folinsyre" pos="X">folinsyre</wf>
         <wf lemma="og" pos="X">og</wf>
         <wf lemma="B." pos="X">B.</wf>
      </sentence>
      <sentence id="d000.s090" source="wordnet-danish">
         <wf lemma="hun" pos="X">hun</wf>
         <wf lemma="har" pos="X">har</wf>
         <wf lemma="ringet" pos="X">ringet</wf>
         <wf lemma="på" pos="X">på</wf>
         <wf lemma="en" pos="X">en</wf>
         <instance id="d000.s090.t000" lemma="klokke" pos="NOUN">klokke</instance>
         <wf lemma="efter" pos="X">efter</wf>
         <wf lemma="overlægen" pos="X">overlægen</wf>
         <wf lemma="," pos="X">,</wf>
         <wf lemma="som" pos="X">som</wf>
         <wf lemma="så" pos="X">så</wf>
         <wf lemma="kommer" pos="X">kommer</wf>
         <wf lemma="ind" pos="X">ind</wf>
         <wf lemma="og" pos="X">og</wf>
         <wf lemma="kigger" pos="X">kigger</wf>
         <wf lemma="meget" pos="X">meget</wf>
         <wf lemma="interesseret" pos="X">interesseret</wf>
         <wf lemma="på" pos="X">på</wf>
         <wf lemma="skærmen" pos="X">skærmen</wf>
         <wf lemma="." pos="X">.</wf>
      </sentence>
      <sentence id="d000.s091" source="wordnet-danish">
         <wf lemma="Forskerne" pos="X">Forskerne</wf>
         <wf lemma="ønskede" pos="X">ønskede</wf>
         <wf lemma="problemerne" pos="X">problemerne</wf>
         <wf lemma="om" pos="X">om</wf>
         <wf lemma="sikkerhed" pos="X">sikkerhed</wf>
         <wf lemma="og" pos="X">og</wf>
         <instance id="d000.s091.t000" lemma="etik" pos="NOUN">etik</instance>
         <wf lemma="ved" pos="X">ved</wf>
         <wf lemma="gensplejsningen" pos="X">gensplejsningen</wf>
         <wf lemma="overvejet" pos="X">overvejet</wf>
         <wf lemma="før" pos="X">før</wf>
         <wf lemma="udviklingen" pos="X">udviklingen</wf>
         <wf lemma="gik" pos="X">gik</wf>
         <wf lemma="videre" pos="X">videre</wf>
         <wf lemma="." pos="X">.</wf>
      </sentence>
      <sentence id="d000.s092" source="wordnet-danish">
         <wf lemma="Jeg" pos="X">Jeg</wf>
         <wf lemma="skal" pos="X">skal</wf>
         <wf lemma="hænges" pos="X">hænges</wf>
         <wf lemma="," pos="X">,</wf>
         <wf lemma="Mewa" pos="X">Mewa</wf>
         <wf lemma="." pos="X">.</wf>
         <wf lemma="Med" pos="X">Med</wf>
         <wf lemma="et" pos="X">et</wf>
         <wf lemma="tykt" pos="X">tykt</wf>
         <instance id="d000.s092.t000" lemma="reb" pos="NOUN">reb</instance>
         <wf lemma="om" pos="X">om</wf>
         <wf lemma="halsen" pos="X">halsen</wf>
         <wf lemma="og" pos="X">og</wf>
         <wf lemma="hænderne" pos="X">hænderne</wf>
         <wf lemma="bundet" pos="X">bundet</wf>
         <wf lemma="på" pos="X">på</wf>
         <wf lemma="ryggen" pos="X">ryggen</wf>
         <wf lemma="." pos="X">.</wf>
      </sentence>
      <sentence id="d000.s093" source="wordnet-danish">
         <wf lemma="ledegigt" pos="X">ledegigt</wf>
         <wf lemma="(" pos="X">(</wf>
         <wf lemma="reumatoid" pos="X">reumatoid</wf>
         <wf lemma="artritis" pos="X">artritis</wf>
         <wf lemma=")" pos="X">)</wf>
         <wf lemma=".." pos="X">..</wf>
         <wf lemma="har" pos="X">har</wf>
         <wf lemma="symptomer" pos="X">symptomer</wf>
         <wf lemma="som" pos="X">som</wf>
         <wf lemma="rødme" pos="X">rødme</wf>
         <wf lemma="og" pos="X">og</wf>
         <wf lemma="smerte" pos="X">smerte</wf>
         <wf lemma="ved" pos="X">ved</wf>
         <wf lemma="fingerled" pos="X">fingerled</wf>
         <wf lemma="," pos="X">,</wf>
         <instance id="d000.s093.t000" lemma="håndled" pos="NOUN">håndled</instance>
         <wf lemma="og" pos="X">og</wf>
         <wf lemma="skulder" pos="X">skulder</wf>
         <wf lemma="." pos="X">.</wf>
      </sentence>
      <sentence id="d000.s094" source="wordnet-danish">
         <wf lemma="Det" pos="X">Det</wf>
         <wf lemma="," pos="X">,</wf>
         <wf lemma="vi" pos="X">vi</wf>
         <wf lemma="beder" pos="X">beder</wf>
         <wf lemma="om" pos="X">om</wf>
         <wf lemma="," pos="X">,</wf>
         <wf lemma="er" pos="X">er</wf>
         <wf lemma="som" pos="X">som</wf>
         <instance id="d000.s094.t000" lemma="minimum" pos="NOUN">minimum</instance>
         <wf lemma="at" pos="X">at</wf>
         <wf lemma="få" pos="X">få</wf>
         <wf lemma="gadebelysning" pos="X">gadebelysning</wf>
         <wf lemma="mellem" pos="X">mellem</wf>
         <wf lemma="Ravnebjerg" pos="X">Ravnebjerg</wf>
         <wf lemma="og" pos="X">og</wf>
         <wf lemma="Holmstrup" pos="X">Holmstrup</wf>
         <wf lemma="." pos="X">.</wf>
      </sentence>
      <sentence id="d000.s095" source="wordnet-danish">
         <wf lemma="Det" pos="X">Det</wf>
         <wf lemma="er" pos="X">er</wf>
         <wf lemma="karakteristisk" pos="X">karakteristisk</wf>
         <wf lemma="for" pos="X">for</wf>
         <wf lemma="en" pos="X">en</wf>
         <instance id="d000.s095.t000" lemma="blyant" pos="NOUN">blyant</instance>
         <wf lemma="," pos="X">,</wf>
         <wf lemma="at" pos="X">at</wf>
         <wf lemma="jo" pos="X">jo</wf>
         <wf lemma="hårdere" pos="X">hårdere</wf>
         <wf lemma="du" pos="X">du</wf>
         <wf lemma="trykker" pos="X">trykker</wf>
         <wf lemma="med" pos="X">med</wf>
         <wf lemma="den" pos="X">den</wf>
         <wf lemma="," pos="X">,</wf>
         <wf lemma="jo" pos="X">jo</wf>
         <wf lemma="mørkere" pos="X">mørkere</wf>
         <wf lemma="vil" pos="X">vil</wf>
         <wf lemma="stregens" pos="X">stregens</wf>
         <wf lemma="gråtone" pos="X">gråtone</wf>
         <wf lemma="blive" pos="X">blive</wf>
         <wf lemma="." pos="X">.</wf>
      </sentence>
      <sentence id="d000.s096" source="wordnet-danish">
         <wf lemma="Der" pos="X">Der</wf>
         <wf lemma="er" pos="X">er</wf>
         <wf lemma="noget" pos="X">noget</wf>
         <instance id="d000.s096.t000" lemma="bekendt" pos="NOUN">bekendt</instance>
         <wf lemma="ved" pos="X">ved</wf>
         <wf lemma="hans" pos="X">hans</wf>
         <wf lemma="ansigt" pos="X">ansigt</wf>
         <wf lemma="." pos="X">.</wf>
      </sentence>
      <sentence id="d000.s097" source="wordnet-danish">
         <wf lemma="Det" pos="X">Det</wf>
         <wf lemma="almindelige" pos="X">almindelige</wf>
         <wf lemma="firben" pos="X">firben</wf>
         <wf lemma=".." pos="X">..</wf>
         <wf lemma="er" pos="X">er</wf>
         <wf lemma="det" pos="X">det</wf>
         <wf lemma="eneste" pos="X">eneste</wf>
         <instance id="d000.s097.t000" lemma="krybdyr" pos="NOUN">krybdyr</instance>
         <wf lemma="," pos="X">,</wf>
         <wf lemma="der" pos="X">der</wf>
         <wf lemma="findes" pos="X">findes</wf>
         <wf lemma="over" pos="X">over</wf>
         <wf lemma="hele" pos="X">hele</wf>
         <wf lemma="landet" pos="X">landet</wf>
         <wf lemma="." pos="X">.</wf>
      </sentence>
      <sentence id="d000.s098" source="wordnet-danish">
         <wf lemma="Han" pos="X">Han</wf>
         <wf lemma="er" pos="X">er</wf>
         <wf lemma="blevet" pos="X">blevet</wf>
         <wf lemma="fyret" pos="X">fyret</wf>
         <wf lemma="af" pos="X">af</wf>
         <wf lemma="sin" pos="X">sin</wf>
         <instance id="d000.s098.t000" lemma="chef" pos="NOUN">chef</instance>
         <wf lemma="," pos="X">,</wf>
         <wf lemma="der" pos="X">der</wf>
         <wf lemma="ikke" pos="X">ikke</wf>
         <wf lemma="vil" pos="X">vil</wf>
         <wf lemma="finde" pos="X">finde</wf>
         <wf lemma="sig" pos="X">sig</wf>
         <wf lemma="i" pos="X">i</wf>
         <wf lemma="hans" pos="X">hans</wf>
         <wf lemma="friheder" pos="X">friheder</wf>
         <wf lemma="." pos="X">.</wf>
      </sentence>
      <sentence id="d000.s099" source="wordnet-danish">
         <wf lemma="Mange" pos="X">Mange</wf>
         <wf lemma="begynder" pos="X">begynder</wf>
         <wf lemma="at" pos="X">at</wf>
         <wf lemma="drikke" pos="X">drikke</wf>
         <wf lemma="i" pos="X">i</wf>
         <wf lemma="12-13-års" pos="X">12-13-års</wf>
         <wf lemma="alderen" pos="X">alderen</wf>
         <wf lemma="og" pos="X">og</wf>
         <wf lemma="bliver" pos="X">bliver</wf>
         <instance id="d000.s099.t000" lemma="afhængig" pos="ADJ">afhængige</instance>
         <wf lemma="," pos="X">,</wf>
         <wf lemma="når" pos="X">når</wf>
         <wf lemma="de" pos="X">de</wf>
         <wf lemma="er" pos="X">er</wf>
         <wf lemma="15-16" pos="X">15-16</wf>
         <wf lemma="." pos="X">.</wf>
      </sentence>
      <sentence id="d000.s100" source="wordnet-danish">
         <wf lemma="Det" pos="X">Det</wf>
         <wf lemma="her" pos="X">her</wf>
         <wf lemma="viste" pos="X">viste</wf>
         <wf lemma="foto" pos="X">foto</wf>
         <wf lemma="er" pos="X">er</wf>
         <wf lemma="taget" pos="X">taget</wf>
         <wf lemma="med" pos="X">med</wf>
         <wf lemma="et" pos="X">et</wf>
         <wf lemma="stearinlys" pos="X">stearinlys</wf>
         <wf lemma="som" pos="X">som</wf>
         <wf lemma="eneste" pos="X">eneste</wf>
         <wf lemma="lyskilde" pos="X">lyskilde</wf>
         <wf lemma="på" pos="X">på</wf>
         <wf lemma="en" pos="X">en</wf>
         <wf lemma="film" pos="X">film</wf>
         <wf lemma="med" pos="X">med</wf>
         <instance id="d000.s100.t000" lemma="følsomhed" pos="NOUN">følsomhed</instance>
         <wf lemma="på" pos="X">på</wf>
         <wf lemma="400" pos="X">400</wf>
         <wf lemma="ISO/ASA" pos="X">ISO/ASA</wf>
         <wf lemma="." pos="X">.</wf>
      </sentence>
      <sentence id="d000.s101" source="wordnet-danish">
         <wf lemma="hun" pos="X">hun</wf>
         <wf lemma="køber" pos="X">køber</wf>
         <wf lemma="gammelt" pos="X">gammelt</wf>
         <wf lemma="sølv" pos="X">sølv</wf>
         <wf lemma="og" pos="X">og</wf>
         <wf lemma="gamle" pos="X">gamle</wf>
         <wf lemma="smykker" pos="X">smykker</wf>
         <wf lemma="på" pos="X">på</wf>
         <instance id="d000.s101.t000" lemma="auktion" pos="NOUN">auktioner</instance>
         <wf lemma="," pos="X">,</wf>
         <wf lemma="hvorefter" pos="X">hvorefter</wf>
         <wf lemma="hun" pos="X">hun</wf>
         <wf lemma="sætter" pos="X">sætter</wf>
         <wf lemma="det" pos="X">det</wf>
         <wf lemma="i" pos="X">i</wf>
         <wf lemma="stand" pos="X">stand</wf>
         <wf lemma="og" pos="X">og</wf>
         <wf lemma="sælger" pos="X">sælger</wf>
         <wf lemma="det" pos="X">det</wf>
         <wf lemma="igen" pos="X">igen</wf>
         <wf lemma="." pos="X">.</wf>
      </sentence>
      <sentence id="d000.s102" source="wordnet-danish">
         <wf lemma="festivalen" pos="X">festivalen</wf>
         <wf lemma="slutter" pos="X">slutter</wf>
         <wf lemma="søndag" pos="X">søndag</wf>
         <wf lemma="eftermiddag" pos="X">eftermiddag</wf>
         <wf lemma="i" pos="X">i</wf>
         <wf lemma="Musikbibliotekets" pos="X">Musikbibliotekets</wf>
         <instance id="d000.s102.t000" lemma="sal" pos="NOUN">sal</instance>
         <wf lemma="," pos="X">,</wf>
         <wf lemma="hvor" pos="X">hvor</wf>
         <wf lemma="der" pos="X">der</wf>
         <wf lemma="uropføres" pos="X">uropføres</wf>
         <wf lemma="et" pos="X">et</wf>
         <wf lemma="værk" pos="X">værk</wf>
         <wf lemma="af" pos="X">af</wf>
         <wf lemma="Axel" pos="X">Axel</wf>
         <wf lemma="Borup" pos="X">Borup</wf>
         <wf lemma="Jørgensen" pos="X">Jørgensen</wf>
         <wf lemma="." pos="X">.</wf>
      </sentence>
      <sentence id="d000.s103" source="wordnet-danish">
         <wf lemma="[de]" pos="X">[de]</wf>
         <wf lemma="indvilligede" pos="X">indvilligede</wf>
         <wf lemma="i" pos="X">i</wf>
         <wf lemma="mødet" pos="X">mødet</wf>
         <wf lemma="--" pos="X">--</wf>
         <wf lemma="hvis" pos="X">hvis</wf>
         <wf lemma="det" pos="X">det</wf>
         <wf lemma="kunne" pos="X">kunne</wf>
         <wf lemma="afvikles" pos="X">afvikles</wf>
         <wf lemma="på" pos="X">på</wf>
         <wf lemma="deres" pos="X">deres</wf>
         <instance id="d000.s103.t000" lemma="betingelse" pos="NOUN">betingelser</instance>
         <wf lemma=":" pos="X">:</wf>
         <wf lemma="Kun" pos="X">Kun</wf>
         <wf lemma="otte" pos="X">otte</wf>
         <wf lemma="skulle" pos="X">skulle</wf>
         <wf lemma="inviteres" pos="X">inviteres</wf>
         <wf lemma="." pos="X">.</wf>
      </sentence>
      <sentence id="d000.s104" source="wordnet-danish">
         <wf lemma="Togmanden" pos="X">Togmanden</wf>
         <wf lemma="fløjtede" pos="X">fløjtede</wf>
         <wf lemma="og" pos="X">og</wf>
         <instance id="d000.s104.t000" lemma="lokomotiv" pos="NOUN">lokomotivet</instance>
         <wf lemma="slap" pos="X">slap</wf>
         <wf lemma="damp" pos="X">damp</wf>
         <wf lemma="ud" pos="X">ud</wf>
         <wf lemma="i" pos="X">i</wf>
         <wf lemma="et" pos="X">et</wf>
         <wf lemma="langt" pos="X">langt</wf>
         <wf lemma="skingert" pos="X">skingert</wf>
         <wf lemma="fløjt" pos="X">fløjt</wf>
         <wf lemma="." pos="X">.</wf>
      </sentence>
      <sentence id="d000.s105" source="wordnet-danish">
         <wf lemma="Alle" pos="X">Alle</wf>
         <wf lemma="breve" pos="X">breve</wf>
         <wf lemma="var" pos="X">var</wf>
         <wf lemma="kasseret" pos="X">kasseret</wf>
         <wf lemma="," pos="X">,</wf>
         <wf lemma="brændt" pos="X">brændt</wf>
         <wf lemma="undtagen" pos="X">undtagen</wf>
         <wf lemma="et" pos="X">et</wf>
         <instance id="d000.s105.t000" lemma="bundt" pos="NOUN">bundt</instance>
         <wf lemma="med" pos="X">med</wf>
         <wf lemma="en" pos="X">en</wf>
         <wf lemma="snor" pos="X">snor</wf>
         <wf lemma="omkring" pos="X">omkring</wf>
         <wf lemma="." pos="X">.</wf>
      </sentence>
      <sentence id="d000.s106" source="wordnet-danish">
         <wf lemma="For" pos="X">For</wf>
         <wf lemma="den" pos="X">den</wf>
         <wf lemma="internationale" pos="X">internationale</wf>
         <wf lemma="oliebranche" pos="X">oliebranche</wf>
         <wf lemma="var" pos="X">var</wf>
         <wf lemma="der" pos="X">der</wf>
         <wf lemma="store" pos="X">store</wf>
         <wf lemma="økonomiske" pos="X">økonomiske</wf>
         <instance id="d000.s106.t000" lemma="interesse" pos="NOUN">interesser</instance>
         <wf lemma="på" pos="X">på</wf>
         <wf lemma="spil" pos="X">spil</wf>
         <wf lemma="." pos="X">.</wf>
      </sentence>
      <sentence id="d000.s107" source="wordnet-danish">
         <wf lemma="I" pos="X">I</wf>
         <wf lemma="fem" pos="X">fem</wf>
         <wf lemma="uger" pos="X">uger</wf>
         <wf lemma="om" pos="X">om</wf>
         <wf lemma="efteråret" pos="X">efteråret</wf>
         <wf lemma="har" pos="X">har</wf>
         <wf lemma="publikum" pos="X">publikum</wf>
         <instance id="d000.s107.t000" lemma="adgang" pos="NOUN">adgang</instance>
         <wf lemma="til" pos="X">til</wf>
         <wf lemma="parken" pos="X">parken</wf>
         <wf lemma="." pos="X">.</wf>
      </sentence>
      <sentence id="d000.s108" source="wordnet-danish">
         <wf lemma="Med" pos="X">Med</wf>
         <wf lemma="åbent" pos="X">åbent</wf>
         <wf lemma="kraniebrud" pos="X">kraniebrud</wf>
         <wf lemma="blev" pos="X">blev</wf>
         <wf lemma="han" pos="X">han</wf>
         <wf lemma="," pos="X">,</wf>
         <wf lemma="i" pos="X">i</wf>
         <wf lemma="en" pos="X">en</wf>
         <instance id="d000.s108.t000" lemma="ambulance" pos="NOUN">ambulance</instance>
         <wf lemma="med" pos="X">med</wf>
         <wf lemma="hylende" pos="X">hylende</wf>
         <wf lemma="sirener" pos="X">sirener</wf>
         <wf lemma="," pos="X">,</wf>
         <wf lemma="kørt" pos="X">kørt</wf>
         <wf lemma="til" pos="X">til</wf>
         <wf lemma="hospitalet" pos="X">hospitalet</wf>
         <wf lemma="og" pos="X">og</wf>
         <wf lemma="opereret" pos="X">opereret</wf>
         <wf lemma="." pos="X">.</wf>
      </sentence>
      <sentence id="d000.s109" source="wordnet-danish">
         <wf lemma="vinterens" pos="X">vinterens</wf>
         <wf lemma="stil" pos="X">stil</wf>
         <wf lemma="er" pos="X">er</wf>
         <wf lemma="præget" pos="X">præget</wf>
         <wf lemma="af" pos="X">af</wf>
         <wf lemma="de" pos="X">de</wf>
         <wf lemma="nordiske" pos="X">nordiske</wf>
         <wf lemma="farver" pos="X">farver</wf>
         <wf lemma="." pos="X">.</wf>
         <wf lemma="Basisfarverne" pos="X">Basisfarverne</wf>
         <wf lemma="går" pos="X">går</wf>
         <wf lemma="fra" pos="X">fra</wf>
         <wf lemma=".." pos="X">..</wf>
         <wf lemma="vinterhvid" pos="X">vinterhvid</wf>
         <wf lemma="og" pos="X">og</wf>
         <wf lemma="over" pos="X">over</wf>
         <wf lemma="i" pos="X">i</wf>
         <wf lemma="de" pos="X">de</wf>
         <wf lemma="frostklare" pos="X">frostklare</wf>
         <instance id="d000.s109.t000" lemma="pastel" pos="NOUN">pasteller</instance>
         <wf lemma="som" pos="X">som</wf>
         <wf lemma="rosa" pos="X">rosa</wf>
         <wf lemma="," pos="X">,</wf>
         <wf lemma="sart" pos="X">sart</wf>
         <wf lemma="blå" pos="X">blå</wf>
         <wf lemma="," pos="X">,</wf>
         <wf lemma="sølvgrå" pos="X">sølvgrå</wf>
         <wf lemma="og" pos="X">og</wf>
         <wf lemma="lys" pos="X">lys</wf>
         <wf lemma="gul" pos="X">gul</wf>
         <wf lemma="." pos="X">.</wf>
      </sentence>
      <sentence id="d000.s110" source="wordnet-danish">
         <wf lemma="Hans" pos="X">Hans</wf>
         <wf lemma="datter" pos="X">datter</wf>
         <wf lemma="," pos="X">,</wf>
         <wf lemma="der" pos="X">der</wf>
         <wf lemma="var" pos="X">var</wf>
         <instance id="d000.s110.t000" lemma="passager" pos="NOUN">passager</instance>
         <wf lemma="i" pos="X">i</wf>
         <wf lemma="bilen" pos="X">bilen</wf>
         <wf lemma="," pos="X">,</wf>
         <wf lemma="slap" pos="X">slap</wf>
         <wf lemma="uskadt" pos="X">uskadt</wf>
         <wf lemma="fra" pos="X">fra</wf>
         <wf lemma="ulykken" pos="X">ulykken</wf>
         <wf lemma="." pos="X">.</wf>
      </sentence>
      <sentence id="d000.s111" source="wordnet-danish">
         <wf lemma="Jeg" pos="X">Jeg</wf>
         <wf lemma="elsker" pos="X">elsker</wf>
         <wf lemma="at" pos="X">at</wf>
         <wf lemma="gå" pos="X">gå</wf>
         <wf lemma="barbenet" pos="X">barbenet</wf>
         <wf lemma="på" pos="X">på</wf>
         <wf lemma="grønt" pos="X">grønt</wf>
         <instance id="d000.s111.t000" lemma="græs" pos="NOUN">græs</instance>
         <wf lemma="." pos="X">.</wf>
      </sentence>
      <sentence id="d000.s112" source="wordnet-danish">
         <wf lemma="selv" pos="X">selv</wf>
         <wf lemma="om" pos="X">om</wf>
         <wf lemma="jeg" pos="X">jeg</wf>
         <wf lemma="er" pos="X">er</wf>
         <wf lemma="et" pos="X">et</wf>
         <wf lemma="kendt" pos="X">kendt</wf>
         <wf lemma="ansigt" pos="X">ansigt</wf>
         <wf lemma="som" pos="X">som</wf>
         <wf lemma="Pjerrot" pos="X">Pjerrot</wf>
         <wf lemma="," pos="X">,</wf>
         <wf lemma="så" pos="X">så</wf>
         <wf lemma="er" pos="X">er</wf>
         <wf lemma="jeg" pos="X">jeg</wf>
         <wf lemma="helt" pos="X">helt</wf>
         <wf lemma="anonym" pos="X">anonym</wf>
         <wf lemma="," pos="X">,</wf>
         <wf lemma="når" pos="X">når</wf>
         <wf lemma="jeg" pos="X">jeg</wf>
         <wf lemma="tager" pos="X">tager</wf>
         <instance id="d000.s112.t000" lemma="sminke" pos="NOUN">sminken</instance>
         <wf lemma="og" pos="X">og</wf>
         <wf lemma="den" pos="X">den</wf>
         <wf lemma="hvide" pos="X">hvide</wf>
         <wf lemma="dragt" pos="X">dragt</wf>
         <wf lemma="af" pos="X">af</wf>
         <wf lemma="." pos="X">.</wf>
      </sentence>
      <sentence id="d000.s113" source="wordnet-danish">
         <wf lemma="Et" pos="X">Et</wf>
         <wf lemma="skolerugbrød" pos="X">skolerugbrød</wf>
         <wf lemma="i" pos="X">i</wf>
         <wf lemma="den" pos="X">den</wf>
         <wf lemma="ene" pos="X">ene</wf>
         <wf lemma="hånd" pos="X">hånd</wf>
         <wf lemma="og" pos="X">og</wf>
         <wf lemma="et" pos="X">et</wf>
         <wf lemma="hårdkogt" pos="X">hårdkogt</wf>
         <wf lemma="æg" pos="X">æg</wf>
         <wf lemma="," pos="X">,</wf>
         <wf lemma="en" pos="X">en</wf>
         <instance id="d000.s113.t000" lemma="tomat" pos="NOUN">tomat</instance>
         <wf lemma="eller" pos="X">eller</wf>
         <wf lemma="en" pos="X">en</wf>
         <wf lemma="bid" pos="X">bid</wf>
         <wf lemma="agurk" pos="X">agurk</wf>
         <wf lemma="i" pos="X">i</wf>
         <wf lemma="den" pos="X">den</wf>
         <wf lemma="anden" pos="X">anden</wf>
         <wf lemma="" pos="X"></wf>
         <wf lemma="og" pos="X">og</wf>
         <wf lemma="vupti" pos="X">vupti</wf>
         <wf lemma="," pos="X">,</wf>
         <wf lemma="har" pos="X">har</wf>
         <wf lemma="man" pos="X">man</wf>
         <wf lemma="altid" pos="X">altid</wf>
         <wf lemma="frisk" pos="X">frisk</wf>
         <wf lemma="frokost" pos="X">frokost</wf>
         <wf lemma="." pos="X">.</wf>
      </sentence>
      <sentence id="d000.s114" source="wordnet-danish">
         <wf lemma="Lone" pos="X">Lone</wf>
         <wf lemma="spurgte" pos="X">spurgte</wf>
         <wf lemma="viceværten" pos="X">viceværten</wf>
         <wf lemma="om" pos="X">om</wf>
         <wf lemma="Louises" pos="X">Louises</wf>
         <wf lemma="nye" pos="X">nye</wf>
         <instance id="d000.s114.t000" lemma="adresse" pos="NOUN">adresse</instance>
         <wf lemma="," pos="X">,</wf>
         <wf lemma="så" pos="X">så</wf>
         <wf lemma="hun" pos="X">hun</wf>
         <wf lemma="kunne" pos="X">kunne</wf>
         <wf lemma="eftersende" pos="X">eftersende</wf>
         <wf lemma="brevene" pos="X">brevene</wf>
         <wf lemma="." pos="X">.</wf>
      </sentence>
      <sentence id="d000.s115" source="wordnet-danish">
         <wf lemma="Henrik" pos="X">Henrik</wf>
         <wf lemma="Nissen" pos="X">Nissen</wf>
         <wf lemma="har" pos="X">har</wf>
         <wf lemma="samlet" pos="X">samlet</wf>
         <wf lemma="materialet" pos="X">materialet</wf>
         <wf lemma="og" pos="X">og</wf>
         <wf lemma="forsynet" pos="X">forsynet</wf>
         <wf lemma="det" pos="X">det</wf>
         <wf lemma="med" pos="X">med</wf>
         <instance id="d000.s115.t000" lemma="note" pos="NOUN">noter</instance>
         <wf lemma="," pos="X">,</wf>
         <wf lemma="så" pos="X">så</wf>
         <wf lemma="almindelige" pos="X">almindelige</wf>
         <wf lemma="mennesker" pos="X">mennesker</wf>
         <wf lemma="kan" pos="X">kan</wf>
         <wf lemma="følge" pos="X">følge</wf>
         <wf lemma="med" pos="X">med</wf>
         <wf lemma="." pos="X">.</wf>
      </sentence>
      <sentence id="d000.s116" source="wordnet-danish">
         <wf lemma="Udenrigsministeren" pos="X">Udenrigsministeren</wf>
         <wf lemma="fik" pos="X">fik</wf>
         <wf lemma="onsdag" pos="X">onsdag</wf>
         <wf lemma="en" pos="X">en</wf>
         <wf lemma="kraftig" pos="X">kraftig</wf>
         <wf lemma="næse" pos="X">næse</wf>
         <wf lemma="af" pos="X">af</wf>
         <wf lemma="statsrevisorerne" pos="X">statsrevisorerne</wf>
         <wf lemma="for" pos="X">for</wf>
         <instance id="d000.s116.t000" lemma="ministerium" pos="NOUN">ministeriets</instance>
         <wf lemma="mangelfulde" pos="X">mangelfulde</wf>
         <wf lemma="behandling" pos="X">behandling</wf>
         <wf lemma="af" pos="X">af</wf>
         <wf lemma="sagen" pos="X">sagen</wf>
         <wf lemma="." pos="X">.</wf>
      </sentence>
      <sentence id="d000.s117" source="wordnet-danish">
         <wf lemma="Det" pos="X">Det</wf>
         <wf lemma="blev" pos="X">blev</wf>
         <wf lemma="nytår" pos="X">nytår</wf>
         <wf lemma="," pos="X">,</wf>
         <wf lemma="forår" pos="X">forår</wf>
         <wf lemma="," pos="X">,</wf>
         <wf lemma="sommer" pos="X">sommer</wf>
         <wf lemma="..." pos="X">...</wf>
         <wf lemma="og" pos="X">og</wf>
         <wf lemma="atter" pos="X">atter</wf>
         <wf lemma="efterår" pos="X">efterår</wf>
         <wf lemma="." pos="X">.</wf>
         <instance id="d000.s117.t000" lemma="årsdag" pos="NOUN">Årsdagen</instance>
         <wf lemma="for" pos="X">for</wf>
         <wf lemma="Svends" pos="X">Svends</wf>
         <wf lemma="tragiske" pos="X">tragiske</wf>
         <wf lemma="død" pos="X">død</wf>
         <wf lemma="blev" pos="X">blev</wf>
         <wf lemma="en" pos="X">en</wf>
         <wf lemma="prøvelse" pos="X">prøvelse</wf>
         <wf lemma="for" pos="X">for</wf>
         <wf lemma="mig" pos="X">mig</wf>
         <wf lemma="." pos="X">.</wf>
      </sentence>
      <sentence id="d000.s118" source="wordnet-danish">
         <wf lemma="Sættet" pos="X">Sættet</wf>
         <wf lemma="har" pos="X">har</wf>
         <wf lemma="en" pos="X">en</wf>
         <wf lemma="streng" pos="X">streng</wf>
         <wf lemma="klassisk" pos="X">klassisk</wf>
         <wf lemma="jakke" pos="X">jakke</wf>
         <wf lemma="i" pos="X">i</wf>
         <instance id="d000.s118.t000" lemma="brun" pos="ADJ">brunt</instance>
         <wf lemma="til" pos="X">til</wf>
         <wf lemma="en" pos="X">en</wf>
         <wf lemma="superkort" pos="X">superkort</wf>
         <wf lemma="," pos="X">,</wf>
         <wf lemma="knaldrød" pos="X">knaldrød</wf>
         <wf lemma="silkenederdel" pos="X">silkenederdel</wf>
         <wf lemma="." pos="X">.</wf>
      </sentence>
      <sentence id="d000.s119" source="wordnet-danish">
         <wf lemma="Melet" pos="X">Melet</wf>
         <wf lemma="er" pos="X">er</wf>
         <wf lemma="helt" pos="X">helt</wf>
         <wf lemma="uden" pos="X">uden</wf>
         <wf lemma="tilsætningsstoffer" pos="X">tilsætningsstoffer</wf>
         <wf lemma="." pos="X">.</wf>
         <wf lemma="." pos="X">.</wf>
         <wf lemma="Det" pos="X">Det</wf>
         <wf lemma="er" pos="X">er</wf>
         <wf lemma="den" pos="X">den</wf>
         <instance id="d000.s119.t000" lemma="ren" pos="ADJ">rene</instance>
         <wf lemma="vare" pos="X">vare</wf>
         <wf lemma="." pos="X">.</wf>
      </sentence>
      <sentence id="d000.s120" source="wordnet-danish">
         <wf lemma="et" pos="X">et</wf>
         <wf lemma="par" pos="X">par</wf>
         <wf lemma="unge" pos="X">unge</wf>
         <wf lemma="," pos="X">,</wf>
         <wf lemma="meget" pos="X">meget</wf>
         <instance id="d000.s120.t000" lemma="talentfuld" pos="ADJ">talentfulde</instance>
         <wf lemma="danske" pos="X">danske</wf>
         <wf lemma="serietegnere" pos="X">serietegnere</wf>
         <wf lemma="har" pos="X">har</wf>
         <wf lemma="fået" pos="X">fået</wf>
         <wf lemma="lov" pos="X">lov</wf>
         <wf lemma="at" pos="X">at</wf>
         <wf lemma="tegne" pos="X">tegne</wf>
         <wf lemma="et" pos="X">et</wf>
         <wf lemma="par" pos="X">par</wf>
         <wf lemma="afsnit" pos="X">afsnit</wf>
         <wf lemma="til" pos="X">til</wf>
         <wf lemma="det" pos="X">det</wf>
         <wf lemma="nye" pos="X">nye</wf>
         <wf lemma="Tarzan-blad" pos="X">Tarzan-blad</wf>
         <wf lemma="." pos="X">.</wf>
      </sentence>
      <sentence id="d000.s121" source="wordnet-danish">
         <wf lemma="Tyskland" pos="X">Tyskland</wf>
         <wf lemma="fyldes" pos="X">fyldes</wf>
         <wf lemma="op" pos="X">op</wf>
         <wf lemma="med" pos="X">med</wf>
         <wf lemma="opportunistiske" pos="X">opportunistiske</wf>
         <wf lemma="fremmede" pos="X">fremmede</wf>
         <wf lemma="." pos="X">.</wf>
         <wf lemma="De" pos="X">De</wf>
         <wf lemma="kommer" pos="X">kommer</wf>
         <wf lemma="for" pos="X">for</wf>
         <wf lemma="at" pos="X">at</wf>
         <wf lemma="få" pos="X">få</wf>
         <instance id="d000.s121.t000" lemma="andel" pos="NOUN">andel</instance>
         <wf lemma="i" pos="X">i</wf>
         <wf lemma="nationens" pos="X">nationens</wf>
         <wf lemma="velstand" pos="X">velstand</wf>
         <wf lemma="." pos="X">.</wf>
      </sentence>
      <sentence id="d000.s122" source="wordnet-danish">
         <wf lemma="Thomas" pos="X">Thomas</wf>
         <wf lemma="kan" pos="X">kan</wf>
         <wf lemma="bedst" pos="X">bedst</wf>
         <wf lemma="lide" pos="X">lide</wf>
         <wf lemma="efteråret" pos="X">efteråret</wf>
         <wf lemma="i" pos="X">i</wf>
         <wf lemma="skoven" pos="X">skoven</wf>
         <wf lemma="." pos="X">.</wf>
         <wf lemma="Han" pos="X">Han</wf>
         <wf lemma="kan" pos="X">kan</wf>
         <wf lemma="godt" pos="X">godt</wf>
         <wf lemma="lide" pos="X">lide</wf>
         <wf lemma="at" pos="X">at</wf>
         <wf lemma="se" pos="X">se</wf>
         <wf lemma="bladene" pos="X">bladene</wf>
         <instance id="d000.s122.t000" lemma="falde" pos="VERB">falde</instance>
         <wf lemma="ned" pos="X">ned</wf>
         <wf lemma="gennem" pos="X">gennem</wf>
         <wf lemma="luften" pos="X">luften</wf>
         <wf lemma="." pos="X">.</wf>
      </sentence>
      <sentence id="d000.s123" source="wordnet-danish">
         <wf lemma="For" pos="X">For</wf>
         <wf lemma="de" pos="X">de</wf>
         <wf lemma="nybyggede" pos="X">nybyggede</wf>
         <wf lemma="savværker" pos="X">savværker</wf>
         <wf lemma="var" pos="X">var</wf>
         <wf lemma="en" pos="X">en</wf>
         <instance id="d000.s123.t000" lemma="placering" pos="NOUN">placering</instance>
         <wf lemma="ved" pos="X">ved</wf>
         <wf lemma="vandfaldene" pos="X">vandfaldene</wf>
         <wf lemma="nærmest" pos="X">nærmest</wf>
         <wf lemma="udskibningsstederne" pos="X">udskibningsstederne</wf>
         <wf lemma="den" pos="X">den</wf>
         <wf lemma="foretrukne" pos="X">foretrukne</wf>
         <wf lemma="." pos="X">.</wf>
      </sentence>
      <sentence id="d000.s124" source="wordnet-danish">
         <wf lemma="Nordspanien" pos="X">Nordspanien</wf>
         <wf lemma="har" pos="X">har</wf>
         <wf lemma="vand" pos="X">vand</wf>
         <wf lemma="til" pos="X">til</wf>
         <wf lemma="1-2" pos="X">1-2</wf>
         <wf lemma="års" pos="X">års</wf>
         <instance id="d000.s124.t000" lemma="forbrug" pos="NOUN">forbrug</instance>
         <wf lemma="," pos="X">,</wf>
         <wf lemma="selv" pos="X">selv</wf>
         <wf lemma="hvis" pos="X">hvis</wf>
         <wf lemma="der" pos="X">der</wf>
         <wf lemma="ikke" pos="X">ikke</wf>
         <wf lemma="falder" pos="X">falder</wf>
         <wf lemma="ny" pos="X">ny</wf>
         <wf lemma="regn" pos="X">regn</wf>
         <wf lemma="." pos="X">.</wf>
      </sentence>
      <sentence id="d000.s125" source="wordnet-danish">
         <wf lemma="Snit" pos="X">Snit</wf>
         <wf lemma="og" pos="X">og</wf>
         <wf lemma="hak" pos="X">hak</wf>
         <wf lemma="løgene" pos="X">løgene</wf>
         <wf lemma="i" pos="X">i</wf>
         <wf lemma="småstykker" pos="X">småstykker</wf>
         <wf lemma="med" pos="X">med</wf>
         <instance id="d000.s125.t000" lemma="kniv" pos="NOUN">kniv</instance>
         <wf lemma="." pos="X">.</wf>
      </sentence>
      <sentence id="d000.s126" source="wordnet-danish">
         <wf lemma="Korset" pos="X">Korset</wf>
         <wf lemma="er" pos="X">er</wf>
         <wf lemma="kristendommens" pos="X">kristendommens</wf>
         <instance id="d000.s126.t000" lemma="symbol" pos="NOUN">symbol</instance>
         <wf lemma="." pos="X">.</wf>
         <wf lemma="Det" pos="X">Det</wf>
         <wf lemma="symboliserer" pos="X">symboliserer</wf>
         <wf lemma="Jesu" pos="X">Jesu</wf>
         <wf lemma="korsfæstelse" pos="X">korsfæstelse</wf>
         <wf lemma="og" pos="X">og</wf>
         <wf lemma="opstandelse" pos="X">opstandelse</wf>
         <wf lemma="." pos="X">.</wf>
      </sentence>
      <sentence id="d000.s127" source="wordnet-danish">
         <wf lemma="En" pos="X">En</wf>
         <wf lemma="afdeling" pos="X">afdeling</wf>
         <wf lemma="tyske" pos="X">tyske</wf>
         <instance id="d000.s127.t000" lemma="soldat" pos="NOUN">soldater</instance>
         <wf lemma="kom" pos="X">kom</wf>
         <wf lemma="marcherende" pos="X">marcherende</wf>
         <wf lemma="med" pos="X">med</wf>
         <wf lemma="gevær" pos="X">gevær</wf>
         <wf lemma="og" pos="X">og</wf>
         <wf lemma="fuld" pos="X">fuld</wf>
         <wf lemma="oppakning" pos="X">oppakning</wf>
         <wf lemma="." pos="X">.</wf>
      </sentence>
      <sentence id="d000.s128" source="wordnet-danish">
         <wf lemma="Råolie" pos="X">Råolie</wf>
         <wf lemma="fra" pos="X">fra</wf>
         <wf lemma="Nordsøen" pos="X">Nordsøen</wf>
         <wf lemma="indeholder" pos="X">indeholder</wf>
         <wf lemma="0,5" pos="X">0,5</wf>
         <wf lemma="%" pos="X">%</wf>
         <wf lemma="svovl" pos="X">svovl</wf>
         <wf lemma="i" pos="X">i</wf>
         <wf lemma="form" pos="X">form</wf>
         <wf lemma="af" pos="X">af</wf>
         <wf lemma="svovlholdige" pos="X">svovlholdige</wf>
         <instance id="d000.s128.t000" lemma="forbindelse" pos="NOUN">forbindelser</instance>
         <wf lemma="." pos="X">.</wf>
      </sentence>
      <sentence id="d000.s129" source="wordnet-danish">
         <wf lemma="Fanø" pos="X">Fanø</wf>
         <wf lemma="," pos="X">,</wf>
         <wf lemma="Manø" pos="X">Manø</wf>
         <wf lemma="og" pos="X">og</wf>
         <wf lemma="Rømø" pos="X">Rømø</wf>
         <instance id="d000.s129.t000" lemma="tilhøre" pos="VERB">tilhører</instance>
         <wf lemma="Danmark" pos="X">Danmark</wf>
         <wf lemma="." pos="X">.</wf>
      </sentence>
      <sentence id="d000.s130" source="wordnet-danish">
         <wf lemma="Jeg" pos="X">Jeg</wf>
         <wf lemma="skar" pos="X">skar</wf>
         <wf lemma="hele" pos="X">hele</wf>
         <wf lemma="skiver" pos="X">skiver</wf>
         <wf lemma="af" pos="X">af</wf>
         <wf lemma="smørret" pos="X">smørret</wf>
         <wf lemma="og" pos="X">og</wf>
         <wf lemma="smækkede" pos="X">smækkede</wf>
         <wf lemma="det" pos="X">det</wf>
         <wf lemma="på" pos="X">på</wf>
         <wf lemma="brødet" pos="X">brødet</wf>
         <wf lemma="og" pos="X">og</wf>
         <instance id="d000.s130.t000" lemma="bide" pos="VERB">bed</instance>
         <wf lemma="af" pos="X">af</wf>
         <wf lemma="silden" pos="X">silden</wf>
         <wf lemma="." pos="X">.</wf>
      </sentence>
      <sentence id="d000.s131" source="wordnet-danish">
         <wf lemma="Denne" pos="X">Denne</wf>
         <wf lemma="arbejdsnedlæggelse" pos="X">arbejdsnedlæggelse</wf>
         <wf lemma="er" pos="X">er</wf>
         <wf lemma="i" pos="X">i</wf>
         <wf lemma="strid" pos="X">strid</wf>
         <wf lemma="med" pos="X">med</wf>
         <wf lemma="aftalerne" pos="X">aftalerne</wf>
         <wf lemma="og" pos="X">og</wf>
         <wf lemma="kan" pos="X">kan</wf>
         <wf lemma="indbringes" pos="X">indbringes</wf>
         <wf lemma="som" pos="X">som</wf>
         <instance id="d000.s131.t000" lemma="hastesag" pos="NOUN">hastesag</instance>
         <wf lemma="for" pos="X">for</wf>
         <wf lemma="Arbejdsretten" pos="X">Arbejdsretten</wf>
         <wf lemma="." pos="X">.</wf>
      </sentence>
      <sentence id="d000.s132" source="wordnet-danish">
         <wf lemma="Det" pos="X">Det</wf>
         <wf lemma="er" pos="X">er</wf>
         <wf lemma="en" pos="X">en</wf>
         <wf lemma="sand" pos="X">sand</wf>
         <wf lemma="fornøjelse" pos="X">fornøjelse</wf>
         <wf lemma="at" pos="X">at</wf>
         <wf lemma="se" pos="X">se</wf>
         <wf lemma="alle" pos="X">alle</wf>
         <wf lemma="de" pos="X">de</wf>
         <wf lemma="glade" pos="X">glade</wf>
         <wf lemma="," pos="X">,</wf>
         <wf lemma="unge" pos="X">unge</wf>
         <wf lemma="mennesker" pos="X">mennesker</wf>
         <wf lemma="med" pos="X">med</wf>
         <wf lemma="studenterhuer" pos="X">studenterhuer</wf>
         <wf lemma="," pos="X">,</wf>
         <wf lemma="tegnet" pos="X">tegnet</wf>
         <wf lemma="på" pos="X">på</wf>
         <instance id="d000.s132.t000" lemma="kundskab" pos="NOUN">kundskab</instance>
         <wf lemma="og" pos="X">og</wf>
         <wf lemma="indsigt" pos="X">indsigt</wf>
         <wf lemma="." pos="X">.</wf>
      </sentence>
      <sentence id="d000.s133" source="wordnet-danish">
         <wf lemma="Jeg" pos="X">Jeg</wf>
         <wf lemma="fandt" pos="X">fandt</wf>
         <wf lemma="min" pos="X">min</wf>
         <wf lemma="gamle" pos="X">gamle</wf>
         <wf lemma="veltjente" pos="X">veltjente</wf>
         <wf lemma="anatomiske" pos="X">anatomiske</wf>
         <instance id="d000.s133.t000" lemma="lærebog" pos="NOUN">lærebog</instance>
         <wf lemma="frem" pos="X">frem</wf>
         <wf lemma="for" pos="X">for</wf>
         <wf lemma="at" pos="X">at</wf>
         <wf lemma="studere" pos="X">studere</wf>
         <wf lemma="fodens" pos="X">fodens</wf>
         <wf lemma="anatomi" pos="X">anatomi</wf>
         <wf lemma="." pos="X">.</wf>
      </sentence>
      <sentence id="d000.s134" source="wordnet-danish">
         <wf lemma="Vores" pos="X">Vores</wf>
         <wf lemma="søn" pos="X">søn</wf>
         <wf lemma="på" pos="X">på</wf>
         <wf lemma="13" pos="X">13</wf>
         <wf lemma="år" pos="X">år</wf>
         <wf lemma="er" pos="X">er</wf>
         <wf lemma="ordblind" pos="X">ordblind</wf>
         <wf lemma="og" pos="X">og</wf>
         <wf lemma="skal" pos="X">skal</wf>
         <wf lemma="have" pos="X">have</wf>
         <instance id="d000.s134.t000" lemma="hjælp" pos="NOUN">hjælp</instance>
         <wf lemma="med" pos="X">med</wf>
         <wf lemma="lektierne" pos="X">lektierne</wf>
         <wf lemma="." pos="X">.</wf>
      </sentence>
      <sentence id="d000.s135" source="wordnet-danish">
         <wf lemma="Fedt" pos="X">Fedt</wf>
         <wf lemma="er" pos="X">er</wf>
         <wf lemma="det" pos="X">det</wf>
         <wf lemma="næringsstof" pos="X">næringsstof</wf>
         <wf lemma="," pos="X">,</wf>
         <wf lemma="der" pos="X">der</wf>
         <wf lemma="indeholder" pos="X">indeholder</wf>
         <wf lemma="mest" pos="X">mest</wf>
         <wf lemma="energi" pos="X">energi</wf>
         <wf lemma="pr." pos="X">pr.</wf>
         <instance id="d000.s135.t000" lemma="vægtenhed" pos="NOUN">vægtenhed</instance>
         <wf lemma="(" pos="X">(</wf>
         <wf lemma="37" pos="X">37</wf>
         <wf lemma="kJ" pos="X">kJ</wf>
         <wf lemma="pr." pos="X">pr.</wf>
         <wf lemma="gram" pos="X">gram</wf>
         <wf lemma="fedt" pos="X">fedt</wf>
         <wf lemma=")" pos="X">)</wf>
         <wf lemma="." pos="X">.</wf>
      </sentence>
      <sentence id="d000.s136" source="wordnet-danish">
         <wf lemma="kommunismen" pos="X">kommunismen</wf>
         <wf lemma="med" pos="X">med</wf>
         <wf lemma="proletariatets" pos="X">proletariatets</wf>
         <wf lemma="diktatur" pos="X">diktatur</wf>
         <wf lemma="var" pos="X">var</wf>
         <wf lemma="reaktion" pos="X">reaktion</wf>
         <wf lemma="på" pos="X">på</wf>
         <instance id="d000.s136.t000" lemma="kapitalisme" pos="NOUN">kapitalismen</instance>
         <wf lemma="og" pos="X">og</wf>
         <wf lemma="borgerskabet" pos="X">borgerskabet</wf>
         <wf lemma="." pos="X">.</wf>
      </sentence>
      <sentence id="d000.s137" source="wordnet-danish">
         <wf lemma="Min" pos="X">Min</wf>
         <wf lemma="nervøsitet" pos="X">nervøsitet</wf>
         <instance id="d000.s137.t000" lemma="stige" pos="VERB">steg</instance>
         <wf lemma="," pos="X">,</wf>
         <wf lemma="så" pos="X">så</wf>
         <wf lemma="jeg" pos="X">jeg</wf>
         <wf lemma="dårligt" pos="X">dårligt</wf>
         <wf lemma="kunne" pos="X">kunne</wf>
         <wf lemma="tale" pos="X">tale</wf>
         <wf lemma="." pos="X">.</wf>
      </sentence>
      <sentence id="d000.s138" source="wordnet-danish">
         <wf lemma="I" pos="X">I</wf>
         <wf lemma="midten" pos="X">midten</wf>
         <wf lemma="af" pos="X">af</wf>
         <wf lemma="1800-tallet" pos="X">1800-tallet</wf>
         <wf lemma="dækkede" pos="X">dækkede</wf>
         <wf lemma="USA" pos="X">USA</wf>
         <wf lemma="¾" pos="X">¾</wf>
         <wf lemma="af" pos="X">af</wf>
         <wf lemma="verdens" pos="X">verdens</wf>
         <wf lemma="forbrug" pos="X">forbrug</wf>
         <wf lemma="af" pos="X">af</wf>
         <instance id="d000.s138.t000" lemma="bomuld" pos="NOUN">bomuld</instance>
         <wf lemma="." pos="X">.</wf>
      </sentence>
      <sentence id="d000.s139" source="wordnet-danish">
         <wf lemma="politiet" pos="X">politiet</wf>
         <wf lemma="måtte" pos="X">måtte</wf>
         <instance id="d000.s139.t000" lemma="anvende" pos="VERB">anvende</instance>
         <wf lemma="magt" pos="X">magt</wf>
         <wf lemma="for" pos="X">for</wf>
         <wf lemma="at" pos="X">at</wf>
         <wf lemma="genoprette" pos="X">genoprette</wf>
         <wf lemma="ro" pos="X">ro</wf>
         <wf lemma="og" pos="X">og</wf>
         <wf lemma="orden" pos="X">orden</wf>
         <wf lemma="." pos="X">.</wf>
      </sentence>
      <sentence id="d000.s140" source="wordnet-danish">
         <wf lemma="Spændende" pos="X">Spændende</wf>
         <wf lemma="ser" pos="X">ser</wf>
         <wf lemma="Lise" pos="X">Lise</wf>
         <wf lemma="ud" pos="X">ud</wf>
         <wf lemma="i" pos="X">i</wf>
         <wf lemma="den" pos="X">den</wf>
         <wf lemma="ankellange" pos="X">ankellange</wf>
         <instance id="d000.s140.t000" lemma="nederdel" pos="NOUN">nederdel</instance>
         <wf lemma="i" pos="X">i</wf>
         <wf lemma="bredder" pos="X">bredder</wf>
         <wf lemma="med" pos="X">med</wf>
         <wf lemma="masser" pos="X">masser</wf>
         <wf lemma="af" pos="X">af</wf>
         <wf lemma="vidde" pos="X">vidde</wf>
         <wf lemma="." pos="X">.</wf>
      </sentence>
      <sentence id="d000.s141" source="wordnet-danish">
         <wf lemma="Da" pos="X">Da</wf>
         <wf lemma="vi" pos="X">vi</wf>
         <wf lemma="skrev" pos="X">skrev</wf>
         <wf lemma="Blå" pos="X">Blå</wf>
         <wf lemma="Bog" pos="X">Bog</wf>
         <wf lemma="påstod" pos="X">påstod</wf>
         <wf lemma="[han]" pos="X">[han]</wf>
         <wf lemma="på" pos="X">på</wf>
         <wf lemma="trods" pos="X">trods</wf>
         <wf lemma="af" pos="X">af</wf>
         <wf lemma="alle" pos="X">alle</wf>
         <wf lemma="andres" pos="X">andres</wf>
         <wf lemma="meninger" pos="X">meninger</wf>
         <wf lemma="," pos="X">,</wf>
         <wf lemma="at" pos="X">at</wf>
         <wf lemma="han" pos="X">han</wf>
         <wf lemma="ikke" pos="X">ikke</wf>
         <wf lemma="var" pos="X">var</wf>
         <wf lemma="spor" pos="X">spor</wf>
         <instance id="d000.s141.t000" lemma="påståelig" pos="ADJ">påståelig</instance>
         <wf lemma="." pos="X">.</wf>
      </sentence>
      <sentence id="d000.s142" source="wordnet-danish">
         <wf lemma="I" pos="X">I</wf>
         <wf lemma="Danmark" pos="X">Danmark</wf>
         <wf lemma="er" pos="X">er</wf>
         <wf lemma="det" pos="X">det</wf>
         <wf lemma="moderne" pos="X">moderne</wf>
         <wf lemma="at" pos="X">at</wf>
         <instance id="d000.s142.t000" lemma="drikke" pos="VERB">drikke</instance>
         <wf lemma="kildevand" pos="X">kildevand</wf>
         <wf lemma="." pos="X">.</wf>
         <wf lemma="For" pos="X">For</wf>
         <wf lemma="så" pos="X">så</wf>
         <wf lemma="er" pos="X">er</wf>
         <wf lemma="man" pos="X">man</wf>
         <wf lemma="både" pos="X">både</wf>
         <wf lemma="sund" pos="X">sund</wf>
         <wf lemma="," pos="X">,</wf>
         <wf lemma="rig" pos="X">rig</wf>
         <wf lemma="og" pos="X">og</wf>
         <wf lemma="på" pos="X">på</wf>
         <wf lemma="vej" pos="X">vej</wf>
         <wf lemma="frem" pos="X">frem</wf>
         <wf lemma="." pos="X">.</wf>
      </sentence>
      <sentence id="d000.s143" source="wordnet-danish">
         <wf lemma="[man]" pos="X">[man]</wf>
         <wf lemma="kan" pos="X">kan</wf>
         <wf lemma="forundre" pos="X">forundre</wf>
         <wf lemma="og" pos="X">og</wf>
         <wf lemma="fornøje" pos="X">fornøje</wf>
         <wf lemma="sig" pos="X">sig</wf>
         <wf lemma="over" pos="X">over</wf>
         <wf lemma="," pos="X">,</wf>
         <wf lemma="hvor" pos="X">hvor</wf>
         <wf lemma="mange" pos="X">mange</wf>
         <wf lemma="måder" pos="X">måder</wf>
         <wf lemma="den" pos="X">den</wf>
         <wf lemma="yndede" pos="X">yndede</wf>
         <wf lemma="julemiddagsdessert" pos="X">julemiddagsdessert</wf>
         <wf lemma="risalamande" pos="X">risalamande</wf>
         <wf lemma="kan" pos="X">kan</wf>
         <instance id="d000.s143.t000" lemma="stave" pos="VERB">staves</instance>
         <wf lemma="på" pos="X">på</wf>
         <wf lemma="i" pos="X">i</wf>
         <wf lemma="restauranternes" pos="X">restauranternes</wf>
         <wf lemma="juleannoncer" pos="X">juleannoncer</wf>
         <wf lemma="." pos="X">.</wf>
      </sentence>
      <sentence id="d000.s144" source="wordnet-danish">
         <wf lemma="det" pos="X">det</wf>
         <wf lemma="[er]" pos="X">[er]</wf>
         <wf lemma="tvivlsomt" pos="X">tvivlsomt</wf>
         <wf lemma="om" pos="X">om</wf>
         <wf lemma="erfaringer" pos="X">erfaringer</wf>
         <wf lemma="om" pos="X">om</wf>
         <wf lemma="møntunioner" pos="X">møntunioner</wf>
         <wf lemma="," pos="X">,</wf>
         <wf lemma="der" pos="X">der</wf>
         <wf lemma="ligger" pos="X">ligger</wf>
         <wf lemma="75" pos="X">75</wf>
         <wf lemma="til" pos="X">til</wf>
         <wf lemma="100" pos="X">100</wf>
         <wf lemma="år" pos="X">år</wf>
         <wf lemma="tilbage" pos="X">tilbage</wf>
         <wf lemma="," pos="X">,</wf>
         <wf lemma="er" pos="X">er</wf>
         <wf lemma="af" pos="X">af</wf>
         <wf lemma="stor" pos="X">stor</wf>
         <instance id="d000.s144.t000" lemma="relevans" pos="NOUN">relevans</instance>
         <wf lemma="for" pos="X">for</wf>
         <wf lemma="de" pos="X">de</wf>
         <wf lemma="igangværende" pos="X">igangværende</wf>
         <wf lemma="ØMU-diskussioner" pos="X">ØMU-diskussioner</wf>
         <wf lemma="." pos="X">.</wf>
      </sentence>
      <sentence id="d000.s145" source="wordnet-danish">
         <wf lemma="Jens" pos="X">Jens</wf>
         <wf lemma="Birkemose" pos="X">Birkemose</wf>
         <wf lemma="begyndte" pos="X">begyndte</wf>
         <wf lemma="sin" pos="X">sin</wf>
         <instance id="d000.s145.t000" lemma="kunstnerisk" pos="ADJ">kunstneriske</instance>
         <wf lemma="løbebane" pos="X">løbebane</wf>
         <wf lemma="ved" pos="X">ved</wf>
         <wf lemma="musikken" pos="X">musikken</wf>
         <wf lemma="." pos="X">.</wf>
      </sentence>
      <sentence id="d000.s146" source="wordnet-danish">
         <wf lemma="Omkring" pos="X">Omkring</wf>
         <wf lemma="hver" pos="X">hver</wf>
         <wf lemma="sjette" pos="X">sjette</wf>
         <wf lemma="dansker" pos="X">dansker</wf>
         <wf lemma="mener" pos="X">mener</wf>
         <wf lemma="," pos="X">,</wf>
         <wf lemma="at" pos="X">at</wf>
         <wf lemma="indvandrerne" pos="X">indvandrerne</wf>
         <wf lemma="skal" pos="X">skal</wf>
         <instance id="d000.s146.t000" lemma="udvise" pos="VERB">udvises</instance>
         <wf lemma="fra" pos="X">fra</wf>
         <wf lemma="Danmark" pos="X">Danmark</wf>
         <wf lemma="." pos="X">.</wf>
      </sentence>
      <sentence id="d000.s147" source="wordnet-danish">
         <wf lemma="firmaet" pos="X">firmaet</wf>
         <wf lemma="TransMedia" pos="X">TransMedia</wf>
         <wf lemma=".." pos="X">..</wf>
         <instance id="d000.s147.t000" lemma="udleje" pos="VERB">udlejer</instance>
         <wf lemma="reklamepladser" pos="X">reklamepladser</wf>
         <wf lemma="bl.a." pos="X">bl.a.</wf>
         <wf lemma="på" pos="X">på</wf>
         <wf lemma="DSB-områder" pos="X">DSB-områder</wf>
         <wf lemma="." pos="X">.</wf>
      </sentence>
      <sentence id="d000.s148" source="wordnet-danish">
         <wf lemma="få" pos="X">få</wf>
         <wf lemma="et" pos="X">et</wf>
         <wf lemma="godt" pos="X">godt</wf>
         <wf lemma="råd" pos="X">råd</wf>
         <wf lemma="til" pos="X">til</wf>
         <wf lemma="den" pos="X">den</wf>
         <wf lemma="daglige" pos="X">daglige</wf>
         <wf lemma="madlavning" pos="X">madlavning</wf>
         <wf lemma="eller" pos="X">eller</wf>
         <wf lemma="måske" pos="X">måske</wf>
         <wf lemma="den" pos="X">den</wf>
         <wf lemma="særlige" pos="X">særlige</wf>
         <instance id="d000.s148.t000" lemma="anledning" pos="NOUN">anledning</instance>
         <wf lemma="." pos="X">.</wf>
      </sentence>
      <sentence id="d000.s149" source="wordnet-danish">
         <wf lemma="Den" pos="X">Den</wf>
         <wf lemma="erotiske" pos="X">erotiske</wf>
         <wf lemma="kærlighed" pos="X">kærlighed</wf>
         <wf lemma="og" pos="X">og</wf>
         <wf lemma="de" pos="X">de</wf>
         <instance id="d000.s149.t000" lemma="seksuel" pos="ADJ">seksuelle</instance>
         <wf lemma="følelser" pos="X">følelser</wf>
         <wf lemma="er" pos="X">er</wf>
         <wf lemma="i" pos="X">i</wf>
         <wf lemma="høj" pos="X">høj</wf>
         <wf lemma="grad" pos="X">grad</wf>
         <wf lemma="knyttet" pos="X">knyttet</wf>
         <wf lemma="til" pos="X">til</wf>
         <wf lemma="kroppen" pos="X">kroppen</wf>
         <wf lemma="og" pos="X">og</wf>
         <wf lemma="til" pos="X">til</wf>
         <wf lemma="sanserne" pos="X">sanserne</wf>
         <wf lemma="." pos="X">.</wf>
      </sentence>
      <sentence id="d000.s150" source="wordnet-danish">
         <wf lemma="kunne" pos="X">kunne</wf>
         <wf lemma="det" pos="X">det</wf>
         <wf lemma="virkelig" pos="X">virkelig</wf>
         <wf lemma="tænkes" pos="X">tænkes</wf>
         <wf lemma="," pos="X">,</wf>
         <wf lemma="at" pos="X">at</wf>
         <wf lemma="hun" pos="X">hun</wf>
         <wf lemma="havde" pos="X">havde</wf>
         <wf lemma="den" pos="X">den</wf>
         <instance id="d000.s150.t000" lemma="frækhed" pos="NOUN">frækhed</instance>
         <wf lemma="at" pos="X">at</wf>
         <wf lemma="gå" pos="X">gå</wf>
         <wf lemma="ind" pos="X">ind</wf>
         <wf lemma="i" pos="X">i</wf>
         <wf lemma="hans" pos="X">hans</wf>
         <wf lemma="hus" pos="X">hus</wf>
         <wf lemma="," pos="X">,</wf>
         <wf lemma="når" pos="X">når</wf>
         <wf lemma="han" pos="X">han</wf>
         <wf lemma="ikke" pos="X">ikke</wf>
         <wf lemma="var" pos="X">var</wf>
         <wf lemma="hjemme" pos="X">hjemme</wf>
         <wf lemma="?" pos="X">?</wf>
      </sentence>
      <sentence id="d000.s151" source="wordnet-danish">
         <wf lemma="forskere" pos="X">forskere</wf>
         <wf lemma="arbejder" pos="X">arbejder</wf>
         <wf lemma="med" pos="X">med</wf>
         <wf lemma="at" pos="X">at</wf>
         <wf lemma="transplantere" pos="X">transplantere</wf>
         <instance id="d000.s151.t000" lemma="væv" pos="NOUN">væv</instance>
         <wf lemma="fra" pos="X">fra</wf>
         <wf lemma="aborterede" pos="X">aborterede</wf>
         <wf lemma="fostre" pos="X">fostre</wf>
         <wf lemma="ind" pos="X">ind</wf>
         <wf lemma="i" pos="X">i</wf>
         <wf lemma="syge" pos="X">syge</wf>
         <wf lemma="hjerner" pos="X">hjerner</wf>
         <wf lemma="." pos="X">.</wf>
      </sentence>
      <sentence id="d000.s152" source="wordnet-danish">
         <wf lemma="Trommehinden" pos="X">Trommehinden</wf>
         <wf lemma="sættes" pos="X">sættes</wf>
         <wf lemma="i" pos="X">i</wf>
         <instance id="d000.s152.t000" lemma="svingning" pos="NOUN">svingninger</instance>
         <wf lemma="af" pos="X">af</wf>
         <wf lemma="de" pos="X">de</wf>
         <wf lemma="indkommende" pos="X">indkommende</wf>
         <wf lemma="lydbølger" pos="X">lydbølger</wf>
         <wf lemma="." pos="X">.</wf>
      </sentence>
      <sentence id="d000.s153" source="wordnet-danish">
         <wf lemma="Del" pos="X">Del</wf>
         <wf lemma="de" pos="X">de</wf>
         <wf lemma="3" pos="X">3</wf>
         <wf lemma="æg" pos="X">æg</wf>
         <wf lemma="i" pos="X">i</wf>
         <instance id="d000.s153.t000" lemma="hvide" pos="NOUN">hvider</instance>
         <wf lemma="og" pos="X">og</wf>
         <wf lemma="blommer" pos="X">blommer</wf>
         <wf lemma="og" pos="X">og</wf>
         <wf lemma="hæld" pos="X">hæld</wf>
         <wf lemma="blommerne" pos="X">blommerne</wf>
         <wf lemma="i" pos="X">i</wf>
         <wf lemma="skålen" pos="X">skålen</wf>
         <wf lemma="." pos="X">.</wf>
      </sentence>
      <sentence id="d000.s154" source="wordnet-danish">
         <wf lemma="Klokken" pos="X">Klokken</wf>
         <wf lemma="otte" pos="X">otte</wf>
         <wf lemma="blev" pos="X">blev</wf>
         <wf lemma="det" pos="X">det</wf>
         <wf lemma="thailandske" pos="X">thailandske</wf>
         <wf lemma="flag" pos="X">flag</wf>
         <wf lemma="hejst" pos="X">hejst</wf>
         <wf lemma="af" pos="X">af</wf>
         <wf lemma="en" pos="X">en</wf>
         <wf lemma="af" pos="X">af</wf>
         <wf lemma="de" pos="X">de</wf>
         <wf lemma="vagtposter" pos="X">vagtposter</wf>
         <wf lemma="," pos="X">,</wf>
         <wf lemma="der" pos="X">der</wf>
         <wf lemma="døgnet" pos="X">døgnet</wf>
         <wf lemma="rundt" pos="X">rundt</wf>
         <instance id="d000.s154.t000" lemma="bevogte" pos="VERB">bevogtede</instance>
         <wf lemma="lejren" pos="X">lejren</wf>
         <wf lemma="." pos="X">.</wf>
      </sentence>
      <sentence id="d000.s155" source="wordnet-danish">
         <wf lemma="I" pos="X">I</wf>
         <wf lemma="juli" pos="X">juli</wf>
         <wf lemma="og" pos="X">og</wf>
         <wf lemma="august" pos="X">august</wf>
         <wf lemma="måned" pos="X">måned</wf>
         <wf lemma="er" pos="X">er</wf>
         <wf lemma="det" pos="X">det</wf>
         <wf lemma="ganske" pos="X">ganske</wf>
         <wf lemma="land" pos="X">land</wf>
         <wf lemma="næsten" pos="X">næsten</wf>
         <wf lemma="oversvømmet" pos="X">oversvømmet</wf>
         <wf lemma="af" pos="X">af</wf>
         <instance id="d000.s155.t000" lemma="festival" pos="NOUN">festivaler</instance>
         <wf lemma="og" pos="X">og</wf>
         <wf lemma="udendørskoncerter" pos="X">udendørskoncerter</wf>
         <wf lemma="." pos="X">.</wf>
      </sentence>
      <sentence id="d000.s156" source="wordnet-danish">
         <wf lemma="Bengt" pos="X">Bengt</wf>
         <wf lemma="fra" pos="X">fra</wf>
         <wf lemma="den" pos="X">den</wf>
         <wf lemma="ny" pos="X">ny</wf>
         <wf lemma="station" pos="X">station</wf>
         <wf lemma="er" pos="X">er</wf>
         <wf lemma="i" pos="X">i</wf>
         <instance id="d000.s156.t000" lemma="moderigtig" pos="ADJ">moderigtigt</instance>
         <wf lemma="jakkesæt" pos="X">jakkesæt</wf>
         <wf lemma="og" pos="X">og</wf>
         <wf lemma="kreativt" pos="X">kreativt</wf>
         <wf lemma="slips" pos="X">slips</wf>
         <wf lemma="." pos="X">.</wf>
      </sentence>
      <sentence id="d000.s157" source="wordnet-danish">
         <wf lemma="Hun" pos="X">Hun</wf>
         <wf lemma="er" pos="X">er</wf>
         <wf lemma="halvvejs" pos="X">halvvejs</wf>
         <wf lemma="sengeliggende" pos="X">sengeliggende</wf>
         <wf lemma="med" pos="X">med</wf>
         <instance id="d000.s157.t000" lemma="forkølelse" pos="NOUN">forkølelse</instance>
         <wf lemma="og" pos="X">og</wf>
         <wf lemma="halsbetændelse" pos="X">halsbetændelse</wf>
         <wf lemma="," pos="X">,</wf>
         <wf lemma="men" pos="X">men</wf>
         <wf lemma="virkede" pos="X">virkede</wf>
         <wf lemma="ellers" pos="X">ellers</wf>
         <wf lemma="ved" pos="X">ved</wf>
         <wf lemma="godt" pos="X">godt</wf>
         <wf lemma="mod" pos="X">mod</wf>
         <wf lemma="." pos="X">.</wf>
      </sentence>
      <sentence id="d000.s158" source="wordnet-danish">
         <wf lemma="Den" pos="X">Den</wf>
         <wf lemma="gamle" pos="X">gamle</wf>
         <wf lemma="mesters" pos="X">mesters</wf>
         <wf lemma="tid" pos="X">tid</wf>
         <wf lemma="var" pos="X">var</wf>
         <wf lemma="omme" pos="X">omme</wf>
         <wf lemma="," pos="X">,</wf>
         <wf lemma="men" pos="X">men</wf>
         <wf lemma="hans" pos="X">hans</wf>
         <instance id="d000.s158.t000" lemma="geni" pos="NOUN">geni</instance>
         <wf lemma="kan" pos="X">kan</wf>
         <wf lemma="der" pos="X">der</wf>
         <wf lemma="ikke" pos="X">ikke</wf>
         <wf lemma="rokkes" pos="X">rokkes</wf>
         <wf lemma="ved" pos="X">ved</wf>
         <wf lemma="." pos="X">.</wf>
      </sentence>
      <sentence id="d000.s159" source="wordnet-danish">
         <wf lemma="Så" pos="X">Så</wf>
         <wf lemma="kørte" pos="X">kørte</wf>
         <wf lemma="vi" pos="X">vi</wf>
         <wf lemma="op" pos="X">op</wf>
         <wf lemma="til" pos="X">til</wf>
         <wf lemma="kapellet" pos="X">kapellet</wf>
         <wf lemma="," pos="X">,</wf>
         <wf lemma="hvor" pos="X">hvor</wf>
         <wf lemma="Claes'" pos="X">Claes'</wf>
         <wf lemma="far" pos="X">far</wf>
         <wf lemma="sagde" pos="X">sagde</wf>
         <wf lemma="tak" pos="X">tak</wf>
         <wf lemma="for" pos="X">for</wf>
         <instance id="d000.s159.t000" lemma="deltagelse" pos="NOUN">deltagelsen</instance>
         <wf lemma="." pos="X">.</wf>
      </sentence>
      <sentence id="d000.s160" source="wordnet-danish">
         <wf lemma="[pizzaen]" pos="X">[pizzaen]</wf>
         <wf lemma="var" pos="X">var</wf>
         <wf lemma="med" pos="X">med</wf>
         <wf lemma="tomat" pos="X">tomat</wf>
         <wf lemma="og" pos="X">og</wf>
         <instance id="d000.s160.t000" lemma="skinke" pos="NOUN">skinke</instance>
         <wf lemma="og" pos="X">og</wf>
         <wf lemma="champignon" pos="X">champignon</wf>
         <wf lemma="og" pos="X">og</wf>
         <wf lemma="ost" pos="X">ost</wf>
         <wf lemma="." pos="X">.</wf>
         <wf lemma="Uhmm." pos="X">Uhmm.</wf>
      </sentence>
      <sentence id="d000.s161" source="wordnet-danish">
         <wf lemma="Brostenene" pos="X">Brostenene</wf>
         <wf lemma="var" pos="X">var</wf>
         <wf lemma="så" pos="X">så</wf>
         <instance id="d000.s161.t000" lemma="glat" pos="ADJ">glatte</instance>
         <wf lemma="," pos="X">,</wf>
         <wf lemma="at" pos="X">at</wf>
         <wf lemma="han" pos="X">han</wf>
         <wf lemma="skred" pos="X">skred</wf>
         <wf lemma="ud" pos="X">ud</wf>
         <wf lemma="over" pos="X">over</wf>
         <wf lemma="kanten" pos="X">kanten</wf>
         <wf lemma="." pos="X">.</wf>
      </sentence>
      <sentence id="d000.s162" source="wordnet-danish">
         <wf lemma="Før" pos="X">Før</wf>
         <wf lemma="i" pos="X">i</wf>
         <wf lemma="tiden" pos="X">tiden</wf>
         <wf lemma="har" pos="X">har</wf>
         <wf lemma="jeg" pos="X">jeg</wf>
         <wf lemma="dyrket" pos="X">dyrket</wf>
         <wf lemma="masser" pos="X">masser</wf>
         <wf lemma="af" pos="X">af</wf>
         <instance id="d000.s162.t000" lemma="sport" pos="NOUN">sport</instance>
         <wf lemma="," pos="X">,</wf>
         <wf lemma="siger" pos="X">siger</wf>
         <wf lemma="hun" pos="X">hun</wf>
         <wf lemma="," pos="X">,</wf>
         <wf lemma="spillet" pos="X">spillet</wf>
         <wf lemma="fodbold" pos="X">fodbold</wf>
         <wf lemma="i" pos="X">i</wf>
         <wf lemma="syv" pos="X">syv</wf>
         <wf lemma="år" pos="X">år</wf>
         <wf lemma="," pos="X">,</wf>
         <wf lemma="sejlet" pos="X">sejlet</wf>
         <wf lemma="med" pos="X">med</wf>
         <wf lemma="min" pos="X">min</wf>
         <wf lemma="far" pos="X">far</wf>
         <wf lemma="og" pos="X">og</wf>
         <wf lemma="stået" pos="X">stået</wf>
         <wf lemma="på" pos="X">på</wf>
         <wf lemma="ski" pos="X">ski</wf>
         <wf lemma="," pos="X">,</wf>
         <wf lemma="fra" pos="X">fra</wf>
         <wf lemma="jeg" pos="X">jeg</wf>
         <wf lemma="var" pos="X">var</wf>
         <wf lemma="ni" pos="X">ni</wf>
         <wf lemma="år" pos="X">år</wf>
         <wf lemma="." pos="X">.</wf>
      </sentence>
      <sentence id="d000.s163" source="wordnet-danish">
         <wf lemma="der" pos="X">der</wf>
         <wf lemma=".." pos="X">..</wf>
         <wf lemma="kræves" pos="X">kræves</wf>
         <wf lemma="et" pos="X">et</wf>
         <instance id="d000.s163.t000" lemma="antal" pos="NOUN">antal</instance>
         <wf lemma="på" pos="X">på</wf>
         <wf lemma="tolv" pos="X">tolv</wf>
         <wf lemma="deltagere" pos="X">deltagere</wf>
         <wf lemma="for" pos="X">for</wf>
         <wf lemma="oprettelse" pos="X">oprettelse</wf>
         <wf lemma="af" pos="X">af</wf>
         <wf lemma="et" pos="X">et</wf>
         <wf lemma="hold" pos="X">hold</wf>
         <wf lemma="." pos="X">.</wf>
      </sentence>
      <sentence id="d000.s164" source="wordnet-danish">
         <wf lemma="hovedrystende" pos="X">hovedrystende</wf>
         <wf lemma="gik" pos="X">gik</wf>
         <wf lemma="[hun]" pos="X">[hun]</wf>
         <wf lemma="hen" pos="X">hen</wf>
         <wf lemma="til" pos="X">til</wf>
         <wf lemma="kassen" pos="X">kassen</wf>
         <wf lemma="for" pos="X">for</wf>
         <wf lemma="at" pos="X">at</wf>
         <wf lemma="ekspedere" pos="X">ekspedere</wf>
         <wf lemma="den" pos="X">den</wf>
         <wf lemma="lange" pos="X">lange</wf>
         <instance id="d000.s164.t000" lemma="kø" pos="NOUN">kø</instance>
         <wf lemma="af" pos="X">af</wf>
         <wf lemma="utålmodige" pos="X">utålmodige</wf>
         <wf lemma="kunder" pos="X">kunder</wf>
         <wf lemma="." pos="X">.</wf>
      </sentence>
      <sentence id="d000.s165" source="wordnet-danish">
         <wf lemma="Ved" pos="X">Ved</wf>
         <instance id="d000.s165.t000" lemma="opgørelse" pos="NOUN">opgørelse</instance>
         <wf lemma="af" pos="X">af</wf>
         <wf lemma="de" pos="X">de</wf>
         <wf lemma="120" pos="X">120</wf>
         <wf lemma="sygedage" pos="X">sygedage</wf>
         <wf lemma="medregnes" pos="X">medregnes</wf>
         <wf lemma="samtlige" pos="X">samtlige</wf>
         <wf lemma="sygedage" pos="X">sygedage</wf>
         <wf lemma="fra" pos="X">fra</wf>
         <wf lemma="datoen" pos="X">datoen</wf>
         <wf lemma="for" pos="X">for</wf>
         <wf lemma="sygemeldingen" pos="X">sygemeldingen</wf>
         <wf lemma="til" pos="X">til</wf>
         <wf lemma="raskmeldingen" pos="X">raskmeldingen</wf>
         <wf lemma="." pos="X">.</wf>
      </sentence>
      <sentence id="d000.s166" source="wordnet-danish">
         <wf lemma="elsk" pos="X">elsk</wf>
         <wf lemma="alt" pos="X">alt</wf>
         <wf lemma="det" pos="X">det</wf>
         <wf lemma="I" pos="X">I</wf>
         <wf lemma="vil" pos="X">vil</wf>
         <wf lemma="og" pos="X">og</wf>
         <wf lemma="kan" pos="X">kan</wf>
         <wf lemma="," pos="X">,</wf>
         <wf lemma="prøv" pos="X">prøv</wf>
         <wf lemma="at" pos="X">at</wf>
         <wf lemma="eksperimentere" pos="X">eksperimentere</wf>
         <wf lemma="," pos="X">,</wf>
         <wf lemma="det" pos="X">det</wf>
         <wf lemma="giver" pos="X">giver</wf>
         <instance id="d000.s166.t000" lemma="bonus" pos="NOUN">bonus</instance>
         <wf lemma="." pos="X">.</wf>
      </sentence>
      <sentence id="d000.s167" source="wordnet-danish">
         <wf lemma="Hvordan" pos="X">Hvordan</wf>
         <wf lemma="Sarahs" pos="X">Sarahs</wf>
         <instance id="d000.s167.t000" lemma="finansiel" pos="ADJ">finansielle</instance>
         <wf lemma="forhold" pos="X">forhold</wf>
         <wf lemma="var" pos="X">var</wf>
         <wf lemma="," pos="X">,</wf>
         <wf lemma="fandt" pos="X">fandt</wf>
         <wf lemma="jeg" pos="X">jeg</wf>
         <wf lemma="det" pos="X">det</wf>
         <wf lemma="ikke" pos="X">ikke</wf>
         <wf lemma="passende" pos="X">passende</wf>
         <wf lemma="at" pos="X">at</wf>
         <wf lemma="spørge" pos="X">spørge</wf>
         <wf lemma="om" pos="X">om</wf>
         <wf lemma="." pos="X">.</wf>
      </sentence>
      <sentence id="d000.s168" source="wordnet-danish">
         <wf lemma="Morten" pos="X">Morten</wf>
         <wf lemma="og" pos="X">og</wf>
         <wf lemma="Søren" pos="X">Søren</wf>
         <wf lemma="V." pos="X">V.</wf>
         <wf lemma="Pedersen" pos="X">Pedersen</wf>
         <wf lemma="har" pos="X">har</wf>
         <wf lemma="begge" pos="X">begge</wf>
         <wf lemma="fået" pos="X">fået</wf>
         <instance id="d000.s168.t000" lemma="ansættelse" pos="NOUN">ansættelse</instance>
         <wf lemma="inden" pos="X">inden</wf>
         <wf lemma="for" pos="X">for</wf>
         <wf lemma="socialvæsenet" pos="X">socialvæsenet</wf>
         <wf lemma="i" pos="X">i</wf>
         <wf lemma="Århus" pos="X">Århus</wf>
         <wf lemma="Kommune" pos="X">Kommune</wf>
         <wf lemma="." pos="X">.</wf>
      </sentence>
      <sentence id="d000.s169" source="wordnet-danish">
         <wf lemma="Det" pos="X">Det</wf>
         <wf lemma="er" pos="X">er</wf>
         <wf lemma="helt" pos="X">helt</wf>
         <wf lemma="fjollet" pos="X">fjollet</wf>
         <wf lemma="." pos="X">.</wf>
         <wf lemma="Jeg" pos="X">Jeg</wf>
         <wf lemma="troede" pos="X">troede</wf>
         <wf lemma="du" pos="X">du</wf>
         <wf lemma="var" pos="X">var</wf>
         <wf lemma="en" pos="X">en</wf>
         <wf lemma="rigtig" pos="X">rigtig</wf>
         <wf lemma="løve" pos="X">løve</wf>
         <wf lemma="," pos="X">,</wf>
         <wf lemma="den" pos="X">den</wf>
         <instance id="d000.s169.t000" lemma="dragt" pos="NOUN">dragt</instance>
         <wf lemma="er" pos="X">er</wf>
         <wf lemma="simpelthen" pos="X">simpelthen</wf>
         <wf lemma="så" pos="X">så</wf>
         <wf lemma="livagtig" pos="X">livagtig</wf>
         <wf lemma="." pos="X">.</wf>
      </sentence>
      <sentence id="d000.s170" source="wordnet-danish">
         <wf lemma="Fra" pos="X">Fra</wf>
         <wf lemma="altanerne" pos="X">altanerne</wf>
         <wf lemma="tværs" pos="X">tværs</wf>
         <wf lemma="over" pos="X">over</wf>
         <instance id="d000.s170.t000" lemma="gang" pos="NOUN">gangen</instance>
         <wf lemma="mellem" pos="X">mellem</wf>
         <wf lemma="husrækkerne" pos="X">husrækkerne</wf>
         <wf lemma="kan" pos="X">kan</wf>
         <wf lemma="man" pos="X">man</wf>
         <wf lemma="se" pos="X">se</wf>
         <wf lemma="ned" pos="X">ned</wf>
         <wf lemma="i" pos="X">i</wf>
         <wf lemma="gaden" pos="X">gaden</wf>
         <wf lemma="." pos="X">.</wf>
      </sentence>
      <sentence id="d000.s171" source="wordnet-danish">
         <wf lemma="hun" pos="X">hun</wf>
         <wf lemma="har" pos="X">har</wf>
         <wf lemma="fået" pos="X">fået</wf>
         <instance id="d000.s171.t000" lemma="følelse" pos="NOUN">følelsen</instance>
         <wf lemma="tilbage" pos="X">tilbage</wf>
         <wf lemma="i" pos="X">i</wf>
         <wf lemma="armen" pos="X">armen</wf>
         <wf lemma="og" pos="X">og</wf>
         <wf lemma="kan" pos="X">kan</wf>
         <wf lemma="bevæge" pos="X">bevæge</wf>
         <wf lemma="nogle" pos="X">nogle</wf>
         <wf lemma="af" pos="X">af</wf>
         <wf lemma="fingrene" pos="X">fingrene</wf>
         <wf lemma="." pos="X">.</wf>
      </sentence>
      <sentence id="d000.s172" source="wordnet-danish">
         <wf lemma="Bagagerummet" pos="X">Bagagerummet</wf>
         <wf lemma="ser" pos="X">ser</wf>
         <wf lemma="flot" pos="X">flot</wf>
         <wf lemma="og" pos="X">og</wf>
         <wf lemma="velordnet" pos="X">velordnet</wf>
         <wf lemma="ud" pos="X">ud</wf>
         <wf lemma="," pos="X">,</wf>
         <wf lemma="indtil" pos="X">indtil</wf>
         <wf lemma="man" pos="X">man</wf>
         <wf lemma="begynder" pos="X">begynder</wf>
         <wf lemma="at" pos="X">at</wf>
         <instance id="d000.s172.t000" lemma="læsse" pos="VERB">læsse</instance>
         <wf lemma="bagagen" pos="X">bagagen</wf>
         <wf lemma="ind" pos="X">ind</wf>
         <wf lemma="." pos="X">.</wf>
      </sentence>
      <sentence id="d000.s173" source="wordnet-danish">
         <wf lemma="på" pos="X">på</wf>
         <wf lemma="det" pos="X">det</wf>
         <instance id="d000.s173.t000" lemma="lille" pos="ADJ">lille</instance>
         <wf lemma="bord" pos="X">bord</wf>
         <wf lemma="foran" pos="X">foran</wf>
         <wf lemma="sengen" pos="X">sengen</wf>
         <wf lemma="lå" pos="X">lå</wf>
         <wf lemma="alle" pos="X">alle</wf>
         <wf lemma="hans" pos="X">hans</wf>
         <wf lemma="fodboldsager" pos="X">fodboldsager</wf>
         <wf lemma="omhyggeligt" pos="X">omhyggeligt</wf>
         <wf lemma="på" pos="X">på</wf>
         <wf lemma="række" pos="X">række</wf>
         <wf lemma="og" pos="X">og</wf>
         <wf lemma="geled" pos="X">geled</wf>
         <wf lemma="." pos="X">.</wf>
      </sentence>
      <sentence id="d000.s174" source="wordnet-danish">
         <wf lemma="[han]" pos="X">[han]</wf>
         <wf lemma="var" pos="X">var</wf>
         <wf lemma="i" pos="X">i</wf>
         <wf lemma="de" pos="X">de</wf>
         <wf lemma="år" pos="X">år</wf>
         <wf lemma="offer" pos="X">offer</wf>
         <wf lemma="for" pos="X">for</wf>
         <wf lemma="en" pos="X">en</wf>
         <wf lemma="altfortærende" pos="X">altfortærende</wf>
         <wf lemma="følelse" pos="X">følelse</wf>
         <wf lemma="af" pos="X">af</wf>
         <instance id="d000.s174.t000" lemma="overflødighed" pos="NOUN">overflødighed</instance>
         <wf lemma="og" pos="X">og</wf>
         <wf lemma="ekstremt" pos="X">ekstremt</wf>
         <wf lemma="sortsyn" pos="X">sortsyn</wf>
         <wf lemma="." pos="X">.</wf>
      </sentence>
      <sentence id="d000.s175" source="wordnet-danish">
         <wf lemma="den" pos="X">den</wf>
         <instance id="d000.s175.t000" lemma="lovmæssig" pos="ADJ">lovmæssige</instance>
         <wf lemma="regulering" pos="X">regulering</wf>
         <wf lemma="af" pos="X">af</wf>
         <wf lemma="hele" pos="X">hele</wf>
         <wf lemma="daginstitutionsområdet" pos="X">daginstitutionsområdet</wf>
         <wf lemma="[er]" pos="X">[er]</wf>
         <wf lemma="alt" pos="X">alt</wf>
         <wf lemma="for" pos="X">for</wf>
         <wf lemma="lemfældig" pos="X">lemfældig</wf>
         <wf lemma="." pos="X">.</wf>
      </sentence>
      <sentence id="d000.s176" source="wordnet-danish">
         <wf lemma="USA" pos="X">USA</wf>
         <wf lemma="ville" pos="X">ville</wf>
         <wf lemma="ikke" pos="X">ikke</wf>
         <wf lemma="acceptere" pos="X">acceptere</wf>
         <wf lemma="," pos="X">,</wf>
         <wf lemma="at" pos="X">at</wf>
         <wf lemma="fjendtlige" pos="X">fjendtlige</wf>
         <wf lemma="magter" pos="X">magter</wf>
         <wf lemma="skulle" pos="X">skulle</wf>
         <wf lemma="få" pos="X">få</wf>
         <wf lemma="fodfæste" pos="X">fodfæste</wf>
         <wf lemma="på" pos="X">på</wf>
         <wf lemma="den" pos="X">den</wf>
         <wf lemma="vestlige" pos="X">vestlige</wf>
         <instance id="d000.s176.t000" lemma="halvkugle" pos="NOUN">halvkugle</instance>
         <wf lemma="." pos="X">.</wf>
      </sentence>
      <sentence id="d000.s177" source="wordnet-danish">
         <wf lemma="dæk" pos="X">dæk</wf>
         <wf lemma="gryden" pos="X">gryden</wf>
         <wf lemma="med" pos="X">med</wf>
         <wf lemma="låg" pos="X">låg</wf>
         <wf lemma="el." pos="X">el.</wf>
         <wf lemma="folie" pos="X">folie</wf>
         <wf lemma="," pos="X">,</wf>
         <wf lemma="så" pos="X">så</wf>
         <instance id="d000.s177.t000" lemma="damp" pos="NOUN">dampen</instance>
         <wf lemma="bliver" pos="X">bliver</wf>
         <wf lemma="indenfor" pos="X">indenfor</wf>
         <wf lemma="." pos="X">.</wf>
      </sentence>
      <sentence id="d000.s178" source="wordnet-danish">
         <wf lemma="Klokken" pos="X">Klokken</wf>
         <wf lemma="havde" pos="X">havde</wf>
         <wf lemma="passeret" pos="X">passeret</wf>
         <instance id="d000.s178.t000" lemma="midnat" pos="NOUN">midnat</instance>
         <wf lemma="." pos="X">.</wf>
         <wf lemma="Der" pos="X">Der</wf>
         <wf lemma="var" pos="X">var</wf>
         <wf lemma="stille" pos="X">stille</wf>
         <wf lemma="i" pos="X">i</wf>
         <wf lemma="kvarteret" pos="X">kvarteret</wf>
         <wf lemma="." pos="X">.</wf>
      </sentence>
      <sentence id="d000.s179" source="wordnet-danish">
         <wf lemma="Romerne" pos="X">Romerne</wf>
         <wf lemma="beundrede" pos="X">beundrede</wf>
         <wf lemma="de" pos="X">de</wf>
         <wf lemma="græske" pos="X">græske</wf>
         <instance id="d000.s179.t000" lemma="skulptur" pos="NOUN">skulpturer</instance>
         <wf lemma="og" pos="X">og</wf>
         <wf lemma="samlede" pos="X">samlede</wf>
         <wf lemma="på" pos="X">på</wf>
         <wf lemma="dem" pos="X">dem</wf>
         <wf lemma="ved" pos="X">ved</wf>
         <wf lemma="private" pos="X">private</wf>
         <wf lemma="indkøb" pos="X">indkøb</wf>
         <wf lemma="," pos="X">,</wf>
         <wf lemma="fordi" pos="X">fordi</wf>
         <wf lemma="det" pos="X">det</wf>
         <wf lemma="gav" pos="X">gav</wf>
         <wf lemma="prestige" pos="X">prestige</wf>
         <wf lemma="." pos="X">.</wf>
      </sentence>
      <sentence id="d000.s180" source="wordnet-danish">
         <wf lemma="Benyt" pos="X">Benyt</wf>
         <wf lemma="en" pos="X">en</wf>
         <instance id="d000.s180.t000" lemma="asterisk" pos="NOUN">asterisk</instance>
         <wf lemma="(" pos="X">(</wf>
         <wf lemma="*" pos="X">*</wf>
         <wf lemma=")" pos="X">)</wf>
         <wf lemma="for" pos="X">for</wf>
         <wf lemma="at" pos="X">at</wf>
         <wf lemma="udvide" pos="X">udvide</wf>
         <wf lemma="dine" pos="X">dine</wf>
         <wf lemma="søgemuligheder" pos="X">søgemuligheder</wf>
         <wf lemma="." pos="X">.</wf>
         <wf lemma="For" pos="X">For</wf>
         <wf lemma="at" pos="X">at</wf>
         <wf lemma="finde" pos="X">finde</wf>
         <wf lemma="alle" pos="X">alle</wf>
         <wf lemma="ord" pos="X">ord</wf>
         <wf lemma="som" pos="X">som</wf>
         <wf lemma="begynder" pos="X">begynder</wf>
         <wf lemma="med" pos="X">med</wf>
         <wf lemma="gold" pos="X">gold</wf>
         <wf lemma="," pos="X">,</wf>
         <wf lemma="skriv" pos="X">skriv</wf>
         <wf lemma="blot" pos="X">blot</wf>
         <wf lemma="gold*" pos="X">gold*</wf>
         <wf lemma="." pos="X">.</wf>
      </sentence>
      <sentence id="d000.s181" source="wordnet-danish">
         <wf lemma="Når" pos="X">Når</wf>
         <wf lemma="Solens" pos="X">Solens</wf>
         <wf lemma="hvide" pos="X">hvide</wf>
         <wf lemma="lys" pos="X">lys</wf>
         <wf lemma="brydes" pos="X">brydes</wf>
         <wf lemma="i" pos="X">i</wf>
         <wf lemma="regndråberne" pos="X">regndråberne</wf>
         <wf lemma="," pos="X">,</wf>
         <wf lemma="spaltes" pos="X">spaltes</wf>
         <wf lemma="det" pos="X">det</wf>
         <wf lemma="i" pos="X">i</wf>
         <wf lemma="alle" pos="X">alle</wf>
         <instance id="d000.s181.t000" lemma="regnbue" pos="NOUN">regnbuens</instance>
         <wf lemma="farver" pos="X">farver</wf>
         <wf lemma="," pos="X">,</wf>
         <wf lemma="der" pos="X">der</wf>
         <wf lemma="også" pos="X">også</wf>
         <wf lemma="er" pos="X">er</wf>
         <wf lemma="den" pos="X">den</wf>
         <wf lemma="rene" pos="X">rene</wf>
         <wf lemma="farveskala" pos="X">farveskala</wf>
         <wf lemma="." pos="X">.</wf>
      </sentence>
      <sentence id="d000.s182" source="wordnet-danish">
         <wf lemma="Deres" pos="X">Deres</wf>
         <wf lemma="usikre" pos="X">usikre</wf>
         <wf lemma="trin" pos="X">trin</wf>
         <wf lemma="fik" pos="X">fik</wf>
         <wf lemma="den" pos="X">den</wf>
         <instance id="d000.s182.t000" lemma="skrøbelig" pos="ADJ">skrøbelige</instance>
         <wf lemma="trappe" pos="X">trappe</wf>
         <wf lemma="til" pos="X">til</wf>
         <wf lemma="at" pos="X">at</wf>
         <wf lemma="knage" pos="X">knage</wf>
         <wf lemma="i" pos="X">i</wf>
         <wf lemma="træværket" pos="X">træværket</wf>
         <wf lemma="." pos="X">.</wf>
      </sentence>
      <sentence id="d000.s183" source="wordnet-danish">
         <wf lemma="Frederiksborg" pos="X">Frederiksborg</wf>
         <instance id="d000.s183.t000" lemma="slot" pos="NOUN">Slot</instance>
         <wf lemma="lignede" pos="X">lignede</wf>
         <wf lemma="et" pos="X">et</wf>
         <wf lemma="eventyrslot" pos="X">eventyrslot</wf>
         <wf lemma="," pos="X">,</wf>
         <wf lemma="som" pos="X">som</wf>
         <wf lemma="det" pos="X">det</wf>
         <wf lemma="lå" pos="X">lå</wf>
         <wf lemma="dér" pos="X">dér</wf>
         <wf lemma="i" pos="X">i</wf>
         <wf lemma="aftensolen" pos="X">aftensolen</wf>
         <wf lemma="og" pos="X">og</wf>
         <wf lemma="kastede" pos="X">kastede</wf>
         <wf lemma="lange" pos="X">lange</wf>
         <wf lemma="skygger" pos="X">skygger</wf>
         <wf lemma="over" pos="X">over</wf>
         <wf lemma="voldgraven" pos="X">voldgraven</wf>
         <wf lemma="." pos="X">.</wf>
      </sentence>
      <sentence id="d000.s184" source="wordnet-danish">
         <wf lemma="De" pos="X">De</wf>
         <wf lemma="øver" pos="X">øver</wf>
         <wf lemma="et" pos="X">et</wf>
         <wf lemma="par" pos="X">par</wf>
         <wf lemma="gange" pos="X">gange</wf>
         <wf lemma="om" pos="X">om</wf>
         <wf lemma="ugen" pos="X">ugen</wf>
         <wf lemma="og" pos="X">og</wf>
         <wf lemma="går" pos="X">går</wf>
         <wf lemma="ud" pos="X">ud</wf>
         <wf lemma="og" pos="X">og</wf>
         <wf lemma="spiller" pos="X">spiller</wf>
         <instance id="d000.s184.t000" lemma="rock" pos="NOUN">rock</instance>
         <wf lemma="." pos="X">.</wf>
      </sentence>
      <sentence id="d000.s185" source="wordnet-danish">
         <wf lemma="Stemmerne" pos="X">Stemmerne</wf>
         <wf lemma=".." pos="X">..</wf>
         <wf lemma="er" pos="X">er</wf>
         <wf lemma="inde" pos="X">inde</wf>
         <wf lemma="ved" pos="X">ved</wf>
         <wf lemma="siden" pos="X">siden</wf>
         <wf lemma="af" pos="X">af</wf>
         <wf lemma="." pos="X">.</wf>
         <wf lemma="Væggene" pos="X">Væggene</wf>
         <wf lemma="er" pos="X">er</wf>
         <instance id="d000.s185.t000" lemma="tynd" pos="ADJ">tynde</instance>
         <wf lemma="," pos="X">,</wf>
         <wf lemma="man" pos="X">man</wf>
         <wf lemma="kan" pos="X">kan</wf>
         <wf lemma="tydeligt" pos="X">tydeligt</wf>
         <wf lemma="høre" pos="X">høre</wf>
         <wf lemma="dem" pos="X">dem</wf>
         <wf lemma="." pos="X">.</wf>
      </sentence>
      <sentence id="d000.s186" source="wordnet-danish">
         <wf lemma="Når" pos="X">Når</wf>
         <wf lemma="De" pos="X">De</wf>
         <wf lemma="modtager" pos="X">modtager</wf>
         <wf lemma="Deres" pos="X">Deres</wf>
         <instance id="d000.s186.t000" lemma="police" pos="NOUN">police</instance>
         <wf lemma="," pos="X">,</wf>
         <wf lemma="kan" pos="X">kan</wf>
         <wf lemma="De" pos="X">De</wf>
         <wf lemma="inden" pos="X">inden</wf>
         <wf lemma="14" pos="X">14</wf>
         <wf lemma="dage" pos="X">dage</wf>
         <wf lemma="annullere" pos="X">annullere</wf>
         <wf lemma="forsikringen" pos="X">forsikringen</wf>
         <wf lemma="og" pos="X">og</wf>
         <wf lemma="få" pos="X">få</wf>
         <wf lemma="tilbagebetalt" pos="X">tilbagebetalt</wf>
         <wf lemma="Deres" pos="X">Deres</wf>
         <wf lemma="indbetaling" pos="X">indbetaling</wf>
         <wf lemma="." pos="X">.</wf>
      </sentence>
      <sentence id="d000.s187" source="wordnet-danish">
         <wf lemma="Radon" pos="X">Radon</wf>
         <wf lemma="dannes" pos="X">dannes</wf>
         <wf lemma="af" pos="X">af</wf>
         <wf lemma="det" pos="X">det</wf>
         <wf lemma="radioaktive" pos="X">radioaktive</wf>
         <wf lemma="stof" pos="X">stof</wf>
         <wf lemma="radium" pos="X">radium</wf>
         <wf lemma="," pos="X">,</wf>
         <wf lemma="og" pos="X">og</wf>
         <wf lemma="er" pos="X">er</wf>
         <wf lemma="en" pos="X">en</wf>
         <instance id="d000.s187.t000" lemma="luftart" pos="NOUN">luftart</instance>
         <wf lemma="," pos="X">,</wf>
         <wf lemma="der" pos="X">der</wf>
         <wf lemma="ikke" pos="X">ikke</wf>
         <wf lemma="kan" pos="X">kan</wf>
         <wf lemma="ses" pos="X">ses</wf>
         <wf lemma="," pos="X">,</wf>
         <wf lemma="smages" pos="X">smages</wf>
         <wf lemma="," pos="X">,</wf>
         <wf lemma="lugtes" pos="X">lugtes</wf>
         <wf lemma="eller" pos="X">eller</wf>
         <wf lemma="mærkes" pos="X">mærkes</wf>
         <wf lemma="." pos="X">.</wf>
      </sentence>
      <sentence id="d000.s188" source="wordnet-danish">
         <instance id="d000.s188.t000" lemma="sende" pos="VERB">Send</instance>
         <wf lemma="ingen" pos="X">ingen</wf>
         <wf lemma="penge" pos="X">penge</wf>
         <wf lemma="nu" pos="X">nu</wf>
         <wf lemma=";" pos="X">;</wf>
         <wf lemma="vi" pos="X">vi</wf>
         <wf lemma="sender" pos="X">sender</wf>
         <wf lemma="en" pos="X">en</wf>
         <wf lemma="regning" pos="X">regning</wf>
         <wf lemma="senere" pos="X">senere</wf>
         <wf lemma="." pos="X">.</wf>
      </sentence>
      <sentence id="d000.s189" source="wordnet-danish">
         <wf lemma="der" pos="X">der</wf>
         <wf lemma="[kan]" pos="X">[kan]</wf>
         <wf lemma="indbydes" pos="X">indbydes</wf>
         <wf lemma="til" pos="X">til</wf>
         <wf lemma="foredrag" pos="X">foredrag</wf>
         <wf lemma="," pos="X">,</wf>
         <wf lemma="kunstudstillinger" pos="X">kunstudstillinger</wf>
         <wf lemma="," pos="X">,</wf>
         <wf lemma="koncerter" pos="X">koncerter</wf>
         <wf lemma="og" pos="X">og</wf>
         <wf lemma="andre" pos="X">andre</wf>
         <instance id="d000.s189.t000" lemma="kulturel" pos="ADJ">kulturelle</instance>
         <wf lemma="arrangementer" pos="X">arrangementer</wf>
         <wf lemma="." pos="X">.</wf>
      </sentence>
      <sentence id="d000.s190" source="wordnet-danish">
         <wf lemma="Jeg" pos="X">Jeg</wf>
         <wf lemma="tjener" pos="X">tjener</wf>
         <wf lemma="mine" pos="X">mine</wf>
         <wf lemma="penge" pos="X">penge</wf>
         <wf lemma="på" pos="X">på</wf>
         <wf lemma="at" pos="X">at</wf>
         <wf lemma="lave" pos="X">lave</wf>
         <wf lemma="TV" pos="X">TV</wf>
         <wf lemma="og" pos="X">og</wf>
         <instance id="d000.s190.t000" lemma="skrive" pos="VERB">skrive</instance>
         <wf lemma="i" pos="X">i</wf>
         <wf lemma="Politiken" pos="X">Politiken</wf>
         <wf lemma="." pos="X">.</wf>
      </sentence>
      <sentence id="d000.s191" source="wordnet-danish">
         <wf lemma="vandet" pos="X">vandet</wf>
         <wf lemma="," pos="X">,</wf>
         <wf lemma="der" pos="X">der</wf>
         <wf lemma="trækkes" pos="X">trækkes</wf>
         <wf lemma="ud" pos="X">ud</wf>
         <wf lemma="af" pos="X">af</wf>
         <wf lemma="det" pos="X">det</wf>
         <wf lemma="våde" pos="X">våde</wf>
         <wf lemma="tøj" pos="X">tøj</wf>
         <wf lemma="," pos="X">,</wf>
         <wf lemma="opsamles" pos="X">opsamles</wf>
         <wf lemma="i" pos="X">i</wf>
         <wf lemma="en" pos="X">en</wf>
         <instance id="d000.s191.t000" lemma="beholder" pos="NOUN">beholder</instance>
         <wf lemma="," pos="X">,</wf>
         <wf lemma="der" pos="X">der</wf>
         <wf lemma="kan" pos="X">kan</wf>
         <wf lemma="tages" pos="X">tages</wf>
         <wf lemma="ud" pos="X">ud</wf>
         <wf lemma="og" pos="X">og</wf>
         <wf lemma="tømmes" pos="X">tømmes</wf>
         <wf lemma="." pos="X">.</wf>
      </sentence>
      <sentence id="d000.s192" source="wordnet-danish">
         <wf lemma="[ratbøjlen" pos="X">[ratbøjlen</wf>
         <wf lemma="]" pos="X">]</wf>
         <wf lemma="har" pos="X">har</wf>
         <wf lemma="samme" pos="X">samme</wf>
         <instance id="d000.s192.t000" lemma="svaghed" pos="NOUN">svaghed</instance>
         <wf lemma="som" pos="X">som</wf>
         <wf lemma="andre" pos="X">andre</wf>
         <wf lemma="ratbøjler" pos="X">ratbøjler</wf>
         <wf lemma="--" pos="X">--</wf>
         <wf lemma="ratkransen" pos="X">ratkransen</wf>
         <wf lemma="kan" pos="X">kan</wf>
         <wf lemma="saves" pos="X">saves</wf>
         <wf lemma="over" pos="X">over</wf>
         <wf lemma="i" pos="X">i</wf>
         <wf lemma="løbet" pos="X">løbet</wf>
         <wf lemma="af" pos="X">af</wf>
         <wf lemma="nul" pos="X">nul</wf>
         <wf lemma="komma" pos="X">komma</wf>
         <wf lemma="fem" pos="X">fem</wf>
         <wf lemma="." pos="X">.</wf>
      </sentence>
      <sentence id="d000.s193" source="wordnet-danish">
         <wf lemma="Forældrene" pos="X">Forældrene</wf>
         <wf lemma="kan" pos="X">kan</wf>
         <wf lemma="med" pos="X">med</wf>
         <wf lemma="statsamtets" pos="X">statsamtets</wf>
         <wf lemma="eller" pos="X">eller</wf>
         <wf lemma="rettens" pos="X">rettens</wf>
         <instance id="d000.s193.t000" lemma="godkendelse" pos="NOUN">godkendelse</instance>
         <wf lemma="selv" pos="X">selv</wf>
         <wf lemma="aftale" pos="X">aftale</wf>
         <wf lemma="," pos="X">,</wf>
         <wf lemma="at" pos="X">at</wf>
         <wf lemma="de" pos="X">de</wf>
         <wf lemma="[efter" pos="X">[efter</wf>
         <wf lemma="skilsmissen]" pos="X">skilsmissen]</wf>
         <wf lemma="skal" pos="X">skal</wf>
         <wf lemma="have" pos="X">have</wf>
         <wf lemma="fælles" pos="X">fælles</wf>
         <wf lemma="forældremyndighed" pos="X">forældremyndighed</wf>
         <wf lemma="." pos="X">.</wf>
      </sentence>
      <sentence id="d000.s194" source="wordnet-danish">
         <wf lemma="Servér" pos="X">Servér</wf>
         <wf lemma="sovsen" pos="X">sovsen</wf>
         <wf lemma="til" pos="X">til</wf>
         <wf lemma="den" pos="X">den</wf>
         <wf lemma="parterede" pos="X">parterede</wf>
         <wf lemma="poulard" pos="X">poulard</wf>
         <wf lemma="sammen" pos="X">sammen</wf>
         <wf lemma="med" pos="X">med</wf>
         <wf lemma="smørstegte" pos="X">smørstegte</wf>
         <wf lemma="markchampignoner" pos="X">markchampignoner</wf>
         <wf lemma="og" pos="X">og</wf>
         <wf lemma="små" pos="X">små</wf>
         <wf lemma="kogte" pos="X">kogte</wf>
         <wf lemma="kartofler" pos="X">kartofler</wf>
         <wf lemma="samt" pos="X">samt</wf>
         <wf lemma="en" pos="X">en</wf>
         <instance id="d000.s194.t000" lemma="salat" pos="NOUN">salat</instance>
         <wf lemma="." pos="X">.</wf>
      </sentence>
      <sentence id="d000.s195" source="wordnet-danish">
         <wf lemma="Lenins" pos="X">Lenins</wf>
         <wf lemma="arvtagere" pos="X">arvtagere</wf>
         <wf lemma="så" pos="X">så</wf>
         <wf lemma="deres" pos="X">deres</wf>
         <wf lemma="opgave" pos="X">opgave</wf>
         <wf lemma="i" pos="X">i</wf>
         <wf lemma="at" pos="X">at</wf>
         <instance id="d000.s195.t000" lemma="udbrede" pos="VERB">udbrede</instance>
         <wf lemma="det" pos="X">det</wf>
         <wf lemma="," pos="X">,</wf>
         <wf lemma="som" pos="X">som</wf>
         <wf lemma="de" pos="X">de</wf>
         <wf lemma="somme" pos="X">somme</wf>
         <wf lemma="tider" pos="X">tider</wf>
         <wf lemma="kaldte" pos="X">kaldte</wf>
         <wf lemma="kommunismen" pos="X">kommunismen</wf>
         <wf lemma="og" pos="X">og</wf>
         <wf lemma="somme" pos="X">somme</wf>
         <wf lemma="tider" pos="X">tider</wf>
         <wf lemma="socialismen" pos="X">socialismen</wf>
         <wf lemma="til" pos="X">til</wf>
         <wf lemma="alle" pos="X">alle</wf>
         <wf lemma="Jordens" pos="X">Jordens</wf>
         <wf lemma="lande" pos="X">lande</wf>
         <wf lemma="." pos="X">.</wf>
      </sentence>
      <sentence id="d000.s196" source="wordnet-danish">
         <wf lemma="Den" pos="X">Den</wf>
         <wf lemma="unge" pos="X">unge</wf>
         <wf lemma="mand" pos="X">mand</wf>
         <wf lemma="vendte" pos="X">vendte</wf>
         <wf lemma="sig" pos="X">sig</wf>
         <wf lemma="og" pos="X">og</wf>
         <wf lemma="tog" pos="X">tog</wf>
         <wf lemma="en" pos="X">en</wf>
         <wf lemma="stak" pos="X">stak</wf>
         <wf lemma="breve" pos="X">breve</wf>
         <wf lemma="frem" pos="X">frem</wf>
         <wf lemma="fra" pos="X">fra</wf>
         <wf lemma="et" pos="X">et</wf>
         <wf lemma="af" pos="X">af</wf>
         <instance id="d000.s196.t000" lemma="rum" pos="NOUN">rummene</instance>
         <wf lemma="i" pos="X">i</wf>
         <wf lemma="reolen" pos="X">reolen</wf>
         <wf lemma="." pos="X">.</wf>
      </sentence>
      <sentence id="d000.s197" source="wordnet-danish">
         <wf lemma="Han" pos="X">Han</wf>
         <wf lemma="binder" pos="X">binder</wf>
         <instance id="d000.s197.t000" lemma="snor" pos="NOUN">snor</instance>
         <wf lemma="om" pos="X">om</wf>
         <wf lemma="pakken" pos="X">pakken</wf>
         <wf lemma="." pos="X">.</wf>
      </sentence>
      <sentence id="d000.s198" source="wordnet-danish">
         <wf lemma="[" pos="X">[</wf>
         <wf lemma="vi" pos="X">vi</wf>
         <wf lemma="glæder]" pos="X">glæder]</wf>
         <wf lemma="os" pos="X">os</wf>
         <wf lemma="til" pos="X">til</wf>
         <wf lemma="d." pos="X">d.</wf>
         <wf lemma="9.9." pos="X">9.9.</wf>
         <wf lemma="," pos="X">,</wf>
         <wf lemma="hvor" pos="X">hvor</wf>
         <wf lemma="Danmark" pos="X">Danmark</wf>
         <wf lemma="(" pos="X">(</wf>
         <wf lemma="europamestre" pos="X">europamestre</wf>
         <wf lemma=")" pos="X">)</wf>
         <wf lemma="skal" pos="X">skal</wf>
         <wf lemma="spille" pos="X">spille</wf>
         <instance id="d000.s198.t000" lemma="fodbold" pos="NOUN">fodbold</instance>
         <wf lemma="mod" pos="X">mod</wf>
         <wf lemma="Tyskland" pos="X">Tyskland</wf>
         <wf lemma="(" pos="X">(</wf>
         <wf lemma="verdensmestre" pos="X">verdensmestre</wf>
         <wf lemma=")" pos="X">)</wf>
         <wf lemma="i" pos="X">i</wf>
         <wf lemma="'" pos="X">'</wf>
         <wf lemma="Parken'" pos="X">Parken'</wf>
         <wf lemma="." pos="X">.</wf>
      </sentence>
      <sentence id="d000.s199" source="wordnet-danish">
         <wf lemma="Da" pos="X">Da</wf>
         <wf lemma="de" pos="X">de</wf>
         <wf lemma="tyske" pos="X">tyske</wf>
         <wf lemma="panserkøretøjer" pos="X">panserkøretøjer</wf>
         <wf lemma="kom" pos="X">kom</wf>
         <wf lemma="på" pos="X">på</wf>
         <wf lemma="skudhold" pos="X">skudhold</wf>
         <wf lemma="," pos="X">,</wf>
         <wf lemma="åbnede" pos="X">åbnede</wf>
         <wf lemma="kanonen" pos="X">kanonen</wf>
         <wf lemma="ild" pos="X">ild</wf>
         <wf lemma="og" pos="X">og</wf>
         <wf lemma="bragte" pos="X">bragte</wf>
         <wf lemma="tre" pos="X">tre</wf>
         <wf lemma="af" pos="X">af</wf>
         <wf lemma="de" pos="X">de</wf>
         <instance id="d000.s199.t000" lemma="fjendtlig" pos="ADJ">fjendtlige</instance>
         <wf lemma="kampvogne" pos="X">kampvogne</wf>
         <wf lemma="til" pos="X">til</wf>
         <wf lemma="standsning" pos="X">standsning</wf>
         <wf lemma="." pos="X">.</wf>
      </sentence>
      <sentence id="d000.s200" source="wordnet-danish">
         <wf lemma="Ved" pos="X">Ved</wf>
         <wf lemma="en" pos="X">en</wf>
         <wf lemma="given" pos="X">given</wf>
         <instance id="d000.s200.t000" lemma="teknologi" pos="NOUN">teknologi</instance>
         <wf lemma="øges" pos="X">øges</wf>
         <wf lemma="forureningen" pos="X">forureningen</wf>
         <wf lemma="i" pos="X">i</wf>
         <wf lemma="takt" pos="X">takt</wf>
         <wf lemma="med" pos="X">med</wf>
         <wf lemma="," pos="X">,</wf>
         <wf lemma="at" pos="X">at</wf>
         <wf lemma="produktion" pos="X">produktion</wf>
         <wf lemma="og" pos="X">og</wf>
         <wf lemma="forbrug" pos="X">forbrug</wf>
         <wf lemma="vokser" pos="X">vokser</wf>
         <wf lemma="." pos="X">.</wf>
      </sentence>
      <sentence id="d000.s201" source="wordnet-danish">
         <wf lemma="Ti" pos="X">Ti</wf>
         <wf lemma="dage" pos="X">dage</wf>
         <wf lemma="efter" pos="X">efter</wf>
         <wf lemma="flugten" pos="X">flugten</wf>
         <wf lemma="fra" pos="X">fra</wf>
         <wf lemma="Kolding" pos="X">Kolding</wf>
         <wf lemma="blev" pos="X">blev</wf>
         <wf lemma="Hitchinson" pos="X">Hitchinson</wf>
         <wf lemma="genkendt" pos="X">genkendt</wf>
         <wf lemma="af" pos="X">af</wf>
         <wf lemma="to" pos="X">to</wf>
         <instance id="d000.s201.t000" lemma="kriminalbetjent" pos="NOUN">kriminalbetjente</instance>
         <wf lemma="og" pos="X">og</wf>
         <wf lemma="anholdt" pos="X">anholdt</wf>
         <wf lemma="på" pos="X">på</wf>
         <wf lemma="gaden" pos="X">gaden</wf>
         <wf lemma="." pos="X">.</wf>
      </sentence>
      <sentence id="d000.s202" source="wordnet-danish">
         <wf lemma="Selv" pos="X">Selv</wf>
         <wf lemma="om" pos="X">om</wf>
         <wf lemma="manden" pos="X">manden</wf>
         <wf lemma="talte" pos="X">talte</wf>
         <instance id="d000.s202.t000" lemma="perfekt" pos="ADJ">perfekt</instance>
         <wf lemma="engelsk" pos="X">engelsk</wf>
         <wf lemma="," pos="X">,</wf>
         <wf lemma="mente" pos="X">mente</wf>
         <wf lemma="politiet" pos="X">politiet</wf>
         <wf lemma="," pos="X">,</wf>
         <wf lemma="at" pos="X">at</wf>
         <wf lemma="han" pos="X">han</wf>
         <wf lemma="var" pos="X">var</wf>
         <wf lemma="dansk" pos="X">dansk</wf>
         <wf lemma="statsborger" pos="X">statsborger</wf>
         <wf lemma="." pos="X">.</wf>
      </sentence>
      <sentence id="d000.s203" source="wordnet-danish">
         <wf lemma="man" pos="X">man</wf>
         <wf lemma="rækker" pos="X">rækker</wf>
         <wf lemma="en" pos="X">en</wf>
         <instance id="d000.s203.t000" lemma="finger" pos="NOUN">finger</instance>
         <wf lemma="i" pos="X">i</wf>
         <wf lemma="vejret" pos="X">vejret</wf>
         <wf lemma="," pos="X">,</wf>
         <wf lemma="når" pos="X">når</wf>
         <wf lemma="man" pos="X">man</wf>
         <wf lemma="vil" pos="X">vil</wf>
         <wf lemma="stille" pos="X">stille</wf>
         <wf lemma="spørgsmål" pos="X">spørgsmål</wf>
         <wf lemma="." pos="X">.</wf>
      </sentence>
      <sentence id="d000.s204" source="wordnet-danish">
         <wf lemma="Justitsministeriet" pos="X">Justitsministeriet</wf>
         <wf lemma="behandler" pos="X">behandler</wf>
         <wf lemma="i" pos="X">i</wf>
         <wf lemma="øjeblikket" pos="X">øjeblikket</wf>
         <wf lemma="Georges'" pos="X">Georges'</wf>
         <wf lemma="ansøgning" pos="X">ansøgning</wf>
         <wf lemma="om" pos="X">om</wf>
         <wf lemma="asyl" pos="X">asyl</wf>
         <wf lemma="af" pos="X">af</wf>
         <wf lemma="humanitære" pos="X">humanitære</wf>
         <instance id="d000.s204.t000" lemma="årsag" pos="NOUN">årsager</instance>
         <wf lemma="." pos="X">.</wf>
      </sentence>
      <sentence id="d000.s205" source="wordnet-danish">
         <wf lemma="et" pos="X">et</wf>
         <wf lemma="flertal" pos="X">flertal</wf>
         <wf lemma="af" pos="X">af</wf>
         <wf lemma="kvinderne" pos="X">kvinderne</wf>
         <wf lemma="betragter" pos="X">betragter</wf>
         <wf lemma="stadig" pos="X">stadig</wf>
         <wf lemma="mandens" pos="X">mandens</wf>
         <instance id="d000.s205.t000" lemma="karriere" pos="NOUN">karriere</instance>
         <wf lemma="som" pos="X">som</wf>
         <wf lemma="den" pos="X">den</wf>
         <wf lemma="vigtigste" pos="X">vigtigste</wf>
         <wf lemma="." pos="X">.</wf>
      </sentence>
      <sentence id="d000.s206" source="wordnet-danish">
         <wf lemma="På" pos="X">På</wf>
         <instance id="d000.s206.t000" lemma="alter" pos="NOUN">alteret</instance>
         <wf lemma="måtte" pos="X">måtte</wf>
         <wf lemma="alle" pos="X">alle</wf>
         <wf lemma="som" pos="X">som</wf>
         <wf lemma="søgte" pos="X">søgte</wf>
         <wf lemma="oraklet" pos="X">oraklet</wf>
         <wf lemma="[" pos="X">[</wf>
         <wf lemma=":" pos="X">:</wf>
         <wf lemma="i" pos="X">i</wf>
         <wf lemma="Delfi]" pos="X">Delfi]</wf>
         <wf lemma="bringe" pos="X">bringe</wf>
         <wf lemma="et" pos="X">et</wf>
         <wf lemma="offer" pos="X">offer</wf>
         <wf lemma="," pos="X">,</wf>
         <wf lemma="inden" pos="X">inden</wf>
         <wf lemma="de" pos="X">de</wf>
         <wf lemma="gik" pos="X">gik</wf>
         <wf lemma="ind" pos="X">ind</wf>
         <wf lemma="i" pos="X">i</wf>
         <wf lemma="templet" pos="X">templet</wf>
         <wf lemma="." pos="X">.</wf>
      </sentence>
      <sentence id="d000.s207" source="wordnet-danish">
         <wf lemma="Når" pos="X">Når</wf>
         <wf lemma="vi" pos="X">vi</wf>
         <wf lemma="taler" pos="X">taler</wf>
         <wf lemma="om" pos="X">om</wf>
         <wf lemma="forskning" pos="X">forskning</wf>
         <wf lemma="," pos="X">,</wf>
         <wf lemma="er" pos="X">er</wf>
         <wf lemma="det" pos="X">det</wf>
         <wf lemma="vigtigt" pos="X">vigtigt</wf>
         <wf lemma="at" pos="X">at</wf>
         <wf lemma="gøre" pos="X">gøre</wf>
         <wf lemma="sig" pos="X">sig</wf>
         <wf lemma="klart" pos="X">klart</wf>
         <wf lemma="," pos="X">,</wf>
         <wf lemma="at" pos="X">at</wf>
         <instance id="d000.s207.t000" lemma="ord" pos="NOUN">ordet</instance>
         <wf lemma="dækker" pos="X">dækker</wf>
         <wf lemma="over" pos="X">over</wf>
         <wf lemma="meget" pos="X">meget</wf>
         <wf lemma="forskelligartede" pos="X">forskelligartede</wf>
         <wf lemma="aktiviteter" pos="X">aktiviteter</wf>
         <wf lemma="." pos="X">.</wf>
      </sentence>
      <sentence id="d000.s208" source="wordnet-danish">
         <wf lemma="1." pos="X">1.</wf>
         <wf lemma="sal" pos="X">sal</wf>
         <wf lemma="indeholder" pos="X">indeholder</wf>
         <wf lemma=":" pos="X">:</wf>
         <wf lemma="To" pos="X">To</wf>
         <wf lemma="værelser" pos="X">værelser</wf>
         <wf lemma="," pos="X">,</wf>
         <wf lemma="badeværelse" pos="X">badeværelse</wf>
         <wf lemma="med" pos="X">med</wf>
         <wf lemma="bruseniche" pos="X">bruseniche</wf>
         <wf lemma="samt" pos="X">samt</wf>
         <instance id="d000.s208.t000" lemma="soveværelse" pos="NOUN">soveværelse</instance>
         <wf lemma="med" pos="X">med</wf>
         <wf lemma="fransk" pos="X">fransk</wf>
         <wf lemma="altan" pos="X">altan</wf>
         <wf lemma="." pos="X">.</wf>
      </sentence>
      <sentence id="d000.s209" source="wordnet-danish">
         <wf lemma="Dørmåtterne" pos="X">Dørmåtterne</wf>
         <wf lemma="blev" pos="X">blev</wf>
         <wf lemma="bundtet" pos="X">bundtet</wf>
         <wf lemma="sammen" pos="X">sammen</wf>
         <wf lemma="til" pos="X">til</wf>
         <wf lemma="et" pos="X">et</wf>
         <instance id="d000.s209.t000" lemma="dusin" pos="NOUN">dusin</instance>
         <wf lemma="og" pos="X">og</wf>
         <wf lemma="solgt" pos="X">solgt</wf>
         <wf lemma="for" pos="X">for</wf>
         <wf lemma="1" pos="X">1</wf>
         <wf lemma="Mark" pos="X">Mark</wf>
         <wf lemma="--" pos="X">--</wf>
         <wf lemma="pr." pos="X">pr.</wf>
         <wf lemma="dusin" pos="X">dusin</wf>
         <wf lemma="!" pos="X">!</wf>
      </sentence>
      <sentence id="d000.s210" source="wordnet-danish">
         <wf lemma="de" pos="X">de</wf>
         <wf lemma="rullede" pos="X">rullede</wf>
         <wf lemma="rundt" pos="X">rundt</wf>
         <wf lemma="i" pos="X">i</wf>
         <wf lemma="græsset" pos="X">græsset</wf>
         <wf lemma="og" pos="X">og</wf>
         <wf lemma="holdt" pos="X">holdt</wf>
         <wf lemma="sig" pos="X">sig</wf>
         <wf lemma="på" pos="X">på</wf>
         <instance id="d000.s210.t000" lemma="mave" pos="NOUN">maven</instance>
         <wf lemma="overvældet" pos="X">overvældet</wf>
         <wf lemma="af" pos="X">af</wf>
         <wf lemma="det" pos="X">det</wf>
         <wf lemma="ene" pos="X">ene</wf>
         <wf lemma="latteranfald" pos="X">latteranfald</wf>
         <wf lemma="efter" pos="X">efter</wf>
         <wf lemma="det" pos="X">det</wf>
         <wf lemma="andet" pos="X">andet</wf>
         <wf lemma="." pos="X">.</wf>
      </sentence>
      <sentence id="d000.s211" source="wordnet-danish">
         <wf lemma="Vibeke" pos="X">Vibeke</wf>
         <wf lemma="er" pos="X">er</wf>
         <wf lemma="i" pos="X">i</wf>
         <instance id="d000.s211.t000" lemma="sort" pos="ADJ">sort</instance>
         <wf lemma="bodystocking" pos="X">bodystocking</wf>
         <wf lemma="og" pos="X">og</wf>
         <wf lemma="sorte" pos="X">sorte</wf>
         <wf lemma="jeans" pos="X">jeans</wf>
         <wf lemma="." pos="X">.</wf>
      </sentence>
      <sentence id="d000.s212" source="wordnet-danish">
         <wf lemma="hans" pos="X">hans</wf>
         <wf lemma="dirrende" pos="X">dirrende</wf>
         <wf lemma="stemme" pos="X">stemme</wf>
         <wf lemma="røbede" pos="X">røbede</wf>
         <wf lemma="hans" pos="X">hans</wf>
         <wf lemma="stærke" pos="X">stærke</wf>
         <instance id="d000.s212.t000" lemma="sindsbevægelse" pos="NOUN">sindsbevægelse</instance>
         <wf lemma="." pos="X">.</wf>
      </sentence>
      <sentence id="d000.s213" source="wordnet-danish">
         <wf lemma="der" pos="X">der</wf>
         <wf lemma="kom" pos="X">kom</wf>
         <wf lemma="en" pos="X">en</wf>
         <wf lemma="rigtig" pos="X">rigtig</wf>
         <wf lemma="flot" pos="X">flot</wf>
         <wf lemma="stor" pos="X">stor</wf>
         <wf lemma="peberbøf" pos="X">peberbøf</wf>
         <wf lemma=".." pos="X">..</wf>
         <wf lemma="og" pos="X">og</wf>
         <wf lemma="så" pos="X">så</wf>
         <wf lemma=".." pos="X">..</wf>
         <wf lemma="fik" pos="X">fik</wf>
         <wf lemma="vi" pos="X">vi</wf>
         <wf lemma="is" pos="X">is</wf>
         <wf lemma="til" pos="X">til</wf>
         <instance id="d000.s213.t000" lemma="efterret" pos="NOUN">efterret</instance>
         <wf lemma="." pos="X">.</wf>
      </sentence>
      <sentence id="d000.s214" source="wordnet-danish">
         <wf lemma="Liljekonval" pos="X">Liljekonval</wf>
         <wf lemma="er" pos="X">er</wf>
         <wf lemma="forsommerens" pos="X">forsommerens</wf>
         <wf lemma="smukkeste" pos="X">smukkeste</wf>
         <wf lemma="vilde" pos="X">vilde</wf>
         <instance id="d000.s214.t000" lemma="blomst" pos="NOUN">blomst</instance>
         <wf lemma="." pos="X">.</wf>
      </sentence>
      <sentence id="d000.s215" source="wordnet-danish">
         <wf lemma="John" pos="X">John</wf>
         <wf lemma="Mogensens" pos="X">Mogensens</wf>
         <instance id="d000.s215.t000" lemma="ligefrem" pos="ADJ">ligefremme</instance>
         <wf lemma="," pos="X">,</wf>
         <wf lemma="men" pos="X">men</wf>
         <wf lemma="af" pos="X">af</wf>
         <wf lemma="og" pos="X">og</wf>
         <wf lemma="til" pos="X">til</wf>
         <wf lemma="lidt" pos="X">lidt</wf>
         <wf lemma="for" pos="X">for</wf>
         <wf lemma="naive" pos="X">naive</wf>
         <wf lemma="sange" pos="X">sange</wf>
         <wf lemma="blev" pos="X">blev</wf>
         <wf lemma="solgt" pos="X">solgt</wf>
         <wf lemma="i" pos="X">i</wf>
         <wf lemma="stort" pos="X">stort</wf>
         <wf lemma="tal" pos="X">tal</wf>
         <wf lemma="." pos="X">.</wf>
      </sentence>
      <sentence id="d000.s216" source="wordnet-danish">
         <wf lemma="Han" pos="X">Han</wf>
         <wf lemma="er" pos="X">er</wf>
         <wf lemma="den" pos="X">den</wf>
         <wf lemma="lykkelige" pos="X">lykkelige</wf>
         <wf lemma="ejer" pos="X">ejer</wf>
         <wf lemma="af" pos="X">af</wf>
         <wf lemma="en" pos="X">en</wf>
         <wf lemma="15" pos="X">15</wf>
         <instance id="d000.s216.t000" lemma="fod" pos="NOUN">fods</instance>
         <wf lemma="jolle" pos="X">jolle</wf>
         <wf lemma="." pos="X">.</wf>
      </sentence>
      <sentence id="d000.s217" source="wordnet-danish">
         <wf lemma="Hun" pos="X">Hun</wf>
         <instance id="d000.s217.t000" lemma="lugte" pos="VERB">lugtede</instance>
         <wf lemma="af" pos="X">af</wf>
         <wf lemma="armsved" pos="X">armsved</wf>
         <wf lemma="og" pos="X">og</wf>
         <wf lemma="rakte" pos="X">rakte</wf>
         <wf lemma="op" pos="X">op</wf>
         <wf lemma="efter" pos="X">efter</wf>
         <wf lemma="deodoranten" pos="X">deodoranten</wf>
         <wf lemma="." pos="X">.</wf>
      </sentence>
      <sentence id="d000.s218" source="wordnet-danish">
         <wf lemma="Det" pos="X">Det</wf>
         <wf lemma="er" pos="X">er</wf>
         <wf lemma="vælgerbedrag" pos="X">vælgerbedrag</wf>
         <wf lemma="at" pos="X">at</wf>
         <instance id="d000.s218.t000" lemma="påstå" pos="VERB">påstå</instance>
         <wf lemma="," pos="X">,</wf>
         <wf lemma="at" pos="X">at</wf>
         <wf lemma="Danmark" pos="X">Danmark</wf>
         <wf lemma="har" pos="X">har</wf>
         <wf lemma="råd" pos="X">råd</wf>
         <wf lemma="til" pos="X">til</wf>
         <wf lemma="at" pos="X">at</wf>
         <wf lemma="være" pos="X">være</wf>
         <wf lemma="en" pos="X">en</wf>
         <wf lemma="slags" pos="X">slags</wf>
         <wf lemma="socialkontor" pos="X">socialkontor</wf>
         <wf lemma="." pos="X">.</wf>
      </sentence>
      <sentence id="d000.s219" source="wordnet-danish">
         <wf lemma="Den" pos="X">Den</wf>
         <instance id="d000.s219.t000" lemma="grøn" pos="NOUN">grønne</instance>
         <wf lemma="turisme" pos="X">turisme</wf>
         <wf lemma="," pos="X">,</wf>
         <wf lemma="der" pos="X">der</wf>
         <wf lemma="især" pos="X">især</wf>
         <wf lemma="trives" pos="X">trives</wf>
         <wf lemma="i" pos="X">i</wf>
         <wf lemma="Europa" pos="X">Europa</wf>
         <wf lemma="," pos="X">,</wf>
         <wf lemma="har" pos="X">har</wf>
         <wf lemma="til" pos="X">til</wf>
         <wf lemma="formål" pos="X">formål</wf>
         <wf lemma="at" pos="X">at</wf>
         <wf lemma="bevare" pos="X">bevare</wf>
         <wf lemma="et" pos="X">et</wf>
         <wf lemma="områdes" pos="X">områdes</wf>
         <wf lemma="natur" pos="X">natur</wf>
         <wf lemma="og" pos="X">og</wf>
         <wf lemma="dyreliv" pos="X">dyreliv</wf>
         <wf lemma="." pos="X">.</wf>
      </sentence>
      <sentence id="d000.s220" source="wordnet-danish">
         <wf lemma="Fremtidig" pos="X">Fremtidig</wf>
         <wf lemma="bebyggelse" pos="X">bebyggelse</wf>
         <wf lemma="langs" pos="X">langs</wf>
         <wf lemma="Strandvejen" pos="X">Strandvejen</wf>
         <wf lemma="skal" pos="X">skal</wf>
         <wf lemma="laves" pos="X">laves</wf>
         <wf lemma="under" pos="X">under</wf>
         <instance id="d000.s220.t000" lemma="skyldig" pos="ADJ">skyldig</instance>
         <wf lemma="hensyntagen" pos="X">hensyntagen</wf>
         <wf lemma="til" pos="X">til</wf>
         <wf lemma="at" pos="X">at</wf>
         <wf lemma="området" pos="X">området</wf>
         <wf lemma="udgør" pos="X">udgør</wf>
         <wf lemma="en" pos="X">en</wf>
         <wf lemma="del" pos="X">del</wf>
         <wf lemma="af" pos="X">af</wf>
         <wf lemma="havnefronten" pos="X">havnefronten</wf>
         <wf lemma="." pos="X">.</wf>
      </sentence>
      <sentence id="d000.s221" source="wordnet-danish">
         <wf lemma="[jeg" pos="X">[jeg</wf>
         <wf lemma="]" pos="X">]</wf>
         <wf lemma="så" pos="X">så</wf>
         <wf lemma="for" pos="X">for</wf>
         <wf lemma="mig" pos="X">mig</wf>
         <wf lemma="en" pos="X">en</wf>
         <wf lemma="række" pos="X">række</wf>
         <wf lemma="lærde" pos="X">lærde</wf>
         <wf lemma="," pos="X">,</wf>
         <wf lemma="ophøjede" pos="X">ophøjede</wf>
         <wf lemma="åndspersoner" pos="X">åndspersoner</wf>
         <wf lemma="," pos="X">,</wf>
         <wf lemma="der" pos="X">der</wf>
         <wf lemma="vadede" pos="X">vadede</wf>
         <wf lemma="rundt" pos="X">rundt</wf>
         <wf lemma="med" pos="X">med</wf>
         <wf lemma="tunge" pos="X">tunge</wf>
         <wf lemma="bøger" pos="X">bøger</wf>
         <wf lemma="under" pos="X">under</wf>
         <wf lemma="armene" pos="X">armene</wf>
         <wf lemma="og" pos="X">og</wf>
         <instance id="d000.s221.t000" lemma="disputere" pos="VERB">disputerede</instance>
         <wf lemma="." pos="X">.</wf>
      </sentence>
      <sentence id="d000.s222" source="wordnet-danish">
         <wf lemma="Vejen" pos="X">Vejen</wf>
         <wf lemma="[" pos="X">[</wf>
         <wf lemma=":" pos="X">:</wf>
         <wf lemma="til" pos="X">til</wf>
         <wf lemma="Mandø]" pos="X">Mandø]</wf>
         <wf lemma="er" pos="X">er</wf>
         <wf lemma="kun" pos="X">kun</wf>
         <wf lemma="farbar" pos="X">farbar</wf>
         <wf lemma="nogle" pos="X">nogle</wf>
         <wf lemma="få" pos="X">få</wf>
         <wf lemma="timer" pos="X">timer</wf>
         <wf lemma="i" pos="X">i</wf>
         <wf lemma="døgnet" pos="X">døgnet</wf>
         <wf lemma="inden" pos="X">inden</wf>
         <instance id="d000.s222.t000" lemma="tidevand" pos="NOUN">tidevandet</instance>
         <wf lemma="igen" pos="X">igen</wf>
         <wf lemma="lukker" pos="X">lukker</wf>
         <wf lemma="sig" pos="X">sig</wf>
         <wf lemma="hen" pos="X">hen</wf>
         <wf lemma="over" pos="X">over</wf>
         <wf lemma="den" pos="X">den</wf>
         <wf lemma="." pos="X">.</wf>
      </sentence>
      <sentence id="d000.s223" source="wordnet-danish">
         <wf lemma="Flagstangen" pos="X">Flagstangen</wf>
         <wf lemma="gøres" pos="X">gøres</wf>
         <wf lemma="fast" pos="X">fast</wf>
         <wf lemma="til" pos="X">til</wf>
         <wf lemma="fundamentet" pos="X">fundamentet</wf>
         <wf lemma="med" pos="X">med</wf>
         <wf lemma="to" pos="X">to</wf>
         <wf lemma="gennemgående" pos="X">gennemgående</wf>
         <wf lemma="bolte" pos="X">bolte</wf>
         <wf lemma="med" pos="X">med</wf>
         <instance id="d000.s223.t000" lemma="skive" pos="NOUN">skiver</instance>
         <wf lemma="10" pos="X">10</wf>
         <wf lemma="cm" pos="X">cm</wf>
         <wf lemma="fra" pos="X">fra</wf>
         <wf lemma="under-" pos="X">under-</wf>
         <wf lemma="og" pos="X">og</wf>
         <wf lemma="overkant" pos="X">overkant</wf>
         <wf lemma="." pos="X">.</wf>
      </sentence>
      <sentence id="d000.s224" source="wordnet-danish">
         <wf lemma="Overalt" pos="X">Overalt</wf>
         <wf lemma="i" pos="X">i</wf>
         <wf lemma="Danmark" pos="X">Danmark</wf>
         <wf lemma="var" pos="X">var</wf>
         <wf lemma="der" pos="X">der</wf>
         <instance id="d000.s224.t000" lemma="spontan" pos="ADJ">spontan</instance>
         <wf lemma="jubel" pos="X">jubel</wf>
         <wf lemma="og" pos="X">og</wf>
         <wf lemma="fest." pos="X">fest.</wf>
      </sentence>
      <sentence id="d000.s225" source="wordnet-danish">
         <wf lemma="Køkkenrullepapir" pos="X">Køkkenrullepapir</wf>
         <wf lemma="må" pos="X">må</wf>
         <wf lemma="ikke" pos="X">ikke</wf>
         <wf lemma="skylles" pos="X">skylles</wf>
         <wf lemma="ud" pos="X">ud</wf>
         <wf lemma="i" pos="X">i</wf>
         <wf lemma="toilettet" pos="X">toilettet</wf>
         <wf lemma="," pos="X">,</wf>
         <wf lemma="da" pos="X">da</wf>
         <wf lemma="det" pos="X">det</wf>
         <wf lemma="oliefyldte" pos="X">oliefyldte</wf>
         <wf lemma="papir" pos="X">papir</wf>
         <wf lemma="kan" pos="X">kan</wf>
         <instance id="d000.s225.t000" lemma="stoppe" pos="VERB">stoppe</instance>
         <wf lemma="afløbet" pos="X">afløbet</wf>
         <wf lemma="." pos="X">.</wf>
      </sentence>
      <sentence id="d000.s226" source="wordnet-danish">
         <wf lemma="selv" pos="X">selv</wf>
         <wf lemma="et" pos="X">et</wf>
         <wf lemma="mindre" pos="X">mindre</wf>
         <wf lemma="politisk" pos="X">politisk</wf>
         <wf lemma="talent" pos="X">talent</wf>
         <wf lemma="kan" pos="X">kan</wf>
         <wf lemma="--" pos="X">--</wf>
         <wf lemma="parret" pos="X">parret</wf>
         <wf lemma="med" pos="X">med</wf>
         <wf lemma="flid" pos="X">flid</wf>
         <wf lemma="," pos="X">,</wf>
         <instance id="d000.s226.t000" lemma="dygtighed" pos="NOUN">dygtighed</instance>
         <wf lemma="og" pos="X">og</wf>
         <wf lemma="idealisme" pos="X">idealisme</wf>
         <wf lemma="--" pos="X">--</wf>
         <wf lemma="give" pos="X">give</wf>
         <wf lemma="en" pos="X">en</wf>
         <wf lemma="udmærket" pos="X">udmærket</wf>
         <wf lemma="politiker" pos="X">politiker</wf>
         <wf lemma="." pos="X">.</wf>
      </sentence>
      <sentence id="d000.s227" source="wordnet-danish">
         <wf lemma="Inde" pos="X">Inde</wf>
         <wf lemma="i" pos="X">i</wf>
         <wf lemma="Jordens" pos="X">Jordens</wf>
         <instance id="d000.s227.t000" lemma="kerne" pos="NOUN">kerne</instance>
         <wf lemma="er" pos="X">er</wf>
         <wf lemma="der" pos="X">der</wf>
         <wf lemma="mest" pos="X">mest</wf>
         <wf lemma="jern" pos="X">jern</wf>
         <wf lemma="og" pos="X">og</wf>
         <wf lemma="nikkel" pos="X">nikkel</wf>
         <wf lemma="," pos="X">,</wf>
         <wf lemma="til" pos="X">til</wf>
         <wf lemma="dels" pos="X">dels</wf>
         <wf lemma="i" pos="X">i</wf>
         <wf lemma="flydende" pos="X">flydende</wf>
         <wf lemma="form" pos="X">form</wf>
         <wf lemma="." pos="X">.</wf>
      </sentence>
      <sentence id="d000.s228" source="wordnet-danish">
         <wf lemma="Som" pos="X">Som</wf>
         <wf lemma="enhver" pos="X">enhver</wf>
         <instance id="d000.s228.t000" lemma="dreng" pos="NOUN">dreng</instance>
         <wf lemma="opfatter" pos="X">opfatter</wf>
         <wf lemma="Thomas" pos="X">Thomas</wf>
         <wf lemma="sin" pos="X">sin</wf>
         <wf lemma="far" pos="X">far</wf>
         <wf lemma="som" pos="X">som</wf>
         <wf lemma="sin" pos="X">sin</wf>
         <wf lemma="rettesnor" pos="X">rettesnor</wf>
         <wf lemma="." pos="X">.</wf>
      </sentence>
      <sentence id="d000.s229" source="wordnet-danish">
         <wf lemma="At" pos="X">At</wf>
         <wf lemma="blive" pos="X">blive</wf>
         <wf lemma="skilt" pos="X">skilt</wf>
         <wf lemma="i" pos="X">i</wf>
         <wf lemma="min" pos="X">min</wf>
         <instance id="d000.s229.t000" lemma="alder" pos="NOUN">alder</instance>
         <wf lemma="er" pos="X">er</wf>
         <wf lemma="ikke" pos="X">ikke</wf>
         <wf lemma="at" pos="X">at</wf>
         <wf lemma="blive" pos="X">blive</wf>
         <wf lemma="ensom" pos="X">ensom</wf>
         <wf lemma="." pos="X">.</wf>
         <wf lemma="Jeg" pos="X">Jeg</wf>
         <wf lemma="har" pos="X">har</wf>
         <wf lemma="mange" pos="X">mange</wf>
         <wf lemma="ægte" pos="X">ægte</wf>
         <wf lemma="venner" pos="X">venner</wf>
         <wf lemma="." pos="X">.</wf>
      </sentence>
      <sentence id="d000.s230" source="wordnet-danish">
         <wf lemma="Askur" pos="X">Askur</wf>
         <wf lemma="og" pos="X">og</wf>
         <wf lemma="Embla" pos="X">Embla</wf>
         <wf lemma="skal" pos="X">skal</wf>
         <wf lemma="med" pos="X">med</wf>
         <wf lemma="alle" pos="X">alle</wf>
         <wf lemma="midler" pos="X">midler</wf>
         <wf lemma="tvinges" pos="X">tvinges</wf>
         <wf lemma="til" pos="X">til</wf>
         <wf lemma="at" pos="X">at</wf>
         <instance id="d000.s230.t000" lemma="forråde" pos="VERB">forråde</instance>
         <wf lemma="deres" pos="X">deres</wf>
         <wf lemma="traditioner" pos="X">traditioner</wf>
         <wf lemma="," pos="X">,</wf>
         <wf lemma="deres" pos="X">deres</wf>
         <wf lemma="tro" pos="X">tro</wf>
         <wf lemma="og" pos="X">og</wf>
         <wf lemma="deres" pos="X">deres</wf>
         <wf lemma="kærlighed" pos="X">kærlighed</wf>
         <wf lemma="." pos="X">.</wf>
      </sentence>
      <sentence id="d000.s231" source="wordnet-danish">
         <wf lemma="Aftenen" pos="X">Aftenen</wf>
         <wf lemma="forløb" pos="X">forløb</wf>
         <wf lemma="med" pos="X">med</wf>
         <wf lemma="spisning" pos="X">spisning</wf>
         <wf lemma="," pos="X">,</wf>
         <wf lemma="derefter" pos="X">derefter</wf>
         <wf lemma="kaffe" pos="X">kaffe</wf>
         <wf lemma="og" pos="X">og</wf>
         <wf lemma="så" pos="X">så</wf>
         <wf lemma="startede" pos="X">startede</wf>
         <wf lemma="det" pos="X">det</wf>
         <wf lemma="store" pos="X">store</wf>
         <instance id="d000.s231.t000" lemma="indtag" pos="NOUN">indtag</instance>
         <wf lemma="af" pos="X">af</wf>
         <wf lemma="spiritus" pos="X">spiritus</wf>
         <wf lemma="mens" pos="X">mens</wf>
         <wf lemma="musikken" pos="X">musikken</wf>
         <wf lemma="spillede" pos="X">spillede</wf>
         <wf lemma="op" pos="X">op</wf>
         <wf lemma="til" pos="X">til</wf>
         <wf lemma="dans" pos="X">dans</wf>
         <wf lemma="." pos="X">.</wf>
      </sentence>
      <sentence id="d000.s232" source="wordnet-danish">
         <wf lemma="jeg" pos="X">jeg</wf>
         <wf lemma="forestillede" pos="X">forestillede</wf>
         <wf lemma="mig" pos="X">mig</wf>
         <wf lemma="," pos="X">,</wf>
         <wf lemma="hvordan" pos="X">hvordan</wf>
         <wf lemma="jeg" pos="X">jeg</wf>
         <wf lemma="ville" pos="X">ville</wf>
         <wf lemma="komme" pos="X">komme</wf>
         <wf lemma="slentrende" pos="X">slentrende</wf>
         <wf lemma="ind" pos="X">ind</wf>
         <wf lemma="i" pos="X">i</wf>
         <wf lemma="bagerbutikken" pos="X">bagerbutikken</wf>
         <wf lemma="," pos="X">,</wf>
         <wf lemma="rolig" pos="X">rolig</wf>
         <wf lemma="og" pos="X">og</wf>
         <instance id="d000.s232.t000" lemma="selvsikker" pos="ADJ">selvsikker</instance>
         <wf lemma="." pos="X">.</wf>
         <wf lemma="'" pos="X">'</wf>
         <wf lemma="Okay" pos="X">Okay</wf>
         <wf lemma="," pos="X">,</wf>
         <wf lemma="skat" pos="X">skat</wf>
         <wf lemma="," pos="X">,</wf>
         <wf lemma="din" pos="X">din</wf>
         <wf lemma="drømmeprins" pos="X">drømmeprins</wf>
         <wf lemma="er" pos="X">er</wf>
         <wf lemma="kommet" pos="X">kommet</wf>
         <wf lemma="!" pos="X">!</wf>
         <wf lemma="'." pos="X">'.</wf>
      </sentence>
      <sentence id="d000.s233" source="wordnet-danish">
         <wf lemma="Gennemsigtige" pos="X">Gennemsigtige</wf>
         <wf lemma="toppe" pos="X">toppe</wf>
         <wf lemma="og" pos="X">og</wf>
         <wf lemma="undertøj" pos="X">undertøj</wf>
         <wf lemma="til" pos="X">til</wf>
         <wf lemma="kvinderne" pos="X">kvinderne</wf>
         <wf lemma="er" pos="X">er</wf>
         <wf lemma="virkelig" pos="X">virkelig</wf>
         <wf lemma="blevet" pos="X">blevet</wf>
         <instance id="d000.s233.t000" lemma="moderne" pos="ADJ">moderne</instance>
         <wf lemma="." pos="X">.</wf>
      </sentence>
      <sentence id="d000.s234" source="wordnet-danish">
         <wf lemma="Lærerne" pos="X">Lærerne</wf>
         <wf lemma="havde" pos="X">havde</wf>
         <wf lemma="ret" pos="X">ret</wf>
         <wf lemma="til" pos="X">til</wf>
         <wf lemma="at" pos="X">at</wf>
         <instance id="d000.s234.t000" lemma="straffe" pos="VERB">straffe</instance>
         <wf lemma="børn" pos="X">børn</wf>
         <wf lemma="under" pos="X">under</wf>
         <wf lemma="10" pos="X">10</wf>
         <wf lemma="år" pos="X">år</wf>
         <wf lemma="," pos="X">,</wf>
         <wf lemma="med" pos="X">med</wf>
         <wf lemma="et" pos="X">et</wf>
         <wf lemma="lille" pos="X">lille</wf>
         <wf lemma="ris" pos="X">ris</wf>
         <wf lemma="." pos="X">.</wf>
         <wf lemma="Til" pos="X">Til</wf>
         <wf lemma="større" pos="X">større</wf>
         <wf lemma="børn" pos="X">børn</wf>
         <wf lemma="brugte" pos="X">brugte</wf>
         <wf lemma="man" pos="X">man</wf>
         <wf lemma="en" pos="X">en</wf>
         <wf lemma="tynd" pos="X">tynd</wf>
         <wf lemma="tamp" pos="X">tamp</wf>
         <wf lemma="uden" pos="X">uden</wf>
         <wf lemma="knuder" pos="X">knuder</wf>
         <wf lemma="." pos="X">.</wf>
      </sentence>
      <sentence id="d000.s235" source="wordnet-danish">
         <wf lemma="Det" pos="X">Det</wf>
         <wf lemma="var" pos="X">var</wf>
         <wf lemma="godt" pos="X">godt</wf>
         <wf lemma="koldt" pos="X">koldt</wf>
         <wf lemma="," pos="X">,</wf>
         <wf lemma="og" pos="X">og</wf>
         <wf lemma="der" pos="X">der</wf>
         <wf lemma="var" pos="X">var</wf>
         <wf lemma=".." pos="X">..</wf>
         <wf lemma="ingen" pos="X">ingen</wf>
         <wf lemma="blade" pos="X">blade</wf>
         <wf lemma="på" pos="X">på</wf>
         <instance id="d000.s235.t000" lemma="træ" pos="NOUN">træerne</instance>
         <wf lemma="." pos="X">.</wf>
      </sentence>
      <sentence id="d000.s236" source="wordnet-danish">
         <wf lemma="Tag" pos="X">Tag</wf>
         <wf lemma="en" pos="X">en</wf>
         <wf lemma="tur" pos="X">tur</wf>
         <wf lemma="til" pos="X">til</wf>
         <wf lemma="Skarø" pos="X">Skarø</wf>
         <wf lemma="og" pos="X">og</wf>
         <wf lemma="oplev" pos="X">oplev</wf>
         <wf lemma="en" pos="X">en</wf>
         <wf lemma="lille" pos="X">lille</wf>
         <instance id="d000.s236.t000" lemma="ø" pos="NOUN">ø</instance>
         <wf lemma="" pos="X"></wf>
         <wf lemma="en" pos="X">en</wf>
         <wf lemma="speciel" pos="X">speciel</wf>
         <wf lemma="kultur" pos="X">kultur</wf>
         <wf lemma="i" pos="X">i</wf>
         <wf lemma="en" pos="X">en</wf>
         <wf lemma="enestående" pos="X">enestående</wf>
         <wf lemma="natur" pos="X">natur</wf>
         <wf lemma="." pos="X">.</wf>
      </sentence>
      <sentence id="d000.s237" source="wordnet-danish">
         <wf lemma="Længere" pos="X">Længere</wf>
         <wf lemma="tids" pos="X">tids</wf>
         <wf lemma="overdosering" pos="X">overdosering</wf>
         <wf lemma="med" pos="X">med</wf>
         <wf lemma="jerntilskud" pos="X">jerntilskud</wf>
         <wf lemma="kan" pos="X">kan</wf>
         <wf lemma="føre" pos="X">føre</wf>
         <wf lemma="til" pos="X">til</wf>
         <instance id="d000.s237.t000" lemma="aflejring" pos="NOUN">aflejring</instance>
         <wf lemma="af" pos="X">af</wf>
         <wf lemma="jern" pos="X">jern</wf>
         <wf lemma="i" pos="X">i</wf>
         <wf lemma="vævene" pos="X">vævene</wf>
         <wf lemma="." pos="X">.</wf>
      </sentence>
      <sentence id="d000.s238" source="wordnet-danish">
         <wf lemma="en" pos="X">en</wf>
         <wf lemma="ægtefælle" pos="X">ægtefælle</wf>
         <wf lemma="skal" pos="X">skal</wf>
         <wf lemma="udøve" pos="X">udøve</wf>
         <wf lemma="en" pos="X">en</wf>
         <wf lemma="væsentlig" pos="X">væsentlig</wf>
         <wf lemma="arbejdsindsats" pos="X">arbejdsindsats</wf>
         <wf lemma="i" pos="X">i</wf>
         <wf lemma="virksomheden" pos="X">virksomheden</wf>
         <wf lemma="for" pos="X">for</wf>
         <wf lemma="at" pos="X">at</wf>
         <wf lemma="opnå" pos="X">opnå</wf>
         <instance id="d000.s238.t000" lemma="status" pos="NOUN">status</instance>
         <wf lemma="som" pos="X">som</wf>
         <wf lemma="medarbejdende" pos="X">medarbejdende</wf>
         <wf lemma="ægtefælle" pos="X">ægtefælle</wf>
         <wf lemma="efter" pos="X">efter</wf>
         <wf lemma="kildeskattelovens" pos="X">kildeskattelovens</wf>
         <wf lemma="regler" pos="X">regler</wf>
         <wf lemma="." pos="X">.</wf>
      </sentence>
      <sentence id="d000.s239" source="wordnet-danish">
         <wf lemma="Den" pos="X">Den</wf>
         <wf lemma="mest" pos="X">mest</wf>
         <wf lemma="præcise" pos="X">præcise</wf>
         <wf lemma="afbøjning" pos="X">afbøjning</wf>
         <wf lemma="og" pos="X">og</wf>
         <wf lemma="dermed" pos="X">dermed</wf>
         <wf lemma="billeddannelse" pos="X">billeddannelse</wf>
         <wf lemma="vil" pos="X">vil</wf>
         <wf lemma="altid" pos="X">altid</wf>
         <wf lemma="ske" pos="X">ske</wf>
         <wf lemma="," pos="X">,</wf>
         <wf lemma="når" pos="X">når</wf>
         <wf lemma="lysbølgerne" pos="X">lysbølgerne</wf>
         <wf lemma="rammer" pos="X">rammer</wf>
         <wf lemma="de" pos="X">de</wf>
         <instance id="d000.s239.t000" lemma="central" pos="ADJ">centrale</instance>
         <wf lemma="dele" pos="X">dele</wf>
         <wf lemma="af" pos="X">af</wf>
         <wf lemma="linsen" pos="X">linsen</wf>
         <wf lemma="." pos="X">.</wf>
      </sentence>
      <sentence id="d000.s240" source="wordnet-danish">
         <wf lemma="Hvor" pos="X">Hvor</wf>
         <wf lemma="var" pos="X">var</wf>
         <wf lemma="det" pos="X">det</wf>
         <wf lemma="strengt" pos="X">strengt</wf>
         <wf lemma="at" pos="X">at</wf>
         <wf lemma="tænke" pos="X">tænke</wf>
         <wf lemma="på" pos="X">på</wf>
         <wf lemma="," pos="X">,</wf>
         <wf lemma="at" pos="X">at</wf>
         <wf lemma="han" pos="X">han</wf>
         <wf lemma="skulle" pos="X">skulle</wf>
         <wf lemma="rejse" pos="X">rejse</wf>
         <wf lemma="--" pos="X">--</wf>
         <wf lemma="nu" pos="X">nu</wf>
         <wf lemma="da" pos="X">da</wf>
         <wf lemma="de" pos="X">de</wf>
         <wf lemma="endelig" pos="X">endelig</wf>
         <wf lemma="havde" pos="X">havde</wf>
         <instance id="d000.s240.t000" lemma="møde" pos="VERB">mødt</instance>
         <wf lemma="hinanden" pos="X">hinanden</wf>
         <wf lemma="." pos="X">.</wf>
      </sentence>
      <sentence id="d000.s241" source="wordnet-danish">
         <wf lemma="København" pos="X">København</wf>
         <wf lemma="er" pos="X">er</wf>
         <wf lemma="en" pos="X">en</wf>
         <wf lemma="lilleputstad" pos="X">lilleputstad</wf>
         <instance id="d000.s241.t000" lemma="sammenligne" pos="VERB">sammenlignet</instance>
         <wf lemma="med" pos="X">med</wf>
         <wf lemma="Hamborg" pos="X">Hamborg</wf>
         <wf lemma="," pos="X">,</wf>
         <wf lemma="Berlin" pos="X">Berlin</wf>
         <wf lemma="og" pos="X">og</wf>
         <wf lemma="London" pos="X">London</wf>
         <wf lemma="." pos="X">.</wf>
      </sentence>
      <sentence id="d000.s242" source="wordnet-danish">
         <wf lemma="Otte" pos="X">Otte</wf>
         <instance id="d000.s242.t000" lemma="terrorist" pos="NOUN">terrorister</instance>
         <wf lemma="skød" pos="X">skød</wf>
         <wf lemma="brutalt" pos="X">brutalt</wf>
         <wf lemma="to" pos="X">to</wf>
         <wf lemma="betjente" pos="X">betjente</wf>
         <wf lemma="ihjel" pos="X">ihjel</wf>
         <wf lemma="og" pos="X">og</wf>
         <wf lemma="sårede" pos="X">sårede</wf>
         <wf lemma="en" pos="X">en</wf>
         <wf lemma="tredje" pos="X">tredje</wf>
         <wf lemma="." pos="X">.</wf>
      </sentence>
      <sentence id="d000.s243" source="wordnet-danish">
         <wf lemma="Det" pos="X">Det</wf>
         <wf lemma="erotiske" pos="X">erotiske</wf>
         <instance id="d000.s243.t000" lemma="instinkt" pos="NOUN">instinkt</instance>
         <wf lemma="er" pos="X">er</wf>
         <wf lemma="et" pos="X">et</wf>
         <wf lemma="af" pos="X">af</wf>
         <wf lemma="menneskets" pos="X">menneskets</wf>
         <wf lemma="stærkeste" pos="X">stærkeste</wf>
         <wf lemma="instinkter" pos="X">instinkter</wf>
         <wf lemma="." pos="X">.</wf>
      </sentence>
      <sentence id="d000.s244" source="wordnet-danish">
         <wf lemma="[jægerne]" pos="X">[jægerne]</wf>
         <wf lemma="blev" pos="X">blev</wf>
         <wf lemma="meget" pos="X">meget</wf>
         <wf lemma="," pos="X">,</wf>
         <wf lemma="meget" pos="X">meget</wf>
         <wf lemma="dygtige" pos="X">dygtige</wf>
         <wf lemma="til" pos="X">til</wf>
         <wf lemma="at" pos="X">at</wf>
         <instance id="d000.s244.t000" lemma="efterligne" pos="VERB">efterligne</instance>
         <wf lemma="kronhjortens" pos="X">kronhjortens</wf>
         <wf lemma="bevægelser" pos="X">bevægelser</wf>
         <wf lemma="," pos="X">,</wf>
         <wf lemma="og" pos="X">og</wf>
         <wf lemma="de" pos="X">de</wf>
         <wf lemma="kunne" pos="X">kunne</wf>
         <wf lemma="også" pos="X">også</wf>
         <wf lemma="efterligne" pos="X">efterligne</wf>
         <wf lemma="dens" pos="X">dens</wf>
         <wf lemma="lyde" pos="X">lyde</wf>
         <wf lemma="." pos="X">.</wf>
      </sentence>
      <sentence id="d000.s245" source="wordnet-danish">
         <wf lemma="jeg" pos="X">jeg</wf>
         <wf lemma="[så]" pos="X">[så]</wf>
         <wf lemma="en" pos="X">en</wf>
         <wf lemma="gammel" pos="X">gammel</wf>
         <wf lemma="dame" pos="X">dame</wf>
         <wf lemma="," pos="X">,</wf>
         <wf lemma="som" pos="X">som</wf>
         <wf lemma="gik" pos="X">gik</wf>
         <wf lemma="tur" pos="X">tur</wf>
         <wf lemma="med" pos="X">med</wf>
         <wf lemma="sin" pos="X">sin</wf>
         <wf lemma="lille" pos="X">lille</wf>
         <instance id="d000.s245.t000" lemma="vovse" pos="NOUN">vovse</instance>
         <wf lemma="." pos="X">.</wf>
      </sentence>
      <sentence id="d000.s246" source="wordnet-danish">
         <wf lemma="Det" pos="X">Det</wf>
         <wf lemma="er" pos="X">er</wf>
         <wf lemma="ikke" pos="X">ikke</wf>
         <instance id="d000.s246.t000" lemma="tillade" pos="VERB">tilladt</instance>
         <wf lemma="at" pos="X">at</wf>
         <wf lemma="anbringe" pos="X">anbringe</wf>
         <wf lemma="cykler" pos="X">cykler</wf>
         <wf lemma="op" pos="X">op</wf>
         <wf lemma="ad" pos="X">ad</wf>
         <wf lemma="husmuren" pos="X">husmuren</wf>
         <wf lemma="." pos="X">.</wf>
         <wf lemma="Det" pos="X">Det</wf>
         <wf lemma="står" pos="X">står</wf>
         <wf lemma="i" pos="X">i</wf>
         <wf lemma="husordenen" pos="X">husordenen</wf>
         <wf lemma="." pos="X">.</wf>
      </sentence>
      <sentence id="d000.s247" source="wordnet-danish">
         <wf lemma="jeg" pos="X">jeg</wf>
         <wf lemma="tømte" pos="X">tømte</wf>
         <wf lemma="skolebøgerne" pos="X">skolebøgerne</wf>
         <wf lemma="ud" pos="X">ud</wf>
         <wf lemma="af" pos="X">af</wf>
         <wf lemma="min" pos="X">min</wf>
         <wf lemma="blå" pos="X">blå</wf>
         <wf lemma="rygsæk" pos="X">rygsæk</wf>
         <wf lemma="og" pos="X">og</wf>
         <wf lemma="pressede" pos="X">pressede</wf>
         <wf lemma="alt" pos="X">alt</wf>
         <wf lemma="mit" pos="X">mit</wf>
         <instance id="d000.s247.t000" lemma="kluns" pos="NOUN">kluns</instance>
         <wf lemma="ned" pos="X">ned</wf>
         <wf lemma="i" pos="X">i</wf>
         <wf lemma="den" pos="X">den</wf>
         <wf lemma="." pos="X">.</wf>
      </sentence>
      <sentence id="d000.s248" source="wordnet-danish">
         <wf lemma="I" pos="X">I</wf>
         <wf lemma="flere" pos="X">flere</wf>
         <wf lemma="døgn" pos="X">døgn</wf>
         <wf lemma="endnu" pos="X">endnu</wf>
         <wf lemma="lød" pos="X">lød</wf>
         <wf lemma="der" pos="X">der</wf>
         <wf lemma="skud" pos="X">skud</wf>
         <wf lemma="og" pos="X">og</wf>
         <wf lemma="skrig" pos="X">skrig</wf>
         <wf lemma="fra" pos="X">fra</wf>
         <wf lemma="gaderne" pos="X">gaderne</wf>
         <wf lemma="," pos="X">,</wf>
         <wf lemma="når" pos="X">når</wf>
         <wf lemma="de" pos="X">de</wf>
         <instance id="d000.s248.t000" lemma="revolutionær" pos="ADJ">revolutionære</instance>
         <wf lemma="halede" pos="X">halede</wf>
         <wf lemma="deres" pos="X">deres</wf>
         <wf lemma="værste" pos="X">værste</wf>
         <wf lemma="fjender" pos="X">fjender</wf>
         <wf lemma="ud" pos="X">ud</wf>
         <wf lemma="af" pos="X">af</wf>
         <wf lemma="hulerne" pos="X">hulerne</wf>
         <wf lemma="og" pos="X">og</wf>
         <wf lemma="gjorde" pos="X">gjorde</wf>
         <wf lemma="kort" pos="X">kort</wf>
         <wf lemma="proces" pos="X">proces</wf>
         <wf lemma="med" pos="X">med</wf>
         <wf lemma="dem" pos="X">dem</wf>
         <wf lemma="." pos="X">.</wf>
      </sentence>
      <sentence id="d000.s249" source="wordnet-danish">
         <wf lemma="På" pos="X">På</wf>
         <wf lemma="alle" pos="X">alle</wf>
         <wf lemma="porte" pos="X">porte</wf>
         <wf lemma="ind" pos="X">ind</wf>
         <wf lemma="til" pos="X">til</wf>
         <wf lemma="Dyrehaven" pos="X">Dyrehaven</wf>
         <wf lemma="er" pos="X">er</wf>
         <wf lemma="der" pos="X">der</wf>
         <wf lemma="et" pos="X">et</wf>
         <instance id="d000.s249.t000" lemma="skilt" pos="NOUN">skilt</instance>
         <wf lemma="med" pos="X">med</wf>
         <wf lemma="hunden" pos="X">hunden</wf>
         <wf lemma="i" pos="X">i</wf>
         <wf lemma="snor" pos="X">snor</wf>
         <wf lemma="som" pos="X">som</wf>
         <wf lemma="symbol" pos="X">symbol</wf>
         <wf lemma="." pos="X">.</wf>
      </sentence>
      <sentence id="d000.s250" source="wordnet-danish">
         <wf lemma="[spejderne" pos="X">[spejderne</wf>
         <wf lemma="]" pos="X">]</wf>
         <wf lemma="plukker" pos="X">plukker</wf>
         <instance id="d000.s250.t000" lemma="kirsebær" pos="NOUN">kirsebær</instance>
         <wf lemma="og" pos="X">og</wf>
         <wf lemma="sylter" pos="X">sylter</wf>
         <wf lemma="dem" pos="X">dem</wf>
         <wf lemma="i" pos="X">i</wf>
         <wf lemma="en" pos="X">en</wf>
         <wf lemma="stor" pos="X">stor</wf>
         <wf lemma="gryde" pos="X">gryde</wf>
         <wf lemma="over" pos="X">over</wf>
         <wf lemma="bålet" pos="X">bålet</wf>
         <wf lemma="." pos="X">.</wf>
      </sentence>
      <sentence id="d000.s251" source="wordnet-danish">
         <wf lemma="hun" pos="X">hun</wf>
         <wf lemma="havde" pos="X">havde</wf>
         <wf lemma="glemt" pos="X">glemt</wf>
         <wf lemma="at" pos="X">at</wf>
         <instance id="d000.s251.t000" lemma="låse" pos="VERB">låse</instance>
         <wf lemma="wc-døren" pos="X">wc-døren</wf>
         <wf lemma="," pos="X">,</wf>
         <wf lemma="der" pos="X">der</wf>
         <wf lemma="nu" pos="X">nu</wf>
         <wf lemma="blev" pos="X">blev</wf>
         <wf lemma="revet" pos="X">revet</wf>
         <wf lemma="op" pos="X">op</wf>
         <wf lemma="." pos="X">.</wf>
      </sentence>
      <sentence id="d000.s252" source="wordnet-danish">
         <wf lemma="Ved" pos="X">Ved</wf>
         <wf lemma="siden" pos="X">siden</wf>
         <wf lemma="af" pos="X">af</wf>
         <wf lemma="molen" pos="X">molen</wf>
         <wf lemma="leger" pos="X">leger</wf>
         <wf lemma="et" pos="X">et</wf>
         <instance id="d000.s252.t000" lemma="dusin" pos="NOUN">dusin</instance>
         <wf lemma="søløver" pos="X">søløver</wf>
         <wf lemma="." pos="X">.</wf>
      </sentence>
      <sentence id="d000.s253" source="wordnet-danish">
         <wf lemma="man" pos="X">man</wf>
         <wf lemma="er" pos="X">er</wf>
         <wf lemma="tæt" pos="X">tæt</wf>
         <wf lemma="på" pos="X">på</wf>
         <wf lemma="at" pos="X">at</wf>
         <wf lemma="fange" pos="X">fange</wf>
         <wf lemma="og" pos="X">og</wf>
         <wf lemma="stille" pos="X">stille</wf>
         <wf lemma="de" pos="X">de</wf>
         <instance id="d000.s253.t000" lemma="ansvarlig" pos="ADJ">ansvarlige</instance>
         <wf lemma="til" pos="X">til</wf>
         <wf lemma="regnskab" pos="X">regnskab</wf>
         <wf lemma="." pos="X">.</wf>
      </sentence>
      <sentence id="d000.s254" source="wordnet-danish">
         <wf lemma="Moderen" pos="X">Moderen</wf>
         <wf lemma="sad" pos="X">sad</wf>
         <wf lemma="sammen" pos="X">sammen</wf>
         <wf lemma="med" pos="X">med</wf>
         <wf lemma="de" pos="X">de</wf>
         <wf lemma="andre" pos="X">andre</wf>
         <wf lemma="kvinder" pos="X">kvinder</wf>
         <wf lemma="ved" pos="X">ved</wf>
         <wf lemma="den" pos="X">den</wf>
         <wf lemma="store" pos="X">store</wf>
         <wf lemma="kamin" pos="X">kamin</wf>
         <wf lemma="," pos="X">,</wf>
         <wf lemma="de" pos="X">de</wf>
         <wf lemma="drak" pos="X">drak</wf>
         <instance id="d000.s254.t000" lemma="tevand" pos="NOUN">tevand</instance>
         <wf lemma="og" pos="X">og</wf>
         <wf lemma="havde" pos="X">havde</wf>
         <wf lemma="meget" pos="X">meget</wf>
         <wf lemma="at" pos="X">at</wf>
         <wf lemma="snakke" pos="X">snakke</wf>
         <wf lemma="om" pos="X">om</wf>
         <wf lemma="." pos="X">.</wf>
      </sentence>
      <sentence id="d000.s255" source="wordnet-danish">
         <wf lemma="Hun" pos="X">Hun</wf>
         <wf lemma="foretrækker" pos="X">foretrækker</wf>
         <wf lemma="til" pos="X">til</wf>
         <wf lemma="hver" pos="X">hver</wf>
         <wf lemma="en" pos="X">en</wf>
         <wf lemma="tid" pos="X">tid</wf>
         <wf lemma="at" pos="X">at</wf>
         <wf lemma="læse" pos="X">læse</wf>
         <wf lemma="de" pos="X">de</wf>
         <wf lemma="gamle" pos="X">gamle</wf>
         <wf lemma="klassikere" pos="X">klassikere</wf>
         <wf lemma="som" pos="X">som</wf>
         <wf lemma="f.eks." pos="X">f.eks.</wf>
         <wf lemma="Dickens" pos="X">Dickens</wf>
         <instance id="d000.s255.t000" lemma="roman" pos="NOUN">romaner</instance>
         <wf lemma="igen" pos="X">igen</wf>
         <wf lemma="og" pos="X">og</wf>
         <wf lemma="igen" pos="X">igen</wf>
         <wf lemma="." pos="X">.</wf>
      </sentence>
      <sentence id="d000.s256" source="wordnet-danish">
         <instance id="d000.s256.t000" lemma="tal" pos="NOUN">Tallene</instance>
         <wf lemma="i" pos="X">i</wf>
         <wf lemma="skemaet" pos="X">skemaet</wf>
         <wf lemma="angiver" pos="X">angiver</wf>
         <wf lemma="væksten" pos="X">væksten</wf>
         <wf lemma="i" pos="X">i</wf>
         <wf lemma="de" pos="X">de</wf>
         <wf lemma="gennemsnitlige" pos="X">gennemsnitlige</wf>
         <wf lemma="timelønsomkostninger" pos="X">timelønsomkostninger</wf>
         <wf lemma="fra" pos="X">fra</wf>
         <wf lemma="1990" pos="X">1990</wf>
         <wf lemma="til" pos="X">til</wf>
         <wf lemma="1991" pos="X">1991</wf>
         <wf lemma="." pos="X">.</wf>
      </sentence>
      <sentence id="d000.s257" source="wordnet-danish">
         <wf lemma="mod" pos="X">mod</wf>
         <instance id="d000.s257.t000" lemma="øst" pos="NOUN">øst</instance>
         <wf lemma="lå" pos="X">lå</wf>
         <wf lemma="den" pos="X">den</wf>
         <wf lemma="smalle" pos="X">smalle</wf>
         <wf lemma="kløft" pos="X">kløft</wf>
         <wf lemma="," pos="X">,</wf>
         <wf lemma="han" pos="X">han</wf>
         <wf lemma="var" pos="X">var</wf>
         <wf lemma="kommet" pos="X">kommet</wf>
         <wf lemma="ned" pos="X">ned</wf>
         <wf lemma="ad" pos="X">ad</wf>
         <wf lemma="." pos="X">.</wf>
      </sentence>
      <sentence id="d000.s258" source="wordnet-danish">
         <wf lemma="jeg" pos="X">jeg</wf>
         <wf lemma="er" pos="X">er</wf>
         <wf lemma="lige" pos="X">lige</wf>
         <wf lemma="blevet" pos="X">blevet</wf>
         <wf lemma="valgt" pos="X">valgt</wf>
         <wf lemma="ind" pos="X">ind</wf>
         <wf lemma="i" pos="X">i</wf>
         <instance id="d000.s258.t000" lemma="bestyrelse" pos="NOUN">bestyrelsen</instance>
         <wf lemma="i" pos="X">i</wf>
         <wf lemma="vores" pos="X">vores</wf>
         <wf lemma="børnehave" pos="X">børnehave</wf>
         <wf lemma="." pos="X">.</wf>
      </sentence>
      <sentence id="d000.s259" source="wordnet-danish">
         <wf lemma="Til" pos="X">Til</wf>
         <wf lemma="lykke" pos="X">lykke</wf>
         <instance id="d000.s259.t000" lemma="skat" pos="NOUN">skat</instance>
         <wf lemma="," pos="X">,</wf>
         <wf lemma="sagde" pos="X">sagde</wf>
         <wf lemma="Henrik" pos="X">Henrik</wf>
         <wf lemma="og" pos="X">og</wf>
         <wf lemma="gav" pos="X">gav</wf>
         <wf lemma="Tina" pos="X">Tina</wf>
         <wf lemma="et" pos="X">et</wf>
         <wf lemma="kæmpe" pos="X">kæmpe</wf>
         <wf lemma="kys" pos="X">kys</wf>
         <wf lemma="efter" pos="X">efter</wf>
         <wf lemma="sejren" pos="X">sejren</wf>
         <wf lemma="." pos="X">.</wf>
      </sentence>
      <sentence id="d000.s260" source="wordnet-danish">
         <wf lemma="I" pos="X">I</wf>
         <wf lemma="hans" pos="X">hans</wf>
         <instance id="d000.s260.t000" lemma="tilfælde" pos="NOUN">tilfælde</instance>
         <wf lemma="har" pos="X">har</wf>
         <wf lemma="ensomheden" pos="X">ensomheden</wf>
         <wf lemma="først" pos="X">først</wf>
         <wf lemma="og" pos="X">og</wf>
         <wf lemma="fremmest" pos="X">fremmest</wf>
         <wf lemma="været" pos="X">været</wf>
         <wf lemma="en" pos="X">en</wf>
         <wf lemma="positiv" pos="X">positiv</wf>
         <wf lemma="overraskelse" pos="X">overraskelse</wf>
         <wf lemma="." pos="X">.</wf>
      </sentence>
      <sentence id="d000.s261" source="wordnet-danish">
         <wf lemma="Læg" pos="X">Læg</wf>
         <wf lemma="tomatskiver" pos="X">tomatskiver</wf>
         <wf lemma="med" pos="X">med</wf>
         <wf lemma="salt" pos="X">salt</wf>
         <wf lemma="," pos="X">,</wf>
         <wf lemma="peber" pos="X">peber</wf>
         <wf lemma="og" pos="X">og</wf>
         <wf lemma="½" pos="X">½</wf>
         <instance id="d000.s261.t000" lemma="kop" pos="NOUN">kop</instance>
         <wf lemma="reven" pos="X">reven</wf>
         <wf lemma="ost" pos="X">ost</wf>
         <wf lemma="øverst" pos="X">øverst</wf>
         <wf lemma="og" pos="X">og</wf>
         <wf lemma="sæt" pos="X">sæt</wf>
         <wf lemma="fadet" pos="X">fadet</wf>
         <wf lemma="i" pos="X">i</wf>
         <wf lemma="ovnen" pos="X">ovnen</wf>
         <wf lemma="ved" pos="X">ved</wf>
         <wf lemma="200" pos="X">200</wf>
         <wf lemma="gr" pos="X">gr</wf>
         <wf lemma="i" pos="X">i</wf>
         <wf lemma="ca." pos="X">ca.</wf>
         <wf lemma="15" pos="X">15</wf>
         <wf lemma="min." pos="X">min.</wf>
      </sentence>
      <sentence id="d000.s262" source="wordnet-danish">
         <wf lemma="Det" pos="X">Det</wf>
         <wf lemma="kristne" pos="X">kristne</wf>
         <wf lemma="budskab" pos="X">budskab</wf>
         <wf lemma="kan" pos="X">kan</wf>
         <wf lemma="ikke" pos="X">ikke</wf>
         <wf lemma="rummes" pos="X">rummes</wf>
         <wf lemma="i" pos="X">i</wf>
         <wf lemma="nogle" pos="X">nogle</wf>
         <wf lemma="få" pos="X">få</wf>
         <instance id="d000.s262.t000" lemma="sætning" pos="NOUN">sætninger</instance>
         <wf lemma="." pos="X">.</wf>
      </sentence>
      <sentence id="d000.s263" source="wordnet-danish">
         <wf lemma="I" pos="X">I</wf>
         <wf lemma="lange" pos="X">lange</wf>
         <wf lemma="perioder" pos="X">perioder</wf>
         <wf lemma="kastede" pos="X">kastede</wf>
         <wf lemma="han" pos="X">han</wf>
         <wf lemma="sig" pos="X">sig</wf>
         <wf lemma="over" pos="X">over</wf>
         <instance id="d000.s263.t000" lemma="matematik" pos="NOUN">matematikken</instance>
         <wf lemma="og" pos="X">og</wf>
         <wf lemma="levede" pos="X">levede</wf>
         <wf lemma="i" pos="X">i</wf>
         <wf lemma="en" pos="X">en</wf>
         <wf lemma="verden" pos="X">verden</wf>
         <wf lemma="af" pos="X">af</wf>
         <wf lemma="tal" pos="X">tal</wf>
         <wf lemma="." pos="X">.</wf>
      </sentence>
      <sentence id="d000.s264" source="wordnet-danish">
         <wf lemma="Jeg" pos="X">Jeg</wf>
         <wf lemma="ville" pos="X">ville</wf>
         <wf lemma="give" pos="X">give</wf>
         <wf lemma="mit" pos="X">mit</wf>
         <wf lemma="liv" pos="X">liv</wf>
         <wf lemma="," pos="X">,</wf>
         <wf lemma="for" pos="X">for</wf>
         <wf lemma="at" pos="X">at</wf>
         <wf lemma="redde" pos="X">redde</wf>
         <wf lemma="hvilket" pos="X">hvilket</wf>
         <wf lemma="som" pos="X">som</wf>
         <wf lemma="helst" pos="X">helst</wf>
         <wf lemma="medlem" pos="X">medlem</wf>
         <wf lemma="af" pos="X">af</wf>
         <wf lemma="regeringen" pos="X">regeringen</wf>
         <wf lemma="," pos="X">,</wf>
         <wf lemma="for" pos="X">for</wf>
         <wf lemma="hvem" pos="X">hvem</wf>
         <wf lemma="jeg" pos="X">jeg</wf>
         <wf lemma="var" pos="X">var</wf>
         <instance id="d000.s264.t000" lemma="livvagt" pos="NOUN">livvagt</instance>
         <wf lemma="." pos="X">.</wf>
      </sentence>
      <sentence id="d000.s265" source="wordnet-danish">
         <wf lemma="På" pos="X">På</wf>
         <wf lemma="klare" pos="X">klare</wf>
         <instance id="d000.s265.t000" lemma="aften" pos="NOUN">aftener</instance>
         <wf lemma="begyndte" pos="X">begyndte</wf>
         <wf lemma="midnatssolen" pos="X">midnatssolen</wf>
         <wf lemma="at" pos="X">at</wf>
         <wf lemma="mærkes" pos="X">mærkes</wf>
         <wf lemma="," pos="X">,</wf>
         <wf lemma="navnlig" pos="X">navnlig</wf>
         <wf lemma="den" pos="X">den</wf>
         <wf lemma="dramatiske" pos="X">dramatiske</wf>
         <wf lemma="aftenvending" pos="X">aftenvending</wf>
         <wf lemma="sent" pos="X">sent</wf>
         <wf lemma="på" pos="X">på</wf>
         <wf lemma="kvælden" pos="X">kvælden</wf>
         <wf lemma="." pos="X">.</wf>
      </sentence>
      <sentence id="d000.s266" source="wordnet-danish">
         <wf lemma="For" pos="X">For</wf>
         <wf lemma="en" pos="X">en</wf>
         <wf lemma="kærlig" pos="X">kærlig</wf>
         <wf lemma="moder" pos="X">moder</wf>
         <wf lemma="er" pos="X">er</wf>
         <wf lemma="en" pos="X">en</wf>
         <wf lemma="søns" pos="X">søns</wf>
         <instance id="d000.s266.t000" lemma="anklage" pos="NOUN">anklage</instance>
         <wf lemma="det" pos="X">det</wf>
         <wf lemma="allerværste" pos="X">allerværste</wf>
         <wf lemma="der" pos="X">der</wf>
         <wf lemma="kan" pos="X">kan</wf>
         <wf lemma="hænde" pos="X">hænde</wf>
         <wf lemma="." pos="X">.</wf>
      </sentence>
      <sentence id="d000.s267" source="wordnet-danish">
         <wf lemma="Han" pos="X">Han</wf>
         <wf lemma="ville" pos="X">ville</wf>
         <wf lemma="søge" pos="X">søge</wf>
         <wf lemma="livets" pos="X">livets</wf>
         <wf lemma="mening" pos="X">mening</wf>
         <wf lemma="og" pos="X">og</wf>
         <wf lemma="ikke" pos="X">ikke</wf>
         <wf lemma="bare" pos="X">bare</wf>
         <wf lemma="glide" pos="X">glide</wf>
         <wf lemma="ind" pos="X">ind</wf>
         <wf lemma="på" pos="X">på</wf>
         <wf lemma="en" pos="X">en</wf>
         <wf lemma="godt" pos="X">godt</wf>
         <wf lemma="betalt" pos="X">betalt</wf>
         <wf lemma="plads" pos="X">plads</wf>
         <wf lemma="i" pos="X">i</wf>
         <wf lemma="samfundet" pos="X">samfundet</wf>
         <wf lemma="," pos="X">,</wf>
         <wf lemma="så" pos="X">så</wf>
         <wf lemma="han" pos="X">han</wf>
         <wf lemma="studerede" pos="X">studerede</wf>
         <instance id="d000.s267.t000" lemma="filosofi" pos="NOUN">filosofi</instance>
         <wf lemma="på" pos="X">på</wf>
         <wf lemma="Københavns" pos="X">Københavns</wf>
         <wf lemma="universitet" pos="X">universitet</wf>
         <wf lemma="." pos="X">.</wf>
      </sentence>
      <sentence id="d000.s268" source="wordnet-danish">
         <wf lemma="Lokomotivføreren" pos="X">Lokomotivføreren</wf>
         <wf lemma="konstaterede" pos="X">konstaterede</wf>
         <wf lemma="ved" pos="X">ved</wf>
         <wf lemma="10.30-tiden" pos="X">10.30-tiden</wf>
         <wf lemma="," pos="X">,</wf>
         <wf lemma="at" pos="X">at</wf>
         <wf lemma="der" pos="X">der</wf>
         <instance id="d000.s268.t000" lemma="strømme" pos="VERB">strømmede</instance>
         <wf lemma="røg" pos="X">røg</wf>
         <wf lemma="ud" pos="X">ud</wf>
         <wf lemma="under" pos="X">under</wf>
         <wf lemma="IC3-togets" pos="X">IC3-togets</wf>
         <wf lemma="midterste" pos="X">midterste</wf>
         <wf lemma="togsæt" pos="X">togsæt</wf>
         <wf lemma="." pos="X">.</wf>
      </sentence>
      <sentence id="d000.s269" source="wordnet-danish">
         <wf lemma="De" pos="X">De</wf>
         <wf lemma=".." pos="X">..</wf>
         <wf lemma="ansatte" pos="X">ansatte</wf>
         <wf lemma="slagtede" pos="X">slagtede</wf>
         <wf lemma="og" pos="X">og</wf>
         <wf lemma="bearbejdede" pos="X">bearbejdede</wf>
         <wf lemma="dagligt" pos="X">dagligt</wf>
         <wf lemma="200" pos="X">200</wf>
         <wf lemma="stykker" pos="X">stykker</wf>
         <instance id="d000.s269.t000" lemma="kvæg" pos="NOUN">kvæg</instance>
         <wf lemma="og" pos="X">og</wf>
         <wf lemma="500" pos="X">500</wf>
         <wf lemma="svin." pos="X">svin.</wf>
      </sentence>
      <sentence id="d000.s270" source="wordnet-danish">
         <wf lemma="Så" pos="X">Så</wf>
         <wf lemma="graves" pos="X">graves</wf>
         <wf lemma="det" pos="X">det</wf>
         <wf lemma="diamantholdige" pos="X">diamantholdige</wf>
         <wf lemma="grus" pos="X">grus</wf>
         <wf lemma="op" pos="X">op</wf>
         <wf lemma="." pos="X">.</wf>
         <wf lemma="Det" pos="X">Det</wf>
         <wf lemma="læsses" pos="X">læsses</wf>
         <wf lemma="på" pos="X">på</wf>
         <wf lemma="enorme" pos="X">enorme</wf>
         <instance id="d000.s270.t000" lemma="lastvogn" pos="NOUN">lastvogne</instance>
         <wf lemma="," pos="X">,</wf>
         <wf lemma="der" pos="X">der</wf>
         <wf lemma="kan" pos="X">kan</wf>
         <wf lemma="tage" pos="X">tage</wf>
         <wf lemma="35" pos="X">35</wf>
         <wf lemma="tons." pos="X">tons.</wf>
      </sentence>
      <sentence id="d000.s271" source="wordnet-danish">
         <wf lemma="Jeg" pos="X">Jeg</wf>
         <wf lemma="dækker" pos="X">dækker</wf>
         <wf lemma="bord" pos="X">bord</wf>
         <wf lemma="." pos="X">.</wf>
         <wf lemma="Skal" pos="X">Skal</wf>
         <wf lemma="vi" pos="X">vi</wf>
         <instance id="d000.s271.t000" lemma="spise" pos="VERB">spise</instance>
         <wf lemma="inde" pos="X">inde</wf>
         <wf lemma="eller" pos="X">eller</wf>
         <wf lemma="ude" pos="X">ude</wf>
         <wf lemma="?" pos="X">?</wf>
      </sentence>
      <sentence id="d000.s272" source="wordnet-danish">
         <wf lemma="Gangsterne" pos="X">Gangsterne</wf>
         <wf lemma="røvede" pos="X">røvede</wf>
         <wf lemma="hashen" pos="X">hashen</wf>
         <wf lemma="for" pos="X">for</wf>
         <wf lemma="at" pos="X">at</wf>
         <instance id="d000.s272.t000" lemma="udligne" pos="VERB">udligne</instance>
         <wf lemma="et" pos="X">et</wf>
         <wf lemma="økonomisk" pos="X">økonomisk</wf>
         <wf lemma="mellemværende" pos="X">mellemværende</wf>
         <wf lemma="." pos="X">.</wf>
      </sentence>
      <sentence id="d000.s273" source="wordnet-danish">
         <wf lemma="i" pos="X">i</wf>
         <wf lemma="de" pos="X">de</wf>
         <wf lemma="sidste" pos="X">sidste</wf>
         <wf lemma="måneder" pos="X">måneder</wf>
         <wf lemma="havde" pos="X">havde</wf>
         <wf lemma="han" pos="X">han</wf>
         <wf lemma="haft" pos="X">haft</wf>
         <wf lemma="vrøvl" pos="X">vrøvl</wf>
         <wf lemma="med" pos="X">med</wf>
         <instance id="d000.s273.t000" lemma="knæ" pos="NOUN">knæene</instance>
         <wf lemma="." pos="X">.</wf>
         <wf lemma="Slidgigt" pos="X">Slidgigt</wf>
         <wf lemma="formentlig" pos="X">formentlig</wf>
         <wf lemma="." pos="X">.</wf>
      </sentence>
      <sentence id="d000.s274" source="wordnet-danish">
         <instance id="d000.s274.t000" lemma="maleri" pos="NOUN">Maleriet</instance>
         <wf lemma="forestillede" pos="X">forestillede</wf>
         <wf lemma="et" pos="X">et</wf>
         <wf lemma="landskab" pos="X">landskab</wf>
         <wf lemma="med" pos="X">med</wf>
         <wf lemma="køer" pos="X">køer</wf>
         <wf lemma="på" pos="X">på</wf>
         <wf lemma="græs" pos="X">græs</wf>
         <wf lemma="," pos="X">,</wf>
         <wf lemma="fugle" pos="X">fugle</wf>
         <wf lemma="i" pos="X">i</wf>
         <wf lemma="flugt" pos="X">flugt</wf>
         <wf lemma="og" pos="X">og</wf>
         <wf lemma="et" pos="X">et</wf>
         <wf lemma="stråtækket" pos="X">stråtækket</wf>
         <wf lemma="bondehus" pos="X">bondehus</wf>
         <wf lemma="i" pos="X">i</wf>
         <wf lemma="baggrunden" pos="X">baggrunden</wf>
         <wf lemma="." pos="X">.</wf>
      </sentence>
      <sentence id="d000.s275" source="wordnet-danish">
         <wf lemma="hun" pos="X">hun</wf>
         <instance id="d000.s275.t000" lemma="rumme" pos="VERB">rummer</instance>
         <wf lemma="en" pos="X">en</wf>
         <wf lemma="udpræget" pos="X">udpræget</wf>
         <wf lemma="ærlighed" pos="X">ærlighed</wf>
         <wf lemma="." pos="X">.</wf>
      </sentence>
      <sentence id="d000.s276" source="wordnet-danish">
         <wf lemma="[træet]" pos="X">[træet]</wf>
         <wf lemma="er" pos="X">er</wf>
         <wf lemma="købt" pos="X">købt</wf>
         <wf lemma="billigt" pos="X">billigt</wf>
         <wf lemma="hos" pos="X">hos</wf>
         <wf lemma="en" pos="X">en</wf>
         <wf lemma="snedker" pos="X">snedker</wf>
         <wf lemma="," pos="X">,</wf>
         <wf lemma="der" pos="X">der</wf>
         <wf lemma="havde" pos="X">havde</wf>
         <wf lemma="fået" pos="X">fået</wf>
         <wf lemma="det" pos="X">det</wf>
         <wf lemma="i" pos="X">i</wf>
         <instance id="d000.s276.t000" lemma="overskud" pos="NOUN">overskud</instance>
         <wf lemma="." pos="X">.</wf>
      </sentence>
      <sentence id="d000.s277" source="wordnet-danish">
         <wf lemma="Den" pos="X">Den</wf>
         <wf lemma="typiske" pos="X">typiske</wf>
         <wf lemma="husstand" pos="X">husstand</wf>
         <wf lemma="var" pos="X">var</wf>
         <wf lemma="kernefamilien" pos="X">kernefamilien</wf>
         <wf lemma="bestående" pos="X">bestående</wf>
         <wf lemma="af" pos="X">af</wf>
         <wf lemma="et" pos="X">et</wf>
         <instance id="d000.s277.t000" lemma="ægtepar" pos="NOUN">ægtepar</instance>
         <wf lemma="med" pos="X">med</wf>
         <wf lemma="børn" pos="X">børn</wf>
         <wf lemma="." pos="X">.</wf>
      </sentence>
      <sentence id="d000.s278" source="wordnet-danish">
         <wf lemma="Ford" pos="X">Ford</wf>
         <wf lemma="gav" pos="X">gav</wf>
         <wf lemma="en" pos="X">en</wf>
         <wf lemma="favørpris" pos="X">favørpris</wf>
         <wf lemma="for" pos="X">for</wf>
         <wf lemma="min" pos="X">min</wf>
         <wf lemma="gamle" pos="X">gamle</wf>
         <wf lemma="bil" pos="X">bil</wf>
         <wf lemma="i" pos="X">i</wf>
         <instance id="d000.s278.t000" lemma="forbindelse" pos="NOUN">forbindelse</instance>
         <wf lemma="med" pos="X">med</wf>
         <wf lemma="," pos="X">,</wf>
         <wf lemma="at" pos="X">at</wf>
         <wf lemma="jeg" pos="X">jeg</wf>
         <wf lemma="købte" pos="X">købte</wf>
         <wf lemma="en" pos="X">en</wf>
         <wf lemma="ét" pos="X">ét</wf>
         <wf lemma="år" pos="X">år</wf>
         <wf lemma="gammel" pos="X">gammel</wf>
         <wf lemma="Escort" pos="X">Escort</wf>
         <wf lemma="samme" pos="X">samme</wf>
         <wf lemma="sted" pos="X">sted</wf>
         <wf lemma="." pos="X">.</wf>
      </sentence>
      <sentence id="d000.s279" source="wordnet-danish">
         <wf lemma="Pludselig" pos="X">Pludselig</wf>
         <wf lemma="brød" pos="X">brød</wf>
         <wf lemma="han" pos="X">han</wf>
         <wf lemma="op" pos="X">op</wf>
         <wf lemma="." pos="X">.</wf>
         <wf lemma="'" pos="X">'</wf>
         <wf lemma="Jeg" pos="X">Jeg</wf>
         <wf lemma="må" pos="X">må</wf>
         <wf lemma="gå" pos="X">gå</wf>
         <wf lemma="," pos="X">,</wf>
         <wf lemma="jeg" pos="X">jeg</wf>
         <wf lemma="har" pos="X">har</wf>
         <wf lemma="en" pos="X">en</wf>
         <instance id="d000.s279.t000" lemma="aftale" pos="NOUN">aftale</instance>
         <wf lemma="," pos="X">,</wf>
         <wf lemma="'" pos="X">'</wf>
         <wf lemma="sagde" pos="X">sagde</wf>
         <wf lemma="han" pos="X">han</wf>
         <wf lemma="." pos="X">.</wf>
      </sentence>
      <sentence id="d000.s280" source="wordnet-danish">
         <wf lemma="Du" pos="X">Du</wf>
         <wf lemma="behøver" pos="X">behøver</wf>
         <wf lemma="ikke" pos="X">ikke</wf>
         <wf lemma="at" pos="X">at</wf>
         <instance id="d000.s280.t000" lemma="forklare" pos="VERB">forklare</instance>
         <wf lemma="mig" pos="X">mig</wf>
         <wf lemma="det" pos="X">det</wf>
         <wf lemma="," pos="X">,</wf>
         <wf lemma="jeg" pos="X">jeg</wf>
         <wf lemma="har" pos="X">har</wf>
         <wf lemma="faktisk" pos="X">faktisk</wf>
         <wf lemma="studeret" pos="X">studeret</wf>
         <wf lemma="det" pos="X">det</wf>
         <wf lemma="i" pos="X">i</wf>
         <wf lemma="årevis" pos="X">årevis</wf>
         <wf lemma="." pos="X">.</wf>
      </sentence>
      <sentence id="d000.s281" source="wordnet-danish">
         <wf lemma="Når" pos="X">Når</wf>
         <wf lemma="de" pos="X">de</wf>
         <wf lemma="irakiske" pos="X">irakiske</wf>
         <wf lemma="kampvogne" pos="X">kampvogne</wf>
         <wf lemma="en" pos="X">en</wf>
         <wf lemma="sjælden" pos="X">sjælden</wf>
         <wf lemma="gang" pos="X">gang</wf>
         <wf lemma="ramte" pos="X">ramte</wf>
         <wf lemma="en" pos="X">en</wf>
         <wf lemma="amerikansk" pos="X">amerikansk</wf>
         <instance id="d000.s281.t000" lemma="kampvogn" pos="NOUN">kampvogns</instance>
         <wf lemma="frontpanser" pos="X">frontpanser</wf>
         <wf lemma="," pos="X">,</wf>
         <wf lemma="lavede" pos="X">lavede</wf>
         <wf lemma="projektilet" pos="X">projektilet</wf>
         <wf lemma="blot" pos="X">blot</wf>
         <wf lemma="mindre" pos="X">mindre</wf>
         <wf lemma="skrammer" pos="X">skrammer</wf>
         <wf lemma="." pos="X">.</wf>
      </sentence>
      <sentence id="d000.s282" source="wordnet-danish">
         <wf lemma="mange" pos="X">mange</wf>
         <wf lemma="tænker" pos="X">tænker</wf>
         <wf lemma="på" pos="X">på</wf>
         <wf lemma="sex" pos="X">sex</wf>
         <wf lemma="med" pos="X">med</wf>
         <wf lemma="en" pos="X">en</wf>
         <wf lemma="forbavsende" pos="X">forbavsende</wf>
         <wf lemma="regulær" pos="X">regulær</wf>
         <instance id="d000.s282.t000" lemma="hyppighed" pos="NOUN">hyppighed</instance>
         <wf lemma="." pos="X">.</wf>
      </sentence>
      <sentence id="d000.s283" source="wordnet-danish">
         <wf lemma="Når" pos="X">Når</wf>
         <wf lemma="ribbenene" pos="X">ribbenene</wf>
         <wf lemma="hæves" pos="X">hæves</wf>
         <wf lemma="," pos="X">,</wf>
         <wf lemma="vil" pos="X">vil</wf>
         <wf lemma="brystkassens" pos="X">brystkassens</wf>
         <instance id="d000.s283.t000" lemma="rumfang" pos="NOUN">rumfang</instance>
         <wf lemma="øges" pos="X">øges</wf>
         <wf lemma="." pos="X">.</wf>
      </sentence>
      <sentence id="d000.s284" source="wordnet-danish">
         <wf lemma="han" pos="X">han</wf>
         <wf lemma=".." pos="X">..</wf>
         <wf lemma="sad" pos="X">sad</wf>
         <wf lemma="fordybet" pos="X">fordybet</wf>
         <wf lemma="i" pos="X">i</wf>
         <wf lemma="sit" pos="X">sit</wf>
         <wf lemma="arbejde" pos="X">arbejde</wf>
         <wf lemma="med" pos="X">med</wf>
         <wf lemma="hånden" pos="X">hånden</wf>
         <wf lemma="under" pos="X">under</wf>
         <instance id="d000.s284.t000" lemma="kind" pos="NOUN">kinden</instance>
         <wf lemma="." pos="X">.</wf>
      </sentence>
      <sentence id="d000.s285" source="wordnet-danish">
         <wf lemma="Det" pos="X">Det</wf>
         <wf lemma="israelske" pos="X">israelske</wf>
         <wf lemma="flag" pos="X">flag</wf>
         <wf lemma="består" pos="X">består</wf>
         <wf lemma="af" pos="X">af</wf>
         <wf lemma="to" pos="X">to</wf>
         <wf lemma="blå" pos="X">blå</wf>
         <wf lemma="striber" pos="X">striber</wf>
         <wf lemma="og" pos="X">og</wf>
         <wf lemma="en" pos="X">en</wf>
         <wf lemma="blå" pos="X">blå</wf>
         <wf lemma="stjerne" pos="X">stjerne</wf>
         <wf lemma="på" pos="X">på</wf>
         <wf lemma="hvid" pos="X">hvid</wf>
         <instance id="d000.s285.t000" lemma="baggrund" pos="NOUN">baggrund</instance>
         <wf lemma="." pos="X">.</wf>
      </sentence>
      <sentence id="d000.s286" source="wordnet-danish">
         <wf lemma="'Har" pos="X">'Har</wf>
         <wf lemma="du" pos="X">du</wf>
         <wf lemma="talt" pos="X">talt</wf>
         <wf lemma="med" pos="X">med</wf>
         <wf lemma="dit" pos="X">dit</wf>
         <instance id="d000.s286.t000" lemma="barn" pos="NOUN">barn</instance>
         <wf lemma="i" pos="X">i</wf>
         <wf lemma="dag" pos="X">dag</wf>
         <wf lemma="?" pos="X">?</wf>
         <wf lemma="'." pos="X">'.</wf>
      </sentence>
      <sentence id="d000.s287" source="wordnet-danish">
         <wf lemma="børn" pos="X">børn</wf>
         <wf lemma="undfanget" pos="X">undfanget</wf>
         <wf lemma="i" pos="X">i</wf>
         <wf lemma="et" pos="X">et</wf>
         <wf lemma="reagensglas" pos="X">reagensglas</wf>
         <wf lemma="hører" pos="X">hører</wf>
         <wf lemma="ikke" pos="X">ikke</wf>
         <wf lemma="længere" pos="X">længere</wf>
         <wf lemma="til" pos="X">til</wf>
         <instance id="d000.s287.t000" lemma="sensation" pos="NOUN">sensationerne</instance>
         <wf lemma="." pos="X">.</wf>
      </sentence>
      <sentence id="d000.s288" source="wordnet-danish">
         <wf lemma="Han" pos="X">Han</wf>
         <instance id="d000.s288.t000" lemma="give" pos="VERB">giver</instance>
         <wf lemma="mig" pos="X">mig</wf>
         <wf lemma="min" pos="X">min</wf>
         <wf lemma="kuffert" pos="X">kuffert</wf>
         <wf lemma="." pos="X">.</wf>
         <wf lemma="Tænk" pos="X">Tænk</wf>
         <wf lemma="," pos="X">,</wf>
         <wf lemma="at" pos="X">at</wf>
         <wf lemma="jeg" pos="X">jeg</wf>
         <wf lemma="kunne" pos="X">kunne</wf>
         <wf lemma="glemme" pos="X">glemme</wf>
         <wf lemma="den" pos="X">den</wf>
         <wf lemma="!" pos="X">!</wf>
      </sentence>
      <sentence id="d000.s289" source="wordnet-danish">
         <wf lemma="[regeringens]" pos="X">[regeringens]</wf>
         <wf lemma="reaktioner" pos="X">reaktioner</wf>
         <wf lemma="i" pos="X">i</wf>
         <wf lemma="denne" pos="X">denne</wf>
         <wf lemma="sag" pos="X">sag</wf>
         <wf lemma="været" pos="X">været</wf>
         <wf lemma="et" pos="X">et</wf>
         <wf lemma="sandt" pos="X">sandt</wf>
         <wf lemma="studie" pos="X">studie</wf>
         <wf lemma="i" pos="X">i</wf>
         <instance id="d000.s289.t000" lemma="tvetydighed" pos="NOUN">tvetydighed</instance>
         <wf lemma="." pos="X">.</wf>
      </sentence>
      <sentence id="d000.s290" source="wordnet-danish">
         <wf lemma="Jeg" pos="X">Jeg</wf>
         <wf lemma="så" pos="X">så</wf>
         <wf lemma="op" pos="X">op</wf>
         <wf lemma="," pos="X">,</wf>
         <wf lemma="og" pos="X">og</wf>
         <wf lemma="mit" pos="X">mit</wf>
         <instance id="d000.s290.t000" lemma="blik" pos="NOUN">blik</instance>
         <wf lemma="mødte" pos="X">mødte</wf>
         <wf lemma="manden" pos="X">manden</wf>
         <wf lemma="ved" pos="X">ved</wf>
         <wf lemma="nabobordet" pos="X">nabobordet</wf>
         <wf lemma="." pos="X">.</wf>
      </sentence>
      <sentence id="d000.s291" source="wordnet-danish">
         <wf lemma="krige" pos="X">krige</wf>
         <wf lemma="og" pos="X">og</wf>
         <wf lemma="pestepidemier" pos="X">pestepidemier</wf>
         <wf lemma=".." pos="X">..</wf>
         <wf lemma="var" pos="X">var</wf>
         <wf lemma="hyppigt" pos="X">hyppigt</wf>
         <wf lemma="tilbagevendende" pos="X">tilbagevendende</wf>
         <instance id="d000.s291.t000" lemma="foreteelse" pos="NOUN">foreteelser</instance>
         <wf lemma="." pos="X">.</wf>
      </sentence>
      <sentence id="d000.s292" source="wordnet-danish">
         <wf lemma="Hun" pos="X">Hun</wf>
         <instance id="d000.s292.t000" lemma="strikke" pos="VERB">strikker</instance>
         <wf lemma="henført" pos="X">henført</wf>
         <wf lemma="på" pos="X">på</wf>
         <wf lemma="en" pos="X">en</wf>
         <wf lemma="bluse" pos="X">bluse</wf>
         <wf lemma="i" pos="X">i</wf>
         <wf lemma="akrylmohair" pos="X">akrylmohair</wf>
         <wf lemma="fra" pos="X">fra</wf>
         <wf lemma="en" pos="X">en</wf>
         <wf lemma="opskrift" pos="X">opskrift</wf>
         <wf lemma="i" pos="X">i</wf>
         <wf lemma="Hendes" pos="X">Hendes</wf>
         <wf lemma="Verden" pos="X">Verden</wf>
         <wf lemma="." pos="X">.</wf>
      </sentence>
      <sentence id="d000.s293" source="wordnet-danish">
         <wf lemma="Han" pos="X">Han</wf>
         <wf lemma="havde" pos="X">havde</wf>
         <wf lemma="en" pos="X">en</wf>
         <instance id="d000.s293.t000" lemma="vane" pos="NOUN">vane</instance>
         <wf lemma="med" pos="X">med</wf>
         <wf lemma="at" pos="X">at</wf>
         <wf lemma="vippe" pos="X">vippe</wf>
         <wf lemma="på" pos="X">på</wf>
         <wf lemma="sin" pos="X">sin</wf>
         <wf lemma="stol" pos="X">stol</wf>
         <wf lemma="." pos="X">.</wf>
      </sentence>
      <sentence id="d000.s294" source="wordnet-danish">
         <wf lemma="Efter" pos="X">Efter</wf>
         <wf lemma="dansen" pos="X">dansen</wf>
         <wf lemma="om" pos="X">om</wf>
         <wf lemma="juletræet" pos="X">juletræet</wf>
         <wf lemma="bliver" pos="X">bliver</wf>
         <wf lemma="der" pos="X">der</wf>
         <wf lemma="lege" pos="X">lege</wf>
         <wf lemma="og" pos="X">og</wf>
         <instance id="d000.s294.t000" lemma="konkurrence" pos="NOUN">konkurrencer</instance>
         <wf lemma="." pos="X">.</wf>
      </sentence>
      <sentence id="d000.s295" source="wordnet-danish">
         <wf lemma="Eksaminandernes" pos="X">Eksaminandernes</wf>
         <instance id="d000.s295.t000" lemma="præstation" pos="NOUN">præstation</instance>
         <wf lemma="skal" pos="X">skal</wf>
         <wf lemma="vurderes" pos="X">vurderes</wf>
         <wf lemma="individuelt" pos="X">individuelt</wf>
         <wf lemma="." pos="X">.</wf>
      </sentence>
      <sentence id="d000.s296" source="wordnet-danish">
         <wf lemma="han" pos="X">han</wf>
         <wf lemma="lod" pos="X">lod</wf>
         <wf lemma="sig" pos="X">sig</wf>
         <wf lemma="opsluge" pos="X">opsluge</wf>
         <wf lemma="af" pos="X">af</wf>
         <wf lemma="den" pos="X">den</wf>
         <wf lemma="køligt" pos="X">køligt</wf>
         <wf lemma="eksklusive" pos="X">eksklusive</wf>
         <wf lemma="atmosfære" pos="X">atmosfære</wf>
         <wf lemma="med" pos="X">med</wf>
         <wf lemma="dæmpet" pos="X">dæmpet</wf>
         <wf lemma="belysning" pos="X">belysning</wf>
         <wf lemma="og" pos="X">og</wf>
         <wf lemma="blødt" pos="X">blødt</wf>
         <instance id="d000.s296.t000" lemma="gulvtæppe" pos="NOUN">gulvtæppe</instance>
         <wf lemma="." pos="X">.</wf>
      </sentence>
      <sentence id="d000.s297" source="wordnet-danish">
         <wf lemma="Ved" pos="X">Ved</wf>
         <wf lemma="valg" pos="X">valg</wf>
         <wf lemma="af" pos="X">af</wf>
         <wf lemma="låse" pos="X">låse</wf>
         <wf lemma="bør" pos="X">bør</wf>
         <wf lemma="man" pos="X">man</wf>
         <wf lemma="vælge" pos="X">vælge</wf>
         <wf lemma="en" pos="X">en</wf>
         <wf lemma="type" pos="X">type</wf>
         <wf lemma="," pos="X">,</wf>
         <wf lemma="hvortil" pos="X">hvortil</wf>
         <wf lemma="nøglerne" pos="X">nøglerne</wf>
         <wf lemma="er" pos="X">er</wf>
         <wf lemma="vanskelige" pos="X">vanskelige</wf>
         <wf lemma="at" pos="X">at</wf>
         <instance id="d000.s297.t000" lemma="kopiere" pos="VERB">kopiere</instance>
         <wf lemma="." pos="X">.</wf>
      </sentence>
      <sentence id="d000.s298" source="wordnet-danish">
         <wf lemma="Karlsen" pos="X">Karlsen</wf>
         <wf lemma="samlede" pos="X">samlede</wf>
         <wf lemma="fotoet" pos="X">fotoet</wf>
         <wf lemma="op" pos="X">op</wf>
         <wf lemma="og" pos="X">og</wf>
         <wf lemma="stak" pos="X">stak</wf>
         <wf lemma="det" pos="X">det</wf>
         <wf lemma="i" pos="X">i</wf>
         <instance id="d000.s298.t000" lemma="lomme" pos="NOUN">lommen</instance>
         <wf lemma="." pos="X">.</wf>
      </sentence>
      <sentence id="d000.s299" source="wordnet-danish">
         <wf lemma="jeg" pos="X">jeg</wf>
         <wf lemma="ved" pos="X">ved</wf>
         <wf lemma="kun" pos="X">kun</wf>
         <wf lemma="det" pos="X">det</wf>
         <wf lemma="," pos="X">,</wf>
         <instance id="d000.s299.t000" lemma="sladder" pos="NOUN">sladderen</instance>
         <wf lemma="siger" pos="X">siger</wf>
         <wf lemma="," pos="X">,</wf>
         <wf lemma="men" pos="X">men</wf>
         <wf lemma="det" pos="X">det</wf>
         <wf lemma="forlød" pos="X">forlød</wf>
         <wf lemma="," pos="X">,</wf>
         <wf lemma="at" pos="X">at</wf>
         <wf lemma="hun" pos="X">hun</wf>
         <wf lemma="var" pos="X">var</wf>
         <wf lemma="blevet" pos="X">blevet</wf>
         <wf lemma="forelsket" pos="X">forelsket</wf>
         <wf lemma="i" pos="X">i</wf>
         <wf lemma="en" pos="X">en</wf>
         <wf lemma="musiker" pos="X">musiker</wf>
         <wf lemma="." pos="X">.</wf>
      </sentence>
      <sentence id="d000.s300" source="wordnet-danish">
         <wf lemma="Maleriet" pos="X">Maleriet</wf>
         <wf lemma="alene" pos="X">alene</wf>
         <wf lemma="gør" pos="X">gør</wf>
         <wf lemma="det" pos="X">det</wf>
         <wf lemma="ikke" pos="X">ikke</wf>
         <wf lemma="." pos="X">.</wf>
         <wf lemma="Grafik" pos="X">Grafik</wf>
         <wf lemma="," pos="X">,</wf>
         <wf lemma="skulptur" pos="X">skulptur</wf>
         <wf lemma="," pos="X">,</wf>
         <wf lemma="keramik" pos="X">keramik</wf>
         <wf lemma="og" pos="X">og</wf>
         <wf lemma="foto" pos="X">foto</wf>
         <wf lemma="tages" pos="X">tages</wf>
         <wf lemma="også" pos="X">også</wf>
         <wf lemma="i" pos="X">i</wf>
         <wf lemma="brug" pos="X">brug</wf>
         <wf lemma="," pos="X">,</wf>
         <wf lemma="når" pos="X">når</wf>
         <instance id="d000.s300.t000" lemma="kunstner" pos="NOUN">kunstneren</instance>
         <wf lemma="Peter" pos="X">Peter</wf>
         <wf lemma="Brandes" pos="X">Brandes</wf>
         <wf lemma="skal" pos="X">skal</wf>
         <wf lemma="have" pos="X">have</wf>
         <wf lemma="afløb" pos="X">afløb</wf>
         <wf lemma="for" pos="X">for</wf>
         <wf lemma="sin" pos="X">sin</wf>
         <wf lemma="skabertrang" pos="X">skabertrang</wf>
         <wf lemma="." pos="X">.</wf>
      </sentence>
      <sentence id="d000.s301" source="wordnet-danish">
         <wf lemma="i" pos="X">i</wf>
         <wf lemma="Italien" pos="X">Italien</wf>
         <wf lemma="er" pos="X">er</wf>
         <wf lemma="der" pos="X">der</wf>
         <wf lemma="mange" pos="X">mange</wf>
         <wf lemma="programmer" pos="X">programmer</wf>
         <wf lemma="at" pos="X">at</wf>
         <wf lemma="vælge" pos="X">vælge</wf>
         <wf lemma="imellem" pos="X">imellem</wf>
         <wf lemma="." pos="X">.</wf>
         <wf lemma="Tre" pos="X">Tre</wf>
         <wf lemma="statslige" pos="X">statslige</wf>
         <wf lemma="og" pos="X">og</wf>
         <wf lemma="et" pos="X">et</wf>
         <wf lemma="utal" pos="X">utal</wf>
         <wf lemma="private" pos="X">private</wf>
         <wf lemma="," pos="X">,</wf>
         <wf lemma="som" pos="X">som</wf>
         <wf lemma="sender" pos="X">sender</wf>
         <instance id="d000.s301.t000" lemma="kommerciel" pos="ADJ">kommerciel</instance>
         <wf lemma="," pos="X">,</wf>
         <wf lemma="overfladisk" pos="X">overfladisk</wf>
         <wf lemma="underholdning" pos="X">underholdning</wf>
         <wf lemma="." pos="X">.</wf>
      </sentence>
      <sentence id="d000.s302" source="wordnet-danish">
         <wf lemma="Gladsaxe" pos="X">Gladsaxe</wf>
         <wf lemma="Bio" pos="X">Bio</wf>
         <wf lemma="skal" pos="X">skal</wf>
         <wf lemma="ikke" pos="X">ikke</wf>
         <wf lemma="blot" pos="X">blot</wf>
         <wf lemma="bestå" pos="X">bestå</wf>
         <wf lemma="," pos="X">,</wf>
         <wf lemma="men" pos="X">men</wf>
         <wf lemma="blive" pos="X">blive</wf>
         <wf lemma="et" pos="X">et</wf>
         <wf lemma="frodigt" pos="X">frodigt</wf>
         <wf lemma="sted" pos="X">sted</wf>
         <wf lemma="," pos="X">,</wf>
         <wf lemma="hvor" pos="X">hvor</wf>
         <wf lemma="mennesker" pos="X">mennesker</wf>
         <wf lemma="mødes" pos="X">mødes</wf>
         <wf lemma="," pos="X">,</wf>
         <wf lemma="oplever" pos="X">oplever</wf>
         <wf lemma="kultur" pos="X">kultur</wf>
         <wf lemma="," pos="X">,</wf>
         <instance id="d000.s302.t000" lemma="diskutere" pos="VERB">diskuterer</instance>
         <wf lemma="og" pos="X">og</wf>
         <wf lemma="samsnakker" pos="X">samsnakker</wf>
         <wf lemma="." pos="X">.</wf>
      </sentence>
      <sentence id="d000.s303" source="wordnet-danish">
         <wf lemma="Nev" pos="X">Nev</wf>
         <wf lemma="var" pos="X">var</wf>
         <wf lemma="mere" pos="X">mere</wf>
         <wf lemma="eller" pos="X">eller</wf>
         <wf lemma="mindre" pos="X">mindre</wf>
         <wf lemma="forelsket" pos="X">forelsket</wf>
         <wf lemma="i" pos="X">i</wf>
         <wf lemma="Janine" pos="X">Janine</wf>
         <wf lemma="og" pos="X">og</wf>
         <wf lemma="forsøgte" pos="X">forsøgte</wf>
         <wf lemma="at" pos="X">at</wf>
         <instance id="d000.s303.t000" lemma="imponere" pos="VERB">imponere</instance>
         <wf lemma="hende" pos="X">hende</wf>
         <wf lemma="med" pos="X">med</wf>
         <wf lemma="sin" pos="X">sin</wf>
         <wf lemma="styrke" pos="X">styrke</wf>
         <wf lemma="og" pos="X">og</wf>
         <wf lemma="sit" pos="X">sit</wf>
         <wf lemma="mod" pos="X">mod</wf>
         <wf lemma="." pos="X">.</wf>
      </sentence>
      <sentence id="d000.s304" source="wordnet-danish">
         <wf lemma="hun" pos="X">hun</wf>
         <instance id="d000.s304.t000" lemma="indrømme" pos="VERB">indrømmer</instance>
         <wf lemma="," pos="X">,</wf>
         <wf lemma="at" pos="X">at</wf>
         <wf lemma="hun" pos="X">hun</wf>
         <wf lemma="tit" pos="X">tit</wf>
         <wf lemma="savner" pos="X">savner</wf>
         <wf lemma="Australien" pos="X">Australien</wf>
         <wf lemma="." pos="X">.</wf>
      </sentence>
      <sentence id="d000.s305" source="wordnet-danish">
         <wf lemma="[MD" pos="X">[MD</wf>
         <wf lemma="Foods]" pos="X">Foods]</wf>
         <wf lemma="er" pos="X">er</wf>
         <wf lemma="en" pos="X">en</wf>
         <wf lemma="særdeles" pos="X">særdeles</wf>
         <wf lemma="medvirkende" pos="X">medvirkende</wf>
         <wf lemma="årsag" pos="X">årsag</wf>
         <wf lemma="til" pos="X">til</wf>
         <wf lemma="," pos="X">,</wf>
         <wf lemma="at" pos="X">at</wf>
         <wf lemma="antallet" pos="X">antallet</wf>
         <wf lemma="af" pos="X">af</wf>
         <wf lemma="danske" pos="X">danske</wf>
         <instance id="d000.s305.t000" lemma="mejeri" pos="NOUN">mejerier</instance>
         <wf lemma="de" pos="X">de</wf>
         <wf lemma="sidste" pos="X">sidste</wf>
         <wf lemma="tyve" pos="X">tyve</wf>
         <wf lemma="år" pos="X">år</wf>
         <wf lemma="er" pos="X">er</wf>
         <wf lemma="skrumpet" pos="X">skrumpet</wf>
         <wf lemma="kraftigt" pos="X">kraftigt</wf>
         <wf lemma="ind" pos="X">ind</wf>
         <wf lemma="." pos="X">.</wf>
      </sentence>
      <sentence id="d000.s306" source="wordnet-danish">
         <instance id="d000.s306.t000" lemma="dryppe" pos="VERB">Dryp</instance>
         <wf lemma="olien" pos="X">olien</wf>
         <wf lemma="over" pos="X">over</wf>
         <wf lemma="grøntsagerne" pos="X">grøntsagerne</wf>
         <wf lemma="og" pos="X">og</wf>
         <wf lemma="vend" pos="X">vend</wf>
         <wf lemma="dem" pos="X">dem</wf>
         <wf lemma="godt" pos="X">godt</wf>
         <wf lemma="rundt" pos="X">rundt</wf>
         <wf lemma="." pos="X">.</wf>
      </sentence>
      <sentence id="d000.s307" source="wordnet-danish">
         <wf lemma="Vi" pos="X">Vi</wf>
         <wf lemma="gik" pos="X">gik</wf>
         <wf lemma="ned" pos="X">ned</wf>
         <wf lemma="ad" pos="X">ad</wf>
         <wf lemma="Strøget" pos="X">Strøget</wf>
         <wf lemma="." pos="X">.</wf>
         <wf lemma="Mona" pos="X">Mona</wf>
         <wf lemma="standsede" pos="X">standsede</wf>
         <wf lemma="ved" pos="X">ved</wf>
         <wf lemma="næsten" pos="X">næsten</wf>
         <wf lemma="alle" pos="X">alle</wf>
         <instance id="d000.s307.t000" lemma="butik" pos="NOUN">butikkerne</instance>
         <wf lemma="." pos="X">.</wf>
         <wf lemma="Hun" pos="X">Hun</wf>
         <wf lemma="elskede" pos="X">elskede</wf>
         <wf lemma="at" pos="X">at</wf>
         <wf lemma="se" pos="X">se</wf>
         <wf lemma="på" pos="X">på</wf>
         <wf lemma="tøj" pos="X">tøj</wf>
         <wf lemma="." pos="X">.</wf>
      </sentence>
      <sentence id="d000.s308" source="wordnet-danish">
         <wf lemma="Som" pos="X">Som</wf>
         <wf lemma="lille" pos="X">lille</wf>
         <wf lemma="kunne" pos="X">kunne</wf>
         <wf lemma="jeg" pos="X">jeg</wf>
         <wf lemma="skimte" pos="X">skimte</wf>
         <wf lemma="lys" pos="X">lys</wf>
         <wf lemma="og" pos="X">og</wf>
         <instance id="d000.s308.t000" lemma="mørke" pos="NOUN">mørke</instance>
         <wf lemma="," pos="X">,</wf>
         <wf lemma="og" pos="X">og</wf>
         <wf lemma="jeg" pos="X">jeg</wf>
         <wf lemma="kunne" pos="X">kunne</wf>
         <wf lemma="også" pos="X">også</wf>
         <wf lemma="se" pos="X">se</wf>
         <wf lemma="visse" pos="X">visse</wf>
         <wf lemma="farver" pos="X">farver</wf>
         <wf lemma="." pos="X">.</wf>
      </sentence>
      <sentence id="d000.s309" source="wordnet-danish">
         <wf lemma="[klienterne]" pos="X">[klienterne]</wf>
         <wf lemma="udmærkede" pos="X">udmærkede</wf>
         <wf lemma="sig" pos="X">sig</wf>
         <wf lemma="ved" pos="X">ved</wf>
         <wf lemma="særlig" pos="X">særlig</wf>
         <instance id="d000.s309.t000" lemma="sensibilitet" pos="NOUN">sensibilitet</instance>
         <wf lemma="," pos="X">,</wf>
         <wf lemma="evne" pos="X">evne</wf>
         <wf lemma="til" pos="X">til</wf>
         <wf lemma="indføling" pos="X">indføling</wf>
         <wf lemma="og" pos="X">og</wf>
         <wf lemma="evne" pos="X">evne</wf>
         <wf lemma="for" pos="X">for</wf>
         <wf lemma="differentierede" pos="X">differentierede</wf>
         <wf lemma="følelser" pos="X">følelser</wf>
         <wf lemma="." pos="X">.</wf>
      </sentence>
      <sentence id="d000.s310" source="wordnet-danish">
         <wf lemma="Et" pos="X">Et</wf>
         <wf lemma="øjeblik" pos="X">øjeblik</wf>
         <wf lemma="efter" pos="X">efter</wf>
         <wf lemma="meddeltes" pos="X">meddeltes</wf>
         <wf lemma="over" pos="X">over</wf>
         <wf lemma="højttaleren" pos="X">højttaleren</wf>
         <wf lemma="at" pos="X">at</wf>
         <wf lemma="toget" pos="X">toget</wf>
         <wf lemma="var" pos="X">var</wf>
         <wf lemma="aflyst" pos="X">aflyst</wf>
         <wf lemma="," pos="X">,</wf>
         <wf lemma="og" pos="X">og</wf>
         <wf lemma="at" pos="X">at</wf>
         <instance id="d000.s310.t000" lemma="passager" pos="NOUN">passagererne</instance>
         <wf lemma="måtte" pos="X">måtte</wf>
         <wf lemma="tage" pos="X">tage</wf>
         <wf lemma="S-toget" pos="X">S-toget</wf>
         <wf lemma="til" pos="X">til</wf>
         <wf lemma="Høje" pos="X">Høje</wf>
         <wf lemma="Tåstrup" pos="X">Tåstrup</wf>
         <wf lemma="." pos="X">.</wf>
      </sentence>
      <sentence id="d000.s311" source="wordnet-danish">
         <wf lemma="Ensom" pos="X">Ensom</wf>
         <wf lemma="," pos="X">,</wf>
         <wf lemma="lidt" pos="X">lidt</wf>
         <wf lemma="genert" pos="X">genert</wf>
         <wf lemma="fyr" pos="X">fyr</wf>
         <wf lemma="på" pos="X">på</wf>
         <wf lemma="28/184/92" pos="X">28/184/92</wf>
         <wf lemma="søger" pos="X">søger</wf>
         <wf lemma="pige" pos="X">pige</wf>
         <wf lemma="på" pos="X">på</wf>
         <wf lemma="25-30" pos="X">25-30</wf>
         <wf lemma="år" pos="X">år</wf>
         <wf lemma="." pos="X">.</wf>
         <wf lemma="Et" pos="X">Et</wf>
         <wf lemma="enkelt" pos="X">enkelt</wf>
         <wf lemma="barn" pos="X">barn</wf>
         <wf lemma="ingen" pos="X">ingen</wf>
         <instance id="d000.s311.t000" lemma="hindring" pos="NOUN">hindring</instance>
         <wf lemma="." pos="X">.</wf>
      </sentence>
      <sentence id="d000.s312" source="wordnet-danish">
         <wf lemma="AOF" pos="X">AOF</wf>
         <wf lemma="Hornsherred" pos="X">Hornsherred</wf>
         <wf lemma="starter" pos="X">starter</wf>
         <wf lemma="i" pos="X">i</wf>
         <wf lemma="næste" pos="X">næste</wf>
         <wf lemma="uge" pos="X">uge</wf>
         <instance id="d000.s312.t000" lemma="kursus" pos="NOUN">kurser</instance>
         <wf lemma="i" pos="X">i</wf>
         <wf lemma="blomsterbinding" pos="X">blomsterbinding</wf>
         <wf lemma="." pos="X">.</wf>
      </sentence>
      <sentence id="d000.s313" source="wordnet-danish">
         <wf lemma="En" pos="X">En</wf>
         <wf lemma="gråblå" pos="X">gråblå</wf>
         <instance id="d000.s313.t000" lemma="røg" pos="NOUN">røg</instance>
         <wf lemma="sivede" pos="X">sivede</wf>
         <wf lemma="op" pos="X">op</wf>
         <wf lemma="over" pos="X">over</wf>
         <wf lemma="ansigtet" pos="X">ansigtet</wf>
         <wf lemma="fra" pos="X">fra</wf>
         <wf lemma="en" pos="X">en</wf>
         <wf lemma="cigarstump" pos="X">cigarstump</wf>
         <wf lemma="i" pos="X">i</wf>
         <wf lemma="mundvigen" pos="X">mundvigen</wf>
         <wf lemma="." pos="X">.</wf>
      </sentence>
      <sentence id="d000.s314" source="wordnet-danish">
         <wf lemma="de" pos="X">de</wf>
         <wf lemma="ting" pos="X">ting</wf>
         <wf lemma="som" pos="X">som</wf>
         <wf lemma="I" pos="X">I</wf>
         <wf lemma="laver" pos="X">laver</wf>
         <wf lemma="i" pos="X">i</wf>
         <wf lemma="ungdomsskolen" pos="X">ungdomsskolen</wf>
         <wf lemma="," pos="X">,</wf>
         <wf lemma="synes" pos="X">synes</wf>
         <wf lemma="du" pos="X">du</wf>
         <wf lemma="det" pos="X">det</wf>
         <wf lemma="er" pos="X">er</wf>
         <wf lemma="noget" pos="X">noget</wf>
         <wf lemma="som" pos="X">som</wf>
         <wf lemma="du" pos="X">du</wf>
         <wf lemma="overhovedet" pos="X">overhovedet</wf>
         <wf lemma="kan" pos="X">kan</wf>
         <instance id="d000.s314.t000" lemma="forbinde" pos="VERB">forbinde</instance>
         <wf lemma="med" pos="X">med</wf>
         <wf lemma="noget" pos="X">noget</wf>
         <wf lemma="du" pos="X">du</wf>
         <wf lemma="skal" pos="X">skal</wf>
         <wf lemma="fremover" pos="X">fremover</wf>
         <wf lemma="?" pos="X">?</wf>
      </sentence>
      <sentence id="d000.s315" source="wordnet-danish">
         <wf lemma="På" pos="X">På</wf>
         <wf lemma="udstillingerne" pos="X">udstillingerne</wf>
         <wf lemma="kan" pos="X">kan</wf>
         <wf lemma="man" pos="X">man</wf>
         <wf lemma="få" pos="X">få</wf>
         <wf lemma="en" pos="X">en</wf>
         <instance id="d000.s315.t000" lemma="idé" pos="NOUN">idé</instance>
         <wf lemma="om" pos="X">om</wf>
         <wf lemma="i" pos="X">i</wf>
         <wf lemma="hvilken" pos="X">hvilken</wf>
         <wf lemma="retning" pos="X">retning</wf>
         <wf lemma="skandinavisk" pos="X">skandinavisk</wf>
         <wf lemma="møbeldesign" pos="X">møbeldesign</wf>
         <wf lemma="bevæger" pos="X">bevæger</wf>
         <wf lemma="sig" pos="X">sig</wf>
         <wf lemma="." pos="X">.</wf>
      </sentence>
      <sentence id="d000.s316" source="wordnet-danish">
         <wf lemma="Vi" pos="X">Vi</wf>
         <wf lemma="passerede" pos="X">passerede</wf>
         <wf lemma="skibene" pos="X">skibene</wf>
         <wf lemma="i" pos="X">i</wf>
         <wf lemma="en" pos="X">en</wf>
         <instance id="d000.s316.t000" lemma="afstand" pos="NOUN">afstand</instance>
         <wf lemma="af" pos="X">af</wf>
         <wf lemma="ca." pos="X">ca.</wf>
         <wf lemma="40" pos="X">40</wf>
         <wf lemma="meter" pos="X">meter</wf>
         <wf lemma="." pos="X">.</wf>
      </sentence>
      <sentence id="d000.s317" source="wordnet-danish">
         <wf lemma="En" pos="X">En</wf>
         <instance id="d000.s317.t000" lemma="trinvis" pos="ADJ">trinvis</instance>
         <wf lemma="sænkning" pos="X">sænkning</wf>
         <wf lemma="af" pos="X">af</wf>
         <wf lemma="rentefradrag" pos="X">rentefradrag</wf>
         <wf lemma="og" pos="X">og</wf>
         <wf lemma="renteskat" pos="X">renteskat</wf>
         <wf lemma="fra" pos="X">fra</wf>
         <wf lemma="50" pos="X">50</wf>
         <wf lemma="til" pos="X">til</wf>
         <wf lemma="40" pos="X">40</wf>
         <wf lemma="pct." pos="X">pct.</wf>
         <wf lemma="over" pos="X">over</wf>
         <wf lemma="en" pos="X">en</wf>
         <wf lemma="årrække" pos="X">årrække</wf>
         <wf lemma="ville" pos="X">ville</wf>
         <wf lemma="være" pos="X">være</wf>
         <wf lemma="det" pos="X">det</wf>
         <wf lemma="bedste" pos="X">bedste</wf>
         <wf lemma="middel" pos="X">middel</wf>
         <wf lemma="til" pos="X">til</wf>
         <wf lemma="at" pos="X">at</wf>
         <wf lemma="holde" pos="X">holde</wf>
         <wf lemma="forbruget" pos="X">forbruget</wf>
         <wf lemma="i" pos="X">i</wf>
         <wf lemma="ave" pos="X">ave</wf>
         <wf lemma="." pos="X">.</wf>
      </sentence>
      <sentence id="d000.s318" source="wordnet-danish">
         <wf lemma="Vi" pos="X">Vi</wf>
         <wf lemma="er" pos="X">er</wf>
         <wf lemma="vant" pos="X">vant</wf>
         <wf lemma="til" pos="X">til</wf>
         <wf lemma="at" pos="X">at</wf>
         <instance id="d000.s318.t000" lemma="tænke" pos="VERB">tænke</instance>
         <wf lemma="i" pos="X">i</wf>
         <wf lemma="billeder" pos="X">billeder</wf>
         <wf lemma="og" pos="X">og</wf>
         <wf lemma="tekst" pos="X">tekst</wf>
         <wf lemma="." pos="X">.</wf>
         <wf lemma="Men" pos="X">Men</wf>
         <wf lemma="til" pos="X">til</wf>
         <wf lemma="radiomediet" pos="X">radiomediet</wf>
         <wf lemma="skal" pos="X">skal</wf>
         <wf lemma="der" pos="X">der</wf>
         <wf lemma="tænkes" pos="X">tænkes</wf>
         <wf lemma="i" pos="X">i</wf>
         <wf lemma="lyd" pos="X">lyd</wf>
         <wf lemma="." pos="X">.</wf>
      </sentence>
      <sentence id="d000.s319" source="wordnet-danish">
         <wf lemma="Lisbet" pos="X">Lisbet</wf>
         <wf lemma="er" pos="X">er</wf>
         <wf lemma="ved" pos="X">ved</wf>
         <wf lemma="at" pos="X">at</wf>
         <wf lemma="gumle" pos="X">gumle</wf>
         <instance id="d000.s319.t000" lemma="chip" pos="NOUN">chips</instance>
         <wf lemma="i" pos="X">i</wf>
         <wf lemma="sig" pos="X">sig</wf>
         <wf lemma="." pos="X">.</wf>
         <wf lemma="Hun" pos="X">Hun</wf>
         <wf lemma="sidder" pos="X">sidder</wf>
         <wf lemma="med" pos="X">med</wf>
         <wf lemma="hele" pos="X">hele</wf>
         <wf lemma="den" pos="X">den</wf>
         <wf lemma="ene" pos="X">ene</wf>
         <wf lemma="arm" pos="X">arm</wf>
         <wf lemma="nede" pos="X">nede</wf>
         <wf lemma="i" pos="X">i</wf>
         <wf lemma="plasticposen" pos="X">plasticposen</wf>
         <wf lemma="." pos="X">.</wf>
      </sentence>
      <sentence id="d000.s320" source="wordnet-danish">
         <instance id="d000.s320.t000" lemma="bemærke" pos="VERB">bemærk</instance>
         <wf lemma="," pos="X">,</wf>
         <wf lemma="at" pos="X">at</wf>
         <wf lemma="nævnte" pos="X">nævnte</wf>
         <wf lemma="pris" pos="X">pris</wf>
         <wf lemma="også" pos="X">også</wf>
         <wf lemma="inkluderer" pos="X">inkluderer</wf>
         <wf lemma="alle" pos="X">alle</wf>
         <wf lemma="drikkevarer" pos="X">drikkevarer</wf>
         <wf lemma="." pos="X">.</wf>
      </sentence>
      <sentence id="d000.s321" source="wordnet-danish">
         <wf lemma="Munkebjerg" pos="X">Munkebjerg</wf>
         <wf lemma="er" pos="X">er</wf>
         <wf lemma="et" pos="X">et</wf>
         <wf lemma="dansk" pos="X">dansk</wf>
         <wf lemma="casino" pos="X">casino</wf>
         <wf lemma="med" pos="X">med</wf>
         <wf lemma="en" pos="X">en</wf>
         <wf lemma="særlig" pos="X">særlig</wf>
         <wf lemma="dansk" pos="X">dansk</wf>
         <instance id="d000.s321.t000" lemma="atmosfære" pos="NOUN">atmosfære</instance>
         <wf lemma="." pos="X">.</wf>
      </sentence>
      <sentence id="d000.s322" source="wordnet-danish">
         <wf lemma="Denne" pos="X">Denne</wf>
         <wf lemma="søndag" pos="X">søndag</wf>
         <wf lemma="morgen" pos="X">morgen</wf>
         <wf lemma="vågnede" pos="X">vågnede</wf>
         <wf lemma="hele" pos="X">hele</wf>
         <instance id="d000.s322.t000" lemma="hus" pos="NOUN">huset</instance>
         <wf lemma="meget" pos="X">meget</wf>
         <wf lemma="sent" pos="X">sent</wf>
         <wf lemma="." pos="X">.</wf>
      </sentence>
      <sentence id="d000.s323" source="wordnet-danish">
         <wf lemma="Min" pos="X">Min</wf>
         <instance id="d000.s323.t000" lemma="bøf" pos="NOUN">bøf</instance>
         <wf lemma=".." pos="X">..</wf>
         <wf lemma="var" pos="X">var</wf>
         <wf lemma="mør" pos="X">mør</wf>
         <wf lemma="," pos="X">,</wf>
         <wf lemma="medium" pos="X">medium</wf>
         <wf lemma="stegt" pos="X">stegt</wf>
         <wf lemma="og" pos="X">og</wf>
         <wf lemma="serveret" pos="X">serveret</wf>
         <wf lemma="med" pos="X">med</wf>
         <wf lemma="en" pos="X">en</wf>
         <wf lemma="krydret" pos="X">krydret</wf>
         <wf lemma="kartoffelmos" pos="X">kartoffelmos</wf>
         <wf lemma="," pos="X">,</wf>
         <wf lemma="sprøde" pos="X">sprøde</wf>
         <wf lemma="haricot" pos="X">haricot</wf>
         <wf lemma="verts" pos="X">verts</wf>
         <wf lemma="og" pos="X">og</wf>
         <wf lemma="babymajs" pos="X">babymajs</wf>
         <wf lemma="i" pos="X">i</wf>
         <wf lemma="en" pos="X">en</wf>
         <wf lemma="skysauce" pos="X">skysauce</wf>
         <wf lemma="." pos="X">.</wf>
      </sentence>
      <sentence id="d000.s324" source="wordnet-danish">
         <wf lemma="Hvert" pos="X">Hvert</wf>
         <wf lemma="år" pos="X">år</wf>
         <wf lemma="afholder" pos="X">afholder</wf>
         <wf lemma="[" pos="X">[</wf>
         <wf lemma="Dansk" pos="X">Dansk</wf>
         <wf lemma="Ornitologisk" pos="X">Ornitologisk</wf>
         <wf lemma="Forening" pos="X">Forening</wf>
         <wf lemma="]" pos="X">]</wf>
         <wf lemma="over" pos="X">over</wf>
         <wf lemma="100" pos="X">100</wf>
         <wf lemma="møder" pos="X">møder</wf>
         <wf lemma="med" pos="X">med</wf>
         <instance id="d000.s324.t000" lemma="foredrag" pos="NOUN">foredrag</instance>
         <wf lemma="," pos="X">,</wf>
         <wf lemma="film" pos="X">film</wf>
         <wf lemma="og" pos="X">og</wf>
         <wf lemma="diskussioner" pos="X">diskussioner</wf>
         <wf lemma="." pos="X">.</wf>
      </sentence>
      <sentence id="d000.s325" source="wordnet-danish">
         <wf lemma="Ved" pos="X">Ved</wf>
         <wf lemma="det" pos="X">det</wf>
         <wf lemma="brutale" pos="X">brutale</wf>
         <wf lemma="sammenstød" pos="X">sammenstød</wf>
         <wf lemma="i" pos="X">i</wf>
         <wf lemma="3.000" pos="X">3.000</wf>
         <instance id="d000.s325.t000" lemma="fod" pos="NOUN">fods</instance>
         <wf lemma="højde" pos="X">højde</wf>
         <wf lemma="blev" pos="X">blev</wf>
         <wf lemma="svæveflyet" pos="X">svæveflyet</wf>
         <wf lemma="flækket" pos="X">flækket</wf>
         <wf lemma="på" pos="X">på</wf>
         <wf lemma="langs" pos="X">langs</wf>
         <wf lemma="." pos="X">.</wf>
      </sentence>
      <sentence id="d000.s326" source="wordnet-danish">
         <wf lemma="Her" pos="X">Her</wf>
         <wf lemma="sender" pos="X">sender</wf>
         <wf lemma="min" pos="X">min</wf>
         <wf lemma="far" pos="X">far</wf>
         <wf lemma="en" pos="X">en</wf>
         <instance id="d000.s326.t000" lemma="prøve" pos="NOUN">prøve</instance>
         <wf lemma="på" pos="X">på</wf>
         <wf lemma="sommerens" pos="X">sommerens</wf>
         <wf lemma="første" pos="X">første</wf>
         <wf lemma="frugter" pos="X">frugter</wf>
         <wf lemma="." pos="X">.</wf>
      </sentence>
      <sentence id="d000.s327" source="wordnet-danish">
         <wf lemma="Modempriserne" pos="X">Modempriserne</wf>
         <wf lemma="er" pos="X">er</wf>
         <wf lemma="faldet" pos="X">faldet</wf>
         <wf lemma="så" pos="X">så</wf>
         <wf lemma="meget" pos="X">meget</wf>
         <wf lemma="," pos="X">,</wf>
         <wf lemma="at" pos="X">at</wf>
         <wf lemma="det" pos="X">det</wf>
         <wf lemma="efterhånden" pos="X">efterhånden</wf>
         <wf lemma="er" pos="X">er</wf>
         <wf lemma="blevet" pos="X">blevet</wf>
         <wf lemma="meget" pos="X">meget</wf>
         <wf lemma="svært" pos="X">svært</wf>
         <wf lemma="for" pos="X">for</wf>
         <wf lemma="leverandørerne" pos="X">leverandørerne</wf>
         <wf lemma="at" pos="X">at</wf>
         <instance id="d000.s327.t000" lemma="generere" pos="VERB">generere</instance>
         <wf lemma="et" pos="X">et</wf>
         <wf lemma="overskud" pos="X">overskud</wf>
         <wf lemma="." pos="X">.</wf>
      </sentence>
      <sentence id="d000.s328" source="wordnet-danish">
         <instance id="d000.s328.t000" lemma="musiker" pos="NOUN">Musikerne</instance>
         <wf lemma="var" pos="X">var</wf>
         <wf lemma="ved" pos="X">ved</wf>
         <wf lemma="at" pos="X">at</wf>
         <wf lemma="stille" pos="X">stille</wf>
         <wf lemma="instrumenter" pos="X">instrumenter</wf>
         <wf lemma="op" pos="X">op</wf>
         <wf lemma="," pos="X">,</wf>
         <wf lemma="og" pos="X">og</wf>
         <wf lemma="det" pos="X">det</wf>
         <wf lemma="så" pos="X">så</wf>
         <wf lemma="godt" pos="X">godt</wf>
         <wf lemma="ud" pos="X">ud</wf>
         <wf lemma="." pos="X">.</wf>
         <wf lemma="Klaver" pos="X">Klaver</wf>
         <wf lemma="," pos="X">,</wf>
         <wf lemma="guitar" pos="X">guitar</wf>
         <wf lemma="," pos="X">,</wf>
         <wf lemma="bas" pos="X">bas</wf>
         <wf lemma="," pos="X">,</wf>
         <wf lemma="klarinet" pos="X">klarinet</wf>
         <wf lemma="og" pos="X">og</wf>
         <wf lemma="trommer" pos="X">trommer</wf>
         <wf lemma="." pos="X">.</wf>
      </sentence>
      <sentence id="d000.s329" source="wordnet-danish">
         <instance id="d000.s329.t000" lemma="blande" pos="VERB">Bland</instance>
         <wf lemma="alle" pos="X">alle</wf>
         <wf lemma="grøntsagerne" pos="X">grøntsagerne</wf>
         <wf lemma="," pos="X">,</wf>
         <wf lemma="farin" pos="X">farin</wf>
         <wf lemma="," pos="X">,</wf>
         <wf lemma="vineddike" pos="X">vineddike</wf>
         <wf lemma="og" pos="X">og</wf>
         <wf lemma="salt" pos="X">salt</wf>
         <wf lemma="i" pos="X">i</wf>
         <wf lemma="en" pos="X">en</wf>
         <wf lemma="gryde" pos="X">gryde</wf>
         <wf lemma="og" pos="X">og</wf>
         <wf lemma="kog" pos="X">kog</wf>
         <wf lemma="det" pos="X">det</wf>
         <wf lemma="ved" pos="X">ved</wf>
         <wf lemma="svag" pos="X">svag</wf>
         <wf lemma="varme" pos="X">varme</wf>
         <wf lemma="." pos="X">.</wf>
      </sentence>
      <sentence id="d000.s330" source="wordnet-danish">
         <wf lemma="vi" pos="X">vi</wf>
         <wf lemma="er" pos="X">er</wf>
         <wf lemma="i" pos="X">i</wf>
         <wf lemma="en" pos="X">en</wf>
         <wf lemma="brydningstid" pos="X">brydningstid</wf>
         <wf lemma="," pos="X">,</wf>
         <wf lemma="hvor" pos="X">hvor</wf>
         <wf lemma="idrætten" pos="X">idrætten</wf>
         <wf lemma="bliver" pos="X">bliver</wf>
         <instance id="d000.s330.t000" lemma="kommercialisere" pos="VERB">kommercialiseret</instance>
         <wf lemma="," pos="X">,</wf>
         <wf lemma="og" pos="X">og</wf>
         <wf lemma="den" pos="X">den</wf>
         <wf lemma="tendens" pos="X">tendens</wf>
         <wf lemma="vil" pos="X">vil</wf>
         <wf lemma="sive" pos="X">sive</wf>
         <wf lemma="ud" pos="X">ud</wf>
         <wf lemma="i" pos="X">i</wf>
         <wf lemma="det" pos="X">det</wf>
         <wf lemma="frivillige" pos="X">frivillige</wf>
         <wf lemma="idrætsliv" pos="X">idrætsliv</wf>
         <wf lemma="." pos="X">.</wf>
      </sentence>
      <sentence id="d000.s331" source="wordnet-danish">
         <wf lemma="staten" pos="X">staten</wf>
         <wf lemma="vil" pos="X">vil</wf>
         <wf lemma="stille" pos="X">stille</wf>
         <instance id="d000.s331.t000" lemma="garanti" pos="NOUN">garanti</instance>
         <wf lemma="for" pos="X">for</wf>
         <wf lemma="halvdelen" pos="X">halvdelen</wf>
         <wf lemma="af" pos="X">af</wf>
         <wf lemma="risikoen" pos="X">risikoen</wf>
         <wf lemma="ved" pos="X">ved</wf>
         <wf lemma="lånene" pos="X">lånene</wf>
         <wf lemma="til" pos="X">til</wf>
         <wf lemma="de" pos="X">de</wf>
         <wf lemma="nyetablerede" pos="X">nyetablerede</wf>
         <wf lemma="virksomheder" pos="X">virksomheder</wf>
         <wf lemma="." pos="X">.</wf>
      </sentence>
      <sentence id="d000.s332" source="wordnet-danish">
         <wf lemma="En" pos="X">En</wf>
         <wf lemma="seks-fodet" pos="X">seks-fodet</wf>
         <wf lemma="insektlignende" pos="X">insektlignende</wf>
         <instance id="d000.s332.t000" lemma="robot" pos="NOUN">robot</instance>
         <wf lemma=".." pos="X">..</wf>
         <wf lemma="er" pos="X">er</wf>
         <wf lemma="udviklet" pos="X">udviklet</wf>
         <wf lemma="af" pos="X">af</wf>
         <wf lemma="japanske" pos="X">japanske</wf>
         <wf lemma="Toshiba" pos="X">Toshiba</wf>
         <wf lemma="." pos="X">.</wf>
         <wf lemma="Den" pos="X">Den</wf>
         <wf lemma="kan" pos="X">kan</wf>
         <wf lemma="kravle" pos="X">kravle</wf>
         <wf lemma="ind" pos="X">ind</wf>
         <wf lemma="i" pos="X">i</wf>
         <wf lemma="defekte" pos="X">defekte</wf>
         <wf lemma="atomkraft-reaktorer" pos="X">atomkraft-reaktorer</wf>
         <wf lemma="." pos="X">.</wf>
      </sentence>
      <sentence id="d000.s333" source="wordnet-danish">
         <wf lemma="En" pos="X">En</wf>
         <wf lemma="komet" pos="X">komet</wf>
         <wf lemma="," pos="X">,</wf>
         <wf lemma="der" pos="X">der</wf>
         <wf lemma="først" pos="X">først</wf>
         <wf lemma="blev" pos="X">blev</wf>
         <instance id="d000.s333.t000" lemma="opdage" pos="VERB">opdaget</instance>
         <wf lemma="for" pos="X">for</wf>
         <wf lemma="et" pos="X">et</wf>
         <wf lemma="par" pos="X">par</wf>
         <wf lemma="dage" pos="X">dage</wf>
         <wf lemma="siden" pos="X">siden</wf>
         <wf lemma="," pos="X">,</wf>
         <wf lemma="vil" pos="X">vil</wf>
         <wf lemma="fra" pos="X">fra</wf>
         <wf lemma="natten" pos="X">natten</wf>
         <wf lemma="til" pos="X">til</wf>
         <wf lemma="fredag" pos="X">fredag</wf>
         <wf lemma="og" pos="X">og</wf>
         <wf lemma="formentlig" pos="X">formentlig</wf>
         <wf lemma="et" pos="X">et</wf>
         <wf lemma="par" pos="X">par</wf>
         <wf lemma="uger" pos="X">uger</wf>
         <wf lemma="frem" pos="X">frem</wf>
         <wf lemma="kunne" pos="X">kunne</wf>
         <wf lemma="ses" pos="X">ses</wf>
         <wf lemma="på" pos="X">på</wf>
         <wf lemma="nattehimlen" pos="X">nattehimlen</wf>
         <wf lemma="." pos="X">.</wf>
      </sentence>
      <sentence id="d000.s334" source="wordnet-danish">
         <wf lemma="Det" pos="X">Det</wf>
         <wf lemma="ville" pos="X">ville</wf>
         <wf lemma="kaste" pos="X">kaste</wf>
         <instance id="d000.s334.t000" lemma="skam" pos="NOUN">skam</instance>
         <wf lemma="over" pos="X">over</wf>
         <wf lemma="hendes" pos="X">hendes</wf>
         <wf lemma="forældre" pos="X">forældre</wf>
         <wf lemma="," pos="X">,</wf>
         <wf lemma="hvis" pos="X">hvis</wf>
         <wf lemma="hun" pos="X">hun</wf>
         <wf lemma="blev" pos="X">blev</wf>
         <wf lemma="væk" pos="X">væk</wf>
         <wf lemma="," pos="X">,</wf>
         <wf lemma="og" pos="X">og</wf>
         <wf lemma="de" pos="X">de</wf>
         <wf lemma="skulle" pos="X">skulle</wf>
         <wf lemma="ikke" pos="X">ikke</wf>
         <wf lemma="have" pos="X">have</wf>
         <wf lemma="skam" pos="X">skam</wf>
         <wf lemma="af" pos="X">af</wf>
         <wf lemma="hende" pos="X">hende</wf>
         <wf lemma="." pos="X">.</wf>
      </sentence>
      <sentence id="d000.s335" source="wordnet-danish">
         <wf lemma="Til" pos="X">Til</wf>
         <wf lemma="hovedretten" pos="X">hovedretten</wf>
         <instance id="d000.s335.t000" lemma="rekommandere" pos="VERB">rekommanderer</instance>
         <wf lemma="han" pos="X">han</wf>
         <wf lemma="et" pos="X">et</wf>
         <wf lemma="'kanonslag'" pos="X">'kanonslag'</wf>
         <wf lemma="af" pos="X">af</wf>
         <wf lemma="en" pos="X">en</wf>
         <wf lemma="rødvin" pos="X">rødvin</wf>
         <wf lemma="fra" pos="X">fra</wf>
         <wf lemma="Penedes" pos="X">Penedes</wf>
         <wf lemma="i" pos="X">i</wf>
         <wf lemma="Nordøstspanien" pos="X">Nordøstspanien</wf>
         <wf lemma="." pos="X">.</wf>
      </sentence>
      <sentence id="d000.s336" source="wordnet-danish">
         <wf lemma="Samtidig" pos="X">Samtidig</wf>
         <wf lemma="fandt" pos="X">fandt</wf>
         <instance id="d000.s336.t000" lemma="besættelse" pos="NOUN">besættelsen</instance>
         <wf lemma="af" pos="X">af</wf>
         <wf lemma="Norge" pos="X">Norge</wf>
         <wf lemma="sted" pos="X">sted</wf>
         <wf lemma="." pos="X">.</wf>
         <wf lemma="Den" pos="X">Den</wf>
         <wf lemma="skulle" pos="X">skulle</wf>
         <wf lemma="ikke" pos="X">ikke</wf>
         <wf lemma="gå" pos="X">gå</wf>
         <wf lemma="helt" pos="X">helt</wf>
         <wf lemma="så" pos="X">så</wf>
         <wf lemma="glat" pos="X">glat</wf>
         <wf lemma="som" pos="X">som</wf>
         <wf lemma="besættelsen" pos="X">besættelsen</wf>
         <wf lemma="af" pos="X">af</wf>
         <wf lemma="Danmark" pos="X">Danmark</wf>
         <wf lemma="." pos="X">.</wf>
      </sentence>
      <sentence id="d000.s337" source="wordnet-danish">
         <wf lemma="Mars" pos="X">Mars</wf>
         <wf lemma="er" pos="X">er</wf>
         <wf lemma="i" pos="X">i</wf>
         <wf lemma="dag" pos="X">dag</wf>
         <wf lemma="en" pos="X">en</wf>
         <wf lemma="kold" pos="X">kold</wf>
         <wf lemma="og" pos="X">og</wf>
         <wf lemma="livløs" pos="X">livløs</wf>
         <instance id="d000.s337.t000" lemma="plan" pos="NOUN">planet</instance>
         <wf lemma="." pos="X">.</wf>
         <wf lemma="Men" pos="X">Men</wf>
         <wf lemma="på" pos="X">på</wf>
         <wf lemma="planetens" pos="X">planetens</wf>
         <wf lemma="overflade" pos="X">overflade</wf>
         <wf lemma="har" pos="X">har</wf>
         <wf lemma="astronomer" pos="X">astronomer</wf>
         <wf lemma="fundet" pos="X">fundet</wf>
         <wf lemma="tegn" pos="X">tegn</wf>
         <wf lemma="på" pos="X">på</wf>
         <wf lemma="," pos="X">,</wf>
         <wf lemma="at" pos="X">at</wf>
         <wf lemma="der" pos="X">der</wf>
         <wf lemma="har" pos="X">har</wf>
         <wf lemma="været" pos="X">været</wf>
         <wf lemma="vand" pos="X">vand</wf>
         <wf lemma="." pos="X">.</wf>
      </sentence>
      <sentence id="d000.s338" source="wordnet-danish">
         <instance id="d000.s338.t000" lemma="majestæt" pos="NOUN">Majestæten</instance>
         <wf lemma="gav" pos="X">gav</wf>
         <wf lemma="os" pos="X">os</wf>
         <wf lemma="et" pos="X">et</wf>
         <wf lemma="godt" pos="X">godt</wf>
         <wf lemma="," pos="X">,</wf>
         <wf lemma="gammeldags" pos="X">gammeldags</wf>
         <wf lemma="møgfald" pos="X">møgfald</wf>
         <wf lemma="i" pos="X">i</wf>
         <wf lemma="nytårstalen" pos="X">nytårstalen</wf>
         <wf lemma="på" pos="X">på</wf>
         <wf lemma="TV" pos="X">TV</wf>
         <wf lemma="--" pos="X">--</wf>
         <wf lemma="hurra" pos="X">hurra</wf>
         <wf lemma="for" pos="X">for</wf>
         <wf lemma="det" pos="X">det</wf>
         <wf lemma="," pos="X">,</wf>
         <wf lemma="Margrethe" pos="X">Margrethe</wf>
         <wf lemma="." pos="X">.</wf>
      </sentence>
      <sentence id="d000.s339" source="wordnet-danish">
         <wf lemma="Der" pos="X">Der</wf>
         <wf lemma="blev" pos="X">blev</wf>
         <wf lemma="lavet" pos="X">lavet</wf>
         <wf lemma="nye" pos="X">nye</wf>
         <wf lemma="harpun-" pos="X">harpun-</wf>
         <wf lemma="og" pos="X">og</wf>
         <wf lemma="spydskafter" pos="X">spydskafter</wf>
         <wf lemma="af" pos="X">af</wf>
         <wf lemma="træ" pos="X">træ</wf>
         <wf lemma="," pos="X">,</wf>
         <wf lemma="og" pos="X">og</wf>
         <wf lemma="nye" pos="X">nye</wf>
         <instance id="d000.s339.t000" lemma="spids" pos="NOUN">spidser</instance>
         <wf lemma="til" pos="X">til</wf>
         <wf lemma="spyd" pos="X">spyd</wf>
         <wf lemma="og" pos="X">og</wf>
         <wf lemma="pile" pos="X">pile</wf>
         <wf lemma="af" pos="X">af</wf>
         <wf lemma="ben" pos="X">ben</wf>
         <wf lemma="og" pos="X">og</wf>
         <wf lemma="jern" pos="X">jern</wf>
         <wf lemma="." pos="X">.</wf>
      </sentence>
      <sentence id="d000.s340" source="wordnet-danish">
         <wf lemma="for" pos="X">for</wf>
         <wf lemma="en" pos="X">en</wf>
         <wf lemma="jøde" pos="X">jøde</wf>
         <wf lemma="i" pos="X">i</wf>
         <wf lemma="Israel" pos="X">Israel</wf>
         <wf lemma="faldt" pos="X">faldt</wf>
         <wf lemma="det" pos="X">det</wf>
         <wf lemma="ikke" pos="X">ikke</wf>
         <wf lemma="så" pos="X">så</wf>
         <wf lemma="let" pos="X">let</wf>
         <wf lemma="som" pos="X">som</wf>
         <wf lemma="for" pos="X">for</wf>
         <wf lemma="os" pos="X">os</wf>
         <wf lemma="at" pos="X">at</wf>
         <wf lemma="skelne" pos="X">skelne</wf>
         <wf lemma="mellem" pos="X">mellem</wf>
         <instance id="d000.s340.t000" lemma="politik" pos="NOUN">politik</instance>
         <wf lemma="og" pos="X">og</wf>
         <wf lemma="religion" pos="X">religion</wf>
         <wf lemma=":" pos="X">:</wf>
         <wf lemma="samfundets" pos="X">samfundets</wf>
         <wf lemma="lov" pos="X">lov</wf>
         <wf lemma="var" pos="X">var</wf>
         <wf lemma="jo" pos="X">jo</wf>
         <wf lemma="Guds" pos="X">Guds</wf>
         <wf lemma="lov" pos="X">lov</wf>
         <wf lemma="." pos="X">.</wf>
      </sentence>
      <sentence id="d000.s341" source="wordnet-danish">
         <wf lemma="I" pos="X">I</wf>
         <wf lemma="planteskolerne" pos="X">planteskolerne</wf>
         <wf lemma="vrimler" pos="X">vrimler</wf>
         <wf lemma="det" pos="X">det</wf>
         <wf lemma="med" pos="X">med</wf>
         <wf lemma="dejlige" pos="X">dejlige</wf>
         <wf lemma="," pos="X">,</wf>
         <wf lemma="tætte" pos="X">tætte</wf>
         <instance id="d000.s341.t000" lemma="plante" pos="NOUN">planter</instance>
         <wf lemma="," pos="X">,</wf>
         <wf lemma="der" pos="X">der</wf>
         <wf lemma="viser" pos="X">viser</wf>
         <wf lemma="deres" pos="X">deres</wf>
         <wf lemma="første" pos="X">første</wf>
         <wf lemma="blomster" pos="X">blomster</wf>
         <wf lemma="." pos="X">.</wf>
      </sentence>
      <sentence id="d000.s342" source="wordnet-danish">
         <wf lemma="Han" pos="X">Han</wf>
         <wf lemma="sænkede" pos="X">sænkede</wf>
         <instance id="d000.s342.t000" lemma="avis" pos="NOUN">avisen</instance>
         <wf lemma="under" pos="X">under</wf>
         <wf lemma="øjenhøjde" pos="X">øjenhøjde</wf>
         <wf lemma="," pos="X">,</wf>
         <wf lemma="nikkede" pos="X">nikkede</wf>
         <wf lemma="og" pos="X">og</wf>
         <wf lemma="løftede" pos="X">løftede</wf>
         <wf lemma="en" pos="X">en</wf>
         <wf lemma="hånd" pos="X">hånd</wf>
         <wf lemma="til" pos="X">til</wf>
         <wf lemma="hilsen" pos="X">hilsen</wf>
         <wf lemma="." pos="X">.</wf>
      </sentence>
      <sentence id="d000.s343" source="wordnet-danish">
         <wf lemma="Han" pos="X">Han</wf>
         <wf lemma="sprang" pos="X">sprang</wf>
         <wf lemma="op" pos="X">op</wf>
         <wf lemma="og" pos="X">og</wf>
         <instance id="d000.s343.t000" lemma="børste" pos="VERB">børstede</instance>
         <wf lemma="sandet" pos="X">sandet</wf>
         <wf lemma="af" pos="X">af</wf>
         <wf lemma="sig" pos="X">sig</wf>
         <wf lemma="." pos="X">.</wf>
      </sentence>
      <sentence id="d000.s344" source="wordnet-danish">
         <wf lemma="12" pos="X">12</wf>
         <wf lemma="stemmesedler" pos="X">stemmesedler</wf>
         <wf lemma="var" pos="X">var</wf>
         <instance id="d000.s344.t000" lemma="blank" pos="ADJ">blanke</instance>
         <wf lemma="." pos="X">.</wf>
      </sentence>
      <sentence id="d000.s345" source="wordnet-danish">
         <wf lemma="Den" pos="X">Den</wf>
         <wf lemma="nye" pos="X">nye</wf>
         <wf lemma="rektor" pos="X">rektor</wf>
         <wf lemma="er" pos="X">er</wf>
         <wf lemma="historiker" pos="X">historiker</wf>
         <wf lemma="og" pos="X">og</wf>
         <instance id="d000.s345.t000" lemma="specialist" pos="NOUN">specialist</instance>
         <wf lemma="i" pos="X">i</wf>
         <wf lemma="antikken" pos="X">antikken</wf>
         <wf lemma="og" pos="X">og</wf>
         <wf lemma="den" pos="X">den</wf>
         <wf lemma="tidlige" pos="X">tidlige</wf>
         <wf lemma="middelalder" pos="X">middelalder</wf>
         <wf lemma="." pos="X">.</wf>
      </sentence>
      <sentence id="d000.s346" source="wordnet-danish">
         <wf lemma="De" pos="X">De</wf>
         <wf lemma="yndefulde" pos="X">yndefulde</wf>
         <wf lemma="snefnug" pos="X">snefnug</wf>
         <wf lemma="klippes" pos="X">klippes</wf>
         <wf lemma="af" pos="X">af</wf>
         <wf lemma="hvidt" pos="X">hvidt</wf>
         <wf lemma="kopipapir" pos="X">kopipapir</wf>
         <wf lemma="." pos="X">.</wf>
         <wf lemma="Klip" pos="X">Klip</wf>
         <wf lemma="et" pos="X">et</wf>
         <instance id="d000.s346.t000" lemma="kvadrat" pos="NOUN">kvadrat</instance>
         <wf lemma="på" pos="X">på</wf>
         <wf lemma="10x10" pos="X">10x10</wf>
         <wf lemma="cm" pos="X">cm</wf>
         <wf lemma="og" pos="X">og</wf>
         <wf lemma="fold" pos="X">fold</wf>
         <wf lemma="det" pos="X">det</wf>
         <wf lemma="tre" pos="X">tre</wf>
         <wf lemma="gange" pos="X">gange</wf>
         <wf lemma="." pos="X">.</wf>
      </sentence>
      <sentence id="d000.s347" source="wordnet-danish">
         <wf lemma="Den" pos="X">Den</wf>
         <wf lemma="næste" pos="X">næste</wf>
         <wf lemma="dag" pos="X">dag</wf>
         <wf lemma="var" pos="X">var</wf>
         <wf lemma="Skram" pos="X">Skram</wf>
         <wf lemma="i" pos="X">i</wf>
         <wf lemma="byen" pos="X">byen</wf>
         <wf lemma="for" pos="X">for</wf>
         <wf lemma="at" pos="X">at</wf>
         <wf lemma="købe" pos="X">købe</wf>
         <wf lemma="ægte" pos="X">ægte</wf>
         <wf lemma="duelpistoler" pos="X">duelpistoler</wf>
         <wf lemma="." pos="X">.</wf>
         <wf lemma="." pos="X">.</wf>
         <wf lemma="Schyberg" pos="X">Schyberg</wf>
         <wf lemma="havde" pos="X">havde</wf>
         <wf lemma="håbet" pos="X">håbet</wf>
         <wf lemma="på" pos="X">på</wf>
         <wf lemma="en" pos="X">en</wf>
         <instance id="d000.s347.t000" lemma="kamp" pos="NOUN">kamp</instance>
         <wf lemma="på" pos="X">på</wf>
         <wf lemma="sabel" pos="X">sabel</wf>
         <wf lemma="eller" pos="X">eller</wf>
         <wf lemma="huggerter" pos="X">huggerter</wf>
         <wf lemma="." pos="X">.</wf>
      </sentence>
      <sentence id="d000.s348" source="wordnet-danish">
         <wf lemma="Mos" pos="X">Mos</wf>
         <wf lemma="er" pos="X">er</wf>
         <wf lemma="smukt" pos="X">smukt</wf>
         <wf lemma="," pos="X">,</wf>
         <wf lemma="når" pos="X">når</wf>
         <wf lemma="det" pos="X">det</wf>
         <wf lemma="som" pos="X">som</wf>
         <instance id="d000.s348.t000" lemma="fløjl" pos="NOUN">fløjl</instance>
         <wf lemma="dækker" pos="X">dækker</wf>
         <wf lemma="en" pos="X">en</wf>
         <wf lemma="træstub" pos="X">træstub</wf>
         <wf lemma="." pos="X">.</wf>
      </sentence>
      <sentence id="d000.s349" source="wordnet-danish">
         <wf lemma="Langsomt" pos="X">Langsomt</wf>
         <wf lemma="gik" pos="X">gik</wf>
         <wf lemma="Potter" pos="X">Potter</wf>
         <wf lemma="frem" pos="X">frem</wf>
         <wf lemma="til" pos="X">til</wf>
         <wf lemma="det" pos="X">det</wf>
         <wf lemma="bratte" pos="X">bratte</wf>
         <instance id="d000.s349.t000" lemma="fald" pos="NOUN">fald</instance>
         <wf lemma="ned" pos="X">ned</wf>
         <wf lemma="til" pos="X">til</wf>
         <wf lemma="den" pos="X">den</wf>
         <wf lemma="næste" pos="X">næste</wf>
         <wf lemma="dal" pos="X">dal</wf>
         <wf lemma="og" pos="X">og</wf>
         <wf lemma="lod" pos="X">lod</wf>
         <wf lemma="blikket" pos="X">blikket</wf>
         <wf lemma="glide" pos="X">glide</wf>
         <wf lemma="horisonten" pos="X">horisonten</wf>
         <wf lemma="rundt" pos="X">rundt</wf>
         <wf lemma="." pos="X">.</wf>
      </sentence>
      <sentence id="d000.s350" source="wordnet-danish">
         <wf lemma="nu" pos="X">nu</wf>
         <wf lemma="skal" pos="X">skal</wf>
         <wf lemma="vi" pos="X">vi</wf>
         <wf lemma="til" pos="X">til</wf>
         <instance id="d000.s350.t000" lemma="strand" pos="NOUN">stranden</instance>
         <wf lemma="og" pos="X">og</wf>
         <wf lemma="bade" pos="X">bade</wf>
         <wf lemma="." pos="X">.</wf>
      </sentence>
      <sentence id="d000.s351" source="wordnet-danish">
         <wf lemma="Kim" pos="X">Kim</wf>
         <wf lemma="ville" pos="X">ville</wf>
         <wf lemma="være" pos="X">være</wf>
         <instance id="d000.s351.t000" lemma="star" pos="NOUN">star</instance>
         <wf lemma="." pos="X">.</wf>
         <wf lemma="Både" pos="X">Både</wf>
         <wf lemma="han" pos="X">han</wf>
         <wf lemma="og" pos="X">og</wf>
         <wf lemma="de" pos="X">de</wf>
         <wf lemma="andre" pos="X">andre</wf>
         <wf lemma="i" pos="X">i</wf>
         <wf lemma="Gasolin" pos="X">Gasolin</wf>
         <wf lemma=".." pos="X">..</wf>
         <wf lemma="troede" pos="X">troede</wf>
         <wf lemma="," pos="X">,</wf>
         <wf lemma="at" pos="X">at</wf>
         <wf lemma="de" pos="X">de</wf>
         <wf lemma="havde" pos="X">havde</wf>
         <wf lemma="nået" pos="X">nået</wf>
         <wf lemma="alt" pos="X">alt</wf>
         <wf lemma="hvad" pos="X">hvad</wf>
         <wf lemma="de" pos="X">de</wf>
         <wf lemma="kunne" pos="X">kunne</wf>
         <wf lemma="i" pos="X">i</wf>
         <wf lemma="Danmark" pos="X">Danmark</wf>
         <wf lemma="." pos="X">.</wf>
         <wf lemma="At" pos="X">At</wf>
         <wf lemma="fremtiden" pos="X">fremtiden</wf>
         <wf lemma="lå" pos="X">lå</wf>
         <wf lemma="'over" pos="X">'over</wf>
         <wf lemma="there'" pos="X">there'</wf>
         <wf lemma="." pos="X">.</wf>
      </sentence>
      <sentence id="d000.s352" source="wordnet-danish">
         <wf lemma="En" pos="X">En</wf>
         <wf lemma="god" pos="X">god</wf>
         <instance id="d000.s352.t000" lemma="stol" pos="NOUN">stol</instance>
         <wf lemma="skal" pos="X">skal</wf>
         <wf lemma="støtte" pos="X">støtte</wf>
         <wf lemma="i" pos="X">i</wf>
         <wf lemma="nakken" pos="X">nakken</wf>
         <wf lemma="og" pos="X">og</wf>
         <wf lemma="have" pos="X">have</wf>
         <wf lemma="et" pos="X">et</wf>
         <wf lemma="tilpas" pos="X">tilpas</wf>
         <wf lemma="fald" pos="X">fald</wf>
         <wf lemma="," pos="X">,</wf>
         <wf lemma="så" pos="X">så</wf>
         <wf lemma="man" pos="X">man</wf>
         <wf lemma="ikke" pos="X">ikke</wf>
         <wf lemma="skal" pos="X">skal</wf>
         <wf lemma="kæmpe" pos="X">kæmpe</wf>
         <wf lemma="for" pos="X">for</wf>
         <wf lemma="at" pos="X">at</wf>
         <wf lemma="holde" pos="X">holde</wf>
         <wf lemma="sig" pos="X">sig</wf>
         <wf lemma="oprejst" pos="X">oprejst</wf>
         <wf lemma="." pos="X">.</wf>
      </sentence>
      <sentence id="d000.s353" source="wordnet-danish">
         <wf lemma="naturgas" pos="X">naturgas</wf>
         <wf lemma=".." pos="X">..</wf>
         <wf lemma="er" pos="X">er</wf>
         <wf lemma="det" pos="X">det</wf>
         <wf lemma="reneste" pos="X">reneste</wf>
         <wf lemma="og" pos="X">og</wf>
         <wf lemma="bedste" pos="X">bedste</wf>
         <instance id="d000.s353.t000" lemma="brændstof" pos="NOUN">brændstof</instance>
         <wf lemma="," pos="X">,</wf>
         <wf lemma="man" pos="X">man</wf>
         <wf lemma="kender" pos="X">kender</wf>
         <wf lemma="." pos="X">.</wf>
      </sentence>
      <sentence id="d000.s354" source="wordnet-danish">
         <wf lemma="Snapsen" pos="X">Snapsen</wf>
         <wf lemma="trækker" pos="X">trækker</wf>
         <wf lemma="i" pos="X">i</wf>
         <wf lemma="tre" pos="X">tre</wf>
         <wf lemma="måneder" pos="X">måneder</wf>
         <wf lemma="på" pos="X">på</wf>
         <wf lemma="bærrene" pos="X">bærrene</wf>
         <wf lemma="," pos="X">,</wf>
         <wf lemma="og" pos="X">og</wf>
         <wf lemma="dette" pos="X">dette</wf>
         <wf lemma="bryg" pos="X">bryg</wf>
         <wf lemma="kan" pos="X">kan</wf>
         <wf lemma="drikkes" pos="X">drikkes</wf>
         <wf lemma="med" pos="X">med</wf>
         <wf lemma="det" pos="X">det</wf>
         <wf lemma="samme" pos="X">samme</wf>
         <wf lemma="," pos="X">,</wf>
         <wf lemma="men" pos="X">men</wf>
         <wf lemma="skal" pos="X">skal</wf>
         <instance id="d000.s354.t000" lemma="fortynde" pos="VERB">fortyndes</instance>
         <wf lemma="meget" pos="X">meget</wf>
         <wf lemma="." pos="X">.</wf>
      </sentence>
      <sentence id="d000.s355" source="wordnet-danish">
         <wf lemma="Jørn" pos="X">Jørn</wf>
         <wf lemma="Træholts" pos="X">Træholts</wf>
         <wf lemma="dybe" pos="X">dybe</wf>
         <wf lemma="," pos="X">,</wf>
         <instance id="d000.s355.t000" lemma="behagelig" pos="ADJ">behagelige</instance>
         <wf lemma="stemme" pos="X">stemme</wf>
         <wf lemma="er" pos="X">er</wf>
         <wf lemma="kendt" pos="X">kendt</wf>
         <wf lemma="af" pos="X">af</wf>
         <wf lemma="enhver" pos="X">enhver</wf>
         <wf lemma="Radioavis-lytter" pos="X">Radioavis-lytter</wf>
         <wf lemma="." pos="X">.</wf>
      </sentence>
      <sentence id="d000.s356" source="wordnet-danish">
         <wf lemma="Han" pos="X">Han</wf>
         <instance id="d000.s356.t000" lemma="grynte" pos="VERB">gryntede</instance>
         <wf lemma="snerrevorn" pos="X">snerrevorn</wf>
         <wf lemma="og" pos="X">og</wf>
         <wf lemma="vendte" pos="X">vendte</wf>
         <wf lemma="rygsiden" pos="X">rygsiden</wf>
         <wf lemma="til" pos="X">til</wf>
         <wf lemma="." pos="X">.</wf>
      </sentence>
      <sentence id="d000.s357" source="wordnet-danish">
         <wf lemma="40-året" pos="X">40-året</wf>
         <wf lemma="for" pos="X">for</wf>
         <wf lemma="Danmarks" pos="X">Danmarks</wf>
         <wf lemma="befrielse" pos="X">befrielse</wf>
         <wf lemma="markeres" pos="X">markeres</wf>
         <wf lemma="bl.a." pos="X">bl.a.</wf>
         <wf lemma="ved" pos="X">ved</wf>
         <wf lemma="udgivelsen" pos="X">udgivelsen</wf>
         <wf lemma="af" pos="X">af</wf>
         <wf lemma="et" pos="X">et</wf>
         <instance id="d000.s357.t000" lemma="frimærke" pos="NOUN">frimærke</instance>
         <wf lemma="tegnet" pos="X">tegnet</wf>
         <wf lemma="af" pos="X">af</wf>
         <wf lemma="Dronning" pos="X">Dronning</wf>
         <wf lemma="Margrethe" pos="X">Margrethe</wf>
         <wf lemma="." pos="X">.</wf>
      </sentence>
      <sentence id="d000.s358" source="wordnet-danish">
         <wf lemma="Han" pos="X">Han</wf>
         <wf lemma="trak" pos="X">trak</wf>
         <wf lemma="sin" pos="X">sin</wf>
         <wf lemma="lille" pos="X">lille</wf>
         <instance id="d000.s358.t000" lemma="lommebog" pos="NOUN">lommebog</instance>
         <wf lemma="frem" pos="X">frem</wf>
         <wf lemma="og" pos="X">og</wf>
         <wf lemma="noterede" pos="X">noterede</wf>
         <wf lemma="beløbet" pos="X">beløbet</wf>
         <wf lemma="." pos="X">.</wf>
      </sentence>
      <sentence id="d000.s359" source="wordnet-danish">
         <wf lemma="evnen" pos="X">evnen</wf>
         <wf lemma="til" pos="X">til</wf>
         <wf lemma="at" pos="X">at</wf>
         <wf lemma="blive" pos="X">blive</wf>
         <instance id="d000.s359.t000" lemma="gravid" pos="ADJ">gravid</instance>
         <wf lemma="falder" pos="X">falder</wf>
         <wf lemma="med" pos="X">med</wf>
         <wf lemma="alderen" pos="X">alderen</wf>
         <wf lemma="og" pos="X">og</wf>
         <wf lemma="især" pos="X">især</wf>
         <wf lemma="efter" pos="X">efter</wf>
         <wf lemma="40-årsalderen" pos="X">40-årsalderen</wf>
         <wf lemma="." pos="X">.</wf>
      </sentence>
      <sentence id="d000.s360" source="wordnet-danish">
         <wf lemma="'Kom" pos="X">'Kom</wf>
         <wf lemma="ind" pos="X">ind</wf>
         <wf lemma="," pos="X">,</wf>
         <wf lemma="'" pos="X">'</wf>
         <wf lemma="sagde" pos="X">sagde</wf>
         <wf lemma="han" pos="X">han</wf>
         <wf lemma="." pos="X">.</wf>
         <wf lemma="Døren" pos="X">Døren</wf>
         <wf lemma="gik" pos="X">gik</wf>
         <wf lemma="op" pos="X">op</wf>
         <wf lemma="," pos="X">,</wf>
         <wf lemma="og" pos="X">og</wf>
         <wf lemma="Kastan" pos="X">Kastan</wf>
         <wf lemma="stod" pos="X">stod</wf>
         <wf lemma="på" pos="X">på</wf>
         <instance id="d000.s360.t000" lemma="tærskel" pos="NOUN">tærsklen</instance>
         <wf lemma="." pos="X">.</wf>
      </sentence>
      <sentence id="d000.s361" source="wordnet-danish">
         <wf lemma="Peter" pos="X">Peter</wf>
         <wf lemma="Nielsen" pos="X">Nielsen</wf>
         <wf lemma="er" pos="X">er</wf>
         <wf lemma="påny" pos="X">påny</wf>
         <wf lemma="blevet" pos="X">blevet</wf>
         <instance id="d000.s361.t000" lemma="skade" pos="VERB">skadet</instance>
         <wf lemma="og" pos="X">og</wf>
         <wf lemma="må" pos="X">må</wf>
         <wf lemma="se" pos="X">se</wf>
         <wf lemma="en" pos="X">en</wf>
         <wf lemma="million-kontrakt" pos="X">million-kontrakt</wf>
         <wf lemma="briste" pos="X">briste</wf>
         <wf lemma="som" pos="X">som</wf>
         <wf lemma="en" pos="X">en</wf>
         <wf lemma="sæbeboble" pos="X">sæbeboble</wf>
         <wf lemma="." pos="X">.</wf>
      </sentence>
      <sentence id="d000.s362" source="wordnet-danish">
         <wf lemma="Hans" pos="X">Hans</wf>
         <wf lemma="succes" pos="X">succes</wf>
         <wf lemma="kom" pos="X">kom</wf>
         <wf lemma="perfekt" pos="X">perfekt</wf>
         <wf lemma="timet" pos="X">timet</wf>
         <wf lemma="på" pos="X">på</wf>
         <wf lemma="et" pos="X">et</wf>
         <wf lemma="tidspunkt" pos="X">tidspunkt</wf>
         <wf lemma="," pos="X">,</wf>
         <wf lemma="hvor" pos="X">hvor</wf>
         <wf lemma="han" pos="X">han</wf>
         <wf lemma="befandt" pos="X">befandt</wf>
         <wf lemma="sig" pos="X">sig</wf>
         <wf lemma="i" pos="X">i</wf>
         <wf lemma="et" pos="X">et</wf>
         <wf lemma="følelsesmæssigt" pos="X">følelsesmæssigt</wf>
         <instance id="d000.s362.t000" lemma="vakuum" pos="NOUN">vakuum</instance>
         <wf lemma="efter" pos="X">efter</wf>
         <wf lemma="en" pos="X">en</wf>
         <wf lemma="skilsmisse" pos="X">skilsmisse</wf>
         <wf lemma="." pos="X">.</wf>
      </sentence>
      <sentence id="d000.s363" source="wordnet-danish">
         <wf lemma="Ventiler" pos="X">Ventiler</wf>
         <wf lemma="og" pos="X">og</wf>
         <wf lemma="knastaksel" pos="X">knastaksel</wf>
         <wf lemma="er" pos="X">er</wf>
         <wf lemma="smuk" pos="X">smuk</wf>
         <instance id="d000.s363.t000" lemma="mekanik" pos="NOUN">mekanik</instance>
         <wf lemma="--" pos="X">--</wf>
         <wf lemma="absolut" pos="X">absolut</wf>
         <wf lemma="motorens" pos="X">motorens</wf>
         <wf lemma="ædlere" pos="X">ædlere</wf>
         <wf lemma="dele" pos="X">dele</wf>
         <wf lemma="." pos="X">.</wf>
      </sentence>
      <sentence id="d000.s364" source="wordnet-danish">
         <wf lemma="En" pos="X">En</wf>
         <wf lemma="smule" pos="X">smule</wf>
         <wf lemma="citronsaft" pos="X">citronsaft</wf>
         <wf lemma="giver" pos="X">giver</wf>
         <wf lemma="retten" pos="X">retten</wf>
         <wf lemma="en" pos="X">en</wf>
         <wf lemma="frisk" pos="X">frisk</wf>
         <instance id="d000.s364.t000" lemma="smag" pos="NOUN">smag</instance>
         <wf lemma="." pos="X">.</wf>
      </sentence>
      <sentence id="d000.s365" source="wordnet-danish">
         <wf lemma="I" pos="X">I</wf>
         <wf lemma="dag" pos="X">dag</wf>
         <wf lemma="er" pos="X">er</wf>
         <instance id="d000.s365.t000" lemma="sovs" pos="NOUN">sovsen</instance>
         <wf lemma="ofte" pos="X">ofte</wf>
         <wf lemma="erstattet" pos="X">erstattet</wf>
         <wf lemma="med" pos="X">med</wf>
         <wf lemma="en" pos="X">en</wf>
         <wf lemma="slags" pos="X">slags</wf>
         <wf lemma="dressing" pos="X">dressing</wf>
         <wf lemma="." pos="X">.</wf>
      </sentence>
      <sentence id="d000.s366" source="wordnet-danish">
         <wf lemma="For" pos="X">For</wf>
         <wf lemma="at" pos="X">at</wf>
         <wf lemma="assistenten" pos="X">assistenten</wf>
         <wf lemma="ikke" pos="X">ikke</wf>
         <wf lemma="skulle" pos="X">skulle</wf>
         <wf lemma="opdage" pos="X">opdage</wf>
         <wf lemma="bruddet" pos="X">bruddet</wf>
         <wf lemma="på" pos="X">på</wf>
         <instance id="d000.s366.t000" lemma="forsegling" pos="NOUN">forseglingen</instance>
         <wf lemma="," pos="X">,</wf>
         <wf lemma="åbnede" pos="X">åbnede</wf>
         <wf lemma="Edwards" pos="X">Edwards</wf>
         <wf lemma="selv" pos="X">selv</wf>
         <wf lemma="kuverten" pos="X">kuverten</wf>
         <wf lemma="for" pos="X">for</wf>
         <wf lemma="øjnene" pos="X">øjnene</wf>
         <wf lemma="af" pos="X">af</wf>
         <wf lemma="assistenten" pos="X">assistenten</wf>
         <wf lemma="." pos="X">.</wf>
      </sentence>
      <sentence id="d000.s367" source="wordnet-danish">
         <wf lemma="Indstukne" pos="X">Indstukne</wf>
         <wf lemma="låse" pos="X">låse</wf>
         <wf lemma="bør" pos="X">bør</wf>
         <wf lemma="kun" pos="X">kun</wf>
         <wf lemma="monteres" pos="X">monteres</wf>
         <wf lemma="i" pos="X">i</wf>
         <instance id="d000.s367.t000" lemma="dørplade" pos="NOUN">dørplader</instance>
         <wf lemma="med" pos="X">med</wf>
         <wf lemma="tilstrækkelige" pos="X">tilstrækkelige</wf>
         <wf lemma="tykkelser" pos="X">tykkelser</wf>
         <wf lemma="." pos="X">.</wf>
         <wf lemma="Ellers" pos="X">Ellers</wf>
         <wf lemma="foretrækkes" pos="X">foretrækkes</wf>
         <wf lemma="kasselåse" pos="X">kasselåse</wf>
         <wf lemma="." pos="X">.</wf>
      </sentence>
      <sentence id="d000.s368" source="wordnet-danish">
         <wf lemma="Så" pos="X">Så</wf>
         <wf lemma="er" pos="X">er</wf>
         <wf lemma="der" pos="X">der</wf>
         <instance id="d000.s368.t000" lemma="stævne" pos="NOUN">stævner</instance>
         <wf lemma="hvert" pos="X">hvert</wf>
         <wf lemma="år" pos="X">år</wf>
         <wf lemma="," pos="X">,</wf>
         <wf lemma="der" pos="X">der</wf>
         <wf lemma="er" pos="X">er</wf>
         <wf lemma="et" pos="X">et</wf>
         <wf lemma="Fynsstævne" pos="X">Fynsstævne</wf>
         <wf lemma="," pos="X">,</wf>
         <wf lemma="hvor" pos="X">hvor</wf>
         <wf lemma="alle" pos="X">alle</wf>
         <wf lemma="de" pos="X">de</wf>
         <wf lemma="fynske" pos="X">fynske</wf>
         <wf lemma="folkedansere" pos="X">folkedansere</wf>
         <wf lemma="er" pos="X">er</wf>
         <wf lemma="samlet" pos="X">samlet</wf>
         <wf lemma="." pos="X">.</wf>
         <wf lemma="Og" pos="X">Og</wf>
         <wf lemma="der" pos="X">der</wf>
         <wf lemma="er" pos="X">er</wf>
         <wf lemma="et" pos="X">et</wf>
         <wf lemma="landsstævne" pos="X">landsstævne</wf>
         <wf lemma="," pos="X">,</wf>
         <wf lemma="og" pos="X">og</wf>
         <wf lemma="der" pos="X">der</wf>
         <wf lemma="er" pos="X">er</wf>
         <wf lemma="et" pos="X">et</wf>
         <wf lemma="nordisk" pos="X">nordisk</wf>
         <wf lemma="stævne" pos="X">stævne</wf>
         <wf lemma="." pos="X">.</wf>
      </sentence>
      <sentence id="d000.s369" source="wordnet-danish">
         <wf lemma="Hestene" pos="X">Hestene</wf>
         <wf lemma="var" pos="X">var</wf>
         <wf lemma="væk" pos="X">væk</wf>
         <wf lemma="." pos="X">.</wf>
         <wf lemma="Der" pos="X">Der</wf>
         <wf lemma="var" pos="X">var</wf>
         <wf lemma="grisestald" pos="X">grisestald</wf>
         <wf lemma="nu" pos="X">nu</wf>
         <wf lemma="." pos="X">.</wf>
         <wf lemma="Det" pos="X">Det</wf>
         <wf lemma="er" pos="X">er</wf>
         <wf lemma="en" pos="X">en</wf>
         <wf lemma="anden" pos="X">anden</wf>
         <instance id="d000.s369.t000" lemma="lugt" pos="NOUN">lugt</instance>
         <wf lemma="." pos="X">.</wf>
      </sentence>
      <sentence id="d000.s370" source="wordnet-danish">
         <wf lemma="Urovækkende" pos="X">Urovækkende</wf>
         <wf lemma="," pos="X">,</wf>
         <wf lemma="kalder" pos="X">kalder</wf>
         <wf lemma="forlaget" pos="X">forlaget</wf>
         <wf lemma="med" pos="X">med</wf>
         <wf lemma="et" pos="X">et</wf>
         <wf lemma="lovligt" pos="X">lovligt</wf>
         <wf lemma="mildt" pos="X">mildt</wf>
         <instance id="d000.s370.t000" lemma="udtryk" pos="NOUN">udtryk</instance>
         <wf lemma="hendes" pos="X">hendes</wf>
         <wf lemma="barske" pos="X">barske</wf>
         <wf lemma="noveller" pos="X">noveller</wf>
         <wf lemma="." pos="X">.</wf>
         <wf lemma="De" pos="X">De</wf>
         <wf lemma="er" pos="X">er</wf>
         <wf lemma="snarere" pos="X">snarere</wf>
         <wf lemma="skrækindjagende" pos="X">skrækindjagende</wf>
         <wf lemma="." pos="X">.</wf>
      </sentence>
      <sentence id="d000.s371" source="wordnet-danish">
         <wf lemma="Edb-firmaet" pos="X">Edb-firmaet</wf>
         <instance id="d000.s371.t000" lemma="kræve" pos="VERB">kræves</instance>
         <wf lemma="idømt" pos="X">idømt</wf>
         <wf lemma="en" pos="X">en</wf>
         <wf lemma="bøde" pos="X">bøde</wf>
         <wf lemma="på" pos="X">på</wf>
         <wf lemma="100.000" pos="X">100.000</wf>
         <wf lemma="kroner" pos="X">kroner</wf>
         <wf lemma="." pos="X">.</wf>
      </sentence>
      <sentence id="d000.s372" source="wordnet-danish">
         <wf lemma="damp" pos="X">damp</wf>
         <wf lemma="fisken" pos="X">fisken</wf>
         <wf lemma="," pos="X">,</wf>
         <wf lemma="til" pos="X">til</wf>
         <wf lemma="den" pos="X">den</wf>
         <wf lemma="lige" pos="X">lige</wf>
         <wf lemma="akkurat" pos="X">akkurat</wf>
         <wf lemma="har" pos="X">har</wf>
         <wf lemma="fået" pos="X">fået</wf>
         <wf lemma="nok" pos="X">nok</wf>
         <wf lemma="(" pos="X">(</wf>
         <wf lemma="den" pos="X">den</wf>
         <wf lemma="må" pos="X">må</wf>
         <wf lemma="ikke" pos="X">ikke</wf>
         <wf lemma="se" pos="X">se</wf>
         <instance id="d000.s372.t000" lemma="rå" pos="ADJ">rå</instance>
         <wf lemma="ud" pos="X">ud</wf>
         <wf lemma="indvendig" pos="X">indvendig</wf>
         <wf lemma="," pos="X">,</wf>
         <wf lemma="når" pos="X">når</wf>
         <wf lemma="man" pos="X">man</wf>
         <wf lemma="brækker" pos="X">brækker</wf>
         <wf lemma="et" pos="X">et</wf>
         <wf lemma="stykke" pos="X">stykke</wf>
         <wf lemma="af" pos="X">af</wf>
         <wf lemma="den" pos="X">den</wf>
         <wf lemma=")" pos="X">)</wf>
         <wf lemma="." pos="X">.</wf>
      </sentence>
      <sentence id="d000.s373" source="wordnet-danish">
         <wf lemma="Især" pos="X">Især</wf>
         <wf lemma="har" pos="X">har</wf>
         <wf lemma="den" pos="X">den</wf>
         <instance id="d000.s373.t000" lemma="økonomisk" pos="ADJ">økonomiske</instance>
         <wf lemma="krise" pos="X">krise</wf>
         <wf lemma="i" pos="X">i</wf>
         <wf lemma="industri-landene" pos="X">industri-landene</wf>
         <wf lemma="ført" pos="X">ført</wf>
         <wf lemma="til" pos="X">til</wf>
         <wf lemma="et" pos="X">et</wf>
         <wf lemma="fald" pos="X">fald</wf>
         <wf lemma="i" pos="X">i</wf>
         <wf lemma="efterspørgslen" pos="X">efterspørgslen</wf>
         <wf lemma="." pos="X">.</wf>
      </sentence>
      <sentence id="d000.s374" source="wordnet-danish">
         <wf lemma="Firkantet" pos="X">Firkantet</wf>
         <wf lemma="kan" pos="X">kan</wf>
         <wf lemma="man" pos="X">man</wf>
         <wf lemma="sige" pos="X">sige</wf>
         <wf lemma="," pos="X">,</wf>
         <wf lemma="at" pos="X">at</wf>
         <wf lemma="70'erne" pos="X">70'erne</wf>
         <wf lemma="var" pos="X">var</wf>
         <instance id="d000.s374.t000" lemma="sociologi" pos="NOUN">sociologiens</instance>
         <wf lemma="årti" pos="X">årti</wf>
         <wf lemma="," pos="X">,</wf>
         <wf lemma="hvor" pos="X">hvor</wf>
         <wf lemma="det" pos="X">det</wf>
         <wf lemma="var" pos="X">var</wf>
         <wf lemma="gruppedynamik" pos="X">gruppedynamik</wf>
         <wf lemma="og" pos="X">og</wf>
         <wf lemma="samfundets" pos="X">samfundets</wf>
         <wf lemma="måde" pos="X">måde</wf>
         <wf lemma="at" pos="X">at</wf>
         <wf lemma="fungere" pos="X">fungere</wf>
         <wf lemma="på" pos="X">på</wf>
         <wf lemma="," pos="X">,</wf>
         <wf lemma="der" pos="X">der</wf>
         <wf lemma="optog" pos="X">optog</wf>
         <wf lemma="folk" pos="X">folk</wf>
         <wf lemma="." pos="X">.</wf>
      </sentence>
      <sentence id="d000.s375" source="wordnet-danish">
         <wf lemma="Det" pos="X">Det</wf>
         <wf lemma="er" pos="X">er</wf>
         <wf lemma="meget" pos="X">meget</wf>
         <wf lemma="let" pos="X">let</wf>
         <wf lemma="at" pos="X">at</wf>
         <wf lemma="gøre" pos="X">gøre</wf>
         <wf lemma="en" pos="X">en</wf>
         <wf lemma="umagnetisk" pos="X">umagnetisk</wf>
         <wf lemma="stålstang" pos="X">stålstang</wf>
         <wf lemma=".." pos="X">..</wf>
         <instance id="d000.s375.t000" lemma="magnetisk" pos="ADJ">magnetisk</instance>
         <wf lemma="." pos="X">.</wf>
         <wf lemma="Vi" pos="X">Vi</wf>
         <wf lemma="behøver" pos="X">behøver</wf>
         <wf lemma="blot" pos="X">blot</wf>
         <wf lemma="at" pos="X">at</wf>
         <wf lemma="stryge" pos="X">stryge</wf>
         <wf lemma="nogle" pos="X">nogle</wf>
         <wf lemma="gange" pos="X">gange</wf>
         <wf lemma="med" pos="X">med</wf>
         <wf lemma="enden" pos="X">enden</wf>
         <wf lemma="af" pos="X">af</wf>
         <wf lemma="en" pos="X">en</wf>
         <wf lemma="magnet" pos="X">magnet</wf>
         <wf lemma="hen" pos="X">hen</wf>
         <wf lemma="langs" pos="X">langs</wf>
         <wf lemma="den" pos="X">den</wf>
         <wf lemma="." pos="X">.</wf>
      </sentence>
      <sentence id="d000.s376" source="wordnet-danish">
         <wf lemma="jeg" pos="X">jeg</wf>
         <wf lemma="så" pos="X">så</wf>
         <wf lemma="på" pos="X">på</wf>
         <wf lemma="hans" pos="X">hans</wf>
         <wf lemma="sår" pos="X">sår</wf>
         <wf lemma="," pos="X">,</wf>
         <wf lemma="som" pos="X">som</wf>
         <wf lemma="blødte" pos="X">blødte</wf>
         <wf lemma="gennem" pos="X">gennem</wf>
         <wf lemma="alle" pos="X">alle</wf>
         <instance id="d000.s376.t000" lemma="forbinding" pos="NOUN">forbindingerne</instance>
         <wf lemma="." pos="X">.</wf>
      </sentence>
      <sentence id="d000.s377" source="wordnet-danish">
         <wf lemma="Lønnen" pos="X">Lønnen</wf>
         <wf lemma="er" pos="X">er</wf>
         <wf lemma="god" pos="X">god</wf>
         <wf lemma="," pos="X">,</wf>
         <wf lemma="og" pos="X">og</wf>
         <wf lemma="han" pos="X">han</wf>
         <wf lemma="forventer" pos="X">forventer</wf>
         <wf lemma="at" pos="X">at</wf>
         <wf lemma="kunne" pos="X">kunne</wf>
         <instance id="d000.s377.t000" lemma="opspare" pos="VERB">opspare</instance>
         <wf lemma="100.000" pos="X">100.000</wf>
         <wf lemma="kr." pos="X">kr.</wf>
         <wf lemma="på" pos="X">på</wf>
         <wf lemma="12" pos="X">12</wf>
         <wf lemma="måneder" pos="X">måneder</wf>
         <wf lemma="." pos="X">.</wf>
      </sentence>
      <sentence id="d000.s378" source="wordnet-danish">
         <wf lemma="han" pos="X">han</wf>
         <wf lemma=".." pos="X">..</wf>
         <wf lemma="trådte" pos="X">trådte</wf>
         <wf lemma="ind" pos="X">ind</wf>
         <wf lemma="i" pos="X">i</wf>
         <wf lemma="en" pos="X">en</wf>
         <wf lemma="hal" pos="X">hal</wf>
         <wf lemma="," pos="X">,</wf>
         <wf lemma="hvor" pos="X">hvor</wf>
         <wf lemma="væggene" pos="X">væggene</wf>
         <wf lemma="var" pos="X">var</wf>
         <wf lemma="prydet" pos="X">prydet</wf>
         <wf lemma="med" pos="X">med</wf>
         <wf lemma="malerier" pos="X">malerier</wf>
         <wf lemma="og" pos="X">og</wf>
         <instance id="d000.s378.t000" lemma="billedstøtte" pos="NOUN">billedstøtter</instance>
         <wf lemma="." pos="X">.</wf>
      </sentence>
      <sentence id="d000.s379" source="wordnet-danish">
         <wf lemma="48" pos="X">48</wf>
         <wf lemma="personer" pos="X">personer</wf>
         <wf lemma="fra" pos="X">fra</wf>
         <instance id="d000.s379.t000" lemma="klub" pos="NOUN">klubben</instance>
         <wf lemma="Lis" pos="X">Lis</wf>
         <wf lemma="var" pos="X">var</wf>
         <wf lemma="her" pos="X">her</wf>
         <wf lemma="i" pos="X">i</wf>
         <wf lemma="sommer" pos="X">sommer</wf>
         <wf lemma="på" pos="X">på</wf>
         <wf lemma="en" pos="X">en</wf>
         <wf lemma="tur" pos="X">tur</wf>
         <wf lemma="til" pos="X">til</wf>
         <wf lemma="Nordtyskland" pos="X">Nordtyskland</wf>
         <wf lemma="med" pos="X">med</wf>
         <wf lemma="65-rejser" pos="X">65-rejser</wf>
         <wf lemma="." pos="X">.</wf>
      </sentence>
      <sentence id="d000.s380" source="wordnet-danish">
         <wf lemma="Et" pos="X">Et</wf>
         <wf lemma="moderne" pos="X">moderne</wf>
         <wf lemma="spil" pos="X">spil</wf>
         <wf lemma="[kort]" pos="X">[kort]</wf>
         <wf lemma="har" pos="X">har</wf>
         <wf lemma="52" pos="X">52</wf>
         <wf lemma="kort" pos="X">kort</wf>
         <wf lemma="fordelt" pos="X">fordelt</wf>
         <wf lemma="i" pos="X">i</wf>
         <wf lemma="to" pos="X">to</wf>
         <wf lemma="sorte" pos="X">sorte</wf>
         <wf lemma="grupper" pos="X">grupper</wf>
         <wf lemma=":" pos="X">:</wf>
         <wf lemma="spar" pos="X">spar</wf>
         <wf lemma="og" pos="X">og</wf>
         <instance id="d000.s380.t000" lemma="klør" pos="NOUN">klør</instance>
         <wf lemma="," pos="X">,</wf>
         <wf lemma="og" pos="X">og</wf>
         <wf lemma="to" pos="X">to</wf>
         <wf lemma="røde" pos="X">røde</wf>
         <wf lemma=":" pos="X">:</wf>
         <wf lemma="hjerter" pos="X">hjerter</wf>
         <wf lemma="og" pos="X">og</wf>
         <wf lemma="ruder" pos="X">ruder</wf>
         <wf lemma="." pos="X">.</wf>
      </sentence>
      <sentence id="d000.s381" source="wordnet-danish">
         <wf lemma="Partiet" pos="X">Partiet</wf>
         <wf lemma="har" pos="X">har</wf>
         <wf lemma="ikke" pos="X">ikke</wf>
         <wf lemma="deltaget" pos="X">deltaget</wf>
         <wf lemma="i" pos="X">i</wf>
         <wf lemma="noget" pos="X">noget</wf>
         <instance id="d000.s381.t000" lemma="økonomisk" pos="ADJ">økonomisk</instance>
         <wf lemma="forlig" pos="X">forlig</wf>
         <wf lemma="," pos="X">,</wf>
         <wf lemma="som" pos="X">som</wf>
         <wf lemma="har" pos="X">har</wf>
         <wf lemma="kunnet" pos="X">kunnet</wf>
         <wf lemma="genere" pos="X">genere</wf>
         <wf lemma="deres" pos="X">deres</wf>
         <wf lemma="vælgere" pos="X">vælgere</wf>
         <wf lemma="." pos="X">.</wf>
      </sentence>
      <sentence id="d000.s382" source="wordnet-danish">
         <wf lemma="Som" pos="X">Som</wf>
         <wf lemma="ved" pos="X">ved</wf>
         <wf lemma="faldfælden" pos="X">faldfælden</wf>
         <wf lemma="er" pos="X">er</wf>
         <wf lemma="der" pos="X">der</wf>
         <wf lemma="lokkemad" pos="X">lokkemad</wf>
         <wf lemma="anbragt" pos="X">anbragt</wf>
         <wf lemma="på" pos="X">på</wf>
         <wf lemma="passende" pos="X">passende</wf>
         <wf lemma="sted" pos="X">sted</wf>
         <wf lemma="," pos="X">,</wf>
         <wf lemma="hvor" pos="X">hvor</wf>
         <wf lemma="dyret" pos="X">dyret</wf>
         <wf lemma="let" pos="X">let</wf>
         <wf lemma="kommer" pos="X">kommer</wf>
         <wf lemma="til" pos="X">til</wf>
         <wf lemma="at" pos="X">at</wf>
         <wf lemma="udløse" pos="X">udløse</wf>
         <instance id="d000.s382.t000" lemma="mekanisme" pos="NOUN">mekanismen</instance>
         <wf lemma="." pos="X">.</wf>
      </sentence>
      <sentence id="d000.s383" source="wordnet-danish">
         <wf lemma="Jeg" pos="X">Jeg</wf>
         <wf lemma="vil" pos="X">vil</wf>
         <wf lemma="ikke" pos="X">ikke</wf>
         <wf lemma="oplyse" pos="X">oplyse</wf>
         <wf lemma="," pos="X">,</wf>
         <wf lemma="hvor" pos="X">hvor</wf>
         <wf lemma="mange" pos="X">mange</wf>
         <wf lemma="procent" pos="X">procent</wf>
         <wf lemma="boghandleren" pos="X">boghandleren</wf>
         <instance id="d000.s383.t000" lemma="tjene" pos="VERB">tjener</instance>
         <wf lemma="på" pos="X">på</wf>
         <wf lemma="at" pos="X">at</wf>
         <wf lemma="sælge" pos="X">sælge</wf>
         <wf lemma="Lademanns" pos="X">Lademanns</wf>
         <wf lemma="leksikon" pos="X">leksikon</wf>
         <wf lemma="." pos="X">.</wf>
      </sentence>
      <sentence id="d000.s384" source="wordnet-danish">
         <wf lemma="Stedet" pos="X">Stedet</wf>
         <wf lemma="var" pos="X">var</wf>
         <wf lemma="idyllisk" pos="X">idyllisk</wf>
         <wf lemma="med" pos="X">med</wf>
         <wf lemma="gamle" pos="X">gamle</wf>
         <instance id="d000.s384.t000" lemma="egetræ" pos="NOUN">egetræer</instance>
         <wf lemma="rundt" pos="X">rundt</wf>
         <wf lemma="omkring" pos="X">omkring</wf>
         <wf lemma="og" pos="X">og</wf>
         <wf lemma="i" pos="X">i</wf>
         <wf lemma="baggrunden" pos="X">baggrunden</wf>
         <wf lemma="et" pos="X">et</wf>
         <wf lemma="mosehul" pos="X">mosehul</wf>
         <wf lemma="." pos="X">.</wf>
      </sentence>
      <sentence id="d000.s385" source="wordnet-danish">
         <wf lemma="Da" pos="X">Da</wf>
         <wf lemma="fødselsdage" pos="X">fødselsdage</wf>
         <wf lemma="og" pos="X">og</wf>
         <wf lemma="jubilæer" pos="X">jubilæer</wf>
         <wf lemma="er" pos="X">er</wf>
         <instance id="d000.s385.t000" lemma="forudsigelig" pos="ADJ">forudsigelige</instance>
         <wf lemma="begivenheder" pos="X">begivenheder</wf>
         <wf lemma="," pos="X">,</wf>
         <wf lemma="kan" pos="X">kan</wf>
         <wf lemma="redaktøren" pos="X">redaktøren</wf>
         <wf lemma="i" pos="X">i</wf>
         <wf lemma="god" pos="X">god</wf>
         <wf lemma="tid" pos="X">tid</wf>
         <wf lemma="bestille" pos="X">bestille</wf>
         <wf lemma="portrætartiklerne" pos="X">portrætartiklerne</wf>
         <wf lemma="." pos="X">.</wf>
      </sentence>
      <sentence id="d000.s386" source="wordnet-danish">
         <wf lemma="En" pos="X">En</wf>
         <wf lemma="iskold" pos="X">iskold</wf>
         <wf lemma="vind" pos="X">vind</wf>
         <wf lemma="slog" pos="X">slog</wf>
         <wf lemma="hende" pos="X">hende</wf>
         <wf lemma="i" pos="X">i</wf>
         <wf lemma="møde" pos="X">møde</wf>
         <wf lemma="," pos="X">,</wf>
         <wf lemma="idet" pos="X">idet</wf>
         <wf lemma="hun" pos="X">hun</wf>
         <instance id="d000.s386.t000" lemma="åbne" pos="VERB">åbnede</instance>
         <wf lemma="hoveddøren" pos="X">hoveddøren</wf>
         <wf lemma="." pos="X">.</wf>
      </sentence>
      <sentence id="d000.s387" source="wordnet-danish">
         <wf lemma="Siden" pos="X">Siden</wf>
         <wf lemma="hans" pos="X">hans</wf>
         <wf lemma="to" pos="X">to</wf>
         <wf lemma="gårde" pos="X">gårde</wf>
         <wf lemma="i" pos="X">i</wf>
         <wf lemma="1983" pos="X">1983</wf>
         <wf lemma="gik" pos="X">gik</wf>
         <wf lemma="på" pos="X">på</wf>
         <wf lemma="tvangsauktion" pos="X">tvangsauktion</wf>
         <wf lemma="," pos="X">,</wf>
         <wf lemma="har" pos="X">har</wf>
         <wf lemma="han" pos="X">han</wf>
         <wf lemma="gransket" pos="X">gransket</wf>
         <instance id="d000.s387.t000" lemma="jura" pos="NOUN">juraen</instance>
         <wf lemma="omkring" pos="X">omkring</wf>
         <wf lemma="begrebet" pos="X">begrebet</wf>
         <wf lemma="brugeligt" pos="X">brugeligt</wf>
         <wf lemma="pant" pos="X">pant</wf>
         <wf lemma="." pos="X">.</wf>
      </sentence>
      <sentence id="d000.s388" source="wordnet-danish">
         <wf lemma="Fra" pos="X">Fra</wf>
         <wf lemma="toppen" pos="X">toppen</wf>
         <wf lemma="af" pos="X">af</wf>
         <wf lemma="Empire" pos="X">Empire</wf>
         <wf lemma="State" pos="X">State</wf>
         <wf lemma="Building" pos="X">Building</wf>
         <wf lemma="kan" pos="X">kan</wf>
         <wf lemma="man" pos="X">man</wf>
         <wf lemma="på" pos="X">på</wf>
         <wf lemma="en" pos="X">en</wf>
         <wf lemma="klar" pos="X">klar</wf>
         <wf lemma="dag" pos="X">dag</wf>
         <wf lemma="se" pos="X">se</wf>
         <wf lemma="80" pos="X">80</wf>
         <instance id="d000.s388.t000" lemma="mile" pos="NOUN">miles</instance>
         <wf lemma="væk" pos="X">væk</wf>
         <wf lemma="." pos="X">.</wf>
      </sentence>
      <sentence id="d000.s389" source="wordnet-danish">
         <wf lemma="hvis" pos="X">hvis</wf>
         <wf lemma="man" pos="X">man</wf>
         <wf lemma="skal" pos="X">skal</wf>
         <instance id="d000.s389.t000" lemma="ryge" pos="VERB">ryge</instance>
         <wf lemma="," pos="X">,</wf>
         <wf lemma="er" pos="X">er</wf>
         <wf lemma="det" pos="X">det</wf>
         <wf lemma="ikke" pos="X">ikke</wf>
         <wf lemma="så" pos="X">så</wf>
         <wf lemma="usundt" pos="X">usundt</wf>
         <wf lemma="at" pos="X">at</wf>
         <wf lemma="ryge" pos="X">ryge</wf>
         <wf lemma="pibe" pos="X">pibe</wf>
         <wf lemma="som" pos="X">som</wf>
         <wf lemma="cigaretter" pos="X">cigaretter</wf>
         <wf lemma="." pos="X">.</wf>
      </sentence>
      <sentence id="d000.s390" source="wordnet-danish">
         <wf lemma="'Håndlæsning'" pos="X">'Håndlæsning'</wf>
         <wf lemma="," pos="X">,</wf>
         <wf lemma="en" pos="X">en</wf>
         <instance id="d000.s390.t000" lemma="kogebog" pos="NOUN">kogebog</instance>
         <wf lemma="for" pos="X">for</wf>
         <wf lemma="nysgerrige" pos="X">nysgerrige</wf>
         <wf lemma="begyndere" pos="X">begyndere</wf>
         <wf lemma="i" pos="X">i</wf>
         <wf lemma="håndens" pos="X">håndens</wf>
         <wf lemma="mysterier" pos="X">mysterier</wf>
         <wf lemma="." pos="X">.</wf>
      </sentence>
      <sentence id="d000.s391" source="wordnet-danish">
         <wf lemma="de" pos="X">de</wf>
         <wf lemma="gik" pos="X">gik</wf>
         <wf lemma="meget" pos="X">meget</wf>
         <wf lemma="dybt" pos="X">dybt</wf>
         <wf lemma="ned" pos="X">ned</wf>
         <wf lemma="i" pos="X">i</wf>
         <wf lemma="jorden" pos="X">jorden</wf>
         <wf lemma="," pos="X">,</wf>
         <wf lemma="før" pos="X">før</wf>
         <wf lemma="gangen" pos="X">gangen</wf>
         <wf lemma="endte" pos="X">endte</wf>
         <wf lemma="i" pos="X">i</wf>
         <wf lemma="en" pos="X">en</wf>
         <wf lemma="forbavsende" pos="X">forbavsende</wf>
         <wf lemma="stor" pos="X">stor</wf>
         <instance id="d000.s391.t000" lemma="hule" pos="NOUN">hule</instance>
         <wf lemma="." pos="X">.</wf>
      </sentence>
      <sentence id="d000.s392" source="wordnet-danish">
         <wf lemma="Kun" pos="X">Kun</wf>
         <wf lemma="ét" pos="X">ét</wf>
         <wf lemma="af" pos="X">af</wf>
         <wf lemma="de" pos="X">de</wf>
         <wf lemma="fire" pos="X">fire</wf>
         <wf lemma="danske" pos="X">danske</wf>
         <wf lemma="hold" pos="X">hold</wf>
         <instance id="d000.s392.t000" lemma="forvente" pos="VERB">forventes</instance>
         <wf lemma="at" pos="X">at</wf>
         <wf lemma="kvalificere" pos="X">kvalificere</wf>
         <wf lemma="sig" pos="X">sig</wf>
         <wf lemma="til" pos="X">til</wf>
         <wf lemma="2." pos="X">2.</wf>
         <wf lemma="runde" pos="X">runde</wf>
         <wf lemma="." pos="X">.</wf>
      </sentence>
      <sentence id="d000.s393" source="wordnet-danish">
         <wf lemma="Himalaya" pos="X">Himalaya</wf>
         <wf lemma="bjergene" pos="X">bjergene</wf>
         <wf lemma="i" pos="X">i</wf>
         <wf lemma="Indien" pos="X">Indien</wf>
         <wf lemma="," pos="X">,</wf>
         <wf lemma="en" pos="X">en</wf>
         <instance id="d000.s393.t000" lemma="bjergkæde" pos="NOUN">bjergkæde</instance>
         <wf lemma="," pos="X">,</wf>
         <wf lemma="som" pos="X">som</wf>
         <wf lemma="har" pos="X">har</wf>
         <wf lemma="flere" pos="X">flere</wf>
         <wf lemma="af" pos="X">af</wf>
         <wf lemma="verdens" pos="X">verdens</wf>
         <wf lemma="højeste" pos="X">højeste</wf>
         <wf lemma="tinder" pos="X">tinder</wf>
         <wf lemma="." pos="X">.</wf>
      </sentence>
      <sentence id="d000.s394" source="wordnet-danish">
         <wf lemma="efter" pos="X">efter</wf>
         <wf lemma="halvandet" pos="X">halvandet</wf>
         <wf lemma="års" pos="X">års</wf>
         <wf lemma="pause" pos="X">pause</wf>
         <instance id="d000.s394.t000" lemma="chokere" pos="VERB">chokerede</instance>
         <wf lemma="[han]" pos="X">[han]</wf>
         <wf lemma="hele" pos="X">hele</wf>
         <wf lemma="den" pos="X">den</wf>
         <wf lemma="internationale" pos="X">internationale</wf>
         <wf lemma="speedway-verden" pos="X">speedway-verden</wf>
         <wf lemma="ved" pos="X">ved</wf>
         <wf lemma="at" pos="X">at</wf>
         <wf lemma="gøre" pos="X">gøre</wf>
         <wf lemma="comeback" pos="X">comeback</wf>
         <wf lemma="." pos="X">.</wf>
      </sentence>
      <sentence id="d000.s395" source="wordnet-danish">
         <wf lemma="Et" pos="X">Et</wf>
         <instance id="d000.s395.t000" lemma="stik" pos="NOUN">stik</instance>
         <wf lemma="af" pos="X">af</wf>
         <wf lemma="[gedehamsens" pos="X">[gedehamsens</wf>
         <wf lemma="brod]" pos="X">brod]</wf>
         <wf lemma="vil" pos="X">vil</wf>
         <wf lemma="få" pos="X">få</wf>
         <wf lemma="én" pos="X">én</wf>
         <wf lemma="til" pos="X">til</wf>
         <wf lemma="at" pos="X">at</wf>
         <wf lemma="rette" pos="X">rette</wf>
         <wf lemma="sig" pos="X">sig</wf>
         <wf lemma="op" pos="X">op</wf>
         <wf lemma="i" pos="X">i</wf>
         <wf lemma="liggestolen" pos="X">liggestolen</wf>
         <wf lemma="." pos="X">.</wf>
      </sentence>
      <sentence id="d000.s396" source="wordnet-danish">
         <wf lemma="jeg" pos="X">jeg</wf>
         <wf lemma="har" pos="X">har</wf>
         <wf lemma="en" pos="X">en</wf>
         <wf lemma="fornemmelse" pos="X">fornemmelse</wf>
         <wf lemma="af" pos="X">af</wf>
         <wf lemma="," pos="X">,</wf>
         <wf lemma="at" pos="X">at</wf>
         <wf lemma="bjerget" pos="X">bjerget</wf>
         <wf lemma="lukker" pos="X">lukker</wf>
         <wf lemma="sig" pos="X">sig</wf>
         <wf lemma="om" pos="X">om</wf>
         <wf lemma="os" pos="X">os</wf>
         <wf lemma="som" pos="X">som</wf>
         <wf lemma="et" pos="X">et</wf>
         <instance id="d000.s396.t000" lemma="fængsel" pos="NOUN">fængsel</instance>
         <wf lemma="." pos="X">.</wf>
      </sentence>
      <sentence id="d000.s397" source="wordnet-danish">
         <wf lemma="De" pos="X">De</wf>
         <wf lemma="fleste" pos="X">fleste</wf>
         <wf lemma="af" pos="X">af</wf>
         <wf lemma="jazzens" pos="X">jazzens</wf>
         <instance id="d000.s397.t000" lemma="mester" pos="NOUN">mestre</instance>
         <wf lemma="er" pos="X">er</wf>
         <wf lemma="borte" pos="X">borte</wf>
         <wf lemma="nu" pos="X">nu</wf>
         <wf lemma="," pos="X">,</wf>
         <wf lemma="og" pos="X">og</wf>
         <wf lemma="det" pos="X">det</wf>
         <wf lemma="er" pos="X">er</wf>
         <wf lemma="for" pos="X">for</wf>
         <wf lemma="sent" pos="X">sent</wf>
         <wf lemma="at" pos="X">at</wf>
         <wf lemma="fortryde" pos="X">fortryde</wf>
         <wf lemma="," pos="X">,</wf>
         <wf lemma="at" pos="X">at</wf>
         <wf lemma="man" pos="X">man</wf>
         <wf lemma="fik" pos="X">fik</wf>
         <wf lemma="filmet" pos="X">filmet</wf>
         <wf lemma="for" pos="X">for</wf>
         <wf lemma="lidt" pos="X">lidt</wf>
         <wf lemma="," pos="X">,</wf>
         <wf lemma="mens" pos="X">mens</wf>
         <wf lemma="de" pos="X">de</wf>
         <wf lemma="stod" pos="X">stod</wf>
         <wf lemma="der" pos="X">der</wf>
         <wf lemma="under" pos="X">under</wf>
         <wf lemma="projektørerne" pos="X">projektørerne</wf>
         <wf lemma="i" pos="X">i</wf>
         <wf lemma="små" pos="X">små</wf>
         <wf lemma="klubber" pos="X">klubber</wf>
         <wf lemma="." pos="X">.</wf>
      </sentence>
      <sentence id="d000.s398" source="wordnet-danish">
         <wf lemma="grundlæggende" pos="X">grundlæggende</wf>
         <wf lemma="ret" pos="X">ret</wf>
         <wf lemma="til" pos="X">til</wf>
         <wf lemma="at" pos="X">at</wf>
         <wf lemma="varetage" pos="X">varetage</wf>
         <wf lemma="sit" pos="X">sit</wf>
         <wf lemma="forsvar" pos="X">forsvar</wf>
         <wf lemma="" pos="X"></wf>
         <wf lemma="og" pos="X">og</wf>
         <wf lemma="herunder" pos="X">herunder</wf>
         <wf lemma="føre" pos="X">føre</wf>
         <instance id="d000.s398.t000" lemma="vidne" pos="NOUN">vidner</instance>
         <wf lemma="og" pos="X">og</wf>
         <wf lemma="andre" pos="X">andre</wf>
         <wf lemma="beviser" pos="X">beviser</wf>
         <wf lemma="" pos="X"></wf>
         <wf lemma="kendes" pos="X">kendes</wf>
         <wf lemma="i" pos="X">i</wf>
         <wf lemma="alle" pos="X">alle</wf>
         <wf lemma="civiliserede" pos="X">civiliserede</wf>
         <wf lemma="samfund" pos="X">samfund</wf>
         <wf lemma="." pos="X">.</wf>
      </sentence>
      <sentence id="d000.s399" source="wordnet-danish">
         <wf lemma="Om" pos="X">Om</wf>
         <wf lemma="årets" pos="X">årets</wf>
         <wf lemma="turnering" pos="X">turnering</wf>
         <wf lemma="vides" pos="X">vides</wf>
         <wf lemma="med" pos="X">med</wf>
         <wf lemma="sikkerhed" pos="X">sikkerhed</wf>
         <wf lemma="," pos="X">,</wf>
         <wf lemma="at" pos="X">at</wf>
         <wf lemma="sidste" pos="X">sidste</wf>
         <wf lemma="års" pos="X">års</wf>
         <wf lemma="vinder" pos="X">vinder</wf>
         <wf lemma="ikke" pos="X">ikke</wf>
         <wf lemma="får" pos="X">får</wf>
         <wf lemma="lejlighed" pos="X">lejlighed</wf>
         <wf lemma="til" pos="X">til</wf>
         <wf lemma="at" pos="X">at</wf>
         <wf lemma="forsvare" pos="X">forsvare</wf>
         <wf lemma="sin" pos="X">sin</wf>
         <instance id="d000.s399.t000" lemma="titel" pos="NOUN">titel</instance>
         <wf lemma="." pos="X">.</wf>
      </sentence>
      <sentence id="d000.s400" source="wordnet-danish">
         <wf lemma="Det" pos="X">Det</wf>
         <wf lemma="er" pos="X">er</wf>
         <wf lemma=".." pos="X">..</wf>
         <wf lemma="til" pos="X">til</wf>
         <wf lemma="den" pos="X">den</wf>
         <instance id="d000.s400.t000" lemma="litterær" pos="ADJ">litterære</instance>
         <wf lemma="forfatter" pos="X">forfatter</wf>
         <wf lemma="læserne" pos="X">læserne</wf>
         <wf lemma="må" pos="X">må</wf>
         <wf lemma="henvende" pos="X">henvende</wf>
         <wf lemma="sig" pos="X">sig</wf>
         <wf lemma="," pos="X">,</wf>
         <wf lemma="hvis" pos="X">hvis</wf>
         <wf lemma="de" pos="X">de</wf>
         <wf lemma="ikke" pos="X">ikke</wf>
         <wf lemma="blot" pos="X">blot</wf>
         <wf lemma="søger" pos="X">søger</wf>
         <wf lemma="den" pos="X">den</wf>
         <wf lemma="videnskabelige" pos="X">videnskabelige</wf>
         <wf lemma="sandhed" pos="X">sandhed</wf>
         <wf lemma="," pos="X">,</wf>
         <wf lemma="men" pos="X">men</wf>
         <wf lemma="også" pos="X">også</wf>
         <wf lemma="mening" pos="X">mening</wf>
         <wf lemma="i" pos="X">i</wf>
         <wf lemma="dybere" pos="X">dybere</wf>
         <wf lemma="forstand" pos="X">forstand</wf>
         <wf lemma="." pos="X">.</wf>
      </sentence>
      <sentence id="d000.s401" source="wordnet-danish">
         <wf lemma="Vind" pos="X">Vind</wf>
         <wf lemma="en" pos="X">en</wf>
         <wf lemma="rejse" pos="X">rejse</wf>
         <wf lemma="for" pos="X">for</wf>
         <wf lemma="2" pos="X">2</wf>
         <instance id="d000.s401.t000" lemma="person" pos="NOUN">personer</instance>
         <wf lemma="." pos="X">.</wf>
      </sentence>
      <sentence id="d000.s402" source="wordnet-danish">
         <wf lemma="Jeg" pos="X">Jeg</wf>
         <wf lemma="er" pos="X">er</wf>
         <wf lemma="en" pos="X">en</wf>
         <wf lemma="pige" pos="X">pige</wf>
         <wf lemma="på" pos="X">på</wf>
         <wf lemma="14" pos="X">14</wf>
         <wf lemma="år" pos="X">år</wf>
         <wf lemma="," pos="X">,</wf>
         <wf lemma="som" pos="X">som</wf>
         <wf lemma="er" pos="X">er</wf>
         <instance id="d000.s402.t000" lemma="fan" pos="NOUN">fan</instance>
         <wf lemma="af" pos="X">af</wf>
         <wf lemma="Elton" pos="X">Elton</wf>
         <wf lemma="John" pos="X">John</wf>
         <wf lemma="," pos="X">,</wf>
         <wf lemma="så" pos="X">så</wf>
         <wf lemma="jeg" pos="X">jeg</wf>
         <wf lemma="vil" pos="X">vil</wf>
         <wf lemma="gerne" pos="X">gerne</wf>
         <wf lemma="have" pos="X">have</wf>
         <wf lemma="en" pos="X">en</wf>
         <wf lemma="adresse" pos="X">adresse</wf>
         <wf lemma="," pos="X">,</wf>
         <wf lemma="så" pos="X">så</wf>
         <wf lemma="jeg" pos="X">jeg</wf>
         <wf lemma="kan" pos="X">kan</wf>
         <wf lemma="skrive" pos="X">skrive</wf>
         <wf lemma="til" pos="X">til</wf>
         <wf lemma="ham" pos="X">ham</wf>
         <wf lemma="." pos="X">.</wf>
      </sentence>
      <sentence id="d000.s403" source="wordnet-danish">
         <wf lemma="han" pos="X">han</wf>
         <wf lemma="kunne" pos="X">kunne</wf>
         <instance id="d000.s403.t000" lemma="sætte" pos="VERB">sætte</instance>
         <wf lemma="studenterhuen" pos="X">studenterhuen</wf>
         <wf lemma="på" pos="X">på</wf>
         <wf lemma="hovedet" pos="X">hovedet</wf>
         <wf lemma="efter" pos="X">efter</wf>
         <wf lemma="veloverstået" pos="X">veloverstået</wf>
         <wf lemma="eksamen" pos="X">eksamen</wf>
         <wf lemma="." pos="X">.</wf>
      </sentence>
      <sentence id="d000.s404" source="wordnet-danish">
         <wf lemma="Hans" pos="X">Hans</wf>
         <wf lemma="store" pos="X">store</wf>
         <wf lemma="," pos="X">,</wf>
         <wf lemma="mørke" pos="X">mørke</wf>
         <wf lemma="øjne" pos="X">øjne</wf>
         <wf lemma="havde" pos="X">havde</wf>
         <wf lemma="han" pos="X">han</wf>
         <wf lemma="fra" pos="X">fra</wf>
         <wf lemma="Flemming" pos="X">Flemming</wf>
         <wf lemma="[" pos="X">[</wf>
         <wf lemma=":" pos="X">:</wf>
         <wf lemma="faderen]" pos="X">faderen]</wf>
         <wf lemma="," pos="X">,</wf>
         <wf lemma="men" pos="X">men</wf>
         <wf lemma="det" pos="X">det</wf>
         <wf lemma="lyse" pos="X">lyse</wf>
         <wf lemma="," pos="X">,</wf>
         <wf lemma="bløde" pos="X">bløde</wf>
         <wf lemma="hår" pos="X">hår</wf>
         <wf lemma="var" pos="X">var</wf>
         <wf lemma="en" pos="X">en</wf>
         <instance id="d000.s404.t000" lemma="arv" pos="NOUN">arv</instance>
         <wf lemma="fra" pos="X">fra</wf>
         <wf lemma="hans" pos="X">hans</wf>
         <wf lemma="mor" pos="X">mor</wf>
         <wf lemma="." pos="X">.</wf>
      </sentence>
      <sentence id="d000.s405" source="wordnet-danish">
         <wf lemma="han" pos="X">han</wf>
         <wf lemma="har" pos="X">har</wf>
         <wf lemma="taget" pos="X">taget</wf>
         <instance id="d000.s405.t000" lemma="lån" pos="NOUN">lån</instance>
         <wf lemma="i" pos="X">i</wf>
         <wf lemma="sin" pos="X">sin</wf>
         <wf lemma="lejlighed" pos="X">lejlighed</wf>
         <wf lemma="for" pos="X">for</wf>
         <wf lemma="at" pos="X">at</wf>
         <wf lemma="finansiere" pos="X">finansiere</wf>
         <wf lemma="forestillingen" pos="X">forestillingen</wf>
         <wf lemma="." pos="X">.</wf>
      </sentence>
      <sentence id="d000.s406" source="wordnet-danish">
         <wf lemma="antallet" pos="X">antallet</wf>
         <wf lemma="af" pos="X">af</wf>
         <wf lemma="dræbte" pos="X">dræbte</wf>
         <wf lemma="knallertkørere" pos="X">knallertkørere</wf>
         <wf lemma="faldt" pos="X">faldt</wf>
         <wf lemma="til" pos="X">til</wf>
         <wf lemma="44" pos="X">44</wf>
         <wf lemma="fra" pos="X">fra</wf>
         <wf lemma="64" pos="X">64</wf>
         <wf lemma="" pos="X"></wf>
         <wf lemma="det" pos="X">det</wf>
         <wf lemma="er" pos="X">er</wf>
         <wf lemma="det" pos="X">det</wf>
         <wf lemma="laveste" pos="X">laveste</wf>
         <instance id="d000.s406.t000" lemma="tal" pos="NOUN">tal</instance>
         <wf lemma="i" pos="X">i</wf>
         <wf lemma="30" pos="X">30</wf>
         <wf lemma="år" pos="X">år</wf>
         <wf lemma="." pos="X">.</wf>
      </sentence>
      <sentence id="d000.s407" source="wordnet-danish">
         <wf lemma="Heller" pos="X">Heller</wf>
         <wf lemma="ikke" pos="X">ikke</wf>
         <wf lemma="til" pos="X">til</wf>
         <wf lemma="taget" pos="X">taget</wf>
         <wf lemma="benyttede" pos="X">benyttede</wf>
         <wf lemma="parret" pos="X">parret</wf>
         <wf lemma="professionelle" pos="X">professionelle</wf>
         <wf lemma="håndværkere" pos="X">håndværkere</wf>
         <wf lemma="--" pos="X">--</wf>
         <wf lemma="kun" pos="X">kun</wf>
         <wf lemma="ved" pos="X">ved</wf>
         <wf lemma="tagrenderne" pos="X">tagrenderne</wf>
         <wf lemma="måtte" pos="X">måtte</wf>
         <wf lemma="blikkenslageren" pos="X">blikkenslageren</wf>
         <wf lemma="træde" pos="X">træde</wf>
         <instance id="d000.s407.t000" lemma="hjælpe" pos="VERB">hjælpende</instance>
         <wf lemma="til" pos="X">til</wf>
         <wf lemma="." pos="X">.</wf>
      </sentence>
      <sentence id="d000.s408" source="wordnet-danish">
         <wf lemma="der" pos="X">der</wf>
         <wf lemma="strømmer" pos="X">strømmer</wf>
         <wf lemma="flydende" pos="X">flydende</wf>
         <wf lemma="lavamateriale" pos="X">lavamateriale</wf>
         <wf lemma="fra" pos="X">fra</wf>
         <wf lemma="Jordens" pos="X">Jordens</wf>
         <wf lemma="indre" pos="X">indre</wf>
         <wf lemma="op" pos="X">op</wf>
         <wf lemma="gennem" pos="X">gennem</wf>
         <wf lemma="en" pos="X">en</wf>
         <wf lemma="lang" pos="X">lang</wf>
         <instance id="d000.s408.t000" lemma="spalte" pos="NOUN">spalte</instance>
         <wf lemma="i" pos="X">i</wf>
         <wf lemma="Atlanterhavet" pos="X">Atlanterhavet</wf>
         <wf lemma="." pos="X">.</wf>
      </sentence>
      <sentence id="d000.s409" source="wordnet-danish">
         <wf lemma="Både" pos="X">Både</wf>
         <wf lemma="politikerne" pos="X">politikerne</wf>
         <wf lemma="og" pos="X">og</wf>
         <wf lemma="fagbevægelsen" pos="X">fagbevægelsen</wf>
         <wf lemma="mener" pos="X">mener</wf>
         <wf lemma="," pos="X">,</wf>
         <wf lemma="at" pos="X">at</wf>
         <wf lemma="øget" pos="X">øget</wf>
         <instance id="d000.s409.t000" lemma="uddannelse" pos="NOUN">uddannelse</instance>
         <wf lemma="af" pos="X">af</wf>
         <wf lemma="lønmodtagerne" pos="X">lønmodtagerne</wf>
         <wf lemma="er" pos="X">er</wf>
         <wf lemma="det" pos="X">det</wf>
         <wf lemma="," pos="X">,</wf>
         <wf lemma="der" pos="X">der</wf>
         <wf lemma="på" pos="X">på</wf>
         <wf lemma="langt" pos="X">langt</wf>
         <wf lemma="sigt" pos="X">sigt</wf>
         <wf lemma="vil" pos="X">vil</wf>
         <wf lemma="bringe" pos="X">bringe</wf>
         <wf lemma="arbejdsløsheden" pos="X">arbejdsløsheden</wf>
         <wf lemma="ned" pos="X">ned</wf>
         <wf lemma="." pos="X">.</wf>
      </sentence>
      <sentence id="d000.s410" source="wordnet-danish">
         <wf lemma="Mange" pos="X">Mange</wf>
         <wf lemma="køber" pos="X">køber</wf>
         <wf lemma="naturmedicin" pos="X">naturmedicin</wf>
         <wf lemma="i" pos="X">i</wf>
         <wf lemma="den" pos="X">den</wf>
         <wf lemma="tro" pos="X">tro</wf>
         <wf lemma="," pos="X">,</wf>
         <wf lemma="at" pos="X">at</wf>
         <wf lemma="det" pos="X">det</wf>
         <wf lemma="umuligt" pos="X">umuligt</wf>
         <wf lemma="kan" pos="X">kan</wf>
         <wf lemma="skade" pos="X">skade</wf>
         <wf lemma="," pos="X">,</wf>
         <wf lemma="når" pos="X">når</wf>
         <wf lemma="der" pos="X">der</wf>
         <wf lemma="er" pos="X">er</wf>
         <wf lemma="tale" pos="X">tale</wf>
         <wf lemma="om" pos="X">om</wf>
         <wf lemma="rene" pos="X">rene</wf>
         <instance id="d000.s410.t000" lemma="produkt" pos="NOUN">produkter</instance>
         <wf lemma="fra" pos="X">fra</wf>
         <wf lemma="naturen" pos="X">naturen</wf>
         <wf lemma="." pos="X">.</wf>
      </sentence>
      <sentence id="d000.s411" source="wordnet-danish">
         <wf lemma="Mine" pos="X">Mine</wf>
         <wf lemma="forældre" pos="X">forældre</wf>
         <wf lemma="holder" pos="X">holder</wf>
         <wf lemma="høns" pos="X">høns</wf>
         <wf lemma="," pos="X">,</wf>
         <wf lemma="og" pos="X">og</wf>
         <wf lemma="de" pos="X">de</wf>
         <wf lemma="har" pos="X">har</wf>
         <wf lemma="en" pos="X">en</wf>
         <wf lemma="lille" pos="X">lille</wf>
         <instance id="d000.s411.t000" lemma="pony" pos="NOUN">pony</instance>
         <wf lemma="," pos="X">,</wf>
         <wf lemma="så" pos="X">så</wf>
         <wf lemma="I" pos="X">I</wf>
         <wf lemma="kan" pos="X">kan</wf>
         <wf lemma="rigtig" pos="X">rigtig</wf>
         <wf lemma="komme" pos="X">komme</wf>
         <wf lemma="ud" pos="X">ud</wf>
         <wf lemma="og" pos="X">og</wf>
         <wf lemma="ride" pos="X">ride</wf>
         <wf lemma="og" pos="X">og</wf>
         <wf lemma="lege" pos="X">lege</wf>
         <wf lemma="." pos="X">.</wf>
      </sentence>
      <sentence id="d000.s412" source="wordnet-danish">
         <wf lemma="jeg" pos="X">jeg</wf>
         <wf lemma="kan" pos="X">kan</wf>
         <instance id="d000.s412.t000" lemma="bevise" pos="VERB">bevise</instance>
         <wf lemma="rigtigheden" pos="X">rigtigheden</wf>
         <wf lemma="af" pos="X">af</wf>
         <wf lemma="mine" pos="X">mine</wf>
         <wf lemma="synspunkter" pos="X">synspunkter</wf>
         <wf lemma="," pos="X">,</wf>
         <wf lemma="de" pos="X">de</wf>
         <wf lemma="hviler" pos="X">hviler</wf>
         <wf lemma="på" pos="X">på</wf>
         <wf lemma="uigendrivelige" pos="X">uigendrivelige</wf>
         <wf lemma="iagttagelser" pos="X">iagttagelser</wf>
         <wf lemma="og" pos="X">og</wf>
         <wf lemma="på" pos="X">på</wf>
         <wf lemma="matematisk" pos="X">matematisk</wf>
         <wf lemma="logik" pos="X">logik</wf>
         <wf lemma="." pos="X">.</wf>
      </sentence>
      <sentence id="d000.s413" source="wordnet-danish">
         <wf lemma="Vi" pos="X">Vi</wf>
         <instance id="d000.s413.t000" lemma="støtte" pos="VERB">støtter</instance>
         <wf lemma="i" pos="X">i</wf>
         <wf lemma="Venstre" pos="X">Venstre</wf>
         <wf lemma="," pos="X">,</wf>
         <wf lemma="at" pos="X">at</wf>
         <wf lemma="Danmark" pos="X">Danmark</wf>
         <wf lemma="skal" pos="X">skal</wf>
         <wf lemma="give" pos="X">give</wf>
         <wf lemma="adgang" pos="X">adgang</wf>
         <wf lemma="til" pos="X">til</wf>
         <wf lemma="flygtninge" pos="X">flygtninge</wf>
         <wf lemma="," pos="X">,</wf>
         <wf lemma="som" pos="X">som</wf>
         <wf lemma="bliver" pos="X">bliver</wf>
         <wf lemma="forfulgt" pos="X">forfulgt</wf>
         <wf lemma="." pos="X">.</wf>
      </sentence>
      <sentence id="d000.s414" source="wordnet-danish">
         <wf lemma="Der" pos="X">Der</wf>
         <wf lemma="var" pos="X">var</wf>
         <wf lemma="både" pos="X">både</wf>
         <wf lemma="klamt" pos="X">klamt</wf>
         <wf lemma="og" pos="X">og</wf>
         <wf lemma="koldt" pos="X">koldt</wf>
         <wf lemma="i" pos="X">i</wf>
         <wf lemma="toget" pos="X">toget</wf>
         <wf lemma="," pos="X">,</wf>
         <wf lemma="lugtede" pos="X">lugtede</wf>
         <wf lemma="af" pos="X">af</wf>
         <instance id="d000.s414.t000" lemma="mug" pos="NOUN">mug</instance>
         <wf lemma="og" pos="X">og</wf>
         <wf lemma="metal" pos="X">metal</wf>
         <wf lemma="." pos="X">.</wf>
      </sentence>
      <sentence id="d000.s415" source="wordnet-danish">
         <wf lemma="Her" pos="X">Her</wf>
         <wf lemma="bliver" pos="X">bliver</wf>
         <wf lemma="Mette" pos="X">Mette</wf>
         <instance id="d000.s415.t000" lemma="overbevise" pos="VERB">overbevist</instance>
         <wf lemma="af" pos="X">af</wf>
         <wf lemma="fornuftige" pos="X">fornuftige</wf>
         <wf lemma="argumenter" pos="X">argumenter</wf>
         <wf lemma="." pos="X">.</wf>
      </sentence>
      <sentence id="d000.s416" source="wordnet-danish">
         <wf lemma="En" pos="X">En</wf>
         <wf lemma="tanke" pos="X">tanke</wf>
         <wf lemma="flakkede" pos="X">flakkede</wf>
         <wf lemma="som" pos="X">som</wf>
         <wf lemma="en" pos="X">en</wf>
         <wf lemma="lille" pos="X">lille</wf>
         <wf lemma="," pos="X">,</wf>
         <wf lemma="bleg" pos="X">bleg</wf>
         <instance id="d000.s416.t000" lemma="sommerfugl" pos="NOUN">sommerfugl</instance>
         <wf lemma="i" pos="X">i</wf>
         <wf lemma="hans" pos="X">hans</wf>
         <wf lemma="indre" pos="X">indre</wf>
         <wf lemma="tomhed" pos="X">tomhed</wf>
         <wf lemma="," pos="X">,</wf>
         <wf lemma="satte" pos="X">satte</wf>
         <wf lemma="sig" pos="X">sig</wf>
         <wf lemma="og" pos="X">og</wf>
         <wf lemma="blev" pos="X">blev</wf>
         <wf lemma="til" pos="X">til</wf>
         <wf lemma="ord" pos="X">ord</wf>
         <wf lemma="." pos="X">.</wf>
      </sentence>
      <sentence id="d000.s417" source="wordnet-danish">
         <wf lemma="Jeg" pos="X">Jeg</wf>
         <wf lemma="tog" pos="X">tog</wf>
         <wf lemma="pungen" pos="X">pungen</wf>
         <wf lemma="frem" pos="X">frem</wf>
         <wf lemma="og" pos="X">og</wf>
         <wf lemma="rystede" pos="X">rystede</wf>
         <wf lemma="de" pos="X">de</wf>
         <wf lemma="sidste" pos="X">sidste</wf>
         <instance id="d000.s417.t000" lemma="mønt" pos="NOUN">mønter</instance>
         <wf lemma="ud" pos="X">ud</wf>
         <wf lemma="i" pos="X">i</wf>
         <wf lemma="hans" pos="X">hans</wf>
         <wf lemma="hånd" pos="X">hånd</wf>
         <wf lemma="for" pos="X">for</wf>
         <wf lemma="at" pos="X">at</wf>
         <wf lemma="blive" pos="X">blive</wf>
         <wf lemma="fri" pos="X">fri</wf>
         <wf lemma="for" pos="X">for</wf>
         <wf lemma="ham" pos="X">ham</wf>
         <wf lemma="." pos="X">.</wf>
      </sentence>
      <sentence id="d000.s418" source="wordnet-danish">
         <wf lemma="sønnens" pos="X">sønnens</wf>
         <wf lemma="værelse" pos="X">værelse</wf>
         <wf lemma="havde" pos="X">havde</wf>
         <wf lemma="Eva" pos="X">Eva</wf>
         <wf lemma="indrettet" pos="X">indrettet</wf>
         <wf lemma="til" pos="X">til</wf>
         <instance id="d000.s418.t000" lemma="arbejdsrum" pos="NOUN">arbejdsrum</instance>
         <wf lemma="for" pos="X">for</wf>
         <wf lemma="sig" pos="X">sig</wf>
         <wf lemma="selv" pos="X">selv</wf>
         <wf lemma="." pos="X">.</wf>
         <wf lemma="Dér" pos="X">Dér</wf>
         <wf lemma="havde" pos="X">havde</wf>
         <wf lemma="hun" pos="X">hun</wf>
         <wf lemma="sin" pos="X">sin</wf>
         <wf lemma="symaskine" pos="X">symaskine</wf>
         <wf lemma="og" pos="X">og</wf>
         <wf lemma="sit" pos="X">sit</wf>
         <wf lemma="tegnebord" pos="X">tegnebord</wf>
         <wf lemma="stående" pos="X">stående</wf>
         <wf lemma="." pos="X">.</wf>
      </sentence>
      <sentence id="d000.s419" source="wordnet-danish">
         <wf lemma="Det" pos="X">Det</wf>
         <wf lemma="elektriske" pos="X">elektriske</wf>
         <instance id="d000.s419.t000" lemma="diagram" pos="NOUN">diagram</instance>
         <wf lemma="for" pos="X">for</wf>
         <wf lemma="delefilteret" pos="X">delefilteret</wf>
         <wf lemma="afslører" pos="X">afslører</wf>
         <wf lemma="," pos="X">,</wf>
         <wf lemma="hvor" pos="X">hvor</wf>
         <wf lemma="enkelt" pos="X">enkelt</wf>
         <wf lemma="det" pos="X">det</wf>
         <wf lemma="er" pos="X">er</wf>
         <wf lemma=":" pos="X">:</wf>
         <wf lemma="kun" pos="X">kun</wf>
         <wf lemma="i" pos="X">i</wf>
         <wf lemma="alt" pos="X">alt</wf>
         <wf lemma="seks" pos="X">seks</wf>
         <wf lemma="komponenter" pos="X">komponenter</wf>
         <wf lemma="." pos="X">.</wf>
      </sentence>
      <sentence id="d000.s420" source="wordnet-danish">
         <wf lemma="mit" pos="X">mit</wf>
         <wf lemma="eget" pos="X">eget</wf>
         <wf lemma="lille" pos="X">lille</wf>
         <wf lemma="barn" pos="X">barn</wf>
         <wf lemma="," pos="X">,</wf>
         <wf lemma="din" pos="X">din</wf>
         <wf lemma="stakkel" pos="X">stakkel</wf>
         <wf lemma="," pos="X">,</wf>
         <wf lemma="hvordan" pos="X">hvordan</wf>
         <wf lemma="skal" pos="X">skal</wf>
         <wf lemma="det" pos="X">det</wf>
         <wf lemma="gå" pos="X">gå</wf>
         <wf lemma="dig" pos="X">dig</wf>
         <wf lemma="her" pos="X">her</wf>
         <wf lemma="i" pos="X">i</wf>
         <wf lemma="livet" pos="X">livet</wf>
         <wf lemma="," pos="X">,</wf>
         <wf lemma="moder" pos="X">moder</wf>
         <instance id="d000.s420.t000" lemma="grue" pos="VERB">gruer</instance>
         <wf lemma="for" pos="X">for</wf>
         <wf lemma="dit" pos="X">dit</wf>
         <wf lemma="liv" pos="X">liv</wf>
         <wf lemma="og" pos="X">og</wf>
         <wf lemma="din" pos="X">din</wf>
         <wf lemma="fremtid" pos="X">fremtid</wf>
         <wf lemma="." pos="X">.</wf>
      </sentence>
      <sentence id="d000.s421" source="wordnet-danish">
         <wf lemma="Prøv" pos="X">Prøv</wf>
         <wf lemma="at" pos="X">at</wf>
         <wf lemma="se" pos="X">se</wf>
         <wf lemma="det" pos="X">det</wf>
         <wf lemma="fra" pos="X">fra</wf>
         <wf lemma="min" pos="X">min</wf>
         <instance id="d000.s421.t000" lemma="side" pos="NOUN">side</instance>
         <wf lemma="." pos="X">.</wf>
      </sentence>
      <sentence id="d000.s422" source="wordnet-danish">
         <wf lemma="Begrebet" pos="X">Begrebet</wf>
         <wf lemma="offentlighed" pos="X">offentlighed</wf>
         <wf lemma="er" pos="X">er</wf>
         <instance id="d000.s422.t000" lemma="tvetydig" pos="ADJ">tvetydigt</instance>
         <wf lemma="." pos="X">.</wf>
         <wf lemma="Adjektivet" pos="X">Adjektivet</wf>
         <wf lemma="'offentlig'" pos="X">'offentlig'</wf>
         <wf lemma="kan" pos="X">kan</wf>
         <wf lemma="dels" pos="X">dels</wf>
         <wf lemma="betyde" pos="X">betyde</wf>
         <wf lemma="'åben'" pos="X">'åben'</wf>
         <wf lemma="eller" pos="X">eller</wf>
         <wf lemma="'tilgængelig" pos="X">'tilgængelig</wf>
         <wf lemma="for" pos="X">for</wf>
         <wf lemma="enhver'" pos="X">enhver'</wf>
         <wf lemma="." pos="X">.</wf>
         <wf lemma="." pos="X">.</wf>
         <wf lemma="Og" pos="X">Og</wf>
         <wf lemma="dels" pos="X">dels</wf>
         <wf lemma="kan" pos="X">kan</wf>
         <wf lemma="det" pos="X">det</wf>
         <wf lemma="betyde" pos="X">betyde</wf>
         <wf lemma="'" pos="X">'</wf>
         <wf lemma="samfundsmæssig'" pos="X">samfundsmæssig'</wf>
         <wf lemma="eller" pos="X">eller</wf>
         <wf lemma="'statslig'" pos="X">'statslig'</wf>
         <wf lemma="." pos="X">.</wf>
      </sentence>
      <sentence id="d000.s423" source="wordnet-danish">
         <wf lemma="[Silkeskjorten" pos="X">[Silkeskjorten</wf>
         <wf lemma="]" pos="X">]</wf>
         <wf lemma="er" pos="X">er</wf>
         <wf lemma="så" pos="X">så</wf>
         <wf lemma="dyr" pos="X">dyr</wf>
         <wf lemma="," pos="X">,</wf>
         <wf lemma="at" pos="X">at</wf>
         <instance id="d000.s423.t000" lemma="middag" pos="NOUN">middagen</instance>
         <wf lemma="må" pos="X">må</wf>
         <wf lemma="stå" pos="X">stå</wf>
         <wf lemma="på" pos="X">på</wf>
         <wf lemma="kartoffelmos" pos="X">kartoffelmos</wf>
         <wf lemma="i" pos="X">i</wf>
         <wf lemma="månedsvis" pos="X">månedsvis</wf>
         <wf lemma="," pos="X">,</wf>
         <wf lemma="hvis" pos="X">hvis</wf>
         <wf lemma="man" pos="X">man</wf>
         <wf lemma="vil" pos="X">vil</wf>
         <wf lemma="eje" pos="X">eje</wf>
         <wf lemma="den" pos="X">den</wf>
         <wf lemma="." pos="X">.</wf>
      </sentence>
      <sentence id="d000.s424" source="wordnet-danish">
         <wf lemma="Christian" pos="X">Christian</wf>
         <wf lemma="Kampmann" pos="X">Kampmann</wf>
         <wf lemma="[skrev]" pos="X">[skrev]</wf>
         <wf lemma="cirka" pos="X">cirka</wf>
         <wf lemma="en" pos="X">en</wf>
         <wf lemma="roman" pos="X">roman</wf>
         <wf lemma="eller" pos="X">eller</wf>
         <wf lemma="novellesamling" pos="X">novellesamling</wf>
         <wf lemma="om" pos="X">om</wf>
         <wf lemma="året" pos="X">året</wf>
         <wf lemma="." pos="X">.</wf>
         <wf lemma="Han" pos="X">Han</wf>
         <wf lemma="var" pos="X">var</wf>
         <wf lemma="enormt" pos="X">enormt</wf>
         <instance id="d000.s424.t000" lemma="produktiv" pos="ADJ">produktiv</instance>
         <wf lemma="i" pos="X">i</wf>
         <wf lemma="sit" pos="X">sit</wf>
         <wf lemma="alt" pos="X">alt</wf>
         <wf lemma="for" pos="X">for</wf>
         <wf lemma="korte" pos="X">korte</wf>
         <wf lemma="liv" pos="X">liv</wf>
         <wf lemma="." pos="X">.</wf>
      </sentence>
      <sentence id="d000.s425" source="wordnet-danish">
         <wf lemma="Det" pos="X">Det</wf>
         <wf lemma="er" pos="X">er</wf>
         <wf lemma="dejligt" pos="X">dejligt</wf>
         <wf lemma="at" pos="X">at</wf>
         <wf lemma="være" pos="X">være</wf>
         <wf lemma="på" pos="X">på</wf>
         <instance id="d000.s425.t000" lemma="ferie" pos="NOUN">ferie</instance>
         <wf lemma="." pos="X">.</wf>
         <wf lemma="Men" pos="X">Men</wf>
         <wf lemma="det" pos="X">det</wf>
         <wf lemma="er" pos="X">er</wf>
         <wf lemma="næsten" pos="X">næsten</wf>
         <wf lemma="lige" pos="X">lige</wf>
         <wf lemma="så" pos="X">så</wf>
         <wf lemma="rart" pos="X">rart</wf>
         <wf lemma="at" pos="X">at</wf>
         <wf lemma="genopleve" pos="X">genopleve</wf>
         <wf lemma="minderne" pos="X">minderne</wf>
         <wf lemma="via" pos="X">via</wf>
         <wf lemma="sine" pos="X">sine</wf>
         <wf lemma="billeder" pos="X">billeder</wf>
         <wf lemma="." pos="X">.</wf>
      </sentence>
      <sentence id="d000.s426" source="wordnet-danish">
         <wf lemma="Han" pos="X">Han</wf>
         <wf lemma="kommer" pos="X">kommer</wf>
         <wf lemma="fra" pos="X">fra</wf>
         <wf lemma="en" pos="X">en</wf>
         <wf lemma="vigtig" pos="X">vigtig</wf>
         <wf lemma="forhandling" pos="X">forhandling</wf>
         <wf lemma="og" pos="X">og</wf>
         <wf lemma="bliver" pos="X">bliver</wf>
         <wf lemma="omringet" pos="X">omringet</wf>
         <wf lemma="af" pos="X">af</wf>
         <instance id="d000.s426.t000" lemma="journalist" pos="NOUN">journalister</instance>
         <wf lemma="med" pos="X">med</wf>
         <wf lemma="mange" pos="X">mange</wf>
         <wf lemma="nærgående" pos="X">nærgående</wf>
         <wf lemma="spørgsmål" pos="X">spørgsmål</wf>
         <wf lemma="." pos="X">.</wf>
      </sentence>
      <sentence id="d000.s427" source="wordnet-danish">
         <wf lemma="Den" pos="X">Den</wf>
         <wf lemma="7." pos="X">7.</wf>
         <wf lemma="februar" pos="X">februar</wf>
         <wf lemma="angreb" pos="X">angreb</wf>
         <wf lemma="tamilske" pos="X">tamilske</wf>
         <instance id="d000.s427.t000" lemma="oprører" pos="NOUN">oprørere</instance>
         <wf lemma="landsbyen" pos="X">landsbyen</wf>
         <wf lemma="Arantalawa" pos="X">Arantalawa</wf>
         <wf lemma="i" pos="X">i</wf>
         <wf lemma="den" pos="X">den</wf>
         <wf lemma="østlige" pos="X">østlige</wf>
         <wf lemma="del" pos="X">del</wf>
         <wf lemma="af" pos="X">af</wf>
         <wf lemma="landet" pos="X">landet</wf>
         <wf lemma="." pos="X">.</wf>
      </sentence>
      <sentence id="d000.s428" source="wordnet-danish">
         <wf lemma="en" pos="X">en</wf>
         <wf lemma="stor" pos="X">stor</wf>
         <wf lemma="Mercedes" pos="X">Mercedes</wf>
         <wf lemma="500" pos="X">500</wf>
         <wf lemma="uden" pos="X">uden</wf>
         <wf lemma="chauffør" pos="X">chauffør</wf>
         <wf lemma="holdt" pos="X">holdt</wf>
         <wf lemma="og" pos="X">og</wf>
         <instance id="d000.s428.t000" lemma="vente" pos="VERB">ventede</instance>
         <wf lemma="på" pos="X">på</wf>
         <wf lemma="ham" pos="X">ham</wf>
         <wf lemma="." pos="X">.</wf>
      </sentence>
      <sentence id="d000.s429" source="wordnet-danish">
         <wf lemma="[lægen]" pos="X">[lægen]</wf>
         <wf lemma="arbejder" pos="X">arbejder</wf>
         <wf lemma="hver" pos="X">hver</wf>
         <wf lemma="dag" pos="X">dag</wf>
         <wf lemma="med" pos="X">med</wf>
         <wf lemma="de" pos="X">de</wf>
         <wf lemma="svære" pos="X">svære</wf>
         <instance id="d000.s429.t000" lemma="afgørelse" pos="NOUN">afgørelser</instance>
         <wf lemma="," pos="X">,</wf>
         <wf lemma="som" pos="X">som</wf>
         <wf lemma="kan" pos="X">kan</wf>
         <wf lemma="betyde" pos="X">betyde</wf>
         <wf lemma="liv" pos="X">liv</wf>
         <wf lemma="eller" pos="X">eller</wf>
         <wf lemma="død" pos="X">død</wf>
         <wf lemma="." pos="X">.</wf>
      </sentence>
      <sentence id="d000.s430" source="wordnet-danish">
         <wf lemma="Han" pos="X">Han</wf>
         <wf lemma="havde" pos="X">havde</wf>
         <wf lemma="et" pos="X">et</wf>
         <wf lemma="ekstrajob" pos="X">ekstrajob</wf>
         <wf lemma="som" pos="X">som</wf>
         <wf lemma="natportier" pos="X">natportier</wf>
         <wf lemma="på" pos="X">på</wf>
         <wf lemma="rådhushotellet" pos="X">rådhushotellet</wf>
         <wf lemma="." pos="X">.</wf>
         <wf lemma="Det" pos="X">Det</wf>
         <wf lemma="gav" pos="X">gav</wf>
         <wf lemma="gode" pos="X">gode</wf>
         <instance id="d000.s430.t000" lemma="drikkepenge" pos="NOUN">drikkepenge</instance>
         <wf lemma="." pos="X">.</wf>
      </sentence>
      <sentence id="d000.s431" source="wordnet-danish">
         <wf lemma="der" pos="X">der</wf>
         <instance id="d000.s431.t000" lemma="komponere" pos="VERB">komponeres</instance>
         <wf lemma="utrolig" pos="X">utrolig</wf>
         <wf lemma="meget" pos="X">meget</wf>
         <wf lemma="kormusik" pos="X">kormusik</wf>
         <wf lemma="til" pos="X">til</wf>
         <wf lemma="kirkebrug" pos="X">kirkebrug</wf>
         <wf lemma="i" pos="X">i</wf>
         <wf lemma="Norge" pos="X">Norge</wf>
         <wf lemma="." pos="X">.</wf>
      </sentence>
      <sentence id="d000.s432" source="wordnet-danish">
         <wf lemma="Ingen" pos="X">Ingen</wf>
         <wf lemma="sætter" pos="X">sætter</wf>
         <wf lemma="en" pos="X">en</wf>
         <instance id="d000.s432.t000" lemma="lap" pos="NOUN">lap</instance>
         <wf lemma="af" pos="X">af</wf>
         <wf lemma="ukrympet" pos="X">ukrympet</wf>
         <wf lemma="stof" pos="X">stof</wf>
         <wf lemma="på" pos="X">på</wf>
         <wf lemma="en" pos="X">en</wf>
         <wf lemma="gammel" pos="X">gammel</wf>
         <wf lemma="kappe" pos="X">kappe</wf>
         <wf lemma=";" pos="X">;</wf>
         <wf lemma="for" pos="X">for</wf>
         <wf lemma="så" pos="X">så</wf>
         <wf lemma="river" pos="X">river</wf>
         <wf lemma="den" pos="X">den</wf>
         <wf lemma="nye" pos="X">nye</wf>
         <wf lemma="lap" pos="X">lap</wf>
         <wf lemma="det" pos="X">det</wf>
         <wf lemma="gamle" pos="X">gamle</wf>
         <wf lemma="i" pos="X">i</wf>
         <wf lemma="stykker" pos="X">stykker</wf>
         <wf lemma="," pos="X">,</wf>
         <wf lemma="og" pos="X">og</wf>
         <wf lemma="hullet" pos="X">hullet</wf>
         <wf lemma="bliver" pos="X">bliver</wf>
         <wf lemma="værre" pos="X">værre</wf>
         <wf lemma="." pos="X">.</wf>
      </sentence>
      <sentence id="d000.s433" source="wordnet-danish">
         <wf lemma="Langsomt" pos="X">Langsomt</wf>
         <wf lemma="forlod" pos="X">forlod</wf>
         <wf lemma="al" pos="X">al</wf>
         <wf lemma="farve" pos="X">farve</wf>
         <wf lemma="hans" pos="X">hans</wf>
         <wf lemma="kinder" pos="X">kinder</wf>
         <wf lemma="," pos="X">,</wf>
         <wf lemma="og" pos="X">og</wf>
         <wf lemma="et" pos="X">et</wf>
         <wf lemma="øjeblik" pos="X">øjeblik</wf>
         <wf lemma="så" pos="X">så</wf>
         <wf lemma="det" pos="X">det</wf>
         <wf lemma="ud" pos="X">ud</wf>
         <wf lemma="," pos="X">,</wf>
         <wf lemma="som" pos="X">som</wf>
         <wf lemma="om" pos="X">om</wf>
         <wf lemma="han" pos="X">han</wf>
         <wf lemma="skulle" pos="X">skulle</wf>
         <instance id="d000.s433.t000" lemma="besvime" pos="VERB">besvime</instance>
         <wf lemma="." pos="X">.</wf>
      </sentence>
      <sentence id="d000.s434" source="wordnet-danish">
         <wf lemma="Forvandlingen" pos="X">Forvandlingen</wf>
         <wf lemma="skete" pos="X">skete</wf>
         <wf lemma="i" pos="X">i</wf>
         <wf lemma="et" pos="X">et</wf>
         <wf lemma="rasende" pos="X">rasende</wf>
         <instance id="d000.s434.t000" lemma="tempo" pos="NOUN">tempo</instance>
         <wf lemma="." pos="X">.</wf>
      </sentence>
      <sentence id="d000.s435" source="wordnet-danish">
         <wf lemma="Gulvtæppet" pos="X">Gulvtæppet</wf>
         <wf lemma="er" pos="X">er</wf>
         <wf lemma="fuldt" pos="X">fuldt</wf>
         <wf lemma="af" pos="X">af</wf>
         <wf lemma="hundens" pos="X">hundens</wf>
         <instance id="d000.s435.t000" lemma="hår" pos="NOUN">hår</instance>
         <wf lemma="." pos="X">.</wf>
      </sentence>
      <sentence id="d000.s436" source="wordnet-danish">
         <wf lemma="der" pos="X">der</wf>
         <wf lemma="er" pos="X">er</wf>
         <wf lemma="en" pos="X">en</wf>
         <wf lemma="snæver" pos="X">snæver</wf>
         <wf lemma="sammenhæng" pos="X">sammenhæng</wf>
         <wf lemma="mellem" pos="X">mellem</wf>
         <wf lemma="kost" pos="X">kost</wf>
         <wf lemma="," pos="X">,</wf>
         <wf lemma="ernæring" pos="X">ernæring</wf>
         <wf lemma="og" pos="X">og</wf>
         <instance id="d000.s436.t000" lemma="sundhed" pos="NOUN">sundhed</instance>
         <wf lemma="." pos="X">.</wf>
      </sentence>
      <sentence id="d000.s437" source="wordnet-danish">
         <wf lemma="selskabets" pos="X">selskabets</wf>
         <instance id="d000.s437.t000" lemma="kapital" pos="NOUN">kapital</instance>
         <wf lemma="er" pos="X">er</wf>
         <wf lemma="blevet" pos="X">blevet</wf>
         <wf lemma="udhulet" pos="X">udhulet</wf>
         <wf lemma="på" pos="X">på</wf>
         <wf lemma="grund" pos="X">grund</wf>
         <wf lemma="af" pos="X">af</wf>
         <wf lemma="store" pos="X">store</wf>
         <wf lemma="tab" pos="X">tab</wf>
         <wf lemma="i" pos="X">i</wf>
         <wf lemma="1990" pos="X">1990</wf>
         <wf lemma="." pos="X">.</wf>
      </sentence>
      <sentence id="d000.s438" source="wordnet-danish">
         <wf lemma="Stoffer" pos="X">Stoffer</wf>
         <wf lemma="som" pos="X">som</wf>
         <wf lemma="ilt" pos="X">ilt</wf>
         <wf lemma="og" pos="X">og</wf>
         <wf lemma="jern" pos="X">jern</wf>
         <wf lemma="," pos="X">,</wf>
         <wf lemma="der" pos="X">der</wf>
         <wf lemma=".." pos="X">..</wf>
         <wf lemma="kun" pos="X">kun</wf>
         <wf lemma="består" pos="X">består</wf>
         <wf lemma="af" pos="X">af</wf>
         <wf lemma="én" pos="X">én</wf>
         <wf lemma="slags" pos="X">slags</wf>
         <wf lemma="atomer" pos="X">atomer</wf>
         <wf lemma="," pos="X">,</wf>
         <wf lemma="kalder" pos="X">kalder</wf>
         <wf lemma="man" pos="X">man</wf>
         <instance id="d000.s438.t000" lemma="grundstof" pos="NOUN">grundstoffer</instance>
         <wf lemma="." pos="X">.</wf>
      </sentence>
      <sentence id="d000.s439" source="wordnet-danish">
         <wf lemma="'Reggie" pos="X">'Reggie</wf>
         <wf lemma="," pos="X">,</wf>
         <wf lemma="her" pos="X">her</wf>
         <wf lemma="er" pos="X">er</wf>
         <wf lemma="så" pos="X">så</wf>
         <wf lemma="frygteligt" pos="X">frygteligt</wf>
         <wf lemma="varmt" pos="X">varmt</wf>
         <wf lemma="," pos="X">,</wf>
         <wf lemma="'" pos="X">'</wf>
         <wf lemma="sagde" pos="X">sagde</wf>
         <wf lemma="Mrs" pos="X">Mrs</wf>
         <wf lemma="Dennis" pos="X">Dennis</wf>
         <wf lemma="og" pos="X">og</wf>
         <instance id="d000.s439.t000" lemma="vifte" pos="VERB">viftede</instance>
         <wf lemma="sig" pos="X">sig</wf>
         <wf lemma="med" pos="X">med</wf>
         <wf lemma="sit" pos="X">sit</wf>
         <wf lemma="lommetørklæde" pos="X">lommetørklæde</wf>
         <wf lemma="." pos="X">.</wf>
      </sentence>
      <sentence id="d000.s440" source="wordnet-danish">
         <wf lemma="Inde" pos="X">Inde</wf>
         <wf lemma="i" pos="X">i</wf>
         <wf lemma="møllen" pos="X">møllen</wf>
         <wf lemma="var" pos="X">var</wf>
         <wf lemma="alt" pos="X">alt</wf>
         <wf lemma="mørkt" pos="X">mørkt</wf>
         <wf lemma="." pos="X">.</wf>
         <wf lemma="Ole" pos="X">Ole</wf>
         <wf lemma="tændte" pos="X">tændte</wf>
         <wf lemma="sin" pos="X">sin</wf>
         <instance id="d000.s440.t000" lemma="lommelygte" pos="NOUN">lommelygte</instance>
         <wf lemma="," pos="X">,</wf>
         <wf lemma="og" pos="X">og</wf>
         <wf lemma="vi" pos="X">vi</wf>
         <wf lemma="begyndte" pos="X">begyndte</wf>
         <wf lemma="at" pos="X">at</wf>
         <wf lemma="gå" pos="X">gå</wf>
         <wf lemma="op" pos="X">op</wf>
         <wf lemma="ad" pos="X">ad</wf>
         <wf lemma="trappen" pos="X">trappen</wf>
         <wf lemma="." pos="X">.</wf>
      </sentence>
      <sentence id="d000.s441" source="wordnet-danish">
         <wf lemma="Efterspørgslen" pos="X">Efterspørgslen</wf>
         <wf lemma="kan" pos="X">kan</wf>
         <wf lemma="defineres" pos="X">defineres</wf>
         <wf lemma="som" pos="X">som</wf>
         <wf lemma="den" pos="X">den</wf>
         <instance id="d000.s441.t000" lemma="mængde" pos="NOUN">mængde</instance>
         <wf lemma="varer" pos="X">varer</wf>
         <wf lemma="og" pos="X">og</wf>
         <wf lemma="tjenester" pos="X">tjenester</wf>
         <wf lemma="," pos="X">,</wf>
         <wf lemma="som" pos="X">som</wf>
         <wf lemma="køberne" pos="X">køberne</wf>
         <wf lemma="i" pos="X">i</wf>
         <wf lemma="en" pos="X">en</wf>
         <wf lemma="periode" pos="X">periode</wf>
         <wf lemma="er" pos="X">er</wf>
         <wf lemma="villige" pos="X">villige</wf>
         <wf lemma="til" pos="X">til</wf>
         <wf lemma="at" pos="X">at</wf>
         <wf lemma="aftage" pos="X">aftage</wf>
         <wf lemma="." pos="X">.</wf>
      </sentence>
      <sentence id="d000.s442" source="wordnet-danish">
         <wf lemma="Peter" pos="X">Peter</wf>
         <wf lemma="har" pos="X">har</wf>
         <wf lemma="brugt" pos="X">brugt</wf>
         <wf lemma="drivhuset" pos="X">drivhuset</wf>
         <wf lemma="som" pos="X">som</wf>
         <instance id="d000.s442.t000" lemma="mål" pos="NOUN">mål</instance>
         <wf lemma="for" pos="X">for</wf>
         <wf lemma="sin" pos="X">sin</wf>
         <wf lemma="nye" pos="X">nye</wf>
         <wf lemma="slangebøsse" pos="X">slangebøsse</wf>
         <wf lemma="." pos="X">.</wf>
      </sentence>
      <sentence id="d000.s443" source="wordnet-danish">
         <wf lemma="hvis" pos="X">hvis</wf>
         <wf lemma="der" pos="X">der</wf>
         <wf lemma="er" pos="X">er</wf>
         <wf lemma="masser" pos="X">masser</wf>
         <wf lemma="af" pos="X">af</wf>
         <instance id="d000.s443.t000" lemma="orm" pos="NOUN">orm</instance>
         <wf lemma="i" pos="X">i</wf>
         <wf lemma="jorden" pos="X">jorden</wf>
         <wf lemma="," pos="X">,</wf>
         <wf lemma="betyder" pos="X">betyder</wf>
         <wf lemma="det" pos="X">det</wf>
         <wf lemma="," pos="X">,</wf>
         <wf lemma="at" pos="X">at</wf>
         <wf lemma="der" pos="X">der</wf>
         <wf lemma="er" pos="X">er</wf>
         <wf lemma="masser" pos="X">masser</wf>
         <wf lemma="af" pos="X">af</wf>
         <wf lemma="liv" pos="X">liv</wf>
         <wf lemma="i" pos="X">i</wf>
         <wf lemma="det" pos="X">det</wf>
         <wf lemma="hele" pos="X">hele</wf>
         <wf lemma="taget" pos="X">taget</wf>
         <wf lemma="." pos="X">.</wf>
         <wf lemma="Og" pos="X">Og</wf>
         <wf lemma="så" pos="X">så</wf>
         <wf lemma="er" pos="X">er</wf>
         <wf lemma="jorden" pos="X">jorden</wf>
         <wf lemma="god" pos="X">god</wf>
         <wf lemma="." pos="X">.</wf>
      </sentence>
      <sentence id="d000.s444" source="wordnet-danish">
         <wf lemma="Fjernsynets" pos="X">Fjernsynets</wf>
         <wf lemma="Bamse" pos="X">Bamse</wf>
         <wf lemma="er" pos="X">er</wf>
         <wf lemma=".." pos="X">..</wf>
         <wf lemma="beskyttet" pos="X">beskyttet</wf>
         <wf lemma="af" pos="X">af</wf>
         <wf lemma="noget" pos="X">noget</wf>
         <wf lemma="," pos="X">,</wf>
         <wf lemma="der" pos="X">der</wf>
         <wf lemma="kaldes" pos="X">kaldes</wf>
         <instance id="d000.s444.t000" lemma="ophavsret" pos="NOUN">ophavsret</instance>
         <wf lemma="." pos="X">.</wf>
         <wf lemma="Det" pos="X">Det</wf>
         <wf lemma="vil" pos="X">vil</wf>
         <wf lemma="sige" pos="X">sige</wf>
         <wf lemma="," pos="X">,</wf>
         <wf lemma="at" pos="X">at</wf>
         <wf lemma="man" pos="X">man</wf>
         <wf lemma="ikke" pos="X">ikke</wf>
         <wf lemma="bare" pos="X">bare</wf>
         <wf lemma="må" pos="X">må</wf>
         <wf lemma="lave" pos="X">lave</wf>
         <wf lemma="efterligninger" pos="X">efterligninger</wf>
         <wf lemma="." pos="X">.</wf>
      </sentence>
      <sentence id="d000.s445" source="wordnet-danish">
         <wf lemma="Retten" pos="X">Retten</wf>
         <instance id="d000.s445.t000" lemma="finde" pos="VERB">fandt</instance>
         <wf lemma="det" pos="X">det</wf>
         <wf lemma="bevist" pos="X">bevist</wf>
         <wf lemma="," pos="X">,</wf>
         <wf lemma="at" pos="X">at</wf>
         <wf lemma="[han]" pos="X">[han]</wf>
         <wf lemma="selv" pos="X">selv</wf>
         <wf lemma="havde" pos="X">havde</wf>
         <wf lemma="stranguleret" pos="X">stranguleret</wf>
         <wf lemma="sine" pos="X">sine</wf>
         <wf lemma="to" pos="X">to</wf>
         <wf lemma="koner" pos="X">koner</wf>
         <wf lemma="." pos="X">.</wf>
      </sentence>
      <sentence id="d000.s446" source="wordnet-danish">
         <wf lemma="Til" pos="X">Til</wf>
         <wf lemma="fester" pos="X">fester</wf>
         <wf lemma="hvor" pos="X">hvor</wf>
         <wf lemma="andre" pos="X">andre</wf>
         <wf lemma="hælder" pos="X">hælder</wf>
         <instance id="d000.s446.t000" lemma="whisky" pos="NOUN">whisky</instance>
         <wf lemma="i" pos="X">i</wf>
         <wf lemma="sig" pos="X">sig</wf>
         <wf lemma="," pos="X">,</wf>
         <wf lemma="drikker" pos="X">drikker</wf>
         <wf lemma="jeg" pos="X">jeg</wf>
         <wf lemma="æblemost" pos="X">æblemost</wf>
         <wf lemma="." pos="X">.</wf>
      </sentence>
      <sentence id="d000.s447" source="wordnet-danish">
         <wf lemma="De" pos="X">De</wf>
         <wf lemma="fleste" pos="X">fleste</wf>
         <wf lemma="astronomer" pos="X">astronomer</wf>
         <wf lemma="mener" pos="X">mener</wf>
         <wf lemma="i" pos="X">i</wf>
         <wf lemma="dag" pos="X">dag</wf>
         <wf lemma="," pos="X">,</wf>
         <wf lemma="at" pos="X">at</wf>
         <wf lemma="universet" pos="X">universet</wf>
         <wf lemma="blev" pos="X">blev</wf>
         <instance id="d000.s447.t000" lemma="skabe" pos="VERB">skabt</instance>
         <wf lemma="for" pos="X">for</wf>
         <wf lemma="omkring" pos="X">omkring</wf>
         <wf lemma="15" pos="X">15</wf>
         <wf lemma="milliarder" pos="X">milliarder</wf>
         <wf lemma="år" pos="X">år</wf>
         <wf lemma="siden" pos="X">siden</wf>
         <wf lemma="." pos="X">.</wf>
      </sentence>
      <sentence id="d000.s448" source="wordnet-danish">
         <wf lemma="kan" pos="X">kan</wf>
         <wf lemma="du" pos="X">du</wf>
         <wf lemma="nå" pos="X">nå</wf>
         <wf lemma="at" pos="X">at</wf>
         <wf lemma="lave" pos="X">lave</wf>
         <wf lemma="lektierne" pos="X">lektierne</wf>
         <wf lemma="ovre" pos="X">ovre</wf>
         <wf lemma="på" pos="X">på</wf>
         <instance id="d000.s448.t000" lemma="skole" pos="NOUN">skolen</instance>
         <wf lemma="?" pos="X">?</wf>
      </sentence>
      <sentence id="d000.s449" source="wordnet-danish">
         <instance id="d000.s449.t000" lemma="kontrakt" pos="NOUN">Kontrakten</instance>
         <wf lemma="mellem" pos="X">mellem</wf>
         <wf lemma="DUC" pos="X">DUC</wf>
         <wf lemma="og" pos="X">og</wf>
         <wf lemma="D.O.N.G." pos="X">D.O.N.G.</wf>
         <wf lemma="løber" pos="X">løber</wf>
         <wf lemma="i" pos="X">i</wf>
         <wf lemma="25" pos="X">25</wf>
         <wf lemma="år" pos="X">år</wf>
         <wf lemma="." pos="X">.</wf>
      </sentence>
      <sentence id="d000.s450" source="wordnet-danish">
         <wf lemma="mange" pos="X">mange</wf>
         <wf lemma="politikere" pos="X">politikere</wf>
         <wf lemma=".." pos="X">..</wf>
         <wf lemma="har" pos="X">har</wf>
         <wf lemma="intet" pos="X">intet</wf>
         <wf lemma="engagement" pos="X">engagement</wf>
         <wf lemma="med" pos="X">med</wf>
         <wf lemma="i" pos="X">i</wf>
         <wf lemma="deres" pos="X">deres</wf>
         <wf lemma="job" pos="X">job</wf>
         <wf lemma="," pos="X">,</wf>
         <wf lemma="men" pos="X">men</wf>
         <wf lemma="sætter" pos="X">sætter</wf>
         <wf lemma="det" pos="X">det</wf>
         <wf lemma="at" pos="X">at</wf>
         <wf lemma="blive" pos="X">blive</wf>
         <wf lemma="genvalgt" pos="X">genvalgt</wf>
         <wf lemma="højere" pos="X">højere</wf>
         <wf lemma="end" pos="X">end</wf>
         <instance id="d000.s450.t000" lemma="loyalitet" pos="NOUN">loyaliteten</instance>
         <wf lemma="over" pos="X">over</wf>
         <wf lemma="for" pos="X">for</wf>
         <wf lemma="vælgerne" pos="X">vælgerne</wf>
         <wf lemma="." pos="X">.</wf>
      </sentence>
      <sentence id="d000.s451" source="wordnet-danish">
         <wf lemma="Planterne" pos="X">Planterne</wf>
         <wf lemma="optager" pos="X">optager</wf>
         <wf lemma="energi" pos="X">energi</wf>
         <wf lemma="fra" pos="X">fra</wf>
         <wf lemma="solens" pos="X">solens</wf>
         <wf lemma="lys" pos="X">lys</wf>
         <wf lemma="ved" pos="X">ved</wf>
         <wf lemma="hjælp" pos="X">hjælp</wf>
         <wf lemma="af" pos="X">af</wf>
         <instance id="d000.s451.t000" lemma="blad" pos="NOUN">bladenes</instance>
         <wf lemma="grønne" pos="X">grønne</wf>
         <wf lemma="farvestof" pos="X">farvestof</wf>
         <wf lemma="," pos="X">,</wf>
         <wf lemma="der" pos="X">der</wf>
         <wf lemma="kaldes" pos="X">kaldes</wf>
         <wf lemma="klorofyl" pos="X">klorofyl</wf>
         <wf lemma="." pos="X">.</wf>
      </sentence>
      <sentence id="d000.s452" source="wordnet-danish">
         <wf lemma="Siden" pos="X">Siden</wf>
         <wf lemma="1945" pos="X">1945</wf>
         <wf lemma="har" pos="X">har</wf>
         <wf lemma="der" pos="X">der</wf>
         <wf lemma="været" pos="X">været</wf>
         <instance id="d000.s452.t000" lemma="fred" pos="NOUN">fred</instance>
         <wf lemma="i" pos="X">i</wf>
         <wf lemma="vor" pos="X">vor</wf>
         <wf lemma="del" pos="X">del</wf>
         <wf lemma="af" pos="X">af</wf>
         <wf lemma="Europa" pos="X">Europa</wf>
         <wf lemma="." pos="X">.</wf>
      </sentence>
      <sentence id="d000.s453" source="wordnet-danish">
         <wf lemma="brug" pos="X">brug</wf>
         <wf lemma="aldrig" pos="X">aldrig</wf>
         <wf lemma="volden" pos="X">volden</wf>
         <wf lemma="som" pos="X">som</wf>
         <wf lemma="udtryksmiddel" pos="X">udtryksmiddel</wf>
         <wf lemma="." pos="X">.</wf>
         <wf lemma="Volden" pos="X">Volden</wf>
         <wf lemma="er" pos="X">er</wf>
         <instance id="d000.s453.t000" lemma="afskyelig" pos="ADJ">afskyelig</instance>
         <wf lemma="i" pos="X">i</wf>
         <wf lemma="alle" pos="X">alle</wf>
         <wf lemma="dens" pos="X">dens</wf>
         <wf lemma="afskygninger" pos="X">afskygninger</wf>
         <wf lemma="." pos="X">.</wf>
      </sentence>
      <sentence id="d000.s454" source="wordnet-danish">
         <wf lemma="Hvis" pos="X">Hvis</wf>
         <wf lemma="man" pos="X">man</wf>
         <wf lemma="er" pos="X">er</wf>
         <wf lemma="født" pos="X">født</wf>
         <instance id="d000.s454.t000" lemma="farveblind" pos="ADJ">farveblind</instance>
         <wf lemma="," pos="X">,</wf>
         <wf lemma="kan" pos="X">kan</wf>
         <wf lemma="man" pos="X">man</wf>
         <wf lemma="ikke" pos="X">ikke</wf>
         <wf lemma="blive" pos="X">blive</wf>
         <wf lemma="navigatør" pos="X">navigatør</wf>
         <wf lemma="." pos="X">.</wf>
      </sentence>
      <sentence id="d000.s455" source="wordnet-danish">
         <wf lemma="han" pos="X">han</wf>
         <instance id="d000.s455.t000" lemma="længes" pos="VERB">længtes</instance>
         <wf lemma="mod" pos="X">mod</wf>
         <wf lemma="barndommen" pos="X">barndommen</wf>
         <wf lemma="," pos="X">,</wf>
         <wf lemma="mod" pos="X">mod</wf>
         <wf lemma="hverdagen" pos="X">hverdagen</wf>
         <wf lemma="," pos="X">,</wf>
         <wf lemma="mod" pos="X">mod</wf>
         <wf lemma="det" pos="X">det</wf>
         <wf lemma="dagklare" pos="X">dagklare</wf>
         <wf lemma="ligefremme" pos="X">ligefremme</wf>
         <wf lemma="liv" pos="X">liv</wf>
         <wf lemma="i" pos="X">i</wf>
         <wf lemma="familien" pos="X">familien</wf>
         <wf lemma="." pos="X">.</wf>
      </sentence>
      <sentence id="d000.s456" source="wordnet-danish">
         <wf lemma="De" pos="X">De</wf>
         <wf lemma="danske" pos="X">danske</wf>
         <wf lemma="ishockey-spillere" pos="X">ishockey-spillere</wf>
         <wf lemma="er" pos="X">er</wf>
         <wf lemma="nogle" pos="X">nogle</wf>
         <instance id="d000.s456.t000" lemma="kylling" pos="NOUN">kyllinger</instance>
         <wf lemma="." pos="X">.</wf>
         <wf lemma="Sådan" pos="X">Sådan</wf>
         <wf lemma="rent" pos="X">rent</wf>
         <wf lemma="trænings-" pos="X">trænings-</wf>
         <wf lemma="og" pos="X">og</wf>
         <wf lemma="konkurrencemæssigt" pos="X">konkurrencemæssigt</wf>
         <wf lemma="," pos="X">,</wf>
         <wf lemma="altså" pos="X">altså</wf>
         <wf lemma="." pos="X">.</wf>
      </sentence>
      <sentence id="d000.s457" source="wordnet-danish">
         <wf lemma="Landbrugsministeren" pos="X">Landbrugsministeren</wf>
         <wf lemma="har" pos="X">har</wf>
         <wf lemma="også" pos="X">også</wf>
         <wf lemma="planer" pos="X">planer</wf>
         <wf lemma="om" pos="X">om</wf>
         <wf lemma="at" pos="X">at</wf>
         <wf lemma="nedsætte" pos="X">nedsætte</wf>
         <wf lemma="et" pos="X">et</wf>
         <wf lemma="husdyretisk" pos="X">husdyretisk</wf>
         <instance id="d000.s457.t000" lemma="råd" pos="NOUN">råd</instance>
         <wf lemma="." pos="X">.</wf>
      </sentence>
      <sentence id="d000.s458" source="wordnet-danish">
         <wf lemma="Et" pos="X">Et</wf>
         <wf lemma="19-årigt" pos="X">19-årigt</wf>
         <wf lemma="kvindeligt" pos="X">kvindeligt</wf>
         <wf lemma="postbud" pos="X">postbud</wf>
         <wf lemma="blev" pos="X">blev</wf>
         <wf lemma="tidligt" pos="X">tidligt</wf>
         <wf lemma="tirsdag" pos="X">tirsdag</wf>
         <wf lemma="morgen" pos="X">morgen</wf>
         <instance id="d000.s458.t000" lemma="forsøge" pos="VERB">forsøgt</instance>
         <wf lemma="voldtaget" pos="X">voldtaget</wf>
         <wf lemma="." pos="X">.</wf>
      </sentence>
      <sentence id="d000.s459" source="wordnet-danish">
         <wf lemma="Jeg" pos="X">Jeg</wf>
         <wf lemma="sov" pos="X">sov</wf>
         <wf lemma="hele" pos="X">hele</wf>
         <wf lemma="næste" pos="X">næste</wf>
         <instance id="d000.s459.t000" lemma="døgn" pos="NOUN">døgn</instance>
         <wf lemma="og" pos="X">og</wf>
         <wf lemma="var" pos="X">var</wf>
         <wf lemma="halvsløj" pos="X">halvsløj</wf>
         <wf lemma="i" pos="X">i</wf>
         <wf lemma="endnu" pos="X">endnu</wf>
         <wf lemma="et" pos="X">et</wf>
         <wf lemma="par" pos="X">par</wf>
         <wf lemma="dage" pos="X">dage</wf>
         <wf lemma="." pos="X">.</wf>
      </sentence>
      <sentence id="d000.s460" source="wordnet-danish">
         <wf lemma="Engelskgræs" pos="X">Engelskgræs</wf>
         <wf lemma="er" pos="X">er</wf>
         <wf lemma="en" pos="X">en</wf>
         <wf lemma="flerårig" pos="X">flerårig</wf>
         <wf lemma="urt" pos="X">urt</wf>
         <wf lemma="med" pos="X">med</wf>
         <wf lemma="ganske" pos="X">ganske</wf>
         <instance id="d000.s460.t000" lemma="smal" pos="ADJ">smalle</instance>
         <wf lemma="," pos="X">,</wf>
         <wf lemma="stedsegrønne" pos="X">stedsegrønne</wf>
         <wf lemma="blade" pos="X">blade</wf>
         <wf lemma="." pos="X">.</wf>
      </sentence>
      <sentence id="d000.s461" source="wordnet-danish">
         <wf lemma="Hubertus" pos="X">Hubertus</wf>
         <wf lemma="[vidste]" pos="X">[vidste]</wf>
         <wf lemma="," pos="X">,</wf>
         <wf lemma="at" pos="X">at</wf>
         <wf lemma="det" pos="X">det</wf>
         <wf lemma="var" pos="X">var</wf>
         <wf lemma="en" pos="X">en</wf>
         <instance id="d000.s461.t000" lemma="haj" pos="NOUN">haj</instance>
         <wf lemma="," pos="X">,</wf>
         <wf lemma="der" pos="X">der</wf>
         <wf lemma="kredsede" pos="X">kredsede</wf>
         <wf lemma="rundt" pos="X">rundt</wf>
         <wf lemma="og" pos="X">og</wf>
         <wf lemma="håbede" pos="X">håbede</wf>
         <wf lemma="på" pos="X">på</wf>
         <wf lemma="," pos="X">,</wf>
         <wf lemma="at" pos="X">at</wf>
         <wf lemma="en" pos="X">en</wf>
         <wf lemma="sørøver" pos="X">sørøver</wf>
         <wf lemma="skulle" pos="X">skulle</wf>
         <wf lemma="gå" pos="X">gå</wf>
         <wf lemma="planken" pos="X">planken</wf>
         <wf lemma="ud" pos="X">ud</wf>
         <wf lemma="eller" pos="X">eller</wf>
         <wf lemma="blive" pos="X">blive</wf>
         <wf lemma="kølhalet" pos="X">kølhalet</wf>
         <wf lemma="," pos="X">,</wf>
         <wf lemma="så" pos="X">så</wf>
         <wf lemma="den" pos="X">den</wf>
         <wf lemma="kunne" pos="X">kunne</wf>
         <wf lemma="æde" pos="X">æde</wf>
         <wf lemma="ham" pos="X">ham</wf>
         <wf lemma="." pos="X">.</wf>
      </sentence>
      <sentence id="d000.s462" source="wordnet-danish">
         <wf lemma="704" pos="X">704</wf>
         <wf lemma="kr." pos="X">kr.</wf>
         <wf lemma="lød" pos="X">lød</wf>
         <instance id="d000.s462.t000" lemma="regning" pos="NOUN">regningen</instance>
         <wf lemma="på" pos="X">på</wf>
         <wf lemma="--" pos="X">--</wf>
         <wf lemma="for" pos="X">for</wf>
         <wf lemma="fire" pos="X">fire</wf>
         <wf lemma="retter" pos="X">retter</wf>
         <wf lemma="mad" pos="X">mad</wf>
         <wf lemma="til" pos="X">til</wf>
         <wf lemma="hver" pos="X">hver</wf>
         <wf lemma="," pos="X">,</wf>
         <wf lemma="vin" pos="X">vin</wf>
         <wf lemma="og" pos="X">og</wf>
         <wf lemma="kaffe" pos="X">kaffe</wf>
         <wf lemma="." pos="X">.</wf>
      </sentence>
      <sentence id="d000.s463" source="wordnet-danish">
         <wf lemma="Det" pos="X">Det</wf>
         <wf lemma="er" pos="X">er</wf>
         <wf lemma="dog" pos="X">dog</wf>
         <wf lemma="svært" pos="X">svært</wf>
         <wf lemma="at" pos="X">at</wf>
         <wf lemma="mene" pos="X">mene</wf>
         <wf lemma="noget" pos="X">noget</wf>
         <wf lemma="epokegørende" pos="X">epokegørende</wf>
         <wf lemma="nyt" pos="X">nyt</wf>
         <wf lemma="om" pos="X">om</wf>
         <wf lemma="noget" pos="X">noget</wf>
         <wf lemma="så" pos="X">så</wf>
         <instance id="d000.s463.t000" lemma="konkret" pos="ADJ">konkret</instance>
         <wf lemma="som" pos="X">som</wf>
         <wf lemma="kartoffelsuppe" pos="X">kartoffelsuppe</wf>
         <wf lemma="." pos="X">.</wf>
      </sentence>
      <sentence id="d000.s464" source="wordnet-danish">
         <wf lemma="Hvert" pos="X">Hvert</wf>
         <wf lemma="individ" pos="X">individ</wf>
         <wf lemma="anskuer" pos="X">anskuer</wf>
         <wf lemma="og" pos="X">og</wf>
         <wf lemma="vurderer" pos="X">vurderer</wf>
         <wf lemma="virkeligheden" pos="X">virkeligheden</wf>
         <wf lemma="fra" pos="X">fra</wf>
         <wf lemma="en" pos="X">en</wf>
         <instance id="d000.s464.t000" lemma="subjektiv" pos="ADJ">subjektiv</instance>
         <wf lemma="vinkel" pos="X">vinkel</wf>
         <wf lemma="." pos="X">.</wf>
      </sentence>
      <sentence id="d000.s465" source="wordnet-danish">
         <instance id="d000.s465.t000" lemma="hjerte" pos="NOUN">Hjertet</instance>
         <wf lemma="slår" pos="X">slår</wf>
         <wf lemma="normalt" pos="X">normalt</wf>
         <wf lemma="med" pos="X">med</wf>
         <wf lemma="50-80" pos="X">50-80</wf>
         <wf lemma="slag" pos="X">slag</wf>
         <wf lemma="i" pos="X">i</wf>
         <wf lemma="minuttet" pos="X">minuttet</wf>
         <wf lemma="." pos="X">.</wf>
      </sentence>
      <sentence id="d000.s466" source="wordnet-danish">
         <wf lemma="[djævelen]" pos="X">[djævelen]</wf>
         <wf lemma="lurer" pos="X">lurer</wf>
         <wf lemma="i" pos="X">i</wf>
         <wf lemma="underbevidstheden" pos="X">underbevidstheden</wf>
         <wf lemma="," pos="X">,</wf>
         <wf lemma="alt" pos="X">alt</wf>
         <wf lemma="imens" pos="X">imens</wf>
         <wf lemma="han" pos="X">han</wf>
         <wf lemma="lige" pos="X">lige</wf>
         <wf lemma="så" pos="X">så</wf>
         <wf lemma="stille" pos="X">stille</wf>
         <wf lemma="svulmer" pos="X">svulmer</wf>
         <wf lemma="op" pos="X">op</wf>
         <wf lemma="og" pos="X">og</wf>
         <wf lemma="til" pos="X">til</wf>
         <wf lemma="sidst" pos="X">sidst</wf>
         <wf lemma="antager" pos="X">antager</wf>
         <wf lemma="ganske" pos="X">ganske</wf>
         <wf lemma="absurde" pos="X">absurde</wf>
         <instance id="d000.s466.t000" lemma="proportion" pos="NOUN">proportioner</instance>
         <wf lemma="." pos="X">.</wf>
      </sentence>
      <sentence id="d000.s467" source="wordnet-danish">
         <wf lemma="Strålesterilisering" pos="X">Strålesterilisering</wf>
         <wf lemma="er" pos="X">er</wf>
         <wf lemma="ikke" pos="X">ikke</wf>
         <instance id="d000.s467.t000" lemma="mulig" pos="ADJ">mulig</instance>
         <wf lemma="for" pos="X">for</wf>
         <wf lemma="hospitaler" pos="X">hospitaler</wf>
         <wf lemma="eller" pos="X">eller</wf>
         <wf lemma="privat" pos="X">privat</wf>
         <wf lemma="praktiserende" pos="X">praktiserende</wf>
         <wf lemma="klinikker" pos="X">klinikker</wf>
         <wf lemma="," pos="X">,</wf>
         <wf lemma="men" pos="X">men</wf>
         <wf lemma="anvendes" pos="X">anvendes</wf>
         <wf lemma="i" pos="X">i</wf>
         <wf lemma="industrien" pos="X">industrien</wf>
         <wf lemma="." pos="X">.</wf>
      </sentence>
      <sentence id="d000.s468" source="wordnet-danish">
         <instance id="d000.s468.t000" lemma="udstrækning" pos="NOUN">udstrækningen</instance>
         <wf lemma="og" pos="X">og</wf>
         <wf lemma="arten" pos="X">arten</wf>
         <wf lemma="af" pos="X">af</wf>
         <wf lemma="Primakovs" pos="X">Primakovs</wf>
         <wf lemma="samarbejde" pos="X">samarbejde</wf>
         <wf lemma="med" pos="X">med</wf>
         <wf lemma="KGB" pos="X">KGB</wf>
         <wf lemma="i" pos="X">i</wf>
         <wf lemma="hans" pos="X">hans</wf>
         <wf lemma="journalistår" pos="X">journalistår</wf>
         <wf lemma="forbliver" pos="X">forbliver</wf>
         <wf lemma="uvis" pos="X">uvis</wf>
         <wf lemma="." pos="X">.</wf>
      </sentence>
      <sentence id="d000.s469" source="wordnet-danish">
         <wf lemma="Ved" pos="X">Ved</wf>
         <wf lemma="udtrædelsen" pos="X">udtrædelsen</wf>
         <wf lemma="fraskriver" pos="X">fraskriver</wf>
         <wf lemma="man" pos="X">man</wf>
         <wf lemma="sig" pos="X">sig</wf>
         <wf lemma="retten" pos="X">retten</wf>
         <wf lemma="til" pos="X">til</wf>
         <wf lemma="at" pos="X">at</wf>
         <wf lemma="få" pos="X">få</wf>
         <wf lemma="foretaget" pos="X">foretaget</wf>
         <wf lemma="kirkelige" pos="X">kirkelige</wf>
         <instance id="d000.s469.t000" lemma="handling" pos="NOUN">handlinger</instance>
         <wf lemma="ved" pos="X">ved</wf>
         <wf lemma="Folkekirkens" pos="X">Folkekirkens</wf>
         <wf lemma="præster" pos="X">præster</wf>
         <wf lemma="." pos="X">.</wf>
      </sentence>
      <sentence id="d000.s470" source="wordnet-danish">
         <wf lemma="Hæld" pos="X">Hæld</wf>
         <wf lemma="aldrig" pos="X">aldrig</wf>
         <wf lemma="kemikalier" pos="X">kemikalier</wf>
         <wf lemma="i" pos="X">i</wf>
         <wf lemma="andre" pos="X">andre</wf>
         <instance id="d000.s470.t000" lemma="beholder" pos="NOUN">beholdere</instance>
         <wf lemma="end" pos="X">end</wf>
         <wf lemma="de" pos="X">de</wf>
         <wf lemma="oprindelige" pos="X">oprindelige</wf>
         <wf lemma="." pos="X">.</wf>
      </sentence>
      <sentence id="d000.s471" source="wordnet-danish">
         <wf lemma="Bruger" pos="X">Bruger</wf>
         <wf lemma="De" pos="X">De</wf>
         <wf lemma="sukker" pos="X">sukker</wf>
         <wf lemma="og" pos="X">og</wf>
         <instance id="d000.s471.t000" lemma="fløde" pos="NOUN">fløde</instance>
         <wf lemma="i" pos="X">i</wf>
         <wf lemma="kaffen" pos="X">kaffen</wf>
         <wf lemma="?" pos="X">?</wf>
      </sentence>
      <sentence id="d000.s472" source="wordnet-danish">
         <wf lemma="Postmester" pos="X">Postmester</wf>
         <wf lemma="E." pos="X">E.</wf>
         <wf lemma="F." pos="X">F.</wf>
         <wf lemma="Jørgensen" pos="X">Jørgensen</wf>
         <wf lemma="var" pos="X">var</wf>
         <wf lemma="et" pos="X">et</wf>
         <wf lemma="retlinet" pos="X">retlinet</wf>
         <wf lemma="og" pos="X">og</wf>
         <instance id="d000.s472.t000" lemma="nobel" pos="ADJ">nobelt</instance>
         <wf lemma="menneske" pos="X">menneske</wf>
         <wf lemma="," pos="X">,</wf>
         <wf lemma="som" pos="X">som</wf>
         <wf lemma="var" pos="X">var</wf>
         <wf lemma="respekteret" pos="X">respekteret</wf>
         <wf lemma="og" pos="X">og</wf>
         <wf lemma="vellidt" pos="X">vellidt</wf>
         <wf lemma="blandt" pos="X">blandt</wf>
         <wf lemma="sine" pos="X">sine</wf>
         <wf lemma="medarbejdere" pos="X">medarbejdere</wf>
         <wf lemma="og" pos="X">og</wf>
         <wf lemma="kolleger" pos="X">kolleger</wf>
         <wf lemma="." pos="X">.</wf>
      </sentence>
      <sentence id="d000.s473" source="wordnet-danish">
         <wf lemma="Så" pos="X">Så</wf>
         <wf lemma="drog" pos="X">drog</wf>
         <wf lemma="David" pos="X">David</wf>
         <wf lemma="af" pos="X">af</wf>
         <wf lemma="sted" pos="X">sted</wf>
         <wf lemma="sammen" pos="X">sammen</wf>
         <wf lemma="med" pos="X">med</wf>
         <wf lemma="de" pos="X">de</wf>
         <wf lemma="seks" pos="X">seks</wf>
         <wf lemma="hundrede" pos="X">hundrede</wf>
         <wf lemma="mand" pos="X">mand</wf>
         <wf lemma="," pos="X">,</wf>
         <wf lemma="som" pos="X">som</wf>
         <instance id="d000.s473.t000" lemma="følge" pos="VERB">fulgte</instance>
         <wf lemma="ham" pos="X">ham</wf>
         <wf lemma="." pos="X">.</wf>
      </sentence>
      <sentence id="d000.s474" source="wordnet-danish">
         <wf lemma="du" pos="X">du</wf>
         <wf lemma="[har]" pos="X">[har]</wf>
         <wf lemma="ret" pos="X">ret</wf>
         <wf lemma="til" pos="X">til</wf>
         <wf lemma="separation" pos="X">separation</wf>
         <wf lemma="," pos="X">,</wf>
         <wf lemma="når" pos="X">når</wf>
         <wf lemma="din" pos="X">din</wf>
         <wf lemma="ægtefælle" pos="X">ægtefælle</wf>
         <wf lemma="groft" pos="X">groft</wf>
         <wf lemma="forsømmer" pos="X">forsømmer</wf>
         <wf lemma="familiens" pos="X">familiens</wf>
         <instance id="d000.s474.t000" lemma="underhold" pos="NOUN">underhold</instance>
         <wf lemma="eller" pos="X">eller</wf>
         <wf lemma="andre" pos="X">andre</wf>
         <wf lemma="pligter" pos="X">pligter</wf>
         <wf lemma="." pos="X">.</wf>
      </sentence>
      <sentence id="d000.s475" source="wordnet-danish">
         <wf lemma="Når" pos="X">Når</wf>
         <wf lemma="lakken" pos="X">lakken</wf>
         <wf lemma="er" pos="X">er</wf>
         <wf lemma="tør" pos="X">tør</wf>
         <wf lemma="," pos="X">,</wf>
         <wf lemma="slibes" pos="X">slibes</wf>
         <wf lemma="overfladen" pos="X">overfladen</wf>
         <instance id="d000.s475.t000" lemma="glat" pos="ADJ">glat</instance>
         <wf lemma="med" pos="X">med</wf>
         <wf lemma="sandpapir" pos="X">sandpapir</wf>
         <wf lemma="." pos="X">.</wf>
      </sentence>
      <sentence id="d000.s476" source="wordnet-danish">
         <wf lemma="Penge" pos="X">Penge</wf>
         <wf lemma="er" pos="X">er</wf>
         <wf lemma="ikke" pos="X">ikke</wf>
         <wf lemma="et" pos="X">et</wf>
         <instance id="d000.s476.t000" lemma="mål" pos="NOUN">mål</instance>
         <wf lemma="i" pos="X">i</wf>
         <wf lemma="sig" pos="X">sig</wf>
         <wf lemma="selv" pos="X">selv</wf>
         <wf lemma="." pos="X">.</wf>
         <wf lemma="Men" pos="X">Men</wf>
         <wf lemma="de" pos="X">de</wf>
         <wf lemma="er" pos="X">er</wf>
         <wf lemma="et" pos="X">et</wf>
         <wf lemma="middel" pos="X">middel</wf>
         <wf lemma="." pos="X">.</wf>
      </sentence>
      <sentence id="d000.s477" source="wordnet-danish">
         <wf lemma="jeg" pos="X">jeg</wf>
         <wf lemma="[vil]" pos="X">[vil]</wf>
         <wf lemma="ikke" pos="X">ikke</wf>
         <wf lemma="politianmelde" pos="X">politianmelde</wf>
         <wf lemma="forfatterne" pos="X">forfatterne</wf>
         <wf lemma="," pos="X">,</wf>
         <wf lemma="men" pos="X">men</wf>
         <wf lemma="jeg" pos="X">jeg</wf>
         <instance id="d000.s477.t000" lemma="forvente" pos="VERB">forventer</instance>
         <wf lemma="en" pos="X">en</wf>
         <wf lemma="undskyldning" pos="X">undskyldning</wf>
         <wf lemma="fra" pos="X">fra</wf>
         <wf lemma="dem" pos="X">dem</wf>
         <wf lemma="." pos="X">.</wf>
      </sentence>
      <sentence id="d000.s478" source="wordnet-danish">
         <wf lemma="Makrelfileterne" pos="X">Makrelfileterne</wf>
         <wf lemma="duppes" pos="X">duppes</wf>
         <wf lemma="tørre" pos="X">tørre</wf>
         <wf lemma="med" pos="X">med</wf>
         <instance id="d000.s478.t000" lemma="køkkenpapir" pos="NOUN">køkkenpapir</instance>
         <wf lemma="." pos="X">.</wf>
      </sentence>
      <sentence id="d000.s479" source="wordnet-danish">
         <wf lemma="Jubilæet" pos="X">Jubilæet</wf>
         <instance id="d000.s479.t000" lemma="markere" pos="VERB">markeres</instance>
         <wf lemma="torsdag" pos="X">torsdag</wf>
         <wf lemma="den" pos="X">den</wf>
         <wf lemma="8." pos="X">8.</wf>
         <wf lemma="nov." pos="X">nov.</wf>
         <wf lemma="med" pos="X">med</wf>
         <wf lemma="'" pos="X">'</wf>
         <wf lemma="Åbent" pos="X">Åbent</wf>
         <wf lemma="hus'" pos="X">hus'</wf>
         <wf lemma="fra" pos="X">fra</wf>
         <wf lemma="14-18" pos="X">14-18</wf>
         <wf lemma="." pos="X">.</wf>
      </sentence>
      <sentence id="d000.s480" source="wordnet-danish">
         <wf lemma="de" pos="X">de</wf>
         <wf lemma="fleste" pos="X">fleste</wf>
         <wf lemma="af" pos="X">af</wf>
         <wf lemma="de" pos="X">de</wf>
         <instance id="d000.s480.t000" lemma="tilstedeværende" pos="ADJ">tilstedeværende</instance>
         <wf lemma="var" pos="X">var</wf>
         <wf lemma="i" pos="X">i</wf>
         <wf lemma="en" pos="X">en</wf>
         <wf lemma="sådan" pos="X">sådan</wf>
         <wf lemma="tilstand" pos="X">tilstand</wf>
         <wf lemma="af" pos="X">af</wf>
         <wf lemma="ekstase" pos="X">ekstase</wf>
         <wf lemma="og" pos="X">og</wf>
         <wf lemma="udmattelse" pos="X">udmattelse</wf>
         <wf lemma="," pos="X">,</wf>
         <wf lemma="at" pos="X">at</wf>
         <wf lemma="de" pos="X">de</wf>
         <wf lemma="ikke" pos="X">ikke</wf>
         <wf lemma="selv" pos="X">selv</wf>
         <wf lemma="fattede" pos="X">fattede</wf>
         <wf lemma="," pos="X">,</wf>
         <wf lemma="hvad" pos="X">hvad</wf>
         <wf lemma="der" pos="X">der</wf>
         <wf lemma="foregik" pos="X">foregik</wf>
         <wf lemma="omkring" pos="X">omkring</wf>
         <wf lemma="dem" pos="X">dem</wf>
         <wf lemma="." pos="X">.</wf>
      </sentence>
      <sentence id="d000.s481" source="wordnet-danish">
         <wf lemma="Den" pos="X">Den</wf>
         <wf lemma="engelske" pos="X">engelske</wf>
         <wf lemma="flåde" pos="X">flåde</wf>
         <wf lemma="er" pos="X">er</wf>
         <wf lemma="ankret" pos="X">ankret</wf>
         <wf lemma="op" pos="X">op</wf>
         <wf lemma="i" pos="X">i</wf>
         <wf lemma="Øresund" pos="X">Øresund</wf>
         <wf lemma="," pos="X">,</wf>
         <wf lemma="lastet" pos="X">lastet</wf>
         <wf lemma="med" pos="X">med</wf>
         <wf lemma="kanoner" pos="X">kanoner</wf>
         <wf lemma="og" pos="X">og</wf>
         <wf lemma="soldater" pos="X">soldater</wf>
         <wf lemma="," pos="X">,</wf>
         <wf lemma="klar" pos="X">klar</wf>
         <wf lemma="til" pos="X">til</wf>
         <wf lemma="at" pos="X">at</wf>
         <instance id="d000.s481.t000" lemma="indtage" pos="VERB">indtage</instance>
         <wf lemma="Sjælland" pos="X">Sjælland</wf>
         <wf lemma="." pos="X">.</wf>
      </sentence>
      <sentence id="d000.s482" source="wordnet-danish">
         <wf lemma="Jeg" pos="X">Jeg</wf>
         <wf lemma="begyndte" pos="X">begyndte</wf>
         <wf lemma="at" pos="X">at</wf>
         <wf lemma="se" pos="X">se</wf>
         <wf lemma="kammeraterne" pos="X">kammeraterne</wf>
         <wf lemma="an" pos="X">an</wf>
         <wf lemma="og" pos="X">og</wf>
         <wf lemma="blive" pos="X">blive</wf>
         <wf lemma="social" pos="X">social</wf>
         <wf lemma="og" pos="X">og</wf>
         <wf lemma="nærværende" pos="X">nærværende</wf>
         <wf lemma="igen" pos="X">igen</wf>
         <wf lemma="." pos="X">.</wf>
         <wf lemma="Vi" pos="X">Vi</wf>
         <wf lemma="huggede" pos="X">huggede</wf>
         <wf lemma="i" pos="X">i</wf>
         <wf lemma="os" pos="X">os</wf>
         <wf lemma="og" pos="X">og</wf>
         <wf lemma="blev" pos="X">blev</wf>
         <instance id="d000.s482.t000" lemma="snaksom" pos="ADJ">snaksomme</instance>
         <wf lemma="." pos="X">.</wf>
      </sentence>
      <sentence id="d000.s483" source="wordnet-danish">
         <wf lemma="under" pos="X">under</wf>
         <wf lemma="hans" pos="X">hans</wf>
         <wf lemma="bryst" pos="X">bryst</wf>
         <wf lemma="er" pos="X">er</wf>
         <wf lemma="der" pos="X">der</wf>
         <wf lemma="begyndt" pos="X">begyndt</wf>
         <wf lemma="at" pos="X">at</wf>
         <wf lemma="danne" pos="X">danne</wf>
         <wf lemma="sig" pos="X">sig</wf>
         <wf lemma="en" pos="X">en</wf>
         <wf lemma="lille" pos="X">lille</wf>
         <instance id="d000.s483.t000" lemma="pøl" pos="NOUN">pøl</instance>
         <wf lemma="af" pos="X">af</wf>
         <wf lemma="blod" pos="X">blod</wf>
         <wf lemma="." pos="X">.</wf>
      </sentence>
      <sentence id="d000.s484" source="wordnet-danish">
         <wf lemma="Billigste" pos="X">Billigste</wf>
         <wf lemma="ferie" pos="X">ferie</wf>
         <wf lemma="i" pos="X">i</wf>
         <wf lemma="Cairo" pos="X">Cairo</wf>
         <wf lemma="koster" pos="X">koster</wf>
         <wf lemma="2795" pos="X">2795</wf>
         <wf lemma="kr." pos="X">kr.</wf>
         <wf lemma="," pos="X">,</wf>
         <wf lemma="som" pos="X">som</wf>
         <wf lemma="dækker" pos="X">dækker</wf>
         <wf lemma="en" pos="X">en</wf>
         <wf lemma="uge" pos="X">uge</wf>
         <wf lemma="på" pos="X">på</wf>
         <wf lemma="simpelt" pos="X">simpelt</wf>
         <wf lemma="hotel" pos="X">hotel</wf>
         <wf lemma="med" pos="X">med</wf>
         <instance id="d000.s484.t000" lemma="morgenmad" pos="NOUN">morgenmad</instance>
         <wf lemma="." pos="X">.</wf>
      </sentence>
      <sentence id="d000.s485" source="wordnet-danish">
         <wf lemma="Når" pos="X">Når</wf>
         <wf lemma="en" pos="X">en</wf>
         <instance id="d000.s485.t000" lemma="kat" pos="NOUN">kat</instance>
         <wf lemma="skal" pos="X">skal</wf>
         <wf lemma="fange" pos="X">fange</wf>
         <wf lemma="en" pos="X">en</wf>
         <wf lemma="mus" pos="X">mus</wf>
         <wf lemma="," pos="X">,</wf>
         <wf lemma="sidder" pos="X">sidder</wf>
         <wf lemma="den" pos="X">den</wf>
         <wf lemma="helt" pos="X">helt</wf>
         <wf lemma="stille" pos="X">stille</wf>
         <wf lemma="og" pos="X">og</wf>
         <wf lemma="springer" pos="X">springer</wf>
         <wf lemma="frem" pos="X">frem</wf>
         <wf lemma="," pos="X">,</wf>
         <wf lemma="når" pos="X">når</wf>
         <wf lemma="musen" pos="X">musen</wf>
         <wf lemma="bevæger" pos="X">bevæger</wf>
         <wf lemma="sig" pos="X">sig</wf>
         <wf lemma="." pos="X">.</wf>
      </sentence>
      <sentence id="d000.s486" source="wordnet-danish">
         <instance id="d000.s486.t000" lemma="frø" pos="NOUN">Frøer</instance>
         <wf lemma="kan" pos="X">kan</wf>
         <wf lemma="kalde" pos="X">kalde</wf>
         <wf lemma="på" pos="X">på</wf>
         <wf lemma="hinanden" pos="X">hinanden</wf>
         <wf lemma="med" pos="X">med</wf>
         <wf lemma="'kvække-lyde'" pos="X">'kvække-lyde'</wf>
         <wf lemma="." pos="X">.</wf>
         <wf lemma="." pos="X">.</wf>
         <wf lemma="Når" pos="X">Når</wf>
         <wf lemma="frøen" pos="X">frøen</wf>
         <wf lemma="kalder" pos="X">kalder</wf>
         <wf lemma="," pos="X">,</wf>
         <wf lemma="svulmer" pos="X">svulmer</wf>
         <wf lemma="hele" pos="X">hele</wf>
         <wf lemma="struben" pos="X">struben</wf>
         <wf lemma="op" pos="X">op</wf>
         <wf lemma="." pos="X">.</wf>
      </sentence>
      <sentence id="d000.s487" source="wordnet-danish">
         <wf lemma="Hun" pos="X">Hun</wf>
         <wf lemma="har" pos="X">har</wf>
         <wf lemma="skjult" pos="X">skjult</wf>
         <wf lemma="en" pos="X">en</wf>
         <wf lemma="spand" pos="X">spand</wf>
         <wf lemma="med" pos="X">med</wf>
         <instance id="d000.s487.t000" lemma="snavsetøj" pos="NOUN">snavsetøj</instance>
         <wf lemma="bag" pos="X">bag</wf>
         <wf lemma="ved" pos="X">ved</wf>
         <wf lemma="vaskemaskinen" pos="X">vaskemaskinen</wf>
         <wf lemma="." pos="X">.</wf>
      </sentence>
      <sentence id="d000.s488" source="wordnet-danish">
         <wf lemma="med" pos="X">med</wf>
         <wf lemma="sine" pos="X">sine</wf>
         <wf lemma="hvide" pos="X">hvide</wf>
         <wf lemma="mure" pos="X">mure</wf>
         <wf lemma="," pos="X">,</wf>
         <wf lemma="høje" pos="X">høje</wf>
         <wf lemma="vinduer" pos="X">vinduer</wf>
         <wf lemma="," pos="X">,</wf>
         <wf lemma="karnapper" pos="X">karnapper</wf>
         <wf lemma="og" pos="X">og</wf>
         <wf lemma="tårnbygning" pos="X">tårnbygning</wf>
         <wf lemma="er" pos="X">er</wf>
         <wf lemma="det" pos="X">det</wf>
         <wf lemma="lille" pos="X">lille</wf>
         <instance id="d000.s488.t000" lemma="slot" pos="NOUN">slot</instance>
         <wf lemma="et" pos="X">et</wf>
         <wf lemma="fortryllende" pos="X">fortryllende</wf>
         <wf lemma="syn" pos="X">syn</wf>
         <wf lemma="." pos="X">.</wf>
      </sentence>
      <sentence id="d000.s489" source="wordnet-danish">
         <wf lemma="Skjoldenes" pos="X">Skjoldenes</wf>
         <wf lemma="tilstand" pos="X">tilstand</wf>
         <instance id="d000.s489.t000" lemma="veksle" pos="VERB">vekslede</instance>
         <wf lemma="en" pos="X">en</wf>
         <wf lemma="del" pos="X">del</wf>
         <wf lemma="," pos="X">,</wf>
         <wf lemma="nogle" pos="X">nogle</wf>
         <wf lemma="var" pos="X">var</wf>
         <wf lemma="rimeligt" pos="X">rimeligt</wf>
         <wf lemma="velbevarede" pos="X">velbevarede</wf>
         <wf lemma="," pos="X">,</wf>
         <wf lemma="andre" pos="X">andre</wf>
         <wf lemma="stærkt" pos="X">stærkt</wf>
         <wf lemma="medtagne" pos="X">medtagne</wf>
         <wf lemma="." pos="X">.</wf>
      </sentence>
      <sentence id="d000.s490" source="wordnet-danish">
         <wf lemma="Når" pos="X">Når</wf>
         <wf lemma="jeg" pos="X">jeg</wf>
         <wf lemma="er" pos="X">er</wf>
         <instance id="d000.s490.t000" lemma="medie" pos="NOUN">medie</instance>
         <wf lemma="for" pos="X">for</wf>
         <wf lemma="ånderne" pos="X">ånderne</wf>
         <wf lemma="tager" pos="X">tager</wf>
         <wf lemma="de" pos="X">de</wf>
         <wf lemma="min" pos="X">min</wf>
         <wf lemma="krop" pos="X">krop</wf>
         <wf lemma="i" pos="X">i</wf>
         <wf lemma="besiddelse" pos="X">besiddelse</wf>
         <wf lemma="." pos="X">.</wf>
      </sentence>
      <sentence id="d000.s491" source="wordnet-danish">
         <wf lemma="Roskilde" pos="X">Roskilde</wf>
         <wf lemma="Festivalen" pos="X">Festivalen</wf>
         <wf lemma="er" pos="X">er</wf>
         <wf lemma="slut" pos="X">slut</wf>
         <wf lemma="," pos="X">,</wf>
         <wf lemma="flere" pos="X">flere</wf>
         <wf lemma="end" pos="X">end</wf>
         <wf lemma="53.000" pos="X">53.000</wf>
         <wf lemma="betalende" pos="X">betalende</wf>
         <wf lemma="," pos="X">,</wf>
         <wf lemma="musikglade" pos="X">musikglade</wf>
         <wf lemma="mennesker" pos="X">mennesker</wf>
         <wf lemma="kan" pos="X">kan</wf>
         <wf lemma="se" pos="X">se</wf>
         <wf lemma="tilbage" pos="X">tilbage</wf>
         <wf lemma="på" pos="X">på</wf>
         <wf lemma="tre" pos="X">tre</wf>
         <wf lemma="dage" pos="X">dage</wf>
         <wf lemma="med" pos="X">med</wf>
         <wf lemma="god" pos="X">god</wf>
         <wf lemma="musik" pos="X">musik</wf>
         <wf lemma="og" pos="X">og</wf>
         <wf lemma="knæhøjt" pos="X">knæhøjt</wf>
         <instance id="d000.s491.t000" lemma="mudder" pos="NOUN">mudder</instance>
         <wf lemma="." pos="X">.</wf>
      </sentence>
      <sentence id="d000.s492" source="wordnet-danish">
         <wf lemma="Mennesker" pos="X">Mennesker</wf>
         <wf lemma="begyndte" pos="X">begyndte</wf>
         <wf lemma="for" pos="X">for</wf>
         <wf lemma="omkring" pos="X">omkring</wf>
         <wf lemma="5000" pos="X">5000</wf>
         <wf lemma="år" pos="X">år</wf>
         <wf lemma="siden" pos="X">siden</wf>
         <wf lemma="at" pos="X">at</wf>
         <wf lemma="rydde" pos="X">rydde</wf>
         <instance id="d000.s492.t000" lemma="skov" pos="NOUN">skov</instance>
         <wf lemma="og" pos="X">og</wf>
         <wf lemma="opdyrke" pos="X">opdyrke</wf>
         <wf lemma="jorden" pos="X">jorden</wf>
         <wf lemma="." pos="X">.</wf>
      </sentence>
      <sentence id="d000.s493" source="wordnet-danish">
         <wf lemma="Vi" pos="X">Vi</wf>
         <wf lemma="vil" pos="X">vil</wf>
         <wf lemma="komme" pos="X">komme</wf>
         <wf lemma="til" pos="X">til</wf>
         <wf lemma="at" pos="X">at</wf>
         <wf lemma="savne" pos="X">savne</wf>
         <wf lemma="Magda" pos="X">Magda</wf>
         <wf lemma="i" pos="X">i</wf>
         <wf lemma="vores" pos="X">vores</wf>
         <wf lemma="klub" pos="X">klub</wf>
         <wf lemma="--" pos="X">--</wf>
         <wf lemma="hendes" pos="X">hendes</wf>
         <instance id="d000.s493.t000" lemma="lige" pos="NOUN">lige</instance>
         <wf lemma="findes" pos="X">findes</wf>
         <wf lemma="ikke" pos="X">ikke</wf>
         <wf lemma="." pos="X">.</wf>
      </sentence>
      <sentence id="d000.s494" source="wordnet-danish">
         <wf lemma="Jeg" pos="X">Jeg</wf>
         <wf lemma="tror" pos="X">tror</wf>
         <wf lemma="," pos="X">,</wf>
         <wf lemma="at" pos="X">at</wf>
         <wf lemma="vi" pos="X">vi</wf>
         <wf lemma="kan" pos="X">kan</wf>
         <wf lemma="bevise" pos="X">bevise</wf>
         <wf lemma="," pos="X">,</wf>
         <wf lemma="at" pos="X">at</wf>
         <wf lemma="det" pos="X">det</wf>
         <wf lemma="er" pos="X">er</wf>
         <wf lemma="muligt" pos="X">muligt</wf>
         <wf lemma="at" pos="X">at</wf>
         <wf lemma="drive" pos="X">drive</wf>
         <wf lemma="bæredygtig" pos="X">bæredygtig</wf>
         <instance id="d000.s494.t000" lemma="skovdrift" pos="NOUN">skovdrift</instance>
         <wf lemma="og" pos="X">og</wf>
         <wf lemma="samtidig" pos="X">samtidig</wf>
         <wf lemma="tjene" pos="X">tjene</wf>
         <wf lemma="penge" pos="X">penge</wf>
         <wf lemma="." pos="X">.</wf>
      </sentence>
      <sentence id="d000.s495" source="wordnet-danish">
         <wf lemma="Teksterne" pos="X">Teksterne</wf>
         <instance id="d000.s495.t000" lemma="rumme" pos="VERB">rummer</instance>
         <wf lemma="mange" pos="X">mange</wf>
         <wf lemma="fængende" pos="X">fængende</wf>
         <wf lemma="metaforer" pos="X">metaforer</wf>
         <wf lemma="." pos="X">.</wf>
      </sentence>
      <sentence id="d000.s496" source="wordnet-danish">
         <wf lemma="Hele" pos="X">Hele</wf>
         <wf lemma="sit" pos="X">sit</wf>
         <wf lemma="liv" pos="X">liv</wf>
         <wf lemma="har" pos="X">har</wf>
         <wf lemma="[" pos="X">[</wf>
         <wf lemma="Abbé" pos="X">Abbé</wf>
         <wf lemma="Pierre" pos="X">Pierre</wf>
         <wf lemma="]" pos="X">]</wf>
         <wf lemma="kæmpet" pos="X">kæmpet</wf>
         <wf lemma="for" pos="X">for</wf>
         <wf lemma="at" pos="X">at</wf>
         <wf lemma="hjælpe" pos="X">hjælpe</wf>
         <wf lemma="fattige" pos="X">fattige</wf>
         <wf lemma="og" pos="X">og</wf>
         <instance id="d000.s496.t000" lemma="udstøde" pos="VERB">udstødte</instance>
         <wf lemma="mennesker" pos="X">mennesker</wf>
         <wf lemma="," pos="X">,</wf>
         <wf lemma="som" pos="X">som</wf>
         <wf lemma="har" pos="X">har</wf>
         <wf lemma="mistet" pos="X">mistet</wf>
         <wf lemma="meningen" pos="X">meningen</wf>
         <wf lemma="med" pos="X">med</wf>
         <wf lemma="livet" pos="X">livet</wf>
         <wf lemma="." pos="X">.</wf>
      </sentence>
      <sentence id="d000.s497" source="wordnet-danish">
         <wf lemma="Blandt" pos="X">Blandt</wf>
         <wf lemma="småflækkerne" pos="X">småflækkerne</wf>
         <wf lemma="finder" pos="X">finder</wf>
         <wf lemma="man" pos="X">man</wf>
         <wf lemma="Barembach" pos="X">Barembach</wf>
         <wf lemma="med" pos="X">med</wf>
         <wf lemma="blot" pos="X">blot</wf>
         <wf lemma="600" pos="X">600</wf>
         <instance id="d000.s497.t000" lemma="indvåner" pos="NOUN">indvånere</instance>
         <wf lemma="." pos="X">.</wf>
      </sentence>
      <sentence id="d000.s498" source="wordnet-danish">
         <wf lemma="Goddag" pos="X">Goddag</wf>
         <wf lemma="," pos="X">,</wf>
         <wf lemma="mit" pos="X">mit</wf>
         <instance id="d000.s498.t000" lemma="navn" pos="NOUN">navn</instance>
         <wf lemma="er" pos="X">er</wf>
         <wf lemma="Jens" pos="X">Jens</wf>
         <wf lemma="Hansen" pos="X">Hansen</wf>
         <wf lemma="." pos="X">.</wf>
      </sentence>
      <sentence id="d000.s499" source="wordnet-danish">
         <wf lemma="fysisk" pos="X">fysisk</wf>
         <wf lemma="og" pos="X">og</wf>
         <wf lemma="psykisk" pos="X">psykisk</wf>
         <wf lemma="handicappede" pos="X">handicappede</wf>
         <wf lemma=".." pos="X">..</wf>
         <wf lemma="behøver" pos="X">behøver</wf>
         <instance id="d000.s499.t000" lemma="hjælper" pos="NOUN">hjælpere</instance>
         <wf lemma="på" pos="X">på</wf>
         <wf lemma="rejserne" pos="X">rejserne</wf>
         <wf lemma="." pos="X">.</wf>
      </sentence>
      <sentence id="d000.s500" source="wordnet-danish">
         <wf lemma="En" pos="X">En</wf>
         <wf lemma="bølge" pos="X">bølge</wf>
         <wf lemma="af" pos="X">af</wf>
         <instance id="d000.s500.t000" lemma="kvalme" pos="NOUN">kvalme</instance>
         <wf lemma="steg" pos="X">steg</wf>
         <wf lemma="op" pos="X">op</wf>
         <wf lemma="gennem" pos="X">gennem</wf>
         <wf lemma="struben" pos="X">struben</wf>
         <wf lemma="," pos="X">,</wf>
         <wf lemma="og" pos="X">og</wf>
         <wf lemma="han" pos="X">han</wf>
         <wf lemma="brækkede" pos="X">brækkede</wf>
         <wf lemma="sig" pos="X">sig</wf>
         <wf lemma="i" pos="X">i</wf>
         <wf lemma="flere" pos="X">flere</wf>
         <wf lemma="krampagtige" pos="X">krampagtige</wf>
         <wf lemma="skyller" pos="X">skyller</wf>
         <wf lemma="ud" pos="X">ud</wf>
         <wf lemma="over" pos="X">over</wf>
         <wf lemma="væggen" pos="X">væggen</wf>
         <wf lemma="og" pos="X">og</wf>
         <wf lemma="gulvet" pos="X">gulvet</wf>
         <wf lemma="." pos="X">.</wf>
      </sentence>
      <sentence id="d000.s501" source="wordnet-danish">
         <wf lemma="man" pos="X">man</wf>
         <wf lemma="ser" pos="X">ser</wf>
         <wf lemma="en" pos="X">en</wf>
         <instance id="d000.s501.t000" lemma="grafisk" pos="ADJ">grafisk</instance>
         <wf lemma="fremstilling" pos="X">fremstilling</wf>
         <wf lemma="af" pos="X">af</wf>
         <wf lemma="," pos="X">,</wf>
         <wf lemma="hvorledes" pos="X">hvorledes</wf>
         <wf lemma="ventetiden" pos="X">ventetiden</wf>
         <wf lemma="falder" pos="X">falder</wf>
         <wf lemma="fra" pos="X">fra</wf>
         <wf lemma="lidt" pos="X">lidt</wf>
         <wf lemma="over" pos="X">over</wf>
         <wf lemma="6" pos="X">6</wf>
         <wf lemma="måneder" pos="X">måneder</wf>
         <wf lemma="til" pos="X">til</wf>
         <wf lemma="under" pos="X">under</wf>
         <wf lemma="4." pos="X">4.</wf>
      </sentence>
      <sentence id="d000.s502" source="wordnet-danish">
         <wf lemma="Vi" pos="X">Vi</wf>
         <wf lemma="var" pos="X">var</wf>
         <wf lemma="en" pos="X">en</wf>
         <wf lemma="hemmelig" pos="X">hemmelig</wf>
         <instance id="d000.s502.t000" lemma="klub" pos="NOUN">klub</instance>
         <wf lemma="som" pos="X">som</wf>
         <wf lemma="nød" pos="X">nød</wf>
         <wf lemma="ikke" pos="X">ikke</wf>
         <wf lemma="så" pos="X">så</wf>
         <wf lemma="lidt" pos="X">lidt</wf>
         <wf lemma="anseelse" pos="X">anseelse</wf>
         <wf lemma="hos" pos="X">hos</wf>
         <wf lemma="de" pos="X">de</wf>
         <wf lemma="andre" pos="X">andre</wf>
         <wf lemma="børn" pos="X">børn</wf>
         <wf lemma="." pos="X">.</wf>
      </sentence>
      <sentence id="d000.s503" source="wordnet-danish">
         <wf lemma="Den" pos="X">Den</wf>
         <wf lemma=".." pos="X">..</wf>
         <wf lemma="høje" pos="X">høje</wf>
         <wf lemma="rente" pos="X">rente</wf>
         <wf lemma="i" pos="X">i</wf>
         <wf lemma="Tyskland" pos="X">Tyskland</wf>
         <wf lemma="har" pos="X">har</wf>
         <wf lemma="gjort" pos="X">gjort</wf>
         <wf lemma="det" pos="X">det</wf>
         <wf lemma="attraktivt" pos="X">attraktivt</wf>
         <wf lemma="at" pos="X">at</wf>
         <instance id="d000.s503.t000" lemma="spekulere" pos="VERB">spekulere</instance>
         <wf lemma="i" pos="X">i</wf>
         <wf lemma="D-mark" pos="X">D-mark</wf>
         <wf lemma="." pos="X">.</wf>
      </sentence>
      <sentence id="d000.s504" source="wordnet-danish">
         <wf lemma="Men" pos="X">Men</wf>
         <wf lemma="hvor" pos="X">hvor</wf>
         <wf lemma="smuk" pos="X">smuk</wf>
         <wf lemma="Sonja" pos="X">Sonja</wf>
         <wf lemma="end" pos="X">end</wf>
         <wf lemma="var" pos="X">var</wf>
         <wf lemma="," pos="X">,</wf>
         <wf lemma="føltes" pos="X">føltes</wf>
         <wf lemma="det" pos="X">det</wf>
         <wf lemma="alligevel" pos="X">alligevel</wf>
         <instance id="d000.s504.t000" lemma="ejendommelig" pos="ADJ">ejendommeligt</instance>
         <wf lemma="," pos="X">,</wf>
         <wf lemma="at" pos="X">at</wf>
         <wf lemma="han" pos="X">han</wf>
         <wf lemma="var" pos="X">var</wf>
         <wf lemma="faldet" pos="X">faldet</wf>
         <wf lemma="for" pos="X">for</wf>
         <wf lemma="en" pos="X">en</wf>
         <wf lemma="pige" pos="X">pige</wf>
         <wf lemma="," pos="X">,</wf>
         <wf lemma="der" pos="X">der</wf>
         <wf lemma="virkede" pos="X">virkede</wf>
         <wf lemma="så" pos="X">så</wf>
         <wf lemma="koldt" pos="X">koldt</wf>
         <wf lemma="beregnende" pos="X">beregnende</wf>
         <wf lemma="." pos="X">.</wf>
      </sentence>
      <sentence id="d000.s505" source="wordnet-danish">
         <wf lemma="Et" pos="X">Et</wf>
         <wf lemma="fransk" pos="X">fransk</wf>
         <wf lemma="TV-selskab" pos="X">TV-selskab</wf>
         <wf lemma="har" pos="X">har</wf>
         <wf lemma="købt" pos="X">købt</wf>
         <instance id="d000.s505.t000" lemma="option" pos="NOUN">option</instance>
         <wf lemma="," pos="X">,</wf>
         <wf lemma="det" pos="X">det</wf>
         <wf lemma="vil" pos="X">vil</wf>
         <wf lemma="sige" pos="X">sige</wf>
         <wf lemma="," pos="X">,</wf>
         <wf lemma="at" pos="X">at</wf>
         <wf lemma="de" pos="X">de</wf>
         <wf lemma="er" pos="X">er</wf>
         <wf lemma="så" pos="X">så</wf>
         <wf lemma="interesserede" pos="X">interesserede</wf>
         <wf lemma="," pos="X">,</wf>
         <wf lemma="at" pos="X">at</wf>
         <wf lemma="vi" pos="X">vi</wf>
         <wf lemma="ikke" pos="X">ikke</wf>
         <wf lemma="må" pos="X">må</wf>
         <wf lemma="forhandle" pos="X">forhandle</wf>
         <wf lemma="med" pos="X">med</wf>
         <wf lemma="andre" pos="X">andre</wf>
         <wf lemma="franske" pos="X">franske</wf>
         <wf lemma="TV-stationer" pos="X">TV-stationer</wf>
         <wf lemma="i" pos="X">i</wf>
         <wf lemma="tre" pos="X">tre</wf>
         <wf lemma="måneder" pos="X">måneder</wf>
         <wf lemma="." pos="X">.</wf>
      </sentence>
      <sentence id="d000.s506" source="wordnet-danish">
         <wf lemma="Hun" pos="X">Hun</wf>
         <wf lemma="mangler" pos="X">mangler</wf>
         <wf lemma="stadig" pos="X">stadig</wf>
         <wf lemma="at" pos="X">at</wf>
         <instance id="d000.s506.t000" lemma="caste" pos="VERB">caste</instance>
         <wf lemma="20-30" pos="X">20-30</wf>
         <wf lemma="skuespillere" pos="X">skuespillere</wf>
         <wf lemma="til" pos="X">til</wf>
         <wf lemma="filmen" pos="X">filmen</wf>
         <wf lemma="." pos="X">.</wf>
      </sentence>
      <sentence id="d000.s507" source="wordnet-danish">
         <wf lemma="Vi" pos="X">Vi</wf>
         <wf lemma="har" pos="X">har</wf>
         <wf lemma="kendt" pos="X">kendt</wf>
         <wf lemma="hinanden" pos="X">hinanden</wf>
         <wf lemma="i" pos="X">i</wf>
         <wf lemma="seks" pos="X">seks</wf>
         <wf lemma="år" pos="X">år</wf>
         <wf lemma="," pos="X">,</wf>
         <wf lemma="og" pos="X">og</wf>
         <wf lemma="når" pos="X">når</wf>
         <wf lemma="ikke" pos="X">ikke</wf>
         <wf lemma="vi" pos="X">vi</wf>
         <wf lemma="var" pos="X">var</wf>
         <wf lemma="i" pos="X">i</wf>
         <wf lemma="samme" pos="X">samme</wf>
         <wf lemma="rum" pos="X">rum</wf>
         <wf lemma="," pos="X">,</wf>
         <wf lemma="talte" pos="X">talte</wf>
         <wf lemma="vi" pos="X">vi</wf>
         <wf lemma="sammen" pos="X">sammen</wf>
         <wf lemma="over" pos="X">over</wf>
         <instance id="d000.s507.t000" lemma="telefon" pos="NOUN">telefonen</instance>
         <wf lemma="." pos="X">.</wf>
      </sentence>
      <sentence id="d000.s508" source="wordnet-danish">
         <wf lemma="Christen" pos="X">Christen</wf>
         <wf lemma="Kold" pos="X">Kold</wf>
         <wf lemma="var" pos="X">var</wf>
         <wf lemma="en" pos="X">en</wf>
         <wf lemma="af" pos="X">af</wf>
         <instance id="d000.s508.t000" lemma="pioner" pos="NOUN">pionererne</instance>
         <wf lemma="bag" pos="X">bag</wf>
         <wf lemma="friskoler" pos="X">friskoler</wf>
         <wf lemma="," pos="X">,</wf>
         <wf lemma="efterskoler" pos="X">efterskoler</wf>
         <wf lemma="og" pos="X">og</wf>
         <wf lemma="højskolerne" pos="X">højskolerne</wf>
         <wf lemma="." pos="X">.</wf>
      </sentence>
      <sentence id="d000.s509" source="wordnet-danish">
         <wf lemma="Luften" pos="X">Luften</wf>
         <wf lemma="var" pos="X">var</wf>
         <wf lemma="fyldt" pos="X">fyldt</wf>
         <wf lemma="af" pos="X">af</wf>
         <instance id="d000.s509.t000" lemma="ånd" pos="NOUN">ånder</instance>
         <wf lemma="," pos="X">,</wf>
         <wf lemma="som" pos="X">som</wf>
         <wf lemma="rastløst" pos="X">rastløst</wf>
         <wf lemma="ilede" pos="X">ilede</wf>
         <wf lemma="hid" pos="X">hid</wf>
         <wf lemma="og" pos="X">og</wf>
         <wf lemma="did" pos="X">did</wf>
         <wf lemma="under" pos="X">under</wf>
         <wf lemma="stadig" pos="X">stadig</wf>
         <wf lemma="klagen" pos="X">klagen</wf>
         <wf lemma="." pos="X">.</wf>
      </sentence>
      <sentence id="d000.s510" source="wordnet-danish">
         <wf lemma="Hør" pos="X">Hør</wf>
         <wf lemma="," pos="X">,</wf>
         <wf lemma="hvor" pos="X">hvor</wf>
         <wf lemma="blød" pos="X">blød</wf>
         <wf lemma="og" pos="X">og</wf>
         <wf lemma="fyldig" pos="X">fyldig</wf>
         <wf lemma="hans" pos="X">hans</wf>
         <wf lemma="stemme" pos="X">stemme</wf>
         <wf lemma="var" pos="X">var</wf>
         <wf lemma="," pos="X">,</wf>
         <wf lemma="selv" pos="X">selv</wf>
         <wf lemma="på" pos="X">på</wf>
         <instance id="d000.s510.t000" lemma="slutning" pos="NOUN">slutningen</instance>
         <wf lemma="af" pos="X">af</wf>
         <wf lemma="hans" pos="X">hans</wf>
         <wf lemma="karriere" pos="X">karriere</wf>
         <wf lemma="." pos="X">.</wf>
      </sentence>
      <sentence id="d000.s511" source="wordnet-danish">
         <wf lemma="'Kom" pos="X">'Kom</wf>
         <wf lemma="," pos="X">,</wf>
         <wf lemma="'" pos="X">'</wf>
         <wf lemma="sagde" pos="X">sagde</wf>
         <wf lemma="jeg" pos="X">jeg</wf>
         <wf lemma="og" pos="X">og</wf>
         <instance id="d000.s511.t000" lemma="trække" pos="VERB">trak</instance>
         <wf lemma="hende" pos="X">hende</wf>
         <wf lemma="med" pos="X">med</wf>
         <wf lemma="hen" pos="X">hen</wf>
         <wf lemma="ad" pos="X">ad</wf>
         <wf lemma="vejen" pos="X">vejen</wf>
         <wf lemma="." pos="X">.</wf>
      </sentence>
      <sentence id="d000.s512" source="wordnet-danish">
         <wf lemma="Beskrivelsen" pos="X">Beskrivelsen</wf>
         <instance id="d000.s512.t000" lemma="passe" pos="VERB">passer</instance>
         <wf lemma="sikkert" pos="X">sikkert</wf>
         <wf lemma="mange" pos="X">mange</wf>
         <wf lemma="steder" pos="X">steder</wf>
         <wf lemma="i" pos="X">i</wf>
         <wf lemma="landet" pos="X">landet</wf>
         <wf lemma="," pos="X">,</wf>
         <wf lemma="men" pos="X">men</wf>
         <wf lemma="ikke" pos="X">ikke</wf>
         <wf lemma="her" pos="X">her</wf>
         <wf lemma="i" pos="X">i</wf>
         <wf lemma="kommunen" pos="X">kommunen</wf>
         <wf lemma="." pos="X">.</wf>
      </sentence>
      <sentence id="d000.s513" source="wordnet-danish">
         <wf lemma="Dannebrog" pos="X">Dannebrog</wf>
         <wf lemma="hejses" pos="X">hejses</wf>
         <wf lemma="alm." pos="X">alm.</wf>
         <wf lemma="ved" pos="X">ved</wf>
         <instance id="d000.s513.t000" lemma="solopgang" pos="NOUN">solopgang</instance>
         <wf lemma="," pos="X">,</wf>
         <wf lemma="dog" pos="X">dog</wf>
         <wf lemma="tidligst" pos="X">tidligst</wf>
         <wf lemma="kl." pos="X">kl.</wf>
         <wf lemma="8" pos="X">8</wf>
         <wf lemma="," pos="X">,</wf>
         <wf lemma="og" pos="X">og</wf>
         <wf lemma="nedhales" pos="X">nedhales</wf>
         <wf lemma="ved" pos="X">ved</wf>
         <wf lemma="solnedgang" pos="X">solnedgang</wf>
         <wf lemma="." pos="X">.</wf>
      </sentence>
      <sentence id="d000.s514" source="wordnet-danish">
         <wf lemma="der" pos="X">der</wf>
         <wf lemma="er" pos="X">er</wf>
         <wf lemma="intet" pos="X">intet</wf>
         <wf lemma="," pos="X">,</wf>
         <wf lemma="der" pos="X">der</wf>
         <wf lemma="kan" pos="X">kan</wf>
         <wf lemma="få" pos="X">få</wf>
         <wf lemma="så" pos="X">så</wf>
         <wf lemma="mange" pos="X">mange</wf>
         <wf lemma="til" pos="X">til</wf>
         <wf lemma="at" pos="X">at</wf>
         <wf lemma="gyse" pos="X">gyse</wf>
         <wf lemma="så" pos="X">så</wf>
         <wf lemma="meget" pos="X">meget</wf>
         <wf lemma="," pos="X">,</wf>
         <wf lemma="som" pos="X">som</wf>
         <wf lemma="synet" pos="X">synet</wf>
         <wf lemma="af" pos="X">af</wf>
         <wf lemma="en" pos="X">en</wf>
         <wf lemma="stor" pos="X">stor</wf>
         <wf lemma="lodden" pos="X">lodden</wf>
         <instance id="d000.s514.t000" lemma="edderkop" pos="NOUN">edderkop</instance>
         <wf lemma="." pos="X">.</wf>
      </sentence>
      <sentence id="d000.s515" source="wordnet-danish">
         <wf lemma="Sekretariatsstaben" pos="X">Sekretariatsstaben</wf>
         <wf lemma="omfattede" pos="X">omfattede</wf>
         <wf lemma="en" pos="X">en</wf>
         <instance id="d000.s515.t000" lemma="fuldtids" pos="ADJ">fuldtids</instance>
         <wf lemma="informationsmedarbejder" pos="X">informationsmedarbejder</wf>
         <wf lemma="." pos="X">.</wf>
      </sentence>
      <sentence id="d000.s516" source="wordnet-danish">
         <wf lemma="Udstillingen" pos="X">Udstillingen</wf>
         <wf lemma="omfatter" pos="X">omfatter</wf>
         <wf lemma="omkring" pos="X">omkring</wf>
         <wf lemma="500" pos="X">500</wf>
         <wf lemma="biler" pos="X">biler</wf>
         <wf lemma="og" pos="X">og</wf>
         <wf lemma="er" pos="X">er</wf>
         <wf lemma="ganske" pos="X">ganske</wf>
         <instance id="d000.s516.t000" lemma="repræsentativ" pos="ADJ">repræsentativ</instance>
         <wf lemma="," pos="X">,</wf>
         <wf lemma="idet" pos="X">idet</wf>
         <wf lemma="alle" pos="X">alle</wf>
         <wf lemma="de" pos="X">de</wf>
         <wf lemma="kendte" pos="X">kendte</wf>
         <wf lemma="mærker" pos="X">mærker</wf>
         <wf lemma="er" pos="X">er</wf>
         <wf lemma="repræsenteret" pos="X">repræsenteret</wf>
         <wf lemma="." pos="X">.</wf>
      </sentence>
      <sentence id="d000.s517" source="wordnet-danish">
         <wf lemma="det" pos="X">det</wf>
         <wf lemma="er" pos="X">er</wf>
         <wf lemma=".." pos="X">..</wf>
         <wf lemma="ikke" pos="X">ikke</wf>
         <wf lemma="noget" pos="X">noget</wf>
         <instance id="d000.s517.t000" lemma="let" pos="ADJ">let</instance>
         <wf lemma="spørgsmål" pos="X">spørgsmål</wf>
         <wf lemma="at" pos="X">at</wf>
         <wf lemma="besvare" pos="X">besvare</wf>
         <wf lemma="." pos="X">.</wf>
      </sentence>
      <sentence id="d000.s518" source="wordnet-danish">
         <wf lemma="De" pos="X">De</wf>
         <wf lemma="fik" pos="X">fik</wf>
         <wf lemma="lov" pos="X">lov</wf>
         <wf lemma="til" pos="X">til</wf>
         <wf lemma="at" pos="X">at</wf>
         <wf lemma="gennemføre" pos="X">gennemføre</wf>
         <wf lemma="en" pos="X">en</wf>
         <wf lemma="demonstration" pos="X">demonstration</wf>
         <wf lemma="," pos="X">,</wf>
         <wf lemma="som" pos="X">som</wf>
         <wf lemma="hen" pos="X">hen</wf>
         <wf lemma="under" pos="X">under</wf>
         <wf lemma="aften" pos="X">aften</wf>
         <wf lemma="den" pos="X">den</wf>
         <wf lemma="13." pos="X">13.</wf>
         <wf lemma="maj" pos="X">maj</wf>
         <wf lemma="udviklede" pos="X">udviklede</wf>
         <wf lemma="sig" pos="X">sig</wf>
         <wf lemma="til" pos="X">til</wf>
         <wf lemma="blodige" pos="X">blodige</wf>
         <instance id="d000.s518.t000" lemma="optøjer" pos="NOUN">optøjer</instance>
         <wf lemma="." pos="X">.</wf>
      </sentence>
      <sentence id="d000.s519" source="wordnet-danish">
         <wf lemma="Man" pos="X">Man</wf>
         <wf lemma="finder" pos="X">finder</wf>
         <wf lemma="lynhurtigt" pos="X">lynhurtigt</wf>
         <wf lemma="ud" pos="X">ud</wf>
         <wf lemma="af" pos="X">af</wf>
         <wf lemma="," pos="X">,</wf>
         <wf lemma="hvad" pos="X">hvad</wf>
         <wf lemma="det" pos="X">det</wf>
         <wf lemma="er" pos="X">er</wf>
         <wf lemma="for" pos="X">for</wf>
         <wf lemma="et" pos="X">et</wf>
         <wf lemma="publikum" pos="X">publikum</wf>
         <wf lemma="," pos="X">,</wf>
         <wf lemma="der" pos="X">der</wf>
         <wf lemma="sidder" pos="X">sidder</wf>
         <wf lemma="nede" pos="X">nede</wf>
         <wf lemma="i" pos="X">i</wf>
         <instance id="d000.s519.t000" lemma="sal" pos="NOUN">salen</instance>
         <wf lemma="." pos="X">.</wf>
         <wf lemma="Nogle" pos="X">Nogle</wf>
         <wf lemma="kan" pos="X">kan</wf>
         <wf lemma="tåle" pos="X">tåle</wf>
         <wf lemma="at" pos="X">at</wf>
         <wf lemma="høre" pos="X">høre</wf>
         <wf lemma="mere" pos="X">mere</wf>
         <wf lemma="end" pos="X">end</wf>
         <wf lemma="andre" pos="X">andre</wf>
         <wf lemma="." pos="X">.</wf>
      </sentence>
      <sentence id="d000.s520" source="wordnet-danish">
         <wf lemma="Børnene" pos="X">Børnene</wf>
         <wf lemma="skal" pos="X">skal</wf>
         <wf lemma="først" pos="X">først</wf>
         <wf lemma="og" pos="X">og</wf>
         <wf lemma="fremmest" pos="X">fremmest</wf>
         <wf lemma="opdrages" pos="X">opdrages</wf>
         <wf lemma="til" pos="X">til</wf>
         <wf lemma="ansvarsfølelse" pos="X">ansvarsfølelse</wf>
         <wf lemma="," pos="X">,</wf>
         <wf lemma="tolerance" pos="X">tolerance</wf>
         <wf lemma="og" pos="X">og</wf>
         <instance id="d000.s520.t000" lemma="selvstændighed" pos="NOUN">selvstændighed</instance>
         <wf lemma="." pos="X">.</wf>
      </sentence>
      <sentence id="d000.s521" source="wordnet-danish">
         <instance id="d000.s521.t000" lemma="knæ" pos="NOUN">Knæene</instance>
         <wf lemma="rystede" pos="X">rystede</wf>
         <wf lemma="under" pos="X">under</wf>
         <wf lemma="hende" pos="X">hende</wf>
         <wf lemma="," pos="X">,</wf>
         <wf lemma="og" pos="X">og</wf>
         <wf lemma="hun" pos="X">hun</wf>
         <wf lemma="måtte" pos="X">måtte</wf>
         <wf lemma="støtte" pos="X">støtte</wf>
         <wf lemma="sig" pos="X">sig</wf>
         <wf lemma="til" pos="X">til</wf>
         <wf lemma="stolen" pos="X">stolen</wf>
         <wf lemma="," pos="X">,</wf>
         <wf lemma="mens" pos="X">mens</wf>
         <wf lemma="hun" pos="X">hun</wf>
         <wf lemma="trak" pos="X">trak</wf>
         <wf lemma="tøjet" pos="X">tøjet</wf>
         <wf lemma="på" pos="X">på</wf>
         <wf lemma="." pos="X">.</wf>
      </sentence>
      <sentence id="d000.s522" source="wordnet-danish">
         <wf lemma="Det" pos="X">Det</wf>
         <wf lemma="er" pos="X">er</wf>
         <wf lemma="en" pos="X">en</wf>
         <wf lemma="udbredt" pos="X">udbredt</wf>
         <wf lemma="opfattelse" pos="X">opfattelse</wf>
         <wf lemma="," pos="X">,</wf>
         <wf lemma="at" pos="X">at</wf>
         <instance id="d000.s522.t000" lemma="trævækst" pos="NOUN">trævækster</instance>
         <wf lemma="skal" pos="X">skal</wf>
         <wf lemma="beskæres" pos="X">beskæres</wf>
         <wf lemma="." pos="X">.</wf>
      </sentence>
      <sentence id="d000.s523" source="wordnet-danish">
         <wf lemma="kunstnerne" pos="X">kunstnerne</wf>
         <wf lemma="kunne" pos="X">kunne</wf>
         <wf lemma="vise" pos="X">vise</wf>
         <wf lemma="deres" pos="X">deres</wf>
         <wf lemma="arbejder" pos="X">arbejder</wf>
         <wf lemma="frem" pos="X">frem</wf>
         <wf lemma="og" pos="X">og</wf>
         <wf lemma="måske" pos="X">måske</wf>
         <wf lemma="få" pos="X">få</wf>
         <wf lemma="anerkendelse" pos="X">anerkendelse</wf>
         <wf lemma="i" pos="X">i</wf>
         <wf lemma="form" pos="X">form</wf>
         <wf lemma="af" pos="X">af</wf>
         <wf lemma="en" pos="X">en</wf>
         <instance id="d000.s523.t000" lemma="medalje" pos="NOUN">medalje</instance>
         <wf lemma="og" pos="X">og</wf>
         <wf lemma="et" pos="X">et</wf>
         <wf lemma="rejsestipendium" pos="X">rejsestipendium</wf>
         <wf lemma="." pos="X">.</wf>
      </sentence>
      <sentence id="d000.s524" source="wordnet-danish">
         <wf lemma="We" pos="X">We</wf>
         <wf lemma="--" pos="X">--</wf>
         <wf lemma="et" pos="X">et</wf>
         <wf lemma="multimedieshow" pos="X">multimedieshow</wf>
         <wf lemma="i" pos="X">i</wf>
         <wf lemma="hele" pos="X">hele</wf>
         <wf lemma="rummet" pos="X">rummet</wf>
         <wf lemma="med" pos="X">med</wf>
         <wf lemma="musik" pos="X">musik</wf>
         <wf lemma="," pos="X">,</wf>
         <instance id="d000.s524.t000" lemma="projektion" pos="NOUN">projektioner</instance>
         <wf lemma="og" pos="X">og</wf>
         <wf lemma="lyseffekter" pos="X">lyseffekter</wf>
         <wf lemma="." pos="X">.</wf>
      </sentence>
      <sentence id="d000.s525" source="wordnet-danish">
         <wf lemma="Hun" pos="X">Hun</wf>
         <wf lemma="havde" pos="X">havde</wf>
         <wf lemma="ventet" pos="X">ventet</wf>
         <wf lemma="i" pos="X">i</wf>
         <wf lemma="en" pos="X">en</wf>
         <instance id="d000.s525.t000" lemma="time" pos="NOUN">time</instance>
         <wf lemma="," pos="X">,</wf>
         <wf lemma="før" pos="X">før</wf>
         <wf lemma="hun" pos="X">hun</wf>
         <wf lemma="blev" pos="X">blev</wf>
         <wf lemma="kaldt" pos="X">kaldt</wf>
         <wf lemma="ind" pos="X">ind</wf>
         <wf lemma="i" pos="X">i</wf>
         <wf lemma="konsultationen" pos="X">konsultationen</wf>
         <wf lemma="." pos="X">.</wf>
      </sentence>
      <sentence id="d000.s526" source="wordnet-danish">
         <wf lemma="Vi" pos="X">Vi</wf>
         <wf lemma="vender" pos="X">vender</wf>
         <wf lemma="os" pos="X">os</wf>
         <wf lemma="med" pos="X">med</wf>
         <instance id="d000.s526.t000" lemma="afsky" pos="NOUN">afsky</instance>
         <wf lemma="mod" pos="X">mod</wf>
         <wf lemma="krigen" pos="X">krigen</wf>
         <wf lemma="i" pos="X">i</wf>
         <wf lemma="al" pos="X">al</wf>
         <wf lemma="dens" pos="X">dens</wf>
         <wf lemma="gru" pos="X">gru</wf>
         <wf lemma="." pos="X">.</wf>
      </sentence>
      <sentence id="d000.s527" source="wordnet-danish">
         <wf lemma="Undertøj" pos="X">Undertøj</wf>
         <wf lemma="i" pos="X">i</wf>
         <instance id="d000.s527.t000" lemma="mærke" pos="NOUN">mærkerne</instance>
         <wf lemma="Triumph" pos="X">Triumph</wf>
         <wf lemma="," pos="X">,</wf>
         <wf lemma="Femilet" pos="X">Femilet</wf>
         <wf lemma="," pos="X">,</wf>
         <wf lemma="MaryJo" pos="X">MaryJo</wf>
         <wf lemma="og" pos="X">og</wf>
         <wf lemma="Vandell" pos="X">Vandell</wf>
         <wf lemma="er" pos="X">er</wf>
         <wf lemma="på" pos="X">på</wf>
         <wf lemma="hylden" pos="X">hylden</wf>
         <wf lemma="." pos="X">.</wf>
      </sentence>
      <sentence id="d000.s528" source="wordnet-danish">
         <wf lemma="De" pos="X">De</wf>
         <wf lemma="unge" pos="X">unge</wf>
         <wf lemma="går" pos="X">går</wf>
         <wf lemma="på" pos="X">på</wf>
         <instance id="d000.s528.t000" lemma="café" pos="NOUN">café</instance>
         <wf lemma="i" pos="X">i</wf>
         <wf lemma="dag" pos="X">dag</wf>
         <wf lemma="," pos="X">,</wf>
         <wf lemma="ikke" pos="X">ikke</wf>
         <wf lemma="på" pos="X">på</wf>
         <wf lemma="værtshus" pos="X">værtshus</wf>
         <wf lemma="." pos="X">.</wf>
      </sentence>
      <sentence id="d000.s529" source="wordnet-danish">
         <wf lemma="Autocamperen" pos="X">Autocamperen</wf>
         <wf lemma="brummede" pos="X">brummede</wf>
         <wf lemma="støt" pos="X">støt</wf>
         <wf lemma="og" pos="X">og</wf>
         <wf lemma="monotont" pos="X">monotont</wf>
         <wf lemma="af" pos="X">af</wf>
         <wf lemma="sted" pos="X">sted</wf>
         <wf lemma="hen" pos="X">hen</wf>
         <wf lemma="ad" pos="X">ad</wf>
         <wf lemma="den" pos="X">den</wf>
         <wf lemma="flade" pos="X">flade</wf>
         <wf lemma="snorlige" pos="X">snorlige</wf>
         <wf lemma="nordtyske" pos="X">nordtyske</wf>
         <instance id="d000.s529.t000" lemma="autostrada" pos="NOUN">autostrada</instance>
         <wf lemma="." pos="X">.</wf>
      </sentence>
      <sentence id="d000.s530" source="wordnet-danish">
         <wf lemma="Læg" pos="X">Læg</wf>
         <instance id="d000.s530.t000" lemma="låg" pos="NOUN">låg</instance>
         <wf lemma="på" pos="X">på</wf>
         <wf lemma="gryden" pos="X">gryden</wf>
         <wf lemma="og" pos="X">og</wf>
         <wf lemma="lad" pos="X">lad</wf>
         <wf lemma="retten" pos="X">retten</wf>
         <wf lemma="snurre" pos="X">snurre</wf>
         <wf lemma="i" pos="X">i</wf>
         <wf lemma="20" pos="X">20</wf>
         <wf lemma="min." pos="X">min.</wf>
      </sentence>
      <sentence id="d000.s531" source="wordnet-danish">
         <wf lemma="De" pos="X">De</wf>
         <wf lemma="sociale" pos="X">sociale</wf>
         <wf lemma="nedskæringer" pos="X">nedskæringer</wf>
         <wf lemma="har" pos="X">har</wf>
         <wf lemma="allerede" pos="X">allerede</wf>
         <wf lemma="skabt" pos="X">skabt</wf>
         <instance id="d000.s531.t000" lemma="taber" pos="NOUN">tabere</instance>
         <wf lemma="," pos="X">,</wf>
         <wf lemma="der" pos="X">der</wf>
         <wf lemma="skal" pos="X">skal</wf>
         <wf lemma="hjælpes" pos="X">hjælpes</wf>
         <wf lemma="," pos="X">,</wf>
         <wf lemma="inden" pos="X">inden</wf>
         <wf lemma="det" pos="X">det</wf>
         <wf lemma="er" pos="X">er</wf>
         <wf lemma="for" pos="X">for</wf>
         <wf lemma="sent" pos="X">sent</wf>
         <wf lemma="." pos="X">.</wf>
      </sentence>
      <sentence id="d000.s532" source="wordnet-danish">
         <wf lemma="De" pos="X">De</wf>
         <wf lemma="håbede" pos="X">håbede</wf>
         <wf lemma="," pos="X">,</wf>
         <wf lemma="at" pos="X">at</wf>
         <wf lemma="den" pos="X">den</wf>
         <wf lemma="nye" pos="X">nye</wf>
         <wf lemma="konservative" pos="X">konservative</wf>
         <wf lemma="arbejdsminister" pos="X">arbejdsminister</wf>
         <wf lemma="ville" pos="X">ville</wf>
         <instance id="d000.s532.t000" lemma="ændre" pos="VERB">ændre</instance>
         <wf lemma="på" pos="X">på</wf>
         <wf lemma="forgængerens" pos="X">forgængerens</wf>
         <wf lemma="beslutninger" pos="X">beslutninger</wf>
         <wf lemma="." pos="X">.</wf>
      </sentence>
      <sentence id="d000.s533" source="wordnet-danish">
         <wf lemma="Rom" pos="X">Rom</wf>
         <wf lemma="blev" pos="X">blev</wf>
         <wf lemma="fredag" pos="X">fredag</wf>
         <wf lemma="lammet" pos="X">lammet</wf>
         <wf lemma="af" pos="X">af</wf>
         <instance id="d000.s533.t000" lemma="demonstrere" pos="VERB">demonstrerende</instance>
         <wf lemma="arbejdere" pos="X">arbejdere</wf>
         <wf lemma="," pos="X">,</wf>
         <wf lemma="der" pos="X">der</wf>
         <wf lemma="protesterede" pos="X">protesterede</wf>
         <wf lemma="mod" pos="X">mod</wf>
         <wf lemma="regeringens" pos="X">regeringens</wf>
         <wf lemma="sociale" pos="X">sociale</wf>
         <wf lemma="nedskæringer" pos="X">nedskæringer</wf>
         <wf lemma="." pos="X">.</wf>
      </sentence>
      <sentence id="d000.s534" source="wordnet-danish">
         <instance id="d000.s534.t000" lemma="orgel" pos="NOUN">Orgelet</instance>
         <wf lemma="er" pos="X">er</wf>
         <wf lemma="rigt" pos="X">rigt</wf>
         <wf lemma="på" pos="X">på</wf>
         <wf lemma="klange" pos="X">klange</wf>
         <wf lemma="og" pos="X">og</wf>
         <wf lemma="stemmer" pos="X">stemmer</wf>
         <wf lemma="som" pos="X">som</wf>
         <wf lemma="et" pos="X">et</wf>
         <wf lemma="helt" pos="X">helt</wf>
         <wf lemma="symfoniorkester" pos="X">symfoniorkester</wf>
         <wf lemma="." pos="X">.</wf>
      </sentence>
      <sentence id="d000.s535" source="wordnet-danish">
         <wf lemma="den" pos="X">den</wf>
         <wf lemma="danske" pos="X">danske</wf>
         <instance id="d000.s535.t000" lemma="moral" pos="NOUN">moral</instance>
         <wf lemma="var" pos="X">var</wf>
         <wf lemma="så" pos="X">så</wf>
         <wf lemma="god" pos="X">god</wf>
         <wf lemma="," pos="X">,</wf>
         <wf lemma="at" pos="X">at</wf>
         <wf lemma="landsholdet" pos="X">landsholdet</wf>
         <wf lemma="kunne" pos="X">kunne</wf>
         <wf lemma="kæmpe" pos="X">kæmpe</wf>
         <wf lemma="sig" pos="X">sig</wf>
         <wf lemma="tilbage" pos="X">tilbage</wf>
         <wf lemma="i" pos="X">i</wf>
         <wf lemma="kampen" pos="X">kampen</wf>
         <wf lemma="." pos="X">.</wf>
      </sentence>
      <sentence id="d000.s536" source="wordnet-danish">
         <wf lemma="Flere" pos="X">Flere</wf>
         <wf lemma="naboer" pos="X">naboer</wf>
         <instance id="d000.s536.t000" lemma="bemærke" pos="VERB">bemærkede</instance>
         <wf lemma="en" pos="X">en</wf>
         <wf lemma="kraftig" pos="X">kraftig</wf>
         <wf lemma="banken" pos="X">banken</wf>
         <wf lemma="på" pos="X">på</wf>
         <wf lemma="et" pos="X">et</wf>
         <wf lemma="stuevindue" pos="X">stuevindue</wf>
         <wf lemma="i" pos="X">i</wf>
         <wf lemma="den" pos="X">den</wf>
         <wf lemma="myrdedes" pos="X">myrdedes</wf>
         <wf lemma="lejlighed" pos="X">lejlighed</wf>
         <wf lemma="og" pos="X">og</wf>
         <wf lemma="hørte" pos="X">hørte</wf>
         <wf lemma="skud" pos="X">skud</wf>
         <wf lemma="." pos="X">.</wf>
      </sentence>
      <sentence id="d000.s537" source="wordnet-danish">
         <instance id="d000.s537.t000" lemma="detektor" pos="NOUN">Detektoren</instance>
         <wf lemma="kan" pos="X">kan</wf>
         <wf lemma=".." pos="X">..</wf>
         <wf lemma="finde" pos="X">finde</wf>
         <wf lemma="frem" pos="X">frem</wf>
         <wf lemma="til" pos="X">til</wf>
         <wf lemma="gas-" pos="X">gas-</wf>
         <wf lemma="og" pos="X">og</wf>
         <wf lemma="vandrør" pos="X">vandrør</wf>
         <wf lemma="," pos="X">,</wf>
         <wf lemma="elektriske" pos="X">elektriske</wf>
         <wf lemma="kabler" pos="X">kabler</wf>
         <wf lemma="," pos="X">,</wf>
         <wf lemma="med" pos="X">med</wf>
         <wf lemma="eller" pos="X">eller</wf>
         <wf lemma="uden" pos="X">uden</wf>
         <wf lemma="strøm" pos="X">strøm</wf>
         <wf lemma="." pos="X">.</wf>
      </sentence>
      <sentence id="d000.s538" source="wordnet-danish">
         <wf lemma="Tirsdag" pos="X">Tirsdag</wf>
         <wf lemma="tikkede" pos="X">tikkede</wf>
         <wf lemma="svaret" pos="X">svaret</wf>
         <wf lemma="så" pos="X">så</wf>
         <wf lemma="ind" pos="X">ind</wf>
         <wf lemma="på" pos="X">på</wf>
         <wf lemma="hans" pos="X">hans</wf>
         <instance id="d000.s538.t000" lemma="fax" pos="NOUN">fax</instance>
         <wf lemma=":" pos="X">:</wf>
         <wf lemma="'" pos="X">'</wf>
         <wf lemma="København" pos="X">København</wf>
         <wf lemma="får" pos="X">får</wf>
         <wf lemma="Europa-premieren" pos="X">Europa-premieren</wf>
         <wf lemma="på" pos="X">på</wf>
         <wf lemma="Scorpions" pos="X">Scorpions</wf>
         <wf lemma="." pos="X">.</wf>
         <wf lemma="Vi" pos="X">Vi</wf>
         <wf lemma="spiller" pos="X">spiller</wf>
         <wf lemma="26." pos="X">26.</wf>
         <wf lemma="september" pos="X">september</wf>
         <wf lemma="kl." pos="X">kl.</wf>
         <wf lemma="20'." pos="X">20'.</wf>
      </sentence>
      <sentence id="d000.s539" source="wordnet-danish">
         <wf lemma="Stikkere" pos="X">Stikkere</wf>
         <wf lemma="," pos="X">,</wf>
         <wf lemma="som" pos="X">som</wf>
         <wf lemma="havde" pos="X">havde</wf>
         <instance id="d000.s539.t000" lemma="forråde" pos="VERB">forrådt</instance>
         <wf lemma="landsmænd" pos="X">landsmænd</wf>
         <wf lemma="," pos="X">,</wf>
         <wf lemma="måtte" pos="X">måtte</wf>
         <wf lemma="betale" pos="X">betale</wf>
         <wf lemma="prisen" pos="X">prisen</wf>
         <wf lemma="." pos="X">.</wf>
      </sentence>
      <sentence id="d000.s540" source="wordnet-danish">
         <wf lemma="Thorvaldsen" pos="X">Thorvaldsen</wf>
         <wf lemma="fik" pos="X">fik</wf>
         <wf lemma="snart" pos="X">snart</wf>
         <wf lemma="lært" pos="X">lært</wf>
         <wf lemma="at" pos="X">at</wf>
         <wf lemma="arbejde" pos="X">arbejde</wf>
         <wf lemma=".." pos="X">..</wf>
         <wf lemma="i" pos="X">i</wf>
         <instance id="d000.s540.t000" lemma="marmor" pos="NOUN">marmor</instance>
         <wf lemma="," pos="X">,</wf>
         <wf lemma="for" pos="X">for</wf>
         <wf lemma="det" pos="X">det</wf>
         <wf lemma="materiale" pos="X">materiale</wf>
         <wf lemma="blev" pos="X">blev</wf>
         <wf lemma="anset" pos="X">anset</wf>
         <wf lemma="for" pos="X">for</wf>
         <wf lemma="det" pos="X">det</wf>
         <wf lemma="fineste" pos="X">fineste</wf>
         <wf lemma="." pos="X">.</wf>
      </sentence>
      <sentence id="d000.s541" source="wordnet-danish">
         <wf lemma="Tante" pos="X">Tante</wf>
         <wf lemma="Louise" pos="X">Louise</wf>
         <wf lemma="løftede" pos="X">løftede</wf>
         <instance id="d000.s541.t000" lemma="bag" pos="NOUN">bagen</instance>
         <wf lemma="en" pos="X">en</wf>
         <wf lemma="smule" pos="X">smule</wf>
         <wf lemma="og" pos="X">og</wf>
         <wf lemma="slog" pos="X">slog</wf>
         <wf lemma="en" pos="X">en</wf>
         <wf lemma="lille" pos="X">lille</wf>
         <wf lemma="prut" pos="X">prut</wf>
         <wf lemma="." pos="X">.</wf>
      </sentence>
      <sentence id="d000.s542" source="wordnet-danish">
         <wf lemma="vi" pos="X">vi</wf>
         <wf lemma="burde" pos="X">burde</wf>
         <wf lemma="ansætte" pos="X">ansætte</wf>
         <instance id="d000.s542.t000" lemma="hjælp" pos="NOUN">hjælp</instance>
         <wf lemma="i" pos="X">i</wf>
         <wf lemma="bageriet" pos="X">bageriet</wf>
         <wf lemma="," pos="X">,</wf>
         <wf lemma="og" pos="X">og</wf>
         <wf lemma="det" pos="X">det</wf>
         <wf lemma="skulle" pos="X">skulle</wf>
         <wf lemma="ikke" pos="X">ikke</wf>
         <wf lemma="blot" pos="X">blot</wf>
         <wf lemma="være" pos="X">være</wf>
         <wf lemma="på" pos="X">på</wf>
         <wf lemma="deltid" pos="X">deltid</wf>
         <wf lemma="." pos="X">.</wf>
      </sentence>
      <sentence id="d000.s543" source="wordnet-danish">
         <wf lemma="lidt" pos="X">lidt</wf>
         <wf lemma="har" pos="X">har</wf>
         <wf lemma="du" pos="X">du</wf>
         <wf lemma="nu" pos="X">nu</wf>
         <wf lemma="altså" pos="X">altså</wf>
         <wf lemma="skræmt" pos="X">skræmt</wf>
         <wf lemma="os" pos="X">os</wf>
         <wf lemma="alligevel" pos="X">alligevel</wf>
         <wf lemma="," pos="X">,</wf>
         <wf lemma="Per" pos="X">Per</wf>
         <wf lemma="," pos="X">,</wf>
         <wf lemma="det" pos="X">det</wf>
         <wf lemma="må" pos="X">må</wf>
         <wf lemma="jeg" pos="X">jeg</wf>
         <instance id="d000.s543.t000" lemma="indrømme" pos="VERB">indrømme</instance>
         <wf lemma="." pos="X">.</wf>
      </sentence>
      <sentence id="d000.s544" source="wordnet-danish">
         <wf lemma="Betjenten" pos="X">Betjenten</wf>
         <wf lemma="havde" pos="X">havde</wf>
         <wf lemma="sammen" pos="X">sammen</wf>
         <wf lemma="med" pos="X">med</wf>
         <wf lemma="en" pos="X">en</wf>
         <instance id="d000.s544.t000" lemma="kollega" pos="NOUN">kollega</instance>
         <wf lemma="anholdt" pos="X">anholdt</wf>
         <wf lemma="to" pos="X">to</wf>
         <wf lemma="mænd" pos="X">mænd</wf>
         <wf lemma="efter" pos="X">efter</wf>
         <wf lemma="værtshusuorden" pos="X">værtshusuorden</wf>
         <wf lemma="på" pos="X">på</wf>
         <wf lemma="en" pos="X">en</wf>
         <wf lemma="bodega" pos="X">bodega</wf>
         <wf lemma="." pos="X">.</wf>
      </sentence>
      <sentence id="d000.s545" source="wordnet-danish">
         <wf lemma="Der" pos="X">Der</wf>
         <wf lemma="er" pos="X">er</wf>
         <wf lemma="5-10" pos="X">5-10</wf>
         <wf lemma="%" pos="X">%</wf>
         <instance id="d000.s545.t000" lemma="homoseksuel" pos="ADJ">homoseksuelle</instance>
         <wf lemma="iblandt" pos="X">iblandt</wf>
         <wf lemma="os." pos="X">os.</wf>
      </sentence>
      <sentence id="d000.s546" source="wordnet-danish">
         <wf lemma="Trappistmunkenes" pos="X">Trappistmunkenes</wf>
         <wf lemma="orden" pos="X">orden</wf>
         <wf lemma="anses" pos="X">anses</wf>
         <wf lemma="for" pos="X">for</wf>
         <wf lemma="at" pos="X">at</wf>
         <wf lemma="være" pos="X">være</wf>
         <wf lemma="meget" pos="X">meget</wf>
         <wf lemma="streng" pos="X">streng</wf>
         <wf lemma="." pos="X">.</wf>
         <wf lemma="Bl.a." pos="X">Bl.a.</wf>
         <wf lemma="siger" pos="X">siger</wf>
         <wf lemma="en" pos="X">en</wf>
         <wf lemma="af" pos="X">af</wf>
         <wf lemma="dens" pos="X">dens</wf>
         <wf lemma="regler" pos="X">regler</wf>
         <wf lemma="," pos="X">,</wf>
         <wf lemma="at" pos="X">at</wf>
         <instance id="d000.s546.t000" lemma="munk" pos="NOUN">munkene</instance>
         <wf lemma="ikke" pos="X">ikke</wf>
         <wf lemma="må" pos="X">må</wf>
         <wf lemma="tale" pos="X">tale</wf>
         <wf lemma="med" pos="X">med</wf>
         <wf lemma="hinanden" pos="X">hinanden</wf>
         <wf lemma="." pos="X">.</wf>
      </sentence>
      <sentence id="d000.s547" source="wordnet-danish">
         <wf lemma="En" pos="X">En</wf>
         <wf lemma="teateranmeldelse" pos="X">teateranmeldelse</wf>
         <wf lemma="er" pos="X">er</wf>
         <wf lemma="ikke" pos="X">ikke</wf>
         <wf lemma="en" pos="X">en</wf>
         <instance id="d000.s547.t000" lemma="objektiv" pos="ADJ">objektiv</instance>
         <wf lemma="dom" pos="X">dom</wf>
         <wf lemma="," pos="X">,</wf>
         <wf lemma="men" pos="X">men</wf>
         <wf lemma="en" pos="X">en</wf>
         <wf lemma="enkelt" pos="X">enkelt</wf>
         <wf lemma="mands" pos="X">mands</wf>
         <wf lemma="personlige" pos="X">personlige</wf>
         <wf lemma="mening" pos="X">mening</wf>
         <wf lemma="om" pos="X">om</wf>
         <wf lemma="den" pos="X">den</wf>
         <wf lemma="forestilling" pos="X">forestilling</wf>
         <wf lemma="," pos="X">,</wf>
         <wf lemma="han" pos="X">han</wf>
         <wf lemma="har" pos="X">har</wf>
         <wf lemma="set" pos="X">set</wf>
         <wf lemma="." pos="X">.</wf>
      </sentence>
      <sentence id="d000.s548" source="wordnet-danish">
         <wf lemma="Tør" pos="X">Tør</wf>
         <wf lemma="[fiskefileterne]" pos="X">[fiskefileterne]</wf>
         <wf lemma="af" pos="X">af</wf>
         <wf lemma="og" pos="X">og</wf>
         <wf lemma="læg" pos="X">læg</wf>
         <wf lemma="dem" pos="X">dem</wf>
         <wf lemma="sammenrullet" pos="X">sammenrullet</wf>
         <wf lemma="i" pos="X">i</wf>
         <wf lemma="en" pos="X">en</wf>
         <wf lemma="kasserolle" pos="X">kasserolle</wf>
         <wf lemma="med" pos="X">med</wf>
         <wf lemma="saft" pos="X">saft</wf>
         <wf lemma="af" pos="X">af</wf>
         <wf lemma="½" pos="X">½</wf>
         <instance id="d000.s548.t000" lemma="citron" pos="NOUN">citron</instance>
         <wf lemma="." pos="X">.</wf>
      </sentence>
      <sentence id="d000.s549" source="wordnet-danish">
         <wf lemma="Det" pos="X">Det</wf>
         <wf lemma="kniber" pos="X">kniber</wf>
         <wf lemma="lidt" pos="X">lidt</wf>
         <wf lemma="med" pos="X">med</wf>
         <wf lemma="din" pos="X">din</wf>
         <wf lemma="energi" pos="X">energi</wf>
         <wf lemma="for" pos="X">for</wf>
         <wf lemma="tiden" pos="X">tiden</wf>
         <wf lemma="--" pos="X">--</wf>
         <wf lemma="du" pos="X">du</wf>
         <wf lemma="trænger" pos="X">trænger</wf>
         <wf lemma="rent" pos="X">rent</wf>
         <wf lemma="ud" pos="X">ud</wf>
         <wf lemma="sagt" pos="X">sagt</wf>
         <wf lemma="til" pos="X">til</wf>
         <wf lemma="en" pos="X">en</wf>
         <wf lemma="god" pos="X">god</wf>
         <wf lemma="," pos="X">,</wf>
         <instance id="d000.s549.t000" lemma="lang" pos="ADJ">lang</instance>
         <wf lemma="ferie" pos="X">ferie</wf>
         <wf lemma="." pos="X">.</wf>
      </sentence>
      <sentence id="d000.s550" source="wordnet-danish">
         <wf lemma="Henriette" pos="X">Henriette</wf>
         <instance id="d000.s550.t000" lemma="afslutte" pos="VERB">afsluttede</instance>
         <wf lemma="sin" pos="X">sin</wf>
         <wf lemma="skolegang" pos="X">skolegang</wf>
         <wf lemma="med" pos="X">med</wf>
         <wf lemma="studentereksamen" pos="X">studentereksamen</wf>
         <wf lemma="." pos="X">.</wf>
      </sentence>
      <sentence id="d000.s551" source="wordnet-danish">
         <wf lemma="solen" pos="X">solen</wf>
         <wf lemma="lyser" pos="X">lyser</wf>
         <wf lemma="i" pos="X">i</wf>
         <wf lemma="det" pos="X">det</wf>
         <instance id="d000.s551.t000" lemma="tør" pos="ADJ">tørre</instance>
         <wf lemma="gule" pos="X">gule</wf>
         <wf lemma="græs" pos="X">græs</wf>
         <wf lemma="." pos="X">.</wf>
      </sentence>
      <sentence id="d000.s552" source="wordnet-danish">
         <wf lemma="Stoffer" pos="X">Stoffer</wf>
         <wf lemma="," pos="X">,</wf>
         <wf lemma="som" pos="X">som</wf>
         <wf lemma="er" pos="X">er</wf>
         <wf lemma="lidt" pos="X">lidt</wf>
         <wf lemma="tyk" pos="X">tyk</wf>
         <wf lemma="i" pos="X">i</wf>
         <wf lemma="det" pos="X">det</wf>
         <wf lemma="," pos="X">,</wf>
         <wf lemma="puster" pos="X">puster</wf>
         <wf lemma="og" pos="X">og</wf>
         <instance id="d000.s552.t000" lemma="stønne" pos="VERB">stønner</instance>
         <wf lemma="for" pos="X">for</wf>
         <wf lemma="at" pos="X">at</wf>
         <wf lemma="følge" pos="X">følge</wf>
         <wf lemma="med" pos="X">med</wf>
         <wf lemma="." pos="X">.</wf>
      </sentence>
      <sentence id="d000.s553" source="wordnet-danish">
         <wf lemma="Efter" pos="X">Efter</wf>
         <wf lemma="generalforsamlingen" pos="X">generalforsamlingen</wf>
         <wf lemma="var" pos="X">var</wf>
         <wf lemma="der" pos="X">der</wf>
         <instance id="d000.s553.t000" lemma="fælles" pos="ADJ">fælles</instance>
         <wf lemma="spisning" pos="X">spisning</wf>
         <wf lemma="." pos="X">.</wf>
      </sentence>
      <sentence id="d000.s554" source="wordnet-danish">
         <wf lemma="Hvis" pos="X">Hvis</wf>
         <wf lemma="han" pos="X">han</wf>
         <wf lemma="eller" pos="X">eller</wf>
         <wf lemma="hun" pos="X">hun</wf>
         <wf lemma="ønsker" pos="X">ønsker</wf>
         <wf lemma="at" pos="X">at</wf>
         <wf lemma="blive" pos="X">blive</wf>
         <instance id="d000.s554.t000" lemma="autorisere" pos="VERB">autoriseret</instance>
         <wf lemma="til" pos="X">til</wf>
         <wf lemma="at" pos="X">at</wf>
         <wf lemma="kalde" pos="X">kalde</wf>
         <wf lemma="sig" pos="X">sig</wf>
         <wf lemma="for" pos="X">for</wf>
         <wf lemma="læge" pos="X">læge</wf>
         <wf lemma="og" pos="X">og</wf>
         <wf lemma="øve" pos="X">øve</wf>
         <wf lemma="læges" pos="X">læges</wf>
         <wf lemma="gerning" pos="X">gerning</wf>
         <wf lemma="," pos="X">,</wf>
         <wf lemma="skal" pos="X">skal</wf>
         <wf lemma="lægeløftet" pos="X">lægeløftet</wf>
         <wf lemma="aflægges" pos="X">aflægges</wf>
         <wf lemma="." pos="X">.</wf>
      </sentence>
      <sentence id="d000.s555" source="wordnet-danish">
         <wf lemma="Vinterens" pos="X">Vinterens</wf>
         <wf lemma="undertøj" pos="X">undertøj</wf>
         <wf lemma="er" pos="X">er</wf>
         <wf lemma="dejlig" pos="X">dejlig</wf>
         <wf lemma="lunt" pos="X">lunt</wf>
         <wf lemma="" pos="X"></wf>
         <wf lemma="enten" pos="X">enten</wf>
         <wf lemma="i" pos="X">i</wf>
         <wf lemma="ren" pos="X">ren</wf>
         <instance id="d000.s555.t000" lemma="uld" pos="NOUN">uld</instance>
         <wf lemma="eller" pos="X">eller</wf>
         <wf lemma="kraftig" pos="X">kraftig</wf>
         <wf lemma="blød" pos="X">blød</wf>
         <wf lemma="bomuld" pos="X">bomuld</wf>
         <wf lemma="." pos="X">.</wf>
      </sentence>
      <sentence id="d000.s556" source="wordnet-danish">
         <wf lemma="[Liebestemplet]" pos="X">[Liebestemplet]</wf>
         <wf lemma="var" pos="X">var</wf>
         <wf lemma="et" pos="X">et</wf>
         <wf lemma="sted" pos="X">sted</wf>
         <wf lemma="med" pos="X">med</wf>
         <wf lemma="en" pos="X">en</wf>
         <wf lemma="bænk" pos="X">bænk</wf>
         <wf lemma="," pos="X">,</wf>
         <wf lemma="hvor" pos="X">hvor</wf>
         <instance id="d000.s556.t000" lemma="elske" pos="VERB">elskende</instance>
         <wf lemma="par" pos="X">par</wf>
         <wf lemma="gik" pos="X">gik</wf>
         <wf lemma="hen" pos="X">hen</wf>
         <wf lemma="om" pos="X">om</wf>
         <wf lemma="natten" pos="X">natten</wf>
         <wf lemma="og" pos="X">og</wf>
         <wf lemma="kissemissede" pos="X">kissemissede</wf>
         <wf lemma="." pos="X">.</wf>
      </sentence>
      <sentence id="d000.s557" source="wordnet-danish">
         <wf lemma="Spillerne" pos="X">Spillerne</wf>
         <wf lemma="på" pos="X">på</wf>
         <wf lemma="Betty" pos="X">Betty</wf>
         <wf lemma="Nansens" pos="X">Nansens</wf>
         <wf lemma="fortsatte" pos="X">fortsatte</wf>
         <wf lemma="direkte" pos="X">direkte</wf>
         <wf lemma="til" pos="X">til</wf>
         <wf lemma="Politikens" pos="X">Politikens</wf>
         <wf lemma="Hus" pos="X">Hus</wf>
         <wf lemma="for" pos="X">for</wf>
         <wf lemma="at" pos="X">at</wf>
         <wf lemma="give" pos="X">give</wf>
         <wf lemma="et" pos="X">et</wf>
         <instance id="d000.s557.t000" lemma="nummer" pos="NOUN">nummer</instance>
         <wf lemma="i" pos="X">i</wf>
         <wf lemma="forbindelse" pos="X">forbindelse</wf>
         <wf lemma="med" pos="X">med</wf>
         <wf lemma="uddelingen" pos="X">uddelingen</wf>
         <wf lemma="af" pos="X">af</wf>
         <wf lemma="årets" pos="X">årets</wf>
         <wf lemma="fredspris" pos="X">fredspris</wf>
         <wf lemma="." pos="X">.</wf>
      </sentence>
      <sentence id="d000.s558" source="wordnet-danish">
         <wf lemma="husstandene" pos="X">husstandene</wf>
         <wf lemma=".." pos="X">..</wf>
         <wf lemma="får" pos="X">får</wf>
         <wf lemma="hentet" pos="X">hentet</wf>
         <wf lemma="en" pos="X">en</wf>
         <instance id="d000.s558.t000" lemma="bøtte" pos="NOUN">bøtte</instance>
         <wf lemma="affald" pos="X">affald</wf>
         <wf lemma="om" pos="X">om</wf>
         <wf lemma="ugen" pos="X">ugen</wf>
         <wf lemma="." pos="X">.</wf>
      </sentence>
      <sentence id="d000.s559" source="wordnet-danish">
         <wf lemma="det" pos="X">det</wf>
         <wf lemma="er" pos="X">er</wf>
         <wf lemma="lykken" pos="X">lykken</wf>
         <wf lemma="at" pos="X">at</wf>
         <wf lemma="komme" pos="X">komme</wf>
         <wf lemma="hjem" pos="X">hjem</wf>
         <wf lemma="til" pos="X">til</wf>
         <wf lemma="nybagte" pos="X">nybagte</wf>
         <instance id="d000.s559.t000" lemma="bolle" pos="NOUN">boller</instance>
         <wf lemma="." pos="X">.</wf>
      </sentence>
      <sentence id="d000.s560" source="wordnet-danish">
         <wf lemma="Kun" pos="X">Kun</wf>
         <wf lemma="en" pos="X">en</wf>
         <wf lemma="hjertetransplantation" pos="X">hjertetransplantation</wf>
         <wf lemma="kan" pos="X">kan</wf>
         <instance id="d000.s560.t000" lemma="redde" pos="VERB">redde</instance>
         <wf lemma="Jane" pos="X">Jane</wf>
         <wf lemma="fra" pos="X">fra</wf>
         <wf lemma="den" pos="X">den</wf>
         <wf lemma="dødelige" pos="X">dødelige</wf>
         <wf lemma="hjertesygdom" pos="X">hjertesygdom</wf>
         <wf lemma="." pos="X">.</wf>
      </sentence>
      <sentence id="d000.s561" source="wordnet-danish">
         <wf lemma="Hun" pos="X">Hun</wf>
         <wf lemma="blev" pos="X">blev</wf>
         <wf lemma="sløv" pos="X">sløv</wf>
         <wf lemma="og" pos="X">og</wf>
         <wf lemma="ligeglad" pos="X">ligeglad</wf>
         <wf lemma="." pos="X">.</wf>
         <wf lemma="Spiste" pos="X">Spiste</wf>
         <wf lemma="som" pos="X">som</wf>
         <wf lemma="hun" pos="X">hun</wf>
         <wf lemma="plejede" pos="X">plejede</wf>
         <wf lemma="og" pos="X">og</wf>
         <wf lemma="sov" pos="X">sov</wf>
         <wf lemma="godt" pos="X">godt</wf>
         <wf lemma="." pos="X">.</wf>
         <wf lemma="Søgte" pos="X">Søgte</wf>
         <wf lemma="ikke" pos="X">ikke</wf>
         <wf lemma="efter" pos="X">efter</wf>
         <wf lemma="job" pos="X">job</wf>
         <wf lemma="og" pos="X">og</wf>
         <wf lemma="prøvede" pos="X">prøvede</wf>
         <wf lemma="at" pos="X">at</wf>
         <instance id="d000.s561.t000" lemma="undgå" pos="VERB">undgå</instance>
         <wf lemma="sine" pos="X">sine</wf>
         <wf lemma="gamle" pos="X">gamle</wf>
         <wf lemma="venner" pos="X">venner</wf>
         <wf lemma="." pos="X">.</wf>
      </sentence>
      <sentence id="d000.s562" source="wordnet-danish">
         <wf lemma="I" pos="X">I</wf>
         <wf lemma="vindueskarmen" pos="X">vindueskarmen</wf>
         <wf lemma="ligger" pos="X">ligger</wf>
         <wf lemma="en" pos="X">en</wf>
         <instance id="d000.s562.t000" lemma="pyt" pos="NOUN">pyt</instance>
         <wf lemma="af" pos="X">af</wf>
         <wf lemma="regnvand" pos="X">regnvand</wf>
         <wf lemma="," pos="X">,</wf>
         <wf lemma="som" pos="X">som</wf>
         <wf lemma="er" pos="X">er</wf>
         <wf lemma="sivet" pos="X">sivet</wf>
         <wf lemma="gennem" pos="X">gennem</wf>
         <wf lemma="trækruden" pos="X">trækruden</wf>
         <wf lemma="." pos="X">.</wf>
      </sentence>
      <sentence id="d000.s563" source="wordnet-danish">
         <wf lemma="hvem" pos="X">hvem</wf>
         <wf lemma="er" pos="X">er</wf>
         <wf lemma="det" pos="X">det</wf>
         <wf lemma="?" pos="X">?</wf>
         <wf lemma="-" pos="X">-</wf>
         <wf lemma="-" pos="X">-</wf>
         <wf lemma="Kan" pos="X">Kan</wf>
         <wf lemma="du" pos="X">du</wf>
         <wf lemma="ikke" pos="X">ikke</wf>
         <instance id="d000.s563.t000" lemma="kende" pos="VERB">kende</instance>
         <wf lemma="mig" pos="X">mig</wf>
         <wf lemma="?" pos="X">?</wf>
      </sentence>
      <sentence id="d000.s564" source="wordnet-danish">
         <wf lemma="Lækkert" pos="X">Lækkert</wf>
         <wf lemma="--" pos="X">--</wf>
         <wf lemma="en" pos="X">en</wf>
         <wf lemma="af" pos="X">af</wf>
         <wf lemma="mine" pos="X">mine</wf>
         <wf lemma="kolleger" pos="X">kolleger</wf>
         <wf lemma="giver" pos="X">giver</wf>
         <instance id="d000.s564.t000" lemma="kage" pos="NOUN">kage</instance>
         <wf lemma="til" pos="X">til</wf>
         <wf lemma="eftermiddagskaffen" pos="X">eftermiddagskaffen</wf>
         <wf lemma=";" pos="X">;</wf>
         <wf lemma="jeg" pos="X">jeg</wf>
         <wf lemma="elsker" pos="X">elsker</wf>
         <wf lemma="kage" pos="X">kage</wf>
         <wf lemma="og" pos="X">og</wf>
         <wf lemma="søde" pos="X">søde</wf>
         <wf lemma="sager" pos="X">sager</wf>
         <wf lemma="!" pos="X">!</wf>
      </sentence>
      <sentence id="d000.s565" source="wordnet-danish">
         <wf lemma="Under" pos="X">Under</wf>
         <wf lemma="loftet" pos="X">loftet</wf>
         <wf lemma="hænger" pos="X">hænger</wf>
         <wf lemma="der" pos="X">der</wf>
         <instance id="d000.s565.t000" lemma="vasketøj" pos="NOUN">vasketøj</instance>
         <wf lemma="til" pos="X">til</wf>
         <wf lemma="tørre" pos="X">tørre</wf>
         <wf lemma="i" pos="X">i</wf>
         <wf lemma="tætte" pos="X">tætte</wf>
         <wf lemma="rækker" pos="X">rækker</wf>
         <wf lemma="." pos="X">.</wf>
      </sentence>
      <sentence id="d000.s566" source="wordnet-danish">
         <wf lemma="i" pos="X">i</wf>
         <wf lemma="baggrunden" pos="X">baggrunden</wf>
         <wf lemma="knejser" pos="X">knejser</wf>
         <wf lemma="hele" pos="X">hele</wf>
         <wf lemma="tiden" pos="X">tiden</wf>
         <wf lemma="den" pos="X">den</wf>
         <wf lemma="enorme" pos="X">enorme</wf>
         <wf lemma="udslukte" pos="X">udslukte</wf>
         <instance id="d000.s566.t000" lemma="vulkan" pos="NOUN">vulkan</instance>
         <wf lemma=".." pos="X">..</wf>
         <wf lemma="der" pos="X">der</wf>
         <wf lemma="dækker" pos="X">dækker</wf>
         <wf lemma="næsten" pos="X">næsten</wf>
         <wf lemma="halvdelen" pos="X">halvdelen</wf>
         <wf lemma="af" pos="X">af</wf>
         <wf lemma="øen" pos="X">øen</wf>
         <wf lemma="." pos="X">.</wf>
      </sentence>
      <sentence id="d000.s567" source="wordnet-danish">
         <wf lemma="jeg" pos="X">jeg</wf>
         <wf lemma="synes" pos="X">synes</wf>
         <wf lemma="," pos="X">,</wf>
         <wf lemma="det" pos="X">det</wf>
         <wf lemma="er" pos="X">er</wf>
         <wf lemma="noget" pos="X">noget</wf>
         <wf lemma="svineri" pos="X">svineri</wf>
         <wf lemma="," pos="X">,</wf>
         <wf lemma="at" pos="X">at</wf>
         <wf lemma="kommunen" pos="X">kommunen</wf>
         <wf lemma="ikke" pos="X">ikke</wf>
         <wf lemma="giver" pos="X">giver</wf>
         <wf lemma="os" pos="X">os</wf>
         <wf lemma="ældre" pos="X">ældre</wf>
         <wf lemma="en" pos="X">en</wf>
         <wf lemma="ordentlig" pos="X">ordentlig</wf>
         <instance id="d000.s567.t000" lemma="behandling" pos="NOUN">behandling</instance>
         <wf lemma="." pos="X">.</wf>
      </sentence>
      <sentence id="d000.s568" source="wordnet-danish">
         <wf lemma="nu" pos="X">nu</wf>
         <wf lemma="kender" pos="X">kender</wf>
         <wf lemma="jeg" pos="X">jeg</wf>
         <wf lemma="jo" pos="X">jo</wf>
         <wf lemma="ikke" pos="X">ikke</wf>
         <wf lemma="noget" pos="X">noget</wf>
         <wf lemma="til" pos="X">til</wf>
         <instance id="d000.s568.t000" lemma="fotografi" pos="NOUN">fotografi</instance>
         <wf lemma=".." pos="X">..</wf>
         <wf lemma="jeg" pos="X">jeg</wf>
         <wf lemma="forstår" pos="X">forstår</wf>
         <wf lemma="ikke" pos="X">ikke</wf>
         <wf lemma="helt" pos="X">helt</wf>
         <wf lemma="," pos="X">,</wf>
         <wf lemma="hvad" pos="X">hvad</wf>
         <wf lemma="skal" pos="X">skal</wf>
         <wf lemma="man" pos="X">man</wf>
         <wf lemma="kigge" pos="X">kigge</wf>
         <wf lemma="efter" pos="X">efter</wf>
         <wf lemma="." pos="X">.</wf>
      </sentence>
      <sentence id="d000.s569" source="wordnet-danish">
         <wf lemma="Jeg" pos="X">Jeg</wf>
         <wf lemma="havde" pos="X">havde</wf>
         <wf lemma="ikke" pos="X">ikke</wf>
         <wf lemma="lyst" pos="X">lyst</wf>
         <wf lemma="til" pos="X">til</wf>
         <wf lemma="at" pos="X">at</wf>
         <instance id="d000.s569.t000" lemma="tænke" pos="VERB">tænke</instance>
         <wf lemma="på" pos="X">på</wf>
         <wf lemma="tandlægeaftalen" pos="X">tandlægeaftalen</wf>
         <wf lemma="i" pos="X">i</wf>
         <wf lemma="morgen" pos="X">morgen</wf>
         <wf lemma="." pos="X">.</wf>
      </sentence>
      <sentence id="d000.s570" source="wordnet-danish">
         <wf lemma="den" pos="X">den</wf>
         <wf lemma="nat" pos="X">nat</wf>
         <wf lemma="det" pos="X">det</wf>
         <wf lemma="var" pos="X">var</wf>
         <wf lemma="tordenvejr" pos="X">tordenvejr</wf>
         <wf lemma="," pos="X">,</wf>
         <wf lemma="da" pos="X">da</wf>
         <wf lemma="måtte" pos="X">måtte</wf>
         <wf lemma="du" pos="X">du</wf>
         <wf lemma="over" pos="X">over</wf>
         <wf lemma="i" pos="X">i</wf>
         <wf lemma="fars" pos="X">fars</wf>
         <wf lemma="seng" pos="X">seng</wf>
         <wf lemma="og" pos="X">og</wf>
         <instance id="d000.s570.t000" lemma="trøste" pos="VERB">trøstes</instance>
         <wf lemma="." pos="X">.</wf>
      </sentence>
      <sentence id="d000.s571" source="wordnet-danish">
         <wf lemma="De" pos="X">De</wf>
         <wf lemma="sejlede" pos="X">sejlede</wf>
         <wf lemma="ind" pos="X">ind</wf>
         <wf lemma="i" pos="X">i</wf>
         <wf lemma="en" pos="X">en</wf>
         <instance id="d000.s571.t000" lemma="bugt" pos="NOUN">bugt</instance>
         <wf lemma="," pos="X">,</wf>
         <wf lemma="som" pos="X">som</wf>
         <wf lemma="var" pos="X">var</wf>
         <wf lemma="omkranset" pos="X">omkranset</wf>
         <wf lemma="med" pos="X">med</wf>
         <wf lemma="siv" pos="X">siv</wf>
         <wf lemma="," pos="X">,</wf>
         <wf lemma="og" pos="X">og</wf>
         <wf lemma="lagde" pos="X">lagde</wf>
         <wf lemma="til" pos="X">til</wf>
         <wf lemma="ved" pos="X">ved</wf>
         <wf lemma="en" pos="X">en</wf>
         <wf lemma="bådebro" pos="X">bådebro</wf>
         <wf lemma="inderst" pos="X">inderst</wf>
         <wf lemma="i" pos="X">i</wf>
         <wf lemma="bugten" pos="X">bugten</wf>
         <wf lemma="." pos="X">.</wf>
      </sentence>
      <sentence id="d000.s572" source="wordnet-danish">
         <wf lemma="Vi" pos="X">Vi</wf>
         <wf lemma="kommunikerer" pos="X">kommunikerer</wf>
         <wf lemma="med" pos="X">med</wf>
         <wf lemma="'tegn" pos="X">'tegn</wf>
         <wf lemma="til" pos="X">til</wf>
         <wf lemma="tale'" pos="X">tale'</wf>
         <wf lemma="," pos="X">,</wf>
         <wf lemma="som" pos="X">som</wf>
         <wf lemma="er" pos="X">er</wf>
         <wf lemma="en" pos="X">en</wf>
         <wf lemma="slags" pos="X">slags</wf>
         <wf lemma="tegnsprog" pos="X">tegnsprog</wf>
         <wf lemma="," pos="X">,</wf>
         <wf lemma="hvor" pos="X">hvor</wf>
         <wf lemma="appelsin" pos="X">appelsin</wf>
         <wf lemma="," pos="X">,</wf>
         <wf lemma="mælk" pos="X">mælk</wf>
         <wf lemma="," pos="X">,</wf>
         <wf lemma="æblemos" pos="X">æblemos</wf>
         <wf lemma="," pos="X">,</wf>
         <wf lemma="ta'" pos="X">ta'</wf>
         <wf lemma="sko" pos="X">sko</wf>
         <wf lemma="på" pos="X">på</wf>
         <wf lemma="osv" pos="X">osv</wf>
         <wf lemma="." pos="X">.</wf>
         <wf lemma="har" pos="X">har</wf>
         <wf lemma="deres" pos="X">deres</wf>
         <wf lemma="egne" pos="X">egne</wf>
         <instance id="d000.s572.t000" lemma="tegn" pos="NOUN">tegn</instance>
         <wf lemma="." pos="X">.</wf>
      </sentence>
      <sentence id="d000.s573" source="wordnet-danish">
         <wf lemma="Her" pos="X">Her</wf>
         <wf lemma="og" pos="X">og</wf>
         <wf lemma="der" pos="X">der</wf>
         <wf lemma="var" pos="X">var</wf>
         <wf lemma="der" pos="X">der</wf>
         <wf lemma="grønne" pos="X">grønne</wf>
         <wf lemma="spirer" pos="X">spirer</wf>
         <wf lemma="på" pos="X">på</wf>
         <instance id="d000.s573.t000" lemma="mark" pos="NOUN">marken</instance>
         <wf lemma="," pos="X">,</wf>
         <wf lemma="andre" pos="X">andre</wf>
         <wf lemma="steder" pos="X">steder</wf>
         <wf lemma="lå" pos="X">lå</wf>
         <wf lemma="jorden" pos="X">jorden</wf>
         <wf lemma="stadig" pos="X">stadig</wf>
         <wf lemma="sort" pos="X">sort</wf>
         <wf lemma="og" pos="X">og</wf>
         <wf lemma="nøgen" pos="X">nøgen</wf>
         <wf lemma="." pos="X">.</wf>
      </sentence>
      <sentence id="d000.s574" source="wordnet-danish">
         <wf lemma="Anne" pos="X">Anne</wf>
         <wf lemma="har" pos="X">har</wf>
         <wf lemma="en" pos="X">en</wf>
         <instance id="d000.s574.t000" lemma="tendens" pos="NOUN">tendens</instance>
         <wf lemma="til" pos="X">til</wf>
         <wf lemma="at" pos="X">at</wf>
         <wf lemma="åbne" pos="X">åbne</wf>
         <wf lemma="sig" pos="X">sig</wf>
         <wf lemma="for" pos="X">for</wf>
         <wf lemma="alle" pos="X">alle</wf>
         <wf lemma="når" pos="X">når</wf>
         <wf lemma="hun" pos="X">hun</wf>
         <wf lemma="bliver" pos="X">bliver</wf>
         <wf lemma="fuld" pos="X">fuld</wf>
         <wf lemma="." pos="X">.</wf>
      </sentence>
      <sentence id="d000.s575" source="wordnet-danish">
         <wf lemma="Fabrikant" pos="X">Fabrikant</wf>
         <wf lemma="Friberg" pos="X">Friberg</wf>
         <wf lemma="var" pos="X">var</wf>
         <wf lemma="byens" pos="X">byens</wf>
         <wf lemma="store" pos="X">store</wf>
         <instance id="d000.s575.t000" lemma="matador" pos="NOUN">matador</instance>
         <wf lemma="i" pos="X">i</wf>
         <wf lemma="århundredets" pos="X">århundredets</wf>
         <wf lemma="første" pos="X">første</wf>
         <wf lemma="tiår" pos="X">tiår</wf>
         <wf lemma="." pos="X">.</wf>
      </sentence>
      <sentence id="d000.s576" source="wordnet-danish">
         <wf lemma="Makedonien" pos="X">Makedonien</wf>
         <wf lemma="var" pos="X">var</wf>
         <wf lemma="et" pos="X">et</wf>
         <wf lemma="stort" pos="X">stort</wf>
         <wf lemma="og" pos="X">og</wf>
         <wf lemma="frugtbart" pos="X">frugtbart</wf>
         <wf lemma="land" pos="X">land</wf>
         <wf lemma="." pos="X">.</wf>
         <instance id="d000.s576.t000" lemma="beboer" pos="NOUN">Beboerne</instance>
         <wf lemma="var" pos="X">var</wf>
         <wf lemma="en" pos="X">en</wf>
         <wf lemma="blanding" pos="X">blanding</wf>
         <wf lemma="af" pos="X">af</wf>
         <wf lemma="grækere" pos="X">grækere</wf>
         <wf lemma="og" pos="X">og</wf>
         <wf lemma="beslægtede" pos="X">beslægtede</wf>
         <wf lemma="folk" pos="X">folk</wf>
         <wf lemma="." pos="X">.</wf>
      </sentence>
      <sentence id="d000.s577" source="wordnet-danish">
         <wf lemma="Seks" pos="X">Seks</wf>
         <wf lemma="millioner" pos="X">millioner</wf>
         <wf lemma="kroner" pos="X">kroner</wf>
         <wf lemma="blev" pos="X">blev</wf>
         <wf lemma="ofret" pos="X">ofret</wf>
         <wf lemma="på" pos="X">på</wf>
         <wf lemma="at" pos="X">at</wf>
         <instance id="d000.s577.t000" lemma="udskifte" pos="VERB">udskifte</instance>
         <wf lemma="samtlige" pos="X">samtlige</wf>
         <wf lemma="tagsten" pos="X">tagsten</wf>
         <wf lemma="og" pos="X">og</wf>
         <wf lemma="restaurere" pos="X">restaurere</wf>
         <wf lemma="tømmerkonstruktionen" pos="X">tømmerkonstruktionen</wf>
         <wf lemma="." pos="X">.</wf>
      </sentence>
      <sentence id="d000.s578" source="wordnet-danish">
         <wf lemma="Hans" pos="X">Hans</wf>
         <instance id="d000.s578.t000" lemma="udregning" pos="NOUN">udregninger</instance>
         <wf lemma="har" pos="X">har</wf>
         <wf lemma="indtil" pos="X">indtil</wf>
         <wf lemma="nu" pos="X">nu</wf>
         <wf lemma="vist" pos="X">vist</wf>
         <wf lemma="," pos="X">,</wf>
         <wf lemma="at" pos="X">at</wf>
         <wf lemma="kongekammeret" pos="X">kongekammeret</wf>
         <wf lemma="må" pos="X">må</wf>
         <wf lemma="ligge" pos="X">ligge</wf>
         <wf lemma="præcis" pos="X">præcis</wf>
         <wf lemma="i" pos="X">i</wf>
         <wf lemma="pyramidens" pos="X">pyramidens</wf>
         <wf lemma="centrum" pos="X">centrum</wf>
         <wf lemma="," pos="X">,</wf>
         <wf lemma="nær" pos="X">nær</wf>
         <wf lemma="jordoverfladen" pos="X">jordoverfladen</wf>
         <wf lemma="." pos="X">.</wf>
      </sentence>
      <sentence id="d000.s579" source="wordnet-danish">
         <instance id="d000.s579.t000" lemma="ruin" pos="NOUN">ruinerne</instance>
         <wf lemma="af" pos="X">af</wf>
         <wf lemma="det" pos="X">det</wf>
         <wf lemma="store" pos="X">store</wf>
         <wf lemma="og" pos="X">og</wf>
         <wf lemma="fascinerende" pos="X">fascinerende</wf>
         <wf lemma="Knossos-palads" pos="X">Knossos-palads</wf>
         <wf lemma="ligger" pos="X">ligger</wf>
         <wf lemma="der" pos="X">der</wf>
         <wf lemma="stadig" pos="X">stadig</wf>
         <wf lemma="som" pos="X">som</wf>
         <wf lemma="vidnesbyrd" pos="X">vidnesbyrd</wf>
         <wf lemma="om" pos="X">om</wf>
         <wf lemma="en" pos="X">en</wf>
         <wf lemma="glorværdig" pos="X">glorværdig</wf>
         <wf lemma="fortid" pos="X">fortid</wf>
         <wf lemma="." pos="X">.</wf>
      </sentence>
      <sentence id="d000.s580" source="wordnet-danish">
         <wf lemma="Er" pos="X">Er</wf>
         <wf lemma="feriens" pos="X">feriens</wf>
         <wf lemma="hovedformål" pos="X">hovedformål</wf>
         <wf lemma="at" pos="X">at</wf>
         <wf lemma="sole" pos="X">sole</wf>
         <wf lemma="," pos="X">,</wf>
         <wf lemma="bade" pos="X">bade</wf>
         <wf lemma="og" pos="X">og</wf>
         <wf lemma="skaffe" pos="X">skaffe</wf>
         <wf lemma="sig" pos="X">sig</wf>
         <wf lemma="et" pos="X">et</wf>
         <wf lemma="solbrændt" pos="X">solbrændt</wf>
         <instance id="d000.s580.t000" lemma="skind" pos="NOUN">skind</instance>
         <wf lemma="." pos="X">.</wf>
         <wf lemma="Ja" pos="X">Ja</wf>
         <wf lemma="," pos="X">,</wf>
         <wf lemma="så" pos="X">så</wf>
         <wf lemma="er" pos="X">er</wf>
         <wf lemma="man" pos="X">man</wf>
         <wf lemma="gået" pos="X">gået</wf>
         <wf lemma="helt" pos="X">helt</wf>
         <wf lemma="forkert" pos="X">forkert</wf>
         <wf lemma="i" pos="X">i</wf>
         <wf lemma="byen" pos="X">byen</wf>
         <wf lemma="," pos="X">,</wf>
         <wf lemma="hvis" pos="X">hvis</wf>
         <wf lemma="man" pos="X">man</wf>
         <wf lemma="rejser" pos="X">rejser</wf>
         <wf lemma="til" pos="X">til</wf>
         <wf lemma="Irland" pos="X">Irland</wf>
         <wf lemma="." pos="X">.</wf>
      </sentence>
      <sentence id="d000.s581" source="wordnet-danish">
         <wf lemma="Rørhønen" pos="X">Rørhønen</wf>
         <wf lemma="kan" pos="X">kan</wf>
         <wf lemma="ikke" pos="X">ikke</wf>
         <wf lemma="finde" pos="X">finde</wf>
         <instance id="d000.s581.t000" lemma="føde" pos="NOUN">føde</instance>
         <wf lemma="nok" pos="X">nok</wf>
         <wf lemma="ad" pos="X">ad</wf>
         <wf lemma="naturlig" pos="X">naturlig</wf>
         <wf lemma="vej" pos="X">vej</wf>
         <wf lemma="i" pos="X">i</wf>
         <wf lemma="frostvejr" pos="X">frostvejr</wf>
         <wf lemma="," pos="X">,</wf>
         <wf lemma="så" pos="X">så</wf>
         <wf lemma="den" pos="X">den</wf>
         <wf lemma="dør" pos="X">dør</wf>
         <wf lemma="af" pos="X">af</wf>
         <wf lemma="sult" pos="X">sult</wf>
         <wf lemma="," pos="X">,</wf>
         <wf lemma="hvis" pos="X">hvis</wf>
         <wf lemma="den" pos="X">den</wf>
         <wf lemma="vante" pos="X">vante</wf>
         <wf lemma="fodring" pos="X">fodring</wf>
         <wf lemma="pludselig" pos="X">pludselig</wf>
         <wf lemma="hører" pos="X">hører</wf>
         <wf lemma="op" pos="X">op</wf>
         <wf lemma="." pos="X">.</wf>
      </sentence>
      <sentence id="d000.s582" source="wordnet-danish">
         <wf lemma="Han" pos="X">Han</wf>
         <wf lemma="tager" pos="X">tager</wf>
         <wf lemma="skraldeposen" pos="X">skraldeposen</wf>
         <wf lemma="ud" pos="X">ud</wf>
         <wf lemma="af" pos="X">af</wf>
         <instance id="d000.s582.t000" lemma="stativ" pos="NOUN">stativet</instance>
         <wf lemma="og" pos="X">og</wf>
         <wf lemma="stiller" pos="X">stiller</wf>
         <wf lemma="den" pos="X">den</wf>
         <wf lemma="ved" pos="X">ved</wf>
         <wf lemma="køkkendøren" pos="X">køkkendøren</wf>
         <wf lemma="," pos="X">,</wf>
         <wf lemma="så" pos="X">så</wf>
         <wf lemma="han" pos="X">han</wf>
         <wf lemma="husker" pos="X">husker</wf>
         <wf lemma="at" pos="X">at</wf>
         <wf lemma="tage" pos="X">tage</wf>
         <wf lemma="den" pos="X">den</wf>
         <wf lemma="med" pos="X">med</wf>
         <wf lemma="ned" pos="X">ned</wf>
         <wf lemma="," pos="X">,</wf>
         <wf lemma="når" pos="X">når</wf>
         <wf lemma="han" pos="X">han</wf>
         <wf lemma="går" pos="X">går</wf>
         <wf lemma="." pos="X">.</wf>
      </sentence>
      <sentence id="d000.s583" source="wordnet-danish">
         <wf lemma="Den" pos="X">Den</wf>
         <wf lemma="voldsomme" pos="X">voldsomme</wf>
         <wf lemma="nedbør" pos="X">nedbør</wf>
         <wf lemma=".." pos="X">..</wf>
         <wf lemma="har" pos="X">har</wf>
         <wf lemma="resulteret" pos="X">resulteret</wf>
         <wf lemma="i" pos="X">i</wf>
         <wf lemma="et" pos="X">et</wf>
         <wf lemma="utal" pos="X">utal</wf>
         <wf lemma="af" pos="X">af</wf>
         <instance id="d000.s583.t000" lemma="oversvømmelse" pos="NOUN">oversvømmelser</instance>
         <wf lemma="i" pos="X">i</wf>
         <wf lemma="kældre" pos="X">kældre</wf>
         <wf lemma="i" pos="X">i</wf>
         <wf lemma="Næstved-området" pos="X">Næstved-området</wf>
         <wf lemma="." pos="X">.</wf>
      </sentence>
      <sentence id="d000.s584" source="wordnet-danish">
         <wf lemma="Patientens" pos="X">Patientens</wf>
         <wf lemma="tilstand" pos="X">tilstand</wf>
         <wf lemma="er" pos="X">er</wf>
         <instance id="d000.s584.t000" lemma="stabil" pos="ADJ">stabil</instance>
         <wf lemma="," pos="X">,</wf>
         <wf lemma="men" pos="X">men</wf>
         <wf lemma="kan" pos="X">kan</wf>
         <wf lemma="dog" pos="X">dog</wf>
         <wf lemma="hurtigt" pos="X">hurtigt</wf>
         <wf lemma="ændres" pos="X">ændres</wf>
         <wf lemma="til" pos="X">til</wf>
         <wf lemma="noget" pos="X">noget</wf>
         <wf lemma="kritisk" pos="X">kritisk</wf>
         <wf lemma="." pos="X">.</wf>
      </sentence>
      <sentence id="d000.s585" source="wordnet-danish">
         <wf lemma="Elsk" pos="X">Elsk</wf>
         <wf lemma="jeres" pos="X">jeres</wf>
         <wf lemma="fjender" pos="X">fjender</wf>
         <wf lemma="," pos="X">,</wf>
         <wf lemma="gør" pos="X">gør</wf>
         <wf lemma="godt" pos="X">godt</wf>
         <wf lemma="imod" pos="X">imod</wf>
         <wf lemma="dem" pos="X">dem</wf>
         <wf lemma="," pos="X">,</wf>
         <wf lemma="som" pos="X">som</wf>
         <wf lemma="hader" pos="X">hader</wf>
         <wf lemma="jer" pos="X">jer</wf>
         <wf lemma="," pos="X">,</wf>
         <wf lemma="velsign" pos="X">velsign</wf>
         <wf lemma="dem" pos="X">dem</wf>
         <wf lemma="," pos="X">,</wf>
         <wf lemma="som" pos="X">som</wf>
         <instance id="d000.s585.t000" lemma="forbande" pos="VERB">forbander</instance>
         <wf lemma="jer" pos="X">jer</wf>
         <wf lemma="," pos="X">,</wf>
         <wf lemma="og" pos="X">og</wf>
         <wf lemma="bed" pos="X">bed</wf>
         <wf lemma="for" pos="X">for</wf>
         <wf lemma="dem" pos="X">dem</wf>
         <wf lemma="," pos="X">,</wf>
         <wf lemma="som" pos="X">som</wf>
         <wf lemma="mishandler" pos="X">mishandler</wf>
         <wf lemma="jer" pos="X">jer</wf>
         <wf lemma="." pos="X">.</wf>
      </sentence>
      <sentence id="d000.s586" source="wordnet-danish">
         <wf lemma="man" pos="X">man</wf>
         <wf lemma="kunne" pos="X">kunne</wf>
         <wf lemma="tydeligt" pos="X">tydeligt</wf>
         <wf lemma="se" pos="X">se</wf>
         <wf lemma="," pos="X">,</wf>
         <wf lemma="at" pos="X">at</wf>
         <instance id="d000.s586.t000" lemma="efterår" pos="NOUN">efteråret</instance>
         <wf lemma="var" pos="X">var</wf>
         <wf lemma="på" pos="X">på</wf>
         <wf lemma="vej" pos="X">vej</wf>
         <wf lemma=";" pos="X">;</wf>
         <wf lemma="mange" pos="X">mange</wf>
         <wf lemma="af" pos="X">af</wf>
         <wf lemma="træerne" pos="X">træerne</wf>
         <wf lemma="havde" pos="X">havde</wf>
         <wf lemma="gulrøde" pos="X">gulrøde</wf>
         <wf lemma="blade" pos="X">blade</wf>
         <wf lemma="," pos="X">,</wf>
         <wf lemma="og" pos="X">og</wf>
         <wf lemma="rosenbedene" pos="X">rosenbedene</wf>
         <wf lemma="begyndte" pos="X">begyndte</wf>
         <wf lemma="at" pos="X">at</wf>
         <wf lemma="synge" pos="X">synge</wf>
         <wf lemma="på" pos="X">på</wf>
         <wf lemma="sidste" pos="X">sidste</wf>
         <wf lemma="vers" pos="X">vers</wf>
         <wf lemma="." pos="X">.</wf>
      </sentence>
      <sentence id="d000.s587" source="wordnet-danish">
         <wf lemma="ved" pos="X">ved</wf>
         <wf lemma="fælles" pos="X">fælles</wf>
         <instance id="d000.s587.t000" lemma="hjælp" pos="NOUN">hjælp</instance>
         <wf lemma="fik" pos="X">fik</wf>
         <wf lemma="de" pos="X">de</wf>
         <wf lemma="bjærget" pos="X">bjærget</wf>
         <wf lemma="Jonas" pos="X">Jonas</wf>
         <wf lemma="ind" pos="X">ind</wf>
         <wf lemma="til" pos="X">til</wf>
         <wf lemma="bredden" pos="X">bredden</wf>
         <wf lemma="." pos="X">.</wf>
      </sentence>
      <sentence id="d000.s588" source="wordnet-danish">
         <wf lemma="En" pos="X">En</wf>
         <wf lemma="menneskeret" pos="X">menneskeret</wf>
         <wf lemma="var" pos="X">var</wf>
         <wf lemma="efterhånden" pos="X">efterhånden</wf>
         <wf lemma="den" pos="X">den</wf>
         <wf lemma="månedlige" pos="X">månedlige</wf>
         <wf lemma="tur" pos="X">tur</wf>
         <wf lemma="i" pos="X">i</wf>
         <instance id="d000.s588.t000" lemma="kino" pos="NOUN">kino</instance>
         <wf lemma="med" pos="X">med</wf>
         <wf lemma="gulvsand" pos="X">gulvsand</wf>
         <wf lemma="og" pos="X">og</wf>
         <wf lemma="håndklaver" pos="X">håndklaver</wf>
         <wf lemma="og" pos="X">og</wf>
         <wf lemma="det" pos="X">det</wf>
         <wf lemma="hvide" pos="X">hvide</wf>
         <wf lemma="lærred" pos="X">lærred</wf>
         <wf lemma="." pos="X">.</wf>
      </sentence>
      <sentence id="d000.s589" source="wordnet-danish">
         <wf lemma="Når" pos="X">Når</wf>
         <wf lemma="bolden" pos="X">bolden</wf>
         <wf lemma="bliver" pos="X">bliver</wf>
         <wf lemma="kastet" pos="X">kastet</wf>
         <wf lemma="op" pos="X">op</wf>
         <wf lemma="i" pos="X">i</wf>
         <wf lemma="luften" pos="X">luften</wf>
         <wf lemma="," pos="X">,</wf>
         <wf lemma="vil" pos="X">vil</wf>
         <instance id="d000.s589.t000" lemma="tyngdekraft" pos="NOUN">tyngdekraften</instance>
         <wf lemma="sørge" pos="X">sørge</wf>
         <wf lemma="for" pos="X">for</wf>
         <wf lemma="," pos="X">,</wf>
         <wf lemma="at" pos="X">at</wf>
         <wf lemma="den" pos="X">den</wf>
         <wf lemma="falder" pos="X">falder</wf>
         <wf lemma="ned" pos="X">ned</wf>
         <wf lemma="på" pos="X">på</wf>
         <wf lemma="jorden" pos="X">jorden</wf>
         <wf lemma="." pos="X">.</wf>
      </sentence>
      <sentence id="d000.s590" source="wordnet-danish">
         <wf lemma="[Victor" pos="X">[Victor</wf>
         <wf lemma="Borge]" pos="X">Borge]</wf>
         <wf lemma="optræder" pos="X">optræder</wf>
         <wf lemma="i" pos="X">i</wf>
         <wf lemma="teatre" pos="X">teatre</wf>
         <wf lemma="," pos="X">,</wf>
         <wf lemma="koncertsale" pos="X">koncertsale</wf>
         <wf lemma="," pos="X">,</wf>
         <instance id="d000.s590.t000" lemma="idrætspark" pos="NOUN">idrætsparker</instance>
         <wf lemma="og" pos="X">og</wf>
         <wf lemma="vældige" pos="X">vældige</wf>
         <wf lemma="haller" pos="X">haller</wf>
         <wf lemma="." pos="X">.</wf>
      </sentence>
      <sentence id="d000.s591" source="wordnet-danish">
         <wf lemma="Kim" pos="X">Kim</wf>
         <wf lemma="hamrede" pos="X">hamrede</wf>
         <wf lemma="på" pos="X">på</wf>
         <wf lemma="døren" pos="X">døren</wf>
         <wf lemma="," pos="X">,</wf>
         <wf lemma="sparkede" pos="X">sparkede</wf>
         <wf lemma="," pos="X">,</wf>
         <wf lemma="smed" pos="X">smed</wf>
         <wf lemma="sig" pos="X">sig</wf>
         <wf lemma="mod" pos="X">mod</wf>
         <wf lemma="den" pos="X">den</wf>
         <wf lemma="," pos="X">,</wf>
         <instance id="d000.s591.t000" lemma="brøle" pos="VERB">brølede</instance>
         <wf lemma="sanseløs" pos="X">sanseløs</wf>
         <wf lemma="af" pos="X">af</wf>
         <wf lemma="angst" pos="X">angst</wf>
         <wf lemma="." pos="X">.</wf>
      </sentence>
      <sentence id="d000.s592" source="wordnet-danish">
         <wf lemma="tropesygdommen" pos="X">tropesygdommen</wf>
         <wf lemma="malaria" pos="X">malaria</wf>
         <wf lemma="er" pos="X">er</wf>
         <wf lemma="kommet" pos="X">kommet</wf>
         <wf lemma="ud" pos="X">ud</wf>
         <wf lemma="af" pos="X">af</wf>
         <instance id="d000.s592.t000" lemma="kontrol" pos="NOUN">kontrol</instance>
         <wf lemma="." pos="X">.</wf>
      </sentence>
      <sentence id="d000.s593" source="wordnet-danish">
         <wf lemma="krebinetter" pos="X">krebinetter</wf>
         <wf lemma="med" pos="X">med</wf>
         <wf lemma="stuvede" pos="X">stuvede</wf>
         <wf lemma="ærter" pos="X">ærter</wf>
         <wf lemma="og" pos="X">og</wf>
         <wf lemma="gulerødder" pos="X">gulerødder</wf>
         <wf lemma="," pos="X">,</wf>
         <wf lemma="efterfulgt" pos="X">efterfulgt</wf>
         <wf lemma="af" pos="X">af</wf>
         <wf lemma="god" pos="X">god</wf>
         <wf lemma="," pos="X">,</wf>
         <wf lemma="gul" pos="X">gul</wf>
         <instance id="d000.s593.t000" lemma="budding" pos="NOUN">budding</instance>
         <wf lemma="," pos="X">,</wf>
         <wf lemma="som" pos="X">som</wf>
         <wf lemma="mor" pos="X">mor</wf>
         <wf lemma="også" pos="X">også</wf>
         <wf lemma="havde" pos="X">havde</wf>
         <wf lemma="lavet" pos="X">lavet</wf>
         <wf lemma="." pos="X">.</wf>
      </sentence>
      <sentence id="d000.s594" source="wordnet-danish">
         <wf lemma="[Bilen]" pos="X">[Bilen]</wf>
         <wf lemma="bliver" pos="X">bliver</wf>
         <wf lemma="en" pos="X">en</wf>
         <wf lemma="smule" pos="X">smule</wf>
         <wf lemma="større" pos="X">større</wf>
         <wf lemma="i" pos="X">i</wf>
         <instance id="d000.s594.t000" lemma="proportion" pos="NOUN">proportionerne</instance>
         <wf lemma="," pos="X">,</wf>
         <wf lemma="så" pos="X">så</wf>
         <wf lemma="der" pos="X">der</wf>
         <wf lemma="bliver" pos="X">bliver</wf>
         <wf lemma="mere" pos="X">mere</wf>
         <wf lemma="plads" pos="X">plads</wf>
         <wf lemma="bagtil" pos="X">bagtil</wf>
         <wf lemma="." pos="X">.</wf>
      </sentence>
      <sentence id="d000.s595" source="wordnet-danish">
         <wf lemma="Blå" pos="X">Blå</wf>
         <wf lemma="Kors" pos="X">Kors</wf>
         <wf lemma="har" pos="X">har</wf>
         <wf lemma="til" pos="X">til</wf>
         <wf lemma="formål" pos="X">formål</wf>
         <wf lemma="at" pos="X">at</wf>
         <wf lemma="arbejde" pos="X">arbejde</wf>
         <wf lemma="for" pos="X">for</wf>
         <instance id="d000.s595.t000" lemma="alkoholfri" pos="ADJ">alkoholfri</instance>
         <wf lemma="livsstil" pos="X">livsstil</wf>
         <wf lemma="blandt" pos="X">blandt</wf>
         <wf lemma="børn" pos="X">børn</wf>
         <wf lemma="," pos="X">,</wf>
         <wf lemma="unge" pos="X">unge</wf>
         <wf lemma="og" pos="X">og</wf>
         <wf lemma="voksne" pos="X">voksne</wf>
         <wf lemma="." pos="X">.</wf>
      </sentence>
      <sentence id="d000.s596" source="wordnet-danish">
         <wf lemma="En" pos="X">En</wf>
         <instance id="d000.s596.t000" lemma="sød" pos="ADJ">sød</instance>
         <wf lemma="kvalmende" pos="X">kvalmende</wf>
         <wf lemma="duft" pos="X">duft</wf>
         <wf lemma="slår" pos="X">slår</wf>
         <wf lemma="ham" pos="X">ham</wf>
         <wf lemma="i" pos="X">i</wf>
         <wf lemma="møde" pos="X">møde</wf>
         <wf lemma="," pos="X">,</wf>
         <wf lemma="da" pos="X">da</wf>
         <wf lemma="han" pos="X">han</wf>
         <wf lemma="træder" pos="X">træder</wf>
         <wf lemma="ind" pos="X">ind</wf>
         <wf lemma="i" pos="X">i</wf>
         <wf lemma="værelset" pos="X">værelset</wf>
         <wf lemma="." pos="X">.</wf>
         <wf lemma="Der" pos="X">Der</wf>
         <wf lemma="bliver" pos="X">bliver</wf>
         <wf lemma="røget" pos="X">røget</wf>
         <wf lemma="hash" pos="X">hash</wf>
         <wf lemma="." pos="X">.</wf>
      </sentence>
      <sentence id="d000.s597" source="wordnet-danish">
         <wf lemma="velklædte" pos="X">velklædte</wf>
         <wf lemma="damer" pos="X">damer</wf>
         <wf lemma="får" pos="X">får</wf>
         <wf lemma="fragtet" pos="X">fragtet</wf>
         <wf lemma="deres" pos="X">deres</wf>
         <wf lemma="pelse" pos="X">pelse</wf>
         <wf lemma="ind" pos="X">ind</wf>
         <wf lemma="på" pos="X">på</wf>
         <wf lemma="skånsomme" pos="X">skånsomme</wf>
         <wf lemma="stativer" pos="X">stativer</wf>
         <wf lemma="af" pos="X">af</wf>
         <instance id="d000.s597.t000" lemma="drager" pos="NOUN">dragere</instance>
         <wf lemma="." pos="X">.</wf>
      </sentence>
      <sentence id="d000.s598" source="wordnet-danish">
         <wf lemma="Kranens" pos="X">Kranens</wf>
         <wf lemma="samlede" pos="X">samlede</wf>
         <instance id="d000.s598.t000" lemma="vægt" pos="NOUN">vægt</instance>
         <wf lemma="er" pos="X">er</wf>
         <wf lemma="230" pos="X">230</wf>
         <wf lemma="ton" pos="X">ton</wf>
         <wf lemma="og" pos="X">og</wf>
         <wf lemma="dens" pos="X">dens</wf>
         <wf lemma="løftekapacitet" pos="X">løftekapacitet</wf>
         <wf lemma="er" pos="X">er</wf>
         <wf lemma="500" pos="X">500</wf>
         <wf lemma="ton." pos="X">ton.</wf>
      </sentence>
      <sentence id="d000.s599" source="wordnet-danish">
         <wf lemma="Der" pos="X">Der</wf>
         <wf lemma="er" pos="X">er</wf>
         <wf lemma="stadig" pos="X">stadig</wf>
         <wf lemma="krig" pos="X">krig</wf>
         <wf lemma="," pos="X">,</wf>
         <wf lemma="racisme" pos="X">racisme</wf>
         <wf lemma="og" pos="X">og</wf>
         <wf lemma="forfølgelse" pos="X">forfølgelse</wf>
         <wf lemma="," pos="X">,</wf>
         <wf lemma="stor" pos="X">stor</wf>
         <wf lemma="nød" pos="X">nød</wf>
         <wf lemma="og" pos="X">og</wf>
         <instance id="d000.s599.t000" lemma="elendighed" pos="NOUN">elendighed</instance>
         <wf lemma="mange" pos="X">mange</wf>
         <wf lemma="steder" pos="X">steder</wf>
         <wf lemma="i" pos="X">i</wf>
         <wf lemma="verden" pos="X">verden</wf>
         <wf lemma="." pos="X">.</wf>
      </sentence>
      <sentence id="d000.s600" source="wordnet-danish">
         <wf lemma="Lidt" pos="X">Lidt</wf>
         <wf lemma="senere" pos="X">senere</wf>
         <wf lemma="slukker" pos="X">slukker</wf>
         <wf lemma="jeg" pos="X">jeg</wf>
         <wf lemma="for" pos="X">for</wf>
         <wf lemma="fjernsynet" pos="X">fjernsynet</wf>
         <wf lemma="," pos="X">,</wf>
         <wf lemma="finder" pos="X">finder</wf>
         <wf lemma="et" pos="X">et</wf>
         <instance id="d000.s600.t000" lemma="bånd" pos="NOUN">bånd</instance>
         <wf lemma="frem" pos="X">frem</wf>
         <wf lemma="med" pos="X">med</wf>
         <wf lemma="klassisk" pos="X">klassisk</wf>
         <wf lemma="musik" pos="X">musik</wf>
         <wf lemma="og" pos="X">og</wf>
         <wf lemma="tænder" pos="X">tænder</wf>
         <wf lemma="for" pos="X">for</wf>
         <wf lemma="båndoptageren" pos="X">båndoptageren</wf>
         <wf lemma="." pos="X">.</wf>
      </sentence>
      <sentence id="d000.s601" source="wordnet-danish">
         <wf lemma="Er" pos="X">Er</wf>
         <wf lemma="der" pos="X">der</wf>
         <wf lemma="revner" pos="X">revner</wf>
         <wf lemma="i" pos="X">i</wf>
         <wf lemma="den" pos="X">den</wf>
         <wf lemma="gamle" pos="X">gamle</wf>
         <wf lemma="tagpap" pos="X">tagpap</wf>
         <wf lemma="," pos="X">,</wf>
         <wf lemma="så" pos="X">så</wf>
         <wf lemma="skal" pos="X">skal</wf>
         <wf lemma="de" pos="X">de</wf>
         <wf lemma="selvfølgelig" pos="X">selvfølgelig</wf>
         <instance id="d000.s601.t000" lemma="udbedre" pos="VERB">udbedres</instance>
         <wf lemma="." pos="X">.</wf>
      </sentence>
      <sentence id="d000.s602" source="wordnet-danish">
         <wf lemma="Kom" pos="X">Kom</wf>
         <wf lemma="," pos="X">,</wf>
         <wf lemma="sagde" pos="X">sagde</wf>
         <wf lemma="hun" pos="X">hun</wf>
         <wf lemma="og" pos="X">og</wf>
         <instance id="d000.s602.t000" lemma="klappe" pos="VERB">klappede</instance>
         <wf lemma="på" pos="X">på</wf>
         <wf lemma="sædet" pos="X">sædet</wf>
         <wf lemma="ved" pos="X">ved</wf>
         <wf lemma="siden" pos="X">siden</wf>
         <wf lemma="af" pos="X">af</wf>
         <wf lemma="sig" pos="X">sig</wf>
         <wf lemma="." pos="X">.</wf>
         <wf lemma="Sæt" pos="X">Sæt</wf>
         <wf lemma="dig" pos="X">dig</wf>
         <wf lemma="her" pos="X">her</wf>
         <wf lemma="og" pos="X">og</wf>
         <wf lemma="få" pos="X">få</wf>
         <wf lemma="et" pos="X">et</wf>
         <wf lemma="kys." pos="X">kys.</wf>
      </sentence>
      <sentence id="d000.s603" source="wordnet-danish">
         <wf lemma="Vi" pos="X">Vi</wf>
         <wf lemma="har" pos="X">har</wf>
         <wf lemma="prøvet" pos="X">prøvet</wf>
         <wf lemma="at" pos="X">at</wf>
         <wf lemma="skabe" pos="X">skabe</wf>
         <wf lemma="et" pos="X">et</wf>
         <wf lemma="miljø" pos="X">miljø</wf>
         <wf lemma="," pos="X">,</wf>
         <wf lemma="der" pos="X">der</wf>
         <wf lemma="stimulerer" pos="X">stimulerer</wf>
         <wf lemma="patienternes" pos="X">patienternes</wf>
         <instance id="d000.s603.t000" lemma="vilje" pos="NOUN">vilje</instance>
         <wf lemma="til" pos="X">til</wf>
         <wf lemma="at" pos="X">at</wf>
         <wf lemma="blive" pos="X">blive</wf>
         <wf lemma="raske" pos="X">raske</wf>
         <wf lemma="." pos="X">.</wf>
      </sentence>
      <sentence id="d000.s604" source="wordnet-danish">
         <wf lemma="[hun]" pos="X">[hun]</wf>
         <wf lemma="var" pos="X">var</wf>
         <wf lemma="regnelærerinde" pos="X">regnelærerinde</wf>
         <wf lemma="for" pos="X">for</wf>
         <wf lemma="de" pos="X">de</wf>
         <wf lemma="allermindste" pos="X">allermindste</wf>
         <wf lemma="." pos="X">.</wf>
         <wf lemma="Hun" pos="X">Hun</wf>
         <wf lemma="var" pos="X">var</wf>
         <wf lemma="tynd" pos="X">tynd</wf>
         <wf lemma="som" pos="X">som</wf>
         <wf lemma="en" pos="X">en</wf>
         <instance id="d000.s604.t000" lemma="pind" pos="NOUN">pind</instance>
         <wf lemma="." pos="X">.</wf>
      </sentence>
      <sentence id="d000.s605" source="wordnet-danish">
         <wf lemma="For" pos="X">For</wf>
         <wf lemma="nogle" pos="X">nogle</wf>
         <wf lemma="år" pos="X">år</wf>
         <wf lemma="siden" pos="X">siden</wf>
         <wf lemma="var" pos="X">var</wf>
         <wf lemma="der" pos="X">der</wf>
         <wf lemma="krise" pos="X">krise</wf>
         <wf lemma="i" pos="X">i</wf>
         <wf lemma="rejsebranchen" pos="X">rejsebranchen</wf>
         <wf lemma="," pos="X">,</wf>
         <wf lemma="og" pos="X">og</wf>
         <wf lemma="jeg" pos="X">jeg</wf>
         <instance id="d000.s605.t000" lemma="pantsætte" pos="VERB">pantsatte</instance>
         <wf lemma="mit" pos="X">mit</wf>
         <wf lemma="hus" pos="X">hus</wf>
         <wf lemma="og" pos="X">og</wf>
         <wf lemma="alt" pos="X">alt</wf>
         <wf lemma="," pos="X">,</wf>
         <wf lemma="hvad" pos="X">hvad</wf>
         <wf lemma="jeg" pos="X">jeg</wf>
         <wf lemma="ejede" pos="X">ejede</wf>
         <wf lemma="," pos="X">,</wf>
         <wf lemma="for" pos="X">for</wf>
         <wf lemma="at" pos="X">at</wf>
         <wf lemma="redde" pos="X">redde</wf>
         <wf lemma="bureauet" pos="X">bureauet</wf>
         <wf lemma="." pos="X">.</wf>
      </sentence>
      <sentence id="d000.s606" source="wordnet-danish">
         <wf lemma="sammen" pos="X">sammen</wf>
         <wf lemma="med" pos="X">med</wf>
         <wf lemma="det" pos="X">det</wf>
         <wf lemma="øvrige" pos="X">øvrige</wf>
         <instance id="d000.s606.t000" lemma="publikum" pos="NOUN">publikum</instance>
         <wf lemma="klappede" pos="X">klappede</wf>
         <wf lemma="vi" pos="X">vi</wf>
         <wf lemma="selvfølgelig" pos="X">selvfølgelig</wf>
         <wf lemma="begejstret" pos="X">begejstret</wf>
         <wf lemma="," pos="X">,</wf>
         <wf lemma="hvilket" pos="X">hvilket</wf>
         <wf lemma="resulterede" pos="X">resulterede</wf>
         <wf lemma="i" pos="X">i</wf>
         <wf lemma="et" pos="X">et</wf>
         <wf lemma="ekstranummer" pos="X">ekstranummer</wf>
         <wf lemma="." pos="X">.</wf>
      </sentence>
      <sentence id="d000.s607" source="wordnet-danish">
         <wf lemma="Storebæltsforbindelsen" pos="X">Storebæltsforbindelsen</wf>
         <wf lemma="var" pos="X">var</wf>
         <wf lemma="klar" pos="X">klar</wf>
         <wf lemma="over" pos="X">over</wf>
         <wf lemma="risikoen" pos="X">risikoen</wf>
         <wf lemma="ved" pos="X">ved</wf>
         <wf lemma="den" pos="X">den</wf>
         <wf lemma="borede" pos="X">borede</wf>
         <wf lemma="tunnel" pos="X">tunnel</wf>
         <wf lemma="," pos="X">,</wf>
         <wf lemma="da" pos="X">da</wf>
         <wf lemma=".." pos="X">..</wf>
         <wf lemma="man" pos="X">man</wf>
         <wf lemma="valgte" pos="X">valgte</wf>
         <wf lemma="denne" pos="X">denne</wf>
         <instance id="d000.s607.t000" lemma="fremgangsmåde" pos="NOUN">fremgangsmåde</instance>
         <wf lemma="i" pos="X">i</wf>
         <wf lemma="stedet" pos="X">stedet</wf>
         <wf lemma="for" pos="X">for</wf>
         <wf lemma="den" pos="X">den</wf>
         <wf lemma="sikrere" pos="X">sikrere</wf>
         <wf lemma="sænketunnel" pos="X">sænketunnel</wf>
         <wf lemma="." pos="X">.</wf>
      </sentence>
      <sentence id="d000.s608" source="wordnet-danish">
         <wf lemma="Politifolkene" pos="X">Politifolkene</wf>
         <wf lemma="anbragte" pos="X">anbragte</wf>
         <wf lemma="mig" pos="X">mig</wf>
         <wf lemma="under" pos="X">under</wf>
         <wf lemma="en" pos="X">en</wf>
         <wf lemma="500-watt" pos="X">500-watt</wf>
         <wf lemma="pære" pos="X">pære</wf>
         <wf lemma="og" pos="X">og</wf>
         <instance id="d000.s608.t000" lemma="udspørge" pos="VERB">udspurgte</instance>
         <wf lemma="mig" pos="X">mig</wf>
         <wf lemma="om" pos="X">om</wf>
         <wf lemma="alle" pos="X">alle</wf>
         <wf lemma="enkeltheder" pos="X">enkeltheder</wf>
         <wf lemma="i" pos="X">i</wf>
         <wf lemma="både" pos="X">både</wf>
         <wf lemma="mit" pos="X">mit</wf>
         <wf lemma="private" pos="X">private</wf>
         <wf lemma="og" pos="X">og</wf>
         <wf lemma="professionelle" pos="X">professionelle</wf>
         <wf lemma="liv" pos="X">liv</wf>
         <wf lemma="." pos="X">.</wf>
      </sentence>
      <sentence id="d000.s609" source="wordnet-danish">
         <wf lemma="Hvert" pos="X">Hvert</wf>
         <wf lemma="år" pos="X">år</wf>
         <wf lemma="afholdes" pos="X">afholdes</wf>
         <wf lemma="i" pos="X">i</wf>
         <wf lemma="marts" pos="X">marts</wf>
         <wf lemma="eller" pos="X">eller</wf>
         <wf lemma="april" pos="X">april</wf>
         <instance id="d000.s609.t000" lemma="måned" pos="NOUN">måned</instance>
         <wf lemma="ordinær" pos="X">ordinær</wf>
         <wf lemma="generalforsamling" pos="X">generalforsamling</wf>
         <wf lemma="." pos="X">.</wf>
      </sentence>
      <sentence id="d000.s610" source="wordnet-danish">
         <wf lemma="Vi" pos="X">Vi</wf>
         <wf lemma="sad" pos="X">sad</wf>
         <wf lemma="i" pos="X">i</wf>
         <wf lemma="Amandus'" pos="X">Amandus'</wf>
         <wf lemma="have" pos="X">have</wf>
         <wf lemma="," pos="X">,</wf>
         <wf lemma="hvor" pos="X">hvor</wf>
         <wf lemma="blomsterne" pos="X">blomsterne</wf>
         <wf lemma="glødede" pos="X">glødede</wf>
         <wf lemma="i" pos="X">i</wf>
         <wf lemma="solen" pos="X">solen</wf>
         <wf lemma="og" pos="X">og</wf>
         <wf lemma="ikke" pos="X">ikke</wf>
         <wf lemma="et" pos="X">et</wf>
         <instance id="d000.s610.t000" lemma="græsstrå" pos="NOUN">græsstrå</instance>
         <wf lemma="voksede" pos="X">voksede</wf>
         <wf lemma="skævt" pos="X">skævt</wf>
         <wf lemma="." pos="X">.</wf>
      </sentence>
      <sentence id="d000.s611" source="wordnet-danish">
         <wf lemma="Som" pos="X">Som</wf>
         <wf lemma="15-årig" pos="X">15-årig</wf>
         <wf lemma="kom" pos="X">kom</wf>
         <wf lemma="han" pos="X">han</wf>
         <wf lemma="i" pos="X">i</wf>
         <wf lemma="lære" pos="X">lære</wf>
         <wf lemma="som" pos="X">som</wf>
         <wf lemma="murer" pos="X">murer</wf>
         <wf lemma="hos" pos="X">hos</wf>
         <wf lemma="en" pos="X">en</wf>
         <instance id="d000.s611.t000" lemma="bekendt" pos="NOUN">bekendt</instance>
         <wf lemma="af" pos="X">af</wf>
         <wf lemma="forældrene" pos="X">forældrene</wf>
         <wf lemma="." pos="X">.</wf>
      </sentence>
      <sentence id="d000.s612" source="wordnet-danish">
         <wf lemma="Jeg" pos="X">Jeg</wf>
         <wf lemma="får" pos="X">får</wf>
         <wf lemma="stadig" pos="X">stadig</wf>
         <wf lemma="vanskeligere" pos="X">vanskeligere</wf>
         <wf lemma="ved" pos="X">ved</wf>
         <wf lemma="at" pos="X">at</wf>
         <wf lemma="orientere" pos="X">orientere</wf>
         <wf lemma="mig" pos="X">mig</wf>
         <wf lemma="i" pos="X">i</wf>
         <wf lemma="en" pos="X">en</wf>
         <instance id="d000.s612.t000" lemma="verden" pos="NOUN">verden</instance>
         <wf lemma="," pos="X">,</wf>
         <wf lemma="hvor" pos="X">hvor</wf>
         <wf lemma="alting" pos="X">alting</wf>
         <wf lemma="forandrer" pos="X">forandrer</wf>
         <wf lemma="sig" pos="X">sig</wf>
         <wf lemma="." pos="X">.</wf>
      </sentence>
      <sentence id="d000.s613" source="wordnet-danish">
         <wf lemma="Det" pos="X">Det</wf>
         <wf lemma="gav" pos="X">gav</wf>
         <wf lemma="et" pos="X">et</wf>
         <wf lemma="sæt" pos="X">sæt</wf>
         <wf lemma="i" pos="X">i</wf>
         <wf lemma="hende" pos="X">hende</wf>
         <wf lemma="," pos="X">,</wf>
         <wf lemma="som" pos="X">som</wf>
         <wf lemma="var" pos="X">var</wf>
         <wf lemma="hun" pos="X">hun</wf>
         <wf lemma="blevet" pos="X">blevet</wf>
         <wf lemma="ramt" pos="X">ramt</wf>
         <wf lemma="af" pos="X">af</wf>
         <wf lemma="et" pos="X">et</wf>
         <wf lemma="elektrisk" pos="X">elektrisk</wf>
         <instance id="d000.s613.t000" lemma="stød" pos="NOUN">stød</instance>
         <wf lemma="." pos="X">.</wf>
      </sentence>
      <sentence id="d000.s614" source="wordnet-danish">
         <wf lemma="Fundamenterne" pos="X">Fundamenterne</wf>
         <wf lemma="af" pos="X">af</wf>
         <wf lemma="Gaias" pos="X">Gaias</wf>
         <instance id="d000.s614.t000" lemma="tempel" pos="NOUN">tempel</instance>
         <wf lemma="er" pos="X">er</wf>
         <wf lemma="fundet" pos="X">fundet</wf>
         <wf lemma="syd" pos="X">syd</wf>
         <wf lemma="for" pos="X">for</wf>
         <wf lemma="Apollon-templet" pos="X">Apollon-templet</wf>
         <wf lemma="." pos="X">.</wf>
      </sentence>
      <sentence id="d000.s615" source="wordnet-danish">
         <wf lemma="Flyet" pos="X">Flyet</wf>
         <instance id="d000.s615.t000" lemma="lande" pos="VERB">landede</instance>
         <wf lemma="med" pos="X">med</wf>
         <wf lemma="alt" pos="X">alt</wf>
         <wf lemma="for" pos="X">for</wf>
         <wf lemma="stor" pos="X">stor</wf>
         <wf lemma="hastighed" pos="X">hastighed</wf>
         <wf lemma="." pos="X">.</wf>
      </sentence>
      <sentence id="d000.s616" source="wordnet-danish">
         <wf lemma="Jan" pos="X">Jan</wf>
         <wf lemma="har" pos="X">har</wf>
         <wf lemma="altid" pos="X">altid</wf>
         <wf lemma="været" pos="X">været</wf>
         <wf lemma="kendt" pos="X">kendt</wf>
         <wf lemma="for" pos="X">for</wf>
         <wf lemma="at" pos="X">at</wf>
         <wf lemma="være" pos="X">være</wf>
         <wf lemma="en" pos="X">en</wf>
         <wf lemma="stille" pos="X">stille</wf>
         <wf lemma="," pos="X">,</wf>
         <wf lemma="indelukket" pos="X">indelukket</wf>
         <wf lemma="og" pos="X">og</wf>
         <wf lemma="lidt" pos="X">lidt</wf>
         <instance id="d000.s616.t000" lemma="bedrøvet" pos="ADJ">bedrøvet</instance>
         <wf lemma="type" pos="X">type</wf>
         <wf lemma="." pos="X">.</wf>
      </sentence>
      <sentence id="d000.s617" source="wordnet-danish">
         <wf lemma="Sidste" pos="X">Sidste</wf>
         <wf lemma="år" pos="X">år</wf>
         <wf lemma="kom" pos="X">kom</wf>
         <wf lemma="frosten" pos="X">frosten</wf>
         <wf lemma="pludselig" pos="X">pludselig</wf>
         <wf lemma="," pos="X">,</wf>
         <wf lemma="så" pos="X">så</wf>
         <instance id="d000.s617.t000" lemma="stråle" pos="NOUN">strålerne</instance>
         <wf lemma="i" pos="X">i</wf>
         <wf lemma="springvandet" pos="X">springvandet</wf>
         <wf lemma="frøs" pos="X">frøs</wf>
         <wf lemma="til" pos="X">til</wf>
         <wf lemma="is." pos="X">is.</wf>
      </sentence>
      <sentence id="d000.s618" source="wordnet-danish">
         <wf lemma="Bogen" pos="X">Bogen</wf>
         <wf lemma="indeholdt" pos="X">indeholdt</wf>
         <wf lemma="et" pos="X">et</wf>
         <wf lemma="geodætisk" pos="X">geodætisk</wf>
         <instance id="d000.s618.t000" lemma="kort" pos="NOUN">kort</instance>
         <wf lemma="over" pos="X">over</wf>
         <wf lemma="Danmark" pos="X">Danmark</wf>
         <wf lemma=".." pos="X">..</wf>
         <wf lemma="og" pos="X">og</wf>
         <wf lemma="kort" pos="X">kort</wf>
         <wf lemma="over" pos="X">over</wf>
         <wf lemma="200" pos="X">200</wf>
         <wf lemma="danske" pos="X">danske</wf>
         <wf lemma="byer" pos="X">byer</wf>
         <wf lemma="." pos="X">.</wf>
      </sentence>
      <sentence id="d000.s619" source="wordnet-danish">
         <wf lemma="På" pos="X">På</wf>
         <wf lemma="et" pos="X">et</wf>
         <wf lemma="tidspunkt" pos="X">tidspunkt</wf>
         <wf lemma="overvejede" pos="X">overvejede</wf>
         <wf lemma="jeg" pos="X">jeg</wf>
         <wf lemma=".." pos="X">..</wf>
         <wf lemma="at" pos="X">at</wf>
         <instance id="d000.s619.t000" lemma="befri" pos="VERB">befri</instance>
         <wf lemma="cyklen" pos="X">cyklen</wf>
         <wf lemma="og" pos="X">og</wf>
         <wf lemma="mig" pos="X">mig</wf>
         <wf lemma="selv" pos="X">selv</wf>
         <wf lemma="for" pos="X">for</wf>
         <wf lemma="den" pos="X">den</wf>
         <wf lemma="tunge" pos="X">tunge</wf>
         <wf lemma="last" pos="X">last</wf>
         <wf lemma="af" pos="X">af</wf>
         <wf lemma="grøntsager" pos="X">grøntsager</wf>
         <wf lemma="." pos="X">.</wf>
      </sentence>
      <sentence id="d000.s620" source="wordnet-danish">
         <wf lemma="Børnepengene" pos="X">Børnepengene</wf>
         <wf lemma="kan" pos="X">kan</wf>
         <wf lemma="dække" pos="X">dække</wf>
         <wf lemma="udgifterne" pos="X">udgifterne</wf>
         <wf lemma="til" pos="X">til</wf>
         <wf lemma="tøj" pos="X">tøj</wf>
         <wf lemma="og" pos="X">og</wf>
         <wf lemma="andre" pos="X">andre</wf>
         <instance id="d000.s620.t000" lemma="nødvendighed" pos="NOUN">nødvendigheder</instance>
         <wf lemma="til" pos="X">til</wf>
         <wf lemma="barnet" pos="X">barnet</wf>
         <wf lemma="." pos="X">.</wf>
      </sentence>
      <sentence id="d000.s621" source="wordnet-danish">
         <wf lemma="DSB" pos="X">DSB</wf>
         <wf lemma="udgiver" pos="X">udgiver</wf>
         <wf lemma="to" pos="X">to</wf>
         <wf lemma="gange" pos="X">gange</wf>
         <wf lemma="årligt" pos="X">årligt</wf>
         <wf lemma="en" pos="X">en</wf>
         <instance id="d000.s621.t000" lemma="køreplan" pos="NOUN">køreplan</instance>
         <wf lemma="," pos="X">,</wf>
         <wf lemma="der" pos="X">der</wf>
         <wf lemma="på" pos="X">på</wf>
         <wf lemma="1100" pos="X">1100</wf>
         <wf lemma="sider" pos="X">sider</wf>
         <wf lemma="indeholder" pos="X">indeholder</wf>
         <wf lemma="de" pos="X">de</wf>
         <wf lemma="fleste" pos="X">fleste</wf>
         <wf lemma="af" pos="X">af</wf>
         <wf lemma="Danmarks" pos="X">Danmarks</wf>
         <wf lemma="rejseforbindelser" pos="X">rejseforbindelser</wf>
         <wf lemma="." pos="X">.</wf>
      </sentence>
      <sentence id="d000.s622" source="wordnet-danish">
         <wf lemma="En" pos="X">En</wf>
         <wf lemma="kattekilling" pos="X">kattekilling</wf>
         <wf lemma="er" pos="X">er</wf>
         <instance id="d000.s622.t000" lemma="blind" pos="ADJ">blind</instance>
         <wf lemma="," pos="X">,</wf>
         <wf lemma="når" pos="X">når</wf>
         <wf lemma="den" pos="X">den</wf>
         <wf lemma="kommer" pos="X">kommer</wf>
         <wf lemma="til" pos="X">til</wf>
         <wf lemma="verden" pos="X">verden</wf>
         <wf lemma="." pos="X">.</wf>
      </sentence>
      <sentence id="d000.s623" source="wordnet-danish">
         <wf lemma="At" pos="X">At</wf>
         <wf lemma="få" pos="X">få</wf>
         <wf lemma="et" pos="X">et</wf>
         <wf lemma="lille" pos="X">lille</wf>
         <wf lemma="nyt" pos="X">nyt</wf>
         <instance id="d000.s623.t000" lemma="menneske" pos="NOUN">menneske</instance>
         <wf lemma="i" pos="X">i</wf>
         <wf lemma="familien" pos="X">familien</wf>
         <wf lemma="kan" pos="X">kan</wf>
         <wf lemma="være" pos="X">være</wf>
         <wf lemma="temmelig" pos="X">temmelig</wf>
         <wf lemma="krævende" pos="X">krævende</wf>
         <wf lemma="." pos="X">.</wf>
      </sentence>
      <sentence id="d000.s624" source="wordnet-danish">
         <wf lemma="Han" pos="X">Han</wf>
         <wf lemma="skræmte" pos="X">skræmte</wf>
         <wf lemma="mig" pos="X">mig</wf>
         <wf lemma="med" pos="X">med</wf>
         <wf lemma="sin" pos="X">sin</wf>
         <wf lemma="høje" pos="X">høje</wf>
         <wf lemma="og" pos="X">og</wf>
         <instance id="d000.s624.t000" lemma="befale" pos="VERB">befalende</instance>
         <wf lemma="stemme" pos="X">stemme</wf>
         <wf lemma="." pos="X">.</wf>
      </sentence>
      <sentence id="d000.s625" source="wordnet-danish">
         <wf lemma="Min" pos="X">Min</wf>
         <wf lemma="far" pos="X">far</wf>
         <wf lemma="havde" pos="X">havde</wf>
         <wf lemma="en" pos="X">en</wf>
         <wf lemma="lille" pos="X">lille</wf>
         <instance id="d000.s625.t000" lemma="model" pos="NOUN">model</instance>
         <wf lemma="af" pos="X">af</wf>
         <wf lemma="satelitten" pos="X">satelitten</wf>
         <wf lemma="stående" pos="X">stående</wf>
         <wf lemma="på" pos="X">på</wf>
         <wf lemma="sin" pos="X">sin</wf>
         <wf lemma="bogreol" pos="X">bogreol</wf>
         <wf lemma="." pos="X">.</wf>
      </sentence>
      <sentence id="d000.s626" source="wordnet-danish">
         <wf lemma="For" pos="X">For</wf>
         <wf lemma="sine" pos="X">sine</wf>
         <wf lemma="studier" pos="X">studier</wf>
         <wf lemma="over" pos="X">over</wf>
         <wf lemma="fordøjelsens" pos="X">fordøjelsens</wf>
         <wf lemma="fysiologi" pos="X">fysiologi</wf>
         <wf lemma="modtog" pos="X">modtog</wf>
         <wf lemma="Pavlov" pos="X">Pavlov</wf>
         <wf lemma="en" pos="X">en</wf>
         <wf lemma="af" pos="X">af</wf>
         <wf lemma="de" pos="X">de</wf>
         <wf lemma="tidligste" pos="X">tidligste</wf>
         <wf lemma="Nobelpriser" pos="X">Nobelpriser</wf>
         <wf lemma="i" pos="X">i</wf>
         <instance id="d000.s626.t000" lemma="medicin" pos="NOUN">medicin</instance>
         <wf lemma="i" pos="X">i</wf>
         <wf lemma="1904" pos="X">1904</wf>
         <wf lemma="." pos="X">.</wf>
      </sentence>
      <sentence id="d000.s627" source="wordnet-danish">
         <wf lemma="Selv" pos="X">Selv</wf>
         <wf lemma="om" pos="X">om</wf>
         <instance id="d000.s627.t000" lemma="fisk" pos="NOUN">fisk</instance>
         <wf lemma="ikke" pos="X">ikke</wf>
         <wf lemma="har" pos="X">har</wf>
         <wf lemma="ører" pos="X">ører</wf>
         <wf lemma="som" pos="X">som</wf>
         <wf lemma="pattedyr" pos="X">pattedyr</wf>
         <wf lemma="," pos="X">,</wf>
         <wf lemma="kan" pos="X">kan</wf>
         <wf lemma="de" pos="X">de</wf>
         <wf lemma="alligevel" pos="X">alligevel</wf>
         <wf lemma="høre" pos="X">høre</wf>
         <wf lemma="med" pos="X">med</wf>
         <wf lemma="et" pos="X">et</wf>
         <wf lemma="indre" pos="X">indre</wf>
         <wf lemma="øre" pos="X">øre</wf>
         <wf lemma="." pos="X">.</wf>
      </sentence>
      <sentence id="d000.s628" source="wordnet-danish">
         <wf lemma="Appelsintræerne" pos="X">Appelsintræerne</wf>
         <instance id="d000.s628.t000" lemma="skyde" pos="VERB">skyder</instance>
         <wf lemma="ny" pos="X">ny</wf>
         <wf lemma="skud" pos="X">skud</wf>
         <wf lemma="," pos="X">,</wf>
         <wf lemma="og" pos="X">og</wf>
         <wf lemma="det" pos="X">det</wf>
         <wf lemma="ny" pos="X">ny</wf>
         <wf lemma="løv" pos="X">løv</wf>
         <wf lemma="er" pos="X">er</wf>
         <wf lemma="meget" pos="X">meget</wf>
         <wf lemma="lysere" pos="X">lysere</wf>
         <wf lemma="grønt" pos="X">grønt</wf>
         <wf lemma="end" pos="X">end</wf>
         <wf lemma="det" pos="X">det</wf>
         <wf lemma="gamle" pos="X">gamle</wf>
         <wf lemma="." pos="X">.</wf>
      </sentence>
      <sentence id="d000.s629" source="wordnet-danish">
         <wf lemma="hendes" pos="X">hendes</wf>
         <wf lemma="øjne" pos="X">øjne</wf>
         <wf lemma="strålede" pos="X">strålede</wf>
         <wf lemma="imod" pos="X">imod</wf>
         <wf lemma="ham" pos="X">ham</wf>
         <wf lemma="," pos="X">,</wf>
         <wf lemma="da" pos="X">da</wf>
         <wf lemma="hun" pos="X">hun</wf>
         <wf lemma="sagde" pos="X">sagde</wf>
         <wf lemma="den" pos="X">den</wf>
         <wf lemma="næste" pos="X">næste</wf>
         <instance id="d000.s629.t000" lemma="sætning" pos="NOUN">sætning</instance>
         <wf lemma=":" pos="X">:</wf>
         <wf lemma="-" pos="X">-</wf>
         <wf lemma="-" pos="X">-</wf>
         <wf lemma="Jeg" pos="X">Jeg</wf>
         <wf lemma="venter" pos="X">venter</wf>
         <wf lemma="en" pos="X">en</wf>
         <wf lemma="gæst" pos="X">gæst</wf>
         <wf lemma="." pos="X">.</wf>
      </sentence>
      <sentence id="d000.s630" source="wordnet-danish">
         <wf lemma="nu" pos="X">nu</wf>
         <wf lemma="går" pos="X">går</wf>
         <wf lemma="hallens" pos="X">hallens</wf>
         <wf lemma="bestyrelse" pos="X">bestyrelse</wf>
         <wf lemma="i" pos="X">i</wf>
         <wf lemma="gang" pos="X">gang</wf>
         <wf lemma="med" pos="X">med</wf>
         <wf lemma="at" pos="X">at</wf>
         <wf lemma="opstille" pos="X">opstille</wf>
         <wf lemma="et" pos="X">et</wf>
         <wf lemma="budget" pos="X">budget</wf>
         <wf lemma="i" pos="X">i</wf>
         <wf lemma="samarbejde" pos="X">samarbejde</wf>
         <wf lemma="med" pos="X">med</wf>
         <wf lemma="en" pos="X">en</wf>
         <instance id="d000.s630.t000" lemma="revisor" pos="NOUN">revisor</instance>
         <wf lemma="." pos="X">.</wf>
      </sentence>
      <sentence id="d000.s631" source="wordnet-danish">
         <wf lemma="Alle" pos="X">Alle</wf>
         <instance id="d000.s631.t000" lemma="ingrediens" pos="NOUN">ingredienserne</instance>
         <wf lemma="blandes" pos="X">blandes</wf>
         <wf lemma="i" pos="X">i</wf>
         <wf lemma="en" pos="X">en</wf>
         <wf lemma="gryde" pos="X">gryde</wf>
         <wf lemma="og" pos="X">og</wf>
         <wf lemma="bringes" pos="X">bringes</wf>
         <wf lemma="i" pos="X">i</wf>
         <wf lemma="kog." pos="X">kog.</wf>
      </sentence>
      <sentence id="d000.s632" source="wordnet-danish">
         <wf lemma="Boligminister" pos="X">Boligminister</wf>
         <wf lemma="Agnete" pos="X">Agnete</wf>
         <wf lemma="Laustsen" pos="X">Laustsen</wf>
         <wf lemma="var" pos="X">var</wf>
         <wf lemma="den" pos="X">den</wf>
         <wf lemma="eneste" pos="X">eneste</wf>
         <wf lemma="minister" pos="X">minister</wf>
         <wf lemma="," pos="X">,</wf>
         <wf lemma="der" pos="X">der</wf>
         <wf lemma="fik" pos="X">fik</wf>
         <wf lemma="en" pos="X">en</wf>
         <instance id="d000.s632.t000" lemma="fyreseddel" pos="NOUN">fyreseddel</instance>
         <wf lemma="fra" pos="X">fra</wf>
         <wf lemma="statsministeren" pos="X">statsministeren</wf>
         <wf lemma="." pos="X">.</wf>
      </sentence>
      <sentence id="d000.s633" source="wordnet-danish">
         <wf lemma="Der" pos="X">Der</wf>
         <wf lemma="var" pos="X">var</wf>
         <wf lemma="en" pos="X">en</wf>
         <wf lemma="sælsom" pos="X">sælsom</wf>
         <instance id="d000.s633.t000" lemma="modsigelse" pos="NOUN">modsigelse</instance>
         <wf lemma="i" pos="X">i</wf>
         <wf lemma="det" pos="X">det</wf>
         <wf lemma="menneskes" pos="X">menneskes</wf>
         <wf lemma="natur" pos="X">natur</wf>
         <wf lemma="," pos="X">,</wf>
         <wf lemma="som" pos="X">som</wf>
         <wf lemma="om" pos="X">om</wf>
         <wf lemma="natten" pos="X">natten</wf>
         <wf lemma="var" pos="X">var</wf>
         <wf lemma="blød" pos="X">blød</wf>
         <wf lemma="og" pos="X">og</wf>
         <wf lemma="svag" pos="X">svag</wf>
         <wf lemma="," pos="X">,</wf>
         <wf lemma="men" pos="X">men</wf>
         <wf lemma="om" pos="X">om</wf>
         <wf lemma="dagen" pos="X">dagen</wf>
         <wf lemma="blev" pos="X">blev</wf>
         <wf lemma="stejl" pos="X">stejl</wf>
         <wf lemma="og" pos="X">og</wf>
         <wf lemma="hård" pos="X">hård</wf>
         <wf lemma="." pos="X">.</wf>
      </sentence>
      <sentence id="d000.s634" source="wordnet-danish">
         <wf lemma="Tage" pos="X">Tage</wf>
         <wf lemma="Frandsen" pos="X">Frandsen</wf>
         <wf lemma="er" pos="X">er</wf>
         <wf lemma="skrap" pos="X">skrap</wf>
         <wf lemma="til" pos="X">til</wf>
         <wf lemma="at" pos="X">at</wf>
         <instance id="d000.s634.t000" lemma="ordne" pos="VERB">ordne</instance>
         <wf lemma="hår" pos="X">hår</wf>
         <wf lemma="og" pos="X">og</wf>
         <wf lemma="sætte" pos="X">sætte</wf>
         <wf lemma="fantastiske" pos="X">fantastiske</wf>
         <wf lemma="frisurer" pos="X">frisurer</wf>
         <wf lemma="på" pos="X">på</wf>
         <wf lemma="kendte" pos="X">kendte</wf>
         <wf lemma="som" pos="X">som</wf>
         <wf lemma="ukendte" pos="X">ukendte</wf>
         <wf lemma="hoveder" pos="X">hoveder</wf>
         <wf lemma="." pos="X">.</wf>
      </sentence>
      <sentence id="d000.s635" source="wordnet-danish">
         <wf lemma="jeg" pos="X">jeg</wf>
         <instance id="d000.s635.t000" lemma="træne" pos="VERB">træner</instance>
         <wf lemma="håndbold" pos="X">håndbold</wf>
         <wf lemma="to" pos="X">to</wf>
         <wf lemma="gange" pos="X">gange</wf>
         <wf lemma="om" pos="X">om</wf>
         <wf lemma="ugen" pos="X">ugen</wf>
         <wf lemma="." pos="X">.</wf>
      </sentence>
      <sentence id="d000.s636" source="wordnet-danish">
         <wf lemma="Det" pos="X">Det</wf>
         <wf lemma="traditionelle" pos="X">traditionelle</wf>
         <wf lemma="greb" pos="X">greb</wf>
         <wf lemma="om" pos="X">om</wf>
         <instance id="d000.s636.t000" lemma="mus" pos="NOUN">musen</instance>
         <wf lemma="betyder" pos="X">betyder</wf>
         <wf lemma="ofte" pos="X">ofte</wf>
         <wf lemma="," pos="X">,</wf>
         <wf lemma="at" pos="X">at</wf>
         <wf lemma="albuen" pos="X">albuen</wf>
         <wf lemma="tvinges" pos="X">tvinges</wf>
         <wf lemma="ud" pos="X">ud</wf>
         <wf lemma="fra" pos="X">fra</wf>
         <wf lemma="kroppen" pos="X">kroppen</wf>
         <wf lemma="i" pos="X">i</wf>
         <wf lemma="en" pos="X">en</wf>
         <wf lemma="unaturlig" pos="X">unaturlig</wf>
         <wf lemma="og" pos="X">og</wf>
         <wf lemma="anstrengende" pos="X">anstrengende</wf>
         <wf lemma="stilling" pos="X">stilling</wf>
         <wf lemma="." pos="X">.</wf>
      </sentence>
      <sentence id="d000.s637" source="wordnet-danish">
         <wf lemma="Projektet" pos="X">Projektet</wf>
         <wf lemma="er" pos="X">er</wf>
         <wf lemma="en" pos="X">en</wf>
         <instance id="d000.s637.t000" lemma="sund" pos="ADJ">sund</instance>
         <wf lemma="investering" pos="X">investering</wf>
         <wf lemma="," pos="X">,</wf>
         <wf lemma="der" pos="X">der</wf>
         <wf lemma="på" pos="X">på</wf>
         <wf lemma="langt" pos="X">langt</wf>
         <wf lemma="sigt" pos="X">sigt</wf>
         <wf lemma="vil" pos="X">vil</wf>
         <wf lemma="give" pos="X">give</wf>
         <wf lemma="overskud" pos="X">overskud</wf>
         <wf lemma="." pos="X">.</wf>
      </sentence>
      <sentence id="d000.s638" source="wordnet-danish">
         <wf lemma="Middelalderens" pos="X">Middelalderens</wf>
         <wf lemma="store" pos="X">store</wf>
         <wf lemma="fortælling" pos="X">fortælling</wf>
         <wf lemma="bar" pos="X">bar</wf>
         <wf lemma="på" pos="X">på</wf>
         <wf lemma="sandheden" pos="X">sandheden</wf>
         <wf lemma="om" pos="X">om</wf>
         <wf lemma="slægten" pos="X">slægten</wf>
         <wf lemma="," pos="X">,</wf>
         <instance id="d000.s638.t000" lemma="tradition" pos="NOUN">traditionen</instance>
         <wf lemma="og" pos="X">og</wf>
         <wf lemma="Gud." pos="X">Gud.</wf>
      </sentence>
      <sentence id="d000.s639" source="wordnet-danish">
         <wf lemma="Det" pos="X">Det</wf>
         <wf lemma="er" pos="X">er</wf>
         <wf lemma="en" pos="X">en</wf>
         <instance id="d000.s639.t000" lemma="fejltagelse" pos="NOUN">fejltagelse</instance>
         <wf lemma="at" pos="X">at</wf>
         <wf lemma="tro" pos="X">tro</wf>
         <wf lemma="," pos="X">,</wf>
         <wf lemma="at" pos="X">at</wf>
         <wf lemma="et" pos="X">et</wf>
         <wf lemma="galleri" pos="X">galleri</wf>
         <wf lemma="eller" pos="X">eller</wf>
         <wf lemma="en" pos="X">en</wf>
         <wf lemma="kunsthandler" pos="X">kunsthandler</wf>
         <wf lemma="kan" pos="X">kan</wf>
         <wf lemma="skabe" pos="X">skabe</wf>
         <wf lemma="en" pos="X">en</wf>
         <wf lemma="kunstner" pos="X">kunstner</wf>
         <wf lemma="." pos="X">.</wf>
      </sentence>
      <sentence id="d000.s640" source="wordnet-danish">
         <wf lemma="Loven" pos="X">Loven</wf>
         <wf lemma="blev" pos="X">blev</wf>
         <wf lemma="vedtaget" pos="X">vedtaget</wf>
         <wf lemma="med" pos="X">med</wf>
         <wf lemma="visse" pos="X">visse</wf>
         <wf lemma="ændringer" pos="X">ændringer</wf>
         <wf lemma="i" pos="X">i</wf>
         <wf lemma="forhold" pos="X">forhold</wf>
         <wf lemma="til" pos="X">til</wf>
         <wf lemma="den" pos="X">den</wf>
         <wf lemma="oprindelige" pos="X">oprindelige</wf>
         <instance id="d000.s640.t000" lemma="ordlyd" pos="NOUN">ordlyd</instance>
         <wf lemma="." pos="X">.</wf>
      </sentence>
      <sentence id="d000.s641" source="wordnet-danish">
         <wf lemma="Smerter" pos="X">Smerter</wf>
         <wf lemma="i" pos="X">i</wf>
         <instance id="d000.s641.t000" lemma="tand" pos="NOUN">tænderne</instance>
         <wf lemma="skyldes" pos="X">skyldes</wf>
         <wf lemma="næsten" pos="X">næsten</wf>
         <wf lemma="altid" pos="X">altid</wf>
         <wf lemma="huller" pos="X">huller</wf>
         <wf lemma="i" pos="X">i</wf>
         <wf lemma="tændernes" pos="X">tændernes</wf>
         <wf lemma="beskyttende" pos="X">beskyttende</wf>
         <wf lemma="emaljelag" pos="X">emaljelag</wf>
         <wf lemma="." pos="X">.</wf>
      </sentence>
      <sentence id="d000.s642" source="wordnet-danish">
         <wf lemma="Hvis" pos="X">Hvis</wf>
         <wf lemma="du" pos="X">du</wf>
         <wf lemma="går" pos="X">går</wf>
         <wf lemma="skråt" pos="X">skråt</wf>
         <wf lemma="over" pos="X">over</wf>
         <wf lemma="gaden" pos="X">gaden</wf>
         <wf lemma="," pos="X">,</wf>
         <wf lemma="er" pos="X">er</wf>
         <wf lemma="der" pos="X">der</wf>
         <instance id="d000.s642.t000" lemma="chance" pos="NOUN">chance</instance>
         <wf lemma="for" pos="X">for</wf>
         <wf lemma="du" pos="X">du</wf>
         <wf lemma="bliver" pos="X">bliver</wf>
         <wf lemma="kørt" pos="X">kørt</wf>
         <wf lemma="over" pos="X">over</wf>
         <wf lemma="." pos="X">.</wf>
      </sentence>
      <sentence id="d000.s643" source="wordnet-danish">
         <wf lemma="Udenfor" pos="X">Udenfor</wf>
         <instance id="d000.s643.t000" lemma="knække" pos="VERB">knækkede</instance>
         <wf lemma="en" pos="X">en</wf>
         <wf lemma="gren" pos="X">gren</wf>
         <wf lemma="," pos="X">,</wf>
         <wf lemma="rev" pos="X">rev</wf>
         <wf lemma="nogle" pos="X">nogle</wf>
         <wf lemma="planter" pos="X">planter</wf>
         <wf lemma="med" pos="X">med</wf>
         <wf lemma="sig" pos="X">sig</wf>
         <wf lemma="og" pos="X">og</wf>
         <wf lemma="styrtede" pos="X">styrtede</wf>
         <wf lemma="tungt" pos="X">tungt</wf>
         <wf lemma="til" pos="X">til</wf>
         <wf lemma="jorden" pos="X">jorden</wf>
         <wf lemma="." pos="X">.</wf>
      </sentence>
      <sentence id="d000.s644" source="wordnet-danish">
         <wf lemma="Hun" pos="X">Hun</wf>
         <wf lemma="truede" pos="X">truede</wf>
         <wf lemma="børnene" pos="X">børnene</wf>
         <wf lemma="med" pos="X">med</wf>
         <wf lemma="sin" pos="X">sin</wf>
         <wf lemma="stok" pos="X">stok</wf>
         <wf lemma="," pos="X">,</wf>
         <wf lemma="men" pos="X">men</wf>
         <wf lemma="de" pos="X">de</wf>
         <instance id="d000.s644.t000" lemma="le" pos="VERB">lo</instance>
         <wf lemma="bare" pos="X">bare</wf>
         <wf lemma="ad" pos="X">ad</wf>
         <wf lemma="hende" pos="X">hende</wf>
         <wf lemma="." pos="X">.</wf>
      </sentence>
      <sentence id="d000.s645" source="wordnet-danish">
         <wf lemma="Et" pos="X">Et</wf>
         <wf lemma="beroligende" pos="X">beroligende</wf>
         <wf lemma="middel" pos="X">middel</wf>
         <instance id="d000.s645.t000" lemma="sprøjte" pos="VERB">sprøjtes</instance>
         <wf lemma="ind" pos="X">ind</wf>
         <wf lemma="i" pos="X">i</wf>
         <wf lemma="en" pos="X">en</wf>
         <wf lemma="blodåre" pos="X">blodåre</wf>
         <wf lemma="og" pos="X">og</wf>
         <wf lemma="du" pos="X">du</wf>
         <wf lemma="døser" pos="X">døser</wf>
         <wf lemma="let" pos="X">let</wf>
         <wf lemma="de" pos="X">de</wf>
         <wf lemma="15" pos="X">15</wf>
         <wf lemma="til" pos="X">til</wf>
         <wf lemma="30" pos="X">30</wf>
         <wf lemma="minutter" pos="X">minutter</wf>
         <wf lemma="," pos="X">,</wf>
         <wf lemma="undersøgelsen" pos="X">undersøgelsen</wf>
         <wf lemma="varer" pos="X">varer</wf>
         <wf lemma="." pos="X">.</wf>
      </sentence>
      <sentence id="d000.s646" source="wordnet-danish">
         <wf lemma="[jeg" pos="X">[jeg</wf>
         <wf lemma="skal]" pos="X">skal]</wf>
         <wf lemma="have" pos="X">have</wf>
         <wf lemma="et" pos="X">et</wf>
         <wf lemma="stort" pos="X">stort</wf>
         <instance id="d000.s646.t000" lemma="skrivebord" pos="NOUN">skrivebord</instance>
         <wf lemma="," pos="X">,</wf>
         <wf lemma="hvor" pos="X">hvor</wf>
         <wf lemma="jeg" pos="X">jeg</wf>
         <wf lemma="kan" pos="X">kan</wf>
         <wf lemma="lave" pos="X">lave</wf>
         <wf lemma="lektier" pos="X">lektier</wf>
         <wf lemma="," pos="X">,</wf>
         <wf lemma="tegne" pos="X">tegne</wf>
         <wf lemma="og" pos="X">og</wf>
         <wf lemma="sidde" pos="X">sidde</wf>
         <wf lemma="med" pos="X">med</wf>
         <wf lemma="mine" pos="X">mine</wf>
         <wf lemma="byggesæt" pos="X">byggesæt</wf>
         <wf lemma="." pos="X">.</wf>
      </sentence>
      <sentence id="d000.s647" source="wordnet-danish">
         <instance id="d000.s647.t000" lemma="prioritetslån" pos="NOUN">Prioritetslån</instance>
         <wf lemma="ydes" pos="X">ydes</wf>
         <wf lemma="kun" pos="X">kun</wf>
         <wf lemma="til" pos="X">til</wf>
         <wf lemma="følgende" pos="X">følgende</wf>
         <wf lemma="formål" pos="X">formål</wf>
         <wf lemma=":" pos="X">:</wf>
         <wf lemma="Nybyggeri" pos="X">Nybyggeri</wf>
         <wf lemma="," pos="X">,</wf>
         <wf lemma="ejerskifte" pos="X">ejerskifte</wf>
         <wf lemma="," pos="X">,</wf>
         <wf lemma="om-" pos="X">om-</wf>
         <wf lemma="og" pos="X">og</wf>
         <wf lemma="tilbygning" pos="X">tilbygning</wf>
         <wf lemma="," pos="X">,</wf>
         <wf lemma="istandsættelse" pos="X">istandsættelse</wf>
         <wf lemma="og" pos="X">og</wf>
         <wf lemma="modernisering" pos="X">modernisering</wf>
         <wf lemma="samt" pos="X">samt</wf>
         <wf lemma="til" pos="X">til</wf>
         <wf lemma="indfrielse" pos="X">indfrielse</wf>
         <wf lemma="af" pos="X">af</wf>
         <wf lemma="forfaldne" pos="X">forfaldne</wf>
         <wf lemma="prioritetslån" pos="X">prioritetslån</wf>
         <wf lemma="." pos="X">.</wf>
      </sentence>
      <sentence id="d000.s648" source="wordnet-danish">
         <wf lemma="En" pos="X">En</wf>
         <wf lemma="lille" pos="X">lille</wf>
         <instance id="d000.s648.t000" lemma="brun" pos="ADJ">brun</instance>
         <wf lemma="hest" pos="X">hest</wf>
         <wf lemma="rejser" pos="X">rejser</wf>
         <wf lemma="sig" pos="X">sig</wf>
         <wf lemma="og" pos="X">og</wf>
         <wf lemma="begynder" pos="X">begynder</wf>
         <wf lemma="at" pos="X">at</wf>
         <wf lemma="græsse" pos="X">græsse</wf>
         <wf lemma="." pos="X">.</wf>
      </sentence>
      <sentence id="d000.s649" source="wordnet-danish">
         <wf lemma="[Medisteren" pos="X">[Medisteren</wf>
         <wf lemma="]" pos="X">]</wf>
         <wf lemma="fik" pos="X">fik</wf>
         <wf lemma="smagskarakteren" pos="X">smagskarakteren</wf>
         <wf lemma="3,5" pos="X">3,5</wf>
         <wf lemma="på" pos="X">på</wf>
         <wf lemma="skalaen" pos="X">skalaen</wf>
         <wf lemma="fra" pos="X">fra</wf>
         <wf lemma="1" pos="X">1</wf>
         <wf lemma="(" pos="X">(</wf>
         <wf lemma="uacceptabel" pos="X">uacceptabel</wf>
         <wf lemma=")" pos="X">)</wf>
         <wf lemma="over" pos="X">over</wf>
         <wf lemma="3" pos="X">3</wf>
         <wf lemma="(" pos="X">(</wf>
         <instance id="d000.s649.t000" lemma="acceptabel" pos="ADJ">acceptabel</instance>
         <wf lemma=")" pos="X">)</wf>
         <wf lemma="til" pos="X">til</wf>
         <wf lemma="5" pos="X">5</wf>
         <wf lemma="(" pos="X">(</wf>
         <wf lemma="udmærket" pos="X">udmærket</wf>
         <wf lemma=")" pos="X">)</wf>
         <wf lemma="." pos="X">.</wf>
      </sentence>
      <sentence id="d000.s650" source="wordnet-danish">
         <wf lemma="jeg" pos="X">jeg</wf>
         <wf lemma="så" pos="X">så</wf>
         <wf lemma="de" pos="X">de</wf>
         <wf lemma="små" pos="X">små</wf>
         <wf lemma="japanske" pos="X">japanske</wf>
         <wf lemma="sygeplejersker" pos="X">sygeplejersker</wf>
         <instance id="d000.s650.t000" lemma="barbere" pos="VERB">barbere</instance>
         <wf lemma="ham" pos="X">ham</wf>
         <wf lemma="med" pos="X">med</wf>
         <wf lemma="noget" pos="X">noget</wf>
         <wf lemma="mystisk" pos="X">mystisk</wf>
         <wf lemma="sæbe" pos="X">sæbe</wf>
         <wf lemma="og" pos="X">og</wf>
         <wf lemma="en" pos="X">en</wf>
         <wf lemma="gammel" pos="X">gammel</wf>
         <wf lemma="rusten" pos="X">rusten</wf>
         <wf lemma="skraber" pos="X">skraber</wf>
         <wf lemma="." pos="X">.</wf>
      </sentence>
      <sentence id="d000.s651" source="wordnet-danish">
         <wf lemma="Det" pos="X">Det</wf>
         <wf lemma="ultratynde" pos="X">ultratynde</wf>
         <wf lemma="skæreblad" pos="X">skæreblad</wf>
         <wf lemma="på" pos="X">på</wf>
         <wf lemma="Braun" pos="X">Braun</wf>
         <wf lemma="micron" pos="X">micron</wf>
         <wf lemma="2000" pos="X">2000</wf>
         <wf lemma="er" pos="X">er</wf>
         <wf lemma="blødt" pos="X">blødt</wf>
         <wf lemma="og" pos="X">og</wf>
         <instance id="d000.s651.t000" lemma="fleksibel" pos="ADJ">fleksibelt</instance>
         <wf lemma="." pos="X">.</wf>
      </sentence>
      <sentence id="d000.s652" source="wordnet-danish">
         <wf lemma="Som" pos="X">Som</wf>
         <wf lemma="dansk" pos="X">dansk</wf>
         <instance id="d000.s652.t000" lemma="mester" pos="NOUN">mester</instance>
         <wf lemma="er" pos="X">er</wf>
         <wf lemma="Camilla" pos="X">Camilla</wf>
         <wf lemma="[" pos="X">[</wf>
         <wf lemma="Martin" pos="X">Martin</wf>
         <wf lemma="]" pos="X">]</wf>
         <wf lemma="et" pos="X">et</wf>
         <wf lemma="af" pos="X">af</wf>
         <wf lemma="Danmarks" pos="X">Danmarks</wf>
         <wf lemma="store" pos="X">store</wf>
         <wf lemma="håb" pos="X">håb</wf>
         <wf lemma="på" pos="X">på</wf>
         <wf lemma="den" pos="X">den</wf>
         <wf lemma="internationale" pos="X">internationale</wf>
         <wf lemma="badmintonscene" pos="X">badmintonscene</wf>
         <wf lemma="." pos="X">.</wf>
      </sentence>
      <sentence id="d000.s653" source="wordnet-danish">
         <instance id="d000.s653.t000" lemma="økonomi" pos="NOUN">Økonomien</instance>
         <wf lemma="er" pos="X">er</wf>
         <wf lemma="baseret" pos="X">baseret</wf>
         <wf lemma="på" pos="X">på</wf>
         <wf lemma="landbrug" pos="X">landbrug</wf>
         <wf lemma="og" pos="X">og</wf>
         <wf lemma="minedrift" pos="X">minedrift</wf>
         <wf lemma="." pos="X">.</wf>
      </sentence>
      <sentence id="d000.s654" source="wordnet-danish">
         <wf lemma="Ælt" pos="X">Ælt</wf>
         <wf lemma="bolsjeklumpen" pos="X">bolsjeklumpen</wf>
         <wf lemma="med" pos="X">med</wf>
         <wf lemma="skeerne" pos="X">skeerne</wf>
         <wf lemma="." pos="X">.</wf>
         <wf lemma="Når" pos="X">Når</wf>
         <wf lemma="massen" pos="X">massen</wf>
         <wf lemma="ikke" pos="X">ikke</wf>
         <wf lemma="længere" pos="X">længere</wf>
         <wf lemma="er" pos="X">er</wf>
         <wf lemma="for" pos="X">for</wf>
         <wf lemma="varm" pos="X">varm</wf>
         <wf lemma="," pos="X">,</wf>
         <instance id="d000.s654.t000" lemma="ælte" pos="VERB">æltes</instance>
         <wf lemma="den" pos="X">den</wf>
         <wf lemma="igennem" pos="X">igennem</wf>
         <wf lemma="med" pos="X">med</wf>
         <wf lemma="hænderne" pos="X">hænderne</wf>
         <wf lemma="og" pos="X">og</wf>
         <wf lemma="rulles" pos="X">rulles</wf>
         <wf lemma="til" pos="X">til</wf>
         <wf lemma="en" pos="X">en</wf>
         <wf lemma="rund" pos="X">rund</wf>
         <wf lemma="stang" pos="X">stang</wf>
         <wf lemma="." pos="X">.</wf>
      </sentence>
      <sentence id="d000.s655" source="wordnet-danish">
         <wf lemma="ejendommen" pos="X">ejendommen</wf>
         <wf lemma="[vil" pos="X">[vil</wf>
         <wf lemma="ikke]" pos="X">ikke]</wf>
         <wf lemma="blive" pos="X">blive</wf>
         <wf lemma="fraflyttet" pos="X">fraflyttet</wf>
         <wf lemma="," pos="X">,</wf>
         <wf lemma="da" pos="X">da</wf>
         <instance id="d000.s655.t000" lemma="opsigelse" pos="NOUN">opsigelsen</instance>
         <wf lemma="ikke" pos="X">ikke</wf>
         <wf lemma="er" pos="X">er</wf>
         <wf lemma="gyldig" pos="X">gyldig</wf>
         <wf lemma="i" pos="X">i</wf>
         <wf lemma="henhold" pos="X">henhold</wf>
         <wf lemma="til" pos="X">til</wf>
         <wf lemma="Lejelovens" pos="X">Lejelovens</wf>
         <wf lemma="§" pos="X">§</wf>
         <wf lemma="83." pos="X">83.</wf>
      </sentence>
      <sentence id="d000.s656" source="wordnet-danish">
         <wf lemma="en" pos="X">en</wf>
         <wf lemma="smålig" pos="X">smålig</wf>
         <wf lemma="nabo" pos="X">nabo</wf>
         <wf lemma="forsøger" pos="X">forsøger</wf>
         <wf lemma="at" pos="X">at</wf>
         <instance id="d000.s656.t000" lemma="presse" pos="VERB">presse</instance>
         <wf lemma="lidt" pos="X">lidt</wf>
         <wf lemma="penge" pos="X">penge</wf>
         <wf lemma="ud" pos="X">ud</wf>
         <wf lemma="af" pos="X">af</wf>
         <wf lemma="hans" pos="X">hans</wf>
         <wf lemma="situation" pos="X">situation</wf>
         <wf lemma="." pos="X">.</wf>
      </sentence>
      <sentence id="d000.s657" source="wordnet-danish">
         <wf lemma="Claes" pos="X">Claes</wf>
         <wf lemma="blev" pos="X">blev</wf>
         <instance id="d000.s657.t000" lemma="overføre" pos="VERB">overført</instance>
         <wf lemma="til" pos="X">til</wf>
         <wf lemma="intensiv" pos="X">intensiv</wf>
         <wf lemma="afdeling" pos="X">afdeling</wf>
         <wf lemma="." pos="X">.</wf>
      </sentence>
      <sentence id="d000.s658" source="wordnet-danish">
         <wf lemma="Gennem" pos="X">Gennem</wf>
         <wf lemma="en" pos="X">en</wf>
         <wf lemma="langvarig" pos="X">langvarig</wf>
         <instance id="d000.s658.t000" lemma="terapi" pos="NOUN">terapi</instance>
         <wf lemma="kan" pos="X">kan</wf>
         <wf lemma="man" pos="X">man</wf>
         <wf lemma=".." pos="X">..</wf>
         <wf lemma="ændre" pos="X">ændre</wf>
         <wf lemma="et" pos="X">et</wf>
         <wf lemma="menneskes" pos="X">menneskes</wf>
         <wf lemma="personlighed" pos="X">personlighed</wf>
         <wf lemma="gennemgribende" pos="X">gennemgribende</wf>
         <wf lemma="." pos="X">.</wf>
      </sentence>
      <sentence id="d000.s659" source="wordnet-danish">
         <wf lemma="Levnedsmiddelkontrollen" pos="X">Levnedsmiddelkontrollen</wf>
         <wf lemma="blev" pos="X">blev</wf>
         <wf lemma="alarmeret" pos="X">alarmeret</wf>
         <wf lemma="," pos="X">,</wf>
         <wf lemma="da" pos="X">da</wf>
         <wf lemma="de" pos="X">de</wf>
         <instance id="d000.s659.t000" lemma="dårlig" pos="ADJ">dårlige</instance>
         <wf lemma="champignoner" pos="X">champignoner</wf>
         <wf lemma=".." pos="X">..</wf>
         <wf lemma="pludselig" pos="X">pludselig</wf>
         <wf lemma="begyndte" pos="X">begyndte</wf>
         <wf lemma="at" pos="X">at</wf>
         <wf lemma="svulme" pos="X">svulme</wf>
         <wf lemma="op" pos="X">op</wf>
         <wf lemma="og" pos="X">og</wf>
         <wf lemma="lugte" pos="X">lugte</wf>
         <wf lemma="på" pos="X">på</wf>
         <wf lemma="grund" pos="X">grund</wf>
         <wf lemma="af" pos="X">af</wf>
         <wf lemma="den" pos="X">den</wf>
         <wf lemma="voldsomme" pos="X">voldsomme</wf>
         <wf lemma="bakterieudvikling" pos="X">bakterieudvikling</wf>
         <wf lemma="." pos="X">.</wf>
      </sentence>
      <sentence id="d000.s660" source="wordnet-danish">
         <wf lemma="man" pos="X">man</wf>
         <wf lemma="får" pos="X">får</wf>
         <wf lemma="200" pos="X">200</wf>
         <wf lemma="kr." pos="X">kr.</wf>
         <wf lemma="i" pos="X">i</wf>
         <instance id="d000.s660.t000" lemma="rabat" pos="NOUN">rabat</instance>
         <wf lemma="," pos="X">,</wf>
         <wf lemma="hvis" pos="X">hvis</wf>
         <wf lemma="man" pos="X">man</wf>
         <wf lemma="køber" pos="X">køber</wf>
         <wf lemma="ferierejsen" pos="X">ferierejsen</wf>
         <wf lemma="inden" pos="X">inden</wf>
         <wf lemma="1." pos="X">1.</wf>
         <wf lemma="marts." pos="X">marts.</wf>
      </sentence>
      <sentence id="d000.s661" source="wordnet-danish">
         <wf lemma="Vi" pos="X">Vi</wf>
         <wf lemma="mistede" pos="X">mistede</wf>
         <wf lemma="desværre" pos="X">desværre</wf>
         <wf lemma="to" pos="X">to</wf>
         <wf lemma="mandater" pos="X">mandater</wf>
         <wf lemma="ved" pos="X">ved</wf>
         <wf lemma="byrådsvalget" pos="X">byrådsvalget</wf>
         <wf lemma="," pos="X">,</wf>
         <wf lemma="men" pos="X">men</wf>
         <wf lemma="vi" pos="X">vi</wf>
         <wf lemma="er" pos="X">er</wf>
         <wf lemma="stadig" pos="X">stadig</wf>
         <wf lemma="det" pos="X">det</wf>
         <wf lemma="næststørste" pos="X">næststørste</wf>
         <instance id="d000.s661.t000" lemma="parti" pos="NOUN">parti</instance>
         <wf lemma="i" pos="X">i</wf>
         <wf lemma="byrådet" pos="X">byrådet</wf>
         <wf lemma="." pos="X">.</wf>
      </sentence>
      <sentence id="d000.s662" source="wordnet-danish">
         <instance id="d000.s662.t000" lemma="bly" pos="NOUN">Bly</instance>
         <wf lemma="findes" pos="X">findes</wf>
         <wf lemma="ikke" pos="X">ikke</wf>
         <wf lemma="naturligt" pos="X">naturligt</wf>
         <wf lemma="i" pos="X">i</wf>
         <wf lemma="benzin" pos="X">benzin</wf>
         <wf lemma="," pos="X">,</wf>
         <wf lemma="men" pos="X">men</wf>
         <wf lemma="tilsættes" pos="X">tilsættes</wf>
         <wf lemma="for" pos="X">for</wf>
         <wf lemma="at" pos="X">at</wf>
         <wf lemma="hæve" pos="X">hæve</wf>
         <wf lemma="oktantallet" pos="X">oktantallet</wf>
         <wf lemma="." pos="X">.</wf>
      </sentence>
      <sentence id="d000.s663" source="wordnet-danish">
         <wf lemma="Der" pos="X">Der</wf>
         <wf lemma="var" pos="X">var</wf>
         <wf lemma="ikke" pos="X">ikke</wf>
         <wf lemma="det" pos="X">det</wf>
         <wf lemma="mindste" pos="X">mindste</wf>
         <wf lemma="at" pos="X">at</wf>
         <wf lemma="høre" pos="X">høre</wf>
         <wf lemma="," pos="X">,</wf>
         <wf lemma="syntes" pos="X">syntes</wf>
         <wf lemma="han" pos="X">han</wf>
         <wf lemma="," pos="X">,</wf>
         <wf lemma="ingen" pos="X">ingen</wf>
         <wf lemma="der" pos="X">der</wf>
         <instance id="d000.s663.t000" lemma="banke" pos="VERB">bankede</instance>
         <wf lemma="eller" pos="X">eller</wf>
         <wf lemma="ruskede" pos="X">ruskede</wf>
         <wf lemma="for" pos="X">for</wf>
         <wf lemma="at" pos="X">at</wf>
         <wf lemma="komme" pos="X">komme</wf>
         <wf lemma="ind" pos="X">ind</wf>
         <wf lemma="." pos="X">.</wf>
      </sentence>
      <sentence id="d000.s664" source="wordnet-danish">
         <wf lemma="Vi" pos="X">Vi</wf>
         <wf lemma="ser" pos="X">ser</wf>
         <wf lemma="gerne" pos="X">gerne</wf>
         <wf lemma="," pos="X">,</wf>
         <wf lemma="at" pos="X">at</wf>
         <wf lemma="arbejdet" pos="X">arbejdet</wf>
         <wf lemma="afsluttes" pos="X">afsluttes</wf>
         <wf lemma="inden" pos="X">inden</wf>
         <wf lemma="for" pos="X">for</wf>
         <wf lemma="et" pos="X">et</wf>
         <wf lemma="års" pos="X">års</wf>
         <wf lemma="tid" pos="X">tid</wf>
         <wf lemma="." pos="X">.</wf>
         <wf lemma="Men" pos="X">Men</wf>
         <wf lemma="på" pos="X">på</wf>
         <wf lemma="nuværende" pos="X">nuværende</wf>
         <wf lemma="tidspunkt" pos="X">tidspunkt</wf>
         <wf lemma="kan" pos="X">kan</wf>
         <wf lemma="vi" pos="X">vi</wf>
         <wf lemma="ikke" pos="X">ikke</wf>
         <wf lemma="fastsætte" pos="X">fastsætte</wf>
         <wf lemma="nogen" pos="X">nogen</wf>
         <wf lemma="bestemt" pos="X">bestemt</wf>
         <instance id="d000.s664.t000" lemma="dato" pos="NOUN">dato</instance>
         <wf lemma="." pos="X">.</wf>
      </sentence>
      <sentence id="d000.s665" source="wordnet-danish">
         <wf lemma="Faderen" pos="X">Faderen</wf>
         <wf lemma="havde" pos="X">havde</wf>
         <wf lemma="altid" pos="X">altid</wf>
         <wf lemma="haft" pos="X">haft</wf>
         <wf lemma="en" pos="X">en</wf>
         <wf lemma="god" pos="X">god</wf>
         <instance id="d000.s665.t000" lemma="appetit" pos="NOUN">appetit</instance>
         <wf lemma="og" pos="X">og</wf>
         <wf lemma="spiste" pos="X">spiste</wf>
         <wf lemma="," pos="X">,</wf>
         <wf lemma="hvad" pos="X">hvad</wf>
         <wf lemma="der" pos="X">der</wf>
         <wf lemma="blev" pos="X">blev</wf>
         <wf lemma="sat" pos="X">sat</wf>
         <wf lemma="foran" pos="X">foran</wf>
         <wf lemma="ham" pos="X">ham</wf>
         <wf lemma="." pos="X">.</wf>
      </sentence>
      <sentence id="d000.s666" source="wordnet-danish">
         <wf lemma="'Far" pos="X">'Far</wf>
         <wf lemma="skal" pos="X">skal</wf>
         <wf lemma="bruge" pos="X">bruge</wf>
         <wf lemma="sin" pos="X">sin</wf>
         <wf lemma="boremaskine" pos="X">boremaskine</wf>
         <wf lemma="," pos="X">,</wf>
         <wf lemma="har" pos="X">har</wf>
         <wf lemma="du" pos="X">du</wf>
         <instance id="d000.s666.t000" lemma="låne" pos="VERB">lånt</instance>
         <wf lemma="den" pos="X">den</wf>
         <wf lemma="ud" pos="X">ud</wf>
         <wf lemma="?'." pos="X">?'.</wf>
      </sentence>
      <sentence id="d000.s667" source="wordnet-danish">
         <wf lemma="kun" pos="X">kun</wf>
         <wf lemma="få" pos="X">få</wf>
         <wf lemma="kvinder" pos="X">kvinder</wf>
         <wf lemma=".." pos="X">..</wf>
         <wf lemma="har" pos="X">har</wf>
         <wf lemma="klaret" pos="X">klaret</wf>
         <wf lemma="de" pos="X">de</wf>
         <wf lemma="skrappe" pos="X">skrappe</wf>
         <wf lemma="prøver" pos="X">prøver</wf>
         <wf lemma="før" pos="X">før</wf>
         <wf lemma="optagelsen" pos="X">optagelsen</wf>
         <wf lemma="som" pos="X">som</wf>
         <instance id="d000.s667.t000" lemma="brandmand" pos="NOUN">brandmand</instance>
         <wf lemma="m/k" pos="X">m/k</wf>
         <wf lemma="." pos="X">.</wf>
      </sentence>
      <sentence id="d000.s668" source="wordnet-danish">
         <wf lemma="Jeg" pos="X">Jeg</wf>
         <wf lemma="elsker" pos="X">elsker</wf>
         <wf lemma="nutiden" pos="X">nutiden</wf>
         <wf lemma="," pos="X">,</wf>
         <wf lemma="men" pos="X">men</wf>
         <wf lemma="jeg" pos="X">jeg</wf>
         <wf lemma="lader" pos="X">lader</wf>
         <wf lemma="mig" pos="X">mig</wf>
         <wf lemma="inspirere" pos="X">inspirere</wf>
         <wf lemma="af" pos="X">af</wf>
         <instance id="d000.s668.t000" lemma="fortidig" pos="ADJ">fortidige</instance>
         <wf lemma="malere" pos="X">malere</wf>
         <wf lemma="." pos="X">.</wf>
      </sentence>
      <sentence id="d000.s669" source="wordnet-danish">
         <wf lemma="Svend" pos="X">Svend</wf>
         <wf lemma="rev" pos="X">rev</wf>
         <wf lemma="en" pos="X">en</wf>
         <instance id="d000.s669.t000" lemma="check" pos="NOUN">check</instance>
         <wf lemma="af" pos="X">af</wf>
         <wf lemma="sit" pos="X">sit</wf>
         <wf lemma="checkhæfte" pos="X">checkhæfte</wf>
         <wf lemma="og" pos="X">og</wf>
         <wf lemma="udfyldte" pos="X">udfyldte</wf>
         <wf lemma="den" pos="X">den</wf>
         <wf lemma="." pos="X">.</wf>
      </sentence>
      <sentence id="d000.s670" source="wordnet-danish">
         <wf lemma="Min" pos="X">Min</wf>
         <wf lemma="madpakke" pos="X">madpakke</wf>
         <wf lemma="bestod" pos="X">bestod</wf>
         <wf lemma="af" pos="X">af</wf>
         <wf lemma="to" pos="X">to</wf>
         <wf lemma="halve" pos="X">halve</wf>
         <wf lemma="," pos="X">,</wf>
         <wf lemma="en" pos="X">en</wf>
         <wf lemma="med" pos="X">med</wf>
         <instance id="d000.s670.t000" lemma="pølse" pos="NOUN">pølse</instance>
         <wf lemma="og" pos="X">og</wf>
         <wf lemma="den" pos="X">den</wf>
         <wf lemma="anden" pos="X">anden</wf>
         <wf lemma="med" pos="X">med</wf>
         <wf lemma="leverpostej" pos="X">leverpostej</wf>
         <wf lemma="." pos="X">.</wf>
      </sentence>
      <sentence id="d000.s671" source="wordnet-danish">
         <wf lemma="Fem" pos="X">Fem</wf>
         <wf lemma="meter" pos="X">meter</wf>
         <wf lemma="ringbind" pos="X">ringbind</wf>
         <wf lemma="med" pos="X">med</wf>
         <instance id="d000.s671.t000" lemma="papir" pos="NOUN">papirer</instance>
         <wf lemma="fra" pos="X">fra</wf>
         <wf lemma="de" pos="X">de</wf>
         <wf lemma="forskellige" pos="X">forskellige</wf>
         <wf lemma="ministerier" pos="X">ministerier</wf>
         <wf lemma="står" pos="X">står</wf>
         <wf lemma="opmarcheret" pos="X">opmarcheret</wf>
         <wf lemma="bag" pos="X">bag</wf>
         <wf lemma="Holm-Nielsens" pos="X">Holm-Nielsens</wf>
         <wf lemma="stol" pos="X">stol</wf>
         <wf lemma="." pos="X">.</wf>
      </sentence>
      <sentence id="d000.s672" source="wordnet-danish">
         <wf lemma="det" pos="X">det</wf>
         <wf lemma="[var]" pos="X">[var]</wf>
         <wf lemma="hans" pos="X">hans</wf>
         <wf lemma="opgave" pos="X">opgave</wf>
         <wf lemma="at" pos="X">at</wf>
         <wf lemma="give" pos="X">give</wf>
         <wf lemma="materialet" pos="X">materialet</wf>
         <wf lemma="en" pos="X">en</wf>
         <wf lemma="personlig" pos="X">personlig</wf>
         <wf lemma="drejning" pos="X">drejning</wf>
         <wf lemma="og" pos="X">og</wf>
         <wf lemma="finde" pos="X">finde</wf>
         <wf lemma="en" pos="X">en</wf>
         <instance id="d000.s672.t000" lemma="original" pos="ADJ">original</instance>
         <wf lemma="indfaldsvinkel" pos="X">indfaldsvinkel</wf>
         <wf lemma="til" pos="X">til</wf>
         <wf lemma="det" pos="X">det</wf>
         <wf lemma="." pos="X">.</wf>
      </sentence>
      <sentence id="d000.s673" source="wordnet-danish">
         <wf lemma="Endelig" pos="X">Endelig</wf>
         <wf lemma="kan" pos="X">kan</wf>
         <wf lemma="man" pos="X">man</wf>
         <wf lemma="få" pos="X">få</wf>
         <wf lemma="disse" pos="X">disse</wf>
         <wf lemma="film" pos="X">film</wf>
         <wf lemma="på" pos="X">på</wf>
         <instance id="d000.s673.t000" lemma="video" pos="NOUN">video</instance>
         <wf lemma=".." pos="X">..</wf>
         <wf lemma="så" pos="X">så</wf>
         <wf lemma="man" pos="X">man</wf>
         <wf lemma="kan" pos="X">kan</wf>
         <wf lemma="se" pos="X">se</wf>
         <wf lemma="dem" pos="X">dem</wf>
         <wf lemma="hjemme" pos="X">hjemme</wf>
         <wf lemma="i" pos="X">i</wf>
         <wf lemma="stuen" pos="X">stuen</wf>
         <wf lemma="." pos="X">.</wf>
      </sentence>
      <sentence id="d000.s674" source="wordnet-danish">
         <wf lemma="Ministeriernes" pos="X">Ministeriernes</wf>
         <instance id="d000.s674.t000" lemma="udgift" pos="NOUN">udgifter</instance>
         <wf lemma="skal" pos="X">skal</wf>
         <wf lemma="holdes" pos="X">holdes</wf>
         <wf lemma="i" pos="X">i</wf>
         <wf lemma="ro" pos="X">ro</wf>
         <wf lemma="," pos="X">,</wf>
         <wf lemma="og" pos="X">og</wf>
         <wf lemma="det" pos="X">det</wf>
         <wf lemma="betyder" pos="X">betyder</wf>
         <wf lemma="et" pos="X">et</wf>
         <wf lemma="sparekrav" pos="X">sparekrav</wf>
         <wf lemma="på" pos="X">på</wf>
         <wf lemma="7,7" pos="X">7,7</wf>
         <wf lemma="milliarder" pos="X">milliarder</wf>
         <wf lemma="kroner" pos="X">kroner</wf>
         <wf lemma="." pos="X">.</wf>
      </sentence>
      <sentence id="d000.s675" source="wordnet-danish">
         <wf lemma="Japanerne" pos="X">Japanerne</wf>
         <wf lemma="gør" pos="X">gør</wf>
         <wf lemma="meget" pos="X">meget</wf>
         <wf lemma="ud" pos="X">ud</wf>
         <wf lemma="af" pos="X">af</wf>
         <instance id="d000.s675.t000" lemma="design" pos="NOUN">design</instance>
         <wf lemma="i" pos="X">i</wf>
         <wf lemma="deres" pos="X">deres</wf>
         <wf lemma="produktion" pos="X">produktion</wf>
         <wf lemma="." pos="X">.</wf>
      </sentence>
      <sentence id="d000.s676" source="wordnet-danish">
         <wf lemma="Anders" pos="X">Anders</wf>
         <wf lemma="fører" pos="X">fører</wf>
         <wf lemma="langsomt" pos="X">langsomt</wf>
         <instance id="d000.s676.t000" lemma="ske" pos="NOUN">skeen</instance>
         <wf lemma="op" pos="X">op</wf>
         <wf lemma="til" pos="X">til</wf>
         <wf lemma="læberne" pos="X">læberne</wf>
         <wf lemma="og" pos="X">og</wf>
         <wf lemma="nipper" pos="X">nipper</wf>
         <wf lemma="forsigtigt" pos="X">forsigtigt</wf>
         <wf lemma="til" pos="X">til</wf>
         <wf lemma="den" pos="X">den</wf>
         <wf lemma="varme" pos="X">varme</wf>
         <wf lemma="suppe" pos="X">suppe</wf>
         <wf lemma="." pos="X">.</wf>
      </sentence>
      <sentence id="d000.s677" source="wordnet-danish">
         <wf lemma="Jeg" pos="X">Jeg</wf>
         <wf lemma="havde" pos="X">havde</wf>
         <wf lemma="stadig" pos="X">stadig</wf>
         <wf lemma="fat" pos="X">fat</wf>
         <wf lemma="i" pos="X">i</wf>
         <wf lemma="det" pos="X">det</wf>
         <wf lemma="øverste" pos="X">øverste</wf>
         <wf lemma="af" pos="X">af</wf>
         <wf lemma="trappegelænderet" pos="X">trappegelænderet</wf>
         <wf lemma="med" pos="X">med</wf>
         <wf lemma="højre" pos="X">højre</wf>
         <instance id="d000.s677.t000" lemma="hånd" pos="NOUN">hånd</instance>
         <wf lemma="og" pos="X">og</wf>
         <wf lemma="famlede" pos="X">famlede</wf>
         <wf lemma="i" pos="X">i</wf>
         <wf lemma="mørket" pos="X">mørket</wf>
         <wf lemma="med" pos="X">med</wf>
         <wf lemma="venstre" pos="X">venstre</wf>
         <wf lemma="." pos="X">.</wf>
      </sentence>
      <sentence id="d000.s678" source="wordnet-danish">
         <wf lemma="Aftenen" pos="X">Aftenen</wf>
         <instance id="d000.s678.t000" lemma="afslutte" pos="VERB">afsluttes</instance>
         <wf lemma="med" pos="X">med</wf>
         <wf lemma="kaffe" pos="X">kaffe</wf>
         <wf lemma="og" pos="X">og</wf>
         <wf lemma="lagkager" pos="X">lagkager</wf>
         <wf lemma="." pos="X">.</wf>
      </sentence>
      <sentence id="d000.s679" source="wordnet-danish">
         <wf lemma="Forsiderne" pos="X">Forsiderne</wf>
         <wf lemma="," pos="X">,</wf>
         <wf lemma="som" pos="X">som</wf>
         <wf lemma="jeg" pos="X">jeg</wf>
         <wf lemma="kun" pos="X">kun</wf>
         <instance id="d000.s679.t000" lemma="skimme" pos="VERB">skimmede</instance>
         <wf lemma="uinteresseret" pos="X">uinteresseret</wf>
         <wf lemma="," pos="X">,</wf>
         <wf lemma="handlede" pos="X">handlede</wf>
         <wf lemma="stort" pos="X">stort</wf>
         <wf lemma="set" pos="X">set</wf>
         <wf lemma="udelukkende" pos="X">udelukkende</wf>
         <wf lemma="om" pos="X">om</wf>
         <wf lemma="de" pos="X">de</wf>
         <wf lemma="politiske" pos="X">politiske</wf>
         <wf lemma="partiers" pos="X">partiers</wf>
         <wf lemma="studehandeler" pos="X">studehandeler</wf>
         <wf lemma="og" pos="X">og</wf>
         <wf lemma="kompromiser" pos="X">kompromiser</wf>
         <wf lemma="." pos="X">.</wf>
      </sentence>
      <sentence id="d000.s680" source="wordnet-danish">
         <wf lemma="Hvorfor" pos="X">Hvorfor</wf>
         <wf lemma="går" pos="X">går</wf>
         <wf lemma="du" pos="X">du</wf>
         <wf lemma="altid" pos="X">altid</wf>
         <wf lemma="rundt" pos="X">rundt</wf>
         <wf lemma="med" pos="X">med</wf>
         <wf lemma="den" pos="X">den</wf>
         <wf lemma="ene" pos="X">ene</wf>
         <wf lemma="hånd" pos="X">hånd</wf>
         <wf lemma="i" pos="X">i</wf>
         <wf lemma="lommen" pos="X">lommen</wf>
         <wf lemma="?" pos="X">?</wf>
         <instance id="d000.s680.t000" lemma="fryse" pos="VERB">Fryser</instance>
         <wf lemma="du" pos="X">du</wf>
         <wf lemma="om" pos="X">om</wf>
         <wf lemma="den" pos="X">den</wf>
         <wf lemma="?" pos="X">?</wf>
      </sentence>
      <sentence id="d000.s681" source="wordnet-danish">
         <wf lemma="Vandet" pos="X">Vandet</wf>
         <wf lemma="er" pos="X">er</wf>
         <wf lemma="salt" pos="X">salt</wf>
         <wf lemma="," pos="X">,</wf>
         <wf lemma="og" pos="X">og</wf>
         <wf lemma="han" pos="X">han</wf>
         <instance id="d000.s681.t000" lemma="flyde" pos="VERB">flyder</instance>
         <wf lemma="stort" pos="X">stort</wf>
         <wf lemma="set" pos="X">set</wf>
         <wf lemma="uden" pos="X">uden</wf>
         <wf lemma="at" pos="X">at</wf>
         <wf lemma="røre" pos="X">røre</wf>
         <wf lemma="sig" pos="X">sig</wf>
         <wf lemma="." pos="X">.</wf>
         <wf lemma="En" pos="X">En</wf>
         <wf lemma="doven" pos="X">doven</wf>
         <wf lemma="bølge" pos="X">bølge</wf>
         <wf lemma="skyller" pos="X">skyller</wf>
         <wf lemma="ind" pos="X">ind</wf>
         <wf lemma="over" pos="X">over</wf>
         <wf lemma="hans" pos="X">hans</wf>
         <wf lemma="ansigt" pos="X">ansigt</wf>
         <wf lemma="." pos="X">.</wf>
      </sentence>
      <sentence id="d000.s682" source="wordnet-danish">
         <wf lemma="Arbejdet" pos="X">Arbejdet</wf>
         <wf lemma="i" pos="X">i</wf>
         <wf lemma="maskinrummet" pos="X">maskinrummet</wf>
         <wf lemma="foregår" pos="X">foregår</wf>
         <wf lemma="ofte" pos="X">ofte</wf>
         <wf lemma="i" pos="X">i</wf>
         <wf lemma="stærk" pos="X">stærk</wf>
         <instance id="d000.s682.t000" lemma="støj" pos="NOUN">støj</instance>
         <wf lemma="og" pos="X">og</wf>
         <wf lemma="varme" pos="X">varme</wf>
         <wf lemma="." pos="X">.</wf>
      </sentence>
      <sentence id="d000.s683" source="wordnet-danish">
         <wf lemma="han" pos="X">han</wf>
         <wf lemma="tjente" pos="X">tjente</wf>
         <wf lemma="mere" pos="X">mere</wf>
         <wf lemma="end" pos="X">end</wf>
         <wf lemma="de" pos="X">de</wf>
         <wf lemma="for" pos="X">for</wf>
         <wf lemma="kort" pos="X">kort</wf>
         <wf lemma="tid" pos="X">tid</wf>
         <wf lemma="siden" pos="X">siden</wf>
         <wf lemma="i" pos="X">i</wf>
         <wf lemma="deres" pos="X">deres</wf>
         <wf lemma="vildeste" pos="X">vildeste</wf>
         <instance id="d000.s683.t000" lemma="fantasi" pos="NOUN">fantasi</instance>
         <wf lemma="havde" pos="X">havde</wf>
         <wf lemma="turdet" pos="X">turdet</wf>
         <wf lemma="håbe" pos="X">håbe</wf>
         <wf lemma="på" pos="X">på</wf>
         <wf lemma="." pos="X">.</wf>
      </sentence>
      <sentence id="d000.s684" source="wordnet-danish">
         <wf lemma="Da" pos="X">Da</wf>
         <wf lemma="ariens" pos="X">ariens</wf>
         <wf lemma="sidste" pos="X">sidste</wf>
         <wf lemma="toner" pos="X">toner</wf>
         <wf lemma="døde" pos="X">døde</wf>
         <wf lemma="hen" pos="X">hen</wf>
         <wf lemma="," pos="X">,</wf>
         <wf lemma="brød" pos="X">brød</wf>
         <wf lemma="et" pos="X">et</wf>
         <wf lemma="enormt" pos="X">enormt</wf>
         <instance id="d000.s684.t000" lemma="bifald" pos="NOUN">bifald</instance>
         <wf lemma="løs" pos="X">løs</wf>
         <wf lemma="." pos="X">.</wf>
      </sentence>
      <sentence id="d000.s685" source="wordnet-danish">
         <wf lemma="Avisen" pos="X">Avisen</wf>
         <wf lemma="bragte" pos="X">bragte</wf>
         <wf lemma="ingen" pos="X">ingen</wf>
         <instance id="d000.s685.t000" lemma="afgørende" pos="ADJ">afgørende</instance>
         <wf lemma="nyheder" pos="X">nyheder</wf>
         <wf lemma="." pos="X">.</wf>
      </sentence>
      <sentence id="d000.s686" source="wordnet-danish">
         <wf lemma="Jeg" pos="X">Jeg</wf>
         <wf lemma="har" pos="X">har</wf>
         <wf lemma="åbenbart" pos="X">åbenbart</wf>
         <instance id="d000.s686.t000" lemma="forlægge" pos="VERB">forlagt</instance>
         <wf lemma="min" pos="X">min</wf>
         <wf lemma="passérseddel" pos="X">passérseddel</wf>
         <wf lemma="." pos="X">.</wf>
         <wf lemma="Jeg" pos="X">Jeg</wf>
         <wf lemma="troede" pos="X">troede</wf>
         <wf lemma="ellers" pos="X">ellers</wf>
         <wf lemma="," pos="X">,</wf>
         <wf lemma="den" pos="X">den</wf>
         <wf lemma="lå" pos="X">lå</wf>
         <wf lemma="sammen" pos="X">sammen</wf>
         <wf lemma="med" pos="X">med</wf>
         <wf lemma="identifikationskortet" pos="X">identifikationskortet</wf>
         <wf lemma="." pos="X">.</wf>
      </sentence>
      <sentence id="d000.s687" source="wordnet-danish">
         <wf lemma="Imens" pos="X">Imens</wf>
         <wf lemma="kørte" pos="X">kørte</wf>
         <wf lemma="videokameraet" pos="X">videokameraet</wf>
         <wf lemma="og" pos="X">og</wf>
         <instance id="d000.s687.t000" lemma="optage" pos="VERB">optog</instance>
         <wf lemma="alle" pos="X">alle</wf>
         <wf lemma="hans" pos="X">hans</wf>
         <wf lemma="bevægelser" pos="X">bevægelser</wf>
         <wf lemma="under" pos="X">under</wf>
         <wf lemma="det" pos="X">det</wf>
         <wf lemma="godt" pos="X">godt</wf>
         <wf lemma="tre" pos="X">tre</wf>
         <wf lemma="minutter" pos="X">minutter</wf>
         <wf lemma="lange" pos="X">lange</wf>
         <wf lemma="røveri" pos="X">røveri</wf>
         <wf lemma="." pos="X">.</wf>
      </sentence>
      <sentence id="d000.s688" source="wordnet-danish">
         <wf lemma="British" pos="X">British</wf>
         <wf lemma="Import" pos="X">Import</wf>
         <wf lemma="Union" pos="X">Union</wf>
         <wf lemma="," pos="X">,</wf>
         <wf lemma="en" pos="X">en</wf>
         <instance id="d000.s688.t000" lemma="klub" pos="NOUN">klub</instance>
         <wf lemma="for" pos="X">for</wf>
         <wf lemma="erhvervsfolk" pos="X">erhvervsfolk</wf>
         <wf lemma="med" pos="X">med</wf>
         <wf lemma="interesser" pos="X">interesser</wf>
         <wf lemma="i" pos="X">i</wf>
         <wf lemma="dansk-britisk" pos="X">dansk-britisk</wf>
         <wf lemma="samhandel" pos="X">samhandel</wf>
         <wf lemma="." pos="X">.</wf>
      </sentence>
      <sentence id="d000.s689" source="wordnet-danish">
         <wf lemma="Når" pos="X">Når</wf>
         <wf lemma="et" pos="X">et</wf>
         <wf lemma="land" pos="X">land</wf>
         <wf lemma="lægger" pos="X">lægger</wf>
         <instance id="d000.s689.t000" lemma="told" pos="NOUN">told</instance>
         <wf lemma="på" pos="X">på</wf>
         <wf lemma="de" pos="X">de</wf>
         <wf lemma="varer" pos="X">varer</wf>
         <wf lemma="," pos="X">,</wf>
         <wf lemma="som" pos="X">som</wf>
         <wf lemma="kommer" pos="X">kommer</wf>
         <wf lemma="fra" pos="X">fra</wf>
         <wf lemma="udlandet" pos="X">udlandet</wf>
         <wf lemma="," pos="X">,</wf>
         <wf lemma="er" pos="X">er</wf>
         <wf lemma="det" pos="X">det</wf>
         <wf lemma="for" pos="X">for</wf>
         <wf lemma="at" pos="X">at</wf>
         <wf lemma="tjene" pos="X">tjene</wf>
         <wf lemma="penge" pos="X">penge</wf>
         <wf lemma="og" pos="X">og</wf>
         <wf lemma="for" pos="X">for</wf>
         <wf lemma="at" pos="X">at</wf>
         <wf lemma="beskytte" pos="X">beskytte</wf>
         <wf lemma="produktionen" pos="X">produktionen</wf>
         <wf lemma="af" pos="X">af</wf>
         <wf lemma="landets" pos="X">landets</wf>
         <wf lemma="egne" pos="X">egne</wf>
         <wf lemma="varer" pos="X">varer</wf>
         <wf lemma="." pos="X">.</wf>
      </sentence>
      <sentence id="d000.s690" source="wordnet-danish">
         <wf lemma="Oplysninger" pos="X">Oplysninger</wf>
         <wf lemma="om" pos="X">om</wf>
         <wf lemma="de" pos="X">de</wf>
         <wf lemma="arvelige" pos="X">arvelige</wf>
         <wf lemma="egenskaber" pos="X">egenskaber</wf>
         <wf lemma="findes" pos="X">findes</wf>
         <wf lemma="hos" pos="X">hos</wf>
         <wf lemma="alle" pos="X">alle</wf>
         <wf lemma="arter" pos="X">arter</wf>
         <wf lemma="i" pos="X">i</wf>
         <instance id="d000.s690.t000" lemma="celle" pos="NOUN">cellens</instance>
         <wf lemma="DNA-molekyle" pos="X">DNA-molekyle</wf>
         <wf lemma="." pos="X">.</wf>
      </sentence>
      <sentence id="d000.s691" source="wordnet-danish">
         <wf lemma="Der" pos="X">Der</wf>
         <wf lemma="fik" pos="X">fik</wf>
         <wf lemma="jeg" pos="X">jeg</wf>
         <wf lemma="en" pos="X">en</wf>
         <wf lemma="på" pos="X">på</wf>
         <instance id="d000.s691.t000" lemma="kaje" pos="NOUN">kajen</instance>
         <wf lemma="." pos="X">.</wf>
      </sentence>
      <sentence id="d000.s692" source="wordnet-danish">
         <wf lemma="Han" pos="X">Han</wf>
         <wf lemma=".." pos="X">..</wf>
         <wf lemma="blev" pos="X">blev</wf>
         <wf lemma="udvalgt" pos="X">udvalgt</wf>
         <wf lemma="til" pos="X">til</wf>
         <wf lemma="rollen" pos="X">rollen</wf>
         <wf lemma="blandt" pos="X">blandt</wf>
         <wf lemma="200" pos="X">200</wf>
         <wf lemma="andre" pos="X">andre</wf>
         <wf lemma="og" pos="X">og</wf>
         <wf lemma="havde" pos="X">havde</wf>
         <wf lemma="aldrig" pos="X">aldrig</wf>
         <wf lemma="før" pos="X">før</wf>
         <wf lemma="stået" pos="X">stået</wf>
         <wf lemma="foran" pos="X">foran</wf>
         <wf lemma="snurrende" pos="X">snurrende</wf>
         <instance id="d000.s692.t000" lemma="kamera" pos="NOUN">kameraer</instance>
         <wf lemma="." pos="X">.</wf>
      </sentence>
      <sentence id="d000.s693" source="wordnet-danish">
         <wf lemma="Når" pos="X">Når</wf>
         <wf lemma="svingningerne" pos="X">svingningerne</wf>
         <wf lemma="når" pos="X">når</wf>
         <wf lemma="vores" pos="X">vores</wf>
         <instance id="d000.s693.t000" lemma="øre" pos="NOUN">ører</instance>
         <wf lemma="," pos="X">,</wf>
         <wf lemma="omsættes" pos="X">omsættes</wf>
         <wf lemma="de" pos="X">de</wf>
         <wf lemma="på" pos="X">på</wf>
         <wf lemma="en" pos="X">en</wf>
         <wf lemma="sådan" pos="X">sådan</wf>
         <wf lemma="måde" pos="X">måde</wf>
         <wf lemma="," pos="X">,</wf>
         <wf lemma="at" pos="X">at</wf>
         <wf lemma="vor" pos="X">vor</wf>
         <wf lemma="hjerne" pos="X">hjerne</wf>
         <wf lemma="opfatter" pos="X">opfatter</wf>
         <wf lemma="dem" pos="X">dem</wf>
         <wf lemma="som" pos="X">som</wf>
         <wf lemma="lyd" pos="X">lyd</wf>
         <wf lemma="." pos="X">.</wf>
      </sentence>
      <sentence id="d000.s694" source="wordnet-danish">
         <wf lemma="hun" pos="X">hun</wf>
         <wf lemma="[begyndte]" pos="X">[begyndte]</wf>
         <wf lemma="at" pos="X">at</wf>
         <wf lemma="gøre" pos="X">gøre</wf>
         <wf lemma="kur" pos="X">kur</wf>
         <wf lemma="." pos="X">.</wf>
         <wf lemma="Det" pos="X">Det</wf>
         <wf lemma="varede" pos="X">varede</wf>
         <wf lemma="flere" pos="X">flere</wf>
         <wf lemma="uger" pos="X">uger</wf>
         <wf lemma="før" pos="X">før</wf>
         <wf lemma="jeg" pos="X">jeg</wf>
         <wf lemma="gav" pos="X">gav</wf>
         <wf lemma="efter" pos="X">efter</wf>
         <wf lemma="for" pos="X">for</wf>
         <wf lemma="hendes" pos="X">hendes</wf>
         <instance id="d000.s694.t000" lemma="belejring" pos="NOUN">belejring</instance>
         <wf lemma="." pos="X">.</wf>
      </sentence>
      <sentence id="d000.s695" source="wordnet-danish">
         <wf lemma="Hun" pos="X">Hun</wf>
         <wf lemma="er" pos="X">er</wf>
         <instance id="d000.s695.t000" lemma="formand" pos="NOUN">formand</instance>
         <wf lemma="for" pos="X">for</wf>
         <wf lemma="en" pos="X">en</wf>
         <wf lemma="11" pos="X">11</wf>
         <wf lemma="mand" pos="X">mand</wf>
         <wf lemma="stor" pos="X">stor</wf>
         <wf lemma="styregruppe" pos="X">styregruppe</wf>
         <wf lemma="," pos="X">,</wf>
         <wf lemma="der" pos="X">der</wf>
         <wf lemma="er" pos="X">er</wf>
         <wf lemma="nedsat" pos="X">nedsat</wf>
         <wf lemma="af" pos="X">af</wf>
         <wf lemma="forskellige" pos="X">forskellige</wf>
         <wf lemma="folk" pos="X">folk</wf>
         <wf lemma="fra" pos="X">fra</wf>
         <wf lemma="turistbranchen" pos="X">turistbranchen</wf>
         <wf lemma="." pos="X">.</wf>
      </sentence>
      <sentence id="d000.s696" source="wordnet-danish">
         <wf lemma="jeg" pos="X">jeg</wf>
         <instance id="d000.s696.t000" lemma="skylde" pos="VERB">skylder</instance>
         <wf lemma="halvanden" pos="X">halvanden</wf>
         <wf lemma="million" pos="X">million</wf>
         <wf lemma="kroner" pos="X">kroner</wf>
         <wf lemma="væk" pos="X">væk</wf>
         <wf lemma="." pos="X">.</wf>
      </sentence>
      <sentence id="d000.s697" source="wordnet-danish">
         <instance id="d000.s697.t000" lemma="bestilling" pos="NOUN">Bestilling</instance>
         <wf lemma="af" pos="X">af</wf>
         <wf lemma="abonnement" pos="X">abonnement</wf>
         <wf lemma="sker" pos="X">sker</wf>
         <wf lemma="ved" pos="X">ved</wf>
         <wf lemma="henvendelse" pos="X">henvendelse</wf>
         <wf lemma="til" pos="X">til</wf>
         <wf lemma="vort" pos="X">vort</wf>
         <wf lemma="servicekontor" pos="X">servicekontor</wf>
         <wf lemma="." pos="X">.</wf>
      </sentence>
      <sentence id="d000.s698" source="wordnet-danish">
         <wf lemma="Filmen" pos="X">Filmen</wf>
         <wf lemma="er" pos="X">er</wf>
         <wf lemma="en" pos="X">en</wf>
         <wf lemma="letløbende" pos="X">letløbende</wf>
         <wf lemma="vittig" pos="X">vittig</wf>
         <instance id="d000.s698.t000" lemma="komedie" pos="NOUN">komedie</instance>
         <wf lemma="," pos="X">,</wf>
         <wf lemma="sjov" pos="X">sjov</wf>
         <wf lemma="og" pos="X">og</wf>
         <wf lemma="veloplagt" pos="X">veloplagt</wf>
         <wf lemma="," pos="X">,</wf>
         <wf lemma="fuld" pos="X">fuld</wf>
         <wf lemma="af" pos="X">af</wf>
         <wf lemma="rappe" pos="X">rappe</wf>
         <wf lemma="replikker" pos="X">replikker</wf>
         <wf lemma="og" pos="X">og</wf>
         <wf lemma="charmerende" pos="X">charmerende</wf>
         <wf lemma="scener" pos="X">scener</wf>
         <wf lemma="." pos="X">.</wf>
      </sentence>
      <sentence id="d000.s699" source="wordnet-danish">
         <wf lemma="bughulen" pos="X">bughulen</wf>
         <wf lemma="er" pos="X">er</wf>
         <wf lemma="pumpet" pos="X">pumpet</wf>
         <wf lemma="op" pos="X">op</wf>
         <wf lemma="med" pos="X">med</wf>
         <wf lemma="kuldioxid" pos="X">kuldioxid</wf>
         <wf lemma=".." pos="X">..</wf>
         <wf lemma="og" pos="X">og</wf>
         <wf lemma="der" pos="X">der</wf>
         <wf lemma="er" pos="X">er</wf>
         <wf lemma="skabt" pos="X">skabt</wf>
         <wf lemma="et" pos="X">et</wf>
         <instance id="d000.s699.t000" lemma="rum" pos="NOUN">rum</instance>
         <wf lemma="," pos="X">,</wf>
         <wf lemma="hvor" pos="X">hvor</wf>
         <wf lemma="kirurgerne" pos="X">kirurgerne</wf>
         <wf lemma="har" pos="X">har</wf>
         <wf lemma="plads" pos="X">plads</wf>
         <wf lemma="til" pos="X">til</wf>
         <wf lemma="at" pos="X">at</wf>
         <wf lemma="arbejde" pos="X">arbejde</wf>
         <wf lemma="." pos="X">.</wf>
      </sentence>
      <sentence id="d000.s700" source="wordnet-danish">
         <wf lemma="Ved" pos="X">Ved</wf>
         <wf lemma="konkursen" pos="X">konkursen</wf>
         <wf lemma="skyldte" pos="X">skyldte</wf>
         <wf lemma="Ungbo" pos="X">Ungbo</wf>
         <wf lemma="mindst" pos="X">mindst</wf>
         <wf lemma="44,1" pos="X">44,1</wf>
         <wf lemma="mill." pos="X">mill.</wf>
         <wf lemma="kr." pos="X">kr.</wf>
         <wf lemma="," pos="X">,</wf>
         <wf lemma="men" pos="X">men</wf>
         <wf lemma="underskuddet" pos="X">underskuddet</wf>
         <wf lemma="kan" pos="X">kan</wf>
         <wf lemma="vise" pos="X">vise</wf>
         <wf lemma="sig" pos="X">sig</wf>
         <wf lemma="at" pos="X">at</wf>
         <wf lemma="blive" pos="X">blive</wf>
         <wf lemma="meget" pos="X">meget</wf>
         <wf lemma="større" pos="X">større</wf>
         <wf lemma="," pos="X">,</wf>
         <wf lemma="når" pos="X">når</wf>
         <instance id="d000.s700.t000" lemma="bo" pos="NOUN">boet</instance>
         <wf lemma="gøres" pos="X">gøres</wf>
         <wf lemma="endeligt" pos="X">endeligt</wf>
         <wf lemma="op" pos="X">op</wf>
         <wf lemma="." pos="X">.</wf>
      </sentence>
      <sentence id="d000.s701" source="wordnet-danish">
         <wf lemma="Den" pos="X">Den</wf>
         <wf lemma="snehvide" pos="X">snehvide</wf>
         <wf lemma="dug" pos="X">dug</wf>
         <wf lemma="," pos="X">,</wf>
         <wf lemma="sølvtøjet" pos="X">sølvtøjet</wf>
         <wf lemma="og" pos="X">og</wf>
         <instance id="d000.s701.t000" lemma="krystal" pos="NOUN">krystallet</instance>
         <wf lemma="--" pos="X">--</wf>
         <wf lemma="alt" pos="X">alt</wf>
         <wf lemma="sammen" pos="X">sammen</wf>
         <wf lemma="funklede" pos="X">funklede</wf>
         <wf lemma="og" pos="X">og</wf>
         <wf lemma="skinnede" pos="X">skinnede</wf>
         <wf lemma="det" pos="X">det</wf>
         <wf lemma="så" pos="X">så</wf>
         <wf lemma="festligt" pos="X">festligt</wf>
         <wf lemma="og" pos="X">og</wf>
         <wf lemma="smukt" pos="X">smukt</wf>
         <wf lemma="." pos="X">.</wf>
      </sentence>
      <sentence id="d000.s702" source="wordnet-danish">
         <wf lemma="Den" pos="X">Den</wf>
         <wf lemma="tidligere" pos="X">tidligere</wf>
         <wf lemma="chef" pos="X">chef</wf>
         <wf lemma="er" pos="X">er</wf>
         <wf lemma="fratrådt" pos="X">fratrådt</wf>
         <wf lemma="efter" pos="X">efter</wf>
         <wf lemma="store" pos="X">store</wf>
         <instance id="d000.s702.t000" lemma="tab" pos="NOUN">tab</instance>
         <wf lemma="sidste" pos="X">sidste</wf>
         <wf lemma="år" pos="X">år</wf>
         <wf lemma="." pos="X">.</wf>
      </sentence>
      <sentence id="d000.s703" source="wordnet-danish">
         <wf lemma="Faderen" pos="X">Faderen</wf>
         <wf lemma="har" pos="X">har</wf>
         <wf lemma=".." pos="X">..</wf>
         <wf lemma="ret" pos="X">ret</wf>
         <wf lemma="til" pos="X">til</wf>
         <instance id="d000.s703.t000" lemma="orlov" pos="NOUN">orlov</instance>
         <wf lemma="med" pos="X">med</wf>
         <wf lemma="dagpenge" pos="X">dagpenge</wf>
         <wf lemma="i" pos="X">i</wf>
         <wf lemma="2" pos="X">2</wf>
         <wf lemma="uger" pos="X">uger</wf>
         <wf lemma="inden" pos="X">inden</wf>
         <wf lemma="for" pos="X">for</wf>
         <wf lemma="de" pos="X">de</wf>
         <wf lemma="første" pos="X">første</wf>
         <wf lemma="14" pos="X">14</wf>
         <wf lemma="uger" pos="X">uger</wf>
         <wf lemma="efter" pos="X">efter</wf>
         <wf lemma="fødslen" pos="X">fødslen</wf>
         <wf lemma="." pos="X">.</wf>
      </sentence>
      <sentence id="d000.s704" source="wordnet-danish">
         <wf lemma="Jeg" pos="X">Jeg</wf>
         <wf lemma="var" pos="X">var</wf>
         <wf lemma="så" pos="X">så</wf>
         <wf lemma="optaget" pos="X">optaget</wf>
         <wf lemma="af" pos="X">af</wf>
         <wf lemma="mit" pos="X">mit</wf>
         <wf lemma="skolearbejde" pos="X">skolearbejde</wf>
         <wf lemma="," pos="X">,</wf>
         <wf lemma="det" pos="X">det</wf>
         <wf lemma="krævede" pos="X">krævede</wf>
         <wf lemma="al" pos="X">al</wf>
         <wf lemma="min" pos="X">min</wf>
         <instance id="d000.s704.t000" lemma="koncentration" pos="NOUN">koncentration</instance>
         <wf lemma="og" pos="X">og</wf>
         <wf lemma="opmærksomhed" pos="X">opmærksomhed</wf>
         <wf lemma="." pos="X">.</wf>
      </sentence>
      <sentence id="d000.s705" source="wordnet-danish">
         <wf lemma="Den" pos="X">Den</wf>
         <wf lemma="gamle" pos="X">gamle</wf>
         <wf lemma="dame" pos="X">dame</wf>
         <wf lemma="faldt" pos="X">faldt</wf>
         <wf lemma="og" pos="X">og</wf>
         <wf lemma="slog" pos="X">slog</wf>
         <wf lemma="hovedet" pos="X">hovedet</wf>
         <wf lemma="hårdt" pos="X">hårdt</wf>
         <wf lemma="i" pos="X">i</wf>
         <instance id="d000.s705.t000" lemma="fortov" pos="NOUN">fortovet</instance>
         <wf lemma="." pos="X">.</wf>
      </sentence>
      <sentence id="d000.s706" source="wordnet-danish">
         <wf lemma="den" pos="X">den</wf>
         <wf lemma="trekantede" pos="X">trekantede</wf>
         <wf lemma="gård" pos="X">gård</wf>
         <wf lemma=".." pos="X">..</wf>
         <wf lemma="var" pos="X">var</wf>
         <wf lemma="en" pos="X">en</wf>
         <instance id="d000.s706.t000" lemma="skakt" pos="NOUN">skakt</instance>
         <wf lemma="mellem" pos="X">mellem</wf>
         <wf lemma="de" pos="X">de</wf>
         <wf lemma="seksetages" pos="X">seksetages</wf>
         <wf lemma="høje" pos="X">høje</wf>
         <wf lemma="hotelbygninger" pos="X">hotelbygninger</wf>
         <wf lemma="." pos="X">.</wf>
      </sentence>
      <sentence id="d000.s707" source="wordnet-danish">
         <wf lemma="desserten" pos="X">desserten</wf>
         <wf lemma="blev" pos="X">blev</wf>
         <wf lemma="båret" pos="X">båret</wf>
         <wf lemma="ind" pos="X">ind</wf>
         <wf lemma="i" pos="X">i</wf>
         <wf lemma="den" pos="X">den</wf>
         <wf lemma="mørklagte" pos="X">mørklagte</wf>
         <instance id="d000.s707.t000" lemma="sal" pos="NOUN">sal</instance>
         <wf lemma="under" pos="X">under</wf>
         <wf lemma="ledsagelse" pos="X">ledsagelse</wf>
         <wf lemma="af" pos="X">af</wf>
         <wf lemma="fyrværkeri" pos="X">fyrværkeri</wf>
         <wf lemma="og" pos="X">og</wf>
         <wf lemma="marchmusik" pos="X">marchmusik</wf>
         <wf lemma="." pos="X">.</wf>
      </sentence>
      <sentence id="d000.s708" source="wordnet-danish">
         <wf lemma="Alle" pos="X">Alle</wf>
         <wf lemma="oplysninger" pos="X">oplysninger</wf>
         <wf lemma=".." pos="X">..</wf>
         <wf lemma="vil" pos="X">vil</wf>
         <wf lemma="blive" pos="X">blive</wf>
         <wf lemma="behandlet" pos="X">behandlet</wf>
         <wf lemma="strengt" pos="X">strengt</wf>
         <wf lemma="fortroligt" pos="X">fortroligt</wf>
         <wf lemma="og" pos="X">og</wf>
         <wf lemma="vil" pos="X">vil</wf>
         <wf lemma="kun" pos="X">kun</wf>
         <wf lemma="blive" pos="X">blive</wf>
         <wf lemma="anvendt" pos="X">anvendt</wf>
         <wf lemma="til" pos="X">til</wf>
         <instance id="d000.s708.t000" lemma="statistisk" pos="ADJ">statistiske</instance>
         <wf lemma="formål" pos="X">formål</wf>
         <wf lemma="." pos="X">.</wf>
      </sentence>
      <sentence id="d000.s709" source="wordnet-danish">
         <wf lemma="'Initivgruppen'" pos="X">'Initivgruppen'</wf>
         <wf lemma="sendte" pos="X">sendte</wf>
         <wf lemma="en" pos="X">en</wf>
         <instance id="d000.s709.t000" lemma="ansøgning" pos="NOUN">ansøgning</instance>
         <wf lemma="til" pos="X">til</wf>
         <wf lemma="Københavns" pos="X">Københavns</wf>
         <wf lemma="Kommune" pos="X">Kommune</wf>
         <wf lemma="om" pos="X">om</wf>
         <wf lemma="overdragelse" pos="X">overdragelse</wf>
         <wf lemma="af" pos="X">af</wf>
         <wf lemma="den" pos="X">den</wf>
         <wf lemma="nedlagte" pos="X">nedlagte</wf>
         <wf lemma="brødfabrik" pos="X">brødfabrik</wf>
         <wf lemma="." pos="X">.</wf>
      </sentence>
      <sentence id="d000.s710" source="wordnet-danish">
         <wf lemma="Mange" pos="X">Mange</wf>
         <wf lemma="tror" pos="X">tror</wf>
         <wf lemma="," pos="X">,</wf>
         <wf lemma="at" pos="X">at</wf>
         <wf lemma="forskerne" pos="X">forskerne</wf>
         <wf lemma="sidder" pos="X">sidder</wf>
         <wf lemma="i" pos="X">i</wf>
         <wf lemma="deres" pos="X">deres</wf>
         <instance id="d000.s710.t000" lemma="laboratorium" pos="NOUN">laboratorier</instance>
         <wf lemma="og" pos="X">og</wf>
         <wf lemma="skaber" pos="X">skaber</wf>
         <wf lemma="monstrøse" pos="X">monstrøse</wf>
         <wf lemma="væsener" pos="X">væsener</wf>
         <wf lemma="eller" pos="X">eller</wf>
         <wf lemma="nye" pos="X">nye</wf>
         <wf lemma="planter" pos="X">planter</wf>
         <wf lemma="," pos="X">,</wf>
         <wf lemma="som" pos="X">som</wf>
         <wf lemma="vil" pos="X">vil</wf>
         <wf lemma="medføre" pos="X">medføre</wf>
         <wf lemma="store" pos="X">store</wf>
         <wf lemma="økologiske" pos="X">økologiske</wf>
         <wf lemma="omvæltninger" pos="X">omvæltninger</wf>
         <wf lemma="." pos="X">.</wf>
      </sentence>
      <sentence id="d000.s711" source="wordnet-danish">
         <wf lemma="han" pos="X">han</wf>
         <wf lemma="[vendte]" pos="X">[vendte]</wf>
         <wf lemma="sig" pos="X">sig</wf>
         <wf lemma="om" pos="X">om</wf>
         <wf lemma="mod" pos="X">mod</wf>
         <wf lemma="Martin" pos="X">Martin</wf>
         <wf lemma="og" pos="X">og</wf>
         <instance id="d000.s711.t000" lemma="gratulere" pos="VERB">gratulerede</instance>
         <wf lemma="ham" pos="X">ham</wf>
         <wf lemma="med" pos="X">med</wf>
         <wf lemma="sejren" pos="X">sejren</wf>
         <wf lemma="." pos="X">.</wf>
      </sentence>
      <sentence id="d000.s712" source="wordnet-danish">
         <wf lemma="Taget" pos="X">Taget</wf>
         <wf lemma="kan" pos="X">kan</wf>
         <wf lemma="være" pos="X">være</wf>
         <wf lemma="belagt" pos="X">belagt</wf>
         <wf lemma="med" pos="X">med</wf>
         <wf lemma="tegl" pos="X">tegl</wf>
         <wf lemma="," pos="X">,</wf>
         <instance id="d000.s712.t000" lemma="strå" pos="NOUN">strå</instance>
         <wf lemma="eller" pos="X">eller</wf>
         <wf lemma="plader" pos="X">plader</wf>
         <wf lemma="af" pos="X">af</wf>
         <wf lemma="alle" pos="X">alle</wf>
         <wf lemma="slags" pos="X">slags</wf>
         <wf lemma="." pos="X">.</wf>
      </sentence>
      <sentence id="d000.s713" source="wordnet-danish">
         <wf lemma="Han" pos="X">Han</wf>
         <wf lemma="fattede" pos="X">fattede</wf>
         <wf lemma="sympati" pos="X">sympati</wf>
         <wf lemma="for" pos="X">for</wf>
         <wf lemma="mig" pos="X">mig</wf>
         <wf lemma="og" pos="X">og</wf>
         <instance id="d000.s713.t000" lemma="introducere" pos="VERB">introducerede</instance>
         <wf lemma="mig" pos="X">mig</wf>
         <wf lemma="for" pos="X">for</wf>
         <wf lemma="sin" pos="X">sin</wf>
         <wf lemma="familie" pos="X">familie</wf>
         <wf lemma="." pos="X">.</wf>
      </sentence>
      <sentence id="d000.s714" source="wordnet-danish">
         <wf lemma="De" pos="X">De</wf>
         <wf lemma="kan" pos="X">kan</wf>
         <wf lemma="efter" pos="X">efter</wf>
         <instance id="d000.s714.t000" lemma="henvisning" pos="NOUN">henvisning</instance>
         <wf lemma="fra" pos="X">fra</wf>
         <wf lemma="Deres" pos="X">Deres</wf>
         <wf lemma="alment" pos="X">alment</wf>
         <wf lemma="praktiserende" pos="X">praktiserende</wf>
         <wf lemma="læge" pos="X">læge</wf>
         <wf lemma="få" pos="X">få</wf>
         <wf lemma="behandling" pos="X">behandling</wf>
         <wf lemma="hos" pos="X">hos</wf>
         <wf lemma="speciallæge" pos="X">speciallæge</wf>
         <wf lemma="," pos="X">,</wf>
         <wf lemma="fysioterapeut" pos="X">fysioterapeut</wf>
         <wf lemma="og" pos="X">og</wf>
         <wf lemma="fodterapeut" pos="X">fodterapeut</wf>
         <wf lemma="." pos="X">.</wf>
      </sentence>
      <sentence id="d000.s715" source="wordnet-danish">
         <wf lemma="Fundet" pos="X">Fundet</wf>
         <wf lemma="af" pos="X">af</wf>
         <wf lemma="en" pos="X">en</wf>
         <instance id="d000.s715.t000" lemma="blodig" pos="ADJ">blodig</instance>
         <wf lemma="kniv" pos="X">kniv</wf>
         <wf lemma="på" pos="X">på</wf>
         <wf lemma="den" pos="X">den</wf>
         <wf lemma="17-årige" pos="X">17-årige</wf>
         <wf lemma="beviste" pos="X">beviste</wf>
         <wf lemma=".." pos="X">..</wf>
         <wf lemma="at" pos="X">at</wf>
         <wf lemma="politiet" pos="X">politiet</wf>
         <wf lemma="havde" pos="X">havde</wf>
         <wf lemma="fat" pos="X">fat</wf>
         <wf lemma="i" pos="X">i</wf>
         <wf lemma="de" pos="X">de</wf>
         <wf lemma="skyldige" pos="X">skyldige</wf>
         <wf lemma="." pos="X">.</wf>
      </sentence>
      <sentence id="d000.s716" source="wordnet-danish">
         <wf lemma="Jeg" pos="X">Jeg</wf>
         <wf lemma="vil" pos="X">vil</wf>
         <wf lemma="da" pos="X">da</wf>
         <wf lemma="hellere" pos="X">hellere</wf>
         <wf lemma="have" pos="X">have</wf>
         <wf lemma="en" pos="X">en</wf>
         <wf lemma="udenlandsk" pos="X">udenlandsk</wf>
         <instance id="d000.s716.t000" lemma="koncern" pos="NOUN">koncern</instance>
         <wf lemma="til" pos="X">til</wf>
         <wf lemma="at" pos="X">at</wf>
         <wf lemma="købe" pos="X">købe</wf>
         <wf lemma="os" pos="X">os</wf>
         <wf lemma="op" pos="X">op</wf>
         <wf lemma="end" pos="X">end</wf>
         <wf lemma="have" pos="X">have</wf>
         <wf lemma="en" pos="X">en</wf>
         <wf lemma="dansk" pos="X">dansk</wf>
         <wf lemma="ejer" pos="X">ejer</wf>
         <wf lemma="," pos="X">,</wf>
         <wf lemma="der" pos="X">der</wf>
         <wf lemma="nedlægger" pos="X">nedlægger</wf>
         <wf lemma="firmaet" pos="X">firmaet</wf>
         <wf lemma="." pos="X">.</wf>
      </sentence>
      <sentence id="d000.s717" source="wordnet-danish">
         <wf lemma="Jorden" pos="X">Jorden</wf>
         <wf lemma="roterer" pos="X">roterer</wf>
         <wf lemma="en" pos="X">en</wf>
         <wf lemma="gang" pos="X">gang</wf>
         <wf lemma="om" pos="X">om</wf>
         <wf lemma="sin" pos="X">sin</wf>
         <instance id="d000.s717.t000" lemma="akse" pos="NOUN">akse</instance>
         <wf lemma="på" pos="X">på</wf>
         <wf lemma="24" pos="X">24</wf>
         <wf lemma="timer." pos="X">timer.</wf>
      </sentence>
      <sentence id="d000.s718" source="wordnet-danish">
         <wf lemma="Benny" pos="X">Benny</wf>
         <wf lemma="havde" pos="X">havde</wf>
         <wf lemma="været" pos="X">været</wf>
         <wf lemma="i" pos="X">i</wf>
         <wf lemma="det" pos="X">det</wf>
         <wf lemma="kreative" pos="X">kreative</wf>
         <instance id="d000.s718.t000" lemma="hjørne" pos="NOUN">hjørne</instance>
         <wf lemma="og" pos="X">og</wf>
         <wf lemma="lavet" pos="X">lavet</wf>
         <wf lemma="en" pos="X">en</wf>
         <wf lemma="collage" pos="X">collage</wf>
         <wf lemma="." pos="X">.</wf>
      </sentence>
      <sentence id="d000.s719" source="wordnet-danish">
         <wf lemma="hun" pos="X">hun</wf>
         <wf lemma="havde" pos="X">havde</wf>
         <instance id="d000.s719.t000" lemma="understrege" pos="VERB">understreget</instance>
         <wf lemma="med" pos="X">med</wf>
         <wf lemma="rødt" pos="X">rødt</wf>
         <wf lemma="," pos="X">,</wf>
         <wf lemma="hvad" pos="X">hvad</wf>
         <wf lemma="hun" pos="X">hun</wf>
         <wf lemma="syntes" pos="X">syntes</wf>
         <wf lemma="var" pos="X">var</wf>
         <wf lemma="mest" pos="X">mest</wf>
         <wf lemma="vigtigt" pos="X">vigtigt</wf>
         <wf lemma="." pos="X">.</wf>
      </sentence>
      <sentence id="d000.s720" source="wordnet-danish">
         <wf lemma="En" pos="X">En</wf>
         <wf lemma="frisør" pos="X">frisør</wf>
         <wf lemma="skal" pos="X">skal</wf>
         <wf lemma="både" pos="X">både</wf>
         <wf lemma="lytte" pos="X">lytte</wf>
         <wf lemma="og" pos="X">og</wf>
         <wf lemma="kunne" pos="X">kunne</wf>
         <wf lemma="fortælle" pos="X">fortælle</wf>
         <wf lemma="," pos="X">,</wf>
         <wf lemma="men" pos="X">men</wf>
         <wf lemma="hvad" pos="X">hvad</wf>
         <wf lemma="jeg" pos="X">jeg</wf>
         <wf lemma="får" pos="X">får</wf>
         <wf lemma="at" pos="X">at</wf>
         <wf lemma="vide" pos="X">vide</wf>
         <wf lemma="af" pos="X">af</wf>
         <wf lemma="mere" pos="X">mere</wf>
         <instance id="d000.s720.t000" lemma="privat" pos="ADJ">privat</instance>
         <wf lemma="karakter" pos="X">karakter</wf>
         <wf lemma="," pos="X">,</wf>
         <wf lemma="det" pos="X">det</wf>
         <wf lemma="holder" pos="X">holder</wf>
         <wf lemma="jeg" pos="X">jeg</wf>
         <wf lemma="for" pos="X">for</wf>
         <wf lemma="mig" pos="X">mig</wf>
         <wf lemma="selv" pos="X">selv</wf>
         <wf lemma="." pos="X">.</wf>
      </sentence>
      <sentence id="d000.s721" source="wordnet-danish">
         <wf lemma="Jeg" pos="X">Jeg</wf>
         <wf lemma="skal" pos="X">skal</wf>
         <wf lemma="da" pos="X">da</wf>
         <wf lemma="være" pos="X">være</wf>
         <wf lemma="den" pos="X">den</wf>
         <wf lemma="første" pos="X">første</wf>
         <wf lemma="til" pos="X">til</wf>
         <wf lemma="at" pos="X">at</wf>
         <wf lemma="erkende" pos="X">erkende</wf>
         <wf lemma="," pos="X">,</wf>
         <wf lemma="at" pos="X">at</wf>
         <wf lemma="den" pos="X">den</wf>
         <wf lemma="tyske" pos="X">tyske</wf>
         <instance id="d000.s721.t000" lemma="grammatik" pos="NOUN">grammatik</instance>
         <wf lemma="er" pos="X">er</wf>
         <wf lemma="uendelig" pos="X">uendelig</wf>
         <wf lemma="kedelig" pos="X">kedelig</wf>
         <wf lemma="og" pos="X">og</wf>
         <wf lemma="tør" pos="X">tør</wf>
         <wf lemma="," pos="X">,</wf>
         <wf lemma="men" pos="X">men</wf>
         <wf lemma="den" pos="X">den</wf>
         <wf lemma="skal" pos="X">skal</wf>
         <wf lemma="jo" pos="X">jo</wf>
         <wf lemma="læres" pos="X">læres</wf>
         <wf lemma="." pos="X">.</wf>
      </sentence>
      <sentence id="d000.s722" source="wordnet-danish">
         <wf lemma="Barnet" pos="X">Barnet</wf>
         <wf lemma="er" pos="X">er</wf>
         <wf lemma="meget" pos="X">meget</wf>
         <wf lemma="følsomt" pos="X">følsomt</wf>
         <wf lemma="over" pos="X">over</wf>
         <wf lemma="for" pos="X">for</wf>
         <wf lemma="de" pos="X">de</wf>
         <wf lemma="musikalske" pos="X">musikalske</wf>
         <wf lemma="kvaliteter" pos="X">kvaliteter</wf>
         <wf lemma="i" pos="X">i</wf>
         <wf lemma="de" pos="X">de</wf>
         <wf lemma="voksnes" pos="X">voksnes</wf>
         <instance id="d000.s722.t000" lemma="tale" pos="NOUN">tale</instance>
         <wf lemma="." pos="X">.</wf>
      </sentence>
      <sentence id="d000.s723" source="wordnet-danish">
         <wf lemma="Lørdagens" pos="X">Lørdagens</wf>
         <wf lemma="enkeltstart" pos="X">enkeltstart</wf>
         <wf lemma="stod" pos="X">stod</wf>
         <wf lemma="for" pos="X">for</wf>
         <wf lemma="mig" pos="X">mig</wf>
         <wf lemma="som" pos="X">som</wf>
         <wf lemma="den" pos="X">den</wf>
         <wf lemma="helt" pos="X">helt</wf>
         <wf lemma="store" pos="X">store</wf>
         <instance id="d000.s723.t000" lemma="prøve" pos="NOUN">prøve</instance>
         <wf lemma="." pos="X">.</wf>
         <wf lemma="Her" pos="X">Her</wf>
         <wf lemma="kunne" pos="X">kunne</wf>
         <wf lemma="jeg" pos="X">jeg</wf>
         <wf lemma="risikere" pos="X">risikere</wf>
         <wf lemma="at" pos="X">at</wf>
         <wf lemma="miste" pos="X">miste</wf>
         <wf lemma="føringen" pos="X">føringen</wf>
         <wf lemma="." pos="X">.</wf>
      </sentence>
      <sentence id="d000.s724" source="wordnet-danish">
         <wf lemma="en" pos="X">en</wf>
         <wf lemma="åben" pos="X">åben</wf>
         <wf lemma="kamin" pos="X">kamin</wf>
         <wf lemma="," pos="X">,</wf>
         <wf lemma="smykket" pos="X">smykket</wf>
         <wf lemma="med" pos="X">med</wf>
         <wf lemma="en" pos="X">en</wf>
         <instance id="d000.s724.t000" lemma="mosaik" pos="NOUN">mosaik</instance>
         <wf lemma="af" pos="X">af</wf>
         <wf lemma="flødefarvede" pos="X">flødefarvede</wf>
         <wf lemma="porcelænskakler" pos="X">porcelænskakler</wf>
         <wf lemma="." pos="X">.</wf>
      </sentence>
      <sentence id="d000.s725" source="wordnet-danish">
         <wf lemma="J.L" pos="X">J.L</wf>
         <wf lemma="." pos="X">.</wf>
         <wf lemma="Heiberg" pos="X">Heiberg</wf>
         <wf lemma=":" pos="X">:</wf>
         <wf lemma="Dramatik" pos="X">Dramatik</wf>
         <wf lemma="i" pos="X">i</wf>
         <instance id="d000.s725.t000" lemma="udvalg" pos="NOUN">udvalg</instance>
         <wf lemma="." pos="X">.</wf>
      </sentence>
      <sentence id="d000.s726" source="wordnet-danish">
         <instance id="d000.s726.t000" lemma="koncert" pos="NOUN">koncertens</instance>
         <wf lemma="gode" pos="X">gode</wf>
         <wf lemma="start" pos="X">start</wf>
         <wf lemma="havde" pos="X">havde</wf>
         <wf lemma="vakt" pos="X">vakt</wf>
         <wf lemma="publikums" pos="X">publikums</wf>
         <wf lemma="appetit" pos="X">appetit</wf>
         <wf lemma="efter" pos="X">efter</wf>
         <wf lemma="flere" pos="X">flere</wf>
         <wf lemma="veltilberedte" pos="X">veltilberedte</wf>
         <wf lemma="musikalske" pos="X">musikalske</wf>
         <wf lemma="lækkerier" pos="X">lækkerier</wf>
         <wf lemma="." pos="X">.</wf>
      </sentence>
      <sentence id="d000.s727" source="wordnet-danish">
         <wf lemma="Alle" pos="X">Alle</wf>
         <wf lemma="hans" pos="X">hans</wf>
         <wf lemma="personlige" pos="X">personlige</wf>
         <wf lemma="papirer" pos="X">papirer</wf>
         <wf lemma="er" pos="X">er</wf>
         <instance id="d000.s727.t000" lemma="forsvinde" pos="VERB">forsvundet</instance>
         <wf lemma="!" pos="X">!</wf>
      </sentence>
      <sentence id="d000.s728" source="wordnet-danish">
         <wf lemma="Sproget" pos="X">Sproget</wf>
         <wf lemma="er" pos="X">er</wf>
         <wf lemma="fuldt" pos="X">fuldt</wf>
         <wf lemma="af" pos="X">af</wf>
         <wf lemma="ord" pos="X">ord</wf>
         <wf lemma="der" pos="X">der</wf>
         <instance id="d000.s728.t000" lemma="stave" pos="VERB">staves</instance>
         <wf lemma="ens" pos="X">ens</wf>
         <wf lemma="," pos="X">,</wf>
         <wf lemma="men" pos="X">men</wf>
         <wf lemma="betyder" pos="X">betyder</wf>
         <wf lemma="noget" pos="X">noget</wf>
         <wf lemma="forskelligt" pos="X">forskelligt</wf>
         <wf lemma="afhængigt" pos="X">afhængigt</wf>
         <wf lemma="af" pos="X">af</wf>
         <wf lemma="sammenhængen" pos="X">sammenhængen</wf>
         <wf lemma=":" pos="X">:</wf>
         <wf lemma="tal" pos="X">tal</wf>
         <wf lemma="," pos="X">,</wf>
         <wf lemma="læser" pos="X">læser</wf>
         <wf lemma="," pos="X">,</wf>
         <wf lemma="kost" pos="X">kost</wf>
         <wf lemma="osv." pos="X">osv.</wf>
      </sentence>
      <sentence id="d000.s729" source="wordnet-danish">
         <wf lemma="tre" pos="X">tre</wf>
         <wf lemma="store" pos="X">store</wf>
         <wf lemma="dagblade" pos="X">dagblade</wf>
         <wf lemma="gav" pos="X">gav</wf>
         <wf lemma="'" pos="X">'</wf>
         <wf lemma="Styrmand" pos="X">Styrmand</wf>
         <wf lemma="Karlsens" pos="X">Karlsens</wf>
         <wf lemma="Flammer'" pos="X">Flammer'</wf>
         <wf lemma="dårlige" pos="X">dårlige</wf>
         <instance id="d000.s729.t000" lemma="anmeldelse" pos="NOUN">anmeldelser</instance>
         <wf lemma="." pos="X">.</wf>
      </sentence>
      <sentence id="d000.s730" source="wordnet-danish">
         <wf lemma="bortset" pos="X">bortset</wf>
         <wf lemma="fra" pos="X">fra</wf>
         <instance id="d000.s730.t000" lemma="frigivelse" pos="NOUN">frigivelsen</instance>
         <wf lemma="af" pos="X">af</wf>
         <wf lemma="nogle" pos="X">nogle</wf>
         <wf lemma="få" pos="X">få</wf>
         <wf lemma="tusinde" pos="X">tusinde</wf>
         <wf lemma="hårdt" pos="X">hårdt</wf>
         <wf lemma="sårede" pos="X">sårede</wf>
         <wf lemma="," pos="X">,</wf>
         <wf lemma="har" pos="X">har</wf>
         <wf lemma="de" pos="X">de</wf>
         <wf lemma="to" pos="X">to</wf>
         <wf lemma="lande" pos="X">lande</wf>
         <wf lemma="[" pos="X">[</wf>
         <wf lemma=":" pos="X">:</wf>
         <wf lemma="Iran" pos="X">Iran</wf>
         <wf lemma="og" pos="X">og</wf>
         <wf lemma="Irak]" pos="X">Irak]</wf>
         <wf lemma="heller" pos="X">heller</wf>
         <wf lemma="aldrig" pos="X">aldrig</wf>
         <wf lemma="udvekslet" pos="X">udvekslet</wf>
         <wf lemma="deres" pos="X">deres</wf>
         <wf lemma="krigsfanger" pos="X">krigsfanger</wf>
         <wf lemma="." pos="X">.</wf>
      </sentence>
      <sentence id="d000.s731" source="wordnet-danish">
         <wf lemma="Molen" pos="X">Molen</wf>
         <wf lemma="blev" pos="X">blev</wf>
         <wf lemma="bygget" pos="X">bygget</wf>
         <wf lemma="på" pos="X">på</wf>
         <instance id="d000.s731.t000" lemma="dispensation" pos="NOUN">dispensation</instance>
         <wf lemma="fra" pos="X">fra</wf>
         <wf lemma="fredningskendelsen" pos="X">fredningskendelsen</wf>
         <wf lemma="." pos="X">.</wf>
      </sentence>
      <sentence id="d000.s732" source="wordnet-danish">
         <wf lemma="Grundprincippet" pos="X">Grundprincippet</wf>
         <wf lemma="i" pos="X">i</wf>
         <wf lemma="den" pos="X">den</wf>
         <instance id="d000.s732.t000" lemma="mekanisk" pos="ADJ">mekaniske</instance>
         <wf lemma="symaskine" pos="X">symaskine</wf>
         <wf lemma="har" pos="X">har</wf>
         <wf lemma="holdt" pos="X">holdt</wf>
         <wf lemma="sig" pos="X">sig</wf>
         <wf lemma="uforandret" pos="X">uforandret</wf>
         <wf lemma="gennem" pos="X">gennem</wf>
         <wf lemma="200" pos="X">200</wf>
         <wf lemma="år" pos="X">år</wf>
         <wf lemma="." pos="X">.</wf>
      </sentence>
      <sentence id="d000.s733" source="wordnet-danish">
         <wf lemma="Kan" pos="X">Kan</wf>
         <wf lemma="du" pos="X">du</wf>
         <wf lemma="se" pos="X">se</wf>
         <wf lemma="en" pos="X">en</wf>
         <instance id="d000.s733.t000" lemma="forbindelse" pos="NOUN">forbindelse</instance>
         <wf lemma="mellem" pos="X">mellem</wf>
         <wf lemma="Monets" pos="X">Monets</wf>
         <wf lemma="og" pos="X">og</wf>
         <wf lemma="Giersings" pos="X">Giersings</wf>
         <wf lemma="måde" pos="X">måde</wf>
         <wf lemma="at" pos="X">at</wf>
         <wf lemma="male" pos="X">male</wf>
         <wf lemma="på" pos="X">på</wf>
         <wf lemma="?" pos="X">?</wf>
      </sentence>
      <sentence id="d000.s734" source="wordnet-danish">
         <wf lemma="Videnskaben" pos="X">Videnskaben</wf>
         <wf lemma="er" pos="X">er</wf>
         <wf lemma="heller" pos="X">heller</wf>
         <wf lemma="ikke" pos="X">ikke</wf>
         <instance id="d000.s734.t000" lemma="ufejlbarlig" pos="ADJ">ufejlbarlig</instance>
         <wf lemma="," pos="X">,</wf>
         <wf lemma="der" pos="X">der</wf>
         <wf lemma="er" pos="X">er</wf>
         <wf lemma="sket" pos="X">sket</wf>
         <wf lemma="dybt" pos="X">dybt</wf>
         <wf lemma="beskæmmende" pos="X">beskæmmende</wf>
         <wf lemma="fejl" pos="X">fejl</wf>
         <wf lemma="," pos="X">,</wf>
         <wf lemma="og" pos="X">og</wf>
         <wf lemma="regulær" pos="X">regulær</wf>
         <wf lemma="svindel" pos="X">svindel</wf>
         <wf lemma="forekommer" pos="X">forekommer</wf>
         <wf lemma="desværre" pos="X">desværre</wf>
         <wf lemma="også" pos="X">også</wf>
         <wf lemma="." pos="X">.</wf>
      </sentence>
      <sentence id="d000.s735" source="wordnet-danish">
         <wf lemma="Sydbank" pos="X">Sydbank</wf>
         <wf lemma="udsatte" pos="X">udsatte</wf>
         <wf lemma="i" pos="X">i</wf>
         <wf lemma="går" pos="X">går</wf>
         <wf lemma="en" pos="X">en</wf>
         <instance id="d000.s735.t000" lemma="dusør" pos="NOUN">dusør</instance>
         <wf lemma="på" pos="X">på</wf>
         <wf lemma="10.000" pos="X">10.000</wf>
         <wf lemma="kroner" pos="X">kroner</wf>
         <wf lemma="for" pos="X">for</wf>
         <wf lemma="oplysninger" pos="X">oplysninger</wf>
         <wf lemma="," pos="X">,</wf>
         <wf lemma="der" pos="X">der</wf>
         <wf lemma="kan" pos="X">kan</wf>
         <wf lemma="føre" pos="X">føre</wf>
         <wf lemma="til" pos="X">til</wf>
         <wf lemma="en" pos="X">en</wf>
         <wf lemma="opklaring" pos="X">opklaring</wf>
         <wf lemma="af" pos="X">af</wf>
         <wf lemma="røveriet" pos="X">røveriet</wf>
         <wf lemma="." pos="X">.</wf>
      </sentence>
      <sentence id="d000.s736" source="wordnet-danish">
         <wf lemma="regning" pos="X">regning</wf>
         <wf lemma="med" pos="X">med</wf>
         <instance id="d000.s736.t000" lemma="vektor" pos="NOUN">vektorer</instance>
         <wf lemma="kan" pos="X">kan</wf>
         <wf lemma="oversættes" pos="X">oversættes</wf>
         <wf lemma="til" pos="X">til</wf>
         <wf lemma="regning" pos="X">regning</wf>
         <wf lemma="med" pos="X">med</wf>
         <wf lemma="talsæt" pos="X">talsæt</wf>
         <wf lemma="bestående" pos="X">bestående</wf>
         <wf lemma="af" pos="X">af</wf>
         <wf lemma="to" pos="X">to</wf>
         <wf lemma="eller" pos="X">eller</wf>
         <wf lemma="tre" pos="X">tre</wf>
         <wf lemma="tal" pos="X">tal</wf>
         <wf lemma="," pos="X">,</wf>
         <wf lemma="nemlig" pos="X">nemlig</wf>
         <wf lemma="vektorernes" pos="X">vektorernes</wf>
         <wf lemma="koordinater" pos="X">koordinater</wf>
         <wf lemma="i" pos="X">i</wf>
         <wf lemma="et" pos="X">et</wf>
         <wf lemma="retvinklet" pos="X">retvinklet</wf>
         <wf lemma="koordinatsystem" pos="X">koordinatsystem</wf>
         <wf lemma="." pos="X">.</wf>
      </sentence>
      <sentence id="d000.s737" source="wordnet-danish">
         <wf lemma="Hun" pos="X">Hun</wf>
         <instance id="d000.s737.t000" lemma="prøve" pos="VERB">prøvede</instance>
         <wf lemma="at" pos="X">at</wf>
         <wf lemma="smile" pos="X">smile</wf>
         <wf lemma="," pos="X">,</wf>
         <wf lemma="men" pos="X">men</wf>
         <wf lemma="det" pos="X">det</wf>
         <wf lemma="blev" pos="X">blev</wf>
         <wf lemma="kun" pos="X">kun</wf>
         <wf lemma="til" pos="X">til</wf>
         <wf lemma="en" pos="X">en</wf>
         <wf lemma="lille" pos="X">lille</wf>
         <wf lemma="ynkelig" pos="X">ynkelig</wf>
         <wf lemma="trækning" pos="X">trækning</wf>
         <wf lemma="ved" pos="X">ved</wf>
         <wf lemma="munden" pos="X">munden</wf>
         <wf lemma="." pos="X">.</wf>
      </sentence>
      <sentence id="d000.s738" source="wordnet-danish">
         <wf lemma="Så" pos="X">Så</wf>
         <wf lemma="kom" pos="X">kom</wf>
         <wf lemma="pludselig" pos="X">pludselig</wf>
         <wf lemma="hendes" pos="X">hendes</wf>
         <instance id="d000.s738.t000" lemma="date" pos="NOUN">date</instance>
         <wf lemma="," pos="X">,</wf>
         <wf lemma="en" pos="X">en</wf>
         <wf lemma="italiener" pos="X">italiener</wf>
         <wf lemma="," pos="X">,</wf>
         <wf lemma="som" pos="X">som</wf>
         <wf lemma="prøvede" pos="X">prøvede</wf>
         <wf lemma="at" pos="X">at</wf>
         <wf lemma="tale" pos="X">tale</wf>
         <wf lemma="spansk" pos="X">spansk</wf>
         <wf lemma="." pos="X">.</wf>
      </sentence>
      <sentence id="d000.s739" source="wordnet-danish">
         <wf lemma="Deres" pos="X">Deres</wf>
         <wf lemma="bestemmelsessted" pos="X">bestemmelsessted</wf>
         <wf lemma="viste" pos="X">viste</wf>
         <wf lemma="sig" pos="X">sig</wf>
         <wf lemma="at" pos="X">at</wf>
         <wf lemma="være" pos="X">være</wf>
         <wf lemma="en" pos="X">en</wf>
         <wf lemma="lille" pos="X">lille</wf>
         <wf lemma="by" pos="X">by</wf>
         <wf lemma="," pos="X">,</wf>
         <wf lemma="som" pos="X">som</wf>
         <wf lemma="kun" pos="X">kun</wf>
         <wf lemma="var" pos="X">var</wf>
         <wf lemma="en" pos="X">en</wf>
         <instance id="d000.s739.t000" lemma="samling" pos="NOUN">samling</instance>
         <wf lemma="af" pos="X">af</wf>
         <wf lemma="få" pos="X">få</wf>
         <wf lemma="huse" pos="X">huse</wf>
         <wf lemma="." pos="X">.</wf>
      </sentence>
      <sentence id="d000.s740" source="wordnet-danish">
         <wf lemma="Pessaret" pos="X">Pessaret</wf>
         <wf lemma="skal" pos="X">skal</wf>
         <wf lemma="for" pos="X">for</wf>
         <wf lemma="at" pos="X">at</wf>
         <wf lemma="virke" pos="X">virke</wf>
         <wf lemma="rigtigt" pos="X">rigtigt</wf>
         <wf lemma="smøres" pos="X">smøres</wf>
         <wf lemma="med" pos="X">med</wf>
         <wf lemma="sæddræbende" pos="X">sæddræbende</wf>
         <instance id="d000.s740.t000" lemma="creme" pos="NOUN">creme</instance>
         <wf lemma="." pos="X">.</wf>
      </sentence>
      <sentence id="d000.s741" source="wordnet-danish">
         <wf lemma="Svarene" pos="X">Svarene</wf>
         <wf lemma="var" pos="X">var</wf>
         <instance id="d000.s741.t000" lemma="mangfoldig" pos="ADJ">mangfoldige</instance>
         <wf lemma="men" pos="X">men</wf>
         <wf lemma="sjældent" pos="X">sjældent</wf>
         <wf lemma="rigtige" pos="X">rigtige</wf>
         <wf lemma="." pos="X">.</wf>
      </sentence>
      <sentence id="d000.s742" source="wordnet-danish">
         <wf lemma="Som" pos="X">Som</wf>
         <wf lemma="følge" pos="X">følge</wf>
         <wf lemma="af" pos="X">af</wf>
         <wf lemma="det" pos="X">det</wf>
         <wf lemma="oven" pos="X">oven</wf>
         <wf lemma="for" pos="X">for</wf>
         <wf lemma="anførte" pos="X">anførte</wf>
         <wf lemma="har" pos="X">har</wf>
         <instance id="d000.s742.t000" lemma="sagsøger" pos="NOUN">sagsøger</instance>
         <wf lemma="krav" pos="X">krav</wf>
         <wf lemma="på" pos="X">på</wf>
         <wf lemma="erstatning" pos="X">erstatning</wf>
         <wf lemma="efter" pos="X">efter</wf>
         <wf lemma="funktionærlovens" pos="X">funktionærlovens</wf>
         <wf lemma="§" pos="X">§</wf>
         <wf lemma="15" pos="X">15</wf>
         <wf lemma="3" pos="X">3</wf>
         <wf lemma="," pos="X">,</wf>
         <wf lemma="stk." pos="X">stk.</wf>
         <wf lemma="2." pos="X">2.</wf>
      </sentence>
      <sentence id="d000.s743" source="wordnet-danish">
         <wf lemma="Hendes" pos="X">Hendes</wf>
         <wf lemma="besøg" pos="X">besøg</wf>
         <wf lemma="er" pos="X">er</wf>
         <wf lemma="den" pos="X">den</wf>
         <wf lemma="eneste" pos="X">eneste</wf>
         <instance id="d000.s743.t000" lemma="adspredelse" pos="NOUN">adspredelse</instance>
         <wf lemma="i" pos="X">i</wf>
         <wf lemma="min" pos="X">min</wf>
         <wf lemma="ensomhed" pos="X">ensomhed</wf>
         <wf lemma="." pos="X">.</wf>
      </sentence>
      <sentence id="d000.s744" source="wordnet-danish">
         <wf lemma="Efter" pos="X">Efter</wf>
         <wf lemma="en" pos="X">en</wf>
         <instance id="d000.s744.t000" lemma="græsselig" pos="ADJ">græsselig</instance>
         <wf lemma="1." pos="X">1.</wf>
         <wf lemma="halvleg" pos="X">halvleg</wf>
         <wf lemma=".." pos="X">..</wf>
         <wf lemma="fulgte" pos="X">fulgte</wf>
         <wf lemma="en" pos="X">en</wf>
         <wf lemma="grusommere" pos="X">grusommere</wf>
         <wf lemma="," pos="X">,</wf>
         <wf lemma="mere" pos="X">mere</wf>
         <wf lemma="fejlpasningsbefængt" pos="X">fejlpasningsbefængt</wf>
         <wf lemma="2." pos="X">2.</wf>
         <wf lemma="halvleg" pos="X">halvleg</wf>
         <wf lemma="." pos="X">.</wf>
      </sentence>
      <sentence id="d000.s745" source="wordnet-danish">
         <wf lemma="i" pos="X">i</wf>
         <wf lemma="det" pos="X">det</wf>
         <wf lemma="øjeblik" pos="X">øjeblik</wf>
         <wf lemma="de" pos="X">de</wf>
         <wf lemma="lagde" pos="X">lagde</wf>
         <instance id="d000.s745.t000" lemma="låg" pos="NOUN">låget</instance>
         <wf lemma="på" pos="X">på</wf>
         <wf lemma="kisten" pos="X">kisten</wf>
         <wf lemma="," pos="X">,</wf>
         <wf lemma="da" pos="X">da</wf>
         <wf lemma="brød" pos="X">brød</wf>
         <wf lemma="jeg" pos="X">jeg</wf>
         <wf lemma="fuldstændig" pos="X">fuldstændig</wf>
         <wf lemma="sammen" pos="X">sammen</wf>
         <wf lemma="." pos="X">.</wf>
      </sentence>
      <sentence id="d000.s746" source="wordnet-danish">
         <wf lemma="PROXIMA" pos="X">PROXIMA</wf>
         <wf lemma="," pos="X">,</wf>
         <wf lemma="Dansk" pos="X">Dansk</wf>
         <wf lemma="Science" pos="X">Science</wf>
         <wf lemma="Fiction" pos="X">Fiction</wf>
         <wf lemma="Tidsskrift" pos="X">Tidsskrift</wf>
         <wf lemma="," pos="X">,</wf>
         <wf lemma="udgives" pos="X">udgives</wf>
         <wf lemma=".." pos="X">..</wf>
         <wf lemma="med" pos="X">med</wf>
         <wf lemma="en" pos="X">en</wf>
         <wf lemma="tilstræbt" pos="X">tilstræbt</wf>
         <instance id="d000.s746.t000" lemma="frekvens" pos="NOUN">frekvens</instance>
         <wf lemma="på" pos="X">på</wf>
         <wf lemma="fire" pos="X">fire</wf>
         <wf lemma="numre" pos="X">numre</wf>
         <wf lemma="om" pos="X">om</wf>
         <wf lemma="året" pos="X">året</wf>
         <wf lemma="." pos="X">.</wf>
      </sentence>
      <sentence id="d000.s747" source="wordnet-danish">
         <wf lemma="Hak" pos="X">Hak</wf>
         <wf lemma="persille" pos="X">persille</wf>
         <wf lemma="og" pos="X">og</wf>
         <wf lemma="dild" pos="X">dild</wf>
         <wf lemma="og" pos="X">og</wf>
         <wf lemma="bland" pos="X">bland</wf>
         <wf lemma="det" pos="X">det</wf>
         <wf lemma="i" pos="X">i</wf>
         <wf lemma="lige" pos="X">lige</wf>
         <wf lemma="før" pos="X">før</wf>
         <instance id="d000.s747.t000" lemma="ris" pos="NOUN">risene</instance>
         <wf lemma="serveres" pos="X">serveres</wf>
         <wf lemma="." pos="X">.</wf>
      </sentence>
      <sentence id="d000.s748" source="wordnet-danish">
         <wf lemma="al" pos="X">al</wf>
         <wf lemma="flyvning" pos="X">flyvning</wf>
         <wf lemma="[blev]" pos="X">[blev]</wf>
         <instance id="d000.s748.t000" lemma="aflyse" pos="VERB">aflyst</instance>
         <wf lemma="på" pos="X">på</wf>
         <wf lemma="grund" pos="X">grund</wf>
         <wf lemma="af" pos="X">af</wf>
         <wf lemma="snestorm" pos="X">snestorm</wf>
         <wf lemma="." pos="X">.</wf>
      </sentence>
      <sentence id="d000.s749" source="wordnet-danish">
         <wf lemma="Hun" pos="X">Hun</wf>
         <wf lemma="oplever" pos="X">oplever</wf>
         <wf lemma="et" pos="X">et</wf>
         <instance id="d000.s749.t000" lemma="dilemma" pos="NOUN">dilemma</instance>
         <wf lemma="mellem" pos="X">mellem</wf>
         <wf lemma="at" pos="X">at</wf>
         <wf lemma="tage" pos="X">tage</wf>
         <wf lemma="hensyn" pos="X">hensyn</wf>
         <wf lemma="til" pos="X">til</wf>
         <wf lemma="sig" pos="X">sig</wf>
         <wf lemma="selv" pos="X">selv</wf>
         <wf lemma="og" pos="X">og</wf>
         <wf lemma="at" pos="X">at</wf>
         <wf lemma="tage" pos="X">tage</wf>
         <wf lemma="hensyn" pos="X">hensyn</wf>
         <wf lemma="til" pos="X">til</wf>
         <wf lemma="barnet" pos="X">barnet</wf>
         <wf lemma="." pos="X">.</wf>
      </sentence>
      <sentence id="d000.s750" source="wordnet-danish">
         <wf lemma="Det" pos="X">Det</wf>
         <wf lemma="mest" pos="X">mest</wf>
         <wf lemma="vilde" pos="X">vilde</wf>
         <wf lemma="," pos="X">,</wf>
         <instance id="d000.s750.t000" lemma="student" pos="NOUN">studenterne</instance>
         <wf lemma="gjorde" pos="X">gjorde</wf>
         <wf lemma="," pos="X">,</wf>
         <wf lemma="var" pos="X">var</wf>
         <wf lemma="," pos="X">,</wf>
         <wf lemma="da" pos="X">da</wf>
         <wf lemma="de" pos="X">de</wf>
         <wf lemma="besatte" pos="X">besatte</wf>
         <wf lemma="rektors" pos="X">rektors</wf>
         <wf lemma="kontor" pos="X">kontor</wf>
         <wf lemma="," pos="X">,</wf>
         <wf lemma="røg" pos="X">røg</wf>
         <wf lemma="hans" pos="X">hans</wf>
         <wf lemma="cigarer" pos="X">cigarer</wf>
         <wf lemma="og" pos="X">og</wf>
         <wf lemma="drak" pos="X">drak</wf>
         <wf lemma="hans" pos="X">hans</wf>
         <wf lemma="sherry" pos="X">sherry</wf>
         <wf lemma="." pos="X">.</wf>
      </sentence>
      <sentence id="d000.s751" source="wordnet-danish">
         <wf lemma="Nu" pos="X">Nu</wf>
         <instance id="d000.s751.t000" lemma="introducere" pos="VERB">introduceres</instance>
         <wf lemma="de" pos="X">de</wf>
         <wf lemma="nye" pos="X">nye</wf>
         <wf lemma="3-dørs" pos="X">3-dørs</wf>
         <wf lemma="udgaver" pos="X">udgaver</wf>
         <wf lemma="af" pos="X">af</wf>
         <wf lemma="Årets" pos="X">Årets</wf>
         <wf lemma="Bil" pos="X">Bil</wf>
         <wf lemma="i" pos="X">i</wf>
         <wf lemma="Danmark" pos="X">Danmark</wf>
         <wf lemma="." pos="X">.</wf>
      </sentence>
      <sentence id="d000.s752" source="wordnet-danish">
         <wf lemma="Han" pos="X">Han</wf>
         <wf lemma="havde" pos="X">havde</wf>
         <wf lemma="en" pos="X">en</wf>
         <wf lemma="tophue" pos="X">tophue</wf>
         <wf lemma="trukket" pos="X">trukket</wf>
         <wf lemma="godt" pos="X">godt</wf>
         <wf lemma="ned" pos="X">ned</wf>
         <wf lemma="i" pos="X">i</wf>
         <instance id="d000.s752.t000" lemma="pande" pos="NOUN">panden</instance>
         <wf lemma="og" pos="X">og</wf>
         <wf lemma="solbriller" pos="X">solbriller</wf>
         <wf lemma="på" pos="X">på</wf>
         <wf lemma="." pos="X">.</wf>
      </sentence>
      <sentence id="d000.s753" source="wordnet-danish">
         <wf lemma="politiet" pos="X">politiet</wf>
         <wf lemma="kørte" pos="X">kørte</wf>
         <wf lemma="rundt" pos="X">rundt</wf>
         <wf lemma="i" pos="X">i</wf>
         <wf lemma="området" pos="X">området</wf>
         <wf lemma="i" pos="X">i</wf>
         <wf lemma="et" pos="X">et</wf>
         <instance id="d000.s753.t000" lemma="forsøg" pos="NOUN">forsøg</instance>
         <wf lemma="på" pos="X">på</wf>
         <wf lemma="at" pos="X">at</wf>
         <wf lemma="finde" pos="X">finde</wf>
         <wf lemma="gerningsmændene" pos="X">gerningsmændene</wf>
         <wf lemma="til" pos="X">til</wf>
         <wf lemma="sabotagen" pos="X">sabotagen</wf>
         <wf lemma="." pos="X">.</wf>
      </sentence>
      <sentence id="d000.s754" source="wordnet-danish">
         <wf lemma="Nu" pos="X">Nu</wf>
         <wf lemma="må" pos="X">må</wf>
         <wf lemma="hans" pos="X">hans</wf>
         <wf lemma="kone" pos="X">kone</wf>
         <wf lemma=".." pos="X">..</wf>
         <wf lemma="opgive" pos="X">opgive</wf>
         <wf lemma="sit" pos="X">sit</wf>
         <wf lemma="hidtidige" pos="X">hidtidige</wf>
         <wf lemma="liv" pos="X">liv</wf>
         <wf lemma="mellem" pos="X">mellem</wf>
         <wf lemma="swimmingpools" pos="X">swimmingpools</wf>
         <wf lemma="og" pos="X">og</wf>
         <instance id="d000.s754.t000" lemma="krydstogt" pos="NOUN">krydstogter</instance>
         <wf lemma="." pos="X">.</wf>
      </sentence>
      <sentence id="d000.s755" source="wordnet-danish">
         <wf lemma="En" pos="X">En</wf>
         <wf lemma="ledning" pos="X">ledning</wf>
         <wf lemma="var" pos="X">var</wf>
         <wf lemma="slidt" pos="X">slidt</wf>
         <wf lemma="over" pos="X">over</wf>
         <wf lemma="," pos="X">,</wf>
         <wf lemma="drengen" pos="X">drengen</wf>
         <wf lemma="fik" pos="X">fik</wf>
         <instance id="d000.s755.t000" lemma="stød" pos="NOUN">stød</instance>
         <wf lemma="og" pos="X">og</wf>
         <wf lemma="døde" pos="X">døde</wf>
         <wf lemma="." pos="X">.</wf>
      </sentence>
      <sentence id="d000.s756" source="wordnet-danish">
         <instance id="d000.s756.t000" lemma="ret" pos="NOUN">Retten</instance>
         <wf lemma="har" pos="X">har</wf>
         <wf lemma="besluttet" pos="X">besluttet</wf>
         <wf lemma="," pos="X">,</wf>
         <wf lemma="at" pos="X">at</wf>
         <wf lemma="sagen" pos="X">sagen</wf>
         <wf lemma="skal" pos="X">skal</wf>
         <wf lemma="behandles" pos="X">behandles</wf>
         <wf lemma="ved" pos="X">ved</wf>
         <wf lemma="en" pos="X">en</wf>
         <wf lemma="mundtlig" pos="X">mundtlig</wf>
         <wf lemma="forhandling" pos="X">forhandling</wf>
         <wf lemma="," pos="X">,</wf>
         <wf lemma="hvorunder" pos="X">hvorunder</wf>
         <wf lemma="der" pos="X">der</wf>
         <wf lemma="vil" pos="X">vil</wf>
         <wf lemma="blive" pos="X">blive</wf>
         <wf lemma="ført" pos="X">ført</wf>
         <wf lemma="mindst" pos="X">mindst</wf>
         <wf lemma="tre" pos="X">tre</wf>
         <wf lemma="vidner" pos="X">vidner</wf>
         <wf lemma="." pos="X">.</wf>
      </sentence>
      <sentence id="d000.s757" source="wordnet-danish">
         <wf lemma="Th" pos="X">Th</wf>
         <wf lemma="." pos="X">.</wf>
         <wf lemma="Olesen" pos="X">Olesen</wf>
         <wf lemma="er" pos="X">er</wf>
         <wf lemma="grundlagt" pos="X">grundlagt</wf>
         <wf lemma="af" pos="X">af</wf>
         <wf lemma="min" pos="X">min</wf>
         <instance id="d000.s757.t000" lemma="bedstefar" pos="NOUN">bedstefar</instance>
         <wf lemma="," pos="X">,</wf>
         <wf lemma="og" pos="X">og</wf>
         <wf lemma="udviklet" pos="X">udviklet</wf>
         <wf lemma="til" pos="X">til</wf>
         <wf lemma="en" pos="X">en</wf>
         <wf lemma="betydelig" pos="X">betydelig</wf>
         <wf lemma="virksomhed" pos="X">virksomhed</wf>
         <wf lemma="af" pos="X">af</wf>
         <wf lemma="min" pos="X">min</wf>
         <wf lemma="farbror" pos="X">farbror</wf>
         <wf lemma="og" pos="X">og</wf>
         <wf lemma="min" pos="X">min</wf>
         <wf lemma="far" pos="X">far</wf>
         <wf lemma="." pos="X">.</wf>
      </sentence>
      <sentence id="d000.s758" source="wordnet-danish">
         <wf lemma="jeg" pos="X">jeg</wf>
         <wf lemma="er" pos="X">er</wf>
         <wf lemma="helt" pos="X">helt</wf>
         <wf lemma="syg" pos="X">syg</wf>
         <wf lemma="ved" pos="X">ved</wf>
         <wf lemma="tanken" pos="X">tanken</wf>
         <wf lemma="om" pos="X">om</wf>
         <wf lemma="," pos="X">,</wf>
         <wf lemma="at" pos="X">at</wf>
         <wf lemma="han" pos="X">han</wf>
         <wf lemma="har" pos="X">har</wf>
         <instance id="d000.s758.t000" lemma="kæle" pos="VERB">kælet</instance>
         <wf lemma="for" pos="X">for</wf>
         <wf lemma="en" pos="X">en</wf>
         <wf lemma="anden" pos="X">anden</wf>
         <wf lemma="kvinde" pos="X">kvinde</wf>
         <wf lemma="." pos="X">.</wf>
      </sentence>
      <sentence id="d000.s759" source="wordnet-danish">
         <wf lemma="Stjernerne" pos="X">Stjernerne</wf>
         <wf lemma="i" pos="X">i</wf>
         <wf lemma="bornholmernes" pos="X">bornholmernes</wf>
         <wf lemma="fiskerierhverv" pos="X">fiskerierhverv</wf>
         <wf lemma="er" pos="X">er</wf>
         <wf lemma="ørred" pos="X">ørred</wf>
         <wf lemma="," pos="X">,</wf>
         <instance id="d000.s759.t000" lemma="laks" pos="NOUN">laks</instance>
         <wf lemma="og" pos="X">og</wf>
         <wf lemma="sild" pos="X">sild</wf>
         <wf lemma="." pos="X">.</wf>
      </sentence>
      <sentence id="d000.s760" source="wordnet-danish">
         <wf lemma="han" pos="X">han</wf>
         <wf lemma="var" pos="X">var</wf>
         <wf lemma="38" pos="X">38</wf>
         <wf lemma="år" pos="X">år</wf>
         <wf lemma="og" pos="X">og</wf>
         <wf lemma="boede" pos="X">boede</wf>
         <wf lemma="alene" pos="X">alene</wf>
         <wf lemma="med" pos="X">med</wf>
         <wf lemma="sin" pos="X">sin</wf>
         <instance id="d000.s760.t000" lemma="datter" pos="NOUN">datter</instance>
         <wf lemma="på" pos="X">på</wf>
         <wf lemma="tre" pos="X">tre</wf>
         <wf lemma="år" pos="X">år</wf>
         <wf lemma="." pos="X">.</wf>
      </sentence>
      <sentence id="d000.s761" source="wordnet-danish">
         <wf lemma="Somme" pos="X">Somme</wf>
         <wf lemma="tider" pos="X">tider</wf>
         <wf lemma="kneb" pos="X">kneb</wf>
         <wf lemma="det" pos="X">det</wf>
         <wf lemma="med" pos="X">med</wf>
         <wf lemma="at" pos="X">at</wf>
         <wf lemma="få" pos="X">få</wf>
         <wf lemma="grisen" pos="X">grisen</wf>
         <wf lemma="til" pos="X">til</wf>
         <wf lemma="at" pos="X">at</wf>
         <instance id="d000.s761.t000" lemma="æde" pos="VERB">æde</instance>
         <wf lemma="nok" pos="X">nok</wf>
         <wf lemma="," pos="X">,</wf>
         <wf lemma="så" pos="X">så</wf>
         <wf lemma="den" pos="X">den</wf>
         <wf lemma="kunne" pos="X">kunne</wf>
         <wf lemma="blive" pos="X">blive</wf>
         <wf lemma="stor" pos="X">stor</wf>
         <wf lemma="nok" pos="X">nok</wf>
         <wf lemma="." pos="X">.</wf>
      </sentence>
      <sentence id="d000.s762" source="wordnet-danish">
         <wf lemma="Laura" pos="X">Laura</wf>
         <wf lemma="havde" pos="X">havde</wf>
         <wf lemma="fået" pos="X">fået</wf>
         <wf lemma="tilkendt" pos="X">tilkendt</wf>
         <wf lemma="alle" pos="X">alle</wf>
         <wf lemma="fire" pos="X">fire</wf>
         <wf lemma="børn" pos="X">børn</wf>
         <wf lemma="ved" pos="X">ved</wf>
         <wf lemma="separationen" pos="X">separationen</wf>
         <wf lemma="," pos="X">,</wf>
         <wf lemma="men" pos="X">men</wf>
         <wf lemma="det" pos="X">det</wf>
         <wf lemma="var" pos="X">var</wf>
         <wf lemma="en" pos="X">en</wf>
         <wf lemma="foreløbig" pos="X">foreløbig</wf>
         <wf lemma="afgørelse" pos="X">afgørelse</wf>
         <wf lemma="," pos="X">,</wf>
         <wf lemma="som" pos="X">som</wf>
         <wf lemma="kunne" pos="X">kunne</wf>
         <instance id="d000.s762.t000" lemma="omstøde" pos="VERB">omstødes</instance>
         <wf lemma="ved" pos="X">ved</wf>
         <wf lemma="den" pos="X">den</wf>
         <wf lemma="endelige" pos="X">endelige</wf>
         <wf lemma="skilsmisse" pos="X">skilsmisse</wf>
         <wf lemma="." pos="X">.</wf>
      </sentence>
      <sentence id="d000.s763" source="wordnet-danish">
         <wf lemma="Efterårsferien" pos="X">Efterårsferien</wf>
         <wf lemma="nærmer" pos="X">nærmer</wf>
         <wf lemma="sig" pos="X">sig</wf>
         <wf lemma="med" pos="X">med</wf>
         <wf lemma="alle" pos="X">alle</wf>
         <wf lemma="sine" pos="X">sine</wf>
         <wf lemma="dejlige" pos="X">dejlige</wf>
         <wf lemma="lange" pos="X">lange</wf>
         <instance id="d000.s763.t000" lemma="ledig" pos="ADJ">ledige</instance>
         <wf lemma="timer" pos="X">timer</wf>
         <wf lemma="," pos="X">,</wf>
         <wf lemma="uden" pos="X">uden</wf>
         <wf lemma="skole" pos="X">skole</wf>
         <wf lemma="," pos="X">,</wf>
         <wf lemma="uden" pos="X">uden</wf>
         <wf lemma="lektier" pos="X">lektier</wf>
         <wf lemma="og" pos="X">og</wf>
         <wf lemma="våde" pos="X">våde</wf>
         <wf lemma="tavlesvampe" pos="X">tavlesvampe</wf>
         <wf lemma="." pos="X">.</wf>
      </sentence>
      <sentence id="d000.s764" source="wordnet-danish">
         <wf lemma="hun" pos="X">hun</wf>
         <wf lemma="fik" pos="X">fik</wf>
         <wf lemma="en" pos="X">en</wf>
         <instance id="d000.s764.t000" lemma="forbinding" pos="NOUN">forbinding</instance>
         <wf lemma="om" pos="X">om</wf>
         <wf lemma="brystet" pos="X">brystet</wf>
         <wf lemma="," pos="X">,</wf>
         <wf lemma="fordi" pos="X">fordi</wf>
         <wf lemma="hun" pos="X">hun</wf>
         <wf lemma="havde" pos="X">havde</wf>
         <wf lemma="brækket" pos="X">brækket</wf>
         <wf lemma="nogle" pos="X">nogle</wf>
         <wf lemma="ribben" pos="X">ribben</wf>
         <wf lemma="." pos="X">.</wf>
      </sentence>
      <sentence id="d000.s765" source="wordnet-danish">
         <wf lemma="En" pos="X">En</wf>
         <wf lemma="fårehyrde" pos="X">fårehyrde</wf>
         <wf lemma="med" pos="X">med</wf>
         <wf lemma="sin" pos="X">sin</wf>
         <instance id="d000.s765.t000" lemma="hjord" pos="NOUN">hjord</instance>
         <wf lemma="i" pos="X">i</wf>
         <wf lemma="bjergene" pos="X">bjergene</wf>
         <wf lemma="." pos="X">.</wf>
         <wf lemma="Det" pos="X">Det</wf>
         <wf lemma="ser" pos="X">ser</wf>
         <wf lemma="nøjsomt" pos="X">nøjsomt</wf>
         <wf lemma="ud" pos="X">ud</wf>
         <wf lemma="," pos="X">,</wf>
         <wf lemma="men" pos="X">men</wf>
         <wf lemma="fårene" pos="X">fårene</wf>
         <wf lemma="er" pos="X">er</wf>
         <wf lemma="en" pos="X">en</wf>
         <wf lemma="guldgrube" pos="X">guldgrube</wf>
         <wf lemma="," pos="X">,</wf>
         <wf lemma="en" pos="X">en</wf>
         <wf lemma="malkerace" pos="X">malkerace</wf>
         <wf lemma="," pos="X">,</wf>
         <wf lemma="der" pos="X">der</wf>
         <wf lemma="producerer" pos="X">producerer</wf>
         <wf lemma="mælk" pos="X">mælk</wf>
         <wf lemma="til" pos="X">til</wf>
         <wf lemma="den" pos="X">den</wf>
         <wf lemma="berømte" pos="X">berømte</wf>
         <wf lemma="roquefort-ost" pos="X">roquefort-ost</wf>
         <wf lemma="." pos="X">.</wf>
      </sentence>
      <sentence id="d000.s766" source="wordnet-danish">
         <wf lemma="Günthers" pos="X">Günthers</wf>
         <wf lemma="far" pos="X">far</wf>
         <wf lemma="blev" pos="X">blev</wf>
         <wf lemma="ramt" pos="X">ramt</wf>
         <wf lemma="af" pos="X">af</wf>
         <wf lemma="sit" pos="X">sit</wf>
         <wf lemma="andet" pos="X">andet</wf>
         <instance id="d000.s766.t000" lemma="slagtilfælde" pos="NOUN">slagtilfælde</instance>
         <wf lemma="den" pos="X">den</wf>
         <wf lemma="følgende" pos="X">følgende</wf>
         <wf lemma="vinter" pos="X">vinter</wf>
         <wf lemma="." pos="X">.</wf>
      </sentence>
      <sentence id="d000.s767" source="wordnet-danish">
         <wf lemma="Der" pos="X">Der</wf>
         <wf lemma="kommer" pos="X">kommer</wf>
         <wf lemma="vidt" pos="X">vidt</wf>
         <wf lemma="forskellige" pos="X">forskellige</wf>
         <wf lemma="folkloregrupper" pos="X">folkloregrupper</wf>
         <wf lemma="og" pos="X">og</wf>
         <instance id="d000.s767.t000" lemma="orkester" pos="NOUN">orkestre</instance>
         <wf lemma="spændende" pos="X">spændende</wf>
         <wf lemma="fra" pos="X">fra</wf>
         <wf lemma="moderne" pos="X">moderne</wf>
         <wf lemma="big" pos="X">big</wf>
         <wf lemma="bands" pos="X">bands</wf>
         <wf lemma="til" pos="X">til</wf>
         <wf lemma="klassisk" pos="X">klassisk</wf>
         <wf lemma="strygerensemble" pos="X">strygerensemble</wf>
         <wf lemma="." pos="X">.</wf>
      </sentence>
      <sentence id="d000.s768" source="wordnet-danish">
         <wf lemma="Hun" pos="X">Hun</wf>
         <wf lemma="blev" pos="X">blev</wf>
         <wf lemma="ikke" pos="X">ikke</wf>
         <wf lemma="genansat" pos="X">genansat</wf>
         <wf lemma="som" pos="X">som</wf>
         <wf lemma="direktør" pos="X">direktør</wf>
         <wf lemma="," pos="X">,</wf>
         <wf lemma="da" pos="X">da</wf>
         <wf lemma="hendes" pos="X">hendes</wf>
         <instance id="d000.s768.t000" lemma="kontrakt" pos="NOUN">kontrakt</instance>
         <wf lemma="udløb" pos="X">udløb</wf>
         <wf lemma="." pos="X">.</wf>
      </sentence>
      <sentence id="d000.s769" source="wordnet-danish">
         <wf lemma="Og" pos="X">Og</wf>
         <wf lemma="melder" pos="X">melder</wf>
         <wf lemma="lækkersulten" pos="X">lækkersulten</wf>
         <wf lemma="sig" pos="X">sig</wf>
         <wf lemma="," pos="X">,</wf>
         <wf lemma="så" pos="X">så</wf>
         <wf lemma="tag" pos="X">tag</wf>
         <wf lemma="en" pos="X">en</wf>
         <instance id="d000.s769.t000" lemma="appelsin" pos="NOUN">appelsin</instance>
         <wf lemma="eller" pos="X">eller</wf>
         <wf lemma="måske" pos="X">måske</wf>
         <wf lemma="en" pos="X">en</wf>
         <wf lemma="grapefrugt" pos="X">grapefrugt</wf>
         <wf lemma="." pos="X">.</wf>
      </sentence>
      <sentence id="d000.s770" source="wordnet-danish">
         <wf lemma="Restauranten" pos="X">Restauranten</wf>
         <wf lemma="kan" pos="X">kan</wf>
         <instance id="d000.s770.t000" lemma="rumme" pos="VERB">rumme</instance>
         <wf lemma="300" pos="X">300</wf>
         <wf lemma="siddende" pos="X">siddende</wf>
         <wf lemma="gæster" pos="X">gæster</wf>
         <wf lemma="." pos="X">.</wf>
      </sentence>
      <sentence id="d000.s771" source="wordnet-danish">
         <wf lemma="Ved" pos="X">Ved</wf>
         <wf lemma="indtagelse" pos="X">indtagelse</wf>
         <wf lemma="af" pos="X">af</wf>
         <instance id="d000.s771.t000" lemma="giftstof" pos="NOUN">giftstoffer</instance>
         <wf lemma="er" pos="X">er</wf>
         <wf lemma="det" pos="X">det</wf>
         <wf lemma="muligt" pos="X">muligt</wf>
         <wf lemma="at" pos="X">at</wf>
         <wf lemma="forhindre" pos="X">forhindre</wf>
         <wf lemma="en" pos="X">en</wf>
         <wf lemma="forgiftning" pos="X">forgiftning</wf>
         <wf lemma="ved" pos="X">ved</wf>
         <wf lemma="hurtig" pos="X">hurtig</wf>
         <wf lemma="udpumpning" pos="X">udpumpning</wf>
         <wf lemma="af" pos="X">af</wf>
         <wf lemma="mavesækken" pos="X">mavesækken</wf>
         <wf lemma="." pos="X">.</wf>
      </sentence>
      <sentence id="d000.s772" source="wordnet-danish">
         <wf lemma="Overtrædelser" pos="X">Overtrædelser</wf>
         <wf lemma="af" pos="X">af</wf>
         <wf lemma="reglerne" pos="X">reglerne</wf>
         <wf lemma="i" pos="X">i</wf>
         <wf lemma="det" pos="X">det</wf>
         <wf lemma="åbne" pos="X">åbne</wf>
         <wf lemma="fængsel" pos="X">fængsel</wf>
         <wf lemma="betyder" pos="X">betyder</wf>
         <wf lemma="ikke" pos="X">ikke</wf>
         <wf lemma="altid" pos="X">altid</wf>
         <wf lemma="en" pos="X">en</wf>
         <instance id="d000.s772.t000" lemma="overførsel" pos="NOUN">overførsel</instance>
         <wf lemma="til" pos="X">til</wf>
         <wf lemma="et" pos="X">et</wf>
         <wf lemma="lukket" pos="X">lukket</wf>
         <wf lemma="fængsel" pos="X">fængsel</wf>
         <wf lemma="." pos="X">.</wf>
      </sentence>
      <sentence id="d000.s773" source="wordnet-danish">
         <wf lemma="sidste" pos="X">sidste</wf>
         <wf lemma="år" pos="X">år</wf>
         <wf lemma="spyede" pos="X">spyede</wf>
         <wf lemma="EF" pos="X">EF</wf>
         <wf lemma="godt" pos="X">godt</wf>
         <wf lemma="1.200" pos="X">1.200</wf>
         <wf lemma="direktiver" pos="X">direktiver</wf>
         <wf lemma="ud" pos="X">ud</wf>
         <wf lemma="af" pos="X">af</wf>
         <instance id="d000.s773.t000" lemma="maskineri" pos="NOUN">maskineriet</instance>
         <wf lemma="," pos="X">,</wf>
         <wf lemma="mens" pos="X">mens</wf>
         <wf lemma="det" pos="X">det</wf>
         <wf lemma="danske" pos="X">danske</wf>
         <wf lemma="folketing" pos="X">folketing</wf>
         <wf lemma="kun" pos="X">kun</wf>
         <wf lemma="vedtog" pos="X">vedtog</wf>
         <wf lemma="222" pos="X">222</wf>
         <wf lemma="love." pos="X">love.</wf>
      </sentence>
      <sentence id="d000.s774" source="wordnet-danish">
         <wf lemma="Spisebordet" pos="X">Spisebordet</wf>
         <wf lemma="har" pos="X">har</wf>
         <wf lemma="vi" pos="X">vi</wf>
         <wf lemma="selv" pos="X">selv</wf>
         <wf lemma="lavet" pos="X">lavet</wf>
         <wf lemma="af" pos="X">af</wf>
         <wf lemma="nogle" pos="X">nogle</wf>
         <wf lemma="kæmpe" pos="X">kæmpe</wf>
         <wf lemma="træstammer" pos="X">træstammer</wf>
         <wf lemma="," pos="X">,</wf>
         <wf lemma="som" pos="X">som</wf>
         <wf lemma="vi" pos="X">vi</wf>
         <wf lemma="har" pos="X">har</wf>
         <instance id="d000.s774.t000" lemma="binde" pos="VERB">bundet</instance>
         <wf lemma="sammen" pos="X">sammen</wf>
         <wf lemma="med" pos="X">med</wf>
         <wf lemma="tov" pos="X">tov</wf>
         <wf lemma="." pos="X">.</wf>
      </sentence>
      <sentence id="d000.s775" source="wordnet-danish">
         <wf lemma="ingen" pos="X">ingen</wf>
         <wf lemma="kan" pos="X">kan</wf>
         <wf lemma="med" pos="X">med</wf>
         <wf lemma="rimelighed" pos="X">rimelighed</wf>
         <wf lemma="forvente" pos="X">forvente</wf>
         <wf lemma="," pos="X">,</wf>
         <wf lemma="at" pos="X">at</wf>
         <wf lemma="FN-soldaterne" pos="X">FN-soldaterne</wf>
         <wf lemma="stiller" pos="X">stiller</wf>
         <wf lemma="op" pos="X">op</wf>
         <wf lemma="som" pos="X">som</wf>
         <instance id="d000.s775.t000" lemma="levende" pos="ADJ">levende</instance>
         <wf lemma="skydeskiver" pos="X">skydeskiver</wf>
         <wf lemma="." pos="X">.</wf>
      </sentence>
      <sentence id="d000.s776" source="wordnet-danish">
         <wf lemma="hun" pos="X">hun</wf>
         <wf lemma="vippede" pos="X">vippede</wf>
         <instance id="d000.s776.t000" lemma="kapsel" pos="NOUN">kapslen</instance>
         <wf lemma="af" pos="X">af</wf>
         <wf lemma="endnu" pos="X">endnu</wf>
         <wf lemma="en" pos="X">en</wf>
         <wf lemma="guldøl" pos="X">guldøl</wf>
         <wf lemma="samt" pos="X">samt</wf>
         <wf lemma="en" pos="X">en</wf>
         <wf lemma="Jolly" pos="X">Jolly</wf>
         <wf lemma="Cola" pos="X">Cola</wf>
         <wf lemma="." pos="X">.</wf>
      </sentence>
      <sentence id="d000.s777" source="wordnet-danish">
         <instance id="d000.s777.t000" lemma="parabol" pos="NOUN">Parabolen</instance>
         <wf lemma="rettes" pos="X">rettes</wf>
         <wf lemma=".." pos="X">..</wf>
         <wf lemma="mod" pos="X">mod</wf>
         <wf lemma="TV-SAT" pos="X">TV-SAT</wf>
         <wf lemma="," pos="X">,</wf>
         <wf lemma="indtil" pos="X">indtil</wf>
         <wf lemma="du" pos="X">du</wf>
         <wf lemma="får" pos="X">får</wf>
         <wf lemma="tilstrækkeligt" pos="X">tilstrækkeligt</wf>
         <wf lemma="med" pos="X">med</wf>
         <wf lemma="signal" pos="X">signal</wf>
         <wf lemma="ind" pos="X">ind</wf>
         <wf lemma="på" pos="X">på</wf>
         <wf lemma="tuneren" pos="X">tuneren</wf>
         <wf lemma="." pos="X">.</wf>
      </sentence>
      <sentence id="d000.s778" source="wordnet-danish">
         <wf lemma="eddadigtene" pos="X">eddadigtene</wf>
         <wf lemma="er" pos="X">er</wf>
         <wf lemma="et" pos="X">et</wf>
         <wf lemma="billede" pos="X">billede</wf>
         <wf lemma="på" pos="X">på</wf>
         <instance id="d000.s778.t000" lemma="fortid" pos="NOUN">fortidens</instance>
         <wf lemma="kultur" pos="X">kultur</wf>
         <wf lemma="og" pos="X">og</wf>
         <wf lemma="samfundsforhold" pos="X">samfundsforhold</wf>
         <wf lemma="." pos="X">.</wf>
      </sentence>
      <sentence id="d000.s779" source="wordnet-danish">
         <wf lemma="Guldkorn" pos="X">Guldkorn</wf>
         <wf lemma="har" pos="X">har</wf>
         <wf lemma="i" pos="X">i</wf>
         <wf lemma="flere" pos="X">flere</wf>
         <wf lemma="generationer" pos="X">generationer</wf>
         <wf lemma="været" pos="X">været</wf>
         <wf lemma="det" pos="X">det</wf>
         <instance id="d000.s779.t000" lemma="morgenmadsprodukt" pos="NOUN">morgenmadsprodukt</instance>
         <wf lemma="," pos="X">,</wf>
         <wf lemma="som" pos="X">som</wf>
         <wf lemma="børnene" pos="X">børnene</wf>
         <wf lemma="plagede" pos="X">plagede</wf>
         <wf lemma="for" pos="X">for</wf>
         <wf lemma="at" pos="X">at</wf>
         <wf lemma="få" pos="X">få</wf>
         <wf lemma="." pos="X">.</wf>
      </sentence>
      <sentence id="d000.s780" source="wordnet-danish">
         <wf lemma="Åh" pos="X">Åh</wf>
         <wf lemma="," pos="X">,</wf>
         <wf lemma="som" pos="X">som</wf>
         <wf lemma="vagtchefen" pos="X">vagtchefen</wf>
         <wf lemma="gav" pos="X">gav</wf>
         <wf lemma="ondt" pos="X">ondt</wf>
         <wf lemma="af" pos="X">af</wf>
         <wf lemma="sig" pos="X">sig</wf>
         <wf lemma="," pos="X">,</wf>
         <wf lemma="da" pos="X">da</wf>
         <wf lemma="han" pos="X">han</wf>
         <instance id="d000.s780.t000" lemma="rulle" pos="VERB">rullede</instance>
         <wf lemma="ned" pos="X">ned</wf>
         <wf lemma="ad" pos="X">ad</wf>
         <wf lemma="trappen" pos="X">trappen</wf>
         <wf lemma="." pos="X">.</wf>
      </sentence>
      <sentence id="d000.s781" source="wordnet-danish">
         <wf lemma="i" pos="X">i</wf>
         <wf lemma="sidste" pos="X">sidste</wf>
         <wf lemma="uge" pos="X">uge</wf>
         <instance id="d000.s781.t000" lemma="fange" pos="VERB">fangede</instance>
         <wf lemma="han" pos="X">han</wf>
         <wf lemma="en" pos="X">en</wf>
         <wf lemma="havørred" pos="X">havørred</wf>
         <wf lemma="på" pos="X">på</wf>
         <wf lemma="over" pos="X">over</wf>
         <wf lemma="seks" pos="X">seks</wf>
         <wf lemma="kilo" pos="X">kilo</wf>
         <wf lemma="." pos="X">.</wf>
      </sentence>
      <sentence id="d000.s782" source="wordnet-danish">
         <wf lemma="gerningsmanden" pos="X">gerningsmanden</wf>
         <wf lemma="havde" pos="X">havde</wf>
         <instance id="d000.s782.t000" lemma="knuse" pos="VERB">knust</instance>
         <wf lemma="to" pos="X">to</wf>
         <wf lemma="tagvinduer" pos="X">tagvinduer</wf>
         <wf lemma="," pos="X">,</wf>
         <wf lemma="da" pos="X">da</wf>
         <wf lemma="han" pos="X">han</wf>
         <wf lemma="trængte" pos="X">trængte</wf>
         <wf lemma="ind" pos="X">ind</wf>
         <wf lemma="." pos="X">.</wf>
      </sentence>
      <sentence id="d000.s783" source="wordnet-danish">
         <wf lemma="Røveren" pos="X">Røveren</wf>
         <instance id="d000.s783.t000" lemma="true" pos="VERB">truede</instance>
         <wf lemma="personalet" pos="X">personalet</wf>
         <wf lemma="i" pos="X">i</wf>
         <wf lemma="banken" pos="X">banken</wf>
         <wf lemma="med" pos="X">med</wf>
         <wf lemma="en" pos="X">en</wf>
         <wf lemma="pistollignende" pos="X">pistollignende</wf>
         <wf lemma="genstand" pos="X">genstand</wf>
         <wf lemma="til" pos="X">til</wf>
         <wf lemma="at" pos="X">at</wf>
         <wf lemma="udlevere" pos="X">udlevere</wf>
         <wf lemma="pengene" pos="X">pengene</wf>
         <wf lemma="." pos="X">.</wf>
      </sentence>
      <sentence id="d000.s784" source="wordnet-danish">
         <wf lemma="Slovakiske" pos="X">Slovakiske</wf>
         <instance id="d000.s784.t000" lemma="nationalist" pos="NOUN">nationalisters</instance>
         <wf lemma="ønske" pos="X">ønske</wf>
         <wf lemma="om" pos="X">om</wf>
         <wf lemma="selvstændighed" pos="X">selvstændighed</wf>
         <wf lemma="har" pos="X">har</wf>
         <wf lemma="været" pos="X">været</wf>
         <wf lemma="et" pos="X">et</wf>
         <wf lemma="centralt" pos="X">centralt</wf>
         <wf lemma="politisk" pos="X">politisk</wf>
         <wf lemma="emne" pos="X">emne</wf>
         <wf lemma="i" pos="X">i</wf>
         <wf lemma="Tjekkoslovakiet" pos="X">Tjekkoslovakiet</wf>
         <wf lemma="siden" pos="X">siden</wf>
         <wf lemma="det" pos="X">det</wf>
         <wf lemma="kommunistiske" pos="X">kommunistiske</wf>
         <wf lemma="styres" pos="X">styres</wf>
         <wf lemma="fald" pos="X">fald</wf>
         <wf lemma="i" pos="X">i</wf>
         <wf lemma="efteråret" pos="X">efteråret</wf>
         <wf lemma="1989" pos="X">1989</wf>
         <wf lemma="." pos="X">.</wf>
      </sentence>
      <sentence id="d000.s785" source="wordnet-danish">
         <wf lemma="Politi" pos="X">Politi</wf>
         <wf lemma="og" pos="X">og</wf>
         <wf lemma="Falck" pos="X">Falck</wf>
         <wf lemma="satte" pos="X">satte</wf>
         <wf lemma="en" pos="X">en</wf>
         <wf lemma="større" pos="X">større</wf>
         <wf lemma="eftersøgning" pos="X">eftersøgning</wf>
         <wf lemma="i" pos="X">i</wf>
         <wf lemma="gang" pos="X">gang</wf>
         <wf lemma="med" pos="X">med</wf>
         <wf lemma="redningsbåd" pos="X">redningsbåd</wf>
         <wf lemma="og" pos="X">og</wf>
         <instance id="d000.s785.t000" lemma="helikopter" pos="NOUN">helikopter</instance>
         <wf lemma="." pos="X">.</wf>
      </sentence>
      <sentence id="d000.s786" source="wordnet-danish">
         <wf lemma="Kød" pos="X">Kød</wf>
         <wf lemma="er" pos="X">er</wf>
         <wf lemma="rationeret" pos="X">rationeret</wf>
         <wf lemma="til" pos="X">til</wf>
         <wf lemma="2,5" pos="X">2,5</wf>
         <wf lemma="kg" pos="X">kg</wf>
         <wf lemma="pr." pos="X">pr.</wf>
         <instance id="d000.s786.t000" lemma="person" pos="NOUN">person</instance>
         <wf lemma="om" pos="X">om</wf>
         <wf lemma="måneden" pos="X">måneden</wf>
         <wf lemma="." pos="X">.</wf>
      </sentence>
      <sentence id="d000.s787" source="wordnet-danish">
         <wf lemma="Carl-Jan" pos="X">Carl-Jan</wf>
         <wf lemma=".." pos="X">..</wf>
         <wf lemma="er" pos="X">er</wf>
         <wf lemma="en" pos="X">en</wf>
         <instance id="d000.s787.t000" lemma="karismatisk" pos="ADJ">karismatisk</instance>
         <wf lemma="kok" pos="X">kok</wf>
         <wf lemma="og" pos="X">og</wf>
         <wf lemma="restauratør" pos="X">restauratør</wf>
         <wf lemma="," pos="X">,</wf>
         <wf lemma="der" pos="X">der</wf>
         <wf lemma="har" pos="X">har</wf>
         <wf lemma="ry" pos="X">ry</wf>
         <wf lemma="for" pos="X">for</wf>
         <wf lemma="at" pos="X">at</wf>
         <wf lemma="gennemføre" pos="X">gennemføre</wf>
         <wf lemma="de" pos="X">de</wf>
         <wf lemma="mest" pos="X">mest</wf>
         <wf lemma="umulige" pos="X">umulige</wf>
         <wf lemma="idéer" pos="X">idéer</wf>
         <wf lemma="." pos="X">.</wf>
      </sentence>
      <sentence id="d000.s788" source="wordnet-danish">
         <wf lemma="Der" pos="X">Der</wf>
         <wf lemma="bliver" pos="X">bliver</wf>
         <instance id="d000.s788.t000" lemma="direkte" pos="ADJ">direkte</instance>
         <wf lemma="busforbindelse" pos="X">busforbindelse</wf>
         <wf lemma="mellem" pos="X">mellem</wf>
         <wf lemma="Kalundborg" pos="X">Kalundborg</wf>
         <wf lemma="og" pos="X">og</wf>
         <wf lemma="den" pos="X">den</wf>
         <wf lemma="ny" pos="X">ny</wf>
         <wf lemma="DSB-hovedstation" pos="X">DSB-hovedstation</wf>
         <wf lemma="i" pos="X">i</wf>
         <wf lemma="Høje" pos="X">Høje</wf>
         <wf lemma="Taastrup" pos="X">Taastrup</wf>
         <wf lemma="." pos="X">.</wf>
      </sentence>
      <sentence id="d000.s789" source="wordnet-danish">
         <wf lemma="Miljørigtige" pos="X">Miljørigtige</wf>
         <wf lemma="produkter" pos="X">produkter</wf>
         <wf lemma="markeres" pos="X">markeres</wf>
         <wf lemma="med" pos="X">med</wf>
         <wf lemma="en" pos="X">en</wf>
         <wf lemma="skov" pos="X">skov</wf>
         <wf lemma="af" pos="X">af</wf>
         <wf lemma="symboler" pos="X">symboler</wf>
         <wf lemma="." pos="X">.</wf>
         <wf lemma="Hvordan" pos="X">Hvordan</wf>
         <wf lemma="skal" pos="X">skal</wf>
         <instance id="d000.s789.t000" lemma="forbruger" pos="NOUN">forbrugeren</instance>
         <wf lemma="kunne" pos="X">kunne</wf>
         <wf lemma="vælge" pos="X">vælge</wf>
         <wf lemma="det" pos="X">det</wf>
         <wf lemma="rette" pos="X">rette</wf>
         <wf lemma="?" pos="X">?</wf>
      </sentence>
      <sentence id="d000.s790" source="wordnet-danish">
         <wf lemma="Han" pos="X">Han</wf>
         <wf lemma="faldt" pos="X">faldt</wf>
         <wf lemma="ud" pos="X">ud</wf>
         <wf lemma="af" pos="X">af</wf>
         <wf lemma="køkkenvinduet" pos="X">køkkenvinduet</wf>
         <wf lemma="fra" pos="X">fra</wf>
         <wf lemma="tredje" pos="X">tredje</wf>
         <wf lemma="sals" pos="X">sals</wf>
         <instance id="d000.s790.t000" lemma="højde" pos="NOUN">højde</instance>
         <wf lemma="." pos="X">.</wf>
      </sentence>
      <sentence id="d000.s791" source="wordnet-danish">
         <wf lemma="hun" pos="X">hun</wf>
         <wf lemma="kunne" pos="X">kunne</wf>
         <wf lemma="tælle" pos="X">tælle</wf>
         <wf lemma="hans" pos="X">hans</wf>
         <instance id="d000.s791.t000" lemma="ribbe" pos="NOUN">ribben</instance>
         <wf lemma="under" pos="X">under</wf>
         <wf lemma="T-shirten" pos="X">T-shirten</wf>
         <wf lemma="." pos="X">.</wf>
      </sentence>
      <sentence id="d000.s792" source="wordnet-danish">
         <wf lemma="Påsken" pos="X">Påsken</wf>
         <wf lemma="er" pos="X">er</wf>
         <wf lemma="højsæson" pos="X">højsæson</wf>
         <wf lemma="for" pos="X">for</wf>
         <instance id="d000.s792.t000" lemma="salg" pos="NOUN">salg</instance>
         <wf lemma="af" pos="X">af</wf>
         <wf lemma="fast" pos="X">fast</wf>
         <wf lemma="ejendom" pos="X">ejendom</wf>
         <wf lemma="." pos="X">.</wf>
      </sentence>
      <sentence id="d000.s793" source="wordnet-danish">
         <wf lemma="Jeg" pos="X">Jeg</wf>
         <wf lemma="har" pos="X">har</wf>
         <wf lemma="medbragt" pos="X">medbragt</wf>
         <wf lemma="hjemmebagte" pos="X">hjemmebagte</wf>
         <wf lemma="kokosmakroner" pos="X">kokosmakroner</wf>
         <wf lemma="," pos="X">,</wf>
         <wf lemma="hvilket" pos="X">hvilket</wf>
         <wf lemma="er" pos="X">er</wf>
         <wf lemma="en" pos="X">en</wf>
         <wf lemma="stor" pos="X">stor</wf>
         <instance id="d000.s793.t000" lemma="succes" pos="NOUN">succes</instance>
         <wf lemma="," pos="X">,</wf>
         <wf lemma="da" pos="X">da</wf>
         <wf lemma="de" pos="X">de</wf>
         <wf lemma="andre" pos="X">andre</wf>
         <wf lemma="sjældent" pos="X">sjældent</wf>
         <wf lemma="medbringer" pos="X">medbringer</wf>
         <wf lemma="hjemmebag" pos="X">hjemmebag</wf>
         <wf lemma="." pos="X">.</wf>
      </sentence>
      <sentence id="d000.s794" source="wordnet-danish">
         <wf lemma="Der" pos="X">Der</wf>
         <wf lemma="er" pos="X">er</wf>
         <wf lemma="nu" pos="X">nu</wf>
         <wf lemma="en" pos="X">en</wf>
         <wf lemma="vældig" pos="X">vældig</wf>
         <wf lemma="aktivitet" pos="X">aktivitet</wf>
         <wf lemma="om" pos="X">om</wf>
         <wf lemma="en" pos="X">en</wf>
         <wf lemma="ny" pos="X">ny</wf>
         <instance id="d000.s794.t000" lemma="metodik" pos="NOUN">metodik</instance>
         <wf lemma="," pos="X">,</wf>
         <wf lemma="hvor" pos="X">hvor</wf>
         <wf lemma="man" pos="X">man</wf>
         <wf lemma="tager" pos="X">tager</wf>
         <wf lemma="små" pos="X">små</wf>
         <wf lemma="stykker" pos="X">stykker</wf>
         <wf lemma="af" pos="X">af</wf>
         <wf lemma="moderkagen" pos="X">moderkagen</wf>
         <wf lemma="ud" pos="X">ud</wf>
         <wf lemma="allerede" pos="X">allerede</wf>
         <wf lemma="i" pos="X">i</wf>
         <wf lemma="8.-10." pos="X">8.-10.</wf>
         <wf lemma="graviditetsuge" pos="X">graviditetsuge</wf>
         <wf lemma="." pos="X">.</wf>
      </sentence>
      <sentence id="d000.s795" source="wordnet-danish">
         <wf lemma="Det" pos="X">Det</wf>
         <wf lemma="har" pos="X">har</wf>
         <wf lemma="ofte" pos="X">ofte</wf>
         <wf lemma="slået" pos="X">slået</wf>
         <wf lemma="mig" pos="X">mig</wf>
         <wf lemma="," pos="X">,</wf>
         <wf lemma="hvor" pos="X">hvor</wf>
         <wf lemma="dybt" pos="X">dybt</wf>
         <wf lemma="interesserede" pos="X">interesserede</wf>
         <wf lemma="de" pos="X">de</wf>
         <wf lemma="fleste" pos="X">fleste</wf>
         <wf lemma="er" pos="X">er</wf>
         <wf lemma="i" pos="X">i</wf>
         <instance id="d000.s795.t000" lemma="religiøs" pos="ADJ">religiøse</instance>
         <wf lemma="spørgsmål" pos="X">spørgsmål</wf>
         <wf lemma="." pos="X">.</wf>
      </sentence>
      <sentence id="d000.s796" source="wordnet-danish">
         <wf lemma="Den" pos="X">Den</wf>
         <wf lemma="nye" pos="X">nye</wf>
         <wf lemma="underdirektør" pos="X">underdirektør</wf>
         <wf lemma="var" pos="X">var</wf>
         <wf lemma="en" pos="X">en</wf>
         <wf lemma="rar" pos="X">rar</wf>
         <wf lemma="middelmådighed" pos="X">middelmådighed</wf>
         <wf lemma="uden" pos="X">uden</wf>
         <wf lemma="visioner" pos="X">visioner</wf>
         <wf lemma="og" pos="X">og</wf>
         <wf lemma="naturlig" pos="X">naturlig</wf>
         <wf lemma="aggressivitet" pos="X">aggressivitet</wf>
         <wf lemma="," pos="X">,</wf>
         <wf lemma="aldeles" pos="X">aldeles</wf>
         <wf lemma="uden" pos="X">uden</wf>
         <instance id="d000.s796.t000" lemma="drive" pos="NOUN">drive</instance>
         <wf lemma="og" pos="X">og</wf>
         <wf lemma="dynamik" pos="X">dynamik</wf>
         <wf lemma="." pos="X">.</wf>
      </sentence>
      <sentence id="d000.s797" source="wordnet-danish">
         <wf lemma="Susanne" pos="X">Susanne</wf>
         <wf lemma="gik" pos="X">gik</wf>
         <wf lemma="på" pos="X">på</wf>
         <wf lemma="seminariet" pos="X">seminariet</wf>
         <wf lemma="i" pos="X">i</wf>
         <wf lemma="byen" pos="X">byen</wf>
         <wf lemma="og" pos="X">og</wf>
         <wf lemma="boede" pos="X">boede</wf>
         <wf lemma="på" pos="X">på</wf>
         <wf lemma="det" pos="X">det</wf>
         <wf lemma="tilstødende" pos="X">tilstødende</wf>
         <instance id="d000.s797.t000" lemma="kollegium" pos="NOUN">kollegium</instance>
         <wf lemma="." pos="X">.</wf>
      </sentence>
      <sentence id="d000.s798" source="wordnet-danish">
         <wf lemma="han" pos="X">han</wf>
         <wf lemma="investerede" pos="X">investerede</wf>
         <wf lemma="over" pos="X">over</wf>
         <wf lemma="tusind" pos="X">tusind</wf>
         <wf lemma="kroner" pos="X">kroner</wf>
         <wf lemma="i" pos="X">i</wf>
         <wf lemma="en" pos="X">en</wf>
         <wf lemma="lille" pos="X">lille</wf>
         <instance id="d000.s798.t000" lemma="handy" pos="ADJ">handy</instance>
         <wf lemma="båndoptager" pos="X">båndoptager</wf>
         <wf lemma="." pos="X">.</wf>
      </sentence>
      <sentence id="d000.s799" source="wordnet-danish">
         <wf lemma="[Vor" pos="X">[Vor</wf>
         <wf lemma="humane" pos="X">humane</wf>
         <wf lemma="etik" pos="X">etik</wf>
         <wf lemma="]" pos="X">]</wf>
         <wf lemma="er" pos="X">er</wf>
         <wf lemma="kun" pos="X">kun</wf>
         <wf lemma="en" pos="X">en</wf>
         <wf lemma="overflade" pos="X">overflade</wf>
         <wf lemma="," pos="X">,</wf>
         <wf lemma="der" pos="X">der</wf>
         <wf lemma="dækker" pos="X">dækker</wf>
         <wf lemma="over" pos="X">over</wf>
         <wf lemma="egoisme" pos="X">egoisme</wf>
         <wf lemma="," pos="X">,</wf>
         <wf lemma="kold" pos="X">kold</wf>
         <instance id="d000.s799.t000" lemma="beregning" pos="NOUN">beregning</instance>
         <wf lemma="," pos="X">,</wf>
         <wf lemma="karrierejag" pos="X">karrierejag</wf>
         <wf lemma="og" pos="X">og</wf>
         <wf lemma="prestigekampe" pos="X">prestigekampe</wf>
         <wf lemma="." pos="X">.</wf>
      </sentence>
      <sentence id="d000.s800" source="wordnet-danish">
         <wf lemma="Med" pos="X">Med</wf>
         <wf lemma="et" pos="X">et</wf>
         <wf lemma="lille" pos="X">lille</wf>
         <wf lemma="smil" pos="X">smil</wf>
         <wf lemma="gled" pos="X">gled</wf>
         <wf lemma="hun" pos="X">hun</wf>
         <wf lemma="endelig" pos="X">endelig</wf>
         <wf lemma="ind" pos="X">ind</wf>
         <wf lemma="i" pos="X">i</wf>
         <instance id="d000.s800.t000" lemma="søvn" pos="NOUN">søvnen</instance>
         <wf lemma="," pos="X">,</wf>
         <wf lemma="mens" pos="X">mens</wf>
         <wf lemma="stormen" pos="X">stormen</wf>
         <wf lemma="derude" pos="X">derude</wf>
         <wf lemma="rasede" pos="X">rasede</wf>
         <wf lemma="ufortrødent" pos="X">ufortrødent</wf>
         <wf lemma="videre" pos="X">videre</wf>
         <wf lemma="." pos="X">.</wf>
      </sentence>
      <sentence id="d000.s801" source="wordnet-danish">
         <wf lemma="Hun" pos="X">Hun</wf>
         <wf lemma="går" pos="X">går</wf>
         <wf lemma="ud" pos="X">ud</wf>
         <wf lemma="i" pos="X">i</wf>
         <wf lemma="den" pos="X">den</wf>
         <wf lemma="sorte" pos="X">sorte</wf>
         <wf lemma="nat" pos="X">nat</wf>
         <wf lemma="." pos="X">.</wf>
         <wf lemma="En" pos="X">En</wf>
         <instance id="d000.s801.t000" lemma="ugle" pos="NOUN">ugle</instance>
         <wf lemma="tuder" pos="X">tuder</wf>
         <wf lemma="." pos="X">.</wf>
         <wf lemma="Hun" pos="X">Hun</wf>
         <wf lemma="kan" pos="X">kan</wf>
         <wf lemma="ikke" pos="X">ikke</wf>
         <wf lemma="lide" pos="X">lide</wf>
         <wf lemma="det" pos="X">det</wf>
         <wf lemma="!" pos="X">!</wf>
      </sentence>
      <sentence id="d000.s802" source="wordnet-danish">
         <wf lemma="De" pos="X">De</wf>
         <wf lemma="små" pos="X">små</wf>
         <instance id="d000.s802.t000" lemma="vækst" pos="NOUN">vækster</instance>
         <wf lemma="," pos="X">,</wf>
         <wf lemma="der" pos="X">der</wf>
         <wf lemma="havde" pos="X">havde</wf>
         <wf lemma="gemt" pos="X">gemt</wf>
         <wf lemma="sig" pos="X">sig</wf>
         <wf lemma="under" pos="X">under</wf>
         <wf lemma="sandbanker" pos="X">sandbanker</wf>
         <wf lemma="og" pos="X">og</wf>
         <wf lemma="sne" pos="X">sne</wf>
         <wf lemma="," pos="X">,</wf>
         <wf lemma="begyndte" pos="X">begyndte</wf>
         <wf lemma="at" pos="X">at</wf>
         <wf lemma="trænge" pos="X">trænge</wf>
         <wf lemma="frem" pos="X">frem</wf>
         <wf lemma="." pos="X">.</wf>
      </sentence>
      <sentence id="d000.s803" source="wordnet-danish">
         <wf lemma="Hvis" pos="X">Hvis</wf>
         <instance id="d000.s803.t000" lemma="patient" pos="NOUN">patienten</instance>
         <wf lemma="indlægges" pos="X">indlægges</wf>
         <wf lemma="hurtigt" pos="X">hurtigt</wf>
         <wf lemma="," pos="X">,</wf>
         <wf lemma="kan" pos="X">kan</wf>
         <wf lemma="meningitis" pos="X">meningitis</wf>
         <wf lemma="ofte" pos="X">ofte</wf>
         <wf lemma="helbredes" pos="X">helbredes</wf>
         <wf lemma="," pos="X">,</wf>
         <wf lemma="men" pos="X">men</wf>
         <wf lemma="det" pos="X">det</wf>
         <wf lemma="drejer" pos="X">drejer</wf>
         <wf lemma="sig" pos="X">sig</wf>
         <wf lemma="om" pos="X">om</wf>
         <wf lemma="få" pos="X">få</wf>
         <wf lemma="timer" pos="X">timer</wf>
         <wf lemma="," pos="X">,</wf>
         <wf lemma="før" pos="X">før</wf>
         <wf lemma="det" pos="X">det</wf>
         <wf lemma="er" pos="X">er</wf>
         <wf lemma="for" pos="X">for</wf>
         <wf lemma="sent" pos="X">sent</wf>
         <wf lemma="." pos="X">.</wf>
      </sentence>
      <sentence id="d000.s804" source="wordnet-danish">
         <wf lemma="den" pos="X">den</wf>
         <wf lemma="gældende" pos="X">gældende</wf>
         <wf lemma="regel" pos="X">regel</wf>
         <wf lemma="om" pos="X">om</wf>
         <wf lemma="obligatorisk" pos="X">obligatorisk</wf>
         <wf lemma="advokatbeskikkelse" pos="X">advokatbeskikkelse</wf>
         <wf lemma="[" pos="X">[</wf>
         <wf lemma=":" pos="X">:</wf>
         <wf lemma="i" pos="X">i</wf>
         <wf lemma="ægteskabssager]" pos="X">ægteskabssager]</wf>
         <wf lemma="ændres" pos="X">ændres</wf>
         <wf lemma="til" pos="X">til</wf>
         <wf lemma="en" pos="X">en</wf>
         <instance id="d000.s804.t000" lemma="fakultativ" pos="ADJ">fakultativ</instance>
         <wf lemma="ordning" pos="X">ordning</wf>
         <wf lemma="." pos="X">.</wf>
      </sentence>
      <sentence id="d000.s805" source="wordnet-danish">
         <wf lemma="først" pos="X">først</wf>
         <wf lemma="med" pos="X">med</wf>
         <wf lemma="sammenbruddet" pos="X">sammenbruddet</wf>
         <wf lemma="for" pos="X">for</wf>
         <wf lemma="tsarens" pos="X">tsarens</wf>
         <wf lemma="Rusland" pos="X">Rusland</wf>
         <wf lemma="fik" pos="X">fik</wf>
         <wf lemma="Finland" pos="X">Finland</wf>
         <wf lemma="den" pos="X">den</wf>
         <instance id="d000.s805.t000" lemma="frihed" pos="NOUN">frihed</instance>
         <wf lemma="," pos="X">,</wf>
         <wf lemma="der" pos="X">der</wf>
         <wf lemma="i" pos="X">i</wf>
         <wf lemma="denne" pos="X">denne</wf>
         <wf lemma="weekend" pos="X">weekend</wf>
         <wf lemma="fylder" pos="X">fylder</wf>
         <wf lemma="75" pos="X">75</wf>
         <wf lemma="år" pos="X">år</wf>
         <wf lemma="." pos="X">.</wf>
      </sentence>
      <sentence id="d000.s806" source="wordnet-danish">
         <wf lemma="[NATO" pos="X">[NATO</wf>
         <wf lemma="skulle]" pos="X">skulle]</wf>
         <wf lemma="opretholde" pos="X">opretholde</wf>
         <wf lemma="et" pos="X">et</wf>
         <wf lemma="tilstrækkeligt" pos="X">tilstrækkeligt</wf>
         <wf lemma="stærkt" pos="X">stærkt</wf>
         <wf lemma="forsvar" pos="X">forsvar</wf>
         <wf lemma="," pos="X">,</wf>
         <wf lemma="som" pos="X">som</wf>
         <wf lemma="ville" pos="X">ville</wf>
         <instance id="d000.s806.t000" lemma="afskrække" pos="VERB">afskrække</instance>
         <wf lemma="en" pos="X">en</wf>
         <wf lemma="modstander" pos="X">modstander</wf>
         <wf lemma="fra" pos="X">fra</wf>
         <wf lemma="at" pos="X">at</wf>
         <wf lemma="indlede" pos="X">indlede</wf>
         <wf lemma="et" pos="X">et</wf>
         <wf lemma="angreb" pos="X">angreb</wf>
         <wf lemma="." pos="X">.</wf>
      </sentence>
      <sentence id="d000.s807" source="wordnet-danish">
         <wf lemma="Æbler" pos="X">Æbler</wf>
         <instance id="d000.s807.t000" lemma="indeholde" pos="VERB">indeholder</instance>
         <wf lemma="helsebringende" pos="X">helsebringende</wf>
         <wf lemma="mineraler" pos="X">mineraler</wf>
         <wf lemma="som" pos="X">som</wf>
         <wf lemma="jern" pos="X">jern</wf>
         <wf lemma="," pos="X">,</wf>
         <wf lemma="fosfor" pos="X">fosfor</wf>
         <wf lemma="og" pos="X">og</wf>
         <wf lemma="calcium" pos="X">calcium</wf>
         <wf lemma="." pos="X">.</wf>
      </sentence>
      <sentence id="d000.s808" source="wordnet-danish">
         <wf lemma="Danmarks" pos="X">Danmarks</wf>
         <wf lemma="lærerforenings" pos="X">lærerforenings</wf>
         <instance id="d000.s808.t000" lemma="kongres" pos="NOUN">kongres</instance>
         <wf lemma="genvalgte" pos="X">genvalgte</wf>
         <wf lemma="den" pos="X">den</wf>
         <wf lemma="41-årige" pos="X">41-årige</wf>
         <wf lemma="Martin" pos="X">Martin</wf>
         <wf lemma="Rømer" pos="X">Rømer</wf>
         <wf lemma="som" pos="X">som</wf>
         <wf lemma="formand" pos="X">formand</wf>
         <wf lemma="for" pos="X">for</wf>
         <wf lemma="fire" pos="X">fire</wf>
         <wf lemma="år" pos="X">år</wf>
         <wf lemma="." pos="X">.</wf>
      </sentence>
      <sentence id="d000.s809" source="wordnet-danish">
         <wf lemma="vi" pos="X">vi</wf>
         <wf lemma="befinder" pos="X">befinder</wf>
         <wf lemma="os" pos="X">os</wf>
         <wf lemma="på" pos="X">på</wf>
         <wf lemma="en" pos="X">en</wf>
         <wf lemma="klode" pos="X">klode</wf>
         <wf lemma="," pos="X">,</wf>
         <wf lemma="der" pos="X">der</wf>
         <wf lemma="svæver" pos="X">svæver</wf>
         <wf lemma="frit" pos="X">frit</wf>
         <wf lemma="i" pos="X">i</wf>
         <wf lemma="et" pos="X">et</wf>
         <instance id="d000.s809.t000" lemma="uendelig" pos="ADJ">uendeligt</instance>
         <wf lemma="verdensrum" pos="X">verdensrum</wf>
         <wf lemma="." pos="X">.</wf>
      </sentence>
      <sentence id="d000.s810" source="wordnet-danish">
         <wf lemma="Det" pos="X">Det</wf>
         <wf lemma="er" pos="X">er</wf>
         <wf lemma="forbudt" pos="X">forbudt</wf>
         <wf lemma="at" pos="X">at</wf>
         <instance id="d000.s810.t000" lemma="afskedige" pos="VERB">afskedige</instance>
         <wf lemma="kvinder" pos="X">kvinder</wf>
         <wf lemma="," pos="X">,</wf>
         <wf lemma="fordi" pos="X">fordi</wf>
         <wf lemma="de" pos="X">de</wf>
         <wf lemma="er" pos="X">er</wf>
         <wf lemma="gravide" pos="X">gravide</wf>
         <wf lemma="." pos="X">.</wf>
      </sentence>
      <sentence id="d000.s811" source="wordnet-danish">
         <wf lemma="det" pos="X">det</wf>
         <wf lemma="vil" pos="X">vil</wf>
         <wf lemma="være" pos="X">være</wf>
         <wf lemma="en" pos="X">en</wf>
         <wf lemma="klar" pos="X">klar</wf>
         <instance id="d000.s811.t000" lemma="fejltagelse" pos="NOUN">fejltagelse</instance>
         <wf lemma="at" pos="X">at</wf>
         <wf lemma="flytte" pos="X">flytte</wf>
         <wf lemma="kompetencen" pos="X">kompetencen</wf>
         <wf lemma="fra" pos="X">fra</wf>
         <wf lemma="de" pos="X">de</wf>
         <wf lemma="lokale" pos="X">lokale</wf>
         <wf lemma="udvalg" pos="X">udvalg</wf>
         <wf lemma="til" pos="X">til</wf>
         <wf lemma="et" pos="X">et</wf>
         <wf lemma="organ" pos="X">organ</wf>
         <wf lemma="på" pos="X">på</wf>
         <wf lemma="amtsplan" pos="X">amtsplan</wf>
         <wf lemma="." pos="X">.</wf>
      </sentence>
      <sentence id="d000.s812" source="wordnet-danish">
         <wf lemma="Diagram" pos="X">Diagram</wf>
         <wf lemma="til" pos="X">til</wf>
         <instance id="d000.s812.t000" lemma="motiv" pos="NOUN">motivet</instance>
         <wf lemma="på" pos="X">på</wf>
         <wf lemma="tøflerne" pos="X">tøflerne</wf>
         <wf lemma="fås" pos="X">fås</wf>
         <wf lemma="gratis" pos="X">gratis</wf>
         <wf lemma="ved" pos="X">ved</wf>
         <wf lemma="henvendelse" pos="X">henvendelse</wf>
         <wf lemma="i" pos="X">i</wf>
         <wf lemma="din" pos="X">din</wf>
         <wf lemma="lokale" pos="X">lokale</wf>
         <wf lemma="broderiforretning" pos="X">broderiforretning</wf>
         <wf lemma="." pos="X">.</wf>
      </sentence>
      <sentence id="d000.s813" source="wordnet-danish">
         <wf lemma="Det" pos="X">Det</wf>
         <wf lemma="er" pos="X">er</wf>
         <wf lemma="helt" pos="X">helt</wf>
         <wf lemma="forbudt" pos="X">forbudt</wf>
         <wf lemma="at" pos="X">at</wf>
         <wf lemma="arbejde" pos="X">arbejde</wf>
         <wf lemma="med" pos="X">med</wf>
         <wf lemma="farlige" pos="X">farlige</wf>
         <instance id="d000.s813.t000" lemma="kemikalie" pos="NOUN">kemikalier</instance>
         <wf lemma="," pos="X">,</wf>
         <wf lemma="hvis" pos="X">hvis</wf>
         <wf lemma="du" pos="X">du</wf>
         <wf lemma="er" pos="X">er</wf>
         <wf lemma="under" pos="X">under</wf>
         <wf lemma="15" pos="X">15</wf>
         <wf lemma="år" pos="X">år</wf>
         <wf lemma="." pos="X">.</wf>
      </sentence>
      <sentence id="d000.s814" source="wordnet-danish">
         <wf lemma="Fra" pos="X">Fra</wf>
         <instance id="d000.s814.t000" lemma="tårn" pos="NOUN">tårnene</instance>
         <wf lemma="kan" pos="X">kan</wf>
         <wf lemma="vi" pos="X">vi</wf>
         <wf lemma="se" pos="X">se</wf>
         <wf lemma="," pos="X">,</wf>
         <wf lemma="når" pos="X">når</wf>
         <wf lemma="fremmede" pos="X">fremmede</wf>
         <wf lemma="nærmer" pos="X">nærmer</wf>
         <wf lemma="sig" pos="X">sig</wf>
         <wf lemma="borgen" pos="X">borgen</wf>
         <wf lemma="." pos="X">.</wf>
      </sentence>
      <sentence id="d000.s815" source="wordnet-danish">
         <wf lemma="trækinstinktet" pos="X">trækinstinktet</wf>
         <wf lemma="er" pos="X">er</wf>
         <wf lemma="et" pos="X">et</wf>
         <wf lemma="meget" pos="X">meget</wf>
         <wf lemma="stærkt" pos="X">stærkt</wf>
         <instance id="d000.s815.t000" lemma="instinkt" pos="NOUN">instinkt</instance>
         <wf lemma="," pos="X">,</wf>
         <wf lemma="og" pos="X">og</wf>
         <wf lemma="det" pos="X">det</wf>
         <wf lemma="byder" pos="X">byder</wf>
         <wf lemma="fuglene" pos="X">fuglene</wf>
         <wf lemma="at" pos="X">at</wf>
         <wf lemma="flyve" pos="X">flyve</wf>
         <wf lemma="en" pos="X">en</wf>
         <wf lemma="bestemt" pos="X">bestemt</wf>
         <wf lemma="vej" pos="X">vej</wf>
         <wf lemma="." pos="X">.</wf>
      </sentence>
      <sentence id="d000.s816" source="wordnet-danish">
         <wf lemma="På" pos="X">På</wf>
         <wf lemma="bordet" pos="X">bordet</wf>
         <wf lemma="stod" pos="X">stod</wf>
         <wf lemma="hendes" pos="X">hendes</wf>
         <wf lemma="håndtaske" pos="X">håndtaske</wf>
         <wf lemma="af" pos="X">af</wf>
         <wf lemma="sort" pos="X">sort</wf>
         <instance id="d000.s816.t000" lemma="læder" pos="NOUN">læder</instance>
         <wf lemma="," pos="X">,</wf>
         <wf lemma="med" pos="X">med</wf>
         <wf lemma="glinsende" pos="X">glinsende</wf>
         <wf lemma="spænder" pos="X">spænder</wf>
         <wf lemma="." pos="X">.</wf>
      </sentence>
      <sentence id="d000.s817" source="wordnet-danish">
         <wf lemma="Vi" pos="X">Vi</wf>
         <wf lemma="skal" pos="X">skal</wf>
         <wf lemma="have" pos="X">have</wf>
         <instance id="d000.s817.t000" lemma="suppe" pos="NOUN">suppe</instance>
         <wf lemma="," pos="X">,</wf>
         <wf lemma="fordi" pos="X">fordi</wf>
         <wf lemma="efteråret" pos="X">efteråret</wf>
         <wf lemma="er" pos="X">er</wf>
         <wf lemma="ved" pos="X">ved</wf>
         <wf lemma="at" pos="X">at</wf>
         <wf lemma="nærme" pos="X">nærme</wf>
         <wf lemma="sig" pos="X">sig</wf>
         <wf lemma="," pos="X">,</wf>
         <wf lemma="så" pos="X">så</wf>
         <wf lemma="skal" pos="X">skal</wf>
         <wf lemma="vi" pos="X">vi</wf>
         <wf lemma="have" pos="X">have</wf>
         <wf lemma="noget" pos="X">noget</wf>
         <wf lemma="varmt" pos="X">varmt</wf>
         <wf lemma="og" pos="X">og</wf>
         <wf lemma="sundt" pos="X">sundt</wf>
         <wf lemma="." pos="X">.</wf>
      </sentence>
      <sentence id="d000.s818" source="wordnet-danish">
         <wf lemma="De" pos="X">De</wf>
         <wf lemma="må" pos="X">må</wf>
         <wf lemma="undskylde" pos="X">undskylde</wf>
         <wf lemma="min" pos="X">min</wf>
         <instance id="d000.s818.t000" lemma="opførsel" pos="NOUN">opførsel</instance>
         <wf lemma="ved" pos="X">ved</wf>
         <wf lemma="selskabet" pos="X">selskabet</wf>
         <wf lemma="i" pos="X">i</wf>
         <wf lemma="går" pos="X">går</wf>
         <wf lemma="aftes" pos="X">aftes</wf>
         <wf lemma="," pos="X">,</wf>
         <wf lemma="hr." pos="X">hr.</wf>
         <wf lemma="Sørensen" pos="X">Sørensen</wf>
         <wf lemma="." pos="X">.</wf>
         <wf lemma="Jeg" pos="X">Jeg</wf>
         <wf lemma="blev" pos="X">blev</wf>
         <wf lemma="temmelig" pos="X">temmelig</wf>
         <wf lemma="fuld" pos="X">fuld</wf>
         <wf lemma="." pos="X">.</wf>
      </sentence>
      <sentence id="d000.s819" source="wordnet-danish">
         <wf lemma="[Stalin]" pos="X">[Stalin]</wf>
         <wf lemma="herskede" pos="X">herskede</wf>
         <wf lemma="om" pos="X">om</wf>
         <wf lemma="muligt" pos="X">muligt</wf>
         <wf lemma="endnu" pos="X">endnu</wf>
         <wf lemma="mere" pos="X">mere</wf>
         <wf lemma="enevældigt" pos="X">enevældigt</wf>
         <wf lemma="end" pos="X">end</wf>
         <wf lemma="den" pos="X">den</wf>
         <wf lemma="zar" pos="X">zar</wf>
         <wf lemma="," pos="X">,</wf>
         <wf lemma="hvis" pos="X">hvis</wf>
         <wf lemma="magt" pos="X">magt</wf>
         <wf lemma="var" pos="X">var</wf>
         <wf lemma="blevet" pos="X">blevet</wf>
         <wf lemma="knust" pos="X">knust</wf>
         <wf lemma="ved" pos="X">ved</wf>
         <instance id="d000.s819.t000" lemma="revolution" pos="NOUN">revolutionerne</instance>
         <wf lemma="i" pos="X">i</wf>
         <wf lemma="1917" pos="X">1917</wf>
         <wf lemma="." pos="X">.</wf>
      </sentence>
      <sentence id="d000.s820" source="wordnet-danish">
         <wf lemma="regningen" pos="X">regningen</wf>
         <wf lemma="for" pos="X">for</wf>
         <wf lemma="et" pos="X">et</wf>
         <instance id="d000.s820.t000" lemma="simpel" pos="ADJ">simpelt</instance>
         <wf lemma="olieskift" pos="X">olieskift</wf>
         <wf lemma="nærmede" pos="X">nærmede</wf>
         <wf lemma="sig" pos="X">sig</wf>
         <wf lemma="tæt" pos="X">tæt</wf>
         <wf lemma="de" pos="X">de</wf>
         <wf lemma="syvhundrede" pos="X">syvhundrede</wf>
         <wf lemma="kroner" pos="X">kroner</wf>
         <wf lemma="." pos="X">.</wf>
      </sentence>
      <sentence id="d000.s821" source="wordnet-danish">
         <wf lemma="Mælkebøtte" pos="X">Mælkebøtte</wf>
         <wf lemma="er" pos="X">er</wf>
         <wf lemma="en" pos="X">en</wf>
         <wf lemma="flerårig" pos="X">flerårig</wf>
         <wf lemma="urt" pos="X">urt</wf>
         <wf lemma="med" pos="X">med</wf>
         <wf lemma="fjerfligede" pos="X">fjerfligede</wf>
         <wf lemma="blade" pos="X">blade</wf>
         <wf lemma="(" pos="X">(</wf>
         <wf lemma="se" pos="X">se</wf>
         <instance id="d000.s821.t000" lemma="figur" pos="NOUN">figuren</instance>
         <wf lemma="side" pos="X">side</wf>
         <wf lemma="11" pos="X">11</wf>
         <wf lemma=")" pos="X">)</wf>
         <wf lemma="." pos="X">.</wf>
      </sentence>
      <sentence id="d000.s822" source="wordnet-danish">
         <wf lemma="Bolden" pos="X">Bolden</wf>
         <wf lemma="gik" pos="X">gik</wf>
         <wf lemma="som" pos="X">som</wf>
         <wf lemma="et" pos="X">et</wf>
         <instance id="d000.s822.t000" lemma="projektil" pos="NOUN">projektil</instance>
         <wf lemma="og" pos="X">og</wf>
         <wf lemma="kilede" pos="X">kilede</wf>
         <wf lemma="sig" pos="X">sig</wf>
         <wf lemma="ind" pos="X">ind</wf>
         <wf lemma="i" pos="X">i</wf>
         <wf lemma="trekanten" pos="X">trekanten</wf>
         <wf lemma="," pos="X">,</wf>
         <wf lemma="uden" pos="X">uden</wf>
         <wf lemma="at" pos="X">at</wf>
         <wf lemma="gæsternes" pos="X">gæsternes</wf>
         <wf lemma="målmand" pos="X">målmand</wf>
         <wf lemma="overhovedet" pos="X">overhovedet</wf>
         <wf lemma="nåede" pos="X">nåede</wf>
         <wf lemma="at" pos="X">at</wf>
         <wf lemma="reagere" pos="X">reagere</wf>
         <wf lemma="." pos="X">.</wf>
      </sentence>
      <sentence id="d000.s823" source="wordnet-danish">
         <wf lemma="Hun" pos="X">Hun</wf>
         <instance id="d000.s823.t000" lemma="smøre" pos="VERB">smører</instance>
         <wf lemma="creme" pos="X">creme</wf>
         <wf lemma="på" pos="X">på</wf>
         <wf lemma="kinderne" pos="X">kinderne</wf>
         <wf lemma="af" pos="X">af</wf>
         <wf lemma="Eliza" pos="X">Eliza</wf>
         <wf lemma="og" pos="X">og</wf>
         <wf lemma="reder" pos="X">reder</wf>
         <wf lemma="hendes" pos="X">hendes</wf>
         <wf lemma="hår" pos="X">hår</wf>
         <wf lemma="." pos="X">.</wf>
      </sentence>
      <sentence id="d000.s824" source="wordnet-danish">
         <wf lemma="Hvert" pos="X">Hvert</wf>
         <wf lemma="vers" pos="X">vers</wf>
         <wf lemma="handler" pos="X">handler</wf>
         <wf lemma="om" pos="X">om</wf>
         <wf lemma="en" pos="X">en</wf>
         <instance id="d000.s824.t000" lemma="dårlig" pos="ADJ">dårlig</instance>
         <wf lemma="egenskab" pos="X">egenskab</wf>
         <wf lemma="--" pos="X">--</wf>
         <wf lemma="misundelse" pos="X">misundelse</wf>
         <wf lemma="," pos="X">,</wf>
         <wf lemma="skadefryd" pos="X">skadefryd</wf>
         <wf lemma="," pos="X">,</wf>
         <wf lemma="overlegenhed" pos="X">overlegenhed</wf>
         <wf lemma="," pos="X">,</wf>
         <wf lemma="surmuleri" pos="X">surmuleri</wf>
         <wf lemma="osv." pos="X">osv.</wf>
      </sentence>
      <sentence id="d000.s825" source="wordnet-danish">
         <wf lemma="Jeg" pos="X">Jeg</wf>
         <wf lemma=".." pos="X">..</wf>
         <instance id="d000.s825.t000" lemma="give" pos="VERB">gav</instance>
         <wf lemma="hende" pos="X">hende</wf>
         <wf lemma="en" pos="X">en</wf>
         <wf lemma="rose" pos="X">rose</wf>
         <wf lemma="," pos="X">,</wf>
         <wf lemma="som" pos="X">som</wf>
         <wf lemma="jeg" pos="X">jeg</wf>
         <wf lemma="havde" pos="X">havde</wf>
         <wf lemma="købt" pos="X">købt</wf>
         <wf lemma="på" pos="X">på</wf>
         <wf lemma="torvet" pos="X">torvet</wf>
         <wf lemma="." pos="X">.</wf>
      </sentence>
      <sentence id="d000.s826" source="wordnet-danish">
         <wf lemma="Maj" pos="X">Maj</wf>
         <wf lemma="skar" pos="X">skar</wf>
         <wf lemma="både" pos="X">både</wf>
         <wf lemma="kartofler" pos="X">kartofler</wf>
         <wf lemma="og" pos="X">og</wf>
         <instance id="d000.s826.t000" lemma="løg" pos="NOUN">løg</instance>
         <wf lemma="i" pos="X">i</wf>
         <wf lemma="skiver" pos="X">skiver</wf>
         <wf lemma="," pos="X">,</wf>
         <wf lemma="smed" pos="X">smed</wf>
         <wf lemma="det" pos="X">det</wf>
         <wf lemma="hele" pos="X">hele</wf>
         <wf lemma="op" pos="X">op</wf>
         <wf lemma="i" pos="X">i</wf>
         <wf lemma="gryden" pos="X">gryden</wf>
         <wf lemma="og" pos="X">og</wf>
         <wf lemma="tændte" pos="X">tændte</wf>
         <wf lemma="for" pos="X">for</wf>
         <wf lemma="komfuret" pos="X">komfuret</wf>
         <wf lemma="." pos="X">.</wf>
      </sentence>
      <sentence id="d000.s827" source="wordnet-danish">
         <wf lemma="Ved" pos="X">Ved</wf>
         <wf lemma="VM" pos="X">VM</wf>
         <wf lemma="i" pos="X">i</wf>
         <wf lemma="Indien" pos="X">Indien</wf>
         <wf lemma="stod" pos="X">stod</wf>
         <wf lemma="det" pos="X">det</wf>
         <wf lemma="danske" pos="X">danske</wf>
         <instance id="d000.s827.t000" lemma="par" pos="NOUN">par</instance>
         <wf lemma="for" pos="X">for</wf>
         <wf lemma="endnu" pos="X">endnu</wf>
         <wf lemma="en" pos="X">en</wf>
         <wf lemma="overraskelse" pos="X">overraskelse</wf>
         <wf lemma="ved" pos="X">ved</wf>
         <wf lemma="at" pos="X">at</wf>
         <wf lemma="spille" pos="X">spille</wf>
         <wf lemma="sig" pos="X">sig</wf>
         <wf lemma="frem" pos="X">frem</wf>
         <wf lemma="til" pos="X">til</wf>
         <wf lemma="en" pos="X">en</wf>
         <wf lemma="ottendedelsfinale" pos="X">ottendedelsfinale</wf>
         <wf lemma="." pos="X">.</wf>
      </sentence>
      <sentence id="d000.s828" source="wordnet-danish">
         <wf lemma="Danmark" pos="X">Danmark</wf>
         <wf lemma="kan" pos="X">kan</wf>
         <wf lemma="blive" pos="X">blive</wf>
         <wf lemma="tvunget" pos="X">tvunget</wf>
         <wf lemma="til" pos="X">til</wf>
         <wf lemma="at" pos="X">at</wf>
         <wf lemma="opgive" pos="X">opgive</wf>
         <wf lemma="sit" pos="X">sit</wf>
         <instance id="d000.s828.t000" lemma="forbud" pos="NOUN">forbud</instance>
         <wf lemma="mod" pos="X">mod</wf>
         <wf lemma="dåseøl" pos="X">dåseøl</wf>
         <wf lemma="og" pos="X">og</wf>
         <wf lemma="sodavand" pos="X">sodavand</wf>
         <wf lemma="på" pos="X">på</wf>
         <wf lemma="dåse" pos="X">dåse</wf>
         <wf lemma="." pos="X">.</wf>
      </sentence>
      <sentence id="d000.s829" source="wordnet-danish">
         <wf lemma="NATO" pos="X">NATO</wf>
         <wf lemma="er" pos="X">er</wf>
         <wf lemma="klar" pos="X">klar</wf>
         <wf lemma="til" pos="X">til</wf>
         <wf lemma="at" pos="X">at</wf>
         <wf lemma="rykke" pos="X">rykke</wf>
         <wf lemma="ind" pos="X">ind</wf>
         <wf lemma="i" pos="X">i</wf>
         <wf lemma="eks-Jugoslavien" pos="X">eks-Jugoslavien</wf>
         <wf lemma="for" pos="X">for</wf>
         <wf lemma="at" pos="X">at</wf>
         <wf lemma="standse" pos="X">standse</wf>
         <instance id="d000.s829.t000" lemma="blodsudgydelse" pos="NOUN">blodsudgydelserne</instance>
         <wf lemma="." pos="X">.</wf>
      </sentence>
      <sentence id="d000.s830" source="wordnet-danish">
         <wf lemma="Sproget" pos="X">Sproget</wf>
         <wf lemma="er" pos="X">er</wf>
         <wf lemma="fuldt" pos="X">fuldt</wf>
         <wf lemma="af" pos="X">af</wf>
         <wf lemma="ord" pos="X">ord</wf>
         <wf lemma="der" pos="X">der</wf>
         <wf lemma="staves" pos="X">staves</wf>
         <wf lemma="ens" pos="X">ens</wf>
         <wf lemma="," pos="X">,</wf>
         <wf lemma="men" pos="X">men</wf>
         <instance id="d000.s830.t000" lemma="betyde" pos="VERB">betyder</instance>
         <wf lemma="noget" pos="X">noget</wf>
         <wf lemma="forskelligt" pos="X">forskelligt</wf>
         <wf lemma="." pos="X">.</wf>
      </sentence>
      <sentence id="d000.s831" source="wordnet-danish">
         <wf lemma="hvad" pos="X">hvad</wf>
         <wf lemma="i" pos="X">i</wf>
         <wf lemma="alverden" pos="X">alverden</wf>
         <wf lemma="skulle" pos="X">skulle</wf>
         <wf lemma="de" pos="X">de</wf>
         <wf lemma="stille" pos="X">stille</wf>
         <wf lemma="op" pos="X">op</wf>
         <wf lemma="med" pos="X">med</wf>
         <wf lemma="katten" pos="X">katten</wf>
         <wf lemma="?" pos="X">?</wf>
         <wf lemma="Den" pos="X">Den</wf>
         <wf lemma="trængte" pos="X">trængte</wf>
         <wf lemma="helt" pos="X">helt</wf>
         <wf lemma="tydeligt" pos="X">tydeligt</wf>
         <wf lemma="til" pos="X">til</wf>
         <wf lemma="god" pos="X">god</wf>
         <wf lemma="mad" pos="X">mad</wf>
         <wf lemma="og" pos="X">og</wf>
         <instance id="d000.s831.t000" lemma="pleje" pos="NOUN">pleje</instance>
         <wf lemma="." pos="X">.</wf>
      </sentence>
      <sentence id="d000.s832" source="wordnet-danish">
         <wf lemma="De" pos="X">De</wf>
         <wf lemma="havde" pos="X">havde</wf>
         <instance id="d000.s832.t000" lemma="sejle" pos="VERB">sejlet</instance>
         <wf lemma="med" pos="X">med</wf>
         <wf lemma="hjuldamperen" pos="X">hjuldamperen</wf>
         <wf lemma="'" pos="X">'</wf>
         <wf lemma="Hjejlen" pos="X">Hjejlen</wf>
         <wf lemma="'" pos="X">'</wf>
         <wf lemma="og" pos="X">og</wf>
         <wf lemma="set" pos="X">set</wf>
         <wf lemma="smukke" pos="X">smukke</wf>
         <wf lemma="scenerier" pos="X">scenerier</wf>
         <wf lemma="på" pos="X">på</wf>
         <wf lemma="søbredderne" pos="X">søbredderne</wf>
         <wf lemma="under" pos="X">under</wf>
         <wf lemma="kulørte" pos="X">kulørte</wf>
         <wf lemma="lamper" pos="X">lamper</wf>
         <wf lemma="." pos="X">.</wf>
      </sentence>
      <sentence id="d000.s833" source="wordnet-danish">
         <wf lemma="Hun" pos="X">Hun</wf>
         <wf lemma="åbnede" pos="X">åbnede</wf>
         <wf lemma="en" pos="X">en</wf>
         <wf lemma="gammel" pos="X">gammel</wf>
         <wf lemma="bog" pos="X">bog</wf>
         <wf lemma="og" pos="X">og</wf>
         <wf lemma="begyndte" pos="X">begyndte</wf>
         <wf lemma="at" pos="X">at</wf>
         <wf lemma="læse" pos="X">læse</wf>
         <wf lemma="en" pos="X">en</wf>
         <wf lemma="uforståelig" pos="X">uforståelig</wf>
         <wf lemma="remse" pos="X">remse</wf>
         <wf lemma="." pos="X">.</wf>
         <wf lemma="Så" pos="X">Så</wf>
         <wf lemma="blandede" pos="X">blandede</wf>
         <wf lemma="hun" pos="X">hun</wf>
         <wf lemma="nogle" pos="X">nogle</wf>
         <wf lemma="tørrede" pos="X">tørrede</wf>
         <instance id="d000.s833.t000" lemma="urt" pos="NOUN">urter</instance>
         <wf lemma="." pos="X">.</wf>
      </sentence>
      <sentence id="d000.s834" source="wordnet-danish">
         <wf lemma="14" pos="X">14</wf>
         <wf lemma="år" pos="X">år</wf>
         <wf lemma="senere" pos="X">senere</wf>
         <wf lemma="blev" pos="X">blev</wf>
         <wf lemma="han" pos="X">han</wf>
         <wf lemma="præsident" pos="X">præsident</wf>
         <wf lemma="for" pos="X">for</wf>
         <wf lemma="landsretten" pos="X">landsretten</wf>
         <wf lemma="." pos="X">.</wf>
         <wf lemma="Han" pos="X">Han</wf>
         <wf lemma="har" pos="X">har</wf>
         <wf lemma="været" pos="X">været</wf>
         <wf lemma="meget" pos="X">meget</wf>
         <wf lemma="aktiv" pos="X">aktiv</wf>
         <wf lemma="inden" pos="X">inden</wf>
         <wf lemma="for" pos="X">for</wf>
         <wf lemma="retsvæsenet" pos="X">retsvæsenet</wf>
         <wf lemma="og" pos="X">og</wf>
         <instance id="d000.s834.t000" lemma="jura" pos="NOUN">juraen</instance>
         <wf lemma="." pos="X">.</wf>
      </sentence>
      <sentence id="d000.s835" source="wordnet-danish">
         <wf lemma="Fåre-" pos="X">Fåre-</wf>
         <wf lemma="og" pos="X">og</wf>
         <wf lemma="gedemælken" pos="X">gedemælken</wf>
         <wf lemma="blev" pos="X">blev</wf>
         <instance id="d000.s835.t000" lemma="bruge" pos="VERB">brugt</instance>
         <wf lemma="til" pos="X">til</wf>
         <wf lemma="at" pos="X">at</wf>
         <wf lemma="lave" pos="X">lave</wf>
         <wf lemma="ost" pos="X">ost</wf>
         <wf lemma="af" pos="X">af</wf>
         <wf lemma="og" pos="X">og</wf>
         <wf lemma="til" pos="X">til</wf>
         <wf lemma="at" pos="X">at</wf>
         <wf lemma="drikke" pos="X">drikke</wf>
         <wf lemma="." pos="X">.</wf>
      </sentence>
      <sentence id="d000.s836" source="wordnet-danish">
         <wf lemma="han" pos="X">han</wf>
         <wf lemma="har" pos="X">har</wf>
         <wf lemma="glædet" pos="X">glædet</wf>
         <wf lemma="sig" pos="X">sig</wf>
         <wf lemma="enormt" pos="X">enormt</wf>
         <wf lemma="til" pos="X">til</wf>
         <wf lemma="at" pos="X">at</wf>
         <wf lemma="få" pos="X">få</wf>
         <wf lemma="7" pos="X">7</wf>
         <wf lemma="ugers" pos="X">ugers</wf>
         <instance id="d000.s836.t000" lemma="ferie" pos="NOUN">ferie</instance>
         <wf lemma="og" pos="X">og</wf>
         <wf lemma="komme" pos="X">komme</wf>
         <wf lemma="i" pos="X">i</wf>
         <wf lemma="gang" pos="X">gang</wf>
         <wf lemma="med" pos="X">med</wf>
         <wf lemma="at" pos="X">at</wf>
         <wf lemma="ordne" pos="X">ordne</wf>
         <wf lemma="hus" pos="X">hus</wf>
         <wf lemma="og" pos="X">og</wf>
         <wf lemma="have" pos="X">have</wf>
         <wf lemma="." pos="X">.</wf>
      </sentence>
      <sentence id="d000.s837" source="wordnet-danish">
         <wf lemma="Hvis" pos="X">Hvis</wf>
         <wf lemma="saucen" pos="X">saucen</wf>
         <wf lemma="er" pos="X">er</wf>
         <wf lemma="lidt" pos="X">lidt</wf>
         <wf lemma="tyk" pos="X">tyk</wf>
         <wf lemma="," pos="X">,</wf>
         <wf lemma="kan" pos="X">kan</wf>
         <wf lemma="man" pos="X">man</wf>
         <instance id="d000.s837.t000" lemma="fortynde" pos="VERB">fortynde</instance>
         <wf lemma="den" pos="X">den</wf>
         <wf lemma="med" pos="X">med</wf>
         <wf lemma="lidt" pos="X">lidt</wf>
         <wf lemma="suppe" pos="X">suppe</wf>
         <wf lemma="." pos="X">.</wf>
      </sentence>
      <sentence id="d000.s838" source="wordnet-danish">
         <wf lemma="Hvis" pos="X">Hvis</wf>
         <wf lemma="en" pos="X">en</wf>
         <wf lemma="ledning" pos="X">ledning</wf>
         <instance id="d000.s838.t000" lemma="vikle" pos="VERB">vikles</instance>
         <wf lemma="mange" pos="X">mange</wf>
         <wf lemma="gange" pos="X">gange</wf>
         <wf lemma="omkring" pos="X">omkring</wf>
         <wf lemma="et" pos="X">et</wf>
         <wf lemma="rør" pos="X">rør</wf>
         <wf lemma="," pos="X">,</wf>
         <wf lemma="får" pos="X">får</wf>
         <wf lemma="vi" pos="X">vi</wf>
         <wf lemma="en" pos="X">en</wf>
         <wf lemma="spole" pos="X">spole</wf>
         <wf lemma="." pos="X">.</wf>
      </sentence>
      <sentence id="d000.s839" source="wordnet-danish">
         <instance id="d000.s839.t000" lemma="professor" pos="NOUN">Professor</instance>
         <wf lemma="Peter" pos="X">Peter</wf>
         <wf lemma="Madsen" pos="X">Madsen</wf>
         <wf lemma="har" pos="X">har</wf>
         <wf lemma="med" pos="X">med</wf>
         <wf lemma="omgående" pos="X">omgående</wf>
         <wf lemma="virkning" pos="X">virkning</wf>
         <wf lemma="nedlagt" pos="X">nedlagt</wf>
         <wf lemma="sit" pos="X">sit</wf>
         <wf lemma="tillidshverv" pos="X">tillidshverv</wf>
         <wf lemma="som" pos="X">som</wf>
         <wf lemma="institutbestyrer" pos="X">institutbestyrer</wf>
         <wf lemma="på" pos="X">på</wf>
         <wf lemma="litteraturvidenskab" pos="X">litteraturvidenskab</wf>
         <wf lemma="på" pos="X">på</wf>
         <wf lemma="Københavns" pos="X">Københavns</wf>
         <wf lemma="Universitet" pos="X">Universitet</wf>
         <wf lemma="." pos="X">.</wf>
      </sentence>
      <sentence id="d000.s840" source="wordnet-danish">
         <wf lemma="Så" pos="X">Så</wf>
         <wf lemma="åbner" pos="X">åbner</wf>
         <wf lemma="jeg" pos="X">jeg</wf>
         <wf lemma="min" pos="X">min</wf>
         <wf lemma="morgenpost" pos="X">morgenpost</wf>
         <wf lemma="sammen" pos="X">sammen</wf>
         <wf lemma="med" pos="X">med</wf>
         <wf lemma="min" pos="X">min</wf>
         <instance id="d000.s840.t000" lemma="sekretær" pos="NOUN">sekretær</instance>
         <wf lemma="og" pos="X">og</wf>
         <wf lemma="sørger" pos="X">sørger</wf>
         <wf lemma="for" pos="X">for</wf>
         <wf lemma="at" pos="X">at</wf>
         <wf lemma="få" pos="X">få</wf>
         <wf lemma="dikteret" pos="X">dikteret</wf>
         <wf lemma="[svar" pos="X">[svar</wf>
         <wf lemma="til" pos="X">til</wf>
         <wf lemma="de" pos="X">de</wf>
         <wf lemma="breve" pos="X">breve</wf>
         <wf lemma="]" pos="X">]</wf>
         <wf lemma="der" pos="X">der</wf>
         <wf lemma="umiddelbart" pos="X">umiddelbart</wf>
         <wf lemma="kan" pos="X">kan</wf>
         <wf lemma="besvares" pos="X">besvares</wf>
         <wf lemma="." pos="X">.</wf>
      </sentence>
      <sentence id="d000.s841" source="wordnet-danish">
         <wf lemma="En" pos="X">En</wf>
         <wf lemma="lungebetændelse" pos="X">lungebetændelse</wf>
         <wf lemma="i" pos="X">i</wf>
         <wf lemma="1983" pos="X">1983</wf>
         <wf lemma="tappede" pos="X">tappede</wf>
         <wf lemma="den" pos="X">den</wf>
         <wf lemma="sidste" pos="X">sidste</wf>
         <instance id="d000.s841.t000" lemma="rest" pos="NOUN">rest</instance>
         <wf lemma="af" pos="X">af</wf>
         <wf lemma="kræfter" pos="X">kræfter</wf>
         <wf lemma="i" pos="X">i</wf>
         <wf lemma="arme" pos="X">arme</wf>
         <wf lemma="og" pos="X">og</wf>
         <wf lemma="hænder" pos="X">hænder</wf>
         <wf lemma="." pos="X">.</wf>
      </sentence>
      <sentence id="d000.s842" source="wordnet-danish">
         <wf lemma="Der" pos="X">Der</wf>
         <wf lemma="blev" pos="X">blev</wf>
         <wf lemma="lavet" pos="X">lavet</wf>
         <wf lemma="talrige" pos="X">talrige</wf>
         <wf lemma="film" pos="X">film</wf>
         <wf lemma="om" pos="X">om</wf>
         <wf lemma="det" pos="X">det</wf>
         <wf lemma="skæve" pos="X">skæve</wf>
         <wf lemma="skib" pos="X">skib</wf>
         <wf lemma="og" pos="X">og</wf>
         <wf lemma="kaptajnen" pos="X">kaptajnen</wf>
         <wf lemma="," pos="X">,</wf>
         <wf lemma="men" pos="X">men</wf>
         <wf lemma="Kurt" pos="X">Kurt</wf>
         <wf lemma="Carlsen" pos="X">Carlsen</wf>
         <instance id="d000.s842.t000" lemma="afslå" pos="VERB">afslog</instance>
         <wf lemma="at" pos="X">at</wf>
         <wf lemma="medvirke" pos="X">medvirke</wf>
         <wf lemma="i" pos="X">i</wf>
         <wf lemma="nogen" pos="X">nogen</wf>
         <wf lemma="af" pos="X">af</wf>
         <wf lemma="dem" pos="X">dem</wf>
         <wf lemma="." pos="X">.</wf>
      </sentence>
      <sentence id="d000.s843" source="wordnet-danish">
         <wf lemma="Flere" pos="X">Flere</wf>
         <wf lemma="og" pos="X">og</wf>
         <wf lemma="flere" pos="X">flere</wf>
         <instance id="d000.s843.t000" lemma="kraft" pos="NOUN">kræfter</instance>
         <wf lemma="sættes" pos="X">sættes</wf>
         <wf lemma="ind" pos="X">ind</wf>
         <wf lemma="på" pos="X">på</wf>
         <wf lemma="at" pos="X">at</wf>
         <wf lemma="skaffe" pos="X">skaffe</wf>
         <wf lemma="de" pos="X">de</wf>
         <wf lemma="nødvendige" pos="X">nødvendige</wf>
         <wf lemma="penge" pos="X">penge</wf>
         <wf lemma="." pos="X">.</wf>
      </sentence>
      <sentence id="d000.s844" source="wordnet-danish">
         <wf lemma="De" pos="X">De</wf>
         <wf lemma="fleste" pos="X">fleste</wf>
         <wf lemma="af" pos="X">af</wf>
         <wf lemma="kvinderne" pos="X">kvinderne</wf>
         <wf lemma="inddrager" pos="X">inddrager</wf>
         <instance id="d000.s844.t000" lemma="barndom" pos="NOUN">barndommen</instance>
         <wf lemma="som" pos="X">som</wf>
         <wf lemma="betydningsbærende" pos="X">betydningsbærende</wf>
         <wf lemma="for" pos="X">for</wf>
         <wf lemma="deres" pos="X">deres</wf>
         <wf lemma="voksne" pos="X">voksne</wf>
         <wf lemma="liv" pos="X">liv</wf>
         <wf lemma="." pos="X">.</wf>
      </sentence>
      <sentence id="d000.s845" source="wordnet-danish">
         <wf lemma="Ingen" pos="X">Ingen</wf>
         <wf lemma="sætter" pos="X">sætter</wf>
         <wf lemma="sig" pos="X">sig</wf>
         <wf lemma="for" pos="X">for</wf>
         <wf lemma="bevidst" pos="X">bevidst</wf>
         <wf lemma="at" pos="X">at</wf>
         <wf lemma="spille" pos="X">spille</wf>
         <wf lemma="psykologiske" pos="X">psykologiske</wf>
         <wf lemma="spil" pos="X">spil</wf>
         <wf lemma="for" pos="X">for</wf>
         <wf lemma="at" pos="X">at</wf>
         <wf lemma="gøre" pos="X">gøre</wf>
         <wf lemma="andre" pos="X">andre</wf>
         <wf lemma="fortræd" pos="X">fortræd</wf>
         <wf lemma="." pos="X">.</wf>
         <wf lemma="Gør" pos="X">Gør</wf>
         <wf lemma="man" pos="X">man</wf>
         <wf lemma="det" pos="X">det</wf>
         <wf lemma="," pos="X">,</wf>
         <wf lemma="så" pos="X">så</wf>
         <wf lemma="er" pos="X">er</wf>
         <wf lemma="det" pos="X">det</wf>
         <wf lemma="bevidst" pos="X">bevidst</wf>
         <wf lemma="hævn" pos="X">hævn</wf>
         <wf lemma="eller" pos="X">eller</wf>
         <instance id="d000.s845.t000" lemma="ondskabsfuldhed" pos="NOUN">ondskabsfuldhed</instance>
         <wf lemma="." pos="X">.</wf>
      </sentence>
      <sentence id="d000.s846" source="wordnet-danish">
         <wf lemma="Efterforskningen" pos="X">Efterforskningen</wf>
         <instance id="d000.s846.t000" lemma="lede" pos="VERB">ledes</instance>
         <wf lemma="af" pos="X">af</wf>
         <wf lemma="Hobros" pos="X">Hobros</wf>
         <wf lemma="politimester" pos="X">politimester</wf>
         <wf lemma=".." pos="X">..</wf>
         <wf lemma="i" pos="X">i</wf>
         <wf lemma="tæt" pos="X">tæt</wf>
         <wf lemma="samarbejde" pos="X">samarbejde</wf>
         <wf lemma="med" pos="X">med</wf>
         <wf lemma="skattevæsnet" pos="X">skattevæsnet</wf>
         <wf lemma="og" pos="X">og</wf>
         <wf lemma="toldvæsnet" pos="X">toldvæsnet</wf>
         <wf lemma="." pos="X">.</wf>
      </sentence>
      <sentence id="d000.s847" source="wordnet-danish">
         <wf lemma="I" pos="X">I</wf>
         <wf lemma="vikingernes" pos="X">vikingernes</wf>
         <wf lemma="digte" pos="X">digte</wf>
         <wf lemma="er" pos="X">er</wf>
         <wf lemma="der" pos="X">der</wf>
         <wf lemma="masser" pos="X">masser</wf>
         <wf lemma="af" pos="X">af</wf>
         <wf lemma="gode" pos="X">gode</wf>
         <instance id="d000.s847.t000" lemma="råd" pos="NOUN">råd</instance>
         <wf lemma="om" pos="X">om</wf>
         <wf lemma="," pos="X">,</wf>
         <wf lemma="at" pos="X">at</wf>
         <wf lemma="man" pos="X">man</wf>
         <wf lemma="ikke" pos="X">ikke</wf>
         <wf lemma="skal" pos="X">skal</wf>
         <wf lemma="drikke" pos="X">drikke</wf>
         <wf lemma="for" pos="X">for</wf>
         <wf lemma="meget" pos="X">meget</wf>
         <wf lemma="." pos="X">.</wf>
      </sentence>
      <sentence id="d000.s848" source="wordnet-danish">
         <wf lemma="i" pos="X">i</wf>
         <wf lemma="mange" pos="X">mange</wf>
         <wf lemma="af" pos="X">af</wf>
         <wf lemma="tilfældene" pos="X">tilfældene</wf>
         <wf lemma="nåede" pos="X">nåede</wf>
         <wf lemma="de" pos="X">de</wf>
         <wf lemma="involverede" pos="X">involverede</wf>
         <wf lemma="slet" pos="X">slet</wf>
         <wf lemma="ikke" pos="X">ikke</wf>
         <wf lemma="at" pos="X">at</wf>
         <wf lemma="høre" pos="X">høre</wf>
         <wf lemma="om" pos="X">om</wf>
         <wf lemma="våbenhvilen" pos="X">våbenhvilen</wf>
         <wf lemma="," pos="X">,</wf>
         <wf lemma="før" pos="X">før</wf>
         <wf lemma="kampene" pos="X">kampene</wf>
         <wf lemma="igen" pos="X">igen</wf>
         <instance id="d000.s848.t000" lemma="eskalere" pos="VERB">eskalerede</instance>
         <wf lemma="." pos="X">.</wf>
      </sentence>
      <sentence id="d000.s849" source="wordnet-danish">
         <wf lemma="Han" pos="X">Han</wf>
         <wf lemma="har" pos="X">har</wf>
         <wf lemma="vist" pos="X">vist</wf>
         <wf lemma="aldrig" pos="X">aldrig</wf>
         <wf lemma="været" pos="X">været</wf>
         <wf lemma="kaptajn" pos="X">kaptajn</wf>
         <wf lemma="," pos="X">,</wf>
         <wf lemma="men" pos="X">men</wf>
         <wf lemma="sejlet" pos="X">sejlet</wf>
         <wf lemma="på" pos="X">på</wf>
         <wf lemma="de" pos="X">de</wf>
         <wf lemma="syv" pos="X">syv</wf>
         <wf lemma="verdenshave" pos="X">verdenshave</wf>
         <wf lemma="har" pos="X">har</wf>
         <wf lemma="han" pos="X">han</wf>
         <wf lemma="i" pos="X">i</wf>
         <wf lemma="hvert" pos="X">hvert</wf>
         <wf lemma="fald" pos="X">fald</wf>
         <wf lemma="." pos="X">.</wf>
         <wf lemma="Nu" pos="X">Nu</wf>
         <wf lemma="går" pos="X">går</wf>
         <wf lemma="han" pos="X">han</wf>
         <wf lemma="på" pos="X">på</wf>
         <wf lemma="landevejene" pos="X">landevejene</wf>
         <wf lemma="," pos="X">,</wf>
         <wf lemma="men" pos="X">men</wf>
         <wf lemma="han" pos="X">han</wf>
         <wf lemma="fortæller" pos="X">fortæller</wf>
         <wf lemma="gerne" pos="X">gerne</wf>
         <wf lemma="om" pos="X">om</wf>
         <wf lemma="alle" pos="X">alle</wf>
         <wf lemma="sine" pos="X">sine</wf>
         <instance id="d000.s849.t000" lemma="eventyr" pos="NOUN">eventyr</instance>
         <wf lemma="." pos="X">.</wf>
      </sentence>
      <sentence id="d000.s850" source="wordnet-danish">
         <wf lemma="Når" pos="X">Når</wf>
         <wf lemma="solen" pos="X">solen</wf>
         <wf lemma="lyser" pos="X">lyser</wf>
         <wf lemma="i" pos="X">i</wf>
         <wf lemma="hendes" pos="X">hendes</wf>
         <wf lemma="hår" pos="X">hår</wf>
         <wf lemma="skinner" pos="X">skinner</wf>
         <wf lemma="det" pos="X">det</wf>
         <wf lemma="som" pos="X">som</wf>
         <instance id="d000.s850.t000" lemma="guld" pos="NOUN">guld</instance>
         <wf lemma="." pos="X">.</wf>
      </sentence>
      <sentence id="d000.s851" source="wordnet-danish">
         <wf lemma="de" pos="X">de</wf>
         <wf lemma="portugisiske" pos="X">portugisiske</wf>
         <wf lemma="handelsfolk" pos="X">handelsfolk</wf>
         <wf lemma=".." pos="X">..</wf>
         <instance id="d000.s851.t000" lemma="købe" pos="VERB">købte</instance>
         <wf lemma="guld" pos="X">guld</wf>
         <wf lemma="og" pos="X">og</wf>
         <wf lemma="slaver" pos="X">slaver</wf>
         <wf lemma="på" pos="X">på</wf>
         <wf lemma="Afrikas" pos="X">Afrikas</wf>
         <wf lemma="vestkyst" pos="X">vestkyst</wf>
         <wf lemma="." pos="X">.</wf>
      </sentence>
      <sentence id="d000.s852" source="wordnet-danish">
         <wf lemma="Min" pos="X">Min</wf>
         <instance id="d000.s852.t000" lemma="morgenmad" pos="NOUN">morgenmad</instance>
         <wf lemma="bestod" pos="X">bestod</wf>
         <wf lemma="som" pos="X">som</wf>
         <wf lemma="sædvanlig" pos="X">sædvanlig</wf>
         <wf lemma="af" pos="X">af</wf>
         <wf lemma="en" pos="X">en</wf>
         <wf lemma="ostemad" pos="X">ostemad</wf>
         <wf lemma="med" pos="X">med</wf>
         <wf lemma="et" pos="X">et</wf>
         <wf lemma="krus" pos="X">krus</wf>
         <wf lemma="kaffe" pos="X">kaffe</wf>
         <wf lemma="og" pos="X">og</wf>
         <wf lemma="et" pos="X">et</wf>
         <wf lemma="stort" pos="X">stort</wf>
         <wf lemma="glas" pos="X">glas</wf>
         <wf lemma="sødmælk" pos="X">sødmælk</wf>
         <wf lemma="." pos="X">.</wf>
      </sentence>
      <sentence id="d000.s853" source="wordnet-danish">
         <wf lemma="Efter" pos="X">Efter</wf>
         <wf lemma="lang" pos="X">lang</wf>
         <wf lemma="tids" pos="X">tids</wf>
         <wf lemma="ubehagelig" pos="X">ubehagelig</wf>
         <wf lemma="kørsel" pos="X">kørsel</wf>
         <wf lemma="i" pos="X">i</wf>
         <wf lemma="den" pos="X">den</wf>
         <wf lemma="gamle" pos="X">gamle</wf>
         <wf lemma="lastvogn" pos="X">lastvogn</wf>
         <wf lemma="," pos="X">,</wf>
         <wf lemma="som" pos="X">som</wf>
         <wf lemma="næppe" pos="X">næppe</wf>
         <wf lemma="havde" pos="X">havde</wf>
         <instance id="d000.s853.t000" lemma="fjeder" pos="NOUN">fjedre</instance>
         <wf lemma="," pos="X">,</wf>
         <wf lemma="nåede" pos="X">nåede</wf>
         <wf lemma="de" pos="X">de</wf>
         <wf lemma="frem" pos="X">frem</wf>
         <wf lemma="til" pos="X">til</wf>
         <wf lemma="en" pos="X">en</wf>
         <wf lemma="flod" pos="X">flod</wf>
         <wf lemma="." pos="X">.</wf>
      </sentence>
      <sentence id="d000.s854" source="wordnet-danish">
         <wf lemma="Hvis" pos="X">Hvis</wf>
         <wf lemma="du" pos="X">du</wf>
         <wf lemma="ikke" pos="X">ikke</wf>
         <wf lemma="er" pos="X">er</wf>
         <wf lemma="tilfreds" pos="X">tilfreds</wf>
         <wf lemma="med" pos="X">med</wf>
         <wf lemma="[" pos="X">[</wf>
         <wf lemma="Patientklage]nævnets" pos="X">Patientklage]nævnets</wf>
         <wf lemma="afgørelse" pos="X">afgørelse</wf>
         <wf lemma="," pos="X">,</wf>
         <wf lemma="har" pos="X">har</wf>
         <wf lemma="du" pos="X">du</wf>
         <wf lemma="mulighed" pos="X">mulighed</wf>
         <wf lemma="for" pos="X">for</wf>
         <wf lemma="at" pos="X">at</wf>
         <wf lemma="gå" pos="X">gå</wf>
         <wf lemma="til" pos="X">til</wf>
         <instance id="d000.s854.t000" lemma="domstol" pos="NOUN">domstolene</instance>
         <wf lemma="med" pos="X">med</wf>
         <wf lemma="din" pos="X">din</wf>
         <wf lemma="klage" pos="X">klage</wf>
         <wf lemma="." pos="X">.</wf>
      </sentence>
      <sentence id="d000.s855" source="wordnet-danish">
         <wf lemma="Han" pos="X">Han</wf>
         <wf lemma="," pos="X">,</wf>
         <wf lemma="der" pos="X">der</wf>
         <wf lemma="var" pos="X">var</wf>
         <wf lemma="journalist" pos="X">journalist</wf>
         <wf lemma="af" pos="X">af</wf>
         <instance id="d000.s855.t000" lemma="profession" pos="NOUN">profession</instance>
         <wf lemma="," pos="X">,</wf>
         <wf lemma="kom" pos="X">kom</wf>
         <wf lemma="til" pos="X">til</wf>
         <wf lemma="at" pos="X">at</wf>
         <wf lemma="fungere" pos="X">fungere</wf>
         <wf lemma="som" pos="X">som</wf>
         <wf lemma="regeringens" pos="X">regeringens</wf>
         <wf lemma="pressetalsmand" pos="X">pressetalsmand</wf>
         <wf lemma="." pos="X">.</wf>
      </sentence>
      <sentence id="d000.s856" source="wordnet-danish">
         <wf lemma="Det" pos="X">Det</wf>
         <wf lemma="var" pos="X">var</wf>
         <wf lemma="ikke" pos="X">ikke</wf>
         <wf lemma="nogen" pos="X">nogen</wf>
         <instance id="d000.s856.t000" lemma="ønskværdig" pos="ADJ">ønskværdig</instance>
         <wf lemma="tilværelse" pos="X">tilværelse</wf>
         <wf lemma="at" pos="X">at</wf>
         <wf lemma="være" pos="X">være</wf>
         <wf lemma="enlig" pos="X">enlig</wf>
         <wf lemma="mor" pos="X">mor</wf>
         <wf lemma="i" pos="X">i</wf>
         <wf lemma="begyndelsen" pos="X">begyndelsen</wf>
         <wf lemma="af" pos="X">af</wf>
         <wf lemma="dette" pos="X">dette</wf>
         <wf lemma="århundrede" pos="X">århundrede</wf>
         <wf lemma="." pos="X">.</wf>
      </sentence>
      <sentence id="d000.s857" source="wordnet-danish">
         <wf lemma="han" pos="X">han</wf>
         <wf lemma="kender" pos="X">kender</wf>
         <wf lemma="ingen" pos="X">ingen</wf>
         <instance id="d000.s857.t000" lemma="middelvej" pos="NOUN">middelvej</instance>
         <wf lemma="mht." pos="X">mht.</wf>
         <wf lemma="alkoholforbrug" pos="X">alkoholforbrug</wf>
         <wf lemma=":" pos="X">:</wf>
         <wf lemma="enten" pos="X">enten</wf>
         <wf lemma="er" pos="X">er</wf>
         <wf lemma="han" pos="X">han</wf>
         <wf lemma="ædru" pos="X">ædru</wf>
         <wf lemma=".." pos="X">..</wf>
         <wf lemma="eller" pos="X">eller</wf>
         <wf lemma="også" pos="X">også</wf>
         <wf lemma="er" pos="X">er</wf>
         <wf lemma="han" pos="X">han</wf>
         <wf lemma="kanonstiv" pos="X">kanonstiv</wf>
         <wf lemma="." pos="X">.</wf>
      </sentence>
      <sentence id="d000.s858" source="wordnet-danish">
         <wf lemma="Hvis" pos="X">Hvis</wf>
         <wf lemma="sproget" pos="X">sproget</wf>
         <wf lemma="begynder" pos="X">begynder</wf>
         <wf lemma="at" pos="X">at</wf>
         <wf lemma="forlade" pos="X">forlade</wf>
         <wf lemma="os" pos="X">os</wf>
         <wf lemma="eller" pos="X">eller</wf>
         <wf lemma="simpelthen" pos="X">simpelthen</wf>
         <wf lemma="opgives" pos="X">opgives</wf>
         <wf lemma="," pos="X">,</wf>
         <wf lemma="fordi" pos="X">fordi</wf>
         <wf lemma="det" pos="X">det</wf>
         <wf lemma="komplicerer" pos="X">komplicerer</wf>
         <wf lemma="vores" pos="X">vores</wf>
         <wf lemma="forhold" pos="X">forhold</wf>
         <wf lemma="til" pos="X">til</wf>
         <wf lemma="det" pos="X">det</wf>
         <wf lemma="liv" pos="X">liv</wf>
         <wf lemma="man" pos="X">man</wf>
         <wf lemma="pånøder" pos="X">pånøder</wf>
         <wf lemma="os" pos="X">os</wf>
         <wf lemma="," pos="X">,</wf>
         <wf lemma="henvises" pos="X">henvises</wf>
         <wf lemma="vi" pos="X">vi</wf>
         <wf lemma="til" pos="X">til</wf>
         <wf lemma="at" pos="X">at</wf>
         <wf lemma="fotografere" pos="X">fotografere</wf>
         <wf lemma="og" pos="X">og</wf>
         <instance id="d000.s858.t000" lemma="dokumentere" pos="VERB">dokumentere</instance>
         <wf lemma="." pos="X">.</wf>
      </sentence>
      <sentence id="d000.s859" source="wordnet-danish">
         <wf lemma="Håndværkerne" pos="X">Håndværkerne</wf>
         <wf lemma="drager" pos="X">drager</wf>
         <wf lemma="fra" pos="X">fra</wf>
         <wf lemma="sogn" pos="X">sogn</wf>
         <wf lemma="til" pos="X">til</wf>
         <wf lemma="sogn" pos="X">sogn</wf>
         <wf lemma="og" pos="X">og</wf>
         <wf lemma="vinder" pos="X">vinder</wf>
         <wf lemma="sig" pos="X">sig</wf>
         <instance id="d000.s859.t000" lemma="hæder" pos="NOUN">hæder</instance>
         <wf lemma="på" pos="X">på</wf>
         <wf lemma="godt" pos="X">godt</wf>
         <wf lemma="arbejde" pos="X">arbejde</wf>
         <wf lemma="." pos="X">.</wf>
      </sentence>
      <sentence id="d000.s860" source="wordnet-danish">
         <wf lemma="Kun" pos="X">Kun</wf>
         <wf lemma="ganske" pos="X">ganske</wf>
         <wf lemma="få" pos="X">få</wf>
         <instance id="d000.s860.t000" lemma="vide" pos="VERB">vidste</instance>
         <wf lemma="," pos="X">,</wf>
         <wf lemma="at" pos="X">at</wf>
         <wf lemma="hun" pos="X">hun</wf>
         <wf lemma="var" pos="X">var</wf>
         <wf lemma="gravid" pos="X">gravid</wf>
         <wf lemma="." pos="X">.</wf>
      </sentence>
      <sentence id="d000.s861" source="wordnet-danish">
         <wf lemma="hagl" pos="X">hagl</wf>
         <wf lemma="har" pos="X">har</wf>
         <instance id="d000.s861.t000" lemma="skade" pos="VERB">skadet</instance>
         <wf lemma="vinstokkene" pos="X">vinstokkene</wf>
         <wf lemma="i" pos="X">i</wf>
         <wf lemma="et" pos="X">et</wf>
         <wf lemma="700" pos="X">700</wf>
         <wf lemma="hektar" pos="X">hektar</wf>
         <wf lemma="stort" pos="X">stort</wf>
         <wf lemma="område" pos="X">område</wf>
         <wf lemma="imellem" pos="X">imellem</wf>
         <wf lemma="Eguisheim" pos="X">Eguisheim</wf>
         <wf lemma="og" pos="X">og</wf>
         <wf lemma="Colmar" pos="X">Colmar</wf>
         <wf lemma="." pos="X">.</wf>
      </sentence>
      <sentence id="d000.s862" source="wordnet-danish">
         <wf lemma="Midt" pos="X">Midt</wf>
         <wf lemma="i" pos="X">i</wf>
         <wf lemma="Europa" pos="X">Europa</wf>
         <wf lemma="er" pos="X">er</wf>
         <wf lemma="der" pos="X">der</wf>
         <instance id="d000.s862.t000" lemma="krig" pos="NOUN">krig</instance>
         <wf lemma="," pos="X">,</wf>
         <wf lemma="hundredtusindvis" pos="X">hundredtusindvis</wf>
         <wf lemma="er" pos="X">er</wf>
         <wf lemma="drevet" pos="X">drevet</wf>
         <wf lemma="på" pos="X">på</wf>
         <wf lemma="flugt" pos="X">flugt</wf>
         <wf lemma="," pos="X">,</wf>
         <wf lemma="og" pos="X">og</wf>
         <wf lemma="vi" pos="X">vi</wf>
         <wf lemma="oplever" pos="X">oplever</wf>
         <wf lemma="igen" pos="X">igen</wf>
         <wf lemma="koncentrationslejre" pos="X">koncentrationslejre</wf>
         <wf lemma="på" pos="X">på</wf>
         <wf lemma="vores" pos="X">vores</wf>
         <wf lemma="kontinent" pos="X">kontinent</wf>
         <wf lemma="." pos="X">.</wf>
      </sentence>
      <sentence id="d000.s863" source="wordnet-danish">
         <instance id="d000.s863.t000" lemma="muskel" pos="NOUN">musklerne</instance>
         <wf lemma="sørger" pos="X">sørger</wf>
         <wf lemma="for" pos="X">for</wf>
         <wf lemma="via" pos="X">via</wf>
         <wf lemma="senerne" pos="X">senerne</wf>
         <wf lemma="til" pos="X">til</wf>
         <wf lemma="leddene" pos="X">leddene</wf>
         <wf lemma="at" pos="X">at</wf>
         <wf lemma="du" pos="X">du</wf>
         <wf lemma="kan" pos="X">kan</wf>
         <wf lemma="gå" pos="X">gå</wf>
         <wf lemma="," pos="X">,</wf>
         <wf lemma="stå" pos="X">stå</wf>
         <wf lemma="," pos="X">,</wf>
         <wf lemma="arbejde" pos="X">arbejde</wf>
         <wf lemma="og" pos="X">og</wf>
         <wf lemma="løbe" pos="X">løbe</wf>
         <wf lemma="." pos="X">.</wf>
      </sentence>
      <sentence id="d000.s864" source="wordnet-danish">
         <wf lemma="gensplejsning" pos="X">gensplejsning</wf>
         <wf lemma="er" pos="X">er</wf>
         <wf lemma="den" pos="X">den</wf>
         <wf lemma="mest" pos="X">mest</wf>
         <wf lemma="omdiskuterede" pos="X">omdiskuterede</wf>
         <wf lemma="af" pos="X">af</wf>
         <wf lemma="de" pos="X">de</wf>
         <wf lemma="nye" pos="X">nye</wf>
         <wf lemma="højteknologiske" pos="X">højteknologiske</wf>
         <instance id="d000.s864.t000" lemma="disciplin" pos="NOUN">discipliner</instance>
         <wf lemma="inden" pos="X">inden</wf>
         <wf lemma="for" pos="X">for</wf>
         <wf lemma="bioteknologien" pos="X">bioteknologien</wf>
         <wf lemma="." pos="X">.</wf>
      </sentence>
      <sentence id="d000.s865" source="wordnet-danish">
         <wf lemma="Hvis" pos="X">Hvis</wf>
         <wf lemma="en" pos="X">en</wf>
         <instance id="d000.s865.t000" lemma="sang" pos="NOUN">sanger</instance>
         <wf lemma="presser" pos="X">presser</wf>
         <wf lemma="sin" pos="X">sin</wf>
         <wf lemma="stemme" pos="X">stemme</wf>
         <wf lemma="," pos="X">,</wf>
         <wf lemma="risikerer" pos="X">risikerer</wf>
         <wf lemma="han" pos="X">han</wf>
         <wf lemma="at" pos="X">at</wf>
         <wf lemma="ødelægge" pos="X">ødelægge</wf>
         <wf lemma="sine" pos="X">sine</wf>
         <wf lemma="stemmebånd" pos="X">stemmebånd</wf>
         <wf lemma="." pos="X">.</wf>
      </sentence>
      <sentence id="d000.s866" source="wordnet-danish">
         <wf lemma="Dagen" pos="X">Dagen</wf>
         <wf lemma="efter" pos="X">efter</wf>
         <wf lemma="kom" pos="X">kom</wf>
         <wf lemma="han" pos="X">han</wf>
         <wf lemma="med" pos="X">med</wf>
         <wf lemma="en" pos="X">en</wf>
         <instance id="d000.s866.t000" lemma="stav" pos="NOUN">stav</instance>
         <wf lemma="," pos="X">,</wf>
         <wf lemma="han" pos="X">han</wf>
         <wf lemma="havde" pos="X">havde</wf>
         <wf lemma="forsynet" pos="X">forsynet</wf>
         <wf lemma="med" pos="X">med</wf>
         <wf lemma="små" pos="X">små</wf>
         <wf lemma="hak" pos="X">hak</wf>
         <wf lemma="." pos="X">.</wf>
         <wf lemma="På" pos="X">På</wf>
         <wf lemma="dén" pos="X">dén</wf>
         <wf lemma="kunne" pos="X">kunne</wf>
         <wf lemma="hun" pos="X">hun</wf>
         <wf lemma="tælle" pos="X">tælle</wf>
         <wf lemma="sig" pos="X">sig</wf>
         <wf lemma="frem" pos="X">frem</wf>
         <wf lemma="til" pos="X">til</wf>
         <wf lemma="sabbatten" pos="X">sabbatten</wf>
         <wf lemma="og" pos="X">og</wf>
         <wf lemma="festerne" pos="X">festerne</wf>
         <wf lemma="." pos="X">.</wf>
      </sentence>
      <sentence id="d000.s867" source="wordnet-danish">
         <wf lemma="Navajoindianerne" pos="X">Navajoindianerne</wf>
         <wf lemma="blev" pos="X">blev</wf>
         <wf lemma="i" pos="X">i</wf>
         <wf lemma="1863" pos="X">1863</wf>
         <wf lemma="tvunget" pos="X">tvunget</wf>
         <wf lemma="væk" pos="X">væk</wf>
         <wf lemma="fra" pos="X">fra</wf>
         <wf lemma="deres" pos="X">deres</wf>
         <instance id="d000.s867.t000" lemma="jord" pos="NOUN">jord</instance>
         <wf lemma="." pos="X">.</wf>
      </sentence>
      <sentence id="d000.s868" source="wordnet-danish">
         <wf lemma="Kampagnen" pos="X">Kampagnen</wf>
         <wf lemma="'Det" pos="X">'Det</wf>
         <wf lemma="er" pos="X">er</wf>
         <wf lemma="klamt" pos="X">klamt</wf>
         <wf lemma="at" pos="X">at</wf>
         <wf lemma="blive" pos="X">blive</wf>
         <wf lemma="ramt'" pos="X">ramt'</wf>
         <wf lemma="har" pos="X">har</wf>
         <wf lemma="som" pos="X">som</wf>
         <wf lemma="mål" pos="X">mål</wf>
         <wf lemma="at" pos="X">at</wf>
         <wf lemma="både" pos="X">både</wf>
         <wf lemma="cyklister" pos="X">cyklister</wf>
         <wf lemma="og" pos="X">og</wf>
         <instance id="d000.s868.t000" lemma="bilist" pos="NOUN">bilister</instance>
         <wf lemma="skal" pos="X">skal</wf>
         <wf lemma="blive" pos="X">blive</wf>
         <wf lemma="klar" pos="X">klar</wf>
         <wf lemma="over" pos="X">over</wf>
         <wf lemma="," pos="X">,</wf>
         <wf lemma="at" pos="X">at</wf>
         <wf lemma="der" pos="X">der</wf>
         <wf lemma="er" pos="X">er</wf>
         <wf lemma="fare" pos="X">fare</wf>
         <wf lemma="på" pos="X">på</wf>
         <wf lemma="færde" pos="X">færde</wf>
         <wf lemma="i" pos="X">i</wf>
         <wf lemma="et" pos="X">et</wf>
         <wf lemma="vejkryds" pos="X">vejkryds</wf>
         <wf lemma="." pos="X">.</wf>
      </sentence>
      <sentence id="d000.s869" source="wordnet-danish">
         <wf lemma="Kartofler" pos="X">Kartofler</wf>
         <wf lemma="til" pos="X">til</wf>
         <wf lemma="chips" pos="X">chips</wf>
         <wf lemma="skal" pos="X">skal</wf>
         <wf lemma="være" pos="X">være</wf>
         <wf lemma="af" pos="X">af</wf>
         <wf lemma="meget" pos="X">meget</wf>
         <wf lemma="høj" pos="X">høj</wf>
         <instance id="d000.s869.t000" lemma="kvalitet" pos="NOUN">kvalitet</instance>
         <wf lemma="," pos="X">,</wf>
         <wf lemma="og" pos="X">og</wf>
         <wf lemma="det" pos="X">det</wf>
         <wf lemma="er" pos="X">er</wf>
         <wf lemma="de" pos="X">de</wf>
         <wf lemma="danske" pos="X">danske</wf>
         <wf lemma="ikke" pos="X">ikke</wf>
         <wf lemma="." pos="X">.</wf>
      </sentence>
      <sentence id="d000.s870" source="wordnet-danish">
         <wf lemma="Annette" pos="X">Annette</wf>
         <wf lemma="er" pos="X">er</wf>
         <wf lemma="med" pos="X">med</wf>
         <wf lemma="som" pos="X">som</wf>
         <instance id="d000.s870.t000" lemma="chauffør" pos="NOUN">chauffør</instance>
         <wf lemma="," pos="X">,</wf>
         <wf lemma="men" pos="X">men</wf>
         <wf lemma="holder" pos="X">holder</wf>
         <wf lemma="sig" pos="X">sig</wf>
         <wf lemma="ellers" pos="X">ellers</wf>
         <wf lemma="i" pos="X">i</wf>
         <wf lemma="baggrunden" pos="X">baggrunden</wf>
         <wf lemma="." pos="X">.</wf>
      </sentence>
      <sentence id="d000.s871" source="wordnet-danish">
         <wf lemma="Da" pos="X">Da</wf>
         <wf lemma="han" pos="X">han</wf>
         <wf lemma="kom" pos="X">kom</wf>
         <wf lemma="til" pos="X">til</wf>
         <wf lemma="slottet" pos="X">slottet</wf>
         <wf lemma="," pos="X">,</wf>
         <wf lemma="bankede" pos="X">bankede</wf>
         <wf lemma="han" pos="X">han</wf>
         <wf lemma="på" pos="X">på</wf>
         <instance id="d000.s871.t000" lemma="port" pos="NOUN">porten</instance>
         <wf lemma="med" pos="X">med</wf>
         <wf lemma="sin" pos="X">sin</wf>
         <wf lemma="stok" pos="X">stok</wf>
         <wf lemma="." pos="X">.</wf>
         <wf lemma="'" pos="X">'</wf>
         <wf lemma="Hvem" pos="X">Hvem</wf>
         <wf lemma="der" pos="X">der</wf>
         <wf lemma="?" pos="X">?</wf>
         <wf lemma="'" pos="X">'</wf>
         <wf lemma="råbte" pos="X">råbte</wf>
         <wf lemma="vagten" pos="X">vagten</wf>
         <wf lemma="." pos="X">.</wf>
      </sentence>
      <sentence id="d000.s872" source="wordnet-danish">
         <wf lemma="Der" pos="X">Der</wf>
         <wf lemma="var" pos="X">var</wf>
         <wf lemma="kun" pos="X">kun</wf>
         <wf lemma="plads" pos="X">plads</wf>
         <wf lemma="på" pos="X">på</wf>
         <wf lemma="galleriet" pos="X">galleriet</wf>
         <wf lemma="blandt" pos="X">blandt</wf>
         <wf lemma="det" pos="X">det</wf>
         <wf lemma="gemene" pos="X">gemene</wf>
         <instance id="d000.s872.t000" lemma="folk" pos="NOUN">folk</instance>
         <wf lemma="." pos="X">.</wf>
      </sentence>
      <sentence id="d000.s873" source="wordnet-danish">
         <wf lemma="såvel" pos="X">såvel</wf>
         <wf lemma="den" pos="X">den</wf>
         <wf lemma="akutte" pos="X">akutte</wf>
         <wf lemma="som" pos="X">som</wf>
         <wf lemma="den" pos="X">den</wf>
         <instance id="d000.s873.t000" lemma="kronisk" pos="ADJ">kroniske</instance>
         <wf lemma="urinforgiftning" pos="X">urinforgiftning</wf>
         <wf lemma="er" pos="X">er</wf>
         <wf lemma="en" pos="X">en</wf>
         <wf lemma="alvorlig" pos="X">alvorlig</wf>
         <wf lemma="tilstand" pos="X">tilstand</wf>
         <wf lemma="," pos="X">,</wf>
         <wf lemma="som" pos="X">som</wf>
         <wf lemma="kræver" pos="X">kræver</wf>
         <wf lemma="behandling" pos="X">behandling</wf>
         <wf lemma="." pos="X">.</wf>
      </sentence>
      <sentence id="d000.s874" source="wordnet-danish">
         <wf lemma="Da" pos="X">Da</wf>
         <wf lemma="vi" pos="X">vi</wf>
         <wf lemma="studerede" pos="X">studerede</wf>
         <wf lemma="var" pos="X">var</wf>
         <wf lemma="de" pos="X">de</wf>
         <wf lemma="fleste" pos="X">fleste</wf>
         <wf lemma="lærere" pos="X">lærere</wf>
         <wf lemma="konservative" pos="X">konservative</wf>
         <wf lemma="," pos="X">,</wf>
         <wf lemma="og" pos="X">og</wf>
         <wf lemma="de" pos="X">de</wf>
         <wf lemma="studerende" pos="X">studerende</wf>
         <wf lemma="var" pos="X">var</wf>
         <instance id="d000.s874.t000" lemma="venstreorienteret" pos="ADJ">venstreorienterede</instance>
         <wf lemma="." pos="X">.</wf>
      </sentence>
      <sentence id="d000.s875" source="wordnet-danish">
         <wf lemma="for" pos="X">for</wf>
         <wf lemma="kraftigt" pos="X">kraftigt</wf>
         <instance id="d000.s875.t000" lemma="vrid" pos="NOUN">vrid</instance>
         <wf lemma="i" pos="X">i</wf>
         <wf lemma="en" pos="X">en</wf>
         <wf lemma="kropsfinte" pos="X">kropsfinte</wf>
         <wf lemma="tvang" pos="X">tvang</wf>
         <wf lemma="foden" pos="X">foden</wf>
         <wf lemma="skævt" pos="X">skævt</wf>
         <wf lemma="på" pos="X">på</wf>
         <wf lemma="bolden" pos="X">bolden</wf>
         <wf lemma="." pos="X">.</wf>
      </sentence>
      <sentence id="d000.s876" source="wordnet-danish">
         <wf lemma="Det" pos="X">Det</wf>
         <wf lemma="er" pos="X">er</wf>
         <wf lemma="vores" pos="X">vores</wf>
         <wf lemma="klare" pos="X">klare</wf>
         <instance id="d000.s876.t000" lemma="overbevisning" pos="NOUN">overbevisning</instance>
         <wf lemma="," pos="X">,</wf>
         <wf lemma="at" pos="X">at</wf>
         <wf lemma="de" pos="X">de</wf>
         <wf lemma="mennesker" pos="X">mennesker</wf>
         <wf lemma="," pos="X">,</wf>
         <wf lemma="der" pos="X">der</wf>
         <wf lemma="er" pos="X">er</wf>
         <wf lemma="bedst" pos="X">bedst</wf>
         <wf lemma="til" pos="X">til</wf>
         <wf lemma="at" pos="X">at</wf>
         <wf lemma="varetage" pos="X">varetage</wf>
         <wf lemma="børnenes" pos="X">børnenes</wf>
         <wf lemma="interesser" pos="X">interesser</wf>
         <wf lemma="," pos="X">,</wf>
         <wf lemma="det" pos="X">det</wf>
         <wf lemma="er" pos="X">er</wf>
         <wf lemma="og" pos="X">og</wf>
         <wf lemma="bliver" pos="X">bliver</wf>
         <wf lemma="forældrene" pos="X">forældrene</wf>
         <wf lemma="." pos="X">.</wf>
      </sentence>
      <sentence id="d000.s877" source="wordnet-danish">
         <wf lemma="Protesterne" pos="X">Protesterne</wf>
         <wf lemma="i" pos="X">i</wf>
         <wf lemma="rappen" pos="X">rappen</wf>
         <wf lemma="rettes" pos="X">rettes</wf>
         <wf lemma="mod" pos="X">mod</wf>
         <wf lemma=".." pos="X">..</wf>
         <wf lemma="vold" pos="X">vold</wf>
         <wf lemma="," pos="X">,</wf>
         <wf lemma="fattigdom" pos="X">fattigdom</wf>
         <wf lemma="og" pos="X">og</wf>
         <instance id="d000.s877.t000" lemma="mental" pos="ADJ">mental</instance>
         <wf lemma="elendighed" pos="X">elendighed</wf>
         <wf lemma="i" pos="X">i</wf>
         <wf lemma="forslummede" pos="X">forslummede</wf>
         <wf lemma="byområder" pos="X">byområder</wf>
         <wf lemma="." pos="X">.</wf>
      </sentence>
      <sentence id="d000.s878" source="wordnet-danish">
         <wf lemma="det" pos="X">det</wf>
         <wf lemma="har" pos="X">har</wf>
         <wf lemma="været" pos="X">været</wf>
         <wf lemma="en" pos="X">en</wf>
         <wf lemma="god" pos="X">god</wf>
         <wf lemma="fest" pos="X">fest</wf>
         <wf lemma="." pos="X">.</wf>
         <wf lemma="Der" pos="X">Der</wf>
         <instance id="d000.s878.t000" lemma="mangle" pos="VERB">manglede</instance>
         <wf lemma="ikke" pos="X">ikke</wf>
         <wf lemma="noget" pos="X">noget</wf>
         <wf lemma="." pos="X">.</wf>
      </sentence>
      <sentence id="d000.s879" source="wordnet-danish">
         <wf lemma="Skoven" pos="X">Skoven</wf>
         <wf lemma="blev" pos="X">blev</wf>
         <wf lemma="fældet" pos="X">fældet</wf>
         <wf lemma="," pos="X">,</wf>
         <wf lemma="for" pos="X">for</wf>
         <wf lemma="at" pos="X">at</wf>
         <instance id="d000.s879.t000" lemma="træ" pos="NOUN">træet</instance>
         <wf lemma="kunne" pos="X">kunne</wf>
         <wf lemma="bruges" pos="X">bruges</wf>
         <wf lemma="til" pos="X">til</wf>
         <wf lemma="bygning" pos="X">bygning</wf>
         <wf lemma="af" pos="X">af</wf>
         <wf lemma="huse" pos="X">huse</wf>
         <wf lemma="," pos="X">,</wf>
         <wf lemma="vogne" pos="X">vogne</wf>
         <wf lemma="," pos="X">,</wf>
         <wf lemma="skibe" pos="X">skibe</wf>
         <wf lemma="og" pos="X">og</wf>
         <wf lemma="møbler" pos="X">møbler</wf>
         <wf lemma="." pos="X">.</wf>
      </sentence>
      <sentence id="d000.s880" source="wordnet-danish">
         <wf lemma="Hun" pos="X">Hun</wf>
         <wf lemma="beundrede" pos="X">beundrede</wf>
         <wf lemma="edderkopperne" pos="X">edderkopperne</wf>
         <wf lemma="," pos="X">,</wf>
         <wf lemma="at" pos="X">at</wf>
         <wf lemma="de" pos="X">de</wf>
         <wf lemma="dog" pos="X">dog</wf>
         <wf lemma="kunne" pos="X">kunne</wf>
         <instance id="d000.s880.t000" lemma="spinde" pos="VERB">spinde</instance>
         <wf lemma="så" pos="X">så</wf>
         <wf lemma="fine" pos="X">fine</wf>
         <wf lemma="mønstre" pos="X">mønstre</wf>
         <wf lemma="." pos="X">.</wf>
      </sentence>
      <sentence id="d000.s881" source="wordnet-danish">
         <wf lemma="der" pos="X">der</wf>
         <wf lemma="svømmer" pos="X">svømmer</wf>
         <wf lemma="en" pos="X">en</wf>
         <wf lemma="kæmpe" pos="X">kæmpe</wf>
         <wf lemma="blåhval" pos="X">blåhval</wf>
         <wf lemma="rundt" pos="X">rundt</wf>
         <wf lemma="og" pos="X">og</wf>
         <wf lemma="den" pos="X">den</wf>
         <wf lemma="basker" pos="X">basker</wf>
         <wf lemma="med" pos="X">med</wf>
         <instance id="d000.s881.t000" lemma="hale" pos="NOUN">halen</instance>
         <wf lemma="og" pos="X">og</wf>
         <wf lemma="laver" pos="X">laver</wf>
         <wf lemma="et" pos="X">et</wf>
         <wf lemma="ordentligt" pos="X">ordentligt</wf>
         <wf lemma="springvand" pos="X">springvand</wf>
         <wf lemma="." pos="X">.</wf>
      </sentence>
      <sentence id="d000.s882" source="wordnet-danish">
         <wf lemma="[sildestimernes]" pos="X">[sildestimernes]</wf>
         <instance id="d000.s882.t000" lemma="grænse" pos="NOUN">grænser</instance>
         <wf lemma="er" pos="X">er</wf>
         <wf lemma="lette" pos="X">lette</wf>
         <wf lemma="at" pos="X">at</wf>
         <wf lemma="se" pos="X">se</wf>
         <wf lemma="på" pos="X">på</wf>
         <wf lemma="ekkoloddet" pos="X">ekkoloddet</wf>
         <wf lemma="." pos="X">.</wf>
      </sentence>
      <sentence id="d000.s883" source="wordnet-danish">
         <wf lemma="Vi" pos="X">Vi</wf>
         <wf lemma="er" pos="X">er</wf>
         <instance id="d000.s883.t000" lemma="chokere" pos="VERB">chokerede</instance>
         <wf lemma="over" pos="X">over</wf>
         <wf lemma="," pos="X">,</wf>
         <wf lemma="så" pos="X">så</wf>
         <wf lemma="hurtigt" pos="X">hurtigt</wf>
         <wf lemma="," pos="X">,</wf>
         <wf lemma="ilden" pos="X">ilden</wf>
         <wf lemma="bredte" pos="X">bredte</wf>
         <wf lemma="sig" pos="X">sig</wf>
         <wf lemma="." pos="X">.</wf>
      </sentence>
      <sentence id="d000.s884" source="wordnet-danish">
         <wf lemma="vi" pos="X">vi</wf>
         <wf lemma="skal" pos="X">skal</wf>
         <wf lemma="stille" pos="X">stille</wf>
         <instance id="d000.s884.t000" lemma="krav" pos="NOUN">krav</instance>
         <wf lemma="til" pos="X">til</wf>
         <wf lemma="indvandrerne" pos="X">indvandrerne</wf>
         <wf lemma="om" pos="X">om</wf>
         <wf lemma="," pos="X">,</wf>
         <wf lemma="at" pos="X">at</wf>
         <wf lemma="de" pos="X">de</wf>
         <wf lemma="skal" pos="X">skal</wf>
         <wf lemma="lære" pos="X">lære</wf>
         <wf lemma="dansk" pos="X">dansk</wf>
         <wf lemma="." pos="X">.</wf>
      </sentence>
      <sentence id="d000.s885" source="wordnet-danish">
         <instance id="d000.s885.t000" lemma="beskyttelse" pos="NOUN">Beskyttelsen</instance>
         <wf lemma="af" pos="X">af</wf>
         <wf lemma="fotografiske" pos="X">fotografiske</wf>
         <wf lemma="billeder" pos="X">billeder</wf>
         <wf lemma="er" pos="X">er</wf>
         <wf lemma="i" pos="X">i</wf>
         <wf lemma="øjeblikket" pos="X">øjeblikket</wf>
         <wf lemma="hjemlet" pos="X">hjemlet</wf>
         <wf lemma="i" pos="X">i</wf>
         <wf lemma="en" pos="X">en</wf>
         <wf lemma="særskilt" pos="X">særskilt</wf>
         <wf lemma="lov" pos="X">lov</wf>
         <wf lemma="." pos="X">.</wf>
      </sentence>
      <sentence id="d000.s886" source="wordnet-danish">
         <wf lemma="For" pos="X">For</wf>
         <wf lemma="de" pos="X">de</wf>
         <wf lemma="fleste" pos="X">fleste</wf>
         <wf lemma="pattedyr" pos="X">pattedyr</wf>
         <wf lemma="er" pos="X">er</wf>
         <instance id="d000.s886.t000" lemma="lugt" pos="NOUN">lugt</instance>
         <wf lemma="og" pos="X">og</wf>
         <wf lemma="smag" pos="X">smag</wf>
         <wf lemma="vigtigere" pos="X">vigtigere</wf>
         <wf lemma="end" pos="X">end</wf>
         <wf lemma="syn" pos="X">syn</wf>
         <wf lemma="og" pos="X">og</wf>
         <wf lemma="hørelse" pos="X">hørelse</wf>
         <wf lemma="." pos="X">.</wf>
      </sentence>
      <sentence id="d000.s887" source="wordnet-danish">
         <wf lemma="mødrene" pos="X">mødrene</wf>
         <wf lemma="til" pos="X">til</wf>
         <wf lemma="russiske" pos="X">russiske</wf>
         <wf lemma="soldater" pos="X">soldater</wf>
         <wf lemma="i" pos="X">i</wf>
         <wf lemma="Tjetjenien" pos="X">Tjetjenien</wf>
         <wf lemma="satte" pos="X">satte</wf>
         <wf lemma="livet" pos="X">livet</wf>
         <wf lemma="på" pos="X">på</wf>
         <wf lemma="spil" pos="X">spil</wf>
         <wf lemma="nær" pos="X">nær</wf>
         <instance id="d000.s887.t000" lemma="frontlinje" pos="NOUN">frontlinjen</instance>
         <wf lemma="for" pos="X">for</wf>
         <wf lemma="at" pos="X">at</wf>
         <wf lemma="hente" pos="X">hente</wf>
         <wf lemma="deres" pos="X">deres</wf>
         <wf lemma="sønner" pos="X">sønner</wf>
         <wf lemma="hjem" pos="X">hjem</wf>
         <wf lemma="." pos="X">.</wf>
      </sentence>
      <sentence id="d000.s888" source="wordnet-danish">
         <wf lemma="I" pos="X">I</wf>
         <wf lemma="en" pos="X">en</wf>
         <wf lemma="opsigtsvækkende" pos="X">opsigtsvækkende</wf>
         <instance id="d000.s888.t000" lemma="kendelse" pos="NOUN">kendelse</instance>
         <wf lemma="besluttede" pos="X">besluttede</wf>
         <wf lemma="de" pos="X">de</wf>
         <wf lemma="juridiske" pos="X">juridiske</wf>
         <wf lemma="dommere" pos="X">dommere</wf>
         <wf lemma=".." pos="X">..</wf>
         <wf lemma="at" pos="X">at</wf>
         <wf lemma="offentligheden" pos="X">offentligheden</wf>
         <wf lemma="ikke" pos="X">ikke</wf>
         <wf lemma="skal" pos="X">skal</wf>
         <wf lemma="have" pos="X">have</wf>
         <wf lemma="indblik" pos="X">indblik</wf>
         <wf lemma="i" pos="X">i</wf>
         <wf lemma="sagen" pos="X">sagen</wf>
         <wf lemma="." pos="X">.</wf>
      </sentence>
      <sentence id="d000.s889" source="wordnet-danish">
         <wf lemma="Vi" pos="X">Vi</wf>
         <wf lemma="bor" pos="X">bor</wf>
         <wf lemma="på" pos="X">på</wf>
         <wf lemma="en" pos="X">en</wf>
         <wf lemma="lille" pos="X">lille</wf>
         <wf lemma="nedlagt" pos="X">nedlagt</wf>
         <instance id="d000.s889.t000" lemma="landejendom" pos="NOUN">landejendom</instance>
         <wf lemma="med" pos="X">med</wf>
         <wf lemma="18" pos="X">18</wf>
         <wf lemma="tdl." pos="X">tdl.</wf>
         <wf lemma="jord" pos="X">jord</wf>
         <wf lemma="til" pos="X">til</wf>
         <wf lemma="," pos="X">,</wf>
         <wf lemma="som" pos="X">som</wf>
         <wf lemma="er" pos="X">er</wf>
         <wf lemma="forpagtet" pos="X">forpagtet</wf>
         <wf lemma="ud" pos="X">ud</wf>
         <wf lemma="." pos="X">.</wf>
      </sentence>
      <sentence id="d000.s890" source="wordnet-danish">
         <wf lemma="Selv" pos="X">Selv</wf>
         <wf lemma="om" pos="X">om</wf>
         <wf lemma="jeg" pos="X">jeg</wf>
         <wf lemma="er" pos="X">er</wf>
         <instance id="d000.s890.t000" lemma="blæst" pos="ADJ">blæst</instance>
         <wf lemma="i" pos="X">i</wf>
         <wf lemma="bolden" pos="X">bolden</wf>
         <wf lemma="," pos="X">,</wf>
         <wf lemma="kan" pos="X">kan</wf>
         <wf lemma="min" pos="X">min</wf>
         <wf lemma="braktud" pos="X">braktud</wf>
         <wf lemma="sgu" pos="X">sgu</wf>
         <wf lemma="lugte" pos="X">lugte</wf>
         <wf lemma="langt" pos="X">langt</wf>
         <wf lemma="væk" pos="X">væk</wf>
         <wf lemma="," pos="X">,</wf>
         <wf lemma="at" pos="X">at</wf>
         <wf lemma="du" pos="X">du</wf>
         <wf lemma="er" pos="X">er</wf>
         <wf lemma="skudt" pos="X">skudt</wf>
         <wf lemma="i" pos="X">i</wf>
         <wf lemma="hende" pos="X">hende</wf>
         <wf lemma="." pos="X">.</wf>
      </sentence>
      <sentence id="d000.s891" source="wordnet-danish">
         <wf lemma="Fugtigheden" pos="X">Fugtigheden</wf>
         <wf lemma="bevirker" pos="X">bevirker</wf>
         <wf lemma="," pos="X">,</wf>
         <wf lemma="at" pos="X">at</wf>
         <wf lemma="hinden" pos="X">hinden</wf>
         <wf lemma="under" pos="X">under</wf>
         <instance id="d000.s891.t000" lemma="æggeskal" pos="NOUN">æggeskallen</instance>
         <wf lemma="forbliver" pos="X">forbliver</wf>
         <wf lemma="elastisk" pos="X">elastisk</wf>
         <wf lemma="og" pos="X">og</wf>
         <wf lemma="gennembrydelig" pos="X">gennembrydelig</wf>
         <wf lemma="for" pos="X">for</wf>
         <wf lemma="fosteret" pos="X">fosteret</wf>
         <wf lemma="." pos="X">.</wf>
      </sentence>
      <sentence id="d000.s892" source="wordnet-danish">
         <wf lemma="Ud" pos="X">Ud</wf>
         <wf lemma="over" pos="X">over</wf>
         <wf lemma="at" pos="X">at</wf>
         <wf lemma="være" pos="X">være</wf>
         <wf lemma="advokat" pos="X">advokat</wf>
         <wf lemma="bærer" pos="X">bærer</wf>
         <wf lemma="Henrik" pos="X">Henrik</wf>
         <wf lemma="Wedell-Wedellsborg" pos="X">Wedell-Wedellsborg</wf>
         <instance id="d000.s892.t000" lemma="titel" pos="NOUN">titlen</instance>
         <wf lemma="baron" pos="X">baron</wf>
         <wf lemma="." pos="X">.</wf>
      </sentence>
      <sentence id="d000.s893" source="wordnet-danish">
         <wf lemma="Han" pos="X">Han</wf>
         <wf lemma="havde" pos="X">havde</wf>
         <wf lemma="en" pos="X">en</wf>
         <wf lemma="stor" pos="X">stor</wf>
         <wf lemma="buket" pos="X">buket</wf>
         <instance id="d000.s893.t000" lemma="rose" pos="NOUN">roser</instance>
         <wf lemma="med" pos="X">med</wf>
         <wf lemma="til" pos="X">til</wf>
         <wf lemma="hende" pos="X">hende</wf>
         <wf lemma="." pos="X">.</wf>
      </sentence>
      <sentence id="d000.s894" source="wordnet-danish">
         <wf lemma="Hele" pos="X">Hele</wf>
         <wf lemma="herligheden" pos="X">herligheden</wf>
         <wf lemma="var" pos="X">var</wf>
         <wf lemma="næppe" pos="X">næppe</wf>
         <wf lemma="en" pos="X">en</wf>
         <wf lemma="krone" pos="X">krone</wf>
         <instance id="d000.s894.t000" lemma="værd" pos="NOUN">værd</instance>
         <wf lemma="." pos="X">.</wf>
      </sentence>
      <sentence id="d000.s895" source="wordnet-danish">
         <wf lemma="Hans" pos="X">Hans</wf>
         <wf lemma="øjne" pos="X">øjne</wf>
         <wf lemma="fulgte" pos="X">fulgte</wf>
         <wf lemma="hendes" pos="X">hendes</wf>
         <wf lemma="hurtige" pos="X">hurtige</wf>
         <wf lemma="klatren" pos="X">klatren</wf>
         <wf lemma="op" pos="X">op</wf>
         <wf lemma="ad" pos="X">ad</wf>
         <wf lemma="den" pos="X">den</wf>
         <instance id="d000.s895.t000" lemma="stejl" pos="ADJ">stejle</instance>
         <wf lemma="klint" pos="X">klint</wf>
         <wf lemma="." pos="X">.</wf>
      </sentence>
      <sentence id="d000.s896" source="wordnet-danish">
         <wf lemma="En" pos="X">En</wf>
         <wf lemma="meget" pos="X">meget</wf>
         <wf lemma="vigtig" pos="X">vigtig</wf>
         <wf lemma="del" pos="X">del</wf>
         <wf lemma="af" pos="X">af</wf>
         <wf lemma="Freuds" pos="X">Freuds</wf>
         <wf lemma="arbejde" pos="X">arbejde</wf>
         <wf lemma="bestod" pos="X">bestod</wf>
         <wf lemma="i" pos="X">i</wf>
         <wf lemma="at" pos="X">at</wf>
         <wf lemma="finde" pos="X">finde</wf>
         <wf lemma="veje" pos="X">veje</wf>
         <wf lemma="til" pos="X">til</wf>
         <wf lemma="de" pos="X">de</wf>
         <wf lemma="ubevidste" pos="X">ubevidste</wf>
         <wf lemma="lag" pos="X">lag</wf>
         <wf lemma="i" pos="X">i</wf>
         <instance id="d000.s896.t000" lemma="personlighed" pos="NOUN">personligheden</instance>
         <wf lemma="." pos="X">.</wf>
      </sentence>
      <sentence id="d000.s897" source="wordnet-danish">
         <wf lemma="Egnen" pos="X">Egnen</wf>
         <wf lemma="omkring" pos="X">omkring</wf>
         <wf lemma="Boeslunde" pos="X">Boeslunde</wf>
         <wf lemma="i" pos="X">i</wf>
         <wf lemma="Vestsjælland" pos="X">Vestsjælland</wf>
         <wf lemma="er" pos="X">er</wf>
         <instance id="d000.s897.t000" lemma="berømt" pos="ADJ">berømt</instance>
         <wf lemma="for" pos="X">for</wf>
         <wf lemma="sine" pos="X">sine</wf>
         <wf lemma="bronzealderfund" pos="X">bronzealderfund</wf>
         <wf lemma="." pos="X">.</wf>
      </sentence>
      <sentence id="d000.s898" source="wordnet-danish">
         <wf lemma="Elsa" pos="X">Elsa</wf>
         <wf lemma="Nielsen" pos="X">Nielsen</wf>
         <wf lemma="[udstiller]" pos="X">[udstiller]</wf>
         <wf lemma="i" pos="X">i</wf>
         <wf lemma="år" pos="X">år</wf>
         <wf lemma="18" pos="X">18</wf>
         <instance id="d000.s898.t000" lemma="tegning" pos="NOUN">tegninger</instance>
         <wf lemma="og" pos="X">og</wf>
         <wf lemma="raderinger" pos="X">raderinger</wf>
         <wf lemma="." pos="X">.</wf>
      </sentence>
      <sentence id="d000.s899" source="wordnet-danish">
         <wf lemma="DOS" pos="X">DOS</wf>
         <wf lemma="," pos="X">,</wf>
         <wf lemma="den" pos="X">den</wf>
         <wf lemma="centrale" pos="X">centrale</wf>
         <instance id="d000.s899.t000" lemma="software" pos="NOUN">software</instance>
         <wf lemma="i" pos="X">i</wf>
         <wf lemma="de" pos="X">de</wf>
         <wf lemma="fleste" pos="X">fleste</wf>
         <wf lemma="af" pos="X">af</wf>
         <wf lemma="verdens" pos="X">verdens</wf>
         <wf lemma="100" pos="X">100</wf>
         <wf lemma="millioner" pos="X">millioner</wf>
         <wf lemma="PC'er" pos="X">PC'er</wf>
         <wf lemma="--" pos="X">--</wf>
         <wf lemma="den" pos="X">den</wf>
         <wf lemma="software" pos="X">software</wf>
         <wf lemma="," pos="X">,</wf>
         <wf lemma="der" pos="X">der</wf>
         <wf lemma="styrer" pos="X">styrer</wf>
         <wf lemma="andre" pos="X">andre</wf>
         <wf lemma="programmer" pos="X">programmer</wf>
         <wf lemma="som" pos="X">som</wf>
         <wf lemma="tekstbehandling" pos="X">tekstbehandling</wf>
         <wf lemma="," pos="X">,</wf>
         <wf lemma="regneark" pos="X">regneark</wf>
         <wf lemma="osv." pos="X">osv.</wf>
      </sentence>
      <sentence id="d000.s900" source="wordnet-danish">
         <wf lemma="Blandt" pos="X">Blandt</wf>
         <wf lemma="husdyrene" pos="X">husdyrene</wf>
         <wf lemma="var" pos="X">var</wf>
         <wf lemma="kvæg" pos="X">kvæg</wf>
         <wf lemma="," pos="X">,</wf>
         <wf lemma="heste" pos="X">heste</wf>
         <wf lemma="," pos="X">,</wf>
         <wf lemma="svin" pos="X">svin</wf>
         <wf lemma="og" pos="X">og</wf>
         <wf lemma="får" pos="X">får</wf>
         <wf lemma="almindelige" pos="X">almindelige</wf>
         <wf lemma="i" pos="X">i</wf>
         <wf lemma="Danmark" pos="X">Danmark</wf>
         <wf lemma="." pos="X">.</wf>
         <wf lemma="." pos="X">.</wf>
         <wf lemma="Dertil" pos="X">Dertil</wf>
         <wf lemma="kom" pos="X">kom</wf>
         <instance id="d000.s900.t000" lemma="høns" pos="NOUN">høns</instance>
         <wf lemma="," pos="X">,</wf>
         <wf lemma="gæs" pos="X">gæs</wf>
         <wf lemma="og" pos="X">og</wf>
         <wf lemma="ænder" pos="X">ænder</wf>
         <wf lemma="." pos="X">.</wf>
      </sentence>
      <sentence id="d000.s901" source="wordnet-danish">
         <wf lemma="Hvor" pos="X">Hvor</wf>
         <wf lemma="ser" pos="X">ser</wf>
         <wf lemma="du" pos="X">du</wf>
         <wf lemma="forkommen" pos="X">forkommen</wf>
         <wf lemma="ud" pos="X">ud</wf>
         <wf lemma="," pos="X">,</wf>
         <wf lemma="udbrød" pos="X">udbrød</wf>
         <wf lemma="Tina" pos="X">Tina</wf>
         <wf lemma="og" pos="X">og</wf>
         <wf lemma="tog" pos="X">tog</wf>
         <wf lemma="hendes" pos="X">hendes</wf>
         <wf lemma="hænder" pos="X">hænder</wf>
         <wf lemma="," pos="X">,</wf>
         <instance id="d000.s901.t000" lemma="ånde" pos="VERB">åndede</instance>
         <wf lemma="på" pos="X">på</wf>
         <wf lemma="dem" pos="X">dem</wf>
         <wf lemma="." pos="X">.</wf>
      </sentence>
      <sentence id="d000.s902" source="wordnet-danish">
         <wf lemma="Loven" pos="X">Loven</wf>
         <wf lemma="om" pos="X">om</wf>
         <wf lemma="arbejdstilbud" pos="X">arbejdstilbud</wf>
         <instance id="d000.s902.t000" lemma="revidere" pos="VERB">revideres</instance>
         <wf lemma="i" pos="X">i</wf>
         <wf lemma="næste" pos="X">næste</wf>
         <wf lemma="folketingssamling" pos="X">folketingssamling</wf>
         <wf lemma="." pos="X">.</wf>
      </sentence>
      <sentence id="d000.s903" source="wordnet-danish">
         <wf lemma="Det" pos="X">Det</wf>
         <wf lemma="sneede" pos="X">sneede</wf>
         <wf lemma="voldsomt" pos="X">voldsomt</wf>
         <wf lemma="," pos="X">,</wf>
         <wf lemma="så" pos="X">så</wf>
         <wf lemma="jeg" pos="X">jeg</wf>
         <wf lemma="bevilgede" pos="X">bevilgede</wf>
         <wf lemma="mig" pos="X">mig</wf>
         <wf lemma="selv" pos="X">selv</wf>
         <wf lemma="en" pos="X">en</wf>
         <instance id="d000.s903.t000" lemma="taxa" pos="NOUN">taxa</instance>
         <wf lemma="hjem" pos="X">hjem</wf>
         <wf lemma="." pos="X">.</wf>
      </sentence>
      <sentence id="d000.s904" source="wordnet-danish">
         <wf lemma="Loven" pos="X">Loven</wf>
         <wf lemma="var" pos="X">var</wf>
         <wf lemma="i" pos="X">i</wf>
         <wf lemma="strid" pos="X">strid</wf>
         <wf lemma="med" pos="X">med</wf>
         <instance id="d000.s904.t000" lemma="forfatning" pos="NOUN">forfatningen</instance>
         <wf lemma="." pos="X">.</wf>
         <wf lemma="De" pos="X">De</wf>
         <wf lemma="måtte" pos="X">måtte</wf>
         <wf lemma="prøve" pos="X">prøve</wf>
         <wf lemma="at" pos="X">at</wf>
         <wf lemma="få" pos="X">få</wf>
         <wf lemma="højesteret" pos="X">højesteret</wf>
         <wf lemma="til" pos="X">til</wf>
         <wf lemma="at" pos="X">at</wf>
         <wf lemma="omstøde" pos="X">omstøde</wf>
         <wf lemma="den" pos="X">den</wf>
         <wf lemma="." pos="X">.</wf>
      </sentence>
      <sentence id="d000.s905" source="wordnet-danish">
         <wf lemma="[forfatteren" pos="X">[forfatteren</wf>
         <wf lemma="]" pos="X">]</wf>
         <wf lemma="Sundman" pos="X">Sundman</wf>
         <wf lemma="var" pos="X">var</wf>
         <wf lemma="medlem" pos="X">medlem</wf>
         <wf lemma="af" pos="X">af</wf>
         <wf lemma="det" pos="X">det</wf>
         <wf lemma="svenske" pos="X">svenske</wf>
         <instance id="d000.s905.t000" lemma="akademi" pos="NOUN">akademi</instance>
         <wf lemma="," pos="X">,</wf>
         <wf lemma="De" pos="X">De</wf>
         <wf lemma="Aderton" pos="X">Aderton</wf>
         <wf lemma="," pos="X">,</wf>
         <wf lemma="som" pos="X">som</wf>
         <wf lemma="hvert" pos="X">hvert</wf>
         <wf lemma="år" pos="X">år</wf>
         <wf lemma="uddeler" pos="X">uddeler</wf>
         <wf lemma="Nobels" pos="X">Nobels</wf>
         <wf lemma="litteraturpris" pos="X">litteraturpris</wf>
         <wf lemma="." pos="X">.</wf>
      </sentence>
      <sentence id="d000.s906" source="wordnet-danish">
         <wf lemma="Det" pos="X">Det</wf>
         <wf lemma="blev" pos="X">blev</wf>
         <wf lemma="en" pos="X">en</wf>
         <wf lemma="dreng" pos="X">dreng</wf>
         <wf lemma="." pos="X">.</wf>
         <wf lemma="En" pos="X">En</wf>
         <wf lemma="dejlig" pos="X">dejlig</wf>
         <wf lemma="sund" pos="X">sund</wf>
         <wf lemma="og" pos="X">og</wf>
         <wf lemma="normal" pos="X">normal</wf>
         <wf lemma="dreng" pos="X">dreng</wf>
         <wf lemma="på" pos="X">på</wf>
         <wf lemma="syv" pos="X">syv</wf>
         <instance id="d000.s906.t000" lemma="pund" pos="NOUN">pund</instance>
         <wf lemma="." pos="X">.</wf>
      </sentence>
      <sentence id="d000.s907" source="wordnet-danish">
         <wf lemma="Jeg" pos="X">Jeg</wf>
         <wf lemma="er" pos="X">er</wf>
         <wf lemma="fuldstændig" pos="X">fuldstændig</wf>
         <instance id="d000.s907.t000" lemma="kold" pos="ADJ">kold</instance>
         <wf lemma="over" pos="X">over</wf>
         <wf lemma="for" pos="X">for</wf>
         <wf lemma="kunstneres" pos="X">kunstneres</wf>
         <wf lemma="forsøg" pos="X">forsøg</wf>
         <wf lemma="på" pos="X">på</wf>
         <wf lemma="at" pos="X">at</wf>
         <wf lemma="forarge" pos="X">forarge</wf>
         <wf lemma="borgerskabet" pos="X">borgerskabet</wf>
         <wf lemma="." pos="X">.</wf>
      </sentence>
      <sentence id="d000.s908" source="wordnet-danish">
         <wf lemma="Røgen" pos="X">Røgen</wf>
         <wf lemma="fik" pos="X">fik</wf>
         <wf lemma="dem" pos="X">dem</wf>
         <wf lemma="til" pos="X">til</wf>
         <wf lemma="at" pos="X">at</wf>
         <instance id="d000.s908.t000" lemma="hoste" pos="VERB">hoste</instance>
         <wf lemma="," pos="X">,</wf>
         <wf lemma="så" pos="X">så</wf>
         <wf lemma="de" pos="X">de</wf>
         <wf lemma="måtte" pos="X">måtte</wf>
         <wf lemma="søge" pos="X">søge</wf>
         <wf lemma="ud" pos="X">ud</wf>
         <wf lemma="i" pos="X">i</wf>
         <wf lemma="den" pos="X">den</wf>
         <wf lemma="friske" pos="X">friske</wf>
         <wf lemma="luft" pos="X">luft</wf>
         <wf lemma="." pos="X">.</wf>
      </sentence>
      <sentence id="d000.s909" source="wordnet-danish">
         <wf lemma="du" pos="X">du</wf>
         <wf lemma="får" pos="X">får</wf>
         <wf lemma="hele" pos="X">hele</wf>
         <wf lemma="Danmark" pos="X">Danmark</wf>
         <wf lemma="i" pos="X">i</wf>
         <wf lemma="en" pos="X">en</wf>
         <wf lemma="håndfuld" pos="X">håndfuld</wf>
         <wf lemma="," pos="X">,</wf>
         <wf lemma="hvis" pos="X">hvis</wf>
         <wf lemma="du" pos="X">du</wf>
         <wf lemma="lægger" pos="X">lægger</wf>
         <wf lemma="ferien" pos="X">ferien</wf>
         <wf lemma="på" pos="X">på</wf>
         <wf lemma="Skive-egnen" pos="X">Skive-egnen</wf>
         <wf lemma="." pos="X">.</wf>
         <wf lemma="Skive" pos="X">Skive</wf>
         <wf lemma="," pos="X">,</wf>
         <wf lemma="Spøttrup" pos="X">Spøttrup</wf>
         <wf lemma="," pos="X">,</wf>
         <wf lemma="Sundsøre" pos="X">Sundsøre</wf>
         <wf lemma="," pos="X">,</wf>
         <wf lemma="Sallingsund" pos="X">Sallingsund</wf>
         <wf lemma="og" pos="X">og</wf>
         <wf lemma="Fjends" pos="X">Fjends</wf>
         <wf lemma="er" pos="X">er</wf>
         <wf lemma="de" pos="X">de</wf>
         <wf lemma="fem" pos="X">fem</wf>
         <wf lemma="fingre" pos="X">fingre</wf>
         <wf lemma="på" pos="X">på</wf>
         <instance id="d000.s909.t000" lemma="hånd" pos="NOUN">hånden</instance>
         <wf lemma="." pos="X">.</wf>
      </sentence>
      <sentence id="d000.s910" source="wordnet-danish">
         <wf lemma="den" pos="X">den</wf>
         <wf lemma="voksende" pos="X">voksende</wf>
         <wf lemma="modsætning" pos="X">modsætning</wf>
         <wf lemma="mellem" pos="X">mellem</wf>
         <wf lemma="dem" pos="X">dem</wf>
         <wf lemma="," pos="X">,</wf>
         <wf lemma="der" pos="X">der</wf>
         <wf lemma="arbejdede" pos="X">arbejdede</wf>
         <wf lemma="med" pos="X">med</wf>
         <wf lemma="hovedet" pos="X">hovedet</wf>
         <wf lemma="," pos="X">,</wf>
         <wf lemma="og" pos="X">og</wf>
         <wf lemma="dem" pos="X">dem</wf>
         <wf lemma="," pos="X">,</wf>
         <wf lemma="der" pos="X">der</wf>
         <wf lemma="arbejdede" pos="X">arbejdede</wf>
         <wf lemma="med" pos="X">med</wf>
         <wf lemma="deres" pos="X">deres</wf>
         <instance id="d000.s910.t000" lemma="hånd" pos="NOUN">hænder</instance>
         <wf lemma="." pos="X">.</wf>
      </sentence>
      <sentence id="d000.s911" source="wordnet-danish">
         <wf lemma="Hun" pos="X">Hun</wf>
         <instance id="d000.s911.t000" lemma="ligge" pos="VERB">lå</instance>
         <wf lemma="bare" pos="X">bare</wf>
         <wf lemma="i" pos="X">i</wf>
         <wf lemma="sin" pos="X">sin</wf>
         <wf lemma="seng" pos="X">seng</wf>
         <wf lemma="og" pos="X">og</wf>
         <wf lemma="stirrede" pos="X">stirrede</wf>
         <wf lemma="ud" pos="X">ud</wf>
         <wf lemma="i" pos="X">i</wf>
         <wf lemma="luften" pos="X">luften</wf>
         <wf lemma="." pos="X">.</wf>
      </sentence>
      <sentence id="d000.s912" source="wordnet-danish">
         <wf lemma="Laust" pos="X">Laust</wf>
         <wf lemma="havde" pos="X">havde</wf>
         <wf lemma="stukket" pos="X">stukket</wf>
         <wf lemma="Niels" pos="X">Niels</wf>
         <wf lemma="en" pos="X">en</wf>
         <instance id="d000.s912.t000" lemma="albue" pos="NOUN">albue</instance>
         <wf lemma="i" pos="X">i</wf>
         <wf lemma="siden" pos="X">siden</wf>
         <wf lemma="," pos="X">,</wf>
         <wf lemma="så" pos="X">så</wf>
         <wf lemma="han" pos="X">han</wf>
         <wf lemma="rettede" pos="X">rettede</wf>
         <wf lemma="sig" pos="X">sig</wf>
         <wf lemma="op" pos="X">op</wf>
         <wf lemma="i" pos="X">i</wf>
         <wf lemma="et" pos="X">et</wf>
         <wf lemma="sæt" pos="X">sæt</wf>
         <wf lemma="." pos="X">.</wf>
      </sentence>
      <sentence id="d000.s913" source="wordnet-danish">
         <wf lemma="Vi" pos="X">Vi</wf>
         <wf lemma="sad" pos="X">sad</wf>
         <wf lemma="på" pos="X">på</wf>
         <wf lemma="kajen" pos="X">kajen</wf>
         <wf lemma="og" pos="X">og</wf>
         <wf lemma="lod" pos="X">lod</wf>
         <wf lemma="benene" pos="X">benene</wf>
         <wf lemma="hænge" pos="X">hænge</wf>
         <wf lemma="ud" pos="X">ud</wf>
         <wf lemma="over" pos="X">over</wf>
         <instance id="d000.s913.t000" lemma="kant" pos="NOUN">kanten</instance>
         <wf lemma="." pos="X">.</wf>
      </sentence>
      <sentence id="d000.s914" source="wordnet-danish">
         <wf lemma="jeg" pos="X">jeg</wf>
         <instance id="d000.s914.t000" lemma="skrive" pos="VERB">skriver</instance>
         <wf lemma="små" pos="X">små</wf>
         <wf lemma="sedler" pos="X">sedler</wf>
         <wf lemma="om" pos="X">om</wf>
         <wf lemma="," pos="X">,</wf>
         <wf lemma="hvad" pos="X">hvad</wf>
         <wf lemma="jeg" pos="X">jeg</wf>
         <wf lemma="skal" pos="X">skal</wf>
         <wf lemma="nå" pos="X">nå</wf>
         <wf lemma="i" pos="X">i</wf>
         <wf lemma="morgen" pos="X">morgen</wf>
         <wf lemma="." pos="X">.</wf>
      </sentence>
      <sentence id="d000.s915" source="wordnet-danish">
         <wf lemma="den" pos="X">den</wf>
         <wf lemma="27-årige" pos="X">27-årige</wf>
         <wf lemma="nægtede" pos="X">nægtede</wf>
         <wf lemma="sig" pos="X">sig</wf>
         <wf lemma="skyldig" pos="X">skyldig</wf>
         <wf lemma="i" pos="X">i</wf>
         <wf lemma="spritkørsel" pos="X">spritkørsel</wf>
         <wf lemma="," pos="X">,</wf>
         <wf lemma="så" pos="X">så</wf>
         <instance id="d000.s915.t000" lemma="sag" pos="NOUN">sagen</instance>
         <wf lemma="måtte" pos="X">måtte</wf>
         <wf lemma="udsættes" pos="X">udsættes</wf>
         <wf lemma="." pos="X">.</wf>
      </sentence>
      <sentence id="d000.s916" source="wordnet-danish">
         <wf lemma="At" pos="X">At</wf>
         <wf lemma="bedømme" pos="X">bedømme</wf>
         <wf lemma="og" pos="X">og</wf>
         <wf lemma="vurdere" pos="X">vurdere</wf>
         <wf lemma="en" pos="X">en</wf>
         <wf lemma="diamant" pos="X">diamant</wf>
         <wf lemma="kræver" pos="X">kræver</wf>
         <wf lemma="en" pos="X">en</wf>
         <wf lemma="lang" pos="X">lang</wf>
         <wf lemma="uddannelse" pos="X">uddannelse</wf>
         <wf lemma="og" pos="X">og</wf>
         <wf lemma="stor" pos="X">stor</wf>
         <instance id="d000.s916.t000" lemma="dygtighed" pos="NOUN">dygtighed</instance>
         <wf lemma="og" pos="X">og</wf>
         <wf lemma="erfaring" pos="X">erfaring</wf>
         <wf lemma="." pos="X">.</wf>
      </sentence>
      <sentence id="d000.s917" source="wordnet-danish">
         <wf lemma="De" pos="X">De</wf>
         <wf lemma="havde" pos="X">havde</wf>
         <wf lemma="lidt" pos="X">lidt</wf>
         <wf lemma="svært" pos="X">svært</wf>
         <wf lemma="ved" pos="X">ved</wf>
         <wf lemma="at" pos="X">at</wf>
         <wf lemma="forstå" pos="X">forstå</wf>
         <wf lemma="hans" pos="X">hans</wf>
         <wf lemma="nordsvenske" pos="X">nordsvenske</wf>
         <instance id="d000.s917.t000" lemma="dialekt" pos="NOUN">dialekt</instance>
         <wf lemma="." pos="X">.</wf>
      </sentence>
      <sentence id="d000.s918" source="wordnet-danish">
         <wf lemma="Silende" pos="X">Silende</wf>
         <wf lemma="regn" pos="X">regn</wf>
         <wf lemma="er" pos="X">er</wf>
         <wf lemma="dyrskuernes" pos="X">dyrskuernes</wf>
         <wf lemma="værste" pos="X">værste</wf>
         <wf lemma="fjende" pos="X">fjende</wf>
         <wf lemma="." pos="X">.</wf>
         <wf lemma="Den" pos="X">Den</wf>
         <instance id="d000.s918.t000" lemma="hæmme" pos="VERB">hæmmer</instance>
         <wf lemma="den" pos="X">den</wf>
         <wf lemma="megen" pos="X">megen</wf>
         <wf lemma="udendørs" pos="X">udendørs</wf>
         <wf lemma="aktivitet" pos="X">aktivitet</wf>
         <wf lemma="og" pos="X">og</wf>
         <wf lemma="der" pos="X">der</wf>
         <wf lemma="kommer" pos="X">kommer</wf>
         <wf lemma="ingen" pos="X">ingen</wf>
         <wf lemma="gæster" pos="X">gæster</wf>
         <wf lemma="." pos="X">.</wf>
      </sentence>
      <sentence id="d000.s919" source="wordnet-danish">
         <wf lemma="jeg" pos="X">jeg</wf>
         <instance id="d000.s919.t000" lemma="møde" pos="VERB">mødte</instance>
         <wf lemma="en" pos="X">en</wf>
         <wf lemma="af" pos="X">af</wf>
         <wf lemma="mine" pos="X">mine</wf>
         <wf lemma="gamle" pos="X">gamle</wf>
         <wf lemma="venner" pos="X">venner</wf>
         <wf lemma="på" pos="X">på</wf>
         <wf lemma="gaden" pos="X">gaden</wf>
         <wf lemma="forleden" pos="X">forleden</wf>
         <wf lemma="dag" pos="X">dag</wf>
         <wf lemma="." pos="X">.</wf>
      </sentence>
      <sentence id="d000.s920" source="wordnet-danish">
         <wf lemma="Vi" pos="X">Vi</wf>
         <wf lemma="har" pos="X">har</wf>
         <wf lemma="igennem" pos="X">igennem</wf>
         <wf lemma="århundreder" pos="X">århundreder</wf>
         <wf lemma="ændret" pos="X">ændret</wf>
         <wf lemma="og" pos="X">og</wf>
         <instance id="d000.s920.t000" lemma="påvirke" pos="VERB">påvirket</instance>
         <wf lemma="vor" pos="X">vor</wf>
         <wf lemma="natur" pos="X">natur</wf>
         <wf lemma="." pos="X">.</wf>
      </sentence>
      <sentence id="d000.s921" source="wordnet-danish">
         <wf lemma="Der" pos="X">Der</wf>
         <wf lemma="er" pos="X">er</wf>
         <wf lemma="alt" pos="X">alt</wf>
         <wf lemma="for" pos="X">for</wf>
         <wf lemma="mange" pos="X">mange</wf>
         <wf lemma="," pos="X">,</wf>
         <wf lemma="som" pos="X">som</wf>
         <wf lemma="ligefrem" pos="X">ligefrem</wf>
         <instance id="d000.s921.t000" lemma="prale" pos="VERB">praler</instance>
         <wf lemma="af" pos="X">af</wf>
         <wf lemma="," pos="X">,</wf>
         <wf lemma="hvor" pos="X">hvor</wf>
         <wf lemma="dygtige" pos="X">dygtige</wf>
         <wf lemma="de" pos="X">de</wf>
         <wf lemma="er" pos="X">er</wf>
         <wf lemma="til" pos="X">til</wf>
         <wf lemma="at" pos="X">at</wf>
         <wf lemma="få" pos="X">få</wf>
         <wf lemma="sugerøret" pos="X">sugerøret</wf>
         <wf lemma="ned" pos="X">ned</wf>
         <wf lemma="i" pos="X">i</wf>
         <wf lemma="den" pos="X">den</wf>
         <wf lemma="offentlige" pos="X">offentlige</wf>
         <wf lemma="kasse" pos="X">kasse</wf>
         <wf lemma="." pos="X">.</wf>
      </sentence>
      <sentence id="d000.s922" source="wordnet-danish">
         <wf lemma="De" pos="X">De</wf>
         <wf lemma="amerikanske" pos="X">amerikanske</wf>
         <wf lemma="tropper" pos="X">tropper</wf>
         <wf lemma="strammer" pos="X">strammer</wf>
         <instance id="d000.s922.t000" lemma="greb" pos="NOUN">grebet</instance>
         <wf lemma="omkring" pos="X">omkring</wf>
         <wf lemma="Somalias" pos="X">Somalias</wf>
         <wf lemma="hovedstad" pos="X">hovedstad</wf>
         <wf lemma="Mogadishu" pos="X">Mogadishu</wf>
         <wf lemma="." pos="X">.</wf>
      </sentence>
      <sentence id="d000.s923" source="wordnet-danish">
         <wf lemma="du" pos="X">du</wf>
         <wf lemma="kan" pos="X">kan</wf>
         <wf lemma="komme" pos="X">komme</wf>
         <wf lemma="hele" pos="X">hele</wf>
         <wf lemma="grene" pos="X">grene</wf>
         <wf lemma="med" pos="X">med</wf>
         <wf lemma="kviste" pos="X">kviste</wf>
         <wf lemma="og" pos="X">og</wf>
         <wf lemma="løv" pos="X">løv</wf>
         <wf lemma="i" pos="X">i</wf>
         <instance id="d000.s923.t000" lemma="kværn" pos="NOUN">kværnen</instance>
         <wf lemma="." pos="X">.</wf>
      </sentence>
      <sentence id="d000.s924" source="wordnet-danish">
         <wf lemma="I" pos="X">I</wf>
         <wf lemma="en" pos="X">en</wf>
         <wf lemma="retvinklet" pos="X">retvinklet</wf>
         <wf lemma="trekant" pos="X">trekant</wf>
         <wf lemma="er" pos="X">er</wf>
         <wf lemma="kvadratet" pos="X">kvadratet</wf>
         <wf lemma="på" pos="X">på</wf>
         <wf lemma="hypotenusen" pos="X">hypotenusen</wf>
         <wf lemma="lig" pos="X">lig</wf>
         <wf lemma="med" pos="X">med</wf>
         <instance id="d000.s924.t000" lemma="sum" pos="NOUN">summen</instance>
         <wf lemma="af" pos="X">af</wf>
         <wf lemma="kvadraterne" pos="X">kvadraterne</wf>
         <wf lemma="på" pos="X">på</wf>
         <wf lemma="kateterne" pos="X">kateterne</wf>
         <wf lemma="." pos="X">.</wf>
      </sentence>
      <sentence id="d000.s925" source="wordnet-danish">
         <wf lemma="[Hitler]" pos="X">[Hitler]</wf>
         <wf lemma="led" pos="X">led</wf>
         <wf lemma="af" pos="X">af</wf>
         <wf lemma="for" pos="X">for</wf>
         <wf lemma="højt" pos="X">højt</wf>
         <wf lemma="blodtryk" pos="X">blodtryk</wf>
         <wf lemma="," pos="X">,</wf>
         <wf lemma="Parkinsons" pos="X">Parkinsons</wf>
         <wf lemma="Syge" pos="X">Syge</wf>
         <wf lemma="og" pos="X">og</wf>
         <wf lemma="slugte" pos="X">slugte</wf>
         <wf lemma="al" pos="X">al</wf>
         <wf lemma="for" pos="X">for</wf>
         <wf lemma="mange" pos="X">mange</wf>
         <instance id="d000.s925.t000" lemma="ferietablet" pos="NOUN">ferietabletter</instance>
         <wf lemma="." pos="X">.</wf>
      </sentence>
      <sentence id="d000.s926" source="wordnet-danish">
         <wf lemma="Bogholder" pos="X">Bogholder</wf>
         <wf lemma="Iversen" pos="X">Iversen</wf>
         <wf lemma="har" pos="X">har</wf>
         <wf lemma="langt" pos="X">langt</wf>
         <wf lemma="om" pos="X">om</wf>
         <wf lemma="længe" pos="X">længe</wf>
         <wf lemma="samlet" pos="X">samlet</wf>
         <wf lemma="sig" pos="X">sig</wf>
         <wf lemma="sammen" pos="X">sammen</wf>
         <wf lemma="til" pos="X">til</wf>
         <wf lemma="at" pos="X">at</wf>
         <wf lemma="gå" pos="X">gå</wf>
         <wf lemma="ind" pos="X">ind</wf>
         <wf lemma="til" pos="X">til</wf>
         <wf lemma="direktøren" pos="X">direktøren</wf>
         <wf lemma="for" pos="X">for</wf>
         <wf lemma="at" pos="X">at</wf>
         <wf lemma="sige" pos="X">sige</wf>
         <wf lemma="ham" pos="X">ham</wf>
         <wf lemma="sin" pos="X">sin</wf>
         <wf lemma="ærlige" pos="X">ærlige</wf>
         <instance id="d000.s926.t000" lemma="mening" pos="NOUN">mening</instance>
         <wf lemma="." pos="X">.</wf>
      </sentence>
      <sentence id="d000.s927" source="wordnet-danish">
         <wf lemma="De" pos="X">De</wf>
         <wf lemma="Røde" pos="X">Røde</wf>
         <wf lemma="Khmerers" pos="X">Khmerers</wf>
         <wf lemma="radio" pos="X">radio</wf>
         <wf lemma="sagde" pos="X">sagde</wf>
         <wf lemma="lørdag" pos="X">lørdag</wf>
         <wf lemma="," pos="X">,</wf>
         <wf lemma="at" pos="X">at</wf>
         <instance id="d000.s927.t000" lemma="guerilla" pos="NOUN">guerillaerne</instance>
         <wf lemma="forbereder" pos="X">forbereder</wf>
         <wf lemma="et" pos="X">et</wf>
         <wf lemma="nyt" pos="X">nyt</wf>
         <wf lemma="angreb" pos="X">angreb</wf>
         <wf lemma="på" pos="X">på</wf>
         <wf lemma="provinshovedstaden" pos="X">provinshovedstaden</wf>
         <wf lemma="." pos="X">.</wf>
      </sentence>
      <sentence id="d000.s928" source="wordnet-danish">
         <wf lemma="Efter" pos="X">Efter</wf>
         <wf lemma="mordet" pos="X">mordet</wf>
         <instance id="d000.s928.t000" lemma="begrave" pos="VERB">begravede</instance>
         <wf lemma="morderen" pos="X">morderen</wf>
         <wf lemma="pengekassen" pos="X">pengekassen</wf>
         <wf lemma="bag" pos="X">bag</wf>
         <wf lemma="klitterne" pos="X">klitterne</wf>
         <wf lemma="." pos="X">.</wf>
      </sentence>
      <sentence id="d000.s929" source="wordnet-danish">
         <wf lemma="Hvad" pos="X">Hvad</wf>
         <wf lemma="der" pos="X">der</wf>
         <wf lemma=".." pos="X">..</wf>
         <wf lemma="er" pos="X">er</wf>
         <instance id="d000.s929.t000" lemma="åbenlys" pos="ADJ">åbenlyst</instance>
         <wf lemma="for" pos="X">for</wf>
         <wf lemma="enhver" pos="X">enhver</wf>
         <wf lemma="er" pos="X">er</wf>
         <wf lemma="," pos="X">,</wf>
         <wf lemma="at" pos="X">at</wf>
         <wf lemma="'" pos="X">'</wf>
         <wf lemma="Netto'" pos="X">Netto'</wf>
         <wf lemma="og" pos="X">og</wf>
         <wf lemma="'Fakta'" pos="X">'Fakta'</wf>
         <wf lemma="er" pos="X">er</wf>
         <wf lemma="inde" pos="X">inde</wf>
         <wf lemma="i" pos="X">i</wf>
         <wf lemma="en" pos="X">en</wf>
         <wf lemma="meget" pos="X">meget</wf>
         <wf lemma="hård" pos="X">hård</wf>
         <wf lemma="dyst" pos="X">dyst</wf>
         <wf lemma="om" pos="X">om</wf>
         <wf lemma="markedet" pos="X">markedet</wf>
         <wf lemma="." pos="X">.</wf>
      </sentence>
      <sentence id="d000.s930" source="wordnet-danish">
         <wf lemma="Lillian" pos="X">Lillian</wf>
         <wf lemma="anbragte" pos="X">anbragte</wf>
         <wf lemma="et" pos="X">et</wf>
         <wf lemma="par" pos="X">par</wf>
         <wf lemma="puder" pos="X">puder</wf>
         <wf lemma="bag" pos="X">bag</wf>
         <wf lemma="ryggen" pos="X">ryggen</wf>
         <wf lemma="af" pos="X">af</wf>
         <wf lemma="sin" pos="X">sin</wf>
         <wf lemma="mor" pos="X">mor</wf>
         <wf lemma="," pos="X">,</wf>
         <wf lemma="så" pos="X">så</wf>
         <wf lemma="hun" pos="X">hun</wf>
         <wf lemma="kunne" pos="X">kunne</wf>
         <wf lemma="sidde" pos="X">sidde</wf>
         <instance id="d000.s930.t000" lemma="bekvem" pos="ADJ">bekvemt</instance>
         <wf lemma="." pos="X">.</wf>
      </sentence>
      <sentence id="d000.s931" source="wordnet-danish">
         <wf lemma="På" pos="X">På</wf>
         <wf lemma="det" pos="X">det</wf>
         <wf lemma="seneste" pos="X">seneste</wf>
         <wf lemma="har" pos="X">har</wf>
         <wf lemma="Dronningen" pos="X">Dronningen</wf>
         <wf lemma="i" pos="X">i</wf>
         <wf lemma="sit" pos="X">sit</wf>
         <wf lemma="maleri" pos="X">maleri</wf>
         <wf lemma="ladet" pos="X">ladet</wf>
         <wf lemma="sig" pos="X">sig</wf>
         <instance id="d000.s931.t000" lemma="inspirere" pos="VERB">inspirere</instance>
         <wf lemma="af" pos="X">af</wf>
         <wf lemma="Per" pos="X">Per</wf>
         <wf lemma="Kirkeby" pos="X">Kirkeby</wf>
         <wf lemma="." pos="X">.</wf>
      </sentence>
      <sentence id="d000.s932" source="wordnet-danish">
         <wf lemma="vin" pos="X">vin</wf>
         <wf lemma="," pos="X">,</wf>
         <wf lemma="juice" pos="X">juice</wf>
         <wf lemma="," pos="X">,</wf>
         <wf lemma="æblesaft" pos="X">æblesaft</wf>
         <wf lemma="er" pos="X">er</wf>
         <wf lemma="svage" pos="X">svage</wf>
         <instance id="d000.s932.t000" lemma="syre" pos="NOUN">syrer</instance>
         <wf lemma="," pos="X">,</wf>
         <wf lemma="og" pos="X">og</wf>
         <wf lemma="spilder" pos="X">spilder</wf>
         <wf lemma="man" pos="X">man</wf>
         <wf lemma="dét" pos="X">dét</wf>
         <wf lemma="på" pos="X">på</wf>
         <wf lemma="bordet" pos="X">bordet</wf>
         <wf lemma="," pos="X">,</wf>
         <wf lemma="kommer" pos="X">kommer</wf>
         <wf lemma="der" pos="X">der</wf>
         <wf lemma="en" pos="X">en</wf>
         <wf lemma="mat" pos="X">mat</wf>
         <wf lemma="plet" pos="X">plet</wf>
         <wf lemma="." pos="X">.</wf>
      </sentence>
      <sentence id="d000.s933" source="wordnet-danish">
         <wf lemma="den" pos="X">den</wf>
         <wf lemma="århusianske" pos="X">århusianske</wf>
         <wf lemma="byggematador" pos="X">byggematador</wf>
         <wf lemma="Flemming" pos="X">Flemming</wf>
         <wf lemma="Thomsen" pos="X">Thomsen</wf>
         <wf lemma="har" pos="X">har</wf>
         <wf lemma="undgået" pos="X">undgået</wf>
         <wf lemma="en" pos="X">en</wf>
         <wf lemma="truende" pos="X">truende</wf>
         <instance id="d000.s933.t000" lemma="konkurs" pos="NOUN">konkurs</instance>
         <wf lemma="." pos="X">.</wf>
      </sentence>
      <sentence id="d000.s934" source="wordnet-danish">
         <wf lemma="politipatruljen" pos="X">politipatruljen</wf>
         <wf lemma="måtte" pos="X">måtte</wf>
         <wf lemma="tilkalde" pos="X">tilkalde</wf>
         <instance id="d000.s934.t000" lemma="assistance" pos="NOUN">assistance</instance>
         <wf lemma="," pos="X">,</wf>
         <wf lemma="da" pos="X">da</wf>
         <wf lemma="der" pos="X">der</wf>
         <wf lemma="blev" pos="X">blev</wf>
         <wf lemma="gjort" pos="X">gjort</wf>
         <wf lemma="forsøg" pos="X">forsøg</wf>
         <wf lemma="på" pos="X">på</wf>
         <wf lemma="at" pos="X">at</wf>
         <wf lemma="befri" pos="X">befri</wf>
         <wf lemma="den" pos="X">den</wf>
         <wf lemma="anholdte" pos="X">anholdte</wf>
         <wf lemma="." pos="X">.</wf>
      </sentence>
      <sentence id="d000.s935" source="wordnet-danish">
         <wf lemma="Dec." pos="X">Dec.</wf>
         <wf lemma="1983" pos="X">1983</wf>
         <wf lemma="blev" pos="X">blev</wf>
         <wf lemma="Arafat" pos="X">Arafat</wf>
         <wf lemma="og" pos="X">og</wf>
         <wf lemma="hans" pos="X">hans</wf>
         <wf lemma="styrker" pos="X">styrker</wf>
         <wf lemma="evakueret" pos="X">evakueret</wf>
         <wf lemma="fra" pos="X">fra</wf>
         <wf lemma="Libanon" pos="X">Libanon</wf>
         <wf lemma="under" pos="X">under</wf>
         <wf lemma="USA's" pos="X">USA's</wf>
         <wf lemma="og" pos="X">og</wf>
         <wf lemma="FN's" pos="X">FN's</wf>
         <instance id="d000.s935.t000" lemma="beskyttelse" pos="NOUN">beskyttelse</instance>
         <wf lemma="." pos="X">.</wf>
      </sentence>
      <sentence id="d000.s936" source="wordnet-danish">
         <wf lemma="Et" pos="X">Et</wf>
         <instance id="d000.s936.t000" lemma="forbund" pos="NOUN">forbund</instance>
         <wf lemma="betyder" pos="X">betyder</wf>
         <wf lemma="," pos="X">,</wf>
         <wf lemma="at" pos="X">at</wf>
         <wf lemma="statens" pos="X">statens</wf>
         <wf lemma="indflydelse" pos="X">indflydelse</wf>
         <wf lemma="reduceres" pos="X">reduceres</wf>
         <wf lemma="kraftigt" pos="X">kraftigt</wf>
         <wf lemma="til" pos="X">til</wf>
         <wf lemma="fordel" pos="X">fordel</wf>
         <wf lemma="for" pos="X">for</wf>
         <wf lemma="en" pos="X">en</wf>
         <wf lemma="fælles" pos="X">fælles</wf>
         <wf lemma="," pos="X">,</wf>
         <wf lemma="overstatslig" pos="X">overstatslig</wf>
         <wf lemma="myndighed" pos="X">myndighed</wf>
         <wf lemma="." pos="X">.</wf>
      </sentence>
      <sentence id="d000.s937" source="wordnet-danish">
         <wf lemma="den" pos="X">den</wf>
         <wf lemma="svenske" pos="X">svenske</wf>
         <wf lemma="regering" pos="X">regering</wf>
         <wf lemma="planlægger" pos="X">planlægger</wf>
         <wf lemma="at" pos="X">at</wf>
         <wf lemma="lukke" pos="X">lukke</wf>
         <wf lemma="den" pos="X">den</wf>
         <wf lemma="ene" pos="X">ene</wf>
         <wf lemma="af" pos="X">af</wf>
         <wf lemma="Barsebäck-værkets" pos="X">Barsebäck-værkets</wf>
         <instance id="d000.s937.t000" lemma="reaktor" pos="NOUN">reaktorer</instance>
         <wf lemma="i" pos="X">i</wf>
         <wf lemma="1995" pos="X">1995</wf>
         <wf lemma="." pos="X">.</wf>
      </sentence>
      <sentence id="d000.s938" source="wordnet-danish">
         <wf lemma="Bogen" pos="X">Bogen</wf>
         <wf lemma="er" pos="X">er</wf>
         <wf lemma="sat" pos="X">sat</wf>
         <wf lemma="sammen" pos="X">sammen</wf>
         <wf lemma="af" pos="X">af</wf>
         <wf lemma="18" pos="X">18</wf>
         <wf lemma="stykker" pos="X">stykker</wf>
         <wf lemma="fra" pos="X">fra</wf>
         <wf lemma="de" pos="X">de</wf>
         <wf lemma="tyve" pos="X">tyve</wf>
         <wf lemma="år" pos="X">år</wf>
         <wf lemma="," pos="X">,</wf>
         <wf lemma="med" pos="X">med</wf>
         <wf lemma="små" pos="X">små</wf>
         <instance id="d000.s938.t000" lemma="tilføjelse" pos="NOUN">tilføjelser</instance>
         <wf lemma="." pos="X">.</wf>
      </sentence>
      <sentence id="d000.s939" source="wordnet-danish">
         <wf lemma="'" pos="X">'</wf>
         <wf lemma="Undskyld" pos="X">Undskyld</wf>
         <wf lemma="men" pos="X">men</wf>
         <wf lemma="jeg" pos="X">jeg</wf>
         <wf lemma="måtte" pos="X">måtte</wf>
         <wf lemma="vel" pos="X">vel</wf>
         <wf lemma="ikke" pos="X">ikke</wf>
         <instance id="d000.s939.t000" lemma="bede" pos="VERB">bede</instance>
         <wf lemma="om" pos="X">om</wf>
         <wf lemma="noget" pos="X">noget</wf>
         <wf lemma="." pos="X">.</wf>
         <wf lemma="'" pos="X">'</wf>
         <wf lemma="'" pos="X">'</wf>
         <wf lemma="Jo" pos="X">Jo</wf>
         <wf lemma="," pos="X">,</wf>
         <wf lemma="sig" pos="X">sig</wf>
         <wf lemma="frem'." pos="X">frem'.</wf>
      </sentence>
      <sentence id="d000.s940" source="wordnet-danish">
         <wf lemma="Far" pos="X">Far</wf>
         <wf lemma="var" pos="X">var</wf>
         <wf lemma="lærer" pos="X">lærer</wf>
         <wf lemma="på" pos="X">på</wf>
         <wf lemma="Vibenshus" pos="X">Vibenshus</wf>
         <wf lemma="kommuneskole" pos="X">kommuneskole</wf>
         <wf lemma="," pos="X">,</wf>
         <wf lemma="og" pos="X">og</wf>
         <wf lemma="han" pos="X">han</wf>
         <wf lemma="havde" pos="X">havde</wf>
         <instance id="d000.s940.t000" lemma="time" pos="NOUN">timer</instance>
         <wf lemma="i" pos="X">i</wf>
         <wf lemma="dansk" pos="X">dansk</wf>
         <wf lemma="og" pos="X">og</wf>
         <wf lemma="litteratur" pos="X">litteratur</wf>
         <wf lemma="i" pos="X">i</wf>
         <wf lemma="aftenskolen" pos="X">aftenskolen</wf>
         <wf lemma="." pos="X">.</wf>
      </sentence>
      <sentence id="d000.s941" source="wordnet-danish">
         <instance id="d000.s941.t000" lemma="beregning" pos="NOUN">beregningerne</instance>
         <wf lemma="viste" pos="X">viste</wf>
         <wf lemma="," pos="X">,</wf>
         <wf lemma="at" pos="X">at</wf>
         <wf lemma="investeringer" pos="X">investeringer</wf>
         <wf lemma="i" pos="X">i</wf>
         <wf lemma="vindmøller" pos="X">vindmøller</wf>
         <wf lemma="hurtigt" pos="X">hurtigt</wf>
         <wf lemma="kunne" pos="X">kunne</wf>
         <wf lemma="tjene" pos="X">tjene</wf>
         <wf lemma="sig" pos="X">sig</wf>
         <wf lemma="ind" pos="X">ind</wf>
         <wf lemma="igen" pos="X">igen</wf>
         <wf lemma="." pos="X">.</wf>
      </sentence>
      <sentence id="d000.s942" source="wordnet-danish">
         <wf lemma="Harper-Taylor" pos="X">Harper-Taylor</wf>
         <instance id="d000.s942.t000" lemma="eksplodere" pos="VERB">eksploderede</instance>
         <wf lemma="af" pos="X">af</wf>
         <wf lemma="raseri" pos="X">raseri</wf>
         <wf lemma="." pos="X">.</wf>
         <wf lemma="Han" pos="X">Han</wf>
         <wf lemma="gennembankede" pos="X">gennembankede</wf>
         <wf lemma="sin" pos="X">sin</wf>
         <wf lemma="kone" pos="X">kone</wf>
         <wf lemma="og" pos="X">og</wf>
         <wf lemma="raserede" pos="X">raserede</wf>
         <wf lemma="soveværelset" pos="X">soveværelset</wf>
         <wf lemma="." pos="X">.</wf>
      </sentence>
      <sentence id="d000.s943" source="wordnet-danish">
         <wf lemma="De" pos="X">De</wf>
         <wf lemma="deltager" pos="X">deltager</wf>
         <wf lemma="i" pos="X">i</wf>
         <wf lemma="lodtrækningen" pos="X">lodtrækningen</wf>
         <wf lemma="om" pos="X">om</wf>
         <wf lemma="ugens" pos="X">ugens</wf>
         <instance id="d000.s943.t000" lemma="gevinst" pos="NOUN">gevinster</instance>
         <wf lemma=":" pos="X">:</wf>
         <wf lemma="3" pos="X">3</wf>
         <wf lemma="gange" pos="X">gange</wf>
         <wf lemma="200" pos="X">200</wf>
         <wf lemma="kr." pos="X">kr.</wf>
      </sentence>
      <sentence id="d000.s944" source="wordnet-danish">
         <wf lemma="[Nogle]" pos="X">[Nogle]</wf>
         <wf lemma="kommer" pos="X">kommer</wf>
         <wf lemma="godt" pos="X">godt</wf>
         <wf lemma="igennem" pos="X">igennem</wf>
         <wf lemma="sorgen" pos="X">sorgen</wf>
         <wf lemma="," pos="X">,</wf>
         <wf lemma="men" pos="X">men</wf>
         <wf lemma="andre" pos="X">andre</wf>
         <wf lemma="lukker" pos="X">lukker</wf>
         <wf lemma="sig" pos="X">sig</wf>
         <wf lemma="inde" pos="X">inde</wf>
         <wf lemma="og" pos="X">og</wf>
         <wf lemma="bliver" pos="X">bliver</wf>
         <instance id="d000.s944.t000" lemma="nedtrykt" pos="ADJ">nedtrykte</instance>
         <wf lemma="." pos="X">.</wf>
      </sentence>
      <sentence id="d000.s945" source="wordnet-danish">
         <instance id="d000.s945.t000" lemma="program" pos="NOUN">Programmet</instance>
         <wf lemma="skal" pos="X">skal</wf>
         <wf lemma="tages" pos="X">tages</wf>
         <wf lemma="for" pos="X">for</wf>
         <wf lemma="," pos="X">,</wf>
         <wf lemma="hvad" pos="X">hvad</wf>
         <wf lemma="det" pos="X">det</wf>
         <wf lemma="er" pos="X">er</wf>
         <wf lemma=":" pos="X">:</wf>
         <wf lemma="En" pos="X">En</wf>
         <wf lemma="slags" pos="X">slags</wf>
         <wf lemma="skør" pos="X">skør</wf>
         <wf lemma="TV-udgave" pos="X">TV-udgave</wf>
         <wf lemma="af" pos="X">af</wf>
         <wf lemma="'" pos="X">'</wf>
         <wf lemma="De" pos="X">De</wf>
         <wf lemma="ringer" pos="X">ringer</wf>
         <wf lemma="," pos="X">,</wf>
         <wf lemma="vi" pos="X">vi</wf>
         <wf lemma="spiller'" pos="X">spiller'</wf>
         <wf lemma="." pos="X">.</wf>
      </sentence>
      <sentence id="d000.s946" source="wordnet-danish">
         <wf lemma="Husene" pos="X">Husene</wf>
         <wf lemma="var" pos="X">var</wf>
         <wf lemma="beskedne" pos="X">beskedne</wf>
         <wf lemma="," pos="X">,</wf>
         <wf lemma="opført" pos="X">opført</wf>
         <wf lemma="i" pos="X">i</wf>
         <wf lemma="soltørret" pos="X">soltørret</wf>
         <instance id="d000.s946.t000" lemma="tegl" pos="NOUN">tegl</instance>
         <wf lemma="." pos="X">.</wf>
      </sentence>
      <sentence id="d000.s947" source="wordnet-danish">
         <wf lemma="Han" pos="X">Han</wf>
         <wf lemma="vaklede" pos="X">vaklede</wf>
         <wf lemma="ud" pos="X">ud</wf>
         <wf lemma="på" pos="X">på</wf>
         <wf lemma="badeværelset" pos="X">badeværelset</wf>
         <wf lemma="og" pos="X">og</wf>
         <wf lemma="drak" pos="X">drak</wf>
         <wf lemma="vand" pos="X">vand</wf>
         <wf lemma="fra" pos="X">fra</wf>
         <instance id="d000.s947.t000" lemma="hane" pos="NOUN">hanen</instance>
         <wf lemma="," pos="X">,</wf>
         <wf lemma="og" pos="X">og</wf>
         <wf lemma="vaskede" pos="X">vaskede</wf>
         <wf lemma="ansigtet" pos="X">ansigtet</wf>
         <wf lemma="." pos="X">.</wf>
      </sentence>
      <sentence id="d000.s948" source="wordnet-danish">
         <wf lemma="Han" pos="X">Han</wf>
         <wf lemma="tav" pos="X">tav</wf>
         <wf lemma="og" pos="X">og</wf>
         <wf lemma="lænede" pos="X">lænede</wf>
         <wf lemma="sig" pos="X">sig</wf>
         <wf lemma="ind" pos="X">ind</wf>
         <wf lemma="over" pos="X">over</wf>
         <wf lemma="bordet" pos="X">bordet</wf>
         <wf lemma="," pos="X">,</wf>
         <wf lemma="som" pos="X">som</wf>
         <wf lemma="ville" pos="X">ville</wf>
         <wf lemma="han" pos="X">han</wf>
         <wf lemma="kysse" pos="X">kysse</wf>
         <wf lemma="hende" pos="X">hende</wf>
         <wf lemma="," pos="X">,</wf>
         <wf lemma="men" pos="X">men</wf>
         <wf lemma="hun" pos="X">hun</wf>
         <wf lemma="trak" pos="X">trak</wf>
         <wf lemma="sig" pos="X">sig</wf>
         <wf lemma="uden" pos="X">uden</wf>
         <wf lemma="for" pos="X">for</wf>
         <wf lemma="hans" pos="X">hans</wf>
         <instance id="d000.s948.t000" lemma="rækkevidde" pos="NOUN">rækkevidde</instance>
         <wf lemma="." pos="X">.</wf>
      </sentence>
      <sentence id="d000.s949" source="wordnet-danish">
         <wf lemma="Med" pos="X">Med</wf>
         <wf lemma="vindstød" pos="X">vindstød</wf>
         <wf lemma="på" pos="X">på</wf>
         <wf lemma="op" pos="X">op</wf>
         <wf lemma="til" pos="X">til</wf>
         <wf lemma="30" pos="X">30</wf>
         <wf lemma="meter" pos="X">meter</wf>
         <wf lemma="i" pos="X">i</wf>
         <instance id="d000.s949.t000" lemma="sekund" pos="NOUN">sekundet</instance>
         <wf lemma="ramte" pos="X">ramte</wf>
         <wf lemma="stormen" pos="X">stormen</wf>
         <wf lemma="vestkysten" pos="X">vestkysten</wf>
         <wf lemma="." pos="X">.</wf>
      </sentence>
      <sentence id="d000.s950" source="wordnet-danish">
         <wf lemma="jeg" pos="X">jeg</wf>
         <wf lemma=".." pos="X">..</wf>
         <wf lemma="blev" pos="X">blev</wf>
         <wf lemma="vippet" pos="X">vippet</wf>
         <wf lemma="omkuld" pos="X">omkuld</wf>
         <wf lemma="af" pos="X">af</wf>
         <wf lemma="bølgerne" pos="X">bølgerne</wf>
         <wf lemma="," pos="X">,</wf>
         <wf lemma="men" pos="X">men</wf>
         <wf lemma="mine" pos="X">mine</wf>
         <wf lemma="waders" pos="X">waders</wf>
         <wf lemma="holdt" pos="X">holdt</wf>
         <wf lemma="mig" pos="X">mig</wf>
         <instance id="d000.s950.t000" lemma="tør" pos="ADJ">tør</instance>
         <wf lemma="." pos="X">.</wf>
      </sentence>
      <sentence id="d000.s951" source="wordnet-danish">
         <wf lemma="Det" pos="X">Det</wf>
         <wf lemma="glimtede" pos="X">glimtede</wf>
         <wf lemma="af" pos="X">af</wf>
         <wf lemma="vrede" pos="X">vrede</wf>
         <wf lemma="i" pos="X">i</wf>
         <wf lemma="Kates" pos="X">Kates</wf>
         <instance id="d000.s951.t000" lemma="øje" pos="NOUN">øjne</instance>
         <wf lemma="." pos="X">.</wf>
      </sentence>
      <sentence id="d000.s952" source="wordnet-danish">
         <instance id="d000.s952.t000" lemma="kød" pos="NOUN">Kødet</instance>
         <wf lemma="af" pos="X">af</wf>
         <wf lemma="½" pos="X">½</wf>
         <wf lemma="grapefrugt" pos="X">grapefrugt</wf>
         <wf lemma="blandes" pos="X">blandes</wf>
         <wf lemma="med" pos="X">med</wf>
         <wf lemma="ca." pos="X">ca.</wf>
         <wf lemma="25" pos="X">25</wf>
         <wf lemma="g" pos="X">g</wf>
         <wf lemma="pillede" pos="X">pillede</wf>
         <wf lemma="rejer" pos="X">rejer</wf>
         <wf lemma="og" pos="X">og</wf>
         <wf lemma="et" pos="X">et</wf>
         <wf lemma="stænk" pos="X">stænk</wf>
         <wf lemma="tabascosauce" pos="X">tabascosauce</wf>
         <wf lemma="." pos="X">.</wf>
      </sentence>
      <sentence id="d000.s953" source="wordnet-danish">
         <wf lemma="Besætningen" pos="X">Besætningen</wf>
         <wf lemma="fra" pos="X">fra</wf>
         <wf lemma="rumskibet" pos="X">rumskibet</wf>
         <wf lemma="Enterprise" pos="X">Enterprise</wf>
         <wf lemma="møder" pos="X">møder</wf>
         <wf lemma="hver" pos="X">hver</wf>
         <wf lemma="uge" pos="X">uge</wf>
         <wf lemma="nye" pos="X">nye</wf>
         <wf lemma="udfordringer" pos="X">udfordringer</wf>
         <wf lemma="og" pos="X">og</wf>
         <wf lemma="eksotiske" pos="X">eksotiske</wf>
         <instance id="d000.s953.t000" lemma="rumvæsen" pos="NOUN">rumvæsner</instance>
         <wf lemma="." pos="X">.</wf>
      </sentence>
      <sentence id="d000.s954" source="wordnet-danish">
         <wf lemma="Kl" pos="X">Kl</wf>
         <wf lemma="." pos="X">.</wf>
         <wf lemma="12.00" pos="X">12.00</wf>
         <wf lemma="spiste" pos="X">spiste</wf>
         <wf lemma="vi" pos="X">vi</wf>
         <instance id="d000.s954.t000" lemma="frokost" pos="NOUN">frokost</instance>
         <wf lemma="bestående" pos="X">bestående</wf>
         <wf lemma="af" pos="X">af</wf>
         <wf lemma="brød" pos="X">brød</wf>
         <wf lemma="," pos="X">,</wf>
         <wf lemma="pålæg" pos="X">pålæg</wf>
         <wf lemma="," pos="X">,</wf>
         <wf lemma="ost" pos="X">ost</wf>
         <wf lemma="og" pos="X">og</wf>
         <wf lemma="mælk" pos="X">mælk</wf>
         <wf lemma="." pos="X">.</wf>
      </sentence>
      <sentence id="d000.s955" source="wordnet-danish">
         <wf lemma="Åh" pos="X">Åh</wf>
         <wf lemma="!" pos="X">!</wf>
         <wf lemma="De" pos="X">De</wf>
         <wf lemma="gamle" pos="X">gamle</wf>
         <wf lemma="sager" pos="X">sager</wf>
         <wf lemma="på" pos="X">på</wf>
         <wf lemma="loftet" pos="X">loftet</wf>
         <wf lemma="!" pos="X">!</wf>
         <wf lemma="Jeg" pos="X">Jeg</wf>
         <wf lemma="skulle" pos="X">skulle</wf>
         <wf lemma="have" pos="X">have</wf>
         <instance id="d000.s955.t000" lemma="brænde" pos="VERB">brændt</instance>
         <wf lemma="dem" pos="X">dem</wf>
         <wf lemma="for" pos="X">for</wf>
         <wf lemma="længe" pos="X">længe</wf>
         <wf lemma="siden" pos="X">siden</wf>
         <wf lemma="!" pos="X">!</wf>
      </sentence>
      <sentence id="d000.s956" source="wordnet-danish">
         <wf lemma="Der" pos="X">Der</wf>
         <wf lemma="optages" pos="X">optages</wf>
         <wf lemma="ca." pos="X">ca.</wf>
         <wf lemma="50" pos="X">50</wf>
         <wf lemma="studerende" pos="X">studerende</wf>
         <wf lemma="årligt" pos="X">årligt</wf>
         <wf lemma="ved" pos="X">ved</wf>
         <wf lemma="hver" pos="X">hver</wf>
         <wf lemma="skole" pos="X">skole</wf>
         <wf lemma="." pos="X">.</wf>
         <wf lemma="Der" pos="X">Der</wf>
         <wf lemma="er" pos="X">er</wf>
         <wf lemma="hvert" pos="X">hvert</wf>
         <wf lemma="år" pos="X">år</wf>
         <wf lemma="4" pos="X">4</wf>
         <wf lemma="gange" pos="X">gange</wf>
         <wf lemma="flere" pos="X">flere</wf>
         <instance id="d000.s956.t000" lemma="ansøger" pos="NOUN">ansøgere</instance>
         <wf lemma="end" pos="X">end</wf>
         <wf lemma="pladser" pos="X">pladser</wf>
         <wf lemma="." pos="X">.</wf>
      </sentence>
      <sentence id="d000.s957" source="wordnet-danish">
         <wf lemma="måske" pos="X">måske</wf>
         <wf lemma="har" pos="X">har</wf>
         <wf lemma="han" pos="X">han</wf>
         <wf lemma="allerede" pos="X">allerede</wf>
         <instance id="d000.s957.t000" lemma="gætte" pos="VERB">gættet</instance>
         <wf lemma="hvem" pos="X">hvem</wf>
         <wf lemma="jeg" pos="X">jeg</wf>
         <wf lemma="er" pos="X">er</wf>
         <wf lemma="," pos="X">,</wf>
         <wf lemma="fordi" pos="X">fordi</wf>
         <wf lemma="han" pos="X">han</wf>
         <wf lemma="har" pos="X">har</wf>
         <wf lemma="set" pos="X">set</wf>
         <wf lemma="mig" pos="X">mig</wf>
         <wf lemma="på" pos="X">på</wf>
         <wf lemma="billeder" pos="X">billeder</wf>
         <wf lemma="i" pos="X">i</wf>
         <wf lemma="aviser" pos="X">aviser</wf>
         <wf lemma="og" pos="X">og</wf>
         <wf lemma="ugeblade" pos="X">ugeblade</wf>
         <wf lemma="." pos="X">.</wf>
      </sentence>
      <sentence id="d000.s958" source="wordnet-danish">
         <wf lemma="regeringen" pos="X">regeringen</wf>
         <wf lemma="vil" pos="X">vil</wf>
         <wf lemma="spare" pos="X">spare</wf>
         <wf lemma="300" pos="X">300</wf>
         <wf lemma="millioner" pos="X">millioner</wf>
         <wf lemma="kroner" pos="X">kroner</wf>
         <wf lemma="ved" pos="X">ved</wf>
         <wf lemma="at" pos="X">at</wf>
         <wf lemma="skære" pos="X">skære</wf>
         <wf lemma="ned" pos="X">ned</wf>
         <wf lemma="i" pos="X">i</wf>
         <wf lemma="det" pos="X">det</wf>
         <wf lemma="almennyttige" pos="X">almennyttige</wf>
         <wf lemma="byggeri" pos="X">byggeri</wf>
         <wf lemma="og" pos="X">og</wf>
         <instance id="d000.s958.t000" lemma="reducere" pos="VERB">reducere</instance>
         <wf lemma="boligstøtten" pos="X">boligstøtten</wf>
         <wf lemma="med" pos="X">med</wf>
         <wf lemma="tre" pos="X">tre</wf>
         <wf lemma="procent" pos="X">procent</wf>
         <wf lemma="." pos="X">.</wf>
      </sentence>
      <sentence id="d000.s959" source="wordnet-danish">
         <wf lemma="det" pos="X">det</wf>
         <wf lemma="var" pos="X">var</wf>
         <wf lemma="først" pos="X">først</wf>
         <wf lemma="," pos="X">,</wf>
         <wf lemma="da" pos="X">da</wf>
         <wf lemma="du" pos="X">du</wf>
         <wf lemma="fik" pos="X">fik</wf>
         <wf lemma="at" pos="X">at</wf>
         <wf lemma="vide" pos="X">vide</wf>
         <wf lemma="," pos="X">,</wf>
         <wf lemma="at" pos="X">at</wf>
         <wf lemma="du" pos="X">du</wf>
         <wf lemma="fik" pos="X">fik</wf>
         <wf lemma="to" pos="X">to</wf>
         <wf lemma="unge" pos="X">unge</wf>
         <wf lemma="kvindelige" pos="X">kvindelige</wf>
         <wf lemma="medhjælpere" pos="X">medhjælpere</wf>
         <wf lemma="," pos="X">,</wf>
         <wf lemma="at" pos="X">at</wf>
         <wf lemma="der" pos="X">der</wf>
         <wf lemma="kom" pos="X">kom</wf>
         <wf lemma="gang" pos="X">gang</wf>
         <wf lemma="i" pos="X">i</wf>
         <wf lemma="dig" pos="X">dig</wf>
         <wf lemma="," pos="X">,</wf>
         <instance id="d000.s959.t000" lemma="spøge" pos="VERB">spøgte</instance>
         <wf lemma="formanden" pos="X">formanden</wf>
         <wf lemma="." pos="X">.</wf>
      </sentence>
      <sentence id="d000.s960" source="wordnet-danish">
         <wf lemma="Hvem" pos="X">Hvem</wf>
         <wf lemma="ved" pos="X">ved</wf>
         <wf lemma="," pos="X">,</wf>
         <wf lemma="hvad" pos="X">hvad</wf>
         <wf lemma="der" pos="X">der</wf>
         <wf lemma="skjuler" pos="X">skjuler</wf>
         <wf lemma="sig" pos="X">sig</wf>
         <wf lemma="bag" pos="X">bag</wf>
         <wf lemma="den" pos="X">den</wf>
         <instance id="d000.s960.t000" lemma="sikker" pos="ADJ">sikre</instance>
         <wf lemma="facade" pos="X">facade</wf>
         <wf lemma="og" pos="X">og</wf>
         <wf lemma="de" pos="X">de</wf>
         <wf lemma="afmålte" pos="X">afmålte</wf>
         <wf lemma="ord" pos="X">ord</wf>
         <wf lemma="?" pos="X">?</wf>
      </sentence>
      <sentence id="d000.s961" source="wordnet-danish">
         <wf lemma="det" pos="X">det</wf>
         <wf lemma="forulykkede" pos="X">forulykkede</wf>
         <wf lemma="Boeing" pos="X">Boeing</wf>
         <wf lemma="747-fragtfly" pos="X">747-fragtfly</wf>
         <wf lemma="[var]" pos="X">[var]</wf>
         <wf lemma="forfulgt" pos="X">forfulgt</wf>
         <wf lemma="af" pos="X">af</wf>
         <instance id="d000.s961.t000" lemma="uheld" pos="NOUN">uheld</instance>
         <wf lemma="," pos="X">,</wf>
         <wf lemma="siden" pos="X">siden</wf>
         <wf lemma="det" pos="X">det</wf>
         <wf lemma="for" pos="X">for</wf>
         <wf lemma="tre" pos="X">tre</wf>
         <wf lemma="år" pos="X">år</wf>
         <wf lemma="siden" pos="X">siden</wf>
         <wf lemma="var" pos="X">var</wf>
         <wf lemma="impliceret" pos="X">impliceret</wf>
         <wf lemma="i" pos="X">i</wf>
         <wf lemma="en" pos="X">en</wf>
         <wf lemma="hård" pos="X">hård</wf>
         <wf lemma="nødlanding" pos="X">nødlanding</wf>
         <wf lemma="i" pos="X">i</wf>
         <wf lemma="New" pos="X">New</wf>
         <wf lemma="Yorks" pos="X">Yorks</wf>
         <wf lemma="Kennedy-lufthavn" pos="X">Kennedy-lufthavn</wf>
         <wf lemma="." pos="X">.</wf>
      </sentence>
      <sentence id="d000.s962" source="wordnet-danish">
         <wf lemma="Som" pos="X">Som</wf>
         <wf lemma="børn" pos="X">børn</wf>
         <wf lemma="blev" pos="X">blev</wf>
         <wf lemma="vi" pos="X">vi</wf>
         <wf lemma="opdraget" pos="X">opdraget</wf>
         <wf lemma="til" pos="X">til</wf>
         <wf lemma="ikke" pos="X">ikke</wf>
         <wf lemma="at" pos="X">at</wf>
         <wf lemma="være" pos="X">være</wf>
         <wf lemma="bange" pos="X">bange</wf>
         <wf lemma="for" pos="X">for</wf>
         <instance id="d000.s962.t000" lemma="autoritet" pos="NOUN">autoriteter</instance>
         <wf lemma="." pos="X">.</wf>
         <wf lemma="At" pos="X">At</wf>
         <wf lemma="være" pos="X">være</wf>
         <wf lemma="os" pos="X">os</wf>
         <wf lemma="selv" pos="X">selv</wf>
         <wf lemma="." pos="X">.</wf>
      </sentence>
      <sentence id="d000.s963" source="wordnet-danish">
         <wf lemma="Stammerne" pos="X">Stammerne</wf>
         <wf lemma="var" pos="X">var</wf>
         <wf lemma="tykke" pos="X">tykke</wf>
         <wf lemma="og" pos="X">og</wf>
         <wf lemma="knudrede" pos="X">knudrede</wf>
         <wf lemma="," pos="X">,</wf>
         <wf lemma="med" pos="X">med</wf>
         <wf lemma="en" pos="X">en</wf>
         <wf lemma="furet" pos="X">furet</wf>
         <wf lemma="," pos="X">,</wf>
         <wf lemma="kløftet" pos="X">kløftet</wf>
         <instance id="d000.s963.t000" lemma="bark" pos="NOUN">bark</instance>
         <wf lemma="." pos="X">.</wf>
      </sentence>
      <sentence id="d000.s964" source="wordnet-danish">
         <wf lemma="Hun" pos="X">Hun</wf>
         <wf lemma="slog" pos="X">slog</wf>
         <wf lemma="med" pos="X">med</wf>
         <wf lemma="håret" pos="X">håret</wf>
         <wf lemma="," pos="X">,</wf>
         <wf lemma="så" pos="X">så</wf>
         <wf lemma="det" pos="X">det</wf>
         <wf lemma="faldt" pos="X">faldt</wf>
         <wf lemma="blødt" pos="X">blødt</wf>
         <wf lemma="ned" pos="X">ned</wf>
         <wf lemma="om" pos="X">om</wf>
         <instance id="d000.s964.t000" lemma="skulder" pos="NOUN">skuldrene</instance>
         <wf lemma="." pos="X">.</wf>
      </sentence>
      <sentence id="d000.s965" source="wordnet-danish">
         <wf lemma="Min" pos="X">Min</wf>
         <wf lemma="læge" pos="X">læge</wf>
         <wf lemma="siger" pos="X">siger</wf>
         <wf lemma="," pos="X">,</wf>
         <wf lemma="det" pos="X">det</wf>
         <wf lemma="er" pos="X">er</wf>
         <wf lemma="psykisk" pos="X">psykisk</wf>
         <wf lemma="." pos="X">.</wf>
         <wf lemma="." pos="X">.</wf>
         <wf lemma="Jeg" pos="X">Jeg</wf>
         <wf lemma="synes" pos="X">synes</wf>
         <wf lemma="bare" pos="X">bare</wf>
         <wf lemma="," pos="X">,</wf>
         <wf lemma="det" pos="X">det</wf>
         <wf lemma="lyder" pos="X">lyder</wf>
         <instance id="d000.s965.t000" lemma="utrolig" pos="ADJ">utroligt</instance>
         <wf lemma="" pos="X"></wf>
         <wf lemma="at" pos="X">at</wf>
         <wf lemma="man" pos="X">man</wf>
         <wf lemma="kan" pos="X">kan</wf>
         <wf lemma="have" pos="X">have</wf>
         <wf lemma="det" pos="X">det</wf>
         <wf lemma="så" pos="X">så</wf>
         <wf lemma="skidt" pos="X">skidt</wf>
         <wf lemma="," pos="X">,</wf>
         <wf lemma="fordi" pos="X">fordi</wf>
         <wf lemma="man" pos="X">man</wf>
         <wf lemma="bare" pos="X">bare</wf>
         <wf lemma="tror" pos="X">tror</wf>
         <wf lemma="," pos="X">,</wf>
         <wf lemma="man" pos="X">man</wf>
         <wf lemma="fejler" pos="X">fejler</wf>
         <wf lemma="noget" pos="X">noget</wf>
         <wf lemma="." pos="X">.</wf>
      </sentence>
      <sentence id="d000.s966" source="wordnet-danish">
         <wf lemma="Du" pos="X">Du</wf>
         <wf lemma="holdt" pos="X">holdt</wf>
         <wf lemma="en" pos="X">en</wf>
         <wf lemma="virkelig" pos="X">virkelig</wf>
         <wf lemma="god" pos="X">god</wf>
         <wf lemma="prædiken" pos="X">prædiken</wf>
         <wf lemma=";" pos="X">;</wf>
         <wf lemma="det" pos="X">det</wf>
         <wf lemma="var" pos="X">var</wf>
         <wf lemma="over" pos="X">over</wf>
         <instance id="d000.s966.t000" lemma="tema" pos="NOUN">temaet</instance>
         <wf lemma=":" pos="X">:</wf>
         <wf lemma="'" pos="X">'</wf>
         <wf lemma="Den" pos="X">Den</wf>
         <wf lemma="barmhjertige" pos="X">barmhjertige</wf>
         <wf lemma="samaritan'." pos="X">samaritan'.</wf>
      </sentence>
      <sentence id="d000.s967" source="wordnet-danish">
         <wf lemma="lokale" pos="X">lokale</wf>
         <wf lemma="målinger" pos="X">målinger</wf>
         <wf lemma="viser" pos="X">viser</wf>
         <wf lemma="," pos="X">,</wf>
         <wf lemma="at" pos="X">at</wf>
         <wf lemma="vandstanden" pos="X">vandstanden</wf>
         <wf lemma="falder" pos="X">falder</wf>
         <wf lemma="og" pos="X">og</wf>
         <wf lemma="stiger" pos="X">stiger</wf>
         <wf lemma="i" pos="X">i</wf>
         <wf lemma="en" pos="X">en</wf>
         <instance id="d000.s967.t000" lemma="cyklus" pos="NOUN">cyklus</instance>
         <wf lemma="," pos="X">,</wf>
         <wf lemma="der" pos="X">der</wf>
         <wf lemma="varer" pos="X">varer</wf>
         <wf lemma="70" pos="X">70</wf>
         <wf lemma="år" pos="X">år</wf>
         <wf lemma="." pos="X">.</wf>
      </sentence>
      <sentence id="d000.s968" source="wordnet-danish">
         <wf lemma="Jeg" pos="X">Jeg</wf>
         <wf lemma="stod" pos="X">stod</wf>
         <wf lemma="op" pos="X">op</wf>
         <wf lemma="kl." pos="X">kl.</wf>
         <wf lemma="6.30" pos="X">6.30</wf>
         <wf lemma="," pos="X">,</wf>
         <wf lemma="efter" pos="X">efter</wf>
         <wf lemma="at" pos="X">at</wf>
         <instance id="d000.s968.t000" lemma="vækkeur" pos="NOUN">vækkeuret</instance>
         <wf lemma="havde" pos="X">havde</wf>
         <wf lemma="kimet" pos="X">kimet</wf>
         <wf lemma="i" pos="X">i</wf>
         <wf lemma="temmelig" pos="X">temmelig</wf>
         <wf lemma="lang" pos="X">lang</wf>
         <wf lemma="tid" pos="X">tid</wf>
         <wf lemma="." pos="X">.</wf>
      </sentence>
      <sentence id="d000.s969" source="wordnet-danish">
         <wf lemma="Boligforeningerne" pos="X">Boligforeningerne</wf>
         <wf lemma="her" pos="X">her</wf>
         <wf lemma="i" pos="X">i</wf>
         <wf lemma="kommunen" pos="X">kommunen</wf>
         <wf lemma="har" pos="X">har</wf>
         <wf lemma="hele" pos="X">hele</wf>
         <wf lemma="tiden" pos="X">tiden</wf>
         <wf lemma="haft" pos="X">haft</wf>
         <wf lemma="et" pos="X">et</wf>
         <instance id="d000.s969.t000" lemma="princip" pos="NOUN">princip</instance>
         <wf lemma="om" pos="X">om</wf>
         <wf lemma="kun" pos="X">kun</wf>
         <wf lemma="én" pos="X">én</wf>
         <wf lemma="indvandrerfamilie" pos="X">indvandrerfamilie</wf>
         <wf lemma="pr." pos="X">pr.</wf>
         <wf lemma="opgang" pos="X">opgang</wf>
         <wf lemma="." pos="X">.</wf>
      </sentence>
      <sentence id="d000.s970" source="wordnet-danish">
         <wf lemma="En" pos="X">En</wf>
         <instance id="d000.s970.t000" lemma="radikal" pos="NOUN">radikal</instance>
         <wf lemma="fløj" pos="X">fløj</wf>
         <wf lemma="i" pos="X">i</wf>
         <wf lemma="hans" pos="X">hans</wf>
         <wf lemma="parti" pos="X">parti</wf>
         <wf lemma="kræver" pos="X">kræver</wf>
         <wf lemma="mere" pos="X">mere</wf>
         <wf lemma="militær" pos="X">militær</wf>
         <wf lemma="magt" pos="X">magt</wf>
         <wf lemma="sat" pos="X">sat</wf>
         <wf lemma="ind" pos="X">ind</wf>
         <wf lemma="." pos="X">.</wf>
      </sentence>
      <sentence id="d000.s971" source="wordnet-danish">
         <wf lemma="Hun" pos="X">Hun</wf>
         <wf lemma="har" pos="X">har</wf>
         <wf lemma="netop" pos="X">netop</wf>
         <wf lemma="udgivet" pos="X">udgivet</wf>
         <wf lemma="sin" pos="X">sin</wf>
         <wf lemma="første" pos="X">første</wf>
         <wf lemma="LP" pos="X">LP</wf>
         <wf lemma="," pos="X">,</wf>
         <wf lemma="og" pos="X">og</wf>
         <wf lemma="hun" pos="X">hun</wf>
         <wf lemma="er" pos="X">er</wf>
         <wf lemma="i" pos="X">i</wf>
         <wf lemma="gang" pos="X">gang</wf>
         <wf lemma="med" pos="X">med</wf>
         <wf lemma="at" pos="X">at</wf>
         <instance id="d000.s971.t000" lemma="planlægge" pos="VERB">planlægge</instance>
         <wf lemma="sommerens" pos="X">sommerens</wf>
         <wf lemma="koncert-turné" pos="X">koncert-turné</wf>
         <wf lemma="." pos="X">.</wf>
      </sentence>
      <sentence id="d000.s972" source="wordnet-danish">
         <wf lemma="[lyngen" pos="X">[lyngen</wf>
         <wf lemma="gror]" pos="X">gror]</wf>
         <wf lemma="i" pos="X">i</wf>
         <wf lemma="naturen" pos="X">naturen</wf>
         <wf lemma="bedst" pos="X">bedst</wf>
         <wf lemma="på" pos="X">på</wf>
         <wf lemma="de" pos="X">de</wf>
         <wf lemma="brede" pos="X">brede</wf>
         <wf lemma="hedestrækninger" pos="X">hedestrækninger</wf>
         <wf lemma="og" pos="X">og</wf>
         <wf lemma="på" pos="X">på</wf>
         <instance id="d000.s972.t000" lemma="bakke" pos="NOUN">bakker</instance>
         <wf lemma="." pos="X">.</wf>
      </sentence>
      <sentence id="d000.s973" source="wordnet-danish">
         <instance id="d000.s973.t000" lemma="optagelse" pos="NOUN">Optagelserne</instance>
         <wf lemma="til" pos="X">til</wf>
         <wf lemma="'" pos="X">'</wf>
         <wf lemma="Peter" pos="X">Peter</wf>
         <wf lemma="von" pos="X">von</wf>
         <wf lemma="Scholten'" pos="X">Scholten'</wf>
         <wf lemma="startede" pos="X">startede</wf>
         <wf lemma="planmæssigt" pos="X">planmæssigt</wf>
         <wf lemma="i" pos="X">i</wf>
         <wf lemma="sommeren" pos="X">sommeren</wf>
         <wf lemma="'86" pos="X">'86</wf>
         <wf lemma="." pos="X">.</wf>
      </sentence>
      <sentence id="d000.s974" source="wordnet-danish">
         <wf lemma="hun" pos="X">hun</wf>
         <wf lemma="smuttede" pos="X">smuttede</wf>
         <wf lemma="op" pos="X">op</wf>
         <wf lemma="til" pos="X">til</wf>
         <wf lemma="disken" pos="X">disken</wf>
         <wf lemma="og" pos="X">og</wf>
         <instance id="d000.s974.t000" lemma="købe" pos="VERB">købte</instance>
         <wf lemma="sig" pos="X">sig</wf>
         <wf lemma="en" pos="X">en</wf>
         <wf lemma="kold" pos="X">kold</wf>
         <wf lemma="cola" pos="X">cola</wf>
         <wf lemma="." pos="X">.</wf>
      </sentence>
      <sentence id="d000.s975" source="wordnet-danish">
         <wf lemma="[Bohrs]" pos="X">[Bohrs]</wf>
         <wf lemma="forunderlige" pos="X">forunderlige</wf>
         <wf lemma="varme" pos="X">varme</wf>
         <wf lemma="menneskelige" pos="X">menneskelige</wf>
         <wf lemma="egenskaber" pos="X">egenskaber</wf>
         <instance id="d000.s975.t000" lemma="inspirere" pos="VERB">inspirerer</instance>
         <wf lemma="også" pos="X">også</wf>
         <wf lemma="nu" pos="X">nu</wf>
         <wf lemma="gennem" pos="X">gennem</wf>
         <wf lemma="de" pos="X">de</wf>
         <wf lemma="erindringsbøger" pos="X">erindringsbøger</wf>
         <wf lemma="," pos="X">,</wf>
         <wf lemma="som" pos="X">som</wf>
         <wf lemma="i" pos="X">i</wf>
         <wf lemma="disse" pos="X">disse</wf>
         <wf lemma="år" pos="X">år</wf>
         <wf lemma="udkommer" pos="X">udkommer</wf>
         <wf lemma="i" pos="X">i</wf>
         <wf lemma="mange" pos="X">mange</wf>
         <wf lemma="lande" pos="X">lande</wf>
         <wf lemma="." pos="X">.</wf>
      </sentence>
      <sentence id="d000.s976" source="wordnet-danish">
         <wf lemma="En" pos="X">En</wf>
         <wf lemma="solstråle" pos="X">solstråle</wf>
         <wf lemma="spillede" pos="X">spillede</wf>
         <wf lemma="i" pos="X">i</wf>
         <wf lemma="den" pos="X">den</wf>
         <wf lemma="store" pos="X">store</wf>
         <wf lemma="ravkugle" pos="X">ravkugle</wf>
         <wf lemma="," pos="X">,</wf>
         <wf lemma="der" pos="X">der</wf>
         <wf lemma="klar" pos="X">klar</wf>
         <wf lemma="som" pos="X">som</wf>
         <instance id="d000.s976.t000" lemma="krystal" pos="NOUN">krystal</instance>
         <wf lemma="blinkede" pos="X">blinkede</wf>
         <wf lemma="dem" pos="X">dem</wf>
         <wf lemma="i" pos="X">i</wf>
         <wf lemma="møde" pos="X">møde</wf>
         <wf lemma="." pos="X">.</wf>
      </sentence>
      <sentence id="d000.s977" source="wordnet-danish">
         <instance id="d000.s977.t000" lemma="måne" pos="NOUN">Månen</instance>
         <wf lemma="står" pos="X">står</wf>
         <wf lemma="op" pos="X">op</wf>
         <wf lemma="i" pos="X">i</wf>
         <wf lemma="dag" pos="X">dag</wf>
         <wf lemma="kl." pos="X">kl.</wf>
         <wf lemma="20.52" pos="X">20.52</wf>
         <wf lemma="og" pos="X">og</wf>
         <wf lemma="går" pos="X">går</wf>
         <wf lemma="ned" pos="X">ned</wf>
         <wf lemma="i" pos="X">i</wf>
         <wf lemma="morgen" pos="X">morgen</wf>
         <wf lemma="kl." pos="X">kl.</wf>
         <wf lemma="8.43" pos="X">8.43</wf>
         <wf lemma="." pos="X">.</wf>
      </sentence>
      <sentence id="d000.s978" source="wordnet-danish">
         <instance id="d000.s978.t000" lemma="vært" pos="NOUN">Vært</instance>
         <wf lemma="og" pos="X">og</wf>
         <wf lemma="værtinde" pos="X">værtinde</wf>
         <wf lemma="skal" pos="X">skal</wf>
         <wf lemma="huske" pos="X">huske</wf>
         <wf lemma="," pos="X">,</wf>
         <wf lemma="at" pos="X">at</wf>
         <wf lemma="de" pos="X">de</wf>
         <wf lemma="ikke" pos="X">ikke</wf>
         <wf lemma="behøver" pos="X">behøver</wf>
         <wf lemma="at" pos="X">at</wf>
         <wf lemma="bryde" pos="X">bryde</wf>
         <wf lemma="hulkende" pos="X">hulkende</wf>
         <wf lemma="sammen" pos="X">sammen</wf>
         <wf lemma="," pos="X">,</wf>
         <wf lemma="fordi" pos="X">fordi</wf>
         <wf lemma="gæsterne" pos="X">gæsterne</wf>
         <wf lemma="allerede" pos="X">allerede</wf>
         <wf lemma="gik" pos="X">gik</wf>
         <wf lemma="kl." pos="X">kl.</wf>
         <wf lemma="23." pos="X">23.</wf>
      </sentence>
      <sentence id="d000.s979" source="wordnet-danish">
         <wf lemma="Se" pos="X">Se</wf>
         <instance id="d000.s979.t000" lemma="missekat" pos="NOUN">missekatten</instance>
         <wf lemma="!" pos="X">!</wf>
         <wf lemma="Den" pos="X">Den</wf>
         <wf lemma="spidser" pos="X">spidser</wf>
         <wf lemma="øren" pos="X">øren</wf>
         <wf lemma="og" pos="X">og</wf>
         <wf lemma="snuser" pos="X">snuser</wf>
         <wf lemma="." pos="X">.</wf>
         <wf lemma="Den" pos="X">Den</wf>
         <wf lemma="kan" pos="X">kan</wf>
         <wf lemma="lugte" pos="X">lugte</wf>
         <wf lemma="mus" pos="X">mus</wf>
         <wf lemma="." pos="X">.</wf>
         <wf lemma="De" pos="X">De</wf>
         <wf lemma="laver" pos="X">laver</wf>
         <wf lemma="støj" pos="X">støj</wf>
         <wf lemma="bag" pos="X">bag</wf>
         <wf lemma="panelet" pos="X">panelet</wf>
         <wf lemma="." pos="X">.</wf>
      </sentence>
      <sentence id="d000.s980" source="wordnet-danish">
         <wf lemma="Ordet" pos="X">Ordet</wf>
         <wf lemma="'dinosaur'" pos="X">'dinosaur'</wf>
         <wf lemma="er" pos="X">er</wf>
         <wf lemma="af" pos="X">af</wf>
         <wf lemma="græsk" pos="X">græsk</wf>
         <instance id="d000.s980.t000" lemma="oprindelse" pos="NOUN">oprindelse</instance>
         <wf lemma="og" pos="X">og</wf>
         <wf lemma="betyder" pos="X">betyder</wf>
         <wf lemma="'" pos="X">'</wf>
         <wf lemma="frygtindgydende" pos="X">frygtindgydende</wf>
         <wf lemma="stor" pos="X">stor</wf>
         <wf lemma="og" pos="X">og</wf>
         <wf lemma="skrækkelig" pos="X">skrækkelig</wf>
         <wf lemma="øgle'" pos="X">øgle'</wf>
         <wf lemma="." pos="X">.</wf>
      </sentence>
      <sentence id="d000.s981" source="wordnet-danish">
         <wf lemma="Døde" pos="X">Døde</wf>
         <wf lemma="han" pos="X">han</wf>
         <wf lemma="en" pos="X">en</wf>
         <wf lemma="naturlig" pos="X">naturlig</wf>
         <wf lemma="død" pos="X">død</wf>
         <wf lemma="--" pos="X">--</wf>
         <wf lemma="eller" pos="X">eller</wf>
         <wf lemma="er" pos="X">er</wf>
         <wf lemma="der" pos="X">der</wf>
         <wf lemma="uhyggelige" pos="X">uhyggelige</wf>
         <instance id="d000.s981.t000" lemma="kraft" pos="NOUN">kræfter</instance>
         <wf lemma="på" pos="X">på</wf>
         <wf lemma="spil" pos="X">spil</wf>
         <wf lemma="?" pos="X">?</wf>
      </sentence>
      <sentence id="d000.s982" source="wordnet-danish">
         <wf lemma="Købte" pos="X">Købte</wf>
         <wf lemma="Hong" pos="X">Hong</wf>
         <wf lemma="Kong-telefoner" pos="X">Kong-telefoner</wf>
         <wf lemma="for" pos="X">for</wf>
         <wf lemma="20" pos="X">20</wf>
         <wf lemma="kroner" pos="X">kroner</wf>
         <wf lemma="stykket" pos="X">stykket</wf>
         <wf lemma="og" pos="X">og</wf>
         <instance id="d000.s982.t000" lemma="sælge" pos="VERB">solgte</instance>
         <wf lemma="dem" pos="X">dem</wf>
         <wf lemma="for" pos="X">for</wf>
         <wf lemma="200." pos="X">200.</wf>
      </sentence>
      <sentence id="d000.s983" source="wordnet-danish">
         <wf lemma="På" pos="X">På</wf>
         <wf lemma="årets" pos="X">årets</wf>
         <wf lemma="første" pos="X">første</wf>
         <wf lemma="snevejrsdag" pos="X">snevejrsdag</wf>
         <wf lemma="fredag" pos="X">fredag</wf>
         <wf lemma="steg" pos="X">steg</wf>
         <wf lemma="antallet" pos="X">antallet</wf>
         <wf lemma="af" pos="X">af</wf>
         <instance id="d000.s983.t000" lemma="uheld" pos="NOUN">uheld</instance>
         <wf lemma="med" pos="X">med</wf>
         <wf lemma="bulede" pos="X">bulede</wf>
         <wf lemma="biler" pos="X">biler</wf>
         <wf lemma="cirka" pos="X">cirka</wf>
         <wf lemma="en" pos="X">en</wf>
         <wf lemma="fjerdedel" pos="X">fjerdedel</wf>
         <wf lemma="." pos="X">.</wf>
      </sentence>
      <sentence id="d000.s984" source="wordnet-danish">
         <wf lemma="Pighaj" pos="X">Pighaj</wf>
         <instance id="d000.s984.t000" lemma="sælge" pos="VERB">sælges</instance>
         <wf lemma="ofte" pos="X">ofte</wf>
         <wf lemma="under" pos="X">under</wf>
         <wf lemma="navnet" pos="X">navnet</wf>
         <wf lemma="kongeål" pos="X">kongeål</wf>
         <wf lemma="hos" pos="X">hos</wf>
         <wf lemma="fiskehandleren" pos="X">fiskehandleren</wf>
         <wf lemma="." pos="X">.</wf>
      </sentence>
      <sentence id="d000.s985" source="wordnet-danish">
         <wf lemma="Med" pos="X">Med</wf>
         <wf lemma="et" pos="X">et</wf>
         <wf lemma="turpas" pos="X">turpas</wf>
         <wf lemma="[" pos="X">[</wf>
         <wf lemma=":" pos="X">:</wf>
         <wf lemma="til" pos="X">til</wf>
         <wf lemma="Tivoli]" pos="X">Tivoli]</wf>
         <wf lemma="kan" pos="X">kan</wf>
         <wf lemma="man" pos="X">man</wf>
         <wf lemma="benytte" pos="X">benytte</wf>
         <wf lemma="alle" pos="X">alle</wf>
         <wf lemma="kørende" pos="X">kørende</wf>
         <instance id="d000.s985.t000" lemma="forlystelse" pos="NOUN">forlystelser</instance>
         <wf lemma="hele" pos="X">hele</wf>
         <wf lemma="dagen" pos="X">dagen</wf>
         <wf lemma="." pos="X">.</wf>
      </sentence>
      <sentence id="d000.s986" source="wordnet-danish">
         <instance id="d000.s986.t000" lemma="kærlighed" pos="NOUN">Kærlighed</instance>
         <wf lemma="er" pos="X">er</wf>
         <wf lemma="at" pos="X">at</wf>
         <wf lemma="lytte" pos="X">lytte</wf>
         <wf lemma="," pos="X">,</wf>
         <wf lemma="at" pos="X">at</wf>
         <wf lemma="finde" pos="X">finde</wf>
         <wf lemma="medmennesket" pos="X">medmennesket</wf>
         <wf lemma="," pos="X">,</wf>
         <wf lemma="hvor" pos="X">hvor</wf>
         <wf lemma="det" pos="X">det</wf>
         <wf lemma="står" pos="X">står</wf>
         <wf lemma="--" pos="X">--</wf>
         <wf lemma="at" pos="X">at</wf>
         <wf lemma="vise" pos="X">vise</wf>
         <wf lemma="finfølelse" pos="X">finfølelse</wf>
         <wf lemma="og" pos="X">og</wf>
         <wf lemma="respekt" pos="X">respekt</wf>
         <wf lemma="." pos="X">.</wf>
      </sentence>
      <sentence id="d000.s987" source="wordnet-danish">
         <wf lemma="Gråspurvene" pos="X">Gråspurvene</wf>
         <wf lemma="holder" pos="X">holder</wf>
         <wf lemma="hus" pos="X">hus</wf>
         <wf lemma="i" pos="X">i</wf>
         <wf lemma="buskene" pos="X">buskene</wf>
         <wf lemma="." pos="X">.</wf>
         <wf lemma="Vildgæssene" pos="X">Vildgæssene</wf>
         <wf lemma="trækker" pos="X">trækker</wf>
         <wf lemma="i" pos="X">i</wf>
         <wf lemma="kile" pos="X">kile</wf>
         <wf lemma="over" pos="X">over</wf>
         <wf lemma="himlen" pos="X">himlen</wf>
         <wf lemma="." pos="X">.</wf>
         <wf lemma="Det" pos="X">Det</wf>
         <wf lemma="er" pos="X">er</wf>
         <instance id="d000.s987.t000" lemma="vår" pos="NOUN">vår</instance>
         <wf lemma="." pos="X">.</wf>
      </sentence>
      <sentence id="d000.s988" source="wordnet-danish">
         <wf lemma="der" pos="X">der</wf>
         <wf lemma="[finder]" pos="X">[finder]</wf>
         <wf lemma="en" pos="X">en</wf>
         <wf lemma="betydelig" pos="X">betydelig</wf>
         <wf lemma="stofhandel" pos="X">stofhandel</wf>
         <wf lemma="sted" pos="X">sted</wf>
         <wf lemma="," pos="X">,</wf>
         <wf lemma="især" pos="X">især</wf>
         <wf lemma="i" pos="X">i</wf>
         <wf lemma="de" pos="X">de</wf>
         <wf lemma="større" pos="X">større</wf>
         <wf lemma="lukkede" pos="X">lukkede</wf>
         <instance id="d000.s988.t000" lemma="anstalt" pos="NOUN">anstalter</instance>
         <wf lemma="." pos="X">.</wf>
      </sentence>
      <sentence id="d000.s989" source="wordnet-danish">
         <wf lemma="sagen" pos="X">sagen</wf>
         <wf lemma="hører" pos="X">hører</wf>
         <wf lemma="under" pos="X">under</wf>
         <wf lemma="dansk" pos="X">dansk</wf>
         <instance id="d000.s989.t000" lemma="jurisdiktion" pos="NOUN">jurisdiktion</instance>
         <wf lemma="," pos="X">,</wf>
         <wf lemma="fordi" pos="X">fordi</wf>
         <wf lemma="aftalen" pos="X">aftalen</wf>
         <wf lemma="om" pos="X">om</wf>
         <wf lemma="transporterne" pos="X">transporterne</wf>
         <wf lemma="mellem" pos="X">mellem</wf>
         <wf lemma="de" pos="X">de</wf>
         <wf lemma="to" pos="X">to</wf>
         <wf lemma="lande" pos="X">lande</wf>
         <wf lemma="blev" pos="X">blev</wf>
         <wf lemma="indgået" pos="X">indgået</wf>
         <wf lemma="på" pos="X">på</wf>
         <wf lemma="et" pos="X">et</wf>
         <wf lemma="hotel" pos="X">hotel</wf>
         <wf lemma="i" pos="X">i</wf>
         <wf lemma="København" pos="X">København</wf>
         <wf lemma="." pos="X">.</wf>
      </sentence>
      <sentence id="d000.s990" source="wordnet-danish">
         <wf lemma="Nye" pos="X">Nye</wf>
         <wf lemma="våben" pos="X">våben</wf>
         <wf lemma="," pos="X">,</wf>
         <wf lemma="andre" pos="X">andre</wf>
         <wf lemma="radio-typer" pos="X">radio-typer</wf>
         <wf lemma="samt" pos="X">samt</wf>
         <wf lemma="overnatningsudstyr" pos="X">overnatningsudstyr</wf>
         <wf lemma="og" pos="X">og</wf>
         <wf lemma="køretøjer" pos="X">køretøjer</wf>
         <wf lemma="er" pos="X">er</wf>
         <wf lemma="en" pos="X">en</wf>
         <wf lemma="del" pos="X">del</wf>
         <wf lemma="af" pos="X">af</wf>
         <wf lemma="forsvarets" pos="X">forsvarets</wf>
         <wf lemma="ny" pos="X">ny</wf>
         <instance id="d000.s990.t000" lemma="udrustning" pos="NOUN">udrustning</instance>
         <wf lemma="." pos="X">.</wf>
      </sentence>
      <sentence id="d000.s991" source="wordnet-danish">
         <wf lemma="Han" pos="X">Han</wf>
         <wf lemma="var" pos="X">var</wf>
         <wf lemma="iført" pos="X">iført</wf>
         <wf lemma="det" pos="X">det</wf>
         <wf lemma="nye" pos="X">nye</wf>
         <wf lemma="tøj" pos="X">tøj</wf>
         <wf lemma="og" pos="X">og</wf>
         <wf lemma="gik" pos="X">gik</wf>
         <wf lemma="uden" pos="X">uden</wf>
         <wf lemma="tøven" pos="X">tøven</wf>
         <wf lemma="over" pos="X">over</wf>
         <instance id="d000.s991.t000" lemma="fodgængerovergang" pos="NOUN">fodgængerovergangen</instance>
         <wf lemma="," pos="X">,</wf>
         <wf lemma="selv" pos="X">selv</wf>
         <wf lemma="om" pos="X">om</wf>
         <wf lemma="der" pos="X">der</wf>
         <wf lemma="var" pos="X">var</wf>
         <wf lemma="rødt" pos="X">rødt</wf>
         <wf lemma="lys" pos="X">lys</wf>
         <wf lemma="." pos="X">.</wf>
      </sentence>
      <sentence id="d000.s992" source="wordnet-danish">
         <wf lemma="Rumgeometrien" pos="X">Rumgeometrien</wf>
         <wf lemma="beskæftiger" pos="X">beskæftiger</wf>
         <wf lemma="sig" pos="X">sig</wf>
         <wf lemma="med" pos="X">med</wf>
         <instance id="d000.s992.t000" lemma="rumlig" pos="ADJ">rumlige</instance>
         <wf lemma="figurer" pos="X">figurer</wf>
         <wf lemma="som" pos="X">som</wf>
         <wf lemma="kugler" pos="X">kugler</wf>
         <wf lemma="og" pos="X">og</wf>
         <wf lemma="terninger" pos="X">terninger</wf>
         <wf lemma="." pos="X">.</wf>
      </sentence>
      <sentence id="d000.s993" source="wordnet-danish">
         <wf lemma="en" pos="X">en</wf>
         <wf lemma="teskefuld" pos="X">teskefuld</wf>
         <wf lemma="med" pos="X">med</wf>
         <instance id="d000.s993.t000" lemma="top" pos="NOUN">top</instance>
         <wf lemma="indeholder" pos="X">indeholder</wf>
         <wf lemma="ca." pos="X">ca.</wf>
         <wf lemma="5" pos="X">5</wf>
         <wf lemma="g." pos="X">g.</wf>
      </sentence>
      <sentence id="d000.s994" source="wordnet-danish">
         <wf lemma="Mere" pos="X">Mere</wf>
         <wf lemma="lagkage" pos="X">lagkage</wf>
         <wf lemma="?" pos="X">?</wf>
         <wf lemma="-" pos="X">-</wf>
         <wf lemma="-" pos="X">-</wf>
         <wf lemma="Jeg" pos="X">Jeg</wf>
         <instance id="d000.s994.t000" lemma="kunne" pos="VERB">kan</instance>
         <wf lemma="ikke" pos="X">ikke</wf>
         <wf lemma="mere" pos="X">mere</wf>
         <wf lemma="," pos="X">,</wf>
         <wf lemma="jeg" pos="X">jeg</wf>
         <wf lemma="må" pos="X">må</wf>
         <wf lemma="jo" pos="X">jo</wf>
         <wf lemma="også" pos="X">også</wf>
         <wf lemma="passe" pos="X">passe</wf>
         <wf lemma="på" pos="X">på</wf>
         <wf lemma="vægten" pos="X">vægten</wf>
         <wf lemma="." pos="X">.</wf>
      </sentence>
      <sentence id="d000.s995" source="wordnet-danish">
         <wf lemma="de" pos="X">de</wf>
         <wf lemma="ansvarlige" pos="X">ansvarlige</wf>
         <wf lemma="personer" pos="X">personer</wf>
         <wf lemma="er" pos="X">er</wf>
         <wf lemma="for" pos="X">for</wf>
         <wf lemma="unge" pos="X">unge</wf>
         <wf lemma="af" pos="X">af</wf>
         <instance id="d000.s995.t000" lemma="levealder" pos="NOUN">levealder</instance>
         <wf lemma="til" pos="X">til</wf>
         <wf lemma="at" pos="X">at</wf>
         <wf lemma="vide" pos="X">vide</wf>
         <wf lemma="noget" pos="X">noget</wf>
         <wf lemma="som" pos="X">som</wf>
         <wf lemma="helst" pos="X">helst</wf>
         <wf lemma="om" pos="X">om</wf>
         <wf lemma="dette" pos="X">dette</wf>
         <wf lemma="problem" pos="X">problem</wf>
         <wf lemma="." pos="X">.</wf>
      </sentence>
      <sentence id="d000.s996" source="wordnet-danish">
         <wf lemma="Mere" pos="X">Mere</wf>
         <wf lemma="betænkeligt" pos="X">betænkeligt</wf>
         <wf lemma="er" pos="X">er</wf>
         <wf lemma="det" pos="X">det</wf>
         <wf lemma="," pos="X">,</wf>
         <wf lemma="når" pos="X">når</wf>
         <wf lemma="en" pos="X">en</wf>
         <wf lemma="alternativ" pos="X">alternativ</wf>
         <wf lemma="behandler" pos="X">behandler</wf>
         <wf lemma="påstår" pos="X">påstår</wf>
         <wf lemma="at" pos="X">at</wf>
         <wf lemma="kunne" pos="X">kunne</wf>
         <instance id="d000.s996.t000" lemma="helbrede" pos="VERB">helbrede</instance>
         <wf lemma="en" pos="X">en</wf>
         <wf lemma="alvorlig" pos="X">alvorlig</wf>
         <wf lemma="måske" pos="X">måske</wf>
         <wf lemma="livsfarlig" pos="X">livsfarlig</wf>
         <wf lemma="sygdom" pos="X">sygdom</wf>
         <wf lemma="." pos="X">.</wf>
      </sentence>
      <sentence id="d000.s997" source="wordnet-danish">
         <wf lemma="middelalderens" pos="X">middelalderens</wf>
         <wf lemma="italienske" pos="X">italienske</wf>
         <instance id="d000.s997.t000" lemma="købmand" pos="NOUN">købmænd</instance>
         <wf lemma="lavede" pos="X">lavede</wf>
         <wf lemma="omfattende" pos="X">omfattende</wf>
         <wf lemma="aftaler" pos="X">aftaler</wf>
         <wf lemma="om" pos="X">om</wf>
         <wf lemma="gensidig" pos="X">gensidig</wf>
         <wf lemma="hjælp" pos="X">hjælp</wf>
         <wf lemma="ved" pos="X">ved</wf>
         <wf lemma="skibsforlis" pos="X">skibsforlis</wf>
         <wf lemma="eller" pos="X">eller</wf>
         <wf lemma="ved" pos="X">ved</wf>
         <wf lemma="overfald" pos="X">overfald</wf>
         <wf lemma="fra" pos="X">fra</wf>
         <wf lemma="sørøvere" pos="X">sørøvere</wf>
         <wf lemma="." pos="X">.</wf>
      </sentence>
      <sentence id="d000.s998" source="wordnet-danish">
         <wf lemma="Peter" pos="X">Peter</wf>
         <wf lemma="bruger" pos="X">bruger</wf>
         <wf lemma="alle" pos="X">alle</wf>
         <wf lemma="sine" pos="X">sine</wf>
         <wf lemma="penge" pos="X">penge</wf>
         <wf lemma="til" pos="X">til</wf>
         <wf lemma="at" pos="X">at</wf>
         <instance id="d000.s998.t000" lemma="købe" pos="VERB">købe</instance>
         <wf lemma="bøger" pos="X">bøger</wf>
         <wf lemma="for" pos="X">for</wf>
         <wf lemma="." pos="X">.</wf>
      </sentence>
      <sentence id="d000.s999" source="wordnet-danish">
         <wf lemma="Frederiksberg" pos="X">Frederiksberg</wf>
         <wf lemma="Allé" pos="X">Allé</wf>
         <wf lemma=".." pos="X">..</wf>
         <wf lemma="er" pos="X">er</wf>
         <wf lemma="en" pos="X">en</wf>
         <wf lemma="stærkt" pos="X">stærkt</wf>
         <wf lemma="befærdet" pos="X">befærdet</wf>
         <instance id="d000.s999.t000" lemma="gade" pos="NOUN">gade</instance>
         <wf lemma="," pos="X">,</wf>
         <wf lemma="hvor" pos="X">hvor</wf>
         <wf lemma="de" pos="X">de</wf>
         <wf lemma="pæne" pos="X">pæne</wf>
         <wf lemma="borgere" pos="X">borgere</wf>
         <wf lemma="lufter" pos="X">lufter</wf>
         <wf lemma="hunde" pos="X">hunde</wf>
         <wf lemma="og" pos="X">og</wf>
         <wf lemma="strømmer" pos="X">strømmer</wf>
         <wf lemma="til" pos="X">til</wf>
         <wf lemma="," pos="X">,</wf>
         <wf lemma="for" pos="X">for</wf>
         <wf lemma="at" pos="X">at</wf>
         <wf lemma="besøge" pos="X">besøge</wf>
         <wf lemma="de" pos="X">de</wf>
         <wf lemma="mange" pos="X">mange</wf>
         <wf lemma="teatre" pos="X">teatre</wf>
         <wf lemma="." pos="X">.</wf>
      </sentence>
      <sentence id="d000.s1000" source="wordnet-danish">
         <wf lemma="Han" pos="X">Han</wf>
         <wf lemma="lod" pos="X">lod</wf>
         <wf lemma=".." pos="X">..</wf>
         <wf lemma="til" pos="X">til</wf>
         <wf lemma="at" pos="X">at</wf>
         <wf lemma="nyde" pos="X">nyde</wf>
         <wf lemma="den" pos="X">den</wf>
         <wf lemma="hakkebøf" pos="X">hakkebøf</wf>
         <wf lemma="og" pos="X">og</wf>
         <wf lemma="færdigkøbte" pos="X">færdigkøbte</wf>
         <wf lemma="is" pos="X">is</wf>
         <wf lemma="," pos="X">,</wf>
         <wf lemma="hun" pos="X">hun</wf>
         <instance id="d000.s1000.t000" lemma="servere" pos="VERB">serverede</instance>
         <wf lemma="for" pos="X">for</wf>
         <wf lemma="ham" pos="X">ham</wf>
         <wf lemma="." pos="X">.</wf>
      </sentence>
      <sentence id="d000.s1001" source="wordnet-danish">
         <wf lemma="Som" pos="X">Som</wf>
         <wf lemma="ung" pos="X">ung</wf>
         <wf lemma="mand" pos="X">mand</wf>
         <wf lemma="måtte" pos="X">måtte</wf>
         <wf lemma="han" pos="X">han</wf>
         <instance id="d000.s1001.t000" lemma="afbryde" pos="VERB">afbryde</instance>
         <wf lemma="sine" pos="X">sine</wf>
         <wf lemma="studier" pos="X">studier</wf>
         <wf lemma="i" pos="X">i</wf>
         <wf lemma="Oxford" pos="X">Oxford</wf>
         <wf lemma="," pos="X">,</wf>
         <wf lemma="fordi" pos="X">fordi</wf>
         <wf lemma="han" pos="X">han</wf>
         <wf lemma="ikke" pos="X">ikke</wf>
         <wf lemma="havde" pos="X">havde</wf>
         <wf lemma="råd" pos="X">råd</wf>
         <wf lemma="til" pos="X">til</wf>
         <wf lemma="mad" pos="X">mad</wf>
         <wf lemma="og" pos="X">og</wf>
         <wf lemma="klæder" pos="X">klæder</wf>
         <wf lemma="." pos="X">.</wf>
      </sentence>
      <sentence id="d000.s1002" source="wordnet-danish">
         <wf lemma="AIDS" pos="X">AIDS</wf>
         <instance id="d000.s1002.t000" lemma="rydde" pos="VERB">rydder</instance>
         <wf lemma="kontorer" pos="X">kontorer</wf>
         <wf lemma="i" pos="X">i</wf>
         <wf lemma="mange" pos="X">mange</wf>
         <wf lemma="afrikanske" pos="X">afrikanske</wf>
         <wf lemma="lande" pos="X">lande</wf>
         <wf lemma="." pos="X">.</wf>
      </sentence>
      <sentence id="d000.s1003" source="wordnet-danish">
         <instance id="d000.s1003.t000" lemma="tyktarm" pos="NOUN">Tyktarmen</instance>
         <wf lemma="," pos="X">,</wf>
         <wf lemma="som" pos="X">som</wf>
         <wf lemma="er" pos="X">er</wf>
         <wf lemma="halvanden" pos="X">halvanden</wf>
         <wf lemma="meter" pos="X">meter</wf>
         <wf lemma="lang" pos="X">lang</wf>
         <wf lemma="," pos="X">,</wf>
         <wf lemma="er" pos="X">er</wf>
         <wf lemma="det" pos="X">det</wf>
         <wf lemma="tarmafsnit" pos="X">tarmafsnit</wf>
         <wf lemma="," pos="X">,</wf>
         <wf lemma="der" pos="X">der</wf>
         <wf lemma="hyppigst" pos="X">hyppigst</wf>
         <wf lemma="rammes" pos="X">rammes</wf>
         <wf lemma="af" pos="X">af</wf>
         <wf lemma="kræft" pos="X">kræft</wf>
         <wf lemma="." pos="X">.</wf>
      </sentence>
      <sentence id="d000.s1004" source="wordnet-danish">
         <wf lemma="Er" pos="X">Er</wf>
         <wf lemma="du" pos="X">du</wf>
         <wf lemma="part" pos="X">part</wf>
         <wf lemma="i" pos="X">i</wf>
         <wf lemma="en" pos="X">en</wf>
         <wf lemma="sag" pos="X">sag</wf>
         <wf lemma="," pos="X">,</wf>
         <wf lemma="kan" pos="X">kan</wf>
         <wf lemma="du" pos="X">du</wf>
         <wf lemma="på" pos="X">på</wf>
         <wf lemma="ethvert" pos="X">ethvert</wf>
         <wf lemma="tidspunkt" pos="X">tidspunkt</wf>
         <wf lemma="af" pos="X">af</wf>
         <wf lemma="sagens" pos="X">sagens</wf>
         <wf lemma="behandling" pos="X">behandling</wf>
         <wf lemma="lade" pos="X">lade</wf>
         <wf lemma="dig" pos="X">dig</wf>
         <instance id="d000.s1004.t000" lemma="repræsentere" pos="VERB">repræsentere</instance>
         <wf lemma="eller" pos="X">eller</wf>
         <wf lemma="bistå" pos="X">bistå</wf>
         <wf lemma="af" pos="X">af</wf>
         <wf lemma="andre" pos="X">andre</wf>
         <wf lemma="." pos="X">.</wf>
      </sentence>
      <sentence id="d000.s1005" source="wordnet-danish">
         <wf lemma="Staten" pos="X">Staten</wf>
         <wf lemma="yder" pos="X">yder</wf>
         <wf lemma="et" pos="X">et</wf>
         <wf lemma="bidrag" pos="X">bidrag</wf>
         <wf lemma="til" pos="X">til</wf>
         <instance id="d000.s1005.t000" lemma="betaling" pos="NOUN">betaling</instance>
         <wf lemma="af" pos="X">af</wf>
         <wf lemma="timelønnen" pos="X">timelønnen</wf>
         <wf lemma="til" pos="X">til</wf>
         <wf lemma="de" pos="X">de</wf>
         <wf lemma="arbejdsgivere" pos="X">arbejdsgivere</wf>
         <wf lemma="," pos="X">,</wf>
         <wf lemma="der" pos="X">der</wf>
         <wf lemma="antager" pos="X">antager</wf>
         <wf lemma="langtidsledige" pos="X">langtidsledige</wf>
         <wf lemma="." pos="X">.</wf>
      </sentence>
      <sentence id="d000.s1006" source="wordnet-danish">
         <wf lemma="Siden" pos="X">Siden</wf>
         <wf lemma="ungdomsoprøret" pos="X">ungdomsoprøret</wf>
         <wf lemma="i" pos="X">i</wf>
         <wf lemma="'68" pos="X">'68</wf>
         <wf lemma="har" pos="X">har</wf>
         <instance id="d000.s1006.t000" lemma="ungdom" pos="NOUN">ungdommen</instance>
         <wf lemma="traditionelt" pos="X">traditionelt</wf>
         <wf lemma="stemt" pos="X">stemt</wf>
         <wf lemma="til" pos="X">til</wf>
         <wf lemma="venstre" pos="X">venstre</wf>
         <wf lemma="for" pos="X">for</wf>
         <wf lemma="midten" pos="X">midten</wf>
         <wf lemma="." pos="X">.</wf>
      </sentence>
      <sentence id="d000.s1007" source="wordnet-danish">
         <wf lemma="ifølge" pos="X">ifølge</wf>
         <wf lemma="byens" pos="X">byens</wf>
         <wf lemma="love" pos="X">love</wf>
         <wf lemma="skulle" pos="X">skulle</wf>
         <wf lemma="[der]" pos="X">[der]</wf>
         <wf lemma="udpeges" pos="X">udpeges</wf>
         <instance id="d000.s1007.t000" lemma="formynder" pos="NOUN">formyndere</instance>
         <wf lemma="for" pos="X">for</wf>
         <wf lemma="den" pos="X">den</wf>
         <wf lemma="faderløse" pos="X">faderløse</wf>
         <wf lemma="dreng" pos="X">dreng</wf>
         <wf lemma="." pos="X">.</wf>
      </sentence>
      <sentence id="d000.s1008" source="wordnet-danish">
         <wf lemma="Når" pos="X">Når</wf>
         <wf lemma="lagkagen" pos="X">lagkagen</wf>
         <wf lemma="skal" pos="X">skal</wf>
         <instance id="d000.s1008.t000" lemma="dele" pos="VERB">deles</instance>
         <wf lemma="ved" pos="X">ved</wf>
         <wf lemma="børnefødselsdagen" pos="X">børnefødselsdagen</wf>
         <wf lemma="," pos="X">,</wf>
         <wf lemma="gælder" pos="X">gælder</wf>
         <wf lemma="det" pos="X">det</wf>
         <wf lemma="om" pos="X">om</wf>
         <wf lemma="at" pos="X">at</wf>
         <wf lemma="dele" pos="X">dele</wf>
         <wf lemma="den" pos="X">den</wf>
         <wf lemma="i" pos="X">i</wf>
         <wf lemma="lige" pos="X">lige</wf>
         <wf lemma="store" pos="X">store</wf>
         <wf lemma="stykker" pos="X">stykker</wf>
         <wf lemma="." pos="X">.</wf>
      </sentence>
      <sentence id="d000.s1009" source="wordnet-danish">
         <wf lemma="I" pos="X">I</wf>
         <wf lemma="Rom" pos="X">Rom</wf>
         <wf lemma="lavede" pos="X">lavede</wf>
         <wf lemma="hun" pos="X">hun</wf>
         <wf lemma="turens" pos="X">turens</wf>
         <wf lemma="største" pos="X">største</wf>
         <instance id="d000.s1009.t000" lemma="bommert" pos="NOUN">bommert</instance>
         <wf lemma="ved" pos="X">ved</wf>
         <wf lemma="i" pos="X">i</wf>
         <wf lemma="Peterskirken" pos="X">Peterskirken</wf>
         <wf lemma="under" pos="X">under</wf>
         <wf lemma="søndagshøjmessen" pos="X">søndagshøjmessen</wf>
         <wf lemma="at" pos="X">at</wf>
         <wf lemma="spørge" pos="X">spørge</wf>
         <wf lemma="en" pos="X">en</wf>
         <wf lemma="katolsk" pos="X">katolsk</wf>
         <wf lemma="præst" pos="X">præst</wf>
         <wf lemma=":" pos="X">:</wf>
         <wf lemma="'" pos="X">'</wf>
         <wf lemma="What" pos="X">What</wf>
         <wf lemma="happens" pos="X">happens</wf>
         <wf lemma="after" pos="X">after</wf>
         <wf lemma="this" pos="X">this</wf>
         <wf lemma="mess" pos="X">mess</wf>
         <wf lemma="?'." pos="X">?'.</wf>
      </sentence>
      <sentence id="d000.s1010" source="wordnet-danish">
         <wf lemma="Paven" pos="X">Paven</wf>
         <wf lemma="overlevede" pos="X">overlevede</wf>
         <wf lemma="kun" pos="X">kun</wf>
         <wf lemma="fordi" pos="X">fordi</wf>
         <wf lemma="kuglerne" pos="X">kuglerne</wf>
         <wf lemma="gik" pos="X">gik</wf>
         <wf lemma="lige" pos="X">lige</wf>
         <wf lemma="igennem" pos="X">igennem</wf>
         <wf lemma="ham" pos="X">ham</wf>
         <wf lemma="," pos="X">,</wf>
         <wf lemma="uden" pos="X">uden</wf>
         <wf lemma="at" pos="X">at</wf>
         <wf lemma="skade" pos="X">skade</wf>
         <instance id="d000.s1010.t000" lemma="vital" pos="ADJ">vitale</instance>
         <wf lemma="organer" pos="X">organer</wf>
         <wf lemma="." pos="X">.</wf>
      </sentence>
      <sentence id="d000.s1011" source="wordnet-danish">
         <wf lemma="Hvis" pos="X">Hvis</wf>
         <wf lemma="vejen" pos="X">vejen</wf>
         <wf lemma="er" pos="X">er</wf>
         <wf lemma="privat" pos="X">privat</wf>
         <wf lemma="," pos="X">,</wf>
         <wf lemma="har" pos="X">har</wf>
         <instance id="d000.s1011.t000" lemma="grundejer" pos="NOUN">grundejeren</instance>
         <wf lemma="pligt" pos="X">pligt</wf>
         <wf lemma="til" pos="X">til</wf>
         <wf lemma="at" pos="X">at</wf>
         <wf lemma="rydde" pos="X">rydde</wf>
         <wf lemma="for" pos="X">for</wf>
         <wf lemma="sne" pos="X">sne</wf>
         <wf lemma="ud" pos="X">ud</wf>
         <wf lemma="til" pos="X">til</wf>
         <wf lemma="midten" pos="X">midten</wf>
         <wf lemma="af" pos="X">af</wf>
         <wf lemma="kørebanen" pos="X">kørebanen</wf>
         <wf lemma="." pos="X">.</wf>
      </sentence>
      <sentence id="d000.s1012" source="wordnet-danish">
         <wf lemma="Jalousi" pos="X">Jalousi</wf>
         <wf lemma="er" pos="X">er</wf>
         <wf lemma=".." pos="X">..</wf>
         <wf lemma="en" pos="X">en</wf>
         <wf lemma="følelse" pos="X">følelse</wf>
         <wf lemma="," pos="X">,</wf>
         <wf lemma="der" pos="X">der</wf>
         <wf lemma="kan" pos="X">kan</wf>
         <wf lemma="pine" pos="X">pine</wf>
         <wf lemma="," pos="X">,</wf>
         <wf lemma="plage" pos="X">plage</wf>
         <wf lemma="og" pos="X">og</wf>
         <instance id="d000.s1012.t000" lemma="undergrave" pos="VERB">undergrave</instance>
         <wf lemma="et" pos="X">et</wf>
         <wf lemma="menneske" pos="X">menneske</wf>
         <wf lemma="." pos="X">.</wf>
      </sentence>
      <sentence id="d000.s1013" source="wordnet-danish">
         <wf lemma="Bydelen" pos="X">Bydelen</wf>
         <wf lemma=".." pos="X">..</wf>
         <wf lemma="er" pos="X">er</wf>
         <wf lemma="en" pos="X">en</wf>
         <instance id="d000.s1013.t000" lemma="labyrint" pos="NOUN">labyrint</instance>
         <wf lemma="af" pos="X">af</wf>
         <wf lemma="smalle" pos="X">smalle</wf>
         <wf lemma="gader" pos="X">gader</wf>
         <wf lemma="med" pos="X">med</wf>
         <wf lemma="minder" pos="X">minder</wf>
         <wf lemma="fra" pos="X">fra</wf>
         <wf lemma="goternes" pos="X">goternes</wf>
         <wf lemma="og" pos="X">og</wf>
         <wf lemma="arabernes" pos="X">arabernes</wf>
         <wf lemma="tid" pos="X">tid</wf>
         <wf lemma="." pos="X">.</wf>
      </sentence>
      <sentence id="d000.s1014" source="wordnet-danish">
         <wf lemma="prøv" pos="X">prøv</wf>
         <wf lemma="at" pos="X">at</wf>
         <wf lemma="se" pos="X">se</wf>
         <wf lemma="i" pos="X">i</wf>
         <wf lemma="spejlet" pos="X">spejlet</wf>
         <wf lemma="en" pos="X">en</wf>
         <wf lemma="gang" pos="X">gang</wf>
         <wf lemma="," pos="X">,</wf>
         <wf lemma="jeg" pos="X">jeg</wf>
         <wf lemma="tror" pos="X">tror</wf>
         <wf lemma="det" pos="X">det</wf>
         <wf lemma="er" pos="X">er</wf>
         <wf lemma="en" pos="X">en</wf>
         <wf lemma="helt" pos="X">helt</wf>
         <wf lemma="rigtig" pos="X">rigtig</wf>
         <instance id="d000.s1014.t000" lemma="buk" pos="NOUN">buks</instance>
         <wf lemma="til" pos="X">til</wf>
         <wf lemma="Dem" pos="X">Dem</wf>
         <wf lemma="!" pos="X">!</wf>
      </sentence>
      <sentence id="d000.s1015" source="wordnet-danish">
         <wf lemma="Jeg" pos="X">Jeg</wf>
         <wf lemma="læser" pos="X">læser</wf>
         <wf lemma="og" pos="X">og</wf>
         <wf lemma="synger" pos="X">synger</wf>
         <wf lemma="altid" pos="X">altid</wf>
         <wf lemma="lidt" pos="X">lidt</wf>
         <wf lemma="[" pos="X">[</wf>
         <wf lemma=":" pos="X">:</wf>
         <wf lemma="for" pos="X">for</wf>
         <wf lemma="min" pos="X">min</wf>
         <wf lemma="datter]" pos="X">datter]</wf>
         <wf lemma="," pos="X">,</wf>
         <wf lemma="så" pos="X">så</wf>
         <wf lemma="er" pos="X">er</wf>
         <wf lemma="kl." pos="X">kl.</wf>
         <wf lemma="ca." pos="X">ca.</wf>
         <wf lemma="21" pos="X">21</wf>
         <wf lemma="og" pos="X">og</wf>
         <wf lemma="resten" pos="X">resten</wf>
         <wf lemma="af" pos="X">af</wf>
         <instance id="d000.s1015.t000" lemma="aften" pos="NOUN">aftenen</instance>
         <wf lemma="er" pos="X">er</wf>
         <wf lemma="min" pos="X">min</wf>
         <wf lemma="." pos="X">.</wf>
      </sentence>
      <sentence id="d000.s1016" source="wordnet-danish">
         <wf lemma="Aftenposten" pos="X">Aftenposten</wf>
         <wf lemma="anslår" pos="X">anslår</wf>
         <wf lemma="prisen" pos="X">prisen</wf>
         <wf lemma="på" pos="X">på</wf>
         <wf lemma="et" pos="X">et</wf>
         <wf lemma="ordentligt" pos="X">ordentligt</wf>
         <wf lemma="," pos="X">,</wf>
         <instance id="d000.s1016.t000" lemma="traditionel" pos="ADJ">traditionelt</instance>
         <wf lemma="japansk" pos="X">japansk</wf>
         <wf lemma="bryllup" pos="X">bryllup</wf>
         <wf lemma="til" pos="X">til</wf>
         <wf lemma="et" pos="X">et</wf>
         <wf lemma="par" pos="X">par</wf>
         <wf lemma="hundrede" pos="X">hundrede</wf>
         <wf lemma="tusinde" pos="X">tusinde</wf>
         <wf lemma="kroner" pos="X">kroner</wf>
         <wf lemma="." pos="X">.</wf>
      </sentence>
      <sentence id="d000.s1017" source="wordnet-danish">
         <wf lemma="Under" pos="X">Under</wf>
         <instance id="d000.s1017.t000" lemma="indtryk" pos="NOUN">indtryk</instance>
         <wf lemma="af" pos="X">af</wf>
         <wf lemma="nederlaget" pos="X">nederlaget</wf>
         <wf lemma="forsøgte" pos="X">forsøgte</wf>
         <wf lemma="Grundtvig" pos="X">Grundtvig</wf>
         <wf lemma="at" pos="X">at</wf>
         <wf lemma="prædike" pos="X">prædike</wf>
         <wf lemma="en" pos="X">en</wf>
         <wf lemma="national" pos="X">national</wf>
         <wf lemma="genopvågnen" pos="X">genopvågnen</wf>
         <wf lemma="." pos="X">.</wf>
      </sentence>
      <sentence id="d000.s1018" source="wordnet-danish">
         <wf lemma="Temperaturen" pos="X">Temperaturen</wf>
         <wf lemma="når" pos="X">når</wf>
         <wf lemma="ned" pos="X">ned</wf>
         <wf lemma="mellem" pos="X">mellem</wf>
         <wf lemma="0" pos="X">0</wf>
         <wf lemma="og" pos="X">og</wf>
         <wf lemma="5" pos="X">5</wf>
         <wf lemma="grader" pos="X">grader</wf>
         <wf lemma="," pos="X">,</wf>
         <instance id="d000.s1018.t000" lemma="kold" pos="ADJ">koldest</instance>
         <wf lemma="i" pos="X">i</wf>
         <wf lemma="Nordjylland" pos="X">Nordjylland</wf>
         <wf lemma="." pos="X">.</wf>
      </sentence>
      <sentence id="d000.s1019" source="wordnet-danish">
         <wf lemma="Regeringshæren" pos="X">Regeringshæren</wf>
         <wf lemma="er" pos="X">er</wf>
         <instance id="d000.s1019.t000" lemma="slå" pos="VERB">slået</instance>
         <wf lemma="," pos="X">,</wf>
         <wf lemma="idet" pos="X">idet</wf>
         <wf lemma="den" pos="X">den</wf>
         <wf lemma="hverken" pos="X">hverken</wf>
         <wf lemma="kan" pos="X">kan</wf>
         <wf lemma="forsvare" pos="X">forsvare</wf>
         <wf lemma="sig" pos="X">sig</wf>
         <wf lemma="eller" pos="X">eller</wf>
         <wf lemma="trække" pos="X">trække</wf>
         <wf lemma="sig" pos="X">sig</wf>
         <wf lemma="tilbage" pos="X">tilbage</wf>
         <wf lemma="." pos="X">.</wf>
      </sentence>
      <sentence id="d000.s1020" source="wordnet-danish">
         <wf lemma="Forureningen" pos="X">Forureningen</wf>
         <instance id="d000.s1020.t000" lemma="ske" pos="VERB">sker</instance>
         <wf lemma="," pos="X">,</wf>
         <wf lemma="når" pos="X">når</wf>
         <wf lemma="lavbundsområder" pos="X">lavbundsområder</wf>
         <wf lemma="," pos="X">,</wf>
         <wf lemma="hvor" pos="X">hvor</wf>
         <wf lemma="jorden" pos="X">jorden</wf>
         <wf lemma="har" pos="X">har</wf>
         <wf lemma="et" pos="X">et</wf>
         <wf lemma="højt" pos="X">højt</wf>
         <wf lemma="indhold" pos="X">indhold</wf>
         <wf lemma="af" pos="X">af</wf>
         <wf lemma="visse" pos="X">visse</wf>
         <wf lemma="jernforbindelser" pos="X">jernforbindelser</wf>
         <wf lemma="," pos="X">,</wf>
         <wf lemma="drænes" pos="X">drænes</wf>
         <wf lemma="." pos="X">.</wf>
      </sentence>
      <sentence id="d000.s1021" source="wordnet-danish">
         <wf lemma="LIFA" pos="X">LIFA</wf>
         <wf lemma="Sportsundertøj" pos="X">Sportsundertøj</wf>
         <wf lemma="fra" pos="X">fra</wf>
         <wf lemma="Helly-Hansen" pos="X">Helly-Hansen</wf>
         <wf lemma="er" pos="X">er</wf>
         <wf lemma="resultatet" pos="X">resultatet</wf>
         <wf lemma="af" pos="X">af</wf>
         <wf lemma="10" pos="X">10</wf>
         <wf lemma="års" pos="X">års</wf>
         <wf lemma="erfaringer" pos="X">erfaringer</wf>
         <wf lemma="i" pos="X">i</wf>
         <instance id="d000.s1021.t000" lemma="produktion" pos="NOUN">produktion</instance>
         <wf lemma="af" pos="X">af</wf>
         <wf lemma="kvalitetsundertøj" pos="X">kvalitetsundertøj</wf>
         <wf lemma="." pos="X">.</wf>
      </sentence>
      <sentence id="d000.s1022" source="wordnet-danish">
         <wf lemma="Ude" pos="X">Ude</wf>
         <wf lemma="på" pos="X">på</wf>
         <wf lemma="motorvejen" pos="X">motorvejen</wf>
         <wf lemma="sneg" pos="X">sneg</wf>
         <instance id="d000.s1022.t000" lemma="nål" pos="NOUN">nålen</instance>
         <wf lemma="sig" pos="X">sig</wf>
         <wf lemma="op" pos="X">op</wf>
         <wf lemma="over" pos="X">over</wf>
         <wf lemma="175" pos="X">175</wf>
         <wf lemma="kilometer" pos="X">kilometer</wf>
         <wf lemma="i" pos="X">i</wf>
         <wf lemma="timen" pos="X">timen</wf>
         <wf lemma="." pos="X">.</wf>
      </sentence>
      <sentence id="d000.s1023" source="wordnet-danish">
         <wf lemma="Det" pos="X">Det</wf>
         <wf lemma="er" pos="X">er</wf>
         <wf lemma="verdens" pos="X">verdens</wf>
         <wf lemma="sødeste" pos="X">sødeste</wf>
         <wf lemma="pige" pos="X">pige</wf>
         <wf lemma="," pos="X">,</wf>
         <wf lemma="og" pos="X">og</wf>
         <wf lemma="hun" pos="X">hun</wf>
         <wf lemma="er" pos="X">er</wf>
         <wf lemma="tilpas" pos="X">tilpas</wf>
         <wf lemma="skør" pos="X">skør</wf>
         <wf lemma="i" pos="X">i</wf>
         <instance id="d000.s1023.t000" lemma="bold" pos="NOUN">bolden</instance>
         <wf lemma="til" pos="X">til</wf>
         <wf lemma="at" pos="X">at</wf>
         <wf lemma="være" pos="X">være</wf>
         <wf lemma="ellevild" pos="X">ellevild</wf>
         <wf lemma="med" pos="X">med</wf>
         <wf lemma="dig" pos="X">dig</wf>
         <wf lemma="." pos="X">.</wf>
      </sentence>
      <sentence id="d000.s1024" source="wordnet-danish">
         <wf lemma="i" pos="X">i</wf>
         <wf lemma="1634" pos="X">1634</wf>
         <wf lemma="fik" pos="X">fik</wf>
         <wf lemma="et" pos="X">et</wf>
         <wf lemma="par" pos="X">par</wf>
         <wf lemma="københavnske" pos="X">københavnske</wf>
         <wf lemma="bogtrykkere" pos="X">bogtrykkere</wf>
         <wf lemma="," pos="X">,</wf>
         <wf lemma="Joachim" pos="X">Joachim</wf>
         <wf lemma="Moltke" pos="X">Moltke</wf>
         <wf lemma="og" pos="X">og</wf>
         <wf lemma="Melchior" pos="X">Melchior</wf>
         <wf lemma="Martzan" pos="X">Martzan</wf>
         <wf lemma="fælles" pos="X">fælles</wf>
         <instance id="d000.s1024.t000" lemma="privilegium" pos="NOUN">privilegium</instance>
         <wf lemma="på" pos="X">på</wf>
         <wf lemma="at" pos="X">at</wf>
         <wf lemma="trykke" pos="X">trykke</wf>
         <wf lemma="danske" pos="X">danske</wf>
         <wf lemma="og" pos="X">og</wf>
         <wf lemma="tyske" pos="X">tyske</wf>
         <wf lemma="aviser" pos="X">aviser</wf>
         <wf lemma="." pos="X">.</wf>
      </sentence>
      <sentence id="d000.s1025" source="wordnet-danish">
         <wf lemma="min" pos="X">min</wf>
         <wf lemma="far" pos="X">far</wf>
         <wf lemma="døde" pos="X">døde</wf>
         <wf lemma="ved" pos="X">ved</wf>
         <wf lemma="en" pos="X">en</wf>
         <wf lemma="færdselsulykke" pos="X">færdselsulykke</wf>
         <wf lemma="." pos="X">.</wf>
         <wf lemma="Jeg" pos="X">Jeg</wf>
         <instance id="d000.s1025.t000" lemma="savne" pos="VERB">savner</instance>
         <wf lemma="ham" pos="X">ham</wf>
         <wf lemma="utroligt" pos="X">utroligt</wf>
         <wf lemma="meget" pos="X">meget</wf>
         <wf lemma="." pos="X">.</wf>
      </sentence>
      <sentence id="d000.s1026" source="wordnet-danish">
         <wf lemma="Hun" pos="X">Hun</wf>
         <wf lemma="bar" pos="X">bar</wf>
         <wf lemma="en" pos="X">en</wf>
         <wf lemma="enkel" pos="X">enkel</wf>
         <wf lemma="blå" pos="X">blå</wf>
         <wf lemma="kjole" pos="X">kjole</wf>
         <wf lemma="af" pos="X">af</wf>
         <instance id="d000.s1026.t000" lemma="bomuld" pos="NOUN">bomuld</instance>
         <wf lemma="." pos="X">.</wf>
      </sentence>
      <sentence id="d000.s1027" source="wordnet-danish">
         <wf lemma="Ingen" pos="X">Ingen</wf>
         <wf lemma="egenskab" pos="X">egenskab</wf>
         <wf lemma="er" pos="X">er</wf>
         <wf lemma="så" pos="X">så</wf>
         <wf lemma="afgørende" pos="X">afgørende</wf>
         <wf lemma="som" pos="X">som</wf>
         <wf lemma="bilens" pos="X">bilens</wf>
         <instance id="d000.s1027.t000" lemma="evne" pos="NOUN">evne</instance>
         <wf lemma="til" pos="X">til</wf>
         <wf lemma="at" pos="X">at</wf>
         <wf lemma="undvige" pos="X">undvige</wf>
         <wf lemma="." pos="X">.</wf>
      </sentence>
      <sentence id="d000.s1028" source="wordnet-danish">
         <wf lemma="Ved" pos="X">Ved</wf>
         <instance id="d000.s1028.t000" lemma="afstemning" pos="NOUN">afstemningen</instance>
         <wf lemma="i" pos="X">i</wf>
         <wf lemma="1972" pos="X">1972</wf>
         <wf lemma="stemte" pos="X">stemte</wf>
         <wf lemma="et" pos="X">et</wf>
         <wf lemma="flertal" pos="X">flertal</wf>
         <wf lemma="af" pos="X">af</wf>
         <wf lemma="det" pos="X">det</wf>
         <wf lemma="danske" pos="X">danske</wf>
         <wf lemma="folk" pos="X">folk</wf>
         <wf lemma="os" pos="X">os</wf>
         <wf lemma="ind" pos="X">ind</wf>
         <wf lemma="i" pos="X">i</wf>
         <wf lemma="EF" pos="X">EF</wf>
         <wf lemma="." pos="X">.</wf>
      </sentence>
      <sentence id="d000.s1029" source="wordnet-danish">
         <wf lemma="Mange" pos="X">Mange</wf>
         <wf lemma="bilister" pos="X">bilister</wf>
         <wf lemma="sender" pos="X">sender</wf>
         <wf lemma="på" pos="X">på</wf>
         <wf lemma="denne" pos="X">denne</wf>
         <wf lemma="årstid" pos="X">årstid</wf>
         <wf lemma="deres" pos="X">deres</wf>
         <wf lemma="kostbare" pos="X">kostbare</wf>
         <wf lemma="transportmiddel" pos="X">transportmiddel</wf>
         <wf lemma="på" pos="X">på</wf>
         <instance id="d000.s1029.t000" lemma="værksted" pos="NOUN">værksted</instance>
         <wf lemma="for" pos="X">for</wf>
         <wf lemma="at" pos="X">at</wf>
         <wf lemma="få" pos="X">få</wf>
         <wf lemma="det" pos="X">det</wf>
         <wf lemma="beskyttet" pos="X">beskyttet</wf>
         <wf lemma="mod" pos="X">mod</wf>
         <wf lemma="rust" pos="X">rust</wf>
         <wf lemma="." pos="X">.</wf>
      </sentence>
      <sentence id="d000.s1030" source="wordnet-danish">
         <wf lemma="Jens" pos="X">Jens</wf>
         <wf lemma="og" pos="X">og</wf>
         <wf lemma="en" pos="X">en</wf>
         <wf lemma="anden" pos="X">anden</wf>
         <wf lemma="tog" pos="X">tog</wf>
         <instance id="d000.s1030.t000" lemma="trappe" pos="NOUN">trappen</instance>
         <wf lemma="og" pos="X">og</wf>
         <wf lemma="den" pos="X">den</wf>
         <wf lemma="gamle" pos="X">gamle</wf>
         <wf lemma="og" pos="X">og</wf>
         <wf lemma="jeg" pos="X">jeg</wf>
         <wf lemma="elevatoren" pos="X">elevatoren</wf>
         <wf lemma="." pos="X">.</wf>
      </sentence>
      <sentence id="d000.s1031" source="wordnet-danish">
         <wf lemma="Kl" pos="X">Kl</wf>
         <wf lemma="." pos="X">.</wf>
         <wf lemma="14.30" pos="X">14.30</wf>
         <instance id="d000.s1031.t000" lemma="hente" pos="VERB">hentede</instance>
         <wf lemma="jeg" pos="X">jeg</wf>
         <wf lemma="Cecilie" pos="X">Cecilie</wf>
         <wf lemma="i" pos="X">i</wf>
         <wf lemma="børnehaven" pos="X">børnehaven</wf>
         <wf lemma="og" pos="X">og</wf>
         <wf lemma="kørte" pos="X">kørte</wf>
         <wf lemma="så" pos="X">så</wf>
         <wf lemma="i" pos="X">i</wf>
         <wf lemma="Favør" pos="X">Favør</wf>
         <wf lemma="for" pos="X">for</wf>
         <wf lemma="at" pos="X">at</wf>
         <wf lemma="handle" pos="X">handle</wf>
         <wf lemma="ind" pos="X">ind</wf>
         <wf lemma="." pos="X">.</wf>
      </sentence>
      <sentence id="d000.s1032" source="wordnet-danish">
         <wf lemma="jeg" pos="X">jeg</wf>
         <wf lemma="er" pos="X">er</wf>
         <wf lemma="ikke" pos="X">ikke</wf>
         <wf lemma="kammerat" pos="X">kammerat</wf>
         <wf lemma="eller" pos="X">eller</wf>
         <wf lemma="på" pos="X">på</wf>
         <wf lemma="anden" pos="X">anden</wf>
         <instance id="d000.s1032.t000" lemma="måde" pos="NOUN">måde</instance>
         <wf lemma="i" pos="X">i</wf>
         <wf lemma="familie" pos="X">familie</wf>
         <wf lemma="med" pos="X">med</wf>
         <wf lemma="Hr." pos="X">Hr.</wf>
         <wf lemma="Hans" pos="X">Hans</wf>
         <wf lemma="Jørgen" pos="X">Jørgen</wf>
         <wf lemma="Lundbye" pos="X">Lundbye</wf>
         <wf lemma="." pos="X">.</wf>
      </sentence>
      <sentence id="d000.s1033" source="wordnet-danish">
         <wf lemma="Vi" pos="X">Vi</wf>
         <wf lemma="har" pos="X">har</wf>
         <wf lemma="opsøgt" pos="X">opsøgt</wf>
         <wf lemma="Tchang" pos="X">Tchang</wf>
         <wf lemma="for" pos="X">for</wf>
         <wf lemma="at" pos="X">at</wf>
         <wf lemma="få" pos="X">få</wf>
         <wf lemma="hans" pos="X">hans</wf>
         <instance id="d000.s1033.t000" lemma="version" pos="NOUN">version</instance>
         <wf lemma="af" pos="X">af</wf>
         <wf lemma="," pos="X">,</wf>
         <wf lemma="hvordan" pos="X">hvordan</wf>
         <wf lemma="venskabet" pos="X">venskabet</wf>
         <wf lemma="og" pos="X">og</wf>
         <wf lemma="samarbejdet" pos="X">samarbejdet</wf>
         <wf lemma="med" pos="X">med</wf>
         <wf lemma="Hergé" pos="X">Hergé</wf>
         <wf lemma="opstod" pos="X">opstod</wf>
         <wf lemma="." pos="X">.</wf>
      </sentence>
      <sentence id="d000.s1034" source="wordnet-danish">
         <wf lemma="Byen" pos="X">Byen</wf>
         <wf lemma="rummer" pos="X">rummer</wf>
         <wf lemma="udstillingscentre" pos="X">udstillingscentre</wf>
         <wf lemma="og" pos="X">og</wf>
         <instance id="d000.s1034.t000" lemma="museum" pos="NOUN">museer</instance>
         <wf lemma="med" pos="X">med</wf>
         <wf lemma="moderne" pos="X">moderne</wf>
         <wf lemma="og" pos="X">og</wf>
         <wf lemma="ældre" pos="X">ældre</wf>
         <wf lemma="kunst" pos="X">kunst</wf>
         <wf lemma="." pos="X">.</wf>
      </sentence>
      <sentence id="d000.s1035" source="wordnet-danish">
         <wf lemma="Skattevæsenet" pos="X">Skattevæsenet</wf>
         <instance id="d000.s1035.t000" lemma="kende" pos="VERB">kender</instance>
         <wf lemma="Deres" pos="X">Deres</wf>
         <wf lemma="gæld" pos="X">gæld</wf>
         <wf lemma="til" pos="X">til</wf>
         <wf lemma="bank" pos="X">bank</wf>
         <wf lemma="," pos="X">,</wf>
         <wf lemma="sparekasse" pos="X">sparekasse</wf>
         <wf lemma="og" pos="X">og</wf>
         <wf lemma="andelskasse" pos="X">andelskasse</wf>
         <wf lemma="." pos="X">.</wf>
      </sentence>
      <sentence id="d000.s1036" source="wordnet-danish">
         <wf lemma="Gaden" pos="X">Gaden</wf>
         <wf lemma="er" pos="X">er</wf>
         <wf lemma="reserveret" pos="X">reserveret</wf>
         <wf lemma="til" pos="X">til</wf>
         <instance id="d000.s1036.t000" lemma="gå" pos="VERB">gående</instance>
         <wf lemma="." pos="X">.</wf>
      </sentence>
      <sentence id="d000.s1037" source="wordnet-danish">
         <wf lemma="'" pos="X">'</wf>
         <wf lemma="Skal" pos="X">Skal</wf>
         <wf lemma="vi" pos="X">vi</wf>
         <wf lemma="lige" pos="X">lige</wf>
         <wf lemma="have" pos="X">have</wf>
         <wf lemma="et" pos="X">et</wf>
         <wf lemma="rask" pos="X">rask</wf>
         <wf lemma="spil" pos="X">spil</wf>
         <wf lemma="ludo" pos="X">ludo</wf>
         <wf lemma="," pos="X">,</wf>
         <wf lemma="inden" pos="X">inden</wf>
         <wf lemma="vi" pos="X">vi</wf>
         <wf lemma="lægger" pos="X">lægger</wf>
         <wf lemma="os" pos="X">os</wf>
         <wf lemma="?" pos="X">?</wf>
         <wf lemma="'" pos="X">'</wf>
         <wf lemma="spurgte" pos="X">spurgte</wf>
         <wf lemma="han" pos="X">han</wf>
         <wf lemma="tilfreds" pos="X">tilfreds</wf>
         <wf lemma="," pos="X">,</wf>
         <wf lemma="og" pos="X">og</wf>
         <wf lemma="Inger" pos="X">Inger</wf>
         <wf lemma="gik" pos="X">gik</wf>
         <wf lemma="efter" pos="X">efter</wf>
         <instance id="d000.s1037.t000" lemma="bræt" pos="NOUN">bræt</instance>
         <wf lemma="og" pos="X">og</wf>
         <wf lemma="brikker" pos="X">brikker</wf>
         <wf lemma="." pos="X">.</wf>
      </sentence>
      <sentence id="d000.s1038" source="wordnet-danish">
         <wf lemma="Man" pos="X">Man</wf>
         <wf lemma="må" pos="X">må</wf>
         <instance id="d000.s1038.t000" lemma="beundre" pos="VERB">beundre</instance>
         <wf lemma="Anker" pos="X">Anker</wf>
         <wf lemma="Jørgensen" pos="X">Jørgensen</wf>
         <wf lemma="." pos="X">.</wf>
         <wf lemma="For" pos="X">For</wf>
         <wf lemma="hans" pos="X">hans</wf>
         <wf lemma="mod" pos="X">mod</wf>
         <wf lemma="," pos="X">,</wf>
         <wf lemma="for" pos="X">for</wf>
         <wf lemma="hans" pos="X">hans</wf>
         <wf lemma="flid" pos="X">flid</wf>
         <wf lemma=".." pos="X">..</wf>
         <wf lemma="og" pos="X">og</wf>
         <wf lemma="for" pos="X">for</wf>
         <wf lemma="hans" pos="X">hans</wf>
         <wf lemma="måde" pos="X">måde</wf>
         <wf lemma="at" pos="X">at</wf>
         <wf lemma="være" pos="X">være</wf>
         <wf lemma="på" pos="X">på</wf>
         <wf lemma="som" pos="X">som</wf>
         <wf lemma="menneske" pos="X">menneske</wf>
         <wf lemma="." pos="X">.</wf>
      </sentence>
      <sentence id="d000.s1039" source="wordnet-danish">
         <wf lemma="[filmene" pos="X">[filmene</wf>
         <wf lemma="er" pos="X">er</wf>
         <wf lemma="]" pos="X">]</wf>
         <wf lemma="så" pos="X">så</wf>
         <wf lemma="kunstnerisk" pos="X">kunstnerisk</wf>
         <wf lemma="vellykkede" pos="X">vellykkede</wf>
         <wf lemma="," pos="X">,</wf>
         <wf lemma="at" pos="X">at</wf>
         <wf lemma="de" pos="X">de</wf>
         <wf lemma="vækker" pos="X">vækker</wf>
         <wf lemma="berettiget" pos="X">berettiget</wf>
         <wf lemma="international" pos="X">international</wf>
         <instance id="d000.s1039.t000" lemma="beundring" pos="NOUN">beundring</instance>
         <wf lemma="." pos="X">.</wf>
      </sentence>
      <sentence id="d000.s1040" source="wordnet-danish">
         <wf lemma="Helt" pos="X">Helt</wf>
         <wf lemma="galt" pos="X">galt</wf>
         <wf lemma="er" pos="X">er</wf>
         <wf lemma="det" pos="X">det</wf>
         <wf lemma="nu" pos="X">nu</wf>
         <wf lemma="," pos="X">,</wf>
         <wf lemma="hvor" pos="X">hvor</wf>
         <wf lemma="der" pos="X">der</wf>
         <wf lemma="også" pos="X">også</wf>
         <wf lemma="bliver" pos="X">bliver</wf>
         <wf lemma="gravet" pos="X">gravet</wf>
         <wf lemma="i" pos="X">i</wf>
         <wf lemma="gaden" pos="X">gaden</wf>
         <wf lemma="." pos="X">.</wf>
         <wf lemma="Der" pos="X">Der</wf>
         <wf lemma="er" pos="X">er</wf>
         <wf lemma="ingen" pos="X">ingen</wf>
         <wf lemma="skilte" pos="X">skilte</wf>
         <wf lemma="om" pos="X">om</wf>
         <instance id="d000.s1040.t000" lemma="omkørsel" pos="NOUN">omkørsel</instance>
         <wf lemma="," pos="X">,</wf>
         <wf lemma="og" pos="X">og</wf>
         <wf lemma="de" pos="X">de</wf>
         <wf lemma="store" pos="X">store</wf>
         <wf lemma="biler" pos="X">biler</wf>
         <wf lemma="holder" pos="X">holder</wf>
         <wf lemma=".." pos="X">..</wf>
         <wf lemma="og" pos="X">og</wf>
         <wf lemma="spærrer" pos="X">spærrer</wf>
         <wf lemma="det" pos="X">det</wf>
         <wf lemma="hele" pos="X">hele</wf>
         <wf lemma="." pos="X">.</wf>
      </sentence>
      <sentence id="d000.s1041" source="wordnet-danish">
         <wf lemma="[det" pos="X">[det</wf>
         <wf lemma="lød" pos="X">lød</wf>
         <wf lemma="]" pos="X">]</wf>
         <wf lemma="som" pos="X">som</wf>
         <wf lemma="om" pos="X">om</wf>
         <wf lemma="en" pos="X">en</wf>
         <wf lemma="eller" pos="X">eller</wf>
         <wf lemma="anden" pos="X">anden</wf>
         <wf lemma="listede" pos="X">listede</wf>
         <wf lemma="rundt" pos="X">rundt</wf>
         <wf lemma="oppe" pos="X">oppe</wf>
         <wf lemma="på" pos="X">på</wf>
         <instance id="d000.s1041.t000" lemma="loft" pos="NOUN">loftet</instance>
         <wf lemma="." pos="X">.</wf>
      </sentence>
      <sentence id="d000.s1042" source="wordnet-danish">
         <wf lemma="jeg" pos="X">jeg</wf>
         <wf lemma="er" pos="X">er</wf>
         <wf lemma="da" pos="X">da</wf>
         <wf lemma="lidt" pos="X">lidt</wf>
         <instance id="d000.s1042.t000" lemma="stolt" pos="ADJ">stolt</instance>
         <wf lemma="af" pos="X">af</wf>
         <wf lemma="mig" pos="X">mig</wf>
         <wf lemma="selv" pos="X">selv</wf>
         <wf lemma="over" pos="X">over</wf>
         <wf lemma="at" pos="X">at</wf>
         <wf lemma="jeg" pos="X">jeg</wf>
         <wf lemma="helt" pos="X">helt</wf>
         <wf lemma="har" pos="X">har</wf>
         <wf lemma="lagt" pos="X">lagt</wf>
         <wf lemma="cigaretrygningen" pos="X">cigaretrygningen</wf>
         <wf lemma="bag" pos="X">bag</wf>
         <wf lemma="mig" pos="X">mig</wf>
         <wf lemma="." pos="X">.</wf>
      </sentence>
      <sentence id="d000.s1043" source="wordnet-danish">
         <wf lemma="Du" pos="X">Du</wf>
         <wf lemma="ved" pos="X">ved</wf>
         <wf lemma="ikke" pos="X">ikke</wf>
         <wf lemma="," pos="X">,</wf>
         <wf lemma="hvad" pos="X">hvad</wf>
         <wf lemma="det" pos="X">det</wf>
         <wf lemma="har" pos="X">har</wf>
         <wf lemma="kostet" pos="X">kostet</wf>
         <wf lemma="mig" pos="X">mig</wf>
         <wf lemma="af" pos="X">af</wf>
         <wf lemma="overvindelse" pos="X">overvindelse</wf>
         <wf lemma="at" pos="X">at</wf>
         <wf lemma="være" pos="X">være</wf>
         <wf lemma="så" pos="X">så</wf>
         <wf lemma="kold" pos="X">kold</wf>
         <wf lemma="og" pos="X">og</wf>
         <instance id="d000.s1043.t000" lemma="grusom" pos="ADJ">grusom</instance>
         <wf lemma="mod" pos="X">mod</wf>
         <wf lemma="dig" pos="X">dig</wf>
         <wf lemma="i" pos="X">i</wf>
         <wf lemma="den" pos="X">den</wf>
         <wf lemma="sidste" pos="X">sidste</wf>
         <wf lemma="tid" pos="X">tid</wf>
         <wf lemma="." pos="X">.</wf>
      </sentence>
      <sentence id="d000.s1044" source="wordnet-danish">
         <wf lemma="Brevduer" pos="X">Brevduer</wf>
         <wf lemma="kan" pos="X">kan</wf>
         <wf lemma="finde" pos="X">finde</wf>
         <wf lemma="hjem" pos="X">hjem</wf>
         <wf lemma="over" pos="X">over</wf>
         <wf lemma="lange" pos="X">lange</wf>
         <instance id="d000.s1044.t000" lemma="afstand" pos="NOUN">afstande</instance>
         <wf lemma="." pos="X">.</wf>
      </sentence>
      <sentence id="d000.s1045" source="wordnet-danish">
         <wf lemma="Hun" pos="X">Hun</wf>
         <wf lemma="kunne" pos="X">kunne</wf>
         <wf lemma="næsten" pos="X">næsten</wf>
         <wf lemma="ikke" pos="X">ikke</wf>
         <wf lemma="komme" pos="X">komme</wf>
         <wf lemma="ud" pos="X">ud</wf>
         <wf lemma="af" pos="X">af</wf>
         <instance id="d000.s1045.t000" lemma="seng" pos="NOUN">sengen</instance>
         <wf lemma="om" pos="X">om</wf>
         <wf lemma="morgenen" pos="X">morgenen</wf>
         <wf lemma="." pos="X">.</wf>
      </sentence>
      <sentence id="d000.s1046" source="wordnet-danish">
         <wf lemma="Med" pos="X">Med</wf>
         <instance id="d000.s1046.t000" lemma="langsom" pos="ADJ">langsomme</instance>
         <wf lemma="," pos="X">,</wf>
         <wf lemma="men" pos="X">men</wf>
         <wf lemma="sikre" pos="X">sikre</wf>
         <wf lemma="skridt" pos="X">skridt</wf>
         <wf lemma="gik" pos="X">gik</wf>
         <wf lemma="jeg" pos="X">jeg</wf>
         <wf lemma="den" pos="X">den</wf>
         <wf lemma="lange" pos="X">lange</wf>
         <wf lemma="vej" pos="X">vej</wf>
         <wf lemma="hen" pos="X">hen</wf>
         <wf lemma="til" pos="X">til</wf>
         <wf lemma="skibet" pos="X">skibet</wf>
         <wf lemma="." pos="X">.</wf>
      </sentence>
      <sentence id="d000.s1047" source="wordnet-danish">
         <wf lemma="Hun" pos="X">Hun</wf>
         <wf lemma="er" pos="X">er</wf>
         <wf lemma="fuldstændig" pos="X">fuldstændig</wf>
         <wf lemma="besat" pos="X">besat</wf>
         <wf lemma="af" pos="X">af</wf>
         <wf lemma="forfængelighed" pos="X">forfængelighed</wf>
         <wf lemma="og" pos="X">og</wf>
         <wf lemma="et" pos="X">et</wf>
         <wf lemma="ønske" pos="X">ønske</wf>
         <wf lemma="om" pos="X">om</wf>
         <wf lemma="at" pos="X">at</wf>
         <wf lemma="opnå" pos="X">opnå</wf>
         <wf lemma="det" pos="X">det</wf>
         <wf lemma="perfekte" pos="X">perfekte</wf>
         <instance id="d000.s1047.t000" lemma="udseende" pos="NOUN">udseende</instance>
         <wf lemma="" pos="X"></wf>
         <wf lemma="på" pos="X">på</wf>
         <wf lemma="krop" pos="X">krop</wf>
         <wf lemma="såvel" pos="X">såvel</wf>
         <wf lemma="som" pos="X">som</wf>
         <wf lemma="ansigt" pos="X">ansigt</wf>
         <wf lemma="." pos="X">.</wf>
      </sentence>
      <sentence id="d000.s1048" source="wordnet-danish">
         <wf lemma="Det" pos="X">Det</wf>
         <wf lemma="var" pos="X">var</wf>
         <wf lemma="en" pos="X">en</wf>
         <wf lemma="amerikansk" pos="X">amerikansk</wf>
         <wf lemma="ingeniør" pos="X">ingeniør</wf>
         <wf lemma="," pos="X">,</wf>
         <wf lemma="som" pos="X">som</wf>
         <wf lemma="i" pos="X">i</wf>
         <wf lemma="1945" pos="X">1945</wf>
         <wf lemma="søgte" pos="X">søgte</wf>
         <instance id="d000.s1048.t000" lemma="patent" pos="NOUN">patent</instance>
         <wf lemma="på" pos="X">på</wf>
         <wf lemma="en" pos="X">en</wf>
         <wf lemma="opfindelse" pos="X">opfindelse</wf>
         <wf lemma="," pos="X">,</wf>
         <wf lemma="der" pos="X">der</wf>
         <wf lemma="senere" pos="X">senere</wf>
         <wf lemma="blev" pos="X">blev</wf>
         <wf lemma="til" pos="X">til</wf>
         <wf lemma="mikroovnen" pos="X">mikroovnen</wf>
         <wf lemma="." pos="X">.</wf>
      </sentence>
      <sentence id="d000.s1049" source="wordnet-danish">
         <wf lemma="de" pos="X">de</wf>
         <wf lemma="énæggede" pos="X">énæggede</wf>
         <wf lemma="tvillinger" pos="X">tvillinger</wf>
         <wf lemma="udvikler" pos="X">udvikler</wf>
         <wf lemma="mange" pos="X">mange</wf>
         <wf lemma="fælles" pos="X">fælles</wf>
         <instance id="d000.s1049.t000" lemma="personlighedstræk" pos="NOUN">personlighedstræk</instance>
         <wf lemma="," pos="X">,</wf>
         <wf lemma="selv" pos="X">selv</wf>
         <wf lemma="om" pos="X">om</wf>
         <wf lemma="de" pos="X">de</wf>
         <wf lemma="vokser" pos="X">vokser</wf>
         <wf lemma="op" pos="X">op</wf>
         <wf lemma="under" pos="X">under</wf>
         <wf lemma="forskellige" pos="X">forskellige</wf>
         <wf lemma="vilkår" pos="X">vilkår</wf>
         <wf lemma="." pos="X">.</wf>
      </sentence>
      <sentence id="d000.s1050" source="wordnet-danish">
         <wf lemma="De" pos="X">De</wf>
         <wf lemma="store" pos="X">store</wf>
         <wf lemma="morede" pos="X">morede</wf>
         <wf lemma="sig" pos="X">sig</wf>
         <wf lemma="over" pos="X">over</wf>
         <wf lemma="den" pos="X">den</wf>
         <instance id="d000.s1050.t000" lemma="bange" pos="ADJ">bange</instance>
         <wf lemma="dreng" pos="X">dreng</wf>
         <wf lemma="," pos="X">,</wf>
         <wf lemma="der" pos="X">der</wf>
         <wf lemma="langsomt" pos="X">langsomt</wf>
         <wf lemma="nærmede" pos="X">nærmede</wf>
         <wf lemma="sig" pos="X">sig</wf>
         <wf lemma="." pos="X">.</wf>
      </sentence>
      <sentence id="d000.s1051" source="wordnet-danish">
         <wf lemma="Over" pos="X">Over</wf>
         <wf lemma="sengen" pos="X">sengen</wf>
         <wf lemma="hang" pos="X">hang</wf>
         <wf lemma="en" pos="X">en</wf>
         <wf lemma="nøgen" pos="X">nøgen</wf>
         <wf lemma="elektrisk" pos="X">elektrisk</wf>
         <instance id="d000.s1051.t000" lemma="pære" pos="NOUN">pære</instance>
         <wf lemma="ned" pos="X">ned</wf>
         <wf lemma="fra" pos="X">fra</wf>
         <wf lemma="loftet" pos="X">loftet</wf>
         <wf lemma="." pos="X">.</wf>
      </sentence>
      <sentence id="d000.s1052" source="wordnet-danish">
         <wf lemma="Jakob" pos="X">Jakob</wf>
         <wf lemma="havde" pos="X">havde</wf>
         <wf lemma="ingen" pos="X">ingen</wf>
         <wf lemma="dværghøns" pos="X">dværghøns</wf>
         <wf lemma="!" pos="X">!</wf>
         <wf lemma="Han" pos="X">Han</wf>
         <wf lemma="stod" pos="X">stod</wf>
         <wf lemma="og" pos="X">og</wf>
         <instance id="d000.s1052.t000" lemma="lyve" pos="VERB">løj</instance>
         <wf lemma="Morten" pos="X">Morten</wf>
         <wf lemma="lige" pos="X">lige</wf>
         <wf lemma="op" pos="X">op</wf>
         <wf lemma="i" pos="X">i</wf>
         <wf lemma="ansigtet" pos="X">ansigtet</wf>
         <wf lemma="." pos="X">.</wf>
      </sentence>
      <sentence id="d000.s1053" source="wordnet-danish">
         <wf lemma="en" pos="X">en</wf>
         <wf lemma="strejke" pos="X">strejke</wf>
         <wf lemma="syntes" pos="X">syntes</wf>
         <instance id="d000.s1053.t000" lemma="uundgåelig" pos="ADJ">uundgåelig</instance>
         <wf lemma="," pos="X">,</wf>
         <wf lemma="da" pos="X">da</wf>
         <wf lemma="man" pos="X">man</wf>
         <wf lemma=".." pos="X">..</wf>
         <wf lemma="ikke" pos="X">ikke</wf>
         <wf lemma="var" pos="X">var</wf>
         <wf lemma="nået" pos="X">nået</wf>
         <wf lemma="et" pos="X">et</wf>
         <wf lemma="skridt" pos="X">skridt</wf>
         <wf lemma="videre" pos="X">videre</wf>
         <wf lemma="siden" pos="X">siden</wf>
         <wf lemma="onsdag" pos="X">onsdag</wf>
         <wf lemma="i" pos="X">i</wf>
         <wf lemma="sidste" pos="X">sidste</wf>
         <wf lemma="uge" pos="X">uge</wf>
         <wf lemma="." pos="X">.</wf>
      </sentence>
      <sentence id="d000.s1054" source="wordnet-danish">
         <wf lemma="de" pos="X">de</wf>
         <wf lemma="tænder" pos="X">tænder</wf>
         <wf lemma="ikke" pos="X">ikke</wf>
         <wf lemma="bålet" pos="X">bålet</wf>
         <wf lemma="af" pos="X">af</wf>
         <instance id="d000.s1054.t000" lemma="angst" pos="NOUN">angst</instance>
         <wf lemma="for" pos="X">for</wf>
         <wf lemma="," pos="X">,</wf>
         <wf lemma="at" pos="X">at</wf>
         <wf lemma="røgen" pos="X">røgen</wf>
         <wf lemma="skal" pos="X">skal</wf>
         <wf lemma="røbe" pos="X">røbe</wf>
         <wf lemma="dem" pos="X">dem</wf>
         <wf lemma="." pos="X">.</wf>
      </sentence>
      <sentence id="d000.s1055" source="wordnet-danish">
         <wf lemma="Eksamensstilen" pos="X">Eksamensstilen</wf>
         <wf lemma="er" pos="X">er</wf>
         <instance id="d000.s1055.t000" lemma="afslutning" pos="NOUN">afslutningen</instance>
         <wf lemma="på" pos="X">på</wf>
         <wf lemma="arbejdet" pos="X">arbejdet</wf>
         <wf lemma="med" pos="X">med</wf>
         <wf lemma="skriftlig" pos="X">skriftlig</wf>
         <wf lemma="fremstilling" pos="X">fremstilling</wf>
         <wf lemma="." pos="X">.</wf>
      </sentence>
      <sentence id="d000.s1056" source="wordnet-danish">
         <wf lemma="Her" pos="X">Her</wf>
         <wf lemma="er" pos="X">er</wf>
         <wf lemma="helt" pos="X">helt</wf>
         <wf lemma="utrolig" pos="X">utrolig</wf>
         <wf lemma="dejligt" pos="X">dejligt</wf>
         <wf lemma="med" pos="X">med</wf>
         <wf lemma="denne" pos="X">denne</wf>
         <instance id="d000.s1056.t000" lemma="lugt" pos="NOUN">lugt</instance>
         <wf lemma="af" pos="X">af</wf>
         <wf lemma="tang" pos="X">tang</wf>
         <wf lemma="og" pos="X">og</wf>
         <wf lemma="tjære" pos="X">tjære</wf>
         <wf lemma="," pos="X">,</wf>
         <wf lemma="fisk" pos="X">fisk</wf>
         <wf lemma="og" pos="X">og</wf>
         <wf lemma="hav." pos="X">hav.</wf>
      </sentence>
      <sentence id="d000.s1057" source="wordnet-danish">
         <wf lemma="Så" pos="X">Så</wf>
         <wf lemma="var" pos="X">var</wf>
         <wf lemma="kaffen" pos="X">kaffen</wf>
         <wf lemma="færdig" pos="X">færdig</wf>
         <wf lemma="," pos="X">,</wf>
         <wf lemma="og" pos="X">og</wf>
         <wf lemma="en" pos="X">en</wf>
         <wf lemma="fyldt" pos="X">fyldt</wf>
         <wf lemma="dampende" pos="X">dampende</wf>
         <wf lemma="kop" pos="X">kop</wf>
         <wf lemma="blev" pos="X">blev</wf>
         <wf lemma="skubbet" pos="X">skubbet</wf>
         <wf lemma="hen" pos="X">hen</wf>
         <wf lemma="over" pos="X">over</wf>
         <instance id="d000.s1057.t000" lemma="bord" pos="NOUN">bordet</instance>
         <wf lemma="til" pos="X">til</wf>
         <wf lemma="hende" pos="X">hende</wf>
         <wf lemma="." pos="X">.</wf>
      </sentence>
      <sentence id="d000.s1058" source="wordnet-danish">
         <wf lemma="Den" pos="X">Den</wf>
         <wf lemma="tørre" pos="X">tørre</wf>
         <wf lemma="," pos="X">,</wf>
         <wf lemma="stillestående" pos="X">stillestående</wf>
         <wf lemma="luft" pos="X">luft</wf>
         <wf lemma="vibrerede" pos="X">vibrerede</wf>
         <wf lemma="af" pos="X">af</wf>
         <instance id="d000.s1058.t000" lemma="travl" pos="ADJ">travle</instance>
         <wf lemma="biers" pos="X">biers</wf>
         <wf lemma="summen" pos="X">summen</wf>
         <wf lemma="." pos="X">.</wf>
      </sentence>
      <sentence id="d000.s1059" source="wordnet-danish">
         <wf lemma="Seks" pos="X">Seks</wf>
         <wf lemma="gange" pos="X">gange</wf>
         <wf lemma="siden" pos="X">siden</wf>
         <wf lemma="1930" pos="X">1930</wf>
         <wf lemma="har" pos="X">har</wf>
         <wf lemma="hæren" pos="X">hæren</wf>
         <wf lemma="taget" pos="X">taget</wf>
         <wf lemma="magten" pos="X">magten</wf>
         <wf lemma="ved" pos="X">ved</wf>
         <instance id="d000.s1059.t000" lemma="kup" pos="NOUN">kup</instance>
         <wf lemma="i" pos="X">i</wf>
         <wf lemma="Argentina" pos="X">Argentina</wf>
         <wf lemma="." pos="X">.</wf>
      </sentence>
      <sentence id="d000.s1060" source="wordnet-danish">
         <wf lemma="Vi" pos="X">Vi</wf>
         <wf lemma="sad" pos="X">sad</wf>
         <wf lemma="og" pos="X">og</wf>
         <wf lemma="så" pos="X">så</wf>
         <wf lemma="Dallas" pos="X">Dallas</wf>
         <wf lemma="og" pos="X">og</wf>
         <wf lemma="spiste" pos="X">spiste</wf>
         <instance id="d000.s1060.t000" lemma="chokolade" pos="NOUN">chokolade</instance>
         <wf lemma="." pos="X">.</wf>
         <wf lemma="Jeg" pos="X">Jeg</wf>
         <wf lemma="havde" pos="X">havde</wf>
         <wf lemma="ellers" pos="X">ellers</wf>
         <wf lemma="besluttet" pos="X">besluttet</wf>
         <wf lemma="at" pos="X">at</wf>
         <wf lemma="gå" pos="X">gå</wf>
         <wf lemma="på" pos="X">på</wf>
         <wf lemma="slankekur" pos="X">slankekur</wf>
         <wf lemma="." pos="X">.</wf>
      </sentence>
      <sentence id="d000.s1061" source="wordnet-danish">
         <wf lemma="Smørret" pos="X">Smørret</wf>
         <wf lemma="smeltes" pos="X">smeltes</wf>
         <wf lemma="på" pos="X">på</wf>
         <instance id="d000.s1061.t000" lemma="pande" pos="NOUN">panden</instance>
         <wf lemma="," pos="X">,</wf>
         <wf lemma="og" pos="X">og</wf>
         <wf lemma="fileterne" pos="X">fileterne</wf>
         <wf lemma="steges" pos="X">steges</wf>
         <wf lemma="i" pos="X">i</wf>
         <wf lemma="2" pos="X">2</wf>
         <wf lemma="min." pos="X">min.</wf>
         <wf lemma="på" pos="X">på</wf>
         <wf lemma="hver" pos="X">hver</wf>
         <wf lemma="side" pos="X">side</wf>
         <wf lemma="." pos="X">.</wf>
      </sentence>
      <sentence id="d000.s1062" source="wordnet-danish">
         <wf lemma="Rektor/forstander" pos="X">Rektor/forstander</wf>
         <wf lemma="drager" pos="X">drager</wf>
         <wf lemma="omsorg" pos="X">omsorg</wf>
         <wf lemma="for" pos="X">for</wf>
         <wf lemma="," pos="X">,</wf>
         <wf lemma="at" pos="X">at</wf>
         <wf lemma="der" pos="X">der</wf>
         <wf lemma="sker" pos="X">sker</wf>
         <wf lemma="en" pos="X">en</wf>
         <wf lemma="nøjagtig" pos="X">nøjagtig</wf>
         <instance id="d000.s1062.t000" lemma="registrering" pos="NOUN">registrering</instance>
         <wf lemma="af" pos="X">af</wf>
         <wf lemma="fremmødet" pos="X">fremmødet</wf>
         <wf lemma="til" pos="X">til</wf>
         <wf lemma="hver" pos="X">hver</wf>
         <wf lemma="enkelt" pos="X">enkelt</wf>
         <wf lemma="time" pos="X">time</wf>
         <wf lemma="." pos="X">.</wf>
      </sentence>
      <sentence id="d000.s1063" source="wordnet-danish">
         <wf lemma="Amnesty" pos="X">Amnesty</wf>
         <wf lemma="International" pos="X">International</wf>
         <wf lemma="giver" pos="X">giver</wf>
         <wf lemma="i" pos="X">i</wf>
         <wf lemma="en" pos="X">en</wf>
         <wf lemma="ny" pos="X">ny</wf>
         <instance id="d000.s1063.t000" lemma="rapport" pos="NOUN">rapport</instance>
         <wf lemma="et" pos="X">et</wf>
         <wf lemma="rystende" pos="X">rystende</wf>
         <wf lemma="billede" pos="X">billede</wf>
         <wf lemma="af" pos="X">af</wf>
         <wf lemma="forholdene" pos="X">forholdene</wf>
         <wf lemma="i" pos="X">i</wf>
         <wf lemma="de" pos="X">de</wf>
         <wf lemma="iranske" pos="X">iranske</wf>
         <wf lemma="fængsler" pos="X">fængsler</wf>
         <wf lemma="." pos="X">.</wf>
      </sentence>
      <sentence id="d000.s1064" source="wordnet-danish">
         <wf lemma="Watson" pos="X">Watson</wf>
         <wf lemma="og" pos="X">og</wf>
         <wf lemma="Crick" pos="X">Crick</wf>
         <wf lemma="fremsatte" pos="X">fremsatte</wf>
         <wf lemma="deres" pos="X">deres</wf>
         <instance id="d000.s1064.t000" lemma="model" pos="NOUN">model</instance>
         <wf lemma="af" pos="X">af</wf>
         <wf lemma="DNA-molekylet" pos="X">DNA-molekylet</wf>
         <wf lemma="som" pos="X">som</wf>
         <wf lemma="en" pos="X">en</wf>
         <wf lemma="dobbeltspiral" pos="X">dobbeltspiral</wf>
         <wf lemma="," pos="X">,</wf>
         <wf lemma="der" pos="X">der</wf>
         <wf lemma="kan" pos="X">kan</wf>
         <wf lemma="visualiseres" pos="X">visualiseres</wf>
         <wf lemma="som" pos="X">som</wf>
         <wf lemma="en" pos="X">en</wf>
         <wf lemma="vredet" pos="X">vredet</wf>
         <wf lemma="stige" pos="X">stige</wf>
         <wf lemma="." pos="X">.</wf>
      </sentence>
      <sentence id="d000.s1065" source="wordnet-danish">
         <wf lemma="Storbritannien" pos="X">Storbritannien</wf>
         <wf lemma="[indtager" pos="X">[indtager</wf>
         <wf lemma="ikke" pos="X">ikke</wf>
         <wf lemma="]" pos="X">]</wf>
         <wf lemma="samme" pos="X">samme</wf>
         <instance id="d000.s1065.t000" lemma="liberal" pos="ADJ">liberale</instance>
         <wf lemma="holdning" pos="X">holdning</wf>
         <wf lemma="til" pos="X">til</wf>
         <wf lemma="bøsser" pos="X">bøsser</wf>
         <wf lemma="og" pos="X">og</wf>
         <wf lemma="lesbiske" pos="X">lesbiske</wf>
         <wf lemma="som" pos="X">som</wf>
         <wf lemma="Danmark" pos="X">Danmark</wf>
         <wf lemma="." pos="X">.</wf>
      </sentence>
      <sentence id="d000.s1066" source="wordnet-danish">
         <wf lemma="Slagterlærlingen" pos="X">Slagterlærlingen</wf>
         <wf lemma="yndede" pos="X">yndede</wf>
         <wf lemma="at" pos="X">at</wf>
         <wf lemma="prale" pos="X">prale</wf>
         <wf lemma="af" pos="X">af</wf>
         <wf lemma="sin" pos="X">sin</wf>
         <wf lemma="store" pos="X">store</wf>
         <wf lemma="stærke" pos="X">stærke</wf>
         <instance id="d000.s1066.t000" lemma="krop" pos="NOUN">krop</instance>
         <wf lemma="på" pos="X">på</wf>
         <wf lemma="190" pos="X">190</wf>
         <wf lemma="cm" pos="X">cm</wf>
         <wf lemma="og" pos="X">og</wf>
         <wf lemma="100" pos="X">100</wf>
         <wf lemma="kilo." pos="X">kilo.</wf>
      </sentence>
      <sentence id="d000.s1067" source="wordnet-danish">
         <wf lemma="Jeg" pos="X">Jeg</wf>
         <wf lemma="er" pos="X">er</wf>
         <wf lemma="imod" pos="X">imod</wf>
         <wf lemma="enhver" pos="X">enhver</wf>
         <wf lemma="yderligere" pos="X">yderligere</wf>
         <wf lemma="atomoprustning" pos="X">atomoprustning</wf>
         <wf lemma="i" pos="X">i</wf>
         <wf lemma="Europa" pos="X">Europa</wf>
         <wf lemma="," pos="X">,</wf>
         <wf lemma="for" pos="X">for</wf>
         <wf lemma="den" pos="X">den</wf>
         <wf lemma="øger" pos="X">øger</wf>
         <instance id="d000.s1067.t000" lemma="risiko" pos="NOUN">risikoen</instance>
         <wf lemma="for" pos="X">for</wf>
         <wf lemma="krig" pos="X">krig</wf>
         <wf lemma="." pos="X">.</wf>
      </sentence>
      <sentence id="d000.s1068" source="wordnet-danish">
         <wf lemma="Vinden" pos="X">Vinden</wf>
         <wf lemma="bliver" pos="X">bliver</wf>
         <wf lemma="jævn" pos="X">jævn</wf>
         <wf lemma="til" pos="X">til</wf>
         <wf lemma="frisk" pos="X">frisk</wf>
         <wf lemma="fra" pos="X">fra</wf>
         <instance id="d000.s1068.t000" lemma="øst" pos="NOUN">øst</instance>
         <wf lemma="," pos="X">,</wf>
         <wf lemma="ved" pos="X">ved</wf>
         <wf lemma="Østersøen" pos="X">Østersøen</wf>
         <wf lemma="op" pos="X">op</wf>
         <wf lemma="til" pos="X">til</wf>
         <wf lemma="hård" pos="X">hård</wf>
         <wf lemma="vind" pos="X">vind</wf>
         <wf lemma="." pos="X">.</wf>
      </sentence>
      <sentence id="d000.s1069" source="wordnet-danish">
         <wf lemma="Jeg" pos="X">Jeg</wf>
         <instance id="d000.s1069.t000" lemma="elske" pos="VERB">elsker</instance>
         <wf lemma="min" pos="X">min</wf>
         <wf lemma="far" pos="X">far</wf>
         <wf lemma="over" pos="X">over</wf>
         <wf lemma="alt" pos="X">alt</wf>
         <wf lemma="på" pos="X">på</wf>
         <wf lemma="Jorden" pos="X">Jorden</wf>
         <wf lemma="." pos="X">.</wf>
      </sentence>
      <sentence id="d000.s1070" source="wordnet-danish">
         <wf lemma="loven" pos="X">loven</wf>
         <instance id="d000.s1070.t000" lemma="forbyde" pos="VERB">forbyder</instance>
         <wf lemma="tobaksreklamer" pos="X">tobaksreklamer</wf>
         <wf lemma="i" pos="X">i</wf>
         <wf lemma="sporten" pos="X">sporten</wf>
         <wf lemma="." pos="X">.</wf>
      </sentence>
      <sentence id="d000.s1071" source="wordnet-danish">
         <wf lemma="Der" pos="X">Der</wf>
         <wf lemma="skal" pos="X">skal</wf>
         <wf lemma="nu" pos="X">nu</wf>
         <wf lemma="laves" pos="X">laves</wf>
         <wf lemma="en" pos="X">en</wf>
         <instance id="d000.s1071.t000" lemma="fuldstændig" pos="ADJ">fuldstændig</instance>
         <wf lemma="registrering" pos="X">registrering</wf>
         <wf lemma="af" pos="X">af</wf>
         <wf lemma="sælerne" pos="X">sælerne</wf>
         <wf lemma="i" pos="X">i</wf>
         <wf lemma="Vadehavet" pos="X">Vadehavet</wf>
         <wf lemma="." pos="X">.</wf>
      </sentence>
      <sentence id="d000.s1072" source="wordnet-danish">
         <wf lemma="Tekniske" pos="X">Tekniske</wf>
         <instance id="d000.s1072.t000" lemma="fremskridt" pos="NOUN">fremskridt</instance>
         <wf lemma="har" pos="X">har</wf>
         <wf lemma="givet" pos="X">givet</wf>
         <wf lemma="os" pos="X">os</wf>
         <wf lemma="vor" pos="X">vor</wf>
         <wf lemma="rigdom" pos="X">rigdom</wf>
         <wf lemma="," pos="X">,</wf>
         <wf lemma="vor" pos="X">vor</wf>
         <wf lemma="velfærd" pos="X">velfærd</wf>
         <wf lemma="." pos="X">.</wf>
      </sentence>
      <sentence id="d000.s1073" source="wordnet-danish">
         <wf lemma="når" pos="X">når</wf>
         <wf lemma="vejret" pos="X">vejret</wf>
         <wf lemma="blev" pos="X">blev</wf>
         <wf lemma="uroligt" pos="X">uroligt</wf>
         <wf lemma="og" pos="X">og</wf>
         <wf lemma="båden" pos="X">båden</wf>
         <instance id="d000.s1073.t000" lemma="gynge" pos="VERB">gyngede</instance>
         <wf lemma="," pos="X">,</wf>
         <wf lemma="måtte" pos="X">måtte</wf>
         <wf lemma="jeg" pos="X">jeg</wf>
         <wf lemma="gå" pos="X">gå</wf>
         <wf lemma="ud" pos="X">ud</wf>
         <wf lemma="i" pos="X">i</wf>
         <wf lemma="det" pos="X">det</wf>
         <wf lemma="fri" pos="X">fri</wf>
         <wf lemma="for" pos="X">for</wf>
         <wf lemma="ikke" pos="X">ikke</wf>
         <wf lemma="at" pos="X">at</wf>
         <wf lemma="blive" pos="X">blive</wf>
         <wf lemma="søsyg" pos="X">søsyg</wf>
         <wf lemma="." pos="X">.</wf>
      </sentence>
      <sentence id="d000.s1074" source="wordnet-danish">
         <wf lemma="I" pos="X">I</wf>
         <wf lemma="Østgrønland" pos="X">Østgrønland</wf>
         <wf lemma="var" pos="X">var</wf>
         <wf lemma="natur" pos="X">natur</wf>
         <wf lemma="og" pos="X">og</wf>
         <instance id="d000.s1074.t000" lemma="klima" pos="NOUN">klima</instance>
         <wf lemma="alt" pos="X">alt</wf>
         <wf lemma="for" pos="X">for</wf>
         <wf lemma="barskt" pos="X">barskt</wf>
         <wf lemma="til" pos="X">til</wf>
         <wf lemma="," pos="X">,</wf>
         <wf lemma="at" pos="X">at</wf>
         <wf lemma="man" pos="X">man</wf>
         <wf lemma="kunne" pos="X">kunne</wf>
         <wf lemma="bosætte" pos="X">bosætte</wf>
         <wf lemma="sig" pos="X">sig</wf>
         <wf lemma="med" pos="X">med</wf>
         <wf lemma="gårde" pos="X">gårde</wf>
         <wf lemma="og" pos="X">og</wf>
         <wf lemma="husdyr" pos="X">husdyr</wf>
         <wf lemma="." pos="X">.</wf>
      </sentence>
      <sentence id="d000.s1075" source="wordnet-danish">
         <wf lemma="det" pos="X">det</wf>
         <wf lemma="blev" pos="X">blev</wf>
         <wf lemma="besluttet" pos="X">besluttet</wf>
         <wf lemma="," pos="X">,</wf>
         <wf lemma="at" pos="X">at</wf>
         <wf lemma="forestillingen" pos="X">forestillingen</wf>
         <wf lemma="skulle" pos="X">skulle</wf>
         <instance id="d000.s1075.t000" lemma="gentage" pos="VERB">gentages</instance>
         <wf lemma="fire" pos="X">fire</wf>
         <wf lemma="dage" pos="X">dage</wf>
         <wf lemma="senere" pos="X">senere</wf>
         <wf lemma="." pos="X">.</wf>
      </sentence>
      <sentence id="d000.s1076" source="wordnet-danish">
         <wf lemma="Jeg" pos="X">Jeg</wf>
         <wf lemma="blev" pos="X">blev</wf>
         <instance id="d000.s1076.t000" lemma="opmærksom" pos="ADJ">opmærksom</instance>
         <wf lemma="på" pos="X">på</wf>
         <wf lemma="den" pos="X">den</wf>
         <wf lemma="dæmpede" pos="X">dæmpede</wf>
         <wf lemma="musik" pos="X">musik</wf>
         <wf lemma="," pos="X">,</wf>
         <wf lemma="der" pos="X">der</wf>
         <wf lemma="strømmede" pos="X">strømmede</wf>
         <wf lemma="ud" pos="X">ud</wf>
         <wf lemma="i" pos="X">i</wf>
         <wf lemma="stuen" pos="X">stuen</wf>
         <wf lemma="." pos="X">.</wf>
      </sentence>
      <sentence id="d000.s1077" source="wordnet-danish">
         <wf lemma="Mere" pos="X">Mere</wf>
         <wf lemma="end" pos="X">end</wf>
         <wf lemma="to" pos="X">to</wf>
         <wf lemma="uger" pos="X">uger</wf>
         <wf lemma="efter" pos="X">efter</wf>
         <wf lemma="mordbranden" pos="X">mordbranden</wf>
         <wf lemma="i" pos="X">i</wf>
         <wf lemma="Mölln" pos="X">Mölln</wf>
         <wf lemma="," pos="X">,</wf>
         <wf lemma="hvor" pos="X">hvor</wf>
         <wf lemma="tre" pos="X">tre</wf>
         <wf lemma="tyrkere" pos="X">tyrkere</wf>
         <wf lemma="indebrændte" pos="X">indebrændte</wf>
         <wf lemma="," pos="X">,</wf>
         <wf lemma="er" pos="X">er</wf>
         <wf lemma="det" pos="X">det</wf>
         <wf lemma="officielle" pos="X">officielle</wf>
         <wf lemma="Tyskland" pos="X">Tyskland</wf>
         <wf lemma=".." pos="X">..</wf>
         <wf lemma="gået" pos="X">gået</wf>
         <wf lemma="til" pos="X">til</wf>
         <wf lemma="modangreb" pos="X">modangreb</wf>
         <wf lemma="mod" pos="X">mod</wf>
         <instance id="d000.s1077.t000" lemma="racisme" pos="NOUN">racismen</instance>
         <wf lemma="og" pos="X">og</wf>
         <wf lemma="fremmedhadet" pos="X">fremmedhadet</wf>
         <wf lemma="." pos="X">.</wf>
      </sentence>
      <sentence id="d000.s1078" source="wordnet-danish">
         <wf lemma="Forbindelsen" pos="X">Forbindelsen</wf>
         <wf lemma="[over" pos="X">[over</wf>
         <wf lemma="Storebælt]" pos="X">Storebælt]</wf>
         <wf lemma="skal" pos="X">skal</wf>
         <wf lemma="som" pos="X">som</wf>
         <wf lemma="bekendt" pos="X">bekendt</wf>
         <instance id="d000.s1078.t000" lemma="betale" pos="VERB">betales</instance>
         <wf lemma="af" pos="X">af</wf>
         <wf lemma="bilisterne" pos="X">bilisterne</wf>
         <wf lemma="og" pos="X">og</wf>
         <wf lemma="DSB." pos="X">DSB.</wf>
      </sentence>
      <sentence id="d000.s1079" source="wordnet-danish">
         <instance id="d000.s1079.t000" lemma="historiker" pos="NOUN">Historikerne</instance>
         <wf lemma="strides" pos="X">strides</wf>
         <wf lemma="om" pos="X">om</wf>
         <wf lemma="," pos="X">,</wf>
         <wf lemma="hvorvidt" pos="X">hvorvidt</wf>
         <wf lemma="Oman" pos="X">Oman</wf>
         <wf lemma="er" pos="X">er</wf>
         <wf lemma="det" pos="X">det</wf>
         <wf lemma="land" pos="X">land</wf>
         <wf lemma="," pos="X">,</wf>
         <wf lemma="der" pos="X">der</wf>
         <wf lemma="i" pos="X">i</wf>
         <wf lemma="oldtiden" pos="X">oldtiden</wf>
         <wf lemma="var" pos="X">var</wf>
         <wf lemma="kendt" pos="X">kendt</wf>
         <wf lemma="i" pos="X">i</wf>
         <wf lemma="golfen" pos="X">golfen</wf>
         <wf lemma="som" pos="X">som</wf>
         <wf lemma="Magan" pos="X">Magan</wf>
         <wf lemma="." pos="X">.</wf>
      </sentence>
      <sentence id="d000.s1080" source="wordnet-danish">
         <wf lemma="Værelserne" pos="X">Værelserne</wf>
         <wf lemma="er" pos="X">er</wf>
         <wf lemma="alle" pos="X">alle</wf>
         <wf lemma="udstyret" pos="X">udstyret</wf>
         <wf lemma="med" pos="X">med</wf>
         <instance id="d000.s1080.t000" lemma="facilitet" pos="NOUN">faciliteter</instance>
         <wf lemma="som" pos="X">som</wf>
         <wf lemma="TV" pos="X">TV</wf>
         <wf lemma="," pos="X">,</wf>
         <wf lemma="radio" pos="X">radio</wf>
         <wf lemma="," pos="X">,</wf>
         <wf lemma="minibar" pos="X">minibar</wf>
         <wf lemma="," pos="X">,</wf>
         <wf lemma="telefon" pos="X">telefon</wf>
         <wf lemma="og" pos="X">og</wf>
         <wf lemma="gratis" pos="X">gratis</wf>
         <wf lemma="video" pos="X">video</wf>
         <wf lemma="." pos="X">.</wf>
      </sentence>
      <sentence id="d000.s1081" source="wordnet-danish">
         <instance id="d000.s1081.t000" lemma="symptom" pos="NOUN">Symptomerne</instance>
         <wf lemma="på" pos="X">på</wf>
         <wf lemma="meningitis" pos="X">meningitis</wf>
         <wf lemma="ligner" pos="X">ligner</wf>
         <wf lemma=".." pos="X">..</wf>
         <wf lemma="i" pos="X">i</wf>
         <wf lemma="begyndelsen" pos="X">begyndelsen</wf>
         <wf lemma="meget" pos="X">meget</wf>
         <wf lemma="symptomerne" pos="X">symptomerne</wf>
         <wf lemma="på" pos="X">på</wf>
         <wf lemma="influenza" pos="X">influenza</wf>
         <wf lemma="." pos="X">.</wf>
      </sentence>
      <sentence id="d000.s1082" source="wordnet-danish">
         <wf lemma="Det" pos="X">Det</wf>
         <wf lemma="er" pos="X">er</wf>
         <wf lemma="afgjort" pos="X">afgjort</wf>
         <wf lemma="smart" pos="X">smart</wf>
         <wf lemma="at" pos="X">at</wf>
         <wf lemma="aflire" pos="X">aflire</wf>
         <wf lemma="et" pos="X">et</wf>
         <instance id="d000.s1082.t000" lemma="citat" pos="NOUN">citat</instance>
         <wf lemma="af" pos="X">af</wf>
         <wf lemma="Kierkegaard" pos="X">Kierkegaard</wf>
         <wf lemma="," pos="X">,</wf>
         <wf lemma="Sokrates" pos="X">Sokrates</wf>
         <wf lemma="eller" pos="X">eller</wf>
         <wf lemma="Jung" pos="X">Jung</wf>
         <wf lemma="i" pos="X">i</wf>
         <wf lemma="hver" pos="X">hver</wf>
         <wf lemma="anden" pos="X">anden</wf>
         <wf lemma="sætning" pos="X">sætning</wf>
         <wf lemma="." pos="X">.</wf>
      </sentence>
      <sentence id="d000.s1083" source="wordnet-danish">
         <wf lemma="først" pos="X">først</wf>
         <wf lemma="på" pos="X">på</wf>
         <wf lemma="aftenen" pos="X">aftenen</wf>
         <wf lemma="blev" pos="X">blev</wf>
         <wf lemma="jeg" pos="X">jeg</wf>
         <wf lemma="overfaldet" pos="X">overfaldet</wf>
         <wf lemma="af" pos="X">af</wf>
         <wf lemma="en" pos="X">en</wf>
         <wf lemma="frygtelig" pos="X">frygtelig</wf>
         <instance id="d000.s1083.t000" lemma="trang" pos="NOUN">trang</instance>
         <wf lemma="til" pos="X">til</wf>
         <wf lemma="kager" pos="X">kager</wf>
         <wf lemma=".." pos="X">..</wf>
         <wf lemma="og" pos="X">og</wf>
         <wf lemma="gik" pos="X">gik</wf>
         <wf lemma="til" pos="X">til</wf>
         <wf lemma="bageren" pos="X">bageren</wf>
         <wf lemma="." pos="X">.</wf>
      </sentence>
      <sentence id="d000.s1084" source="wordnet-danish">
         <wf lemma="det" pos="X">det</wf>
         <wf lemma="går" pos="X">går</wf>
         <wf lemma="ud" pos="X">ud</wf>
         <wf lemma="over" pos="X">over</wf>
         <wf lemma="psyken" pos="X">psyken</wf>
         <wf lemma="," pos="X">,</wf>
         <wf lemma="hvis" pos="X">hvis</wf>
         <wf lemma="man" pos="X">man</wf>
         <wf lemma="ikke" pos="X">ikke</wf>
         <wf lemma="er" pos="X">er</wf>
         <instance id="d000.s1084.t000" lemma="fysisk" pos="ADJ">fysisk</instance>
         <wf lemma="veltilpas" pos="X">veltilpas</wf>
         <wf lemma="." pos="X">.</wf>
      </sentence>
      <sentence id="d000.s1085" source="wordnet-danish">
         <wf lemma="trods" pos="X">trods</wf>
         <wf lemma="tidligere" pos="X">tidligere</wf>
         <instance id="d000.s1085.t000" lemma="tilståelse" pos="NOUN">tilståelser</instance>
         <wf lemma="," pos="X">,</wf>
         <wf lemma="nægtede" pos="X">nægtede</wf>
         <wf lemma="han" pos="X">han</wf>
         <wf lemma="og" pos="X">og</wf>
         <wf lemma="forklarede" pos="X">forklarede</wf>
         <wf lemma="," pos="X">,</wf>
         <wf lemma="at" pos="X">at</wf>
         <wf lemma="drabet" pos="X">drabet</wf>
         <wf lemma="blev" pos="X">blev</wf>
         <wf lemma="begået" pos="X">begået</wf>
         <wf lemma="af" pos="X">af</wf>
         <wf lemma="en" pos="X">en</wf>
         <wf lemma="tredje" pos="X">tredje</wf>
         <wf lemma="mand" pos="X">mand</wf>
         <wf lemma="." pos="X">.</wf>
      </sentence>
      <sentence id="d000.s1086" source="wordnet-danish">
         <wf lemma="livet" pos="X">livet</wf>
         <instance id="d000.s1086.t000" lemma="opstå" pos="VERB">opstod</instance>
         <wf lemma="for" pos="X">for</wf>
         <wf lemma="3" pos="X">3</wf>
         <wf lemma="1/2" pos="X">1/2</wf>
         <wf lemma="milliard" pos="X">milliard</wf>
         <wf lemma="år" pos="X">år</wf>
         <wf lemma="siden" pos="X">siden</wf>
         <wf lemma="." pos="X">.</wf>
      </sentence>
      <sentence id="d000.s1087" source="wordnet-danish">
         <wf lemma="Du" pos="X">Du</wf>
         <wf lemma="skal" pos="X">skal</wf>
         <wf lemma="hjælpe" pos="X">hjælpe</wf>
         <wf lemma="mig" pos="X">mig</wf>
         <wf lemma="," pos="X">,</wf>
         <wf lemma="og" pos="X">og</wf>
         <wf lemma="jeg" pos="X">jeg</wf>
         <wf lemma="vil" pos="X">vil</wf>
         <instance id="d000.s1087.t000" lemma="belønne" pos="VERB">belønne</instance>
         <wf lemma="dig" pos="X">dig</wf>
         <wf lemma="fyrsteligt" pos="X">fyrsteligt</wf>
         <wf lemma="for" pos="X">for</wf>
         <wf lemma="det" pos="X">det</wf>
         <wf lemma="." pos="X">.</wf>
      </sentence>
      <sentence id="d000.s1088" source="wordnet-danish">
         <wf lemma="Vi" pos="X">Vi</wf>
         <wf lemma="vil" pos="X">vil</wf>
         <wf lemma="lave" pos="X">lave</wf>
         <instance id="d000.s1088.t000" lemma="teater" pos="NOUN">teater</instance>
         <wf lemma="," pos="X">,</wf>
         <wf lemma="der" pos="X">der</wf>
         <wf lemma="giver" pos="X">giver</wf>
         <wf lemma="folk" pos="X">folk</wf>
         <wf lemma="en" pos="X">en</wf>
         <wf lemma="oplevelse" pos="X">oplevelse</wf>
         <wf lemma="for" pos="X">for</wf>
         <wf lemma="livet" pos="X">livet</wf>
         <wf lemma="" pos="X"></wf>
         <wf lemma="hver" pos="X">hver</wf>
         <wf lemma="eneste" pos="X">eneste</wf>
         <wf lemma="gang" pos="X">gang</wf>
         <wf lemma="." pos="X">.</wf>
      </sentence>
      <sentence id="d000.s1089" source="wordnet-danish">
         <instance id="d000.s1089.t000" lemma="ost" pos="NOUN">ostene</instance>
         <wf lemma="var" pos="X">var</wf>
         <wf lemma="pyntet" pos="X">pyntet</wf>
         <wf lemma="med" pos="X">med</wf>
         <wf lemma="stjernede" pos="X">stjernede</wf>
         <wf lemma="radiser" pos="X">radiser</wf>
         <wf lemma="samt" pos="X">samt</wf>
         <wf lemma="skiver" pos="X">skiver</wf>
         <wf lemma="af" pos="X">af</wf>
         <wf lemma="grøn" pos="X">grøn</wf>
         <wf lemma="peber" pos="X">peber</wf>
         <wf lemma="." pos="X">.</wf>
      </sentence>
      <sentence id="d000.s1090" source="wordnet-danish">
         <wf lemma="Solen" pos="X">Solen</wf>
         <wf lemma="ville" pos="X">ville</wf>
         <wf lemma="ikke" pos="X">ikke</wf>
         <wf lemma="bide" pos="X">bide</wf>
         <wf lemma="på" pos="X">på</wf>
         <wf lemma="hende" pos="X">hende</wf>
         <wf lemma="," pos="X">,</wf>
         <wf lemma="men" pos="X">men</wf>
         <wf lemma="lagde" pos="X">lagde</wf>
         <wf lemma="et" pos="X">et</wf>
         <wf lemma="drys" pos="X">drys</wf>
         <wf lemma="af" pos="X">af</wf>
         <wf lemma="små" pos="X">små</wf>
         <wf lemma="gyldne" pos="X">gyldne</wf>
         <instance id="d000.s1090.t000" lemma="fregne" pos="NOUN">fregner</instance>
         <wf lemma="over" pos="X">over</wf>
         <wf lemma="hendes" pos="X">hendes</wf>
         <wf lemma="hvide" pos="X">hvide</wf>
         <wf lemma="ansigt" pos="X">ansigt</wf>
         <wf lemma="." pos="X">.</wf>
      </sentence>
      <sentence id="d000.s1091" source="wordnet-danish">
         <wf lemma="Nu" pos="X">Nu</wf>
         <wf lemma="ville" pos="X">ville</wf>
         <wf lemma="det" pos="X">det</wf>
         <wf lemma="jo" pos="X">jo</wf>
         <wf lemma="have" pos="X">have</wf>
         <wf lemma="hjulpet" pos="X">hjulpet</wf>
         <wf lemma="på" pos="X">på</wf>
         <wf lemma="hr." pos="X">hr.</wf>
         <wf lemma="Kim" pos="X">Kim</wf>
         <wf lemma="Behnkes" pos="X">Behnkes</wf>
         <wf lemma="spørgsmål" pos="X">spørgsmål</wf>
         <wf lemma="," pos="X">,</wf>
         <wf lemma="hvis" pos="X">hvis</wf>
         <wf lemma="han" pos="X">han</wf>
         <wf lemma="havde" pos="X">havde</wf>
         <wf lemma="klappet" pos="X">klappet</wf>
         <instance id="d000.s1091.t000" lemma="lyttebøf" pos="NOUN">lyttebøfferne</instance>
         <wf lemma="ud" pos="X">ud</wf>
         <wf lemma="," pos="X">,</wf>
         <wf lemma="da" pos="X">da</wf>
         <wf lemma="jeg" pos="X">jeg</wf>
         <wf lemma="talte" pos="X">talte</wf>
         <wf lemma="i" pos="X">i</wf>
         <wf lemma="første" pos="X">første</wf>
         <wf lemma="omgang" pos="X">omgang</wf>
         <wf lemma="." pos="X">.</wf>
      </sentence>
      <sentence id="d000.s1092" source="wordnet-danish">
         <wf lemma="Kikkerten" pos="X">Kikkerten</wf>
         <wf lemma="hang" pos="X">hang</wf>
         <wf lemma="i" pos="X">i</wf>
         <wf lemma="en" pos="X">en</wf>
         <instance id="d000.s1092.t000" lemma="rem" pos="NOUN">rem</instance>
         <wf lemma="om" pos="X">om</wf>
         <wf lemma="hans" pos="X">hans</wf>
         <wf lemma="hals" pos="X">hals</wf>
         <wf lemma="." pos="X">.</wf>
      </sentence>
      <sentence id="d000.s1093" source="wordnet-danish">
         <wf lemma="Danske" pos="X">Danske</wf>
         <wf lemma="soldater" pos="X">soldater</wf>
         <wf lemma="er" pos="X">er</wf>
         <wf lemma="vant" pos="X">vant</wf>
         <wf lemma="til" pos="X">til</wf>
         <wf lemma="," pos="X">,</wf>
         <wf lemma="der" pos="X">der</wf>
         <wf lemma="kun" pos="X">kun</wf>
         <wf lemma="stilles" pos="X">stilles</wf>
         <wf lemma="krav" pos="X">krav</wf>
         <wf lemma="fra" pos="X">fra</wf>
         <wf lemma="mandag" pos="X">mandag</wf>
         <wf lemma="morgen" pos="X">morgen</wf>
         <wf lemma="til" pos="X">til</wf>
         <wf lemma="fredag" pos="X">fredag</wf>
         <instance id="d000.s1093.t000" lemma="eftermiddag" pos="NOUN">eftermiddag</instance>
         <wf lemma="." pos="X">.</wf>
      </sentence>
      <sentence id="d000.s1094" source="wordnet-danish">
         <wf lemma="I" pos="X">I</wf>
         <wf lemma="1972" pos="X">1972</wf>
         <wf lemma="blev" pos="X">blev</wf>
         <instance id="d000.s1094.t000" lemma="messe" pos="NOUN">messen</instance>
         <wf lemma="delt" pos="X">delt</wf>
         <wf lemma="i" pos="X">i</wf>
         <wf lemma="en" pos="X">en</wf>
         <wf lemma="industrimesse" pos="X">industrimesse</wf>
         <wf lemma="på" pos="X">på</wf>
         <wf lemma="ulige" pos="X">ulige</wf>
         <wf lemma="årstal" pos="X">årstal</wf>
         <wf lemma="og" pos="X">og</wf>
         <wf lemma="en" pos="X">en</wf>
         <wf lemma="byggerimesse" pos="X">byggerimesse</wf>
         <wf lemma="på" pos="X">på</wf>
         <wf lemma="lige" pos="X">lige</wf>
         <wf lemma="årstal" pos="X">årstal</wf>
         <wf lemma="." pos="X">.</wf>
      </sentence>
      <sentence id="d000.s1095" source="wordnet-danish">
         <wf lemma="Designeren" pos="X">Designeren</wf>
         <wf lemma="Peter" pos="X">Peter</wf>
         <wf lemma="Bjerg" pos="X">Bjerg</wf>
         <wf lemma="," pos="X">,</wf>
         <wf lemma="31" pos="X">31</wf>
         <wf lemma="," pos="X">,</wf>
         <wf lemma="har" pos="X">har</wf>
         <wf lemma="altid" pos="X">altid</wf>
         <wf lemma="haft" pos="X">haft</wf>
         <wf lemma="en" pos="X">en</wf>
         <wf lemma="stærk" pos="X">stærk</wf>
         <instance id="d000.s1095.t000" lemma="fornemmelse" pos="NOUN">fornemmelse</instance>
         <wf lemma="for" pos="X">for</wf>
         <wf lemma="de" pos="X">de</wf>
         <wf lemma="strømninger" pos="X">strømninger</wf>
         <wf lemma="," pos="X">,</wf>
         <wf lemma="der" pos="X">der</wf>
         <wf lemma="ventede" pos="X">ventede</wf>
         <wf lemma="lige" pos="X">lige</wf>
         <wf lemma="om" pos="X">om</wf>
         <wf lemma="hjørnet" pos="X">hjørnet</wf>
         <wf lemma="." pos="X">.</wf>
      </sentence>
      <sentence id="d000.s1096" source="wordnet-danish">
         <wf lemma="Kemi" pos="X">Kemi</wf>
         <wf lemma="kan" pos="X">kan</wf>
         <wf lemma="læses" pos="X">læses</wf>
         <wf lemma="som" pos="X">som</wf>
         <wf lemma="étfagsstudium" pos="X">étfagsstudium</wf>
         <wf lemma="eller" pos="X">eller</wf>
         <wf lemma="i" pos="X">i</wf>
         <instance id="d000.s1096.t000" lemma="kombination" pos="NOUN">kombination</instance>
         <wf lemma="med" pos="X">med</wf>
         <wf lemma="andre" pos="X">andre</wf>
         <wf lemma="fag" pos="X">fag</wf>
         <wf lemma="." pos="X">.</wf>
      </sentence>
      <sentence id="d000.s1097" source="wordnet-danish">
         <wf lemma="Det" pos="X">Det</wf>
         <wf lemma="bliver" pos="X">bliver</wf>
         <instance id="d000.s1097.t000" lemma="dyr" pos="ADJ">dyrere</instance>
         <wf lemma="at" pos="X">at</wf>
         <wf lemma="ringe" pos="X">ringe</wf>
         <wf lemma="lokalt" pos="X">lokalt</wf>
         <wf lemma="." pos="X">.</wf>
      </sentence>
      <sentence id="d000.s1098" source="wordnet-danish">
         <wf lemma="Han" pos="X">Han</wf>
         <wf lemma="fik" pos="X">fik</wf>
         <wf lemma="det" pos="X">det</wf>
         <wf lemma="meste" pos="X">meste</wf>
         <wf lemma="af" pos="X">af</wf>
         <wf lemma="slangen" pos="X">slangen</wf>
         <wf lemma="hevet" pos="X">hevet</wf>
         <wf lemma="ud" pos="X">ud</wf>
         <wf lemma="og" pos="X">og</wf>
         <wf lemma="prøvede" pos="X">prøvede</wf>
         <wf lemma="," pos="X">,</wf>
         <wf lemma="om" pos="X">om</wf>
         <wf lemma="den" pos="X">den</wf>
         <wf lemma="største" pos="X">største</wf>
         <instance id="d000.s1098.t000" lemma="lap" pos="NOUN">lap</instance>
         <wf lemma="i" pos="X">i</wf>
         <wf lemma="æsken" pos="X">æsken</wf>
         <wf lemma="duede" pos="X">duede</wf>
         <wf lemma="." pos="X">.</wf>
      </sentence>
      <sentence id="d000.s1099" source="wordnet-danish">
         <wf lemma="Når" pos="X">Når</wf>
         <wf lemma="MOKredaktionen" pos="X">MOKredaktionen</wf>
         <wf lemma="skal" pos="X">skal</wf>
         <wf lemma="åbne" pos="X">åbne</wf>
         <wf lemma="en" pos="X">en</wf>
         <wf lemma="fil" pos="X">fil</wf>
         <wf lemma="er" pos="X">er</wf>
         <wf lemma="det" pos="X">det</wf>
         <wf lemma="nødvendigt" pos="X">nødvendigt</wf>
         <wf lemma="at" pos="X">at</wf>
         <wf lemma="vi" pos="X">vi</wf>
         <wf lemma="kender" pos="X">kender</wf>
         <wf lemma="det" pos="X">det</wf>
         <instance id="d000.s1099.t000" lemma="format" pos="NOUN">format</instance>
         <wf lemma="filen" pos="X">filen</wf>
         <wf lemma="er" pos="X">er</wf>
         <wf lemma="skrevet" pos="X">skrevet</wf>
         <wf lemma="i" pos="X">i</wf>
         <wf lemma="og" pos="X">og</wf>
         <wf lemma="at" pos="X">at</wf>
         <wf lemma="vi" pos="X">vi</wf>
         <wf lemma="kan" pos="X">kan</wf>
         <wf lemma="læse" pos="X">læse</wf>
         <wf lemma="netop" pos="X">netop</wf>
         <wf lemma="det" pos="X">det</wf>
         <wf lemma="format" pos="X">format</wf>
         <wf lemma="." pos="X">.</wf>
      </sentence>
      <sentence id="d000.s1100" source="wordnet-danish">
         <wf lemma="'" pos="X">'</wf>
         <wf lemma="Vi" pos="X">Vi</wf>
         <wf lemma="er" pos="X">er</wf>
         <wf lemma="vist" pos="X">vist</wf>
         <wf lemma="aldrig" pos="X">aldrig</wf>
         <wf lemma="blevet" pos="X">blevet</wf>
         <instance id="d000.s1100.t000" lemma="præsentere" pos="VERB">præsenteret</instance>
         <wf lemma="for" pos="X">for</wf>
         <wf lemma="hinanden" pos="X">hinanden</wf>
         <wf lemma="." pos="X">.</wf>
         <wf lemma="Vil" pos="X">Vil</wf>
         <wf lemma="frøkenen" pos="X">frøkenen</wf>
         <wf lemma="sige" pos="X">sige</wf>
         <wf lemma="mig" pos="X">mig</wf>
         <wf lemma="sit" pos="X">sit</wf>
         <wf lemma="navn'." pos="X">navn'.</wf>
      </sentence>
      <sentence id="d000.s1101" source="wordnet-danish">
         <wf lemma="Et" pos="X">Et</wf>
         <wf lemma="vaskeægte" pos="X">vaskeægte</wf>
         <instance id="d000.s1101.t000" lemma="disko" pos="NOUN">disko</instance>
         <wf lemma="med" pos="X">med</wf>
         <wf lemma="hvad" pos="X">hvad</wf>
         <wf lemma="dertil" pos="X">dertil</wf>
         <wf lemma="hører" pos="X">hører</wf>
         <wf lemma="af" pos="X">af</wf>
         <wf lemma="lysshow" pos="X">lysshow</wf>
         <wf lemma="," pos="X">,</wf>
         <wf lemma="videoskærme" pos="X">videoskærme</wf>
         <wf lemma="med" pos="X">med</wf>
         <wf lemma="computergrafik" pos="X">computergrafik</wf>
         <wf lemma="," pos="X">,</wf>
         <wf lemma="messing" pos="X">messing</wf>
         <wf lemma="," pos="X">,</wf>
         <wf lemma="mahogni" pos="X">mahogni</wf>
         <wf lemma="og" pos="X">og</wf>
         <wf lemma="natsorte" pos="X">natsorte</wf>
         <wf lemma="toiletter" pos="X">toiletter</wf>
         <wf lemma="!" pos="X">!</wf>
      </sentence>
      <sentence id="d000.s1102" source="wordnet-danish">
         <wf lemma="hvor" pos="X">hvor</wf>
         <wf lemma="havde" pos="X">havde</wf>
         <wf lemma="jeg" pos="X">jeg</wf>
         <wf lemma="dog" pos="X">dog</wf>
         <wf lemma="lyst" pos="X">lyst</wf>
         <wf lemma="til" pos="X">til</wf>
         <wf lemma="bare" pos="X">bare</wf>
         <wf lemma="at" pos="X">at</wf>
         <instance id="d000.s1102.t000" lemma="holde" pos="VERB">holde</instance>
         <wf lemma="dig" pos="X">dig</wf>
         <wf lemma="tæt" pos="X">tæt</wf>
         <wf lemma="," pos="X">,</wf>
         <wf lemma="sådan" pos="X">sådan</wf>
         <wf lemma="rigtigt" pos="X">rigtigt</wf>
         <wf lemma="kramme" pos="X">kramme</wf>
         <wf lemma="dig" pos="X">dig</wf>
         <wf lemma="." pos="X">.</wf>
      </sentence>
      <sentence id="d000.s1103" source="wordnet-danish">
         <wf lemma="Danskerne" pos="X">Danskerne</wf>
         <wf lemma="er" pos="X">er</wf>
         <wf lemma="meget" pos="X">meget</wf>
         <wf lemma="bange" pos="X">bange</wf>
         <wf lemma="for" pos="X">for</wf>
         <wf lemma="at" pos="X">at</wf>
         <wf lemma="miste" pos="X">miste</wf>
         <wf lemma="deres" pos="X">deres</wf>
         <instance id="d000.s1103.t000" lemma="identitet" pos="NOUN">identitet</instance>
         <wf lemma="i" pos="X">i</wf>
         <wf lemma="mødet" pos="X">mødet</wf>
         <wf lemma="med" pos="X">med</wf>
         <wf lemma="Europa" pos="X">Europa</wf>
         <wf lemma="." pos="X">.</wf>
      </sentence>
      <sentence id="d000.s1104" source="wordnet-danish">
         <wf lemma="Tanzania" pos="X">Tanzania</wf>
         <wf lemma="har" pos="X">har</wf>
         <wf lemma="en" pos="X">en</wf>
         <instance id="d000.s1104.t000" lemma="befolkning" pos="NOUN">befolkning</instance>
         <wf lemma="på" pos="X">på</wf>
         <wf lemma="24" pos="X">24</wf>
         <wf lemma="mio." pos="X">mio.</wf>
         <wf lemma="indbyggere" pos="X">indbyggere</wf>
         <wf lemma="." pos="X">.</wf>
      </sentence>
      <sentence id="d000.s1105" source="wordnet-danish">
         <wf lemma="Sagen" pos="X">Sagen</wf>
         <wf lemma="begyndte" pos="X">begyndte</wf>
         <wf lemma="i" pos="X">i</wf>
         <wf lemma="går" pos="X">går</wf>
         <wf lemma="i" pos="X">i</wf>
         <wf lemma="Østre" pos="X">Østre</wf>
         <wf lemma="Landsret" pos="X">Landsret</wf>
         <wf lemma="," pos="X">,</wf>
         <wf lemma="hvor" pos="X">hvor</wf>
         <wf lemma="en" pos="X">en</wf>
         <wf lemma="nu" pos="X">nu</wf>
         <wf lemma="22-årig" pos="X">22-årig</wf>
         <wf lemma="mand" pos="X">mand</wf>
         <wf lemma="står" pos="X">står</wf>
         <instance id="d000.s1105.t000" lemma="anklage" pos="VERB">anklaget</instance>
         <wf lemma="for" pos="X">for</wf>
         <wf lemma="at" pos="X">at</wf>
         <wf lemma="have" pos="X">have</wf>
         <wf lemma="kvalt" pos="X">kvalt</wf>
         <wf lemma="kvinden" pos="X">kvinden</wf>
         <wf lemma="." pos="X">.</wf>
      </sentence>
      <sentence id="d000.s1106" source="wordnet-danish">
         <wf lemma="En" pos="X">En</wf>
         <wf lemma="af" pos="X">af</wf>
         <wf lemma="grundene" pos="X">grundene</wf>
         <wf lemma="til" pos="X">til</wf>
         <wf lemma="," pos="X">,</wf>
         <wf lemma="at" pos="X">at</wf>
         <wf lemma="overvægten" pos="X">overvægten</wf>
         <wf lemma="trives" pos="X">trives</wf>
         <wf lemma="som" pos="X">som</wf>
         <wf lemma="aldrig" pos="X">aldrig</wf>
         <wf lemma="før" pos="X">før</wf>
         <wf lemma="," pos="X">,</wf>
         <wf lemma="er" pos="X">er</wf>
         <wf lemma="," pos="X">,</wf>
         <wf lemma="at" pos="X">at</wf>
         <wf lemma=".." pos="X">..</wf>
         <wf lemma="de" pos="X">de</wf>
         <wf lemma="ikke" pos="X">ikke</wf>
         <wf lemma="får" pos="X">får</wf>
         <instance id="d000.s1106.t000" lemma="motion" pos="NOUN">motion</instance>
         <wf lemma="nok" pos="X">nok</wf>
         <wf lemma="." pos="X">.</wf>
      </sentence>
      <sentence id="d000.s1107" source="wordnet-danish">
         <wf lemma="Er" pos="X">Er</wf>
         <wf lemma="der" pos="X">der</wf>
         <wf lemma="overhovedet" pos="X">overhovedet</wf>
         <wf lemma="noget" pos="X">noget</wf>
         <wf lemma="," pos="X">,</wf>
         <wf lemma="du" pos="X">du</wf>
         <wf lemma="har" pos="X">har</wf>
         <wf lemma="lyst" pos="X">lyst</wf>
         <wf lemma="til" pos="X">til</wf>
         <wf lemma="?" pos="X">?</wf>
         <wf lemma="Ud" pos="X">Ud</wf>
         <wf lemma="over" pos="X">over</wf>
         <wf lemma="at" pos="X">at</wf>
         <wf lemma="ligge" pos="X">ligge</wf>
         <wf lemma="hjemme" pos="X">hjemme</wf>
         <wf lemma="i" pos="X">i</wf>
         <wf lemma="sofaen" pos="X">sofaen</wf>
         <wf lemma="og" pos="X">og</wf>
         <wf lemma="læse" pos="X">læse</wf>
         <instance id="d000.s1107.t000" lemma="blad" pos="NOUN">blade</instance>
         <wf lemma="og" pos="X">og</wf>
         <wf lemma="se" pos="X">se</wf>
         <wf lemma="fjernsyn" pos="X">fjernsyn</wf>
         <wf lemma="." pos="X">.</wf>
      </sentence>
      <sentence id="d000.s1108" source="wordnet-danish">
         <wf lemma="De" pos="X">De</wf>
         <wf lemma="væsentligste" pos="X">væsentligste</wf>
         <instance id="d000.s1108.t000" lemma="indvending" pos="NOUN">indvendinger</instance>
         <wf lemma="mod" pos="X">mod</wf>
         <wf lemma="genteknisk" pos="X">genteknisk</wf>
         <wf lemma="produktion" pos="X">produktion</wf>
         <wf lemma="har" pos="X">har</wf>
         <wf lemma="drejet" pos="X">drejet</wf>
         <wf lemma="sig" pos="X">sig</wf>
         <wf lemma="om" pos="X">om</wf>
         <wf lemma="de" pos="X">de</wf>
         <wf lemma="mulige" pos="X">mulige</wf>
         <wf lemma="økologiske" pos="X">økologiske</wf>
         <wf lemma="konsekvenser" pos="X">konsekvenser</wf>
         <wf lemma="." pos="X">.</wf>
      </sentence>
      <sentence id="d000.s1109" source="wordnet-danish">
         <wf lemma="menneskets" pos="X">menneskets</wf>
         <wf lemma="tilværelse" pos="X">tilværelse</wf>
         <wf lemma="var" pos="X">var</wf>
         <wf lemma="underlagt" pos="X">underlagt</wf>
         <instance id="d000.s1109.t000" lemma="natur" pos="NOUN">naturens</instance>
         <wf lemma="luner" pos="X">luner</wf>
         <wf lemma="i" pos="X">i</wf>
         <wf lemma="langt" pos="X">langt</wf>
         <wf lemma="højere" pos="X">højere</wf>
         <wf lemma="grad" pos="X">grad</wf>
         <wf lemma="," pos="X">,</wf>
         <wf lemma="end" pos="X">end</wf>
         <wf lemma="vi" pos="X">vi</wf>
         <wf lemma="i" pos="X">i</wf>
         <wf lemma="dag" pos="X">dag</wf>
         <wf lemma="kan" pos="X">kan</wf>
         <wf lemma="forestille" pos="X">forestille</wf>
         <wf lemma="os" pos="X">os</wf>
         <wf lemma="." pos="X">.</wf>
      </sentence>
      <sentence id="d000.s1110" source="wordnet-danish">
         <wf lemma="[Han]" pos="X">[Han]</wf>
         <wf lemma="stillede" pos="X">stillede</wf>
         <wf lemma="op" pos="X">op</wf>
         <wf lemma="til" pos="X">til</wf>
         <wf lemma="start" pos="X">start</wf>
         <wf lemma="," pos="X">,</wf>
         <wf lemma="og" pos="X">og</wf>
         <wf lemma="startede" pos="X">startede</wf>
         <wf lemma="og" pos="X">og</wf>
         <wf lemma="fik" pos="X">fik</wf>
         <wf lemma="sin" pos="X">sin</wf>
         <wf lemma="tid" pos="X">tid</wf>
         <wf lemma="noteret" pos="X">noteret</wf>
         <wf lemma="," pos="X">,</wf>
         <wf lemma="og" pos="X">og</wf>
         <wf lemma="det" pos="X">det</wf>
         <wf lemma="er" pos="X">er</wf>
         <wf lemma="der" pos="X">der</wf>
         <wf lemma="masser" pos="X">masser</wf>
         <wf lemma="af" pos="X">af</wf>
         <instance id="d000.s1110.t000" lemma="vidne" pos="NOUN">vidner</instance>
         <wf lemma="på" pos="X">på</wf>
         <wf lemma="." pos="X">.</wf>
      </sentence>
      <sentence id="d000.s1111" source="wordnet-danish">
         <wf lemma="Brevet" pos="X">Brevet</wf>
         <instance id="d000.s1111.t000" lemma="veje" pos="VERB">vejer</instance>
         <wf lemma="2" pos="X">2</wf>
         <wf lemma="g" pos="X">g</wf>
         <wf lemma="for" pos="X">for</wf>
         <wf lemma="meget" pos="X">meget</wf>
         <wf lemma="og" pos="X">og</wf>
         <wf lemma="mangler" pos="X">mangler</wf>
         <wf lemma="1.25" pos="X">1.25</wf>
         <wf lemma="i" pos="X">i</wf>
         <wf lemma="at" pos="X">at</wf>
         <wf lemma="være" pos="X">være</wf>
         <wf lemma="korrekt" pos="X">korrekt</wf>
         <wf lemma="frankeret" pos="X">frankeret</wf>
         <wf lemma="." pos="X">.</wf>
      </sentence>
      <sentence id="d000.s1112" source="wordnet-danish">
         <wf lemma="Hun" pos="X">Hun</wf>
         <wf lemma="er" pos="X">er</wf>
         <instance id="d000.s1112.t000" lemma="ynkelig" pos="ADJ">ynkelig</instance>
         <wf lemma="at" pos="X">at</wf>
         <wf lemma="se" pos="X">se</wf>
         <wf lemma="på" pos="X">på</wf>
         <wf lemma="." pos="X">.</wf>
         <wf lemma="Regnvandet" pos="X">Regnvandet</wf>
         <wf lemma="drypper" pos="X">drypper</wf>
         <wf lemma="fra" pos="X">fra</wf>
         <wf lemma="hendes" pos="X">hendes</wf>
         <wf lemma="hår" pos="X">hår</wf>
         <wf lemma="og" pos="X">og</wf>
         <wf lemma="hendes" pos="X">hendes</wf>
         <wf lemma="gamle" pos="X">gamle</wf>
         <wf lemma="lasede" pos="X">lasede</wf>
         <wf lemma="kjole" pos="X">kjole</wf>
         <wf lemma="." pos="X">.</wf>
      </sentence>
      <sentence id="d000.s1113" source="wordnet-danish">
         <wf lemma="jeg" pos="X">jeg</wf>
         <wf lemma="fik" pos="X">fik</wf>
         <wf lemma="kaffe" pos="X">kaffe</wf>
         <wf lemma="," pos="X">,</wf>
         <wf lemma="grovbolle" pos="X">grovbolle</wf>
         <wf lemma="med" pos="X">med</wf>
         <wf lemma="ost" pos="X">ost</wf>
         <wf lemma="og" pos="X">og</wf>
         <instance id="d000.s1113.t000" lemma="marmelade" pos="NOUN">marmelade</instance>
         <wf lemma="." pos="X">.</wf>
      </sentence>
      <sentence id="d000.s1114" source="wordnet-danish">
         <wf lemma="Bangsbo" pos="X">Bangsbo</wf>
         <wf lemma="var" pos="X">var</wf>
         <wf lemma="hjemmet" pos="X">hjemmet</wf>
         <wf lemma="i" pos="X">i</wf>
         <wf lemma="den" pos="X">den</wf>
         <wf lemma="grad" pos="X">grad</wf>
         <wf lemma="at" pos="X">at</wf>
         <wf lemma="han" pos="X">han</wf>
         <wf lemma="satte" pos="X">satte</wf>
         <wf lemma="det" pos="X">det</wf>
         <wf lemma="på" pos="X">på</wf>
         <wf lemma="sit" pos="X">sit</wf>
         <instance id="d000.s1114.t000" lemma="visitkort" pos="NOUN">visitkort</instance>
         <wf lemma=":" pos="X">:</wf>
         <wf lemma="Herman" pos="X">Herman</wf>
         <wf lemma="de" pos="X">de</wf>
         <wf lemma="Bang" pos="X">Bang</wf>
         <wf lemma="," pos="X">,</wf>
         <wf lemma="Chateau" pos="X">Chateau</wf>
         <wf lemma="Bangsbo" pos="X">Bangsbo</wf>
         <wf lemma="." pos="X">.</wf>
      </sentence>
      <sentence id="d000.s1115" source="wordnet-danish">
         <wf lemma="Så" pos="X">Så</wf>
         <wf lemma="gik" pos="X">gik</wf>
         <wf lemma="han" pos="X">han</wf>
         <wf lemma="hen" pos="X">hen</wf>
         <wf lemma="og" pos="X">og</wf>
         <wf lemma="trak" pos="X">trak</wf>
         <wf lemma="et" pos="X">et</wf>
         <wf lemma="nummer" pos="X">nummer</wf>
         <wf lemma="." pos="X">.</wf>
         <wf lemma="Da" pos="X">Da</wf>
         <wf lemma="det" pos="X">det</wf>
         <wf lemma="blev" pos="X">blev</wf>
         <wf lemma="hans" pos="X">hans</wf>
         <instance id="d000.s1115.t000" lemma="tur" pos="NOUN">tur</instance>
         <wf lemma="," pos="X">,</wf>
         <wf lemma="købte" pos="X">købte</wf>
         <wf lemma="han" pos="X">han</wf>
         <wf lemma="fem" pos="X">fem</wf>
         <wf lemma="frimærker" pos="X">frimærker</wf>
         <wf lemma="." pos="X">.</wf>
      </sentence>
      <sentence id="d000.s1116" source="wordnet-danish">
         <wf lemma="vi" pos="X">vi</wf>
         <wf lemma="regner" pos="X">regner</wf>
         <wf lemma="med" pos="X">med</wf>
         <wf lemma="at" pos="X">at</wf>
         <wf lemma="stille" pos="X">stille</wf>
         <wf lemma="med" pos="X">med</wf>
         <wf lemma="ca." pos="X">ca.</wf>
         <wf lemma="10" pos="X">10</wf>
         <instance id="d000.s1116.t000" lemma="løber" pos="NOUN">løbere</instance>
         <wf lemma="til" pos="X">til</wf>
         <wf lemma="løbetræf" pos="X">løbetræf</wf>
         <wf lemma="," pos="X">,</wf>
         <wf lemma="der" pos="X">der</wf>
         <wf lemma="så" pos="X">så</wf>
         <wf lemma="kan" pos="X">kan</wf>
         <wf lemma="vælge" pos="X">vælge</wf>
         <wf lemma="," pos="X">,</wf>
         <wf lemma="om" pos="X">om</wf>
         <wf lemma="de" pos="X">de</wf>
         <wf lemma="vil" pos="X">vil</wf>
         <wf lemma="løbe" pos="X">løbe</wf>
         <wf lemma="10" pos="X">10</wf>
         <wf lemma="km" pos="X">km</wf>
         <wf lemma="eller" pos="X">eller</wf>
         <wf lemma="22" pos="X">22</wf>
         <wf lemma="km" pos="X">km</wf>
         <wf lemma="ruten" pos="X">ruten</wf>
         <wf lemma="." pos="X">.</wf>
      </sentence>
      <sentence id="d000.s1117" source="wordnet-danish">
         <wf lemma="Enorme" pos="X">Enorme</wf>
         <wf lemma="mængder" pos="X">mængder</wf>
         <wf lemma="af" pos="X">af</wf>
         <instance id="d000.s1117.t000" lemma="oplysning" pos="NOUN">oplysninger</instance>
         <wf lemma="om" pos="X">om</wf>
         <wf lemma="hver" pos="X">hver</wf>
         <wf lemma="enkelt" pos="X">enkelt</wf>
         <wf lemma="dansker" pos="X">dansker</wf>
         <wf lemma="befinder" pos="X">befinder</wf>
         <wf lemma="sig" pos="X">sig</wf>
         <wf lemma="i" pos="X">i</wf>
         <wf lemma="de" pos="X">de</wf>
         <wf lemma=".." pos="X">..</wf>
         <wf lemma="offentlige" pos="X">offentlige</wf>
         <wf lemma="EDB-registre" pos="X">EDB-registre</wf>
         <wf lemma="." pos="X">.</wf>
      </sentence>
      <sentence id="d000.s1118" source="wordnet-danish">
         <wf lemma="En" pos="X">En</wf>
         <wf lemma="række" pos="X">række</wf>
         <wf lemma="sovjetiske" pos="X">sovjetiske</wf>
         <instance id="d000.s1118.t000" lemma="republik" pos="NOUN">republikker</instance>
         <wf lemma="har" pos="X">har</wf>
         <wf lemma="vedtaget" pos="X">vedtaget</wf>
         <wf lemma="eller" pos="X">eller</wf>
         <wf lemma="ventes" pos="X">ventes</wf>
         <wf lemma="at" pos="X">at</wf>
         <wf lemma="vedtage" pos="X">vedtage</wf>
         <wf lemma="selvstændighedserklæringer" pos="X">selvstændighedserklæringer</wf>
         <wf lemma="." pos="X">.</wf>
      </sentence>
      <sentence id="d000.s1119" source="wordnet-danish">
         <wf lemma="forstander" pos="X">forstander</wf>
         <wf lemma="Bent" pos="X">Bent</wf>
         <wf lemma="Ingerslev" pos="X">Ingerslev</wf>
         <wf lemma="[holdt]" pos="X">[holdt]</wf>
         <wf lemma="en" pos="X">en</wf>
         <wf lemma="yderst" pos="X">yderst</wf>
         <wf lemma="tankevækkende" pos="X">tankevækkende</wf>
         <wf lemma="og" pos="X">og</wf>
         <instance id="d000.s1119.t000" lemma="inspirere" pos="VERB">inspirerende</instance>
         <wf lemma="tale" pos="X">tale</wf>
         <wf lemma="til" pos="X">til</wf>
         <wf lemma="de" pos="X">de</wf>
         <wf lemma="unge" pos="X">unge</wf>
         <wf lemma="." pos="X">.</wf>
      </sentence>
      <sentence id="d000.s1120" source="wordnet-danish">
         <wf lemma="danskeren" pos="X">danskeren</wf>
         <wf lemma="ser" pos="X">ser</wf>
         <wf lemma="på" pos="X">på</wf>
         <wf lemma="ham" pos="X">ham</wf>
         <wf lemma="," pos="X">,</wf>
         <wf lemma="letter" pos="X">letter</wf>
         <wf lemma="på" pos="X">på</wf>
         <instance id="d000.s1120.t000" lemma="hat" pos="NOUN">hatten</instance>
         <wf lemma="og" pos="X">og</wf>
         <wf lemma="siger" pos="X">siger</wf>
         <wf lemma=":" pos="X">:</wf>
         <wf lemma="'g'aften" pos="X">'g'aften</wf>
         <wf lemma="," pos="X">,</wf>
         <wf lemma="godaften'." pos="X">godaften'.</wf>
      </sentence>
      <sentence id="d000.s1121" source="wordnet-danish">
         <wf lemma="Baguetterne" pos="X">Baguetterne</wf>
         <wf lemma="bør" pos="X">bør</wf>
         <wf lemma="spises" pos="X">spises</wf>
         <wf lemma="," pos="X">,</wf>
         <wf lemma="inden" pos="X">inden</wf>
         <wf lemma="der" pos="X">der</wf>
         <wf lemma="er" pos="X">er</wf>
         <instance id="d000.s1121.t000" lemma="gå" pos="VERB">gået</instance>
         <wf lemma="3" pos="X">3</wf>
         <wf lemma="timer" pos="X">timer</wf>
         <wf lemma="efter" pos="X">efter</wf>
         <wf lemma="bagningen" pos="X">bagningen</wf>
         <wf lemma="." pos="X">.</wf>
      </sentence>
      <sentence id="d000.s1122" source="wordnet-danish">
         <wf lemma="Emma" pos="X">Emma</wf>
         <wf lemma="Gad" pos="X">Gad</wf>
         <wf lemma="var" pos="X">var</wf>
         <wf lemma="som" pos="X">som</wf>
         <wf lemma="forfatterinde" pos="X">forfatterinde</wf>
         <wf lemma="og" pos="X">og</wf>
         <wf lemma="kulturpersonlighed" pos="X">kulturpersonlighed</wf>
         <wf lemma="i" pos="X">i</wf>
         <wf lemma="færd" pos="X">færd</wf>
         <wf lemma="med" pos="X">med</wf>
         <wf lemma="at" pos="X">at</wf>
         <wf lemma="vinde" pos="X">vinde</wf>
         <instance id="d000.s1122.t000" lemma="berømmelse" pos="NOUN">berømmelse</instance>
         <wf lemma="i" pos="X">i</wf>
         <wf lemma="hovedstadens" pos="X">hovedstadens</wf>
         <wf lemma="intellektuelle" pos="X">intellektuelle</wf>
         <wf lemma="kredse" pos="X">kredse</wf>
         <wf lemma="." pos="X">.</wf>
      </sentence>
      <sentence id="d000.s1123" source="wordnet-danish">
         <wf lemma="Alle" pos="X">Alle</wf>
         <wf lemma="herhjemme" pos="X">herhjemme</wf>
         <wf lemma="har" pos="X">har</wf>
         <wf lemma=".." pos="X">..</wf>
         <wf lemma="gennem" pos="X">gennem</wf>
         <wf lemma="stigende" pos="X">stigende</wf>
         <wf lemma="lønninger" pos="X">lønninger</wf>
         <wf lemma="og" pos="X">og</wf>
         <wf lemma="en" pos="X">en</wf>
         <wf lemma="socialt" pos="X">socialt</wf>
         <wf lemma="forhøjet" pos="X">forhøjet</wf>
         <wf lemma="sikkerhed" pos="X">sikkerhed</wf>
         <wf lemma="fået" pos="X">fået</wf>
         <wf lemma="bedre" pos="X">bedre</wf>
         <instance id="d000.s1123.t000" lemma="betingelse" pos="NOUN">betingelser</instance>
         <wf lemma="for" pos="X">for</wf>
         <wf lemma="et" pos="X">et</wf>
         <wf lemma="frit" pos="X">frit</wf>
         <wf lemma="og" pos="X">og</wf>
         <wf lemma="rigt" pos="X">rigt</wf>
         <wf lemma="liv" pos="X">liv</wf>
         <wf lemma="." pos="X">.</wf>
      </sentence>
      <sentence id="d000.s1124" source="wordnet-danish">
         <wf lemma="familien" pos="X">familien</wf>
         <wf lemma="var" pos="X">var</wf>
         <wf lemma="strengt" pos="X">strengt</wf>
         <wf lemma="anglikansk" pos="X">anglikansk</wf>
         <wf lemma="og" pos="X">og</wf>
         <wf lemma="da" pos="X">da</wf>
         <wf lemma="Mabel" pos="X">Mabel</wf>
         <instance id="d000.s1124.t000" lemma="konvertere" pos="VERB">konverterede</instance>
         <wf lemma="til" pos="X">til</wf>
         <wf lemma="katolicismen" pos="X">katolicismen</wf>
         <wf lemma="slog" pos="X">slog</wf>
         <wf lemma="de" pos="X">de</wf>
         <wf lemma="hånden" pos="X">hånden</wf>
         <wf lemma="af" pos="X">af</wf>
         <wf lemma="hende" pos="X">hende</wf>
         <wf lemma="." pos="X">.</wf>
      </sentence>
      <sentence id="d000.s1125" source="wordnet-danish">
         <instance id="d000.s1125.t000" lemma="gearkasse" pos="NOUN">Gearkassen</instance>
         <wf lemma="bevirker" pos="X">bevirker</wf>
         <wf lemma="," pos="X">,</wf>
         <wf lemma="at" pos="X">at</wf>
         <wf lemma="den" pos="X">den</wf>
         <wf lemma="optimale" pos="X">optimale</wf>
         <wf lemma="," pos="X">,</wf>
         <wf lemma="dvs." pos="X">dvs.</wf>
         <wf lemma="højeste" pos="X">højeste</wf>
         <wf lemma="motorhastighed" pos="X">motorhastighed</wf>
         <wf lemma="," pos="X">,</wf>
         <wf lemma="tilpasses" pos="X">tilpasses</wf>
         <wf lemma="en" pos="X">en</wf>
         <wf lemma="lang" pos="X">lang</wf>
         <wf lemma="række" pos="X">række</wf>
         <wf lemma="kørselsbetingelser" pos="X">kørselsbetingelser</wf>
         <wf lemma="." pos="X">.</wf>
      </sentence>
      <sentence id="d000.s1126" source="wordnet-danish">
         <wf lemma="Hvis" pos="X">Hvis</wf>
         <wf lemma="vi" pos="X">vi</wf>
         <instance id="d000.s1126.t000" lemma="træne" pos="VERB">træner</instance>
         <wf lemma="og" pos="X">og</wf>
         <wf lemma="bruger" pos="X">bruger</wf>
         <wf lemma="vores" pos="X">vores</wf>
         <wf lemma="krop" pos="X">krop</wf>
         <wf lemma="," pos="X">,</wf>
         <wf lemma="bliver" pos="X">bliver</wf>
         <wf lemma="kroppen" pos="X">kroppen</wf>
         <wf lemma="bedre" pos="X">bedre</wf>
         <wf lemma="til" pos="X">til</wf>
         <wf lemma="at" pos="X">at</wf>
         <wf lemma="optage" pos="X">optage</wf>
         <wf lemma="ilt" pos="X">ilt</wf>
         <wf lemma="." pos="X">.</wf>
      </sentence>
      <sentence id="d000.s1127" source="wordnet-danish">
         <wf lemma="han" pos="X">han</wf>
         <wf lemma="arbejder" pos="X">arbejder</wf>
         <wf lemma="kun" pos="X">kun</wf>
         <wf lemma="en" pos="X">en</wf>
         <wf lemma="gang" pos="X">gang</wf>
         <wf lemma="imellem" pos="X">imellem</wf>
         <wf lemma="og" pos="X">og</wf>
         <wf lemma="hænger" pos="X">hænger</wf>
         <wf lemma="altid" pos="X">altid</wf>
         <wf lemma="på" pos="X">på</wf>
         <wf lemma="en" pos="X">en</wf>
         <instance id="d000.s1127.t000" lemma="bar" pos="NOUN">bar</instance>
         <wf lemma="eller" pos="X">eller</wf>
         <wf lemma="bodega" pos="X">bodega</wf>
         <wf lemma="et" pos="X">et</wf>
         <wf lemma="eller" pos="X">eller</wf>
         <wf lemma="andet" pos="X">andet</wf>
         <wf lemma="sted" pos="X">sted</wf>
         <wf lemma="i" pos="X">i</wf>
         <wf lemma="byen" pos="X">byen</wf>
         <wf lemma="." pos="X">.</wf>
      </sentence>
      <sentence id="d000.s1128" source="wordnet-danish">
         <wf lemma="Jeg" pos="X">Jeg</wf>
         <wf lemma="har" pos="X">har</wf>
         <wf lemma="ikke" pos="X">ikke</wf>
         <wf lemma="hørt" pos="X">hørt</wf>
         <wf lemma="et" pos="X">et</wf>
         <wf lemma="kuk" pos="X">kuk</wf>
         <wf lemma="," pos="X">,</wf>
         <wf lemma="men" pos="X">men</wf>
         <wf lemma="min" pos="X">min</wf>
         <wf lemma="telefon" pos="X">telefon</wf>
         <wf lemma="var" pos="X">var</wf>
         <wf lemma="osse" pos="X">osse</wf>
         <wf lemma="i" pos="X">i</wf>
         <instance id="d000.s1128.t000" lemma="uorden" pos="NOUN">uorden</instance>
         <wf lemma="i" pos="X">i</wf>
         <wf lemma="flere" pos="X">flere</wf>
         <wf lemma="dage" pos="X">dage</wf>
         <wf lemma="." pos="X">.</wf>
      </sentence>
      <sentence id="d000.s1129" source="wordnet-danish">
         <wf lemma="Det" pos="X">Det</wf>
         <instance id="d000.s1129.t000" lemma="net" pos="NOUN">net</instance>
         <wf lemma="af" pos="X">af</wf>
         <wf lemma="el-ledninger" pos="X">el-ledninger</wf>
         <wf lemma="," pos="X">,</wf>
         <wf lemma="der" pos="X">der</wf>
         <wf lemma="føres" pos="X">føres</wf>
         <wf lemma="fra" pos="X">fra</wf>
         <wf lemma="kraftstationerne" pos="X">kraftstationerne</wf>
         <wf lemma="gennem" pos="X">gennem</wf>
         <wf lemma="det" pos="X">det</wf>
         <wf lemma="åbne" pos="X">åbne</wf>
         <wf lemma="land" pos="X">land</wf>
         <wf lemma="til" pos="X">til</wf>
         <wf lemma="byområderne" pos="X">byområderne</wf>
         <wf lemma="," pos="X">,</wf>
         <wf lemma="er" pos="X">er</wf>
         <wf lemma="stærkt" pos="X">stærkt</wf>
         <wf lemma="tiltagende" pos="X">tiltagende</wf>
         <wf lemma="." pos="X">.</wf>
      </sentence>
      <sentence id="d000.s1130" source="wordnet-danish">
         <wf lemma="Stemningen" pos="X">Stemningen</wf>
         <wf lemma="i" pos="X">i</wf>
         <wf lemma="valglokalet" pos="X">valglokalet</wf>
         <wf lemma="var" pos="X">var</wf>
         <wf lemma="som" pos="X">som</wf>
         <wf lemma="sædvanlig" pos="X">sædvanlig</wf>
         <wf lemma="munter" pos="X">munter</wf>
         <wf lemma="," pos="X">,</wf>
         <wf lemma="friske" pos="X">friske</wf>
         <instance id="d000.s1130.t000" lemma="bemærkning" pos="NOUN">bemærkninger</instance>
         <wf lemma="føg" pos="X">føg</wf>
         <wf lemma="igennem" pos="X">igennem</wf>
         <wf lemma="kroens" pos="X">kroens</wf>
         <wf lemma="store" pos="X">store</wf>
         <wf lemma="sal" pos="X">sal</wf>
         <wf lemma="." pos="X">.</wf>
      </sentence>
      <sentence id="d000.s1131" source="wordnet-danish">
         <wf lemma="solens" pos="X">solens</wf>
         <wf lemma="stråler" pos="X">stråler</wf>
         <wf lemma=".." pos="X">..</wf>
         <wf lemma="lyser" pos="X">lyser</wf>
         <wf lemma="ned" pos="X">ned</wf>
         <wf lemma="gennem" pos="X">gennem</wf>
         <wf lemma="et" pos="X">et</wf>
         <instance id="d000.s1131.t000" lemma="hul" pos="NOUN">hul</instance>
         <wf lemma="i" pos="X">i</wf>
         <wf lemma="skyerne" pos="X">skyerne</wf>
         <wf lemma="." pos="X">.</wf>
      </sentence>
      <sentence id="d000.s1132" source="wordnet-danish">
         <wf lemma="Det" pos="X">Det</wf>
         <wf lemma="har" pos="X">har</wf>
         <wf lemma="naturligvis" pos="X">naturligvis</wf>
         <wf lemma="ikke" pos="X">ikke</wf>
         <wf lemma="været" pos="X">været</wf>
         <wf lemma="muligt" pos="X">muligt</wf>
         <wf lemma="at" pos="X">at</wf>
         <wf lemma="give" pos="X">give</wf>
         <wf lemma="en" pos="X">en</wf>
         <wf lemma="udtømmende" pos="X">udtømmende</wf>
         <wf lemma="redegørelse" pos="X">redegørelse</wf>
         <wf lemma="for" pos="X">for</wf>
         <wf lemma="alle" pos="X">alle</wf>
         <wf lemma="aspekter" pos="X">aspekter</wf>
         <wf lemma="af" pos="X">af</wf>
         <wf lemma="en" pos="X">en</wf>
         <wf lemma="så" pos="X">så</wf>
         <wf lemma="sammensat" pos="X">sammensat</wf>
         <wf lemma="og" pos="X">og</wf>
         <instance id="d000.s1132.t000" lemma="kompliceret" pos="ADJ">kompliceret</instance>
         <wf lemma="problematik" pos="X">problematik</wf>
         <wf lemma="." pos="X">.</wf>
      </sentence>
      <sentence id="d000.s1133" source="wordnet-danish">
         <wf lemma="[arbejdsløsheden]" pos="X">[arbejdsløsheden]</wf>
         <wf lemma="fastholder" pos="X">fastholder</wf>
         <wf lemma="et" pos="X">et</wf>
         <wf lemma="stort" pos="X">stort</wf>
         <wf lemma="mindretal" pos="X">mindretal</wf>
         <wf lemma="i" pos="X">i</wf>
         <wf lemma="passivitet" pos="X">passivitet</wf>
         <wf lemma="og" pos="X">og</wf>
         <wf lemma="social" pos="X">social</wf>
         <instance id="d000.s1133.t000" lemma="isolation" pos="NOUN">isolation</instance>
         <wf lemma="." pos="X">.</wf>
      </sentence>
      <sentence id="d000.s1134" source="wordnet-danish">
         <wf lemma="Gro" pos="X">Gro</wf>
         <wf lemma="er" pos="X">er</wf>
         <instance id="d000.s1134.t000" lemma="titel" pos="NOUN">titlen</instance>
         <wf lemma="på" pos="X">på</wf>
         <wf lemma="Zoologisk" pos="X">Zoologisk</wf>
         <wf lemma="Museums" pos="X">Museums</wf>
         <wf lemma="Marionetteaters" pos="X">Marionetteaters</wf>
         <wf lemma="økologiske" pos="X">økologiske</wf>
         <wf lemma="teaterforestilling" pos="X">teaterforestilling</wf>
         <wf lemma="for" pos="X">for</wf>
         <wf lemma="de" pos="X">de</wf>
         <wf lemma="1" pos="X">1</wf>
         <wf lemma="1/2" pos="X">1/2</wf>
         <wf lemma="til" pos="X">til</wf>
         <wf lemma="4-årige" pos="X">4-årige</wf>
         <wf lemma="." pos="X">.</wf>
      </sentence>
      <sentence id="d000.s1135" source="wordnet-danish">
         <wf lemma="Alkohol" pos="X">Alkohol</wf>
         <wf lemma="påvirker" pos="X">påvirker</wf>
         <wf lemma="centralnervesystemet" pos="X">centralnervesystemet</wf>
         <wf lemma="," pos="X">,</wf>
         <wf lemma="og" pos="X">og</wf>
         <wf lemma="de" pos="X">de</wf>
         <wf lemma="klassiske" pos="X">klassiske</wf>
         <wf lemma="symptomer" pos="X">symptomer</wf>
         <wf lemma="er" pos="X">er</wf>
         <wf lemma="løftet" pos="X">løftet</wf>
         <instance id="d000.s1135.t000" lemma="stemningsleje" pos="NOUN">stemningsleje</instance>
         <wf lemma="," pos="X">,</wf>
         <wf lemma="hæmninger" pos="X">hæmninger</wf>
         <wf lemma="der" pos="X">der</wf>
         <wf lemma="træder" pos="X">træder</wf>
         <wf lemma="i" pos="X">i</wf>
         <wf lemma="baggrunden" pos="X">baggrunden</wf>
         <wf lemma="." pos="X">.</wf>
      </sentence>
      <sentence id="d000.s1136" source="wordnet-danish">
         <wf lemma="Sagen" pos="X">Sagen</wf>
         <wf lemma="blev" pos="X">blev</wf>
         <wf lemma="sendt" pos="X">sendt</wf>
         <wf lemma="til" pos="X">til</wf>
         <wf lemma="Sundhedsstyrelsen" pos="X">Sundhedsstyrelsen</wf>
         <wf lemma="," pos="X">,</wf>
         <wf lemma="der" pos="X">der</wf>
         <wf lemma="kom" pos="X">kom</wf>
         <wf lemma="med" pos="X">med</wf>
         <wf lemma="en" pos="X">en</wf>
         <wf lemma="hurtig" pos="X">hurtig</wf>
         <instance id="d000.s1136.t000" lemma="tilbagemelding" pos="NOUN">tilbagemelding</instance>
         <wf lemma="om" pos="X">om</wf>
         <wf lemma="," pos="X">,</wf>
         <wf lemma="at" pos="X">at</wf>
         <wf lemma="den" pos="X">den</wf>
         <wf lemma="skal" pos="X">skal</wf>
         <wf lemma="efterforskes" pos="X">efterforskes</wf>
         <wf lemma="nærmere" pos="X">nærmere</wf>
         <wf lemma="." pos="X">.</wf>
      </sentence>
      <sentence id="d000.s1137" source="wordnet-danish">
         <wf lemma="han" pos="X">han</wf>
         <wf lemma="døde" pos="X">døde</wf>
         <wf lemma=".." pos="X">..</wf>
         <wf lemma="fattig" pos="X">fattig</wf>
         <wf lemma="," pos="X">,</wf>
         <wf lemma="forgældet" pos="X">forgældet</wf>
         <wf lemma="og" pos="X">og</wf>
         <wf lemma="desillusioneret" pos="X">desillusioneret</wf>
         <wf lemma="," pos="X">,</wf>
         <instance id="d000.s1137.t000" lemma="efterlade" pos="VERB">efterladende</instance>
         <wf lemma="sig" pos="X">sig</wf>
         <wf lemma="kone" pos="X">kone</wf>
         <wf lemma="og" pos="X">og</wf>
         <wf lemma="tre" pos="X">tre</wf>
         <wf lemma="små" pos="X">små</wf>
         <wf lemma="børn" pos="X">børn</wf>
         <wf lemma="." pos="X">.</wf>
      </sentence>
      <sentence id="d000.s1138" source="wordnet-danish">
         <wf lemma="Filmen" pos="X">Filmen</wf>
         <wf lemma="blev" pos="X">blev</wf>
         <wf lemma="en" pos="X">en</wf>
         <wf lemma="vigtig" pos="X">vigtig</wf>
         <wf lemma="del" pos="X">del</wf>
         <wf lemma="af" pos="X">af</wf>
         <wf lemma="medieindsatsen" pos="X">medieindsatsen</wf>
         <wf lemma="for" pos="X">for</wf>
         <wf lemma="at" pos="X">at</wf>
         <wf lemma="holde" pos="X">holde</wf>
         <instance id="d000.s1138.t000" lemma="moral" pos="NOUN">moralen</instance>
         <wf lemma="oppe" pos="X">oppe</wf>
         <wf lemma="på" pos="X">på</wf>
         <wf lemma="den" pos="X">den</wf>
         <wf lemma="amerikanske" pos="X">amerikanske</wf>
         <wf lemma="hjemmefront" pos="X">hjemmefront</wf>
         <wf lemma="under" pos="X">under</wf>
         <wf lemma="Anden" pos="X">Anden</wf>
         <wf lemma="Verdenskrig" pos="X">Verdenskrig</wf>
         <wf lemma="." pos="X">.</wf>
      </sentence>
      <sentence id="d000.s1139" source="wordnet-danish">
         <wf lemma="det" pos="X">det</wf>
         <wf lemma="[vil]" pos="X">[vil]</wf>
         <wf lemma="betyde" pos="X">betyde</wf>
         <wf lemma="alverden" pos="X">alverden</wf>
         <wf lemma="for" pos="X">for</wf>
         <wf lemma="hende" pos="X">hende</wf>
         <wf lemma="at" pos="X">at</wf>
         <wf lemma="få" pos="X">få</wf>
         <wf lemma="de" pos="X">de</wf>
         <wf lemma="gamle" pos="X">gamle</wf>
         <wf lemma="elendige" pos="X">elendige</wf>
         <wf lemma="kakkelovne" pos="X">kakkelovne</wf>
         <instance id="d000.s1139.t000" lemma="udskifte" pos="VERB">udskiftet</instance>
         <wf lemma="med" pos="X">med</wf>
         <wf lemma="radiatorer" pos="X">radiatorer</wf>
         <wf lemma="." pos="X">.</wf>
      </sentence>
      <sentence id="d000.s1140" source="wordnet-danish">
         <wf lemma="Jack" pos="X">Jack</wf>
         <wf lemma="Mann" pos="X">Mann</wf>
         <wf lemma="var" pos="X">var</wf>
         <wf lemma="én" pos="X">én</wf>
         <wf lemma="af" pos="X">af</wf>
         <wf lemma="luftkrigens" pos="X">luftkrigens</wf>
         <wf lemma="store" pos="X">store</wf>
         <instance id="d000.s1140.t000" lemma="helt" pos="NOUN">helte</instance>
         <wf lemma="." pos="X">.</wf>
         <wf lemma="Som" pos="X">Som</wf>
         <wf lemma="eskadrille-leder" pos="X">eskadrille-leder</wf>
         <wf lemma="i" pos="X">i</wf>
         <wf lemma="RAF" pos="X">RAF</wf>
         <wf lemma="kæmpede" pos="X">kæmpede</wf>
         <wf lemma="Jack" pos="X">Jack</wf>
         <wf lemma="Mann" pos="X">Mann</wf>
         <wf lemma="i" pos="X">i</wf>
         <wf lemma="'slaget" pos="X">'slaget</wf>
         <wf lemma="om" pos="X">om</wf>
         <wf lemma="England'." pos="X">England'.</wf>
      </sentence>
      <sentence id="d000.s1141" source="wordnet-danish">
         <wf lemma="Skoven" pos="X">Skoven</wf>
         <wf lemma="var" pos="X">var</wf>
         <wf lemma="fuld" pos="X">fuld</wf>
         <wf lemma="af" pos="X">af</wf>
         <instance id="d000.s1141.t000" lemma="fugl" pos="NOUN">fugle</instance>
         <wf lemma="." pos="X">.</wf>
         <wf lemma="De" pos="X">De</wf>
         <wf lemma="kvidrede" pos="X">kvidrede</wf>
         <wf lemma="og" pos="X">og</wf>
         <wf lemma="sang" pos="X">sang</wf>
         <wf lemma="omkring" pos="X">omkring</wf>
         <wf lemma="os." pos="X">os.</wf>
      </sentence>
      <sentence id="d000.s1142" source="wordnet-danish">
         <wf lemma="hun" pos="X">hun</wf>
         <wf lemma="vil" pos="X">vil</wf>
         <wf lemma="have" pos="X">have</wf>
         <wf lemma="specialundervisningstimer" pos="X">specialundervisningstimer</wf>
         <wf lemma="--" pos="X">--</wf>
         <wf lemma="helst" pos="X">helst</wf>
         <wf lemma="så" pos="X">så</wf>
         <wf lemma="mange" pos="X">mange</wf>
         <wf lemma="at" pos="X">at</wf>
         <wf lemma="de" pos="X">de</wf>
         <instance id="d000.s1142.t000" lemma="fylde" pos="VERB">fylder</instance>
         <wf lemma="hele" pos="X">hele</wf>
         <wf lemma="hendes" pos="X">hendes</wf>
         <wf lemma="skema" pos="X">skema</wf>
         <wf lemma="." pos="X">.</wf>
      </sentence>
      <sentence id="d000.s1143" source="wordnet-danish">
         <wf lemma="Damplokomotivet" pos="X">Damplokomotivet</wf>
         <wf lemma="Odin" pos="X">Odin</wf>
         <instance id="d000.s1143.t000" lemma="trække" pos="VERB">trak</instance>
         <wf lemma="togstammen" pos="X">togstammen</wf>
         <wf lemma="på" pos="X">på</wf>
         <wf lemma="11" pos="X">11</wf>
         <wf lemma="vogne" pos="X">vogne</wf>
         <wf lemma="." pos="X">.</wf>
      </sentence>
      <sentence id="d000.s1144" source="wordnet-danish">
         <wf lemma="[man]" pos="X">[man]</wf>
         <wf lemma="hævder" pos="X">hævder</wf>
         <wf lemma="," pos="X">,</wf>
         <wf lemma="at" pos="X">at</wf>
         <wf lemma="ethvert" pos="X">ethvert</wf>
         <wf lemma="menneske" pos="X">menneske</wf>
         <wf lemma="har" pos="X">har</wf>
         <wf lemma="mindst" pos="X">mindst</wf>
         <wf lemma="én" pos="X">én</wf>
         <wf lemma="præcis" pos="X">præcis</wf>
         <instance id="d000.s1144.t000" lemma="dobbeltgænger" pos="NOUN">dobbeltgænger</instance>
         <wf lemma="her" pos="X">her</wf>
         <wf lemma="på" pos="X">på</wf>
         <wf lemma="kloden" pos="X">kloden</wf>
         <wf lemma="." pos="X">.</wf>
      </sentence>
      <sentence id="d000.s1145" source="wordnet-danish">
         <wf lemma="i" pos="X">i</wf>
         <wf lemma="en" pos="X">en</wf>
         <wf lemma="brun" pos="X">brun</wf>
         <wf lemma="lædermappe" pos="X">lædermappe</wf>
         <wf lemma="havde" pos="X">havde</wf>
         <wf lemma="han" pos="X">han</wf>
         <wf lemma="en" pos="X">en</wf>
         <wf lemma="del" pos="X">del</wf>
         <instance id="d000.s1145.t000" lemma="effekt" pos="NOUN">effekter</instance>
         <wf lemma="," pos="X">,</wf>
         <wf lemma="blandt" pos="X">blandt</wf>
         <wf lemma="andet" pos="X">andet</wf>
         <wf lemma="bøger" pos="X">bøger</wf>
         <wf lemma="og" pos="X">og</wf>
         <wf lemma="en" pos="X">en</wf>
         <wf lemma="barbermaskine" pos="X">barbermaskine</wf>
         <wf lemma="." pos="X">.</wf>
      </sentence>
      <sentence id="d000.s1146" source="wordnet-danish">
         <wf lemma="Når" pos="X">Når</wf>
         <wf lemma="svalerne" pos="X">svalerne</wf>
         <wf lemma="flyver" pos="X">flyver</wf>
         <wf lemma="lavt" pos="X">lavt</wf>
         <wf lemma="," pos="X">,</wf>
         <wf lemma="bliver" pos="X">bliver</wf>
         <wf lemma="det" pos="X">det</wf>
         <instance id="d000.s1146.t000" lemma="regn" pos="NOUN">regn</instance>
         <wf lemma="." pos="X">.</wf>
      </sentence>
      <sentence id="d000.s1147" source="wordnet-danish">
         <wf lemma="En" pos="X">En</wf>
         <wf lemma="af" pos="X">af</wf>
         <wf lemma="de" pos="X">de</wf>
         <wf lemma="mindre" pos="X">mindre</wf>
         <instance id="d000.s1147.t000" lemma="forseelse" pos="NOUN">forseelser</instance>
         <wf lemma="var" pos="X">var</wf>
         <wf lemma="at" pos="X">at</wf>
         <wf lemma="komme" pos="X">komme</wf>
         <wf lemma="ud" pos="X">ud</wf>
         <wf lemma="af" pos="X">af</wf>
         <wf lemma="trit" pos="X">trit</wf>
         <wf lemma="," pos="X">,</wf>
         <wf lemma="når" pos="X">når</wf>
         <wf lemma="man" pos="X">man</wf>
         <wf lemma="taktfast" pos="X">taktfast</wf>
         <wf lemma="marcherede" pos="X">marcherede</wf>
         <wf lemma="rundt" pos="X">rundt</wf>
         <wf lemma="i" pos="X">i</wf>
         <wf lemma="gymnastiksalen" pos="X">gymnastiksalen</wf>
         <wf lemma="." pos="X">.</wf>
      </sentence>
      <sentence id="d000.s1148" source="wordnet-danish">
         <wf lemma="hvis" pos="X">hvis</wf>
         <wf lemma="ikke" pos="X">ikke</wf>
         <wf lemma="temperaturen" pos="X">temperaturen</wf>
         <wf lemma="sættes" pos="X">sættes</wf>
         <wf lemma="ned" pos="X">ned</wf>
         <wf lemma="igen" pos="X">igen</wf>
         <wf lemma="inden" pos="X">inden</wf>
         <wf lemma="for" pos="X">for</wf>
         <wf lemma="et" pos="X">et</wf>
         <wf lemma="par" pos="X">par</wf>
         <wf lemma="timer" pos="X">timer</wf>
         <wf lemma="," pos="X">,</wf>
         <wf lemma="dør" pos="X">dør</wf>
         <wf lemma="stort" pos="X">stort</wf>
         <wf lemma="set" pos="X">set</wf>
         <wf lemma="alle" pos="X">alle</wf>
         <wf lemma="celler" pos="X">celler</wf>
         <wf lemma="i" pos="X">i</wf>
         <instance id="d000.s1148.t000" lemma="kultur" pos="NOUN">kulturen</instance>
         <wf lemma="." pos="X">.</wf>
      </sentence>
      <sentence id="d000.s1149" source="wordnet-danish">
         <wf lemma="Det" pos="X">Det</wf>
         <instance id="d000.s1149.t000" lemma="emne" pos="NOUN">emne</instance>
         <wf lemma="synes" pos="X">synes</wf>
         <wf lemma="jeg" pos="X">jeg</wf>
         <wf lemma="ikke" pos="X">ikke</wf>
         <wf lemma="," pos="X">,</wf>
         <wf lemma="vi" pos="X">vi</wf>
         <wf lemma="skal" pos="X">skal</wf>
         <wf lemma="gå" pos="X">gå</wf>
         <wf lemma="nærmere" pos="X">nærmere</wf>
         <wf lemma="ind" pos="X">ind</wf>
         <wf lemma="på" pos="X">på</wf>
         <wf lemma="." pos="X">.</wf>
      </sentence>
      <sentence id="d000.s1150" source="wordnet-danish">
         <wf lemma="Vores" pos="X">Vores</wf>
         <wf lemma="kost" pos="X">kost</wf>
         <wf lemma="består" pos="X">består</wf>
         <wf lemma="hovedsagelig" pos="X">hovedsagelig</wf>
         <wf lemma="af" pos="X">af</wf>
         <wf lemma="tre" pos="X">tre</wf>
         <wf lemma="næringsstoffer" pos="X">næringsstoffer</wf>
         <wf lemma="," pos="X">,</wf>
         <wf lemma="nemlig" pos="X">nemlig</wf>
         <wf lemma="stivelse" pos="X">stivelse</wf>
         <wf lemma="," pos="X">,</wf>
         <wf lemma="protein" pos="X">protein</wf>
         <wf lemma="og" pos="X">og</wf>
         <instance id="d000.s1150.t000" lemma="fedt" pos="NOUN">fedt</instance>
         <wf lemma="." pos="X">.</wf>
      </sentence>
      <sentence id="d000.s1151" source="wordnet-danish">
         <wf lemma="Hans" pos="X">Hans</wf>
         <wf lemma="tillukkede" pos="X">tillukkede</wf>
         <wf lemma="," pos="X">,</wf>
         <wf lemma="lidt" pos="X">lidt</wf>
         <wf lemma="sky" pos="X">sky</wf>
         <wf lemma="væsen" pos="X">væsen</wf>
         <wf lemma="og" pos="X">og</wf>
         <wf lemma="en" pos="X">en</wf>
         <wf lemma="urokkelig" pos="X">urokkelig</wf>
         <wf lemma="tro" pos="X">tro</wf>
         <wf lemma="på" pos="X">på</wf>
         <wf lemma="sig" pos="X">sig</wf>
         <wf lemma="selv" pos="X">selv</wf>
         <wf lemma="får" pos="X">får</wf>
         <wf lemma="ham" pos="X">ham</wf>
         <wf lemma="til" pos="X">til</wf>
         <wf lemma="at" pos="X">at</wf>
         <wf lemma="virke" pos="X">virke</wf>
         <instance id="d000.s1151.t000" lemma="arrogant" pos="ADJ">arrogant</instance>
         <wf lemma="." pos="X">.</wf>
      </sentence>
      <sentence id="d000.s1152" source="wordnet-danish">
         <wf lemma="Den" pos="X">Den</wf>
         <wf lemma="nye" pos="X">nye</wf>
         <wf lemma="ordning" pos="X">ordning</wf>
         <wf lemma="indebærer" pos="X">indebærer</wf>
         <wf lemma="en" pos="X">en</wf>
         <instance id="d000.s1152.t000" lemma="udvidelse" pos="NOUN">udvidelse</instance>
         <wf lemma="af" pos="X">af</wf>
         <wf lemma="skuespiller-uddannelsen" pos="X">skuespiller-uddannelsen</wf>
         <wf lemma="med" pos="X">med</wf>
         <wf lemma="et" pos="X">et</wf>
         <wf lemma="år" pos="X">år</wf>
         <wf lemma="til" pos="X">til</wf>
         <wf lemma="fire" pos="X">fire</wf>
         <wf lemma="." pos="X">.</wf>
      </sentence>
      <sentence id="d000.s1153" source="wordnet-danish">
         <wf lemma="Berammede" pos="X">Berammede</wf>
         <wf lemma="tvangsauktioner" pos="X">tvangsauktioner</wf>
         <wf lemma="falder" pos="X">falder</wf>
         <wf lemma="i" pos="X">i</wf>
         <instance id="d000.s1153.t000" lemma="antal" pos="NOUN">antal</instance>
         <wf lemma="." pos="X">.</wf>
      </sentence>
      <sentence id="d000.s1154" source="wordnet-danish">
         <wf lemma="Hun" pos="X">Hun</wf>
         <instance id="d000.s1154.t000" lemma="omfavne" pos="VERB">omfavnede</instance>
         <wf lemma="sin" pos="X">sin</wf>
         <wf lemma="datter" pos="X">datter</wf>
         <wf lemma="og" pos="X">og</wf>
         <wf lemma="kyssede" pos="X">kyssede</wf>
         <wf lemma="hende" pos="X">hende</wf>
         <wf lemma="på" pos="X">på</wf>
         <wf lemma="begge" pos="X">begge</wf>
         <wf lemma="kinder" pos="X">kinder</wf>
         <wf lemma="." pos="X">.</wf>
      </sentence>
      <sentence id="d000.s1155" source="wordnet-danish">
         <wf lemma="[Forkølelse]" pos="X">[Forkølelse]</wf>
         <wf lemma="begynder" pos="X">begynder</wf>
         <wf lemma="med" pos="X">med</wf>
         <wf lemma="en" pos="X">en</wf>
         <wf lemma="let" pos="X">let</wf>
         <wf lemma="kløen" pos="X">kløen</wf>
         <wf lemma="i" pos="X">i</wf>
         <wf lemma="næsen" pos="X">næsen</wf>
         <wf lemma="." pos="X">.</wf>
         <wf lemma="Men" pos="X">Men</wf>
         <wf lemma="snart" pos="X">snart</wf>
         <wf lemma="følger" pos="X">følger</wf>
         <wf lemma="den" pos="X">den</wf>
         <wf lemma="velkendte" pos="X">velkendte</wf>
         <wf lemma="vandige" pos="X">vandige</wf>
         <instance id="d000.s1155.t000" lemma="snue" pos="NOUN">snue</instance>
         <wf lemma="," pos="X">,</wf>
         <wf lemma="ledsaget" pos="X">ledsaget</wf>
         <wf lemma="af" pos="X">af</wf>
         <wf lemma="nysen" pos="X">nysen</wf>
         <wf lemma="og" pos="X">og</wf>
         <wf lemma="lidt" pos="X">lidt</wf>
         <wf lemma="hoste" pos="X">hoste</wf>
         <wf lemma="." pos="X">.</wf>
      </sentence>
      <sentence id="d000.s1156" source="wordnet-danish">
         <wf lemma="I" pos="X">I</wf>
         <wf lemma="lungerne" pos="X">lungerne</wf>
         <wf lemma="optager" pos="X">optager</wf>
         <wf lemma="blodet" pos="X">blodet</wf>
         <instance id="d000.s1156.t000" lemma="ilt" pos="NOUN">ilt</instance>
         <wf lemma="og" pos="X">og</wf>
         <wf lemma="udskiller" pos="X">udskiller</wf>
         <wf lemma="kuldioxid" pos="X">kuldioxid</wf>
         <wf lemma="." pos="X">.</wf>
      </sentence>
      <sentence id="d000.s1157" source="wordnet-danish">
         <wf lemma="En" pos="X">En</wf>
         <wf lemma="af" pos="X">af</wf>
         <wf lemma="de" pos="X">de</wf>
         <wf lemma="største" pos="X">største</wf>
         <instance id="d000.s1157.t000" lemma="hindring" pos="NOUN">hindringer</instance>
         <wf lemma="for" pos="X">for</wf>
         <wf lemma="kvinders" pos="X">kvinders</wf>
         <wf lemma="ligestilling" pos="X">ligestilling</wf>
         <wf lemma="er" pos="X">er</wf>
         <wf lemma="kvinders" pos="X">kvinders</wf>
         <wf lemma="manglende" pos="X">manglende</wf>
         <wf lemma="viden" pos="X">viden</wf>
         <wf lemma="om" pos="X">om</wf>
         <wf lemma="egne" pos="X">egne</wf>
         <wf lemma="rettigheder" pos="X">rettigheder</wf>
         <wf lemma="," pos="X">,</wf>
         <wf lemma="mener" pos="X">mener</wf>
         <wf lemma="Dansk" pos="X">Dansk</wf>
         <wf lemma="Kvindesamfund" pos="X">Kvindesamfund</wf>
         <wf lemma="." pos="X">.</wf>
      </sentence>
      <sentence id="d000.s1158" source="wordnet-danish">
         <wf lemma="et" pos="X">et</wf>
         <wf lemma="par" pos="X">par</wf>
         <wf lemma="lyslokkede" pos="X">lyslokkede</wf>
         <wf lemma="børn" pos="X">børn</wf>
         <wf lemma="[leger]" pos="X">[leger]</wf>
         <wf lemma="med" pos="X">med</wf>
         <wf lemma="fint" pos="X">fint</wf>
         <instance id="d000.s1158.t000" lemma="legetøj" pos="NOUN">legetøj</instance>
         <wf lemma="," pos="X">,</wf>
         <wf lemma="et" pos="X">et</wf>
         <wf lemma="dukkehus" pos="X">dukkehus</wf>
         <wf lemma="," pos="X">,</wf>
         <wf lemma="et" pos="X">et</wf>
         <wf lemma="lille" pos="X">lille</wf>
         <wf lemma="model-toganlæg" pos="X">model-toganlæg</wf>
         <wf lemma="med" pos="X">med</wf>
         <wf lemma="pyntelige" pos="X">pyntelige</wf>
         <wf lemma="vogne" pos="X">vogne</wf>
         <wf lemma="." pos="X">.</wf>
      </sentence>
      <sentence id="d000.s1159" source="wordnet-danish">
         <wf lemma="Ordblinde" pos="X">Ordblinde</wf>
         <wf lemma="forsøger" pos="X">forsøger</wf>
         <wf lemma="ofte" pos="X">ofte</wf>
         <wf lemma="at" pos="X">at</wf>
         <wf lemma="skjule" pos="X">skjule</wf>
         <wf lemma="deres" pos="X">deres</wf>
         <instance id="d000.s1159.t000" lemma="handicap" pos="NOUN">handicap</instance>
         <wf lemma="for" pos="X">for</wf>
         <wf lemma="ikke" pos="X">ikke</wf>
         <wf lemma="at" pos="X">at</wf>
         <wf lemma="blive" pos="X">blive</wf>
         <wf lemma="stemplet" pos="X">stemplet</wf>
         <wf lemma="som" pos="X">som</wf>
         <wf lemma="dumme" pos="X">dumme</wf>
         <wf lemma="." pos="X">.</wf>
      </sentence>
      <sentence id="d000.s1160" source="wordnet-danish">
         <wf lemma="[kommentar" pos="X">[kommentar</wf>
         <wf lemma="til" pos="X">til</wf>
         <wf lemma="fodboldkamp" pos="X">fodboldkamp</wf>
         <wf lemma=":" pos="X">:</wf>
         <wf lemma="]" pos="X">]</wf>
         <wf lemma="Henrik" pos="X">Henrik</wf>
         <wf lemma="Larsen" pos="X">Larsen</wf>
         <wf lemma="," pos="X">,</wf>
         <wf lemma="Henrik" pos="X">Henrik</wf>
         <wf lemma="Andersen" pos="X">Andersen</wf>
         <wf lemma="og" pos="X">og</wf>
         <wf lemma="John" pos="X">John</wf>
         <wf lemma="Jensen" pos="X">Jensen</wf>
         <instance id="d000.s1160.t000" lemma="lave" pos="VERB">laver</instance>
         <wf lemma="en" pos="X">en</wf>
         <wf lemma="form" pos="X">form</wf>
         <wf lemma="for" pos="X">for</wf>
         <wf lemma="mur." pos="X">mur.</wf>
      </sentence>
      <sentence id="d000.s1161" source="wordnet-danish">
         <wf lemma="Når" pos="X">Når</wf>
         <instance id="d000.s1161.t000" lemma="kæledyr" pos="NOUN">kæledyr</instance>
         <wf lemma="krammes" pos="X">krammes</wf>
         <wf lemma="og" pos="X">og</wf>
         <wf lemma="klappes" pos="X">klappes</wf>
         <wf lemma="eller" pos="X">eller</wf>
         <wf lemma="overfodres" pos="X">overfodres</wf>
         <wf lemma="," pos="X">,</wf>
         <wf lemma="kan" pos="X">kan</wf>
         <wf lemma="det" pos="X">det</wf>
         <wf lemma="opleves" pos="X">opleves</wf>
         <wf lemma="stressende" pos="X">stressende</wf>
         <wf lemma="for" pos="X">for</wf>
         <wf lemma="dyret" pos="X">dyret</wf>
         <wf lemma="." pos="X">.</wf>
      </sentence>
      <sentence id="d000.s1162" source="wordnet-danish">
         <wf lemma="Marquis" pos="X">Marquis</wf>
         <wf lemma="de" pos="X">de</wf>
         <wf lemma="Sades" pos="X">Sades</wf>
         <wf lemma="bøger" pos="X">bøger</wf>
         <wf lemma="var" pos="X">var</wf>
         <wf lemma="lærebøger" pos="X">lærebøger</wf>
         <wf lemma="i" pos="X">i</wf>
         <wf lemma="seksuelle" pos="X">seksuelle</wf>
         <instance id="d000.s1162.t000" lemma="orgie" pos="NOUN">orgier</instance>
         <wf lemma="," pos="X">,</wf>
         <wf lemma="og" pos="X">og</wf>
         <wf lemma="han" pos="X">han</wf>
         <wf lemma="kom" pos="X">kom</wf>
         <wf lemma="til" pos="X">til</wf>
         <wf lemma="at" pos="X">at</wf>
         <wf lemma="tilbringe" pos="X">tilbringe</wf>
         <wf lemma="30" pos="X">30</wf>
         <wf lemma="år" pos="X">år</wf>
         <wf lemma="af" pos="X">af</wf>
         <wf lemma="sit" pos="X">sit</wf>
         <wf lemma="liv" pos="X">liv</wf>
         <wf lemma="i" pos="X">i</wf>
         <wf lemma="fængsel" pos="X">fængsel</wf>
         <wf lemma="for" pos="X">for</wf>
         <wf lemma="sine" pos="X">sine</wf>
         <wf lemma="perversiteter" pos="X">perversiteter</wf>
         <wf lemma="." pos="X">.</wf>
      </sentence>
      <sentence id="d000.s1163" source="wordnet-danish">
         <wf lemma="Nedenstående" pos="X">Nedenstående</wf>
         <instance id="d000.s1163.t000" lemma="diagram" pos="NOUN">diagrammer</instance>
         <wf lemma="er" pos="X">er</wf>
         <wf lemma="anvisninger" pos="X">anvisninger</wf>
         <wf lemma="på" pos="X">på</wf>
         <wf lemma="," pos="X">,</wf>
         <wf lemma="hvordan" pos="X">hvordan</wf>
         <wf lemma="man" pos="X">man</wf>
         <wf lemma="kan" pos="X">kan</wf>
         <wf lemma="sy" pos="X">sy</wf>
         <wf lemma="en" pos="X">en</wf>
         <wf lemma="vest" pos="X">vest</wf>
         <wf lemma="og" pos="X">og</wf>
         <wf lemma="en" pos="X">en</wf>
         <wf lemma="grillhandske" pos="X">grillhandske</wf>
         <wf lemma="." pos="X">.</wf>
      </sentence>
      <sentence id="d000.s1164" source="wordnet-danish">
         <wf lemma="Før" pos="X">Før</wf>
         <wf lemma="producerede" pos="X">producerede</wf>
         <wf lemma="Ghana" pos="X">Ghana</wf>
         <wf lemma="omkring" pos="X">omkring</wf>
         <wf lemma="20.000" pos="X">20.000</wf>
         <wf lemma="kg" pos="X">kg</wf>
         <wf lemma="guld" pos="X">guld</wf>
         <wf lemma="om" pos="X">om</wf>
         <wf lemma="året" pos="X">året</wf>
         <wf lemma="." pos="X">.</wf>
         <wf lemma="I" pos="X">I</wf>
         <wf lemma="1980" pos="X">1980</wf>
         <wf lemma="var" pos="X">var</wf>
         <instance id="d000.s1164.t000" lemma="produktion" pos="NOUN">produktionen</instance>
         <wf lemma="faldet" pos="X">faldet</wf>
         <wf lemma="til" pos="X">til</wf>
         <wf lemma="8.880" pos="X">8.880</wf>
         <wf lemma="kg." pos="X">kg.</wf>
      </sentence>
      <sentence id="d000.s1165" source="wordnet-danish">
         <wf lemma="det" pos="X">det</wf>
         <wf lemma="er" pos="X">er</wf>
         <instance id="d000.s1165.t000" lemma="svær" pos="ADJ">svært</instance>
         <wf lemma="at" pos="X">at</wf>
         <wf lemma="se" pos="X">se</wf>
         <wf lemma="forskel" pos="X">forskel</wf>
         <wf lemma="på" pos="X">på</wf>
         <wf lemma="jyder" pos="X">jyder</wf>
         <wf lemma="og" pos="X">og</wf>
         <wf lemma="københavnere" pos="X">københavnere</wf>
         <wf lemma="--" pos="X">--</wf>
         <wf lemma="indtil" pos="X">indtil</wf>
         <wf lemma="de" pos="X">de</wf>
         <wf lemma="åbner" pos="X">åbner</wf>
         <wf lemma="munden" pos="X">munden</wf>
         <wf lemma="." pos="X">.</wf>
      </sentence>
      <sentence id="d000.s1166" source="wordnet-danish">
         <wf lemma="Allerede" pos="X">Allerede</wf>
         <wf lemma="næste" pos="X">næste</wf>
         <wf lemma="dag" pos="X">dag</wf>
         <wf lemma="bestilte" pos="X">bestilte</wf>
         <wf lemma="jeg" pos="X">jeg</wf>
         <wf lemma="tid" pos="X">tid</wf>
         <wf lemma="hos" pos="X">hos</wf>
         <wf lemma="frisøren" pos="X">frisøren</wf>
         <wf lemma="." pos="X">.</wf>
         <wf lemma="Jeg" pos="X">Jeg</wf>
         <wf lemma="ville" pos="X">ville</wf>
         <wf lemma="have" pos="X">have</wf>
         <wf lemma="en" pos="X">en</wf>
         <wf lemma="kort" pos="X">kort</wf>
         <wf lemma="," pos="X">,</wf>
         <wf lemma="frisk" pos="X">frisk</wf>
         <instance id="d000.s1166.t000" lemma="frisure" pos="NOUN">frisure</instance>
         <wf lemma="." pos="X">.</wf>
      </sentence>
      <sentence id="d000.s1167" source="wordnet-danish">
         <wf lemma="At" pos="X">At</wf>
         <wf lemma="skrive" pos="X">skrive</wf>
         <wf lemma="stil" pos="X">stil</wf>
         <wf lemma="er" pos="X">er</wf>
         <wf lemma="en" pos="X">en</wf>
         <wf lemma="blanding" pos="X">blanding</wf>
         <wf lemma="af" pos="X">af</wf>
         <instance id="d000.s1167.t000" lemma="kreativitet" pos="NOUN">kreativitet</instance>
         <wf lemma="og" pos="X">og</wf>
         <wf lemma="systematik" pos="X">systematik</wf>
         <wf lemma="." pos="X">.</wf>
      </sentence>
      <sentence id="d000.s1168" source="wordnet-danish">
         <wf lemma="her" pos="X">her</wf>
         <wf lemma="til" pos="X">til</wf>
         <wf lemma="morgen" pos="X">morgen</wf>
         <wf lemma="," pos="X">,</wf>
         <wf lemma="der" pos="X">der</wf>
         <wf lemma="var" pos="X">var</wf>
         <instance id="d000.s1168.t000" lemma="himmel" pos="NOUN">himlen</instance>
         <wf lemma="jo" pos="X">jo</wf>
         <wf lemma="i" pos="X">i</wf>
         <wf lemma="hvert" pos="X">hvert</wf>
         <wf lemma="fald" pos="X">fald</wf>
         <wf lemma="meget" pos="X">meget</wf>
         <wf lemma="blå" pos="X">blå</wf>
         <wf lemma="," pos="X">,</wf>
         <wf lemma="og" pos="X">og</wf>
         <wf lemma="solen" pos="X">solen</wf>
         <wf lemma="stod" pos="X">stod</wf>
         <wf lemma="som" pos="X">som</wf>
         <wf lemma="en" pos="X">en</wf>
         <wf lemma="gul" pos="X">gul</wf>
         <wf lemma="kugle" pos="X">kugle</wf>
         <wf lemma="." pos="X">.</wf>
      </sentence>
      <sentence id="d000.s1169" source="wordnet-danish">
         <wf lemma="I" pos="X">I</wf>
         <wf lemma="'" pos="X">'</wf>
         <wf lemma="Marx-Engels" pos="X">Marx-Engels</wf>
         <wf lemma="Forum'" pos="X">Forum'</wf>
         <wf lemma="står" pos="X">står</wf>
         <wf lemma="en" pos="X">en</wf>
         <wf lemma="tre" pos="X">tre</wf>
         <wf lemma="meter" pos="X">meter</wf>
         <wf lemma="høj" pos="X">høj</wf>
         <instance id="d000.s1169.t000" lemma="statue" pos="NOUN">statue</instance>
         <wf lemma="af" pos="X">af</wf>
         <wf lemma="de" pos="X">de</wf>
         <wf lemma="to" pos="X">to</wf>
         <wf lemma="fædre" pos="X">fædre</wf>
         <wf lemma="til" pos="X">til</wf>
         <wf lemma="den" pos="X">den</wf>
         <wf lemma="marxistiske" pos="X">marxistiske</wf>
         <wf lemma="teori" pos="X">teori</wf>
         <wf lemma="stadig" pos="X">stadig</wf>
         <wf lemma="og" pos="X">og</wf>
         <wf lemma="skuer" pos="X">skuer</wf>
         <wf lemma="ud" pos="X">ud</wf>
         <wf lemma="over" pos="X">over</wf>
         <wf lemma="parken" pos="X">parken</wf>
         <wf lemma="." pos="X">.</wf>
      </sentence>
      <sentence id="d000.s1170" source="wordnet-danish">
         <wf lemma="Et" pos="X">Et</wf>
         <wf lemma="hæderligt" pos="X">hæderligt</wf>
         <wf lemma="og" pos="X">og</wf>
         <wf lemma="godt" pos="X">godt</wf>
         <wf lemma="familieforetagende" pos="X">familieforetagende</wf>
         <wf lemma="," pos="X">,</wf>
         <wf lemma="der" pos="X">der</wf>
         <wf lemma="gennem" pos="X">gennem</wf>
         <wf lemma="seks" pos="X">seks</wf>
         <wf lemma="generationer" pos="X">generationer</wf>
         <wf lemma="har" pos="X">har</wf>
         <wf lemma="arbejdet" pos="X">arbejdet</wf>
         <wf lemma="på" pos="X">på</wf>
         <wf lemma="at" pos="X">at</wf>
         <instance id="d000.s1170.t000" lemma="forfine" pos="VERB">forfine</instance>
         <wf lemma="vinene" pos="X">vinene</wf>
         <wf lemma="fra" pos="X">fra</wf>
         <wf lemma="egne" pos="X">egne</wf>
         <wf lemma="marker" pos="X">marker</wf>
         <wf lemma="i" pos="X">i</wf>
         <wf lemma="området" pos="X">området</wf>
         <wf lemma="." pos="X">.</wf>
      </sentence>
      <sentence id="d000.s1171" source="wordnet-danish">
         <wf lemma="Man" pos="X">Man</wf>
         <wf lemma="ser" pos="X">ser</wf>
         <wf lemma="barakken" pos="X">barakken</wf>
         <wf lemma="blive" pos="X">blive</wf>
         <wf lemma="antændt" pos="X">antændt</wf>
         <wf lemma="og" pos="X">og</wf>
         <instance id="d000.s1171.t000" lemma="ild" pos="NOUN">ilden</instance>
         <wf lemma="brede" pos="X">brede</wf>
         <wf lemma="sig" pos="X">sig</wf>
         <wf lemma="." pos="X">.</wf>
      </sentence>
      <sentence id="d000.s1172" source="wordnet-danish">
         <wf lemma="Under" pos="X">Under</wf>
         <instance id="d000.s1172.t000" lemma="transport" pos="NOUN">transporten</instance>
         <wf lemma="vekslede" pos="X">vekslede</wf>
         <wf lemma="de" pos="X">de</wf>
         <wf lemma="fire" pos="X">fire</wf>
         <wf lemma="fanger" pos="X">fanger</wf>
         <wf lemma="ikke" pos="X">ikke</wf>
         <wf lemma="et" pos="X">et</wf>
         <wf lemma="ord" pos="X">ord</wf>
         <wf lemma="med" pos="X">med</wf>
         <wf lemma="hinanden" pos="X">hinanden</wf>
         <wf lemma="." pos="X">.</wf>
      </sentence>
      <sentence id="d000.s1173" source="wordnet-danish">
         <wf lemma="Når" pos="X">Når</wf>
         <wf lemma="vi" pos="X">vi</wf>
         <wf lemma="andre" pos="X">andre</wf>
         <wf lemma="gik" pos="X">gik</wf>
         <wf lemma="ned" pos="X">ned</wf>
         <wf lemma="til" pos="X">til</wf>
         <wf lemma="frikvarteret" pos="X">frikvarteret</wf>
         <wf lemma="," pos="X">,</wf>
         <wf lemma="blev" pos="X">blev</wf>
         <wf lemma="Diana" pos="X">Diana</wf>
         <wf lemma="som" pos="X">som</wf>
         <wf lemma="regel" pos="X">regel</wf>
         <wf lemma="tilbage" pos="X">tilbage</wf>
         <wf lemma="i" pos="X">i</wf>
         <instance id="d000.s1173.t000" lemma="klasseværelse" pos="NOUN">klasseværelset</instance>
         <wf lemma="." pos="X">.</wf>
      </sentence>
      <sentence id="d000.s1174" source="wordnet-danish">
         <wf lemma="De" pos="X">De</wf>
         <wf lemma="fleste" pos="X">fleste</wf>
         <wf lemma="," pos="X">,</wf>
         <wf lemma="der" pos="X">der</wf>
         <wf lemma="får" pos="X">får</wf>
         <wf lemma="lungekræft" pos="X">lungekræft</wf>
         <wf lemma="," pos="X">,</wf>
         <wf lemma="er" pos="X">er</wf>
         <wf lemma="storrygere" pos="X">storrygere</wf>
         <wf lemma="med" pos="X">med</wf>
         <wf lemma="et" pos="X">et</wf>
         <instance id="d000.s1174.t000" lemma="forbrug" pos="NOUN">forbrug</instance>
         <wf lemma="på" pos="X">på</wf>
         <wf lemma="mere" pos="X">mere</wf>
         <wf lemma="end" pos="X">end</wf>
         <wf lemma="15" pos="X">15</wf>
         <wf lemma="cigaretter" pos="X">cigaretter</wf>
         <wf lemma="om" pos="X">om</wf>
         <wf lemma="dagen" pos="X">dagen</wf>
         <wf lemma="." pos="X">.</wf>
      </sentence>
      <sentence id="d000.s1175" source="wordnet-danish">
         <wf lemma="Nu" pos="X">Nu</wf>
         <wf lemma="mødtes" pos="X">mødtes</wf>
         <wf lemma="de" pos="X">de</wf>
         <wf lemma="ved" pos="X">ved</wf>
         <wf lemma="et" pos="X">et</wf>
         <instance id="d000.s1175.t000" lemma="tilfælde" pos="NOUN">tilfælde</instance>
         <wf lemma="" pos="X"></wf>
         <wf lemma="mange" pos="X">mange</wf>
         <wf lemma="år" pos="X">år</wf>
         <wf lemma="efter" pos="X">efter</wf>
         <wf lemma="." pos="X">.</wf>
      </sentence>
      <sentence id="d000.s1176" source="wordnet-danish">
         <wf lemma="Efter" pos="X">Efter</wf>
         <wf lemma="politiets" pos="X">politiets</wf>
         <instance id="d000.s1176.t000" lemma="skøn" pos="NOUN">skøn</instance>
         <wf lemma="var" pos="X">var</wf>
         <wf lemma="der" pos="X">der</wf>
         <wf lemma="færre" pos="X">færre</wf>
         <wf lemma="end" pos="X">end</wf>
         <wf lemma="et" pos="X">et</wf>
         <wf lemma="tusinde" pos="X">tusinde</wf>
         <wf lemma="tilhørere" pos="X">tilhørere</wf>
         <wf lemma="." pos="X">.</wf>
      </sentence>
      <sentence id="d000.s1177" source="wordnet-danish">
         <wf lemma="når" pos="X">når</wf>
         <wf lemma="han" pos="X">han</wf>
         <wf lemma="ler" pos="X">ler</wf>
         <wf lemma="," pos="X">,</wf>
         <instance id="d000.s1177.t000" lemma="skinne" pos="VERB">skinner</instance>
         <wf lemma="tænderne" pos="X">tænderne</wf>
         <wf lemma="hvidt" pos="X">hvidt</wf>
         <wf lemma="i" pos="X">i</wf>
         <wf lemma="hans" pos="X">hans</wf>
         <wf lemma="let" pos="X">let</wf>
         <wf lemma="snavsede" pos="X">snavsede</wf>
         <wf lemma="ansigt" pos="X">ansigt</wf>
         <wf lemma="." pos="X">.</wf>
      </sentence>
      <sentence id="d000.s1178" source="wordnet-danish">
         <wf lemma="Flettede" pos="X">Flettede</wf>
         <wf lemma="bomuldsvæger" pos="X">bomuldsvæger</wf>
         <wf lemma="," pos="X">,</wf>
         <wf lemma="der" pos="X">der</wf>
         <wf lemma="er" pos="X">er</wf>
         <wf lemma="spændt" pos="X">spændt</wf>
         <wf lemma="ud" pos="X">ud</wf>
         <wf lemma="mellem" pos="X">mellem</wf>
         <wf lemma="brede" pos="X">brede</wf>
         <wf lemma="rammer" pos="X">rammer</wf>
         <wf lemma="," pos="X">,</wf>
         <wf lemma="dyppes" pos="X">dyppes</wf>
         <wf lemma="i" pos="X">i</wf>
         <wf lemma="store" pos="X">store</wf>
         <instance id="d000.s1178.t000" lemma="kar" pos="NOUN">kar</instance>
         <wf lemma="med" pos="X">med</wf>
         <wf lemma="smeltet" pos="X">smeltet</wf>
         <wf lemma="stearin" pos="X">stearin</wf>
         <wf lemma="i" pos="X">i</wf>
         <wf lemma="forskellige" pos="X">forskellige</wf>
         <wf lemma="farver" pos="X">farver</wf>
         <wf lemma="." pos="X">.</wf>
      </sentence>
      <sentence id="d000.s1179" source="wordnet-danish">
         <wf lemma="sukker" pos="X">sukker</wf>
         <wf lemma=".." pos="X">..</wf>
         <wf lemma="består" pos="X">består</wf>
         <wf lemma="af" pos="X">af</wf>
         <wf lemma="atomarterne" pos="X">atomarterne</wf>
         <instance id="d000.s1179.t000" lemma="kul" pos="NOUN">kul</instance>
         <wf lemma="," pos="X">,</wf>
         <wf lemma="brint" pos="X">brint</wf>
         <wf lemma="og" pos="X">og</wf>
         <wf lemma="ilt" pos="X">ilt</wf>
         <wf lemma="." pos="X">.</wf>
      </sentence>
      <sentence id="d000.s1180" source="wordnet-danish">
         <wf lemma="I" pos="X">I</wf>
         <wf lemma="januar" pos="X">januar</wf>
         <wf lemma="1848" pos="X">1848</wf>
         <wf lemma="blev" pos="X">blev</wf>
         <wf lemma="der" pos="X">der</wf>
         <wf lemma="fundet" pos="X">fundet</wf>
         <instance id="d000.s1180.t000" lemma="guld" pos="NOUN">guld</instance>
         <wf lemma="i" pos="X">i</wf>
         <wf lemma="Californien" pos="X">Californien</wf>
         <wf lemma="," pos="X">,</wf>
         <wf lemma="og" pos="X">og</wf>
         <wf lemma="dette" pos="X">dette</wf>
         <wf lemma="medførte" pos="X">medførte</wf>
         <wf lemma="en" pos="X">en</wf>
         <wf lemma="stor" pos="X">stor</wf>
         <wf lemma="tilstrømning" pos="X">tilstrømning</wf>
         <wf lemma="af" pos="X">af</wf>
         <wf lemma="guldgravere" pos="X">guldgravere</wf>
         <wf lemma="." pos="X">.</wf>
      </sentence>
      <sentence id="d000.s1181" source="wordnet-danish">
         <wf lemma="I" pos="X">I</wf>
         <wf lemma="Tyskland" pos="X">Tyskland</wf>
         <wf lemma="har" pos="X">har</wf>
         <wf lemma="regeringen" pos="X">regeringen</wf>
         <wf lemma="i" pos="X">i</wf>
         <wf lemma="dag" pos="X">dag</wf>
         <wf lemma="truffet" pos="X">truffet</wf>
         <wf lemma="beslutning" pos="X">beslutning</wf>
         <wf lemma="om" pos="X">om</wf>
         <wf lemma="privatisering" pos="X">privatisering</wf>
         <wf lemma="i" pos="X">i</wf>
         <wf lemma="de" pos="X">de</wf>
         <wf lemma="tyske" pos="X">tyske</wf>
         <instance id="d000.s1181.t000" lemma="jernbane" pos="NOUN">jernbaner</instance>
         <wf lemma="." pos="X">.</wf>
      </sentence>
      <sentence id="d000.s1182" source="wordnet-danish">
         <wf lemma="Jeg" pos="X">Jeg</wf>
         <wf lemma="forsøger" pos="X">forsøger</wf>
         <wf lemma="at" pos="X">at</wf>
         <wf lemma="blive" pos="X">blive</wf>
         <instance id="d000.s1182.t000" lemma="vegetar" pos="NOUN">vegetar</instance>
         <wf lemma="," pos="X">,</wf>
         <wf lemma="men" pos="X">men</wf>
         <wf lemma="nu" pos="X">nu</wf>
         <wf lemma="har" pos="X">har</wf>
         <wf lemma="en" pos="X">en</wf>
         <wf lemma="bekendt" pos="X">bekendt</wf>
         <wf lemma="af" pos="X">af</wf>
         <wf lemma="mig" pos="X">mig</wf>
         <wf lemma="fortalt" pos="X">fortalt</wf>
         <wf lemma="mig" pos="X">mig</wf>
         <wf lemma="," pos="X">,</wf>
         <wf lemma="jeg" pos="X">jeg</wf>
         <wf lemma="kommer" pos="X">kommer</wf>
         <wf lemma="i" pos="X">i</wf>
         <wf lemma="underskud" pos="X">underskud</wf>
         <wf lemma="af" pos="X">af</wf>
         <wf lemma="proteiner" pos="X">proteiner</wf>
         <wf lemma="," pos="X">,</wf>
         <wf lemma="hvis" pos="X">hvis</wf>
         <wf lemma="jeg" pos="X">jeg</wf>
         <wf lemma="ikke" pos="X">ikke</wf>
         <wf lemma="spiser" pos="X">spiser</wf>
         <wf lemma="kød" pos="X">kød</wf>
         <wf lemma="." pos="X">.</wf>
      </sentence>
      <sentence id="d000.s1183" source="wordnet-danish">
         <wf lemma="mange" pos="X">mange</wf>
         <wf lemma="flere" pos="X">flere</wf>
         <wf lemma="skulle" pos="X">skulle</wf>
         <wf lemma="tage" pos="X">tage</wf>
         <wf lemma="ud" pos="X">ud</wf>
         <wf lemma="på" pos="X">på</wf>
         <instance id="d000.s1183.t000" lemma="internat" pos="NOUN">internaterne</instance>
         <wf lemma="," pos="X">,</wf>
         <wf lemma="når" pos="X">når</wf>
         <wf lemma="de" pos="X">de</wf>
         <wf lemma="tænker" pos="X">tænker</wf>
         <wf lemma="på" pos="X">på</wf>
         <wf lemma="at" pos="X">at</wf>
         <wf lemma="anskaffe" pos="X">anskaffe</wf>
         <wf lemma="sig" pos="X">sig</wf>
         <wf lemma="hund" pos="X">hund</wf>
         <wf lemma="." pos="X">.</wf>
         <wf lemma="Der" pos="X">Der</wf>
         <wf lemma="sidder" pos="X">sidder</wf>
         <wf lemma="i" pos="X">i</wf>
         <wf lemma="øjeblikket" pos="X">øjeblikket</wf>
         <wf lemma="mange" pos="X">mange</wf>
         <wf lemma="og" pos="X">og</wf>
         <wf lemma="venter" pos="X">venter</wf>
         <wf lemma="på" pos="X">på</wf>
         <wf lemma="et" pos="X">et</wf>
         <wf lemma="godt" pos="X">godt</wf>
         <wf lemma="hjem" pos="X">hjem</wf>
         <wf lemma="." pos="X">.</wf>
      </sentence>
      <sentence id="d000.s1184" source="wordnet-danish">
         <wf lemma="Statsministeren" pos="X">Statsministeren</wf>
         <wf lemma="følte" pos="X">følte</wf>
         <wf lemma="," pos="X">,</wf>
         <wf lemma="at" pos="X">at</wf>
         <wf lemma="journalisterne" pos="X">journalisterne</wf>
         <wf lemma="havde" pos="X">havde</wf>
         <wf lemma="sneget" pos="X">sneget</wf>
         <wf lemma="sig" pos="X">sig</wf>
         <wf lemma="ind" pos="X">ind</wf>
         <wf lemma="i" pos="X">i</wf>
         <wf lemma="hans" pos="X">hans</wf>
         <wf lemma="private" pos="X">private</wf>
         <instance id="d000.s1184.t000" lemma="sfære" pos="NOUN">sfære</instance>
         <wf lemma="," pos="X">,</wf>
         <wf lemma="men" pos="X">men</wf>
         <wf lemma="bogen" pos="X">bogen</wf>
         <wf lemma="blev" pos="X">blev</wf>
         <wf lemma="en" pos="X">en</wf>
         <wf lemma="bestseller" pos="X">bestseller</wf>
         <wf lemma="." pos="X">.</wf>
      </sentence>
      <sentence id="d000.s1185" source="wordnet-danish">
         <wf lemma="Så" pos="X">Så</wf>
         <instance id="d000.s1185.t000" lemma="rette" pos="VERB">rettede</instance>
         <wf lemma="han" pos="X">han</wf>
         <wf lemma="kroppen" pos="X">kroppen</wf>
         <wf lemma="som" pos="X">som</wf>
         <wf lemma="en" pos="X">en</wf>
         <wf lemma="marionet" pos="X">marionet</wf>
         <wf lemma="," pos="X">,</wf>
         <wf lemma="hvis" pos="X">hvis</wf>
         <wf lemma="snore" pos="X">snore</wf>
         <wf lemma="strammes" pos="X">strammes</wf>
         <wf lemma="af" pos="X">af</wf>
         <wf lemma="et" pos="X">et</wf>
         <wf lemma="brutalt" pos="X">brutalt</wf>
         <wf lemma="ryk" pos="X">ryk</wf>
         <wf lemma="." pos="X">.</wf>
      </sentence>
      <sentence id="d000.s1186" source="wordnet-danish">
         <wf lemma="kvinden" pos="X">kvinden</wf>
         <wf lemma="[havde]" pos="X">[havde]</wf>
         <wf lemma="været" pos="X">været</wf>
         <wf lemma="været" pos="X">været</wf>
         <wf lemma="udsat" pos="X">udsat</wf>
         <wf lemma="for" pos="X">for</wf>
         <wf lemma="en" pos="X">en</wf>
         <wf lemma="så" pos="X">så</wf>
         <wf lemma="grov" pos="X">grov</wf>
         <wf lemma="og" pos="X">og</wf>
         <wf lemma="vild" pos="X">vild</wf>
         <instance id="d000.s1186.t000" lemma="mishandling" pos="NOUN">mishandling</instance>
         <wf lemma="," pos="X">,</wf>
         <wf lemma="at" pos="X">at</wf>
         <wf lemma="selv" pos="X">selv</wf>
         <wf lemma="garvede" pos="X">garvede</wf>
         <wf lemma="politifolk" pos="X">politifolk</wf>
         <wf lemma="er" pos="X">er</wf>
         <wf lemma="rystede" pos="X">rystede</wf>
         <wf lemma="." pos="X">.</wf>
      </sentence>
      <sentence id="d000.s1187" source="wordnet-danish">
         <wf lemma="Motoren" pos="X">Motoren</wf>
         <wf lemma="i" pos="X">i</wf>
         <wf lemma="elbilen" pos="X">elbilen</wf>
         <wf lemma="kan" pos="X">kan</wf>
         <wf lemma="i" pos="X">i</wf>
         <wf lemma="modsætning" pos="X">modsætning</wf>
         <wf lemma="til" pos="X">til</wf>
         <wf lemma="benzinmotoren" pos="X">benzinmotoren</wf>
         <instance id="d000.s1187.t000" lemma="generere" pos="VERB">generere</instance>
         <wf lemma="strøm" pos="X">strøm</wf>
         <wf lemma="under" pos="X">under</wf>
         <wf lemma="bremsning" pos="X">bremsning</wf>
         <wf lemma="." pos="X">.</wf>
      </sentence>
      <sentence id="d000.s1188" source="wordnet-danish">
         <wf lemma="Hun" pos="X">Hun</wf>
         <instance id="d000.s1188.t000" lemma="foretrække" pos="VERB">foretrækker</instance>
         <wf lemma="mænd" pos="X">mænd</wf>
         <wf lemma="i" pos="X">i</wf>
         <wf lemma="den" pos="X">den</wf>
         <wf lemma="modne" pos="X">modne</wf>
         <wf lemma="alder" pos="X">alder</wf>
         <wf lemma="." pos="X">.</wf>
      </sentence>
      <sentence id="d000.s1189" source="wordnet-danish">
         <wf lemma="Kjolen" pos="X">Kjolen</wf>
         <wf lemma="er" pos="X">er</wf>
         <wf lemma="krøbet" pos="X">krøbet</wf>
         <wf lemma="," pos="X">,</wf>
         <wf lemma="den" pos="X">den</wf>
         <wf lemma="er" pos="X">er</wf>
         <instance id="d000.s1189.t000" lemma="forkert" pos="ADJ">forkert</instance>
         <wf lemma="vasket" pos="X">vasket</wf>
         <wf lemma="." pos="X">.</wf>
      </sentence>
      <sentence id="d000.s1190" source="wordnet-danish">
         <wf lemma="Jeg" pos="X">Jeg</wf>
         <wf lemma="har" pos="X">har</wf>
         <wf lemma="overhovedet" pos="X">overhovedet</wf>
         <wf lemma="ikke" pos="X">ikke</wf>
         <instance id="d000.s1190.t000" lemma="rede" pos="NOUN">rede</instance>
         <wf lemma="på" pos="X">på</wf>
         <wf lemma="tiden" pos="X">tiden</wf>
         <wf lemma="længere" pos="X">længere</wf>
         <wf lemma="." pos="X">.</wf>
         <wf lemma="Om" pos="X">Om</wf>
         <wf lemma="vi" pos="X">vi</wf>
         <wf lemma="har" pos="X">har</wf>
         <wf lemma="ligget" pos="X">ligget</wf>
         <wf lemma="her" pos="X">her</wf>
         <wf lemma="en" pos="X">en</wf>
         <wf lemma="uge" pos="X">uge</wf>
         <wf lemma="eller" pos="X">eller</wf>
         <wf lemma="mere" pos="X">mere</wf>
         <wf lemma="ved" pos="X">ved</wf>
         <wf lemma="jeg" pos="X">jeg</wf>
         <wf lemma="ikke" pos="X">ikke</wf>
         <wf lemma="." pos="X">.</wf>
      </sentence>
      <sentence id="d000.s1191" source="wordnet-danish">
         <wf lemma="[Saxofonisten" pos="X">[Saxofonisten</wf>
         <wf lemma="Jens" pos="X">Jens</wf>
         <wf lemma="Søndergaard" pos="X">Søndergaard</wf>
         <wf lemma="]" pos="X">]</wf>
         <wf lemma="er" pos="X">er</wf>
         <wf lemma="også" pos="X">også</wf>
         <wf lemma="en" pos="X">en</wf>
         <wf lemma="god" pos="X">god</wf>
         <instance id="d000.s1191.t000" lemma="spiller" pos="NOUN">spiller</instance>
         <wf lemma="at" pos="X">at</wf>
         <wf lemma="sætte" pos="X">sætte</wf>
         <wf lemma="sammen" pos="X">sammen</wf>
         <wf lemma="med" pos="X">med</wf>
         <wf lemma="en" pos="X">en</wf>
         <wf lemma="vokalist" pos="X">vokalist</wf>
         <wf lemma="." pos="X">.</wf>
      </sentence>
      <sentence id="d000.s1192" source="wordnet-danish">
         <wf lemma="Vi" pos="X">Vi</wf>
         <wf lemma="får" pos="X">får</wf>
         <wf lemma="gulerodsråkost" pos="X">gulerodsråkost</wf>
         <wf lemma="med" pos="X">med</wf>
         <wf lemma="rosiner" pos="X">rosiner</wf>
         <wf lemma="til" pos="X">til</wf>
         <wf lemma="," pos="X">,</wf>
         <wf lemma="og" pos="X">og</wf>
         <wf lemma="Luffe" pos="X">Luffe</wf>
         <wf lemma="laver" pos="X">laver</wf>
         <wf lemma="en" pos="X">en</wf>
         <instance id="d000.s1192.t000" lemma="stærk" pos="ADJ">stærk</instance>
         <wf lemma="sovs" pos="X">sovs</wf>
         <wf lemma="med" pos="X">med</wf>
         <wf lemma="tomater" pos="X">tomater</wf>
         <wf lemma="," pos="X">,</wf>
         <wf lemma="rød" pos="X">rød</wf>
         <wf lemma="peber" pos="X">peber</wf>
         <wf lemma="og" pos="X">og</wf>
         <wf lemma="chili." pos="X">chili.</wf>
      </sentence>
      <sentence id="d000.s1193" source="wordnet-danish">
         <wf lemma="gang" pos="X">gang</wf>
         <wf lemma="på" pos="X">på</wf>
         <wf lemma="gang" pos="X">gang</wf>
         <wf lemma="skulle" pos="X">skulle</wf>
         <wf lemma="[officersfamilierne]" pos="X">[officersfamilierne]</wf>
         <wf lemma="i" pos="X">i</wf>
         <wf lemma="fine" pos="X">fine</wf>
         <wf lemma="messeuniformer" pos="X">messeuniformer</wf>
         <wf lemma="og" pos="X">og</wf>
         <wf lemma="lange" pos="X">lange</wf>
         <wf lemma="kjoler" pos="X">kjoler</wf>
         <wf lemma="og" pos="X">og</wf>
         <wf lemma="lange" pos="X">lange</wf>
         <wf lemma="hvide" pos="X">hvide</wf>
         <instance id="d000.s1193.t000" lemma="handske" pos="NOUN">handsker</instance>
         <wf lemma="." pos="X">.</wf>
      </sentence>
      <sentence id="d000.s1194" source="wordnet-danish">
         <wf lemma="Det" pos="X">Det</wf>
         <wf lemma="er" pos="X">er</wf>
         <wf lemma="svært" pos="X">svært</wf>
         <wf lemma="at" pos="X">at</wf>
         <wf lemma="tage" pos="X">tage</wf>
         <wf lemma="sig" pos="X">sig</wf>
         <wf lemma="sammen" pos="X">sammen</wf>
         <wf lemma="til" pos="X">til</wf>
         <wf lemma="at" pos="X">at</wf>
         <wf lemma="stå" pos="X">stå</wf>
         <wf lemma="op" pos="X">op</wf>
         <wf lemma="," pos="X">,</wf>
         <wf lemma="når" pos="X">når</wf>
         <wf lemma="vækkeuret" pos="X">vækkeuret</wf>
         <instance id="d000.s1194.t000" lemma="ringe" pos="VERB">ringer</instance>
         <wf lemma="." pos="X">.</wf>
      </sentence>
      <sentence id="d000.s1195" source="wordnet-danish">
         <wf lemma="den" pos="X">den</wf>
         <wf lemma="billigste" pos="X">billigste</wf>
         <wf lemma="hovedret" pos="X">hovedret</wf>
         <wf lemma="[var]" pos="X">[var]</wf>
         <wf lemma="perlehønebryst" pos="X">perlehønebryst</wf>
         <wf lemma="fyldt" pos="X">fyldt</wf>
         <wf lemma="med" pos="X">med</wf>
         <instance id="d000.s1195.t000" lemma="spinat" pos="NOUN">spinat</instance>
         <wf lemma="og" pos="X">og</wf>
         <wf lemma="svampe" pos="X">svampe</wf>
         <wf lemma="." pos="X">.</wf>
      </sentence>
      <sentence id="d000.s1196" source="wordnet-danish">
         <wf lemma="Medlemmerne" pos="X">Medlemmerne</wf>
         <wf lemma="har" pos="X">har</wf>
         <instance id="d000.s1196.t000" lemma="pligt" pos="NOUN">pligt</instance>
         <wf lemma="til" pos="X">til</wf>
         <wf lemma="at" pos="X">at</wf>
         <wf lemma="deltage" pos="X">deltage</wf>
         <wf lemma="i" pos="X">i</wf>
         <wf lemma="lærerrådets" pos="X">lærerrådets</wf>
         <wf lemma="møder" pos="X">møder</wf>
         <wf lemma="." pos="X">.</wf>
      </sentence>
      <sentence id="d000.s1197" source="wordnet-danish">
         <wf lemma="vi" pos="X">vi</wf>
         <wf lemma="har" pos="X">har</wf>
         <wf lemma="givet" pos="X">givet</wf>
         <wf lemma="skolebestyrelserne" pos="X">skolebestyrelserne</wf>
         <wf lemma="en" pos="X">en</wf>
         <wf lemma="forventning" pos="X">forventning</wf>
         <wf lemma="om" pos="X">om</wf>
         <wf lemma="," pos="X">,</wf>
         <wf lemma="at" pos="X">at</wf>
         <wf lemma="deres" pos="X">deres</wf>
         <wf lemma="indstilling" pos="X">indstilling</wf>
         <wf lemma="ville" pos="X">ville</wf>
         <wf lemma="blive" pos="X">blive</wf>
         <wf lemma="tillagt" pos="X">tillagt</wf>
         <wf lemma="afgørende" pos="X">afgørende</wf>
         <instance id="d000.s1197.t000" lemma="vægt" pos="NOUN">vægt</instance>
         <wf lemma="." pos="X">.</wf>
      </sentence>
      <sentence id="d000.s1198" source="wordnet-danish">
         <wf lemma="Nazisterne" pos="X">Nazisterne</wf>
         <wf lemma="marcherede" pos="X">marcherede</wf>
         <wf lemma="ind" pos="X">ind</wf>
         <wf lemma="," pos="X">,</wf>
         <wf lemma="alle" pos="X">alle</wf>
         <wf lemma="i" pos="X">i</wf>
         <instance id="d000.s1198.t000" lemma="uniform" pos="NOUN">uniform</instance>
         <wf lemma="." pos="X">.</wf>
         <wf lemma="288" pos="X">288</wf>
         <wf lemma="brune" pos="X">brune</wf>
         <wf lemma="skjorter" pos="X">skjorter</wf>
         <wf lemma="med" pos="X">med</wf>
         <wf lemma="skrårem" pos="X">skrårem</wf>
         <wf lemma="." pos="X">.</wf>
         <wf lemma="576" pos="X">576</wf>
         <wf lemma="lange" pos="X">lange</wf>
         <wf lemma="sorte" pos="X">sorte</wf>
         <wf lemma="støvler" pos="X">støvler</wf>
         <wf lemma="." pos="X">.</wf>
      </sentence>
      <sentence id="d000.s1199" source="wordnet-danish">
         <wf lemma="Jan" pos="X">Jan</wf>
         <wf lemma="Pedersen" pos="X">Pedersen</wf>
         <wf lemma="[har]" pos="X">[har]</wf>
         <wf lemma="for" pos="X">for</wf>
         <wf lemma="alvor" pos="X">alvor</wf>
         <wf lemma="genfundet" pos="X">genfundet</wf>
         <wf lemma="glæden" pos="X">glæden</wf>
         <wf lemma="ved" pos="X">ved</wf>
         <wf lemma="at" pos="X">at</wf>
         <wf lemma="håndtere" pos="X">håndtere</wf>
         <instance id="d000.s1199.t000" lemma="potte" pos="NOUN">potter</instance>
         <wf lemma="og" pos="X">og</wf>
         <wf lemma="pander" pos="X">pander</wf>
         <wf lemma="ved" pos="X">ved</wf>
         <wf lemma="eget" pos="X">eget</wf>
         <wf lemma="komfur" pos="X">komfur</wf>
         <wf lemma="." pos="X">.</wf>
      </sentence>
      <sentence id="d000.s1200" source="wordnet-danish">
         <wf lemma="politikerne" pos="X">politikerne</wf>
         <wf lemma="har" pos="X">har</wf>
         <wf lemma="ønsket" pos="X">ønsket</wf>
         <wf lemma="," pos="X">,</wf>
         <wf lemma="at" pos="X">at</wf>
         <wf lemma="TV" pos="X">TV</wf>
         <wf lemma="2" pos="X">2</wf>
         <wf lemma="i" pos="X">i</wf>
         <wf lemma="højere" pos="X">højere</wf>
         <wf lemma="grad" pos="X">grad</wf>
         <wf lemma="skulle" pos="X">skulle</wf>
         <instance id="d000.s1200.t000" lemma="finansiere" pos="VERB">finansieres</instance>
         <wf lemma="af" pos="X">af</wf>
         <wf lemma="reklamer" pos="X">reklamer</wf>
         <wf lemma="." pos="X">.</wf>
      </sentence>
      <sentence id="d000.s1201" source="wordnet-danish">
         <wf lemma="Blod" pos="X">Blod</wf>
         <wf lemma="er" pos="X">er</wf>
         <wf lemma="varmt" pos="X">varmt</wf>
         <wf lemma="og" pos="X">og</wf>
         <wf lemma="er" pos="X">er</wf>
         <wf lemma="en" pos="X">en</wf>
         <wf lemma="kilde" pos="X">kilde</wf>
         <wf lemma="til" pos="X">til</wf>
         <wf lemma="kraft" pos="X">kraft</wf>
         <wf lemma="og" pos="X">og</wf>
         <instance id="d000.s1201.t000" lemma="styrke" pos="NOUN">styrke</instance>
         <wf lemma="." pos="X">.</wf>
      </sentence>
      <sentence id="d000.s1202" source="wordnet-danish">
         <wf lemma="Katrine" pos="X">Katrine</wf>
         <wf lemma="var" pos="X">var</wf>
         <wf lemma="ikke" pos="X">ikke</wf>
         <instance id="d000.s1202.t000" lemma="tilfreds" pos="ADJ">tilfreds</instance>
         <wf lemma="med" pos="X">med</wf>
         <wf lemma="Joakims" pos="X">Joakims</wf>
         <wf lemma="forklaring" pos="X">forklaring</wf>
         <wf lemma="." pos="X">.</wf>
      </sentence>
      <sentence id="d000.s1203" source="wordnet-danish">
         <wf lemma="Vi" pos="X">Vi</wf>
         <wf lemma="gik" pos="X">gik</wf>
         <wf lemma="ud" pos="X">ud</wf>
         <wf lemma="i" pos="X">i</wf>
         <wf lemma="laden" pos="X">laden</wf>
         <wf lemma="for" pos="X">for</wf>
         <wf lemma="at" pos="X">at</wf>
         <wf lemma="lege" pos="X">lege</wf>
         <wf lemma="." pos="X">.</wf>
         <wf lemma="Vi" pos="X">Vi</wf>
         <wf lemma="klatrede" pos="X">klatrede</wf>
         <wf lemma="op" pos="X">op</wf>
         <wf lemma="på" pos="X">på</wf>
         <wf lemma="en" pos="X">en</wf>
         <instance id="d000.s1203.t000" lemma="bjælke" pos="NOUN">bjælke</instance>
         <wf lemma="over" pos="X">over</wf>
         <wf lemma="høet" pos="X">høet</wf>
         <wf lemma="." pos="X">.</wf>
      </sentence>
      <sentence id="d000.s1204" source="wordnet-danish">
         <wf lemma="Min" pos="X">Min</wf>
         <wf lemma="ven" pos="X">ven</wf>
         <wf lemma="er" pos="X">er</wf>
         <wf lemma="blevet" pos="X">blevet</wf>
         <wf lemma="meget" pos="X">meget</wf>
         <instance id="d000.s1204.t000" lemma="gavmild" pos="ADJ">gavmild</instance>
         <wf lemma="over" pos="X">over</wf>
         <wf lemma="for" pos="X">for</wf>
         <wf lemma="hende" pos="X">hende</wf>
         <wf lemma="og" pos="X">og</wf>
         <wf lemma="sender" pos="X">sender</wf>
         <wf lemma="hende" pos="X">hende</wf>
         <wf lemma="store" pos="X">store</wf>
         <wf lemma="gaver" pos="X">gaver</wf>
         <wf lemma="og" pos="X">og</wf>
         <wf lemma="penge" pos="X">penge</wf>
         <wf lemma="." pos="X">.</wf>
      </sentence>
      <sentence id="d000.s1205" source="wordnet-danish">
         <wf lemma="Under" pos="X">Under</wf>
         <wf lemma="indspilning" pos="X">indspilning</wf>
         <wf lemma="og" pos="X">og</wf>
         <wf lemma="under" pos="X">under</wf>
         <wf lemma="afspilning" pos="X">afspilning</wf>
         <wf lemma="løber" pos="X">løber</wf>
         <wf lemma="lydbåndet" pos="X">lydbåndet</wf>
         <wf lemma="fra" pos="X">fra</wf>
         <wf lemma="venstre" pos="X">venstre</wf>
         <wf lemma="mod" pos="X">mod</wf>
         <instance id="d000.s1205.t000" lemma="højre" pos="NOUN">højre</instance>
         <wf lemma="." pos="X">.</wf>
      </sentence>
      <sentence id="d000.s1206" source="wordnet-danish">
         <wf lemma="Aldrig" pos="X">Aldrig</wf>
         <wf lemma="før" pos="X">før</wf>
         <wf lemma="i" pos="X">i</wf>
         <wf lemma="den" pos="X">den</wf>
         <wf lemma="samlede" pos="X">samlede</wf>
         <wf lemma="Danmarkshistorie" pos="X">Danmarkshistorie</wf>
         <wf lemma="blev" pos="X">blev</wf>
         <wf lemma="der" pos="X">der</wf>
         <wf lemma="bygget" pos="X">bygget</wf>
         <wf lemma="så" pos="X">så</wf>
         <wf lemma="mange" pos="X">mange</wf>
         <instance id="d000.s1206.t000" lemma="hus" pos="NOUN">huse</instance>
         <wf lemma="som" pos="X">som</wf>
         <wf lemma="i" pos="X">i</wf>
         <wf lemma="60'erne" pos="X">60'erne</wf>
         <wf lemma="og" pos="X">og</wf>
         <wf lemma="70'erne" pos="X">70'erne</wf>
         <wf lemma="." pos="X">.</wf>
      </sentence>
      <sentence id="d000.s1207" source="wordnet-danish">
         <wf lemma="Hvert" pos="X">Hvert</wf>
         <wf lemma="år" pos="X">år</wf>
         <instance id="d000.s1207.t000" lemma="sejle" pos="VERB">sejler</instance>
         <wf lemma="26.000" pos="X">26.000</wf>
         <wf lemma="skibe" pos="X">skibe</wf>
         <wf lemma="gennem" pos="X">gennem</wf>
         <wf lemma="Øresund" pos="X">Øresund</wf>
         <wf lemma="." pos="X">.</wf>
      </sentence>
      <sentence id="d000.s1208" source="wordnet-danish">
         <wf lemma="Ikke" pos="X">Ikke</wf>
         <wf lemma="mere" pos="X">mere</wf>
         <instance id="d000.s1208.t000" lemma="kemi" pos="NOUN">kemi</instance>
         <wf lemma="i" pos="X">i</wf>
         <wf lemma="maden" pos="X">maden</wf>
         <wf lemma="." pos="X">.</wf>
      </sentence>
      <sentence id="d000.s1209" source="wordnet-danish">
         <wf lemma="Lars" pos="X">Lars</wf>
         <wf lemma="Sørensen" pos="X">Sørensen</wf>
         <wf lemma="ligger" pos="X">ligger</wf>
         <wf lemma="til" pos="X">til</wf>
         <wf lemma="sølv" pos="X">sølv</wf>
         <wf lemma="," pos="X">,</wf>
         <wf lemma="men" pos="X">men</wf>
         <wf lemma="er" pos="X">er</wf>
         <wf lemma="i" pos="X">i</wf>
         <instance id="d000.s1209.t000" lemma="kamp" pos="NOUN">kamp</instance>
         <wf lemma="om" pos="X">om</wf>
         <wf lemma="guldet" pos="X">guldet</wf>
         <wf lemma="." pos="X">.</wf>
      </sentence>
      <sentence id="d000.s1210" source="wordnet-danish">
         <wf lemma="Datacentralen" pos="X">Datacentralen</wf>
         <wf lemma=".." pos="X">..</wf>
         <wf lemma="har" pos="X">har</wf>
         <wf lemma="Personregisteret" pos="X">Personregisteret</wf>
         <wf lemma="," pos="X">,</wf>
         <wf lemma="Skattevæsenet" pos="X">Skattevæsenet</wf>
         <wf lemma="og" pos="X">og</wf>
         <wf lemma="andre" pos="X">andre</wf>
         <wf lemma="statslige" pos="X">statslige</wf>
         <instance id="d000.s1210.t000" lemma="institution" pos="NOUN">institutioner</instance>
         <wf lemma="som" pos="X">som</wf>
         <wf lemma="sine" pos="X">sine</wf>
         <wf lemma="store" pos="X">store</wf>
         <wf lemma="og" pos="X">og</wf>
         <wf lemma="trofaste" pos="X">trofaste</wf>
         <wf lemma="kunder" pos="X">kunder</wf>
         <wf lemma="." pos="X">.</wf>
      </sentence>
      <sentence id="d000.s1211" source="wordnet-danish">
         <wf lemma="Secret" pos="X">Secret</wf>
         <wf lemma="Oyster" pos="X">Oyster</wf>
         <wf lemma="blev" pos="X">blev</wf>
         <instance id="d000.s1211.t000" lemma="skabe" pos="VERB">skabt</instance>
         <wf lemma="som" pos="X">som</wf>
         <wf lemma="en" pos="X">en</wf>
         <wf lemma="eksperimental" pos="X">eksperimental</wf>
         <wf lemma="jazzinflueret" pos="X">jazzinflueret</wf>
         <wf lemma="rockgruppe" pos="X">rockgruppe</wf>
         <wf lemma="i" pos="X">i</wf>
         <wf lemma="1972" pos="X">1972</wf>
         <wf lemma="." pos="X">.</wf>
      </sentence>
      <sentence id="d000.s1212" source="wordnet-danish">
         <instance id="d000.s1212.t000" lemma="hotel" pos="NOUN">Hotellet</instance>
         <wf lemma="var" pos="X">var</wf>
         <wf lemma="der" pos="X">der</wf>
         <wf lemma="ikke" pos="X">ikke</wf>
         <wf lemma="noget" pos="X">noget</wf>
         <wf lemma="i" pos="X">i</wf>
         <wf lemma="vejen" pos="X">vejen</wf>
         <wf lemma="med" pos="X">med</wf>
         <wf lemma=";" pos="X">;</wf>
         <wf lemma="vores" pos="X">vores</wf>
         <wf lemma="værelse" pos="X">værelse</wf>
         <wf lemma="var" pos="X">var</wf>
         <wf lemma="stort" pos="X">stort</wf>
         <wf lemma="og" pos="X">og</wf>
         <wf lemma="rart" pos="X">rart</wf>
         <wf lemma="." pos="X">.</wf>
      </sentence>
      <sentence id="d000.s1213" source="wordnet-danish">
         <wf lemma="der" pos="X">der</wf>
         <wf lemma="blev" pos="X">blev</wf>
         <wf lemma="rettet" pos="X">rettet</wf>
         <wf lemma="en" pos="X">en</wf>
         <wf lemma="varm" pos="X">varm</wf>
         <instance id="d000.s1213.t000" lemma="tak" pos="NOUN">tak</instance>
         <wf lemma="til" pos="X">til</wf>
         <wf lemma="hende" pos="X">hende</wf>
         <wf lemma="for" pos="X">for</wf>
         <wf lemma="indsatsen" pos="X">indsatsen</wf>
         <wf lemma="." pos="X">.</wf>
      </sentence>
      <sentence id="d000.s1214" source="wordnet-danish">
         <wf lemma="hvis" pos="X">hvis</wf>
         <wf lemma="de" pos="X">de</wf>
         <wf lemma="faste" pos="X">faste</wf>
         <wf lemma="omkostninger" pos="X">omkostninger</wf>
         <wf lemma="er" pos="X">er</wf>
         <wf lemma="meget" pos="X">meget</wf>
         <wf lemma="store" pos="X">store</wf>
         <wf lemma="," pos="X">,</wf>
         <wf lemma="vil" pos="X">vil</wf>
         <wf lemma="der" pos="X">der</wf>
         <wf lemma="blive" pos="X">blive</wf>
         <wf lemma="et" pos="X">et</wf>
         <instance id="d000.s1214.t000" lemma="kæmpe" pos="ADJ">kæmpe</instance>
         <wf lemma="underskud" pos="X">underskud</wf>
         <wf lemma="." pos="X">.</wf>
      </sentence>
      <sentence id="d000.s1215" source="wordnet-danish">
         <wf lemma="De" pos="X">De</wf>
         <wf lemma="overskydende" pos="X">overskydende</wf>
         <wf lemma="200.000" pos="X">200.000</wf>
         <wf lemma="$" pos="X">$</wf>
         <instance id="d000.s1215.t000" lemma="beholde" pos="VERB">beholder</instance>
         <wf lemma="Anders" pos="X">Anders</wf>
         <wf lemma="Jensen" pos="X">Jensen</wf>
         <wf lemma="selv" pos="X">selv</wf>
         <wf lemma="." pos="X">.</wf>
      </sentence>
      <sentence id="d000.s1216" source="wordnet-danish">
         <wf lemma="Han" pos="X">Han</wf>
         <wf lemma="fortæller" pos="X">fortæller</wf>
         <wf lemma="hende" pos="X">hende</wf>
         <wf lemma="om" pos="X">om</wf>
         <instance id="d000.s1216.t000" lemma="ørken" pos="NOUN">ørkenen</instance>
         <wf lemma="," pos="X">,</wf>
         <wf lemma="om" pos="X">om</wf>
         <wf lemma="sandet" pos="X">sandet</wf>
         <wf lemma="og" pos="X">og</wf>
         <wf lemma="varmen" pos="X">varmen</wf>
         <wf lemma="og" pos="X">og</wf>
         <wf lemma="om" pos="X">om</wf>
         <wf lemma="ørkenens" pos="X">ørkenens</wf>
         <wf lemma="beboere" pos="X">beboere</wf>
         <wf lemma="," pos="X">,</wf>
         <wf lemma="der" pos="X">der</wf>
         <wf lemma="tilbringer" pos="X">tilbringer</wf>
         <wf lemma="dagen" pos="X">dagen</wf>
         <wf lemma="ubevægelige" pos="X">ubevægelige</wf>
         <wf lemma="i" pos="X">i</wf>
         <wf lemma="skyggen" pos="X">skyggen</wf>
         <wf lemma="under" pos="X">under</wf>
         <wf lemma="teltene" pos="X">teltene</wf>
         <wf lemma="." pos="X">.</wf>
      </sentence>
      <sentence id="d000.s1217" source="wordnet-danish">
         <wf lemma="hun" pos="X">hun</wf>
         <wf lemma="[tog]" pos="X">[tog]</wf>
         <wf lemma="kosten" pos="X">kosten</wf>
         <wf lemma="ovre" pos="X">ovre</wf>
         <wf lemma="i" pos="X">i</wf>
         <wf lemma="hjørnet" pos="X">hjørnet</wf>
         <wf lemma="og" pos="X">og</wf>
         <wf lemma="bankede" pos="X">bankede</wf>
         <wf lemma="den" pos="X">den</wf>
         <wf lemma="op" pos="X">op</wf>
         <wf lemma="i" pos="X">i</wf>
         <instance id="d000.s1217.t000" lemma="loft" pos="NOUN">loftet</instance>
         <wf lemma="," pos="X">,</wf>
         <wf lemma="så" pos="X">så</wf>
         <wf lemma="pudset" pos="X">pudset</wf>
         <wf lemma="dryssede" pos="X">dryssede</wf>
         <wf lemma="." pos="X">.</wf>
      </sentence>
      <sentence id="d000.s1218" source="wordnet-danish">
         <instance id="d000.s1218.t000" lemma="skråning" pos="NOUN">Skråningen</instance>
         <wf lemma="er" pos="X">er</wf>
         <wf lemma="meget" pos="X">meget</wf>
         <wf lemma="høj" pos="X">høj</wf>
         <wf lemma="og" pos="X">og</wf>
         <wf lemma="meget" pos="X">meget</wf>
         <wf lemma="stejl" pos="X">stejl</wf>
         <wf lemma="og" pos="X">og</wf>
         <wf lemma="tilmed" pos="X">tilmed</wf>
         <wf lemma="overgroet" pos="X">overgroet</wf>
         <wf lemma="med" pos="X">med</wf>
         <wf lemma="bregner" pos="X">bregner</wf>
         <wf lemma="og" pos="X">og</wf>
         <wf lemma="dueurt" pos="X">dueurt</wf>
         <wf lemma="." pos="X">.</wf>
      </sentence>
      <sentence id="d000.s1219" source="wordnet-danish">
         <wf lemma="Gisselfeld" pos="X">Gisselfeld</wf>
         <wf lemma="arves" pos="X">arves</wf>
         <wf lemma="fra" pos="X">fra</wf>
         <wf lemma="far" pos="X">far</wf>
         <wf lemma="til" pos="X">til</wf>
         <wf lemma="ældste" pos="X">ældste</wf>
         <wf lemma="søn" pos="X">søn</wf>
         <wf lemma="eller" pos="X">eller</wf>
         <wf lemma="nærmeste" pos="X">nærmeste</wf>
         <wf lemma="mandlige" pos="X">mandlige</wf>
         <instance id="d000.s1219.t000" lemma="arving" pos="NOUN">arving</instance>
         <wf lemma="." pos="X">.</wf>
      </sentence>
      <sentence id="d000.s1220" source="wordnet-danish">
         <wf lemma="hun" pos="X">hun</wf>
         <wf lemma="syntes" pos="X">syntes</wf>
         <wf lemma="," pos="X">,</wf>
         <wf lemma="at" pos="X">at</wf>
         <wf lemma="det" pos="X">det</wf>
         <wf lemma="oversteg" pos="X">oversteg</wf>
         <wf lemma="hendes" pos="X">hendes</wf>
         <instance id="d000.s1220.t000" lemma="kraft" pos="NOUN">kræfter</instance>
         <wf lemma="at" pos="X">at</wf>
         <wf lemma="passe" pos="X">passe</wf>
         <wf lemma="Dorit" pos="X">Dorit</wf>
         <wf lemma="," pos="X">,</wf>
         <wf lemma="som" pos="X">som</wf>
         <wf lemma="hun" pos="X">hun</wf>
         <wf lemma="burde" pos="X">burde</wf>
         <wf lemma="passes" pos="X">passes</wf>
         <wf lemma="." pos="X">.</wf>
      </sentence>
      <sentence id="d000.s1221" source="wordnet-danish">
         <wf lemma="Kirkeudvalget" pos="X">Kirkeudvalget</wf>
         <wf lemma="er" pos="X">er</wf>
         <wf lemma="overfor" pos="X">overfor</wf>
         <wf lemma="menighedsrådet" pos="X">menighedsrådet</wf>
         <instance id="d000.s1221.t000" lemma="ansvarlig" pos="ADJ">ansvarlig</instance>
         <wf lemma="for" pos="X">for</wf>
         <wf lemma="tilsyn" pos="X">tilsyn</wf>
         <wf lemma="med" pos="X">med</wf>
         <wf lemma="og" pos="X">og</wf>
         <wf lemma="kontrol" pos="X">kontrol</wf>
         <wf lemma="af" pos="X">af</wf>
         <wf lemma="regnskabsførelsen" pos="X">regnskabsførelsen</wf>
         <wf lemma="." pos="X">.</wf>
      </sentence>
      <sentence id="d000.s1222" source="wordnet-danish">
         <wf lemma="En" pos="X">En</wf>
         <instance id="d000.s1222.t000" lemma="lysstråle" pos="NOUN">lysstråle</instance>
         <wf lemma="bevæger" pos="X">bevæger</wf>
         <wf lemma="sig" pos="X">sig</wf>
         <wf lemma="gennem" pos="X">gennem</wf>
         <wf lemma="luften" pos="X">luften</wf>
         <wf lemma="eller" pos="X">eller</wf>
         <wf lemma="det" pos="X">det</wf>
         <wf lemma="tomme" pos="X">tomme</wf>
         <wf lemma="rum" pos="X">rum</wf>
         <wf lemma="i" pos="X">i</wf>
         <wf lemma="en" pos="X">en</wf>
         <wf lemma="lige" pos="X">lige</wf>
         <wf lemma="linie" pos="X">linie</wf>
         <wf lemma="," pos="X">,</wf>
         <wf lemma="indtil" pos="X">indtil</wf>
         <wf lemma="strålen" pos="X">strålen</wf>
         <wf lemma="rammer" pos="X">rammer</wf>
         <wf lemma="noget" pos="X">noget</wf>
         <wf lemma="." pos="X">.</wf>
      </sentence>
      <sentence id="d000.s1223" source="wordnet-danish">
         <wf lemma="Tulipaner" pos="X">Tulipaner</wf>
         <wf lemma="skal" pos="X">skal</wf>
         <wf lemma="lægges" pos="X">lægges</wf>
         <wf lemma="i" pos="X">i</wf>
         <wf lemma="veldrænet" pos="X">veldrænet</wf>
         <instance id="d000.s1223.t000" lemma="jord" pos="NOUN">jord</instance>
         <wf lemma="." pos="X">.</wf>
         <wf lemma="Er" pos="X">Er</wf>
         <wf lemma="jorden" pos="X">jorden</wf>
         <wf lemma="svær" pos="X">svær</wf>
         <wf lemma="," pos="X">,</wf>
         <wf lemma="bør" pos="X">bør</wf>
         <wf lemma="den" pos="X">den</wf>
         <wf lemma="forbedres" pos="X">forbedres</wf>
         <wf lemma="ved" pos="X">ved</wf>
         <wf lemma="iblanding" pos="X">iblanding</wf>
         <wf lemma="af" pos="X">af</wf>
         <wf lemma="grus" pos="X">grus</wf>
         <wf lemma="." pos="X">.</wf>
      </sentence>
      <sentence id="d000.s1224" source="wordnet-danish">
         <wf lemma="Forbløffende" pos="X">Forbløffende</wf>
         <wf lemma="nok" pos="X">nok</wf>
         <wf lemma="var" pos="X">var</wf>
         <wf lemma="bilen" pos="X">bilen</wf>
         <wf lemma="i" pos="X">i</wf>
         <wf lemma="god" pos="X">god</wf>
         <wf lemma="stand" pos="X">stand</wf>
         <wf lemma="." pos="X">.</wf>
         <instance id="d000.s1224.t000" lemma="maskine" pos="NOUN">Maskinen</instance>
         <wf lemma="startede" pos="X">startede</wf>
         <wf lemma="," pos="X">,</wf>
         <wf lemma="så" pos="X">så</wf>
         <wf lemma="snart" pos="X">snart</wf>
         <wf lemma="der" pos="X">der</wf>
         <wf lemma="var" pos="X">var</wf>
         <wf lemma="strøm" pos="X">strøm</wf>
         <wf lemma="på" pos="X">på</wf>
         <wf lemma="." pos="X">.</wf>
      </sentence>
      <sentence id="d000.s1225" source="wordnet-danish">
         <wf lemma="KB" pos="X">KB</wf>
         <wf lemma="Hallen" pos="X">Hallen</wf>
         <wf lemma="er" pos="X">er</wf>
         <wf lemma="to" pos="X">to</wf>
         <wf lemma="meter" pos="X">meter</wf>
         <wf lemma="for" pos="X">for</wf>
         <instance id="d000.s1225.t000" lemma="kort" pos="ADJ">kort</instance>
         <wf lemma="til" pos="X">til</wf>
         <wf lemma="at" pos="X">at</wf>
         <wf lemma="opfylde" pos="X">opfylde</wf>
         <wf lemma="de" pos="X">de</wf>
         <wf lemma="internationale" pos="X">internationale</wf>
         <wf lemma="mål" pos="X">mål</wf>
         <wf lemma="." pos="X">.</wf>
      </sentence>
      <sentence id="d000.s1226" source="wordnet-danish">
         <wf lemma="Når" pos="X">Når</wf>
         <wf lemma="batteriet" pos="X">batteriet</wf>
         <wf lemma="skal" pos="X">skal</wf>
         <wf lemma="sende" pos="X">sende</wf>
         <instance id="d000.s1226.t000" lemma="strøm" pos="NOUN">strøm</instance>
         <wf lemma="gennem" pos="X">gennem</wf>
         <wf lemma="en" pos="X">en</wf>
         <wf lemma="pære" pos="X">pære</wf>
         <wf lemma="," pos="X">,</wf>
         <wf lemma="må" pos="X">må</wf>
         <wf lemma="der" pos="X">der</wf>
         <wf lemma="laves" pos="X">laves</wf>
         <wf lemma="et" pos="X">et</wf>
         <wf lemma="elektrisk" pos="X">elektrisk</wf>
         <wf lemma="kredsløb" pos="X">kredsløb</wf>
         <wf lemma="." pos="X">.</wf>
      </sentence>
      <sentence id="d000.s1227" source="wordnet-danish">
         <wf lemma="Nekrologforfatteren" pos="X">Nekrologforfatteren</wf>
         <wf lemma="er" pos="X">er</wf>
         <wf lemma="en" pos="X">en</wf>
         <instance id="d000.s1227.t000" lemma="art" pos="NOUN">art</instance>
         <wf lemma="nutidshistoriker" pos="X">nutidshistoriker</wf>
         <wf lemma="." pos="X">.</wf>
      </sentence>
      <sentence id="d000.s1228" source="wordnet-danish">
         <instance id="d000.s1228.t000" lemma="hjerne" pos="NOUN">Hjernen</instance>
         <wf lemma="består" pos="X">består</wf>
         <wf lemma="af" pos="X">af</wf>
         <wf lemma="tre" pos="X">tre</wf>
         <wf lemma="dele" pos="X">dele</wf>
         <wf lemma="." pos="X">.</wf>
         <wf lemma="Storhjernen" pos="X">Storhjernen</wf>
         <wf lemma="," pos="X">,</wf>
         <wf lemma="lillehjernen" pos="X">lillehjernen</wf>
         <wf lemma="og" pos="X">og</wf>
         <wf lemma="hjernestammen" pos="X">hjernestammen</wf>
         <wf lemma="." pos="X">.</wf>
      </sentence>
      <sentence id="d000.s1229" source="wordnet-danish">
         <wf lemma="landsholdsmålmand" pos="X">landsholdsmålmand</wf>
         <wf lemma="Peter" pos="X">Peter</wf>
         <wf lemma="Schmeichel" pos="X">Schmeichel</wf>
         <wf lemma="[har]" pos="X">[har]</wf>
         <instance id="d000.s1229.t000" lemma="anbefale" pos="VERB">anbefalet</instance>
         <wf lemma="sin" pos="X">sin</wf>
         <wf lemma="tidligere" pos="X">tidligere</wf>
         <wf lemma="Brøndby-holdkammerat" pos="X">Brøndby-holdkammerat</wf>
         <wf lemma="til" pos="X">til</wf>
         <wf lemma="sin" pos="X">sin</wf>
         <wf lemma="træner" pos="X">træner</wf>
         <wf lemma="." pos="X">.</wf>
      </sentence>
      <sentence id="d000.s1230" source="wordnet-danish">
         <wf lemma="Det" pos="X">Det</wf>
         <wf lemma="smukke" pos="X">smukke</wf>
         <wf lemma="udseende" pos="X">udseende</wf>
         <wf lemma="er" pos="X">er</wf>
         <wf lemma="en" pos="X">en</wf>
         <wf lemma="livsbetingelse" pos="X">livsbetingelse</wf>
         <wf lemma="og" pos="X">og</wf>
         <wf lemma="en" pos="X">en</wf>
         <instance id="d000.s1230.t000" lemma="identitet" pos="NOUN">identitet</instance>
         <wf lemma="for" pos="X">for</wf>
         <wf lemma="yuppien" pos="X">yuppien</wf>
         <wf lemma="." pos="X">.</wf>
      </sentence>
      <sentence id="d000.s1231" source="wordnet-danish">
         <wf lemma="Vi" pos="X">Vi</wf>
         <wf lemma="kan" pos="X">kan</wf>
         <wf lemma="helt" pos="X">helt</wf>
         <wf lemma="klart" pos="X">klart</wf>
         <wf lemma="mærke" pos="X">mærke</wf>
         <wf lemma="," pos="X">,</wf>
         <wf lemma="at" pos="X">at</wf>
         <wf lemma="børnechecken" pos="X">børnechecken</wf>
         <wf lemma="er" pos="X">er</wf>
         <instance id="d000.s1231.t000" lemma="sende" pos="VERB">sendt</instance>
         <wf lemma="ud" pos="X">ud</wf>
         <wf lemma="." pos="X">.</wf>
         <wf lemma="Vores" pos="X">Vores</wf>
         <wf lemma="salg" pos="X">salg</wf>
         <wf lemma="stiger" pos="X">stiger</wf>
         <wf lemma="med" pos="X">med</wf>
         <wf lemma="mellem" pos="X">mellem</wf>
         <wf lemma="15" pos="X">15</wf>
         <wf lemma="og" pos="X">og</wf>
         <wf lemma="20" pos="X">20</wf>
         <wf lemma="pct." pos="X">pct.</wf>
      </sentence>
      <sentence id="d000.s1232" source="wordnet-danish">
         <wf lemma="Klaus" pos="X">Klaus</wf>
         <wf lemma="Rifbjerg" pos="X">Rifbjerg</wf>
         <wf lemma="bliver" pos="X">bliver</wf>
         <wf lemma="60" pos="X">60</wf>
         <wf lemma="og" pos="X">og</wf>
         <wf lemma="går" pos="X">går</wf>
         <wf lemma="planmæssigt" pos="X">planmæssigt</wf>
         <wf lemma="efter" pos="X">efter</wf>
         <wf lemma="syv" pos="X">syv</wf>
         <wf lemma="års" pos="X">års</wf>
         <wf lemma="værnepligt" pos="X">værnepligt</wf>
         <wf lemma="som" pos="X">som</wf>
         <wf lemma="litterær" pos="X">litterær</wf>
         <wf lemma="direktør" pos="X">direktør</wf>
         <wf lemma="for" pos="X">for</wf>
         <wf lemma="Gyldendal" pos="X">Gyldendal</wf>
         <wf lemma="." pos="X">.</wf>
         <wf lemma="En" pos="X">En</wf>
         <instance id="d000.s1232.t000" lemma="epoke" pos="NOUN">epoke</instance>
         <wf lemma="er" pos="X">er</wf>
         <wf lemma="forbi" pos="X">forbi</wf>
         <wf lemma="." pos="X">.</wf>
         <wf lemma="En" pos="X">En</wf>
         <wf lemma="ny" pos="X">ny</wf>
         <wf lemma="kan" pos="X">kan</wf>
         <wf lemma="begynde" pos="X">begynde</wf>
         <wf lemma="." pos="X">.</wf>
      </sentence>
      <sentence id="d000.s1233" source="wordnet-danish">
         <wf lemma="folk" pos="X">folk</wf>
         <wf lemma="dansede" pos="X">dansede</wf>
         <wf lemma="til" pos="X">til</wf>
         <instance id="d000.s1233.t000" lemma="tromme" pos="NOUN">trommernes</instance>
         <wf lemma="rytmer" pos="X">rytmer</wf>
         <wf lemma="." pos="X">.</wf>
      </sentence>
      <sentence id="d000.s1234" source="wordnet-danish">
         <wf lemma="han" pos="X">han</wf>
         <wf lemma="[sad]" pos="X">[sad]</wf>
         <wf lemma="i" pos="X">i</wf>
         <wf lemma="bilen" pos="X">bilen</wf>
         <wf lemma="med" pos="X">med</wf>
         <wf lemma="motoren" pos="X">motoren</wf>
         <wf lemma="i" pos="X">i</wf>
         <instance id="d000.s1234.t000" lemma="gang" pos="NOUN">gang</instance>
         <wf lemma="for" pos="X">for</wf>
         <wf lemma="at" pos="X">at</wf>
         <wf lemma="holde" pos="X">holde</wf>
         <wf lemma="varmen" pos="X">varmen</wf>
         <wf lemma="." pos="X">.</wf>
      </sentence>
      <sentence id="d000.s1235" source="wordnet-danish">
         <wf lemma="Vandet" pos="X">Vandet</wf>
         <wf lemma="klukkede" pos="X">klukkede</wf>
         <wf lemma="under" pos="X">under</wf>
         <wf lemma="den" pos="X">den</wf>
         <wf lemma="lille" pos="X">lille</wf>
         <wf lemma="," pos="X">,</wf>
         <wf lemma="spinkle" pos="X">spinkle</wf>
         <wf lemma="båd" pos="X">båd</wf>
         <wf lemma="," pos="X">,</wf>
         <wf lemma="mens" pos="X">mens</wf>
         <wf lemma="de" pos="X">de</wf>
         <instance id="d000.s1235.t000" lemma="flyde" pos="VERB">flød</instance>
         <wf lemma="med" pos="X">med</wf>
         <wf lemma="strømmen" pos="X">strømmen</wf>
         <wf lemma="." pos="X">.</wf>
      </sentence>
      <sentence id="d000.s1236" source="wordnet-danish">
         <wf lemma="Det" pos="X">Det</wf>
         <wf lemma="var" pos="X">var</wf>
         <wf lemma="en" pos="X">en</wf>
         <wf lemma="dejlig" pos="X">dejlig</wf>
         <wf lemma="tirsdag" pos="X">tirsdag</wf>
         <instance id="d000.s1236.t000" lemma="morgen" pos="NOUN">morgen</instance>
         <wf lemma="med" pos="X">med</wf>
         <wf lemma="solskin" pos="X">solskin</wf>
         <wf lemma="." pos="X">.</wf>
         <wf lemma="Himlen" pos="X">Himlen</wf>
         <wf lemma="var" pos="X">var</wf>
         <wf lemma="klar" pos="X">klar</wf>
         <wf lemma="og" pos="X">og</wf>
         <wf lemma="blå" pos="X">blå</wf>
         <wf lemma="." pos="X">.</wf>
         <wf lemma="Klokken" pos="X">Klokken</wf>
         <wf lemma="var" pos="X">var</wf>
         <wf lemma="lidt" pos="X">lidt</wf>
         <wf lemma="over" pos="X">over</wf>
         <wf lemma="syv" pos="X">syv</wf>
         <wf lemma="." pos="X">.</wf>
      </sentence>
      <sentence id="d000.s1237" source="wordnet-danish">
         <wf lemma="'" pos="X">'</wf>
         <wf lemma="Karlsen" pos="X">Karlsen</wf>
         <wf lemma="!" pos="X">!</wf>
         <wf lemma="'" pos="X">'</wf>
         <instance id="d000.s1237.t000" lemma="præsentere" pos="VERB">præsenterede</instance>
         <wf lemma="han" pos="X">han</wf>
         <wf lemma="sig" pos="X">sig</wf>
         <wf lemma="." pos="X">.</wf>
         <wf lemma="'" pos="X">'</wf>
         <wf lemma="Kriminalassistent" pos="X">Kriminalassistent</wf>
         <wf lemma="Karlsen" pos="X">Karlsen</wf>
         <wf lemma=".'." pos="X">.'.</wf>
      </sentence>
      <sentence id="d000.s1238" source="wordnet-danish">
         <wf lemma="helten" pos="X">helten</wf>
         <wf lemma=".." pos="X">..</wf>
         <wf lemma="skal" pos="X">skal</wf>
         <wf lemma="klare" pos="X">klare</wf>
         <wf lemma="tre" pos="X">tre</wf>
         <instance id="d000.s1238.t000" lemma="prøve" pos="NOUN">prøver</instance>
         <wf lemma="for" pos="X">for</wf>
         <wf lemma="at" pos="X">at</wf>
         <wf lemma="få" pos="X">få</wf>
         <wf lemma="prinsessen" pos="X">prinsessen</wf>
         <wf lemma="og" pos="X">og</wf>
         <wf lemma="det" pos="X">det</wf>
         <wf lemma="halve" pos="X">halve</wf>
         <wf lemma="kongerige" pos="X">kongerige</wf>
         <wf lemma="." pos="X">.</wf>
      </sentence>
      <sentence id="d000.s1239" source="wordnet-danish">
         <wf lemma="de" pos="X">de</wf>
         <wf lemma="egyptiske" pos="X">egyptiske</wf>
         <instance id="d000.s1239.t000" lemma="konge" pos="NOUN">konger</instance>
         <wf lemma="byggede" pos="X">byggede</wf>
         <wf lemma="pyramider" pos="X">pyramider</wf>
         <wf lemma="," pos="X">,</wf>
         <wf lemma="hvori" pos="X">hvori</wf>
         <wf lemma="de" pos="X">de</wf>
         <wf lemma="lod" pos="X">lod</wf>
         <wf lemma="sig" pos="X">sig</wf>
         <wf lemma="begrave" pos="X">begrave</wf>
         <wf lemma="." pos="X">.</wf>
      </sentence>
      <sentence id="d000.s1240" source="wordnet-danish">
         <wf lemma="der" pos="X">der</wf>
         <wf lemma="ligger" pos="X">ligger</wf>
         <wf lemma="en" pos="X">en</wf>
         <wf lemma="stor" pos="X">stor</wf>
         <instance id="d000.s1240.t000" lemma="personlig" pos="ADJ">personlig</instance>
         <wf lemma="tilfredsstillelse" pos="X">tilfredsstillelse</wf>
         <wf lemma="ved" pos="X">ved</wf>
         <wf lemma="selv" pos="X">selv</wf>
         <wf lemma="at" pos="X">at</wf>
         <wf lemma="klare" pos="X">klare</wf>
         <wf lemma="sine" pos="X">sine</wf>
         <wf lemma="problemer" pos="X">problemer</wf>
         <wf lemma="." pos="X">.</wf>
      </sentence>
      <sentence id="d000.s1241" source="wordnet-danish">
         <wf lemma="gruppen" pos="X">gruppen</wf>
         <wf lemma="blev" pos="X">blev</wf>
         <wf lemma="med" pos="X">med</wf>
         <instance id="d000.s1241.t000" lemma="magt" pos="NOUN">magt</instance>
         <wf lemma="smidt" pos="X">smidt</wf>
         <wf lemma="ud" pos="X">ud</wf>
         <wf lemma="af" pos="X">af</wf>
         <wf lemma="bygningen" pos="X">bygningen</wf>
         <wf lemma="." pos="X">.</wf>
      </sentence>
      <sentence id="d000.s1242" source="wordnet-danish">
         <wf lemma="det" pos="X">det</wf>
         <wf lemma="er" pos="X">er</wf>
         <wf lemma="en" pos="X">en</wf>
         <wf lemma="erfaren" pos="X">erfaren</wf>
         <instance id="d000.s1242.t000" lemma="pilot" pos="NOUN">pilot</instance>
         <wf lemma="der" pos="X">der</wf>
         <wf lemma="sidder" pos="X">sidder</wf>
         <wf lemma="ved" pos="X">ved</wf>
         <wf lemma="pinden" pos="X">pinden</wf>
         <wf lemma="i" pos="X">i</wf>
         <wf lemma="det" pos="X">det</wf>
         <wf lemma="tunge" pos="X">tunge</wf>
         <wf lemma="Hercules" pos="X">Hercules</wf>
         <wf lemma="transportfly" pos="X">transportfly</wf>
         <wf lemma="." pos="X">.</wf>
      </sentence>
      <sentence id="d000.s1243" source="wordnet-danish">
         <wf lemma="at" pos="X">at</wf>
         <wf lemma="få" pos="X">få</wf>
         <wf lemma="nye" pos="X">nye</wf>
         <wf lemma="venner" pos="X">venner</wf>
         <wf lemma="kræver" pos="X">kræver</wf>
         <wf lemma="selvfølgelig" pos="X">selvfølgelig</wf>
         <wf lemma="," pos="X">,</wf>
         <wf lemma="at" pos="X">at</wf>
         <wf lemma="man" pos="X">man</wf>
         <wf lemma="selv" pos="X">selv</wf>
         <wf lemma="er" pos="X">er</wf>
         <wf lemma="åben" pos="X">åben</wf>
         <wf lemma="." pos="X">.</wf>
         <wf lemma="Man" pos="X">Man</wf>
         <wf lemma="er" pos="X">er</wf>
         <wf lemma="nødt" pos="X">nødt</wf>
         <wf lemma="til" pos="X">til</wf>
         <wf lemma="at" pos="X">at</wf>
         <wf lemma="deltage" pos="X">deltage</wf>
         <wf lemma="i" pos="X">i</wf>
         <instance id="d000.s1243.t000" lemma="social" pos="ADJ">sociale</instance>
         <wf lemma="arrangementer" pos="X">arrangementer</wf>
         <wf lemma="og" pos="X">og</wf>
         <wf lemma="gå" pos="X">gå</wf>
         <wf lemma="ud" pos="X">ud</wf>
         <wf lemma="og" pos="X">og</wf>
         <wf lemma="møde" pos="X">møde</wf>
         <wf lemma="folk" pos="X">folk</wf>
         <wf lemma="." pos="X">.</wf>
      </sentence>
      <sentence id="d000.s1244" source="wordnet-danish">
         <wf lemma="Inden" pos="X">Inden</wf>
         <wf lemma="for" pos="X">for</wf>
         <wf lemma="fysik" pos="X">fysik</wf>
         <wf lemma="produceres" pos="X">produceres</wf>
         <wf lemma="primært" pos="X">primært</wf>
         <instance id="d000.s1244.t000" lemma="abstrakt" pos="ADJ">abstrakt</instance>
         <wf lemma="," pos="X">,</wf>
         <wf lemma="teoretisk" pos="X">teoretisk</wf>
         <wf lemma="viden" pos="X">viden</wf>
         <wf lemma="." pos="X">.</wf>
      </sentence>
      <sentence id="d000.s1245" source="wordnet-danish">
         <wf lemma="En" pos="X">En</wf>
         <wf lemma="yuppie" pos="X">yuppie</wf>
         <wf lemma="er" pos="X">er</wf>
         <instance id="d000.s1245.t000" lemma="fortabt" pos="ADJ">fortabt</instance>
         <wf lemma="," pos="X">,</wf>
         <wf lemma="hvis" pos="X">hvis</wf>
         <wf lemma="udseendet" pos="X">udseendet</wf>
         <wf lemma="ikke" pos="X">ikke</wf>
         <wf lemma="er" pos="X">er</wf>
         <wf lemma="flot" pos="X">flot</wf>
         <wf lemma="." pos="X">.</wf>
      </sentence>
      <sentence id="d000.s1246" source="wordnet-danish">
         <wf lemma="i" pos="X">i</wf>
         <wf lemma="de" pos="X">de</wf>
         <instance id="d000.s1246.t000" lemma="konventionel" pos="ADJ">konventionelle</instance>
         <wf lemma="atomkraftværker" pos="X">atomkraftværker</wf>
         <wf lemma="anvendes" pos="X">anvendes</wf>
         <wf lemma="i" pos="X">i</wf>
         <wf lemma="dag" pos="X">dag</wf>
         <wf lemma="især" pos="X">især</wf>
         <wf lemma="uran-235" pos="X">uran-235</wf>
         <wf lemma="." pos="X">.</wf>
      </sentence>
      <sentence id="d000.s1247" source="wordnet-danish">
         <wf lemma="På" pos="X">På</wf>
         <wf lemma="lossepladsen" pos="X">lossepladsen</wf>
         <wf lemma="ligger" pos="X">ligger</wf>
         <wf lemma="der" pos="X">der</wf>
         <wf lemma="ofte" pos="X">ofte</wf>
         <wf lemma="halvtømte" pos="X">halvtømte</wf>
         <wf lemma="dåser" pos="X">dåser</wf>
         <wf lemma="og" pos="X">og</wf>
         <wf lemma="kasser" pos="X">kasser</wf>
         <instance id="d000.s1247.t000" lemma="indeholde" pos="VERB">indeholdende</instance>
         <wf lemma="sprøjtemidler" pos="X">sprøjtemidler</wf>
         <wf lemma="," pos="X">,</wf>
         <wf lemma="malingrester" pos="X">malingrester</wf>
         <wf lemma="," pos="X">,</wf>
         <wf lemma="medicin" pos="X">medicin</wf>
         <wf lemma="eller" pos="X">eller</wf>
         <wf lemma="giftstoffer" pos="X">giftstoffer</wf>
         <wf lemma="." pos="X">.</wf>
      </sentence>
      <sentence id="d000.s1248" source="wordnet-danish">
         <wf lemma="han" pos="X">han</wf>
         <wf lemma="luskede" pos="X">luskede</wf>
         <wf lemma="op" pos="X">op</wf>
         <wf lemma="fra" pos="X">fra</wf>
         <wf lemma="stranden" pos="X">stranden</wf>
         <wf lemma="i" pos="X">i</wf>
         <wf lemma="bar" pos="X">bar</wf>
         <instance id="d000.s1248.t000" lemma="røv" pos="NOUN">røv</instance>
         <wf lemma="og" pos="X">og</wf>
         <wf lemma="med" pos="X">med</wf>
         <wf lemma="bukserne" pos="X">bukserne</wf>
         <wf lemma="om" pos="X">om</wf>
         <wf lemma="hælene" pos="X">hælene</wf>
         <wf lemma="." pos="X">.</wf>
      </sentence>
      <sentence id="d000.s1249" source="wordnet-danish">
         <wf lemma="Jeg" pos="X">Jeg</wf>
         <wf lemma="vasker" pos="X">vasker</wf>
         <wf lemma="håret" pos="X">håret</wf>
         <wf lemma="hver" pos="X">hver</wf>
         <wf lemma="morgen" pos="X">morgen</wf>
         <wf lemma="--" pos="X">--</wf>
         <wf lemma="kommer" pos="X">kommer</wf>
         <wf lemma="rigeligt" pos="X">rigeligt</wf>
         <wf lemma="med" pos="X">med</wf>
         <instance id="d000.s1249.t000" lemma="sæbe" pos="NOUN">sæbe</instance>
         <wf lemma="i" pos="X">i</wf>
         <wf lemma="," pos="X">,</wf>
         <wf lemma="således" pos="X">således</wf>
         <wf lemma="at" pos="X">at</wf>
         <wf lemma="der" pos="X">der</wf>
         <wf lemma="er" pos="X">er</wf>
         <wf lemma="skum" pos="X">skum</wf>
         <wf lemma="nok" pos="X">nok</wf>
         <wf lemma="til" pos="X">til</wf>
         <wf lemma="resten" pos="X">resten</wf>
         <wf lemma="af" pos="X">af</wf>
         <wf lemma="kroppen" pos="X">kroppen</wf>
         <wf lemma="." pos="X">.</wf>
      </sentence>
      <sentence id="d000.s1250" source="wordnet-danish">
         <wf lemma="Nordboerne" pos="X">Nordboerne</wf>
         <wf lemma="havde" pos="X">havde</wf>
         <wf lemma="også" pos="X">også</wf>
         <instance id="d000.s1250.t000" lemma="får" pos="NOUN">får</instance>
         <wf lemma="og" pos="X">og</wf>
         <wf lemma="geder" pos="X">geder</wf>
         <wf lemma="." pos="X">.</wf>
         <wf lemma="Fra" pos="X">Fra</wf>
         <wf lemma="fårene" pos="X">fårene</wf>
         <wf lemma="fik" pos="X">fik</wf>
         <wf lemma="man" pos="X">man</wf>
         <wf lemma="uld" pos="X">uld</wf>
         <wf lemma="til" pos="X">til</wf>
         <wf lemma="klæder" pos="X">klæder</wf>
         <wf lemma="." pos="X">.</wf>
      </sentence>
      <sentence id="d000.s1251" source="wordnet-danish">
         <wf lemma="stik" pos="X">stik</wf>
         <wf lemma="imod" pos="X">imod</wf>
         <wf lemma="alle" pos="X">alle</wf>
         <instance id="d000.s1251.t000" lemma="forudsigelse" pos="NOUN">forudsigelser</instance>
         <wf lemma="er" pos="X">er</wf>
         <wf lemma="Debbie" pos="X">Debbie</wf>
         <wf lemma="og" pos="X">og</wf>
         <wf lemma="hendes" pos="X">hendes</wf>
         <wf lemma="mand" pos="X">mand</wf>
         <wf lemma="," pos="X">,</wf>
         <wf lemma="Paul" pos="X">Paul</wf>
         <wf lemma="," pos="X">,</wf>
         <wf lemma="i" pos="X">i</wf>
         <wf lemma="dag" pos="X">dag</wf>
         <wf lemma="forældre" pos="X">forældre</wf>
         <wf lemma="til" pos="X">til</wf>
         <wf lemma="en" pos="X">en</wf>
         <wf lemma="lille" pos="X">lille</wf>
         <wf lemma="pige" pos="X">pige</wf>
         <wf lemma="." pos="X">.</wf>
      </sentence>
      <sentence id="d000.s1252" source="wordnet-danish">
         <wf lemma="hesten" pos="X">hesten</wf>
         <wf lemma="havde" pos="X">havde</wf>
         <wf lemma="stejlet" pos="X">stejlet</wf>
         <wf lemma="," pos="X">,</wf>
         <wf lemma="som" pos="X">som</wf>
         <wf lemma="ville" pos="X">ville</wf>
         <wf lemma="den" pos="X">den</wf>
         <wf lemma="protestere" pos="X">protestere</wf>
         <wf lemma="." pos="X">.</wf>
         <wf lemma="Men" pos="X">Men</wf>
         <wf lemma="hans" pos="X">hans</wf>
         <wf lemma="far" pos="X">far</wf>
         <wf lemma="havde" pos="X">havde</wf>
         <wf lemma="bevaret" pos="X">bevaret</wf>
         <wf lemma="kontrollen" pos="X">kontrollen</wf>
         <wf lemma="og" pos="X">og</wf>
         <wf lemma="givet" pos="X">givet</wf>
         <wf lemma="den" pos="X">den</wf>
         <wf lemma="med" pos="X">med</wf>
         <instance id="d000.s1252.t000" lemma="pisk" pos="NOUN">pisken</instance>
         <wf lemma="." pos="X">.</wf>
      </sentence>
      <sentence id="d000.s1253" source="wordnet-danish">
         <wf lemma="Hendes" pos="X">Hendes</wf>
         <instance id="d000.s1253.t000" lemma="kat" pos="NOUN">kat</instance>
         <wf lemma="lå" pos="X">lå</wf>
         <wf lemma="og" pos="X">og</wf>
         <wf lemma="spandt" pos="X">spandt</wf>
         <wf lemma="ved" pos="X">ved</wf>
         <wf lemma="hendes" pos="X">hendes</wf>
         <wf lemma="fødder" pos="X">fødder</wf>
         <wf lemma="." pos="X">.</wf>
         <wf lemma="Hun" pos="X">Hun</wf>
         <wf lemma="nød" pos="X">nød</wf>
         <wf lemma="den" pos="X">den</wf>
         <wf lemma="beroligende" pos="X">beroligende</wf>
         <wf lemma="summen" pos="X">summen</wf>
         <wf lemma="." pos="X">.</wf>
      </sentence>
      <sentence id="d000.s1254" source="wordnet-danish">
         <wf lemma="Rørkoblinger" pos="X">Rørkoblinger</wf>
         <wf lemma="anvendes" pos="X">anvendes</wf>
         <wf lemma="til" pos="X">til</wf>
         <instance id="d000.s1254.t000" lemma="samling" pos="NOUN">samling</instance>
         <wf lemma="af" pos="X">af</wf>
         <wf lemma="afløbsrør" pos="X">afløbsrør</wf>
         <wf lemma="." pos="X">.</wf>
      </sentence>
      <sentence id="d000.s1255" source="wordnet-danish">
         <wf lemma="han" pos="X">han</wf>
         <wf lemma="lænede" pos="X">lænede</wf>
         <wf lemma="sig" pos="X">sig</wf>
         <wf lemma="frem" pos="X">frem</wf>
         <wf lemma="og" pos="X">og</wf>
         <wf lemma="skænkede" pos="X">skænkede</wf>
         <wf lemma="vin" pos="X">vin</wf>
         <wf lemma="og" pos="X">og</wf>
         <wf lemma=".." pos="X">..</wf>
         <wf lemma="tørrede" pos="X">tørrede</wf>
         <wf lemma="de" pos="X">de</wf>
         <wf lemma="sidste" pos="X">sidste</wf>
         <wf lemma="dråber" pos="X">dråber</wf>
         <wf lemma="af" pos="X">af</wf>
         <wf lemma="karaflens" pos="X">karaflens</wf>
         <instance id="d000.s1255.t000" lemma="tud" pos="NOUN">tud</instance>
         <wf lemma="med" pos="X">med</wf>
         <wf lemma="et" pos="X">et</wf>
         <wf lemma="hvidt" pos="X">hvidt</wf>
         <wf lemma="klæde" pos="X">klæde</wf>
         <wf lemma="." pos="X">.</wf>
      </sentence>
      <sentence id="d000.s1256" source="wordnet-danish">
         <wf lemma="Solen" pos="X">Solen</wf>
         <wf lemma="var" pos="X">var</wf>
         <wf lemma="nu" pos="X">nu</wf>
         <wf lemma="halvvejs" pos="X">halvvejs</wf>
         <wf lemma="sunket" pos="X">sunket</wf>
         <wf lemma="i" pos="X">i</wf>
         <wf lemma="havet" pos="X">havet</wf>
         <wf lemma="og" pos="X">og</wf>
         <wf lemma="kastede" pos="X">kastede</wf>
         <wf lemma="et" pos="X">et</wf>
         <wf lemma="flammende" pos="X">flammende</wf>
         <instance id="d000.s1256.t000" lemma="rød" pos="NOUN">rødt</instance>
         <wf lemma="skær" pos="X">skær</wf>
         <wf lemma="op" pos="X">op</wf>
         <wf lemma="over" pos="X">over</wf>
         <wf lemma="himlen" pos="X">himlen</wf>
         <wf lemma="og" pos="X">og</wf>
         <wf lemma="ind" pos="X">ind</wf>
         <wf lemma="over" pos="X">over</wf>
         <wf lemma="vandet" pos="X">vandet</wf>
         <wf lemma="." pos="X">.</wf>
      </sentence>
      <sentence id="d000.s1257" source="wordnet-danish">
         <wf lemma="efter" pos="X">efter</wf>
         <wf lemma="tre" pos="X">tre</wf>
         <wf lemma="timers" pos="X">timers</wf>
         <instance id="d000.s1257.t000" lemma="søvn" pos="NOUN">søvn</instance>
         <wf lemma="var" pos="X">var</wf>
         <wf lemma="jeg" pos="X">jeg</wf>
         <wf lemma="nogenlunde" pos="X">nogenlunde</wf>
         <wf lemma="frisk" pos="X">frisk</wf>
         <wf lemma="igen" pos="X">igen</wf>
         <wf lemma="." pos="X">.</wf>
      </sentence>
      <sentence id="d000.s1258" source="wordnet-danish">
         <instance id="d000.s1258.t000" lemma="satellit" pos="NOUN">Satellitten</instance>
         <wf lemma="kan" pos="X">kan</wf>
         <wf lemma="give" pos="X">give</wf>
         <wf lemma="os" pos="X">os</wf>
         <wf lemma="viden" pos="X">viden</wf>
         <wf lemma="om" pos="X">om</wf>
         <wf lemma="bl.a." pos="X">bl.a.</wf>
         <wf lemma="havets" pos="X">havets</wf>
         <wf lemma="tilstand" pos="X">tilstand</wf>
         <wf lemma="," pos="X">,</wf>
         <wf lemma="indlandsisens" pos="X">indlandsisens</wf>
         <wf lemma="smeltningstakt" pos="X">smeltningstakt</wf>
         <wf lemma="," pos="X">,</wf>
         <wf lemma="fordampning" pos="X">fordampning</wf>
         <wf lemma="i" pos="X">i</wf>
         <wf lemma="ørkenområder" pos="X">ørkenområder</wf>
         <wf lemma="og" pos="X">og</wf>
         <wf lemma="temperaturfronter" pos="X">temperaturfronter</wf>
         <wf lemma="i" pos="X">i</wf>
         <wf lemma="havet" pos="X">havet</wf>
         <wf lemma="." pos="X">.</wf>
      </sentence>
      <sentence id="d000.s1259" source="wordnet-danish">
         <wf lemma="Hver" pos="X">Hver</wf>
         <wf lemma="femte" pos="X">femte</wf>
         <wf lemma="hospitalsseng" pos="X">hospitalsseng</wf>
         <wf lemma="i" pos="X">i</wf>
         <wf lemma="København" pos="X">København</wf>
         <wf lemma="optages" pos="X">optages</wf>
         <wf lemma="af" pos="X">af</wf>
         <wf lemma="patienter" pos="X">patienter</wf>
         <wf lemma="med" pos="X">med</wf>
         <wf lemma="sygdomme" pos="X">sygdomme</wf>
         <wf lemma="," pos="X">,</wf>
         <wf lemma="der" pos="X">der</wf>
         <wf lemma="direkte" pos="X">direkte</wf>
         <wf lemma="eller" pos="X">eller</wf>
         <instance id="d000.s1259.t000" lemma="indirekte" pos="ADJ">indirekte</instance>
         <wf lemma="skyldes" pos="X">skyldes</wf>
         <wf lemma="alkoholmisbrug" pos="X">alkoholmisbrug</wf>
         <wf lemma="." pos="X">.</wf>
      </sentence>
      <sentence id="d000.s1260" source="wordnet-danish">
         <wf lemma="I" pos="X">I</wf>
         <wf lemma="1985" pos="X">1985</wf>
         <wf lemma="kom" pos="X">kom</wf>
         <wf lemma="jeg" pos="X">jeg</wf>
         <wf lemma="skam" pos="X">skam</wf>
         <wf lemma="på" pos="X">på</wf>
         <wf lemma="finansloven" pos="X">finansloven</wf>
         <wf lemma="med" pos="X">med</wf>
         <wf lemma="en" pos="X">en</wf>
         <wf lemma="årlig" pos="X">årlig</wf>
         <instance id="d000.s1260.t000" lemma="støtte" pos="NOUN">støtte</instance>
         <wf lemma="på" pos="X">på</wf>
         <wf lemma="62.000" pos="X">62.000</wf>
         <wf lemma="kr." pos="X">kr.</wf>
      </sentence>
      <sentence id="d000.s1261" source="wordnet-danish">
         <wf lemma="ved" pos="X">ved</wf>
         <wf lemma="at" pos="X">at</wf>
         <wf lemma="formindske" pos="X">formindske</wf>
         <wf lemma="brugen" pos="X">brugen</wf>
         <wf lemma="af" pos="X">af</wf>
         <wf lemma="olie" pos="X">olie</wf>
         <wf lemma="og" pos="X">og</wf>
         <wf lemma="kul" pos="X">kul</wf>
         <wf lemma="kan" pos="X">kan</wf>
         <wf lemma="vi" pos="X">vi</wf>
         <wf lemma=".." pos="X">..</wf>
         <wf lemma="formindske" pos="X">formindske</wf>
         <instance id="d000.s1261.t000" lemma="forurening" pos="NOUN">forureningen</instance>
         <wf lemma="af" pos="X">af</wf>
         <wf lemma="vores" pos="X">vores</wf>
         <wf lemma="natur" pos="X">natur</wf>
         <wf lemma="." pos="X">.</wf>
      </sentence>
      <sentence id="d000.s1262" source="wordnet-danish">
         <wf lemma="de" pos="X">de</wf>
         <wf lemma="183" pos="X">183</wf>
         <wf lemma="containere" pos="X">containere</wf>
         <wf lemma="kommer" pos="X">kommer</wf>
         <wf lemma="fra" pos="X">fra</wf>
         <wf lemma="havnen" pos="X">havnen</wf>
         <wf lemma="op" pos="X">op</wf>
         <wf lemma="på" pos="X">på</wf>
         <instance id="d000.s1262.t000" lemma="jernbanevogn" pos="NOUN">jernbanevogne</instance>
         <wf lemma="og" pos="X">og</wf>
         <wf lemma="afsted" pos="X">afsted</wf>
         <wf lemma="til" pos="X">til</wf>
         <wf lemma="Sibirien" pos="X">Sibirien</wf>
         <wf lemma="." pos="X">.</wf>
      </sentence>
      <sentence id="d000.s1263" source="wordnet-danish">
         <wf lemma="Hun" pos="X">Hun</wf>
         <wf lemma="samlede" pos="X">samlede</wf>
         <wf lemma="hele" pos="X">hele</wf>
         <wf lemma="stakken" pos="X">stakken</wf>
         <wf lemma="sammen" pos="X">sammen</wf>
         <wf lemma="," pos="X">,</wf>
         <wf lemma="stødte" pos="X">stødte</wf>
         <wf lemma="den" pos="X">den</wf>
         <wf lemma="forsigtigt" pos="X">forsigtigt</wf>
         <wf lemma="ned" pos="X">ned</wf>
         <wf lemma="i" pos="X">i</wf>
         <wf lemma="gulvet" pos="X">gulvet</wf>
         <wf lemma="så" pos="X">så</wf>
         <wf lemma="kanten" pos="X">kanten</wf>
         <instance id="d000.s1263.t000" lemma="blive" pos="VERB">blev</instance>
         <wf lemma="lige" pos="X">lige</wf>
         <wf lemma="." pos="X">.</wf>
      </sentence>
      <sentence id="d000.s1264" source="wordnet-danish">
         <wf lemma="faderen" pos="X">faderen</wf>
         <wf lemma="læste" pos="X">læste</wf>
         <wf lemma="juleevangeliet" pos="X">juleevangeliet</wf>
         <wf lemma="højt" pos="X">højt</wf>
         <wf lemma="," pos="X">,</wf>
         <wf lemma="mens" pos="X">mens</wf>
         <wf lemma="lysene" pos="X">lysene</wf>
         <wf lemma="fra" pos="X">fra</wf>
         <wf lemma="træet" pos="X">træet</wf>
         <wf lemma="blinkede" pos="X">blinkede</wf>
         <wf lemma=".." pos="X">..</wf>
         <wf lemma="i" pos="X">i</wf>
         <instance id="d000.s1264.t000" lemma="glaskugle" pos="NOUN">glaskuglerne</instance>
         <wf lemma="." pos="X">.</wf>
      </sentence>
      <sentence id="d000.s1265" source="wordnet-danish">
         <wf lemma="Den" pos="X">Den</wf>
         <wf lemma="gamle" pos="X">gamle</wf>
         <wf lemma="sultan" pos="X">sultan</wf>
         <wf lemma="forskansede" pos="X">forskansede</wf>
         <wf lemma="sig" pos="X">sig</wf>
         <wf lemma="i" pos="X">i</wf>
         <wf lemma="sit" pos="X">sit</wf>
         <instance id="d000.s1265.t000" lemma="palads" pos="NOUN">palads</instance>
         <wf lemma="med" pos="X">med</wf>
         <wf lemma="sine" pos="X">sine</wf>
         <wf lemma="slaver" pos="X">slaver</wf>
         <wf lemma="." pos="X">.</wf>
      </sentence>
      <sentence id="d000.s1266" source="wordnet-danish">
         <wf lemma="En" pos="X">En</wf>
         <wf lemma="travl" pos="X">travl</wf>
         <instance id="d000.s1266.t000" lemma="husmor" pos="NOUN">husmor</instance>
         <wf lemma="med" pos="X">med</wf>
         <wf lemma="2" pos="X">2</wf>
         <wf lemma="små" pos="X">små</wf>
         <wf lemma="børn" pos="X">børn</wf>
         <wf lemma="har" pos="X">har</wf>
         <wf lemma="nok" pos="X">nok</wf>
         <wf lemma="at" pos="X">at</wf>
         <wf lemma="gøre" pos="X">gøre</wf>
         <wf lemma="hver" pos="X">hver</wf>
         <wf lemma="eneste" pos="X">eneste</wf>
         <wf lemma="dag" pos="X">dag</wf>
         <wf lemma="." pos="X">.</wf>
      </sentence>
      <sentence id="d000.s1267" source="wordnet-danish">
         <wf lemma="jeg" pos="X">jeg</wf>
         <wf lemma="er" pos="X">er</wf>
         <wf lemma="inde" pos="X">inde</wf>
         <wf lemma="i" pos="X">i</wf>
         <wf lemma="en" pos="X">en</wf>
         <instance id="d000.s1267.t000" lemma="vane" pos="NOUN">vane</instance>
         <wf lemma="for" pos="X">for</wf>
         <wf lemma="tiden" pos="X">tiden</wf>
         <wf lemma="med" pos="X">med</wf>
         <wf lemma="at" pos="X">at</wf>
         <wf lemma="stå" pos="X">stå</wf>
         <wf lemma="op" pos="X">op</wf>
         <wf lemma="kl." pos="X">kl.</wf>
         <wf lemma="9." pos="X">9.</wf>
      </sentence>
      <sentence id="d000.s1268" source="wordnet-danish">
         <wf lemma="Når" pos="X">Når</wf>
         <wf lemma="hjertet" pos="X">hjertet</wf>
         <instance id="d000.s1268.t000" lemma="pumpe" pos="VERB">pumper</instance>
         <wf lemma="blod" pos="X">blod</wf>
         <wf lemma="ud" pos="X">ud</wf>
         <wf lemma="i" pos="X">i</wf>
         <wf lemma="pulsårerne" pos="X">pulsårerne</wf>
         <wf lemma="," pos="X">,</wf>
         <wf lemma="stiger" pos="X">stiger</wf>
         <wf lemma="trykket" pos="X">trykket</wf>
         <wf lemma="," pos="X">,</wf>
         <wf lemma="og" pos="X">og</wf>
         <wf lemma="i" pos="X">i</wf>
         <wf lemma="pausen" pos="X">pausen</wf>
         <wf lemma="mellem" pos="X">mellem</wf>
         <wf lemma="to" pos="X">to</wf>
         <wf lemma="hjerteslag" pos="X">hjerteslag</wf>
         <wf lemma="falder" pos="X">falder</wf>
         <wf lemma="blodtrykket" pos="X">blodtrykket</wf>
         <wf lemma="." pos="X">.</wf>
      </sentence>
      <sentence id="d000.s1269" source="wordnet-danish">
         <wf lemma="Der" pos="X">Der</wf>
         <wf lemma="er" pos="X">er</wf>
         <wf lemma="ikke" pos="X">ikke</wf>
         <wf lemma="krav" pos="X">krav</wf>
         <wf lemma="om" pos="X">om</wf>
         <wf lemma="," pos="X">,</wf>
         <wf lemma="at" pos="X">at</wf>
         <wf lemma="der" pos="X">der</wf>
         <wf lemma="skal" pos="X">skal</wf>
         <wf lemma="benyttes" pos="X">benyttes</wf>
         <wf lemma="rustvogn" pos="X">rustvogn</wf>
         <wf lemma="ved" pos="X">ved</wf>
         <wf lemma="transport" pos="X">transport</wf>
         <wf lemma="af" pos="X">af</wf>
         <wf lemma="kister" pos="X">kister</wf>
         <wf lemma="." pos="X">.</wf>
         <wf lemma="Ethvert" pos="X">Ethvert</wf>
         <instance id="d000.s1269.t000" lemma="sømmelig" pos="ADJ">sømmeligt</instance>
         <wf lemma="befordringsmiddel" pos="X">befordringsmiddel</wf>
         <wf lemma="kan" pos="X">kan</wf>
         <wf lemma="anvendes" pos="X">anvendes</wf>
         <wf lemma="." pos="X">.</wf>
      </sentence>
      <sentence id="d000.s1270" source="wordnet-danish">
         <wf lemma="Solen" pos="X">Solen</wf>
         <wf lemma="viste" pos="X">viste</wf>
         <wf lemma="sig" pos="X">sig</wf>
         <wf lemma="et" pos="X">et</wf>
         <wf lemma="øjeblik" pos="X">øjeblik</wf>
         <wf lemma="," pos="X">,</wf>
         <instance id="d000.s1270.t000" lemma="rund" pos="ADJ">rund</instance>
         <wf lemma="og" pos="X">og</wf>
         <wf lemma="månebleg" pos="X">månebleg</wf>
         <wf lemma="." pos="X">.</wf>
      </sentence>
      <sentence id="d000.s1271" source="wordnet-danish">
         <wf lemma="Proteiner" pos="X">Proteiner</wf>
         <wf lemma="," pos="X">,</wf>
         <wf lemma="kulhydrater" pos="X">kulhydrater</wf>
         <wf lemma="og" pos="X">og</wf>
         <wf lemma="fedt" pos="X">fedt</wf>
         <wf lemma="er" pos="X">er</wf>
         <wf lemma="store" pos="X">store</wf>
         <instance id="d000.s1271.t000" lemma="molekyle" pos="NOUN">molekyler</instance>
         <wf lemma="," pos="X">,</wf>
         <wf lemma="som" pos="X">som</wf>
         <wf lemma="dannes" pos="X">dannes</wf>
         <wf lemma="i" pos="X">i</wf>
         <wf lemma="planter" pos="X">planter</wf>
         <wf lemma="." pos="X">.</wf>
         <wf lemma="Samme" pos="X">Samme</wf>
         <wf lemma="store" pos="X">store</wf>
         <wf lemma="molekyler" pos="X">molekyler</wf>
         <wf lemma="findes" pos="X">findes</wf>
         <wf lemma="i" pos="X">i</wf>
         <wf lemma="dyr" pos="X">dyr</wf>
         <wf lemma="." pos="X">.</wf>
      </sentence>
      <sentence id="d000.s1272" source="wordnet-danish">
         <wf lemma="et" pos="X">et</wf>
         <wf lemma="stigende" pos="X">stigende</wf>
         <wf lemma="antal" pos="X">antal</wf>
         <wf lemma="unge" pos="X">unge</wf>
         <wf lemma="mennesker" pos="X">mennesker</wf>
         <wf lemma=".." pos="X">..</wf>
         <wf lemma="vælger" pos="X">vælger</wf>
         <instance id="d000.s1272.t000" lemma="selvmord" pos="NOUN">selvmord</instance>
         <wf lemma="som" pos="X">som</wf>
         <wf lemma="løsning" pos="X">løsning</wf>
         <wf lemma="på" pos="X">på</wf>
         <wf lemma="deres" pos="X">deres</wf>
         <wf lemma="problemer" pos="X">problemer</wf>
         <wf lemma="." pos="X">.</wf>
      </sentence>
      <sentence id="d000.s1273" source="wordnet-danish">
         <wf lemma="En" pos="X">En</wf>
         <wf lemma="uddannelse" pos="X">uddannelse</wf>
         <wf lemma="," pos="X">,</wf>
         <wf lemma="jeg" pos="X">jeg</wf>
         <wf lemma="ikke" pos="X">ikke</wf>
         <wf lemma="kan" pos="X">kan</wf>
         <wf lemma="bruge" pos="X">bruge</wf>
         <wf lemma="til" pos="X">til</wf>
         <wf lemma="noget" pos="X">noget</wf>
         <wf lemma="?" pos="X">?</wf>
         <wf lemma="Og" pos="X">Og</wf>
         <wf lemma="en" pos="X">en</wf>
         <wf lemma="kæmpestor" pos="X">kæmpestor</wf>
         <wf lemma="studiegæld" pos="X">studiegæld</wf>
         <wf lemma="at" pos="X">at</wf>
         <instance id="d000.s1273.t000" lemma="slæbe" pos="VERB">slæbe</instance>
         <wf lemma="rundt" pos="X">rundt</wf>
         <wf lemma="på" pos="X">på</wf>
         <wf lemma="resten" pos="X">resten</wf>
         <wf lemma="af" pos="X">af</wf>
         <wf lemma="livet" pos="X">livet</wf>
         <wf lemma="?" pos="X">?</wf>
      </sentence>
      <sentence id="d000.s1274" source="wordnet-danish">
         <wf lemma="Det" pos="X">Det</wf>
         <wf lemma="voldsomme" pos="X">voldsomme</wf>
         <wf lemma="tordenvejr" pos="X">tordenvejr</wf>
         <wf lemma="i" pos="X">i</wf>
         <wf lemma="går" pos="X">går</wf>
         <instance id="d000.s1274.t000" lemma="forårsage" pos="VERB">forårsagede</instance>
         <wf lemma="flere" pos="X">flere</wf>
         <wf lemma="mindre" pos="X">mindre</wf>
         <wf lemma="strømafbrydelser" pos="X">strømafbrydelser</wf>
         <wf lemma="." pos="X">.</wf>
      </sentence>
      <sentence id="d000.s1275" source="wordnet-danish">
         <wf lemma="Begge" pos="X">Begge</wf>
         <wf lemma="stater" pos="X">stater</wf>
         <instance id="d000.s1275.t000" lemma="erklære" pos="VERB">erklærede</instance>
         <wf lemma="at" pos="X">at</wf>
         <wf lemma="de" pos="X">de</wf>
         <wf lemma="ikke" pos="X">ikke</wf>
         <wf lemma="havde" pos="X">havde</wf>
         <wf lemma="territoriale" pos="X">territoriale</wf>
         <wf lemma="krav" pos="X">krav</wf>
         <wf lemma="overfor" pos="X">overfor</wf>
         <wf lemma="hinanden" pos="X">hinanden</wf>
         <wf lemma="." pos="X">.</wf>
      </sentence>
      <sentence id="d000.s1276" source="wordnet-danish">
         <wf lemma="Økonomierne" pos="X">Økonomierne</wf>
         <wf lemma="i" pos="X">i</wf>
         <wf lemma="de" pos="X">de</wf>
         <wf lemma="12" pos="X">12</wf>
         <wf lemma="EF-lande" pos="X">EF-lande</wf>
         <instance id="d000.s1276.t000" lemma="udvise" pos="VERB">udviser</instance>
         <wf lemma="enten" pos="X">enten</wf>
         <wf lemma="svag" pos="X">svag</wf>
         <wf lemma="eller" pos="X">eller</wf>
         <wf lemma="ingen" pos="X">ingen</wf>
         <wf lemma="vækst" pos="X">vækst</wf>
         <wf lemma="overhovedet" pos="X">overhovedet</wf>
         <wf lemma="." pos="X">.</wf>
      </sentence>
      <sentence id="d000.s1277" source="wordnet-danish">
         <wf lemma="Jeg" pos="X">Jeg</wf>
         <wf lemma="ser" pos="X">ser</wf>
         <wf lemma="lyst" pos="X">lyst</wf>
         <wf lemma="på" pos="X">på</wf>
         <wf lemma="tilværelsen" pos="X">tilværelsen</wf>
         <wf lemma="," pos="X">,</wf>
         <wf lemma="selv" pos="X">selv</wf>
         <wf lemma="om" pos="X">om</wf>
         <wf lemma="jeg" pos="X">jeg</wf>
         <wf lemma="mangler" pos="X">mangler</wf>
         <wf lemma="synet" pos="X">synet</wf>
         <wf lemma="." pos="X">.</wf>
         <wf lemma="Jeg" pos="X">Jeg</wf>
         <wf lemma="synes" pos="X">synes</wf>
         <wf lemma="," pos="X">,</wf>
         <wf lemma="jeg" pos="X">jeg</wf>
         <wf lemma="lever" pos="X">lever</wf>
         <wf lemma="en" pos="X">en</wf>
         <wf lemma="god" pos="X">god</wf>
         <wf lemma="og" pos="X">og</wf>
         <instance id="d000.s1277.t000" lemma="meningsfyldt" pos="ADJ">meningsfyldt</instance>
         <wf lemma="tilværelse" pos="X">tilværelse</wf>
         <wf lemma="." pos="X">.</wf>
      </sentence>
      <sentence id="d000.s1278" source="wordnet-danish">
         <wf lemma="Analyzer-chip'en" pos="X">Analyzer-chip'en</wf>
         <wf lemma="regner" pos="X">regner</wf>
         <wf lemma="på" pos="X">på</wf>
         <wf lemma="det" pos="X">det</wf>
         <instance id="d000.s1278.t000" lemma="digital" pos="ADJ">digitale</instance>
         <wf lemma="signal" pos="X">signal</wf>
         <wf lemma="fra" pos="X">fra</wf>
         <wf lemma="CD-pladen" pos="X">CD-pladen</wf>
         <wf lemma="og" pos="X">og</wf>
         <wf lemma="danner" pos="X">danner</wf>
         <wf lemma="derudfra" pos="X">derudfra</wf>
         <wf lemma="lyd" pos="X">lyd</wf>
         <wf lemma="." pos="X">.</wf>
      </sentence>
      <sentence id="d000.s1279" source="wordnet-danish">
         <wf lemma="Danskerne" pos="X">Danskerne</wf>
         <wf lemma="må" pos="X">må</wf>
         <wf lemma="med" pos="X">med</wf>
         <wf lemma="rette" pos="X">rette</wf>
         <wf lemma="forvente" pos="X">forvente</wf>
         <wf lemma="," pos="X">,</wf>
         <wf lemma="at" pos="X">at</wf>
         <wf lemma="de" pos="X">de</wf>
         <instance id="d000.s1279.t000" lemma="politiker" pos="NOUN">politikere</instance>
         <wf lemma="," pos="X">,</wf>
         <wf lemma="der" pos="X">der</wf>
         <wf lemma="repræsenterer" pos="X">repræsenterer</wf>
         <wf lemma="dem" pos="X">dem</wf>
         <wf lemma="," pos="X">,</wf>
         <wf lemma="skal" pos="X">skal</wf>
         <wf lemma="være" pos="X">være</wf>
         <wf lemma="et" pos="X">et</wf>
         <wf lemma="spejl" pos="X">spejl</wf>
         <wf lemma="af" pos="X">af</wf>
         <wf lemma="vælgerne" pos="X">vælgerne</wf>
         <wf lemma="." pos="X">.</wf>
      </sentence>
      <sentence id="d000.s1280" source="wordnet-danish">
         <wf lemma="Ifølge" pos="X">Ifølge</wf>
         <wf lemma="Koranen" pos="X">Koranen</wf>
         <wf lemma="må" pos="X">må</wf>
         <wf lemma="kvinder" pos="X">kvinder</wf>
         <wf lemma="ikke" pos="X">ikke</wf>
         <instance id="d000.s1280.t000" lemma="vise" pos="VERB">vise</instance>
         <wf lemma="arme" pos="X">arme</wf>
         <wf lemma="," pos="X">,</wf>
         <wf lemma="bryst" pos="X">bryst</wf>
         <wf lemma="," pos="X">,</wf>
         <wf lemma="ben" pos="X">ben</wf>
         <wf lemma="og" pos="X">og</wf>
         <wf lemma="hår" pos="X">hår</wf>
         <wf lemma="." pos="X">.</wf>
      </sentence>
      <sentence id="d000.s1281" source="wordnet-danish">
         <wf lemma="Mange" pos="X">Mange</wf>
         <wf lemma="lofter" pos="X">lofter</wf>
         <wf lemma="," pos="X">,</wf>
         <wf lemma="der" pos="X">der</wf>
         <wf lemma="førhen" pos="X">førhen</wf>
         <wf lemma="var" pos="X">var</wf>
         <wf lemma="fulde" pos="X">fulde</wf>
         <wf lemma="af" pos="X">af</wf>
         <wf lemma="hø" pos="X">hø</wf>
         <wf lemma="," pos="X">,</wf>
         <wf lemma="halm" pos="X">halm</wf>
         <wf lemma="og" pos="X">og</wf>
         <wf lemma="fede" pos="X">fede</wf>
         <instance id="d000.s1281.t000" lemma="mus" pos="NOUN">mus</instance>
         <wf lemma="," pos="X">,</wf>
         <wf lemma="står" pos="X">står</wf>
         <wf lemma="i" pos="X">i</wf>
         <wf lemma="dag" pos="X">dag</wf>
         <wf lemma="gabende" pos="X">gabende</wf>
         <wf lemma="tomme" pos="X">tomme</wf>
         <wf lemma="." pos="X">.</wf>
      </sentence>
      <sentence id="d000.s1282" source="wordnet-danish">
         <wf lemma="Den" pos="X">Den</wf>
         <wf lemma="ene" pos="X">ene</wf>
         <wf lemma="side" pos="X">side</wf>
         <wf lemma="af" pos="X">af</wf>
         <instance id="d000.s1282.t000" lemma="telt" pos="NOUN">teltet</instance>
         <wf lemma="er" pos="X">er</wf>
         <wf lemma="forsynet" pos="X">forsynet</wf>
         <wf lemma="med" pos="X">med</wf>
         <wf lemma="en" pos="X">en</wf>
         <wf lemma="lynlås" pos="X">lynlås</wf>
         <wf lemma="," pos="X">,</wf>
         <wf lemma="så" pos="X">så</wf>
         <wf lemma="det" pos="X">det</wf>
         <wf lemma="er" pos="X">er</wf>
         <wf lemma="nemt" pos="X">nemt</wf>
         <wf lemma="at" pos="X">at</wf>
         <wf lemma="kravle" pos="X">kravle</wf>
         <wf lemma="ind" pos="X">ind</wf>
         <wf lemma="og" pos="X">og</wf>
         <wf lemma="ud" pos="X">ud</wf>
         <wf lemma="." pos="X">.</wf>
         <wf lemma="Stoffet" pos="X">Stoffet</wf>
         <wf lemma="holdes" pos="X">holdes</wf>
         <wf lemma="fast" pos="X">fast</wf>
         <wf lemma="til" pos="X">til</wf>
         <wf lemma="bunden" pos="X">bunden</wf>
         <wf lemma="med" pos="X">med</wf>
         <wf lemma="velcrobånd" pos="X">velcrobånd</wf>
         <wf lemma="." pos="X">.</wf>
      </sentence>
      <sentence id="d000.s1283" source="wordnet-danish">
         <wf lemma="Charlotte" pos="X">Charlotte</wf>
         <wf lemma="," pos="X">,</wf>
         <wf lemma="4" pos="X">4</wf>
         <wf lemma="år" pos="X">år</wf>
         <wf lemma="," pos="X">,</wf>
         <wf lemma="er" pos="X">er</wf>
         <wf lemma="stadig" pos="X">stadig</wf>
         <wf lemma="sporløst" pos="X">sporløst</wf>
         <instance id="d000.s1283.t000" lemma="forsvinde" pos="VERB">forsvundet</instance>
         <wf lemma="." pos="X">.</wf>
      </sentence>
      <sentence id="d000.s1284" source="wordnet-danish">
         <wf lemma="Siden" pos="X">Siden</wf>
         <instance id="d000.s1284.t000" lemma="illustration" pos="NOUN">illustrationerne</instance>
         <wf lemma="til" pos="X">til</wf>
         <wf lemma="'Ringenes" pos="X">'Ringenes</wf>
         <wf lemma="Herre'" pos="X">Herre'</wf>
         <wf lemma="har" pos="X">har</wf>
         <wf lemma="Dronningen" pos="X">Dronningen</wf>
         <wf lemma="nået" pos="X">nået</wf>
         <wf lemma="det" pos="X">det</wf>
         <wf lemma="utroligste" pos="X">utroligste</wf>
         <wf lemma="." pos="X">.</wf>
      </sentence>
      <sentence id="d000.s1285" source="wordnet-danish">
         <wf lemma="Hans" pos="X">Hans</wf>
         <wf lemma="store" pos="X">store</wf>
         <wf lemma="lidenskab" pos="X">lidenskab</wf>
         <wf lemma="er" pos="X">er</wf>
         <wf lemma="klarinet" pos="X">klarinet</wf>
         <wf lemma="og" pos="X">og</wf>
         <wf lemma="go'" pos="X">go'</wf>
         <wf lemma="gammeldags" pos="X">gammeldags</wf>
         <instance id="d000.s1285.t000" lemma="jazz" pos="NOUN">jazz</instance>
         <wf lemma="." pos="X">.</wf>
      </sentence>
      <sentence id="d000.s1286" source="wordnet-danish">
         <wf lemma="Vi" pos="X">Vi</wf>
         <wf lemma="vil" pos="X">vil</wf>
         <wf lemma="ikke" pos="X">ikke</wf>
         <wf lemma="have" pos="X">have</wf>
         <instance id="d000.s1286.t000" lemma="lidelse" pos="NOUN">lidelsen</instance>
         <wf lemma="," pos="X">,</wf>
         <wf lemma="smerten" pos="X">smerten</wf>
         <wf lemma="og" pos="X">og</wf>
         <wf lemma="døden" pos="X">døden</wf>
         <wf lemma="på" pos="X">på</wf>
         <wf lemma="for" pos="X">for</wf>
         <wf lemma="nært" pos="X">nært</wf>
         <wf lemma="hold" pos="X">hold</wf>
         <wf lemma="." pos="X">.</wf>
      </sentence>
      <sentence id="d000.s1287" source="wordnet-danish">
         <wf lemma="Han" pos="X">Han</wf>
         <wf lemma="standsede" pos="X">standsede</wf>
         <wf lemma="foran" pos="X">foran</wf>
         <wf lemma="Lise" pos="X">Lise</wf>
         <wf lemma="og" pos="X">og</wf>
         <instance id="d000.s1287.t000" lemma="bukke" pos="VERB">bukkede</instance>
         <wf lemma="." pos="X">.</wf>
         <wf lemma="-" pos="X">-</wf>
         <wf lemma="-" pos="X">-</wf>
         <wf lemma="Må" pos="X">Må</wf>
         <wf lemma="jeg" pos="X">jeg</wf>
         <wf lemma="byde" pos="X">byde</wf>
         <wf lemma="på" pos="X">på</wf>
         <wf lemma="en" pos="X">en</wf>
         <wf lemma="dans" pos="X">dans</wf>
         <wf lemma="," pos="X">,</wf>
         <wf lemma="sagde" pos="X">sagde</wf>
         <wf lemma="han" pos="X">han</wf>
         <wf lemma="." pos="X">.</wf>
      </sentence>
      <sentence id="d000.s1288" source="wordnet-danish">
         <wf lemma="I" pos="X">I</wf>
         <wf lemma="april" pos="X">april</wf>
         <wf lemma="1912" pos="X">1912</wf>
         <wf lemma="sank" pos="X">sank</wf>
         <wf lemma="passagerlineren" pos="X">passagerlineren</wf>
         <wf lemma="'" pos="X">'</wf>
         <wf lemma="Titanic'" pos="X">Titanic'</wf>
         <wf lemma="på" pos="X">på</wf>
         <wf lemma="sin" pos="X">sin</wf>
         <wf lemma="jomfrurejse" pos="X">jomfrurejse</wf>
         <wf lemma="efter" pos="X">efter</wf>
         <wf lemma="et" pos="X">et</wf>
         <instance id="d000.s1288.t000" lemma="sammenstød" pos="NOUN">sammenstød</instance>
         <wf lemma="med" pos="X">med</wf>
         <wf lemma="et" pos="X">et</wf>
         <wf lemma="isbjerg" pos="X">isbjerg</wf>
         <wf lemma="." pos="X">.</wf>
      </sentence>
      <sentence id="d000.s1289" source="wordnet-danish">
         <wf lemma="[hun]" pos="X">[hun]</wf>
         <wf lemma="lider" pos="X">lider</wf>
         <wf lemma="af" pos="X">af</wf>
         <wf lemma="alvorlige" pos="X">alvorlige</wf>
         <wf lemma="smerter" pos="X">smerter</wf>
         <wf lemma="i" pos="X">i</wf>
         <instance id="d000.s1289.t000" lemma="kæbe" pos="NOUN">kæben</instance>
         <wf lemma="efter" pos="X">efter</wf>
         <wf lemma="en" pos="X">en</wf>
         <wf lemma="tandoperation" pos="X">tandoperation</wf>
         <wf lemma="." pos="X">.</wf>
      </sentence>
      <sentence id="d000.s1290" source="wordnet-danish">
         <wf lemma="Hurtigt" pos="X">Hurtigt</wf>
         <wf lemma="[løb" pos="X">[løb</wf>
         <wf lemma="han]" pos="X">han]</wf>
         <wf lemma="gennem" pos="X">gennem</wf>
         <wf lemma="de" pos="X">de</wf>
         <wf lemma="to" pos="X">to</wf>
         <wf lemma="sammenhængende" pos="X">sammenhængende</wf>
         <wf lemma="stuer" pos="X">stuer</wf>
         <wf lemma="," pos="X">,</wf>
         <wf lemma="tværs" pos="X">tværs</wf>
         <wf lemma="over" pos="X">over</wf>
         <wf lemma="den" pos="X">den</wf>
         <wf lemma="lille" pos="X">lille</wf>
         <wf lemma="," pos="X">,</wf>
         <wf lemma="smalle" pos="X">smalle</wf>
         <instance id="d000.s1290.t000" lemma="korridor" pos="NOUN">korridor</instance>
         <wf lemma="og" pos="X">og</wf>
         <wf lemma="ind" pos="X">ind</wf>
         <wf lemma="på" pos="X">på</wf>
         <wf lemma="sit" pos="X">sit</wf>
         <wf lemma="eget" pos="X">eget</wf>
         <wf lemma="værelse" pos="X">værelse</wf>
         <wf lemma="." pos="X">.</wf>
      </sentence>
      <sentence id="d000.s1291" source="wordnet-danish">
         <wf lemma="Århus" pos="X">Århus</wf>
         <wf lemma="Kommunes" pos="X">Kommunes</wf>
         <wf lemma="økonomi" pos="X">økonomi</wf>
         <wf lemma=".." pos="X">..</wf>
         <wf lemma="har" pos="X">har</wf>
         <wf lemma="været" pos="X">været</wf>
         <wf lemma="i" pos="X">i</wf>
         <wf lemma="en" pos="X">en</wf>
         <instance id="d000.s1291.t000" lemma="strukturel" pos="ADJ">strukturel</instance>
         <wf lemma="ubalance" pos="X">ubalance</wf>
         <wf lemma="." pos="X">.</wf>
         <wf lemma="Eller" pos="X">Eller</wf>
         <wf lemma="sagt" pos="X">sagt</wf>
         <wf lemma="på" pos="X">på</wf>
         <wf lemma="almindeligt" pos="X">almindeligt</wf>
         <wf lemma="dansk" pos="X">dansk</wf>
         <wf lemma=":" pos="X">:</wf>
         <wf lemma="Udgifterne" pos="X">Udgifterne</wf>
         <wf lemma="er" pos="X">er</wf>
         <wf lemma="større" pos="X">større</wf>
         <wf lemma="end" pos="X">end</wf>
         <wf lemma="indtægterne" pos="X">indtægterne</wf>
         <wf lemma="." pos="X">.</wf>
      </sentence>
      <sentence id="d000.s1292" source="wordnet-danish">
         <wf lemma="Lav" pos="X">Lav</wf>
         <wf lemma="nogle" pos="X">nogle</wf>
         <wf lemma="lette" pos="X">lette</wf>
         <wf lemma="kropsøvelser" pos="X">kropsøvelser</wf>
         <wf lemma="," pos="X">,</wf>
         <wf lemma="som" pos="X">som</wf>
         <wf lemma="løsner" pos="X">løsner</wf>
         <wf lemma="musklerne" pos="X">musklerne</wf>
         <wf lemma="." pos="X">.</wf>
         <wf lemma="Rul" pos="X">Rul</wf>
         <wf lemma="med" pos="X">med</wf>
         <instance id="d000.s1292.t000" lemma="skulder" pos="NOUN">skuldrene</instance>
         <wf lemma="," pos="X">,</wf>
         <wf lemma="stræk" pos="X">stræk</wf>
         <wf lemma="i" pos="X">i</wf>
         <wf lemma="nakken" pos="X">nakken</wf>
         <wf lemma="," pos="X">,</wf>
         <wf lemma="løft" pos="X">løft</wf>
         <wf lemma="armene" pos="X">armene</wf>
         <wf lemma="over" pos="X">over</wf>
         <wf lemma="hovedet" pos="X">hovedet</wf>
         <wf lemma="." pos="X">.</wf>
      </sentence>
      <sentence id="d000.s1293" source="wordnet-danish">
         <wf lemma="Det" pos="X">Det</wf>
         <wf lemma="grå" pos="X">grå</wf>
         <wf lemma="terapimarked" pos="X">terapimarked</wf>
         <wf lemma="kaldes" pos="X">kaldes</wf>
         <wf lemma="gråt" pos="X">gråt</wf>
         <wf lemma="," pos="X">,</wf>
         <wf lemma="fordi" pos="X">fordi</wf>
         <wf lemma="enhver" pos="X">enhver</wf>
         <wf lemma="kan" pos="X">kan</wf>
         <wf lemma="nedsætte" pos="X">nedsætte</wf>
         <wf lemma="sig" pos="X">sig</wf>
         <wf lemma="som" pos="X">som</wf>
         <instance id="d000.s1293.t000" lemma="terapeut" pos="NOUN">terapeut</instance>
         <wf lemma="," pos="X">,</wf>
         <wf lemma="uden" pos="X">uden</wf>
         <wf lemma="kontrol" pos="X">kontrol</wf>
         <wf lemma="af" pos="X">af</wf>
         <wf lemma="nogen" pos="X">nogen</wf>
         <wf lemma="art" pos="X">art</wf>
         <wf lemma="." pos="X">.</wf>
      </sentence>
      <sentence id="d000.s1294" source="wordnet-danish">
         <wf lemma="Forestillingen" pos="X">Forestillingen</wf>
         <wf lemma="gentages" pos="X">gentages</wf>
         <wf lemma="næste" pos="X">næste</wf>
         <wf lemma="år" pos="X">år</wf>
         <wf lemma="." pos="X">.</wf>
         <instance id="d000.s1294.t000" lemma="rollebesætning" pos="NOUN">Rollebesætningen</instance>
         <wf lemma="bliver" pos="X">bliver</wf>
         <wf lemma="sandsynligvis" pos="X">sandsynligvis</wf>
         <wf lemma="den" pos="X">den</wf>
         <wf lemma="samme" pos="X">samme</wf>
         <wf lemma="." pos="X">.</wf>
      </sentence>
      <sentence id="d000.s1295" source="wordnet-danish">
         <wf lemma="Der" pos="X">Der</wf>
         <wf lemma="findes" pos="X">findes</wf>
         <wf lemma="vel" pos="X">vel</wf>
         <wf lemma="ikke" pos="X">ikke</wf>
         <wf lemma="noget" pos="X">noget</wf>
         <wf lemma="kønnere" pos="X">kønnere</wf>
         <wf lemma="sted" pos="X">sted</wf>
         <wf lemma="at" pos="X">at</wf>
         <wf lemma="komme" pos="X">komme</wf>
         <wf lemma="end" pos="X">end</wf>
         <wf lemma="i" pos="X">i</wf>
         <wf lemma="skoven" pos="X">skoven</wf>
         <wf lemma="," pos="X">,</wf>
         <wf lemma="lige" pos="X">lige</wf>
         <wf lemma="meget" pos="X">meget</wf>
         <wf lemma="på" pos="X">på</wf>
         <wf lemma="hvilken" pos="X">hvilken</wf>
         <instance id="d000.s1295.t000" lemma="årstid" pos="NOUN">årstid</instance>
         <wf lemma="." pos="X">.</wf>
      </sentence>
      <sentence id="d000.s1296" source="wordnet-danish">
         <wf lemma="Saddam" pos="X">Saddam</wf>
         <wf lemma="Hussein" pos="X">Hussein</wf>
         <wf lemma="accepterer" pos="X">accepterer</wf>
         <wf lemma="alle" pos="X">alle</wf>
         <wf lemma="FNs" pos="X">FNs</wf>
         <wf lemma="Sikkerhedsråds" pos="X">Sikkerhedsråds</wf>
         <wf lemma="12" pos="X">12</wf>
         <wf lemma="resolutioner" pos="X">resolutioner</wf>
         <wf lemma="," pos="X">,</wf>
         <wf lemma="oplyser" pos="X">oplyser</wf>
         <instance id="d000.s1296.t000" lemma="kilde" pos="NOUN">kilder</instance>
         <wf lemma="i" pos="X">i</wf>
         <wf lemma="FN" pos="X">FN</wf>
         <wf lemma="." pos="X">.</wf>
      </sentence>
      <sentence id="d000.s1297" source="wordnet-danish">
         <wf lemma="i" pos="X">i</wf>
         <wf lemma="år" pos="X">år</wf>
         <wf lemma="2000" pos="X">2000</wf>
         <wf lemma="mener" pos="X">mener</wf>
         <wf lemma="man" pos="X">man</wf>
         <wf lemma="," pos="X">,</wf>
         <wf lemma="at" pos="X">at</wf>
         <wf lemma="en" pos="X">en</wf>
         <wf lemma="typisk" pos="X">typisk</wf>
         <instance id="d000.s1297.t000" lemma="chip" pos="NOUN">chip</instance>
         <wf lemma="kan" pos="X">kan</wf>
         <wf lemma="indeholde" pos="X">indeholde</wf>
         <wf lemma="100" pos="X">100</wf>
         <wf lemma="millioner" pos="X">millioner</wf>
         <wf lemma="transistorer" pos="X">transistorer</wf>
         <wf lemma="." pos="X">.</wf>
      </sentence>
      <sentence id="d000.s1298" source="wordnet-danish">
         <wf lemma="han" pos="X">han</wf>
         <wf lemma="trådte" pos="X">trådte</wf>
         <wf lemma="forkert" pos="X">forkert</wf>
         <wf lemma="," pos="X">,</wf>
         <wf lemma="og" pos="X">og</wf>
         <wf lemma="straks" pos="X">straks</wf>
         <wf lemma="svulmede" pos="X">svulmede</wf>
         <wf lemma="den" pos="X">den</wf>
         <wf lemma="ene" pos="X">ene</wf>
         <instance id="d000.s1298.t000" lemma="ankel" pos="NOUN">ankel</instance>
         <wf lemma="op" pos="X">op</wf>
         <wf lemma="." pos="X">.</wf>
      </sentence>
      <sentence id="d000.s1299" source="wordnet-danish">
         <wf lemma="Kun" pos="X">Kun</wf>
         <wf lemma="flot" pos="X">flot</wf>
         <wf lemma="og" pos="X">og</wf>
         <wf lemma="lidt" pos="X">lidt</wf>
         <wf lemma="heldigt" pos="X">heldigt</wf>
         <wf lemma="spil" pos="X">spil</wf>
         <wf lemma="af" pos="X">af</wf>
         <wf lemma="den" pos="X">den</wf>
         <wf lemma="danske" pos="X">danske</wf>
         <instance id="d000.s1299.t000" lemma="målmand" pos="NOUN">målmand</instance>
         <wf lemma="forhindrede" pos="X">forhindrede</wf>
         <wf lemma="," pos="X">,</wf>
         <wf lemma="at" pos="X">at</wf>
         <wf lemma="danskerne" pos="X">danskerne</wf>
         <wf lemma="kom" pos="X">kom</wf>
         <wf lemma="bagud" pos="X">bagud</wf>
         <wf lemma="." pos="X">.</wf>
      </sentence>
      <sentence id="d000.s1300" source="wordnet-danish">
         <wf lemma="Thea" pos="X">Thea</wf>
         <wf lemma="vågnede" pos="X">vågnede</wf>
         <wf lemma="ved" pos="X">ved</wf>
         <wf lemma="en" pos="X">en</wf>
         <wf lemma="fremmed" pos="X">fremmed</wf>
         <wf lemma="lyd" pos="X">lyd</wf>
         <wf lemma="og" pos="X">og</wf>
         <wf lemma="satte" pos="X">satte</wf>
         <wf lemma="sig" pos="X">sig</wf>
         <wf lemma="forvirret" pos="X">forvirret</wf>
         <wf lemma="op" pos="X">op</wf>
         <wf lemma="i" pos="X">i</wf>
         <instance id="d000.s1300.t000" lemma="seng" pos="NOUN">sengen</instance>
         <wf lemma="." pos="X">.</wf>
      </sentence>
      <sentence id="d000.s1301" source="wordnet-danish">
         <wf lemma="mine" pos="X">mine</wf>
         <wf lemma="forældre" pos="X">forældre</wf>
         <wf lemma="har" pos="X">har</wf>
         <wf lemma="lært" pos="X">lært</wf>
         <wf lemma="mig" pos="X">mig</wf>
         <wf lemma="," pos="X">,</wf>
         <wf lemma="hvor" pos="X">hvor</wf>
         <wf lemma="vigtigt" pos="X">vigtigt</wf>
         <wf lemma="det" pos="X">det</wf>
         <wf lemma="er" pos="X">er</wf>
         <wf lemma="at" pos="X">at</wf>
         <wf lemma="sætte" pos="X">sætte</wf>
         <wf lemma="sig" pos="X">sig</wf>
         <instance id="d000.s1301.t000" lemma="mål" pos="NOUN">mål</instance>
         <wf lemma="i" pos="X">i</wf>
         <wf lemma="livet" pos="X">livet</wf>
         <wf lemma="." pos="X">.</wf>
      </sentence>
      <sentence id="d000.s1302" source="wordnet-danish">
         <wf lemma="Han" pos="X">Han</wf>
         <instance id="d000.s1302.t000" lemma="hænge" pos="VERB">hængte</instance>
         <wf lemma="sin" pos="X">sin</wf>
         <wf lemma="frakke" pos="X">frakke</wf>
         <wf lemma="på" pos="X">på</wf>
         <wf lemma="plads" pos="X">plads</wf>
         <wf lemma="og" pos="X">og</wf>
         <wf lemma="gik" pos="X">gik</wf>
         <wf lemma="ind" pos="X">ind</wf>
         <wf lemma="i" pos="X">i</wf>
         <wf lemma="stuen" pos="X">stuen</wf>
         <wf lemma="." pos="X">.</wf>
      </sentence>
      <sentence id="d000.s1303" source="wordnet-danish">
         <wf lemma="hun" pos="X">hun</wf>
         <wf lemma="lod" pos="X">lod</wf>
         <instance id="d000.s1303.t000" lemma="finger" pos="NOUN">fingrene</instance>
         <wf lemma="glide" pos="X">glide</wf>
         <wf lemma="gennem" pos="X">gennem</wf>
         <wf lemma="håret" pos="X">håret</wf>
         <wf lemma="." pos="X">.</wf>
      </sentence>
      <sentence id="d000.s1304" source="wordnet-danish">
         <wf lemma="Det" pos="X">Det</wf>
         <wf lemma="er" pos="X">er</wf>
         <wf lemma="en" pos="X">en</wf>
         <wf lemma="stor" pos="X">stor</wf>
         <wf lemma="hjælp" pos="X">hjælp</wf>
         <wf lemma="for" pos="X">for</wf>
         <wf lemma="de" pos="X">de</wf>
         <instance id="d000.s1304.t000" lemma="efterlade" pos="VERB">efterladte</instance>
         <wf lemma="," pos="X">,</wf>
         <wf lemma="om" pos="X">om</wf>
         <wf lemma="der" pos="X">der</wf>
         <wf lemma="efter" pos="X">efter</wf>
         <wf lemma="den" pos="X">den</wf>
         <wf lemma="afdøde" pos="X">afdøde</wf>
         <wf lemma="foreligger" pos="X">foreligger</wf>
         <wf lemma="bestemmelser" pos="X">bestemmelser</wf>
         <wf lemma="om" pos="X">om</wf>
         <wf lemma="," pos="X">,</wf>
         <wf lemma="hvordan" pos="X">hvordan</wf>
         <wf lemma="bisættelsen" pos="X">bisættelsen</wf>
         <wf lemma="skal" pos="X">skal</wf>
         <wf lemma="foregå" pos="X">foregå</wf>
         <wf lemma="." pos="X">.</wf>
      </sentence>
      <sentence id="d000.s1305" source="wordnet-danish">
         <wf lemma="[barnet" pos="X">[barnet</wf>
         <wf lemma="overgår]" pos="X">overgår]</wf>
         <wf lemma="fra" pos="X">fra</wf>
         <wf lemma="den" pos="X">den</wf>
         <wf lemma="legende" pos="X">legende</wf>
         <wf lemma="," pos="X">,</wf>
         <wf lemma="mindre" pos="X">mindre</wf>
         <wf lemma="forpligtende" pos="X">forpligtende</wf>
         <wf lemma="måde" pos="X">måde</wf>
         <wf lemma="at" pos="X">at</wf>
         <wf lemma="lave" pos="X">lave</wf>
         <wf lemma="musik" pos="X">musik</wf>
         <wf lemma="på" pos="X">på</wf>
         <wf lemma="til" pos="X">til</wf>
         <wf lemma="en" pos="X">en</wf>
         <wf lemma="mere" pos="X">mere</wf>
         <wf lemma="bevidst" pos="X">bevidst</wf>
         <wf lemma="tilegnelse" pos="X">tilegnelse</wf>
         <wf lemma="med" pos="X">med</wf>
         <wf lemma="efterfølgende" pos="X">efterfølgende</wf>
         <instance id="d000.s1305.t000" lemma="reproduktion" pos="NOUN">reproduktion</instance>
         <wf lemma="." pos="X">.</wf>
      </sentence>
      <sentence id="d000.s1306" source="wordnet-danish">
         <wf lemma="Når" pos="X">Når</wf>
         <wf lemma="Kjeld" pos="X">Kjeld</wf>
         <wf lemma="og" pos="X">og</wf>
         <wf lemma="Lene" pos="X">Lene</wf>
         <wf lemma="har" pos="X">har</wf>
         <wf lemma="lyst" pos="X">lyst</wf>
         <wf lemma="til" pos="X">til</wf>
         <wf lemma="at" pos="X">at</wf>
         <wf lemma="gå" pos="X">gå</wf>
         <wf lemma="ud" pos="X">ud</wf>
         <wf lemma="at" pos="X">at</wf>
         <wf lemma="spise" pos="X">spise</wf>
         <wf lemma="går" pos="X">går</wf>
         <wf lemma="de" pos="X">de</wf>
         <wf lemma="altid" pos="X">altid</wf>
         <wf lemma="ned" pos="X">ned</wf>
         <wf lemma="på" pos="X">på</wf>
         <wf lemma="en" pos="X">en</wf>
         <wf lemma="lille" pos="X">lille</wf>
         <wf lemma="hyggelig" pos="X">hyggelig</wf>
         <instance id="d000.s1306.t000" lemma="restaurant" pos="NOUN">restaurant</instance>
         <wf lemma="i" pos="X">i</wf>
         <wf lemma="Istedgade" pos="X">Istedgade</wf>
         <wf lemma="." pos="X">.</wf>
      </sentence>
      <sentence id="d000.s1307" source="wordnet-danish">
         <wf lemma="Man" pos="X">Man</wf>
         <wf lemma="opdeler" pos="X">opdeler</wf>
         <wf lemma="studiepladserne" pos="X">studiepladserne</wf>
         <wf lemma="i" pos="X">i</wf>
         <wf lemma="to" pos="X">to</wf>
         <instance id="d000.s1307.t000" lemma="kvote" pos="NOUN">kvoter</instance>
         <wf lemma="med" pos="X">med</wf>
         <wf lemma="hver" pos="X">hver</wf>
         <wf lemma="deres" pos="X">deres</wf>
         <wf lemma="optagelsesregler" pos="X">optagelsesregler</wf>
         <wf lemma="." pos="X">.</wf>
      </sentence>
      <sentence id="d000.s1308" source="wordnet-danish">
         <wf lemma="Spredte" pos="X">Spredte</wf>
         <wf lemma="tørre" pos="X">tørre</wf>
         <wf lemma="buske" pos="X">buske</wf>
         <wf lemma="med" pos="X">med</wf>
         <wf lemma="lange" pos="X">lange</wf>
         <wf lemma="torne" pos="X">torne</wf>
         <wf lemma="var" pos="X">var</wf>
         <wf lemma="det" pos="X">det</wf>
         <wf lemma="eneste" pos="X">eneste</wf>
         <wf lemma="levende" pos="X">levende</wf>
         <wf lemma="og" pos="X">og</wf>
         <wf lemma="selv" pos="X">selv</wf>
         <wf lemma="de" pos="X">de</wf>
         <wf lemma="så" pos="X">så</wf>
         <wf lemma="ud" pos="X">ud</wf>
         <wf lemma="til" pos="X">til</wf>
         <wf lemma="at" pos="X">at</wf>
         <wf lemma="være" pos="X">være</wf>
         <wf lemma="på" pos="X">på</wf>
         <wf lemma="vej" pos="X">vej</wf>
         <wf lemma="til" pos="X">til</wf>
         <wf lemma="at" pos="X">at</wf>
         <wf lemma="overgive" pos="X">overgive</wf>
         <wf lemma="sig" pos="X">sig</wf>
         <wf lemma="til" pos="X">til</wf>
         <wf lemma="den" pos="X">den</wf>
         <instance id="d000.s1308.t000" lemma="mægtig" pos="ADJ">mægtige</instance>
         <wf lemma="sol" pos="X">sol</wf>
         <wf lemma="." pos="X">.</wf>
      </sentence>
      <sentence id="d000.s1309" source="wordnet-danish">
         <wf lemma="Han" pos="X">Han</wf>
         <wf lemma="havde" pos="X">havde</wf>
         <wf lemma="en" pos="X">en</wf>
         <wf lemma="stor" pos="X">stor</wf>
         <wf lemma="buket" pos="X">buket</wf>
         <wf lemma="blomster" pos="X">blomster</wf>
         <wf lemma="med" pos="X">med</wf>
         <wf lemma="til" pos="X">til</wf>
         <wf lemma="mig" pos="X">mig</wf>
         <wf lemma="," pos="X">,</wf>
         <wf lemma="var" pos="X">var</wf>
         <wf lemma="i" pos="X">i</wf>
         <wf lemma="det" pos="X">det</wf>
         <wf lemma="hele" pos="X">hele</wf>
         <wf lemma="taget" pos="X">taget</wf>
         <wf lemma="meget" pos="X">meget</wf>
         <instance id="d000.s1309.t000" lemma="høflig" pos="ADJ">høflig</instance>
         <wf lemma="og" pos="X">og</wf>
         <wf lemma="galant" pos="X">galant</wf>
         <wf lemma="overfor" pos="X">overfor</wf>
         <wf lemma="mig" pos="X">mig</wf>
         <wf lemma="." pos="X">.</wf>
      </sentence>
      <sentence id="d000.s1310" source="wordnet-danish">
         <wf lemma="Nai" pos="X">Nai</wf>
         <wf lemma="Heng" pos="X">Heng</wf>
         <wf lemma="var" pos="X">var</wf>
         <instance id="d000.s1310.t000" lemma="formand" pos="NOUN">formand</instance>
         <wf lemma="på" pos="X">på</wf>
         <wf lemma="Knuds" pos="X">Knuds</wf>
         <wf lemma="byggeplads" pos="X">byggeplads</wf>
         <wf lemma="." pos="X">.</wf>
      </sentence>
      <sentence id="d000.s1311" source="wordnet-danish">
         <wf lemma="Ronald" pos="X">Ronald</wf>
         <wf lemma="Reagan" pos="X">Reagan</wf>
         <wf lemma="kaldte" pos="X">kaldte</wf>
         <wf lemma="i" pos="X">i</wf>
         <wf lemma="sin" pos="X">sin</wf>
         <wf lemma="tale" pos="X">tale</wf>
         <wf lemma="Nixon" pos="X">Nixon</wf>
         <wf lemma="for" pos="X">for</wf>
         <wf lemma="en" pos="X">en</wf>
         <wf lemma="patriot" pos="X">patriot</wf>
         <wf lemma="og" pos="X">og</wf>
         <wf lemma="sagde" pos="X">sagde</wf>
         <wf lemma="," pos="X">,</wf>
         <wf lemma="at" pos="X">at</wf>
         <wf lemma="hvad" pos="X">hvad</wf>
         <wf lemma="han" pos="X">han</wf>
         <wf lemma="havde" pos="X">havde</wf>
         <wf lemma="opnået" pos="X">opnået</wf>
         <wf lemma="udenrigspolitisk" pos="X">udenrigspolitisk</wf>
         <wf lemma="havde" pos="X">havde</wf>
         <wf lemma="skaffet" pos="X">skaffet</wf>
         <wf lemma="ham" pos="X">ham</wf>
         <wf lemma="en" pos="X">en</wf>
         <wf lemma="særlig" pos="X">særlig</wf>
         <wf lemma="plads" pos="X">plads</wf>
         <wf lemma="i" pos="X">i</wf>
         <instance id="d000.s1311.t000" lemma="historie" pos="NOUN">historien</instance>
         <wf lemma="." pos="X">.</wf>
      </sentence>
      <sentence id="d000.s1312" source="wordnet-danish">
         <wf lemma="Hendes" pos="X">Hendes</wf>
         <wf lemma="kraftige" pos="X">kraftige</wf>
         <wf lemma="," pos="X">,</wf>
         <wf lemma="sorte" pos="X">sorte</wf>
         <wf lemma="hår" pos="X">hår</wf>
         <wf lemma="var" pos="X">var</wf>
         <wf lemma="bundet" pos="X">bundet</wf>
         <wf lemma="i" pos="X">i</wf>
         <wf lemma="en" pos="X">en</wf>
         <instance id="d000.s1312.t000" lemma="fletning" pos="NOUN">fletning</instance>
         <wf lemma="," pos="X">,</wf>
         <wf lemma="der" pos="X">der</wf>
         <wf lemma="nåede" pos="X">nåede</wf>
         <wf lemma="taljen" pos="X">taljen</wf>
         <wf lemma="." pos="X">.</wf>
      </sentence>
      <sentence id="d000.s1313" source="wordnet-danish">
         <wf lemma="Han" pos="X">Han</wf>
         <wf lemma="giver" pos="X">giver</wf>
         <wf lemma="sig" pos="X">sig</wf>
         <wf lemma="til" pos="X">til</wf>
         <wf lemma="at" pos="X">at</wf>
         <wf lemma="rense" pos="X">rense</wf>
         <wf lemma="havkatte" pos="X">havkatte</wf>
         <wf lemma="med" pos="X">med</wf>
         <wf lemma="en" pos="X">en</wf>
         <wf lemma="lang" pos="X">lang</wf>
         <wf lemma="," pos="X">,</wf>
         <wf lemma="blinkende" pos="X">blinkende</wf>
         <wf lemma="kniv" pos="X">kniv</wf>
         <wf lemma="med" pos="X">med</wf>
         <wf lemma="helt" pos="X">helt</wf>
         <wf lemma="tyndslebet" pos="X">tyndslebet</wf>
         <instance id="d000.s1313.t000" lemma="blad" pos="NOUN">blad</instance>
         <wf lemma="." pos="X">.</wf>
      </sentence>
      <sentence id="d000.s1314" source="wordnet-danish">
         <wf lemma="De" pos="X">De</wf>
         <wf lemma="nærmere" pos="X">nærmere</wf>
         <instance id="d000.s1314.t000" lemma="omstændighed" pos="NOUN">omstændigheder</instance>
         <wf lemma="ved" pos="X">ved</wf>
         <wf lemma="flystyrtet" pos="X">flystyrtet</wf>
         <wf lemma="er" pos="X">er</wf>
         <wf lemma="ikke" pos="X">ikke</wf>
         <wf lemma="klarlagt" pos="X">klarlagt</wf>
         <wf lemma="." pos="X">.</wf>
      </sentence>
      <sentence id="d000.s1315" source="wordnet-danish">
         <wf lemma="Bogen" pos="X">Bogen</wf>
         <wf lemma="indeholder" pos="X">indeholder</wf>
         <instance id="d000.s1315.t000" lemma="udpluk" pos="NOUN">udpluk</instance>
         <wf lemma="af" pos="X">af</wf>
         <wf lemma="de" pos="X">de</wf>
         <wf lemma="diskussioner" pos="X">diskussioner</wf>
         <wf lemma="," pos="X">,</wf>
         <wf lemma="vi" pos="X">vi</wf>
         <wf lemma="kunne" pos="X">kunne</wf>
         <wf lemma="opleve" pos="X">opleve</wf>
         <wf lemma="i" pos="X">i</wf>
         <wf lemma="fjernsynet" pos="X">fjernsynet</wf>
         <wf lemma="." pos="X">.</wf>
      </sentence>
      <sentence id="d000.s1316" source="wordnet-danish">
         <wf lemma="Mange" pos="X">Mange</wf>
         <wf lemma="var" pos="X">var</wf>
         <instance id="d000.s1316.t000" lemma="misundelig" pos="ADJ">misundelige</instance>
         <wf lemma="," pos="X">,</wf>
         <wf lemma="da" pos="X">da</wf>
         <wf lemma="det" pos="X">det</wf>
         <wf lemma="blev" pos="X">blev</wf>
         <wf lemma="Ida" pos="X">Ida</wf>
         <wf lemma="som" pos="X">som</wf>
         <wf lemma="løb" pos="X">løb</wf>
         <wf lemma="af" pos="X">af</wf>
         <wf lemma="med" pos="X">med</wf>
         <wf lemma="den" pos="X">den</wf>
         <wf lemma="charmerende" pos="X">charmerende</wf>
         <wf lemma="unge" pos="X">unge</wf>
         <wf lemma="arkitekt" pos="X">arkitekt</wf>
         <wf lemma="." pos="X">.</wf>
      </sentence>
      <sentence id="d000.s1317" source="wordnet-danish">
         <instance id="d000.s1317.t000" lemma="bold" pos="NOUN">bolden</instance>
         <wf lemma="rammer" pos="X">rammer</wf>
         <wf lemma="målstolpen" pos="X">målstolpen</wf>
         <wf lemma="og" pos="X">og</wf>
         <wf lemma="går" pos="X">går</wf>
         <wf lemma="ind" pos="X">ind</wf>
         <wf lemma="." pos="X">.</wf>
      </sentence>
      <sentence id="d000.s1318" source="wordnet-danish">
         <wf lemma="Hovedet" pos="X">Hovedet</wf>
         <wf lemma="lignede" pos="X">lignede</wf>
         <wf lemma="en" pos="X">en</wf>
         <wf lemma="kæmpekrokodilles" pos="X">kæmpekrokodilles</wf>
         <wf lemma="med" pos="X">med</wf>
         <wf lemma="lange" pos="X">lange</wf>
         <wf lemma="skarpe" pos="X">skarpe</wf>
         <wf lemma="tænder" pos="X">tænder</wf>
         <wf lemma="og" pos="X">og</wf>
         <wf lemma="en" pos="X">en</wf>
         <wf lemma="kløftet" pos="X">kløftet</wf>
         <instance id="d000.s1318.t000" lemma="tunge" pos="NOUN">tunge</instance>
         <wf lemma="som" pos="X">som</wf>
         <wf lemma="en" pos="X">en</wf>
         <wf lemma="slanges" pos="X">slanges</wf>
         <wf lemma="." pos="X">.</wf>
      </sentence>
      <sentence id="d000.s1319" source="wordnet-danish">
         <wf lemma="Steg" pos="X">Steg</wf>
         <wf lemma="kartoflerne" pos="X">kartoflerne</wf>
         <wf lemma="i" pos="X">i</wf>
         <wf lemma="lidt" pos="X">lidt</wf>
         <wf lemma="smør" pos="X">smør</wf>
         <wf lemma="og" pos="X">og</wf>
         <wf lemma="olivenolie" pos="X">olivenolie</wf>
         <wf lemma="," pos="X">,</wf>
         <wf lemma="til" pos="X">til</wf>
         <wf lemma="de" pos="X">de</wf>
         <wf lemma="er" pos="X">er</wf>
         <wf lemma="gyldne" pos="X">gyldne</wf>
         <wf lemma="på" pos="X">på</wf>
         <wf lemma="alle" pos="X">alle</wf>
         <instance id="d000.s1319.t000" lemma="side" pos="NOUN">sider</instance>
         <wf lemma="." pos="X">.</wf>
      </sentence>
      <sentence id="d000.s1320" source="wordnet-danish">
         <wf lemma="En" pos="X">En</wf>
         <wf lemma="velsignet" pos="X">velsignet</wf>
         <wf lemma="træthed" pos="X">træthed</wf>
         <wf lemma="melder" pos="X">melder</wf>
         <wf lemma="sig" pos="X">sig</wf>
         <wf lemma="," pos="X">,</wf>
         <wf lemma="da" pos="X">da</wf>
         <wf lemma="jeg" pos="X">jeg</wf>
         <wf lemma="før" pos="X">før</wf>
         <wf lemma="middagen" pos="X">middagen</wf>
         <wf lemma="sidder" pos="X">sidder</wf>
         <wf lemma="foran" pos="X">foran</wf>
         <instance id="d000.s1320.t000" lemma="pejs" pos="NOUN">pejsen</instance>
         <wf lemma="og" pos="X">og</wf>
         <wf lemma="stirrer" pos="X">stirrer</wf>
         <wf lemma="ind" pos="X">ind</wf>
         <wf lemma="i" pos="X">i</wf>
         <wf lemma="ilden" pos="X">ilden</wf>
         <wf lemma="." pos="X">.</wf>
      </sentence>
      <sentence id="d000.s1321" source="wordnet-danish">
         <wf lemma="Boligmangelen" pos="X">Boligmangelen</wf>
         <wf lemma="betyder" pos="X">betyder</wf>
         <wf lemma="," pos="X">,</wf>
         <wf lemma="at" pos="X">at</wf>
         <instance id="d000.s1321.t000" lemma="udlejer" pos="NOUN">udlejeren</instance>
         <wf lemma="stort" pos="X">stort</wf>
         <wf lemma="set" pos="X">set</wf>
         <wf lemma="selv" pos="X">selv</wf>
         <wf lemma="bestemmer" pos="X">bestemmer</wf>
         <wf lemma="både" pos="X">både</wf>
         <wf lemma="huslejen" pos="X">huslejen</wf>
         <wf lemma="og" pos="X">og</wf>
         <wf lemma="vilkårene" pos="X">vilkårene</wf>
         <wf lemma="." pos="X">.</wf>
      </sentence>
      <sentence id="d000.s1322" source="wordnet-danish">
         <wf lemma="Manden" pos="X">Manden</wf>
         <wf lemma="med" pos="X">med</wf>
         <wf lemma="de" pos="X">de</wf>
         <wf lemma="tykke" pos="X">tykke</wf>
         <wf lemma="venner" pos="X">venner</wf>
         <wf lemma="har" pos="X">har</wf>
         <wf lemma="rejst" pos="X">rejst</wf>
         <wf lemma="sig" pos="X">sig</wf>
         <wf lemma="i" pos="X">i</wf>
         <wf lemma="et" pos="X">et</wf>
         <instance id="d000.s1322.t000" lemma="forum" pos="NOUN">forum</instance>
         <wf lemma="af" pos="X">af</wf>
         <wf lemma="halvandet" pos="X">halvandet</wf>
         <wf lemma="hundrede" pos="X">hundrede</wf>
         <wf lemma="mennesker" pos="X">mennesker</wf>
         <wf lemma="på" pos="X">på</wf>
         <wf lemma="en" pos="X">en</wf>
         <wf lemma="kommuneskole" pos="X">kommuneskole</wf>
         <wf lemma="på" pos="X">på</wf>
         <wf lemma="Upper" pos="X">Upper</wf>
         <wf lemma="West" pos="X">West</wf>
         <wf lemma="Side" pos="X">Side</wf>
         <wf lemma="." pos="X">.</wf>
      </sentence>
      <sentence id="d000.s1323" source="wordnet-danish">
         <wf lemma="Censor" pos="X">Censor</wf>
         <wf lemma="og" pos="X">og</wf>
         <wf lemma="eksaminator" pos="X">eksaminator</wf>
         <instance id="d000.s1323.t000" lemma="bedømme" pos="VERB">bedømmer</instance>
         <wf lemma="samtlige" pos="X">samtlige</wf>
         <wf lemma="arbejder" pos="X">arbejder</wf>
         <wf lemma="." pos="X">.</wf>
      </sentence>
      <sentence id="d000.s1324" source="wordnet-danish">
         <wf lemma="Det" pos="X">Det</wf>
         <wf lemma="er" pos="X">er</wf>
         <wf lemma="en" pos="X">en</wf>
         <wf lemma=".." pos="X">..</wf>
         <wf lemma="dårlig" pos="X">dårlig</wf>
         <wf lemma="idé" pos="X">idé</wf>
         <wf lemma="at" pos="X">at</wf>
         <wf lemma="kalke" pos="X">kalke</wf>
         <wf lemma="i" pos="X">i</wf>
         <wf lemma="strålende" pos="X">strålende</wf>
         <wf lemma="sol" pos="X">sol</wf>
         <wf lemma="og" pos="X">og</wf>
         <wf lemma="varme" pos="X">varme</wf>
         <wf lemma="," pos="X">,</wf>
         <wf lemma="da" pos="X">da</wf>
         <wf lemma="kalken" pos="X">kalken</wf>
         <wf lemma="så" pos="X">så</wf>
         <instance id="d000.s1324.t000" lemma="tørre" pos="VERB">tørrer</instance>
         <wf lemma="for" pos="X">for</wf>
         <wf lemma="hurtigt" pos="X">hurtigt</wf>
         <wf lemma="." pos="X">.</wf>
      </sentence>
      <sentence id="d000.s1325" source="wordnet-danish">
         <wf lemma="de" pos="X">de</wf>
         <wf lemma=".." pos="X">..</wf>
         <wf lemma="kører" pos="X">kører</wf>
         <wf lemma="ud" pos="X">ud</wf>
         <wf lemma="ad" pos="X">ad</wf>
         <wf lemma="en" pos="X">en</wf>
         <wf lemma="støvet" pos="X">støvet</wf>
         <instance id="d000.s1325.t000" lemma="vej" pos="NOUN">vej</instance>
         <wf lemma="i" pos="X">i</wf>
         <wf lemma="en" pos="X">en</wf>
         <wf lemma="gammel" pos="X">gammel</wf>
         <wf lemma="," pos="X">,</wf>
         <wf lemma="åben" pos="X">åben</wf>
         <wf lemma="Ford" pos="X">Ford</wf>
         <wf lemma="." pos="X">.</wf>
      </sentence>
      <sentence id="d000.s1326" source="wordnet-danish">
         <wf lemma="Sørg" pos="X">Sørg</wf>
         <wf lemma="for" pos="X">for</wf>
         <wf lemma="at" pos="X">at</wf>
         <wf lemma="få" pos="X">få</wf>
         <wf lemma="en" pos="X">en</wf>
         <wf lemma="særskilt" pos="X">særskilt</wf>
         <instance id="d000.s1326.t000" lemma="kvittering" pos="NOUN">kvittering</instance>
         <wf lemma="på" pos="X">på</wf>
         <wf lemma="dit" pos="X">dit</wf>
         <wf lemma="depositum" pos="X">depositum</wf>
         <wf lemma="." pos="X">.</wf>
         <wf lemma="Det" pos="X">Det</wf>
         <wf lemma="er" pos="X">er</wf>
         <wf lemma="nemlig" pos="X">nemlig</wf>
         <wf lemma="penge" pos="X">penge</wf>
         <wf lemma="," pos="X">,</wf>
         <wf lemma="du" pos="X">du</wf>
         <wf lemma="skal" pos="X">skal</wf>
         <wf lemma="have" pos="X">have</wf>
         <wf lemma="tilbage" pos="X">tilbage</wf>
         <wf lemma="," pos="X">,</wf>
         <wf lemma="når" pos="X">når</wf>
         <wf lemma="du" pos="X">du</wf>
         <wf lemma="flytter" pos="X">flytter</wf>
         <wf lemma="." pos="X">.</wf>
      </sentence>
      <sentence id="d000.s1327" source="wordnet-danish">
         <wf lemma="blomsterne" pos="X">blomsterne</wf>
         <instance id="d000.s1327.t000" lemma="tiltrække" pos="VERB">tiltrækker</instance>
         <wf lemma="både" pos="X">både</wf>
         <wf lemma="en" pos="X">en</wf>
         <wf lemma="mængde" pos="X">mængde</wf>
         <wf lemma="dag-" pos="X">dag-</wf>
         <wf lemma="og" pos="X">og</wf>
         <wf lemma="natsommerfugle" pos="X">natsommerfugle</wf>
         <wf lemma="." pos="X">.</wf>
      </sentence>
      <sentence id="d000.s1328" source="wordnet-danish">
         <wf lemma="På" pos="X">På</wf>
         <wf lemma="Københavns" pos="X">Københavns</wf>
         <wf lemma="Langelinie" pos="X">Langelinie</wf>
         <wf lemma="træder" pos="X">træder</wf>
         <instance id="d000.s1328.t000" lemma="turist" pos="NOUN">turisterne</instance>
         <wf lemma="tæerne" pos="X">tæerne</wf>
         <wf lemma="af" pos="X">af</wf>
         <wf lemma="hinanden" pos="X">hinanden</wf>
         <wf lemma="for" pos="X">for</wf>
         <wf lemma="at" pos="X">at</wf>
         <wf lemma="fotografere" pos="X">fotografere</wf>
         <wf lemma="den" pos="X">den</wf>
         <wf lemma="lille" pos="X">lille</wf>
         <wf lemma="havfrue" pos="X">havfrue</wf>
         <wf lemma="." pos="X">.</wf>
      </sentence>
      <sentence id="d000.s1329" source="wordnet-danish">
         <wf lemma="I" pos="X">I</wf>
         <wf lemma="nogle" pos="X">nogle</wf>
         <wf lemma="dage" pos="X">dage</wf>
         <instance id="d000.s1329.t000" lemma="strejfe" pos="VERB">strejfede</instance>
         <wf lemma="han" pos="X">han</wf>
         <wf lemma="rundt" pos="X">rundt</wf>
         <wf lemma="i" pos="X">i</wf>
         <wf lemma="byen" pos="X">byen</wf>
         <wf lemma="og" pos="X">og</wf>
         <wf lemma="turde" pos="X">turde</wf>
         <wf lemma="ikke" pos="X">ikke</wf>
         <wf lemma="vise" pos="X">vise</wf>
         <wf lemma="sig" pos="X">sig</wf>
         <wf lemma="ved" pos="X">ved</wf>
         <wf lemma="dagslys" pos="X">dagslys</wf>
         <wf lemma="." pos="X">.</wf>
      </sentence>
      <sentence id="d000.s1330" source="wordnet-danish">
         <wf lemma="En" pos="X">En</wf>
         <wf lemma="del" pos="X">del</wf>
         <wf lemma="ældre" pos="X">ældre</wf>
         <wf lemma="ledere" pos="X">ledere</wf>
         <wf lemma="viste" pos="X">viste</wf>
         <wf lemma="skepsis" pos="X">skepsis</wf>
         <wf lemma="over" pos="X">over</wf>
         <wf lemma="for" pos="X">for</wf>
         <wf lemma="[" pos="X">[</wf>
         <wf lemma="Dengs" pos="X">Dengs</wf>
         <wf lemma="]" pos="X">]</wf>
         <wf lemma="tanker" pos="X">tanker</wf>
         <wf lemma="om" pos="X">om</wf>
         <wf lemma="modernisering" pos="X">modernisering</wf>
         <wf lemma="." pos="X">.</wf>
         <wf lemma="De" pos="X">De</wf>
         <wf lemma="fik" pos="X">fik</wf>
         <wf lemma="ærefulde" pos="X">ærefulde</wf>
         <wf lemma="poster" pos="X">poster</wf>
         <wf lemma="uden" pos="X">uden</wf>
         <wf lemma="egentlig" pos="X">egentlig</wf>
         <wf lemma="indflydelse" pos="X">indflydelse</wf>
         <wf lemma="." pos="X">.</wf>
         <wf lemma="Det" pos="X">Det</wf>
         <wf lemma="var" pos="X">var</wf>
         <wf lemma="en" pos="X">en</wf>
         <wf lemma="klog" pos="X">klog</wf>
         <instance id="d000.s1330.t000" lemma="taktik" pos="NOUN">taktik</instance>
         <wf lemma="." pos="X">.</wf>
      </sentence>
      <sentence id="d000.s1331" source="wordnet-danish">
         <wf lemma="olie" pos="X">olie</wf>
         <instance id="d000.s1331.t000" lemma="flyde" pos="VERB">flyder</instance>
         <wf lemma="oven" pos="X">oven</wf>
         <wf lemma="på" pos="X">på</wf>
         <wf lemma="vand" pos="X">vand</wf>
         <wf lemma="." pos="X">.</wf>
      </sentence>
      <sentence id="d000.s1332" source="wordnet-danish">
         <wf lemma="I" pos="X">I</wf>
         <wf lemma="USA" pos="X">USA</wf>
         <wf lemma="kan" pos="X">kan</wf>
         <wf lemma="bidrag" pos="X">bidrag</wf>
         <wf lemma="til" pos="X">til</wf>
         <instance id="d000.s1332.t000" lemma="velgørenhed" pos="NOUN">velgørenhed</instance>
         <wf lemma="trækkes" pos="X">trækkes</wf>
         <wf lemma="fra" pos="X">fra</wf>
         <wf lemma="på" pos="X">på</wf>
         <wf lemma="selvangivelsen" pos="X">selvangivelsen</wf>
         <wf lemma="." pos="X">.</wf>
      </sentence>
      <sentence id="d000.s1333" source="wordnet-danish">
         <wf lemma="Mursejleren" pos="X">Mursejleren</wf>
         <wf lemma="lever" pos="X">lever</wf>
         <wf lemma="næsten" pos="X">næsten</wf>
         <wf lemma="kun" pos="X">kun</wf>
         <wf lemma="i" pos="X">i</wf>
         <wf lemma="luften" pos="X">luften</wf>
         <wf lemma="." pos="X">.</wf>
         <wf lemma="Den" pos="X">Den</wf>
         <wf lemma="æder" pos="X">æder</wf>
         <instance id="d000.s1333.t000" lemma="insekt" pos="NOUN">insekter</instance>
         <wf lemma="," pos="X">,</wf>
         <wf lemma="som" pos="X">som</wf>
         <wf lemma="den" pos="X">den</wf>
         <wf lemma="fanger" pos="X">fanger</wf>
         <wf lemma="," pos="X">,</wf>
         <wf lemma="mens" pos="X">mens</wf>
         <wf lemma="den" pos="X">den</wf>
         <wf lemma="flyver" pos="X">flyver</wf>
         <wf lemma="." pos="X">.</wf>
      </sentence>
      <sentence id="d000.s1334" source="wordnet-danish">
         <wf lemma="Jeg" pos="X">Jeg</wf>
         <instance id="d000.s1334.t000" lemma="følge" pos="VERB">fulgte</instance>
         <wf lemma="efter" pos="X">efter</wf>
         <wf lemma="ham" pos="X">ham</wf>
         <wf lemma="ud" pos="X">ud</wf>
         <wf lemma="på" pos="X">på</wf>
         <wf lemma="badeværelset" pos="X">badeværelset</wf>
         <wf lemma="," pos="X">,</wf>
         <wf lemma="jeg" pos="X">jeg</wf>
         <wf lemma="havde" pos="X">havde</wf>
         <wf lemma="noget" pos="X">noget</wf>
         <wf lemma="," pos="X">,</wf>
         <wf lemma="jeg" pos="X">jeg</wf>
         <wf lemma="skulle" pos="X">skulle</wf>
         <wf lemma="fortælle" pos="X">fortælle</wf>
         <wf lemma="ham" pos="X">ham</wf>
         <wf lemma="." pos="X">.</wf>
      </sentence>
      <sentence id="d000.s1335" source="wordnet-danish">
         <wf lemma="Danmarks" pos="X">Danmarks</wf>
         <instance id="d000.s1335.t000" lemma="første" pos="ADJ">første</instance>
         <wf lemma="kejsersnit" pos="X">kejsersnit</wf>
         <wf lemma="fandt" pos="X">fandt</wf>
         <wf lemma="sted" pos="X">sted</wf>
         <wf lemma="i" pos="X">i</wf>
         <wf lemma="1813" pos="X">1813</wf>
         <wf lemma="." pos="X">.</wf>
      </sentence>
      <sentence id="d000.s1336" source="wordnet-danish">
         <wf lemma="Island" pos="X">Island</wf>
         <wf lemma="har" pos="X">har</wf>
         <wf lemma="med" pos="X">med</wf>
         <wf lemma="sine" pos="X">sine</wf>
         <wf lemma="250.000" pos="X">250.000</wf>
         <instance id="d000.s1336.t000" lemma="indbygger" pos="NOUN">indbyggere</instance>
         <wf lemma="--" pos="X">--</wf>
         <wf lemma="det" pos="X">det</wf>
         <wf lemma="samme" pos="X">samme</wf>
         <wf lemma="som" pos="X">som</wf>
         <wf lemma="Århus" pos="X">Århus</wf>
         <wf lemma="by" pos="X">by</wf>
         <wf lemma="--" pos="X">--</wf>
         <wf lemma="et" pos="X">et</wf>
         <wf lemma="livligt" pos="X">livligt</wf>
         <wf lemma="sceneliv" pos="X">sceneliv</wf>
         <wf lemma="." pos="X">.</wf>
      </sentence>
      <sentence id="d000.s1337" source="wordnet-danish">
         <wf lemma="Bente" pos="X">Bente</wf>
         <wf lemma="stirrede" pos="X">stirrede</wf>
         <wf lemma="på" pos="X">på</wf>
         <wf lemma="kødet" pos="X">kødet</wf>
         <wf lemma="på" pos="X">på</wf>
         <wf lemma="sin" pos="X">sin</wf>
         <instance id="d000.s1337.t000" lemma="tallerken" pos="NOUN">tallerken</instance>
         <wf lemma="." pos="X">.</wf>
         <wf lemma="Hun" pos="X">Hun</wf>
         <wf lemma="kunne" pos="X">kunne</wf>
         <wf lemma="umuligt" pos="X">umuligt</wf>
         <wf lemma="spise" pos="X">spise</wf>
         <wf lemma="én" pos="X">én</wf>
         <wf lemma="mundfuld" pos="X">mundfuld</wf>
         <wf lemma="til" pos="X">til</wf>
         <wf lemma="." pos="X">.</wf>
      </sentence>
      <sentence id="d000.s1338" source="wordnet-danish">
         <wf lemma="Omkring" pos="X">Omkring</wf>
         <wf lemma="halvdelen" pos="X">halvdelen</wf>
         <wf lemma="af" pos="X">af</wf>
         <wf lemma="alle" pos="X">alle</wf>
         <instance id="d000.s1338.t000" lemma="lejer" pos="NOUN">lejere</instance>
         <wf lemma="modtager" pos="X">modtager</wf>
         <wf lemma="boligstøtte" pos="X">boligstøtte</wf>
         <wf lemma="." pos="X">.</wf>
      </sentence>
      <sentence id="d000.s1339" source="wordnet-danish">
         <wf lemma="Især" pos="X">Især</wf>
         <wf lemma="er" pos="X">er</wf>
         <wf lemma="bægerets" pos="X">bægerets</wf>
         <wf lemma="kant" pos="X">kant</wf>
         <wf lemma="udsat" pos="X">udsat</wf>
         <wf lemma="på" pos="X">på</wf>
         <wf lemma="mange" pos="X">mange</wf>
         <wf lemma="gamle" pos="X">gamle</wf>
         <wf lemma="glas" pos="X">glas</wf>
         <wf lemma="," pos="X">,</wf>
         <wf lemma="og" pos="X">og</wf>
         <wf lemma="går" pos="X">går</wf>
         <wf lemma="der" pos="X">der</wf>
         <wf lemma="bare" pos="X">bare</wf>
         <wf lemma="en" pos="X">en</wf>
         <wf lemma="lille" pos="X">lille</wf>
         <instance id="d000.s1339.t000" lemma="flis" pos="NOUN">flis</instance>
         <wf lemma="af" pos="X">af</wf>
         <wf lemma="," pos="X">,</wf>
         <wf lemma="skæmmer" pos="X">skæmmer</wf>
         <wf lemma="det" pos="X">det</wf>
         <wf lemma="glasset" pos="X">glasset</wf>
         <wf lemma="." pos="X">.</wf>
      </sentence>
      <sentence id="d000.s1340" source="wordnet-danish">
         <wf lemma="Hvis" pos="X">Hvis</wf>
         <wf lemma="hun" pos="X">hun</wf>
         <wf lemma="ikke" pos="X">ikke</wf>
         <wf lemma="har" pos="X">har</wf>
         <wf lemma="betalt" pos="X">betalt</wf>
         <instance id="d000.s1340.t000" lemma="husleje" pos="NOUN">huslejen</instance>
         <wf lemma="i" pos="X">i</wf>
         <wf lemma="morgen" pos="X">morgen</wf>
         <wf lemma="aften" pos="X">aften</wf>
         <wf lemma="," pos="X">,</wf>
         <wf lemma="bliver" pos="X">bliver</wf>
         <wf lemma="hun" pos="X">hun</wf>
         <wf lemma="smidt" pos="X">smidt</wf>
         <wf lemma="ud" pos="X">ud</wf>
         <wf lemma="." pos="X">.</wf>
      </sentence>
      <sentence id="d000.s1341" source="wordnet-danish">
         <wf lemma="Her" pos="X">Her</wf>
         <instance id="d000.s1341.t000" lemma="lugte" pos="VERB">lugter</instance>
         <wf lemma="skønt" pos="X">skønt</wf>
         <wf lemma="." pos="X">.</wf>
         <wf lemma="Hvad" pos="X">Hvad</wf>
         <wf lemma="skal" pos="X">skal</wf>
         <wf lemma="vi" pos="X">vi</wf>
         <wf lemma="ha'" pos="X">ha'</wf>
         <wf lemma="til" pos="X">til</wf>
         <wf lemma="middag" pos="X">middag</wf>
         <wf lemma="?" pos="X">?</wf>
      </sentence>
      <sentence id="d000.s1342" source="wordnet-danish">
         <wf lemma="Hot" pos="X">Hot</wf>
         <wf lemma="Tuna" pos="X">Tuna</wf>
         <wf lemma="T-shirt" pos="X">T-shirt</wf>
         <wf lemma="med" pos="X">med</wf>
         <instance id="d000.s1342.t000" lemma="tryk" pos="NOUN">tryk</instance>
         <wf lemma="koster" pos="X">koster</wf>
         <wf lemma="199" pos="X">199</wf>
         <wf lemma="kr." pos="X">kr.</wf>
      </sentence>
      <sentence id="d000.s1343" source="wordnet-danish">
         <wf lemma="Interessen" pos="X">Interessen</wf>
         <wf lemma="for" pos="X">for</wf>
         <wf lemma="fugle" pos="X">fugle</wf>
         <wf lemma="begynder" pos="X">begynder</wf>
         <wf lemma="ofte" pos="X">ofte</wf>
         <wf lemma="tidligt" pos="X">tidligt</wf>
         <wf lemma="," pos="X">,</wf>
         <wf lemma="hvis" pos="X">hvis</wf>
         <wf lemma="børn" pos="X">børn</wf>
         <wf lemma="får" pos="X">får</wf>
         <wf lemma="lov" pos="X">lov</wf>
         <wf lemma="at" pos="X">at</wf>
         <wf lemma="komme" pos="X">komme</wf>
         <wf lemma="ud" pos="X">ud</wf>
         <wf lemma="i" pos="X">i</wf>
         <instance id="d000.s1343.t000" lemma="natur" pos="NOUN">naturen</instance>
         <wf lemma="." pos="X">.</wf>
      </sentence>
      <sentence id="d000.s1344" source="wordnet-danish">
         <wf lemma="Ved" pos="X">Ved</wf>
         <wf lemma="nærlæsning" pos="X">nærlæsning</wf>
         <wf lemma="af" pos="X">af</wf>
         <wf lemma="dit" pos="X">dit</wf>
         <wf lemma="brev" pos="X">brev</wf>
         <wf lemma=".." pos="X">..</wf>
         <wf lemma="kan" pos="X">kan</wf>
         <wf lemma="jeg" pos="X">jeg</wf>
         <wf lemma="ikke" pos="X">ikke</wf>
         <wf lemma="sige" pos="X">sige</wf>
         <wf lemma="mig" pos="X">mig</wf>
         <wf lemma="fri" pos="X">fri</wf>
         <wf lemma="for" pos="X">for</wf>
         <wf lemma="at" pos="X">at</wf>
         <wf lemma="få" pos="X">få</wf>
         <wf lemma="et" pos="X">et</wf>
         <instance id="d000.s1344.t000" lemma="billede" pos="NOUN">billede</instance>
         <wf lemma="af" pos="X">af</wf>
         <wf lemma="en" pos="X">en</wf>
         <wf lemma="navlebeskuende" pos="X">navlebeskuende</wf>
         <wf lemma="," pos="X">,</wf>
         <wf lemma="trist" pos="X">trist</wf>
         <wf lemma="og" pos="X">og</wf>
         <wf lemma="bitter" pos="X">bitter</wf>
         <wf lemma="pige" pos="X">pige</wf>
         <wf lemma="." pos="X">.</wf>
      </sentence>
      <sentence id="d000.s1345" source="wordnet-danish">
         <wf lemma="Fra" pos="X">Fra</wf>
         <wf lemma="vinduerne" pos="X">vinduerne</wf>
         <wf lemma="kan" pos="X">kan</wf>
         <wf lemma="de" pos="X">de</wf>
         <wf lemma="se" pos="X">se</wf>
         <wf lemma="ud" pos="X">ud</wf>
         <wf lemma="i" pos="X">i</wf>
         <wf lemma="haven" pos="X">haven</wf>
         <wf lemma="." pos="X">.</wf>
         <wf lemma="Der" pos="X">Der</wf>
         <wf lemma="er" pos="X">er</wf>
         <wf lemma="klatrestativer" pos="X">klatrestativer</wf>
         <wf lemma="og" pos="X">og</wf>
         <wf lemma="en" pos="X">en</wf>
         <wf lemma="stor" pos="X">stor</wf>
         <wf lemma="græsplæne" pos="X">græsplæne</wf>
         <wf lemma="." pos="X">.</wf>
         <wf lemma="Der" pos="X">Der</wf>
         <wf lemma="er" pos="X">er</wf>
         <wf lemma="også" pos="X">også</wf>
         <instance id="d000.s1345.t000" lemma="gynge" pos="NOUN">gynger</instance>
         <wf lemma="og" pos="X">og</wf>
         <wf lemma="et" pos="X">et</wf>
         <wf lemma="legehus" pos="X">legehus</wf>
         <wf lemma="." pos="X">.</wf>
      </sentence>
      <sentence id="d000.s1346" source="wordnet-danish">
         <wf lemma="en" pos="X">en</wf>
         <instance id="d000.s1346.t000" lemma="umoden" pos="ADJ">umoden</instance>
         <wf lemma="og" pos="X">og</wf>
         <wf lemma="uprofessionel" pos="X">uprofessionel</wf>
         <wf lemma="terapeut" pos="X">terapeut</wf>
         <wf lemma="kan" pos="X">kan</wf>
         <wf lemma="," pos="X">,</wf>
         <wf lemma="uden" pos="X">uden</wf>
         <wf lemma="at" pos="X">at</wf>
         <wf lemma="overskue" pos="X">overskue</wf>
         <wf lemma="det" pos="X">det</wf>
         <wf lemma="," pos="X">,</wf>
         <wf lemma="skade" pos="X">skade</wf>
         <wf lemma="folk" pos="X">folk</wf>
         <wf lemma="psykisk" pos="X">psykisk</wf>
         <wf lemma="." pos="X">.</wf>
      </sentence>
      <sentence id="d000.s1347" source="wordnet-danish">
         <wf lemma="I" pos="X">I</wf>
         <wf lemma="de" pos="X">de</wf>
         <wf lemma="år" pos="X">år</wf>
         <wf lemma="," pos="X">,</wf>
         <wf lemma="de" pos="X">de</wf>
         <wf lemma="første" pos="X">første</wf>
         <wf lemma="korstog" pos="X">korstog</wf>
         <wf lemma="udgik" pos="X">udgik</wf>
         <wf lemma="," pos="X">,</wf>
         <wf lemma="rejstes" pos="X">rejstes</wf>
         <wf lemma="i" pos="X">i</wf>
         <wf lemma="Vesteuropa" pos="X">Vesteuropa</wf>
         <wf lemma="de" pos="X">de</wf>
         <wf lemma="pragtfulde" pos="X">pragtfulde</wf>
         <wf lemma="romanske" pos="X">romanske</wf>
         <instance id="d000.s1347.t000" lemma="katedral" pos="NOUN">katedraler</instance>
         <wf lemma="." pos="X">.</wf>
      </sentence>
      <sentence id="d000.s1348" source="wordnet-danish">
         <wf lemma="i" pos="X">i</wf>
         <wf lemma="den" pos="X">den</wf>
         <wf lemma="to-værelses" pos="X">to-værelses</wf>
         <wf lemma="lejlighed" pos="X">lejlighed</wf>
         <wf lemma="er" pos="X">er</wf>
         <wf lemma="støjniveauet" pos="X">støjniveauet</wf>
         <wf lemma="ret" pos="X">ret</wf>
         <wf lemma="højt" pos="X">højt</wf>
         <wf lemma="." pos="X">.</wf>
         <wf lemma="Både" pos="X">Både</wf>
         <wf lemma="fjernsyn" pos="X">fjernsyn</wf>
         <wf lemma="og" pos="X">og</wf>
         <wf lemma="radio" pos="X">radio</wf>
         <instance id="d000.s1348.t000" lemma="køre" pos="VERB">kører</instance>
         <wf lemma="for" pos="X">for</wf>
         <wf lemma="fuld" pos="X">fuld</wf>
         <wf lemma="styrke" pos="X">styrke</wf>
         <wf lemma="." pos="X">.</wf>
      </sentence>
      <sentence id="d000.s1349" source="wordnet-danish">
         <wf lemma="hysterisk" pos="X">hysterisk</wf>
         <wf lemma="af" pos="X">af</wf>
         <wf lemma="rædsel" pos="X">rædsel</wf>
         <wf lemma="prøvede" pos="X">prøvede</wf>
         <wf lemma="han" pos="X">han</wf>
         <wf lemma="af" pos="X">af</wf>
         <wf lemma="al" pos="X">al</wf>
         <instance id="d000.s1349.t000" lemma="magt" pos="NOUN">magt</instance>
         <wf lemma="at" pos="X">at</wf>
         <wf lemma="rejse" pos="X">rejse</wf>
         <wf lemma="sig" pos="X">sig</wf>
         <wf lemma="for" pos="X">for</wf>
         <wf lemma="at" pos="X">at</wf>
         <wf lemma="flygte" pos="X">flygte</wf>
         <wf lemma="." pos="X">.</wf>
      </sentence>
      <sentence id="d000.s1350" source="wordnet-danish">
         <wf lemma="du" pos="X">du</wf>
         <wf lemma="har" pos="X">har</wf>
         <wf lemma="overhovedet" pos="X">overhovedet</wf>
         <wf lemma="ikke" pos="X">ikke</wf>
         <wf lemma="herredømme" pos="X">herredømme</wf>
         <wf lemma="over" pos="X">over</wf>
         <instance id="d000.s1350.t000" lemma="bil" pos="NOUN">bilen</instance>
         <wf lemma="," pos="X">,</wf>
         <wf lemma="når" pos="X">når</wf>
         <wf lemma="du" pos="X">du</wf>
         <wf lemma="enten" pos="X">enten</wf>
         <wf lemma="har" pos="X">har</wf>
         <wf lemma="sat" pos="X">sat</wf>
         <wf lemma="bilen" pos="X">bilen</wf>
         <wf lemma="i" pos="X">i</wf>
         <wf lemma="frigear" pos="X">frigear</wf>
         <wf lemma="eller" pos="X">eller</wf>
         <wf lemma="har" pos="X">har</wf>
         <wf lemma="koblet" pos="X">koblet</wf>
         <wf lemma="ud" pos="X">ud</wf>
         <wf lemma="." pos="X">.</wf>
      </sentence>
      <sentence id="d000.s1351" source="wordnet-danish">
         <wf lemma="Med" pos="X">Med</wf>
         <wf lemma="højre" pos="X">højre</wf>
         <wf lemma="fod" pos="X">fod</wf>
         <instance id="d000.s1351.t000" lemma="vikle" pos="VERB">viklet</instance>
         <wf lemma="ind" pos="X">ind</wf>
         <wf lemma="i" pos="X">i</wf>
         <wf lemma="tykke" pos="X">tykke</wf>
         <wf lemma="bandager" pos="X">bandager</wf>
         <wf lemma="humper" pos="X">humper</wf>
         <wf lemma="han" pos="X">han</wf>
         <wf lemma="rundt" pos="X">rundt</wf>
         <wf lemma="med" pos="X">med</wf>
         <wf lemma="en" pos="X">en</wf>
         <wf lemma="grov" pos="X">grov</wf>
         <wf lemma="forstuvning" pos="X">forstuvning</wf>
         <wf lemma="." pos="X">.</wf>
      </sentence>
      <sentence id="d000.s1352" source="wordnet-danish">
         <wf lemma="Vi" pos="X">Vi</wf>
         <wf lemma="er" pos="X">er</wf>
         <instance id="d000.s1352.t000" lemma="generation" pos="NOUN">generationen</instance>
         <wf lemma="," pos="X">,</wf>
         <wf lemma="der" pos="X">der</wf>
         <wf lemma="har" pos="X">har</wf>
         <wf lemma="rod" pos="X">rod</wf>
         <wf lemma="i" pos="X">i</wf>
         <wf lemma="det" pos="X">det</wf>
         <wf lemma="gamle" pos="X">gamle</wf>
         <wf lemma="," pos="X">,</wf>
         <wf lemma="men" pos="X">men</wf>
         <wf lemma="som" pos="X">som</wf>
         <wf lemma="ikke" pos="X">ikke</wf>
         <wf lemma="afviser" pos="X">afviser</wf>
         <wf lemma="det" pos="X">det</wf>
         <wf lemma="nye" pos="X">nye</wf>
         <wf lemma="." pos="X">.</wf>
      </sentence>
      <sentence id="d000.s1353" source="wordnet-danish">
         <wf lemma="De" pos="X">De</wf>
         <wf lemma="eneste" pos="X">eneste</wf>
         <wf lemma="ringe" pos="X">ringe</wf>
         <wf lemma="og" pos="X">og</wf>
         <instance id="d000.s1353.t000" lemma="dårlig" pos="ADJ">dårlige</instance>
         <wf lemma="mennesker" pos="X">mennesker</wf>
         <wf lemma="i" pos="X">i</wf>
         <wf lemma="den" pos="X">den</wf>
         <wf lemma="her" pos="X">her</wf>
         <wf lemma="sag" pos="X">sag</wf>
         <wf lemma="var" pos="X">var</wf>
         <wf lemma="mine" pos="X">mine</wf>
         <wf lemma="kolleger" pos="X">kolleger</wf>
         <wf lemma="." pos="X">.</wf>
      </sentence>
      <sentence id="d000.s1354" source="wordnet-danish">
         <wf lemma="den" pos="X">den</wf>
         <instance id="d000.s1354.t000" lemma="omstændighed" pos="NOUN">omstændighed</instance>
         <wf lemma="," pos="X">,</wf>
         <wf lemma="at" pos="X">at</wf>
         <wf lemma="jeg" pos="X">jeg</wf>
         <wf lemma="var" pos="X">var</wf>
         <wf lemma="tuneser" pos="X">tuneser</wf>
         <wf lemma="," pos="X">,</wf>
         <wf lemma="var" pos="X">var</wf>
         <wf lemma="nok" pos="X">nok</wf>
         <wf lemma="for" pos="X">for</wf>
         <wf lemma="dem" pos="X">dem</wf>
         <wf lemma="til" pos="X">til</wf>
         <wf lemma="at" pos="X">at</wf>
         <wf lemma="kalde" pos="X">kalde</wf>
         <wf lemma="mig" pos="X">mig</wf>
         <wf lemma="et" pos="X">et</wf>
         <wf lemma="arabersvin" pos="X">arabersvin</wf>
         <wf lemma="." pos="X">.</wf>
      </sentence>
      <sentence id="d000.s1355" source="wordnet-danish">
         <wf lemma="En" pos="X">En</wf>
         <wf lemma="måge" pos="X">måge</wf>
         <wf lemma="højt" pos="X">højt</wf>
         <wf lemma="oppe" pos="X">oppe</wf>
         <instance id="d000.s1355.t000" lemma="flyve" pos="VERB">fløj</instance>
         <wf lemma="hen" pos="X">hen</wf>
         <wf lemma="over" pos="X">over</wf>
         <wf lemma="klitterne" pos="X">klitterne</wf>
         <wf lemma="og" pos="X">og</wf>
         <wf lemma="udover" pos="X">udover</wf>
         <wf lemma="havet" pos="X">havet</wf>
         <wf lemma="." pos="X">.</wf>
      </sentence>
      <sentence id="d000.s1356" source="wordnet-danish">
         <instance id="d000.s1356.t000" lemma="bidrag" pos="NOUN">Bidrag</instance>
         <wf lemma="til" pos="X">til</wf>
         <wf lemma="debatspalten" pos="X">debatspalten</wf>
         <wf lemma="i" pos="X">i</wf>
         <wf lemma="næste" pos="X">næste</wf>
         <wf lemma="nummer" pos="X">nummer</wf>
         <wf lemma="skal" pos="X">skal</wf>
         <wf lemma="være" pos="X">være</wf>
         <wf lemma="redaktionen" pos="X">redaktionen</wf>
         <wf lemma="i" pos="X">i</wf>
         <wf lemma="hænde" pos="X">hænde</wf>
         <wf lemma="senest" pos="X">senest</wf>
         <wf lemma="tirsdag" pos="X">tirsdag</wf>
         <wf lemma="." pos="X">.</wf>
      </sentence>
      <sentence id="d000.s1357" source="wordnet-danish">
         <wf lemma="Befolkningen" pos="X">Befolkningen</wf>
         <wf lemma="er" pos="X">er</wf>
         <wf lemma="ikke" pos="X">ikke</wf>
         <wf lemma="vant" pos="X">vant</wf>
         <wf lemma="til" pos="X">til</wf>
         <wf lemma="at" pos="X">at</wf>
         <wf lemma="få" pos="X">få</wf>
         <wf lemma="klar" pos="X">klar</wf>
         <wf lemma="besked" pos="X">besked</wf>
         <wf lemma="fra" pos="X">fra</wf>
         <wf lemma="politikerne" pos="X">politikerne</wf>
         <wf lemma="." pos="X">.</wf>
         <wf lemma="Vælgerne" pos="X">Vælgerne</wf>
         <wf lemma="vil" pos="X">vil</wf>
         <instance id="d000.s1357.t000" lemma="bedrage" pos="VERB">bedrages</instance>
         <wf lemma="og" pos="X">og</wf>
         <wf lemma="bliver" pos="X">bliver</wf>
         <wf lemma="det" pos="X">det</wf>
         <wf lemma="." pos="X">.</wf>
      </sentence>
      <sentence id="d000.s1358" source="wordnet-danish">
         <wf lemma="hun" pos="X">hun</wf>
         <wf lemma="havde" pos="X">havde</wf>
         <wf lemma="alt" pos="X">alt</wf>
         <wf lemma="for" pos="X">for</wf>
         <wf lemma="mange" pos="X">mange</wf>
         <wf lemma="nerver" pos="X">nerver</wf>
         <wf lemma="til" pos="X">til</wf>
         <wf lemma="at" pos="X">at</wf>
         <wf lemma="optræde" pos="X">optræde</wf>
         <wf lemma="for" pos="X">for</wf>
         <wf lemma="større" pos="X">større</wf>
         <instance id="d000.s1358.t000" lemma="forsamling" pos="NOUN">forsamlinger</instance>
         <wf lemma="." pos="X">.</wf>
      </sentence>
      <sentence id="d000.s1359" source="wordnet-danish">
         <wf lemma="hun" pos="X">hun</wf>
         <wf lemma="gik" pos="X">gik</wf>
         <wf lemma=".." pos="X">..</wf>
         <wf lemma="henad" pos="X">henad</wf>
         <wf lemma="den" pos="X">den</wf>
         <wf lemma="lange" pos="X">lange</wf>
         <wf lemma="gang" pos="X">gang</wf>
         <wf lemma="med" pos="X">med</wf>
         <wf lemma="de" pos="X">de</wf>
         <wf lemma="mange" pos="X">mange</wf>
         <instance id="d000.s1359.t000" lemma="dør" pos="NOUN">døre</instance>
         <wf lemma="." pos="X">.</wf>
      </sentence>
      <sentence id="d000.s1360" source="wordnet-danish">
         <wf lemma="Skræl" pos="X">Skræl</wf>
         <instance id="d000.s1360.t000" lemma="agurk" pos="NOUN">agurkerne</instance>
         <wf lemma="," pos="X">,</wf>
         <wf lemma="flæk" pos="X">flæk</wf>
         <wf lemma="dem" pos="X">dem</wf>
         <wf lemma="og" pos="X">og</wf>
         <wf lemma="skrab" pos="X">skrab</wf>
         <wf lemma="kernerne" pos="X">kernerne</wf>
         <wf lemma="ud" pos="X">ud</wf>
         <wf lemma="med" pos="X">med</wf>
         <wf lemma="en" pos="X">en</wf>
         <wf lemma="ske" pos="X">ske</wf>
         <wf lemma="." pos="X">.</wf>
      </sentence>
      <sentence id="d000.s1361" source="wordnet-danish">
         <wf lemma="Pludselig" pos="X">Pludselig</wf>
         <wf lemma="var" pos="X">var</wf>
         <wf lemma="der" pos="X">der</wf>
         <instance id="d000.s1361.t000" lemma="delfin" pos="NOUN">delfiner</instance>
         <wf lemma="forude" pos="X">forude</wf>
         <wf lemma="!" pos="X">!</wf>
         <wf lemma="De" pos="X">De</wf>
         <wf lemma="kom" pos="X">kom</wf>
         <wf lemma="målbevidst" pos="X">målbevidst</wf>
         <wf lemma="hen" pos="X">hen</wf>
         <wf lemma="mod" pos="X">mod</wf>
         <wf lemma="båden" pos="X">båden</wf>
         <wf lemma="," pos="X">,</wf>
         <wf lemma="hvor" pos="X">hvor</wf>
         <wf lemma="de" pos="X">de</wf>
         <wf lemma="legesyge" pos="X">legesyge</wf>
         <wf lemma="svømmede" pos="X">svømmede</wf>
         <wf lemma="lige" pos="X">lige</wf>
         <wf lemma="foran" pos="X">foran</wf>
         <wf lemma="stævnen" pos="X">stævnen</wf>
         <wf lemma="." pos="X">.</wf>
      </sentence>
      <sentence id="d000.s1362" source="wordnet-danish">
         <wf lemma="man" pos="X">man</wf>
         <wf lemma="kan" pos="X">kan</wf>
         <wf lemma="nægte" pos="X">nægte</wf>
         <wf lemma="at" pos="X">at</wf>
         <wf lemma="modtage" pos="X">modtage</wf>
         <instance id="d000.s1362.t000" lemma="forsendelse" pos="NOUN">forsendelsen</instance>
         <wf lemma="og" pos="X">og</wf>
         <wf lemma="dermed" pos="X">dermed</wf>
         <wf lemma="blive" pos="X">blive</wf>
         <wf lemma="fritaget" pos="X">fritaget</wf>
         <wf lemma="for" pos="X">for</wf>
         <wf lemma="at" pos="X">at</wf>
         <wf lemma="betale" pos="X">betale</wf>
         <wf lemma="porto" pos="X">porto</wf>
         <wf lemma="og" pos="X">og</wf>
         <wf lemma="gebyr" pos="X">gebyr</wf>
         <wf lemma="." pos="X">.</wf>
      </sentence>
      <sentence id="d000.s1363" source="wordnet-danish">
         <wf lemma="jeg" pos="X">jeg</wf>
         <wf lemma="er" pos="X">er</wf>
         <wf lemma="kasserer" pos="X">kasserer</wf>
         <wf lemma="i" pos="X">i</wf>
         <wf lemma="et" pos="X">et</wf>
         <instance id="d000.s1363.t000" lemma="stor" pos="ADJ">stort</instance>
         <wf lemma="firma" pos="X">firma</wf>
         <wf lemma="." pos="X">.</wf>
      </sentence>
      <sentence id="d000.s1364" source="wordnet-danish">
         <wf lemma="Hardy" pos="X">Hardy</wf>
         <wf lemma="Hansen" pos="X">Hansen</wf>
         <wf lemma=".." pos="X">..</wf>
         <instance id="d000.s1364.t000" lemma="vildlede" pos="VERB">vildleder</instance>
         <wf lemma="sine" pos="X">sine</wf>
         <wf lemma="medlemmer" pos="X">medlemmer</wf>
         <wf lemma="," pos="X">,</wf>
         <wf lemma="når" pos="X">når</wf>
         <wf lemma="han" pos="X">han</wf>
         <wf lemma="anbefaler" pos="X">anbefaler</wf>
         <wf lemma="dem" pos="X">dem</wf>
         <wf lemma="at" pos="X">at</wf>
         <wf lemma="kræve" pos="X">kræve</wf>
         <wf lemma="7" pos="X">7</wf>
         <wf lemma="%" pos="X">%</wf>
         <wf lemma="i" pos="X">i</wf>
         <wf lemma="lønforhøjelse" pos="X">lønforhøjelse</wf>
         <wf lemma="." pos="X">.</wf>
      </sentence>
      <sentence id="d000.s1365" source="wordnet-danish">
         <wf lemma="Kan" pos="X">Kan</wf>
         <wf lemma="barnet" pos="X">barnet</wf>
         <wf lemma="ikke" pos="X">ikke</wf>
         <wf lemma="nå" pos="X">nå</wf>
         <wf lemma="op" pos="X">op</wf>
         <wf lemma="til" pos="X">til</wf>
         <wf lemma="håndvasken" pos="X">håndvasken</wf>
         <wf lemma="," pos="X">,</wf>
         <wf lemma="må" pos="X">må</wf>
         <wf lemma="tandbørstningen" pos="X">tandbørstningen</wf>
         <wf lemma="ske" pos="X">ske</wf>
         <wf lemma="fra" pos="X">fra</wf>
         <wf lemma="en" pos="X">en</wf>
         <wf lemma="skridsikker" pos="X">skridsikker</wf>
         <instance id="d000.s1365.t000" lemma="skammel" pos="NOUN">skammel</instance>
         <wf lemma="." pos="X">.</wf>
      </sentence>
      <sentence id="d000.s1366" source="wordnet-danish">
         <wf lemma="Skiene" pos="X">Skiene</wf>
         <wf lemma="stilles" pos="X">stilles</wf>
         <wf lemma="på" pos="X">på</wf>
         <wf lemma="plads" pos="X">plads</wf>
         <wf lemma="," pos="X">,</wf>
         <wf lemma="mens" pos="X">mens</wf>
         <wf lemma="mørket" pos="X">mørket</wf>
         <wf lemma="udenfor" pos="X">udenfor</wf>
         <wf lemma="sænker" pos="X">sænker</wf>
         <wf lemma="sin" pos="X">sin</wf>
         <wf lemma="sorte" pos="X">sorte</wf>
         <instance id="d000.s1366.t000" lemma="kappe" pos="NOUN">kappe</instance>
         <wf lemma="." pos="X">.</wf>
      </sentence>
      <sentence id="d000.s1367" source="wordnet-danish">
         <wf lemma="de" pos="X">de</wf>
         <instance id="d000.s1367.t000" lemma="afrejse" pos="VERB">afrejsende</instance>
         <wf lemma="[trak]" pos="X">[trak]</wf>
         <wf lemma="sig" pos="X">sig</wf>
         <wf lemma="nølende" pos="X">nølende</wf>
         <wf lemma="tilbage" pos="X">tilbage</wf>
         <wf lemma="op" pos="X">op</wf>
         <wf lemma="over" pos="X">over</wf>
         <wf lemma="landgangsbroen" pos="X">landgangsbroen</wf>
         <wf lemma="." pos="X">.</wf>
      </sentence>
      <sentence id="d000.s1368" source="wordnet-danish">
         <wf lemma="Man" pos="X">Man</wf>
         <wf lemma="kan" pos="X">kan</wf>
         <wf lemma="sige" pos="X">sige</wf>
         <wf lemma="," pos="X">,</wf>
         <wf lemma="at" pos="X">at</wf>
         <wf lemma="en" pos="X">en</wf>
         <wf lemma="arbejdsplads" pos="X">arbejdsplads</wf>
         <wf lemma="har" pos="X">har</wf>
         <wf lemma="sin" pos="X">sin</wf>
         <wf lemma="særlige" pos="X">særlige</wf>
         <instance id="d000.s1368.t000" lemma="kultur" pos="NOUN">kultur</instance>
         <wf lemma="--" pos="X">--</wf>
         <wf lemma="bestemte" pos="X">bestemte</wf>
         <wf lemma="traditioner" pos="X">traditioner</wf>
         <wf lemma="," pos="X">,</wf>
         <wf lemma="ritualer" pos="X">ritualer</wf>
         <wf lemma="," pos="X">,</wf>
         <wf lemma="ceremonier" pos="X">ceremonier</wf>
         <wf lemma="," pos="X">,</wf>
         <wf lemma="rutiner" pos="X">rutiner</wf>
         <wf lemma="samt" pos="X">samt</wf>
         <wf lemma="myter" pos="X">myter</wf>
         <wf lemma="." pos="X">.</wf>
      </sentence>
      <sentence id="d000.s1369" source="wordnet-danish">
         <wf lemma="i" pos="X">i</wf>
         <wf lemma="sidste" pos="X">sidste</wf>
         <wf lemma="uge" pos="X">uge</wf>
         <wf lemma="blev" pos="X">blev</wf>
         <wf lemma="en" pos="X">en</wf>
         <wf lemma="dame" pos="X">dame</wf>
         <wf lemma="slået" pos="X">slået</wf>
         <wf lemma="ned" pos="X">ned</wf>
         <wf lemma="med" pos="X">med</wf>
         <wf lemma="en" pos="X">en</wf>
         <instance id="d000.s1369.t000" lemma="kølle" pos="NOUN">kølle</instance>
         <wf lemma="i" pos="X">i</wf>
         <wf lemma="Magasins" pos="X">Magasins</wf>
         <wf lemma="garage" pos="X">garage</wf>
         <wf lemma="." pos="X">.</wf>
      </sentence>
      <sentence id="d000.s1370" source="wordnet-danish">
         <wf lemma="Mor" pos="X">Mor</wf>
         <wf lemma="bad" pos="X">bad</wf>
         <wf lemma="for" pos="X">for</wf>
         <wf lemma="hans" pos="X">hans</wf>
         <instance id="d000.s1370.t000" lemma="sjæl" pos="NOUN">sjæl</instance>
         <wf lemma="," pos="X">,</wf>
         <wf lemma="hun" pos="X">hun</wf>
         <wf lemma="var" pos="X">var</wf>
         <wf lemma="bange" pos="X">bange</wf>
         <wf lemma="for" pos="X">for</wf>
         <wf lemma="at" pos="X">at</wf>
         <wf lemma="han" pos="X">han</wf>
         <wf lemma="var" pos="X">var</wf>
         <wf lemma="fortabt" pos="X">fortabt</wf>
         <wf lemma="." pos="X">.</wf>
      </sentence>
      <sentence id="d000.s1371" source="wordnet-danish">
         <wf lemma="Carl" pos="X">Carl</wf>
         <wf lemma="Th." pos="X">Th.</wf>
         <wf lemma="Dreyer" pos="X">Dreyer</wf>
         <wf lemma="(" pos="X">(</wf>
         <wf lemma="1889-1968" pos="X">1889-1968</wf>
         <wf lemma=")" pos="X">)</wf>
         <wf lemma="er" pos="X">er</wf>
         <wf lemma="den" pos="X">den</wf>
         <wf lemma="største" pos="X">største</wf>
         <wf lemma="skikkelse" pos="X">skikkelse</wf>
         <wf lemma="i" pos="X">i</wf>
         <wf lemma="dansk" pos="X">dansk</wf>
         <instance id="d000.s1371.t000" lemma="film" pos="NOUN">film</instance>
         <wf lemma="." pos="X">.</wf>
      </sentence>
      <sentence id="d000.s1372" source="wordnet-danish">
         <wf lemma="Pærestykkerne" pos="X">Pærestykkerne</wf>
         <wf lemma="," pos="X">,</wf>
         <wf lemma="som" pos="X">som</wf>
         <wf lemma="bruges" pos="X">bruges</wf>
         <wf lemma="til" pos="X">til</wf>
         <wf lemma="fyld" pos="X">fyld</wf>
         <wf lemma="i" pos="X">i</wf>
         <wf lemma="kagen" pos="X">kagen</wf>
         <wf lemma="," pos="X">,</wf>
         <wf lemma="skal" pos="X">skal</wf>
         <wf lemma="være" pos="X">være</wf>
         <wf lemma="faste" pos="X">faste</wf>
         <wf lemma="og" pos="X">og</wf>
         <wf lemma="uden" pos="X">uden</wf>
         <instance id="d000.s1372.t000" lemma="skræl" pos="NOUN">skræl</instance>
         <wf lemma="." pos="X">.</wf>
      </sentence>
      <sentence id="d000.s1373" source="wordnet-danish">
         <wf lemma="Derefter" pos="X">Derefter</wf>
         <wf lemma="fortalte" pos="X">fortalte</wf>
         <wf lemma="jeg" pos="X">jeg</wf>
         <wf lemma="om" pos="X">om</wf>
         <wf lemma="det" pos="X">det</wf>
         <wf lemma="sidste" pos="X">sidste</wf>
         <wf lemma="døgns" pos="X">døgns</wf>
         <wf lemma="akut" pos="X">akut</wf>
         <wf lemma="indlagte" pos="X">indlagte</wf>
         <wf lemma="," pos="X">,</wf>
         <wf lemma="og" pos="X">og</wf>
         <wf lemma="om" pos="X">om</wf>
         <wf lemma="hvad" pos="X">hvad</wf>
         <wf lemma="der" pos="X">der</wf>
         <wf lemma="ellers" pos="X">ellers</wf>
         <wf lemma="var" pos="X">var</wf>
         <wf lemma="sket" pos="X">sket</wf>
         <wf lemma="i" pos="X">i</wf>
         <instance id="d000.s1373.t000" lemma="vagt" pos="NOUN">vagtens</instance>
         <wf lemma="løb" pos="X">løb</wf>
         <wf lemma="." pos="X">.</wf>
      </sentence>
      <sentence id="d000.s1374" source="wordnet-danish">
         <wf lemma="Her" pos="X">Her</wf>
         <wf lemma=".." pos="X">..</wf>
         <wf lemma="ligger" pos="X">ligger</wf>
         <wf lemma="forskellige" pos="X">forskellige</wf>
         <instance id="d000.s1374.t000" lemma="mønt" pos="NOUN">mønter</instance>
         <wf lemma=":" pos="X">:</wf>
         <wf lemma="1-kroner" pos="X">1-kroner</wf>
         <wf lemma="," pos="X">,</wf>
         <wf lemma="5-kroner" pos="X">5-kroner</wf>
         <wf lemma="og" pos="X">og</wf>
         <wf lemma="25-ører." pos="X">25-ører.</wf>
      </sentence>
      <sentence id="d000.s1375" source="wordnet-danish">
         <wf lemma="Produkterne" pos="X">Produkterne</wf>
         <wf lemma="findes" pos="X">findes</wf>
         <wf lemma="på" pos="X">på</wf>
         <wf lemma="flydende" pos="X">flydende</wf>
         <wf lemma="form" pos="X">form</wf>
         <wf lemma="," pos="X">,</wf>
         <wf lemma="som" pos="X">som</wf>
         <instance id="d000.s1375.t000" lemma="pulver" pos="NOUN">pulver</instance>
         <wf lemma="og" pos="X">og</wf>
         <wf lemma="som" pos="X">som</wf>
         <wf lemma="tabletter" pos="X">tabletter</wf>
         <wf lemma="." pos="X">.</wf>
      </sentence>
      <sentence id="d000.s1376" source="wordnet-danish">
         <wf lemma="pigens" pos="X">pigens</wf>
         <wf lemma="ven" pos="X">ven</wf>
         <wf lemma="[er]" pos="X">[er]</wf>
         <wf lemma="blevet" pos="X">blevet</wf>
         <wf lemma="kørt" pos="X">kørt</wf>
         <wf lemma="på" pos="X">på</wf>
         <wf lemma="sygehuset" pos="X">sygehuset</wf>
         <wf lemma="," pos="X">,</wf>
         <wf lemma="ramt" pos="X">ramt</wf>
         <wf lemma="af" pos="X">af</wf>
         <wf lemma="et" pos="X">et</wf>
         <instance id="d000.s1376.t000" lemma="projektil" pos="NOUN">projektil</instance>
         <wf lemma="fra" pos="X">fra</wf>
         <wf lemma="en" pos="X">en</wf>
         <wf lemma="salonriffel" pos="X">salonriffel</wf>
         <wf lemma="." pos="X">.</wf>
      </sentence>
      <sentence id="d000.s1377" source="wordnet-danish">
         <instance id="d000.s1377.t000" lemma="skak" pos="NOUN">Skak</instance>
         <wf lemma="!" pos="X">!</wf>
         <wf lemma="Birkedommer" pos="X">Birkedommer</wf>
         <wf lemma="Francois" pos="X">Francois</wf>
         <wf lemma="Schwerin" pos="X">Schwerin</wf>
         <wf lemma="lænede" pos="X">lænede</wf>
         <wf lemma="sig" pos="X">sig</wf>
         <wf lemma="tilbage" pos="X">tilbage</wf>
         <wf lemma="i" pos="X">i</wf>
         <wf lemma="stolen" pos="X">stolen</wf>
         <wf lemma="og" pos="X">og</wf>
         <wf lemma="betragtede" pos="X">betragtede</wf>
         <wf lemma="sin" pos="X">sin</wf>
         <wf lemma="modspiller" pos="X">modspiller</wf>
         <wf lemma="med" pos="X">med</wf>
         <wf lemma="et" pos="X">et</wf>
         <wf lemma="drillende" pos="X">drillende</wf>
         <wf lemma="smil" pos="X">smil</wf>
         <wf lemma="." pos="X">.</wf>
      </sentence>
      <sentence id="d000.s1378" source="wordnet-danish">
         <wf lemma="Brevkasserne" pos="X">Brevkasserne</wf>
         <wf lemma="bugner" pos="X">bugner</wf>
         <wf lemma="med" pos="X">med</wf>
         <wf lemma="breve" pos="X">breve</wf>
         <wf lemma="fra" pos="X">fra</wf>
         <wf lemma="folk" pos="X">folk</wf>
         <wf lemma="," pos="X">,</wf>
         <wf lemma="der" pos="X">der</wf>
         <wf lemma="er" pos="X">er</wf>
         <instance id="d000.s1378.t000" lemma="forvirre" pos="VERB">forvirrede</instance>
         <wf lemma="og" pos="X">og</wf>
         <wf lemma="frustrerede" pos="X">frustrerede</wf>
         <wf lemma="over" pos="X">over</wf>
         <wf lemma="deres" pos="X">deres</wf>
         <wf lemma="sex-liv" pos="X">sex-liv</wf>
         <wf lemma="." pos="X">.</wf>
      </sentence>
      <sentence id="d000.s1379" source="wordnet-danish">
         <wf lemma="De" pos="X">De</wf>
         <wf lemma="50.000" pos="X">50.000</wf>
         <wf lemma="," pos="X">,</wf>
         <wf lemma="som" pos="X">som</wf>
         <wf lemma=".." pos="X">..</wf>
         <wf lemma="fylder" pos="X">fylder</wf>
         <instance id="d000.s1379.t000" lemma="stadion" pos="NOUN">stadion</instance>
         <wf lemma="når" pos="X">når</wf>
         <wf lemma="landsholdet" pos="X">landsholdet</wf>
         <wf lemma="er" pos="X">er</wf>
         <wf lemma="i" pos="X">i</wf>
         <wf lemma="kamp" pos="X">kamp</wf>
         <wf lemma="," pos="X">,</wf>
         <wf lemma="er" pos="X">er</wf>
         <wf lemma="'ganske" pos="X">'ganske</wf>
         <wf lemma="almindelige" pos="X">almindelige</wf>
         <wf lemma="mennesker'" pos="X">mennesker'</wf>
         <wf lemma="." pos="X">.</wf>
         <wf lemma="Ikke" pos="X">Ikke</wf>
         <wf lemma="fanatikere" pos="X">fanatikere</wf>
         <wf lemma="." pos="X">.</wf>
      </sentence>
      <sentence id="d000.s1380" source="wordnet-danish">
         <wf lemma="haste-løsninger" pos="X">haste-løsninger</wf>
         <wf lemma="er" pos="X">er</wf>
         <wf lemma="næsten" pos="X">næsten</wf>
         <wf lemma="altid" pos="X">altid</wf>
         <instance id="d000.s1380.t000" lemma="dårlig" pos="ADJ">dårlige</instance>
         <wf lemma="løsninger" pos="X">løsninger</wf>
         <wf lemma="." pos="X">.</wf>
      </sentence>
      <sentence id="d000.s1381" source="wordnet-danish">
         <wf lemma="En" pos="X">En</wf>
         <wf lemma="infam" pos="X">infam</wf>
         <wf lemma="forbryder" pos="X">forbryder</wf>
         <wf lemma="må" pos="X">må</wf>
         <wf lemma="og" pos="X">og</wf>
         <wf lemma="skal" pos="X">skal</wf>
         <wf lemma="uskadeliggøres" pos="X">uskadeliggøres</wf>
         <wf lemma="før" pos="X">før</wf>
         <wf lemma="en" pos="X">en</wf>
         <wf lemma="så" pos="X">så</wf>
         <instance id="d000.s1381.t000" lemma="skændig" pos="ADJ">skændig</instance>
         <wf lemma="handling" pos="X">handling</wf>
         <wf lemma="begås" pos="X">begås</wf>
         <wf lemma="på" pos="X">på</wf>
         <wf lemma="ny" pos="X">ny</wf>
         <wf lemma="." pos="X">.</wf>
      </sentence>
      <sentence id="d000.s1382" source="wordnet-danish">
         <wf lemma="Hendes" pos="X">Hendes</wf>
         <wf lemma="morfar" pos="X">morfar</wf>
         <wf lemma=".." pos="X">..</wf>
         <wf lemma="var" pos="X">var</wf>
         <instance id="d000.s1382.t000" lemma="veteran" pos="NOUN">veteran</instance>
         <wf lemma="fra" pos="X">fra</wf>
         <wf lemma="krigen" pos="X">krigen</wf>
         <wf lemma="i" pos="X">i</wf>
         <wf lemma="1864" pos="X">1864</wf>
         <wf lemma="." pos="X">.</wf>
      </sentence>
      <sentence id="d000.s1383" source="wordnet-danish">
         <wf lemma="Han" pos="X">Han</wf>
         <wf lemma="gør" pos="X">gør</wf>
         <wf lemma="sig" pos="X">sig</wf>
         <wf lemma="fri" pos="X">fri</wf>
         <wf lemma="af" pos="X">af</wf>
         <wf lemma="hende" pos="X">hende</wf>
         <wf lemma="," pos="X">,</wf>
         <wf lemma="står" pos="X">står</wf>
         <wf lemma="ud" pos="X">ud</wf>
         <wf lemma="på" pos="X">på</wf>
         <wf lemma="gulvet" pos="X">gulvet</wf>
         <wf lemma="," pos="X">,</wf>
         <wf lemma="tænder" pos="X">tænder</wf>
         <wf lemma="en" pos="X">en</wf>
         <instance id="d000.s1383.t000" lemma="cigar" pos="NOUN">cigaret</instance>
         <wf lemma="." pos="X">.</wf>
      </sentence>
      <sentence id="d000.s1384" source="wordnet-danish">
         <wf lemma="Her" pos="X">Her</wf>
         <wf lemma="gik" pos="X">gik</wf>
         <wf lemma="såvel" pos="X">såvel</wf>
         <wf lemma="høns" pos="X">høns</wf>
         <wf lemma="," pos="X">,</wf>
         <wf lemma="ænder" pos="X">ænder</wf>
         <wf lemma="og" pos="X">og</wf>
         <wf lemma="gæs" pos="X">gæs</wf>
         <wf lemma="som" pos="X">som</wf>
         <wf lemma="en" pos="X">en</wf>
         <wf lemma="enkelt" pos="X">enkelt</wf>
         <wf lemma="rødmosset" pos="X">rødmosset</wf>
         <instance id="d000.s1384.t000" lemma="kalkun" pos="NOUN">kalkun</instance>
         <wf lemma="." pos="X">.</wf>
      </sentence>
      <sentence id="d000.s1385" source="wordnet-danish">
         <instance id="d000.s1385.t000" lemma="figur" pos="NOUN">Figur</instance>
         <wf lemma="4.1." pos="X">4.1.</wf>
         <wf lemma="viser" pos="X">viser</wf>
         <wf lemma="vareeksportens" pos="X">vareeksportens</wf>
         <wf lemma="fordeling" pos="X">fordeling</wf>
         <wf lemma="." pos="X">.</wf>
      </sentence>
      <sentence id="d000.s1386" source="wordnet-danish">
         <wf lemma="Vi" pos="X">Vi</wf>
         <wf lemma="følger" pos="X">følger</wf>
         <wf lemma="nøje" pos="X">nøje</wf>
         <wf lemma="den" pos="X">den</wf>
         <wf lemma="udvikling" pos="X">udvikling</wf>
         <wf lemma="," pos="X">,</wf>
         <wf lemma="der" pos="X">der</wf>
         <instance id="d000.s1386.t000" lemma="ske" pos="VERB">sker</instance>
         <wf lemma="i" pos="X">i</wf>
         <wf lemma="det" pos="X">det</wf>
         <wf lemma="øvrige" pos="X">øvrige</wf>
         <wf lemma="Europa" pos="X">Europa</wf>
         <wf lemma="." pos="X">.</wf>
      </sentence>
      <sentence id="d000.s1387" source="wordnet-danish">
         <wf lemma="Han" pos="X">Han</wf>
         <wf lemma="lod" pos="X">lod</wf>
         <wf lemma="sit" pos="X">sit</wf>
         <wf lemma="gevær" pos="X">gevær</wf>
         <wf lemma="falde" pos="X">falde</wf>
         <wf lemma="ned" pos="X">ned</wf>
         <wf lemma="på" pos="X">på</wf>
         <wf lemma="gårdens" pos="X">gårdens</wf>
         <wf lemma="fliser" pos="X">fliser</wf>
         <wf lemma="," pos="X">,</wf>
         <wf lemma="vendte" pos="X">vendte</wf>
         <wf lemma="sig" pos="X">sig</wf>
         <wf lemma="og" pos="X">og</wf>
         <wf lemma="gik" pos="X">gik</wf>
         <wf lemma="med" pos="X">med</wf>
         <wf lemma="rolige" pos="X">rolige</wf>
         <instance id="d000.s1387.t000" lemma="skridt" pos="NOUN">skridt</instance>
         <wf lemma="hen" pos="X">hen</wf>
         <wf lemma="til" pos="X">til</wf>
         <wf lemma="muren" pos="X">muren</wf>
         <wf lemma="." pos="X">.</wf>
      </sentence>
      <sentence id="d000.s1388" source="wordnet-danish">
         <wf lemma="Man" pos="X">Man</wf>
         <wf lemma="skal" pos="X">skal</wf>
         <wf lemma="ind" pos="X">ind</wf>
         <wf lemma="gennem" pos="X">gennem</wf>
         <wf lemma="en" pos="X">en</wf>
         <wf lemma="bred" pos="X">bred</wf>
         <wf lemma="port" pos="X">port</wf>
         <wf lemma="," pos="X">,</wf>
         <wf lemma="over" pos="X">over</wf>
         <instance id="d000.s1388.t000" lemma="gård" pos="NOUN">gården</instance>
         <wf lemma="til" pos="X">til</wf>
         <wf lemma="baghuset" pos="X">baghuset</wf>
         <wf lemma="." pos="X">.</wf>
         <wf lemma="Der" pos="X">Der</wf>
         <wf lemma="er" pos="X">er</wf>
         <wf lemma="en" pos="X">en</wf>
         <wf lemma="næsten" pos="X">næsten</wf>
         <wf lemma="parisisk" pos="X">parisisk</wf>
         <wf lemma="stemning" pos="X">stemning</wf>
         <wf lemma="over" pos="X">over</wf>
         <wf lemma="denne" pos="X">denne</wf>
         <wf lemma="baggård" pos="X">baggård</wf>
         <wf lemma="." pos="X">.</wf>
      </sentence>
      <sentence id="d000.s1389" source="wordnet-danish">
         <wf lemma="turisterne" pos="X">turisterne</wf>
         <wf lemma=".." pos="X">..</wf>
         <wf lemma="forsøgte" pos="X">forsøgte</wf>
         <wf lemma="at" pos="X">at</wf>
         <wf lemma="holde" pos="X">holde</wf>
         <wf lemma="sig" pos="X">sig</wf>
         <wf lemma="fast" pos="X">fast</wf>
         <wf lemma="," pos="X">,</wf>
         <wf lemma="når" pos="X">når</wf>
         <wf lemma="de" pos="X">de</wf>
         <wf lemma="enorme" pos="X">enorme</wf>
         <instance id="d000.s1389.t000" lemma="bølge" pos="NOUN">bølger</instance>
         <wf lemma="skyllede" pos="X">skyllede</wf>
         <wf lemma="ind" pos="X">ind</wf>
         <wf lemma="over" pos="X">over</wf>
         <wf lemma="skibet" pos="X">skibet</wf>
         <wf lemma="." pos="X">.</wf>
      </sentence>
      <sentence id="d000.s1390" source="wordnet-danish">
         <instance id="d000.s1390.t000" lemma="honning" pos="NOUN">Honning</instance>
         <wf lemma="tager" pos="X">tager</wf>
         <wf lemma="farve" pos="X">farve</wf>
         <wf lemma="," pos="X">,</wf>
         <wf lemma="duft" pos="X">duft</wf>
         <wf lemma="og" pos="X">og</wf>
         <wf lemma="smag" pos="X">smag</wf>
         <wf lemma="fra" pos="X">fra</wf>
         <wf lemma="de" pos="X">de</wf>
         <wf lemma="blomster" pos="X">blomster</wf>
         <wf lemma="," pos="X">,</wf>
         <wf lemma="den" pos="X">den</wf>
         <wf lemma="kommer" pos="X">kommer</wf>
         <wf lemma="fra" pos="X">fra</wf>
         <wf lemma="." pos="X">.</wf>
      </sentence>
      <sentence id="d000.s1391" source="wordnet-danish">
         <wf lemma="hos" pos="X">hos</wf>
         <wf lemma="Proust" pos="X">Proust</wf>
         <wf lemma="selv" pos="X">selv</wf>
         <wf lemma="er" pos="X">er</wf>
         <wf lemma="det" pos="X">det</wf>
         <wf lemma="et" pos="X">et</wf>
         <wf lemma="grundlæggende" pos="X">grundlæggende</wf>
         <wf lemma="træk" pos="X">træk</wf>
         <wf lemma="ved" pos="X">ved</wf>
         <wf lemma="den" pos="X">den</wf>
         <instance id="d000.s1391.t000" lemma="menneskelig" pos="ADJ">menneskelige</instance>
         <wf lemma="natur" pos="X">natur</wf>
         <wf lemma="at" pos="X">at</wf>
         <wf lemma="begære" pos="X">begære</wf>
         <wf lemma="det" pos="X">det</wf>
         <wf lemma="," pos="X">,</wf>
         <wf lemma="man" pos="X">man</wf>
         <wf lemma="ikke" pos="X">ikke</wf>
         <wf lemma="kan" pos="X">kan</wf>
         <wf lemma="få" pos="X">få</wf>
         <wf lemma="." pos="X">.</wf>
      </sentence>
      <sentence id="d000.s1392" source="wordnet-danish">
         <wf lemma="Mange" pos="X">Mange</wf>
         <wf lemma="kan" pos="X">kan</wf>
         <wf lemma="selv" pos="X">selv</wf>
         <wf lemma="opstille" pos="X">opstille</wf>
         <wf lemma="en" pos="X">en</wf>
         <instance id="d000.s1392.t000" lemma="oversigt" pos="NOUN">oversigt</instance>
         <wf lemma="over" pos="X">over</wf>
         <wf lemma="indtægter" pos="X">indtægter</wf>
         <wf lemma="og" pos="X">og</wf>
         <wf lemma="udgifter" pos="X">udgifter</wf>
         <wf lemma="," pos="X">,</wf>
         <wf lemma="men" pos="X">men</wf>
         <wf lemma="de" pos="X">de</wf>
         <wf lemma="færreste" pos="X">færreste</wf>
         <wf lemma="kan" pos="X">kan</wf>
         <wf lemma="overskue" pos="X">overskue</wf>
         <wf lemma="virkningerne" pos="X">virkningerne</wf>
         <wf lemma="af" pos="X">af</wf>
         <wf lemma="skattefordele" pos="X">skattefordele</wf>
         <wf lemma="og" pos="X">og</wf>
         <wf lemma="renteforløb" pos="X">renteforløb</wf>
         <wf lemma="." pos="X">.</wf>
      </sentence>
      <sentence id="d000.s1393" source="wordnet-danish">
         <wf lemma="Det" pos="X">Det</wf>
         <wf lemma="er" pos="X">er</wf>
         <wf lemma="et" pos="X">et</wf>
         <instance id="d000.s1393.t000" lemma="faktum" pos="NOUN">faktum</instance>
         <wf lemma="," pos="X">,</wf>
         <wf lemma="at" pos="X">at</wf>
         <wf lemma="John" pos="X">John</wf>
         <wf lemma="Lennon" pos="X">Lennon</wf>
         <wf lemma="var" pos="X">var</wf>
         <wf lemma="den" pos="X">den</wf>
         <wf lemma="intellektuelle" pos="X">intellektuelle</wf>
         <wf lemma="drivkraft" pos="X">drivkraft</wf>
         <wf lemma="i" pos="X">i</wf>
         <wf lemma="Beatles" pos="X">Beatles</wf>
         <wf lemma="." pos="X">.</wf>
      </sentence>
      <sentence id="d000.s1394" source="wordnet-danish">
         <wf lemma="I" pos="X">I</wf>
         <wf lemma="1300-tallets" pos="X">1300-tallets</wf>
         <wf lemma="Europa" pos="X">Europa</wf>
         <wf lemma="ringede" pos="X">ringede</wf>
         <wf lemma="store" pos="X">store</wf>
         <wf lemma="klokker" pos="X">klokker</wf>
         <wf lemma="i" pos="X">i</wf>
         <wf lemma="kirkernes" pos="X">kirkernes</wf>
         <wf lemma="og" pos="X">og</wf>
         <wf lemma="rådhusenes" pos="X">rådhusenes</wf>
         <instance id="d000.s1394.t000" lemma="tårn" pos="NOUN">tårne</instance>
         <wf lemma="for" pos="X">for</wf>
         <wf lemma="hver" pos="X">hver</wf>
         <wf lemma="eneste" pos="X">eneste</wf>
         <wf lemma="time" pos="X">time</wf>
         <wf lemma="." pos="X">.</wf>
      </sentence>
      <sentence id="d000.s1395" source="wordnet-danish">
         <wf lemma="Håret" pos="X">Håret</wf>
         <wf lemma="redes" pos="X">redes</wf>
         <wf lemma="forsigtigt" pos="X">forsigtigt</wf>
         <wf lemma="med" pos="X">med</wf>
         <wf lemma="en" pos="X">en</wf>
         <wf lemma="blød" pos="X">blød</wf>
         <instance id="d000.s1395.t000" lemma="børste" pos="NOUN">børste</instance>
         <wf lemma="." pos="X">.</wf>
      </sentence>
      <sentence id="d000.s1396" source="wordnet-danish">
         <wf lemma="en" pos="X">en</wf>
         <wf lemma="mand" pos="X">mand</wf>
         <wf lemma="med" pos="X">med</wf>
         <wf lemma="irsk" pos="X">irsk</wf>
         <wf lemma="accent" pos="X">accent</wf>
         <wf lemma="indtelefonerede" pos="X">indtelefonerede</wf>
         <wf lemma="en" pos="X">en</wf>
         <instance id="d000.s1396.t000" lemma="advarsel" pos="NOUN">advarsel</instance>
         <wf lemma="ca." pos="X">ca.</wf>
         <wf lemma="40" pos="X">40</wf>
         <wf lemma="minutter" pos="X">minutter</wf>
         <wf lemma="inden" pos="X">inden</wf>
         <wf lemma="bombesprængningen" pos="X">bombesprængningen</wf>
         <wf lemma="." pos="X">.</wf>
      </sentence>
      <sentence id="d000.s1397" source="wordnet-danish">
         <wf lemma="vi" pos="X">vi</wf>
         <wf lemma="har" pos="X">har</wf>
         <wf lemma="nogle" pos="X">nogle</wf>
         <wf lemma="gode" pos="X">gode</wf>
         <instance id="d000.s1397.t000" lemma="lærer" pos="NOUN">lærere</instance>
         <wf lemma="," pos="X">,</wf>
         <wf lemma="selvom" pos="X">selvom</wf>
         <wf lemma="vi" pos="X">vi</wf>
         <wf lemma="får" pos="X">får</wf>
         <wf lemma="så" pos="X">så</wf>
         <wf lemma="mange" pos="X">mange</wf>
         <wf lemma="lektier" pos="X">lektier</wf>
         <wf lemma="for" pos="X">for</wf>
         <wf lemma="." pos="X">.</wf>
      </sentence>
      <sentence id="d000.s1398" source="wordnet-danish">
         <wf lemma="det" pos="X">det</wf>
         <wf lemma="episke" pos="X">episke</wf>
         <wf lemma="digt" pos="X">digt</wf>
         <wf lemma="Kalevala" pos="X">Kalevala</wf>
         <wf lemma=".." pos="X">..</wf>
         <wf lemma="er" pos="X">er</wf>
         <wf lemma="en" pos="X">en</wf>
         <instance id="d000.s1398.t000" lemma="opsummering" pos="NOUN">opsummering</instance>
         <wf lemma="og" pos="X">og</wf>
         <wf lemma="sammensmeltning" pos="X">sammensmeltning</wf>
         <wf lemma="af" pos="X">af</wf>
         <wf lemma="en" pos="X">en</wf>
         <wf lemma="lang" pos="X">lang</wf>
         <wf lemma="række" pos="X">række</wf>
         <wf lemma="finske" pos="X">finske</wf>
         <wf lemma="'gudesagn" pos="X">'gudesagn</wf>
         <wf lemma="på" pos="X">på</wf>
         <wf lemma="versform'." pos="X">versform'.</wf>
      </sentence>
      <sentence id="d000.s1399" source="wordnet-danish">
         <wf lemma="På" pos="X">På</wf>
         <wf lemma="et" pos="X">et</wf>
         <wf lemma="kollegium" pos="X">kollegium</wf>
         <instance id="d000.s1399.t000" lemma="flytte" pos="VERB">flytter</instance>
         <wf lemma="folk" pos="X">folk</wf>
         <wf lemma="ind" pos="X">ind</wf>
         <wf lemma="og" pos="X">og</wf>
         <wf lemma="ud" pos="X">ud</wf>
         <wf lemma="i" pos="X">i</wf>
         <wf lemma="stimer" pos="X">stimer</wf>
         <wf lemma="." pos="X">.</wf>
      </sentence>
      <sentence id="d000.s1400" source="wordnet-danish">
         <wf lemma="Nybagte" pos="X">Nybagte</wf>
         <wf lemma="forældre" pos="X">forældre</wf>
         <wf lemma="er" pos="X">er</wf>
         <wf lemma="vant" pos="X">vant</wf>
         <wf lemma="til" pos="X">til</wf>
         <wf lemma="," pos="X">,</wf>
         <wf lemma="at" pos="X">at</wf>
         <wf lemma="deres" pos="X">deres</wf>
         <wf lemma="barn" pos="X">barn</wf>
         <instance id="d000.s1400.t000" lemma="veje" pos="VERB">vejes</instance>
         <wf lemma="og" pos="X">og</wf>
         <wf lemma="måles" pos="X">måles</wf>
         <wf lemma="hyppigt" pos="X">hyppigt</wf>
         <wf lemma="de" pos="X">de</wf>
         <wf lemma="første" pos="X">første</wf>
         <wf lemma="år" pos="X">år</wf>
         <wf lemma="." pos="X">.</wf>
      </sentence>
      <sentence id="d000.s1401" source="wordnet-danish">
         <wf lemma="I" pos="X">I</wf>
         <wf lemma="middelalderen" pos="X">middelalderen</wf>
         <wf lemma="lå" pos="X">lå</wf>
         <wf lemma="alle" pos="X">alle</wf>
         <wf lemma="gader" pos="X">gader</wf>
         <wf lemma="hen" pos="X">hen</wf>
         <wf lemma="i" pos="X">i</wf>
         <instance id="d000.s1401.t000" lemma="mørke" pos="NOUN">mørke</instance>
         <wf lemma="." pos="X">.</wf>
      </sentence>
      <sentence id="d000.s1402" source="wordnet-danish">
         <wf lemma="Hvad" pos="X">Hvad</wf>
         <wf lemma="skal" pos="X">skal</wf>
         <wf lemma="jeg" pos="X">jeg</wf>
         <wf lemma="gøre" pos="X">gøre</wf>
         <wf lemma="?" pos="X">?</wf>
         <wf lemma="Jeg" pos="X">Jeg</wf>
         <wf lemma="tror" pos="X">tror</wf>
         <wf lemma="," pos="X">,</wf>
         <wf lemma="at" pos="X">at</wf>
         <wf lemma="Peter" pos="X">Peter</wf>
         <wf lemma="har" pos="X">har</wf>
         <wf lemma="en" pos="X">en</wf>
         <instance id="d000.s1402.t000" lemma="affære" pos="NOUN">affære</instance>
         <wf lemma="med" pos="X">med</wf>
         <wf lemma="en" pos="X">en</wf>
         <wf lemma="af" pos="X">af</wf>
         <wf lemma="pigerne" pos="X">pigerne</wf>
         <wf lemma="på" pos="X">på</wf>
         <wf lemma="kontoret" pos="X">kontoret</wf>
         <wf lemma="." pos="X">.</wf>
      </sentence>
      <sentence id="d000.s1403" source="wordnet-danish">
         <wf lemma="Bilen" pos="X">Bilen</wf>
         <wf lemma="blev" pos="X">blev</wf>
         <wf lemma="vurderet" pos="X">vurderet</wf>
         <wf lemma="til" pos="X">til</wf>
         <wf lemma="en" pos="X">en</wf>
         <instance id="d000.s1403.t000" lemma="værdi" pos="NOUN">værdi</instance>
         <wf lemma="af" pos="X">af</wf>
         <wf lemma="48.000" pos="X">48.000</wf>
         <wf lemma="kroner" pos="X">kroner</wf>
         <wf lemma="." pos="X">.</wf>
      </sentence>
      <sentence id="d000.s1404" source="wordnet-danish">
         <wf lemma="I" pos="X">I</wf>
         <wf lemma="de" pos="X">de</wf>
         <wf lemma="sidste" pos="X">sidste</wf>
         <wf lemma="to" pos="X">to</wf>
         <wf lemma="år" pos="X">år</wf>
         <wf lemma="af" pos="X">af</wf>
         <wf lemma="sit" pos="X">sit</wf>
         <wf lemma="liv" pos="X">liv</wf>
         <wf lemma="lå" pos="X">lå</wf>
         <wf lemma="han" pos="X">han</wf>
         <instance id="d000.s1404.t000" lemma="hjælpeløs" pos="ADJ">hjælpeløs</instance>
         <wf lemma="i" pos="X">i</wf>
         <wf lemma="sin" pos="X">sin</wf>
         <wf lemma="seng" pos="X">seng</wf>
         <wf lemma="," pos="X">,</wf>
         <wf lemma="og" pos="X">og</wf>
         <wf lemma="jeg" pos="X">jeg</wf>
         <wf lemma="måtte" pos="X">måtte</wf>
         <wf lemma="pleje" pos="X">pleje</wf>
         <wf lemma="ham" pos="X">ham</wf>
         <wf lemma="," pos="X">,</wf>
         <wf lemma="som" pos="X">som</wf>
         <wf lemma="var" pos="X">var</wf>
         <wf lemma="han" pos="X">han</wf>
         <wf lemma="et" pos="X">et</wf>
         <wf lemma="lille" pos="X">lille</wf>
         <wf lemma="barn" pos="X">barn</wf>
         <wf lemma="." pos="X">.</wf>
      </sentence>
      <sentence id="d000.s1405" source="wordnet-danish">
         <wf lemma="i" pos="X">i</wf>
         <wf lemma="går" pos="X">går</wf>
         <wf lemma="døde" pos="X">døde</wf>
         <wf lemma="moderen" pos="X">moderen</wf>
         <wf lemma="af" pos="X">af</wf>
         <wf lemma="sine" pos="X">sine</wf>
         <instance id="d000.s1405.t000" lemma="brandsår" pos="NOUN">brandsår</instance>
         <wf lemma="på" pos="X">på</wf>
         <wf lemma="Odense" pos="X">Odense</wf>
         <wf lemma="Sygehus" pos="X">Sygehus</wf>
         <wf lemma="." pos="X">.</wf>
      </sentence>
      <sentence id="d000.s1406" source="wordnet-danish">
         <wf lemma="Hvis" pos="X">Hvis</wf>
         <wf lemma="man" pos="X">man</wf>
         <wf lemma="bare" pos="X">bare</wf>
         <wf lemma="er" pos="X">er</wf>
         <instance id="d000.s1406.t000" lemma="stædig" pos="ADJ">stædig</instance>
         <wf lemma="," pos="X">,</wf>
         <wf lemma="plejer" pos="X">plejer</wf>
         <wf lemma="tingene" pos="X">tingene</wf>
         <wf lemma="trods" pos="X">trods</wf>
         <wf lemma="alt" pos="X">alt</wf>
         <wf lemma="at" pos="X">at</wf>
         <wf lemma="lykkes" pos="X">lykkes</wf>
         <wf lemma="til" pos="X">til</wf>
         <wf lemma="sidst" pos="X">sidst</wf>
         <wf lemma="." pos="X">.</wf>
      </sentence>
      <sentence id="d000.s1407" source="wordnet-danish">
         <wf lemma="Knud" pos="X">Knud</wf>
         <wf lemma="står" pos="X">står</wf>
         <wf lemma="så" pos="X">så</wf>
         <wf lemma="stiv" pos="X">stiv</wf>
         <wf lemma="og" pos="X">og</wf>
         <instance id="d000.s1407.t000" lemma="stille" pos="ADJ">stille</instance>
         <wf lemma="som" pos="X">som</wf>
         <wf lemma="en" pos="X">en</wf>
         <wf lemma="sten" pos="X">sten</wf>
         <wf lemma="." pos="X">.</wf>
      </sentence>
      <sentence id="d000.s1408" source="wordnet-danish">
         <wf lemma="Musen" pos="X">Musen</wf>
         <wf lemma="nåede" pos="X">nåede</wf>
         <wf lemma="ikke" pos="X">ikke</wf>
         <wf lemma="at" pos="X">at</wf>
         <instance id="d000.s1408.t000" lemma="opfatte" pos="VERB">opfatte</instance>
         <wf lemma="noget" pos="X">noget</wf>
         <wf lemma="," pos="X">,</wf>
         <wf lemma="før" pos="X">før</wf>
         <wf lemma="det" pos="X">det</wf>
         <wf lemma="var" pos="X">var</wf>
         <wf lemma="for" pos="X">for</wf>
         <wf lemma="sent" pos="X">sent</wf>
         <wf lemma="," pos="X">,</wf>
         <wf lemma="og" pos="X">og</wf>
         <wf lemma="den" pos="X">den</wf>
         <wf lemma="lå" pos="X">lå</wf>
         <wf lemma="fanget" pos="X">fanget</wf>
         <wf lemma="i" pos="X">i</wf>
         <wf lemma="slangens" pos="X">slangens</wf>
         <wf lemma="greb" pos="X">greb</wf>
         <wf lemma="." pos="X">.</wf>
      </sentence>
      <sentence id="d000.s1409" source="wordnet-danish">
         <wf lemma="I" pos="X">I</wf>
         <wf lemma="midten" pos="X">midten</wf>
         <wf lemma="af" pos="X">af</wf>
         <wf lemma="70'erne" pos="X">70'erne</wf>
         <wf lemma="tvang" pos="X">tvang</wf>
         <wf lemma="den" pos="X">den</wf>
         <wf lemma="vestlige" pos="X">vestlige</wf>
         <instance id="d000.s1409.t000" lemma="opinion" pos="NOUN">opinion</instance>
         <wf lemma="USA" pos="X">USA</wf>
         <wf lemma="til" pos="X">til</wf>
         <wf lemma="at" pos="X">at</wf>
         <wf lemma="trække" pos="X">trække</wf>
         <wf lemma="sig" pos="X">sig</wf>
         <wf lemma="ud" pos="X">ud</wf>
         <wf lemma="af" pos="X">af</wf>
         <wf lemma="Vietnam" pos="X">Vietnam</wf>
         <wf lemma="." pos="X">.</wf>
      </sentence>
      <sentence id="d000.s1410" source="wordnet-danish">
         <wf lemma="Vær" pos="X">Vær</wf>
         <wf lemma="opmærksom" pos="X">opmærksom</wf>
         <wf lemma="på" pos="X">på</wf>
         <wf lemma="," pos="X">,</wf>
         <wf lemma="om" pos="X">om</wf>
         <wf lemma="legepladsens" pos="X">legepladsens</wf>
         <wf lemma="redskaber" pos="X">redskaber</wf>
         <wf lemma="er" pos="X">er</wf>
         <instance id="d000.s1410.t000" lemma="sikker" pos="ADJ">sikre</instance>
         <wf lemma="." pos="X">.</wf>
      </sentence>
      <sentence id="d000.s1411" source="wordnet-danish">
         <wf lemma="Skisport" pos="X">Skisport</wf>
         <wf lemma="har" pos="X">har</wf>
         <wf lemma="for" pos="X">for</wf>
         <wf lemma="danskerne" pos="X">danskerne</wf>
         <wf lemma="efterhånden" pos="X">efterhånden</wf>
         <instance id="d000.s1411.t000" lemma="udvikle" pos="VERB">udviklet</instance>
         <wf lemma="sig" pos="X">sig</wf>
         <wf lemma="til" pos="X">til</wf>
         <wf lemma="at" pos="X">at</wf>
         <wf lemma="blive" pos="X">blive</wf>
         <wf lemma="en" pos="X">en</wf>
         <wf lemma="næsten" pos="X">næsten</wf>
         <wf lemma="lige" pos="X">lige</wf>
         <wf lemma="så" pos="X">så</wf>
         <wf lemma="yndet" pos="X">yndet</wf>
         <wf lemma="hobby" pos="X">hobby</wf>
         <wf lemma="som" pos="X">som</wf>
         <wf lemma=".." pos="X">..</wf>
         <wf lemma="fodbold" pos="X">fodbold</wf>
         <wf lemma="." pos="X">.</wf>
      </sentence>
      <sentence id="d000.s1412" source="wordnet-danish">
         <wf lemma="jeg" pos="X">jeg</wf>
         <wf lemma="startede" pos="X">startede</wf>
         <wf lemma="med" pos="X">med</wf>
         <wf lemma="at" pos="X">at</wf>
         <wf lemma="læse" pos="X">læse</wf>
         <instance id="d000.s1412.t000" lemma="historie" pos="NOUN">historie</instance>
         <wf lemma="," pos="X">,</wf>
         <wf lemma="jeg" pos="X">jeg</wf>
         <wf lemma="kom" pos="X">kom</wf>
         <wf lemma="da" pos="X">da</wf>
         <wf lemma="igennem" pos="X">igennem</wf>
         <wf lemma="historie" pos="X">historie</wf>
         <wf lemma="." pos="X">.</wf>
      </sentence>
      <sentence id="d000.s1413" source="wordnet-danish">
         <wf lemma="I" pos="X">I</wf>
         <wf lemma="alt" pos="X">alt</wf>
         <wf lemma="blev" pos="X">blev</wf>
         <wf lemma="31" pos="X">31</wf>
         <wf lemma="tugthusfanger" pos="X">tugthusfanger</wf>
         <instance id="d000.s1413.t000" lemma="halshugge" pos="VERB">halshugget</instance>
         <wf lemma="mellem" pos="X">mellem</wf>
         <wf lemma="1800" pos="X">1800</wf>
         <wf lemma="og" pos="X">og</wf>
         <wf lemma="1860" pos="X">1860</wf>
         <wf lemma="." pos="X">.</wf>
      </sentence>
      <sentence id="d000.s1414" source="wordnet-danish">
         <wf lemma="Vi" pos="X">Vi</wf>
         <wf lemma="har" pos="X">har</wf>
         <wf lemma="ikke" pos="X">ikke</wf>
         <wf lemma="andet" pos="X">andet</wf>
         <wf lemma="end" pos="X">end</wf>
         <wf lemma="vores" pos="X">vores</wf>
         <instance id="d000.s1414.t000" lemma="sansning" pos="NOUN">sansning</instance>
         <wf lemma="at" pos="X">at</wf>
         <wf lemma="gå" pos="X">gå</wf>
         <wf lemma="ud" pos="X">ud</wf>
         <wf lemma="fra" pos="X">fra</wf>
         <wf lemma="," pos="X">,</wf>
         <wf lemma="og" pos="X">og</wf>
         <wf lemma="fysikken" pos="X">fysikken</wf>
         <wf lemma="må" pos="X">må</wf>
         <wf lemma="derfor" pos="X">derfor</wf>
         <wf lemma="tage" pos="X">tage</wf>
         <wf lemma="udgangspunkt" pos="X">udgangspunkt</wf>
         <wf lemma="i" pos="X">i</wf>
         <wf lemma="sansefornemmelser" pos="X">sansefornemmelser</wf>
         <wf lemma="." pos="X">.</wf>
      </sentence>
      <sentence id="d000.s1415" source="wordnet-danish">
         <wf lemma="Efter" pos="X">Efter</wf>
         <wf lemma="et" pos="X">et</wf>
         <wf lemma="stykke" pos="X">stykke</wf>
         <wf lemma="tid" pos="X">tid</wf>
         <wf lemma="kunne" pos="X">kunne</wf>
         <wf lemma="han" pos="X">han</wf>
         <wf lemma="se" pos="X">se</wf>
         <wf lemma="et" pos="X">et</wf>
         <wf lemma="vist" pos="X">vist</wf>
         <instance id="d000.s1415.t000" lemma="system" pos="NOUN">system</instance>
         <wf lemma="i" pos="X">i</wf>
         <wf lemma="mønstrene" pos="X">mønstrene</wf>
         <wf lemma="." pos="X">.</wf>
      </sentence>
      <sentence id="d000.s1416" source="wordnet-danish">
         <wf lemma="han" pos="X">han</wf>
         <wf lemma="ville" pos="X">ville</wf>
         <wf lemma="bruge" pos="X">bruge</wf>
         <wf lemma="den" pos="X">den</wf>
         <wf lemma="sidste" pos="X">sidste</wf>
         <wf lemma="tid" pos="X">tid</wf>
         <wf lemma="til" pos="X">til</wf>
         <wf lemma="at" pos="X">at</wf>
         <wf lemma="få" pos="X">få</wf>
         <wf lemma="skrevet" pos="X">skrevet</wf>
         <wf lemma="et" pos="X">et</wf>
         <instance id="d000.s1416.t000" lemma="testamente" pos="NOUN">testamente</instance>
         <wf lemma="." pos="X">.</wf>
         <wf lemma="Det" pos="X">Det</wf>
         <wf lemma="var" pos="X">var</wf>
         <wf lemma="vigtigt" pos="X">vigtigt</wf>
         <wf lemma="for" pos="X">for</wf>
         <wf lemma="ham" pos="X">ham</wf>
         <wf lemma="," pos="X">,</wf>
         <wf lemma="at" pos="X">at</wf>
         <wf lemma="hans" pos="X">hans</wf>
         <wf lemma="ting" pos="X">ting</wf>
         <wf lemma="havnede" pos="X">havnede</wf>
         <wf lemma="i" pos="X">i</wf>
         <wf lemma="de" pos="X">de</wf>
         <wf lemma="rigtige" pos="X">rigtige</wf>
         <wf lemma="hænder" pos="X">hænder</wf>
         <wf lemma="." pos="X">.</wf>
      </sentence>
      <sentence id="d000.s1417" source="wordnet-danish">
         <wf lemma="For" pos="X">For</wf>
         <wf lemma="at" pos="X">at</wf>
         <wf lemma="få" pos="X">få</wf>
         <wf lemma="deres" pos="X">deres</wf>
         <wf lemma="krav" pos="X">krav</wf>
         <wf lemma="igennem" pos="X">igennem</wf>
         <wf lemma="mødte" pos="X">mødte</wf>
         <wf lemma="de" pos="X">de</wf>
         <instance id="d000.s1417.t000" lemma="studere" pos="NOUN">studerende</instance>
         <wf lemma="talstærkt" pos="X">talstærkt</wf>
         <wf lemma="op" pos="X">op</wf>
         <wf lemma="til" pos="X">til</wf>
         <wf lemma="demonstration" pos="X">demonstration</wf>
         <wf lemma="på" pos="X">på</wf>
         <wf lemma="Frue" pos="X">Frue</wf>
         <wf lemma="Plads" pos="X">Plads</wf>
         <wf lemma="." pos="X">.</wf>
      </sentence>
      <sentence id="d000.s1418" source="wordnet-danish">
         <wf lemma="Med" pos="X">Med</wf>
         <wf lemma="andre" pos="X">andre</wf>
         <wf lemma="ord" pos="X">ord</wf>
         <wf lemma="synes" pos="X">synes</wf>
         <wf lemma="jeg" pos="X">jeg</wf>
         <wf lemma="ikke" pos="X">ikke</wf>
         <wf lemma="han" pos="X">han</wf>
         <wf lemma="er" pos="X">er</wf>
         <wf lemma="værd" pos="X">værd</wf>
         <wf lemma="at" pos="X">at</wf>
         <wf lemma="holde" pos="X">holde</wf>
         <wf lemma="på" pos="X">på</wf>
         <wf lemma="--" pos="X">--</wf>
         <wf lemma="så" pos="X">så</wf>
         <instance id="d000.s1418.t000" lemma="droppe" pos="VERB">drop</instance>
         <wf lemma="ham" pos="X">ham</wf>
         <wf lemma="." pos="X">.</wf>
      </sentence>
      <sentence id="d000.s1419" source="wordnet-danish">
         <wf lemma="Efterhånden" pos="X">Efterhånden</wf>
         <wf lemma="som" pos="X">som</wf>
         <wf lemma="der" pos="X">der</wf>
         <wf lemma="kom" pos="X">kom</wf>
         <wf lemma="flere" pos="X">flere</wf>
         <wf lemma="og" pos="X">og</wf>
         <wf lemma="flere" pos="X">flere</wf>
         <wf lemma="kvinder" pos="X">kvinder</wf>
         <wf lemma="ud" pos="X">ud</wf>
         <wf lemma="på" pos="X">på</wf>
         <wf lemma="arbejdsmarkedet" pos="X">arbejdsmarkedet</wf>
         <wf lemma="," pos="X">,</wf>
         <wf lemma="oplevede" pos="X">oplevede</wf>
         <wf lemma="manden" pos="X">manden</wf>
         <wf lemma="sig" pos="X">sig</wf>
         <wf lemma="selv" pos="X">selv</wf>
         <wf lemma="i" pos="X">i</wf>
         <wf lemma="en" pos="X">en</wf>
         <wf lemma="ny" pos="X">ny</wf>
         <instance id="d000.s1419.t000" lemma="rolle" pos="NOUN">rolle</instance>
         <wf lemma="." pos="X">.</wf>
      </sentence>
      <sentence id="d000.s1420" source="wordnet-danish">
         <wf lemma="Hun" pos="X">Hun</wf>
         <instance id="d000.s1420.t000" lemma="trække" pos="VERB">trak</instance>
         <wf lemma="brevet" pos="X">brevet</wf>
         <wf lemma="op" pos="X">op</wf>
         <wf lemma="af" pos="X">af</wf>
         <wf lemma="frakkelommen" pos="X">frakkelommen</wf>
         <wf lemma="." pos="X">.</wf>
      </sentence>
      <sentence id="d000.s1421" source="wordnet-danish">
         <wf lemma="rigtige" pos="X">rigtige</wf>
         <wf lemma="læger" pos="X">læger</wf>
         <instance id="d000.s1421.t000" lemma="finde" pos="VERB">fandt</instance>
         <wf lemma="det" pos="X">det</wf>
         <wf lemma="under" pos="X">under</wf>
         <wf lemma="deres" pos="X">deres</wf>
         <wf lemma="stand" pos="X">stand</wf>
         <wf lemma="at" pos="X">at</wf>
         <wf lemma="drikke" pos="X">drikke</wf>
         <wf lemma="øl." pos="X">øl.</wf>
      </sentence>
      <sentence id="d000.s1422" source="wordnet-danish">
         <wf lemma="Krydderurter" pos="X">Krydderurter</wf>
         <wf lemma="og" pos="X">og</wf>
         <wf lemma="grøntsager" pos="X">grøntsager</wf>
         <wf lemma="supplerer" pos="X">supplerer</wf>
         <wf lemma="hinanden" pos="X">hinanden</wf>
         <wf lemma="i" pos="X">i</wf>
         <wf lemma="udsøgte" pos="X">udsøgte</wf>
         <instance id="d000.s1422.t000" lemma="sammensætning" pos="NOUN">sammensætninger</instance>
         <wf lemma="," pos="X">,</wf>
         <wf lemma="så" pos="X">så</wf>
         <wf lemma="man" pos="X">man</wf>
         <wf lemma="pludselig" pos="X">pludselig</wf>
         <wf lemma="fornemmer" pos="X">fornemmer</wf>
         <wf lemma="skønheden" pos="X">skønheden</wf>
         <wf lemma="i" pos="X">i</wf>
         <wf lemma="et" pos="X">et</wf>
         <wf lemma="rødkålshoved" pos="X">rødkålshoved</wf>
         <wf lemma="." pos="X">.</wf>
      </sentence>
      <sentence id="d000.s1423" source="wordnet-danish">
         <wf lemma="om" pos="X">om</wf>
         <wf lemma="der" pos="X">der</wf>
         <wf lemma="skal" pos="X">skal</wf>
         <wf lemma="være" pos="X">være</wf>
         <wf lemma="omvalg" pos="X">omvalg</wf>
         <wf lemma="," pos="X">,</wf>
         <wf lemma="er" pos="X">er</wf>
         <wf lemma="op" pos="X">op</wf>
         <wf lemma="til" pos="X">til</wf>
         <wf lemma="Folketingets" pos="X">Folketingets</wf>
         <wf lemma="særlige" pos="X">særlige</wf>
         <wf lemma="udvalg" pos="X">udvalg</wf>
         <wf lemma="til" pos="X">til</wf>
         <wf lemma="valgs" pos="X">valgs</wf>
         <instance id="d000.s1423.t000" lemma="prøvelse" pos="NOUN">prøvelse</instance>
         <wf lemma="." pos="X">.</wf>
      </sentence>
      <sentence id="d000.s1424" source="wordnet-danish">
         <wf lemma="'" pos="X">'</wf>
         <wf lemma="Hvordan" pos="X">Hvordan</wf>
         <wf lemma="er" pos="X">er</wf>
         <wf lemma="det" pos="X">det</wf>
         <wf lemma="gået" pos="X">gået</wf>
         <wf lemma="i" pos="X">i</wf>
         <wf lemma="skolen" pos="X">skolen</wf>
         <wf lemma="i" pos="X">i</wf>
         <wf lemma="dag" pos="X">dag</wf>
         <wf lemma="?" pos="X">?</wf>
         <wf lemma="'" pos="X">'</wf>
         <wf lemma="'" pos="X">'</wf>
         <wf lemma="Godt'" pos="X">Godt'</wf>
         <wf lemma="." pos="X">.</wf>
         <wf lemma="'" pos="X">'</wf>
         <wf lemma="Hvad" pos="X">Hvad</wf>
         <wf lemma="sagde" pos="X">sagde</wf>
         <wf lemma="læreren" pos="X">læreren</wf>
         <wf lemma="?" pos="X">?</wf>
         <wf lemma="'" pos="X">'</wf>
         <wf lemma="'" pos="X">'</wf>
         <wf lemma="Ingenting'" pos="X">Ingenting'</wf>
         <wf lemma="." pos="X">.</wf>
         <instance id="d000.s1424.t000" lemma="dialog" pos="NOUN">Dialogen</instance>
         <wf lemma="kender" pos="X">kender</wf>
         <wf lemma="de" pos="X">de</wf>
         <wf lemma="fleste" pos="X">fleste</wf>
         <wf lemma="." pos="X">.</wf>
         <wf lemma="Børn" pos="X">Børn</wf>
         <wf lemma="er" pos="X">er</wf>
         <wf lemma="sjældent" pos="X">sjældent</wf>
         <wf lemma="meddelsomme" pos="X">meddelsomme</wf>
         <wf lemma="på" pos="X">på</wf>
         <wf lemma="kommando" pos="X">kommando</wf>
         <wf lemma="." pos="X">.</wf>
      </sentence>
      <sentence id="d000.s1425" source="wordnet-danish">
         <wf lemma="Udbygningen" pos="X">Udbygningen</wf>
         <wf lemma="af" pos="X">af</wf>
         <wf lemma="atomkraft" pos="X">atomkraft</wf>
         <wf lemma="blev" pos="X">blev</wf>
         <wf lemma="ved" pos="X">ved</wf>
         <wf lemma="en" pos="X">en</wf>
         <wf lemma="folkeafstemning" pos="X">folkeafstemning</wf>
         <wf lemma="1980" pos="X">1980</wf>
         <instance id="d000.s1425.t000" lemma="begrænse" pos="VERB">begrænset</instance>
         <wf lemma="til" pos="X">til</wf>
         <wf lemma="12" pos="X">12</wf>
         <wf lemma="reaktorer" pos="X">reaktorer</wf>
         <wf lemma="de" pos="X">de</wf>
         <wf lemma="næste" pos="X">næste</wf>
         <wf lemma="25" pos="X">25</wf>
         <wf lemma="år" pos="X">år</wf>
         <wf lemma="." pos="X">.</wf>
      </sentence>
      <sentence id="d000.s1426" source="wordnet-danish">
         <wf lemma="Inden" pos="X">Inden</wf>
         <wf lemma="for" pos="X">for</wf>
         <wf lemma="det" pos="X">det</wf>
         <wf lemma="sidste" pos="X">sidste</wf>
         <wf lemma="kvarte" pos="X">kvarte</wf>
         <wf lemma="århundrede" pos="X">århundrede</wf>
         <wf lemma="har" pos="X">har</wf>
         <wf lemma="en" pos="X">en</wf>
         <wf lemma="betydelig" pos="X">betydelig</wf>
         <instance id="d000.s1426.t000" lemma="indvandring" pos="NOUN">indvandring</instance>
         <wf lemma="af" pos="X">af</wf>
         <wf lemma="fremmede" pos="X">fremmede</wf>
         <wf lemma="fundet" pos="X">fundet</wf>
         <wf lemma="sted" pos="X">sted</wf>
         <wf lemma="." pos="X">.</wf>
      </sentence>
      <sentence id="d000.s1427" source="wordnet-danish">
         <wf lemma="Sidste" pos="X">Sidste</wf>
         <wf lemma="år" pos="X">år</wf>
         <wf lemma="gik" pos="X">gik</wf>
         <wf lemma="her" pos="X">her</wf>
         <wf lemma="gæs" pos="X">gæs</wf>
         <wf lemma="," pos="X">,</wf>
         <wf lemma="men" pos="X">men</wf>
         <wf lemma="da" pos="X">da</wf>
         <instance id="d000.s1427.t000" lemma="ræv" pos="NOUN">ræven</instance>
         <wf lemma="tog" pos="X">tog</wf>
         <wf lemma="de" pos="X">de</wf>
         <wf lemma="fleste" pos="X">fleste</wf>
         <wf lemma="," pos="X">,</wf>
         <wf lemma="opgav" pos="X">opgav</wf>
         <wf lemma="Søren" pos="X">Søren</wf>
         <wf lemma="i" pos="X">i</wf>
         <wf lemma="år" pos="X">år</wf>
         <wf lemma="at" pos="X">at</wf>
         <wf lemma="have" pos="X">have</wf>
         <wf lemma="gæs" pos="X">gæs</wf>
         <wf lemma="." pos="X">.</wf>
      </sentence>
      <sentence id="d000.s1428" source="wordnet-danish">
         <wf lemma="Han" pos="X">Han</wf>
         <wf lemma="har" pos="X">har</wf>
         <instance id="d000.s1428.t000" lemma="formgive" pos="VERB">formgivet</instance>
         <wf lemma="lamper" pos="X">lamper</wf>
         <wf lemma="," pos="X">,</wf>
         <wf lemma="stole" pos="X">stole</wf>
         <wf lemma="og" pos="X">og</wf>
         <wf lemma="smykker" pos="X">smykker</wf>
         <wf lemma="og" pos="X">og</wf>
         <wf lemma="har" pos="X">har</wf>
         <wf lemma="også" pos="X">også</wf>
         <wf lemma="stået" pos="X">stået</wf>
         <wf lemma="for" pos="X">for</wf>
         <wf lemma="grafisk" pos="X">grafisk</wf>
         <wf lemma="udformning" pos="X">udformning</wf>
         <wf lemma="af" pos="X">af</wf>
         <wf lemma="publikationer" pos="X">publikationer</wf>
         <wf lemma="." pos="X">.</wf>
      </sentence>
      <sentence id="d000.s1429" source="wordnet-danish">
         <wf lemma="Ved" pos="X">Ved</wf>
         <instance id="d000.s1429.t000" lemma="selskabelig" pos="ADJ">selskabelige</instance>
         <wf lemma="lejligheder" pos="X">lejligheder</wf>
         <wf lemma="er" pos="X">er</wf>
         <wf lemma="amerikanere" pos="X">amerikanere</wf>
         <wf lemma="generelt" pos="X">generelt</wf>
         <wf lemma="meget" pos="X">meget</wf>
         <wf lemma="høflige" pos="X">høflige</wf>
         <wf lemma="og" pos="X">og</wf>
         <wf lemma="hensynsfulde" pos="X">hensynsfulde</wf>
         <wf lemma="." pos="X">.</wf>
      </sentence>
      <sentence id="d000.s1430" source="wordnet-danish">
         <wf lemma="Hun" pos="X">Hun</wf>
         <wf lemma="tændte" pos="X">tændte</wf>
         <wf lemma="for" pos="X">for</wf>
         <wf lemma="radioen" pos="X">radioen</wf>
         <wf lemma="og" pos="X">og</wf>
         <wf lemma="gik" pos="X">gik</wf>
         <wf lemma="i" pos="X">i</wf>
         <instance id="d000.s1430.t000" lemma="gang" pos="NOUN">gang</instance>
         <wf lemma="med" pos="X">med</wf>
         <wf lemma="arbejdet" pos="X">arbejdet</wf>
         <wf lemma="." pos="X">.</wf>
      </sentence>
      <sentence id="d000.s1431" source="wordnet-danish">
         <wf lemma="han" pos="X">han</wf>
         <wf lemma="lover" pos="X">lover</wf>
         <wf lemma="dem" pos="X">dem</wf>
         <wf lemma="," pos="X">,</wf>
         <wf lemma="at" pos="X">at</wf>
         <wf lemma="de" pos="X">de</wf>
         <wf lemma="skal" pos="X">skal</wf>
         <wf lemma="få" pos="X">få</wf>
         <wf lemma="rifler" pos="X">rifler</wf>
         <wf lemma="," pos="X">,</wf>
         <wf lemma="knive" pos="X">knive</wf>
         <wf lemma="og" pos="X">og</wf>
         <wf lemma="andre" pos="X">andre</wf>
         <instance id="d000.s1431.t000" lemma="redskab" pos="NOUN">redskaber</instance>
         <wf lemma="," pos="X">,</wf>
         <wf lemma="hvis" pos="X">hvis</wf>
         <wf lemma="de" pos="X">de</wf>
         <wf lemma="tager" pos="X">tager</wf>
         <wf lemma="med" pos="X">med</wf>
         <wf lemma="." pos="X">.</wf>
      </sentence>
      <sentence id="d000.s1432" source="wordnet-danish">
         <wf lemma="Komiteen" pos="X">Komiteen</wf>
         <wf lemma="oplyser" pos="X">oplyser</wf>
         <wf lemma="," pos="X">,</wf>
         <wf lemma="at" pos="X">at</wf>
         <wf lemma="der" pos="X">der</wf>
         <wf lemma="i" pos="X">i</wf>
         <wf lemma="dag" pos="X">dag</wf>
         <wf lemma="i" pos="X">i</wf>
         <wf lemma="Ukraine" pos="X">Ukraine</wf>
         <wf lemma="er" pos="X">er</wf>
         <wf lemma="2.800" pos="X">2.800</wf>
         <wf lemma="mennesker" pos="X">mennesker</wf>
         <wf lemma="med" pos="X">med</wf>
         <wf lemma="kronisk" pos="X">kronisk</wf>
         <instance id="d000.s1432.t000" lemma="strålesyge" pos="NOUN">strålesyge</instance>
         <wf lemma="forårsaget" pos="X">forårsaget</wf>
         <wf lemma="af" pos="X">af</wf>
         <wf lemma="Tjernobyl" pos="X">Tjernobyl</wf>
         <wf lemma="." pos="X">.</wf>
      </sentence>
      <sentence id="d000.s1433" source="wordnet-danish">
         <wf lemma="Ingen" pos="X">Ingen</wf>
         <wf lemma="sne" pos="X">sne</wf>
         <wf lemma="på" pos="X">på</wf>
         <wf lemma="vejene" pos="X">vejene</wf>
         <wf lemma="," pos="X">,</wf>
         <wf lemma="ingen" pos="X">ingen</wf>
         <wf lemma="is" pos="X">is</wf>
         <wf lemma="på" pos="X">på</wf>
         <wf lemma="søerne" pos="X">søerne</wf>
         <wf lemma="" pos="X"></wf>
         <instance id="d000.s1433.t000" lemma="vinter" pos="NOUN">vinteren</instance>
         <wf lemma="har" pos="X">har</wf>
         <wf lemma="foreløbig" pos="X">foreløbig</wf>
         <wf lemma="artet" pos="X">artet</wf>
         <wf lemma="sig" pos="X">sig</wf>
         <wf lemma="meget" pos="X">meget</wf>
         <wf lemma="mildt" pos="X">mildt</wf>
         <wf lemma="." pos="X">.</wf>
      </sentence>
      <sentence id="d000.s1434" source="wordnet-danish">
         <wf lemma="kejser" pos="X">kejser</wf>
         <wf lemma="Nero" pos="X">Nero</wf>
         <wf lemma="hentede" pos="X">hentede</wf>
         <wf lemma="500" pos="X">500</wf>
         <instance id="d000.s1434.t000" lemma="bronze" pos="NOUN">bronzer</instance>
         <wf lemma="til" pos="X">til</wf>
         <wf lemma="Rom" pos="X">Rom</wf>
         <wf lemma="." pos="X">.</wf>
         <wf lemma="Vognstyreren" pos="X">Vognstyreren</wf>
         <wf lemma="er" pos="X">er</wf>
         <wf lemma="den" pos="X">den</wf>
         <wf lemma="eneste" pos="X">eneste</wf>
         <wf lemma="bronzestatue" pos="X">bronzestatue</wf>
         <wf lemma="," pos="X">,</wf>
         <wf lemma="som" pos="X">som</wf>
         <wf lemma="blev" pos="X">blev</wf>
         <wf lemma="i" pos="X">i</wf>
         <wf lemma="Delfi." pos="X">Delfi.</wf>
      </sentence>
      <sentence id="d000.s1435" source="wordnet-danish">
         <wf lemma="Vi" pos="X">Vi</wf>
         <wf lemma="kan" pos="X">kan</wf>
         <wf lemma="kende" pos="X">kende</wf>
         <instance id="d000.s1435.t000" lemma="navneord" pos="NOUN">navneordene</instance>
         <wf lemma="på" pos="X">på</wf>
         <wf lemma="," pos="X">,</wf>
         <wf lemma="at" pos="X">at</wf>
         <wf lemma="vi" pos="X">vi</wf>
         <wf lemma="kan" pos="X">kan</wf>
         <wf lemma="sætte" pos="X">sætte</wf>
         <wf lemma="en" pos="X">en</wf>
         <wf lemma="eller" pos="X">eller</wf>
         <wf lemma="et" pos="X">et</wf>
         <wf lemma="foran" pos="X">foran</wf>
         <wf lemma="og" pos="X">og</wf>
         <wf lemma="bagefter" pos="X">bagefter</wf>
         <wf lemma="," pos="X">,</wf>
         <wf lemma="f.eks." pos="X">f.eks.</wf>
         <wf lemma="en" pos="X">en</wf>
         <wf lemma="bold" pos="X">bold</wf>
         <wf lemma="," pos="X">,</wf>
         <wf lemma="bolden" pos="X">bolden</wf>
         <wf lemma=".." pos="X">..</wf>
         <wf lemma="et" pos="X">et</wf>
         <wf lemma="vindue" pos="X">vindue</wf>
         <wf lemma="," pos="X">,</wf>
         <wf lemma="vinduet" pos="X">vinduet</wf>
         <wf lemma="." pos="X">.</wf>
      </sentence>
      <sentence id="d000.s1436" source="wordnet-danish">
         <wf lemma="det" pos="X">det</wf>
         <wf lemma="bliver" pos="X">bliver</wf>
         <wf lemma="spændende" pos="X">spændende</wf>
         <wf lemma="at" pos="X">at</wf>
         <wf lemma="se" pos="X">se</wf>
         <wf lemma="," pos="X">,</wf>
         <wf lemma="hvad" pos="X">hvad</wf>
         <instance id="d000.s1436.t000" lemma="fremtid" pos="NOUN">fremtiden</instance>
         <wf lemma="vil" pos="X">vil</wf>
         <wf lemma="bringe" pos="X">bringe</wf>
         <wf lemma="." pos="X">.</wf>
      </sentence>
      <sentence id="d000.s1437" source="wordnet-danish">
         <wf lemma="kvinden" pos="X">kvinden</wf>
         <wf lemma="[bliver]" pos="X">[bliver]</wf>
         <wf lemma="alligevel" pos="X">alligevel</wf>
         <wf lemma="meget" pos="X">meget</wf>
         <wf lemma="tit" pos="X">tit</wf>
         <instance id="d000.s1437.t000" lemma="diskriminere" pos="VERB">diskrimineret</instance>
         <wf lemma="med" pos="X">med</wf>
         <wf lemma="en" pos="X">en</wf>
         <wf lemma="mindre" pos="X">mindre</wf>
         <wf lemma="løn" pos="X">løn</wf>
         <wf lemma="," pos="X">,</wf>
         <wf lemma="end" pos="X">end</wf>
         <wf lemma="den" pos="X">den</wf>
         <wf lemma="hun" pos="X">hun</wf>
         <wf lemma="er" pos="X">er</wf>
         <wf lemma="berettiget" pos="X">berettiget</wf>
         <wf lemma="til" pos="X">til</wf>
         <wf lemma="." pos="X">.</wf>
      </sentence>
      <sentence id="d000.s1438" source="wordnet-danish">
         <wf lemma="ANC" pos="X">ANC</wf>
         <wf lemma="hævder" pos="X">hævder</wf>
         <wf lemma="," pos="X">,</wf>
         <wf lemma="at" pos="X">at</wf>
         <wf lemma="der" pos="X">der</wf>
         <wf lemma="fortsat" pos="X">fortsat</wf>
         <wf lemma="sidder" pos="X">sidder</wf>
         <wf lemma="flere" pos="X">flere</wf>
         <wf lemma="tusinde" pos="X">tusinde</wf>
         <wf lemma="politiske" pos="X">politiske</wf>
         <instance id="d000.s1438.t000" lemma="fange" pos="NOUN">fanger</instance>
         <wf lemma="indespærret" pos="X">indespærret</wf>
         <wf lemma="i" pos="X">i</wf>
         <wf lemma="sydafrikanske" pos="X">sydafrikanske</wf>
         <wf lemma="fængsler" pos="X">fængsler</wf>
         <wf lemma="." pos="X">.</wf>
      </sentence>
      <sentence id="d000.s1439" source="wordnet-danish">
         <instance id="d000.s1439.t000" lemma="kræft" pos="NOUN">Kræft</instance>
         <wf lemma="er" pos="X">er</wf>
         <wf lemma="fællesordet" pos="X">fællesordet</wf>
         <wf lemma="for" pos="X">for</wf>
         <wf lemma="en" pos="X">en</wf>
         <wf lemma="række" pos="X">række</wf>
         <wf lemma="sygdomme" pos="X">sygdomme</wf>
         <wf lemma="," pos="X">,</wf>
         <wf lemma="der" pos="X">der</wf>
         <wf lemma="opstår" pos="X">opstår</wf>
         <wf lemma="," pos="X">,</wf>
         <wf lemma="når" pos="X">når</wf>
         <wf lemma="væksten" pos="X">væksten</wf>
         <wf lemma="af" pos="X">af</wf>
         <wf lemma="abnorme" pos="X">abnorme</wf>
         <wf lemma="celler" pos="X">celler</wf>
         <wf lemma="sker" pos="X">sker</wf>
         <wf lemma="uden" pos="X">uden</wf>
         <wf lemma="organismens" pos="X">organismens</wf>
         <wf lemma="normale" pos="X">normale</wf>
         <wf lemma="kontrol" pos="X">kontrol</wf>
         <wf lemma="." pos="X">.</wf>
      </sentence>
      <sentence id="d000.s1440" source="wordnet-danish">
         <wf lemma="Da" pos="X">Da</wf>
         <wf lemma="han" pos="X">han</wf>
         <wf lemma="midt" pos="X">midt</wf>
         <wf lemma="på" pos="X">på</wf>
         <wf lemma="eftermiddagen" pos="X">eftermiddagen</wf>
         <wf lemma="igen" pos="X">igen</wf>
         <wf lemma="kom" pos="X">kom</wf>
         <wf lemma="hjem" pos="X">hjem</wf>
         <wf lemma="," pos="X">,</wf>
         <wf lemma="sad" pos="X">sad</wf>
         <wf lemma="Anne" pos="X">Anne</wf>
         <wf lemma="Marie" pos="X">Marie</wf>
         <wf lemma="allerede" pos="X">allerede</wf>
         <wf lemma="på" pos="X">på</wf>
         <instance id="d000.s1440.t000" lemma="terrasse" pos="NOUN">terrassen</instance>
         <wf lemma="og" pos="X">og</wf>
         <wf lemma="drak" pos="X">drak</wf>
         <wf lemma="te." pos="X">te.</wf>
      </sentence>
      <sentence id="d000.s1441" source="wordnet-danish">
         <wf lemma="11,75" pos="X">11,75</wf>
         <wf lemma="pct." pos="X">pct.</wf>
         <wf lemma="p.a." pos="X">p.a.</wf>
         <wf lemma="i" pos="X">i</wf>
         <instance id="d000.s1441.t000" lemma="rente" pos="NOUN">rente</instance>
         <wf lemma="er" pos="X">er</wf>
         <wf lemma="hvad" pos="X">hvad</wf>
         <wf lemma="Sydbank" pos="X">Sydbank</wf>
         <wf lemma="Sønderjylland" pos="X">Sønderjylland</wf>
         <wf lemma="nu" pos="X">nu</wf>
         <wf lemma="garanterer" pos="X">garanterer</wf>
         <wf lemma="investorerne" pos="X">investorerne</wf>
         <wf lemma="." pos="X">.</wf>
      </sentence>
      <sentence id="d000.s1442" source="wordnet-danish">
         <wf lemma="Hvert" pos="X">Hvert</wf>
         <instance id="d000.s1442.t000" lemma="afsnit" pos="NOUN">afsnit</instance>
         <wf lemma="[" pos="X">[</wf>
         <wf lemma=":" pos="X">:</wf>
         <wf lemma="i" pos="X">i</wf>
         <wf lemma="artiklen]" pos="X">artiklen]</wf>
         <wf lemma="skal" pos="X">skal</wf>
         <wf lemma="danne" pos="X">danne</wf>
         <wf lemma="sin" pos="X">sin</wf>
         <wf lemma="helhed" pos="X">helhed</wf>
         <wf lemma="med" pos="X">med</wf>
         <wf lemma="sin" pos="X">sin</wf>
         <wf lemma="afslutning" pos="X">afslutning</wf>
         <wf lemma="," pos="X">,</wf>
         <wf lemma="således" pos="X">således</wf>
         <wf lemma="at" pos="X">at</wf>
         <wf lemma="redaktionschefen" pos="X">redaktionschefen</wf>
         <wf lemma="kan" pos="X">kan</wf>
         <wf lemma="klippe" pos="X">klippe</wf>
         <wf lemma="artiklen" pos="X">artiklen</wf>
         <wf lemma="bagfra" pos="X">bagfra</wf>
         <wf lemma="." pos="X">.</wf>
      </sentence>
      <sentence id="d000.s1443" source="wordnet-danish">
         <wf lemma="cifrenes" pos="X">cifrenes</wf>
         <instance id="d000.s1443.t000" lemma="værdi" pos="NOUN">værdier</instance>
         <wf lemma="afhænger" pos="X">afhænger</wf>
         <wf lemma="af" pos="X">af</wf>
         <wf lemma="deres" pos="X">deres</wf>
         <wf lemma="placering" pos="X">placering</wf>
         <wf lemma=".." pos="X">..</wf>
         <wf lemma="i" pos="X">i</wf>
         <wf lemma="det" pos="X">det</wf>
         <wf lemma="tal" pos="X">tal</wf>
         <wf lemma="," pos="X">,</wf>
         <wf lemma="man" pos="X">man</wf>
         <wf lemma="betragter" pos="X">betragter</wf>
         <wf lemma="." pos="X">.</wf>
      </sentence>
      <sentence id="d000.s1444" source="wordnet-danish">
         <wf lemma="Nej" pos="X">Nej</wf>
         <wf lemma="," pos="X">,</wf>
         <wf lemma="sagde" pos="X">sagde</wf>
         <wf lemma="hun" pos="X">hun</wf>
         <wf lemma="og" pos="X">og</wf>
         <wf lemma="knejsede" pos="X">knejsede</wf>
         <wf lemma="med" pos="X">med</wf>
         <wf lemma="sit" pos="X">sit</wf>
         <instance id="d000.s1444.t000" lemma="blond" pos="ADJ">blonde</instance>
         <wf lemma="hoved" pos="X">hoved</wf>
         <wf lemma="." pos="X">.</wf>
      </sentence>
      <sentence id="d000.s1445" source="wordnet-danish">
         <instance id="d000.s1445.t000" lemma="postbud" pos="NOUN">Postbudet</instance>
         <wf lemma="havde" pos="X">havde</wf>
         <wf lemma="afleveret" pos="X">afleveret</wf>
         <wf lemma="en" pos="X">en</wf>
         <wf lemma="pakke" pos="X">pakke</wf>
         <wf lemma="hos" pos="X">hos</wf>
         <wf lemma="naboen" pos="X">naboen</wf>
         <wf lemma="." pos="X">.</wf>
      </sentence>
      <sentence id="d000.s1446" source="wordnet-danish">
         <wf lemma="Små" pos="X">Små</wf>
         <instance id="d000.s1446.t000" lemma="amulet" pos="NOUN">amuletter</instance>
         <wf lemma="og" pos="X">og</wf>
         <wf lemma="trylleord" pos="X">trylleord</wf>
         <wf lemma="," pos="X">,</wf>
         <wf lemma="skrevet" pos="X">skrevet</wf>
         <wf lemma="på" pos="X">på</wf>
         <wf lemma="palmeblade" pos="X">palmeblade</wf>
         <wf lemma="," pos="X">,</wf>
         <wf lemma="hænges" pos="X">hænges</wf>
         <wf lemma="op" pos="X">op</wf>
         <wf lemma="på" pos="X">på</wf>
         <wf lemma="husets" pos="X">husets</wf>
         <wf lemma="dør" pos="X">dør</wf>
         <wf lemma="for" pos="X">for</wf>
         <wf lemma="at" pos="X">at</wf>
         <wf lemma="beskytte" pos="X">beskytte</wf>
         <wf lemma="mod" pos="X">mod</wf>
         <wf lemma="alt" pos="X">alt</wf>
         <wf lemma="ondt" pos="X">ondt</wf>
         <wf lemma="." pos="X">.</wf>
      </sentence>
      <sentence id="d000.s1447" source="wordnet-danish">
         <instance id="d000.s1447.t000" lemma="interaktiv" pos="ADJ">Interaktivt</instance>
         <wf lemma="TV" pos="X">TV</wf>
         <wf lemma="hedder" pos="X">hedder</wf>
         <wf lemma="det" pos="X">det</wf>
         <wf lemma="," pos="X">,</wf>
         <wf lemma="når" pos="X">når</wf>
         <wf lemma="en" pos="X">en</wf>
         <wf lemma="TV-seer" pos="X">TV-seer</wf>
         <wf lemma="ved" pos="X">ved</wf>
         <wf lemma="at" pos="X">at</wf>
         <wf lemma="trykke" pos="X">trykke</wf>
         <wf lemma="på" pos="X">på</wf>
         <wf lemma="telefontasterne" pos="X">telefontasterne</wf>
         <wf lemma="hjemme" pos="X">hjemme</wf>
         <wf lemma="i" pos="X">i</wf>
         <wf lemma="sin" pos="X">sin</wf>
         <wf lemma="egen" pos="X">egen</wf>
         <wf lemma="stue" pos="X">stue</wf>
         <wf lemma="kan" pos="X">kan</wf>
         <wf lemma="dirigere" pos="X">dirigere</wf>
         <wf lemma="Hugo" pos="X">Hugo</wf>
         <wf lemma="rundt" pos="X">rundt</wf>
         <wf lemma="i" pos="X">i</wf>
         <wf lemma="minegangene" pos="X">minegangene</wf>
         <wf lemma="i" pos="X">i</wf>
         <wf lemma="den" pos="X">den</wf>
         <wf lemma="direkte" pos="X">direkte</wf>
         <wf lemma="udsendelse" pos="X">udsendelse</wf>
         <wf lemma="." pos="X">.</wf>
      </sentence>
      <sentence id="d000.s1448" source="wordnet-danish">
         <wf lemma="Den" pos="X">Den</wf>
         <wf lemma="øverste" pos="X">øverste</wf>
         <wf lemma="plade" pos="X">plade</wf>
         <wf lemma="blev" pos="X">blev</wf>
         <wf lemma="skiftet" pos="X">skiftet</wf>
         <wf lemma="ud" pos="X">ud</wf>
         <wf lemma="med" pos="X">med</wf>
         <wf lemma="en" pos="X">en</wf>
         <wf lemma="plade" pos="X">plade</wf>
         <wf lemma="," pos="X">,</wf>
         <wf lemma="der" pos="X">der</wf>
         <wf lemma="havde" pos="X">havde</wf>
         <wf lemma="skabets" pos="X">skabets</wf>
         <instance id="d000.s1448.t000" lemma="indvendig" pos="NOUN">indvendige</instance>
         <wf lemma="mål" pos="X">mål</wf>
         <wf lemma="." pos="X">.</wf>
      </sentence>
      <sentence id="d000.s1449" source="wordnet-danish">
         <wf lemma="Røde" pos="X">Røde</wf>
         <wf lemma="Kors" pos="X">Kors</wf>
         <wf lemma="opererer" pos="X">opererer</wf>
         <wf lemma="med" pos="X">med</wf>
         <wf lemma="en" pos="X">en</wf>
         <instance id="d000.s1449.t000" lemma="plan" pos="NOUN">plan</instance>
         <wf lemma="om" pos="X">om</wf>
         <wf lemma="at" pos="X">at</wf>
         <wf lemma="oprette" pos="X">oprette</wf>
         <wf lemma="to" pos="X">to</wf>
         <wf lemma="lejre" pos="X">lejre</wf>
         <wf lemma="i" pos="X">i</wf>
         <wf lemma="løbet" pos="X">løbet</wf>
         <wf lemma="af" pos="X">af</wf>
         <wf lemma="14" pos="X">14</wf>
         <wf lemma="dage" pos="X">dage</wf>
         <wf lemma="." pos="X">.</wf>
      </sentence>
      <sentence id="d000.s1450" source="wordnet-danish">
         <wf lemma="Det" pos="X">Det</wf>
         <wf lemma="er" pos="X">er</wf>
         <wf lemma="først" pos="X">først</wf>
         <wf lemma="i" pos="X">i</wf>
         <wf lemma="den" pos="X">den</wf>
         <wf lemma="sidste" pos="X">sidste</wf>
         <wf lemma="periode" pos="X">periode</wf>
         <wf lemma="af" pos="X">af</wf>
         <wf lemma="dette" pos="X">dette</wf>
         <wf lemma="århundrede" pos="X">århundrede</wf>
         <wf lemma="," pos="X">,</wf>
         <wf lemma="at" pos="X">at</wf>
         <wf lemma="vi" pos="X">vi</wf>
         <wf lemma="har" pos="X">har</wf>
         <wf lemma="set" pos="X">set</wf>
         <wf lemma="alle" pos="X">alle</wf>
         <wf lemma="de" pos="X">de</wf>
         <instance id="d000.s1450.t000" lemma="regional" pos="ADJ">regionale</instance>
         <wf lemma="og" pos="X">og</wf>
         <wf lemma="globale" pos="X">globale</wf>
         <wf lemma="miljøproblemer" pos="X">miljøproblemer</wf>
         <wf lemma="industrialiseringen" pos="X">industrialiseringen</wf>
         <wf lemma="førte" pos="X">førte</wf>
         <wf lemma="med" pos="X">med</wf>
         <wf lemma="sig" pos="X">sig</wf>
         <wf lemma="." pos="X">.</wf>
      </sentence>
      <sentence id="d000.s1451" source="wordnet-danish">
         <wf lemma="En" pos="X">En</wf>
         <wf lemma="ny" pos="X">ny</wf>
         <wf lemma="teknologi" pos="X">teknologi</wf>
         <wf lemma="gør" pos="X">gør</wf>
         <wf lemma="det" pos="X">det</wf>
         <instance id="d000.s1451.t000" lemma="realistisk" pos="ADJ">realistisk</instance>
         <wf lemma="at" pos="X">at</wf>
         <wf lemma="køre" pos="X">køre</wf>
         <wf lemma="på" pos="X">på</wf>
         <wf lemma="brint" pos="X">brint</wf>
         <wf lemma="i" pos="X">i</wf>
         <wf lemma="stedet" pos="X">stedet</wf>
         <wf lemma="for" pos="X">for</wf>
         <wf lemma="benzin" pos="X">benzin</wf>
         <wf lemma="," pos="X">,</wf>
         <wf lemma="olie" pos="X">olie</wf>
         <wf lemma="eller" pos="X">eller</wf>
         <wf lemma="gas" pos="X">gas</wf>
         <wf lemma="." pos="X">.</wf>
      </sentence>
      <sentence id="d000.s1452" source="wordnet-danish">
         <wf lemma="han" pos="X">han</wf>
         <wf lemma="optrådte" pos="X">optrådte</wf>
         <wf lemma="som" pos="X">som</wf>
         <wf lemma="gårdmusiker" pos="X">gårdmusiker</wf>
         <wf lemma="sammen" pos="X">sammen</wf>
         <wf lemma="med" pos="X">med</wf>
         <wf lemma="sin" pos="X">sin</wf>
         <wf lemma="kammerat" pos="X">kammerat</wf>
         <wf lemma="Osvald" pos="X">Osvald</wf>
         <wf lemma="," pos="X">,</wf>
         <wf lemma="der" pos="X">der</wf>
         <instance id="d000.s1452.t000" lemma="spille" pos="VERB">spillede</instance>
         <wf lemma="på" pos="X">på</wf>
         <wf lemma="harmonika" pos="X">harmonika</wf>
         <wf lemma="." pos="X">.</wf>
      </sentence>
      <sentence id="d000.s1453" source="wordnet-danish">
         <wf lemma="Hun" pos="X">Hun</wf>
         <wf lemma="gik" pos="X">gik</wf>
         <wf lemma="let" pos="X">let</wf>
         <wf lemma="fjedrende" pos="X">fjedrende</wf>
         <wf lemma="," pos="X">,</wf>
         <wf lemma="med" pos="X">med</wf>
         <wf lemma="et" pos="X">et</wf>
         <wf lemma="lille" pos="X">lille</wf>
         <wf lemma="svaj" pos="X">svaj</wf>
         <wf lemma="i" pos="X">i</wf>
         <wf lemma="ryggen" pos="X">ryggen</wf>
         <wf lemma="og" pos="X">og</wf>
         <wf lemma="en" pos="X">en</wf>
         <wf lemma="rytmisk" pos="X">rytmisk</wf>
         <wf lemma="vuggen" pos="X">vuggen</wf>
         <wf lemma="i" pos="X">i</wf>
         <instance id="d000.s1453.t000" lemma="hofte" pos="NOUN">hofterne</instance>
         <wf lemma="." pos="X">.</wf>
      </sentence>
      <sentence id="d000.s1454" source="wordnet-danish">
         <wf lemma="Når" pos="X">Når</wf>
         <wf lemma="kunstnere" pos="X">kunstnere</wf>
         <wf lemma="endelig" pos="X">endelig</wf>
         <wf lemma="er" pos="X">er</wf>
         <instance id="d000.s1454.t000" lemma="finde" pos="VERB">fundet</instance>
         <wf lemma="værdige" pos="X">værdige</wf>
         <wf lemma="til" pos="X">til</wf>
         <wf lemma="støtte" pos="X">støtte</wf>
         <wf lemma="," pos="X">,</wf>
         <wf lemma="er" pos="X">er</wf>
         <wf lemma="de" pos="X">de</wf>
         <wf lemma="ikke" pos="X">ikke</wf>
         <wf lemma="længere" pos="X">længere</wf>
         <wf lemma="eksperimenterende" pos="X">eksperimenterende</wf>
         <wf lemma="." pos="X">.</wf>
      </sentence>
      <sentence id="d000.s1455" source="wordnet-danish">
         <wf lemma="Jeg" pos="X">Jeg</wf>
         <wf lemma="ville" pos="X">ville</wf>
         <wf lemma="være" pos="X">være</wf>
         <wf lemma="brandmand" pos="X">brandmand</wf>
         <wf lemma="for" pos="X">for</wf>
         <wf lemma="at" pos="X">at</wf>
         <wf lemma="redde" pos="X">redde</wf>
         <wf lemma="andre" pos="X">andre</wf>
         <wf lemma="mennesker" pos="X">mennesker</wf>
         <wf lemma="i" pos="X">i</wf>
         <instance id="d000.s1455.t000" lemma="nød" pos="NOUN">nød</instance>
         <wf lemma="." pos="X">.</wf>
      </sentence>
      <sentence id="d000.s1456" source="wordnet-danish">
         <wf lemma="Del" pos="X">Del</wf>
         <wf lemma="den" pos="X">den</wf>
         <wf lemma="skyllede" pos="X">skyllede</wf>
         <instance id="d000.s1456.t000" lemma="broccoli" pos="NOUN">broccoli</instance>
         <wf lemma="i" pos="X">i</wf>
         <wf lemma="passende" pos="X">passende</wf>
         <wf lemma="buketter" pos="X">buketter</wf>
         <wf lemma="og" pos="X">og</wf>
         <wf lemma="skær" pos="X">skær</wf>
         <wf lemma="den" pos="X">den</wf>
         <wf lemma="grove" pos="X">grove</wf>
         <wf lemma="stok" pos="X">stok</wf>
         <wf lemma="fra" pos="X">fra</wf>
         <wf lemma="." pos="X">.</wf>
      </sentence>
      <sentence id="d000.s1457" source="wordnet-danish">
         <wf lemma="Tilskuerne" pos="X">Tilskuerne</wf>
         <wf lemma="var" pos="X">var</wf>
         <wf lemma="vilde" pos="X">vilde</wf>
         <wf lemma="af" pos="X">af</wf>
         <instance id="d000.s1457.t000" lemma="begejstring" pos="NOUN">begejstring</instance>
         <wf lemma="." pos="X">.</wf>
      </sentence>
      <sentence id="d000.s1458" source="wordnet-danish">
         <wf lemma="Hvor" pos="X">Hvor</wf>
         <wf lemma="meget" pos="X">meget</wf>
         <wf lemma="tid" pos="X">tid</wf>
         <wf lemma="om" pos="X">om</wf>
         <wf lemma="ugen" pos="X">ugen</wf>
         <instance id="d000.s1458.t000" lemma="bruge" pos="VERB">bruger</instance>
         <wf lemma="du" pos="X">du</wf>
         <wf lemma="på" pos="X">på</wf>
         <wf lemma="fritidsinteresser" pos="X">fritidsinteresser</wf>
         <wf lemma="?" pos="X">?</wf>
      </sentence>
      <sentence id="d000.s1459" source="wordnet-danish">
         <wf lemma="Fire" pos="X">Fire</wf>
         <wf lemma="timers" pos="X">timers</wf>
         <wf lemma="gang" pos="X">gang</wf>
         <wf lemma="om" pos="X">om</wf>
         <wf lemma="ugen" pos="X">ugen</wf>
         <wf lemma="er" pos="X">er</wf>
         <wf lemma="med" pos="X">med</wf>
         <wf lemma="til" pos="X">til</wf>
         <wf lemma="at" pos="X">at</wf>
         <wf lemma="bevare" pos="X">bevare</wf>
         <wf lemma="dit" pos="X">dit</wf>
         <instance id="d000.s1459.t000" lemma="helbred" pos="NOUN">helbred</instance>
         <wf lemma="." pos="X">.</wf>
      </sentence>
      <sentence id="d000.s1460" source="wordnet-danish">
         <wf lemma="Fra" pos="X">Fra</wf>
         <wf lemma="højttaleren" pos="X">højttaleren</wf>
         <wf lemma="kommer" pos="X">kommer</wf>
         <wf lemma="de" pos="X">de</wf>
         <wf lemma="ældgamle" pos="X">ældgamle</wf>
         <wf lemma="ord" pos="X">ord</wf>
         <wf lemma="'" pos="X">'</wf>
         <wf lemma="Færgen" pos="X">Færgen</wf>
         <wf lemma="er" pos="X">er</wf>
         <wf lemma="snart" pos="X">snart</wf>
         <wf lemma="i" pos="X">i</wf>
         <instance id="d000.s1460.t000" lemma="havn" pos="NOUN">havn</instance>
         <wf lemma="." pos="X">.</wf>
         <wf lemma="Bilisterne" pos="X">Bilisterne</wf>
         <wf lemma="...'." pos="X">...'.</wf>
      </sentence>
      <sentence id="d000.s1461" source="wordnet-danish">
         <wf lemma="Lad" pos="X">Lad</wf>
         <wf lemma="frikasseen" pos="X">frikasseen</wf>
         <wf lemma="småkoge" pos="X">småkoge</wf>
         <wf lemma="under" pos="X">under</wf>
         <wf lemma="låg" pos="X">låg</wf>
         <wf lemma="ca." pos="X">ca.</wf>
         <wf lemma="1" pos="X">1</wf>
         <wf lemma="time" pos="X">time</wf>
         <wf lemma="til" pos="X">til</wf>
         <instance id="d000.s1461.t000" lemma="kød" pos="NOUN">kødet</instance>
         <wf lemma="er" pos="X">er</wf>
         <wf lemma="mørt" pos="X">mørt</wf>
         <wf lemma="." pos="X">.</wf>
      </sentence>
      <sentence id="d000.s1462" source="wordnet-danish">
         <wf lemma="Bryllupsgaven" pos="X">Bryllupsgaven</wf>
         <wf lemma="var" pos="X">var</wf>
         <wf lemma="et" pos="X">et</wf>
         <instance id="d000.s1462.t000" lemma="hjerte" pos="NOUN">hjerte</instance>
         <wf lemma="i" pos="X">i</wf>
         <wf lemma="smaragd" pos="X">smaragd</wf>
         <wf lemma="." pos="X">.</wf>
      </sentence>
      <sentence id="d000.s1463" source="wordnet-danish">
         <wf lemma="Jeg" pos="X">Jeg</wf>
         <wf lemma="drak" pos="X">drak</wf>
         <wf lemma="det" pos="X">det</wf>
         <wf lemma="meste" pos="X">meste</wf>
         <wf lemma="af" pos="X">af</wf>
         <wf lemma="en" pos="X">en</wf>
         <wf lemma="flaske" pos="X">flaske</wf>
         <instance id="d000.s1463.t000" lemma="vin" pos="NOUN">vin</instance>
         <wf lemma="til" pos="X">til</wf>
         <wf lemma="maden" pos="X">maden</wf>
         <wf lemma="," pos="X">,</wf>
         <wf lemma="og" pos="X">og</wf>
         <wf lemma="jeg" pos="X">jeg</wf>
         <wf lemma="tror" pos="X">tror</wf>
         <wf lemma="nok" pos="X">nok</wf>
         <wf lemma="," pos="X">,</wf>
         <wf lemma="jeg" pos="X">jeg</wf>
         <wf lemma="blev" pos="X">blev</wf>
         <wf lemma="lidt" pos="X">lidt</wf>
         <wf lemma="beruset" pos="X">beruset</wf>
         <wf lemma="." pos="X">.</wf>
      </sentence>
      <sentence id="d000.s1464" source="wordnet-danish">
         <wf lemma="Billedet" pos="X">Billedet</wf>
         <wf lemma="afspejler" pos="X">afspejler</wf>
         <wf lemma="det" pos="X">det</wf>
         <wf lemma="sygelige" pos="X">sygelige</wf>
         <instance id="d000.s1464.t000" lemma="forhold" pos="NOUN">forhold</instance>
         <wf lemma="mellem" pos="X">mellem</wf>
         <wf lemma="kunstneren" pos="X">kunstneren</wf>
         <wf lemma="og" pos="X">og</wf>
         <wf lemma="hans" pos="X">hans</wf>
         <wf lemma="mor" pos="X">mor</wf>
         <wf lemma="." pos="X">.</wf>
      </sentence>
      <sentence id="d000.s1465" source="wordnet-danish">
         <wf lemma="Meget" pos="X">Meget</wf>
         <wf lemma="kan" pos="X">kan</wf>
         <wf lemma="gå" pos="X">gå</wf>
         <wf lemma="galt" pos="X">galt</wf>
         <wf lemma="og" pos="X">og</wf>
         <wf lemma="meget" pos="X">meget</wf>
         <wf lemma="går" pos="X">går</wf>
         <wf lemma="galt" pos="X">galt</wf>
         <wf lemma="," pos="X">,</wf>
         <wf lemma="så" pos="X">så</wf>
         <wf lemma="barnet" pos="X">barnet</wf>
         <wf lemma="fortjener" pos="X">fortjener</wf>
         <instance id="d000.s1465.t000" lemma="ros" pos="NOUN">ros</instance>
         <wf lemma="," pos="X">,</wf>
         <wf lemma="hver" pos="X">hver</wf>
         <wf lemma="gang" pos="X">gang</wf>
         <wf lemma="et" pos="X">et</wf>
         <wf lemma="forehavende" pos="X">forehavende</wf>
         <wf lemma="lykkes" pos="X">lykkes</wf>
         <wf lemma="." pos="X">.</wf>
      </sentence>
      <sentence id="d000.s1466" source="wordnet-danish">
         <wf lemma="Vikingerne" pos="X">Vikingerne</wf>
         <wf lemma="kunne" pos="X">kunne</wf>
         <wf lemma="ikke" pos="X">ikke</wf>
         <wf lemma="vide" pos="X">vide</wf>
         <wf lemma="," pos="X">,</wf>
         <wf lemma="at" pos="X">at</wf>
         <wf lemma="jorden" pos="X">jorden</wf>
         <wf lemma="var" pos="X">var</wf>
         <wf lemma="en" pos="X">en</wf>
         <instance id="d000.s1466.t000" lemma="kugle" pos="NOUN">kugle</instance>
         <wf lemma="." pos="X">.</wf>
         <wf lemma="For" pos="X">For</wf>
         <wf lemma="dem" pos="X">dem</wf>
         <wf lemma="var" pos="X">var</wf>
         <wf lemma="den" pos="X">den</wf>
         <wf lemma="en" pos="X">en</wf>
         <wf lemma="skive" pos="X">skive</wf>
         <wf lemma="," pos="X">,</wf>
         <wf lemma="der" pos="X">der</wf>
         <wf lemma="flød" pos="X">flød</wf>
         <wf lemma="på" pos="X">på</wf>
         <wf lemma="et" pos="X">et</wf>
         <wf lemma="stort" pos="X">stort</wf>
         <wf lemma="hav" pos="X">hav</wf>
         <wf lemma="." pos="X">.</wf>
      </sentence>
      <sentence id="d000.s1467" source="wordnet-danish">
         <wf lemma="Vi" pos="X">Vi</wf>
         <wf lemma="kan" pos="X">kan</wf>
         <wf lemma="tro" pos="X">tro</wf>
         <wf lemma="eller" pos="X">eller</wf>
         <instance id="d000.s1467.t000" lemma="tvivle" pos="VERB">tvivle</instance>
         <wf lemma="på" pos="X">på</wf>
         <wf lemma="Gud" pos="X">Gud</wf>
         <wf lemma="." pos="X">.</wf>
      </sentence>
      <sentence id="d000.s1468" source="wordnet-danish">
         <wf lemma="Vi" pos="X">Vi</wf>
         <wf lemma="har" pos="X">har</wf>
         <wf lemma="også" pos="X">også</wf>
         <wf lemma="langtidsledige" pos="X">langtidsledige</wf>
         <wf lemma="inden" pos="X">inden</wf>
         <wf lemma="for" pos="X">for</wf>
         <wf lemma="den" pos="X">den</wf>
         <wf lemma="akademiske" pos="X">akademiske</wf>
         <instance id="d000.s1468.t000" lemma="verden" pos="NOUN">verden</instance>
         <wf lemma="." pos="X">.</wf>
      </sentence>
      <sentence id="d000.s1469" source="wordnet-danish">
         <wf lemma="Laurits" pos="X">Laurits</wf>
         <wf lemma="så" pos="X">så</wf>
         <wf lemma="kort" pos="X">kort</wf>
         <wf lemma="på" pos="X">på</wf>
         <wf lemma="Jønne" pos="X">Jønne</wf>
         <wf lemma="," pos="X">,</wf>
         <wf lemma="satte" pos="X">satte</wf>
         <instance id="d000.s1469.t000" lemma="flaske" pos="NOUN">flasken</instance>
         <wf lemma="for" pos="X">for</wf>
         <wf lemma="munden" pos="X">munden</wf>
         <wf lemma="og" pos="X">og</wf>
         <wf lemma="tog" pos="X">tog</wf>
         <wf lemma="en" pos="X">en</wf>
         <wf lemma="slurk" pos="X">slurk</wf>
         <wf lemma="." pos="X">.</wf>
      </sentence>
      <sentence id="d000.s1470" source="wordnet-danish">
         <wf lemma="Med" pos="X">Med</wf>
         <wf lemma="hjælp" pos="X">hjælp</wf>
         <wf lemma="fra" pos="X">fra</wf>
         <wf lemma="en" pos="X">en</wf>
         <instance id="d000.s1470.t000" lemma="årvågen" pos="ADJ">årvågen</instance>
         <wf lemma="borger" pos="X">borger</wf>
         <wf lemma="har" pos="X">har</wf>
         <wf lemma="politiet" pos="X">politiet</wf>
         <wf lemma="formentlig" pos="X">formentlig</wf>
         <wf lemma="allerede" pos="X">allerede</wf>
         <wf lemma="opklaret" pos="X">opklaret</wf>
         <wf lemma="det" pos="X">det</wf>
         <wf lemma="grove" pos="X">grove</wf>
         <wf lemma="røveri" pos="X">røveri</wf>
         <wf lemma="." pos="X">.</wf>
      </sentence>
      <sentence id="d000.s1471" source="wordnet-danish">
         <wf lemma="Skiltene" pos="X">Skiltene</wf>
         <wf lemma="viser" pos="X">viser</wf>
         <wf lemma="," pos="X">,</wf>
         <wf lemma="hvilken" pos="X">hvilken</wf>
         <wf lemma="vej" pos="X">vej</wf>
         <wf lemma="man" pos="X">man</wf>
         <wf lemma="bør" pos="X">bør</wf>
         <wf lemma="køre" pos="X">køre</wf>
         <wf lemma="," pos="X">,</wf>
         <wf lemma="hvis" pos="X">hvis</wf>
         <wf lemma="man" pos="X">man</wf>
         <wf lemma="ønsker" pos="X">ønsker</wf>
         <wf lemma="en" pos="X">en</wf>
         <wf lemma="naturskøn" pos="X">naturskøn</wf>
         <instance id="d000.s1471.t000" lemma="rute" pos="NOUN">rute</instance>
         <wf lemma="." pos="X">.</wf>
      </sentence>
      <sentence id="d000.s1472" source="wordnet-danish">
         <wf lemma="Selv" pos="X">Selv</wf>
         <wf lemma="i" pos="X">i</wf>
         <wf lemma="rocker-kredse" pos="X">rocker-kredse</wf>
         <wf lemma="sker" pos="X">sker</wf>
         <wf lemma="det" pos="X">det</wf>
         <wf lemma="faktisk" pos="X">faktisk</wf>
         <wf lemma="," pos="X">,</wf>
         <wf lemma="at" pos="X">at</wf>
         <instance id="d000.s1472.t000" lemma="uskyldig" pos="ADJ">uskyldige</instance>
         <wf lemma="bliver" pos="X">bliver</wf>
         <wf lemma="tiltalt" pos="X">tiltalt</wf>
         <wf lemma="," pos="X">,</wf>
         <wf lemma="måske" pos="X">måske</wf>
         <wf lemma="på" pos="X">på</wf>
         <wf lemma="grundlag" pos="X">grundlag</wf>
         <wf lemma="af" pos="X">af</wf>
         <wf lemma="falske" pos="X">falske</wf>
         <wf lemma="vidneudsagn" pos="X">vidneudsagn</wf>
         <wf lemma="." pos="X">.</wf>
      </sentence>
      <sentence id="d000.s1473" source="wordnet-danish">
         <wf lemma="Ambulancen" pos="X">Ambulancen</wf>
         <wf lemma="kom" pos="X">kom</wf>
         <wf lemma="," pos="X">,</wf>
         <wf lemma="inden" pos="X">inden</wf>
         <wf lemma="Ditte" pos="X">Ditte</wf>
         <instance id="d000.s1473.t000" lemma="vågne" pos="VERB">vågnede</instance>
         <wf lemma="af" pos="X">af</wf>
         <wf lemma="besvimelsen" pos="X">besvimelsen</wf>
         <wf lemma="." pos="X">.</wf>
      </sentence>
      <sentence id="d000.s1474" source="wordnet-danish">
         <wf lemma="Måske" pos="X">Måske</wf>
         <wf lemma="er" pos="X">er</wf>
         <wf lemma="jeg" pos="X">jeg</wf>
         <wf lemma="syg" pos="X">syg</wf>
         <wf lemma="." pos="X">.</wf>
         <wf lemma="." pos="X">.</wf>
         <wf lemma="Jeg" pos="X">Jeg</wf>
         <wf lemma="er" pos="X">er</wf>
         <wf lemma="så" pos="X">så</wf>
         <instance id="d000.s1474.t000" lemma="ugidelig" pos="ADJ">ugidelig</instance>
         <wf lemma="." pos="X">.</wf>
      </sentence>
      <sentence id="d000.s1475" source="wordnet-danish">
         <instance id="d000.s1475.t000" lemma="kulstof" pos="NOUN">kulstof</instance>
         <wf lemma="[findes]" pos="X">[findes]</wf>
         <wf lemma="både" pos="X">både</wf>
         <wf lemma="som" pos="X">som</wf>
         <wf lemma="diamant" pos="X">diamant</wf>
         <wf lemma="og" pos="X">og</wf>
         <wf lemma="som" pos="X">som</wf>
         <wf lemma="grafit" pos="X">grafit</wf>
         <wf lemma="." pos="X">.</wf>
      </sentence>
      <sentence id="d000.s1476" source="wordnet-danish">
         <wf lemma="Man" pos="X">Man</wf>
         <wf lemma="må" pos="X">må</wf>
         <wf lemma="aldrig" pos="X">aldrig</wf>
         <wf lemma="sidde" pos="X">sidde</wf>
         <wf lemma="afføringssignalet" pos="X">afføringssignalet</wf>
         <wf lemma="overhørig" pos="X">overhørig</wf>
         <wf lemma="," pos="X">,</wf>
         <wf lemma="men" pos="X">men</wf>
         <wf lemma="straks" pos="X">straks</wf>
         <wf lemma="søge" pos="X">søge</wf>
         <wf lemma="wc" pos="X">wc</wf>
         <wf lemma="," pos="X">,</wf>
         <wf lemma="når" pos="X">når</wf>
         <instance id="d000.s1476.t000" lemma="trang" pos="NOUN">trangen</instance>
         <wf lemma="melder" pos="X">melder</wf>
         <wf lemma="sig" pos="X">sig</wf>
         <wf lemma="." pos="X">.</wf>
      </sentence>
      <sentence id="d000.s1477" source="wordnet-danish">
         <wf lemma="Først" pos="X">Først</wf>
         <wf lemma="i" pos="X">i</wf>
         <wf lemma="det" pos="X">det</wf>
         <wf lemma="nye" pos="X">nye</wf>
         <wf lemma="år" pos="X">år</wf>
         <wf lemma="ved" pos="X">ved</wf>
         <wf lemma="vi" pos="X">vi</wf>
         <wf lemma="," pos="X">,</wf>
         <wf lemma="hvem" pos="X">hvem</wf>
         <wf lemma="der" pos="X">der</wf>
         <wf lemma="fyres" pos="X">fyres</wf>
         <wf lemma="," pos="X">,</wf>
         <wf lemma="og" pos="X">og</wf>
         <wf lemma="hvem" pos="X">hvem</wf>
         <wf lemma="der" pos="X">der</wf>
         <wf lemma="bliver" pos="X">bliver</wf>
         <wf lemma="de" pos="X">de</wf>
         <wf lemma="30" pos="X">30</wf>
         <instance id="d000.s1477.t000" lemma="heldig" pos="ADJ">heldige</instance>
         <wf lemma="," pos="X">,</wf>
         <wf lemma="som" pos="X">som</wf>
         <wf lemma="fortsætter" pos="X">fortsætter</wf>
         <wf lemma="." pos="X">.</wf>
      </sentence>
      <sentence id="d000.s1478" source="wordnet-danish">
         <wf lemma="Selmas" pos="X">Selmas</wf>
         <wf lemma="søster" pos="X">søster</wf>
         <wf lemma="Jette" pos="X">Jette</wf>
         <wf lemma="er" pos="X">er</wf>
         <wf lemma="kassedame" pos="X">kassedame</wf>
         <wf lemma="i" pos="X">i</wf>
         <wf lemma="et" pos="X">et</wf>
         <instance id="d000.s1478.t000" lemma="supermarked" pos="NOUN">supermarked</instance>
         <wf lemma="." pos="X">.</wf>
      </sentence>
      <sentence id="d000.s1479" source="wordnet-danish">
         <wf lemma="Denne" pos="X">Denne</wf>
         <wf lemma="film" pos="X">film</wf>
         <instance id="d000.s1479.t000" lemma="fascinere" pos="VERB">fascinerer</instance>
         <wf lemma="mig" pos="X">mig</wf>
         <wf lemma="," pos="X">,</wf>
         <wf lemma="fordi" pos="X">fordi</wf>
         <wf lemma="den" pos="X">den</wf>
         <wf lemma="handler" pos="X">handler</wf>
         <wf lemma="om" pos="X">om</wf>
         <wf lemma="et" pos="X">et</wf>
         <wf lemma="menneske" pos="X">menneske</wf>
         <wf lemma="," pos="X">,</wf>
         <wf lemma="der" pos="X">der</wf>
         <wf lemma="ligner" pos="X">ligner</wf>
         <wf lemma="mig" pos="X">mig</wf>
         <wf lemma="selv" pos="X">selv</wf>
         <wf lemma="." pos="X">.</wf>
      </sentence>
      <sentence id="d000.s1480" source="wordnet-danish">
         <wf lemma="Farten" pos="X">Farten</wf>
         <wf lemma="giver" pos="X">giver</wf>
         <wf lemma="adrenalin" pos="X">adrenalin</wf>
         <wf lemma="i" pos="X">i</wf>
         <wf lemma="blodet" pos="X">blodet</wf>
         <wf lemma="." pos="X">.</wf>
         <wf lemma="Det" pos="X">Det</wf>
         <wf lemma="giver" pos="X">giver</wf>
         <wf lemma="mig" pos="X">mig</wf>
         <wf lemma="et" pos="X">et</wf>
         <instance id="d000.s1480.t000" lemma="kick" pos="NOUN">kick</instance>
         <wf lemma="," pos="X">,</wf>
         <wf lemma="og" pos="X">og</wf>
         <wf lemma="det" pos="X">det</wf>
         <wf lemma="kan" pos="X">kan</wf>
         <wf lemma="jeg" pos="X">jeg</wf>
         <wf lemma="lide" pos="X">lide</wf>
         <wf lemma="." pos="X">.</wf>
      </sentence>
      <sentence id="d000.s1481" source="wordnet-danish">
         <wf lemma="Fiskene" pos="X">Fiskene</wf>
         <instance id="d000.s1481.t000" lemma="svømme" pos="VERB">svømmede</instance>
         <wf lemma="i" pos="X">i</wf>
         <wf lemma="det" pos="X">det</wf>
         <wf lemma="store" pos="X">store</wf>
         <wf lemma="akvarium" pos="X">akvarium</wf>
         <wf lemma="." pos="X">.</wf>
      </sentence>
      <sentence id="d000.s1482" source="wordnet-danish">
         <wf lemma="Ferieboliger" pos="X">Ferieboliger</wf>
         <instance id="d000.s1482.t000" lemma="udleje" pos="VERB">udlejes</instance>
         <wf lemma="og" pos="X">og</wf>
         <wf lemma="søges" pos="X">søges</wf>
         <wf lemma="til" pos="X">til</wf>
         <wf lemma="udlejning" pos="X">udlejning</wf>
         <wf lemma="." pos="X">.</wf>
      </sentence>
      <sentence id="d000.s1483" source="wordnet-danish">
         <wf lemma="I" pos="X">I</wf>
         <wf lemma="morgen" pos="X">morgen</wf>
         <wf lemma="fylder" pos="X">fylder</wf>
         <wf lemma="han" pos="X">han</wf>
         <wf lemma="100" pos="X">100</wf>
         <wf lemma="år" pos="X">år</wf>
         <wf lemma="," pos="X">,</wf>
         <wf lemma="og" pos="X">og</wf>
         <wf lemma="træder" pos="X">træder</wf>
         <wf lemma="dermed" pos="X">dermed</wf>
         <wf lemma="ind" pos="X">ind</wf>
         <wf lemma="i" pos="X">i</wf>
         <wf lemma="den" pos="X">den</wf>
         <instance id="d000.s1483.t000" lemma="eksklusiv" pos="ADJ">eksklusive</instance>
         <wf lemma="gruppe" pos="X">gruppe</wf>
         <wf lemma="på" pos="X">på</wf>
         <wf lemma="godt" pos="X">godt</wf>
         <wf lemma="40" pos="X">40</wf>
         <wf lemma="mænd" pos="X">mænd</wf>
         <wf lemma="i" pos="X">i</wf>
         <wf lemma="Danmark" pos="X">Danmark</wf>
         <wf lemma="," pos="X">,</wf>
         <wf lemma="som" pos="X">som</wf>
         <wf lemma="har" pos="X">har</wf>
         <wf lemma="levet" pos="X">levet</wf>
         <wf lemma="i" pos="X">i</wf>
         <wf lemma="mere" pos="X">mere</wf>
         <wf lemma="end" pos="X">end</wf>
         <wf lemma="ét" pos="X">ét</wf>
         <wf lemma="århundrede" pos="X">århundrede</wf>
         <wf lemma="." pos="X">.</wf>
      </sentence>
      <sentence id="d000.s1484" source="wordnet-danish">
         <wf lemma="Hans" pos="X">Hans</wf>
         <wf lemma="ejendele" pos="X">ejendele</wf>
         <wf lemma=".." pos="X">..</wf>
         <wf lemma="blev" pos="X">blev</wf>
         <wf lemma="sendt" pos="X">sendt</wf>
         <wf lemma="forud" pos="X">forud</wf>
         <wf lemma="med" pos="X">med</wf>
         <instance id="d000.s1484.t000" lemma="fragtskib" pos="NOUN">fragtskib</instance>
         <wf lemma="." pos="X">.</wf>
      </sentence>
      <sentence id="d000.s1485" source="wordnet-danish">
         <wf lemma="En" pos="X">En</wf>
         <wf lemma="følge" pos="X">følge</wf>
         <wf lemma="af" pos="X">af</wf>
         <wf lemma="de" pos="X">de</wf>
         <wf lemma="etniske" pos="X">etniske</wf>
         <wf lemma="stridigheder" pos="X">stridigheder</wf>
         <wf lemma="er" pos="X">er</wf>
         <wf lemma="en" pos="X">en</wf>
         <wf lemma="halv" pos="X">halv</wf>
         <wf lemma="million" pos="X">million</wf>
         <instance id="d000.s1485.t000" lemma="flygtning" pos="NOUN">flygtninge</instance>
         <wf lemma="," pos="X">,</wf>
         <wf lemma="spredt" pos="X">spredt</wf>
         <wf lemma="over" pos="X">over</wf>
         <wf lemma="hele" pos="X">hele</wf>
         <wf lemma="Sovjet" pos="X">Sovjet</wf>
         <wf lemma="." pos="X">.</wf>
      </sentence>
      <sentence id="d000.s1486" source="wordnet-danish">
         <wf lemma="vi" pos="X">vi</wf>
         <wf lemma="får" pos="X">får</wf>
         <wf lemma="jævn" pos="X">jævn</wf>
         <wf lemma="til" pos="X">til</wf>
         <wf lemma="hård" pos="X">hård</wf>
         <wf lemma="vind" pos="X">vind</wf>
         <wf lemma="fra" pos="X">fra</wf>
         <wf lemma="sydvest" pos="X">sydvest</wf>
         <wf lemma="og" pos="X">og</wf>
         <instance id="d000.s1486.t000" lemma="syd" pos="NOUN">syd</instance>
         <wf lemma="." pos="X">.</wf>
      </sentence>
      <sentence id="d000.s1487" source="wordnet-danish">
         <wf lemma="Han" pos="X">Han</wf>
         <wf lemma="er" pos="X">er</wf>
         <wf lemma="ulasteligt" pos="X">ulasteligt</wf>
         <wf lemma="klædt" pos="X">klædt</wf>
         <wf lemma="på" pos="X">på</wf>
         <wf lemma="," pos="X">,</wf>
         <wf lemma="i" pos="X">i</wf>
         <wf lemma="nypudsede" pos="X">nypudsede</wf>
         <wf lemma="sorte" pos="X">sorte</wf>
         <wf lemma="sko" pos="X">sko</wf>
         <wf lemma="," pos="X">,</wf>
         <wf lemma="pænt" pos="X">pænt</wf>
         <instance id="d000.s1487.t000" lemma="jakkesæt" pos="NOUN">jakkesæt</instance>
         <wf lemma="," pos="X">,</wf>
         <wf lemma="hvid" pos="X">hvid</wf>
         <wf lemma="skjorte" pos="X">skjorte</wf>
         <wf lemma="," pos="X">,</wf>
         <wf lemma="jakken" pos="X">jakken</wf>
         <wf lemma="knappet" pos="X">knappet</wf>
         <wf lemma="," pos="X">,</wf>
         <wf lemma="slips." pos="X">slips.</wf>
      </sentence>
      <sentence id="d000.s1488" source="wordnet-danish">
         <wf lemma="Stykket" pos="X">Stykket</wf>
         <wf lemma="er" pos="X">er</wf>
         <wf lemma="meget" pos="X">meget</wf>
         <instance id="d000.s1488.t000" lemma="morsom" pos="ADJ">morsomt</instance>
         <wf lemma="," pos="X">,</wf>
         <wf lemma="og" pos="X">og</wf>
         <wf lemma="jeg" pos="X">jeg</wf>
         <wf lemma="glæder" pos="X">glæder</wf>
         <wf lemma="mig" pos="X">mig</wf>
         <wf lemma="til" pos="X">til</wf>
         <wf lemma="at" pos="X">at</wf>
         <wf lemma="høre" pos="X">høre</wf>
         <wf lemma="publikum" pos="X">publikum</wf>
         <wf lemma="more" pos="X">more</wf>
         <wf lemma="sig" pos="X">sig</wf>
         <wf lemma="i" pos="X">i</wf>
         <wf lemma="salen" pos="X">salen</wf>
         <wf lemma="." pos="X">.</wf>
      </sentence>
      <sentence id="d000.s1489" source="wordnet-danish">
         <wf lemma="Det" pos="X">Det</wf>
         <wf lemma="var" pos="X">var</wf>
         <wf lemma="en" pos="X">en</wf>
         <wf lemma="rimelig" pos="X">rimelig</wf>
         <wf lemma="fin" pos="X">fin</wf>
         <wf lemma="kompliment" pos="X">kompliment</wf>
         <wf lemma="," pos="X">,</wf>
         <wf lemma="siger" pos="X">siger</wf>
         <wf lemma="hun" pos="X">hun</wf>
         <wf lemma="og" pos="X">og</wf>
         <instance id="d000.s1489.t000" lemma="sippe" pos="VERB">sipper</instance>
         <wf lemma="af" pos="X">af</wf>
         <wf lemma="sin" pos="X">sin</wf>
         <wf lemma="cola" pos="X">cola</wf>
         <wf lemma="," pos="X">,</wf>
         <wf lemma="som" pos="X">som</wf>
         <wf lemma="hun" pos="X">hun</wf>
         <wf lemma="har" pos="X">har</wf>
         <wf lemma="bedt" pos="X">bedt</wf>
         <wf lemma="om" pos="X">om</wf>
         <wf lemma="med" pos="X">med</wf>
         <wf lemma="sugerør" pos="X">sugerør</wf>
         <wf lemma="." pos="X">.</wf>
      </sentence>
      <sentence id="d000.s1490" source="wordnet-danish">
         <wf lemma="Det" pos="X">Det</wf>
         <wf lemma="hjælper" pos="X">hjælper</wf>
         <wf lemma="ikke" pos="X">ikke</wf>
         <wf lemma="at" pos="X">at</wf>
         <wf lemma="vi" pos="X">vi</wf>
         <wf lemma="sætter" pos="X">sætter</wf>
         <wf lemma="filtre" pos="X">filtre</wf>
         <wf lemma="på" pos="X">på</wf>
         <wf lemma="danske" pos="X">danske</wf>
         <wf lemma="skorstene" pos="X">skorstene</wf>
         <wf lemma="," pos="X">,</wf>
         <wf lemma="hvis" pos="X">hvis</wf>
         <wf lemma="tyske" pos="X">tyske</wf>
         <wf lemma="og" pos="X">og</wf>
         <wf lemma="franske" pos="X">franske</wf>
         <wf lemma="stadig" pos="X">stadig</wf>
         <wf lemma="tilsviner" pos="X">tilsviner</wf>
         <instance id="d000.s1490.t000" lemma="luft" pos="NOUN">luften</instance>
         <wf lemma="." pos="X">.</wf>
      </sentence>
      <sentence id="d000.s1491" source="wordnet-danish">
         <wf lemma="når" pos="X">når</wf>
         <wf lemma="markerne" pos="X">markerne</wf>
         <wf lemma="bliver" pos="X">bliver</wf>
         <wf lemma="mere" pos="X">mere</wf>
         <wf lemma="og" pos="X">og</wf>
         <wf lemma="mere" pos="X">mere</wf>
         <wf lemma="gyldne" pos="X">gyldne</wf>
         <wf lemma="og" pos="X">og</wf>
         <instance id="d000.s1491.t000" lemma="korn" pos="NOUN">kornets</instance>
         <wf lemma="aks" pos="X">aks</wf>
         <wf lemma="tungere" pos="X">tungere</wf>
         <wf lemma="," pos="X">,</wf>
         <wf lemma="så" pos="X">så</wf>
         <wf lemma="siger" pos="X">siger</wf>
         <wf lemma="vi" pos="X">vi</wf>
         <wf lemma="," pos="X">,</wf>
         <wf lemma="at" pos="X">at</wf>
         <wf lemma="høsten" pos="X">høsten</wf>
         <wf lemma="er" pos="X">er</wf>
         <wf lemma="nær." pos="X">nær.</wf>
      </sentence>
      <sentence id="d000.s1492" source="wordnet-danish">
         <wf lemma="Jeg" pos="X">Jeg</wf>
         <instance id="d000.s1492.t000" lemma="savne" pos="VERB">savner</instance>
         <wf lemma="Stockholm" pos="X">Stockholm</wf>
         <wf lemma="og" pos="X">og</wf>
         <wf lemma="den" pos="X">den</wf>
         <wf lemma="skønne" pos="X">skønne</wf>
         <wf lemma="svenske" pos="X">svenske</wf>
         <wf lemma="natur" pos="X">natur</wf>
         <wf lemma="." pos="X">.</wf>
      </sentence>
      <sentence id="d000.s1493" source="wordnet-danish">
         <wf lemma="dagligt" pos="X">dagligt</wf>
         <wf lemma="kom" pos="X">kom</wf>
         <wf lemma="fjendens" pos="X">fjendens</wf>
         <instance id="d000.s1493.t000" lemma="bombemaskine" pos="NOUN">bombemaskiner</instance>
         <wf lemma="jagende" pos="X">jagende</wf>
         <wf lemma="over" pos="X">over</wf>
         <wf lemma="byen" pos="X">byen</wf>
         <wf lemma="." pos="X">.</wf>
      </sentence>
      <sentence id="d000.s1494" source="wordnet-danish">
         <wf lemma="hun" pos="X">hun</wf>
         <wf lemma="er" pos="X">er</wf>
         <wf lemma="en" pos="X">en</wf>
         <instance id="d000.s1494.t000" lemma="frisk" pos="ADJ">frisk</instance>
         <wf lemma="og" pos="X">og</wf>
         <wf lemma="sporty" pos="X">sporty</wf>
         <wf lemma="pige" pos="X">pige</wf>
         <wf lemma="," pos="X">,</wf>
         <wf lemma="der" pos="X">der</wf>
         <wf lemma="altid" pos="X">altid</wf>
         <wf lemma="er" pos="X">er</wf>
         <wf lemma="med" pos="X">med</wf>
         <wf lemma="på" pos="X">på</wf>
         <wf lemma="den" pos="X">den</wf>
         <wf lemma="værste" pos="X">værste</wf>
         <wf lemma="." pos="X">.</wf>
      </sentence>
      <sentence id="d000.s1495" source="wordnet-danish">
         <wf lemma="den" pos="X">den</wf>
         <wf lemma="romerske" pos="X">romerske</wf>
         <wf lemma="folkeforsamling" pos="X">folkeforsamling</wf>
         <wf lemma="havde" pos="X">havde</wf>
         <wf lemma="kun" pos="X">kun</wf>
         <instance id="d000.s1495.t000" lemma="beslutte" pos="VERB">besluttende</instance>
         <wf lemma="myndighed" pos="X">myndighed</wf>
         <wf lemma="." pos="X">.</wf>
      </sentence>
      <sentence id="d000.s1496" source="wordnet-danish">
         <wf lemma="Efter" pos="X">Efter</wf>
         <wf lemma="plyndringen" pos="X">plyndringen</wf>
         <wf lemma="satte" pos="X">satte</wf>
         <wf lemma="soldaterne" pos="X">soldaterne</wf>
         <wf lemma="ild" pos="X">ild</wf>
         <wf lemma="på" pos="X">på</wf>
         <wf lemma="de" pos="X">de</wf>
         <wf lemma="smukke" pos="X">smukke</wf>
         <wf lemma="bygninger" pos="X">bygninger</wf>
         <wf lemma="," pos="X">,</wf>
         <wf lemma="der" pos="X">der</wf>
         <wf lemma="blev" pos="X">blev</wf>
         <wf lemma="lagt" pos="X">lagt</wf>
         <wf lemma="i" pos="X">i</wf>
         <instance id="d000.s1496.t000" lemma="ruin" pos="NOUN">ruiner</instance>
         <wf lemma="." pos="X">.</wf>
      </sentence>
      <sentence id="d000.s1497" source="wordnet-danish">
         <wf lemma="Lars" pos="X">Lars</wf>
         <wf lemma="[gik]" pos="X">[gik]</wf>
         <wf lemma="mere" pos="X">mere</wf>
         <wf lemma="og" pos="X">og</wf>
         <wf lemma="mere" pos="X">mere</wf>
         <wf lemma="over" pos="X">over</wf>
         <wf lemma="til" pos="X">til</wf>
         <wf lemma="at" pos="X">at</wf>
         <wf lemma="leve" pos="X">leve</wf>
         <wf lemma="af" pos="X">af</wf>
         <instance id="d000.s1497.t000" lemma="tyveri" pos="NOUN">tyveri</instance>
         <wf lemma="og" pos="X">og</wf>
         <wf lemma="andre" pos="X">andre</wf>
         <wf lemma="nattens" pos="X">nattens</wf>
         <wf lemma="gerninger" pos="X">gerninger</wf>
         <wf lemma="." pos="X">.</wf>
      </sentence>
      <sentence id="d000.s1498" source="wordnet-danish">
         <wf lemma="ved" pos="X">ved</wf>
         <wf lemma="større" pos="X">større</wf>
         <wf lemma="boligbebyggelser" pos="X">boligbebyggelser</wf>
         <wf lemma="[vil" pos="X">[vil</wf>
         <wf lemma="der]" pos="X">der]</wf>
         <wf lemma="blive" pos="X">blive</wf>
         <wf lemma="opstillet" pos="X">opstillet</wf>
         <wf lemma="containere" pos="X">containere</wf>
         <wf lemma="," pos="X">,</wf>
         <wf lemma="hvor" pos="X">hvor</wf>
         <instance id="d000.s1498.t000" lemma="beboer" pos="NOUN">beboerne</instance>
         <wf lemma="skal" pos="X">skal</wf>
         <wf lemma="lægge" pos="X">lægge</wf>
         <wf lemma="de" pos="X">de</wf>
         <wf lemma="gamle" pos="X">gamle</wf>
         <wf lemma="aviser" pos="X">aviser</wf>
         <wf lemma="." pos="X">.</wf>
      </sentence>
      <sentence id="d000.s1499" source="wordnet-danish">
         <wf lemma="[pollen" pos="X">[pollen</wf>
         <wf lemma="]" pos="X">]</wf>
         <wf lemma="må" pos="X">må</wf>
         <wf lemma="jo" pos="X">jo</wf>
         <wf lemma="være" pos="X">være</wf>
         <wf lemma="værdifuldt" pos="X">værdifuldt</wf>
         <wf lemma="og" pos="X">og</wf>
         <wf lemma="rigt" pos="X">rigt</wf>
         <wf lemma="på" pos="X">på</wf>
         <wf lemma="alle" pos="X">alle</wf>
         <wf lemma="vigtige" pos="X">vigtige</wf>
         <wf lemma="næringsstoffer" pos="X">næringsstoffer</wf>
         <wf lemma="," pos="X">,</wf>
         <wf lemma="når" pos="X">når</wf>
         <wf lemma="det" pos="X">det</wf>
         <wf lemma="er" pos="X">er</wf>
         <wf lemma="i" pos="X">i</wf>
         <wf lemma="stand" pos="X">stand</wf>
         <wf lemma="til" pos="X">til</wf>
         <wf lemma="at" pos="X">at</wf>
         <wf lemma="sikre" pos="X">sikre</wf>
         <wf lemma="biernes" pos="X">biernes</wf>
         <instance id="d000.s1499.t000" lemma="overlevelse" pos="NOUN">overlevelse</instance>
         <wf lemma="." pos="X">.</wf>
      </sentence>
      <sentence id="d000.s1500" source="wordnet-danish">
         <wf lemma="Anna" pos="X">Anna</wf>
         <wf lemma="er" pos="X">er</wf>
         <wf lemma="i" pos="X">i</wf>
         <wf lemma="tyk" pos="X">tyk</wf>
         <wf lemma="vinterfrakke" pos="X">vinterfrakke</wf>
         <wf lemma="," pos="X">,</wf>
         <wf lemma="og" pos="X">og</wf>
         <wf lemma="det" pos="X">det</wf>
         <instance id="d000.s1500.t000" lemma="ru" pos="ADJ">ru</instance>
         <wf lemma="stof" pos="X">stof</wf>
         <wf lemma="på" pos="X">på</wf>
         <wf lemma="kraven" pos="X">kraven</wf>
         <wf lemma="kradser" pos="X">kradser</wf>
         <wf lemma="mig" pos="X">mig</wf>
         <wf lemma="på" pos="X">på</wf>
         <wf lemma="kinden" pos="X">kinden</wf>
         <wf lemma="." pos="X">.</wf>
      </sentence>
      <sentence id="d000.s1501" source="wordnet-danish">
         <wf lemma="[Hans]" pos="X">[Hans]</wf>
         <wf lemma="blodtryk" pos="X">blodtryk</wf>
         <wf lemma="var" pos="X">var</wf>
         <wf lemma="fint" pos="X">fint</wf>
         <wf lemma="," pos="X">,</wf>
         <wf lemma="da" pos="X">da</wf>
         <wf lemma="han" pos="X">han</wf>
         <wf lemma="fik" pos="X">fik</wf>
         <wf lemma="det" pos="X">det</wf>
         <wf lemma="taget" pos="X">taget</wf>
         <wf lemma="på" pos="X">på</wf>
         <wf lemma="Hjertecentret" pos="X">Hjertecentret</wf>
         <wf lemma="i" pos="X">i</wf>
         <wf lemma="Odense" pos="X">Odense</wf>
         <wf lemma="af" pos="X">af</wf>
         <instance id="d000.s1501.t000" lemma="sygeplejerske" pos="NOUN">sygeplejerske</instance>
         <wf lemma="Marianne" pos="X">Marianne</wf>
         <wf lemma="Clausen" pos="X">Clausen</wf>
         <wf lemma="." pos="X">.</wf>
      </sentence>
      <sentence id="d000.s1502" source="wordnet-danish">
         <wf lemma="ideen" pos="X">ideen</wf>
         <wf lemma="har" pos="X">har</wf>
         <wf lemma="mødt" pos="X">mødt</wf>
         <wf lemma="stor" pos="X">stor</wf>
         <wf lemma="modstand" pos="X">modstand</wf>
         <wf lemma="hos" pos="X">hos</wf>
         <wf lemma="de" pos="X">de</wf>
         <wf lemma="socialdemokratiske" pos="X">socialdemokratiske</wf>
         <instance id="d000.s1502.t000" lemma="borgmester" pos="NOUN">borgmestre</instance>
         <wf lemma="," pos="X">,</wf>
         <wf lemma="som" pos="X">som</wf>
         <wf lemma="ønsker" pos="X">ønsker</wf>
         <wf lemma="at" pos="X">at</wf>
         <wf lemma="holde" pos="X">holde</wf>
         <wf lemma="igen" pos="X">igen</wf>
         <wf lemma="på" pos="X">på</wf>
         <wf lemma="det" pos="X">det</wf>
         <wf lemma="kommunale" pos="X">kommunale</wf>
         <wf lemma="skattetryk" pos="X">skattetryk</wf>
         <wf lemma="." pos="X">.</wf>
      </sentence>
      <sentence id="d000.s1503" source="wordnet-danish">
         <wf lemma="'Godnat" pos="X">'Godnat</wf>
         <wf lemma="," pos="X">,</wf>
         <wf lemma="'" pos="X">'</wf>
         <wf lemma="hvisker" pos="X">hvisker</wf>
         <wf lemma="hun" pos="X">hun</wf>
         <wf lemma="og" pos="X">og</wf>
         <instance id="d000.s1503.t000" lemma="lukke" pos="VERB">lukker</instance>
         <wf lemma="øjnene" pos="X">øjnene</wf>
         <wf lemma="." pos="X">.</wf>
      </sentence>
      <sentence id="d000.s1504" source="wordnet-danish">
         <wf lemma="Hun" pos="X">Hun</wf>
         <wf lemma="raser" pos="X">raser</wf>
         <wf lemma="," pos="X">,</wf>
         <wf lemma="fordi" pos="X">fordi</wf>
         <wf lemma="aviserne" pos="X">aviserne</wf>
         <instance id="d000.s1504.t000" lemma="returnere" pos="VERB">returnerer</instance>
         <wf lemma="hendes" pos="X">hendes</wf>
         <wf lemma="kronikker" pos="X">kronikker</wf>
         <wf lemma="." pos="X">.</wf>
      </sentence>
      <sentence id="d000.s1505" source="wordnet-danish">
         <wf lemma="hæld" pos="X">hæld</wf>
         <wf lemma="lagen" pos="X">lagen</wf>
         <wf lemma="gennem" pos="X">gennem</wf>
         <wf lemma="en" pos="X">en</wf>
         <wf lemma="finmasket" pos="X">finmasket</wf>
         <instance id="d000.s1505.t000" lemma="si" pos="NOUN">si</instance>
         <wf lemma="eller" pos="X">eller</wf>
         <wf lemma="et" pos="X">et</wf>
         <wf lemma="klæde" pos="X">klæde</wf>
         <wf lemma="." pos="X">.</wf>
      </sentence>
      <sentence id="d000.s1506" source="wordnet-danish">
         <wf lemma="ca." pos="X">ca.</wf>
         <wf lemma="17%" pos="X">17%</wf>
         <wf lemma="af" pos="X">af</wf>
         <wf lemma="menneskelegemet" pos="X">menneskelegemet</wf>
         <wf lemma="er" pos="X">er</wf>
         <instance id="d000.s1506.t000" lemma="protein" pos="NOUN">protein</instance>
         <wf lemma="som" pos="X">som</wf>
         <wf lemma="indgår" pos="X">indgår</wf>
         <wf lemma="i" pos="X">i</wf>
         <wf lemma="muskler" pos="X">muskler</wf>
         <wf lemma="," pos="X">,</wf>
         <wf lemma="blod" pos="X">blod</wf>
         <wf lemma="," pos="X">,</wf>
         <wf lemma="enzymer" pos="X">enzymer</wf>
         <wf lemma="," pos="X">,</wf>
         <wf lemma="hormoner" pos="X">hormoner</wf>
         <wf lemma="m.m." pos="X">m.m.</wf>
      </sentence>
      <sentence id="d000.s1507" source="wordnet-danish">
         <wf lemma="Karaktergivning" pos="X">Karaktergivning</wf>
         <wf lemma="skal" pos="X">skal</wf>
         <instance id="d000.s1507.t000" lemma="afskaffe" pos="VERB">afskaffes</instance>
         <wf lemma="," pos="X">,</wf>
         <wf lemma="det" pos="X">det</wf>
         <wf lemma="fremmer" pos="X">fremmer</wf>
         <wf lemma="kun" pos="X">kun</wf>
         <wf lemma="konkurrenceræset" pos="X">konkurrenceræset</wf>
         <wf lemma="mellem" pos="X">mellem</wf>
         <wf lemma="børn" pos="X">børn</wf>
         <wf lemma="." pos="X">.</wf>
      </sentence>
      <sentence id="d000.s1508" source="wordnet-danish">
         <wf lemma="hvis" pos="X">hvis</wf>
         <wf lemma="vi" pos="X">vi</wf>
         <wf lemma="ikke" pos="X">ikke</wf>
         <wf lemma="gik" pos="X">gik</wf>
         <wf lemma="på" pos="X">på</wf>
         <instance id="d000.s1508.t000" lemma="jagt" pos="NOUN">jagt</instance>
         <wf lemma="," pos="X">,</wf>
         <wf lemma="ville" pos="X">ville</wf>
         <wf lemma="dyrene" pos="X">dyrene</wf>
         <wf lemma="omkomme" pos="X">omkomme</wf>
         <wf lemma="af" pos="X">af</wf>
         <wf lemma="andre" pos="X">andre</wf>
         <wf lemma="årsager" pos="X">årsager</wf>
         <wf lemma="." pos="X">.</wf>
      </sentence>
      <sentence id="d000.s1509" source="wordnet-danish">
         <wf lemma="De" pos="X">De</wf>
         <wf lemma="fleste" pos="X">fleste</wf>
         <wf lemma="bjergarter" pos="X">bjergarter</wf>
         <wf lemma="indeholder" pos="X">indeholder</wf>
         <wf lemma="små" pos="X">små</wf>
         <instance id="d000.s1509.t000" lemma="korn" pos="NOUN">korn</instance>
         <wf lemma="af" pos="X">af</wf>
         <wf lemma="jernholdige" pos="X">jernholdige</wf>
         <wf lemma="stoffer" pos="X">stoffer</wf>
         <wf lemma="." pos="X">.</wf>
      </sentence>
      <sentence id="d000.s1510" source="wordnet-danish">
         <wf lemma="at" pos="X">at</wf>
         <wf lemma="dykke" pos="X">dykke</wf>
         <wf lemma="dybere" pos="X">dybere</wf>
         <wf lemma="end" pos="X">end</wf>
         <wf lemma="40" pos="X">40</wf>
         <wf lemma="meter" pos="X">meter</wf>
         <wf lemma=".." pos="X">..</wf>
         <wf lemma="vil" pos="X">vil</wf>
         <wf lemma="resultere" pos="X">resultere</wf>
         <wf lemma="i" pos="X">i</wf>
         <wf lemma="den" pos="X">den</wf>
         <wf lemma="sikre" pos="X">sikre</wf>
         <wf lemma="død" pos="X">død</wf>
         <wf lemma="på" pos="X">på</wf>
         <wf lemma="grund" pos="X">grund</wf>
         <wf lemma="af" pos="X">af</wf>
         <wf lemma="det" pos="X">det</wf>
         <wf lemma="enorme" pos="X">enorme</wf>
         <instance id="d000.s1510.t000" lemma="tryk" pos="NOUN">tryk</instance>
         <wf lemma="fra" pos="X">fra</wf>
         <wf lemma="vandmasserne" pos="X">vandmasserne</wf>
         <wf lemma="." pos="X">.</wf>
      </sentence>
      <sentence id="d000.s1511" source="wordnet-danish">
         <wf lemma="Danske" pos="X">Danske</wf>
         <wf lemma="malere" pos="X">malere</wf>
         <wf lemma="havde" pos="X">havde</wf>
         <wf lemma="før" pos="X">før</wf>
         <wf lemma="brugt" pos="X">brugt</wf>
         <wf lemma="folkelivet" pos="X">folkelivet</wf>
         <wf lemma="som" pos="X">som</wf>
         <instance id="d000.s1511.t000" lemma="motiv" pos="NOUN">motiv</instance>
         <wf lemma="--" pos="X">--</wf>
         <wf lemma="men" pos="X">men</wf>
         <wf lemma="det" pos="X">det</wf>
         <wf lemma="havde" pos="X">havde</wf>
         <wf lemma="altid" pos="X">altid</wf>
         <wf lemma="været" pos="X">været</wf>
         <wf lemma="det" pos="X">det</wf>
         <wf lemma="solfyldte" pos="X">solfyldte</wf>
         <wf lemma="," pos="X">,</wf>
         <wf lemma="glade" pos="X">glade</wf>
         <wf lemma="og" pos="X">og</wf>
         <wf lemma="lette" pos="X">lette</wf>
         <wf lemma="folkeliv" pos="X">folkeliv</wf>
         <wf lemma="i" pos="X">i</wf>
         <wf lemma="det" pos="X">det</wf>
         <wf lemma="farverige" pos="X">farverige</wf>
         <wf lemma="syden" pos="X">syden</wf>
         <wf lemma="." pos="X">.</wf>
      </sentence>
      <sentence id="d000.s1512" source="wordnet-danish">
         <wf lemma="Jeg" pos="X">Jeg</wf>
         <wf lemma="har" pos="X">har</wf>
         <wf lemma="en" pos="X">en</wf>
         <wf lemma="enorm" pos="X">enorm</wf>
         <wf lemma="respekt" pos="X">respekt</wf>
         <wf lemma="for" pos="X">for</wf>
         <wf lemma="popmusik" pos="X">popmusik</wf>
         <wf lemma="og" pos="X">og</wf>
         <wf lemma="synes" pos="X">synes</wf>
         <wf lemma="," pos="X">,</wf>
         <wf lemma="det" pos="X">det</wf>
         <wf lemma="er" pos="X">er</wf>
         <instance id="d000.s1512.t000" lemma="forkert" pos="ADJ">forkert</instance>
         <wf lemma="at" pos="X">at</wf>
         <wf lemma="se" pos="X">se</wf>
         <wf lemma="ned" pos="X">ned</wf>
         <wf lemma="på" pos="X">på</wf>
         <wf lemma="den" pos="X">den</wf>
         <wf lemma="." pos="X">.</wf>
      </sentence>
      <sentence id="d000.s1513" source="wordnet-danish">
         <wf lemma="En" pos="X">En</wf>
         <wf lemma="dansk" pos="X">dansk</wf>
         <instance id="d000.s1513.t000" lemma="delegation" pos="NOUN">delegation</instance>
         <wf lemma="af" pos="X">af</wf>
         <wf lemma="folketingsmedlemmer" pos="X">folketingsmedlemmer</wf>
         <wf lemma="rejser" pos="X">rejser</wf>
         <wf lemma="til" pos="X">til</wf>
         <wf lemma="Sydafrika" pos="X">Sydafrika</wf>
         <wf lemma=".." pos="X">..</wf>
         <wf lemma="for" pos="X">for</wf>
         <wf lemma="at" pos="X">at</wf>
         <wf lemma="se" pos="X">se</wf>
         <wf lemma="på" pos="X">på</wf>
         <wf lemma="forholdene" pos="X">forholdene</wf>
         <wf lemma="dér" pos="X">dér</wf>
         <wf lemma="." pos="X">.</wf>
      </sentence>
      <sentence id="d000.s1514" source="wordnet-danish">
         <wf lemma="Granatæblet" pos="X">Granatæblet</wf>
         <wf lemma="er" pos="X">er</wf>
         <wf lemma="på" pos="X">på</wf>
         <wf lemma="størrelse" pos="X">størrelse</wf>
         <wf lemma="med" pos="X">med</wf>
         <wf lemma="en" pos="X">en</wf>
         <wf lemma="appelsin" pos="X">appelsin</wf>
         <wf lemma="," pos="X">,</wf>
         <instance id="d000.s1514.t000" lemma="skal" pos="NOUN">skallen</instance>
         <wf lemma="frisk" pos="X">frisk</wf>
         <wf lemma="rødlig" pos="X">rødlig</wf>
         <wf lemma="," pos="X">,</wf>
         <wf lemma="lidt" pos="X">lidt</wf>
         <wf lemma="læderagtig" pos="X">læderagtig</wf>
         <wf lemma="." pos="X">.</wf>
      </sentence>
      <sentence id="d000.s1515" source="wordnet-danish">
         <wf lemma="Alle" pos="X">Alle</wf>
         <wf lemma="arrangementer" pos="X">arrangementer</wf>
         <wf lemma="starter" pos="X">starter</wf>
         <wf lemma="kl." pos="X">kl.</wf>
         <wf lemma="21" pos="X">21</wf>
         <wf lemma="og" pos="X">og</wf>
         <wf lemma="er" pos="X">er</wf>
         <wf lemma="ganske" pos="X">ganske</wf>
         <instance id="d000.s1515.t000" lemma="gratis" pos="ADJ">gratis</instance>
         <wf lemma="." pos="X">.</wf>
      </sentence>
      <sentence id="d000.s1516" source="wordnet-danish">
         <wf lemma="Vaskerierne" pos="X">Vaskerierne</wf>
         <wf lemma="er" pos="X">er</wf>
         <wf lemma="kun" pos="X">kun</wf>
         <wf lemma="til" pos="X">til</wf>
         <wf lemma="brug" pos="X">brug</wf>
         <wf lemma="for" pos="X">for</wf>
         <instance id="d000.s1516.t000" lemma="ejendom" pos="NOUN">ejendommens</instance>
         <wf lemma="beboere" pos="X">beboere</wf>
         <wf lemma="." pos="X">.</wf>
      </sentence>
      <sentence id="d000.s1517" source="wordnet-danish">
         <wf lemma="Arne" pos="X">Arne</wf>
         <wf lemma="Treholt" pos="X">Treholt</wf>
         <wf lemma="er" pos="X">er</wf>
         <wf lemma="nu" pos="X">nu</wf>
         <instance id="d000.s1517.t000" lemma="indespærre" pos="VERB">indespærret</instance>
         <wf lemma="på" pos="X">på</wf>
         <wf lemma="syvende" pos="X">syvende</wf>
         <wf lemma="år" pos="X">år</wf>
         <wf lemma="." pos="X">.</wf>
         <wf lemma="Han" pos="X">Han</wf>
         <wf lemma="blev" pos="X">blev</wf>
         <wf lemma="idømt" pos="X">idømt</wf>
         <wf lemma="tyve" pos="X">tyve</wf>
         <wf lemma="års" pos="X">års</wf>
         <wf lemma="fængsel" pos="X">fængsel</wf>
         <wf lemma="." pos="X">.</wf>
      </sentence>
      <sentence id="d000.s1518" source="wordnet-danish">
         <wf lemma="hans" pos="X">hans</wf>
         <wf lemma="forældre" pos="X">forældre</wf>
         <wf lemma="kunne" pos="X">kunne</wf>
         <wf lemma="ikke" pos="X">ikke</wf>
         <wf lemma="tænke" pos="X">tænke</wf>
         <wf lemma="sig" pos="X">sig</wf>
         <wf lemma="at" pos="X">at</wf>
         <wf lemma="bo" pos="X">bo</wf>
         <wf lemma="andre" pos="X">andre</wf>
         <wf lemma="steder" pos="X">steder</wf>
         <wf lemma="end" pos="X">end</wf>
         <wf lemma="i" pos="X">i</wf>
         <wf lemma="Holbæk" pos="X">Holbæk</wf>
         <wf lemma="," pos="X">,</wf>
         <wf lemma="hans" pos="X">hans</wf>
         <wf lemma="far" pos="X">far</wf>
         <wf lemma="er" pos="X">er</wf>
         <instance id="d000.s1518.t000" lemma="indfødt" pos="ADJ">indfødt</instance>
         <wf lemma="holbækker" pos="X">holbækker</wf>
         <wf lemma="," pos="X">,</wf>
         <wf lemma="og" pos="X">og</wf>
         <wf lemma="hans" pos="X">hans</wf>
         <wf lemma="mor" pos="X">mor</wf>
         <wf lemma="kommer" pos="X">kommer</wf>
         <wf lemma="[fra]" pos="X">[fra]</wf>
         <wf lemma="Viskinge" pos="X">Viskinge</wf>
         <wf lemma="." pos="X">.</wf>
      </sentence>
      <sentence id="d000.s1519" source="wordnet-danish">
         <wf lemma="[han]" pos="X">[han]</wf>
         <wf lemma="rev" pos="X">rev</wf>
         <wf lemma="endnu" pos="X">endnu</wf>
         <wf lemma="en" pos="X">en</wf>
         <instance id="d000.s1519.t000" lemma="strimmel" pos="NOUN">strimmel</instance>
         <wf lemma="af" pos="X">af</wf>
         <wf lemma="lommetørklædet" pos="X">lommetørklædet</wf>
         <wf lemma="og" pos="X">og</wf>
         <wf lemma="begyndte" pos="X">begyndte</wf>
         <wf lemma="at" pos="X">at</wf>
         <wf lemma="forbinde" pos="X">forbinde</wf>
         <wf lemma="fingeren" pos="X">fingeren</wf>
         <wf lemma="." pos="X">.</wf>
      </sentence>
      <sentence id="d000.s1520" source="wordnet-danish">
         <wf lemma="hæld" pos="X">hæld</wf>
         <wf lemma=".." pos="X">..</wf>
         <wf lemma="trøffelmassen" pos="X">trøffelmassen</wf>
         <wf lemma="i" pos="X">i</wf>
         <wf lemma="et" pos="X">et</wf>
         <wf lemma="lille" pos="X">lille</wf>
         <instance id="d000.s1520.t000" lemma="firkantet" pos="ADJ">firkantet</instance>
         <wf lemma="fad" pos="X">fad</wf>
         <wf lemma="," pos="X">,</wf>
         <wf lemma="der" pos="X">der</wf>
         <wf lemma="måler" pos="X">måler</wf>
         <wf lemma="ca." pos="X">ca.</wf>
         <wf lemma="20" pos="X">20</wf>
         <wf lemma="x" pos="X">x</wf>
         <wf lemma="25" pos="X">25</wf>
         <wf lemma="cm." pos="X">cm.</wf>
      </sentence>
      <sentence id="d000.s1521" source="wordnet-danish">
         <wf lemma="Han" pos="X">Han</wf>
         <wf lemma="har" pos="X">har</wf>
         <wf lemma="en" pos="X">en</wf>
         <wf lemma="ternet" pos="X">ternet</wf>
         <wf lemma="skjorte" pos="X">skjorte</wf>
         <wf lemma="på" pos="X">på</wf>
         <wf lemma="og" pos="X">og</wf>
         <wf lemma="et" pos="X">et</wf>
         <wf lemma="par" pos="X">par</wf>
         <instance id="d000.s1521.t000" lemma="bukser" pos="NOUN">bukser</instance>
         <wf lemma="," pos="X">,</wf>
         <wf lemma="der" pos="X">der</wf>
         <wf lemma="bliver" pos="X">bliver</wf>
         <wf lemma="holdt" pos="X">holdt</wf>
         <wf lemma="oppe" pos="X">oppe</wf>
         <wf lemma="af" pos="X">af</wf>
         <wf lemma="et" pos="X">et</wf>
         <wf lemma="par" pos="X">par</wf>
         <wf lemma="seler" pos="X">seler</wf>
         <wf lemma="." pos="X">.</wf>
      </sentence>
      <sentence id="d000.s1522" source="wordnet-danish">
         <wf lemma="Plast" pos="X">Plast</wf>
         <wf lemma="er" pos="X">er</wf>
         <wf lemma="et" pos="X">et</wf>
         <wf lemma="resultat" pos="X">resultat</wf>
         <wf lemma="af" pos="X">af</wf>
         <wf lemma="en" pos="X">en</wf>
         <wf lemma="højt" pos="X">højt</wf>
         <wf lemma="udviklet" pos="X">udviklet</wf>
         <wf lemma="kemisk" pos="X">kemisk</wf>
         <instance id="d000.s1522.t000" lemma="industri" pos="NOUN">industri</instance>
         <wf lemma="," pos="X">,</wf>
         <wf lemma="hvor" pos="X">hvor</wf>
         <wf lemma="man" pos="X">man</wf>
         <wf lemma="på" pos="X">på</wf>
         <wf lemma="basis" pos="X">basis</wf>
         <wf lemma="af" pos="X">af</wf>
         <wf lemma="naturråstoffer" pos="X">naturråstoffer</wf>
         <wf lemma="kan" pos="X">kan</wf>
         <wf lemma="frembringe" pos="X">frembringe</wf>
         <wf lemma="nye" pos="X">nye</wf>
         <wf lemma="stoffer" pos="X">stoffer</wf>
         <wf lemma="." pos="X">.</wf>
      </sentence>
      <sentence id="d000.s1523" source="wordnet-danish">
         <wf lemma="Journalisten" pos="X">Journalisten</wf>
         <wf lemma="fra" pos="X">fra</wf>
         <wf lemma="Danmarks" pos="X">Danmarks</wf>
         <wf lemma="Radio" pos="X">Radio</wf>
         <wf lemma="førte" pos="X">førte</wf>
         <wf lemma="mikrofonen" pos="X">mikrofonen</wf>
         <wf lemma="hen" pos="X">hen</wf>
         <wf lemma="til" pos="X">til</wf>
         <wf lemma="mig" pos="X">mig</wf>
         <wf lemma="," pos="X">,</wf>
         <wf lemma="og" pos="X">og</wf>
         <wf lemma="jeg" pos="X">jeg</wf>
         <wf lemma="prøvede" pos="X">prøvede</wf>
         <wf lemma="at" pos="X">at</wf>
         <instance id="d000.s1523.t000" lemma="tale" pos="VERB">tale</instance>
         <wf lemma="." pos="X">.</wf>
      </sentence>
      <sentence id="d000.s1524" source="wordnet-danish">
         <wf lemma="Et" pos="X">Et</wf>
         <wf lemma="forbud" pos="X">forbud</wf>
         <wf lemma="mod" pos="X">mod</wf>
         <wf lemma="højreekstremistiske" pos="X">højreekstremistiske</wf>
         <wf lemma="grupper" pos="X">grupper</wf>
         <wf lemma="er" pos="X">er</wf>
         <wf lemma="både" pos="X">både</wf>
         <wf lemma="juridisk" pos="X">juridisk</wf>
         <wf lemma="og" pos="X">og</wf>
         <wf lemma="forfatningsmæssigt" pos="X">forfatningsmæssigt</wf>
         <instance id="d000.s1524.t000" lemma="mulig" pos="ADJ">muligt</instance>
         <wf lemma="." pos="X">.</wf>
      </sentence>
      <sentence id="d000.s1525" source="wordnet-danish">
         <wf lemma="De" pos="X">De</wf>
         <wf lemma="gnistrende" pos="X">gnistrende</wf>
         <wf lemma="hove" pos="X">hove</wf>
         <wf lemma="kom" pos="X">kom</wf>
         <wf lemma="hurtigt" pos="X">hurtigt</wf>
         <wf lemma="nærmere" pos="X">nærmere</wf>
         <wf lemma="," pos="X">,</wf>
         <wf lemma="og" pos="X">og</wf>
         <wf lemma="han" pos="X">han</wf>
         <wf lemma="begyndte" pos="X">begyndte</wf>
         <wf lemma="at" pos="X">at</wf>
         <wf lemma="kunne" pos="X">kunne</wf>
         <wf lemma="ane" pos="X">ane</wf>
         <instance id="d000.s1525.t000" lemma="omrids" pos="NOUN">omridset</instance>
         <wf lemma="af" pos="X">af</wf>
         <wf lemma="rytteren" pos="X">rytteren</wf>
         <wf lemma="og" pos="X">og</wf>
         <wf lemma="hesten" pos="X">hesten</wf>
         <wf lemma="." pos="X">.</wf>
      </sentence>
      <sentence id="d000.s1526" source="wordnet-danish">
         <wf lemma="Hvis" pos="X">Hvis</wf>
         <wf lemma="han" pos="X">han</wf>
         <wf lemma="ikke" pos="X">ikke</wf>
         <wf lemma="passede" pos="X">passede</wf>
         <wf lemma="på" pos="X">på</wf>
         <wf lemma="nu" pos="X">nu</wf>
         <wf lemma="," pos="X">,</wf>
         <wf lemma="kunne" pos="X">kunne</wf>
         <wf lemma="han" pos="X">han</wf>
         <wf lemma="hurtigt" pos="X">hurtigt</wf>
         <wf lemma="få" pos="X">få</wf>
         <instance id="d000.s1526.t000" lemma="spolere" pos="VERB">spoleret</instance>
         <wf lemma="den" pos="X">den</wf>
         <wf lemma="rare" pos="X">rare</wf>
         <wf lemma="og" pos="X">og</wf>
         <wf lemma="afslappede" pos="X">afslappede</wf>
         <wf lemma="atmosfære" pos="X">atmosfære</wf>
         <wf lemma="." pos="X">.</wf>
      </sentence>
      <sentence id="d000.s1527" source="wordnet-danish">
         <wf lemma="dobbeltværelse" pos="X">dobbeltværelse</wf>
         <wf lemma="med" pos="X">med</wf>
         <wf lemma="bad" pos="X">bad</wf>
         <wf lemma="og" pos="X">og</wf>
         <instance id="d000.s1527.t000" lemma="balkon" pos="NOUN">balkon</instance>
         <wf lemma="." pos="X">.</wf>
      </sentence>
      <sentence id="d000.s1528" source="wordnet-danish">
         <wf lemma="De" pos="X">De</wf>
         <wf lemma="fleste" pos="X">fleste</wf>
         <wf lemma="kommer" pos="X">kommer</wf>
         <instance id="d000.s1528.t000" lemma="alene" pos="ADJ">alene</instance>
         <wf lemma="," pos="X">,</wf>
         <wf lemma="andre" pos="X">andre</wf>
         <wf lemma="kommer" pos="X">kommer</wf>
         <wf lemma="parvis" pos="X">parvis</wf>
         <wf lemma="." pos="X">.</wf>
      </sentence>
      <sentence id="d000.s1529" source="wordnet-danish">
         <wf lemma="mange" pos="X">mange</wf>
         <wf lemma="tusinde" pos="X">tusinde</wf>
         <wf lemma="mennesker" pos="X">mennesker</wf>
         <wf lemma="[" pos="X">[</wf>
         <wf lemma=":" pos="X">:</wf>
         <wf lemma="i" pos="X">i</wf>
         <wf lemma="Spanien" pos="X">Spanien</wf>
         <wf lemma="]" pos="X">]</wf>
         <wf lemma="blev" pos="X">blev</wf>
         <wf lemma="kronisk" pos="X">kronisk</wf>
         <wf lemma="syge" pos="X">syge</wf>
         <wf lemma="efter" pos="X">efter</wf>
         <wf lemma="at" pos="X">at</wf>
         <wf lemma="have" pos="X">have</wf>
         <wf lemma="spist" pos="X">spist</wf>
         <wf lemma="forgiftet" pos="X">forgiftet</wf>
         <instance id="d000.s1529.t000" lemma="madolie" pos="NOUN">madolie</instance>
         <wf lemma="for" pos="X">for</wf>
         <wf lemma="11" pos="X">11</wf>
         <wf lemma="år" pos="X">år</wf>
         <wf lemma="siden" pos="X">siden</wf>
         <wf lemma="." pos="X">.</wf>
      </sentence>
      <sentence id="d000.s1530" source="wordnet-danish">
         <wf lemma="I" pos="X">I</wf>
         <wf lemma="stuen" pos="X">stuen</wf>
         <wf lemma="er" pos="X">er</wf>
         <wf lemma="det" pos="X">det</wf>
         <wf lemma="dominerende" pos="X">dominerende</wf>
         <instance id="d000.s1530.t000" lemma="møbel" pos="NOUN">møbel</instance>
         <wf lemma="et" pos="X">et</wf>
         <wf lemma="kæmpestort" pos="X">kæmpestort</wf>
         <wf lemma="spisebord" pos="X">spisebord</wf>
         <wf lemma="med" pos="X">med</wf>
         <wf lemma="plads" pos="X">plads</wf>
         <wf lemma="til" pos="X">til</wf>
         <wf lemma="hele" pos="X">hele</wf>
         <wf lemma="familien" pos="X">familien</wf>
         <wf lemma="." pos="X">.</wf>
      </sentence>
      <sentence id="d000.s1531" source="wordnet-danish">
         <wf lemma="Det" pos="X">Det</wf>
         <wf lemma="er" pos="X">er</wf>
         <wf lemma="en" pos="X">en</wf>
         <instance id="d000.s1531.t000" lemma="stor" pos="ADJ">større</instance>
         <wf lemma="affære" pos="X">affære</wf>
         <wf lemma="at" pos="X">at</wf>
         <wf lemma="rejse" pos="X">rejse</wf>
         <wf lemma="et" pos="X">et</wf>
         <wf lemma="civilt" pos="X">civilt</wf>
         <wf lemma="søgsmål" pos="X">søgsmål</wf>
         <wf lemma="som" pos="X">som</wf>
         <wf lemma="enkeltperson" pos="X">enkeltperson</wf>
         <wf lemma="." pos="X">.</wf>
      </sentence>
      <sentence id="d000.s1532" source="wordnet-danish">
         <wf lemma="De" pos="X">De</wf>
         <wf lemma="fleste" pos="X">fleste</wf>
         <wf lemma="borge" pos="X">borge</wf>
         <wf lemma="var" pos="X">var</wf>
         <wf lemma="beskyttede" pos="X">beskyttede</wf>
         <wf lemma="af" pos="X">af</wf>
         <wf lemma="tykke" pos="X">tykke</wf>
         <instance id="d000.s1532.t000" lemma="mur" pos="NOUN">mure</instance>
         <wf lemma="og" pos="X">og</wf>
         <wf lemma="voldgrave" pos="X">voldgrave</wf>
         <wf lemma="med" pos="X">med</wf>
         <wf lemma="vand" pos="X">vand</wf>
         <wf lemma="." pos="X">.</wf>
      </sentence>
      <sentence id="d000.s1533" source="wordnet-danish">
         <wf lemma="Der" pos="X">Der</wf>
         <wf lemma="ventes" pos="X">ventes</wf>
         <instance id="d000.s1533.t000" lemma="drama" pos="NOUN">drama</instance>
         <wf lemma="til" pos="X">til</wf>
         <wf lemma="sidste" pos="X">sidste</wf>
         <wf lemma="sekund" pos="X">sekund</wf>
         <wf lemma="," pos="X">,</wf>
         <wf lemma="når" pos="X">når</wf>
         <wf lemma="de" pos="X">de</wf>
         <wf lemma="professionelle" pos="X">professionelle</wf>
         <wf lemma="cykelryttere" pos="X">cykelryttere</wf>
         <wf lemma="i" pos="X">i</wf>
         <wf lemma="dag" pos="X">dag</wf>
         <wf lemma="afgør" pos="X">afgør</wf>
         <wf lemma="årets" pos="X">årets</wf>
         <wf lemma="World" pos="X">World</wf>
         <wf lemma="Cup" pos="X">Cup</wf>
         <wf lemma="." pos="X">.</wf>
      </sentence>
      <sentence id="d000.s1534" source="wordnet-danish">
         <wf lemma="Børnene" pos="X">Børnene</wf>
         <wf lemma="går" pos="X">går</wf>
         <wf lemma="fra" pos="X">fra</wf>
         <wf lemma="dør" pos="X">dør</wf>
         <wf lemma="til" pos="X">til</wf>
         <wf lemma="dør" pos="X">dør</wf>
         <wf lemma="for" pos="X">for</wf>
         <wf lemma="at" pos="X">at</wf>
         <instance id="d000.s1534.t000" lemma="tigge" pos="VERB">tigge</instance>
         <wf lemma="." pos="X">.</wf>
      </sentence>
      <sentence id="d000.s1535" source="wordnet-danish">
         <wf lemma="Mit" pos="X">Mit</wf>
         <wf lemma="pæne" pos="X">pæne</wf>
         <wf lemma="manuskript" pos="X">manuskript</wf>
         <wf lemma="er" pos="X">er</wf>
         <wf lemma="blevet" pos="X">blevet</wf>
         <wf lemma="gennemrettet" pos="X">gennemrettet</wf>
         <wf lemma="med" pos="X">med</wf>
         <wf lemma="rød" pos="X">rød</wf>
         <instance id="d000.s1535.t000" lemma="kugle" pos="NOUN">kuglepen</instance>
         <wf lemma="og" pos="X">og</wf>
         <wf lemma="ligner" pos="X">ligner</wf>
         <wf lemma="et" pos="X">et</wf>
         <wf lemma="stykke" pos="X">stykke</wf>
         <wf lemma="snavset" pos="X">snavset</wf>
         <wf lemma="kladdepapir" pos="X">kladdepapir</wf>
         <wf lemma="." pos="X">.</wf>
      </sentence>
      <sentence id="d000.s1536" source="wordnet-danish">
         <wf lemma="Hun" pos="X">Hun</wf>
         <wf lemma="rakte" pos="X">rakte</wf>
         <wf lemma="sig" pos="X">sig</wf>
         <wf lemma="på" pos="X">på</wf>
         <wf lemma="tæerne" pos="X">tæerne</wf>
         <wf lemma="og" pos="X">og</wf>
         <wf lemma="kyssede" pos="X">kyssede</wf>
         <wf lemma="ham" pos="X">ham</wf>
         <wf lemma="på" pos="X">på</wf>
         <instance id="d000.s1536.t000" lemma="mund" pos="NOUN">munden</instance>
         <wf lemma="." pos="X">.</wf>
      </sentence>
      <sentence id="d000.s1537" source="wordnet-danish">
         <wf lemma="Hvis" pos="X">Hvis</wf>
         <wf lemma="en" pos="X">en</wf>
         <instance id="d000.s1537.t000" lemma="drikkevare" pos="NOUN">drikkevare</instance>
         <wf lemma="skal" pos="X">skal</wf>
         <wf lemma="markedsføres" pos="X">markedsføres</wf>
         <wf lemma="i" pos="X">i</wf>
         <wf lemma="Europa" pos="X">Europa</wf>
         <wf lemma="som" pos="X">som</wf>
         <wf lemma="'vin'" pos="X">'vin'</wf>
         <wf lemma="," pos="X">,</wf>
         <wf lemma="skal" pos="X">skal</wf>
         <wf lemma="den" pos="X">den</wf>
         <wf lemma="indeholde" pos="X">indeholde</wf>
         <wf lemma="et" pos="X">et</wf>
         <wf lemma="minimum" pos="X">minimum</wf>
         <wf lemma="af" pos="X">af</wf>
         <wf lemma="alkohol" pos="X">alkohol</wf>
         <wf lemma="." pos="X">.</wf>
      </sentence>
      <sentence id="d000.s1538" source="wordnet-danish">
         <wf lemma="Indsend" pos="X">Indsend</wf>
         <wf lemma="i" pos="X">i</wf>
         <instance id="d000.s1538.t000" lemma="check" pos="NOUN">check</instance>
         <wf lemma="eller" pos="X">eller</wf>
         <wf lemma="frimærker" pos="X">frimærker</wf>
         <wf lemma="kr." pos="X">kr.</wf>
         <wf lemma="39.85" pos="X">39.85</wf>
         <wf lemma="." pos="X">.</wf>
      </sentence>
      <sentence id="d000.s1539" source="wordnet-danish">
         <wf lemma="Problemet" pos="X">Problemet</wf>
         <wf lemma="er" pos="X">er</wf>
         <wf lemma="," pos="X">,</wf>
         <wf lemma="at" pos="X">at</wf>
         <wf lemma="udryddelsen" pos="X">udryddelsen</wf>
         <wf lemma="af" pos="X">af</wf>
         <instance id="d000.s1539.t000" lemma="art" pos="NOUN">arter</instance>
         <wf lemma="," pos="X">,</wf>
         <wf lemma="fx" pos="X">fx</wf>
         <wf lemma="i" pos="X">i</wf>
         <wf lemma="de" pos="X">de</wf>
         <wf lemma="tropiske" pos="X">tropiske</wf>
         <wf lemma="regnskove" pos="X">regnskove</wf>
         <wf lemma="," pos="X">,</wf>
         <wf lemma="er" pos="X">er</wf>
         <wf lemma="uoprettelig" pos="X">uoprettelig</wf>
         <wf lemma="." pos="X">.</wf>
      </sentence>
      <sentence id="d000.s1540" source="wordnet-danish">
         <wf lemma="Vi" pos="X">Vi</wf>
         <wf lemma="skal" pos="X">skal</wf>
         <instance id="d000.s1540.t000" lemma="besøge" pos="VERB">besøge</instance>
         <wf lemma="landets" pos="X">landets</wf>
         <wf lemma="ældste" pos="X">ældste</wf>
         <wf lemma="værft" pos="X">værft</wf>
         <wf lemma="for" pos="X">for</wf>
         <wf lemma="træskibe" pos="X">træskibe</wf>
         <wf lemma="." pos="X">.</wf>
      </sentence>
      <sentence id="d000.s1541" source="wordnet-danish">
         <wf lemma="hans" pos="X">hans</wf>
         <wf lemma="far" pos="X">far</wf>
         <wf lemma="og" pos="X">og</wf>
         <wf lemma="mor" pos="X">mor</wf>
         <instance id="d000.s1541.t000" lemma="kalde" pos="VERB">kaldte</instance>
         <wf lemma="ham" pos="X">ham</wf>
         <wf lemma="John" pos="X">John</wf>
         <wf lemma="Cleese" pos="X">Cleese</wf>
         <wf lemma="," pos="X">,</wf>
         <wf lemma="da" pos="X">da</wf>
         <wf lemma="han" pos="X">han</wf>
         <wf lemma="for" pos="X">for</wf>
         <wf lemma="47" pos="X">47</wf>
         <wf lemma="år" pos="X">år</wf>
         <wf lemma="siden" pos="X">siden</wf>
         <wf lemma="kom" pos="X">kom</wf>
         <wf lemma="til" pos="X">til</wf>
         <wf lemma="verden" pos="X">verden</wf>
         <wf lemma="." pos="X">.</wf>
      </sentence>
      <sentence id="d000.s1542" source="wordnet-danish">
         <wf lemma="Hun" pos="X">Hun</wf>
         <instance id="d000.s1542.t000" lemma="nikke" pos="VERB">nikkede</instance>
         <wf lemma="et" pos="X">et</wf>
         <wf lemma="lille" pos="X">lille</wf>
         <wf lemma="bestemt" pos="X">bestemt</wf>
         <wf lemma="nik" pos="X">nik</wf>
         <wf lemma="over" pos="X">over</wf>
         <wf lemma="skulderen" pos="X">skulderen</wf>
         <wf lemma="," pos="X">,</wf>
         <wf lemma="og" pos="X">og</wf>
         <wf lemma="pastoren" pos="X">pastoren</wf>
         <wf lemma="fulgte" pos="X">fulgte</wf>
         <wf lemma="med" pos="X">med</wf>
         <wf lemma="hende" pos="X">hende</wf>
         <wf lemma="ind" pos="X">ind</wf>
         <wf lemma="i" pos="X">i</wf>
         <wf lemma="hallen" pos="X">hallen</wf>
         <wf lemma="." pos="X">.</wf>
      </sentence>
      <sentence id="d000.s1543" source="wordnet-danish">
         <instance id="d000.s1543.t000" lemma="kugle" pos="NOUN">kuglen</instance>
         <wf lemma="er" pos="X">er</wf>
         <wf lemma="den" pos="X">den</wf>
         <wf lemma="rumgeometriske" pos="X">rumgeometriske</wf>
         <wf lemma="form" pos="X">form</wf>
         <wf lemma="," pos="X">,</wf>
         <wf lemma="som" pos="X">som</wf>
         <wf lemma="har" pos="X">har</wf>
         <wf lemma="den" pos="X">den</wf>
         <wf lemma="mindste" pos="X">mindste</wf>
         <wf lemma="overflade" pos="X">overflade</wf>
         <wf lemma="i" pos="X">i</wf>
         <wf lemma="forhold" pos="X">forhold</wf>
         <wf lemma="til" pos="X">til</wf>
         <wf lemma="indhold" pos="X">indhold</wf>
         <wf lemma="." pos="X">.</wf>
      </sentence>
      <sentence id="d000.s1544" source="wordnet-danish">
         <wf lemma="De" pos="X">De</wf>
         <wf lemma="kostbare" pos="X">kostbare</wf>
         <wf lemma="krebsdyr" pos="X">krebsdyr</wf>
         <wf lemma="tælles" pos="X">tælles</wf>
         <wf lemma="," pos="X">,</wf>
         <wf lemma="vejes" pos="X">vejes</wf>
         <wf lemma="og" pos="X">og</wf>
         <wf lemma="lægges" pos="X">lægges</wf>
         <wf lemma="i" pos="X">i</wf>
         <wf lemma="aflåste" pos="X">aflåste</wf>
         <wf lemma="kasser" pos="X">kasser</wf>
         <wf lemma="," pos="X">,</wf>
         <wf lemma="hvorefter" pos="X">hvorefter</wf>
         <wf lemma="de" pos="X">de</wf>
         <wf lemma="er" pos="X">er</wf>
         <wf lemma="klar" pos="X">klar</wf>
         <wf lemma="til" pos="X">til</wf>
         <instance id="d000.s1544.t000" lemma="transport" pos="NOUN">transport</instance>
         <wf lemma="." pos="X">.</wf>
      </sentence>
      <sentence id="d000.s1545" source="wordnet-danish">
         <wf lemma="det" pos="X">det</wf>
         <wf lemma="rødkalkede" pos="X">rødkalkede</wf>
         <wf lemma="hus" pos="X">hus</wf>
         <wf lemma="med" pos="X">med</wf>
         <wf lemma="tegltag" pos="X">tegltag</wf>
         <wf lemma="fik" pos="X">fik</wf>
         <instance id="d000.s1545.t000" lemma="navn" pos="NOUN">navn</instance>
         <wf lemma="efter" pos="X">efter</wf>
         <wf lemma="hans" pos="X">hans</wf>
         <wf lemma="kone" pos="X">kone</wf>
         <wf lemma="," pos="X">,</wf>
         <wf lemma="Amalie" pos="X">Amalie</wf>
         <wf lemma="." pos="X">.</wf>
      </sentence>
      <sentence id="d000.s1546" source="wordnet-danish">
         <wf lemma="Privatfly" pos="X">Privatfly</wf>
         <instance id="d000.s1546.t000" lemma="bringe" pos="VERB">bragte</instance>
         <wf lemma="flygtningene" pos="X">flygtningene</wf>
         <wf lemma="fra" pos="X">fra</wf>
         <wf lemma="Karup" pos="X">Karup</wf>
         <wf lemma="til" pos="X">til</wf>
         <wf lemma="Bruxelles" pos="X">Bruxelles</wf>
         <wf lemma="." pos="X">.</wf>
      </sentence>
      <sentence id="d000.s1547" source="wordnet-danish">
         <wf lemma="Hver" pos="X">Hver</wf>
         <wf lemma="dag" pos="X">dag</wf>
         <wf lemma="henvender" pos="X">henvender</wf>
         <wf lemma="otte" pos="X">otte</wf>
         <wf lemma="til" pos="X">til</wf>
         <wf lemma="ti" pos="X">ti</wf>
         <wf lemma="piger" pos="X">piger</wf>
         <wf lemma="eller" pos="X">eller</wf>
         <wf lemma="mænd" pos="X">mænd</wf>
         <wf lemma="sig" pos="X">sig</wf>
         <wf lemma="til" pos="X">til</wf>
         <instance id="d000.s1547.t000" lemma="bureau" pos="NOUN">bureauet</instance>
         <wf lemma="," pos="X">,</wf>
         <wf lemma="men" pos="X">men</wf>
         <wf lemma="gennemsnitlig" pos="X">gennemsnitlig</wf>
         <wf lemma="prøvefotograferes" pos="X">prøvefotograferes</wf>
         <wf lemma="en" pos="X">en</wf>
         <wf lemma="til" pos="X">til</wf>
         <wf lemma="to" pos="X">to</wf>
         <wf lemma="om" pos="X">om</wf>
         <wf lemma="måneden" pos="X">måneden</wf>
         <wf lemma="." pos="X">.</wf>
      </sentence>
      <sentence id="d000.s1548" source="wordnet-danish">
         <wf lemma="Der" pos="X">Der</wf>
         <wf lemma="var" pos="X">var</wf>
         <wf lemma="ingen" pos="X">ingen</wf>
         <wf lemma="færdsel" pos="X">færdsel</wf>
         <wf lemma="gennem" pos="X">gennem</wf>
         <wf lemma="porten" pos="X">porten</wf>
         <wf lemma="," pos="X">,</wf>
         <wf lemma="og" pos="X">og</wf>
         <wf lemma="der" pos="X">der</wf>
         <wf lemma="var" pos="X">var</wf>
         <wf lemma="endnu" pos="X">endnu</wf>
         <wf lemma="to-tre" pos="X">to-tre</wf>
         <wf lemma="timer" pos="X">timer</wf>
         <wf lemma="til" pos="X">til</wf>
         <wf lemma="den" pos="X">den</wf>
         <wf lemma="skulle" pos="X">skulle</wf>
         <instance id="d000.s1548.t000" lemma="lukke" pos="VERB">lukkes</instance>
         <wf lemma="." pos="X">.</wf>
      </sentence>
      <sentence id="d000.s1549" source="wordnet-danish">
         <wf lemma="Vi" pos="X">Vi</wf>
         <wf lemma="fandt" pos="X">fandt</wf>
         <wf lemma="fængslet" pos="X">fængslet</wf>
         <wf lemma="forsvarligt" pos="X">forsvarligt</wf>
         <wf lemma="aflåset" pos="X">aflåset</wf>
         <wf lemma="og" pos="X">og</wf>
         <wf lemma="vagterne" pos="X">vagterne</wf>
         <wf lemma="på" pos="X">på</wf>
         <instance id="d000.s1549.t000" lemma="post" pos="NOUN">post</instance>
         <wf lemma="ved" pos="X">ved</wf>
         <wf lemma="portene" pos="X">portene</wf>
         <wf lemma="." pos="X">.</wf>
      </sentence>
      <sentence id="d000.s1550" source="wordnet-danish">
         <wf lemma="om" pos="X">om</wf>
         <wf lemma="vinteren" pos="X">vinteren</wf>
         <instance id="d000.s1550.t000" lemma="skøjte" pos="VERB">skøjtede</instance>
         <wf lemma="vi" pos="X">vi</wf>
         <wf lemma="jo" pos="X">jo</wf>
         <wf lemma="nede" pos="X">nede</wf>
         <wf lemma="på" pos="X">på</wf>
         <wf lemma=".." pos="X">..</wf>
         <wf lemma="en" pos="X">en</wf>
         <wf lemma="stor" pos="X">stor</wf>
         <wf lemma="eng" pos="X">eng</wf>
         <wf lemma="," pos="X">,</wf>
         <wf lemma="der" pos="X">der</wf>
         <wf lemma="var" pos="X">var</wf>
         <wf lemma="iset" pos="X">iset</wf>
         <wf lemma="til" pos="X">til</wf>
         <wf lemma="." pos="X">.</wf>
      </sentence>
      <sentence id="d000.s1551" source="wordnet-danish">
         <wf lemma="Reklamerne" pos="X">Reklamerne</wf>
         <wf lemma="siger" pos="X">siger</wf>
         <instance id="d000.s1551.t000" lemma="implicit" pos="ADJ">implicit</instance>
         <wf lemma="," pos="X">,</wf>
         <wf lemma="at" pos="X">at</wf>
         <wf lemma="man" pos="X">man</wf>
         <wf lemma="ved" pos="X">ved</wf>
         <wf lemma="at" pos="X">at</wf>
         <wf lemma="vælge" pos="X">vælge</wf>
         <wf lemma="Front" pos="X">Front</wf>
         <wf lemma="Zett" pos="X">Zett</wf>
         <wf lemma="sko" pos="X">sko</wf>
         <wf lemma="får" pos="X">får</wf>
         <wf lemma="en" pos="X">en</wf>
         <wf lemma="'fodoplevelse'" pos="X">'fodoplevelse'</wf>
         <wf lemma="," pos="X">,</wf>
         <wf lemma="som" pos="X">som</wf>
         <wf lemma="ikke" pos="X">ikke</wf>
         <wf lemma="kan" pos="X">kan</wf>
         <wf lemma="fås" pos="X">fås</wf>
         <wf lemma="andre" pos="X">andre</wf>
         <wf lemma="steder" pos="X">steder</wf>
         <wf lemma="." pos="X">.</wf>
      </sentence>
      <sentence id="d000.s1552" source="wordnet-danish">
         <wf lemma="Når" pos="X">Når</wf>
         <wf lemma="han" pos="X">han</wf>
         <wf lemma="kommer" pos="X">kommer</wf>
         <wf lemma="hjem" pos="X">hjem</wf>
         <wf lemma="fra" pos="X">fra</wf>
         <wf lemma="arbejde" pos="X">arbejde</wf>
         <wf lemma="," pos="X">,</wf>
         <wf lemma="smider" pos="X">smider</wf>
         <wf lemma="han" pos="X">han</wf>
         <wf lemma="sig" pos="X">sig</wf>
         <wf lemma="på" pos="X">på</wf>
         <instance id="d000.s1552.t000" lemma="sofa" pos="NOUN">sofaen</instance>
         <wf lemma="og" pos="X">og</wf>
         <wf lemma="forlanger" pos="X">forlanger</wf>
         <wf lemma="mad" pos="X">mad</wf>
         <wf lemma="." pos="X">.</wf>
      </sentence>
      <sentence id="d000.s1553" source="wordnet-danish">
         <wf lemma="Fedtstoffet" pos="X">Fedtstoffet</wf>
         <wf lemma="i" pos="X">i</wf>
         <wf lemma="avocado" pos="X">avocado</wf>
         <wf lemma="er" pos="X">er</wf>
         <wf lemma="en" pos="X">en</wf>
         <wf lemma="meget" pos="X">meget</wf>
         <wf lemma="ernæringsrig" pos="X">ernæringsrig</wf>
         <instance id="d000.s1553.t000" lemma="olie" pos="NOUN">olie</instance>
         <wf lemma="," pos="X">,</wf>
         <wf lemma="som" pos="X">som</wf>
         <wf lemma="er" pos="X">er</wf>
         <wf lemma="rig" pos="X">rig</wf>
         <wf lemma="på" pos="X">på</wf>
         <wf lemma="flerumættede" pos="X">flerumættede</wf>
         <wf lemma="fedtsyrer" pos="X">fedtsyrer</wf>
         <wf lemma="." pos="X">.</wf>
      </sentence>
      <sentence id="d000.s1554" source="wordnet-danish">
         <wf lemma="Deltagerne" pos="X">Deltagerne</wf>
         <wf lemma="blev" pos="X">blev</wf>
         <instance id="d000.s1554.t000" lemma="blande" pos="VERB">blandet</instance>
         <wf lemma="ved" pos="X">ved</wf>
         <wf lemma="lodtrækning" pos="X">lodtrækning</wf>
         <wf lemma="." pos="X">.</wf>
      </sentence>
      <sentence id="d000.s1555" source="wordnet-danish">
         <wf lemma="Hendes" pos="X">Hendes</wf>
         <wf lemma="mand" pos="X">mand</wf>
         <wf lemma="havde" pos="X">havde</wf>
         <wf lemma="begæret" pos="X">begæret</wf>
         <instance id="d000.s1555.t000" lemma="skilsmisse" pos="NOUN">skilsmisse</instance>
         <wf lemma="." pos="X">.</wf>
         <wf lemma="Som" pos="X">Som</wf>
         <wf lemma="grund" pos="X">grund</wf>
         <wf lemma="angav" pos="X">angav</wf>
         <wf lemma="han" pos="X">han</wf>
         <wf lemma="'dybe" pos="X">'dybe</wf>
         <wf lemma="og" pos="X">og</wf>
         <wf lemma="varige" pos="X">varige</wf>
         <wf lemma="uoverensstemmelser'." pos="X">uoverensstemmelser'.</wf>
      </sentence>
      <sentence id="d000.s1556" source="wordnet-danish">
         <wf lemma="det" pos="X">det</wf>
         <wf lemma="er" pos="X">er</wf>
         <wf lemma="knap" pos="X">knap</wf>
         <wf lemma="så" pos="X">så</wf>
         <wf lemma="kendt" pos="X">kendt</wf>
         <wf lemma="," pos="X">,</wf>
         <wf lemma="at" pos="X">at</wf>
         <wf lemma="mesterfrisøren" pos="X">mesterfrisøren</wf>
         <wf lemma="også" pos="X">også</wf>
         <wf lemma="er" pos="X">er</wf>
         <wf lemma="en" pos="X">en</wf>
         <wf lemma="fremragende" pos="X">fremragende</wf>
         <instance id="d000.s1556.t000" lemma="kok" pos="NOUN">kok</instance>
         <wf lemma="." pos="X">.</wf>
      </sentence>
      <sentence id="d000.s1557" source="wordnet-danish">
         <wf lemma="disse" pos="X">disse</wf>
         <wf lemma="to" pos="X">to</wf>
         <wf lemma="hændelser" pos="X">hændelser</wf>
         <wf lemma="skal" pos="X">skal</wf>
         <wf lemma="måske" pos="X">måske</wf>
         <wf lemma="slet" pos="X">slet</wf>
         <wf lemma="ikke" pos="X">ikke</wf>
         <wf lemma="ses" pos="X">ses</wf>
         <wf lemma="i" pos="X">i</wf>
         <instance id="d000.s1557.t000" lemma="sammenhæng" pos="NOUN">sammenhæng</instance>
         <wf lemma="?" pos="X">?</wf>
      </sentence>
      <sentence id="d000.s1558" source="wordnet-danish">
         <wf lemma="Den" pos="X">Den</wf>
         <wf lemma="politiske" pos="X">politiske</wf>
         <wf lemma="krise" pos="X">krise</wf>
         <wf lemma="," pos="X">,</wf>
         <wf lemma="som" pos="X">som</wf>
         <wf lemma="brød" pos="X">brød</wf>
         <wf lemma="ud" pos="X">ud</wf>
         <wf lemma="i" pos="X">i</wf>
         <wf lemma="Israel" pos="X">Israel</wf>
         <wf lemma="nytårsaftensdag" pos="X">nytårsaftensdag</wf>
         <wf lemma="," pos="X">,</wf>
         <wf lemma="er" pos="X">er</wf>
         <wf lemma="endt" pos="X">endt</wf>
         <wf lemma="med" pos="X">med</wf>
         <wf lemma="et" pos="X">et</wf>
         <instance id="d000.s1558.t000" lemma="kompromis" pos="NOUN">kompromis</instance>
         <wf lemma="." pos="X">.</wf>
      </sentence>
      <sentence id="d000.s1559" source="wordnet-danish">
         <wf lemma="Jeg" pos="X">Jeg</wf>
         <wf lemma="har" pos="X">har</wf>
         <wf lemma="fået" pos="X">fået</wf>
         <wf lemma="eget" pos="X">eget</wf>
         <instance id="d000.s1559.t000" lemma="band" pos="NOUN">band</instance>
         <wf lemma="," pos="X">,</wf>
         <wf lemma="og" pos="X">og</wf>
         <wf lemma="vi" pos="X">vi</wf>
         <wf lemma="drager" pos="X">drager</wf>
         <wf lemma="ud" pos="X">ud</wf>
         <wf lemma="og" pos="X">og</wf>
         <wf lemma="spiller" pos="X">spiller</wf>
         <wf lemma="i" pos="X">i</wf>
         <wf lemma="musikklubber" pos="X">musikklubber</wf>
         <wf lemma="og" pos="X">og</wf>
         <wf lemma="på" pos="X">på</wf>
         <wf lemma="gymnasier" pos="X">gymnasier</wf>
         <wf lemma="." pos="X">.</wf>
      </sentence>
      <sentence id="d000.s1560" source="wordnet-danish">
         <wf lemma="Farverne" pos="X">Farverne</wf>
         <instance id="d000.s1560.t000" lemma="understrege" pos="VERB">understreger</instance>
         <wf lemma="helhedsindtrykket" pos="X">helhedsindtrykket</wf>
         <wf lemma="af" pos="X">af</wf>
         <wf lemma="en" pos="X">en</wf>
         <wf lemma="utrolig" pos="X">utrolig</wf>
         <wf lemma="stærk" pos="X">stærk</wf>
         <wf lemma="fremstilling" pos="X">fremstilling</wf>
         <wf lemma="af" pos="X">af</wf>
         <wf lemma="den" pos="X">den</wf>
         <wf lemma="umenneskelige" pos="X">umenneskelige</wf>
         <wf lemma="lidelse" pos="X">lidelse</wf>
         <wf lemma="," pos="X">,</wf>
         <wf lemma="som" pos="X">som</wf>
         <wf lemma="døden" pos="X">døden</wf>
         <wf lemma="på" pos="X">på</wf>
         <wf lemma="korset" pos="X">korset</wf>
         <wf lemma="var" pos="X">var</wf>
         <wf lemma="." pos="X">.</wf>
      </sentence>
      <sentence id="d000.s1561" source="wordnet-danish">
         <instance id="d000.s1561.t000" lemma="idræt" pos="NOUN">idrætten</instance>
         <wf lemma="er" pos="X">er</wf>
         <wf lemma="en" pos="X">en</wf>
         <wf lemma="vigtig" pos="X">vigtig</wf>
         <wf lemma="del" pos="X">del</wf>
         <wf lemma="af" pos="X">af</wf>
         <wf lemma="kulturlivet" pos="X">kulturlivet</wf>
         <wf lemma="." pos="X">.</wf>
      </sentence>
      <sentence id="d000.s1562" source="wordnet-danish">
         <wf lemma="vi" pos="X">vi</wf>
         <wf lemma="er" pos="X">er</wf>
         <wf lemma="10" pos="X">10</wf>
         <instance id="d000.s1562.t000" lemma="nabo" pos="NOUN">naboer</instance>
         <wf lemma="som" pos="X">som</wf>
         <wf lemma="ser" pos="X">ser</wf>
         <wf lemma="til" pos="X">til</wf>
         <wf lemma="hinandens" pos="X">hinandens</wf>
         <wf lemma="huse" pos="X">huse</wf>
         <wf lemma="." pos="X">.</wf>
      </sentence>
      <sentence id="d000.s1563" source="wordnet-danish">
         <wf lemma="det" pos="X">det</wf>
         <wf lemma="var" pos="X">var</wf>
         <wf lemma="tydeligt" pos="X">tydeligt</wf>
         <wf lemma="at" pos="X">at</wf>
         <wf lemma="onkel" pos="X">onkel</wf>
         <wf lemma="Oscars" pos="X">Oscars</wf>
         <wf lemma="ord" pos="X">ord</wf>
         <wf lemma="havde" pos="X">havde</wf>
         <wf lemma="gjort" pos="X">gjort</wf>
         <instance id="d000.s1563.t000" lemma="indtryk" pos="NOUN">indtryk</instance>
         <wf lemma="på" pos="X">på</wf>
         <wf lemma="hende" pos="X">hende</wf>
         <wf lemma="." pos="X">.</wf>
      </sentence>
      <sentence id="d000.s1564" source="wordnet-danish">
         <wf lemma="I" pos="X">I</wf>
         <wf lemma="1972" pos="X">1972</wf>
         <wf lemma="traf" pos="X">traf</wf>
         <wf lemma="Danmark" pos="X">Danmark</wf>
         <instance id="d000.s1564.t000" lemma="beslutning" pos="NOUN">beslutning</instance>
         <wf lemma="om" pos="X">om</wf>
         <wf lemma="at" pos="X">at</wf>
         <wf lemma="indtræde" pos="X">indtræde</wf>
         <wf lemma="i" pos="X">i</wf>
         <wf lemma="EF" pos="X">EF</wf>
         <wf lemma="." pos="X">.</wf>
      </sentence>
      <sentence id="d000.s1565" source="wordnet-danish">
         <wf lemma="En" pos="X">En</wf>
         <instance id="d000.s1565.t000" lemma="åre" pos="NOUN">åre</instance>
         <wf lemma="dunkede" pos="X">dunkede</wf>
         <wf lemma="kraftigt" pos="X">kraftigt</wf>
         <wf lemma="i" pos="X">i</wf>
         <wf lemma="hendes" pos="X">hendes</wf>
         <wf lemma="venstre" pos="X">venstre</wf>
         <wf lemma="tinding" pos="X">tinding</wf>
         <wf lemma="," pos="X">,</wf>
         <wf lemma="og" pos="X">og</wf>
         <wf lemma="Gudrun" pos="X">Gudrun</wf>
         <wf lemma="blev" pos="X">blev</wf>
         <wf lemma="klar" pos="X">klar</wf>
         <wf lemma="over" pos="X">over</wf>
         <wf lemma="," pos="X">,</wf>
         <wf lemma="at" pos="X">at</wf>
         <wf lemma="hun" pos="X">hun</wf>
         <wf lemma="havde" pos="X">havde</wf>
         <wf lemma="gjort" pos="X">gjort</wf>
         <wf lemma="hende" pos="X">hende</wf>
         <wf lemma="oprevet" pos="X">oprevet</wf>
         <wf lemma="." pos="X">.</wf>
      </sentence>
      <sentence id="d000.s1566" source="wordnet-danish">
         <wf lemma="Et" pos="X">Et</wf>
         <wf lemma="meningsløst" pos="X">meningsløst</wf>
         <wf lemma="drab" pos="X">drab</wf>
         <wf lemma="," pos="X">,</wf>
         <wf lemma="som" pos="X">som</wf>
         <wf lemma="småskænderier" pos="X">småskænderier</wf>
         <wf lemma="mellem" pos="X">mellem</wf>
         <instance id="d000.s1566.t000" lemma="vært" pos="NOUN">vært</instance>
         <wf lemma="og" pos="X">og</wf>
         <wf lemma="lejer" pos="X">lejer</wf>
         <wf lemma="hverken" pos="X">hverken</wf>
         <wf lemma="kan" pos="X">kan</wf>
         <wf lemma="forklare" pos="X">forklare</wf>
         <wf lemma="eller" pos="X">eller</wf>
         <wf lemma="undskylde" pos="X">undskylde</wf>
         <wf lemma="." pos="X">.</wf>
      </sentence>
      <sentence id="d000.s1567" source="wordnet-danish">
         <wf lemma="det" pos="X">det</wf>
         <wf lemma="ville" pos="X">ville</wf>
         <wf lemma="være" pos="X">være</wf>
         <wf lemma="dumt" pos="X">dumt</wf>
         <wf lemma="at" pos="X">at</wf>
         <wf lemma="løbe" pos="X">løbe</wf>
         <instance id="d000.s1567.t000" lemma="direkte" pos="ADJ">direkte</instance>
         <wf lemma="hjem" pos="X">hjem</wf>
         <wf lemma="til" pos="X">til</wf>
         <wf lemma="Albertslund" pos="X">Albertslund</wf>
         <wf lemma="." pos="X">.</wf>
         <wf lemma="I" pos="X">I</wf>
         <wf lemma="stedet" pos="X">stedet</wf>
         <wf lemma="gik" pos="X">gik</wf>
         <wf lemma="jeg" pos="X">jeg</wf>
         <wf lemma="mod" pos="X">mod</wf>
         <wf lemma="Glostrup" pos="X">Glostrup</wf>
         <wf lemma="." pos="X">.</wf>
      </sentence>
      <sentence id="d000.s1568" source="wordnet-danish">
         <wf lemma="filatelien" pos="X">filatelien</wf>
         <wf lemma="er" pos="X">er</wf>
         <wf lemma="verdens" pos="X">verdens</wf>
         <wf lemma="mest" pos="X">mest</wf>
         <wf lemma="udbredte" pos="X">udbredte</wf>
         <instance id="d000.s1568.t000" lemma="hobby" pos="NOUN">hobby</instance>
         <wf lemma="." pos="X">.</wf>
      </sentence>
      <sentence id="d000.s1569" source="wordnet-danish">
         <wf lemma="Meget" pos="X">Meget</wf>
         <wf lemma="taler" pos="X">taler</wf>
         <wf lemma="for" pos="X">for</wf>
         <wf lemma="," pos="X">,</wf>
         <wf lemma="at" pos="X">at</wf>
         <wf lemma="de" pos="X">de</wf>
         <wf lemma="første" pos="X">første</wf>
         <instance id="d000.s1569.t000" lemma="bosættelse" pos="NOUN">bosættelser</instance>
         <wf lemma="uden" pos="X">uden</wf>
         <wf lemma="for" pos="X">for</wf>
         <wf lemma="Jorden" pos="X">Jorden</wf>
         <wf lemma="anlægges" pos="X">anlægges</wf>
         <wf lemma="som" pos="X">som</wf>
         <wf lemma="drivhuse" pos="X">drivhuse</wf>
         <wf lemma="på" pos="X">på</wf>
         <wf lemma="Mars" pos="X">Mars</wf>
         <wf lemma="omkring" pos="X">omkring</wf>
         <wf lemma="2030." pos="X">2030.</wf>
      </sentence>
      <sentence id="d000.s1570" source="wordnet-danish">
         <wf lemma="når" pos="X">når</wf>
         <wf lemma="hun" pos="X">hun</wf>
         <wf lemma="besøgte" pos="X">besøgte</wf>
         <wf lemma="sin" pos="X">sin</wf>
         <wf lemma="farbror" pos="X">farbror</wf>
         <wf lemma="og" pos="X">og</wf>
         <instance id="d000.s1570.t000" lemma="tante" pos="NOUN">tante</instance>
         <wf lemma="måtte" pos="X">måtte</wf>
         <wf lemma="hun" pos="X">hun</wf>
         <wf lemma="altid" pos="X">altid</wf>
         <wf lemma="gøre" pos="X">gøre</wf>
         <wf lemma="sig" pos="X">sig</wf>
         <wf lemma="umage" pos="X">umage</wf>
         <wf lemma="for" pos="X">for</wf>
         <wf lemma="at" pos="X">at</wf>
         <wf lemma="opføre" pos="X">opføre</wf>
         <wf lemma="sig" pos="X">sig</wf>
         <wf lemma="pænt" pos="X">pænt</wf>
         <wf lemma="." pos="X">.</wf>
      </sentence>
      <sentence id="d000.s1571" source="wordnet-danish">
         <wf lemma="der" pos="X">der</wf>
         <wf lemma="var" pos="X">var</wf>
         <wf lemma="dækket" pos="X">dækket</wf>
         <wf lemma="op" pos="X">op</wf>
         <wf lemma="med" pos="X">med</wf>
         <wf lemma="kopper" pos="X">kopper</wf>
         <wf lemma="og" pos="X">og</wf>
         <wf lemma="sukkerskål" pos="X">sukkerskål</wf>
         <wf lemma="," pos="X">,</wf>
         <wf lemma="mælk" pos="X">mælk</wf>
         <wf lemma="," pos="X">,</wf>
         <wf lemma="vanillekranse" pos="X">vanillekranse</wf>
         <wf lemma="og" pos="X">og</wf>
         <instance id="d000.s1571.t000" lemma="kaffe" pos="NOUN">kaffe</instance>
         <wf lemma="på" pos="X">på</wf>
         <wf lemma="termokande" pos="X">termokande</wf>
         <wf lemma="." pos="X">.</wf>
      </sentence>
      <sentence id="d000.s1572" source="wordnet-danish">
         <wf lemma="Danske" pos="X">Danske</wf>
         <wf lemma="Kancelli" pos="X">Kancelli</wf>
         <wf lemma="var" pos="X">var</wf>
         <wf lemma="en" pos="X">en</wf>
         <instance id="d000.s1572.t000" lemma="indflydelsesrig" pos="ADJ">indflydelsesrig</instance>
         <wf lemma="forsamling" pos="X">forsamling</wf>
         <wf lemma="i" pos="X">i</wf>
         <wf lemma="enevældens" pos="X">enevældens</wf>
         <wf lemma="sidste" pos="X">sidste</wf>
         <wf lemma="årtier" pos="X">årtier</wf>
         <wf lemma="." pos="X">.</wf>
      </sentence>
      <sentence id="d000.s1573" source="wordnet-danish">
         <wf lemma="[fredslilje" pos="X">[fredslilje</wf>
         <wf lemma="er" pos="X">er</wf>
         <wf lemma="en]" pos="X">en]</wf>
         <wf lemma="forholdsvis" pos="X">forholdsvis</wf>
         <wf lemma="nem" pos="X">nem</wf>
         <instance id="d000.s1573.t000" lemma="stueplante" pos="NOUN">stueplante</instance>
         <wf lemma="med" pos="X">med</wf>
         <wf lemma="smukke" pos="X">smukke</wf>
         <wf lemma="blade" pos="X">blade</wf>
         <wf lemma="og" pos="X">og</wf>
         <wf lemma="yndige" pos="X">yndige</wf>
         <wf lemma="hvide" pos="X">hvide</wf>
         <wf lemma="blomster" pos="X">blomster</wf>
         <wf lemma="." pos="X">.</wf>
      </sentence>
      <sentence id="d000.s1574" source="wordnet-danish">
         <wf lemma="Min" pos="X">Min</wf>
         <wf lemma="kniv" pos="X">kniv</wf>
         <wf lemma="er" pos="X">er</wf>
         <instance id="d000.s1574.t000" lemma="sløv" pos="ADJ">sløv</instance>
         <wf lemma="," pos="X">,</wf>
         <wf lemma="men" pos="X">men</wf>
         <wf lemma="den" pos="X">den</wf>
         <wf lemma="kan" pos="X">kan</wf>
         <wf lemma="vel" pos="X">vel</wf>
         <wf lemma="nok" pos="X">nok</wf>
         <wf lemma="rage" pos="X">rage</wf>
         <wf lemma="skæg" pos="X">skæg</wf>
         <wf lemma="og" pos="X">og</wf>
         <wf lemma="hår" pos="X">hår</wf>
         <wf lemma="af" pos="X">af</wf>
         <wf lemma="en" pos="X">en</wf>
         <wf lemma="svindler" pos="X">svindler</wf>
         <wf lemma="som" pos="X">som</wf>
         <wf lemma="dig" pos="X">dig</wf>
         <wf lemma="." pos="X">.</wf>
      </sentence>
      <sentence id="d000.s1575" source="wordnet-danish">
         <wf lemma="Som" pos="X">Som</wf>
         <wf lemma="følge" pos="X">følge</wf>
         <wf lemma="af" pos="X">af</wf>
         <wf lemma="kønnet" pos="X">kønnet</wf>
         <wf lemma="formering" pos="X">formering</wf>
         <wf lemma="," pos="X">,</wf>
         <instance id="d000.s1575.t000" lemma="mutation" pos="NOUN">mutationer</instance>
         <wf lemma="og" pos="X">og</wf>
         <wf lemma="naturlig" pos="X">naturlig</wf>
         <wf lemma="selektion" pos="X">selektion</wf>
         <wf lemma="er" pos="X">er</wf>
         <wf lemma="arvemassen" pos="X">arvemassen</wf>
         <wf lemma="i" pos="X">i</wf>
         <wf lemma="konstant" pos="X">konstant</wf>
         <wf lemma="bevægelse" pos="X">bevægelse</wf>
         <wf lemma="," pos="X">,</wf>
         <wf lemma="både" pos="X">både</wf>
         <wf lemma="hos" pos="X">hos</wf>
         <wf lemma="mennesker" pos="X">mennesker</wf>
         <wf lemma="og" pos="X">og</wf>
         <wf lemma="i" pos="X">i</wf>
         <wf lemma="den" pos="X">den</wf>
         <wf lemma="levende" pos="X">levende</wf>
         <wf lemma="natur" pos="X">natur</wf>
         <wf lemma="." pos="X">.</wf>
      </sentence>
      <sentence id="d000.s1576" source="wordnet-danish">
         <wf lemma="jeg" pos="X">jeg</wf>
         <wf lemma="laver" pos="X">laver</wf>
         <wf lemma="aldrig" pos="X">aldrig</wf>
         <wf lemma="lektier" pos="X">lektier</wf>
         <wf lemma="," pos="X">,</wf>
         <wf lemma="er" pos="X">er</wf>
         <wf lemma="en" pos="X">en</wf>
         <wf lemma="blækmatematik" pos="X">blækmatematik</wf>
         <wf lemma="og" pos="X">og</wf>
         <wf lemma="2" pos="X">2</wf>
         <wf lemma="fysikrapporter" pos="X">fysikrapporter</wf>
         <wf lemma="bagud" pos="X">bagud</wf>
         <wf lemma="." pos="X">.</wf>
         <wf lemma="Du" pos="X">Du</wf>
         <wf lemma="kan" pos="X">kan</wf>
         <wf lemma="ikke" pos="X">ikke</wf>
         <wf lemma="forestille" pos="X">forestille</wf>
         <wf lemma="dig" pos="X">dig</wf>
         <wf lemma="hvor" pos="X">hvor</wf>
         <instance id="d000.s1576.t000" lemma="doven" pos="ADJ">doven</instance>
         <wf lemma="jeg" pos="X">jeg</wf>
         <wf lemma="er" pos="X">er</wf>
         <wf lemma="." pos="X">.</wf>
      </sentence>
      <sentence id="d000.s1577" source="wordnet-danish">
         <wf lemma="det" pos="X">det</wf>
         <wf lemma="stemmer" pos="X">stemmer</wf>
         <wf lemma="for" pos="X">for</wf>
         <wf lemma="brystet" pos="X">brystet</wf>
         <wf lemma="," pos="X">,</wf>
         <wf lemma="jeg" pos="X">jeg</wf>
         <wf lemma="får" pos="X">får</wf>
         <wf lemma="svært" pos="X">svært</wf>
         <wf lemma="ved" pos="X">ved</wf>
         <wf lemma="at" pos="X">at</wf>
         <instance id="d000.s1577.t000" lemma="ånde" pos="VERB">ånde</instance>
         <wf lemma="." pos="X">.</wf>
      </sentence>
      <sentence id="d000.s1578" source="wordnet-danish">
         <wf lemma="Holder" pos="X">Holder</wf>
         <wf lemma="tendensen" pos="X">tendensen</wf>
         <wf lemma="bliver" pos="X">bliver</wf>
         <wf lemma="det" pos="X">det</wf>
         <wf lemma="stort" pos="X">stort</wf>
         <wf lemma="set" pos="X">set</wf>
         <instance id="d000.s1578.t000" lemma="umulig" pos="ADJ">umuligt</instance>
         <wf lemma="at" pos="X">at</wf>
         <wf lemma="danne" pos="X">danne</wf>
         <wf lemma="en" pos="X">en</wf>
         <wf lemma="flertalsregering" pos="X">flertalsregering</wf>
         <wf lemma="efter" pos="X">efter</wf>
         <wf lemma="valget" pos="X">valget</wf>
         <wf lemma="." pos="X">.</wf>
      </sentence>
      <sentence id="d000.s1579" source="wordnet-danish">
         <wf lemma="Som" pos="X">Som</wf>
         <instance id="d000.s1579.t000" lemma="kvindelig" pos="ADJ">kvindelig</instance>
         <wf lemma="komiker" pos="X">komiker</wf>
         <wf lemma="skal" pos="X">skal</wf>
         <wf lemma="man" pos="X">man</wf>
         <wf lemma="passe" pos="X">passe</wf>
         <wf lemma="på" pos="X">på</wf>
         <wf lemma="," pos="X">,</wf>
         <wf lemma="at" pos="X">at</wf>
         <wf lemma="man" pos="X">man</wf>
         <wf lemma="ikke" pos="X">ikke</wf>
         <wf lemma="bliver" pos="X">bliver</wf>
         <wf lemma="for" pos="X">for</wf>
         <wf lemma="maskulin" pos="X">maskulin</wf>
         <wf lemma="." pos="X">.</wf>
         <wf lemma="At" pos="X">At</wf>
         <wf lemma="vi" pos="X">vi</wf>
         <wf lemma="ikke" pos="X">ikke</wf>
         <wf lemma="bliver" pos="X">bliver</wf>
         <wf lemma="sjove" pos="X">sjove</wf>
         <wf lemma="på" pos="X">på</wf>
         <wf lemma="mændenes" pos="X">mændenes</wf>
         <wf lemma="måde" pos="X">måde</wf>
         <wf lemma="," pos="X">,</wf>
         <wf lemma="siger" pos="X">siger</wf>
         <wf lemma="Gitte" pos="X">Gitte</wf>
         <wf lemma="." pos="X">.</wf>
      </sentence>
      <sentence id="d000.s1580" source="wordnet-danish">
         <wf lemma="jeg" pos="X">jeg</wf>
         <wf lemma="var" pos="X">var</wf>
         <wf lemma="bare" pos="X">bare</wf>
         <wf lemma="glad" pos="X">glad</wf>
         <wf lemma="og" pos="X">og</wf>
         <instance id="d000.s1580.t000" lemma="lykkelig" pos="ADJ">lykkelig</instance>
         <wf lemma="over" pos="X">over</wf>
         <wf lemma="," pos="X">,</wf>
         <wf lemma="at" pos="X">at</wf>
         <wf lemma="det" pos="X">det</wf>
         <wf lemma="var" pos="X">var</wf>
         <wf lemma="vel" pos="X">vel</wf>
         <wf lemma="overstået" pos="X">overstået</wf>
         <wf lemma="." pos="X">.</wf>
      </sentence>
      <sentence id="d000.s1581" source="wordnet-danish">
         <wf lemma="Det" pos="X">Det</wf>
         <wf lemma="er" pos="X">er</wf>
         <wf lemma="muligt" pos="X">muligt</wf>
         <wf lemma="--" pos="X">--</wf>
         <wf lemma="og" pos="X">og</wf>
         <wf lemma="indimellem" pos="X">indimellem</wf>
         <wf lemma="forekommer" pos="X">forekommer</wf>
         <wf lemma="det" pos="X">det</wf>
         <wf lemma="ikke" pos="X">ikke</wf>
         <wf lemma="blot" pos="X">blot</wf>
         <wf lemma="muligt" pos="X">muligt</wf>
         <wf lemma="," pos="X">,</wf>
         <wf lemma="men" pos="X">men</wf>
         <wf lemma="overordentlig" pos="X">overordentlig</wf>
         <instance id="d000.s1581.t000" lemma="sandsynlig" pos="ADJ">sandsynligt</instance>
         <wf lemma="--" pos="X">--</wf>
         <wf lemma="at" pos="X">at</wf>
         <wf lemma="Svend" pos="X">Svend</wf>
         <wf lemma="Auken" pos="X">Auken</wf>
         <wf lemma="aldrig" pos="X">aldrig</wf>
         <wf lemma="bliver" pos="X">bliver</wf>
         <wf lemma="statsminister" pos="X">statsminister</wf>
         <wf lemma="." pos="X">.</wf>
      </sentence>
      <sentence id="d000.s1582" source="wordnet-danish">
         <wf lemma="retterne" pos="X">retterne</wf>
         <wf lemma="tager" pos="X">tager</wf>
         <wf lemma="hensyn" pos="X">hensyn</wf>
         <wf lemma="til" pos="X">til</wf>
         <wf lemma="børns" pos="X">børns</wf>
         <instance id="d000.s1582.t000" lemma="smag" pos="NOUN">smag</instance>
         <wf lemma="." pos="X">.</wf>
         <wf lemma="Med" pos="X">Med</wf>
         <wf lemma="enkle" pos="X">enkle</wf>
         <wf lemma="midler" pos="X">midler</wf>
         <wf lemma="og" pos="X">og</wf>
         <wf lemma="rimeligt" pos="X">rimeligt</wf>
         <wf lemma="få" pos="X">få</wf>
         <wf lemma="ingredienser" pos="X">ingredienser</wf>
         <wf lemma="." pos="X">.</wf>
      </sentence>
      <sentence id="d000.s1583" source="wordnet-danish">
         <wf lemma="Et" pos="X">Et</wf>
         <wf lemma="stort" pos="X">stort</wf>
         <wf lemma="øjeblik" pos="X">øjeblik</wf>
         <wf lemma="," pos="X">,</wf>
         <wf lemma="da" pos="X">da</wf>
         <wf lemma="Dannebrog" pos="X">Dannebrog</wf>
         <wf lemma="endelig" pos="X">endelig</wf>
         <wf lemma="gik" pos="X">gik</wf>
         <wf lemma="til" pos="X">til</wf>
         <wf lemma="tops" pos="X">tops</wf>
         <wf lemma="til" pos="X">til</wf>
         <instance id="d000.s1583.t000" lemma="tone" pos="NOUN">tonerne</instance>
         <wf lemma="af" pos="X">af</wf>
         <wf lemma="'" pos="X">'</wf>
         <wf lemma="Der" pos="X">Der</wf>
         <wf lemma="er" pos="X">er</wf>
         <wf lemma="et" pos="X">et</wf>
         <wf lemma="yndigt" pos="X">yndigt</wf>
         <wf lemma="land'" pos="X">land'</wf>
         <wf lemma="." pos="X">.</wf>
      </sentence>
      <sentence id="d000.s1584" source="wordnet-danish">
         <wf lemma="[kanonen]" pos="X">[kanonen]</wf>
         <wf lemma="med" pos="X">med</wf>
         <wf lemma="skudhuller" pos="X">skudhuller</wf>
         <wf lemma="i" pos="X">i</wf>
         <instance id="d000.s1584.t000" lemma="skjold" pos="NOUN">skjoldet</instance>
         <wf lemma="er" pos="X">er</wf>
         <wf lemma="ét" pos="X">ét</wf>
         <wf lemma="af" pos="X">af</wf>
         <wf lemma="de" pos="X">de</wf>
         <wf lemma="mest" pos="X">mest</wf>
         <wf lemma="dramatiske" pos="X">dramatiske</wf>
         <wf lemma="minder" pos="X">minder</wf>
         <wf lemma="om" pos="X">om</wf>
         <wf lemma="fem" pos="X">fem</wf>
         <wf lemma="danske" pos="X">danske</wf>
         <wf lemma="soldaters" pos="X">soldaters</wf>
         <wf lemma="modige" pos="X">modige</wf>
         <wf lemma="kamp" pos="X">kamp</wf>
         <wf lemma="mod" pos="X">mod</wf>
         <wf lemma="overmagten" pos="X">overmagten</wf>
         <wf lemma="." pos="X">.</wf>
      </sentence>
      <sentence id="d000.s1585" source="wordnet-danish">
         <wf lemma="En" pos="X">En</wf>
         <instance id="d000.s1585.t000" lemma="morder" pos="NOUN">morder</instance>
         <wf lemma="skaber" pos="X">skaber</wf>
         <wf lemma="panik" pos="X">panik</wf>
         <wf lemma="i" pos="X">i</wf>
         <wf lemma="London" pos="X">London</wf>
         <wf lemma="." pos="X">.</wf>
         <wf lemma="Han" pos="X">Han</wf>
         <wf lemma="myrder" pos="X">myrder</wf>
         <wf lemma="kvinder" pos="X">kvinder</wf>
         <wf lemma="," pos="X">,</wf>
         <wf lemma="der" pos="X">der</wf>
         <wf lemma="er" pos="X">er</wf>
         <wf lemma="alene" pos="X">alene</wf>
         <wf lemma="hjemme" pos="X">hjemme</wf>
         <wf lemma="." pos="X">.</wf>
      </sentence>
      <sentence id="d000.s1586" source="wordnet-danish">
         <wf lemma="Det" pos="X">Det</wf>
         <wf lemma="var" pos="X">var</wf>
         <wf lemma="en" pos="X">en</wf>
         <wf lemma="gammeldags" pos="X">gammeldags</wf>
         <wf lemma="butik" pos="X">butik</wf>
         <wf lemma="med" pos="X">med</wf>
         <wf lemma="en" pos="X">en</wf>
         <instance id="d000.s1586.t000" lemma="disk" pos="NOUN">disk</instance>
         <wf lemma="med" pos="X">med</wf>
         <wf lemma="mange" pos="X">mange</wf>
         <wf lemma="skuffer" pos="X">skuffer</wf>
         <wf lemma="og" pos="X">og</wf>
         <wf lemma="med" pos="X">med</wf>
         <wf lemma="skuffer" pos="X">skuffer</wf>
         <wf lemma="bag" pos="X">bag</wf>
         <wf lemma="disken" pos="X">disken</wf>
         <wf lemma="." pos="X">.</wf>
      </sentence>
      <sentence id="d000.s1587" source="wordnet-danish">
         <wf lemma="Gennemsnitlig" pos="X">Gennemsnitlig</wf>
         <wf lemma="tager" pos="X">tager</wf>
         <wf lemma="det" pos="X">det</wf>
         <wf lemma="føden" pos="X">føden</wf>
         <wf lemma="omkring" pos="X">omkring</wf>
         <wf lemma="24" pos="X">24</wf>
         <wf lemma="timer" pos="X">timer</wf>
         <wf lemma="at" pos="X">at</wf>
         <wf lemma="passere" pos="X">passere</wf>
         <wf lemma="gennem" pos="X">gennem</wf>
         <wf lemma="hele" pos="X">hele</wf>
         <instance id="d000.s1587.t000" lemma="system" pos="NOUN">systemet</instance>
         <wf lemma="." pos="X">.</wf>
      </sentence>
      <sentence id="d000.s1588" source="wordnet-danish">
         <wf lemma="Hver" pos="X">Hver</wf>
         <wf lemma="gang" pos="X">gang</wf>
         <wf lemma="," pos="X">,</wf>
         <wf lemma="han" pos="X">han</wf>
         <wf lemma="havde" pos="X">havde</wf>
         <wf lemma="tørret" pos="X">tørret</wf>
         <wf lemma="en" pos="X">en</wf>
         <wf lemma="kop" pos="X">kop</wf>
         <wf lemma="eller" pos="X">eller</wf>
         <wf lemma="en" pos="X">en</wf>
         <wf lemma="tallerken" pos="X">tallerken</wf>
         <wf lemma="," pos="X">,</wf>
         <wf lemma="så" pos="X">så</wf>
         <wf lemma="Marie" pos="X">Marie</wf>
         <wf lemma="den" pos="X">den</wf>
         <wf lemma="efter" pos="X">efter</wf>
         <wf lemma="," pos="X">,</wf>
         <wf lemma="for" pos="X">for</wf>
         <wf lemma="at" pos="X">at</wf>
         <wf lemma="kontrollere" pos="X">kontrollere</wf>
         <wf lemma="," pos="X">,</wf>
         <wf lemma="om" pos="X">om</wf>
         <wf lemma="den" pos="X">den</wf>
         <wf lemma="var" pos="X">var</wf>
         <instance id="d000.s1588.t000" lemma="ren" pos="ADJ">ren</instance>
         <wf lemma="nok" pos="X">nok</wf>
         <wf lemma="." pos="X">.</wf>
      </sentence>
      <sentence id="d000.s1589" source="wordnet-danish">
         <wf lemma="hendes" pos="X">hendes</wf>
         <wf lemma="forskertalent" pos="X">forskertalent</wf>
         <wf lemma="lå" pos="X">lå</wf>
         <wf lemma="netop" pos="X">netop</wf>
         <wf lemma="i" pos="X">i</wf>
         <wf lemma=".." pos="X">..</wf>
         <wf lemma="metodisk" pos="X">metodisk</wf>
         <wf lemma="skolet" pos="X">skolet</wf>
         <instance id="d000.s1589.t000" lemma="fantasi" pos="NOUN">fantasi</instance>
         <wf lemma="," pos="X">,</wf>
         <wf lemma="dvs." pos="X">dvs.</wf>
         <wf lemma="kombinationsevne" pos="X">kombinationsevne</wf>
         <wf lemma="," pos="X">,</wf>
         <wf lemma="intuition" pos="X">intuition</wf>
         <wf lemma="og" pos="X">og</wf>
         <wf lemma="evne" pos="X">evne</wf>
         <wf lemma="til" pos="X">til</wf>
         <wf lemma="nytænkning" pos="X">nytænkning</wf>
         <wf lemma="." pos="X">.</wf>
      </sentence>
      <sentence id="d000.s1590" source="wordnet-danish">
         <wf lemma="Regeringen" pos="X">Regeringen</wf>
         <wf lemma="greb" pos="X">greb</wf>
         <wf lemma="dristigt" pos="X">dristigt</wf>
         <wf lemma="ind" pos="X">ind</wf>
         <wf lemma="i" pos="X">i</wf>
         <wf lemma="den" pos="X">den</wf>
         <wf lemma="økonomiske" pos="X">økonomiske</wf>
         <wf lemma="politik" pos="X">politik</wf>
         <wf lemma="." pos="X">.</wf>
         <instance id="d000.s1590.t000" lemma="middel" pos="NOUN">Midlerne</instance>
         <wf lemma="var" pos="X">var</wf>
         <wf lemma="besparelser" pos="X">besparelser</wf>
         <wf lemma="og" pos="X">og</wf>
         <wf lemma="indkomstpolitik" pos="X">indkomstpolitik</wf>
         <wf lemma="." pos="X">.</wf>
      </sentence>
      <sentence id="d000.s1591" source="wordnet-danish">
         <wf lemma="[vi]" pos="X">[vi]</wf>
         <wf lemma="gik" pos="X">gik</wf>
         <wf lemma="hen" pos="X">hen</wf>
         <wf lemma="og" pos="X">og</wf>
         <wf lemma="afleverede" pos="X">afleverede</wf>
         <wf lemma="vores" pos="X">vores</wf>
         <wf lemma="civiltøj" pos="X">civiltøj</wf>
         <wf lemma="og" pos="X">og</wf>
         <wf lemma="sko" pos="X">sko</wf>
         <wf lemma="til" pos="X">til</wf>
         <wf lemma="opmagasinering" pos="X">opmagasinering</wf>
         <wf lemma="og" pos="X">og</wf>
         <wf lemma="fik" pos="X">fik</wf>
         <wf lemma="udleveret" pos="X">udleveret</wf>
         <wf lemma="et" pos="X">et</wf>
         <instance id="d000.s1591.t000" lemma="spisebestik" pos="NOUN">spisebestik</instance>
         <wf lemma="." pos="X">.</wf>
      </sentence>
      <sentence id="d000.s1592" source="wordnet-danish">
         <wf lemma="En" pos="X">En</wf>
         <wf lemma="superlet" pos="X">superlet</wf>
         <wf lemma="og" pos="X">og</wf>
         <wf lemma="lækker" pos="X">lækker</wf>
         <wf lemma="sko" pos="X">sko</wf>
         <wf lemma="i" pos="X">i</wf>
         <wf lemma="ægte" pos="X">ægte</wf>
         <instance id="d000.s1592.t000" lemma="læder" pos="NOUN">læder</instance>
         <wf lemma="." pos="X">.</wf>
      </sentence>
      <sentence id="d000.s1593" source="wordnet-danish">
         <wf lemma="Musikforbuddet" pos="X">Musikforbuddet</wf>
         <wf lemma="," pos="X">,</wf>
         <wf lemma="som" pos="X">som</wf>
         <wf lemma="i" pos="X">i</wf>
         <wf lemma="praksis" pos="X">praksis</wf>
         <wf lemma="også" pos="X">også</wf>
         <wf lemma="blev" pos="X">blev</wf>
         <wf lemma="et" pos="X">et</wf>
         <wf lemma="forbud" pos="X">forbud</wf>
         <wf lemma="mod" pos="X">mod</wf>
         <wf lemma="dans" pos="X">dans</wf>
         <wf lemma="," pos="X">,</wf>
         <wf lemma="gav" pos="X">gav</wf>
         <wf lemma="kroejeren" pos="X">kroejeren</wf>
         <wf lemma="et" pos="X">et</wf>
         <instance id="d000.s1593.t000" lemma="tab" pos="NOUN">tab</instance>
         <wf lemma="på" pos="X">på</wf>
         <wf lemma="omkring" pos="X">omkring</wf>
         <wf lemma="50.000" pos="X">50.000</wf>
         <wf lemma="kr." pos="X">kr.</wf>
      </sentence>
      <sentence id="d000.s1594" source="wordnet-danish">
         <wf lemma="Jeg" pos="X">Jeg</wf>
         <wf lemma="var" pos="X">var</wf>
         <wf lemma="indlagt" pos="X">indlagt</wf>
         <wf lemma="i" pos="X">i</wf>
         <wf lemma="to" pos="X">to</wf>
         <wf lemma="måneder" pos="X">måneder</wf>
         <wf lemma="," pos="X">,</wf>
         <wf lemma="hvor" pos="X">hvor</wf>
         <wf lemma="jeg" pos="X">jeg</wf>
         <wf lemma="fik" pos="X">fik</wf>
         <wf lemma="saltfri" pos="X">saltfri</wf>
         <instance id="d000.s1594.t000" lemma="diæt" pos="NOUN">diæt</instance>
         <wf lemma="med" pos="X">med</wf>
         <wf lemma="kartoffelmos" pos="X">kartoffelmos</wf>
         <wf lemma="hver" pos="X">hver</wf>
         <wf lemma="eneste" pos="X">eneste</wf>
         <wf lemma="dag" pos="X">dag</wf>
         <wf lemma="." pos="X">.</wf>
      </sentence>
      <sentence id="d000.s1595" source="wordnet-danish">
         <wf lemma="En" pos="X">En</wf>
         <wf lemma="vædder" pos="X">vædder</wf>
         <wf lemma="med" pos="X">med</wf>
         <wf lemma="flotte" pos="X">flotte</wf>
         <instance id="d000.s1595.t000" lemma="sno" pos="VERB">snoede</instance>
         <wf lemma="horn" pos="X">horn</wf>
         <wf lemma="var" pos="X">var</wf>
         <wf lemma="den" pos="X">den</wf>
         <wf lemma="store" pos="X">store</wf>
         <wf lemma="publikumsattraktion" pos="X">publikumsattraktion</wf>
         <wf lemma="på" pos="X">på</wf>
         <wf lemma="Ungskuet" pos="X">Ungskuet</wf>
         <wf lemma="i" pos="X">i</wf>
         <wf lemma="Herning" pos="X">Herning</wf>
         <wf lemma="." pos="X">.</wf>
      </sentence>
      <sentence id="d000.s1596" source="wordnet-danish">
         <wf lemma="[stressbilisten]" pos="X">[stressbilisten]</wf>
         <wf lemma="blinker" pos="X">blinker</wf>
         <wf lemma="med" pos="X">med</wf>
         <wf lemma="lyset" pos="X">lyset</wf>
         <wf lemma="," pos="X">,</wf>
         <wf lemma="tuder" pos="X">tuder</wf>
         <wf lemma="i" pos="X">i</wf>
         <instance id="d000.s1596.t000" lemma="horn" pos="NOUN">hornet</instance>
         <wf lemma="eller" pos="X">eller</wf>
         <wf lemma="lægger" pos="X">lægger</wf>
         <wf lemma="sig" pos="X">sig</wf>
         <wf lemma="demonstrativt" pos="X">demonstrativt</wf>
         <wf lemma="tæt" pos="X">tæt</wf>
         <wf lemma="bag" pos="X">bag</wf>
         <wf lemma="forankørende" pos="X">forankørende</wf>
         <wf lemma="." pos="X">.</wf>
      </sentence>
      <sentence id="d000.s1597" source="wordnet-danish">
         <wf lemma="Der" pos="X">Der</wf>
         <wf lemma="er" pos="X">er</wf>
         <wf lemma="en" pos="X">en</wf>
         <wf lemma="masse" pos="X">masse</wf>
         <wf lemma="bøvl" pos="X">bøvl</wf>
         <wf lemma="med" pos="X">med</wf>
         <wf lemma="ejendommens" pos="X">ejendommens</wf>
         <instance id="d000.s1597.t000" lemma="varmeanlæg" pos="NOUN">varmeanlæg</instance>
         <wf lemma="i" pos="X">i</wf>
         <wf lemma="disse" pos="X">disse</wf>
         <wf lemma="dage" pos="X">dage</wf>
         <wf lemma="." pos="X">.</wf>
         <wf lemma="Tillader" pos="X">Tillader</wf>
         <wf lemma="De" pos="X">De</wf>
         <wf lemma="," pos="X">,</wf>
         <wf lemma="at" pos="X">at</wf>
         <wf lemma="vi" pos="X">vi</wf>
         <wf lemma="kommer" pos="X">kommer</wf>
         <wf lemma="indenfor" pos="X">indenfor</wf>
         <wf lemma="og" pos="X">og</wf>
         <wf lemma="undersøger" pos="X">undersøger</wf>
         <wf lemma="Deres" pos="X">Deres</wf>
         <wf lemma="radiatorer" pos="X">radiatorer</wf>
         <wf lemma="," pos="X">,</wf>
         <wf lemma="frue" pos="X">frue</wf>
         <wf lemma="?" pos="X">?</wf>
      </sentence>
      <sentence id="d000.s1598" source="wordnet-danish">
         <wf lemma="tyskerne" pos="X">tyskerne</wf>
         <wf lemma="skød" pos="X">skød</wf>
         <wf lemma="med" pos="X">med</wf>
         <wf lemma="maskingevær" pos="X">maskingevær</wf>
         <wf lemma="fra" pos="X">fra</wf>
         <wf lemma="Dagmarhus" pos="X">Dagmarhus</wf>
         <wf lemma="og" pos="X">og</wf>
         <instance id="d000.s1598.t000" lemma="kugle" pos="NOUN">kuglerne</instance>
         <wf lemma="fløjtede" pos="X">fløjtede</wf>
         <wf lemma="om" pos="X">om</wf>
         <wf lemma="ørerne" pos="X">ørerne</wf>
         <wf lemma="på" pos="X">på</wf>
         <wf lemma="os." pos="X">os.</wf>
      </sentence>
      <sentence id="d000.s1599" source="wordnet-danish">
         <wf lemma="som" pos="X">som</wf>
         <wf lemma="den" pos="X">den</wf>
         <wf lemma="naturligste" pos="X">naturligste</wf>
         <wf lemma="ting" pos="X">ting</wf>
         <wf lemma="satte" pos="X">satte</wf>
         <wf lemma="hun" pos="X">hun</wf>
         <wf lemma="sig" pos="X">sig</wf>
         <wf lemma="i" pos="X">i</wf>
         <wf lemma="sofaen" pos="X">sofaen</wf>
         <wf lemma="hos" pos="X">hos</wf>
         <wf lemma="ham" pos="X">ham</wf>
         <wf lemma="og" pos="X">og</wf>
         <instance id="d000.s1599.t000" lemma="krybe" pos="VERB">krøb</instance>
         <wf lemma="ind" pos="X">ind</wf>
         <wf lemma="i" pos="X">i</wf>
         <wf lemma="hans" pos="X">hans</wf>
         <wf lemma="favn" pos="X">favn</wf>
         <wf lemma="." pos="X">.</wf>
      </sentence>
      <sentence id="d000.s1600" source="wordnet-danish">
         <wf lemma="redaktøren" pos="X">redaktøren</wf>
         <wf lemma="skal" pos="X">skal</wf>
         <wf lemma="opsætte" pos="X">opsætte</wf>
         <wf lemma="og" pos="X">og</wf>
         <wf lemma="renskrive" pos="X">renskrive</wf>
         <wf lemma="(" pos="X">(</wf>
         <wf lemma="tekstbehandling" pos="X">tekstbehandling</wf>
         <wf lemma="ingen" pos="X">ingen</wf>
         <wf lemma="betingelse" pos="X">betingelse</wf>
         <wf lemma=")" pos="X">)</wf>
         <wf lemma="indholdet" pos="X">indholdet</wf>
         <wf lemma="," pos="X">,</wf>
         <wf lemma="så" pos="X">så</wf>
         <wf lemma="det" pos="X">det</wf>
         <wf lemma="er" pos="X">er</wf>
         <wf lemma="klart" pos="X">klart</wf>
         <wf lemma="til" pos="X">til</wf>
         <instance id="d000.s1600.t000" lemma="reproduktion" pos="NOUN">reproduktion</instance>
         <wf lemma="." pos="X">.</wf>
      </sentence>
      <sentence id="d000.s1601" source="wordnet-danish">
         <wf lemma="selv" pos="X">selv</wf>
         <wf lemma="om" pos="X">om</wf>
         <wf lemma="historien" pos="X">historien</wf>
         <wf lemma="har" pos="X">har</wf>
         <wf lemma="sit" pos="X">sit</wf>
         <wf lemma="eget" pos="X">eget</wf>
         <wf lemma="overraskende" pos="X">overraskende</wf>
         <instance id="d000.s1601.t000" lemma="plot" pos="NOUN">plot</instance>
         <wf lemma="," pos="X">,</wf>
         <wf lemma="er" pos="X">er</wf>
         <wf lemma="der" pos="X">der</wf>
         <wf lemma="for" pos="X">for</wf>
         <wf lemma="mange" pos="X">mange</wf>
         <wf lemma="løse" pos="X">løse</wf>
         <wf lemma="ender" pos="X">ender</wf>
         <wf lemma="at" pos="X">at</wf>
         <wf lemma="hitte" pos="X">hitte</wf>
         <wf lemma="rundt" pos="X">rundt</wf>
         <wf lemma="i" pos="X">i</wf>
         <wf lemma="." pos="X">.</wf>
      </sentence>
      <sentence id="d000.s1602" source="wordnet-danish">
         <wf lemma="Hvis" pos="X">Hvis</wf>
         <wf lemma="man" pos="X">man</wf>
         <wf lemma="modtager" pos="X">modtager</wf>
         <wf lemma="blod" pos="X">blod</wf>
         <wf lemma="fra" pos="X">fra</wf>
         <wf lemma="en" pos="X">en</wf>
         <wf lemma="HIV-smittet" pos="X">HIV-smittet</wf>
         <instance id="d000.s1602.t000" lemma="donor" pos="NOUN">donor</instance>
         <wf lemma="er" pos="X">er</wf>
         <wf lemma="faren" pos="X">faren</wf>
         <wf lemma="for" pos="X">for</wf>
         <wf lemma="selv" pos="X">selv</wf>
         <wf lemma="at" pos="X">at</wf>
         <wf lemma="få" pos="X">få</wf>
         <wf lemma="smitten" pos="X">smitten</wf>
         <wf lemma="høj" pos="X">høj</wf>
         <wf lemma="." pos="X">.</wf>
      </sentence>
      <sentence id="d000.s1603" source="wordnet-danish">
         <wf lemma="det" pos="X">det</wf>
         <wf lemma="blev" pos="X">blev</wf>
         <wf lemma="alligevel" pos="X">alligevel</wf>
         <wf lemma="scenen" pos="X">scenen</wf>
         <wf lemma="," pos="X">,</wf>
         <wf lemma="som" pos="X">som</wf>
         <wf lemma="kom" pos="X">kom</wf>
         <wf lemma="til" pos="X">til</wf>
         <wf lemma="at" pos="X">at</wf>
         <instance id="d000.s1603.t000" lemma="forme" pos="VERB">forme</instance>
         <wf lemma="hendes" pos="X">hendes</wf>
         <wf lemma="tilværelse" pos="X">tilværelse</wf>
         <wf lemma="." pos="X">.</wf>
      </sentence>
      <sentence id="d000.s1604" source="wordnet-danish">
         <wf lemma="Anja" pos="X">Anja</wf>
         <wf lemma="Andersen" pos="X">Andersen</wf>
         <wf lemma="var" pos="X">var</wf>
         <wf lemma="banens" pos="X">banens</wf>
         <wf lemma="store" pos="X">store</wf>
         <wf lemma="spiller" pos="X">spiller</wf>
         <wf lemma="med" pos="X">med</wf>
         <wf lemma="14" pos="X">14</wf>
         <instance id="d000.s1604.t000" lemma="mål" pos="NOUN">mål</instance>
         <wf lemma="," pos="X">,</wf>
         <wf lemma="da" pos="X">da</wf>
         <wf lemma="Bækkelaget" pos="X">Bækkelaget</wf>
         <wf lemma="vandt" pos="X">vandt</wf>
         <wf lemma="Europa" pos="X">Europa</wf>
         <wf lemma="Cup-kampen" pos="X">Cup-kampen</wf>
         <wf lemma="i" pos="X">i</wf>
         <wf lemma="håndbold" pos="X">håndbold</wf>
         <wf lemma="." pos="X">.</wf>
      </sentence>
      <sentence id="d000.s1605" source="wordnet-danish">
         <wf lemma="Hun" pos="X">Hun</wf>
         <wf lemma="ridsede" pos="X">ridsede</wf>
         <wf lemma="i" pos="X">i</wf>
         <wf lemma="bordet" pos="X">bordet</wf>
         <wf lemma="med" pos="X">med</wf>
         <instance id="d000.s1605.t000" lemma="negl" pos="NOUN">neglen</instance>
         <wf lemma="." pos="X">.</wf>
         <wf lemma="Rastløst." pos="X">Rastløst.</wf>
      </sentence>
      <sentence id="d000.s1606" source="wordnet-danish">
         <instance id="d000.s1606.t000" lemma="syn" pos="NOUN">Synet</instance>
         <wf lemma="er" pos="X">er</wf>
         <wf lemma="en" pos="X">en</wf>
         <wf lemma="af" pos="X">af</wf>
         <wf lemma="vore" pos="X">vore</wf>
         <wf lemma="vigtigste" pos="X">vigtigste</wf>
         <wf lemma="sanser" pos="X">sanser</wf>
         <wf lemma="," pos="X">,</wf>
         <wf lemma="fordi" pos="X">fordi</wf>
         <wf lemma="det" pos="X">det</wf>
         <wf lemma="giver" pos="X">giver</wf>
         <wf lemma="os" pos="X">os</wf>
         <wf lemma="det" pos="X">det</wf>
         <wf lemma="bedste" pos="X">bedste</wf>
         <wf lemma="indtryk" pos="X">indtryk</wf>
         <wf lemma="af" pos="X">af</wf>
         <wf lemma="omgivelserne" pos="X">omgivelserne</wf>
         <wf lemma="." pos="X">.</wf>
      </sentence>
      <sentence id="d000.s1607" source="wordnet-danish">
         <wf lemma="jeg" pos="X">jeg</wf>
         <wf lemma="kørte" pos="X">kørte</wf>
         <wf lemma="jo" pos="X">jo</wf>
         <wf lemma="nær" pos="X">nær</wf>
         <wf lemma="oliens" pos="X">oliens</wf>
         <instance id="d000.s1607.t000" lemma="kilde" pos="NOUN">kilder</instance>
         <wf lemma="," pos="X">,</wf>
         <wf lemma="så" pos="X">så</wf>
         <wf lemma="benzinen" pos="X">benzinen</wf>
         <wf lemma="var" pos="X">var</wf>
         <wf lemma="billig" pos="X">billig</wf>
         <wf lemma="." pos="X">.</wf>
      </sentence>
      <sentence id="d000.s1608" source="wordnet-danish">
         <wf lemma="Nogle" pos="X">Nogle</wf>
         <wf lemma="flygter" pos="X">flygter</wf>
         <wf lemma="sydpå" pos="X">sydpå</wf>
         <wf lemma="med" pos="X">med</wf>
         <wf lemma="charterselskaberne" pos="X">charterselskaberne</wf>
         <wf lemma="," pos="X">,</wf>
         <wf lemma="men" pos="X">men</wf>
         <wf lemma="det" pos="X">det</wf>
         <wf lemma="kan" pos="X">kan</wf>
         <wf lemma="være" pos="X">være</wf>
         <wf lemma="svært" pos="X">svært</wf>
         <wf lemma="at" pos="X">at</wf>
         <wf lemma="komme" pos="X">komme</wf>
         <wf lemma="i" pos="X">i</wf>
         <wf lemma="julestemning" pos="X">julestemning</wf>
         <wf lemma="under" pos="X">under</wf>
         <wf lemma="sol" pos="X">sol</wf>
         <wf lemma="og" pos="X">og</wf>
         <instance id="d000.s1608.t000" lemma="palme" pos="NOUN">palmer</instance>
         <wf lemma="." pos="X">.</wf>
      </sentence>
      <sentence id="d000.s1609" source="wordnet-danish">
         <wf lemma="Jens" pos="X">Jens</wf>
         <wf lemma="Fredslund" pos="X">Fredslund</wf>
         <wf lemma="[har]" pos="X">[har]</wf>
         <wf lemma="i" pos="X">i</wf>
         <wf lemma="gæsteboligerne" pos="X">gæsteboligerne</wf>
         <wf lemma="ønsket" pos="X">ønsket</wf>
         <wf lemma="at" pos="X">at</wf>
         <wf lemma="fremhæve" pos="X">fremhæve</wf>
         <wf lemma="murstenenes" pos="X">murstenenes</wf>
         <wf lemma="stoflighed" pos="X">stoflighed</wf>
         <wf lemma="og" pos="X">og</wf>
         <wf lemma="at" pos="X">at</wf>
         <wf lemma="arbejde" pos="X">arbejde</wf>
         <wf lemma="med" pos="X">med</wf>
         <wf lemma="facadernes" pos="X">facadernes</wf>
         <instance id="d000.s1609.t000" lemma="tekstur" pos="NOUN">tekstur</instance>
         <wf lemma="." pos="X">.</wf>
      </sentence>
      <sentence id="d000.s1610" source="wordnet-danish">
         <wf lemma="Der" pos="X">Der</wf>
         <wf lemma="spilles" pos="X">spilles</wf>
         <wf lemma="stadig" pos="X">stadig</wf>
         <instance id="d000.s1610.t000" lemma="kort" pos="NOUN">kort</instance>
         <wf lemma="." pos="X">.</wf>
         <wf lemma="." pos="X">.</wf>
         <wf lemma="Men" pos="X">Men</wf>
         <wf lemma="nu" pos="X">nu</wf>
         <wf lemma="spiller" pos="X">spiller</wf>
         <wf lemma="vi" pos="X">vi</wf>
         <wf lemma="kun" pos="X">kun</wf>
         <wf lemma="om" pos="X">om</wf>
         <wf lemma="øl" pos="X">øl</wf>
         <wf lemma="." pos="X">.</wf>
         <wf lemma="Ikke" pos="X">Ikke</wf>
         <wf lemma="penge" pos="X">penge</wf>
         <wf lemma="." pos="X">.</wf>
      </sentence>
      <sentence id="d000.s1611" source="wordnet-danish">
         <wf lemma="En" pos="X">En</wf>
         <instance id="d000.s1611.t000" lemma="forfatter" pos="NOUN">forfatter</instance>
         <wf lemma="er" pos="X">er</wf>
         <wf lemma="3-4" pos="X">3-4</wf>
         <wf lemma="år" pos="X">år</wf>
         <wf lemma="om" pos="X">om</wf>
         <wf lemma="at" pos="X">at</wf>
         <wf lemma="skrive" pos="X">skrive</wf>
         <wf lemma="en" pos="X">en</wf>
         <wf lemma="god" pos="X">god</wf>
         <wf lemma="roman" pos="X">roman</wf>
         <wf lemma="." pos="X">.</wf>
      </sentence>
      <sentence id="d000.s1612" source="wordnet-danish">
         <wf lemma="Hvis" pos="X">Hvis</wf>
         <wf lemma="du" pos="X">du</wf>
         <wf lemma="ønsker" pos="X">ønsker</wf>
         <wf lemma="en" pos="X">en</wf>
         <instance id="d000.s1612.t000" lemma="rolig" pos="ADJ">rolig</instance>
         <wf lemma="og" pos="X">og</wf>
         <wf lemma="afslappet" pos="X">afslappet</wf>
         <wf lemma="ferie" pos="X">ferie</wf>
         <wf lemma=".." pos="X">..</wf>
         <wf lemma="så" pos="X">så</wf>
         <wf lemma="har" pos="X">har</wf>
         <wf lemma="Skive-egnen" pos="X">Skive-egnen</wf>
         <wf lemma="en" pos="X">en</wf>
         <wf lemma="lang" pos="X">lang</wf>
         <wf lemma="række" pos="X">række</wf>
         <wf lemma="muligheder" pos="X">muligheder</wf>
         <wf lemma="." pos="X">.</wf>
      </sentence>
      <sentence id="d000.s1613" source="wordnet-danish">
         <wf lemma="Man" pos="X">Man</wf>
         <wf lemma="vil" pos="X">vil</wf>
         <wf lemma="gerne" pos="X">gerne</wf>
         <wf lemma="være" pos="X">være</wf>
         <wf lemma="morsom" pos="X">morsom</wf>
         <wf lemma="," pos="X">,</wf>
         <wf lemma="men" pos="X">men</wf>
         <wf lemma="nødig" pos="X">nødig</wf>
         <instance id="d000.s1613.t000" lemma="latterlig" pos="ADJ">latterlig</instance>
         <wf lemma="," pos="X">,</wf>
         <wf lemma="sådan" pos="X">sådan</wf>
         <wf lemma="har" pos="X">har</wf>
         <wf lemma="de" pos="X">de</wf>
         <wf lemma="fleste" pos="X">fleste</wf>
         <wf lemma="af" pos="X">af</wf>
         <wf lemma="os" pos="X">os</wf>
         <wf lemma="det" pos="X">det</wf>
         <wf lemma="." pos="X">.</wf>
      </sentence>
      <sentence id="d000.s1614" source="wordnet-danish">
         <wf lemma="Jeg" pos="X">Jeg</wf>
         <wf lemma="har" pos="X">har</wf>
         <wf lemma="mange" pos="X">mange</wf>
         <wf lemma="gange" pos="X">gange</wf>
         <wf lemma="prøvet" pos="X">prøvet</wf>
         <wf lemma="at" pos="X">at</wf>
         <wf lemma="læse" pos="X">læse</wf>
         <wf lemma="Weekendavisen" pos="X">Weekendavisen</wf>
         <wf lemma="," pos="X">,</wf>
         <wf lemma="men" pos="X">men</wf>
         <wf lemma="jeg" pos="X">jeg</wf>
         <wf lemma="går" pos="X">går</wf>
         <wf lemma="i" pos="X">i</wf>
         <wf lemma="stå" pos="X">stå</wf>
         <wf lemma="efter" pos="X">efter</wf>
         <wf lemma="få" pos="X">få</wf>
         <instance id="d000.s1614.t000" lemma="linje" pos="NOUN">linjer</instance>
         <wf lemma="." pos="X">.</wf>
      </sentence>
      <sentence id="d000.s1615" source="wordnet-danish">
         <wf lemma="Formålet" pos="X">Formålet</wf>
         <wf lemma="med" pos="X">med</wf>
         <wf lemma="vores" pos="X">vores</wf>
         <wf lemma="fælles" pos="X">fælles</wf>
         <wf lemma="arbejde" pos="X">arbejde</wf>
         <wf lemma="er" pos="X">er</wf>
         <wf lemma="at" pos="X">at</wf>
         <wf lemma="hjælpe" pos="X">hjælpe</wf>
         <wf lemma="dem" pos="X">dem</wf>
         <wf lemma="," pos="X">,</wf>
         <wf lemma="der" pos="X">der</wf>
         <wf lemma="er" pos="X">er</wf>
         <wf lemma="i" pos="X">i</wf>
         <instance id="d000.s1615.t000" lemma="nød" pos="NOUN">nød</instance>
         <wf lemma="," pos="X">,</wf>
         <wf lemma="især" pos="X">især</wf>
         <wf lemma="de" pos="X">de</wf>
         <wf lemma="hjemløse" pos="X">hjemløse</wf>
         <wf lemma="." pos="X">.</wf>
      </sentence>
      <sentence id="d000.s1616" source="wordnet-danish">
         <wf lemma="80" pos="X">80</wf>
         <wf lemma="procent" pos="X">procent</wf>
         <wf lemma="af" pos="X">af</wf>
         <wf lemma="vælgerne" pos="X">vælgerne</wf>
         <wf lemma="siger" pos="X">siger</wf>
         <wf lemma="de" pos="X">de</wf>
         <wf lemma="vil" pos="X">vil</wf>
         <wf lemma="stemme" pos="X">stemme</wf>
         <wf lemma="i" pos="X">i</wf>
         <wf lemma="morgen" pos="X">morgen</wf>
         <wf lemma="," pos="X">,</wf>
         <wf lemma="og" pos="X">og</wf>
         <wf lemma="det" pos="X">det</wf>
         <wf lemma="må" pos="X">må</wf>
         <wf lemma="siges" pos="X">siges</wf>
         <wf lemma="at" pos="X">at</wf>
         <wf lemma="være" pos="X">være</wf>
         <wf lemma="imponerende" pos="X">imponerende</wf>
         <wf lemma="i" pos="X">i</wf>
         <wf lemma="et" pos="X">et</wf>
         <wf lemma="land" pos="X">land</wf>
         <wf lemma="med" pos="X">med</wf>
         <wf lemma="en" pos="X">en</wf>
         <wf lemma="så" pos="X">så</wf>
         <wf lemma="kortvarig" pos="X">kortvarig</wf>
         <instance id="d000.s1616.t000" lemma="demokratisk" pos="ADJ">demokratisk</instance>
         <wf lemma="tradition" pos="X">tradition</wf>
         <wf lemma="." pos="X">.</wf>
      </sentence>
      <sentence id="d000.s1617" source="wordnet-danish">
         <wf lemma="Det" pos="X">Det</wf>
         <wf lemma="er" pos="X">er</wf>
         <wf lemma=".." pos="X">..</wf>
         <wf lemma="ikke" pos="X">ikke</wf>
         <wf lemma="lovligt" pos="X">lovligt</wf>
         <wf lemma="at" pos="X">at</wf>
         <wf lemma="opkræve" pos="X">opkræve</wf>
         <wf lemma="gebyr" pos="X">gebyr</wf>
         <wf lemma="for" pos="X">for</wf>
         <wf lemma="at" pos="X">at</wf>
         <wf lemma="modtage" pos="X">modtage</wf>
         <wf lemma="betaling" pos="X">betaling</wf>
         <wf lemma="med" pos="X">med</wf>
         <wf lemma="Eurocard" pos="X">Eurocard</wf>
         <wf lemma="eller" pos="X">eller</wf>
         <wf lemma="andre" pos="X">andre</wf>
         <instance id="d000.s1617.t000" lemma="kreditkort" pos="NOUN">kreditkort</instance>
         <wf lemma="." pos="X">.</wf>
      </sentence>
      <sentence id="d000.s1618" source="wordnet-danish">
         <wf lemma="Børge" pos="X">Børge</wf>
         <wf lemma="Ring" pos="X">Ring</wf>
         <wf lemma="havde" pos="X">havde</wf>
         <wf lemma="som" pos="X">som</wf>
         <wf lemma="ung" pos="X">ung</wf>
         <wf lemma="en" pos="X">en</wf>
         <wf lemma="stor" pos="X">stor</wf>
         <instance id="d000.s1618.t000" lemma="forkærlighed" pos="NOUN">forkærlighed</instance>
         <wf lemma="for" pos="X">for</wf>
         <wf lemma="jazzmusik" pos="X">jazzmusik</wf>
         <wf lemma="." pos="X">.</wf>
      </sentence>
      <sentence id="d000.s1619" source="wordnet-danish">
         <wf lemma="Belgierne" pos="X">Belgierne</wf>
         <wf lemma="fik" pos="X">fik</wf>
         <wf lemma="hjørnespark" pos="X">hjørnespark</wf>
         <wf lemma="og" pos="X">og</wf>
         <wf lemma="bolden" pos="X">bolden</wf>
         <wf lemma="strøg" pos="X">strøg</wf>
         <wf lemma="i" pos="X">i</wf>
         <wf lemma="en" pos="X">en</wf>
         <wf lemma="bue" pos="X">bue</wf>
         <wf lemma="ind" pos="X">ind</wf>
         <wf lemma="mod" pos="X">mod</wf>
         <instance id="d000.s1619.t000" lemma="mål" pos="NOUN">mål</instance>
         <wf lemma="." pos="X">.</wf>
      </sentence>
      <sentence id="d000.s1620" source="wordnet-danish">
         <wf lemma="Hun" pos="X">Hun</wf>
         <wf lemma="vaskede" pos="X">vaskede</wf>
         <wf lemma="sine" pos="X">sine</wf>
         <wf lemma="hænder" pos="X">hænder</wf>
         <wf lemma="og" pos="X">og</wf>
         <instance id="d000.s1620.t000" lemma="strø" pos="VERB">strøede</instance>
         <wf lemma="mel" pos="X">mel</wf>
         <wf lemma="ud" pos="X">ud</wf>
         <wf lemma="på" pos="X">på</wf>
         <wf lemma="køkkenbordet" pos="X">køkkenbordet</wf>
         <wf lemma="." pos="X">.</wf>
      </sentence>
      <sentence id="d000.s1621" source="wordnet-danish">
         <wf lemma="sommetider" pos="X">sommetider</wf>
         <wf lemma="koger" pos="X">koger</wf>
         <wf lemma="jeg" pos="X">jeg</wf>
         <wf lemma="over" pos="X">over</wf>
         <wf lemma="af" pos="X">af</wf>
         <instance id="d000.s1621.t000" lemma="begejstring" pos="NOUN">begejstring</instance>
         <wf lemma="og" pos="X">og</wf>
         <wf lemma="må" pos="X">må</wf>
         <wf lemma="simpelthen" pos="X">simpelthen</wf>
         <wf lemma="have" pos="X">have</wf>
         <wf lemma="nogen" pos="X">nogen</wf>
         <wf lemma="at" pos="X">at</wf>
         <wf lemma="dele" pos="X">dele</wf>
         <wf lemma="den" pos="X">den</wf>
         <wf lemma="med" pos="X">med</wf>
         <wf lemma="." pos="X">.</wf>
      </sentence>
      <sentence id="d000.s1622" source="wordnet-danish">
         <wf lemma="for" pos="X">for</wf>
         <wf lemma="foden" pos="X">foden</wf>
         <wf lemma="af" pos="X">af</wf>
         <wf lemma="klitten" pos="X">klitten</wf>
         <wf lemma="stod" pos="X">stod</wf>
         <wf lemma="der" pos="X">der</wf>
         <wf lemma="et" pos="X">et</wf>
         <wf lemma="skilt" pos="X">skilt</wf>
         <wf lemma="med" pos="X">med</wf>
         <wf lemma="'" pos="X">'</wf>
         <wf lemma="Privat" pos="X">Privat</wf>
         <wf lemma="--" pos="X">--</wf>
         <instance id="d000.s1622.t000" lemma="adgang" pos="NOUN">Adgang</instance>
         <wf lemma="forbudt'." pos="X">forbudt'.</wf>
      </sentence>
      <sentence id="d000.s1623" source="wordnet-danish">
         <wf lemma="Ved" pos="X">Ved</wf>
         <wf lemma="en" pos="X">en</wf>
         <wf lemma="solformørkelse" pos="X">solformørkelse</wf>
         <wf lemma="befinder" pos="X">befinder</wf>
         <wf lemma="Månen" pos="X">Månen</wf>
         <wf lemma="sig" pos="X">sig</wf>
         <wf lemma="imellem" pos="X">imellem</wf>
         <instance id="d000.s1623.t000" lemma="sol" pos="NOUN">Solen</instance>
         <wf lemma="og" pos="X">og</wf>
         <wf lemma="Jorden" pos="X">Jorden</wf>
         <wf lemma="," pos="X">,</wf>
         <wf lemma="så" pos="X">så</wf>
         <wf lemma="den" pos="X">den</wf>
         <wf lemma="kaster" pos="X">kaster</wf>
         <wf lemma="en" pos="X">en</wf>
         <wf lemma="skygge" pos="X">skygge</wf>
         <wf lemma="på" pos="X">på</wf>
         <wf lemma="et" pos="X">et</wf>
         <wf lemma="lille" pos="X">lille</wf>
         <wf lemma="område" pos="X">område</wf>
         <wf lemma="af" pos="X">af</wf>
         <wf lemma="Jorden" pos="X">Jorden</wf>
         <wf lemma="." pos="X">.</wf>
      </sentence>
      <sentence id="d000.s1624" source="wordnet-danish">
         <wf lemma="der" pos="X">der</wf>
         <wf lemma="er" pos="X">er</wf>
         <wf lemma="stor" pos="X">stor</wf>
         <wf lemma="interesse" pos="X">interesse</wf>
         <wf lemma="for" pos="X">for</wf>
         <instance id="d000.s1624.t000" lemma="adoption" pos="NOUN">adoption</instance>
         <wf lemma="af" pos="X">af</wf>
         <wf lemma="udenlandske" pos="X">udenlandske</wf>
         <wf lemma="børn" pos="X">børn</wf>
         <wf lemma="." pos="X">.</wf>
      </sentence>
      <sentence id="d000.s1625" source="wordnet-danish">
         <wf lemma="Jeg" pos="X">Jeg</wf>
         <wf lemma="blev" pos="X">blev</wf>
         <wf lemma="altid" pos="X">altid</wf>
         <wf lemma="drillet" pos="X">drillet</wf>
         <wf lemma="i" pos="X">i</wf>
         <wf lemma="skolen" pos="X">skolen</wf>
         <wf lemma="," pos="X">,</wf>
         <wf lemma="fordi" pos="X">fordi</wf>
         <wf lemma="jeg" pos="X">jeg</wf>
         <wf lemma="havde" pos="X">havde</wf>
         <instance id="d000.s1625.t000" lemma="brille" pos="NOUN">briller</instance>
         <wf lemma="og" pos="X">og</wf>
         <wf lemma="ikke" pos="X">ikke</wf>
         <wf lemma="var" pos="X">var</wf>
         <wf lemma="særlig" pos="X">særlig</wf>
         <wf lemma="køn" pos="X">køn</wf>
         <wf lemma="." pos="X">.</wf>
      </sentence>
      <sentence id="d000.s1626" source="wordnet-danish">
         <wf lemma="I" pos="X">I</wf>
         <wf lemma="Amsterdam" pos="X">Amsterdam</wf>
         <wf lemma="organiseres" pos="X">organiseres</wf>
         <wf lemma="hvert" pos="X">hvert</wf>
         <wf lemma="femte" pos="X">femte</wf>
         <wf lemma="år" pos="X">år</wf>
         <wf lemma="en" pos="X">en</wf>
         <wf lemma="unik" pos="X">unik</wf>
         <instance id="d000.s1626.t000" lemma="maritim" pos="ADJ">maritim</instance>
         <wf lemma="oplevelse" pos="X">oplevelse</wf>
         <wf lemma="." pos="X">.</wf>
         <wf lemma="Der" pos="X">Der</wf>
         <wf lemma="kommer" pos="X">kommer</wf>
         <wf lemma="et" pos="X">et</wf>
         <wf lemma="stort" pos="X">stort</wf>
         <wf lemma="antal" pos="X">antal</wf>
         <wf lemma="tremastere" pos="X">tremastere</wf>
         <wf lemma="fra" pos="X">fra</wf>
         <wf lemma="hele" pos="X">hele</wf>
         <wf lemma="verden" pos="X">verden</wf>
         <wf lemma="." pos="X">.</wf>
      </sentence>
      <sentence id="d000.s1627" source="wordnet-danish">
         <wf lemma="I" pos="X">I</wf>
         <wf lemma="et" pos="X">et</wf>
         <wf lemma="godt" pos="X">godt</wf>
         <wf lemma="ægteskab" pos="X">ægteskab</wf>
         <instance id="d000.s1627.t000" lemma="respektere" pos="VERB">respekterer</instance>
         <wf lemma="parterne" pos="X">parterne</wf>
         <wf lemma="hinanden" pos="X">hinanden</wf>
         <wf lemma="på" pos="X">på</wf>
         <wf lemma="godt" pos="X">godt</wf>
         <wf lemma="og" pos="X">og</wf>
         <wf lemma="ondt" pos="X">ondt</wf>
         <wf lemma="." pos="X">.</wf>
      </sentence>
      <sentence id="d000.s1628" source="wordnet-danish">
         <wf lemma="I" pos="X">I</wf>
         <wf lemma="dette" pos="X">dette</wf>
         <wf lemma="forår" pos="X">forår</wf>
         <wf lemma="fik" pos="X">fik</wf>
         <wf lemma="vi" pos="X">vi</wf>
         <wf lemma="opført" pos="X">opført</wf>
         <wf lemma="et" pos="X">et</wf>
         <wf lemma="nyt" pos="X">nyt</wf>
         <wf lemma="indgangsparti" pos="X">indgangsparti</wf>
         <wf lemma="," pos="X">,</wf>
         <wf lemma="der" pos="X">der</wf>
         <wf lemma="bliver" pos="X">bliver</wf>
         <instance id="d000.s1628.t000" lemma="understøtte" pos="VERB">understøttet</instance>
         <wf lemma="af" pos="X">af</wf>
         <wf lemma="to" pos="X">to</wf>
         <wf lemma="søjler" pos="X">søjler</wf>
         <wf lemma="." pos="X">.</wf>
      </sentence>
      <sentence id="d000.s1629" source="wordnet-danish">
         <wf lemma="I" pos="X">I</wf>
         <wf lemma="skæret" pos="X">skæret</wf>
         <wf lemma="af" pos="X">af</wf>
         <wf lemma="lys" pos="X">lys</wf>
         <wf lemma="og" pos="X">og</wf>
         <instance id="d000.s1629.t000" lemma="fakkel" pos="NOUN">fakler</instance>
         <wf lemma="lyttede" pos="X">lyttede</wf>
         <wf lemma="mellem" pos="X">mellem</wf>
         <wf lemma="1500-2000" pos="X">1500-2000</wf>
         <wf lemma="kærester" pos="X">kærester</wf>
         <wf lemma="," pos="X">,</wf>
         <wf lemma="pårørende" pos="X">pårørende</wf>
         <wf lemma="og" pos="X">og</wf>
         <wf lemma="venner" pos="X">venner</wf>
         <wf lemma="til" pos="X">til</wf>
         <wf lemma="AIDS-ramte" pos="X">AIDS-ramte</wf>
         <wf lemma="i" pos="X">i</wf>
         <wf lemma="aftes" pos="X">aftes</wf>
         <wf lemma="til" pos="X">til</wf>
         <wf lemma="taler" pos="X">taler</wf>
         <wf lemma="og" pos="X">og</wf>
         <wf lemma="sang" pos="X">sang</wf>
         <wf lemma="på" pos="X">på</wf>
         <wf lemma="Rådhuspladsen" pos="X">Rådhuspladsen</wf>
         <wf lemma="." pos="X">.</wf>
      </sentence>
      <sentence id="d000.s1630" source="wordnet-danish">
         <wf lemma="Julie" pos="X">Julie</wf>
         <wf lemma=".." pos="X">..</wf>
         <wf lemma="smed" pos="X">smed</wf>
         <wf lemma="sig" pos="X">sig</wf>
         <wf lemma="på" pos="X">på</wf>
         <wf lemma="vandsengen" pos="X">vandsengen</wf>
         <wf lemma="," pos="X">,</wf>
         <wf lemma="så" pos="X">så</wf>
         <wf lemma="madrassen" pos="X">madrassen</wf>
         <instance id="d000.s1630.t000" lemma="gynge" pos="VERB">gyngede</instance>
         <wf lemma="voldsomt" pos="X">voldsomt</wf>
         <wf lemma="." pos="X">.</wf>
      </sentence>
      <sentence id="d000.s1631" source="wordnet-danish">
         <wf lemma="hun" pos="X">hun</wf>
         <wf lemma="har" pos="X">har</wf>
         <wf lemma="samlet" pos="X">samlet</wf>
         <wf lemma="på" pos="X">på</wf>
         <wf lemma="julekrybber" pos="X">julekrybber</wf>
         <wf lemma="i" pos="X">i</wf>
         <wf lemma="mere" pos="X">mere</wf>
         <wf lemma="end" pos="X">end</wf>
         <wf lemma="30" pos="X">30</wf>
         <wf lemma="år" pos="X">år</wf>
         <wf lemma="." pos="X">.</wf>
         <wf lemma="Hvert" pos="X">Hvert</wf>
         <wf lemma="år" pos="X">år</wf>
         <wf lemma="er" pos="X">er</wf>
         <instance id="d000.s1631.t000" lemma="flertal" pos="NOUN">flertallet</instance>
         <wf lemma="udstillet" pos="X">udstillet</wf>
         <wf lemma="et" pos="X">et</wf>
         <wf lemma="sted" pos="X">sted</wf>
         <wf lemma="i" pos="X">i</wf>
         <wf lemma="landet" pos="X">landet</wf>
         <wf lemma="." pos="X">.</wf>
      </sentence>
      <sentence id="d000.s1632" source="wordnet-danish">
         <wf lemma="Finten" pos="X">Finten</wf>
         <wf lemma="i" pos="X">i</wf>
         <wf lemma="løbet" pos="X">løbet</wf>
         <wf lemma="var" pos="X">var</wf>
         <wf lemma="," pos="X">,</wf>
         <wf lemma="at" pos="X">at</wf>
         <wf lemma="der" pos="X">der</wf>
         <wf lemma="kun" pos="X">kun</wf>
         <wf lemma="var" pos="X">var</wf>
         <wf lemma="to" pos="X">to</wf>
         <wf lemma="cykler" pos="X">cykler</wf>
         <wf lemma="til" pos="X">til</wf>
         <wf lemma="de" pos="X">de</wf>
         <wf lemma="ti" pos="X">ti</wf>
         <wf lemma="stafetter" pos="X">stafetter</wf>
         <wf lemma="." pos="X">.</wf>
         <wf lemma="Det" pos="X">Det</wf>
         <wf lemma="kom" pos="X">kom</wf>
         <wf lemma="der" pos="X">der</wf>
         <wf lemma="en" pos="X">en</wf>
         <wf lemma="hel" pos="X">hel</wf>
         <wf lemma="del" pos="X">del</wf>
         <instance id="d000.s1632.t000" lemma="sjov" pos="NOUN">sjov</instance>
         <wf lemma="ud" pos="X">ud</wf>
         <wf lemma="af" pos="X">af</wf>
         <wf lemma="." pos="X">.</wf>
      </sentence>
      <sentence id="d000.s1633" source="wordnet-danish">
         <wf lemma="Alt" pos="X">Alt</wf>
         <wf lemma="i" pos="X">i</wf>
         <wf lemma="alt" pos="X">alt</wf>
         <wf lemma="et" pos="X">et</wf>
         <wf lemma="nydeligt" pos="X">nydeligt</wf>
         <wf lemma="og" pos="X">og</wf>
         <wf lemma="funktionelt" pos="X">funktionelt</wf>
         <wf lemma="ydre" pos="X">ydre</wf>
         <wf lemma="," pos="X">,</wf>
         <wf lemma="men" pos="X">men</wf>
         <wf lemma="uden" pos="X">uden</wf>
         <wf lemma="de" pos="X">de</wf>
         <wf lemma="helt" pos="X">helt</wf>
         <wf lemma="vilde" pos="X">vilde</wf>
         <instance id="d000.s1633.t000" lemma="nyskabelse" pos="NOUN">nyskabelser</instance>
         <wf lemma="," pos="X">,</wf>
         <wf lemma="der" pos="X">der</wf>
         <wf lemma="ellers" pos="X">ellers</wf>
         <wf lemma="har" pos="X">har</wf>
         <wf lemma="karakteriseret" pos="X">karakteriseret</wf>
         <wf lemma="Citroën" pos="X">Citroën</wf>
         <wf lemma="i" pos="X">i</wf>
         <wf lemma="årtier" pos="X">årtier</wf>
         <wf lemma="." pos="X">.</wf>
      </sentence>
      <sentence id="d000.s1634" source="wordnet-danish">
         <wf lemma="Lige" pos="X">Lige</wf>
         <wf lemma="fra" pos="X">fra</wf>
         <wf lemma="de" pos="X">de</wf>
         <wf lemma="første" pos="X">første</wf>
         <wf lemma="toner" pos="X">toner</wf>
         <wf lemma=".." pos="X">..</wf>
         <wf lemma="blev" pos="X">blev</wf>
         <wf lemma="jeg" pos="X">jeg</wf>
         <wf lemma="fascineret" pos="X">fascineret</wf>
         <wf lemma="af" pos="X">af</wf>
         <wf lemma="hans" pos="X">hans</wf>
         <wf lemma="lette" pos="X">lette</wf>
         <wf lemma="og" pos="X">og</wf>
         <wf lemma="elegante" pos="X">elegante</wf>
         <wf lemma="spil" pos="X">spil</wf>
         <wf lemma="," pos="X">,</wf>
         <wf lemma="hans" pos="X">hans</wf>
         <wf lemma="suveræne" pos="X">suveræne</wf>
         <instance id="d000.s1634.t000" lemma="teknik" pos="NOUN">teknik</instance>
         <wf lemma="og" pos="X">og</wf>
         <wf lemma="enestående" pos="X">enestående</wf>
         <wf lemma="klang" pos="X">klang</wf>
         <wf lemma="." pos="X">.</wf>
      </sentence>
      <sentence id="d000.s1635" source="wordnet-danish">
         <instance id="d000.s1635.t000" lemma="blod" pos="NOUN">Blodet</instance>
         <wf lemma="pumpes" pos="X">pumpes</wf>
         <wf lemma="fra" pos="X">fra</wf>
         <wf lemma="hjertet" pos="X">hjertet</wf>
         <wf lemma="gennem" pos="X">gennem</wf>
         <wf lemma="pulsårerne" pos="X">pulsårerne</wf>
         <wf lemma="ud" pos="X">ud</wf>
         <wf lemma="til" pos="X">til</wf>
         <wf lemma="alle" pos="X">alle</wf>
         <wf lemma="dele" pos="X">dele</wf>
         <wf lemma="af" pos="X">af</wf>
         <wf lemma="kroppen" pos="X">kroppen</wf>
         <wf lemma="." pos="X">.</wf>
      </sentence>
      <sentence id="d000.s1636" source="wordnet-danish">
         <wf lemma="Inde" pos="X">Inde</wf>
         <wf lemma="i" pos="X">i</wf>
         <wf lemma="det" pos="X">det</wf>
         <wf lemma="store" pos="X">store</wf>
         <wf lemma="gravkammer" pos="X">gravkammer</wf>
         <wf lemma="stod" pos="X">stod</wf>
         <wf lemma="der" pos="X">der</wf>
         <wf lemma="nogle" pos="X">nogle</wf>
         <wf lemma="turister" pos="X">turister</wf>
         <wf lemma="og" pos="X">og</wf>
         <wf lemma="en" pos="X">en</wf>
         <instance id="d000.s1636.t000" lemma="guide" pos="NOUN">guide</instance>
         <wf lemma="fortalte" pos="X">fortalte</wf>
         <wf lemma="dem" pos="X">dem</wf>
         <wf lemma="om" pos="X">om</wf>
         <wf lemma="den" pos="X">den</wf>
         <wf lemma="gamle" pos="X">gamle</wf>
         <wf lemma="Farao" pos="X">Farao</wf>
         <wf lemma="," pos="X">,</wf>
         <wf lemma="som" pos="X">som</wf>
         <wf lemma="havde" pos="X">havde</wf>
         <wf lemma="ladet" pos="X">ladet</wf>
         <wf lemma="pyramiden" pos="X">pyramiden</wf>
         <wf lemma="opføre" pos="X">opføre</wf>
         <wf lemma="." pos="X">.</wf>
      </sentence>
      <sentence id="d000.s1637" source="wordnet-danish">
         <wf lemma="Ja" pos="X">Ja</wf>
         <wf lemma="," pos="X">,</wf>
         <wf lemma="fru" pos="X">fru</wf>
         <wf lemma="Nielsen" pos="X">Nielsen</wf>
         <wf lemma="er" pos="X">er</wf>
         <wf lemma="flink" pos="X">flink</wf>
         <wf lemma="," pos="X">,</wf>
         <instance id="d000.s1637.t000" lemma="bemærke" pos="VERB">bemærkede</instance>
         <wf lemma="Linda" pos="X">Linda</wf>
         <wf lemma="adspredt" pos="X">adspredt</wf>
         <wf lemma="." pos="X">.</wf>
      </sentence>
      <sentence id="d000.s1638" source="wordnet-danish">
         <wf lemma="Gensplejsning" pos="X">Gensplejsning</wf>
         <wf lemma="er" pos="X">er</wf>
         <wf lemma="en" pos="X">en</wf>
         <wf lemma="ny" pos="X">ny</wf>
         <instance id="d000.s1638.t000" lemma="videnskab" pos="NOUN">videnskab</instance>
         <wf lemma="," pos="X">,</wf>
         <wf lemma="der" pos="X">der</wf>
         <wf lemma="langtfra" pos="X">langtfra</wf>
         <wf lemma="er" pos="X">er</wf>
         <wf lemma="udforsket" pos="X">udforsket</wf>
         <wf lemma="til" pos="X">til</wf>
         <wf lemma="bunds" pos="X">bunds</wf>
         <wf lemma="." pos="X">.</wf>
      </sentence>
      <sentence id="d000.s1639" source="wordnet-danish">
         <wf lemma="Det" pos="X">Det</wf>
         <wf lemma="er" pos="X">er</wf>
         <wf lemma="i" pos="X">i</wf>
         <wf lemma="ni" pos="X">ni</wf>
         <wf lemma="ud" pos="X">ud</wf>
         <wf lemma="af" pos="X">af</wf>
         <wf lemma="10" pos="X">10</wf>
         <wf lemma="tilfælde" pos="X">tilfælde</wf>
         <wf lemma="det" pos="X">det</wf>
         <instance id="d000.s1639.t000" lemma="systematisk" pos="ADJ">systematiske</instance>
         <wf lemma="og" pos="X">og</wf>
         <wf lemma="grundige" pos="X">grundige</wf>
         <wf lemma="politiarbejde" pos="X">politiarbejde</wf>
         <wf lemma="," pos="X">,</wf>
         <wf lemma="der" pos="X">der</wf>
         <wf lemma="fører" pos="X">fører</wf>
         <wf lemma="til" pos="X">til</wf>
         <wf lemma="forbrydelsers" pos="X">forbrydelsers</wf>
         <wf lemma="opklaring" pos="X">opklaring</wf>
         <wf lemma="." pos="X">.</wf>
      </sentence>
      <sentence id="d000.s1640" source="wordnet-danish">
         <wf lemma="Her" pos="X">Her</wf>
         <wf lemma="er" pos="X">er</wf>
         <wf lemma="en" pos="X">en</wf>
         <wf lemma="stram" pos="X">stram</wf>
         <wf lemma="centralperspektivisk" pos="X">centralperspektivisk</wf>
         <wf lemma="komposition" pos="X">komposition</wf>
         <wf lemma="af" pos="X">af</wf>
         <wf lemma="vertikale" pos="X">vertikale</wf>
         <wf lemma="," pos="X">,</wf>
         <instance id="d000.s1640.t000" lemma="horisontal" pos="ADJ">horisontale</instance>
         <wf lemma="og" pos="X">og</wf>
         <wf lemma="diagonale" pos="X">diagonale</wf>
         <wf lemma="planer" pos="X">planer</wf>
         <wf lemma="." pos="X">.</wf>
      </sentence>
      <sentence id="d000.s1641" source="wordnet-danish">
         <wf lemma="En" pos="X">En</wf>
         <wf lemma="lang" pos="X">lang</wf>
         <wf lemma="," pos="X">,</wf>
         <wf lemma="stejl" pos="X">stejl</wf>
         <instance id="d000.s1641.t000" lemma="trappe" pos="NOUN">trappe</instance>
         <wf lemma="førte" pos="X">førte</wf>
         <wf lemma="ned" pos="X">ned</wf>
         <wf lemma="til" pos="X">til</wf>
         <wf lemma="stranden" pos="X">stranden</wf>
         <wf lemma="." pos="X">.</wf>
      </sentence>
      <sentence id="d000.s1642" source="wordnet-danish">
         <wf lemma="Tålmodighed" pos="X">Tålmodighed</wf>
         <wf lemma="er" pos="X">er</wf>
         <wf lemma="enhver" pos="X">enhver</wf>
         <wf lemma="dyreinteresserets" pos="X">dyreinteresserets</wf>
         <wf lemma="vigtigste" pos="X">vigtigste</wf>
         <instance id="d000.s1642.t000" lemma="dyd" pos="NOUN">dyd</instance>
         <wf lemma="." pos="X">.</wf>
      </sentence>
      <sentence id="d000.s1643" source="wordnet-danish">
         <wf lemma="Med" pos="X">Med</wf>
         <wf lemma="en" pos="X">en</wf>
         <instance id="d000.s1643.t000" lemma="højde" pos="NOUN">højde</instance>
         <wf lemma="på" pos="X">på</wf>
         <wf lemma="3,60" pos="X">3,60</wf>
         <wf lemma="m" pos="X">m</wf>
         <wf lemma="var" pos="X">var</wf>
         <wf lemma="Berlin-muren" pos="X">Berlin-muren</wf>
         <wf lemma="et" pos="X">et</wf>
         <wf lemma="effektivt" pos="X">effektivt</wf>
         <wf lemma="værn" pos="X">værn</wf>
         <wf lemma="mod" pos="X">mod</wf>
         <wf lemma="flugtforsøg" pos="X">flugtforsøg</wf>
         <wf lemma="fra" pos="X">fra</wf>
         <wf lemma="DDR" pos="X">DDR</wf>
         <wf lemma="." pos="X">.</wf>
      </sentence>
      <sentence id="d000.s1644" source="wordnet-danish">
         <wf lemma="der" pos="X">der</wf>
         <wf lemma="er" pos="X">er</wf>
         <wf lemma="vagt" pos="X">vagt</wf>
         <wf lemma="ved" pos="X">ved</wf>
         <instance id="d000.s1644.t000" lemma="indgang" pos="NOUN">indgangen</instance>
         <wf lemma="til" pos="X">til</wf>
         <wf lemma="bygningen" pos="X">bygningen</wf>
         <wf lemma="døgnet" pos="X">døgnet</wf>
         <wf lemma="rundt" pos="X">rundt</wf>
         <wf lemma="." pos="X">.</wf>
      </sentence>
      <sentence id="d000.s1645" source="wordnet-danish">
         <wf lemma="[Rejsebøgerne" pos="X">[Rejsebøgerne</wf>
         <wf lemma="]" pos="X">]</wf>
         <wf lemma="er" pos="X">er</wf>
         <wf lemma="bygget" pos="X">bygget</wf>
         <wf lemma="op" pos="X">op</wf>
         <wf lemma="på" pos="X">på</wf>
         <wf lemma="bevægelsen" pos="X">bevægelsen</wf>
         <wf lemma="opbrud" pos="X">opbrud</wf>
         <wf lemma="og" pos="X">og</wf>
         <wf lemma="udrejse" pos="X">udrejse</wf>
         <wf lemma="," pos="X">,</wf>
         <wf lemma="hjemrejse" pos="X">hjemrejse</wf>
         <wf lemma="og" pos="X">og</wf>
         <instance id="d000.s1645.t000" lemma="hjemkomst" pos="NOUN">hjemkomst</instance>
         <wf lemma="." pos="X">.</wf>
      </sentence>
      <sentence id="d000.s1646" source="wordnet-danish">
         <wf lemma="da" pos="X">da</wf>
         <wf lemma="Jacob" pos="X">Jacob</wf>
         <wf lemma="Blom" pos="X">Blom</wf>
         <wf lemma="købte" pos="X">købte</wf>
         <wf lemma="lejligheden" pos="X">lejligheden</wf>
         <wf lemma="," pos="X">,</wf>
         <wf lemma="var" pos="X">var</wf>
         <wf lemma="kun" pos="X">kun</wf>
         <wf lemma="et" pos="X">et</wf>
         <wf lemma="enkelt" pos="X">enkelt</wf>
         <instance id="d000.s1646.t000" lemma="plan" pos="NOUN">plan</instance>
         <wf lemma="udnyttet" pos="X">udnyttet</wf>
         <wf lemma="til" pos="X">til</wf>
         <wf lemma="beboelse" pos="X">beboelse</wf>
         <wf lemma="." pos="X">.</wf>
         <wf lemma="Det" pos="X">Det</wf>
         <wf lemma="gamle" pos="X">gamle</wf>
         <wf lemma="tørreloft" pos="X">tørreloft</wf>
         <wf lemma="lå" pos="X">lå</wf>
         <wf lemma="dengang" pos="X">dengang</wf>
         <wf lemma="ubenyttet" pos="X">ubenyttet</wf>
         <wf lemma="hen" pos="X">hen</wf>
         <wf lemma="." pos="X">.</wf>
      </sentence>
      <sentence id="d000.s1647" source="wordnet-danish">
         <wf lemma="Den" pos="X">Den</wf>
         <wf lemma="vinter" pos="X">vinter</wf>
         <wf lemma="blev" pos="X">blev</wf>
         <wf lemma="kongens" pos="X">kongens</wf>
         <wf lemma="kvæg" pos="X">kvæg</wf>
         <wf lemma="ofte" pos="X">ofte</wf>
         <wf lemma="overfaldet" pos="X">overfaldet</wf>
         <wf lemma="af" pos="X">af</wf>
         <wf lemma="en" pos="X">en</wf>
         <instance id="d000.s1647.t000" lemma="bjørn" pos="NOUN">bjørn</instance>
         <wf lemma="," pos="X">,</wf>
         <wf lemma="der" pos="X">der</wf>
         <wf lemma="var" pos="X">var</wf>
         <wf lemma="vækket" pos="X">vækket</wf>
         <wf lemma="af" pos="X">af</wf>
         <wf lemma="sin" pos="X">sin</wf>
         <wf lemma="vintersøvn" pos="X">vintersøvn</wf>
         <wf lemma="i" pos="X">i</wf>
         <wf lemma="utide" pos="X">utide</wf>
         <wf lemma="." pos="X">.</wf>
      </sentence>
      <sentence id="d000.s1648" source="wordnet-danish">
         <wf lemma="Uanset" pos="X">Uanset</wf>
         <wf lemma="partifarve" pos="X">partifarve</wf>
         <wf lemma="er" pos="X">er</wf>
         <wf lemma="det" pos="X">det</wf>
         <wf lemma="vigtigste" pos="X">vigtigste</wf>
         <wf lemma="i" pos="X">i</wf>
         <instance id="d000.s1648.t000" lemma="politik" pos="NOUN">politik</instance>
         <wf lemma="," pos="X">,</wf>
         <wf lemma="at" pos="X">at</wf>
         <wf lemma="en" pos="X">en</wf>
         <wf lemma="aftale" pos="X">aftale</wf>
         <wf lemma="er" pos="X">er</wf>
         <wf lemma="en" pos="X">en</wf>
         <wf lemma="aftale" pos="X">aftale</wf>
         <wf lemma="--" pos="X">--</wf>
         <wf lemma="at" pos="X">at</wf>
         <wf lemma="man" pos="X">man</wf>
         <wf lemma="kan" pos="X">kan</wf>
         <wf lemma="stole" pos="X">stole</wf>
         <wf lemma="på" pos="X">på</wf>
         <wf lemma="folk" pos="X">folk</wf>
         <wf lemma="." pos="X">.</wf>
      </sentence>
      <sentence id="d000.s1649" source="wordnet-danish">
         <wf lemma="For" pos="X">For</wf>
         <wf lemma="de" pos="X">de</wf>
         <wf lemma="fleste" pos="X">fleste</wf>
         <instance id="d000.s1649.t000" lemma="bruger" pos="NOUN">brugere</instance>
         <wf lemma="af" pos="X">af</wf>
         <wf lemma="biltelefon" pos="X">biltelefon</wf>
         <wf lemma="er" pos="X">er</wf>
         <wf lemma="det" pos="X">det</wf>
         <wf lemma="en" pos="X">en</wf>
         <wf lemma="rutine" pos="X">rutine</wf>
         <wf lemma="at" pos="X">at</wf>
         <wf lemma="bruge" pos="X">bruge</wf>
         <wf lemma="telefon" pos="X">telefon</wf>
         <wf lemma="under" pos="X">under</wf>
         <wf lemma="kørsel" pos="X">kørsel</wf>
         <wf lemma="." pos="X">.</wf>
      </sentence>
      <sentence id="d000.s1650" source="wordnet-danish">
         <wf lemma="i" pos="X">i</wf>
         <wf lemma="havet" pos="X">havet</wf>
         <wf lemma="omkring" pos="X">omkring</wf>
         <wf lemma="os" pos="X">os</wf>
         <wf lemma="dykkede" pos="X">dykkede</wf>
         <wf lemma="de" pos="X">de</wf>
         <wf lemma="vævre" pos="X">vævre</wf>
         <wf lemma="små" pos="X">små</wf>
         <wf lemma="fugle" pos="X">fugle</wf>
         <wf lemma="i" pos="X">i</wf>
         <wf lemma="tusindvis" pos="X">tusindvis</wf>
         <wf lemma="efter" pos="X">efter</wf>
         <wf lemma="småsild" pos="X">småsild</wf>
         <wf lemma="," pos="X">,</wf>
         <wf lemma="der" pos="X">der</wf>
         <wf lemma="strittede" pos="X">strittede</wf>
         <wf lemma="ud" pos="X">ud</wf>
         <wf lemma="af" pos="X">af</wf>
         <wf lemma="deres" pos="X">deres</wf>
         <instance id="d000.s1650.t000" lemma="næb" pos="NOUN">næb</instance>
         <wf lemma="hver" pos="X">hver</wf>
         <wf lemma="gang" pos="X">gang</wf>
         <wf lemma="de" pos="X">de</wf>
         <wf lemma="dukkede" pos="X">dukkede</wf>
         <wf lemma="op" pos="X">op</wf>
         <wf lemma="." pos="X">.</wf>
      </sentence>
      <sentence id="d000.s1651" source="wordnet-danish">
         <wf lemma="Vores" pos="X">Vores</wf>
         <wf lemma="kost" pos="X">kost</wf>
         <wf lemma="består" pos="X">består</wf>
         <wf lemma="af" pos="X">af</wf>
         <wf lemma="kulhydrater" pos="X">kulhydrater</wf>
         <wf lemma="," pos="X">,</wf>
         <wf lemma="fedtstoffer" pos="X">fedtstoffer</wf>
         <wf lemma="og" pos="X">og</wf>
         <instance id="d000.s1651.t000" lemma="æggehvidestof" pos="NOUN">æggehvidestoffer</instance>
         <wf lemma="i" pos="X">i</wf>
         <wf lemma="en" pos="X">en</wf>
         <wf lemma="passende" pos="X">passende</wf>
         <wf lemma="kombination" pos="X">kombination</wf>
         <wf lemma="og" pos="X">og</wf>
         <wf lemma="blanding" pos="X">blanding</wf>
         <wf lemma="." pos="X">.</wf>
      </sentence>
      <sentence id="d000.s1652" source="wordnet-danish">
         <wf lemma="Ude" pos="X">Ude</wf>
         <wf lemma="fra" pos="X">fra</wf>
         <wf lemma="korridoren" pos="X">korridoren</wf>
         <wf lemma="høres" pos="X">høres</wf>
         <instance id="d000.s1652.t000" lemma="høj" pos="ADJ">høje</instance>
         <wf lemma="stemmer" pos="X">stemmer</wf>
         <wf lemma="," pos="X">,</wf>
         <wf lemma="smækken" pos="X">smækken</wf>
         <wf lemma="af" pos="X">af</wf>
         <wf lemma="døre" pos="X">døre</wf>
         <wf lemma="," pos="X">,</wf>
         <wf lemma="latter" pos="X">latter</wf>
         <wf lemma="og" pos="X">og</wf>
         <wf lemma="råb." pos="X">råb.</wf>
      </sentence>
      <sentence id="d000.s1653" source="wordnet-danish">
         <wf lemma="Et" pos="X">Et</wf>
         <wf lemma="ja" pos="X">ja</wf>
         <wf lemma="ved" pos="X">ved</wf>
         <wf lemma="næste" pos="X">næste</wf>
         <wf lemma="EF-folkeafstemning" pos="X">EF-folkeafstemning</wf>
         <wf lemma="vil" pos="X">vil</wf>
         <instance id="d000.s1653.t000" lemma="sikre" pos="VERB">sikre</instance>
         <wf lemma="Danmark" pos="X">Danmark</wf>
         <wf lemma="100.000" pos="X">100.000</wf>
         <wf lemma="flere" pos="X">flere</wf>
         <wf lemma="arbejdspladser" pos="X">arbejdspladser</wf>
         <wf lemma="," pos="X">,</wf>
         <wf lemma="end" pos="X">end</wf>
         <wf lemma="landet" pos="X">landet</wf>
         <wf lemma="ellers" pos="X">ellers</wf>
         <wf lemma="ville" pos="X">ville</wf>
         <wf lemma="få" pos="X">få</wf>
         <wf lemma="." pos="X">.</wf>
      </sentence>
      <sentence id="d000.s1654" source="wordnet-danish">
         <wf lemma="Rytterne" pos="X">Rytterne</wf>
         <wf lemma="standsede" pos="X">standsede</wf>
         <wf lemma="," pos="X">,</wf>
         <wf lemma="da" pos="X">da</wf>
         <wf lemma="den" pos="X">den</wf>
         <wf lemma="forreste" pos="X">forreste</wf>
         <wf lemma="af" pos="X">af</wf>
         <wf lemma="dem" pos="X">dem</wf>
         <wf lemma="hævede" pos="X">hævede</wf>
         <wf lemma="hånden" pos="X">hånden</wf>
         <wf lemma="." pos="X">.</wf>
         <wf lemma="Hans" pos="X">Hans</wf>
         <instance id="d000.s1654.t000" lemma="hest" pos="NOUN">hest</instance>
         <wf lemma="stejlede" pos="X">stejlede</wf>
         <wf lemma="og" pos="X">og</wf>
         <wf lemma="vrinskede" pos="X">vrinskede</wf>
         <wf lemma="." pos="X">.</wf>
      </sentence>
      <sentence id="d000.s1655" source="wordnet-danish">
         <wf lemma="Sverige" pos="X">Sverige</wf>
         <wf lemma="frygter" pos="X">frygter</wf>
         <wf lemma="," pos="X">,</wf>
         <wf lemma="at" pos="X">at</wf>
         <wf lemma="et" pos="X">et</wf>
         <wf lemma="dansk" pos="X">dansk</wf>
         <wf lemma="nej" pos="X">nej</wf>
         <wf lemma="til" pos="X">til</wf>
         <wf lemma="EF-unionen" pos="X">EF-unionen</wf>
         <wf lemma="den" pos="X">den</wf>
         <wf lemma="2." pos="X">2.</wf>
         <wf lemma="juni" pos="X">juni</wf>
         <wf lemma="vil" pos="X">vil</wf>
         <wf lemma="kunne" pos="X">kunne</wf>
         <instance id="d000.s1655.t000" lemma="forsinke" pos="VERB">forsinke</instance>
         <wf lemma="Sveriges" pos="X">Sveriges</wf>
         <wf lemma="optagelse" pos="X">optagelse</wf>
         <wf lemma="i" pos="X">i</wf>
         <wf lemma="EF" pos="X">EF</wf>
         <wf lemma="." pos="X">.</wf>
      </sentence>
      <sentence id="d000.s1656" source="wordnet-danish">
         <wf lemma="Udgravningerne" pos="X">Udgravningerne</wf>
         <wf lemma="viste" pos="X">viste</wf>
         <wf lemma="kun" pos="X">kun</wf>
         <wf lemma="rester" pos="X">rester</wf>
         <wf lemma="af" pos="X">af</wf>
         <wf lemma="et" pos="X">et</wf>
         <wf lemma="bondesamfund" pos="X">bondesamfund</wf>
         <wf lemma="," pos="X">,</wf>
         <wf lemma="intet" pos="X">intet</wf>
         <instance id="d000.s1656.t000" lemma="bevis" pos="NOUN">bevis</instance>
         <wf lemma="for" pos="X">for</wf>
         <wf lemma="en" pos="X">en</wf>
         <wf lemma="handelsby" pos="X">handelsby</wf>
         <wf lemma="." pos="X">.</wf>
      </sentence>
      <sentence id="d000.s1657" source="wordnet-danish">
         <wf lemma="Mange" pos="X">Mange</wf>
         <wf lemma="unge" pos="X">unge</wf>
         <wf lemma="fædre" pos="X">fædre</wf>
         <wf lemma="deltager" pos="X">deltager</wf>
         <wf lemma="som" pos="X">som</wf>
         <wf lemma="en" pos="X">en</wf>
         <wf lemma="selvfølge" pos="X">selvfølge</wf>
         <wf lemma="i" pos="X">i</wf>
         <wf lemma="alt" pos="X">alt</wf>
         <wf lemma="husligt" pos="X">husligt</wf>
         <wf lemma="og" pos="X">og</wf>
         <wf lemma="er" pos="X">er</wf>
         <instance id="d000.s1657.t000" lemma="aktiv" pos="ADJ">aktive</instance>
         <wf lemma="i" pos="X">i</wf>
         <wf lemma="arbejdet" pos="X">arbejdet</wf>
         <wf lemma="omkring" pos="X">omkring</wf>
         <wf lemma="børnene" pos="X">børnene</wf>
         <wf lemma="." pos="X">.</wf>
      </sentence>
      <sentence id="d000.s1658" source="wordnet-danish">
         <wf lemma="Da" pos="X">Da</wf>
         <wf lemma="jeg" pos="X">jeg</wf>
         <wf lemma="slog" pos="X">slog</wf>
         <wf lemma="øjnene" pos="X">øjnene</wf>
         <wf lemma="op" pos="X">op</wf>
         <wf lemma="var" pos="X">var</wf>
         <wf lemma="min" pos="X">min</wf>
         <wf lemma="første" pos="X">første</wf>
         <wf lemma="følelse" pos="X">følelse</wf>
         <wf lemma=":" pos="X">:</wf>
         <instance id="d000.s1658.t000" lemma="glæde" pos="NOUN">glæde</instance>
         <wf lemma="over" pos="X">over</wf>
         <wf lemma="at" pos="X">at</wf>
         <wf lemma="være" pos="X">være</wf>
         <wf lemma="hjemme" pos="X">hjemme</wf>
         <wf lemma="." pos="X">.</wf>
      </sentence>
      <sentence id="d000.s1659" source="wordnet-danish">
         <wf lemma="Det" pos="X">Det</wf>
         <wf lemma="er" pos="X">er</wf>
         <wf lemma="en" pos="X">en</wf>
         <wf lemma="smuk" pos="X">smuk</wf>
         <wf lemma="nordisk" pos="X">nordisk</wf>
         <instance id="d000.s1659.t000" lemma="skik" pos="NOUN">skik</instance>
         <wf lemma="," pos="X">,</wf>
         <wf lemma="at" pos="X">at</wf>
         <wf lemma="man" pos="X">man</wf>
         <wf lemma="siger" pos="X">siger</wf>
         <wf lemma="tak" pos="X">tak</wf>
         <wf lemma="for" pos="X">for</wf>
         <wf lemma="mad" pos="X">mad</wf>
         <wf lemma="." pos="X">.</wf>
      </sentence>
      <sentence id="d000.s1660" source="wordnet-danish">
         <wf lemma="28" pos="X">28</wf>
         <wf lemma="år" pos="X">år</wf>
         <wf lemma="er" pos="X">er</wf>
         <wf lemma="en" pos="X">en</wf>
         <wf lemma="glimrende" pos="X">glimrende</wf>
         <wf lemma="alder" pos="X">alder</wf>
         <wf lemma="." pos="X">.</wf>
         <wf lemma="Man" pos="X">Man</wf>
         <wf lemma="har" pos="X">har</wf>
         <wf lemma="overstået" pos="X">overstået</wf>
         <instance id="d000.s1660.t000" lemma="ungdom" pos="NOUN">ungdommens</instance>
         <wf lemma="usikkerhed" pos="X">usikkerhed</wf>
         <wf lemma="," pos="X">,</wf>
         <wf lemma="men" pos="X">men</wf>
         <wf lemma="er" pos="X">er</wf>
         <wf lemma="stadig" pos="X">stadig</wf>
         <wf lemma="fuld" pos="X">fuld</wf>
         <wf lemma="af" pos="X">af</wf>
         <wf lemma="mod" pos="X">mod</wf>
         <wf lemma="på" pos="X">på</wf>
         <wf lemma="livet" pos="X">livet</wf>
         <wf lemma="." pos="X">.</wf>
      </sentence>
      <sentence id="d000.s1661" source="wordnet-danish">
         <wf lemma="hun" pos="X">hun</wf>
         <wf lemma="trængte" pos="X">trængte</wf>
         <wf lemma="til" pos="X">til</wf>
         <wf lemma="at" pos="X">at</wf>
         <wf lemma="få" pos="X">få</wf>
         <wf lemma="noget" pos="X">noget</wf>
         <wf lemma="frisk" pos="X">frisk</wf>
         <wf lemma="luft" pos="X">luft</wf>
         <wf lemma="for" pos="X">for</wf>
         <wf lemma="at" pos="X">at</wf>
         <wf lemma="klare" pos="X">klare</wf>
         <instance id="d000.s1661.t000" lemma="tanke" pos="NOUN">tankerne</instance>
         <wf lemma="." pos="X">.</wf>
      </sentence>
      <sentence id="d000.s1662" source="wordnet-danish">
         <wf lemma="det" pos="X">det</wf>
         <wf lemma="er" pos="X">er</wf>
         <wf lemma="bittert" pos="X">bittert</wf>
         <wf lemma="for" pos="X">for</wf>
         <wf lemma="en" pos="X">en</wf>
         <wf lemma="far" pos="X">far</wf>
         <wf lemma="at" pos="X">at</wf>
         <wf lemma="vide" pos="X">vide</wf>
         <wf lemma="," pos="X">,</wf>
         <wf lemma="at" pos="X">at</wf>
         <wf lemma="hans" pos="X">hans</wf>
         <wf lemma="søn" pos="X">søn</wf>
         <wf lemma="ligefrem" pos="X">ligefrem</wf>
         <instance id="d000.s1662.t000" lemma="foragte" pos="VERB">foragter</instance>
         <wf lemma="ham" pos="X">ham</wf>
         <wf lemma="." pos="X">.</wf>
      </sentence>
      <sentence id="d000.s1663" source="wordnet-danish">
         <wf lemma="Hun" pos="X">Hun</wf>
         <wf lemma="går" pos="X">går</wf>
         <wf lemma="ud" pos="X">ud</wf>
         <wf lemma="i" pos="X">i</wf>
         <wf lemma="entreen" pos="X">entreen</wf>
         <wf lemma="og" pos="X">og</wf>
         <wf lemma="ser" pos="X">ser</wf>
         <wf lemma="," pos="X">,</wf>
         <wf lemma="at" pos="X">at</wf>
         <instance id="d000.s1663.t000" lemma="nøgle" pos="NOUN">nøglen</instance>
         <wf lemma="virkelig" pos="X">virkelig</wf>
         <wf lemma="drejes" pos="X">drejes</wf>
         <wf lemma="langsomt" pos="X">langsomt</wf>
         <wf lemma="rundt" pos="X">rundt</wf>
         <wf lemma="og" pos="X">og</wf>
         <wf lemma="at" pos="X">at</wf>
         <wf lemma="nogen" pos="X">nogen</wf>
         <wf lemma="lægger" pos="X">lægger</wf>
         <wf lemma="en" pos="X">en</wf>
         <wf lemma="hånd" pos="X">hånd</wf>
         <wf lemma="på" pos="X">på</wf>
         <wf lemma="dørhåndtaget" pos="X">dørhåndtaget</wf>
         <wf lemma="." pos="X">.</wf>
      </sentence>
      <sentence id="d000.s1664" source="wordnet-danish">
         <wf lemma="han" pos="X">han</wf>
         <wf lemma="har" pos="X">har</wf>
         <wf lemma="offentliggjort" pos="X">offentliggjort</wf>
         <wf lemma="sine" pos="X">sine</wf>
         <wf lemma="dagbogsnotater" pos="X">dagbogsnotater</wf>
         <wf lemma="fra" pos="X">fra</wf>
         <wf lemma="statsministertiden" pos="X">statsministertiden</wf>
         <wf lemma="i" pos="X">i</wf>
         <wf lemma="tre" pos="X">tre</wf>
         <wf lemma="murstenstykke" pos="X">murstenstykke</wf>
         <instance id="d000.s1664.t000" lemma="bind" pos="NOUN">bind</instance>
         <wf lemma="." pos="X">.</wf>
      </sentence>
      <sentence id="d000.s1665" source="wordnet-danish">
         <wf lemma="Det" pos="X">Det</wf>
         <wf lemma="åndelige" pos="X">åndelige</wf>
         <instance id="d000.s1665.t000" lemma="overhoved" pos="NOUN">overhoved</instance>
         <wf lemma="for" pos="X">for</wf>
         <wf lemma="den" pos="X">den</wf>
         <wf lemma="shiamuslimske" pos="X">shiamuslimske</wf>
         <wf lemma="gruppe" pos="X">gruppe</wf>
         <wf lemma="Hezbollah" pos="X">Hezbollah</wf>
         <wf lemma="," pos="X">,</wf>
         <wf lemma="Mohammad" pos="X">Mohammad</wf>
         <wf lemma="Hussein" pos="X">Hussein</wf>
         <wf lemma="Fadlallah" pos="X">Fadlallah</wf>
         <wf lemma="," pos="X">,</wf>
         <wf lemma="fordømte" pos="X">fordømte</wf>
         <wf lemma="bortførelsen" pos="X">bortførelsen</wf>
         <wf lemma="i" pos="X">i</wf>
         <wf lemma="går" pos="X">går</wf>
         <wf lemma="." pos="X">.</wf>
      </sentence>
      <sentence id="d000.s1666" source="wordnet-danish">
         <wf lemma="Hver" pos="X">Hver</wf>
         <wf lemma="for" pos="X">for</wf>
         <wf lemma="sig" pos="X">sig</wf>
         <wf lemma="havde" pos="X">havde</wf>
         <wf lemma="de" pos="X">de</wf>
         <wf lemma="begået" pos="X">begået</wf>
         <wf lemma="indbrud" pos="X">indbrud</wf>
         <wf lemma="," pos="X">,</wf>
         <wf lemma="tyverier" pos="X">tyverier</wf>
         <wf lemma="," pos="X">,</wf>
         <wf lemma="dokumentfalsk" pos="X">dokumentfalsk</wf>
         <wf lemma="og" pos="X">og</wf>
         <wf lemma="hæleri" pos="X">hæleri</wf>
         <wf lemma=".." pos="X">..</wf>
         <wf lemma="for" pos="X">for</wf>
         <wf lemma="at" pos="X">at</wf>
         <wf lemma="finansiere" pos="X">finansiere</wf>
         <wf lemma="deres" pos="X">deres</wf>
         <wf lemma="forbrug" pos="X">forbrug</wf>
         <wf lemma="af" pos="X">af</wf>
         <instance id="d000.s1666.t000" lemma="heroin" pos="NOUN">heroin</instance>
         <wf lemma="." pos="X">.</wf>
      </sentence>
      <sentence id="d000.s1667" source="wordnet-danish">
         <wf lemma="Ofte" pos="X">Ofte</wf>
         <wf lemma="indeholder" pos="X">indeholder</wf>
         <wf lemma="en" pos="X">en</wf>
         <instance id="d000.s1667.t000" lemma="hånd" pos="NOUN">hånd</instance>
         <wf lemma="to" pos="X">to</wf>
         <wf lemma="meldbare" pos="X">meldbare</wf>
         <wf lemma="farver" pos="X">farver</wf>
         <wf lemma="." pos="X">.</wf>
         <wf lemma="Man" pos="X">Man</wf>
         <wf lemma="må" pos="X">må</wf>
         <wf lemma="da" pos="X">da</wf>
         <wf lemma="tage" pos="X">tage</wf>
         <wf lemma="bestemmelse" pos="X">bestemmelse</wf>
         <wf lemma="om" pos="X">om</wf>
         <wf lemma="," pos="X">,</wf>
         <wf lemma="hvilken" pos="X">hvilken</wf>
         <wf lemma="af" pos="X">af</wf>
         <wf lemma="farverne" pos="X">farverne</wf>
         <wf lemma="der" pos="X">der</wf>
         <wf lemma="skal" pos="X">skal</wf>
         <wf lemma="meldes" pos="X">meldes</wf>
         <wf lemma="først" pos="X">først</wf>
         <wf lemma="." pos="X">.</wf>
      </sentence>
      <sentence id="d000.s1668" source="wordnet-danish">
         <wf lemma="Jeg" pos="X">Jeg</wf>
         <wf lemma="havde" pos="X">havde</wf>
         <wf lemma="en" pos="X">en</wf>
         <wf lemma="pistol" pos="X">pistol</wf>
         <wf lemma="," pos="X">,</wf>
         <wf lemma="holdt" pos="X">holdt</wf>
         <instance id="d000.s1668.t000" lemma="løb" pos="NOUN">løbet</instance>
         <wf lemma="mod" pos="X">mod</wf>
         <wf lemma="min" pos="X">min</wf>
         <wf lemma="tinding" pos="X">tinding</wf>
         <wf lemma="," pos="X">,</wf>
         <wf lemma="men" pos="X">men</wf>
         <wf lemma="havde" pos="X">havde</wf>
         <wf lemma="ikke" pos="X">ikke</wf>
         <wf lemma="mod" pos="X">mod</wf>
         <wf lemma="til" pos="X">til</wf>
         <wf lemma="at" pos="X">at</wf>
         <wf lemma="trykke" pos="X">trykke</wf>
         <wf lemma="af" pos="X">af</wf>
         <wf lemma="." pos="X">.</wf>
      </sentence>
      <sentence id="d000.s1669" source="wordnet-danish">
         <wf lemma="Man" pos="X">Man</wf>
         <wf lemma="kan" pos="X">kan</wf>
         <wf lemma="også" pos="X">også</wf>
         <wf lemma="sige" pos="X">sige</wf>
         <wf lemma="," pos="X">,</wf>
         <wf lemma="at" pos="X">at</wf>
         <instance id="d000.s1669.t000" lemma="humor" pos="NOUN">humor</instance>
         <wf lemma="er" pos="X">er</wf>
         <wf lemma="en" pos="X">en</wf>
         <wf lemma="protest" pos="X">protest</wf>
         <wf lemma="mod" pos="X">mod</wf>
         <wf lemma="livets" pos="X">livets</wf>
         <wf lemma="meningsløshed" pos="X">meningsløshed</wf>
         <wf lemma="." pos="X">.</wf>
         <wf lemma="Eller" pos="X">Eller</wf>
         <wf lemma="en" pos="X">en</wf>
         <wf lemma="sikkerhedsventil" pos="X">sikkerhedsventil</wf>
         <wf lemma="mod" pos="X">mod</wf>
         <wf lemma="fanatisme" pos="X">fanatisme</wf>
         <wf lemma="og" pos="X">og</wf>
         <wf lemma="fastlåste" pos="X">fastlåste</wf>
         <wf lemma="ideer" pos="X">ideer</wf>
         <wf lemma="." pos="X">.</wf>
      </sentence>
      <sentence id="d000.s1670" source="wordnet-danish">
         <wf lemma="Sengen" pos="X">Sengen</wf>
         <wf lemma="er" pos="X">er</wf>
         <wf lemma="forsynet" pos="X">forsynet</wf>
         <wf lemma="med" pos="X">med</wf>
         <instance id="d000.s1670.t000" lemma="hjul" pos="NOUN">hjul</instance>
         <wf lemma="," pos="X">,</wf>
         <wf lemma="så" pos="X">så</wf>
         <wf lemma="når" pos="X">når</wf>
         <wf lemma="det" pos="X">det</wf>
         <wf lemma="kniber" pos="X">kniber</wf>
         <wf lemma="for" pos="X">for</wf>
         <wf lemma="Oliver" pos="X">Oliver</wf>
         <wf lemma="med" pos="X">med</wf>
         <wf lemma="at" pos="X">at</wf>
         <wf lemma="falde" pos="X">falde</wf>
         <wf lemma="i" pos="X">i</wf>
         <wf lemma="søvn" pos="X">søvn</wf>
         <wf lemma="," pos="X">,</wf>
         <wf lemma="kan" pos="X">kan</wf>
         <wf lemma="forældrene" pos="X">forældrene</wf>
         <wf lemma="skubbe" pos="X">skubbe</wf>
         <wf lemma="ham" pos="X">ham</wf>
         <wf lemma="blidt" pos="X">blidt</wf>
         <wf lemma="frem" pos="X">frem</wf>
         <wf lemma="og" pos="X">og</wf>
         <wf lemma="tilbage" pos="X">tilbage</wf>
         <wf lemma="." pos="X">.</wf>
      </sentence>
      <sentence id="d000.s1671" source="wordnet-danish">
         <wf lemma="Kongen" pos="X">Kongen</wf>
         <instance id="d000.s1671.t000" lemma="regere" pos="VERB">regerede</instance>
         <wf lemma="med" pos="X">med</wf>
         <wf lemma="enevældig" pos="X">enevældig</wf>
         <wf lemma="magt" pos="X">magt</wf>
         <wf lemma="," pos="X">,</wf>
         <wf lemma="men" pos="X">men</wf>
         <wf lemma="han" pos="X">han</wf>
         <wf lemma="var" pos="X">var</wf>
         <wf lemma="afhængig" pos="X">afhængig</wf>
         <wf lemma="af" pos="X">af</wf>
         <wf lemma="sine" pos="X">sine</wf>
         <wf lemma="embedsmænd" pos="X">embedsmænd</wf>
         <wf lemma="." pos="X">.</wf>
      </sentence>
      <sentence id="d000.s1672" source="wordnet-danish">
         <wf lemma="Sådan" pos="X">Sådan</wf>
         <wf lemma="," pos="X">,</wf>
         <wf lemma="mutter" pos="X">mutter</wf>
         <wf lemma="." pos="X">.</wf>
         <wf lemma="Stil" pos="X">Stil</wf>
         <wf lemma="du" pos="X">du</wf>
         <wf lemma="bare" pos="X">bare</wf>
         <instance id="d000.s1672.t000" lemma="mokka" pos="NOUN">mokkaen</instance>
         <wf lemma="dér" pos="X">dér</wf>
         <wf lemma="." pos="X">.</wf>
      </sentence>
      <sentence id="d000.s1673" source="wordnet-danish">
         <wf lemma="[Han]" pos="X">[Han]</wf>
         <wf lemma="nøjedes" pos="X">nøjedes</wf>
         <wf lemma="ikke" pos="X">ikke</wf>
         <wf lemma="med" pos="X">med</wf>
         <wf lemma="rollen" pos="X">rollen</wf>
         <wf lemma="som" pos="X">som</wf>
         <wf lemma="tilskuer" pos="X">tilskuer</wf>
         <wf lemma="." pos="X">.</wf>
         <wf lemma="Han" pos="X">Han</wf>
         <wf lemma="var" pos="X">var</wf>
         <wf lemma="selv" pos="X">selv</wf>
         <wf lemma="en" pos="X">en</wf>
         <wf lemma="drivkraft" pos="X">drivkraft</wf>
         <wf lemma="og" pos="X">og</wf>
         <wf lemma="tog" pos="X">tog</wf>
         <instance id="d000.s1673.t000" lemma="aktiv" pos="ADJ">aktivt</instance>
         <wf lemma="del" pos="X">del</wf>
         <wf lemma="i" pos="X">i</wf>
         <wf lemma="udviklingen" pos="X">udviklingen</wf>
         <wf lemma="." pos="X">.</wf>
      </sentence>
      <sentence id="d000.s1674" source="wordnet-danish">
         <wf lemma="Asta" pos="X">Asta</wf>
         <wf lemma="Nielsen" pos="X">Nielsen</wf>
         <wf lemma="(" pos="X">(</wf>
         <wf lemma="1881-1972" pos="X">1881-1972</wf>
         <wf lemma=")" pos="X">)</wf>
         <wf lemma="var" pos="X">var</wf>
         <wf lemma="som" pos="X">som</wf>
         <wf lemma="Die" pos="X">Die</wf>
         <wf lemma="Asta" pos="X">Asta</wf>
         <wf lemma="Europas" pos="X">Europas</wf>
         <instance id="d000.s1674.t000" lemma="berømt" pos="ADJ">berømteste</instance>
         <wf lemma="filmskuespillerinde" pos="X">filmskuespillerinde</wf>
         <wf lemma="1910-30" pos="X">1910-30</wf>
         <wf lemma="." pos="X">.</wf>
      </sentence>
      <sentence id="d000.s1675" source="wordnet-danish">
         <wf lemma="ThinStar" pos="X">ThinStar</wf>
         <wf lemma="200" pos="X">200</wf>
         <wf lemma=".." pos="X">..</wf>
         <wf lemma="er" pos="X">er</wf>
         <instance id="d000.s1675.t000" lemma="kompatibel" pos="ADJ">kompatibel</instance>
         <wf lemma="med" pos="X">med</wf>
         <wf lemma="Microsofts" pos="X">Microsofts</wf>
         <wf lemma="officielle" pos="X">officielle</wf>
         <wf lemma="version" pos="X">version</wf>
         <wf lemma="af" pos="X">af</wf>
         <wf lemma="Windows" pos="X">Windows</wf>
         <wf lemma="CE." pos="X">CE.</wf>
      </sentence>
      <sentence id="d000.s1676" source="wordnet-danish">
         <wf lemma="i" pos="X">i</wf>
         <wf lemma="Marokko" pos="X">Marokko</wf>
         <wf lemma="har" pos="X">har</wf>
         <wf lemma="kongens" pos="X">kongens</wf>
         <wf lemma="hustru" pos="X">hustru</wf>
         <wf lemma="ikke" pos="X">ikke</wf>
         <instance id="d000.s1676.t000" lemma="titel" pos="NOUN">titel</instance>
         <wf lemma="af" pos="X">af</wf>
         <wf lemma="dronning" pos="X">dronning</wf>
         <wf lemma="." pos="X">.</wf>
      </sentence>
      <sentence id="d000.s1677" source="wordnet-danish">
         <wf lemma="Danmark" pos="X">Danmark</wf>
         <wf lemma="tiltrådte" pos="X">tiltrådte</wf>
         <wf lemma="aftalerne" pos="X">aftalerne</wf>
         <wf lemma="med" pos="X">med</wf>
         <instance id="d000.s1677.t000" lemma="forbehold" pos="NOUN">forbehold</instance>
         <wf lemma="for" pos="X">for</wf>
         <wf lemma="den" pos="X">den</wf>
         <wf lemma="senere" pos="X">senere</wf>
         <wf lemma="godkendelse" pos="X">godkendelse</wf>
         <wf lemma="i" pos="X">i</wf>
         <wf lemma="Folketinget" pos="X">Folketinget</wf>
         <wf lemma="." pos="X">.</wf>
      </sentence>
      <sentence id="d000.s1678" source="wordnet-danish">
         <wf lemma="Der" pos="X">Der</wf>
         <wf lemma="er" pos="X">er</wf>
         <wf lemma="en" pos="X">en</wf>
         <wf lemma="bagtrappe" pos="X">bagtrappe</wf>
         <wf lemma="til" pos="X">til</wf>
         <wf lemma="gården" pos="X">gården</wf>
         <wf lemma="og" pos="X">og</wf>
         <wf lemma="herfra" pos="X">herfra</wf>
         <wf lemma="er" pos="X">er</wf>
         <wf lemma="der" pos="X">der</wf>
         <wf lemma="trappen" pos="X">trappen</wf>
         <wf lemma="og" pos="X">og</wf>
         <wf lemma="elevatoren" pos="X">elevatoren</wf>
         <wf lemma="," pos="X">,</wf>
         <wf lemma="ikke" pos="X">ikke</wf>
         <wf lemma="?" pos="X">?</wf>
         <wf lemma="Er" pos="X">Er</wf>
         <wf lemma="der" pos="X">der</wf>
         <wf lemma="flere" pos="X">flere</wf>
         <instance id="d000.s1678.t000" lemma="udgang" pos="NOUN">udgange</instance>
         <wf lemma="?" pos="X">?</wf>
      </sentence>
      <sentence id="d000.s1679" source="wordnet-danish">
         <wf lemma="Bøgetræsstolen" pos="X">Bøgetræsstolen</wf>
         <wf lemma="," pos="X">,</wf>
         <wf lemma="som" pos="X">som</wf>
         <wf lemma="kan" pos="X">kan</wf>
         <wf lemma="indstilles" pos="X">indstilles</wf>
         <wf lemma="helt" pos="X">helt</wf>
         <wf lemma="efter" pos="X">efter</wf>
         <wf lemma="sin" pos="X">sin</wf>
         <wf lemma="brugers" pos="X">brugers</wf>
         <instance id="d000.s1679.t000" lemma="dimension" pos="NOUN">dimensioner</instance>
         <wf lemma="," pos="X">,</wf>
         <wf lemma="koster" pos="X">koster</wf>
         <wf lemma="995" pos="X">995</wf>
         <wf lemma="kr." pos="X">kr.</wf>
      </sentence>
      <sentence id="d000.s1680" source="wordnet-danish">
         <wf lemma="Fly" pos="X">Fly</wf>
         <wf lemma="," pos="X">,</wf>
         <wf lemma="helikoptere" pos="X">helikoptere</wf>
         <wf lemma="," pos="X">,</wf>
         <instance id="d000.s1680.t000" lemma="drage" pos="NOUN">drager</instance>
         <wf lemma="og" pos="X">og</wf>
         <wf lemma="boomeranger" pos="X">boomeranger</wf>
         <wf lemma="bruger" pos="X">bruger</wf>
         <wf lemma="luftens" pos="X">luftens</wf>
         <wf lemma="trykforskelle" pos="X">trykforskelle</wf>
         <wf lemma="," pos="X">,</wf>
         <wf lemma="når" pos="X">når</wf>
         <wf lemma="de" pos="X">de</wf>
         <wf lemma="flyver" pos="X">flyver</wf>
         <wf lemma="." pos="X">.</wf>
      </sentence>
      <sentence id="d000.s1681" source="wordnet-danish">
         <wf lemma="En" pos="X">En</wf>
         <wf lemma="hvid" pos="X">hvid</wf>
         <wf lemma="brænderøg" pos="X">brænderøg</wf>
         <wf lemma="steg" pos="X">steg</wf>
         <wf lemma="op" pos="X">op</wf>
         <wf lemma="fra" pos="X">fra</wf>
         <instance id="d000.s1681.t000" lemma="skorsten" pos="NOUN">skorstenen</instance>
         <wf lemma="." pos="X">.</wf>
      </sentence>
      <sentence id="d000.s1682" source="wordnet-danish">
         <wf lemma="Bogen" pos="X">Bogen</wf>
         <wf lemma="handler" pos="X">handler</wf>
         <wf lemma="om" pos="X">om</wf>
         <wf lemma="klubben" pos="X">klubben</wf>
         <wf lemma="SOS" pos="X">SOS</wf>
         <wf lemma="," pos="X">,</wf>
         <wf lemma="som" pos="X">som</wf>
         <wf lemma="skal" pos="X">skal</wf>
         <wf lemma="opklare" pos="X">opklare</wf>
         <wf lemma="et" pos="X">et</wf>
         <instance id="d000.s1682.t000" lemma="mysterium" pos="NOUN">mysterium</instance>
         <wf lemma="." pos="X">.</wf>
         <wf lemma="Hovedpersonerne" pos="X">Hovedpersonerne</wf>
         <wf lemma="skal" pos="X">skal</wf>
         <wf lemma="opklare" pos="X">opklare</wf>
         <wf lemma="et" pos="X">et</wf>
         <wf lemma="røveri" pos="X">røveri</wf>
         <wf lemma="." pos="X">.</wf>
      </sentence>
      <sentence id="d000.s1683" source="wordnet-danish">
         <wf lemma="køleskabet" pos="X">køleskabet</wf>
         <wf lemma="er" pos="X">er</wf>
         <wf lemma="ren" pos="X">ren</wf>
         <wf lemma="lavenergi" pos="X">lavenergi</wf>
         <wf lemma="og" pos="X">og</wf>
         <wf lemma="bruger" pos="X">bruger</wf>
         <wf lemma="for" pos="X">for</wf>
         <wf lemma="35" pos="X">35</wf>
         <wf lemma="øre" pos="X">øre</wf>
         <instance id="d000.s1683.t000" lemma="strøm" pos="NOUN">strøm</instance>
         <wf lemma="pr." pos="X">pr.</wf>
         <wf lemma="døgn" pos="X">døgn</wf>
         <wf lemma="." pos="X">.</wf>
      </sentence>
      <sentence id="d000.s1684" source="wordnet-danish">
         <wf lemma="han" pos="X">han</wf>
         <wf lemma="var" pos="X">var</wf>
         <wf lemma="klatret" pos="X">klatret</wf>
         <wf lemma="op" pos="X">op</wf>
         <wf lemma="i" pos="X">i</wf>
         <wf lemma="et" pos="X">et</wf>
         <wf lemma="træ" pos="X">træ</wf>
         <wf lemma="for" pos="X">for</wf>
         <wf lemma="at" pos="X">at</wf>
         <wf lemma="save" pos="X">save</wf>
         <wf lemma="nogle" pos="X">nogle</wf>
         <instance id="d000.s1684.t000" lemma="gren" pos="NOUN">grene</instance>
         <wf lemma="af" pos="X">af</wf>
         <wf lemma="." pos="X">.</wf>
      </sentence>
      <sentence id="d000.s1685" source="wordnet-danish">
         <wf lemma="Tandlægernes" pos="X">Tandlægernes</wf>
         <wf lemma="forebyggende" pos="X">forebyggende</wf>
         <wf lemma="arbejde" pos="X">arbejde</wf>
         <wf lemma="har" pos="X">har</wf>
         <wf lemma=".." pos="X">..</wf>
         <instance id="d000.s1685.t000" lemma="mindske" pos="VERB">mindsket</instance>
         <wf lemma="udgifterne" pos="X">udgifterne</wf>
         <wf lemma="til" pos="X">til</wf>
         <wf lemma="børne-" pos="X">børne-</wf>
         <wf lemma="og" pos="X">og</wf>
         <wf lemma="ungdomstandplejen" pos="X">ungdomstandplejen</wf>
         <wf lemma="." pos="X">.</wf>
      </sentence>
      <sentence id="d000.s1686" source="wordnet-danish">
         <wf lemma="Bygningen" pos="X">Bygningen</wf>
         <wf lemma="var" pos="X">var</wf>
         <wf lemma="ca." pos="X">ca.</wf>
         <wf lemma="36" pos="X">36</wf>
         <wf lemma="m" pos="X">m</wf>
         <wf lemma="lang" pos="X">lang</wf>
         <wf lemma="." pos="X">.</wf>
         <wf lemma="Men" pos="X">Men</wf>
         <wf lemma="den" pos="X">den</wf>
         <wf lemma="var" pos="X">var</wf>
         <instance id="d000.s1686.t000" lemma="smal" pos="ADJ">smal</instance>
         <wf lemma=":" pos="X">:</wf>
         <wf lemma="ca." pos="X">ca.</wf>
         <wf lemma="9" pos="X">9</wf>
         <wf lemma="m." pos="X">m.</wf>
      </sentence>
      <sentence id="d000.s1687" source="wordnet-danish">
         <wf lemma="Et" pos="X">Et</wf>
         <wf lemma="flot" pos="X">flot</wf>
         <wf lemma="farvestrålende" pos="X">farvestrålende</wf>
         <instance id="d000.s1687.t000" lemma="katalog" pos="NOUN">katalog</instance>
         <wf lemma="fortæller" pos="X">fortæller</wf>
         <wf lemma="Dem" pos="X">Dem</wf>
         <wf lemma="om" pos="X">om</wf>
         <wf lemma="de" pos="X">de</wf>
         <wf lemma="mange" pos="X">mange</wf>
         <wf lemma="muligheder" pos="X">muligheder</wf>
         <wf lemma="," pos="X">,</wf>
         <wf lemma="der" pos="X">der</wf>
         <wf lemma="er" pos="X">er</wf>
         <wf lemma="for" pos="X">for</wf>
         <wf lemma="at" pos="X">at</wf>
         <wf lemma="tage" pos="X">tage</wf>
         <wf lemma="på" pos="X">på</wf>
         <wf lemma="Miniferie" pos="X">Miniferie</wf>
         <wf lemma="i" pos="X">i</wf>
         <wf lemma="Danmark" pos="X">Danmark</wf>
         <wf lemma="." pos="X">.</wf>
      </sentence>
      <sentence id="d000.s1688" source="wordnet-danish">
         <wf lemma="Alle" pos="X">Alle</wf>
         <wf lemma="lukker" pos="X">lukker</wf>
         <wf lemma="øjnene" pos="X">øjnene</wf>
         <wf lemma="." pos="X">.</wf>
         <wf lemma="Trommen" pos="X">Trommen</wf>
         <wf lemma="anslås" pos="X">anslås</wf>
         <wf lemma="et" pos="X">et</wf>
         <wf lemma="sted" pos="X">sted</wf>
         <wf lemma="i" pos="X">i</wf>
         <instance id="d000.s1688.t000" lemma="rum" pos="NOUN">rummet</instance>
         <wf lemma="." pos="X">.</wf>
         <wf lemma="Eleverne" pos="X">Eleverne</wf>
         <wf lemma="peger" pos="X">peger</wf>
         <wf lemma="i" pos="X">i</wf>
         <wf lemma="den" pos="X">den</wf>
         <wf lemma="retning" pos="X">retning</wf>
         <wf lemma="hvorfra" pos="X">hvorfra</wf>
         <wf lemma="lyden" pos="X">lyden</wf>
         <wf lemma="kommer" pos="X">kommer</wf>
         <wf lemma="." pos="X">.</wf>
      </sentence>
      <sentence id="d000.s1689" source="wordnet-danish">
         <wf lemma="Luften" pos="X">Luften</wf>
         <wf lemma="var" pos="X">var</wf>
         <wf lemma="endnu" pos="X">endnu</wf>
         <wf lemma="lun" pos="X">lun</wf>
         <wf lemma=";" pos="X">;</wf>
         <wf lemma="et" pos="X">et</wf>
         <instance id="d000.s1689.t000" lemma="dække" pos="NOUN">dække</instance>
         <wf lemma="af" pos="X">af</wf>
         <wf lemma="lave" pos="X">lave</wf>
         <wf lemma="skyer" pos="X">skyer</wf>
         <wf lemma="var" pos="X">var</wf>
         <wf lemma="trukket" pos="X">trukket</wf>
         <wf lemma="hen" pos="X">hen</wf>
         <wf lemma="under" pos="X">under</wf>
         <wf lemma="himlen" pos="X">himlen</wf>
         <wf lemma="." pos="X">.</wf>
      </sentence>
      <sentence id="d000.s1690" source="wordnet-danish">
         <wf lemma="I" pos="X">I</wf>
         <wf lemma="en" pos="X">en</wf>
         <wf lemma="god" pos="X">god</wf>
         <wf lemma="dyrkningsjord" pos="X">dyrkningsjord</wf>
         <wf lemma="udgør" pos="X">udgør</wf>
         <wf lemma="porerne" pos="X">porerne</wf>
         <wf lemma="ca." pos="X">ca.</wf>
         <wf lemma="halvdelen" pos="X">halvdelen</wf>
         <wf lemma="af" pos="X">af</wf>
         <wf lemma="jordens" pos="X">jordens</wf>
         <instance id="d000.s1690.t000" lemma="rumfang" pos="NOUN">rumfang</instance>
         <wf lemma="." pos="X">.</wf>
      </sentence>
      <sentence id="d000.s1691" source="wordnet-danish">
         <wf lemma="Et" pos="X">Et</wf>
         <wf lemma="moderne" pos="X">moderne</wf>
         <wf lemma="spil" pos="X">spil</wf>
         <wf lemma="har" pos="X">har</wf>
         <wf lemma="52" pos="X">52</wf>
         <wf lemma="kort" pos="X">kort</wf>
         <wf lemma="fordelt" pos="X">fordelt</wf>
         <wf lemma="i" pos="X">i</wf>
         <wf lemma="to" pos="X">to</wf>
         <wf lemma="sorte" pos="X">sorte</wf>
         <wf lemma="grupper" pos="X">grupper</wf>
         <wf lemma=":" pos="X">:</wf>
         <wf lemma="spar" pos="X">spar</wf>
         <wf lemma="og" pos="X">og</wf>
         <wf lemma="klør" pos="X">klør</wf>
         <wf lemma="," pos="X">,</wf>
         <wf lemma="og" pos="X">og</wf>
         <wf lemma="to" pos="X">to</wf>
         <wf lemma="røde" pos="X">røde</wf>
         <wf lemma=":" pos="X">:</wf>
         <instance id="d000.s1691.t000" lemma="hjerte" pos="NOUN">hjerter</instance>
         <wf lemma="og" pos="X">og</wf>
         <wf lemma="ruder" pos="X">ruder</wf>
         <wf lemma="." pos="X">.</wf>
      </sentence>
      <sentence id="d000.s1692" source="wordnet-danish">
         <wf lemma="Han" pos="X">Han</wf>
         <wf lemma="byggede" pos="X">byggede</wf>
         <wf lemma="mange" pos="X">mange</wf>
         <wf lemma="borge" pos="X">borge</wf>
         <wf lemma="for" pos="X">for</wf>
         <wf lemma="at" pos="X">at</wf>
         <wf lemma="beskytte" pos="X">beskytte</wf>
         <wf lemma="sig" pos="X">sig</wf>
         <wf lemma="." pos="X">.</wf>
         <wf lemma="Kong" pos="X">Kong</wf>
         <wf lemma="Erik" pos="X">Erik</wf>
         <wf lemma="havde" pos="X">havde</wf>
         <wf lemma="nemlig" pos="X">nemlig</wf>
         <wf lemma="mange" pos="X">mange</wf>
         <instance id="d000.s1692.t000" lemma="fjende" pos="NOUN">fjender</instance>
         <wf lemma="," pos="X">,</wf>
         <wf lemma="som" pos="X">som</wf>
         <wf lemma="gerne" pos="X">gerne</wf>
         <wf lemma="ville" pos="X">ville</wf>
         <wf lemma="have" pos="X">have</wf>
         <wf lemma="en" pos="X">en</wf>
         <wf lemma="ny" pos="X">ny</wf>
         <wf lemma="konge" pos="X">konge</wf>
         <wf lemma="." pos="X">.</wf>
      </sentence>
      <sentence id="d000.s1693" source="wordnet-danish">
         <wf lemma="Retten" pos="X">Retten</wf>
         <instance id="d000.s1693.t000" lemma="sætte" pos="VERB">sætter</instance>
         <wf lemma="jeg" pos="X">jeg</wf>
         <wf lemma="i" pos="X">i</wf>
         <wf lemma="ovnen" pos="X">ovnen</wf>
         <wf lemma="ved" pos="X">ved</wf>
         <wf lemma="225°." pos="X">225°.</wf>
      </sentence>
      <sentence id="d000.s1694" source="wordnet-danish">
         <wf lemma="To" pos="X">To</wf>
         <wf lemma="unge" pos="X">unge</wf>
         <wf lemma="mænd" pos="X">mænd</wf>
         <wf lemma="," pos="X">,</wf>
         <wf lemma="der" pos="X">der</wf>
         <wf lemma="sigtes" pos="X">sigtes</wf>
         <wf lemma="for" pos="X">for</wf>
         <wf lemma="at" pos="X">at</wf>
         <wf lemma="have" pos="X">have</wf>
         <instance id="d000.s1694.t000" lemma="afpresse" pos="VERB">afpresset</instance>
         <wf lemma="en" pos="X">en</wf>
         <wf lemma="41-årig" pos="X">41-årig</wf>
         <wf lemma="handicappet" pos="X">handicappet</wf>
         <wf lemma="skabsbøsse" pos="X">skabsbøsse</wf>
         <wf lemma="," pos="X">,</wf>
         <wf lemma="fik" pos="X">fik</wf>
         <wf lemma="i" pos="X">i</wf>
         <wf lemma="går" pos="X">går</wf>
         <wf lemma="forlænget" pos="X">forlænget</wf>
         <wf lemma="deres" pos="X">deres</wf>
         <wf lemma="varetægtsfængling" pos="X">varetægtsfængling</wf>
         <wf lemma="." pos="X">.</wf>
      </sentence>
      <sentence id="d000.s1695" source="wordnet-danish">
         <wf lemma="Seksuelt" pos="X">Seksuelt</wf>
         <wf lemma="var" pos="X">var</wf>
         <wf lemma="hun" pos="X">hun</wf>
         <wf lemma="sent" pos="X">sent</wf>
         <instance id="d000.s1695.t000" lemma="udvikle" pos="VERB">udviklet</instance>
         <wf lemma="," pos="X">,</wf>
         <wf lemma="og" pos="X">og</wf>
         <wf lemma="seksualiteten" pos="X">seksualiteten</wf>
         <wf lemma="fik" pos="X">fik</wf>
         <wf lemma="aldrig" pos="X">aldrig</wf>
         <wf lemma="nogen" pos="X">nogen</wf>
         <wf lemma="fremtrædende" pos="X">fremtrædende</wf>
         <wf lemma="plads" pos="X">plads</wf>
         <wf lemma="i" pos="X">i</wf>
         <wf lemma="hendes" pos="X">hendes</wf>
         <wf lemma="liv" pos="X">liv</wf>
         <wf lemma="." pos="X">.</wf>
      </sentence>
      <sentence id="d000.s1696" source="wordnet-danish">
         <wf lemma="Hun" pos="X">Hun</wf>
         <wf lemma="havde" pos="X">havde</wf>
         <wf lemma="sagt" pos="X">sagt</wf>
         <wf lemma="," pos="X">,</wf>
         <wf lemma="at" pos="X">at</wf>
         <wf lemma="han" pos="X">han</wf>
         <wf lemma="skulle" pos="X">skulle</wf>
         <wf lemma="sætte" pos="X">sætte</wf>
         <wf lemma="sig" pos="X">sig</wf>
         <wf lemma="ned" pos="X">ned</wf>
         <wf lemma="," pos="X">,</wf>
         <wf lemma="hvis" pos="X">hvis</wf>
         <wf lemma="han" pos="X">han</wf>
         <wf lemma="ikke" pos="X">ikke</wf>
         <wf lemma="kunne" pos="X">kunne</wf>
         <wf lemma="ramme" pos="X">ramme</wf>
         <wf lemma="lokummet" pos="X">lokummet</wf>
         <wf lemma="." pos="X">.</wf>
         <wf lemma="Fandens" pos="X">Fandens</wf>
         <wf lemma="til" pos="X">til</wf>
         <instance id="d000.s1696.t000" lemma="kælling" pos="NOUN">kælling</instance>
         <wf lemma="--" pos="X">--</wf>
         <wf lemma="han" pos="X">han</wf>
         <wf lemma="skulle" pos="X">skulle</wf>
         <wf lemma="ikke" pos="X">ikke</wf>
         <wf lemma="pisse" pos="X">pisse</wf>
         <wf lemma="som" pos="X">som</wf>
         <wf lemma="et" pos="X">et</wf>
         <wf lemma="kvindfolk" pos="X">kvindfolk</wf>
         <wf lemma="." pos="X">.</wf>
      </sentence>
      <sentence id="d000.s1697" source="wordnet-danish">
         <wf lemma="De" pos="X">De</wf>
         <wf lemma="gode" pos="X">gode</wf>
         <wf lemma="tider" pos="X">tider</wf>
         <wf lemma="skulle" pos="X">skulle</wf>
         <wf lemma="gøres" pos="X">gøres</wf>
         <wf lemma="bedre" pos="X">bedre</wf>
         <wf lemma="ved" pos="X">ved</wf>
         <wf lemma="," pos="X">,</wf>
         <wf lemma="at" pos="X">at</wf>
         <wf lemma="alle" pos="X">alle</wf>
         <wf lemma="fik" pos="X">fik</wf>
         <wf lemma="det" pos="X">det</wf>
         <wf lemma="bedre" pos="X">bedre</wf>
         <wf lemma="," pos="X">,</wf>
         <wf lemma="og" pos="X">og</wf>
         <wf lemma="forskellen" pos="X">forskellen</wf>
         <wf lemma="mellem" pos="X">mellem</wf>
         <instance id="d000.s1697.t000" lemma="rig" pos="ADJ">rig</instance>
         <wf lemma="og" pos="X">og</wf>
         <wf lemma="fattig" pos="X">fattig</wf>
         <wf lemma="blev" pos="X">blev</wf>
         <wf lemma="mindre" pos="X">mindre</wf>
         <wf lemma="." pos="X">.</wf>
      </sentence>
      <sentence id="d000.s1698" source="wordnet-danish">
         <wf lemma="Her" pos="X">Her</wf>
         <wf lemma="--" pos="X">--</wf>
         <wf lemma="og" pos="X">og</wf>
         <wf lemma="i" pos="X">i</wf>
         <wf lemma="de" pos="X">de</wf>
         <wf lemma="tyske" pos="X">tyske</wf>
         <wf lemma="ICE-tog" pos="X">ICE-tog</wf>
         <wf lemma="--" pos="X">--</wf>
         <wf lemma="sidder" pos="X">sidder</wf>
         <wf lemma="potente" pos="X">potente</wf>
         <wf lemma="erhvervsfolk" pos="X">erhvervsfolk</wf>
         <wf lemma="og" pos="X">og</wf>
         <wf lemma="skriver" pos="X">skriver</wf>
         <wf lemma="på" pos="X">på</wf>
         <instance id="d000.s1698.t000" lemma="laptop" pos="NOUN">laptop</instance>
         <wf lemma="." pos="X">.</wf>
      </sentence>
      <sentence id="d000.s1699" source="wordnet-danish">
         <wf lemma="det" pos="X">det</wf>
         <wf lemma="spanske" pos="X">spanske</wf>
         <wf lemma="kongehus" pos="X">kongehus</wf>
         <wf lemma="[led]" pos="X">[led]</wf>
         <wf lemma="i" pos="X">i</wf>
         <wf lemma="sin" pos="X">sin</wf>
         <wf lemma="tid" pos="X">tid</wf>
         <wf lemma="af" pos="X">af</wf>
         <wf lemma="en" pos="X">en</wf>
         <instance id="d000.s1699.t000" lemma="medfødt" pos="ADJ">medfødt</instance>
         <wf lemma="blødersygdom" pos="X">blødersygdom</wf>
         <wf lemma="." pos="X">.</wf>
      </sentence>
      <sentence id="d000.s1700" source="wordnet-danish">
         <wf lemma="Tarmslyng" pos="X">Tarmslyng</wf>
         <wf lemma="er" pos="X">er</wf>
         <wf lemma="en" pos="X">en</wf>
         <instance id="d000.s1700.t000" lemma="alvorlig" pos="ADJ">alvorlig</instance>
         <wf lemma="," pos="X">,</wf>
         <wf lemma="akut" pos="X">akut</wf>
         <wf lemma="kirurgisk" pos="X">kirurgisk</wf>
         <wf lemma="sygdom" pos="X">sygdom</wf>
         <wf lemma="." pos="X">.</wf>
      </sentence>
      <sentence id="d000.s1701" source="wordnet-danish">
         <wf lemma="Hun" pos="X">Hun</wf>
         <wf lemma="stod" pos="X">stod</wf>
         <wf lemma="og" pos="X">og</wf>
         <instance id="d000.s1701.t000" lemma="røre" pos="VERB">rørte</instance>
         <wf lemma="i" pos="X">i</wf>
         <wf lemma="millionbøffen" pos="X">millionbøffen</wf>
         <wf lemma="og" pos="X">og</wf>
         <wf lemma="lindede" pos="X">lindede</wf>
         <wf lemma="i" pos="X">i</wf>
         <wf lemma="distraktion" pos="X">distraktion</wf>
         <wf lemma="på" pos="X">på</wf>
         <wf lemma="låget" pos="X">låget</wf>
         <wf lemma="til" pos="X">til</wf>
         <wf lemma="kartoffelgryden" pos="X">kartoffelgryden</wf>
         <wf lemma="." pos="X">.</wf>
      </sentence>
      <sentence id="d000.s1702" source="wordnet-danish">
         <wf lemma="Har" pos="X">Har</wf>
         <wf lemma="De" pos="X">De</wf>
         <wf lemma="så" pos="X">så</wf>
         <wf lemma="søskende" pos="X">søskende</wf>
         <wf lemma="eller" pos="X">eller</wf>
         <wf lemma="anden" pos="X">anden</wf>
         <instance id="d000.s1702.t000" lemma="familie" pos="NOUN">familie</instance>
         <wf lemma="her" pos="X">her</wf>
         <wf lemma="i" pos="X">i</wf>
         <wf lemma="Ringved" pos="X">Ringved</wf>
         <wf lemma="?" pos="X">?</wf>
      </sentence>
      <sentence id="d000.s1703" source="wordnet-danish">
         <wf lemma="på" pos="X">på</wf>
         <wf lemma="køkkenbordet" pos="X">køkkenbordet</wf>
         <wf lemma="lå" pos="X">lå</wf>
         <wf lemma="der" pos="X">der</wf>
         <wf lemma="en" pos="X">en</wf>
         <instance id="d000.s1703.t000" lemma="seddel" pos="NOUN">seddel</instance>
         <wf lemma="fra" pos="X">fra</wf>
         <wf lemma="mor" pos="X">mor</wf>
         <wf lemma="," pos="X">,</wf>
         <wf lemma="hvorpå" pos="X">hvorpå</wf>
         <wf lemma="der" pos="X">der</wf>
         <wf lemma="stod" pos="X">stod</wf>
         <wf lemma="," pos="X">,</wf>
         <wf lemma="hvad" pos="X">hvad</wf>
         <wf lemma="jeg" pos="X">jeg</wf>
         <wf lemma="skulle" pos="X">skulle</wf>
         <wf lemma="købe" pos="X">købe</wf>
         <wf lemma="ind" pos="X">ind</wf>
         <wf lemma="til" pos="X">til</wf>
         <wf lemma="aftensmaden" pos="X">aftensmaden</wf>
         <wf lemma="." pos="X">.</wf>
      </sentence>
      <sentence id="d000.s1704" source="wordnet-danish">
         <wf lemma="Det" pos="X">Det</wf>
         <wf lemma="gamle" pos="X">gamle</wf>
         <wf lemma="købmandshus" pos="X">købmandshus</wf>
         <wf lemma="i" pos="X">i</wf>
         <wf lemma="Algade" pos="X">Algade</wf>
         <wf lemma="i" pos="X">i</wf>
         <wf lemma="Skælskør" pos="X">Skælskør</wf>
         <wf lemma="bliver" pos="X">bliver</wf>
         <wf lemma="nu" pos="X">nu</wf>
         <wf lemma="til" pos="X">til</wf>
         <wf lemma="galleri" pos="X">galleri</wf>
         <wf lemma="og" pos="X">og</wf>
         <instance id="d000.s1704.t000" lemma="udsalg" pos="NOUN">udsalg</instance>
         <wf lemma="af" pos="X">af</wf>
         <wf lemma="kunsthåndværk" pos="X">kunsthåndværk</wf>
         <wf lemma="." pos="X">.</wf>
      </sentence>
      <sentence id="d000.s1705" source="wordnet-danish">
         <wf lemma="Koret" pos="X">Koret</wf>
         <wf lemma="havde" pos="X">havde</wf>
         <wf lemma=".." pos="X">..</wf>
         <wf lemma="et" pos="X">et</wf>
         <wf lemma="blandet" pos="X">blandet</wf>
         <wf lemma="repertoire" pos="X">repertoire</wf>
         <wf lemma="med" pos="X">med</wf>
         <wf lemma="både" pos="X">både</wf>
         <instance id="d000.s1705.t000" lemma="folkemusik" pos="NOUN">folkemusik</instance>
         <wf lemma="," pos="X">,</wf>
         <wf lemma="danske" pos="X">danske</wf>
         <wf lemma="sange" pos="X">sange</wf>
         <wf lemma="og" pos="X">og</wf>
         <wf lemma="klassiske" pos="X">klassiske</wf>
         <wf lemma="værker" pos="X">værker</wf>
         <wf lemma="." pos="X">.</wf>
      </sentence>
      <sentence id="d000.s1706" source="wordnet-danish">
         <wf lemma="Paven" pos="X">Paven</wf>
         <wf lemma="har" pos="X">har</wf>
         <wf lemma="eget" pos="X">eget</wf>
         <instance id="d000.s1706.t000" lemma="postvæsen" pos="NOUN">postvæsen</instance>
         <wf lemma="med" pos="X">med</wf>
         <wf lemma="egne" pos="X">egne</wf>
         <wf lemma="frimærker" pos="X">frimærker</wf>
         <wf lemma="og" pos="X">og</wf>
         <wf lemma="egne" pos="X">egne</wf>
         <wf lemma="stempler" pos="X">stempler</wf>
         <wf lemma="." pos="X">.</wf>
      </sentence>
      <sentence id="d000.s1707" source="wordnet-danish">
         <wf lemma="Hver" pos="X">Hver</wf>
         <wf lemma="landsby" pos="X">landsby</wf>
         <wf lemma="havde" pos="X">havde</wf>
         <wf lemma="sin" pos="X">sin</wf>
         <wf lemma="egen" pos="X">egen</wf>
         <instance id="d000.s1707.t000" lemma="brønd" pos="NOUN">brønd</instance>
         <wf lemma="." pos="X">.</wf>
         <wf lemma="Her" pos="X">Her</wf>
         <wf lemma="hentede" pos="X">hentede</wf>
         <wf lemma="kvinderne" pos="X">kvinderne</wf>
         <wf lemma="vand" pos="X">vand</wf>
         <wf lemma="hver" pos="X">hver</wf>
         <wf lemma="dag" pos="X">dag</wf>
         <wf lemma="." pos="X">.</wf>
      </sentence>
      <sentence id="d000.s1708" source="wordnet-danish">
         <wf lemma="Gulerødder" pos="X">Gulerødder</wf>
         <wf lemma="og" pos="X">og</wf>
         <wf lemma="løg" pos="X">løg</wf>
         <wf lemma="i" pos="X">i</wf>
         <instance id="d000.s1708.t000" lemma="skive" pos="NOUN">skiver</instance>
         <wf lemma="brunes" pos="X">brunes</wf>
         <wf lemma="i" pos="X">i</wf>
         <wf lemma="smør" pos="X">smør</wf>
         <wf lemma="." pos="X">.</wf>
      </sentence>
      <sentence id="d000.s1709" source="wordnet-danish">
         <wf lemma="Man" pos="X">Man</wf>
         <wf lemma="kan" pos="X">kan</wf>
         <wf lemma="nyde" pos="X">nyde</wf>
         <wf lemma="den" pos="X">den</wf>
         <wf lemma="omkringliggende" pos="X">omkringliggende</wf>
         <wf lemma="natur" pos="X">natur</wf>
         <wf lemma="eller" pos="X">eller</wf>
         <instance id="d000.s1709.t000" lemma="spadsere" pos="VERB">spadsere</instance>
         <wf lemma="en" pos="X">en</wf>
         <wf lemma="tur" pos="X">tur</wf>
         <wf lemma="til" pos="X">til</wf>
         <wf lemma="det" pos="X">det</wf>
         <wf lemma="idylliske" pos="X">idylliske</wf>
         <wf lemma="fiskerleje" pos="X">fiskerleje</wf>
         <wf lemma="nede" pos="X">nede</wf>
         <wf lemma="i" pos="X">i</wf>
         <wf lemma="Jyllinges" pos="X">Jyllinges</wf>
         <wf lemma="gamle" pos="X">gamle</wf>
         <wf lemma="landsby" pos="X">landsby</wf>
         <wf lemma="." pos="X">.</wf>
      </sentence>
      <sentence id="d000.s1710" source="wordnet-danish">
         <wf lemma="Eddy" pos="X">Eddy</wf>
         <wf lemma="har" pos="X">har</wf>
         <wf lemma="ingen" pos="X">ingen</wf>
         <instance id="d000.s1710.t000" lemma="hæmning" pos="NOUN">hæmninger</instance>
         <wf lemma="og" pos="X">og</wf>
         <wf lemma="holder" pos="X">holder</wf>
         <wf lemma="sig" pos="X">sig</wf>
         <wf lemma="ikke" pos="X">ikke</wf>
         <wf lemma="tilbage" pos="X">tilbage</wf>
         <wf lemma="mht." pos="X">mht.</wf>
         <wf lemma="til" pos="X">til</wf>
         <wf lemma="de" pos="X">de</wf>
         <wf lemma="sjofle" pos="X">sjofle</wf>
         <wf lemma="bemærkninger" pos="X">bemærkninger</wf>
         <wf lemma="." pos="X">.</wf>
      </sentence>
      <sentence id="d000.s1711" source="wordnet-danish">
         <wf lemma="Hun" pos="X">Hun</wf>
         <wf lemma="hentede" pos="X">hentede</wf>
         <wf lemma="mere" pos="X">mere</wf>
         <wf lemma="kaffe" pos="X">kaffe</wf>
         <wf lemma="og" pos="X">og</wf>
         <wf lemma="lukkede" pos="X">lukkede</wf>
         <wf lemma="sig" pos="X">sig</wf>
         <wf lemma="ind" pos="X">ind</wf>
         <wf lemma="i" pos="X">i</wf>
         <wf lemma="sin" pos="X">sin</wf>
         <wf lemma="egen" pos="X">egen</wf>
         <instance id="d000.s1711.t000" lemma="tankeverden" pos="NOUN">tankeverden</instance>
         <wf lemma="." pos="X">.</wf>
      </sentence>
      <sentence id="d000.s1712" source="wordnet-danish">
         <wf lemma="Idet" pos="X">Idet</wf>
         <wf lemma="jeg" pos="X">jeg</wf>
         <wf lemma="takker" pos="X">takker</wf>
         <wf lemma="for" pos="X">for</wf>
         <wf lemma="Deres" pos="X">Deres</wf>
         <wf lemma="ansøgning" pos="X">ansøgning</wf>
         <wf lemma="og" pos="X">og</wf>
         <wf lemma="returnerer" pos="X">returnerer</wf>
         <wf lemma="de" pos="X">de</wf>
         <wf lemma="medsendte" pos="X">medsendte</wf>
         <instance id="d000.s1712.t000" lemma="bilag" pos="NOUN">bilag</instance>
         <wf lemma="," pos="X">,</wf>
         <wf lemma="skal" pos="X">skal</wf>
         <wf lemma="jeg" pos="X">jeg</wf>
         <wf lemma="meddele" pos="X">meddele</wf>
         <wf lemma="," pos="X">,</wf>
         <wf lemma="at" pos="X">at</wf>
         <wf lemma="De" pos="X">De</wf>
         <wf lemma="ikke" pos="X">ikke</wf>
         <wf lemma="er" pos="X">er</wf>
         <wf lemma="blandt" pos="X">blandt</wf>
         <wf lemma="de" pos="X">de</wf>
         <wf lemma="indstillede" pos="X">indstillede</wf>
         <wf lemma="." pos="X">.</wf>
      </sentence>
      <sentence id="d000.s1713" source="wordnet-danish">
         <instance id="d000.s1713.t000" lemma="muldvarp" pos="NOUN">Muldvarpen</instance>
         <wf lemma="er" pos="X">er</wf>
         <wf lemma="ikke" pos="X">ikke</wf>
         <wf lemma="noget" pos="X">noget</wf>
         <wf lemma="skadedyr" pos="X">skadedyr</wf>
         <wf lemma="." pos="X">.</wf>
         <wf lemma="Muldvarpen" pos="X">Muldvarpen</wf>
         <wf lemma="beskadiger" pos="X">beskadiger</wf>
         <wf lemma="ikke" pos="X">ikke</wf>
         <wf lemma="planter" pos="X">planter</wf>
         <wf lemma="eller" pos="X">eller</wf>
         <wf lemma="løg" pos="X">løg</wf>
         <wf lemma="sådan" pos="X">sådan</wf>
         <wf lemma="som" pos="X">som</wf>
         <wf lemma="for" pos="X">for</wf>
         <wf lemma="eks." pos="X">eks.</wf>
         <wf lemma="mosegrisen" pos="X">mosegrisen</wf>
         <wf lemma="." pos="X">.</wf>
      </sentence>
      <sentence id="d000.s1714" source="wordnet-danish">
         <wf lemma="hun" pos="X">hun</wf>
         <wf lemma="startede" pos="X">startede</wf>
         <wf lemma="sin" pos="X">sin</wf>
         <instance id="d000.s1714.t000" lemma="karriere" pos="NOUN">karriere</instance>
         <wf lemma="som" pos="X">som</wf>
         <wf lemma="opvasker" pos="X">opvasker</wf>
         <wf lemma="," pos="X">,</wf>
         <wf lemma="men" pos="X">men</wf>
         <wf lemma="er" pos="X">er</wf>
         <wf lemma="nu" pos="X">nu</wf>
         <wf lemma="avanceret" pos="X">avanceret</wf>
         <wf lemma="til" pos="X">til</wf>
         <wf lemma="receptionist" pos="X">receptionist</wf>
         <wf lemma="." pos="X">.</wf>
      </sentence>
      <sentence id="d000.s1715" source="wordnet-danish">
         <wf lemma="Bagagerummet" pos="X">Bagagerummet</wf>
         <wf lemma="i" pos="X">i</wf>
         <wf lemma="sedanmodellen" pos="X">sedanmodellen</wf>
         <wf lemma="er" pos="X">er</wf>
         <wf lemma="særdeles" pos="X">særdeles</wf>
         <wf lemma="rummeligt" pos="X">rummeligt</wf>
         <wf lemma="." pos="X">.</wf>
         <wf lemma="." pos="X">.</wf>
         <wf lemma="Der" pos="X">Der</wf>
         <wf lemma="er" pos="X">er</wf>
         <wf lemma="ingen" pos="X">ingen</wf>
         <wf lemma="skarpe" pos="X">skarpe</wf>
         <instance id="d000.s1715.t000" lemma="kant" pos="NOUN">kanter</instance>
         <wf lemma="," pos="X">,</wf>
         <wf lemma="der" pos="X">der</wf>
         <wf lemma="ødelægger" pos="X">ødelægger</wf>
         <wf lemma="bagagen" pos="X">bagagen</wf>
         <wf lemma="," pos="X">,</wf>
         <wf lemma="når" pos="X">når</wf>
         <wf lemma="man" pos="X">man</wf>
         <wf lemma="læsser" pos="X">læsser</wf>
         <wf lemma="." pos="X">.</wf>
      </sentence>
      <sentence id="d000.s1716" source="wordnet-danish">
         <wf lemma="Jeg" pos="X">Jeg</wf>
         <wf lemma="tog" pos="X">tog</wf>
         <wf lemma="til" pos="X">til</wf>
         <wf lemma="Paris" pos="X">Paris</wf>
         <wf lemma="for" pos="X">for</wf>
         <wf lemma="at" pos="X">at</wf>
         <wf lemma="se" pos="X">se</wf>
         <wf lemma="Michel" pos="X">Michel</wf>
         <wf lemma="igen" pos="X">igen</wf>
         <wf lemma="efter" pos="X">efter</wf>
         <wf lemma="fire" pos="X">fire</wf>
         <wf lemma="års" pos="X">års</wf>
         <instance id="d000.s1716.t000" lemma="adskillelse" pos="NOUN">adskillelse</instance>
         <wf lemma="." pos="X">.</wf>
      </sentence>
      <sentence id="d000.s1717" source="wordnet-danish">
         <wf lemma="Svampe" pos="X">Svampe</wf>
         <wf lemma="indsamles" pos="X">indsamles</wf>
         <wf lemma="bedst" pos="X">bedst</wf>
         <wf lemma="i" pos="X">i</wf>
         <wf lemma="en" pos="X">en</wf>
         <instance id="d000.s1717.t000" lemma="kurv" pos="NOUN">kurv</instance>
         <wf lemma="." pos="X">.</wf>
      </sentence>
      <sentence id="d000.s1718" source="wordnet-danish">
         <wf lemma="Susanne" pos="X">Susanne</wf>
         <wf lemma="er" pos="X">er</wf>
         <wf lemma="i" pos="X">i</wf>
         <wf lemma="øvrigt" pos="X">øvrigt</wf>
         <wf lemma="en" pos="X">en</wf>
         <wf lemma="ivrig" pos="X">ivrig</wf>
         <wf lemma="tennisspiller" pos="X">tennisspiller</wf>
         <wf lemma="og" pos="X">og</wf>
         <wf lemma="forsøger" pos="X">forsøger</wf>
         <wf lemma="ihærdigt" pos="X">ihærdigt</wf>
         <wf lemma="at" pos="X">at</wf>
         <instance id="d000.s1718.t000" lemma="efterligne" pos="VERB">efterligne</instance>
         <wf lemma="McEnroes" pos="X">McEnroes</wf>
         <wf lemma="taktik" pos="X">taktik</wf>
         <wf lemma="." pos="X">.</wf>
      </sentence>
      <sentence id="d000.s1719" source="wordnet-danish">
         <wf lemma="billederne" pos="X">billederne</wf>
         <wf lemma="[har]" pos="X">[har]</wf>
         <wf lemma="været" pos="X">været</wf>
         <wf lemma="vist" pos="X">vist</wf>
         <wf lemma="i" pos="X">i</wf>
         <instance id="d000.s1719.t000" lemma="galleri" pos="NOUN">gallerier</instance>
         <wf lemma="og" pos="X">og</wf>
         <wf lemma="andre" pos="X">andre</wf>
         <wf lemma="udstillingssteder" pos="X">udstillingssteder</wf>
         <wf lemma="." pos="X">.</wf>
      </sentence>
      <sentence id="d000.s1720" source="wordnet-danish">
         <wf lemma="vi" pos="X">vi</wf>
         <wf lemma="har" pos="X">har</wf>
         <wf lemma="vor" pos="X">vor</wf>
         <wf lemma="egen" pos="X">egen</wf>
         <wf lemma="kantine" pos="X">kantine</wf>
         <wf lemma="hvor" pos="X">hvor</wf>
         <wf lemma="vi" pos="X">vi</wf>
         <wf lemma="kan" pos="X">kan</wf>
         <wf lemma="købe" pos="X">købe</wf>
         <instance id="d000.s1720.t000" lemma="billig" pos="ADJ">billig</instance>
         <wf lemma="mad" pos="X">mad</wf>
         <wf lemma="." pos="X">.</wf>
      </sentence>
      <sentence id="d000.s1721" source="wordnet-danish">
         <wf lemma="Når" pos="X">Når</wf>
         <wf lemma="to" pos="X">to</wf>
         <wf lemma="mennesker" pos="X">mennesker</wf>
         <wf lemma="er" pos="X">er</wf>
         <wf lemma="sammen" pos="X">sammen</wf>
         <wf lemma="," pos="X">,</wf>
         <wf lemma="er" pos="X">er</wf>
         <wf lemma="de" pos="X">de</wf>
         <wf lemma="i" pos="X">i</wf>
         <wf lemma="kraft" pos="X">kraft</wf>
         <wf lemma="af" pos="X">af</wf>
         <wf lemma="deres" pos="X">deres</wf>
         <wf lemma="fælles" pos="X">fælles</wf>
         <instance id="d000.s1721.t000" lemma="tilstedevær" pos="NOUN">tilstedevær</instance>
         <wf lemma="bundet" pos="X">bundet</wf>
         <wf lemma="til" pos="X">til</wf>
         <wf lemma="kommunikation" pos="X">kommunikation</wf>
         <wf lemma="." pos="X">.</wf>
      </sentence>
      <sentence id="d000.s1722" source="wordnet-danish">
         <wf lemma="Maribo" pos="X">Maribo</wf>
         <wf lemma="Bryghus" pos="X">Bryghus</wf>
         <wf lemma="er" pos="X">er</wf>
         <wf lemma="et" pos="X">et</wf>
         <wf lemma="af" pos="X">af</wf>
         <wf lemma="de" pos="X">de</wf>
         <wf lemma="få" pos="X">få</wf>
         <wf lemma="små" pos="X">små</wf>
         <instance id="d000.s1722.t000" lemma="bryggeri" pos="NOUN">bryggerier</instance>
         <wf lemma="," pos="X">,</wf>
         <wf lemma="der" pos="X">der</wf>
         <wf lemma="er" pos="X">er</wf>
         <wf lemma="tilbage" pos="X">tilbage</wf>
         <wf lemma="i" pos="X">i</wf>
         <wf lemma="Danmark" pos="X">Danmark</wf>
         <wf lemma="." pos="X">.</wf>
      </sentence>
      <sentence id="d000.s1723" source="wordnet-danish">
         <wf lemma="De" pos="X">De</wf>
         <wf lemma="etniske" pos="X">etniske</wf>
         <wf lemma="albanere" pos="X">albanere</wf>
         <wf lemma="og" pos="X">og</wf>
         <wf lemma="makedonierne" pos="X">makedonierne</wf>
         <wf lemma="lever" pos="X">lever</wf>
         <wf lemma="adskilt" pos="X">adskilt</wf>
         <wf lemma="i" pos="X">i</wf>
         <wf lemma="Makedonien" pos="X">Makedonien</wf>
         <wf lemma="," pos="X">,</wf>
         <wf lemma="selv" pos="X">selv</wf>
         <wf lemma="om" pos="X">om</wf>
         <instance id="d000.s1723.t000" lemma="venskab" pos="NOUN">venskaber</instance>
         <wf lemma="på" pos="X">på</wf>
         <wf lemma="tværs" pos="X">tværs</wf>
         <wf lemma="af" pos="X">af</wf>
         <wf lemma="de" pos="X">de</wf>
         <wf lemma="kulturelle" pos="X">kulturelle</wf>
         <wf lemma="skel" pos="X">skel</wf>
         <wf lemma="er" pos="X">er</wf>
         <wf lemma="hyppige" pos="X">hyppige</wf>
         <wf lemma="." pos="X">.</wf>
      </sentence>
      <sentence id="d000.s1724" source="wordnet-danish">
         <wf lemma="det" pos="X">det</wf>
         <wf lemma="store" pos="X">store</wf>
         <wf lemma="flertal" pos="X">flertal</wf>
         <wf lemma="af" pos="X">af</wf>
         <wf lemma="helt" pos="X">helt</wf>
         <wf lemma="ubemidlede" pos="X">ubemidlede</wf>
         <wf lemma="har" pos="X">har</wf>
         <wf lemma="måttet" pos="X">måttet</wf>
         <wf lemma="nøjes" pos="X">nøjes</wf>
         <wf lemma="med" pos="X">med</wf>
         <wf lemma="at" pos="X">at</wf>
         <wf lemma="beundre" pos="X">beundre</wf>
         <wf lemma="herlighederne" pos="X">herlighederne</wf>
         <wf lemma="på" pos="X">på</wf>
         <instance id="d000.s1724.t000" lemma="frastand" pos="NOUN">frastand</instance>
         <wf lemma="." pos="X">.</wf>
      </sentence>
      <sentence id="d000.s1725" source="wordnet-danish">
         <wf lemma="Jeg" pos="X">Jeg</wf>
         <wf lemma="gjorde" pos="X">gjorde</wf>
         <wf lemma="mit" pos="X">mit</wf>
         <wf lemma="studiearbejde" pos="X">studiearbejde</wf>
         <wf lemma="af" pos="X">af</wf>
         <wf lemma="interesse" pos="X">interesse</wf>
         <wf lemma="for" pos="X">for</wf>
         <wf lemma="mit" pos="X">mit</wf>
         <wf lemma="emne" pos="X">emne</wf>
         <wf lemma="og" pos="X">og</wf>
         <wf lemma="med" pos="X">med</wf>
         <wf lemma="håb" pos="X">håb</wf>
         <wf lemma="om" pos="X">om</wf>
         <wf lemma="at" pos="X">at</wf>
         <wf lemma="opnå" pos="X">opnå</wf>
         <wf lemma="en" pos="X">en</wf>
         <instance id="d000.s1725.t000" lemma="akademisk" pos="ADJ">akademisk</instance>
         <wf lemma="grad" pos="X">grad</wf>
         <wf lemma="." pos="X">.</wf>
      </sentence>
      <sentence id="d000.s1726" source="wordnet-danish">
         <wf lemma="der" pos="X">der</wf>
         <wf lemma="er" pos="X">er</wf>
         <wf lemma="stor" pos="X">stor</wf>
         <wf lemma="forvirring" pos="X">forvirring</wf>
         <wf lemma="om" pos="X">om</wf>
         <wf lemma="," pos="X">,</wf>
         <wf lemma="hvordan" pos="X">hvordan</wf>
         <wf lemma="man" pos="X">man</wf>
         <wf lemma="afgrænser" pos="X">afgrænser</wf>
         <wf lemma="finansielle" pos="X">finansielle</wf>
         <instance id="d000.s1726.t000" lemma="innovation" pos="NOUN">innovationer</instance>
         <wf lemma="som" pos="X">som</wf>
         <wf lemma="for" pos="X">for</wf>
         <wf lemma="eksempel" pos="X">eksempel</wf>
         <wf lemma="FlexLån" pos="X">FlexLån</wf>
         <wf lemma="." pos="X">.</wf>
      </sentence>
      <sentence id="d000.s1727" source="wordnet-danish">
         <wf lemma="Som" pos="X">Som</wf>
         <wf lemma="eyeliner" pos="X">eyeliner</wf>
         <wf lemma="bruger" pos="X">bruger</wf>
         <wf lemma="jeg" pos="X">jeg</wf>
         <instance id="d000.s1727.t000" lemma="brun" pos="ADJ">brun</instance>
         <wf lemma="." pos="X">.</wf>
      </sentence>
      <sentence id="d000.s1728" source="wordnet-danish">
         <wf lemma="80" pos="X">80</wf>
         <wf lemma="pct" pos="X">pct</wf>
         <wf lemma="af" pos="X">af</wf>
         <wf lemma="folk" pos="X">folk</wf>
         <wf lemma="der" pos="X">der</wf>
         <wf lemma="modtager" pos="X">modtager</wf>
         <wf lemma="diagnosen" pos="X">diagnosen</wf>
         <instance id="d000.s1728.t000" lemma="aids" pos="NOUN">AIDS</instance>
         <wf lemma="dør" pos="X">dør</wf>
         <wf lemma="inden" pos="X">inden</wf>
         <wf lemma="for" pos="X">for</wf>
         <wf lemma="tre" pos="X">tre</wf>
         <wf lemma="år" pos="X">år</wf>
         <wf lemma="." pos="X">.</wf>
      </sentence>
      <sentence id="d000.s1729" source="wordnet-danish">
         <wf lemma="En" pos="X">En</wf>
         <wf lemma="frygtelig" pos="X">frygtelig</wf>
         <instance id="d000.s1729.t000" lemma="tanke" pos="NOUN">tanke</instance>
         <wf lemma="slog" pos="X">slog</wf>
         <wf lemma="ned" pos="X">ned</wf>
         <wf lemma="i" pos="X">i</wf>
         <wf lemma="ham" pos="X">ham</wf>
         <wf lemma="." pos="X">.</wf>
      </sentence>
      <sentence id="d000.s1730" source="wordnet-danish">
         <wf lemma="255" pos="X">255</wf>
         <wf lemma="beboelser" pos="X">beboelser</wf>
         <wf lemma="i" pos="X">i</wf>
         <wf lemma="dette" pos="X">dette</wf>
         <wf lemma="område" pos="X">område</wf>
         <wf lemma="tilbydes" pos="X">tilbydes</wf>
         <wf lemma="fjernvarmen" pos="X">fjernvarmen</wf>
         <wf lemma="på" pos="X">på</wf>
         <wf lemma="de" pos="X">de</wf>
         <instance id="d000.s1730.t000" lemma="favorabel" pos="ADJ">favorable</instance>
         <wf lemma="betingelser" pos="X">betingelser</wf>
         <wf lemma="," pos="X">,</wf>
         <wf lemma="at" pos="X">at</wf>
         <wf lemma="tilslutningen" pos="X">tilslutningen</wf>
         <wf lemma="vil" pos="X">vil</wf>
         <wf lemma="være" pos="X">være</wf>
         <wf lemma="gratis" pos="X">gratis</wf>
         <wf lemma="i" pos="X">i</wf>
         <wf lemma="de" pos="X">de</wf>
         <wf lemma="første" pos="X">første</wf>
         <wf lemma="to" pos="X">to</wf>
         <wf lemma="år" pos="X">år</wf>
         <wf lemma="." pos="X">.</wf>
      </sentence>
      <sentence id="d000.s1731" source="wordnet-danish">
         <wf lemma="Fru" pos="X">Fru</wf>
         <wf lemma="Kristensen" pos="X">Kristensen</wf>
         <wf lemma="er" pos="X">er</wf>
         <wf lemma="ikke" pos="X">ikke</wf>
         <wf lemma="i" pos="X">i</wf>
         <instance id="d000.s1731.t000" lemma="tvivl" pos="NOUN">tvivl</instance>
         <wf lemma="." pos="X">.</wf>
         <wf lemma="Hun" pos="X">Hun</wf>
         <wf lemma="tror" pos="X">tror</wf>
         <wf lemma="på" pos="X">på</wf>
         <wf lemma="Gud" pos="X">Gud</wf>
         <wf lemma="og" pos="X">og</wf>
         <wf lemma="et" pos="X">et</wf>
         <wf lemma="liv" pos="X">liv</wf>
         <wf lemma="efter" pos="X">efter</wf>
         <wf lemma="døden" pos="X">døden</wf>
         <wf lemma="." pos="X">.</wf>
      </sentence>
      <sentence id="d000.s1732" source="wordnet-danish">
         <wf lemma="Gravkammeret" pos="X">Gravkammeret</wf>
         <wf lemma="lå" pos="X">lå</wf>
         <wf lemma="inde" pos="X">inde</wf>
         <wf lemma="under" pos="X">under</wf>
         <wf lemma="pyramiden" pos="X">pyramiden</wf>
         <wf lemma="og" pos="X">og</wf>
         <wf lemma="var" pos="X">var</wf>
         <wf lemma="gemt" pos="X">gemt</wf>
         <wf lemma="i" pos="X">i</wf>
         <wf lemma="en" pos="X">en</wf>
         <wf lemma="sindrig" pos="X">sindrig</wf>
         <instance id="d000.s1732.t000" lemma="labyrint" pos="NOUN">labyrint</instance>
         <wf lemma="." pos="X">.</wf>
      </sentence>
      <sentence id="d000.s1733" source="wordnet-danish">
         <wf lemma="i" pos="X">i</wf>
         <wf lemma="figurerne" pos="X">figurerne</wf>
         <wf lemma="1-6" pos="X">1-6</wf>
         <wf lemma="er" pos="X">er</wf>
         <wf lemma="vist" pos="X">vist</wf>
         <wf lemma="et" pos="X">et</wf>
         <instance id="d000.s1733.t000" lemma="eksempel" pos="NOUN">eksempel</instance>
         <wf lemma="på" pos="X">på</wf>
         <wf lemma="," pos="X">,</wf>
         <wf lemma="hvordan" pos="X">hvordan</wf>
         <wf lemma="systemet" pos="X">systemet</wf>
         <wf lemma="kan" pos="X">kan</wf>
         <wf lemma="anvendes" pos="X">anvendes</wf>
         <wf lemma="i" pos="X">i</wf>
         <wf lemma="praksis" pos="X">praksis</wf>
         <wf lemma="." pos="X">.</wf>
      </sentence>
      <sentence id="d000.s1734" source="wordnet-danish">
         <wf lemma="De" pos="X">De</wf>
         <wf lemma="52" pos="X">52</wf>
         <instance id="d000.s1734.t000" lemma="spillekort" pos="NOUN">spillekort</instance>
         <wf lemma="skal" pos="X">skal</wf>
         <wf lemma="fordeles" pos="X">fordeles</wf>
         <wf lemma="til" pos="X">til</wf>
         <wf lemma="4" pos="X">4</wf>
         <wf lemma="bridgespillere" pos="X">bridgespillere</wf>
         <wf lemma="således" pos="X">således</wf>
         <wf lemma="," pos="X">,</wf>
         <wf lemma="at" pos="X">at</wf>
         <wf lemma="de" pos="X">de</wf>
         <wf lemma="hver" pos="X">hver</wf>
         <wf lemma="får" pos="X">får</wf>
         <wf lemma="13" pos="X">13</wf>
         <wf lemma="kort." pos="X">kort.</wf>
      </sentence>
      <sentence id="d000.s1735" source="wordnet-danish">
         <wf lemma="Pistolen" pos="X">Pistolen</wf>
         <wf lemma="lå" pos="X">lå</wf>
         <wf lemma="stålblå" pos="X">stålblå</wf>
         <wf lemma="og" pos="X">og</wf>
         <wf lemma="blank" pos="X">blank</wf>
         <wf lemma="i" pos="X">i</wf>
         <instance id="d000.s1735.t000" lemma="skær" pos="NOUN">skæret</instance>
         <wf lemma="fra" pos="X">fra</wf>
         <wf lemma="aftensolen" pos="X">aftensolen</wf>
         <wf lemma="." pos="X">.</wf>
      </sentence>
      <sentence id="d000.s1736" source="wordnet-danish">
         <wf lemma="Bente" pos="X">Bente</wf>
         <wf lemma="forsøgte" pos="X">forsøgte</wf>
         <wf lemma="at" pos="X">at</wf>
         <wf lemma="lade" pos="X">lade</wf>
         <wf lemma="være" pos="X">være</wf>
         <wf lemma="med" pos="X">med</wf>
         <wf lemma="at" pos="X">at</wf>
         <wf lemma="tude" pos="X">tude</wf>
         <wf lemma="," pos="X">,</wf>
         <wf lemma="men" pos="X">men</wf>
         <wf lemma="to" pos="X">to</wf>
         <wf lemma="store" pos="X">store</wf>
         <wf lemma="tårer" pos="X">tårer</wf>
         <wf lemma="trillede" pos="X">trillede</wf>
         <wf lemma="ned" pos="X">ned</wf>
         <wf lemma="ad" pos="X">ad</wf>
         <wf lemma="hendes" pos="X">hendes</wf>
         <instance id="d000.s1736.t000" lemma="kind" pos="NOUN">kinder</instance>
         <wf lemma="." pos="X">.</wf>
      </sentence>
      <sentence id="d000.s1737" source="wordnet-danish">
         <wf lemma="En" pos="X">En</wf>
         <wf lemma="dag" pos="X">dag</wf>
         <wf lemma="med" pos="X">med</wf>
         <wf lemma="skyer" pos="X">skyer</wf>
         <wf lemma="og" pos="X">og</wf>
         <wf lemma="en" pos="X">en</wf>
         <wf lemma="temperatur" pos="X">temperatur</wf>
         <wf lemma="mellem" pos="X">mellem</wf>
         <wf lemma="15" pos="X">15</wf>
         <wf lemma="og" pos="X">og</wf>
         <wf lemma="18" pos="X">18</wf>
         <wf lemma="grader" pos="X">grader</wf>
         <wf lemma="," pos="X">,</wf>
         <wf lemma="så" pos="X">så</wf>
         <wf lemma="kunne" pos="X">kunne</wf>
         <wf lemma="man" pos="X">man</wf>
         <wf lemma="med" pos="X">med</wf>
         <wf lemma="god" pos="X">god</wf>
         <wf lemma="samvittighed" pos="X">samvittighed</wf>
         <wf lemma="iføre" pos="X">iføre</wf>
         <wf lemma="sig" pos="X">sig</wf>
         <instance id="d000.s1737.t000" lemma="sweater" pos="NOUN">sweater</instance>
         <wf lemma="og" pos="X">og</wf>
         <wf lemma="lange" pos="X">lange</wf>
         <wf lemma="bukser" pos="X">bukser</wf>
         <wf lemma="." pos="X">.</wf>
      </sentence>
      <sentence id="d000.s1738" source="wordnet-danish">
         <wf lemma="'Hav" pos="X">'Hav</wf>
         <wf lemma="nåde" pos="X">nåde</wf>
         <wf lemma="," pos="X">,</wf>
         <wf lemma="hr." pos="X">hr.</wf>
         <wf lemma="dommer" pos="X">dommer</wf>
         <wf lemma="!" pos="X">!</wf>
         <wf lemma="'" pos="X">'</wf>
         <wf lemma="bad" pos="X">bad</wf>
         <wf lemma="han" pos="X">han</wf>
         <wf lemma="." pos="X">.</wf>
         <wf lemma="Jeg" pos="X">Jeg</wf>
         <instance id="d000.s1738.t000" lemma="sværge" pos="VERB">sværger</instance>
         <wf lemma="ved" pos="X">ved</wf>
         <wf lemma="min" pos="X">min</wf>
         <wf lemma="mors" pos="X">mors</wf>
         <wf lemma="grav" pos="X">grav</wf>
         <wf lemma="," pos="X">,</wf>
         <wf lemma="at" pos="X">at</wf>
         <wf lemma="jeg" pos="X">jeg</wf>
         <wf lemma="er" pos="X">er</wf>
         <wf lemma="uskyldig" pos="X">uskyldig</wf>
         <wf lemma="!" pos="X">!</wf>
      </sentence>
      <sentence id="d000.s1739" source="wordnet-danish">
         <wf lemma="spektakulært" pos="X">spektakulært</wf>
         <wf lemma="placeret" pos="X">placeret</wf>
         <wf lemma="i" pos="X">i</wf>
         <wf lemma="min" pos="X">min</wf>
         <wf lemma="udsigt" pos="X">udsigt</wf>
         <wf lemma="er" pos="X">er</wf>
         <wf lemma="Downtown" pos="X">Downtown</wf>
         <wf lemma="Minneapolis" pos="X">Minneapolis</wf>
         <wf lemma=":" pos="X">:</wf>
         <wf lemma="en" pos="X">en</wf>
         <wf lemma="klynge" pos="X">klynge</wf>
         <wf lemma="himmelstræbende" pos="X">himmelstræbende</wf>
         <wf lemma="konstruktioner" pos="X">konstruktioner</wf>
         <wf lemma="af" pos="X">af</wf>
         <wf lemma="glas" pos="X">glas</wf>
         <wf lemma="," pos="X">,</wf>
         <instance id="d000.s1739.t000" lemma="stål" pos="NOUN">stål</instance>
         <wf lemma="," pos="X">,</wf>
         <wf lemma="krom" pos="X">krom</wf>
         <wf lemma="og" pos="X">og</wf>
         <wf lemma="beton" pos="X">beton</wf>
         <wf lemma="." pos="X">.</wf>
      </sentence>
      <sentence id="d000.s1740" source="wordnet-danish">
         <wf lemma="en" pos="X">en</wf>
         <wf lemma="stor" pos="X">stor</wf>
         <wf lemma="tak" pos="X">tak</wf>
         <wf lemma="til" pos="X">til</wf>
         <instance id="d000.s1740.t000" lemma="anonym" pos="ADJ">anonyme</instance>
         <wf lemma="gavegivere" pos="X">gavegivere</wf>
         <wf lemma="," pos="X">,</wf>
         <wf lemma="som" pos="X">som</wf>
         <wf lemma="vi" pos="X">vi</wf>
         <wf lemma="i" pos="X">i</wf>
         <wf lemma="sagens" pos="X">sagens</wf>
         <wf lemma="natur" pos="X">natur</wf>
         <wf lemma="er" pos="X">er</wf>
         <wf lemma="afstået" pos="X">afstået</wf>
         <wf lemma="fra" pos="X">fra</wf>
         <wf lemma="at" pos="X">at</wf>
         <wf lemma="sende" pos="X">sende</wf>
         <wf lemma="en" pos="X">en</wf>
         <wf lemma="personlig" pos="X">personlig</wf>
         <wf lemma="tak" pos="X">tak</wf>
         <wf lemma="." pos="X">.</wf>
      </sentence>
      <sentence id="d000.s1741" source="wordnet-danish">
         <wf lemma="Huitfeldt" pos="X">Huitfeldt</wf>
         <wf lemma=".." pos="X">..</wf>
         <wf lemma="gør" pos="X">gør</wf>
         <wf lemma="Sigbrit" pos="X">Sigbrit</wf>
         <wf lemma="ansvarlig" pos="X">ansvarlig</wf>
         <wf lemma="for" pos="X">for</wf>
         <wf lemma="alle" pos="X">alle</wf>
         <wf lemma="Christian" pos="X">Christian</wf>
         <wf lemma="II's" pos="X">II's</wf>
         <wf lemma="indgreb" pos="X">indgreb</wf>
         <wf lemma="i" pos="X">i</wf>
         <wf lemma="den" pos="X">den</wf>
         <instance id="d000.s1741.t000" lemma="mægtig" pos="ADJ">mægtige</instance>
         <wf lemma="danske" pos="X">danske</wf>
         <wf lemma="adels" pos="X">adels</wf>
         <wf lemma="privilegier" pos="X">privilegier</wf>
         <wf lemma="." pos="X">.</wf>
      </sentence>
      <sentence id="d000.s1742" source="wordnet-danish">
         <wf lemma="han" pos="X">han</wf>
         <wf lemma="tjente" pos="X">tjente</wf>
         <wf lemma="til" pos="X">til</wf>
         <wf lemma="livets" pos="X">livets</wf>
         <wf lemma="ophold" pos="X">ophold</wf>
         <wf lemma="ved" pos="X">ved</wf>
         <wf lemma="at" pos="X">at</wf>
         <wf lemma="tegne" pos="X">tegne</wf>
         <wf lemma="og" pos="X">og</wf>
         <instance id="d000.s1742.t000" lemma="male" pos="VERB">male</instance>
         <wf lemma="akvareller" pos="X">akvareller</wf>
         <wf lemma="." pos="X">.</wf>
      </sentence>
      <sentence id="d000.s1743" source="wordnet-danish">
         <wf lemma="Storbritannien" pos="X">Storbritannien</wf>
         <wf lemma="har" pos="X">har</wf>
         <wf lemma=".." pos="X">..</wf>
         <wf lemma="kritiseret" pos="X">kritiseret</wf>
         <wf lemma="Israel" pos="X">Israel</wf>
         <wf lemma="for" pos="X">for</wf>
         <wf lemma="at" pos="X">at</wf>
         <wf lemma="have" pos="X">have</wf>
         <wf lemma="oprettet" pos="X">oprettet</wf>
         <wf lemma="endnu" pos="X">endnu</wf>
         <wf lemma="en" pos="X">en</wf>
         <instance id="d000.s1743.t000" lemma="bosættelse" pos="NOUN">bosættelse</instance>
         <wf lemma="på" pos="X">på</wf>
         <wf lemma="Jordan-flodens" pos="X">Jordan-flodens</wf>
         <wf lemma="vestbred" pos="X">vestbred</wf>
         <wf lemma="." pos="X">.</wf>
      </sentence>
      <sentence id="d000.s1744" source="wordnet-danish">
         <wf lemma="kamæleoner" pos="X">kamæleoner</wf>
         <wf lemma="overlever" pos="X">overlever</wf>
         <wf lemma="," pos="X">,</wf>
         <wf lemma="fordi" pos="X">fordi</wf>
         <wf lemma="de" pos="X">de</wf>
         <wf lemma="kan" pos="X">kan</wf>
         <wf lemma="tage" pos="X">tage</wf>
         <wf lemma="farve" pos="X">farve</wf>
         <wf lemma="efter" pos="X">efter</wf>
         <instance id="d000.s1744.t000" lemma="omgivelse" pos="NOUN">omgivelserne</instance>
         <wf lemma="." pos="X">.</wf>
      </sentence>
      <sentence id="d000.s1745" source="wordnet-danish">
         <wf lemma="Den" pos="X">Den</wf>
         <wf lemma="nye" pos="X">nye</wf>
         <wf lemma="tids" pos="X">tids</wf>
         <wf lemma="stærke" pos="X">stærke</wf>
         <instance id="d000.s1745.t000" lemma="klasse" pos="NOUN">klasse</instance>
         <wf lemma="," pos="X">,</wf>
         <wf lemma="borgerskabet" pos="X">borgerskabet</wf>
         <wf lemma="," pos="X">,</wf>
         <wf lemma="var" pos="X">var</wf>
         <wf lemma="parat" pos="X">parat</wf>
         <wf lemma="med" pos="X">med</wf>
         <wf lemma="kapital" pos="X">kapital</wf>
         <wf lemma="tjent" pos="X">tjent</wf>
         <wf lemma="på" pos="X">på</wf>
         <wf lemma="koloniplyndringen" pos="X">koloniplyndringen</wf>
         <wf lemma="," pos="X">,</wf>
         <wf lemma="også" pos="X">også</wf>
         <wf lemma="kaldet" pos="X">kaldet</wf>
         <wf lemma="oversøisk" pos="X">oversøisk</wf>
         <wf lemma="handel" pos="X">handel</wf>
         <wf lemma="." pos="X">.</wf>
      </sentence>
      <sentence id="d000.s1746" source="wordnet-danish">
         <wf lemma="det" pos="X">det</wf>
         <wf lemma="skal" pos="X">skal</wf>
         <wf lemma="ske" pos="X">ske</wf>
         <wf lemma="med" pos="X">med</wf>
         <wf lemma="det" pos="X">det</wf>
         <wf lemma="samme" pos="X">samme</wf>
         <wf lemma="!" pos="X">!</wf>
         <wf lemma="Det" pos="X">Det</wf>
         <wf lemma="er" pos="X">er</wf>
         <wf lemma="en" pos="X">en</wf>
         <instance id="d000.s1746.t000" lemma="ordre" pos="NOUN">ordre</instance>
         <wf lemma="," pos="X">,</wf>
         <wf lemma="og" pos="X">og</wf>
         <wf lemma="hvis" pos="X">hvis</wf>
         <wf lemma="du" pos="X">du</wf>
         <wf lemma="ikke" pos="X">ikke</wf>
         <wf lemma="adlyder" pos="X">adlyder</wf>
         <wf lemma="den" pos="X">den</wf>
         <wf lemma="," pos="X">,</wf>
         <wf lemma="så" pos="X">så</wf>
         <wf lemma="ville" pos="X">ville</wf>
         <wf lemma="jeg" pos="X">jeg</wf>
         <wf lemma="nødig" pos="X">nødig</wf>
         <wf lemma="være" pos="X">være</wf>
         <wf lemma="i" pos="X">i</wf>
         <wf lemma="dine" pos="X">dine</wf>
         <wf lemma="sko" pos="X">sko</wf>
         <wf lemma="." pos="X">.</wf>
      </sentence>
      <sentence id="d000.s1747" source="wordnet-danish">
         <wf lemma="Det" pos="X">Det</wf>
         <instance id="d000.s1747.t000" lemma="synes" pos="VERB">synes</instance>
         <wf lemma="helt" pos="X">helt</wf>
         <wf lemma="umuligt" pos="X">umuligt</wf>
         <wf lemma="at" pos="X">at</wf>
         <wf lemma="fravriste" pos="X">fravriste</wf>
         <wf lemma="Lemond" pos="X">Lemond</wf>
         <wf lemma="den" pos="X">den</wf>
         <wf lemma="titel" pos="X">titel</wf>
         <wf lemma="," pos="X">,</wf>
         <wf lemma="han" pos="X">han</wf>
         <wf lemma="i" pos="X">i</wf>
         <wf lemma="dag" pos="X">dag</wf>
         <wf lemma="kan" pos="X">kan</wf>
         <wf lemma="vinde" pos="X">vinde</wf>
         <wf lemma="for" pos="X">for</wf>
         <wf lemma="tredje" pos="X">tredje</wf>
         <wf lemma="gang" pos="X">gang</wf>
         <wf lemma="." pos="X">.</wf>
      </sentence>
      <sentence id="d000.s1748" source="wordnet-danish">
         <wf lemma="Da" pos="X">Da</wf>
         <wf lemma="Rosa" pos="X">Rosa</wf>
         <wf lemma="havde" pos="X">havde</wf>
         <wf lemma="skiftet" pos="X">skiftet</wf>
         <wf lemma="for" pos="X">for</wf>
         <wf lemma="sidste" pos="X">sidste</wf>
         <wf lemma="gang" pos="X">gang</wf>
         <wf lemma="," pos="X">,</wf>
         <wf lemma="faldt" pos="X">faldt</wf>
         <wf lemma="hun" pos="X">hun</wf>
         <wf lemma="i" pos="X">i</wf>
         <wf lemma="søvn" pos="X">søvn</wf>
         <wf lemma="," pos="X">,</wf>
         <wf lemma="og" pos="X">og</wf>
         <wf lemma="hun" pos="X">hun</wf>
         <wf lemma="vågnede" pos="X">vågnede</wf>
         <wf lemma="ved" pos="X">ved</wf>
         <wf lemma="," pos="X">,</wf>
         <wf lemma="at" pos="X">at</wf>
         <instance id="d000.s1748.t000" lemma="tog" pos="NOUN">toget</instance>
         <wf lemma="holdt" pos="X">holdt</wf>
         <wf lemma="på" pos="X">på</wf>
         <wf lemma="perronen" pos="X">perronen</wf>
         <wf lemma="i" pos="X">i</wf>
         <wf lemma="Herning" pos="X">Herning</wf>
         <wf lemma="." pos="X">.</wf>
      </sentence>
      <sentence id="d000.s1749" source="wordnet-danish">
         <wf lemma="Bag" pos="X">Bag</wf>
         <wf lemma="mig" pos="X">mig</wf>
         <wf lemma="var" pos="X">var</wf>
         <wf lemma="et" pos="X">et</wf>
         <instance id="d000.s1749.t000" lemma="kaos" pos="NOUN">kaos</instance>
         <wf lemma="af" pos="X">af</wf>
         <wf lemma="flyttekasser" pos="X">flyttekasser</wf>
         <wf lemma="og" pos="X">og</wf>
         <wf lemma="poser" pos="X">poser</wf>
         <wf lemma="," pos="X">,</wf>
         <wf lemma="som" pos="X">som</wf>
         <wf lemma="jeg" pos="X">jeg</wf>
         <wf lemma="simpelthen" pos="X">simpelthen</wf>
         <wf lemma="ikke" pos="X">ikke</wf>
         <wf lemma="orkede" pos="X">orkede</wf>
         <wf lemma="at" pos="X">at</wf>
         <wf lemma="pakke" pos="X">pakke</wf>
         <wf lemma="ud" pos="X">ud</wf>
         <wf lemma="nu" pos="X">nu</wf>
         <wf lemma="." pos="X">.</wf>
      </sentence>
      <sentence id="d000.s1750" source="wordnet-danish">
         <wf lemma="hans" pos="X">hans</wf>
         <wf lemma="hjerte" pos="X">hjerte</wf>
         <wf lemma="fyldtes" pos="X">fyldtes</wf>
         <wf lemma="med" pos="X">med</wf>
         <instance id="d000.s1750.t000" lemma="stolthed" pos="NOUN">stolthed</instance>
         <wf lemma="over" pos="X">over</wf>
         <wf lemma="den" pos="X">den</wf>
         <wf lemma="operation" pos="X">operation</wf>
         <wf lemma="," pos="X">,</wf>
         <wf lemma="han" pos="X">han</wf>
         <wf lemma="havde" pos="X">havde</wf>
         <wf lemma="gennemført" pos="X">gennemført</wf>
         <wf lemma="." pos="X">.</wf>
         <wf lemma="Alt" pos="X">Alt</wf>
         <wf lemma="var" pos="X">var</wf>
         <wf lemma="gået" pos="X">gået</wf>
         <wf lemma="planmæssigt" pos="X">planmæssigt</wf>
         <wf lemma="." pos="X">.</wf>
      </sentence>
      <sentence id="d000.s1751" source="wordnet-danish">
         <wf lemma="Højttalere" pos="X">Højttalere</wf>
         <wf lemma="i" pos="X">i</wf>
         <wf lemma="front" pos="X">front</wf>
         <wf lemma="," pos="X">,</wf>
         <wf lemma="bagi" pos="X">bagi</wf>
         <wf lemma="," pos="X">,</wf>
         <wf lemma="i" pos="X">i</wf>
         <wf lemma="loftet" pos="X">loftet</wf>
         <wf lemma="," pos="X">,</wf>
         <wf lemma="under" pos="X">under</wf>
         <wf lemma="gulvet" pos="X">gulvet</wf>
         <wf lemma="." pos="X">.</wf>
         <wf lemma="Japansk" pos="X">Japansk</wf>
         <wf lemma="teknologi" pos="X">teknologi</wf>
         <wf lemma="på" pos="X">på</wf>
         <instance id="d000.s1751.t000" lemma="højde" pos="NOUN">højden</instance>
         <wf lemma=":" pos="X">:</wf>
         <wf lemma="En" pos="X">En</wf>
         <wf lemma="rullende" pos="X">rullende</wf>
         <wf lemma="koncertsal" pos="X">koncertsal</wf>
         <wf lemma="." pos="X">.</wf>
      </sentence>
      <sentence id="d000.s1752" source="wordnet-danish">
         <wf lemma="jeg" pos="X">jeg</wf>
         <instance id="d000.s1752.t000" lemma="få" pos="VERB">får</instance>
         <wf lemma="54" pos="X">54</wf>
         <wf lemma="kr." pos="X">kr.</wf>
         <wf lemma="om" pos="X">om</wf>
         <wf lemma="ugen" pos="X">ugen</wf>
         <wf lemma="i" pos="X">i</wf>
         <wf lemma="lommepenge" pos="X">lommepenge</wf>
         <wf lemma="." pos="X">.</wf>
      </sentence>
      <sentence id="d000.s1753" source="wordnet-danish">
         <wf lemma="jord" pos="X">jord</wf>
         <wf lemma="kastes" pos="X">kastes</wf>
         <wf lemma="hen" pos="X">hen</wf>
         <wf lemma="over" pos="X">over</wf>
         <wf lemma="en" pos="X">en</wf>
         <wf lemma="gren" pos="X">gren</wf>
         <wf lemma="og" pos="X">og</wf>
         <wf lemma="den" pos="X">den</wf>
         <instance id="d000.s1753.t000" lemma="skyde" pos="VERB">skyder</instance>
         <wf lemma="påny" pos="X">påny</wf>
         <wf lemma="." pos="X">.</wf>
      </sentence>
      <sentence id="d000.s1754" source="wordnet-danish">
         <wf lemma="Han" pos="X">Han</wf>
         <wf lemma="blev" pos="X">blev</wf>
         <instance id="d000.s1754.t000" lemma="lægge" pos="VERB">lagt</instance>
         <wf lemma="på" pos="X">på</wf>
         <wf lemma="en" pos="X">en</wf>
         <wf lemma="briks" pos="X">briks</wf>
         <wf lemma="og" pos="X">og</wf>
         <wf lemma="bedøvet" pos="X">bedøvet</wf>
         <wf lemma="." pos="X">.</wf>
      </sentence>
      <sentence id="d000.s1755" source="wordnet-danish">
         <wf lemma="Ifølge" pos="X">Ifølge</wf>
         <wf lemma="de" pos="X">de</wf>
         <wf lemma="gamle" pos="X">gamle</wf>
         <wf lemma="kinesiske" pos="X">kinesiske</wf>
         <instance id="d000.s1755.t000" lemma="tænker" pos="NOUN">tænkere</instance>
         <wf lemma="opstod" pos="X">opstod</wf>
         <wf lemma="verden" pos="X">verden</wf>
         <wf lemma="," pos="X">,</wf>
         <wf lemma="ved" pos="X">ved</wf>
         <wf lemma="at" pos="X">at</wf>
         <wf lemma="en" pos="X">en</wf>
         <wf lemma="enhed" pos="X">enhed</wf>
         <wf lemma="," pos="X">,</wf>
         <wf lemma="Dao" pos="X">Dao</wf>
         <wf lemma="," pos="X">,</wf>
         <wf lemma="blev" pos="X">blev</wf>
         <wf lemma="spaltet" pos="X">spaltet</wf>
         <wf lemma="til" pos="X">til</wf>
         <wf lemma="to" pos="X">to</wf>
         <wf lemma="energikræfter" pos="X">energikræfter</wf>
         <wf lemma="," pos="X">,</wf>
         <wf lemma="yin" pos="X">yin</wf>
         <wf lemma="og" pos="X">og</wf>
         <wf lemma="yang" pos="X">yang</wf>
         <wf lemma="." pos="X">.</wf>
      </sentence>
      <sentence id="d000.s1756" source="wordnet-danish">
         <instance id="d000.s1756.t000" lemma="talrig" pos="ADJ">Talrige</instance>
         <wf lemma="sygdomme" pos="X">sygdomme</wf>
         <wf lemma="og" pos="X">og</wf>
         <wf lemma="lidelser" pos="X">lidelser</wf>
         <wf lemma="kan" pos="X">kan</wf>
         <wf lemma="forhindres" pos="X">forhindres</wf>
         <wf lemma="eller" pos="X">eller</wf>
         <wf lemma="helbredes" pos="X">helbredes</wf>
         <wf lemma="med" pos="X">med</wf>
         <wf lemma="forskellige" pos="X">forskellige</wf>
         <wf lemma="slags" pos="X">slags</wf>
         <wf lemma="urte-te" pos="X">urte-te</wf>
         <wf lemma="." pos="X">.</wf>
      </sentence>
      <sentence id="d000.s1757" source="wordnet-danish">
         <wf lemma="Vindmøller" pos="X">Vindmøller</wf>
         <wf lemma="er" pos="X">er</wf>
         <wf lemma="et" pos="X">et</wf>
         <wf lemma="nyttigt" pos="X">nyttigt</wf>
         <wf lemma="bidrag" pos="X">bidrag</wf>
         <wf lemma="til" pos="X">til</wf>
         <wf lemma="energiforsyningen" pos="X">energiforsyningen</wf>
         <wf lemma="," pos="X">,</wf>
         <wf lemma="på" pos="X">på</wf>
         <wf lemma="dette" pos="X">dette</wf>
         <instance id="d000.s1757.t000" lemma="felt" pos="NOUN">felt</instance>
         <wf lemma="er" pos="X">er</wf>
         <wf lemma="Danmark" pos="X">Danmark</wf>
         <wf lemma="i" pos="X">i</wf>
         <wf lemma="front" pos="X">front</wf>
         <wf lemma="." pos="X">.</wf>
      </sentence>
      <sentence id="d000.s1758" source="wordnet-danish">
         <wf lemma="Franskmændene" pos="X">Franskmændene</wf>
         <instance id="d000.s1758.t000" lemma="spise" pos="VERB">spiser</instance>
         <wf lemma="mere" pos="X">mere</wf>
         <wf lemma="ost" pos="X">ost</wf>
         <wf lemma="end" pos="X">end</wf>
         <wf lemma="noget" pos="X">noget</wf>
         <wf lemma="andet" pos="X">andet</wf>
         <wf lemma="folk" pos="X">folk</wf>
         <wf lemma="i" pos="X">i</wf>
         <wf lemma="verden" pos="X">verden</wf>
         <wf lemma="." pos="X">.</wf>
      </sentence>
      <sentence id="d000.s1759" source="wordnet-danish">
         <wf lemma="I" pos="X">I</wf>
         <wf lemma="marts" pos="X">marts</wf>
         <wf lemma="i" pos="X">i</wf>
         <wf lemma="år" pos="X">år</wf>
         <wf lemma="var" pos="X">var</wf>
         <wf lemma="hun" pos="X">hun</wf>
         <wf lemma="på" pos="X">på</wf>
         <wf lemma="en" pos="X">en</wf>
         <wf lemma="tre" pos="X">tre</wf>
         <wf lemma="ugers" pos="X">ugers</wf>
         <wf lemma="promotiontur" pos="X">promotiontur</wf>
         <wf lemma="på" pos="X">på</wf>
         <wf lemma="kryds" pos="X">kryds</wf>
         <wf lemma="og" pos="X">og</wf>
         <wf lemma="tværs" pos="X">tværs</wf>
         <wf lemma="af" pos="X">af</wf>
         <wf lemma="USA" pos="X">USA</wf>
         <wf lemma="for" pos="X">for</wf>
         <wf lemma="at" pos="X">at</wf>
         <wf lemma="gøre" pos="X">gøre</wf>
         <instance id="d000.s1759.t000" lemma="reklame" pos="NOUN">reklame</instance>
         <wf lemma="for" pos="X">for</wf>
         <wf lemma="pladen" pos="X">pladen</wf>
         <wf lemma="," pos="X">,</wf>
         <wf lemma="som" pos="X">som</wf>
         <wf lemma="altså" pos="X">altså</wf>
         <wf lemma="endnu" pos="X">endnu</wf>
         <wf lemma="ikke" pos="X">ikke</wf>
         <wf lemma="er" pos="X">er</wf>
         <wf lemma="udkommet" pos="X">udkommet</wf>
         <wf lemma="." pos="X">.</wf>
      </sentence>
      <sentence id="d000.s1760" source="wordnet-danish">
         <wf lemma="Jørgen" pos="X">Jørgen</wf>
         <wf lemma="Stein" pos="X">Stein</wf>
         <wf lemma="får" pos="X">får</wf>
         <wf lemma="et" pos="X">et</wf>
         <wf lemma="anfald" pos="X">anfald</wf>
         <wf lemma="af" pos="X">af</wf>
         <instance id="d000.s1760.t000" lemma="tristesse" pos="NOUN">tristesse</instance>
         <wf lemma="," pos="X">,</wf>
         <wf lemma="næsten" pos="X">næsten</wf>
         <wf lemma="livslede" pos="X">livslede</wf>
         <wf lemma="," pos="X">,</wf>
         <wf lemma="da" pos="X">da</wf>
         <wf lemma="Ellen" pos="X">Ellen</wf>
         <wf lemma="Kejser" pos="X">Kejser</wf>
         <wf lemma="rejser" pos="X">rejser</wf>
         <wf lemma="til" pos="X">til</wf>
         <wf lemma="København" pos="X">København</wf>
         <wf lemma="." pos="X">.</wf>
      </sentence>
      <sentence id="d000.s1761" source="wordnet-danish">
         <wf lemma="Den" pos="X">Den</wf>
         <wf lemma="socialistiske" pos="X">socialistiske</wf>
         <wf lemma="regering" pos="X">regering</wf>
         <wf lemma="er" pos="X">er</wf>
         <wf lemma="ekstra" pos="X">ekstra</wf>
         <wf lemma="hårdt" pos="X">hårdt</wf>
         <wf lemma="presset" pos="X">presset</wf>
         <wf lemma="," pos="X">,</wf>
         <wf lemma="fordi" pos="X">fordi</wf>
         <wf lemma="meningsmålinger" pos="X">meningsmålinger</wf>
         <wf lemma="viser" pos="X">viser</wf>
         <wf lemma="," pos="X">,</wf>
         <wf lemma="at" pos="X">at</wf>
         <wf lemma="den" pos="X">den</wf>
         <wf lemma="står" pos="X">står</wf>
         <wf lemma="til" pos="X">til</wf>
         <wf lemma="at" pos="X">at</wf>
         <instance id="d000.s1761.t000" lemma="tabe" pos="VERB">tabe</instance>
         <wf lemma="parlamentsvalget" pos="X">parlamentsvalget</wf>
         <wf lemma="." pos="X">.</wf>
      </sentence>
      <sentence id="d000.s1762" source="wordnet-danish">
         <instance id="d000.s1762.t000" lemma="alderdom" pos="NOUN">Alderdommen</instance>
         <wf lemma="kan" pos="X">kan</wf>
         <wf lemma="blive" pos="X">blive</wf>
         <wf lemma="et" pos="X">et</wf>
         <wf lemma="rigt" pos="X">rigt</wf>
         <wf lemma="livsafsnit" pos="X">livsafsnit</wf>
         <wf lemma="." pos="X">.</wf>
      </sentence>
      <sentence id="d000.s1763" source="wordnet-danish">
         <wf lemma="Pkt." pos="X">Pkt.</wf>
         <wf lemma="2" pos="X">2</wf>
         <wf lemma="på" pos="X">på</wf>
         <instance id="d000.s1763.t000" lemma="dagsorden" pos="NOUN">dagsordenen</instance>
         <wf lemma="var" pos="X">var</wf>
         <wf lemma="regnskabet" pos="X">regnskabet</wf>
         <wf lemma="," pos="X">,</wf>
         <wf lemma="som" pos="X">som</wf>
         <wf lemma="blev" pos="X">blev</wf>
         <wf lemma="godkendt" pos="X">godkendt</wf>
         <wf lemma="uden" pos="X">uden</wf>
         <wf lemma="bemærkninger" pos="X">bemærkninger</wf>
         <wf lemma="." pos="X">.</wf>
      </sentence>
      <sentence id="d000.s1764" source="wordnet-danish">
         <wf lemma="Har" pos="X">Har</wf>
         <wf lemma="du" pos="X">du</wf>
         <wf lemma="forresten" pos="X">forresten</wf>
         <wf lemma="set" pos="X">set</wf>
         <wf lemma="Margrethes" pos="X">Margrethes</wf>
         <wf lemma="nye" pos="X">nye</wf>
         <wf lemma="aftenkåbe" pos="X">aftenkåbe</wf>
         <wf lemma="?" pos="X">?</wf>
         <wf lemma="Den" pos="X">Den</wf>
         <wf lemma="må" pos="X">må</wf>
         <wf lemma="have" pos="X">have</wf>
         <wf lemma="kostet" pos="X">kostet</wf>
         <wf lemma="en" pos="X">en</wf>
         <instance id="d000.s1764.t000" lemma="formue" pos="NOUN">formue</instance>
         <wf lemma="." pos="X">.</wf>
      </sentence>
      <sentence id="d000.s1765" source="wordnet-danish">
         <wf lemma="Forhandlings-" pos="X">Forhandlings-</wf>
         <wf lemma="og" pos="X">og</wf>
         <wf lemma="velvilje" pos="X">velvilje</wf>
         <wf lemma="præger" pos="X">præger</wf>
         <wf lemma="de" pos="X">de</wf>
         <wf lemma="traditionelt" pos="X">traditionelt</wf>
         <wf lemma="stridende" pos="X">stridende</wf>
         <instance id="d000.s1765.t000" lemma="jæger" pos="NOUN">jægere</instance>
         <wf lemma="og" pos="X">og</wf>
         <wf lemma="naturfredningsfolk" pos="X">naturfredningsfolk</wf>
         <wf lemma="." pos="X">.</wf>
      </sentence>
      <sentence id="d000.s1766" source="wordnet-danish">
         <wf lemma="Du" pos="X">Du</wf>
         <wf lemma="skal" pos="X">skal</wf>
         <wf lemma="gå" pos="X">gå</wf>
         <wf lemma="til" pos="X">til</wf>
         <wf lemma="undersøgelse" pos="X">undersøgelse</wf>
         <wf lemma="hos" pos="X">hos</wf>
         <wf lemma="en" pos="X">en</wf>
         <wf lemma="læge" pos="X">læge</wf>
         <wf lemma="eller" pos="X">eller</wf>
         <wf lemma="på" pos="X">på</wf>
         <wf lemma="en" pos="X">en</wf>
         <wf lemma="klinik" pos="X">klinik</wf>
         <wf lemma="." pos="X">.</wf>
         <wf lemma="Derefter" pos="X">Derefter</wf>
         <wf lemma="får" pos="X">får</wf>
         <wf lemma="du" pos="X">du</wf>
         <wf lemma="en" pos="X">en</wf>
         <instance id="d000.s1766.t000" lemma="recept" pos="NOUN">recept</instance>
         <wf lemma="på" pos="X">på</wf>
         <wf lemma="pillerne" pos="X">pillerne</wf>
         <wf lemma="." pos="X">.</wf>
      </sentence>
      <sentence id="d000.s1767" source="wordnet-danish">
         <wf lemma="man" pos="X">man</wf>
         <wf lemma="skønnede" pos="X">skønnede</wf>
         <wf lemma="," pos="X">,</wf>
         <wf lemma="at" pos="X">at</wf>
         <instance id="d000.s1767.t000" lemma="brud" pos="NOUN">bruddet</instance>
         <wf lemma="kunne" pos="X">kunne</wf>
         <wf lemma="gro" pos="X">gro</wf>
         <wf lemma="sammen" pos="X">sammen</wf>
         <wf lemma="igen" pos="X">igen</wf>
         <wf lemma="." pos="X">.</wf>
      </sentence>
      <sentence id="d000.s1768" source="wordnet-danish">
         <wf lemma="'Tag" pos="X">'Tag</wf>
         <wf lemma="en" pos="X">en</wf>
         <instance id="d000.s1768.t000" lemma="trøje" pos="NOUN">trøje</instance>
         <wf lemma="med" pos="X">med</wf>
         <wf lemma="!" pos="X">!</wf>
         <wf lemma="'" pos="X">'</wf>
         <wf lemma="råbte" pos="X">råbte</wf>
         <wf lemma="hendes" pos="X">hendes</wf>
         <wf lemma="mor" pos="X">mor</wf>
         <wf lemma="." pos="X">.</wf>
         <wf lemma="'" pos="X">'</wf>
         <wf lemma="Det" pos="X">Det</wf>
         <wf lemma="er" pos="X">er</wf>
         <wf lemma="ikke" pos="X">ikke</wf>
         <wf lemma="sikkert" pos="X">sikkert</wf>
         <wf lemma="," pos="X">,</wf>
         <wf lemma="det" pos="X">det</wf>
         <wf lemma="bliver" pos="X">bliver</wf>
         <wf lemma="ved" pos="X">ved</wf>
         <wf lemma="med" pos="X">med</wf>
         <wf lemma="at" pos="X">at</wf>
         <wf lemma="være" pos="X">være</wf>
         <wf lemma="varmt" pos="X">varmt</wf>
         <wf lemma="!" pos="X">!</wf>
         <wf lemma="'." pos="X">'.</wf>
      </sentence>
      <sentence id="d000.s1769" source="wordnet-danish">
         <wf lemma="Når" pos="X">Når</wf>
         <wf lemma="en" pos="X">en</wf>
         <wf lemma="organisme" pos="X">organisme</wf>
         <wf lemma="får" pos="X">får</wf>
         <wf lemma="et" pos="X">et</wf>
         <wf lemma="ekstra" pos="X">ekstra</wf>
         <instance id="d000.s1769.t000" lemma="gen" pos="NOUN">gen</instance>
         <wf lemma="," pos="X">,</wf>
         <wf lemma="får" pos="X">får</wf>
         <wf lemma="den" pos="X">den</wf>
         <wf lemma="egenskaben" pos="X">egenskaben</wf>
         <wf lemma="," pos="X">,</wf>
         <wf lemma="som" pos="X">som</wf>
         <wf lemma="genet" pos="X">genet</wf>
         <wf lemma="repræsenterer" pos="X">repræsenterer</wf>
         <wf lemma="." pos="X">.</wf>
      </sentence>
      <sentence id="d000.s1770" source="wordnet-danish">
         <wf lemma="Connie" pos="X">Connie</wf>
         <wf lemma="med" pos="X">med</wf>
         <wf lemma="egen" pos="X">egen</wf>
         <instance id="d000.s1770.t000" lemma="salon" pos="NOUN">salon</instance>
         <wf lemma="," pos="X">,</wf>
         <wf lemma="som" pos="X">som</wf>
         <wf lemma="hedder" pos="X">hedder</wf>
         <wf lemma="Connie" pos="X">Connie</wf>
         <wf lemma="Coiffure" pos="X">Coiffure</wf>
         <wf lemma="," pos="X">,</wf>
         <wf lemma="satser" pos="X">satser</wf>
         <wf lemma="på" pos="X">på</wf>
         <wf lemma="smarte" pos="X">smarte</wf>
         <wf lemma="," pos="X">,</wf>
         <wf lemma="kortklippede" pos="X">kortklippede</wf>
         <wf lemma="frisurer" pos="X">frisurer</wf>
         <wf lemma="til" pos="X">til</wf>
         <wf lemma="sommer" pos="X">sommer</wf>
         <wf lemma="." pos="X">.</wf>
      </sentence>
      <sentence id="d000.s1771" source="wordnet-danish">
         <wf lemma="Førerpladsen" pos="X">Førerpladsen</wf>
         <wf lemma="er" pos="X">er</wf>
         <wf lemma="særdeles" pos="X">særdeles</wf>
         <wf lemma="velindrettet" pos="X">velindrettet</wf>
         <wf lemma="med" pos="X">med</wf>
         <wf lemma="alle" pos="X">alle</wf>
         <wf lemma="betjeningsgreb" pos="X">betjeningsgreb</wf>
         <wf lemma="inden" pos="X">inden</wf>
         <wf lemma="for" pos="X">for</wf>
         <instance id="d000.s1771.t000" lemma="bekvem" pos="ADJ">bekvem</instance>
         <wf lemma="rækkevidde" pos="X">rækkevidde</wf>
         <wf lemma="." pos="X">.</wf>
      </sentence>
      <sentence id="d000.s1772" source="wordnet-danish">
         <wf lemma="kan" pos="X">kan</wf>
         <wf lemma="vi" pos="X">vi</wf>
         <wf lemma="selv" pos="X">selv</wf>
         <wf lemma="bestemme" pos="X">bestemme</wf>
         <wf lemma="," pos="X">,</wf>
         <wf lemma="hvem" pos="X">hvem</wf>
         <wf lemma="der" pos="X">der</wf>
         <wf lemma="skal" pos="X">skal</wf>
         <instance id="d000.s1772.t000" lemma="arve" pos="VERB">arve</instance>
         <wf lemma="os" pos="X">os</wf>
         <wf lemma="," pos="X">,</wf>
         <wf lemma="hvis" pos="X">hvis</wf>
         <wf lemma="vi" pos="X">vi</wf>
         <wf lemma="laver" pos="X">laver</wf>
         <wf lemma="testamente" pos="X">testamente</wf>
         <wf lemma="?" pos="X">?</wf>
      </sentence>
      <sentence id="d000.s1773" source="wordnet-danish">
         <wf lemma="Sabahattin" pos="X">Sabahattin</wf>
         <wf lemma="var" pos="X">var</wf>
         <wf lemma="uden" pos="X">uden</wf>
         <wf lemma="arbejde" pos="X">arbejde</wf>
         <wf lemma="," pos="X">,</wf>
         <wf lemma="og" pos="X">og</wf>
         <wf lemma="Ulla" pos="X">Ulla</wf>
         <instance id="d000.s1773.t000" lemma="hjælpe" pos="VERB">hjalp</instance>
         <wf lemma="ham" pos="X">ham</wf>
         <wf lemma="økonomisk" pos="X">økonomisk</wf>
         <wf lemma="." pos="X">.</wf>
      </sentence>
      <sentence id="d000.s1774" source="wordnet-danish">
         <wf lemma="Kurset" pos="X">Kurset</wf>
         <wf lemma="er" pos="X">er</wf>
         <wf lemma="et" pos="X">et</wf>
         <wf lemma="fjernundervisningskursus" pos="X">fjernundervisningskursus</wf>
         <wf lemma="," pos="X">,</wf>
         <wf lemma="hvilket" pos="X">hvilket</wf>
         <wf lemma="medfører" pos="X">medfører</wf>
         <wf lemma="at" pos="X">at</wf>
         <wf lemma="undervisningen" pos="X">undervisningen</wf>
         <wf lemma="foregår" pos="X">foregår</wf>
         <wf lemma="over" pos="X">over</wf>
         <instance id="d000.s1774.t000" lemma="internet" pos="NOUN">internettet</instance>
         <wf lemma="." pos="X">.</wf>
      </sentence>
      <sentence id="d000.s1775" source="wordnet-danish">
         <wf lemma="Han" pos="X">Han</wf>
         <wf lemma="klagede" pos="X">klagede</wf>
         <wf lemma="til" pos="X">til</wf>
         <instance id="d000.s1775.t000" lemma="forhandler" pos="NOUN">forhandleren</instance>
         <wf lemma="," pos="X">,</wf>
         <wf lemma="som" pos="X">som</wf>
         <wf lemma="udskiftede" pos="X">udskiftede</wf>
         <wf lemma="sædet" pos="X">sædet</wf>
         <wf lemma="." pos="X">.</wf>
      </sentence>
      <sentence id="d000.s1776" source="wordnet-danish">
         <wf lemma="Det" pos="X">Det</wf>
         <wf lemma="danske" pos="X">danske</wf>
         <wf lemma="velfærdssystem" pos="X">velfærdssystem</wf>
         <wf lemma=".." pos="X">..</wf>
         <wf lemma="er" pos="X">er</wf>
         <wf lemma="fortsat" pos="X">fortsat</wf>
         <wf lemma="et" pos="X">et</wf>
         <wf lemma="rent" pos="X">rent</wf>
         <wf lemma="dansk" pos="X">dansk</wf>
         <instance id="d000.s1776.t000" lemma="national" pos="ADJ">nationalt</instance>
         <wf lemma="anliggende" pos="X">anliggende</wf>
         <wf lemma="," pos="X">,</wf>
         <wf lemma="som" pos="X">som</wf>
         <wf lemma="alene" pos="X">alene</wf>
         <wf lemma="afgøres" pos="X">afgøres</wf>
         <wf lemma="her" pos="X">her</wf>
         <wf lemma="i" pos="X">i</wf>
         <wf lemma="Folketinget" pos="X">Folketinget</wf>
         <wf lemma="." pos="X">.</wf>
      </sentence>
      <sentence id="d000.s1777" source="wordnet-danish">
         <wf lemma="'Der" pos="X">'Der</wf>
         <wf lemma="er" pos="X">er</wf>
         <wf lemma="ikke" pos="X">ikke</wf>
         <wf lemma="noget" pos="X">noget</wf>
         <wf lemma="at" pos="X">at</wf>
         <wf lemma="være" pos="X">være</wf>
         <instance id="d000.s1777.t000" lemma="bange" pos="ADJ">bange</instance>
         <wf lemma="for" pos="X">for</wf>
         <wf lemma="," pos="X">,</wf>
         <wf lemma="'" pos="X">'</wf>
         <wf lemma="sagde" pos="X">sagde</wf>
         <wf lemma="Louis" pos="X">Louis</wf>
         <wf lemma="." pos="X">.</wf>
         <wf lemma="'" pos="X">'</wf>
         <wf lemma="Hun" pos="X">Hun</wf>
         <wf lemma="gør" pos="X">gør</wf>
         <wf lemma="ikke" pos="X">ikke</wf>
         <wf lemma="noget" pos="X">noget</wf>
         <wf lemma="." pos="X">.</wf>
         <wf lemma="Kom" pos="X">Kom</wf>
         <wf lemma="nu" pos="X">nu</wf>
         <wf lemma="!" pos="X">!</wf>
         <wf lemma="'." pos="X">'.</wf>
      </sentence>
      <sentence id="d000.s1778" source="wordnet-danish">
         <wf lemma="det" pos="X">det</wf>
         <wf lemma="var" pos="X">var</wf>
         <wf lemma="digterens" pos="X">digterens</wf>
         <wf lemma="ønske" pos="X">ønske</wf>
         <wf lemma="," pos="X">,</wf>
         <wf lemma="at" pos="X">at</wf>
         <wf lemma="den" pos="X">den</wf>
         <wf lemma="populære" pos="X">populære</wf>
         <wf lemma="komponist" pos="X">komponist</wf>
         <wf lemma="skulle" pos="X">skulle</wf>
         <wf lemma="sætte" pos="X">sætte</wf>
         <instance id="d000.s1778.t000" lemma="melodi" pos="NOUN">melodi</instance>
         <wf lemma="til" pos="X">til</wf>
         <wf lemma="sangen" pos="X">sangen</wf>
         <wf lemma="." pos="X">.</wf>
      </sentence>
      <sentence id="d000.s1779" source="wordnet-danish">
         <wf lemma="Da" pos="X">Da</wf>
         <wf lemma="jeg" pos="X">jeg</wf>
         <wf lemma="kom" pos="X">kom</wf>
         <wf lemma="hjem" pos="X">hjem</wf>
         <wf lemma="havde" pos="X">havde</wf>
         <wf lemma="mor" pos="X">mor</wf>
         <wf lemma="lige" pos="X">lige</wf>
         <instance id="d000.s1779.t000" lemma="bage" pos="VERB">bagt</instance>
         <wf lemma="boller" pos="X">boller</wf>
         <wf lemma="så" pos="X">så</wf>
         <wf lemma="hele" pos="X">hele</wf>
         <wf lemma="huset" pos="X">huset</wf>
         <wf lemma="duftede" pos="X">duftede</wf>
         <wf lemma="af" pos="X">af</wf>
         <wf lemma="nybagte" pos="X">nybagte</wf>
         <wf lemma="boller" pos="X">boller</wf>
         <wf lemma="." pos="X">.</wf>
      </sentence>
      <sentence id="d000.s1780" source="wordnet-danish">
         <wf lemma="da" pos="X">da</wf>
         <wf lemma="tronfølgeren" pos="X">tronfølgeren</wf>
         <wf lemma="," pos="X">,</wf>
         <instance id="d000.s1780.t000" lemma="prinsesse" pos="NOUN">prinsesse</instance>
         <wf lemma="Margrethe" pos="X">Margrethe</wf>
         <wf lemma="var" pos="X">var</wf>
         <wf lemma="fyldt" pos="X">fyldt</wf>
         <wf lemma="18" pos="X">18</wf>
         <wf lemma="år" pos="X">år</wf>
         <wf lemma="," pos="X">,</wf>
         <wf lemma="besøgte" pos="X">besøgte</wf>
         <wf lemma="hun" pos="X">hun</wf>
         <wf lemma="officielt" pos="X">officielt</wf>
         <wf lemma=".." pos="X">..</wf>
         <wf lemma="Folketinget" pos="X">Folketinget</wf>
         <wf lemma="." pos="X">.</wf>
      </sentence>
      <sentence id="d000.s1781" source="wordnet-danish">
         <wf lemma="intet" pos="X">intet</wf>
         <wf lemma="kunne" pos="X">kunne</wf>
         <wf lemma="glæde" pos="X">glæde</wf>
         <wf lemma="ham" pos="X">ham</wf>
         <wf lemma="mere" pos="X">mere</wf>
         <wf lemma="end" pos="X">end</wf>
         <wf lemma="hvis" pos="X">hvis</wf>
         <wf lemma="en" pos="X">en</wf>
         <wf lemma="eller" pos="X">eller</wf>
         <wf lemma="anden" pos="X">anden</wf>
         <wf lemma=".." pos="X">..</wf>
         <wf lemma="foreslog" pos="X">foreslog</wf>
         <wf lemma="en" pos="X">en</wf>
         <wf lemma="whist" pos="X">whist</wf>
         <wf lemma="eller" pos="X">eller</wf>
         <wf lemma="en" pos="X">en</wf>
         <wf lemma="mausel" pos="X">mausel</wf>
         <wf lemma="--" pos="X">--</wf>
         <wf lemma="de" pos="X">de</wf>
         <wf lemma="to" pos="X">to</wf>
         <instance id="d000.s1781.t000" lemma="spil" pos="NOUN">spil</instance>
         <wf lemma="han" pos="X">han</wf>
         <wf lemma="kendte" pos="X">kendte</wf>
         <wf lemma="." pos="X">.</wf>
      </sentence>
      <sentence id="d000.s1782" source="wordnet-danish">
         <wf lemma="Begge" pos="X">Begge</wf>
         <wf lemma="mændene" pos="X">mændene</wf>
         <wf lemma="var" pos="X">var</wf>
         <wf lemma="høje" pos="X">høje</wf>
         <wf lemma="og" pos="X">og</wf>
         <wf lemma="mørke" pos="X">mørke</wf>
         <wf lemma="," pos="X">,</wf>
         <wf lemma="med" pos="X">med</wf>
         <instance id="d000.s1782.t000" lemma="brun" pos="ADJ">brune</instance>
         <wf lemma="øjne" pos="X">øjne</wf>
         <wf lemma="og" pos="X">og</wf>
         <wf lemma="et" pos="X">et</wf>
         <wf lemma="smil" pos="X">smil</wf>
         <wf lemma="som" pos="X">som</wf>
         <wf lemma="Cary" pos="X">Cary</wf>
         <wf lemma="Grant" pos="X">Grant</wf>
         <wf lemma="." pos="X">.</wf>
      </sentence>
      <sentence id="d000.s1783" source="wordnet-danish">
         <wf lemma="Halvdelen" pos="X">Halvdelen</wf>
         <wf lemma="af" pos="X">af</wf>
         <wf lemma="verdens" pos="X">verdens</wf>
         <wf lemma="reserver" pos="X">reserver</wf>
         <wf lemma="af" pos="X">af</wf>
         <wf lemma="kobolt" pos="X">kobolt</wf>
         <wf lemma="ligger" pos="X">ligger</wf>
         <wf lemma="i" pos="X">i</wf>
         <wf lemma="Zaire" pos="X">Zaire</wf>
         <wf lemma="," pos="X">,</wf>
         <wf lemma="der" pos="X">der</wf>
         <wf lemma="er" pos="X">er</wf>
         <wf lemma="verdens" pos="X">verdens</wf>
         <wf lemma="største" pos="X">største</wf>
         <instance id="d000.s1783.t000" lemma="producent" pos="NOUN">producent</instance>
         <wf lemma="af" pos="X">af</wf>
         <wf lemma="dette" pos="X">dette</wf>
         <wf lemma="strategiske" pos="X">strategiske</wf>
         <wf lemma="mineral" pos="X">mineral</wf>
         <wf lemma="." pos="X">.</wf>
      </sentence>
      <sentence id="d000.s1784" source="wordnet-danish">
         <wf lemma="I" pos="X">I</wf>
         <wf lemma="nogle" pos="X">nogle</wf>
         <wf lemma="muslimske" pos="X">muslimske</wf>
         <wf lemma="lande" pos="X">lande</wf>
         <wf lemma="skal" pos="X">skal</wf>
         <wf lemma="kvinderne" pos="X">kvinderne</wf>
         <wf lemma=".." pos="X">..</wf>
         <wf lemma="bære" pos="X">bære</wf>
         <instance id="d000.s1784.t000" lemma="slør" pos="NOUN">slør</instance>
         <wf lemma="," pos="X">,</wf>
         <wf lemma="så" pos="X">så</wf>
         <wf lemma="man" pos="X">man</wf>
         <wf lemma="ikke" pos="X">ikke</wf>
         <wf lemma="kan" pos="X">kan</wf>
         <wf lemma="se" pos="X">se</wf>
         <wf lemma="deres" pos="X">deres</wf>
         <wf lemma="ansigt" pos="X">ansigt</wf>
         <wf lemma="." pos="X">.</wf>
      </sentence>
      <sentence id="d000.s1785" source="wordnet-danish">
         <wf lemma="Når" pos="X">Når</wf>
         <wf lemma="han" pos="X">han</wf>
         <wf lemma="talte" pos="X">talte</wf>
         <wf lemma="," pos="X">,</wf>
         <instance id="d000.s1785.t000" lemma="vugge" pos="VERB">vuggede</instance>
         <wf lemma="han" pos="X">han</wf>
         <wf lemma="hovedet" pos="X">hovedet</wf>
         <wf lemma="rytmisk" pos="X">rytmisk</wf>
         <wf lemma="fra" pos="X">fra</wf>
         <wf lemma="side" pos="X">side</wf>
         <wf lemma="til" pos="X">til</wf>
         <wf lemma="side" pos="X">side</wf>
         <wf lemma="." pos="X">.</wf>
      </sentence>
      <sentence id="d000.s1786" source="wordnet-danish">
         <wf lemma="Det" pos="X">Det</wf>
         <wf lemma="er" pos="X">er</wf>
         <wf lemma="et" pos="X">et</wf>
         <wf lemma="kunsthåndværk" pos="X">kunsthåndværk</wf>
         <wf lemma="at" pos="X">at</wf>
         <wf lemma="forarbejde" pos="X">forarbejde</wf>
         <wf lemma="det" pos="X">det</wf>
         <wf lemma="fine" pos="X">fine</wf>
         <instance id="d000.s1786.t000" lemma="egetræ" pos="NOUN">egetræ</instance>
         <wf lemma="til" pos="X">til</wf>
         <wf lemma="fuldstændig" pos="X">fuldstændig</wf>
         <wf lemma="ens" pos="X">ens</wf>
         <wf lemma="tønder" pos="X">tønder</wf>
         <wf lemma="." pos="X">.</wf>
      </sentence>
      <sentence id="d000.s1787" source="wordnet-danish">
         <wf lemma="nogle" pos="X">nogle</wf>
         <wf lemma="gange" pos="X">gange</wf>
         <wf lemma="," pos="X">,</wf>
         <wf lemma="så" pos="X">så</wf>
         <wf lemma="sidder" pos="X">sidder</wf>
         <wf lemma="jeg" pos="X">jeg</wf>
         <wf lemma="og" pos="X">og</wf>
         <wf lemma="leger" pos="X">leger</wf>
         <wf lemma="med" pos="X">med</wf>
         <instance id="d000.s1787.t000" lemma="dukke" pos="NOUN">dukker</instance>
         <wf lemma="sammen" pos="X">sammen</wf>
         <wf lemma="med" pos="X">med</wf>
         <wf lemma="min" pos="X">min</wf>
         <wf lemma="lillesøster" pos="X">lillesøster</wf>
         <wf lemma="." pos="X">.</wf>
      </sentence>
      <sentence id="d000.s1788" source="wordnet-danish">
         <wf lemma="Det" pos="X">Det</wf>
         <wf lemma="var" pos="X">var</wf>
         <wf lemma="en" pos="X">en</wf>
         <wf lemma="usædvanlig" pos="X">usædvanlig</wf>
         <wf lemma="dejlig" pos="X">dejlig</wf>
         <instance id="d000.s1788.t000" lemma="sommer" pos="NOUN">sommer</instance>
         <wf lemma="det" pos="X">det</wf>
         <wf lemma="år" pos="X">år</wf>
         <wf lemma="." pos="X">.</wf>
         <wf lemma="Solen" pos="X">Solen</wf>
         <wf lemma="strålede" pos="X">strålede</wf>
         <wf lemma="," pos="X">,</wf>
         <wf lemma="og" pos="X">og</wf>
         <wf lemma="luften" pos="X">luften</wf>
         <wf lemma="var" pos="X">var</wf>
         <wf lemma="mættet" pos="X">mættet</wf>
         <wf lemma="med" pos="X">med</wf>
         <wf lemma="en" pos="X">en</wf>
         <wf lemma="mild" pos="X">mild</wf>
         <wf lemma="varme" pos="X">varme</wf>
         <wf lemma="," pos="X">,</wf>
         <wf lemma="der" pos="X">der</wf>
         <wf lemma="svøbte" pos="X">svøbte</wf>
         <wf lemma="sig" pos="X">sig</wf>
         <wf lemma="om" pos="X">om</wf>
         <wf lemma="de" pos="X">de</wf>
         <wf lemma="solbrune" pos="X">solbrune</wf>
         <wf lemma="lemmer" pos="X">lemmer</wf>
         <wf lemma="." pos="X">.</wf>
      </sentence>
      <sentence id="d000.s1789" source="wordnet-danish">
         <wf lemma="det" pos="X">det</wf>
         <wf lemma="har" pos="X">har</wf>
         <wf lemma="kostet" pos="X">kostet</wf>
         <wf lemma="uforudset" pos="X">uforudset</wf>
         <wf lemma="mange" pos="X">mange</wf>
         <wf lemma="penge" pos="X">penge</wf>
         <wf lemma="at" pos="X">at</wf>
         <wf lemma="lægge" pos="X">lægge</wf>
         <wf lemma="de" pos="X">de</wf>
         <wf lemma="to" pos="X">to</wf>
         <wf lemma="tidligere" pos="X">tidligere</wf>
         <wf lemma="tyske" pos="X">tyske</wf>
         <wf lemma="stater" pos="X">stater</wf>
         <wf lemma="sammen" pos="X">sammen</wf>
         <wf lemma="til" pos="X">til</wf>
         <wf lemma="et" pos="X">et</wf>
         <instance id="d000.s1789.t000" lemma="forene" pos="VERB">forenet</instance>
         <wf lemma="Tyskland" pos="X">Tyskland</wf>
         <wf lemma="." pos="X">.</wf>
      </sentence>
      <sentence id="d000.s1790" source="wordnet-danish">
         <wf lemma="jo" pos="X">jo</wf>
         <wf lemma="flere" pos="X">flere</wf>
         <wf lemma="dyr" pos="X">dyr</wf>
         <wf lemma="pr." pos="X">pr.</wf>
         <wf lemma="kvm." pos="X">kvm.</wf>
         <wf lemma="der" pos="X">der</wf>
         <wf lemma="går" pos="X">går</wf>
         <wf lemma="i" pos="X">i</wf>
         <instance id="d000.s1790.t000" lemma="stald" pos="NOUN">stalden</instance>
         <wf lemma="," pos="X">,</wf>
         <wf lemma="des" pos="X">des</wf>
         <wf lemma="mere" pos="X">mere</wf>
         <wf lemma="stressede" pos="X">stressede</wf>
         <wf lemma="bliver" pos="X">bliver</wf>
         <wf lemma="de" pos="X">de</wf>
         <wf lemma="." pos="X">.</wf>
      </sentence>
      <sentence id="d000.s1791" source="wordnet-danish">
         <wf lemma="Banken" pos="X">Banken</wf>
         <wf lemma="oplyser" pos="X">oplyser</wf>
         <wf lemma="rentesatser" pos="X">rentesatser</wf>
         <wf lemma=".." pos="X">..</wf>
         <wf lemma="ved" pos="X">ved</wf>
         <wf lemma="skiltning" pos="X">skiltning</wf>
         <wf lemma="i" pos="X">i</wf>
         <wf lemma="bankens" pos="X">bankens</wf>
         <wf lemma="ekspeditionslokale" pos="X">ekspeditionslokale</wf>
         <wf lemma="eller" pos="X">eller</wf>
         <wf lemma="på" pos="X">på</wf>
         <instance id="d000.s1791.t000" lemma="forespørgsel" pos="NOUN">forespørgsel</instance>
         <wf lemma="fra" pos="X">fra</wf>
         <wf lemma="kunden" pos="X">kunden</wf>
         <wf lemma="." pos="X">.</wf>
      </sentence>
      <sentence id="d000.s1792" source="wordnet-danish">
         <wf lemma="bedemanden" pos="X">bedemanden</wf>
         <wf lemma="og" pos="X">og</wf>
         <wf lemma="hans" pos="X">hans</wf>
         <wf lemma="hjælpere" pos="X">hjælpere</wf>
         <wf lemma="[kom]" pos="X">[kom]</wf>
         <wf lemma="ud" pos="X">ud</wf>
         <wf lemma="af" pos="X">af</wf>
         <wf lemma="huset" pos="X">huset</wf>
         <wf lemma="med" pos="X">med</wf>
         <instance id="d000.s1792.t000" lemma="kiste" pos="NOUN">kisten</instance>
         <wf lemma="og" pos="X">og</wf>
         <wf lemma="skubbede" pos="X">skubbede</wf>
         <wf lemma="den" pos="X">den</wf>
         <wf lemma="ind" pos="X">ind</wf>
         <wf lemma="i" pos="X">i</wf>
         <wf lemma="det" pos="X">det</wf>
         <wf lemma="sorte" pos="X">sorte</wf>
         <wf lemma="køretøj" pos="X">køretøj</wf>
         <wf lemma="." pos="X">.</wf>
      </sentence>
      <sentence id="d000.s1793" source="wordnet-danish">
         <wf lemma="Udstyr" pos="X">Udstyr</wf>
         <wf lemma="," pos="X">,</wf>
         <wf lemma="teknik" pos="X">teknik</wf>
         <wf lemma="og" pos="X">og</wf>
         <instance id="d000.s1793.t000" lemma="billedstof" pos="NOUN">billedstof</instance>
         <wf lemma="er" pos="X">er</wf>
         <wf lemma="i" pos="X">i</wf>
         <wf lemma="dette" pos="X">dette</wf>
         <wf lemma="bind" pos="X">bind</wf>
         <wf lemma="som" pos="X">som</wf>
         <wf lemma="i" pos="X">i</wf>
         <wf lemma="de" pos="X">de</wf>
         <wf lemma="foregående" pos="X">foregående</wf>
         <wf lemma="af" pos="X">af</wf>
         <wf lemma="topkvalitet" pos="X">topkvalitet</wf>
         <wf lemma="." pos="X">.</wf>
      </sentence>
      <sentence id="d000.s1794" source="wordnet-danish">
         <wf lemma="flere" pos="X">flere</wf>
         <wf lemma="skud" pos="X">skud</wf>
         <wf lemma="fra" pos="X">fra</wf>
         <wf lemma="et" pos="X">et</wf>
         <wf lemma="automatvåben" pos="X">automatvåben</wf>
         <wf lemma="blev" pos="X">blev</wf>
         <instance id="d000.s1794.t000" lemma="afskyde" pos="VERB">afskudt</instance>
         <wf lemma="mod" pos="X">mod</wf>
         <wf lemma="ham" pos="X">ham</wf>
         <wf lemma="." pos="X">.</wf>
      </sentence>
      <sentence id="d000.s1795" source="wordnet-danish">
         <instance id="d000.s1795.t000" lemma="sol" pos="NOUN">Solen</instance>
         <wf lemma="består" pos="X">består</wf>
         <wf lemma="af" pos="X">af</wf>
         <wf lemma="glødende" pos="X">glødende</wf>
         <wf lemma="gasser" pos="X">gasser</wf>
         <wf lemma="." pos="X">.</wf>
      </sentence>
      <sentence id="d000.s1796" source="wordnet-danish">
         <wf lemma="Lenin" pos="X">Lenin</wf>
         <wf lemma="mente" pos="X">mente</wf>
         <wf lemma="," pos="X">,</wf>
         <wf lemma="at" pos="X">at</wf>
         <wf lemma="disse" pos="X">disse</wf>
         <wf lemma="arbejdere" pos="X">arbejdere</wf>
         <wf lemma="under" pos="X">under</wf>
         <wf lemma="kommunisternes" pos="X">kommunisternes</wf>
         <instance id="d000.s1796.t000" lemma="ledelse" pos="NOUN">ledelse</instance>
         <wf lemma="skulle" pos="X">skulle</wf>
         <wf lemma="tage" pos="X">tage</wf>
         <wf lemma="magten" pos="X">magten</wf>
         <wf lemma="i" pos="X">i</wf>
         <wf lemma="Rusland" pos="X">Rusland</wf>
         <wf lemma="." pos="X">.</wf>
      </sentence>
      <sentence id="d000.s1797" source="wordnet-danish">
         <wf lemma="røveren" pos="X">røveren</wf>
         <wf lemma="flåede" pos="X">flåede</wf>
         <wf lemma="sin" pos="X">sin</wf>
         <instance id="d000.s1797.t000" lemma="maske" pos="NOUN">maske</instance>
         <wf lemma="af" pos="X">af</wf>
         <wf lemma="," pos="X">,</wf>
         <wf lemma="umiddelbart" pos="X">umiddelbart</wf>
         <wf lemma="inden" pos="X">inden</wf>
         <wf lemma="han" pos="X">han</wf>
         <wf lemma="kastede" pos="X">kastede</wf>
         <wf lemma="sig" pos="X">sig</wf>
         <wf lemma="ind" pos="X">ind</wf>
         <wf lemma="på" pos="X">på</wf>
         <wf lemma="bagsædet" pos="X">bagsædet</wf>
         <wf lemma="af" pos="X">af</wf>
         <wf lemma="en" pos="X">en</wf>
         <wf lemma="ventende" pos="X">ventende</wf>
         <wf lemma="bil" pos="X">bil</wf>
         <wf lemma="." pos="X">.</wf>
      </sentence>
      <sentence id="d000.s1798" source="wordnet-danish">
         <wf lemma="Det" pos="X">Det</wf>
         <wf lemma="er" pos="X">er</wf>
         <wf lemma="også" pos="X">også</wf>
         <wf lemma="nødvendigt" pos="X">nødvendigt</wf>
         <wf lemma="hele" pos="X">hele</wf>
         <wf lemma="tiden" pos="X">tiden</wf>
         <wf lemma="at" pos="X">at</wf>
         <wf lemma="have" pos="X">have</wf>
         <instance id="d000.s1798.t000" lemma="pumpe" pos="NOUN">pumper</instance>
         <wf lemma="kørende" pos="X">kørende</wf>
         <wf lemma="," pos="X">,</wf>
         <wf lemma="da" pos="X">da</wf>
         <wf lemma="minen" pos="X">minen</wf>
         <wf lemma="ellers" pos="X">ellers</wf>
         <wf lemma="ville" pos="X">ville</wf>
         <wf lemma="blive" pos="X">blive</wf>
         <wf lemma="fyldt" pos="X">fyldt</wf>
         <wf lemma="med" pos="X">med</wf>
         <wf lemma="vand" pos="X">vand</wf>
         <wf lemma="." pos="X">.</wf>
      </sentence>
      <sentence id="d000.s1799" source="wordnet-danish">
         <wf lemma="hvis" pos="X">hvis</wf>
         <wf lemma="alle" pos="X">alle</wf>
         <wf lemma="kvinder" pos="X">kvinder</wf>
         <wf lemma="havde" pos="X">havde</wf>
         <instance id="d000.s1799.t000" lemma="adgang" pos="NOUN">adgang</instance>
         <wf lemma="til" pos="X">til</wf>
         <wf lemma="prævention" pos="X">prævention</wf>
         <wf lemma="," pos="X">,</wf>
         <wf lemma="ville" pos="X">ville</wf>
         <wf lemma="børnetallet" pos="X">børnetallet</wf>
         <wf lemma="falde" pos="X">falde</wf>
         <wf lemma="med" pos="X">med</wf>
         <wf lemma="38" pos="X">38</wf>
         <wf lemma="pct." pos="X">pct.</wf>
      </sentence>
      <sentence id="d000.s1800" source="wordnet-danish">
         <wf lemma="Man" pos="X">Man</wf>
         <wf lemma="udvikler" pos="X">udvikler</wf>
         <wf lemma="yderligere" pos="X">yderligere</wf>
         <wf lemma="normer" pos="X">normer</wf>
         <wf lemma="og" pos="X">og</wf>
         <instance id="d000.s1800.t000" lemma="værdi" pos="NOUN">værdier</instance>
         <wf lemma="," pos="X">,</wf>
         <wf lemma="så" pos="X">så</wf>
         <wf lemma="alle" pos="X">alle</wf>
         <wf lemma="kan" pos="X">kan</wf>
         <wf lemma="trives" pos="X">trives</wf>
         <wf lemma="(" pos="X">(</wf>
         <wf lemma="fx" pos="X">fx</wf>
         <wf lemma="at" pos="X">at</wf>
         <wf lemma="man" pos="X">man</wf>
         <wf lemma="hjælper" pos="X">hjælper</wf>
         <wf lemma="hinanden" pos="X">hinanden</wf>
         <wf lemma="," pos="X">,</wf>
         <wf lemma="at" pos="X">at</wf>
         <wf lemma="man" pos="X">man</wf>
         <wf lemma="passer" pos="X">passer</wf>
         <wf lemma="på" pos="X">på</wf>
         <wf lemma="tingene" pos="X">tingene</wf>
         <wf lemma=")" pos="X">)</wf>
         <wf lemma="." pos="X">.</wf>
      </sentence>
      <sentence id="d000.s1801" source="wordnet-danish">
         <wf lemma="Med" pos="X">Med</wf>
         <wf lemma="en" pos="X">en</wf>
         <wf lemma="høflig" pos="X">høflig</wf>
         <instance id="d000.s1801.t000" lemma="gestus" pos="NOUN">gestus</instance>
         <wf lemma="rakte" pos="X">rakte</wf>
         <wf lemma="han" pos="X">han</wf>
         <wf lemma="drikken" pos="X">drikken</wf>
         <wf lemma="videre" pos="X">videre</wf>
         <wf lemma="til" pos="X">til</wf>
         <wf lemma="gæsten" pos="X">gæsten</wf>
         <wf lemma="mens" pos="X">mens</wf>
         <wf lemma="han" pos="X">han</wf>
         <wf lemma="selv" pos="X">selv</wf>
         <wf lemma="tørrede" pos="X">tørrede</wf>
         <wf lemma="sit" pos="X">sit</wf>
         <wf lemma="skæg" pos="X">skæg</wf>
         <wf lemma="." pos="X">.</wf>
      </sentence>
      <sentence id="d000.s1802" source="wordnet-danish">
         <wf lemma="Men" pos="X">Men</wf>
         <wf lemma="nu" pos="X">nu</wf>
         <wf lemma="her" pos="X">her</wf>
         <wf lemma="i" pos="X">i</wf>
         <instance id="d000.s1802.t000" lemma="høst" pos="NOUN">høsten</instance>
         <wf lemma="," pos="X">,</wf>
         <wf lemma="er" pos="X">er</wf>
         <wf lemma="det" pos="X">det</wf>
         <wf lemma="så" pos="X">så</wf>
         <wf lemma="dig" pos="X">dig</wf>
         <wf lemma="selv" pos="X">selv</wf>
         <wf lemma="der" pos="X">der</wf>
         <wf lemma="kører" pos="X">kører</wf>
         <wf lemma="mejetærskeren" pos="X">mejetærskeren</wf>
         <wf lemma="?" pos="X">?</wf>
      </sentence>
      <sentence id="d000.s1803" source="wordnet-danish">
         <wf lemma="langstrakte" pos="X">langstrakte</wf>
         <instance id="d000.s1803.t000" lemma="bakkedrag" pos="NOUN">bakkedrag</instance>
         <wf lemma="i" pos="X">i</wf>
         <wf lemma="horisonten" pos="X">horisonten</wf>
         <wf lemma="som" pos="X">som</wf>
         <wf lemma="store" pos="X">store</wf>
         <wf lemma="," pos="X">,</wf>
         <wf lemma="runde" pos="X">runde</wf>
         <wf lemma="hvalrygge" pos="X">hvalrygge</wf>
         <wf lemma="i" pos="X">i</wf>
         <wf lemma="havet" pos="X">havet</wf>
         <wf lemma="." pos="X">.</wf>
      </sentence>
      <sentence id="d000.s1804" source="wordnet-danish">
         <wf lemma="Der" pos="X">Der</wf>
         <wf lemma="er" pos="X">er</wf>
         <wf lemma="virkelig" pos="X">virkelig</wf>
         <wf lemma="brug" pos="X">brug</wf>
         <wf lemma="for" pos="X">for</wf>
         <wf lemma="en" pos="X">en</wf>
         <wf lemma="mindre" pos="X">mindre</wf>
         <instance id="d000.s1804.t000" lemma="forandring" pos="NOUN">forandring</instance>
         <wf lemma="i" pos="X">i</wf>
         <wf lemma="folkeskolens" pos="X">folkeskolens</wf>
         <wf lemma="undervisningsmetoder" pos="X">undervisningsmetoder</wf>
         <wf lemma="." pos="X">.</wf>
      </sentence>
      <sentence id="d000.s1805" source="wordnet-danish">
         <wf lemma="Partiet" pos="X">Partiet</wf>
         <wf lemma="har" pos="X">har</wf>
         <wf lemma="benyttet" pos="X">benyttet</wf>
         <wf lemma="julen" pos="X">julen</wf>
         <wf lemma="til" pos="X">til</wf>
         <wf lemma="at" pos="X">at</wf>
         <instance id="d000.s1805.t000" lemma="undsige" pos="VERB">undsige</instance>
         <wf lemma="det" pos="X">det</wf>
         <wf lemma="skatteforslag" pos="X">skatteforslag</wf>
         <wf lemma="," pos="X">,</wf>
         <wf lemma="partiet" pos="X">partiet</wf>
         <wf lemma="selv" pos="X">selv</wf>
         <wf lemma="fremsatte" pos="X">fremsatte</wf>
         <wf lemma="i" pos="X">i</wf>
         <wf lemma="november" pos="X">november</wf>
         <wf lemma="." pos="X">.</wf>
      </sentence>
      <sentence id="d000.s1806" source="wordnet-danish">
         <wf lemma="Mange" pos="X">Mange</wf>
         <wf lemma="arbejdere" pos="X">arbejdere</wf>
         <wf lemma="stod" pos="X">stod</wf>
         <wf lemma="ved" pos="X">ved</wf>
         <wf lemma="en" pos="X">en</wf>
         <instance id="d000.s1806.t000" lemma="maskine" pos="NOUN">maskine</instance>
         <wf lemma="." pos="X">.</wf>
         <wf lemma="De" pos="X">De</wf>
         <wf lemma="behøvede" pos="X">behøvede</wf>
         <wf lemma="ikke" pos="X">ikke</wf>
         <wf lemma="en" pos="X">en</wf>
         <wf lemma="lang" pos="X">lang</wf>
         <wf lemma="uddannelse" pos="X">uddannelse</wf>
         <wf lemma="." pos="X">.</wf>
      </sentence>
      <sentence id="d000.s1807" source="wordnet-danish">
         <wf lemma="begge" pos="X">begge</wf>
         <wf lemma="pigerne" pos="X">pigerne</wf>
         <wf lemma="var" pos="X">var</wf>
         <wf lemma="vant" pos="X">vant</wf>
         <wf lemma="til" pos="X">til</wf>
         <wf lemma="at" pos="X">at</wf>
         <wf lemma="døren" pos="X">døren</wf>
         <wf lemma="til" pos="X">til</wf>
         <instance id="d000.s1807.t000" lemma="barneværelse" pos="NOUN">barneværelset</instance>
         <wf lemma="stod" pos="X">stod</wf>
         <wf lemma="på" pos="X">på</wf>
         <wf lemma="klem" pos="X">klem</wf>
         <wf lemma="," pos="X">,</wf>
         <wf lemma="så" pos="X">så</wf>
         <wf lemma="moderen" pos="X">moderen</wf>
         <wf lemma="kunne" pos="X">kunne</wf>
         <wf lemma="spille" pos="X">spille</wf>
         <wf lemma="dem" pos="X">dem</wf>
         <wf lemma="i" pos="X">i</wf>
         <wf lemma="søvn" pos="X">søvn</wf>
         <wf lemma="." pos="X">.</wf>
      </sentence>
      <sentence id="d000.s1808" source="wordnet-danish">
         <wf lemma="'Hvis" pos="X">'Hvis</wf>
         <wf lemma="du" pos="X">du</wf>
         <wf lemma="ikke" pos="X">ikke</wf>
         <wf lemma="åbner" pos="X">åbner</wf>
         <wf lemma="nu" pos="X">nu</wf>
         <wf lemma="," pos="X">,</wf>
         <instance id="d000.s1808.t000" lemma="smadre" pos="VERB">smadrer</instance>
         <wf lemma="jeg" pos="X">jeg</wf>
         <wf lemma="døren" pos="X">døren</wf>
         <wf lemma="!" pos="X">!</wf>
         <wf lemma="'" pos="X">'</wf>
         <wf lemma="snerrede" pos="X">snerrede</wf>
         <wf lemma="han" pos="X">han</wf>
         <wf lemma="." pos="X">.</wf>
      </sentence>
      <sentence id="d000.s1809" source="wordnet-danish">
         <wf lemma="Ved" pos="X">Ved</wf>
         <wf lemma="optagelser" pos="X">optagelser</wf>
         <wf lemma="i" pos="X">i</wf>
         <wf lemma="det" pos="X">det</wf>
         <wf lemma="fri" pos="X">fri</wf>
         <wf lemma="skal" pos="X">skal</wf>
         <instance id="d000.s1809.t000" lemma="mikrofon" pos="NOUN">mikrofonen</instance>
         <wf lemma="altid" pos="X">altid</wf>
         <wf lemma="beskyttes" pos="X">beskyttes</wf>
         <wf lemma="med" pos="X">med</wf>
         <wf lemma="en" pos="X">en</wf>
         <wf lemma="eller" pos="X">eller</wf>
         <wf lemma="anden" pos="X">anden</wf>
         <wf lemma="slags" pos="X">slags</wf>
         <wf lemma="vindhætte" pos="X">vindhætte</wf>
         <wf lemma="." pos="X">.</wf>
      </sentence>
      <sentence id="d000.s1810" source="wordnet-danish">
         <wf lemma="Han" pos="X">Han</wf>
         <wf lemma="plukkede" pos="X">plukkede</wf>
         <wf lemma="et" pos="X">et</wf>
         <instance id="d000.s1810.t000" lemma="strå" pos="NOUN">strå</instance>
         <wf lemma="og" pos="X">og</wf>
         <wf lemma="suttede" pos="X">suttede</wf>
         <wf lemma="på" pos="X">på</wf>
         <wf lemma="det" pos="X">det</wf>
         <wf lemma="." pos="X">.</wf>
         <wf lemma="Det" pos="X">Det</wf>
         <wf lemma="smagte" pos="X">smagte</wf>
         <wf lemma="af" pos="X">af</wf>
         <wf lemma="græs" pos="X">græs</wf>
         <wf lemma="." pos="X">.</wf>
      </sentence>
      <sentence id="d000.s1811" source="wordnet-danish">
         <wf lemma="Det" pos="X">Det</wf>
         <wf lemma="er" pos="X">er</wf>
         <wf lemma="især" pos="X">især</wf>
         <wf lemma="illustrationernes" pos="X">illustrationernes</wf>
         <wf lemma="kunstneriske" pos="X">kunstneriske</wf>
         <wf lemma="kvalitet" pos="X">kvalitet</wf>
         <wf lemma="og" pos="X">og</wf>
         <wf lemma="originalitet" pos="X">originalitet</wf>
         <wf lemma="," pos="X">,</wf>
         <wf lemma="der" pos="X">der</wf>
         <wf lemma="gør" pos="X">gør</wf>
         <wf lemma="værket" pos="X">værket</wf>
         <instance id="d000.s1811.t000" lemma="interessant" pos="ADJ">interessant</instance>
         <wf lemma="." pos="X">.</wf>
      </sentence>
      <sentence id="d000.s1812" source="wordnet-danish">
         <wf lemma="Vores" pos="X">Vores</wf>
         <wf lemma="kost" pos="X">kost</wf>
         <wf lemma="er" pos="X">er</wf>
         <wf lemma="blevet" pos="X">blevet</wf>
         <wf lemma="sundere" pos="X">sundere</wf>
         <wf lemma="." pos="X">.</wf>
         <wf lemma="Der" pos="X">Der</wf>
         <wf lemma="spises" pos="X">spises</wf>
         <wf lemma="mere" pos="X">mere</wf>
         <instance id="d000.s1812.t000" lemma="grøn" pos="NOUN">grønt</instance>
         <wf lemma="," pos="X">,</wf>
         <wf lemma="frugt" pos="X">frugt</wf>
         <wf lemma="og" pos="X">og</wf>
         <wf lemma="groft" pos="X">groft</wf>
         <wf lemma="brød" pos="X">brød</wf>
         <wf lemma="." pos="X">.</wf>
      </sentence>
      <sentence id="d000.s1813" source="wordnet-danish">
         <wf lemma="Når" pos="X">Når</wf>
         <wf lemma="luften" pos="X">luften</wf>
         <wf lemma="stiger" pos="X">stiger</wf>
         <wf lemma="til" pos="X">til</wf>
         <wf lemma="vejrs" pos="X">vejrs</wf>
         <wf lemma="," pos="X">,</wf>
         <wf lemma="opstår" pos="X">opstår</wf>
         <wf lemma="der" pos="X">der</wf>
         <wf lemma="et" pos="X">et</wf>
         <wf lemma="lav-tryk" pos="X">lav-tryk</wf>
         <wf lemma="." pos="X">.</wf>
         <wf lemma="Det" pos="X">Det</wf>
         <wf lemma="får" pos="X">får</wf>
         <wf lemma="den" pos="X">den</wf>
         <wf lemma="kølige" pos="X">kølige</wf>
         <wf lemma="luft" pos="X">luft</wf>
         <wf lemma="til" pos="X">til</wf>
         <wf lemma="at" pos="X">at</wf>
         <wf lemma="strømme" pos="X">strømme</wf>
         <wf lemma="til" pos="X">til</wf>
         <wf lemma="," pos="X">,</wf>
         <wf lemma="så" pos="X">så</wf>
         <wf lemma="trykket" pos="X">trykket</wf>
         <wf lemma="kan" pos="X">kan</wf>
         <wf lemma="blive" pos="X">blive</wf>
         <instance id="d000.s1813.t000" lemma="udligne" pos="VERB">udlignet</instance>
         <wf lemma="." pos="X">.</wf>
      </sentence>
      <sentence id="d000.s1814" source="wordnet-danish">
         <wf lemma="Ved" pos="X">Ved</wf>
         <wf lemma="brug" pos="X">brug</wf>
         <wf lemma="af" pos="X">af</wf>
         <wf lemma="gensplejsning" pos="X">gensplejsning</wf>
         <wf lemma="er" pos="X">er</wf>
         <wf lemma="det" pos="X">det</wf>
         <wf lemma="muligt" pos="X">muligt</wf>
         <wf lemma="at" pos="X">at</wf>
         <wf lemma="overføre" pos="X">overføre</wf>
         <wf lemma="genetisk" pos="X">genetisk</wf>
         <instance id="d000.s1814.t000" lemma="materiale" pos="NOUN">materiale</instance>
         <wf lemma="ikke" pos="X">ikke</wf>
         <wf lemma="kun" pos="X">kun</wf>
         <wf lemma="fra" pos="X">fra</wf>
         <wf lemma="beslægtede" pos="X">beslægtede</wf>
         <wf lemma="arter" pos="X">arter</wf>
         <wf lemma="," pos="X">,</wf>
         <wf lemma="men" pos="X">men</wf>
         <wf lemma="også" pos="X">også</wf>
         <wf lemma="fra" pos="X">fra</wf>
         <wf lemma="andre" pos="X">andre</wf>
         <wf lemma="arter" pos="X">arter</wf>
         <wf lemma="." pos="X">.</wf>
      </sentence>
      <sentence id="d000.s1815" source="wordnet-danish">
         <wf lemma="Hun" pos="X">Hun</wf>
         <wf lemma="har" pos="X">har</wf>
         <wf lemma="arbejdet" pos="X">arbejdet</wf>
         <wf lemma="alle" pos="X">alle</wf>
         <instance id="d000.s1815.t000" lemma="uge" pos="NOUN">ugens</instance>
         <wf lemma="dage" pos="X">dage</wf>
         <wf lemma="de" pos="X">de</wf>
         <wf lemma="sidste" pos="X">sidste</wf>
         <wf lemma="75" pos="X">75</wf>
         <wf lemma="år" pos="X">år</wf>
         <wf lemma="." pos="X">.</wf>
      </sentence>
      <sentence id="d000.s1816" source="wordnet-danish">
         <wf lemma="Hun" pos="X">Hun</wf>
         <wf lemma="havde" pos="X">havde</wf>
         <wf lemma="dækket" pos="X">dækket</wf>
         <wf lemma="et" pos="X">et</wf>
         <wf lemma="smukt" pos="X">smukt</wf>
         <wf lemma="bord" pos="X">bord</wf>
         <wf lemma="den" pos="X">den</wf>
         <wf lemma="aften" pos="X">aften</wf>
         <wf lemma="," pos="X">,</wf>
         <wf lemma="trukket" pos="X">trukket</wf>
         <wf lemma="en" pos="X">en</wf>
         <instance id="d000.s1816.t000" lemma="flaske" pos="NOUN">flaske</instance>
         <wf lemma="god" pos="X">god</wf>
         <wf lemma="rødvin" pos="X">rødvin</wf>
         <wf lemma="op" pos="X">op</wf>
         <wf lemma="og" pos="X">og</wf>
         <wf lemma="lavet" pos="X">lavet</wf>
         <wf lemma="en" pos="X">en</wf>
         <wf lemma="lækker" pos="X">lækker</wf>
         <wf lemma="middag" pos="X">middag</wf>
         <wf lemma="." pos="X">.</wf>
      </sentence>
      <sentence id="d000.s1817" source="wordnet-danish">
         <wf lemma="et" pos="X">et</wf>
         <wf lemma="postkort" pos="X">postkort</wf>
         <wf lemma="fra" pos="X">fra</wf>
         <wf lemma="Skagen" pos="X">Skagen</wf>
         <wf lemma="med" pos="X">med</wf>
         <wf lemma="et" pos="X">et</wf>
         <instance id="d000.s1817.t000" lemma="motiv" pos="NOUN">motiv</instance>
         <wf lemma="fra" pos="X">fra</wf>
         <wf lemma="havnen" pos="X">havnen</wf>
         <wf lemma="." pos="X">.</wf>
      </sentence>
      <sentence id="d000.s1818" source="wordnet-danish">
         <wf lemma="der" pos="X">der</wf>
         <wf lemma="er" pos="X">er</wf>
         <wf lemma="en" pos="X">en</wf>
         <wf lemma="moralsk" pos="X">moralsk</wf>
         <wf lemma="holdning" pos="X">holdning</wf>
         <wf lemma="indbygget" pos="X">indbygget</wf>
         <wf lemma="i" pos="X">i</wf>
         <wf lemma="filmen" pos="X">filmen</wf>
         <wf lemma="," pos="X">,</wf>
         <wf lemma="men" pos="X">men</wf>
         <wf lemma="den" pos="X">den</wf>
         <wf lemma="er" pos="X">er</wf>
         <wf lemma="ikke" pos="X">ikke</wf>
         <instance id="d000.s1818.t000" lemma="eksplicit" pos="ADJ">eksplicit</instance>
         <wf lemma="." pos="X">.</wf>
      </sentence>
      <sentence id="d000.s1819" source="wordnet-danish">
         <wf lemma="Vi" pos="X">Vi</wf>
         <wf lemma="var" pos="X">var</wf>
         <wf lemma="en" pos="X">en</wf>
         <wf lemma="snes" pos="X">snes</wf>
         <instance id="d000.s1819.t000" lemma="nonne" pos="NOUN">nonner</instance>
         <wf lemma="i" pos="X">i</wf>
         <wf lemma="klostret" pos="X">klostret</wf>
         <wf lemma="." pos="X">.</wf>
         <wf lemma="Vi" pos="X">Vi</wf>
         <wf lemma="sang" pos="X">sang</wf>
         <wf lemma="i" pos="X">i</wf>
         <wf lemma="koret" pos="X">koret</wf>
         <wf lemma="fem" pos="X">fem</wf>
         <wf lemma="timer" pos="X">timer</wf>
         <wf lemma="om" pos="X">om</wf>
         <wf lemma="dagen" pos="X">dagen</wf>
         <wf lemma="," pos="X">,</wf>
         <wf lemma="idet" pos="X">idet</wf>
         <wf lemma="der" pos="X">der</wf>
         <wf lemma="jo" pos="X">jo</wf>
         <wf lemma="var" pos="X">var</wf>
         <wf lemma="flere" pos="X">flere</wf>
         <wf lemma="daglige" pos="X">daglige</wf>
         <wf lemma="gudstjenester" pos="X">gudstjenester</wf>
         <wf lemma="." pos="X">.</wf>
      </sentence>
      <sentence id="d000.s1820" source="wordnet-danish">
         <wf lemma="Jeg" pos="X">Jeg</wf>
         <wf lemma="er" pos="X">er</wf>
         <wf lemma="købmand" pos="X">købmand</wf>
         <wf lemma="og" pos="X">og</wf>
         <wf lemma="handler" pos="X">handler</wf>
         <wf lemma="med" pos="X">med</wf>
         <wf lemma="klæde" pos="X">klæde</wf>
         <wf lemma="." pos="X">.</wf>
         <wf lemma="Silke" pos="X">Silke</wf>
         <wf lemma="," pos="X">,</wf>
         <wf lemma="atlask" pos="X">atlask</wf>
         <wf lemma="," pos="X">,</wf>
         <instance id="d000.s1820.t000" lemma="linned" pos="NOUN">linned</instance>
         <wf lemma="og" pos="X">og</wf>
         <wf lemma="lærred" pos="X">lærred</wf>
         <wf lemma="." pos="X">.</wf>
      </sentence>
      <sentence id="d000.s1821" source="wordnet-danish">
         <wf lemma="Det" pos="X">Det</wf>
         <wf lemma="kræver" pos="X">kræver</wf>
         <wf lemma="en" pos="X">en</wf>
         <wf lemma="ekstraordinær" pos="X">ekstraordinær</wf>
         <wf lemma="indsats" pos="X">indsats</wf>
         <wf lemma="at" pos="X">at</wf>
         <wf lemma="holde" pos="X">holde</wf>
         <wf lemma="børnene" pos="X">børnene</wf>
         <wf lemma="fri" pos="X">fri</wf>
         <wf lemma="af" pos="X">af</wf>
         <instance id="d000.s1821.t000" lemma="narko" pos="NOUN">narko</instance>
         <wf lemma="og" pos="X">og</wf>
         <wf lemma="vold" pos="X">vold</wf>
         <wf lemma="i" pos="X">i</wf>
         <wf lemma="et" pos="X">et</wf>
         <wf lemma="af" pos="X">af</wf>
         <wf lemma="New" pos="X">New</wf>
         <wf lemma="Yorks" pos="X">Yorks</wf>
         <wf lemma="fattigste" pos="X">fattigste</wf>
         <wf lemma="kvarterer" pos="X">kvarterer</wf>
         <wf lemma="--" pos="X">--</wf>
         <wf lemma="Brooklyn" pos="X">Brooklyn</wf>
         <wf lemma="." pos="X">.</wf>
      </sentence>
      <sentence id="d000.s1822" source="wordnet-danish">
         <wf lemma="Der" pos="X">Der</wf>
         <wf lemma="lægges" pos="X">lægges</wf>
         <wf lemma="et" pos="X">et</wf>
         <wf lemma="stort" pos="X">stort</wf>
         <wf lemma="arbejde" pos="X">arbejde</wf>
         <wf lemma="i" pos="X">i</wf>
         <wf lemma="at" pos="X">at</wf>
         <wf lemma="fremskaffe" pos="X">fremskaffe</wf>
         <wf lemma="fotos" pos="X">fotos</wf>
         <wf lemma="af" pos="X">af</wf>
         <wf lemma="høj" pos="X">høj</wf>
         <wf lemma="kvalitet" pos="X">kvalitet</wf>
         <wf lemma="og" pos="X">og</wf>
         <wf lemma="forsyne" pos="X">forsyne</wf>
         <wf lemma="dem" pos="X">dem</wf>
         <wf lemma="med" pos="X">med</wf>
         <instance id="d000.s1822.t000" lemma="billedtekst" pos="NOUN">billedtekster</instance>
         <wf lemma="," pos="X">,</wf>
         <wf lemma="der" pos="X">der</wf>
         <wf lemma="fanger" pos="X">fanger</wf>
         <wf lemma="publikums" pos="X">publikums</wf>
         <wf lemma="interesse" pos="X">interesse</wf>
         <wf lemma="." pos="X">.</wf>
      </sentence>
      <sentence id="d000.s1823" source="wordnet-danish">
         <wf lemma="[han]" pos="X">[han]</wf>
         <wf lemma="kunne" pos="X">kunne</wf>
         <wf lemma="være" pos="X">være</wf>
         <wf lemma="en" pos="X">en</wf>
         <wf lemma="af" pos="X">af</wf>
         <wf lemma="verdens" pos="X">verdens</wf>
         <instance id="d000.s1823.t000" lemma="rig" pos="ADJ">rigeste</instance>
         <wf lemma="skuespillere" pos="X">skuespillere</wf>
         <wf lemma="," pos="X">,</wf>
         <wf lemma="men" pos="X">men</wf>
         <wf lemma="formuen" pos="X">formuen</wf>
         <wf lemma="er" pos="X">er</wf>
         <wf lemma="brugt" pos="X">brugt</wf>
         <wf lemma="til" pos="X">til</wf>
         <wf lemma="sprut" pos="X">sprut</wf>
         <wf lemma="," pos="X">,</wf>
         <wf lemma="stoffer" pos="X">stoffer</wf>
         <wf lemma="og" pos="X">og</wf>
         <wf lemma="biler" pos="X">biler</wf>
         <wf lemma="." pos="X">.</wf>
      </sentence>
      <sentence id="d000.s1824" source="wordnet-danish">
         <wf lemma="En" pos="X">En</wf>
         <wf lemma="anden" pos="X">anden</wf>
         <wf lemma="ting" pos="X">ting</wf>
         <wf lemma="vi" pos="X">vi</wf>
         <wf lemma="må" pos="X">må</wf>
         <instance id="d000.s1824.t000" lemma="forandre" pos="VERB">forandre</instance>
         <wf lemma="på" pos="X">på</wf>
         <wf lemma="," pos="X">,</wf>
         <wf lemma="er" pos="X">er</wf>
         <wf lemma="dit" pos="X">dit</wf>
         <wf lemma="udseende" pos="X">udseende</wf>
         <wf lemma="." pos="X">.</wf>
      </sentence>
      <sentence id="d000.s1825" source="wordnet-danish">
         <wf lemma="'" pos="X">'</wf>
         <wf lemma="Det" pos="X">Det</wf>
         <wf lemma="her" pos="X">her</wf>
         <wf lemma="er" pos="X">er</wf>
         <wf lemma="et" pos="X">et</wf>
         <instance id="d000.s1825.t000" lemma="røveri" pos="NOUN">røveri</instance>
         <wf lemma="," pos="X">,</wf>
         <wf lemma="luk" pos="X">luk</wf>
         <wf lemma="os" pos="X">os</wf>
         <wf lemma="ind" pos="X">ind</wf>
         <wf lemma="," pos="X">,</wf>
         <wf lemma="eller" pos="X">eller</wf>
         <wf lemma="vi" pos="X">vi</wf>
         <wf lemma="skyder" pos="X">skyder</wf>
         <wf lemma="dig" pos="X">dig</wf>
         <wf lemma="," pos="X">,</wf>
         <wf lemma="'" pos="X">'</wf>
         <wf lemma="sagde" pos="X">sagde</wf>
         <wf lemma="de" pos="X">de</wf>
         <wf lemma="to" pos="X">to</wf>
         <wf lemma="mænd" pos="X">mænd</wf>
         <wf lemma="til" pos="X">til</wf>
         <wf lemma="den" pos="X">den</wf>
         <wf lemma="chokerede" pos="X">chokerede</wf>
         <wf lemma="flaskedreng" pos="X">flaskedreng</wf>
         <wf lemma="." pos="X">.</wf>
      </sentence>
      <sentence id="d000.s1826" source="wordnet-danish">
         <wf lemma="Hun" pos="X">Hun</wf>
         <wf lemma="satte" pos="X">satte</wf>
         <wf lemma="en" pos="X">en</wf>
         <wf lemma="rolig" pos="X">rolig</wf>
         <instance id="d000.s1826.t000" lemma="plade" pos="NOUN">plade</instance>
         <wf lemma="på" pos="X">på</wf>
         <wf lemma="grammofonen" pos="X">grammofonen</wf>
         <wf lemma="og" pos="X">og</wf>
         <wf lemma="fandt" pos="X">fandt</wf>
         <wf lemma="sine" pos="X">sine</wf>
         <wf lemma="cigaretter" pos="X">cigaretter</wf>
         <wf lemma="frem" pos="X">frem</wf>
         <wf lemma="." pos="X">.</wf>
      </sentence>
      <sentence id="d000.s1827" source="wordnet-danish">
         <wf lemma="Proteiner" pos="X">Proteiner</wf>
         <wf lemma="kan" pos="X">kan</wf>
         <wf lemma="man" pos="X">man</wf>
         <wf lemma="få" pos="X">få</wf>
         <wf lemma="fra" pos="X">fra</wf>
         <wf lemma="både" pos="X">både</wf>
         <wf lemma="planter" pos="X">planter</wf>
         <wf lemma="og" pos="X">og</wf>
         <instance id="d000.s1827.t000" lemma="dyr" pos="NOUN">dyr</instance>
         <wf lemma="." pos="X">.</wf>
      </sentence>
      <sentence id="d000.s1828" source="wordnet-danish">
         <wf lemma="de" pos="X">de</wf>
         <wf lemma="nye" pos="X">nye</wf>
         <wf lemma="sirener" pos="X">sirener</wf>
         <wf lemma=".." pos="X">..</wf>
         <wf lemma="skal" pos="X">skal</wf>
         <instance id="d000.s1828.t000" lemma="advare" pos="VERB">advare</instance>
         <wf lemma="folk" pos="X">folk</wf>
         <wf lemma="i" pos="X">i</wf>
         <wf lemma="tilfælde" pos="X">tilfælde</wf>
         <wf lemma="af" pos="X">af</wf>
         <wf lemma="større" pos="X">større</wf>
         <wf lemma="katastrofer" pos="X">katastrofer</wf>
         <wf lemma="." pos="X">.</wf>
      </sentence>
      <sentence id="d000.s1829" source="wordnet-danish">
         <wf lemma="Dagen" pos="X">Dagen</wf>
         <wf lemma="gik" pos="X">gik</wf>
         <wf lemma="," pos="X">,</wf>
         <wf lemma="som" pos="X">som</wf>
         <instance id="d000.s1829.t000" lemma="søndag" pos="NOUN">søndage</instance>
         <wf lemma="går" pos="X">går</wf>
         <wf lemma="!" pos="X">!</wf>
         <wf lemma="trevent" pos="X">trevent</wf>
         <wf lemma="og" pos="X">og</wf>
         <wf lemma="kedsommeligt" pos="X">kedsommeligt</wf>
         <wf lemma="i" pos="X">i</wf>
         <wf lemma="familiens" pos="X">familiens</wf>
         <wf lemma="skød" pos="X">skød</wf>
         <wf lemma="." pos="X">.</wf>
      </sentence>
      <sentence id="d000.s1830" source="wordnet-danish">
         <wf lemma="bagefter" pos="X">bagefter</wf>
         <wf lemma="hørte" pos="X">hørte</wf>
         <wf lemma="jeg" pos="X">jeg</wf>
         <wf lemma="lyden" pos="X">lyden</wf>
         <wf lemma="af" pos="X">af</wf>
         <instance id="d000.s1830.t000" lemma="skud" pos="NOUN">skud</instance>
         <wf lemma="," pos="X">,</wf>
         <wf lemma="men" pos="X">men</wf>
         <wf lemma="jeg" pos="X">jeg</wf>
         <wf lemma="ved" pos="X">ved</wf>
         <wf lemma="ikke" pos="X">ikke</wf>
         <wf lemma="," pos="X">,</wf>
         <wf lemma="om" pos="X">om</wf>
         <wf lemma="de" pos="X">de</wf>
         <wf lemma="skød" pos="X">skød</wf>
         <wf lemma="ham" pos="X">ham</wf>
         <wf lemma="." pos="X">.</wf>
      </sentence>
      <sentence id="d000.s1831" source="wordnet-danish">
         <wf lemma="en" pos="X">en</wf>
         <wf lemma="rejse" pos="X">rejse</wf>
         <wf lemma="til" pos="X">til</wf>
         <wf lemma="udlandet" pos="X">udlandet</wf>
         <wf lemma="rummer" pos="X">rummer</wf>
         <wf lemma="stadig" pos="X">stadig</wf>
         <wf lemma="en" pos="X">en</wf>
         <wf lemma="vis" pos="X">vis</wf>
         <wf lemma="risiko" pos="X">risiko</wf>
         <wf lemma="." pos="X">.</wf>
         <wf lemma="En" pos="X">En</wf>
         <wf lemma="risiko" pos="X">risiko</wf>
         <wf lemma="," pos="X">,</wf>
         <wf lemma="der" pos="X">der</wf>
         <wf lemma="afhænger" pos="X">afhænger</wf>
         <wf lemma="af" pos="X">af</wf>
         <wf lemma="såvel" pos="X">såvel</wf>
         <wf lemma="rejsens" pos="X">rejsens</wf>
         <instance id="d000.s1831.t000" lemma="mål" pos="NOUN">mål</instance>
         <wf lemma="," pos="X">,</wf>
         <wf lemma="som" pos="X">som</wf>
         <wf lemma="af" pos="X">af</wf>
         <wf lemma="den" pos="X">den</wf>
         <wf lemma="måde" pos="X">måde</wf>
         <wf lemma="," pos="X">,</wf>
         <wf lemma="man" pos="X">man</wf>
         <wf lemma="lever" pos="X">lever</wf>
         <wf lemma="og" pos="X">og</wf>
         <wf lemma="opfører" pos="X">opfører</wf>
         <wf lemma="sig" pos="X">sig</wf>
         <wf lemma="på" pos="X">på</wf>
         <wf lemma="i" pos="X">i</wf>
         <wf lemma="det" pos="X">det</wf>
         <wf lemma="fremmede" pos="X">fremmede</wf>
         <wf lemma="." pos="X">.</wf>
      </sentence>
      <sentence id="d000.s1832" source="wordnet-danish">
         <wf lemma="lastbilerne" pos="X">lastbilerne</wf>
         <instance id="d000.s1832.t000" lemma="forlade" pos="VERB">forlader</instance>
         <wf lemma="pladsen" pos="X">pladsen</wf>
         <wf lemma="gennem" pos="X">gennem</wf>
         <wf lemma="hovedporten" pos="X">hovedporten</wf>
         <wf lemma="." pos="X">.</wf>
      </sentence>
      <sentence id="d000.s1833" source="wordnet-danish">
         <wf lemma="Bøgerne" pos="X">Bøgerne</wf>
         <instance id="d000.s1833.t000" lemma="indeholde" pos="VERB">indeholder</instance>
         <wf lemma="mange" pos="X">mange</wf>
         <wf lemma="farveillustrationer" pos="X">farveillustrationer</wf>
         <wf lemma="." pos="X">.</wf>
      </sentence>
      <sentence id="d000.s1834" source="wordnet-danish">
         <wf lemma="en" pos="X">en</wf>
         <wf lemma="række" pos="X">række</wf>
         <wf lemma="brancher" pos="X">brancher</wf>
         <wf lemma="[gennemfører]" pos="X">[gennemfører]</wf>
         <wf lemma="i" pos="X">i</wf>
         <wf lemma="øjeblikket" pos="X">øjeblikket</wf>
         <wf lemma="omfattende" pos="X">omfattende</wf>
         <instance id="d000.s1834.t000" lemma="tilpasning" pos="NOUN">tilpasninger</instance>
         <wf lemma="og" pos="X">og</wf>
         <wf lemma="rationaliseringer" pos="X">rationaliseringer</wf>
         <wf lemma="." pos="X">.</wf>
      </sentence>
      <sentence id="d000.s1835" source="wordnet-danish">
         <wf lemma="Han" pos="X">Han</wf>
         <wf lemma="tændte" pos="X">tændte</wf>
         <wf lemma="lygten" pos="X">lygten</wf>
         <wf lemma="igen" pos="X">igen</wf>
         <wf lemma="og" pos="X">og</wf>
         <wf lemma="lyste" pos="X">lyste</wf>
         <wf lemma="hen" pos="X">hen</wf>
         <wf lemma="mod" pos="X">mod</wf>
         <wf lemma="spisebordet" pos="X">spisebordet</wf>
         <wf lemma="." pos="X">.</wf>
         <wf lemma="Der" pos="X">Der</wf>
         <wf lemma="lå" pos="X">lå</wf>
         <wf lemma="to" pos="X">to</wf>
         <wf lemma="pakker" pos="X">pakker</wf>
         <wf lemma="." pos="X">.</wf>
         <wf lemma="En" pos="X">En</wf>
         <instance id="d000.s1835.t000" lemma="stor" pos="ADJ">stor</instance>
         <wf lemma="og" pos="X">og</wf>
         <wf lemma="en" pos="X">en</wf>
         <wf lemma="lille" pos="X">lille</wf>
         <wf lemma="." pos="X">.</wf>
      </sentence>
      <sentence id="d000.s1836" source="wordnet-danish">
         <wf lemma="Over" pos="X">Over</wf>
         <wf lemma="80" pos="X">80</wf>
         <instance id="d000.s1836.t000" lemma="rytter" pos="NOUN">ryttere</instance>
         <wf lemma="på" pos="X">på</wf>
         <wf lemma="store" pos="X">store</wf>
         <wf lemma="heste" pos="X">heste</wf>
         <wf lemma="og" pos="X">og</wf>
         <wf lemma="20" pos="X">20</wf>
         <wf lemma="ponyryttere" pos="X">ponyryttere</wf>
         <wf lemma="deltager" pos="X">deltager</wf>
         <wf lemma="i" pos="X">i</wf>
         <wf lemma="den" pos="X">den</wf>
         <wf lemma="traditionsrige" pos="X">traditionsrige</wf>
         <wf lemma="jagt" pos="X">jagt</wf>
         <wf lemma="i" pos="X">i</wf>
         <wf lemma="Dyrehaven" pos="X">Dyrehaven</wf>
         <wf lemma="." pos="X">.</wf>
      </sentence>
      <sentence id="d000.s1837" source="wordnet-danish">
         <instance id="d000.s1837.t000" lemma="kalv" pos="NOUN">Kalvene</instance>
         <wf lemma="går" pos="X">går</wf>
         <wf lemma="frit" pos="X">frit</wf>
         <wf lemma="omkring" pos="X">omkring</wf>
         <wf lemma="på" pos="X">på</wf>
         <wf lemma="altid" pos="X">altid</wf>
         <wf lemma="frisk" pos="X">frisk</wf>
         <wf lemma="gulvstrøelse" pos="X">gulvstrøelse</wf>
         <wf lemma="--" pos="X">--</wf>
         <wf lemma="og" pos="X">og</wf>
         <wf lemma="har" pos="X">har</wf>
         <wf lemma="således" pos="X">således</wf>
         <wf lemma="deres" pos="X">deres</wf>
         <wf lemma="fulde" pos="X">fulde</wf>
         <wf lemma="bevægelsesevne" pos="X">bevægelsesevne</wf>
         <wf lemma="." pos="X">.</wf>
      </sentence>
      <sentence id="d000.s1838" source="wordnet-danish">
         <wf lemma="Fiskeolie" pos="X">Fiskeolie</wf>
         <wf lemma="kan" pos="X">kan</wf>
         <wf lemma="forlænge" pos="X">forlænge</wf>
         <wf lemma="en" pos="X">en</wf>
         <wf lemma="kritisk" pos="X">kritisk</wf>
         <wf lemma="graviditet" pos="X">graviditet</wf>
         <wf lemma="og" pos="X">og</wf>
         <wf lemma="øge" pos="X">øge</wf>
         <wf lemma="fosterets" pos="X">fosterets</wf>
         <instance id="d000.s1838.t000" lemma="vægt" pos="NOUN">vægt</instance>
         <wf lemma="med" pos="X">med</wf>
         <wf lemma="op" pos="X">op</wf>
         <wf lemma="til" pos="X">til</wf>
         <wf lemma="200" pos="X">200</wf>
         <wf lemma="gram." pos="X">gram.</wf>
      </sentence>
      <sentence id="d000.s1839" source="wordnet-danish">
         <wf lemma="I" pos="X">I</wf>
         <wf lemma="flere" pos="X">flere</wf>
         <wf lemma="dage" pos="X">dage</wf>
         <wf lemma="blev" pos="X">blev</wf>
         <wf lemma="de" pos="X">de</wf>
         <wf lemma="slynget" pos="X">slynget</wf>
         <wf lemma="rundt" pos="X">rundt</wf>
         <wf lemma="på" pos="X">på</wf>
         <wf lemma="havet" pos="X">havet</wf>
         <wf lemma="," pos="X">,</wf>
         <wf lemma="deres" pos="X">deres</wf>
         <instance id="d000.s1839.t000" lemma="forråd" pos="NOUN">forråd</instance>
         <wf lemma="var" pos="X">var</wf>
         <wf lemma=".." pos="X">..</wf>
         <wf lemma="sluppet" pos="X">sluppet</wf>
         <wf lemma="op" pos="X">op</wf>
         <wf lemma="," pos="X">,</wf>
         <wf lemma="deres" pos="X">deres</wf>
         <wf lemma="ferskvand" pos="X">ferskvand</wf>
         <wf lemma="havde" pos="X">havde</wf>
         <wf lemma="de" pos="X">de</wf>
         <wf lemma="drukket" pos="X">drukket</wf>
         <wf lemma="." pos="X">.</wf>
      </sentence>
      <sentence id="d000.s1840" source="wordnet-danish">
         <wf lemma="De" pos="X">De</wf>
         <wf lemma="kan" pos="X">kan</wf>
         <wf lemma="hver" pos="X">hver</wf>
         <wf lemma="dag" pos="X">dag</wf>
         <wf lemma="få" pos="X">få</wf>
         <instance id="d000.s1840.t000" lemma="bringe" pos="VERB">bragt</instance>
         <wf lemma="varm" pos="X">varm</wf>
         <wf lemma="mad" pos="X">mad</wf>
         <wf lemma="fra" pos="X">fra</wf>
         <wf lemma="et" pos="X">et</wf>
         <wf lemma="plejehjem" pos="X">plejehjem</wf>
         <wf lemma="," pos="X">,</wf>
         <wf lemma="hvis" pos="X">hvis</wf>
         <wf lemma="De" pos="X">De</wf>
         <wf lemma="ikke" pos="X">ikke</wf>
         <wf lemma="selv" pos="X">selv</wf>
         <wf lemma="kan" pos="X">kan</wf>
         <wf lemma="købe" pos="X">købe</wf>
         <wf lemma="ind" pos="X">ind</wf>
         <wf lemma="og" pos="X">og</wf>
         <wf lemma="få" pos="X">få</wf>
         <wf lemma="lavet" pos="X">lavet</wf>
         <wf lemma="varm" pos="X">varm</wf>
         <wf lemma="mad" pos="X">mad</wf>
         <wf lemma="." pos="X">.</wf>
      </sentence>
      <sentence id="d000.s1841" source="wordnet-danish">
         <wf lemma="Der" pos="X">Der</wf>
         <wf lemma="bliver" pos="X">bliver</wf>
         <wf lemma="hvert" pos="X">hvert</wf>
         <wf lemma="år" pos="X">år</wf>
         <wf lemma="begået" pos="X">begået</wf>
         <wf lemma="45-50" pos="X">45-50</wf>
         <wf lemma="drab" pos="X">drab</wf>
         <wf lemma="herhjemme" pos="X">herhjemme</wf>
         <wf lemma="," pos="X">,</wf>
         <wf lemma="og" pos="X">og</wf>
         <wf lemma="politiet" pos="X">politiet</wf>
         <instance id="d000.s1841.t000" lemma="opklare" pos="VERB">opklarer</instance>
         <wf lemma="næsten" pos="X">næsten</wf>
         <wf lemma="alle" pos="X">alle</wf>
         <wf lemma="." pos="X">.</wf>
      </sentence>
      <sentence id="d000.s1842" source="wordnet-danish">
         <wf lemma="Klaus" pos="X">Klaus</wf>
         <wf lemma="er" pos="X">er</wf>
         <wf lemma="en" pos="X">en</wf>
         <wf lemma="af" pos="X">af</wf>
         <wf lemma="de" pos="X">de</wf>
         <wf lemma="'vellykkede'" pos="X">'vellykkede'</wf>
         <wf lemma="yngre" pos="X">yngre</wf>
         <wf lemma="lærere" pos="X">lærere</wf>
         <wf lemma="," pos="X">,</wf>
         <wf lemma="som" pos="X">som</wf>
         <wf lemma="hører" pos="X">hører</wf>
         <wf lemma="til" pos="X">til</wf>
         <wf lemma="i" pos="X">i</wf>
         <wf lemma="den" pos="X">den</wf>
         <wf lemma="største" pos="X">største</wf>
         <instance id="d000.s1842.t000" lemma="klike" pos="NOUN">klike</instance>
         <wf lemma="på" pos="X">på</wf>
         <wf lemma="lærerværelset" pos="X">lærerværelset</wf>
         <wf lemma="," pos="X">,</wf>
         <wf lemma="kredsen" pos="X">kredsen</wf>
         <wf lemma="omkring" pos="X">omkring</wf>
         <wf lemma="skoleinspektøren" pos="X">skoleinspektøren</wf>
         <wf lemma="." pos="X">.</wf>
      </sentence>
      <sentence id="d000.s1843" source="wordnet-danish">
         <wf lemma="Næste" pos="X">Næste</wf>
         <wf lemma="morgen" pos="X">morgen</wf>
         <wf lemma="skinnede" pos="X">skinnede</wf>
         <wf lemma="solen" pos="X">solen</wf>
         <wf lemma="over" pos="X">over</wf>
         <wf lemma="den" pos="X">den</wf>
         <wf lemma="blikstille" pos="X">blikstille</wf>
         <wf lemma="bugt" pos="X">bugt</wf>
         <wf lemma="omgivet" pos="X">omgivet</wf>
         <wf lemma="af" pos="X">af</wf>
         <wf lemma="blånende" pos="X">blånende</wf>
         <instance id="d000.s1843.t000" lemma="bjerg" pos="NOUN">bjerge</instance>
         <wf lemma="," pos="X">,</wf>
         <wf lemma="nogle" pos="X">nogle</wf>
         <wf lemma="med" pos="X">med</wf>
         <wf lemma="sne" pos="X">sne</wf>
         <wf lemma="på" pos="X">på</wf>
         <wf lemma="toppen" pos="X">toppen</wf>
         <wf lemma="." pos="X">.</wf>
      </sentence>
      <sentence id="d000.s1844" source="wordnet-danish">
         <wf lemma="frihedskæmperne" pos="X">frihedskæmperne</wf>
         <wf lemma=".." pos="X">..</wf>
         <instance id="d000.s1844.t000" lemma="kæmpe" pos="VERB">kæmpede</instance>
         <wf lemma="mod" pos="X">mod</wf>
         <wf lemma="tyranni" pos="X">tyranni</wf>
         <wf lemma="og" pos="X">og</wf>
         <wf lemma="undertrykkelse" pos="X">undertrykkelse</wf>
         <wf lemma="," pos="X">,</wf>
         <wf lemma="for" pos="X">for</wf>
         <wf lemma="retten" pos="X">retten</wf>
         <wf lemma="til" pos="X">til</wf>
         <wf lemma="at" pos="X">at</wf>
         <wf lemma="leve" pos="X">leve</wf>
         <wf lemma="i" pos="X">i</wf>
         <wf lemma="et" pos="X">et</wf>
         <wf lemma="frit" pos="X">frit</wf>
         <wf lemma="land" pos="X">land</wf>
         <wf lemma="." pos="X">.</wf>
      </sentence>
      <sentence id="d000.s1845" source="wordnet-danish">
         <instance id="d000.s1845.t000" lemma="sælger" pos="NOUN">Sælgeren</instance>
         <wf lemma="erklærer" pos="X">erklærer</wf>
         <wf lemma="," pos="X">,</wf>
         <wf lemma="at" pos="X">at</wf>
         <wf lemma="den" pos="X">den</wf>
         <wf lemma="solgte" pos="X">solgte</wf>
         <wf lemma="bil" pos="X">bil</wf>
         <wf lemma="er" pos="X">er</wf>
         <wf lemma="fri" pos="X">fri</wf>
         <wf lemma="og" pos="X">og</wf>
         <wf lemma="ubehæftet" pos="X">ubehæftet</wf>
         <wf lemma="," pos="X">,</wf>
         <wf lemma="og" pos="X">og</wf>
         <wf lemma="at" pos="X">at</wf>
         <wf lemma="den" pos="X">den</wf>
         <wf lemma="er" pos="X">er</wf>
         <wf lemma="i" pos="X">i</wf>
         <wf lemma="lovlig" pos="X">lovlig</wf>
         <wf lemma="stand" pos="X">stand</wf>
         <wf lemma="." pos="X">.</wf>
      </sentence>
      <sentence id="d000.s1846" source="wordnet-danish">
         <instance id="d000.s1846.t000" lemma="afskærmning" pos="NOUN">afskærmningens</instance>
         <wf lemma="art" pos="X">art</wf>
         <wf lemma=".." pos="X">..</wf>
         <wf lemma="og" pos="X">og</wf>
         <wf lemma="afskærmningens" pos="X">afskærmningens</wf>
         <wf lemma="tykkelse" pos="X">tykkelse</wf>
         <wf lemma="er" pos="X">er</wf>
         <wf lemma="bestemmende" pos="X">bestemmende</wf>
         <wf lemma="for" pos="X">for</wf>
         <wf lemma="beskyttelsesvirkningen" pos="X">beskyttelsesvirkningen</wf>
         <wf lemma="." pos="X">.</wf>
      </sentence>
      <sentence id="d000.s1847" source="wordnet-danish">
         <wf lemma="Vestjyske" pos="X">Vestjyske</wf>
         <wf lemma="Slagterier" pos="X">Slagterier</wf>
         <wf lemma="slagter" pos="X">slagter</wf>
         <wf lemma="både" pos="X">både</wf>
         <wf lemma="svin" pos="X">svin</wf>
         <wf lemma="og" pos="X">og</wf>
         <instance id="d000.s1847.t000" lemma="kreatur" pos="NOUN">kreaturer</instance>
         <wf lemma="og" pos="X">og</wf>
         <wf lemma="har" pos="X">har</wf>
         <wf lemma="en" pos="X">en</wf>
         <wf lemma="markedsandel" pos="X">markedsandel</wf>
         <wf lemma="på" pos="X">på</wf>
         <wf lemma="20" pos="X">20</wf>
         <wf lemma="pct." pos="X">pct.</wf>
         <wf lemma="af" pos="X">af</wf>
         <wf lemma="kreaturslagtningerne" pos="X">kreaturslagtningerne</wf>
         <wf lemma="." pos="X">.</wf>
      </sentence>
      <sentence id="d000.s1848" source="wordnet-danish">
         <wf lemma="tilskuerpladserne" pos="X">tilskuerpladserne</wf>
         <wf lemma="var" pos="X">var</wf>
         <wf lemma="opført" pos="X">opført</wf>
         <wf lemma="rundt" pos="X">rundt</wf>
         <wf lemma="om" pos="X">om</wf>
         <wf lemma="en" pos="X">en</wf>
         <wf lemma="ellipseformet" pos="X">ellipseformet</wf>
         <instance id="d000.s1848.t000" lemma="arena" pos="NOUN">arena</instance>
         <wf lemma=".." pos="X">..</wf>
         <wf lemma="store" pos="X">store</wf>
         <wf lemma="kældre" pos="X">kældre</wf>
         <wf lemma="under" pos="X">under</wf>
         <wf lemma="arenaen" pos="X">arenaen</wf>
         <wf lemma="rummede" pos="X">rummede</wf>
         <wf lemma="bure" pos="X">bure</wf>
         <wf lemma="og" pos="X">og</wf>
         <wf lemma="fængsler" pos="X">fængsler</wf>
         <wf lemma="til" pos="X">til</wf>
         <wf lemma="de" pos="X">de</wf>
         <wf lemma="mange" pos="X">mange</wf>
         <wf lemma="tusinde" pos="X">tusinde</wf>
         <wf lemma="dyr" pos="X">dyr</wf>
         <wf lemma="og" pos="X">og</wf>
         <wf lemma="mennesker" pos="X">mennesker</wf>
         <wf lemma="." pos="X">.</wf>
      </sentence>
      <sentence id="d000.s1849" source="wordnet-danish">
         <wf lemma="Kaja" pos="X">Kaja</wf>
         <instance id="d000.s1849.t000" lemma="hælde" pos="VERB">hældte</instance>
         <wf lemma="vand" pos="X">vand</wf>
         <wf lemma="på" pos="X">på</wf>
         <wf lemma="tepotten" pos="X">tepotten</wf>
         <wf lemma="," pos="X">,</wf>
         <wf lemma="rørte" pos="X">rørte</wf>
         <wf lemma="rundt" pos="X">rundt</wf>
         <wf lemma="og" pos="X">og</wf>
         <wf lemma="satte" pos="X">satte</wf>
         <wf lemma="tehætten" pos="X">tehætten</wf>
         <wf lemma="på" pos="X">på</wf>
         <wf lemma="." pos="X">.</wf>
      </sentence>
      <sentence id="d000.s1850" source="wordnet-danish">
         <wf lemma="Efter" pos="X">Efter</wf>
         <wf lemma="mange" pos="X">mange</wf>
         <wf lemma="års" pos="X">års</wf>
         <wf lemma="dygtigt" pos="X">dygtigt</wf>
         <wf lemma="virke" pos="X">virke</wf>
         <wf lemma="fratræder" pos="X">fratræder</wf>
         <wf lemma="ved" pos="X">ved</wf>
         <wf lemma="årsskiftet" pos="X">årsskiftet</wf>
         <instance id="d000.s1850.t000" lemma="forstander" pos="NOUN">forstanderen</instance>
         <wf lemma="for" pos="X">for</wf>
         <wf lemma="kommunens" pos="X">kommunens</wf>
         <wf lemma="plejehjem" pos="X">plejehjem</wf>
         <wf lemma="." pos="X">.</wf>
      </sentence>
      <sentence id="d000.s1851" source="wordnet-danish">
         <instance id="d000.s1851.t000" lemma="arkitekt" pos="NOUN">arkitekterne</instance>
         <wf lemma="fremlagde" pos="X">fremlagde</wf>
         <wf lemma="deres" pos="X">deres</wf>
         <wf lemma="plan" pos="X">plan</wf>
         <wf lemma="for" pos="X">for</wf>
         <wf lemma="bebyggelsen" pos="X">bebyggelsen</wf>
         <wf lemma="." pos="X">.</wf>
      </sentence>
      <sentence id="d000.s1852" source="wordnet-danish">
         <wf lemma="I" pos="X">I</wf>
         <wf lemma="forberedelsestiden" pos="X">forberedelsestiden</wf>
         <wf lemma="er" pos="X">er</wf>
         <wf lemma="det" pos="X">det</wf>
         <instance id="d000.s1852.t000" lemma="tillade" pos="VERB">tilladt</instance>
         <wf lemma="eksaminanden" pos="X">eksaminanden</wf>
         <wf lemma="at" pos="X">at</wf>
         <wf lemma="foretage" pos="X">foretage</wf>
         <wf lemma="notater" pos="X">notater</wf>
         <wf lemma="," pos="X">,</wf>
         <wf lemma="som" pos="X">som</wf>
         <wf lemma="kan" pos="X">kan</wf>
         <wf lemma="medbringes" pos="X">medbringes</wf>
         <wf lemma="til" pos="X">til</wf>
         <wf lemma="eksaminationen" pos="X">eksaminationen</wf>
         <wf lemma="." pos="X">.</wf>
      </sentence>
      <sentence id="d000.s1853" source="wordnet-danish">
         <wf lemma="Hele" pos="X">Hele</wf>
         <wf lemma="4" pos="X">4</wf>
         <wf lemma="italienske" pos="X">italienske</wf>
         <wf lemma="restaurationer" pos="X">restaurationer</wf>
         <wf lemma="i" pos="X">i</wf>
         <wf lemma="Valby" pos="X">Valby</wf>
         <wf lemma="konkurrerer" pos="X">konkurrerer</wf>
         <wf lemma="om" pos="X">om</wf>
         <wf lemma="Valbyborgernes" pos="X">Valbyborgernes</wf>
         <instance id="d000.s1853.t000" lemma="smagsløg" pos="NOUN">smagsløg</instance>
         <wf lemma="og" pos="X">og</wf>
         <wf lemma="pengepung" pos="X">pengepung</wf>
         <wf lemma="." pos="X">.</wf>
      </sentence>
      <sentence id="d000.s1854" source="wordnet-danish">
         <wf lemma="Alle" pos="X">Alle</wf>
         <instance id="d000.s1854.t000" lemma="substantiv" pos="NOUN">substantiverne</instance>
         <wf lemma="[i" pos="X">[i</wf>
         <wf lemma="digtet" pos="X">digtet</wf>
         <wf lemma="]" pos="X">]</wf>
         <wf lemma="er" pos="X">er</wf>
         <wf lemma="skrevet" pos="X">skrevet</wf>
         <wf lemma="med" pos="X">med</wf>
         <wf lemma="stort" pos="X">stort</wf>
         <wf lemma="begyndelsesbogstav" pos="X">begyndelsesbogstav</wf>
         <wf lemma="." pos="X">.</wf>
      </sentence>
      <sentence id="d000.s1855" source="wordnet-danish">
         <wf lemma="Leon" pos="X">Leon</wf>
         <wf lemma="slog" pos="X">slog</wf>
         <wf lemma="kraven" pos="X">kraven</wf>
         <wf lemma="på" pos="X">på</wf>
         <wf lemma="sin" pos="X">sin</wf>
         <instance id="d000.s1855.t000" lemma="jakke" pos="NOUN">jakke</instance>
         <wf lemma="op" pos="X">op</wf>
         <wf lemma="for" pos="X">for</wf>
         <wf lemma="at" pos="X">at</wf>
         <wf lemma="skærme" pos="X">skærme</wf>
         <wf lemma="mod" pos="X">mod</wf>
         <wf lemma="vinden" pos="X">vinden</wf>
         <wf lemma="." pos="X">.</wf>
      </sentence>
      <sentence id="d000.s1856" source="wordnet-danish">
         <wf lemma="Novo-koncernen" pos="X">Novo-koncernen</wf>
         <wf lemma="består" pos="X">består</wf>
         <wf lemma="ud" pos="X">ud</wf>
         <wf lemma="over" pos="X">over</wf>
         <wf lemma="den" pos="X">den</wf>
         <wf lemma="danske" pos="X">danske</wf>
         <instance id="d000.s1856.t000" lemma="afdeling" pos="NOUN">afdeling</instance>
         <wf lemma="af" pos="X">af</wf>
         <wf lemma="en" pos="X">en</wf>
         <wf lemma="lang" pos="X">lang</wf>
         <wf lemma="række" pos="X">række</wf>
         <wf lemma="datterselskaber" pos="X">datterselskaber</wf>
         <wf lemma="i" pos="X">i</wf>
         <wf lemma="udlandet" pos="X">udlandet</wf>
         <wf lemma="." pos="X">.</wf>
      </sentence>
      <sentence id="d000.s1857" source="wordnet-danish">
         <wf lemma="For" pos="X">For</wf>
         <wf lemma="Freud" pos="X">Freud</wf>
         <wf lemma="og" pos="X">og</wf>
         <instance id="d000.s1857.t000" lemma="psykoanalyse" pos="NOUN">psykoanalysen</instance>
         <wf lemma="generelt" pos="X">generelt</wf>
         <wf lemma="var" pos="X">var</wf>
         <wf lemma="det" pos="X">det</wf>
         <wf lemma="ubevidste" pos="X">ubevidste</wf>
         <wf lemma="identisk" pos="X">identisk</wf>
         <wf lemma="med" pos="X">med</wf>
         <wf lemma="det" pos="X">det</wf>
         <wf lemma="forestillingsmateriale" pos="X">forestillingsmateriale</wf>
         <wf lemma="," pos="X">,</wf>
         <wf lemma="vi" pos="X">vi</wf>
         <wf lemma="gennem" pos="X">gennem</wf>
         <wf lemma="livet" pos="X">livet</wf>
         <wf lemma="havde" pos="X">havde</wf>
         <wf lemma="erhvervet" pos="X">erhvervet</wf>
         <wf lemma="os" pos="X">os</wf>
         <wf lemma="," pos="X">,</wf>
         <wf lemma="men" pos="X">men</wf>
         <wf lemma="fortrængt" pos="X">fortrængt</wf>
         <wf lemma="." pos="X">.</wf>
      </sentence>
      <sentence id="d000.s1858" source="wordnet-danish">
         <wf lemma="Året" pos="X">Året</wf>
         <wf lemma="startede" pos="X">startede</wf>
         <instance id="d000.s1858.t000" lemma="optimistisk" pos="ADJ">optimistisk</instance>
         <wf lemma="," pos="X">,</wf>
         <wf lemma="og" pos="X">og</wf>
         <wf lemma="alle" pos="X">alle</wf>
         <wf lemma="troede" pos="X">troede</wf>
         <wf lemma="," pos="X">,</wf>
         <wf lemma="at" pos="X">at</wf>
         <wf lemma="Sydafrika" pos="X">Sydafrika</wf>
         <wf lemma="snart" pos="X">snart</wf>
         <wf lemma="ville" pos="X">ville</wf>
         <wf lemma="være" pos="X">være</wf>
         <wf lemma="frit" pos="X">frit</wf>
         <wf lemma="og" pos="X">og</wf>
         <wf lemma="demokratisk" pos="X">demokratisk</wf>
         <wf lemma="." pos="X">.</wf>
      </sentence>
      <sentence id="d000.s1859" source="wordnet-danish">
         <wf lemma="Dagens" pos="X">Dagens</wf>
         <wf lemma="velfærdsstat" pos="X">velfærdsstat</wf>
         <wf lemma="er" pos="X">er</wf>
         <wf lemma="utænkelig" pos="X">utænkelig</wf>
         <wf lemma="uden" pos="X">uden</wf>
         <instance id="d000.s1859.t000" lemma="kapitalisme" pos="NOUN">kapitalismen</instance>
         <wf lemma="," pos="X">,</wf>
         <wf lemma="som" pos="X">som</wf>
         <wf lemma="den" pos="X">den</wf>
         <wf lemma="er" pos="X">er</wf>
         <wf lemma="født" pos="X">født</wf>
         <wf lemma="af" pos="X">af</wf>
         <wf lemma="både" pos="X">både</wf>
         <wf lemma="som" pos="X">som</wf>
         <wf lemma="reaktion" pos="X">reaktion</wf>
         <wf lemma="på" pos="X">på</wf>
         <wf lemma="og" pos="X">og</wf>
         <wf lemma="som" pos="X">som</wf>
         <wf lemma="supplement" pos="X">supplement</wf>
         <wf lemma="til" pos="X">til</wf>
         <wf lemma="markedssystemet" pos="X">markedssystemet</wf>
         <wf lemma="." pos="X">.</wf>
      </sentence>
      <sentence id="d000.s1860" source="wordnet-danish">
         <wf lemma="Det" pos="X">Det</wf>
         <wf lemma="var" pos="X">var</wf>
         <wf lemma="hendes" pos="X">hendes</wf>
         <wf lemma="livs" pos="X">livs</wf>
         <wf lemma="sværeste" pos="X">sværeste</wf>
         <instance id="d000.s1860.t000" lemma="beslutning" pos="NOUN">beslutning</instance>
         <wf lemma="." pos="X">.</wf>
      </sentence>
      <sentence id="d000.s1861" source="wordnet-danish">
         <wf lemma="ejeren" pos="X">ejeren</wf>
         <wf lemma=".." pos="X">..</wf>
         <wf lemma="har" pos="X">har</wf>
         <wf lemma="ønsket" pos="X">ønsket</wf>
         <wf lemma="at" pos="X">at</wf>
         <wf lemma="foretage" pos="X">foretage</wf>
         <wf lemma="en" pos="X">en</wf>
         <wf lemma="modernisering" pos="X">modernisering</wf>
         <wf lemma="og" pos="X">og</wf>
         <wf lemma="udvidelse" pos="X">udvidelse</wf>
         <wf lemma="af" pos="X">af</wf>
         <wf lemma="hotellet" pos="X">hotellet</wf>
         <wf lemma="for" pos="X">for</wf>
         <wf lemma="at" pos="X">at</wf>
         <wf lemma="bringe" pos="X">bringe</wf>
         <wf lemma="det" pos="X">det</wf>
         <wf lemma="op" pos="X">op</wf>
         <wf lemma="til" pos="X">til</wf>
         <wf lemma="nutidig" pos="X">nutidig</wf>
         <instance id="d000.s1861.t000" lemma="standard" pos="NOUN">standard</instance>
         <wf lemma="." pos="X">.</wf>
      </sentence>
      <sentence id="d000.s1862" source="wordnet-danish">
         <wf lemma="Den" pos="X">Den</wf>
         <wf lemma="enkelte" pos="X">enkelte</wf>
         <wf lemma="folkelige" pos="X">folkelige</wf>
         <instance id="d000.s1862.t000" lemma="bevægelse" pos="NOUN">bevægelse</instance>
         <wf lemma="(" pos="X">(</wf>
         <wf lemma="'græsrodsorganisation'" pos="X">'græsrodsorganisation'</wf>
         <wf lemma=")" pos="X">)</wf>
         <wf lemma="samler" pos="X">samler</wf>
         <wf lemma="ofte" pos="X">ofte</wf>
         <wf lemma="sine" pos="X">sine</wf>
         <wf lemma="kræfter" pos="X">kræfter</wf>
         <wf lemma="omkring" pos="X">omkring</wf>
         <wf lemma="en" pos="X">en</wf>
         <wf lemma="særlig" pos="X">særlig</wf>
         <wf lemma="opgave" pos="X">opgave</wf>
         <wf lemma="," pos="X">,</wf>
         <wf lemma="et" pos="X">et</wf>
         <wf lemma="særligt" pos="X">særligt</wf>
         <wf lemma="emne" pos="X">emne</wf>
         <wf lemma="." pos="X">.</wf>
      </sentence>
      <sentence id="d000.s1863" source="wordnet-danish">
         <wf lemma="Den" pos="X">Den</wf>
         <wf lemma="lavloftede" pos="X">lavloftede</wf>
         <wf lemma="stue" pos="X">stue</wf>
         <wf lemma="og" pos="X">og</wf>
         <wf lemma="kakkelovnsilden" pos="X">kakkelovnsilden</wf>
         <wf lemma="indbyder" pos="X">indbyder</wf>
         <wf lemma="til" pos="X">til</wf>
         <wf lemma="ro" pos="X">ro</wf>
         <wf lemma="og" pos="X">og</wf>
         <instance id="d000.s1863.t000" lemma="eftertanke" pos="NOUN">eftertanke</instance>
         <wf lemma="." pos="X">.</wf>
      </sentence>
      <sentence id="d000.s1864" source="wordnet-danish">
         <wf lemma="Børnene" pos="X">Børnene</wf>
         <wf lemma="nød" pos="X">nød</wf>
         <wf lemma="søndagene" pos="X">søndagene</wf>
         <wf lemma="," pos="X">,</wf>
         <wf lemma="for" pos="X">for</wf>
         <wf lemma="den" pos="X">den</wf>
         <wf lemma="dag" pos="X">dag</wf>
         <wf lemma="fik" pos="X">fik</wf>
         <wf lemma="de" pos="X">de</wf>
         <wf lemma="hver" pos="X">hver</wf>
         <wf lemma="et" pos="X">et</wf>
         <wf lemma="rundstykke" pos="X">rundstykke</wf>
         <wf lemma="med" pos="X">med</wf>
         <instance id="d000.s1864.t000" lemma="smør" pos="NOUN">smør</instance>
         <wf lemma="." pos="X">.</wf>
      </sentence>
      <sentence id="d000.s1865" source="wordnet-danish">
         <wf lemma="postevand" pos="X">postevand</wf>
         <wf lemma="[er" pos="X">[er</wf>
         <wf lemma="ikke" pos="X">ikke</wf>
         <wf lemma="]" pos="X">]</wf>
         <wf lemma="et" pos="X">et</wf>
         <wf lemma="rent" pos="X">rent</wf>
         <wf lemma="stof" pos="X">stof</wf>
         <wf lemma="," pos="X">,</wf>
         <wf lemma="men" pos="X">men</wf>
         <wf lemma="derimod" pos="X">derimod</wf>
         <wf lemma="en" pos="X">en</wf>
         <wf lemma="blanding" pos="X">blanding</wf>
         <wf lemma="af" pos="X">af</wf>
         <wf lemma="det" pos="X">det</wf>
         <wf lemma="rene" pos="X">rene</wf>
         <wf lemma="stof" pos="X">stof</wf>
         <instance id="d000.s1865.t000" lemma="vand" pos="NOUN">vand</instance>
         <wf lemma="og" pos="X">og</wf>
         <wf lemma="nogle" pos="X">nogle</wf>
         <wf lemma="faste" pos="X">faste</wf>
         <wf lemma="stoffer" pos="X">stoffer</wf>
         <wf lemma="." pos="X">.</wf>
      </sentence>
      <sentence id="d000.s1866" source="wordnet-danish">
         <wf lemma="Han" pos="X">Han</wf>
         <wf lemma="var" pos="X">var</wf>
         <wf lemma="meget" pos="X">meget</wf>
         <instance id="d000.s1866.t000" lemma="tørstig" pos="ADJ">tørstig</instance>
         <wf lemma="og" pos="X">og</wf>
         <wf lemma="tømte" pos="X">tømte</wf>
         <wf lemma="et" pos="X">et</wf>
         <wf lemma="stort" pos="X">stort</wf>
         <wf lemma="krus" pos="X">krus</wf>
         <wf lemma="øl" pos="X">øl</wf>
         <wf lemma="." pos="X">.</wf>
      </sentence>
      <sentence id="d000.s1867" source="wordnet-danish">
         <wf lemma="Himlen" pos="X">Himlen</wf>
         <wf lemma="var" pos="X">var</wf>
         <wf lemma="oplyst" pos="X">oplyst</wf>
         <wf lemma="af" pos="X">af</wf>
         <wf lemma="eksplosioner" pos="X">eksplosioner</wf>
         <wf lemma="fra" pos="X">fra</wf>
         <instance id="d000.s1867.t000" lemma="front" pos="NOUN">fronten</instance>
         <wf lemma="i" pos="X">i</wf>
         <wf lemma="Kuwait" pos="X">Kuwait</wf>
         <wf lemma="." pos="X">.</wf>
      </sentence>
      <sentence id="d000.s1868" source="wordnet-danish">
         <wf lemma="I" pos="X">I</wf>
         <wf lemma="Brundtland-rapporten" pos="X">Brundtland-rapporten</wf>
         <wf lemma="har" pos="X">har</wf>
         <wf lemma="man" pos="X">man</wf>
         <instance id="d000.s1868.t000" lemma="formulere" pos="VERB">formuleret</instance>
         <wf lemma="teorien" pos="X">teorien</wf>
         <wf lemma="om" pos="X">om</wf>
         <wf lemma="en" pos="X">en</wf>
         <wf lemma="såkaldt" pos="X">såkaldt</wf>
         <wf lemma="bæredygtig" pos="X">bæredygtig</wf>
         <wf lemma="udvikling" pos="X">udvikling</wf>
         <wf lemma="." pos="X">.</wf>
      </sentence>
      <sentence id="d000.s1869" source="wordnet-danish">
         <wf lemma="--" pos="X">--</wf>
         <wf lemma="Der" pos="X">Der</wf>
         <wf lemma="er" pos="X">er</wf>
         <wf lemma="en" pos="X">en</wf>
         <wf lemma="heks" pos="X">heks</wf>
         <wf lemma="uden" pos="X">uden</wf>
         <wf lemma="for" pos="X">for</wf>
         <wf lemma="vinduet" pos="X">vinduet</wf>
         <wf lemma="," pos="X">,</wf>
         <wf lemma="hulkede" pos="X">hulkede</wf>
         <wf lemma="hun" pos="X">hun</wf>
         <wf lemma="." pos="X">.</wf>
         <wf lemma="-" pos="X">-</wf>
         <wf lemma="-" pos="X">-</wf>
         <wf lemma="Sådan" pos="X">Sådan</wf>
         <wf lemma="noget" pos="X">noget</wf>
         <instance id="d000.s1869.t000" lemma="sludder" pos="NOUN">sludder</instance>
         <wf lemma="," pos="X">,</wf>
         <wf lemma="kan" pos="X">kan</wf>
         <wf lemma="du" pos="X">du</wf>
         <wf lemma="SÅ" pos="X">SÅ</wf>
         <wf lemma="lægge" pos="X">lægge</wf>
         <wf lemma="dig" pos="X">dig</wf>
         <wf lemma="til" pos="X">til</wf>
         <wf lemma="at" pos="X">at</wf>
         <wf lemma="sove" pos="X">sove</wf>
         <wf lemma="!" pos="X">!</wf>
      </sentence>
      <sentence id="d000.s1870" source="wordnet-danish">
         <wf lemma="Ad" pos="X">Ad</wf>
         <wf lemma="Afrikas" pos="X">Afrikas</wf>
         <wf lemma="veje" pos="X">veje</wf>
         <wf lemma="vandrer" pos="X">vandrer</wf>
         <wf lemma="mange" pos="X">mange</wf>
         <wf lemma=".." pos="X">..</wf>
         <wf lemma="kvinder" pos="X">kvinder</wf>
         <wf lemma="med" pos="X">med</wf>
         <wf lemma="bylter" pos="X">bylter</wf>
         <wf lemma="eller" pos="X">eller</wf>
         <wf lemma="kurve" pos="X">kurve</wf>
         <wf lemma="eller" pos="X">eller</wf>
         <wf lemma="store" pos="X">store</wf>
         <instance id="d000.s1870.t000" lemma="krukke" pos="NOUN">krukker</instance>
         <wf lemma="på" pos="X">på</wf>
         <wf lemma="hovedet" pos="X">hovedet</wf>
         <wf lemma="." pos="X">.</wf>
      </sentence>
      <sentence id="d000.s1871" source="wordnet-danish">
         <wf lemma="Han" pos="X">Han</wf>
         <wf lemma="går" pos="X">går</wf>
         <wf lemma="hen" pos="X">hen</wf>
         <wf lemma="ad" pos="X">ad</wf>
         <wf lemma="den" pos="X">den</wf>
         <wf lemma="fugtige" pos="X">fugtige</wf>
         <wf lemma="gade" pos="X">gade</wf>
         <wf lemma="i" pos="X">i</wf>
         <wf lemma="sine" pos="X">sine</wf>
         <wf lemma="sko" pos="X">sko</wf>
         <wf lemma="uden" pos="X">uden</wf>
         <wf lemma="strømper" pos="X">strømper</wf>
         <wf lemma="og" pos="X">og</wf>
         <instance id="d000.s1871.t000" lemma="mærke" pos="VERB">mærker</instance>
         <wf lemma="vinden" pos="X">vinden</wf>
         <wf lemma="og" pos="X">og</wf>
         <wf lemma="regnen" pos="X">regnen</wf>
         <wf lemma="mod" pos="X">mod</wf>
         <wf lemma="sin" pos="X">sin</wf>
         <wf lemma="hud" pos="X">hud</wf>
         <wf lemma="." pos="X">.</wf>
      </sentence>
      <sentence id="d000.s1872" source="wordnet-danish">
         <wf lemma="Hun" pos="X">Hun</wf>
         <wf lemma="vaskede" pos="X">vaskede</wf>
         <wf lemma="ansigtet" pos="X">ansigtet</wf>
         <wf lemma="og" pos="X">og</wf>
         <wf lemma="tørrede" pos="X">tørrede</wf>
         <wf lemma="sig" pos="X">sig</wf>
         <wf lemma="i" pos="X">i</wf>
         <wf lemma="det" pos="X">det</wf>
         <wf lemma="snavsede" pos="X">snavsede</wf>
         <instance id="d000.s1872.t000" lemma="håndklæde" pos="NOUN">håndklæde</instance>
         <wf lemma="," pos="X">,</wf>
         <wf lemma="der" pos="X">der</wf>
         <wf lemma="hang" pos="X">hang</wf>
         <wf lemma="på" pos="X">på</wf>
         <wf lemma="vinduessprossen" pos="X">vinduessprossen</wf>
         <wf lemma="." pos="X">.</wf>
      </sentence>
      <sentence id="d000.s1873" source="wordnet-danish">
         <wf lemma="Et" pos="X">Et</wf>
         <wf lemma="åbent" pos="X">åbent</wf>
         <wf lemma="," pos="X">,</wf>
         <wf lemma="sårbart" pos="X">sårbart</wf>
         <wf lemma="demokrati" pos="X">demokrati</wf>
         <wf lemma="som" pos="X">som</wf>
         <wf lemma="det" pos="X">det</wf>
         <wf lemma="danske" pos="X">danske</wf>
         <wf lemma="bliver" pos="X">bliver</wf>
         <wf lemma="man" pos="X">man</wf>
         <wf lemma="jo" pos="X">jo</wf>
         <wf lemma="nødt" pos="X">nødt</wf>
         <wf lemma="til" pos="X">til</wf>
         <wf lemma="at" pos="X">at</wf>
         <instance id="d000.s1873.t000" lemma="beskytte" pos="VERB">beskytte</instance>
         <wf lemma="." pos="X">.</wf>
      </sentence>
      <sentence id="d000.s1874" source="wordnet-danish">
         <wf lemma="'Ménières" pos="X">'Ménières</wf>
         <wf lemma="sygdom'" pos="X">sygdom'</wf>
         <wf lemma="." pos="X">.</wf>
         <wf lemma="En" pos="X">En</wf>
         <instance id="d000.s1874.t000" lemma="obskur" pos="ADJ">obskur</instance>
         <wf lemma="lidelse" pos="X">lidelse</wf>
         <wf lemma="ingen" pos="X">ingen</wf>
         <wf lemma="nogen" pos="X">nogen</wf>
         <wf lemma="sinde" pos="X">sinde</wf>
         <wf lemma="havde" pos="X">havde</wf>
         <wf lemma="hørt" pos="X">hørt</wf>
         <wf lemma="om" pos="X">om</wf>
         <wf lemma="." pos="X">.</wf>
      </sentence>
      <sentence id="d000.s1875" source="wordnet-danish">
         <wf lemma="Man" pos="X">Man</wf>
         <wf lemma="kan" pos="X">kan</wf>
         <instance id="d000.s1875.t000" lemma="presse" pos="VERB">presse</instance>
         <wf lemma="en" pos="X">en</wf>
         <wf lemma="Skoda" pos="X">Skoda</wf>
         <wf lemma="til" pos="X">til</wf>
         <wf lemma="at" pos="X">at</wf>
         <wf lemma="køre" pos="X">køre</wf>
         <wf lemma="140" pos="X">140</wf>
         <wf lemma="km" pos="X">km</wf>
         <wf lemma="i" pos="X">i</wf>
         <wf lemma="timen" pos="X">timen</wf>
         <wf lemma="ud" pos="X">ud</wf>
         <wf lemma="ad" pos="X">ad</wf>
         <wf lemma="motorvejen" pos="X">motorvejen</wf>
         <wf lemma="." pos="X">.</wf>
      </sentence>
      <sentence id="d000.s1876" source="wordnet-danish">
         <wf lemma="Mange" pos="X">Mange</wf>
         <wf lemma="mennesker" pos="X">mennesker</wf>
         <wf lemma="i" pos="X">i</wf>
         <wf lemma="Farum" pos="X">Farum</wf>
         <wf lemma="har" pos="X">har</wf>
         <wf lemma="været" pos="X">været</wf>
         <wf lemma="irriteret" pos="X">irriteret</wf>
         <wf lemma="over" pos="X">over</wf>
         <wf lemma="de" pos="X">de</wf>
         <instance id="d000.s1876.t000" lemma="forhindring" pos="NOUN">forhindringer</instance>
         <wf lemma="," pos="X">,</wf>
         <wf lemma="der" pos="X">der</wf>
         <wf lemma="i" pos="X">i</wf>
         <wf lemma="de" pos="X">de</wf>
         <wf lemma="sidste" pos="X">sidste</wf>
         <wf lemma="måneder" pos="X">måneder</wf>
         <wf lemma="er" pos="X">er</wf>
         <wf lemma="blevet" pos="X">blevet</wf>
         <wf lemma="lavet" pos="X">lavet</wf>
         <wf lemma="på" pos="X">på</wf>
         <wf lemma="vore" pos="X">vore</wf>
         <wf lemma="lokalveje" pos="X">lokalveje</wf>
         <wf lemma="." pos="X">.</wf>
      </sentence>
      <sentence id="d000.s1877" source="wordnet-danish">
         <wf lemma="Jeg" pos="X">Jeg</wf>
         <wf lemma="stod" pos="X">stod</wf>
         <wf lemma="op" pos="X">op</wf>
         <wf lemma="," pos="X">,</wf>
         <wf lemma="gik" pos="X">gik</wf>
         <wf lemma="ned" pos="X">ned</wf>
         <wf lemma="i" pos="X">i</wf>
         <wf lemma="kælderen" pos="X">kælderen</wf>
         <wf lemma="og" pos="X">og</wf>
         <instance id="d000.s1877.t000" lemma="hente" pos="VERB">hentede</instance>
         <wf lemma="hjemmebagte" pos="X">hjemmebagte</wf>
         <wf lemma="boller" pos="X">boller</wf>
         <wf lemma="i" pos="X">i</wf>
         <wf lemma="fryseren" pos="X">fryseren</wf>
         <wf lemma="." pos="X">.</wf>
      </sentence>
      <sentence id="d000.s1878" source="wordnet-danish">
         <wf lemma="Første" pos="X">Første</wf>
         <wf lemma="gang" pos="X">gang</wf>
         <wf lemma="," pos="X">,</wf>
         <wf lemma="barnet" pos="X">barnet</wf>
         <wf lemma="rejser" pos="X">rejser</wf>
         <wf lemma="sig" pos="X">sig</wf>
         <wf lemma="op" pos="X">op</wf>
         <wf lemma="," pos="X">,</wf>
         <wf lemma="kræver" pos="X">kræver</wf>
         <wf lemma="det" pos="X">det</wf>
         <wf lemma="stor" pos="X">stor</wf>
         <wf lemma="koncentration" pos="X">koncentration</wf>
         <wf lemma="at" pos="X">at</wf>
         <wf lemma="udføre" pos="X">udføre</wf>
         <wf lemma="den" pos="X">den</wf>
         <instance id="d000.s1878.t000" lemma="svær" pos="ADJ">svære</instance>
         <wf lemma="bevægelse" pos="X">bevægelse</wf>
         <wf lemma="." pos="X">.</wf>
      </sentence>
      <sentence id="d000.s1879" source="wordnet-danish">
         <wf lemma="Der" pos="X">Der</wf>
         <instance id="d000.s1879.t000" lemma="synes" pos="VERB">synes</instance>
         <wf lemma="ikke" pos="X">ikke</wf>
         <wf lemma="at" pos="X">at</wf>
         <wf lemma="være" pos="X">være</wf>
         <wf lemma="politisk" pos="X">politisk</wf>
         <wf lemma="vilje" pos="X">vilje</wf>
         <wf lemma="til" pos="X">til</wf>
         <wf lemma="at" pos="X">at</wf>
         <wf lemma="forhøje" pos="X">forhøje</wf>
         <wf lemma="licensen" pos="X">licensen</wf>
         <wf lemma="." pos="X">.</wf>
      </sentence>
      <sentence id="d000.s1880" source="wordnet-danish">
         <wf lemma="En" pos="X">En</wf>
         <wf lemma="stor" pos="X">stor</wf>
         <instance id="d000.s1880.t000" lemma="hval" pos="NOUN">hval</instance>
         <wf lemma="var" pos="X">var</wf>
         <wf lemma="engang" pos="X">engang</wf>
         <wf lemma="strandet" pos="X">strandet</wf>
         <wf lemma="i" pos="X">i</wf>
         <wf lemma="denne" pos="X">denne</wf>
         <wf lemma="bugt" pos="X">bugt</wf>
         <wf lemma="." pos="X">.</wf>
         <wf lemma="Den" pos="X">Den</wf>
         <wf lemma="havde" pos="X">havde</wf>
         <wf lemma="søgt" pos="X">søgt</wf>
         <wf lemma="ly" pos="X">ly</wf>
         <wf lemma="," pos="X">,</wf>
         <wf lemma="kunne" pos="X">kunne</wf>
         <wf lemma="ikke" pos="X">ikke</wf>
         <wf lemma="finde" pos="X">finde</wf>
         <wf lemma="ud" pos="X">ud</wf>
         <wf lemma="igen" pos="X">igen</wf>
         <wf lemma="..." pos="X">...</wf>
         <wf lemma="og" pos="X">og</wf>
         <wf lemma="var" pos="X">var</wf>
         <wf lemma="død" pos="X">død</wf>
         <wf lemma="." pos="X">.</wf>
      </sentence>
      <sentence id="d000.s1881" source="wordnet-danish">
         <wf lemma="Det" pos="X">Det</wf>
         <instance id="d000.s1881.t000" lemma="afgørende" pos="ADJ">afgørende</instance>
         <wf lemma="i" pos="X">i</wf>
         <wf lemma="skolen" pos="X">skolen</wf>
         <wf lemma="er" pos="X">er</wf>
         <wf lemma="ikke" pos="X">ikke</wf>
         <wf lemma="om" pos="X">om</wf>
         <wf lemma="man" pos="X">man</wf>
         <wf lemma="politisk" pos="X">politisk</wf>
         <wf lemma="er" pos="X">er</wf>
         <wf lemma="orienteret" pos="X">orienteret</wf>
         <wf lemma="i" pos="X">i</wf>
         <wf lemma="den" pos="X">den</wf>
         <wf lemma="ene" pos="X">ene</wf>
         <wf lemma="eller" pos="X">eller</wf>
         <wf lemma="den" pos="X">den</wf>
         <wf lemma="anden" pos="X">anden</wf>
         <wf lemma="retning" pos="X">retning</wf>
         <wf lemma="," pos="X">,</wf>
         <wf lemma="det" pos="X">det</wf>
         <wf lemma="afgørende" pos="X">afgørende</wf>
         <wf lemma="er" pos="X">er</wf>
         <wf lemma="at" pos="X">at</wf>
         <wf lemma="lærere" pos="X">lærere</wf>
         <wf lemma="og" pos="X">og</wf>
         <wf lemma="elever" pos="X">elever</wf>
         <wf lemma="engagerer" pos="X">engagerer</wf>
         <wf lemma="sig" pos="X">sig</wf>
         <wf lemma="." pos="X">.</wf>
      </sentence>
      <sentence id="d000.s1882" source="wordnet-danish">
         <wf lemma="Trods" pos="X">Trods</wf>
         <wf lemma="Mettes" pos="X">Mettes</wf>
         <wf lemma="ringe" pos="X">ringe</wf>
         <wf lemma="højde" pos="X">højde</wf>
         <wf lemma="spiller" pos="X">spiller</wf>
         <wf lemma="hun" pos="X">hun</wf>
         <instance id="d000.s1882.t000" lemma="basketball" pos="NOUN">basketball</instance>
         <wf lemma="," pos="X">,</wf>
         <wf lemma="og" pos="X">og</wf>
         <wf lemma="det" pos="X">det</wf>
         <wf lemma="er" pos="X">er</wf>
         <wf lemma="os" pos="X">os</wf>
         <wf lemma="en" pos="X">en</wf>
         <wf lemma="gåde" pos="X">gåde</wf>
         <wf lemma="," pos="X">,</wf>
         <wf lemma="hvordan" pos="X">hvordan</wf>
         <wf lemma="hun" pos="X">hun</wf>
         <wf lemma="får" pos="X">får</wf>
         <wf lemma="bolden" pos="X">bolden</wf>
         <wf lemma="i" pos="X">i</wf>
         <wf lemma="kurven" pos="X">kurven</wf>
         <wf lemma="!" pos="X">!</wf>
      </sentence>
      <sentence id="d000.s1883" source="wordnet-danish">
         <wf lemma="En" pos="X">En</wf>
         <wf lemma="pige" pos="X">pige</wf>
         <wf lemma="med" pos="X">med</wf>
         <wf lemma="brune" pos="X">brune</wf>
         <instance id="d000.s1883.t000" lemma="fletning" pos="NOUN">fletninger</instance>
         <wf lemma="og" pos="X">og</wf>
         <wf lemma="klare" pos="X">klare</wf>
         <wf lemma="," pos="X">,</wf>
         <wf lemma="blå" pos="X">blå</wf>
         <wf lemma="øjne" pos="X">øjne</wf>
         <wf lemma="løb" pos="X">løb</wf>
         <wf lemma="mig" pos="X">mig</wf>
         <wf lemma="i" pos="X">i</wf>
         <wf lemma="møde" pos="X">møde</wf>
         <wf lemma="." pos="X">.</wf>
      </sentence>
      <sentence id="d000.s1884" source="wordnet-danish">
         <wf lemma="Hun" pos="X">Hun</wf>
         <wf lemma="havde" pos="X">havde</wf>
         <wf lemma="med" pos="X">med</wf>
         <instance id="d000.s1884.t000" lemma="tilfredshed" pos="NOUN">tilfredshed</instance>
         <wf lemma="konstateret" pos="X">konstateret</wf>
         <wf lemma="," pos="X">,</wf>
         <wf lemma="at" pos="X">at</wf>
         <wf lemma="hendes" pos="X">hendes</wf>
         <wf lemma="forslag" pos="X">forslag</wf>
         <wf lemma="tilsyneladende" pos="X">tilsyneladende</wf>
         <wf lemma="var" pos="X">var</wf>
         <wf lemma="faldet" pos="X">faldet</wf>
         <wf lemma="i" pos="X">i</wf>
         <wf lemma="god" pos="X">god</wf>
         <wf lemma="jord" pos="X">jord</wf>
         <wf lemma="." pos="X">.</wf>
      </sentence>
      <sentence id="d000.s1885" source="wordnet-danish">
         <wf lemma="Der" pos="X">Der</wf>
         <wf lemma="kan" pos="X">kan</wf>
         <wf lemma=".." pos="X">..</wf>
         <wf lemma="spares" pos="X">spares</wf>
         <wf lemma="en" pos="X">en</wf>
         <wf lemma="masse" pos="X">masse</wf>
         <wf lemma="husholdningspenge" pos="X">husholdningspenge</wf>
         <wf lemma="på" pos="X">på</wf>
         <wf lemma="at" pos="X">at</wf>
         <instance id="d000.s1885.t000" lemma="foretage" pos="VERB">foretage</instance>
         <wf lemma="indkøb" pos="X">indkøb</wf>
         <wf lemma="syd" pos="X">syd</wf>
         <wf lemma="for" pos="X">for</wf>
         <wf lemma="grænsen" pos="X">grænsen</wf>
         <wf lemma="." pos="X">.</wf>
      </sentence>
      <sentence id="d000.s1886" source="wordnet-danish">
         <wf lemma="Så" pos="X">Så</wf>
         <wf lemma="fyrer" pos="X">fyrer</wf>
         <wf lemma="I" pos="X">I</wf>
         <wf lemma="altså" pos="X">altså</wf>
         <wf lemma="en" pos="X">en</wf>
         <wf lemma="dygtig" pos="X">dygtig</wf>
         <wf lemma="og" pos="X">og</wf>
         <wf lemma="kreativ" pos="X">kreativ</wf>
         <wf lemma="medarbejder" pos="X">medarbejder</wf>
         <wf lemma="," pos="X">,</wf>
         <wf lemma="jeg" pos="X">jeg</wf>
         <wf lemma="har" pos="X">har</wf>
         <wf lemma="lidt" pos="X">lidt</wf>
         <wf lemma="svært" pos="X">svært</wf>
         <wf lemma="ved" pos="X">ved</wf>
         <wf lemma="at" pos="X">at</wf>
         <wf lemma="se" pos="X">se</wf>
         <instance id="d000.s1886.t000" lemma="logik" pos="NOUN">logikken</instance>
         <wf lemma="." pos="X">.</wf>
      </sentence>
      <sentence id="d000.s1887" source="wordnet-danish">
         <instance id="d000.s1887.t000" lemma="bold" pos="NOUN">Bolden</instance>
         <wf lemma="løftes" pos="X">løftes</wf>
         <wf lemma=".." pos="X">..</wf>
         <wf lemma="hen" pos="X">hen</wf>
         <wf lemma="over" pos="X">over</wf>
         <wf lemma="hovedet" pos="X">hovedet</wf>
         <wf lemma="på" pos="X">på</wf>
         <wf lemma="Zola" pos="X">Zola</wf>
         <wf lemma="," pos="X">,</wf>
         <wf lemma="der" pos="X">der</wf>
         <wf lemma="lader" pos="X">lader</wf>
         <wf lemma="klatten" pos="X">klatten</wf>
         <wf lemma="hoppe" pos="X">hoppe</wf>
         <wf lemma="en" pos="X">en</wf>
         <wf lemma="gang" pos="X">gang</wf>
         <wf lemma="og" pos="X">og</wf>
         <wf lemma="bare" pos="X">bare</wf>
         <wf lemma="knalder" pos="X">knalder</wf>
         <wf lemma="til" pos="X">til</wf>
         <wf lemma="den" pos="X">den</wf>
         <wf lemma="med" pos="X">med</wf>
         <wf lemma="højrebenet" pos="X">højrebenet</wf>
         <wf lemma="." pos="X">.</wf>
      </sentence>
      <sentence id="d000.s1888" source="wordnet-danish">
         <wf lemma="valget" pos="X">valget</wf>
         <wf lemma="blev" pos="X">blev</wf>
         <wf lemma="afviklet" pos="X">afviklet</wf>
         <wf lemma="under" pos="X">under</wf>
         <instance id="d000.s1888.t000" lemma="censur" pos="NOUN">censur</instance>
         <wf lemma="," pos="X">,</wf>
         <wf lemma="undtagelsestilstand" pos="X">undtagelsestilstand</wf>
         <wf lemma="og" pos="X">og</wf>
         <wf lemma="efter" pos="X">efter</wf>
         <wf lemma="en" pos="X">en</wf>
         <wf lemma="alt" pos="X">alt</wf>
         <wf lemma="andet" pos="X">andet</wf>
         <wf lemma="end" pos="X">end</wf>
         <wf lemma="demokratisk" pos="X">demokratisk</wf>
         <wf lemma="kandidatopstilling" pos="X">kandidatopstilling</wf>
         <wf lemma="." pos="X">.</wf>
      </sentence>
      <sentence id="d000.s1889" source="wordnet-danish">
         <wf lemma="Fire" pos="X">Fire</wf>
         <wf lemma="småbørn" pos="X">småbørn</wf>
         <wf lemma="sover" pos="X">sover</wf>
         <wf lemma="formiddagssøvn" pos="X">formiddagssøvn</wf>
         <wf lemma="i" pos="X">i</wf>
         <instance id="d000.s1889.t000" lemma="barnevogn" pos="NOUN">barnevognene</instance>
         <wf lemma="på" pos="X">på</wf>
         <wf lemma="terrassen" pos="X">terrassen</wf>
         <wf lemma="." pos="X">.</wf>
      </sentence>
      <sentence id="d000.s1890" source="wordnet-danish">
         <wf lemma="han" pos="X">han</wf>
         <wf lemma="har" pos="X">har</wf>
         <wf lemma="en" pos="X">en</wf>
         <wf lemma="ganske" pos="X">ganske</wf>
         <wf lemma="særlig" pos="X">særlig</wf>
         <wf lemma="fobi" pos="X">fobi</wf>
         <wf lemma="," pos="X">,</wf>
         <wf lemma="som" pos="X">som</wf>
         <wf lemma="ingen" pos="X">ingen</wf>
         <wf lemma="af" pos="X">af</wf>
         <wf lemma="hans" pos="X">hans</wf>
         <wf lemma="søskende" pos="X">søskende</wf>
         <wf lemma="forstår" pos="X">forstår</wf>
         <wf lemma=":" pos="X">:</wf>
         <wf lemma="han" pos="X">han</wf>
         <wf lemma="er" pos="X">er</wf>
         <instance id="d000.s1890.t000" lemma="sirlig" pos="ADJ">sirlig</instance>
         <wf lemma="." pos="X">.</wf>
         <wf lemma="Bryder" pos="X">Bryder</wf>
         <wf lemma="sig" pos="X">sig</wf>
         <wf lemma="ikke" pos="X">ikke</wf>
         <wf lemma="om" pos="X">om</wf>
         <wf lemma="rod" pos="X">rod</wf>
         <wf lemma="." pos="X">.</wf>
      </sentence>
      <sentence id="d000.s1891" source="wordnet-danish">
         <wf lemma="Der" pos="X">Der</wf>
         <wf lemma="var" pos="X">var</wf>
         <wf lemma="jo" pos="X">jo</wf>
         <wf lemma="ingen" pos="X">ingen</wf>
         <wf lemma="TV" pos="X">TV</wf>
         <wf lemma="og" pos="X">og</wf>
         <wf lemma="regionalradio" pos="X">regionalradio</wf>
         <wf lemma="," pos="X">,</wf>
         <wf lemma="og" pos="X">og</wf>
         <wf lemma="hvad" pos="X">hvad</wf>
         <wf lemma="var" pos="X">var</wf>
         <wf lemma="så" pos="X">så</wf>
         <wf lemma="egentlig" pos="X">egentlig</wf>
         <wf lemma="bedre" pos="X">bedre</wf>
         <wf lemma="," pos="X">,</wf>
         <wf lemma="end" pos="X">end</wf>
         <wf lemma="at" pos="X">at</wf>
         <wf lemma="hoppe" pos="X">hoppe</wf>
         <wf lemma="i" pos="X">i</wf>
         <instance id="d000.s1891.t000" lemma="kane" pos="NOUN">kanen</instance>
         <wf lemma="og" pos="X">og</wf>
         <wf lemma="hygge" pos="X">hygge</wf>
         <wf lemma="sig" pos="X">sig</wf>
         <wf lemma="med" pos="X">med</wf>
         <wf lemma="lidt" pos="X">lidt</wf>
         <wf lemma="god" pos="X">god</wf>
         <wf lemma="lekture" pos="X">lekture</wf>
         <wf lemma="." pos="X">.</wf>
      </sentence>
      <sentence id="d000.s1892" source="wordnet-danish">
         <wf lemma="Folketingsmanden" pos="X">Folketingsmanden</wf>
         <instance id="d000.s1892.t000" lemma="minde" pos="VERB">mindede</instance>
         <wf lemma="om" pos="X">om</wf>
         <wf lemma="," pos="X">,</wf>
         <wf lemma="at" pos="X">at</wf>
         <wf lemma="det" pos="X">det</wf>
         <wf lemma="danske" pos="X">danske</wf>
         <wf lemma="samfund" pos="X">samfund</wf>
         <wf lemma="vil" pos="X">vil</wf>
         <wf lemma="få" pos="X">få</wf>
         <wf lemma="umådelig" pos="X">umådelig</wf>
         <wf lemma="hårdt" pos="X">hårdt</wf>
         <wf lemma="brug" pos="X">brug</wf>
         <wf lemma="for" pos="X">for</wf>
         <wf lemma="opsparing" pos="X">opsparing</wf>
         <wf lemma="." pos="X">.</wf>
      </sentence>
      <sentence id="d000.s1893" source="wordnet-danish">
         <wf lemma="Den" pos="X">Den</wf>
         <wf lemma="republikanske" pos="X">republikanske</wf>
         <wf lemma="Garde" pos="X">Garde</wf>
         <wf lemma="[" pos="X">[</wf>
         <wf lemma=":" pos="X">:</wf>
         <wf lemma="i" pos="X">i</wf>
         <wf lemma="Irak]" pos="X">Irak]</wf>
         <wf lemma="består" pos="X">består</wf>
         <wf lemma="af" pos="X">af</wf>
         <wf lemma="fem-seks" pos="X">fem-seks</wf>
         <instance id="d000.s1893.t000" lemma="division" pos="NOUN">divisioner</instance>
         <wf lemma="med" pos="X">med</wf>
         <wf lemma="op" pos="X">op</wf>
         <wf lemma="imod" pos="X">imod</wf>
         <wf lemma="10.000" pos="X">10.000</wf>
         <wf lemma="'hårde'" pos="X">'hårde'</wf>
         <wf lemma="køretøjer" pos="X">køretøjer</wf>
         <wf lemma="," pos="X">,</wf>
         <wf lemma="kampvogne" pos="X">kampvogne</wf>
         <wf lemma="," pos="X">,</wf>
         <wf lemma="selvkørende" pos="X">selvkørende</wf>
         <wf lemma="kanoner" pos="X">kanoner</wf>
         <wf lemma=".." pos="X">..</wf>
      </sentence>
      <sentence id="d000.s1894" source="wordnet-danish">
         <wf lemma="forskning" pos="X">forskning</wf>
         <wf lemma="satser" pos="X">satser</wf>
         <wf lemma="på" pos="X">på</wf>
         <wf lemma="at" pos="X">at</wf>
         <wf lemma="udvikle" pos="X">udvikle</wf>
         <wf lemma="planter" pos="X">planter</wf>
         <wf lemma="," pos="X">,</wf>
         <wf lemma="som" pos="X">som</wf>
         <wf lemma="er" pos="X">er</wf>
         <instance id="d000.s1894.t000" lemma="immun" pos="ADJ">immune</instance>
         <wf lemma="over" pos="X">over</wf>
         <wf lemma="for" pos="X">for</wf>
         <wf lemma="en" pos="X">en</wf>
         <wf lemma="række" pos="X">række</wf>
         <wf lemma="sygdomme" pos="X">sygdomme</wf>
         <wf lemma="--" pos="X">--</wf>
         <wf lemma="bl.a." pos="X">bl.a.</wf>
         <wf lemma="meldug" pos="X">meldug</wf>
         <wf lemma="i" pos="X">i</wf>
         <wf lemma="byg" pos="X">byg</wf>
         <wf lemma="." pos="X">.</wf>
      </sentence>
      <sentence id="d000.s1895" source="wordnet-danish">
         <wf lemma="Da" pos="X">Da</wf>
         <wf lemma="jeg" pos="X">jeg</wf>
         <wf lemma="kiggede" pos="X">kiggede</wf>
         <wf lemma="hende" pos="X">hende</wf>
         <wf lemma="i" pos="X">i</wf>
         <instance id="d000.s1895.t000" lemma="hals" pos="NOUN">halsen</instance>
         <wf lemma="," pos="X">,</wf>
         <wf lemma="kunne" pos="X">kunne</wf>
         <wf lemma="jeg" pos="X">jeg</wf>
         <wf lemma="straks" pos="X">straks</wf>
         <wf lemma="se" pos="X">se</wf>
         <wf lemma="de" pos="X">de</wf>
         <wf lemma="hævede" pos="X">hævede</wf>
         <wf lemma="mandler" pos="X">mandler</wf>
         <wf lemma="." pos="X">.</wf>
      </sentence>
      <sentence id="d000.s1896" source="wordnet-danish">
         <wf lemma="Sangeren" pos="X">Sangeren</wf>
         <wf lemma="havde" pos="X">havde</wf>
         <wf lemma="været" pos="X">været</wf>
         <instance id="d000.s1896.t000" lemma="populær" pos="ADJ">populær</instance>
         <wf lemma="for" pos="X">for</wf>
         <wf lemma="fem" pos="X">fem</wf>
         <wf lemma="år" pos="X">år</wf>
         <wf lemma="siden" pos="X">siden</wf>
         <wf lemma=";" pos="X">;</wf>
         <wf lemma="han" pos="X">han</wf>
         <wf lemma="sang" pos="X">sang</wf>
         <wf lemma="om" pos="X">om</wf>
         <wf lemma="sine" pos="X">sine</wf>
         <wf lemma="mange" pos="X">mange</wf>
         <wf lemma="kærester" pos="X">kærester</wf>
         <wf lemma="og" pos="X">og</wf>
         <wf lemma="deres" pos="X">deres</wf>
         <wf lemma="uvaner" pos="X">uvaner</wf>
         <wf lemma="," pos="X">,</wf>
         <wf lemma="der" pos="X">der</wf>
         <wf lemma="gjorde" pos="X">gjorde</wf>
         <wf lemma="livet" pos="X">livet</wf>
         <wf lemma="surt" pos="X">surt</wf>
         <wf lemma="for" pos="X">for</wf>
         <wf lemma="ham" pos="X">ham</wf>
         <wf lemma="." pos="X">.</wf>
      </sentence>
      <sentence id="d000.s1897" source="wordnet-danish">
         <wf lemma="Det" pos="X">Det</wf>
         <wf lemma="er" pos="X">er</wf>
         <wf lemma="på" pos="X">på</wf>
         <wf lemma="tide" pos="X">tide</wf>
         <wf lemma="," pos="X">,</wf>
         <wf lemma="at" pos="X">at</wf>
         <wf lemma="de" pos="X">de</wf>
         <wf lemma="vakkelvorne" pos="X">vakkelvorne</wf>
         <wf lemma="konservative" pos="X">konservative</wf>
         <wf lemma="vælger" pos="X">vælger</wf>
         <wf lemma="de" pos="X">de</wf>
         <wf lemma="rigtige" pos="X">rigtige</wf>
         <instance id="d000.s1897.t000" lemma="partner" pos="NOUN">partnere</instance>
         <wf lemma="," pos="X">,</wf>
         <wf lemma="CD" pos="X">CD</wf>
         <wf lemma="," pos="X">,</wf>
         <wf lemma="Venstre" pos="X">Venstre</wf>
         <wf lemma="og" pos="X">og</wf>
         <wf lemma="Fremskridtspartiet" pos="X">Fremskridtspartiet</wf>
         <wf lemma="." pos="X">.</wf>
      </sentence>
      <sentence id="d000.s1898" source="wordnet-danish">
         <wf lemma="mange" pos="X">mange</wf>
         <wf lemma="gode" pos="X">gode</wf>
         <instance id="d000.s1898.t000" lemma="sportskamp" pos="NOUN">sportskampe</instance>
         <wf lemma="er" pos="X">er</wf>
         <wf lemma="blevet" pos="X">blevet</wf>
         <wf lemma="delvis" pos="X">delvis</wf>
         <wf lemma="ødelagt" pos="X">ødelagt</wf>
         <wf lemma="ved" pos="X">ved</wf>
         <wf lemma="at" pos="X">at</wf>
         <wf lemma="kommentatorerne" pos="X">kommentatorerne</wf>
         <wf lemma="har" pos="X">har</wf>
         <wf lemma="kværnet" pos="X">kværnet</wf>
         <wf lemma="udsendelsen" pos="X">udsendelsen</wf>
         <wf lemma="i" pos="X">i</wf>
         <wf lemma="stykker" pos="X">stykker</wf>
         <wf lemma="." pos="X">.</wf>
      </sentence>
      <sentence id="d000.s1899" source="wordnet-danish">
         <wf lemma="Spædbarnet" pos="X">Spædbarnet</wf>
         <wf lemma="stifter" pos="X">stifter</wf>
         <instance id="d000.s1899.t000" lemma="bekendtskab" pos="NOUN">bekendtskab</instance>
         <wf lemma="med" pos="X">med</wf>
         <wf lemma="angsten" pos="X">angsten</wf>
         <wf lemma="," pos="X">,</wf>
         <wf lemma="når" pos="X">når</wf>
         <wf lemma="alt" pos="X">alt</wf>
         <wf lemma="det" pos="X">det</wf>
         <wf lemma="velkendte" pos="X">velkendte</wf>
         <wf lemma="pludselig" pos="X">pludselig</wf>
         <wf lemma="forsvinder" pos="X">forsvinder</wf>
         <wf lemma="." pos="X">.</wf>
      </sentence>
      <sentence id="d000.s1900" source="wordnet-danish">
         <wf lemma="I" pos="X">I</wf>
         <wf lemma="LO's" pos="X">LO's</wf>
         <instance id="d000.s1900.t000" lemma="juridisk" pos="ADJ">juridiske</instance>
         <wf lemma="afdeling" pos="X">afdeling</wf>
         <wf lemma="har" pos="X">har</wf>
         <wf lemma="man" pos="X">man</wf>
         <wf lemma="kendskab" pos="X">kendskab</wf>
         <wf lemma="til" pos="X">til</wf>
         <wf lemma="otte-ti" pos="X">otte-ti</wf>
         <wf lemma="tidligere" pos="X">tidligere</wf>
         <wf lemma="sager" pos="X">sager</wf>
         <wf lemma="," pos="X">,</wf>
         <wf lemma="hvor" pos="X">hvor</wf>
         <wf lemma="firmaer" pos="X">firmaer</wf>
         <wf lemma="er" pos="X">er</wf>
         <wf lemma="dømt" pos="X">dømt</wf>
         <wf lemma="til" pos="X">til</wf>
         <wf lemma="erstatning" pos="X">erstatning</wf>
         <wf lemma="for" pos="X">for</wf>
         <wf lemma="usaglig" pos="X">usaglig</wf>
         <wf lemma="fyring" pos="X">fyring</wf>
         <wf lemma="ved" pos="X">ved</wf>
         <wf lemma="barselsorlov" pos="X">barselsorlov</wf>
         <wf lemma="." pos="X">.</wf>
      </sentence>
      <sentence id="d000.s1901" source="wordnet-danish">
         <wf lemma="hans" pos="X">hans</wf>
         <wf lemma="dopingsag" pos="X">dopingsag</wf>
         <wf lemma="overbeviste" pos="X">overbeviste</wf>
         <wf lemma="ham" pos="X">ham</wf>
         <wf lemma="om" pos="X">om</wf>
         <wf lemma="," pos="X">,</wf>
         <wf lemma="at" pos="X">at</wf>
         <instance id="d000.s1901.t000" lemma="atlet" pos="NOUN">atleter</instance>
         <wf lemma="godt" pos="X">godt</wf>
         <wf lemma="kan" pos="X">kan</wf>
         <wf lemma="sætte" pos="X">sætte</wf>
         <wf lemma="rekorder" pos="X">rekorder</wf>
         <wf lemma="uden" pos="X">uden</wf>
         <wf lemma="doping" pos="X">doping</wf>
         <wf lemma="." pos="X">.</wf>
      </sentence>
      <sentence id="d000.s1902" source="wordnet-danish">
         <wf lemma="Niels" pos="X">Niels</wf>
         <wf lemma="Finsen" pos="X">Finsen</wf>
         <wf lemma="," pos="X">,</wf>
         <wf lemma="der" pos="X">der</wf>
         <wf lemma="var" pos="X">var</wf>
         <wf lemma="læge" pos="X">læge</wf>
         <wf lemma="," pos="X">,</wf>
         <wf lemma="opfandt" pos="X">opfandt</wf>
         <wf lemma="en" pos="X">en</wf>
         <instance id="d000.s1902.t000" lemma="metode" pos="NOUN">metode</instance>
         <wf lemma="til" pos="X">til</wf>
         <wf lemma="helbredelse" pos="X">helbredelse</wf>
         <wf lemma="af" pos="X">af</wf>
         <wf lemma="hudtuberkulose" pos="X">hudtuberkulose</wf>
         <wf lemma="." pos="X">.</wf>
      </sentence>
      <sentence id="d000.s1903" source="wordnet-danish">
         <wf lemma="på" pos="X">på</wf>
         <wf lemma="den" pos="X">den</wf>
         <wf lemma="mødrene" pos="X">mødrene</wf>
         <wf lemma="side" pos="X">side</wf>
         <wf lemma="[har]" pos="X">[har]</wf>
         <wf lemma="Claussens" pos="X">Claussens</wf>
         <instance id="d000.s1903.t000" lemma="slægt" pos="NOUN">slægt</instance>
         <wf lemma="siden" pos="X">siden</wf>
         <wf lemma="istiden" pos="X">istiden</wf>
         <wf lemma="beboet" pos="X">beboet</wf>
         <wf lemma="Langeland" pos="X">Langeland</wf>
         <wf lemma="," pos="X">,</wf>
         <wf lemma="mens" pos="X">mens</wf>
         <wf lemma="faderens" pos="X">faderens</wf>
         <wf lemma="stamtræ" pos="X">stamtræ</wf>
         <wf lemma="forgrener" pos="X">forgrener</wf>
         <wf lemma="sig" pos="X">sig</wf>
         <wf lemma="i" pos="X">i</wf>
         <wf lemma="fjerne" pos="X">fjerne</wf>
         <wf lemma="marskegne" pos="X">marskegne</wf>
         <wf lemma="." pos="X">.</wf>
      </sentence>
      <sentence id="d000.s1904" source="wordnet-danish">
         <wf lemma="Melvin" pos="X">Melvin</wf>
         <wf lemma="sprang" pos="X">sprang</wf>
         <wf lemma="op" pos="X">op</wf>
         <wf lemma="af" pos="X">af</wf>
         <wf lemma="lænestolen" pos="X">lænestolen</wf>
         <wf lemma="og" pos="X">og</wf>
         <wf lemma="kiggede" pos="X">kiggede</wf>
         <wf lemma="på" pos="X">på</wf>
         <instance id="d000.s1904.t000" lemma="fugl" pos="NOUN">fuglene</instance>
         <wf lemma="," pos="X">,</wf>
         <wf lemma="der" pos="X">der</wf>
         <wf lemma="fløj" pos="X">fløj</wf>
         <wf lemma="rundt" pos="X">rundt</wf>
         <wf lemma="ude" pos="X">ude</wf>
         <wf lemma="i" pos="X">i</wf>
         <wf lemma="haven" pos="X">haven</wf>
         <wf lemma="." pos="X">.</wf>
      </sentence>
      <sentence id="d000.s1905" source="wordnet-danish">
         <wf lemma="Jeg" pos="X">Jeg</wf>
         <wf lemma="havde" pos="X">havde</wf>
         <instance id="d000.s1905.t000" lemma="lås" pos="NOUN">lås</instance>
         <wf lemma="på" pos="X">på</wf>
         <wf lemma="den" pos="X">den</wf>
         <wf lemma="dagbog" pos="X">dagbog</wf>
         <wf lemma="," pos="X">,</wf>
         <wf lemma="jeg" pos="X">jeg</wf>
         <wf lemma="skrev" pos="X">skrev</wf>
         <wf lemma="i" pos="X">i</wf>
         <wf lemma="som" pos="X">som</wf>
         <wf lemma="barn" pos="X">barn</wf>
         <wf lemma="." pos="X">.</wf>
         <wf lemma="Ikke" pos="X">Ikke</wf>
         <wf lemma="en" pos="X">en</wf>
         <wf lemma="af" pos="X">af</wf>
         <wf lemma="dem" pos="X">dem</wf>
         <wf lemma="en" pos="X">en</wf>
         <wf lemma="storebror" pos="X">storebror</wf>
         <wf lemma="bryder" pos="X">bryder</wf>
         <wf lemma="op" pos="X">op</wf>
         <wf lemma="med" pos="X">med</wf>
         <wf lemma="to" pos="X">to</wf>
         <wf lemma="af" pos="X">af</wf>
         <wf lemma="venstre" pos="X">venstre</wf>
         <wf lemma="hånds" pos="X">hånds</wf>
         <wf lemma="fingre" pos="X">fingre</wf>
         <wf lemma="," pos="X">,</wf>
         <wf lemma="men" pos="X">men</wf>
         <wf lemma="en" pos="X">en</wf>
         <wf lemma="god" pos="X">god</wf>
         <wf lemma="," pos="X">,</wf>
         <wf lemma="gedigen" pos="X">gedigen</wf>
         <wf lemma="hængelås" pos="X">hængelås</wf>
         <wf lemma="." pos="X">.</wf>
      </sentence>
      <sentence id="d000.s1906" source="wordnet-danish">
         <wf lemma="Tue" pos="X">Tue</wf>
         <wf lemma="smagte" pos="X">smagte</wf>
         <wf lemma="på" pos="X">på</wf>
         <wf lemma="de" pos="X">de</wf>
         <wf lemma="røde" pos="X">røde</wf>
         <wf lemma="[tytte]bær" pos="X">[tytte]bær</wf>
         <wf lemma="." pos="X">.</wf>
         <wf lemma="De" pos="X">De</wf>
         <wf lemma="var" pos="X">var</wf>
         <wf lemma="lidt" pos="X">lidt</wf>
         <instance id="d000.s1906.t000" lemma="sur" pos="ADJ">sure</instance>
         <wf lemma="." pos="X">.</wf>
         <wf lemma="Han" pos="X">Han</wf>
         <wf lemma="kunne" pos="X">kunne</wf>
         <wf lemma="bedre" pos="X">bedre</wf>
         <wf lemma="lide" pos="X">lide</wf>
         <wf lemma="jordbær." pos="X">jordbær.</wf>
      </sentence>
      <sentence id="d000.s1907" source="wordnet-danish">
         <wf lemma="Hun" pos="X">Hun</wf>
         <wf lemma="steger" pos="X">steger</wf>
         <instance id="d000.s1907.t000" lemma="tomat" pos="NOUN">tomater</instance>
         <wf lemma="og" pos="X">og</wf>
         <wf lemma="løg" pos="X">løg</wf>
         <wf lemma="," pos="X">,</wf>
         <wf lemma="drysser" pos="X">drysser</wf>
         <wf lemma="med" pos="X">med</wf>
         <wf lemma="basilikum" pos="X">basilikum</wf>
         <wf lemma="," pos="X">,</wf>
         <wf lemma="tilsætter" pos="X">tilsætter</wf>
         <wf lemma="masser" pos="X">masser</wf>
         <wf lemma="af" pos="X">af</wf>
         <wf lemma="hvidløg" pos="X">hvidløg</wf>
         <wf lemma="." pos="X">.</wf>
      </sentence>
      <sentence id="d000.s1908" source="wordnet-danish">
         <wf lemma="som" pos="X">som</wf>
         <wf lemma="det" pos="X">det</wf>
         <wf lemma="fremgår" pos="X">fremgår</wf>
         <wf lemma="af" pos="X">af</wf>
         <wf lemma="min" pos="X">min</wf>
         <wf lemma="rapport" pos="X">rapport</wf>
         <wf lemma="og" pos="X">og</wf>
         <wf lemma="disse" pos="X">disse</wf>
         <wf lemma="billeder" pos="X">billeder</wf>
         <wf lemma="så" pos="X">så</wf>
         <wf lemma="mødtes" pos="X">mødtes</wf>
         <wf lemma="Deres" pos="X">Deres</wf>
         <wf lemma="hustru" pos="X">hustru</wf>
         <wf lemma="med" pos="X">med</wf>
         <wf lemma="en" pos="X">en</wf>
         <wf lemma="jævnaldrende" pos="X">jævnaldrende</wf>
         <instance id="d000.s1908.t000" lemma="mandsperson" pos="NOUN">mandsperson</instance>
         <wf lemma="i" pos="X">i</wf>
         <wf lemma="stuelejligheden" pos="X">stuelejligheden</wf>
         <wf lemma="Danasvej" pos="X">Danasvej</wf>
         <wf lemma="52" pos="X">52</wf>
         <wf lemma="klokken" pos="X">klokken</wf>
         <wf lemma="20.37" pos="X">20.37</wf>
         <wf lemma="." pos="X">.</wf>
      </sentence>
      <sentence id="d000.s1909" source="wordnet-danish">
         <wf lemma="Familien" pos="X">Familien</wf>
         <wf lemma="var" pos="X">var</wf>
         <wf lemma="ved" pos="X">ved</wf>
         <wf lemma="at" pos="X">at</wf>
         <wf lemma="bygge" pos="X">bygge</wf>
         <wf lemma="om" pos="X">om</wf>
         <wf lemma="på" pos="X">på</wf>
         <wf lemma="førstesalen" pos="X">førstesalen</wf>
         <wf lemma="," pos="X">,</wf>
         <wf lemma="så" pos="X">så</wf>
         <wf lemma="derfor" pos="X">derfor</wf>
         <wf lemma="stod" pos="X">stod</wf>
         <wf lemma="alt" pos="X">alt</wf>
         <wf lemma="pakket" pos="X">pakket</wf>
         <wf lemma="ned" pos="X">ned</wf>
         <wf lemma="i" pos="X">i</wf>
         <instance id="d000.s1909.t000" lemma="kasse" pos="NOUN">kasser</instance>
         <wf lemma="i" pos="X">i</wf>
         <wf lemma="stuen" pos="X">stuen</wf>
         <wf lemma="." pos="X">.</wf>
      </sentence>
      <sentence id="d000.s1910" source="wordnet-danish">
         <wf lemma="Hvad" pos="X">Hvad</wf>
         <wf lemma="skal" pos="X">skal</wf>
         <wf lemma="man" pos="X">man</wf>
         <wf lemma="med" pos="X">med</wf>
         <wf lemma="fem" pos="X">fem</wf>
         <wf lemma="bøffer" pos="X">bøffer</wf>
         <wf lemma="til" pos="X">til</wf>
         <wf lemma="100" pos="X">100</wf>
         <wf lemma="kroner" pos="X">kroner</wf>
         <wf lemma="," pos="X">,</wf>
         <wf lemma="når" pos="X">når</wf>
         <wf lemma="man" pos="X">man</wf>
         <wf lemma="er" pos="X">er</wf>
         <instance id="d000.s1910.t000" lemma="single" pos="ADJ">single</instance>
         <wf lemma="?" pos="X">?</wf>
      </sentence>
      <sentence id="d000.s1911" source="wordnet-danish">
         <wf lemma="Den" pos="X">Den</wf>
         <wf lemma="romerske" pos="X">romerske</wf>
         <wf lemma="elite" pos="X">elite</wf>
         <wf lemma=".." pos="X">..</wf>
         <wf lemma="ejede" pos="X">ejede</wf>
         <wf lemma="store" pos="X">store</wf>
         <instance id="d000.s1911.t000" lemma="jordbesiddelse" pos="NOUN">jordbesiddelser</instance>
         <wf lemma="." pos="X">.</wf>
      </sentence>
      <sentence id="d000.s1912" source="wordnet-danish">
         <wf lemma="Bent" pos="X">Bent</wf>
         <wf lemma="var" pos="X">var</wf>
         <wf lemma="træt" pos="X">træt</wf>
         <wf lemma="," pos="X">,</wf>
         <wf lemma="for" pos="X">for</wf>
         <wf lemma="han" pos="X">han</wf>
         <wf lemma="havde" pos="X">havde</wf>
         <wf lemma="lagt" pos="X">lagt</wf>
         <wf lemma="fliser" pos="X">fliser</wf>
         <wf lemma="i" pos="X">i</wf>
         <instance id="d000.s1912.t000" lemma="indkørsel" pos="NOUN">indkørslen</instance>
         <wf lemma="." pos="X">.</wf>
      </sentence>
      <sentence id="d000.s1913" source="wordnet-danish">
         <wf lemma="Vent" pos="X">Vent</wf>
         <wf lemma="med" pos="X">med</wf>
         <wf lemma="at" pos="X">at</wf>
         <wf lemma="skrive" pos="X">skrive</wf>
         <instance id="d000.s1913.t000" lemma="dialog" pos="NOUN">dialogen</instance>
         <wf lemma="ned" pos="X">ned</wf>
         <wf lemma="til" pos="X">til</wf>
         <wf lemma="I" pos="X">I</wf>
         <wf lemma="ved" pos="X">ved</wf>
         <wf lemma="," pos="X">,</wf>
         <wf lemma="hvordan" pos="X">hvordan</wf>
         <wf lemma="historien" pos="X">historien</wf>
         <wf lemma="skal" pos="X">skal</wf>
         <wf lemma="være" pos="X">være</wf>
         <wf lemma="." pos="X">.</wf>
      </sentence>
      <sentence id="d000.s1914" source="wordnet-danish">
         <wf lemma="Min" pos="X">Min</wf>
         <wf lemma="onkel" pos="X">onkel</wf>
         <wf lemma="har" pos="X">har</wf>
         <wf lemma="en" pos="X">en</wf>
         <wf lemma="dejlig" pos="X">dejlig</wf>
         <instance id="d000.s1914.t000" lemma="villa" pos="NOUN">villa</instance>
         <wf lemma="med" pos="X">med</wf>
         <wf lemma="en" pos="X">en</wf>
         <wf lemma="skøn" pos="X">skøn</wf>
         <wf lemma="have" pos="X">have</wf>
         <wf lemma="og" pos="X">og</wf>
         <wf lemma="mangler" pos="X">mangler</wf>
         <wf lemma="i" pos="X">i</wf>
         <wf lemma="det" pos="X">det</wf>
         <wf lemma="hele" pos="X">hele</wf>
         <wf lemma="taget" pos="X">taget</wf>
         <wf lemma="ikke" pos="X">ikke</wf>
         <wf lemma="noget" pos="X">noget</wf>
         <wf lemma="." pos="X">.</wf>
      </sentence>
      <sentence id="d000.s1915" source="wordnet-danish">
         <wf lemma="En" pos="X">En</wf>
         <wf lemma="række" pos="X">række</wf>
         <wf lemma="mennesker" pos="X">mennesker</wf>
         <wf lemma="står" pos="X">står</wf>
         <wf lemma="her" pos="X">her</wf>
         <wf lemma=".." pos="X">..</wf>
         <wf lemma="frem" pos="X">frem</wf>
         <wf lemma="og" pos="X">og</wf>
         <wf lemma="fortæller" pos="X">fortæller</wf>
         <wf lemma="om" pos="X">om</wf>
         <wf lemma="den" pos="X">den</wf>
         <wf lemma="tærende" pos="X">tærende</wf>
         <instance id="d000.s1915.t000" lemma="lidenskab" pos="NOUN">lidenskab</instance>
         <wf lemma="," pos="X">,</wf>
         <wf lemma="vi" pos="X">vi</wf>
         <wf lemma="har" pos="X">har</wf>
         <wf lemma="så" pos="X">så</wf>
         <wf lemma="svært" pos="X">svært</wf>
         <wf lemma="ved" pos="X">ved</wf>
         <wf lemma="at" pos="X">at</wf>
         <wf lemma="tale" pos="X">tale</wf>
         <wf lemma="om" pos="X">om</wf>
         <wf lemma=":" pos="X">:</wf>
         <wf lemma="nemlig" pos="X">nemlig</wf>
         <wf lemma="JALOUSI" pos="X">JALOUSI</wf>
         <wf lemma="." pos="X">.</wf>
      </sentence>
      <sentence id="d000.s1916" source="wordnet-danish">
         <wf lemma="bestyrelsen" pos="X">bestyrelsen</wf>
         <wf lemma="ser" pos="X">ser</wf>
         <wf lemma="meget" pos="X">meget</wf>
         <wf lemma="gerne" pos="X">gerne</wf>
         <wf lemma="," pos="X">,</wf>
         <wf lemma="at" pos="X">at</wf>
         <wf lemma="medlemmerne" pos="X">medlemmerne</wf>
         <wf lemma="møder" pos="X">møder</wf>
         <wf lemma="talstærkt" pos="X">talstærkt</wf>
         <wf lemma="op" pos="X">op</wf>
         <wf lemma="og" pos="X">og</wf>
         <wf lemma="tilkendegiver" pos="X">tilkendegiver</wf>
         <wf lemma="deres" pos="X">deres</wf>
         <instance id="d000.s1916.t000" lemma="synspunkt" pos="NOUN">synspunkter</instance>
         <wf lemma="på" pos="X">på</wf>
         <wf lemma="sagen" pos="X">sagen</wf>
         <wf lemma="." pos="X">.</wf>
      </sentence>
      <sentence id="d000.s1917" source="wordnet-danish">
         <wf lemma="Jeg" pos="X">Jeg</wf>
         <wf lemma="elsker" pos="X">elsker</wf>
         <wf lemma="at" pos="X">at</wf>
         <wf lemma="blive" pos="X">blive</wf>
         <wf lemma="ældre" pos="X">ældre</wf>
         <wf lemma="." pos="X">.</wf>
         <wf lemma="At" pos="X">At</wf>
         <wf lemma="blive" pos="X">blive</wf>
         <wf lemma="ældre" pos="X">ældre</wf>
         <wf lemma="er" pos="X">er</wf>
         <wf lemma="bare" pos="X">bare</wf>
         <wf lemma="en" pos="X">en</wf>
         <wf lemma="fantastisk" pos="X">fantastisk</wf>
         <wf lemma="oplevelse" pos="X">oplevelse</wf>
         <wf lemma="," pos="X">,</wf>
         <wf lemma="siger" pos="X">siger</wf>
         <wf lemma="hun" pos="X">hun</wf>
         <wf lemma="med" pos="X">med</wf>
         <wf lemma="slet" pos="X">slet</wf>
         <wf lemma="skjult" pos="X">skjult</wf>
         <instance id="d000.s1917.t000" lemma="ironi" pos="NOUN">ironi</instance>
         <wf lemma="." pos="X">.</wf>
      </sentence>
      <sentence id="d000.s1918" source="wordnet-danish">
         <wf lemma="Da" pos="X">Da</wf>
         <wf lemma="vi" pos="X">vi</wf>
         <wf lemma="fik" pos="X">fik</wf>
         <wf lemma="vores" pos="X">vores</wf>
         <wf lemma="første" pos="X">første</wf>
         <wf lemma="," pos="X">,</wf>
         <wf lemma="var" pos="X">var</wf>
         <wf lemma="jeg" pos="X">jeg</wf>
         <wf lemma="nok" pos="X">nok</wf>
         <wf lemma="mere" pos="X">mere</wf>
         <instance id="d000.s1918.t000" lemma="anspændt" pos="ADJ">anspændt</instance>
         <wf lemma="," pos="X">,</wf>
         <wf lemma="end" pos="X">end</wf>
         <wf lemma="da" pos="X">da</wf>
         <wf lemma="vi" pos="X">vi</wf>
         <wf lemma="ventede" pos="X">ventede</wf>
         <wf lemma="Martin" pos="X">Martin</wf>
         <wf lemma="." pos="X">.</wf>
      </sentence>
      <sentence id="d000.s1919" source="wordnet-danish">
         <wf lemma="[Michael" pos="X">[Michael</wf>
         <wf lemma="]" pos="X">]</wf>
         <wf lemma="Jackson" pos="X">Jackson</wf>
         <wf lemma="og" pos="X">og</wf>
         <wf lemma="Prince" pos="X">Prince</wf>
         <wf lemma="var" pos="X">var</wf>
         <wf lemma="to" pos="X">to</wf>
         <wf lemma="af" pos="X">af</wf>
         <wf lemma="de" pos="X">de</wf>
         <wf lemma="absolut" pos="X">absolut</wf>
         <wf lemma="største" pos="X">største</wf>
         <wf lemma="fornyere" pos="X">fornyere</wf>
         <wf lemma="af" pos="X">af</wf>
         <instance id="d000.s1919.t000" lemma="popmusik" pos="NOUN">popmusikken</instance>
         <wf lemma="i" pos="X">i</wf>
         <wf lemma="80'erne" pos="X">80'erne</wf>
         <wf lemma="." pos="X">.</wf>
      </sentence>
      <sentence id="d000.s1920" source="wordnet-danish">
         <wf lemma="Et" pos="X">Et</wf>
         <wf lemma="oppusteligt" pos="X">oppusteligt</wf>
         <wf lemma="elsdyr" pos="X">elsdyr</wf>
         <wf lemma="betragter" pos="X">betragter</wf>
         <wf lemma="med" pos="X">med</wf>
         <wf lemma="alvorsfuld" pos="X">alvorsfuld</wf>
         <wf lemma="mine" pos="X">mine</wf>
         <wf lemma="sit" pos="X">sit</wf>
         <wf lemma="eget" pos="X">eget</wf>
         <instance id="d000.s1920.t000" lemma="åsyn" pos="NOUN">åsyn</instance>
         <wf lemma="i" pos="X">i</wf>
         <wf lemma="et" pos="X">et</wf>
         <wf lemma="antikt" pos="X">antikt</wf>
         <wf lemma="spejl" pos="X">spejl</wf>
         <wf lemma="fra" pos="X">fra</wf>
         <wf lemma="1860" pos="X">1860</wf>
         <wf lemma="." pos="X">.</wf>
      </sentence>
      <sentence id="d000.s1921" source="wordnet-danish">
         <wf lemma="Fra" pos="X">Fra</wf>
         <instance id="d000.s1921.t000" lemma="etisk" pos="ADJ">Etisk</instance>
         <wf lemma="Råd" pos="X">Råd</wf>
         <wf lemma="er" pos="X">er</wf>
         <wf lemma="der" pos="X">der</wf>
         <wf lemma="lagt" pos="X">lagt</wf>
         <wf lemma="op" pos="X">op</wf>
         <wf lemma="til" pos="X">til</wf>
         <wf lemma="en" pos="X">en</wf>
         <wf lemma="landsomfattende" pos="X">landsomfattende</wf>
         <wf lemma="debat" pos="X">debat</wf>
         <wf lemma="om" pos="X">om</wf>
         <wf lemma="etiske" pos="X">etiske</wf>
         <wf lemma="spørgsmål" pos="X">spørgsmål</wf>
         <wf lemma="vedrørende" pos="X">vedrørende</wf>
         <wf lemma="hjernedødskriteriet" pos="X">hjernedødskriteriet</wf>
         <wf lemma="." pos="X">.</wf>
      </sentence>
      <sentence id="d000.s1922" source="wordnet-danish">
         <wf lemma="Hans" pos="X">Hans</wf>
         <instance id="d000.s1922.t000" lemma="tidlig" pos="ADJ">tidlige</instance>
         <wf lemma="død" pos="X">død</wf>
         <wf lemma="for" pos="X">for</wf>
         <wf lemma="7" pos="X">7</wf>
         <wf lemma="år" pos="X">år</wf>
         <wf lemma="siden" pos="X">siden</wf>
         <wf lemma="efterlod" pos="X">efterlod</wf>
         <wf lemma="et" pos="X">et</wf>
         <wf lemma="stort" pos="X">stort</wf>
         <wf lemma="og" pos="X">og</wf>
         <wf lemma="vidtforgrenet" pos="X">vidtforgrenet</wf>
         <wf lemma="savn" pos="X">savn</wf>
         <wf lemma="." pos="X">.</wf>
      </sentence>
      <sentence id="d000.s1923" source="wordnet-danish">
         <wf lemma="hvis" pos="X">hvis</wf>
         <wf lemma="du" pos="X">du</wf>
         <wf lemma="'igen'" pos="X">'igen'</wf>
         <wf lemma="bliver" pos="X">bliver</wf>
         <wf lemma="impliceret" pos="X">impliceret</wf>
         <wf lemma="i" pos="X">i</wf>
         <wf lemma="en" pos="X">en</wf>
         <wf lemma="ulykke" pos="X">ulykke</wf>
         <wf lemma="med" pos="X">med</wf>
         <wf lemma="en" pos="X">en</wf>
         <instance id="d000.s1923.t000" lemma="mc" pos="NOUN">MC</instance>
         <wf lemma="," pos="X">,</wf>
         <wf lemma="så" pos="X">så</wf>
         <wf lemma="vær" pos="X">vær</wf>
         <wf lemma="så" pos="X">så</wf>
         <wf lemma="venlig" pos="X">venlig</wf>
         <wf lemma="at" pos="X">at</wf>
         <wf lemma="standse" pos="X">standse</wf>
         <wf lemma="op" pos="X">op</wf>
         <wf lemma="og" pos="X">og</wf>
         <wf lemma="hjælp" pos="X">hjælp</wf>
         <wf lemma="de" pos="X">de</wf>
         <wf lemma="forulykkede" pos="X">forulykkede</wf>
         <wf lemma="." pos="X">.</wf>
      </sentence>
      <sentence id="d000.s1924" source="wordnet-danish">
         <wf lemma="SIDEN" pos="X">SIDEN</wf>
         <wf lemma="SAXO" pos="X">SAXO</wf>
         <wf lemma="er" pos="X">er</wf>
         <wf lemma="et" pos="X">et</wf>
         <wf lemma="nyt" pos="X">nyt</wf>
         <wf lemma="og" pos="X">og</wf>
         <wf lemma="populært" pos="X">populært</wf>
         <wf lemma="historisk" pos="X">historisk</wf>
         <instance id="d000.s1924.t000" lemma="magasin" pos="NOUN">magasin</instance>
         <wf lemma="," pos="X">,</wf>
         <wf lemma="der" pos="X">der</wf>
         <wf lemma="udkommer" pos="X">udkommer</wf>
         <wf lemma="4" pos="X">4</wf>
         <wf lemma="gange" pos="X">gange</wf>
         <wf lemma="årligt" pos="X">årligt</wf>
         <wf lemma="med" pos="X">med</wf>
         <wf lemma="36" pos="X">36</wf>
         <wf lemma="gennemillustrerede" pos="X">gennemillustrerede</wf>
         <wf lemma="sider" pos="X">sider</wf>
         <wf lemma="pr." pos="X">pr.</wf>
         <wf lemma="nummer" pos="X">nummer</wf>
         <wf lemma="." pos="X">.</wf>
      </sentence>
      <sentence id="d000.s1925" source="wordnet-danish">
         <wf lemma="Hun" pos="X">Hun</wf>
         <wf lemma="var" pos="X">var</wf>
         <wf lemma="helt" pos="X">helt</wf>
         <wf lemma="blå" pos="X">blå</wf>
         <wf lemma="i" pos="X">i</wf>
         <wf lemma="ansigtet" pos="X">ansigtet</wf>
         <wf lemma="," pos="X">,</wf>
         <wf lemma="og" pos="X">og</wf>
         <wf lemma="så" pos="X">så</wf>
         <instance id="d000.s1925.t000" lemma="ringe" pos="VERB">ringede</instance>
         <wf lemma="jeg" pos="X">jeg</wf>
         <wf lemma="efter" pos="X">efter</wf>
         <wf lemma="ambulancen" pos="X">ambulancen</wf>
         <wf lemma="." pos="X">.</wf>
      </sentence>
      <sentence id="d000.s1926" source="wordnet-danish">
         <wf lemma="Han" pos="X">Han</wf>
         <wf lemma="er" pos="X">er</wf>
         <wf lemma="alt" pos="X">alt</wf>
         <wf lemma="for" pos="X">for</wf>
         <wf lemma="ung" pos="X">ung</wf>
         <wf lemma="til" pos="X">til</wf>
         <wf lemma="at" pos="X">at</wf>
         <wf lemma="vide" pos="X">vide</wf>
         <wf lemma="noget" pos="X">noget</wf>
         <wf lemma="," pos="X">,</wf>
         <wf lemma="men" pos="X">men</wf>
         <wf lemma="det" pos="X">det</wf>
         <wf lemma="er" pos="X">er</wf>
         <wf lemma="altid" pos="X">altid</wf>
         <wf lemma="dem" pos="X">dem</wf>
         <wf lemma="," pos="X">,</wf>
         <wf lemma="der" pos="X">der</wf>
         <wf lemma="har" pos="X">har</wf>
         <wf lemma="mindst" pos="X">mindst</wf>
         <instance id="d000.s1926.t000" lemma="forstand" pos="NOUN">forstand</instance>
         <wf lemma="," pos="X">,</wf>
         <wf lemma="der" pos="X">der</wf>
         <wf lemma="råber" pos="X">råber</wf>
         <wf lemma="højest" pos="X">højest</wf>
         <wf lemma="." pos="X">.</wf>
      </sentence>
      <sentence id="d000.s1927" source="wordnet-danish">
         <wf lemma="Sikke" pos="X">Sikke</wf>
         <wf lemma="noget" pos="X">noget</wf>
         <instance id="d000.s1927.t000" lemma="vrøvl" pos="NOUN">vrøvl</instance>
         <wf lemma="," pos="X">,</wf>
         <wf lemma="selvfølgelig" pos="X">selvfølgelig</wf>
         <wf lemma="går" pos="X">går</wf>
         <wf lemma="du" pos="X">du</wf>
         <wf lemma="ikke" pos="X">ikke</wf>
         <wf lemma="i" pos="X">i</wf>
         <wf lemma="vejen" pos="X">vejen</wf>
         <wf lemma="," pos="X">,</wf>
         <wf lemma="vi" pos="X">vi</wf>
         <wf lemma="vil" pos="X">vil</wf>
         <wf lemma="gerne" pos="X">gerne</wf>
         <wf lemma="have" pos="X">have</wf>
         <wf lemma="dig" pos="X">dig</wf>
         <wf lemma="hos" pos="X">hos</wf>
         <wf lemma="os" pos="X">os</wf>
         <wf lemma="." pos="X">.</wf>
      </sentence>
      <sentence id="d000.s1928" source="wordnet-danish">
         <wf lemma="Tirsdag" pos="X">Tirsdag</wf>
         <wf lemma="er" pos="X">er</wf>
         <wf lemma="der" pos="X">der</wf>
         <wf lemma="udflugt" pos="X">udflugt</wf>
         <wf lemma="til" pos="X">til</wf>
         <wf lemma="en" pos="X">en</wf>
         <wf lemma="krystalfabrik" pos="X">krystalfabrik</wf>
         <wf lemma="," pos="X">,</wf>
         <wf lemma="hvor" pos="X">hvor</wf>
         <wf lemma="glaspusterne" pos="X">glaspusterne</wf>
         <wf lemma="fremtryller" pos="X">fremtryller</wf>
         <wf lemma="den" pos="X">den</wf>
         <wf lemma="tjekkiske" pos="X">tjekkiske</wf>
         <instance id="d000.s1928.t000" lemma="krystal" pos="NOUN">krystal</instance>
         <wf lemma="." pos="X">.</wf>
      </sentence>
      <sentence id="d000.s1929" source="wordnet-danish">
         <wf lemma="Sagsbehandleren" pos="X">Sagsbehandleren</wf>
         <wf lemma="Christine" pos="X">Christine</wf>
         <wf lemma="leder" pos="X">leder</wf>
         <wf lemma="et" pos="X">et</wf>
         <instance id="d000.s1929.t000" lemma="projekt" pos="NOUN">projekt</instance>
         <wf lemma="," pos="X">,</wf>
         <wf lemma="der" pos="X">der</wf>
         <wf lemma="forsøger" pos="X">forsøger</wf>
         <wf lemma="at" pos="X">at</wf>
         <wf lemma="redde" pos="X">redde</wf>
         <wf lemma="bortløbne" pos="X">bortløbne</wf>
         <wf lemma="børn" pos="X">børn</wf>
         <wf lemma="." pos="X">.</wf>
      </sentence>
      <sentence id="d000.s1930" source="wordnet-danish">
         <wf lemma="Solen" pos="X">Solen</wf>
         <wf lemma="sender" pos="X">sender</wf>
         <wf lemma="sine" pos="X">sine</wf>
         <wf lemma="første" pos="X">første</wf>
         <instance id="d000.s1930.t000" lemma="stråle" pos="NOUN">stråler</instance>
         <wf lemma="ind" pos="X">ind</wf>
         <wf lemma="mellem" pos="X">mellem</wf>
         <wf lemma="de" pos="X">de</wf>
         <wf lemma="krogede" pos="X">krogede</wf>
         <wf lemma="fyrretræer" pos="X">fyrretræer</wf>
         <wf lemma="." pos="X">.</wf>
      </sentence>
      <sentence id="d000.s1931" source="wordnet-danish">
         <wf lemma="Så" pos="X">Så</wf>
         <wf lemma="når" pos="X">når</wf>
         <wf lemma="lyset" pos="X">lyset</wf>
         <wf lemma="et" pos="X">et</wf>
         <instance id="d000.s1931.t000" lemma="minimum" pos="NOUN">minimum</instance>
         <wf lemma="," pos="X">,</wf>
         <wf lemma="som" pos="X">som</wf>
         <wf lemma="varer" pos="X">varer</wf>
         <wf lemma="ca." pos="X">ca.</wf>
         <wf lemma="20" pos="X">20</wf>
         <wf lemma="minutter" pos="X">minutter</wf>
         <wf lemma="," pos="X">,</wf>
         <wf lemma="hvorefter" pos="X">hvorefter</wf>
         <wf lemma="lyset" pos="X">lyset</wf>
         <wf lemma="igen" pos="X">igen</wf>
         <wf lemma="bliver" pos="X">bliver</wf>
         <wf lemma="stærkere" pos="X">stærkere</wf>
         <wf lemma="." pos="X">.</wf>
      </sentence>
      <sentence id="d000.s1932" source="wordnet-danish">
         <wf lemma="Maria" pos="X">Maria</wf>
         <wf lemma="Bergers" pos="X">Bergers</wf>
         <wf lemma="oplevelser" pos="X">oplevelser</wf>
         <wf lemma="syntes" pos="X">syntes</wf>
         <wf lemma="at" pos="X">at</wf>
         <instance id="d000.s1932.t000" lemma="more" pos="VERB">more</instance>
         <wf lemma="forfatteren" pos="X">forfatteren</wf>
         <wf lemma="," pos="X">,</wf>
         <wf lemma="som" pos="X">som</wf>
         <wf lemma="lyttede" pos="X">lyttede</wf>
         <wf lemma="nikkende" pos="X">nikkende</wf>
         <wf lemma="og" pos="X">og</wf>
         <wf lemma="smågrinende" pos="X">smågrinende</wf>
         <wf lemma="til" pos="X">til</wf>
         <wf lemma="Løntorps" pos="X">Løntorps</wf>
         <wf lemma="beretning" pos="X">beretning</wf>
         <wf lemma="." pos="X">.</wf>
      </sentence>
      <sentence id="d000.s1933" source="wordnet-danish">
         <wf lemma="Min" pos="X">Min</wf>
         <wf lemma="toårige" pos="X">toårige</wf>
         <wf lemma="datter" pos="X">datter</wf>
         <wf lemma="og" pos="X">og</wf>
         <wf lemma="jeg" pos="X">jeg</wf>
         <wf lemma="var" pos="X">var</wf>
         <wf lemma="enige" pos="X">enige</wf>
         <wf lemma="om" pos="X">om</wf>
         <wf lemma="," pos="X">,</wf>
         <wf lemma="at" pos="X">at</wf>
         <wf lemma="mukoen" pos="X">mukoen</wf>
         <wf lemma="siger" pos="X">siger</wf>
         <wf lemma="'mu'" pos="X">'mu'</wf>
         <wf lemma="," pos="X">,</wf>
         <instance id="d000.s1933.t000" lemma="øfgris" pos="NOUN">øfgrisen</instance>
         <wf lemma="siger" pos="X">siger</wf>
         <wf lemma="'øf-øf'" pos="X">'øf-øf'</wf>
         <wf lemma=".." pos="X">..</wf>
         <wf lemma="og" pos="X">og</wf>
         <wf lemma="vovsen" pos="X">vovsen</wf>
         <wf lemma="siger" pos="X">siger</wf>
         <wf lemma="'vov-vov'." pos="X">'vov-vov'.</wf>
      </sentence>
      <sentence id="d000.s1934" source="wordnet-danish">
         <wf lemma="Drude" pos="X">Drude</wf>
         <wf lemma="stod" pos="X">stod</wf>
         <wf lemma="og" pos="X">og</wf>
         <instance id="d000.s1934.t000" lemma="banke" pos="VERB">bankede</instance>
         <wf lemma="på" pos="X">på</wf>
         <wf lemma="købmandens" pos="X">købmandens</wf>
         <wf lemma="lille" pos="X">lille</wf>
         <wf lemma="rude" pos="X">rude</wf>
         <wf lemma="," pos="X">,</wf>
         <wf lemma="fordi" pos="X">fordi</wf>
         <wf lemma="hun" pos="X">hun</wf>
         <wf lemma="midt" pos="X">midt</wf>
         <wf lemma="om" pos="X">om</wf>
         <wf lemma="natten" pos="X">natten</wf>
         <wf lemma="var" pos="X">var</wf>
         <wf lemma="løbet" pos="X">løbet</wf>
         <wf lemma="tør" pos="X">tør</wf>
         <wf lemma="for" pos="X">for</wf>
         <wf lemma="whisky" pos="X">whisky</wf>
         <wf lemma="." pos="X">.</wf>
      </sentence>
      <sentence id="d000.s1935" source="wordnet-danish">
         <wf lemma="efter" pos="X">efter</wf>
         <wf lemma="arbejdstid" pos="X">arbejdstid</wf>
         <wf lemma=".." pos="X">..</wf>
         <wf lemma="så" pos="X">så</wf>
         <wf lemma="skal" pos="X">skal</wf>
         <wf lemma="du" pos="X">du</wf>
         <wf lemma="vel" pos="X">vel</wf>
         <wf lemma="ud" pos="X">ud</wf>
         <wf lemma="og" pos="X">og</wf>
         <wf lemma="lave" pos="X">lave</wf>
         <wf lemma="lidt" pos="X">lidt</wf>
         <wf lemma="sjov" pos="X">sjov</wf>
         <wf lemma="," pos="X">,</wf>
         <wf lemma="sådan" pos="X">sådan</wf>
         <wf lemma="med" pos="X">med</wf>
         <instance id="d000.s1935.t000" lemma="natklub" pos="NOUN">natklubber</instance>
         <wf lemma="og" pos="X">og</wf>
         <wf lemma="moderne" pos="X">moderne</wf>
         <wf lemma="damer" pos="X">damer</wf>
         <wf lemma="og" pos="X">og</wf>
         <wf lemma="den" pos="X">den</wf>
         <wf lemma="slags" pos="X">slags</wf>
         <wf lemma="," pos="X">,</wf>
         <wf lemma="ikke" pos="X">ikke</wf>
         <wf lemma="?" pos="X">?</wf>
      </sentence>
      <sentence id="d000.s1936" source="wordnet-danish">
         <wf lemma="Mark" pos="X">Mark</wf>
         <wf lemma="Latham" pos="X">Latham</wf>
         <wf lemma="lægger" pos="X">lægger</wf>
         <wf lemma="håndfladen" pos="X">håndfladen</wf>
         <wf lemma="på" pos="X">på</wf>
         <wf lemma="den" pos="X">den</wf>
         <wf lemma="midterste" pos="X">midterste</wf>
         <wf lemma="del" pos="X">del</wf>
         <wf lemma="af" pos="X">af</wf>
         <wf lemma="et" pos="X">et</wf>
         <instance id="d000.s1936.t000" lemma="landkort" pos="NOUN">landkort</instance>
         <wf lemma="over" pos="X">over</wf>
         <wf lemma="Mozambique" pos="X">Mozambique</wf>
         <wf lemma="." pos="X">.</wf>
      </sentence>
      <sentence id="d000.s1937" source="wordnet-danish">
         <wf lemma="En" pos="X">En</wf>
         <wf lemma="varm" pos="X">varm</wf>
         <instance id="d000.s1937.t000" lemma="sandwich" pos="NOUN">sandwich</instance>
         <wf lemma="er" pos="X">er</wf>
         <wf lemma="nem" pos="X">nem</wf>
         <wf lemma="og" pos="X">og</wf>
         <wf lemma="lækker" pos="X">lækker</wf>
         <wf lemma="mad" pos="X">mad</wf>
         <wf lemma="." pos="X">.</wf>
      </sentence>
      <sentence id="d000.s1938" source="wordnet-danish">
         <wf lemma="Kagen" pos="X">Kagen</wf>
         <wf lemma="skæres" pos="X">skæres</wf>
         <wf lemma="i" pos="X">i</wf>
         <wf lemma="ret" pos="X">ret</wf>
         <wf lemma="tynde" pos="X">tynde</wf>
         <instance id="d000.s1938.t000" lemma="skive" pos="NOUN">skiver</instance>
         <wf lemma="med" pos="X">med</wf>
         <wf lemma="en" pos="X">en</wf>
         <wf lemma="skarp" pos="X">skarp</wf>
         <wf lemma="kniv" pos="X">kniv</wf>
         <wf lemma="." pos="X">.</wf>
      </sentence>
      <sentence id="d000.s1939" source="wordnet-danish">
         <wf lemma="Nogle" pos="X">Nogle</wf>
         <wf lemma="sprog" pos="X">sprog</wf>
         <wf lemma="har" pos="X">har</wf>
         <wf lemma="ikke" pos="X">ikke</wf>
         <wf lemma="ord" pos="X">ord</wf>
         <wf lemma="for" pos="X">for</wf>
         <wf lemma="det" pos="X">det</wf>
         <wf lemma="," pos="X">,</wf>
         <wf lemma="andre" pos="X">andre</wf>
         <wf lemma="har" pos="X">har</wf>
         <wf lemma="," pos="X">,</wf>
         <wf lemma="og" pos="X">og</wf>
         <instance id="d000.s1939.t000" lemma="nuance" pos="NOUN">nuancer</instance>
         <wf lemma="går" pos="X">går</wf>
         <wf lemma="let" pos="X">let</wf>
         <wf lemma="tabt" pos="X">tabt</wf>
         <wf lemma="." pos="X">.</wf>
      </sentence>
      <sentence id="d000.s1940" source="wordnet-danish">
         <wf lemma="Vulkansk" pos="X">Vulkansk</wf>
         <wf lemma="aktivitet" pos="X">aktivitet</wf>
         <wf lemma="frembringes" pos="X">frembringes</wf>
         <wf lemma="af" pos="X">af</wf>
         <wf lemma="langsomme" pos="X">langsomme</wf>
         <wf lemma="varmestrømme" pos="X">varmestrømme</wf>
         <wf lemma="fra" pos="X">fra</wf>
         <wf lemma="magmalommer" pos="X">magmalommer</wf>
         <wf lemma="under" pos="X">under</wf>
         <wf lemma="de" pos="X">de</wf>
         <instance id="d000.s1940.t000" lemma="kontinental" pos="ADJ">kontinentale</instance>
         <wf lemma="brudrande" pos="X">brudrande</wf>
         <wf lemma="." pos="X">.</wf>
      </sentence>
      <sentence id="d000.s1941" source="wordnet-danish">
         <wf lemma="nu" pos="X">nu</wf>
         <wf lemma="skal" pos="X">skal</wf>
         <wf lemma="mit" pos="X">mit</wf>
         <wf lemma="testamente" pos="X">testamente</wf>
         <wf lemma="ændres" pos="X">ændres</wf>
         <wf lemma="," pos="X">,</wf>
         <wf lemma="så" pos="X">så</wf>
         <wf lemma="du" pos="X">du</wf>
         <wf lemma="kun" pos="X">kun</wf>
         <wf lemma="kan" pos="X">kan</wf>
         <wf lemma="bortøde" pos="X">bortøde</wf>
         <wf lemma="halvdelen" pos="X">halvdelen</wf>
         <wf lemma="af" pos="X">af</wf>
         <wf lemma="den" pos="X">den</wf>
         <wf lemma="formue" pos="X">formue</wf>
         <wf lemma="," pos="X">,</wf>
         <wf lemma="jeg" pos="X">jeg</wf>
         <wf lemma="engang" pos="X">engang</wf>
         <instance id="d000.s1941.t000" lemma="efterlade" pos="VERB">efterlader</instance>
         <wf lemma="." pos="X">.</wf>
      </sentence>
      <sentence id="d000.s1942" source="wordnet-danish">
         <wf lemma="kl" pos="X">kl</wf>
         <wf lemma="." pos="X">.</wf>
         <wf lemma="20.00" pos="X">20.00</wf>
         <wf lemma="kommer" pos="X">kommer</wf>
         <wf lemma="'" pos="X">'</wf>
         <wf lemma="Årets" pos="X">Årets</wf>
         <wf lemma="sidste" pos="X">sidste</wf>
         <wf lemma="koncert'" pos="X">koncert'</wf>
         <wf lemma="," pos="X">,</wf>
         <wf lemma="der" pos="X">der</wf>
         <wf lemma="arrangeres" pos="X">arrangeres</wf>
         <wf lemma="i" pos="X">i</wf>
         <wf lemma="Cirkusbygningen" pos="X">Cirkusbygningen</wf>
         <wf lemma="i" pos="X">i</wf>
         <wf lemma="København" pos="X">København</wf>
         <wf lemma="med" pos="X">med</wf>
         <wf lemma="Otto" pos="X">Otto</wf>
         <wf lemma="Leisner" pos="X">Leisner</wf>
         <wf lemma="som" pos="X">som</wf>
         <instance id="d000.s1942.t000" lemma="konferencier" pos="NOUN">konferencier</instance>
         <wf lemma="." pos="X">.</wf>
      </sentence>
      <sentence id="d000.s1943" source="wordnet-danish">
         <wf lemma="alt" pos="X">alt</wf>
         <wf lemma="for" pos="X">for</wf>
         <wf lemma="mange" pos="X">mange</wf>
         <wf lemma="jægere" pos="X">jægere</wf>
         <wf lemma="smider" pos="X">smider</wf>
         <wf lemma="alt" pos="X">alt</wf>
         <wf lemma="for" pos="X">for</wf>
         <wf lemma="mange" pos="X">mange</wf>
         <instance id="d000.s1943.t000" lemma="opdrætte" pos="VERB">opdrættede</instance>
         <wf lemma="ænder" pos="X">ænder</wf>
         <wf lemma="i" pos="X">i</wf>
         <wf lemma="alt" pos="X">alt</wf>
         <wf lemma="for" pos="X">for</wf>
         <wf lemma="små" pos="X">små</wf>
         <wf lemma="vandhuller" pos="X">vandhuller</wf>
         <wf lemma="og" pos="X">og</wf>
         <wf lemma="driver" pos="X">driver</wf>
         <wf lemma="en" pos="X">en</wf>
         <wf lemma=".." pos="X">..</wf>
         <wf lemma="uetisk" pos="X">uetisk</wf>
         <wf lemma="jagt" pos="X">jagt</wf>
         <wf lemma="på" pos="X">på</wf>
         <wf lemma="dem" pos="X">dem</wf>
         <wf lemma="." pos="X">.</wf>
      </sentence>
      <sentence id="d000.s1944" source="wordnet-danish">
         <wf lemma="Jeg" pos="X">Jeg</wf>
         <wf lemma="var" pos="X">var</wf>
         <wf lemma="på" pos="X">på</wf>
         <wf lemma="vej" pos="X">vej</wf>
         <wf lemma="til" pos="X">til</wf>
         <wf lemma="the" pos="X">the</wf>
         <wf lemma="Midwest" pos="X">Midwest</wf>
         <wf lemma="." pos="X">.</wf>
         <wf lemma="Til" pos="X">Til</wf>
         <instance id="d000.s1944.t000" lemma="stat" pos="NOUN">staten</instance>
         <wf lemma="Nebraska" pos="X">Nebraska</wf>
         <wf lemma="," pos="X">,</wf>
         <wf lemma="som" pos="X">som</wf>
         <wf lemma="ligger" pos="X">ligger</wf>
         <wf lemma="midt" pos="X">midt</wf>
         <wf lemma="i" pos="X">i</wf>
         <wf lemma="USA" pos="X">USA</wf>
         <wf lemma="." pos="X">.</wf>
      </sentence>
      <sentence id="d000.s1945" source="wordnet-danish">
         <wf lemma="Skær" pos="X">Skær</wf>
         <wf lemma="en" pos="X">en</wf>
         <instance id="d000.s1945.t000" lemma="tyk" pos="ADJ">tyk</instance>
         <wf lemma="skive" pos="X">skive</wf>
         <wf lemma="ost" pos="X">ost</wf>
         <wf lemma="i" pos="X">i</wf>
         <wf lemma="strimler" pos="X">strimler</wf>
         <wf lemma="og" pos="X">og</wf>
         <wf lemma="læg" pos="X">læg</wf>
         <wf lemma="halvdelen" pos="X">halvdelen</wf>
         <wf lemma="på" pos="X">på</wf>
         <wf lemma="den" pos="X">den</wf>
         <wf lemma="ene" pos="X">ene</wf>
         <wf lemma="brødskive" pos="X">brødskive</wf>
         <wf lemma="." pos="X">.</wf>
      </sentence>
      <sentence id="d000.s1946" source="wordnet-danish">
         <wf lemma="Før" pos="X">Før</wf>
         <wf lemma="muren" pos="X">muren</wf>
         <wf lemma="blev" pos="X">blev</wf>
         <wf lemma="bygget" pos="X">bygget</wf>
         <wf lemma="," pos="X">,</wf>
         <wf lemma="havde" pos="X">havde</wf>
         <wf lemma="vestberlinerne" pos="X">vestberlinerne</wf>
         <wf lemma="mulighed" pos="X">mulighed</wf>
         <wf lemma="for" pos="X">for</wf>
         <wf lemma="at" pos="X">at</wf>
         <wf lemma="besøge" pos="X">besøge</wf>
         <wf lemma="deres" pos="X">deres</wf>
         <instance id="d000.s1946.t000" lemma="slægtning" pos="NOUN">slægtninge</instance>
         <wf lemma="i" pos="X">i</wf>
         <wf lemma="Østberlin" pos="X">Østberlin</wf>
         <wf lemma="." pos="X">.</wf>
      </sentence>
      <sentence id="d000.s1947" source="wordnet-danish">
         <wf lemma="Nå" pos="X">Nå</wf>
         <wf lemma="," pos="X">,</wf>
         <wf lemma="I" pos="X">I</wf>
         <wf lemma="bor" pos="X">bor</wf>
         <wf lemma="stadig" pos="X">stadig</wf>
         <wf lemma="her" pos="X">her</wf>
         <wf lemma="?" pos="X">?</wf>
         <wf lemma="Kommunen" pos="X">Kommunen</wf>
         <wf lemma="tillader" pos="X">tillader</wf>
         <wf lemma="ellers" pos="X">ellers</wf>
         <wf lemma="ikke" pos="X">ikke</wf>
         <instance id="d000.s1947.t000" lemma="beboelse" pos="NOUN">beboelse</instance>
         <wf lemma="i" pos="X">i</wf>
         <wf lemma="staldbygninger" pos="X">staldbygninger</wf>
         <wf lemma="." pos="X">.</wf>
      </sentence>
      <sentence id="d000.s1948" source="wordnet-danish">
         <wf lemma="det" pos="X">det</wf>
         <wf lemma="er" pos="X">er</wf>
         <wf lemma="da" pos="X">da</wf>
         <wf lemma="altid" pos="X">altid</wf>
         <wf lemma="mig" pos="X">mig</wf>
         <wf lemma="der" pos="X">der</wf>
         <wf lemma="må" pos="X">må</wf>
         <wf lemma="tage" pos="X">tage</wf>
         <instance id="d000.s1948.t000" lemma="knogle" pos="NOUN">knoglen</instance>
         <wf lemma="," pos="X">,</wf>
         <wf lemma="ikke" pos="X">ikke</wf>
         <wf lemma="?" pos="X">?</wf>
         <wf lemma="hvis" pos="X">hvis</wf>
         <wf lemma="jeg" pos="X">jeg</wf>
         <wf lemma="vil" pos="X">vil</wf>
         <wf lemma="tale" pos="X">tale</wf>
         <wf lemma="med" pos="X">med</wf>
         <wf lemma="dem" pos="X">dem</wf>
         <wf lemma="." pos="X">.</wf>
      </sentence>
      <sentence id="d000.s1949" source="wordnet-danish">
         <wf lemma="Cykler" pos="X">Cykler</wf>
         <wf lemma="skal" pos="X">skal</wf>
         <instance id="d000.s1949.t000" lemma="parkere" pos="VERB">parkeres</instance>
         <wf lemma="i" pos="X">i</wf>
         <wf lemma="stativerne" pos="X">stativerne</wf>
         <wf lemma="eller" pos="X">eller</wf>
         <wf lemma="i" pos="X">i</wf>
         <wf lemma="cykelrummet" pos="X">cykelrummet</wf>
         <wf lemma="i" pos="X">i</wf>
         <wf lemma="kælderen" pos="X">kælderen</wf>
         <wf lemma="." pos="X">.</wf>
      </sentence>
      <sentence id="d000.s1950" source="wordnet-danish">
         <wf lemma="jeg" pos="X">jeg</wf>
         <wf lemma="løfter" pos="X">løfter</wf>
         <wf lemma="en" pos="X">en</wf>
         <wf lemma="rygende" pos="X">rygende</wf>
         <wf lemma="desserttærte" pos="X">desserttærte</wf>
         <wf lemma="ud" pos="X">ud</wf>
         <wf lemma="af" pos="X">af</wf>
         <wf lemma="ovnen" pos="X">ovnen</wf>
         <wf lemma="." pos="X">.</wf>
         <wf lemma="Jeg" pos="X">Jeg</wf>
         <wf lemma="sætter" pos="X">sætter</wf>
         <wf lemma="den" pos="X">den</wf>
         <wf lemma="på" pos="X">på</wf>
         <wf lemma="en" pos="X">en</wf>
         <instance id="d000.s1950.t000" lemma="bakke" pos="NOUN">bakke</instance>
         <wf lemma="sammen" pos="X">sammen</wf>
         <wf lemma="med" pos="X">med</wf>
         <wf lemma="skålen" pos="X">skålen</wf>
         <wf lemma="med" pos="X">med</wf>
         <wf lemma="piskefløde" pos="X">piskefløde</wf>
         <wf lemma="." pos="X">.</wf>
      </sentence>
      <sentence id="d000.s1951" source="wordnet-danish">
         <wf lemma="Hun" pos="X">Hun</wf>
         <wf lemma="så" pos="X">så</wf>
         <wf lemma="igen" pos="X">igen</wf>
         <wf lemma="på" pos="X">på</wf>
         <wf lemma="sit" pos="X">sit</wf>
         <wf lemma="ur" pos="X">ur</wf>
         <wf lemma="." pos="X">.</wf>
         <wf lemma="Nu" pos="X">Nu</wf>
         <wf lemma="varede" pos="X">varede</wf>
         <wf lemma="det" pos="X">det</wf>
         <wf lemma="ikke" pos="X">ikke</wf>
         <wf lemma="ret" pos="X">ret</wf>
         <wf lemma="længe" pos="X">længe</wf>
         <wf lemma="," pos="X">,</wf>
         <wf lemma="før" pos="X">før</wf>
         <wf lemma="hun" pos="X">hun</wf>
         <wf lemma="kunne" pos="X">kunne</wf>
         <wf lemma="tillade" pos="X">tillade</wf>
         <wf lemma="sig" pos="X">sig</wf>
         <wf lemma="at" pos="X">at</wf>
         <wf lemma="bryde" pos="X">bryde</wf>
         <wf lemma="op" pos="X">op</wf>
         <wf lemma="uden" pos="X">uden</wf>
         <wf lemma="at" pos="X">at</wf>
         <wf lemma="virke" pos="X">virke</wf>
         <instance id="d000.s1951.t000" lemma="uforskammet" pos="ADJ">uforskammet</instance>
         <wf lemma="." pos="X">.</wf>
      </sentence>
      <sentence id="d000.s1952" source="wordnet-danish">
         <wf lemma="Hun" pos="X">Hun</wf>
         <wf lemma="var" pos="X">var</wf>
         <wf lemma="en" pos="X">en</wf>
         <wf lemma="københavnsk" pos="X">københavnsk</wf>
         <instance id="d000.s1952.t000" lemma="særling" pos="NOUN">særling</instance>
         <wf lemma="," pos="X">,</wf>
         <wf lemma="som" pos="X">som</wf>
         <wf lemma="gik" pos="X">gik</wf>
         <wf lemma="syngende" pos="X">syngende</wf>
         <wf lemma="rundt" pos="X">rundt</wf>
         <wf lemma="i" pos="X">i</wf>
         <wf lemma="det" pos="X">det</wf>
         <wf lemma="indre" pos="X">indre</wf>
         <wf lemma="af" pos="X">af</wf>
         <wf lemma="København" pos="X">København</wf>
         <wf lemma="og" pos="X">og</wf>
         <wf lemma="spredte" pos="X">spredte</wf>
         <wf lemma="glæde" pos="X">glæde</wf>
         <wf lemma="og" pos="X">og</wf>
         <wf lemma="undren" pos="X">undren</wf>
         <wf lemma="." pos="X">.</wf>
      </sentence>
      <sentence id="d000.s1953" source="wordnet-danish">
         <wf lemma="Efter" pos="X">Efter</wf>
         <wf lemma="de" pos="X">de</wf>
         <wf lemma="fremlagte" pos="X">fremlagte</wf>
         <instance id="d000.s1953.t000" lemma="skitse" pos="NOUN">skitser</instance>
         <wf lemma="bliver" pos="X">bliver</wf>
         <wf lemma="det" pos="X">det</wf>
         <wf lemma="et" pos="X">et</wf>
         <wf lemma="særdeles" pos="X">særdeles</wf>
         <wf lemma="flot" pos="X">flot</wf>
         <wf lemma="byggeri" pos="X">byggeri</wf>
         <wf lemma="," pos="X">,</wf>
         <wf lemma="der" pos="X">der</wf>
         <wf lemma="vil" pos="X">vil</wf>
         <wf lemma="passe" pos="X">passe</wf>
         <wf lemma="ind" pos="X">ind</wf>
         <wf lemma="i" pos="X">i</wf>
         <wf lemma="byen" pos="X">byen</wf>
         <wf lemma="." pos="X">.</wf>
      </sentence>
      <sentence id="d000.s1954" source="wordnet-danish">
         <wf lemma="Kim" pos="X">Kim</wf>
         <wf lemma="har" pos="X">har</wf>
         <wf lemma="en" pos="X">en</wf>
         <wf lemma="forkærlighed" pos="X">forkærlighed</wf>
         <wf lemma="for" pos="X">for</wf>
         <wf lemma="fremmedord" pos="X">fremmedord</wf>
         <wf lemma="på" pos="X">på</wf>
         <wf lemma="over" pos="X">over</wf>
         <wf lemma="tre" pos="X">tre</wf>
         <instance id="d000.s1954.t000" lemma="stavelse" pos="NOUN">stavelser</instance>
         <wf lemma="." pos="X">.</wf>
      </sentence>
      <sentence id="d000.s1955" source="wordnet-danish">
         <wf lemma="en" pos="X">en</wf>
         <wf lemma="frisk" pos="X">frisk</wf>
         <wf lemma="brise" pos="X">brise</wf>
         <wf lemma="blæste" pos="X">blæste</wf>
         <wf lemma="agterfra" pos="X">agterfra</wf>
         <wf lemma="," pos="X">,</wf>
         <wf lemma="fyldte" pos="X">fyldte</wf>
         <instance id="d000.s1955.t000" lemma="sejl" pos="NOUN">sejlene</instance>
         <wf lemma="og" pos="X">og</wf>
         <wf lemma="fik" pos="X">fik</wf>
         <wf lemma="det" pos="X">det</wf>
         <wf lemma="sorte" pos="X">sorte</wf>
         <wf lemma="flag" pos="X">flag</wf>
         <wf lemma="med" pos="X">med</wf>
         <wf lemma="dødningehovedet" pos="X">dødningehovedet</wf>
         <wf lemma="til" pos="X">til</wf>
         <wf lemma="at" pos="X">at</wf>
         <wf lemma="blafre" pos="X">blafre</wf>
         <wf lemma="." pos="X">.</wf>
      </sentence>
      <sentence id="d000.s1956" source="wordnet-danish">
         <wf lemma="Bodil" pos="X">Bodil</wf>
         <wf lemma="Kaalunds" pos="X">Kaalunds</wf>
         <wf lemma="illustrerede" pos="X">illustrerede</wf>
         <instance id="d000.s1956.t000" lemma="udgave" pos="NOUN">udgave</instance>
         <wf lemma="af" pos="X">af</wf>
         <wf lemma="Bibelen" pos="X">Bibelen</wf>
         <wf lemma="til" pos="X">til</wf>
         <wf lemma="750" pos="X">750</wf>
         <wf lemma="kr." pos="X">kr.</wf>
         <wf lemma="er" pos="X">er</wf>
         <wf lemma="trykt" pos="X">trykt</wf>
         <wf lemma="i" pos="X">i</wf>
         <wf lemma="8000" pos="X">8000</wf>
         <wf lemma="eksemplarer" pos="X">eksemplarer</wf>
         <wf lemma="." pos="X">.</wf>
      </sentence>
      <sentence id="d000.s1957" source="wordnet-danish">
         <wf lemma="'" pos="X">'</wf>
         <wf lemma="Søllestedmærker" pos="X">Søllestedmærker</wf>
         <wf lemma="'" pos="X">'</wf>
         <wf lemma=".." pos="X">..</wf>
         <wf lemma="var" pos="X">var</wf>
         <wf lemma="et" pos="X">et</wf>
         <wf lemma="ark" pos="X">ark</wf>
         <wf lemma="våbentypemærker" pos="X">våbentypemærker</wf>
         <wf lemma="," pos="X">,</wf>
         <wf lemma="som" pos="X">som</wf>
         <wf lemma="ved" pos="X">ved</wf>
         <wf lemma="en" pos="X">en</wf>
         <wf lemma="fejltagelse" pos="X">fejltagelse</wf>
         <wf lemma="kom" pos="X">kom</wf>
         <wf lemma="ud" pos="X">ud</wf>
         <wf lemma="fra" pos="X">fra</wf>
         <wf lemma="frimærketrykkeriet" pos="X">frimærketrykkeriet</wf>
         <wf lemma="," pos="X">,</wf>
         <wf lemma="uden" pos="X">uden</wf>
         <wf lemma="at" pos="X">at</wf>
         <wf lemma="være" pos="X">være</wf>
         <instance id="d000.s1957.t000" lemma="perforere" pos="VERB">perforeret</instance>
         <wf lemma="." pos="X">.</wf>
      </sentence>
      <sentence id="d000.s1958" source="wordnet-danish">
         <wf lemma="Som" pos="X">Som</wf>
         <wf lemma="alle" pos="X">alle</wf>
         <wf lemma="andre" pos="X">andre</wf>
         <wf lemma="nybagte" pos="X">nybagte</wf>
         <wf lemma="mødre" pos="X">mødre</wf>
         <wf lemma="måtte" pos="X">måtte</wf>
         <wf lemma="de" pos="X">de</wf>
         <wf lemma="erkende" pos="X">erkende</wf>
         <wf lemma="," pos="X">,</wf>
         <wf lemma="at" pos="X">at</wf>
         <wf lemma="børn" pos="X">børn</wf>
         <wf lemma="tager" pos="X">tager</wf>
         <wf lemma="tid" pos="X">tid</wf>
         <wf lemma="og" pos="X">og</wf>
         <wf lemma="skaber" pos="X">skaber</wf>
         <instance id="d000.s1958.t000" lemma="uorden" pos="NOUN">uorden</instance>
         <wf lemma="i" pos="X">i</wf>
         <wf lemma="dagligdagen" pos="X">dagligdagen</wf>
         <wf lemma="." pos="X">.</wf>
      </sentence>
      <sentence id="d000.s1959" source="wordnet-danish">
         <wf lemma="Det" pos="X">Det</wf>
         <wf lemma="er" pos="X">er</wf>
         <wf lemma="ikke" pos="X">ikke</wf>
         <wf lemma="sket" pos="X">sket</wf>
         <wf lemma="før" pos="X">før</wf>
         <wf lemma="," pos="X">,</wf>
         <wf lemma="at" pos="X">at</wf>
         <wf lemma="vi" pos="X">vi</wf>
         <wf lemma="fængsler" pos="X">fængsler</wf>
         <wf lemma="en" pos="X">en</wf>
         <wf lemma="advokat" pos="X">advokat</wf>
         <wf lemma="for" pos="X">for</wf>
         <wf lemma="at" pos="X">at</wf>
         <instance id="d000.s1959.t000" lemma="true" pos="VERB">true</instance>
         <wf lemma="et" pos="X">et</wf>
         <wf lemma="vidne" pos="X">vidne</wf>
         <wf lemma="til" pos="X">til</wf>
         <wf lemma="tavshed" pos="X">tavshed</wf>
         <wf lemma="." pos="X">.</wf>
      </sentence>
      <sentence id="d000.s1960" source="wordnet-danish">
         <wf lemma="Som" pos="X">Som</wf>
         <wf lemma="regel" pos="X">regel</wf>
         <instance id="d000.s1960.t000" lemma="græsse" pos="VERB">græssede</instance>
         <wf lemma="dyrene" pos="X">dyrene</wf>
         <wf lemma="fredeligt" pos="X">fredeligt</wf>
         <wf lemma="på" pos="X">på</wf>
         <wf lemma="engene" pos="X">engene</wf>
         <wf lemma="," pos="X">,</wf>
         <wf lemma="så" pos="X">så</wf>
         <wf lemma="hyrdedrengene" pos="X">hyrdedrengene</wf>
         <wf lemma="havde" pos="X">havde</wf>
         <wf lemma="også" pos="X">også</wf>
         <wf lemma="tid" pos="X">tid</wf>
         <wf lemma="til" pos="X">til</wf>
         <wf lemma="at" pos="X">at</wf>
         <wf lemma="lege" pos="X">lege</wf>
         <wf lemma="og" pos="X">og</wf>
         <wf lemma="lave" pos="X">lave</wf>
         <wf lemma="forskellige" pos="X">forskellige</wf>
         <wf lemma="slags" pos="X">slags</wf>
         <wf lemma="legetøj" pos="X">legetøj</wf>
         <wf lemma="." pos="X">.</wf>
      </sentence>
      <sentence id="d000.s1961" source="wordnet-danish">
         <wf lemma="Det" pos="X">Det</wf>
         <wf lemma="er" pos="X">er</wf>
         <wf lemma="det" pos="X">det</wf>
         <wf lemma="samme" pos="X">samme</wf>
         <wf lemma="evangelium" pos="X">evangelium</wf>
         <wf lemma="om" pos="X">om</wf>
         <wf lemma="Guds" pos="X">Guds</wf>
         <wf lemma="kærlighed" pos="X">kærlighed</wf>
         <wf lemma="," pos="X">,</wf>
         <wf lemma="der" pos="X">der</wf>
         <wf lemma="forkyndes" pos="X">forkyndes</wf>
         <wf lemma="i" pos="X">i</wf>
         <instance id="d000.s1961.t000" lemma="prædike" pos="NOUN">prædiken</instance>
         <wf lemma="efter" pos="X">efter</wf>
         <wf lemma="prædiken" pos="X">prædiken</wf>
         <wf lemma="." pos="X">.</wf>
      </sentence>
      <sentence id="d000.s1962" source="wordnet-danish">
         <wf lemma="Senere" pos="X">Senere</wf>
         <wf lemma="kom" pos="X">kom</wf>
         <wf lemma="han" pos="X">han</wf>
         <wf lemma="til" pos="X">til</wf>
         <wf lemma="SAS" pos="X">SAS</wf>
         <wf lemma="i" pos="X">i</wf>
         <wf lemma="Stockholm" pos="X">Stockholm</wf>
         <wf lemma="," pos="X">,</wf>
         <wf lemma="hvor" pos="X">hvor</wf>
         <wf lemma="han" pos="X">han</wf>
         <instance id="d000.s1962.t000" lemma="arbejde" pos="VERB">arbejdede</instance>
         <wf lemma="som" pos="X">som</wf>
         <wf lemma="revisor" pos="X">revisor</wf>
         <wf lemma="." pos="X">.</wf>
      </sentence>
      <sentence id="d000.s1963" source="wordnet-danish">
         <wf lemma="Manden" pos="X">Manden</wf>
         <wf lemma="havde" pos="X">havde</wf>
         <instance id="d000.s1963.t000" lemma="hul" pos="NOUN">hul</instance>
         <wf lemma="i" pos="X">i</wf>
         <wf lemma="bukserne" pos="X">bukserne</wf>
         <wf lemma="og" pos="X">og</wf>
         <wf lemma="store" pos="X">store</wf>
         <wf lemma="huller" pos="X">huller</wf>
         <wf lemma="i" pos="X">i</wf>
         <wf lemma="skoene" pos="X">skoene</wf>
         <wf lemma="." pos="X">.</wf>
      </sentence>
      <sentence id="d000.s1964" source="wordnet-danish">
         <wf lemma="vi" pos="X">vi</wf>
         <wf lemma="skulle" pos="X">skulle</wf>
         <wf lemma="helst" pos="X">helst</wf>
         <wf lemma="ikke" pos="X">ikke</wf>
         <wf lemma="gå" pos="X">gå</wf>
         <wf lemma="ud" pos="X">ud</wf>
         <wf lemma="i" pos="X">i</wf>
         <wf lemma="verden" pos="X">verden</wf>
         <wf lemma="og" pos="X">og</wf>
         <wf lemma="sælge" pos="X">sælge</wf>
         <wf lemma="halve" pos="X">halve</wf>
         <instance id="d000.s1964.t000" lemma="løsning" pos="NOUN">løsninger</instance>
         <wf lemma="." pos="X">.</wf>
      </sentence>
      <sentence id="d000.s1965" source="wordnet-danish">
         <wf lemma="jeg" pos="X">jeg</wf>
         <instance id="d000.s1965.t000" lemma="mærke" pos="VERB">mærkede</instance>
         <wf lemma="tårerne" pos="X">tårerne</wf>
         <wf lemma="snige" pos="X">snige</wf>
         <wf lemma="sig" pos="X">sig</wf>
         <wf lemma="op" pos="X">op</wf>
         <wf lemma="i" pos="X">i</wf>
         <wf lemma="øjenkrogene" pos="X">øjenkrogene</wf>
         <wf lemma="." pos="X">.</wf>
      </sentence>
      <sentence id="d000.s1966" source="wordnet-danish">
         <wf lemma="Mit" pos="X">Mit</wf>
         <wf lemma="livs" pos="X">livs</wf>
         <instance id="d000.s1966.t000" lemma="vinter" pos="NOUN">vinter</instance>
         <wf lemma="ville" pos="X">ville</wf>
         <wf lemma="blive" pos="X">blive</wf>
         <wf lemma="lys" pos="X">lys</wf>
         <wf lemma="og" pos="X">og</wf>
         <wf lemma="klar" pos="X">klar</wf>
         <wf lemma="," pos="X">,</wf>
         <wf lemma="hvis" pos="X">hvis</wf>
         <wf lemma="denne" pos="X">denne</wf>
         <wf lemma="åndfulde" pos="X">åndfulde</wf>
         <wf lemma="engel" pos="X">engel</wf>
         <wf lemma="ville" pos="X">ville</wf>
         <wf lemma="dele" pos="X">dele</wf>
         <wf lemma="den" pos="X">den</wf>
         <wf lemma="med" pos="X">med</wf>
         <wf lemma="mig" pos="X">mig</wf>
         <wf lemma="." pos="X">.</wf>
      </sentence>
      <sentence id="d000.s1967" source="wordnet-danish">
         <wf lemma="Jeg" pos="X">Jeg</wf>
         <wf lemma="er" pos="X">er</wf>
         <wf lemma="med" pos="X">med</wf>
         <wf lemma="i" pos="X">i</wf>
         <wf lemma="en" pos="X">en</wf>
         <instance id="d000.s1967.t000" lemma="forening" pos="NOUN">forening</instance>
         <wf lemma="," pos="X">,</wf>
         <wf lemma="hvor" pos="X">hvor</wf>
         <wf lemma="vi" pos="X">vi</wf>
         <wf lemma="vejer" pos="X">vejer</wf>
         <wf lemma="os" pos="X">os</wf>
         <wf lemma="én" pos="X">én</wf>
         <wf lemma="gang" pos="X">gang</wf>
         <wf lemma="om" pos="X">om</wf>
         <wf lemma="ugen" pos="X">ugen</wf>
         <wf lemma="." pos="X">.</wf>
         <wf lemma="Den" pos="X">Den</wf>
         <wf lemma="hedder" pos="X">hedder</wf>
         <wf lemma="Vægtvogterne" pos="X">Vægtvogterne</wf>
         <wf lemma="." pos="X">.</wf>
      </sentence>
      <sentence id="d000.s1968" source="wordnet-danish">
         <wf lemma="Er" pos="X">Er</wf>
         <wf lemma="du" pos="X">du</wf>
         <wf lemma="i" pos="X">i</wf>
         <wf lemma="psykisk" pos="X">psykisk</wf>
         <wf lemma="balance" pos="X">balance</wf>
         <wf lemma="," pos="X">,</wf>
         <wf lemma="og" pos="X">og</wf>
         <wf lemma="har" pos="X">har</wf>
         <wf lemma="du" pos="X">du</wf>
         <wf lemma="det" pos="X">det</wf>
         <wf lemma="godt" pos="X">godt</wf>
         <wf lemma="med" pos="X">med</wf>
         <wf lemma="dig" pos="X">dig</wf>
         <wf lemma="selv" pos="X">selv</wf>
         <wf lemma="," pos="X">,</wf>
         <wf lemma="vil" pos="X">vil</wf>
         <wf lemma="din" pos="X">din</wf>
         <wf lemma="krop" pos="X">krop</wf>
         <wf lemma="være" pos="X">være</wf>
         <wf lemma="levende" pos="X">levende</wf>
         <wf lemma="og" pos="X">og</wf>
         <wf lemma="fuld" pos="X">fuld</wf>
         <wf lemma="af" pos="X">af</wf>
         <instance id="d000.s1968.t000" lemma="energi" pos="NOUN">energi</instance>
         <wf lemma="." pos="X">.</wf>
      </sentence>
      <sentence id="d000.s1969" source="wordnet-danish">
         <wf lemma="Godsejerne" pos="X">Godsejerne</wf>
         <wf lemma="havde" pos="X">havde</wf>
         <wf lemma="ret" pos="X">ret</wf>
         <wf lemma="til" pos="X">til</wf>
         <wf lemma="at" pos="X">at</wf>
         <wf lemma="lade" pos="X">lade</wf>
         <wf lemma="en" pos="X">en</wf>
         <wf lemma="bonde" pos="X">bonde</wf>
         <instance id="d000.s1969.t000" lemma="fængsle" pos="VERB">fængsle</instance>
         <wf lemma="," pos="X">,</wf>
         <wf lemma="hvis" pos="X">hvis</wf>
         <wf lemma="han" pos="X">han</wf>
         <wf lemma="ikke" pos="X">ikke</wf>
         <wf lemma="kunne" pos="X">kunne</wf>
         <wf lemma="betale" pos="X">betale</wf>
         <wf lemma="lånet" pos="X">lånet</wf>
         <wf lemma="tilbage" pos="X">tilbage</wf>
         <wf lemma="." pos="X">.</wf>
      </sentence>
      <sentence id="d000.s1970" source="wordnet-danish">
         <wf lemma="Facit" pos="X">Facit</wf>
         <wf lemma="i" pos="X">i</wf>
         <wf lemma="holdsejladsen" pos="X">holdsejladsen</wf>
         <wf lemma="blev" pos="X">blev</wf>
         <wf lemma="syv" pos="X">syv</wf>
         <wf lemma="danske" pos="X">danske</wf>
         <instance id="d000.s1970.t000" lemma="sejr" pos="NOUN">sejre</instance>
         <wf lemma="," pos="X">,</wf>
         <wf lemma="en" pos="X">en</wf>
         <wf lemma="fjerdeplads" pos="X">fjerdeplads</wf>
         <wf lemma="og" pos="X">og</wf>
         <wf lemma="en" pos="X">en</wf>
         <wf lemma="andenplads" pos="X">andenplads</wf>
         <wf lemma="." pos="X">.</wf>
      </sentence>
      <sentence id="d000.s1971" source="wordnet-danish">
         <wf lemma="Vore" pos="X">Vore</wf>
         <instance id="d000.s1971.t000" lemma="vandløb" pos="NOUN">vandløb</instance>
         <wf lemma="og" pos="X">og</wf>
         <wf lemma="deres" pos="X">deres</wf>
         <wf lemma="omgivelser" pos="X">omgivelser</wf>
         <wf lemma="er" pos="X">er</wf>
         <wf lemma="noget" pos="X">noget</wf>
         <wf lemma="af" pos="X">af</wf>
         <wf lemma="det" pos="X">det</wf>
         <wf lemma="mest" pos="X">mest</wf>
         <wf lemma="værdifulde" pos="X">værdifulde</wf>
         <wf lemma="i" pos="X">i</wf>
         <wf lemma="den" pos="X">den</wf>
         <wf lemma="danske" pos="X">danske</wf>
         <wf lemma="natur" pos="X">natur</wf>
         <wf lemma="." pos="X">.</wf>
      </sentence>
      <sentence id="d000.s1972" source="wordnet-danish">
         <wf lemma="Magnetstenen" pos="X">Magnetstenen</wf>
         <instance id="d000.s1972.t000" lemma="tiltrække" pos="VERB">tiltrækker</instance>
         <wf lemma="en" pos="X">en</wf>
         <wf lemma="jernring" pos="X">jernring</wf>
         <wf lemma="." pos="X">.</wf>
         <wf lemma="Derved" pos="X">Derved</wf>
         <wf lemma="bliver" pos="X">bliver</wf>
         <wf lemma="jernringen" pos="X">jernringen</wf>
         <wf lemma="'magnetisk'" pos="X">'magnetisk'</wf>
         <wf lemma="og" pos="X">og</wf>
         <wf lemma="kan" pos="X">kan</wf>
         <wf lemma="selv" pos="X">selv</wf>
         <wf lemma="tiltrække" pos="X">tiltrække</wf>
         <wf lemma="en" pos="X">en</wf>
         <wf lemma="ny" pos="X">ny</wf>
         <wf lemma="jernring" pos="X">jernring</wf>
         <wf lemma="." pos="X">.</wf>
      </sentence>
      <sentence id="d000.s1973" source="wordnet-danish">
         <wf lemma="[de" pos="X">[de</wf>
         <wf lemma="oprørske" pos="X">oprørske</wf>
         <wf lemma="fanger" pos="X">fanger</wf>
         <wf lemma="har]" pos="X">har]</wf>
         <wf lemma="truet" pos="X">truet</wf>
         <wf lemma="med" pos="X">med</wf>
         <wf lemma="at" pos="X">at</wf>
         <wf lemma="dræbe" pos="X">dræbe</wf>
         <wf lemma="deres" pos="X">deres</wf>
         <instance id="d000.s1973.t000" lemma="gidsel" pos="NOUN">gidsler</instance>
         <wf lemma="hvis" pos="X">hvis</wf>
         <wf lemma="myndighederne" pos="X">myndighederne</wf>
         <wf lemma="forsøger" pos="X">forsøger</wf>
         <wf lemma="et" pos="X">et</wf>
         <wf lemma="stormløb" pos="X">stormløb</wf>
         <wf lemma="." pos="X">.</wf>
      </sentence>
      <sentence id="d000.s1974" source="wordnet-danish">
         <wf lemma="foruden" pos="X">foruden</wf>
         <wf lemma="en" pos="X">en</wf>
         <wf lemma="stor" pos="X">stor</wf>
         <wf lemma="butik" pos="X">butik</wf>
         <wf lemma="omfattede" pos="X">omfattede</wf>
         <wf lemma="[virksomheden" pos="X">[virksomheden</wf>
         <wf lemma="]" pos="X">]</wf>
         <wf lemma="et" pos="X">et</wf>
         <wf lemma="røgeri" pos="X">røgeri</wf>
         <wf lemma="i" pos="X">i</wf>
         <wf lemma="gården" pos="X">gården</wf>
         <wf lemma="med" pos="X">med</wf>
         <wf lemma="lange" pos="X">lange</wf>
         <wf lemma="rader" pos="X">rader</wf>
         <wf lemma="af" pos="X">af</wf>
         <instance id="d000.s1974.t000" lemma="pølse" pos="NOUN">pølser</instance>
         <wf lemma="og" pos="X">og</wf>
         <wf lemma="skinker" pos="X">skinker</wf>
         <wf lemma="." pos="X">.</wf>
      </sentence>
      <sentence id="d000.s1975" source="wordnet-danish">
         <wf lemma="Balletten" pos="X">Balletten</wf>
         <wf lemma="har" pos="X">har</wf>
         <wf lemma="det" pos="X">det</wf>
         <wf lemma="med" pos="X">med</wf>
         <wf lemma="at" pos="X">at</wf>
         <wf lemma="blive" pos="X">blive</wf>
         <wf lemma="stedmoderligt" pos="X">stedmoderligt</wf>
         <instance id="d000.s1975.t000" lemma="behandle" pos="VERB">behandlet</instance>
         <wf lemma="i" pos="X">i</wf>
         <wf lemma="de" pos="X">de</wf>
         <wf lemma="tyske" pos="X">tyske</wf>
         <wf lemma="operahuse" pos="X">operahuse</wf>
         <wf lemma="." pos="X">.</wf>
      </sentence>
      <sentence id="d000.s1976" source="wordnet-danish">
         <wf lemma="Tilsyneladende" pos="X">Tilsyneladende</wf>
         <wf lemma="er" pos="X">er</wf>
         <wf lemma="det" pos="X">det</wf>
         <wf lemma="mest" pos="X">mest</wf>
         <instance id="d000.s1976.t000" lemma="pige" pos="NOUN">piger</instance>
         <wf lemma="og" pos="X">og</wf>
         <wf lemma="unge" pos="X">unge</wf>
         <wf lemma="kvinder" pos="X">kvinder</wf>
         <wf lemma="," pos="X">,</wf>
         <wf lemma="der" pos="X">der</wf>
         <wf lemma="dyrker" pos="X">dyrker</wf>
         <wf lemma="de" pos="X">de</wf>
         <wf lemma="mandlige" pos="X">mandlige</wf>
         <wf lemma="popidoler" pos="X">popidoler</wf>
         <wf lemma="som" pos="X">som</wf>
         <wf lemma="en" pos="X">en</wf>
         <wf lemma="besættelse" pos="X">besættelse</wf>
         <wf lemma="." pos="X">.</wf>
      </sentence>
      <sentence id="d000.s1977" source="wordnet-danish">
         <wf lemma="De" pos="X">De</wf>
         <wf lemma="finder" pos="X">finder</wf>
         <wf lemma="hurtigt" pos="X">hurtigt</wf>
         <wf lemma="kupeen" pos="X">kupeen</wf>
         <wf lemma="og" pos="X">og</wf>
         <wf lemma="får" pos="X">får</wf>
         <instance id="d000.s1977.t000" lemma="slæbe" pos="VERB">slæbt</instance>
         <wf lemma="bagagen" pos="X">bagagen</wf>
         <wf lemma="ind" pos="X">ind</wf>
         <wf lemma="." pos="X">.</wf>
      </sentence>
      <sentence id="d000.s1978" source="wordnet-danish">
         <wf lemma="det" pos="X">det</wf>
         <wf lemma="britiske" pos="X">britiske</wf>
         <wf lemma="kongehus" pos="X">kongehus</wf>
         <wf lemma="[forsøgte]" pos="X">[forsøgte]</wf>
         <wf lemma="i" pos="X">i</wf>
         <wf lemma="november" pos="X">november</wf>
         <wf lemma="at" pos="X">at</wf>
         <instance id="d000.s1978.t000" lemma="forsone" pos="VERB">forsone</instance>
         <wf lemma="parret" pos="X">parret</wf>
         <wf lemma="ved" pos="X">ved</wf>
         <wf lemma="at" pos="X">at</wf>
         <wf lemma="sende" pos="X">sende</wf>
         <wf lemma="det" pos="X">det</wf>
         <wf lemma="på" pos="X">på</wf>
         <wf lemma="rejse" pos="X">rejse</wf>
         <wf lemma="sammen" pos="X">sammen</wf>
         <wf lemma="til" pos="X">til</wf>
         <wf lemma="Korea" pos="X">Korea</wf>
         <wf lemma="." pos="X">.</wf>
      </sentence>
      <sentence id="d000.s1979" source="wordnet-danish">
         <wf lemma="Tekstilbranchen" pos="X">Tekstilbranchen</wf>
         <wf lemma="trængt" pos="X">trængt</wf>
         <wf lemma="op" pos="X">op</wf>
         <wf lemma="i" pos="X">i</wf>
         <wf lemma="en" pos="X">en</wf>
         <wf lemma="krog" pos="X">krog</wf>
         <wf lemma="af" pos="X">af</wf>
         <instance id="d000.s1979.t000" lemma="illegal" pos="ADJ">illegal</instance>
         <wf lemma="import" pos="X">import</wf>
         <wf lemma="af" pos="X">af</wf>
         <wf lemma="cowboybukser" pos="X">cowboybukser</wf>
         <wf lemma="." pos="X">.</wf>
      </sentence>
      <sentence id="d000.s1980" source="wordnet-danish">
         <wf lemma="Man" pos="X">Man</wf>
         <wf lemma="kan" pos="X">kan</wf>
         <wf lemma="rekvirere" pos="X">rekvirere</wf>
         <wf lemma="forskelligt" pos="X">forskelligt</wf>
         <instance id="d000.s1980.t000" lemma="skriftlig" pos="ADJ">skriftligt</instance>
         <wf lemma="materiale" pos="X">materiale</wf>
         <wf lemma="," pos="X">,</wf>
         <wf lemma="bl.a." pos="X">bl.a.</wf>
         <wf lemma="en" pos="X">en</wf>
         <wf lemma="pjece" pos="X">pjece</wf>
         <wf lemma="." pos="X">.</wf>
      </sentence>
      <sentence id="d000.s1981" source="wordnet-danish">
         <wf lemma="det" pos="X">det</wf>
         <instance id="d000.s1981.t000" lemma="vrimle" pos="VERB">vrimlede</instance>
         <wf lemma="med" pos="X">med</wf>
         <wf lemma="laks" pos="X">laks</wf>
         <wf lemma="i" pos="X">i</wf>
         <wf lemma="dette" pos="X">dette</wf>
         <wf lemma="prægtige" pos="X">prægtige</wf>
         <wf lemma="vandløb" pos="X">vandløb</wf>
         <wf lemma="." pos="X">.</wf>
      </sentence>
      <sentence id="d000.s1982" source="wordnet-danish">
         <wf lemma="Da" pos="X">Da</wf>
         <wf lemma="det" pos="X">det</wf>
         <wf lemma="var" pos="X">var</wf>
         <wf lemma="tid" pos="X">tid</wf>
         <wf lemma="at" pos="X">at</wf>
         <wf lemma="stille" pos="X">stille</wf>
         <wf lemma="spørgsmål" pos="X">spørgsmål</wf>
         <wf lemma="," pos="X">,</wf>
         <wf lemma="var" pos="X">var</wf>
         <wf lemma="jeg" pos="X">jeg</wf>
         <wf lemma="en" pos="X">en</wf>
         <wf lemma="af" pos="X">af</wf>
         <wf lemma="de" pos="X">de</wf>
         <wf lemma="første" pos="X">første</wf>
         <wf lemma="," pos="X">,</wf>
         <wf lemma="som" pos="X">som</wf>
         <wf lemma="rakte" pos="X">rakte</wf>
         <instance id="d000.s1982.t000" lemma="hånd" pos="NOUN">hånden</instance>
         <wf lemma="i" pos="X">i</wf>
         <wf lemma="vejret" pos="X">vejret</wf>
         <wf lemma="." pos="X">.</wf>
      </sentence>
      <sentence id="d000.s1983" source="wordnet-danish">
         <wf lemma="På" pos="X">På</wf>
         <wf lemma="de" pos="X">de</wf>
         <wf lemma="seks" pos="X">seks</wf>
         <instance id="d000.s1983.t000" lemma="planere" pos="VERB">planerede</instance>
         <wf lemma="rejser" pos="X">rejser</wf>
         <wf lemma="deltager" pos="X">deltager</wf>
         <wf lemma="i" pos="X">i</wf>
         <wf lemma="alt" pos="X">alt</wf>
         <wf lemma="1300" pos="X">1300</wf>
         <wf lemma="amerikanere" pos="X">amerikanere</wf>
         <wf lemma="." pos="X">.</wf>
      </sentence>
      <sentence id="d000.s1984" source="wordnet-danish">
         <wf lemma="Deres" pos="X">Deres</wf>
         <wf lemma="datter" pos="X">datter</wf>
         <wf lemma="er" pos="X">er</wf>
         <wf lemma="18" pos="X">18</wf>
         <wf lemma="år" pos="X">år</wf>
         <wf lemma="og" pos="X">og</wf>
         <wf lemma="dermed" pos="X">dermed</wf>
         <wf lemma="voksen" pos="X">voksen</wf>
         <wf lemma="og" pos="X">og</wf>
         <instance id="d000.s1984.t000" lemma="myndig" pos="ADJ">myndig</instance>
         <wf lemma="," pos="X">,</wf>
         <wf lemma="så" pos="X">så</wf>
         <wf lemma="Deres" pos="X">Deres</wf>
         <wf lemma="mand" pos="X">mand</wf>
         <wf lemma="kan" pos="X">kan</wf>
         <wf lemma="ikke" pos="X">ikke</wf>
         <wf lemma="diktere" pos="X">diktere</wf>
         <wf lemma="hende" pos="X">hende</wf>
         <wf lemma="," pos="X">,</wf>
         <wf lemma="hvem" pos="X">hvem</wf>
         <wf lemma="hun" pos="X">hun</wf>
         <wf lemma="skal" pos="X">skal</wf>
         <wf lemma="omgås" pos="X">omgås</wf>
         <wf lemma="." pos="X">.</wf>
      </sentence>
      <sentence id="d000.s1985" source="wordnet-danish">
         <wf lemma="Et" pos="X">Et</wf>
         <instance id="d000.s1985.t000" lemma="offer" pos="NOUN">offer</instance>
         <wf lemma="er" pos="X">er</wf>
         <wf lemma="en" pos="X">en</wf>
         <wf lemma="handel" pos="X">handel</wf>
         <wf lemma="med" pos="X">med</wf>
         <wf lemma="guderne" pos="X">guderne</wf>
         <wf lemma="--" pos="X">--</wf>
         <wf lemma="man" pos="X">man</wf>
         <wf lemma="giver" pos="X">giver</wf>
         <wf lemma="noget" pos="X">noget</wf>
         <wf lemma="og" pos="X">og</wf>
         <wf lemma="får" pos="X">får</wf>
         <wf lemma="noget" pos="X">noget</wf>
         <wf lemma="til" pos="X">til</wf>
         <wf lemma="gengæld" pos="X">gengæld</wf>
         <wf lemma="." pos="X">.</wf>
      </sentence>
      <sentence id="d000.s1986" source="wordnet-danish">
         <wf lemma="Dania" pos="X">Dania</wf>
         <wf lemma="Holding" pos="X">Holding</wf>
         <wf lemma="fik" pos="X">fik</wf>
         <wf lemma="tilført" pos="X">tilført</wf>
         <wf lemma="140" pos="X">140</wf>
         <wf lemma="mill." pos="X">mill.</wf>
         <wf lemma="kr." pos="X">kr.</wf>
         <wf lemma="i" pos="X">i</wf>
         <wf lemma="ny" pos="X">ny</wf>
         <wf lemma="kapital" pos="X">kapital</wf>
         <wf lemma="fra" pos="X">fra</wf>
         <wf lemma="en" pos="X">en</wf>
         <wf lemma="række" pos="X">række</wf>
         <instance id="d000.s1986.t000" lemma="investor" pos="NOUN">investorer</instance>
         <wf lemma="i" pos="X">i</wf>
         <wf lemma="december" pos="X">december</wf>
         <wf lemma="sidste" pos="X">sidste</wf>
         <wf lemma="år" pos="X">år</wf>
         <wf lemma="." pos="X">.</wf>
      </sentence>
      <sentence id="d000.s1987" source="wordnet-danish">
         <wf lemma="Den" pos="X">Den</wf>
         <wf lemma="nyfødte" pos="X">nyfødte</wf>
         <wf lemma="dreng" pos="X">dreng</wf>
         <wf lemma="blev" pos="X">blev</wf>
         <instance id="d000.s1987.t000" lemma="undfange" pos="VERB">undfanget</instance>
         <wf lemma="i" pos="X">i</wf>
         <wf lemma="én" pos="X">én</wf>
         <wf lemma="kvindes" pos="X">kvindes</wf>
         <wf lemma="livmoder" pos="X">livmoder</wf>
         <wf lemma="" pos="X"></wf>
         <wf lemma="men" pos="X">men</wf>
         <wf lemma="født" pos="X">født</wf>
         <wf lemma="af" pos="X">af</wf>
         <wf lemma="en" pos="X">en</wf>
         <wf lemma="kvinde" pos="X">kvinde</wf>
         <wf lemma="," pos="X">,</wf>
         <wf lemma="der" pos="X">der</wf>
         <wf lemma="i" pos="X">i</wf>
         <wf lemma="otte" pos="X">otte</wf>
         <wf lemma="år" pos="X">år</wf>
         <wf lemma="forgæves" pos="X">forgæves</wf>
         <wf lemma="havde" pos="X">havde</wf>
         <wf lemma="forsøgt" pos="X">forsøgt</wf>
         <wf lemma="at" pos="X">at</wf>
         <wf lemma="få" pos="X">få</wf>
         <wf lemma="børn" pos="X">børn</wf>
         <wf lemma="." pos="X">.</wf>
      </sentence>
      <sentence id="d000.s1988" source="wordnet-danish">
         <wf lemma="Få" pos="X">Få</wf>
         <wf lemma="svingninger" pos="X">svingninger</wf>
         <wf lemma="pr." pos="X">pr.</wf>
         <wf lemma="sekund" pos="X">sekund</wf>
         <wf lemma="giver" pos="X">giver</wf>
         <wf lemma="en" pos="X">en</wf>
         <wf lemma="dyb" pos="X">dyb</wf>
         <instance id="d000.s1988.t000" lemma="tone" pos="NOUN">tone</instance>
         <wf lemma="," pos="X">,</wf>
         <wf lemma="mens" pos="X">mens</wf>
         <wf lemma="mange" pos="X">mange</wf>
         <wf lemma="svingninger" pos="X">svingninger</wf>
         <wf lemma="giver" pos="X">giver</wf>
         <wf lemma="en" pos="X">en</wf>
         <wf lemma="høj" pos="X">høj</wf>
         <wf lemma="tone" pos="X">tone</wf>
         <wf lemma="." pos="X">.</wf>
      </sentence>
      <sentence id="d000.s1989" source="wordnet-danish">
         <wf lemma="Ejner" pos="X">Ejner</wf>
         <wf lemma="åbnede" pos="X">åbnede</wf>
         <wf lemma="døren" pos="X">døren</wf>
         <wf lemma="til" pos="X">til</wf>
         <wf lemma="laden" pos="X">laden</wf>
         <wf lemma="og" pos="X">og</wf>
         <wf lemma="tændte" pos="X">tændte</wf>
         <wf lemma="en" pos="X">en</wf>
         <wf lemma="nøgen" pos="X">nøgen</wf>
         <wf lemma="," pos="X">,</wf>
         <wf lemma="søvnig" pos="X">søvnig</wf>
         <instance id="d000.s1989.t000" lemma="pære" pos="NOUN">pære</instance>
         <wf lemma="," pos="X">,</wf>
         <wf lemma="der" pos="X">der</wf>
         <wf lemma="hang" pos="X">hang</wf>
         <wf lemma="og" pos="X">og</wf>
         <wf lemma="dinglede" pos="X">dinglede</wf>
         <wf lemma="under" pos="X">under</wf>
         <wf lemma="en" pos="X">en</wf>
         <wf lemma="loftbjælke" pos="X">loftbjælke</wf>
         <wf lemma="." pos="X">.</wf>
      </sentence>
      <sentence id="d000.s1990" source="wordnet-danish">
         <instance id="d000.s1990.t000" lemma="sammenstød" pos="NOUN">sammenstødet</instance>
         <wf lemma="mellem" pos="X">mellem</wf>
         <wf lemma="de" pos="X">de</wf>
         <wf lemma="to" pos="X">to</wf>
         <wf lemma="landmasser" pos="X">landmasser</wf>
         <wf lemma="skubbede" pos="X">skubbede</wf>
         <wf lemma="Himalayas" pos="X">Himalayas</wf>
         <wf lemma="bjergmassiv" pos="X">bjergmassiv</wf>
         <wf lemma="op" pos="X">op</wf>
         <wf lemma="." pos="X">.</wf>
      </sentence>
      <sentence id="d000.s1991" source="wordnet-danish">
         <wf lemma="Den" pos="X">Den</wf>
         <wf lemma="25-årige" pos="X">25-årige</wf>
         <wf lemma="Nils" pos="X">Nils</wf>
         <wf lemma="Malmros" pos="X">Malmros</wf>
         <wf lemma="vidste" pos="X">vidste</wf>
         <wf lemma="godt" pos="X">godt</wf>
         <wf lemma="," pos="X">,</wf>
         <wf lemma="at" pos="X">at</wf>
         <wf lemma="hvis" pos="X">hvis</wf>
         <wf lemma="han" pos="X">han</wf>
         <wf lemma="lavede" pos="X">lavede</wf>
         <wf lemma="endnu" pos="X">endnu</wf>
         <wf lemma="en" pos="X">en</wf>
         <instance id="d000.s1991.t000" lemma="fiasko" pos="NOUN">fiasko</instance>
         <wf lemma="," pos="X">,</wf>
         <wf lemma="var" pos="X">var</wf>
         <wf lemma="han" pos="X">han</wf>
         <wf lemma="færdig" pos="X">færdig</wf>
         <wf lemma="med" pos="X">med</wf>
         <wf lemma="filmmediet" pos="X">filmmediet</wf>
         <wf lemma="." pos="X">.</wf>
      </sentence>
      <sentence id="d000.s1992" source="wordnet-danish">
         <wf lemma="hans" pos="X">hans</wf>
         <wf lemma="idé" pos="X">idé</wf>
         <wf lemma="[er]" pos="X">[er]</wf>
         <wf lemma="en" pos="X">en</wf>
         <wf lemma="klarlæggelse" pos="X">klarlæggelse</wf>
         <wf lemma="af" pos="X">af</wf>
         <wf lemma="hovedvidenskabernes" pos="X">hovedvidenskabernes</wf>
         <wf lemma="udvikling" pos="X">udvikling</wf>
         <wf lemma="og" pos="X">og</wf>
         <instance id="d000.s1992.t000" lemma="metodologi" pos="NOUN">metodologi</instance>
         <wf lemma="," pos="X">,</wf>
         <wf lemma="deres" pos="X">deres</wf>
         <wf lemma="indbyrdes" pos="X">indbyrdes</wf>
         <wf lemma="sammenhæng" pos="X">sammenhæng</wf>
         <wf lemma="og" pos="X">og</wf>
         <wf lemma="enhed" pos="X">enhed</wf>
         <wf lemma="." pos="X">.</wf>
      </sentence>
      <sentence id="d000.s1993" source="wordnet-danish">
         <wf lemma="[Skummet" pos="X">[Skummet</wf>
         <wf lemma="]" pos="X">]</wf>
         <wf lemma="hjælper" pos="X">hjælper</wf>
         <instance id="d000.s1993.t000" lemma="hårstrå" pos="NOUN">hårstrået</instance>
         <wf lemma="til" pos="X">til</wf>
         <wf lemma="at" pos="X">at</wf>
         <wf lemma="fastholde" pos="X">fastholde</wf>
         <wf lemma="fugtigheden" pos="X">fugtigheden</wf>
         <wf lemma="og" pos="X">og</wf>
         <wf lemma="giver" pos="X">giver</wf>
         <wf lemma="blødt" pos="X">blødt</wf>
         <wf lemma="og" pos="X">og</wf>
         <wf lemma="elastisk" pos="X">elastisk</wf>
         <wf lemma="hår" pos="X">hår</wf>
         <wf lemma="." pos="X">.</wf>
      </sentence>
      <sentence id="d000.s1994" source="wordnet-danish">
         <wf lemma="Gud" pos="X">Gud</wf>
         <wf lemma="," pos="X">,</wf>
         <wf lemma="han" pos="X">han</wf>
         <wf lemma="har" pos="X">har</wf>
         <wf lemma="et" pos="X">et</wf>
         <wf lemma="sår" pos="X">sår</wf>
         <wf lemma="." pos="X">.</wf>
         <wf lemma="Det" pos="X">Det</wf>
         <wf lemma="ser" pos="X">ser</wf>
         <wf lemma="ud" pos="X">ud</wf>
         <wf lemma="som" pos="X">som</wf>
         <wf lemma="om" pos="X">om</wf>
         <wf lemma="det" pos="X">det</wf>
         <wf lemma="er" pos="X">er</wf>
         <wf lemma="helt" pos="X">helt</wf>
         <wf lemma="nyt" pos="X">nyt</wf>
         <wf lemma="." pos="X">.</wf>
         <wf lemma="Vi" pos="X">Vi</wf>
         <wf lemma="må" pos="X">må</wf>
         <wf lemma="hellere" pos="X">hellere</wf>
         <wf lemma="rense" pos="X">rense</wf>
         <wf lemma="det" pos="X">det</wf>
         <wf lemma="og" pos="X">og</wf>
         <wf lemma="sætte" pos="X">sætte</wf>
         <instance id="d000.s1994.t000" lemma="plaster" pos="NOUN">plaster</instance>
         <wf lemma="på" pos="X">på</wf>
         <wf lemma="." pos="X">.</wf>
      </sentence>
      <sentence id="d000.s1995" source="wordnet-danish">
         <instance id="d000.s1995.t000" lemma="bestyrelse" pos="NOUN">Bestyrelsen</instance>
         <wf lemma="holder" pos="X">holder</wf>
         <wf lemma="møde" pos="X">møde</wf>
         <wf lemma="," pos="X">,</wf>
         <wf lemma="når" pos="X">når</wf>
         <wf lemma="enten" pos="X">enten</wf>
         <wf lemma="formanden" pos="X">formanden</wf>
         <wf lemma="eller" pos="X">eller</wf>
         <wf lemma="mindst" pos="X">mindst</wf>
         <wf lemma="to" pos="X">to</wf>
         <wf lemma="bestyrelsesmedlemmer" pos="X">bestyrelsesmedlemmer</wf>
         <wf lemma="finder" pos="X">finder</wf>
         <wf lemma="det" pos="X">det</wf>
         <wf lemma="påkrævet" pos="X">påkrævet</wf>
         <wf lemma="." pos="X">.</wf>
      </sentence>
      <sentence id="d000.s1996" source="wordnet-danish">
         <wf lemma="De" pos="X">De</wf>
         <wf lemma="øverste" pos="X">øverste</wf>
         <wf lemma="jordlag" pos="X">jordlag</wf>
         <wf lemma="vil" pos="X">vil</wf>
         <wf lemma="ofte" pos="X">ofte</wf>
         <wf lemma="bestå" pos="X">bestå</wf>
         <wf lemma="af" pos="X">af</wf>
         <instance id="d000.s1996.t000" lemma="aflejring" pos="NOUN">aflejringer</instance>
         <wf lemma="med" pos="X">med</wf>
         <wf lemma="et" pos="X">et</wf>
         <wf lemma="indhold" pos="X">indhold</wf>
         <wf lemma="af" pos="X">af</wf>
         <wf lemma="organisk" pos="X">organisk</wf>
         <wf lemma="stof" pos="X">stof</wf>
         <wf lemma="." pos="X">.</wf>
      </sentence>
      <sentence id="d000.s1997" source="wordnet-danish">
         <wf lemma="Jeg" pos="X">Jeg</wf>
         <wf lemma="har" pos="X">har</wf>
         <wf lemma="fået" pos="X">fået</wf>
         <wf lemma="meget" pos="X">meget</wf>
         <wf lemma="fine" pos="X">fine</wf>
         <wf lemma="forhold" pos="X">forhold</wf>
         <wf lemma="," pos="X">,</wf>
         <wf lemma="hvor" pos="X">hvor</wf>
         <wf lemma="jeg" pos="X">jeg</wf>
         <wf lemma="har" pos="X">har</wf>
         <wf lemma="tre" pos="X">tre</wf>
         <wf lemma="måneders" pos="X">måneders</wf>
         <instance id="d000.s1997.t000" lemma="opsigelse" pos="NOUN">opsigelse</instance>
         <wf lemma="." pos="X">.</wf>
      </sentence>
      <sentence id="d000.s1998" source="wordnet-danish">
         <wf lemma="Malet" pos="X">Malet</wf>
         <wf lemma="kaffe" pos="X">kaffe</wf>
         <wf lemma="mister" pos="X">mister</wf>
         <wf lemma="hurtigt" pos="X">hurtigt</wf>
         <wf lemma="sin" pos="X">sin</wf>
         <wf lemma="aroma" pos="X">aroma</wf>
         <wf lemma="," pos="X">,</wf>
         <wf lemma="dette" pos="X">dette</wf>
         <wf lemma="kan" pos="X">kan</wf>
         <wf lemma="modvirkes" pos="X">modvirkes</wf>
         <wf lemma="ved" pos="X">ved</wf>
         <wf lemma="at" pos="X">at</wf>
         <wf lemma="opbevare" pos="X">opbevare</wf>
         <wf lemma="den" pos="X">den</wf>
         <wf lemma="i" pos="X">i</wf>
         <instance id="d000.s1998.t000" lemma="vakuum" pos="NOUN">vakuum</instance>
         <wf lemma="." pos="X">.</wf>
      </sentence>
      <sentence id="d000.s1999" source="wordnet-danish">
         <wf lemma="jeg" pos="X">jeg</wf>
         <wf lemma="[lister" pos="X">[lister</wf>
         <wf lemma="]" pos="X">]</wf>
         <wf lemma="hen" pos="X">hen</wf>
         <wf lemma="over" pos="X">over</wf>
         <wf lemma="det" pos="X">det</wf>
         <wf lemma="knirkende" pos="X">knirkende</wf>
         <instance id="d000.s1999.t000" lemma="gulv" pos="NOUN">gulv</instance>
         <wf lemma="og" pos="X">og</wf>
         <wf lemma="kigger" pos="X">kigger</wf>
         <wf lemma="ud" pos="X">ud</wf>
         <wf lemma="med" pos="X">med</wf>
         <wf lemma="døren" pos="X">døren</wf>
         <wf lemma="på" pos="X">på</wf>
         <wf lemma="klem" pos="X">klem</wf>
         <wf lemma="." pos="X">.</wf>
      </sentence>
      <sentence id="d000.s2000" source="wordnet-danish">
         <wf lemma="Det" pos="X">Det</wf>
         <wf lemma="er" pos="X">er</wf>
         <wf lemma="en" pos="X">en</wf>
         <wf lemma="storslået" pos="X">storslået</wf>
         <wf lemma="oplevelse" pos="X">oplevelse</wf>
         <wf lemma="at" pos="X">at</wf>
         <wf lemma="se" pos="X">se</wf>
         <wf lemma="reservatets" pos="X">reservatets</wf>
         <instance id="d000.s2000.t000" lemma="ørn" pos="NOUN">ørne</instance>
         <wf lemma="og" pos="X">og</wf>
         <wf lemma="falke" pos="X">falke</wf>
         <wf lemma="boltre" pos="X">boltre</wf>
         <wf lemma="sig" pos="X">sig</wf>
         <wf lemma="i" pos="X">i</wf>
         <wf lemma="den" pos="X">den</wf>
         <wf lemma="frie" pos="X">frie</wf>
         <wf lemma="natur" pos="X">natur</wf>
         <wf lemma="højt" pos="X">højt</wf>
         <wf lemma="oppe" pos="X">oppe</wf>
         <wf lemma="under" pos="X">under</wf>
         <wf lemma="skyerne" pos="X">skyerne</wf>
         <wf lemma="." pos="X">.</wf>
      </sentence>
      <sentence id="d000.s2001" source="wordnet-danish">
         <wf lemma="Jeg" pos="X">Jeg</wf>
         <wf lemma="drak" pos="X">drak</wf>
         <wf lemma="hverken" pos="X">hverken</wf>
         <wf lemma="kaffe" pos="X">kaffe</wf>
         <wf lemma="eller" pos="X">eller</wf>
         <wf lemma="øl" pos="X">øl</wf>
         <wf lemma="og" pos="X">og</wf>
         <wf lemma="fandt" pos="X">fandt</wf>
         <wf lemma="rødvin" pos="X">rødvin</wf>
         <instance id="d000.s2001.t000" lemma="sur" pos="ADJ">sur</instance>
         <wf lemma="og" pos="X">og</wf>
         <wf lemma="snerpende" pos="X">snerpende</wf>
         <wf lemma="." pos="X">.</wf>
      </sentence>
      <sentence id="d000.s2002" source="wordnet-danish">
         <wf lemma="Det" pos="X">Det</wf>
         <wf lemma="er" pos="X">er</wf>
         <wf lemma="en" pos="X">en</wf>
         <wf lemma="naturlig" pos="X">naturlig</wf>
         <wf lemma="ting" pos="X">ting</wf>
         <wf lemma="for" pos="X">for</wf>
         <wf lemma="den" pos="X">den</wf>
         <instance id="d000.s2002.t000" lemma="passioneret" pos="ADJ">passionerede</instance>
         <wf lemma="piberyger" pos="X">piberyger</wf>
         <wf lemma="at" pos="X">at</wf>
         <wf lemma="gå" pos="X">gå</wf>
         <wf lemma="på" pos="X">på</wf>
         <wf lemma="opdagelse" pos="X">opdagelse</wf>
         <wf lemma="i" pos="X">i</wf>
         <wf lemma="tobakkernes" pos="X">tobakkernes</wf>
         <wf lemma="verden" pos="X">verden</wf>
         <wf lemma="." pos="X">.</wf>
      </sentence>
      <sentence id="d000.s2003" source="wordnet-danish">
         <wf lemma="Valmuen" pos="X">Valmuen</wf>
         <wf lemma="knejser" pos="X">knejser</wf>
         <wf lemma="med" pos="X">med</wf>
         <instance id="d000.s2003.t000" lemma="farve" pos="NOUN">farver</instance>
         <wf lemma="i" pos="X">i</wf>
         <wf lemma="rød" pos="X">rød</wf>
         <wf lemma="," pos="X">,</wf>
         <wf lemma="purpur" pos="X">purpur</wf>
         <wf lemma="," pos="X">,</wf>
         <wf lemma="rosa" pos="X">rosa</wf>
         <wf lemma="," pos="X">,</wf>
         <wf lemma="lilla" pos="X">lilla</wf>
         <wf lemma="og" pos="X">og</wf>
         <wf lemma="lyseblå" pos="X">lyseblå</wf>
         <wf lemma="." pos="X">.</wf>
      </sentence>
      <sentence id="d000.s2004" source="wordnet-danish">
         <wf lemma="[han]" pos="X">[han]</wf>
         <wf lemma="kunne" pos="X">kunne</wf>
         <wf lemma="gennem" pos="X">gennem</wf>
         <wf lemma="sit" pos="X">sit</wf>
         <wf lemma="arbejde" pos="X">arbejde</wf>
         <wf lemma="med" pos="X">med</wf>
         <wf lemma="lethed" pos="X">lethed</wf>
         <wf lemma="spore" pos="X">spore</wf>
         <wf lemma="den" pos="X">den</wf>
         <wf lemma="amerikanske" pos="X">amerikanske</wf>
         <wf lemma="flådes" pos="X">flådes</wf>
         <instance id="d000.s2004.t000" lemma="operation" pos="NOUN">operationer</instance>
         <wf lemma="i" pos="X">i</wf>
         <wf lemma="Atlanterhavet" pos="X">Atlanterhavet</wf>
         <wf lemma="og" pos="X">og</wf>
         <wf lemma="i" pos="X">i</wf>
         <wf lemma="Middelhavet" pos="X">Middelhavet</wf>
         <wf lemma="." pos="X">.</wf>
      </sentence>
      <sentence id="d000.s2005" source="wordnet-danish">
         <wf lemma="Jeg" pos="X">Jeg</wf>
         <wf lemma="skal" pos="X">skal</wf>
         <wf lemma="citere" pos="X">citere</wf>
         <wf lemma="fra" pos="X">fra</wf>
         <wf lemma="det" pos="X">det</wf>
         <wf lemma="Ritzau-telegram" pos="X">Ritzau-telegram</wf>
         <wf lemma=".." pos="X">..</wf>
         <wf lemma="som" pos="X">som</wf>
         <wf lemma="hr." pos="X">hr.</wf>
         <wf lemma="Arne" pos="X">Arne</wf>
         <wf lemma="Melchior" pos="X">Melchior</wf>
         <wf lemma="prøvede" pos="X">prøvede</wf>
         <wf lemma="at" pos="X">at</wf>
         <instance id="d000.s2005.t000" lemma="hemmeligstemple" pos="VERB">hemmeligstemple</instance>
         <wf lemma="i" pos="X">i</wf>
         <wf lemma="debatten" pos="X">debatten</wf>
         <wf lemma="her" pos="X">her</wf>
         <wf lemma="i" pos="X">i</wf>
         <wf lemma="går" pos="X">går</wf>
         <wf lemma="." pos="X">.</wf>
      </sentence>
      <sentence id="d000.s2006" source="wordnet-danish">
         <wf lemma="Vi" pos="X">Vi</wf>
         <wf lemma="er" pos="X">er</wf>
         <wf lemma="engang" pos="X">engang</wf>
         <wf lemma="blevet" pos="X">blevet</wf>
         <wf lemma="rådet" pos="X">rådet</wf>
         <wf lemma="til" pos="X">til</wf>
         <wf lemma="at" pos="X">at</wf>
         <instance id="d000.s2006.t000" lemma="udfylde" pos="VERB">udfylde</instance>
         <wf lemma="revnerne" pos="X">revnerne</wf>
         <wf lemma="mellem" pos="X">mellem</wf>
         <wf lemma="vore" pos="X">vore</wf>
         <wf lemma="gulvbrædder" pos="X">gulvbrædder</wf>
         <wf lemma="med" pos="X">med</wf>
         <wf lemma="Polyfilla" pos="X">Polyfilla</wf>
         <wf lemma="." pos="X">.</wf>
      </sentence>
      <sentence id="d000.s2007" source="wordnet-danish">
         <wf lemma="Det" pos="X">Det</wf>
         <wf lemma="fascinerende" pos="X">fascinerende</wf>
         <wf lemma="ved" pos="X">ved</wf>
         <wf lemma="go" pos="X">go</wf>
         <wf lemma="er" pos="X">er</wf>
         <wf lemma="," pos="X">,</wf>
         <wf lemma="at" pos="X">at</wf>
         <wf lemma="reglerne" pos="X">reglerne</wf>
         <wf lemma="er" pos="X">er</wf>
         <wf lemma="så" pos="X">så</wf>
         <wf lemma="ufatteligt" pos="X">ufatteligt</wf>
         <wf lemma="enkle" pos="X">enkle</wf>
         <wf lemma="," pos="X">,</wf>
         <wf lemma="mens" pos="X">mens</wf>
         <instance id="d000.s2007.t000" lemma="spil" pos="NOUN">spillet</instance>
         <wf lemma="er" pos="X">er</wf>
         <wf lemma="utrolig" pos="X">utrolig</wf>
         <wf lemma="svært" pos="X">svært</wf>
         <wf lemma="." pos="X">.</wf>
      </sentence>
      <sentence id="d000.s2008" source="wordnet-danish">
         <wf lemma="Der" pos="X">Der</wf>
         <wf lemma="ville" pos="X">ville</wf>
         <wf lemma="være" pos="X">være</wf>
         <wf lemma="i" pos="X">i</wf>
         <wf lemma="tusindvis" pos="X">tusindvis</wf>
         <wf lemma="af" pos="X">af</wf>
         <wf lemma="arbejdspladser" pos="X">arbejdspladser</wf>
         <wf lemma="for" pos="X">for</wf>
         <wf lemma="vore" pos="X">vore</wf>
         <wf lemma="mange" pos="X">mange</wf>
         <instance id="d000.s2008.t000" lemma="håndværker" pos="NOUN">håndværkere</instance>
         <wf lemma="og" pos="X">og</wf>
         <wf lemma="bygningsarbejdere" pos="X">bygningsarbejdere</wf>
         <wf lemma="i" pos="X">i</wf>
         <wf lemma="en" pos="X">en</wf>
         <wf lemma="gennemgribende" pos="X">gennemgribende</wf>
         <wf lemma="istandsættelse" pos="X">istandsættelse</wf>
         <wf lemma="af" pos="X">af</wf>
         <wf lemma="en" pos="X">en</wf>
         <wf lemma="i" pos="X">i</wf>
         <wf lemma="dag" pos="X">dag</wf>
         <wf lemma="håbløs" pos="X">håbløs</wf>
         <wf lemma="boligmasse" pos="X">boligmasse</wf>
         <wf lemma="." pos="X">.</wf>
      </sentence>
      <sentence id="d000.s2009" source="wordnet-danish">
         <wf lemma="Der" pos="X">Der</wf>
         <wf lemma="er" pos="X">er</wf>
         <wf lemma="konsultation" pos="X">konsultation</wf>
         <wf lemma="daglig" pos="X">daglig</wf>
         <wf lemma="efter" pos="X">efter</wf>
         <instance id="d000.s2009.t000" lemma="aftale" pos="NOUN">aftale</instance>
         <wf lemma="," pos="X">,</wf>
         <wf lemma="samt" pos="X">samt</wf>
         <wf lemma="åben" pos="X">åben</wf>
         <wf lemma="konsultation" pos="X">konsultation</wf>
         <wf lemma="mand.-fred." pos="X">mand.-fred.</wf>
         <wf lemma="kl." pos="X">kl.</wf>
         <wf lemma="16-17" pos="X">16-17</wf>
         <wf lemma="." pos="X">.</wf>
      </sentence>
      <sentence id="d000.s2010" source="wordnet-danish">
         <wf lemma="Liberalismens" pos="X">Liberalismens</wf>
         <wf lemma="førende" pos="X">førende</wf>
         <instance id="d000.s2010.t000" lemma="teoretiker" pos="NOUN">teoretiker</instance>
         <wf lemma="var" pos="X">var</wf>
         <wf lemma="Adam" pos="X">Adam</wf>
         <wf lemma="Smith" pos="X">Smith</wf>
         <wf lemma="," pos="X">,</wf>
         <wf lemma="der" pos="X">der</wf>
         <wf lemma="udformede" pos="X">udformede</wf>
         <wf lemma="principperne" pos="X">principperne</wf>
         <wf lemma="om" pos="X">om</wf>
         <wf lemma="frihandel" pos="X">frihandel</wf>
         <wf lemma="og" pos="X">og</wf>
         <wf lemma="fri" pos="X">fri</wf>
         <wf lemma="konkurrence" pos="X">konkurrence</wf>
         <wf lemma="." pos="X">.</wf>
      </sentence>
      <sentence id="d000.s2011" source="wordnet-danish">
         <wf lemma="Hver" pos="X">Hver</wf>
         <wf lemma="dag" pos="X">dag</wf>
         <wf lemma="er" pos="X">er</wf>
         <wf lemma="børnene" pos="X">børnene</wf>
         <wf lemma="ude" pos="X">ude</wf>
         <wf lemma="at" pos="X">at</wf>
         <instance id="d000.s2011.t000" lemma="lege" pos="VERB">lege</instance>
         <wf lemma="i" pos="X">i</wf>
         <wf lemma="haven" pos="X">haven</wf>
         <wf lemma="." pos="X">.</wf>
         <wf lemma="De" pos="X">De</wf>
         <wf lemma="cykler" pos="X">cykler</wf>
         <wf lemma="og" pos="X">og</wf>
         <wf lemma="klatrer" pos="X">klatrer</wf>
         <wf lemma="og" pos="X">og</wf>
         <wf lemma="spiller" pos="X">spiller</wf>
         <wf lemma="bold" pos="X">bold</wf>
         <wf lemma="." pos="X">.</wf>
      </sentence>
      <sentence id="d000.s2012" source="wordnet-danish">
         <wf lemma="Modsætningerne" pos="X">Modsætningerne</wf>
         <wf lemma="mødes" pos="X">mødes</wf>
         <wf lemma="," pos="X">,</wf>
         <wf lemma="Clea" pos="X">Clea</wf>
         <wf lemma="er" pos="X">er</wf>
         <wf lemma="den" pos="X">den</wf>
         <instance id="d000.s2012.t000" lemma="overfladisk" pos="ADJ">overfladiske</instance>
         <wf lemma="amerikaner" pos="X">amerikaner</wf>
         <wf lemma="." pos="X">.</wf>
         <wf lemma="." pos="X">.</wf>
         <wf lemma="Elke" pos="X">Elke</wf>
         <wf lemma="er" pos="X">er</wf>
         <wf lemma="flygtning" pos="X">flygtning</wf>
         <wf lemma="fra" pos="X">fra</wf>
         <wf lemma="nazitidens" pos="X">nazitidens</wf>
         <wf lemma="Europa" pos="X">Europa</wf>
         <wf lemma="og" pos="X">og</wf>
         <wf lemma="sortseer" pos="X">sortseer</wf>
         <wf lemma="." pos="X">.</wf>
      </sentence>
      <sentence id="d000.s2013" source="wordnet-danish">
         <wf lemma="Der" pos="X">Der</wf>
         <wf lemma="er" pos="X">er</wf>
         <wf lemma="ingen" pos="X">ingen</wf>
         <wf lemma="hjernedøde" pos="X">hjernedøde</wf>
         <wf lemma="," pos="X">,</wf>
         <wf lemma="der" pos="X">der</wf>
         <wf lemma="er" pos="X">er</wf>
         <wf lemma="blevet" pos="X">blevet</wf>
         <wf lemma="genoplivet" pos="X">genoplivet</wf>
         <wf lemma="til" pos="X">til</wf>
         <instance id="d000.s2013.t000" lemma="bevidsthed" pos="NOUN">bevidsthed</instance>
         <wf lemma="." pos="X">.</wf>
         <wf lemma="Hvis" pos="X">Hvis</wf>
         <wf lemma="de" pos="X">de</wf>
         <wf lemma="blev" pos="X">blev</wf>
         <wf lemma="det" pos="X">det</wf>
         <wf lemma="," pos="X">,</wf>
         <wf lemma="var" pos="X">var</wf>
         <wf lemma="de" pos="X">de</wf>
         <wf lemma="ikke" pos="X">ikke</wf>
         <wf lemma="hjernedøde" pos="X">hjernedøde</wf>
         <wf lemma="." pos="X">.</wf>
      </sentence>
      <sentence id="d000.s2014" source="wordnet-danish">
         <wf lemma="Jeg" pos="X">Jeg</wf>
         <wf lemma="tror" pos="X">tror</wf>
         <wf lemma="," pos="X">,</wf>
         <wf lemma="at" pos="X">at</wf>
         <wf lemma="alle" pos="X">alle</wf>
         <wf lemma="mennesker" pos="X">mennesker</wf>
         <wf lemma="får" pos="X">får</wf>
         <wf lemma="chancen" pos="X">chancen</wf>
         <wf lemma="én" pos="X">én</wf>
         <wf lemma="gang" pos="X">gang</wf>
         <wf lemma="i" pos="X">i</wf>
         <wf lemma="livet" pos="X">livet</wf>
         <wf lemma="," pos="X">,</wf>
         <wf lemma="men" pos="X">men</wf>
         <wf lemma="de" pos="X">de</wf>
         <wf lemma="færreste" pos="X">færreste</wf>
         <instance id="d000.s2014.t000" lemma="turde" pos="VERB">tør</instance>
         <wf lemma="tage" pos="X">tage</wf>
         <wf lemma="den" pos="X">den</wf>
         <wf lemma="." pos="X">.</wf>
      </sentence>
      <sentence id="d000.s2015" source="wordnet-danish">
         <wf lemma="Den" pos="X">Den</wf>
         <wf lemma="lille" pos="X">lille</wf>
         <wf lemma="pige" pos="X">pige</wf>
         <wf lemma="ved" pos="X">ved</wf>
         <wf lemma="siden" pos="X">siden</wf>
         <wf lemma="af" pos="X">af</wf>
         <wf lemma="ham" pos="X">ham</wf>
         <wf lemma="trak" pos="X">trak</wf>
         <wf lemma="allerede" pos="X">allerede</wf>
         <wf lemma="vejret" pos="X">vejret</wf>
         <wf lemma="tungt" pos="X">tungt</wf>
         <wf lemma="og" pos="X">og</wf>
         <instance id="d000.s2015.t000" lemma="grynte" pos="VERB">gryntede</instance>
         <wf lemma="lidt" pos="X">lidt</wf>
         <wf lemma="i" pos="X">i</wf>
         <wf lemma="søvne" pos="X">søvne</wf>
         <wf lemma="." pos="X">.</wf>
      </sentence>
      <sentence id="d000.s2016" source="wordnet-danish">
         <wf lemma="Den" pos="X">Den</wf>
         <wf lemma="slags" pos="X">slags</wf>
         <wf lemma="sker" pos="X">sker</wf>
         <wf lemma="kun" pos="X">kun</wf>
         <wf lemma="på" pos="X">på</wf>
         <instance id="d000.s2016.t000" lemma="film" pos="NOUN">film</instance>
         <wf lemma="." pos="X">.</wf>
      </sentence>
      <sentence id="d000.s2017" source="wordnet-danish">
         <wf lemma="Vi" pos="X">Vi</wf>
         <wf lemma="[" pos="X">[</wf>
         <wf lemma=":" pos="X">:</wf>
         <wf lemma="danskerne" pos="X">danskerne</wf>
         <wf lemma="]" pos="X">]</wf>
         <wf lemma="har" pos="X">har</wf>
         <wf lemma="brug" pos="X">brug</wf>
         <wf lemma="for" pos="X">for</wf>
         <wf lemma="en" pos="X">en</wf>
         <wf lemma="begrænsning" pos="X">begrænsning</wf>
         <wf lemma="af" pos="X">af</wf>
         <wf lemma="vores" pos="X">vores</wf>
         <wf lemma="del" pos="X">del</wf>
         <wf lemma="af" pos="X">af</wf>
         <wf lemma="mængden" pos="X">mængden</wf>
         <wf lemma="af" pos="X">af</wf>
         <instance id="d000.s2017.t000" lemma="svovl" pos="NOUN">svovl</instance>
         <wf lemma="og" pos="X">og</wf>
         <wf lemma="kvælstof" pos="X">kvælstof</wf>
         <wf lemma="i" pos="X">i</wf>
         <wf lemma="atmosfæren" pos="X">atmosfæren</wf>
         <wf lemma="." pos="X">.</wf>
      </sentence>
      <sentence id="d000.s2018" source="wordnet-danish">
         <wf lemma="En" pos="X">En</wf>
         <wf lemma="af" pos="X">af</wf>
         <wf lemma="vejene" pos="X">vejene</wf>
         <wf lemma="til" pos="X">til</wf>
         <wf lemma="et" pos="X">et</wf>
         <wf lemma="lavere" pos="X">lavere</wf>
         <wf lemma="el-forbrug" pos="X">el-forbrug</wf>
         <wf lemma="kunne" pos="X">kunne</wf>
         <wf lemma="være" pos="X">være</wf>
         <wf lemma="indkøb" pos="X">indkøb</wf>
         <wf lemma="af" pos="X">af</wf>
         <wf lemma="husholdningsredskaber" pos="X">husholdningsredskaber</wf>
         <wf lemma="--" pos="X">--</wf>
         <instance id="d000.s2018.t000" lemma="maskine" pos="NOUN">maskiner</instance>
         <wf lemma="," pos="X">,</wf>
         <wf lemma="der" pos="X">der</wf>
         <wf lemma="bruger" pos="X">bruger</wf>
         <wf lemma="mindre" pos="X">mindre</wf>
         <wf lemma="strøm" pos="X">strøm</wf>
         <wf lemma="." pos="X">.</wf>
      </sentence>
      <sentence id="d000.s2019" source="wordnet-danish">
         <wf lemma="Modstanden" pos="X">Modstanden</wf>
         <wf lemma="mod" pos="X">mod</wf>
         <wf lemma="euroen" pos="X">euroen</wf>
         <wf lemma="har" pos="X">har</wf>
         <wf lemma="i" pos="X">i</wf>
         <wf lemma="Tyskland" pos="X">Tyskland</wf>
         <wf lemma="langt" pos="X">langt</wf>
         <wf lemma="henad" pos="X">henad</wf>
         <wf lemma="vejen" pos="X">vejen</wf>
         <wf lemma="været" pos="X">været</wf>
         <wf lemma="begrundet" pos="X">begrundet</wf>
         <wf lemma="med" pos="X">med</wf>
         <wf lemma="en" pos="X">en</wf>
         <wf lemma="særlig" pos="X">særlig</wf>
         <instance id="d000.s2019.t000" lemma="affektion" pos="NOUN">affektion</instance>
         <wf lemma="for" pos="X">for</wf>
         <wf lemma="D-marken" pos="X">D-marken</wf>
         <wf lemma="." pos="X">.</wf>
      </sentence>
      <sentence id="d000.s2020" source="wordnet-danish">
         <wf lemma="med" pos="X">med</wf>
         <wf lemma="elektronisk" pos="X">elektronisk</wf>
         <wf lemma="styring" pos="X">styring</wf>
         <wf lemma="kan" pos="X">kan</wf>
         <wf lemma="[sengen]" pos="X">[sengen]</wf>
         <instance id="d000.s2020.t000" lemma="indstille" pos="VERB">indstilles</instance>
         <wf lemma="som" pos="X">som</wf>
         <wf lemma="en" pos="X">en</wf>
         <wf lemma="hospitalsseng" pos="X">hospitalsseng</wf>
         <wf lemma="," pos="X">,</wf>
         <wf lemma="men" pos="X">men</wf>
         <wf lemma="også" pos="X">også</wf>
         <wf lemma="drejes" pos="X">drejes</wf>
         <wf lemma="ud" pos="X">ud</wf>
         <wf lemma="som" pos="X">som</wf>
         <wf lemma="lænestol" pos="X">lænestol</wf>
         <wf lemma="." pos="X">.</wf>
      </sentence>
      <sentence id="d000.s2021" source="wordnet-danish">
         <wf lemma="Det" pos="X">Det</wf>
         <wf lemma="nye" pos="X">nye</wf>
         <wf lemma="B&amp;amp;O" pos="X">B&amp;amp;O</wf>
         <wf lemma="tv-" pos="X">tv-</wf>
         <wf lemma="og" pos="X">og</wf>
         <wf lemma="video" pos="X">video</wf>
         <wf lemma="anlæg" pos="X">anlæg</wf>
         <wf lemma="leveres" pos="X">leveres</wf>
         <wf lemma="i" pos="X">i</wf>
         <instance id="d000.s2021.t000" lemma="sølv" pos="NOUN">sølv</instance>
         <wf lemma="og" pos="X">og</wf>
         <wf lemma="hvidt" pos="X">hvidt</wf>
         <wf lemma="samt" pos="X">samt</wf>
         <wf lemma="med" pos="X">med</wf>
         <wf lemma="dybsort" pos="X">dybsort</wf>
         <wf lemma="," pos="X">,</wf>
         <wf lemma="blank" pos="X">blank</wf>
         <wf lemma="lakering" pos="X">lakering</wf>
         <wf lemma="." pos="X">.</wf>
      </sentence>
      <sentence id="d000.s2022" source="wordnet-danish">
         <wf lemma="Staten" pos="X">Staten</wf>
         <wf lemma="kommer" pos="X">kommer</wf>
         <wf lemma="til" pos="X">til</wf>
         <wf lemma="at" pos="X">at</wf>
         <wf lemma="sætte" pos="X">sætte</wf>
         <wf lemma="penge" pos="X">penge</wf>
         <wf lemma="til" pos="X">til</wf>
         <wf lemma="på" pos="X">på</wf>
         <instance id="d000.s2022.t000" lemma="salg" pos="NOUN">salget</instance>
         <wf lemma="af" pos="X">af</wf>
         <wf lemma="Niels" pos="X">Niels</wf>
         <wf lemma="Klim" pos="X">Klim</wf>
         <wf lemma="og" pos="X">og</wf>
         <wf lemma="Peder" pos="X">Peder</wf>
         <wf lemma="Paars" pos="X">Paars</wf>
         <wf lemma="og" pos="X">og</wf>
         <wf lemma="affæren" pos="X">affæren</wf>
         <wf lemma="med" pos="X">med</wf>
         <wf lemma="Ask" pos="X">Ask</wf>
         <wf lemma="og" pos="X">og</wf>
         <wf lemma="Urd" pos="X">Urd</wf>
         <wf lemma="." pos="X">.</wf>
      </sentence>
      <sentence id="d000.s2023" source="wordnet-danish">
         <wf lemma="Edderkoppen" pos="X">Edderkoppen</wf>
         <wf lemma="bevæger" pos="X">bevæger</wf>
         <wf lemma="sig" pos="X">sig</wf>
         <wf lemma="med" pos="X">med</wf>
         <wf lemma="lynhurtige" pos="X">lynhurtige</wf>
         <wf lemma="ryk" pos="X">ryk</wf>
         <wf lemma="hen" pos="X">hen</wf>
         <wf lemma="til" pos="X">til</wf>
         <wf lemma="sit" pos="X">sit</wf>
         <instance id="d000.s2023.t000" lemma="bytte" pos="NOUN">bytte</instance>
         <wf lemma="og" pos="X">og</wf>
         <wf lemma="lukker" pos="X">lukker</wf>
         <wf lemma="sig" pos="X">sig</wf>
         <wf lemma="om" pos="X">om</wf>
         <wf lemma="den" pos="X">den</wf>
         <wf lemma="afmægtigt" pos="X">afmægtigt</wf>
         <wf lemma="sprællende" pos="X">sprællende</wf>
         <wf lemma="krop" pos="X">krop</wf>
         <wf lemma="." pos="X">.</wf>
      </sentence>
      <sentence id="d000.s2024" source="wordnet-danish">
         <wf lemma="Alt" pos="X">Alt</wf>
         <wf lemma="kastes" pos="X">kastes</wf>
         <wf lemma=".." pos="X">..</wf>
         <wf lemma="op" pos="X">op</wf>
         <wf lemma="igen" pos="X">igen</wf>
         <wf lemma="ved" pos="X">ved</wf>
         <wf lemma="hjælp" pos="X">hjælp</wf>
         <wf lemma="af" pos="X">af</wf>
         <wf lemma="fingre" pos="X">fingre</wf>
         <wf lemma="," pos="X">,</wf>
         <wf lemma="tandbørsteskafter" pos="X">tandbørsteskafter</wf>
         <wf lemma="eller" pos="X">eller</wf>
         <wf lemma="lignende" pos="X">lignende</wf>
         <wf lemma="i" pos="X">i</wf>
         <wf lemma="halsen" pos="X">halsen</wf>
         <wf lemma="for" pos="X">for</wf>
         <wf lemma="at" pos="X">at</wf>
         <wf lemma="fremkalde" pos="X">fremkalde</wf>
         <instance id="d000.s2024.t000" lemma="brækfornemmelse" pos="NOUN">brækfornemmelser</instance>
         <wf lemma="." pos="X">.</wf>
      </sentence>
      <sentence id="d000.s2025" source="wordnet-danish">
         <wf lemma="begge" pos="X">begge</wf>
         <wf lemma="finansudvalg" pos="X">finansudvalg</wf>
         <wf lemma="i" pos="X">i</wf>
         <wf lemma="Kongressens" pos="X">Kongressens</wf>
         <wf lemma="to" pos="X">to</wf>
         <instance id="d000.s2025.t000" lemma="hus" pos="NOUN">huse</instance>
         <wf lemma="[har" pos="X">[har</wf>
         <wf lemma="nu]" pos="X">nu]</wf>
         <wf lemma="frigivet" pos="X">frigivet</wf>
         <wf lemma="penge" pos="X">penge</wf>
         <wf lemma="til" pos="X">til</wf>
         <wf lemma="at" pos="X">at</wf>
         <wf lemma="afprøve" pos="X">afprøve</wf>
         <wf lemma="MX-raketter" pos="X">MX-raketter</wf>
         <wf lemma="." pos="X">.</wf>
      </sentence>
      <sentence id="d000.s2026" source="wordnet-danish">
         <wf lemma="børn" pos="X">børn</wf>
         <wf lemma="under" pos="X">under</wf>
         <wf lemma="12" pos="X">12</wf>
         <wf lemma="år" pos="X">år</wf>
         <wf lemma="[kommer]" pos="X">[kommer]</wf>
         <instance id="d000.s2026.t000" lemma="gratis" pos="ADJ">gratis</instance>
         <wf lemma="ind" pos="X">ind</wf>
         <wf lemma="i" pos="X">i</wf>
         <wf lemma="følge" pos="X">følge</wf>
         <wf lemma="med" pos="X">med</wf>
         <wf lemma="voksne" pos="X">voksne</wf>
         <wf lemma="." pos="X">.</wf>
      </sentence>
      <sentence id="d000.s2027" source="wordnet-danish">
         <wf lemma="[Hun]" pos="X">[Hun]</wf>
         <wf lemma="kører" pos="X">kører</wf>
         <wf lemma="hurtigere" pos="X">hurtigere</wf>
         <wf lemma="i" pos="X">i</wf>
         <wf lemma="svingene" pos="X">svingene</wf>
         <wf lemma="end" pos="X">end</wf>
         <wf lemma="på" pos="X">på</wf>
         <wf lemma="lige" pos="X">lige</wf>
         <wf lemma="strækninger" pos="X">strækninger</wf>
         <wf lemma="," pos="X">,</wf>
         <wf lemma="og" pos="X">og</wf>
         <wf lemma="foretager" pos="X">foretager</wf>
         <wf lemma="umulige" pos="X">umulige</wf>
         <instance id="d000.s2027.t000" lemma="vending" pos="NOUN">vendinger</instance>
         <wf lemma="i" pos="X">i</wf>
         <wf lemma="lyskryds" pos="X">lyskryds</wf>
         <wf lemma="for" pos="X">for</wf>
         <wf lemma="rødt" pos="X">rødt</wf>
         <wf lemma="lys" pos="X">lys</wf>
         <wf lemma="." pos="X">.</wf>
      </sentence>
      <sentence id="d000.s2028" source="wordnet-danish">
         <wf lemma="Enheden" pos="X">Enheden</wf>
         <wf lemma="for" pos="X">for</wf>
         <instance id="d000.s2028.t000" lemma="rummål" pos="NOUN">rummål</instance>
         <wf lemma="er" pos="X">er</wf>
         <wf lemma="m." pos="X">m.</wf>
      </sentence>
      <sentence id="d000.s2029" source="wordnet-danish">
         <wf lemma="Den" pos="X">Den</wf>
         <wf lemma="røde" pos="X">røde</wf>
         <wf lemma="fluesvamp" pos="X">fluesvamp</wf>
         <wf lemma="er" pos="X">er</wf>
         <wf lemma="giftig" pos="X">giftig</wf>
         <wf lemma="," pos="X">,</wf>
         <wf lemma="men" pos="X">men</wf>
         <wf lemma="ikke" pos="X">ikke</wf>
         <instance id="d000.s2029.t000" lemma="dødelig" pos="ADJ">dødelig</instance>
         <wf lemma="." pos="X">.</wf>
      </sentence>
      <sentence id="d000.s2030" source="wordnet-danish">
         <wf lemma="hans" pos="X">hans</wf>
         <wf lemma="mest" pos="X">mest</wf>
         <instance id="d000.s2030.t000" lemma="karakteristisk" pos="ADJ">karakteristiske</instance>
         <wf lemma="egenskab" pos="X">egenskab</wf>
         <wf lemma="er" pos="X">er</wf>
         <wf lemma="hans" pos="X">hans</wf>
         <wf lemma="enorme" pos="X">enorme</wf>
         <wf lemma="søvnbehov" pos="X">søvnbehov</wf>
         <wf lemma="." pos="X">.</wf>
      </sentence>
      <sentence id="d000.s2031" source="wordnet-danish">
         <wf lemma="Casper" pos="X">Casper</wf>
         <wf lemma="kan" pos="X">kan</wf>
         <wf lemma="vågne" pos="X">vågne</wf>
         <wf lemma="midt" pos="X">midt</wf>
         <wf lemma="om" pos="X">om</wf>
         <wf lemma="natten" pos="X">natten</wf>
         <wf lemma="med" pos="X">med</wf>
         <instance id="d000.s2031.t000" lemma="mareridt" pos="NOUN">mareridt</instance>
         <wf lemma="." pos="X">.</wf>
         <wf lemma="Han" pos="X">Han</wf>
         <wf lemma="drømmer" pos="X">drømmer</wf>
         <wf lemma="," pos="X">,</wf>
         <wf lemma="at" pos="X">at</wf>
         <wf lemma="han" pos="X">han</wf>
         <wf lemma="bliver" pos="X">bliver</wf>
         <wf lemma="kørt" pos="X">kørt</wf>
         <wf lemma="over" pos="X">over</wf>
         <wf lemma="af" pos="X">af</wf>
         <wf lemma="en" pos="X">en</wf>
         <wf lemma="bil" pos="X">bil</wf>
         <wf lemma="." pos="X">.</wf>
      </sentence>
      <sentence id="d000.s2032" source="wordnet-danish">
         <wf lemma="Efter" pos="X">Efter</wf>
         <wf lemma="omkring" pos="X">omkring</wf>
         <wf lemma="50" pos="X">50</wf>
         <wf lemma="års" pos="X">års</wf>
         <instance id="d000.s2032.t000" lemma="tilstedeværelse" pos="NOUN">tilstedeværelse</instance>
         <wf lemma="bliver" pos="X">bliver</wf>
         <wf lemma="det" pos="X">det</wf>
         <wf lemma="sidste" pos="X">sidste</wf>
         <wf lemma="bunkersanlæg" pos="X">bunkersanlæg</wf>
         <wf lemma="nu" pos="X">nu</wf>
         <wf lemma="fjernet" pos="X">fjernet</wf>
         <wf lemma="foran" pos="X">foran</wf>
         <wf lemma="Thorvaldsens" pos="X">Thorvaldsens</wf>
         <wf lemma="Museum" pos="X">Museum</wf>
         <wf lemma="." pos="X">.</wf>
      </sentence>
      <sentence id="d000.s2033" source="wordnet-danish">
         <wf lemma="I" pos="X">I</wf>
         <wf lemma="tordenvejr" pos="X">tordenvejr</wf>
         <wf lemma="ser" pos="X">ser</wf>
         <wf lemma="vi" pos="X">vi</wf>
         <instance id="d000.s2033.t000" lemma="lyn" pos="NOUN">lynet</instance>
         <wf lemma="," pos="X">,</wf>
         <wf lemma="før" pos="X">før</wf>
         <wf lemma="vi" pos="X">vi</wf>
         <wf lemma="hører" pos="X">hører</wf>
         <wf lemma="bulderet" pos="X">bulderet</wf>
         <wf lemma="." pos="X">.</wf>
      </sentence>
      <sentence id="d000.s2034" source="wordnet-danish">
         <wf lemma="På" pos="X">På</wf>
         <wf lemma="lørdag" pos="X">lørdag</wf>
         <wf lemma="gæster" pos="X">gæster</wf>
         <wf lemma="selveste" pos="X">selveste</wf>
         <wf lemma="Bamse" pos="X">Bamse</wf>
         <wf lemma="og" pos="X">og</wf>
         <wf lemma="Kylling" pos="X">Kylling</wf>
         <wf lemma="centret" pos="X">centret</wf>
         <wf lemma="," pos="X">,</wf>
         <wf lemma="hvor" pos="X">hvor</wf>
         <wf lemma="de" pos="X">de</wf>
         <instance id="d000.s2034.t000" lemma="underholde" pos="VERB">underholder</instance>
         <wf lemma="med" pos="X">med</wf>
         <wf lemma="trylleshow" pos="X">trylleshow</wf>
         <wf lemma="kl." pos="X">kl.</wf>
         <wf lemma="11.00" pos="X">11.00</wf>
         <wf lemma="og" pos="X">og</wf>
         <wf lemma="13.00." pos="X">13.00.</wf>
      </sentence>
      <sentence id="d000.s2035" source="wordnet-danish">
         <wf lemma="Mange" pos="X">Mange</wf>
         <wf lemma="af" pos="X">af</wf>
         <wf lemma="de" pos="X">de</wf>
         <wf lemma="lande" pos="X">lande</wf>
         <wf lemma="," pos="X">,</wf>
         <wf lemma="vi" pos="X">vi</wf>
         <wf lemma="handlede" pos="X">handlede</wf>
         <wf lemma="med" pos="X">med</wf>
         <wf lemma="," pos="X">,</wf>
         <wf lemma="var" pos="X">var</wf>
         <wf lemma=".." pos="X">..</wf>
         <wf lemma="også" pos="X">også</wf>
         <wf lemma="ramt" pos="X">ramt</wf>
         <wf lemma="af" pos="X">af</wf>
         <instance id="d000.s2035.t000" lemma="krise" pos="NOUN">krise</instance>
         <wf lemma="og" pos="X">og</wf>
         <wf lemma="arbejdsløshed" pos="X">arbejdsløshed</wf>
         <wf lemma="." pos="X">.</wf>
      </sentence>
      <sentence id="d000.s2036" source="wordnet-danish">
         <wf lemma="jo" pos="X">jo</wf>
         <wf lemma="ældre" pos="X">ældre</wf>
         <wf lemma="moderen" pos="X">moderen</wf>
         <wf lemma="er" pos="X">er</wf>
         <wf lemma="," pos="X">,</wf>
         <wf lemma="desto" pos="X">desto</wf>
         <wf lemma="større" pos="X">større</wf>
         <wf lemma="er" pos="X">er</wf>
         <wf lemma="chancen" pos="X">chancen</wf>
         <wf lemma="for" pos="X">for</wf>
         <wf lemma="," pos="X">,</wf>
         <wf lemma="at" pos="X">at</wf>
         <wf lemma="der" pos="X">der</wf>
         <wf lemma="udvikles" pos="X">udvikles</wf>
         <instance id="d000.s2036.t000" lemma="tvilling" pos="NOUN">tvillinger</instance>
         <wf lemma="." pos="X">.</wf>
      </sentence>
      <sentence id="d000.s2037" source="wordnet-danish">
         <wf lemma="Hun" pos="X">Hun</wf>
         <wf lemma="kunne" pos="X">kunne</wf>
         <wf lemma="kun" pos="X">kun</wf>
         <wf lemma="høre" pos="X">høre</wf>
         <wf lemma="køleskabets" pos="X">køleskabets</wf>
         <instance id="d000.s2037.t000" lemma="regelmæssig" pos="ADJ">regelmæssige</instance>
         <wf lemma="brummen" pos="X">brummen</wf>
         <wf lemma="ude" pos="X">ude</wf>
         <wf lemma="fra" pos="X">fra</wf>
         <wf lemma="køkkenet" pos="X">køkkenet</wf>
         <wf lemma="." pos="X">.</wf>
      </sentence>
      <sentence id="d000.s2038" source="wordnet-danish">
         <wf lemma="Jeg" pos="X">Jeg</wf>
         <wf lemma="hævede" pos="X">hævede</wf>
         <instance id="d000.s2038.t000" lemma="forlovelse" pos="NOUN">forlovelsen</instance>
         <wf lemma="efter" pos="X">efter</wf>
         <wf lemma="et" pos="X">et</wf>
         <wf lemma="halvt" pos="X">halvt</wf>
         <wf lemma="år" pos="X">år</wf>
         <wf lemma="," pos="X">,</wf>
         <wf lemma="fordi" pos="X">fordi</wf>
         <wf lemma="både" pos="X">både</wf>
         <wf lemma="Svens" pos="X">Svens</wf>
         <wf lemma="og" pos="X">og</wf>
         <wf lemma="min" pos="X">min</wf>
         <wf lemma="familie" pos="X">familie</wf>
         <wf lemma="var" pos="X">var</wf>
         <wf lemma="imod" pos="X">imod</wf>
         <wf lemma="alliancen" pos="X">alliancen</wf>
         <wf lemma="." pos="X">.</wf>
      </sentence>
      <sentence id="d000.s2039" source="wordnet-danish">
         <wf lemma="Han" pos="X">Han</wf>
         <wf lemma="brummede" pos="X">brummede</wf>
         <wf lemma="af" pos="X">af</wf>
         <instance id="d000.s2039.t000" lemma="nydelse" pos="NOUN">nydelse</instance>
         <wf lemma="," pos="X">,</wf>
         <wf lemma="mens" pos="X">mens</wf>
         <wf lemma="han" pos="X">han</wf>
         <wf lemma="sendte" pos="X">sendte</wf>
         <wf lemma="mig" pos="X">mig</wf>
         <wf lemma="et" pos="X">et</wf>
         <wf lemma="muntert" pos="X">muntert</wf>
         <wf lemma="blik" pos="X">blik</wf>
         <wf lemma="." pos="X">.</wf>
      </sentence>
      <sentence id="d000.s2040" source="wordnet-danish">
         <wf lemma="virkeligheden" pos="X">virkeligheden</wf>
         <wf lemma="er" pos="X">er</wf>
         <wf lemma="i" pos="X">i</wf>
         <wf lemma="stadig" pos="X">stadig</wf>
         <instance id="d000.s2040.t000" lemma="forandring" pos="NOUN">forandring</instance>
         <wf lemma="," pos="X">,</wf>
         <wf lemma="mere" pos="X">mere</wf>
         <wf lemma="eller" pos="X">eller</wf>
         <wf lemma="mindre" pos="X">mindre</wf>
         <wf lemma="uafhængigt" pos="X">uafhængigt</wf>
         <wf lemma="af" pos="X">af</wf>
         <wf lemma="os." pos="X">os.</wf>
      </sentence>
      <sentence id="d000.s2041" source="wordnet-danish">
         <wf lemma="Jeg" pos="X">Jeg</wf>
         <wf lemma="skriver" pos="X">skriver</wf>
         <wf lemma="først" pos="X">først</wf>
         <wf lemma="sætningen" pos="X">sætningen</wf>
         <wf lemma="med" pos="X">med</wf>
         <wf lemma="ordet" pos="X">ordet</wf>
         <wf lemma="og" pos="X">og</wf>
         <wf lemma="efter" pos="X">efter</wf>
         <wf lemma="et" pos="X">et</wf>
         <instance id="d000.s2041.t000" lemma="kolon" pos="NOUN">kolon</instance>
         <wf lemma="kommer" pos="X">kommer</wf>
         <wf lemma="der" pos="X">der</wf>
         <wf lemma="en" pos="X">en</wf>
         <wf lemma="forklaring" pos="X">forklaring</wf>
         <wf lemma="på" pos="X">på</wf>
         <wf lemma="hvad" pos="X">hvad</wf>
         <wf lemma="det" pos="X">det</wf>
         <wf lemma="betyder" pos="X">betyder</wf>
         <wf lemma="." pos="X">.</wf>
      </sentence>
      <sentence id="d000.s2042" source="wordnet-danish">
         <wf lemma="I" pos="X">I</wf>
         <instance id="d000.s2042.t000" lemma="retorik" pos="NOUN">retorikken</instance>
         <wf lemma="," pos="X">,</wf>
         <wf lemma="læren" pos="X">læren</wf>
         <wf lemma="om" pos="X">om</wf>
         <wf lemma="talekunsten" pos="X">talekunsten</wf>
         <wf lemma="," pos="X">,</wf>
         <wf lemma="kan" pos="X">kan</wf>
         <wf lemma="man" pos="X">man</wf>
         <wf lemma="finde" pos="X">finde</wf>
         <wf lemma="et" pos="X">et</wf>
         <wf lemma="helt" pos="X">helt</wf>
         <wf lemma="arsenal" pos="X">arsenal</wf>
         <wf lemma="af" pos="X">af</wf>
         <wf lemma="overtalelseskneb" pos="X">overtalelseskneb</wf>
         <wf lemma="og" pos="X">og</wf>
         <wf lemma="argumentationstyper" pos="X">argumentationstyper</wf>
         <wf lemma="." pos="X">.</wf>
      </sentence>
      <sentence id="d000.s2043" source="wordnet-danish">
         <wf lemma="Der" pos="X">Der</wf>
         <wf lemma="fortælles" pos="X">fortælles</wf>
         <wf lemma="om" pos="X">om</wf>
         <wf lemma="tortur" pos="X">tortur</wf>
         <wf lemma="," pos="X">,</wf>
         <instance id="d000.s2043.t000" lemma="vilkårlig" pos="ADJ">vilkårlige</instance>
         <wf lemma="henrettelser" pos="X">henrettelser</wf>
         <wf lemma="og" pos="X">og</wf>
         <wf lemma="grov" pos="X">grov</wf>
         <wf lemma="mishandling" pos="X">mishandling</wf>
         <wf lemma="af" pos="X">af</wf>
         <wf lemma="kvinder" pos="X">kvinder</wf>
         <wf lemma="og" pos="X">og</wf>
         <wf lemma="børn" pos="X">børn</wf>
         <wf lemma="." pos="X">.</wf>
      </sentence>
      <sentence id="d000.s2044" source="wordnet-danish">
         <wf lemma="Michael" pos="X">Michael</wf>
         <wf lemma="Falch" pos="X">Falch</wf>
         <wf lemma="har" pos="X">har</wf>
         <wf lemma="haft" pos="X">haft</wf>
         <wf lemma="stor" pos="X">stor</wf>
         <instance id="d000.s2044.t000" lemma="fremgang" pos="NOUN">fremgang</instance>
         <wf lemma="både" pos="X">både</wf>
         <wf lemma="som" pos="X">som</wf>
         <wf lemma="sangskriver" pos="X">sangskriver</wf>
         <wf lemma="," pos="X">,</wf>
         <wf lemma="leder" pos="X">leder</wf>
         <wf lemma="af" pos="X">af</wf>
         <wf lemma="egen" pos="X">egen</wf>
         <wf lemma="gruppe" pos="X">gruppe</wf>
         <wf lemma="og" pos="X">og</wf>
         <wf lemma="som" pos="X">som</wf>
         <wf lemma="skuespiller" pos="X">skuespiller</wf>
         <wf lemma="." pos="X">.</wf>
      </sentence>
      <sentence id="d000.s2045" source="wordnet-danish">
         <wf lemma="Det" pos="X">Det</wf>
         <wf lemma="var" pos="X">var</wf>
         <instance id="d000.s2045.t000" lemma="søndag" pos="NOUN">søndag</instance>
         <wf lemma="," pos="X">,</wf>
         <wf lemma="og" pos="X">og</wf>
         <wf lemma="hun" pos="X">hun</wf>
         <wf lemma="havde" pos="X">havde</wf>
         <wf lemma="sovet" pos="X">sovet</wf>
         <wf lemma="længe" pos="X">længe</wf>
         <wf lemma="." pos="X">.</wf>
      </sentence>
      <sentence id="d000.s2046" source="wordnet-danish">
         <wf lemma="Skyldes" pos="X">Skyldes</wf>
         <wf lemma="infektionen" pos="X">infektionen</wf>
         <wf lemma="et" pos="X">et</wf>
         <instance id="d000.s2046.t000" lemma="virus" pos="NOUN">virus</instance>
         <wf lemma="," pos="X">,</wf>
         <wf lemma="hjælper" pos="X">hjælper</wf>
         <wf lemma="penicillinet" pos="X">penicillinet</wf>
         <wf lemma="ikke" pos="X">ikke</wf>
         <wf lemma="spor" pos="X">spor</wf>
         <wf lemma="." pos="X">.</wf>
      </sentence>
      <sentence id="d000.s2047" source="wordnet-danish">
         <wf lemma="hendes" pos="X">hendes</wf>
         <wf lemma="øjne" pos="X">øjne</wf>
         <wf lemma="blev" pos="X">blev</wf>
         <wf lemma="fremhævet" pos="X">fremhævet</wf>
         <wf lemma="med" pos="X">med</wf>
         <wf lemma="grå" pos="X">grå</wf>
         <wf lemma="skygge" pos="X">skygge</wf>
         <wf lemma="på" pos="X">på</wf>
         <instance id="d000.s2047.t000" lemma="øjenlåg" pos="NOUN">øjenlåget</instance>
         <wf lemma="." pos="X">.</wf>
      </sentence>
      <sentence id="d000.s2048" source="wordnet-danish">
         <wf lemma="[Cykelrytteren" pos="X">[Cykelrytteren</wf>
         <wf lemma="]" pos="X">]</wf>
         <wf lemma="er" pos="X">er</wf>
         <wf lemma="blevet" pos="X">blevet</wf>
         <wf lemma="idømt" pos="X">idømt</wf>
         <wf lemma="en" pos="X">en</wf>
         <instance id="d000.s2048.t000" lemma="straf" pos="NOUN">straf</instance>
         <wf lemma="for" pos="X">for</wf>
         <wf lemma="at" pos="X">at</wf>
         <wf lemma="få" pos="X">få</wf>
         <wf lemma="lidt" pos="X">lidt</wf>
         <wf lemma="for" pos="X">for</wf>
         <wf lemma="meget" pos="X">meget</wf>
         <wf lemma="hjælp" pos="X">hjælp</wf>
         <wf lemma="fra" pos="X">fra</wf>
         <wf lemma="en" pos="X">en</wf>
         <wf lemma="servicevogn" pos="X">servicevogn</wf>
         <wf lemma="." pos="X">.</wf>
      </sentence>
      <sentence id="d000.s2049" source="wordnet-danish">
         <wf lemma="Det" pos="X">Det</wf>
         <wf lemma="er" pos="X">er</wf>
         <wf lemma="godt" pos="X">godt</wf>
         <wf lemma="og" pos="X">og</wf>
         <wf lemma="nødvendigt" pos="X">nødvendigt</wf>
         <wf lemma="," pos="X">,</wf>
         <wf lemma="at" pos="X">at</wf>
         <wf lemma="skolen" pos="X">skolen</wf>
         <instance id="d000.s2049.t000" lemma="debattere" pos="VERB">debatteres</instance>
         <wf lemma="." pos="X">.</wf>
      </sentence>
      <sentence id="d000.s2050" source="wordnet-danish">
         <wf lemma="Et" pos="X">Et</wf>
         <wf lemma="godt" pos="X">godt</wf>
         <wf lemma="seksualliv" pos="X">seksualliv</wf>
         <wf lemma="drejer" pos="X">drejer</wf>
         <wf lemma="sig" pos="X">sig</wf>
         <wf lemma="om" pos="X">om</wf>
         <wf lemma="følelser" pos="X">følelser</wf>
         <wf lemma="," pos="X">,</wf>
         <wf lemma="ikke" pos="X">ikke</wf>
         <wf lemma="om" pos="X">om</wf>
         <instance id="d000.s2050.t000" lemma="teknisk" pos="ADJ">teknisk</instance>
         <wf lemma="kunnen" pos="X">kunnen</wf>
         <wf lemma="." pos="X">.</wf>
      </sentence>
      <sentence id="d000.s2051" source="wordnet-danish">
         <wf lemma="uden" pos="X">uden</wf>
         <wf lemma="varsel" pos="X">varsel</wf>
         <wf lemma="," pos="X">,</wf>
         <wf lemma="uden" pos="X">uden</wf>
         <wf lemma="forklaring" pos="X">forklaring</wf>
         <wf lemma="blev" pos="X">blev</wf>
         <wf lemma="han" pos="X">han</wf>
         <instance id="d000.s2051.t000" lemma="afskedige" pos="VERB">afskediget</instance>
         <wf lemma="som" pos="X">som</wf>
         <wf lemma="direktør" pos="X">direktør</wf>
         <wf lemma="for" pos="X">for</wf>
         <wf lemma="virksomheden" pos="X">virksomheden</wf>
         <wf lemma="." pos="X">.</wf>
      </sentence>
      <sentence id="d000.s2052" source="wordnet-danish">
         <wf lemma="tandens" pos="X">tandens</wf>
         <instance id="d000.s2052.t000" lemma="nerve" pos="NOUN">nerve</instance>
         <wf lemma="sender" pos="X">sender</wf>
         <wf lemma="signaler" pos="X">signaler</wf>
         <wf lemma="op" pos="X">op</wf>
         <wf lemma="til" pos="X">til</wf>
         <wf lemma="hjernen" pos="X">hjernen</wf>
         <wf lemma="," pos="X">,</wf>
         <wf lemma="og" pos="X">og</wf>
         <wf lemma="det" pos="X">det</wf>
         <wf lemma="er" pos="X">er</wf>
         <wf lemma="her" pos="X">her</wf>
         <wf lemma="," pos="X">,</wf>
         <wf lemma="smerten" pos="X">smerten</wf>
         <wf lemma="skabes" pos="X">skabes</wf>
         <wf lemma="." pos="X">.</wf>
      </sentence>
      <sentence id="d000.s2053" source="wordnet-danish">
         <wf lemma="Den" pos="X">Den</wf>
         <wf lemma="katolske" pos="X">katolske</wf>
         <wf lemma="kirke" pos="X">kirke</wf>
         <wf lemma="i" pos="X">i</wf>
         <wf lemma="Tyskland" pos="X">Tyskland</wf>
         <wf lemma="har" pos="X">har</wf>
         <wf lemma="i" pos="X">i</wf>
         <wf lemma="rasende" pos="X">rasende</wf>
         <instance id="d000.s2053.t000" lemma="vending" pos="NOUN">vendinger</instance>
         <wf lemma="kritiseret" pos="X">kritiseret</wf>
         <wf lemma="den" pos="X">den</wf>
         <wf lemma="ny" pos="X">ny</wf>
         <wf lemma="abortlov" pos="X">abortlov</wf>
         <wf lemma="." pos="X">.</wf>
      </sentence>
      <sentence id="d000.s2054" source="wordnet-danish">
         <wf lemma="Og" pos="X">Og</wf>
         <wf lemma="den" pos="X">den</wf>
         <wf lemma="danske" pos="X">danske</wf>
         <wf lemma="sang" pos="X">sang</wf>
         <wf lemma="," pos="X">,</wf>
         <wf lemma="sagde" pos="X">sagde</wf>
         <wf lemma="jeg" pos="X">jeg</wf>
         <wf lemma="," pos="X">,</wf>
         <wf lemma="--" pos="X">--</wf>
         <wf lemma="er" pos="X">er</wf>
         <wf lemma="en" pos="X">en</wf>
         <wf lemma="ung" pos="X">ung</wf>
         <instance id="d000.s2054.t000" lemma="blond" pos="ADJ">blond</instance>
         <wf lemma="pige" pos="X">pige</wf>
         <wf lemma="..." pos="X">...</wf>
         <wf lemma="lissom" pos="X">lissom</wf>
         <wf lemma="dig" pos="X">dig</wf>
         <wf lemma="," pos="X">,</wf>
         <wf lemma="Kirsten" pos="X">Kirsten</wf>
         <wf lemma="." pos="X">.</wf>
      </sentence>
      <sentence id="d000.s2055" source="wordnet-danish">
         <wf lemma="Sælger" pos="X">Sælger</wf>
         <wf lemma="indestår" pos="X">indestår</wf>
         <wf lemma="for" pos="X">for</wf>
         <wf lemma="," pos="X">,</wf>
         <wf lemma="at" pos="X">at</wf>
         <wf lemma="de" pos="X">de</wf>
         <wf lemma="på" pos="X">på</wf>
         <instance id="d000.s2055.t000" lemma="ejendom" pos="NOUN">ejendommen</instance>
         <wf lemma="værende" pos="X">værende</wf>
         <wf lemma="bygninger" pos="X">bygninger</wf>
         <wf lemma="og" pos="X">og</wf>
         <wf lemma="disses" pos="X">disses</wf>
         <wf lemma="installationer" pos="X">installationer</wf>
         <wf lemma="ham" pos="X">ham</wf>
         <wf lemma="bekendt" pos="X">bekendt</wf>
         <wf lemma="er" pos="X">er</wf>
         <wf lemma="lovlige" pos="X">lovlige</wf>
         <wf lemma="." pos="X">.</wf>
      </sentence>
      <sentence id="d000.s2056" source="wordnet-danish">
         <wf lemma="Det" pos="X">Det</wf>
         <wf lemma="ubevidste" pos="X">ubevidste</wf>
         <wf lemma="viser" pos="X">viser</wf>
         <wf lemma="sig" pos="X">sig</wf>
         <wf lemma="i" pos="X">i</wf>
         <wf lemma="øjeblikket" pos="X">øjeblikket</wf>
         <wf lemma="med" pos="X">med</wf>
         <wf lemma="religiøse" pos="X">religiøse</wf>
         <wf lemma="billeder" pos="X">billeder</wf>
         <wf lemma="og" pos="X">og</wf>
         <instance id="d000.s2056.t000" lemma="vision" pos="NOUN">visioner</instance>
         <wf lemma="hos" pos="X">hos</wf>
         <wf lemma="mange" pos="X">mange</wf>
         <wf lemma="mennesker" pos="X">mennesker</wf>
         <wf lemma="." pos="X">.</wf>
      </sentence>
      <sentence id="d000.s2057" source="wordnet-danish">
         <wf lemma="Hele" pos="X">Hele</wf>
         <wf lemma="tiden" pos="X">tiden</wf>
         <wf lemma="demonstrerer" pos="X">demonstrerer</wf>
         <wf lemma="han" pos="X">han</wf>
         <wf lemma="sin" pos="X">sin</wf>
         <wf lemma="magt" pos="X">magt</wf>
         <wf lemma="," pos="X">,</wf>
         <wf lemma="og" pos="X">og</wf>
         <wf lemma="tvinger" pos="X">tvinger</wf>
         <wf lemma="dem" pos="X">dem</wf>
         <wf lemma="til" pos="X">til</wf>
         <wf lemma="at" pos="X">at</wf>
         <wf lemma="tigge" pos="X">tigge</wf>
         <wf lemma="og" pos="X">og</wf>
         <instance id="d000.s2057.t000" lemma="krybe" pos="VERB">krybe</instance>
         <wf lemma="for" pos="X">for</wf>
         <wf lemma="ham" pos="X">ham</wf>
         <wf lemma="." pos="X">.</wf>
      </sentence>
      <sentence id="d000.s2058" source="wordnet-danish">
         <wf lemma="Barnet" pos="X">Barnet</wf>
         <wf lemma="skal" pos="X">skal</wf>
         <wf lemma="have" pos="X">have</wf>
         <wf lemma="et" pos="X">et</wf>
         <instance id="d000.s2058.t000" lemma="navn" pos="NOUN">navn</instance>
         <wf lemma="senest" pos="X">senest</wf>
         <wf lemma="6" pos="X">6</wf>
         <wf lemma="måneder" pos="X">måneder</wf>
         <wf lemma="efter" pos="X">efter</wf>
         <wf lemma="fødslen" pos="X">fødslen</wf>
         <wf lemma="." pos="X">.</wf>
      </sentence>
      <sentence id="d000.s2059" source="wordnet-danish">
         <wf lemma="På" pos="X">På</wf>
         <wf lemma="ruten" pos="X">ruten</wf>
         <wf lemma="[" pos="X">[</wf>
         <wf lemma=":" pos="X">:</wf>
         <wf lemma="Skandinavien-Bangkok" pos="X">Skandinavien-Bangkok</wf>
         <wf lemma="]" pos="X">]</wf>
         <wf lemma="er" pos="X">er</wf>
         <wf lemma="der" pos="X">der</wf>
         <wf lemma="ni" pos="X">ni</wf>
         <wf lemma="stewarder" pos="X">stewarder</wf>
         <wf lemma="og" pos="X">og</wf>
         <wf lemma="stewardesser" pos="X">stewardesser</wf>
         <wf lemma="til" pos="X">til</wf>
         <wf lemma="at" pos="X">at</wf>
         <wf lemma="tage" pos="X">tage</wf>
         <wf lemma="sig" pos="X">sig</wf>
         <wf lemma="af" pos="X">af</wf>
         <wf lemma="de" pos="X">de</wf>
         <wf lemma="omkring" pos="X">omkring</wf>
         <wf lemma="200" pos="X">200</wf>
         <wf lemma="passagerer" pos="X">passagerer</wf>
         <wf lemma="i" pos="X">i</wf>
         <instance id="d000.s2059.t000" lemma="fly" pos="NOUN">flyet</instance>
         <wf lemma="." pos="X">.</wf>
      </sentence>
      <sentence id="d000.s2060" source="wordnet-danish">
         <wf lemma="Fru" pos="X">Fru</wf>
         <wf lemma="Jensen" pos="X">Jensen</wf>
         <wf lemma="står" pos="X">står</wf>
         <wf lemma="i" pos="X">i</wf>
         <wf lemma="sin" pos="X">sin</wf>
         <wf lemma="dør" pos="X">dør</wf>
         <wf lemma="og" pos="X">og</wf>
         <instance id="d000.s2060.t000" lemma="pudse" pos="VERB">pudser</instance>
         <wf lemma="dørhåndtaget" pos="X">dørhåndtaget</wf>
         <wf lemma="og" pos="X">og</wf>
         <wf lemma="brevsprækken" pos="X">brevsprækken</wf>
         <wf lemma="af" pos="X">af</wf>
         <wf lemma="messing" pos="X">messing</wf>
         <wf lemma="." pos="X">.</wf>
      </sentence>
      <sentence id="d000.s2061" source="wordnet-danish">
         <wf lemma="I" pos="X">I</wf>
         <wf lemma="enkelte" pos="X">enkelte</wf>
         <wf lemma="tilfælde" pos="X">tilfælde</wf>
         <instance id="d000.s2061.t000" lemma="forfalske" pos="VERB">forfalskes</instance>
         <wf lemma="måleresultater" pos="X">måleresultater</wf>
         <wf lemma="direkte" pos="X">direkte</wf>
         <wf lemma="for" pos="X">for</wf>
         <wf lemma="at" pos="X">at</wf>
         <wf lemma="øge" pos="X">øge</wf>
         <wf lemma="bevillingerne" pos="X">bevillingerne</wf>
         <wf lemma="." pos="X">.</wf>
      </sentence>
      <sentence id="d000.s2062" source="wordnet-danish">
         <wf lemma="En" pos="X">En</wf>
         <wf lemma="hjerteskærende" pos="X">hjerteskærende</wf>
         <wf lemma="historie" pos="X">historie</wf>
         <wf lemma="om" pos="X">om</wf>
         <wf lemma="kærlighedstabets" pos="X">kærlighedstabets</wf>
         <instance id="d000.s2062.t000" lemma="evig" pos="ADJ">evige</instance>
         <wf lemma="og" pos="X">og</wf>
         <wf lemma="evigt" pos="X">evigt</wf>
         <wf lemma="aktuelle" pos="X">aktuelle</wf>
         <wf lemma="tragedie" pos="X">tragedie</wf>
         <wf lemma="." pos="X">.</wf>
      </sentence>
      <sentence id="d000.s2063" source="wordnet-danish">
         <wf lemma="Begge" pos="X">Begge</wf>
         <wf lemma="Kongressens" pos="X">Kongressens</wf>
         <instance id="d000.s2063.t000" lemma="kammer" pos="NOUN">kamre</instance>
         <wf lemma="forkastede" pos="X">forkastede</wf>
         <wf lemma="forslag" pos="X">forslag</wf>
         <wf lemma="fra" pos="X">fra</wf>
         <wf lemma="demokraterne" pos="X">demokraterne</wf>
         <wf lemma="om" pos="X">om</wf>
         <wf lemma="at" pos="X">at</wf>
         <wf lemma="udskyde" pos="X">udskyde</wf>
         <wf lemma="brugen" pos="X">brugen</wf>
         <wf lemma="af" pos="X">af</wf>
         <wf lemma="militær" pos="X">militær</wf>
         <wf lemma="magt" pos="X">magt</wf>
         <wf lemma="." pos="X">.</wf>
      </sentence>
      <sentence id="d000.s2064" source="wordnet-danish">
         <wf lemma="Neglelak" pos="X">Neglelak</wf>
         <wf lemma="i" pos="X">i</wf>
         <wf lemma="perfekt" pos="X">perfekt</wf>
         <wf lemma="farveharmoni" pos="X">farveharmoni</wf>
         <wf lemma="med" pos="X">med</wf>
         <wf lemma="Rouge" pos="X">Rouge</wf>
         <wf lemma="absolu" pos="X">absolu</wf>
         <wf lemma="." pos="X">.</wf>
         <wf lemma="En" pos="X">En</wf>
         <wf lemma="lak" pos="X">lak</wf>
         <wf lemma="," pos="X">,</wf>
         <wf lemma="der" pos="X">der</wf>
         <wf lemma="giver" pos="X">giver</wf>
         <wf lemma="glansfulde" pos="X">glansfulde</wf>
         <wf lemma="stærke" pos="X">stærke</wf>
         <instance id="d000.s2064.t000" lemma="negl" pos="NOUN">negle</instance>
         <wf lemma="," pos="X">,</wf>
         <wf lemma="der" pos="X">der</wf>
         <wf lemma="holder" pos="X">holder</wf>
         <wf lemma="." pos="X">.</wf>
      </sentence>
      <sentence id="d000.s2065" source="wordnet-danish">
         <wf lemma="Jeg" pos="X">Jeg</wf>
         <wf lemma="spiller" pos="X">spiller</wf>
         <instance id="d000.s2065.t000" lemma="musik" pos="NOUN">musik</instance>
         <wf lemma="om" pos="X">om</wf>
         <wf lemma="onsdagen" pos="X">onsdagen</wf>
         <wf lemma="sammen" pos="X">sammen</wf>
         <wf lemma="med" pos="X">med</wf>
         <wf lemma="andre" pos="X">andre</wf>
         <wf lemma="elever" pos="X">elever</wf>
         <wf lemma="fra" pos="X">fra</wf>
         <wf lemma="Thorshøjgård" pos="X">Thorshøjgård</wf>
         <wf lemma="," pos="X">,</wf>
         <wf lemma="onsdag" pos="X">onsdag</wf>
         <wf lemma="er" pos="X">er</wf>
         <wf lemma="vores" pos="X">vores</wf>
         <wf lemma="øveaften" pos="X">øveaften</wf>
         <wf lemma="." pos="X">.</wf>
      </sentence>
      <sentence id="d000.s2066" source="wordnet-danish">
         <wf lemma="I" pos="X">I</wf>
         <wf lemma="1928" pos="X">1928</wf>
         <wf lemma="blev" pos="X">blev</wf>
         <wf lemma="Trotskij" pos="X">Trotskij</wf>
         <wf lemma=".." pos="X">..</wf>
         <instance id="d000.s2066.t000" lemma="forvise" pos="VERB">forvist</instance>
         <wf lemma="fra" pos="X">fra</wf>
         <wf lemma="Sovjetunionen" pos="X">Sovjetunionen</wf>
         <wf lemma="." pos="X">.</wf>
      </sentence>
      <sentence id="d000.s2067" source="wordnet-danish">
         <wf lemma="Hvis" pos="X">Hvis</wf>
         <wf lemma="mayonnaisen" pos="X">mayonnaisen</wf>
         <wf lemma="skiller" pos="X">skiller</wf>
         <wf lemma="," pos="X">,</wf>
         <wf lemma="startes" pos="X">startes</wf>
         <wf lemma="forfra" pos="X">forfra</wf>
         <wf lemma="med" pos="X">med</wf>
         <wf lemma="ny" pos="X">ny</wf>
         <wf lemma="æggeblomme" pos="X">æggeblomme</wf>
         <wf lemma="." pos="X">.</wf>
         <wf lemma="Det" pos="X">Det</wf>
         <wf lemma="er" pos="X">er</wf>
         <wf lemma="vigtigt" pos="X">vigtigt</wf>
         <wf lemma="at" pos="X">at</wf>
         <wf lemma="alle" pos="X">alle</wf>
         <wf lemma="ingredienser" pos="X">ingredienser</wf>
         <wf lemma="har" pos="X">har</wf>
         <wf lemma="samme" pos="X">samme</wf>
         <instance id="d000.s2067.t000" lemma="temperatur" pos="NOUN">temperatur</instance>
         <wf lemma="fra" pos="X">fra</wf>
         <wf lemma="starten" pos="X">starten</wf>
         <wf lemma="." pos="X">.</wf>
      </sentence>
      <sentence id="d000.s2068" source="wordnet-danish">
         <wf lemma="Den" pos="X">Den</wf>
         <wf lemma="kost" pos="X">kost</wf>
         <wf lemma="," pos="X">,</wf>
         <wf lemma="vi" pos="X">vi</wf>
         <wf lemma="indtager" pos="X">indtager</wf>
         <wf lemma="," pos="X">,</wf>
         <wf lemma="indeholder" pos="X">indeholder</wf>
         <instance id="d000.s2068.t000" lemma="protein" pos="NOUN">proteiner</instance>
         <wf lemma="," pos="X">,</wf>
         <wf lemma="kulhydrater" pos="X">kulhydrater</wf>
         <wf lemma="og" pos="X">og</wf>
         <wf lemma="fedt" pos="X">fedt</wf>
         <wf lemma="." pos="X">.</wf>
      </sentence>
      <sentence id="d000.s2069" source="wordnet-danish">
         <wf lemma="De" pos="X">De</wf>
         <wf lemma="seneste" pos="X">seneste</wf>
         <wf lemma="års" pos="X">års</wf>
         <wf lemma="forskning" pos="X">forskning</wf>
         <wf lemma="har" pos="X">har</wf>
         <wf lemma="bl.a." pos="X">bl.a.</wf>
         <wf lemma="bevist" pos="X">bevist</wf>
         <instance id="d000.s2069.t000" lemma="vigtighed" pos="NOUN">vigtigheden</instance>
         <wf lemma="af" pos="X">af</wf>
         <wf lemma="," pos="X">,</wf>
         <wf lemma="at" pos="X">at</wf>
         <wf lemma="man" pos="X">man</wf>
         <wf lemma="får" pos="X">får</wf>
         <wf lemma="tilstrækkelig" pos="X">tilstrækkelig</wf>
         <wf lemma="med" pos="X">med</wf>
         <wf lemma="fiber" pos="X">fiber</wf>
         <wf lemma="." pos="X">.</wf>
      </sentence>
      <sentence id="d000.s2070" source="wordnet-danish">
         <wf lemma="Næste" pos="X">Næste</wf>
         <wf lemma="dag" pos="X">dag</wf>
         <wf lemma="samlede" pos="X">samlede</wf>
         <wf lemma="han" pos="X">han</wf>
         <wf lemma="alt" pos="X">alt</wf>
         <wf lemma="sit" pos="X">sit</wf>
         <instance id="d000.s2070.t000" lemma="mod" pos="NOUN">mod</instance>
         <wf lemma="og" pos="X">og</wf>
         <wf lemma="overvandt" pos="X">overvandt</wf>
         <wf lemma="tandlægens" pos="X">tandlægens</wf>
         <wf lemma="dør" pos="X">dør</wf>
         <wf lemma="." pos="X">.</wf>
      </sentence>
      <sentence id="d000.s2071" source="wordnet-danish">
         <wf lemma="En" pos="X">En</wf>
         <wf lemma="større" pos="X">større</wf>
         <instance id="d000.s2071.t000" lemma="variation" pos="NOUN">variation</instance>
         <wf lemma="i" pos="X">i</wf>
         <wf lemma="udbuddet" pos="X">udbuddet</wf>
         <wf lemma="af" pos="X">af</wf>
         <wf lemma="fritidsmuligheder" pos="X">fritidsmuligheder</wf>
         <wf lemma="for" pos="X">for</wf>
         <wf lemma="de" pos="X">de</wf>
         <wf lemma="unge" pos="X">unge</wf>
         <wf lemma="blev" pos="X">blev</wf>
         <wf lemma="også" pos="X">også</wf>
         <wf lemma="fremhævet" pos="X">fremhævet</wf>
         <wf lemma="som" pos="X">som</wf>
         <wf lemma="ønskværdig" pos="X">ønskværdig</wf>
         <wf lemma="." pos="X">.</wf>
      </sentence>
      <sentence id="d000.s2072" source="wordnet-danish">
         <wf lemma="Han" pos="X">Han</wf>
         <wf lemma="havde" pos="X">havde</wf>
         <instance id="d000.s2072.t000" lemma="låne" pos="VERB">lånt</instance>
         <wf lemma="sin" pos="X">sin</wf>
         <wf lemma="fars" pos="X">fars</wf>
         <wf lemma="smoking" pos="X">smoking</wf>
         <wf lemma="," pos="X">,</wf>
         <wf lemma="og" pos="X">og</wf>
         <wf lemma="den" pos="X">den</wf>
         <wf lemma="strammede" pos="X">strammede</wf>
         <wf lemma="over" pos="X">over</wf>
         <wf lemma="skuldrene" pos="X">skuldrene</wf>
         <wf lemma="." pos="X">.</wf>
      </sentence>
      <sentence id="d000.s2073" source="wordnet-danish">
         <wf lemma="Ligeså" pos="X">Ligeså</wf>
         <wf lemma="snart" pos="X">snart</wf>
         <wf lemma="hun" pos="X">hun</wf>
         <wf lemma="kommer" pos="X">kommer</wf>
         <wf lemma="inden" pos="X">inden</wf>
         <wf lemma="for" pos="X">for</wf>
         <wf lemma="døren" pos="X">døren</wf>
         <instance id="d000.s2073.t000" lemma="børste" pos="VERB">børster</instance>
         <wf lemma="hun" pos="X">hun</wf>
         <wf lemma="sin" pos="X">sin</wf>
         <wf lemma="frakke" pos="X">frakke</wf>
         <wf lemma="med" pos="X">med</wf>
         <wf lemma="klædeskabsbørsten" pos="X">klædeskabsbørsten</wf>
         <wf lemma="." pos="X">.</wf>
      </sentence>
      <sentence id="d000.s2074" source="wordnet-danish">
         <wf lemma="solskin" pos="X">solskin</wf>
         <wf lemma="og" pos="X">og</wf>
         <wf lemma="frisk" pos="X">frisk</wf>
         <wf lemma="luft" pos="X">luft</wf>
         <wf lemma="[vil]" pos="X">[vil]</wf>
         <wf lemma="hjælpe" pos="X">hjælpe</wf>
         <wf lemma="med" pos="X">med</wf>
         <wf lemma="at" pos="X">at</wf>
         <wf lemma="afgifte" pos="X">afgifte</wf>
         <instance id="d000.s2074.t000" lemma="krop" pos="NOUN">kroppen</instance>
         <wf lemma="og" pos="X">og</wf>
         <wf lemma="genopbygge" pos="X">genopbygge</wf>
         <wf lemma="sundhed" pos="X">sundhed</wf>
         <wf lemma="." pos="X">.</wf>
      </sentence>
      <sentence id="d000.s2075" source="wordnet-danish">
         <wf lemma="landmanden" pos="X">landmanden</wf>
         <wf lemma="sprøjter" pos="X">sprøjter</wf>
         <wf lemma="imod" pos="X">imod</wf>
         <instance id="d000.s2075.t000" lemma="ukrudt" pos="NOUN">ukrudt</instance>
         <wf lemma="og" pos="X">og</wf>
         <wf lemma="svampeangreb" pos="X">svampeangreb</wf>
         <wf lemma="for" pos="X">for</wf>
         <wf lemma="at" pos="X">at</wf>
         <wf lemma="sikre" pos="X">sikre</wf>
         <wf lemma="optimal" pos="X">optimal</wf>
         <wf lemma="vækst" pos="X">vækst</wf>
         <wf lemma="i" pos="X">i</wf>
         <wf lemma="forsommeren" pos="X">forsommeren</wf>
         <wf lemma="." pos="X">.</wf>
      </sentence>
      <sentence id="d000.s2076" source="wordnet-danish">
         <wf lemma="du" pos="X">du</wf>
         <wf lemma="er" pos="X">er</wf>
         <wf lemma="jo" pos="X">jo</wf>
         <wf lemma="vokset" pos="X">vokset</wf>
         <wf lemma="op" pos="X">op</wf>
         <wf lemma="før" pos="X">før</wf>
         <instance id="d000.s2076.t000" lemma="fjernsyn" pos="NOUN">fjernsynets</instance>
         <wf lemma="tid" pos="X">tid</wf>
         <wf lemma="," pos="X">,</wf>
         <wf lemma="Agnethe" pos="X">Agnethe</wf>
         <wf lemma="." pos="X">.</wf>
         <wf lemma="." pos="X">.</wf>
         <wf lemma="Der" pos="X">Der</wf>
         <wf lemma="lavede" pos="X">lavede</wf>
         <wf lemma="man" pos="X">man</wf>
         <wf lemma="jo" pos="X">jo</wf>
         <wf lemma="tit" pos="X">tit</wf>
         <wf lemma="nogle" pos="X">nogle</wf>
         <wf lemma="lidt" pos="X">lidt</wf>
         <wf lemma="andre" pos="X">andre</wf>
         <wf lemma="ting" pos="X">ting</wf>
         <wf lemma="om" pos="X">om</wf>
         <wf lemma="aftenen" pos="X">aftenen</wf>
         <wf lemma="." pos="X">.</wf>
      </sentence>
      <sentence id="d000.s2077" source="wordnet-danish">
         <wf lemma="I" pos="X">I</wf>
         <wf lemma="1988" pos="X">1988</wf>
         <wf lemma="måtte" pos="X">måtte</wf>
         <wf lemma="Jyske" pos="X">Jyske</wf>
         <wf lemma="Bank" pos="X">Bank</wf>
         <instance id="d000.s2077.t000" lemma="droppe" pos="VERB">droppe</instance>
         <wf lemma="et" pos="X">et</wf>
         <wf lemma="sagsanlæg" pos="X">sagsanlæg</wf>
         <wf lemma="mod" pos="X">mod</wf>
         <wf lemma="en" pos="X">en</wf>
         <wf lemma="tidligere" pos="X">tidligere</wf>
         <wf lemma="ansat" pos="X">ansat</wf>
         <wf lemma="." pos="X">.</wf>
      </sentence>
      <sentence id="d000.s2078" source="wordnet-danish">
         <wf lemma="Max" pos="X">Max</wf>
         <wf lemma="," pos="X">,</wf>
         <wf lemma="der" pos="X">der</wf>
         <wf lemma="står" pos="X">står</wf>
         <wf lemma="pizza" pos="X">pizza</wf>
         <wf lemma="i" pos="X">i</wf>
         <instance id="d000.s2078.t000" lemma="køler" pos="NOUN">køleren</instance>
         <wf lemma="," pos="X">,</wf>
         <wf lemma="den" pos="X">den</wf>
         <wf lemma="skal" pos="X">skal</wf>
         <wf lemma="bare" pos="X">bare</wf>
         <wf lemma="have" pos="X">have</wf>
         <wf lemma="nogle" pos="X">nogle</wf>
         <wf lemma="minutter" pos="X">minutter</wf>
         <wf lemma="i" pos="X">i</wf>
         <wf lemma="mikroen" pos="X">mikroen</wf>
         <wf lemma="." pos="X">.</wf>
      </sentence>
      <sentence id="d000.s2079" source="wordnet-danish">
         <wf lemma="der" pos="X">der</wf>
         <wf lemma="er" pos="X">er</wf>
         <wf lemma="tilsyneladende" pos="X">tilsyneladende</wf>
         <wf lemma="igen" pos="X">igen</wf>
         <wf lemma="en" pos="X">en</wf>
         <instance id="d000.s2079.t000" lemma="stigning" pos="NOUN">stigning</instance>
         <wf lemma="i" pos="X">i</wf>
         <wf lemma="hashforbrug" pos="X">hashforbrug</wf>
         <wf lemma="og" pos="X">og</wf>
         <wf lemma="andre" pos="X">andre</wf>
         <wf lemma="narkotiske" pos="X">narkotiske</wf>
         <wf lemma="misbrug" pos="X">misbrug</wf>
         <wf lemma="." pos="X">.</wf>
      </sentence>
      <sentence id="d000.s2080" source="wordnet-danish">
         <wf lemma="Jeg" pos="X">Jeg</wf>
         <wf lemma="vil" pos="X">vil</wf>
         <wf lemma="gerne" pos="X">gerne</wf>
         <wf lemma="rette" pos="X">rette</wf>
         <wf lemma="en" pos="X">en</wf>
         <instance id="d000.s2080.t000" lemma="appel" pos="NOUN">appel</instance>
         <wf lemma="til" pos="X">til</wf>
         <wf lemma="alle" pos="X">alle</wf>
         <wf lemma="om" pos="X">om</wf>
         <wf lemma="hjælp" pos="X">hjælp</wf>
         <wf lemma="til" pos="X">til</wf>
         <wf lemma="at" pos="X">at</wf>
         <wf lemma="finde" pos="X">finde</wf>
         <wf lemma="Søs." pos="X">Søs.</wf>
      </sentence>
      <sentence id="d000.s2081" source="wordnet-danish">
         <wf lemma="De" pos="X">De</wf>
         <wf lemma="fem" pos="X">fem</wf>
         <wf lemma="tamiler" pos="X">tamiler</wf>
         <wf lemma=".." pos="X">..</wf>
         <wf lemma="nærede" pos="X">nærede</wf>
         <wf lemma="stor" pos="X">stor</wf>
         <wf lemma="frygt" pos="X">frygt</wf>
         <wf lemma="for" pos="X">for</wf>
         <wf lemma="forfølgelse" pos="X">forfølgelse</wf>
         <wf lemma="," pos="X">,</wf>
         <wf lemma="hvis" pos="X">hvis</wf>
         <wf lemma="de" pos="X">de</wf>
         <wf lemma="blev" pos="X">blev</wf>
         <instance id="d000.s2081.t000" lemma="returnere" pos="VERB">returneret</instance>
         <wf lemma="til" pos="X">til</wf>
         <wf lemma="Sri" pos="X">Sri</wf>
         <wf lemma="Lanka" pos="X">Lanka</wf>
         <wf lemma="." pos="X">.</wf>
      </sentence>
      <sentence id="d000.s2082" source="wordnet-danish">
         <wf lemma="Jeg" pos="X">Jeg</wf>
         <wf lemma="var" pos="X">var</wf>
         <wf lemma="hjemme" pos="X">hjemme</wf>
         <wf lemma="klokken" pos="X">klokken</wf>
         <wf lemma="fem" pos="X">fem</wf>
         <wf lemma="minutter" pos="X">minutter</wf>
         <wf lemma="over" pos="X">over</wf>
         <instance id="d000.s2082.t000" lemma="midnat" pos="NOUN">midnat</instance>
         <wf lemma="og" pos="X">og</wf>
         <wf lemma="gik" pos="X">gik</wf>
         <wf lemma="direkte" pos="X">direkte</wf>
         <wf lemma="i" pos="X">i</wf>
         <wf lemma="seng" pos="X">seng</wf>
         <wf lemma="." pos="X">.</wf>
      </sentence>
      <sentence id="d000.s2083" source="wordnet-danish">
         <wf lemma="Festen" pos="X">Festen</wf>
         <wf lemma="varede" pos="X">varede</wf>
         <wf lemma="til" pos="X">til</wf>
         <wf lemma="langt" pos="X">langt</wf>
         <wf lemma="ud" pos="X">ud</wf>
         <wf lemma="på" pos="X">på</wf>
         <instance id="d000.s2083.t000" lemma="nat" pos="NOUN">natten</instance>
         <wf lemma="." pos="X">.</wf>
      </sentence>
      <sentence id="d000.s2084" source="wordnet-danish">
         <wf lemma="han" pos="X">han</wf>
         <wf lemma="var" pos="X">var</wf>
         <wf lemma="en" pos="X">en</wf>
         <instance id="d000.s2084.t000" lemma="overvægtig" pos="ADJ">overvægtig</instance>
         <wf lemma="lille" pos="X">lille</wf>
         <wf lemma="dreng" pos="X">dreng</wf>
         <wf lemma="," pos="X">,</wf>
         <wf lemma="der" pos="X">der</wf>
         <wf lemma="måtte" pos="X">måtte</wf>
         <wf lemma="finde" pos="X">finde</wf>
         <wf lemma="sig" pos="X">sig</wf>
         <wf lemma="i" pos="X">i</wf>
         <wf lemma="at" pos="X">at</wf>
         <wf lemma="blive" pos="X">blive</wf>
         <wf lemma="mobbet" pos="X">mobbet</wf>
         <wf lemma="af" pos="X">af</wf>
         <wf lemma="kammeraterne" pos="X">kammeraterne</wf>
         <wf lemma="." pos="X">.</wf>
      </sentence>
      <sentence id="d000.s2085" source="wordnet-danish">
         <wf lemma="politiske" pos="X">politiske</wf>
         <wf lemma="partistridigheder" pos="X">partistridigheder</wf>
         <instance id="d000.s2085.t000" lemma="undergrave" pos="VERB">undergravede</instance>
         <wf lemma="landets" pos="X">landets</wf>
         <wf lemma="økonomi" pos="X">økonomi</wf>
         <wf lemma="." pos="X">.</wf>
      </sentence>
      <sentence id="d000.s2086" source="wordnet-danish">
         <wf lemma="Han" pos="X">Han</wf>
         <wf lemma="har" pos="X">har</wf>
         <wf lemma="et" pos="X">et</wf>
         <wf lemma="rygte" pos="X">rygte</wf>
         <wf lemma="," pos="X">,</wf>
         <wf lemma="der" pos="X">der</wf>
         <wf lemma="får" pos="X">får</wf>
         <wf lemma="Casanova" pos="X">Casanova</wf>
         <wf lemma="til" pos="X">til</wf>
         <wf lemma="at" pos="X">at</wf>
         <instance id="d000.s2086.t000" lemma="synes" pos="VERB">synes</instance>
         <wf lemma="som" pos="X">som</wf>
         <wf lemma="en" pos="X">en</wf>
         <wf lemma="munk" pos="X">munk</wf>
         <wf lemma="." pos="X">.</wf>
      </sentence>
      <sentence id="d000.s2087" source="wordnet-danish">
         <wf lemma="Jeg" pos="X">Jeg</wf>
         <wf lemma="tror" pos="X">tror</wf>
         <wf lemma="ikke" pos="X">ikke</wf>
         <wf lemma="," pos="X">,</wf>
         <wf lemma="regeringen" pos="X">regeringen</wf>
         <wf lemma="har" pos="X">har</wf>
         <wf lemma="en" pos="X">en</wf>
         <wf lemma="chance" pos="X">chance</wf>
         <wf lemma="," pos="X">,</wf>
         <wf lemma="hvis" pos="X">hvis</wf>
         <wf lemma="den" pos="X">den</wf>
         <wf lemma="efter" pos="X">efter</wf>
         <wf lemma="dette" pos="X">dette</wf>
         <wf lemma="valg" pos="X">valg</wf>
         <wf lemma="ikke" pos="X">ikke</wf>
         <wf lemma="vil" pos="X">vil</wf>
         <instance id="d000.s2087.t000" lemma="samarbejde" pos="VERB">samarbejde</instance>
         <wf lemma="hen" pos="X">hen</wf>
         <wf lemma="over" pos="X">over</wf>
         <wf lemma="midten" pos="X">midten</wf>
         <wf lemma="." pos="X">.</wf>
      </sentence>
      <sentence id="d000.s2088" source="wordnet-danish">
         <wf lemma="bag" pos="X">bag</wf>
         <wf lemma="filmens" pos="X">filmens</wf>
         <wf lemma=".." pos="X">..</wf>
         <wf lemma="manuskript" pos="X">manuskript</wf>
         <wf lemma="står" pos="X">står</wf>
         <wf lemma="alle" pos="X">alle</wf>
         <wf lemma="tiders" pos="X">tiders</wf>
         <wf lemma="mest" pos="X">mest</wf>
         <instance id="d000.s2088.t000" lemma="succesrig" pos="ADJ">succesrige</instance>
         <wf lemma="forfatter" pos="X">forfatter</wf>
         <wf lemma="," pos="X">,</wf>
         <wf lemma="gysermesteren" pos="X">gysermesteren</wf>
         <wf lemma="Stephen" pos="X">Stephen</wf>
         <wf lemma="King" pos="X">King</wf>
         <wf lemma="." pos="X">.</wf>
      </sentence>
      <sentence id="d000.s2089" source="wordnet-danish">
         <wf lemma="Hvis" pos="X">Hvis</wf>
         <wf lemma="De" pos="X">De</wf>
         <instance id="d000.s2089.t000" lemma="ønske" pos="VERB">ønsker</instance>
         <wf lemma="at" pos="X">at</wf>
         <wf lemma="betale" pos="X">betale</wf>
         <wf lemma="restskatten" pos="X">restskatten</wf>
         <wf lemma="straks" pos="X">straks</wf>
         <wf lemma="," pos="X">,</wf>
         <wf lemma="skal" pos="X">skal</wf>
         <wf lemma="De" pos="X">De</wf>
         <wf lemma="rette" pos="X">rette</wf>
         <wf lemma="henvendelse" pos="X">henvendelse</wf>
         <wf lemma="til" pos="X">til</wf>
         <wf lemma="den" pos="X">den</wf>
         <wf lemma="slutligningskommune" pos="X">slutligningskommune</wf>
         <wf lemma="," pos="X">,</wf>
         <wf lemma="der" pos="X">der</wf>
         <wf lemma="er" pos="X">er</wf>
         <wf lemma="anført" pos="X">anført</wf>
         <wf lemma="på" pos="X">på</wf>
         <wf lemma="forsiden" pos="X">forsiden</wf>
         <wf lemma="." pos="X">.</wf>
      </sentence>
      <sentence id="d000.s2090" source="wordnet-danish">
         <wf lemma="Jeg" pos="X">Jeg</wf>
         <wf lemma=".." pos="X">..</wf>
         <wf lemma="talte" pos="X">talte</wf>
         <wf lemma="beroligende" pos="X">beroligende</wf>
         <wf lemma="til" pos="X">til</wf>
         <wf lemma="hende" pos="X">hende</wf>
         <wf lemma="," pos="X">,</wf>
         <wf lemma="mens" pos="X">mens</wf>
         <wf lemma="jeg" pos="X">jeg</wf>
         <instance id="d000.s2090.t000" lemma="lytte" pos="VERB">lyttede</instance>
         <wf lemma="til" pos="X">til</wf>
         <wf lemma="hjerte" pos="X">hjerte</wf>
         <wf lemma="og" pos="X">og</wf>
         <wf lemma="lunger" pos="X">lunger</wf>
         <wf lemma="." pos="X">.</wf>
      </sentence>
      <sentence id="d000.s2091" source="wordnet-danish">
         <wf lemma="Hendes" pos="X">Hendes</wf>
         <wf lemma="store" pos="X">store</wf>
         <wf lemma="talent" pos="X">talent</wf>
         <wf lemma="foldede" pos="X">foldede</wf>
         <wf lemma="sig" pos="X">sig</wf>
         <wf lemma="ud" pos="X">ud</wf>
         <wf lemma="i" pos="X">i</wf>
         <wf lemma="næsten" pos="X">næsten</wf>
         <wf lemma="200" pos="X">200</wf>
         <instance id="d000.s2091.t000" lemma="rolle" pos="NOUN">roller</instance>
         <wf lemma="på" pos="X">på</wf>
         <wf lemma="teateret" pos="X">teateret</wf>
         <wf lemma="," pos="X">,</wf>
         <wf lemma="140" pos="X">140</wf>
         <wf lemma="i" pos="X">i</wf>
         <wf lemma="radioen" pos="X">radioen</wf>
         <wf lemma="," pos="X">,</wf>
         <wf lemma="12" pos="X">12</wf>
         <wf lemma="filmroller" pos="X">filmroller</wf>
         <wf lemma="samt" pos="X">samt</wf>
         <wf lemma="3" pos="X">3</wf>
         <wf lemma="roller" pos="X">roller</wf>
         <wf lemma="i" pos="X">i</wf>
         <wf lemma="fjernsynet" pos="X">fjernsynet</wf>
         <wf lemma="." pos="X">.</wf>
      </sentence>
      <sentence id="d000.s2092" source="wordnet-danish">
         <wf lemma="han" pos="X">han</wf>
         <wf lemma=".." pos="X">..</wf>
         <wf lemma="arbejdede" pos="X">arbejdede</wf>
         <wf lemma="som" pos="X">som</wf>
         <wf lemma="sovjetisk" pos="X">sovjetisk</wf>
         <instance id="d000.s2092.t000" lemma="spion" pos="NOUN">spion</instance>
         <wf lemma="i" pos="X">i</wf>
         <wf lemma="den" pos="X">den</wf>
         <wf lemma="amerikanske" pos="X">amerikanske</wf>
         <wf lemma="flådes" pos="X">flådes</wf>
         <wf lemma="efterretnings-organisation" pos="X">efterretnings-organisation</wf>
         <wf lemma="." pos="X">.</wf>
      </sentence>
      <sentence id="d000.s2093" source="wordnet-danish">
         <wf lemma="Det" pos="X">Det</wf>
         <wf lemma="idiotsikre" pos="X">idiotsikre</wf>
         <wf lemma="kamera" pos="X">kamera</wf>
         <wf lemma="med" pos="X">med</wf>
         <wf lemma="indbygget" pos="X">indbygget</wf>
         <instance id="d000.s2093.t000" lemma="blitz" pos="NOUN">blitz</instance>
         <wf lemma="ligger" pos="X">ligger</wf>
         <wf lemma="i" pos="X">i</wf>
         <wf lemma="øverste" pos="X">øverste</wf>
         <wf lemma="kommodeskuffe" pos="X">kommodeskuffe</wf>
         <wf lemma="." pos="X">.</wf>
      </sentence>
      <sentence id="d000.s2094" source="wordnet-danish">
         <wf lemma="Det" pos="X">Det</wf>
         <wf lemma="var" pos="X">var</wf>
         <wf lemma="ved" pos="X">ved</wf>
         <wf lemma="sagens" pos="X">sagens</wf>
         <wf lemma="afslutning" pos="X">afslutning</wf>
         <wf lemma="uklart" pos="X">uklart</wf>
         <wf lemma="," pos="X">,</wf>
         <wf lemma="om" pos="X">om</wf>
         <wf lemma="der" pos="X">der</wf>
         <wf lemma="rejses" pos="X">rejses</wf>
         <wf lemma="tiltale" pos="X">tiltale</wf>
         <wf lemma="for" pos="X">for</wf>
         <instance id="d000.s2094.t000" lemma="falsk" pos="ADJ">falsk</instance>
         <wf lemma="anmeldelse" pos="X">anmeldelse</wf>
         <wf lemma="og" pos="X">og</wf>
         <wf lemma="falsk" pos="X">falsk</wf>
         <wf lemma="forklaring" pos="X">forklaring</wf>
         <wf lemma="mod" pos="X">mod</wf>
         <wf lemma="hovedvidnet" pos="X">hovedvidnet</wf>
         <wf lemma="." pos="X">.</wf>
      </sentence>
      <sentence id="d000.s2095" source="wordnet-danish">
         <wf lemma="Sovjetunionen" pos="X">Sovjetunionen</wf>
         <wf lemma="har" pos="X">har</wf>
         <wf lemma="midlertidigt" pos="X">midlertidigt</wf>
         <wf lemma="indstillet" pos="X">indstillet</wf>
         <wf lemma="sin" pos="X">sin</wf>
         <instance id="d000.s2095.t000" lemma="tilbagetrækning" pos="NOUN">tilbagetrækning</instance>
         <wf lemma="af" pos="X">af</wf>
         <wf lemma="tropper" pos="X">tropper</wf>
         <wf lemma="fra" pos="X">fra</wf>
         <wf lemma="Afghanistan" pos="X">Afghanistan</wf>
         <wf lemma="." pos="X">.</wf>
      </sentence>
      <sentence id="d000.s2096" source="wordnet-danish">
         <wf lemma="Du" pos="X">Du</wf>
         <wf lemma="har" pos="X">har</wf>
         <wf lemma="to" pos="X">to</wf>
         <instance id="d000.s2096.t000" lemma="valgmulighed" pos="NOUN">valgmuligheder</instance>
         <wf lemma=":" pos="X">:</wf>
         <wf lemma="Tilbage" pos="X">Tilbage</wf>
         <wf lemma="til" pos="X">til</wf>
         <wf lemma="fængslet" pos="X">fængslet</wf>
         <wf lemma="omgående" pos="X">omgående</wf>
         <wf lemma="," pos="X">,</wf>
         <wf lemma="eller" pos="X">eller</wf>
         <wf lemma="du" pos="X">du</wf>
         <wf lemma="bliver" pos="X">bliver</wf>
         <wf lemma="her" pos="X">her</wf>
         <wf lemma="på" pos="X">på</wf>
         <wf lemma="øen" pos="X">øen</wf>
         <wf lemma="." pos="X">.</wf>
      </sentence>
      <sentence id="d000.s2097" source="wordnet-danish">
         <wf lemma="Det" pos="X">Det</wf>
         <wf lemma="nytter" pos="X">nytter</wf>
         <wf lemma="ikke" pos="X">ikke</wf>
         <wf lemma="noget" pos="X">noget</wf>
         <wf lemma="," pos="X">,</wf>
         <wf lemma="at" pos="X">at</wf>
         <wf lemma="partier" pos="X">partier</wf>
         <wf lemma="her" pos="X">her</wf>
         <wf lemma="i" pos="X">i</wf>
         <instance id="d000.s2097.t000" lemma="sal" pos="NOUN">salen</instance>
         <wf lemma="mener" pos="X">mener</wf>
         <wf lemma="," pos="X">,</wf>
         <wf lemma="at" pos="X">at</wf>
         <wf lemma="man" pos="X">man</wf>
         <wf lemma="blot" pos="X">blot</wf>
         <wf lemma="kan" pos="X">kan</wf>
         <wf lemma="gå" pos="X">gå</wf>
         <wf lemma="ind" pos="X">ind</wf>
         <wf lemma="og" pos="X">og</wf>
         <wf lemma="reducere" pos="X">reducere</wf>
         <wf lemma="rentefradraget" pos="X">rentefradraget</wf>
         <wf lemma="." pos="X">.</wf>
      </sentence>
      <sentence id="d000.s2098" source="wordnet-danish">
         <wf lemma="Hylder" pos="X">Hylder</wf>
         <wf lemma="og" pos="X">og</wf>
         <wf lemma="vindueskarm" pos="X">vindueskarm</wf>
         <wf lemma="var" pos="X">var</wf>
         <instance id="d000.s2098.t000" lemma="fylde" pos="VERB">fyldt</instance>
         <wf lemma="med" pos="X">med</wf>
         <wf lemma="flasker" pos="X">flasker</wf>
         <wf lemma="og" pos="X">og</wf>
         <wf lemma="tuber" pos="X">tuber</wf>
         <wf lemma="." pos="X">.</wf>
      </sentence>
      <sentence id="d000.s2099" source="wordnet-danish">
         <wf lemma="tyskerne" pos="X">tyskerne</wf>
         <instance id="d000.s2099.t000" lemma="beslaglægge" pos="VERB">beslaglagde</instance>
         <wf lemma="hotellet" pos="X">hotellet</wf>
         <wf lemma="i" pos="X">i</wf>
         <wf lemma="det" pos="X">det</wf>
         <wf lemma="tidlige" pos="X">tidlige</wf>
         <wf lemma="forår" pos="X">forår</wf>
         <wf lemma="1945" pos="X">1945</wf>
         <wf lemma="." pos="X">.</wf>
      </sentence>
      <sentence id="d000.s2100" source="wordnet-danish">
         <wf lemma="Der" pos="X">Der</wf>
         <wf lemma="var" pos="X">var</wf>
         <wf lemma="fine" pos="X">fine</wf>
         <instance id="d000.s2100.t000" lemma="rynke" pos="NOUN">rynker</instance>
         <wf lemma="på" pos="X">på</wf>
         <wf lemma="hendes" pos="X">hendes</wf>
         <wf lemma="hals" pos="X">hals</wf>
         <wf lemma="og" pos="X">og</wf>
         <wf lemma="ved" pos="X">ved</wf>
         <wf lemma="øjnene" pos="X">øjnene</wf>
         <wf lemma="," pos="X">,</wf>
         <wf lemma="men" pos="X">men</wf>
         <wf lemma="hun" pos="X">hun</wf>
         <wf lemma="var" pos="X">var</wf>
         <wf lemma="smuk" pos="X">smuk</wf>
         <wf lemma="." pos="X">.</wf>
      </sentence>
      <sentence id="d000.s2101" source="wordnet-danish">
         <wf lemma="Mellem" pos="X">Mellem</wf>
         <wf lemma="[de" pos="X">[de</wf>
         <wf lemma="sorte" pos="X">sorte</wf>
         <wf lemma="sko]" pos="X">sko]</wf>
         <wf lemma="og" pos="X">og</wf>
         <wf lemma="buksebenet" pos="X">buksebenet</wf>
         <wf lemma="afsløres" pos="X">afsløres</wf>
         <wf lemma="en" pos="X">en</wf>
         <wf lemma="stump" pos="X">stump</wf>
         <wf lemma="stribet" pos="X">stribet</wf>
         <instance id="d000.s2101.t000" lemma="sok" pos="NOUN">sok</instance>
         <wf lemma="." pos="X">.</wf>
         <wf lemma="Nylon" pos="X">Nylon</wf>
         <wf lemma="," pos="X">,</wf>
         <wf lemma="stribet" pos="X">stribet</wf>
         <wf lemma="i" pos="X">i</wf>
         <wf lemma="grå" pos="X">grå</wf>
         <wf lemma="nuancer" pos="X">nuancer</wf>
         <wf lemma="der" pos="X">der</wf>
         <wf lemma="matcher" pos="X">matcher</wf>
         <wf lemma="." pos="X">.</wf>
      </sentence>
      <sentence id="d000.s2102" source="wordnet-danish">
         <wf lemma="Der" pos="X">Der</wf>
         <wf lemma="bliver" pos="X">bliver</wf>
         <wf lemma="trængsel" pos="X">trængsel</wf>
         <wf lemma="og" pos="X">og</wf>
         <instance id="d000.s2102.t000" lemma="alarm" pos="NOUN">alarm</instance>
         <wf lemma="i" pos="X">i</wf>
         <wf lemma="aften" pos="X">aften</wf>
         <wf lemma="på" pos="X">på</wf>
         <wf lemma="Skovbo" pos="X">Skovbo</wf>
         <wf lemma="Travbane" pos="X">Travbane</wf>
         <wf lemma="." pos="X">.</wf>
      </sentence>
      <sentence id="d000.s2103" source="wordnet-danish">
         <wf lemma="Den" pos="X">Den</wf>
         <instance id="d000.s2103.t000" lemma="empirisk" pos="ADJ">empiriske</instance>
         <wf lemma="lægevidenskab" pos="X">lægevidenskab</wf>
         <wf lemma="har" pos="X">har</wf>
         <wf lemma=".." pos="X">..</wf>
         <wf lemma="for" pos="X">for</wf>
         <wf lemma="længst" pos="X">længst</wf>
         <wf lemma="påvist" pos="X">påvist</wf>
         <wf lemma="," pos="X">,</wf>
         <wf lemma="at" pos="X">at</wf>
         <wf lemma="åreladning" pos="X">åreladning</wf>
         <wf lemma="i" pos="X">i</wf>
         <wf lemma="langt" pos="X">langt</wf>
         <wf lemma="de" pos="X">de</wf>
         <wf lemma="fleste" pos="X">fleste</wf>
         <wf lemma="tilfælde" pos="X">tilfælde</wf>
         <wf lemma="gør" pos="X">gør</wf>
         <wf lemma="mere" pos="X">mere</wf>
         <wf lemma="skade" pos="X">skade</wf>
         <wf lemma="end" pos="X">end</wf>
         <wf lemma="gavn" pos="X">gavn</wf>
         <wf lemma="." pos="X">.</wf>
      </sentence>
      <sentence id="d000.s2104" source="wordnet-danish">
         <wf lemma="De" pos="X">De</wf>
         <wf lemma="har" pos="X">har</wf>
         <wf lemma="været" pos="X">været</wf>
         <instance id="d000.s2104.t000" lemma="heldig" pos="ADJ">heldig</instance>
         <wf lemma="at" pos="X">at</wf>
         <wf lemma="blive" pos="X">blive</wf>
         <wf lemma="født" pos="X">født</wf>
         <wf lemma="i" pos="X">i</wf>
         <wf lemma="et" pos="X">et</wf>
         <wf lemma="frit" pos="X">frit</wf>
         <wf lemma="land" pos="X">land</wf>
         <wf lemma="." pos="X">.</wf>
      </sentence>
      <sentence id="d000.s2105" source="wordnet-danish">
         <wf lemma="Græsset" pos="X">Græsset</wf>
         <wf lemma="var" pos="X">var</wf>
         <wf lemma="grønt" pos="X">grønt</wf>
         <wf lemma="og" pos="X">og</wf>
         <wf lemma="bølgede" pos="X">bølgede</wf>
         <wf lemma="svagt" pos="X">svagt</wf>
         <wf lemma="i" pos="X">i</wf>
         <wf lemma="den" pos="X">den</wf>
         <wf lemma="lette" pos="X">lette</wf>
         <instance id="d000.s2105.t000" lemma="brise" pos="NOUN">brise</instance>
         <wf lemma="." pos="X">.</wf>
      </sentence>
      <sentence id="d000.s2106" source="wordnet-danish">
         <wf lemma="Effekterne" pos="X">Effekterne</wf>
         <wf lemma="for" pos="X">for</wf>
         <wf lemma="dansk" pos="X">dansk</wf>
         <wf lemma="økonomi" pos="X">økonomi</wf>
         <wf lemma="af" pos="X">af</wf>
         <wf lemma="krisen" pos="X">krisen</wf>
         <wf lemma="i" pos="X">i</wf>
         <wf lemma="Sydøstasien" pos="X">Sydøstasien</wf>
         <wf lemma="er" pos="X">er</wf>
         <wf lemma="svære" pos="X">svære</wf>
         <wf lemma="at" pos="X">at</wf>
         <instance id="d000.s2106.t000" lemma="kvantificere" pos="VERB">kvantificere</instance>
         <wf lemma="." pos="X">.</wf>
      </sentence>
      <sentence id="d000.s2107" source="wordnet-danish">
         <wf lemma="Tante" pos="X">Tante</wf>
         <wf lemma="Odas" pos="X">Odas</wf>
         <wf lemma="dragt" pos="X">dragt</wf>
         <wf lemma="og" pos="X">og</wf>
         <wf lemma="sko" pos="X">sko</wf>
         <wf lemma="var" pos="X">var</wf>
         <wf lemma="helt" pos="X">helt</wf>
         <wf lemma="gennemblødt" pos="X">gennemblødt</wf>
         <wf lemma="af" pos="X">af</wf>
         <wf lemma="regnen" pos="X">regnen</wf>
         <wf lemma="," pos="X">,</wf>
         <wf lemma="og" pos="X">og</wf>
         <instance id="d000.s2107.t000" lemma="paraply" pos="NOUN">paraplyen</instance>
         <wf lemma="var" pos="X">var</wf>
         <wf lemma="ikke" pos="X">ikke</wf>
         <wf lemma="til" pos="X">til</wf>
         <wf lemma="nogen" pos="X">nogen</wf>
         <wf lemma="nytte" pos="X">nytte</wf>
         <wf lemma="her" pos="X">her</wf>
         <wf lemma="," pos="X">,</wf>
         <wf lemma="hvor" pos="X">hvor</wf>
         <wf lemma="de" pos="X">de</wf>
         <wf lemma="voldsomme" pos="X">voldsomme</wf>
         <wf lemma="vindstød" pos="X">vindstød</wf>
         <wf lemma="tog" pos="X">tog</wf>
         <wf lemma="i" pos="X">i</wf>
         <wf lemma="den" pos="X">den</wf>
         <wf lemma="." pos="X">.</wf>
      </sentence>
      <sentence id="d000.s2108" source="wordnet-danish">
         <wf lemma="Hans" pos="X">Hans</wf>
         <wf lemma="ansigt" pos="X">ansigt</wf>
         <wf lemma="var" pos="X">var</wf>
         <wf lemma="regelmæssigt" pos="X">regelmæssigt</wf>
         <wf lemma="," pos="X">,</wf>
         <wf lemma="med" pos="X">med</wf>
         <wf lemma="lige" pos="X">lige</wf>
         <instance id="d000.s2108.t000" lemma="næse" pos="NOUN">næse</instance>
         <wf lemma="og" pos="X">og</wf>
         <wf lemma="velbarberet" pos="X">velbarberet</wf>
         <wf lemma="hud" pos="X">hud</wf>
         <wf lemma="." pos="X">.</wf>
      </sentence>
      <sentence id="d000.s2109" source="wordnet-danish">
         <instance id="d000.s2109.t000" lemma="ulv" pos="NOUN">Ulven</instance>
         <wf lemma="var" pos="X">var</wf>
         <wf lemma="ikke" pos="X">ikke</wf>
         <wf lemma="kun" pos="X">kun</wf>
         <wf lemma="frygtet" pos="X">frygtet</wf>
         <wf lemma="," pos="X">,</wf>
         <wf lemma="fordi" pos="X">fordi</wf>
         <wf lemma="den" pos="X">den</wf>
         <wf lemma="var" pos="X">var</wf>
         <wf lemma="glubsk" pos="X">glubsk</wf>
         <wf lemma="og" pos="X">og</wf>
         <wf lemma="vild" pos="X">vild</wf>
         <wf lemma="." pos="X">.</wf>
         <wf lemma="Den" pos="X">Den</wf>
         <wf lemma="var" pos="X">var</wf>
         <wf lemma="også" pos="X">også</wf>
         <wf lemma="repræsentant" pos="X">repræsentant</wf>
         <wf lemma="for" pos="X">for</wf>
         <wf lemma="mørke" pos="X">mørke</wf>
         <wf lemma="og" pos="X">og</wf>
         <wf lemma="vinter" pos="X">vinter</wf>
         <wf lemma="." pos="X">.</wf>
      </sentence>
      <sentence id="d000.s2110" source="wordnet-danish">
         <wf lemma="skolens" pos="X">skolens</wf>
         <wf lemma="vinduer" pos="X">vinduer</wf>
         <wf lemma="bliver" pos="X">bliver</wf>
         <instance id="d000.s2110.t000" lemma="vaske" pos="VERB">vasket</instance>
         <wf lemma="3" pos="X">3</wf>
         <wf lemma="gange" pos="X">gange</wf>
         <wf lemma="indvendigt" pos="X">indvendigt</wf>
         <wf lemma="og" pos="X">og</wf>
         <wf lemma="4" pos="X">4</wf>
         <wf lemma="gange" pos="X">gange</wf>
         <wf lemma="udvendigt" pos="X">udvendigt</wf>
         <wf lemma="om" pos="X">om</wf>
         <wf lemma="året" pos="X">året</wf>
         <wf lemma="." pos="X">.</wf>
      </sentence>
      <sentence id="d000.s2111" source="wordnet-danish">
         <wf lemma="da" pos="X">da</wf>
         <wf lemma="operaen" pos="X">operaen</wf>
         <wf lemma="i" pos="X">i</wf>
         <wf lemma="sidste" pos="X">sidste</wf>
         <wf lemma="sæson" pos="X">sæson</wf>
         <wf lemma="havde" pos="X">havde</wf>
         <wf lemma="'" pos="X">'</wf>
         <wf lemma="Tristan" pos="X">Tristan</wf>
         <wf lemma="og" pos="X">og</wf>
         <wf lemma="Isolde'" pos="X">Isolde'</wf>
         <wf lemma="på" pos="X">på</wf>
         <instance id="d000.s2111.t000" lemma="program" pos="NOUN">programmet</instance>
         <wf lemma="," pos="X">,</wf>
         <wf lemma="var" pos="X">var</wf>
         <wf lemma="belægningsprocenten" pos="X">belægningsprocenten</wf>
         <wf lemma="på" pos="X">på</wf>
         <wf lemma="98" pos="X">98</wf>
         <wf lemma="procent" pos="X">procent</wf>
         <wf lemma="." pos="X">.</wf>
      </sentence>
      <sentence id="d000.s2112" source="wordnet-danish">
         <wf lemma="Den" pos="X">Den</wf>
         <wf lemma="voksende" pos="X">voksende</wf>
         <wf lemma="brug" pos="X">brug</wf>
         <wf lemma="af" pos="X">af</wf>
         <instance id="d000.s2112.t000" lemma="netværk" pos="NOUN">netværk</instance>
         <wf lemma="gør" pos="X">gør</wf>
         <wf lemma="PC'en" pos="X">PC'en</wf>
         <wf lemma="langt" pos="X">langt</wf>
         <wf lemma="billigere" pos="X">billigere</wf>
         <wf lemma="pr." pos="X">pr.</wf>
         <wf lemma="bruger" pos="X">bruger</wf>
         <wf lemma="end" pos="X">end</wf>
         <wf lemma="de" pos="X">de</wf>
         <wf lemma="gammeldags" pos="X">gammeldags</wf>
         <wf lemma="centrale" pos="X">centrale</wf>
         <wf lemma="mainframes" pos="X">mainframes</wf>
         <wf lemma="." pos="X">.</wf>
      </sentence>
      <sentence id="d000.s2113" source="wordnet-danish">
         <wf lemma="det" pos="X">det</wf>
         <wf lemma="[skete]" pos="X">[skete]</wf>
         <wf lemma="alt" pos="X">alt</wf>
         <wf lemma="for" pos="X">for</wf>
         <wf lemma="ofte" pos="X">ofte</wf>
         <wf lemma="," pos="X">,</wf>
         <wf lemma="at" pos="X">at</wf>
         <wf lemma="både" pos="X">både</wf>
         <wf lemma="kom" pos="X">kom</wf>
         <wf lemma="ind" pos="X">ind</wf>
         <wf lemma="i" pos="X">i</wf>
         <wf lemma="de" pos="X">de</wf>
         <wf lemma="fejende" pos="X">fejende</wf>
         <wf lemma="projektører" pos="X">projektører</wf>
         <wf lemma="fra" pos="X">fra</wf>
         <wf lemma="tyske" pos="X">tyske</wf>
         <wf lemma="patruljebåde" pos="X">patruljebåde</wf>
         <wf lemma="." pos="X">.</wf>
         <wf lemma="Så" pos="X">Så</wf>
         <wf lemma="var" pos="X">var</wf>
         <wf lemma="flygtningene" pos="X">flygtningene</wf>
         <instance id="d000.s2113.t000" lemma="fortabt" pos="ADJ">fortabt</instance>
         <wf lemma="." pos="X">.</wf>
      </sentence>
      <sentence id="d000.s2114" source="wordnet-danish">
         <wf lemma="i" pos="X">i</wf>
         <wf lemma="gamle" pos="X">gamle</wf>
         <wf lemma="dage" pos="X">dage</wf>
         <wf lemma="da" pos="X">da</wf>
         <wf lemma="var" pos="X">var</wf>
         <wf lemma="et" pos="X">et</wf>
         <wf lemma="telt" pos="X">telt</wf>
         <wf lemma="af" pos="X">af</wf>
         <instance id="d000.s2114.t000" lemma="bomuld" pos="NOUN">bomuld</instance>
         <wf lemma="," pos="X">,</wf>
         <wf lemma="og" pos="X">og</wf>
         <wf lemma="det" pos="X">det</wf>
         <wf lemma="lignede" pos="X">lignede</wf>
         <wf lemma="et" pos="X">et</wf>
         <wf lemma="tag" pos="X">tag</wf>
         <wf lemma="." pos="X">.</wf>
      </sentence>
      <sentence id="d000.s2115" source="wordnet-danish">
         <wf lemma="Hvis" pos="X">Hvis</wf>
         <wf lemma="saucen" pos="X">saucen</wf>
         <wf lemma="er" pos="X">er</wf>
         <wf lemma="blevet" pos="X">blevet</wf>
         <wf lemma="for" pos="X">for</wf>
         <instance id="d000.s2115.t000" lemma="tyk" pos="ADJ">tyk</instance>
         <wf lemma="," pos="X">,</wf>
         <wf lemma="så" pos="X">så</wf>
         <wf lemma="fortynd" pos="X">fortynd</wf>
         <wf lemma="med" pos="X">med</wf>
         <wf lemma="bouillon" pos="X">bouillon</wf>
         <wf lemma="." pos="X">.</wf>
      </sentence>
      <sentence id="d000.s2116" source="wordnet-danish">
         <wf lemma="Umiddelbart" pos="X">Umiddelbart</wf>
         <wf lemma="efter" pos="X">efter</wf>
         <wf lemma="lodtrækningen" pos="X">lodtrækningen</wf>
         <wf lemma="vil" pos="X">vil</wf>
         <instance id="d000.s2116.t000" lemma="vinder" pos="NOUN">vinderne</instance>
         <wf lemma="få" pos="X">få</wf>
         <wf lemma="gavekortet" pos="X">gavekortet</wf>
         <wf lemma="tilsendt" pos="X">tilsendt</wf>
         <wf lemma="." pos="X">.</wf>
      </sentence>
      <sentence id="d000.s2117" source="wordnet-danish">
         <wf lemma="Udenfor" pos="X">Udenfor</wf>
         <wf lemma="var" pos="X">var</wf>
         <wf lemma="der" pos="X">der</wf>
         <wf lemma="mørk" pos="X">mørk</wf>
         <wf lemma="og" pos="X">og</wf>
         <wf lemma="blæsende" pos="X">blæsende</wf>
         <wf lemma="nat" pos="X">nat</wf>
         <wf lemma="med" pos="X">med</wf>
         <wf lemma="drivende" pos="X">drivende</wf>
         <instance id="d000.s2117.t000" lemma="sky" pos="NOUN">skyer</instance>
         <wf lemma="." pos="X">.</wf>
      </sentence>
      <sentence id="d000.s2118" source="wordnet-danish">
         <wf lemma="Vådområderne" pos="X">Vådområderne</wf>
         <wf lemma=":" pos="X">:</wf>
         <wf lemma="Et" pos="X">Et</wf>
         <instance id="d000.s2118.t000" lemma="ejendommelig" pos="ADJ">ejendommeligt</instance>
         <wf lemma="ord" pos="X">ord</wf>
         <wf lemma="," pos="X">,</wf>
         <wf lemma="der" pos="X">der</wf>
         <wf lemma="for" pos="X">for</wf>
         <wf lemma="fagmanden" pos="X">fagmanden</wf>
         <wf lemma="ikke" pos="X">ikke</wf>
         <wf lemma="er" pos="X">er</wf>
         <wf lemma="spor" pos="X">spor</wf>
         <wf lemma="ejendommeligt" pos="X">ejendommeligt</wf>
         <wf lemma="," pos="X">,</wf>
         <wf lemma="men" pos="X">men</wf>
         <wf lemma="for" pos="X">for</wf>
         <wf lemma="os" pos="X">os</wf>
         <wf lemma="andre" pos="X">andre</wf>
         <wf lemma="næsten" pos="X">næsten</wf>
         <wf lemma="ligger" pos="X">ligger</wf>
         <wf lemma="forkert" pos="X">forkert</wf>
         <wf lemma="i" pos="X">i</wf>
         <wf lemma="munden" pos="X">munden</wf>
         <wf lemma="." pos="X">.</wf>
      </sentence>
      <sentence id="d000.s2119" source="wordnet-danish">
         <wf lemma="På" pos="X">På</wf>
         <wf lemma="sofabordet" pos="X">sofabordet</wf>
         <wf lemma="står" pos="X">står</wf>
         <wf lemma="et" pos="X">et</wf>
         <instance id="d000.s2119.t000" lemma="akvarium" pos="NOUN">akvarium</instance>
         <wf lemma="med" pos="X">med</wf>
         <wf lemma="guldfisk" pos="X">guldfisk</wf>
         <wf lemma="." pos="X">.</wf>
      </sentence>
      <sentence id="d000.s2120" source="wordnet-danish">
         <wf lemma="Han" pos="X">Han</wf>
         <wf lemma="har" pos="X">har</wf>
         <instance id="d000.s2120.t000" lemma="mobiltelefon" pos="NOUN">mobiltelefon</instance>
         <wf lemma="," pos="X">,</wf>
         <wf lemma="så" pos="X">så</wf>
         <wf lemma="han" pos="X">han</wf>
         <wf lemma="har" pos="X">har</wf>
         <wf lemma="mulighed" pos="X">mulighed</wf>
         <wf lemma="for" pos="X">for</wf>
         <wf lemma="at" pos="X">at</wf>
         <wf lemma="ringe" pos="X">ringe</wf>
         <wf lemma="uanset" pos="X">uanset</wf>
         <wf lemma="hvor" pos="X">hvor</wf>
         <wf lemma="han" pos="X">han</wf>
         <wf lemma="er" pos="X">er</wf>
         <wf lemma="." pos="X">.</wf>
      </sentence>
      <sentence id="d000.s2121" source="wordnet-danish">
         <wf lemma="Jeg" pos="X">Jeg</wf>
         <wf lemma="elskede" pos="X">elskede</wf>
         <instance id="d000.s2121.t000" lemma="orden" pos="NOUN">orden</instance>
         <wf lemma="," pos="X">,</wf>
         <wf lemma="og" pos="X">og</wf>
         <wf lemma="gik" pos="X">gik</wf>
         <wf lemma="bestandig" pos="X">bestandig</wf>
         <wf lemma="omkring" pos="X">omkring</wf>
         <wf lemma="og" pos="X">og</wf>
         <wf lemma="anbragte" pos="X">anbragte</wf>
         <wf lemma="ting" pos="X">ting</wf>
         <wf lemma="og" pos="X">og</wf>
         <wf lemma="sager" pos="X">sager</wf>
         <wf lemma="dér" pos="X">dér</wf>
         <wf lemma="," pos="X">,</wf>
         <wf lemma="hvor" pos="X">hvor</wf>
         <wf lemma="de" pos="X">de</wf>
         <wf lemma="," pos="X">,</wf>
         <wf lemma="efter" pos="X">efter</wf>
         <wf lemma="visse" pos="X">visse</wf>
         <wf lemma="ordensregler" pos="X">ordensregler</wf>
         <wf lemma="," pos="X">,</wf>
         <wf lemma="hørte" pos="X">hørte</wf>
         <wf lemma="hjemme" pos="X">hjemme</wf>
         <wf lemma="." pos="X">.</wf>
      </sentence>
      <sentence id="d000.s2122" source="wordnet-danish">
         <wf lemma="[Michael]" pos="X">[Michael]</wf>
         <wf lemma="marcherer" pos="X">marcherer</wf>
         <wf lemma="ud" pos="X">ud</wf>
         <wf lemma="ad" pos="X">ad</wf>
         <wf lemma="fordøren" pos="X">fordøren</wf>
         <wf lemma="," pos="X">,</wf>
         <wf lemma="som" pos="X">som</wf>
         <wf lemma="han" pos="X">han</wf>
         <instance id="d000.s2122.t000" lemma="smække" pos="VERB">smækker</instance>
         <wf lemma="i" pos="X">i</wf>
         <wf lemma="med" pos="X">med</wf>
         <wf lemma="et" pos="X">et</wf>
         <wf lemma="brag" pos="X">brag</wf>
         <wf lemma="." pos="X">.</wf>
      </sentence>
      <sentence id="d000.s2123" source="wordnet-danish">
         <wf lemma="Vejen" pos="X">Vejen</wf>
         <instance id="d000.s2123.t000" lemma="dreje" pos="VERB">drejede</instance>
         <wf lemma="brat" pos="X">brat</wf>
         <wf lemma="," pos="X">,</wf>
         <wf lemma="det" pos="X">det</wf>
         <wf lemma="gik" pos="X">gik</wf>
         <wf lemma="ned" pos="X">ned</wf>
         <wf lemma="ad" pos="X">ad</wf>
         <wf lemma="bakke" pos="X">bakke</wf>
         <wf lemma="." pos="X">.</wf>
      </sentence>
      <sentence id="d000.s2124" source="wordnet-danish">
         <wf lemma="I" pos="X">I</wf>
         <wf lemma="kommunikationssamfundet" pos="X">kommunikationssamfundet</wf>
         <wf lemma="er" pos="X">er</wf>
         <wf lemma="der" pos="X">der</wf>
         <wf lemma="ingen" pos="X">ingen</wf>
         <instance id="d000.s2124.t000" lemma="forståelse" pos="NOUN">forståelse</instance>
         <wf lemma="for" pos="X">for</wf>
         <wf lemma="værdien" pos="X">værdien</wf>
         <wf lemma="af" pos="X">af</wf>
         <wf lemma="praktisk" pos="X">praktisk</wf>
         <wf lemma="arbejde" pos="X">arbejde</wf>
         <wf lemma="." pos="X">.</wf>
      </sentence>
      <sentence id="d000.s2125" source="wordnet-danish">
         <wf lemma="I" pos="X">I</wf>
         <wf lemma="løbet" pos="X">løbet</wf>
         <wf lemma="af" pos="X">af</wf>
         <wf lemma="dagen" pos="X">dagen</wf>
         <wf lemma="klarer" pos="X">klarer</wf>
         <wf lemma="det" pos="X">det</wf>
         <wf lemma="måske" pos="X">måske</wf>
         <wf lemma="op" pos="X">op</wf>
         <wf lemma="fra" pos="X">fra</wf>
         <instance id="d000.s2125.t000" lemma="nord" pos="NOUN">nord</instance>
         <wf lemma="." pos="X">.</wf>
      </sentence>
      <sentence id="d000.s2126" source="wordnet-danish">
         <wf lemma="det" pos="X">det</wf>
         <wf lemma="vil" pos="X">vil</wf>
         <wf lemma="ikke" pos="X">ikke</wf>
         <wf lemma="undre" pos="X">undre</wf>
         <wf lemma="," pos="X">,</wf>
         <wf lemma="hvis" pos="X">hvis</wf>
         <wf lemma="turneringen" pos="X">turneringen</wf>
         <wf lemma="byder" pos="X">byder</wf>
         <wf lemma="på" pos="X">på</wf>
         <instance id="d000.s2126.t000" lemma="overraskelse" pos="NOUN">overraskelser</instance>
         <wf lemma="," pos="X">,</wf>
         <wf lemma="og" pos="X">og</wf>
         <wf lemma="forhåbentlig" pos="X">forhåbentlig</wf>
         <wf lemma="kan" pos="X">kan</wf>
         <wf lemma="danskerne" pos="X">danskerne</wf>
         <wf lemma="sørge" pos="X">sørge</wf>
         <wf lemma="for" pos="X">for</wf>
         <wf lemma="de" pos="X">de</wf>
         <wf lemma="mest" pos="X">mest</wf>
         <wf lemma="velkomne" pos="X">velkomne</wf>
         <wf lemma="." pos="X">.</wf>
      </sentence>
      <sentence id="d000.s2127" source="wordnet-danish">
         <wf lemma="Der" pos="X">Der</wf>
         <wf lemma="tilbydes" pos="X">tilbydes</wf>
         <wf lemma="vidtgående" pos="X">vidtgående</wf>
         <wf lemma="supervision" pos="X">supervision</wf>
         <wf lemma="og" pos="X">og</wf>
         <instance id="d000.s2127.t000" lemma="vejledning" pos="NOUN">vejledning</instance>
         <wf lemma="i" pos="X">i</wf>
         <wf lemma="arbejdet" pos="X">arbejdet</wf>
         <wf lemma="," pos="X">,</wf>
         <wf lemma="ligesom" pos="X">ligesom</wf>
         <wf lemma="nyansatte" pos="X">nyansatte</wf>
         <wf lemma="tilbydes" pos="X">tilbydes</wf>
         <wf lemma="en" pos="X">en</wf>
         <wf lemma="intern" pos="X">intern</wf>
         <wf lemma="undervisning" pos="X">undervisning</wf>
         <wf lemma="." pos="X">.</wf>
      </sentence>
      <sentence id="d000.s2128" source="wordnet-danish">
         <wf lemma="Hun" pos="X">Hun</wf>
         <wf lemma="vender" pos="X">vender</wf>
         <wf lemma="avisen" pos="X">avisen</wf>
         <wf lemma="om" pos="X">om</wf>
         <wf lemma="og" pos="X">og</wf>
         <wf lemma="stirrer" pos="X">stirrer</wf>
         <wf lemma="på" pos="X">på</wf>
         <wf lemma="et" pos="X">et</wf>
         <wf lemma="dårligt" pos="X">dårligt</wf>
         <wf lemma="foto" pos="X">foto</wf>
         <wf lemma="," pos="X">,</wf>
         <wf lemma="som" pos="X">som</wf>
         <wf lemma="er" pos="X">er</wf>
         <instance id="d000.s2128.t000" lemma="forstørre" pos="VERB">forstørret</instance>
         <wf lemma="op" pos="X">op</wf>
         <wf lemma="." pos="X">.</wf>
      </sentence>
      <sentence id="d000.s2129" source="wordnet-danish">
         <wf lemma="Det" pos="X">Det</wf>
         <wf lemma="kom" pos="X">kom</wf>
         <wf lemma="som" pos="X">som</wf>
         <wf lemma="et" pos="X">et</wf>
         <instance id="d000.s2129.t000" lemma="chok" pos="NOUN">chok</instance>
         <wf lemma="for" pos="X">for</wf>
         <wf lemma="mig" pos="X">mig</wf>
         <wf lemma="," pos="X">,</wf>
         <wf lemma="at" pos="X">at</wf>
         <wf lemma="min" pos="X">min</wf>
         <wf lemma="søn" pos="X">søn</wf>
         <wf lemma="havde" pos="X">havde</wf>
         <wf lemma="det" pos="X">det</wf>
         <wf lemma="dårligt" pos="X">dårligt</wf>
         <wf lemma="i" pos="X">i</wf>
         <wf lemma="skolen" pos="X">skolen</wf>
         <wf lemma="." pos="X">.</wf>
      </sentence>
      <sentence id="d000.s2130" source="wordnet-danish">
         <wf lemma="Sakharov" pos="X">Sakharov</wf>
         <wf lemma="kræver" pos="X">kræver</wf>
         <wf lemma="et" pos="X">et</wf>
         <instance id="d000.s2130.t000" lemma="mindesmærke" pos="NOUN">mindesmærke</instance>
         <wf lemma="for" pos="X">for</wf>
         <wf lemma="Stalins" pos="X">Stalins</wf>
         <wf lemma="ofre" pos="X">ofre</wf>
         <wf lemma="." pos="X">.</wf>
      </sentence>
      <sentence id="d000.s2131" source="wordnet-danish">
         <wf lemma="Bournonville" pos="X">Bournonville</wf>
         <wf lemma="har" pos="X">har</wf>
         <wf lemma="altid" pos="X">altid</wf>
         <wf lemma="haft" pos="X">haft</wf>
         <wf lemma="evnen" pos="X">evnen</wf>
         <wf lemma="til" pos="X">til</wf>
         <wf lemma="at" pos="X">at</wf>
         <wf lemma="skabe" pos="X">skabe</wf>
         <wf lemma="flotte" pos="X">flotte</wf>
         <wf lemma="mandsroller" pos="X">mandsroller</wf>
         <wf lemma="i" pos="X">i</wf>
         <wf lemma="sine" pos="X">sine</wf>
         <instance id="d000.s2131.t000" lemma="ballet" pos="NOUN">balletter</instance>
         <wf lemma="." pos="X">.</wf>
      </sentence>
      <sentence id="d000.s2132" source="wordnet-danish">
         <wf lemma="Min" pos="X">Min</wf>
         <wf lemma="mindste" pos="X">mindste</wf>
         <instance id="d000.s2132.t000" lemma="bror" pos="NOUN">bror</instance>
         <wf lemma="lå" pos="X">lå</wf>
         <wf lemma="hos" pos="X">hos</wf>
         <wf lemma="min" pos="X">min</wf>
         <wf lemma="far" pos="X">far</wf>
         <wf lemma="og" pos="X">og</wf>
         <wf lemma="mor" pos="X">mor</wf>
         <wf lemma="i" pos="X">i</wf>
         <wf lemma="sengen" pos="X">sengen</wf>
         <wf lemma="." pos="X">.</wf>
      </sentence>
      <sentence id="d000.s2133" source="wordnet-danish">
         <wf lemma="vi" pos="X">vi</wf>
         <wf lemma="kan" pos="X">kan</wf>
         <wf lemma="sætte" pos="X">sætte</wf>
         <wf lemma="pengene" pos="X">pengene</wf>
         <wf lemma="i" pos="X">i</wf>
         <instance id="d000.s2133.t000" lemma="bank" pos="NOUN">banken</instance>
         <wf lemma="eller" pos="X">eller</wf>
         <wf lemma="købe" pos="X">købe</wf>
         <wf lemma="obligationer" pos="X">obligationer</wf>
         <wf lemma="for" pos="X">for</wf>
         <wf lemma="dem" pos="X">dem</wf>
         <wf lemma="." pos="X">.</wf>
      </sentence>
      <sentence id="d000.s2134" source="wordnet-danish">
         <wf lemma="hun" pos="X">hun</wf>
         <wf lemma="havde" pos="X">havde</wf>
         <wf lemma="røde" pos="X">røde</wf>
         <wf lemma="pletter" pos="X">pletter</wf>
         <wf lemma="på" pos="X">på</wf>
         <instance id="d000.s2134.t000" lemma="hals" pos="NOUN">halsen</instance>
         <wf lemma="og" pos="X">og</wf>
         <wf lemma="armene" pos="X">armene</wf>
         <wf lemma="." pos="X">.</wf>
      </sentence>
      <sentence id="d000.s2135" source="wordnet-danish">
         <instance id="d000.s2135.t000" lemma="sne" pos="NOUN">Sneen</instance>
         <wf lemma="var" pos="X">var</wf>
         <wf lemma="faldet" pos="X">faldet</wf>
         <wf lemma="tæt" pos="X">tæt</wf>
         <wf lemma="i" pos="X">i</wf>
         <wf lemma="mange" pos="X">mange</wf>
         <wf lemma="dage" pos="X">dage</wf>
         <wf lemma="," pos="X">,</wf>
         <wf lemma="store" pos="X">store</wf>
         <wf lemma="driver" pos="X">driver</wf>
         <wf lemma="dækkede" pos="X">dækkede</wf>
         <wf lemma="vejene" pos="X">vejene</wf>
         <wf lemma="," pos="X">,</wf>
         <wf lemma="og" pos="X">og</wf>
         <wf lemma="nu" pos="X">nu</wf>
         <wf lemma="føg" pos="X">føg</wf>
         <wf lemma="det" pos="X">det</wf>
         <wf lemma="kraftigt" pos="X">kraftigt</wf>
         <wf lemma="." pos="X">.</wf>
      </sentence>
      <sentence id="d000.s2136" source="wordnet-danish">
         <wf lemma="Et" pos="X">Et</wf>
         <wf lemma="stort" pos="X">stort</wf>
         <wf lemma="vindue" pos="X">vindue</wf>
         <wf lemma="mod" pos="X">mod</wf>
         <instance id="d000.s2136.t000" lemma="nord" pos="NOUN">nord</instance>
         <wf lemma="giver" pos="X">giver</wf>
         <wf lemma="det" pos="X">det</wf>
         <wf lemma="mest" pos="X">mest</wf>
         <wf lemma="uforanderlige" pos="X">uforanderlige</wf>
         <wf lemma="og" pos="X">og</wf>
         <wf lemma="rolige" pos="X">rolige</wf>
         <wf lemma="arbejdslys" pos="X">arbejdslys</wf>
         <wf lemma="." pos="X">.</wf>
      </sentence>
      <sentence id="d000.s2137" source="wordnet-danish">
         <wf lemma="Nikotin" pos="X">Nikotin</wf>
         <wf lemma="og" pos="X">og</wf>
         <wf lemma="koffein" pos="X">koffein</wf>
         <instance id="d000.s2137.t000" lemma="skade" pos="VERB">skader</instance>
         <wf lemma="bl.a." pos="X">bl.a.</wf>
         <wf lemma="nervesystemet" pos="X">nervesystemet</wf>
         <wf lemma="og" pos="X">og</wf>
         <wf lemma="forstyrrer" pos="X">forstyrrer</wf>
         <wf lemma="kredsløbet" pos="X">kredsløbet</wf>
         <wf lemma="." pos="X">.</wf>
      </sentence>
      <sentence id="d000.s2138" source="wordnet-danish">
         <wf lemma="Når" pos="X">Når</wf>
         <wf lemma="tulipanen" pos="X">tulipanen</wf>
         <wf lemma="er" pos="X">er</wf>
         <wf lemma="afblomstret" pos="X">afblomstret</wf>
         <wf lemma="," pos="X">,</wf>
         <wf lemma="deler" pos="X">deler</wf>
         <instance id="d000.s2138.t000" lemma="løg" pos="NOUN">løget</instance>
         <wf lemma="sig" pos="X">sig</wf>
         <wf lemma="i" pos="X">i</wf>
         <wf lemma="flere" pos="X">flere</wf>
         <wf lemma="mindre" pos="X">mindre</wf>
         <wf lemma="løg" pos="X">løg</wf>
         <wf lemma="." pos="X">.</wf>
      </sentence>
      <sentence id="d000.s2139" source="wordnet-danish">
         <wf lemma="En" pos="X">En</wf>
         <wf lemma="dansk" pos="X">dansk</wf>
         <wf lemma="undersøgelse" pos="X">undersøgelse</wf>
         <wf lemma="har" pos="X">har</wf>
         <wf lemma="vist" pos="X">vist</wf>
         <wf lemma="," pos="X">,</wf>
         <wf lemma="at" pos="X">at</wf>
         <instance id="d000.s2139.t000" lemma="andel" pos="NOUN">andelen</instance>
         <wf lemma="af" pos="X">af</wf>
         <wf lemma="rygere" pos="X">rygere</wf>
         <wf lemma="i" pos="X">i</wf>
         <wf lemma="9." pos="X">9.</wf>
         <wf lemma="klasse" pos="X">klasse</wf>
         <wf lemma="var" pos="X">var</wf>
         <wf lemma="13" pos="X">13</wf>
         <wf lemma="%" pos="X">%</wf>
         <wf lemma="blandt" pos="X">blandt</wf>
         <wf lemma="børn" pos="X">børn</wf>
         <wf lemma="uden" pos="X">uden</wf>
         <wf lemma="rygere" pos="X">rygere</wf>
         <wf lemma="i" pos="X">i</wf>
         <wf lemma="hjemmet" pos="X">hjemmet</wf>
         <wf lemma="og" pos="X">og</wf>
         <wf lemma="50" pos="X">50</wf>
         <wf lemma="%" pos="X">%</wf>
         <wf lemma="blandt" pos="X">blandt</wf>
         <wf lemma="børn" pos="X">børn</wf>
         <wf lemma="med" pos="X">med</wf>
         <wf lemma="." pos="X">.</wf>
      </sentence>
      <sentence id="d000.s2140" source="wordnet-danish">
         <wf lemma="Flere" pos="X">Flere</wf>
         <wf lemma="af" pos="X">af</wf>
         <wf lemma="pigerne" pos="X">pigerne</wf>
         <wf lemma="var" pos="X">var</wf>
         <wf lemma="forelsket" pos="X">forelsket</wf>
         <wf lemma="i" pos="X">i</wf>
         <wf lemma="ham" pos="X">ham</wf>
         <wf lemma="." pos="X">.</wf>
         <wf lemma="Men" pos="X">Men</wf>
         <wf lemma="jeg" pos="X">jeg</wf>
         <wf lemma="var" pos="X">var</wf>
         <wf lemma="den" pos="X">den</wf>
         <wf lemma="," pos="X">,</wf>
         <wf lemma="han" pos="X">han</wf>
         <instance id="d000.s2140.t000" lemma="invitere" pos="VERB">inviterede</instance>
         <wf lemma="til" pos="X">til</wf>
         <wf lemma="skoleballet" pos="X">skoleballet</wf>
         <wf lemma="." pos="X">.</wf>
      </sentence>
      <sentence id="d000.s2141" source="wordnet-danish">
         <wf lemma="jeg" pos="X">jeg</wf>
         <wf lemma="var" pos="X">var</wf>
         <wf lemma="i" pos="X">i</wf>
         <wf lemma="Bilka" pos="X">Bilka</wf>
         <wf lemma="(" pos="X">(</wf>
         <wf lemma="i" pos="X">i</wf>
         <wf lemma="Hundige" pos="X">Hundige</wf>
         <wf lemma=")" pos="X">)</wf>
         <wf lemma="i" pos="X">i</wf>
         <wf lemma="går" pos="X">går</wf>
         <wf lemma="--" pos="X">--</wf>
         <wf lemma="dette" pos="X">dette</wf>
         <wf lemma="kæmpestore" pos="X">kæmpestore</wf>
         <wf lemma="supermarked" pos="X">supermarked</wf>
         <wf lemma="med" pos="X">med</wf>
         <wf lemma="ca." pos="X">ca.</wf>
         <wf lemma="30" pos="X">30</wf>
         <instance id="d000.s2141.t000" lemma="kasseapparat" pos="NOUN">kasseapparater</instance>
         <wf lemma="til" pos="X">til</wf>
         <wf lemma="at" pos="X">at</wf>
         <wf lemma="betjene" pos="X">betjene</wf>
         <wf lemma="kunderne" pos="X">kunderne</wf>
         <wf lemma="." pos="X">.</wf>
      </sentence>
      <sentence id="d000.s2142" source="wordnet-danish">
         <wf lemma="Jodle" pos="X">Jodle</wf>
         <wf lemma="Birge" pos="X">Birge</wf>
         <wf lemma="har" pos="X">har</wf>
         <wf lemma="forrygende" pos="X">forrygende</wf>
         <wf lemma="travlt" pos="X">travlt</wf>
         <wf lemma="," pos="X">,</wf>
         <wf lemma="og" pos="X">og</wf>
         <wf lemma="det" pos="X">det</wf>
         <wf lemma="kan" pos="X">kan</wf>
         <wf lemma="bedst" pos="X">bedst</wf>
         <instance id="d000.s2142.t000" lemma="illustrere" pos="VERB">illustreres</instance>
         <wf lemma="ved" pos="X">ved</wf>
         <wf lemma="," pos="X">,</wf>
         <wf lemma="at" pos="X">at</wf>
         <wf lemma="han" pos="X">han</wf>
         <wf lemma="som" pos="X">som</wf>
         <wf lemma="ivrig" pos="X">ivrig</wf>
         <wf lemma="jæger" pos="X">jæger</wf>
         <wf lemma="endnu" pos="X">endnu</wf>
         <wf lemma="ikke" pos="X">ikke</wf>
         <wf lemma="har" pos="X">har</wf>
         <wf lemma="været" pos="X">været</wf>
         <wf lemma="på" pos="X">på</wf>
         <wf lemma="andejagt" pos="X">andejagt</wf>
         <wf lemma="." pos="X">.</wf>
      </sentence>
      <sentence id="d000.s2143" source="wordnet-danish">
         <wf lemma="Sabotørerne" pos="X">Sabotørerne</wf>
         <wf lemma="er" pos="X">er</wf>
         <wf lemma="på" pos="X">på</wf>
         <wf lemma="det" pos="X">det</wf>
         <wf lemma="tidspunkt" pos="X">tidspunkt</wf>
         <wf lemma="blevet" pos="X">blevet</wf>
         <wf lemma="så" pos="X">så</wf>
         <wf lemma="drevne" pos="X">drevne</wf>
         <wf lemma="og" pos="X">og</wf>
         <instance id="d000.s2143.t000" lemma="dumdristig" pos="ADJ">dumdristige</instance>
         <wf lemma="," pos="X">,</wf>
         <wf lemma="at" pos="X">at</wf>
         <wf lemma="de" pos="X">de</wf>
         <wf lemma="går" pos="X">går</wf>
         <wf lemma="i" pos="X">i</wf>
         <wf lemma="aktion" pos="X">aktion</wf>
         <wf lemma="ved" pos="X">ved</wf>
         <wf lemma="højlys" pos="X">højlys</wf>
         <wf lemma="dag" pos="X">dag</wf>
         <wf lemma="." pos="X">.</wf>
      </sentence>
      <sentence id="d000.s2144" source="wordnet-danish">
         <wf lemma="redaktionssekretariatet" pos="X">redaktionssekretariatet</wf>
         <wf lemma=".." pos="X">..</wf>
         <wf lemma="har" pos="X">har</wf>
         <wf lemma="mandat" pos="X">mandat</wf>
         <wf lemma="til" pos="X">til</wf>
         <wf lemma="at" pos="X">at</wf>
         <instance id="d000.s2144.t000" lemma="forkorte" pos="VERB">forkorte</instance>
         <wf lemma="," pos="X">,</wf>
         <wf lemma="omredigere" pos="X">omredigere</wf>
         <wf lemma="eller" pos="X">eller</wf>
         <wf lemma="kassere" pos="X">kassere</wf>
         <wf lemma="artikler" pos="X">artikler</wf>
         <wf lemma="." pos="X">.</wf>
      </sentence>
      <sentence id="d000.s2145" source="wordnet-danish">
         <wf lemma="Forsigtigt" pos="X">Forsigtigt</wf>
         <wf lemma="nærmede" pos="X">nærmede</wf>
         <wf lemma="Johanne" pos="X">Johanne</wf>
         <wf lemma="sig" pos="X">sig</wf>
         <wf lemma="stigen" pos="X">stigen</wf>
         <wf lemma="og" pos="X">og</wf>
         <wf lemma="satte" pos="X">satte</wf>
         <wf lemma="foden" pos="X">foden</wf>
         <wf lemma="på" pos="X">på</wf>
         <wf lemma="det" pos="X">det</wf>
         <wf lemma="nederste" pos="X">nederste</wf>
         <instance id="d000.s2145.t000" lemma="trin" pos="NOUN">trin</instance>
         <wf lemma="." pos="X">.</wf>
      </sentence>
      <sentence id="d000.s2146" source="wordnet-danish">
         <wf lemma="dødsfaldene" pos="X">dødsfaldene</wf>
         <wf lemma="forårsaget" pos="X">forårsaget</wf>
         <wf lemma="af" pos="X">af</wf>
         <wf lemma="hjertekredsløbssygdomme" pos="X">hjertekredsløbssygdomme</wf>
         <wf lemma="vil" pos="X">vil</wf>
         <wf lemma="kunne" pos="X">kunne</wf>
         <wf lemma="undgås" pos="X">undgås</wf>
         <wf lemma="," pos="X">,</wf>
         <wf lemma="hvis" pos="X">hvis</wf>
         <wf lemma="befolkningen" pos="X">befolkningen</wf>
         <wf lemma="ville" pos="X">ville</wf>
         <instance id="d000.s2146.t000" lemma="motionere" pos="VERB">motionere</instance>
         <wf lemma="noget" pos="X">noget</wf>
         <wf lemma="mere" pos="X">mere</wf>
         <wf lemma="og" pos="X">og</wf>
         <wf lemma="spise" pos="X">spise</wf>
         <wf lemma="mindre" pos="X">mindre</wf>
         <wf lemma="." pos="X">.</wf>
      </sentence>
      <sentence id="d000.s2147" source="wordnet-danish">
         <wf lemma="[han]" pos="X">[han]</wf>
         <wf lemma="greb" pos="X">greb</wf>
         <wf lemma="en" pos="X">en</wf>
         <instance id="d000.s2147.t000" lemma="mikrofon" pos="NOUN">mikrofon</instance>
         <wf lemma="og" pos="X">og</wf>
         <wf lemma="sang" pos="X">sang</wf>
         <wf lemma="den" pos="X">den</wf>
         <wf lemma="ene" pos="X">ene</wf>
         <wf lemma="popsang" pos="X">popsang</wf>
         <wf lemma="efter" pos="X">efter</wf>
         <wf lemma="den" pos="X">den</wf>
         <wf lemma="anden" pos="X">anden</wf>
         <wf lemma="." pos="X">.</wf>
      </sentence>
      <sentence id="d000.s2148" source="wordnet-danish">
         <wf lemma="mange" pos="X">mange</wf>
         <wf lemma="af" pos="X">af</wf>
         <wf lemma="interesseorganisationerne" pos="X">interesseorganisationerne</wf>
         <wf lemma="har" pos="X">har</wf>
         <wf lemma="jo" pos="X">jo</wf>
         <wf lemma=".." pos="X">..</wf>
         <wf lemma="som" pos="X">som</wf>
         <wf lemma="deres" pos="X">deres</wf>
         <wf lemma="væsentligste" pos="X">væsentligste</wf>
         <wf lemma="målsætning" pos="X">målsætning</wf>
         <wf lemma="at" pos="X">at</wf>
         <wf lemma="fremme" pos="X">fremme</wf>
         <wf lemma="deres" pos="X">deres</wf>
         <wf lemma="egne" pos="X">egne</wf>
         <instance id="d000.s2148.t000" lemma="medlem" pos="NOUN">medlemmers</instance>
         <wf lemma="interesser" pos="X">interesser</wf>
         <wf lemma="." pos="X">.</wf>
      </sentence>
      <sentence id="d000.s2149" source="wordnet-danish">
         <wf lemma="Med" pos="X">Med</wf>
         <wf lemma="et" pos="X">et</wf>
         <wf lemma="JA" pos="X">JA</wf>
         <wf lemma="til" pos="X">til</wf>
         <wf lemma="traktaten" pos="X">traktaten</wf>
         <wf lemma="vil" pos="X">vil</wf>
         <wf lemma="Danmark" pos="X">Danmark</wf>
         <wf lemma="få" pos="X">få</wf>
         <wf lemma="øget" pos="X">øget</wf>
         <instance id="d000.s2149.t000" lemma="indflydelse" pos="NOUN">indflydelse</instance>
         <wf lemma="." pos="X">.</wf>
      </sentence>
      <sentence id="d000.s2150" source="wordnet-danish">
         <wf lemma="jeg" pos="X">jeg</wf>
         <wf lemma="har" pos="X">har</wf>
         <instance id="d000.s2150.t000" lemma="skrive" pos="VERB">skrevet</instance>
         <wf lemma="lidt" pos="X">lidt</wf>
         <wf lemma="på" pos="X">på</wf>
         <wf lemma="et" pos="X">et</wf>
         <wf lemma="oplæg" pos="X">oplæg</wf>
         <wf lemma="jeg" pos="X">jeg</wf>
         <wf lemma="skal" pos="X">skal</wf>
         <wf lemma="holde" pos="X">holde</wf>
         <wf lemma="i" pos="X">i</wf>
         <wf lemma="morgen" pos="X">morgen</wf>
         <wf lemma="." pos="X">.</wf>
      </sentence>
      <sentence id="d000.s2151" source="wordnet-danish">
         <wf lemma="Undersøgelsen" pos="X">Undersøgelsen</wf>
         <wf lemma="er" pos="X">er</wf>
         <wf lemma="sidste" pos="X">sidste</wf>
         <wf lemma="del" pos="X">del</wf>
         <wf lemma="af" pos="X">af</wf>
         <wf lemma="et" pos="X">et</wf>
         <wf lemma="større" pos="X">større</wf>
         <instance id="d000.s2151.t000" lemma="projekt" pos="NOUN">projekt</instance>
         <wf lemma="om" pos="X">om</wf>
         <wf lemma="svejsning" pos="X">svejsning</wf>
         <wf lemma="og" pos="X">og</wf>
         <wf lemma="lungesygdomme" pos="X">lungesygdomme</wf>
         <wf lemma="." pos="X">.</wf>
      </sentence>
      <sentence id="d000.s2152" source="wordnet-danish">
         <wf lemma="En" pos="X">En</wf>
         <wf lemma="smuk" pos="X">smuk</wf>
         <wf lemma="," pos="X">,</wf>
         <wf lemma="skinnende" pos="X">skinnende</wf>
         <wf lemma="hvid" pos="X">hvid</wf>
         <instance id="d000.s2152.t000" lemma="yacht" pos="NOUN">yacht</instance>
         <wf lemma=".." pos="X">..</wf>
         <wf lemma="gjorde" pos="X">gjorde</wf>
         <wf lemma="sig" pos="X">sig</wf>
         <wf lemma="bemærket" pos="X">bemærket</wf>
         <wf lemma="ved" pos="X">ved</wf>
         <wf lemma="sin" pos="X">sin</wf>
         <wf lemma="størrelse" pos="X">størrelse</wf>
         <wf lemma="og" pos="X">og</wf>
         <wf lemma="elegant" pos="X">elegant</wf>
         <wf lemma="formede" pos="X">formede</wf>
         <wf lemma="linier" pos="X">linier</wf>
         <wf lemma="." pos="X">.</wf>
      </sentence>
      <sentence id="d000.s2153" source="wordnet-danish">
         <wf lemma="Elizabeth" pos="X">Elizabeth</wf>
         <wf lemma="Taylor" pos="X">Taylor</wf>
         <wf lemma="fik" pos="X">fik</wf>
         <wf lemma="sin" pos="X">sin</wf>
         <instance id="d000.s2153.t000" lemma="biografi" pos="NOUN">biografi</instance>
         <wf lemma="," pos="X">,</wf>
         <wf lemma="som" pos="X">som</wf>
         <wf lemma="serverede" pos="X">serverede</wf>
         <wf lemma="hendes" pos="X">hendes</wf>
         <wf lemma="liv" pos="X">liv</wf>
         <wf lemma="," pos="X">,</wf>
         <wf lemma="levned" pos="X">levned</wf>
         <wf lemma="og" pos="X">og</wf>
         <wf lemma="elskere" pos="X">elskere</wf>
         <wf lemma="på" pos="X">på</wf>
         <wf lemma="433" pos="X">433</wf>
         <wf lemma="sider." pos="X">sider.</wf>
      </sentence>
      <sentence id="d000.s2154" source="wordnet-danish">
         <wf lemma="Skønt" pos="X">Skønt</wf>
         <wf lemma="kartoflerne" pos="X">kartoflerne</wf>
         <wf lemma="var" pos="X">var</wf>
         <wf lemma="eksploderet" pos="X">eksploderet</wf>
         <wf lemma="," pos="X">,</wf>
         <wf lemma="frikadellerne" pos="X">frikadellerne</wf>
         <wf lemma="sorte" pos="X">sorte</wf>
         <wf lemma="som" pos="X">som</wf>
         <wf lemma="kul" pos="X">kul</wf>
         <wf lemma="og" pos="X">og</wf>
         <instance id="d000.s2154.t000" lemma="sovs" pos="NOUN">sovsen</instance>
         <wf lemma="klumpet" pos="X">klumpet</wf>
         <wf lemma="og" pos="X">og</wf>
         <wf lemma="tyk" pos="X">tyk</wf>
         <wf lemma="som" pos="X">som</wf>
         <wf lemma="havregrød" pos="X">havregrød</wf>
         <wf lemma="," pos="X">,</wf>
         <wf lemma="smagte" pos="X">smagte</wf>
         <wf lemma="maden" pos="X">maden</wf>
         <wf lemma="herligt" pos="X">herligt</wf>
         <wf lemma="." pos="X">.</wf>
      </sentence>
      <sentence id="d000.s2155" source="wordnet-danish">
         <instance id="d000.s2155.t000" lemma="videnskabelig" pos="ADJ">videnskabelige</instance>
         <wf lemma="beregninger" pos="X">beregninger</wf>
         <wf lemma="viser" pos="X">viser</wf>
         <wf lemma="," pos="X">,</wf>
         <wf lemma="at" pos="X">at</wf>
         <wf lemma="der" pos="X">der</wf>
         <wf lemma="måske" pos="X">måske</wf>
         <wf lemma="kommer" pos="X">kommer</wf>
         <wf lemma="en" pos="X">en</wf>
         <wf lemma="global" pos="X">global</wf>
         <wf lemma="temperaturstigning" pos="X">temperaturstigning</wf>
         <wf lemma="på" pos="X">på</wf>
         <wf lemma="2-3" pos="X">2-3</wf>
         <wf lemma="grader" pos="X">grader</wf>
         <wf lemma="." pos="X">.</wf>
      </sentence>
      <sentence id="d000.s2156" source="wordnet-danish">
         <wf lemma="Dette" pos="X">Dette</wf>
         <wf lemma="smukke" pos="X">smukke</wf>
         <wf lemma="," pos="X">,</wf>
         <wf lemma="tidløse" pos="X">tidløse</wf>
         <wf lemma="bestik" pos="X">bestik</wf>
         <wf lemma="er" pos="X">er</wf>
         <wf lemma="fremstillet" pos="X">fremstillet</wf>
         <wf lemma="af" pos="X">af</wf>
         <wf lemma="det" pos="X">det</wf>
         <wf lemma="fineste" pos="X">fineste</wf>
         <wf lemma="rustfri" pos="X">rustfri</wf>
         <instance id="d000.s2156.t000" lemma="stål" pos="NOUN">stål</instance>
         <wf lemma="." pos="X">.</wf>
      </sentence>
      <sentence id="d000.s2157" source="wordnet-danish">
         <wf lemma="vi" pos="X">vi</wf>
         <wf lemma="skal" pos="X">skal</wf>
         <instance id="d000.s2157.t000" lemma="beholde" pos="VERB">beholde</instance>
         <wf lemma="vores" pos="X">vores</wf>
         <wf lemma="sprog" pos="X">sprog</wf>
         <wf lemma="og" pos="X">og</wf>
         <wf lemma="nationalitet" pos="X">nationalitet</wf>
         <wf lemma="--" pos="X">--</wf>
         <wf lemma="vores" pos="X">vores</wf>
         <wf lemma="danskhed" pos="X">danskhed</wf>
         <wf lemma="." pos="X">.</wf>
      </sentence>
      <sentence id="d000.s2158" source="wordnet-danish">
         <wf lemma="Scenen" pos="X">Scenen</wf>
         <wf lemma="skråner" pos="X">skråner</wf>
         <wf lemma="ned" pos="X">ned</wf>
         <wf lemma="mod" pos="X">mod</wf>
         <wf lemma="Esrum" pos="X">Esrum</wf>
         <instance id="d000.s2158.t000" lemma="sø" pos="NOUN">Sø</instance>
         <wf lemma="," pos="X">,</wf>
         <wf lemma="bag" pos="X">bag</wf>
         <wf lemma="hvis" pos="X">hvis</wf>
         <wf lemma="solglitrende" pos="X">solglitrende</wf>
         <wf lemma="vover" pos="X">vover</wf>
         <wf lemma="brinken" pos="X">brinken</wf>
         <wf lemma="med" pos="X">med</wf>
         <wf lemma="Gribskov" pos="X">Gribskov</wf>
         <wf lemma="rejser" pos="X">rejser</wf>
         <wf lemma="sig" pos="X">sig</wf>
         <wf lemma="." pos="X">.</wf>
      </sentence>
      <sentence id="d000.s2159" source="wordnet-danish">
         <wf lemma="Kierkegaards" pos="X">Kierkegaards</wf>
         <instance id="d000.s2159.t000" lemma="filosofi" pos="NOUN">filosofi</instance>
         <wf lemma="er" pos="X">er</wf>
         <wf lemma="gennemgående" pos="X">gennemgående</wf>
         <wf lemma="en" pos="X">en</wf>
         <wf lemma="religiøs" pos="X">religiøs</wf>
         <wf lemma="filosofi" pos="X">filosofi</wf>
         <wf lemma="," pos="X">,</wf>
         <wf lemma="fordi" pos="X">fordi</wf>
         <wf lemma="det" pos="X">det</wf>
         <wf lemma="religiøse" pos="X">religiøse</wf>
         <wf lemma="for" pos="X">for</wf>
         <wf lemma="ham" pos="X">ham</wf>
         <wf lemma="er" pos="X">er</wf>
         <wf lemma="en" pos="X">en</wf>
         <wf lemma="evig" pos="X">evig</wf>
         <wf lemma="anfægtelse" pos="X">anfægtelse</wf>
         <wf lemma="." pos="X">.</wf>
      </sentence>
      <sentence id="d000.s2160" source="wordnet-danish">
         <wf lemma="Joan" pos="X">Joan</wf>
         <wf lemma="og" pos="X">og</wf>
         <wf lemma="Ann" pos="X">Ann</wf>
         <wf lemma="og" pos="X">og</wf>
         <wf lemma="Tina" pos="X">Tina</wf>
         <wf lemma="C" pos="X">C</wf>
         <wf lemma="fandt" pos="X">fandt</wf>
         <wf lemma="noget" pos="X">noget</wf>
         <instance id="d000.s2160.t000" lemma="tape" pos="NOUN">tape</instance>
         <wf lemma="i" pos="X">i</wf>
         <wf lemma="skabet" pos="X">skabet</wf>
         <wf lemma="og" pos="X">og</wf>
         <wf lemma="prøvede" pos="X">prøvede</wf>
         <wf lemma="at" pos="X">at</wf>
         <wf lemma="sætte" pos="X">sætte</wf>
         <wf lemma="en" pos="X">en</wf>
         <wf lemma="sukkersød" pos="X">sukkersød</wf>
         <wf lemma="hesteplakat" pos="X">hesteplakat</wf>
         <wf lemma="op" pos="X">op</wf>
         <wf lemma="på" pos="X">på</wf>
         <wf lemma="væggen" pos="X">væggen</wf>
         <wf lemma="." pos="X">.</wf>
      </sentence>
      <sentence id="d000.s2161" source="wordnet-danish">
         <wf lemma="Ove" pos="X">Ove</wf>
         <wf lemma="blafrede" pos="X">blafrede</wf>
         <wf lemma="så" pos="X">så</wf>
         <wf lemma="meget" pos="X">meget</wf>
         <wf lemma="med" pos="X">med</wf>
         <wf lemma="sin" pos="X">sin</wf>
         <wf lemma="avis" pos="X">avis</wf>
         <wf lemma="," pos="X">,</wf>
         <wf lemma="at" pos="X">at</wf>
         <wf lemma="det" pos="X">det</wf>
         <instance id="d000.s2161.t000" lemma="føle" pos="VERB">føltes</instance>
         <wf lemma="," pos="X">,</wf>
         <wf lemma="som" pos="X">som</wf>
         <wf lemma="om" pos="X">om</wf>
         <wf lemma="det" pos="X">det</wf>
         <wf lemma="blæste" pos="X">blæste</wf>
         <wf lemma="en" pos="X">en</wf>
         <wf lemma="smule" pos="X">smule</wf>
         <wf lemma="i" pos="X">i</wf>
         <wf lemma="stuen" pos="X">stuen</wf>
         <wf lemma="." pos="X">.</wf>
      </sentence>
      <sentence id="d000.s2162" source="wordnet-danish">
         <wf lemma="selv" pos="X">selv</wf>
         <wf lemma="om" pos="X">om</wf>
         <wf lemma="Victoria" pos="X">Victoria</wf>
         <wf lemma="sjældent" pos="X">sjældent</wf>
         <wf lemma="smilede" pos="X">smilede</wf>
         <wf lemma="offentligt" pos="X">offentligt</wf>
         <wf lemma="," pos="X">,</wf>
         <wf lemma="kunne" pos="X">kunne</wf>
         <wf lemma="hun" pos="X">hun</wf>
         <wf lemma="være" pos="X">være</wf>
         <wf lemma="nærmest" pos="X">nærmest</wf>
         <wf lemma="løssluppent" pos="X">løssluppent</wf>
         <instance id="d000.s2162.t000" lemma="munter" pos="ADJ">munter</instance>
         <wf lemma="i" pos="X">i</wf>
         <wf lemma="privat" pos="X">privat</wf>
         <wf lemma="selskab" pos="X">selskab</wf>
         <wf lemma="." pos="X">.</wf>
      </sentence>
      <sentence id="d000.s2163" source="wordnet-danish">
         <wf lemma="vi" pos="X">vi</wf>
         <wf lemma="[gik]" pos="X">[gik]</wf>
         <wf lemma="ind" pos="X">ind</wf>
         <wf lemma="på" pos="X">på</wf>
         <wf lemma="en" pos="X">en</wf>
         <instance id="d000.s2163.t000" lemma="café" pos="NOUN">café</instance>
         <wf lemma="på" pos="X">på</wf>
         <wf lemma="banegården" pos="X">banegården</wf>
         <wf lemma="og" pos="X">og</wf>
         <wf lemma="drak" pos="X">drak</wf>
         <wf lemma="en" pos="X">en</wf>
         <wf lemma="kop" pos="X">kop</wf>
         <wf lemma="kaffe" pos="X">kaffe</wf>
         <wf lemma="." pos="X">.</wf>
      </sentence>
      <sentence id="d000.s2164" source="wordnet-danish">
         <wf lemma="Hverken" pos="X">Hverken</wf>
         <wf lemma="i" pos="X">i</wf>
         <wf lemma="folkeskolen" pos="X">folkeskolen</wf>
         <wf lemma="," pos="X">,</wf>
         <wf lemma="gymnasiet" pos="X">gymnasiet</wf>
         <wf lemma="eller" pos="X">eller</wf>
         <wf lemma="på" pos="X">på</wf>
         <wf lemma="universitetet" pos="X">universitetet</wf>
         <wf lemma="lærer" pos="X">lærer</wf>
         <wf lemma="vi" pos="X">vi</wf>
         <wf lemma="at" pos="X">at</wf>
         <wf lemma="skrive" pos="X">skrive</wf>
         <wf lemma="ordentligt" pos="X">ordentligt</wf>
         <wf lemma="," pos="X">,</wf>
         <wf lemma="så" pos="X">så</wf>
         <wf lemma="andre" pos="X">andre</wf>
         <wf lemma="kan" pos="X">kan</wf>
         <instance id="d000.s2164.t000" lemma="forstå" pos="VERB">forstå</instance>
         <wf lemma="os." pos="X">os.</wf>
      </sentence>
      <sentence id="d000.s2165" source="wordnet-danish">
         <wf lemma="vi" pos="X">vi</wf>
         <instance id="d000.s2165.t000" lemma="smadre" pos="VERB">smadrer</instance>
         <wf lemma="forretningslivet" pos="X">forretningslivet</wf>
         <wf lemma="i" pos="X">i</wf>
         <wf lemma="Rys" pos="X">Rys</wf>
         <wf lemma="bymidte" pos="X">bymidte</wf>
         <wf lemma="," pos="X">,</wf>
         <wf lemma="hvis" pos="X">hvis</wf>
         <wf lemma="vi" pos="X">vi</wf>
         <wf lemma="på" pos="X">på</wf>
         <wf lemma="nuværende" pos="X">nuværende</wf>
         <wf lemma="tidspunkt" pos="X">tidspunkt</wf>
         <wf lemma="siger" pos="X">siger</wf>
         <wf lemma="ja" pos="X">ja</wf>
         <wf lemma="til" pos="X">til</wf>
         <wf lemma="centret" pos="X">centret</wf>
         <wf lemma="." pos="X">.</wf>
      </sentence>
      <sentence id="d000.s2166" source="wordnet-danish">
         <instance id="d000.s2166.t000" lemma="måne" pos="NOUN">Månen</instance>
         <wf lemma="tilbagekaster" pos="X">tilbagekaster</wf>
         <wf lemma="Solens" pos="X">Solens</wf>
         <wf lemma="lys" pos="X">lys</wf>
         <wf lemma="." pos="X">.</wf>
      </sentence>
      <sentence id="d000.s2167" source="wordnet-danish">
         <wf lemma="Christian" pos="X">Christian</wf>
         <wf lemma="IV" pos="X">IV</wf>
         <wf lemma="[skrev]" pos="X">[skrev]</wf>
         <wf lemma="til" pos="X">til</wf>
         <wf lemma="sin" pos="X">sin</wf>
         <wf lemma="svoger" pos="X">svoger</wf>
         <instance id="d000.s2167.t000" lemma="hertug" pos="NOUN">hertug</instance>
         <wf lemma="Johan" pos="X">Johan</wf>
         <wf lemma="Adolf" pos="X">Adolf</wf>
         <wf lemma="af" pos="X">af</wf>
         <wf lemma="Gottorp" pos="X">Gottorp</wf>
         <wf lemma="." pos="X">.</wf>
      </sentence>
      <sentence id="d000.s2168" source="wordnet-danish">
         <wf lemma="Naturligvis" pos="X">Naturligvis</wf>
         <wf lemma="skulle" pos="X">skulle</wf>
         <wf lemma="jeg" pos="X">jeg</wf>
         <wf lemma="se" pos="X">se</wf>
         <instance id="d000.s2168.t000" lemma="tempel" pos="NOUN">templer</instance>
         <wf lemma="og" pos="X">og</wf>
         <wf lemma="pagoder" pos="X">pagoder</wf>
         <wf lemma="i" pos="X">i</wf>
         <wf lemma="de" pos="X">de</wf>
         <wf lemma="gamle" pos="X">gamle</wf>
         <wf lemma="kejserbyer" pos="X">kejserbyer</wf>
         <wf lemma="Kyoto" pos="X">Kyoto</wf>
         <wf lemma="og" pos="X">og</wf>
         <wf lemma="Nara" pos="X">Nara</wf>
         <wf lemma="." pos="X">.</wf>
      </sentence>
      <sentence id="d000.s2169" source="wordnet-danish">
         <wf lemma="faren" pos="X">faren</wf>
         <wf lemma=".." pos="X">..</wf>
         <wf lemma="havde" pos="X">havde</wf>
         <wf lemma="gjort" pos="X">gjort</wf>
         <wf lemma="Janes" pos="X">Janes</wf>
         <wf lemma="cykel" pos="X">cykel</wf>
         <wf lemma="i" pos="X">i</wf>
         <wf lemma="stand" pos="X">stand</wf>
         <wf lemma="," pos="X">,</wf>
         <wf lemma="slebet" pos="X">slebet</wf>
         <wf lemma="og" pos="X">og</wf>
         <instance id="d000.s2169.t000" lemma="male" pos="VERB">malet</instance>
         <wf lemma="den" pos="X">den</wf>
         <wf lemma="," pos="X">,</wf>
         <wf lemma="så" pos="X">så</wf>
         <wf lemma="den" pos="X">den</wf>
         <wf lemma="næsten" pos="X">næsten</wf>
         <wf lemma="lignede" pos="X">lignede</wf>
         <wf lemma="en" pos="X">en</wf>
         <wf lemma="ny" pos="X">ny</wf>
         <wf lemma="." pos="X">.</wf>
      </sentence>
      <sentence id="d000.s2170" source="wordnet-danish">
         <wf lemma="Fra" pos="X">Fra</wf>
         <wf lemma="filmens" pos="X">filmens</wf>
         <wf lemma="første" pos="X">første</wf>
         <wf lemma="år" pos="X">år</wf>
         <wf lemma="berettes" pos="X">berettes</wf>
         <wf lemma="det" pos="X">det</wf>
         <wf lemma="igen" pos="X">igen</wf>
         <wf lemma="og" pos="X">og</wf>
         <wf lemma="igen" pos="X">igen</wf>
         <wf lemma="," pos="X">,</wf>
         <wf lemma="at" pos="X">at</wf>
         <wf lemma="publikum" pos="X">publikum</wf>
         <wf lemma="havde" pos="X">havde</wf>
         <wf lemma="svært" pos="X">svært</wf>
         <wf lemma="ved" pos="X">ved</wf>
         <wf lemma="at" pos="X">at</wf>
         <wf lemma="skelne" pos="X">skelne</wf>
         <wf lemma="de" pos="X">de</wf>
         <wf lemma="levende" pos="X">levende</wf>
         <wf lemma="billeder" pos="X">billeder</wf>
         <wf lemma="fra" pos="X">fra</wf>
         <wf lemma="lyslevende" pos="X">lyslevende</wf>
         <instance id="d000.s2170.t000" lemma="virkelighed" pos="NOUN">virkelighed</instance>
         <wf lemma="." pos="X">.</wf>
      </sentence>
      <sentence id="d000.s2171" source="wordnet-danish">
         <wf lemma="i" pos="X">i</wf>
         <wf lemma="går" pos="X">går</wf>
         <wf lemma="formiddags" pos="X">formiddags</wf>
         <wf lemma="blev" pos="X">blev</wf>
         <wf lemma="han" pos="X">han</wf>
         <wf lemma="fremstillet" pos="X">fremstillet</wf>
         <wf lemma="i" pos="X">i</wf>
         <wf lemma="kriminalretten" pos="X">kriminalretten</wf>
         <wf lemma="i" pos="X">i</wf>
         <wf lemma="Vejle" pos="X">Vejle</wf>
         <wf lemma="," pos="X">,</wf>
         <wf lemma="sigtet" pos="X">sigtet</wf>
         <wf lemma="for" pos="X">for</wf>
         <instance id="d000.s2171.t000" lemma="forsøg" pos="NOUN">forsøg</instance>
         <wf lemma="på" pos="X">på</wf>
         <wf lemma="manddrab" pos="X">manddrab</wf>
         <wf lemma="." pos="X">.</wf>
      </sentence>
      <sentence id="d000.s2172" source="wordnet-danish">
         <wf lemma="Ærter" pos="X">Ærter</wf>
         <wf lemma="og" pos="X">og</wf>
         <wf lemma="bønner" pos="X">bønner</wf>
         <wf lemma="er" pos="X">er</wf>
         <wf lemma="også" pos="X">også</wf>
         <wf lemma="fine" pos="X">fine</wf>
         <wf lemma="til" pos="X">til</wf>
         <wf lemma="drivning" pos="X">drivning</wf>
         <wf lemma="i" pos="X">i</wf>
         <wf lemma="mistbænk" pos="X">mistbænk</wf>
         <wf lemma="," pos="X">,</wf>
         <wf lemma="og" pos="X">og</wf>
         <wf lemma="de" pos="X">de</wf>
         <wf lemma="kan" pos="X">kan</wf>
         <instance id="d000.s2172.t000" lemma="udplante" pos="VERB">udplantes</instance>
         <wf lemma="allerede" pos="X">allerede</wf>
         <wf lemma="i" pos="X">i</wf>
         <wf lemma="maj" pos="X">maj</wf>
         <wf lemma="." pos="X">.</wf>
      </sentence>
      <sentence id="d000.s2173" source="wordnet-danish">
         <wf lemma="[de]" pos="X">[de]</wf>
         <wf lemma="forsøgte" pos="X">forsøgte</wf>
         <wf lemma="at" pos="X">at</wf>
         <wf lemma="imødegå" pos="X">imødegå</wf>
         <wf lemma="de" pos="X">de</wf>
         <wf lemma="fakta" pos="X">fakta</wf>
         <wf lemma="," pos="X">,</wf>
         <wf lemma="der" pos="X">der</wf>
         <wf lemma="blev" pos="X">blev</wf>
         <wf lemma="lagt" pos="X">lagt</wf>
         <wf lemma="på" pos="X">på</wf>
         <wf lemma="bordet" pos="X">bordet</wf>
         <wf lemma="," pos="X">,</wf>
         <wf lemma="med" pos="X">med</wf>
         <wf lemma="usaglige" pos="X">usaglige</wf>
         <wf lemma="," pos="X">,</wf>
         <instance id="d000.s2173.t000" lemma="følelsesbetonet" pos="ADJ">følelsesbetonede</instance>
         <wf lemma="indlæg" pos="X">indlæg</wf>
         <wf lemma="om" pos="X">om</wf>
         <wf lemma="," pos="X">,</wf>
         <wf lemma="hvad" pos="X">hvad</wf>
         <wf lemma="de" pos="X">de</wf>
         <wf lemma="'mente'" pos="X">'mente'</wf>
         <wf lemma="," pos="X">,</wf>
         <wf lemma="'" pos="X">'</wf>
         <wf lemma="syntes'" pos="X">syntes'</wf>
         <wf lemma="eller" pos="X">eller</wf>
         <wf lemma="'troede'" pos="X">'troede'</wf>
         <wf lemma="." pos="X">.</wf>
      </sentence>
      <sentence id="d000.s2174" source="wordnet-danish">
         <wf lemma="I" pos="X">I</wf>
         <wf lemma="en" pos="X">en</wf>
         <instance id="d000.s2174.t000" lemma="nødsituation" pos="NOUN">nødsituation</instance>
         <wf lemma="bryder" pos="X">bryder</wf>
         <wf lemma="man" pos="X">man</wf>
         <wf lemma="alle" pos="X">alle</wf>
         <wf lemma="love" pos="X">love</wf>
         <wf lemma="--" pos="X">--</wf>
         <wf lemma="derfor" pos="X">derfor</wf>
         <wf lemma="har" pos="X">har</wf>
         <wf lemma="vi" pos="X">vi</wf>
         <wf lemma="ingen" pos="X">ingen</wf>
         <wf lemma="faste" pos="X">faste</wf>
         <wf lemma="regler" pos="X">regler</wf>
         <wf lemma="for" pos="X">for</wf>
         <wf lemma="," pos="X">,</wf>
         <wf lemma="hvad" pos="X">hvad</wf>
         <wf lemma="piloten" pos="X">piloten</wf>
         <wf lemma="skal" pos="X">skal</wf>
         <wf lemma="foretage" pos="X">foretage</wf>
         <wf lemma="sig" pos="X">sig</wf>
         <wf lemma="," pos="X">,</wf>
         <wf lemma="når" pos="X">når</wf>
         <wf lemma="uheldet" pos="X">uheldet</wf>
         <wf lemma="er" pos="X">er</wf>
         <wf lemma="ude" pos="X">ude</wf>
         <wf lemma="." pos="X">.</wf>
      </sentence>
      <sentence id="d000.s2175" source="wordnet-danish">
         <wf lemma="Muskler" pos="X">Muskler</wf>
         <wf lemma="er" pos="X">er</wf>
         <wf lemma="nu" pos="X">nu</wf>
         <wf lemma="pænere" pos="X">pænere</wf>
         <wf lemma="end" pos="X">end</wf>
         <instance id="d000.s2175.t000" lemma="fedt" pos="NOUN">fedt</instance>
         <wf lemma="." pos="X">.</wf>
         <wf lemma="Også" pos="X">Også</wf>
         <wf lemma="på" pos="X">på</wf>
         <wf lemma="piger" pos="X">piger</wf>
         <wf lemma="." pos="X">.</wf>
      </sentence>
      <sentence id="d000.s2176" source="wordnet-danish">
         <wf lemma="Studieværten" pos="X">Studieværten</wf>
         <wf lemma="bør" pos="X">bør</wf>
         <wf lemma="holde" pos="X">holde</wf>
         <wf lemma="god" pos="X">god</wf>
         <wf lemma="kontakt" pos="X">kontakt</wf>
         <wf lemma="med" pos="X">med</wf>
         <instance id="d000.s2176.t000" lemma="producer" pos="NOUN">produceren</instance>
         <wf lemma="inden" pos="X">inden</wf>
         <wf lemma="udsendelse" pos="X">udsendelse</wf>
         <wf lemma="." pos="X">.</wf>
         <wf lemma="Det" pos="X">Det</wf>
         <wf lemma="er" pos="X">er</wf>
         <wf lemma="vigtigt" pos="X">vigtigt</wf>
         <wf lemma="på" pos="X">på</wf>
         <wf lemma="forhånd" pos="X">forhånd</wf>
         <wf lemma="at" pos="X">at</wf>
         <wf lemma="aftale" pos="X">aftale</wf>
         <wf lemma="kameraplaceringer" pos="X">kameraplaceringer</wf>
         <wf lemma="og" pos="X">og</wf>
         <wf lemma="kamerahøjder" pos="X">kamerahøjder</wf>
         <wf lemma="." pos="X">.</wf>
      </sentence>
      <sentence id="d000.s2177" source="wordnet-danish">
         <wf lemma="Hva" pos="X">Hva</wf>
         <wf lemma="," pos="X">,</wf>
         <wf lemma="sagde" pos="X">sagde</wf>
         <wf lemma="min" pos="X">min</wf>
         <wf lemma="far" pos="X">far</wf>
         <wf lemma="så" pos="X">så</wf>
         <wf lemma="," pos="X">,</wf>
         <wf lemma="når" pos="X">når</wf>
         <wf lemma="han" pos="X">han</wf>
         <wf lemma="kom" pos="X">kom</wf>
         <wf lemma="hjem" pos="X">hjem</wf>
         <wf lemma="fra" pos="X">fra</wf>
         <wf lemma="arbejde" pos="X">arbejde</wf>
         <wf lemma="," pos="X">,</wf>
         <wf lemma="--" pos="X">--</wf>
         <wf lemma="skal" pos="X">skal</wf>
         <wf lemma="vi" pos="X">vi</wf>
         <wf lemma="ikke" pos="X">ikke</wf>
         <wf lemma="have" pos="X">have</wf>
         <instance id="d000.s2177.t000" lemma="fisk" pos="NOUN">fisk</instance>
         <wf lemma="i" pos="X">i</wf>
         <wf lemma="dag" pos="X">dag</wf>
         <wf lemma="?" pos="X">?</wf>
      </sentence>
      <sentence id="d000.s2178" source="wordnet-danish">
         <wf lemma="Karl" pos="X">Karl</wf>
         <wf lemma="går" pos="X">går</wf>
         <wf lemma="forbi" pos="X">forbi</wf>
         <wf lemma="Carlsberg" pos="X">Carlsberg</wf>
         <wf lemma="Imperiets" pos="X">Imperiets</wf>
         <wf lemma="vældige" pos="X">vældige</wf>
         <instance id="d000.s2178.t000" lemma="bygning" pos="NOUN">bygninger</instance>
         <wf lemma="med" pos="X">med</wf>
         <wf lemma="tårne" pos="X">tårne</wf>
         <wf lemma="og" pos="X">og</wf>
         <wf lemma="elefanter" pos="X">elefanter</wf>
         <wf lemma="og" pos="X">og</wf>
         <wf lemma="mosaikker" pos="X">mosaikker</wf>
         <wf lemma="." pos="X">.</wf>
      </sentence>
      <sentence id="d000.s2179" source="wordnet-danish">
         <wf lemma="Hun" pos="X">Hun</wf>
         <wf lemma="skulle" pos="X">skulle</wf>
         <wf lemma="aldrig" pos="X">aldrig</wf>
         <wf lemma="have" pos="X">have</wf>
         <wf lemma="lånt" pos="X">lånt</wf>
         <wf lemma="moderens" pos="X">moderens</wf>
         <wf lemma="nye" pos="X">nye</wf>
         <instance id="d000.s2179.t000" lemma="sko" pos="NOUN">sko</instance>
         <wf lemma="," pos="X">,</wf>
         <wf lemma="der" pos="X">der</wf>
         <wf lemma="var" pos="X">var</wf>
         <wf lemma="et" pos="X">et</wf>
         <wf lemma="nummer" pos="X">nummer</wf>
         <wf lemma="for" pos="X">for</wf>
         <wf lemma="små" pos="X">små</wf>
         <wf lemma="." pos="X">.</wf>
      </sentence>
      <sentence id="d000.s2180" source="wordnet-danish">
         <wf lemma="den" pos="X">den</wf>
         <wf lemma="stillestående" pos="X">stillestående</wf>
         <wf lemma="luft" pos="X">luft</wf>
         <wf lemma="var" pos="X">var</wf>
         <wf lemma="fyldt" pos="X">fyldt</wf>
         <wf lemma="med" pos="X">med</wf>
         <wf lemma="lyden" pos="X">lyden</wf>
         <wf lemma="af" pos="X">af</wf>
         <wf lemma="summende" pos="X">summende</wf>
         <instance id="d000.s2180.t000" lemma="insekt" pos="NOUN">insekter</instance>
         <wf lemma="." pos="X">.</wf>
      </sentence>
      <sentence id="d000.s2181" source="wordnet-danish">
         <wf lemma="De" pos="X">De</wf>
         <wf lemma="ved" pos="X">ved</wf>
         <wf lemma="," pos="X">,</wf>
         <wf lemma="at" pos="X">at</wf>
         <wf lemma="interessen" pos="X">interessen</wf>
         <wf lemma="for" pos="X">for</wf>
         <wf lemma="H." pos="X">H.</wf>
         <wf lemma="C." pos="X">C.</wf>
         <wf lemma="Andersen" pos="X">Andersen</wf>
         <wf lemma="aldrig" pos="X">aldrig</wf>
         <instance id="d000.s2181.t000" lemma="falme" pos="VERB">falmer</instance>
         <wf lemma="." pos="X">.</wf>
      </sentence>
      <sentence id="d000.s2182" source="wordnet-danish">
         <wf lemma="Hun" pos="X">Hun</wf>
         <wf lemma="pakkede" pos="X">pakkede</wf>
         <wf lemma="ikke" pos="X">ikke</wf>
         <wf lemma="sine" pos="X">sine</wf>
         <instance id="d000.s2182.t000" lemma="mening" pos="NOUN">meninger</instance>
         <wf lemma="ind" pos="X">ind</wf>
         <wf lemma="i" pos="X">i</wf>
         <wf lemma="hensynsfulde" pos="X">hensynsfulde</wf>
         <wf lemma="," pos="X">,</wf>
         <wf lemma="kølende" pos="X">kølende</wf>
         <wf lemma="omslag" pos="X">omslag</wf>
         <wf lemma="." pos="X">.</wf>
         <wf lemma="Hun" pos="X">Hun</wf>
         <wf lemma="kaldte" pos="X">kaldte</wf>
         <wf lemma="en" pos="X">en</wf>
         <wf lemma="spade" pos="X">spade</wf>
         <wf lemma="for" pos="X">for</wf>
         <wf lemma="en" pos="X">en</wf>
         <wf lemma="spade" pos="X">spade</wf>
         <wf lemma="." pos="X">.</wf>
      </sentence>
      <sentence id="d000.s2183" source="wordnet-danish">
         <wf lemma="Han" pos="X">Han</wf>
         <wf lemma="gik" pos="X">gik</wf>
         <wf lemma="teksten" pos="X">teksten</wf>
         <wf lemma="igennem" pos="X">igennem</wf>
         <wf lemma="og" pos="X">og</wf>
         <wf lemma="foretog" pos="X">foretog</wf>
         <wf lemma="nogle" pos="X">nogle</wf>
         <instance id="d000.s2183.t000" lemma="rettelse" pos="NOUN">rettelser</instance>
         <wf lemma="og" pos="X">og</wf>
         <wf lemma="sendte" pos="X">sendte</wf>
         <wf lemma="den" pos="X">den</wf>
         <wf lemma="tilbage" pos="X">tilbage</wf>
         <wf lemma="." pos="X">.</wf>
      </sentence>
      <sentence id="d000.s2184" source="wordnet-danish">
         <wf lemma="Foruden" pos="X">Foruden</wf>
         <wf lemma="hovedsproget" pos="X">hovedsproget</wf>
         <wf lemma="engelsk" pos="X">engelsk</wf>
         <wf lemma="vælger" pos="X">vælger</wf>
         <wf lemma="de" pos="X">de</wf>
         <wf lemma="studerende" pos="X">studerende</wf>
         <wf lemma="et" pos="X">et</wf>
         <wf lemma="supplerende" pos="X">supplerende</wf>
         <wf lemma="sprog" pos="X">sprog</wf>
         <wf lemma="," pos="X">,</wf>
         <instance id="d000.s2184.t000" lemma="typisk" pos="ADJ">typisk</instance>
         <wf lemma="fransk" pos="X">fransk</wf>
         <wf lemma="," pos="X">,</wf>
         <wf lemma="spansk" pos="X">spansk</wf>
         <wf lemma="eller" pos="X">eller</wf>
         <wf lemma="tysk" pos="X">tysk</wf>
         <wf lemma="." pos="X">.</wf>
      </sentence>
      <sentence id="d000.s2185" source="wordnet-danish">
         <wf lemma="Østre" pos="X">Østre</wf>
         <wf lemma="Landsret" pos="X">Landsret</wf>
         <wf lemma="[frifandt]" pos="X">[frifandt]</wf>
         <wf lemma="lampefirmaet" pos="X">lampefirmaet</wf>
         <wf lemma="Lyskær-Lyfa" pos="X">Lyskær-Lyfa</wf>
         <wf lemma="for" pos="X">for</wf>
         <wf lemma="at" pos="X">at</wf>
         <wf lemma="have" pos="X">have</wf>
         <instance id="d000.s2185.t000" lemma="plagiere" pos="VERB">plagieret</instance>
         <wf lemma="PH-lampen" pos="X">PH-lampen</wf>
         <wf lemma="'" pos="X">'</wf>
         <wf lemma="PH" pos="X">PH</wf>
         <wf lemma="5'" pos="X">5'</wf>
         <wf lemma="," pos="X">,</wf>
         <wf lemma="fordi" pos="X">fordi</wf>
         <wf lemma="firmaet" pos="X">firmaet</wf>
         <wf lemma="havde" pos="X">havde</wf>
         <wf lemma="tilført" pos="X">tilført</wf>
         <wf lemma="produktet" pos="X">produktet</wf>
         <wf lemma="noget" pos="X">noget</wf>
         <wf lemma="nyt" pos="X">nyt</wf>
         <wf lemma="." pos="X">.</wf>
      </sentence>
      <sentence id="d000.s2186" source="wordnet-danish">
         <wf lemma="Gården" pos="X">Gården</wf>
         <wf lemma="er" pos="X">er</wf>
         <wf lemma="tom" pos="X">tom</wf>
         <wf lemma="," pos="X">,</wf>
         <wf lemma="melder" pos="X">melder</wf>
         <wf lemma="Stefan" pos="X">Stefan</wf>
         <wf lemma="fra" pos="X">fra</wf>
         <wf lemma="sin" pos="X">sin</wf>
         <instance id="d000.s2186.t000" lemma="post" pos="NOUN">post</instance>
         <wf lemma="bag" pos="X">bag</wf>
         <wf lemma="køkkengardinet" pos="X">køkkengardinet</wf>
         <wf lemma="." pos="X">.</wf>
      </sentence>
      <sentence id="d000.s2187" source="wordnet-danish">
         <wf lemma="jeg" pos="X">jeg</wf>
         <wf lemma="har" pos="X">har</wf>
         <wf lemma="en" pos="X">en</wf>
         <wf lemma="lumsk" pos="X">lumsk</wf>
         <instance id="d000.s2187.t000" lemma="mistanke" pos="NOUN">mistanke</instance>
         <wf lemma="om" pos="X">om</wf>
         <wf lemma="," pos="X">,</wf>
         <wf lemma="at" pos="X">at</wf>
         <wf lemma="mange" pos="X">mange</wf>
         <wf lemma="af" pos="X">af</wf>
         <wf lemma="de" pos="X">de</wf>
         <wf lemma="ophidsede" pos="X">ophidsede</wf>
         <wf lemma="bilister" pos="X">bilister</wf>
         <wf lemma="er" pos="X">er</wf>
         <wf lemma="for" pos="X">for</wf>
         <wf lemma="dovne" pos="X">dovne</wf>
         <wf lemma="til" pos="X">til</wf>
         <wf lemma="at" pos="X">at</wf>
         <wf lemma="gå" pos="X">gå</wf>
         <wf lemma="." pos="X">.</wf>
      </sentence>
      <sentence id="d000.s2188" source="wordnet-danish">
         <wf lemma="Det" pos="X">Det</wf>
         <wf lemma="frilagte" pos="X">frilagte</wf>
         <wf lemma="bindingsværk" pos="X">bindingsværk</wf>
         <wf lemma="i" pos="X">i</wf>
         <wf lemma="muren" pos="X">muren</wf>
         <wf lemma="vidner" pos="X">vidner</wf>
         <wf lemma="om" pos="X">om</wf>
         <instance id="d000.s2188.t000" lemma="alder" pos="NOUN">alderen</instance>
         <wf lemma="på" pos="X">på</wf>
         <wf lemma="ildebrandshuset" pos="X">ildebrandshuset</wf>
         <wf lemma="," pos="X">,</wf>
         <wf lemma="der" pos="X">der</wf>
         <wf lemma="er" pos="X">er</wf>
         <wf lemma="bygget" pos="X">bygget</wf>
         <wf lemma="i" pos="X">i</wf>
         <wf lemma="1729" pos="X">1729</wf>
         <wf lemma="." pos="X">.</wf>
      </sentence>
      <sentence id="d000.s2189" source="wordnet-danish">
         <wf lemma="[han" pos="X">[han</wf>
         <wf lemma="kæmper]" pos="X">kæmper]</wf>
         <wf lemma="ene" pos="X">ene</wf>
         <wf lemma="mand" pos="X">mand</wf>
         <wf lemma="for" pos="X">for</wf>
         <wf lemma="at" pos="X">at</wf>
         <wf lemma="bevare" pos="X">bevare</wf>
         <wf lemma="60'er-kulturens" pos="X">60'er-kulturens</wf>
         <instance id="d000.s2189.t000" lemma="mindeværdig" pos="ADJ">mindeværdige</instance>
         <wf lemma="traditioner" pos="X">traditioner</wf>
         <wf lemma="og" pos="X">og</wf>
         <wf lemma="livsstil" pos="X">livsstil</wf>
         <wf lemma="." pos="X">.</wf>
      </sentence>
      <sentence id="d000.s2190" source="wordnet-danish">
         <wf lemma="Det" pos="X">Det</wf>
         <wf lemma="tjekkiske" pos="X">tjekkiske</wf>
         <instance id="d000.s2190.t000" lemma="parlament" pos="NOUN">parlament</instance>
         <wf lemma="vedtog" pos="X">vedtog</wf>
         <wf lemma="torsdag" pos="X">torsdag</wf>
         <wf lemma="," pos="X">,</wf>
         <wf lemma="at" pos="X">at</wf>
         <wf lemma="Tjekkiet" pos="X">Tjekkiet</wf>
         <wf lemma="kan" pos="X">kan</wf>
         <wf lemma="søge" pos="X">søge</wf>
         <wf lemma="om" pos="X">om</wf>
         <wf lemma="optagelse" pos="X">optagelse</wf>
         <wf lemma="i" pos="X">i</wf>
         <wf lemma="NATO" pos="X">NATO</wf>
         <wf lemma="." pos="X">.</wf>
         <wf lemma="64" pos="X">64</wf>
         <wf lemma="stemte" pos="X">stemte</wf>
         <wf lemma="for" pos="X">for</wf>
         <wf lemma="og" pos="X">og</wf>
         <wf lemma="3" pos="X">3</wf>
         <wf lemma="imod." pos="X">imod.</wf>
      </sentence>
      <sentence id="d000.s2191" source="wordnet-danish">
         <wf lemma="Godt" pos="X">Godt</wf>
         <wf lemma="nok" pos="X">nok</wf>
         <wf lemma="frøs" pos="X">frøs</wf>
         <wf lemma="han" pos="X">han</wf>
         <wf lemma="en" pos="X">en</wf>
         <wf lemma="smule" pos="X">smule</wf>
         <wf lemma="," pos="X">,</wf>
         <wf lemma="og" pos="X">og</wf>
         <wf lemma="bukserne" pos="X">bukserne</wf>
         <wf lemma="og" pos="X">og</wf>
         <wf lemma="skoene" pos="X">skoene</wf>
         <wf lemma="var" pos="X">var</wf>
         <wf lemma="våde" pos="X">våde</wf>
         <wf lemma="," pos="X">,</wf>
         <wf lemma="men" pos="X">men</wf>
         <wf lemma="han" pos="X">han</wf>
         <wf lemma="havde" pos="X">havde</wf>
         <instance id="d000.s2191.t000" lemma="genfinde" pos="VERB">genfundet</instance>
         <wf lemma="roen" pos="X">roen</wf>
         <wf lemma="." pos="X">.</wf>
      </sentence>
      <sentence id="d000.s2192" source="wordnet-danish">
         <wf lemma="Og" pos="X">Og</wf>
         <wf lemma="nu" pos="X">nu</wf>
         <wf lemma="," pos="X">,</wf>
         <wf lemma="ærede" pos="X">ærede</wf>
         <wf lemma="publikum" pos="X">publikum</wf>
         <wf lemma="," pos="X">,</wf>
         <wf lemma="indleder" pos="X">indleder</wf>
         <wf lemma="vi" pos="X">vi</wf>
         <wf lemma="vort" pos="X">vort</wf>
         <wf lemma="gallaprogram" pos="X">gallaprogram</wf>
         <wf lemma="med" pos="X">med</wf>
         <instance id="d000.s2192.t000" lemma="trommehvirvel" pos="NOUN">trommehvirvel</instance>
         <wf lemma="ved" pos="X">ved</wf>
         <wf lemma="musikdirektør" pos="X">musikdirektør</wf>
         <wf lemma="An-ton" pos="X">An-ton</wf>
         <wf lemma="!" pos="X">!</wf>
      </sentence>
      <sentence id="d000.s2193" source="wordnet-danish">
         <wf lemma="Der" pos="X">Der</wf>
         <wf lemma="kræves" pos="X">kræves</wf>
         <wf lemma="dokumentation" pos="X">dokumentation</wf>
         <wf lemma="for" pos="X">for</wf>
         <wf lemma="sygdommens" pos="X">sygdommens</wf>
         <wf lemma="varighed" pos="X">varighed</wf>
         <wf lemma="i" pos="X">i</wf>
         <wf lemma="form" pos="X">form</wf>
         <wf lemma="af" pos="X">af</wf>
         <instance id="d000.s2193.t000" lemma="attest" pos="NOUN">attest</instance>
         <wf lemma="fra" pos="X">fra</wf>
         <wf lemma="sygehuset" pos="X">sygehuset</wf>
         <wf lemma="." pos="X">.</wf>
      </sentence>
      <sentence id="d000.s2194" source="wordnet-danish">
         <wf lemma="Jeg" pos="X">Jeg</wf>
         <instance id="d000.s2194.t000" lemma="vide" pos="VERB">ved</instance>
         <wf lemma="af" pos="X">af</wf>
         <wf lemma="personlig" pos="X">personlig</wf>
         <wf lemma="erfaring" pos="X">erfaring</wf>
         <wf lemma="fra" pos="X">fra</wf>
         <wf lemma="min" pos="X">min</wf>
         <wf lemma="egen" pos="X">egen</wf>
         <wf lemma="tid" pos="X">tid</wf>
         <wf lemma="som" pos="X">som</wf>
         <wf lemma="fisker" pos="X">fisker</wf>
         <wf lemma="," pos="X">,</wf>
         <wf lemma="at" pos="X">at</wf>
         <wf lemma="fiskene" pos="X">fiskene</wf>
         <wf lemma="optræder" pos="X">optræder</wf>
         <wf lemma="forskellige" pos="X">forskellige</wf>
         <wf lemma="steder" pos="X">steder</wf>
         <wf lemma="år" pos="X">år</wf>
         <wf lemma="fra" pos="X">fra</wf>
         <wf lemma="år" pos="X">år</wf>
         <wf lemma="." pos="X">.</wf>
      </sentence>
      <sentence id="d000.s2195" source="wordnet-danish">
         <wf lemma="Hun" pos="X">Hun</wf>
         <wf lemma="smurte" pos="X">smurte</wf>
         <wf lemma="et" pos="X">et</wf>
         <wf lemma="antal" pos="X">antal</wf>
         <wf lemma="madder" pos="X">madder</wf>
         <wf lemma="og" pos="X">og</wf>
         <instance id="d000.s2195.t000" lemma="bringe" pos="VERB">bragte</instance>
         <wf lemma="dem" pos="X">dem</wf>
         <wf lemma="ind" pos="X">ind</wf>
         <wf lemma="på" pos="X">på</wf>
         <wf lemma="bordet" pos="X">bordet</wf>
         <wf lemma="i" pos="X">i</wf>
         <wf lemma="pejsestuen" pos="X">pejsestuen</wf>
         <wf lemma="." pos="X">.</wf>
      </sentence>
      <sentence id="d000.s2196" source="wordnet-danish">
         <wf lemma="Kunne" pos="X">Kunne</wf>
         <wf lemma="du" pos="X">du</wf>
         <wf lemma="mon" pos="X">mon</wf>
         <wf lemma="ikke" pos="X">ikke</wf>
         <wf lemma="tænke" pos="X">tænke</wf>
         <wf lemma="dig" pos="X">dig</wf>
         <wf lemma="et" pos="X">et</wf>
         <wf lemma="stykke" pos="X">stykke</wf>
         <wf lemma="friskbagt" pos="X">friskbagt</wf>
         <wf lemma="franskbrød" pos="X">franskbrød</wf>
         <wf lemma="med" pos="X">med</wf>
         <wf lemma="tandsmør" pos="X">tandsmør</wf>
         <wf lemma="og" pos="X">og</wf>
         <instance id="d000.s2196.t000" lemma="syltetøj" pos="NOUN">syltetøj</instance>
         <wf lemma="?" pos="X">?</wf>
      </sentence>
      <sentence id="d000.s2197" source="wordnet-danish">
         <wf lemma="Mindre" pos="X">Mindre</wf>
         <wf lemma="end" pos="X">end</wf>
         <wf lemma="en" pos="X">en</wf>
         <wf lemma="uge" pos="X">uge</wf>
         <wf lemma="efter" pos="X">efter</wf>
         <wf lemma="," pos="X">,</wf>
         <wf lemma="at" pos="X">at</wf>
         <wf lemma="tyskernes" pos="X">tyskernes</wf>
         <instance id="d000.s2197.t000" lemma="felttog" pos="NOUN">felttog</instance>
         <wf lemma="mod" pos="X">mod</wf>
         <wf lemma="Sovjetunionen" pos="X">Sovjetunionen</wf>
         <wf lemma="var" pos="X">var</wf>
         <wf lemma="begyndt" pos="X">begyndt</wf>
         <wf lemma="," pos="X">,</wf>
         <wf lemma="fik" pos="X">fik</wf>
         <wf lemma="danske" pos="X">danske</wf>
         <wf lemma="officerer" pos="X">officerer</wf>
         <wf lemma="og" pos="X">og</wf>
         <wf lemma="menige" pos="X">menige</wf>
         <wf lemma="tilladelse" pos="X">tilladelse</wf>
         <wf lemma="til" pos="X">til</wf>
         <wf lemma="at" pos="X">at</wf>
         <wf lemma="melde" pos="X">melde</wf>
         <wf lemma="sig" pos="X">sig</wf>
         <wf lemma="til" pos="X">til</wf>
         <wf lemma="'" pos="X">'</wf>
         <wf lemma="Frikorps" pos="X">Frikorps</wf>
         <wf lemma="Danmark'" pos="X">Danmark'</wf>
         <wf lemma="." pos="X">.</wf>
      </sentence>
      <sentence id="d000.s2198" source="wordnet-danish">
         <wf lemma="8" pos="X">8</wf>
         <wf lemma="." pos="X">.</wf>
         <wf lemma="juni" pos="X">juni</wf>
         <wf lemma="793" pos="X">793</wf>
         <wf lemma="landede" pos="X">landede</wf>
         <wf lemma="vikinger" pos="X">vikinger</wf>
         <wf lemma="på" pos="X">på</wf>
         <wf lemma="den" pos="X">den</wf>
         <wf lemma="engelske" pos="X">engelske</wf>
         <wf lemma="ø" pos="X">ø</wf>
         <wf lemma="Lindisfarne" pos="X">Lindisfarne</wf>
         <wf lemma="," pos="X">,</wf>
         <wf lemma="plyndrede" pos="X">plyndrede</wf>
         <wf lemma="det" pos="X">det</wf>
         <wf lemma="rige" pos="X">rige</wf>
         <wf lemma="kloster" pos="X">kloster</wf>
         <wf lemma="og" pos="X">og</wf>
         <wf lemma="stak" pos="X">stak</wf>
         <wf lemma="af" pos="X">af</wf>
         <wf lemma="med" pos="X">med</wf>
         <instance id="d000.s2198.t000" lemma="bytte" pos="NOUN">bytte</instance>
         <wf lemma="og" pos="X">og</wf>
         <wf lemma="fanger" pos="X">fanger</wf>
         <wf lemma="." pos="X">.</wf>
      </sentence>
      <sentence id="d000.s2199" source="wordnet-danish">
         <wf lemma="de" pos="X">de</wf>
         <wf lemma="fleste" pos="X">fleste</wf>
         <wf lemma="[vil]" pos="X">[vil]</wf>
         <wf lemma="vel" pos="X">vel</wf>
         <wf lemma="gerne" pos="X">gerne</wf>
         <wf lemma="have" pos="X">have</wf>
         <wf lemma="," pos="X">,</wf>
         <wf lemma="at" pos="X">at</wf>
         <wf lemma="køkkenet" pos="X">køkkenet</wf>
         <wf lemma="ser" pos="X">ser</wf>
         <wf lemma="pænt" pos="X">pænt</wf>
         <wf lemma="ud" pos="X">ud</wf>
         <wf lemma="," pos="X">,</wf>
         <wf lemma="når" pos="X">når</wf>
         <wf lemma="der" pos="X">der</wf>
         <wf lemma="kommer" pos="X">kommer</wf>
         <instance id="d000.s2199.t000" lemma="gæst" pos="NOUN">gæster</instance>
         <wf lemma="." pos="X">.</wf>
      </sentence>
      <sentence id="d000.s2200" source="wordnet-danish">
         <wf lemma="han" pos="X">han</wf>
         <wf lemma="tænkte" pos="X">tænkte</wf>
         <wf lemma="på" pos="X">på</wf>
         <wf lemma="," pos="X">,</wf>
         <wf lemma="hvor" pos="X">hvor</wf>
         <wf lemma="mange" pos="X">mange</wf>
         <instance id="d000.s2200.t000" lemma="tape" pos="NOUN">tapes</instance>
         <wf lemma="han" pos="X">han</wf>
         <wf lemma="havde" pos="X">havde</wf>
         <wf lemma="overspillet" pos="X">overspillet</wf>
         <wf lemma="til" pos="X">til</wf>
         <wf lemma="dem" pos="X">dem</wf>
         <wf lemma="i" pos="X">i</wf>
         <wf lemma="hemmelighed" pos="X">hemmelighed</wf>
         <wf lemma="." pos="X">.</wf>
      </sentence>
      <sentence id="d000.s2201" source="wordnet-danish">
         <wf lemma="Alle" pos="X">Alle</wf>
         <wf lemma="parter" pos="X">parter</wf>
         <wf lemma="i" pos="X">i</wf>
         <wf lemma="Mellemøsten" pos="X">Mellemøsten</wf>
         <wf lemma="bør" pos="X">bør</wf>
         <wf lemma="indkaldes" pos="X">indkaldes</wf>
         <wf lemma="til" pos="X">til</wf>
         <wf lemma="en" pos="X">en</wf>
         <instance id="d000.s2201.t000" lemma="international" pos="ADJ">international</instance>
         <wf lemma="konference" pos="X">konference</wf>
         <wf lemma="," pos="X">,</wf>
         <wf lemma="hvor" pos="X">hvor</wf>
         <wf lemma="temaet" pos="X">temaet</wf>
         <wf lemma="om" pos="X">om</wf>
         <wf lemma="vandmangel" pos="X">vandmangel</wf>
         <wf lemma="står" pos="X">står</wf>
         <wf lemma="øverst" pos="X">øverst</wf>
         <wf lemma="på" pos="X">på</wf>
         <wf lemma="dagsordenen" pos="X">dagsordenen</wf>
         <wf lemma="." pos="X">.</wf>
      </sentence>
      <sentence id="d000.s2202" source="wordnet-danish">
         <wf lemma="En" pos="X">En</wf>
         <wf lemma="skatteomlægning" pos="X">skatteomlægning</wf>
         <wf lemma="skal" pos="X">skal</wf>
         <wf lemma=".." pos="X">..</wf>
         <wf lemma="gøre" pos="X">gøre</wf>
         <wf lemma="ændringen" pos="X">ændringen</wf>
         <instance id="d000.s2202.t000" lemma="neutral" pos="ADJ">neutral</instance>
         <wf lemma="for" pos="X">for</wf>
         <wf lemma="boligejerne" pos="X">boligejerne</wf>
         <wf lemma="." pos="X">.</wf>
      </sentence>
      <sentence id="d000.s2203" source="wordnet-danish">
         <wf lemma="Lisa" pos="X">Lisa</wf>
         <instance id="d000.s2203.t000" lemma="gå" pos="VERB">gik</instance>
         <wf lemma="rask" pos="X">rask</wf>
         <wf lemma="hen" pos="X">hen</wf>
         <wf lemma="til" pos="X">til</wf>
         <wf lemma="Jakob" pos="X">Jakob</wf>
         <wf lemma="og" pos="X">og</wf>
         <wf lemma="stillede" pos="X">stillede</wf>
         <wf lemma="sig" pos="X">sig</wf>
         <wf lemma="foran" pos="X">foran</wf>
         <wf lemma="ham" pos="X">ham</wf>
         <wf lemma="." pos="X">.</wf>
      </sentence>
      <sentence id="d000.s2204" source="wordnet-danish">
         <wf lemma="Han" pos="X">Han</wf>
         <wf lemma="svømmede" pos="X">svømmede</wf>
         <wf lemma="videre" pos="X">videre</wf>
         <wf lemma="," pos="X">,</wf>
         <instance id="d000.s2204.t000" lemma="dykke" pos="VERB">dykkede</instance>
         <wf lemma="dybt" pos="X">dybt</wf>
         <wf lemma="ned" pos="X">ned</wf>
         <wf lemma="under" pos="X">under</wf>
         <wf lemma="havoverfladen" pos="X">havoverfladen</wf>
         <wf lemma="," pos="X">,</wf>
         <wf lemma="steg" pos="X">steg</wf>
         <wf lemma="op" pos="X">op</wf>
         <wf lemma="igen" pos="X">igen</wf>
         <wf lemma="og" pos="X">og</wf>
         <wf lemma="svømmede" pos="X">svømmede</wf>
         <wf lemma="videre" pos="X">videre</wf>
         <wf lemma="på" pos="X">på</wf>
         <wf lemma="ny" pos="X">ny</wf>
         <wf lemma="." pos="X">.</wf>
      </sentence>
      <sentence id="d000.s2205" source="wordnet-danish">
         <wf lemma="Træværket" pos="X">Træværket</wf>
         <wf lemma="var" pos="X">var</wf>
         <wf lemma="sikkert" pos="X">sikkert</wf>
         <instance id="d000.s2205.t000" lemma="rådden" pos="ADJ">råddent</instance>
         <wf lemma="og" pos="X">og</wf>
         <wf lemma="taget" pos="X">taget</wf>
         <wf lemma="gammelt" pos="X">gammelt</wf>
         <wf lemma="og" pos="X">og</wf>
         <wf lemma="mørt" pos="X">mørt</wf>
         <wf lemma="." pos="X">.</wf>
      </sentence>
      <sentence id="d000.s2206" source="wordnet-danish">
         <wf lemma="hans" pos="X">hans</wf>
         <wf lemma="kontor" pos="X">kontor</wf>
         <wf lemma="ligger" pos="X">ligger</wf>
         <wf lemma="en" pos="X">en</wf>
         <instance id="d000.s2206.t000" lemma="etage" pos="NOUN">etage</instance>
         <wf lemma="under" pos="X">under</wf>
         <wf lemma="jorden" pos="X">jorden</wf>
         <wf lemma="--" pos="X">--</wf>
         <wf lemma="næsten" pos="X">næsten</wf>
         <wf lemma="som" pos="X">som</wf>
         <wf lemma="et" pos="X">et</wf>
         <wf lemma="beskyttelsesrum" pos="X">beskyttelsesrum</wf>
         <wf lemma="." pos="X">.</wf>
      </sentence>
      <sentence id="d000.s2207" source="wordnet-danish">
         <wf lemma="er" pos="X">er</wf>
         <wf lemma="der" pos="X">der</wf>
         <wf lemma="ikke" pos="X">ikke</wf>
         <wf lemma="stadigvæk" pos="X">stadigvæk</wf>
         <wf lemma=".." pos="X">..</wf>
         <wf lemma="en" pos="X">en</wf>
         <wf lemma="snert" pos="X">snert</wf>
         <wf lemma="af" pos="X">af</wf>
         <wf lemma="det" pos="X">det</wf>
         <wf lemma="der" pos="X">der</wf>
         <wf lemma="," pos="X">,</wf>
         <wf lemma="der" pos="X">der</wf>
         <wf lemma="hedder" pos="X">hedder</wf>
         <wf lemma="," pos="X">,</wf>
         <wf lemma="at" pos="X">at</wf>
         <wf lemma="det" pos="X">det</wf>
         <wf lemma="er" pos="X">er</wf>
         <wf lemma="meget" pos="X">meget</wf>
         <wf lemma="fint" pos="X">fint</wf>
         <wf lemma="at" pos="X">at</wf>
         <wf lemma="spille" pos="X">spille</wf>
         <instance id="d000.s2207.t000" lemma="golf" pos="NOUN">golf</instance>
         <wf lemma="?" pos="X">?</wf>
      </sentence>
      <sentence id="d000.s2208" source="wordnet-danish">
         <wf lemma="[mudderkliren" pos="X">[mudderkliren</wf>
         <wf lemma="]" pos="X">]</wf>
         <wf lemma="forekommer" pos="X">forekommer</wf>
         <wf lemma="både" pos="X">både</wf>
         <wf lemma="ved" pos="X">ved</wf>
         <instance id="d000.s2208.t000" lemma="kyst" pos="NOUN">kysterne</instance>
         <wf lemma="og" pos="X">og</wf>
         <wf lemma="langs" pos="X">langs</wf>
         <wf lemma="søerne" pos="X">søerne</wf>
         <wf lemma="og" pos="X">og</wf>
         <wf lemma="langs" pos="X">langs</wf>
         <wf lemma="vores" pos="X">vores</wf>
         <wf lemma="vandløb" pos="X">vandløb</wf>
         <wf lemma="." pos="X">.</wf>
      </sentence>
      <sentence id="d000.s2209" source="wordnet-danish">
         <wf lemma="Det" pos="X">Det</wf>
         <wf lemma="varme" pos="X">varme</wf>
         <wf lemma="," pos="X">,</wf>
         <wf lemma="salte" pos="X">salte</wf>
         <wf lemma="Golfstrøm-vands" pos="X">Golfstrøm-vands</wf>
         <wf lemma="møde" pos="X">møde</wf>
         <wf lemma="med" pos="X">med</wf>
         <wf lemma="det" pos="X">det</wf>
         <wf lemma="kolde" pos="X">kolde</wf>
         <wf lemma="," pos="X">,</wf>
         <wf lemma="iltrige" pos="X">iltrige</wf>
         <wf lemma="polarvand" pos="X">polarvand</wf>
         <wf lemma="danner" pos="X">danner</wf>
         <wf lemma="en" pos="X">en</wf>
         <wf lemma="lodret" pos="X">lodret</wf>
         <instance id="d000.s2209.t000" lemma="cirkulation" pos="NOUN">cirkulation</instance>
         <wf lemma="i" pos="X">i</wf>
         <wf lemma="vandet" pos="X">vandet</wf>
         <wf lemma="." pos="X">.</wf>
      </sentence>
      <sentence id="d000.s2210" source="wordnet-danish">
         <wf lemma="Lyden" pos="X">Lyden</wf>
         <wf lemma="af" pos="X">af</wf>
         <wf lemma="rindende" pos="X">rindende</wf>
         <wf lemma="vand" pos="X">vand</wf>
         <wf lemma="virker" pos="X">virker</wf>
         <wf lemma="meget" pos="X">meget</wf>
         <wf lemma="beroligende" pos="X">beroligende</wf>
         <wf lemma="," pos="X">,</wf>
         <wf lemma="og" pos="X">og</wf>
         <wf lemma="derfor" pos="X">derfor</wf>
         <wf lemma="er" pos="X">er</wf>
         <wf lemma="der" pos="X">der</wf>
         <wf lemma="mange" pos="X">mange</wf>
         <wf lemma="," pos="X">,</wf>
         <wf lemma="der" pos="X">der</wf>
         <wf lemma="anlægger" pos="X">anlægger</wf>
         <wf lemma="et" pos="X">et</wf>
         <instance id="d000.s2210.t000" lemma="bassin" pos="NOUN">bassin</instance>
         <wf lemma="," pos="X">,</wf>
         <wf lemma="evt." pos="X">evt.</wf>
         <wf lemma="med" pos="X">med</wf>
         <wf lemma="springvand" pos="X">springvand</wf>
         <wf lemma="," pos="X">,</wf>
         <wf lemma="i" pos="X">i</wf>
         <wf lemma="deres" pos="X">deres</wf>
         <wf lemma="haver" pos="X">haver</wf>
         <wf lemma="." pos="X">.</wf>
      </sentence>
      <sentence id="d000.s2211" source="wordnet-danish">
         <wf lemma="NATO's" pos="X">NATO's</wf>
         <wf lemma="strategi" pos="X">strategi</wf>
         <wf lemma="er" pos="X">er</wf>
         <wf lemma="baseret" pos="X">baseret</wf>
         <wf lemma="på" pos="X">på</wf>
         <wf lemma="," pos="X">,</wf>
         <wf lemma="at" pos="X">at</wf>
         <wf lemma="der" pos="X">der</wf>
         <wf lemma="ikke" pos="X">ikke</wf>
         <wf lemma="eksisterer" pos="X">eksisterer</wf>
         <wf lemma="en" pos="X">en</wf>
         <wf lemma="massiv" pos="X">massiv</wf>
         <wf lemma="trussel" pos="X">trussel</wf>
         <wf lemma="i" pos="X">i</wf>
         <wf lemma="en" pos="X">en</wf>
         <instance id="d000.s2211.t000" lemma="forudseelig" pos="ADJ">forudseelig</instance>
         <wf lemma="fremtid" pos="X">fremtid</wf>
         <wf lemma="mod" pos="X">mod</wf>
         <wf lemma="NATO" pos="X">NATO</wf>
         <wf lemma="." pos="X">.</wf>
      </sentence>
      <sentence id="d000.s2212" source="wordnet-danish">
         <wf lemma="I" pos="X">I</wf>
         <wf lemma="1990" pos="X">1990</wf>
         <wf lemma="døde" pos="X">døde</wf>
         <wf lemma="prins" pos="X">prins</wf>
         <wf lemma="Johannes" pos="X">Johannes</wf>
         <wf lemma=".." pos="X">..</wf>
         <wf lemma="og" pos="X">og</wf>
         <wf lemma="nu" pos="X">nu</wf>
         <wf lemma="må" pos="X">må</wf>
         <wf lemma="hans" pos="X">hans</wf>
         <instance id="d000.s2212.t000" lemma="enke" pos="NOUN">enke</instance>
         <wf lemma="sælge" pos="X">sælge</wf>
         <wf lemma="lidt" pos="X">lidt</wf>
         <wf lemma="ud" pos="X">ud</wf>
         <wf lemma="af" pos="X">af</wf>
         <wf lemma="familiens" pos="X">familiens</wf>
         <wf lemma="vældige" pos="X">vældige</wf>
         <wf lemma="kunstskatte" pos="X">kunstskatte</wf>
         <wf lemma="." pos="X">.</wf>
      </sentence>
      <sentence id="d000.s2213" source="wordnet-danish">
         <instance id="d000.s2213.t000" lemma="sandsynlighed" pos="NOUN">sandsynligheden</instance>
         <wf lemma="for" pos="X">for</wf>
         <wf lemma="at" pos="X">at</wf>
         <wf lemma="finde" pos="X">finde</wf>
         <wf lemma="drengen" pos="X">drengen</wf>
         <wf lemma="i" pos="X">i</wf>
         <wf lemma="live" pos="X">live</wf>
         <wf lemma="svandt" pos="X">svandt</wf>
         <wf lemma="time" pos="X">time</wf>
         <wf lemma="for" pos="X">for</wf>
         <wf lemma="time" pos="X">time</wf>
         <wf lemma="," pos="X">,</wf>
         <wf lemma="minut" pos="X">minut</wf>
         <wf lemma="for" pos="X">for</wf>
         <wf lemma="minut" pos="X">minut</wf>
         <wf lemma="." pos="X">.</wf>
      </sentence>
      <sentence id="d000.s2214" source="wordnet-danish">
         <wf lemma="Hart" pos="X">Hart</wf>
         <wf lemma="blev" pos="X">blev</wf>
         <wf lemma="sat" pos="X">sat</wf>
         <wf lemma="på" pos="X">på</wf>
         <wf lemma="sagen" pos="X">sagen</wf>
         <wf lemma="og" pos="X">og</wf>
         <wf lemma="løste" pos="X">løste</wf>
         <wf lemma="den" pos="X">den</wf>
         <wf lemma="til" pos="X">til</wf>
         <wf lemma="alles" pos="X">alles</wf>
         <instance id="d000.s2214.t000" lemma="tilfredshed" pos="NOUN">tilfredshed</instance>
         <wf lemma="." pos="X">.</wf>
      </sentence>
      <sentence id="d000.s2215" source="wordnet-danish">
         <wf lemma="Hun" pos="X">Hun</wf>
         <wf lemma="trak" pos="X">trak</wf>
         <wf lemma="en" pos="X">en</wf>
         <wf lemma="pakke" pos="X">pakke</wf>
         <wf lemma="Kings" pos="X">Kings</wf>
         <wf lemma="op" pos="X">op</wf>
         <wf lemma="af" pos="X">af</wf>
         <instance id="d000.s2215.t000" lemma="taske" pos="NOUN">tasken</instance>
         <wf lemma="," pos="X">,</wf>
         <wf lemma="tændte" pos="X">tændte</wf>
         <wf lemma="én" pos="X">én</wf>
         <wf lemma="og" pos="X">og</wf>
         <wf lemma="stak" pos="X">stak</wf>
         <wf lemma="den" pos="X">den</wf>
         <wf lemma="ind" pos="X">ind</wf>
         <wf lemma="mellem" pos="X">mellem</wf>
         <wf lemma="de" pos="X">de</wf>
         <wf lemma="blege" pos="X">blege</wf>
         <wf lemma="læber" pos="X">læber</wf>
         <wf lemma="." pos="X">.</wf>
      </sentence>
      <sentence id="d000.s2216" source="wordnet-danish">
         <wf lemma="Vi" pos="X">Vi</wf>
         <wf lemma="købte" pos="X">købte</wf>
         <wf lemma="et" pos="X">et</wf>
         <wf lemma="[" pos="X">[</wf>
         <wf lemma=":" pos="X">:</wf>
         <wf lemma="hus" pos="X">hus</wf>
         <wf lemma="]" pos="X">]</wf>
         <wf lemma="som" pos="X">som</wf>
         <wf lemma="var" pos="X">var</wf>
         <wf lemma="under" pos="X">under</wf>
         <wf lemma="opførelse" pos="X">opførelse</wf>
         <wf lemma="," pos="X">,</wf>
         <wf lemma="det" pos="X">det</wf>
         <wf lemma="lå" pos="X">lå</wf>
         <wf lemma="på" pos="X">på</wf>
         <wf lemma="en" pos="X">en</wf>
         <wf lemma="stor" pos="X">stor</wf>
         <wf lemma="," pos="X">,</wf>
         <instance id="d000.s2216.t000" lemma="bar" pos="ADJ">bar</instance>
         <wf lemma="grund" pos="X">grund</wf>
         <wf lemma="yderst" pos="X">yderst</wf>
         <wf lemma="på" pos="X">på</wf>
         <wf lemma="Rimmensalle" pos="X">Rimmensalle</wf>
         <wf lemma="." pos="X">.</wf>
      </sentence>
      <sentence id="d000.s2217" source="wordnet-danish">
         <wf lemma="man" pos="X">man</wf>
         <wf lemma="serverer" pos="X">serverer</wf>
         <wf lemma="fra" pos="X">fra</wf>
         <instance id="d000.s2217.t000" lemma="venstre" pos="NOUN">venstre</instance>
         <wf lemma="og" pos="X">og</wf>
         <wf lemma="tager" pos="X">tager</wf>
         <wf lemma="ud" pos="X">ud</wf>
         <wf lemma="fra" pos="X">fra</wf>
         <wf lemma="højre" pos="X">højre</wf>
         <wf lemma="." pos="X">.</wf>
      </sentence>
      <sentence id="d000.s2218" source="wordnet-danish">
         <wf lemma="Den" pos="X">Den</wf>
         <wf lemma="falske" pos="X">falske</wf>
         <wf lemma="julemand" pos="X">julemand</wf>
         <wf lemma="vendte" pos="X">vendte</wf>
         <wf lemma="sig" pos="X">sig</wf>
         <wf lemma="om" pos="X">om</wf>
         <wf lemma="," pos="X">,</wf>
         <wf lemma="opflammet" pos="X">opflammet</wf>
         <wf lemma="af" pos="X">af</wf>
         <wf lemma="et" pos="X">et</wf>
         <wf lemma="voldsomt" pos="X">voldsomt</wf>
         <instance id="d000.s2218.t000" lemma="raseri" pos="NOUN">raseri</instance>
         <wf lemma="og" pos="X">og</wf>
         <wf lemma="jog" pos="X">jog</wf>
         <wf lemma="en" pos="X">en</wf>
         <wf lemma="knytnæve" pos="X">knytnæve</wf>
         <wf lemma="ind" pos="X">ind</wf>
         <wf lemma="i" pos="X">i</wf>
         <wf lemma="mellemgulvet" pos="X">mellemgulvet</wf>
         <wf lemma="på" pos="X">på</wf>
         <wf lemma="lægen" pos="X">lægen</wf>
         <wf lemma="." pos="X">.</wf>
      </sentence>
      <sentence id="d000.s2219" source="wordnet-danish">
         <wf lemma="vi" pos="X">vi</wf>
         <wf lemma="kunne" pos="X">kunne</wf>
         <wf lemma="lige" pos="X">lige</wf>
         <wf lemma="nå" pos="X">nå</wf>
         <wf lemma="at" pos="X">at</wf>
         <wf lemma="kikke" pos="X">kikke</wf>
         <wf lemma="gennem" pos="X">gennem</wf>
         <wf lemma="en" pos="X">en</wf>
         <instance id="d000.s2219.t000" lemma="sprække" pos="NOUN">sprække</instance>
         <wf lemma="i" pos="X">i</wf>
         <wf lemma="gardinet" pos="X">gardinet</wf>
         <wf lemma="." pos="X">.</wf>
      </sentence>
      <sentence id="d000.s2220" source="wordnet-danish">
         <wf lemma="købmanden" pos="X">købmanden</wf>
         <wf lemma="gik" pos="X">gik</wf>
         <wf lemma="med" pos="X">med</wf>
         <wf lemma="værdig" pos="X">værdig</wf>
         <instance id="d000.s2220.t000" lemma="alvor" pos="NOUN">alvor</instance>
         <wf lemma="rundt" pos="X">rundt</wf>
         <wf lemma="og" pos="X">og</wf>
         <wf lemma="kontrollerede" pos="X">kontrollerede</wf>
         <wf lemma="," pos="X">,</wf>
         <wf lemma="at" pos="X">at</wf>
         <wf lemma="alt" pos="X">alt</wf>
         <wf lemma="gik" pos="X">gik</wf>
         <wf lemma="rigtigt" pos="X">rigtigt</wf>
         <wf lemma="til" pos="X">til</wf>
         <wf lemma="og" pos="X">og</wf>
         <wf lemma="var" pos="X">var</wf>
         <wf lemma="til" pos="X">til</wf>
         <wf lemma="kundernes" pos="X">kundernes</wf>
         <wf lemma="tilfredshed" pos="X">tilfredshed</wf>
         <wf lemma="." pos="X">.</wf>
      </sentence>
      <sentence id="d000.s2221" source="wordnet-danish">
         <wf lemma="kaptajnen" pos="X">kaptajnen</wf>
         <wf lemma="indrømmede" pos="X">indrømmede</wf>
         <wf lemma="sin" pos="X">sin</wf>
         <instance id="d000.s2221.t000" lemma="skyld" pos="NOUN">skyld</instance>
         <wf lemma="og" pos="X">og</wf>
         <wf lemma="begyndte" pos="X">begyndte</wf>
         <wf lemma="at" pos="X">at</wf>
         <wf lemma="samarbejde" pos="X">samarbejde</wf>
         <wf lemma="med" pos="X">med</wf>
         <wf lemma="anklagemyndigheden" pos="X">anklagemyndigheden</wf>
         <wf lemma="." pos="X">.</wf>
      </sentence>
      <sentence id="d000.s2222" source="wordnet-danish">
         <wf lemma="Når" pos="X">Når</wf>
         <wf lemma="du" pos="X">du</wf>
         <wf lemma="har" pos="X">har</wf>
         <wf lemma="købt" pos="X">købt</wf>
         <wf lemma="eller" pos="X">eller</wf>
         <wf lemma="lejet" pos="X">lejet</wf>
         <wf lemma="en" pos="X">en</wf>
         <wf lemma="radio" pos="X">radio</wf>
         <wf lemma="eller" pos="X">eller</wf>
         <wf lemma="et" pos="X">et</wf>
         <instance id="d000.s2222.t000" lemma="tv-apparat" pos="NOUN">tv-apparat</instance>
         <wf lemma="," pos="X">,</wf>
         <wf lemma="skal" pos="X">skal</wf>
         <wf lemma="du" pos="X">du</wf>
         <wf lemma="inden" pos="X">inden</wf>
         <wf lemma="14" pos="X">14</wf>
         <wf lemma="dage" pos="X">dage</wf>
         <wf lemma="tilmelde" pos="X">tilmelde</wf>
         <wf lemma="dig" pos="X">dig</wf>
         <wf lemma="til" pos="X">til</wf>
         <wf lemma="Licenskontoret" pos="X">Licenskontoret</wf>
         <wf lemma="." pos="X">.</wf>
      </sentence>
      <sentence id="d000.s2223" source="wordnet-danish">
         <wf lemma="Makedonien" pos="X">Makedonien</wf>
         <wf lemma="vil" pos="X">vil</wf>
         <wf lemma="gøre" pos="X">gøre</wf>
         <wf lemma="krav" pos="X">krav</wf>
         <wf lemma="på" pos="X">på</wf>
         <wf lemma="Grækenlands" pos="X">Grækenlands</wf>
         <wf lemma="makedonske" pos="X">makedonske</wf>
         <wf lemma="område" pos="X">område</wf>
         <wf lemma="," pos="X">,</wf>
         <wf lemma="og" pos="X">og</wf>
         <wf lemma="Grækenland" pos="X">Grækenland</wf>
         <wf lemma="har" pos="X">har</wf>
         <instance id="d000.s2223.t000" lemma="blokere" pos="VERB">blokeret</instance>
         <wf lemma="for" pos="X">for</wf>
         <wf lemma="anerkendelse" pos="X">anerkendelse</wf>
         <wf lemma="fra" pos="X">fra</wf>
         <wf lemma="EF" pos="X">EF</wf>
         <wf lemma="." pos="X">.</wf>
      </sentence>
      <sentence id="d000.s2224" source="wordnet-danish">
         <wf lemma="Har" pos="X">Har</wf>
         <wf lemma="man" pos="X">man</wf>
         <instance id="d000.s2224.t000" lemma="tendens" pos="NOUN">tendens</instance>
         <wf lemma="til" pos="X">til</wf>
         <wf lemma="oppustet" pos="X">oppustet</wf>
         <wf lemma="mave" pos="X">mave</wf>
         <wf lemma="," pos="X">,</wf>
         <wf lemma="er" pos="X">er</wf>
         <wf lemma="Løvstikke" pos="X">Løvstikke</wf>
         <wf lemma="et" pos="X">et</wf>
         <wf lemma="godt" pos="X">godt</wf>
         <wf lemma="hverdagskrydderi" pos="X">hverdagskrydderi</wf>
         <wf lemma="." pos="X">.</wf>
      </sentence>
      <sentence id="d000.s2225" source="wordnet-danish">
         <wf lemma="Den" pos="X">Den</wf>
         <wf lemma="internationalt" pos="X">internationalt</wf>
         <wf lemma="kendte" pos="X">kendte</wf>
         <wf lemma="højttalerfabrik" pos="X">højttalerfabrik</wf>
         <wf lemma="Jamo" pos="X">Jamo</wf>
         <instance id="d000.s2225.t000" lemma="eksportere" pos="VERB">eksporterer</instance>
         <wf lemma="sine" pos="X">sine</wf>
         <wf lemma="produkter" pos="X">produkter</wf>
         <wf lemma="til" pos="X">til</wf>
         <wf lemma="hele" pos="X">hele</wf>
         <wf lemma="verden" pos="X">verden</wf>
         <wf lemma="." pos="X">.</wf>
      </sentence>
      <sentence id="d000.s2226" source="wordnet-danish">
         <wf lemma="Jeg" pos="X">Jeg</wf>
         <wf lemma="er" pos="X">er</wf>
         <wf lemma="blevet" pos="X">blevet</wf>
         <instance id="d000.s2226.t000" lemma="helbrede" pos="VERB">helbredt</instance>
         <wf lemma="for" pos="X">for</wf>
         <wf lemma="Hodgkins" pos="X">Hodgkins</wf>
         <wf lemma="sygdom" pos="X">sygdom</wf>
         <wf lemma="med" pos="X">med</wf>
         <wf lemma="kemoterapi" pos="X">kemoterapi</wf>
         <wf lemma="og" pos="X">og</wf>
         <wf lemma="stråler" pos="X">stråler</wf>
         <wf lemma="." pos="X">.</wf>
      </sentence>
      <sentence id="d000.s2227" source="wordnet-danish">
         <wf lemma="En" pos="X">En</wf>
         <wf lemma="del" pos="X">del</wf>
         <wf lemma="af" pos="X">af</wf>
         <wf lemma="tidens" pos="X">tidens</wf>
         <wf lemma="bryllupper" pos="X">bryllupper</wf>
         <wf lemma="blev" pos="X">blev</wf>
         <wf lemma="hurtigt" pos="X">hurtigt</wf>
         <wf lemma="arrangeret" pos="X">arrangeret</wf>
         <wf lemma="," pos="X">,</wf>
         <wf lemma="fordi" pos="X">fordi</wf>
         <wf lemma="kvinden" pos="X">kvinden</wf>
         <wf lemma="var" pos="X">var</wf>
         <wf lemma="gravid" pos="X">gravid</wf>
         <wf lemma="." pos="X">.</wf>
         <wf lemma="For" pos="X">For</wf>
         <wf lemma="en" pos="X">en</wf>
         <wf lemma="pige" pos="X">pige</wf>
         <wf lemma="var" pos="X">var</wf>
         <wf lemma="det" pos="X">det</wf>
         <wf lemma="nemlig" pos="X">nemlig</wf>
         <wf lemma="en" pos="X">en</wf>
         <instance id="d000.s2227.t000" lemma="katastrofe" pos="NOUN">katastrofe</instance>
         <wf lemma="at" pos="X">at</wf>
         <wf lemma="føde" pos="X">føde</wf>
         <wf lemma="et" pos="X">et</wf>
         <wf lemma="barn" pos="X">barn</wf>
         <wf lemma="uden" pos="X">uden</wf>
         <wf lemma="at" pos="X">at</wf>
         <wf lemma="være" pos="X">være</wf>
         <wf lemma="gift" pos="X">gift</wf>
         <wf lemma="." pos="X">.</wf>
      </sentence>
      <sentence id="d000.s2228" source="wordnet-danish">
         <wf lemma="En" pos="X">En</wf>
         <wf lemma="lille" pos="X">lille</wf>
         <wf lemma="griseunge" pos="X">griseunge</wf>
         <wf lemma="er" pos="X">er</wf>
         <wf lemma="nær" pos="X">nær</wf>
         <wf lemma="ved" pos="X">ved</wf>
         <wf lemma="at" pos="X">at</wf>
         <wf lemma="blive" pos="X">blive</wf>
         <instance id="d000.s2228.t000" lemma="bide" pos="VERB">bidt</instance>
         <wf lemma="ihjel" pos="X">ihjel</wf>
         <wf lemma="af" pos="X">af</wf>
         <wf lemma="sin" pos="X">sin</wf>
         <wf lemma="mor" pos="X">mor</wf>
         <wf lemma="," pos="X">,</wf>
         <wf lemma="da" pos="X">da</wf>
         <wf lemma="Emil" pos="X">Emil</wf>
         <wf lemma="griber" pos="X">griber</wf>
         <wf lemma="ind" pos="X">ind</wf>
         <wf lemma="." pos="X">.</wf>
      </sentence>
      <sentence id="d000.s2229" source="wordnet-danish">
         <wf lemma="den" pos="X">den</wf>
         <wf lemma="godt" pos="X">godt</wf>
         <wf lemma="100" pos="X">100</wf>
         <wf lemma="år" pos="X">år</wf>
         <wf lemma="gamle" pos="X">gamle</wf>
         <instance id="d000.s2229.t000" lemma="karré" pos="NOUN">karré</instance>
         <wf lemma=".." pos="X">..</wf>
         <wf lemma="afgrænses" pos="X">afgrænses</wf>
         <wf lemma="af" pos="X">af</wf>
         <wf lemma="Guldbergsgade" pos="X">Guldbergsgade</wf>
         <wf lemma="," pos="X">,</wf>
         <wf lemma="Elmegade" pos="X">Elmegade</wf>
         <wf lemma="," pos="X">,</wf>
         <wf lemma="Egegade" pos="X">Egegade</wf>
         <wf lemma="og" pos="X">og</wf>
         <wf lemma="Birkegade" pos="X">Birkegade</wf>
         <wf lemma="." pos="X">.</wf>
      </sentence>
      <sentence id="d000.s2230" source="wordnet-danish">
         <wf lemma="'" pos="X">'</wf>
         <wf lemma="Danser" pos="X">Danser</wf>
         <wf lemma="med" pos="X">med</wf>
         <wf lemma="ulve'" pos="X">ulve'</wf>
         <wf lemma="blev" pos="X">blev</wf>
         <instance id="d000.s2230.t000" lemma="belønne" pos="VERB">belønnet</instance>
         <wf lemma="med" pos="X">med</wf>
         <wf lemma="indtil" pos="X">indtil</wf>
         <wf lemma="flere" pos="X">flere</wf>
         <wf lemma="Oscars" pos="X">Oscars</wf>
         <wf lemma="." pos="X">.</wf>
      </sentence>
      <sentence id="d000.s2231" source="wordnet-danish">
         <wf lemma="Galleriet" pos="X">Galleriet</wf>
         <wf lemma="har" pos="X">har</wf>
         <instance id="d000.s2231.t000" lemma="permanent" pos="ADJ">permanente</instance>
         <wf lemma="og" pos="X">og</wf>
         <wf lemma="vekslende" pos="X">vekslende</wf>
         <wf lemma="udstillinger" pos="X">udstillinger</wf>
         <wf lemma="." pos="X">.</wf>
      </sentence>
      <sentence id="d000.s2232" source="wordnet-danish">
         <wf lemma="Generalforsamlingen" pos="X">Generalforsamlingen</wf>
         <wf lemma="er" pos="X">er</wf>
         <wf lemma="foreningens" pos="X">foreningens</wf>
         <wf lemma="højeste" pos="X">højeste</wf>
         <instance id="d000.s2232.t000" lemma="myndighed" pos="NOUN">myndighed</instance>
         <wf lemma="." pos="X">.</wf>
      </sentence>
      <sentence id="d000.s2233" source="wordnet-danish">
         <wf lemma="forlagsdirektøren" pos="X">forlagsdirektøren</wf>
         <wf lemma="begik" pos="X">begik</wf>
         <wf lemma="det" pos="X">det</wf>
         <wf lemma="tillidsbrud" pos="X">tillidsbrud</wf>
         <wf lemma="at" pos="X">at</wf>
         <wf lemma="afsløre" pos="X">afsløre</wf>
         <wf lemma="," pos="X">,</wf>
         <wf lemma="at" pos="X">at</wf>
         <wf lemma="der" pos="X">der</wf>
         <wf lemma="var" pos="X">var</wf>
         <wf lemma="forlangt" pos="X">forlangt</wf>
         <instance id="d000.s2233.t000" lemma="ændring" pos="NOUN">ændringer</instance>
         <wf lemma="i" pos="X">i</wf>
         <wf lemma="et" pos="X">et</wf>
         <wf lemma="manuskript" pos="X">manuskript</wf>
         <wf lemma="." pos="X">.</wf>
      </sentence>
      <sentence id="d000.s2234" source="wordnet-danish">
         <wf lemma="inden" pos="X">inden</wf>
         <wf lemma="optagelserne" pos="X">optagelserne</wf>
         <wf lemma="[har" pos="X">[har</wf>
         <wf lemma="han]" pos="X">han]</wf>
         <wf lemma="nøje" pos="X">nøje</wf>
         <wf lemma="tilrettelagt" pos="X">tilrettelagt</wf>
         <wf lemma="en" pos="X">en</wf>
         <wf lemma="række" pos="X">række</wf>
         <wf lemma="korte" pos="X">korte</wf>
         <instance id="d000.s2234.t000" lemma="sekvens" pos="NOUN">sekvenser</instance>
         <wf lemma="," pos="X">,</wf>
         <wf lemma="som" pos="X">som</wf>
         <wf lemma="han" pos="X">han</wf>
         <wf lemma="senere" pos="X">senere</wf>
         <wf lemma="klipper" pos="X">klipper</wf>
         <wf lemma="sammen" pos="X">sammen</wf>
         <wf lemma="." pos="X">.</wf>
      </sentence>
      <sentence id="d000.s2235" source="wordnet-danish">
         <wf lemma="Politiet" pos="X">Politiet</wf>
         <wf lemma="var" pos="X">var</wf>
         <wf lemma="i" pos="X">i</wf>
         <wf lemma="højeste" pos="X">højeste</wf>
         <wf lemma="alarmberedskab" pos="X">alarmberedskab</wf>
         <wf lemma="," pos="X">,</wf>
         <wf lemma="da" pos="X">da</wf>
         <wf lemma="paven" pos="X">paven</wf>
         <instance id="d000.s2235.t000" lemma="lande" pos="VERB">landede</instance>
         <wf lemma="i" pos="X">i</wf>
         <wf lemma="Værløse" pos="X">Værløse</wf>
         <wf lemma="." pos="X">.</wf>
      </sentence>
      <sentence id="d000.s2236" source="wordnet-danish">
         <wf lemma="Han" pos="X">Han</wf>
         <wf lemma="bandt" pos="X">bandt</wf>
         <instance id="d000.s2236.t000" lemma="slips" pos="NOUN">slipset</instance>
         <wf lemma="foran" pos="X">foran</wf>
         <wf lemma="spejlet" pos="X">spejlet</wf>
         <wf lemma="." pos="X">.</wf>
      </sentence>
      <sentence id="d000.s2237" source="wordnet-danish">
         <wf lemma="som" pos="X">som</wf>
         <wf lemma="voksen" pos="X">voksen</wf>
         <wf lemma="får" pos="X">får</wf>
         <wf lemma="[hun]" pos="X">[hun]</wf>
         <wf lemma="en" pos="X">en</wf>
         <wf lemma="alvorlig" pos="X">alvorlig</wf>
         <wf lemma="depression" pos="X">depression</wf>
         <wf lemma="og" pos="X">og</wf>
         <wf lemma="kommer" pos="X">kommer</wf>
         <wf lemma="i" pos="X">i</wf>
         <instance id="d000.s2237.t000" lemma="analyse" pos="NOUN">analyse</instance>
         <wf lemma="." pos="X">.</wf>
      </sentence>
      <sentence id="d000.s2238" source="wordnet-danish">
         <instance id="d000.s2238.t000" lemma="anmodning" pos="NOUN">Anmodning</instance>
         <wf lemma="om" pos="X">om</wf>
         <wf lemma="sygebesøg" pos="X">sygebesøg</wf>
         <wf lemma="sker" pos="X">sker</wf>
         <wf lemma="telefonisk" pos="X">telefonisk</wf>
         <wf lemma="mellem" pos="X">mellem</wf>
         <wf lemma="kl." pos="X">kl.</wf>
         <wf lemma="8.00" pos="X">8.00</wf>
         <wf lemma="og" pos="X">og</wf>
         <wf lemma="9.00" pos="X">9.00</wf>
         <wf lemma="mandag" pos="X">mandag</wf>
         <wf lemma="til" pos="X">til</wf>
         <wf lemma="fredag" pos="X">fredag</wf>
         <wf lemma="." pos="X">.</wf>
      </sentence>
      <sentence id="d000.s2239" source="wordnet-danish">
         <wf lemma="Christian" pos="X">Christian</wf>
         <wf lemma="havde" pos="X">havde</wf>
         <wf lemma="været" pos="X">været</wf>
         <wf lemma="lensmanden" pos="X">lensmanden</wf>
         <wf lemma="en" pos="X">en</wf>
         <wf lemma="særdeles" pos="X">særdeles</wf>
         <wf lemma="god" pos="X">god</wf>
         <wf lemma="og" pos="X">og</wf>
         <instance id="d000.s2239.t000" lemma="tro" pos="ADJ">tro</instance>
         <wf lemma="tjener" pos="X">tjener</wf>
         <wf lemma="." pos="X">.</wf>
      </sentence>
      <sentence id="d000.s2240" source="wordnet-danish">
         <wf lemma="en" pos="X">en</wf>
         <wf lemma="høstvogn" pos="X">høstvogn</wf>
         <wf lemma="med" pos="X">med</wf>
         <wf lemma="fuldt" pos="X">fuldt</wf>
         <instance id="d000.s2240.t000" lemma="læs" pos="NOUN">læs</instance>
         <wf lemma="skramlede" pos="X">skramlede</wf>
         <wf lemma="ind" pos="X">ind</wf>
         <wf lemma="på" pos="X">på</wf>
         <wf lemma="gårdspladsen" pos="X">gårdspladsen</wf>
         <wf lemma="." pos="X">.</wf>
      </sentence>
      <sentence id="d000.s2241" source="wordnet-danish">
         <wf lemma="Hele" pos="X">Hele</wf>
         <wf lemma="hendes" pos="X">hendes</wf>
         <wf lemma="kropssprog" pos="X">kropssprog</wf>
         <wf lemma="signalerede" pos="X">signalerede</wf>
         <wf lemma="en" pos="X">en</wf>
         <instance id="d000.s2241.t000" lemma="tilbageholdenhed" pos="NOUN">tilbageholdenhed</instance>
         <wf lemma="," pos="X">,</wf>
         <wf lemma="som" pos="X">som</wf>
         <wf lemma="gav" pos="X">gav</wf>
         <wf lemma="et" pos="X">et</wf>
         <wf lemma="meget" pos="X">meget</wf>
         <wf lemma="blufærdigt" pos="X">blufærdigt</wf>
         <wf lemma="indtryk" pos="X">indtryk</wf>
         <wf lemma="." pos="X">.</wf>
      </sentence>
      <sentence id="d000.s2242" source="wordnet-danish">
         <instance id="d000.s2242.t000" lemma="spædbarn" pos="NOUN">Spædbarnet</instance>
         <wf lemma="ser" pos="X">ser</wf>
         <wf lemma="efter" pos="X">efter</wf>
         <wf lemma="moderens" pos="X">moderens</wf>
         <wf lemma="bryst" pos="X">bryst</wf>
         <wf lemma="og" pos="X">og</wf>
         <wf lemma="efter" pos="X">efter</wf>
         <wf lemma="øjnene" pos="X">øjnene</wf>
         <wf lemma="hos" pos="X">hos</wf>
         <wf lemma="den" pos="X">den</wf>
         <wf lemma="der" pos="X">der</wf>
         <wf lemma="er" pos="X">er</wf>
         <wf lemma="sammen" pos="X">sammen</wf>
         <wf lemma="med" pos="X">med</wf>
         <wf lemma="det" pos="X">det</wf>
         <wf lemma="." pos="X">.</wf>
      </sentence>
      <sentence id="d000.s2243" source="wordnet-danish">
         <wf lemma="vinkelsummen" pos="X">vinkelsummen</wf>
         <wf lemma="i" pos="X">i</wf>
         <wf lemma="en" pos="X">en</wf>
         <instance id="d000.s2243.t000" lemma="trekant" pos="NOUN">trekant</instance>
         <wf lemma="er" pos="X">er</wf>
         <wf lemma="180" pos="X">180</wf>
         <wf lemma="°." pos="X">°.</wf>
      </sentence>
      <sentence id="d000.s2244" source="wordnet-danish">
         <wf lemma="Nu" pos="X">Nu</wf>
         <wf lemma="ville" pos="X">ville</wf>
         <wf lemma="hun" pos="X">hun</wf>
         <wf lemma="få" pos="X">få</wf>
         <wf lemma="mulighed" pos="X">mulighed</wf>
         <wf lemma="for" pos="X">for</wf>
         <wf lemma="at" pos="X">at</wf>
         <wf lemma="rejse" pos="X">rejse</wf>
         <wf lemma="ud" pos="X">ud</wf>
         <wf lemma="og" pos="X">og</wf>
         <wf lemma="se" pos="X">se</wf>
         <wf lemma="fremmede" pos="X">fremmede</wf>
         <wf lemma="lande" pos="X">lande</wf>
         <wf lemma="og" pos="X">og</wf>
         <wf lemma="opleve" pos="X">opleve</wf>
         <wf lemma="nye" pos="X">nye</wf>
         <wf lemma="skikke" pos="X">skikke</wf>
         <wf lemma="," pos="X">,</wf>
         <instance id="d000.s2244.t000" lemma="smage" pos="VERB">smage</instance>
         <wf lemma="eksotiske" pos="X">eksotiske</wf>
         <wf lemma="madretter" pos="X">madretter</wf>
         <wf lemma="." pos="X">.</wf>
      </sentence>
      <sentence id="d000.s2245" source="wordnet-danish">
         <wf lemma="Damiani" pos="X">Damiani</wf>
         <wf lemma=".." pos="X">..</wf>
         <wf lemma="veg" pos="X">veg</wf>
         <wf lemma="ikke" pos="X">ikke</wf>
         <wf lemma="fra" pos="X">fra</wf>
         <wf lemma="kuvøsen" pos="X">kuvøsen</wf>
         <wf lemma="med" pos="X">med</wf>
         <wf lemma="den" pos="X">den</wf>
         <wf lemma="lille" pos="X">lille</wf>
         <wf lemma="pige" pos="X">pige</wf>
         <wf lemma="de" pos="X">de</wf>
         <wf lemma="første" pos="X">første</wf>
         <instance id="d000.s2245.t000" lemma="kritisk" pos="ADJ">kritiske</instance>
         <wf lemma="dage" pos="X">dage</wf>
         <wf lemma="." pos="X">.</wf>
      </sentence>
      <sentence id="d000.s2246" source="wordnet-danish">
         <wf lemma="en" pos="X">en</wf>
         <wf lemma="god" pos="X">god</wf>
         <wf lemma="hvidvin" pos="X">hvidvin</wf>
         <wf lemma="er" pos="X">er</wf>
         <wf lemma="mindst" pos="X">mindst</wf>
         <wf lemma="lige" pos="X">lige</wf>
         <wf lemma="så" pos="X">så</wf>
         <wf lemma="dyr" pos="X">dyr</wf>
         <wf lemma="i" pos="X">i</wf>
         <instance id="d000.s2246.t000" lemma="fremstilling" pos="NOUN">fremstilling</instance>
         <wf lemma="som" pos="X">som</wf>
         <wf lemma="de" pos="X">de</wf>
         <wf lemma="allerfineste" pos="X">allerfineste</wf>
         <wf lemma="rødvine" pos="X">rødvine</wf>
         <wf lemma="." pos="X">.</wf>
      </sentence>
      <sentence id="d000.s2247" source="wordnet-danish">
         <wf lemma="Loven" pos="X">Loven</wf>
         <wf lemma="skulle" pos="X">skulle</wf>
         <wf lemma="fremme" pos="X">fremme</wf>
         <instance id="d000.s2247.t000" lemma="overgang" pos="NOUN">overgangen</instance>
         <wf lemma="fra" pos="X">fra</wf>
         <wf lemma="individuel" pos="X">individuel</wf>
         <wf lemma="til" pos="X">til</wf>
         <wf lemma="kollektiv" pos="X">kollektiv</wf>
         <wf lemma="varmeforsyning" pos="X">varmeforsyning</wf>
         <wf lemma="." pos="X">.</wf>
      </sentence>
      <sentence id="d000.s2248" source="wordnet-danish">
         <wf lemma="Til" pos="X">Til</wf>
         <wf lemma="den" pos="X">den</wf>
         <wf lemma="danske" pos="X">danske</wf>
         <wf lemma="brunch" pos="X">brunch</wf>
         <wf lemma="vil" pos="X">vil</wf>
         <wf lemma="jeg" pos="X">jeg</wf>
         <wf lemma="foreslå" pos="X">foreslå</wf>
         <instance id="d000.s2248.t000" lemma="bacon" pos="NOUN">bacon</instance>
         <wf lemma="med" pos="X">med</wf>
         <wf lemma="spejlæg" pos="X">spejlæg</wf>
         <wf lemma="og/eller" pos="X">og/eller</wf>
         <wf lemma="røræg" pos="X">røræg</wf>
         <wf lemma="." pos="X">.</wf>
      </sentence>
      <sentence id="d000.s2249" source="wordnet-danish">
         <wf lemma="Som" pos="X">Som</wf>
         <wf lemma="abonnent" pos="X">abonnent</wf>
         <wf lemma="får" pos="X">får</wf>
         <wf lemma="du" pos="X">du</wf>
         <wf lemma="Jyllands-Posten" pos="X">Jyllands-Posten</wf>
         <wf lemma="ind" pos="X">ind</wf>
         <wf lemma="ad" pos="X">ad</wf>
         <wf lemma="brevsprækken" pos="X">brevsprækken</wf>
         <wf lemma="hver" pos="X">hver</wf>
         <wf lemma="morgen" pos="X">morgen</wf>
         <wf lemma="før" pos="X">før</wf>
         <wf lemma="kl." pos="X">kl.</wf>
         <wf lemma="7.00" pos="X">7.00</wf>
         <wf lemma="(" pos="X">(</wf>
         <wf lemma="med" pos="X">med</wf>
         <wf lemma="enkelte" pos="X">enkelte</wf>
         <wf lemma="undtagelser" pos="X">undtagelser</wf>
         <wf lemma="i" pos="X">i</wf>
         <wf lemma="yderzoner" pos="X">yderzoner</wf>
         <wf lemma="," pos="X">,</wf>
         <wf lemma="hvor" pos="X">hvor</wf>
         <wf lemma="avisen" pos="X">avisen</wf>
         <instance id="d000.s2249.t000" lemma="levere" pos="VERB">leveres</instance>
         <wf lemma="pr." pos="X">pr.</wf>
         <wf lemma="post" pos="X">post</wf>
         <wf lemma=")" pos="X">)</wf>
         <wf lemma="." pos="X">.</wf>
      </sentence>
      <sentence id="d000.s2250" source="wordnet-danish">
         <wf lemma="Venstrefløjen" pos="X">Venstrefløjen</wf>
         <wf lemma="erobrer" pos="X">erobrer</wf>
         <wf lemma="ifølge" pos="X">ifølge</wf>
         <wf lemma="Observas" pos="X">Observas</wf>
         <wf lemma="seneste" pos="X">seneste</wf>
         <instance id="d000.s2250.t000" lemma="meningsmåling" pos="NOUN">meningsmålinger</instance>
         <wf lemma="88" pos="X">88</wf>
         <wf lemma="mandater" pos="X">mandater</wf>
         <wf lemma="i" pos="X">i</wf>
         <wf lemma="Folketinget" pos="X">Folketinget</wf>
         <wf lemma="--" pos="X">--</wf>
         <wf lemma="mod" pos="X">mod</wf>
         <wf lemma="de" pos="X">de</wf>
         <wf lemma="borgerliges" pos="X">borgerliges</wf>
         <wf lemma="87." pos="X">87.</wf>
      </sentence>
      <sentence id="d000.s2251" source="wordnet-danish">
         <wf lemma="hvirveldyr" pos="X">hvirveldyr</wf>
         <wf lemma=".." pos="X">..</wf>
         <wf lemma="ernærer" pos="X">ernærer</wf>
         <wf lemma="sig" pos="X">sig</wf>
         <wf lemma="med" pos="X">med</wf>
         <wf lemma="få" pos="X">få</wf>
         <instance id="d000.s2251.t000" lemma="undtagelse" pos="NOUN">undtagelser</instance>
         <wf lemma="som" pos="X">som</wf>
         <wf lemma="græsædere" pos="X">græsædere</wf>
         <wf lemma="eller" pos="X">eller</wf>
         <wf lemma="rovdyr" pos="X">rovdyr</wf>
         <wf lemma="." pos="X">.</wf>
      </sentence>
      <sentence id="d000.s2252" source="wordnet-danish">
         <wf lemma="Selv" pos="X">Selv</wf>
         <wf lemma="om" pos="X">om</wf>
         <wf lemma="det" pos="X">det</wf>
         <wf lemma="enkelte" pos="X">enkelte</wf>
         <wf lemma="gange" pos="X">gange</wf>
         <wf lemma="kan" pos="X">kan</wf>
         <wf lemma="koste" pos="X">koste</wf>
         <wf lemma="op" pos="X">op</wf>
         <wf lemma="mod" pos="X">mod</wf>
         <wf lemma="100.000" pos="X">100.000</wf>
         <wf lemma="kr." pos="X">kr.</wf>
         <wf lemma="at" pos="X">at</wf>
         <wf lemma="få" pos="X">få</wf>
         <instance id="d000.s2252.t000" lemma="patentret" pos="NOUN">patentretten</instance>
         <wf lemma="," pos="X">,</wf>
         <wf lemma="vurderer" pos="X">vurderer</wf>
         <wf lemma="man" pos="X">man</wf>
         <wf lemma="i" pos="X">i</wf>
         <wf lemma="patentagent-foreningen" pos="X">patentagent-foreningen</wf>
         <wf lemma="," pos="X">,</wf>
         <wf lemma="at" pos="X">at</wf>
         <wf lemma="det" pos="X">det</wf>
         <wf lemma="generelt" pos="X">generelt</wf>
         <wf lemma="godt" pos="X">godt</wf>
         <wf lemma="kan" pos="X">kan</wf>
         <wf lemma="betale" pos="X">betale</wf>
         <wf lemma="sig" pos="X">sig</wf>
         <wf lemma="at" pos="X">at</wf>
         <wf lemma="få" pos="X">få</wf>
         <wf lemma="eneretten" pos="X">eneretten</wf>
         <wf lemma="til" pos="X">til</wf>
         <wf lemma="en" pos="X">en</wf>
         <wf lemma="ny" pos="X">ny</wf>
         <wf lemma="opfindelse" pos="X">opfindelse</wf>
         <wf lemma="." pos="X">.</wf>
      </sentence>
      <sentence id="d000.s2253" source="wordnet-danish">
         <wf lemma="Jeg" pos="X">Jeg</wf>
         <wf lemma="er" pos="X">er</wf>
         <wf lemma=".." pos="X">..</wf>
         <wf lemma="ikke" pos="X">ikke</wf>
         <wf lemma="tilhænger" pos="X">tilhænger</wf>
         <wf lemma="af" pos="X">af</wf>
         <wf lemma="ideer" pos="X">ideer</wf>
         <wf lemma="om" pos="X">om</wf>
         <wf lemma="generelt" pos="X">generelt</wf>
         <instance id="d000.s2253.t000" lemma="forbud" pos="NOUN">forbud</instance>
         <wf lemma="mod" pos="X">mod</wf>
         <wf lemma="alkohol" pos="X">alkohol</wf>
         <wf lemma="på" pos="X">på</wf>
         <wf lemma="arbejdspladsen" pos="X">arbejdspladsen</wf>
         <wf lemma="." pos="X">.</wf>
      </sentence>
      <sentence id="d000.s2254" source="wordnet-danish">
         <wf lemma="nu" pos="X">nu</wf>
         <wf lemma="så" pos="X">så</wf>
         <wf lemma="han" pos="X">han</wf>
         <wf lemma="," pos="X">,</wf>
         <wf lemma="at" pos="X">at</wf>
         <wf lemma="der" pos="X">der</wf>
         <wf lemma="også" pos="X">også</wf>
         <wf lemma="var" pos="X">var</wf>
         <wf lemma="et" pos="X">et</wf>
         <wf lemma="bogstav" pos="X">bogstav</wf>
         <wf lemma="vævet" pos="X">vævet</wf>
         <wf lemma="ind" pos="X">ind</wf>
         <wf lemma="i" pos="X">i</wf>
         <wf lemma="det" pos="X">det</wf>
         <wf lemma="sindrige" pos="X">sindrige</wf>
         <instance id="d000.s2254.t000" lemma="mønster" pos="NOUN">mønster</instance>
         <wf lemma="i" pos="X">i</wf>
         <wf lemma="tæppet" pos="X">tæppet</wf>
         <wf lemma="." pos="X">.</wf>
         <wf lemma="Et" pos="X">Et</wf>
         <wf lemma="stort" pos="X">stort</wf>
         <wf lemma="I." pos="X">I.</wf>
      </sentence>
      <sentence id="d000.s2255" source="wordnet-danish">
         <wf lemma="de" pos="X">de</wf>
         <wf lemma="i" pos="X">i</wf>
         <wf lemma="forvejen" pos="X">forvejen</wf>
         <wf lemma="dystre" pos="X">dystre</wf>
         <wf lemma="udsigter" pos="X">udsigter</wf>
         <wf lemma="for" pos="X">for</wf>
         <wf lemma="dansk" pos="X">dansk</wf>
         <wf lemma="økonomi" pos="X">økonomi</wf>
         <wf lemma="er" pos="X">er</wf>
         <wf lemma="blevet" pos="X">blevet</wf>
         <wf lemma="værre" pos="X">værre</wf>
         <instance id="d000.s2255.t000" lemma="dag" pos="NOUN">dag</instance>
         <wf lemma="for" pos="X">for</wf>
         <wf lemma="dag" pos="X">dag</wf>
         <wf lemma="." pos="X">.</wf>
      </sentence>
      <sentence id="d000.s2256" source="wordnet-danish">
         <wf lemma="En" pos="X">En</wf>
         <wf lemma="solstråle" pos="X">solstråle</wf>
         <instance id="d000.s2256.t000" lemma="reflektere" pos="VERB">reflekteredes</instance>
         <wf lemma="i" pos="X">i</wf>
         <wf lemma="et" pos="X">et</wf>
         <wf lemma="åbentstående" pos="X">åbentstående</wf>
         <wf lemma="vindue" pos="X">vindue</wf>
         <wf lemma="i" pos="X">i</wf>
         <wf lemma="huset" pos="X">huset</wf>
         <wf lemma="overfor" pos="X">overfor</wf>
         <wf lemma="og" pos="X">og</wf>
         <wf lemma="ramte" pos="X">ramte</wf>
         <wf lemma="ham" pos="X">ham</wf>
         <wf lemma="i" pos="X">i</wf>
         <wf lemma="øjnene" pos="X">øjnene</wf>
         <wf lemma="." pos="X">.</wf>
      </sentence>
      <sentence id="d000.s2257" source="wordnet-danish">
         <wf lemma="Et" pos="X">Et</wf>
         <wf lemma="DSB-lokomotiv" pos="X">DSB-lokomotiv</wf>
         <wf lemma="med" pos="X">med</wf>
         <wf lemma="tomme" pos="X">tomme</wf>
         <wf lemma="passagervogne" pos="X">passagervogne</wf>
         <wf lemma="røg" pos="X">røg</wf>
         <wf lemma="onsdag" pos="X">onsdag</wf>
         <wf lemma="eftermiddag" pos="X">eftermiddag</wf>
         <wf lemma="af" pos="X">af</wf>
         <instance id="d000.s2257.t000" lemma="spor" pos="NOUN">sporet</instance>
         <wf lemma="ved" pos="X">ved</wf>
         <wf lemma="den" pos="X">den</wf>
         <wf lemma="gamle" pos="X">gamle</wf>
         <wf lemma="lyntogs-remise" pos="X">lyntogs-remise</wf>
         <wf lemma="." pos="X">.</wf>
      </sentence>
      <sentence id="d000.s2258" source="wordnet-danish">
         <wf lemma="reklamebranchen" pos="X">reklamebranchen</wf>
         <wf lemma="arbejder" pos="X">arbejder</wf>
         <wf lemma="med" pos="X">med</wf>
         <wf lemma="visuelle" pos="X">visuelle</wf>
         <wf lemma="meddelelsers" pos="X">meddelelsers</wf>
         <instance id="d000.s2258.t000" lemma="appel" pos="NOUN">appel</instance>
         <wf lemma="." pos="X">.</wf>
      </sentence>
      <sentence id="d000.s2259" source="wordnet-danish">
         <wf lemma="min" pos="X">min</wf>
         <wf lemma="genbo" pos="X">genbo</wf>
         <wf lemma="," pos="X">,</wf>
         <wf lemma="han" pos="X">han</wf>
         <wf lemma="har" pos="X">har</wf>
         <wf lemma="lige" pos="X">lige</wf>
         <instance id="d000.s2259.t000" lemma="få" pos="VERB">fået</instance>
         <wf lemma="ny" pos="X">ny</wf>
         <wf lemma="bil" pos="X">bil</wf>
         <wf lemma="." pos="X">.</wf>
      </sentence>
      <sentence id="d000.s2260" source="wordnet-danish">
         <wf lemma="Jeg" pos="X">Jeg</wf>
         <wf lemma="ser" pos="X">ser</wf>
         <instance id="d000.s2260.t000" lemma="rædsom" pos="ADJ">rædsom</instance>
         <wf lemma="ud" pos="X">ud</wf>
         <wf lemma="i" pos="X">i</wf>
         <wf lemma="gråt" pos="X">gråt</wf>
         <wf lemma="." pos="X">.</wf>
      </sentence>
      <sentence id="d000.s2261" source="wordnet-danish">
         <wf lemma="To" pos="X">To</wf>
         <wf lemma="hundrede" pos="X">hundrede</wf>
         <wf lemma="millioner" pos="X">millioner</wf>
         <wf lemma="liter" pos="X">liter</wf>
         <wf lemma="krystalklart" pos="X">krystalklart</wf>
         <wf lemma="drikkevand" pos="X">drikkevand</wf>
         <wf lemma="forsvinder" pos="X">forsvinder</wf>
         <wf lemma="hver" pos="X">hver</wf>
         <wf lemma="dag" pos="X">dag</wf>
         <wf lemma="ud" pos="X">ud</wf>
         <wf lemma="i" pos="X">i</wf>
         <instance id="d000.s2261.t000" lemma="afløb" pos="NOUN">afløbet</instance>
         <wf lemma="," pos="X">,</wf>
         <wf lemma="når" pos="X">når</wf>
         <wf lemma="danskerne" pos="X">danskerne</wf>
         <wf lemma="går" pos="X">går</wf>
         <wf lemma="på" pos="X">på</wf>
         <wf lemma="toilettet" pos="X">toilettet</wf>
         <wf lemma="." pos="X">.</wf>
      </sentence>
      <sentence id="d000.s2262" source="wordnet-danish">
         <wf lemma="Inde" pos="X">Inde</wf>
         <wf lemma="i" pos="X">i</wf>
         <wf lemma="skabet" pos="X">skabet</wf>
         <wf lemma="opbevaredes" pos="X">opbevaredes</wf>
         <wf lemma="de" pos="X">de</wf>
         <wf lemma="pilsnere" pos="X">pilsnere</wf>
         <wf lemma="," pos="X">,</wf>
         <wf lemma="som" pos="X">som</wf>
         <wf lemma="særligt" pos="X">særligt</wf>
         <instance id="d000.s2262.t000" lemma="udvælge" pos="VERB">udvalgte</instance>
         <wf lemma="kunder" pos="X">kunder</wf>
         <wf lemma="fik" pos="X">fik</wf>
         <wf lemma="lov" pos="X">lov</wf>
         <wf lemma="til" pos="X">til</wf>
         <wf lemma="at" pos="X">at</wf>
         <wf lemma="købe" pos="X">købe</wf>
         <wf lemma="." pos="X">.</wf>
      </sentence>
      <sentence id="d000.s2263" source="wordnet-danish">
         <wf lemma="Jeg" pos="X">Jeg</wf>
         <wf lemma="blev" pos="X">blev</wf>
         <wf lemma="ramt" pos="X">ramt</wf>
         <wf lemma="på" pos="X">på</wf>
         <instance id="d000.s2263.t000" lemma="øre" pos="NOUN">øret</instance>
         <wf lemma="forleden" pos="X">forleden</wf>
         <wf lemma="aften" pos="X">aften</wf>
         <wf lemma="af" pos="X">af</wf>
         <wf lemma="bolden" pos="X">bolden</wf>
         <wf lemma="," pos="X">,</wf>
         <wf lemma="da" pos="X">da</wf>
         <wf lemma="jeg" pos="X">jeg</wf>
         <wf lemma="spillede" pos="X">spillede</wf>
         <wf lemma="håndbold" pos="X">håndbold</wf>
         <wf lemma="," pos="X">,</wf>
         <wf lemma="og" pos="X">og</wf>
         <wf lemma="siden" pos="X">siden</wf>
         <wf lemma="har" pos="X">har</wf>
         <wf lemma="jeg" pos="X">jeg</wf>
         <wf lemma="ikke" pos="X">ikke</wf>
         <wf lemma="hørt" pos="X">hørt</wf>
         <wf lemma="så" pos="X">så</wf>
         <wf lemma="godt" pos="X">godt</wf>
         <wf lemma="." pos="X">.</wf>
      </sentence>
      <sentence id="d000.s2264" source="wordnet-danish">
         <wf lemma="Meningitis" pos="X">Meningitis</wf>
         <instance id="d000.s2264.t000" lemma="smitte" pos="NOUN">smitter</instance>
         <wf lemma="via" pos="X">via</wf>
         <wf lemma="bakterier" pos="X">bakterier</wf>
         <wf lemma="," pos="X">,</wf>
         <wf lemma="som" pos="X">som</wf>
         <wf lemma="lever" pos="X">lever</wf>
         <wf lemma="i" pos="X">i</wf>
         <wf lemma="svælget" pos="X">svælget</wf>
         <wf lemma="," pos="X">,</wf>
         <wf lemma="og" pos="X">og</wf>
         <wf lemma="smitten" pos="X">smitten</wf>
         <wf lemma="kan" pos="X">kan</wf>
         <wf lemma="således" pos="X">således</wf>
         <wf lemma="opstå" pos="X">opstå</wf>
         <wf lemma="for" pos="X">for</wf>
         <wf lemma="eksempel" pos="X">eksempel</wf>
         <wf lemma="ved" pos="X">ved</wf>
         <wf lemma="et" pos="X">et</wf>
         <wf lemma="nyse-" pos="X">nyse-</wf>
         <wf lemma="eller" pos="X">eller</wf>
         <wf lemma="hosteanfald" pos="X">hosteanfald</wf>
         <wf lemma="." pos="X">.</wf>
      </sentence>
      <sentence id="d000.s2265" source="wordnet-danish">
         <wf lemma="Ved" pos="X">Ved</wf>
         <wf lemma="hjælp" pos="X">hjælp</wf>
         <wf lemma="af" pos="X">af</wf>
         <wf lemma="en" pos="X">en</wf>
         <wf lemma="aksel" pos="X">aksel</wf>
         <wf lemma="og" pos="X">og</wf>
         <wf lemma="et" pos="X">et</wf>
         <instance id="d000.s2265.t000" lemma="gear" pos="NOUN">gear</instance>
         <wf lemma="drives" pos="X">drives</wf>
         <wf lemma="sav-klingen" pos="X">sav-klingen</wf>
         <wf lemma=".." pos="X">..</wf>
         <wf lemma="rundt" pos="X">rundt</wf>
         <wf lemma="i" pos="X">i</wf>
         <wf lemma="retning" pos="X">retning</wf>
         <wf lemma="mod" pos="X">mod</wf>
         <wf lemma="uret" pos="X">uret</wf>
         <wf lemma="." pos="X">.</wf>
      </sentence>
      <sentence id="d000.s2266" source="wordnet-danish">
         <wf lemma="Billedet" pos="X">Billedet</wf>
         <wf lemma="har" pos="X">har</wf>
         <wf lemma="i" pos="X">i</wf>
         <wf lemma="mange" pos="X">mange</wf>
         <wf lemma="år" pos="X">år</wf>
         <instance id="d000.s2266.t000" lemma="tilhøre" pos="VERB">tilhørt</instance>
         <wf lemma="en" pos="X">en</wf>
         <wf lemma="gårdejer" pos="X">gårdejer</wf>
         <wf lemma="i" pos="X">i</wf>
         <wf lemma="Thy" pos="X">Thy</wf>
         <wf lemma="," pos="X">,</wf>
         <wf lemma="som" pos="X">som</wf>
         <wf lemma="havde" pos="X">havde</wf>
         <wf lemma="arvet" pos="X">arvet</wf>
         <wf lemma="det" pos="X">det</wf>
         <wf lemma="fra" pos="X">fra</wf>
         <wf lemma="en" pos="X">en</wf>
         <wf lemma="fjern" pos="X">fjern</wf>
         <wf lemma="familie" pos="X">familie</wf>
         <wf lemma="." pos="X">.</wf>
      </sentence>
      <sentence id="d000.s2267" source="wordnet-danish">
         <wf lemma="I" pos="X">I</wf>
         <wf lemma="dag" pos="X">dag</wf>
         <wf lemma="er" pos="X">er</wf>
         <wf lemma="det" pos="X">det</wf>
         <wf lemma="pressen" pos="X">pressen</wf>
         <wf lemma="," pos="X">,</wf>
         <wf lemma="aviser" pos="X">aviser</wf>
         <wf lemma="," pos="X">,</wf>
         <wf lemma="radio" pos="X">radio</wf>
         <wf lemma="og" pos="X">og</wf>
         <instance id="d000.s2267.t000" lemma="tv" pos="NOUN">TV</instance>
         <wf lemma="," pos="X">,</wf>
         <wf lemma="der" pos="X">der</wf>
         <wf lemma="formidler" pos="X">formidler</wf>
         <wf lemma="den" pos="X">den</wf>
         <wf lemma="demokratiske" pos="X">demokratiske</wf>
         <wf lemma="debat" pos="X">debat</wf>
         <wf lemma="." pos="X">.</wf>
      </sentence>
      <sentence id="d000.s2268" source="wordnet-danish">
         <wf lemma="De" pos="X">De</wf>
         <wf lemma="var" pos="X">var</wf>
         <wf lemma="fætter" pos="X">fætter</wf>
         <wf lemma="og" pos="X">og</wf>
         <wf lemma="kusine" pos="X">kusine</wf>
         <wf lemma="," pos="X">,</wf>
         <wf lemma="og" pos="X">og</wf>
         <wf lemma="der" pos="X">der</wf>
         <wf lemma="var" pos="X">var</wf>
         <wf lemma="jo" pos="X">jo</wf>
         <wf lemma="folk" pos="X">folk</wf>
         <wf lemma="der" pos="X">der</wf>
         <wf lemma="sagde" pos="X">sagde</wf>
         <wf lemma="at" pos="X">at</wf>
         <wf lemma="det" pos="X">det</wf>
         <wf lemma="var" pos="X">var</wf>
         <wf lemma="farligt" pos="X">farligt</wf>
         <wf lemma="med" pos="X">med</wf>
         <wf lemma="så" pos="X">så</wf>
         <wf lemma="nært" pos="X">nært</wf>
         <wf lemma="et" pos="X">et</wf>
         <instance id="d000.s2268.t000" lemma="slægtskab" pos="NOUN">slægtskab</instance>
         <wf lemma="mellem" pos="X">mellem</wf>
         <wf lemma="ægtefolk" pos="X">ægtefolk</wf>
         <wf lemma="." pos="X">.</wf>
      </sentence>
      <sentence id="d000.s2269" source="wordnet-danish">
         <wf lemma="Monika" pos="X">Monika</wf>
         <wf lemma="kender" pos="X">kender</wf>
         <wf lemma="ikke" pos="X">ikke</wf>
         <wf lemma="sin" pos="X">sin</wf>
         <wf lemma="biologiske" pos="X">biologiske</wf>
         <wf lemma="far" pos="X">far</wf>
         <wf lemma="og" pos="X">og</wf>
         <wf lemma="mor" pos="X">mor</wf>
         <wf lemma="og" pos="X">og</wf>
         <wf lemma="lever" pos="X">lever</wf>
         <wf lemma="derfor" pos="X">derfor</wf>
         <wf lemma="i" pos="X">i</wf>
         <instance id="d000.s2269.t000" lemma="uvidenhed" pos="NOUN">uvidenhed</instance>
         <wf lemma="om" pos="X">om</wf>
         <wf lemma="," pos="X">,</wf>
         <wf lemma="at" pos="X">at</wf>
         <wf lemma="hun" pos="X">hun</wf>
         <wf lemma="er" pos="X">er</wf>
         <wf lemma="arving" pos="X">arving</wf>
         <wf lemma="til" pos="X">til</wf>
         <wf lemma="en" pos="X">en</wf>
         <wf lemma="formue" pos="X">formue</wf>
         <wf lemma="." pos="X">.</wf>
      </sentence>
      <sentence id="d000.s2270" source="wordnet-danish">
         <wf lemma="Han" pos="X">Han</wf>
         <wf lemma="er" pos="X">er</wf>
         <wf lemma="udlært" pos="X">udlært</wf>
         <wf lemma="mode-designer" pos="X">mode-designer</wf>
         <wf lemma="," pos="X">,</wf>
         <wf lemma="men" pos="X">men</wf>
         <instance id="d000.s2270.t000" lemma="designe" pos="VERB">designer</instance>
         <wf lemma="nu" pos="X">nu</wf>
         <wf lemma="mest" pos="X">mest</wf>
         <wf lemma="biler" pos="X">biler</wf>
         <wf lemma="." pos="X">.</wf>
      </sentence>
      <sentence id="d000.s2271" source="wordnet-danish">
         <wf lemma="Mindst" pos="X">Mindst</wf>
         <wf lemma="en" pos="X">en</wf>
         <wf lemma="gang" pos="X">gang</wf>
         <wf lemma="om" pos="X">om</wf>
         <wf lemma="ugen" pos="X">ugen</wf>
         <wf lemma="har" pos="X">har</wf>
         <wf lemma="enhver" pos="X">enhver</wf>
         <wf lemma="avis" pos="X">avis</wf>
         <wf lemma="med" pos="X">med</wf>
         <wf lemma="respekt" pos="X">respekt</wf>
         <wf lemma="for" pos="X">for</wf>
         <wf lemma="sig" pos="X">sig</wf>
         <wf lemma="selv" pos="X">selv</wf>
         <wf lemma="nogle" pos="X">nogle</wf>
         <wf lemma="sider" pos="X">sider</wf>
         <wf lemma="om" pos="X">om</wf>
         <instance id="d000.s2271.t000" lemma="hobby" pos="NOUN">hobby</instance>
         <wf lemma="." pos="X">.</wf>
      </sentence>
      <sentence id="d000.s2272" source="wordnet-danish">
         <wf lemma="Biksemaden" pos="X">Biksemaden</wf>
         <wf lemma="har" pos="X">har</wf>
         <wf lemma=".." pos="X">..</wf>
         <wf lemma="den" pos="X">den</wf>
         <wf lemma="fordel" pos="X">fordel</wf>
         <wf lemma="," pos="X">,</wf>
         <wf lemma="at" pos="X">at</wf>
         <wf lemma="man" pos="X">man</wf>
         <wf lemma="både" pos="X">både</wf>
         <wf lemma="kan" pos="X">kan</wf>
         <wf lemma="anvende" pos="X">anvende</wf>
         <wf lemma="svinekød" pos="X">svinekød</wf>
         <wf lemma="," pos="X">,</wf>
         <instance id="d000.s2272.t000" lemma="oksekød" pos="NOUN">oksekød</instance>
         <wf lemma="og" pos="X">og</wf>
         <wf lemma="lammekød" pos="X">lammekød</wf>
         <wf lemma="," pos="X">,</wf>
         <wf lemma="alt" pos="X">alt</wf>
         <wf lemma="efter" pos="X">efter</wf>
         <wf lemma="hvad" pos="X">hvad</wf>
         <wf lemma="man" pos="X">man</wf>
         <wf lemma="har" pos="X">har</wf>
         <wf lemma="." pos="X">.</wf>
      </sentence>
      <sentence id="d000.s2273" source="wordnet-danish">
         <wf lemma="En" pos="X">En</wf>
         <instance id="d000.s2273.t000" lemma="stump" pos="NOUN">stump</instance>
         <wf lemma="af" pos="X">af</wf>
         <wf lemma="det" pos="X">det</wf>
         <wf lemma="overgnavede" pos="X">overgnavede</wf>
         <wf lemma="reb" pos="X">reb</wf>
         <wf lemma="hang" pos="X">hang</wf>
         <wf lemma="tilbage" pos="X">tilbage</wf>
         <wf lemma="i" pos="X">i</wf>
         <wf lemma="jerntremmen" pos="X">jerntremmen</wf>
         <wf lemma="," pos="X">,</wf>
         <wf lemma="det" pos="X">det</wf>
         <wf lemma="var" pos="X">var</wf>
         <wf lemma="alt" pos="X">alt</wf>
         <wf lemma="." pos="X">.</wf>
      </sentence>
      <sentence id="d000.s2274" source="wordnet-danish">
         <wf lemma="Han" pos="X">Han</wf>
         <wf lemma="bejler" pos="X">bejler</wf>
         <wf lemma="til" pos="X">til</wf>
         <wf lemma="præstens" pos="X">præstens</wf>
         <wf lemma="datter" pos="X">datter</wf>
         <wf lemma="og" pos="X">og</wf>
         <wf lemma="får" pos="X">får</wf>
         <wf lemma="faderens" pos="X">faderens</wf>
         <wf lemma="accept" pos="X">accept</wf>
         <wf lemma="men" pos="X">men</wf>
         <wf lemma="datterens" pos="X">datterens</wf>
         <wf lemma="totale" pos="X">totale</wf>
         <wf lemma="afvisning" pos="X">afvisning</wf>
         <wf lemma="." pos="X">.</wf>
         <wf lemma="Dermed" pos="X">Dermed</wf>
         <wf lemma="grundlægges" pos="X">grundlægges</wf>
         <wf lemma="hans" pos="X">hans</wf>
         <instance id="d000.s2274.t000" lemma="nag" pos="NOUN">nag</instance>
         <wf lemma="mod" pos="X">mod</wf>
         <wf lemma="præstegården" pos="X">præstegården</wf>
         <wf lemma="." pos="X">.</wf>
      </sentence>
      <sentence id="d000.s2275" source="wordnet-danish">
         <wf lemma="Hans" pos="X">Hans</wf>
         <wf lemma="hustru" pos="X">hustru</wf>
         <wf lemma="," pos="X">,</wf>
         <wf lemma="Lene" pos="X">Lene</wf>
         <wf lemma="," pos="X">,</wf>
         <wf lemma="var" pos="X">var</wf>
         <wf lemma="forulykket" pos="X">forulykket</wf>
         <wf lemma="i" pos="X">i</wf>
         <wf lemma="bjergegnen" pos="X">bjergegnen</wf>
         <wf lemma="lidt" pos="X">lidt</wf>
         <wf lemma="nord" pos="X">nord</wf>
         <wf lemma="for" pos="X">for</wf>
         <wf lemma="Nice" pos="X">Nice</wf>
         <wf lemma="," pos="X">,</wf>
         <wf lemma="og" pos="X">og</wf>
         <wf lemma="hendes" pos="X">hendes</wf>
         <instance id="d000.s2275.t000" lemma="tilstand" pos="NOUN">tilstand</instance>
         <wf lemma="var" pos="X">var</wf>
         <wf lemma="yderst" pos="X">yderst</wf>
         <wf lemma="kritisk" pos="X">kritisk</wf>
         <wf lemma="." pos="X">.</wf>
      </sentence>
      <sentence id="d000.s2276" source="wordnet-danish">
         <instance id="d000.s2276.t000" lemma="kulisse" pos="NOUN">kulisse</instance>
         <wf lemma="efter" pos="X">efter</wf>
         <wf lemma="kulisse" pos="X">kulisse</wf>
         <wf lemma="er" pos="X">er</wf>
         <wf lemma="bygget" pos="X">bygget</wf>
         <wf lemma="op" pos="X">op</wf>
         <wf lemma="og" pos="X">og</wf>
         <wf lemma="ofte" pos="X">ofte</wf>
         <wf lemma="kun" pos="X">kun</wf>
         <wf lemma="til" pos="X">til</wf>
         <wf lemma="engangsbrug" pos="X">engangsbrug</wf>
         <wf lemma="-" pos="X">-</wf>
         <wf lemma="-" pos="X">-</wf>
         <wf lemma="Frederiksbergvillaer" pos="X">Frederiksbergvillaer</wf>
         <wf lemma="," pos="X">,</wf>
         <wf lemma="teater" pos="X">teater</wf>
         <wf lemma="," pos="X">,</wf>
         <wf lemma="gadestemning" pos="X">gadestemning</wf>
         <wf lemma="ved" pos="X">ved</wf>
         <wf lemma="vintertid" pos="X">vintertid</wf>
         <wf lemma="med" pos="X">med</wf>
         <wf lemma="hestevogn" pos="X">hestevogn</wf>
         <wf lemma="i" pos="X">i</wf>
         <wf lemma="snevejr" pos="X">snevejr</wf>
         <wf lemma="." pos="X">.</wf>
      </sentence>
      <sentence id="d000.s2277" source="wordnet-danish">
         <wf lemma="Vandforsyningen" pos="X">Vandforsyningen</wf>
         <wf lemma="tog" pos="X">tog</wf>
         <instance id="d000.s2277.t000" lemma="prøve" pos="NOUN">prøver</instance>
         <wf lemma="," pos="X">,</wf>
         <wf lemma="og" pos="X">og</wf>
         <wf lemma="analysen" pos="X">analysen</wf>
         <wf lemma="viste" pos="X">viste</wf>
         <wf lemma="," pos="X">,</wf>
         <wf lemma="at" pos="X">at</wf>
         <wf lemma="der" pos="X">der</wf>
         <wf lemma="ikke" pos="X">ikke</wf>
         <wf lemma="længere" pos="X">længere</wf>
         <wf lemma="var" pos="X">var</wf>
         <wf lemma="urenheder" pos="X">urenheder</wf>
         <wf lemma="." pos="X">.</wf>
      </sentence>
      <sentence id="d000.s2278" source="wordnet-danish">
         <wf lemma="Vi" pos="X">Vi</wf>
         <instance id="d000.s2278.t000" lemma="skændes" pos="VERB">skændes</instance>
         <wf lemma="ikke" pos="X">ikke</wf>
         <wf lemma="," pos="X">,</wf>
         <wf lemma="vi" pos="X">vi</wf>
         <wf lemma="diskuterer" pos="X">diskuterer</wf>
         <wf lemma="." pos="X">.</wf>
      </sentence>
      <sentence id="d000.s2279" source="wordnet-danish">
         <wf lemma="Har" pos="X">Har</wf>
         <wf lemma="man" pos="X">man</wf>
         <wf lemma="en" pos="X">en</wf>
         <wf lemma="meget" pos="X">meget</wf>
         <wf lemma="ældre" pos="X">ældre</wf>
         <wf lemma="årgang" pos="X">årgang</wf>
         <instance id="d000.s2279.t000" lemma="radiomodtager" pos="NOUN">radiomodtager</instance>
         <wf lemma="," pos="X">,</wf>
         <wf lemma="kan" pos="X">kan</wf>
         <wf lemma="den" pos="X">den</wf>
         <wf lemma="have" pos="X">have</wf>
         <wf lemma="svært" pos="X">svært</wf>
         <wf lemma="ved" pos="X">ved</wf>
         <wf lemma="at" pos="X">at</wf>
         <wf lemma="udskille" pos="X">udskille</wf>
         <wf lemma="de" pos="X">de</wf>
         <wf lemma="enkelte" pos="X">enkelte</wf>
         <wf lemma="stationer" pos="X">stationer</wf>
         <wf lemma="." pos="X">.</wf>
      </sentence>
      <sentence id="d000.s2280" source="wordnet-danish">
         <wf lemma="Man" pos="X">Man</wf>
         <wf lemma="kan" pos="X">kan</wf>
         <instance id="d000.s2280.t000" lemma="høre" pos="VERB">høre</instance>
         <wf lemma="koncerten" pos="X">koncerten</wf>
         <wf lemma="i" pos="X">i</wf>
         <wf lemma="Musikaften" pos="X">Musikaften</wf>
         <wf lemma="på" pos="X">på</wf>
         <wf lemma="P" pos="X">P</wf>
         <wf lemma="2" pos="X">2</wf>
         <wf lemma="kl." pos="X">kl.</wf>
         <wf lemma="22.45" pos="X">22.45</wf>
         <wf lemma="." pos="X">.</wf>
      </sentence>
      <sentence id="d000.s2281" source="wordnet-danish">
         <wf lemma="Jeg" pos="X">Jeg</wf>
         <wf lemma="synes" pos="X">synes</wf>
         <wf lemma="," pos="X">,</wf>
         <wf lemma="det" pos="X">det</wf>
         <wf lemma="er" pos="X">er</wf>
         <wf lemma="en" pos="X">en</wf>
         <wf lemma="vidunderlig" pos="X">vidunderlig</wf>
         <wf lemma="tid" pos="X">tid</wf>
         <wf lemma="," pos="X">,</wf>
         <wf lemma="hvor" pos="X">hvor</wf>
         <wf lemma="alle" pos="X">alle</wf>
         <wf lemma="folk" pos="X">folk</wf>
         <wf lemma="er" pos="X">er</wf>
         <wf lemma="glade" pos="X">glade</wf>
         <wf lemma=".." pos="X">..</wf>
         <wf lemma="for" pos="X">for</wf>
         <wf lemma="mig" pos="X">mig</wf>
         <wf lemma="giver" pos="X">giver</wf>
         <wf lemma="december" pos="X">december</wf>
         <wf lemma="kraft" pos="X">kraft</wf>
         <wf lemma="og" pos="X">og</wf>
         <instance id="d000.s2281.t000" lemma="styrke" pos="NOUN">styrke</instance>
         <wf lemma="til" pos="X">til</wf>
         <wf lemma="resten" pos="X">resten</wf>
         <wf lemma="af" pos="X">af</wf>
         <wf lemma="året" pos="X">året</wf>
         <wf lemma="." pos="X">.</wf>
      </sentence>
      <sentence id="d000.s2282" source="wordnet-danish">
         <wf lemma="Man" pos="X">Man</wf>
         <wf lemma="skal" pos="X">skal</wf>
         <wf lemma="køre" pos="X">køre</wf>
         <wf lemma="med" pos="X">med</wf>
         <wf lemma="en" pos="X">en</wf>
         <wf lemma="vis" pos="X">vis</wf>
         <wf lemma="hastighed" pos="X">hastighed</wf>
         <wf lemma="for" pos="X">for</wf>
         <wf lemma="at" pos="X">at</wf>
         <wf lemma="holde" pos="X">holde</wf>
         <instance id="d000.s2282.t000" lemma="balance" pos="NOUN">balancen</instance>
         <wf lemma="." pos="X">.</wf>
         <wf lemma="Hvis" pos="X">Hvis</wf>
         <wf lemma="cyklen" pos="X">cyklen</wf>
         <wf lemma="står" pos="X">står</wf>
         <wf lemma="stille" pos="X">stille</wf>
         <wf lemma="," pos="X">,</wf>
         <wf lemma="så" pos="X">så</wf>
         <wf lemma="vælter" pos="X">vælter</wf>
         <wf lemma="den" pos="X">den</wf>
         <wf lemma="." pos="X">.</wf>
      </sentence>
      <sentence id="d000.s2283" source="wordnet-danish">
         <instance id="d000.s2283.t000" lemma="kriminalitet" pos="NOUN">kriminaliteten</instance>
         <wf lemma="blandt" pos="X">blandt</wf>
         <wf lemma="de" pos="X">de</wf>
         <wf lemma="unge" pos="X">unge</wf>
         <wf lemma="indvandrere" pos="X">indvandrere</wf>
         <wf lemma="bunder" pos="X">bunder</wf>
         <wf lemma="i" pos="X">i</wf>
         <wf lemma="sociale" pos="X">sociale</wf>
         <wf lemma="og" pos="X">og</wf>
         <wf lemma="kulturelle" pos="X">kulturelle</wf>
         <wf lemma="problemer" pos="X">problemer</wf>
         <wf lemma="." pos="X">.</wf>
      </sentence>
      <sentence id="d000.s2284" source="wordnet-danish">
         <wf lemma="Lene" pos="X">Lene</wf>
         <wf lemma="kastede" pos="X">kastede</wf>
         <wf lemma="stadig" pos="X">stadig</wf>
         <instance id="d000.s2284.t000" lemma="nervøs" pos="ADJ">nervøse</instance>
         <wf lemma="blikke" pos="X">blikke</wf>
         <wf lemma="bagud" pos="X">bagud</wf>
         <wf lemma="." pos="X">.</wf>
         <wf lemma="Hun" pos="X">Hun</wf>
         <wf lemma="kunne" pos="X">kunne</wf>
         <wf lemma="ikke" pos="X">ikke</wf>
         <wf lemma="slappe" pos="X">slappe</wf>
         <wf lemma="af" pos="X">af</wf>
         <wf lemma="." pos="X">.</wf>
      </sentence>
      <sentence id="d000.s2285" source="wordnet-danish">
         <wf lemma="Det" pos="X">Det</wf>
         <wf lemma="tænkende" pos="X">tænkende</wf>
         <wf lemma="," pos="X">,</wf>
         <wf lemma="bevidste" pos="X">bevidste</wf>
         <wf lemma="Jeg" pos="X">Jeg</wf>
         <wf lemma="insisterer" pos="X">insisterer</wf>
         <wf lemma="på" pos="X">på</wf>
         <wf lemma="at" pos="X">at</wf>
         <wf lemma="være" pos="X">være</wf>
         <wf lemma="den" pos="X">den</wf>
         <wf lemma="egentlige" pos="X">egentlige</wf>
         <wf lemma="aktør" pos="X">aktør</wf>
         <wf lemma="," pos="X">,</wf>
         <wf lemma="det" pos="X">det</wf>
         <wf lemma="handlende" pos="X">handlende</wf>
         <instance id="d000.s2285.t000" lemma="subjekt" pos="NOUN">subjekt</instance>
         <wf lemma=";" pos="X">;</wf>
         <wf lemma="den" pos="X">den</wf>
         <wf lemma="der" pos="X">der</wf>
         <wf lemma="har" pos="X">har</wf>
         <wf lemma="kontrollen" pos="X">kontrollen</wf>
         <wf lemma="." pos="X">.</wf>
      </sentence>
      <sentence id="d000.s2286" source="wordnet-danish">
         <wf lemma="Mit" pos="X">Mit</wf>
         <wf lemma="råd" pos="X">råd</wf>
         <wf lemma="er" pos="X">er</wf>
         <wf lemma=":" pos="X">:</wf>
         <wf lemma="Skal" pos="X">Skal</wf>
         <wf lemma="De" pos="X">De</wf>
         <wf lemma="ud" pos="X">ud</wf>
         <wf lemma="og" pos="X">og</wf>
         <wf lemma="rejse" pos="X">rejse</wf>
         <wf lemma="," pos="X">,</wf>
         <wf lemma="så" pos="X">så</wf>
         <wf lemma="sørg" pos="X">sørg</wf>
         <wf lemma="endelig" pos="X">endelig</wf>
         <wf lemma="for" pos="X">for</wf>
         <wf lemma="en" pos="X">en</wf>
         <instance id="d000.s2286.t000" lemma="forsikring" pos="NOUN">forsikring</instance>
         <wf lemma="." pos="X">.</wf>
      </sentence>
      <sentence id="d000.s2287" source="wordnet-danish">
         <wf lemma="Om" pos="X">Om</wf>
         <wf lemma="morgenen" pos="X">morgenen</wf>
         <wf lemma="vågnede" pos="X">vågnede</wf>
         <wf lemma="hun" pos="X">hun</wf>
         <wf lemma="til" pos="X">til</wf>
         <wf lemma="den" pos="X">den</wf>
         <instance id="d000.s2287.t000" lemma="blød" pos="ADJ">bløde</instance>
         <wf lemma="," pos="X">,</wf>
         <wf lemma="kurrende" pos="X">kurrende</wf>
         <wf lemma="lyd" pos="X">lyd</wf>
         <wf lemma="af" pos="X">af</wf>
         <wf lemma="de" pos="X">de</wf>
         <wf lemma="grønne" pos="X">grønne</wf>
         <wf lemma="duer" pos="X">duer</wf>
         <wf lemma="." pos="X">.</wf>
      </sentence>
      <sentence id="d000.s2288" source="wordnet-danish">
         <wf lemma="Den" pos="X">Den</wf>
         <wf lemma="26-årige" pos="X">26-årige</wf>
         <wf lemma="mistede" pos="X">mistede</wf>
         <wf lemma="herredømmet" pos="X">herredømmet</wf>
         <wf lemma="over" pos="X">over</wf>
         <wf lemma="bilen" pos="X">bilen</wf>
         <wf lemma="," pos="X">,</wf>
         <wf lemma="som" pos="X">som</wf>
         <wf lemma="kom" pos="X">kom</wf>
         <wf lemma="ud" pos="X">ud</wf>
         <wf lemma="i" pos="X">i</wf>
         <instance id="d000.s2288.t000" lemma="rabat" pos="NOUN">rabatten</instance>
         <wf lemma="." pos="X">.</wf>
      </sentence>
      <sentence id="d000.s2289" source="wordnet-danish">
         <wf lemma="Uden" pos="X">Uden</wf>
         <wf lemma="for" pos="X">for</wf>
         <wf lemma="hvert" pos="X">hvert</wf>
         <wf lemma="hus" pos="X">hus</wf>
         <instance id="d000.s2289.t000" lemma="ligge" pos="VERB">lå</instance>
         <wf lemma="familiernes" pos="X">familiernes</wf>
         <wf lemma="slædehunde" pos="X">slædehunde</wf>
         <wf lemma="og" pos="X">og</wf>
         <wf lemma="slikkede" pos="X">slikkede</wf>
         <wf lemma="solskin" pos="X">solskin</wf>
         <wf lemma="." pos="X">.</wf>
      </sentence>
      <sentence id="d000.s2290" source="wordnet-danish">
         <wf lemma="Den" pos="X">Den</wf>
         <wf lemma="ene" pos="X">ene</wf>
         <wf lemma="af" pos="X">af</wf>
         <wf lemma="røverpigerne" pos="X">røverpigerne</wf>
         <instance id="d000.s2290.t000" lemma="snerre" pos="VERB">snerrede</instance>
         <wf lemma=":" pos="X">:</wf>
         <wf lemma="'" pos="X">'</wf>
         <wf lemma="Aflever" pos="X">Aflever</wf>
         <wf lemma="tasken" pos="X">tasken</wf>
         <wf lemma="--" pos="X">--</wf>
         <wf lemma="ellers" pos="X">ellers</wf>
         <wf lemma="får" pos="X">får</wf>
         <wf lemma="du" pos="X">du</wf>
         <wf lemma="kniven" pos="X">kniven</wf>
         <wf lemma=".'." pos="X">.'.</wf>
      </sentence>
      <sentence id="d000.s2291" source="wordnet-danish">
         <wf lemma="[Poul" pos="X">[Poul</wf>
         <wf lemma="Henningsen" pos="X">Henningsen</wf>
         <wf lemma="]" pos="X">]</wf>
         <wf lemma="arbejdede" pos="X">arbejdede</wf>
         <wf lemma="med" pos="X">med</wf>
         <wf lemma="industriel" pos="X">industriel</wf>
         <instance id="d000.s2291.t000" lemma="formgivning" pos="NOUN">formgivning</instance>
         <wf lemma="," pos="X">,</wf>
         <wf lemma="især" pos="X">især</wf>
         <wf lemma="af" pos="X">af</wf>
         <wf lemma="lamper" pos="X">lamper</wf>
         <wf lemma="." pos="X">.</wf>
      </sentence>
      <sentence id="d000.s2292" source="wordnet-danish">
         <wf lemma="jeg" pos="X">jeg</wf>
         <wf lemma="mærkede" pos="X">mærkede</wf>
         <instance id="d000.s2292.t000" lemma="sved" pos="NOUN">sveden</instance>
         <wf lemma="springe" pos="X">springe</wf>
         <wf lemma="frem" pos="X">frem</wf>
         <wf lemma="på" pos="X">på</wf>
         <wf lemma="panden" pos="X">panden</wf>
         <wf lemma="og" pos="X">og</wf>
         <wf lemma="under" pos="X">under</wf>
         <wf lemma="armene" pos="X">armene</wf>
         <wf lemma="." pos="X">.</wf>
      </sentence>
      <sentence id="d000.s2293" source="wordnet-danish">
         <wf lemma="Han" pos="X">Han</wf>
         <instance id="d000.s2293.t000" lemma="gnide" pos="VERB">gned</instance>
         <wf lemma="sin" pos="X">sin</wf>
         <wf lemma="pibespids" pos="X">pibespids</wf>
         <wf lemma="mod" pos="X">mod</wf>
         <wf lemma="de" pos="X">de</wf>
         <wf lemma="slidte" pos="X">slidte</wf>
         <wf lemma="cowboybukser" pos="X">cowboybukser</wf>
         <wf lemma="." pos="X">.</wf>
      </sentence>
      <sentence id="d000.s2294" source="wordnet-danish">
         <wf lemma="Hun" pos="X">Hun</wf>
         <wf lemma="har" pos="X">har</wf>
         <instance id="d000.s2294.t000" lemma="græde" pos="VERB">grædt</instance>
         <wf lemma="sig" pos="X">sig</wf>
         <wf lemma="i" pos="X">i</wf>
         <wf lemma="søvn" pos="X">søvn</wf>
         <wf lemma="hver" pos="X">hver</wf>
         <wf lemma="aften" pos="X">aften</wf>
         <wf lemma="." pos="X">.</wf>
      </sentence>
      <sentence id="d000.s2295" source="wordnet-danish">
         <wf lemma="Frihedskæmperne" pos="X">Frihedskæmperne</wf>
         <wf lemma="under" pos="X">under</wf>
         <wf lemma="Anden" pos="X">Anden</wf>
         <wf lemma="Verdenskrig" pos="X">Verdenskrig</wf>
         <wf lemma="gjorde" pos="X">gjorde</wf>
         <instance id="d000.s2295.t000" lemma="oprør" pos="NOUN">oprør</instance>
         <wf lemma="mod" pos="X">mod</wf>
         <wf lemma="en" pos="X">en</wf>
         <wf lemma="besættelsesmagt" pos="X">besættelsesmagt</wf>
         <wf lemma="." pos="X">.</wf>
      </sentence>
      <sentence id="d000.s2296" source="wordnet-danish">
         <wf lemma="skarpretter" pos="X">skarpretter</wf>
         <wf lemma="Seistrup" pos="X">Seistrup</wf>
         <wf lemma="fejlede" pos="X">fejlede</wf>
         <wf lemma="og" pos="X">og</wf>
         <wf lemma="måtte" pos="X">måtte</wf>
         <wf lemma="hugge" pos="X">hugge</wf>
         <wf lemma="tre" pos="X">tre</wf>
         <wf lemma="gange" pos="X">gange</wf>
         <wf lemma="for" pos="X">for</wf>
         <wf lemma="at" pos="X">at</wf>
         <wf lemma="skille" pos="X">skille</wf>
         <wf lemma="hovedet" pos="X">hovedet</wf>
         <wf lemma="fra" pos="X">fra</wf>
         <instance id="d000.s2296.t000" lemma="krop" pos="NOUN">kroppen</instance>
         <wf lemma="." pos="X">.</wf>
      </sentence>
      <sentence id="d000.s2297" source="wordnet-danish">
         <wf lemma="i" pos="X">i</wf>
         <wf lemma="aften" pos="X">aften</wf>
         <wf lemma="skulle" pos="X">skulle</wf>
         <wf lemma="hendes" pos="X">hendes</wf>
         <wf lemma="kæreste" pos="X">kæreste</wf>
         <wf lemma="komme" pos="X">komme</wf>
         <wf lemma="til" pos="X">til</wf>
         <instance id="d000.s2297.t000" lemma="middag" pos="NOUN">middag</instance>
         <wf lemma="." pos="X">.</wf>
      </sentence>
      <sentence id="d000.s2298" source="wordnet-danish">
         <wf lemma="[hunden" pos="X">[hunden</wf>
         <wf lemma="]" pos="X">]</wf>
         <wf lemma="var" pos="X">var</wf>
         <wf lemma="en" pos="X">en</wf>
         <instance id="d000.s2298.t000" lemma="krydsning" pos="NOUN">krydsning</instance>
         <wf lemma="mellem" pos="X">mellem</wf>
         <wf lemma="en" pos="X">en</wf>
         <wf lemma="sort" pos="X">sort</wf>
         <wf lemma="puddel" pos="X">puddel</wf>
         <wf lemma="og" pos="X">og</wf>
         <wf lemma="en" pos="X">en</wf>
         <wf lemma="ruhåret" pos="X">ruhåret</wf>
         <wf lemma="terrier" pos="X">terrier</wf>
         <wf lemma="." pos="X">.</wf>
      </sentence>
      <sentence id="d000.s2299" source="wordnet-danish">
         <wf lemma="der" pos="X">der</wf>
         <wf lemma="ville" pos="X">ville</wf>
         <wf lemma="komme" pos="X">komme</wf>
         <wf lemma="en" pos="X">en</wf>
         <wf lemma="dommedag" pos="X">dommedag</wf>
         <wf lemma="," pos="X">,</wf>
         <wf lemma="hvor" pos="X">hvor</wf>
         <wf lemma="Gud" pos="X">Gud</wf>
         <wf lemma="ville" pos="X">ville</wf>
         <wf lemma="sende" pos="X">sende</wf>
         <wf lemma="menneskene" pos="X">menneskene</wf>
         <wf lemma="i" pos="X">i</wf>
         <wf lemma="paradis" pos="X">paradis</wf>
         <wf lemma="eller" pos="X">eller</wf>
         <wf lemma="til" pos="X">til</wf>
         <instance id="d000.s2299.t000" lemma="helvede" pos="NOUN">helvede</instance>
         <wf lemma="." pos="X">.</wf>
      </sentence>
      <sentence id="d000.s2300" source="wordnet-danish">
         <wf lemma="Han" pos="X">Han</wf>
         <wf lemma="havde" pos="X">havde</wf>
         <wf lemma="kraftige" pos="X">kraftige</wf>
         <wf lemma="," pos="X">,</wf>
         <wf lemma="korte" pos="X">korte</wf>
         <wf lemma="ben" pos="X">ben</wf>
         <wf lemma="," pos="X">,</wf>
         <wf lemma="stærke" pos="X">stærke</wf>
         <wf lemma="," pos="X">,</wf>
         <wf lemma="korte" pos="X">korte</wf>
         <instance id="d000.s2300.t000" lemma="arm" pos="NOUN">arme</instance>
         <wf lemma="og" pos="X">og</wf>
         <wf lemma="senede" pos="X">senede</wf>
         <wf lemma="hænder" pos="X">hænder</wf>
         <wf lemma="med" pos="X">med</wf>
         <wf lemma="korte" pos="X">korte</wf>
         <wf lemma="," pos="X">,</wf>
         <wf lemma="tykke" pos="X">tykke</wf>
         <wf lemma="fingre" pos="X">fingre</wf>
         <wf lemma="." pos="X">.</wf>
      </sentence>
      <sentence id="d000.s2301" source="wordnet-danish">
         <wf lemma="Hun" pos="X">Hun</wf>
         <wf lemma="viste" pos="X">viste</wf>
         <wf lemma="os" pos="X">os</wf>
         <wf lemma="sit" pos="X">sit</wf>
         <wf lemma="lille" pos="X">lille</wf>
         <wf lemma="tempel" pos="X">tempel</wf>
         <wf lemma="og" pos="X">og</wf>
         <instance id="d000.s2301.t000" lemma="forklare" pos="VERB">forklarede</instance>
         <wf lemma="om" pos="X">om</wf>
         <wf lemma="buddhismen" pos="X">buddhismen</wf>
         <wf lemma="." pos="X">.</wf>
      </sentence>
      <sentence id="d000.s2302" source="wordnet-danish">
         <wf lemma="Det" pos="X">Det</wf>
         <wf lemma="svære" pos="X">svære</wf>
         <wf lemma="ved" pos="X">ved</wf>
         <wf lemma="at" pos="X">at</wf>
         <wf lemma="modstå" pos="X">modstå</wf>
         <wf lemma="en" pos="X">en</wf>
         <instance id="d000.s2302.t000" lemma="fristelse" pos="NOUN">fristelse</instance>
         <wf lemma="er" pos="X">er</wf>
         <wf lemma="," pos="X">,</wf>
         <wf lemma="at" pos="X">at</wf>
         <wf lemma="man" pos="X">man</wf>
         <wf lemma="ikke" pos="X">ikke</wf>
         <wf lemma="ved" pos="X">ved</wf>
         <wf lemma="," pos="X">,</wf>
         <wf lemma="om" pos="X">om</wf>
         <wf lemma="man" pos="X">man</wf>
         <wf lemma="får" pos="X">får</wf>
         <wf lemma="tilbuddet" pos="X">tilbuddet</wf>
         <wf lemma="igen" pos="X">igen</wf>
         <wf lemma="." pos="X">.</wf>
      </sentence>
      <sentence id="d000.s2303" source="wordnet-danish">
         <wf lemma="Du" pos="X">Du</wf>
         <wf lemma="bekræfter" pos="X">bekræfter</wf>
         <wf lemma="ved" pos="X">ved</wf>
         <wf lemma="din" pos="X">din</wf>
         <instance id="d000.s2303.t000" lemma="underskrift" pos="NOUN">underskrift</instance>
         <wf lemma="," pos="X">,</wf>
         <wf lemma="at" pos="X">at</wf>
         <wf lemma="de" pos="X">de</wf>
         <wf lemma="oplysninger" pos="X">oplysninger</wf>
         <wf lemma="," pos="X">,</wf>
         <wf lemma="som" pos="X">som</wf>
         <wf lemma="du" pos="X">du</wf>
         <wf lemma="har" pos="X">har</wf>
         <wf lemma="givet" pos="X">givet</wf>
         <wf lemma="i" pos="X">i</wf>
         <wf lemma="ansøgningen" pos="X">ansøgningen</wf>
         <wf lemma="," pos="X">,</wf>
         <wf lemma="er" pos="X">er</wf>
         <wf lemma="rigtige" pos="X">rigtige</wf>
         <wf lemma="." pos="X">.</wf>
      </sentence>
      <sentence id="d000.s2304" source="wordnet-danish">
         <wf lemma="Den" pos="X">Den</wf>
         <wf lemma="muskuløse" pos="X">muskuløse</wf>
         <wf lemma="krop" pos="X">krop</wf>
         <wf lemma="arbejdede" pos="X">arbejdede</wf>
         <wf lemma="som" pos="X">som</wf>
         <wf lemma="en" pos="X">en</wf>
         <wf lemma="velsmurt" pos="X">velsmurt</wf>
         <instance id="d000.s2304.t000" lemma="maskine" pos="NOUN">maskine</instance>
         <wf lemma="," pos="X">,</wf>
         <wf lemma="der" pos="X">der</wf>
         <wf lemma="i" pos="X">i</wf>
         <wf lemma="ét" pos="X">ét</wf>
         <wf lemma="ryk" pos="X">ryk</wf>
         <wf lemma="lagde" pos="X">lagde</wf>
         <wf lemma="konkurrenterne" pos="X">konkurrenterne</wf>
         <wf lemma="bag" pos="X">bag</wf>
         <wf lemma="sig" pos="X">sig</wf>
         <wf lemma="." pos="X">.</wf>
      </sentence>
      <sentence id="d000.s2305" source="wordnet-danish">
         <wf lemma="Edwards" pos="X">Edwards</wf>
         <wf lemma="flyttede" pos="X">flyttede</wf>
         <wf lemma="ind" pos="X">ind</wf>
         <wf lemma="hos" pos="X">hos</wf>
         <wf lemma="Bacon" pos="X">Bacon</wf>
         <wf lemma="," pos="X">,</wf>
         <wf lemma="der" pos="X">der</wf>
         <wf lemma="benyttede" pos="X">benyttede</wf>
         <wf lemma="ham" pos="X">ham</wf>
         <wf lemma="som" pos="X">som</wf>
         <instance id="d000.s2305.t000" lemma="model" pos="NOUN">model</instance>
         <wf lemma="i" pos="X">i</wf>
         <wf lemma="mange" pos="X">mange</wf>
         <wf lemma="af" pos="X">af</wf>
         <wf lemma="sine" pos="X">sine</wf>
         <wf lemma="højt" pos="X">højt</wf>
         <wf lemma="betalte" pos="X">betalte</wf>
         <wf lemma="malerier" pos="X">malerier</wf>
         <wf lemma="." pos="X">.</wf>
      </sentence>
      <sentence id="d000.s2306" source="wordnet-danish">
         <wf lemma="Da" pos="X">Da</wf>
         <wf lemma="[børnene]" pos="X">[børnene]</wf>
         <wf lemma="kommer" pos="X">kommer</wf>
         <wf lemma="hjem" pos="X">hjem</wf>
         <wf lemma="," pos="X">,</wf>
         <wf lemma="stiller" pos="X">stiller</wf>
         <wf lemma="jeg" pos="X">jeg</wf>
         <wf lemma="dem" pos="X">dem</wf>
         <wf lemma="de" pos="X">de</wf>
         <wf lemma="sædvanlige" pos="X">sædvanlige</wf>
         <instance id="d000.s2306.t000" lemma="spørgsmål" pos="NOUN">spørgsmål</instance>
         <wf lemma=":" pos="X">:</wf>
         <wf lemma="'" pos="X">'</wf>
         <wf lemma="Har" pos="X">Har</wf>
         <wf lemma="I" pos="X">I</wf>
         <wf lemma="haft" pos="X">haft</wf>
         <wf lemma="det" pos="X">det</wf>
         <wf lemma="godt" pos="X">godt</wf>
         <wf lemma="?" pos="X">?</wf>
         <wf lemma="'" pos="X">'</wf>
         <wf lemma="'" pos="X">'</wf>
         <wf lemma="Hvad" pos="X">Hvad</wf>
         <wf lemma="har" pos="X">har</wf>
         <wf lemma="I" pos="X">I</wf>
         <wf lemma="lavet" pos="X">lavet</wf>
         <wf lemma="?" pos="X">?</wf>
         <wf lemma="'" pos="X">'</wf>
         <wf lemma="'" pos="X">'</wf>
         <wf lemma="Har" pos="X">Har</wf>
         <wf lemma="I" pos="X">I</wf>
         <wf lemma="spist" pos="X">spist</wf>
         <wf lemma="jeres" pos="X">jeres</wf>
         <wf lemma="madpakker" pos="X">madpakker</wf>
         <wf lemma="?" pos="X">?</wf>
         <wf lemma="'" pos="X">'</wf>
         <wf lemma="'" pos="X">'</wf>
         <wf lemma="Hvem" pos="X">Hvem</wf>
         <wf lemma="har" pos="X">har</wf>
         <wf lemma="I" pos="X">I</wf>
         <wf lemma="leget" pos="X">leget</wf>
         <wf lemma="med" pos="X">med</wf>
         <wf lemma="?'." pos="X">?'.</wf>
      </sentence>
      <sentence id="d000.s2307" source="wordnet-danish">
         <wf lemma="Det" pos="X">Det</wf>
         <wf lemma="er" pos="X">er</wf>
         <wf lemma="aldeles" pos="X">aldeles</wf>
         <wf lemma="ikke" pos="X">ikke</wf>
         <wf lemma="min" pos="X">min</wf>
         <wf lemma="hund" pos="X">hund</wf>
         <wf lemma="!" pos="X">!</wf>
         <instance id="d000.s2307.t000" lemma="protestere" pos="VERB">protesterede</instance>
         <wf lemma="jeg" pos="X">jeg</wf>
         <wf lemma="." pos="X">.</wf>
         <wf lemma="-" pos="X">-</wf>
         <wf lemma="-" pos="X">-</wf>
         <wf lemma="Den" pos="X">Den</wf>
         <wf lemma="er" pos="X">er</wf>
         <wf lemma="sin" pos="X">sin</wf>
         <wf lemma="egen" pos="X">egen</wf>
         <wf lemma="herre" pos="X">herre</wf>
         <wf lemma="." pos="X">.</wf>
         <wf lemma="Den" pos="X">Den</wf>
         <wf lemma="bor" pos="X">bor</wf>
         <wf lemma="her" pos="X">her</wf>
         <wf lemma="bare" pos="X">bare</wf>
         <wf lemma="." pos="X">.</wf>
      </sentence>
      <sentence id="d000.s2308" source="wordnet-danish">
         <wf lemma="Oftest" pos="X">Oftest</wf>
         <wf lemma="bruges" pos="X">bruges</wf>
         <wf lemma="flere" pos="X">flere</wf>
         <instance id="d000.s2308.t000" lemma="sans" pos="NOUN">sanser</instance>
         <wf lemma="til" pos="X">til</wf>
         <wf lemma="at" pos="X">at</wf>
         <wf lemma="tegne" pos="X">tegne</wf>
         <wf lemma="et" pos="X">et</wf>
         <wf lemma="billede" pos="X">billede</wf>
         <wf lemma="af" pos="X">af</wf>
         <wf lemma="omgivelserne" pos="X">omgivelserne</wf>
         <wf lemma="." pos="X">.</wf>
         <wf lemma="En" pos="X">En</wf>
         <wf lemma="person" pos="X">person</wf>
         <wf lemma="," pos="X">,</wf>
         <wf lemma="der" pos="X">der</wf>
         <wf lemma="spiser" pos="X">spiser</wf>
         <wf lemma="," pos="X">,</wf>
         <wf lemma="bruger" pos="X">bruger</wf>
         <wf lemma="synet" pos="X">synet</wf>
         <wf lemma="," pos="X">,</wf>
         <wf lemma="lugtesansen" pos="X">lugtesansen</wf>
         <wf lemma="," pos="X">,</wf>
         <wf lemma="smagssansen" pos="X">smagssansen</wf>
         <wf lemma="," pos="X">,</wf>
         <wf lemma="følesansen" pos="X">følesansen</wf>
         <wf lemma="," pos="X">,</wf>
         <wf lemma="ja" pos="X">ja</wf>
         <wf lemma="måske" pos="X">måske</wf>
         <wf lemma="endda" pos="X">endda</wf>
         <wf lemma="høresansen" pos="X">høresansen</wf>
         <wf lemma="." pos="X">.</wf>
      </sentence>
      <sentence id="d000.s2309" source="wordnet-danish">
         <wf lemma="Kun" pos="X">Kun</wf>
         <wf lemma="få" pos="X">få</wf>
         <wf lemma="ville" pos="X">ville</wf>
         <wf lemma="gå" pos="X">gå</wf>
         <wf lemma="i" pos="X">i</wf>
         <wf lemma="aflagt" pos="X">aflagt</wf>
         <wf lemma="tøj" pos="X">tøj</wf>
         <wf lemma="eller" pos="X">eller</wf>
         <wf lemma="spise" pos="X">spise</wf>
         <instance id="d000.s2309.t000" lemma="levning" pos="NOUN">levningerne</instance>
         <wf lemma="fra" pos="X">fra</wf>
         <wf lemma="i" pos="X">i</wf>
         <wf lemma="forgårs" pos="X">forgårs</wf>
         <wf lemma="." pos="X">.</wf>
      </sentence>
      <sentence id="d000.s2310" source="wordnet-danish">
         <wf lemma="de" pos="X">de</wf>
         <wf lemma="katte" pos="X">katte</wf>
         <wf lemma="," pos="X">,</wf>
         <wf lemma="der" pos="X">der</wf>
         <wf lemma="fødes" pos="X">fødes</wf>
         <wf lemma="på" pos="X">på</wf>
         <wf lemma="staldloftet" pos="X">staldloftet</wf>
         <wf lemma="," pos="X">,</wf>
         <wf lemma="de" pos="X">de</wf>
         <wf lemma="bliver" pos="X">bliver</wf>
         <instance id="d000.s2310.t000" lemma="vild" pos="ADJ">vilde</instance>
         <wf lemma="," pos="X">,</wf>
         <wf lemma="med" pos="X">med</wf>
         <wf lemma="mindre" pos="X">mindre</wf>
         <wf lemma="man" pos="X">man</wf>
         <wf lemma="tager" pos="X">tager</wf>
         <wf lemma="sig" pos="X">sig</wf>
         <wf lemma="af" pos="X">af</wf>
         <wf lemma="dem" pos="X">dem</wf>
         <wf lemma="allerede" pos="X">allerede</wf>
         <wf lemma="mens" pos="X">mens</wf>
         <wf lemma="de" pos="X">de</wf>
         <wf lemma="dier" pos="X">dier</wf>
         <wf lemma="moderen" pos="X">moderen</wf>
         <wf lemma="." pos="X">.</wf>
      </sentence>
      <sentence id="d000.s2311" source="wordnet-danish">
         <wf lemma="Husets" pos="X">Husets</wf>
         <wf lemma="indkørsel" pos="X">indkørsel</wf>
         <wf lemma="mundede" pos="X">mundede</wf>
         <wf lemma="ud" pos="X">ud</wf>
         <wf lemma="i" pos="X">i</wf>
         <wf lemma="en" pos="X">en</wf>
         <instance id="d000.s2311.t000" lemma="rund" pos="ADJ">rund</instance>
         <wf lemma="gårdsplads" pos="X">gårdsplads</wf>
         <wf lemma="med" pos="X">med</wf>
         <wf lemma="en" pos="X">en</wf>
         <wf lemma="rund" pos="X">rund</wf>
         <wf lemma="græsplæne" pos="X">græsplæne</wf>
         <wf lemma="i" pos="X">i</wf>
         <wf lemma="midten" pos="X">midten</wf>
         <wf lemma="." pos="X">.</wf>
      </sentence>
      <sentence id="d000.s2312" source="wordnet-danish">
         <wf lemma="den" pos="X">den</wf>
         <wf lemma="stærke" pos="X">stærke</wf>
         <wf lemma="og" pos="X">og</wf>
         <wf lemma="bæredygtige" pos="X">bæredygtige</wf>
         <wf lemma="romerske" pos="X">romerske</wf>
         <instance id="d000.s2312.t000" lemma="bue" pos="NOUN">bue</instance>
         <wf lemma="kan" pos="X">kan</wf>
         <wf lemma="føres" pos="X">føres</wf>
         <wf lemma="tilbage" pos="X">tilbage</wf>
         <wf lemma="til" pos="X">til</wf>
         <wf lemma="[etruskernes]" pos="X">[etruskernes]</wf>
         <wf lemma="arkitektur" pos="X">arkitektur</wf>
         <wf lemma="." pos="X">.</wf>
      </sentence>
      <sentence id="d000.s2313" source="wordnet-danish">
         <wf lemma="De" pos="X">De</wf>
         <wf lemma="fleste" pos="X">fleste</wf>
         <wf lemma="råvareeksporterende" pos="X">råvareeksporterende</wf>
         <wf lemma="ulande" pos="X">ulande</wf>
         <wf lemma="eksporterer" pos="X">eksporterer</wf>
         <wf lemma="tropiske" pos="X">tropiske</wf>
         <wf lemma="landbrugsprodukter" pos="X">landbrugsprodukter</wf>
         <wf lemma="," pos="X">,</wf>
         <wf lemma="mens" pos="X">mens</wf>
         <instance id="d000.s2313.t000" lemma="mineral" pos="NOUN">mineraler</instance>
         <wf lemma="udgør" pos="X">udgør</wf>
         <wf lemma="den" pos="X">den</wf>
         <wf lemma="anden" pos="X">anden</wf>
         <wf lemma="store" pos="X">store</wf>
         <wf lemma="gruppe" pos="X">gruppe</wf>
         <wf lemma="." pos="X">.</wf>
      </sentence>
      <sentence id="d000.s2314" source="wordnet-danish">
         <wf lemma="når" pos="X">når</wf>
         <wf lemma="det" pos="X">det</wf>
         <wf lemma="brændte" pos="X">brændte</wf>
         <wf lemma="mest" pos="X">mest</wf>
         <wf lemma="på" pos="X">på</wf>
         <wf lemma="," pos="X">,</wf>
         <wf lemma="måtte" pos="X">måtte</wf>
         <wf lemma="min" pos="X">min</wf>
         <wf lemma="ældste" pos="X">ældste</wf>
         <wf lemma="bror" pos="X">bror</wf>
         <wf lemma="tage" pos="X">tage</wf>
         <wf lemma="ind" pos="X">ind</wf>
         <wf lemma="til" pos="X">til</wf>
         <wf lemma="Sakskøbing" pos="X">Sakskøbing</wf>
         <wf lemma="og" pos="X">og</wf>
         <wf lemma="få" pos="X">få</wf>
         <wf lemma="et" pos="X">et</wf>
         <wf lemma="lille" pos="X">lille</wf>
         <instance id="d000.s2314.t000" lemma="forskud" pos="NOUN">forskud</instance>
         <wf lemma="på" pos="X">på</wf>
         <wf lemma="arven" pos="X">arven</wf>
         <wf lemma="." pos="X">.</wf>
      </sentence>
      <sentence id="d000.s2315" source="wordnet-danish">
         <wf lemma="trods" pos="X">trods</wf>
         <wf lemma="mine" pos="X">mine</wf>
         <wf lemma="ihærdige" pos="X">ihærdige</wf>
         <wf lemma="forsøg" pos="X">forsøg</wf>
         <wf lemma="på" pos="X">på</wf>
         <wf lemma="at" pos="X">at</wf>
         <wf lemma="komme" pos="X">komme</wf>
         <wf lemma="rigtig" pos="X">rigtig</wf>
         <wf lemma="i" pos="X">i</wf>
         <wf lemma="kontakt" pos="X">kontakt</wf>
         <wf lemma="med" pos="X">med</wf>
         <wf lemma="ham" pos="X">ham</wf>
         <wf lemma="," pos="X">,</wf>
         <wf lemma="lykkedes" pos="X">lykkedes</wf>
         <wf lemma="det" pos="X">det</wf>
         <wf lemma="ikke" pos="X">ikke</wf>
         <wf lemma="." pos="X">.</wf>
         <wf lemma="Han" pos="X">Han</wf>
         <instance id="d000.s2315.t000" lemma="ignorere" pos="VERB">ignorerede</instance>
         <wf lemma="mig" pos="X">mig</wf>
         <wf lemma="simpelthen" pos="X">simpelthen</wf>
         <wf lemma="." pos="X">.</wf>
      </sentence>
      <sentence id="d000.s2316" source="wordnet-danish">
         <wf lemma="Når" pos="X">Når</wf>
         <wf lemma="en" pos="X">en</wf>
         <wf lemma="præsident" pos="X">præsident</wf>
         <wf lemma="mister" pos="X">mister</wf>
         <wf lemma="sin" pos="X">sin</wf>
         <instance id="d000.s2316.t000" lemma="troværdighed" pos="NOUN">troværdighed</instance>
         <wf lemma="," pos="X">,</wf>
         <wf lemma="mister" pos="X">mister</wf>
         <wf lemma="han" pos="X">han</wf>
         <wf lemma="også" pos="X">også</wf>
         <wf lemma="sin" pos="X">sin</wf>
         <wf lemma="politiske" pos="X">politiske</wf>
         <wf lemma="autoritet" pos="X">autoritet</wf>
         <wf lemma="." pos="X">.</wf>
      </sentence>
      <sentence id="d000.s2317" source="wordnet-danish">
         <wf lemma="Gruppen" pos="X">Gruppen</wf>
         <wf lemma="der" pos="X">der</wf>
         <wf lemma="er" pos="X">er</wf>
         <instance id="d000.s2317.t000" lemma="danne" pos="VERB">dannet</instance>
         <wf lemma="af" pos="X">af</wf>
         <wf lemma="Annie" pos="X">Annie</wf>
         <wf lemma="Larsen" pos="X">Larsen</wf>
         <wf lemma="," pos="X">,</wf>
         <wf lemma="synger" pos="X">synger</wf>
         <wf lemma="på" pos="X">på</wf>
         <wf lemma="dansk" pos="X">dansk</wf>
         <wf lemma="med" pos="X">med</wf>
         <wf lemma="engelsk" pos="X">engelsk</wf>
         <wf lemma="klingende" pos="X">klingende</wf>
         <wf lemma="lyd" pos="X">lyd</wf>
         <wf lemma="." pos="X">.</wf>
      </sentence>
      <sentence id="d000.s2318" source="wordnet-danish">
         <wf lemma="Fårup" pos="X">Fårup</wf>
         <wf lemma="Sommerland" pos="X">Sommerland</wf>
         <wf lemma="har" pos="X">har</wf>
         <wf lemma="allerede" pos="X">allerede</wf>
         <wf lemma="nu" pos="X">nu</wf>
         <wf lemma="haft" pos="X">haft</wf>
         <wf lemma="over" pos="X">over</wf>
         <wf lemma="40.000" pos="X">40.000</wf>
         <instance id="d000.s2318.t000" lemma="besøge" pos="VERB">besøgende</instance>
         <wf lemma="mere" pos="X">mere</wf>
         <wf lemma="end" pos="X">end</wf>
         <wf lemma="i" pos="X">i</wf>
         <wf lemma="fjor" pos="X">fjor</wf>
         <wf lemma="." pos="X">.</wf>
      </sentence>
      <sentence id="d000.s2319" source="wordnet-danish">
         <wf lemma="Proletariatets" pos="X">Proletariatets</wf>
         <wf lemma="organiserede" pos="X">organiserede</wf>
         <wf lemma="klassekamp" pos="X">klassekamp</wf>
         <wf lemma="mod" pos="X">mod</wf>
         <wf lemma="den" pos="X">den</wf>
         <wf lemma="borgerlige" pos="X">borgerlige</wf>
         <wf lemma="statsmagt" pos="X">statsmagt</wf>
         <wf lemma="er" pos="X">er</wf>
         <wf lemma="forudsætningen" pos="X">forudsætningen</wf>
         <wf lemma="for" pos="X">for</wf>
         <wf lemma="den" pos="X">den</wf>
         <instance id="d000.s2319.t000" lemma="socialistisk" pos="ADJ">socialistiske</instance>
         <wf lemma="revolution" pos="X">revolution</wf>
         <wf lemma="." pos="X">.</wf>
      </sentence>
      <sentence id="d000.s2320" source="wordnet-danish">
         <wf lemma="Vi" pos="X">Vi</wf>
         <wf lemma="er" pos="X">er</wf>
         <wf lemma="nu" pos="X">nu</wf>
         <instance id="d000.s2320.t000" lemma="nå" pos="VERB">nået</instance>
         <wf lemma="så" pos="X">så</wf>
         <wf lemma="langt" pos="X">langt</wf>
         <wf lemma="," pos="X">,</wf>
         <wf lemma="at" pos="X">at</wf>
         <wf lemma="vi" pos="X">vi</wf>
         <wf lemma="kan" pos="X">kan</wf>
         <wf lemma="opstille" pos="X">opstille</wf>
         <wf lemma="et" pos="X">et</wf>
         <wf lemma="foreløbigt" pos="X">foreløbigt</wf>
         <wf lemma="budget" pos="X">budget</wf>
         <wf lemma="." pos="X">.</wf>
      </sentence>
      <sentence id="d000.s2321" source="wordnet-danish">
         <wf lemma="I" pos="X">I</wf>
         <wf lemma="Finansministeriet" pos="X">Finansministeriet</wf>
         <wf lemma="konstaterer" pos="X">konstaterer</wf>
         <wf lemma="man" pos="X">man</wf>
         <wf lemma="," pos="X">,</wf>
         <wf lemma="at" pos="X">at</wf>
         <wf lemma="der" pos="X">der</wf>
         <wf lemma="bliver" pos="X">bliver</wf>
         <wf lemma="underskud" pos="X">underskud</wf>
         <wf lemma="på" pos="X">på</wf>
         <wf lemma="op" pos="X">op</wf>
         <wf lemma="mod" pos="X">mod</wf>
         <wf lemma="40" pos="X">40</wf>
         <wf lemma="mia." pos="X">mia.</wf>
         <wf lemma="kr." pos="X">kr.</wf>
         <wf lemma="--" pos="X">--</wf>
         <wf lemma="og" pos="X">og</wf>
         <wf lemma="det" pos="X">det</wf>
         <wf lemma="er" pos="X">er</wf>
         <wf lemma="vel" pos="X">vel</wf>
         <wf lemma="at" pos="X">at</wf>
         <wf lemma="mærke" pos="X">mærke</wf>
         <wf lemma="muligt" pos="X">muligt</wf>
         <wf lemma="," pos="X">,</wf>
         <wf lemma="fordi" pos="X">fordi</wf>
         <wf lemma="staten" pos="X">staten</wf>
         <wf lemma="ikke" pos="X">ikke</wf>
         <wf lemma="behøver" pos="X">behøver</wf>
         <instance id="d000.s2321.t000" lemma="balance" pos="NOUN">balance</instance>
         <wf lemma="i" pos="X">i</wf>
         <wf lemma="regnskabet" pos="X">regnskabet</wf>
         <wf lemma="." pos="X">.</wf>
      </sentence>
      <sentence id="d000.s2322" source="wordnet-danish">
         <wf lemma="Solen" pos="X">Solen</wf>
         <wf lemma="stod" pos="X">stod</wf>
         <wf lemma="lavt" pos="X">lavt</wf>
         <wf lemma="nu" pos="X">nu</wf>
         <wf lemma="og" pos="X">og</wf>
         <wf lemma="en" pos="X">en</wf>
         <wf lemma="bleg" pos="X">bleg</wf>
         <instance id="d000.s2322.t000" lemma="måne" pos="NOUN">måne</instance>
         <wf lemma="var" pos="X">var</wf>
         <wf lemma="begyndt" pos="X">begyndt</wf>
         <wf lemma="at" pos="X">at</wf>
         <wf lemma="dukke" pos="X">dukke</wf>
         <wf lemma="frem" pos="X">frem</wf>
         <wf lemma="." pos="X">.</wf>
      </sentence>
      <sentence id="d000.s2323" source="wordnet-danish">
         <wf lemma="Gerda" pos="X">Gerda</wf>
         <wf lemma="måtte" pos="X">måtte</wf>
         <instance id="d000.s2323.t000" lemma="advare" pos="VERB">advare</instance>
         <wf lemma="ham" pos="X">ham</wf>
         <wf lemma="om" pos="X">om</wf>
         <wf lemma="at" pos="X">at</wf>
         <wf lemma="stolene" pos="X">stolene</wf>
         <wf lemma="havde" pos="X">havde</wf>
         <wf lemma="det" pos="X">det</wf>
         <wf lemma="med" pos="X">med</wf>
         <wf lemma="at" pos="X">at</wf>
         <wf lemma="kollapse" pos="X">kollapse</wf>
         <wf lemma="." pos="X">.</wf>
      </sentence>
      <sentence id="d000.s2324" source="wordnet-danish">
         <wf lemma="hans" pos="X">hans</wf>
         <instance id="d000.s2324.t000" lemma="blik" pos="NOUN">blik</instance>
         <wf lemma="strejfede" pos="X">strejfede</wf>
         <wf lemma="fotografiet" pos="X">fotografiet</wf>
         <wf lemma="af" pos="X">af</wf>
         <wf lemma="de" pos="X">de</wf>
         <wf lemma="to" pos="X">to</wf>
         <wf lemma="børn" pos="X">børn</wf>
         <wf lemma="." pos="X">.</wf>
      </sentence>
      <sentence id="d000.s2325" source="wordnet-danish">
         <wf lemma="en" pos="X">en</wf>
         <wf lemma="erfaren" pos="X">erfaren</wf>
         <wf lemma="slyngel" pos="X">slyngel</wf>
         <wf lemma="og" pos="X">og</wf>
         <instance id="d000.s2325.t000" lemma="bedrager" pos="NOUN">bedrager</instance>
         <wf lemma="," pos="X">,</wf>
         <wf lemma="som" pos="X">som</wf>
         <wf lemma="livet" pos="X">livet</wf>
         <wf lemma="igennem" pos="X">igennem</wf>
         <wf lemma="har" pos="X">har</wf>
         <wf lemma="vadet" pos="X">vadet</wf>
         <wf lemma="i" pos="X">i</wf>
         <wf lemma="penge" pos="X">penge</wf>
         <wf lemma="," pos="X">,</wf>
         <wf lemma="der" pos="X">der</wf>
         <wf lemma="aldrig" pos="X">aldrig</wf>
         <wf lemma="var" pos="X">var</wf>
         <wf lemma="hans" pos="X">hans</wf>
         <wf lemma="egne" pos="X">egne</wf>
         <wf lemma="." pos="X">.</wf>
      </sentence>
      <sentence id="d000.s2326" source="wordnet-danish">
         <wf lemma="De" pos="X">De</wf>
         <wf lemma="gamle" pos="X">gamle</wf>
         <wf lemma="strukturer" pos="X">strukturer</wf>
         <wf lemma="skal" pos="X">skal</wf>
         <wf lemma="brydes" pos="X">brydes</wf>
         <wf lemma="op" pos="X">op</wf>
         <wf lemma="og" pos="X">og</wf>
         <wf lemma="det" pos="X">det</wf>
         <wf lemma="betyder" pos="X">betyder</wf>
         <wf lemma="," pos="X">,</wf>
         <wf lemma="at" pos="X">at</wf>
         <wf lemma="der" pos="X">der</wf>
         <wf lemma="må" pos="X">må</wf>
         <wf lemma="gennemføres" pos="X">gennemføres</wf>
         <wf lemma="en" pos="X">en</wf>
         <instance id="d000.s2326.t000" lemma="reform" pos="NOUN">reform</instance>
         <wf lemma="af" pos="X">af</wf>
         <wf lemma="arbejdsløshedsforsikringen" pos="X">arbejdsløshedsforsikringen</wf>
         <wf lemma="." pos="X">.</wf>
      </sentence>
      <sentence id="d000.s2327" source="wordnet-danish">
         <wf lemma="En" pos="X">En</wf>
         <wf lemma="koncert" pos="X">koncert</wf>
         <wf lemma="med" pos="X">med</wf>
         <instance id="d000.s2327.t000" lemma="amatør" pos="NOUN">amatører</instance>
         <wf lemma="på" pos="X">på</wf>
         <wf lemma="et" pos="X">et</wf>
         <wf lemma="jævnt" pos="X">jævnt</wf>
         <wf lemma="teknisk" pos="X">teknisk</wf>
         <wf lemma="plan" pos="X">plan</wf>
         <wf lemma="kan" pos="X">kan</wf>
         <wf lemma="f.eks." pos="X">f.eks.</wf>
         <wf lemma="i" pos="X">i</wf>
         <wf lemma="kraft" pos="X">kraft</wf>
         <wf lemma="af" pos="X">af</wf>
         <wf lemma="musikernes" pos="X">musikernes</wf>
         <wf lemma="engagement" pos="X">engagement</wf>
         <wf lemma="og" pos="X">og</wf>
         <wf lemma="entusiasme" pos="X">entusiasme</wf>
         <wf lemma="være" pos="X">være</wf>
         <wf lemma="en" pos="X">en</wf>
         <wf lemma="større" pos="X">større</wf>
         <wf lemma="oplevelse" pos="X">oplevelse</wf>
         <wf lemma="end" pos="X">end</wf>
         <wf lemma="en" pos="X">en</wf>
         <wf lemma="rutinepræget" pos="X">rutinepræget</wf>
         <wf lemma="koncert" pos="X">koncert</wf>
         <wf lemma="på" pos="X">på</wf>
         <wf lemma="højt" pos="X">højt</wf>
         <wf lemma="professionelt" pos="X">professionelt</wf>
         <wf lemma="niveau" pos="X">niveau</wf>
         <wf lemma="." pos="X">.</wf>
      </sentence>
      <sentence id="d000.s2328" source="wordnet-danish">
         <wf lemma="Turister" pos="X">Turister</wf>
         <wf lemma="kommer" pos="X">kommer</wf>
         <wf lemma="ikke" pos="X">ikke</wf>
         <wf lemma="til" pos="X">til</wf>
         <wf lemma="Danmark" pos="X">Danmark</wf>
         <wf lemma="ved" pos="X">ved</wf>
         <wf lemma="et" pos="X">et</wf>
         <wf lemma="tilfælde" pos="X">tilfælde</wf>
         <wf lemma="." pos="X">.</wf>
         <wf lemma="De" pos="X">De</wf>
         <wf lemma="skal" pos="X">skal</wf>
         <wf lemma="lokkes" pos="X">lokkes</wf>
         <wf lemma="," pos="X">,</wf>
         <wf lemma="og" pos="X">og</wf>
         <instance id="d000.s2328.t000" lemma="lokkemad" pos="NOUN">lokkemadens</instance>
         <wf lemma="hovedingrediens" pos="X">hovedingrediens</wf>
         <wf lemma="er" pos="X">er</wf>
         <wf lemma="service" pos="X">service</wf>
         <wf lemma="." pos="X">.</wf>
      </sentence>
      <sentence id="d000.s2329" source="wordnet-danish">
         <wf lemma="Jeg" pos="X">Jeg</wf>
         <wf lemma="trak" pos="X">trak</wf>
         <wf lemma="en" pos="X">en</wf>
         <instance id="d000.s2329.t000" lemma="stol" pos="NOUN">stol</instance>
         <wf lemma="hen" pos="X">hen</wf>
         <wf lemma="til" pos="X">til</wf>
         <wf lemma="vinduet" pos="X">vinduet</wf>
         <wf lemma="og" pos="X">og</wf>
         <wf lemma="satte" pos="X">satte</wf>
         <wf lemma="mig" pos="X">mig</wf>
         <wf lemma="for" pos="X">for</wf>
         <wf lemma="at" pos="X">at</wf>
         <wf lemma="glo" pos="X">glo</wf>
         <wf lemma="ud" pos="X">ud</wf>
         <wf lemma="." pos="X">.</wf>
      </sentence>
      <sentence id="d000.s2330" source="wordnet-danish">
         <wf lemma="Han" pos="X">Han</wf>
         <wf lemma="lå" pos="X">lå</wf>
         <wf lemma="på" pos="X">på</wf>
         <instance id="d000.s2330.t000" lemma="infirmeri" pos="NOUN">infirmeriet</instance>
         <wf lemma="med" pos="X">med</wf>
         <wf lemma="røde" pos="X">røde</wf>
         <wf lemma="hunde" pos="X">hunde</wf>
         <wf lemma="og" pos="X">og</wf>
         <wf lemma="havde" pos="X">havde</wf>
         <wf lemma="nu" pos="X">nu</wf>
         <wf lemma="tid" pos="X">tid</wf>
         <wf lemma="til" pos="X">til</wf>
         <wf lemma="at" pos="X">at</wf>
         <wf lemma="skrive" pos="X">skrive</wf>
         <wf lemma="grundigt" pos="X">grundigt</wf>
         <wf lemma="om" pos="X">om</wf>
         <wf lemma="soldatertjenesten" pos="X">soldatertjenesten</wf>
         <wf lemma="og" pos="X">og</wf>
         <wf lemma="litteraturen" pos="X">litteraturen</wf>
         <wf lemma="." pos="X">.</wf>
      </sentence>
      <sentence id="d000.s2331" source="wordnet-danish">
         <wf lemma="Hvis" pos="X">Hvis</wf>
         <wf lemma="der" pos="X">der</wf>
         <wf lemma="på" pos="X">på</wf>
         <wf lemma="grund" pos="X">grund</wf>
         <wf lemma="af" pos="X">af</wf>
         <wf lemma="vedvarende" pos="X">vedvarende</wf>
         <wf lemma="sygdom" pos="X">sygdom</wf>
         <wf lemma="eller" pos="X">eller</wf>
         <instance id="d000.s2331.t000" lemma="svaghed" pos="NOUN">svaghed</instance>
         <wf lemma="er" pos="X">er</wf>
         <wf lemma="brug" pos="X">brug</wf>
         <wf lemma="for" pos="X">for</wf>
         <wf lemma="praktisk" pos="X">praktisk</wf>
         <wf lemma="bistand" pos="X">bistand</wf>
         <wf lemma="til" pos="X">til</wf>
         <wf lemma="at" pos="X">at</wf>
         <wf lemma="klare" pos="X">klare</wf>
         <wf lemma="den" pos="X">den</wf>
         <wf lemma="daglige" pos="X">daglige</wf>
         <wf lemma="husførelse" pos="X">husførelse</wf>
         <wf lemma="," pos="X">,</wf>
         <wf lemma="kan" pos="X">kan</wf>
         <wf lemma="der" pos="X">der</wf>
         <wf lemma="ydes" pos="X">ydes</wf>
         <wf lemma="hjælp" pos="X">hjælp</wf>
         <wf lemma="hertil" pos="X">hertil</wf>
         <wf lemma="." pos="X">.</wf>
      </sentence>
      <sentence id="d000.s2332" source="wordnet-danish">
         <wf lemma="i" pos="X">i</wf>
         <wf lemma="afdødes" pos="X">afdødes</wf>
         <instance id="d000.s2332.t000" lemma="efterlade" pos="VERB">efterladte</instance>
         <wf lemma="papirer" pos="X">papirer</wf>
         <wf lemma="var" pos="X">var</wf>
         <wf lemma="det" pos="X">det</wf>
         <wf lemma="optegnet" pos="X">optegnet</wf>
         <wf lemma="," pos="X">,</wf>
         <wf lemma="at" pos="X">at</wf>
         <wf lemma="arven" pos="X">arven</wf>
         <wf lemma="skulle" pos="X">skulle</wf>
         <wf lemma="bruges" pos="X">bruges</wf>
         <wf lemma="til" pos="X">til</wf>
         <wf lemma="et" pos="X">et</wf>
         <wf lemma="legat" pos="X">legat</wf>
         <wf lemma="." pos="X">.</wf>
      </sentence>
      <sentence id="d000.s2333" source="wordnet-danish">
         <wf lemma="De" pos="X">De</wf>
         <wf lemma="er" pos="X">er</wf>
         <wf lemma="vokset" pos="X">vokset</wf>
         <wf lemma="op" pos="X">op</wf>
         <wf lemma="i" pos="X">i</wf>
         <wf lemma="en" pos="X">en</wf>
         <instance id="d000.s2333.t000" lemma="verden" pos="NOUN">verden</instance>
         <wf lemma="," pos="X">,</wf>
         <wf lemma="hvor" pos="X">hvor</wf>
         <wf lemma="intet" pos="X">intet</wf>
         <wf lemma="nogen" pos="X">nogen</wf>
         <wf lemma="sinde" pos="X">sinde</wf>
         <wf lemma="har" pos="X">har</wf>
         <wf lemma="stået" pos="X">stået</wf>
         <wf lemma="i" pos="X">i</wf>
         <wf lemma="vejen" pos="X">vejen</wf>
         <wf lemma="for" pos="X">for</wf>
         <wf lemma="deres" pos="X">deres</wf>
         <wf lemma="bevægelsesfrihed" pos="X">bevægelsesfrihed</wf>
         <wf lemma="." pos="X">.</wf>
      </sentence>
      <sentence id="d000.s2334" source="wordnet-danish">
         <wf lemma="Han" pos="X">Han</wf>
         <wf lemma="tager" pos="X">tager</wf>
         <wf lemma="BT" pos="X">BT</wf>
         <wf lemma="og" pos="X">og</wf>
         <wf lemma="Ekstra" pos="X">Ekstra</wf>
         <wf lemma="Bladet" pos="X">Bladet</wf>
         <wf lemma="," pos="X">,</wf>
         <instance id="d000.s2334.t000" lemma="betale" pos="VERB">betaler</instance>
         <wf lemma="for" pos="X">for</wf>
         <wf lemma="dem" pos="X">dem</wf>
         <wf lemma="og" pos="X">og</wf>
         <wf lemma="går" pos="X">går</wf>
         <wf lemma="ud" pos="X">ud</wf>
         <wf lemma="af" pos="X">af</wf>
         <wf lemma="butikken" pos="X">butikken</wf>
         <wf lemma="." pos="X">.</wf>
      </sentence>
      <sentence id="d000.s2335" source="wordnet-danish">
         <wf lemma="Da" pos="X">Da</wf>
         <wf lemma="han" pos="X">han</wf>
         <wf lemma="kørte" pos="X">kørte</wf>
         <wf lemma="," pos="X">,</wf>
         <wf lemma="stod" pos="X">stod</wf>
         <wf lemma="hun" pos="X">hun</wf>
         <wf lemma="og" pos="X">og</wf>
         <wf lemma="smilede" pos="X">smilede</wf>
         <wf lemma="og" pos="X">og</wf>
         <instance id="d000.s2335.t000" lemma="vinke" pos="VERB">vinkede</instance>
         <wf lemma="til" pos="X">til</wf>
         <wf lemma="ham" pos="X">ham</wf>
         <wf lemma="." pos="X">.</wf>
      </sentence>
      <sentence id="d000.s2336" source="wordnet-danish">
         <wf lemma="AOF" pos="X">AOF</wf>
         <wf lemma="Hovedstaden" pos="X">Hovedstaden</wf>
         <wf lemma="[starter]" pos="X">[starter]</wf>
         <wf lemma="en" pos="X">en</wf>
         <wf lemma="ny" pos="X">ny</wf>
         <wf lemma="og" pos="X">og</wf>
         <wf lemma="spændende" pos="X">spændende</wf>
         <wf lemma="sæson" pos="X">sæson</wf>
         <wf lemma="med" pos="X">med</wf>
         <wf lemma="masser" pos="X">masser</wf>
         <wf lemma="af" pos="X">af</wf>
         <instance id="d000.s2336.t000" lemma="kursustilbud" pos="NOUN">kursustilbud</instance>
         <wf lemma="--" pos="X">--</wf>
         <wf lemma="uddannelse" pos="X">uddannelse</wf>
         <wf lemma="," pos="X">,</wf>
         <wf lemma="kultur" pos="X">kultur</wf>
         <wf lemma="og" pos="X">og</wf>
         <wf lemma="fritid" pos="X">fritid</wf>
         <wf lemma="--" pos="X">--</wf>
         <wf lemma="til" pos="X">til</wf>
         <wf lemma="unge" pos="X">unge</wf>
         <wf lemma="og" pos="X">og</wf>
         <wf lemma="ældre" pos="X">ældre</wf>
         <wf lemma="." pos="X">.</wf>
      </sentence>
      <sentence id="d000.s2337" source="wordnet-danish">
         <wf lemma="Det" pos="X">Det</wf>
         <instance id="d000.s2337.t000" lemma="rykke" pos="VERB">rykkede</instance>
         <wf lemma="i" pos="X">i</wf>
         <wf lemma="pikken" pos="X">pikken</wf>
         <wf lemma="," pos="X">,</wf>
         <wf lemma="som" pos="X">som</wf>
         <wf lemma="snart" pos="X">snart</wf>
         <wf lemma="ikke" pos="X">ikke</wf>
         <wf lemma="kunne" pos="X">kunne</wf>
         <wf lemma="være" pos="X">være</wf>
         <wf lemma="i" pos="X">i</wf>
         <wf lemma="bukserne" pos="X">bukserne</wf>
         <wf lemma="længere" pos="X">længere</wf>
         <wf lemma="." pos="X">.</wf>
      </sentence>
      <sentence id="d000.s2338" source="wordnet-danish">
         <wf lemma="Vi" pos="X">Vi</wf>
         <wf lemma="har" pos="X">har</wf>
         <wf lemma="set" pos="X">set</wf>
         <wf lemma="at" pos="X">at</wf>
         <wf lemma="dette" pos="X">dette</wf>
         <wf lemma="feriekompleks" pos="X">feriekompleks</wf>
         <wf lemma="kan" pos="X">kan</wf>
         <instance id="d000.s2338.t000" lemma="tiltrække" pos="VERB">tiltrække</instance>
         <wf lemma="turister" pos="X">turister</wf>
         <wf lemma="" pos="X"></wf>
         <wf lemma="også" pos="X">også</wf>
         <wf lemma="ved" pos="X">ved</wf>
         <wf lemma="vintertide" pos="X">vintertide</wf>
         <wf lemma="." pos="X">.</wf>
      </sentence>
      <sentence id="d000.s2339" source="wordnet-danish">
         <instance id="d000.s2339.t000" lemma="division" pos="NOUN">divisionen</instance>
         <wf lemma="[går]" pos="X">[går]</wf>
         <wf lemma="aldrig" pos="X">aldrig</wf>
         <wf lemma="op" pos="X">op</wf>
         <wf lemma="," pos="X">,</wf>
         <wf lemma="når" pos="X">når</wf>
         <wf lemma="man" pos="X">man</wf>
         <wf lemma="dividerer" pos="X">dividerer</wf>
         <wf lemma="1" pos="X">1</wf>
         <wf lemma="med" pos="X">med</wf>
         <wf lemma="3" pos="X">3</wf>
         <wf lemma="og" pos="X">og</wf>
         <wf lemma="2" pos="X">2</wf>
         <wf lemma="med" pos="X">med</wf>
         <wf lemma="3." pos="X">3.</wf>
      </sentence>
      <sentence id="d000.s2340" source="wordnet-danish">
         <wf lemma="Statsminister" pos="X">Statsminister</wf>
         <wf lemma="Poul" pos="X">Poul</wf>
         <wf lemma="Schlüter" pos="X">Schlüter</wf>
         <wf lemma="havde" pos="X">havde</wf>
         <wf lemma="torsdag" pos="X">torsdag</wf>
         <wf lemma="ingen" pos="X">ingen</wf>
         <instance id="d000.s2340.t000" lemma="kommentar" pos="NOUN">kommentarer</instance>
         <wf lemma="til" pos="X">til</wf>
         <wf lemma="forhandlingssammenbruddet" pos="X">forhandlingssammenbruddet</wf>
         <wf lemma="." pos="X">.</wf>
      </sentence>
      <sentence id="d000.s2341" source="wordnet-danish">
         <wf lemma="1." pos="X">1.</wf>
         <wf lemma="juli" pos="X">juli</wf>
         <wf lemma="1982" pos="X">1982</wf>
         <wf lemma="blev" pos="X">blev</wf>
         <wf lemma="det" pos="X">det</wf>
         <instance id="d000.s2341.t000" lemma="maksimal" pos="ADJ">maksimale</instance>
         <wf lemma="blyindhold" pos="X">blyindhold</wf>
         <wf lemma="i" pos="X">i</wf>
         <wf lemma="normalbenzin" pos="X">normalbenzin</wf>
         <wf lemma="nedsat" pos="X">nedsat</wf>
         <wf lemma="fra" pos="X">fra</wf>
         <wf lemma="0,40" pos="X">0,40</wf>
         <wf lemma="g" pos="X">g</wf>
         <wf lemma="pr." pos="X">pr.</wf>
         <wf lemma="liter" pos="X">liter</wf>
         <wf lemma="til" pos="X">til</wf>
         <wf lemma="0,15" pos="X">0,15</wf>
         <wf lemma="g" pos="X">g</wf>
         <wf lemma="pr." pos="X">pr.</wf>
         <wf lemma="liter" pos="X">liter</wf>
         <wf lemma="." pos="X">.</wf>
      </sentence>
      <sentence id="d000.s2342" source="wordnet-danish">
         <wf lemma="Lad" pos="X">Lad</wf>
         <wf lemma="os" pos="X">os</wf>
         <wf lemma="være" pos="X">være</wf>
         <instance id="d000.s2342.t000" lemma="optimistisk" pos="ADJ">optimistiske</instance>
         <wf lemma="og" pos="X">og</wf>
         <wf lemma="trods" pos="X">trods</wf>
         <wf lemma="alt" pos="X">alt</wf>
         <wf lemma="tro" pos="X">tro</wf>
         <wf lemma="på" pos="X">på</wf>
         <wf lemma="en" pos="X">en</wf>
         <wf lemma="fremtid" pos="X">fremtid</wf>
         <wf lemma="for" pos="X">for</wf>
         <wf lemma="dansk" pos="X">dansk</wf>
         <wf lemma="landbrug" pos="X">landbrug</wf>
         <wf lemma="." pos="X">.</wf>
      </sentence>
      <sentence id="d000.s2343" source="wordnet-danish">
         <wf lemma="Oven" pos="X">Oven</wf>
         <wf lemma="i" pos="X">i</wf>
         <instance id="d000.s2343.t000" lemma="salær" pos="NOUN">salæret</instance>
         <wf lemma="skal" pos="X">skal</wf>
         <wf lemma="sælgeren" pos="X">sælgeren</wf>
         <wf lemma="betale" pos="X">betale</wf>
         <wf lemma="for" pos="X">for</wf>
         <wf lemma="annoncering" pos="X">annoncering</wf>
         <wf lemma="." pos="X">.</wf>
      </sentence>
      <sentence id="d000.s2344" source="wordnet-danish">
         <wf lemma="En" pos="X">En</wf>
         <wf lemma="stamtavle" pos="X">stamtavle</wf>
         <wf lemma="indeholder" pos="X">indeholder</wf>
         <wf lemma="de" pos="X">de</wf>
         <wf lemma="biologiske" pos="X">biologiske</wf>
         <instance id="d000.s2344.t000" lemma="forfader" pos="NOUN">forfædre</instance>
         <wf lemma="og" pos="X">og</wf>
         <wf lemma="-mødre" pos="X">-mødre</wf>
         <wf lemma="," pos="X">,</wf>
         <wf lemma="man" pos="X">man</wf>
         <wf lemma="kan" pos="X">kan</wf>
         <wf lemma="opspore" pos="X">opspore</wf>
         <wf lemma="navnene" pos="X">navnene</wf>
         <wf lemma="på" pos="X">på</wf>
         <wf lemma="." pos="X">.</wf>
      </sentence>
      <sentence id="d000.s2345" source="wordnet-danish">
         <wf lemma="Vita" pos="X">Vita</wf>
         <wf lemma="havde" pos="X">havde</wf>
         <wf lemma="arvet" pos="X">arvet</wf>
         <wf lemma="forældrenes" pos="X">forældrenes</wf>
         <instance id="d000.s2345.t000" lemma="møbel" pos="NOUN">møbler</instance>
         <wf lemma="sammen" pos="X">sammen</wf>
         <wf lemma="med" pos="X">med</wf>
         <wf lemma="huset" pos="X">huset</wf>
         <wf lemma="." pos="X">.</wf>
      </sentence>
      <sentence id="d000.s2346" source="wordnet-danish">
         <wf lemma="Jeg" pos="X">Jeg</wf>
         <wf lemma="følte" pos="X">følte</wf>
         <wf lemma="mig" pos="X">mig</wf>
         <instance id="d000.s2346.t000" lemma="uvant" pos="ADJ">uvant</instance>
         <wf lemma="opstemt" pos="X">opstemt</wf>
         <wf lemma="." pos="X">.</wf>
      </sentence>
      <sentence id="d000.s2347" source="wordnet-danish">
         <wf lemma="Færgen" pos="X">Færgen</wf>
         <wf lemma="er" pos="X">er</wf>
         <wf lemma="en" pos="X">en</wf>
         <instance id="d000.s2347.t000" lemma="model" pos="NOUN">model</instance>
         <wf lemma="i" pos="X">i</wf>
         <wf lemma="1:4." pos="X">1:4.</wf>
      </sentence>
      <sentence id="d000.s2348" source="wordnet-danish">
         <wf lemma="en" pos="X">en</wf>
         <wf lemma="tidlig" pos="X">tidlig</wf>
         <wf lemma="påvisning" pos="X">påvisning</wf>
         <wf lemma="af" pos="X">af</wf>
         <wf lemma="brystkræft" pos="X">brystkræft</wf>
         <wf lemma="[betyder]" pos="X">[betyder]</wf>
         <wf lemma="mere" pos="X">mere</wf>
         <wf lemma="skånsomme" pos="X">skånsomme</wf>
         <instance id="d000.s2348.t000" lemma="indgreb" pos="NOUN">indgreb</instance>
         <wf lemma="." pos="X">.</wf>
      </sentence>
      <sentence id="d000.s2349" source="wordnet-danish">
         <wf lemma="I" pos="X">I</wf>
         <wf lemma="et" pos="X">et</wf>
         <wf lemma="mere" pos="X">mere</wf>
         <wf lemma="abstrakt" pos="X">abstrakt</wf>
         <wf lemma="melodisk" pos="X">melodisk</wf>
         <wf lemma="spil" pos="X">spil</wf>
         <wf lemma="," pos="X">,</wf>
         <wf lemma="hentet" pos="X">hentet</wf>
         <wf lemma="ud" pos="X">ud</wf>
         <wf lemma="af" pos="X">af</wf>
         <wf lemma="akkordgrundlaget" pos="X">akkordgrundlaget</wf>
         <wf lemma="," pos="X">,</wf>
         <wf lemma="kom" pos="X">kom</wf>
         <wf lemma="dele" pos="X">dele</wf>
         <wf lemma="af" pos="X">af</wf>
         <instance id="d000.s2349.t000" lemma="tema" pos="NOUN">temaet</instance>
         <wf lemma="efterhånden" pos="X">efterhånden</wf>
         <wf lemma="til" pos="X">til</wf>
         <wf lemma="syne" pos="X">syne</wf>
         <wf lemma="." pos="X">.</wf>
      </sentence>
      <sentence id="d000.s2350" source="wordnet-danish">
         <instance id="d000.s2350.t000" lemma="kølle" pos="NOUN">køllen</instance>
         <wf lemma="udbenes" pos="X">udbenes</wf>
         <wf lemma="og" pos="X">og</wf>
         <wf lemma="fyldes" pos="X">fyldes</wf>
         <wf lemma="med" pos="X">med</wf>
         <wf lemma="persille" pos="X">persille</wf>
         <wf lemma="," pos="X">,</wf>
         <wf lemma="hvorefter" pos="X">hvorefter</wf>
         <wf lemma="den" pos="X">den</wf>
         <wf lemma="bindes" pos="X">bindes</wf>
         <wf lemma="sammen" pos="X">sammen</wf>
         <wf lemma="." pos="X">.</wf>
      </sentence>
      <sentence id="d000.s2351" source="wordnet-danish">
         <wf lemma="I" pos="X">I</wf>
         <wf lemma="denne" pos="X">denne</wf>
         <wf lemma="uge" pos="X">uge</wf>
         <wf lemma="er" pos="X">er</wf>
         <wf lemma="hovedgevinsten" pos="X">hovedgevinsten</wf>
         <wf lemma="en" pos="X">en</wf>
         <instance id="d000.s2351.t000" lemma="rejse" pos="NOUN">rejse</instance>
         <wf lemma="for" pos="X">for</wf>
         <wf lemma="to" pos="X">to</wf>
         <wf lemma="til" pos="X">til</wf>
         <wf lemma="Det" pos="X">Det</wf>
         <wf lemma="fjerne" pos="X">fjerne</wf>
         <wf lemma="Østen" pos="X">Østen</wf>
         <wf lemma="." pos="X">.</wf>
      </sentence>
      <sentence id="d000.s2352" source="wordnet-danish">
         <wf lemma="Freuds" pos="X">Freuds</wf>
         <instance id="d000.s2352.t000" lemma="model" pos="NOUN">model</instance>
         <wf lemma="af" pos="X">af</wf>
         <wf lemma="det" pos="X">det</wf>
         <wf lemma="ubevidste" pos="X">ubevidste</wf>
         <wf lemma="." pos="X">.</wf>
      </sentence>
      <sentence id="d000.s2353" source="wordnet-danish">
         <wf lemma="Den" pos="X">Den</wf>
         <instance id="d000.s2353.t000" lemma="følsomhed" pos="NOUN">følsomhed</instance>
         <wf lemma="," pos="X">,</wf>
         <wf lemma="som" pos="X">som</wf>
         <wf lemma="man" pos="X">man</wf>
         <wf lemma="finder" pos="X">finder</wf>
         <wf lemma="i" pos="X">i</wf>
         <wf lemma="Kaarina" pos="X">Kaarina</wf>
         <wf lemma="Sepponens" pos="X">Sepponens</wf>
         <wf lemma="konkrete" pos="X">konkrete</wf>
         <wf lemma="billeder" pos="X">billeder</wf>
         <wf lemma="i" pos="X">i</wf>
         <wf lemma="pakhuset" pos="X">pakhuset</wf>
         <wf lemma="," pos="X">,</wf>
         <wf lemma="går" pos="X">går</wf>
         <wf lemma="igen" pos="X">igen</wf>
         <wf lemma="i" pos="X">i</wf>
         <wf lemma="hendes" pos="X">hendes</wf>
         <wf lemma="brune" pos="X">brune</wf>
         <wf lemma="tegninger" pos="X">tegninger</wf>
         <wf lemma="af" pos="X">af</wf>
         <wf lemma="træer" pos="X">træer</wf>
         <wf lemma="og" pos="X">og</wf>
         <wf lemma="landskaber" pos="X">landskaber</wf>
         <wf lemma="." pos="X">.</wf>
      </sentence>
      <sentence id="d000.s2354" source="wordnet-danish">
         <wf lemma="Skær" pos="X">Skær</wf>
         <wf lemma="syltede" pos="X">syltede</wf>
         <wf lemma="pomeransskaller" pos="X">pomeransskaller</wf>
         <wf lemma="i" pos="X">i</wf>
         <wf lemma="ca." pos="X">ca.</wf>
         <wf lemma="1/2" pos="X">1/2</wf>
         <wf lemma="cm" pos="X">cm</wf>
         <wf lemma="brede" pos="X">brede</wf>
         <instance id="d000.s2354.t000" lemma="strimmel" pos="NOUN">strimler</instance>
         <wf lemma="." pos="X">.</wf>
      </sentence>
      <sentence id="d000.s2355" source="wordnet-danish">
         <wf lemma="Småbørn" pos="X">Småbørn</wf>
         <wf lemma="er" pos="X">er</wf>
         <instance id="d000.s2355.t000" lemma="nysgerrig" pos="ADJ">nysgerrige</instance>
         <wf lemma="og" pos="X">og</wf>
         <wf lemma="undersøger" pos="X">undersøger</wf>
         <wf lemma="ting" pos="X">ting</wf>
         <wf lemma="ved" pos="X">ved</wf>
         <wf lemma="at" pos="X">at</wf>
         <wf lemma="smage" pos="X">smage</wf>
         <wf lemma="på" pos="X">på</wf>
         <wf lemma="dem" pos="X">dem</wf>
         <wf lemma="." pos="X">.</wf>
      </sentence>
      <sentence id="d000.s2356" source="wordnet-danish">
         <wf lemma="Jeg" pos="X">Jeg</wf>
         <wf lemma="skal" pos="X">skal</wf>
         <wf lemma="vise" pos="X">vise</wf>
         <wf lemma="," pos="X">,</wf>
         <wf lemma="hvordan" pos="X">hvordan</wf>
         <wf lemma="man" pos="X">man</wf>
         <wf lemma="får" pos="X">får</wf>
         <wf lemma="de" pos="X">de</wf>
         <wf lemma="800" pos="X">800</wf>
         <wf lemma="m" pos="X">m</wf>
         <instance id="d000.s2356.t000" lemma="silke" pos="NOUN">silke</instance>
         <wf lemma="af" pos="X">af</wf>
         <wf lemma="kokonen" pos="X">kokonen</wf>
         <wf lemma="," pos="X">,</wf>
         <wf lemma="som" pos="X">som</wf>
         <wf lemma="kan" pos="X">kan</wf>
         <wf lemma="afhaspes" pos="X">afhaspes</wf>
         <wf lemma="i" pos="X">i</wf>
         <wf lemma="én" pos="X">én</wf>
         <wf lemma="tråd" pos="X">tråd</wf>
         <wf lemma="." pos="X">.</wf>
      </sentence>
      <sentence id="d000.s2357" source="wordnet-danish">
         <wf lemma="Mens" pos="X">Mens</wf>
         <wf lemma="hun" pos="X">hun</wf>
         <wf lemma="altid" pos="X">altid</wf>
         <wf lemma="er" pos="X">er</wf>
         <wf lemma="parat" pos="X">parat</wf>
         <wf lemma="til" pos="X">til</wf>
         <wf lemma="at" pos="X">at</wf>
         <wf lemma="give" pos="X">give</wf>
         <wf lemma="medierne" pos="X">medierne</wf>
         <wf lemma="en" pos="X">en</wf>
         <wf lemma="informativ" pos="X">informativ</wf>
         <wf lemma="kommentar" pos="X">kommentar</wf>
         <wf lemma="om" pos="X">om</wf>
         <wf lemma="det" pos="X">det</wf>
         <wf lemma="politiske" pos="X">politiske</wf>
         <wf lemma="," pos="X">,</wf>
         <wf lemma="så" pos="X">så</wf>
         <wf lemma="holder" pos="X">holder</wf>
         <wf lemma="hun" pos="X">hun</wf>
         <wf lemma="hermetisk" pos="X">hermetisk</wf>
         <wf lemma="lukket" pos="X">lukket</wf>
         <wf lemma="til" pos="X">til</wf>
         <instance id="d000.s2357.t000" lemma="privatliv" pos="NOUN">privatlivet</instance>
         <wf lemma="." pos="X">.</wf>
      </sentence>
      <sentence id="d000.s2358" source="wordnet-danish">
         <wf lemma="flere" pos="X">flere</wf>
         <wf lemma="og" pos="X">og</wf>
         <wf lemma="flere" pos="X">flere</wf>
         <wf lemma="danskere" pos="X">danskere</wf>
         <wf lemma="dyrker" pos="X">dyrker</wf>
         <instance id="d000.s2358.t000" lemma="idræt" pos="NOUN">idræt</instance>
         <wf lemma="--" pos="X">--</wf>
         <wf lemma="og" pos="X">og</wf>
         <wf lemma="det" pos="X">det</wf>
         <wf lemma="er" pos="X">er</wf>
         <wf lemma="især" pos="X">især</wf>
         <wf lemma="motionisternes" pos="X">motionisternes</wf>
         <wf lemma="antal" pos="X">antal</wf>
         <wf lemma="," pos="X">,</wf>
         <wf lemma="der" pos="X">der</wf>
         <wf lemma="vokser" pos="X">vokser</wf>
         <wf lemma="." pos="X">.</wf>
      </sentence>
      <sentence id="d000.s2359" source="wordnet-danish">
         <instance id="d000.s2359.t000" lemma="ret" pos="NOUN">Retten</instance>
         <wf lemma="til" pos="X">til</wf>
         <wf lemma="løn" pos="X">løn</wf>
         <wf lemma="under" pos="X">under</wf>
         <wf lemma="graviditet" pos="X">graviditet</wf>
         <wf lemma="og" pos="X">og</wf>
         <wf lemma="barselsorlov" pos="X">barselsorlov</wf>
         <wf lemma="er" pos="X">er</wf>
         <wf lemma="et" pos="X">et</wf>
         <wf lemma="overenskomstmæssigt" pos="X">overenskomstmæssigt</wf>
         <wf lemma="anliggende" pos="X">anliggende</wf>
         <wf lemma="." pos="X">.</wf>
      </sentence>
      <sentence id="d000.s2360" source="wordnet-danish">
         <wf lemma="Hér" pos="X">Hér</wf>
         <wf lemma="er" pos="X">er</wf>
         <wf lemma="mit" pos="X">mit</wf>
         <instance id="d000.s2360.t000" lemma="kort" pos="NOUN">kort</instance>
         <wf lemma="med" pos="X">med</wf>
         <wf lemma="nummeret" pos="X">nummeret</wf>
         <wf lemma="på" pos="X">på</wf>
         <wf lemma="min" pos="X">min</wf>
         <wf lemma="biltelefon" pos="X">biltelefon</wf>
         <wf lemma="." pos="X">.</wf>
         <wf lemma="Det" pos="X">Det</wf>
         <wf lemma="er" pos="X">er</wf>
         <wf lemma="bare" pos="X">bare</wf>
         <wf lemma="at" pos="X">at</wf>
         <wf lemma="kalde" pos="X">kalde</wf>
         <wf lemma="." pos="X">.</wf>
      </sentence>
      <sentence id="d000.s2361" source="wordnet-danish">
         <wf lemma="Duften" pos="X">Duften</wf>
         <wf lemma="af" pos="X">af</wf>
         <wf lemma="nybagte" pos="X">nybagte</wf>
         <wf lemma="boller" pos="X">boller</wf>
         <wf lemma="lokker" pos="X">lokker</wf>
         <wf lemma="både" pos="X">både</wf>
         <wf lemma="Jesper" pos="X">Jesper</wf>
         <wf lemma="," pos="X">,</wf>
         <wf lemma="Stine" pos="X">Stine</wf>
         <wf lemma="og" pos="X">og</wf>
         <wf lemma="Julie" pos="X">Julie</wf>
         <wf lemma="ud" pos="X">ud</wf>
         <wf lemma="i" pos="X">i</wf>
         <instance id="d000.s2361.t000" lemma="køkken" pos="NOUN">køkkenet</instance>
         <wf lemma="." pos="X">.</wf>
      </sentence>
      <sentence id="d000.s2362" source="wordnet-danish">
         <wf lemma="forældre" pos="X">forældre</wf>
         <instance id="d000.s2362.t000" lemma="behandle" pos="VERB">behandler</instance>
         <wf lemma="man" pos="X">man</wf>
         <wf lemma="med" pos="X">med</wf>
         <wf lemma="ærbødighed" pos="X">ærbødighed</wf>
         <wf lemma="og" pos="X">og</wf>
         <wf lemma="respekt" pos="X">respekt</wf>
         <wf lemma="." pos="X">.</wf>
      </sentence>
      <sentence id="d000.s2363" source="wordnet-danish">
         <wf lemma="markerne" pos="X">markerne</wf>
         <wf lemma="er" pos="X">er</wf>
         <instance id="d000.s2363.t000" lemma="virkelig" pos="ADJ">virkelige</instance>
         <wf lemma="," pos="X">,</wf>
         <wf lemma="bakkerne" pos="X">bakkerne</wf>
         <wf lemma="virkelige" pos="X">virkelige</wf>
         <wf lemma="," pos="X">,</wf>
         <wf lemma="prøv" pos="X">prøv</wf>
         <wf lemma="bare" pos="X">bare</wf>
         <wf lemma="at" pos="X">at</wf>
         <wf lemma="cykle" pos="X">cykle</wf>
         <wf lemma="op" pos="X">op</wf>
         <wf lemma="ad" pos="X">ad</wf>
         <wf lemma="dem" pos="X">dem</wf>
         <wf lemma="som" pos="X">som</wf>
         <wf lemma="jeg" pos="X">jeg</wf>
         <wf lemma="gjorde" pos="X">gjorde</wf>
         <wf lemma="lige" pos="X">lige</wf>
         <wf lemma="før" pos="X">før</wf>
         <wf lemma="!" pos="X">!</wf>
      </sentence>
      <sentence id="d000.s2364" source="wordnet-danish">
         <wf lemma="2.500" pos="X">2.500</wf>
         <wf lemma="ansatte" pos="X">ansatte</wf>
         <wf lemma="i" pos="X">i</wf>
         <wf lemma="Irma" pos="X">Irma</wf>
         <wf lemma="blev" pos="X">blev</wf>
         <wf lemma="i" pos="X">i</wf>
         <wf lemma="går" pos="X">går</wf>
         <wf lemma="enige" pos="X">enige</wf>
         <wf lemma="med" pos="X">med</wf>
         <instance id="d000.s2364.t000" lemma="arbejdsgiver" pos="NOUN">arbejdsgiveren</instance>
         <wf lemma="om" pos="X">om</wf>
         <wf lemma="en" pos="X">en</wf>
         <wf lemma="overenskomst" pos="X">overenskomst</wf>
         <wf lemma="for" pos="X">for</wf>
         <wf lemma="de" pos="X">de</wf>
         <wf lemma="næste" pos="X">næste</wf>
         <wf lemma="to" pos="X">to</wf>
         <wf lemma="år" pos="X">år</wf>
         <wf lemma="." pos="X">.</wf>
      </sentence>
      <sentence id="d000.s2365" source="wordnet-danish">
         <wf lemma="Pia" pos="X">Pia</wf>
         <wf lemma="," pos="X">,</wf>
         <wf lemma="22" pos="X">22</wf>
         <wf lemma="," pos="X">,</wf>
         <wf lemma="fandt" pos="X">fandt</wf>
         <wf lemma="sin" pos="X">sin</wf>
         <instance id="d000.s2365.t000" lemma="mand" pos="NOUN">mand</instance>
         <wf lemma="," pos="X">,</wf>
         <wf lemma="Jens" pos="X">Jens</wf>
         <wf lemma="Erik" pos="X">Erik</wf>
         <wf lemma="Nielsen" pos="X">Nielsen</wf>
         <wf lemma="," pos="X">,</wf>
         <wf lemma="gennem" pos="X">gennem</wf>
         <wf lemma="en" pos="X">en</wf>
         <wf lemma="kontaktannonce" pos="X">kontaktannonce</wf>
         <wf lemma="," pos="X">,</wf>
         <wf lemma="og" pos="X">og</wf>
         <wf lemma="parret" pos="X">parret</wf>
         <wf lemma="venter" pos="X">venter</wf>
         <wf lemma="nu" pos="X">nu</wf>
         <wf lemma="deres" pos="X">deres</wf>
         <wf lemma="andet" pos="X">andet</wf>
         <wf lemma="barn" pos="X">barn</wf>
         <wf lemma="." pos="X">.</wf>
      </sentence>
      <sentence id="d000.s2366" source="wordnet-danish">
         <wf lemma="De" pos="X">De</wf>
         <instance id="d000.s2366.t000" lemma="tilegne" pos="VERB">tilegner</instance>
         <wf lemma="deres" pos="X">deres</wf>
         <wf lemma="nye" pos="X">nye</wf>
         <wf lemma="lp" pos="X">lp</wf>
         <wf lemma="," pos="X">,</wf>
         <wf lemma="Big" pos="X">Big</wf>
         <wf lemma="Shot" pos="X">Shot</wf>
         <wf lemma="In" pos="X">In</wf>
         <wf lemma="The" pos="X">The</wf>
         <wf lemma="Dark" pos="X">Dark</wf>
         <wf lemma="," pos="X">,</wf>
         <wf lemma="'" pos="X">'</wf>
         <wf lemma="alle" pos="X">alle</wf>
         <wf lemma="der" pos="X">der</wf>
         <wf lemma="kræver" pos="X">kræver</wf>
         <wf lemma="frihed" pos="X">frihed</wf>
         <wf lemma="og" pos="X">og</wf>
         <wf lemma="tilregnelighed" pos="X">tilregnelighed</wf>
         <wf lemma="på" pos="X">på</wf>
         <wf lemma="jorden'." pos="X">jorden'.</wf>
      </sentence>
      <sentence id="d000.s2367" source="wordnet-danish">
         <wf lemma="Fuglene" pos="X">Fuglene</wf>
         <wf lemma="yngler" pos="X">yngler</wf>
         <wf lemma="i" pos="X">i</wf>
         <instance id="d000.s2367.t000" lemma="hule" pos="NOUN">huler</instance>
         <wf lemma="eller" pos="X">eller</wf>
         <wf lemma="revner" pos="X">revner</wf>
         <wf lemma="i" pos="X">i</wf>
         <wf lemma="fjeldet" pos="X">fjeldet</wf>
         <wf lemma="." pos="X">.</wf>
      </sentence>
      <sentence id="d000.s2368" source="wordnet-danish">
         <wf lemma="Lus" pos="X">Lus</wf>
         <wf lemma="kan" pos="X">kan</wf>
         <instance id="d000.s2368.t000" lemma="se" pos="VERB">ses</instance>
         <wf lemma="med" pos="X">med</wf>
         <wf lemma="det" pos="X">det</wf>
         <wf lemma="blotte" pos="X">blotte</wf>
         <wf lemma="øje" pos="X">øje</wf>
         <wf lemma="," pos="X">,</wf>
         <wf lemma="mens" pos="X">mens</wf>
         <wf lemma="rovmider" pos="X">rovmider</wf>
         <wf lemma="kun" pos="X">kun</wf>
         <wf lemma="kan" pos="X">kan</wf>
         <wf lemma="ses" pos="X">ses</wf>
         <wf lemma="under" pos="X">under</wf>
         <wf lemma="mikroskop" pos="X">mikroskop</wf>
         <wf lemma="." pos="X">.</wf>
      </sentence>
      <sentence id="d000.s2369" source="wordnet-danish">
         <wf lemma="Bertill" pos="X">Bertill</wf>
         <wf lemma="Nordahls" pos="X">Nordahls</wf>
         <wf lemma="nye" pos="X">nye</wf>
         <wf lemma="bog" pos="X">bog</wf>
         <wf lemma=":" pos="X">:</wf>
         <wf lemma="'" pos="X">'</wf>
         <wf lemma="Drengebogen" pos="X">Drengebogen</wf>
         <wf lemma="'" pos="X">'</wf>
         <wf lemma=".." pos="X">..</wf>
         <wf lemma="er" pos="X">er</wf>
         <wf lemma="en" pos="X">en</wf>
         <instance id="d000.s2369.t000" lemma="guide" pos="NOUN">guide</instance>
         <wf lemma="til" pos="X">til</wf>
         <wf lemma="drenge" pos="X">drenge</wf>
         <wf lemma="på" pos="X">på</wf>
         <wf lemma="vej" pos="X">vej</wf>
         <wf lemma="ind" pos="X">ind</wf>
         <wf lemma="i" pos="X">i</wf>
         <wf lemma="puberteten" pos="X">puberteten</wf>
         <wf lemma="." pos="X">.</wf>
      </sentence>
      <sentence id="d000.s2370" source="wordnet-danish">
         <wf lemma="DSB" pos="X">DSB</wf>
         <instance id="d000.s2370.t000" lemma="transportere" pos="VERB">transporterer</instance>
         <wf lemma="omkring" pos="X">omkring</wf>
         <wf lemma="0,4" pos="X">0,4</wf>
         <wf lemma="mill." pos="X">mill.</wf>
         <wf lemma="tons" pos="X">tons</wf>
         <wf lemma="farligt" pos="X">farligt</wf>
         <wf lemma="gods" pos="X">gods</wf>
         <wf lemma="om" pos="X">om</wf>
         <wf lemma="året" pos="X">året</wf>
         <wf lemma="," pos="X">,</wf>
         <wf lemma="mens" pos="X">mens</wf>
         <wf lemma="der" pos="X">der</wf>
         <wf lemma="på" pos="X">på</wf>
         <wf lemma="lastbil" pos="X">lastbil</wf>
         <wf lemma="transporteres" pos="X">transporteres</wf>
         <wf lemma="12" pos="X">12</wf>
         <wf lemma="mill." pos="X">mill.</wf>
         <wf lemma="tons." pos="X">tons.</wf>
      </sentence>
      <sentence id="d000.s2371" source="wordnet-danish">
         <wf lemma="vi" pos="X">vi</wf>
         <instance id="d000.s2371.t000" lemma="pakke" pos="VERB">pakker</instance>
         <wf lemma="vores" pos="X">vores</wf>
         <wf lemma="julebolcher" pos="X">julebolcher</wf>
         <wf lemma="dekorativt" pos="X">dekorativt</wf>
         <wf lemma="i" pos="X">i</wf>
         <wf lemma="en" pos="X">en</wf>
         <wf lemma="pose" pos="X">pose</wf>
         <wf lemma="og" pos="X">og</wf>
         <wf lemma="binder" pos="X">binder</wf>
         <wf lemma="et" pos="X">et</wf>
         <wf lemma="lille" pos="X">lille</wf>
         <wf lemma="kort" pos="X">kort</wf>
         <wf lemma="på" pos="X">på</wf>
         <wf lemma="." pos="X">.</wf>
      </sentence>
      <sentence id="d000.s2372" source="wordnet-danish">
         <wf lemma="Bilen" pos="X">Bilen</wf>
         <wf lemma="var" pos="X">var</wf>
         <wf lemma="et" pos="X">et</wf>
         <wf lemma="rustent" pos="X">rustent</wf>
         <wf lemma="vrag" pos="X">vrag</wf>
         <wf lemma="af" pos="X">af</wf>
         <wf lemma="en" pos="X">en</wf>
         <wf lemma="kassevogn" pos="X">kassevogn</wf>
         <wf lemma="," pos="X">,</wf>
         <wf lemma="der" pos="X">der</wf>
         <wf lemma="osede" pos="X">osede</wf>
         <wf lemma="som" pos="X">som</wf>
         <wf lemma="et" pos="X">et</wf>
         <instance id="d000.s2372.t000" lemma="lokomotiv" pos="NOUN">lokomotiv</instance>
         <wf lemma="." pos="X">.</wf>
      </sentence>
      <sentence id="d000.s2373" source="wordnet-danish">
         <wf lemma="Vi" pos="X">Vi</wf>
         <wf lemma="gik" pos="X">gik</wf>
         <wf lemma="ture" pos="X">ture</wf>
         <wf lemma="i" pos="X">i</wf>
         <wf lemma="skoven" pos="X">skoven</wf>
         <wf lemma="," pos="X">,</wf>
         <wf lemma="og" pos="X">og</wf>
         <wf lemma="han" pos="X">han</wf>
         <instance id="d000.s2373.t000" lemma="lære" pos="VERB">lærte</instance>
         <wf lemma="børnene" pos="X">børnene</wf>
         <wf lemma="navnene" pos="X">navnene</wf>
         <wf lemma="på" pos="X">på</wf>
         <wf lemma="træer" pos="X">træer</wf>
         <wf lemma="," pos="X">,</wf>
         <wf lemma="blomster" pos="X">blomster</wf>
         <wf lemma="og" pos="X">og</wf>
         <wf lemma="fugle" pos="X">fugle</wf>
         <wf lemma="." pos="X">.</wf>
      </sentence>
      <sentence id="d000.s2374" source="wordnet-danish">
         <wf lemma="TV" pos="X">TV</wf>
         <wf lemma="og" pos="X">og</wf>
         <instance id="d000.s2374.t000" lemma="video" pos="NOUN">video</instance>
         <wf lemma="har" pos="X">har</wf>
         <wf lemma="ikke" pos="X">ikke</wf>
         <wf lemma="ødelagt" pos="X">ødelagt</wf>
         <wf lemma="børns" pos="X">børns</wf>
         <wf lemma="læselyst" pos="X">læselyst</wf>
         <wf lemma="" pos="X"></wf>
         <wf lemma="tværtimod" pos="X">tværtimod</wf>
         <wf lemma="." pos="X">.</wf>
      </sentence>
      <sentence id="d000.s2375" source="wordnet-danish">
         <wf lemma="Det" pos="X">Det</wf>
         <wf lemma="var" pos="X">var</wf>
         <wf lemma="dig" pos="X">dig</wf>
         <wf lemma="selv" pos="X">selv</wf>
         <wf lemma="," pos="X">,</wf>
         <wf lemma="der" pos="X">der</wf>
         <instance id="d000.s2375.t000" lemma="foreslå" pos="VERB">foreslog</instance>
         <wf lemma="," pos="X">,</wf>
         <wf lemma="at" pos="X">at</wf>
         <wf lemma="jeg" pos="X">jeg</wf>
         <wf lemma="skulle" pos="X">skulle</wf>
         <wf lemma="finde" pos="X">finde</wf>
         <wf lemma="et" pos="X">et</wf>
         <wf lemma="job" pos="X">job</wf>
         <wf lemma="," pos="X">,</wf>
         <wf lemma="fordi" pos="X">fordi</wf>
         <wf lemma="vi" pos="X">vi</wf>
         <wf lemma="har" pos="X">har</wf>
         <wf lemma="for" pos="X">for</wf>
         <wf lemma="få" pos="X">få</wf>
         <wf lemma="penge" pos="X">penge</wf>
         <wf lemma="." pos="X">.</wf>
      </sentence>
      <sentence id="d000.s2376" source="wordnet-danish">
         <wf lemma="På" pos="X">På</wf>
         <wf lemma="safariparkens" pos="X">safariparkens</wf>
         <wf lemma="store" pos="X">store</wf>
         <wf lemma="savanne-område" pos="X">savanne-område</wf>
         <wf lemma="er" pos="X">er</wf>
         <wf lemma="det" pos="X">det</wf>
         <wf lemma="muligt" pos="X">muligt</wf>
         <wf lemma="at" pos="X">at</wf>
         <wf lemma="opleve" pos="X">opleve</wf>
         <instance id="d000.s2376.t000" lemma="eksotisk" pos="ADJ">eksotiske</instance>
         <wf lemma="dyr" pos="X">dyr</wf>
         <wf lemma="på" pos="X">på</wf>
         <wf lemma="nært" pos="X">nært</wf>
         <wf lemma="hold" pos="X">hold</wf>
         <wf lemma="." pos="X">.</wf>
      </sentence>
      <sentence id="d000.s2377" source="wordnet-danish">
         <wf lemma="De" pos="X">De</wf>
         <wf lemma="hørte" pos="X">hørte</wf>
         <wf lemma="en" pos="X">en</wf>
         <wf lemma="stemme" pos="X">stemme</wf>
         <wf lemma="synge" pos="X">synge</wf>
         <wf lemma="i" pos="X">i</wf>
         <wf lemma="parken" pos="X">parken</wf>
         <wf lemma="," pos="X">,</wf>
         <wf lemma="og" pos="X">og</wf>
         <wf lemma="de" pos="X">de</wf>
         <instance id="d000.s2377.t000" lemma="genkende" pos="VERB">genkendte</instance>
         <wf lemma="stemmen" pos="X">stemmen</wf>
         <wf lemma="med" pos="X">med</wf>
         <wf lemma="det" pos="X">det</wf>
         <wf lemma="samme" pos="X">samme</wf>
         <wf lemma="." pos="X">.</wf>
         <wf lemma="Det" pos="X">Det</wf>
         <wf lemma="var" pos="X">var</wf>
         <wf lemma="grevinden" pos="X">grevinden</wf>
         <wf lemma="." pos="X">.</wf>
      </sentence>
      <sentence id="d000.s2378" source="wordnet-danish">
         <wf lemma="Med" pos="X">Med</wf>
         <wf lemma="en" pos="X">en</wf>
         <instance id="d000.s2378.t000" lemma="pludselig" pos="ADJ">pludselig</instance>
         <wf lemma="bevægelse" pos="X">bevægelse</wf>
         <wf lemma="rev" pos="X">rev</wf>
         <wf lemma="hun" pos="X">hun</wf>
         <wf lemma="kartonen" pos="X">kartonen</wf>
         <wf lemma="ud" pos="X">ud</wf>
         <wf lemma="af" pos="X">af</wf>
         <wf lemma="hånden" pos="X">hånden</wf>
         <wf lemma="på" pos="X">på</wf>
         <wf lemma="mig" pos="X">mig</wf>
         <wf lemma="og" pos="X">og</wf>
         <wf lemma="smed" pos="X">smed</wf>
         <wf lemma="den" pos="X">den</wf>
         <wf lemma="i" pos="X">i</wf>
         <wf lemma="vasken" pos="X">vasken</wf>
         <wf lemma="." pos="X">.</wf>
      </sentence>
      <sentence id="d000.s2379" source="wordnet-danish">
         <wf lemma="skyldtes" pos="X">skyldtes</wf>
         <wf lemma="katastrofen" pos="X">katastrofen</wf>
         <wf lemma="alene" pos="X">alene</wf>
         <wf lemma="en" pos="X">en</wf>
         <wf lemma="række" pos="X">række</wf>
         <instance id="d000.s2379.t000" lemma="tilfældighed" pos="NOUN">tilfældigheder</instance>
         <wf lemma="som" pos="X">som</wf>
         <wf lemma="for" pos="X">for</wf>
         <wf lemma="sen" pos="X">sen</wf>
         <wf lemma="alarm" pos="X">alarm</wf>
         <wf lemma="," pos="X">,</wf>
         <wf lemma="stormen" pos="X">stormen</wf>
         <wf lemma="," pos="X">,</wf>
         <wf lemma="manglende" pos="X">manglende</wf>
         <wf lemma="ledelse" pos="X">ledelse</wf>
         <wf lemma="," pos="X">,</wf>
         <wf lemma="forkerte" pos="X">forkerte</wf>
         <wf lemma="eller" pos="X">eller</wf>
         <wf lemma="tåbelige" pos="X">tåbelige</wf>
         <wf lemma="beslutninger" pos="X">beslutninger</wf>
         <wf lemma="?" pos="X">?</wf>
      </sentence>
      <sentence id="d000.s2380" source="wordnet-danish">
         <wf lemma="Det" pos="X">Det</wf>
         <wf lemma="i" pos="X">i</wf>
         <wf lemma="svarskriftet" pos="X">svarskriftet</wf>
         <wf lemma="anførte" pos="X">anførte</wf>
         <wf lemma="omkring" pos="X">omkring</wf>
         <wf lemma="sagsøgerens" pos="X">sagsøgerens</wf>
         <wf lemma="salgsbestræbelser" pos="X">salgsbestræbelser</wf>
         <wf lemma="er" pos="X">er</wf>
         <wf lemma="ikke" pos="X">ikke</wf>
         <instance id="d000.s2380.t000" lemma="relevant" pos="ADJ">relevant</instance>
         <wf lemma="for" pos="X">for</wf>
         <wf lemma="sagen" pos="X">sagen</wf>
         <wf lemma="." pos="X">.</wf>
      </sentence>
      <sentence id="d000.s2381" source="wordnet-danish">
         <wf lemma="Når" pos="X">Når</wf>
         <wf lemma="ledningens" pos="X">ledningens</wf>
         <wf lemma="ender" pos="X">ender</wf>
         <wf lemma="får" pos="X">får</wf>
         <wf lemma="modsat" pos="X">modsat</wf>
         <instance id="d000.s2381.t000" lemma="ladning" pos="NOUN">ladning</instance>
         <wf lemma="," pos="X">,</wf>
         <wf lemma="vil" pos="X">vil</wf>
         <wf lemma="der" pos="X">der</wf>
         <wf lemma="opstå" pos="X">opstå</wf>
         <wf lemma="en" pos="X">en</wf>
         <wf lemma="elektrisk" pos="X">elektrisk</wf>
         <wf lemma="spændingsforskel" pos="X">spændingsforskel</wf>
         <wf lemma="imellem" pos="X">imellem</wf>
         <wf lemma="dem" pos="X">dem</wf>
         <wf lemma="," pos="X">,</wf>
         <wf lemma="som" pos="X">som</wf>
         <wf lemma="vokser" pos="X">vokser</wf>
         <wf lemma="med" pos="X">med</wf>
         <wf lemma="ladningens" pos="X">ladningens</wf>
         <wf lemma="størrelse" pos="X">størrelse</wf>
         <wf lemma="." pos="X">.</wf>
      </sentence>
      <sentence id="d000.s2382" source="wordnet-danish">
         <wf lemma="den" pos="X">den</wf>
         <wf lemma="ene" pos="X">ene</wf>
         <wf lemma="anholdte" pos="X">anholdte</wf>
         <wf lemma="mand" pos="X">mand</wf>
         <wf lemma="[rev]" pos="X">[rev]</wf>
         <wf lemma="sig" pos="X">sig</wf>
         <wf lemma="pludselig" pos="X">pludselig</wf>
         <wf lemma="løs" pos="X">løs</wf>
         <wf lemma="og" pos="X">og</wf>
         <wf lemma="hamrede" pos="X">hamrede</wf>
         <wf lemma="en" pos="X">en</wf>
         <instance id="d000.s2382.t000" lemma="knytnæve" pos="NOUN">knytnæve</instance>
         <wf lemma="i" pos="X">i</wf>
         <wf lemma="ansigtet" pos="X">ansigtet</wf>
         <wf lemma="på" pos="X">på</wf>
         <wf lemma="betjenten" pos="X">betjenten</wf>
         <wf lemma="." pos="X">.</wf>
      </sentence>
      <sentence id="d000.s2383" source="wordnet-danish">
         <wf lemma="Vi" pos="X">Vi</wf>
         <wf lemma="fik" pos="X">fik</wf>
         <wf lemma="suppe" pos="X">suppe</wf>
         <wf lemma="," pos="X">,</wf>
         <wf lemma="postej" pos="X">postej</wf>
         <wf lemma="med" pos="X">med</wf>
         <wf lemma="salat" pos="X">salat</wf>
         <wf lemma="og" pos="X">og</wf>
         <wf lemma="æblepie" pos="X">æblepie</wf>
         <wf lemma="til" pos="X">til</wf>
         <wf lemma="dessert" pos="X">dessert</wf>
         <wf lemma="." pos="X">.</wf>
         <wf lemma="Og" pos="X">Og</wf>
         <wf lemma="efter" pos="X">efter</wf>
         <instance id="d000.s2383.t000" lemma="middag" pos="NOUN">middagen</instance>
         <wf lemma="sad" pos="X">sad</wf>
         <wf lemma="vi" pos="X">vi</wf>
         <wf lemma="ved" pos="X">ved</wf>
         <wf lemma="en" pos="X">en</wf>
         <wf lemma="hyggelig" pos="X">hyggelig</wf>
         <wf lemma="pejseild" pos="X">pejseild</wf>
         <wf lemma="og" pos="X">og</wf>
         <wf lemma="drak" pos="X">drak</wf>
         <wf lemma="kaffe" pos="X">kaffe</wf>
         <wf lemma="." pos="X">.</wf>
      </sentence>
      <sentence id="d000.s2384" source="wordnet-danish">
         <wf lemma="I" pos="X">I</wf>
         <wf lemma="klassisk" pos="X">klassisk</wf>
         <instance id="d000.s2384.t000" lemma="filosofisk" pos="ADJ">filosofisk</instance>
         <wf lemma="sprogbrug" pos="X">sprogbrug</wf>
         <wf lemma="ville" pos="X">ville</wf>
         <wf lemma="man" pos="X">man</wf>
         <wf lemma="kalde" pos="X">kalde</wf>
         <wf lemma="Wittgenstein" pos="X">Wittgenstein</wf>
         <wf lemma="for" pos="X">for</wf>
         <wf lemma="'agnostiker'" pos="X">'agnostiker'</wf>
         <wf lemma="," pos="X">,</wf>
         <wf lemma="en" pos="X">en</wf>
         <wf lemma="person" pos="X">person</wf>
         <wf lemma="," pos="X">,</wf>
         <wf lemma="der" pos="X">der</wf>
         <wf lemma="ved" pos="X">ved</wf>
         <wf lemma="," pos="X">,</wf>
         <wf lemma="at" pos="X">at</wf>
         <wf lemma="han" pos="X">han</wf>
         <wf lemma="ikke" pos="X">ikke</wf>
         <wf lemma="kan" pos="X">kan</wf>
         <wf lemma="vide" pos="X">vide</wf>
         <wf lemma="." pos="X">.</wf>
      </sentence>
      <sentence id="d000.s2385" source="wordnet-danish">
         <wf lemma="I" pos="X">I</wf>
         <wf lemma="sin" pos="X">sin</wf>
         <wf lemma="første" pos="X">første</wf>
         <wf lemma="sæson" pos="X">sæson</wf>
         <wf lemma="som" pos="X">som</wf>
         <wf lemma="senior" pos="X">senior</wf>
         <wf lemma="i" pos="X">i</wf>
         <wf lemma="1980" pos="X">1980</wf>
         <wf lemma="var" pos="X">var</wf>
         <wf lemma="[" pos="X">[</wf>
         <wf lemma="Kim" pos="X">Kim</wf>
         <wf lemma="Vilfort" pos="X">Vilfort</wf>
         <wf lemma="]" pos="X">]</wf>
         <wf lemma="faktisk" pos="X">faktisk</wf>
         <wf lemma="kun" pos="X">kun</wf>
         <wf lemma="andet" pos="X">andet</wf>
         <wf lemma="års" pos="X">års</wf>
         <instance id="d000.s2385.t000" lemma="yngling" pos="ADJ">yngling</instance>
         <wf lemma="." pos="X">.</wf>
      </sentence>
      <sentence id="d000.s2386" source="wordnet-danish">
         <wf lemma="[Kviksølv" pos="X">[Kviksølv</wf>
         <wf lemma="er" pos="X">er</wf>
         <wf lemma="]" pos="X">]</wf>
         <wf lemma="det" pos="X">det</wf>
         <wf lemma="eneste" pos="X">eneste</wf>
         <wf lemma="metal" pos="X">metal</wf>
         <wf lemma="som" pos="X">som</wf>
         <wf lemma="ved" pos="X">ved</wf>
         <wf lemma="stuetemperatur" pos="X">stuetemperatur</wf>
         <wf lemma="er" pos="X">er</wf>
         <instance id="d000.s2386.t000" lemma="flydende" pos="ADJ">flydende</instance>
         <wf lemma="." pos="X">.</wf>
      </sentence>
      <sentence id="d000.s2387" source="wordnet-danish">
         <wf lemma="Branden" pos="X">Branden</wf>
         <wf lemma="menes" pos="X">menes</wf>
         <wf lemma="at" pos="X">at</wf>
         <wf lemma="være" pos="X">være</wf>
         <instance id="d000.s2387.t000" lemma="opstå" pos="VERB">opstået</instance>
         <wf lemma="som" pos="X">som</wf>
         <wf lemma="følge" pos="X">følge</wf>
         <wf lemma="af" pos="X">af</wf>
         <wf lemma="svejsearbejde" pos="X">svejsearbejde</wf>
         <wf lemma="i" pos="X">i</wf>
         <wf lemma="hallen" pos="X">hallen</wf>
         <wf lemma="." pos="X">.</wf>
      </sentence>
      <sentence id="d000.s2388" source="wordnet-danish">
         <wf lemma="Sidste" pos="X">Sidste</wf>
         <wf lemma="efterår" pos="X">efterår</wf>
         <instance id="d000.s2388.t000" lemma="byde" pos="VERB">bød</instance>
         <wf lemma="Thostrup" pos="X">Thostrup</wf>
         <wf lemma="55" pos="X">55</wf>
         <wf lemma="millioner" pos="X">millioner</wf>
         <wf lemma="kroner" pos="X">kroner</wf>
         <wf lemma="for" pos="X">for</wf>
         <wf lemma="hotellet" pos="X">hotellet</wf>
         <wf lemma="på" pos="X">på</wf>
         <wf lemma="Kongens" pos="X">Kongens</wf>
         <wf lemma="Nytorv" pos="X">Nytorv</wf>
         <wf lemma="." pos="X">.</wf>
      </sentence>
      <sentence id="d000.s2389" source="wordnet-danish">
         <wf lemma="han" pos="X">han</wf>
         <wf lemma="[havde]" pos="X">[havde]</wf>
         <wf lemma="svært" pos="X">svært</wf>
         <wf lemma="ved" pos="X">ved</wf>
         <wf lemma="at" pos="X">at</wf>
         <instance id="d000.s2389.t000" lemma="kende" pos="VERB">kende</instance>
         <wf lemma="fiskene" pos="X">fiskene</wf>
         <wf lemma="fra" pos="X">fra</wf>
         <wf lemma="hinanden" pos="X">hinanden</wf>
         <wf lemma="." pos="X">.</wf>
         <wf lemma="De" pos="X">De</wf>
         <wf lemma="lignede" pos="X">lignede</wf>
         <wf lemma="hinanden" pos="X">hinanden</wf>
         <wf lemma="allesammen" pos="X">allesammen</wf>
         <wf lemma="," pos="X">,</wf>
         <wf lemma="syntes" pos="X">syntes</wf>
         <wf lemma="han" pos="X">han</wf>
         <wf lemma="." pos="X">.</wf>
      </sentence>
      <sentence id="d000.s2390" source="wordnet-danish">
         <wf lemma="Solen" pos="X">Solen</wf>
         <instance id="d000.s2390.t000" lemma="blinke" pos="VERB">blinkede</instance>
         <wf lemma="i" pos="X">i</wf>
         <wf lemma="vandet" pos="X">vandet</wf>
         <wf lemma="." pos="X">.</wf>
      </sentence>
      <sentence id="d000.s2391" source="wordnet-danish">
         <wf lemma="Columbus" pos="X">Columbus</wf>
         <wf lemma="opdagede" pos="X">opdagede</wf>
         <wf lemma="Amerika" pos="X">Amerika</wf>
         <wf lemma="ca." pos="X">ca.</wf>
         <wf lemma="1500" pos="X">1500</wf>
         <wf lemma="," pos="X">,</wf>
         <wf lemma="og" pos="X">og</wf>
         <wf lemma="hans" pos="X">hans</wf>
         <instance id="d000.s2391.t000" lemma="opdagelsesrejse" pos="NOUN">opdagelsesrejser</instance>
         <wf lemma="lagde" pos="X">lagde</wf>
         <wf lemma="grunden" pos="X">grunden</wf>
         <wf lemma="til" pos="X">til</wf>
         <wf lemma="et" pos="X">et</wf>
         <wf lemma="kolonivælde" pos="X">kolonivælde</wf>
         <wf lemma="i" pos="X">i</wf>
         <wf lemma=".." pos="X">..</wf>
         <wf lemma="Sydamerika" pos="X">Sydamerika</wf>
         <wf lemma="." pos="X">.</wf>
      </sentence>
      <sentence id="d000.s2392" source="wordnet-danish">
         <wf lemma="Hun" pos="X">Hun</wf>
         <wf lemma="sagde" pos="X">sagde</wf>
         <wf lemma="ingenting" pos="X">ingenting</wf>
         <wf lemma="," pos="X">,</wf>
         <instance id="d000.s2392.t000" lemma="dreje" pos="VERB">drejede</instance>
         <wf lemma="blot" pos="X">blot</wf>
         <wf lemma="om" pos="X">om</wf>
         <wf lemma="på" pos="X">på</wf>
         <wf lemma="hælen" pos="X">hælen</wf>
         <wf lemma="." pos="X">.</wf>
      </sentence>
      <sentence id="d000.s2393" source="wordnet-danish">
         <wf lemma="vi" pos="X">vi</wf>
         <wf lemma="[kører]" pos="X">[kører]</wf>
         <wf lemma="op" pos="X">op</wf>
         <wf lemma="til" pos="X">til</wf>
         <wf lemma="ishuset" pos="X">ishuset</wf>
         <wf lemma="og" pos="X">og</wf>
         <wf lemma="får" pos="X">får</wf>
         <wf lemma="os" pos="X">os</wf>
         <wf lemma="en" pos="X">en</wf>
         <instance id="d000.s2393.t000" lemma="kæmpe" pos="ADJ">kæmpe</instance>
         <wf lemma="gammeldavs" pos="X">gammeldavs</wf>
         <wf lemma="isvaffel" pos="X">isvaffel</wf>
         <wf lemma="med" pos="X">med</wf>
         <wf lemma="flødeskum" pos="X">flødeskum</wf>
         <wf lemma="." pos="X">.</wf>
      </sentence>
      <sentence id="d000.s2394" source="wordnet-danish">
         <wf lemma="private" pos="X">private</wf>
         <wf lemma="skovejere" pos="X">skovejere</wf>
         <wf lemma="[har]" pos="X">[har]</wf>
         <wf lemma="samlet" pos="X">samlet</wf>
         <wf lemma="sig" pos="X">sig</wf>
         <wf lemma="så" pos="X">så</wf>
         <wf lemma="store" pos="X">store</wf>
         <wf lemma="skovarealer" pos="X">skovarealer</wf>
         <wf lemma="," pos="X">,</wf>
         <wf lemma="at" pos="X">at</wf>
         <wf lemma="de" pos="X">de</wf>
         <wf lemma="kan" pos="X">kan</wf>
         <wf lemma="leve" pos="X">leve</wf>
         <wf lemma="af" pos="X">af</wf>
         <instance id="d000.s2394.t000" lemma="skovbrug" pos="NOUN">skovbruget</instance>
         <wf lemma="." pos="X">.</wf>
      </sentence>
      <sentence id="d000.s2395" source="wordnet-danish">
         <wf lemma="Løn" pos="X">Løn</wf>
         <wf lemma="og" pos="X">og</wf>
         <wf lemma="ahorn" pos="X">ahorn</wf>
         <wf lemma="ranglede" pos="X">ranglede</wf>
         <wf lemma="sig" pos="X">sig</wf>
         <wf lemma="op" pos="X">op</wf>
         <wf lemma="gennem" pos="X">gennem</wf>
         <wf lemma="et" pos="X">et</wf>
         <instance id="d000.s2395.t000" lemma="vildnis" pos="NOUN">vildnis</instance>
         <wf lemma="af" pos="X">af</wf>
         <wf lemma="brændenælder" pos="X">brændenælder</wf>
         <wf lemma="," pos="X">,</wf>
         <wf lemma="brombærkrat" pos="X">brombærkrat</wf>
         <wf lemma="og" pos="X">og</wf>
         <wf lemma="væltede" pos="X">væltede</wf>
         <wf lemma="halvrådne" pos="X">halvrådne</wf>
         <wf lemma="stammer" pos="X">stammer</wf>
         <wf lemma="." pos="X">.</wf>
      </sentence>
      <sentence id="d000.s2396" source="wordnet-danish">
         <wf lemma="I" pos="X">I</wf>
         <wf lemma="slutningen" pos="X">slutningen</wf>
         <wf lemma="af" pos="X">af</wf>
         <wf lemma="2." pos="X">2.</wf>
         <wf lemma="semester" pos="X">semester</wf>
         <wf lemma="kan" pos="X">kan</wf>
         <wf lemma="der" pos="X">der</wf>
         <wf lemma="etableres" pos="X">etableres</wf>
         <instance id="d000.s2396.t000" lemma="integration" pos="NOUN">integration</instance>
         <wf lemma="med" pos="X">med</wf>
         <wf lemma="beslægtede" pos="X">beslægtede</wf>
         <wf lemma="fag" pos="X">fag</wf>
         <wf lemma="." pos="X">.</wf>
      </sentence>
      <sentence id="d000.s2397" source="wordnet-danish">
         <wf lemma="[Velfærdsstaten]" pos="X">[Velfærdsstaten]</wf>
         <wf lemma="beskatter" pos="X">beskatter</wf>
         <instance id="d000.s2397.t000" lemma="kapital" pos="NOUN">kapital</instance>
         <wf lemma="og" pos="X">og</wf>
         <wf lemma="arbejde" pos="X">arbejde</wf>
         <wf lemma="for" pos="X">for</wf>
         <wf lemma="at" pos="X">at</wf>
         <wf lemma="overføre" pos="X">overføre</wf>
         <wf lemma="ressourcer" pos="X">ressourcer</wf>
         <wf lemma="til" pos="X">til</wf>
         <wf lemma="almenheden" pos="X">almenheden</wf>
         <wf lemma="." pos="X">.</wf>
      </sentence>
      <sentence id="d000.s2398" source="wordnet-danish">
         <wf lemma="Der" pos="X">Der</wf>
         <wf lemma="kom" pos="X">kom</wf>
         <wf lemma="Mads" pos="X">Mads</wf>
         <wf lemma="Jensen" pos="X">Jensen</wf>
         <wf lemma="med" pos="X">med</wf>
         <wf lemma="sine" pos="X">sine</wf>
         <wf lemma="to" pos="X">to</wf>
         <wf lemma="røde" pos="X">røde</wf>
         <instance id="d000.s2398.t000" lemma="hest" pos="NOUN">heste</instance>
         <wf lemma="," pos="X">,</wf>
         <wf lemma="de" pos="X">de</wf>
         <wf lemma="var" pos="X">var</wf>
         <wf lemma="blevet" pos="X">blevet</wf>
         <wf lemma="striglet" pos="X">striglet</wf>
         <wf lemma="og" pos="X">og</wf>
         <wf lemma="skinnede" pos="X">skinnede</wf>
         <wf lemma="i" pos="X">i</wf>
         <wf lemma="solen" pos="X">solen</wf>
         <wf lemma="." pos="X">.</wf>
      </sentence>
      <sentence id="d000.s2399" source="wordnet-danish">
         <wf lemma="Ved" pos="X">Ved</wf>
         <wf lemma="du" pos="X">du</wf>
         <wf lemma="," pos="X">,</wf>
         <wf lemma="hvilket" pos="X">hvilket</wf>
         <instance id="d000.s2399.t000" lemma="stjernetegn" pos="NOUN">stjernetegn</instance>
         <wf lemma="," pos="X">,</wf>
         <wf lemma="du" pos="X">du</wf>
         <wf lemma="er" pos="X">er</wf>
         <wf lemma="født" pos="X">født</wf>
         <wf lemma="i" pos="X">i</wf>
         <wf lemma="?" pos="X">?</wf>
         <wf lemma="-" pos="X">-</wf>
         <wf lemma="-" pos="X">-</wf>
         <wf lemma="Jeg" pos="X">Jeg</wf>
         <wf lemma="er" pos="X">er</wf>
         <wf lemma="Krebs" pos="X">Krebs</wf>
         <wf lemma="." pos="X">.</wf>
      </sentence>
      <sentence id="d000.s2400" source="wordnet-danish">
         <wf lemma="Medlemmer" pos="X">Medlemmer</wf>
         <wf lemma="med" pos="X">med</wf>
         <wf lemma="et" pos="X">et</wf>
         <wf lemma="dårligt" pos="X">dårligt</wf>
         <wf lemma="helbred" pos="X">helbred</wf>
         <wf lemma="starter" pos="X">starter</wf>
         <wf lemma="med" pos="X">med</wf>
         <wf lemma="en" pos="X">en</wf>
         <instance id="d000.s2400.t000" lemma="dækning" pos="NOUN">dækning</instance>
         <wf lemma="på" pos="X">på</wf>
         <wf lemma="50" pos="X">50</wf>
         <wf lemma="%" pos="X">%</wf>
         <wf lemma="," pos="X">,</wf>
         <wf lemma="og" pos="X">og</wf>
         <wf lemma="i" pos="X">i</wf>
         <wf lemma="løbet" pos="X">løbet</wf>
         <wf lemma="af" pos="X">af</wf>
         <wf lemma="10" pos="X">10</wf>
         <wf lemma="år" pos="X">år</wf>
         <wf lemma="får" pos="X">får</wf>
         <wf lemma="de" pos="X">de</wf>
         <wf lemma="fuld" pos="X">fuld</wf>
         <wf lemma="dækning" pos="X">dækning</wf>
         <wf lemma="." pos="X">.</wf>
      </sentence>
      <sentence id="d000.s2401" source="wordnet-danish">
         <wf lemma="Hans" pos="X">Hans</wf>
         <instance id="d000.s2401.t000" lemma="hukommelse" pos="NOUN">hukommelse</instance>
         <wf lemma="var" pos="X">var</wf>
         <wf lemma="fænomenal" pos="X">fænomenal</wf>
         <wf lemma="og" pos="X">og</wf>
         <wf lemma="gjorde" pos="X">gjorde</wf>
         <wf lemma="ham" pos="X">ham</wf>
         <wf lemma="i" pos="X">i</wf>
         <wf lemma="stand" pos="X">stand</wf>
         <wf lemma="til" pos="X">til</wf>
         <wf lemma="at" pos="X">at</wf>
         <wf lemma="gengive" pos="X">gengive</wf>
         <wf lemma="samtaler" pos="X">samtaler</wf>
         <wf lemma="næsten" pos="X">næsten</wf>
         <wf lemma="ordret" pos="X">ordret</wf>
         <wf lemma="." pos="X">.</wf>
      </sentence>
      <sentence id="d000.s2402" source="wordnet-danish">
         <wf lemma="han" pos="X">han</wf>
         <wf lemma="havde" pos="X">havde</wf>
         <wf lemma="ondt" pos="X">ondt</wf>
         <wf lemma="i" pos="X">i</wf>
         <wf lemma="hovedet" pos="X">hovedet</wf>
         <wf lemma="," pos="X">,</wf>
         <wf lemma="en" pos="X">en</wf>
         <wf lemma="flad" pos="X">flad</wf>
         <wf lemma="dum" pos="X">dum</wf>
         <instance id="d000.s2402.t000" lemma="smerte" pos="NOUN">smerte</instance>
         <wf lemma="i" pos="X">i</wf>
         <wf lemma="baghovedet" pos="X">baghovedet</wf>
         <wf lemma="." pos="X">.</wf>
      </sentence>
      <sentence id="d000.s2403" source="wordnet-danish">
         <wf lemma="Jeg" pos="X">Jeg</wf>
         <wf lemma="blev" pos="X">blev</wf>
         <wf lemma="tilfældigvis" pos="X">tilfældigvis</wf>
         <instance id="d000.s2403.t000" lemma="tjekke" pos="VERB">tjekket</instance>
         <wf lemma="for" pos="X">for</wf>
         <wf lemma="en" pos="X">en</wf>
         <wf lemma="kønssygdom" pos="X">kønssygdom</wf>
         <wf lemma="." pos="X">.</wf>
      </sentence>
      <sentence id="d000.s2404" source="wordnet-danish">
         <wf lemma="hendes" pos="X">hendes</wf>
         <wf lemma="positive" pos="X">positive</wf>
         <instance id="d000.s2404.t000" lemma="væremåde" pos="NOUN">væremåde</instance>
         <wf lemma="smittede" pos="X">smittede</wf>
         <wf lemma="." pos="X">.</wf>
         <wf lemma="Jeg" pos="X">Jeg</wf>
         <wf lemma="fik" pos="X">fik</wf>
         <wf lemma="igen" pos="X">igen</wf>
         <wf lemma="mod" pos="X">mod</wf>
         <wf lemma="på" pos="X">på</wf>
         <wf lemma="livet" pos="X">livet</wf>
         <wf lemma="." pos="X">.</wf>
      </sentence>
      <sentence id="d000.s2405" source="wordnet-danish">
         <wf lemma="Vi" pos="X">Vi</wf>
         <wf lemma="kan" pos="X">kan</wf>
         <wf lemma="tage" pos="X">tage</wf>
         <wf lemma="saftevand" pos="X">saftevand</wf>
         <wf lemma="og" pos="X">og</wf>
         <instance id="d000.s2405.t000" lemma="kiks" pos="NOUN">kiks</instance>
         <wf lemma="med" pos="X">med</wf>
         <wf lemma="," pos="X">,</wf>
         <wf lemma="lyder" pos="X">lyder</wf>
         <wf lemma="det" pos="X">det</wf>
         <wf lemma="ikke" pos="X">ikke</wf>
         <wf lemma="hyggeligt" pos="X">hyggeligt</wf>
         <wf lemma="?" pos="X">?</wf>
      </sentence>
      <sentence id="d000.s2406" source="wordnet-danish">
         <wf lemma="Hun" pos="X">Hun</wf>
         <wf lemma="gik" pos="X">gik</wf>
         <wf lemma="med" pos="X">med</wf>
         <wf lemma="små" pos="X">små</wf>
         <wf lemma="fine" pos="X">fine</wf>
         <wf lemma="skridt" pos="X">skridt</wf>
         <wf lemma="gennem" pos="X">gennem</wf>
         <wf lemma="den" pos="X">den</wf>
         <wf lemma="smalle" pos="X">smalle</wf>
         <instance id="d000.s2406.t000" lemma="passage" pos="NOUN">passage</instance>
         <wf lemma="," pos="X">,</wf>
         <wf lemma="der" pos="X">der</wf>
         <wf lemma="førte" pos="X">førte</wf>
         <wf lemma="ind" pos="X">ind</wf>
         <wf lemma="til" pos="X">til</wf>
         <wf lemma="stuen" pos="X">stuen</wf>
         <wf lemma="." pos="X">.</wf>
      </sentence>
      <sentence id="d000.s2407" source="wordnet-danish">
         <wf lemma="Monsieur" pos="X">Monsieur</wf>
         <wf lemma="Christian" pos="X">Christian</wf>
         <instance id="d000.s2407.t000" lemma="diktere" pos="VERB">dikterede</instance>
         <wf lemma="af" pos="X">af</wf>
         <wf lemma="og" pos="X">og</wf>
         <wf lemma="til" pos="X">til</wf>
         <wf lemma="--" pos="X">--</wf>
         <wf lemma="langsomt" pos="X">langsomt</wf>
         <wf lemma="--" pos="X">--</wf>
         <wf lemma="engelske" pos="X">engelske</wf>
         <wf lemma="breve" pos="X">breve</wf>
         <wf lemma="til" pos="X">til</wf>
         <wf lemma="mig" pos="X">mig</wf>
         <wf lemma="." pos="X">.</wf>
      </sentence>
      <sentence id="d000.s2408" source="wordnet-danish">
         <wf lemma="både" pos="X">både</wf>
         <wf lemma="løver" pos="X">løver</wf>
         <wf lemma="og" pos="X">og</wf>
         <wf lemma="tigre" pos="X">tigre</wf>
         <wf lemma="lever" pos="X">lever</wf>
         <wf lemma="af" pos="X">af</wf>
         <wf lemma="råt" pos="X">råt</wf>
         <instance id="d000.s2408.t000" lemma="kød" pos="NOUN">kød</instance>
         <wf lemma="." pos="X">.</wf>
      </sentence>
      <sentence id="d000.s2409" source="wordnet-danish">
         <wf lemma="Han" pos="X">Han</wf>
         <wf lemma="gik" pos="X">gik</wf>
         <wf lemma="foroverbøjet" pos="X">foroverbøjet</wf>
         <wf lemma="," pos="X">,</wf>
         <wf lemma="altid" pos="X">altid</wf>
         <wf lemma="bevæbnet" pos="X">bevæbnet</wf>
         <wf lemma="med" pos="X">med</wf>
         <instance id="d000.s2409.t000" lemma="bue" pos="NOUN">bue</instance>
         <wf lemma="og" pos="X">og</wf>
         <wf lemma="pil." pos="X">pil.</wf>
      </sentence>
      <sentence id="d000.s2410" source="wordnet-danish">
         <instance id="d000.s2410.t000" lemma="kor" pos="NOUN">Koret</instance>
         <wf lemma="skulle" pos="X">skulle</wf>
         <wf lemma="synge" pos="X">synge</wf>
         <wf lemma="i" pos="X">i</wf>
         <wf lemma="domkirken" pos="X">domkirken</wf>
         <wf lemma="til" pos="X">til</wf>
         <wf lemma="påske" pos="X">påske</wf>
         <wf lemma="og" pos="X">og</wf>
         <wf lemma="var" pos="X">var</wf>
         <wf lemma="begyndt" pos="X">begyndt</wf>
         <wf lemma="at" pos="X">at</wf>
         <wf lemma="indøve" pos="X">indøve</wf>
         <wf lemma="påskesalmerne" pos="X">påskesalmerne</wf>
         <wf lemma="straks" pos="X">straks</wf>
         <wf lemma="efter" pos="X">efter</wf>
         <wf lemma="jul" pos="X">jul</wf>
         <wf lemma="." pos="X">.</wf>
      </sentence>
      <sentence id="d000.s2411" source="wordnet-danish">
         <wf lemma="Robert" pos="X">Robert</wf>
         <wf lemma="Kennedy" pos="X">Kennedy</wf>
         <wf lemma="blev" pos="X">blev</wf>
         <wf lemma="myrdet" pos="X">myrdet</wf>
         <wf lemma="på" pos="X">på</wf>
         <wf lemma="Hotel" pos="X">Hotel</wf>
         <wf lemma="Ambassador" pos="X">Ambassador</wf>
         <wf lemma="i" pos="X">i</wf>
         <wf lemma="Los" pos="X">Los</wf>
         <wf lemma="Angeles" pos="X">Angeles</wf>
         <wf lemma="umiddelbart" pos="X">umiddelbart</wf>
         <wf lemma="efter" pos="X">efter</wf>
         <wf lemma="," pos="X">,</wf>
         <wf lemma="at" pos="X">at</wf>
         <wf lemma="han" pos="X">han</wf>
         <wf lemma="havde" pos="X">havde</wf>
         <wf lemma="vundet" pos="X">vundet</wf>
         <wf lemma="en" pos="X">en</wf>
         <wf lemma="stor" pos="X">stor</wf>
         <wf lemma="sejr" pos="X">sejr</wf>
         <wf lemma="ved" pos="X">ved</wf>
         <instance id="d000.s2411.t000" lemma="primærvalg" pos="NOUN">primærvalget</instance>
         <wf lemma="i" pos="X">i</wf>
         <wf lemma="Californien" pos="X">Californien</wf>
         <wf lemma="." pos="X">.</wf>
      </sentence>
      <sentence id="d000.s2412" source="wordnet-danish">
         <wf lemma="Inger" pos="X">Inger</wf>
         <wf lemma="så" pos="X">så</wf>
         <wf lemma="på" pos="X">på</wf>
         <wf lemma="sin" pos="X">sin</wf>
         <wf lemma="fars" pos="X">fars</wf>
         <wf lemma="bøjede" pos="X">bøjede</wf>
         <wf lemma="hoved" pos="X">hoved</wf>
         <wf lemma="," pos="X">,</wf>
         <wf lemma="og" pos="X">og</wf>
         <wf lemma="en" pos="X">en</wf>
         <wf lemma="bølge" pos="X">bølge</wf>
         <wf lemma="af" pos="X">af</wf>
         <instance id="d000.s2412.t000" lemma="medlidenhed" pos="NOUN">medlidenhed</instance>
         <wf lemma="vældede" pos="X">vældede</wf>
         <wf lemma="op" pos="X">op</wf>
         <wf lemma="i" pos="X">i</wf>
         <wf lemma="hende" pos="X">hende</wf>
         <wf lemma="." pos="X">.</wf>
         <wf lemma="Hun" pos="X">Hun</wf>
         <wf lemma="havde" pos="X">havde</wf>
         <wf lemma="ikke" pos="X">ikke</wf>
         <wf lemma="svært" pos="X">svært</wf>
         <wf lemma="ved" pos="X">ved</wf>
         <wf lemma="at" pos="X">at</wf>
         <wf lemma="forestille" pos="X">forestille</wf>
         <wf lemma="sig" pos="X">sig</wf>
         <wf lemma="," pos="X">,</wf>
         <wf lemma="hvor" pos="X">hvor</wf>
         <wf lemma="ulykkelig" pos="X">ulykkelig</wf>
         <wf lemma="," pos="X">,</wf>
         <wf lemma="skuffet" pos="X">skuffet</wf>
         <wf lemma="og" pos="X">og</wf>
         <wf lemma="bitter" pos="X">bitter</wf>
         <wf lemma="han" pos="X">han</wf>
         <wf lemma="måtte" pos="X">måtte</wf>
         <wf lemma="have" pos="X">have</wf>
         <wf lemma="været" pos="X">været</wf>
         <wf lemma="." pos="X">.</wf>
      </sentence>
      <sentence id="d000.s2413" source="wordnet-danish">
         <wf lemma="De" pos="X">De</wf>
         <wf lemma="yderligere" pos="X">yderligere</wf>
         <wf lemma="foranstaltninger" pos="X">foranstaltninger</wf>
         <wf lemma="," pos="X">,</wf>
         <wf lemma="der" pos="X">der</wf>
         <wf lemma="kræves" pos="X">kræves</wf>
         <wf lemma="for" pos="X">for</wf>
         <wf lemma="laboratorier" pos="X">laboratorier</wf>
         <wf lemma="og" pos="X">og</wf>
         <wf lemma="dyrerum" pos="X">dyrerum</wf>
         <wf lemma="," pos="X">,</wf>
         <wf lemma="er" pos="X">er</wf>
         <wf lemma="anført" pos="X">anført</wf>
         <wf lemma="i" pos="X">i</wf>
         <instance id="d000.s2413.t000" lemma="bilag" pos="NOUN">bilag</instance>
         <wf lemma="4." pos="X">4.</wf>
      </sentence>
      <sentence id="d000.s2414" source="wordnet-danish">
         <wf lemma="vi" pos="X">vi</wf>
         <wf lemma="snakkede" pos="X">snakkede</wf>
         <wf lemma="om" pos="X">om</wf>
         <wf lemma="sidste" pos="X">sidste</wf>
         <wf lemma="semesters" pos="X">semesters</wf>
         <instance id="d000.s2414.t000" lemma="eksamen" pos="NOUN">eksamener</instance>
         <wf lemma="." pos="X">.</wf>
      </sentence>
      <sentence id="d000.s2415" source="wordnet-danish">
         <wf lemma="arbejdet" pos="X">arbejdet</wf>
         <wf lemma="i" pos="X">i</wf>
         <wf lemma="minerne" pos="X">minerne</wf>
         <wf lemma="var" pos="X">var</wf>
         <wf lemma="hårdt" pos="X">hårdt</wf>
         <wf lemma="med" pos="X">med</wf>
         <wf lemma="udhugning" pos="X">udhugning</wf>
         <wf lemma="af" pos="X">af</wf>
         <wf lemma="gange" pos="X">gange</wf>
         <wf lemma="og" pos="X">og</wf>
         <instance id="d000.s2415.t000" lemma="skakt" pos="NOUN">skakter</instance>
         <wf lemma="." pos="X">.</wf>
      </sentence>
      <sentence id="d000.s2416" source="wordnet-danish">
         <wf lemma="Onsdag" pos="X">Onsdag</wf>
         <wf lemma="havde" pos="X">havde</wf>
         <wf lemma="han" pos="X">han</wf>
         <wf lemma="været" pos="X">været</wf>
         <wf lemma="på" pos="X">på</wf>
         <wf lemma="vej" pos="X">vej</wf>
         <wf lemma="til" pos="X">til</wf>
         <wf lemma="sin" pos="X">sin</wf>
         <wf lemma="kompagnon" pos="X">kompagnon</wf>
         <wf lemma="for" pos="X">for</wf>
         <wf lemma="at" pos="X">at</wf>
         <wf lemma="fortælle" pos="X">fortælle</wf>
         <wf lemma="om" pos="X">om</wf>
         <wf lemma="de" pos="X">de</wf>
         <wf lemma="manglende" pos="X">manglende</wf>
         <wf lemma="penge" pos="X">penge</wf>
         <wf lemma="i" pos="X">i</wf>
         <wf lemma="kassen" pos="X">kassen</wf>
         <wf lemma="," pos="X">,</wf>
         <wf lemma="men" pos="X">men</wf>
         <instance id="d000.s2416.t000" lemma="mod" pos="NOUN">modet</instance>
         <wf lemma="svigtede" pos="X">svigtede</wf>
         <wf lemma="." pos="X">.</wf>
      </sentence>
      <sentence id="d000.s2417" source="wordnet-danish">
         <wf lemma="Anna" pos="X">Anna</wf>
         <wf lemma="Cathrine" pos="X">Cathrine</wf>
         <wf lemma="lå" pos="X">lå</wf>
         <wf lemma="vågen" pos="X">vågen</wf>
         <wf lemma="til" pos="X">til</wf>
         <wf lemma="hen" pos="X">hen</wf>
         <wf lemma="mod" pos="X">mod</wf>
         <wf lemma="morgenen" pos="X">morgenen</wf>
         <wf lemma="." pos="X">.</wf>
         <wf lemma="Det" pos="X">Det</wf>
         <wf lemma="var" pos="X">var</wf>
         <wf lemma="som" pos="X">som</wf>
         <wf lemma="en" pos="X">en</wf>
         <wf lemma="lang" pos="X">lang</wf>
         <instance id="d000.s2417.t000" lemma="vågenat" pos="NOUN">vågenat</instance>
         <wf lemma="," pos="X">,</wf>
         <wf lemma="når" pos="X">når</wf>
         <wf lemma="et" pos="X">et</wf>
         <wf lemma="af" pos="X">af</wf>
         <wf lemma="børnene" pos="X">børnene</wf>
         <wf lemma="var" pos="X">var</wf>
         <wf lemma="syge" pos="X">syge</wf>
         <wf lemma="." pos="X">.</wf>
      </sentence>
      <sentence id="d000.s2418" source="wordnet-danish">
         <wf lemma="Hedvig" pos="X">Hedvig</wf>
         <wf lemma="binder" pos="X">binder</wf>
         <wf lemma="et" pos="X">et</wf>
         <instance id="d000.s2418.t000" lemma="bånd" pos="NOUN">bånd</instance>
         <wf lemma="om" pos="X">om</wf>
         <wf lemma="buketten" pos="X">buketten</wf>
         <wf lemma="." pos="X">.</wf>
      </sentence>
      <sentence id="d000.s2419" source="wordnet-danish">
         <wf lemma="det" pos="X">det</wf>
         <wf lemma="afsporede" pos="X">afsporede</wf>
         <wf lemma="tog" pos="X">tog</wf>
         <instance id="d000.s2419.t000" lemma="indespærre" pos="VERB">indespærrede</instance>
         <wf lemma="flere" pos="X">flere</wf>
         <wf lemma="togvogne" pos="X">togvogne</wf>
         <wf lemma="," pos="X">,</wf>
         <wf lemma="som" pos="X">som</wf>
         <wf lemma="skulle" pos="X">skulle</wf>
         <wf lemma="have" pos="X">have</wf>
         <wf lemma="været" pos="X">været</wf>
         <wf lemma="ud" pos="X">ud</wf>
         <wf lemma="at" pos="X">at</wf>
         <wf lemma="køre" pos="X">køre</wf>
         <wf lemma="." pos="X">.</wf>
      </sentence>
      <sentence id="d000.s2420" source="wordnet-danish">
         <wf lemma="[hun" pos="X">[hun</wf>
         <wf lemma="tog]" pos="X">tog]</wf>
         <wf lemma="hf-eksamen" pos="X">hf-eksamen</wf>
         <wf lemma="i" pos="X">i</wf>
         <instance id="d000.s2420.t000" lemma="psykologi" pos="NOUN">psykologi</instance>
         <wf lemma="for" pos="X">for</wf>
         <wf lemma="bedre" pos="X">bedre</wf>
         <wf lemma="at" pos="X">at</wf>
         <wf lemma="kunne" pos="X">kunne</wf>
         <wf lemma="forstå" pos="X">forstå</wf>
         <wf lemma="hans" pos="X">hans</wf>
         <wf lemma="reaktioner" pos="X">reaktioner</wf>
         <wf lemma="." pos="X">.</wf>
      </sentence>
      <sentence id="d000.s2421" source="wordnet-danish">
         <instance id="d000.s2421.t000" lemma="slave" pos="NOUN">slaverne</instance>
         <wf lemma="[skulle]" pos="X">[skulle]</wf>
         <wf lemma="slide" pos="X">slide</wf>
         <wf lemma="12" pos="X">12</wf>
         <wf lemma="timer" pos="X">timer</wf>
         <wf lemma="om" pos="X">om</wf>
         <wf lemma="dagen" pos="X">dagen</wf>
         <wf lemma="i" pos="X">i</wf>
         <wf lemma="sukkerrørs-markerne" pos="X">sukkerrørs-markerne</wf>
         <wf lemma="eller" pos="X">eller</wf>
         <wf lemma="i" pos="X">i</wf>
         <wf lemma="møllerne" pos="X">møllerne</wf>
         <wf lemma="," pos="X">,</wf>
         <wf lemma="hvor" pos="X">hvor</wf>
         <wf lemma="man" pos="X">man</wf>
         <wf lemma="lavede" pos="X">lavede</wf>
         <wf lemma="sukker" pos="X">sukker</wf>
         <wf lemma="." pos="X">.</wf>
      </sentence>
      <sentence id="d000.s2422" source="wordnet-danish">
         <wf lemma="Winston" pos="X">Winston</wf>
         <wf lemma="Churchill" pos="X">Churchill</wf>
         <wf lemma="er" pos="X">er</wf>
         <wf lemma="blevet" pos="X">blevet</wf>
         <instance id="d000.s2422.t000" lemma="citere" pos="VERB">citeret</instance>
         <wf lemma="for" pos="X">for</wf>
         <wf lemma="at" pos="X">at</wf>
         <wf lemma="sige" pos="X">sige</wf>
         <wf lemma="," pos="X">,</wf>
         <wf lemma="at" pos="X">at</wf>
         <wf lemma="den" pos="X">den</wf>
         <wf lemma="eneste" pos="X">eneste</wf>
         <wf lemma="form" pos="X">form</wf>
         <wf lemma="for" pos="X">for</wf>
         <wf lemma="statistik" pos="X">statistik</wf>
         <wf lemma="," pos="X">,</wf>
         <wf lemma="man" pos="X">man</wf>
         <wf lemma="kan" pos="X">kan</wf>
         <wf lemma="tro" pos="X">tro</wf>
         <wf lemma="på" pos="X">på</wf>
         <wf lemma="," pos="X">,</wf>
         <wf lemma="er" pos="X">er</wf>
         <wf lemma="den" pos="X">den</wf>
         <wf lemma="," pos="X">,</wf>
         <wf lemma="man" pos="X">man</wf>
         <wf lemma="selv" pos="X">selv</wf>
         <wf lemma="har" pos="X">har</wf>
         <wf lemma="manipuleret" pos="X">manipuleret</wf>
         <wf lemma="." pos="X">.</wf>
      </sentence>
      <sentence id="d000.s2423" source="wordnet-danish">
         <wf lemma="Kodeeksperter" pos="X">Kodeeksperter</wf>
         <wf lemma="i" pos="X">i</wf>
         <wf lemma="USA" pos="X">USA</wf>
         <wf lemma="havde" pos="X">havde</wf>
         <wf lemma="brudt" pos="X">brudt</wf>
         <wf lemma="de" pos="X">de</wf>
         <wf lemma="japanske" pos="X">japanske</wf>
         <instance id="d000.s2423.t000" lemma="kode" pos="NOUN">koder</instance>
         <wf lemma="og" pos="X">og</wf>
         <wf lemma="var" pos="X">var</wf>
         <wf lemma="helt" pos="X">helt</wf>
         <wf lemma="klar" pos="X">klar</wf>
         <wf lemma="over" pos="X">over</wf>
         <wf lemma="de" pos="X">de</wf>
         <wf lemma="japanske" pos="X">japanske</wf>
         <wf lemma="planer" pos="X">planer</wf>
         <wf lemma="." pos="X">.</wf>
      </sentence>
      <sentence id="d000.s2424" source="wordnet-danish">
         <wf lemma="også" pos="X">også</wf>
         <wf lemma="de" pos="X">de</wf>
         <wf lemma="der" pos="X">der</wf>
         <wf lemma="ikke" pos="X">ikke</wf>
         <wf lemma="bryder" pos="X">bryder</wf>
         <wf lemma="sig" pos="X">sig</wf>
         <wf lemma="om" pos="X">om</wf>
         <wf lemma="fisk" pos="X">fisk</wf>
         <wf lemma="på" pos="X">på</wf>
         <wf lemma="grund" pos="X">grund</wf>
         <wf lemma="af" pos="X">af</wf>
         <instance id="d000.s2424.t000" lemma="ben" pos="NOUN">benene</instance>
         <wf lemma="," pos="X">,</wf>
         <wf lemma="kan" pos="X">kan</wf>
         <wf lemma="roligt" pos="X">roligt</wf>
         <wf lemma="spise" pos="X">spise</wf>
         <wf lemma="makrel" pos="X">makrel</wf>
         <wf lemma="." pos="X">.</wf>
      </sentence>
      <sentence id="d000.s2425" source="wordnet-danish">
         <wf lemma="Du" pos="X">Du</wf>
         <wf lemma="kan" pos="X">kan</wf>
         <wf lemma="komme" pos="X">komme</wf>
         <wf lemma="lige" pos="X">lige</wf>
         <wf lemma="fra" pos="X">fra</wf>
         <wf lemma="gaden" pos="X">gaden</wf>
         <wf lemma="og" pos="X">og</wf>
         <wf lemma="få" pos="X">få</wf>
         <wf lemma="en" pos="X">en</wf>
         <wf lemma="snak" pos="X">snak</wf>
         <wf lemma="med" pos="X">med</wf>
         <wf lemma="en" pos="X">en</wf>
         <wf lemma="af" pos="X">af</wf>
         <wf lemma="medarbejderne" pos="X">medarbejderne</wf>
         <wf lemma="," pos="X">,</wf>
         <wf lemma="men" pos="X">men</wf>
         <wf lemma="det" pos="X">det</wf>
         <wf lemma="kan" pos="X">kan</wf>
         <wf lemma="være" pos="X">være</wf>
         <instance id="d000.s2425.t000" lemma="praktisk" pos="ADJ">praktisk</instance>
         <wf lemma="at" pos="X">at</wf>
         <wf lemma="bestille" pos="X">bestille</wf>
         <wf lemma="tid" pos="X">tid</wf>
         <wf lemma="i" pos="X">i</wf>
         <wf lemma="forvejen" pos="X">forvejen</wf>
         <wf lemma="." pos="X">.</wf>
      </sentence>
      <sentence id="d000.s2426" source="wordnet-danish">
         <wf lemma="Restauranterne" pos="X">Restauranterne</wf>
         <wf lemma="bedømmes" pos="X">bedømmes</wf>
         <wf lemma="efter" pos="X">efter</wf>
         <wf lemma="en" pos="X">en</wf>
         <instance id="d000.s2426.t000" lemma="skala" pos="NOUN">skala</instance>
         <wf lemma="fra" pos="X">fra</wf>
         <wf lemma="0" pos="X">0</wf>
         <wf lemma="til" pos="X">til</wf>
         <wf lemma="5" pos="X">5</wf>
         <wf lemma="kokkehuer" pos="X">kokkehuer</wf>
         <wf lemma="." pos="X">.</wf>
      </sentence>
      <sentence id="d000.s2427" source="wordnet-danish">
         <wf lemma="Det" pos="X">Det</wf>
         <wf lemma="er" pos="X">er</wf>
         <wf lemma="ene" pos="X">ene</wf>
         <wf lemma="og" pos="X">og</wf>
         <wf lemma="alene" pos="X">alene</wf>
         <instance id="d000.s2427.t000" lemma="producent" pos="NOUN">producenternes</instance>
         <wf lemma="ansvar" pos="X">ansvar</wf>
         <wf lemma="," pos="X">,</wf>
         <wf lemma="at" pos="X">at</wf>
         <wf lemma="kød" pos="X">kød</wf>
         <wf lemma="og" pos="X">og</wf>
         <wf lemma="fjerkræ" pos="X">fjerkræ</wf>
         <wf lemma="er" pos="X">er</wf>
         <wf lemma="fri" pos="X">fri</wf>
         <wf lemma="for" pos="X">for</wf>
         <wf lemma="salmonella-bakterier" pos="X">salmonella-bakterier</wf>
         <wf lemma="." pos="X">.</wf>
      </sentence>
      <sentence id="d000.s2428" source="wordnet-danish">
         <wf lemma="Jeg" pos="X">Jeg</wf>
         <wf lemma="er" pos="X">er</wf>
         <wf lemma="i" pos="X">i</wf>
         <wf lemma="mange" pos="X">mange</wf>
         <wf lemma="år" pos="X">år</wf>
         <wf lemma="blevet" pos="X">blevet</wf>
         <wf lemma="behandlet" pos="X">behandlet</wf>
         <wf lemma="for" pos="X">for</wf>
         <wf lemma="en" pos="X">en</wf>
         <wf lemma="meget" pos="X">meget</wf>
         <instance id="d000.s2428.t000" lemma="smertefuld" pos="ADJ">smertefuld</instance>
         <wf lemma="gigt" pos="X">gigt</wf>
         <wf lemma="i" pos="X">i</wf>
         <wf lemma="tommelfingrene" pos="X">tommelfingrene</wf>
         <wf lemma="." pos="X">.</wf>
      </sentence>
      <sentence id="d000.s2429" source="wordnet-danish">
         <wf lemma="vores" pos="X">vores</wf>
         <wf lemma="lille" pos="X">lille</wf>
         <wf lemma="have" pos="X">have</wf>
         <wf lemma="," pos="X">,</wf>
         <wf lemma="der" pos="X">der</wf>
         <wf lemma="er" pos="X">er</wf>
         <wf lemma="fuld" pos="X">fuld</wf>
         <wf lemma="af" pos="X">af</wf>
         <wf lemma="gamle" pos="X">gamle</wf>
         <wf lemma="haveroser" pos="X">haveroser</wf>
         <wf lemma="," pos="X">,</wf>
         <instance id="d000.s2429.t000" lemma="lilje" pos="NOUN">liljer</instance>
         <wf lemma="," pos="X">,</wf>
         <wf lemma="lavendler" pos="X">lavendler</wf>
         <wf lemma="," pos="X">,</wf>
         <wf lemma="kaprifolier" pos="X">kaprifolier</wf>
         <wf lemma="og" pos="X">og</wf>
         <wf lemma="andre" pos="X">andre</wf>
         <wf lemma="duftende" pos="X">duftende</wf>
         <wf lemma="vækster" pos="X">vækster</wf>
         <wf lemma="tiltrækker" pos="X">tiltrækker</wf>
         <wf lemma="mange" pos="X">mange</wf>
         <wf lemma="insektarter" pos="X">insektarter</wf>
         <wf lemma="." pos="X">.</wf>
      </sentence>
      <sentence id="d000.s2430" source="wordnet-danish">
         <instance id="d000.s2430.t000" lemma="nuklear" pos="ADJ">nukleart</instance>
         <wf lemma="brændsel" pos="X">brændsel</wf>
         <wf lemma="kan" pos="X">kan</wf>
         <wf lemma="lagres" pos="X">lagres</wf>
         <wf lemma="til" pos="X">til</wf>
         <wf lemma="væsentligt" pos="X">væsentligt</wf>
         <wf lemma="lavere" pos="X">lavere</wf>
         <wf lemma="omkostninger" pos="X">omkostninger</wf>
         <wf lemma="end" pos="X">end</wf>
         <wf lemma="tilsvarende" pos="X">tilsvarende</wf>
         <wf lemma="kullagre" pos="X">kullagre</wf>
         <wf lemma="." pos="X">.</wf>
      </sentence>
      <sentence id="d000.s2431" source="wordnet-danish">
         <wf lemma="jeg" pos="X">jeg</wf>
         <instance id="d000.s2431.t000" lemma="afsky" pos="VERB">afskyer</instance>
         <wf lemma="folk" pos="X">folk</wf>
         <wf lemma="som" pos="X">som</wf>
         <wf lemma="(" pos="X">(</wf>
         <wf lemma="især" pos="X">især</wf>
         <wf lemma="uden" pos="X">uden</wf>
         <wf lemma="at" pos="X">at</wf>
         <wf lemma="spørge" pos="X">spørge</wf>
         <wf lemma="først" pos="X">først</wf>
         <wf lemma=")" pos="X">)</wf>
         <wf lemma="giver" pos="X">giver</wf>
         <wf lemma="sig" pos="X">sig</wf>
         <wf lemma="til" pos="X">til</wf>
         <wf lemma="at" pos="X">at</wf>
         <wf lemma="forpeste" pos="X">forpeste</wf>
         <wf lemma="mit" pos="X">mit</wf>
         <wf lemma="hjem" pos="X">hjem</wf>
         <wf lemma="med" pos="X">med</wf>
         <wf lemma="tobaksrøg" pos="X">tobaksrøg</wf>
         <wf lemma="." pos="X">.</wf>
      </sentence>
      <sentence id="d000.s2432" source="wordnet-danish">
         <wf lemma="som" pos="X">som</wf>
         <wf lemma="sagt" pos="X">sagt</wf>
         <wf lemma="så" pos="X">så</wf>
         <wf lemma="har" pos="X">har</wf>
         <wf lemma="hun" pos="X">hun</wf>
         <wf lemma="altid" pos="X">altid</wf>
         <wf lemma="lært" pos="X">lært</wf>
         <wf lemma="os" pos="X">os</wf>
         <wf lemma="renlighed" pos="X">renlighed</wf>
         <wf lemma="." pos="X">.</wf>
         <wf lemma="Personlig" pos="X">Personlig</wf>
         <wf lemma="hygiejne" pos="X">hygiejne</wf>
         <wf lemma="." pos="X">.</wf>
         <wf lemma="Det" pos="X">Det</wf>
         <wf lemma="var" pos="X">var</wf>
         <wf lemma="hun" pos="X">hun</wf>
         <wf lemma="meget" pos="X">meget</wf>
         <instance id="d000.s2432.t000" lemma="sippet" pos="ADJ">sippet</instance>
         <wf lemma="med" pos="X">med</wf>
         <wf lemma="." pos="X">.</wf>
      </sentence>
      <sentence id="d000.s2433" source="wordnet-danish">
         <wf lemma="Hun" pos="X">Hun</wf>
         <wf lemma="var" pos="X">var</wf>
         <wf lemma="drengenes" pos="X">drengenes</wf>
         <instance id="d000.s2433.t000" lemma="yndling" pos="NOUN">yndling</instance>
         <wf lemma="," pos="X">,</wf>
         <wf lemma="men" pos="X">men</wf>
         <wf lemma="hun" pos="X">hun</wf>
         <wf lemma="lod" pos="X">lod</wf>
         <wf lemma="dem" pos="X">dem</wf>
         <wf lemma="aldrig" pos="X">aldrig</wf>
         <wf lemma="komme" pos="X">komme</wf>
         <wf lemma="for" pos="X">for</wf>
         <wf lemma="nær." pos="X">nær.</wf>
      </sentence>
      <sentence id="d000.s2434" source="wordnet-danish">
         <wf lemma="Hun" pos="X">Hun</wf>
         <wf lemma="var" pos="X">var</wf>
         <wf lemma="åben" pos="X">åben</wf>
         <wf lemma="og" pos="X">og</wf>
         <wf lemma="glad" pos="X">glad</wf>
         <wf lemma="og" pos="X">og</wf>
         <wf lemma="betroede" pos="X">betroede</wf>
         <wf lemma="os" pos="X">os</wf>
         <wf lemma="en" pos="X">en</wf>
         <instance id="d000.s2434.t000" lemma="hemmelighed" pos="NOUN">hemmelighed</instance>
         <wf lemma=":" pos="X">:</wf>
         <wf lemma="at" pos="X">at</wf>
         <wf lemma="hun" pos="X">hun</wf>
         <wf lemma="ventede" pos="X">ventede</wf>
         <wf lemma="et" pos="X">et</wf>
         <wf lemma="barn" pos="X">barn</wf>
         <wf lemma="." pos="X">.</wf>
      </sentence>
      <sentence id="d000.s2435" source="wordnet-danish">
         <wf lemma="I" pos="X">I</wf>
         <wf lemma="oldtiden" pos="X">oldtiden</wf>
         <instance id="d000.s2435.t000" lemma="kysse" pos="VERB">kyssede</instance>
         <wf lemma="slaverne" pos="X">slaverne</wf>
         <wf lemma="støvet" pos="X">støvet</wf>
         <wf lemma="for" pos="X">for</wf>
         <wf lemma="deres" pos="X">deres</wf>
         <wf lemma="herres" pos="X">herres</wf>
         <wf lemma="fødder" pos="X">fødder</wf>
         <wf lemma="." pos="X">.</wf>
         <wf lemma="Pilgrimmene" pos="X">Pilgrimmene</wf>
         <wf lemma="kyssede" pos="X">kyssede</wf>
         <wf lemma="pavens" pos="X">pavens</wf>
         <wf lemma="tå" pos="X">tå</wf>
         <wf lemma="." pos="X">.</wf>
      </sentence>
      <sentence id="d000.s2436" source="wordnet-danish">
         <wf lemma="Når" pos="X">Når</wf>
         <wf lemma="man" pos="X">man</wf>
         <wf lemma="har" pos="X">har</wf>
         <wf lemma="spist" pos="X">spist</wf>
         <wf lemma="," pos="X">,</wf>
         <wf lemma="drukket" pos="X">drukket</wf>
         <wf lemma="eller" pos="X">eller</wf>
         <wf lemma="røget" pos="X">røget</wf>
         <wf lemma="for" pos="X">for</wf>
         <wf lemma="meget" pos="X">meget</wf>
         <wf lemma="," pos="X">,</wf>
         <wf lemma="samler" pos="X">samler</wf>
         <wf lemma="der" pos="X">der</wf>
         <wf lemma="sig" pos="X">sig</wf>
         <wf lemma="tit" pos="X">tit</wf>
         <wf lemma="luft" pos="X">luft</wf>
         <wf lemma="i" pos="X">i</wf>
         <instance id="d000.s2436.t000" lemma="tarm" pos="NOUN">tarmene</instance>
         <wf lemma="," pos="X">,</wf>
         <wf lemma="så" pos="X">så</wf>
         <wf lemma="det" pos="X">det</wf>
         <wf lemma="rumler" pos="X">rumler</wf>
         <wf lemma="og" pos="X">og</wf>
         <wf lemma="trykker" pos="X">trykker</wf>
         <wf lemma="i" pos="X">i</wf>
         <wf lemma="maven" pos="X">maven</wf>
         <wf lemma="." pos="X">.</wf>
      </sentence>
      <sentence id="d000.s2437" source="wordnet-danish">
         <wf lemma="Kom" pos="X">Kom</wf>
         <wf lemma="godt" pos="X">godt</wf>
         <wf lemma="hjem" pos="X">hjem</wf>
         <wf lemma="," pos="X">,</wf>
         <wf lemma="grinede" pos="X">grinede</wf>
         <wf lemma="han" pos="X">han</wf>
         <wf lemma="og" pos="X">og</wf>
         <wf lemma="løftede" pos="X">løftede</wf>
         <wf lemma="hånden" pos="X">hånden</wf>
         <wf lemma="til" pos="X">til</wf>
         <instance id="d000.s2437.t000" lemma="hilsen" pos="NOUN">hilsen</instance>
         <wf lemma="," pos="X">,</wf>
         <wf lemma="før" pos="X">før</wf>
         <wf lemma="han" pos="X">han</wf>
         <wf lemma="gik" pos="X">gik</wf>
         <wf lemma="over" pos="X">over</wf>
         <wf lemma="til" pos="X">til</wf>
         <wf lemma="pølsevognen" pos="X">pølsevognen</wf>
         <wf lemma="." pos="X">.</wf>
      </sentence>
      <sentence id="d000.s2438" source="wordnet-danish">
         <wf lemma="de" pos="X">de</wf>
         <wf lemma="tunge" pos="X">tunge</wf>
         <wf lemma="damaskesduge" pos="X">damaskesduge</wf>
         <wf lemma="," pos="X">,</wf>
         <wf lemma="fløjlstæpperne" pos="X">fløjlstæpperne</wf>
         <wf lemma="og" pos="X">og</wf>
         <wf lemma="brokadesgardinerne" pos="X">brokadesgardinerne</wf>
         <wf lemma=".." pos="X">..</wf>
         <wf lemma="var" pos="X">var</wf>
         <wf lemma="et" pos="X">et</wf>
         <wf lemma="flot" pos="X">flot</wf>
         <wf lemma="udstyr" pos="X">udstyr</wf>
         <wf lemma="," pos="X">,</wf>
         <wf lemma="passende" pos="X">passende</wf>
         <wf lemma="for" pos="X">for</wf>
         <wf lemma="en" pos="X">en</wf>
         <wf lemma="rig" pos="X">rig</wf>
         <instance id="d000.s2438.t000" lemma="adelig" pos="ADJ">adelig</instance>
         <wf lemma="brud" pos="X">brud</wf>
         <wf lemma="." pos="X">.</wf>
      </sentence>
      <sentence id="d000.s2439" source="wordnet-danish">
         <wf lemma="efter" pos="X">efter</wf>
         <wf lemma="det" pos="X">det</wf>
         <instance id="d000.s2439.t000" lemma="industriel" pos="ADJ">industrielle</instance>
         <wf lemma="gennembrud" pos="X">gennembrud</wf>
         <wf lemma="i" pos="X">i</wf>
         <wf lemma="England" pos="X">England</wf>
         <wf lemma="blev" pos="X">blev</wf>
         <wf lemma="Indien" pos="X">Indien</wf>
         <wf lemma="oversvømmet" pos="X">oversvømmet</wf>
         <wf lemma="med" pos="X">med</wf>
         <wf lemma="engelske" pos="X">engelske</wf>
         <wf lemma="," pos="X">,</wf>
         <wf lemma="industrielt" pos="X">industrielt</wf>
         <wf lemma="fremstillede" pos="X">fremstillede</wf>
         <wf lemma="tekstiler" pos="X">tekstiler</wf>
         <wf lemma="." pos="X">.</wf>
      </sentence>
      <sentence id="d000.s2440" source="wordnet-danish">
         <wf lemma="Erik" pos="X">Erik</wf>
         <wf lemma="den" pos="X">den</wf>
         <wf lemma="Røde" pos="X">Røde</wf>
         <wf lemma="slog" pos="X">slog</wf>
         <wf lemma="sig" pos="X">sig</wf>
         <wf lemma="ned" pos="X">ned</wf>
         <wf lemma="i" pos="X">i</wf>
         <wf lemma="Grønland" pos="X">Grønland</wf>
         <wf lemma="i" pos="X">i</wf>
         <instance id="d000.s2440.t000" lemma="år" pos="NOUN">år</instance>
         <wf lemma="985" pos="X">985</wf>
         <wf lemma="." pos="X">.</wf>
      </sentence>
      <sentence id="d000.s2441" source="wordnet-danish">
         <wf lemma="Thomasine" pos="X">Thomasine</wf>
         <wf lemma="Gyllembourg" pos="X">Gyllembourg</wf>
         <instance id="d000.s2441.t000" lemma="skrive" pos="VERB">skrev</instance>
         <wf lemma="alle" pos="X">alle</wf>
         <wf lemma="sine" pos="X">sine</wf>
         <wf lemma="meget" pos="X">meget</wf>
         <wf lemma="populære" pos="X">populære</wf>
         <wf lemma="noveller" pos="X">noveller</wf>
         <wf lemma="under" pos="X">under</wf>
         <wf lemma="et" pos="X">et</wf>
         <wf lemma="pseudonym" pos="X">pseudonym</wf>
         <wf lemma="." pos="X">.</wf>
      </sentence>
      <sentence id="d000.s2442" source="wordnet-danish">
         <wf lemma="Når" pos="X">Når</wf>
         <wf lemma="muslimerne" pos="X">muslimerne</wf>
         <wf lemma="faster" pos="X">faster</wf>
         <wf lemma="," pos="X">,</wf>
         <wf lemma="spiser" pos="X">spiser</wf>
         <wf lemma="eller" pos="X">eller</wf>
         <wf lemma="drikker" pos="X">drikker</wf>
         <wf lemma="de" pos="X">de</wf>
         <wf lemma="ikke" pos="X">ikke</wf>
         <wf lemma="noget" pos="X">noget</wf>
         <wf lemma="fra" pos="X">fra</wf>
         <instance id="d000.s2442.t000" lemma="daggry" pos="NOUN">daggry</instance>
         <wf lemma="til" pos="X">til</wf>
         <wf lemma="solnedgang" pos="X">solnedgang</wf>
         <wf lemma="." pos="X">.</wf>
      </sentence>
      <sentence id="d000.s2443" source="wordnet-danish">
         <wf lemma="Alle" pos="X">Alle</wf>
         <wf lemma="badeværelseskomponenterne" pos="X">badeværelseskomponenterne</wf>
         <wf lemma="kommer" pos="X">kommer</wf>
         <wf lemma="fra" pos="X">fra</wf>
         <wf lemma="fabrikken" pos="X">fabrikken</wf>
         <wf lemma="i" pos="X">i</wf>
         <wf lemma="mindre" pos="X">mindre</wf>
         <wf lemma="kasser" pos="X">kasser</wf>
         <wf lemma="," pos="X">,</wf>
         <wf lemma="klar" pos="X">klar</wf>
         <wf lemma="til" pos="X">til</wf>
         <wf lemma="at" pos="X">at</wf>
         <wf lemma="blive" pos="X">blive</wf>
         <instance id="d000.s2443.t000" lemma="montere" pos="VERB">monteret</instance>
         <wf lemma="." pos="X">.</wf>
      </sentence>
      <sentence id="d000.s2444" source="wordnet-danish">
         <wf lemma="han" pos="X">han</wf>
         <wf lemma="havde" pos="X">havde</wf>
         <wf lemma="kørt" pos="X">kørt</wf>
         <wf lemma="mig" pos="X">mig</wf>
         <wf lemma="hjem" pos="X">hjem</wf>
         <wf lemma="og" pos="X">og</wf>
         <wf lemma="taget" pos="X">taget</wf>
         <wf lemma="imod" pos="X">imod</wf>
         <wf lemma="mit" pos="X">mit</wf>
         <instance id="d000.s2444.t000" lemma="tilbud" pos="NOUN">tilbud</instance>
         <wf lemma="om" pos="X">om</wf>
         <wf lemma="en" pos="X">en</wf>
         <wf lemma="kop" pos="X">kop</wf>
         <wf lemma="kaffe" pos="X">kaffe</wf>
         <wf lemma="." pos="X">.</wf>
      </sentence>
      <sentence id="d000.s2445" source="wordnet-danish">
         <wf lemma="Han" pos="X">Han</wf>
         <wf lemma="kan" pos="X">kan</wf>
         <wf lemma="ikke" pos="X">ikke</wf>
         <wf lemma="bære" pos="X">bære</wf>
         <wf lemma="flere" pos="X">flere</wf>
         <wf lemma="tab" pos="X">tab</wf>
         <wf lemma="uden" pos="X">uden</wf>
         <wf lemma="at" pos="X">at</wf>
         <wf lemma="skulle" pos="X">skulle</wf>
         <wf lemma="låne" pos="X">låne</wf>
         <wf lemma="penge" pos="X">penge</wf>
         <wf lemma="i" pos="X">i</wf>
         <instance id="d000.s2445.t000" lemma="bank" pos="NOUN">banken</instance>
         <wf lemma="," pos="X">,</wf>
         <wf lemma="og" pos="X">og</wf>
         <wf lemma="det" pos="X">det</wf>
         <wf lemma="er" pos="X">er</wf>
         <wf lemma="forbandet" pos="X">forbandet</wf>
         <wf lemma="dyrt" pos="X">dyrt</wf>
         <wf lemma="." pos="X">.</wf>
      </sentence>
      <sentence id="d000.s2446" source="wordnet-danish">
         <wf lemma="indlæg" pos="X">indlæg</wf>
         <wf lemma="," pos="X">,</wf>
         <wf lemma="der" pos="X">der</wf>
         <wf lemma="af" pos="X">af</wf>
         <wf lemma="redaktionen" pos="X">redaktionen</wf>
         <wf lemma="skønnes" pos="X">skønnes</wf>
         <wf lemma="at" pos="X">at</wf>
         <wf lemma="være" pos="X">være</wf>
         <wf lemma="ærekrænkende" pos="X">ærekrænkende</wf>
         <wf lemma="eller" pos="X">eller</wf>
         <wf lemma="i" pos="X">i</wf>
         <wf lemma="strid" pos="X">strid</wf>
         <wf lemma="med" pos="X">med</wf>
         <wf lemma="straffelovens" pos="X">straffelovens</wf>
         <instance id="d000.s2446.t000" lemma="bestemmelse" pos="NOUN">bestemmelser</instance>
         <wf lemma="," pos="X">,</wf>
         <wf lemma="vil" pos="X">vil</wf>
         <wf lemma="blive" pos="X">blive</wf>
         <wf lemma="slettet" pos="X">slettet</wf>
         <wf lemma="." pos="X">.</wf>
      </sentence>
      <sentence id="d000.s2447" source="wordnet-danish">
         <wf lemma="Håret" pos="X">Håret</wf>
         <wf lemma="var" pos="X">var</wf>
         <wf lemma="blevet" pos="X">blevet</wf>
         <wf lemma="tyndere" pos="X">tyndere</wf>
         <wf lemma="," pos="X">,</wf>
         <wf lemma="panden" pos="X">panden</wf>
         <wf lemma="højere" pos="X">højere</wf>
         <wf lemma="." pos="X">.</wf>
         <instance id="d000.s2447.t000" lemma="natur" pos="NOUN">Naturens</instance>
         <wf lemma="gang" pos="X">gang</wf>
         <wf lemma="," pos="X">,</wf>
         <wf lemma="tænkte" pos="X">tænkte</wf>
         <wf lemma="han" pos="X">han</wf>
         <wf lemma="med" pos="X">med</wf>
         <wf lemma="et" pos="X">et</wf>
         <wf lemma="suk" pos="X">suk</wf>
         <wf lemma="." pos="X">.</wf>
      </sentence>
      <sentence id="d000.s2448" source="wordnet-danish">
         <wf lemma="Der" pos="X">Der</wf>
         <wf lemma="var" pos="X">var</wf>
         <wf lemma="mange" pos="X">mange</wf>
         <wf lemma="folk" pos="X">folk</wf>
         <wf lemma="," pos="X">,</wf>
         <wf lemma="der" pos="X">der</wf>
         <wf lemma="kom" pos="X">kom</wf>
         <wf lemma="rejsende" pos="X">rejsende</wf>
         <wf lemma="langvejsfra" pos="X">langvejsfra</wf>
         <wf lemma="," pos="X">,</wf>
         <wf lemma="bare" pos="X">bare</wf>
         <wf lemma="for" pos="X">for</wf>
         <wf lemma="at" pos="X">at</wf>
         <wf lemma="skyde" pos="X">skyde</wf>
         <wf lemma="en" pos="X">en</wf>
         <instance id="d000.s2448.t000" lemma="elefant" pos="NOUN">elefant</instance>
         <wf lemma="med" pos="X">med</wf>
         <wf lemma="pæne" pos="X">pæne</wf>
         <wf lemma="stødtænder" pos="X">stødtænder</wf>
         <wf lemma="." pos="X">.</wf>
      </sentence>
      <sentence id="d000.s2449" source="wordnet-danish">
         <wf lemma="På" pos="X">På</wf>
         <instance id="d000.s2449.t000" lemma="yderside" pos="NOUN">ydersiden</instance>
         <wf lemma="af" pos="X">af</wf>
         <wf lemma="døren" pos="X">døren</wf>
         <wf lemma="sidder" pos="X">sidder</wf>
         <wf lemma="et" pos="X">et</wf>
         <wf lemma="skilt" pos="X">skilt</wf>
         <wf lemma="med" pos="X">med</wf>
         <wf lemma="navnet" pos="X">navnet</wf>
         <wf lemma="Robert" pos="X">Robert</wf>
         <wf lemma="Olsen" pos="X">Olsen</wf>
         <wf lemma="." pos="X">.</wf>
      </sentence>
      <sentence id="d000.s2450" source="wordnet-danish">
         <wf lemma="Den" pos="X">Den</wf>
         <wf lemma="el-drevne" pos="X">el-drevne</wf>
         <instance id="d000.s2450.t000" lemma="motor" pos="NOUN">motor</instance>
         <wf lemma="har" pos="X">har</wf>
         <wf lemma="nu" pos="X">nu</wf>
         <wf lemma="de" pos="X">de</wf>
         <wf lemma="fleste" pos="X">fleste</wf>
         <wf lemma="steder" pos="X">steder</wf>
         <wf lemma="afløst" pos="X">afløst</wf>
         <wf lemma="dampmaskinen" pos="X">dampmaskinen</wf>
         <wf lemma="som" pos="X">som</wf>
         <wf lemma="trækkraft" pos="X">trækkraft</wf>
         <wf lemma="." pos="X">.</wf>
      </sentence>
      <sentence id="d000.s2451" source="wordnet-danish">
         <wf lemma="Hun" pos="X">Hun</wf>
         <wf lemma="havde" pos="X">havde</wf>
         <wf lemma="klædt" pos="X">klædt</wf>
         <wf lemma="sig" pos="X">sig</wf>
         <wf lemma="så" pos="X">så</wf>
         <wf lemma="pænt" pos="X">pænt</wf>
         <wf lemma="," pos="X">,</wf>
         <wf lemma="som" pos="X">som</wf>
         <wf lemma="hendes" pos="X">hendes</wf>
         <wf lemma="beskedne" pos="X">beskedne</wf>
         <instance id="d000.s2451.t000" lemma="garderobe" pos="NOUN">garderobe</instance>
         <wf lemma="tillod" pos="X">tillod</wf>
         <wf lemma="." pos="X">.</wf>
      </sentence>
      <sentence id="d000.s2452" source="wordnet-danish">
         <wf lemma="Der" pos="X">Der</wf>
         <wf lemma="gik" pos="X">gik</wf>
         <wf lemma="en" pos="X">en</wf>
         <wf lemma="anspændt" pos="X">anspændt</wf>
         <wf lemma="mumlen" pos="X">mumlen</wf>
         <wf lemma="gennem" pos="X">gennem</wf>
         <instance id="d000.s2452.t000" lemma="flok" pos="NOUN">flokken</instance>
         <wf lemma="af" pos="X">af</wf>
         <wf lemma="tilskuere" pos="X">tilskuere</wf>
         <wf lemma="." pos="X">.</wf>
      </sentence>
      <sentence id="d000.s2453" source="wordnet-danish">
         <wf lemma="Tyges" pos="X">Tyges</wf>
         <instance id="d000.s2453.t000" lemma="position" pos="NOUN">position</instance>
         <wf lemma="som" pos="X">som</wf>
         <wf lemma="en" pos="X">en</wf>
         <wf lemma="af" pos="X">af</wf>
         <wf lemma="kriminalpolitiets" pos="X">kriminalpolitiets</wf>
         <wf lemma="ypperste" pos="X">ypperste</wf>
         <wf lemma="eksperter" pos="X">eksperter</wf>
         <wf lemma="var" pos="X">var</wf>
         <wf lemma="urokkelig" pos="X">urokkelig</wf>
         <wf lemma="." pos="X">.</wf>
      </sentence>
      <sentence id="d000.s2454" source="wordnet-danish">
         <wf lemma="din" pos="X">din</wf>
         <wf lemma="deltagelse" pos="X">deltagelse</wf>
         <wf lemma="i" pos="X">i</wf>
         <wf lemma="undervisningen" pos="X">undervisningen</wf>
         <wf lemma="har" pos="X">har</wf>
         <wf lemma="været" pos="X">været</wf>
         <instance id="d000.s2454.t000" lemma="utilstrækkelig" pos="ADJ">utilstrækkelig</instance>
         <wf lemma="." pos="X">.</wf>
      </sentence>
      <sentence id="d000.s2455" source="wordnet-danish">
         <wf lemma="Producenterne" pos="X">Producenterne</wf>
         <wf lemma="står" pos="X">står</wf>
         <wf lemma="selv" pos="X">selv</wf>
         <wf lemma="til" pos="X">til</wf>
         <wf lemma="ansvar" pos="X">ansvar</wf>
         <wf lemma="for" pos="X">for</wf>
         <instance id="d000.s2455.t000" lemma="produkt" pos="NOUN">produkternes</instance>
         <wf lemma="indhold" pos="X">indhold</wf>
         <wf lemma="," pos="X">,</wf>
         <wf lemma="og" pos="X">og</wf>
         <wf lemma="dermed" pos="X">dermed</wf>
         <wf lemma="overholdelse" pos="X">overholdelse</wf>
         <wf lemma="af" pos="X">af</wf>
         <wf lemma="loven" pos="X">loven</wf>
         <wf lemma="." pos="X">.</wf>
      </sentence>
      <sentence id="d000.s2456" source="wordnet-danish">
         <wf lemma="virksomhederne" pos="X">virksomhederne</wf>
         <wf lemma="vil" pos="X">vil</wf>
         <wf lemma="have" pos="X">have</wf>
         <instance id="d000.s2456.t000" lemma="dynamisk" pos="ADJ">dynamiske</instance>
         <wf lemma="," pos="X">,</wf>
         <wf lemma="menneskekloge" pos="X">menneskekloge</wf>
         <wf lemma="," pos="X">,</wf>
         <wf lemma="visionære" pos="X">visionære</wf>
         <wf lemma="og" pos="X">og</wf>
         <wf lemma="fleksible" pos="X">fleksible</wf>
         <wf lemma="mennesker" pos="X">mennesker</wf>
         <wf lemma="." pos="X">.</wf>
      </sentence>
      <sentence id="d000.s2457" source="wordnet-danish">
         <wf lemma="Han" pos="X">Han</wf>
         <instance id="d000.s2457.t000" lemma="gå" pos="VERB">gik</instance>
         <wf lemma="med" pos="X">med</wf>
         <wf lemma="faste" pos="X">faste</wf>
         <wf lemma="," pos="X">,</wf>
         <wf lemma="militæriske" pos="X">militæriske</wf>
         <wf lemma="skridt" pos="X">skridt</wf>
         <wf lemma="," pos="X">,</wf>
         <wf lemma="værdigt" pos="X">værdigt</wf>
         <wf lemma="," pos="X">,</wf>
         <wf lemma="som" pos="X">som</wf>
         <wf lemma="om" pos="X">om</wf>
         <wf lemma="hele" pos="X">hele</wf>
         <wf lemma="verden" pos="X">verden</wf>
         <wf lemma="så" pos="X">så</wf>
         <wf lemma="på" pos="X">på</wf>
         <wf lemma="ham" pos="X">ham</wf>
         <wf lemma="." pos="X">.</wf>
      </sentence>
      <sentence id="d000.s2458" source="wordnet-danish">
         <wf lemma="Det" pos="X">Det</wf>
         <wf lemma="er" pos="X">er</wf>
         <wf lemma="sidste" pos="X">sidste</wf>
         <wf lemma="optagedag" pos="X">optagedag</wf>
         <wf lemma="med" pos="X">med</wf>
         <wf lemma="det" pos="X">det</wf>
         <wf lemma="internationale" pos="X">internationale</wf>
         <instance id="d000.s2458.t000" lemma="hold" pos="NOUN">hold</instance>
         <wf lemma="af" pos="X">af</wf>
         <wf lemma="skuespillere" pos="X">skuespillere</wf>
         <wf lemma="," pos="X">,</wf>
         <wf lemma="som" pos="X">som</wf>
         <wf lemma="medvirker" pos="X">medvirker</wf>
         <wf lemma="i" pos="X">i</wf>
         <wf lemma="Lars" pos="X">Lars</wf>
         <wf lemma="von" pos="X">von</wf>
         <wf lemma="Triers" pos="X">Triers</wf>
         <wf lemma="nye" pos="X">nye</wf>
         <wf lemma="film" pos="X">film</wf>
         <wf lemma="'Europa'." pos="X">'Europa'.</wf>
      </sentence>
      <sentence id="d000.s2459" source="wordnet-danish">
         <wf lemma="Et" pos="X">Et</wf>
         <wf lemma="billede" pos="X">billede</wf>
         <wf lemma="flakkede" pos="X">flakkede</wf>
         <wf lemma="som" pos="X">som</wf>
         <wf lemma="et" pos="X">et</wf>
         <wf lemma="lyn" pos="X">lyn</wf>
         <wf lemma="gennem" pos="X">gennem</wf>
         <instance id="d000.s2459.t000" lemma="skal" pos="NOUN">skallen</instance>
         <wf lemma="på" pos="X">på</wf>
         <wf lemma="mig" pos="X">mig</wf>
         <wf lemma="." pos="X">.</wf>
      </sentence>
      <sentence id="d000.s2460" source="wordnet-danish">
         <wf lemma="Det" pos="X">Det</wf>
         <wf lemma="er" pos="X">er</wf>
         <wf lemma="heldigvis" pos="X">heldigvis</wf>
         <wf lemma="kun" pos="X">kun</wf>
         <wf lemma="et" pos="X">et</wf>
         <instance id="d000.s2460.t000" lemma="mindretal" pos="NOUN">mindretal</instance>
         <wf lemma="af" pos="X">af</wf>
         <wf lemma="vore" pos="X">vore</wf>
         <wf lemma="vandløb" pos="X">vandløb</wf>
         <wf lemma="og" pos="X">og</wf>
         <wf lemma="søer" pos="X">søer</wf>
         <wf lemma="," pos="X">,</wf>
         <wf lemma="som" pos="X">som</wf>
         <wf lemma="kan" pos="X">kan</wf>
         <wf lemma="anvendes" pos="X">anvendes</wf>
         <wf lemma="til" pos="X">til</wf>
         <wf lemma="fritidssejlads" pos="X">fritidssejlads</wf>
         <wf lemma="." pos="X">.</wf>
      </sentence>
      <sentence id="d000.s2461" source="wordnet-danish">
         <wf lemma="der" pos="X">der</wf>
         <wf lemma="var" pos="X">var</wf>
         <wf lemma="en" pos="X">en</wf>
         <instance id="d000.s2461.t000" lemma="usynlig" pos="ADJ">usynlig</instance>
         <wf lemma="grænse" pos="X">grænse</wf>
         <wf lemma="," pos="X">,</wf>
         <wf lemma="hun" pos="X">hun</wf>
         <wf lemma="ikke" pos="X">ikke</wf>
         <wf lemma="tillod" pos="X">tillod</wf>
         <wf lemma="nogen" pos="X">nogen</wf>
         <wf lemma="at" pos="X">at</wf>
         <wf lemma="overskride" pos="X">overskride</wf>
         <wf lemma="." pos="X">.</wf>
      </sentence>
      <sentence id="d000.s2462" source="wordnet-danish">
         <wf lemma="Forbundskansler" pos="X">Forbundskansler</wf>
         <wf lemma="Helmut" pos="X">Helmut</wf>
         <wf lemma="Kohl" pos="X">Kohl</wf>
         <wf lemma="bestrider" pos="X">bestrider</wf>
         <wf lemma="ethvert" pos="X">ethvert</wf>
         <wf lemma="kendskab" pos="X">kendskab</wf>
         <wf lemma="til" pos="X">til</wf>
         <wf lemma="ulovlige" pos="X">ulovlige</wf>
         <instance id="d000.s2462.t000" lemma="transaktion" pos="NOUN">transaktioner</instance>
         <wf lemma="omkring" pos="X">omkring</wf>
         <wf lemma="vesttyske" pos="X">vesttyske</wf>
         <wf lemma="erhvervsvirksomheders" pos="X">erhvervsvirksomheders</wf>
         <wf lemma="tilskud" pos="X">tilskud</wf>
         <wf lemma="til" pos="X">til</wf>
         <wf lemma="de" pos="X">de</wf>
         <wf lemma="politiske" pos="X">politiske</wf>
         <wf lemma="partier" pos="X">partier</wf>
         <wf lemma="." pos="X">.</wf>
      </sentence>
      <sentence id="d000.s2463" source="wordnet-danish">
         <wf lemma="En" pos="X">En</wf>
         <instance id="d000.s2463.t000" lemma="typisk" pos="ADJ">typisk</instance>
         <wf lemma="ceremoni" pos="X">ceremoni</wf>
         <wf lemma="foregår" pos="X">foregår</wf>
         <wf lemma="på" pos="X">på</wf>
         <wf lemma="den" pos="X">den</wf>
         <wf lemma="måde" pos="X">måde</wf>
         <wf lemma="," pos="X">,</wf>
         <wf lemma="at" pos="X">at</wf>
         <wf lemma="Sai" pos="X">Sai</wf>
         <wf lemma="Baba" pos="X">Baba</wf>
         <wf lemma="vandrer" pos="X">vandrer</wf>
         <wf lemma="rundt" pos="X">rundt</wf>
         <wf lemma="blandt" pos="X">blandt</wf>
         <wf lemma="tusindvis" pos="X">tusindvis</wf>
         <wf lemma="af" pos="X">af</wf>
         <wf lemma="sine" pos="X">sine</wf>
         <wf lemma="tilhængere" pos="X">tilhængere</wf>
         <wf lemma="," pos="X">,</wf>
         <wf lemma="som" pos="X">som</wf>
         <wf lemma="sidder" pos="X">sidder</wf>
         <wf lemma="på" pos="X">på</wf>
         <wf lemma="jorden" pos="X">jorden</wf>
         <wf lemma="." pos="X">.</wf>
      </sentence>
      <sentence id="d000.s2464" source="wordnet-danish">
         <wf lemma="En" pos="X">En</wf>
         <wf lemma="terning" pos="X">terning</wf>
         <wf lemma="," pos="X">,</wf>
         <wf lemma="hvis" pos="X">hvis</wf>
         <instance id="d000.s2464.t000" lemma="kant" pos="NOUN">kanter</instance>
         <wf lemma="er" pos="X">er</wf>
         <wf lemma="1" pos="X">1</wf>
         <wf lemma="m" pos="X">m</wf>
         <wf lemma="," pos="X">,</wf>
         <wf lemma="rummer" pos="X">rummer</wf>
         <wf lemma="1" pos="X">1</wf>
         <wf lemma="m." pos="X">m.</wf>
      </sentence>
      <sentence id="d000.s2465" source="wordnet-danish">
         <wf lemma="Når" pos="X">Når</wf>
         <wf lemma="han" pos="X">han</wf>
         <wf lemma="gik" pos="X">gik</wf>
         <wf lemma="til" pos="X">til</wf>
         <wf lemma="premierer" pos="X">premierer</wf>
         <wf lemma="," pos="X">,</wf>
         <wf lemma="hvad" pos="X">hvad</wf>
         <wf lemma="han" pos="X">han</wf>
         <wf lemma="sjældent" pos="X">sjældent</wf>
         <wf lemma="gjorde" pos="X">gjorde</wf>
         <wf lemma="," pos="X">,</wf>
         <wf lemma="var" pos="X">var</wf>
         <wf lemma="det" pos="X">det</wf>
         <wf lemma="i" pos="X">i</wf>
         <instance id="d000.s2465.t000" lemma="selskab" pos="NOUN">selskab</instance>
         <wf lemma="med" pos="X">med</wf>
         <wf lemma="sin" pos="X">sin</wf>
         <wf lemma="kusine" pos="X">kusine</wf>
         <wf lemma="." pos="X">.</wf>
      </sentence>
      <sentence id="d000.s2466" source="wordnet-danish">
         <instance id="d000.s2466.t000" lemma="skat" pos="NOUN">Skatten</instance>
         <wf lemma="på" pos="X">på</wf>
         <wf lemma="de" pos="X">de</wf>
         <wf lemma="674" pos="X">674</wf>
         <wf lemma="danske" pos="X">danske</wf>
         <wf lemma="," pos="X">,</wf>
         <wf lemma="norske" pos="X">norske</wf>
         <wf lemma="og" pos="X">og</wf>
         <wf lemma="holstenske" pos="X">holstenske</wf>
         <wf lemma="sølvmønter" pos="X">sølvmønter</wf>
         <wf lemma="er" pos="X">er</wf>
         <wf lemma="danefæ" pos="X">danefæ</wf>
         <wf lemma="." pos="X">.</wf>
      </sentence>
      <sentence id="d000.s2467" source="wordnet-danish">
         <wf lemma="Betalingsmidlet" pos="X">Betalingsmidlet</wf>
         <wf lemma="," pos="X">,</wf>
         <wf lemma="smykkemetallet" pos="X">smykkemetallet</wf>
         <wf lemma="og" pos="X">og</wf>
         <wf lemma="statussymbolet" pos="X">statussymbolet</wf>
         <instance id="d000.s2467.t000" lemma="sølv" pos="NOUN">sølv</instance>
         <wf lemma="kom" pos="X">kom</wf>
         <wf lemma="i" pos="X">i</wf>
         <wf lemma="store" pos="X">store</wf>
         <wf lemma="mængder" pos="X">mængder</wf>
         <wf lemma="fra" pos="X">fra</wf>
         <wf lemma="både" pos="X">både</wf>
         <wf lemma="øst" pos="X">øst</wf>
         <wf lemma="og" pos="X">og</wf>
         <wf lemma="vest" pos="X">vest</wf>
         <wf lemma="[" pos="X">[</wf>
         <wf lemma=":" pos="X">:</wf>
         <wf lemma="i" pos="X">i</wf>
         <wf lemma="vikingetiden]" pos="X">vikingetiden]</wf>
         <wf lemma="." pos="X">.</wf>
      </sentence>
      <sentence id="d000.s2468" source="wordnet-danish">
         <wf lemma="På" pos="X">På</wf>
         <wf lemma="generalforsamlingen" pos="X">generalforsamlingen</wf>
         <wf lemma="blev" pos="X">blev</wf>
         <wf lemma="Lene" pos="X">Lene</wf>
         <wf lemma="Olsen" pos="X">Olsen</wf>
         <instance id="d000.s2468.t000" lemma="vælge" pos="VERB">valgt</instance>
         <wf lemma="til" pos="X">til</wf>
         <wf lemma="næstformand" pos="X">næstformand</wf>
         <wf lemma="." pos="X">.</wf>
      </sentence>
      <sentence id="d000.s2469" source="wordnet-danish">
         <wf lemma="Han" pos="X">Han</wf>
         <wf lemma="rettede" pos="X">rettede</wf>
         <wf lemma="et" pos="X">et</wf>
         <wf lemma="oversavet" pos="X">oversavet</wf>
         <wf lemma="jagtgevær" pos="X">jagtgevær</wf>
         <wf lemma="mod" pos="X">mod</wf>
         <wf lemma="hendes" pos="X">hendes</wf>
         <wf lemma="hoved" pos="X">hoved</wf>
         <wf lemma="." pos="X">.</wf>
         <wf lemma="Den" pos="X">Den</wf>
         <wf lemma="unge" pos="X">unge</wf>
         <wf lemma="kvinde" pos="X">kvinde</wf>
         <instance id="d000.s2469.t000" lemma="skrige" pos="VERB">skreg</instance>
         <wf lemma="af" pos="X">af</wf>
         <wf lemma="rædsel" pos="X">rædsel</wf>
         <wf lemma="." pos="X">.</wf>
      </sentence>
      <sentence id="d000.s2470" source="wordnet-danish">
         <wf lemma="Rederiet" pos="X">Rederiet</wf>
         <wf lemma="fik" pos="X">fik</wf>
         <wf lemma="i" pos="X">i</wf>
         <wf lemma="går" pos="X">går</wf>
         <wf lemma="en" pos="X">en</wf>
         <wf lemma="syv-årig" pos="X">syv-årig</wf>
         <wf lemma="koncession" pos="X">koncession</wf>
         <wf lemma="på" pos="X">på</wf>
         <wf lemma="al" pos="X">al</wf>
         <instance id="d000.s2470.t000" lemma="fragt" pos="NOUN">fragt</instance>
         <wf lemma="til" pos="X">til</wf>
         <wf lemma="og" pos="X">og</wf>
         <wf lemma="fra" pos="X">fra</wf>
         <wf lemma="Grønland" pos="X">Grønland</wf>
         <wf lemma="," pos="X">,</wf>
         <wf lemma="samt" pos="X">samt</wf>
         <wf lemma="mellem" pos="X">mellem</wf>
         <wf lemma="de" pos="X">de</wf>
         <wf lemma="store" pos="X">store</wf>
         <wf lemma="grønlandske" pos="X">grønlandske</wf>
         <wf lemma="byer" pos="X">byer</wf>
         <wf lemma="." pos="X">.</wf>
      </sentence>
      <sentence id="d000.s2471" source="wordnet-danish">
         <wf lemma="50" pos="X">50</wf>
         <wf lemma="pct." pos="X">pct.</wf>
         <wf lemma="af" pos="X">af</wf>
         <instance id="d000.s2471.t000" lemma="kunde" pos="NOUN">kunderne</instance>
         <wf lemma="gik" pos="X">gik</wf>
         <wf lemma="uden" pos="X">uden</wf>
         <wf lemma="at" pos="X">at</wf>
         <wf lemma="købe" pos="X">købe</wf>
         <wf lemma="noget" pos="X">noget</wf>
         <wf lemma="." pos="X">.</wf>
         <wf lemma="De" pos="X">De</wf>
         <wf lemma="kom" pos="X">kom</wf>
         <wf lemma="for" pos="X">for</wf>
         <wf lemma="at" pos="X">at</wf>
         <wf lemma="få" pos="X">få</wf>
         <wf lemma="ideer" pos="X">ideer</wf>
         <wf lemma="." pos="X">.</wf>
      </sentence>
      <sentence id="d000.s2472" source="wordnet-danish">
         <wf lemma="Tæt" pos="X">Tæt</wf>
         <wf lemma="sammenslyngede" pos="X">sammenslyngede</wf>
         <wf lemma="og" pos="X">og</wf>
         <wf lemma="halvkvalte" pos="X">halvkvalte</wf>
         <wf lemma="af" pos="X">af</wf>
         <wf lemma="grin" pos="X">grin</wf>
         <instance id="d000.s2472.t000" lemma="vælte" pos="VERB">væltede</instance>
         <wf lemma="de" pos="X">de</wf>
         <wf lemma="om" pos="X">om</wf>
         <wf lemma="på" pos="X">på</wf>
         <wf lemma="sofaen" pos="X">sofaen</wf>
         <wf lemma="." pos="X">.</wf>
      </sentence>
      <sentence id="d000.s2473" source="wordnet-danish">
         <wf lemma="Boldspillet" pos="X">Boldspillet</wf>
         <wf lemma="var" pos="X">var</wf>
         <wf lemma="allerede" pos="X">allerede</wf>
         <wf lemma="i" pos="X">i</wf>
         <wf lemma="fuld" pos="X">fuld</wf>
         <wf lemma="gang" pos="X">gang</wf>
         <wf lemma="rundt" pos="X">rundt</wf>
         <wf lemma="om" pos="X">om</wf>
         <wf lemma="på" pos="X">på</wf>
         <instance id="d000.s2473.t000" lemma="plads" pos="NOUN">pladsen</instance>
         <wf lemma="," pos="X">,</wf>
         <wf lemma="og" pos="X">og</wf>
         <wf lemma="foran" pos="X">foran</wf>
         <wf lemma="telte" pos="X">telte</wf>
         <wf lemma="og" pos="X">og</wf>
         <wf lemma="campingvogne" pos="X">campingvogne</wf>
         <wf lemma="var" pos="X">var</wf>
         <wf lemma="der" pos="X">der</wf>
         <wf lemma="dækket" pos="X">dækket</wf>
         <wf lemma="op" pos="X">op</wf>
         <wf lemma="med" pos="X">med</wf>
         <wf lemma="brød" pos="X">brød</wf>
         <wf lemma="," pos="X">,</wf>
         <wf lemma="kaffe" pos="X">kaffe</wf>
         <wf lemma="[og]" pos="X">[og]</wf>
         <wf lemma="juice" pos="X">juice</wf>
         <wf lemma="." pos="X">.</wf>
      </sentence>
      <sentence id="d000.s2474" source="wordnet-danish">
         <wf lemma="Flyveaske" pos="X">Flyveaske</wf>
         <wf lemma="er" pos="X">er</wf>
         <wf lemma="et" pos="X">et</wf>
         <wf lemma="fint" pos="X">fint</wf>
         <wf lemma="," pos="X">,</wf>
         <wf lemma="støvende" pos="X">støvende</wf>
         <instance id="d000.s2474.t000" lemma="pulver" pos="NOUN">pulver</instance>
         <wf lemma="," pos="X">,</wf>
         <wf lemma="der" pos="X">der</wf>
         <wf lemma="minder" pos="X">minder</wf>
         <wf lemma="om" pos="X">om</wf>
         <wf lemma="cement" pos="X">cement</wf>
         <wf lemma="." pos="X">.</wf>
      </sentence>
      <sentence id="d000.s2475" source="wordnet-danish">
         <wf lemma="[mascaraen" pos="X">[mascaraen</wf>
         <wf lemma="]" pos="X">]</wf>
         <wf lemma="koster" pos="X">koster</wf>
         <wf lemma="110" pos="X">110</wf>
         <wf lemma="kr." pos="X">kr.</wf>
         <wf lemma="og" pos="X">og</wf>
         <wf lemma="findes" pos="X">findes</wf>
         <wf lemma="i" pos="X">i</wf>
         <wf lemma="farverne" pos="X">farverne</wf>
         <wf lemma="sort" pos="X">sort</wf>
         <wf lemma="," pos="X">,</wf>
         <wf lemma="sortbrun" pos="X">sortbrun</wf>
         <wf lemma="og" pos="X">og</wf>
         <instance id="d000.s2475.t000" lemma="marine" pos="NOUN">marine</instance>
         <wf lemma="." pos="X">.</wf>
      </sentence>
      <sentence id="d000.s2476" source="wordnet-danish">
         <instance id="d000.s2476.t000" lemma="luft" pos="NOUN">Luften</instance>
         <wf lemma="var" pos="X">var</wf>
         <wf lemma="elektrisk" pos="X">elektrisk</wf>
         <wf lemma="," pos="X">,</wf>
         <wf lemma="ladet" pos="X">ladet</wf>
         <wf lemma="med" pos="X">med</wf>
         <wf lemma="fjendtlige" pos="X">fjendtlige</wf>
         <wf lemma="følelser" pos="X">følelser</wf>
         <wf lemma="." pos="X">.</wf>
      </sentence>
      <sentence id="d000.s2477" source="wordnet-danish">
         <wf lemma="han" pos="X">han</wf>
         <wf lemma="har" pos="X">har</wf>
         <wf lemma="til" pos="X">til</wf>
         <wf lemma="familiens" pos="X">familiens</wf>
         <wf lemma="store" pos="X">store</wf>
         <instance id="d000.s2477.t000" lemma="lettelse" pos="NOUN">lettelse</instance>
         <wf lemma="bestået" pos="X">bestået</wf>
         <wf lemma="en" pos="X">en</wf>
         <wf lemma="styrmandseksamen" pos="X">styrmandseksamen</wf>
         <wf lemma="." pos="X">.</wf>
      </sentence>
      <sentence id="d000.s2478" source="wordnet-danish">
         <wf lemma="[hun" pos="X">[hun</wf>
         <wf lemma="er" pos="X">er</wf>
         <wf lemma="]" pos="X">]</wf>
         <wf lemma="en" pos="X">en</wf>
         <wf lemma="ret" pos="X">ret</wf>
         <instance id="d000.s2478.t000" lemma="livlig" pos="ADJ">livlig</instance>
         <wf lemma="pige" pos="X">pige</wf>
         <wf lemma="," pos="X">,</wf>
         <wf lemma="specielt" pos="X">specielt</wf>
         <wf lemma="ved" pos="X">ved</wf>
         <wf lemma="festlige" pos="X">festlige</wf>
         <wf lemma="lejligheder" pos="X">lejligheder</wf>
         <wf lemma="." pos="X">.</wf>
      </sentence>
      <sentence id="d000.s2479" source="wordnet-danish">
         <wf lemma="Han" pos="X">Han</wf>
         <wf lemma="vendte" pos="X">vendte</wf>
         <instance id="d000.s2479.t000" lemma="bund" pos="NOUN">bunden</instance>
         <wf lemma="i" pos="X">i</wf>
         <wf lemma="vejret" pos="X">vejret</wf>
         <wf lemma="på" pos="X">på</wf>
         <wf lemma="cognacflasken" pos="X">cognacflasken</wf>
         <wf lemma="og" pos="X">og</wf>
         <wf lemma="tappede" pos="X">tappede</wf>
         <wf lemma="de" pos="X">de</wf>
         <wf lemma="absolut" pos="X">absolut</wf>
         <wf lemma="sidste" pos="X">sidste</wf>
         <wf lemma="dråber" pos="X">dråber</wf>
         <wf lemma="." pos="X">.</wf>
      </sentence>
      <sentence id="d000.s2480" source="wordnet-danish">
         <wf lemma="jeg" pos="X">jeg</wf>
         <instance id="d000.s2480.t000" lemma="fortælle" pos="VERB">fortalte</instance>
         <wf lemma="lidt" pos="X">lidt</wf>
         <wf lemma="om" pos="X">om</wf>
         <wf lemma="at" pos="X">at</wf>
         <wf lemma="læse" pos="X">læse</wf>
         <wf lemma="psykologi" pos="X">psykologi</wf>
         <wf lemma="og" pos="X">og</wf>
         <wf lemma="om" pos="X">om</wf>
         <wf lemma="den" pos="X">den</wf>
         <wf lemma="pige" pos="X">pige</wf>
         <wf lemma="," pos="X">,</wf>
         <wf lemma="jeg" pos="X">jeg</wf>
         <wf lemma="var" pos="X">var</wf>
         <wf lemma="støttepædagog" pos="X">støttepædagog</wf>
         <wf lemma="for" pos="X">for</wf>
         <wf lemma="." pos="X">.</wf>
      </sentence>
      <sentence id="d000.s2481" source="wordnet-danish">
         <wf lemma="vi" pos="X">vi</wf>
         <wf lemma="kan" pos="X">kan</wf>
         <wf lemma="allerede" pos="X">allerede</wf>
         <wf lemma="nu" pos="X">nu</wf>
         <wf lemma="modtage" pos="X">modtage</wf>
         <wf lemma="adskillige" pos="X">adskillige</wf>
         <wf lemma="udenlandske" pos="X">udenlandske</wf>
         <wf lemma="og" pos="X">og</wf>
         <wf lemma="internationale" pos="X">internationale</wf>
         <wf lemma="TV-stationer" pos="X">TV-stationer</wf>
         <wf lemma="via" pos="X">via</wf>
         <instance id="d000.s2481.t000" lemma="satellit" pos="NOUN">satellit</instance>
         <wf lemma="." pos="X">.</wf>
      </sentence>
      <sentence id="d000.s2482" source="wordnet-danish">
         <wf lemma="I" pos="X">I</wf>
         <wf lemma="alle" pos="X">alle</wf>
         <wf lemma="organiske" pos="X">organiske</wf>
         <wf lemma="processer" pos="X">processer</wf>
         <wf lemma="er" pos="X">er</wf>
         <instance id="d000.s2482.t000" lemma="kulstof" pos="NOUN">kulstof</instance>
         <wf lemma="en" pos="X">en</wf>
         <wf lemma="meget" pos="X">meget</wf>
         <wf lemma="væsentlig" pos="X">væsentlig</wf>
         <wf lemma="bestanddel" pos="X">bestanddel</wf>
         <wf lemma="." pos="X">.</wf>
      </sentence>
      <sentence id="d000.s2483" source="wordnet-danish">
         <wf lemma="Hér" pos="X">Hér</wf>
         <wf lemma="er" pos="X">er</wf>
         <wf lemma="bankrøveren" pos="X">bankrøveren</wf>
         <wf lemma="," pos="X">,</wf>
         <wf lemma="der" pos="X">der</wf>
         <wf lemma="tirsdag" pos="X">tirsdag</wf>
         <wf lemma="eftermiddag" pos="X">eftermiddag</wf>
         <instance id="d000.s2483.t000" lemma="røve" pos="VERB">røvede</instance>
         <wf lemma="60.000" pos="X">60.000</wf>
         <wf lemma="kr." pos="X">kr.</wf>
         <wf lemma="fra" pos="X">fra</wf>
         <wf lemma="Unibanken" pos="X">Unibanken</wf>
         <wf lemma="på" pos="X">på</wf>
         <wf lemma="Hovedgaden" pos="X">Hovedgaden</wf>
         <wf lemma="." pos="X">.</wf>
      </sentence>
      <sentence id="d000.s2484" source="wordnet-danish">
         <wf lemma="I" pos="X">I</wf>
         <wf lemma="restauranten" pos="X">restauranten</wf>
         <wf lemma="vil" pos="X">vil</wf>
         <wf lemma="der" pos="X">der</wf>
         <wf lemma="blive" pos="X">blive</wf>
         <wf lemma="solgt" pos="X">solgt</wf>
         <instance id="d000.s2484.t000" lemma="lækker" pos="ADJ">lækker</instance>
         <wf lemma="mad" pos="X">mad</wf>
         <wf lemma="af" pos="X">af</wf>
         <wf lemma="gode" pos="X">gode</wf>
         <wf lemma="råvarer" pos="X">råvarer</wf>
         <wf lemma="," pos="X">,</wf>
         <wf lemma="og" pos="X">og</wf>
         <wf lemma="til" pos="X">til</wf>
         <wf lemma="særdeles" pos="X">særdeles</wf>
         <wf lemma="rimelige" pos="X">rimelige</wf>
         <wf lemma="priser" pos="X">priser</wf>
         <wf lemma="." pos="X">.</wf>
      </sentence>
      <sentence id="d000.s2485" source="wordnet-danish">
         <wf lemma="med" pos="X">med</wf>
         <wf lemma="stigende" pos="X">stigende</wf>
         <wf lemma="undren" pos="X">undren</wf>
         <wf lemma="reflekterede" pos="X">reflekterede</wf>
         <wf lemma="[hun]" pos="X">[hun]</wf>
         <wf lemma="over" pos="X">over</wf>
         <wf lemma="den" pos="X">den</wf>
         <wf lemma="kolossale" pos="X">kolossale</wf>
         <instance id="d000.s2485.t000" lemma="rigdom" pos="NOUN">rigdom</instance>
         <wf lemma="," pos="X">,</wf>
         <wf lemma="hun" pos="X">hun</wf>
         <wf lemma="mødte" pos="X">mødte</wf>
         <wf lemma="i" pos="X">i</wf>
         <wf lemma="de" pos="X">de</wf>
         <wf lemma="guldprydede" pos="X">guldprydede</wf>
         <wf lemma="sale" pos="X">sale</wf>
         <wf lemma="og" pos="X">og</wf>
         <wf lemma="gange" pos="X">gange</wf>
         <wf lemma="." pos="X">.</wf>
      </sentence>
      <sentence id="d000.s2486" source="wordnet-danish">
         <wf lemma="I" pos="X">I</wf>
         <wf lemma="april" pos="X">april</wf>
         <wf lemma="blev" pos="X">blev</wf>
         <wf lemma="jeg" pos="X">jeg</wf>
         <wf lemma="--" pos="X">--</wf>
         <wf lemma="trods" pos="X">trods</wf>
         <wf lemma="stor" pos="X">stor</wf>
         <instance id="d000.s2486.t000" lemma="arbejdsløshed" pos="NOUN">arbejdsløshed</instance>
         <wf lemma="i" pos="X">i</wf>
         <wf lemma="bibliotekarfaget" pos="X">bibliotekarfaget</wf>
         <wf lemma="--" pos="X">--</wf>
         <wf lemma="lykkeligvis" pos="X">lykkeligvis</wf>
         <wf lemma="ansat" pos="X">ansat</wf>
         <wf lemma="på" pos="X">på</wf>
         <wf lemma="Skælskør" pos="X">Skælskør</wf>
         <wf lemma="Bibliotek" pos="X">Bibliotek</wf>
         <wf lemma="." pos="X">.</wf>
      </sentence>
      <sentence id="d000.s2487" source="wordnet-danish">
         <wf lemma="jeg" pos="X">jeg</wf>
         <wf lemma="har" pos="X">har</wf>
         <wf lemma="åbenbart" pos="X">åbenbart</wf>
         <wf lemma="stadigvæk" pos="X">stadigvæk</wf>
         <wf lemma="et" pos="X">et</wf>
         <wf lemma="så" pos="X">så</wf>
         <wf lemma="godt" pos="X">godt</wf>
         <instance id="d000.s2487.t000" lemma="navn" pos="NOUN">navn</instance>
         <wf lemma="i" pos="X">i</wf>
         <wf lemma="belgisk" pos="X">belgisk</wf>
         <wf lemma="fodbold" pos="X">fodbold</wf>
         <wf lemma="," pos="X">,</wf>
         <wf lemma="at" pos="X">at</wf>
         <wf lemma="jeg" pos="X">jeg</wf>
         <wf lemma="blev" pos="X">blev</wf>
         <wf lemma="kontaktet" pos="X">kontaktet</wf>
         <wf lemma="." pos="X">.</wf>
      </sentence>
      <sentence id="d000.s2488" source="wordnet-danish">
         <wf lemma="Skyl" pos="X">Skyl</wf>
         <wf lemma="og" pos="X">og</wf>
         <wf lemma="dup" pos="X">dup</wf>
         <wf lemma="salatbladene" pos="X">salatbladene</wf>
         <wf lemma="tørre" pos="X">tørre</wf>
         <wf lemma="med" pos="X">med</wf>
         <instance id="d000.s2488.t000" lemma="køkkenrulle" pos="NOUN">køkkenrulle</instance>
         <wf lemma="." pos="X">.</wf>
      </sentence>
      <sentence id="d000.s2489" source="wordnet-danish">
         <wf lemma="Hundrede" pos="X">Hundrede</wf>
         <wf lemma="kunstnere" pos="X">kunstnere</wf>
         <instance id="d000.s2489.t000" lemma="donere" pos="VERB">donerer</instance>
         <wf lemma="værker" pos="X">værker</wf>
         <wf lemma="til" pos="X">til</wf>
         <wf lemma="fordel" pos="X">fordel</wf>
         <wf lemma="for" pos="X">for</wf>
         <wf lemma="Red" pos="X">Red</wf>
         <wf lemma="Barnets" pos="X">Barnets</wf>
         <wf lemma="hjælpearbejde" pos="X">hjælpearbejde</wf>
         <wf lemma="." pos="X">.</wf>
      </sentence>
      <sentence id="d000.s2490" source="wordnet-danish">
         <wf lemma="Har" pos="X">Har</wf>
         <wf lemma="du" pos="X">du</wf>
         <wf lemma="prøvet" pos="X">prøvet</wf>
         <wf lemma="at" pos="X">at</wf>
         <wf lemma="køre" pos="X">køre</wf>
         <wf lemma="med" pos="X">med</wf>
         <instance id="d000.s2490.t000" lemma="metro" pos="NOUN">metroen</instance>
         <wf lemma="i" pos="X">i</wf>
         <wf lemma="Paris" pos="X">Paris</wf>
         <wf lemma="?" pos="X">?</wf>
         <wf lemma="Hvert" pos="X">Hvert</wf>
         <wf lemma="eneste" pos="X">eneste</wf>
         <wf lemma="menneske" pos="X">menneske</wf>
         <wf lemma="sidder" pos="X">sidder</wf>
         <wf lemma="med" pos="X">med</wf>
         <wf lemma="en" pos="X">en</wf>
         <wf lemma="bog" pos="X">bog</wf>
         <wf lemma="." pos="X">.</wf>
      </sentence>
      <sentence id="d000.s2491" source="wordnet-danish">
         <wf lemma="Kun" pos="X">Kun</wf>
         <wf lemma="få" pos="X">få</wf>
         <wf lemma="," pos="X">,</wf>
         <wf lemma="private" pos="X">private</wf>
         <wf lemma="daginstitutioner" pos="X">daginstitutioner</wf>
         <wf lemma="drives" pos="X">drives</wf>
         <wf lemma="på" pos="X">på</wf>
         <wf lemma="et" pos="X">et</wf>
         <instance id="d000.s2491.t000" lemma="eksplicit" pos="ADJ">eksplicit</instance>
         <wf lemma="religiøst" pos="X">religiøst</wf>
         <wf lemma="grundlag" pos="X">grundlag</wf>
         <wf lemma="." pos="X">.</wf>
      </sentence>
      <sentence id="d000.s2492" source="wordnet-danish">
         <wf lemma="Han" pos="X">Han</wf>
         <wf lemma="var" pos="X">var</wf>
         <wf lemma="i" pos="X">i</wf>
         <instance id="d000.s2492.t000" lemma="aktivitet" pos="NOUN">aktivitet</instance>
         <wf lemma="fra" pos="X">fra</wf>
         <wf lemma="morgen" pos="X">morgen</wf>
         <wf lemma="til" pos="X">til</wf>
         <wf lemma="aften" pos="X">aften</wf>
         <wf lemma="," pos="X">,</wf>
         <wf lemma="og" pos="X">og</wf>
         <wf lemma="hans" pos="X">hans</wf>
         <wf lemma="mor" pos="X">mor</wf>
         <wf lemma="var" pos="X">var</wf>
         <wf lemma="segnefærdig" pos="X">segnefærdig</wf>
         <wf lemma="af" pos="X">af</wf>
         <wf lemma="træthed" pos="X">træthed</wf>
         <wf lemma="," pos="X">,</wf>
         <wf lemma="når" pos="X">når</wf>
         <wf lemma="det" pos="X">det</wf>
         <wf lemma="endelig" pos="X">endelig</wf>
         <wf lemma="var" pos="X">var</wf>
         <wf lemma="sengetid" pos="X">sengetid</wf>
         <wf lemma="." pos="X">.</wf>
      </sentence>
      <sentence id="d000.s2493" source="wordnet-danish">
         <wf lemma="Orkesteret" pos="X">Orkesteret</wf>
         <wf lemma="har" pos="X">har</wf>
         <wf lemma="givet" pos="X">givet</wf>
         <wf lemma="utallige" pos="X">utallige</wf>
         <wf lemma="koncerter" pos="X">koncerter</wf>
         <wf lemma="i" pos="X">i</wf>
         <wf lemma="årenes" pos="X">årenes</wf>
         <wf lemma="løb" pos="X">løb</wf>
         <wf lemma="og" pos="X">og</wf>
         <instance id="d000.s2493.t000" lemma="optræde" pos="VERB">optrådt</instance>
         <wf lemma="mange" pos="X">mange</wf>
         <wf lemma="gange" pos="X">gange</wf>
         <wf lemma="i" pos="X">i</wf>
         <wf lemma="TV" pos="X">TV</wf>
         <wf lemma="og" pos="X">og</wf>
         <wf lemma="radio" pos="X">radio</wf>
         <wf lemma="." pos="X">.</wf>
      </sentence>
      <sentence id="d000.s2494" source="wordnet-danish">
         <wf lemma="Else" pos="X">Else</wf>
         <wf lemma="kommer" pos="X">kommer</wf>
         <wf lemma="ud" pos="X">ud</wf>
         <wf lemma="for" pos="X">for</wf>
         <wf lemma="voldsomme" pos="X">voldsomme</wf>
         <wf lemma="fristelser" pos="X">fristelser</wf>
         <wf lemma="," pos="X">,</wf>
         <wf lemma="men" pos="X">men</wf>
         <wf lemma="hun" pos="X">hun</wf>
         <wf lemma="forbliver" pos="X">forbliver</wf>
         <instance id="d000.s2494.t000" lemma="tro" pos="ADJ">tro</instance>
         <wf lemma="mod" pos="X">mod</wf>
         <wf lemma="sin" pos="X">sin</wf>
         <wf lemma="kæreste" pos="X">kæreste</wf>
         <wf lemma="." pos="X">.</wf>
      </sentence>
      <sentence id="d000.s2495" source="wordnet-danish">
         <instance id="d000.s2495.t000" lemma="kombination" pos="NOUN">Kombinationen</instance>
         <wf lemma="af" pos="X">af</wf>
         <wf lemma="fugt" pos="X">fugt</wf>
         <wf lemma="," pos="X">,</wf>
         <wf lemma="ilt" pos="X">ilt</wf>
         <wf lemma="og" pos="X">og</wf>
         <wf lemma="varme" pos="X">varme</wf>
         <wf lemma="får" pos="X">får</wf>
         <wf lemma="træ" pos="X">træ</wf>
         <wf lemma="til" pos="X">til</wf>
         <wf lemma="at" pos="X">at</wf>
         <wf lemma="rådne" pos="X">rådne</wf>
         <wf lemma="." pos="X">.</wf>
      </sentence>
      <sentence id="d000.s2496" source="wordnet-danish">
         <wf lemma="Vest" pos="X">Vest</wf>
         <wf lemma="for" pos="X">for</wf>
         <wf lemma="højsletten" pos="X">højsletten</wf>
         <wf lemma="ligger" pos="X">ligger</wf>
         <instance id="d000.s2496.t000" lemma="kystland" pos="NOUN">kystlandet</instance>
         <wf lemma="ud" pos="X">ud</wf>
         <wf lemma="til" pos="X">til</wf>
         <wf lemma="Stillehavet" pos="X">Stillehavet</wf>
         <wf lemma="," pos="X">,</wf>
         <wf lemma="med" pos="X">med</wf>
         <wf lemma="varmere" pos="X">varmere</wf>
         <wf lemma="klima" pos="X">klima</wf>
         <wf lemma="og" pos="X">og</wf>
         <wf lemma="mangrovesumpe" pos="X">mangrovesumpe</wf>
         <wf lemma="." pos="X">.</wf>
      </sentence>
      <sentence id="d000.s2497" source="wordnet-danish">
         <wf lemma="Alle" pos="X">Alle</wf>
         <wf lemma="var" pos="X">var</wf>
         <wf lemma="reglementeret" pos="X">reglementeret</wf>
         <wf lemma="udrustet" pos="X">udrustet</wf>
         <wf lemma="med" pos="X">med</wf>
         <wf lemma="soveposer" pos="X">soveposer</wf>
         <wf lemma="," pos="X">,</wf>
         <instance id="d000.s2497.t000" lemma="håndlampe" pos="NOUN">håndlamper</instance>
         <wf lemma="," pos="X">,</wf>
         <wf lemma="proviant" pos="X">proviant</wf>
         <wf lemma="og" pos="X">og</wf>
         <wf lemma="geodætiske" pos="X">geodætiske</wf>
         <wf lemma="kort" pos="X">kort</wf>
         <wf lemma="." pos="X">.</wf>
      </sentence>
      <sentence id="d000.s2498" source="wordnet-danish">
         <wf lemma="Ved" pos="X">Ved</wf>
         <wf lemma="Københavns" pos="X">Københavns</wf>
         <wf lemma="Fondsbørs'" pos="X">Fondsbørs'</wf>
         <wf lemma="beregning" pos="X">beregning</wf>
         <wf lemma="af" pos="X">af</wf>
         <wf lemma="den" pos="X">den</wf>
         <wf lemma="effektive" pos="X">effektive</wf>
         <wf lemma="rente" pos="X">rente</wf>
         <wf lemma="for" pos="X">for</wf>
         <wf lemma="visse" pos="X">visse</wf>
         <wf lemma="indeksobligationer" pos="X">indeksobligationer</wf>
         <wf lemma="(" pos="X">(</wf>
         <wf lemma="IS" pos="X">IS</wf>
         <wf lemma=")" pos="X">)</wf>
         <instance id="d000.s2498.t000" lemma="antage" pos="VERB">antages</instance>
         <wf lemma=".." pos="X">..</wf>
         <wf lemma="at" pos="X">at</wf>
         <wf lemma="den" pos="X">den</wf>
         <wf lemma="fremtidige" pos="X">fremtidige</wf>
         <wf lemma="inflation" pos="X">inflation</wf>
         <wf lemma="er" pos="X">er</wf>
         <wf lemma="0." pos="X">0.</wf>
      </sentence>
      <sentence id="d000.s2499" source="wordnet-danish">
         <wf lemma="Hun" pos="X">Hun</wf>
         <wf lemma="løftede" pos="X">løftede</wf>
         <wf lemma="telefonrøret" pos="X">telefonrøret</wf>
         <wf lemma="og" pos="X">og</wf>
         <wf lemma="bad" pos="X">bad</wf>
         <wf lemma="til" pos="X">til</wf>
         <wf lemma="," pos="X">,</wf>
         <wf lemma="at" pos="X">at</wf>
         <wf lemma="han" pos="X">han</wf>
         <wf lemma="var" pos="X">var</wf>
         <wf lemma="alene" pos="X">alene</wf>
         <wf lemma="," pos="X">,</wf>
         <wf lemma="da" pos="X">da</wf>
         <wf lemma="hun" pos="X">hun</wf>
         <wf lemma="drejede" pos="X">drejede</wf>
         <wf lemma="hans" pos="X">hans</wf>
         <instance id="d000.s2499.t000" lemma="nummer" pos="NOUN">nummer</instance>
         <wf lemma="." pos="X">.</wf>
      </sentence>
      <sentence id="d000.s2500" source="wordnet-danish">
         <wf lemma="sofisterne" pos="X">sofisterne</wf>
         <wf lemma="anså" pos="X">anså</wf>
         <wf lemma="sandheden" pos="X">sandheden</wf>
         <wf lemma="for" pos="X">for</wf>
         <wf lemma="at" pos="X">at</wf>
         <wf lemma="være" pos="X">være</wf>
         <instance id="d000.s2500.t000" lemma="relativ" pos="ADJ">relativ</instance>
         <wf lemma="." pos="X">.</wf>
      </sentence>
      <sentence id="d000.s2501" source="wordnet-danish">
         <wf lemma="Den" pos="X">Den</wf>
         <wf lemma="gamle" pos="X">gamle</wf>
         <wf lemma="kørte" pos="X">kørte</wf>
         <wf lemma="rullestolen" pos="X">rullestolen</wf>
         <wf lemma="hen" pos="X">hen</wf>
         <wf lemma="til" pos="X">til</wf>
         <wf lemma="en" pos="X">en</wf>
         <wf lemma="lav" pos="X">lav</wf>
         <instance id="d000.s2501.t000" lemma="kommode" pos="NOUN">kommode</instance>
         <wf lemma="og" pos="X">og</wf>
         <wf lemma="trak" pos="X">trak</wf>
         <wf lemma="den" pos="X">den</wf>
         <wf lemma="øverste" pos="X">øverste</wf>
         <wf lemma="skuffe" pos="X">skuffe</wf>
         <wf lemma="ud" pos="X">ud</wf>
         <wf lemma="." pos="X">.</wf>
      </sentence>
      <sentence id="d000.s2502" source="wordnet-danish">
         <wf lemma="Jeg" pos="X">Jeg</wf>
         <wf lemma="kan" pos="X">kan</wf>
         <wf lemma="nok" pos="X">nok</wf>
         <wf lemma="i" pos="X">i</wf>
         <wf lemma="virkeligheden" pos="X">virkeligheden</wf>
         <wf lemma="ikke" pos="X">ikke</wf>
         <wf lemma="anklage" pos="X">anklage</wf>
         <wf lemma="andre" pos="X">andre</wf>
         <wf lemma="end" pos="X">end</wf>
         <wf lemma="mig" pos="X">mig</wf>
         <wf lemma="selv" pos="X">selv</wf>
         <wf lemma="for" pos="X">for</wf>
         <wf lemma="at" pos="X">at</wf>
         <wf lemma="have" pos="X">have</wf>
         <instance id="d000.s2502.t000" lemma="spilde" pos="VERB">spildt</instance>
         <wf lemma="min" pos="X">min</wf>
         <wf lemma="chance" pos="X">chance</wf>
         <wf lemma="for" pos="X">for</wf>
         <wf lemma="et" pos="X">et</wf>
         <wf lemma="lykkeligt" pos="X">lykkeligt</wf>
         <wf lemma="liv" pos="X">liv</wf>
         <wf lemma="og" pos="X">og</wf>
         <wf lemma="en" pos="X">en</wf>
         <wf lemma="lykkelig" pos="X">lykkelig</wf>
         <wf lemma="fremtid" pos="X">fremtid</wf>
         <wf lemma="." pos="X">.</wf>
      </sentence>
      <sentence id="d000.s2503" source="wordnet-danish">
         <wf lemma="Lovens" pos="X">Lovens</wf>
         <wf lemma="strengeste" pos="X">strengeste</wf>
         <instance id="d000.s2503.t000" lemma="straf" pos="NOUN">straf</instance>
         <wf lemma="for" pos="X">for</wf>
         <wf lemma="røveri" pos="X">røveri</wf>
         <wf lemma="er" pos="X">er</wf>
         <wf lemma="15" pos="X">15</wf>
         <wf lemma="års" pos="X">års</wf>
         <wf lemma="fængsel" pos="X">fængsel</wf>
         <wf lemma="." pos="X">.</wf>
      </sentence>
      <sentence id="d000.s2504" source="wordnet-danish">
         <wf lemma="Arrangørerne" pos="X">Arrangørerne</wf>
         <wf lemma="har" pos="X">har</wf>
         <wf lemma="udlovet" pos="X">udlovet</wf>
         <wf lemma="10.000" pos="X">10.000</wf>
         <wf lemma="kr." pos="X">kr.</wf>
         <wf lemma="i" pos="X">i</wf>
         <instance id="d000.s2504.t000" lemma="præmie" pos="NOUN">præmie</instance>
         <wf lemma="for" pos="X">for</wf>
         <wf lemma="en" pos="X">en</wf>
         <wf lemma="verdensrekord" pos="X">verdensrekord</wf>
         <wf lemma="." pos="X">.</wf>
      </sentence>
      <sentence id="d000.s2505" source="wordnet-danish">
         <wf lemma="Han" pos="X">Han</wf>
         <wf lemma="var" pos="X">var</wf>
         <wf lemma="et" pos="X">et</wf>
         <wf lemma="godt" pos="X">godt</wf>
         <wf lemma="menneske" pos="X">menneske</wf>
         <wf lemma="." pos="X">.</wf>
         <wf lemma="Halvdelen" pos="X">Halvdelen</wf>
         <wf lemma="af" pos="X">af</wf>
         <wf lemma="," pos="X">,</wf>
         <wf lemma="hvad" pos="X">hvad</wf>
         <wf lemma="han" pos="X">han</wf>
         <wf lemma="tjente" pos="X">tjente</wf>
         <wf lemma="," pos="X">,</wf>
         <instance id="d000.s2505.t000" lemma="give" pos="VERB">gav</instance>
         <wf lemma="han" pos="X">han</wf>
         <wf lemma="væk" pos="X">væk</wf>
         <wf lemma="." pos="X">.</wf>
      </sentence>
      <sentence id="d000.s2506" source="wordnet-danish">
         <wf lemma="Hun" pos="X">Hun</wf>
         <wf lemma="var" pos="X">var</wf>
         <wf lemma="et" pos="X">et</wf>
         <instance id="d000.s2506.t000" lemma="sympatisk" pos="ADJ">sympatisk</instance>
         <wf lemma="og" pos="X">og</wf>
         <wf lemma="ansvarsbevidst" pos="X">ansvarsbevidst</wf>
         <wf lemma="menneske" pos="X">menneske</wf>
         <wf lemma="," pos="X">,</wf>
         <wf lemma="og" pos="X">og</wf>
         <wf lemma="jeg" pos="X">jeg</wf>
         <wf lemma="kunne" pos="X">kunne</wf>
         <wf lemma="virkelig" pos="X">virkelig</wf>
         <wf lemma="godt" pos="X">godt</wf>
         <wf lemma="lide" pos="X">lide</wf>
         <wf lemma="hende" pos="X">hende</wf>
         <wf lemma="." pos="X">.</wf>
      </sentence>
      <sentence id="d000.s2507" source="wordnet-danish">
         <wf lemma="Efter" pos="X">Efter</wf>
         <wf lemma="fødslen" pos="X">fødslen</wf>
         <wf lemma="fik" pos="X">fik</wf>
         <wf lemma="hun" pos="X">hun</wf>
         <wf lemma="den" pos="X">den</wf>
         <wf lemma="sædvanlige" pos="X">sædvanlige</wf>
         <wf lemma="indsprøjtning" pos="X">indsprøjtning</wf>
         <wf lemma="i" pos="X">i</wf>
         <instance id="d000.s2507.t000" lemma="lår" pos="NOUN">låret</instance>
         <wf lemma="for" pos="X">for</wf>
         <wf lemma="at" pos="X">at</wf>
         <wf lemma="mindske" pos="X">mindske</wf>
         <wf lemma="blødninger" pos="X">blødninger</wf>
         <wf lemma="." pos="X">.</wf>
      </sentence>
      <sentence id="d000.s2508" source="wordnet-danish">
         <wf lemma="med" pos="X">med</wf>
         <wf lemma="et" pos="X">et</wf>
         <wf lemma="heksehyl" pos="X">heksehyl</wf>
         <wf lemma="kommer" pos="X">kommer</wf>
         <wf lemma="en" pos="X">en</wf>
         <instance id="d000.s2508.t000" lemma="granat" pos="NOUN">granat</instance>
         <wf lemma="farende" pos="X">farende</wf>
         <wf lemma="og" pos="X">og</wf>
         <wf lemma="detonerer" pos="X">detonerer</wf>
         <wf lemma="i" pos="X">i</wf>
         <wf lemma="klippen" pos="X">klippen</wf>
         <wf lemma="bag" pos="X">bag</wf>
         <wf lemma="dem" pos="X">dem</wf>
         <wf lemma="." pos="X">.</wf>
      </sentence>
      <sentence id="d000.s2509" source="wordnet-danish">
         <wf lemma="Fugle" pos="X">Fugle</wf>
         <wf lemma="har" pos="X">har</wf>
         <wf lemma="en" pos="X">en</wf>
         <instance id="d000.s2509.t000" lemma="imponerende" pos="ADJ">imponerende</instance>
         <wf lemma="evne" pos="X">evne</wf>
         <wf lemma="til" pos="X">til</wf>
         <wf lemma="at" pos="X">at</wf>
         <wf lemma="finde" pos="X">finde</wf>
         <wf lemma="hjem" pos="X">hjem</wf>
         <wf lemma="," pos="X">,</wf>
         <wf lemma="også" pos="X">også</wf>
         <wf lemma="over" pos="X">over</wf>
         <wf lemma="strækninger" pos="X">strækninger</wf>
         <wf lemma="," pos="X">,</wf>
         <wf lemma="de" pos="X">de</wf>
         <wf lemma="aldrig" pos="X">aldrig</wf>
         <wf lemma="har" pos="X">har</wf>
         <wf lemma="set" pos="X">set</wf>
         <wf lemma="før" pos="X">før</wf>
         <wf lemma="." pos="X">.</wf>
      </sentence>
      <sentence id="d000.s2510" source="wordnet-danish">
         <wf lemma="Næsten" pos="X">Næsten</wf>
         <wf lemma="alle" pos="X">alle</wf>
         <instance id="d000.s2510.t000" lemma="kultur" pos="NOUN">kulturer</instance>
         <wf lemma="har" pos="X">har</wf>
         <wf lemma="en" pos="X">en</wf>
         <wf lemma="myte" pos="X">myte</wf>
         <wf lemma="om" pos="X">om</wf>
         <wf lemma="verdens" pos="X">verdens</wf>
         <wf lemma="skabelse" pos="X">skabelse</wf>
         <wf lemma="." pos="X">.</wf>
      </sentence>
      <sentence id="d000.s2511" source="wordnet-danish">
         <wf lemma="Hærens" pos="X">Hærens</wf>
         <wf lemma="krigsstyrke" pos="X">krigsstyrke</wf>
         <wf lemma="er" pos="X">er</wf>
         <instance id="d000.s2511.t000" lemma="mindske" pos="VERB">mindsket</instance>
         <wf lemma="med" pos="X">med</wf>
         <wf lemma="8000" pos="X">8000</wf>
         <wf lemma="mand." pos="X">mand.</wf>
      </sentence>
      <sentence id="d000.s2512" source="wordnet-danish">
         <wf lemma="Sociallovgivningen" pos="X">Sociallovgivningen</wf>
         <wf lemma="bygger" pos="X">bygger</wf>
         <wf lemma="på" pos="X">på</wf>
         <wf lemma="," pos="X">,</wf>
         <wf lemma="at" pos="X">at</wf>
         <wf lemma="vi" pos="X">vi</wf>
         <wf lemma="danskere" pos="X">danskere</wf>
         <wf lemma="ikke" pos="X">ikke</wf>
         <wf lemma="skal" pos="X">skal</wf>
         <instance id="d000.s2512.t000" lemma="tigge" pos="VERB">tigge</instance>
         <wf lemma="om" pos="X">om</wf>
         <wf lemma="noget" pos="X">noget</wf>
         <wf lemma="." pos="X">.</wf>
      </sentence>
      <sentence id="d000.s2513" source="wordnet-danish">
         <wf lemma="Æggehvider" pos="X">Æggehvider</wf>
         <wf lemma="kan" pos="X">kan</wf>
         <wf lemma="bruges" pos="X">bruges</wf>
         <wf lemma=".." pos="X">..</wf>
         <wf lemma="til" pos="X">til</wf>
         <wf lemma="bagværk" pos="X">bagværk</wf>
         <wf lemma="," pos="X">,</wf>
         <wf lemma="men" pos="X">men</wf>
         <wf lemma="det" pos="X">det</wf>
         <wf lemma="er" pos="X">er</wf>
         <wf lemma="også" pos="X">også</wf>
         <wf lemma="en" pos="X">en</wf>
         <wf lemma="god" pos="X">god</wf>
         <wf lemma="idé" pos="X">idé</wf>
         <wf lemma="at" pos="X">at</wf>
         <wf lemma="tilsætte" pos="X">tilsætte</wf>
         <wf lemma="en" pos="X">en</wf>
         <wf lemma="ekstra" pos="X">ekstra</wf>
         <instance id="d000.s2513.t000" lemma="æggehvide" pos="NOUN">æggehvide</instance>
         <wf lemma="eller" pos="X">eller</wf>
         <wf lemma="to" pos="X">to</wf>
         <wf lemma="til" pos="X">til</wf>
         <wf lemma="gratin'er" pos="X">gratin'er</wf>
         <wf lemma="og" pos="X">og</wf>
         <wf lemma="souffle'er" pos="X">souffle'er</wf>
         <wf lemma="." pos="X">.</wf>
      </sentence>
      <sentence id="d000.s2514" source="wordnet-danish">
         <wf lemma="Hun" pos="X">Hun</wf>
         <wf lemma="var" pos="X">var</wf>
         <wf lemma="en" pos="X">en</wf>
         <wf lemma="af" pos="X">af</wf>
         <wf lemma="klassens" pos="X">klassens</wf>
         <wf lemma="dårligste" pos="X">dårligste</wf>
         <wf lemma="elever" pos="X">elever</wf>
         <wf lemma="-" pos="X">-</wf>
         <wf lemma="-" pos="X">-</wf>
         <wf lemma="Lise" pos="X">Lise</wf>
         <wf lemma="skulle" pos="X">skulle</wf>
         <wf lemma="altid" pos="X">altid</wf>
         <instance id="d000.s2514.t000" lemma="låne" pos="VERB">låne</instance>
         <wf lemma="hende" pos="X">hende</wf>
         <wf lemma="sine" pos="X">sine</wf>
         <wf lemma="oversættelser" pos="X">oversættelser</wf>
         <wf lemma="." pos="X">.</wf>
      </sentence>
      <sentence id="d000.s2515" source="wordnet-danish">
         <wf lemma="Jobbet" pos="X">Jobbet</wf>
         <wf lemma="gik" pos="X">gik</wf>
         <wf lemma="ud" pos="X">ud</wf>
         <wf lemma="på" pos="X">på</wf>
         <wf lemma="at" pos="X">at</wf>
         <wf lemma="passe" pos="X">passe</wf>
         <wf lemma="en" pos="X">en</wf>
         <wf lemma="omstilling" pos="X">omstilling</wf>
         <wf lemma="med" pos="X">med</wf>
         <wf lemma="ca." pos="X">ca.</wf>
         <wf lemma="100" pos="X">100</wf>
         <instance id="d000.s2515.t000" lemma="lokalnummer" pos="NOUN">lokalnumre</instance>
         <wf lemma="." pos="X">.</wf>
      </sentence>
      <sentence id="d000.s2516" source="wordnet-danish">
         <wf lemma="Det" pos="X">Det</wf>
         <wf lemma="var" pos="X">var</wf>
         <wf lemma="en" pos="X">en</wf>
         <wf lemma="hvid" pos="X">hvid</wf>
         <wf lemma="puddelhund" pos="X">puddelhund</wf>
         <wf lemma="," pos="X">,</wf>
         <wf lemma="vist" pos="X">vist</wf>
         <wf lemma="nok" pos="X">nok</wf>
         <wf lemma="en" pos="X">en</wf>
         <wf lemma="dværgpuddel" pos="X">dværgpuddel</wf>
         <wf lemma="--" pos="X">--</wf>
         <wf lemma="ganske" pos="X">ganske</wf>
         <wf lemma="lille" pos="X">lille</wf>
         <wf lemma="med" pos="X">med</wf>
         <instance id="d000.s2516.t000" lemma="kort" pos="ADJ">korte</instance>
         <wf lemma="ben" pos="X">ben</wf>
         <wf lemma="." pos="X">.</wf>
      </sentence>
      <sentence id="d000.s2517" source="wordnet-danish">
         <wf lemma="Der" pos="X">Der</wf>
         <wf lemma="holdt" pos="X">holdt</wf>
         <wf lemma="en" pos="X">en</wf>
         <wf lemma="gul" pos="X">gul</wf>
         <wf lemma="postbil" pos="X">postbil</wf>
         <wf lemma="ud" pos="X">ud</wf>
         <wf lemma="for" pos="X">for</wf>
         <wf lemma="gadedøren" pos="X">gadedøren</wf>
         <wf lemma="." pos="X">.</wf>
         <instance id="d000.s2517.t000" lemma="post" pos="NOUN">Posten</instance>
         <wf lemma="var" pos="X">var</wf>
         <wf lemma="ved" pos="X">ved</wf>
         <wf lemma="at" pos="X">at</wf>
         <wf lemma="stige" pos="X">stige</wf>
         <wf lemma="ind" pos="X">ind</wf>
         <wf lemma="." pos="X">.</wf>
      </sentence>
      <sentence id="d000.s2518" source="wordnet-danish">
         <wf lemma="kisten" pos="X">kisten</wf>
         <wf lemma="bæres" pos="X">bæres</wf>
         <wf lemma="ud" pos="X">ud</wf>
         <wf lemma="på" pos="X">på</wf>
         <wf lemma="kirkegården" pos="X">kirkegården</wf>
         <wf lemma="," pos="X">,</wf>
         <wf lemma="hvor" pos="X">hvor</wf>
         <wf lemma="den" pos="X">den</wf>
         <wf lemma="sænkes" pos="X">sænkes</wf>
         <wf lemma="ned" pos="X">ned</wf>
         <wf lemma="i" pos="X">i</wf>
         <instance id="d000.s2518.t000" lemma="grav" pos="NOUN">graven</instance>
         <wf lemma="." pos="X">.</wf>
      </sentence>
      <sentence id="d000.s2519" source="wordnet-danish">
         <wf lemma="da" pos="X">da</wf>
         <wf lemma="hotel-drengen" pos="X">hotel-drengen</wf>
         <wf lemma="skulle" pos="X">skulle</wf>
         <wf lemma="tage" pos="X">tage</wf>
         <wf lemma="billedet" pos="X">billedet</wf>
         <wf lemma="tabte" pos="X">tabte</wf>
         <wf lemma="han" pos="X">han</wf>
         <wf lemma="kameraet" pos="X">kameraet</wf>
         <wf lemma="," pos="X">,</wf>
         <wf lemma="så" pos="X">så</wf>
         <wf lemma="det" pos="X">det</wf>
         <instance id="d000.s2519.t000" lemma="smadre" pos="VERB">smadrede</instance>
         <wf lemma="ud" pos="X">ud</wf>
         <wf lemma="over" pos="X">over</wf>
         <wf lemma="hele" pos="X">hele</wf>
         <wf lemma="gulvet" pos="X">gulvet</wf>
         <wf lemma="." pos="X">.</wf>
      </sentence>
      <sentence id="d000.s2520" source="wordnet-danish">
         <wf lemma="da" pos="X">da</wf>
         <wf lemma="han" pos="X">han</wf>
         <wf lemma="havde" pos="X">havde</wf>
         <wf lemma="fået" pos="X">fået</wf>
         <wf lemma="sat" pos="X">sat</wf>
         <wf lemma="sig" pos="X">sig</wf>
         <wf lemma="[i" pos="X">[i</wf>
         <wf lemma="toget]" pos="X">toget]</wf>
         <wf lemma="," pos="X">,</wf>
         <wf lemma="kom" pos="X">kom</wf>
         <instance id="d000.s2520.t000" lemma="konduktør" pos="NOUN">konduktøren</instance>
         <wf lemma="og" pos="X">og</wf>
         <wf lemma="ville" pos="X">ville</wf>
         <wf lemma="se" pos="X">se</wf>
         <wf lemma="billetten" pos="X">billetten</wf>
         <wf lemma="." pos="X">.</wf>
      </sentence>
      <sentence id="d000.s2521" source="wordnet-danish">
         <wf lemma="Mange" pos="X">Mange</wf>
         <wf lemma="forældre" pos="X">forældre</wf>
         <wf lemma="ville" pos="X">ville</wf>
         <wf lemma="ikke" pos="X">ikke</wf>
         <wf lemma="udsætte" pos="X">udsætte</wf>
         <wf lemma="deres" pos="X">deres</wf>
         <wf lemma="børn" pos="X">børn</wf>
         <wf lemma="for" pos="X">for</wf>
         <wf lemma="den" pos="X">den</wf>
         <instance id="d000.s2521.t000" lemma="fare" pos="NOUN">fare</instance>
         <wf lemma="," pos="X">,</wf>
         <wf lemma="det" pos="X">det</wf>
         <wf lemma="var" pos="X">var</wf>
         <wf lemma="at" pos="X">at</wf>
         <wf lemma="flygte" pos="X">flygte</wf>
         <wf lemma="over" pos="X">over</wf>
         <wf lemma="Øresund" pos="X">Øresund</wf>
         <wf lemma="." pos="X">.</wf>
      </sentence>
      <sentence id="d000.s2522" source="wordnet-danish">
         <wf lemma="Et" pos="X">Et</wf>
         <wf lemma="af" pos="X">af</wf>
         <wf lemma="de" pos="X">de</wf>
         <wf lemma="hurtigste" pos="X">hurtigste</wf>
         <wf lemma="dyr" pos="X">dyr</wf>
         <wf lemma="på" pos="X">på</wf>
         <wf lemma="prærien" pos="X">prærien</wf>
         <wf lemma="er" pos="X">er</wf>
         <wf lemma="gaffelbukken" pos="X">gaffelbukken</wf>
         <wf lemma="." pos="X">.</wf>
         <wf lemma="Den" pos="X">Den</wf>
         <instance id="d000.s2522.t000" lemma="kunne" pos="VERB">kan</instance>
         <wf lemma="løbe" pos="X">løbe</wf>
         <wf lemma="med" pos="X">med</wf>
         <wf lemma="90" pos="X">90</wf>
         <wf lemma="km" pos="X">km</wf>
         <wf lemma="i" pos="X">i</wf>
         <wf lemma="timen" pos="X">timen</wf>
         <wf lemma="." pos="X">.</wf>
      </sentence>
      <sentence id="d000.s2523" source="wordnet-danish">
         <wf lemma="Med" pos="X">Med</wf>
         <wf lemma="næsten" pos="X">næsten</wf>
         <wf lemma="smertelig" pos="X">smertelig</wf>
         <instance id="d000.s2523.t000" lemma="medfølelse" pos="NOUN">medfølelse</instance>
         <wf lemma="følger" pos="X">følger</wf>
         <wf lemma="vi" pos="X">vi</wf>
         <wf lemma="Evas" pos="X">Evas</wf>
         <wf lemma="oplevelse" pos="X">oplevelse</wf>
         <wf lemma="af" pos="X">af</wf>
         <wf lemma="Henriks" pos="X">Henriks</wf>
         <wf lemma="flirten" pos="X">flirten</wf>
         <wf lemma="med" pos="X">med</wf>
         <wf lemma="Marianne" pos="X">Marianne</wf>
         <wf lemma="." pos="X">.</wf>
      </sentence>
      <sentence id="d000.s2524" source="wordnet-danish">
         <wf lemma="alle" pos="X">alle</wf>
         <wf lemma="medbringer" pos="X">medbringer</wf>
         <wf lemma="en" pos="X">en</wf>
         <wf lemma="pakke" pos="X">pakke</wf>
         <wf lemma="til" pos="X">til</wf>
         <wf lemma="en" pos="X">en</wf>
         <wf lemma="værdi" pos="X">værdi</wf>
         <wf lemma="af" pos="X">af</wf>
         <wf lemma="ca." pos="X">ca.</wf>
         <wf lemma="25" pos="X">25</wf>
         <wf lemma="kr." pos="X">kr.</wf>
         <wf lemma="," pos="X">,</wf>
         <wf lemma="som" pos="X">som</wf>
         <wf lemma="der" pos="X">der</wf>
         <wf lemma="bliver" pos="X">bliver</wf>
         <wf lemma="holdt" pos="X">holdt</wf>
         <instance id="d000.s2524.t000" lemma="auktion" pos="NOUN">auktion</instance>
         <wf lemma="over" pos="X">over</wf>
         <wf lemma="," pos="X">,</wf>
         <wf lemma="og" pos="X">og</wf>
         <wf lemma="alle" pos="X">alle</wf>
         <wf lemma="pengene" pos="X">pengene</wf>
         <wf lemma="går" pos="X">går</wf>
         <wf lemma="til" pos="X">til</wf>
         <wf lemma="vores" pos="X">vores</wf>
         <wf lemma="klubkasse" pos="X">klubkasse</wf>
         <wf lemma="." pos="X">.</wf>
      </sentence>
      <sentence id="d000.s2525" source="wordnet-danish">
         <wf lemma="Hun" pos="X">Hun</wf>
         <wf lemma="gennembladede" pos="X">gennembladede</wf>
         <instance id="d000.s2525.t000" lemma="post" pos="NOUN">posten</instance>
         <wf lemma="--" pos="X">--</wf>
         <wf lemma="de" pos="X">de</wf>
         <wf lemma="sædvanlige" pos="X">sædvanlige</wf>
         <wf lemma="medicinalreklamer" pos="X">medicinalreklamer</wf>
         <wf lemma="," pos="X">,</wf>
         <wf lemma="et" pos="X">et</wf>
         <wf lemma="par" pos="X">par</wf>
         <wf lemma="rudekuverter" pos="X">rudekuverter</wf>
         <wf lemma="med" pos="X">med</wf>
         <wf lemma="opgørelser" pos="X">opgørelser</wf>
         <wf lemma="fra" pos="X">fra</wf>
         <wf lemma="banken" pos="X">banken</wf>
         <wf lemma="og" pos="X">og</wf>
         <wf lemma="et" pos="X">et</wf>
         <wf lemma="farvestrålende" pos="X">farvestrålende</wf>
         <wf lemma="postkort" pos="X">postkort</wf>
         <wf lemma="." pos="X">.</wf>
      </sentence>
      <sentence id="d000.s2526" source="wordnet-danish">
         <wf lemma="Han" pos="X">Han</wf>
         <wf lemma="spiste" pos="X">spiste</wf>
         <wf lemma="aldrig" pos="X">aldrig</wf>
         <wf lemma="fisk" pos="X">fisk</wf>
         <wf lemma=".." pos="X">..</wf>
         <wf lemma="det" pos="X">det</wf>
         <wf lemma="var" pos="X">var</wf>
         <wf lemma="et" pos="X">et</wf>
         <instance id="d000.s2526.t000" lemma="princip" pos="NOUN">princip</instance>
         <wf lemma="for" pos="X">for</wf>
         <wf lemma="ham" pos="X">ham</wf>
         <wf lemma="ikke" pos="X">ikke</wf>
         <wf lemma="at" pos="X">at</wf>
         <wf lemma="røre" pos="X">røre</wf>
         <wf lemma="fisk" pos="X">fisk</wf>
         <wf lemma="." pos="X">.</wf>
      </sentence>
      <sentence id="d000.s2527" source="wordnet-danish">
         <wf lemma="da" pos="X">da</wf>
         <wf lemma="Per" pos="X">Per</wf>
         <wf lemma="Okkerstrøm" pos="X">Okkerstrøm</wf>
         <wf lemma="på" pos="X">på</wf>
         <wf lemma="et" pos="X">et</wf>
         <wf lemma="lynhurtigt" pos="X">lynhurtigt</wf>
         <wf lemma="opløb" pos="X">opløb</wf>
         <wf lemma="sendte" pos="X">sendte</wf>
         <wf lemma="bolden" pos="X">bolden</wf>
         <wf lemma="i" pos="X">i</wf>
         <instance id="d000.s2527.t000" lemma="net" pos="NOUN">nettet</instance>
         <wf lemma="til" pos="X">til</wf>
         <wf lemma="20-12" pos="X">20-12</wf>
         <wf lemma="var" pos="X">var</wf>
         <wf lemma="slaget" pos="X">slaget</wf>
         <wf lemma="i" pos="X">i</wf>
         <wf lemma="realiteten" pos="X">realiteten</wf>
         <wf lemma="afgjort" pos="X">afgjort</wf>
         <wf lemma="." pos="X">.</wf>
      </sentence>
      <sentence id="d000.s2528" source="wordnet-danish">
         <wf lemma="det" pos="X">det</wf>
         <wf lemma="hele" pos="X">hele</wf>
         <wf lemma="måtte" pos="X">måtte</wf>
         <wf lemma="vel" pos="X">vel</wf>
         <wf lemma="kunne" pos="X">kunne</wf>
         <wf lemma="klares" pos="X">klares</wf>
         <wf lemma="uden" pos="X">uden</wf>
         <wf lemma="assistance" pos="X">assistance</wf>
         <wf lemma="af" pos="X">af</wf>
         <wf lemma="nogen" pos="X">nogen</wf>
         <instance id="d000.s2528.t000" lemma="art" pos="NOUN">art</instance>
         <wf lemma="." pos="X">.</wf>
      </sentence>
      <sentence id="d000.s2529" source="wordnet-danish">
         <wf lemma="Næppe" pos="X">Næppe</wf>
         <wf lemma="nogen" pos="X">nogen</wf>
         <wf lemma="fjernsynsudsendelse" pos="X">fjernsynsudsendelse</wf>
         <wf lemma="har" pos="X">har</wf>
         <wf lemma="været" pos="X">været</wf>
         <wf lemma="set" pos="X">set</wf>
         <wf lemma="af" pos="X">af</wf>
         <wf lemma="så" pos="X">så</wf>
         <wf lemma="mange" pos="X">mange</wf>
         <wf lemma="som" pos="X">som</wf>
         <wf lemma="Apollo" pos="X">Apollo</wf>
         <wf lemma="11's" pos="X">11's</wf>
         <wf lemma="landing" pos="X">landing</wf>
         <wf lemma="på" pos="X">på</wf>
         <instance id="d000.s2529.t000" lemma="måne" pos="NOUN">Månen</instance>
         <wf lemma="i" pos="X">i</wf>
         <wf lemma="juli" pos="X">juli</wf>
         <wf lemma="1969" pos="X">1969</wf>
         <wf lemma="." pos="X">.</wf>
      </sentence>
      <sentence id="d000.s2530" source="wordnet-danish">
         <wf lemma="Han" pos="X">Han</wf>
         <instance id="d000.s2530.t000" lemma="spøge" pos="VERB">spøgte</instance>
         <wf lemma="og" pos="X">og</wf>
         <wf lemma="fortalte" pos="X">fortalte</wf>
         <wf lemma="vittigheder" pos="X">vittigheder</wf>
         <wf lemma="mens" pos="X">mens</wf>
         <wf lemma="konerne" pos="X">konerne</wf>
         <wf lemma="lo" pos="X">lo</wf>
         <wf lemma="så" pos="X">så</wf>
         <wf lemma="tårerne" pos="X">tårerne</wf>
         <wf lemma="stod" pos="X">stod</wf>
         <wf lemma="dem" pos="X">dem</wf>
         <wf lemma="i" pos="X">i</wf>
         <wf lemma="øjnene" pos="X">øjnene</wf>
         <wf lemma="." pos="X">.</wf>
      </sentence>
      <sentence id="d000.s2531" source="wordnet-danish">
         <wf lemma="Min" pos="X">Min</wf>
         <wf lemma="far" pos="X">far</wf>
         <wf lemma="tegnede" pos="X">tegnede</wf>
         <wf lemma="haveplaner" pos="X">haveplaner</wf>
         <wf lemma="på" pos="X">på</wf>
         <wf lemma="kvadreret" pos="X">kvadreret</wf>
         <wf lemma="papir" pos="X">papir</wf>
         <wf lemma="og" pos="X">og</wf>
         <wf lemma="målte" pos="X">målte</wf>
         <wf lemma="ud" pos="X">ud</wf>
         <wf lemma="," pos="X">,</wf>
         <wf lemma="og" pos="X">og</wf>
         <wf lemma="vi" pos="X">vi</wf>
         <wf lemma="hjalp" pos="X">hjalp</wf>
         <wf lemma="ham" pos="X">ham</wf>
         <wf lemma="med" pos="X">med</wf>
         <instance id="d000.s2531.t000" lemma="målebånd" pos="NOUN">målebånd</instance>
         <wf lemma="," pos="X">,</wf>
         <wf lemma="snore" pos="X">snore</wf>
         <wf lemma="og" pos="X">og</wf>
         <wf lemma="pinde" pos="X">pinde</wf>
         <wf lemma="." pos="X">.</wf>
      </sentence>
      <sentence id="d000.s2532" source="wordnet-danish">
         <wf lemma="[hun" pos="X">[hun</wf>
         <wf lemma="er" pos="X">er</wf>
         <wf lemma="]" pos="X">]</wf>
         <wf lemma="stadig" pos="X">stadig</wf>
         <wf lemma="snild" pos="X">snild</wf>
         <wf lemma="på" pos="X">på</wf>
         <wf lemma="fingrene" pos="X">fingrene</wf>
         <wf lemma="og" pos="X">og</wf>
         <wf lemma="skifter" pos="X">skifter</wf>
         <wf lemma="med" pos="X">med</wf>
         <wf lemma="største" pos="X">største</wf>
         <wf lemma="lethed" pos="X">lethed</wf>
         <wf lemma="eger" pos="X">eger</wf>
         <wf lemma="i" pos="X">i</wf>
         <wf lemma="et" pos="X">et</wf>
         <instance id="d000.s2532.t000" lemma="hjul" pos="NOUN">hjul</instance>
         <wf lemma="," pos="X">,</wf>
         <wf lemma="lapper" pos="X">lapper</wf>
         <wf lemma="en" pos="X">en</wf>
         <wf lemma="slange" pos="X">slange</wf>
         <wf lemma="eller" pos="X">eller</wf>
         <wf lemma="sætter" pos="X">sætter</wf>
         <wf lemma="et" pos="X">et</wf>
         <wf lemma="nyt" pos="X">nyt</wf>
         <wf lemma="dæk" pos="X">dæk</wf>
         <wf lemma="på" pos="X">på</wf>
         <wf lemma="en" pos="X">en</wf>
         <wf lemma="12-gears" pos="X">12-gears</wf>
         <wf lemma="racercykel" pos="X">racercykel</wf>
         <wf lemma="." pos="X">.</wf>
      </sentence>
      <sentence id="d000.s2533" source="wordnet-danish">
         <wf lemma="Børn" pos="X">Børn</wf>
         <wf lemma="har" pos="X">har</wf>
         <wf lemma="gratis" pos="X">gratis</wf>
         <wf lemma="adgang" pos="X">adgang</wf>
         <wf lemma="i" pos="X">i</wf>
         <wf lemma="følge" pos="X">følge</wf>
         <wf lemma="med" pos="X">med</wf>
         <instance id="d000.s2533.t000" lemma="voksen" pos="NOUN">voksne</instance>
         <wf lemma="." pos="X">.</wf>
      </sentence>
      <sentence id="d000.s2534" source="wordnet-danish">
         <wf lemma="Med" pos="X">Med</wf>
         <wf lemma="sin" pos="X">sin</wf>
         <instance id="d000.s2534.t000" lemma="list" pos="NOUN">list</instance>
         <wf lemma="og" pos="X">og</wf>
         <wf lemma="sit" pos="X">sit</wf>
         <wf lemma="forræderi" pos="X">forræderi</wf>
         <wf lemma="," pos="X">,</wf>
         <wf lemma="sine" pos="X">sine</wf>
         <wf lemma="hemmelige" pos="X">hemmelige</wf>
         <wf lemma="planer" pos="X">planer</wf>
         <wf lemma="og" pos="X">og</wf>
         <wf lemma="sit" pos="X">sit</wf>
         <wf lemma="oprør" pos="X">oprør</wf>
         <wf lemma="mod" pos="X">mod</wf>
         <wf lemma="heltens" pos="X">heltens</wf>
         <wf lemma="ordnede" pos="X">ordnede</wf>
         <wf lemma="verden" pos="X">verden</wf>
         <wf lemma="," pos="X">,</wf>
         <wf lemma="er" pos="X">er</wf>
         <wf lemma="[han]" pos="X">[han]</wf>
         <wf lemma="repræsentant" pos="X">repræsentant</wf>
         <wf lemma="for" pos="X">for</wf>
         <wf lemma="det" pos="X">det</wf>
         <wf lemma="onde" pos="X">onde</wf>
         <wf lemma="." pos="X">.</wf>
      </sentence>
      <sentence id="d000.s2535" source="wordnet-danish">
         <wf lemma="tyvene" pos="X">tyvene</wf>
         <wf lemma="kom" pos="X">kom</wf>
         <wf lemma="ind" pos="X">ind</wf>
         <wf lemma="ved" pos="X">ved</wf>
         <wf lemma="at" pos="X">at</wf>
         <wf lemma="klippe" pos="X">klippe</wf>
         <wf lemma="hul" pos="X">hul</wf>
         <wf lemma="i" pos="X">i</wf>
         <instance id="d000.s2535.t000" lemma="hegn" pos="NOUN">hegnet</instance>
         <wf lemma="." pos="X">.</wf>
      </sentence>
      <sentence id="d000.s2536" source="wordnet-danish">
         <wf lemma="Enlige" pos="X">Enlige</wf>
         <wf lemma="heste" pos="X">heste</wf>
         <wf lemma="stod" pos="X">stod</wf>
         <wf lemma="med" pos="X">med</wf>
         <instance id="d000.s2536.t000" lemma="bag" pos="NOUN">bagen</instance>
         <wf lemma="mod" pos="X">mod</wf>
         <wf lemma="vejret" pos="X">vejret</wf>
         <wf lemma="." pos="X">.</wf>
      </sentence>
      <sentence id="d000.s2537" source="wordnet-danish">
         <wf lemma="I" pos="X">I</wf>
         <wf lemma="skulpturværkstedet" pos="X">skulpturværkstedet</wf>
         <wf lemma="på" pos="X">på</wf>
         <wf lemma="Brandts" pos="X">Brandts</wf>
         <wf lemma="Klædefabrik" pos="X">Klædefabrik</wf>
         <wf lemma="kan" pos="X">kan</wf>
         <wf lemma="man" pos="X">man</wf>
         <wf lemma="under" pos="X">under</wf>
         <wf lemma="kyndig" pos="X">kyndig</wf>
         <wf lemma="vejledning" pos="X">vejledning</wf>
         <wf lemma="lære" pos="X">lære</wf>
         <wf lemma="at" pos="X">at</wf>
         <instance id="d000.s2537.t000" lemma="forme" pos="VERB">forme</instance>
         <wf lemma="figurer" pos="X">figurer</wf>
         <wf lemma="i" pos="X">i</wf>
         <wf lemma="gips" pos="X">gips</wf>
         <wf lemma="." pos="X">.</wf>
      </sentence>
      <sentence id="d000.s2538" source="wordnet-danish">
         <wf lemma="hvert" pos="X">hvert</wf>
         <wf lemma="dyr" pos="X">dyr</wf>
         <wf lemma="og" pos="X">og</wf>
         <wf lemma="hver" pos="X">hver</wf>
         <wf lemma="plante" pos="X">plante</wf>
         <wf lemma="har" pos="X">har</wf>
         <wf lemma="et" pos="X">et</wf>
         <wf lemma="latinsk" pos="X">latinsk</wf>
         <wf lemma="dobbeltnavn" pos="X">dobbeltnavn</wf>
         <wf lemma="," pos="X">,</wf>
         <wf lemma="der" pos="X">der</wf>
         <wf lemma="entydigt" pos="X">entydigt</wf>
         <wf lemma="angiver" pos="X">angiver</wf>
         <wf lemma="slægt" pos="X">slægt</wf>
         <wf lemma="og" pos="X">og</wf>
         <instance id="d000.s2538.t000" lemma="art" pos="NOUN">art</instance>
         <wf lemma="," pos="X">,</wf>
         <wf lemma="genus" pos="X">genus</wf>
         <wf lemma="og" pos="X">og</wf>
         <wf lemma="species" pos="X">species</wf>
         <wf lemma="." pos="X">.</wf>
      </sentence>
      <sentence id="d000.s2539" source="wordnet-danish">
         <wf lemma="Ved" pos="X">Ved</wf>
         <wf lemma="at" pos="X">at</wf>
         <wf lemma="vælge" pos="X">vælge</wf>
         <wf lemma="en" pos="X">en</wf>
         <wf lemma="seksspaltet" pos="X">seksspaltet</wf>
         <instance id="d000.s2539.t000" lemma="opsætning" pos="NOUN">opsætning</instance>
         <wf lemma="i" pos="X">i</wf>
         <wf lemma="en" pos="X">en</wf>
         <wf lemma="ellers" pos="X">ellers</wf>
         <wf lemma="8-spaltet" pos="X">8-spaltet</wf>
         <wf lemma="avis" pos="X">avis</wf>
         <wf lemma="får" pos="X">får</wf>
         <wf lemma="man" pos="X">man</wf>
         <wf lemma="Kroniken" pos="X">Kroniken</wf>
         <wf lemma="adskilt" pos="X">adskilt</wf>
         <wf lemma="grafisk" pos="X">grafisk</wf>
         <wf lemma="fra" pos="X">fra</wf>
         <wf lemma="den" pos="X">den</wf>
         <wf lemma="øvrige" pos="X">øvrige</wf>
         <wf lemma="avis" pos="X">avis</wf>
         <wf lemma="." pos="X">.</wf>
      </sentence>
      <sentence id="d000.s2540" source="wordnet-danish">
         <wf lemma="Jeg" pos="X">Jeg</wf>
         <instance id="d000.s2540.t000" lemma="presse" pos="VERB">pressede</instance>
         <wf lemma="hårdere" pos="X">hårdere</wf>
         <wf lemma="og" pos="X">og</wf>
         <wf lemma="hårdere" pos="X">hårdere</wf>
         <wf lemma="på" pos="X">på</wf>
         <wf lemma="speederen" pos="X">speederen</wf>
         <wf lemma="." pos="X">.</wf>
      </sentence>
      <sentence id="d000.s2541" source="wordnet-danish">
         <wf lemma="Han" pos="X">Han</wf>
         <wf lemma="har" pos="X">har</wf>
         <wf lemma="klaget" pos="X">klaget</wf>
         <wf lemma="til" pos="X">til</wf>
         <wf lemma="Ombudsmanden" pos="X">Ombudsmanden</wf>
         <wf lemma="over" pos="X">over</wf>
         <wf lemma="Den" pos="X">Den</wf>
         <wf lemma="sociale" pos="X">sociale</wf>
         <wf lemma="Ankestyrelses" pos="X">Ankestyrelses</wf>
         <instance id="d000.s2541.t000" lemma="afvisning" pos="NOUN">afvisning</instance>
         <wf lemma="af" pos="X">af</wf>
         <wf lemma="at" pos="X">at</wf>
         <wf lemma="udbetale" pos="X">udbetale</wf>
         <wf lemma="hans" pos="X">hans</wf>
         <wf lemma="erstatning" pos="X">erstatning</wf>
         <wf lemma="." pos="X">.</wf>
      </sentence>
      <sentence id="d000.s2542" source="wordnet-danish">
         <wf lemma="Man" pos="X">Man</wf>
         <wf lemma="føler" pos="X">føler</wf>
         <wf lemma="sig" pos="X">sig</wf>
         <wf lemma="i" pos="X">i</wf>
         <wf lemma="stand" pos="X">stand</wf>
         <wf lemma="til" pos="X">til</wf>
         <wf lemma="hvad" pos="X">hvad</wf>
         <wf lemma="som" pos="X">som</wf>
         <wf lemma="helst" pos="X">helst</wf>
         <wf lemma="på" pos="X">på</wf>
         <instance id="d000.s2542.t000" lemma="speed" pos="NOUN">speed</instance>
         <wf lemma="," pos="X">,</wf>
         <wf lemma="bliver" pos="X">bliver</wf>
         <wf lemma="ikke" pos="X">ikke</wf>
         <wf lemma="træt" pos="X">træt</wf>
         <wf lemma="og" pos="X">og</wf>
         <wf lemma="sulten" pos="X">sulten</wf>
         <wf lemma="," pos="X">,</wf>
         <wf lemma="selvtilliden" pos="X">selvtilliden</wf>
         <wf lemma="vokser" pos="X">vokser</wf>
         <wf lemma="." pos="X">.</wf>
      </sentence>
      <sentence id="d000.s2543" source="wordnet-danish">
         <wf lemma="De" pos="X">De</wf>
         <instance id="d000.s2543.t000" lemma="korrespondere" pos="VERB">korresponderede</instance>
         <wf lemma="i" pos="X">i</wf>
         <wf lemma="16" pos="X">16</wf>
         <wf lemma="år" pos="X">år</wf>
         <wf lemma="," pos="X">,</wf>
         <wf lemma="før" pos="X">før</wf>
         <wf lemma="de" pos="X">de</wf>
         <wf lemma="endelig" pos="X">endelig</wf>
         <wf lemma="mødte" pos="X">mødte</wf>
         <wf lemma="hinanden" pos="X">hinanden</wf>
         <wf lemma="på" pos="X">på</wf>
         <wf lemma="den" pos="X">den</wf>
         <wf lemma="internationale" pos="X">internationale</wf>
         <wf lemma="frimærkeudstilling" pos="X">frimærkeudstilling</wf>
         <wf lemma="." pos="X">.</wf>
      </sentence>
      <sentence id="d000.s2544" source="wordnet-danish">
         <wf lemma="Desuden" pos="X">Desuden</wf>
         <wf lemma="er" pos="X">er</wf>
         <wf lemma="råkost" pos="X">råkost</wf>
         <wf lemma="med" pos="X">med</wf>
         <wf lemma="til" pos="X">til</wf>
         <wf lemma="at" pos="X">at</wf>
         <wf lemma="rense" pos="X">rense</wf>
         <wf lemma="kroppen" pos="X">kroppen</wf>
         <wf lemma="for" pos="X">for</wf>
         <wf lemma="affaldsstoffer" pos="X">affaldsstoffer</wf>
         <wf lemma="og" pos="X">og</wf>
         <wf lemma="holde" pos="X">holde</wf>
         <wf lemma="mave-tarmfunktionen" pos="X">mave-tarmfunktionen</wf>
         <wf lemma="i" pos="X">i</wf>
         <instance id="d000.s2544.t000" lemma="orden" pos="NOUN">orden</instance>
         <wf lemma="." pos="X">.</wf>
      </sentence>
      <sentence id="d000.s2545" source="wordnet-danish">
         <wf lemma="I" pos="X">I</wf>
         <wf lemma="år" pos="X">år</wf>
         <wf lemma="ser" pos="X">ser</wf>
         <wf lemma="det" pos="X">det</wf>
         <wf lemma="ud" pos="X">ud</wf>
         <wf lemma="til" pos="X">til</wf>
         <wf lemma="at" pos="X">at</wf>
         <wf lemma="antallet" pos="X">antallet</wf>
         <wf lemma="af" pos="X">af</wf>
         <wf lemma="rapporterede" pos="X">rapporterede</wf>
         <wf lemma="salmonellatilfælde" pos="X">salmonellatilfælde</wf>
         <wf lemma="bliver" pos="X">bliver</wf>
         <wf lemma="40" pos="X">40</wf>
         <wf lemma="pct." pos="X">pct.</wf>
         <instance id="d000.s2545.t000" lemma="høj" pos="ADJ">højere</instance>
         <wf lemma="end" pos="X">end</wf>
         <wf lemma="i" pos="X">i</wf>
         <wf lemma="fjor" pos="X">fjor</wf>
         <wf lemma="." pos="X">.</wf>
      </sentence>
      <sentence id="d000.s2546" source="wordnet-danish">
         <wf lemma="I" pos="X">I</wf>
         <wf lemma="det" pos="X">det</wf>
         <wf lemma="hele" pos="X">hele</wf>
         <wf lemma="taget" pos="X">taget</wf>
         <wf lemma="synes" pos="X">synes</wf>
         <wf lemma="jeg" pos="X">jeg</wf>
         <wf lemma="," pos="X">,</wf>
         <wf lemma="at" pos="X">at</wf>
         <wf lemma="mænd" pos="X">mænd</wf>
         <wf lemma="på" pos="X">på</wf>
         <wf lemma="min" pos="X">min</wf>
         <wf lemma="egen" pos="X">egen</wf>
         <wf lemma="alder" pos="X">alder</wf>
         <wf lemma="er" pos="X">er</wf>
         <instance id="d000.s2546.t000" lemma="konventionel" pos="ADJ">konventionelle</instance>
         <wf lemma="og" pos="X">og</wf>
         <wf lemma="kedelige" pos="X">kedelige</wf>
         <wf lemma="." pos="X">.</wf>
      </sentence>
      <sentence id="d000.s2547" source="wordnet-danish">
         <wf lemma="Små" pos="X">Små</wf>
         <wf lemma="børn" pos="X">børn</wf>
         <wf lemma="skal" pos="X">skal</wf>
         <wf lemma="have" pos="X">have</wf>
         <instance id="d000.s2547.t000" lemma="kærlighed" pos="NOUN">kærlighed</instance>
         <wf lemma="og" pos="X">og</wf>
         <wf lemma="accept" pos="X">accept</wf>
         <wf lemma="--" pos="X">--</wf>
         <wf lemma="ellers" pos="X">ellers</wf>
         <wf lemma="kan" pos="X">kan</wf>
         <wf lemma="de" pos="X">de</wf>
         <wf lemma="tage" pos="X">tage</wf>
         <wf lemma="varig" pos="X">varig</wf>
         <wf lemma="skade" pos="X">skade</wf>
         <wf lemma="." pos="X">.</wf>
      </sentence>
      <sentence id="d000.s2548" source="wordnet-danish">
         <wf lemma="Tag" pos="X">Tag</wf>
         <wf lemma="kyllingen" pos="X">kyllingen</wf>
         <wf lemma="op" pos="X">op</wf>
         <wf lemma="og" pos="X">og</wf>
         <wf lemma="lad" pos="X">lad</wf>
         <wf lemma="den" pos="X">den</wf>
         <wf lemma="køle" pos="X">køle</wf>
         <wf lemma="lidt" pos="X">lidt</wf>
         <wf lemma="af" pos="X">af</wf>
         <wf lemma="," pos="X">,</wf>
         <wf lemma="før" pos="X">før</wf>
         <wf lemma="kødet" pos="X">kødet</wf>
         <wf lemma="pilles" pos="X">pilles</wf>
         <wf lemma="fra" pos="X">fra</wf>
         <instance id="d000.s2548.t000" lemma="ben" pos="NOUN">benene</instance>
         <wf lemma="." pos="X">.</wf>
      </sentence>
      <sentence id="d000.s2549" source="wordnet-danish">
         <wf lemma="Kødfulde" pos="X">Kødfulde</wf>
         <wf lemma="ænder" pos="X">ænder</wf>
         <wf lemma="uden" pos="X">uden</wf>
         <wf lemma="så" pos="X">så</wf>
         <wf lemma="meget" pos="X">meget</wf>
         <instance id="d000.s2549.t000" lemma="fedt" pos="NOUN">fedt</instance>
         <wf lemma="," pos="X">,</wf>
         <wf lemma="rigeligt" pos="X">rigeligt</wf>
         <wf lemma="med" pos="X">med</wf>
         <wf lemma="andesteg" pos="X">andesteg</wf>
         <wf lemma="til" pos="X">til</wf>
         <wf lemma="5-6" pos="X">5-6</wf>
         <wf lemma="personer" pos="X">personer</wf>
         <wf lemma="." pos="X">.</wf>
      </sentence>
      <sentence id="d000.s2550" source="wordnet-danish">
         <wf lemma="Før" pos="X">Før</wf>
         <instance id="d000.s2550.t000" lemma="restaurering" pos="NOUN">restaureringen</instance>
         <wf lemma="var" pos="X">var</wf>
         <wf lemma="[huset]" pos="X">[huset]</wf>
         <wf lemma="i" pos="X">i</wf>
         <wf lemma="en" pos="X">en</wf>
         <wf lemma="miserabel" pos="X">miserabel</wf>
         <wf lemma="forfatning" pos="X">forfatning</wf>
         <wf lemma="." pos="X">.</wf>
      </sentence>
      <sentence id="d000.s2551" source="wordnet-danish">
         <wf lemma="når" pos="X">når</wf>
         <wf lemma="dette" pos="X">dette</wf>
         <wf lemma="år" pos="X">år</wf>
         <wf lemma="er" pos="X">er</wf>
         <wf lemma="omme" pos="X">omme</wf>
         <wf lemma="," pos="X">,</wf>
         <wf lemma="er" pos="X">er</wf>
         <wf lemma="vi" pos="X">vi</wf>
         <wf lemma="blevet" pos="X">blevet</wf>
         <wf lemma="ca." pos="X">ca.</wf>
         <wf lemma="100" pos="X">100</wf>
         <wf lemma="millioner" pos="X">millioner</wf>
         <wf lemma="flere" pos="X">flere</wf>
         <wf lemma="mennesker" pos="X">mennesker</wf>
         <wf lemma="på" pos="X">på</wf>
         <instance id="d000.s2551.t000" lemma="klode" pos="NOUN">kloden</instance>
         <wf lemma="." pos="X">.</wf>
      </sentence>
      <sentence id="d000.s2552" source="wordnet-danish">
         <wf lemma="Kineserne" pos="X">Kineserne</wf>
         <wf lemma="fejrer" pos="X">fejrer</wf>
         <wf lemma="i" pos="X">i</wf>
         <wf lemma="disse" pos="X">disse</wf>
         <wf lemma="dage" pos="X">dage</wf>
         <wf lemma="deres" pos="X">deres</wf>
         <wf lemma="nytår" pos="X">nytår</wf>
         <wf lemma="med" pos="X">med</wf>
         <wf lemma="fest" pos="X">fest</wf>
         <wf lemma="og" pos="X">og</wf>
         <instance id="d000.s2552.t000" lemma="farverig" pos="ADJ">farverige</instance>
         <wf lemma="optog" pos="X">optog</wf>
         <wf lemma="." pos="X">.</wf>
      </sentence>
      <sentence id="d000.s2553" source="wordnet-danish">
         <wf lemma="Det" pos="X">Det</wf>
         <wf lemma="var" pos="X">var</wf>
         <wf lemma="sjældent" pos="X">sjældent</wf>
         <wf lemma="," pos="X">,</wf>
         <wf lemma="hun" pos="X">hun</wf>
         <wf lemma="bebrejdede" pos="X">bebrejdede</wf>
         <wf lemma="mig" pos="X">mig</wf>
         <wf lemma="direkte" pos="X">direkte</wf>
         <wf lemma="," pos="X">,</wf>
         <wf lemma="men" pos="X">men</wf>
         <wf lemma="hendes" pos="X">hendes</wf>
         <instance id="d000.s2553.t000" lemma="holdning" pos="NOUN">holdning</instance>
         <wf lemma="lå" pos="X">lå</wf>
         <wf lemma="i" pos="X">i</wf>
         <wf lemma="luften" pos="X">luften</wf>
         <wf lemma="." pos="X">.</wf>
      </sentence>
      <sentence id="d000.s2554" source="wordnet-danish">
         <wf lemma="Lademanns" pos="X">Lademanns</wf>
         <wf lemma="Store" pos="X">Store</wf>
         <wf lemma="Leksikon" pos="X">Leksikon</wf>
         <wf lemma="er" pos="X">er</wf>
         <wf lemma="en" pos="X">en</wf>
         <wf lemma="uudtømmelig" pos="X">uudtømmelig</wf>
         <wf lemma="og" pos="X">og</wf>
         <wf lemma="let" pos="X">let</wf>
         <wf lemma="tilgængelig" pos="X">tilgængelig</wf>
         <instance id="d000.s2554.t000" lemma="kilde" pos="NOUN">kilde</instance>
         <wf lemma="til" pos="X">til</wf>
         <wf lemma="viden" pos="X">viden</wf>
         <wf lemma="for" pos="X">for</wf>
         <wf lemma="hele" pos="X">hele</wf>
         <wf lemma="familien" pos="X">familien</wf>
         <wf lemma="." pos="X">.</wf>
      </sentence>
      <sentence id="d000.s2555" source="wordnet-danish">
         <wf lemma="I" pos="X">I</wf>
         <wf lemma="tabellen" pos="X">tabellen</wf>
         <wf lemma="er" pos="X">er</wf>
         <wf lemma="19" pos="X">19</wf>
         <wf lemma="vestlige" pos="X">vestlige</wf>
         <wf lemma="industrilande" pos="X">industrilande</wf>
         <instance id="d000.s2555.t000" lemma="liste" pos="VERB">listet</instance>
         <wf lemma="op" pos="X">op</wf>
         <wf lemma="i" pos="X">i</wf>
         <wf lemma="rækkefølge" pos="X">rækkefølge</wf>
         <wf lemma="efter" pos="X">efter</wf>
         <wf lemma="højden" pos="X">højden</wf>
         <wf lemma="af" pos="X">af</wf>
         <wf lemma="deres" pos="X">deres</wf>
         <wf lemma="realrente" pos="X">realrente</wf>
         <wf lemma="." pos="X">.</wf>
      </sentence>
      <sentence id="d000.s2556" source="wordnet-danish">
         <wf lemma="da" pos="X">da</wf>
         <instance id="d000.s2556.t000" lemma="bo" pos="NOUN">boet</instance>
         <wf lemma="efter" pos="X">efter</wf>
         <wf lemma="forfatteren" pos="X">forfatteren</wf>
         <wf lemma="var" pos="X">var</wf>
         <wf lemma="gjort" pos="X">gjort</wf>
         <wf lemma="op" pos="X">op</wf>
         <wf lemma="," pos="X">,</wf>
         <wf lemma="var" pos="X">var</wf>
         <wf lemma="der" pos="X">der</wf>
         <wf lemma="ikke" pos="X">ikke</wf>
         <wf lemma="andet" pos="X">andet</wf>
         <wf lemma="end" pos="X">end</wf>
         <wf lemma="gæld" pos="X">gæld</wf>
         <wf lemma="." pos="X">.</wf>
      </sentence>
      <sentence id="d000.s2557" source="wordnet-danish">
         <wf lemma="Vi" pos="X">Vi</wf>
         <wf lemma="kender" pos="X">kender</wf>
         <wf lemma="alle" pos="X">alle</wf>
         <wf lemma="vigtigheden" pos="X">vigtigheden</wf>
         <wf lemma="af" pos="X">af</wf>
         <instance id="d000.s2557.t000" lemma="hvile" pos="NOUN">hvile</instance>
         <wf lemma="efter" pos="X">efter</wf>
         <wf lemma="en" pos="X">en</wf>
         <wf lemma="hård" pos="X">hård</wf>
         <wf lemma="dags" pos="X">dags</wf>
         <wf lemma="arbejde" pos="X">arbejde</wf>
         <wf lemma="." pos="X">.</wf>
      </sentence>
      <sentence id="d000.s2558" source="wordnet-danish">
         <wf lemma="Selv" pos="X">Selv</wf>
         <wf lemma="om" pos="X">om</wf>
         <wf lemma="arbejdet" pos="X">arbejdet</wf>
         <wf lemma="også" pos="X">også</wf>
         <wf lemma="er" pos="X">er</wf>
         <wf lemma="en" pos="X">en</wf>
         <wf lemma="hobby" pos="X">hobby</wf>
         <wf lemma="for" pos="X">for</wf>
         <wf lemma="mig" pos="X">mig</wf>
         <wf lemma="," pos="X">,</wf>
         <wf lemma="er" pos="X">er</wf>
         <wf lemma="det" pos="X">det</wf>
         <wf lemma="mit" pos="X">mit</wf>
         <wf lemma="faste" pos="X">faste</wf>
         <instance id="d000.s2558.t000" lemma="forsæt" pos="NOUN">forsæt</instance>
         <wf lemma="at" pos="X">at</wf>
         <wf lemma="opprioritere" pos="X">opprioritere</wf>
         <wf lemma="min" pos="X">min</wf>
         <wf lemma="fritid" pos="X">fritid</wf>
         <wf lemma="." pos="X">.</wf>
      </sentence>
      <sentence id="d000.s2559" source="wordnet-danish">
         <wf lemma="Efter" pos="X">Efter</wf>
         <wf lemma="spisningen" pos="X">spisningen</wf>
         <wf lemma="skulle" pos="X">skulle</wf>
         <wf lemma="der" pos="X">der</wf>
         <wf lemma="være" pos="X">være</wf>
         <instance id="d000.s2559.t000" lemma="optræden" pos="NOUN">optræden</instance>
         <wf lemma="og" pos="X">og</wf>
         <wf lemma="til" pos="X">til</wf>
         <wf lemma="sidst" pos="X">sidst</wf>
         <wf lemma="dans" pos="X">dans</wf>
         <wf lemma="." pos="X">.</wf>
      </sentence>
      <sentence id="d000.s2560" source="wordnet-danish">
         <wf lemma="i" pos="X">i</wf>
         <wf lemma="går" pos="X">går</wf>
         <wf lemma="var" pos="X">var</wf>
         <wf lemma="der" pos="X">der</wf>
         <wf lemma="køer" pos="X">køer</wf>
         <wf lemma="foran" pos="X">foran</wf>
         <instance id="d000.s2560.t000" lemma="indgang" pos="NOUN">indgangene</instance>
         <wf lemma="til" pos="X">til</wf>
         <wf lemma="Tivoli" pos="X">Tivoli</wf>
         <wf lemma="." pos="X">.</wf>
      </sentence>
      <sentence id="d000.s2561" source="wordnet-danish">
         <wf lemma="hvis" pos="X">hvis</wf>
         <wf lemma="en" pos="X">en</wf>
         <instance id="d000.s2561.t000" lemma="gæst" pos="NOUN">gæst</instance>
         <wf lemma="får" pos="X">får</wf>
         <wf lemma="f.eks." pos="X">f.eks.</wf>
         <wf lemma="et" pos="X">et</wf>
         <wf lemma="stykke" pos="X">stykke</wf>
         <wf lemma="kød" pos="X">kød</wf>
         <wf lemma="," pos="X">,</wf>
         <wf lemma="som" pos="X">som</wf>
         <wf lemma="vedkommende" pos="X">vedkommende</wf>
         <wf lemma="finder" pos="X">finder</wf>
         <wf lemma="er" pos="X">er</wf>
         <wf lemma="for" pos="X">for</wf>
         <wf lemma="stegt" pos="X">stegt</wf>
         <wf lemma="eller" pos="X">eller</wf>
         <wf lemma="dårligt" pos="X">dårligt</wf>
         <wf lemma="," pos="X">,</wf>
         <wf lemma="får" pos="X">får</wf>
         <wf lemma="han" pos="X">han</wf>
         <wf lemma="et" pos="X">et</wf>
         <wf lemma="nyt" pos="X">nyt</wf>
         <wf lemma="i" pos="X">i</wf>
         <wf lemma="stedet" pos="X">stedet</wf>
         <wf lemma="." pos="X">.</wf>
      </sentence>
      <sentence id="d000.s2562" source="wordnet-danish">
         <wf lemma="Selvom" pos="X">Selvom</wf>
         <wf lemma="Honduras" pos="X">Honduras</wf>
         <wf lemma="formelt" pos="X">formelt</wf>
         <wf lemma="ledes" pos="X">ledes</wf>
         <wf lemma="af" pos="X">af</wf>
         <wf lemma="en" pos="X">en</wf>
         <wf lemma="civil" pos="X">civil</wf>
         <instance id="d000.s2562.t000" lemma="præsident" pos="NOUN">præsident</instance>
         <wf lemma="," pos="X">,</wf>
         <wf lemma="har" pos="X">har</wf>
         <wf lemma="det" pos="X">det</wf>
         <wf lemma="højreorienterede" pos="X">højreorienterede</wf>
         <wf lemma="militær" pos="X">militær</wf>
         <wf lemma="meget" pos="X">meget</wf>
         <wf lemma="stor" pos="X">stor</wf>
         <wf lemma="magt" pos="X">magt</wf>
         <wf lemma="." pos="X">.</wf>
      </sentence>
      <sentence id="d000.s2563" source="wordnet-danish">
         <wf lemma="Han" pos="X">Han</wf>
         <wf lemma="har" pos="X">har</wf>
         <wf lemma=".." pos="X">..</wf>
         <wf lemma="indset" pos="X">indset</wf>
         <wf lemma="at" pos="X">at</wf>
         <wf lemma="hvis" pos="X">hvis</wf>
         <wf lemma="han" pos="X">han</wf>
         <wf lemma="vil" pos="X">vil</wf>
         <wf lemma="ha'" pos="X">ha'</wf>
         <wf lemma="huen" pos="X">huen</wf>
         <wf lemma="," pos="X">,</wf>
         <wf lemma="må" pos="X">må</wf>
         <wf lemma="det" pos="X">det</wf>
         <wf lemma="ske" pos="X">ske</wf>
         <wf lemma="ved" pos="X">ved</wf>
         <wf lemma="overlagt" pos="X">overlagt</wf>
         <instance id="d000.s2563.t000" lemma="stræb" pos="NOUN">stræb</instance>
         <wf lemma="." pos="X">.</wf>
      </sentence>
      <sentence id="d000.s2564" source="wordnet-danish">
         <wf lemma="Jeg" pos="X">Jeg</wf>
         <wf lemma="fik" pos="X">fik</wf>
         <wf lemma="senere" pos="X">senere</wf>
         <wf lemma="at" pos="X">at</wf>
         <wf lemma="vide" pos="X">vide</wf>
         <wf lemma="i" pos="X">i</wf>
         <wf lemma="forretningen" pos="X">forretningen</wf>
         <wf lemma="," pos="X">,</wf>
         <wf lemma="at" pos="X">at</wf>
         <wf lemma="man" pos="X">man</wf>
         <wf lemma="kun" pos="X">kun</wf>
         <instance id="d000.s2564.t000" lemma="udbringe" pos="VERB">udbragte</instance>
         <wf lemma="varer" pos="X">varer</wf>
         <wf lemma="inden" pos="X">inden</wf>
         <wf lemma="for" pos="X">for</wf>
         <wf lemma="en" pos="X">en</wf>
         <wf lemma="radius" pos="X">radius</wf>
         <wf lemma="af" pos="X">af</wf>
         <wf lemma="1" pos="X">1</wf>
         <wf lemma="km." pos="X">km.</wf>
      </sentence>
      <sentence id="d000.s2565" source="wordnet-danish">
         <wf lemma="Uffe" pos="X">Uffe</wf>
         <wf lemma="Ellemann" pos="X">Ellemann</wf>
         <wf lemma="kører" pos="X">kører</wf>
         <wf lemma="solo" pos="X">solo</wf>
         <wf lemma="i" pos="X">i</wf>
         <wf lemma="forhandligerne" pos="X">forhandligerne</wf>
         <wf lemma="om" pos="X">om</wf>
         <wf lemma="dansk" pos="X">dansk</wf>
         <wf lemma="EF-særordning" pos="X">EF-særordning</wf>
         <wf lemma="." pos="X">.</wf>
         <wf lemma="Det" pos="X">Det</wf>
         <wf lemma="gør" pos="X">gør</wf>
         <wf lemma="SF" pos="X">SF</wf>
         <instance id="d000.s2565.t000" lemma="nervøs" pos="ADJ">nervøse</instance>
         <wf lemma="." pos="X">.</wf>
      </sentence>
      <sentence id="d000.s2566" source="wordnet-danish">
         <wf lemma="Blandt" pos="X">Blandt</wf>
         <wf lemma="grønne" pos="X">grønne</wf>
         <wf lemma="marekatte" pos="X">marekatte</wf>
         <wf lemma="kan" pos="X">kan</wf>
         <wf lemma="både" pos="X">både</wf>
         <wf lemma="hanner" pos="X">hanner</wf>
         <wf lemma="og" pos="X">og</wf>
         <wf lemma="hunner" pos="X">hunner</wf>
         <wf lemma="have" pos="X">have</wf>
         <wf lemma="flere" pos="X">flere</wf>
         <instance id="d000.s2566.t000" lemma="seksuel" pos="ADJ">seksuelle</instance>
         <wf lemma="partnere" pos="X">partnere</wf>
         <wf lemma="." pos="X">.</wf>
      </sentence>
      <sentence id="d000.s2567" source="wordnet-danish">
         <wf lemma="Hvad" pos="X">Hvad</wf>
         <wf lemma="med" pos="X">med</wf>
         <wf lemma="at" pos="X">at</wf>
         <wf lemma="køre" pos="X">køre</wf>
         <wf lemma="en" pos="X">en</wf>
         <wf lemma="tur" pos="X">tur</wf>
         <wf lemma="," pos="X">,</wf>
         <instance id="d000.s2567.t000" lemma="foreslå" pos="VERB">foreslår</instance>
         <wf lemma="han" pos="X">han</wf>
         <wf lemma="." pos="X">.</wf>
         <wf lemma="-" pos="X">-</wf>
         <wf lemma="-" pos="X">-</wf>
         <wf lemma="Jo" pos="X">Jo</wf>
         <wf lemma="," pos="X">,</wf>
         <wf lemma="det" pos="X">det</wf>
         <wf lemma="kan" pos="X">kan</wf>
         <wf lemma="vi" pos="X">vi</wf>
         <wf lemma="da" pos="X">da</wf>
         <wf lemma="godt" pos="X">godt</wf>
         <wf lemma="." pos="X">.</wf>
      </sentence>
      <sentence id="d000.s2568" source="wordnet-danish">
         <wf lemma="I" pos="X">I</wf>
         <wf lemma="god" pos="X">god</wf>
         <wf lemma="tid" pos="X">tid</wf>
         <wf lemma="gik" pos="X">gik</wf>
         <wf lemma="vi" pos="X">vi</wf>
         <wf lemma="ud" pos="X">ud</wf>
         <wf lemma="til" pos="X">til</wf>
         <wf lemma="spor" pos="X">spor</wf>
         <wf lemma="3" pos="X">3</wf>
         <wf lemma="for" pos="X">for</wf>
         <wf lemma="at" pos="X">at</wf>
         <wf lemma="vente" pos="X">vente</wf>
         <wf lemma="på" pos="X">på</wf>
         <wf lemma="toget" pos="X">toget</wf>
         <wf lemma="." pos="X">.</wf>
         <wf lemma="Det" pos="X">Det</wf>
         <wf lemma="blæste" pos="X">blæste</wf>
         <wf lemma="koldt" pos="X">koldt</wf>
         <wf lemma="så" pos="X">så</wf>
         <wf lemma="vi" pos="X">vi</wf>
         <wf lemma="gik" pos="X">gik</wf>
         <wf lemma="ind" pos="X">ind</wf>
         <wf lemma="i" pos="X">i</wf>
         <instance id="d000.s2568.t000" lemma="ventesal" pos="NOUN">ventesalen</instance>
         <wf lemma="." pos="X">.</wf>
      </sentence>
      <sentence id="d000.s2569" source="wordnet-danish">
         <wf lemma="I" pos="X">I</wf>
         <wf lemma="løbet" pos="X">løbet</wf>
         <wf lemma="af" pos="X">af</wf>
         <wf lemma="de" pos="X">de</wf>
         <wf lemma="tre" pos="X">tre</wf>
         <wf lemma="år" pos="X">år</wf>
         <wf lemma="bør" pos="X">bør</wf>
         <wf lemma="eleverne" pos="X">eleverne</wf>
         <wf lemma="have" pos="X">have</wf>
         <instance id="d000.s2569.t000" lemma="lejlighed" pos="NOUN">lejlighed</instance>
         <wf lemma="til" pos="X">til</wf>
         <wf lemma="at" pos="X">at</wf>
         <wf lemma="arbejde" pos="X">arbejde</wf>
         <wf lemma="både" pos="X">både</wf>
         <wf lemma="klassevis" pos="X">klassevis</wf>
         <wf lemma="," pos="X">,</wf>
         <wf lemma="gruppevis" pos="X">gruppevis</wf>
         <wf lemma="og" pos="X">og</wf>
         <wf lemma="individuelt" pos="X">individuelt</wf>
         <wf lemma="." pos="X">.</wf>
      </sentence>
      <sentence id="d000.s2570" source="wordnet-danish">
         <wf lemma="Det" pos="X">Det</wf>
         <wf lemma="var" pos="X">var</wf>
         <wf lemma="et" pos="X">et</wf>
         <wf lemma="varmt" pos="X">varmt</wf>
         <wf lemma="forår" pos="X">forår</wf>
         <wf lemma="i" pos="X">i</wf>
         <wf lemma="Paris" pos="X">Paris</wf>
         <wf lemma="1789" pos="X">1789</wf>
         <wf lemma="." pos="X">.</wf>
         <wf lemma="Mange" pos="X">Mange</wf>
         <wf lemma="års" pos="X">års</wf>
         <wf lemma="dårligt" pos="X">dårligt</wf>
         <instance id="d000.s2570.t000" lemma="styre" pos="NOUN">styre</instance>
         <wf lemma="og" pos="X">og</wf>
         <wf lemma="uheldige" pos="X">uheldige</wf>
         <wf lemma="konjunkturer" pos="X">konjunkturer</wf>
         <wf lemma="havde" pos="X">havde</wf>
         <wf lemma="bragt" pos="X">bragt</wf>
         <wf lemma="Frankrig" pos="X">Frankrig</wf>
         <wf lemma="på" pos="X">på</wf>
         <wf lemma="randen" pos="X">randen</wf>
         <wf lemma="af" pos="X">af</wf>
         <wf lemma="bankerot" pos="X">bankerot</wf>
         <wf lemma="." pos="X">.</wf>
      </sentence>
      <sentence id="d000.s2571" source="wordnet-danish">
         <wf lemma="lugten" pos="X">lugten</wf>
         <wf lemma="af" pos="X">af</wf>
         <wf lemma="bacon" pos="X">bacon</wf>
         <wf lemma="[vil]" pos="X">[vil]</wf>
         <wf lemma="vække" pos="X">vække</wf>
         <wf lemma="appetit" pos="X">appetit</wf>
         <wf lemma="hos" pos="X">hos</wf>
         <wf lemma="en" pos="X">en</wf>
         <wf lemma="dansker" pos="X">dansker</wf>
         <wf lemma="," pos="X">,</wf>
         <wf lemma="men" pos="X">men</wf>
         <instance id="d000.s2571.t000" lemma="afsky" pos="NOUN">afsky</instance>
         <wf lemma="hos" pos="X">hos</wf>
         <wf lemma="en" pos="X">en</wf>
         <wf lemma="muhamedaner" pos="X">muhamedaner</wf>
         <wf lemma="." pos="X">.</wf>
      </sentence>
      <sentence id="d000.s2572" source="wordnet-danish">
         <wf lemma="Under" pos="X">Under</wf>
         <wf lemma="påvirkning" pos="X">påvirkning</wf>
         <wf lemma="fra" pos="X">fra</wf>
         <wf lemma="grækere" pos="X">grækere</wf>
         <wf lemma="og" pos="X">og</wf>
         <wf lemma="persere" pos="X">persere</wf>
         <wf lemma="havde" pos="X">havde</wf>
         <wf lemma="også" pos="X">også</wf>
         <wf lemma="[thrakerne" pos="X">[thrakerne</wf>
         <wf lemma="]" pos="X">]</wf>
         <wf lemma="udviklet" pos="X">udviklet</wf>
         <wf lemma="en" pos="X">en</wf>
         <wf lemma="højtstående" pos="X">højtstående</wf>
         <instance id="d000.s2572.t000" lemma="civilisation" pos="NOUN">civilisation</instance>
         <wf lemma="." pos="X">.</wf>
      </sentence>
      <sentence id="d000.s2573" source="wordnet-danish">
         <wf lemma="han" pos="X">han</wf>
         <wf lemma="foldede" pos="X">foldede</wf>
         <wf lemma="servietten" pos="X">servietten</wf>
         <wf lemma="ud" pos="X">ud</wf>
         <wf lemma="og" pos="X">og</wf>
         <wf lemma="lagde" pos="X">lagde</wf>
         <wf lemma="den" pos="X">den</wf>
         <wf lemma="i" pos="X">i</wf>
         <instance id="d000.s2573.t000" lemma="skød" pos="NOUN">skødet</instance>
         <wf lemma="." pos="X">.</wf>
      </sentence>
      <sentence id="d000.s2574" source="wordnet-danish">
         <wf lemma="Hun" pos="X">Hun</wf>
         <wf lemma="var" pos="X">var</wf>
         <wf lemma="til" pos="X">til</wf>
         <wf lemma="samtale" pos="X">samtale</wf>
         <wf lemma="og" pos="X">og</wf>
         <wf lemma="havde" pos="X">havde</wf>
         <wf lemma="indtryk" pos="X">indtryk</wf>
         <wf lemma="af" pos="X">af</wf>
         <wf lemma="," pos="X">,</wf>
         <wf lemma="at" pos="X">at</wf>
         <wf lemma="den" pos="X">den</wf>
         <instance id="d000.s2574.t000" lemma="gensidig" pos="ADJ">gensidige</instance>
         <wf lemma="sympati" pos="X">sympati</wf>
         <wf lemma="var" pos="X">var</wf>
         <wf lemma="stor" pos="X">stor</wf>
         <wf lemma="," pos="X">,</wf>
         <wf lemma="og" pos="X">og</wf>
         <wf lemma="at" pos="X">at</wf>
         <wf lemma="jobbet" pos="X">jobbet</wf>
         <wf lemma="var" pos="X">var</wf>
         <wf lemma="hendes" pos="X">hendes</wf>
         <wf lemma="." pos="X">.</wf>
      </sentence>
      <sentence id="d000.s2575" source="wordnet-danish">
         <wf lemma="8000" pos="X">8000</wf>
         <wf lemma="medarbejdere" pos="X">medarbejdere</wf>
         <wf lemma="skal" pos="X">skal</wf>
         <wf lemma="til" pos="X">til</wf>
         <wf lemma="fest" pos="X">fest</wf>
         <wf lemma="med" pos="X">med</wf>
         <wf lemma="god" pos="X">god</wf>
         <wf lemma="mad" pos="X">mad</wf>
         <wf lemma="og" pos="X">og</wf>
         <instance id="d000.s2575.t000" lemma="underholdning" pos="NOUN">underholdning</instance>
         <wf lemma="af" pos="X">af</wf>
         <wf lemma="bl.a." pos="X">bl.a.</wf>
         <wf lemma="Hans" pos="X">Hans</wf>
         <wf lemma="Otto" pos="X">Otto</wf>
         <wf lemma="Bisgaard" pos="X">Bisgaard</wf>
         <wf lemma="." pos="X">.</wf>
      </sentence>
      <sentence id="d000.s2576" source="wordnet-danish">
         <wf lemma="Smag" pos="X">Smag</wf>
         <wf lemma="til" pos="X">til</wf>
         <wf lemma="med" pos="X">med</wf>
         <wf lemma="salt" pos="X">salt</wf>
         <wf lemma="og" pos="X">og</wf>
         <wf lemma="peber" pos="X">peber</wf>
         <wf lemma="fra" pos="X">fra</wf>
         <instance id="d000.s2576.t000" lemma="kværn" pos="NOUN">kværn</instance>
         <wf lemma="." pos="X">.</wf>
      </sentence>
      <sentence id="d000.s2577" source="wordnet-danish">
         <wf lemma="Vi" pos="X">Vi</wf>
         <wf lemma="skal" pos="X">skal</wf>
         <wf lemma=".." pos="X">..</wf>
         <wf lemma="fra" pos="X">fra</wf>
         <wf lemma="dansk" pos="X">dansk</wf>
         <wf lemma="side" pos="X">side</wf>
         <wf lemma="være" pos="X">være</wf>
         <instance id="d000.s2577.t000" lemma="realistisk" pos="ADJ">realistiske</instance>
         <wf lemma="i" pos="X">i</wf>
         <wf lemma="vore" pos="X">vore</wf>
         <wf lemma="krav" pos="X">krav</wf>
         <wf lemma="," pos="X">,</wf>
         <wf lemma="for" pos="X">for</wf>
         <wf lemma="ellers" pos="X">ellers</wf>
         <wf lemma="må" pos="X">må</wf>
         <wf lemma="vi" pos="X">vi</wf>
         <wf lemma="tage" pos="X">tage</wf>
         <wf lemma="konsekvensen" pos="X">konsekvensen</wf>
         <wf lemma="og" pos="X">og</wf>
         <wf lemma="melde" pos="X">melde</wf>
         <wf lemma="os" pos="X">os</wf>
         <wf lemma="ud" pos="X">ud</wf>
         <wf lemma="af" pos="X">af</wf>
         <wf lemma="EF" pos="X">EF</wf>
         <wf lemma="." pos="X">.</wf>
      </sentence>
      <sentence id="d000.s2578" source="wordnet-danish">
         <wf lemma="Hen" pos="X">Hen</wf>
         <wf lemma="imod" pos="X">imod</wf>
         <wf lemma="jul" pos="X">jul</wf>
         <wf lemma="lykkes" pos="X">lykkes</wf>
         <wf lemma="det" pos="X">det</wf>
         <wf lemma="Dan" pos="X">Dan</wf>
         <wf lemma="at" pos="X">at</wf>
         <wf lemma="få" pos="X">få</wf>
         <wf lemma="sparet" pos="X">sparet</wf>
         <wf lemma="penge" pos="X">penge</wf>
         <wf lemma="nok" pos="X">nok</wf>
         <wf lemma="sammen" pos="X">sammen</wf>
         <wf lemma="til" pos="X">til</wf>
         <wf lemma="en" pos="X">en</wf>
         <instance id="d000.s2578.t000" lemma="motorcykel" pos="NOUN">motorcykel</instance>
         <wf lemma="," pos="X">,</wf>
         <wf lemma="og" pos="X">og</wf>
         <wf lemma="han" pos="X">han</wf>
         <wf lemma="køber" pos="X">køber</wf>
         <wf lemma="sig" pos="X">sig</wf>
         <wf lemma="en" pos="X">en</wf>
         <wf lemma="Harley" pos="X">Harley</wf>
         <wf lemma="Davidson" pos="X">Davidson</wf>
         <wf lemma="." pos="X">.</wf>
      </sentence>
      <sentence id="d000.s2579" source="wordnet-danish">
         <wf lemma="Sejlturen" pos="X">Sejlturen</wf>
         <wf lemma="blev" pos="X">blev</wf>
         <wf lemma="brat" pos="X">brat</wf>
         <instance id="d000.s2579.t000" lemma="afbryde" pos="VERB">afbrudt</instance>
         <wf lemma="af" pos="X">af</wf>
         <wf lemma="et" pos="X">et</wf>
         <wf lemma="voldsomt" pos="X">voldsomt</wf>
         <wf lemma="tordenvejr" pos="X">tordenvejr</wf>
         <wf lemma="." pos="X">.</wf>
      </sentence>
      <sentence id="d000.s2580" source="wordnet-danish">
         <instance id="d000.s2580.t000" lemma="punktum" pos="NOUN">Punktum</instance>
         <wf lemma="afgrænser" pos="X">afgrænser</wf>
         <wf lemma="større" pos="X">større</wf>
         <wf lemma="afsnit" pos="X">afsnit</wf>
         <wf lemma="af" pos="X">af</wf>
         <wf lemma="teksten" pos="X">teksten</wf>
         <wf lemma="," pos="X">,</wf>
         <wf lemma="semikolon" pos="X">semikolon</wf>
         <wf lemma="og" pos="X">og</wf>
         <wf lemma="komma" pos="X">komma</wf>
         <wf lemma="mindre" pos="X">mindre</wf>
         <wf lemma="afsnit" pos="X">afsnit</wf>
         <wf lemma="inden" pos="X">inden</wf>
         <wf lemma="for" pos="X">for</wf>
         <wf lemma="et" pos="X">et</wf>
         <wf lemma="punktumafsnit" pos="X">punktumafsnit</wf>
         <wf lemma="." pos="X">.</wf>
      </sentence>
      <sentence id="d000.s2581" source="wordnet-danish">
         <wf lemma="der" pos="X">der</wf>
         <wf lemma="er" pos="X">er</wf>
         <wf lemma="næsten" pos="X">næsten</wf>
         <wf lemma="et" pos="X">et</wf>
         <wf lemma="halvt" pos="X">halvt</wf>
         <instance id="d000.s2581.t000" lemma="sekel" pos="NOUN">sekel</instance>
         <wf lemma="mellem" pos="X">mellem</wf>
         <wf lemma="hende" pos="X">hende</wf>
         <wf lemma="og" pos="X">og</wf>
         <wf lemma="hendes" pos="X">hendes</wf>
         <wf lemma="datter" pos="X">datter</wf>
         <wf lemma="," pos="X">,</wf>
         <wf lemma="Stine" pos="X">Stine</wf>
         <wf lemma="." pos="X">.</wf>
      </sentence>
      <sentence id="d000.s2582" source="wordnet-danish">
         <wf lemma="I" pos="X">I</wf>
         <wf lemma="motorrummet" pos="X">motorrummet</wf>
         <wf lemma="placerer" pos="X">placerer</wf>
         <wf lemma="vi" pos="X">vi</wf>
         <wf lemma="en" pos="X">en</wf>
         <wf lemma="reduktions-ventil" pos="X">reduktions-ventil</wf>
         <wf lemma="," pos="X">,</wf>
         <wf lemma="hvor" pos="X">hvor</wf>
         <wf lemma="gassens" pos="X">gassens</wf>
         <wf lemma="tryk" pos="X">tryk</wf>
         <wf lemma="bliver" pos="X">bliver</wf>
         <instance id="d000.s2582.t000" lemma="reducere" pos="VERB">reduceret</instance>
         <wf lemma="til" pos="X">til</wf>
         <wf lemma="1" pos="X">1</wf>
         <wf lemma="atm." pos="X">atm.</wf>
         <wf lemma="tryk" pos="X">tryk</wf>
         <wf lemma="." pos="X">.</wf>
      </sentence>
      <sentence id="d000.s2583" source="wordnet-danish">
         <wf lemma="iseddike" pos="X">iseddike</wf>
         <wf lemma=":" pos="X">:</wf>
         <wf lemma="koncentreret" pos="X">koncentreret</wf>
         <wf lemma="eddikesyre" pos="X">eddikesyre</wf>
         <wf lemma=";" pos="X">;</wf>
         <instance id="d000.s2583.t000" lemma="fryse" pos="VERB">fryser</instance>
         <wf lemma="ved" pos="X">ved</wf>
         <wf lemma="16,6" pos="X">16,6</wf>
         <wf lemma="°" pos="X">°</wf>
         <wf lemma="C." pos="X">C.</wf>
      </sentence>
      <sentence id="d000.s2584" source="wordnet-danish">
         <instance id="d000.s2584.t000" lemma="prøve" pos="VERB">prøv</instance>
         <wf lemma="en" pos="X">en</wf>
         <wf lemma="flaske" pos="X">flaske</wf>
         <wf lemma="Anjou" pos="X">Anjou</wf>
         <wf lemma="i" pos="X">i</wf>
         <wf lemma="aften" pos="X">aften</wf>
         <wf lemma="og" pos="X">og</wf>
         <wf lemma="døm" pos="X">døm</wf>
         <wf lemma="selv" pos="X">selv</wf>
         <wf lemma="." pos="X">.</wf>
      </sentence>
      <sentence id="d000.s2585" source="wordnet-danish">
         <wf lemma="Bare" pos="X">Bare</wf>
         <wf lemma="nu" pos="X">nu</wf>
         <wf lemma="ikke" pos="X">ikke</wf>
         <wf lemma="teen" pos="X">teen</wf>
         <wf lemma="kom" pos="X">kom</wf>
         <wf lemma="til" pos="X">til</wf>
         <wf lemma="at" pos="X">at</wf>
         <wf lemma="trække" pos="X">trække</wf>
         <wf lemma="for" pos="X">for</wf>
         <wf lemma="længe" pos="X">længe</wf>
         <wf lemma="," pos="X">,</wf>
         <wf lemma="så" pos="X">så</wf>
         <wf lemma="den" pos="X">den</wf>
         <wf lemma="blev" pos="X">blev</wf>
         <instance id="d000.s2585.t000" lemma="bitter" pos="ADJ">bitter</instance>
         <wf lemma="." pos="X">.</wf>
      </sentence>
      <sentence id="d000.s2586" source="wordnet-danish">
         <wf lemma="man" pos="X">man</wf>
         <wf lemma="kan" pos="X">kan</wf>
         <wf lemma="ikke" pos="X">ikke</wf>
         <wf lemma="have" pos="X">have</wf>
         <wf lemma="et" pos="X">et</wf>
         <instance id="d000.s2586.t000" lemma="begreb" pos="NOUN">begreb</instance>
         <wf lemma="f.eks." pos="X">f.eks.</wf>
         <wf lemma="om" pos="X">om</wf>
         <wf lemma="hesten" pos="X">hesten</wf>
         <wf lemma="," pos="X">,</wf>
         <wf lemma="hvis" pos="X">hvis</wf>
         <wf lemma="der" pos="X">der</wf>
         <wf lemma="ikke" pos="X">ikke</wf>
         <wf lemma="som" pos="X">som</wf>
         <wf lemma="forudsætning" pos="X">forudsætning</wf>
         <wf lemma="findes" pos="X">findes</wf>
         <wf lemma="en" pos="X">en</wf>
         <wf lemma="række" pos="X">række</wf>
         <wf lemma="empiriske" pos="X">empiriske</wf>
         <wf lemma="fænomener" pos="X">fænomener</wf>
         <wf lemma="," pos="X">,</wf>
         <wf lemma="dvs." pos="X">dvs.</wf>
         <wf lemma="faktiske" pos="X">faktiske</wf>
         <wf lemma="heste" pos="X">heste</wf>
         <wf lemma="." pos="X">.</wf>
      </sentence>
      <sentence id="d000.s2587" source="wordnet-danish">
         <wf lemma="han" pos="X">han</wf>
         <instance id="d000.s2587.t000" lemma="smile" pos="VERB">smilede</instance>
         <wf lemma="et" pos="X">et</wf>
         <wf lemma="lille" pos="X">lille</wf>
         <wf lemma="triumferende" pos="X">triumferende</wf>
         <wf lemma="smil" pos="X">smil</wf>
         <wf lemma="," pos="X">,</wf>
         <wf lemma="som" pos="X">som</wf>
         <wf lemma="om" pos="X">om</wf>
         <wf lemma="han" pos="X">han</wf>
         <wf lemma="følte" pos="X">følte</wf>
         <wf lemma="," pos="X">,</wf>
         <wf lemma="at" pos="X">at</wf>
         <wf lemma="hun" pos="X">hun</wf>
         <wf lemma="var" pos="X">var</wf>
         <wf lemma="gået" pos="X">gået</wf>
         <wf lemma="i" pos="X">i</wf>
         <wf lemma="en" pos="X">en</wf>
         <wf lemma="meget" pos="X">meget</wf>
         <wf lemma="snedig" pos="X">snedig</wf>
         <wf lemma="fælde" pos="X">fælde</wf>
         <wf lemma="." pos="X">.</wf>
      </sentence>
      <sentence id="d000.s2588" source="wordnet-danish">
         <wf lemma="Trappen" pos="X">Trappen</wf>
         <wf lemma="snoede" pos="X">snoede</wf>
         <wf lemma="sig" pos="X">sig</wf>
         <wf lemma="stejlt" pos="X">stejlt</wf>
         <wf lemma="opad" pos="X">opad</wf>
         <wf lemma="," pos="X">,</wf>
         <wf lemma="og" pos="X">og</wf>
         <instance id="d000.s2588.t000" lemma="trin" pos="NOUN">trinene</instance>
         <wf lemma="var" pos="X">var</wf>
         <wf lemma="smalle" pos="X">smalle</wf>
         <wf lemma="og" pos="X">og</wf>
         <wf lemma="høje" pos="X">høje</wf>
         <wf lemma="." pos="X">.</wf>
      </sentence>
      <sentence id="d000.s2589" source="wordnet-danish">
         <wf lemma="[elven" pos="X">[elven</wf>
         <wf lemma="]" pos="X">]</wf>
         <wf lemma="snor" pos="X">snor</wf>
         <wf lemma="sig" pos="X">sig</wf>
         <wf lemma="ned" pos="X">ned</wf>
         <wf lemma="gennem" pos="X">gennem</wf>
         <wf lemma="skoven" pos="X">skoven</wf>
         <wf lemma="i" pos="X">i</wf>
         <wf lemma="prægtige" pos="X">prægtige</wf>
         <wf lemma="sving" pos="X">sving</wf>
         <wf lemma="med" pos="X">med</wf>
         <wf lemma="dybe" pos="X">dybe</wf>
         <wf lemma="høller" pos="X">høller</wf>
         <wf lemma="og" pos="X">og</wf>
         <wf lemma="brusende" pos="X">brusende</wf>
         <instance id="d000.s2589.t000" lemma="fald" pos="NOUN">fald</instance>
         <wf lemma="." pos="X">.</wf>
      </sentence>
      <sentence id="d000.s2590" source="wordnet-danish">
         <wf lemma="Han" pos="X">Han</wf>
         <wf lemma="udbad" pos="X">udbad</wf>
         <wf lemma="sig" pos="X">sig</wf>
         <wf lemma="betænkningstid" pos="X">betænkningstid</wf>
         <wf lemma="med" pos="X">med</wf>
         <wf lemma="hensyn" pos="X">hensyn</wf>
         <wf lemma="til" pos="X">til</wf>
         <wf lemma="en" pos="X">en</wf>
         <instance id="d000.s2590.t000" lemma="anke" pos="VERB">anke</instance>
         <wf lemma="af" pos="X">af</wf>
         <wf lemma="dommen" pos="X">dommen</wf>
         <wf lemma="." pos="X">.</wf>
      </sentence>
      <sentence id="d000.s2591" source="wordnet-danish">
         <wf lemma="Vi" pos="X">Vi</wf>
         <wf lemma="fik" pos="X">fik</wf>
         <wf lemma="opbygget" pos="X">opbygget</wf>
         <wf lemma="velstand" pos="X">velstand</wf>
         <wf lemma="og" pos="X">og</wf>
         <instance id="d000.s2591.t000" lemma="velfærd" pos="NOUN">velfærd</instance>
         <wf lemma="i" pos="X">i</wf>
         <wf lemma="Danmark" pos="X">Danmark</wf>
         <wf lemma="," pos="X">,</wf>
         <wf lemma="men" pos="X">men</wf>
         <wf lemma="i" pos="X">i</wf>
         <wf lemma="80'erne" pos="X">80'erne</wf>
         <wf lemma="var" pos="X">var</wf>
         <wf lemma="der" pos="X">der</wf>
         <wf lemma="alligevel" pos="X">alligevel</wf>
         <wf lemma="noget" pos="X">noget</wf>
         <wf lemma="," pos="X">,</wf>
         <wf lemma="der" pos="X">der</wf>
         <wf lemma="gik" pos="X">gik</wf>
         <wf lemma="galt" pos="X">galt</wf>
         <wf lemma="." pos="X">.</wf>
      </sentence>
      <sentence id="d000.s2592" source="wordnet-danish">
         <wf lemma="jeg" pos="X">jeg</wf>
         <wf lemma="har" pos="X">har</wf>
         <wf lemma="på" pos="X">på</wf>
         <wf lemma="min" pos="X">min</wf>
         <wf lemma="læges" pos="X">læges</wf>
         <instance id="d000.s2592.t000" lemma="anbefaling" pos="NOUN">anbefaling</instance>
         <wf lemma="været" pos="X">været</wf>
         <wf lemma="indlagt" pos="X">indlagt</wf>
         <wf lemma="på" pos="X">på</wf>
         <wf lemma="psykiatrisk" pos="X">psykiatrisk</wf>
         <wf lemma="afdeling" pos="X">afdeling</wf>
         <wf lemma="." pos="X">.</wf>
      </sentence>
      <sentence id="d000.s2593" source="wordnet-danish">
         <wf lemma="Præcis" pos="X">Præcis</wf>
         <wf lemma="klokken" pos="X">klokken</wf>
         <wf lemma="ét" pos="X">ét</wf>
         <wf lemma="starter" pos="X">starter</wf>
         <instance id="d000.s2593.t000" lemma="slag" pos="NOUN">slaget</instance>
         <wf lemma="." pos="X">.</wf>
         <wf lemma="Fra" pos="X">Fra</wf>
         <wf lemma="det" pos="X">det</wf>
         <wf lemma="ene" pos="X">ene</wf>
         <wf lemma="sekund" pos="X">sekund</wf>
         <wf lemma="til" pos="X">til</wf>
         <wf lemma="det" pos="X">det</wf>
         <wf lemma="andet" pos="X">andet</wf>
         <wf lemma="står" pos="X">står</wf>
         <wf lemma="nattehimlen" pos="X">nattehimlen</wf>
         <wf lemma="over" pos="X">over</wf>
         <wf lemma="voldene" pos="X">voldene</wf>
         <wf lemma="i" pos="X">i</wf>
         <wf lemma="lys" pos="X">lys</wf>
         <wf lemma="lue" pos="X">lue</wf>
         <wf lemma="." pos="X">.</wf>
      </sentence>
      <sentence id="d000.s2594" source="wordnet-danish">
         <wf lemma="orkesteret" pos="X">orkesteret</wf>
         <wf lemma="er" pos="X">er</wf>
         <wf lemma="ved" pos="X">ved</wf>
         <wf lemma="at" pos="X">at</wf>
         <wf lemma="stemme" pos="X">stemme</wf>
         <wf lemma="deres" pos="X">deres</wf>
         <instance id="d000.s2594.t000" lemma="instrument" pos="NOUN">instrumenter</instance>
         <wf lemma="." pos="X">.</wf>
      </sentence>
      <sentence id="d000.s2595" source="wordnet-danish">
         <instance id="d000.s2595.t000" lemma="le" pos="NOUN">ler</instance>
         <wf lemma="svinder" pos="X">svinder</wf>
         <wf lemma="ind" pos="X">ind</wf>
         <wf lemma="og" pos="X">og</wf>
         <wf lemma="revner" pos="X">revner</wf>
         <wf lemma="ved" pos="X">ved</wf>
         <wf lemma="tørring" pos="X">tørring</wf>
         <wf lemma="." pos="X">.</wf>
      </sentence>
      <sentence id="d000.s2596" source="wordnet-danish">
         <wf lemma="hvorfor" pos="X">hvorfor</wf>
         <wf lemma="slog" pos="X">slog</wf>
         <wf lemma="de" pos="X">de</wf>
         <wf lemma="ham" pos="X">ham</wf>
         <wf lemma="ikke" pos="X">ikke</wf>
         <wf lemma="?" pos="X">?</wf>
         <wf lemma="Det" pos="X">Det</wf>
         <wf lemma="var" pos="X">var</wf>
         <wf lemma="jo" pos="X">jo</wf>
         <wf lemma="hans" pos="X">hans</wf>
         <instance id="d000.s2596.t000" lemma="skyld" pos="NOUN">skyld</instance>
         <wf lemma="at" pos="X">at</wf>
         <wf lemma="køerne" pos="X">køerne</wf>
         <wf lemma="havde" pos="X">havde</wf>
         <wf lemma="rodet" pos="X">rodet</wf>
         <wf lemma="i" pos="X">i</wf>
         <wf lemma="marken" pos="X">marken</wf>
         <wf lemma="og" pos="X">og</wf>
         <wf lemma="ædt" pos="X">ædt</wf>
         <wf lemma="af" pos="X">af</wf>
         <wf lemma="kornet" pos="X">kornet</wf>
         <wf lemma="." pos="X">.</wf>
      </sentence>
      <sentence id="d000.s2597" source="wordnet-danish">
         <wf lemma="Jeg" pos="X">Jeg</wf>
         <instance id="d000.s2597.t000" lemma="elske" pos="VERB">elsker</instance>
         <wf lemma="dig" pos="X">dig</wf>
         <wf lemma="," pos="X">,</wf>
         <wf lemma="Lea" pos="X">Lea</wf>
         <wf lemma="," pos="X">,</wf>
         <wf lemma="hviskede" pos="X">hviskede</wf>
         <wf lemma="han" pos="X">han</wf>
         <wf lemma="," pos="X">,</wf>
         <wf lemma="--" pos="X">--</wf>
         <wf lemma="vil" pos="X">vil</wf>
         <wf lemma="du" pos="X">du</wf>
         <wf lemma="gifte" pos="X">gifte</wf>
         <wf lemma="dig" pos="X">dig</wf>
         <wf lemma="med" pos="X">med</wf>
         <wf lemma="mig" pos="X">mig</wf>
         <wf lemma="?" pos="X">?</wf>
      </sentence>
      <sentence id="d000.s2598" source="wordnet-danish">
         <wf lemma="han" pos="X">han</wf>
         <wf lemma="er" pos="X">er</wf>
         <wf lemma="altså" pos="X">altså</wf>
         <wf lemma="så" pos="X">så</wf>
         <wf lemma="ærgerrig" pos="X">ærgerrig</wf>
         <wf lemma="," pos="X">,</wf>
         <wf lemma="så" pos="X">så</wf>
         <instance id="d000.s2598.t000" lemma="ambitiøs" pos="ADJ">ambitiøs</instance>
         <wf lemma="så" pos="X">så</wf>
         <wf lemma="han" pos="X">han</wf>
         <wf lemma="vil" pos="X">vil</wf>
         <wf lemma="op" pos="X">op</wf>
         <wf lemma="og" pos="X">og</wf>
         <wf lemma="om" pos="X">om</wf>
         <wf lemma="ikke" pos="X">ikke</wf>
         <wf lemma="vinde" pos="X">vinde</wf>
         <wf lemma="hvert" pos="X">hvert</wf>
         <wf lemma="eneste" pos="X">eneste</wf>
         <wf lemma="løb" pos="X">løb</wf>
         <wf lemma="," pos="X">,</wf>
         <wf lemma="så" pos="X">så</wf>
         <wf lemma="i" pos="X">i</wf>
         <wf lemma="hvert" pos="X">hvert</wf>
         <wf lemma="fald" pos="X">fald</wf>
         <wf lemma="op" pos="X">op</wf>
         <wf lemma="i" pos="X">i</wf>
         <wf lemma="front" pos="X">front</wf>
         <wf lemma="og" pos="X">og</wf>
         <wf lemma="vise" pos="X">vise</wf>
         <wf lemma="at" pos="X">at</wf>
         <wf lemma="han" pos="X">han</wf>
         <wf lemma="er" pos="X">er</wf>
         <wf lemma="den" pos="X">den</wf>
         <wf lemma="bedste" pos="X">bedste</wf>
         <wf lemma="." pos="X">.</wf>
      </sentence>
      <sentence id="d000.s2599" source="wordnet-danish">
         <wf lemma="Benene" pos="X">Benene</wf>
         <wf lemma="rystede" pos="X">rystede</wf>
         <wf lemma="under" pos="X">under</wf>
         <wf lemma="ham" pos="X">ham</wf>
         <wf lemma="af" pos="X">af</wf>
         <instance id="d000.s2599.t000" lemma="anspændelse" pos="NOUN">anspændelse</instance>
         <wf lemma="da" pos="X">da</wf>
         <wf lemma="han" pos="X">han</wf>
         <wf lemma="lynhurtigt" pos="X">lynhurtigt</wf>
         <wf lemma="pilede" pos="X">pilede</wf>
         <wf lemma="i" pos="X">i</wf>
         <wf lemma="sikkerhed" pos="X">sikkerhed</wf>
         <wf lemma="." pos="X">.</wf>
      </sentence>
      <sentence id="d000.s2600" source="wordnet-danish">
         <wf lemma="Forlad" pos="X">Forlad</wf>
         <wf lemma="ikke" pos="X">ikke</wf>
         <instance id="d000.s2600.t000" lemma="udlejer" pos="NOUN">udlejeren</instance>
         <wf lemma="," pos="X">,</wf>
         <wf lemma="før" pos="X">før</wf>
         <wf lemma="det" pos="X">det</wf>
         <wf lemma="er" pos="X">er</wf>
         <wf lemma="helt" pos="X">helt</wf>
         <wf lemma="forstået" pos="X">forstået</wf>
         <wf lemma="," pos="X">,</wf>
         <wf lemma="hvordan" pos="X">hvordan</wf>
         <wf lemma="vognens" pos="X">vognens</wf>
         <wf lemma="installationer" pos="X">installationer</wf>
         <wf lemma="virker" pos="X">virker</wf>
         <wf lemma="." pos="X">.</wf>
      </sentence>
      <sentence id="d000.s2601" source="wordnet-danish">
         <wf lemma="den" pos="X">den</wf>
         <wf lemma="gamle" pos="X">gamle</wf>
         <wf lemma="granitsten" pos="X">granitsten</wf>
         <wf lemma="angiver" pos="X">angiver</wf>
         <wf lemma="," pos="X">,</wf>
         <wf lemma="at" pos="X">at</wf>
         <wf lemma="her" pos="X">her</wf>
         <wf lemma="går" pos="X">går</wf>
         <instance id="d000.s2601.t000" lemma="grænse" pos="NOUN">grænsen</instance>
         <wf lemma="mellem" pos="X">mellem</wf>
         <wf lemma="de" pos="X">de</wf>
         <wf lemma="to" pos="X">to</wf>
         <wf lemma="kommuner" pos="X">kommuner</wf>
         <wf lemma="." pos="X">.</wf>
      </sentence>
      <sentence id="d000.s2602" source="wordnet-danish">
         <wf lemma="Min" pos="X">Min</wf>
         <instance id="d000.s2602.t000" lemma="påklædning" pos="NOUN">påklædning</instance>
         <wf lemma="bestod" pos="X">bestod</wf>
         <wf lemma="af" pos="X">af</wf>
         <wf lemma="sandaler" pos="X">sandaler</wf>
         <wf lemma="," pos="X">,</wf>
         <wf lemma="fodboldbukser" pos="X">fodboldbukser</wf>
         <wf lemma="," pos="X">,</wf>
         <wf lemma="en" pos="X">en</wf>
         <wf lemma="skjorte" pos="X">skjorte</wf>
         <wf lemma=".." pos="X">..</wf>
         <wf lemma="og" pos="X">og</wf>
         <wf lemma="en" pos="X">en</wf>
         <wf lemma="sort" pos="X">sort</wf>
         <wf lemma="," pos="X">,</wf>
         <wf lemma="ulden" pos="X">ulden</wf>
         <wf lemma="sweater" pos="X">sweater</wf>
         <wf lemma="." pos="X">.</wf>
      </sentence>
      <sentence id="d000.s2603" source="wordnet-danish">
         <wf lemma="dunkende" pos="X">dunkende</wf>
         <wf lemma="rytmer" pos="X">rytmer</wf>
         <wf lemma="drøner" pos="X">drøner</wf>
         <wf lemma="ud" pos="X">ud</wf>
         <wf lemma="fra" pos="X">fra</wf>
         <instance id="d000.s2603.t000" lemma="diskotek" pos="NOUN">diskoteket</instance>
         <wf lemma="." pos="X">.</wf>
      </sentence>
      <sentence id="d000.s2604" source="wordnet-danish">
         <wf lemma="Under" pos="X">Under</wf>
         <instance id="d000.s2604.t000" lemma="overskrift" pos="NOUN">overskriften</instance>
         <wf lemma="'" pos="X">'</wf>
         <wf lemma="Kloakken" pos="X">Kloakken</wf>
         <wf lemma="duer" pos="X">duer</wf>
         <wf lemma="ikke'" pos="X">ikke'</wf>
         <wf lemma="skrev" pos="X">skrev</wf>
         <wf lemma="jeg" pos="X">jeg</wf>
         <wf lemma="den" pos="X">den</wf>
         <wf lemma="17." pos="X">17.</wf>
         <wf lemma="juli" pos="X">juli</wf>
         <wf lemma="i" pos="X">i</wf>
         <wf lemma="BMA" pos="X">BMA</wf>
         <wf lemma="om" pos="X">om</wf>
         <wf lemma="Ballerups" pos="X">Ballerups</wf>
         <wf lemma="elendige" pos="X">elendige</wf>
         <wf lemma="kloaksystem" pos="X">kloaksystem</wf>
         <wf lemma="." pos="X">.</wf>
      </sentence>
      <sentence id="d000.s2605" source="wordnet-danish">
         <wf lemma="Ved" pos="X">Ved</wf>
         <wf lemma="syvtiden" pos="X">syvtiden</wf>
         <wf lemma="tog" pos="X">tog</wf>
         <wf lemma="jeg" pos="X">jeg</wf>
         <wf lemma="afsted" pos="X">afsted</wf>
         <wf lemma="med" pos="X">med</wf>
         <instance id="d000.s2605.t000" lemma="bus" pos="NOUN">bus</instance>
         <wf lemma="," pos="X">,</wf>
         <wf lemma="S-tog" pos="X">S-tog</wf>
         <wf lemma="og" pos="X">og</wf>
         <wf lemma="bus" pos="X">bus</wf>
         <wf lemma="for" pos="X">for</wf>
         <wf lemma="at" pos="X">at</wf>
         <wf lemma="komme" pos="X">komme</wf>
         <wf lemma="i" pos="X">i</wf>
         <wf lemma="skole" pos="X">skole</wf>
         <wf lemma="." pos="X">.</wf>
      </sentence>
      <sentence id="d000.s2606" source="wordnet-danish">
         <wf lemma="Under" pos="X">Under</wf>
         <wf lemma="den" pos="X">den</wf>
         <wf lemma="florissante" pos="X">florissante</wf>
         <wf lemma="handelsperiode" pos="X">handelsperiode</wf>
         <wf lemma=".." pos="X">..</wf>
         <wf lemma="havde" pos="X">havde</wf>
         <wf lemma="hans" pos="X">hans</wf>
         <instance id="d000.s2606.t000" lemma="flåde" pos="NOUN">flåde</instance>
         <wf lemma="på" pos="X">på</wf>
         <wf lemma="13" pos="X">13</wf>
         <wf lemma="skibe" pos="X">skibe</wf>
         <wf lemma="sejlet" pos="X">sejlet</wf>
         <wf lemma="ham" pos="X">ham</wf>
         <wf lemma="en" pos="X">en</wf>
         <wf lemma="formue" pos="X">formue</wf>
         <wf lemma="hjem" pos="X">hjem</wf>
         <wf lemma="." pos="X">.</wf>
      </sentence>
      <sentence id="d000.s2607" source="wordnet-danish">
         <wf lemma="Talen" pos="X">Talen</wf>
         <wf lemma="for" pos="X">for</wf>
         <wf lemma="damerne" pos="X">damerne</wf>
         <wf lemma="er" pos="X">er</wf>
         <wf lemma="en" pos="X">en</wf>
         <wf lemma="af" pos="X">af</wf>
         <wf lemma="det" pos="X">det</wf>
         <wf lemma="gamle" pos="X">gamle</wf>
         <wf lemma="borgerskabs" pos="X">borgerskabs</wf>
         <wf lemma="dummeste" pos="X">dummeste</wf>
         <instance id="d000.s2607.t000" lemma="konvention" pos="NOUN">konventioner</instance>
         <wf lemma="." pos="X">.</wf>
         <wf lemma="Den" pos="X">Den</wf>
         <wf lemma="er" pos="X">er</wf>
         <wf lemma="til" pos="X">til</wf>
         <wf lemma="glæde" pos="X">glæde</wf>
         <wf lemma="for" pos="X">for</wf>
         <wf lemma="ingen" pos="X">ingen</wf>
         <wf lemma="og" pos="X">og</wf>
         <wf lemma="til" pos="X">til</wf>
         <wf lemma="pine" pos="X">pine</wf>
         <wf lemma="for" pos="X">for</wf>
         <wf lemma="mange" pos="X">mange</wf>
         <wf lemma="." pos="X">.</wf>
      </sentence>
      <sentence id="d000.s2608" source="wordnet-danish">
         <wf lemma="Han" pos="X">Han</wf>
         <wf lemma="bladrer" pos="X">bladrer</wf>
         <wf lemma="om" pos="X">om</wf>
         <wf lemma="til" pos="X">til</wf>
         <wf lemma="en" pos="X">en</wf>
         <instance id="d000.s2608.t000" lemma="blank" pos="ADJ">blank</instance>
         <wf lemma="side" pos="X">side</wf>
         <wf lemma="," pos="X">,</wf>
         <wf lemma="og" pos="X">og</wf>
         <wf lemma="begynder" pos="X">begynder</wf>
         <wf lemma="at" pos="X">at</wf>
         <wf lemma="skrive" pos="X">skrive</wf>
         <wf lemma="." pos="X">.</wf>
      </sentence>
      <sentence id="d000.s2609" source="wordnet-danish">
         <wf lemma="hans" pos="X">hans</wf>
         <instance id="d000.s2609.t000" lemma="cykel" pos="NOUN">cykel</instance>
         <wf lemma="er" pos="X">er</wf>
         <wf lemma="en" pos="X">en</wf>
         <wf lemma="blå" pos="X">blå</wf>
         <wf lemma="herrecykel" pos="X">herrecykel</wf>
         <wf lemma="med" pos="X">med</wf>
         <wf lemma="hvidt" pos="X">hvidt</wf>
         <wf lemma="styr" pos="X">styr</wf>
         <wf lemma="og" pos="X">og</wf>
         <wf lemma="hvide" pos="X">hvide</wf>
         <wf lemma="skærme" pos="X">skærme</wf>
         <wf lemma="." pos="X">.</wf>
      </sentence>
      <sentence id="d000.s2610" source="wordnet-danish">
         <wf lemma="Så" pos="X">Så</wf>
         <wf lemma="vippede" pos="X">vippede</wf>
         <wf lemma="hun" pos="X">hun</wf>
         <wf lemma="med" pos="X">med</wf>
         <wf lemma="foden" pos="X">foden</wf>
         <wf lemma="for" pos="X">for</wf>
         <wf lemma="at" pos="X">at</wf>
         <wf lemma="ryste" pos="X">ryste</wf>
         <wf lemma="en" pos="X">en</wf>
         <wf lemma="sten" pos="X">sten</wf>
         <wf lemma="ud" pos="X">ud</wf>
         <wf lemma="af" pos="X">af</wf>
         <wf lemma="sin" pos="X">sin</wf>
         <instance id="d000.s2610.t000" lemma="sandal" pos="NOUN">sandal</instance>
         <wf lemma="." pos="X">.</wf>
      </sentence>
      <sentence id="d000.s2611" source="wordnet-danish">
         <wf lemma="der" pos="X">der</wf>
         <wf lemma="er" pos="X">er</wf>
         <wf lemma="langt" pos="X">langt</wf>
         <wf lemma="flere" pos="X">flere</wf>
         <wf lemma="narkomaner" pos="X">narkomaner</wf>
         <wf lemma="og" pos="X">og</wf>
         <instance id="d000.s2611.t000" lemma="misbruger" pos="NOUN">misbrugere</instance>
         <wf lemma="uden" pos="X">uden</wf>
         <wf lemma="for" pos="X">for</wf>
         <wf lemma="end" pos="X">end</wf>
         <wf lemma="inden" pos="X">inden</wf>
         <wf lemma="for" pos="X">for</wf>
         <wf lemma="behandlingssystemet" pos="X">behandlingssystemet</wf>
         <wf lemma="." pos="X">.</wf>
      </sentence>
      <sentence id="d000.s2612" source="wordnet-danish">
         <wf lemma="Nu" pos="X">Nu</wf>
         <wf lemma="skulle" pos="X">skulle</wf>
         <wf lemma="han" pos="X">han</wf>
         <wf lemma="både" pos="X">både</wf>
         <wf lemma="nå" pos="X">nå</wf>
         <wf lemma="at" pos="X">at</wf>
         <wf lemma="lave" pos="X">lave</wf>
         <instance id="d000.s2612.t000" lemma="kladde" pos="NOUN">kladde</instance>
         <wf lemma="og" pos="X">og</wf>
         <wf lemma="renskrive" pos="X">renskrive</wf>
         <wf lemma="stilen" pos="X">stilen</wf>
         <wf lemma="til" pos="X">til</wf>
         <wf lemma="i" pos="X">i</wf>
         <wf lemma="morgen" pos="X">morgen</wf>
         <wf lemma="." pos="X">.</wf>
      </sentence>
      <sentence id="d000.s2613" source="wordnet-danish">
         <wf lemma="Jeg" pos="X">Jeg</wf>
         <instance id="d000.s2613.t000" lemma="takke" pos="VERB">takkede</instance>
         <wf lemma="ham" pos="X">ham</wf>
         <wf lemma="for" pos="X">for</wf>
         <wf lemma="den" pos="X">den</wf>
         <wf lemma="gæstfrihed" pos="X">gæstfrihed</wf>
         <wf lemma="," pos="X">,</wf>
         <wf lemma="vi" pos="X">vi</wf>
         <wf lemma="havde" pos="X">havde</wf>
         <wf lemma="været" pos="X">været</wf>
         <wf lemma="genstand" pos="X">genstand</wf>
         <wf lemma="for" pos="X">for</wf>
         <wf lemma="." pos="X">.</wf>
      </sentence>
      <sentence id="d000.s2614" source="wordnet-danish">
         <wf lemma="Satans" pos="X">Satans</wf>
         <wf lemma="helvedes" pos="X">helvedes</wf>
         <wf lemma="konservesdåse" pos="X">konservesdåse</wf>
         <wf lemma="!" pos="X">!</wf>
         <instance id="d000.s2614.t000" lemma="sige" pos="VERB">sagde</instance>
         <wf lemma="han" pos="X">han</wf>
         <wf lemma="." pos="X">.</wf>
         <wf lemma="Så" pos="X">Så</wf>
         <wf lemma="så" pos="X">så</wf>
         <wf lemma="," pos="X">,</wf>
         <wf lemma="sagde" pos="X">sagde</wf>
         <wf lemma="pølsemanden" pos="X">pølsemanden</wf>
         <wf lemma="," pos="X">,</wf>
         <wf lemma="man" pos="X">man</wf>
         <wf lemma="må" pos="X">må</wf>
         <wf lemma="ikke" pos="X">ikke</wf>
         <wf lemma="bande" pos="X">bande</wf>
         <wf lemma="så" pos="X">så</wf>
         <wf lemma="meget" pos="X">meget</wf>
         <wf lemma="." pos="X">.</wf>
      </sentence>
      <sentence id="d000.s2615" source="wordnet-danish">
         <wf lemma="min" pos="X">min</wf>
         <wf lemma="tipoldefar" pos="X">tipoldefar</wf>
         <wf lemma="var" pos="X">var</wf>
         <wf lemma="en" pos="X">en</wf>
         <wf lemma="Oxholm" pos="X">Oxholm</wf>
         <wf lemma="," pos="X">,</wf>
         <wf lemma="der" pos="X">der</wf>
         <wf lemma="blev" pos="X">blev</wf>
         <instance id="d000.s2615.t000" lemma="guvernør" pos="NOUN">guvernør</instance>
         <wf lemma="på" pos="X">på</wf>
         <wf lemma="De" pos="X">De</wf>
         <wf lemma="Vestindiske" pos="X">Vestindiske</wf>
         <wf lemma="Øer" pos="X">Øer</wf>
         <wf lemma="efter" pos="X">efter</wf>
         <wf lemma="von" pos="X">von</wf>
         <wf lemma="Scholten" pos="X">Scholten</wf>
         <wf lemma="." pos="X">.</wf>
      </sentence>
      <sentence id="d000.s2616" source="wordnet-danish">
         <wf lemma="I" pos="X">I</wf>
         <wf lemma="stedet" pos="X">stedet</wf>
         <wf lemma="for" pos="X">for</wf>
         <wf lemma="at" pos="X">at</wf>
         <instance id="d000.s2616.t000" lemma="tvivle" pos="VERB">tvivle</instance>
         <wf lemma="på" pos="X">på</wf>
         <wf lemma="sig" pos="X">sig</wf>
         <wf lemma="selv" pos="X">selv</wf>
         <wf lemma="vender" pos="X">vender</wf>
         <wf lemma="hun" pos="X">hun</wf>
         <wf lemma="energien" pos="X">energien</wf>
         <wf lemma="," pos="X">,</wf>
         <wf lemma="aggressionen" pos="X">aggressionen</wf>
         <wf lemma="," pos="X">,</wf>
         <wf lemma="livslysten" pos="X">livslysten</wf>
         <wf lemma="ud" pos="X">ud</wf>
         <wf lemma="." pos="X">.</wf>
      </sentence>
      <sentence id="d000.s2617" source="wordnet-danish">
         <wf lemma="Hun" pos="X">Hun</wf>
         <wf lemma="gav" pos="X">gav</wf>
         <wf lemma="mig" pos="X">mig</wf>
         <wf lemma="et" pos="X">et</wf>
         <wf lemma="stort" pos="X">stort</wf>
         <wf lemma="varmt" pos="X">varmt</wf>
         <instance id="d000.s2617.t000" lemma="smil" pos="NOUN">smil</instance>
         <wf lemma="," pos="X">,</wf>
         <wf lemma="der" pos="X">der</wf>
         <wf lemma="gjorde" pos="X">gjorde</wf>
         <wf lemma="mig" pos="X">mig</wf>
         <wf lemma="blød" pos="X">blød</wf>
         <wf lemma="som" pos="X">som</wf>
         <wf lemma="smør" pos="X">smør</wf>
         <wf lemma="." pos="X">.</wf>
      </sentence>
      <sentence id="d000.s2618" source="wordnet-danish">
         <wf lemma="Søren" pos="X">Søren</wf>
         <wf lemma="Ryge" pos="X">Ryge</wf>
         <wf lemma="Petersen" pos="X">Petersen</wf>
         <wf lemma="har" pos="X">har</wf>
         <wf lemma="lige" pos="X">lige</wf>
         <wf lemma="været" pos="X">været</wf>
         <wf lemma="i" pos="X">i</wf>
         <wf lemma="Spanien" pos="X">Spanien</wf>
         <wf lemma="for" pos="X">for</wf>
         <wf lemma="at" pos="X">at</wf>
         <instance id="d000.s2618.t000" lemma="bese" pos="VERB">bese</instance>
         <wf lemma="parker" pos="X">parker</wf>
         <wf lemma="og" pos="X">og</wf>
         <wf lemma="haveanlæg" pos="X">haveanlæg</wf>
         <wf lemma="." pos="X">.</wf>
      </sentence>
      <sentence id="d000.s2619" source="wordnet-danish">
         <wf lemma="'Kom" pos="X">'Kom</wf>
         <wf lemma="så" pos="X">så</wf>
         <wf lemma="," pos="X">,</wf>
         <wf lemma="'" pos="X">'</wf>
         <wf lemma="sagde" pos="X">sagde</wf>
         <wf lemma="han" pos="X">han</wf>
         <wf lemma="pludselig" pos="X">pludselig</wf>
         <wf lemma="og" pos="X">og</wf>
         <instance id="d000.s2619.t000" lemma="springe" pos="VERB">sprang</instance>
         <wf lemma="på" pos="X">på</wf>
         <wf lemma="hovedet" pos="X">hovedet</wf>
         <wf lemma="i" pos="X">i</wf>
         <wf lemma="vandet" pos="X">vandet</wf>
         <wf lemma="." pos="X">.</wf>
      </sentence>
      <sentence id="d000.s2620" source="wordnet-danish">
         <wf lemma="De" pos="X">De</wf>
         <instance id="d000.s2620.t000" lemma="kommunal" pos="ADJ">kommunale</instance>
         <wf lemma="skolefritidsordninger" pos="X">skolefritidsordninger</wf>
         <wf lemma="får" pos="X">får</wf>
         <wf lemma="tilskud" pos="X">tilskud</wf>
         <wf lemma="," pos="X">,</wf>
         <wf lemma="de" pos="X">de</wf>
         <wf lemma="private" pos="X">private</wf>
         <wf lemma="må" pos="X">må</wf>
         <wf lemma="selv" pos="X">selv</wf>
         <wf lemma="betale" pos="X">betale</wf>
         <wf lemma="alt" pos="X">alt</wf>
         <wf lemma="." pos="X">.</wf>
         <wf lemma="Det" pos="X">Det</wf>
         <wf lemma="er" pos="X">er</wf>
         <wf lemma="ulige" pos="X">ulige</wf>
         <wf lemma="konkurrence" pos="X">konkurrence</wf>
         <wf lemma="," pos="X">,</wf>
         <wf lemma="siger" pos="X">siger</wf>
         <wf lemma="privatskolerne" pos="X">privatskolerne</wf>
         <wf lemma="." pos="X">.</wf>
      </sentence>
      <sentence id="d000.s2621" source="wordnet-danish">
         <wf lemma="Hun" pos="X">Hun</wf>
         <instance id="d000.s2621.t000" lemma="ridse" pos="VERB">ridsede</instance>
         <wf lemma="i" pos="X">i</wf>
         <wf lemma="bordet" pos="X">bordet</wf>
         <wf lemma="med" pos="X">med</wf>
         <wf lemma="neglen" pos="X">neglen</wf>
         <wf lemma="." pos="X">.</wf>
         <wf lemma="Rastløst" pos="X">Rastløst</wf>
         <wf lemma="." pos="X">.</wf>
         <wf lemma="Hun" pos="X">Hun</wf>
         <wf lemma="kunne" pos="X">kunne</wf>
         <wf lemma="jo" pos="X">jo</wf>
         <wf lemma="lave" pos="X">lave</wf>
         <wf lemma="lektier" pos="X">lektier</wf>
         <wf lemma="nu" pos="X">nu</wf>
         <wf lemma="." pos="X">.</wf>
         <wf lemma="Eller" pos="X">Eller</wf>
         <wf lemma="gå" pos="X">gå</wf>
         <wf lemma="ud" pos="X">ud</wf>
         <wf lemma="." pos="X">.</wf>
      </sentence>
      <sentence id="d000.s2622" source="wordnet-danish">
         <wf lemma="Broen" pos="X">Broen</wf>
         <wf lemma="skal" pos="X">skal</wf>
         <instance id="d000.s2622.t000" lemma="overføre" pos="VERB">overføre</instance>
         <wf lemma="både" pos="X">både</wf>
         <wf lemma="tog" pos="X">tog</wf>
         <wf lemma="og" pos="X">og</wf>
         <wf lemma="biler" pos="X">biler</wf>
         <wf lemma="." pos="X">.</wf>
      </sentence>
      <sentence id="d000.s2623" source="wordnet-danish">
         <wf lemma="af" pos="X">af</wf>
         <wf lemma="Bohrs" pos="X">Bohrs</wf>
         <wf lemma="teori" pos="X">teori</wf>
         <wf lemma="fremgik" pos="X">fremgik</wf>
         <wf lemma="," pos="X">,</wf>
         <wf lemma="at" pos="X">at</wf>
         <wf lemma="de" pos="X">de</wf>
         <wf lemma="ladede" pos="X">ladede</wf>
         <instance id="d000.s2623.t000" lemma="partikel" pos="NOUN">partikler</instance>
         <wf lemma="," pos="X">,</wf>
         <wf lemma="som" pos="X">som</wf>
         <wf lemma="de" pos="X">de</wf>
         <wf lemma="radioaktive" pos="X">radioaktive</wf>
         <wf lemma="stoffer" pos="X">stoffer</wf>
         <wf lemma="udsender" pos="X">udsender</wf>
         <wf lemma="," pos="X">,</wf>
         <wf lemma="kommer" pos="X">kommer</wf>
         <wf lemma="fra" pos="X">fra</wf>
         <wf lemma="atomkernerne" pos="X">atomkernerne</wf>
         <wf lemma="." pos="X">.</wf>
      </sentence>
      <sentence id="d000.s2624" source="wordnet-danish">
         <wf lemma="Hans" pos="X">Hans</wf>
         <wf lemma="hjerne" pos="X">hjerne</wf>
         <wf lemma="maler" pos="X">maler</wf>
         <wf lemma="hurtigt" pos="X">hurtigt</wf>
         <wf lemma="og" pos="X">og</wf>
         <wf lemma="er" pos="X">er</wf>
         <wf lemma="fyldt" pos="X">fyldt</wf>
         <wf lemma="med" pos="X">med</wf>
         <wf lemma="billeder" pos="X">billeder</wf>
         <wf lemma="," pos="X">,</wf>
         <instance id="d000.s2624.t000" lemma="stump" pos="NOUN">stumper</instance>
         <wf lemma="af" pos="X">af</wf>
         <wf lemma="samtaler" pos="X">samtaler</wf>
         <wf lemma="," pos="X">,</wf>
         <wf lemma="øjeblikke" pos="X">øjeblikke</wf>
         <wf lemma="fra" pos="X">fra</wf>
         <wf lemma="mange" pos="X">mange</wf>
         <wf lemma="år" pos="X">år</wf>
         <wf lemma="." pos="X">.</wf>
      </sentence>
      <sentence id="d000.s2625" source="wordnet-danish">
         <wf lemma="Den" pos="X">Den</wf>
         <wf lemma="gamle" pos="X">gamle</wf>
         <wf lemma="by" pos="X">by</wf>
         <wf lemma="var" pos="X">var</wf>
         <wf lemma="delt" pos="X">delt</wf>
         <wf lemma="op" pos="X">op</wf>
         <wf lemma="af" pos="X">af</wf>
         <wf lemma="et" pos="X">et</wf>
         <instance id="d000.s2625.t000" lemma="netværk" pos="NOUN">netværk</instance>
         <wf lemma="af" pos="X">af</wf>
         <wf lemma="smalle" pos="X">smalle</wf>
         <wf lemma="," pos="X">,</wf>
         <wf lemma="brolagte" pos="X">brolagte</wf>
         <wf lemma="gyder" pos="X">gyder</wf>
         <wf lemma="." pos="X">.</wf>
      </sentence>
      <sentence id="d000.s2626" source="wordnet-danish">
         <wf lemma="hun" pos="X">hun</wf>
         <wf lemma="gik" pos="X">gik</wf>
         <wf lemma="bredt" pos="X">bredt</wf>
         <wf lemma="og" pos="X">og</wf>
         <wf lemma="vraltende" pos="X">vraltende</wf>
         <wf lemma="som" pos="X">som</wf>
         <wf lemma="en" pos="X">en</wf>
         <instance id="d000.s2626.t000" lemma="and" pos="NOUN">and</instance>
         <wf lemma="." pos="X">.</wf>
      </sentence>
      <sentence id="d000.s2627" source="wordnet-danish">
         <wf lemma="[hun" pos="X">[hun</wf>
         <wf lemma="var]" pos="X">var]</wf>
         <wf lemma="så" pos="X">så</wf>
         <wf lemma="stiv" pos="X">stiv</wf>
         <wf lemma="," pos="X">,</wf>
         <wf lemma="at" pos="X">at</wf>
         <wf lemma="udsmiderne" pos="X">udsmiderne</wf>
         <wf lemma="beskyldte" pos="X">beskyldte</wf>
         <wf lemma="hende" pos="X">hende</wf>
         <wf lemma="for" pos="X">for</wf>
         <wf lemma="at" pos="X">at</wf>
         <wf lemma="have" pos="X">have</wf>
         <wf lemma="taget" pos="X">taget</wf>
         <instance id="d000.s2627.t000" lemma="drug" pos="NOUN">drugs</instance>
         <wf lemma="." pos="X">.</wf>
      </sentence>
      <sentence id="d000.s2628" source="wordnet-danish">
         <wf lemma="Claus" pos="X">Claus</wf>
         <wf lemma="Nielsens" pos="X">Nielsens</wf>
         <wf lemma="målinstinkt" pos="X">målinstinkt</wf>
         <wf lemma="fornægtede" pos="X">fornægtede</wf>
         <wf lemma="sig" pos="X">sig</wf>
         <wf lemma="ikke" pos="X">ikke</wf>
         <wf lemma="." pos="X">.</wf>
         <wf lemma="Han" pos="X">Han</wf>
         <wf lemma="bragte" pos="X">bragte</wf>
         <wf lemma="Twente" pos="X">Twente</wf>
         <wf lemma="i" pos="X">i</wf>
         <wf lemma="front" pos="X">front</wf>
         <wf lemma="med" pos="X">med</wf>
         <instance id="d000.s2628.t000" lemma="scoring" pos="NOUN">scoringer</instance>
         <wf lemma="i" pos="X">i</wf>
         <wf lemma="det" pos="X">det</wf>
         <wf lemma="60." pos="X">60.</wf>
         <wf lemma="og" pos="X">og</wf>
         <wf lemma="70." pos="X">70.</wf>
         <wf lemma="minut." pos="X">minut.</wf>
      </sentence>
      <sentence id="d000.s2629" source="wordnet-danish">
         <wf lemma="det" pos="X">det</wf>
         <wf lemma="karakteristiske" pos="X">karakteristiske</wf>
         <wf lemma="ved" pos="X">ved</wf>
         <wf lemma="bioteknologien" pos="X">bioteknologien</wf>
         <wf lemma="[er]" pos="X">[er]</wf>
         <wf lemma="," pos="X">,</wf>
         <wf lemma="at" pos="X">at</wf>
         <wf lemma="der" pos="X">der</wf>
         <wf lemma="kan" pos="X">kan</wf>
         <wf lemma="være" pos="X">være</wf>
         <wf lemma="kort" pos="X">kort</wf>
         <wf lemma="vej" pos="X">vej</wf>
         <wf lemma="fra" pos="X">fra</wf>
         <wf lemma="grundforskning" pos="X">grundforskning</wf>
         <wf lemma="til" pos="X">til</wf>
         <instance id="d000.s2629.t000" lemma="erhvervsmæssig" pos="ADJ">erhvervsmæssig</instance>
         <wf lemma="udnyttelse" pos="X">udnyttelse</wf>
         <wf lemma="." pos="X">.</wf>
      </sentence>
      <sentence id="d000.s2630" source="wordnet-danish">
         <wf lemma="narkorapporten" pos="X">narkorapporten</wf>
         <wf lemma="skulle" pos="X">skulle</wf>
         <wf lemma="tages" pos="X">tages</wf>
         <wf lemma="ud" pos="X">ud</wf>
         <wf lemma="af" pos="X">af</wf>
         <wf lemma="planen" pos="X">planen</wf>
         <wf lemma="og" pos="X">og</wf>
         <wf lemma="behandles" pos="X">behandles</wf>
         <instance id="d000.s2630.t000" lemma="separat" pos="ADJ">separat</instance>
         <wf lemma="." pos="X">.</wf>
      </sentence>
      <sentence id="d000.s2631" source="wordnet-danish">
         <wf lemma="på" pos="X">på</wf>
         <instance id="d000.s2631.t000" lemma="hylde" pos="NOUN">hylderne</instance>
         <wf lemma="i" pos="X">i</wf>
         <wf lemma="den" pos="X">den</wf>
         <wf lemma="mørkbejdsede" pos="X">mørkbejdsede</wf>
         <wf lemma="reol" pos="X">reol</wf>
         <wf lemma="står" pos="X">står</wf>
         <wf lemma="pokalerne" pos="X">pokalerne</wf>
         <wf lemma="og" pos="X">og</wf>
         <wf lemma="trofæerne" pos="X">trofæerne</wf>
         <wf lemma="." pos="X">.</wf>
      </sentence>
      <sentence id="d000.s2632" source="wordnet-danish">
         <wf lemma="han" pos="X">han</wf>
         <wf lemma="kan" pos="X">kan</wf>
         <wf lemma="ikke" pos="X">ikke</wf>
         <wf lemma="indhente" pos="X">indhente</wf>
         <wf lemma="dem" pos="X">dem</wf>
         <wf lemma="," pos="X">,</wf>
         <wf lemma="selv" pos="X">selv</wf>
         <wf lemma="om" pos="X">om</wf>
         <wf lemma="han" pos="X">han</wf>
         <instance id="d000.s2632.t000" lemma="løbe" pos="VERB">løber</instance>
         <wf lemma="og" pos="X">og</wf>
         <wf lemma="de" pos="X">de</wf>
         <wf lemma="bare" pos="X">bare</wf>
         <wf lemma="går" pos="X">går</wf>
         <wf lemma="i" pos="X">i</wf>
         <wf lemma="almindelig" pos="X">almindelig</wf>
         <wf lemma="gangart" pos="X">gangart</wf>
         <wf lemma="." pos="X">.</wf>
      </sentence>
      <sentence id="d000.s2633" source="wordnet-danish">
         <wf lemma="En" pos="X">En</wf>
         <wf lemma="kort" pos="X">kort</wf>
         <wf lemma="hvislen" pos="X">hvislen</wf>
         <wf lemma="og" pos="X">og</wf>
         <wf lemma="et" pos="X">et</wf>
         <wf lemma="par" pos="X">par</wf>
         <wf lemma="kraftige" pos="X">kraftige</wf>
         <wf lemma="bump" pos="X">bump</wf>
         <wf lemma="i" pos="X">i</wf>
         <wf lemma="baghjulet" pos="X">baghjulet</wf>
         <wf lemma="bragte" pos="X">bragte</wf>
         <wf lemma="Esben" pos="X">Esben</wf>
         <wf lemma="retur" pos="X">retur</wf>
         <wf lemma="til" pos="X">til</wf>
         <wf lemma="den" pos="X">den</wf>
         <instance id="d000.s2633.t000" lemma="nærværende" pos="ADJ">nærværende</instance>
         <wf lemma="tid" pos="X">tid</wf>
         <wf lemma="." pos="X">.</wf>
      </sentence>
      <sentence id="d000.s2634" source="wordnet-danish">
         <instance id="d000.s2634.t000" lemma="bombe" pos="NOUN">Bomben</instance>
         <wf lemma="var" pos="X">var</wf>
         <wf lemma="blevet" pos="X">blevet</wf>
         <wf lemma="anbragt" pos="X">anbragt</wf>
         <wf lemma="i" pos="X">i</wf>
         <wf lemma="et" pos="X">et</wf>
         <wf lemma="fælleshus" pos="X">fælleshus</wf>
         <wf lemma="," pos="X">,</wf>
         <wf lemma="som" pos="X">som</wf>
         <wf lemma="politiet" pos="X">politiet</wf>
         <wf lemma="ikke" pos="X">ikke</wf>
         <wf lemma="havde" pos="X">havde</wf>
         <wf lemma="undersøgt" pos="X">undersøgt</wf>
         <wf lemma="." pos="X">.</wf>
      </sentence>
      <sentence id="d000.s2635" source="wordnet-danish">
         <wf lemma="Øjnene" pos="X">Øjnene</wf>
         <wf lemma="lyste" pos="X">lyste</wf>
         <wf lemma="gult" pos="X">gult</wf>
         <wf lemma="," pos="X">,</wf>
         <wf lemma="mens" pos="X">mens</wf>
         <wf lemma="[hunden]" pos="X">[hunden]</wf>
         <wf lemma="med" pos="X">med</wf>
         <wf lemma="fråden" pos="X">fråden</wf>
         <wf lemma="sprøjtende" pos="X">sprøjtende</wf>
         <wf lemma="fra" pos="X">fra</wf>
         <instance id="d000.s2635.t000" lemma="flab" pos="NOUN">flaben</instance>
         <wf lemma="ruskede" pos="X">ruskede</wf>
         <wf lemma="og" pos="X">og</wf>
         <wf lemma="gnavede" pos="X">gnavede</wf>
         <wf lemma="sig" pos="X">sig</wf>
         <wf lemma="igennem" pos="X">igennem</wf>
         <wf lemma="ærmet" pos="X">ærmet</wf>
         <wf lemma="." pos="X">.</wf>
      </sentence>
      <sentence id="d000.s2636" source="wordnet-danish">
         <wf lemma="Vi" pos="X">Vi</wf>
         <wf lemma="er" pos="X">er</wf>
         <wf lemma="syd" pos="X">syd</wf>
         <wf lemma="for" pos="X">for</wf>
         <wf lemma="Viborg" pos="X">Viborg</wf>
         <wf lemma="og" pos="X">og</wf>
         <wf lemma="vil" pos="X">vil</wf>
         <wf lemma="følge" pos="X">følge</wf>
         <wf lemma="smeltevandets" pos="X">smeltevandets</wf>
         <instance id="d000.s2636.t000" lemma="bevægelse" pos="NOUN">bevægelse</instance>
         <wf lemma="vestover" pos="X">vestover</wf>
         <wf lemma="." pos="X">.</wf>
      </sentence>
      <sentence id="d000.s2637" source="wordnet-danish">
         <wf lemma="I" pos="X">I</wf>
         <wf lemma="september" pos="X">september</wf>
         <wf lemma="måned" pos="X">måned</wf>
         <wf lemma="var" pos="X">var</wf>
         <wf lemma="jeg" pos="X">jeg</wf>
         <wf lemma="sammen" pos="X">sammen</wf>
         <wf lemma="med" pos="X">med</wf>
         <wf lemma="en" pos="X">en</wf>
         <wf lemma="dansk" pos="X">dansk</wf>
         <instance id="d000.s2637.t000" lemma="gruppe" pos="NOUN">gruppe</instance>
         <wf lemma="af" pos="X">af</wf>
         <wf lemma="unge" pos="X">unge</wf>
         <wf lemma="bøsser" pos="X">bøsser</wf>
         <wf lemma="og" pos="X">og</wf>
         <wf lemma="lesbiske" pos="X">lesbiske</wf>
         <wf lemma="i" pos="X">i</wf>
         <wf lemma="Moskva" pos="X">Moskva</wf>
         <wf lemma="." pos="X">.</wf>
      </sentence>
      <sentence id="d000.s2638" source="wordnet-danish">
         <wf lemma="I" pos="X">I</wf>
         <wf lemma="midten" pos="X">midten</wf>
         <wf lemma="af" pos="X">af</wf>
         <wf lemma="iris" pos="X">iris</wf>
         <wf lemma="," pos="X">,</wf>
         <wf lemma="er" pos="X">er</wf>
         <wf lemma="der" pos="X">der</wf>
         <wf lemma="et" pos="X">et</wf>
         <instance id="d000.s2638.t000" lemma="sort" pos="ADJ">sort</instance>
         <wf lemma="hul" pos="X">hul</wf>
         <wf lemma="," pos="X">,</wf>
         <wf lemma="pupillen" pos="X">pupillen</wf>
         <wf lemma="," pos="X">,</wf>
         <wf lemma="hvor" pos="X">hvor</wf>
         <wf lemma="lyset" pos="X">lyset</wf>
         <wf lemma="kan" pos="X">kan</wf>
         <wf lemma="trænge" pos="X">trænge</wf>
         <wf lemma="ind" pos="X">ind</wf>
         <wf lemma="i" pos="X">i</wf>
         <wf lemma="øjet" pos="X">øjet</wf>
         <wf lemma="." pos="X">.</wf>
      </sentence>
      <sentence id="d000.s2639" source="wordnet-danish">
         <wf lemma="Kun" pos="X">Kun</wf>
         <wf lemma="meget" pos="X">meget</wf>
         <wf lemma="få" pos="X">få</wf>
         <wf lemma="mennesker" pos="X">mennesker</wf>
         <wf lemma="kan" pos="X">kan</wf>
         <wf lemma="gå" pos="X">gå</wf>
         <wf lemma="forbi" pos="X">forbi</wf>
         <wf lemma="et" pos="X">et</wf>
         <wf lemma="klaver" pos="X">klaver</wf>
         <wf lemma="uden" pos="X">uden</wf>
         <wf lemma="lige" pos="X">lige</wf>
         <wf lemma="at" pos="X">at</wf>
         <wf lemma="slå" pos="X">slå</wf>
         <wf lemma="et" pos="X">et</wf>
         <wf lemma="par" pos="X">par</wf>
         <instance id="d000.s2639.t000" lemma="tone" pos="NOUN">toner</instance>
         <wf lemma="an" pos="X">an</wf>
         <wf lemma="." pos="X">.</wf>
      </sentence>
      <sentence id="d000.s2640" source="wordnet-danish">
         <wf lemma="Jeltsins" pos="X">Jeltsins</wf>
         <wf lemma="rådgivere" pos="X">rådgivere</wf>
         <wf lemma="er" pos="X">er</wf>
         <wf lemma="de" pos="X">de</wf>
         <wf lemma="mest" pos="X">mest</wf>
         <wf lemma="lysende" pos="X">lysende</wf>
         <instance id="d000.s2640.t000" lemma="hjerne" pos="NOUN">hjerner</instance>
         <wf lemma="," pos="X">,</wf>
         <wf lemma="der" pos="X">der</wf>
         <wf lemma="findes" pos="X">findes</wf>
         <wf lemma="i" pos="X">i</wf>
         <wf lemma="dagens" pos="X">dagens</wf>
         <wf lemma="Rusland" pos="X">Rusland</wf>
         <wf lemma="." pos="X">.</wf>
      </sentence>
      <sentence id="d000.s2641" source="wordnet-danish">
         <wf lemma="vi" pos="X">vi</wf>
         <wf lemma="passede" pos="X">passede</wf>
         <wf lemma="jo" pos="X">jo</wf>
         <wf lemma="os" pos="X">os</wf>
         <wf lemma="selv" pos="X">selv</wf>
         <wf lemma="med" pos="X">med</wf>
         <wf lemma="mad" pos="X">mad</wf>
         <wf lemma="og" pos="X">og</wf>
         <wf lemma="sådan" pos="X">sådan</wf>
         <wf lemma="noget" pos="X">noget</wf>
         <wf lemma="," pos="X">,</wf>
         <wf lemma="men" pos="X">men</wf>
         <wf lemma="vi" pos="X">vi</wf>
         <wf lemma="var" pos="X">var</wf>
         <instance id="d000.s2641.t000" lemma="fælles" pos="ADJ">fælles</instance>
         <wf lemma="om" pos="X">om</wf>
         <wf lemma="køkkenet" pos="X">køkkenet</wf>
         <wf lemma="." pos="X">.</wf>
      </sentence>
      <sentence id="d000.s2642" source="wordnet-danish">
         <wf lemma="De" pos="X">De</wf>
         <wf lemma="listede" pos="X">listede</wf>
         <wf lemma="sig" pos="X">sig</wf>
         <wf lemma="hen" pos="X">hen</wf>
         <wf lemma="til" pos="X">til</wf>
         <wf lemma="brønden" pos="X">brønden</wf>
         <wf lemma="og" pos="X">og</wf>
         <wf lemma="kiggede" pos="X">kiggede</wf>
         <wf lemma="ned" pos="X">ned</wf>
         <wf lemma="." pos="X">.</wf>
         <wf lemma="." pos="X">.</wf>
         <wf lemma="Det" pos="X">Det</wf>
         <wf lemma="var" pos="X">var</wf>
         <wf lemma="en" pos="X">en</wf>
         <wf lemma="dyb" pos="X">dyb</wf>
         <instance id="d000.s2642.t000" lemma="skakt" pos="NOUN">skakt</instance>
         <wf lemma="lodret" pos="X">lodret</wf>
         <wf lemma="ned" pos="X">ned</wf>
         <wf lemma="i" pos="X">i</wf>
         <wf lemma="jorden" pos="X">jorden</wf>
         <wf lemma="." pos="X">.</wf>
      </sentence>
      <sentence id="d000.s2643" source="wordnet-danish">
         <wf lemma="Efter" pos="X">Efter</wf>
         <wf lemma="et" pos="X">et</wf>
         <wf lemma="sving" pos="X">sving</wf>
         <wf lemma="befinder" pos="X">befinder</wf>
         <wf lemma="vi" pos="X">vi</wf>
         <wf lemma="os" pos="X">os</wf>
         <wf lemma="pludselig" pos="X">pludselig</wf>
         <wf lemma="på" pos="X">på</wf>
         <wf lemma="kanten" pos="X">kanten</wf>
         <wf lemma="af" pos="X">af</wf>
         <wf lemma="en" pos="X">en</wf>
         <instance id="d000.s2643.t000" lemma="dyb" pos="ADJ">dyb</instance>
         <wf lemma="kløft" pos="X">kløft</wf>
         <wf lemma="," pos="X">,</wf>
         <wf lemma="der" pos="X">der</wf>
         <wf lemma="fører" pos="X">fører</wf>
         <wf lemma="ned" pos="X">ned</wf>
         <wf lemma="til" pos="X">til</wf>
         <wf lemma="en" pos="X">en</wf>
         <wf lemma="grøn" pos="X">grøn</wf>
         <wf lemma="slette" pos="X">slette</wf>
         <wf lemma="." pos="X">.</wf>
      </sentence>
      <sentence id="d000.s2644" source="wordnet-danish">
         <wf lemma="Politiet" pos="X">Politiet</wf>
         <wf lemma="leder" pos="X">leder</wf>
         <wf lemma="altid" pos="X">altid</wf>
         <wf lemma="efter" pos="X">efter</wf>
         <wf lemma="et" pos="X">et</wf>
         <wf lemma="motiv" pos="X">motiv</wf>
         <wf lemma="," pos="X">,</wf>
         <wf lemma="når" pos="X">når</wf>
         <wf lemma="de" pos="X">de</wf>
         <wf lemma="skal" pos="X">skal</wf>
         <wf lemma="opklare" pos="X">opklare</wf>
         <wf lemma="et" pos="X">et</wf>
         <instance id="d000.s2644.t000" lemma="mord" pos="NOUN">mord</instance>
         <wf lemma="." pos="X">.</wf>
         <wf lemma="Hvis" pos="X">Hvis</wf>
         <wf lemma="mordet" pos="X">mordet</wf>
         <wf lemma="er" pos="X">er</wf>
         <wf lemma="komplet" pos="X">komplet</wf>
         <wf lemma="meningsløst" pos="X">meningsløst</wf>
         <wf lemma="," pos="X">,</wf>
         <wf lemma="er" pos="X">er</wf>
         <wf lemma="de" pos="X">de</wf>
         <wf lemma="på" pos="X">på</wf>
         <wf lemma="spanden" pos="X">spanden</wf>
         <wf lemma="." pos="X">.</wf>
      </sentence>
      <sentence id="d000.s2645" source="wordnet-danish">
         <wf lemma="[flyene" pos="X">[flyene</wf>
         <wf lemma="måtte]" pos="X">måtte]</wf>
         <wf lemma="flyve" pos="X">flyve</wf>
         <wf lemma="på" pos="X">på</wf>
         <wf lemma="langs" pos="X">langs</wf>
         <wf lemma="af" pos="X">af</wf>
         <wf lemma="Israel" pos="X">Israel</wf>
         <wf lemma="," pos="X">,</wf>
         <wf lemma="der" pos="X">der</wf>
         <wf lemma="i" pos="X">i</wf>
         <wf lemma="hele" pos="X">hele</wf>
         <wf lemma="sin" pos="X">sin</wf>
         <instance id="d000.s2645.t000" lemma="længde" pos="NOUN">længde</instance>
         <wf lemma="blot" pos="X">blot</wf>
         <wf lemma="er" pos="X">er</wf>
         <wf lemma="omkring" pos="X">omkring</wf>
         <wf lemma="400" pos="X">400</wf>
         <wf lemma="km." pos="X">km.</wf>
      </sentence>
      <sentence id="d000.s2646" source="wordnet-danish">
         <wf lemma="Levende" pos="X">Levende</wf>
         <wf lemma="krabber" pos="X">krabber</wf>
         <wf lemma="skrubbes" pos="X">skrubbes</wf>
         <wf lemma="med" pos="X">med</wf>
         <wf lemma="en" pos="X">en</wf>
         <wf lemma="stiv" pos="X">stiv</wf>
         <instance id="d000.s2646.t000" lemma="børste" pos="NOUN">børste</instance>
         <wf lemma="under" pos="X">under</wf>
         <wf lemma="rindende" pos="X">rindende</wf>
         <wf lemma="vand" pos="X">vand</wf>
         <wf lemma="." pos="X">.</wf>
      </sentence>
      <sentence id="d000.s2647" source="wordnet-danish">
         <wf lemma="Vi" pos="X">Vi</wf>
         <wf lemma="havde" pos="X">havde</wf>
         <wf lemma="forsøgt" pos="X">forsøgt</wf>
         <wf lemma="at" pos="X">at</wf>
         <wf lemma="begynde" pos="X">begynde</wf>
         <wf lemma="forfra" pos="X">forfra</wf>
         <wf lemma="mange" pos="X">mange</wf>
         <wf lemma="gange" pos="X">gange</wf>
         <wf lemma="," pos="X">,</wf>
         <wf lemma="men" pos="X">men</wf>
         <wf lemma="alle" pos="X">alle</wf>
         <wf lemma="vore" pos="X">vore</wf>
         <wf lemma="samtaler" pos="X">samtaler</wf>
         <wf lemma="endte" pos="X">endte</wf>
         <wf lemma="i" pos="X">i</wf>
         <instance id="d000.s2647.t000" lemma="skænderi" pos="NOUN">skænderier</instance>
         <wf lemma="," pos="X">,</wf>
         <wf lemma="og" pos="X">og</wf>
         <wf lemma="til" pos="X">til</wf>
         <wf lemma="sidst" pos="X">sidst</wf>
         <wf lemma="gik" pos="X">gik</wf>
         <wf lemma="det" pos="X">det</wf>
         <wf lemma="ikke" pos="X">ikke</wf>
         <wf lemma="længere" pos="X">længere</wf>
         <wf lemma="." pos="X">.</wf>
      </sentence>
      <sentence id="d000.s2648" source="wordnet-danish">
         <wf lemma="Monory" pos="X">Monory</wf>
         <wf lemma="er" pos="X">er</wf>
         <wf lemma="en" pos="X">en</wf>
         <wf lemma="særsyn" pos="X">særsyn</wf>
         <wf lemma="i" pos="X">i</wf>
         <wf lemma="fransk" pos="X">fransk</wf>
         <wf lemma="politik" pos="X">politik</wf>
         <wf lemma="." pos="X">.</wf>
         <wf lemma="Han" pos="X">Han</wf>
         <wf lemma="er" pos="X">er</wf>
         <wf lemma="en" pos="X">en</wf>
         <wf lemma="selvlært" pos="X">selvlært</wf>
         <wf lemma="mand" pos="X">mand</wf>
         <wf lemma="uden" pos="X">uden</wf>
         <wf lemma="akademisk" pos="X">akademisk</wf>
         <instance id="d000.s2648.t000" lemma="baggrund" pos="NOUN">baggrund</instance>
         <wf lemma="med" pos="X">med</wf>
         <wf lemma="en" pos="X">en</wf>
         <wf lemma="fortid" pos="X">fortid</wf>
         <wf lemma="som" pos="X">som</wf>
         <wf lemma="garageejer" pos="X">garageejer</wf>
         <wf lemma="." pos="X">.</wf>
      </sentence>
      <sentence id="d000.s2649" source="wordnet-danish">
         <wf lemma="Paul" pos="X">Paul</wf>
         <wf lemma=".." pos="X">..</wf>
         <wf lemma="åbner" pos="X">åbner</wf>
         <wf lemma="en" pos="X">en</wf>
         <instance id="d000.s2649.t000" lemma="dåse" pos="NOUN">dåse</instance>
         <wf lemma="koncentreret" pos="X">koncentreret</wf>
         <wf lemma="tomatpuré" pos="X">tomatpuré</wf>
         <wf lemma="og" pos="X">og</wf>
         <wf lemma="hælder" pos="X">hælder</wf>
         <wf lemma="indholdet" pos="X">indholdet</wf>
         <wf lemma="oven" pos="X">oven</wf>
         <wf lemma="i" pos="X">i</wf>
         <wf lemma="det" pos="X">det</wf>
         <wf lemma="brunede" pos="X">brunede</wf>
         <wf lemma="kød" pos="X">kød</wf>
         <wf lemma="." pos="X">.</wf>
      </sentence>
      <sentence id="d000.s2650" source="wordnet-danish">
         <wf lemma="siloen" pos="X">siloen</wf>
         <wf lemma="var" pos="X">var</wf>
         <wf lemma="ikke" pos="X">ikke</wf>
         <wf lemma="engang" pos="X">engang</wf>
         <wf lemma="kvart" pos="X">kvart</wf>
         <instance id="d000.s2650.t000" lemma="fuld" pos="ADJ">fuld</instance>
         <wf lemma="." pos="X">.</wf>
      </sentence>
      <sentence id="d000.s2651" source="wordnet-danish">
         <wf lemma="Ny" pos="X">Ny</wf>
         <wf lemma="teknik" pos="X">teknik</wf>
         <wf lemma="og" pos="X">og</wf>
         <wf lemma="ny" pos="X">ny</wf>
         <wf lemma="terapi" pos="X">terapi</wf>
         <wf lemma="giver" pos="X">giver</wf>
         <instance id="d000.s2651.t000" lemma="døv" pos="ADJ">døve</instance>
         <wf lemma="hørelsen" pos="X">hørelsen</wf>
         <wf lemma="tilbage" pos="X">tilbage</wf>
         <wf lemma="." pos="X">.</wf>
      </sentence>
      <sentence id="d000.s2652" source="wordnet-danish">
         <wf lemma="[den]" pos="X">[den]</wf>
         <instance id="d000.s2652.t000" lemma="genetisk" pos="ADJ">genetiske</instance>
         <wf lemma="information" pos="X">information</wf>
         <wf lemma="--" pos="X">--</wf>
         <wf lemma="det" pos="X">det</wf>
         <wf lemma="vi" pos="X">vi</wf>
         <wf lemma="kalder" pos="X">kalder</wf>
         <wf lemma="arveanlæggene" pos="X">arveanlæggene</wf>
         <wf lemma="--" pos="X">--</wf>
         <wf lemma="findes" pos="X">findes</wf>
         <wf lemma="i" pos="X">i</wf>
         <wf lemma="cellernes" pos="X">cellernes</wf>
         <wf lemma="DNA-molekyler" pos="X">DNA-molekyler</wf>
         <wf lemma="." pos="X">.</wf>
      </sentence>
      <sentence id="d000.s2653" source="wordnet-danish">
         <wf lemma="Grechetto" pos="X">Grechetto</wf>
         <wf lemma=".." pos="X">..</wf>
         <wf lemma="er" pos="X">er</wf>
         <wf lemma="en" pos="X">en</wf>
         <wf lemma="lokal" pos="X">lokal</wf>
         <wf lemma="drue" pos="X">drue</wf>
         <wf lemma="," pos="X">,</wf>
         <wf lemma="der" pos="X">der</wf>
         <wf lemma="er" pos="X">er</wf>
         <wf lemma="i" pos="X">i</wf>
         <instance id="d000.s2653.t000" lemma="slægtskab" pos="NOUN">slægtskab</instance>
         <wf lemma="med" pos="X">med</wf>
         <wf lemma="den" pos="X">den</wf>
         <wf lemma="franske" pos="X">franske</wf>
         <wf lemma="Chardonnay" pos="X">Chardonnay</wf>
         <wf lemma="." pos="X">.</wf>
      </sentence>
      <sentence id="d000.s2654" source="wordnet-danish">
         <wf lemma="En" pos="X">En</wf>
         <wf lemma="del" pos="X">del</wf>
         <wf lemma="af" pos="X">af</wf>
         <wf lemma="belysningen" pos="X">belysningen</wf>
         <wf lemma="består" pos="X">består</wf>
         <wf lemma="af" pos="X">af</wf>
         <wf lemma="80" pos="X">80</wf>
         <wf lemma="spots" pos="X">spots</wf>
         <wf lemma="," pos="X">,</wf>
         <wf lemma="der" pos="X">der</wf>
         <wf lemma="sidder" pos="X">sidder</wf>
         <wf lemma="rundt" pos="X">rundt</wf>
         <wf lemma="omkring" pos="X">omkring</wf>
         <wf lemma="i" pos="X">i</wf>
         <wf lemma="lofterne" pos="X">lofterne</wf>
         <wf lemma="og" pos="X">og</wf>
         <wf lemma="kan" pos="X">kan</wf>
         <wf lemma="reguleres" pos="X">reguleres</wf>
         <wf lemma="op" pos="X">op</wf>
         <wf lemma="og" pos="X">og</wf>
         <wf lemma="ned" pos="X">ned</wf>
         <wf lemma="i" pos="X">i</wf>
         <instance id="d000.s2654.t000" lemma="lysstyrke" pos="NOUN">lysstyrke</instance>
         <wf lemma="." pos="X">.</wf>
      </sentence>
      <sentence id="d000.s2655" source="wordnet-danish">
         <wf lemma="Ifølge" pos="X">Ifølge</wf>
         <wf lemma="astronomerne" pos="X">astronomerne</wf>
         <wf lemma="flygter" pos="X">flygter</wf>
         <instance id="d000.s2655.t000" lemma="mælkevej" pos="NOUN">mælkevejene</instance>
         <wf lemma="bort" pos="X">bort</wf>
         <wf lemma="fra" pos="X">fra</wf>
         <wf lemma="hinanden" pos="X">hinanden</wf>
         <wf lemma="med" pos="X">med</wf>
         <wf lemma="en" pos="X">en</wf>
         <wf lemma="fart" pos="X">fart</wf>
         <wf lemma="," pos="X">,</wf>
         <wf lemma="som" pos="X">som</wf>
         <wf lemma="tiltager" pos="X">tiltager</wf>
         <wf lemma="med" pos="X">med</wf>
         <wf lemma="16" pos="X">16</wf>
         <wf lemma="km" pos="X">km</wf>
         <wf lemma="i" pos="X">i</wf>
         <wf lemma="sekundet" pos="X">sekundet</wf>
         <wf lemma="for" pos="X">for</wf>
         <wf lemma="hver" pos="X">hver</wf>
         <wf lemma="million" pos="X">million</wf>
         <wf lemma="lysår" pos="X">lysår</wf>
         <wf lemma="," pos="X">,</wf>
         <wf lemma="de" pos="X">de</wf>
         <wf lemma="er" pos="X">er</wf>
         <wf lemma="fjernet" pos="X">fjernet</wf>
         <wf lemma="fra" pos="X">fra</wf>
         <wf lemma="os." pos="X">os.</wf>
      </sentence>
      <sentence id="d000.s2656" source="wordnet-danish">
         <wf lemma="en" pos="X">en</wf>
         <wf lemma="meningsmåling" pos="X">meningsmåling</wf>
         <wf lemma="viser" pos="X">viser</wf>
         <wf lemma="," pos="X">,</wf>
         <wf lemma="at" pos="X">at</wf>
         <wf lemma="hver" pos="X">hver</wf>
         <wf lemma="tredje" pos="X">tredje</wf>
         <wf lemma="amerikaner" pos="X">amerikaner</wf>
         <wf lemma="ikke" pos="X">ikke</wf>
         <wf lemma="føler" pos="X">føler</wf>
         <wf lemma="sig" pos="X">sig</wf>
         <wf lemma="i" pos="X">i</wf>
         <wf lemma="stand" pos="X">stand</wf>
         <wf lemma="til" pos="X">til</wf>
         <wf lemma="at" pos="X">at</wf>
         <wf lemma="læse" pos="X">læse</wf>
         <wf lemma="en" pos="X">en</wf>
         <instance id="d000.s2656.t000" lemma="tekst" pos="NOUN">tekst</instance>
         <wf lemma="." pos="X">.</wf>
      </sentence>
      <sentence id="d000.s2657" source="wordnet-danish">
         <wf lemma="Vær" pos="X">Vær</wf>
         <wf lemma="rede" pos="X">rede</wf>
         <wf lemma="til" pos="X">til</wf>
         <wf lemma="løbende" pos="X">løbende</wf>
         <wf lemma="at" pos="X">at</wf>
         <wf lemma="revidere" pos="X">revidere</wf>
         <wf lemma="din" pos="X">din</wf>
         <instance id="d000.s2657.t000" lemma="tidsplan" pos="NOUN">tidsplan</instance>
         <wf lemma="" pos="X"></wf>
         <wf lemma="både" pos="X">både</wf>
         <wf lemma="hvis" pos="X">hvis</wf>
         <wf lemma="du" pos="X">du</wf>
         <wf lemma="kommer" pos="X">kommer</wf>
         <wf lemma="foran" pos="X">foran</wf>
         <wf lemma="og" pos="X">og</wf>
         <wf lemma="bagud" pos="X">bagud</wf>
         <wf lemma="." pos="X">.</wf>
      </sentence>
      <sentence id="d000.s2658" source="wordnet-danish">
         <wf lemma="Lambsdorff" pos="X">Lambsdorff</wf>
         <wf lemma="har" pos="X">har</wf>
         <instance id="d000.s2658.t000" lemma="bestride" pos="VERB">bestridt</instance>
         <wf lemma="alle" pos="X">alle</wf>
         <wf lemma="anklager" pos="X">anklager</wf>
         <wf lemma="om" pos="X">om</wf>
         <wf lemma="bestikkelse" pos="X">bestikkelse</wf>
         <wf lemma="." pos="X">.</wf>
      </sentence>
      <sentence id="d000.s2659" source="wordnet-danish">
         <wf lemma="kartofler" pos="X">kartofler</wf>
         <wf lemma=".." pos="X">..</wf>
         <wf lemma="smager" pos="X">smager</wf>
         <wf lemma="godt" pos="X">godt</wf>
         <wf lemma="og" pos="X">og</wf>
         <wf lemma="er" pos="X">er</wf>
         <instance id="d000.s2659.t000" lemma="sund" pos="ADJ">sunde</instance>
         <wf lemma="." pos="X">.</wf>
      </sentence>
      <sentence id="d000.s2660" source="wordnet-danish">
         <wf lemma="I" pos="X">I</wf>
         <wf lemma="brevet" pos="X">brevet</wf>
         <instance id="d000.s2660.t000" lemma="beskrive" pos="VERB">beskrev</instance>
         <wf lemma="hun" pos="X">hun</wf>
         <wf lemma="i" pos="X">i</wf>
         <wf lemma="begejstrede" pos="X">begejstrede</wf>
         <wf lemma="vendinger" pos="X">vendinger</wf>
         <wf lemma="sin" pos="X">sin</wf>
         <wf lemma="ny" pos="X">ny</wf>
         <wf lemma="lejlighed" pos="X">lejlighed</wf>
         <wf lemma="." pos="X">.</wf>
      </sentence>
      <sentence id="d000.s2661" source="wordnet-danish">
         <wf lemma="Med" pos="X">Med</wf>
         <wf lemma="fredagens" pos="X">fredagens</wf>
         <wf lemma="semifinalesejr" pos="X">semifinalesejr</wf>
         <wf lemma=".." pos="X">..</wf>
         <wf lemma="har" pos="X">har</wf>
         <wf lemma="danskeren" pos="X">danskeren</wf>
         <wf lemma="indtil" pos="X">indtil</wf>
         <wf lemma="videre" pos="X">videre</wf>
         <instance id="d000.s2661.t000" lemma="tjene" pos="VERB">tjent</instance>
         <wf lemma="omkring" pos="X">omkring</wf>
         <wf lemma="100" pos="X">100</wf>
         <wf lemma="ATP-bonuspoint" pos="X">ATP-bonuspoint</wf>
         <wf lemma="." pos="X">.</wf>
      </sentence>
      <sentence id="d000.s2662" source="wordnet-danish">
         <wf lemma="det" pos="X">det</wf>
         <wf lemma="[er]" pos="X">[er]</wf>
         <wf lemma="populært" pos="X">populært</wf>
         <wf lemma="," pos="X">,</wf>
         <wf lemma="at" pos="X">at</wf>
         <wf lemma="skyde" pos="X">skyde</wf>
         <instance id="d000.s2662.t000" lemma="skyld" pos="NOUN">skylden</instance>
         <wf lemma="på" pos="X">på</wf>
         <wf lemma="samfundet" pos="X">samfundet</wf>
         <wf lemma="," pos="X">,</wf>
         <wf lemma="når" pos="X">når</wf>
         <wf lemma="man" pos="X">man</wf>
         <wf lemma="skal" pos="X">skal</wf>
         <wf lemma="søge" pos="X">søge</wf>
         <wf lemma="voldens" pos="X">voldens</wf>
         <wf lemma="årsager" pos="X">årsager</wf>
         <wf lemma="." pos="X">.</wf>
      </sentence>
      <sentence id="d000.s2663" source="wordnet-danish">
         <wf lemma="I" pos="X">I</wf>
         <wf lemma="otte" pos="X">otte</wf>
         <wf lemma="år" pos="X">år</wf>
         <wf lemma="har" pos="X">har</wf>
         <wf lemma="Cowboyland" pos="X">Cowboyland</wf>
         <wf lemma="haft" pos="X">haft</wf>
         <wf lemma="butik" pos="X">butik</wf>
         <wf lemma="i" pos="X">i</wf>
         <wf lemma="City" pos="X">City</wf>
         <wf lemma="Vest" pos="X">Vest</wf>
         <wf lemma="." pos="X">.</wf>
         <wf lemma="Forretningen" pos="X">Forretningen</wf>
         <wf lemma="i" pos="X">i</wf>
         <wf lemma="Jyllands" pos="X">Jyllands</wf>
         <wf lemma="største" pos="X">største</wf>
         <wf lemma="indkøbscenter" pos="X">indkøbscenter</wf>
         <wf lemma="er" pos="X">er</wf>
         <wf lemma="en" pos="X">en</wf>
         <wf lemma="af" pos="X">af</wf>
         <instance id="d000.s2663.t000" lemma="kæde" pos="NOUN">kædens</instance>
         <wf lemma="seks." pos="X">seks.</wf>
      </sentence>
      <sentence id="d000.s2664" source="wordnet-danish">
         <wf lemma="Derefter" pos="X">Derefter</wf>
         <wf lemma="gik" pos="X">gik</wf>
         <wf lemma="jeg" pos="X">jeg</wf>
         <wf lemma="på" pos="X">på</wf>
         <instance id="d000.s2664.t000" lemma="kro" pos="NOUN">kro</instance>
         <wf lemma="og" pos="X">og</wf>
         <wf lemma="spiste" pos="X">spiste</wf>
         <wf lemma="biksemad" pos="X">biksemad</wf>
         <wf lemma="," pos="X">,</wf>
         <wf lemma="ingen" pos="X">ingen</wf>
         <wf lemma="lavede" pos="X">lavede</wf>
         <wf lemma="den" pos="X">den</wf>
         <wf lemma="bedre" pos="X">bedre</wf>
         <wf lemma="," pos="X">,</wf>
         <wf lemma="dertil" pos="X">dertil</wf>
         <wf lemma="en" pos="X">en</wf>
         <wf lemma="øl" pos="X">øl</wf>
         <wf lemma="og" pos="X">og</wf>
         <wf lemma="en" pos="X">en</wf>
         <wf lemma="dram" pos="X">dram</wf>
         <wf lemma="." pos="X">.</wf>
      </sentence>
      <sentence id="d000.s2665" source="wordnet-danish">
         <wf lemma="jeg" pos="X">jeg</wf>
         <wf lemma="købte" pos="X">købte</wf>
         <wf lemma="en" pos="X">en</wf>
         <wf lemma="elektronisk" pos="X">elektronisk</wf>
         <wf lemma="badevægt" pos="X">badevægt</wf>
         <wf lemma="," pos="X">,</wf>
         <wf lemma="som" pos="X">som</wf>
         <wf lemma="vejer" pos="X">vejer</wf>
         <wf lemma="helt" pos="X">helt</wf>
         <wf lemma="nøjagtigt" pos="X">nøjagtigt</wf>
         <wf lemma="." pos="X">.</wf>
         <wf lemma="Den" pos="X">Den</wf>
         <instance id="d000.s2665.t000" lemma="vægt" pos="NOUN">vægt</instance>
         <wf lemma="har" pos="X">har</wf>
         <wf lemma="været" pos="X">været</wf>
         <wf lemma="afgørende" pos="X">afgørende</wf>
         <wf lemma="for" pos="X">for</wf>
         <wf lemma="mig" pos="X">mig</wf>
         <wf lemma="." pos="X">.</wf>
      </sentence>
      <sentence id="d000.s2666" source="wordnet-danish">
         <wf lemma="Det" pos="X">Det</wf>
         <wf lemma="danske" pos="X">danske</wf>
         <wf lemma="nej" pos="X">nej</wf>
         <wf lemma="såede" pos="X">såede</wf>
         <instance id="d000.s2666.t000" lemma="tvivl" pos="NOUN">tvivl</instance>
         <wf lemma="om" pos="X">om</wf>
         <wf lemma="," pos="X">,</wf>
         <wf lemma="hvorvidt" pos="X">hvorvidt</wf>
         <wf lemma="den" pos="X">den</wf>
         <wf lemma="europæiske" pos="X">europæiske</wf>
         <wf lemma="monetære" pos="X">monetære</wf>
         <wf lemma="union" pos="X">union</wf>
         <wf lemma="ville" pos="X">ville</wf>
         <wf lemma="blive" pos="X">blive</wf>
         <wf lemma="gennemført" pos="X">gennemført</wf>
         <wf lemma="." pos="X">.</wf>
      </sentence>
      <sentence id="d000.s2667" source="wordnet-danish">
         <wf lemma="Og" pos="X">Og</wf>
         <wf lemma="så" pos="X">så</wf>
         <wf lemma="havde" pos="X">havde</wf>
         <wf lemma="Nino" pos="X">Nino</wf>
         <wf lemma="en" pos="X">en</wf>
         <wf lemma="imponerende" pos="X">imponerende</wf>
         <wf lemma="samling" pos="X">samling</wf>
         <wf lemma="af" pos="X">af</wf>
         <instance id="d000.s2667.t000" lemma="våben" pos="NOUN">våben</instance>
         <wf lemma="." pos="X">.</wf>
         <wf lemma="Foruden" pos="X">Foruden</wf>
         <wf lemma="en" pos="X">en</wf>
         <wf lemma="sabel" pos="X">sabel</wf>
         <wf lemma="," pos="X">,</wf>
         <wf lemma="et" pos="X">et</wf>
         <wf lemma="jagtgevær" pos="X">jagtgevær</wf>
         <wf lemma="," pos="X">,</wf>
         <wf lemma="to" pos="X">to</wf>
         <wf lemma="indiske" pos="X">indiske</wf>
         <wf lemma="piske" pos="X">piske</wf>
         <wf lemma="og" pos="X">og</wf>
         <wf lemma="et" pos="X">et</wf>
         <wf lemma="knojern" pos="X">knojern</wf>
         <wf lemma="," pos="X">,</wf>
         <wf lemma="havde" pos="X">havde</wf>
         <wf lemma="han" pos="X">han</wf>
         <wf lemma="to" pos="X">to</wf>
         <wf lemma="omhyggeligt" pos="X">omhyggeligt</wf>
         <wf lemma="lakerede" pos="X">lakerede</wf>
         <wf lemma="køller" pos="X">køller</wf>
         <wf lemma="af" pos="X">af</wf>
         <wf lemma="hårdt" pos="X">hårdt</wf>
         <wf lemma="træ" pos="X">træ</wf>
         <wf lemma="." pos="X">.</wf>
      </sentence>
      <sentence id="d000.s2668" source="wordnet-danish">
         <wf lemma="Nu" pos="X">Nu</wf>
         <wf lemma="bør" pos="X">bør</wf>
         <wf lemma="vi" pos="X">vi</wf>
         <wf lemma="takke" pos="X">takke</wf>
         <wf lemma="Gud" pos="X">Gud</wf>
         <wf lemma="for" pos="X">for</wf>
         <wf lemma="at" pos="X">at</wf>
         <wf lemma="de" pos="X">de</wf>
         <wf lemma="strandede" pos="X">strandede</wf>
         <wf lemma="næsten" pos="X">næsten</wf>
         <wf lemma="alle" pos="X">alle</wf>
         <wf lemma="blev" pos="X">blev</wf>
         <wf lemma="reddet" pos="X">reddet</wf>
         <wf lemma="," pos="X">,</wf>
         <wf lemma="sagde" pos="X">sagde</wf>
         <wf lemma="Vang" pos="X">Vang</wf>
         <wf lemma="," pos="X">,</wf>
         <wf lemma="foldede" pos="X">foldede</wf>
         <wf lemma="sine" pos="X">sine</wf>
         <wf lemma="hænder" pos="X">hænder</wf>
         <wf lemma="og" pos="X">og</wf>
         <instance id="d000.s2668.t000" lemma="bede" pos="VERB">bad</instance>
         <wf lemma="en" pos="X">en</wf>
         <wf lemma="kort" pos="X">kort</wf>
         <wf lemma="bøn" pos="X">bøn</wf>
         <wf lemma="." pos="X">.</wf>
      </sentence>
      <sentence id="d000.s2669" source="wordnet-danish">
         <wf lemma="Karen" pos="X">Karen</wf>
         <wf lemma="Blixen" pos="X">Blixen</wf>
         <wf lemma="sendte" pos="X">sendte</wf>
         <wf lemma="mig" pos="X">mig</wf>
         <wf lemma="en" pos="X">en</wf>
         <wf lemma="stor" pos="X">stor</wf>
         <wf lemma="," pos="X">,</wf>
         <wf lemma="gulnet" pos="X">gulnet</wf>
         <wf lemma="kuvert" pos="X">kuvert</wf>
         <wf lemma="med" pos="X">med</wf>
         <instance id="d000.s2669.t000" lemma="udklip" pos="NOUN">udklip</instance>
         <wf lemma="af" pos="X">af</wf>
         <wf lemma="anmeldelser" pos="X">anmeldelser</wf>
         <wf lemma="," pos="X">,</wf>
         <wf lemma="hun" pos="X">hun</wf>
         <wf lemma="havde" pos="X">havde</wf>
         <wf lemma="fået" pos="X">fået</wf>
         <wf lemma="." pos="X">.</wf>
      </sentence>
      <sentence id="d000.s2670" source="wordnet-danish">
         <wf lemma="den" pos="X">den</wf>
         <wf lemma="gamle" pos="X">gamle</wf>
         <wf lemma="huskat" pos="X">huskat</wf>
         <wf lemma=".." pos="X">..</wf>
         <wf lemma="gik" pos="X">gik</wf>
         <wf lemma="sig" pos="X">sig</wf>
         <wf lemma="en" pos="X">en</wf>
         <wf lemma="tur" pos="X">tur</wf>
         <wf lemma="i" pos="X">i</wf>
         <wf lemma="hele" pos="X">hele</wf>
         <wf lemma="huset" pos="X">huset</wf>
         <wf lemma="for" pos="X">for</wf>
         <wf lemma="til" pos="X">til</wf>
         <wf lemma="sidst" pos="X">sidst</wf>
         <wf lemma="at" pos="X">at</wf>
         <wf lemma="springe" pos="X">springe</wf>
         <wf lemma="op" pos="X">op</wf>
         <wf lemma="på" pos="X">på</wf>
         <wf lemma="køkkenbordet" pos="X">køkkenbordet</wf>
         <wf lemma="," pos="X">,</wf>
         <wf lemma="sætte" pos="X">sætte</wf>
         <wf lemma="sig" pos="X">sig</wf>
         <wf lemma="i" pos="X">i</wf>
         <wf lemma="vinduet" pos="X">vinduet</wf>
         <wf lemma="og" pos="X">og</wf>
         <wf lemma="spinde" pos="X">spinde</wf>
         <instance id="d000.s2670.t000" lemma="veltilfreds" pos="ADJ">veltilfreds</instance>
         <wf lemma="." pos="X">.</wf>
      </sentence>
      <sentence id="d000.s2671" source="wordnet-danish">
         <wf lemma="'For" pos="X">'For</wf>
         <wf lemma="faen" pos="X">faen</wf>
         <wf lemma="," pos="X">,</wf>
         <wf lemma="han" pos="X">han</wf>
         <instance id="d000.s2671.t000" lemma="tale" pos="VERB">taler</instance>
         <wf lemma="med" pos="X">med</wf>
         <wf lemma="pigestemme" pos="X">pigestemme</wf>
         <wf lemma="!" pos="X">!</wf>
         <wf lemma="Er" pos="X">Er</wf>
         <wf lemma="du" pos="X">du</wf>
         <wf lemma="et" pos="X">et</wf>
         <wf lemma="pigebarn" pos="X">pigebarn</wf>
         <wf lemma="," pos="X">,</wf>
         <wf lemma="dit" pos="X">dit</wf>
         <wf lemma="lange" pos="X">lange</wf>
         <wf lemma="rær" pos="X">rær</wf>
         <wf lemma="?" pos="X">?</wf>
         <wf lemma="'." pos="X">'.</wf>
      </sentence>
      <sentence id="d000.s2672" source="wordnet-danish">
         <wf lemma="Min" pos="X">Min</wf>
         <wf lemma="familie" pos="X">familie</wf>
         <wf lemma="i" pos="X">i</wf>
         <wf lemma="Jylland" pos="X">Jylland</wf>
         <instance id="d000.s2672.t000" lemma="ringe" pos="VERB">ringede</instance>
         <wf lemma="afbud" pos="X">afbud</wf>
         <wf lemma="i" pos="X">i</wf>
         <wf lemma="morges" pos="X">morges</wf>
         <wf lemma="." pos="X">.</wf>
      </sentence>
      <sentence id="d000.s2673" source="wordnet-danish">
         <wf lemma="Avantgarde-komponister" pos="X">Avantgarde-komponister</wf>
         <wf lemma="eksperimenterede" pos="X">eksperimenterede</wf>
         <wf lemma="fra" pos="X">fra</wf>
         <wf lemma="århundredets" pos="X">århundredets</wf>
         <wf lemma="første" pos="X">første</wf>
         <wf lemma="tiår" pos="X">tiår</wf>
         <wf lemma="med" pos="X">med</wf>
         <instance id="d000.s2673.t000" lemma="elektronisk" pos="ADJ">elektronisk</instance>
         <wf lemma="musik" pos="X">musik</wf>
         <wf lemma="." pos="X">.</wf>
      </sentence>
      <sentence id="d000.s2674" source="wordnet-danish">
         <wf lemma="Der" pos="X">Der</wf>
         <wf lemma="var" pos="X">var</wf>
         <wf lemma="nu" pos="X">nu</wf>
         <wf lemma="en" pos="X">en</wf>
         <instance id="d000.s2674.t000" lemma="koalition" pos="NOUN">koalition</instance>
         <wf lemma="mellem" pos="X">mellem</wf>
         <wf lemma="den" pos="X">den</wf>
         <wf lemma="borgerlige" pos="X">borgerlige</wf>
         <wf lemma="regering" pos="X">regering</wf>
         <wf lemma="og" pos="X">og</wf>
         <wf lemma="Socialdemokratiet" pos="X">Socialdemokratiet</wf>
         <wf lemma="om" pos="X">om</wf>
         <wf lemma="at" pos="X">at</wf>
         <wf lemma="bakke" pos="X">bakke</wf>
         <wf lemma="naturgasprojektet" pos="X">naturgasprojektet</wf>
         <wf lemma="op" pos="X">op</wf>
         <wf lemma="." pos="X">.</wf>
      </sentence>
      <sentence id="d000.s2675" source="wordnet-danish">
         <wf lemma="Norge" pos="X">Norge</wf>
         <wf lemma="har" pos="X">har</wf>
         <wf lemma="udvist" pos="X">udvist</wf>
         <wf lemma="otte" pos="X">otte</wf>
         <wf lemma="sovjetiske" pos="X">sovjetiske</wf>
         <instance id="d000.s2675.t000" lemma="diplomat" pos="NOUN">diplomater</instance>
         <wf lemma="." pos="X">.</wf>
         <wf lemma="De" pos="X">De</wf>
         <wf lemma="har" pos="X">har</wf>
         <wf lemma="misbrugt" pos="X">misbrugt</wf>
         <wf lemma="deres" pos="X">deres</wf>
         <wf lemma="diplomatiske" pos="X">diplomatiske</wf>
         <wf lemma="status" pos="X">status</wf>
         <wf lemma="." pos="X">.</wf>
         <wf lemma="." pos="X">.</wf>
         <wf lemma="Det" pos="X">Det</wf>
         <wf lemma="vil" pos="X">vil</wf>
         <wf lemma="sige" pos="X">sige</wf>
         <wf lemma="drevet" pos="X">drevet</wf>
         <wf lemma="spionage" pos="X">spionage</wf>
         <wf lemma="." pos="X">.</wf>
      </sentence>
      <sentence id="d000.s2676" source="wordnet-danish">
         <wf lemma="Ejendommen" pos="X">Ejendommen</wf>
         <wf lemma="kaldes" pos="X">kaldes</wf>
         <wf lemma="stadig" pos="X">stadig</wf>
         <wf lemma="Bernina" pos="X">Bernina</wf>
         <wf lemma="," pos="X">,</wf>
         <wf lemma="navnet" pos="X">navnet</wf>
         <wf lemma="står" pos="X">står</wf>
         <wf lemma="i" pos="X">i</wf>
         <instance id="d000.s2676.t000" lemma="mosaik" pos="NOUN">mosaik</instance>
         <wf lemma="i" pos="X">i</wf>
         <wf lemma="gulvet" pos="X">gulvet</wf>
         <wf lemma="ved" pos="X">ved</wf>
         <wf lemma="indgangen" pos="X">indgangen</wf>
         <wf lemma="." pos="X">.</wf>
      </sentence>
      <sentence id="d000.s2677" source="wordnet-danish">
         <wf lemma="det" pos="X">det</wf>
         <wf lemma="er" pos="X">er</wf>
         <wf lemma="muligt" pos="X">muligt</wf>
         <wf lemma="for" pos="X">for</wf>
         <instance id="d000.s2677.t000" lemma="døv" pos="ADJ">døve</instance>
         <wf lemma="børn" pos="X">børn</wf>
         <wf lemma="at" pos="X">at</wf>
         <wf lemma="få" pos="X">få</wf>
         <wf lemma="en" pos="X">en</wf>
         <wf lemma="sprogudvikling" pos="X">sprogudvikling</wf>
         <wf lemma="på" pos="X">på</wf>
         <wf lemma="lige" pos="X">lige</wf>
         <wf lemma="fod" pos="X">fod</wf>
         <wf lemma="med" pos="X">med</wf>
         <wf lemma="hørende" pos="X">hørende</wf>
         <wf lemma="børn" pos="X">børn</wf>
         <wf lemma="." pos="X">.</wf>
      </sentence>
      <sentence id="d000.s2678" source="wordnet-danish">
         <wf lemma="Masser" pos="X">Masser</wf>
         <wf lemma="af" pos="X">af</wf>
         <wf lemma="pakker" pos="X">pakker</wf>
         <wf lemma="i" pos="X">i</wf>
         <wf lemma="strålende" pos="X">strålende</wf>
         <wf lemma="julepapir" pos="X">julepapir</wf>
         <wf lemma="og" pos="X">og</wf>
         <wf lemma="med" pos="X">med</wf>
         <wf lemma="fine" pos="X">fine</wf>
         <instance id="d000.s2678.t000" lemma="sløjfe" pos="NOUN">sløjfer</instance>
         <wf lemma="i" pos="X">i</wf>
         <wf lemma="rødt" pos="X">rødt</wf>
         <wf lemma="og" pos="X">og</wf>
         <wf lemma="guld" pos="X">guld</wf>
         <wf lemma="." pos="X">.</wf>
      </sentence>
      <sentence id="d000.s2679" source="wordnet-danish">
         <wf lemma="Fuglene" pos="X">Fuglene</wf>
         <wf lemma="flyver" pos="X">flyver</wf>
         <wf lemma="i" pos="X">i</wf>
         <instance id="d000.s2679.t000" lemma="flok" pos="NOUN">flok</instance>
         <wf lemma="/" pos="X">/</wf>
         <wf lemma="når" pos="X">når</wf>
         <wf lemma="de" pos="X">de</wf>
         <wf lemma="er" pos="X">er</wf>
         <wf lemma="mange" pos="X">mange</wf>
         <wf lemma="nok" pos="X">nok</wf>
         <wf lemma="." pos="X">.</wf>
      </sentence>
      <sentence id="d000.s2680" source="wordnet-danish">
         <wf lemma="Hun" pos="X">Hun</wf>
         <wf lemma="kobler" pos="X">kobler</wf>
         <wf lemma="sin" pos="X">sin</wf>
         <wf lemma="bærbare" pos="X">bærbare</wf>
         <wf lemma="til" pos="X">til</wf>
         <wf lemma="togets" pos="X">togets</wf>
         <wf lemma="strømforsyning" pos="X">strømforsyning</wf>
         <wf lemma="og" pos="X">og</wf>
         <wf lemma="fører" pos="X">fører</wf>
         <wf lemma="samtaler" pos="X">samtaler</wf>
         <wf lemma="over" pos="X">over</wf>
         <instance id="d000.s2680.t000" lemma="mobil" pos="NOUN">mobilen</instance>
         <wf lemma="på" pos="X">på</wf>
         <wf lemma="indtil" pos="X">indtil</wf>
         <wf lemma="flere" pos="X">flere</wf>
         <wf lemma="sprog" pos="X">sprog</wf>
         <wf lemma="." pos="X">.</wf>
      </sentence>
      <sentence id="d000.s2681" source="wordnet-danish">
         <wf lemma="Vagner" pos="X">Vagner</wf>
         <wf lemma="malker" pos="X">malker</wf>
         <wf lemma="køerne" pos="X">køerne</wf>
         <wf lemma="og" pos="X">og</wf>
         <wf lemma="fodrer" pos="X">fodrer</wf>
         <instance id="d000.s2681.t000" lemma="gris" pos="NOUN">grisene</instance>
         <wf lemma="." pos="X">.</wf>
      </sentence>
      <sentence id="d000.s2682" source="wordnet-danish">
         <wf lemma="Sælen" pos="X">Sælen</wf>
         <wf lemma="er" pos="X">er</wf>
         <wf lemma="under" pos="X">under</wf>
         <wf lemma="navnet" pos="X">navnet</wf>
         <wf lemma="Uthaug" pos="X">Uthaug</wf>
         <wf lemma="bygget" pos="X">bygget</wf>
         <wf lemma="i" pos="X">i</wf>
         <wf lemma="1962-1966" pos="X">1962-1966</wf>
         <wf lemma=".." pos="X">..</wf>
         <wf lemma="i" pos="X">i</wf>
         <wf lemma="Tyskland" pos="X">Tyskland</wf>
         <wf lemma="som" pos="X">som</wf>
         <wf lemma="en" pos="X">en</wf>
         <wf lemma="af" pos="X">af</wf>
         <wf lemma="15" pos="X">15</wf>
         <wf lemma="u-både" pos="X">u-både</wf>
         <wf lemma="til" pos="X">til</wf>
         <wf lemma="det" pos="X">det</wf>
         <wf lemma="norske" pos="X">norske</wf>
         <instance id="d000.s2682.t000" lemma="søværn" pos="NOUN">søværn</instance>
         <wf lemma="." pos="X">.</wf>
      </sentence>
      <sentence id="d000.s2683" source="wordnet-danish">
         <wf lemma="Joel" pos="X">Joel</wf>
         <wf lemma="og" pos="X">og</wf>
         <wf lemma="Rita" pos="X">Rita</wf>
         <wf lemma="planlægger" pos="X">planlægger</wf>
         <wf lemma="at" pos="X">at</wf>
         <instance id="d000.s2683.t000" lemma="forgifte" pos="VERB">forgifte</instance>
         <wf lemma="Blake" pos="X">Blake</wf>
         <wf lemma="og" pos="X">og</wf>
         <wf lemma="flygte" pos="X">flygte</wf>
         <wf lemma="til" pos="X">til</wf>
         <wf lemma="Sydamerika" pos="X">Sydamerika</wf>
         <wf lemma="med" pos="X">med</wf>
         <wf lemma="Krystle" pos="X">Krystle</wf>
         <wf lemma="." pos="X">.</wf>
      </sentence>
      <sentence id="d000.s2684" source="wordnet-danish">
         <instance id="d000.s2684.t000" lemma="konstruktion" pos="NOUN">konstruktioner</instance>
         <wf lemma="som" pos="X">som</wf>
         <wf lemma="NATO" pos="X">NATO</wf>
         <wf lemma="og" pos="X">og</wf>
         <wf lemma="EF" pos="X">EF</wf>
         <wf lemma="[har" pos="X">[har</wf>
         <wf lemma="ikke]" pos="X">ikke]</wf>
         <wf lemma="noget" pos="X">noget</wf>
         <wf lemma="som" pos="X">som</wf>
         <wf lemma="helst" pos="X">helst</wf>
         <wf lemma="at" pos="X">at</wf>
         <wf lemma="gøre" pos="X">gøre</wf>
         <wf lemma="med" pos="X">med</wf>
         <wf lemma="et" pos="X">et</wf>
         <wf lemma="forenet" pos="X">forenet</wf>
         <wf lemma="Europa" pos="X">Europa</wf>
         <wf lemma="." pos="X">.</wf>
      </sentence>
      <sentence id="d000.s2685" source="wordnet-danish">
         <wf lemma="Alle" pos="X">Alle</wf>
         <wf lemma="Jordens" pos="X">Jordens</wf>
         <wf lemma="lande" pos="X">lande</wf>
         <wf lemma="må" pos="X">må</wf>
         <wf lemma="omkring" pos="X">omkring</wf>
         <wf lemma="år" pos="X">år</wf>
         <wf lemma="2030" pos="X">2030</wf>
         <wf lemma="højst" pos="X">højst</wf>
         <wf lemma="have" pos="X">have</wf>
         <wf lemma="et" pos="X">et</wf>
         <wf lemma="energiforbrug" pos="X">energiforbrug</wf>
         <wf lemma="," pos="X">,</wf>
         <wf lemma="der" pos="X">der</wf>
         <wf lemma="pr." pos="X">pr.</wf>
         <instance id="d000.s2685.t000" lemma="hoved" pos="NOUN">hoved</instance>
         <wf lemma="svarer" pos="X">svarer</wf>
         <wf lemma="til" pos="X">til</wf>
         <wf lemma="halvdelen" pos="X">halvdelen</wf>
         <wf lemma="af" pos="X">af</wf>
         <wf lemma="hvad" pos="X">hvad</wf>
         <wf lemma="en" pos="X">en</wf>
         <wf lemma="dansker" pos="X">dansker</wf>
         <wf lemma="bruger" pos="X">bruger</wf>
         <wf lemma="i" pos="X">i</wf>
         <wf lemma="dag" pos="X">dag</wf>
         <wf lemma="." pos="X">.</wf>
      </sentence>
      <sentence id="d000.s2686" source="wordnet-danish">
         <wf lemma="Hverken" pos="X">Hverken</wf>
         <wf lemma="krampe" pos="X">krampe</wf>
         <wf lemma="eller" pos="X">eller</wf>
         <wf lemma="stjerthage" pos="X">stjerthage</wf>
         <wf lemma="yder" pos="X">yder</wf>
         <wf lemma="særlig" pos="X">særlig</wf>
         <wf lemma="stor" pos="X">stor</wf>
         <wf lemma="modstand" pos="X">modstand</wf>
         <wf lemma="hvis" pos="X">hvis</wf>
         <wf lemma="vinduet" pos="X">vinduet</wf>
         <instance id="d000.s2686.t000" lemma="tvinge" pos="VERB">tvinges</instance>
         <wf lemma="op" pos="X">op</wf>
         <wf lemma="." pos="X">.</wf>
      </sentence>
      <sentence id="d000.s2687" source="wordnet-danish">
         <wf lemma="Det" pos="X">Det</wf>
         <wf lemma="højre" pos="X">højre</wf>
         <instance id="d000.s2687.t000" lemma="øje" pos="NOUN">øje</instance>
         <wf lemma="var" pos="X">var</wf>
         <wf lemma="smalt" pos="X">smalt</wf>
         <wf lemma="og" pos="X">og</wf>
         <wf lemma="havde" pos="X">havde</wf>
         <wf lemma="et" pos="X">et</wf>
         <wf lemma="skarpt" pos="X">skarpt</wf>
         <wf lemma="blik" pos="X">blik</wf>
         <wf lemma="." pos="X">.</wf>
      </sentence>
      <sentence id="d000.s2688" source="wordnet-danish">
         <wf lemma="Det" pos="X">Det</wf>
         <wf lemma="er" pos="X">er</wf>
         <wf lemma="især" pos="X">især</wf>
         <instance id="d000.s2688.t000" lemma="grøn" pos="NOUN">grøn</instance>
         <wf lemma="," pos="X">,</wf>
         <wf lemma="håbets" pos="X">håbets</wf>
         <wf lemma="farve" pos="X">farve</wf>
         <wf lemma="," pos="X">,</wf>
         <wf lemma="der" pos="X">der</wf>
         <wf lemma="vil" pos="X">vil</wf>
         <wf lemma="præge" pos="X">præge</wf>
         <wf lemma="aftenen" pos="X">aftenen</wf>
         <wf lemma="i" pos="X">i</wf>
         <wf lemma="det" pos="X">det</wf>
         <wf lemma="festlige" pos="X">festlige</wf>
         <wf lemma="lag" pos="X">lag</wf>
         <wf lemma="." pos="X">.</wf>
      </sentence>
      <sentence id="d000.s2689" source="wordnet-danish">
         <wf lemma="Sagen" pos="X">Sagen</wf>
         <wf lemma="skulle" pos="X">skulle</wf>
         <wf lemma="have" pos="X">have</wf>
         <wf lemma="været" pos="X">været</wf>
         <wf lemma="for" pos="X">for</wf>
         <wf lemma="retten" pos="X">retten</wf>
         <wf lemma="8." pos="X">8.</wf>
         <wf lemma="august" pos="X">august</wf>
         <wf lemma="," pos="X">,</wf>
         <wf lemma="men" pos="X">men</wf>
         <wf lemma="blev" pos="X">blev</wf>
         <instance id="d000.s2689.t000" lemma="udsætte" pos="VERB">udsat</instance>
         <wf lemma="og" pos="X">og</wf>
         <wf lemma="er" pos="X">er</wf>
         <wf lemma="nu" pos="X">nu</wf>
         <wf lemma="berammet" pos="X">berammet</wf>
         <wf lemma="til" pos="X">til</wf>
         <wf lemma="23." pos="X">23.</wf>
         <wf lemma="september" pos="X">september</wf>
         <wf lemma="." pos="X">.</wf>
      </sentence>
      <sentence id="d000.s2690" source="wordnet-danish">
         <wf lemma="DBUs" pos="X">DBUs</wf>
         <wf lemma="hovedbestyrelse" pos="X">hovedbestyrelse</wf>
         <instance id="d000.s2690.t000" lemma="reducere" pos="VERB">reduceres</instance>
         <wf lemma="fra" pos="X">fra</wf>
         <wf lemma="16" pos="X">16</wf>
         <wf lemma="til" pos="X">til</wf>
         <wf lemma="13" pos="X">13</wf>
         <wf lemma="medlemmer" pos="X">medlemmer</wf>
         <wf lemma="." pos="X">.</wf>
      </sentence>
      <sentence id="d000.s2691" source="wordnet-danish">
         <wf lemma="Når" pos="X">Når</wf>
         <wf lemma="[guld]malmen" pos="X">[guld]malmen</wf>
         <wf lemma="er" pos="X">er</wf>
         <wf lemma="kommet" pos="X">kommet</wf>
         <wf lemma="op" pos="X">op</wf>
         <wf lemma="fra" pos="X">fra</wf>
         <instance id="d000.s2691.t000" lemma="mine" pos="NOUN">minen</instance>
         <wf lemma="," pos="X">,</wf>
         <wf lemma="transporteres" pos="X">transporteres</wf>
         <wf lemma="den" pos="X">den</wf>
         <wf lemma="til" pos="X">til</wf>
         <wf lemma="en" pos="X">en</wf>
         <wf lemma="bygning" pos="X">bygning</wf>
         <wf lemma="," pos="X">,</wf>
         <wf lemma="hvor" pos="X">hvor</wf>
         <wf lemma="den" pos="X">den</wf>
         <wf lemma="knuses" pos="X">knuses</wf>
         <wf lemma="til" pos="X">til</wf>
         <wf lemma="pulver" pos="X">pulver</wf>
         <wf lemma="." pos="X">.</wf>
      </sentence>
      <sentence id="d000.s2692" source="wordnet-danish">
         <wf lemma="Jeg" pos="X">Jeg</wf>
         <instance id="d000.s2692.t000" lemma="bebrejde" pos="VERB">bebrejder</instance>
         <wf lemma="dig" pos="X">dig</wf>
         <wf lemma="ikke" pos="X">ikke</wf>
         <wf lemma="," pos="X">,</wf>
         <wf lemma="at" pos="X">at</wf>
         <wf lemma="du" pos="X">du</wf>
         <wf lemma="fyrede" pos="X">fyrede</wf>
         <wf lemma="Joseph" pos="X">Joseph</wf>
         <wf lemma="." pos="X">.</wf>
         <wf lemma="Du" pos="X">Du</wf>
         <wf lemma="vidste" pos="X">vidste</wf>
         <wf lemma="ikke" pos="X">ikke</wf>
         <wf lemma="bedre" pos="X">bedre</wf>
         <wf lemma="." pos="X">.</wf>
      </sentence>
      <sentence id="d000.s2693" source="wordnet-danish">
         <wf lemma="Jeg" pos="X">Jeg</wf>
         <instance id="d000.s2693.t000" lemma="udvælge" pos="VERB">udvalgte</instance>
         <wf lemma="omhyggeligt" pos="X">omhyggeligt</wf>
         <wf lemma="et" pos="X">et</wf>
         <wf lemma="salathoved" pos="X">salathoved</wf>
         <wf lemma="(" pos="X">(</wf>
         <wf lemma="ikke" pos="X">ikke</wf>
         <wf lemma="slasket" pos="X">slasket</wf>
         <wf lemma="og" pos="X">og</wf>
         <wf lemma="brunt" pos="X">brunt</wf>
         <wf lemma="i" pos="X">i</wf>
         <wf lemma="bladene" pos="X">bladene</wf>
         <wf lemma="," pos="X">,</wf>
         <wf lemma="stokken" pos="X">stokken</wf>
         <wf lemma="frisk" pos="X">frisk</wf>
         <wf lemma="og" pos="X">og</wf>
         <wf lemma="hvid" pos="X">hvid</wf>
         <wf lemma=")" pos="X">)</wf>
         <wf lemma="." pos="X">.</wf>
      </sentence>
      <sentence id="d000.s2694" source="wordnet-danish">
         <wf lemma="Efter" pos="X">Efter</wf>
         <wf lemma="blomstring" pos="X">blomstring</wf>
         <wf lemma="sætter" pos="X">sætter</wf>
         <wf lemma=".." pos="X">..</wf>
         <instance id="d000.s2694.t000" lemma="træ" pos="NOUN">træet</instance>
         <wf lemma="små" pos="X">små</wf>
         <wf lemma="," pos="X">,</wf>
         <wf lemma="smukke" pos="X">smukke</wf>
         <wf lemma="frugter" pos="X">frugter</wf>
         <wf lemma="." pos="X">.</wf>
      </sentence>
      <sentence id="d000.s2695" source="wordnet-danish">
         <wf lemma="Lastbiler" pos="X">Lastbiler</wf>
         <wf lemma="med" pos="X">med</wf>
         <wf lemma="bevæbnede" pos="X">bevæbnede</wf>
         <wf lemma="matroser" pos="X">matroser</wf>
         <wf lemma="og" pos="X">og</wf>
         <wf lemma="arbejdere" pos="X">arbejdere</wf>
         <wf lemma="med" pos="X">med</wf>
         <instance id="d000.s2695.t000" lemma="svinge" pos="VERB">svingende</instance>
         <wf lemma="røde" pos="X">røde</wf>
         <wf lemma="faner" pos="X">faner</wf>
         <wf lemma="fyldte" pos="X">fyldte</wf>
         <wf lemma="gaderne" pos="X">gaderne</wf>
         <wf lemma="i" pos="X">i</wf>
         <wf lemma="de" pos="X">de</wf>
         <wf lemma="tyske" pos="X">tyske</wf>
         <wf lemma="storbyer" pos="X">storbyer</wf>
         <wf lemma="." pos="X">.</wf>
      </sentence>
      <sentence id="d000.s2696" source="wordnet-danish">
         <wf lemma="Jeg" pos="X">Jeg</wf>
         <wf lemma="taler" pos="X">taler</wf>
         <wf lemma="og" pos="X">og</wf>
         <wf lemma="taler" pos="X">taler</wf>
         <wf lemma="," pos="X">,</wf>
         <wf lemma="om" pos="X">om</wf>
         <wf lemma="alt" pos="X">alt</wf>
         <wf lemma="og" pos="X">og</wf>
         <wf lemma="ingenting" pos="X">ingenting</wf>
         <wf lemma="." pos="X">.</wf>
         <wf lemma="Socialrådgiveren" pos="X">Socialrådgiveren</wf>
         <instance id="d000.s2696.t000" lemma="lytte" pos="VERB">lytter</instance>
         <wf lemma="og" pos="X">og</wf>
         <wf lemma="nikker" pos="X">nikker</wf>
         <wf lemma="venligt" pos="X">venligt</wf>
         <wf lemma="." pos="X">.</wf>
      </sentence>
      <sentence id="d000.s2697" source="wordnet-danish">
         <wf lemma="[i" pos="X">[i</wf>
         <wf lemma="tolvfingertarmen" pos="X">tolvfingertarmen</wf>
         <wf lemma="]" pos="X">]</wf>
         <wf lemma="bliver" pos="X">bliver</wf>
         <wf lemma="maden" pos="X">maden</wf>
         <wf lemma="tilført" pos="X">tilført</wf>
         <instance id="d000.s2697.t000" lemma="sekret" pos="NOUN">sekreter</instance>
         <wf lemma="fra" pos="X">fra</wf>
         <wf lemma="bugspytkirtlen" pos="X">bugspytkirtlen</wf>
         <wf lemma="og" pos="X">og</wf>
         <wf lemma="galdeblæren" pos="X">galdeblæren</wf>
         <wf lemma="." pos="X">.</wf>
      </sentence>
      <sentence id="d000.s2698" source="wordnet-danish">
         <wf lemma="Romanen" pos="X">Romanen</wf>
         <wf lemma="udspiller" pos="X">udspiller</wf>
         <wf lemma="sig" pos="X">sig</wf>
         <wf lemma="i" pos="X">i</wf>
         <wf lemma="en" pos="X">en</wf>
         <wf lemma="overgangstid" pos="X">overgangstid</wf>
         <wf lemma="," pos="X">,</wf>
         <wf lemma="hvor" pos="X">hvor</wf>
         <wf lemma="troen" pos="X">troen</wf>
         <wf lemma="på" pos="X">på</wf>
         <wf lemma="djævlebesættelse" pos="X">djævlebesættelse</wf>
         <wf lemma="og" pos="X">og</wf>
         <instance id="d000.s2698.t000" lemma="mirakel" pos="NOUN">mirakler</instance>
         <wf lemma="endnu" pos="X">endnu</wf>
         <wf lemma="er" pos="X">er</wf>
         <wf lemma="levende" pos="X">levende</wf>
         <wf lemma="." pos="X">.</wf>
      </sentence>
      <sentence id="d000.s2699" source="wordnet-danish">
         <wf lemma="Dronningen" pos="X">Dronningen</wf>
         <wf lemma="og" pos="X">og</wf>
         <wf lemma="prins" pos="X">prins</wf>
         <wf lemma="Henrik" pos="X">Henrik</wf>
         <wf lemma="sad" pos="X">sad</wf>
         <wf lemma="i" pos="X">i</wf>
         <instance id="d000.s2699.t000" lemma="ly" pos="NOUN">ly</instance>
         <wf lemma="for" pos="X">for</wf>
         <wf lemma="solen" pos="X">solen</wf>
         <wf lemma="i" pos="X">i</wf>
         <wf lemma="en" pos="X">en</wf>
         <wf lemma="særlig" pos="X">særlig</wf>
         <wf lemma="indrettet" pos="X">indrettet</wf>
         <wf lemma="loge" pos="X">loge</wf>
         <wf lemma="med" pos="X">med</wf>
         <wf lemma="oversejl" pos="X">oversejl</wf>
         <wf lemma="." pos="X">.</wf>
      </sentence>
      <sentence id="d000.s2700" source="wordnet-danish">
         <wf lemma="Vi" pos="X">Vi</wf>
         <wf lemma="har" pos="X">har</wf>
         <wf lemma="taget" pos="X">taget</wf>
         <wf lemma="et" pos="X">et</wf>
         <wf lemma="skridt" pos="X">skridt</wf>
         <wf lemma="," pos="X">,</wf>
         <wf lemma="og" pos="X">og</wf>
         <wf lemma="nu" pos="X">nu</wf>
         <wf lemma="er" pos="X">er</wf>
         <wf lemma="det" pos="X">det</wf>
         <wf lemma="modpartens" pos="X">modpartens</wf>
         <wf lemma="tur" pos="X">tur</wf>
         <wf lemma="til" pos="X">til</wf>
         <wf lemma="at" pos="X">at</wf>
         <instance id="d000.s2700.t000" lemma="vise" pos="VERB">vise</instance>
         <wf lemma="sin" pos="X">sin</wf>
         <wf lemma="gode" pos="X">gode</wf>
         <wf lemma="vilje" pos="X">vilje</wf>
         <wf lemma="." pos="X">.</wf>
      </sentence>
      <sentence id="d000.s2701" source="wordnet-danish">
         <instance id="d000.s2701.t000" lemma="risiko" pos="NOUN">Risikoen</instance>
         <wf lemma="for" pos="X">for</wf>
         <wf lemma="at" pos="X">at</wf>
         <wf lemma="blive" pos="X">blive</wf>
         <wf lemma="dræbt" pos="X">dræbt</wf>
         <wf lemma="i" pos="X">i</wf>
         <wf lemma="tordenvejr" pos="X">tordenvejr</wf>
         <wf lemma="er" pos="X">er</wf>
         <wf lemma="meget" pos="X">meget</wf>
         <wf lemma="lille" pos="X">lille</wf>
         <wf lemma="." pos="X">.</wf>
      </sentence>
      <sentence id="d000.s2702" source="wordnet-danish">
         <wf lemma="Quiche" pos="X">Quiche</wf>
         <wf lemma="Lorraine" pos="X">Lorraine</wf>
         <wf lemma="er" pos="X">er</wf>
         <wf lemma="en" pos="X">en</wf>
         <wf lemma="af" pos="X">af</wf>
         <wf lemma="de" pos="X">de</wf>
         <wf lemma="gode" pos="X">gode</wf>
         <wf lemma="franske" pos="X">franske</wf>
         <wf lemma="klassikere" pos="X">klassikere</wf>
         <wf lemma="" pos="X"></wf>
         <wf lemma="en" pos="X">en</wf>
         <wf lemma="dejlig" pos="X">dejlig</wf>
         <wf lemma="tærte" pos="X">tærte</wf>
         <wf lemma="med" pos="X">med</wf>
         <instance id="d000.s2702.t000" lemma="æg" pos="NOUN">æg</instance>
         <wf lemma="og" pos="X">og</wf>
         <wf lemma="bacon" pos="X">bacon</wf>
         <wf lemma="." pos="X">.</wf>
      </sentence>
      <sentence id="d000.s2703" source="wordnet-danish">
         <wf lemma="den" pos="X">den</wf>
         <wf lemma="islamiske" pos="X">islamiske</wf>
         <wf lemma="fundamentalismes" pos="X">fundamentalismes</wf>
         <wf lemma="stærke" pos="X">stærke</wf>
         <wf lemma="grønne" pos="X">grønne</wf>
         <wf lemma="spirer" pos="X">spirer</wf>
         <wf lemma="skyder" pos="X">skyder</wf>
         <wf lemma="op" pos="X">op</wf>
         <wf lemma="i" pos="X">i</wf>
         <wf lemma="den" pos="X">den</wf>
         <wf lemma="frugtbare" pos="X">frugtbare</wf>
         <wf lemma="jord" pos="X">jord</wf>
         <wf lemma="overalt" pos="X">overalt</wf>
         <wf lemma="i" pos="X">i</wf>
         <wf lemma="den" pos="X">den</wf>
         <wf lemma="arabiske" pos="X">arabiske</wf>
         <instance id="d000.s2703.t000" lemma="verden" pos="NOUN">verden</instance>
         <wf lemma="." pos="X">.</wf>
      </sentence>
      <sentence id="d000.s2704" source="wordnet-danish">
         <wf lemma="dine" pos="X">dine</wf>
         <wf lemma="gulve" pos="X">gulve</wf>
         <wf lemma="har" pos="X">har</wf>
         <instance id="d000.s2704.t000" lemma="behov" pos="NOUN">behov</instance>
         <wf lemma="for" pos="X">for</wf>
         <wf lemma="pleje" pos="X">pleje</wf>
         <wf lemma="udover" pos="X">udover</wf>
         <wf lemma="den" pos="X">den</wf>
         <wf lemma="normale" pos="X">normale</wf>
         <wf lemma="rengøring" pos="X">rengøring</wf>
         <wf lemma="." pos="X">.</wf>
      </sentence>
      <sentence id="d000.s2705" source="wordnet-danish">
         <wf lemma="Han" pos="X">Han</wf>
         <wf lemma="hævder" pos="X">hævder</wf>
         <wf lemma="selv" pos="X">selv</wf>
         <wf lemma="," pos="X">,</wf>
         <wf lemma="at" pos="X">at</wf>
         <wf lemma="hans" pos="X">hans</wf>
         <wf lemma="charme" pos="X">charme</wf>
         <wf lemma="skyldes" pos="X">skyldes</wf>
         <wf lemma="en" pos="X">en</wf>
         <instance id="d000.s2705.t000" lemma="skønhedsplet" pos="NOUN">skønhedsplet</instance>
         <wf lemma="på" pos="X">på</wf>
         <wf lemma="venstre" pos="X">venstre</wf>
         <wf lemma="kind" pos="X">kind</wf>
         <wf lemma="." pos="X">.</wf>
      </sentence>
      <sentence id="d000.s2706" source="wordnet-danish">
         <wf lemma="Telefonen" pos="X">Telefonen</wf>
         <wf lemma="har" pos="X">har</wf>
         <wf lemma="jeg" pos="X">jeg</wf>
         <wf lemma="monteret" pos="X">monteret</wf>
         <wf lemma="på" pos="X">på</wf>
         <wf lemma="en" pos="X">en</wf>
         <wf lemma="lille" pos="X">lille</wf>
         <wf lemma="stander" pos="X">stander</wf>
         <wf lemma="med" pos="X">med</wf>
         <instance id="d000.s2706.t000" lemma="fod" pos="NOUN">fod</instance>
         <wf lemma="," pos="X">,</wf>
         <wf lemma="som" pos="X">som</wf>
         <wf lemma="jeg" pos="X">jeg</wf>
         <wf lemma="har" pos="X">har</wf>
         <wf lemma="lavet" pos="X">lavet</wf>
         <wf lemma="af" pos="X">af</wf>
         <wf lemma="teaktræ" pos="X">teaktræ</wf>
         <wf lemma="." pos="X">.</wf>
      </sentence>
      <sentence id="d000.s2707" source="wordnet-danish">
         <wf lemma="En" pos="X">En</wf>
         <wf lemma="total" pos="X">total</wf>
         <wf lemma="solformørkelse" pos="X">solformørkelse</wf>
         <wf lemma="er" pos="X">er</wf>
         <wf lemma="en" pos="X">en</wf>
         <instance id="d000.s2707.t000" lemma="fantastisk" pos="ADJ">fantastisk</instance>
         <wf lemma="oplevelse" pos="X">oplevelse</wf>
         <wf lemma="." pos="X">.</wf>
      </sentence>
      <sentence id="d000.s2708" source="wordnet-danish">
         <wf lemma="På" pos="X">På</wf>
         <wf lemma="den" pos="X">den</wf>
         <wf lemma="nærmeste" pos="X">nærmeste</wf>
         <wf lemma="klippeblok" pos="X">klippeblok</wf>
         <wf lemma="knejsede" pos="X">knejsede</wf>
         <wf lemma="en" pos="X">en</wf>
         <wf lemma="stenbuk" pos="X">stenbuk</wf>
         <wf lemma="med" pos="X">med</wf>
         <wf lemma="store" pos="X">store</wf>
         <wf lemma="bagudsvungne" pos="X">bagudsvungne</wf>
         <instance id="d000.s2708.t000" lemma="horn" pos="NOUN">horn</instance>
         <wf lemma="." pos="X">.</wf>
      </sentence>
      <sentence id="d000.s2709" source="wordnet-danish">
         <wf lemma="William" pos="X">William</wf>
         <wf lemma="kunne" pos="X">kunne</wf>
         <wf lemma="vågne" pos="X">vågne</wf>
         <wf lemma="midt" pos="X">midt</wf>
         <wf lemma="om" pos="X">om</wf>
         <wf lemma="natten" pos="X">natten</wf>
         <wf lemma="og" pos="X">og</wf>
         <wf lemma="glødende" pos="X">glødende</wf>
         <wf lemma="begynde" pos="X">begynde</wf>
         <wf lemma="at" pos="X">at</wf>
         <instance id="d000.s2709.t000" lemma="citere" pos="VERB">citere</instance>
         <wf lemma="de" pos="X">de</wf>
         <wf lemma="smukkeste" pos="X">smukkeste</wf>
         <wf lemma="af" pos="X">af</wf>
         <wf lemma="passagerne" pos="X">passagerne</wf>
         <wf lemma="fra" pos="X">fra</wf>
         <wf lemma="digtet" pos="X">digtet</wf>
         <wf lemma="." pos="X">.</wf>
      </sentence>
      <sentence id="d000.s2710" source="wordnet-danish">
         <wf lemma="Sig" pos="X">Sig</wf>
         <wf lemma="til" pos="X">til</wf>
         <wf lemma="," pos="X">,</wf>
         <wf lemma="hvis" pos="X">hvis</wf>
         <wf lemma="du" pos="X">du</wf>
         <wf lemma="ikke" pos="X">ikke</wf>
         <wf lemma="er" pos="X">er</wf>
         <wf lemma="feberfri" pos="X">feberfri</wf>
         <wf lemma="om" pos="X">om</wf>
         <wf lemma="fem" pos="X">fem</wf>
         <wf lemma="dage" pos="X">dage</wf>
         <wf lemma="." pos="X">.</wf>
         <wf lemma="Længere" pos="X">Længere</wf>
         <wf lemma="varer" pos="X">varer</wf>
         <wf lemma="en" pos="X">en</wf>
         <wf lemma="ukompliceret" pos="X">ukompliceret</wf>
         <instance id="d000.s2710.t000" lemma="influenza" pos="NOUN">influenza</instance>
         <wf lemma="ikke" pos="X">ikke</wf>
         <wf lemma="." pos="X">.</wf>
      </sentence>
      <sentence id="d000.s2711" source="wordnet-danish">
         <wf lemma="Jeg" pos="X">Jeg</wf>
         <wf lemma="har" pos="X">har</wf>
         <instance id="d000.s2711.t000" lemma="vie" pos="VERB">viet</instance>
         <wf lemma="mit" pos="X">mit</wf>
         <wf lemma="liv" pos="X">liv</wf>
         <wf lemma="til" pos="X">til</wf>
         <wf lemma="børn" pos="X">børn</wf>
         <wf lemma="," pos="X">,</wf>
         <wf lemma="der" pos="X">der</wf>
         <wf lemma="er" pos="X">er</wf>
         <wf lemma="syge" pos="X">syge</wf>
         <wf lemma="og" pos="X">og</wf>
         <wf lemma="har" pos="X">har</wf>
         <wf lemma="det" pos="X">det</wf>
         <wf lemma="svært" pos="X">svært</wf>
         <wf lemma="." pos="X">.</wf>
      </sentence>
      <sentence id="d000.s2712" source="wordnet-danish">
         <wf lemma="Hvad" pos="X">Hvad</wf>
         <wf lemma="jeg" pos="X">jeg</wf>
         <wf lemma="ikke" pos="X">ikke</wf>
         <wf lemma="forstår" pos="X">forstår</wf>
         <wf lemma="er" pos="X">er</wf>
         <wf lemma="," pos="X">,</wf>
         <wf lemma="at" pos="X">at</wf>
         <wf lemma="der" pos="X">der</wf>
         <wf lemma="ikke" pos="X">ikke</wf>
         <wf lemma="fulgte" pos="X">fulgte</wf>
         <wf lemma="en" pos="X">en</wf>
         <wf lemma="lønforhøjelse" pos="X">lønforhøjelse</wf>
         <wf lemma="med" pos="X">med</wf>
         <wf lemma="den" pos="X">den</wf>
         <instance id="d000.s2712.t000" lemma="forfremmelse" pos="NOUN">forfremmelse</instance>
         <wf lemma="!" pos="X">!</wf>
      </sentence>
      <sentence id="d000.s2713" source="wordnet-danish">
         <wf lemma="Salen" pos="X">Salen</wf>
         <wf lemma="var" pos="X">var</wf>
         <wf lemma="fyldt" pos="X">fyldt</wf>
         <wf lemma="til" pos="X">til</wf>
         <wf lemma="sidste" pos="X">sidste</wf>
         <instance id="d000.s2713.t000" lemma="plads" pos="NOUN">plads</instance>
         <wf lemma="," pos="X">,</wf>
         <wf lemma="og" pos="X">og</wf>
         <wf lemma="publikum" pos="X">publikum</wf>
         <wf lemma="klappede" pos="X">klappede</wf>
         <wf lemma="taknemmeligt" pos="X">taknemmeligt</wf>
         <wf lemma="." pos="X">.</wf>
      </sentence>
      <sentence id="d000.s2714" source="wordnet-danish">
         <wf lemma="Ser" pos="X">Ser</wf>
         <wf lemma="bogen" pos="X">bogen</wf>
         <wf lemma="ud" pos="X">ud</wf>
         <wf lemma="til" pos="X">til</wf>
         <wf lemma="at" pos="X">at</wf>
         <wf lemma="indeholde" pos="X">indeholde</wf>
         <wf lemma="nyhedsstof" pos="X">nyhedsstof</wf>
         <wf lemma=".." pos="X">..</wf>
         <wf lemma="kan" pos="X">kan</wf>
         <wf lemma="journalisten" pos="X">journalisten</wf>
         <wf lemma="beslutte" pos="X">beslutte</wf>
         <wf lemma="sig" pos="X">sig</wf>
         <wf lemma="for" pos="X">for</wf>
         <wf lemma="at" pos="X">at</wf>
         <wf lemma="lave" pos="X">lave</wf>
         <wf lemma="en" pos="X">en</wf>
         <instance id="d000.s2714.t000" lemma="historie" pos="NOUN">historie</instance>
         <wf lemma="på" pos="X">på</wf>
         <wf lemma="den" pos="X">den</wf>
         <wf lemma="eller" pos="X">eller</wf>
         <wf lemma="skrælle" pos="X">skrælle</wf>
         <wf lemma="den" pos="X">den</wf>
         <wf lemma="," pos="X">,</wf>
         <wf lemma="som" pos="X">som</wf>
         <wf lemma="det" pos="X">det</wf>
         <wf lemma="hedder" pos="X">hedder</wf>
         <wf lemma="i" pos="X">i</wf>
         <wf lemma="journalistsproget" pos="X">journalistsproget</wf>
         <wf lemma="." pos="X">.</wf>
      </sentence>
      <sentence id="d000.s2715" source="wordnet-danish">
         <wf lemma="Lad" pos="X">Lad</wf>
         <wf lemma="børnene" pos="X">børnene</wf>
         <wf lemma="bruge" pos="X">bruge</wf>
         <instance id="d000.s2715.t000" lemma="hjelm" pos="NOUN">hjelm</instance>
         <wf lemma="," pos="X">,</wf>
         <wf lemma="når" pos="X">når</wf>
         <wf lemma="de" pos="X">de</wf>
         <wf lemma="cykler" pos="X">cykler</wf>
         <wf lemma="eller" pos="X">eller</wf>
         <wf lemma="rider" pos="X">rider</wf>
         <wf lemma="." pos="X">.</wf>
      </sentence>
      <sentence id="d000.s2716" source="wordnet-danish">
         <wf lemma="En" pos="X">En</wf>
         <instance id="d000.s2716.t000" lemma="hund" pos="NOUN">hund</instance>
         <wf lemma="kommer" pos="X">kommer</wf>
         <wf lemma="løbende" pos="X">løbende</wf>
         <wf lemma="," pos="X">,</wf>
         <wf lemma="gøende" pos="X">gøende</wf>
         <wf lemma="," pos="X">,</wf>
         <wf lemma="springer" pos="X">springer</wf>
         <wf lemma="op" pos="X">op</wf>
         <wf lemma="ad" pos="X">ad</wf>
         <wf lemma="ham" pos="X">ham</wf>
         <wf lemma="og" pos="X">og</wf>
         <wf lemma="han" pos="X">han</wf>
         <wf lemma="forsøger" pos="X">forsøger</wf>
         <wf lemma="at" pos="X">at</wf>
         <wf lemma="skubbe" pos="X">skubbe</wf>
         <wf lemma="den" pos="X">den</wf>
         <wf lemma="væk" pos="X">væk</wf>
         <wf lemma="." pos="X">.</wf>
      </sentence>
      <sentence id="d000.s2717" source="wordnet-danish">
         <wf lemma="der" pos="X">der</wf>
         <wf lemma="[er]" pos="X">[er]</wf>
         <wf lemma="ikke" pos="X">ikke</wf>
         <wf lemma="et" pos="X">et</wf>
         <wf lemma="videnskabeligt" pos="X">videnskabeligt</wf>
         <wf lemma="grundlag" pos="X">grundlag</wf>
         <wf lemma="for" pos="X">for</wf>
         <wf lemma="den" pos="X">den</wf>
         <instance id="d000.s2717.t000" lemma="antagelse" pos="NOUN">antagelse</instance>
         <wf lemma="," pos="X">,</wf>
         <wf lemma="at" pos="X">at</wf>
         <wf lemma="gensplejsning" pos="X">gensplejsning</wf>
         <wf lemma="er" pos="X">er</wf>
         <wf lemma="mere" pos="X">mere</wf>
         <wf lemma="'farlig'" pos="X">'farlig'</wf>
         <wf lemma="end" pos="X">end</wf>
         <wf lemma="andre" pos="X">andre</wf>
         <wf lemma="former" pos="X">former</wf>
         <wf lemma="for" pos="X">for</wf>
         <wf lemma="genmanipulation" pos="X">genmanipulation</wf>
         <wf lemma="." pos="X">.</wf>
      </sentence>
      <sentence id="d000.s2718" source="wordnet-danish">
         <wf lemma="Det" pos="X">Det</wf>
         <wf lemma="vigtigste" pos="X">vigtigste</wf>
         <wf lemma="er" pos="X">er</wf>
         <wf lemma="," pos="X">,</wf>
         <wf lemma="at" pos="X">at</wf>
         <wf lemma="tøjet" pos="X">tøjet</wf>
         <wf lemma="passer" pos="X">passer</wf>
         <wf lemma="din" pos="X">din</wf>
         <wf lemma="figur" pos="X">figur</wf>
         <wf lemma="og" pos="X">og</wf>
         <wf lemma="din" pos="X">din</wf>
         <instance id="d000.s2718.t000" lemma="type" pos="NOUN">type</instance>
         <wf lemma="." pos="X">.</wf>
      </sentence>
      <sentence id="d000.s2719" source="wordnet-danish">
         <wf lemma="Nazitysklands" pos="X">Nazitysklands</wf>
         <wf lemma="forbrydelser" pos="X">forbrydelser</wf>
         <wf lemma="er" pos="X">er</wf>
         <wf lemma="utallige" pos="X">utallige</wf>
         <wf lemma="." pos="X">.</wf>
         <wf lemma="En" pos="X">En</wf>
         <wf lemma="gammel" pos="X">gammel</wf>
         <wf lemma="retfærdighedsfølelse" pos="X">retfærdighedsfølelse</wf>
         <wf lemma="kræver" pos="X">kræver</wf>
         <instance id="d000.s2719.t000" lemma="hævn" pos="NOUN">hævn</instance>
         <wf lemma="." pos="X">.</wf>
      </sentence>
      <sentence id="d000.s2720" source="wordnet-danish">
         <wf lemma="Stykket" pos="X">Stykket</wf>
         <wf lemma="handler" pos="X">handler</wf>
         <wf lemma="om" pos="X">om</wf>
         <wf lemma="en" pos="X">en</wf>
         <wf lemma="glemt" pos="X">glemt</wf>
         <wf lemma="kvindegruppe" pos="X">kvindegruppe</wf>
         <wf lemma="," pos="X">,</wf>
         <wf lemma="de" pos="X">de</wf>
         <wf lemma="frie" pos="X">frie</wf>
         <wf lemma="tiggerkvinder" pos="X">tiggerkvinder</wf>
         <wf lemma="," pos="X">,</wf>
         <wf lemma="der" pos="X">der</wf>
         <wf lemma="arbejdede" pos="X">arbejdede</wf>
         <wf lemma="," pos="X">,</wf>
         <wf lemma="sang" pos="X">sang</wf>
         <wf lemma="og" pos="X">og</wf>
         <instance id="d000.s2720.t000" lemma="betle" pos="VERB">betlede</instance>
         <wf lemma="sig" pos="X">sig</wf>
         <wf lemma="vej" pos="X">vej</wf>
         <wf lemma="gennem" pos="X">gennem</wf>
         <wf lemma="livet" pos="X">livet</wf>
         <wf lemma="i" pos="X">i</wf>
         <wf lemma="gamle" pos="X">gamle</wf>
         <wf lemma="dage" pos="X">dage</wf>
         <wf lemma="." pos="X">.</wf>
      </sentence>
      <sentence id="d000.s2721" source="wordnet-danish">
         <wf lemma="SAS" pos="X">SAS</wf>
         <wf lemma="og" pos="X">og</wf>
         <wf lemma="andre" pos="X">andre</wf>
         <instance id="d000.s2721.t000" lemma="flyselskab" pos="NOUN">flyselskaber</instance>
         <wf lemma="har" pos="X">har</wf>
         <wf lemma="i" pos="X">i</wf>
         <wf lemma="sommerperioden" pos="X">sommerperioden</wf>
         <wf lemma="tilbud" pos="X">tilbud</wf>
         <wf lemma="på" pos="X">på</wf>
         <wf lemma="billige" pos="X">billige</wf>
         <wf lemma="afgange" pos="X">afgange</wf>
         <wf lemma="til" pos="X">til</wf>
         <wf lemma="en" pos="X">en</wf>
         <wf lemma="række" pos="X">række</wf>
         <wf lemma="storbyer" pos="X">storbyer</wf>
         <wf lemma="i" pos="X">i</wf>
         <wf lemma="Europa" pos="X">Europa</wf>
         <wf lemma="." pos="X">.</wf>
      </sentence>
      <sentence id="d000.s2722" source="wordnet-danish">
         <wf lemma="Derrichs" pos="X">Derrichs</wf>
         <wf lemma="rygsmerter" pos="X">rygsmerter</wf>
         <wf lemma="er" pos="X">er</wf>
         <wf lemma="i" pos="X">i</wf>
         <wf lemma="dag" pos="X">dag</wf>
         <wf lemma="endnu" pos="X">endnu</wf>
         <wf lemma="værre" pos="X">værre</wf>
         <wf lemma="og" pos="X">og</wf>
         <wf lemma="forværres" pos="X">forværres</wf>
         <instance id="d000.s2722.t000" lemma="konstant" pos="ADJ">konstant</instance>
         <wf lemma="." pos="X">.</wf>
      </sentence>
      <sentence id="d000.s2723" source="wordnet-danish">
         <wf lemma="stjernemagnolien" pos="X">stjernemagnolien</wf>
         <wf lemma=".." pos="X">..</wf>
         <wf lemma="er" pos="X">er</wf>
         <wf lemma="en" pos="X">en</wf>
         <instance id="d000.s2723.t000" lemma="busk" pos="NOUN">busk</instance>
         <wf lemma="med" pos="X">med</wf>
         <wf lemma="bred" pos="X">bred</wf>
         <wf lemma="og" pos="X">og</wf>
         <wf lemma="tæt" pos="X">tæt</wf>
         <wf lemma="vækst" pos="X">vækst</wf>
         <wf lemma="." pos="X">.</wf>
      </sentence>
      <sentence id="d000.s2724" source="wordnet-danish">
         <wf lemma="'" pos="X">'</wf>
         <wf lemma="Dyrlægen" pos="X">Dyrlægen</wf>
         <wf lemma="og" pos="X">og</wf>
         <wf lemma="jeg" pos="X">jeg</wf>
         <wf lemma="drikker" pos="X">drikker</wf>
         <wf lemma="eftermiddagskaffe" pos="X">eftermiddagskaffe</wf>
         <wf lemma="på" pos="X">på</wf>
         <wf lemma="terrassen" pos="X">terrassen</wf>
         <wf lemma="," pos="X">,</wf>
         <wf lemma="Irene" pos="X">Irene</wf>
         <wf lemma="," pos="X">,</wf>
         <wf lemma="'" pos="X">'</wf>
         <instance id="d000.s2724.t000" lemma="råbe" pos="VERB">råbte</instance>
         <wf lemma="hun" pos="X">hun</wf>
         <wf lemma="op" pos="X">op</wf>
         <wf lemma="ad" pos="X">ad</wf>
         <wf lemma="trappen" pos="X">trappen</wf>
         <wf lemma="." pos="X">.</wf>
      </sentence>
      <sentence id="d000.s2725" source="wordnet-danish">
         <wf lemma="Mads'" pos="X">Mads'</wf>
         <wf lemma="eneste" pos="X">eneste</wf>
         <instance id="d000.s2725.t000" lemma="bidrag" pos="NOUN">bidrag</instance>
         <wf lemma="til" pos="X">til</wf>
         <wf lemma="frokostforberedelserne" pos="X">frokostforberedelserne</wf>
         <wf lemma="var" pos="X">var</wf>
         <wf lemma="at" pos="X">at</wf>
         <wf lemma="hente" pos="X">hente</wf>
         <wf lemma="en" pos="X">en</wf>
         <wf lemma="halv" pos="X">halv</wf>
         <wf lemma="flaske" pos="X">flaske</wf>
         <wf lemma="snaps" pos="X">snaps</wf>
         <wf lemma="op" pos="X">op</wf>
         <wf lemma="af" pos="X">af</wf>
         <wf lemma="fryseren" pos="X">fryseren</wf>
         <wf lemma="." pos="X">.</wf>
      </sentence>
      <sentence id="d000.s2726" source="wordnet-danish">
         <wf lemma="Det" pos="X">Det</wf>
         <wf lemma="var" pos="X">var</wf>
         <wf lemma="hendes" pos="X">hendes</wf>
         <wf lemma="far" pos="X">far</wf>
         <wf lemma="der" pos="X">der</wf>
         <wf lemma="bestemte" pos="X">bestemte</wf>
         <wf lemma="der" pos="X">der</wf>
         <wf lemma="i" pos="X">i</wf>
         <wf lemma="huset" pos="X">huset</wf>
         <wf lemma="," pos="X">,</wf>
         <wf lemma="og" pos="X">og</wf>
         <wf lemma="hun" pos="X">hun</wf>
         <wf lemma="havde" pos="X">havde</wf>
         <wf lemma="ingen" pos="X">ingen</wf>
         <instance id="d000.s2726.t000" lemma="ret" pos="NOUN">ret</instance>
         <wf lemma="til" pos="X">til</wf>
         <wf lemma="at" pos="X">at</wf>
         <wf lemma="sige" pos="X">sige</wf>
         <wf lemma="ham" pos="X">ham</wf>
         <wf lemma="imod" pos="X">imod</wf>
         <wf lemma="." pos="X">.</wf>
      </sentence>
      <sentence id="d000.s2727" source="wordnet-danish">
         <wf lemma="I" pos="X">I</wf>
         <wf lemma="vor" pos="X">vor</wf>
         <wf lemma="parkeringsmåling" pos="X">parkeringsmåling</wf>
         <wf lemma="behøvede" pos="X">behøvede</wf>
         <wf lemma="hatch'en" pos="X">hatch'en</wf>
         <wf lemma="kun" pos="X">kun</wf>
         <wf lemma="5,4" pos="X">5,4</wf>
         <wf lemma="meter" pos="X">meter</wf>
         <wf lemma="for" pos="X">for</wf>
         <wf lemma="i" pos="X">i</wf>
         <wf lemma="én" pos="X">én</wf>
         <instance id="d000.s2727.t000" lemma="svingning" pos="NOUN">svingning</instance>
         <wf lemma="at" pos="X">at</wf>
         <wf lemma="sno" pos="X">sno</wf>
         <wf lemma="sig" pos="X">sig</wf>
         <wf lemma="fri" pos="X">fri</wf>
         <wf lemma="mellem" pos="X">mellem</wf>
         <wf lemma="en" pos="X">en</wf>
         <wf lemma="foran" pos="X">foran</wf>
         <wf lemma="og" pos="X">og</wf>
         <wf lemma="bagved" pos="X">bagved</wf>
         <wf lemma="parkeret" pos="X">parkeret</wf>
         <wf lemma="bil" pos="X">bil</wf>
         <wf lemma="." pos="X">.</wf>
      </sentence>
      <sentence id="d000.s2728" source="wordnet-danish">
         <instance id="d000.s2728.t000" lemma="kemi" pos="NOUN">Kemi</instance>
         <wf lemma="er" pos="X">er</wf>
         <wf lemma="et" pos="X">et</wf>
         <wf lemma="naturvidenskabeligt" pos="X">naturvidenskabeligt</wf>
         <wf lemma="fag" pos="X">fag</wf>
         <wf lemma="," pos="X">,</wf>
         <wf lemma="ligesom" pos="X">ligesom</wf>
         <wf lemma="fysik" pos="X">fysik</wf>
         <wf lemma="," pos="X">,</wf>
         <wf lemma="biologi" pos="X">biologi</wf>
         <wf lemma="," pos="X">,</wf>
         <wf lemma="astronomi" pos="X">astronomi</wf>
         <wf lemma="m.v." pos="X">m.v.</wf>
      </sentence>
      <sentence id="d000.s2729" source="wordnet-danish">
         <wf lemma="Hun" pos="X">Hun</wf>
         <instance id="d000.s2729.t000" lemma="kvase" pos="VERB">kvaser</instance>
         <wf lemma="en" pos="X">en</wf>
         <wf lemma="kakerlak" pos="X">kakerlak</wf>
         <wf lemma="med" pos="X">med</wf>
         <wf lemma="et" pos="X">et</wf>
         <wf lemma="brændestykke" pos="X">brændestykke</wf>
         <wf lemma="." pos="X">.</wf>
      </sentence>
      <sentence id="d000.s2730" source="wordnet-danish">
         <wf lemma="Generelt" pos="X">Generelt</wf>
         <wf lemma="drikker" pos="X">drikker</wf>
         <wf lemma="vi" pos="X">vi</wf>
         <wf lemma="kun" pos="X">kun</wf>
         <wf lemma="i" pos="X">i</wf>
         <instance id="d000.s2730.t000" lemma="weekend" pos="NOUN">weekenden</instance>
         <wf lemma="," pos="X">,</wf>
         <wf lemma="så" pos="X">så</wf>
         <wf lemma="jeg" pos="X">jeg</wf>
         <wf lemma="har" pos="X">har</wf>
         <wf lemma="aldrig" pos="X">aldrig</wf>
         <wf lemma="følt" pos="X">følt</wf>
         <wf lemma="," pos="X">,</wf>
         <wf lemma="at" pos="X">at</wf>
         <wf lemma="alkohol" pos="X">alkohol</wf>
         <wf lemma="er" pos="X">er</wf>
         <wf lemma="en" pos="X">en</wf>
         <wf lemma="særlig" pos="X">særlig</wf>
         <wf lemma="stor" pos="X">stor</wf>
         <wf lemma="del" pos="X">del</wf>
         <wf lemma="af" pos="X">af</wf>
         <wf lemma="mit" pos="X">mit</wf>
         <wf lemma="liv" pos="X">liv</wf>
         <wf lemma="." pos="X">.</wf>
      </sentence>
      <sentence id="d000.s2731" source="wordnet-danish">
         <wf lemma="to" pos="X">to</wf>
         <wf lemma="slimede" pos="X">slimede</wf>
         <instance id="d000.s2731.t000" lemma="snegl" pos="NOUN">snegle</instance>
         <wf lemma=".." pos="X">..</wf>
         <wf lemma="kravlede" pos="X">kravlede</wf>
         <wf lemma="rundt" pos="X">rundt</wf>
         <wf lemma="i" pos="X">i</wf>
         <wf lemma="hans" pos="X">hans</wf>
         <wf lemma="håndflader" pos="X">håndflader</wf>
         <wf lemma="," pos="X">,</wf>
         <wf lemma="hvor" pos="X">hvor</wf>
         <wf lemma="de" pos="X">de</wf>
         <wf lemma="efterlod" pos="X">efterlod</wf>
         <wf lemma="sig" pos="X">sig</wf>
         <wf lemma="et" pos="X">et</wf>
         <wf lemma="skinnende" pos="X">skinnende</wf>
         <wf lemma="sekret" pos="X">sekret</wf>
         <wf lemma="." pos="X">.</wf>
      </sentence>
      <sentence id="d000.s2732" source="wordnet-danish">
         <wf lemma="Dejen" pos="X">Dejen</wf>
         <wf lemma="lægges" pos="X">lægges</wf>
         <wf lemma="i" pos="X">i</wf>
         <wf lemma="dejfadet" pos="X">dejfadet</wf>
         <wf lemma="," pos="X">,</wf>
         <instance id="d000.s2732.t000" lemma="dække" pos="VERB">dækkes</instance>
         <wf lemma="med" pos="X">med</wf>
         <wf lemma="et" pos="X">et</wf>
         <wf lemma="fugtigt" pos="X">fugtigt</wf>
         <wf lemma="klæde" pos="X">klæde</wf>
         <wf lemma="og" pos="X">og</wf>
         <wf lemma="stilles" pos="X">stilles</wf>
         <wf lemma="til" pos="X">til</wf>
         <wf lemma="hævning" pos="X">hævning</wf>
         <wf lemma="." pos="X">.</wf>
      </sentence>
      <sentence id="d000.s2733" source="wordnet-danish">
         <wf lemma="På" pos="X">På</wf>
         <instance id="d000.s2733.t000" lemma="lager" pos="NOUN">lageret</instance>
         <wf lemma="blev" pos="X">blev</wf>
         <wf lemma="et" pos="X">et</wf>
         <wf lemma="vindue" pos="X">vindue</wf>
         <wf lemma="opbrudt" pos="X">opbrudt</wf>
         <wf lemma="og" pos="X">og</wf>
         <wf lemma="der" pos="X">der</wf>
         <wf lemma="blev" pos="X">blev</wf>
         <wf lemma="fjernet" pos="X">fjernet</wf>
         <wf lemma="skjorter" pos="X">skjorter</wf>
         <wf lemma="," pos="X">,</wf>
         <wf lemma="vindjakker" pos="X">vindjakker</wf>
         <wf lemma="." pos="X">.</wf>
      </sentence>
      <sentence id="d000.s2734" source="wordnet-danish">
         <instance id="d000.s2734.t000" lemma="skaft" pos="NOUN">skaftet</instance>
         <wf lemma="på" pos="X">på</wf>
         <wf lemma="en" pos="X">en</wf>
         <wf lemma="gulvskrubbe" pos="X">gulvskrubbe</wf>
         <wf lemma="eller" pos="X">eller</wf>
         <wf lemma="kost" pos="X">kost</wf>
         <wf lemma="skal" pos="X">skal</wf>
         <wf lemma="være" pos="X">være</wf>
         <wf lemma="så" pos="X">så</wf>
         <wf lemma="langt" pos="X">langt</wf>
         <wf lemma="," pos="X">,</wf>
         <wf lemma="som" pos="X">som</wf>
         <wf lemma="De" pos="X">De</wf>
         <wf lemma="er" pos="X">er</wf>
         <wf lemma="høj" pos="X">høj</wf>
         <wf lemma="." pos="X">.</wf>
      </sentence>
      <sentence id="d000.s2735" source="wordnet-danish">
         <wf lemma="Mens" pos="X">Mens</wf>
         <wf lemma="der" pos="X">der</wf>
         <wf lemma="ved" pos="X">ved</wf>
         <wf lemma="den" pos="X">den</wf>
         <wf lemma="dansk-tyske" pos="X">dansk-tyske</wf>
         <wf lemma="grænse" pos="X">grænse</wf>
         <wf lemma="kun" pos="X">kun</wf>
         <wf lemma="blev" pos="X">blev</wf>
         <wf lemma="noteret" pos="X">noteret</wf>
         <wf lemma="593" pos="X">593</wf>
         <wf lemma="soltimer" pos="X">soltimer</wf>
         <wf lemma=".." pos="X">..</wf>
         <wf lemma="blev" pos="X">blev</wf>
         <wf lemma="der" pos="X">der</wf>
         <wf lemma="talt" pos="X">talt</wf>
         <wf lemma="837" pos="X">837</wf>
         <wf lemma="timer" pos="X">timer</wf>
         <wf lemma="med" pos="X">med</wf>
         <wf lemma="sol" pos="X">sol</wf>
         <wf lemma="på" pos="X">på</wf>
         <wf lemma="Skagen" pos="X">Skagen</wf>
         <wf lemma="--" pos="X">--</wf>
         <wf lemma="en" pos="X">en</wf>
         <instance id="d000.s2735.t000" lemma="forskel" pos="NOUN">forskel</instance>
         <wf lemma="på" pos="X">på</wf>
         <wf lemma="40" pos="X">40</wf>
         <wf lemma="procent" pos="X">procent</wf>
         <wf lemma="." pos="X">.</wf>
      </sentence>
      <sentence id="d000.s2736" source="wordnet-danish">
         <wf lemma="en" pos="X">en</wf>
         <wf lemma="alt" pos="X">alt</wf>
         <wf lemma="for" pos="X">for</wf>
         <wf lemma="stor" pos="X">stor</wf>
         <wf lemma="del" pos="X">del</wf>
         <wf lemma="af" pos="X">af</wf>
         <wf lemma="investeringerne" pos="X">investeringerne</wf>
         <wf lemma="skulle" pos="X">skulle</wf>
         <instance id="d000.s2736.t000" lemma="finansiere" pos="VERB">finansieres</instance>
         <wf lemma="gennem" pos="X">gennem</wf>
         <wf lemma="låntagning" pos="X">låntagning</wf>
         <wf lemma="i" pos="X">i</wf>
         <wf lemma="udlandet" pos="X">udlandet</wf>
         <wf lemma="." pos="X">.</wf>
      </sentence>
      <sentence id="d000.s2737" source="wordnet-danish">
         <wf lemma="Han" pos="X">Han</wf>
         <wf lemma="har" pos="X">har</wf>
         <wf lemma="ikke" pos="X">ikke</wf>
         <wf lemma="et" pos="X">et</wf>
         <wf lemma="naturligt" pos="X">naturligt</wf>
         <wf lemma="psykisk" pos="X">psykisk</wf>
         <instance id="d000.s2737.t000" lemma="beredskab" pos="NOUN">beredskab</instance>
         <wf lemma="mod" pos="X">mod</wf>
         <wf lemma="angst" pos="X">angst</wf>
         <wf lemma="." pos="X">.</wf>
      </sentence>
      <sentence id="d000.s2738" source="wordnet-danish">
         <wf lemma="hun" pos="X">hun</wf>
         <wf lemma="var" pos="X">var</wf>
         <wf lemma="for" pos="X">for</wf>
         <wf lemma="realistisk" pos="X">realistisk</wf>
         <wf lemma="til" pos="X">til</wf>
         <wf lemma="at" pos="X">at</wf>
         <wf lemma="kunne" pos="X">kunne</wf>
         <instance id="d000.s2738.t000" lemma="bedrage" pos="VERB">bedrage</instance>
         <wf lemma="sig" pos="X">sig</wf>
         <wf lemma="selv" pos="X">selv</wf>
         <wf lemma="." pos="X">.</wf>
      </sentence>
      <sentence id="d000.s2739" source="wordnet-danish">
         <wf lemma="En" pos="X">En</wf>
         <wf lemma="verden" pos="X">verden</wf>
         <wf lemma="er" pos="X">er</wf>
         <wf lemma="styrtet" pos="X">styrtet</wf>
         <wf lemma="sammen" pos="X">sammen</wf>
         <wf lemma="for" pos="X">for</wf>
         <wf lemma="os" pos="X">os</wf>
         <wf lemma="." pos="X">.</wf>
         <wf lemma="Tilværelsen" pos="X">Tilværelsen</wf>
         <instance id="d000.s2739.t000" lemma="synes" pos="VERB">synes</instance>
         <wf lemma="uden" pos="X">uden</wf>
         <wf lemma="mening" pos="X">mening</wf>
         <wf lemma="." pos="X">.</wf>
      </sentence>
      <sentence id="d000.s2740" source="wordnet-danish">
         <wf lemma="Han" pos="X">Han</wf>
         <wf lemma="var" pos="X">var</wf>
         <wf lemma="klar" pos="X">klar</wf>
         <wf lemma="over" pos="X">over</wf>
         <wf lemma="," pos="X">,</wf>
         <wf lemma="at" pos="X">at</wf>
         <instance id="d000.s2740.t000" lemma="rygte" pos="NOUN">rygtet</instance>
         <wf lemma="om" pos="X">om</wf>
         <wf lemma="hans" pos="X">hans</wf>
         <wf lemma="tilbagekomst" pos="X">tilbagekomst</wf>
         <wf lemma="var" pos="X">var</wf>
         <wf lemma="ved" pos="X">ved</wf>
         <wf lemma="at" pos="X">at</wf>
         <wf lemma="spredes" pos="X">spredes</wf>
         <wf lemma="." pos="X">.</wf>
      </sentence>
      <sentence id="d000.s2741" source="wordnet-danish">
         <wf lemma="Han" pos="X">Han</wf>
         <wf lemma="ville" pos="X">ville</wf>
         <wf lemma="spadsere" pos="X">spadsere</wf>
         <wf lemma="ud" pos="X">ud</wf>
         <wf lemma="til" pos="X">til</wf>
         <instance id="d000.s2741.t000" lemma="kirkegård" pos="NOUN">kirkegården</instance>
         <wf lemma="og" pos="X">og</wf>
         <wf lemma="lægge" pos="X">lægge</wf>
         <wf lemma="en" pos="X">en</wf>
         <wf lemma="buket" pos="X">buket</wf>
         <wf lemma="påskeliljer" pos="X">påskeliljer</wf>
         <wf lemma="på" pos="X">på</wf>
         <wf lemma="sin" pos="X">sin</wf>
         <wf lemma="mors" pos="X">mors</wf>
         <wf lemma="grav" pos="X">grav</wf>
         <wf lemma="." pos="X">.</wf>
      </sentence>
      <sentence id="d000.s2742" source="wordnet-danish">
         <wf lemma="Risiko" pos="X">Risiko</wf>
         <wf lemma="ved" pos="X">ved</wf>
         <instance id="d000.s2742.t000" lemma="anvendelse" pos="NOUN">anvendelse</instance>
         <wf lemma="af" pos="X">af</wf>
         <wf lemma="p-piller" pos="X">p-piller</wf>
         <wf lemma="diskuteres" pos="X">diskuteres</wf>
         <wf lemma="med" pos="X">med</wf>
         <wf lemma="mellemrum" pos="X">mellemrum</wf>
         <wf lemma="i" pos="X">i</wf>
         <wf lemma="dagspressen" pos="X">dagspressen</wf>
         <wf lemma="." pos="X">.</wf>
      </sentence>
      <sentence id="d000.s2743" source="wordnet-danish">
         <wf lemma="Kraterne" pos="X">Kraterne</wf>
         <wf lemma="stammer" pos="X">stammer</wf>
         <wf lemma="sandsynligvis" pos="X">sandsynligvis</wf>
         <wf lemma="fra" pos="X">fra</wf>
         <instance id="d000.s2743.t000" lemma="tid" pos="NOUN">tiden</instance>
         <wf lemma="efter" pos="X">efter</wf>
         <wf lemma="solsystemets" pos="X">solsystemets</wf>
         <wf lemma="dannelse" pos="X">dannelse</wf>
         <wf lemma="," pos="X">,</wf>
         <wf lemma="hvor" pos="X">hvor</wf>
         <wf lemma="planeterne" pos="X">planeterne</wf>
         <wf lemma="blev" pos="X">blev</wf>
         <wf lemma="bombarderet" pos="X">bombarderet</wf>
         <wf lemma="med" pos="X">med</wf>
         <wf lemma="løse" pos="X">løse</wf>
         <wf lemma="klippeblokke" pos="X">klippeblokke</wf>
         <wf lemma="." pos="X">.</wf>
      </sentence>
      <sentence id="d000.s2744" source="wordnet-danish">
         <wf lemma="Det" pos="X">Det</wf>
         <wf lemma="bliver" pos="X">bliver</wf>
         <wf lemma="gratis" pos="X">gratis</wf>
         <wf lemma="at" pos="X">at</wf>
         <wf lemma="varsle" pos="X">varsle</wf>
         <wf lemma="konflikt" pos="X">konflikt</wf>
         <wf lemma="og" pos="X">og</wf>
         <wf lemma="sige" pos="X">sige</wf>
         <wf lemma="nej" pos="X">nej</wf>
         <wf lemma="til" pos="X">til</wf>
         <wf lemma="mæglingsforslag" pos="X">mæglingsforslag</wf>
         <wf lemma="," pos="X">,</wf>
         <wf lemma="når" pos="X">når</wf>
         <wf lemma="parterne" pos="X">parterne</wf>
         <wf lemma="ved" pos="X">ved</wf>
         <wf lemma="," pos="X">,</wf>
         <wf lemma="at" pos="X">at</wf>
         <instance id="d000.s2744.t000" lemma="lovgivningsmagt" pos="NOUN">lovgivningsmagten</instance>
         <wf lemma="vil" pos="X">vil</wf>
         <wf lemma="gribe" pos="X">gribe</wf>
         <wf lemma="ind" pos="X">ind</wf>
         <wf lemma="." pos="X">.</wf>
      </sentence>
      <sentence id="d000.s2745" source="wordnet-danish">
         <wf lemma="Når" pos="X">Når</wf>
         <wf lemma="fedtstoffet" pos="X">fedtstoffet</wf>
         <wf lemma="er" pos="X">er</wf>
         <wf lemma="gyldent" pos="X">gyldent</wf>
         <wf lemma="," pos="X">,</wf>
         <instance id="d000.s2745.t000" lemma="lægge" pos="VERB">lægges</instance>
         <wf lemma="bøfferne" pos="X">bøfferne</wf>
         <wf lemma="på" pos="X">på</wf>
         <wf lemma="panden" pos="X">panden</wf>
         <wf lemma="og" pos="X">og</wf>
         <wf lemma="brunes" pos="X">brunes</wf>
         <wf lemma="godt" pos="X">godt</wf>
         <wf lemma="på" pos="X">på</wf>
         <wf lemma="begge" pos="X">begge</wf>
         <wf lemma="sider" pos="X">sider</wf>
         <wf lemma="." pos="X">.</wf>
      </sentence>
      <sentence id="d000.s2746" source="wordnet-danish">
         <wf lemma="det" pos="X">det</wf>
         <wf lemma="enkelte" pos="X">enkelte</wf>
         <wf lemma="menneske" pos="X">menneske</wf>
         <wf lemma="skal" pos="X">skal</wf>
         <wf lemma="frit" pos="X">frit</wf>
         <wf lemma="kunne" pos="X">kunne</wf>
         <wf lemma="vælge" pos="X">vælge</wf>
         <wf lemma="blandt" pos="X">blandt</wf>
         <wf lemma="et" pos="X">et</wf>
         <wf lemma="så" pos="X">så</wf>
         <wf lemma="bredt" pos="X">bredt</wf>
         <instance id="d000.s2746.t000" lemma="spektrum" pos="NOUN">spektrum</instance>
         <wf lemma="af" pos="X">af</wf>
         <wf lemma="uddannelsestilbud" pos="X">uddannelsestilbud</wf>
         <wf lemma="som" pos="X">som</wf>
         <wf lemma="muligt" pos="X">muligt</wf>
         <wf lemma="." pos="X">.</wf>
      </sentence>
      <sentence id="d000.s2747" source="wordnet-danish">
         <wf lemma="Der" pos="X">Der</wf>
         <wf lemma="arbejdes" pos="X">arbejdes</wf>
         <wf lemma="stadig" pos="X">stadig</wf>
         <wf lemma="med" pos="X">med</wf>
         <wf lemma="at" pos="X">at</wf>
         <wf lemma="få" pos="X">få</wf>
         <wf lemma="Arnold" pos="X">Arnold</wf>
         <wf lemma="Schwarzenegger" pos="X">Schwarzenegger</wf>
         <wf lemma="og" pos="X">og</wf>
         <wf lemma="andre" pos="X">andre</wf>
         <instance id="d000.s2747.t000" lemma="stjerne" pos="NOUN">stjerner</instance>
         <wf lemma="til" pos="X">til</wf>
         <wf lemma="Copenhagen" pos="X">Copenhagen</wf>
         <wf lemma="Film" pos="X">Film</wf>
         <wf lemma="Festival" pos="X">Festival</wf>
         <wf lemma="i" pos="X">i</wf>
         <wf lemma="næste" pos="X">næste</wf>
         <wf lemma="uge" pos="X">uge</wf>
         <wf lemma="." pos="X">.</wf>
      </sentence>
      <sentence id="d000.s2748" source="wordnet-danish">
         <wf lemma="der" pos="X">der</wf>
         <wf lemma="blev" pos="X">blev</wf>
         <instance id="d000.s2748.t000" lemma="kort" pos="ADJ">kortere</instance>
         <wf lemma="og" pos="X">og</wf>
         <wf lemma="kortere" pos="X">kortere</wf>
         <wf lemma="mellem" pos="X">mellem</wf>
         <wf lemma="angstanfaldene" pos="X">angstanfaldene</wf>
         <wf lemma="," pos="X">,</wf>
         <wf lemma="og" pos="X">og</wf>
         <wf lemma="på" pos="X">på</wf>
         <wf lemma="et" pos="X">et</wf>
         <wf lemma="tidspunkt" pos="X">tidspunkt</wf>
         <wf lemma="gik" pos="X">gik</wf>
         <wf lemma="Jan" pos="X">Jan</wf>
         <wf lemma="over" pos="X">over</wf>
         <wf lemma="til" pos="X">til</wf>
         <wf lemma="at" pos="X">at</wf>
         <wf lemma="tage" pos="X">tage</wf>
         <wf lemma="piller" pos="X">piller</wf>
         <wf lemma="fast" pos="X">fast</wf>
         <wf lemma="hver" pos="X">hver</wf>
         <wf lemma="dag" pos="X">dag</wf>
         <wf lemma="." pos="X">.</wf>
      </sentence>
      <sentence id="d000.s2749" source="wordnet-danish">
         <instance id="d000.s2749.t000" lemma="forbinde" pos="VERB">Forbind</instance>
         <wf lemma="via" pos="X">via</wf>
         <wf lemma="et" pos="X">et</wf>
         <wf lemma="kort" pos="X">kort</wf>
         <wf lemma="slangestykke" pos="X">slangestykke</wf>
         <wf lemma="de" pos="X">de</wf>
         <wf lemma="to" pos="X">to</wf>
         <wf lemma="sprøjter" pos="X">sprøjter</wf>
         <wf lemma="med" pos="X">med</wf>
         <wf lemma="hinanden" pos="X">hinanden</wf>
         <wf lemma="." pos="X">.</wf>
      </sentence>
      <sentence id="d000.s2750" source="wordnet-danish">
         <wf lemma="Jens" pos="X">Jens</wf>
         <wf lemma="startede" pos="X">startede</wf>
         <wf lemma="i" pos="X">i</wf>
         <wf lemma="1." pos="X">1.</wf>
         <wf lemma="g" pos="X">g</wf>
         <wf lemma="som" pos="X">som</wf>
         <wf lemma="klassens" pos="X">klassens</wf>
         <wf lemma="pæne" pos="X">pæne</wf>
         <wf lemma="dreng" pos="X">dreng</wf>
         <wf lemma="," pos="X">,</wf>
         <wf lemma="siden" pos="X">siden</wf>
         <wf lemma="har" pos="X">har</wf>
         <wf lemma="han" pos="X">han</wf>
         <wf lemma="investeret" pos="X">investeret</wf>
         <wf lemma="i" pos="X">i</wf>
         <instance id="d000.s2750.t000" lemma="cowboybukser" pos="NOUN">cowboybukser</instance>
         <wf lemma="og" pos="X">og</wf>
         <wf lemma="strithår" pos="X">strithår</wf>
         <wf lemma="." pos="X">.</wf>
      </sentence>
      <sentence id="d000.s2751" source="wordnet-danish">
         <wf lemma="Der" pos="X">Der</wf>
         <instance id="d000.s2751.t000" lemma="anvende" pos="VERB">anvendes</instance>
         <wf lemma="store" pos="X">store</wf>
         <wf lemma="midler" pos="X">midler</wf>
         <wf lemma="på" pos="X">på</wf>
         <wf lemma="behandling" pos="X">behandling</wf>
         <wf lemma="af" pos="X">af</wf>
         <wf lemma="misbrug" pos="X">misbrug</wf>
         <wf lemma="." pos="X">.</wf>
      </sentence>
      <sentence id="d000.s2752" source="wordnet-danish">
         <wf lemma="[Inkaerne]" pos="X">[Inkaerne]</wf>
         <wf lemma="skabte" pos="X">skabte</wf>
         <wf lemma="i" pos="X">i</wf>
         <wf lemma="løbet" pos="X">løbet</wf>
         <wf lemma="af" pos="X">af</wf>
         <wf lemma="ca." pos="X">ca.</wf>
         <wf lemma="400" pos="X">400</wf>
         <wf lemma="år" pos="X">år</wf>
         <wf lemma="et" pos="X">et</wf>
         <wf lemma="mægtigt" pos="X">mægtigt</wf>
         <instance id="d000.s2752.t000" lemma="imperium" pos="NOUN">imperium</instance>
         <wf lemma="i" pos="X">i</wf>
         <wf lemma="det" pos="X">det</wf>
         <wf lemma="vestlige" pos="X">vestlige</wf>
         <wf lemma="Sydamerika" pos="X">Sydamerika</wf>
         <wf lemma="," pos="X">,</wf>
         <wf lemma="hvor" pos="X">hvor</wf>
         <wf lemma="de" pos="X">de</wf>
         <wf lemma="undertvang" pos="X">undertvang</wf>
         <wf lemma="andre" pos="X">andre</wf>
         <wf lemma="kulturfolk" pos="X">kulturfolk</wf>
         <wf lemma="." pos="X">.</wf>
      </sentence>
      <sentence id="d000.s2753" source="wordnet-danish">
         <wf lemma="Antirefleksglas" pos="X">Antirefleksglas</wf>
         <wf lemma="i" pos="X">i</wf>
         <wf lemma="hærdet" pos="X">hærdet</wf>
         <wf lemma="," pos="X">,</wf>
         <wf lemma="farvet" pos="X">farvet</wf>
         <instance id="d000.s2753.t000" lemma="krystalglas" pos="NOUN">krystalglas</instance>
         <wf lemma="gør" pos="X">gør</wf>
         <wf lemma="Persol-brillen" pos="X">Persol-brillen</wf>
         <wf lemma="til" pos="X">til</wf>
         <wf lemma="nummer" pos="X">nummer</wf>
         <wf lemma="et" pos="X">et</wf>
         <wf lemma="på" pos="X">på</wf>
         <wf lemma="havet" pos="X">havet</wf>
         <wf lemma="," pos="X">,</wf>
         <wf lemma="pris" pos="X">pris</wf>
         <wf lemma="895" pos="X">895</wf>
         <wf lemma="kr." pos="X">kr.</wf>
      </sentence>
      <sentence id="d000.s2754" source="wordnet-danish">
         <wf lemma="Til" pos="X">Til</wf>
         <wf lemma="sidst" pos="X">sidst</wf>
         <wf lemma="må" pos="X">må</wf>
         <wf lemma="min" pos="X">min</wf>
         <wf lemma="far" pos="X">far</wf>
         <wf lemma="tilbyde" pos="X">tilbyde</wf>
         <wf lemma="hende" pos="X">hende</wf>
         <instance id="d000.s2754.t000" lemma="lønforhøjelse" pos="NOUN">lønforhøjelse</instance>
         <wf lemma="for" pos="X">for</wf>
         <wf lemma="at" pos="X">at</wf>
         <wf lemma="få" pos="X">få</wf>
         <wf lemma="hende" pos="X">hende</wf>
         <wf lemma="til" pos="X">til</wf>
         <wf lemma="at" pos="X">at</wf>
         <wf lemma="trække" pos="X">trække</wf>
         <wf lemma="opsigelsen" pos="X">opsigelsen</wf>
         <wf lemma="tilbage" pos="X">tilbage</wf>
         <wf lemma="." pos="X">.</wf>
      </sentence>
      <sentence id="d000.s2755" source="wordnet-danish">
         <wf lemma="Alexander" pos="X">Alexander</wf>
         <wf lemma="!" pos="X">!</wf>
         <instance id="d000.s2755.t000" lemma="kalde" pos="VERB">kaldte</instance>
         <wf lemma="hun" pos="X">hun</wf>
         <wf lemma="klynkende" pos="X">klynkende</wf>
         <wf lemma="." pos="X">.</wf>
         <wf lemma="-" pos="X">-</wf>
         <wf lemma="-" pos="X">-</wf>
         <wf lemma="Alexander" pos="X">Alexander</wf>
         <wf lemma="!" pos="X">!</wf>
         <wf lemma="Hvor" pos="X">Hvor</wf>
         <wf lemma="er" pos="X">er</wf>
         <wf lemma="du" pos="X">du</wf>
         <wf lemma="?" pos="X">?</wf>
      </sentence>
      <sentence id="d000.s2756" source="wordnet-danish">
         <wf lemma="Ved" pos="X">Ved</wf>
         <wf lemma="siden" pos="X">siden</wf>
         <wf lemma="af" pos="X">af</wf>
         <wf lemma="arbejdet" pos="X">arbejdet</wf>
         <wf lemma="på" pos="X">på</wf>
         <wf lemma="Kunstindustrimuseet" pos="X">Kunstindustrimuseet</wf>
         <wf lemma="er" pos="X">er</wf>
         <wf lemma="Vibeke" pos="X">Vibeke</wf>
         <wf lemma="Woldbye" pos="X">Woldbye</wf>
         <instance id="d000.s2756.t000" lemma="direktør" pos="NOUN">direktør</instance>
         <wf lemma="for" pos="X">for</wf>
         <wf lemma="Boligministeriets" pos="X">Boligministeriets</wf>
         <wf lemma="samlinger" pos="X">samlinger</wf>
         <wf lemma="på" pos="X">på</wf>
         <wf lemma="Kronborg" pos="X">Kronborg</wf>
         <wf lemma="." pos="X">.</wf>
      </sentence>
      <sentence id="d000.s2757" source="wordnet-danish">
         <wf lemma="Til" pos="X">Til</wf>
         <wf lemma="hjælp" pos="X">hjælp</wf>
         <wf lemma="havde" pos="X">havde</wf>
         <wf lemma="gruppen" pos="X">gruppen</wf>
         <wf lemma="en" pos="X">en</wf>
         <instance id="d000.s2757.t000" lemma="ekstern" pos="ADJ">ekstern</instance>
         <wf lemma="konsulent" pos="X">konsulent</wf>
         <wf lemma="fra" pos="X">fra</wf>
         <wf lemma="firmaet" pos="X">firmaet</wf>
         <wf lemma="Habberstad" pos="X">Habberstad</wf>
         <wf lemma="." pos="X">.</wf>
      </sentence>
      <sentence id="d000.s2758" source="wordnet-danish">
         <wf lemma="Under" pos="X">Under</wf>
         <wf lemma="mødet" pos="X">mødet</wf>
         <instance id="d000.s2758.t000" lemma="forlade" pos="VERB">forlod</instance>
         <wf lemma="to" pos="X">to</wf>
         <wf lemma="af" pos="X">af</wf>
         <wf lemma="deltagerne" pos="X">deltagerne</wf>
         <wf lemma="lokalet" pos="X">lokalet</wf>
         <wf lemma="." pos="X">.</wf>
      </sentence>
      <sentence id="d000.s2759" source="wordnet-danish">
         <wf lemma="Der" pos="X">Der</wf>
         <wf lemma="kan" pos="X">kan</wf>
         <wf lemma="ikke" pos="X">ikke</wf>
         <wf lemma="gives" pos="X">gives</wf>
         <wf lemma="en" pos="X">en</wf>
         <instance id="d000.s2759.t000" lemma="præcis" pos="ADJ">præcis</instance>
         <wf lemma="besvarelse" pos="X">besvarelse</wf>
         <wf lemma="af" pos="X">af</wf>
         <wf lemma="spørgsmålet" pos="X">spørgsmålet</wf>
         <wf lemma="," pos="X">,</wf>
         <wf lemma="da" pos="X">da</wf>
         <wf lemma="De" pos="X">De</wf>
         <wf lemma="ikke" pos="X">ikke</wf>
         <wf lemma="oplyser" pos="X">oplyser</wf>
         <wf lemma="noget" pos="X">noget</wf>
         <wf lemma="om" pos="X">om</wf>
         <wf lemma="Deres" pos="X">Deres</wf>
         <wf lemma="økonomiske" pos="X">økonomiske</wf>
         <wf lemma="forhold" pos="X">forhold</wf>
         <wf lemma="i" pos="X">i</wf>
         <wf lemma="øvrigt" pos="X">øvrigt</wf>
         <wf lemma="." pos="X">.</wf>
      </sentence>
      <sentence id="d000.s2760" source="wordnet-danish">
         <wf lemma="I" pos="X">I</wf>
         <wf lemma="spjældet" pos="X">spjældet</wf>
         <wf lemma="blev" pos="X">blev</wf>
         <wf lemma="man" pos="X">man</wf>
         <wf lemma="et" pos="X">et</wf>
         <instance id="d000.s2760.t000" lemma="svin" pos="NOUN">svin</instance>
         <wf lemma="med" pos="X">med</wf>
         <wf lemma="sig" pos="X">sig</wf>
         <wf lemma="selv" pos="X">selv</wf>
         <wf lemma="." pos="X">.</wf>
         <wf lemma="Stanken" pos="X">Stanken</wf>
         <wf lemma="af" pos="X">af</wf>
         <wf lemma="sur" pos="X">sur</wf>
         <wf lemma="mandesved" pos="X">mandesved</wf>
         <wf lemma="blev" pos="X">blev</wf>
         <wf lemma="en" pos="X">en</wf>
         <wf lemma="naturlig" pos="X">naturlig</wf>
         <wf lemma="'aroma'." pos="X">'aroma'.</wf>
      </sentence>
      <sentence id="d000.s2761" source="wordnet-danish">
         <wf lemma="Regeringen" pos="X">Regeringen</wf>
         <wf lemma="har" pos="X">har</wf>
         <wf lemma="i" pos="X">i</wf>
         <wf lemma="dag" pos="X">dag</wf>
         <wf lemma="fremlagt" pos="X">fremlagt</wf>
         <wf lemma="statens" pos="X">statens</wf>
         <instance id="d000.s2761.t000" lemma="budget" pos="NOUN">budget</instance>
         <wf lemma="for" pos="X">for</wf>
         <wf lemma="næste" pos="X">næste</wf>
         <wf lemma="år" pos="X">år</wf>
         <wf lemma="." pos="X">.</wf>
         <wf lemma="Det" pos="X">Det</wf>
         <wf lemma="indeholder" pos="X">indeholder</wf>
         <wf lemma="udgifter" pos="X">udgifter</wf>
         <wf lemma="for" pos="X">for</wf>
         <wf lemma="326" pos="X">326</wf>
         <wf lemma="milliarder" pos="X">milliarder</wf>
         <wf lemma="kroner" pos="X">kroner</wf>
         <wf lemma="." pos="X">.</wf>
      </sentence>
      <sentence id="d000.s2762" source="wordnet-danish">
         <wf lemma="Der" pos="X">Der</wf>
         <wf lemma="er" pos="X">er</wf>
         <instance id="d000.s2762.t000" lemma="sugerør" pos="NOUN">sugerør</instance>
         <wf lemma="," pos="X">,</wf>
         <wf lemma="Lene" pos="X">Lene</wf>
         <wf lemma="puster" pos="X">puster</wf>
         <wf lemma="," pos="X">,</wf>
         <wf lemma="så" pos="X">så</wf>
         <wf lemma="kakaoen" pos="X">kakaoen</wf>
         <wf lemma="bobler" pos="X">bobler</wf>
         <wf lemma="op" pos="X">op</wf>
         <wf lemma="og" pos="X">og</wf>
         <wf lemma="løber" pos="X">løber</wf>
         <wf lemma="hen" pos="X">hen</wf>
         <wf lemma="over" pos="X">over</wf>
         <wf lemma="bordet" pos="X">bordet</wf>
         <wf lemma="." pos="X">.</wf>
      </sentence>
      <sentence id="d000.s2763" source="wordnet-danish">
         <wf lemma="få" pos="X">få</wf>
         <instance id="d000.s2763.t000" lemma="minut" pos="NOUN">minutters</instance>
         <wf lemma="kørsel" pos="X">kørsel</wf>
         <wf lemma="uden" pos="X">uden</wf>
         <wf lemma="for" pos="X">for</wf>
         <wf lemma="byen" pos="X">byen</wf>
         <wf lemma="lå" pos="X">lå</wf>
         <wf lemma="fiskefabrikken" pos="X">fiskefabrikken</wf>
         <wf lemma="." pos="X">.</wf>
      </sentence>
      <sentence id="d000.s2764" source="wordnet-danish">
         <wf lemma="Intet" pos="X">Intet</wf>
         <wf lemma="er" pos="X">er</wf>
         <wf lemma="hidtil" pos="X">hidtil</wf>
         <wf lemma="blevet" pos="X">blevet</wf>
         <wf lemma="gennemført" pos="X">gennemført</wf>
         <wf lemma="i" pos="X">i</wf>
         <wf lemma="EF" pos="X">EF</wf>
         <wf lemma="uden" pos="X">uden</wf>
         <wf lemma="fransk" pos="X">fransk</wf>
         <instance id="d000.s2764.t000" lemma="accept" pos="NOUN">accept</instance>
         <wf lemma="." pos="X">.</wf>
      </sentence>
      <sentence id="d000.s2765" source="wordnet-danish">
         <wf lemma="Den" pos="X">Den</wf>
         <instance id="d000.s2765.t000" lemma="politisk" pos="ADJ">politiske</instance>
         <wf lemma="samtale" pos="X">samtale</wf>
         <wf lemma="er" pos="X">er</wf>
         <wf lemma="utrolig" pos="X">utrolig</wf>
         <wf lemma="vigtig" pos="X">vigtig</wf>
         <wf lemma="for" pos="X">for</wf>
         <wf lemma="udvikling" pos="X">udvikling</wf>
         <wf lemma="af" pos="X">af</wf>
         <wf lemma="nye" pos="X">nye</wf>
         <wf lemma="tanker" pos="X">tanker</wf>
         <wf lemma="." pos="X">.</wf>
      </sentence>
      <sentence id="d000.s2766" source="wordnet-danish">
         <wf lemma="På" pos="X">På</wf>
         <wf lemma="alle" pos="X">alle</wf>
         <wf lemma="møbler" pos="X">møbler</wf>
         <wf lemma="og" pos="X">og</wf>
         <wf lemma="på" pos="X">på</wf>
         <wf lemma="farvefjernsynet" pos="X">farvefjernsynet</wf>
         <wf lemma="var" pos="X">var</wf>
         <wf lemma="der" pos="X">der</wf>
         <instance id="d000.s2766.t000" lemma="mængde" pos="NOUN">mængder</instance>
         <wf lemma="af" pos="X">af</wf>
         <wf lemma="nips." pos="X">nips.</wf>
      </sentence>
      <sentence id="d000.s2767" source="wordnet-danish">
         <wf lemma="Da" pos="X">Da</wf>
         <wf lemma="jeg" pos="X">jeg</wf>
         <instance id="d000.s2767.t000" lemma="spilde" pos="VERB">spildte</instance>
         <wf lemma="salatolien" pos="X">salatolien</wf>
         <wf lemma="," pos="X">,</wf>
         <wf lemma="vidste" pos="X">vidste</wf>
         <wf lemma="jeg" pos="X">jeg</wf>
         <wf lemma="," pos="X">,</wf>
         <wf lemma="min" pos="X">min</wf>
         <wf lemma="skjorte" pos="X">skjorte</wf>
         <wf lemma="var" pos="X">var</wf>
         <wf lemma="færdig" pos="X">færdig</wf>
         <wf lemma="." pos="X">.</wf>
      </sentence>
      <sentence id="d000.s2768" source="wordnet-danish">
         <instance id="d000.s2768.t000" lemma="disposition" pos="NOUN">Dispositionen</instance>
         <wf lemma="udformes" pos="X">udformes</wf>
         <wf lemma="nu" pos="X">nu</wf>
         <wf lemma="i" pos="X">i</wf>
         <wf lemma="detaljer" pos="X">detaljer</wf>
         <wf lemma="og" pos="X">og</wf>
         <wf lemma="danner" pos="X">danner</wf>
         <wf lemma="baggrund" pos="X">baggrund</wf>
         <wf lemma="for" pos="X">for</wf>
         <wf lemma="opgavens" pos="X">opgavens</wf>
         <wf lemma="indholdsfortegnelse" pos="X">indholdsfortegnelse</wf>
         <wf lemma="." pos="X">.</wf>
      </sentence>
      <sentence id="d000.s2769" source="wordnet-danish">
         <wf lemma="Du" pos="X">Du</wf>
         <wf lemma="må" pos="X">må</wf>
         <wf lemma="huske" pos="X">huske</wf>
         <wf lemma="aldrig" pos="X">aldrig</wf>
         <wf lemma="at" pos="X">at</wf>
         <wf lemma="vise" pos="X">vise</wf>
         <instance id="d000.s2769.t000" lemma="foragt" pos="NOUN">foragt</instance>
         <wf lemma="for" pos="X">for</wf>
         <wf lemma="mennesker" pos="X">mennesker</wf>
         <wf lemma="," pos="X">,</wf>
         <wf lemma="blot" pos="X">blot</wf>
         <wf lemma="fordi" pos="X">fordi</wf>
         <wf lemma="de" pos="X">de</wf>
         <wf lemma="er" pos="X">er</wf>
         <wf lemma="af" pos="X">af</wf>
         <wf lemma="beskeden" pos="X">beskeden</wf>
         <wf lemma="herkomst" pos="X">herkomst</wf>
         <wf lemma="." pos="X">.</wf>
      </sentence>
      <sentence id="d000.s2770" source="wordnet-danish">
         <wf lemma="der" pos="X">der</wf>
         <wf lemma="--" pos="X">--</wf>
         <wf lemma="knap" pos="X">knap</wf>
         <wf lemma="et" pos="X">et</wf>
         <wf lemma="par" pos="X">par</wf>
         <wf lemma="meter" pos="X">meter</wf>
         <wf lemma="fra" pos="X">fra</wf>
         <wf lemma="mig" pos="X">mig</wf>
         <wf lemma="--" pos="X">--</wf>
         <wf lemma="står" pos="X">står</wf>
         <wf lemma="en" pos="X">en</wf>
         <wf lemma="mægtig" pos="X">mægtig</wf>
         <instance id="d000.s2770.t000" lemma="bjørn" pos="NOUN">bjørn</instance>
         <wf lemma="!" pos="X">!</wf>
         <wf lemma="Bamsen" pos="X">Bamsen</wf>
         <wf lemma="var" pos="X">var</wf>
         <wf lemma="vred" pos="X">vred</wf>
         <wf lemma="--" pos="X">--</wf>
         <wf lemma="og" pos="X">og</wf>
         <wf lemma="jeg" pos="X">jeg</wf>
         <wf lemma="havde" pos="X">havde</wf>
         <wf lemma="glemt" pos="X">glemt</wf>
         <wf lemma="at" pos="X">at</wf>
         <wf lemma="få" pos="X">få</wf>
         <wf lemma="min" pos="X">min</wf>
         <wf lemma="karabin" pos="X">karabin</wf>
         <wf lemma="med" pos="X">med</wf>
         <wf lemma="!" pos="X">!</wf>
      </sentence>
      <sentence id="d000.s2771" source="wordnet-danish">
         <wf lemma="Der" pos="X">Der</wf>
         <wf lemma="er" pos="X">er</wf>
         <wf lemma="noget" pos="X">noget</wf>
         <wf lemma="tungt" pos="X">tungt</wf>
         <instance id="d000.s2771.t000" lemma="insistere" pos="VERB">insisterende</instance>
         <wf lemma="over" pos="X">over</wf>
         <wf lemma="hans" pos="X">hans</wf>
         <wf lemma="film" pos="X">film</wf>
         <wf lemma="," pos="X">,</wf>
         <wf lemma="en" pos="X">en</wf>
         <wf lemma="monotoni" pos="X">monotoni</wf>
         <wf lemma="og" pos="X">og</wf>
         <wf lemma="en" pos="X">en</wf>
         <wf lemma="mangel" pos="X">mangel</wf>
         <wf lemma="på" pos="X">på</wf>
         <wf lemma="variation" pos="X">variation</wf>
         <wf lemma="." pos="X">.</wf>
      </sentence>
      <sentence id="d000.s2772" source="wordnet-danish">
         <wf lemma="Spar" pos="X">Spar</wf>
         <wf lemma="mig" pos="X">mig</wf>
         <wf lemma="i" pos="X">i</wf>
         <wf lemma="det" pos="X">det</wf>
         <wf lemma="mindste" pos="X">mindste</wf>
         <wf lemma="for" pos="X">for</wf>
         <instance id="d000.s2772.t000" lemma="ynkelig" pos="ADJ">ynkelige</instance>
         <wf lemma="bortforklaringer" pos="X">bortforklaringer</wf>
         <wf lemma="!" pos="X">!</wf>
      </sentence>
      <sentence id="d000.s2773" source="wordnet-danish">
         <wf lemma="Tjeneren" pos="X">Tjeneren</wf>
         <wf lemma="rakte" pos="X">rakte</wf>
         <wf lemma="hver" pos="X">hver</wf>
         <wf lemma="af" pos="X">af</wf>
         <wf lemma="damerne" pos="X">damerne</wf>
         <wf lemma="et" pos="X">et</wf>
         <instance id="d000.s2773.t000" lemma="spisekort" pos="NOUN">spisekort</instance>
         <wf lemma="med" pos="X">med</wf>
         <wf lemma="et" pos="X">et</wf>
         <wf lemma="sirligt" pos="X">sirligt</wf>
         <wf lemma="buk" pos="X">buk</wf>
         <wf lemma="." pos="X">.</wf>
      </sentence>
      <sentence id="d000.s2774" source="wordnet-danish">
         <wf lemma="Nu" pos="X">Nu</wf>
         <wf lemma="er" pos="X">er</wf>
         <wf lemma="hver" pos="X">hver</wf>
         <wf lemma="fjerde" pos="X">fjerde</wf>
         <wf lemma="dansker" pos="X">dansker</wf>
         <instance id="d000.s2774.t000" lemma="aktionær" pos="NOUN">aktionær</instance>
         <wf lemma="," pos="X">,</wf>
         <wf lemma="og" pos="X">og</wf>
         <wf lemma="der" pos="X">der</wf>
         <wf lemma="er" pos="X">er</wf>
         <wf lemma="ingen" pos="X">ingen</wf>
         <wf lemma="tvivl" pos="X">tvivl</wf>
         <wf lemma="om" pos="X">om</wf>
         <wf lemma="at" pos="X">at</wf>
         <wf lemma="der" pos="X">der</wf>
         <wf lemma="bliver" pos="X">bliver</wf>
         <wf lemma="endnu" pos="X">endnu</wf>
         <wf lemma="flere" pos="X">flere</wf>
         <wf lemma="." pos="X">.</wf>
      </sentence>
      <sentence id="d000.s2775" source="wordnet-danish">
         <wf lemma="Det" pos="X">Det</wf>
         <wf lemma="var" pos="X">var</wf>
         <wf lemma="en" pos="X">en</wf>
         <wf lemma="rar" pos="X">rar</wf>
         <wf lemma="hjemlig" pos="X">hjemlig</wf>
         <wf lemma="lyd" pos="X">lyd</wf>
         <wf lemma="," pos="X">,</wf>
         <wf lemma="da" pos="X">da</wf>
         <wf lemma="vi" pos="X">vi</wf>
         <wf lemma="kørte" pos="X">kørte</wf>
         <wf lemma="ind" pos="X">ind</wf>
         <wf lemma="på" pos="X">på</wf>
         <wf lemma="vores" pos="X">vores</wf>
         <wf lemma="egen" pos="X">egen</wf>
         <wf lemma="gårdsplads" pos="X">gårdsplads</wf>
         <wf lemma="og" pos="X">og</wf>
         <wf lemma="hørte" pos="X">hørte</wf>
         <instance id="d000.s2775.t000" lemma="grus" pos="NOUN">gruset</instance>
         <wf lemma="knase" pos="X">knase</wf>
         <wf lemma="under" pos="X">under</wf>
         <wf lemma="dækkene" pos="X">dækkene</wf>
         <wf lemma="." pos="X">.</wf>
      </sentence>
      <sentence id="d000.s2776" source="wordnet-danish">
         <wf lemma="Efter" pos="X">Efter</wf>
         <wf lemma="fisken" pos="X">fisken</wf>
         <wf lemma="får" pos="X">får</wf>
         <wf lemma="de" pos="X">de</wf>
         <wf lemma="dyrekølle" pos="X">dyrekølle</wf>
         <wf lemma="," pos="X">,</wf>
         <wf lemma="desserten" pos="X">desserten</wf>
         <wf lemma="er" pos="X">er</wf>
         <wf lemma="hjemmelavet" pos="X">hjemmelavet</wf>
         <instance id="d000.s2776.t000" lemma="is" pos="NOUN">is</instance>
         <wf lemma="med" pos="X">med</wf>
         <wf lemma="chokoladeovertrukne" pos="X">chokoladeovertrukne</wf>
         <wf lemma="jordbær" pos="X">jordbær</wf>
         <wf lemma="." pos="X">.</wf>
      </sentence>
      <sentence id="d000.s2777" source="wordnet-danish">
         <wf lemma="Han" pos="X">Han</wf>
         <wf lemma="var" pos="X">var</wf>
         <wf lemma="iført" pos="X">iført</wf>
         <wf lemma="lys" pos="X">lys</wf>
         <instance id="d000.s2777.t000" lemma="beklædning" pos="NOUN">beklædning</instance>
         <wf lemma="," pos="X">,</wf>
         <wf lemma="muligvis" pos="X">muligvis</wf>
         <wf lemma="vindjakke" pos="X">vindjakke</wf>
         <wf lemma="." pos="X">.</wf>
      </sentence>
      <sentence id="d000.s2778" source="wordnet-danish">
         <wf lemma="Vi" pos="X">Vi</wf>
         <wf lemma="har" pos="X">har</wf>
         <wf lemma="aldrig" pos="X">aldrig</wf>
         <wf lemma="kunnet" pos="X">kunnet</wf>
         <wf lemma="bryste" pos="X">bryste</wf>
         <wf lemma="os" pos="X">os</wf>
         <wf lemma="af" pos="X">af</wf>
         <wf lemma="de" pos="X">de</wf>
         <wf lemma="store" pos="X">store</wf>
         <wf lemma="sejre" pos="X">sejre</wf>
         <wf lemma="på" pos="X">på</wf>
         <instance id="d000.s2778.t000" lemma="slagmark" pos="NOUN">slagmarkerne</instance>
         <wf lemma="." pos="X">.</wf>
         <wf lemma="Til" pos="X">Til</wf>
         <wf lemma="gengæld" pos="X">gengæld</wf>
         <wf lemma="er" pos="X">er</wf>
         <wf lemma="Danmark" pos="X">Danmark</wf>
         <wf lemma="overdrysset" pos="X">overdrysset</wf>
         <wf lemma="med" pos="X">med</wf>
         <wf lemma="befæstningsanlæg" pos="X">befæstningsanlæg</wf>
         <wf lemma="." pos="X">.</wf>
      </sentence>
      <sentence id="d000.s2779" source="wordnet-danish">
         <wf lemma="Jeg" pos="X">Jeg</wf>
         <wf lemma="står" pos="X">står</wf>
         <wf lemma="op" pos="X">op</wf>
         <wf lemma="hver" pos="X">hver</wf>
         <wf lemma="dag" pos="X">dag</wf>
         <wf lemma="kl." pos="X">kl.</wf>
         <wf lemma="5.45" pos="X">5.45</wf>
         <wf lemma="og" pos="X">og</wf>
         <instance id="d000.s2779.t000" lemma="begynde" pos="VERB">begynder</instance>
         <wf lemma="på" pos="X">på</wf>
         <wf lemma="arbejdet" pos="X">arbejdet</wf>
         <wf lemma="." pos="X">.</wf>
      </sentence>
      <sentence id="d000.s2780" source="wordnet-danish">
         <wf lemma="Jeg" pos="X">Jeg</wf>
         <wf lemma="har" pos="X">har</wf>
         <wf lemma="ingen" pos="X">ingen</wf>
         <wf lemma="venner" pos="X">venner</wf>
         <wf lemma="." pos="X">.</wf>
         <wf lemma="Kun" pos="X">Kun</wf>
         <instance id="d000.s2780.t000" lemma="bekendt" pos="NOUN">bekendte</instance>
         <wf lemma="." pos="X">.</wf>
      </sentence>
      <sentence id="d000.s2781" source="wordnet-danish">
         <wf lemma="medarbejdere" pos="X">medarbejdere</wf>
         <wf lemma="med" pos="X">med</wf>
         <wf lemma="en" pos="X">en</wf>
         <wf lemma="negativ" pos="X">negativ</wf>
         <wf lemma="holdning" pos="X">holdning</wf>
         <wf lemma="til" pos="X">til</wf>
         <wf lemma="erhvervslivet" pos="X">erhvervslivet</wf>
         <wf lemma="er" pos="X">er</wf>
         <wf lemma="ikke" pos="X">ikke</wf>
         <wf lemma="i" pos="X">i</wf>
         <instance id="d000.s2781.t000" lemma="høj" pos="ADJ">høj</instance>
         <wf lemma="kurs" pos="X">kurs</wf>
         <wf lemma="." pos="X">.</wf>
      </sentence>
      <sentence id="d000.s2782" source="wordnet-danish">
         <wf lemma="'Hvad" pos="X">'Hvad</wf>
         <wf lemma="lærer" pos="X">lærer</wf>
         <wf lemma="I" pos="X">I</wf>
         <wf lemma="i" pos="X">i</wf>
         <instance id="d000.s2782.t000" lemma="skole" pos="NOUN">skolen</instance>
         <wf lemma="?" pos="X">?</wf>
         <wf lemma="'" pos="X">'</wf>
         <wf lemma="'" pos="X">'</wf>
         <wf lemma="Vi" pos="X">Vi</wf>
         <wf lemma="lærer" pos="X">lærer</wf>
         <wf lemma="at" pos="X">at</wf>
         <wf lemma="læse" pos="X">læse</wf>
         <wf lemma="og" pos="X">og</wf>
         <wf lemma="regne" pos="X">regne</wf>
         <wf lemma="," pos="X">,</wf>
         <wf lemma="og" pos="X">og</wf>
         <wf lemma="om" pos="X">om</wf>
         <wf lemma="andre" pos="X">andre</wf>
         <wf lemma="lande" pos="X">lande</wf>
         <wf lemma="og" pos="X">og</wf>
         <wf lemma="dyr" pos="X">dyr</wf>
         <wf lemma="og" pos="X">og</wf>
         <wf lemma="sådan" pos="X">sådan</wf>
         <wf lemma="," pos="X">,</wf>
         <wf lemma="'" pos="X">'</wf>
         <wf lemma="svarede" pos="X">svarede</wf>
         <wf lemma="jeg" pos="X">jeg</wf>
         <wf lemma="høfligt" pos="X">høfligt</wf>
         <wf lemma="." pos="X">.</wf>
      </sentence>
      <sentence id="d000.s2783" source="wordnet-danish">
         <wf lemma="Der" pos="X">Der</wf>
         <wf lemma="er" pos="X">er</wf>
         <wf lemma="som" pos="X">som</wf>
         <wf lemma="sædvanlig" pos="X">sædvanlig</wf>
         <wf lemma="gratis" pos="X">gratis</wf>
         <wf lemma="kaffe" pos="X">kaffe</wf>
         <wf lemma="og" pos="X">og</wf>
         <wf lemma="kager" pos="X">kager</wf>
         <wf lemma="til" pos="X">til</wf>
         <wf lemma="de" pos="X">de</wf>
         <wf lemma="voksne" pos="X">voksne</wf>
         <wf lemma="og" pos="X">og</wf>
         <instance id="d000.s2783.t000" lemma="sodavand" pos="NOUN">sodavand</instance>
         <wf lemma="til" pos="X">til</wf>
         <wf lemma="børnene" pos="X">børnene</wf>
         <wf lemma="." pos="X">.</wf>
      </sentence>
      <sentence id="d000.s2784" source="wordnet-danish">
         <wf lemma="Nana" pos="X">Nana</wf>
         <wf lemma="rev" pos="X">rev</wf>
         <wf lemma="sig" pos="X">sig</wf>
         <wf lemma="løs" pos="X">løs</wf>
         <wf lemma="og" pos="X">og</wf>
         <wf lemma="gik" pos="X">gik</wf>
         <wf lemma="hen" pos="X">hen</wf>
         <wf lemma="til" pos="X">til</wf>
         <wf lemma="cyklen" pos="X">cyklen</wf>
         <wf lemma="," pos="X">,</wf>
         <wf lemma="som" pos="X">som</wf>
         <wf lemma="hun" pos="X">hun</wf>
         <wf lemma="havde" pos="X">havde</wf>
         <instance id="d000.s2784.t000" lemma="skjule" pos="VERB">skjult</instance>
         <wf lemma="så" pos="X">så</wf>
         <wf lemma="godt" pos="X">godt</wf>
         <wf lemma="i" pos="X">i</wf>
         <wf lemma="buskadset" pos="X">buskadset</wf>
         <wf lemma="." pos="X">.</wf>
      </sentence>
      <sentence id="d000.s2785" source="wordnet-danish">
         <wf lemma="vi" pos="X">vi</wf>
         <wf lemma="[har]" pos="X">[har]</wf>
         <wf lemma="allerede" pos="X">allerede</wf>
         <wf lemma="en" pos="X">en</wf>
         <wf lemma="lov" pos="X">lov</wf>
         <wf lemma="," pos="X">,</wf>
         <wf lemma="der" pos="X">der</wf>
         <wf lemma="forbyder" pos="X">forbyder</wf>
         <instance id="d000.s2785.t000" lemma="diskrimination" pos="NOUN">diskrimination</instance>
         <wf lemma="på" pos="X">på</wf>
         <wf lemma="grund" pos="X">grund</wf>
         <wf lemma="af" pos="X">af</wf>
         <wf lemma="race" pos="X">race</wf>
         <wf lemma="," pos="X">,</wf>
         <wf lemma="hudfarve" pos="X">hudfarve</wf>
         <wf lemma="," pos="X">,</wf>
         <wf lemma="national" pos="X">national</wf>
         <wf lemma="eller" pos="X">eller</wf>
         <wf lemma="etnisk" pos="X">etnisk</wf>
         <wf lemma="oprindelse" pos="X">oprindelse</wf>
         <wf lemma="." pos="X">.</wf>
      </sentence>
      <sentence id="d000.s2786" source="wordnet-danish">
         <wf lemma="Toget" pos="X">Toget</wf>
         <wf lemma="begynder" pos="X">begynder</wf>
         <wf lemma="at" pos="X">at</wf>
         <wf lemma="bremse" pos="X">bremse</wf>
         <wf lemma="og" pos="X">og</wf>
         <instance id="d000.s2786.t000" lemma="standse" pos="VERB">standser</instance>
         <wf lemma="pludselig" pos="X">pludselig</wf>
         <wf lemma="med" pos="X">med</wf>
         <wf lemma="et" pos="X">et</wf>
         <wf lemma="ryk" pos="X">ryk</wf>
         <wf lemma="." pos="X">.</wf>
      </sentence>
      <sentence id="d000.s2787" source="wordnet-danish">
         <wf lemma="Hvor" pos="X">Hvor</wf>
         <wf lemma="er" pos="X">er</wf>
         <wf lemma="det" pos="X">det</wf>
         <wf lemma="altså" pos="X">altså</wf>
         <wf lemma="en" pos="X">en</wf>
         <instance id="d000.s2787.t000" lemma="skam" pos="NOUN">skam</instance>
         <wf lemma="," pos="X">,</wf>
         <wf lemma="at" pos="X">at</wf>
         <wf lemma="I" pos="X">I</wf>
         <wf lemma="ikke" pos="X">ikke</wf>
         <wf lemma="kunne" pos="X">kunne</wf>
         <wf lemma="komme" pos="X">komme</wf>
         <wf lemma="med" pos="X">med</wf>
         <wf lemma="." pos="X">.</wf>
      </sentence>
      <sentence id="d000.s2788" source="wordnet-danish">
         <wf lemma="Smitteoverførsel" pos="X">Smitteoverførsel</wf>
         <wf lemma="sker" pos="X">sker</wf>
         <wf lemma="ved" pos="X">ved</wf>
         <instance id="d000.s2788.t000" lemma="tæt" pos="ADJ">tæt</instance>
         <wf lemma="kropskontakt" pos="X">kropskontakt</wf>
         <wf lemma="." pos="X">.</wf>
      </sentence>
      <sentence id="d000.s2789" source="wordnet-danish">
         <wf lemma="hvad" pos="X">hvad</wf>
         <wf lemma="er" pos="X">er</wf>
         <wf lemma="det" pos="X">det</wf>
         <wf lemma="for" pos="X">for</wf>
         <wf lemma="en" pos="X">en</wf>
         <wf lemma="opfattelse" pos="X">opfattelse</wf>
         <wf lemma="," pos="X">,</wf>
         <wf lemma="vi" pos="X">vi</wf>
         <wf lemma="har" pos="X">har</wf>
         <wf lemma="af" pos="X">af</wf>
         <wf lemma="gruppen" pos="X">gruppen</wf>
         <wf lemma="[" pos="X">[</wf>
         <wf lemma=":" pos="X">:</wf>
         <wf lemma="indvandrere]" pos="X">indvandrere]</wf>
         <wf lemma="," pos="X">,</wf>
         <wf lemma="er" pos="X">er</wf>
         <wf lemma="det" pos="X">det</wf>
         <wf lemma="udgiftskrævende" pos="X">udgiftskrævende</wf>
         <wf lemma="stakler" pos="X">stakler</wf>
         <wf lemma="," pos="X">,</wf>
         <wf lemma="eller" pos="X">eller</wf>
         <wf lemma="er" pos="X">er</wf>
         <wf lemma="det" pos="X">det</wf>
         <wf lemma="et" pos="X">et</wf>
         <wf lemma="samfundsmæssigt" pos="X">samfundsmæssigt</wf>
         <instance id="d000.s2789.t000" lemma="potentiale" pos="NOUN">potentiale</instance>
         <wf lemma="." pos="X">.</wf>
      </sentence>
      <sentence id="d000.s2790" source="wordnet-danish">
         <wf lemma="I" pos="X">I</wf>
         <wf lemma="60'erne" pos="X">60'erne</wf>
         <wf lemma="var" pos="X">var</wf>
         <wf lemma="det" pos="X">det</wf>
         <instance id="d000.s2790.t000" lemma="moderne" pos="ADJ">moderne</instance>
         <wf lemma="at" pos="X">at</wf>
         <wf lemma="ophænge" pos="X">ophænge</wf>
         <wf lemma="rispapirlamper" pos="X">rispapirlamper</wf>
         <wf lemma="i" pos="X">i</wf>
         <wf lemma="loftet" pos="X">loftet</wf>
         <wf lemma="." pos="X">.</wf>
      </sentence>
      <sentence id="d000.s2791" source="wordnet-danish">
         <wf lemma="I" pos="X">I</wf>
         <wf lemma="alt" pos="X">alt</wf>
         <wf lemma="30" pos="X">30</wf>
         <wf lemma="karnevalsgrupper" pos="X">karnevalsgrupper</wf>
         <wf lemma="fra" pos="X">fra</wf>
         <wf lemma="ind-" pos="X">ind-</wf>
         <wf lemma="og" pos="X">og</wf>
         <wf lemma="udland" pos="X">udland</wf>
         <wf lemma="deltager" pos="X">deltager</wf>
         <wf lemma="i" pos="X">i</wf>
         <wf lemma="det" pos="X">det</wf>
         <wf lemma="store" pos="X">store</wf>
         <instance id="d000.s2791.t000" lemma="optog" pos="NOUN">optog</instance>
         <wf lemma="i" pos="X">i</wf>
         <wf lemma="det" pos="X">det</wf>
         <wf lemma="københavnske" pos="X">københavnske</wf>
         <wf lemma="pinsekarneval" pos="X">pinsekarneval</wf>
         <wf lemma="søndag" pos="X">søndag</wf>
         <wf lemma="." pos="X">.</wf>
      </sentence>
      <sentence id="d000.s2792" source="wordnet-danish">
         <wf lemma="mange" pos="X">mange</wf>
         <wf lemma="kroatere" pos="X">kroatere</wf>
         <wf lemma="frygter" pos="X">frygter</wf>
         <wf lemma="," pos="X">,</wf>
         <wf lemma="at" pos="X">at</wf>
         <wf lemma="kampene" pos="X">kampene</wf>
         <wf lemma="vil" pos="X">vil</wf>
         <wf lemma="fortsætte" pos="X">fortsætte</wf>
         <wf lemma="," pos="X">,</wf>
         <wf lemma="fordi" pos="X">fordi</wf>
         <wf lemma="den" pos="X">den</wf>
         <wf lemma="jugoslaviske" pos="X">jugoslaviske</wf>
         <instance id="d000.s2792.t000" lemma="hær" pos="NOUN">hær</instance>
         <wf lemma="har" pos="X">har</wf>
         <wf lemma="besat" pos="X">besat</wf>
         <wf lemma="omkring" pos="X">omkring</wf>
         <wf lemma="1/3" pos="X">1/3</wf>
         <wf lemma="af" pos="X">af</wf>
         <wf lemma="Kroatien" pos="X">Kroatien</wf>
         <wf lemma="." pos="X">.</wf>
      </sentence>
      <sentence id="d000.s2793" source="wordnet-danish">
         <wf lemma="Hun" pos="X">Hun</wf>
         <wf lemma="trådte" pos="X">trådte</wf>
         <wf lemma="ind" pos="X">ind</wf>
         <wf lemma="i" pos="X">i</wf>
         <wf lemma="et" pos="X">et</wf>
         <wf lemma="kæmpestort" pos="X">kæmpestort</wf>
         <wf lemma="soveværelse" pos="X">soveværelse</wf>
         <wf lemma="i" pos="X">i</wf>
         <wf lemma="lyse" pos="X">lyse</wf>
         <wf lemma="blålilla" pos="X">blålilla</wf>
         <instance id="d000.s2793.t000" lemma="farve" pos="NOUN">farver</instance>
         <wf lemma="." pos="X">.</wf>
      </sentence>
      <sentence id="d000.s2794" source="wordnet-danish">
         <wf lemma="Banken" pos="X">Banken</wf>
         <wf lemma="fattede" pos="X">fattede</wf>
         <instance id="d000.s2794.t000" lemma="mistanke" pos="NOUN">mistanke</instance>
         <wf lemma="til" pos="X">til</wf>
         <wf lemma="den" pos="X">den</wf>
         <wf lemma="ellers" pos="X">ellers</wf>
         <wf lemma="korrekt" pos="X">korrekt</wf>
         <wf lemma="udfyldte" pos="X">udfyldte</wf>
         <wf lemma="check" pos="X">check</wf>
         <wf lemma="og" pos="X">og</wf>
         <wf lemma="alarmerede" pos="X">alarmerede</wf>
         <wf lemma="politiet" pos="X">politiet</wf>
         <wf lemma="." pos="X">.</wf>
      </sentence>
      <sentence id="d000.s2795" source="wordnet-danish">
         <wf lemma="Han" pos="X">Han</wf>
         <instance id="d000.s2795.t000" lemma="undskylde" pos="VERB">undskyldte</instance>
         <wf lemma="," pos="X">,</wf>
         <wf lemma="at" pos="X">at</wf>
         <wf lemma="han" pos="X">han</wf>
         <wf lemma="havde" pos="X">havde</wf>
         <wf lemma="været" pos="X">været</wf>
         <wf lemma="så" pos="X">så</wf>
         <wf lemma="vred" pos="X">vred</wf>
         <wf lemma="og" pos="X">og</wf>
         <wf lemma="ophidset" pos="X">ophidset</wf>
         <wf lemma="." pos="X">.</wf>
      </sentence>
      <sentence id="d000.s2796" source="wordnet-danish">
         <wf lemma="hun" pos="X">hun</wf>
         <wf lemma="kunne" pos="X">kunne</wf>
         <wf lemma="mærke" pos="X">mærke</wf>
         <instance id="d000.s2796.t000" lemma="pres" pos="NOUN">presset</instance>
         <wf lemma="mod" pos="X">mod</wf>
         <wf lemma="ryggen" pos="X">ryggen</wf>
         <wf lemma="," pos="X">,</wf>
         <wf lemma="som" pos="X">som</wf>
         <wf lemma="ville" pos="X">ville</wf>
         <wf lemma="vinden" pos="X">vinden</wf>
         <wf lemma="skubbe" pos="X">skubbe</wf>
         <wf lemma="hende" pos="X">hende</wf>
         <wf lemma="ud" pos="X">ud</wf>
         <wf lemma="--" pos="X">--</wf>
         <wf lemma="ud" pos="X">ud</wf>
         <wf lemma="på" pos="X">på</wf>
         <wf lemma="den" pos="X">den</wf>
         <wf lemma="store" pos="X">store</wf>
         <wf lemma="vide" pos="X">vide</wf>
         <wf lemma="flade" pos="X">flade</wf>
         <wf lemma="." pos="X">.</wf>
      </sentence>
      <sentence id="d000.s2797" source="wordnet-danish">
         <wf lemma="i" pos="X">i</wf>
         <wf lemma="sin" pos="X">sin</wf>
         <instance id="d000.s2797.t000" lemma="fantasi" pos="NOUN">fantasi</instance>
         <wf lemma="forestiller" pos="X">forestiller</wf>
         <wf lemma="hun" pos="X">hun</wf>
         <wf lemma="sig" pos="X">sig</wf>
         <wf lemma="ting" pos="X">ting</wf>
         <wf lemma="," pos="X">,</wf>
         <wf lemma="som" pos="X">som</wf>
         <wf lemma="aldrig" pos="X">aldrig</wf>
         <wf lemma="er" pos="X">er</wf>
         <wf lemma="hændt" pos="X">hændt</wf>
         <wf lemma="hende" pos="X">hende</wf>
         <wf lemma="i" pos="X">i</wf>
         <wf lemma="virkeligheden" pos="X">virkeligheden</wf>
         <wf lemma="." pos="X">.</wf>
      </sentence>
      <sentence id="d000.s2798" source="wordnet-danish">
         <wf lemma="Oliver" pos="X">Oliver</wf>
         <wf lemma="er" pos="X">er</wf>
         <wf lemma="ved" pos="X">ved</wf>
         <wf lemma="at" pos="X">at</wf>
         <wf lemma="lære" pos="X">lære</wf>
         <wf lemma="at" pos="X">at</wf>
         <wf lemma="gå" pos="X">gå</wf>
         <wf lemma="," pos="X">,</wf>
         <wf lemma="men" pos="X">men</wf>
         <wf lemma="han" pos="X">han</wf>
         <wf lemma="kan" pos="X">kan</wf>
         <wf lemma="sagtens" pos="X">sagtens</wf>
         <wf lemma="klare" pos="X">klare</wf>
         <wf lemma="en" pos="X">en</wf>
         <wf lemma="time" pos="X">time</wf>
         <wf lemma="i" pos="X">i</wf>
         <instance id="d000.s2798.t000" lemma="kravlegård" pos="NOUN">kravlegården</instance>
         <wf lemma="." pos="X">.</wf>
      </sentence>
      <sentence id="d000.s2799" source="wordnet-danish">
         <wf lemma="I" pos="X">I</wf>
         <wf lemma="alt" pos="X">alt</wf>
         <wf lemma="40" pos="X">40</wf>
         <wf lemma="dage" pos="X">dage</wf>
         <wf lemma="havde" pos="X">havde</wf>
         <wf lemma="de" pos="X">de</wf>
         <wf lemma="været" pos="X">været</wf>
         <wf lemma="på" pos="X">på</wf>
         <wf lemma="havet" pos="X">havet</wf>
         <wf lemma="uden" pos="X">uden</wf>
         <wf lemma="at" pos="X">at</wf>
         <wf lemma="se" pos="X">se</wf>
         <instance id="d000.s2799.t000" lemma="land" pos="NOUN">land</instance>
         <wf lemma="." pos="X">.</wf>
      </sentence>
      <sentence id="d000.s2800" source="wordnet-danish">
         <wf lemma="I" pos="X">I</wf>
         <wf lemma="de" pos="X">de</wf>
         <wf lemma="sidste" pos="X">sidste</wf>
         <wf lemma="timer" pos="X">timer</wf>
         <wf lemma="har" pos="X">har</wf>
         <wf lemma="jeg" pos="X">jeg</wf>
         <wf lemma="ryddet" pos="X">ryddet</wf>
         <wf lemma="op" pos="X">op</wf>
         <wf lemma="og" pos="X">og</wf>
         <wf lemma="sorteret" pos="X">sorteret</wf>
         <instance id="d000.s2800.t000" lemma="papir" pos="NOUN">papirer</instance>
         <wf lemma="," pos="X">,</wf>
         <wf lemma="vasket" pos="X">vasket</wf>
         <wf lemma="tøj" pos="X">tøj</wf>
         <wf lemma="," pos="X">,</wf>
         <wf lemma="lavet" pos="X">lavet</wf>
         <wf lemma="mad" pos="X">mad</wf>
         <wf lemma="og" pos="X">og</wf>
         <wf lemma="læst" pos="X">læst</wf>
         <wf lemma="Proust" pos="X">Proust</wf>
         <wf lemma="." pos="X">.</wf>
      </sentence>
      <sentence id="d000.s2801" source="wordnet-danish">
         <wf lemma="Halvdelen" pos="X">Halvdelen</wf>
         <wf lemma="af" pos="X">af</wf>
         <wf lemma="sovsen" pos="X">sovsen</wf>
         <wf lemma="hældes" pos="X">hældes</wf>
         <wf lemma="over" pos="X">over</wf>
         <wf lemma="kødet" pos="X">kødet</wf>
         <wf lemma="," pos="X">,</wf>
         <instance id="d000.s2801.t000" lemma="rest" pos="NOUN">resten</instance>
         <wf lemma="serveres" pos="X">serveres</wf>
         <wf lemma="til" pos="X">til</wf>
         <wf lemma="." pos="X">.</wf>
      </sentence>
      <sentence id="d000.s2802" source="wordnet-danish">
         <wf lemma="Hjertet" pos="X">Hjertet</wf>
         <wf lemma="bankede" pos="X">bankede</wf>
         <wf lemma="i" pos="X">i</wf>
         <wf lemma="hans" pos="X">hans</wf>
         <instance id="d000.s2802.t000" lemma="bryst" pos="NOUN">bryst</instance>
         <wf lemma="." pos="X">.</wf>
      </sentence>
      <sentence id="d000.s2803" source="wordnet-danish">
         <wf lemma="Et" pos="X">Et</wf>
         <wf lemma="forhold" pos="X">forhold</wf>
         <wf lemma="kan" pos="X">kan</wf>
         <wf lemma="gå" pos="X">gå</wf>
         <wf lemma="helt" pos="X">helt</wf>
         <wf lemma="i" pos="X">i</wf>
         <wf lemma="smadder" pos="X">smadder</wf>
         <wf lemma="bare" pos="X">bare</wf>
         <wf lemma="på" pos="X">på</wf>
         <wf lemma="en" pos="X">en</wf>
         <instance id="d000.s2803.t000" lemma="mistanke" pos="NOUN">mistanke</instance>
         <wf lemma="om" pos="X">om</wf>
         <wf lemma="utroskab" pos="X">utroskab</wf>
         <wf lemma="." pos="X">.</wf>
      </sentence>
      <sentence id="d000.s2804" source="wordnet-danish">
         <wf lemma="Kokainmisbrug" pos="X">Kokainmisbrug</wf>
         <wf lemma="giver" pos="X">giver</wf>
         <instance id="d000.s2804.t000" lemma="skade" pos="NOUN">skader</instance>
         <wf lemma="i" pos="X">i</wf>
         <wf lemma="næsen" pos="X">næsen</wf>
         <wf lemma="." pos="X">.</wf>
      </sentence>
      <sentence id="d000.s2805" source="wordnet-danish">
         <wf lemma="Skolen" pos="X">Skolen</wf>
         <wf lemma="har" pos="X">har</wf>
         <instance id="d000.s2805.t000" lemma="slette" pos="VERB">slettet</instance>
         <wf lemma="de" pos="X">de</wf>
         <wf lemma="programmer" pos="X">programmer</wf>
         <wf lemma="," pos="X">,</wf>
         <wf lemma="som" pos="X">som</wf>
         <wf lemma="den" pos="X">den</wf>
         <wf lemma="ikke" pos="X">ikke</wf>
         <wf lemma="havde" pos="X">havde</wf>
         <wf lemma="licens" pos="X">licens</wf>
         <wf lemma="til" pos="X">til</wf>
         <wf lemma="." pos="X">.</wf>
      </sentence>
      <sentence id="d000.s2806" source="wordnet-danish">
         <wf lemma="Den" pos="X">Den</wf>
         <wf lemma="dynamiske" pos="X">dynamiske</wf>
         <instance id="d000.s2806.t000" lemma="leder" pos="NOUN">leder</instance>
         <wf lemma=".." pos="X">..</wf>
         <wf lemma="forstod" pos="X">forstod</wf>
         <wf lemma="at" pos="X">at</wf>
         <wf lemma="trække" pos="X">trække</wf>
         <wf lemma="velrenommerede" pos="X">velrenommerede</wf>
         <wf lemma="personer" pos="X">personer</wf>
         <wf lemma="ind" pos="X">ind</wf>
         <wf lemma="i" pos="X">i</wf>
         <wf lemma="virksomheden" pos="X">virksomheden</wf>
         <wf lemma="og" pos="X">og</wf>
         <wf lemma="dens" pos="X">dens</wf>
         <wf lemma="bestyrelse" pos="X">bestyrelse</wf>
         <wf lemma="." pos="X">.</wf>
      </sentence>
      <sentence id="d000.s2807" source="wordnet-danish">
         <wf lemma="Den" pos="X">Den</wf>
         <wf lemma="europæiske" pos="X">europæiske</wf>
         <wf lemma="union" pos="X">union</wf>
         <wf lemma="er" pos="X">er</wf>
         <instance id="d000.s2807.t000" lemma="vej" pos="NOUN">vejen</instance>
         <wf lemma="til" pos="X">til</wf>
         <wf lemma="det" pos="X">det</wf>
         <wf lemma="nye" pos="X">nye</wf>
         <wf lemma="Europa" pos="X">Europa</wf>
         <wf lemma="i" pos="X">i</wf>
         <wf lemma="den" pos="X">den</wf>
         <wf lemma="europæiske" pos="X">europæiske</wf>
         <wf lemma="udvikling" pos="X">udvikling</wf>
         <wf lemma="." pos="X">.</wf>
      </sentence>
      <sentence id="d000.s2808" source="wordnet-danish">
         <wf lemma="Han" pos="X">Han</wf>
         <wf lemma="bryder" pos="X">bryder</wf>
         <wf lemma="sig" pos="X">sig</wf>
         <wf lemma="ikke" pos="X">ikke</wf>
         <wf lemma="om" pos="X">om</wf>
         <wf lemma="det" pos="X">det</wf>
         <wf lemma="danske" pos="X">danske</wf>
         <wf lemma="klima" pos="X">klima</wf>
         <wf lemma="med" pos="X">med</wf>
         <wf lemma="slud" pos="X">slud</wf>
         <wf lemma="," pos="X">,</wf>
         <wf lemma="regn" pos="X">regn</wf>
         <wf lemma="," pos="X">,</wf>
         <wf lemma="sne" pos="X">sne</wf>
         <wf lemma="," pos="X">,</wf>
         <instance id="d000.s2808.t000" lemma="kulde" pos="NOUN">kulde</instance>
         <wf lemma="og" pos="X">og</wf>
         <wf lemma="mørke" pos="X">mørke</wf>
         <wf lemma="." pos="X">.</wf>
      </sentence>
      <sentence id="d000.s2809" source="wordnet-danish">
         <instance id="d000.s2809.t000" lemma="karakteristisk" pos="ADJ">Karakteristisk</instance>
         <wf lemma="for" pos="X">for</wf>
         <wf lemma="rådyret" pos="X">rådyret</wf>
         <wf lemma="er" pos="X">er</wf>
         <wf lemma="," pos="X">,</wf>
         <wf lemma="at" pos="X">at</wf>
         <wf lemma="dets" pos="X">dets</wf>
         <wf lemma="bagben" pos="X">bagben</wf>
         <wf lemma="er" pos="X">er</wf>
         <wf lemma="længere" pos="X">længere</wf>
         <wf lemma="end" pos="X">end</wf>
         <wf lemma="forbenene" pos="X">forbenene</wf>
         <wf lemma="." pos="X">.</wf>
      </sentence>
      <sentence id="d000.s2810" source="wordnet-danish">
         <wf lemma="Et" pos="X">Et</wf>
         <wf lemma="ægtepar" pos="X">ægtepar</wf>
         <wf lemma="på" pos="X">på</wf>
         <wf lemma="Ringstedkanten" pos="X">Ringstedkanten</wf>
         <wf lemma="har" pos="X">har</wf>
         <instance id="d000.s2810.t000" lemma="tilbyde" pos="VERB">tilbudt</instance>
         <wf lemma="at" pos="X">at</wf>
         <wf lemma="adoptere" pos="X">adoptere</wf>
         <wf lemma="Louis" pos="X">Louis</wf>
         <wf lemma="." pos="X">.</wf>
      </sentence>
      <sentence id="d000.s2811" source="wordnet-danish">
         <wf lemma="Endnu" pos="X">Endnu</wf>
         <wf lemma="var" pos="X">var</wf>
         <wf lemma="det" pos="X">det</wf>
         <wf lemma="ikke" pos="X">ikke</wf>
         <wf lemma="blevet" pos="X">blevet</wf>
         <wf lemma="så" pos="X">så</wf>
         <wf lemma="lyst" pos="X">lyst</wf>
         <wf lemma="," pos="X">,</wf>
         <wf lemma="at" pos="X">at</wf>
         <wf lemma="han" pos="X">han</wf>
         <wf lemma="kunne" pos="X">kunne</wf>
         <instance id="d000.s2811.t000" lemma="se" pos="VERB">se</instance>
         <wf lemma="ret" pos="X">ret</wf>
         <wf lemma="meget" pos="X">meget</wf>
         <wf lemma="." pos="X">.</wf>
      </sentence>
      <sentence id="d000.s2812" source="wordnet-danish">
         <wf lemma="de" pos="X">de</wf>
         <wf lemma="var" pos="X">var</wf>
         <wf lemma="irriterede" pos="X">irriterede</wf>
         <wf lemma="over" pos="X">over</wf>
         <wf lemma="at" pos="X">at</wf>
         <wf lemma="jeg" pos="X">jeg</wf>
         <wf lemma="altid" pos="X">altid</wf>
         <wf lemma="sad" pos="X">sad</wf>
         <wf lemma="og" pos="X">og</wf>
         <instance id="d000.s2812.t000" lemma="læse" pos="VERB">læste</instance>
         <wf lemma="i" pos="X">i</wf>
         <wf lemma="en" pos="X">en</wf>
         <wf lemma="avis" pos="X">avis</wf>
         <wf lemma="," pos="X">,</wf>
         <wf lemma="når" pos="X">når</wf>
         <wf lemma="jeg" pos="X">jeg</wf>
         <wf lemma="spiste" pos="X">spiste</wf>
         <wf lemma="min" pos="X">min</wf>
         <wf lemma="morgenmad" pos="X">morgenmad</wf>
         <wf lemma="." pos="X">.</wf>
      </sentence>
      <sentence id="d000.s2813" source="wordnet-danish">
         <instance id="d000.s2813.t000" lemma="brusebad" pos="NOUN">Brusebadet</instance>
         <wf lemma="er" pos="X">er</wf>
         <wf lemma="monteret" pos="X">monteret</wf>
         <wf lemma="med" pos="X">med</wf>
         <wf lemma="et" pos="X">et</wf>
         <wf lemma="såkaldt" pos="X">såkaldt</wf>
         <wf lemma="'handicap-håndtag'" pos="X">'handicap-håndtag'</wf>
         <wf lemma="," pos="X">,</wf>
         <wf lemma="der" pos="X">der</wf>
         <wf lemma="afbryder" pos="X">afbryder</wf>
         <wf lemma="det" pos="X">det</wf>
         <wf lemma="varme" pos="X">varme</wf>
         <wf lemma="vand" pos="X">vand</wf>
         <wf lemma="," pos="X">,</wf>
         <wf lemma="når" pos="X">når</wf>
         <wf lemma="man" pos="X">man</wf>
         <wf lemma="sæber" pos="X">sæber</wf>
         <wf lemma="sig" pos="X">sig</wf>
         <wf lemma="ind" pos="X">ind</wf>
         <wf lemma="." pos="X">.</wf>
      </sentence>
      <sentence id="d000.s2814" source="wordnet-danish">
         <wf lemma="Akvarelpapir" pos="X">Akvarelpapir</wf>
         <wf lemma="fås" pos="X">fås</wf>
         <wf lemma="både" pos="X">både</wf>
         <wf lemma="i" pos="X">i</wf>
         <wf lemma="løse" pos="X">løse</wf>
         <instance id="d000.s2814.t000" lemma="ark" pos="NOUN">ark</instance>
         <wf lemma="og" pos="X">og</wf>
         <wf lemma="i" pos="X">i</wf>
         <wf lemma="blokke" pos="X">blokke</wf>
         <wf lemma="i" pos="X">i</wf>
         <wf lemma="forskellige" pos="X">forskellige</wf>
         <wf lemma="formater" pos="X">formater</wf>
         <wf lemma="." pos="X">.</wf>
      </sentence>
      <sentence id="d000.s2815" source="wordnet-danish">
         <wf lemma="Som" pos="X">Som</wf>
         <wf lemma="biologilærer" pos="X">biologilærer</wf>
         <wf lemma="er" pos="X">er</wf>
         <wf lemma="Lene" pos="X">Lene</wf>
         <wf lemma="også" pos="X">også</wf>
         <wf lemma="meget" pos="X">meget</wf>
         <wf lemma="interesseret" pos="X">interesseret</wf>
         <wf lemma="i" pos="X">i</wf>
         <wf lemma="miljøet" pos="X">miljøet</wf>
         <wf lemma="og" pos="X">og</wf>
         <wf lemma="dets" pos="X">dets</wf>
         <instance id="d000.s2815.t000" lemma="beskaffenhed" pos="NOUN">beskaffenhed</instance>
         <wf lemma="." pos="X">.</wf>
      </sentence>
      <sentence id="d000.s2816" source="wordnet-danish">
         <wf lemma="få" pos="X">få</wf>
         <wf lemma="minutter" pos="X">minutter</wf>
         <wf lemma="før" pos="X">før</wf>
         <instance id="d000.s2816.t000" lemma="dommer" pos="NOUN">dommerens</instance>
         <wf lemma="afgørende" pos="X">afgørende</wf>
         <wf lemma="fløjt" pos="X">fløjt</wf>
         <wf lemma="var" pos="X">var</wf>
         <wf lemma="stillingen" pos="X">stillingen</wf>
         <wf lemma="så" pos="X">så</wf>
         <wf lemma="tæt" pos="X">tæt</wf>
         <wf lemma="som" pos="X">som</wf>
         <wf lemma="57-54" pos="X">57-54</wf>
         <wf lemma="." pos="X">.</wf>
      </sentence>
      <sentence id="d000.s2817" source="wordnet-danish">
         <wf lemma="mennesket" pos="X">mennesket</wf>
         <wf lemma="er" pos="X">er</wf>
         <wf lemma="ikke" pos="X">ikke</wf>
         <wf lemma="skabt" pos="X">skabt</wf>
         <wf lemma="til" pos="X">til</wf>
         <wf lemma="at" pos="X">at</wf>
         <instance id="d000.s2817.t000" lemma="sidde" pos="VERB">sidde</instance>
         <wf lemma="ned" pos="X">ned</wf>
         <wf lemma="hele" pos="X">hele</wf>
         <wf lemma="dagen" pos="X">dagen</wf>
         <wf lemma="." pos="X">.</wf>
      </sentence>
      <sentence id="d000.s2818" source="wordnet-danish">
         <wf lemma="stormene" pos="X">stormene</wf>
         <wf lemma="kunne" pos="X">kunne</wf>
         <wf lemma="være" pos="X">være</wf>
         <wf lemma="så" pos="X">så</wf>
         <wf lemma="voldsomme" pos="X">voldsomme</wf>
         <wf lemma="," pos="X">,</wf>
         <wf lemma="at" pos="X">at</wf>
         <wf lemma="rullesten" pos="X">rullesten</wf>
         <wf lemma="fra" pos="X">fra</wf>
         <wf lemma="havbunden" pos="X">havbunden</wf>
         <wf lemma="kunne" pos="X">kunne</wf>
         <instance id="d000.s2818.t000" lemma="slynge" pos="VERB">slynges</instance>
         <wf lemma="helt" pos="X">helt</wf>
         <wf lemma="op" pos="X">op</wf>
         <wf lemma="på" pos="X">på</wf>
         <wf lemma="toppen" pos="X">toppen</wf>
         <wf lemma="af" pos="X">af</wf>
         <wf lemma="fjeldsiden" pos="X">fjeldsiden</wf>
         <wf lemma="." pos="X">.</wf>
      </sentence>
      <sentence id="d000.s2819" source="wordnet-danish">
         <wf lemma="Jeg" pos="X">Jeg</wf>
         <wf lemma="vil" pos="X">vil</wf>
         <wf lemma="aldrig" pos="X">aldrig</wf>
         <wf lemma="være" pos="X">være</wf>
         <wf lemma="afhængig" pos="X">afhængig</wf>
         <wf lemma="af" pos="X">af</wf>
         <wf lemma="en" pos="X">en</wf>
         <wf lemma="mand" pos="X">mand</wf>
         <wf lemma="." pos="X">.</wf>
         <wf lemma="Jeg" pos="X">Jeg</wf>
         <wf lemma="vil" pos="X">vil</wf>
         <wf lemma="være" pos="X">være</wf>
         <wf lemma="min" pos="X">min</wf>
         <wf lemma="egen" pos="X">egen</wf>
         <wf lemma="." pos="X">.</wf>
         <wf lemma="Jeg" pos="X">Jeg</wf>
         <wf lemma="vil" pos="X">vil</wf>
         <wf lemma="være" pos="X">være</wf>
         <wf lemma="en" pos="X">en</wf>
         <instance id="d000.s2819.t000" lemma="uafhængig" pos="ADJ">uafhængig</instance>
         <wf lemma="kvinde" pos="X">kvinde</wf>
         <wf lemma="." pos="X">.</wf>
      </sentence>
      <sentence id="d000.s2820" source="wordnet-danish">
         <wf lemma="Faderen" pos="X">Faderen</wf>
         <wf lemma="tog" pos="X">tog</wf>
         <wf lemma="sin" pos="X">sin</wf>
         <wf lemma="lighter" pos="X">lighter</wf>
         <wf lemma="i" pos="X">i</wf>
         <wf lemma="handskerummet" pos="X">handskerummet</wf>
         <wf lemma="og" pos="X">og</wf>
         <instance id="d000.s2820.t000" lemma="forsøge" pos="VERB">forsøgte</instance>
         <wf lemma="at" pos="X">at</wf>
         <wf lemma="tænde" pos="X">tænde</wf>
         <wf lemma="en" pos="X">en</wf>
         <wf lemma="cigaret" pos="X">cigaret</wf>
         <wf lemma="," pos="X">,</wf>
         <wf lemma="men" pos="X">men</wf>
         <wf lemma="den" pos="X">den</wf>
         <wf lemma="var" pos="X">var</wf>
         <wf lemma="for" pos="X">for</wf>
         <wf lemma="våd" pos="X">våd</wf>
         <wf lemma="." pos="X">.</wf>
      </sentence>
      <sentence id="d000.s2821" source="wordnet-danish">
         <wf lemma="Alle" pos="X">Alle</wf>
         <wf lemma="sejl" pos="X">sejl</wf>
         <wf lemma="er" pos="X">er</wf>
         <wf lemma="sat" pos="X">sat</wf>
         <wf lemma="til" pos="X">til</wf>
         <wf lemma="og" pos="X">og</wf>
         <wf lemma="intet" pos="X">intet</wf>
         <wf lemma="blev" pos="X">blev</wf>
         <wf lemma="sparet" pos="X">sparet</wf>
         <wf lemma="undervejs" pos="X">undervejs</wf>
         <wf lemma="," pos="X">,</wf>
         <wf lemma="så" pos="X">så</wf>
         <wf lemma="derfor" pos="X">derfor</wf>
         <wf lemma="er" pos="X">er</wf>
         <wf lemma="det" pos="X">det</wf>
         <wf lemma="ikke" pos="X">ikke</wf>
         <wf lemma="underligt" pos="X">underligt</wf>
         <wf lemma="," pos="X">,</wf>
         <wf lemma="at" pos="X">at</wf>
         <wf lemma="serien" pos="X">serien</wf>
         <wf lemma="er" pos="X">er</wf>
         <wf lemma="BBC's" pos="X">BBC's</wf>
         <wf lemma="dyreste" pos="X">dyreste</wf>
         <instance id="d000.s2821.t000" lemma="produktion" pos="NOUN">produktion</instance>
         <wf lemma="til" pos="X">til</wf>
         <wf lemma="dato" pos="X">dato</wf>
         <wf lemma="." pos="X">.</wf>
      </sentence>
      <sentence id="d000.s2822" source="wordnet-danish">
         <wf lemma="det" pos="X">det</wf>
         <wf lemma="viste" pos="X">viste</wf>
         <wf lemma="sig" pos="X">sig</wf>
         <wf lemma="," pos="X">,</wf>
         <wf lemma="at" pos="X">at</wf>
         <wf lemma="jeg" pos="X">jeg</wf>
         <wf lemma="gik" pos="X">gik</wf>
         <wf lemma="bedre" pos="X">bedre</wf>
         <wf lemma="med" pos="X">med</wf>
         <wf lemma="to" pos="X">to</wf>
         <instance id="d000.s2822.t000" lemma="kunstig" pos="ADJ">kunstige</instance>
         <wf lemma="ben" pos="X">ben</wf>
         <wf lemma="end" pos="X">end</wf>
         <wf lemma="med" pos="X">med</wf>
         <wf lemma="to" pos="X">to</wf>
         <wf lemma="naturlige" pos="X">naturlige</wf>
         <wf lemma="." pos="X">.</wf>
      </sentence>
      <sentence id="d000.s2823" source="wordnet-danish">
         <wf lemma="Den" pos="X">Den</wf>
         <wf lemma="28." pos="X">28.</wf>
         <wf lemma="april" pos="X">april</wf>
         <wf lemma="1772" pos="X">1772</wf>
         <wf lemma="var" pos="X">var</wf>
         <wf lemma="Enevold" pos="X">Enevold</wf>
         <wf lemma="Brandt" pos="X">Brandt</wf>
         <wf lemma="og" pos="X">og</wf>
         <wf lemma="Struensee" pos="X">Struensee</wf>
         <wf lemma="blevet" pos="X">blevet</wf>
         <instance id="d000.s2823.t000" lemma="henrette" pos="VERB">henrettet</instance>
         <wf lemma="på" pos="X">på</wf>
         <wf lemma="et" pos="X">et</wf>
         <wf lemma="til" pos="X">til</wf>
         <wf lemma="lejligheden" pos="X">lejligheden</wf>
         <wf lemma="opført" pos="X">opført</wf>
         <wf lemma="skafot" pos="X">skafot</wf>
         <wf lemma="på" pos="X">på</wf>
         <wf lemma="Østre" pos="X">Østre</wf>
         <wf lemma="Fælled" pos="X">Fælled</wf>
         <wf lemma="." pos="X">.</wf>
      </sentence>
      <sentence id="d000.s2824" source="wordnet-danish">
         <wf lemma="Jo" pos="X">Jo</wf>
         <wf lemma="mere" pos="X">mere</wf>
         <instance id="d000.s2824.t000" lemma="kold" pos="ADJ">kold</instance>
         <wf lemma="og" pos="X">og</wf>
         <wf lemma="materialistisk" pos="X">materialistisk</wf>
         <wf lemma="verden" pos="X">verden</wf>
         <wf lemma="bliver" pos="X">bliver</wf>
         <wf lemma="," pos="X">,</wf>
         <wf lemma="jo" pos="X">jo</wf>
         <wf lemma="mere" pos="X">mere</wf>
         <wf lemma="har" pos="X">har</wf>
         <wf lemma="vi" pos="X">vi</wf>
         <wf lemma="brug" pos="X">brug</wf>
         <wf lemma="for" pos="X">for</wf>
         <wf lemma="at" pos="X">at</wf>
         <wf lemma="finde" pos="X">finde</wf>
         <wf lemma="ind" pos="X">ind</wf>
         <wf lemma="til" pos="X">til</wf>
         <wf lemma="de" pos="X">de</wf>
         <wf lemma="sande" pos="X">sande</wf>
         <wf lemma="livsværdier" pos="X">livsværdier</wf>
         <wf lemma="." pos="X">.</wf>
      </sentence>
      <sentence id="d000.s2825" source="wordnet-danish">
         <wf lemma="Indførelse" pos="X">Indførelse</wf>
         <wf lemma="af" pos="X">af</wf>
         <wf lemma="brugerbetaling" pos="X">brugerbetaling</wf>
         <wf lemma="bør" pos="X">bør</wf>
         <wf lemma="derfor" pos="X">derfor</wf>
         <instance id="d000.s2825.t000" lemma="forudgå" pos="VERB">forudgås</instance>
         <wf lemma="af" pos="X">af</wf>
         <wf lemma="en" pos="X">en</wf>
         <wf lemma="generel" pos="X">generel</wf>
         <wf lemma="og" pos="X">og</wf>
         <wf lemma="omfattende" pos="X">omfattende</wf>
         <wf lemma="prioriteringsdebat" pos="X">prioriteringsdebat</wf>
         <wf lemma="." pos="X">.</wf>
      </sentence>
      <sentence id="d000.s2826" source="wordnet-danish">
         <wf lemma="videnskaben" pos="X">videnskaben</wf>
         <wf lemma="bukkede" pos="X">bukkede</wf>
         <wf lemma="i" pos="X">i</wf>
         <instance id="d000.s2826.t000" lemma="beundring" pos="NOUN">beundring</instance>
         <wf lemma="for" pos="X">for</wf>
         <wf lemma="hans" pos="X">hans</wf>
         <wf lemma="kombinationsevne" pos="X">kombinationsevne</wf>
         <wf lemma="og" pos="X">og</wf>
         <wf lemma="tværvidenskabelige" pos="X">tværvidenskabelige</wf>
         <wf lemma="fantasi" pos="X">fantasi</wf>
         <wf lemma="." pos="X">.</wf>
      </sentence>
      <sentence id="d000.s2827" source="wordnet-danish">
         <wf lemma="På" pos="X">På</wf>
         <wf lemma="gærder" pos="X">gærder</wf>
         <wf lemma="finder" pos="X">finder</wf>
         <wf lemma="man" pos="X">man</wf>
         <wf lemma="skvalderkålens" pos="X">skvalderkålens</wf>
         <instance id="d000.s2827.t000" lemma="fin" pos="ADJ">fine</instance>
         <wf lemma="skud" pos="X">skud</wf>
         <wf lemma="eller" pos="X">eller</wf>
         <wf lemma="måske" pos="X">måske</wf>
         <wf lemma="endda" pos="X">endda</wf>
         <wf lemma="bagest" pos="X">bagest</wf>
         <wf lemma="i" pos="X">i</wf>
         <wf lemma="haver" pos="X">haver</wf>
         <wf lemma="." pos="X">.</wf>
      </sentence>
      <sentence id="d000.s2828" source="wordnet-danish">
         <wf lemma="Mange" pos="X">Mange</wf>
         <wf lemma="skuespillere" pos="X">skuespillere</wf>
         <wf lemma="," pos="X">,</wf>
         <wf lemma="der" pos="X">der</wf>
         <wf lemma="er" pos="X">er</wf>
         <wf lemma="morsomme" pos="X">morsomme</wf>
         <wf lemma="på" pos="X">på</wf>
         <instance id="d000.s2828.t000" lemma="scene" pos="NOUN">scenen</instance>
         <wf lemma="," pos="X">,</wf>
         <wf lemma="hævdes" pos="X">hævdes</wf>
         <wf lemma="at" pos="X">at</wf>
         <wf lemma="være" pos="X">være</wf>
         <wf lemma="kedelige" pos="X">kedelige</wf>
         <wf lemma="ægtefæller" pos="X">ægtefæller</wf>
         <wf lemma="." pos="X">.</wf>
      </sentence>
      <sentence id="d000.s2829" source="wordnet-danish">
         <wf lemma="Kvinder" pos="X">Kvinder</wf>
         <wf lemma="fra" pos="X">fra</wf>
         <wf lemma="Øst" pos="X">Øst</wf>
         <wf lemma="og" pos="X">og</wf>
         <wf lemma="Vest" pos="X">Vest</wf>
         <wf lemma="mødtes" pos="X">mødtes</wf>
         <wf lemma="i" pos="X">i</wf>
         <wf lemma="går" pos="X">går</wf>
         <wf lemma="til" pos="X">til</wf>
         <instance id="d000.s2829.t000" lemma="seminar" pos="NOUN">seminar</instance>
         <wf lemma="i" pos="X">i</wf>
         <wf lemma="København" pos="X">København</wf>
         <wf lemma="for" pos="X">for</wf>
         <wf lemma="at" pos="X">at</wf>
         <wf lemma="debattere" pos="X">debattere</wf>
         <wf lemma="kvindernes" pos="X">kvindernes</wf>
         <wf lemma="politiske" pos="X">politiske</wf>
         <wf lemma="rolle" pos="X">rolle</wf>
         <wf lemma="i" pos="X">i</wf>
         <wf lemma="det" pos="X">det</wf>
         <wf lemma="ny" pos="X">ny</wf>
         <wf lemma="Europa" pos="X">Europa</wf>
         <wf lemma="." pos="X">.</wf>
      </sentence>
      <sentence id="d000.s2830" source="wordnet-danish">
         <wf lemma="Guido" pos="X">Guido</wf>
         <wf lemma="kunne" pos="X">kunne</wf>
         <wf lemma=".." pos="X">..</wf>
         <wf lemma="tegne" pos="X">tegne</wf>
         <wf lemma="og" pos="X">og</wf>
         <wf lemma="male" pos="X">male</wf>
         <wf lemma="og" pos="X">og</wf>
         <wf lemma="snitte" pos="X">snitte</wf>
         <wf lemma="figurer" pos="X">figurer</wf>
         <wf lemma="i" pos="X">i</wf>
         <instance id="d000.s2830.t000" lemma="træ" pos="NOUN">træ</instance>
         <wf lemma="med" pos="X">med</wf>
         <wf lemma="en" pos="X">en</wf>
         <wf lemma="lille" pos="X">lille</wf>
         <wf lemma="tollekniv" pos="X">tollekniv</wf>
         <wf lemma="." pos="X">.</wf>
      </sentence>
      <sentence id="d000.s2831" source="wordnet-danish">
         <wf lemma="En" pos="X">En</wf>
         <wf lemma="52-årig" pos="X">52-årig</wf>
         <wf lemma="bilist" pos="X">bilist</wf>
         <wf lemma="blev" pos="X">blev</wf>
         <wf lemma="utålmodig" pos="X">utålmodig</wf>
         <wf lemma="i" pos="X">i</wf>
         <wf lemma="en" pos="X">en</wf>
         <wf lemma="færgekø" pos="X">færgekø</wf>
         <wf lemma="og" pos="X">og</wf>
         <instance id="d000.s2831.t000" lemma="forsøge" pos="VERB">forsøgte</instance>
         <wf lemma="en" pos="X">en</wf>
         <wf lemma="hasarderet" pos="X">hasarderet</wf>
         <wf lemma="overhaling" pos="X">overhaling</wf>
         <wf lemma="." pos="X">.</wf>
      </sentence>
      <sentence id="d000.s2832" source="wordnet-danish">
         <wf lemma="da" pos="X">da</wf>
         <instance id="d000.s2832.t000" lemma="dirigent" pos="NOUN">dirigenten</instance>
         <wf lemma="træder" pos="X">træder</wf>
         <wf lemma="frem" pos="X">frem</wf>
         <wf lemma="foran" pos="X">foran</wf>
         <wf lemma="musikanterne" pos="X">musikanterne</wf>
         <wf lemma="og" pos="X">og</wf>
         <wf lemma="løfter" pos="X">løfter</wf>
         <wf lemma="sin" pos="X">sin</wf>
         <wf lemma="stok" pos="X">stok</wf>
         <wf lemma="," pos="X">,</wf>
         <wf lemma="bliver" pos="X">bliver</wf>
         <wf lemma="der" pos="X">der</wf>
         <wf lemma="næsten" pos="X">næsten</wf>
         <wf lemma="stille" pos="X">stille</wf>
         <wf lemma="." pos="X">.</wf>
      </sentence>
      <sentence id="d000.s2833" source="wordnet-danish">
         <wf lemma="Et" pos="X">Et</wf>
         <instance id="d000.s2833.t000" lemma="udvalg" pos="NOUN">udvalg</instance>
         <wf lemma="under" pos="X">under</wf>
         <wf lemma="arbejdsministeriet" pos="X">arbejdsministeriet</wf>
         <wf lemma="har" pos="X">har</wf>
         <wf lemma="skønnet" pos="X">skønnet</wf>
         <wf lemma="," pos="X">,</wf>
         <wf lemma="at" pos="X">at</wf>
         <wf lemma="fejludbetalinger" pos="X">fejludbetalinger</wf>
         <wf lemma="af" pos="X">af</wf>
         <wf lemma="dagpenge" pos="X">dagpenge</wf>
         <wf lemma="og" pos="X">og</wf>
         <wf lemma="feriedagpenge" pos="X">feriedagpenge</wf>
         <wf lemma="vil" pos="X">vil</wf>
         <wf lemma="påføre" pos="X">påføre</wf>
         <wf lemma="staten" pos="X">staten</wf>
         <wf lemma="en" pos="X">en</wf>
         <wf lemma="merudgift" pos="X">merudgift</wf>
         <wf lemma="på" pos="X">på</wf>
         <wf lemma="525" pos="X">525</wf>
         <wf lemma="mill." pos="X">mill.</wf>
         <wf lemma="kr." pos="X">kr.</wf>
         <wf lemma="i" pos="X">i</wf>
         <wf lemma="år" pos="X">år</wf>
         <wf lemma="." pos="X">.</wf>
      </sentence>
      <sentence id="d000.s2834" source="wordnet-danish">
         <wf lemma="Musikken" pos="X">Musikken</wf>
         <wf lemma="virker" pos="X">virker</wf>
         <wf lemma="meget" pos="X">meget</wf>
         <wf lemma="stærkt" pos="X">stærkt</wf>
         <wf lemma="på" pos="X">på</wf>
         <wf lemma="min" pos="X">min</wf>
         <wf lemma="mor" pos="X">mor</wf>
         <wf lemma="," pos="X">,</wf>
         <wf lemma="som" pos="X">som</wf>
         <wf lemma="er" pos="X">er</wf>
         <wf lemma="meget" pos="X">meget</wf>
         <instance id="d000.s2834.t000" lemma="følelsesbetonet" pos="ADJ">følelsesbetonet</instance>
         <wf lemma="." pos="X">.</wf>
      </sentence>
      <sentence id="d000.s2835" source="wordnet-danish">
         <wf lemma="Flere" pos="X">Flere</wf>
         <wf lemma="af" pos="X">af</wf>
         <wf lemma="hans" pos="X">hans</wf>
         <wf lemma="klassekammerater" pos="X">klassekammerater</wf>
         <wf lemma="er" pos="X">er</wf>
         <instance id="d000.s2835.t000" lemma="gift" pos="ADJ">gift</instance>
         <wf lemma="og" pos="X">og</wf>
         <wf lemma="har" pos="X">har</wf>
         <wf lemma="børn" pos="X">børn</wf>
         <wf lemma="." pos="X">.</wf>
      </sentence>
      <sentence id="d000.s2836" source="wordnet-danish">
         <wf lemma="Den" pos="X">Den</wf>
         <wf lemma="ene" pos="X">ene</wf>
         <wf lemma="fod" pos="X">fod</wf>
         <wf lemma="vipper" pos="X">vipper</wf>
         <wf lemma="op" pos="X">op</wf>
         <wf lemma="og" pos="X">og</wf>
         <wf lemma="ned" pos="X">ned</wf>
         <wf lemma="i" pos="X">i</wf>
         <wf lemma="takt" pos="X">takt</wf>
         <wf lemma="med" pos="X">med</wf>
         <wf lemma="den" pos="X">den</wf>
         <instance id="d000.s2836.t000" lemma="melodi" pos="NOUN">melodi</instance>
         <wf lemma="," pos="X">,</wf>
         <wf lemma="far" pos="X">far</wf>
         <wf lemma="fløjter" pos="X">fløjter</wf>
         <wf lemma="." pos="X">.</wf>
      </sentence>
      <sentence id="d000.s2837" source="wordnet-danish">
         <wf lemma="Elmer" pos="X">Elmer</wf>
         <wf lemma=".." pos="X">..</wf>
         <wf lemma="var" pos="X">var</wf>
         <wf lemma="helt" pos="X">helt</wf>
         <wf lemma="spæd" pos="X">spæd</wf>
         <wf lemma="og" pos="X">og</wf>
         <wf lemma="lå" pos="X">lå</wf>
         <wf lemma="og" pos="X">og</wf>
         <wf lemma="hylede" pos="X">hylede</wf>
         <wf lemma="om" pos="X">om</wf>
         <wf lemma="natten" pos="X">natten</wf>
         <wf lemma="," pos="X">,</wf>
         <wf lemma="fordi" pos="X">fordi</wf>
         <wf lemma="han" pos="X">han</wf>
         <wf lemma="var" pos="X">var</wf>
         <wf lemma="ved" pos="X">ved</wf>
         <wf lemma="at" pos="X">at</wf>
         <wf lemma="få" pos="X">få</wf>
         <instance id="d000.s2837.t000" lemma="tand" pos="NOUN">tænder</instance>
         <wf lemma="." pos="X">.</wf>
      </sentence>
      <sentence id="d000.s2838" source="wordnet-danish">
         <wf lemma="Helium" pos="X">Helium</wf>
         <wf lemma="blev" pos="X">blev</wf>
         <wf lemma="faktisk" pos="X">faktisk</wf>
         <wf lemma="opdaget" pos="X">opdaget</wf>
         <wf lemma="på" pos="X">på</wf>
         <wf lemma="Solen" pos="X">Solen</wf>
         <wf lemma="før" pos="X">før</wf>
         <wf lemma="man" pos="X">man</wf>
         <wf lemma="fandt" pos="X">fandt</wf>
         <wf lemma="denne" pos="X">denne</wf>
         <wf lemma="gas" pos="X">gas</wf>
         <wf lemma="i" pos="X">i</wf>
         <wf lemma="den" pos="X">den</wf>
         <wf lemma="jordiske" pos="X">jordiske</wf>
         <instance id="d000.s2838.t000" lemma="atmosfære" pos="NOUN">atmosfære</instance>
         <wf lemma="." pos="X">.</wf>
      </sentence>
      <sentence id="d000.s2839" source="wordnet-danish">
         <wf lemma="Der" pos="X">Der</wf>
         <wf lemma="må" pos="X">må</wf>
         <wf lemma="naturligvis" pos="X">naturligvis</wf>
         <wf lemma="ikke" pos="X">ikke</wf>
         <wf lemma="kunne" pos="X">kunne</wf>
         <wf lemma="sås" pos="X">sås</wf>
         <wf lemma="tvivl" pos="X">tvivl</wf>
         <wf lemma="om" pos="X">om</wf>
         <wf lemma="folkevalgtes" pos="X">folkevalgtes</wf>
         <wf lemma="personlige" pos="X">personlige</wf>
         <instance id="d000.s2839.t000" lemma="integritet" pos="NOUN">integritet</instance>
         <wf lemma="." pos="X">.</wf>
      </sentence>
      <sentence id="d000.s2840" source="wordnet-danish">
         <wf lemma="den" pos="X">den</wf>
         <wf lemma="står" pos="X">står</wf>
         <wf lemma="med" pos="X">med</wf>
         <wf lemma="et" pos="X">et</wf>
         <wf lemma="flot" pos="X">flot</wf>
         <wf lemma="blomsterflor" pos="X">blomsterflor</wf>
         <wf lemma="året" pos="X">året</wf>
         <wf lemma="igennem" pos="X">igennem</wf>
         <wf lemma="." pos="X">.</wf>
         <wf lemma="Det" pos="X">Det</wf>
         <wf lemma="skyldes" pos="X">skyldes</wf>
         <wf lemma="," pos="X">,</wf>
         <wf lemma="at" pos="X">at</wf>
         <wf lemma="den" pos="X">den</wf>
         <wf lemma="i" pos="X">i</wf>
         <wf lemma="væksthusene" pos="X">væksthusene</wf>
         <wf lemma="får" pos="X">får</wf>
         <wf lemma="et" pos="X">et</wf>
         <instance id="d000.s2840.t000" lemma="skud" pos="NOUN">skud</instance>
         <wf lemma="sølvthiosulfat" pos="X">sølvthiosulfat</wf>
         <wf lemma="." pos="X">.</wf>
      </sentence>
      <sentence id="d000.s2841" source="wordnet-danish">
         <wf lemma="Når" pos="X">Når</wf>
         <wf lemma="der" pos="X">der</wf>
         <wf lemma="kommer" pos="X">kommer</wf>
         <instance id="d000.s2841.t000" lemma="mug" pos="NOUN">mug</instance>
         <wf lemma="på" pos="X">på</wf>
         <wf lemma="franskbrød" pos="X">franskbrød</wf>
         <wf lemma="," pos="X">,</wf>
         <wf lemma="breder" pos="X">breder</wf>
         <wf lemma="det" pos="X">det</wf>
         <wf lemma="sig" pos="X">sig</wf>
         <wf lemma="rundt" pos="X">rundt</wf>
         <wf lemma="i" pos="X">i</wf>
         <wf lemma="det" pos="X">det</wf>
         <wf lemma="hele" pos="X">hele</wf>
         <wf lemma="." pos="X">.</wf>
         <wf lemma="Det" pos="X">Det</wf>
         <wf lemma="bliver" pos="X">bliver</wf>
         <wf lemma="mere" pos="X">mere</wf>
         <wf lemma="og" pos="X">og</wf>
         <wf lemma="mere" pos="X">mere</wf>
         <wf lemma="grønt" pos="X">grønt</wf>
         <wf lemma="." pos="X">.</wf>
      </sentence>
      <sentence id="d000.s2842" source="wordnet-danish">
         <wf lemma="Våben" pos="X">Våben</wf>
         <wf lemma="," pos="X">,</wf>
         <wf lemma="maskiner" pos="X">maskiner</wf>
         <wf lemma="," pos="X">,</wf>
         <wf lemma="olie" pos="X">olie</wf>
         <wf lemma="og" pos="X">og</wf>
         <wf lemma="fødevarer" pos="X">fødevarer</wf>
         <wf lemma="er" pos="X">er</wf>
         <wf lemma="[" pos="X">[</wf>
         <wf lemma="Etiopiens" pos="X">Etiopiens</wf>
         <wf lemma="]" pos="X">]</wf>
         <wf lemma="vigtigste" pos="X">vigtigste</wf>
         <instance id="d000.s2842.t000" lemma="importvare" pos="NOUN">importvarer</instance>
         <wf lemma="." pos="X">.</wf>
      </sentence>
      <sentence id="d000.s2843" source="wordnet-danish">
         <wf lemma="Mange" pos="X">Mange</wf>
         <wf lemma="af" pos="X">af</wf>
         <wf lemma="varerne" pos="X">varerne</wf>
         <wf lemma="havde" pos="X">havde</wf>
         <wf lemma="stået" pos="X">stået</wf>
         <wf lemma="så" pos="X">så</wf>
         <wf lemma="længe" pos="X">længe</wf>
         <wf lemma="i" pos="X">i</wf>
         <wf lemma="butikken" pos="X">butikken</wf>
         <wf lemma="," pos="X">,</wf>
         <wf lemma="at" pos="X">at</wf>
         <wf lemma="de" pos="X">de</wf>
         <wf lemma="var" pos="X">var</wf>
         <wf lemma="grå" pos="X">grå</wf>
         <wf lemma="af" pos="X">af</wf>
         <instance id="d000.s2843.t000" lemma="støv" pos="NOUN">støv</instance>
         <wf lemma="." pos="X">.</wf>
      </sentence>
      <sentence id="d000.s2844" source="wordnet-danish">
         <wf lemma="da" pos="X">da</wf>
         <wf lemma="hun" pos="X">hun</wf>
         <wf lemma="først" pos="X">først</wf>
         <wf lemma="sad" pos="X">sad</wf>
         <wf lemma="ved" pos="X">ved</wf>
         <wf lemma="skrivebordet" pos="X">skrivebordet</wf>
         <wf lemma="inde" pos="X">inde</wf>
         <wf lemma="på" pos="X">på</wf>
         <wf lemma="sit" pos="X">sit</wf>
         <wf lemma="værelse" pos="X">værelse</wf>
         <wf lemma="," pos="X">,</wf>
         <wf lemma="gav" pos="X">gav</wf>
         <wf lemma="hun" pos="X">hun</wf>
         <instance id="d000.s2844.t000" lemma="tåre" pos="NOUN">tårerne</instance>
         <wf lemma="frit" pos="X">frit</wf>
         <wf lemma="løb" pos="X">løb</wf>
         <wf lemma="." pos="X">.</wf>
      </sentence>
      <sentence id="d000.s2845" source="wordnet-danish">
         <wf lemma="Kan" pos="X">Kan</wf>
         <wf lemma="det" pos="X">det</wf>
         <wf lemma="skade" pos="X">skade</wf>
         <instance id="d000.s2845.t000" lemma="syn" pos="NOUN">synet</instance>
         <wf lemma="," pos="X">,</wf>
         <wf lemma="at" pos="X">at</wf>
         <wf lemma="jeg" pos="X">jeg</wf>
         <wf lemma="læser" pos="X">læser</wf>
         <wf lemma="meget" pos="X">meget</wf>
         <wf lemma="?" pos="X">?</wf>
      </sentence>
      <sentence id="d000.s2846" source="wordnet-danish">
         <wf lemma="Helsefonden" pos="X">Helsefonden</wf>
         <wf lemma="har" pos="X">har</wf>
         <wf lemma="fornylig" pos="X">fornylig</wf>
         <wf lemma="bevilget" pos="X">bevilget</wf>
         <wf lemma="penge" pos="X">penge</wf>
         <wf lemma="til" pos="X">til</wf>
         <wf lemma="oprettelse" pos="X">oprettelse</wf>
         <wf lemma="af" pos="X">af</wf>
         <wf lemma="to" pos="X">to</wf>
         <instance id="d000.s2846.t000" lemma="center" pos="NOUN">centre</instance>
         <wf lemma=".." pos="X">..</wf>
         <wf lemma="med" pos="X">med</wf>
         <wf lemma="henblik" pos="X">henblik</wf>
         <wf lemma="på" pos="X">på</wf>
         <wf lemma="at" pos="X">at</wf>
         <wf lemma="forebygge" pos="X">forebygge</wf>
         <wf lemma="selvmordsforsøg" pos="X">selvmordsforsøg</wf>
         <wf lemma="." pos="X">.</wf>
      </sentence>
      <sentence id="d000.s2847" source="wordnet-danish">
         <wf lemma="Mange" pos="X">Mange</wf>
         <wf lemma="gamle" pos="X">gamle</wf>
         <wf lemma="finder" pos="X">finder</wf>
         <wf lemma="tryghed" pos="X">tryghed</wf>
         <wf lemma="på" pos="X">på</wf>
         <wf lemma="et" pos="X">et</wf>
         <instance id="d000.s2847.t000" lemma="plejehjem" pos="NOUN">plejehjem</instance>
         <wf lemma="," pos="X">,</wf>
         <wf lemma="en" pos="X">en</wf>
         <wf lemma="tryghed" pos="X">tryghed</wf>
         <wf lemma="," pos="X">,</wf>
         <wf lemma="som" pos="X">som</wf>
         <wf lemma="ikke" pos="X">ikke</wf>
         <wf lemma="hos" pos="X">hos</wf>
         <wf lemma="alle" pos="X">alle</wf>
         <wf lemma="kan" pos="X">kan</wf>
         <wf lemma="erstattes" pos="X">erstattes</wf>
         <wf lemma="med" pos="X">med</wf>
         <wf lemma="døgnpleje" pos="X">døgnpleje</wf>
         <wf lemma="." pos="X">.</wf>
      </sentence>
      <sentence id="d000.s2848" source="wordnet-danish">
         <wf lemma="alle" pos="X">alle</wf>
         <wf lemma="ældre" pos="X">ældre</wf>
         <wf lemma="[burde]" pos="X">[burde]</wf>
         <wf lemma="sikre" pos="X">sikre</wf>
         <wf lemma="sig" pos="X">sig</wf>
         <wf lemma="," pos="X">,</wf>
         <wf lemma="at" pos="X">at</wf>
         <wf lemma="de" pos="X">de</wf>
         <wf lemma="har" pos="X">har</wf>
         <wf lemma="en" pos="X">en</wf>
         <wf lemma="effektiv" pos="X">effektiv</wf>
         <instance id="d000.s2848.t000" lemma="lås" pos="NOUN">lås</instance>
         <wf lemma="og" pos="X">og</wf>
         <wf lemma="en" pos="X">en</wf>
         <wf lemma="sikkerhedskæde" pos="X">sikkerhedskæde</wf>
         <wf lemma="på" pos="X">på</wf>
         <wf lemma="deres" pos="X">deres</wf>
         <wf lemma="hoveddør" pos="X">hoveddør</wf>
         <wf lemma="." pos="X">.</wf>
      </sentence>
      <sentence id="d000.s2849" source="wordnet-danish">
         <wf lemma="Søren" pos="X">Søren</wf>
         <wf lemma="på" pos="X">på</wf>
         <wf lemma="6" pos="X">6</wf>
         <wf lemma=".." pos="X">..</wf>
         <wf lemma="skulle" pos="X">skulle</wf>
         <wf lemma="vækkes" pos="X">vækkes</wf>
         <wf lemma="og" pos="X">og</wf>
         <wf lemma="i" pos="X">i</wf>
         <instance id="d000.s2849.t000" lemma="skole" pos="NOUN">skole</instance>
         <wf lemma="kl." pos="X">kl.</wf>
         <wf lemma="8." pos="X">8.</wf>
      </sentence>
      <sentence id="d000.s2850" source="wordnet-danish">
         <wf lemma="Jeg" pos="X">Jeg</wf>
         <wf lemma="var" pos="X">var</wf>
         <wf lemma="nok" pos="X">nok</wf>
         <wf lemma="lidt" pos="X">lidt</wf>
         <instance id="d000.s2850.t000" lemma="hård" pos="ADJ">hård</instance>
         <wf lemma="ved" pos="X">ved</wf>
         <wf lemma="spillerne" pos="X">spillerne</wf>
         <wf lemma="," pos="X">,</wf>
         <wf lemma="når" pos="X">når</wf>
         <wf lemma="de" pos="X">de</wf>
         <wf lemma="lavede" pos="X">lavede</wf>
         <wf lemma="nogle" pos="X">nogle</wf>
         <wf lemma="fejl" pos="X">fejl</wf>
         <wf lemma="." pos="X">.</wf>
      </sentence>
      <sentence id="d000.s2851" source="wordnet-danish">
         <wf lemma="Opiumvalmuen" pos="X">Opiumvalmuen</wf>
         <wf lemma=".." pos="X">..</wf>
         <wf lemma="rummer" pos="X">rummer</wf>
         <wf lemma="stoffer" pos="X">stoffer</wf>
         <wf lemma="," pos="X">,</wf>
         <wf lemma="som" pos="X">som</wf>
         <instance id="d000.s2851.t000" lemma="lægekunst" pos="NOUN">lægekunsten</instance>
         <wf lemma="gennem" pos="X">gennem</wf>
         <wf lemma="årtusinder" pos="X">årtusinder</wf>
         <wf lemma="har" pos="X">har</wf>
         <wf lemma="brugt" pos="X">brugt</wf>
         <wf lemma="til" pos="X">til</wf>
         <wf lemma="lindring" pos="X">lindring</wf>
         <wf lemma="af" pos="X">af</wf>
         <wf lemma="menneskers" pos="X">menneskers</wf>
         <wf lemma="lidelser" pos="X">lidelser</wf>
         <wf lemma="." pos="X">.</wf>
      </sentence>
      <sentence id="d000.s2852" source="wordnet-danish">
         <wf lemma="med" pos="X">med</wf>
         <wf lemma="utrættelig" pos="X">utrættelig</wf>
         <instance id="d000.s2852.t000" lemma="flid" pos="NOUN">flid</instance>
         <wf lemma="forvandlede" pos="X">forvandlede</wf>
         <wf lemma="de" pos="X">de</wf>
         <wf lemma="det" pos="X">det</wf>
         <wf lemma="ufrugtbare" pos="X">ufrugtbare</wf>
         <wf lemma="ørkenlandskab" pos="X">ørkenlandskab</wf>
         <wf lemma="til" pos="X">til</wf>
         <wf lemma="en" pos="X">en</wf>
         <wf lemma="frodig" pos="X">frodig</wf>
         <wf lemma="palmehave" pos="X">palmehave</wf>
         <wf lemma="." pos="X">.</wf>
      </sentence>
      <sentence id="d000.s2853" source="wordnet-danish">
         <wf lemma="en" pos="X">en</wf>
         <wf lemma="sekretær" pos="X">sekretær</wf>
         <wf lemma="stod" pos="X">stod</wf>
         <wf lemma="parat" pos="X">parat</wf>
         <wf lemma="til" pos="X">til</wf>
         <wf lemma="at" pos="X">at</wf>
         <instance id="d000.s2853.t000" lemma="fotokopiere" pos="VERB">fotokopiere</instance>
         <wf lemma="festsangen" pos="X">festsangen</wf>
         <wf lemma="til" pos="X">til</wf>
         <wf lemma="melodien" pos="X">melodien</wf>
         <wf lemma="'" pos="X">'</wf>
         <wf lemma="Som" pos="X">Som</wf>
         <wf lemma="en" pos="X">en</wf>
         <wf lemma="Rejselysten" pos="X">Rejselysten</wf>
         <wf lemma="Flåde'" pos="X">Flåde'</wf>
         <wf lemma="." pos="X">.</wf>
      </sentence>
      <sentence id="d000.s2854" source="wordnet-danish">
         <wf lemma="Hun" pos="X">Hun</wf>
         <wf lemma="fik" pos="X">fik</wf>
         <wf lemma="et" pos="X">et</wf>
         <wf lemma="nervøst" pos="X">nervøst</wf>
         <wf lemma="sammenbrud" pos="X">sammenbrud</wf>
         <wf lemma=".." pos="X">..</wf>
         <wf lemma="og" pos="X">og</wf>
         <wf lemma="blev" pos="X">blev</wf>
         <wf lemma="indlagt" pos="X">indlagt</wf>
         <wf lemma="på" pos="X">på</wf>
         <wf lemma="en" pos="X">en</wf>
         <wf lemma="psykiatrisk" pos="X">psykiatrisk</wf>
         <instance id="d000.s2854.t000" lemma="klinik" pos="NOUN">klinik</instance>
         <wf lemma="i" pos="X">i</wf>
         <wf lemma="et" pos="X">et</wf>
         <wf lemma="par" pos="X">par</wf>
         <wf lemma="måneder" pos="X">måneder</wf>
         <wf lemma="." pos="X">.</wf>
      </sentence>
      <sentence id="d000.s2855" source="wordnet-danish">
         <wf lemma="Hun" pos="X">Hun</wf>
         <wf lemma="havde" pos="X">havde</wf>
         <wf lemma="en" pos="X">en</wf>
         <wf lemma="flot" pos="X">flot</wf>
         <wf lemma="sort" pos="X">sort</wf>
         <wf lemma="hat" pos="X">hat</wf>
         <wf lemma="med" pos="X">med</wf>
         <wf lemma="slør" pos="X">slør</wf>
         <wf lemma="på" pos="X">på</wf>
         <wf lemma="og" pos="X">og</wf>
         <wf lemma="en" pos="X">en</wf>
         <wf lemma="flot" pos="X">flot</wf>
         <wf lemma="mørk" pos="X">mørk</wf>
         <instance id="d000.s2855.t000" lemma="frakke" pos="NOUN">frakke</instance>
         <wf lemma="med" pos="X">med</wf>
         <wf lemma="pelskrave" pos="X">pelskrave</wf>
         <wf lemma="." pos="X">.</wf>
      </sentence>
      <sentence id="d000.s2856" source="wordnet-danish">
         <wf lemma="Skønt" pos="X">Skønt</wf>
         <wf lemma="hun" pos="X">hun</wf>
         <wf lemma="virkede" pos="X">virkede</wf>
         <wf lemma="anderledes" pos="X">anderledes</wf>
         <wf lemma="og" pos="X">og</wf>
         <wf lemma="mere" pos="X">mere</wf>
         <wf lemma="formel" pos="X">formel</wf>
         <wf lemma="i" pos="X">i</wf>
         <wf lemma="dette" pos="X">dette</wf>
         <instance id="d000.s2856.t000" lemma="antræk" pos="NOUN">antræk</instance>
         <wf lemma="," pos="X">,</wf>
         <wf lemma="fornægtede" pos="X">fornægtede</wf>
         <wf lemma="kroppens" pos="X">kroppens</wf>
         <wf lemma="linier" pos="X">linier</wf>
         <wf lemma="sig" pos="X">sig</wf>
         <wf lemma="ikke" pos="X">ikke</wf>
         <wf lemma="." pos="X">.</wf>
      </sentence>
      <sentence id="d000.s2857" source="wordnet-danish">
         <wf lemma="Det" pos="X">Det</wf>
         <wf lemma="kan" pos="X">kan</wf>
         <wf lemma="betale" pos="X">betale</wf>
         <wf lemma="sig" pos="X">sig</wf>
         <wf lemma="at" pos="X">at</wf>
         <wf lemma="købe" pos="X">købe</wf>
         <instance id="d000.s2857.t000" lemma="frugt" pos="NOUN">frugter</instance>
         <wf lemma="eller" pos="X">eller</wf>
         <wf lemma="grøntsager" pos="X">grøntsager</wf>
         <wf lemma="," pos="X">,</wf>
         <wf lemma="mens" pos="X">mens</wf>
         <wf lemma="de" pos="X">de</wf>
         <wf lemma="har" pos="X">har</wf>
         <wf lemma="højsæson" pos="X">højsæson</wf>
         <wf lemma="og" pos="X">og</wf>
         <wf lemma="dermed" pos="X">dermed</wf>
         <wf lemma="er" pos="X">er</wf>
         <wf lemma="billige" pos="X">billige</wf>
         <wf lemma="." pos="X">.</wf>
      </sentence>
      <sentence id="d000.s2858" source="wordnet-danish">
         <wf lemma="Trods" pos="X">Trods</wf>
         <wf lemma="stor" pos="X">stor</wf>
         <instance id="d000.s2858.t000" lemma="uenighed" pos="NOUN">uenighed</instance>
         <wf lemma="mellem" pos="X">mellem</wf>
         <wf lemma="regeringen" pos="X">regeringen</wf>
         <wf lemma="og" pos="X">og</wf>
         <wf lemma="Socialdemokratiet" pos="X">Socialdemokratiet</wf>
         <wf lemma="er" pos="X">er</wf>
         <wf lemma="der" pos="X">der</wf>
         <wf lemma="fortsat" pos="X">fortsat</wf>
         <wf lemma="udsigt" pos="X">udsigt</wf>
         <wf lemma="til" pos="X">til</wf>
         <wf lemma="et" pos="X">et</wf>
         <wf lemma="bredt" pos="X">bredt</wf>
         <wf lemma="politisk" pos="X">politisk</wf>
         <wf lemma="forlig" pos="X">forlig</wf>
         <wf lemma="." pos="X">.</wf>
      </sentence>
      <sentence id="d000.s2859" source="wordnet-danish">
         <wf lemma="Hvad" pos="X">Hvad</wf>
         <wf lemma="hjælper" pos="X">hjælper</wf>
         <wf lemma="smukt" pos="X">smukt</wf>
         <wf lemma="tøj" pos="X">tøj</wf>
         <wf lemma="," pos="X">,</wf>
         <wf lemma="hvis" pos="X">hvis</wf>
         <wf lemma="øjnene" pos="X">øjnene</wf>
         <wf lemma="er" pos="X">er</wf>
         <wf lemma="indrammet" pos="X">indrammet</wf>
         <wf lemma="af" pos="X">af</wf>
         <wf lemma="en" pos="X">en</wf>
         <wf lemma="uklædelig" pos="X">uklædelig</wf>
         <instance id="d000.s2859.t000" lemma="brille" pos="NOUN">brille</instance>
         <wf lemma="." pos="X">.</wf>
      </sentence>
      <sentence id="d000.s2860" source="wordnet-danish">
         <wf lemma="Han" pos="X">Han</wf>
         <wf lemma="er" pos="X">er</wf>
         <wf lemma="næsten" pos="X">næsten</wf>
         <wf lemma="1" pos="X">1</wf>
         <wf lemma="time" pos="X">time</wf>
         <instance id="d000.s2860.t000" lemma="forsinke" pos="VERB">forsinket</instance>
         <wf lemma="på" pos="X">på</wf>
         <wf lemma="grund" pos="X">grund</wf>
         <wf lemma="af" pos="X">af</wf>
         <wf lemma="tåge" pos="X">tåge</wf>
         <wf lemma="i" pos="X">i</wf>
         <wf lemma="Kastrup" pos="X">Kastrup</wf>
         <wf lemma="Lufthavn" pos="X">Lufthavn</wf>
         <wf lemma="." pos="X">.</wf>
      </sentence>
      <sentence id="d000.s2861" source="wordnet-danish">
         <wf lemma="Det" pos="X">Det</wf>
         <wf lemma="er" pos="X">er</wf>
         <wf lemma="altid" pos="X">altid</wf>
         <wf lemma="en" pos="X">en</wf>
         <wf lemma="god" pos="X">god</wf>
         <wf lemma="idé" pos="X">idé</wf>
         <wf lemma="at" pos="X">at</wf>
         <wf lemma="vise" pos="X">vise</wf>
         <wf lemma="årvågenhed" pos="X">årvågenhed</wf>
         <wf lemma="over" pos="X">over</wf>
         <wf lemma="for" pos="X">for</wf>
         <wf lemma="omgivelserne" pos="X">omgivelserne</wf>
         <wf lemma="," pos="X">,</wf>
         <wf lemma="men" pos="X">men</wf>
         <wf lemma="ikke" pos="X">ikke</wf>
         <wf lemma="mistænksomhed" pos="X">mistænksomhed</wf>
         <wf lemma="." pos="X">.</wf>
         <wf lemma="Det" pos="X">Det</wf>
         <wf lemma="er" pos="X">er</wf>
         <wf lemma="ligesom" pos="X">ligesom</wf>
         <wf lemma="angst" pos="X">angst</wf>
         <wf lemma="en" pos="X">en</wf>
         <instance id="d000.s2861.t000" lemma="negativ" pos="ADJ">negativ</instance>
         <wf lemma="følelse" pos="X">følelse</wf>
         <wf lemma="." pos="X">.</wf>
      </sentence>
      <sentence id="d000.s2862" source="wordnet-danish">
         <wf lemma="Jeg" pos="X">Jeg</wf>
         <instance id="d000.s2862.t000" lemma="forfølge" pos="VERB">forfulgte</instance>
         <wf lemma="bankrøveren" pos="X">bankrøveren</wf>
         <wf lemma="," pos="X">,</wf>
         <wf lemma="fordi" pos="X">fordi</wf>
         <wf lemma="jeg" pos="X">jeg</wf>
         <wf lemma="var" pos="X">var</wf>
         <wf lemma="gal" pos="X">gal</wf>
         <wf lemma="over" pos="X">over</wf>
         <wf lemma="," pos="X">,</wf>
         <wf lemma="at" pos="X">at</wf>
         <wf lemma="han" pos="X">han</wf>
         <wf lemma="havde" pos="X">havde</wf>
         <wf lemma="gjort" pos="X">gjort</wf>
         <wf lemma="personalet" pos="X">personalet</wf>
         <wf lemma="så" pos="X">så</wf>
         <wf lemma="forskrækket" pos="X">forskrækket</wf>
         <wf lemma="." pos="X">.</wf>
      </sentence>
      <sentence id="d000.s2863" source="wordnet-danish">
         <wf lemma="Allerede" pos="X">Allerede</wf>
         <wf lemma="ved" pos="X">ved</wf>
         <wf lemma="et" pos="X">et</wf>
         <instance id="d000.s2863.t000" lemma="første" pos="ADJ">første</instance>
         <wf lemma="blik" pos="X">blik</wf>
         <wf lemma="hen" pos="X">hen</wf>
         <wf lemma="over" pos="X">over</wf>
         <wf lemma="dækket" pos="X">dækket</wf>
         <wf lemma="fornemmer" pos="X">fornemmer</wf>
         <wf lemma="man" pos="X">man</wf>
         <wf lemma="at" pos="X">at</wf>
         <wf lemma="være" pos="X">være</wf>
         <wf lemma="om" pos="X">om</wf>
         <wf lemma="bord" pos="X">bord</wf>
         <wf lemma="i" pos="X">i</wf>
         <wf lemma="en" pos="X">en</wf>
         <wf lemma="solid" pos="X">solid</wf>
         <wf lemma="og" pos="X">og</wf>
         <wf lemma="sikker" pos="X">sikker</wf>
         <wf lemma="båd." pos="X">båd.</wf>
      </sentence>
      <sentence id="d000.s2864" source="wordnet-danish">
         <wf lemma="Allerede" pos="X">Allerede</wf>
         <wf lemma="det" pos="X">det</wf>
         <wf lemma="første" pos="X">første</wf>
         <wf lemma="år" pos="X">år</wf>
         <instance id="d000.s2864.t000" lemma="vokse" pos="VERB">vokser</instance>
         <wf lemma="barnet" pos="X">barnet</wf>
         <wf lemma="omkring" pos="X">omkring</wf>
         <wf lemma="25" pos="X">25</wf>
         <wf lemma="centimeter" pos="X">centimeter</wf>
         <wf lemma="." pos="X">.</wf>
      </sentence>
      <sentence id="d000.s2865" source="wordnet-danish">
         <instance id="d000.s2865.t000" lemma="rockmusik" pos="NOUN">Rockmusik</instance>
         <wf lemma="opstod" pos="X">opstod</wf>
         <wf lemma="jo" pos="X">jo</wf>
         <wf lemma="som" pos="X">som</wf>
         <wf lemma="et" pos="X">et</wf>
         <wf lemma="oprør" pos="X">oprør</wf>
         <wf lemma="," pos="X">,</wf>
         <wf lemma="hvor" pos="X">hvor</wf>
         <wf lemma="unge" pos="X">unge</wf>
         <wf lemma="mænd" pos="X">mænd</wf>
         <wf lemma="kunne" pos="X">kunne</wf>
         <wf lemma="få" pos="X">få</wf>
         <wf lemma="lov" pos="X">lov</wf>
         <wf lemma="til" pos="X">til</wf>
         <wf lemma="at" pos="X">at</wf>
         <wf lemma="sige" pos="X">sige</wf>
         <wf lemma="lige" pos="X">lige</wf>
         <wf lemma="," pos="X">,</wf>
         <wf lemma="hvad" pos="X">hvad</wf>
         <wf lemma="de" pos="X">de</wf>
         <wf lemma="havde" pos="X">havde</wf>
         <wf lemma="lyst" pos="X">lyst</wf>
         <wf lemma="til" pos="X">til</wf>
         <wf lemma="," pos="X">,</wf>
         <wf lemma="uden" pos="X">uden</wf>
         <wf lemma="censur" pos="X">censur</wf>
         <wf lemma="," pos="X">,</wf>
         <wf lemma="absolut" pos="X">absolut</wf>
         <wf lemma="ærligt" pos="X">ærligt</wf>
         <wf lemma="." pos="X">.</wf>
      </sentence>
      <sentence id="d000.s2866" source="wordnet-danish">
         <wf lemma="Nye" pos="X">Nye</wf>
         <wf lemma="præster" pos="X">præster</wf>
         <wf lemma="skal" pos="X">skal</wf>
         <wf lemma="lære" pos="X">lære</wf>
         <wf lemma="at" pos="X">at</wf>
         <instance id="d000.s2866.t000" lemma="prædike" pos="VERB">prædike</instance>
         <wf lemma="," pos="X">,</wf>
         <wf lemma="så" pos="X">så</wf>
         <wf lemma="folk" pos="X">folk</wf>
         <wf lemma="forstår" pos="X">forstår</wf>
         <wf lemma="det" pos="X">det</wf>
         <wf lemma="." pos="X">.</wf>
         <wf lemma="Kirkens" pos="X">Kirkens</wf>
         <wf lemma="'vare'" pos="X">'vare'</wf>
         <wf lemma="skal" pos="X">skal</wf>
         <wf lemma="sælges" pos="X">sælges</wf>
         <wf lemma="i" pos="X">i</wf>
         <wf lemma="et" pos="X">et</wf>
         <wf lemma="nutidigt" pos="X">nutidigt</wf>
         <wf lemma="sprog" pos="X">sprog</wf>
         <wf lemma="." pos="X">.</wf>
      </sentence>
      <sentence id="d000.s2867" source="wordnet-danish">
         <wf lemma="Indvandrere" pos="X">Indvandrere</wf>
         <wf lemma="og" pos="X">og</wf>
         <wf lemma="flygtninge" pos="X">flygtninge</wf>
         <wf lemma="er" pos="X">er</wf>
         <wf lemma="nogle" pos="X">nogle</wf>
         <wf lemma="," pos="X">,</wf>
         <wf lemma="man" pos="X">man</wf>
         <wf lemma="har" pos="X">har</wf>
         <wf lemma="stor" pos="X">stor</wf>
         <instance id="d000.s2867.t000" lemma="forståelse" pos="NOUN">forståelse</instance>
         <wf lemma="for" pos="X">for</wf>
         <wf lemma="og" pos="X">og</wf>
         <wf lemma="medfølelse" pos="X">medfølelse</wf>
         <wf lemma="med" pos="X">med</wf>
         <wf lemma="--" pos="X">--</wf>
         <wf lemma="men" pos="X">men</wf>
         <wf lemma="på" pos="X">på</wf>
         <wf lemma="afstand" pos="X">afstand</wf>
         <wf lemma="." pos="X">.</wf>
      </sentence>
      <sentence id="d000.s2868" source="wordnet-danish">
         <wf lemma="Læg" pos="X">Læg</wf>
         <wf lemma="lige" pos="X">lige</wf>
         <wf lemma="mærke" pos="X">mærke</wf>
         <wf lemma="til" pos="X">til</wf>
         <wf lemma="gulvet" pos="X">gulvet</wf>
         <wf lemma="," pos="X">,</wf>
         <wf lemma="du" pos="X">du</wf>
         <wf lemma="gamle" pos="X">gamle</wf>
         <wf lemma="." pos="X">.</wf>
         <instance id="d000.s2868.t000" lemma="tæppe" pos="NOUN">Tæppe</instance>
         <wf lemma="over" pos="X">over</wf>
         <wf lemma="det" pos="X">det</wf>
         <wf lemma="hele" pos="X">hele</wf>
         <wf lemma="." pos="X">.</wf>
         <wf lemma="." pos="X">.</wf>
         <wf lemma="Er" pos="X">Er</wf>
         <wf lemma="det" pos="X">det</wf>
         <wf lemma="ikke" pos="X">ikke</wf>
         <wf lemma="skønt" pos="X">skønt</wf>
         <wf lemma="?" pos="X">?</wf>
         <wf lemma="Det" pos="X">Det</wf>
         <wf lemma="er" pos="X">er</wf>
         <wf lemma="noget" pos="X">noget</wf>
         <wf lemma="andet" pos="X">andet</wf>
         <wf lemma="end" pos="X">end</wf>
         <wf lemma="de" pos="X">de</wf>
         <wf lemma="lakerede" pos="X">lakerede</wf>
         <wf lemma="gulve" pos="X">gulve</wf>
         <wf lemma="derhjemme" pos="X">derhjemme</wf>
         <wf lemma="i" pos="X">i</wf>
         <wf lemma="hytten" pos="X">hytten</wf>
         <wf lemma="." pos="X">.</wf>
      </sentence>
      <sentence id="d000.s2869" source="wordnet-danish">
         <wf lemma="politiets" pos="X">politiets</wf>
         <wf lemma="heste" pos="X">heste</wf>
         <instance id="d000.s2869.t000" lemma="stejle" pos="VERB">stejlede</instance>
         <wf lemma="i" pos="X">i</wf>
         <wf lemma="rædsel" pos="X">rædsel</wf>
         <wf lemma="," pos="X">,</wf>
         <wf lemma="når" pos="X">når</wf>
         <wf lemma="betjentene" pos="X">betjentene</wf>
         <wf lemma="tvang" pos="X">tvang</wf>
         <wf lemma="dem" pos="X">dem</wf>
         <wf lemma="frem" pos="X">frem</wf>
         <wf lemma="mod" pos="X">mod</wf>
         <wf lemma="barrikaderne" pos="X">barrikaderne</wf>
         <wf lemma="." pos="X">.</wf>
      </sentence>
      <sentence id="d000.s2870" source="wordnet-danish">
         <instance id="d000.s2870.t000" lemma="due" pos="NOUN">duerne</instance>
         <wf lemma="kurrede" pos="X">kurrede</wf>
         <wf lemma="i" pos="X">i</wf>
         <wf lemma="tagrenden" pos="X">tagrenden</wf>
         <wf lemma="lige" pos="X">lige</wf>
         <wf lemma="udenfor" pos="X">udenfor</wf>
         <wf lemma="." pos="X">.</wf>
      </sentence>
      <sentence id="d000.s2871" source="wordnet-danish">
         <wf lemma="Jeg" pos="X">Jeg</wf>
         <instance id="d000.s2871.t000" lemma="stå" pos="VERB">stod</instance>
         <wf lemma="som" pos="X">som</wf>
         <wf lemma="forstenet" pos="X">forstenet</wf>
         <wf lemma="." pos="X">.</wf>
         <wf lemma="Far" pos="X">Far</wf>
         <wf lemma="var" pos="X">var</wf>
         <wf lemma="altså" pos="X">altså</wf>
         <wf lemma="død" pos="X">død</wf>
         <wf lemma="." pos="X">.</wf>
      </sentence>
      <sentence id="d000.s2872" source="wordnet-danish">
         <wf lemma="vi" pos="X">vi</wf>
         <wf lemma="satte" pos="X">satte</wf>
         <wf lemma="os" pos="X">os</wf>
         <wf lemma="ved" pos="X">ved</wf>
         <wf lemma="køkkenbordet" pos="X">køkkenbordet</wf>
         <wf lemma="og" pos="X">og</wf>
         <wf lemma="fik" pos="X">fik</wf>
         <wf lemma="en" pos="X">en</wf>
         <instance id="d000.s2872.t000" lemma="kop" pos="NOUN">kop</instance>
         <wf lemma="varm" pos="X">varm</wf>
         <wf lemma="kakao" pos="X">kakao</wf>
         <wf lemma="." pos="X">.</wf>
      </sentence>
      <sentence id="d000.s2873" source="wordnet-danish">
         <wf lemma="Vandkraft" pos="X">Vandkraft</wf>
         <wf lemma="er" pos="X">er</wf>
         <instance id="d000.s2873.t000" lemma="vedvarende" pos="ADJ">vedvarende</instance>
         <wf lemma="energi" pos="X">energi</wf>
         <wf lemma="." pos="X">.</wf>
         <wf lemma="Og" pos="X">Og</wf>
         <wf lemma="ren" pos="X">ren</wf>
         <wf lemma="energi" pos="X">energi</wf>
         <wf lemma="." pos="X">.</wf>
         <wf lemma="Der" pos="X">Der</wf>
         <wf lemma="dannes" pos="X">dannes</wf>
         <wf lemma="hverken" pos="X">hverken</wf>
         <wf lemma="kuldioxid" pos="X">kuldioxid</wf>
         <wf lemma="eller" pos="X">eller</wf>
         <wf lemma="andre" pos="X">andre</wf>
         <wf lemma="affaldsstoffer" pos="X">affaldsstoffer</wf>
         <wf lemma="." pos="X">.</wf>
      </sentence>
      <sentence id="d000.s2874" source="wordnet-danish">
         <wf lemma="det" pos="X">det</wf>
         <wf lemma="er" pos="X">er</wf>
         <wf lemma="imponerende" pos="X">imponerende</wf>
         <wf lemma="," pos="X">,</wf>
         <wf lemma="hvad" pos="X">hvad</wf>
         <wf lemma="de" pos="X">de</wf>
         <wf lemma="unge" pos="X">unge</wf>
         <wf lemma="læger" pos="X">læger</wf>
         <wf lemma="skal" pos="X">skal</wf>
         <instance id="d000.s2874.t000" lemma="vide" pos="VERB">vide</instance>
         <wf lemma="om" pos="X">om</wf>
         <wf lemma="sygdom" pos="X">sygdom</wf>
         <wf lemma="." pos="X">.</wf>
         <wf lemma="De" pos="X">De</wf>
         <wf lemma="ved" pos="X">ved</wf>
         <wf lemma="naturligvis" pos="X">naturligvis</wf>
         <wf lemma="også" pos="X">også</wf>
         <wf lemma="en" pos="X">en</wf>
         <wf lemma="hel" pos="X">hel</wf>
         <wf lemma="del" pos="X">del</wf>
         <wf lemma="om" pos="X">om</wf>
         <wf lemma="sundhed" pos="X">sundhed</wf>
         <wf lemma="." pos="X">.</wf>
      </sentence>
      <sentence id="d000.s2875" source="wordnet-danish">
         <wf lemma="Socialdemokratiet" pos="X">Socialdemokratiet</wf>
         <wf lemma=".." pos="X">..</wf>
         <wf lemma="voksede" pos="X">voksede</wf>
         <wf lemma="ud" pos="X">ud</wf>
         <wf lemma="af" pos="X">af</wf>
         <wf lemma="den" pos="X">den</wf>
         <wf lemma="fattige" pos="X">fattige</wf>
         <instance id="d000.s2875.t000" lemma="arbejderklasse" pos="NOUN">arbejderklasse</instance>
         <wf lemma="." pos="X">.</wf>
      </sentence>
      <sentence id="d000.s2876" source="wordnet-danish">
         <wf lemma="Hun" pos="X">Hun</wf>
         <wf lemma="gik" pos="X">gik</wf>
         <wf lemma="op" pos="X">op</wf>
         <wf lemma="og" pos="X">og</wf>
         <wf lemma="ned" pos="X">ned</wf>
         <wf lemma="ad" pos="X">ad</wf>
         <wf lemma="den" pos="X">den</wf>
         <wf lemma="lange" pos="X">lange</wf>
         <instance id="d000.s2876.t000" lemma="korridor" pos="NOUN">korridor</instance>
         <wf lemma="uden" pos="X">uden</wf>
         <wf lemma="for" pos="X">for</wf>
         <wf lemma="hans" pos="X">hans</wf>
         <wf lemma="sygeværelse" pos="X">sygeværelse</wf>
         <wf lemma="." pos="X">.</wf>
      </sentence>
      <sentence id="d000.s2877" source="wordnet-danish">
         <wf lemma="Jeg" pos="X">Jeg</wf>
         <wf lemma="husker" pos="X">husker</wf>
         <wf lemma="tydeligt" pos="X">tydeligt</wf>
         <wf lemma="den" pos="X">den</wf>
         <wf lemma="specielle" pos="X">specielle</wf>
         <wf lemma="konsistens" pos="X">konsistens</wf>
         <wf lemma="," pos="X">,</wf>
         <wf lemma="som" pos="X">som</wf>
         <wf lemma="syltet" pos="X">syltet</wf>
         <instance id="d000.s2877.t000" lemma="græskar" pos="NOUN">græskar</instance>
         <wf lemma="har" pos="X">har</wf>
         <wf lemma="--" pos="X">--</wf>
         <wf lemma="sprød" pos="X">sprød</wf>
         <wf lemma="og" pos="X">og</wf>
         <wf lemma="blød" pos="X">blød</wf>
         <wf lemma="på" pos="X">på</wf>
         <wf lemma="samme" pos="X">samme</wf>
         <wf lemma="tid" pos="X">tid</wf>
         <wf lemma="." pos="X">.</wf>
      </sentence>
      <sentence id="d000.s2878" source="wordnet-danish">
         <wf lemma="Nu" pos="X">Nu</wf>
         <wf lemma="har" pos="X">har</wf>
         <wf lemma="skibet" pos="X">skibet</wf>
         <instance id="d000.s2878.t000" lemma="danne" pos="VERB">dannet</instance>
         <wf lemma="ramme" pos="X">ramme</wf>
         <wf lemma="om" pos="X">om</wf>
         <wf lemma="hans" pos="X">hans</wf>
         <wf lemma="liv" pos="X">liv</wf>
         <wf lemma="i" pos="X">i</wf>
         <wf lemma="14" pos="X">14</wf>
         <wf lemma="år" pos="X">år</wf>
         <wf lemma="." pos="X">.</wf>
      </sentence>
      <sentence id="d000.s2879" source="wordnet-danish">
         <wf lemma="Sandsynligheden" pos="X">Sandsynligheden</wf>
         <wf lemma="for" pos="X">for</wf>
         <wf lemma="visse" pos="X">visse</wf>
         <instance id="d000.s2879.t000" lemma="hændelse" pos="NOUN">hændelser</instance>
         <wf lemma="kan" pos="X">kan</wf>
         <wf lemma="forudsiges" pos="X">forudsiges</wf>
         <wf lemma="rent" pos="X">rent</wf>
         <wf lemma="statistisk" pos="X">statistisk</wf>
         <wf lemma="," pos="X">,</wf>
         <wf lemma="mere" pos="X">mere</wf>
         <wf lemma="eller" pos="X">eller</wf>
         <wf lemma="mindre" pos="X">mindre</wf>
         <wf lemma="sikkert" pos="X">sikkert</wf>
         <wf lemma="." pos="X">.</wf>
      </sentence>
      <sentence id="d000.s2880" source="wordnet-danish">
         <wf lemma="Vi" pos="X">Vi</wf>
         <wf lemma="synes" pos="X">synes</wf>
         <wf lemma="," pos="X">,</wf>
         <wf lemma="det" pos="X">det</wf>
         <wf lemma="er" pos="X">er</wf>
         <wf lemma="skægt" pos="X">skægt</wf>
         <wf lemma="at" pos="X">at</wf>
         <wf lemma="pynte" pos="X">pynte</wf>
         <wf lemma="hele" pos="X">hele</wf>
         <instance id="d000.s2880.t000" lemma="hytte" pos="NOUN">hytten</instance>
         <wf lemma="op" pos="X">op</wf>
         <wf lemma="ved" pos="X">ved</wf>
         <wf lemma="juletid" pos="X">juletid</wf>
         <wf lemma="." pos="X">.</wf>
      </sentence>
      <sentence id="d000.s2881" source="wordnet-danish">
         <wf lemma="Der" pos="X">Der</wf>
         <wf lemma="er" pos="X">er</wf>
         <wf lemma="mange" pos="X">mange</wf>
         <wf lemma="gode" pos="X">gode</wf>
         <wf lemma="grunde" pos="X">grunde</wf>
         <wf lemma=".." pos="X">..</wf>
         <wf lemma="til" pos="X">til</wf>
         <wf lemma="at" pos="X">at</wf>
         <wf lemma="fastholde" pos="X">fastholde</wf>
         <wf lemma="," pos="X">,</wf>
         <wf lemma="at" pos="X">at</wf>
         <wf lemma="vi" pos="X">vi</wf>
         <wf lemma="ikke" pos="X">ikke</wf>
         <wf lemma="blot" pos="X">blot</wf>
         <wf lemma="er" pos="X">er</wf>
         <wf lemma="marionetter" pos="X">marionetter</wf>
         <wf lemma="styret" pos="X">styret</wf>
         <wf lemma="af" pos="X">af</wf>
         <instance id="d000.s2881.t000" lemma="faktor" pos="NOUN">faktorer</instance>
         <wf lemma="i" pos="X">i</wf>
         <wf lemma="vor" pos="X">vor</wf>
         <wf lemma="arv" pos="X">arv</wf>
         <wf lemma="og" pos="X">og</wf>
         <wf lemma="vort" pos="X">vort</wf>
         <wf lemma="miljø" pos="X">miljø</wf>
         <wf lemma="." pos="X">.</wf>
      </sentence>
      <sentence id="d000.s2882" source="wordnet-danish">
         <wf lemma="Efter" pos="X">Efter</wf>
         <wf lemma="en" pos="X">en</wf>
         <wf lemma="lidt" pos="X">lidt</wf>
         <wf lemma="kedelig" pos="X">kedelig</wf>
         <wf lemma="vinterperiode" pos="X">vinterperiode</wf>
         <wf lemma=".." pos="X">..</wf>
         <wf lemma="var" pos="X">var</wf>
         <wf lemma="det" pos="X">det</wf>
         <wf lemma="blevet" pos="X">blevet</wf>
         <wf lemma="dejligt" pos="X">dejligt</wf>
         <instance id="d000.s2882.t000" lemma="solskin" pos="NOUN">solskin</instance>
         <wf lemma="." pos="X">.</wf>
      </sentence>
      <sentence id="d000.s2883" source="wordnet-danish">
         <wf lemma="Det" pos="X">Det</wf>
         <wf lemma="bedste" pos="X">bedste</wf>
         <wf lemma="for" pos="X">for</wf>
         <wf lemma="en" pos="X">en</wf>
         <wf lemma="standsperson" pos="X">standsperson</wf>
         <wf lemma="var" pos="X">var</wf>
         <wf lemma="naturligvis" pos="X">naturligvis</wf>
         <wf lemma="at" pos="X">at</wf>
         <wf lemma="få" pos="X">få</wf>
         <wf lemma="sin" pos="X">sin</wf>
         <instance id="d000.s2883.t000" lemma="datter" pos="NOUN">datter</instance>
         <wf lemma="anstændigt" pos="X">anstændigt</wf>
         <wf lemma="gift" pos="X">gift</wf>
         <wf lemma="." pos="X">.</wf>
      </sentence>
      <sentence id="d000.s2884" source="wordnet-danish">
         <wf lemma="Romerne" pos="X">Romerne</wf>
         <instance id="d000.s2884.t000" lemma="beundre" pos="VERB">beundrede</instance>
         <wf lemma="de" pos="X">de</wf>
         <wf lemma="græske" pos="X">græske</wf>
         <wf lemma="skulpturer" pos="X">skulpturer</wf>
         <wf lemma="og" pos="X">og</wf>
         <wf lemma="samlede" pos="X">samlede</wf>
         <wf lemma="på" pos="X">på</wf>
         <wf lemma="dem" pos="X">dem</wf>
         <wf lemma="ved" pos="X">ved</wf>
         <wf lemma="private" pos="X">private</wf>
         <wf lemma="indkøb" pos="X">indkøb</wf>
         <wf lemma="." pos="X">.</wf>
      </sentence>
      <sentence id="d000.s2885" source="wordnet-danish">
         <wf lemma="Bjørn" pos="X">Bjørn</wf>
         <wf lemma="var" pos="X">var</wf>
         <wf lemma="en" pos="X">en</wf>
         <wf lemma="elegantier" pos="X">elegantier</wf>
         <wf lemma="." pos="X">.</wf>
         <wf lemma="Han" pos="X">Han</wf>
         <wf lemma="var" pos="X">var</wf>
         <wf lemma="en" pos="X">en</wf>
         <wf lemma="flot" pos="X">flot</wf>
         <wf lemma="mand" pos="X">mand</wf>
         <wf lemma="med" pos="X">med</wf>
         <wf lemma="cigar" pos="X">cigar</wf>
         <wf lemma="," pos="X">,</wf>
         <instance id="d000.s2885.t000" lemma="hat" pos="NOUN">hat</instance>
         <wf lemma="og" pos="X">og</wf>
         <wf lemma="paraply" pos="X">paraply</wf>
         <wf lemma="." pos="X">.</wf>
      </sentence>
      <sentence id="d000.s2886" source="wordnet-danish">
         <instance id="d000.s2886.t000" lemma="tunnel" pos="NOUN">Tunnelen</instance>
         <wf lemma="under" pos="X">under</wf>
         <wf lemma="den" pos="X">den</wf>
         <wf lemma="engelske" pos="X">engelske</wf>
         <wf lemma="kanal" pos="X">kanal</wf>
         <wf lemma="[er]" pos="X">[er]</wf>
         <wf lemma="et" pos="X">et</wf>
         <wf lemma="af" pos="X">af</wf>
         <wf lemma="historiens" pos="X">historiens</wf>
         <wf lemma="største" pos="X">største</wf>
         <wf lemma="byggearbejder" pos="X">byggearbejder</wf>
         <wf lemma="." pos="X">.</wf>
      </sentence>
      <sentence id="d000.s2887" source="wordnet-danish">
         <wf lemma="Jeg" pos="X">Jeg</wf>
         <wf lemma="havde" pos="X">havde</wf>
         <wf lemma="lyst" pos="X">lyst</wf>
         <wf lemma="til" pos="X">til</wf>
         <wf lemma="at" pos="X">at</wf>
         <wf lemma="spille" pos="X">spille</wf>
         <wf lemma="golf" pos="X">golf</wf>
         <wf lemma="og" pos="X">og</wf>
         <wf lemma="tog" pos="X">tog</wf>
         <wf lemma="ud" pos="X">ud</wf>
         <wf lemma="på" pos="X">på</wf>
         <instance id="d000.s2887.t000" lemma="bane" pos="NOUN">banen</instance>
         <wf lemma="." pos="X">.</wf>
      </sentence>
      <sentence id="d000.s2888" source="wordnet-danish">
         <instance id="d000.s2888.t000" lemma="stilhed" pos="NOUN">Stilheden</instance>
         <wf lemma="i" pos="X">i</wf>
         <wf lemma="min" pos="X">min</wf>
         <wf lemma="egen" pos="X">egen</wf>
         <wf lemma="lejlighed" pos="X">lejlighed</wf>
         <wf lemma="blev" pos="X">blev</wf>
         <wf lemma="pludselig" pos="X">pludselig</wf>
         <wf lemma="for" pos="X">for</wf>
         <wf lemma="meget" pos="X">meget</wf>
         <wf lemma="for" pos="X">for</wf>
         <wf lemma="mig" pos="X">mig</wf>
         <wf lemma="." pos="X">.</wf>
         <wf lemma="Jeg" pos="X">Jeg</wf>
         <wf lemma="tændte" pos="X">tændte</wf>
         <wf lemma="for" pos="X">for</wf>
         <wf lemma="radioen" pos="X">radioen</wf>
         <wf lemma="." pos="X">.</wf>
      </sentence>
      <sentence id="d000.s2889" source="wordnet-danish">
         <wf lemma="Huset" pos="X">Huset</wf>
         <wf lemma="er" pos="X">er</wf>
         <wf lemma=".." pos="X">..</wf>
         <wf lemma="på" pos="X">på</wf>
         <wf lemma="157" pos="X">157</wf>
         <wf lemma="kvm" pos="X">kvm</wf>
         <wf lemma="og" pos="X">og</wf>
         <wf lemma="med" pos="X">med</wf>
         <wf lemma="en" pos="X">en</wf>
         <wf lemma="god" pos="X">god</wf>
         <instance id="d000.s2889.t000" lemma="beliggenhed" pos="NOUN">beliggenhed</instance>
         <wf lemma="," pos="X">,</wf>
         <wf lemma="tæt" pos="X">tæt</wf>
         <wf lemma="ved" pos="X">ved</wf>
         <wf lemma="skov" pos="X">skov</wf>
         <wf lemma="og" pos="X">og</wf>
         <wf lemma="strand" pos="X">strand</wf>
         <wf lemma="." pos="X">.</wf>
      </sentence>
      <sentence id="d000.s2890" source="wordnet-danish">
         <wf lemma="Stella" pos="X">Stella</wf>
         <wf lemma="er" pos="X">er</wf>
         <wf lemma="det" pos="X">det</wf>
         <wf lemma="latinske" pos="X">latinske</wf>
         <instance id="d000.s2890.t000" lemma="ord" pos="NOUN">ord</instance>
         <wf lemma="for" pos="X">for</wf>
         <wf lemma="'stjerne'" pos="X">'stjerne'</wf>
         <wf lemma="." pos="X">.</wf>
      </sentence>
      <sentence id="d000.s2891" source="wordnet-danish">
         <wf lemma="For" pos="X">For</wf>
         <wf lemma="knallertkørere" pos="X">knallertkørere</wf>
         <wf lemma="er" pos="X">er</wf>
         <wf lemma="tilbagegangen" pos="X">tilbagegangen</wf>
         <wf lemma="[" pos="X">[</wf>
         <wf lemma=":" pos="X">:</wf>
         <wf lemma="i" pos="X">i</wf>
         <wf lemma="anmeldte" pos="X">anmeldte</wf>
         <wf lemma="skader]" pos="X">skader]</wf>
         <wf lemma="18" pos="X">18</wf>
         <wf lemma="procent" pos="X">procent</wf>
         <wf lemma="," pos="X">,</wf>
         <wf lemma="og" pos="X">og</wf>
         <wf lemma="for" pos="X">for</wf>
         <wf lemma="motorcyklister" pos="X">motorcyklister</wf>
         <wf lemma="var" pos="X">var</wf>
         <wf lemma="der" pos="X">der</wf>
         <wf lemma="en" pos="X">en</wf>
         <instance id="d000.s2891.t000" lemma="stigning" pos="NOUN">stigning</instance>
         <wf lemma="på" pos="X">på</wf>
         <wf lemma="35" pos="X">35</wf>
         <wf lemma="procent" pos="X">procent</wf>
         <wf lemma="." pos="X">.</wf>
      </sentence>
      <sentence id="d000.s2892" source="wordnet-danish">
         <wf lemma="John" pos="X">John</wf>
         <wf lemma="Tiller" pos="X">Tiller</wf>
         <wf lemma=".." pos="X">..</wf>
         <wf lemma="skabte" pos="X">skabte</wf>
         <wf lemma="en" pos="X">en</wf>
         <wf lemma="koreografi" pos="X">koreografi</wf>
         <wf lemma="," pos="X">,</wf>
         <wf lemma="hvor" pos="X">hvor</wf>
         <wf lemma="militær" pos="X">militær</wf>
         <instance id="d000.s2892.t000" lemma="eksercits" pos="NOUN">eksercits</instance>
         <wf lemma="var" pos="X">var</wf>
         <wf lemma="den" pos="X">den</wf>
         <wf lemma="væsentligste" pos="X">væsentligste</wf>
         <wf lemma="inspiration" pos="X">inspiration</wf>
         <wf lemma="." pos="X">.</wf>
      </sentence>
      <sentence id="d000.s2893" source="wordnet-danish">
         <wf lemma="på" pos="X">på</wf>
         <wf lemma="[badeværelset" pos="X">[badeværelset</wf>
         <wf lemma="]" pos="X">]</wf>
         <wf lemma="betragtede" pos="X">betragtede</wf>
         <wf lemma="hun" pos="X">hun</wf>
         <wf lemma="forfærdet" pos="X">forfærdet</wf>
         <wf lemma="sit" pos="X">sit</wf>
         <instance id="d000.s2893.t000" lemma="spejlbillede" pos="NOUN">spejlbillede</instance>
         <wf lemma="." pos="X">.</wf>
         <wf lemma="Hendes" pos="X">Hendes</wf>
         <wf lemma="hår" pos="X">hår</wf>
         <wf lemma="var" pos="X">var</wf>
         <wf lemma="i" pos="X">i</wf>
         <wf lemma="vild" pos="X">vild</wf>
         <wf lemma="uorden" pos="X">uorden</wf>
         <wf lemma="." pos="X">.</wf>
      </sentence>
      <sentence id="d000.s2894" source="wordnet-danish">
         <wf lemma="Når" pos="X">Når</wf>
         <wf lemma="barnet" pos="X">barnet</wf>
         <wf lemma="har" pos="X">har</wf>
         <wf lemma="tisset" pos="X">tisset</wf>
         <wf lemma="," pos="X">,</wf>
         <wf lemma="suges" pos="X">suges</wf>
         <wf lemma="væden" pos="X">væden</wf>
         <wf lemma="helt" pos="X">helt</wf>
         <wf lemma="ind" pos="X">ind</wf>
         <wf lemma="i" pos="X">i</wf>
         <wf lemma="bleens" pos="X">bleens</wf>
         <instance id="d000.s2894.t000" lemma="kerne" pos="NOUN">kerne</instance>
         <wf lemma="gennem" pos="X">gennem</wf>
         <wf lemma="overfladelaget" pos="X">overfladelaget</wf>
         <wf lemma="," pos="X">,</wf>
         <wf lemma="der" pos="X">der</wf>
         <wf lemma="bliver" pos="X">bliver</wf>
         <wf lemma="ved" pos="X">ved</wf>
         <wf lemma="med" pos="X">med</wf>
         <wf lemma="at" pos="X">at</wf>
         <wf lemma="være" pos="X">være</wf>
         <wf lemma="tørt" pos="X">tørt</wf>
         <wf lemma="." pos="X">.</wf>
      </sentence>
      <sentence id="d000.s2895" source="wordnet-danish">
         <wf lemma="Fra" pos="X">Fra</wf>
         <wf lemma="en" pos="X">en</wf>
         <instance id="d000.s2895.t000" lemma="platform" pos="NOUN">platform</instance>
         <wf lemma="højt" pos="X">højt</wf>
         <wf lemma="oppe" pos="X">oppe</wf>
         <wf lemma="under" pos="X">under</wf>
         <wf lemma="loftet" pos="X">loftet</wf>
         <wf lemma="skulle" pos="X">skulle</wf>
         <wf lemma="jeg" pos="X">jeg</wf>
         <wf lemma="springe" pos="X">springe</wf>
         <wf lemma="ned" pos="X">ned</wf>
         <wf lemma="og" pos="X">og</wf>
         <wf lemma="gribe" pos="X">gribe</wf>
         <wf lemma="fat" pos="X">fat</wf>
         <wf lemma="i" pos="X">i</wf>
         <wf lemma="trapezen" pos="X">trapezen</wf>
         <wf lemma="." pos="X">.</wf>
      </sentence>
      <sentence id="d000.s2896" source="wordnet-danish">
         <wf lemma="Under" pos="X">Under</wf>
         <wf lemma="Karl" pos="X">Karl</wf>
         <wf lemma="Gustav-krigene" pos="X">Gustav-krigene</wf>
         <wf lemma="1657-60" pos="X">1657-60</wf>
         <wf lemma="blev" pos="X">blev</wf>
         <wf lemma="Danmark" pos="X">Danmark</wf>
         <wf lemma="løbet" pos="X">løbet</wf>
         <wf lemma="over" pos="X">over</wf>
         <wf lemma="ende" pos="X">ende</wf>
         <wf lemma="," pos="X">,</wf>
         <wf lemma="men" pos="X">men</wf>
         <wf lemma="København" pos="X">København</wf>
         <wf lemma="holdt" pos="X">holdt</wf>
         <wf lemma="stand" pos="X">stand</wf>
         <wf lemma="under" pos="X">under</wf>
         <wf lemma="22" pos="X">22</wf>
         <wf lemma="måneders" pos="X">måneders</wf>
         <instance id="d000.s2896.t000" lemma="belejring" pos="NOUN">belejring</instance>
         <wf lemma="." pos="X">.</wf>
      </sentence>
      <sentence id="d000.s2897" source="wordnet-danish">
         <wf lemma="Til" pos="X">Til</wf>
         <wf lemma="højre" pos="X">højre</wf>
         <wf lemma="lå" pos="X">lå</wf>
         <wf lemma="de" pos="X">de</wf>
         <wf lemma="store" pos="X">store</wf>
         <instance id="d000.s2897.t000" lemma="bane" pos="NOUN">baner</instance>
         <wf lemma="," pos="X">,</wf>
         <wf lemma="hvor" pos="X">hvor</wf>
         <wf lemma="flyene" pos="X">flyene</wf>
         <wf lemma="startede" pos="X">startede</wf>
         <wf lemma="og" pos="X">og</wf>
         <wf lemma="landede" pos="X">landede</wf>
         <wf lemma="." pos="X">.</wf>
      </sentence>
      <sentence id="d000.s2898" source="wordnet-danish">
         <wf lemma="Grævlingen" pos="X">Grævlingen</wf>
         <wf lemma="orienterer" pos="X">orienterer</wf>
         <wf lemma="sig" pos="X">sig</wf>
         <wf lemma="hovedsageligt" pos="X">hovedsageligt</wf>
         <wf lemma="ved" pos="X">ved</wf>
         <wf lemma="hjælp" pos="X">hjælp</wf>
         <wf lemma="af" pos="X">af</wf>
         <instance id="d000.s2898.t000" lemma="lugtesans" pos="NOUN">lugtesansen</instance>
         <wf lemma="og" pos="X">og</wf>
         <wf lemma="høresansen" pos="X">høresansen</wf>
         <wf lemma="," pos="X">,</wf>
         <wf lemma="mens" pos="X">mens</wf>
         <wf lemma="synssansen" pos="X">synssansen</wf>
         <wf lemma="er" pos="X">er</wf>
         <wf lemma="dårligt" pos="X">dårligt</wf>
         <wf lemma="udviklet" pos="X">udviklet</wf>
         <wf lemma="." pos="X">.</wf>
      </sentence>
      <sentence id="d000.s2899" source="wordnet-danish">
         <wf lemma="Som" pos="X">Som</wf>
         <wf lemma="frie" pos="X">frie</wf>
         <wf lemma="fugle" pos="X">fugle</wf>
         <instance id="d000.s2899.t000" lemma="ynde" pos="VERB">ynder</instance>
         <wf lemma="vi" pos="X">vi</wf>
         <wf lemma="fodfolk" pos="X">fodfolk</wf>
         <wf lemma="og" pos="X">og</wf>
         <wf lemma="cyklister" pos="X">cyklister</wf>
         <wf lemma="at" pos="X">at</wf>
         <wf lemma="færdes" pos="X">færdes</wf>
         <wf lemma="i" pos="X">i</wf>
         <wf lemma="naturen" pos="X">naturen</wf>
         <wf lemma="fjernt" pos="X">fjernt</wf>
         <wf lemma="fra" pos="X">fra</wf>
         <wf lemma="alfarvej" pos="X">alfarvej</wf>
         <wf lemma="." pos="X">.</wf>
      </sentence>
      <sentence id="d000.s2900" source="wordnet-danish">
         <wf lemma="Rejsetasken" pos="X">Rejsetasken</wf>
         <wf lemma="er" pos="X">er</wf>
         <wf lemma="lavet" pos="X">lavet</wf>
         <wf lemma="i" pos="X">i</wf>
         <wf lemma="et" pos="X">et</wf>
         <wf lemma="kraftigt" pos="X">kraftigt</wf>
         <wf lemma="," pos="X">,</wf>
         <wf lemma="slidstærkt" pos="X">slidstærkt</wf>
         <instance id="d000.s2900.t000" lemma="materiale" pos="NOUN">materiale</instance>
         <wf lemma="og" pos="X">og</wf>
         <wf lemma="fås" pos="X">fås</wf>
         <wf lemma="i" pos="X">i</wf>
         <wf lemma="blå" pos="X">blå</wf>
         <wf lemma="og" pos="X">og</wf>
         <wf lemma="beige" pos="X">beige</wf>
         <wf lemma="." pos="X">.</wf>
      </sentence>
      <sentence id="d000.s2901" source="wordnet-danish">
         <wf lemma="Føtex" pos="X">Føtex</wf>
         <wf lemma="har" pos="X">har</wf>
         <wf lemma="et" pos="X">et</wf>
         <wf lemma="stort" pos="X">stort</wf>
         <instance id="d000.s2901.t000" lemma="udvalg" pos="NOUN">udvalg</instance>
         <wf lemma="af" pos="X">af</wf>
         <wf lemma="sunde" pos="X">sunde</wf>
         <wf lemma="fødevarer" pos="X">fødevarer</wf>
         <wf lemma="." pos="X">.</wf>
      </sentence>
      <sentence id="d000.s2902" source="wordnet-danish">
         <wf lemma="husk" pos="X">husk</wf>
         <wf lemma="at" pos="X">at</wf>
         <wf lemma="glas" pos="X">glas</wf>
         <wf lemma="er" pos="X">er</wf>
         <wf lemma="et" pos="X">et</wf>
         <instance id="d000.s2902.t000" lemma="skrøbelig" pos="ADJ">skrøbeligt</instance>
         <wf lemma="og" pos="X">og</wf>
         <wf lemma="farligt" pos="X">farligt</wf>
         <wf lemma="materiale" pos="X">materiale</wf>
         <wf lemma="." pos="X">.</wf>
      </sentence>
      <sentence id="d000.s2903" source="wordnet-danish">
         <wf lemma="Jeg" pos="X">Jeg</wf>
         <wf lemma="satte" pos="X">satte</wf>
         <wf lemma="mig" pos="X">mig</wf>
         <wf lemma="stille" pos="X">stille</wf>
         <wf lemma="hen" pos="X">hen</wf>
         <wf lemma="i" pos="X">i</wf>
         <wf lemma="en" pos="X">en</wf>
         <instance id="d000.s2903.t000" lemma="blød" pos="ADJ">blød</instance>
         <wf lemma="lænestol" pos="X">lænestol</wf>
         <wf lemma="og" pos="X">og</wf>
         <wf lemma="lod" pos="X">lod</wf>
         <wf lemma="mig" pos="X">mig</wf>
         <wf lemma="opsluge" pos="X">opsluge</wf>
         <wf lemma="af" pos="X">af</wf>
         <wf lemma="et" pos="X">et</wf>
         <wf lemma="ugeblad" pos="X">ugeblad</wf>
         <wf lemma="." pos="X">.</wf>
      </sentence>
      <sentence id="d000.s2904" source="wordnet-danish">
         <instance id="d000.s2904.t000" lemma="halskæde" pos="NOUN">Halskæder</instance>
         <wf lemma="af" pos="X">af</wf>
         <wf lemma="aflange" pos="X">aflange</wf>
         <wf lemma="," pos="X">,</wf>
         <wf lemma="håndlavede" pos="X">håndlavede</wf>
         <wf lemma="lerperler" pos="X">lerperler</wf>
         <wf lemma="til" pos="X">til</wf>
         <wf lemma="12-29,50" pos="X">12-29,50</wf>
         <wf lemma="kr." pos="X">kr.</wf>
         <wf lemma="," pos="X">,</wf>
         <wf lemma="alt" pos="X">alt</wf>
         <wf lemma="efter" pos="X">efter</wf>
         <wf lemma="længden" pos="X">længden</wf>
         <wf lemma="." pos="X">.</wf>
      </sentence>
      <sentence id="d000.s2905" source="wordnet-danish">
         <wf lemma="Jeg" pos="X">Jeg</wf>
         <wf lemma="har" pos="X">har</wf>
         <wf lemma="lånt" pos="X">lånt</wf>
         <wf lemma="min" pos="X">min</wf>
         <wf lemma="fasters" pos="X">fasters</wf>
         <wf lemma="sommerhus" pos="X">sommerhus</wf>
         <wf lemma="i" pos="X">i</wf>
         <wf lemma="Hornbæk" pos="X">Hornbæk</wf>
         <wf lemma="," pos="X">,</wf>
         <wf lemma="hvor" pos="X">hvor</wf>
         <wf lemma="jeg" pos="X">jeg</wf>
         <wf lemma="påtænker" pos="X">påtænker</wf>
         <wf lemma="at" pos="X">at</wf>
         <wf lemma="tilbringe" pos="X">tilbringe</wf>
         <wf lemma="en" pos="X">en</wf>
         <instance id="d000.s2905.t000" lemma="fredfyldt" pos="ADJ">fredfyldt</instance>
         <wf lemma="weekend" pos="X">weekend</wf>
         <wf lemma="." pos="X">.</wf>
      </sentence>
      <sentence id="d000.s2906" source="wordnet-danish">
         <wf lemma="[snørekorsettet" pos="X">[snørekorsettet</wf>
         <wf lemma="]" pos="X">]</wf>
         <wf lemma="lignede" pos="X">lignede</wf>
         <wf lemma="et" pos="X">et</wf>
         <wf lemma="middelalderligt" pos="X">middelalderligt</wf>
         <wf lemma="torturinstrument" pos="X">torturinstrument</wf>
         <wf lemma="," pos="X">,</wf>
         <wf lemma="lavet" pos="X">lavet</wf>
         <wf lemma="af" pos="X">af</wf>
         <wf lemma="groft" pos="X">groft</wf>
         <instance id="d000.s2906.t000" lemma="lærred" pos="NOUN">lærred</instance>
         <wf lemma="med" pos="X">med</wf>
         <wf lemma="otte" pos="X">otte</wf>
         <wf lemma="brede" pos="X">brede</wf>
         <wf lemma="stålstivere" pos="X">stålstivere</wf>
         <wf lemma="." pos="X">.</wf>
      </sentence>
      <sentence id="d000.s2907" source="wordnet-danish">
         <wf lemma="Alexander" pos="X">Alexander</wf>
         <wf lemma="skred" pos="X">skred</wf>
         <wf lemma="i" pos="X">i</wf>
         <wf lemma="dugen" pos="X">dugen</wf>
         <wf lemma="og" pos="X">og</wf>
         <instance id="d000.s2907.t000" lemma="tabe" pos="VERB">tabte</instance>
         <wf lemma="porcelænet" pos="X">porcelænet</wf>
         <wf lemma="." pos="X">.</wf>
      </sentence>
      <sentence id="d000.s2908" source="wordnet-danish">
         <instance id="d000.s2908.t000" lemma="forlag" pos="NOUN">forlaget</instance>
         <wf lemma="Gyldendal" pos="X">Gyldendal</wf>
         <wf lemma="arbejder" pos="X">arbejder</wf>
         <wf lemma="på" pos="X">på</wf>
         <wf lemma="et" pos="X">et</wf>
         <wf lemma="stort" pos="X">stort</wf>
         <wf lemma="bogværk" pos="X">bogværk</wf>
         <wf lemma="," pos="X">,</wf>
         <wf lemma="der" pos="X">der</wf>
         <wf lemma="skal" pos="X">skal</wf>
         <wf lemma="hedde" pos="X">hedde</wf>
         <wf lemma="Den" pos="X">Den</wf>
         <wf lemma="Store" pos="X">Store</wf>
         <wf lemma="Danske" pos="X">Danske</wf>
         <wf lemma="Encyklopædi" pos="X">Encyklopædi</wf>
         <wf lemma="." pos="X">.</wf>
      </sentence>
      <sentence id="d000.s2909" source="wordnet-danish">
         <wf lemma="det" pos="X">det</wf>
         <wf lemma="dryssede" pos="X">dryssede</wf>
         <wf lemma="med" pos="X">med</wf>
         <instance id="d000.s2909.t000" lemma="aske" pos="NOUN">aske</instance>
         <wf lemma="fra" pos="X">fra</wf>
         <wf lemma="pibehovedet" pos="X">pibehovedet</wf>
         <wf lemma="." pos="X">.</wf>
      </sentence>
      <sentence id="d000.s2910" source="wordnet-danish">
         <wf lemma="bare" pos="X">bare</wf>
         <wf lemma="man" pos="X">man</wf>
         <wf lemma="tog" pos="X">tog</wf>
         <wf lemma="det" pos="X">det</wf>
         <wf lemma="fra" pos="X">fra</wf>
         <wf lemma="den" pos="X">den</wf>
         <wf lemma="humoristiske" pos="X">humoristiske</wf>
         <instance id="d000.s2910.t000" lemma="side" pos="NOUN">side</instance>
         <wf lemma="," pos="X">,</wf>
         <wf lemma="gik" pos="X">gik</wf>
         <wf lemma="det" pos="X">det</wf>
         <wf lemma="udmærket" pos="X">udmærket</wf>
         <wf lemma="." pos="X">.</wf>
      </sentence>
      <sentence id="d000.s2911" source="wordnet-danish">
         <wf lemma="Mørket" pos="X">Mørket</wf>
         <wf lemma="[i" pos="X">[i</wf>
         <wf lemma="kupéen]" pos="X">kupéen]</wf>
         <wf lemma="gør" pos="X">gør</wf>
         <wf lemma="det" pos="X">det</wf>
         <wf lemma="vanskeligt" pos="X">vanskeligt</wf>
         <wf lemma="at" pos="X">at</wf>
         <wf lemma="skelne" pos="X">skelne</wf>
         <wf lemma="mine" pos="X">mine</wf>
         <wf lemma="medpassagerers" pos="X">medpassagerers</wf>
         <instance id="d000.s2911.t000" lemma="ansigtstræk" pos="NOUN">ansigtstræk</instance>
         <wf lemma="." pos="X">.</wf>
      </sentence>
      <sentence id="d000.s2912" source="wordnet-danish">
         <wf lemma="når" pos="X">når</wf>
         <wf lemma="klartonen" pos="X">klartonen</wf>
         <wf lemma="lyder" pos="X">lyder</wf>
         <wf lemma="," pos="X">,</wf>
         <wf lemma="kan" pos="X">kan</wf>
         <wf lemma="De" pos="X">De</wf>
         <wf lemma="indtale" pos="X">indtale</wf>
         <wf lemma="Deres" pos="X">Deres</wf>
         <instance id="d000.s2912.t000" lemma="besked" pos="NOUN">besked</instance>
         <wf lemma="." pos="X">.</wf>
      </sentence>
      <sentence id="d000.s2913" source="wordnet-danish">
         <wf lemma="Kartofler" pos="X">Kartofler</wf>
         <wf lemma="," pos="X">,</wf>
         <wf lemma="brød" pos="X">brød</wf>
         <wf lemma="og" pos="X">og</wf>
         <instance id="d000.s2913.t000" lemma="gryn" pos="NOUN">gryn</instance>
         <wf lemma="er" pos="X">er</wf>
         <wf lemma="grundlæggende" pos="X">grundlæggende</wf>
         <wf lemma="i" pos="X">i</wf>
         <wf lemma="kosten" pos="X">kosten</wf>
         <wf lemma="." pos="X">.</wf>
         <wf lemma="Det" pos="X">Det</wf>
         <wf lemma="skal" pos="X">skal</wf>
         <wf lemma="man" pos="X">man</wf>
         <wf lemma="spise" pos="X">spise</wf>
         <wf lemma="mest" pos="X">mest</wf>
         <wf lemma="af" pos="X">af</wf>
         <wf lemma="." pos="X">.</wf>
      </sentence>
      <sentence id="d000.s2914" source="wordnet-danish">
         <wf lemma="I" pos="X">I</wf>
         <wf lemma="de" pos="X">de</wf>
         <wf lemma="senere" pos="X">senere</wf>
         <wf lemma="år" pos="X">år</wf>
         <wf lemma="er" pos="X">er</wf>
         <wf lemma="det" pos="X">det</wf>
         <wf lemma="blevet" pos="X">blevet</wf>
         <wf lemma="meget" pos="X">meget</wf>
         <wf lemma="almindeligt" pos="X">almindeligt</wf>
         <wf lemma="at" pos="X">at</wf>
         <wf lemma="anvende" pos="X">anvende</wf>
         <wf lemma="groft" pos="X">groft</wf>
         <instance id="d000.s2914.t000" lemma="mel" pos="NOUN">mel</instance>
         <wf lemma="ved" pos="X">ved</wf>
         <wf lemma="brødbagning" pos="X">brødbagning</wf>
         <wf lemma="." pos="X">.</wf>
      </sentence>
      <sentence id="d000.s2915" source="wordnet-danish">
         <wf lemma="Hver" pos="X">Hver</wf>
         <wf lemma="gang" pos="X">gang</wf>
         <wf lemma="vi" pos="X">vi</wf>
         <instance id="d000.s2915.t000" lemma="importere" pos="VERB">importerer</instance>
         <wf lemma="for" pos="X">for</wf>
         <wf lemma="45" pos="X">45</wf>
         <wf lemma="øre" pos="X">øre</wf>
         <wf lemma="medicin" pos="X">medicin</wf>
         <wf lemma="eksporterer" pos="X">eksporterer</wf>
         <wf lemma="vi" pos="X">vi</wf>
         <wf lemma="for" pos="X">for</wf>
         <wf lemma="en" pos="X">en</wf>
         <wf lemma="krone" pos="X">krone</wf>
         <wf lemma="." pos="X">.</wf>
      </sentence>
      <sentence id="d000.s2916" source="wordnet-danish">
         <wf lemma="Der" pos="X">Der</wf>
         <wf lemma="er" pos="X">er</wf>
         <instance id="d000.s2916.t000" lemma="splittelse" pos="NOUN">splittelse</instance>
         <wf lemma="blandt" pos="X">blandt</wf>
         <wf lemma="EFs" pos="X">EFs</wf>
         <wf lemma="udenrigsministre" pos="X">udenrigsministre</wf>
         <wf lemma="i" pos="X">i</wf>
         <wf lemma="spørgsmålet" pos="X">spørgsmålet</wf>
         <wf lemma="om" pos="X">om</wf>
         <wf lemma="anerkendelse" pos="X">anerkendelse</wf>
         <wf lemma="af" pos="X">af</wf>
         <wf lemma="de" pos="X">de</wf>
         <wf lemma="jugoslaviske" pos="X">jugoslaviske</wf>
         <wf lemma="løsrivelsesrepublikker" pos="X">løsrivelsesrepublikker</wf>
         <wf lemma="." pos="X">.</wf>
      </sentence>
      <sentence id="d000.s2917" source="wordnet-danish">
         <wf lemma="Citroën" pos="X">Citroën</wf>
         <wf lemma="udtales" pos="X">udtales</wf>
         <wf lemma="på" pos="X">på</wf>
         <wf lemma="fransk" pos="X">fransk</wf>
         <wf lemma="med" pos="X">med</wf>
         <wf lemma="'-æn'" pos="X">'-æn'</wf>
         <wf lemma="i" pos="X">i</wf>
         <wf lemma="sidste" pos="X">sidste</wf>
         <instance id="d000.s2917.t000" lemma="stavelse" pos="NOUN">stavelse</instance>
         <wf lemma=";" pos="X">;</wf>
         <wf lemma="den" pos="X">den</wf>
         <wf lemma="danske" pos="X">danske</wf>
         <wf lemma="udtale" pos="X">udtale</wf>
         <wf lemma="er" pos="X">er</wf>
         <wf lemma="pseudofransk" pos="X">pseudofransk</wf>
         <wf lemma=":" pos="X">:</wf>
         <wf lemma="'-æng'" pos="X">'-æng'</wf>
         <wf lemma="." pos="X">.</wf>
      </sentence>
      <sentence id="d000.s2918" source="wordnet-danish">
         <wf lemma="hvis" pos="X">hvis</wf>
         <wf lemma="du" pos="X">du</wf>
         <wf lemma="vil" pos="X">vil</wf>
         <wf lemma="bevare" pos="X">bevare</wf>
         <wf lemma="din" pos="X">din</wf>
         <wf lemma="bil" pos="X">bil</wf>
         <wf lemma="i" pos="X">i</wf>
         <wf lemma="mange" pos="X">mange</wf>
         <wf lemma="år" pos="X">år</wf>
         <wf lemma="," pos="X">,</wf>
         <wf lemma="er" pos="X">er</wf>
         <wf lemma="den" pos="X">den</wf>
         <wf lemma="bedste" pos="X">bedste</wf>
         <wf lemma="løsning" pos="X">løsning</wf>
         <wf lemma="en" pos="X">en</wf>
         <wf lemma="opvarmet" pos="X">opvarmet</wf>
         <instance id="d000.s2918.t000" lemma="garage" pos="NOUN">garage</instance>
         <wf lemma="." pos="X">.</wf>
      </sentence>
      <sentence id="d000.s2919" source="wordnet-danish">
         <wf lemma="også" pos="X">også</wf>
         <wf lemma="tragedien" pos="X">tragedien</wf>
         <wf lemma="har" pos="X">har</wf>
         <wf lemma="sin" pos="X">sin</wf>
         <wf lemma="plads" pos="X">plads</wf>
         <wf lemma="i" pos="X">i</wf>
         <wf lemma="Vorherres" pos="X">Vorherres</wf>
         <wf lemma="altomfattende" pos="X">altomfattende</wf>
         <instance id="d000.s2919.t000" lemma="harmoni" pos="NOUN">harmoni</instance>
         <wf lemma="." pos="X">.</wf>
      </sentence>
      <sentence id="d000.s2920" source="wordnet-danish">
         <wf lemma="Hak" pos="X">Hak</wf>
         <wf lemma="sorte" pos="X">sorte</wf>
         <wf lemma="oliven" pos="X">oliven</wf>
         <wf lemma="uden" pos="X">uden</wf>
         <instance id="d000.s2920.t000" lemma="sten" pos="NOUN">sten</instance>
         <wf lemma="i" pos="X">i</wf>
         <wf lemma="småstykker" pos="X">småstykker</wf>
         <wf lemma="med" pos="X">med</wf>
         <wf lemma="en" pos="X">en</wf>
         <wf lemma="skarp" pos="X">skarp</wf>
         <wf lemma="kniv" pos="X">kniv</wf>
         <wf lemma="." pos="X">.</wf>
      </sentence>
      <sentence id="d000.s2921" source="wordnet-danish">
         <wf lemma="glasset" pos="X">glasset</wf>
         <wf lemma="er" pos="X">er</wf>
         <wf lemma="fra" pos="X">fra</wf>
         <wf lemma="Holmegaard" pos="X">Holmegaard</wf>
         <wf lemma="," pos="X">,</wf>
         <instance id="d000.s2921.t000" lemma="bestik" pos="NOUN">bestikket</instance>
         <wf lemma="fra" pos="X">fra</wf>
         <wf lemma="Georg" pos="X">Georg</wf>
         <wf lemma="Jensen" pos="X">Jensen</wf>
         <wf lemma="og" pos="X">og</wf>
         <wf lemma="tallerkenerne" pos="X">tallerkenerne</wf>
         <wf lemma="fra" pos="X">fra</wf>
         <wf lemma="Royal" pos="X">Royal</wf>
         <wf lemma="Copenhagen" pos="X">Copenhagen</wf>
         <wf lemma="." pos="X">.</wf>
      </sentence>
      <sentence id="d000.s2922" source="wordnet-danish">
         <wf lemma="Med" pos="X">Med</wf>
         <wf lemma="landevejen" pos="X">landevejen</wf>
         <wf lemma="og" pos="X">og</wf>
         <wf lemma="jernbanen" pos="X">jernbanen</wf>
         <wf lemma="som" pos="X">som</wf>
         <instance id="d000.s2922.t000" lemma="parallel" pos="ADJ">parallelle</instance>
         <wf lemma="skillelinjer" pos="X">skillelinjer</wf>
         <wf lemma="delte" pos="X">delte</wf>
         <wf lemma="[byen]" pos="X">[byen]</wf>
         <wf lemma="sig" pos="X">sig</wf>
         <wf lemma="i" pos="X">i</wf>
         <wf lemma="tre" pos="X">tre</wf>
         <wf lemma="zoner" pos="X">zoner</wf>
         <wf lemma="." pos="X">.</wf>
      </sentence>
      <sentence id="d000.s2923" source="wordnet-danish">
         <wf lemma="For" pos="X">For</wf>
         <wf lemma="at" pos="X">at</wf>
         <wf lemma="undgå" pos="X">undgå</wf>
         <wf lemma="skader" pos="X">skader</wf>
         <wf lemma="," pos="X">,</wf>
         <wf lemma="skal" pos="X">skal</wf>
         <wf lemma="børnene" pos="X">børnene</wf>
         <wf lemma="blandt" pos="X">blandt</wf>
         <wf lemma="andet" pos="X">andet</wf>
         <wf lemma="kunne" pos="X">kunne</wf>
         <instance id="d000.s2923.t000" lemma="understøtte" pos="VERB">understøtte</instance>
         <wf lemma="deres" pos="X">deres</wf>
         <wf lemma="underarm" pos="X">underarm</wf>
         <wf lemma="," pos="X">,</wf>
         <wf lemma="når" pos="X">når</wf>
         <wf lemma="de" pos="X">de</wf>
         <wf lemma="arbejder" pos="X">arbejder</wf>
         <wf lemma="med" pos="X">med</wf>
         <wf lemma="computeren" pos="X">computeren</wf>
         <wf lemma="." pos="X">.</wf>
      </sentence>
      <sentence id="d000.s2924" source="wordnet-danish">
         <wf lemma="Jeg" pos="X">Jeg</wf>
         <wf lemma="får" pos="X">får</wf>
         <instance id="d000.s2924.t000" lemma="kvalme" pos="NOUN">kvalme</instance>
         <wf lemma="af" pos="X">af</wf>
         <wf lemma="at" pos="X">at</wf>
         <wf lemma="køre" pos="X">køre</wf>
         <wf lemma="i" pos="X">i</wf>
         <wf lemma="bil" pos="X">bil</wf>
         <wf lemma="." pos="X">.</wf>
      </sentence>
      <sentence id="d000.s2925" source="wordnet-danish">
         <wf lemma="Pas" pos="X">Pas</wf>
         <wf lemma="på" pos="X">på</wf>
         <wf lemma="dem" pos="X">dem</wf>
         <wf lemma="der" pos="X">der</wf>
         <wf lemma="." pos="X">.</wf>
         <wf lemma="." pos="X">.</wf>
         <wf lemma="Det" pos="X">Det</wf>
         <wf lemma="var" pos="X">var</wf>
         <wf lemma="små" pos="X">små</wf>
         <wf lemma="skarptandede" pos="X">skarptandede</wf>
         <wf lemma="brændenælder" pos="X">brændenælder</wf>
         <wf lemma="," pos="X">,</wf>
         <wf lemma="helt" pos="X">helt</wf>
         <wf lemma="galdegrønne" pos="X">galdegrønne</wf>
         <wf lemma="." pos="X">.</wf>
         <wf lemma="-" pos="X">-</wf>
         <wf lemma="-" pos="X">-</wf>
         <wf lemma="De" pos="X">De</wf>
         <instance id="d000.s2925.t000" lemma="brænde" pos="VERB">brænder</instance>
         <wf lemma="ad" pos="X">ad</wf>
         <wf lemma="helvede" pos="X">helvede</wf>
         <wf lemma="til" pos="X">til</wf>
         <wf lemma="." pos="X">.</wf>
      </sentence>
      <sentence id="d000.s2926" source="wordnet-danish">
         <wf lemma="Da" pos="X">Da</wf>
         <wf lemma="jeg" pos="X">jeg</wf>
         <wf lemma="var" pos="X">var</wf>
         <wf lemma="en" pos="X">en</wf>
         <wf lemma="snes" pos="X">snes</wf>
         <wf lemma="år" pos="X">år</wf>
         <wf lemma="gammel" pos="X">gammel</wf>
         <wf lemma="," pos="X">,</wf>
         <wf lemma="opsøgte" pos="X">opsøgte</wf>
         <wf lemma="jeg" pos="X">jeg</wf>
         <wf lemma="Lauge" pos="X">Lauge</wf>
         <wf lemma="Koch" pos="X">Koch</wf>
         <wf lemma="og" pos="X">og</wf>
         <wf lemma="bad" pos="X">bad</wf>
         <wf lemma="om" pos="X">om</wf>
         <wf lemma="at" pos="X">at</wf>
         <wf lemma="komme" pos="X">komme</wf>
         <wf lemma="med" pos="X">med</wf>
         <wf lemma="på" pos="X">på</wf>
         <wf lemma="hans" pos="X">hans</wf>
         <instance id="d000.s2926.t000" lemma="ekspedition" pos="NOUN">ekspedition</instance>
         <wf lemma="til" pos="X">til</wf>
         <wf lemma="Grønland" pos="X">Grønland</wf>
         <wf lemma="." pos="X">.</wf>
      </sentence>
      <sentence id="d000.s2927" source="wordnet-danish">
         <wf lemma="jeg" pos="X">jeg</wf>
         <instance id="d000.s2927.t000" lemma="behøve" pos="VERB">behøvede</instance>
         <wf lemma="ekstratimer" pos="X">ekstratimer</wf>
         <wf lemma="for" pos="X">for</wf>
         <wf lemma="at" pos="X">at</wf>
         <wf lemma="følge" pos="X">følge</wf>
         <wf lemma="med" pos="X">med</wf>
         <wf lemma="i" pos="X">i</wf>
         <wf lemma="klassen" pos="X">klassen</wf>
         <wf lemma="." pos="X">.</wf>
      </sentence>
      <sentence id="d000.s2928" source="wordnet-danish">
         <wf lemma="Han" pos="X">Han</wf>
         <instance id="d000.s2928.t000" lemma="tegne" pos="VERB">tegnede</instance>
         <wf lemma="hele" pos="X">hele</wf>
         <wf lemma="livet" pos="X">livet</wf>
         <wf lemma="efter" pos="X">efter</wf>
         <wf lemma="levende" pos="X">levende</wf>
         <wf lemma="model" pos="X">model</wf>
         <wf lemma="," pos="X">,</wf>
         <wf lemma="både" pos="X">både</wf>
         <wf lemma="i" pos="X">i</wf>
         <wf lemma="kultegninger" pos="X">kultegninger</wf>
         <wf lemma="og" pos="X">og</wf>
         <wf lemma="konturtegninger" pos="X">konturtegninger</wf>
         <wf lemma="." pos="X">.</wf>
      </sentence>
      <sentence id="d000.s2929" source="wordnet-danish">
         <wf lemma="Man" pos="X">Man</wf>
         <wf lemma="måtte" pos="X">måtte</wf>
         <wf lemma="ikke" pos="X">ikke</wf>
         <instance id="d000.s2929.t000" lemma="svømme" pos="VERB">svømme</instance>
         <wf lemma="ud" pos="X">ud</wf>
         <wf lemma="på" pos="X">på</wf>
         <wf lemma="det" pos="X">det</wf>
         <wf lemma="dybe" pos="X">dybe</wf>
         <wf lemma="," pos="X">,</wf>
         <wf lemma="når" pos="X">når</wf>
         <wf lemma="man" pos="X">man</wf>
         <wf lemma="var" pos="X">var</wf>
         <wf lemma="alene" pos="X">alene</wf>
         <wf lemma="," pos="X">,</wf>
         <wf lemma="havde" pos="X">havde</wf>
         <wf lemma="Kristoffer" pos="X">Kristoffer</wf>
         <wf lemma="lært" pos="X">lært</wf>
         <wf lemma="." pos="X">.</wf>
      </sentence>
      <sentence id="d000.s2930" source="wordnet-danish">
         <wf lemma="Amazonerne" pos="X">Amazonerne</wf>
         <wf lemma="var" pos="X">var</wf>
         <wf lemma="vilde" pos="X">vilde</wf>
         <wf lemma="stammer" pos="X">stammer</wf>
         <wf lemma="som" pos="X">som</wf>
         <wf lemma="i" pos="X">i</wf>
         <wf lemma="sagnhistorisk" pos="X">sagnhistorisk</wf>
         <wf lemma="tid" pos="X">tid</wf>
         <wf lemma="gjorde" pos="X">gjorde</wf>
         <instance id="d000.s2930.t000" lemma="indfald" pos="NOUN">indfald</instance>
         <wf lemma="i" pos="X">i</wf>
         <wf lemma="Grækenland" pos="X">Grækenland</wf>
         <wf lemma="." pos="X">.</wf>
      </sentence>
      <sentence id="d000.s2931" source="wordnet-danish">
         <wf lemma="to" pos="X">to</wf>
         <wf lemma="mystiske" pos="X">mystiske</wf>
         <wf lemma="fremmede" pos="X">fremmede</wf>
         <wf lemma="[dukker]" pos="X">[dukker]</wf>
         <wf lemma="op" pos="X">op</wf>
         <wf lemma="." pos="X">.</wf>
         <wf lemma="Langsomt" pos="X">Langsomt</wf>
         <wf lemma="begynder" pos="X">begynder</wf>
         <wf lemma="de" pos="X">de</wf>
         <wf lemma="at" pos="X">at</wf>
         <wf lemma="tage" pos="X">tage</wf>
         <instance id="d000.s2931.t000" lemma="føring" pos="NOUN">føringen</instance>
         <wf lemma="over" pos="X">over</wf>
         <wf lemma="det" pos="X">det</wf>
         <wf lemma="der" pos="X">der</wf>
         <wf lemma="sker" pos="X">sker</wf>
         <wf lemma="," pos="X">,</wf>
         <wf lemma="indtil" pos="X">indtil</wf>
         <wf lemma="katastrofen" pos="X">katastrofen</wf>
         <wf lemma="truer" pos="X">truer</wf>
         <wf lemma="." pos="X">.</wf>
      </sentence>
      <sentence id="d000.s2932" source="wordnet-danish">
         <wf lemma="Pernille" pos="X">Pernille</wf>
         <wf lemma="sov" pos="X">sov</wf>
         <wf lemma="som" pos="X">som</wf>
         <wf lemma="en" pos="X">en</wf>
         <wf lemma="sten" pos="X">sten</wf>
         <wf lemma="," pos="X">,</wf>
         <wf lemma="konstaterede" pos="X">konstaterede</wf>
         <wf lemma="jeg" pos="X">jeg</wf>
         <wf lemma="irriteret" pos="X">irriteret</wf>
         <wf lemma="i" pos="X">i</wf>
         <instance id="d000.s2932.t000" lemma="skær" pos="NOUN">skæret</instance>
         <wf lemma="fra" pos="X">fra</wf>
         <wf lemma="natlampen" pos="X">natlampen</wf>
         <wf lemma="." pos="X">.</wf>
      </sentence>
      <sentence id="d000.s2933" source="wordnet-danish">
         <wf lemma="Det" pos="X">Det</wf>
         <wf lemma="ser" pos="X">ser</wf>
         <wf lemma="hyggeligt" pos="X">hyggeligt</wf>
         <wf lemma="ud" pos="X">ud</wf>
         <wf lemma="," pos="X">,</wf>
         <wf lemma="når" pos="X">når</wf>
         <wf lemma="man" pos="X">man</wf>
         <instance id="d000.s2933.t000" lemma="sprøjte" pos="VERB">sprøjter</instance>
         <wf lemma="vinduerne" pos="X">vinduerne</wf>
         <wf lemma="med" pos="X">med</wf>
         <wf lemma="'julesne'" pos="X">'julesne'</wf>
         <wf lemma="." pos="X">.</wf>
      </sentence>
      <sentence id="d000.s2934" source="wordnet-danish">
         <wf lemma="har" pos="X">har</wf>
         <wf lemma="man" pos="X">man</wf>
         <wf lemma="ikke" pos="X">ikke</wf>
         <wf lemma="haft" pos="X">haft</wf>
         <wf lemma="et" pos="X">et</wf>
         <wf lemma="interessant" pos="X">interessant</wf>
         <wf lemma="liv" pos="X">liv</wf>
         <wf lemma="," pos="X">,</wf>
         <wf lemma="hvorfor" pos="X">hvorfor</wf>
         <wf lemma="skal" pos="X">skal</wf>
         <wf lemma="man" pos="X">man</wf>
         <wf lemma="så" pos="X">så</wf>
         <instance id="d000.s2934.t000" lemma="skrive" pos="VERB">skrive</instance>
         <wf lemma="sine" pos="X">sine</wf>
         <wf lemma="erindringer" pos="X">erindringer</wf>
         <wf lemma="?" pos="X">?</wf>
      </sentence>
      <sentence id="d000.s2935" source="wordnet-danish">
         <wf lemma="der" pos="X">der</wf>
         <wf lemma="er" pos="X">er</wf>
         <wf lemma="stadig" pos="X">stadig</wf>
         <wf lemma="betydelige" pos="X">betydelige</wf>
         <wf lemma="grundlæggende" pos="X">grundlæggende</wf>
         <wf lemma="forskningsopgaver" pos="X">forskningsopgaver</wf>
         <wf lemma="," pos="X">,</wf>
         <wf lemma="der" pos="X">der</wf>
         <wf lemma="må" pos="X">må</wf>
         <wf lemma="løses" pos="X">løses</wf>
         <wf lemma="," pos="X">,</wf>
         <wf lemma="før" pos="X">før</wf>
         <instance id="d000.s2935.t000" lemma="praktisk" pos="ADJ">praktisk</instance>
         <wf lemma="anvendelige" pos="X">anvendelige</wf>
         <wf lemma="resultater" pos="X">resultater</wf>
         <wf lemma="kan" pos="X">kan</wf>
         <wf lemma="ventes" pos="X">ventes</wf>
         <wf lemma="." pos="X">.</wf>
      </sentence>
      <sentence id="d000.s2936" source="wordnet-danish">
         <wf lemma="Film" pos="X">Film</wf>
         <wf lemma="og" pos="X">og</wf>
         <wf lemma="TV" pos="X">TV</wf>
         <wf lemma="er" pos="X">er</wf>
         <wf lemma="nok" pos="X">nok</wf>
         <wf lemma="de" pos="X">de</wf>
         <instance id="d000.s2936.t000" lemma="medie" pos="NOUN">medier</instance>
         <wf lemma="i" pos="X">i</wf>
         <wf lemma="dag" pos="X">dag</wf>
         <wf lemma="," pos="X">,</wf>
         <wf lemma="der" pos="X">der</wf>
         <wf lemma="har" pos="X">har</wf>
         <wf lemma="den" pos="X">den</wf>
         <wf lemma="stærkeste" pos="X">stærkeste</wf>
         <wf lemma="effekt" pos="X">effekt</wf>
         <wf lemma="." pos="X">.</wf>
      </sentence>
      <sentence id="d000.s2937" source="wordnet-danish">
         <wf lemma="enhver" pos="X">enhver</wf>
         <instance id="d000.s2937.t000" lemma="økonom" pos="NOUN">økonoms</instance>
         <wf lemma="beskrivelse" pos="X">beskrivelse</wf>
         <wf lemma="," pos="X">,</wf>
         <wf lemma="forklaring" pos="X">forklaring</wf>
         <wf lemma="og" pos="X">og</wf>
         <wf lemma="vurdering" pos="X">vurdering</wf>
         <wf lemma="af" pos="X">af</wf>
         <wf lemma="økonomiske" pos="X">økonomiske</wf>
         <wf lemma="forhold" pos="X">forhold</wf>
         <wf lemma=".." pos="X">..</wf>
         <wf lemma="vil" pos="X">vil</wf>
         <wf lemma="være" pos="X">være</wf>
         <wf lemma="baseret" pos="X">baseret</wf>
         <wf lemma="på" pos="X">på</wf>
         <wf lemma="en" pos="X">en</wf>
         <wf lemma="økonomisk" pos="X">økonomisk</wf>
         <wf lemma="teori" pos="X">teori</wf>
         <wf lemma="(" pos="X">(</wf>
         <wf lemma="og" pos="X">og</wf>
         <wf lemma="ideologi" pos="X">ideologi</wf>
         <wf lemma=")" pos="X">)</wf>
         <wf lemma="." pos="X">.</wf>
      </sentence>
      <sentence id="d000.s2938" source="wordnet-danish">
         <wf lemma="'Det" pos="X">'Det</wf>
         <wf lemma="er" pos="X">er</wf>
         <wf lemma="en" pos="X">en</wf>
         <wf lemma="epoke" pos="X">epoke</wf>
         <wf lemma="i" pos="X">i</wf>
         <wf lemma="dansk" pos="X">dansk</wf>
         <wf lemma="folkestyres" pos="X">folkestyres</wf>
         <wf lemma="historie" pos="X">historie</wf>
         <wf lemma="," pos="X">,</wf>
         <wf lemma="der" pos="X">der</wf>
         <wf lemma="er" pos="X">er</wf>
         <wf lemma="forbi" pos="X">forbi</wf>
         <wf lemma="nu" pos="X">nu</wf>
         <wf lemma="," pos="X">,</wf>
         <wf lemma="'" pos="X">'</wf>
         <instance id="d000.s2938.t000" lemma="erklære" pos="VERB">erklærede</instance>
         <wf lemma="han" pos="X">han</wf>
         <wf lemma="med" pos="X">med</wf>
         <wf lemma="patos" pos="X">patos</wf>
         <wf lemma="." pos="X">.</wf>
      </sentence>
      <sentence id="d000.s2939" source="wordnet-danish">
         <wf lemma="Danskerne" pos="X">Danskerne</wf>
         <wf lemma="lever" pos="X">lever</wf>
         <wf lemma="så" pos="X">så</wf>
         <wf lemma="mageligt" pos="X">mageligt</wf>
         <wf lemma="og" pos="X">og</wf>
         <wf lemma="er" pos="X">er</wf>
         <wf lemma="alligevel" pos="X">alligevel</wf>
         <wf lemma="så" pos="X">så</wf>
         <wf lemma="bekymrede" pos="X">bekymrede</wf>
         <wf lemma="." pos="X">.</wf>
         <wf lemma="Hver" pos="X">Hver</wf>
         <wf lemma="gang" pos="X">gang</wf>
         <wf lemma="de" pos="X">de</wf>
         <wf lemma="møder" pos="X">møder</wf>
         <wf lemma="en" pos="X">en</wf>
         <wf lemma="smule" pos="X">smule</wf>
         <instance id="d000.s2939.t000" lemma="modgang" pos="NOUN">modgang</instance>
         <wf lemma="," pos="X">,</wf>
         <wf lemma="går" pos="X">går</wf>
         <wf lemma="de" pos="X">de</wf>
         <wf lemma="helt" pos="X">helt</wf>
         <wf lemma="i" pos="X">i</wf>
         <wf lemma="stå" pos="X">stå</wf>
         <wf lemma="." pos="X">.</wf>
      </sentence>
      <sentence id="d000.s2940" source="wordnet-danish">
         <wf lemma="hun" pos="X">hun</wf>
         <wf lemma="var" pos="X">var</wf>
         <instance id="d000.s2940.t000" lemma="imponere" pos="VERB">imponeret</instance>
         <wf lemma="over" pos="X">over</wf>
         <wf lemma="så" pos="X">så</wf>
         <wf lemma="godt" pos="X">godt</wf>
         <wf lemma="han" pos="X">han</wf>
         <wf lemma="beherskede" pos="X">beherskede</wf>
         <wf lemma="hendes" pos="X">hendes</wf>
         <wf lemma="sprog" pos="X">sprog</wf>
         <wf lemma="." pos="X">.</wf>
      </sentence>
      <sentence id="d000.s2941" source="wordnet-danish">
         <wf lemma="golfspillerne" pos="X">golfspillerne</wf>
         <wf lemma=".." pos="X">..</wf>
         <wf lemma="kryber" pos="X">kryber</wf>
         <wf lemma="i" pos="X">i</wf>
         <instance id="d000.s2941.t000" lemma="skjul" pos="NOUN">skjul</instance>
         <wf lemma="under" pos="X">under</wf>
         <wf lemma="deres" pos="X">deres</wf>
         <wf lemma="kulørte" pos="X">kulørte</wf>
         <wf lemma="paraplyer" pos="X">paraplyer</wf>
         <wf lemma="for" pos="X">for</wf>
         <wf lemma="en" pos="X">en</wf>
         <wf lemma="regnbyge" pos="X">regnbyge</wf>
         <wf lemma="." pos="X">.</wf>
      </sentence>
      <sentence id="d000.s2942" source="wordnet-danish">
         <wf lemma="Når" pos="X">Når</wf>
         <wf lemma="folk" pos="X">folk</wf>
         <wf lemma="møder" pos="X">møder</wf>
         <wf lemma="mig" pos="X">mig</wf>
         <wf lemma="," pos="X">,</wf>
         <wf lemma="ved" pos="X">ved</wf>
         <wf lemma="de" pos="X">de</wf>
         <wf lemma="ikke" pos="X">ikke</wf>
         <wf lemma="," pos="X">,</wf>
         <wf lemma="hvad" pos="X">hvad</wf>
         <wf lemma="de" pos="X">de</wf>
         <wf lemma="skal" pos="X">skal</wf>
         <instance id="d000.s2942.t000" lemma="sige" pos="VERB">sige</instance>
         <wf lemma="til" pos="X">til</wf>
         <wf lemma="mig" pos="X">mig</wf>
         <wf lemma="." pos="X">.</wf>
      </sentence>
      <sentence id="d000.s2943" source="wordnet-danish">
         <wf lemma="Du" pos="X">Du</wf>
         <wf lemma="skal" pos="X">skal</wf>
         <wf lemma="sutte" pos="X">sutte</wf>
         <wf lemma="de" pos="X">de</wf>
         <wf lemma="små" pos="X">små</wf>
         <wf lemma="Urticalcin-tabletter" pos="X">Urticalcin-tabletter</wf>
         <wf lemma="i" pos="X">i</wf>
         <wf lemma="dig" pos="X">dig</wf>
         <wf lemma="." pos="X">.</wf>
         <instance id="d000.s2943.t000" lemma="dosis" pos="NOUN">Dosis</instance>
         <wf lemma="er" pos="X">er</wf>
         <wf lemma="5" pos="X">5</wf>
         <wf lemma="stk." pos="X">stk.</wf>
         <wf lemma="2" pos="X">2</wf>
         <wf lemma="gange" pos="X">gange</wf>
         <wf lemma="dagligt" pos="X">dagligt</wf>
         <wf lemma="." pos="X">.</wf>
      </sentence>
      <sentence id="d000.s2944" source="wordnet-danish">
         <wf lemma="[hun]" pos="X">[hun]</wf>
         <wf lemma="forsvarede" pos="X">forsvarede</wf>
         <wf lemma="bravt" pos="X">bravt</wf>
         <wf lemma="sin" pos="X">sin</wf>
         <wf lemma="første" pos="X">første</wf>
         <wf lemma="store" pos="X">store</wf>
         <wf lemma="rolle" pos="X">rolle</wf>
         <wf lemma="," pos="X">,</wf>
         <wf lemma="med" pos="X">med</wf>
         <wf lemma="en" pos="X">en</wf>
         <wf lemma="klar" pos="X">klar</wf>
         <wf lemma="og" pos="X">og</wf>
         <wf lemma="fnuglet" pos="X">fnuglet</wf>
         <instance id="d000.s2944.t000" lemma="sopran" pos="NOUN">sopran</instance>
         <wf lemma="," pos="X">,</wf>
         <wf lemma="der" pos="X">der</wf>
         <wf lemma="succesbevidst" pos="X">succesbevidst</wf>
         <wf lemma="triumferede" pos="X">triumferede</wf>
         <wf lemma="med" pos="X">med</wf>
         <wf lemma="de" pos="X">de</wf>
         <wf lemma="høje" pos="X">høje</wf>
         <wf lemma="sluttoner" pos="X">sluttoner</wf>
         <wf lemma="." pos="X">.</wf>
      </sentence>
      <sentence id="d000.s2945" source="wordnet-danish">
         <wf lemma="I" pos="X">I</wf>
         <wf lemma="morgen" pos="X">morgen</wf>
         <wf lemma="er" pos="X">er</wf>
         <wf lemma="det" pos="X">det</wf>
         <wf lemma="uigenkaldeligt" pos="X">uigenkaldeligt</wf>
         <wf lemma="sidste" pos="X">sidste</wf>
         <wf lemma="gang" pos="X">gang</wf>
         <wf lemma="vi" pos="X">vi</wf>
         <wf lemma="skal" pos="X">skal</wf>
         <wf lemma="følge" pos="X">følge</wf>
         <wf lemma="livet" pos="X">livet</wf>
         <wf lemma="i" pos="X">i</wf>
         <wf lemma="Korsbæk" pos="X">Korsbæk</wf>
         <wf lemma="." pos="X">.</wf>
         <wf lemma="TV" pos="X">TV</wf>
         <wf lemma="viser" pos="X">viser</wf>
         <wf lemma="24." pos="X">24.</wf>
         <wf lemma="og" pos="X">og</wf>
         <wf lemma="sidste" pos="X">sidste</wf>
         <instance id="d000.s2945.t000" lemma="afsnit" pos="NOUN">afsnit</instance>
         <wf lemma="af" pos="X">af</wf>
         <wf lemma="'" pos="X">'</wf>
         <wf lemma="Matador'" pos="X">Matador'</wf>
         <wf lemma="." pos="X">.</wf>
      </sentence>
      <sentence id="d000.s2946" source="wordnet-danish">
         <wf lemma="Vi" pos="X">Vi</wf>
         <instance id="d000.s2946.t000" lemma="samarbejde" pos="VERB">samarbejder</instance>
         <wf lemma="med" pos="X">med</wf>
         <wf lemma="det" pos="X">det</wf>
         <wf lemma="norske" pos="X">norske</wf>
         <wf lemma="politi" pos="X">politi</wf>
         <wf lemma="i" pos="X">i</wf>
         <wf lemma="Oslo" pos="X">Oslo</wf>
         <wf lemma="om" pos="X">om</wf>
         <wf lemma="opklaring" pos="X">opklaring</wf>
         <wf lemma="af" pos="X">af</wf>
         <wf lemma="affæren" pos="X">affæren</wf>
         <wf lemma="." pos="X">.</wf>
      </sentence>
      <sentence id="d000.s2947" source="wordnet-danish">
         <wf lemma="Grundet" pos="X">Grundet</wf>
         <wf lemma="overstået" pos="X">overstået</wf>
         <wf lemma="højtryks-" pos="X">højtryks-</wf>
         <wf lemma="og" pos="X">og</wf>
         <wf lemma="lavtrykssammenstød" pos="X">lavtrykssammenstød</wf>
         <wf lemma="var" pos="X">var</wf>
         <wf lemma="gårdspladsen" pos="X">gårdspladsen</wf>
         <wf lemma="en" pos="X">en</wf>
         <wf lemma="mudderpøl" pos="X">mudderpøl</wf>
         <wf lemma="og" pos="X">og</wf>
         <instance id="d000.s2947.t000" lemma="græs" pos="NOUN">græsset</instance>
         <wf lemma="et" pos="X">et</wf>
         <wf lemma="øhav" pos="X">øhav</wf>
         <wf lemma="." pos="X">.</wf>
      </sentence>
      <sentence id="d000.s2948" source="wordnet-danish">
         <wf lemma="Færgen" pos="X">Færgen</wf>
         <wf lemma="sejler" pos="X">sejler</wf>
         <wf lemma="under" pos="X">under</wf>
         <wf lemma="Bahama-flag" pos="X">Bahama-flag</wf>
         <wf lemma="og" pos="X">og</wf>
         <instance id="d000.s2948.t000" lemma="besætning" pos="NOUN">besætningen</instance>
         <wf lemma="er" pos="X">er</wf>
         <wf lemma="overvejende" pos="X">overvejende</wf>
         <wf lemma="portugisisk" pos="X">portugisisk</wf>
         <wf lemma="." pos="X">.</wf>
      </sentence>
      <sentence id="d000.s2949" source="wordnet-danish">
         <wf lemma="[vi" pos="X">[vi</wf>
         <wf lemma="havde]" pos="X">havde]</wf>
         <wf lemma="oplevet" pos="X">oplevet</wf>
         <wf lemma="Berlin" pos="X">Berlin</wf>
         <wf lemma="som" pos="X">som</wf>
         <wf lemma="en" pos="X">en</wf>
         <wf lemma="by" pos="X">by</wf>
         <wf lemma="," pos="X">,</wf>
         <wf lemma="hvor" pos="X">hvor</wf>
         <wf lemma="den" pos="X">den</wf>
         <wf lemma="mindste" pos="X">mindste</wf>
         <wf lemma="gnist" pos="X">gnist</wf>
         <wf lemma="hvert" pos="X">hvert</wf>
         <wf lemma="øjeblik" pos="X">øjeblik</wf>
         <wf lemma="kunne" pos="X">kunne</wf>
         <instance id="d000.s2949.t000" lemma="antænde" pos="VERB">antænde</instance>
         <wf lemma="revolutionens" pos="X">revolutionens</wf>
         <wf lemma="bål" pos="X">bål</wf>
         <wf lemma="eller" pos="X">eller</wf>
         <wf lemma="borgerkrigens" pos="X">borgerkrigens</wf>
         <wf lemma="kaos" pos="X">kaos</wf>
         <wf lemma="." pos="X">.</wf>
      </sentence>
      <sentence id="d000.s2950" source="wordnet-danish">
         <wf lemma="Hun" pos="X">Hun</wf>
         <wf lemma="bliver" pos="X">bliver</wf>
         <wf lemma="kastet" pos="X">kastet</wf>
         <instance id="d000.s2950.t000" lemma="direkte" pos="ADJ">direkte</instance>
         <wf lemma="ud" pos="X">ud</wf>
         <wf lemma="i" pos="X">i</wf>
         <wf lemma="en" pos="X">en</wf>
         <wf lemma="voldsom" pos="X">voldsom</wf>
         <wf lemma="og" pos="X">og</wf>
         <wf lemma="grim" pos="X">grim</wf>
         <wf lemma="voksenverden" pos="X">voksenverden</wf>
         <wf lemma="." pos="X">.</wf>
      </sentence>
      <sentence id="d000.s2951" source="wordnet-danish">
         <wf lemma="undgå" pos="X">undgå</wf>
         <wf lemma="at" pos="X">at</wf>
         <wf lemma="blive" pos="X">blive</wf>
         <wf lemma="stukket" pos="X">stukket</wf>
         <wf lemma="af" pos="X">af</wf>
         <instance id="d000.s2951.t000" lemma="myg" pos="NOUN">myg</instance>
         <wf lemma="," pos="X">,</wf>
         <wf lemma="som" pos="X">som</wf>
         <wf lemma="foruden" pos="X">foruden</wf>
         <wf lemma="japansk" pos="X">japansk</wf>
         <wf lemma="encefalitis" pos="X">encefalitis</wf>
         <wf lemma="kan" pos="X">kan</wf>
         <wf lemma="føre" pos="X">føre</wf>
         <wf lemma="for" pos="X">for</wf>
         <wf lemma="eksempel" pos="X">eksempel</wf>
         <wf lemma="malaria" pos="X">malaria</wf>
         <wf lemma="med" pos="X">med</wf>
         <wf lemma="sig" pos="X">sig</wf>
         <wf lemma="." pos="X">.</wf>
      </sentence>
      <sentence id="d000.s2952" source="wordnet-danish">
         <wf lemma="Prøver" pos="X">Prøver</wf>
         <wf lemma="at" pos="X">at</wf>
         <wf lemma="presse" pos="X">presse</wf>
         <wf lemma="døren" pos="X">døren</wf>
         <wf lemma="op" pos="X">op</wf>
         <wf lemma="igen" pos="X">igen</wf>
         <wf lemma="." pos="X">.</wf>
         <wf lemma="Kan" pos="X">Kan</wf>
         <wf lemma="ikke" pos="X">ikke</wf>
         <wf lemma="." pos="X">.</wf>
         <instance id="d000.s2952.t000" lemma="panik" pos="NOUN">Panik</instance>
         <wf lemma="igen" pos="X">igen</wf>
         <wf lemma="." pos="X">.</wf>
         <wf lemma="Har" pos="X">Har</wf>
         <wf lemma="hørt" pos="X">hørt</wf>
         <wf lemma="," pos="X">,</wf>
         <wf lemma="at" pos="X">at</wf>
         <wf lemma="man" pos="X">man</wf>
         <wf lemma="skal" pos="X">skal</wf>
         <wf lemma="bevare" pos="X">bevare</wf>
         <wf lemma="fatningen" pos="X">fatningen</wf>
         <wf lemma="." pos="X">.</wf>
      </sentence>
      <sentence id="d000.s2953" source="wordnet-danish">
         <wf lemma="[vognen" pos="X">[vognen</wf>
         <wf lemma="]" pos="X">]</wf>
         <wf lemma="har" pos="X">har</wf>
         <wf lemma="godt" pos="X">godt</wf>
         <wf lemma="fat" pos="X">fat</wf>
         <wf lemma="i" pos="X">i</wf>
         <wf lemma="vejen" pos="X">vejen</wf>
         <wf lemma="," pos="X">,</wf>
         <wf lemma="holder" pos="X">holder</wf>
         <wf lemma="sig" pos="X">sig</wf>
         <instance id="d000.s2953.t000" lemma="stabil" pos="ADJ">stabil</instance>
         <wf lemma="i" pos="X">i</wf>
         <wf lemma="selv" pos="X">selv</wf>
         <wf lemma="de" pos="X">de</wf>
         <wf lemma="skrappeste" pos="X">skrappeste</wf>
         <wf lemma="sving" pos="X">sving</wf>
         <wf lemma="." pos="X">.</wf>
      </sentence>
      <sentence id="d000.s2954" source="wordnet-danish">
         <wf lemma="Det" pos="X">Det</wf>
         <wf lemma="finske" pos="X">finske</wf>
         <wf lemma="postvæsen" pos="X">postvæsen</wf>
         <wf lemma="udsender" pos="X">udsender</wf>
         <wf lemma="et" pos="X">et</wf>
         <instance id="d000.s2954.t000" lemma="mærke" pos="NOUN">mærke</instance>
         <wf lemma="til" pos="X">til</wf>
         <wf lemma="minde" pos="X">minde</wf>
         <wf lemma="om" pos="X">om</wf>
         <wf lemma="50-året" pos="X">50-året</wf>
         <wf lemma="for" pos="X">for</wf>
         <wf lemma="afslutningen" pos="X">afslutningen</wf>
         <wf lemma="på" pos="X">på</wf>
         <wf lemma="Vinterkrigen" pos="X">Vinterkrigen</wf>
         <wf lemma="." pos="X">.</wf>
      </sentence>
      <sentence id="d000.s2955" source="wordnet-danish">
         <wf lemma="I" pos="X">I</wf>
         <wf lemma="lavlande" pos="X">lavlande</wf>
         <wf lemma="som" pos="X">som</wf>
         <wf lemma="Danmark" pos="X">Danmark</wf>
         <wf lemma="må" pos="X">må</wf>
         <wf lemma="de" pos="X">de</wf>
         <instance id="d000.s2955.t000" lemma="geologisk" pos="ADJ">geologiske</instance>
         <wf lemma="oplysninger" pos="X">oplysninger</wf>
         <wf lemma="skaffes" pos="X">skaffes</wf>
         <wf lemma="ved" pos="X">ved</wf>
         <wf lemma="boring" pos="X">boring</wf>
         <wf lemma="." pos="X">.</wf>
      </sentence>
      <sentence id="d000.s2956" source="wordnet-danish">
         <wf lemma="Morten" pos="X">Morten</wf>
         <wf lemma="nægtede" pos="X">nægtede</wf>
         <wf lemma="så" pos="X">så</wf>
         <wf lemma="godt" pos="X">godt</wf>
         <wf lemma="som" pos="X">som</wf>
         <wf lemma="helt" pos="X">helt</wf>
         <wf lemma="at" pos="X">at</wf>
         <wf lemma="tage" pos="X">tage</wf>
         <wf lemma="fast" pos="X">fast</wf>
         <wf lemma="føde" pos="X">føde</wf>
         <wf lemma="til" pos="X">til</wf>
         <wf lemma="sig" pos="X">sig</wf>
         <wf lemma="." pos="X">.</wf>
         <wf lemma="." pos="X">.</wf>
         <wf lemma="Han" pos="X">Han</wf>
         <wf lemma="drak" pos="X">drak</wf>
         <wf lemma="." pos="X">.</wf>
         <wf lemma="Vand" pos="X">Vand</wf>
         <wf lemma="," pos="X">,</wf>
         <wf lemma="mælk" pos="X">mælk</wf>
         <wf lemma="," pos="X">,</wf>
         <wf lemma="saft" pos="X">saft</wf>
         <wf lemma="," pos="X">,</wf>
         <wf lemma="kaffe" pos="X">kaffe</wf>
         <wf lemma="." pos="X">.</wf>
         <wf lemma="Bare" pos="X">Bare</wf>
         <wf lemma="det" pos="X">det</wf>
         <wf lemma="var" pos="X">var</wf>
         <instance id="d000.s2956.t000" lemma="flydende" pos="ADJ">flydende</instance>
         <wf lemma="." pos="X">.</wf>
      </sentence>
      <sentence id="d000.s2957" source="wordnet-danish">
         <wf lemma="Efter" pos="X">Efter</wf>
         <wf lemma="Søndagsavisen" pos="X">Søndagsavisen</wf>
         <wf lemma="kom" pos="X">kom</wf>
         <wf lemma="så" pos="X">så</wf>
         <wf lemma="ugens" pos="X">ugens</wf>
         <instance id="d000.s2957.t000" lemma="højdepunkt" pos="NOUN">højdepunkt</instance>
         <wf lemma="'Matador'" pos="X">'Matador'</wf>
         <wf lemma="," pos="X">,</wf>
         <wf lemma="der" pos="X">der</wf>
         <wf lemma="jo" pos="X">jo</wf>
         <wf lemma="simpelt" pos="X">simpelt</wf>
         <wf lemma="hen" pos="X">hen</wf>
         <wf lemma="er" pos="X">er</wf>
         <wf lemma="en" pos="X">en</wf>
         <wf lemma="serie" pos="X">serie</wf>
         <wf lemma="af" pos="X">af</wf>
         <wf lemma="bedste" pos="X">bedste</wf>
         <wf lemma="format" pos="X">format</wf>
         <wf lemma="." pos="X">.</wf>
      </sentence>
      <sentence id="d000.s2958" source="wordnet-danish">
         <wf lemma="Picasso" pos="X">Picasso</wf>
         <wf lemma="har" pos="X">har</wf>
         <instance id="d000.s2958.t000" lemma="male" pos="VERB">malet</instance>
         <wf lemma="deres" pos="X">deres</wf>
         <wf lemma="kroppe" pos="X">kroppe</wf>
         <wf lemma="," pos="X">,</wf>
         <wf lemma="så" pos="X">så</wf>
         <wf lemma="de" pos="X">de</wf>
         <wf lemma="består" pos="X">består</wf>
         <wf lemma="af" pos="X">af</wf>
         <wf lemma="trekanter" pos="X">trekanter</wf>
         <wf lemma="og" pos="X">og</wf>
         <wf lemma="cirkler" pos="X">cirkler</wf>
         <wf lemma="." pos="X">.</wf>
      </sentence>
      <sentence id="d000.s2959" source="wordnet-danish">
         <wf lemma="diagnosen" pos="X">diagnosen</wf>
         <wf lemma="'spillemaniker'" pos="X">'spillemaniker'</wf>
         <wf lemma="[fældes]" pos="X">[fældes]</wf>
         <wf lemma="ikke" pos="X">ikke</wf>
         <wf lemma="over" pos="X">over</wf>
         <wf lemma="typer" pos="X">typer</wf>
         <wf lemma="," pos="X">,</wf>
         <wf lemma="som" pos="X">som</wf>
         <instance id="d000.s2959.t000" lemma="satse" pos="VERB">satser</instance>
         <wf lemma="en" pos="X">en</wf>
         <wf lemma="tyver" pos="X">tyver</wf>
         <wf lemma="i" pos="X">i</wf>
         <wf lemma="Lotto" pos="X">Lotto</wf>
         <wf lemma="eller" pos="X">eller</wf>
         <wf lemma="spenderer" pos="X">spenderer</wf>
         <wf lemma="spareskillingerne" pos="X">spareskillingerne</wf>
         <wf lemma="på" pos="X">på</wf>
         <wf lemma="en" pos="X">en</wf>
         <wf lemma="banko-plade" pos="X">banko-plade</wf>
         <wf lemma="." pos="X">.</wf>
      </sentence>
      <sentence id="d000.s2960" source="wordnet-danish">
         <wf lemma="Iskapper" pos="X">Iskapper</wf>
         <wf lemma="er" pos="X">er</wf>
         <wf lemma="massive" pos="X">massive</wf>
         <wf lemma="," pos="X">,</wf>
         <wf lemma="flydende" pos="X">flydende</wf>
         <wf lemma="masser" pos="X">masser</wf>
         <wf lemma="af" pos="X">af</wf>
         <wf lemma="sne" pos="X">sne</wf>
         <wf lemma="og" pos="X">og</wf>
         <instance id="d000.s2960.t000" lemma="frossen" pos="ADJ">frossent</instance>
         <wf lemma="vand" pos="X">vand</wf>
         <wf lemma="," pos="X">,</wf>
         <wf lemma="der" pos="X">der</wf>
         <wf lemma="omgiver" pos="X">omgiver</wf>
         <wf lemma="det" pos="X">det</wf>
         <wf lemma="antarktiske" pos="X">antarktiske</wf>
         <wf lemma="hovedland" pos="X">hovedland</wf>
         <wf lemma="." pos="X">.</wf>
      </sentence>
      <sentence id="d000.s2961" source="wordnet-danish">
         <wf lemma="de" pos="X">de</wf>
         <wf lemma="nye" pos="X">nye</wf>
         <wf lemma="EF-kørekort" pos="X">EF-kørekort</wf>
         <wf lemma="er" pos="X">er</wf>
         <wf lemma="meget" pos="X">meget</wf>
         <wf lemma="vanskeligere" pos="X">vanskeligere</wf>
         <wf lemma="at" pos="X">at</wf>
         <instance id="d000.s2961.t000" lemma="forfalske" pos="VERB">forfalske</instance>
         <wf lemma="," pos="X">,</wf>
         <wf lemma="end" pos="X">end</wf>
         <wf lemma="de" pos="X">de</wf>
         <wf lemma="nuværende" pos="X">nuværende</wf>
         <wf lemma="." pos="X">.</wf>
      </sentence>
      <sentence id="d000.s2962" source="wordnet-danish">
         <wf lemma="Når" pos="X">Når</wf>
         <wf lemma="ens" pos="X">ens</wf>
         <wf lemma="barn" pos="X">barn</wf>
         <instance id="d000.s2962.t000" lemma="lide" pos="VERB">lider</instance>
         <wf lemma="og" pos="X">og</wf>
         <wf lemma="har" pos="X">har</wf>
         <wf lemma="brug" pos="X">brug</wf>
         <wf lemma="for" pos="X">for</wf>
         <wf lemma="hjælp" pos="X">hjælp</wf>
         <wf lemma="," pos="X">,</wf>
         <wf lemma="glemmer" pos="X">glemmer</wf>
         <wf lemma="man" pos="X">man</wf>
         <wf lemma="sin" pos="X">sin</wf>
         <wf lemma="egen" pos="X">egen</wf>
         <wf lemma="rædsel" pos="X">rædsel</wf>
         <wf lemma="." pos="X">.</wf>
      </sentence>
      <sentence id="d000.s2963" source="wordnet-danish">
         <wf lemma="Moderen" pos="X">Moderen</wf>
         <wf lemma="så" pos="X">så</wf>
         <instance id="d000.s2963.t000" lemma="bebrejde" pos="VERB">bebrejdende</instance>
         <wf lemma="på" pos="X">på</wf>
         <wf lemma="ham" pos="X">ham</wf>
         <wf lemma="." pos="X">.</wf>
         <wf lemma="Max" pos="X">Max</wf>
         <wf lemma="kendte" pos="X">kendte</wf>
         <wf lemma="det" pos="X">det</wf>
         <wf lemma="blik" pos="X">blik</wf>
         <wf lemma="." pos="X">.</wf>
         <wf lemma="Det" pos="X">Det</wf>
         <wf lemma="betød" pos="X">betød</wf>
         <wf lemma="Max-dog" pos="X">Max-dog</wf>
         <wf lemma="!" pos="X">!</wf>
         <wf lemma="Skam-dig-Max." pos="X">Skam-dig-Max.</wf>
      </sentence>
      <sentence id="d000.s2964" source="wordnet-danish">
         <wf lemma="Under" pos="X">Under</wf>
         <wf lemma="besættelsen" pos="X">besættelsen</wf>
         <wf lemma="havde" pos="X">havde</wf>
         <wf lemma="[" pos="X">[</wf>
         <wf lemma="Aarhus" pos="X">Aarhus</wf>
         <wf lemma="Bueskyttelaug" pos="X">Bueskyttelaug</wf>
         <wf lemma="]" pos="X">]</wf>
         <wf lemma="op" pos="X">op</wf>
         <wf lemma="mod" pos="X">mod</wf>
         <wf lemma="100" pos="X">100</wf>
         <wf lemma="medlemmer" pos="X">medlemmer</wf>
         <wf lemma="--" pos="X">--</wf>
         <wf lemma="mange" pos="X">mange</wf>
         <wf lemma="valgte" pos="X">valgte</wf>
         <wf lemma="bue" pos="X">bue</wf>
         <wf lemma="og" pos="X">og</wf>
         <wf lemma="pil" pos="X">pil</wf>
         <wf lemma="," pos="X">,</wf>
         <wf lemma="fordi" pos="X">fordi</wf>
         <wf lemma="mere" pos="X">mere</wf>
         <wf lemma="moderne" pos="X">moderne</wf>
         <instance id="d000.s2964.t000" lemma="skydevåben" pos="NOUN">skydevåben</instance>
         <wf lemma="var" pos="X">var</wf>
         <wf lemma="forbudte" pos="X">forbudte</wf>
         <wf lemma="." pos="X">.</wf>
      </sentence>
      <sentence id="d000.s2965" source="wordnet-danish">
         <wf lemma="israelerne" pos="X">israelerne</wf>
         <wf lemma="truer" pos="X">truer</wf>
         <wf lemma="med" pos="X">med</wf>
         <instance id="d000.s2965.t000" lemma="militær" pos="ADJ">militær</instance>
         <wf lemma="aktion" pos="X">aktion</wf>
         <wf lemma="mod" pos="X">mod</wf>
         <wf lemma="Libanon" pos="X">Libanon</wf>
         <wf lemma="." pos="X">.</wf>
      </sentence>
      <sentence id="d000.s2966" source="wordnet-danish">
         <wf lemma="Når" pos="X">Når</wf>
         <wf lemma="'" pos="X">'</wf>
         <wf lemma="hvidt'" pos="X">hvidt'</wf>
         <wf lemma="lys" pos="X">lys</wf>
         <wf lemma="rammer" pos="X">rammer</wf>
         <wf lemma="en" pos="X">en</wf>
         <wf lemma="farvet" pos="X">farvet</wf>
         <wf lemma="genstand" pos="X">genstand</wf>
         <wf lemma="," pos="X">,</wf>
         <instance id="d000.s2966.t000" lemma="absorbere" pos="VERB">absorberes</instance>
         <wf lemma="en" pos="X">en</wf>
         <wf lemma="del" pos="X">del</wf>
         <wf lemma="af" pos="X">af</wf>
         <wf lemma="farverne" pos="X">farverne</wf>
         <wf lemma="--" pos="X">--</wf>
         <wf lemma="mens" pos="X">mens</wf>
         <wf lemma="andre" pos="X">andre</wf>
         <wf lemma="kastes" pos="X">kastes</wf>
         <wf lemma="tilbage" pos="X">tilbage</wf>
         <wf lemma="." pos="X">.</wf>
      </sentence>
      <sentence id="d000.s2967" source="wordnet-danish">
         <wf lemma="Om" pos="X">Om</wf>
         <wf lemma="et" pos="X">et</wf>
         <wf lemma="øjeblik" pos="X">øjeblik</wf>
         <wf lemma="er" pos="X">er</wf>
         <wf lemma="du" pos="X">du</wf>
         <wf lemma="mor" pos="X">mor</wf>
         <wf lemma="til" pos="X">til</wf>
         <wf lemma="en" pos="X">en</wf>
         <instance id="d000.s2967.t000" lemma="fin" pos="ADJ">fin</instance>
         <wf lemma="lille" pos="X">lille</wf>
         <wf lemma="baby" pos="X">baby</wf>
         <wf lemma="." pos="X">.</wf>
      </sentence>
      <sentence id="d000.s2968" source="wordnet-danish">
         <instance id="d000.s2968.t000" lemma="kritiker" pos="NOUN">kritikerne</instance>
         <wf lemma="roste" pos="X">roste</wf>
         <wf lemma="filmen" pos="X">filmen</wf>
         <wf lemma="for" pos="X">for</wf>
         <wf lemma="at" pos="X">at</wf>
         <wf lemma="vise" pos="X">vise</wf>
         <wf lemma="western-livet" pos="X">western-livet</wf>
         <wf lemma="på" pos="X">på</wf>
         <wf lemma="en" pos="X">en</wf>
         <wf lemma="realistisk" pos="X">realistisk</wf>
         <wf lemma="måde" pos="X">måde</wf>
         <wf lemma="." pos="X">.</wf>
      </sentence>
      <sentence id="d000.s2969" source="wordnet-danish">
         <wf lemma="i" pos="X">i</wf>
         <instance id="d000.s2969.t000" lemma="kælder" pos="NOUN">kælderen</instance>
         <wf lemma="under" pos="X">under</wf>
         <wf lemma="den" pos="X">den</wf>
         <wf lemma="sydlige" pos="X">sydlige</wf>
         <wf lemma="bygning" pos="X">bygning</wf>
         <wf lemma="indrettes" pos="X">indrettes</wf>
         <wf lemma="der" pos="X">der</wf>
         <wf lemma="beboerlokale" pos="X">beboerlokale</wf>
         <wf lemma="med" pos="X">med</wf>
         <wf lemma="toilet" pos="X">toilet</wf>
         <wf lemma="og" pos="X">og</wf>
         <wf lemma="køkken" pos="X">køkken</wf>
         <wf lemma="samt" pos="X">samt</wf>
         <wf lemma="sikringsrum" pos="X">sikringsrum</wf>
         <wf lemma="og" pos="X">og</wf>
         <wf lemma="pulterrum" pos="X">pulterrum</wf>
         <wf lemma="." pos="X">.</wf>
      </sentence>
      <sentence id="d000.s2970" source="wordnet-danish">
         <wf lemma="vi" pos="X">vi</wf>
         <wf lemma="var" pos="X">var</wf>
         <wf lemma="øjenvidner" pos="X">øjenvidner</wf>
         <wf lemma="til" pos="X">til</wf>
         <instance id="d000.s2970.t000" lemma="drama" pos="NOUN">dramaet</instance>
         <wf lemma="," pos="X">,</wf>
         <wf lemma="vi" pos="X">vi</wf>
         <wf lemma="så" pos="X">så</wf>
         <wf lemma="hvordan" pos="X">hvordan</wf>
         <wf lemma="unge" pos="X">unge</wf>
         <wf lemma="arbejdere" pos="X">arbejdere</wf>
         <wf lemma="og" pos="X">og</wf>
         <wf lemma="studenter" pos="X">studenter</wf>
         <wf lemma="blev" pos="X">blev</wf>
         <wf lemma="knust" pos="X">knust</wf>
         <wf lemma="under" pos="X">under</wf>
         <wf lemma="den" pos="X">den</wf>
         <wf lemma="kinesiske" pos="X">kinesiske</wf>
         <wf lemma="hærs" pos="X">hærs</wf>
         <wf lemma="tanks" pos="X">tanks</wf>
         <wf lemma="." pos="X">.</wf>
      </sentence>
      <sentence id="d000.s2971" source="wordnet-danish">
         <wf lemma="I" pos="X">I</wf>
         <wf lemma="en" pos="X">en</wf>
         <wf lemma="astrologisk" pos="X">astrologisk</wf>
         <wf lemma="vurdering" pos="X">vurdering</wf>
         <wf lemma="af" pos="X">af</wf>
         <wf lemma="parforhold" pos="X">parforhold</wf>
         <wf lemma="er" pos="X">er</wf>
         <wf lemma="en" pos="X">en</wf>
         <wf lemma="oplysning" pos="X">oplysning</wf>
         <wf lemma="alene" pos="X">alene</wf>
         <wf lemma="om" pos="X">om</wf>
         <instance id="d000.s2971.t000" lemma="soltegn" pos="NOUN">soltegn</instance>
         <wf lemma="slet" pos="X">slet</wf>
         <wf lemma="ikke" pos="X">ikke</wf>
         <wf lemma="tilstrækkeligt" pos="X">tilstrækkeligt</wf>
         <wf lemma="." pos="X">.</wf>
      </sentence>
      <sentence id="d000.s2972" source="wordnet-danish">
         <wf lemma="Med" pos="X">Med</wf>
         <instance id="d000.s2972.t000" lemma="strække" pos="VERB">strakt</instance>
         <wf lemma="vrist" pos="X">vrist</wf>
         <wf lemma="førte" pos="X">førte</wf>
         <wf lemma="jeg" pos="X">jeg</wf>
         <wf lemma="foden" pos="X">foden</wf>
         <wf lemma="i" pos="X">i</wf>
         <wf lemma="skoen" pos="X">skoen</wf>
         <wf lemma="." pos="X">.</wf>
      </sentence>
      <sentence id="d000.s2973" source="wordnet-danish">
         <wf lemma="Sæt" pos="X">Sæt</wf>
         <instance id="d000.s2973.t000" lemma="hæl" pos="NOUN">hælene</instance>
         <wf lemma="først" pos="X">først</wf>
         <wf lemma="i" pos="X">i</wf>
         <wf lemma="jorden" pos="X">jorden</wf>
         <wf lemma="og" pos="X">og</wf>
         <wf lemma="rul" pos="X">rul</wf>
         <wf lemma="over" pos="X">over</wf>
         <wf lemma="hele" pos="X">hele</wf>
         <wf lemma="foden" pos="X">foden</wf>
         <wf lemma="," pos="X">,</wf>
         <wf lemma="når" pos="X">når</wf>
         <wf lemma="du" pos="X">du</wf>
         <wf lemma="løber" pos="X">løber</wf>
         <wf lemma="." pos="X">.</wf>
      </sentence>
      <sentence id="d000.s2974" source="wordnet-danish">
         <wf lemma="Inden" pos="X">Inden</wf>
         <instance id="d000.s2974.t000" lemma="operation" pos="NOUN">operationen</instance>
         <wf lemma="markerede" pos="X">markerede</wf>
         <wf lemma="kirurgen" pos="X">kirurgen</wf>
         <wf lemma="med" pos="X">med</wf>
         <wf lemma="streger" pos="X">streger</wf>
         <wf lemma="," pos="X">,</wf>
         <wf lemma="hvor" pos="X">hvor</wf>
         <wf lemma="hun" pos="X">hun</wf>
         <wf lemma="skulle" pos="X">skulle</wf>
         <wf lemma="skæres" pos="X">skæres</wf>
         <wf lemma="." pos="X">.</wf>
      </sentence>
      <sentence id="d000.s2975" source="wordnet-danish">
         <wf lemma="De" pos="X">De</wf>
         <wf lemma="fik" pos="X">fik</wf>
         <wf lemma="ham" pos="X">ham</wf>
         <wf lemma="til" pos="X">til</wf>
         <wf lemma="hospitalet" pos="X">hospitalet</wf>
         <wf lemma="," pos="X">,</wf>
         <wf lemma="hvor" pos="X">hvor</wf>
         <wf lemma="han" pos="X">han</wf>
         <wf lemma="blev" pos="X">blev</wf>
         <instance id="d000.s2975.t000" lemma="behandle" pos="VERB">behandlet</instance>
         <wf lemma="for" pos="X">for</wf>
         <wf lemma="skudsår" pos="X">skudsår</wf>
         <wf lemma="i" pos="X">i</wf>
         <wf lemma="benet" pos="X">benet</wf>
         <wf lemma="." pos="X">.</wf>
      </sentence>
      <sentence id="d000.s2976" source="wordnet-danish">
         <wf lemma="Så" pos="X">Så</wf>
         <wf lemma="foreligger" pos="X">foreligger</wf>
         <wf lemma="der" pos="X">der</wf>
         <wf lemma="" pos="X"></wf>
         <wf lemma="som" pos="X">som</wf>
         <wf lemma="danske" pos="X">danske</wf>
         <wf lemma="politikere" pos="X">politikere</wf>
         <instance id="d000.s2976.t000" lemma="ynde" pos="VERB">ynder</instance>
         <wf lemma="at" pos="X">at</wf>
         <wf lemma="udtrykke" pos="X">udtrykke</wf>
         <wf lemma="det" pos="X">det</wf>
         <wf lemma="" pos="X"></wf>
         <wf lemma="en" pos="X">en</wf>
         <wf lemma="helt" pos="X">helt</wf>
         <wf lemma="ny" pos="X">ny</wf>
         <wf lemma="situation" pos="X">situation</wf>
         <wf lemma="." pos="X">.</wf>
      </sentence>
      <sentence id="d000.s2977" source="wordnet-danish">
         <wf lemma="nogle" pos="X">nogle</wf>
         <wf lemma="[igler" pos="X">[igler</wf>
         <wf lemma="]" pos="X">]</wf>
         <wf lemma="er" pos="X">er</wf>
         <instance id="d000.s2977.t000" lemma="rovdyr" pos="NOUN">rovdyr</instance>
         <wf lemma="(" pos="X">(</wf>
         <wf lemma="fx" pos="X">fx</wf>
         <wf lemma="hesteigle" pos="X">hesteigle</wf>
         <wf lemma=")" pos="X">)</wf>
         <wf lemma="der" pos="X">der</wf>
         <wf lemma="overfalder" pos="X">overfalder</wf>
         <wf lemma="orme" pos="X">orme</wf>
         <wf lemma="," pos="X">,</wf>
         <wf lemma="snegle" pos="X">snegle</wf>
         <wf lemma="og" pos="X">og</wf>
         <wf lemma="insektlarver" pos="X">insektlarver</wf>
         <wf lemma="." pos="X">.</wf>
      </sentence>
      <sentence id="d000.s2978" source="wordnet-danish">
         <wf lemma="Inde" pos="X">Inde</wf>
         <wf lemma="i" pos="X">i</wf>
         <wf lemma="værtshuset" pos="X">værtshuset</wf>
         <wf lemma="stod" pos="X">stod</wf>
         <wf lemma="nogle" pos="X">nogle</wf>
         <wf lemma="lange" pos="X">lange</wf>
         <wf lemma="borde" pos="X">borde</wf>
         <wf lemma="med" pos="X">med</wf>
         <instance id="d000.s2978.t000" lemma="bænk" pos="NOUN">bænke</instance>
         <wf lemma="til" pos="X">til</wf>
         <wf lemma="." pos="X">.</wf>
      </sentence>
      <sentence id="d000.s2979" source="wordnet-danish">
         <wf lemma="Han" pos="X">Han</wf>
         <wf lemma="flåede" pos="X">flåede</wf>
         <instance id="d000.s2979.t000" lemma="kuvert" pos="NOUN">kuverten</instance>
         <wf lemma="op" pos="X">op</wf>
         <wf lemma="med" pos="X">med</wf>
         <wf lemma="sådan" pos="X">sådan</wf>
         <wf lemma="en" pos="X">en</wf>
         <wf lemma="iver" pos="X">iver</wf>
         <wf lemma="," pos="X">,</wf>
         <wf lemma="at" pos="X">at</wf>
         <wf lemma="han" pos="X">han</wf>
         <wf lemma="nær" pos="X">nær</wf>
         <wf lemma="havde" pos="X">havde</wf>
         <wf lemma="revet" pos="X">revet</wf>
         <wf lemma="brevet" pos="X">brevet</wf>
         <wf lemma="i" pos="X">i</wf>
         <wf lemma="stykker" pos="X">stykker</wf>
         <wf lemma="." pos="X">.</wf>
      </sentence>
      <sentence id="d000.s2980" source="wordnet-danish">
         <wf lemma="Værsågod" pos="X">Værsågod</wf>
         <wf lemma="at" pos="X">at</wf>
         <wf lemma="sidde" pos="X">sidde</wf>
         <wf lemma="," pos="X">,</wf>
         <wf lemma="hr." pos="X">hr.</wf>
         <wf lemma="Han" pos="X">Han</wf>
         <wf lemma="satte" pos="X">satte</wf>
         <wf lemma="sig" pos="X">sig</wf>
         <wf lemma="og" pos="X">og</wf>
         <wf lemma="hun" pos="X">hun</wf>
         <wf lemma="lagde" pos="X">lagde</wf>
         <wf lemma="et" pos="X">et</wf>
         <instance id="d000.s2980.t000" lemma="slag" pos="NOUN">slag</instance>
         <wf lemma="over" pos="X">over</wf>
         <wf lemma="hans" pos="X">hans</wf>
         <wf lemma="skuldre" pos="X">skuldre</wf>
         <wf lemma="." pos="X">.</wf>
      </sentence>
      <sentence id="d000.s2981" source="wordnet-danish">
         <wf lemma="Jeg" pos="X">Jeg</wf>
         <wf lemma="rettede" pos="X">rettede</wf>
         <wf lemma="på" pos="X">på</wf>
         <wf lemma="min" pos="X">min</wf>
         <wf lemma="skjorte" pos="X">skjorte</wf>
         <wf lemma="og" pos="X">og</wf>
         <wf lemma="knappede" pos="X">knappede</wf>
         <wf lemma="den" pos="X">den</wf>
         <wf lemma="øverste" pos="X">øverste</wf>
         <instance id="d000.s2981.t000" lemma="knap" pos="NOUN">knap</instance>
         <wf lemma="." pos="X">.</wf>
      </sentence>
      <sentence id="d000.s2982" source="wordnet-danish">
         <wf lemma="Han" pos="X">Han</wf>
         <wf lemma="havde" pos="X">havde</wf>
         <wf lemma="et" pos="X">et</wf>
         <instance id="d000.s2982.t000" lemma="glas" pos="NOUN">glas</instance>
         <wf lemma="whisky" pos="X">whisky</wf>
         <wf lemma="i" pos="X">i</wf>
         <wf lemma="hånden" pos="X">hånden</wf>
         <wf lemma="." pos="X">.</wf>
      </sentence>
      <sentence id="d000.s2983" source="wordnet-danish">
         <wf lemma="mange" pos="X">mange</wf>
         <wf lemma="af" pos="X">af</wf>
         <wf lemma="dem" pos="X">dem</wf>
         <wf lemma="[" pos="X">[</wf>
         <wf lemma=":" pos="X">:</wf>
         <wf lemma="på" pos="X">på</wf>
         <wf lemma="værtshuset" pos="X">værtshuset</wf>
         <wf lemma="]" pos="X">]</wf>
         <wf lemma="," pos="X">,</wf>
         <wf lemma="det" pos="X">det</wf>
         <wf lemma="ligner" pos="X">ligner</wf>
         <wf lemma="sådan" pos="X">sådan</wf>
         <wf lemma="nogle" pos="X">nogle</wf>
         <instance id="d000.s2983.t000" lemma="sælger" pos="NOUN">sælgere</instance>
         <wf lemma="eller" pos="X">eller</wf>
         <wf lemma="repræsentanter" pos="X">repræsentanter</wf>
         <wf lemma="eller" pos="X">eller</wf>
         <wf lemma="sådan" pos="X">sådan</wf>
         <wf lemma="." pos="X">.</wf>
      </sentence>
      <sentence id="d000.s2984" source="wordnet-danish">
         <wf lemma="tanken" pos="X">tanken</wf>
         <wf lemma="om" pos="X">om</wf>
         <wf lemma="det" pos="X">det</wf>
         <wf lemma="ukendte" pos="X">ukendte</wf>
         <wf lemma="skaber" pos="X">skaber</wf>
         <instance id="d000.s2984.t000" lemma="angst" pos="NOUN">angst</instance>
         <wf lemma="og" pos="X">og</wf>
         <wf lemma="frygt" pos="X">frygt</wf>
         <wf lemma="." pos="X">.</wf>
      </sentence>
      <sentence id="d000.s2985" source="wordnet-danish">
         <wf lemma="i" pos="X">i</wf>
         <wf lemma="din" pos="X">din</wf>
         <wf lemma="daglige" pos="X">daglige</wf>
         <wf lemma="avis" pos="X">avis</wf>
         <wf lemma="vil" pos="X">vil</wf>
         <wf lemma="du" pos="X">du</wf>
         <wf lemma="garanteret" pos="X">garanteret</wf>
         <wf lemma="ofte" pos="X">ofte</wf>
         <wf lemma="finde" pos="X">finde</wf>
         <wf lemma="eksempler" pos="X">eksempler</wf>
         <wf lemma="på" pos="X">på</wf>
         <instance id="d000.s2985.t000" lemma="forkert" pos="ADJ">forkerte</instance>
         <wf lemma="orddelinger" pos="X">orddelinger</wf>
         <wf lemma="." pos="X">.</wf>
      </sentence>
      <sentence id="d000.s2986" source="wordnet-danish">
         <wf lemma="Skriv" pos="X">Skriv</wf>
         <wf lemma="til" pos="X">til</wf>
         <wf lemma="os" pos="X">os</wf>
         <wf lemma="og" pos="X">og</wf>
         <wf lemma="kom" pos="X">kom</wf>
         <wf lemma="med" pos="X">med</wf>
         <wf lemma="forslag" pos="X">forslag</wf>
         <wf lemma="og" pos="X">og</wf>
         <instance id="d000.s2986.t000" lemma="kommentar" pos="NOUN">kommentarer</instance>
         <wf lemma="til" pos="X">til</wf>
         <wf lemma="bladets" pos="X">bladets</wf>
         <wf lemma="indhold" pos="X">indhold</wf>
         <wf lemma="og" pos="X">og</wf>
         <wf lemma="udseende" pos="X">udseende</wf>
         <wf lemma="." pos="X">.</wf>
      </sentence>
      <sentence id="d000.s2987" source="wordnet-danish">
         <wf lemma="Det" pos="X">Det</wf>
         <wf lemma="er" pos="X">er</wf>
         <wf lemma="på" pos="X">på</wf>
         <wf lemma="høje" pos="X">høje</wf>
         <wf lemma="tid" pos="X">tid</wf>
         <wf lemma="," pos="X">,</wf>
         <wf lemma="at" pos="X">at</wf>
         <wf lemma="der" pos="X">der</wf>
         <wf lemma="sættes" pos="X">sættes</wf>
         <wf lemma="ind" pos="X">ind</wf>
         <wf lemma="på" pos="X">på</wf>
         <wf lemma="at" pos="X">at</wf>
         <wf lemma="forbedre" pos="X">forbedre</wf>
         <wf lemma="både" pos="X">både</wf>
         <wf lemma="kvaliteten" pos="X">kvaliteten</wf>
         <wf lemma="og" pos="X">og</wf>
         <instance id="d000.s2987.t000" lemma="kvantitet" pos="NOUN">kvantiteten</instance>
         <wf lemma="af" pos="X">af</wf>
         <wf lemma="dansk" pos="X">dansk</wf>
         <wf lemma="skolegang" pos="X">skolegang</wf>
         <wf lemma="for" pos="X">for</wf>
         <wf lemma="indvandrere" pos="X">indvandrere</wf>
         <wf lemma="." pos="X">.</wf>
      </sentence>
      <sentence id="d000.s2988" source="wordnet-danish">
         <wf lemma="Hans" pos="X">Hans</wf>
         <wf lemma="tid" pos="X">tid</wf>
         <instance id="d000.s2988.t000" lemma="gå" pos="VERB">går</instance>
         <wf lemma="med" pos="X">med</wf>
         <wf lemma="at" pos="X">at</wf>
         <wf lemma="arbejde" pos="X">arbejde</wf>
         <wf lemma="," pos="X">,</wf>
         <wf lemma="spise" pos="X">spise</wf>
         <wf lemma="," pos="X">,</wf>
         <wf lemma="træne" pos="X">træne</wf>
         <wf lemma="og" pos="X">og</wf>
         <wf lemma="sove" pos="X">sove</wf>
         <wf lemma="." pos="X">.</wf>
      </sentence>
      <sentence id="d000.s2989" source="wordnet-danish">
         <wf lemma="'" pos="X">'</wf>
         <wf lemma="Vi" pos="X">Vi</wf>
         <wf lemma="bliver" pos="X">bliver</wf>
         <wf lemma="formentlig" pos="X">formentlig</wf>
         <wf lemma="slet" pos="X">slet</wf>
         <wf lemma="ikke" pos="X">ikke</wf>
         <instance id="d000.s2989.t000" lemma="invitere" pos="VERB">inviteret</instance>
         <wf lemma="til" pos="X">til</wf>
         <wf lemma="forhandlingerne'" pos="X">forhandlingerne'</wf>
         <wf lemma="," pos="X">,</wf>
         <wf lemma="siger" pos="X">siger</wf>
         <wf lemma="Anker" pos="X">Anker</wf>
         <wf lemma="Jørgensen" pos="X">Jørgensen</wf>
         <wf lemma="." pos="X">.</wf>
      </sentence>
      <sentence id="d000.s2990" source="wordnet-danish">
         <wf lemma="Det" pos="X">Det</wf>
         <instance id="d000.s2990.t000" lemma="transportabel" pos="ADJ">transportable</instance>
         <wf lemma="," pos="X">,</wf>
         <wf lemma="både" pos="X">både</wf>
         <wf lemma="når" pos="X">når</wf>
         <wf lemma="det" pos="X">det</wf>
         <wf lemma="gælder" pos="X">gælder</wf>
         <wf lemma="computere" pos="X">computere</wf>
         <wf lemma="og" pos="X">og</wf>
         <wf lemma="telefoner" pos="X">telefoner</wf>
         <wf lemma="," pos="X">,</wf>
         <wf lemma="er" pos="X">er</wf>
         <wf lemma="kommet" pos="X">kommet</wf>
         <wf lemma="på" pos="X">på</wf>
         <wf lemma="mode" pos="X">mode</wf>
         <wf lemma="." pos="X">.</wf>
         <wf lemma="Tusindvis" pos="X">Tusindvis</wf>
         <wf lemma="af" pos="X">af</wf>
         <wf lemma="danskere" pos="X">danskere</wf>
         <wf lemma="har" pos="X">har</wf>
         <wf lemma="i" pos="X">i</wf>
         <wf lemma="dag" pos="X">dag</wf>
         <wf lemma="en" pos="X">en</wf>
         <wf lemma="bærbar" pos="X">bærbar</wf>
         <wf lemma="computer" pos="X">computer</wf>
         <wf lemma="." pos="X">.</wf>
      </sentence>
      <sentence id="d000.s2991" source="wordnet-danish">
         <wf lemma="Vi" pos="X">Vi</wf>
         <wf lemma="er" pos="X">er</wf>
         <wf lemma="ofte" pos="X">ofte</wf>
         <wf lemma="lige" pos="X">lige</wf>
         <wf lemma="så" pos="X">så</wf>
         <wf lemma="religiøst" pos="X">religiøst</wf>
         <instance id="d000.s2991.t000" lemma="snæversynet" pos="ADJ">snæversynede</instance>
         <wf lemma="," pos="X">,</wf>
         <wf lemma="som" pos="X">som</wf>
         <wf lemma="vi" pos="X">vi</wf>
         <wf lemma="beskylder" pos="X">beskylder</wf>
         <wf lemma="islamiske" pos="X">islamiske</wf>
         <wf lemma="fundamentalister" pos="X">fundamentalister</wf>
         <wf lemma="for" pos="X">for</wf>
         <wf lemma="at" pos="X">at</wf>
         <wf lemma="være" pos="X">være</wf>
         <wf lemma="." pos="X">.</wf>
      </sentence>
      <sentence id="d000.s2992" source="wordnet-danish">
         <wf lemma="Under" pos="X">Under</wf>
         <wf lemma="en" pos="X">en</wf>
         <wf lemma="gensidig" pos="X">gensidig</wf>
         <instance id="d000.s2992.t000" lemma="udveksling" pos="NOUN">udveksling</instance>
         <wf lemma="af" pos="X">af</wf>
         <wf lemma="krav" pos="X">krav</wf>
         <wf lemma="foreslog" pos="X">foreslog</wf>
         <wf lemma="Entrepenørforeningen" pos="X">Entrepenørforeningen</wf>
         <wf lemma="en" pos="X">en</wf>
         <wf lemma="uændret" pos="X">uændret</wf>
         <wf lemma="overenskomstforlængelse" pos="X">overenskomstforlængelse</wf>
         <wf lemma="." pos="X">.</wf>
      </sentence>
      <sentence id="d000.s2993" source="wordnet-danish">
         <wf lemma="Han" pos="X">Han</wf>
         <wf lemma="har" pos="X">har</wf>
         <wf lemma="trukket" pos="X">trukket</wf>
         <wf lemma="sig" pos="X">sig</wf>
         <wf lemma="ud" pos="X">ud</wf>
         <wf lemma="af" pos="X">af</wf>
         <wf lemma="de" pos="X">de</wf>
         <wf lemma="fleste" pos="X">fleste</wf>
         <wf lemma="spillecasinoer" pos="X">spillecasinoer</wf>
         <wf lemma="og" pos="X">og</wf>
         <wf lemma="har" pos="X">har</wf>
         <wf lemma="nu" pos="X">nu</wf>
         <wf lemma="sin" pos="X">sin</wf>
         <instance id="d000.s2993.t000" lemma="formue" pos="NOUN">formue</instance>
         <wf lemma="i" pos="X">i</wf>
         <wf lemma="ejendomme" pos="X">ejendomme</wf>
         <wf lemma="og" pos="X">og</wf>
         <wf lemma="papirer" pos="X">papirer</wf>
         <wf lemma="." pos="X">.</wf>
      </sentence>
      <sentence id="d000.s2994" source="wordnet-danish">
         <wf lemma="Hun" pos="X">Hun</wf>
         <wf lemma="var" pos="X">var</wf>
         <instance id="d000.s2994.t000" lemma="godhed" pos="NOUN">godheden</instance>
         <wf lemma="selv" pos="X">selv</wf>
         <wf lemma="," pos="X">,</wf>
         <wf lemma="og" pos="X">og</wf>
         <wf lemma="hun" pos="X">hun</wf>
         <wf lemma="var" pos="X">var</wf>
         <wf lemma="uden" pos="X">uden</wf>
         <wf lemma="svig" pos="X">svig</wf>
         <wf lemma="," pos="X">,</wf>
         <wf lemma="og" pos="X">og</wf>
         <wf lemma="du" pos="X">du</wf>
         <wf lemma="ved" pos="X">ved</wf>
         <wf lemma="," pos="X">,</wf>
         <wf lemma="hun" pos="X">hun</wf>
         <wf lemma="var" pos="X">var</wf>
         <wf lemma="meget" pos="X">meget</wf>
         <wf lemma="sød" pos="X">sød</wf>
         <wf lemma="over" pos="X">over</wf>
         <wf lemma="for" pos="X">for</wf>
         <wf lemma="os" pos="X">os</wf>
         <wf lemma="børn" pos="X">børn</wf>
         <wf lemma="." pos="X">.</wf>
      </sentence>
      <sentence id="d000.s2995" source="wordnet-danish">
         <wf lemma="Ude" pos="X">Ude</wf>
         <wf lemma="på" pos="X">på</wf>
         <wf lemma="pladsen" pos="X">pladsen</wf>
         <wf lemma="slår" pos="X">slår</wf>
         <instance id="d000.s2995.t000" lemma="due" pos="NOUN">duerne</instance>
         <wf lemma="ned" pos="X">ned</wf>
         <wf lemma="som" pos="X">som</wf>
         <wf lemma="sorte" pos="X">sorte</wf>
         <wf lemma="uvejrsskyer" pos="X">uvejrsskyer</wf>
         <wf lemma="der" pos="X">der</wf>
         <wf lemma="åbner" pos="X">åbner</wf>
         <wf lemma="sig" pos="X">sig</wf>
         <wf lemma="." pos="X">.</wf>
      </sentence>
      <sentence id="d000.s2996" source="wordnet-danish">
         <wf lemma="[Margaret" pos="X">[Margaret</wf>
         <wf lemma="Mead" pos="X">Mead</wf>
         <wf lemma="mente" pos="X">mente</wf>
         <wf lemma="]" pos="X">]</wf>
         <wf lemma="at" pos="X">at</wf>
         <wf lemma="mandens" pos="X">mandens</wf>
         <wf lemma="og" pos="X">og</wf>
         <wf lemma="kvindens" pos="X">kvindens</wf>
         <wf lemma="særlige" pos="X">særlige</wf>
         <instance id="d000.s2996.t000" lemma="karakteregenskab" pos="NOUN">karakteregenskaber</instance>
         <wf lemma="ikke" pos="X">ikke</wf>
         <wf lemma="er" pos="X">er</wf>
         <wf lemma="medfødte" pos="X">medfødte</wf>
         <wf lemma="," pos="X">,</wf>
         <wf lemma="men" pos="X">men</wf>
         <wf lemma="kommer" pos="X">kommer</wf>
         <wf lemma="fra" pos="X">fra</wf>
         <wf lemma="opdragelse" pos="X">opdragelse</wf>
         <wf lemma="og" pos="X">og</wf>
         <wf lemma="miljø" pos="X">miljø</wf>
         <wf lemma="." pos="X">.</wf>
      </sentence>
      <sentence id="d000.s2997" source="wordnet-danish">
         <wf lemma="Fråden" pos="X">Fråden</wf>
         <wf lemma="stod" pos="X">stod</wf>
         <wf lemma="om" pos="X">om</wf>
         <instance id="d000.s2997.t000" lemma="mund" pos="NOUN">munden</instance>
         <wf lemma="på" pos="X">på</wf>
         <wf lemma="[hyænehundene]" pos="X">[hyænehundene]</wf>
         <wf lemma="," pos="X">,</wf>
         <wf lemma="og" pos="X">og</wf>
         <wf lemma="lyset" pos="X">lyset</wf>
         <wf lemma="glimtede" pos="X">glimtede</wf>
         <wf lemma="i" pos="X">i</wf>
         <wf lemma="de" pos="X">de</wf>
         <wf lemma="mægtige" pos="X">mægtige</wf>
         <wf lemma="," pos="X">,</wf>
         <wf lemma="blottede" pos="X">blottede</wf>
         <wf lemma="tænder" pos="X">tænder</wf>
         <wf lemma="." pos="X">.</wf>
      </sentence>
      <sentence id="d000.s2998" source="wordnet-danish">
         <wf lemma="Barnet" pos="X">Barnet</wf>
         <wf lemma="havde" pos="X">havde</wf>
         <wf lemma="lavet" pos="X">lavet</wf>
         <wf lemma="en" pos="X">en</wf>
         <instance id="d000.s2998.t000" lemma="scene" pos="NOUN">scene</instance>
         <wf lemma="i" pos="X">i</wf>
         <wf lemma="forretningen" pos="X">forretningen</wf>
         <wf lemma="." pos="X">.</wf>
         <wf lemma="Lagt" pos="X">Lagt</wf>
         <wf lemma="sig" pos="X">sig</wf>
         <wf lemma="på" pos="X">på</wf>
         <wf lemma="gulvet" pos="X">gulvet</wf>
         <wf lemma="og" pos="X">og</wf>
         <wf lemma="skreget" pos="X">skreget</wf>
         <wf lemma="." pos="X">.</wf>
      </sentence>
      <sentence id="d000.s2999" source="wordnet-danish">
         <wf lemma="Hvorfor" pos="X">Hvorfor</wf>
         <wf lemma="skal" pos="X">skal</wf>
         <wf lemma="der" pos="X">der</wf>
         <wf lemma="være" pos="X">være</wf>
         <wf lemma="vin" pos="X">vin</wf>
         <wf lemma="på" pos="X">på</wf>
         <wf lemma="bordet" pos="X">bordet</wf>
         <wf lemma="hver" pos="X">hver</wf>
         <wf lemma="gang" pos="X">gang</wf>
         <wf lemma="?" pos="X">?</wf>
         <wf lemma="." pos="X">.</wf>
         <wf lemma="." pos="X">.</wf>
         <wf lemma="Kunne" pos="X">Kunne</wf>
         <wf lemma="man" pos="X">man</wf>
         <wf lemma="ikke" pos="X">ikke</wf>
         <wf lemma="vise" pos="X">vise</wf>
         <wf lemma="et" pos="X">et</wf>
         <wf lemma="godt" pos="X">godt</wf>
         <instance id="d000.s2999.t000" lemma="eksempel" pos="NOUN">eksempel</instance>
         <wf lemma="og" pos="X">og</wf>
         <wf lemma="nøjes" pos="X">nøjes</wf>
         <wf lemma="med" pos="X">med</wf>
         <wf lemma="te" pos="X">te</wf>
         <wf lemma="," pos="X">,</wf>
         <wf lemma="kaffe" pos="X">kaffe</wf>
         <wf lemma="eller" pos="X">eller</wf>
         <wf lemma="sodavand" pos="X">sodavand</wf>
         <wf lemma="." pos="X">.</wf>
      </sentence>
      <sentence id="d000.s3000" source="wordnet-danish">
         <wf lemma="der" pos="X">der</wf>
         <wf lemma="sidder" pos="X">sidder</wf>
         <wf lemma="en" pos="X">en</wf>
         <wf lemma="hel" pos="X">hel</wf>
         <wf lemma="masse" pos="X">masse</wf>
         <wf lemma="mennesker" pos="X">mennesker</wf>
         <wf lemma="og" pos="X">og</wf>
         <instance id="d000.s3000.t000" lemma="lytte" pos="VERB">lytter</instance>
         <wf lemma="på" pos="X">på</wf>
         <wf lemma="," pos="X">,</wf>
         <wf lemma="hvad" pos="X">hvad</wf>
         <wf lemma="en" pos="X">en</wf>
         <wf lemma="masse" pos="X">masse</wf>
         <wf lemma="kommissærer" pos="X">kommissærer</wf>
         <wf lemma="er" pos="X">er</wf>
         <wf lemma="blevet" pos="X">blevet</wf>
         <wf lemma="enige" pos="X">enige</wf>
         <wf lemma="om" pos="X">om</wf>
         <wf lemma="." pos="X">.</wf>
      </sentence>
      <sentence id="d000.s3001" source="wordnet-danish">
         <wf lemma="allerede" pos="X">allerede</wf>
         <wf lemma="i" pos="X">i</wf>
         <wf lemma="middelalderen" pos="X">middelalderen</wf>
         <wf lemma="var" pos="X">var</wf>
         <wf lemma="strikvarer" pos="X">strikvarer</wf>
         <wf lemma="så" pos="X">så</wf>
         <wf lemma="efterspurgte" pos="X">efterspurgte</wf>
         <wf lemma="," pos="X">,</wf>
         <wf lemma="at" pos="X">at</wf>
         <wf lemma="en" pos="X">en</wf>
         <instance id="d000.s3001.t000" lemma="industri" pos="NOUN">industri</instance>
         <wf lemma="tog" pos="X">tog</wf>
         <wf lemma="form" pos="X">form</wf>
         <wf lemma="," pos="X">,</wf>
         <wf lemma="skønt" pos="X">skønt</wf>
         <wf lemma="masseproduktionen" pos="X">masseproduktionen</wf>
         <wf lemma="måtte" pos="X">måtte</wf>
         <wf lemma="ske" pos="X">ske</wf>
         <wf lemma="i" pos="X">i</wf>
         <wf lemma="hånden" pos="X">hånden</wf>
         <wf lemma="." pos="X">.</wf>
      </sentence>
      <sentence id="d000.s3002" source="wordnet-danish">
         <wf lemma="Dejen" pos="X">Dejen</wf>
         <wf lemma="til" pos="X">til</wf>
         <wf lemma="tærten" pos="X">tærten</wf>
         <wf lemma="kan" pos="X">kan</wf>
         <wf lemma="opbevares" pos="X">opbevares</wf>
         <wf lemma="indpakket" pos="X">indpakket</wf>
         <wf lemma="i" pos="X">i</wf>
         <wf lemma="køleskab" pos="X">køleskab</wf>
         <wf lemma="i" pos="X">i</wf>
         <wf lemma="flere" pos="X">flere</wf>
         <instance id="d000.s3002.t000" lemma="dag" pos="NOUN">dage</instance>
         <wf lemma="." pos="X">.</wf>
      </sentence>
      <sentence id="d000.s3003" source="wordnet-danish">
         <wf lemma="Han" pos="X">Han</wf>
         <instance id="d000.s3003.t000" lemma="tørre" pos="VERB">tørrer</instance>
         <wf lemma="sig" pos="X">sig</wf>
         <wf lemma="om" pos="X">om</wf>
         <wf lemma="munden" pos="X">munden</wf>
         <wf lemma="med" pos="X">med</wf>
         <wf lemma="den" pos="X">den</wf>
         <wf lemma="hvide" pos="X">hvide</wf>
         <wf lemma="tøjserviet" pos="X">tøjserviet</wf>
         <wf lemma="." pos="X">.</wf>
      </sentence>
      <sentence id="d000.s3004" source="wordnet-danish">
         <wf lemma="Døve" pos="X">Døve</wf>
         <wf lemma="er" pos="X">er</wf>
         <wf lemma="faktisk" pos="X">faktisk</wf>
         <wf lemma="gode" pos="X">gode</wf>
         <wf lemma="bilister" pos="X">bilister</wf>
         <wf lemma="," pos="X">,</wf>
         <wf lemma="for" pos="X">for</wf>
         <wf lemma="når" pos="X">når</wf>
         <wf lemma="man" pos="X">man</wf>
         <wf lemma="ikke" pos="X">ikke</wf>
         <wf lemma="kan" pos="X">kan</wf>
         <wf lemma="høre" pos="X">høre</wf>
         <wf lemma="noget" pos="X">noget</wf>
         <wf lemma="," pos="X">,</wf>
         <wf lemma="er" pos="X">er</wf>
         <instance id="d000.s3004.t000" lemma="synssans" pos="NOUN">synssansen</instance>
         <wf lemma="skærpet" pos="X">skærpet</wf>
         <wf lemma="," pos="X">,</wf>
         <wf lemma="og" pos="X">og</wf>
         <wf lemma="man" pos="X">man</wf>
         <wf lemma="kan" pos="X">kan</wf>
         <wf lemma="føle" pos="X">føle</wf>
         <wf lemma="mere" pos="X">mere</wf>
         <wf lemma="end" pos="X">end</wf>
         <wf lemma="andre" pos="X">andre</wf>
         <wf lemma="." pos="X">.</wf>
      </sentence>
      <sentence id="d000.s3005" source="wordnet-danish">
         <wf lemma="den" pos="X">den</wf>
         <wf lemma="der" pos="X">der</wf>
         <wf lemma="ro" pos="X">ro</wf>
         <wf lemma="," pos="X">,</wf>
         <wf lemma="der" pos="X">der</wf>
         <wf lemma="er" pos="X">er</wf>
         <wf lemma="herude" pos="X">herude</wf>
         <wf lemma="på" pos="X">på</wf>
         <wf lemma="landet" pos="X">landet</wf>
         <wf lemma="," pos="X">,</wf>
         <wf lemma="det" pos="X">det</wf>
         <wf lemma="giver" pos="X">giver</wf>
         <wf lemma="altså" pos="X">altså</wf>
         <wf lemma="en" pos="X">en</wf>
         <wf lemma="fantastisk" pos="X">fantastisk</wf>
         <wf lemma="indre" pos="X">indre</wf>
         <instance id="d000.s3005.t000" lemma="balance" pos="NOUN">balance</instance>
         <wf lemma="." pos="X">.</wf>
      </sentence>
      <sentence id="d000.s3006" source="wordnet-danish">
         <wf lemma="Kongen" pos="X">Kongen</wf>
         <wf lemma="må" pos="X">må</wf>
         <instance id="d000.s3006.t000" lemma="sværge" pos="VERB">sværge</instance>
         <wf lemma="med" pos="X">med</wf>
         <wf lemma="hånden" pos="X">hånden</wf>
         <wf lemma="på" pos="X">på</wf>
         <wf lemma="håndfæstning" pos="X">håndfæstning</wf>
         <wf lemma="og" pos="X">og</wf>
         <wf lemma="Bibel" pos="X">Bibel</wf>
         <wf lemma="." pos="X">.</wf>
         <wf lemma="-" pos="X">-</wf>
         <wf lemma="-" pos="X">-</wf>
         <wf lemma="I" pos="X">I</wf>
         <wf lemma="Guds" pos="X">Guds</wf>
         <wf lemma="navn" pos="X">navn</wf>
         <wf lemma="," pos="X">,</wf>
         <wf lemma="Vi" pos="X">Vi</wf>
         <wf lemma="vil" pos="X">vil</wf>
         <wf lemma="følge" pos="X">følge</wf>
         <wf lemma="denne" pos="X">denne</wf>
         <wf lemma="lov" pos="X">lov</wf>
         <wf lemma="." pos="X">.</wf>
      </sentence>
      <sentence id="d000.s3007" source="wordnet-danish">
         <wf lemma="Ved" pos="X">Ved</wf>
         <instance id="d000.s3007.t000" lemma="indtagelse" pos="NOUN">indtagelse</instance>
         <wf lemma="af" pos="X">af</wf>
         <wf lemma="en" pos="X">en</wf>
         <wf lemma="normal" pos="X">normal</wf>
         <wf lemma="varieret" pos="X">varieret</wf>
         <wf lemma="dansk" pos="X">dansk</wf>
         <wf lemma="kost" pos="X">kost</wf>
         <wf lemma="skulle" pos="X">skulle</wf>
         <wf lemma="man" pos="X">man</wf>
         <wf lemma="være" pos="X">være</wf>
         <wf lemma="dækket" pos="X">dækket</wf>
         <wf lemma="ind" pos="X">ind</wf>
         <wf lemma="med" pos="X">med</wf>
         <wf lemma="hensyn" pos="X">hensyn</wf>
         <wf lemma="til" pos="X">til</wf>
         <wf lemma="vitaminer" pos="X">vitaminer</wf>
         <wf lemma="." pos="X">.</wf>
      </sentence>
      <sentence id="d000.s3008" source="wordnet-danish">
         <wf lemma="Jeg" pos="X">Jeg</wf>
         <wf lemma="elsker" pos="X">elsker</wf>
         <wf lemma="at" pos="X">at</wf>
         <wf lemma="stå" pos="X">stå</wf>
         <wf lemma="på" pos="X">på</wf>
         <instance id="d000.s3008.t000" lemma="ski" pos="NOUN">ski</instance>
         <wf lemma="og" pos="X">og</wf>
         <wf lemma="tager" pos="X">tager</wf>
         <wf lemma="ofte" pos="X">ofte</wf>
         <wf lemma="til" pos="X">til</wf>
         <wf lemma="Norge" pos="X">Norge</wf>
         <wf lemma="," pos="X">,</wf>
         <wf lemma="hvor" pos="X">hvor</wf>
         <wf lemma="jeg" pos="X">jeg</wf>
         <wf lemma="kan" pos="X">kan</wf>
         <wf lemma="dyrke" pos="X">dyrke</wf>
         <wf lemma="både" pos="X">både</wf>
         <wf lemma="langrend" pos="X">langrend</wf>
         <wf lemma="og" pos="X">og</wf>
         <wf lemma="alpint" pos="X">alpint</wf>
         <wf lemma="skiløb" pos="X">skiløb</wf>
         <wf lemma="." pos="X">.</wf>
      </sentence>
      <sentence id="d000.s3009" source="wordnet-danish">
         <wf lemma="Hun" pos="X">Hun</wf>
         <wf lemma="er" pos="X">er</wf>
         <wf lemma="bange" pos="X">bange</wf>
         <wf lemma="for" pos="X">for</wf>
         <wf lemma="at" pos="X">at</wf>
         <wf lemma="blive" pos="X">blive</wf>
         <wf lemma="den" pos="X">den</wf>
         <wf lemma="totalt" pos="X">totalt</wf>
         <wf lemma="afhængige" pos="X">afhængige</wf>
         <wf lemma="og" pos="X">og</wf>
         <instance id="d000.s3009.t000" lemma="passiv" pos="ADJ">passive</instance>
         <wf lemma="kvindetype" pos="X">kvindetype</wf>
         <wf lemma="," pos="X">,</wf>
         <wf lemma="som" pos="X">som</wf>
         <wf lemma="hendes" pos="X">hendes</wf>
         <wf lemma="mor" pos="X">mor</wf>
         <wf lemma="var" pos="X">var</wf>
         <wf lemma="." pos="X">.</wf>
      </sentence>
      <sentence id="d000.s3010" source="wordnet-danish">
         <wf lemma="hendes" pos="X">hendes</wf>
         <wf lemma="forklaring" pos="X">forklaring</wf>
         <wf lemma="[begyndte]" pos="X">[begyndte]</wf>
         <wf lemma="at" pos="X">at</wf>
         <wf lemma="falde" pos="X">falde</wf>
         <wf lemma="fra" pos="X">fra</wf>
         <wf lemma="hinanden" pos="X">hinanden</wf>
         <wf lemma="," pos="X">,</wf>
         <wf lemma="da" pos="X">da</wf>
         <wf lemma="hun" pos="X">hun</wf>
         <wf lemma="viklede" pos="X">viklede</wf>
         <wf lemma="sig" pos="X">sig</wf>
         <wf lemma="ind" pos="X">ind</wf>
         <wf lemma="i" pos="X">i</wf>
         <instance id="d000.s3010.t000" lemma="selvmodsigelse" pos="NOUN">selvmodsigelser</instance>
         <wf lemma="og" pos="X">og</wf>
         <wf lemma="givetvis" pos="X">givetvis</wf>
         <wf lemma="urigtige" pos="X">urigtige</wf>
         <wf lemma="påstande" pos="X">påstande</wf>
         <wf lemma="." pos="X">.</wf>
      </sentence>
      <sentence id="d000.s3011" source="wordnet-danish">
         <instance id="d000.s3011.t000" lemma="mor" pos="NOUN">Mor</instance>
         <wf lemma="er" pos="X">er</wf>
         <wf lemma="den" pos="X">den</wf>
         <wf lemma="bedste" pos="X">bedste</wf>
         <wf lemma="i" pos="X">i</wf>
         <wf lemma="verden" pos="X">verden</wf>
         <wf lemma="," pos="X">,</wf>
         <wf lemma="og" pos="X">og</wf>
         <wf lemma="vi" pos="X">vi</wf>
         <wf lemma="ved" pos="X">ved</wf>
         <wf lemma="det" pos="X">det</wf>
         <wf lemma="." pos="X">.</wf>
         <wf lemma="Hvad" pos="X">Hvad</wf>
         <wf lemma="skulle" pos="X">skulle</wf>
         <wf lemma="vi" pos="X">vi</wf>
         <wf lemma="gøre" pos="X">gøre</wf>
         <wf lemma="uden" pos="X">uden</wf>
         <wf lemma="hende" pos="X">hende</wf>
         <wf lemma="?" pos="X">?</wf>
      </sentence>
      <sentence id="d000.s3012" source="wordnet-danish">
         <wf lemma="jeg" pos="X">jeg</wf>
         <wf lemma="ville" pos="X">ville</wf>
         <wf lemma="foretrække" pos="X">foretrække</wf>
         <wf lemma="en" pos="X">en</wf>
         <wf lemma="mand" pos="X">mand</wf>
         <wf lemma="," pos="X">,</wf>
         <wf lemma="der" pos="X">der</wf>
         <wf lemma="stak" pos="X">stak</wf>
         <wf lemma="mig" pos="X">mig</wf>
         <wf lemma="et" pos="X">et</wf>
         <wf lemma="par" pos="X">par</wf>
         <wf lemma="flade" pos="X">flade</wf>
         <wf lemma="," pos="X">,</wf>
         <wf lemma="frem" pos="X">frem</wf>
         <wf lemma="for" pos="X">for</wf>
         <wf lemma="én" pos="X">én</wf>
         <wf lemma="," pos="X">,</wf>
         <wf lemma="der" pos="X">der</wf>
         <instance id="d000.s3012.t000" lemma="straffe" pos="VERB">straffede</instance>
         <wf lemma="mig" pos="X">mig</wf>
         <wf lemma="med" pos="X">med</wf>
         <wf lemma="tavshed" pos="X">tavshed</wf>
         <wf lemma="." pos="X">.</wf>
      </sentence>
      <sentence id="d000.s3013" source="wordnet-danish">
         <wf lemma="Brugsen" pos="X">Brugsen</wf>
         <wf lemma="," pos="X">,</wf>
         <wf lemma="valgmenighedskirken" pos="X">valgmenighedskirken</wf>
         <wf lemma="og" pos="X">og</wf>
         <wf lemma="højskolen" pos="X">højskolen</wf>
         <wf lemma="lå" pos="X">lå</wf>
         <wf lemma="som" pos="X">som</wf>
         <instance id="d000.s3013.t000" lemma="knudepunkt" pos="NOUN">knudepunkterne</instance>
         <wf lemma="i" pos="X">i</wf>
         <wf lemma="byens" pos="X">byens</wf>
         <wf lemma="geografi" pos="X">geografi</wf>
         <wf lemma="." pos="X">.</wf>
      </sentence>
      <sentence id="d000.s3014" source="wordnet-danish">
         <wf lemma="1" pos="X">1</wf>
         <wf lemma="." pos="X">.</wf>
         <wf lemma="juledag" pos="X">juledag</wf>
         <wf lemma="vil" pos="X">vil</wf>
         <wf lemma="blive" pos="X">blive</wf>
         <wf lemma="ret" pos="X">ret</wf>
         <instance id="d000.s3014.t000" lemma="kølig" pos="ADJ">kølig</instance>
         <wf lemma="--" pos="X">--</wf>
         <wf lemma="ned" pos="X">ned</wf>
         <wf lemma="til" pos="X">til</wf>
         <wf lemma="fem" pos="X">fem</wf>
         <wf lemma="plusgrader" pos="X">plusgrader</wf>
         <wf lemma="." pos="X">.</wf>
      </sentence>
      <sentence id="d000.s3015" source="wordnet-danish">
         <wf lemma="Han" pos="X">Han</wf>
         <instance id="d000.s3015.t000" lemma="skyde" pos="VERB">skød</instance>
         <wf lemma="to-tre" pos="X">to-tre</wf>
         <wf lemma="gange" pos="X">gange</wf>
         <wf lemma="efter" pos="X">efter</wf>
         <wf lemma="forfølgerne" pos="X">forfølgerne</wf>
         <wf lemma="med" pos="X">med</wf>
         <wf lemma="sin" pos="X">sin</wf>
         <wf lemma="pistol" pos="X">pistol</wf>
         <wf lemma="." pos="X">.</wf>
      </sentence>
      <sentence id="d000.s3016" source="wordnet-danish">
         <wf lemma="vi" pos="X">vi</wf>
         <wf lemma="har" pos="X">har</wf>
         <wf lemma="indgået" pos="X">indgået</wf>
         <instance id="d000.s3016.t000" lemma="strategisk" pos="ADJ">strategiske</instance>
         <wf lemma="alliancer" pos="X">alliancer</wf>
         <wf lemma="om" pos="X">om</wf>
         <wf lemma="produktudvikling" pos="X">produktudvikling</wf>
         <wf lemma="på" pos="X">på</wf>
         <wf lemma="de" pos="X">de</wf>
         <wf lemma="områder" pos="X">områder</wf>
         <wf lemma="," pos="X">,</wf>
         <wf lemma="hvor" pos="X">hvor</wf>
         <wf lemma="vi" pos="X">vi</wf>
         <wf lemma="ikke" pos="X">ikke</wf>
         <wf lemma="har" pos="X">har</wf>
         <wf lemma="tilstrækkelig" pos="X">tilstrækkelig</wf>
         <wf lemma="viden" pos="X">viden</wf>
         <wf lemma="." pos="X">.</wf>
      </sentence>
      <sentence id="d000.s3017" source="wordnet-danish">
         <wf lemma="Tegner" pos="X">Tegner</wf>
         <wf lemma="man" pos="X">man</wf>
         <wf lemma="en" pos="X">en</wf>
         <instance id="d000.s3017.t000" lemma="kurve" pos="NOUN">kurve</instance>
         <wf lemma="over" pos="X">over</wf>
         <wf lemma="mængden" pos="X">mængden</wf>
         <wf lemma="af" pos="X">af</wf>
         <wf lemma="storke" pos="X">storke</wf>
         <wf lemma="," pos="X">,</wf>
         <wf lemma="der" pos="X">der</wf>
         <wf lemma="kommer" pos="X">kommer</wf>
         <wf lemma="til" pos="X">til</wf>
         <wf lemma="Danmark" pos="X">Danmark</wf>
         <wf lemma="hvert" pos="X">hvert</wf>
         <wf lemma="år" pos="X">år</wf>
         <wf lemma="," pos="X">,</wf>
         <wf lemma="og" pos="X">og</wf>
         <wf lemma="en" pos="X">en</wf>
         <wf lemma="anden" pos="X">anden</wf>
         <wf lemma="kurve" pos="X">kurve</wf>
         <wf lemma="over" pos="X">over</wf>
         <wf lemma="antallet" pos="X">antallet</wf>
         <wf lemma="af" pos="X">af</wf>
         <wf lemma="børnefødsler" pos="X">børnefødsler</wf>
         <wf lemma="," pos="X">,</wf>
         <wf lemma="så" pos="X">så</wf>
         <wf lemma="vil" pos="X">vil</wf>
         <wf lemma="det" pos="X">det</wf>
         <wf lemma="vise" pos="X">vise</wf>
         <wf lemma="sig" pos="X">sig</wf>
         <wf lemma="," pos="X">,</wf>
         <wf lemma="at" pos="X">at</wf>
         <wf lemma="der" pos="X">der</wf>
         <wf lemma="er" pos="X">er</wf>
         <wf lemma="en" pos="X">en</wf>
         <wf lemma="meget" pos="X">meget</wf>
         <wf lemma="høj" pos="X">høj</wf>
         <wf lemma="grad" pos="X">grad</wf>
         <wf lemma="af" pos="X">af</wf>
         <wf lemma="sammenfald" pos="X">sammenfald</wf>
         <wf lemma="." pos="X">.</wf>
      </sentence>
      <sentence id="d000.s3018" source="wordnet-danish">
         <instance id="d000.s3018.t000" lemma="tidstabel" pos="NOUN">Tidstabellen</instance>
         <wf lemma="holdt" pos="X">holdt</wf>
         <wf lemma="ikke" pos="X">ikke</wf>
         <wf lemma="." pos="X">.</wf>
         <wf lemma="De" pos="X">De</wf>
         <wf lemma="tyske" pos="X">tyske</wf>
         <wf lemma="styrker" pos="X">styrker</wf>
         <wf lemma="klarede" pos="X">klarede</wf>
         <wf lemma="sig" pos="X">sig</wf>
         <wf lemma="bedre" pos="X">bedre</wf>
         <wf lemma="end" pos="X">end</wf>
         <wf lemma="de" pos="X">de</wf>
         <wf lemma="allierede" pos="X">allierede</wf>
         <wf lemma="havde" pos="X">havde</wf>
         <wf lemma="regnet" pos="X">regnet</wf>
         <wf lemma="med" pos="X">med</wf>
         <wf lemma="." pos="X">.</wf>
      </sentence>
      <sentence id="d000.s3019" source="wordnet-danish">
         <wf lemma="jeg" pos="X">jeg</wf>
         <wf lemma="ankom" pos="X">ankom</wf>
         <wf lemma="til" pos="X">til</wf>
         <wf lemma="København" pos="X">København</wf>
         <wf lemma="to" pos="X">to</wf>
         <wf lemma="dage" pos="X">dage</wf>
         <wf lemma="senere" pos="X">senere</wf>
         <wf lemma="efter" pos="X">efter</wf>
         <wf lemma="et" pos="X">et</wf>
         <wf lemma="mareridt" pos="X">mareridt</wf>
         <wf lemma="af" pos="X">af</wf>
         <wf lemma="en" pos="X">en</wf>
         <instance id="d000.s3019.t000" lemma="flyvetur" pos="NOUN">flyvetur</instance>
         <wf lemma="fra" pos="X">fra</wf>
         <wf lemma="New" pos="X">New</wf>
         <wf lemma="York" pos="X">York</wf>
         <wf lemma="," pos="X">,</wf>
         <wf lemma="med" pos="X">med</wf>
         <wf lemma="syv" pos="X">syv</wf>
         <wf lemma="timers" pos="X">timers</wf>
         <wf lemma="forsinkelse" pos="X">forsinkelse</wf>
         <wf lemma="." pos="X">.</wf>
      </sentence>
      <sentence id="d000.s3020" source="wordnet-danish">
         <wf lemma="De" pos="X">De</wf>
         <wf lemma="lukker" pos="X">lukker</wf>
         <wf lemma="døren" pos="X">døren</wf>
         <wf lemma="bag" pos="X">bag</wf>
         <wf lemma="sig" pos="X">sig</wf>
         <wf lemma="og" pos="X">og</wf>
         <wf lemma="er" pos="X">er</wf>
         <instance id="d000.s3020.t000" lemma="alene" pos="ADJ">alene</instance>
         <wf lemma="med" pos="X">med</wf>
         <wf lemma="hinanden" pos="X">hinanden</wf>
         <wf lemma="." pos="X">.</wf>
      </sentence>
      <sentence id="d000.s3021" source="wordnet-danish">
         <wf lemma="Sæt" pos="X">Sæt</wf>
         <instance id="d000.s3021.t000" lemma="dej" pos="NOUN">dejen</instance>
         <wf lemma="til" pos="X">til</wf>
         <wf lemma="hævning" pos="X">hævning</wf>
         <wf lemma="et" pos="X">et</wf>
         <wf lemma="lunt" pos="X">lunt</wf>
         <wf lemma="sted" pos="X">sted</wf>
         <wf lemma="i" pos="X">i</wf>
         <wf lemma="2" pos="X">2</wf>
         <wf lemma="timer" pos="X">timer</wf>
         <wf lemma="." pos="X">.</wf>
         <wf lemma="Slå" pos="X">Slå</wf>
         <wf lemma="dejen" pos="X">dejen</wf>
         <wf lemma="sammen" pos="X">sammen</wf>
         <wf lemma="og" pos="X">og</wf>
         <wf lemma="form" pos="X">form</wf>
         <wf lemma="den" pos="X">den</wf>
         <wf lemma="til" pos="X">til</wf>
         <wf lemma="16-20" pos="X">16-20</wf>
         <wf lemma="kuvertbrød" pos="X">kuvertbrød</wf>
         <wf lemma="eller" pos="X">eller</wf>
         <wf lemma="boller" pos="X">boller</wf>
         <wf lemma="." pos="X">.</wf>
      </sentence>
      <sentence id="d000.s3022" source="wordnet-danish">
         <instance id="d000.s3022.t000" lemma="jury" pos="NOUN">juryen</instance>
         <wf lemma="anerkendte" pos="X">anerkendte</wf>
         <wf lemma="," pos="X">,</wf>
         <wf lemma="at" pos="X">at</wf>
         <wf lemma="der" pos="X">der</wf>
         <wf lemma="ikke" pos="X">ikke</wf>
         <wf lemma="var" pos="X">var</wf>
         <wf lemma="beviser" pos="X">beviser</wf>
         <wf lemma="til" pos="X">til</wf>
         <wf lemma="at" pos="X">at</wf>
         <wf lemma="dømme" pos="X">dømme</wf>
         <wf lemma="ham" pos="X">ham</wf>
         <wf lemma="og" pos="X">og</wf>
         <wf lemma="tre" pos="X">tre</wf>
         <wf lemma="andre" pos="X">andre</wf>
         <wf lemma="danskere" pos="X">danskere</wf>
         <wf lemma="." pos="X">.</wf>
      </sentence>
      <sentence id="d000.s3023" source="wordnet-danish">
         <instance id="d000.s3023.t000" lemma="biskop" pos="NOUN">biskopperne</instance>
         <wf lemma="[er" pos="X">[er</wf>
         <wf lemma="ikke]" pos="X">ikke]</wf>
         <wf lemma="politisk" pos="X">politisk</wf>
         <wf lemma="udpegede" pos="X">udpegede</wf>
         <wf lemma="," pos="X">,</wf>
         <wf lemma="men" pos="X">men</wf>
         <wf lemma="vælges" pos="X">vælges</wf>
         <wf lemma="af" pos="X">af</wf>
         <wf lemma="menighedsråd" pos="X">menighedsråd</wf>
         <wf lemma="og" pos="X">og</wf>
         <wf lemma="præster" pos="X">præster</wf>
         <wf lemma="i" pos="X">i</wf>
         <wf lemma="fællesskab" pos="X">fællesskab</wf>
         <wf lemma="." pos="X">.</wf>
      </sentence>
      <sentence id="d000.s3024" source="wordnet-danish">
         <wf lemma="En" pos="X">En</wf>
         <wf lemma="nylig" pos="X">nylig</wf>
         <wf lemma="undersøgelse" pos="X">undersøgelse</wf>
         <wf lemma="," pos="X">,</wf>
         <wf lemma="som" pos="X">som</wf>
         <wf lemma="er" pos="X">er</wf>
         <wf lemma="gennemført" pos="X">gennemført</wf>
         <wf lemma="for" pos="X">for</wf>
         <wf lemma="Bolivias" pos="X">Bolivias</wf>
         <instance id="d000.s3024.t000" lemma="kongres" pos="NOUN">kongres</instance>
         <wf lemma="," pos="X">,</wf>
         <wf lemma="viser" pos="X">viser</wf>
         <wf lemma="," pos="X">,</wf>
         <wf lemma="at" pos="X">at</wf>
         <wf lemma="der" pos="X">der</wf>
         <wf lemma="produceres" pos="X">produceres</wf>
         <wf lemma="kokain" pos="X">kokain</wf>
         <wf lemma="for" pos="X">for</wf>
         <wf lemma="3,8" pos="X">3,8</wf>
         <wf lemma="milliarder" pos="X">milliarder</wf>
         <wf lemma="dollar" pos="X">dollar</wf>
         <wf lemma="(" pos="X">(</wf>
         <wf lemma="25,7" pos="X">25,7</wf>
         <wf lemma="milliarder" pos="X">milliarder</wf>
         <wf lemma="kroner" pos="X">kroner</wf>
         <wf lemma=")" pos="X">)</wf>
         <wf lemma="om" pos="X">om</wf>
         <wf lemma="året" pos="X">året</wf>
         <wf lemma="i" pos="X">i</wf>
         <wf lemma="landet" pos="X">landet</wf>
         <wf lemma="." pos="X">.</wf>
      </sentence>
      <sentence id="d000.s3025" source="wordnet-danish">
         <wf lemma="Danskerne" pos="X">Danskerne</wf>
         <wf lemma="har" pos="X">har</wf>
         <wf lemma="fået" pos="X">fået</wf>
         <wf lemma="mere" pos="X">mere</wf>
         <wf lemma="indflydelse" pos="X">indflydelse</wf>
         <wf lemma="på" pos="X">på</wf>
         <wf lemma="deres" pos="X">deres</wf>
         <wf lemma="arbejde" pos="X">arbejde</wf>
         <wf lemma="og" pos="X">og</wf>
         <wf lemma="mere" pos="X">mere</wf>
         <wf lemma="sikkerhed" pos="X">sikkerhed</wf>
         <wf lemma="i" pos="X">i</wf>
         <instance id="d000.s3025.t000" lemma="ansættelse" pos="NOUN">ansættelsen</instance>
         <wf lemma="." pos="X">.</wf>
      </sentence>
      <sentence id="d000.s3026" source="wordnet-danish">
         <wf lemma="Hun" pos="X">Hun</wf>
         <wf lemma="gik" pos="X">gik</wf>
         <wf lemma="ud" pos="X">ud</wf>
         <wf lemma="i" pos="X">i</wf>
         <wf lemma="køkkenet" pos="X">køkkenet</wf>
         <wf lemma="og" pos="X">og</wf>
         <wf lemma="kastede" pos="X">kastede</wf>
         <wf lemma="et" pos="X">et</wf>
         <wf lemma="blik" pos="X">blik</wf>
         <wf lemma="ind" pos="X">ind</wf>
         <wf lemma="i" pos="X">i</wf>
         <instance id="d000.s3026.t000" lemma="køleskab" pos="NOUN">køleskabet</instance>
         <wf lemma="." pos="X">.</wf>
         <wf lemma="Der" pos="X">Der</wf>
         <wf lemma="lå" pos="X">lå</wf>
         <wf lemma="et" pos="X">et</wf>
         <wf lemma="par" pos="X">par</wf>
         <wf lemma="frikadeller" pos="X">frikadeller</wf>
         <wf lemma="fra" pos="X">fra</wf>
         <wf lemma="i" pos="X">i</wf>
         <wf lemma="går" pos="X">går</wf>
         <wf lemma="." pos="X">.</wf>
      </sentence>
      <sentence id="d000.s3027" source="wordnet-danish">
         <wf lemma="Jeg" pos="X">Jeg</wf>
         <wf lemma="skænkede" pos="X">skænkede</wf>
         <wf lemma="det" pos="X">det</wf>
         <wf lemma="sidste" pos="X">sidste</wf>
         <wf lemma="fra" pos="X">fra</wf>
         <wf lemma="flasken" pos="X">flasken</wf>
         <wf lemma="op" pos="X">op</wf>
         <wf lemma="i" pos="X">i</wf>
         <wf lemma="mit" pos="X">mit</wf>
         <instance id="d000.s3027.t000" lemma="glas" pos="NOUN">glas</instance>
         <wf lemma="." pos="X">.</wf>
      </sentence>
      <sentence id="d000.s3028" source="wordnet-danish">
         <wf lemma="De" pos="X">De</wf>
         <wf lemma="skæve" pos="X">skæve</wf>
         <wf lemma="øjne" pos="X">øjne</wf>
         <instance id="d000.s3028.t000" lemma="skråne" pos="VERB">skråner</instance>
         <wf lemma="lidt" pos="X">lidt</wf>
         <wf lemma="," pos="X">,</wf>
         <wf lemma="så" pos="X">så</wf>
         <wf lemma="den" pos="X">den</wf>
         <wf lemma="yderste" pos="X">yderste</wf>
         <wf lemma="øjenkrog" pos="X">øjenkrog</wf>
         <wf lemma="ligger" pos="X">ligger</wf>
         <wf lemma="lidt" pos="X">lidt</wf>
         <wf lemma="højere" pos="X">højere</wf>
         <wf lemma="end" pos="X">end</wf>
         <wf lemma="den" pos="X">den</wf>
         <wf lemma="inderste" pos="X">inderste</wf>
         <wf lemma="." pos="X">.</wf>
      </sentence>
      <sentence id="d000.s3029" source="wordnet-danish">
         <wf lemma="statsministeren" pos="X">statsministeren</wf>
         <wf lemma="understreger" pos="X">understreger</wf>
         <wf lemma="," pos="X">,</wf>
         <wf lemma="at" pos="X">at</wf>
         <wf lemma="vi" pos="X">vi</wf>
         <wf lemma="må" pos="X">må</wf>
         <wf lemma="have" pos="X">have</wf>
         <wf lemma="sikret" pos="X">sikret</wf>
         <wf lemma="Danmarks" pos="X">Danmarks</wf>
         <wf lemma="fulde" pos="X">fulde</wf>
         <instance id="d000.s3029.t000" lemma="medlemskab" pos="NOUN">medlemskab</instance>
         <wf lemma="af" pos="X">af</wf>
         <wf lemma="det" pos="X">det</wf>
         <wf lemma="europæiske" pos="X">europæiske</wf>
         <wf lemma="samarbejde" pos="X">samarbejde</wf>
         <wf lemma="." pos="X">.</wf>
      </sentence>
      <sentence id="d000.s3030" source="wordnet-danish">
         <instance id="d000.s3030.t000" lemma="menneske" pos="NOUN">Mennesket</instance>
         <wf lemma="er" pos="X">er</wf>
         <wf lemma="både" pos="X">både</wf>
         <wf lemma="en" pos="X">en</wf>
         <wf lemma="trussel" pos="X">trussel</wf>
         <wf lemma="mod" pos="X">mod</wf>
         <wf lemma="de" pos="X">de</wf>
         <wf lemma="forskellige" pos="X">forskellige</wf>
         <wf lemma="fugle-" pos="X">fugle-</wf>
         <wf lemma="og" pos="X">og</wf>
         <wf lemma="dyrearter" pos="X">dyrearter</wf>
         <wf lemma="og" pos="X">og</wf>
         <wf lemma="sig" pos="X">sig</wf>
         <wf lemma="selv" pos="X">selv</wf>
         <wf lemma="." pos="X">.</wf>
      </sentence>
      <sentence id="d000.s3031" source="wordnet-danish">
         <wf lemma="befolkningen" pos="X">befolkningen</wf>
         <wf lemma="er" pos="X">er</wf>
         <wf lemma="på" pos="X">på</wf>
         <wf lemma="vej" pos="X">vej</wf>
         <wf lemma="til" pos="X">til</wf>
         <wf lemma="at" pos="X">at</wf>
         <wf lemma="foretage" pos="X">foretage</wf>
         <wf lemma="et" pos="X">et</wf>
         <wf lemma="større" pos="X">større</wf>
         <wf lemma="politisk" pos="X">politisk</wf>
         <wf lemma="højresving" pos="X">højresving</wf>
         <wf lemma="." pos="X">.</wf>
         <wf lemma="Over" pos="X">Over</wf>
         <wf lemma="dobbelt" pos="X">dobbelt</wf>
         <wf lemma="så" pos="X">så</wf>
         <wf lemma="mange" pos="X">mange</wf>
         <wf lemma="vil" pos="X">vil</wf>
         <wf lemma="nu" pos="X">nu</wf>
         <instance id="d000.s3031.t000" lemma="stemme" pos="VERB">stemme</instance>
         <wf lemma="på" pos="X">på</wf>
         <wf lemma="højre-partier" pos="X">højre-partier</wf>
         <wf lemma="." pos="X">.</wf>
      </sentence>
      <sentence id="d000.s3032" source="wordnet-danish">
         <wf lemma="de" pos="X">de</wf>
         <wf lemma="tyske" pos="X">tyske</wf>
         <wf lemma="værelser" pos="X">værelser</wf>
         <wf lemma="er" pos="X">er</wf>
         <wf lemma="større" pos="X">større</wf>
         <wf lemma="," pos="X">,</wf>
         <wf lemma="fordi" pos="X">fordi</wf>
         <wf lemma="de" pos="X">de</wf>
         <wf lemma="indeholder" pos="X">indeholder</wf>
         <instance id="d000.s3032.t000" lemma="separat" pos="ADJ">separat</instance>
         <wf lemma="bad" pos="X">bad</wf>
         <wf lemma="og" pos="X">og</wf>
         <wf lemma="toilet" pos="X">toilet</wf>
         <wf lemma="." pos="X">.</wf>
      </sentence>
      <sentence id="d000.s3033" source="wordnet-danish">
         <wf lemma="Maria" pos="X">Maria</wf>
         <wf lemma="Axelsen" pos="X">Axelsen</wf>
         <wf lemma="," pos="X">,</wf>
         <wf lemma="Katrine" pos="X">Katrine</wf>
         <wf lemma="Togsverd" pos="X">Togsverd</wf>
         <wf lemma="og" pos="X">og</wf>
         <wf lemma="Sanne" pos="X">Sanne</wf>
         <wf lemma="Wulff" pos="X">Wulff</wf>
         <wf lemma="vil" pos="X">vil</wf>
         <wf lemma="spille" pos="X">spille</wf>
         <wf lemma="tre" pos="X">tre</wf>
         <wf lemma="små" pos="X">små</wf>
         <wf lemma="klassiske" pos="X">klassiske</wf>
         <instance id="d000.s3033.t000" lemma="stykke" pos="NOUN">stykker</instance>
         <wf lemma="for" pos="X">for</wf>
         <wf lemma="violin" pos="X">violin</wf>
         <wf lemma="og" pos="X">og</wf>
         <wf lemma="klaver" pos="X">klaver</wf>
         <wf lemma="." pos="X">.</wf>
      </sentence>
      <sentence id="d000.s3034" source="wordnet-danish">
         <wf lemma="I" pos="X">I</wf>
         <wf lemma="15" pos="X">15</wf>
         <wf lemma="år" pos="X">år</wf>
         <wf lemma="spillede" pos="X">spillede</wf>
         <wf lemma="han" pos="X">han</wf>
         <wf lemma="1." pos="X">1.</wf>
         <wf lemma="divisions" pos="X">divisions</wf>
         <wf lemma="basketball" pos="X">basketball</wf>
         <wf lemma="i" pos="X">i</wf>
         <wf lemma="Falcon" pos="X">Falcon</wf>
         <wf lemma="--" pos="X">--</wf>
         <wf lemma="et" pos="X">et</wf>
         <wf lemma="hurtigt" pos="X">hurtigt</wf>
         <wf lemma="spil" pos="X">spil</wf>
         <wf lemma="," pos="X">,</wf>
         <wf lemma="der" pos="X">der</wf>
         <wf lemma="både" pos="X">både</wf>
         <wf lemma="kræver" pos="X">kræver</wf>
         <wf lemma="teamfunktion" pos="X">teamfunktion</wf>
         <wf lemma="og" pos="X">og</wf>
         <wf lemma="gode" pos="X">gode</wf>
         <instance id="d000.s3034.t000" lemma="individuel" pos="ADJ">individuelle</instance>
         <wf lemma="præstationer" pos="X">præstationer</wf>
         <wf lemma="." pos="X">.</wf>
      </sentence>
      <sentence id="d000.s3035" source="wordnet-danish">
         <wf lemma="de" pos="X">de</wf>
         <wf lemma="internationale" pos="X">internationale</wf>
         <instance id="d000.s3035.t000" lemma="tendens" pos="NOUN">tendenser</instance>
         <wf lemma="er" pos="X">er</wf>
         <wf lemma="klare" pos="X">klare</wf>
         <wf lemma="." pos="X">.</wf>
         <wf lemma="Virksomhederne" pos="X">Virksomhederne</wf>
         <wf lemma="bruger" pos="X">bruger</wf>
         <wf lemma="astronomiske" pos="X">astronomiske</wf>
         <wf lemma="beløb" pos="X">beløb</wf>
         <wf lemma="på" pos="X">på</wf>
         <wf lemma="forskning" pos="X">forskning</wf>
         <wf lemma="og" pos="X">og</wf>
         <wf lemma="udvikling" pos="X">udvikling</wf>
         <wf lemma="." pos="X">.</wf>
      </sentence>
      <sentence id="d000.s3036" source="wordnet-danish">
         <wf lemma="[Uran]" pos="X">[Uran]</wf>
         <wf lemma="er" pos="X">er</wf>
         <wf lemma="radioaktivt" pos="X">radioaktivt</wf>
         <wf lemma="og" pos="X">og</wf>
         <wf lemma="anvendes" pos="X">anvendes</wf>
         <wf lemma="primært" pos="X">primært</wf>
         <wf lemma="som" pos="X">som</wf>
         <wf lemma="kernebrændsel" pos="X">kernebrændsel</wf>
         <wf lemma="i" pos="X">i</wf>
         <instance id="d000.s3036.t000" lemma="atomreaktor" pos="NOUN">atomreaktorer</instance>
         <wf lemma="og" pos="X">og</wf>
         <wf lemma="til" pos="X">til</wf>
         <wf lemma="fremstilling" pos="X">fremstilling</wf>
         <wf lemma="af" pos="X">af</wf>
         <wf lemma="atomvåben" pos="X">atomvåben</wf>
         <wf lemma="." pos="X">.</wf>
      </sentence>
      <sentence id="d000.s3037" source="wordnet-danish">
         <wf lemma="[hun]" pos="X">[hun]</wf>
         <wf lemma="gemte" pos="X">gemte</wf>
         <wf lemma="sin" pos="X">sin</wf>
         <instance id="d000.s3037.t000" lemma="fed" pos="ADJ">fede</instance>
         <wf lemma="krop" pos="X">krop</wf>
         <wf lemma="i" pos="X">i</wf>
         <wf lemma="en" pos="X">en</wf>
         <wf lemma="badedragt" pos="X">badedragt</wf>
         <wf lemma="," pos="X">,</wf>
         <wf lemma="hvor" pos="X">hvor</wf>
         <wf lemma="dellerne" pos="X">dellerne</wf>
         <wf lemma="pressede" pos="X">pressede</wf>
         <wf lemma="sig" pos="X">sig</wf>
         <wf lemma="som" pos="X">som</wf>
         <wf lemma="dejpølser" pos="X">dejpølser</wf>
         <wf lemma="ud" pos="X">ud</wf>
         <wf lemma="over" pos="X">over</wf>
         <wf lemma="dragtens" pos="X">dragtens</wf>
         <wf lemma="kanter" pos="X">kanter</wf>
         <wf lemma="." pos="X">.</wf>
      </sentence>
      <sentence id="d000.s3038" source="wordnet-danish">
         <wf lemma="I" pos="X">I</wf>
         <wf lemma="dag" pos="X">dag</wf>
         <wf lemma="går" pos="X">går</wf>
         <wf lemma="han" pos="X">han</wf>
         <wf lemma="," pos="X">,</wf>
         <wf lemma="ganske" pos="X">ganske</wf>
         <wf lemma="vist" pos="X">vist</wf>
         <wf lemma="en" pos="X">en</wf>
         <wf lemma="smule" pos="X">smule</wf>
         <wf lemma="hæmmet" pos="X">hæmmet</wf>
         <wf lemma="af" pos="X">af</wf>
         <wf lemma="de" pos="X">de</wf>
         <wf lemma="resterende" pos="X">resterende</wf>
         <wf lemma="lammelser" pos="X">lammelser</wf>
         <wf lemma="i" pos="X">i</wf>
         <wf lemma="benene" pos="X">benene</wf>
         <wf lemma="," pos="X">,</wf>
         <wf lemma="men" pos="X">men</wf>
         <wf lemma="han" pos="X">han</wf>
         <wf lemma="går" pos="X">går</wf>
         <wf lemma="!" pos="X">!</wf>
         <wf lemma="Og" pos="X">Og</wf>
         <wf lemma="han" pos="X">han</wf>
         <wf lemma="går" pos="X">går</wf>
         <wf lemma="uden" pos="X">uden</wf>
         <instance id="d000.s3038.t000" lemma="krykke" pos="NOUN">krykker</instance>
         <wf lemma="!" pos="X">!</wf>
      </sentence>
      <sentence id="d000.s3039" source="wordnet-danish">
         <wf lemma="Så" pos="X">Så</wf>
         <wf lemma="bandt" pos="X">bandt</wf>
         <wf lemma="han" pos="X">han</wf>
         <wf lemma="hendes" pos="X">hendes</wf>
         <wf lemma="hænder" pos="X">hænder</wf>
         <wf lemma="og" pos="X">og</wf>
         <wf lemma="fødder" pos="X">fødder</wf>
         <wf lemma="med" pos="X">med</wf>
         <wf lemma="et" pos="X">et</wf>
         <instance id="d000.s3039.t000" lemma="reb" pos="NOUN">reb</instance>
         <wf lemma="!" pos="X">!</wf>
      </sentence>
      <sentence id="d000.s3040" source="wordnet-danish">
         <wf lemma="Børnetelefonen" pos="X">Børnetelefonen</wf>
         <wf lemma="har" pos="X">har</wf>
         <wf lemma="et" pos="X">et</wf>
         <instance id="d000.s3040.t000" lemma="netværk" pos="NOUN">netværk</instance>
         <wf lemma="af" pos="X">af</wf>
         <wf lemma="kontaktpersoner" pos="X">kontaktpersoner</wf>
         <wf lemma="ud" pos="X">ud</wf>
         <wf lemma="over" pos="X">over</wf>
         <wf lemma="hele" pos="X">hele</wf>
         <wf lemma="landet" pos="X">landet</wf>
         <wf lemma="," pos="X">,</wf>
         <wf lemma="som" pos="X">som</wf>
         <wf lemma="man" pos="X">man</wf>
         <wf lemma="kan" pos="X">kan</wf>
         <wf lemma="henvise" pos="X">henvise</wf>
         <wf lemma="børn" pos="X">børn</wf>
         <wf lemma="til" pos="X">til</wf>
         <wf lemma="." pos="X">.</wf>
      </sentence>
      <sentence id="d000.s3041" source="wordnet-danish">
         <wf lemma="Husk" pos="X">Husk</wf>
         <wf lemma="," pos="X">,</wf>
         <wf lemma="at" pos="X">at</wf>
         <wf lemma="renterne" pos="X">renterne</wf>
         <wf lemma="kan" pos="X">kan</wf>
         <wf lemma="trækkes" pos="X">trækkes</wf>
         <wf lemma="fra" pos="X">fra</wf>
         <wf lemma="i" pos="X">i</wf>
         <instance id="d000.s3041.t000" lemma="skat" pos="NOUN">skat</instance>
         <wf lemma="." pos="X">.</wf>
      </sentence>
      <sentence id="d000.s3042" source="wordnet-danish">
         <instance id="d000.s3042.t000" lemma="fiktion" pos="NOUN">Fiktionen</instance>
         <wf lemma="tillader" pos="X">tillader</wf>
         <wf lemma="os" pos="X">os</wf>
         <wf lemma="at" pos="X">at</wf>
         <wf lemma="drømme" pos="X">drømme</wf>
         <wf lemma="," pos="X">,</wf>
         <wf lemma="biografien" pos="X">biografien</wf>
         <wf lemma="tvinger" pos="X">tvinger</wf>
         <wf lemma="os" pos="X">os</wf>
         <wf lemma="til" pos="X">til</wf>
         <wf lemma="at" pos="X">at</wf>
         <wf lemma="sammenligne" pos="X">sammenligne</wf>
         <wf lemma="." pos="X">.</wf>
      </sentence>
      <sentence id="d000.s3043" source="wordnet-danish">
         <wf lemma="Den" pos="X">Den</wf>
         <wf lemma="livsfarligt" pos="X">livsfarligt</wf>
         <wf lemma="sårede" pos="X">sårede</wf>
         <wf lemma="kvinde" pos="X">kvinde</wf>
         <wf lemma="blev" pos="X">blev</wf>
         <wf lemma="i" pos="X">i</wf>
         <instance id="d000.s3043.t000" lemma="hast" pos="NOUN">hast</instance>
         <wf lemma="kørt" pos="X">kørt</wf>
         <wf lemma="til" pos="X">til</wf>
         <wf lemma="Sundby" pos="X">Sundby</wf>
         <wf lemma="Hospital" pos="X">Hospital</wf>
         <wf lemma="." pos="X">.</wf>
      </sentence>
      <sentence id="d000.s3044" source="wordnet-danish">
         <wf lemma="afgiftslettelsen" pos="X">afgiftslettelsen</wf>
         <wf lemma="gav" pos="X">gav</wf>
         <wf lemma="branchen" pos="X">branchen</wf>
         <instance id="d000.s3044.t000" lemma="håb" pos="NOUN">håb</instance>
         <wf lemma="om" pos="X">om</wf>
         <wf lemma="et" pos="X">et</wf>
         <wf lemma="nyt" pos="X">nyt</wf>
         <wf lemma="marked" pos="X">marked</wf>
         <wf lemma="." pos="X">.</wf>
         <wf lemma="Men" pos="X">Men</wf>
         <wf lemma="det" pos="X">det</wf>
         <wf lemma="håb" pos="X">håb</wf>
         <wf lemma="brast" pos="X">brast</wf>
         <wf lemma="hurtigt" pos="X">hurtigt</wf>
         <wf lemma="igen" pos="X">igen</wf>
         <wf lemma="." pos="X">.</wf>
      </sentence>
      <sentence id="d000.s3045" source="wordnet-danish">
         <wf lemma="Ved" pos="X">Ved</wf>
         <wf lemma="officielle" pos="X">officielle</wf>
         <wf lemma="statsbesøg" pos="X">statsbesøg</wf>
         <wf lemma="er" pos="X">er</wf>
         <wf lemma="der" pos="X">der</wf>
         <wf lemma="normalt" pos="X">normalt</wf>
         <instance id="d000.s3045.t000" lemma="udveksling" pos="NOUN">udveksling</instance>
         <wf lemma="af" pos="X">af</wf>
         <wf lemma="ordner" pos="X">ordner</wf>
         <wf lemma="." pos="X">.</wf>
      </sentence>
      <sentence id="d000.s3046" source="wordnet-danish">
         <wf lemma="Tit" pos="X">Tit</wf>
         <wf lemma="lå" pos="X">lå</wf>
         <wf lemma="han" pos="X">han</wf>
         <instance id="d000.s3046.t000" lemma="vågen" pos="ADJ">vågen</instance>
         <wf lemma="i" pos="X">i</wf>
         <wf lemma="sin" pos="X">sin</wf>
         <wf lemma="seng" pos="X">seng</wf>
         <wf lemma="flere" pos="X">flere</wf>
         <wf lemma="timer" pos="X">timer</wf>
         <wf lemma="i" pos="X">i</wf>
         <wf lemma="træk" pos="X">træk</wf>
         <wf lemma="." pos="X">.</wf>
      </sentence>
      <sentence id="d000.s3047" source="wordnet-danish">
         <wf lemma="Irak" pos="X">Irak</wf>
         <wf lemma="udskiltes" pos="X">udskiltes</wf>
         <wf lemma="1920" pos="X">1920</wf>
         <wf lemma="fra" pos="X">fra</wf>
         <wf lemma="Tyrkiet" pos="X">Tyrkiet</wf>
         <wf lemma="og" pos="X">og</wf>
         <wf lemma="blev" pos="X">blev</wf>
         <wf lemma="selvstændigt" pos="X">selvstændigt</wf>
         <instance id="d000.s3047.t000" lemma="kongedømme" pos="NOUN">kongedømme</instance>
         <wf lemma="." pos="X">.</wf>
      </sentence>
      <sentence id="d000.s3048" source="wordnet-danish">
         <wf lemma="Når" pos="X">Når</wf>
         <wf lemma="man" pos="X">man</wf>
         <wf lemma="er" pos="X">er</wf>
         <wf lemma="vant" pos="X">vant</wf>
         <wf lemma="til" pos="X">til</wf>
         <wf lemma="at" pos="X">at</wf>
         <instance id="d000.s3048.t000" lemma="klare" pos="VERB">klare</instance>
         <wf lemma="livet" pos="X">livet</wf>
         <wf lemma="ved" pos="X">ved</wf>
         <wf lemma="hjælp" pos="X">hjælp</wf>
         <wf lemma="af" pos="X">af</wf>
         <wf lemma="alkohol" pos="X">alkohol</wf>
         <wf lemma="," pos="X">,</wf>
         <wf lemma="kan" pos="X">kan</wf>
         <wf lemma="det" pos="X">det</wf>
         <wf lemma="være" pos="X">være</wf>
         <wf lemma="meget" pos="X">meget</wf>
         <wf lemma="vanskeligt" pos="X">vanskeligt</wf>
         <wf lemma="at" pos="X">at</wf>
         <wf lemma="undvære" pos="X">undvære</wf>
         <wf lemma="." pos="X">.</wf>
      </sentence>
      <sentence id="d000.s3049" source="wordnet-danish">
         <wf lemma="For" pos="X">For</wf>
         <wf lemma="20" pos="X">20</wf>
         <wf lemma="år" pos="X">år</wf>
         <wf lemma="siden" pos="X">siden</wf>
         <wf lemma="var" pos="X">var</wf>
         <wf lemma="det" pos="X">det</wf>
         <wf lemma="en" pos="X">en</wf>
         <wf lemma="sensation" pos="X">sensation</wf>
         <wf lemma="at" pos="X">at</wf>
         <instance id="d000.s3049.t000" lemma="filme" pos="VERB">filme</instance>
         <wf lemma="en" pos="X">en</wf>
         <wf lemma="isfugl" pos="X">isfugl</wf>
         <wf lemma="," pos="X">,</wf>
         <wf lemma="der" pos="X">der</wf>
         <wf lemma="fangede" pos="X">fangede</wf>
         <wf lemma="fisk" pos="X">fisk</wf>
         <wf lemma="." pos="X">.</wf>
      </sentence>
      <sentence id="d000.s3050" source="wordnet-danish">
         <wf lemma="Efter" pos="X">Efter</wf>
         <instance id="d000.s3050.t000" lemma="sammenbrud" pos="NOUN">sammenbruddet</instance>
         <wf lemma="ved" pos="X">ved</wf>
         <wf lemma="receptionen" pos="X">receptionen</wf>
         <wf lemma="bliver" pos="X">bliver</wf>
         <wf lemma="hun" pos="X">hun</wf>
         <wf lemma="indlagt" pos="X">indlagt</wf>
         <wf lemma="med" pos="X">med</wf>
         <wf lemma="en" pos="X">en</wf>
         <wf lemma="depression" pos="X">depression</wf>
         <wf lemma="." pos="X">.</wf>
      </sentence>
      <sentence id="d000.s3051" source="wordnet-danish">
         <instance id="d000.s3051.t000" lemma="spørgsmål" pos="NOUN">Spørgsmålet</instance>
         <wf lemma="om" pos="X">om</wf>
         <wf lemma="ulighed" pos="X">ulighed</wf>
         <wf lemma="og" pos="X">og</wf>
         <wf lemma="social" pos="X">social</wf>
         <wf lemma="uretfærdighed" pos="X">uretfærdighed</wf>
         <wf lemma="har" pos="X">har</wf>
         <wf lemma="været" pos="X">været</wf>
         <wf lemma="et" pos="X">et</wf>
         <wf lemma="hovedtema" pos="X">hovedtema</wf>
         <wf lemma="i" pos="X">i</wf>
         <wf lemma="kampen" pos="X">kampen</wf>
         <wf lemma="om" pos="X">om</wf>
         <wf lemma="skolen" pos="X">skolen</wf>
         <wf lemma="i" pos="X">i</wf>
         <wf lemma="dette" pos="X">dette</wf>
         <wf lemma="århundrede" pos="X">århundrede</wf>
         <wf lemma="." pos="X">.</wf>
      </sentence>
      <sentence id="d000.s3052" source="wordnet-danish">
         <instance id="d000.s3052.t000" lemma="liv" pos="NOUN">Livet</instance>
         <wf lemma="på" pos="X">på</wf>
         <wf lemma="øerne" pos="X">øerne</wf>
         <wf lemma="adskiller" pos="X">adskiller</wf>
         <wf lemma="sig" pos="X">sig</wf>
         <wf lemma="på" pos="X">på</wf>
         <wf lemma="flere" pos="X">flere</wf>
         <wf lemma="måder" pos="X">måder</wf>
         <wf lemma="fra" pos="X">fra</wf>
         <wf lemma="livet" pos="X">livet</wf>
         <wf lemma="på" pos="X">på</wf>
         <wf lemma="fastlandet" pos="X">fastlandet</wf>
         <wf lemma="." pos="X">.</wf>
      </sentence>
      <sentence id="d000.s3053" source="wordnet-danish">
         <wf lemma="Er" pos="X">Er</wf>
         <wf lemma="man" pos="X">man</wf>
         <wf lemma="først" pos="X">først</wf>
         <wf lemma="smittet" pos="X">smittet</wf>
         <wf lemma="med" pos="X">med</wf>
         <wf lemma="herpes" pos="X">herpes</wf>
         <wf lemma="," pos="X">,</wf>
         <wf lemma="findes" pos="X">findes</wf>
         <wf lemma="der" pos="X">der</wf>
         <instance id="d000.s3053.t000" lemma="virus" pos="NOUN">virus</instance>
         <wf lemma="i" pos="X">i</wf>
         <wf lemma="kroppen" pos="X">kroppen</wf>
         <wf lemma="," pos="X">,</wf>
         <wf lemma="og" pos="X">og</wf>
         <wf lemma="man" pos="X">man</wf>
         <wf lemma="risikerer" pos="X">risikerer</wf>
         <wf lemma="senere" pos="X">senere</wf>
         <wf lemma="at" pos="X">at</wf>
         <wf lemma="få" pos="X">få</wf>
         <wf lemma="udbrud" pos="X">udbrud</wf>
         <wf lemma="igen" pos="X">igen</wf>
         <wf lemma="." pos="X">.</wf>
      </sentence>
      <sentence id="d000.s3054" source="wordnet-danish">
         <wf lemma="Hui" pos="X">Hui</wf>
         <wf lemma="var" pos="X">var</wf>
         <wf lemma="så" pos="X">så</wf>
         <instance id="d000.s3054.t000" lemma="træt" pos="ADJ">træt</instance>
         <wf lemma="," pos="X">,</wf>
         <wf lemma="at" pos="X">at</wf>
         <wf lemma="han" pos="X">han</wf>
         <wf lemma="næsten" pos="X">næsten</wf>
         <wf lemma="ikke" pos="X">ikke</wf>
         <wf lemma="kunne" pos="X">kunne</wf>
         <wf lemma="holde" pos="X">holde</wf>
         <wf lemma="øjnene" pos="X">øjnene</wf>
         <wf lemma="åbne" pos="X">åbne</wf>
         <wf lemma="." pos="X">.</wf>
      </sentence>
      <sentence id="d000.s3055" source="wordnet-danish">
         <wf lemma="Foden" pos="X">Foden</wf>
         <wf lemma="ramte" pos="X">ramte</wf>
         <wf lemma="en" pos="X">en</wf>
         <instance id="d000.s3055.t000" lemma="skarp" pos="ADJ">skarp</instance>
         <wf lemma="sten" pos="X">sten</wf>
         <wf lemma="og" pos="X">og</wf>
         <wf lemma="blødte" pos="X">blødte</wf>
         <wf lemma="." pos="X">.</wf>
      </sentence>
      <sentence id="d000.s3056" source="wordnet-danish">
         <wf lemma="bygningerne" pos="X">bygningerne</wf>
         <wf lemma="fra" pos="X">fra</wf>
         <wf lemma="den" pos="X">den</wf>
         <instance id="d000.s3056.t000" lemma="ejendom" pos="NOUN">ejendom</instance>
         <wf lemma="dernede" pos="X">dernede</wf>
         <wf lemma="blev" pos="X">blev</wf>
         <wf lemma="solgt" pos="X">solgt</wf>
         <wf lemma="til" pos="X">til</wf>
         <wf lemma="sommerhus" pos="X">sommerhus</wf>
         <wf lemma="." pos="X">.</wf>
         <wf lemma="Og" pos="X">Og</wf>
         <wf lemma="så" pos="X">så</wf>
         <wf lemma="beholdt" pos="X">beholdt</wf>
         <wf lemma="vi" pos="X">vi</wf>
         <wf lemma="jorden" pos="X">jorden</wf>
         <wf lemma="." pos="X">.</wf>
      </sentence>
      <sentence id="d000.s3057" source="wordnet-danish">
         <wf lemma="jeg" pos="X">jeg</wf>
         <wf lemma="vil" pos="X">vil</wf>
         <wf lemma="ikke" pos="X">ikke</wf>
         <wf lemma="fortælle" pos="X">fortælle</wf>
         <wf lemma="det" pos="X">det</wf>
         <wf lemma="hele" pos="X">hele</wf>
         <wf lemma="." pos="X">.</wf>
         <instance id="d000.s3057.t000" lemma="beskuer" pos="NOUN">Beskueren</instance>
         <wf lemma="skal" pos="X">skal</wf>
         <wf lemma="have" pos="X">have</wf>
         <wf lemma="lov" pos="X">lov</wf>
         <wf lemma="til" pos="X">til</wf>
         <wf lemma="at" pos="X">at</wf>
         <wf lemma="bruge" pos="X">bruge</wf>
         <wf lemma="sin" pos="X">sin</wf>
         <wf lemma="fantasi" pos="X">fantasi</wf>
         <wf lemma="og" pos="X">og</wf>
         <wf lemma="sine" pos="X">sine</wf>
         <wf lemma="fortolkninger" pos="X">fortolkninger</wf>
         <wf lemma="." pos="X">.</wf>
      </sentence>
      <sentence id="d000.s3058" source="wordnet-danish">
         <wf lemma="Man" pos="X">Man</wf>
         <wf lemma="skal" pos="X">skal</wf>
         <instance id="d000.s3058.t000" lemma="plukke" pos="VERB">plukke</instance>
         <wf lemma="de" pos="X">de</wf>
         <wf lemma="hvide" pos="X">hvide</wf>
         <wf lemma="randblomster" pos="X">randblomster</wf>
         <wf lemma="af" pos="X">af</wf>
         <wf lemma="én" pos="X">én</wf>
         <wf lemma="for" pos="X">for</wf>
         <wf lemma="én" pos="X">én</wf>
         <wf lemma="," pos="X">,</wf>
         <wf lemma="idet" pos="X">idet</wf>
         <wf lemma="man" pos="X">man</wf>
         <wf lemma="samtidig" pos="X">samtidig</wf>
         <wf lemma="spørger" pos="X">spørger</wf>
         <wf lemma=":" pos="X">:</wf>
         <wf lemma="'elsker" pos="X">'elsker</wf>
         <wf lemma="?" pos="X">?</wf>
         <wf lemma="," pos="X">,</wf>
         <wf lemma="elsker" pos="X">elsker</wf>
         <wf lemma="ikke" pos="X">ikke</wf>
         <wf lemma="?'." pos="X">?'.</wf>
      </sentence>
      <sentence id="d000.s3059" source="wordnet-danish">
         <wf lemma="Folkeskolens" pos="X">Folkeskolens</wf>
         <wf lemma="børn" pos="X">børn</wf>
         <wf lemma="er" pos="X">er</wf>
         <instance id="d000.s3059.t000" lemma="mangfoldig" pos="ADJ">mangfoldige</instance>
         <wf lemma="og" pos="X">og</wf>
         <wf lemma="forskellige" pos="X">forskellige</wf>
         <wf lemma="." pos="X">.</wf>
         <wf lemma="Brokkere" pos="X">Brokkere</wf>
         <wf lemma="og" pos="X">og</wf>
         <wf lemma="bogorme" pos="X">bogorme</wf>
         <wf lemma="." pos="X">.</wf>
         <wf lemma="Sirlige" pos="X">Sirlige</wf>
         <wf lemma="og" pos="X">og</wf>
         <wf lemma="luddovne" pos="X">luddovne</wf>
         <wf lemma="." pos="X">.</wf>
      </sentence>
      <sentence id="d000.s3060" source="wordnet-danish">
         <wf lemma="Karrieren" pos="X">Karrieren</wf>
         <wf lemma="er" pos="X">er</wf>
         <wf lemma="nummer" pos="X">nummer</wf>
         <wf lemma="ét" pos="X">ét</wf>
         <wf lemma="i" pos="X">i</wf>
         <wf lemma="deres" pos="X">deres</wf>
         <wf lemma="liv" pos="X">liv</wf>
         <wf lemma="." pos="X">.</wf>
         <wf lemma="De" pos="X">De</wf>
         <wf lemma="arbejder" pos="X">arbejder</wf>
         <wf lemma="gerne" pos="X">gerne</wf>
         <wf lemma="70" pos="X">70</wf>
         <instance id="d000.s3060.t000" lemma="time" pos="NOUN">timer</instance>
         <wf lemma="om" pos="X">om</wf>
         <wf lemma="ugen" pos="X">ugen</wf>
         <wf lemma="." pos="X">.</wf>
      </sentence>
      <sentence id="d000.s3061" source="wordnet-danish">
         <instance id="d000.s3061.t000" lemma="arkæologisk" pos="ADJ">Arkæologiske</instance>
         <wf lemma="udgravninger" pos="X">udgravninger</wf>
         <wf lemma="har" pos="X">har</wf>
         <wf lemma="vist" pos="X">vist</wf>
         <wf lemma="," pos="X">,</wf>
         <wf lemma="at" pos="X">at</wf>
         <wf lemma="Ringkøbing" pos="X">Ringkøbing</wf>
         <wf lemma="blev" pos="X">blev</wf>
         <wf lemma="grundlagt" pos="X">grundlagt</wf>
         <wf lemma="som" pos="X">som</wf>
         <wf lemma="søhandelsby" pos="X">søhandelsby</wf>
         <wf lemma="omkring" pos="X">omkring</wf>
         <wf lemma="år" pos="X">år</wf>
         <wf lemma="1250" pos="X">1250</wf>
         <wf lemma="." pos="X">.</wf>
      </sentence>
      <sentence id="d000.s3062" source="wordnet-danish">
         <wf lemma="Der" pos="X">Der</wf>
         <wf lemma="var" pos="X">var</wf>
         <wf lemma="ganske" pos="X">ganske</wf>
         <wf lemma="vist" pos="X">vist</wf>
         <wf lemma="præster" pos="X">præster</wf>
         <wf lemma="," pos="X">,</wf>
         <wf lemma="der" pos="X">der</wf>
         <wf lemma="vendte" pos="X">vendte</wf>
         <wf lemma="sig" pos="X">sig</wf>
         <wf lemma="mod" pos="X">mod</wf>
         <wf lemma="nazismens" pos="X">nazismens</wf>
         <instance id="d000.s3062.t000" lemma="grusomhed" pos="NOUN">grusomhed</instance>
         <wf lemma="." pos="X">.</wf>
         <wf lemma="De" pos="X">De</wf>
         <wf lemma="dannede" pos="X">dannede</wf>
         <wf lemma="en" pos="X">en</wf>
         <wf lemma="særlig" pos="X">særlig</wf>
         <wf lemma="tysk" pos="X">tysk</wf>
         <wf lemma="kirke" pos="X">kirke</wf>
         <wf lemma=":" pos="X">:</wf>
         <wf lemma="Bekendelseskirken" pos="X">Bekendelseskirken</wf>
         <wf lemma="." pos="X">.</wf>
      </sentence>
      <sentence id="d000.s3063" source="wordnet-danish">
         <instance id="d000.s3063.t000" lemma="inflation" pos="NOUN">Inflationen</instance>
         <wf lemma="udhulede" pos="X">udhulede</wf>
         <wf lemma="gældens" pos="X">gældens</wf>
         <wf lemma="værdi" pos="X">værdi</wf>
         <wf lemma="og" pos="X">og</wf>
         <wf lemma="gjorde" pos="X">gjorde</wf>
         <wf lemma="det" pos="X">det</wf>
         <wf lemma="lettere" pos="X">lettere</wf>
         <wf lemma="at" pos="X">at</wf>
         <wf lemma="klare" pos="X">klare</wf>
         <wf lemma="renter" pos="X">renter</wf>
         <wf lemma="og" pos="X">og</wf>
         <wf lemma="afdrag" pos="X">afdrag</wf>
         <wf lemma="." pos="X">.</wf>
      </sentence>
      <sentence id="d000.s3064" source="wordnet-danish">
         <wf lemma="Vi" pos="X">Vi</wf>
         <wf lemma="lever" pos="X">lever</wf>
         <wf lemma="i" pos="X">i</wf>
         <wf lemma="en" pos="X">en</wf>
         <instance id="d000.s3064.t000" lemma="alder" pos="NOUN">alder</instance>
         <wf lemma="," pos="X">,</wf>
         <wf lemma="der" pos="X">der</wf>
         <wf lemma="er" pos="X">er</wf>
         <wf lemma="præget" pos="X">præget</wf>
         <wf lemma="af" pos="X">af</wf>
         <wf lemma="en" pos="X">en</wf>
         <wf lemma="overflod" pos="X">overflod</wf>
         <wf lemma="af" pos="X">af</wf>
         <wf lemma="information" pos="X">information</wf>
         <wf lemma="." pos="X">.</wf>
      </sentence>
      <sentence id="d000.s3065" source="wordnet-danish">
         <wf lemma="Det" pos="X">Det</wf>
         <wf lemma="ville" pos="X">ville</wf>
         <wf lemma="da" pos="X">da</wf>
         <wf lemma="være" pos="X">være</wf>
         <wf lemma="fint" pos="X">fint</wf>
         <wf lemma="at" pos="X">at</wf>
         <wf lemma="være" pos="X">være</wf>
         <wf lemma="et" pos="X">et</wf>
         <instance id="d000.s3065.t000" lemma="skridt" pos="NOUN">skridt</instance>
         <wf lemma="foran" pos="X">foran</wf>
         <wf lemma="udviklingen" pos="X">udviklingen</wf>
         <wf lemma="på" pos="X">på</wf>
         <wf lemma="det" pos="X">det</wf>
         <wf lemma="bioteknologiske" pos="X">bioteknologiske</wf>
         <wf lemma="område" pos="X">område</wf>
         <wf lemma="-" pos="X">-</wf>
         <wf lemma="-" pos="X">-</wf>
         <wf lemma="for" pos="X">for</wf>
         <wf lemma="én" pos="X">én</wf>
         <wf lemma="gangs" pos="X">gangs</wf>
         <wf lemma="skyld" pos="X">skyld</wf>
         <wf lemma="?" pos="X">?</wf>
      </sentence>
      <sentence id="d000.s3066" source="wordnet-danish">
         <wf lemma="Ozon" pos="X">Ozon</wf>
         <wf lemma="dannes" pos="X">dannes</wf>
         <wf lemma="," pos="X">,</wf>
         <wf lemma="når" pos="X">når</wf>
         <wf lemma="normal" pos="X">normal</wf>
         <instance id="d000.s3066.t000" lemma="ilt" pos="NOUN">ilt</instance>
         <wf lemma=".." pos="X">..</wf>
         <wf lemma="tilføres" pos="X">tilføres</wf>
         <wf lemma="et" pos="X">et</wf>
         <wf lemma="ekstra" pos="X">ekstra</wf>
         <wf lemma="iltatom" pos="X">iltatom</wf>
         <wf lemma="," pos="X">,</wf>
         <wf lemma="f.eks." pos="X">f.eks.</wf>
         <wf lemma="ved" pos="X">ved</wf>
         <wf lemma="ultraviolet" pos="X">ultraviolet</wf>
         <wf lemma="bestråling" pos="X">bestråling</wf>
         <wf lemma="eller" pos="X">eller</wf>
         <wf lemma="elektriske" pos="X">elektriske</wf>
         <wf lemma="påvirkninger" pos="X">påvirkninger</wf>
         <wf lemma="." pos="X">.</wf>
      </sentence>
      <sentence id="d000.s3067" source="wordnet-danish">
         <wf lemma="Hun" pos="X">Hun</wf>
         <wf lemma="er" pos="X">er</wf>
         <wf lemma="hele" pos="X">hele</wf>
         <wf lemma="tiden" pos="X">tiden</wf>
         <wf lemma="lidt" pos="X">lidt</wf>
         <wf lemma="bag" pos="X">bag</wf>
         <wf lemma="efter" pos="X">efter</wf>
         <wf lemma="musikken" pos="X">musikken</wf>
         <wf lemma="." pos="X">.</wf>
         <wf lemma="Hun" pos="X">Hun</wf>
         <wf lemma="kan" pos="X">kan</wf>
         <wf lemma="ikke" pos="X">ikke</wf>
         <wf lemma="rigtig" pos="X">rigtig</wf>
         <wf lemma="finde" pos="X">finde</wf>
         <instance id="d000.s3067.t000" lemma="rytme" pos="NOUN">rytmen</instance>
         <wf lemma="." pos="X">.</wf>
      </sentence>
      <sentence id="d000.s3068" source="wordnet-danish">
         <wf lemma="Det" pos="X">Det</wf>
         <wf lemma="koster" pos="X">koster</wf>
         <wf lemma="ofte" pos="X">ofte</wf>
         <wf lemma="15.000" pos="X">15.000</wf>
         <wf lemma="til" pos="X">til</wf>
         <wf lemma="18.000" pos="X">18.000</wf>
         <wf lemma="kroner" pos="X">kroner</wf>
         <wf lemma="om" pos="X">om</wf>
         <wf lemma="året" pos="X">året</wf>
         <wf lemma="for" pos="X">for</wf>
         <wf lemma="en" pos="X">en</wf>
         <wf lemma="kunde" pos="X">kunde</wf>
         <wf lemma="at" pos="X">at</wf>
         <instance id="d000.s3068.t000" lemma="forsikre" pos="VERB">forsikre</instance>
         <wf lemma="en" pos="X">en</wf>
         <wf lemma="bil" pos="X">bil</wf>
         <wf lemma="første" pos="X">første</wf>
         <wf lemma="gang" pos="X">gang</wf>
         <wf lemma="." pos="X">.</wf>
      </sentence>
      <sentence id="d000.s3069" source="wordnet-danish">
         <wf lemma="Regeringens" pos="X">Regeringens</wf>
         <wf lemma="økonomiske" pos="X">økonomiske</wf>
         <wf lemma="politik" pos="X">politik</wf>
         <wf lemma="er" pos="X">er</wf>
         <wf lemma="løbende" pos="X">løbende</wf>
         <wf lemma="blevet" pos="X">blevet</wf>
         <instance id="d000.s3069.t000" lemma="justere" pos="VERB">justeret</instance>
         <wf lemma="i" pos="X">i</wf>
         <wf lemma="takt" pos="X">takt</wf>
         <wf lemma="med" pos="X">med</wf>
         <wf lemma="den" pos="X">den</wf>
         <wf lemma="nationale" pos="X">nationale</wf>
         <wf lemma="og" pos="X">og</wf>
         <wf lemma="internationale" pos="X">internationale</wf>
         <wf lemma="udvikling" pos="X">udvikling</wf>
         <wf lemma="." pos="X">.</wf>
      </sentence>
      <sentence id="d000.s3070" source="wordnet-danish">
         <wf lemma="slå" pos="X">slå</wf>
         <wf lemma="garnet" pos="X">garnet</wf>
         <wf lemma="om" pos="X">om</wf>
         <wf lemma="en" pos="X">en</wf>
         <wf lemma="pind" pos="X">pind</wf>
         <wf lemma="nr" pos="X">nr</wf>
         <wf lemma="5" pos="X">5</wf>
         <wf lemma="så" pos="X">så</wf>
         <wf lemma="der" pos="X">der</wf>
         <wf lemma="bliver" pos="X">bliver</wf>
         <wf lemma="en" pos="X">en</wf>
         <instance id="d000.s3070.t000" lemma="løkke" pos="NOUN">løkke</instance>
         <wf lemma="." pos="X">.</wf>
      </sentence>
      <sentence id="d000.s3071" source="wordnet-danish">
         <wf lemma="Elektriciteten" pos="X">Elektriciteten</wf>
         <wf lemma="kommer" pos="X">kommer</wf>
         <wf lemma="fra" pos="X">fra</wf>
         <wf lemma="store" pos="X">store</wf>
         <wf lemma="el-værker" pos="X">el-værker</wf>
         <wf lemma="," pos="X">,</wf>
         <wf lemma="der" pos="X">der</wf>
         <wf lemma="afbrænder" pos="X">afbrænder</wf>
         <instance id="d000.s3071.t000" lemma="kul" pos="NOUN">kul</instance>
         <wf lemma="," pos="X">,</wf>
         <wf lemma="olie" pos="X">olie</wf>
         <wf lemma="eller" pos="X">eller</wf>
         <wf lemma="gas" pos="X">gas</wf>
         <wf lemma="." pos="X">.</wf>
      </sentence>
      <sentence id="d000.s3072" source="wordnet-danish">
         <wf lemma="Jeg" pos="X">Jeg</wf>
         <wf lemma="inviterede" pos="X">inviterede</wf>
         <wf lemma="både" pos="X">både</wf>
         <wf lemma="tilhængere" pos="X">tilhængere</wf>
         <wf lemma="og" pos="X">og</wf>
         <instance id="d000.s3072.t000" lemma="modstander" pos="NOUN">modstandere</instance>
         <wf lemma="[" pos="X">[</wf>
         <wf lemma=":" pos="X">:</wf>
         <wf lemma="af" pos="X">af</wf>
         <wf lemma="EF]" pos="X">EF]</wf>
         <wf lemma="," pos="X">,</wf>
         <wf lemma="og" pos="X">og</wf>
         <wf lemma="vi" pos="X">vi</wf>
         <wf lemma="skændtes" pos="X">skændtes</wf>
         <wf lemma="og" pos="X">og</wf>
         <wf lemma="vi" pos="X">vi</wf>
         <wf lemma="sloges" pos="X">sloges</wf>
         <wf lemma="." pos="X">.</wf>
      </sentence>
      <sentence id="d000.s3073" source="wordnet-danish">
         <wf lemma="Det" pos="X">Det</wf>
         <wf lemma="rensede" pos="X">rensede</wf>
         <wf lemma="sår" pos="X">sår</wf>
         <wf lemma="dækkes" pos="X">dækkes</wf>
         <wf lemma="af" pos="X">af</wf>
         <wf lemma="almindeligt" pos="X">almindeligt</wf>
         <wf lemma="plaster" pos="X">plaster</wf>
         <wf lemma="eller" pos="X">eller</wf>
         <wf lemma="en" pos="X">en</wf>
         <instance id="d000.s3073.t000" lemma="absorbere" pos="VERB">absorberende</instance>
         <wf lemma="forbinding" pos="X">forbinding</wf>
         <wf lemma="." pos="X">.</wf>
      </sentence>
      <sentence id="d000.s3074" source="wordnet-danish">
         <wf lemma="Teorien" pos="X">Teorien</wf>
         <wf lemma="går" pos="X">går</wf>
         <wf lemma="ud" pos="X">ud</wf>
         <wf lemma="på" pos="X">på</wf>
         <wf lemma="," pos="X">,</wf>
         <wf lemma="at" pos="X">at</wf>
         <wf lemma="store" pos="X">store</wf>
         <wf lemma="dele" pos="X">dele</wf>
         <wf lemma="af" pos="X">af</wf>
         <wf lemma="universet" pos="X">universet</wf>
         <wf lemma="er" pos="X">er</wf>
         <wf lemma="usynligt" pos="X">usynligt</wf>
         <wf lemma="og" pos="X">og</wf>
         <wf lemma="består" pos="X">består</wf>
         <wf lemma="af" pos="X">af</wf>
         <wf lemma="stof" pos="X">stof</wf>
         <wf lemma="," pos="X">,</wf>
         <wf lemma="hvis" pos="X">hvis</wf>
         <instance id="d000.s3074.t000" lemma="natur" pos="NOUN">natur</instance>
         <wf lemma="vi" pos="X">vi</wf>
         <wf lemma="endnu" pos="X">endnu</wf>
         <wf lemma="ikke" pos="X">ikke</wf>
         <wf lemma="kender" pos="X">kender</wf>
         <wf lemma="." pos="X">.</wf>
      </sentence>
      <sentence id="d000.s3075" source="wordnet-danish">
         <wf lemma="Danmark" pos="X">Danmark</wf>
         <wf lemma="[har]" pos="X">[har]</wf>
         <instance id="d000.s3075.t000" lemma="overskud" pos="NOUN">overskud</instance>
         <wf lemma="af" pos="X">af</wf>
         <wf lemma="naturgas" pos="X">naturgas</wf>
         <wf lemma="og" pos="X">og</wf>
         <wf lemma="eksporterer" pos="X">eksporterer</wf>
         <wf lemma="til" pos="X">til</wf>
         <wf lemma="Tyskland" pos="X">Tyskland</wf>
         <wf lemma="og" pos="X">og</wf>
         <wf lemma="Sverige" pos="X">Sverige</wf>
         <wf lemma="." pos="X">.</wf>
      </sentence>
      <sentence id="d000.s3076" source="wordnet-danish">
         <wf lemma="Havbunden" pos="X">Havbunden</wf>
         <wf lemma="omkring" pos="X">omkring</wf>
         <wf lemma="Island" pos="X">Island</wf>
         <wf lemma="består" pos="X">består</wf>
         <wf lemma="af" pos="X">af</wf>
         <wf lemma="en" pos="X">en</wf>
         <wf lemma="fastlandssokkel" pos="X">fastlandssokkel</wf>
         <wf lemma="," pos="X">,</wf>
         <wf lemma="der" pos="X">der</wf>
         <instance id="d000.s3076.t000" lemma="skråne" pos="VERB">skråner</instance>
         <wf lemma="jævnt" pos="X">jævnt</wf>
         <wf lemma="ned" pos="X">ned</wf>
         <wf lemma="til" pos="X">til</wf>
         <wf lemma="400" pos="X">400</wf>
         <wf lemma="meters" pos="X">meters</wf>
         <wf lemma="dybde" pos="X">dybde</wf>
         <wf lemma="." pos="X">.</wf>
      </sentence>
      <sentence id="d000.s3077" source="wordnet-danish">
         <wf lemma="Første" pos="X">Første</wf>
         <wf lemma="halvdel" pos="X">halvdel</wf>
         <wf lemma="af" pos="X">af</wf>
         <wf lemma="det" pos="X">det</wf>
         <wf lemma="tyvende" pos="X">tyvende</wf>
         <instance id="d000.s3077.t000" lemma="århundrede" pos="NOUN">århundrede</instance>
         <wf lemma="prægedes" pos="X">prægedes</wf>
         <wf lemma="af" pos="X">af</wf>
         <wf lemma="to" pos="X">to</wf>
         <wf lemma="verdenskrige" pos="X">verdenskrige</wf>
         <wf lemma="," pos="X">,</wf>
         <wf lemma="anden" pos="X">anden</wf>
         <wf lemma="halvdel" pos="X">halvdel</wf>
         <wf lemma="af" pos="X">af</wf>
         <wf lemma="forventningen" pos="X">forventningen</wf>
         <wf lemma="om" pos="X">om</wf>
         <wf lemma="en" pos="X">en</wf>
         <wf lemma="tredje" pos="X">tredje</wf>
         <wf lemma="." pos="X">.</wf>
      </sentence>
      <sentence id="d000.s3078" source="wordnet-danish">
         <wf lemma="Der" pos="X">Der</wf>
         <wf lemma="skal" pos="X">skal</wf>
         <wf lemma="være" pos="X">være</wf>
         <instance id="d000.s3078.t000" lemma="udfordring" pos="NOUN">udfordringer</instance>
         <wf lemma="i" pos="X">i</wf>
         <wf lemma="arbejdet" pos="X">arbejdet</wf>
         <wf lemma="for" pos="X">for</wf>
         <wf lemma="at" pos="X">at</wf>
         <wf lemma="skabe" pos="X">skabe</wf>
         <wf lemma="motivation" pos="X">motivation</wf>
         <wf lemma="og" pos="X">og</wf>
         <wf lemma="fremdrift" pos="X">fremdrift</wf>
         <wf lemma="i" pos="X">i</wf>
         <wf lemma="en" pos="X">en</wf>
         <wf lemma="virksomhed" pos="X">virksomhed</wf>
         <wf lemma="." pos="X">.</wf>
      </sentence>
      <sentence id="d000.s3079" source="wordnet-danish">
         <instance id="d000.s3079.t000" lemma="organisk" pos="ADJ">organiske</instance>
         <wf lemma="affaldsstoffer" pos="X">affaldsstoffer</wf>
         <wf lemma="i" pos="X">i</wf>
         <wf lemma="spildevandet" pos="X">spildevandet</wf>
         <wf lemma="[er]" pos="X">[er]</wf>
         <wf lemma="et" pos="X">et</wf>
         <wf lemma="af" pos="X">af</wf>
         <wf lemma="de" pos="X">de</wf>
         <wf lemma="største" pos="X">største</wf>
         <wf lemma="forureningsproblemer" pos="X">forureningsproblemer</wf>
         <wf lemma="i" pos="X">i</wf>
         <wf lemma="vor" pos="X">vor</wf>
         <wf lemma="tid" pos="X">tid</wf>
         <wf lemma="." pos="X">.</wf>
      </sentence>
      <sentence id="d000.s3080" source="wordnet-danish">
         <wf lemma="Kolesterol" pos="X">Kolesterol</wf>
         <wf lemma="er" pos="X">er</wf>
         <wf lemma="ét" pos="X">ét</wf>
         <wf lemma="af" pos="X">af</wf>
         <wf lemma="de" pos="X">de</wf>
         <instance id="d000.s3080.t000" lemma="fedtstof" pos="NOUN">fedtstoffer</instance>
         <wf lemma="," pos="X">,</wf>
         <wf lemma="vi" pos="X">vi</wf>
         <wf lemma="har" pos="X">har</wf>
         <wf lemma="i" pos="X">i</wf>
         <wf lemma="blodet" pos="X">blodet</wf>
         <wf lemma="." pos="X">.</wf>
      </sentence>
      <sentence id="d000.s3081" source="wordnet-danish">
         <wf lemma="Er" pos="X">Er</wf>
         <wf lemma="Brøndby" pos="X">Brøndby</wf>
         <wf lemma="blevet" pos="X">blevet</wf>
         <wf lemma="en" pos="X">en</wf>
         <wf lemma="økonomisk" pos="X">økonomisk</wf>
         <wf lemma="succes" pos="X">succes</wf>
         <wf lemma="og" pos="X">og</wf>
         <wf lemma="en" pos="X">en</wf>
         <wf lemma="sportslig" pos="X">sportslig</wf>
         <instance id="d000.s3081.t000" lemma="fiasko" pos="NOUN">fiasko</instance>
         <wf lemma="?" pos="X">?</wf>
         <wf lemma="Hør" pos="X">Hør</wf>
         <wf lemma="hvad" pos="X">hvad</wf>
         <wf lemma="formand" pos="X">formand</wf>
         <wf lemma="Per" pos="X">Per</wf>
         <wf lemma="Bjerregaard" pos="X">Bjerregaard</wf>
         <wf lemma="siger" pos="X">siger</wf>
         <wf lemma="." pos="X">.</wf>
      </sentence>
      <sentence id="d000.s3082" source="wordnet-danish">
         <wf lemma="Husk" pos="X">Husk</wf>
         <wf lemma="at" pos="X">at</wf>
         <wf lemma="rensevæsker" pos="X">rensevæsker</wf>
         <wf lemma="," pos="X">,</wf>
         <wf lemma="syrer" pos="X">syrer</wf>
         <wf lemma="og" pos="X">og</wf>
         <wf lemma="andre" pos="X">andre</wf>
         <wf lemma="stærke" pos="X">stærke</wf>
         <wf lemma="produkter" pos="X">produkter</wf>
         <wf lemma="ikke" pos="X">ikke</wf>
         <wf lemma="må" pos="X">må</wf>
         <wf lemma="hældes" pos="X">hældes</wf>
         <wf lemma="i" pos="X">i</wf>
         <instance id="d000.s3082.t000" lemma="afløb" pos="NOUN">afløbet</instance>
         <wf lemma="." pos="X">.</wf>
      </sentence>
      <sentence id="d000.s3083" source="wordnet-danish">
         <wf lemma="Han" pos="X">Han</wf>
         <wf lemma="havde" pos="X">havde</wf>
         <instance id="d000.s3083.t000" lemma="male" pos="VERB">malet</instance>
         <wf lemma="sengen" pos="X">sengen</wf>
         <wf lemma="lyseblå" pos="X">lyseblå</wf>
         <wf lemma="," pos="X">,</wf>
         <wf lemma="for" pos="X">for</wf>
         <wf lemma="det" pos="X">det</wf>
         <wf lemma="skulle" pos="X">skulle</wf>
         <wf lemma="jo" pos="X">jo</wf>
         <wf lemma="være" pos="X">være</wf>
         <wf lemma="en" pos="X">en</wf>
         <wf lemma="knægt" pos="X">knægt</wf>
         <wf lemma="." pos="X">.</wf>
      </sentence>
      <sentence id="d000.s3084" source="wordnet-danish">
         <wf lemma="Når" pos="X">Når</wf>
         <wf lemma="mennesket" pos="X">mennesket</wf>
         <wf lemma="bliver" pos="X">bliver</wf>
         <instance id="d000.s3084.t000" lemma="gammel" pos="ADJ">gammelt</instance>
         <wf lemma="rynkes" pos="X">rynkes</wf>
         <wf lemma="dets" pos="X">dets</wf>
         <wf lemma="hud" pos="X">hud</wf>
         <wf lemma="og" pos="X">og</wf>
         <wf lemma="tanken" pos="X">tanken</wf>
         <wf lemma="har" pos="X">har</wf>
         <wf lemma="ikke" pos="X">ikke</wf>
         <wf lemma="den" pos="X">den</wf>
         <wf lemma="samme" pos="X">samme</wf>
         <wf lemma="kraft" pos="X">kraft</wf>
         <wf lemma="som" pos="X">som</wf>
         <wf lemma="da" pos="X">da</wf>
         <wf lemma="det" pos="X">det</wf>
         <wf lemma="var" pos="X">var</wf>
         <wf lemma="ungt" pos="X">ungt</wf>
         <wf lemma="." pos="X">.</wf>
      </sentence>
      <sentence id="d000.s3085" source="wordnet-danish">
         <wf lemma="i" pos="X">i</wf>
         <wf lemma="folketingssalen" pos="X">folketingssalen</wf>
         <wf lemma="sagde" pos="X">sagde</wf>
         <wf lemma="[han]" pos="X">[han]</wf>
         <wf lemma="ja" pos="X">ja</wf>
         <wf lemma="til" pos="X">til</wf>
         <wf lemma="den" pos="X">den</wf>
         <wf lemma="såkaldte" pos="X">såkaldte</wf>
         <wf lemma="EF-pakke" pos="X">EF-pakke</wf>
         <wf lemma="." pos="X">.</wf>
         <wf lemma="Det" pos="X">Det</wf>
         <wf lemma="kostede" pos="X">kostede</wf>
         <wf lemma="ham" pos="X">ham</wf>
         <wf lemma="et" pos="X">et</wf>
         <wf lemma="drøjt" pos="X">drøjt</wf>
         <wf lemma="opgør" pos="X">opgør</wf>
         <wf lemma="i" pos="X">i</wf>
         <instance id="d000.s3085.t000" lemma="opstillingskreds" pos="NOUN">opstillingskredsen</instance>
         <wf lemma="." pos="X">.</wf>
      </sentence>
      <sentence id="d000.s3086" source="wordnet-danish">
         <wf lemma="Robert" pos="X">Robert</wf>
         <wf lemma="Storm" pos="X">Storm</wf>
         <wf lemma="Petersen" pos="X">Petersen</wf>
         <wf lemma="tegnede" pos="X">tegnede</wf>
         <wf lemma="i" pos="X">i</wf>
         <wf lemma="mange" pos="X">mange</wf>
         <wf lemma="år" pos="X">år</wf>
         <instance id="d000.s3086.t000" lemma="serie" pos="NOUN">serien</instance>
         <wf lemma="'" pos="X">'</wf>
         <wf lemma="Peter" pos="X">Peter</wf>
         <wf lemma="og" pos="X">og</wf>
         <wf lemma="Ping'" pos="X">Ping'</wf>
         <wf lemma="og" pos="X">og</wf>
         <wf lemma="'" pos="X">'</wf>
         <wf lemma="Dagens" pos="X">Dagens</wf>
         <wf lemma="Flue'" pos="X">Flue'</wf>
         <wf lemma="til" pos="X">til</wf>
         <wf lemma="B.T." pos="X">B.T.</wf>
      </sentence>
      <sentence id="d000.s3087" source="wordnet-danish">
         <wf lemma="vi" pos="X">vi</wf>
         <wf lemma="sejler" pos="X">sejler</wf>
         <wf lemma="forbi" pos="X">forbi</wf>
         <wf lemma="et" pos="X">et</wf>
         <wf lemma="ammunitions-dumpnings-område" pos="X">ammunitions-dumpnings-område</wf>
         <wf lemma="," pos="X">,</wf>
         <wf lemma="hvor" pos="X">hvor</wf>
         <wf lemma="al" pos="X">al</wf>
         <instance id="d000.s3087.t000" lemma="civil" pos="ADJ">civil</instance>
         <wf lemma="sejlads" pos="X">sejlads</wf>
         <wf lemma="er" pos="X">er</wf>
         <wf lemma="forbudt" pos="X">forbudt</wf>
         <wf lemma="." pos="X">.</wf>
      </sentence>
      <sentence id="d000.s3088" source="wordnet-danish">
         <wf lemma="'Jeg" pos="X">'Jeg</wf>
         <wf lemma="er" pos="X">er</wf>
         <wf lemma="skidesulten" pos="X">skidesulten</wf>
         <wf lemma="," pos="X">,</wf>
         <wf lemma="'" pos="X">'</wf>
         <wf lemma="sagde" pos="X">sagde</wf>
         <wf lemma="Marco" pos="X">Marco</wf>
         <wf lemma="," pos="X">,</wf>
         <wf lemma="da" pos="X">da</wf>
         <wf lemma="de" pos="X">de</wf>
         <wf lemma="havde" pos="X">havde</wf>
         <wf lemma="kørt" pos="X">kørt</wf>
         <wf lemma="en" pos="X">en</wf>
         <wf lemma="times" pos="X">times</wf>
         <wf lemma="tid" pos="X">tid</wf>
         <wf lemma="." pos="X">.</wf>
         <wf lemma="'" pos="X">'</wf>
         <wf lemma="Kan" pos="X">Kan</wf>
         <wf lemma="vi" pos="X">vi</wf>
         <wf lemma="ikke" pos="X">ikke</wf>
         <wf lemma="holde" pos="X">holde</wf>
         <wf lemma="ind" pos="X">ind</wf>
         <wf lemma="her" pos="X">her</wf>
         <wf lemma="og" pos="X">og</wf>
         <wf lemma="få" pos="X">få</wf>
         <wf lemma="lidt" pos="X">lidt</wf>
         <instance id="d000.s3088.t000" lemma="ædelse" pos="NOUN">ædelse</instance>
         <wf lemma="?" pos="X">?</wf>
         <wf lemma="'." pos="X">'.</wf>
      </sentence>
      <sentence id="d000.s3089" source="wordnet-danish">
         <wf lemma="Uroen" pos="X">Uroen</wf>
         <wf lemma="bredte" pos="X">bredte</wf>
         <wf lemma="sig" pos="X">sig</wf>
         <wf lemma="i" pos="X">i</wf>
         <wf lemma="hæren" pos="X">hæren</wf>
         <wf lemma="," pos="X">,</wf>
         <wf lemma="kun" pos="X">kun</wf>
         <instance id="d000.s3089.t000" lemma="general" pos="NOUN">generalens</instance>
         <wf lemma="barske" pos="X">barske</wf>
         <wf lemma="disciplin" pos="X">disciplin</wf>
         <wf lemma="holdt" pos="X">holdt</wf>
         <wf lemma="den" pos="X">den</wf>
         <wf lemma="sammen" pos="X">sammen</wf>
         <wf lemma="." pos="X">.</wf>
      </sentence>
      <sentence id="d000.s3090" source="wordnet-danish">
         <wf lemma="Jeg" pos="X">Jeg</wf>
         <wf lemma="forsøgte" pos="X">forsøgte</wf>
         <wf lemma="at" pos="X">at</wf>
         <wf lemma="komme" pos="X">komme</wf>
         <wf lemma="på" pos="X">på</wf>
         <wf lemma="benene" pos="X">benene</wf>
         <wf lemma="," pos="X">,</wf>
         <wf lemma="men" pos="X">men</wf>
         <wf lemma="de" pos="X">de</wf>
         <wf lemma="ville" pos="X">ville</wf>
         <wf lemma="ikke" pos="X">ikke</wf>
         <instance id="d000.s3090.t000" lemma="bære" pos="VERB">bære</instance>
         <wf lemma="mig" pos="X">mig</wf>
         <wf lemma="." pos="X">.</wf>
      </sentence>
      <sentence id="d000.s3091" source="wordnet-danish">
         <wf lemma="Hun" pos="X">Hun</wf>
         <wf lemma="så" pos="X">så</wf>
         <wf lemma="ned" pos="X">ned</wf>
         <wf lemma="på" pos="X">på</wf>
         <wf lemma="de" pos="X">de</wf>
         <wf lemma="små" pos="X">små</wf>
         <wf lemma="franske" pos="X">franske</wf>
         <wf lemma="oste" pos="X">oste</wf>
         <wf lemma="," pos="X">,</wf>
         <wf lemma="de" pos="X">de</wf>
         <wf lemma="sædvanlige" pos="X">sædvanlige</wf>
         <instance id="d000.s3091.t000" lemma="variant" pos="NOUN">varianter</instance>
         <wf lemma="af" pos="X">af</wf>
         <wf lemma="gedeost" pos="X">gedeost</wf>
         <wf lemma="," pos="X">,</wf>
         <wf lemma="med" pos="X">med</wf>
         <wf lemma="og" pos="X">og</wf>
         <wf lemma="uden" pos="X">uden</wf>
         <wf lemma="cognac" pos="X">cognac</wf>
         <wf lemma="," pos="X">,</wf>
         <wf lemma="med" pos="X">med</wf>
         <wf lemma="og" pos="X">og</wf>
         <wf lemma="uden" pos="X">uden</wf>
         <wf lemma="druekerne" pos="X">druekerne</wf>
         <wf lemma="," pos="X">,</wf>
         <wf lemma="med" pos="X">med</wf>
         <wf lemma="og" pos="X">og</wf>
         <wf lemma="uden" pos="X">uden</wf>
         <wf lemma="hvidløg" pos="X">hvidløg</wf>
         <wf lemma="." pos="X">.</wf>
      </sentence>
      <sentence id="d000.s3092" source="wordnet-danish">
         <wf lemma="Han" pos="X">Han</wf>
         <wf lemma="var" pos="X">var</wf>
         <instance id="d000.s3092.t000" lemma="kommunist" pos="NOUN">kommunist</instance>
         <wf lemma="med" pos="X">med</wf>
         <wf lemma="rød" pos="X">rød</wf>
         <wf lemma="partibog" pos="X">partibog</wf>
         <wf lemma="og" pos="X">og</wf>
         <wf lemma="en" pos="X">en</wf>
         <wf lemma="sej" pos="X">sej</wf>
         <wf lemma="overbevisning" pos="X">overbevisning</wf>
         <wf lemma="." pos="X">.</wf>
      </sentence>
      <sentence id="d000.s3093" source="wordnet-danish">
         <wf lemma="Den" pos="X">Den</wf>
         <wf lemma="gamle" pos="X">gamle</wf>
         <instance id="d000.s3093.t000" lemma="fidus" pos="NOUN">fidus</instance>
         <wf lemma="med" pos="X">med</wf>
         <wf lemma="at" pos="X">at</wf>
         <wf lemma="hænge" pos="X">hænge</wf>
         <wf lemma="tomme" pos="X">tomme</wf>
         <wf lemma="æggebakker" pos="X">æggebakker</wf>
         <wf lemma="op" pos="X">op</wf>
         <wf lemma="på" pos="X">på</wf>
         <wf lemma="væggene" pos="X">væggene</wf>
         <wf lemma="som" pos="X">som</wf>
         <wf lemma="akustik-regulator" pos="X">akustik-regulator</wf>
         <wf lemma="virker" pos="X">virker</wf>
         <wf lemma="stadigvæk" pos="X">stadigvæk</wf>
         <wf lemma="." pos="X">.</wf>
      </sentence>
      <sentence id="d000.s3094" source="wordnet-danish">
         <wf lemma="der" pos="X">der</wf>
         <wf lemma="kan" pos="X">kan</wf>
         <wf lemma="afsiges" pos="X">afsiges</wf>
         <wf lemma="en" pos="X">en</wf>
         <wf lemma="endelig" pos="X">endelig</wf>
         <wf lemma="dom" pos="X">dom</wf>
         <wf lemma="i" pos="X">i</wf>
         <instance id="d000.s3094.t000" lemma="sag" pos="NOUN">sagen</instance>
         <wf lemma="i" pos="X">i</wf>
         <wf lemma="anden" pos="X">anden</wf>
         <wf lemma="halvdel" pos="X">halvdel</wf>
         <wf lemma="af" pos="X">af</wf>
         <wf lemma="1992" pos="X">1992</wf>
         <wf lemma="." pos="X">.</wf>
      </sentence>
      <sentence id="d000.s3095" source="wordnet-danish">
         <wf lemma="Budgetdisciplinen" pos="X">Budgetdisciplinen</wf>
         <wf lemma="i" pos="X">i</wf>
         <wf lemma="EF" pos="X">EF</wf>
         <wf lemma="skal" pos="X">skal</wf>
         <wf lemma="strammes" pos="X">strammes</wf>
         <wf lemma="," pos="X">,</wf>
         <wf lemma="så" pos="X">så</wf>
         <wf lemma="man" pos="X">man</wf>
         <wf lemma="undgår" pos="X">undgår</wf>
         <instance id="d000.s3095.t000" lemma="spild" pos="NOUN">spild</instance>
         <wf lemma="og" pos="X">og</wf>
         <wf lemma="misbrug" pos="X">misbrug</wf>
         <wf lemma="af" pos="X">af</wf>
         <wf lemma="skatteborgernes" pos="X">skatteborgernes</wf>
         <wf lemma="penge" pos="X">penge</wf>
         <wf lemma="." pos="X">.</wf>
      </sentence>
      <sentence id="d000.s3096" source="wordnet-danish">
         <wf lemma="Plantens" pos="X">Plantens</wf>
         <wf lemma="rodnet" pos="X">rodnet</wf>
         <wf lemma="er" pos="X">er</wf>
         <wf lemma="ganske" pos="X">ganske</wf>
         <wf lemma="tyndt" pos="X">tyndt</wf>
         <wf lemma="og" pos="X">og</wf>
         <wf lemma="overfladisk" pos="X">overfladisk</wf>
         <wf lemma="," pos="X">,</wf>
         <wf lemma="og" pos="X">og</wf>
         <wf lemma="når" pos="X">når</wf>
         <wf lemma="det" pos="X">det</wf>
         <wf lemma="engang" pos="X">engang</wf>
         <wf lemma="imellem" pos="X">imellem</wf>
         <wf lemma="regner" pos="X">regner</wf>
         <wf lemma="," pos="X">,</wf>
         <wf lemma="opsuger" pos="X">opsuger</wf>
         <wf lemma="dens" pos="X">dens</wf>
         <instance id="d000.s3096.t000" lemma="rod" pos="NOUN">rødder</instance>
         <wf lemma="straks" pos="X">straks</wf>
         <wf lemma="vandet" pos="X">vandet</wf>
         <wf lemma="." pos="X">.</wf>
      </sentence>
      <sentence id="d000.s3097" source="wordnet-danish">
         <wf lemma="Pungulven" pos="X">Pungulven</wf>
         <wf lemma="regnes" pos="X">regnes</wf>
         <wf lemma="sædvanligvis" pos="X">sædvanligvis</wf>
         <wf lemma="for" pos="X">for</wf>
         <wf lemma="at" pos="X">at</wf>
         <wf lemma="have" pos="X">have</wf>
         <wf lemma="været" pos="X">været</wf>
         <instance id="d000.s3097.t000" lemma="uddød" pos="ADJ">uddød</instance>
         <wf lemma="i" pos="X">i</wf>
         <wf lemma="Australien" pos="X">Australien</wf>
         <wf lemma="i" pos="X">i</wf>
         <wf lemma="mindst" pos="X">mindst</wf>
         <wf lemma="2000" pos="X">2000</wf>
         <wf lemma="år" pos="X">år</wf>
         <wf lemma="." pos="X">.</wf>
      </sentence>
      <sentence id="d000.s3098" source="wordnet-danish">
         <wf lemma="varerne" pos="X">varerne</wf>
         <wf lemma="glider" pos="X">glider</wf>
         <wf lemma="i" pos="X">i</wf>
         <wf lemma="tætte" pos="X">tætte</wf>
         <wf lemma="baner" pos="X">baner</wf>
         <wf lemma="hen" pos="X">hen</wf>
         <wf lemma="ad" pos="X">ad</wf>
         <instance id="d000.s3098.t000" lemma="samlebånd" pos="NOUN">samlebåndet</instance>
         <wf lemma="til" pos="X">til</wf>
         <wf lemma="hurtige" pos="X">hurtige</wf>
         <wf lemma="fingre" pos="X">fingre</wf>
         <wf lemma="," pos="X">,</wf>
         <wf lemma="der" pos="X">der</wf>
         <wf lemma="sætter" pos="X">sætter</wf>
         <wf lemma="dem" pos="X">dem</wf>
         <wf lemma="på" pos="X">på</wf>
         <wf lemma="plads" pos="X">plads</wf>
         <wf lemma="i" pos="X">i</wf>
         <wf lemma="papkasserne" pos="X">papkasserne</wf>
         <wf lemma="." pos="X">.</wf>
      </sentence>
      <sentence id="d000.s3099" source="wordnet-danish">
         <instance id="d000.s3099.t000" lemma="skelet" pos="NOUN">Skelettet</instance>
         <wf lemma=".." pos="X">..</wf>
         <wf lemma="har" pos="X">har</wf>
         <wf lemma="mange" pos="X">mange</wf>
         <wf lemma="forskellige" pos="X">forskellige</wf>
         <wf lemma="funktioner" pos="X">funktioner</wf>
         <wf lemma="." pos="X">.</wf>
         <wf lemma="Det" pos="X">Det</wf>
         <wf lemma="afstiver" pos="X">afstiver</wf>
         <wf lemma="kroppen" pos="X">kroppen</wf>
         <wf lemma="," pos="X">,</wf>
         <wf lemma="giver" pos="X">giver</wf>
         <wf lemma="den" pos="X">den</wf>
         <wf lemma="form" pos="X">form</wf>
         <wf lemma="og" pos="X">og</wf>
         <wf lemma="yder" pos="X">yder</wf>
         <wf lemma="beskyttelse" pos="X">beskyttelse</wf>
         <wf lemma="til" pos="X">til</wf>
         <wf lemma="en" pos="X">en</wf>
         <wf lemma="række" pos="X">række</wf>
         <wf lemma="indre" pos="X">indre</wf>
         <wf lemma="organer" pos="X">organer</wf>
         <wf lemma="," pos="X">,</wf>
         <wf lemma="fx" pos="X">fx</wf>
         <wf lemma="hjerne" pos="X">hjerne</wf>
         <wf lemma="," pos="X">,</wf>
         <wf lemma="hjerte" pos="X">hjerte</wf>
         <wf lemma="og" pos="X">og</wf>
         <wf lemma="lunger" pos="X">lunger</wf>
         <wf lemma="." pos="X">.</wf>
      </sentence>
      <sentence id="d000.s3100" source="wordnet-danish">
         <wf lemma="Johan" pos="X">Johan</wf>
         <wf lemma="og" pos="X">og</wf>
         <wf lemma="Axel" pos="X">Axel</wf>
         <wf lemma="havde" pos="X">havde</wf>
         <wf lemma="sat" pos="X">sat</wf>
         <wf lemma="sig" pos="X">sig</wf>
         <wf lemma="på" pos="X">på</wf>
         <instance id="d000.s3100.t000" lemma="gulv" pos="NOUN">gulvet</instance>
         <wf lemma="ved" pos="X">ved</wf>
         <wf lemma="den" pos="X">den</wf>
         <wf lemma="lune" pos="X">lune</wf>
         <wf lemma="kakkelovn" pos="X">kakkelovn</wf>
         <wf lemma="." pos="X">.</wf>
      </sentence>
      <sentence id="d000.s3101" source="wordnet-danish">
         <wf lemma="Skatteforvaltningen" pos="X">Skatteforvaltningen</wf>
         <wf lemma="er" pos="X">er</wf>
         <wf lemma="gerne" pos="X">gerne</wf>
         <instance id="d000.s3101.t000" lemma="behjælpelig" pos="ADJ">behjælpelig</instance>
         <wf lemma="med" pos="X">med</wf>
         <wf lemma="beregning" pos="X">beregning</wf>
         <wf lemma="af" pos="X">af</wf>
         <wf lemma="værdien" pos="X">værdien</wf>
         <wf lemma="." pos="X">.</wf>
      </sentence>
      <sentence id="d000.s3102" source="wordnet-danish">
         <wf lemma="Med" pos="X">Med</wf>
         <instance id="d000.s3102.t000" lemma="centrum" pos="NOUN">centrum</instance>
         <wf lemma="et" pos="X">et</wf>
         <wf lemma="sted" pos="X">sted</wf>
         <wf lemma="på" pos="X">på</wf>
         <wf lemma="denne" pos="X">denne</wf>
         <wf lemma="rette" pos="X">rette</wf>
         <wf lemma="linie" pos="X">linie</wf>
         <wf lemma="tegnes" pos="X">tegnes</wf>
         <wf lemma="en" pos="X">en</wf>
         <wf lemma="cirkel" pos="X">cirkel</wf>
         <wf lemma="." pos="X">.</wf>
      </sentence>
      <sentence id="d000.s3103" source="wordnet-danish">
         <wf lemma="Ved" pos="X">Ved</wf>
         <wf lemma="hjælp" pos="X">hjælp</wf>
         <wf lemma="af" pos="X">af</wf>
         <wf lemma="teknisk" pos="X">teknisk</wf>
         <wf lemma="snilde" pos="X">snilde</wf>
         <wf lemma="og" pos="X">og</wf>
         <wf lemma="ihærdighed" pos="X">ihærdighed</wf>
         <wf lemma="har" pos="X">har</wf>
         <instance id="d000.s3103.t000" lemma="ingeniør" pos="NOUN">ingeniørerne</instance>
         <wf lemma="hos" pos="X">hos</wf>
         <wf lemma="BMW" pos="X">BMW</wf>
         <wf lemma="udviklet" pos="X">udviklet</wf>
         <wf lemma="V8-motorteknikken" pos="X">V8-motorteknikken</wf>
         <wf lemma="til" pos="X">til</wf>
         <wf lemma="noget" pos="X">noget</wf>
         <wf lemma="nær" pos="X">nær</wf>
         <wf lemma="det" pos="X">det</wf>
         <wf lemma="perfekte" pos="X">perfekte</wf>
         <wf lemma="." pos="X">.</wf>
      </sentence>
      <sentence id="d000.s3104" source="wordnet-danish">
         <wf lemma="Fortidens" pos="X">Fortidens</wf>
         <wf lemma="jægere" pos="X">jægere</wf>
         <wf lemma="nedlagde" pos="X">nedlagde</wf>
         <wf lemma="enorme" pos="X">enorme</wf>
         <wf lemma="dyr" pos="X">dyr</wf>
         <wf lemma="med" pos="X">med</wf>
         <wf lemma="våben" pos="X">våben</wf>
         <wf lemma="af" pos="X">af</wf>
         <instance id="d000.s3104.t000" lemma="sten" pos="NOUN">sten</instance>
         <wf lemma="og" pos="X">og</wf>
         <wf lemma="træ" pos="X">træ</wf>
         <wf lemma="." pos="X">.</wf>
      </sentence>
      <sentence id="d000.s3105" source="wordnet-danish">
         <wf lemma="Hun" pos="X">Hun</wf>
         <instance id="d000.s3105.t000" lemma="spille" pos="VERB">spillede</instance>
         <wf lemma="badminton" pos="X">badminton</wf>
         <wf lemma="en" pos="X">en</wf>
         <wf lemma="gang" pos="X">gang</wf>
         <wf lemma="om" pos="X">om</wf>
         <wf lemma="ugen" pos="X">ugen</wf>
         <wf lemma="i" pos="X">i</wf>
         <wf lemma="firmaets" pos="X">firmaets</wf>
         <wf lemma="sportsafdeling" pos="X">sportsafdeling</wf>
         <wf lemma="." pos="X">.</wf>
      </sentence>
      <sentence id="d000.s3106" source="wordnet-danish">
         <wf lemma="Han" pos="X">Han</wf>
         <wf lemma="blev" pos="X">blev</wf>
         <wf lemma="på" pos="X">på</wf>
         <wf lemma="grund" pos="X">grund</wf>
         <wf lemma="af" pos="X">af</wf>
         <wf lemma="sin" pos="X">sin</wf>
         <wf lemma="sygdom" pos="X">sygdom</wf>
         <wf lemma="," pos="X">,</wf>
         <wf lemma="epilepsi" pos="X">epilepsi</wf>
         <wf lemma="," pos="X">,</wf>
         <wf lemma="næsten" pos="X">næsten</wf>
         <instance id="d000.s3106.t000" lemma="blind" pos="ADJ">blind</instance>
         <wf lemma="og" pos="X">og</wf>
         <wf lemma="døv" pos="X">døv</wf>
         <wf lemma="." pos="X">.</wf>
      </sentence>
      <sentence id="d000.s3107" source="wordnet-danish">
         <wf lemma="Han" pos="X">Han</wf>
         <wf lemma="havde" pos="X">havde</wf>
         <wf lemma="ret" pos="X">ret</wf>
         <wf lemma="spinkle" pos="X">spinkle</wf>
         <instance id="d000.s3107.t000" lemma="lem" pos="NOUN">lemmer</instance>
         <wf lemma="," pos="X">,</wf>
         <wf lemma="men" pos="X">men</wf>
         <wf lemma="seje" pos="X">seje</wf>
         <wf lemma="og" pos="X">og</wf>
         <wf lemma="stærke" pos="X">stærke</wf>
         <wf lemma="," pos="X">,</wf>
         <wf lemma="temmelig" pos="X">temmelig</wf>
         <wf lemma="små" pos="X">små</wf>
         <wf lemma="fødder" pos="X">fødder</wf>
         <wf lemma="og" pos="X">og</wf>
         <wf lemma="hænder" pos="X">hænder</wf>
         <wf lemma="." pos="X">.</wf>
      </sentence>
      <sentence id="d000.s3108" source="wordnet-danish">
         <wf lemma="Prins" pos="X">Prins</wf>
         <wf lemma="Philip" pos="X">Philip</wf>
         <wf lemma="," pos="X">,</wf>
         <instance id="d000.s3108.t000" lemma="hertug" pos="NOUN">hertug</instance>
         <wf lemma="af" pos="X">af</wf>
         <wf lemma="Edinburgh" pos="X">Edinburgh</wf>
         <wf lemma="." pos="X">.</wf>
      </sentence>
      <sentence id="d000.s3109" source="wordnet-danish">
         <wf lemma="Det" pos="X">Det</wf>
         <wf lemma="er" pos="X">er</wf>
         <wf lemma="for" pos="X">for</wf>
         <wf lemma="dårligt" pos="X">dårligt</wf>
         <wf lemma="," pos="X">,</wf>
         <wf lemma="at" pos="X">at</wf>
         <wf lemma="man" pos="X">man</wf>
         <wf lemma="ikke" pos="X">ikke</wf>
         <instance id="d000.s3109.t000" lemma="turde" pos="VERB">tør</instance>
         <wf lemma="gå" pos="X">gå</wf>
         <wf lemma="ud" pos="X">ud</wf>
         <wf lemma="om" pos="X">om</wf>
         <wf lemma="aftenen" pos="X">aftenen</wf>
         <wf lemma="af" pos="X">af</wf>
         <wf lemma="angst" pos="X">angst</wf>
         <wf lemma="for" pos="X">for</wf>
         <wf lemma="at" pos="X">at</wf>
         <wf lemma="blive" pos="X">blive</wf>
         <wf lemma="slået" pos="X">slået</wf>
         <wf lemma="ned" pos="X">ned</wf>
         <wf lemma="." pos="X">.</wf>
      </sentence>
      <sentence id="d000.s3110" source="wordnet-danish">
         <wf lemma="det" pos="X">det</wf>
         <wf lemma="[er]" pos="X">[er]</wf>
         <wf lemma="vigtigt" pos="X">vigtigt</wf>
         <wf lemma="at" pos="X">at</wf>
         <instance id="d000.s3110.t000" lemma="opmuntre" pos="VERB">opmuntre</instance>
         <wf lemma="igangsættere" pos="X">igangsættere</wf>
         <wf lemma="til" pos="X">til</wf>
         <wf lemma="at" pos="X">at</wf>
         <wf lemma="tage" pos="X">tage</wf>
         <wf lemma="springet" pos="X">springet</wf>
         <wf lemma="til" pos="X">til</wf>
         <wf lemma="at" pos="X">at</wf>
         <wf lemma="starte" pos="X">starte</wf>
         <wf lemma="egen" pos="X">egen</wf>
         <wf lemma="virksomhed" pos="X">virksomhed</wf>
         <wf lemma="." pos="X">.</wf>
      </sentence>
      <sentence id="d000.s3111" source="wordnet-danish">
         <wf lemma="snart" pos="X">snart</wf>
         <wf lemma="blussede" pos="X">blussede</wf>
         <wf lemma="ilden" pos="X">ilden</wf>
         <wf lemma="fra" pos="X">fra</wf>
         <wf lemma="et" pos="X">et</wf>
         <wf lemma="bål" pos="X">bål</wf>
         <wf lemma="ved" pos="X">ved</wf>
         <wf lemma="flodbredden" pos="X">flodbredden</wf>
         <wf lemma="," pos="X">,</wf>
         <wf lemma="hvor" pos="X">hvor</wf>
         <wf lemma="de" pos="X">de</wf>
         <wf lemma="serverede" pos="X">serverede</wf>
         <wf lemma="det" pos="X">det</wf>
         <wf lemma="lækreste" pos="X">lækreste</wf>
         <instance id="d000.s3111.t000" lemma="måltid" pos="NOUN">måltid</instance>
         <wf lemma="af" pos="X">af</wf>
         <wf lemma="grillede" pos="X">grillede</wf>
         <wf lemma="rejer" pos="X">rejer</wf>
         <wf lemma="og" pos="X">og</wf>
         <wf lemma="stegte" pos="X">stegte</wf>
         <wf lemma="bananer" pos="X">bananer</wf>
         <wf lemma="." pos="X">.</wf>
      </sentence>
      <sentence id="d000.s3112" source="wordnet-danish">
         <wf lemma="Det" pos="X">Det</wf>
         <wf lemma="altafgørende" pos="X">altafgørende</wf>
         <wf lemma="," pos="X">,</wf>
         <wf lemma="når" pos="X">når</wf>
         <wf lemma="man" pos="X">man</wf>
         <wf lemma="skal" pos="X">skal</wf>
         <wf lemma="vælge" pos="X">vælge</wf>
         <wf lemma="computer" pos="X">computer</wf>
         <wf lemma="," pos="X">,</wf>
         <wf lemma="er" pos="X">er</wf>
         <wf lemma="," pos="X">,</wf>
         <wf lemma="hvor" pos="X">hvor</wf>
         <wf lemma="mange" pos="X">mange</wf>
         <instance id="d000.s3112.t000" lemma="program" pos="NOUN">programmer</instance>
         <wf lemma="man" pos="X">man</wf>
         <wf lemma="kan" pos="X">kan</wf>
         <wf lemma="få" pos="X">få</wf>
         <wf lemma="til" pos="X">til</wf>
         <wf lemma="sine" pos="X">sine</wf>
         <wf lemma="formål" pos="X">formål</wf>
         <wf lemma="." pos="X">.</wf>
      </sentence>
      <sentence id="d000.s3113" source="wordnet-danish">
         <wf lemma="Mange" pos="X">Mange</wf>
         <wf lemma="af" pos="X">af</wf>
         <wf lemma="os" pos="X">os</wf>
         <wf lemma="føler" pos="X">føler</wf>
         <wf lemma="os" pos="X">os</wf>
         <wf lemma="magtesløse" pos="X">magtesløse</wf>
         <wf lemma="overfor" pos="X">overfor</wf>
         <instance id="d000.s3113.t000" lemma="nød" pos="NOUN">nøden</instance>
         <wf lemma="i" pos="X">i</wf>
         <wf lemma="den" pos="X">den</wf>
         <wf lemma="3." pos="X">3.</wf>
         <wf lemma="verden" pos="X">verden</wf>
         <wf lemma="." pos="X">.</wf>
      </sentence>
      <sentence id="d000.s3114" source="wordnet-danish">
         <wf lemma="Albert" pos="X">Albert</wf>
         <wf lemma="Dam" pos="X">Dam</wf>
         <instance id="d000.s3114.t000" lemma="udgive" pos="VERB">udgav</instance>
         <wf lemma="så" pos="X">så</wf>
         <wf lemma="lidt" pos="X">lidt</wf>
         <wf lemma="og" pos="X">og</wf>
         <wf lemma="med" pos="X">med</wf>
         <wf lemma="så" pos="X">så</wf>
         <wf lemma="lange" pos="X">lange</wf>
         <wf lemma="mellemrum" pos="X">mellemrum</wf>
         <wf lemma="," pos="X">,</wf>
         <wf lemma="at" pos="X">at</wf>
         <wf lemma="han" pos="X">han</wf>
         <wf lemma="flere" pos="X">flere</wf>
         <wf lemma="gange" pos="X">gange</wf>
         <wf lemma="opnåede" pos="X">opnåede</wf>
         <wf lemma="at" pos="X">at</wf>
         <wf lemma="blive" pos="X">blive</wf>
         <wf lemma="modtaget" pos="X">modtaget</wf>
         <wf lemma="som" pos="X">som</wf>
         <wf lemma="debutant" pos="X">debutant</wf>
         <wf lemma="." pos="X">.</wf>
      </sentence>
      <sentence id="d000.s3115" source="wordnet-danish">
         <wf lemma="vi" pos="X">vi</wf>
         <wf lemma="skal" pos="X">skal</wf>
         <wf lemma="også" pos="X">også</wf>
         <instance id="d000.s3115.t000" lemma="lave" pos="VERB">lave</instance>
         <wf lemma="programmer" pos="X">programmer</wf>
         <wf lemma="," pos="X">,</wf>
         <wf lemma="som" pos="X">som</wf>
         <wf lemma="er" pos="X">er</wf>
         <wf lemma="for" pos="X">for</wf>
         <wf lemma="grupper" pos="X">grupper</wf>
         <wf lemma="af" pos="X">af</wf>
         <wf lemma="seere" pos="X">seere</wf>
         <wf lemma="og" pos="X">og</wf>
         <wf lemma="lyttere" pos="X">lyttere</wf>
         <wf lemma="," pos="X">,</wf>
         <wf lemma="som" pos="X">som</wf>
         <wf lemma="ikke" pos="X">ikke</wf>
         <wf lemma="nødvendigvis" pos="X">nødvendigvis</wf>
         <wf lemma="udgør" pos="X">udgør</wf>
         <wf lemma="hele" pos="X">hele</wf>
         <wf lemma="befolkningen" pos="X">befolkningen</wf>
         <wf lemma="." pos="X">.</wf>
      </sentence>
      <sentence id="d000.s3116" source="wordnet-danish">
         <wf lemma="De" pos="X">De</wf>
         <wf lemma="andre" pos="X">andre</wf>
         <wf lemma="børn" pos="X">børn</wf>
         <wf lemma="legede" pos="X">legede</wf>
         <wf lemma="skibsforlis" pos="X">skibsforlis</wf>
         <wf lemma="og" pos="X">og</wf>
         <wf lemma="strandingsauktion" pos="X">strandingsauktion</wf>
         <wf lemma="og" pos="X">og</wf>
         <wf lemma="prøvede" pos="X">prøvede</wf>
         <wf lemma="at" pos="X">at</wf>
         <wf lemma="tale" pos="X">tale</wf>
         <wf lemma="med" pos="X">med</wf>
         <wf lemma="dybe" pos="X">dybe</wf>
         <wf lemma="voksne" pos="X">voksne</wf>
         <wf lemma="stemmer" pos="X">stemmer</wf>
         <wf lemma="om" pos="X">om</wf>
         <wf lemma="last" pos="X">last</wf>
         <wf lemma="og" pos="X">og</wf>
         <wf lemma="rederi" pos="X">rederi</wf>
         <wf lemma="og" pos="X">og</wf>
         <instance id="d000.s3116.t000" lemma="assurance" pos="NOUN">assurance</instance>
         <wf lemma="." pos="X">.</wf>
      </sentence>
      <sentence id="d000.s3117" source="wordnet-danish">
         <wf lemma="Karl" pos="X">Karl</wf>
         <wf lemma="lænede" pos="X">lænede</wf>
         <wf lemma="sig" pos="X">sig</wf>
         <wf lemma="ivrigt" pos="X">ivrigt</wf>
         <wf lemma="frem" pos="X">frem</wf>
         <wf lemma="." pos="X">.</wf>
         <wf lemma="Hans" pos="X">Hans</wf>
         <wf lemma="næsefløje" pos="X">næsefløje</wf>
         <wf lemma="dirrede" pos="X">dirrede</wf>
         <wf lemma="af" pos="X">af</wf>
         <instance id="d000.s3117.t000" lemma="ophidselse" pos="NOUN">ophidselse</instance>
         <wf lemma="." pos="X">.</wf>
      </sentence>
      <sentence id="d000.s3118" source="wordnet-danish">
         <wf lemma="Ingen" pos="X">Ingen</wf>
         <wf lemma="af" pos="X">af</wf>
         <wf lemma="os" pos="X">os</wf>
         <wf lemma="havde" pos="X">havde</wf>
         <instance id="d000.s3118.t000" lemma="forudse" pos="VERB">forudset</instance>
         <wf lemma="de" pos="X">de</wf>
         <wf lemma="vanskeligheder" pos="X">vanskeligheder</wf>
         <wf lemma="," pos="X">,</wf>
         <wf lemma="vi" pos="X">vi</wf>
         <wf lemma="løb" pos="X">løb</wf>
         <wf lemma="ind" pos="X">ind</wf>
         <wf lemma="i" pos="X">i</wf>
         <wf lemma="," pos="X">,</wf>
         <wf lemma="da" pos="X">da</wf>
         <wf lemma="vi" pos="X">vi</wf>
         <wf lemma="søgte" pos="X">søgte</wf>
         <wf lemma="om" pos="X">om</wf>
         <wf lemma="tilladelse" pos="X">tilladelse</wf>
         <wf lemma="til" pos="X">til</wf>
         <wf lemma="at" pos="X">at</wf>
         <wf lemma="blive" pos="X">blive</wf>
         <wf lemma="gift" pos="X">gift</wf>
         <wf lemma="." pos="X">.</wf>
      </sentence>
      <sentence id="d000.s3119" source="wordnet-danish">
         <wf lemma="Mange" pos="X">Mange</wf>
         <wf lemma="gik" pos="X">gik</wf>
         <wf lemma="i" pos="X">i</wf>
         <wf lemma="asfalten" pos="X">asfalten</wf>
         <wf lemma="på" pos="X">på</wf>
         <wf lemma="grund" pos="X">grund</wf>
         <wf lemma="af" pos="X">af</wf>
         <instance id="d000.s3119.t000" lemma="druk" pos="NOUN">druk</instance>
         <wf lemma="under" pos="X">under</wf>
         <wf lemma="pinsens" pos="X">pinsens</wf>
         <wf lemma="karnevalsfester" pos="X">karnevalsfester</wf>
         <wf lemma="." pos="X">.</wf>
      </sentence>
      <sentence id="d000.s3120" source="wordnet-danish">
         <wf lemma="Direktøren" pos="X">Direktøren</wf>
         <wf lemma="løftede" pos="X">løftede</wf>
         <wf lemma="sit" pos="X">sit</wf>
         <wf lemma="hvidhårede" pos="X">hvidhårede</wf>
         <wf lemma="hoved" pos="X">hoved</wf>
         <wf lemma="," pos="X">,</wf>
         <wf lemma="og" pos="X">og</wf>
         <wf lemma="så" pos="X">så</wf>
         <wf lemma="på" pos="X">på</wf>
         <wf lemma="piccolinen" pos="X">piccolinen</wf>
         <wf lemma="med" pos="X">med</wf>
         <wf lemma="en" pos="X">en</wf>
         <wf lemma="misbilligende" pos="X">misbilligende</wf>
         <instance id="d000.s3120.t000" lemma="grimasse" pos="NOUN">grimasse</instance>
         <wf lemma="." pos="X">.</wf>
      </sentence>
      <sentence id="d000.s3121" source="wordnet-danish">
         <wf lemma="I" pos="X">I</wf>
         <wf lemma="Odense" pos="X">Odense</wf>
         <wf lemma="kom" pos="X">kom</wf>
         <wf lemma="37" pos="X">37</wf>
         <instance id="d000.s3121.t000" lemma="fodgænger" pos="NOUN">fodgængere</instance>
         <wf lemma="og" pos="X">og</wf>
         <wf lemma="13" pos="X">13</wf>
         <wf lemma="cyklister" pos="X">cyklister</wf>
         <wf lemma="til" pos="X">til</wf>
         <wf lemma="skade" pos="X">skade</wf>
         <wf lemma="ved" pos="X">ved</wf>
         <wf lemma="indbyrdes" pos="X">indbyrdes</wf>
         <wf lemma="sammenstød" pos="X">sammenstød</wf>
         <wf lemma="i" pos="X">i</wf>
         <wf lemma="1985" pos="X">1985</wf>
         <wf lemma="." pos="X">.</wf>
      </sentence>
      <sentence id="d000.s3122" source="wordnet-danish">
         <wf lemma="Hun" pos="X">Hun</wf>
         <instance id="d000.s3122.t000" lemma="behøve" pos="VERB">behøvede</instance>
         <wf lemma="ham" pos="X">ham</wf>
         <wf lemma="meget" pos="X">meget</wf>
         <wf lemma="mere" pos="X">mere</wf>
         <wf lemma="end" pos="X">end</wf>
         <wf lemma="han" pos="X">han</wf>
         <wf lemma="behøvede" pos="X">behøvede</wf>
         <wf lemma="hende" pos="X">hende</wf>
         <wf lemma="." pos="X">.</wf>
      </sentence>
      <sentence id="d000.s3123" source="wordnet-danish">
         <wf lemma="kongerne" pos="X">kongerne</wf>
         <wf lemma="regerer" pos="X">regerer</wf>
         <wf lemma="ikke" pos="X">ikke</wf>
         <wf lemma="rigerne" pos="X">rigerne</wf>
         <wf lemma="fra" pos="X">fra</wf>
         <wf lemma="gyldne" pos="X">gyldne</wf>
         <instance id="d000.s3123.t000" lemma="trone" pos="NOUN">troner</instance>
         <wf lemma="," pos="X">,</wf>
         <wf lemma="men" pos="X">men</wf>
         <wf lemma="sidder" pos="X">sidder</wf>
         <wf lemma="pænt" pos="X">pænt</wf>
         <wf lemma="til" pos="X">til</wf>
         <wf lemma="pynt" pos="X">pynt</wf>
         <wf lemma="bag" pos="X">bag</wf>
         <wf lemma="polerede" pos="X">polerede</wf>
         <wf lemma="skriveborde" pos="X">skriveborde</wf>
         <wf lemma="." pos="X">.</wf>
      </sentence>
      <sentence id="d000.s3124" source="wordnet-danish">
         <wf lemma="I" pos="X">I</wf>
         <wf lemma="1600-tallet" pos="X">1600-tallet</wf>
         <wf lemma="begyndte" pos="X">begyndte</wf>
         <wf lemma="en" pos="X">en</wf>
         <wf lemma="vældig" pos="X">vældig</wf>
         <wf lemma="opblomstring" pos="X">opblomstring</wf>
         <wf lemma="af" pos="X">af</wf>
         <wf lemma="musiklivet" pos="X">musiklivet</wf>
         <wf lemma="ved" pos="X">ved</wf>
         <instance id="d000.s3124.t000" lemma="hof" pos="NOUN">hoffet</instance>
         <wf lemma="," pos="X">,</wf>
         <wf lemma="især" pos="X">især</wf>
         <wf lemma="takket" pos="X">takket</wf>
         <wf lemma="være" pos="X">være</wf>
         <wf lemma="Christian" pos="X">Christian</wf>
         <wf lemma="4." pos="X">4.</wf>
      </sentence>
      <sentence id="d000.s3125" source="wordnet-danish">
         <wf lemma="jeg" pos="X">jeg</wf>
         <wf lemma="er" pos="X">er</wf>
         <wf lemma="blandt" pos="X">blandt</wf>
         <wf lemma="dem" pos="X">dem</wf>
         <wf lemma="der" pos="X">der</wf>
         <wf lemma="skylder" pos="X">skylder</wf>
         <wf lemma="dig" pos="X">dig</wf>
         <instance id="d000.s3125.t000" lemma="tak" pos="NOUN">tak</instance>
         <wf lemma="." pos="X">.</wf>
      </sentence>
      <sentence id="d000.s3126" source="wordnet-danish">
         <wf lemma="selv" pos="X">selv</wf>
         <wf lemma="om" pos="X">om</wf>
         <wf lemma="[hun]" pos="X">[hun]</wf>
         <wf lemma="i" pos="X">i</wf>
         <wf lemma="mange" pos="X">mange</wf>
         <wf lemma="år" pos="X">år</wf>
         <wf lemma="har" pos="X">har</wf>
         <wf lemma="været" pos="X">været</wf>
         <wf lemma="en" pos="X">en</wf>
         <instance id="d000.s3126.t000" lemma="travl" pos="ADJ">travl</instance>
         <wf lemma="skuespiller" pos="X">skuespiller</wf>
         <wf lemma="på" pos="X">på</wf>
         <wf lemma="Odense" pos="X">Odense</wf>
         <wf lemma="Teater" pos="X">Teater</wf>
         <wf lemma="," pos="X">,</wf>
         <wf lemma="i" pos="X">i</wf>
         <wf lemma="talrige" pos="X">talrige</wf>
         <wf lemma="revyer" pos="X">revyer</wf>
         <wf lemma="og" pos="X">og</wf>
         <wf lemma="meget" pos="X">meget</wf>
         <wf lemma="andet" pos="X">andet</wf>
         <wf lemma="," pos="X">,</wf>
         <wf lemma="har" pos="X">har</wf>
         <wf lemma="hun" pos="X">hun</wf>
         <wf lemma="nu" pos="X">nu</wf>
         <wf lemma="aldrig" pos="X">aldrig</wf>
         <wf lemma="haft" pos="X">haft</wf>
         <wf lemma="for" pos="X">for</wf>
         <wf lemma="travlt" pos="X">travlt</wf>
         <wf lemma="til" pos="X">til</wf>
         <wf lemma="at" pos="X">at</wf>
         <wf lemma="være" pos="X">være</wf>
         <wf lemma="mor" pos="X">mor</wf>
         <wf lemma="." pos="X">.</wf>
      </sentence>
      <sentence id="d000.s3127" source="wordnet-danish">
         <wf lemma="Hun" pos="X">Hun</wf>
         <wf lemma="lå" pos="X">lå</wf>
         <wf lemma="og" pos="X">og</wf>
         <wf lemma="lyttede" pos="X">lyttede</wf>
         <wf lemma="til" pos="X">til</wf>
         <wf lemma="den" pos="X">den</wf>
         <wf lemma="svage" pos="X">svage</wf>
         <wf lemma="rallen" pos="X">rallen</wf>
         <wf lemma="fra" pos="X">fra</wf>
         <wf lemma="hans" pos="X">hans</wf>
         <instance id="d000.s3127.t000" lemma="bryst" pos="NOUN">bryst</instance>
         <wf lemma="." pos="X">.</wf>
      </sentence>
      <sentence id="d000.s3128" source="wordnet-danish">
         <wf lemma="Flere" pos="X">Flere</wf>
         <wf lemma="af" pos="X">af</wf>
         <wf lemma="vore" pos="X">vore</wf>
         <wf lemma="allersmukkeste" pos="X">allersmukkeste</wf>
         <wf lemma="hedelandskaber" pos="X">hedelandskaber</wf>
         <wf lemma="er" pos="X">er</wf>
         <wf lemma="for" pos="X">for</wf>
         <wf lemma="længst" pos="X">længst</wf>
         <instance id="d000.s3128.t000" lemma="spolere" pos="VERB">spoleret</instance>
         <wf lemma="af" pos="X">af</wf>
         <wf lemma="de" pos="X">de</wf>
         <wf lemma="plantager" pos="X">plantager</wf>
         <wf lemma="," pos="X">,</wf>
         <wf lemma="som" pos="X">som</wf>
         <wf lemma="blev" pos="X">blev</wf>
         <wf lemma="strøet" pos="X">strøet</wf>
         <wf lemma="ud" pos="X">ud</wf>
         <wf lemma="over" pos="X">over</wf>
         <wf lemma="landskabet" pos="X">landskabet</wf>
         <wf lemma="." pos="X">.</wf>
      </sentence>
      <sentence id="d000.s3129" source="wordnet-danish">
         <wf lemma="I" pos="X">I</wf>
         <wf lemma="matematisk" pos="X">matematisk</wf>
         <wf lemma="forstand" pos="X">forstand</wf>
         <wf lemma="har" pos="X">har</wf>
         <instance id="d000.s3129.t000" lemma="punkt" pos="NOUN">punktet</instance>
         <wf lemma="slet" pos="X">slet</wf>
         <wf lemma="ingen" pos="X">ingen</wf>
         <wf lemma="udstrækning" pos="X">udstrækning</wf>
         <wf lemma="," pos="X">,</wf>
         <wf lemma="men" pos="X">men</wf>
         <wf lemma="i" pos="X">i</wf>
         <wf lemma="mit" pos="X">mit</wf>
         <wf lemma="sprog" pos="X">sprog</wf>
         <wf lemma="kan" pos="X">kan</wf>
         <wf lemma="det" pos="X">det</wf>
         <wf lemma="have" pos="X">have</wf>
         <wf lemma="en" pos="X">en</wf>
         <wf lemma="størrelse" pos="X">størrelse</wf>
         <wf lemma="fra" pos="X">fra</wf>
         <wf lemma="et" pos="X">et</wf>
         <wf lemma="knappenålshoved" pos="X">knappenålshoved</wf>
         <wf lemma="til" pos="X">til</wf>
         <wf lemma="en" pos="X">en</wf>
         <wf lemma="ti-øre" pos="X">ti-øre</wf>
         <wf lemma="." pos="X">.</wf>
      </sentence>
      <sentence id="d000.s3130" source="wordnet-danish">
         <instance id="d000.s3130.t000" lemma="spænding" pos="NOUN">Spændingen</instance>
         <wf lemma="mellem" pos="X">mellem</wf>
         <wf lemma="Kina" pos="X">Kina</wf>
         <wf lemma="og" pos="X">og</wf>
         <wf lemma="Storbritannien" pos="X">Storbritannien</wf>
         <wf lemma="er" pos="X">er</wf>
         <wf lemma="taget" pos="X">taget</wf>
         <wf lemma="yderligere" pos="X">yderligere</wf>
         <wf lemma="til" pos="X">til</wf>
         <wf lemma="på" pos="X">på</wf>
         <wf lemma="grund" pos="X">grund</wf>
         <wf lemma="af" pos="X">af</wf>
         <wf lemma="uenighed" pos="X">uenighed</wf>
         <wf lemma="om" pos="X">om</wf>
         <wf lemma="Hongkongs" pos="X">Hongkongs</wf>
         <wf lemma="fremtid" pos="X">fremtid</wf>
         <wf lemma="efter" pos="X">efter</wf>
         <wf lemma="1997" pos="X">1997</wf>
         <wf lemma="." pos="X">.</wf>
      </sentence>
      <sentence id="d000.s3131" source="wordnet-danish">
         <wf lemma="mange" pos="X">mange</wf>
         <wf lemma="på" pos="X">på</wf>
         <wf lemma="kontanthjælp" pos="X">kontanthjælp</wf>
         <wf lemma="eller" pos="X">eller</wf>
         <wf lemma="førtidspension" pos="X">førtidspension</wf>
         <wf lemma="er" pos="X">er</wf>
         <wf lemma="i" pos="X">i</wf>
         <instance id="d000.s3131.t000" lemma="fare" pos="NOUN">fare</instance>
         <wf lemma="for" pos="X">for</wf>
         <wf lemma="at" pos="X">at</wf>
         <wf lemma="glide" pos="X">glide</wf>
         <wf lemma="helt" pos="X">helt</wf>
         <wf lemma="ud" pos="X">ud</wf>
         <wf lemma="af" pos="X">af</wf>
         <wf lemma="arbejdslivet" pos="X">arbejdslivet</wf>
         <wf lemma="." pos="X">.</wf>
      </sentence>
      <sentence id="d000.s3132" source="wordnet-danish">
         <wf lemma="Træd" pos="X">Træd</wf>
         <wf lemma="altid" pos="X">altid</wf>
         <wf lemma="koblingen" pos="X">koblingen</wf>
         <wf lemma="i" pos="X">i</wf>
         <wf lemma="bund" pos="X">bund</wf>
         <wf lemma="," pos="X">,</wf>
         <wf lemma="før" pos="X">før</wf>
         <wf lemma="du" pos="X">du</wf>
         <wf lemma="bremser" pos="X">bremser</wf>
         <wf lemma="," pos="X">,</wf>
         <wf lemma="og" pos="X">og</wf>
         <wf lemma="før" pos="X">før</wf>
         <wf lemma="du" pos="X">du</wf>
         <wf lemma="slipper" pos="X">slipper</wf>
         <instance id="d000.s3132.t000" lemma="speeder" pos="NOUN">speederen</instance>
         <wf lemma="." pos="X">.</wf>
      </sentence>
      <sentence id="d000.s3133" source="wordnet-danish">
         <wf lemma="Få" pos="X">Få</wf>
         <wf lemma="ting" pos="X">ting</wf>
         <wf lemma="kan" pos="X">kan</wf>
         <wf lemma="sammenlignes" pos="X">sammenlignes</wf>
         <wf lemma="med" pos="X">med</wf>
         <wf lemma="at" pos="X">at</wf>
         <wf lemma="sætte" pos="X">sætte</wf>
         <wf lemma="tænderne" pos="X">tænderne</wf>
         <wf lemma="i" pos="X">i</wf>
         <wf lemma="et" pos="X">et</wf>
         <wf lemma="stykke" pos="X">stykke</wf>
         <wf lemma="franskbrød" pos="X">franskbrød</wf>
         <wf lemma="med" pos="X">med</wf>
         <wf lemma="egen" pos="X">egen</wf>
         <wf lemma="nyslynget" pos="X">nyslynget</wf>
         <instance id="d000.s3133.t000" lemma="honning" pos="NOUN">honning</instance>
         <wf lemma="på" pos="X">på</wf>
         <wf lemma="." pos="X">.</wf>
      </sentence>
      <sentence id="d000.s3134" source="wordnet-danish">
         <wf lemma="Astma" pos="X">Astma</wf>
         <wf lemma="udvikler" pos="X">udvikler</wf>
         <wf lemma="sig" pos="X">sig</wf>
         <wf lemma="i" pos="X">i</wf>
         <wf lemma="tre" pos="X">tre</wf>
         <instance id="d000.s3134.t000" lemma="fase" pos="NOUN">faser</instance>
         <wf lemma="." pos="X">.</wf>
         <wf lemma="De" pos="X">De</wf>
         <wf lemma="to" pos="X">to</wf>
         <wf lemma="første" pos="X">første</wf>
         <wf lemma="faser" pos="X">faser</wf>
         <wf lemma="af" pos="X">af</wf>
         <wf lemma="sygdommen" pos="X">sygdommen</wf>
         <wf lemma="kan" pos="X">kan</wf>
         <wf lemma="behandles" pos="X">behandles</wf>
         <wf lemma="med" pos="X">med</wf>
         <wf lemma="medicin" pos="X">medicin</wf>
         <wf lemma="," pos="X">,</wf>
         <wf lemma="mens" pos="X">mens</wf>
         <wf lemma="det" pos="X">det</wf>
         <wf lemma="tredje" pos="X">tredje</wf>
         <wf lemma="og" pos="X">og</wf>
         <wf lemma="ødelæggende" pos="X">ødelæggende</wf>
         <wf lemma="stadium" pos="X">stadium</wf>
         <wf lemma="er" pos="X">er</wf>
         <wf lemma="uhelbredeligt" pos="X">uhelbredeligt</wf>
         <wf lemma="." pos="X">.</wf>
      </sentence>
      <sentence id="d000.s3135" source="wordnet-danish">
         <wf lemma="Bestyrelsen" pos="X">Bestyrelsen</wf>
         <wf lemma="har" pos="X">har</wf>
         <wf lemma="besluttet" pos="X">besluttet</wf>
         <wf lemma="foreløbig" pos="X">foreløbig</wf>
         <wf lemma="ikke" pos="X">ikke</wf>
         <wf lemma="at" pos="X">at</wf>
         <instance id="d000.s3135.t000" lemma="foretage" pos="VERB">foretage</instance>
         <wf lemma="anmeldelse" pos="X">anmeldelse</wf>
         <wf lemma="til" pos="X">til</wf>
         <wf lemma="politiet" pos="X">politiet</wf>
         <wf lemma="." pos="X">.</wf>
      </sentence>
      <sentence id="d000.s3136" source="wordnet-danish">
         <wf lemma="IBM's" pos="X">IBM's</wf>
         <instance id="d000.s3136.t000" lemma="dominans" pos="NOUN">dominans</instance>
         <wf lemma="på" pos="X">på</wf>
         <wf lemma="edb-markedet" pos="X">edb-markedet</wf>
         <wf lemma="i" pos="X">i</wf>
         <wf lemma="de" pos="X">de</wf>
         <wf lemma="største" pos="X">største</wf>
         <wf lemma="danske" pos="X">danske</wf>
         <wf lemma="virksomheder" pos="X">virksomheder</wf>
         <wf lemma="er" pos="X">er</wf>
         <wf lemma="på" pos="X">på</wf>
         <wf lemma="grænsen" pos="X">grænsen</wf>
         <wf lemma="til" pos="X">til</wf>
         <wf lemma="at" pos="X">at</wf>
         <wf lemma="være" pos="X">være</wf>
         <wf lemma="et" pos="X">et</wf>
         <wf lemma="monopol" pos="X">monopol</wf>
         <wf lemma="." pos="X">.</wf>
      </sentence>
      <sentence id="d000.s3137" source="wordnet-danish">
         <wf lemma="Desværre" pos="X">Desværre</wf>
         <wf lemma="viste" pos="X">viste</wf>
         <instance id="d000.s3137.t000" lemma="røntgenbillede" pos="NOUN">røntgenbillederne</instance>
         <wf lemma="," pos="X">,</wf>
         <wf lemma="at" pos="X">at</wf>
         <wf lemma="patienten" pos="X">patienten</wf>
         <wf lemma="havde" pos="X">havde</wf>
         <wf lemma="en" pos="X">en</wf>
         <wf lemma="svulst" pos="X">svulst</wf>
         <wf lemma="i" pos="X">i</wf>
         <wf lemma="højre" pos="X">højre</wf>
         <wf lemma="nyre" pos="X">nyre</wf>
         <wf lemma="." pos="X">.</wf>
      </sentence>
      <sentence id="d000.s3138" source="wordnet-danish">
         <wf lemma="udsugningsventiler" pos="X">udsugningsventiler</wf>
         <wf lemma="renses" pos="X">renses</wf>
         <wf lemma="et" pos="X">et</wf>
         <wf lemma="par" pos="X">par</wf>
         <wf lemma="gange" pos="X">gange</wf>
         <wf lemma="om" pos="X">om</wf>
         <wf lemma="året" pos="X">året</wf>
         <wf lemma="." pos="X">.</wf>
         <wf lemma="Oftere" pos="X">Oftere</wf>
         <wf lemma="i" pos="X">i</wf>
         <instance id="d000.s3138.t000" lemma="rum" pos="NOUN">rum</instance>
         <wf lemma="med" pos="X">med</wf>
         <wf lemma="meget" pos="X">meget</wf>
         <wf lemma="støv" pos="X">støv</wf>
         <wf lemma="eller" pos="X">eller</wf>
         <wf lemma="fugt" pos="X">fugt</wf>
         <wf lemma="." pos="X">.</wf>
      </sentence>
      <sentence id="d000.s3139" source="wordnet-danish">
         <wf lemma="Frøken" pos="X">Frøken</wf>
         <wf lemma="Danielsen" pos="X">Danielsen</wf>
         <instance id="d000.s3139.t000" lemma="stå" pos="VERB">stod</instance>
         <wf lemma="oppe" pos="X">oppe</wf>
         <wf lemma="på" pos="X">på</wf>
         <wf lemma="gangen" pos="X">gangen</wf>
         <wf lemma="udenfor" pos="X">udenfor</wf>
         <wf lemma="klasseværelserne" pos="X">klasseværelserne</wf>
         <wf lemma="og" pos="X">og</wf>
         <wf lemma="så" pos="X">så</wf>
         <wf lemma="ned" pos="X">ned</wf>
         <wf lemma="på" pos="X">på</wf>
         <wf lemma="legepladsen" pos="X">legepladsen</wf>
         <wf lemma="." pos="X">.</wf>
      </sentence>
      <sentence id="d000.s3140" source="wordnet-danish">
         <instance id="d000.s3140.t000" lemma="computer" pos="NOUN">computerne</instance>
         <wf lemma="overtager" pos="X">overtager</wf>
         <wf lemma="så" pos="X">så</wf>
         <wf lemma="meget" pos="X">meget</wf>
         <wf lemma="arbejde" pos="X">arbejde</wf>
         <wf lemma="nu" pos="X">nu</wf>
         <wf lemma="," pos="X">,</wf>
         <wf lemma="som" pos="X">som</wf>
         <wf lemma="før" pos="X">før</wf>
         <wf lemma="blev" pos="X">blev</wf>
         <wf lemma="udført" pos="X">udført</wf>
         <wf lemma="af" pos="X">af</wf>
         <wf lemma="mennesker" pos="X">mennesker</wf>
         <wf lemma="eller" pos="X">eller</wf>
         <wf lemma="primitive" pos="X">primitive</wf>
         <wf lemma="maskiner" pos="X">maskiner</wf>
         <wf lemma="." pos="X">.</wf>
      </sentence>
      <sentence id="d000.s3141" source="wordnet-danish">
         <wf lemma="[kokken]" pos="X">[kokken]</wf>
         <wf lemma="havde" pos="X">havde</wf>
         <wf lemma="med" pos="X">med</wf>
         <wf lemma="stor" pos="X">stor</wf>
         <wf lemma="entusiasme" pos="X">entusiasme</wf>
         <instance id="d000.s3141.t000" lemma="udvikle" pos="VERB">udviklet</instance>
         <wf lemma="en" pos="X">en</wf>
         <wf lemma="metode" pos="X">metode</wf>
         <wf lemma="til" pos="X">til</wf>
         <wf lemma="at" pos="X">at</wf>
         <wf lemma="sukkerriste" pos="X">sukkerriste</wf>
         <wf lemma="mandler" pos="X">mandler</wf>
         <wf lemma="," pos="X">,</wf>
         <wf lemma="så" pos="X">så</wf>
         <wf lemma="de" pos="X">de</wf>
         <wf lemma="både" pos="X">både</wf>
         <wf lemma="var" pos="X">var</wf>
         <wf lemma="velsmagende" pos="X">velsmagende</wf>
         <wf lemma="og" pos="X">og</wf>
         <wf lemma="meget" pos="X">meget</wf>
         <wf lemma="sprøde" pos="X">sprøde</wf>
         <wf lemma="." pos="X">.</wf>
      </sentence>
      <sentence id="d000.s3142" source="wordnet-danish">
         <wf lemma="Politiet" pos="X">Politiet</wf>
         <instance id="d000.s3142.t000" lemma="beslaglægge" pos="VERB">beslaglagde</instance>
         <wf lemma="et" pos="X">et</wf>
         <wf lemma="kæmpemæssigt" pos="X">kæmpemæssigt</wf>
         <wf lemma="våbenarsenal" pos="X">våbenarsenal</wf>
         <wf lemma="hos" pos="X">hos</wf>
         <wf lemma="forbryderne" pos="X">forbryderne</wf>
         <wf lemma="." pos="X">.</wf>
      </sentence>
      <sentence id="d000.s3143" source="wordnet-danish">
         <wf lemma="Nogle" pos="X">Nogle</wf>
         <instance id="d000.s3143.t000" lemma="morgen" pos="NOUN">morgener</instance>
         <wf lemma="var" pos="X">var</wf>
         <wf lemma="det" pos="X">det</wf>
         <wf lemma="umuligt" pos="X">umuligt</wf>
         <wf lemma="for" pos="X">for</wf>
         <wf lemma="mig" pos="X">mig</wf>
         <wf lemma="at" pos="X">at</wf>
         <wf lemma="komme" pos="X">komme</wf>
         <wf lemma="ud" pos="X">ud</wf>
         <wf lemma="af" pos="X">af</wf>
         <wf lemma="sengen" pos="X">sengen</wf>
         <wf lemma="." pos="X">.</wf>
      </sentence>
      <sentence id="d000.s3144" source="wordnet-danish">
         <wf lemma="Tyskerne" pos="X">Tyskerne</wf>
         <wf lemma="har" pos="X">har</wf>
         <wf lemma="stor" pos="X">stor</wf>
         <wf lemma="forståelse" pos="X">forståelse</wf>
         <wf lemma="for" pos="X">for</wf>
         <instance id="d000.s3144.t000" lemma="bevarelse" pos="NOUN">bevarelsen</instance>
         <wf lemma="af" pos="X">af</wf>
         <wf lemma="gamle" pos="X">gamle</wf>
         <wf lemma="bygningsværker" pos="X">bygningsværker</wf>
         <wf lemma="." pos="X">.</wf>
      </sentence>
      <sentence id="d000.s3145" source="wordnet-danish">
         <wf lemma="Han" pos="X">Han</wf>
         <instance id="d000.s3145.t000" lemma="vise" pos="VERB">viste</instance>
         <wf lemma="Alice" pos="X">Alice</wf>
         <wf lemma="et" pos="X">et</wf>
         <wf lemma="billede" pos="X">billede</wf>
         <wf lemma="af" pos="X">af</wf>
         <wf lemma="en" pos="X">en</wf>
         <wf lemma="smuk" pos="X">smuk</wf>
         <wf lemma="selskabsklædt" pos="X">selskabsklædt</wf>
         <wf lemma="kvinde" pos="X">kvinde</wf>
         <wf lemma="." pos="X">.</wf>
      </sentence>
      <sentence id="d000.s3146" source="wordnet-danish">
         <wf lemma="Nick" pos="X">Nick</wf>
         <wf lemma="famler" pos="X">famler</wf>
         <wf lemma="en" pos="X">en</wf>
         <wf lemma="flaske" pos="X">flaske</wf>
         <wf lemma="frem" pos="X">frem</wf>
         <wf lemma="," pos="X">,</wf>
         <wf lemma="som" pos="X">som</wf>
         <wf lemma="har" pos="X">har</wf>
         <wf lemma="været" pos="X">været</wf>
         <instance id="d000.s3146.t000" lemma="skjule" pos="VERB">skjult</instance>
         <wf lemma="under" pos="X">under</wf>
         <wf lemma="t-shirten" pos="X">t-shirten</wf>
         <wf lemma="." pos="X">.</wf>
      </sentence>
      <sentence id="d000.s3147" source="wordnet-danish">
         <wf lemma="Jeg" pos="X">Jeg</wf>
         <wf lemma="gik" pos="X">gik</wf>
         <wf lemma="i" pos="X">i</wf>
         <wf lemma="mine" pos="X">mine</wf>
         <wf lemma="egne" pos="X">egne</wf>
         <wf lemma="tanker" pos="X">tanker</wf>
         <wf lemma="ud" pos="X">ud</wf>
         <wf lemma="til" pos="X">til</wf>
         <wf lemma="bilen" pos="X">bilen</wf>
         <wf lemma="," pos="X">,</wf>
         <wf lemma="skruede" pos="X">skruede</wf>
         <wf lemma="benzindækslet" pos="X">benzindækslet</wf>
         <wf lemma="af" pos="X">af</wf>
         <wf lemma="og" pos="X">og</wf>
         <wf lemma="begyndte" pos="X">begyndte</wf>
         <wf lemma="at" pos="X">at</wf>
         <wf lemma="fylde" pos="X">fylde</wf>
         <instance id="d000.s3147.t000" lemma="benzin" pos="NOUN">benzin</instance>
         <wf lemma="på" pos="X">på</wf>
         <wf lemma="." pos="X">.</wf>
      </sentence>
      <sentence id="d000.s3148" source="wordnet-danish">
         <wf lemma="[kirken]" pos="X">[kirken]</wf>
         <wf lemma="består" pos="X">består</wf>
         <wf lemma="af" pos="X">af</wf>
         <wf lemma="kor" pos="X">kor</wf>
         <wf lemma="og" pos="X">og</wf>
         <wf lemma="skib" pos="X">skib</wf>
         <wf lemma="," pos="X">,</wf>
         <wf lemma="et" pos="X">et</wf>
         <wf lemma="tårn" pos="X">tårn</wf>
         <wf lemma="mod" pos="X">mod</wf>
         <wf lemma="vest" pos="X">vest</wf>
         <wf lemma="og" pos="X">og</wf>
         <wf lemma="et" pos="X">et</wf>
         <wf lemma="våbenhus" pos="X">våbenhus</wf>
         <wf lemma="mod" pos="X">mod</wf>
         <instance id="d000.s3148.t000" lemma="syd" pos="NOUN">syd</instance>
         <wf lemma="." pos="X">.</wf>
      </sentence>
      <sentence id="d000.s3149" source="wordnet-danish">
         <wf lemma="Han" pos="X">Han</wf>
         <wf lemma="spejdede" pos="X">spejdede</wf>
         <wf lemma="rundt" pos="X">rundt</wf>
         <wf lemma="i" pos="X">i</wf>
         <wf lemma="lokalet" pos="X">lokalet</wf>
         <wf lemma="," pos="X">,</wf>
         <wf lemma="hvor" pos="X">hvor</wf>
         <wf lemma="der" pos="X">der</wf>
         <wf lemma="kun" pos="X">kun</wf>
         <wf lemma="var" pos="X">var</wf>
         <wf lemma="få" pos="X">få</wf>
         <instance id="d000.s3149.t000" lemma="ledig" pos="ADJ">ledige</instance>
         <wf lemma="borde" pos="X">borde</wf>
         <wf lemma="." pos="X">.</wf>
      </sentence>
      <sentence id="d000.s3150" source="wordnet-danish">
         <wf lemma="Han" pos="X">Han</wf>
         <wf lemma="svingede" pos="X">svingede</wf>
         <wf lemma="til" pos="X">til</wf>
         <wf lemma="venstre" pos="X">venstre</wf>
         <wf lemma="i" pos="X">i</wf>
         <wf lemma="et" pos="X">et</wf>
         <wf lemma="lysreguleret" pos="X">lysreguleret</wf>
         <instance id="d000.s3150.t000" lemma="kryds" pos="NOUN">kryds</instance>
         <wf lemma="." pos="X">.</wf>
      </sentence>
      <sentence id="d000.s3151" source="wordnet-danish">
         <wf lemma="Han" pos="X">Han</wf>
         <wf lemma="skubbede" pos="X">skubbede</wf>
         <wf lemma="tungen" pos="X">tungen</wf>
         <wf lemma="mod" pos="X">mod</wf>
         <wf lemma="den" pos="X">den</wf>
         <instance id="d000.s3151.t000" lemma="løs" pos="ADJ">løse</instance>
         <wf lemma="tand" pos="X">tand</wf>
         <wf lemma="i" pos="X">i</wf>
         <wf lemma="munden" pos="X">munden</wf>
         <wf lemma="," pos="X">,</wf>
         <wf lemma="så" pos="X">så</wf>
         <wf lemma="den" pos="X">den</wf>
         <wf lemma="rokkede" pos="X">rokkede</wf>
         <wf lemma="frem" pos="X">frem</wf>
         <wf lemma="og" pos="X">og</wf>
         <wf lemma="tilbage" pos="X">tilbage</wf>
         <wf lemma="med" pos="X">med</wf>
         <wf lemma="små" pos="X">små</wf>
         <wf lemma="svup" pos="X">svup</wf>
         <wf lemma="." pos="X">.</wf>
      </sentence>
      <sentence id="d000.s3152" source="wordnet-danish">
         <wf lemma="Det" pos="X">Det</wf>
         <wf lemma="gode" pos="X">gode</wf>
         <instance id="d000.s3152.t000" lemma="omdømme" pos="NOUN">omdømme</instance>
         <wf lemma="værftet" pos="X">værftet</wf>
         <wf lemma="har" pos="X">har</wf>
         <wf lemma="skabt" pos="X">skabt</wf>
         <wf lemma="sig" pos="X">sig</wf>
         <wf lemma=".." pos="X">..</wf>
         <wf lemma="vil" pos="X">vil</wf>
         <wf lemma="værftets" pos="X">værftets</wf>
         <wf lemma="ledelse" pos="X">ledelse</wf>
         <wf lemma="søge" pos="X">søge</wf>
         <wf lemma="udmøntet" pos="X">udmøntet</wf>
         <wf lemma="i" pos="X">i</wf>
         <wf lemma="nye" pos="X">nye</wf>
         <wf lemma="kontrakter" pos="X">kontrakter</wf>
         <wf lemma="." pos="X">.</wf>
      </sentence>
      <sentence id="d000.s3153" source="wordnet-danish">
         <wf lemma="et" pos="X">et</wf>
         <wf lemma="kraftigt" pos="X">kraftigt</wf>
         <wf lemma="stykke" pos="X">stykke</wf>
         <wf lemma="plast" pos="X">plast</wf>
         <instance id="d000.s3153.t000" lemma="fæstne" pos="VERB">fæstnes</instance>
         <wf lemma="til" pos="X">til</wf>
         <wf lemma="rammens" pos="X">rammens</wf>
         <wf lemma="underside" pos="X">underside</wf>
         <wf lemma="ved" pos="X">ved</wf>
         <wf lemma="hjælp" pos="X">hjælp</wf>
         <wf lemma="af" pos="X">af</wf>
         <wf lemma="en" pos="X">en</wf>
         <wf lemma="hæftepistol" pos="X">hæftepistol</wf>
         <wf lemma="." pos="X">.</wf>
      </sentence>
      <sentence id="d000.s3154" source="wordnet-danish">
         <wf lemma="I" pos="X">I</wf>
         <wf lemma="løbet" pos="X">løbet</wf>
         <wf lemma="af" pos="X">af</wf>
         <wf lemma="de" pos="X">de</wf>
         <wf lemma="seneste" pos="X">seneste</wf>
         <wf lemma="årtier" pos="X">årtier</wf>
         <wf lemma="er" pos="X">er</wf>
         <instance id="d000.s3154.t000" lemma="landsby" pos="NOUN">landsbyerne</instance>
         <wf lemma="gradvis" pos="X">gradvis</wf>
         <wf lemma="forvandlet" pos="X">forvandlet</wf>
         <wf lemma="fra" pos="X">fra</wf>
         <wf lemma="landbrugsbyer" pos="X">landbrugsbyer</wf>
         <wf lemma="til" pos="X">til</wf>
         <wf lemma="boligbyer" pos="X">boligbyer</wf>
         <wf lemma="." pos="X">.</wf>
      </sentence>
      <sentence id="d000.s3155" source="wordnet-danish">
         <wf lemma="du" pos="X">du</wf>
         <wf lemma="kan" pos="X">kan</wf>
         <wf lemma="smøre" pos="X">smøre</wf>
         <wf lemma="dig" pos="X">dig</wf>
         <wf lemma="en" pos="X">en</wf>
         <wf lemma="mad" pos="X">mad</wf>
         <wf lemma="," pos="X">,</wf>
         <wf lemma="hvis" pos="X">hvis</wf>
         <wf lemma="du" pos="X">du</wf>
         <wf lemma="bliver" pos="X">bliver</wf>
         <instance id="d000.s3155.t000" lemma="sulten" pos="ADJ">sulten</instance>
         <wf lemma="." pos="X">.</wf>
      </sentence>
      <sentence id="d000.s3156" source="wordnet-danish">
         <wf lemma="Hans" pos="X">Hans</wf>
         <wf lemma="omgangsform" pos="X">omgangsform</wf>
         <wf lemma="var" pos="X">var</wf>
         <wf lemma="altid" pos="X">altid</wf>
         <wf lemma="høflig" pos="X">høflig</wf>
         <wf lemma="og" pos="X">og</wf>
         <wf lemma="beleven" pos="X">beleven</wf>
         <wf lemma="." pos="X">.</wf>
         <wf lemma="Han" pos="X">Han</wf>
         <wf lemma="var" pos="X">var</wf>
         <wf lemma="udadtil" pos="X">udadtil</wf>
         <wf lemma="den" pos="X">den</wf>
         <wf lemma="typiske" pos="X">typiske</wf>
         <wf lemma="engelske" pos="X">engelske</wf>
         <instance id="d000.s3156.t000" lemma="gentleman" pos="NOUN">gentleman</instance>
         <wf lemma="." pos="X">.</wf>
      </sentence>
      <sentence id="d000.s3157" source="wordnet-danish">
         <wf lemma="De" pos="X">De</wf>
         <wf lemma="20" pos="X">20</wf>
         <wf lemma="millioner" pos="X">millioner</wf>
         <wf lemma="kurdere" pos="X">kurdere</wf>
         <wf lemma="udgør" pos="X">udgør</wf>
         <wf lemma="den" pos="X">den</wf>
         <wf lemma="fjerdestørste" pos="X">fjerdestørste</wf>
         <instance id="d000.s3157.t000" lemma="etnisk" pos="ADJ">etniske</instance>
         <wf lemma="gruppe" pos="X">gruppe</wf>
         <wf lemma="i" pos="X">i</wf>
         <wf lemma="Mellemøsten" pos="X">Mellemøsten</wf>
         <wf lemma="." pos="X">.</wf>
         <wf lemma="De" pos="X">De</wf>
         <wf lemma="lever" pos="X">lever</wf>
         <wf lemma="i" pos="X">i</wf>
         <wf lemma="Tyrkiet" pos="X">Tyrkiet</wf>
         <wf lemma="," pos="X">,</wf>
         <wf lemma="Syrien" pos="X">Syrien</wf>
         <wf lemma="," pos="X">,</wf>
         <wf lemma="Iran" pos="X">Iran</wf>
         <wf lemma="," pos="X">,</wf>
         <wf lemma="Irak" pos="X">Irak</wf>
         <wf lemma="og" pos="X">og</wf>
         <wf lemma="det" pos="X">det</wf>
         <wf lemma="tidligere" pos="X">tidligere</wf>
         <wf lemma="Sovjet" pos="X">Sovjet</wf>
         <wf lemma="." pos="X">.</wf>
      </sentence>
      <sentence id="d000.s3158" source="wordnet-danish">
         <wf lemma="Ved" pos="X">Ved</wf>
         <wf lemma="alle" pos="X">alle</wf>
         <instance id="d000.s3158.t000" lemma="vending" pos="NOUN">vendinger</instance>
         <wf lemma="blev" pos="X">blev</wf>
         <wf lemma="[svømmeren" pos="X">[svømmeren</wf>
         <wf lemma="]" pos="X">]</wf>
         <wf lemma="Mette" pos="X">Mette</wf>
         <wf lemma="Jacobsen" pos="X">Jacobsen</wf>
         <wf lemma="noteret" pos="X">noteret</wf>
         <wf lemma="på" pos="X">på</wf>
         <wf lemma="lystavlen" pos="X">lystavlen</wf>
         <wf lemma="som" pos="X">som</wf>
         <wf lemma="nummer" pos="X">nummer</wf>
         <wf lemma="to." pos="X">to.</wf>
      </sentence>
      <sentence id="d000.s3159" source="wordnet-danish">
         <wf lemma="Postvæsenet" pos="X">Postvæsenet</wf>
         <wf lemma="garanterer" pos="X">garanterer</wf>
         <wf lemma="," pos="X">,</wf>
         <wf lemma="at" pos="X">at</wf>
         <instance id="d000.s3159.t000" lemma="brev" pos="NOUN">breve</instance>
         <wf lemma="og" pos="X">og</wf>
         <wf lemma="brevkort" pos="X">brevkort</wf>
         <wf lemma="," pos="X">,</wf>
         <wf lemma="der" pos="X">der</wf>
         <wf lemma="blev" pos="X">blev</wf>
         <wf lemma="afleveret" pos="X">afleveret</wf>
         <wf lemma="senest" pos="X">senest</wf>
         <wf lemma="i" pos="X">i</wf>
         <wf lemma="lørdags" pos="X">lørdags</wf>
         <wf lemma="vil" pos="X">vil</wf>
         <wf lemma="være" pos="X">være</wf>
         <wf lemma="fremme" pos="X">fremme</wf>
         <wf lemma="til" pos="X">til</wf>
         <wf lemma="jul" pos="X">jul</wf>
         <wf lemma="." pos="X">.</wf>
      </sentence>
      <sentence id="d000.s3160" source="wordnet-danish">
         <wf lemma="Unge" pos="X">Unge</wf>
         <wf lemma="mand" pos="X">mand</wf>
         <wf lemma="." pos="X">.</wf>
         <wf lemma="Jeg" pos="X">Jeg</wf>
         <wf lemma="skal" pos="X">skal</wf>
         <wf lemma="bruge" pos="X">bruge</wf>
         <wf lemma="to" pos="X">to</wf>
         <instance id="d000.s3160.t000" lemma="rulle" pos="NOUN">ruller</instance>
         <wf lemma="tapet" pos="X">tapet</wf>
         <wf lemma="," pos="X">,</wf>
         <wf lemma="noget" pos="X">noget</wf>
         <wf lemma="klister" pos="X">klister</wf>
         <wf lemma="og" pos="X">og</wf>
         <wf lemma="en" pos="X">en</wf>
         <wf lemma="god" pos="X">god</wf>
         <wf lemma="kraftig" pos="X">kraftig</wf>
         <wf lemma="pensel" pos="X">pensel</wf>
         <wf lemma="." pos="X">.</wf>
      </sentence>
      <sentence id="d000.s3161" source="wordnet-danish">
         <wf lemma="Alle" pos="X">Alle</wf>
         <instance id="d000.s3161.t000" lemma="bænk" pos="NOUN">bænke</instance>
         <wf lemma="[" pos="X">[</wf>
         <wf lemma=":" pos="X">:</wf>
         <wf lemma="på" pos="X">på</wf>
         <wf lemma="Strøget" pos="X">Strøget</wf>
         <wf lemma="]" pos="X">]</wf>
         <wf lemma="er" pos="X">er</wf>
         <wf lemma="optaget" pos="X">optaget</wf>
         <wf lemma="af" pos="X">af</wf>
         <wf lemma="unge" pos="X">unge</wf>
         <wf lemma="og" pos="X">og</wf>
         <wf lemma="gamle" pos="X">gamle</wf>
         <wf lemma="der" pos="X">der</wf>
         <wf lemma="nyder" pos="X">nyder</wf>
         <wf lemma="den" pos="X">den</wf>
         <wf lemma="første" pos="X">første</wf>
         <wf lemma="spæde" pos="X">spæde</wf>
         <wf lemma="varme" pos="X">varme</wf>
         <wf lemma="." pos="X">.</wf>
      </sentence>
      <sentence id="d000.s3162" source="wordnet-danish">
         <wf lemma="Alle" pos="X">Alle</wf>
         <wf lemma="rokarlene" pos="X">rokarlene</wf>
         <wf lemma="kastede" pos="X">kastede</wf>
         <wf lemma="sig" pos="X">sig</wf>
         <wf lemma="ned" pos="X">ned</wf>
         <wf lemma="over" pos="X">over</wf>
         <wf lemma="hinanden" pos="X">hinanden</wf>
         <wf lemma="for" pos="X">for</wf>
         <wf lemma="at" pos="X">at</wf>
         <wf lemma="finde" pos="X">finde</wf>
         <wf lemma="det" pos="X">det</wf>
         <wf lemma="lille" pos="X">lille</wf>
         <instance id="d000.s3162.t000" lemma="pengestykke" pos="NOUN">pengestykke</instance>
         <wf lemma="," pos="X">,</wf>
         <wf lemma="der" pos="X">der</wf>
         <wf lemma="var" pos="X">var</wf>
         <wf lemma="sunket" pos="X">sunket</wf>
         <wf lemma="ned" pos="X">ned</wf>
         <wf lemma="i" pos="X">i</wf>
         <wf lemma="mudderet" pos="X">mudderet</wf>
         <wf lemma="." pos="X">.</wf>
      </sentence>
      <sentence id="d000.s3163" source="wordnet-danish">
         <wf lemma="Den" pos="X">Den</wf>
         <wf lemma="smukke" pos="X">smukke</wf>
         <wf lemma="blå" pos="X">blå</wf>
         <wf lemma="farve" pos="X">farve</wf>
         <wf lemma="er" pos="X">er</wf>
         <instance id="d000.s3163.t000" lemma="typisk" pos="ADJ">typisk</instance>
         <wf lemma="for" pos="X">for</wf>
         <wf lemma="Wedgwood-keramik" pos="X">Wedgwood-keramik</wf>
         <wf lemma="." pos="X">.</wf>
      </sentence>
      <sentence id="d000.s3164" source="wordnet-danish">
         <wf lemma="Til" pos="X">Til</wf>
         <wf lemma="en" pos="X">en</wf>
         <instance id="d000.s3164.t000" lemma="gruppe" pos="NOUN">gruppe</instance>
         <wf lemma="på" pos="X">på</wf>
         <wf lemma="10" pos="X">10</wf>
         <wf lemma="børn" pos="X">børn</wf>
         <wf lemma="i" pos="X">i</wf>
         <wf lemma="alderen" pos="X">alderen</wf>
         <wf lemma="0-3" pos="X">0-3</wf>
         <wf lemma="år" pos="X">år</wf>
         <wf lemma="søges" pos="X">søges</wf>
         <wf lemma="pr." pos="X">pr.</wf>
         <wf lemma="1.3.83" pos="X">1.3.83</wf>
         <wf lemma="en" pos="X">en</wf>
         <wf lemma="pædagog" pos="X">pædagog</wf>
         <wf lemma="40" pos="X">40</wf>
         <wf lemma="timer" pos="X">timer</wf>
         <wf lemma="ugentligt" pos="X">ugentligt</wf>
         <wf lemma="." pos="X">.</wf>
      </sentence>
      <sentence id="d000.s3165" source="wordnet-danish">
         <wf lemma="I" pos="X">I</wf>
         <wf lemma="de" pos="X">de</wf>
         <wf lemma="to" pos="X">to</wf>
         <wf lemma="uger" pos="X">uger</wf>
         <wf lemma="vi" pos="X">vi</wf>
         <wf lemma="var" pos="X">var</wf>
         <wf lemma="på" pos="X">på</wf>
         <wf lemma="Mols" pos="X">Mols</wf>
         <wf lemma="," pos="X">,</wf>
         <wf lemma="var" pos="X">var</wf>
         <wf lemma="det" pos="X">det</wf>
         <wf lemma="flot" pos="X">flot</wf>
         <wf lemma="sommervejr" pos="X">sommervejr</wf>
         <wf lemma="de" pos="X">de</wf>
         <wf lemma="første" pos="X">første</wf>
         <wf lemma="5-6" pos="X">5-6</wf>
         <wf lemma="dage" pos="X">dage</wf>
         <wf lemma="og" pos="X">og</wf>
         <instance id="d000.s3165.t000" lemma="acceptabel" pos="ADJ">acceptabelt</instance>
         <wf lemma="ferievejr" pos="X">ferievejr</wf>
         <wf lemma="resten" pos="X">resten</wf>
         <wf lemma="af" pos="X">af</wf>
         <wf lemma="tiden" pos="X">tiden</wf>
         <wf lemma="." pos="X">.</wf>
      </sentence>
      <sentence id="d000.s3166" source="wordnet-danish">
         <wf lemma="Sarti" pos="X">Sarti</wf>
         <wf lemma="samlede" pos="X">samlede</wf>
         <wf lemma=".." pos="X">..</wf>
         <wf lemma="et" pos="X">et</wf>
         <wf lemma="udmærket" pos="X">udmærket</wf>
         <wf lemma="italiensk" pos="X">italiensk</wf>
         <wf lemma="selskab" pos="X">selskab</wf>
         <wf lemma="," pos="X">,</wf>
         <wf lemma="både" pos="X">både</wf>
         <wf lemma="til" pos="X">til</wf>
         <wf lemma="komisk" pos="X">komisk</wf>
         <wf lemma="og" pos="X">og</wf>
         <wf lemma="alvorlig" pos="X">alvorlig</wf>
         <instance id="d000.s3166.t000" lemma="opera" pos="NOUN">opera</instance>
         <wf lemma="." pos="X">.</wf>
      </sentence>
      <sentence id="d000.s3167" source="wordnet-danish">
         <wf lemma="[maleren" pos="X">[maleren</wf>
         <wf lemma="Toulouse-Lautrec" pos="X">Toulouse-Lautrec</wf>
         <wf lemma="tilhørte]" pos="X">tilhørte]</wf>
         <wf lemma="en" pos="X">en</wf>
         <wf lemma="fornem" pos="X">fornem</wf>
         <wf lemma="," pos="X">,</wf>
         <wf lemma="gammel" pos="X">gammel</wf>
         <wf lemma="fransk" pos="X">fransk</wf>
         <wf lemma="adelsslægt" pos="X">adelsslægt</wf>
         <wf lemma="," pos="X">,</wf>
         <wf lemma="der" pos="X">der</wf>
         <wf lemma="havde" pos="X">havde</wf>
         <wf lemma="grene" pos="X">grene</wf>
         <wf lemma="ind" pos="X">ind</wf>
         <wf lemma="i" pos="X">i</wf>
         <instance id="d000.s3167.t000" lemma="kongehus" pos="NOUN">kongehuse</instance>
         <wf lemma="." pos="X">.</wf>
      </sentence>
      <sentence id="d000.s3168" source="wordnet-danish">
         <wf lemma="Nu" pos="X">Nu</wf>
         <wf lemma="drejer" pos="X">drejer</wf>
         <wf lemma="det" pos="X">det</wf>
         <wf lemma="sig" pos="X">sig</wf>
         <wf lemma="om" pos="X">om</wf>
         <wf lemma="at" pos="X">at</wf>
         <wf lemma="få" pos="X">få</wf>
         <wf lemma="de" pos="X">de</wf>
         <wf lemma="højest" pos="X">højest</wf>
         <wf lemma="mulige" pos="X">mulige</wf>
         <instance id="d000.s3168.t000" lemma="procent" pos="NOUN">procenter</instance>
         <wf lemma="af" pos="X">af</wf>
         <wf lemma="det" pos="X">det</wf>
         <wf lemma="kommende" pos="X">kommende</wf>
         <wf lemma="silde-fiskeri" pos="X">silde-fiskeri</wf>
         <wf lemma="i" pos="X">i</wf>
         <wf lemma="Nordsøen" pos="X">Nordsøen</wf>
         <wf lemma="til" pos="X">til</wf>
         <wf lemma="dansk" pos="X">dansk</wf>
         <wf lemma="fiskeri" pos="X">fiskeri</wf>
         <wf lemma="," pos="X">,</wf>
         <wf lemma="fastslog" pos="X">fastslog</wf>
         <wf lemma="Henning" pos="X">Henning</wf>
         <wf lemma="Grove" pos="X">Grove</wf>
         <wf lemma="." pos="X">.</wf>
      </sentence>
      <sentence id="d000.s3169" source="wordnet-danish">
         <wf lemma="For" pos="X">For</wf>
         <wf lemma="et" pos="X">et</wf>
         <wf lemma="par" pos="X">par</wf>
         <wf lemma="år" pos="X">år</wf>
         <wf lemma="siden" pos="X">siden</wf>
         <wf lemma="var" pos="X">var</wf>
         <wf lemma="jeg" pos="X">jeg</wf>
         <wf lemma="til" pos="X">til</wf>
         <wf lemma="et" pos="X">et</wf>
         <wf lemma="møde" pos="X">møde</wf>
         <wf lemma="i" pos="X">i</wf>
         <wf lemma="husholdningsforeningen" pos="X">husholdningsforeningen</wf>
         <wf lemma="." pos="X">.</wf>
         <instance id="d000.s3169.t000" lemma="taler" pos="NOUN">Taleren</instance>
         <wf lemma="var" pos="X">var</wf>
         <wf lemma="en" pos="X">en</wf>
         <wf lemma="ældre" pos="X">ældre</wf>
         <wf lemma="læge" pos="X">læge</wf>
         <wf lemma="," pos="X">,</wf>
         <wf lemma="og" pos="X">og</wf>
         <wf lemma="emnet" pos="X">emnet</wf>
         <wf lemma="var" pos="X">var</wf>
         <wf lemma="børns" pos="X">børns</wf>
         <wf lemma="vé" pos="X">vé</wf>
         <wf lemma="og" pos="X">og</wf>
         <wf lemma="vel." pos="X">vel.</wf>
      </sentence>
      <sentence id="d000.s3170" source="wordnet-danish">
         <wf lemma="der" pos="X">der</wf>
         <instance id="d000.s3170.t000" lemma="falde" pos="VERB">falder</instance>
         <wf lemma="mange" pos="X">mange</wf>
         <wf lemma="bomber" pos="X">bomber</wf>
         <wf lemma="over" pos="X">over</wf>
         <wf lemma="hele" pos="X">hele</wf>
         <wf lemma="byen" pos="X">byen</wf>
         <wf lemma="." pos="X">.</wf>
      </sentence>
      <sentence id="d000.s3171" source="wordnet-danish">
         <wf lemma="Jeg" pos="X">Jeg</wf>
         <wf lemma=".." pos="X">..</wf>
         <wf lemma="rettede" pos="X">rettede</wf>
         <wf lemma="på" pos="X">på</wf>
         <wf lemma="en" pos="X">en</wf>
         <instance id="d000.s3171.t000" lemma="lok" pos="NOUN">lok</instance>
         <wf lemma="af" pos="X">af</wf>
         <wf lemma="hendes" pos="X">hendes</wf>
         <wf lemma="yndige" pos="X">yndige</wf>
         <wf lemma="hår" pos="X">hår</wf>
         <wf lemma="som" pos="X">som</wf>
         <wf lemma="var" pos="X">var</wf>
         <wf lemma="faldet" pos="X">faldet</wf>
         <wf lemma="frem" pos="X">frem</wf>
         <wf lemma="i" pos="X">i</wf>
         <wf lemma="hendes" pos="X">hendes</wf>
         <wf lemma="smukke" pos="X">smukke</wf>
         <wf lemma="og" pos="X">og</wf>
         <wf lemma="bedrøvede" pos="X">bedrøvede</wf>
         <wf lemma="ansigt" pos="X">ansigt</wf>
         <wf lemma="." pos="X">.</wf>
      </sentence>
      <sentence id="d000.s3172" source="wordnet-danish">
         <wf lemma="Knud" pos="X">Knud</wf>
         <wf lemma="Rasmussen" pos="X">Rasmussen</wf>
         <wf lemma="er" pos="X">er</wf>
         <wf lemma="ubestridt" pos="X">ubestridt</wf>
         <wf lemma="den" pos="X">den</wf>
         <wf lemma="største" pos="X">største</wf>
         <wf lemma="folkehelt" pos="X">folkehelt</wf>
         <wf lemma="i" pos="X">i</wf>
         <wf lemma="Grønlands" pos="X">Grønlands</wf>
         <instance id="d000.s3172.t000" lemma="historie" pos="NOUN">historie</instance>
         <wf lemma="." pos="X">.</wf>
      </sentence>
      <sentence id="d000.s3173" source="wordnet-danish">
         <wf lemma="Spillet" pos="X">Spillet</wf>
         <wf lemma="varer" pos="X">varer</wf>
         <wf lemma="," pos="X">,</wf>
         <wf lemma="til" pos="X">til</wf>
         <wf lemma="den" pos="X">den</wf>
         <wf lemma="ene" pos="X">ene</wf>
         <instance id="d000.s3173.t000" lemma="konge" pos="NOUN">konge</instance>
         <wf lemma="er" pos="X">er</wf>
         <wf lemma="mat" pos="X">mat</wf>
         <wf lemma="." pos="X">.</wf>
      </sentence>
      <sentence id="d000.s3174" source="wordnet-danish">
         <wf lemma="mor" pos="X">mor</wf>
         <wf lemma="måtte" pos="X">måtte</wf>
         <wf lemma="gå" pos="X">gå</wf>
         <wf lemma="ud" pos="X">ud</wf>
         <wf lemma="og" pos="X">og</wf>
         <instance id="d000.s3174.t000" lemma="vaske" pos="VERB">vaske</instance>
         <wf lemma="og" pos="X">og</wf>
         <wf lemma="sy" pos="X">sy</wf>
         <wf lemma="for" pos="X">for</wf>
         <wf lemma="folk" pos="X">folk</wf>
         <wf lemma="til" pos="X">til</wf>
         <wf lemma="en" pos="X">en</wf>
         <wf lemma="ussel" pos="X">ussel</wf>
         <wf lemma="løn" pos="X">løn</wf>
         <wf lemma="plus" pos="X">plus</wf>
         <wf lemma="middagsmad" pos="X">middagsmad</wf>
         <wf lemma="." pos="X">.</wf>
      </sentence>
      <sentence id="d000.s3175" source="wordnet-danish">
         <wf lemma="Den" pos="X">Den</wf>
         <wf lemma="unge" pos="X">unge</wf>
         <wf lemma="tronfølger" pos="X">tronfølger</wf>
         <wf lemma="," pos="X">,</wf>
         <wf lemma="Edward" pos="X">Edward</wf>
         <wf lemma="(" pos="X">(</wf>
         <wf lemma="VIII" pos="X">VIII</wf>
         <wf lemma=")" pos="X">)</wf>
         <wf lemma="knæler" pos="X">knæler</wf>
         <wf lemma="på" pos="X">på</wf>
         <wf lemma="trinene" pos="X">trinene</wf>
         <wf lemma="foran" pos="X">foran</wf>
         <instance id="d000.s3175.t000" lemma="tronstol" pos="NOUN">tronstolen</instance>
         <wf lemma="for" pos="X">for</wf>
         <wf lemma="at" pos="X">at</wf>
         <wf lemma="hylde" pos="X">hylde</wf>
         <wf lemma="faderen" pos="X">faderen</wf>
         <wf lemma="umiddelbart" pos="X">umiddelbart</wf>
         <wf lemma="efter" pos="X">efter</wf>
         <wf lemma="kroningen" pos="X">kroningen</wf>
         <wf lemma="." pos="X">.</wf>
      </sentence>
      <sentence id="d000.s3176" source="wordnet-danish">
         <wf lemma="inden" pos="X">inden</wf>
         <wf lemma="den" pos="X">den</wf>
         <wf lemma="politiske" pos="X">politiske</wf>
         <wf lemma="karriere" pos="X">karriere</wf>
         <wf lemma="var" pos="X">var</wf>
         <wf lemma="[han]" pos="X">[han]</wf>
         <wf lemma="en" pos="X">en</wf>
         <wf lemma="dygtig" pos="X">dygtig</wf>
         <instance id="d000.s3176.t000" lemma="forretningsmand" pos="NOUN">forretningsmand</instance>
         <wf lemma="med" pos="X">med</wf>
         <wf lemma="millionindtægter" pos="X">millionindtægter</wf>
         <wf lemma="i" pos="X">i</wf>
         <wf lemma="oliebranchen" pos="X">oliebranchen</wf>
         <wf lemma="." pos="X">.</wf>
      </sentence>
      <sentence id="d000.s3177" source="wordnet-danish">
         <wf lemma="Pointen" pos="X">Pointen</wf>
         <wf lemma="i" pos="X">i</wf>
         <wf lemma="de" pos="X">de</wf>
         <instance id="d000.s3177.t000" lemma="matematisk" pos="ADJ">matematiske</instance>
         <wf lemma="prognoser" pos="X">prognoser</wf>
         <wf lemma="var" pos="X">var</wf>
         <wf lemma="enkel" pos="X">enkel</wf>
         <wf lemma=":" pos="X">:</wf>
         <wf lemma="den" pos="X">den</wf>
         <wf lemma="nuværende" pos="X">nuværende</wf>
         <wf lemma="vækst" pos="X">vækst</wf>
         <wf lemma="i" pos="X">i</wf>
         <wf lemma="energiforbruget" pos="X">energiforbruget</wf>
         <wf lemma="kan" pos="X">kan</wf>
         <wf lemma="ikke" pos="X">ikke</wf>
         <wf lemma="fortsætte" pos="X">fortsætte</wf>
         <wf lemma="." pos="X">.</wf>
      </sentence>
      <sentence id="d000.s3178" source="wordnet-danish">
         <wf lemma="Forskerne" pos="X">Forskerne</wf>
         <wf lemma="taler" pos="X">taler</wf>
         <wf lemma="ikke" pos="X">ikke</wf>
         <wf lemma="om" pos="X">om</wf>
         <wf lemma="et" pos="X">et</wf>
         <wf lemma="søuhyre" pos="X">søuhyre</wf>
         <wf lemma="" pos="X"></wf>
         <wf lemma="de" pos="X">de</wf>
         <wf lemma="bruger" pos="X">bruger</wf>
         <instance id="d000.s3178.t000" lemma="vending" pos="NOUN">vendingen</instance>
         <wf lemma=":" pos="X">:</wf>
         <wf lemma="'" pos="X">'</wf>
         <wf lemma="betydelig" pos="X">betydelig</wf>
         <wf lemma="sonarkontakt" pos="X">sonarkontakt</wf>
         <wf lemma="af" pos="X">af</wf>
         <wf lemma="to" pos="X">to</wf>
         <wf lemma="minutters" pos="X">minutters</wf>
         <wf lemma="varighed'" pos="X">varighed'</wf>
         <wf lemma="." pos="X">.</wf>
      </sentence>
      <sentence id="d000.s3179" source="wordnet-danish">
         <wf lemma="En" pos="X">En</wf>
         <wf lemma="stor" pos="X">stor</wf>
         <wf lemma="del" pos="X">del</wf>
         <wf lemma="af" pos="X">af</wf>
         <wf lemma="stofferne" pos="X">stofferne</wf>
         <wf lemma="i" pos="X">i</wf>
         <wf lemma="tobaksrøgen" pos="X">tobaksrøgen</wf>
         <wf lemma="er" pos="X">er</wf>
         <wf lemma="kræftfremkaldende" pos="X">kræftfremkaldende</wf>
         <wf lemma="eller" pos="X">eller</wf>
         <wf lemma="på" pos="X">på</wf>
         <wf lemma="anden" pos="X">anden</wf>
         <wf lemma="måde" pos="X">måde</wf>
         <wf lemma="skadelig" pos="X">skadelig</wf>
         <wf lemma="for" pos="X">for</wf>
         <instance id="d000.s3179.t000" lemma="helbred" pos="NOUN">helbredet</instance>
         <wf lemma="." pos="X">.</wf>
      </sentence>
      <sentence id="d000.s3180" source="wordnet-danish">
         <wf lemma="I" pos="X">I</wf>
         <wf lemma="1983" pos="X">1983</wf>
         <wf lemma="og" pos="X">og</wf>
         <wf lemma="i" pos="X">i</wf>
         <instance id="d000.s3180.t000" lemma="år" pos="NOUN">årene</instance>
         <wf lemma="1987-1990" pos="X">1987-1990</wf>
         <wf lemma="var" pos="X">var</wf>
         <wf lemma="Danmarks" pos="X">Danmarks</wf>
         <wf lemma="gennemsnitlige" pos="X">gennemsnitlige</wf>
         <wf lemma="eksportkvote" pos="X">eksportkvote</wf>
         <wf lemma="større" pos="X">større</wf>
         <wf lemma="end" pos="X">end</wf>
         <wf lemma="den" pos="X">den</wf>
         <wf lemma="tilsvarende" pos="X">tilsvarende</wf>
         <wf lemma="importkvote" pos="X">importkvote</wf>
         <wf lemma="." pos="X">.</wf>
      </sentence>
      <sentence id="d000.s3181" source="wordnet-danish">
         <wf lemma="den" pos="X">den</wf>
         <wf lemma="unge" pos="X">unge</wf>
         <wf lemma="mand" pos="X">mand</wf>
         <wf lemma="måtte" pos="X">måtte</wf>
         <wf lemma="på" pos="X">på</wf>
         <wf lemma="operationsbordet" pos="X">operationsbordet</wf>
         <wf lemma="for" pos="X">for</wf>
         <wf lemma="at" pos="X">at</wf>
         <wf lemma="få" pos="X">få</wf>
         <wf lemma="fjernet" pos="X">fjernet</wf>
         <wf lemma="sin" pos="X">sin</wf>
         <instance id="d000.s3181.t000" lemma="blindtarm" pos="NOUN">blindtarm</instance>
         <wf lemma="." pos="X">.</wf>
      </sentence>
      <sentence id="d000.s3182" source="wordnet-danish">
         <wf lemma="I" pos="X">I</wf>
         <wf lemma="1949" pos="X">1949</wf>
         <instance id="d000.s3182.t000" lemma="underskrive" pos="VERB">underskrev</instance>
         <wf lemma="den" pos="X">den</wf>
         <wf lemma="danske" pos="X">danske</wf>
         <wf lemma="regering" pos="X">regering</wf>
         <wf lemma="verdenserklæringen" pos="X">verdenserklæringen</wf>
         <wf lemma="om" pos="X">om</wf>
         <wf lemma="menneskerettighederne" pos="X">menneskerettighederne</wf>
         <wf lemma="." pos="X">.</wf>
      </sentence>
      <sentence id="d000.s3183" source="wordnet-danish">
         <wf lemma="Luften" pos="X">Luften</wf>
         <wf lemma="bliver" pos="X">bliver</wf>
         <wf lemma="klarere" pos="X">klarere</wf>
         <wf lemma="," pos="X">,</wf>
         <wf lemma="når" pos="X">når</wf>
         <wf lemma="solen" pos="X">solen</wf>
         <wf lemma="langsomt" pos="X">langsomt</wf>
         <wf lemma="synker" pos="X">synker</wf>
         <wf lemma="bag" pos="X">bag</wf>
         <instance id="d000.s3183.t000" lemma="horisont" pos="NOUN">horisonten</instance>
         <wf lemma="." pos="X">.</wf>
      </sentence>
      <sentence id="d000.s3184" source="wordnet-danish">
         <wf lemma="Hun" pos="X">Hun</wf>
         <instance id="d000.s3184.t000" lemma="åbne" pos="VERB">åbnede</instance>
         <wf lemma="for" pos="X">for</wf>
         <wf lemma="budet" pos="X">budet</wf>
         <wf lemma="fra" pos="X">fra</wf>
         <wf lemma="blomsterhandleren" pos="X">blomsterhandleren</wf>
         <wf lemma="." pos="X">.</wf>
      </sentence>
      <sentence id="d000.s3185" source="wordnet-danish">
         <wf lemma="Motellet" pos="X">Motellet</wf>
         <wf lemma="duftede" pos="X">duftede</wf>
         <wf lemma="sådan" pos="X">sådan</wf>
         <wf lemma="af" pos="X">af</wf>
         <wf lemma="frisk" pos="X">frisk</wf>
         <instance id="d000.s3185.t000" lemma="brød" pos="NOUN">brød</instance>
         <wf lemma="." pos="X">.</wf>
         <wf lemma="De" pos="X">De</wf>
         <wf lemma="havde" pos="X">havde</wf>
         <wf lemma="nok" pos="X">nok</wf>
         <wf lemma="sat" pos="X">sat</wf>
         <wf lemma="kaffen" pos="X">kaffen</wf>
         <wf lemma="over" pos="X">over</wf>
         <wf lemma="nu" pos="X">nu</wf>
         <wf lemma="." pos="X">.</wf>
      </sentence>
      <sentence id="d000.s3186" source="wordnet-danish">
         <wf lemma="da" pos="X">da</wf>
         <wf lemma="jeg" pos="X">jeg</wf>
         <wf lemma="havde" pos="X">havde</wf>
         <wf lemma="sluppet" pos="X">sluppet</wf>
         <wf lemma="," pos="X">,</wf>
         <wf lemma="hvad" pos="X">hvad</wf>
         <wf lemma="jeg" pos="X">jeg</wf>
         <instance id="d000.s3186.t000" lemma="skylde" pos="VERB">skyldte</instance>
         <wf lemma="min" pos="X">min</wf>
         <wf lemma="mormor" pos="X">mormor</wf>
         <wf lemma="," pos="X">,</wf>
         <wf lemma="havde" pos="X">havde</wf>
         <wf lemma="jeg" pos="X">jeg</wf>
         <wf lemma="stadig" pos="X">stadig</wf>
         <wf lemma="en" pos="X">en</wf>
         <wf lemma="god" pos="X">god</wf>
         <wf lemma="tusse" pos="X">tusse</wf>
         <wf lemma="tilbage" pos="X">tilbage</wf>
         <wf lemma="." pos="X">.</wf>
      </sentence>
      <sentence id="d000.s3187" source="wordnet-danish">
         <wf lemma="Hvad" pos="X">Hvad</wf>
         <wf lemma="er" pos="X">er</wf>
         <instance id="d000.s3187.t000" lemma="grund" pos="NOUN">grunden</instance>
         <wf lemma="til" pos="X">til</wf>
         <wf lemma="at" pos="X">at</wf>
         <wf lemma="du" pos="X">du</wf>
         <wf lemma="har" pos="X">har</wf>
         <wf lemma="valgt" pos="X">valgt</wf>
         <wf lemma="tysk" pos="X">tysk</wf>
         <wf lemma="som" pos="X">som</wf>
         <wf lemma="fag" pos="X">fag</wf>
         <wf lemma="?" pos="X">?</wf>
      </sentence>
      <sentence id="d000.s3188" source="wordnet-danish">
         <wf lemma="Kræftforskere" pos="X">Kræftforskere</wf>
         <wf lemma="beskæftiger" pos="X">beskæftiger</wf>
         <wf lemma="sig" pos="X">sig</wf>
         <wf lemma="med" pos="X">med</wf>
         <wf lemma="at" pos="X">at</wf>
         <wf lemma="finde" pos="X">finde</wf>
         <instance id="d000.s3188.t000" lemma="årsag" pos="NOUN">årsagerne</instance>
         <wf lemma="til" pos="X">til</wf>
         <wf lemma="kræft" pos="X">kræft</wf>
         <wf lemma="," pos="X">,</wf>
         <wf lemma="så" pos="X">så</wf>
         <wf lemma="sygdommen" pos="X">sygdommen</wf>
         <wf lemma="kan" pos="X">kan</wf>
         <wf lemma="forebygges" pos="X">forebygges</wf>
         <wf lemma="." pos="X">.</wf>
      </sentence>
      <sentence id="d000.s3189" source="wordnet-danish">
         <wf lemma="I" pos="X">I</wf>
         <wf lemma="lejren" pos="X">lejren</wf>
         <wf lemma="blev" pos="X">blev</wf>
         <wf lemma="vi" pos="X">vi</wf>
         <wf lemma="modtaget" pos="X">modtaget</wf>
         <wf lemma="med" pos="X">med</wf>
         <wf lemma="æresport" pos="X">æresport</wf>
         <wf lemma="og" pos="X">og</wf>
         <wf lemma="af" pos="X">af</wf>
         <wf lemma="skoledrenge" pos="X">skoledrenge</wf>
         <wf lemma="," pos="X">,</wf>
         <wf lemma="der" pos="X">der</wf>
         <wf lemma="var" pos="X">var</wf>
         <wf lemma="stillet" pos="X">stillet</wf>
         <wf lemma="op" pos="X">op</wf>
         <wf lemma="til" pos="X">til</wf>
         <instance id="d000.s3189.t000" lemma="parade" pos="NOUN">parade</instance>
         <wf lemma="." pos="X">.</wf>
      </sentence>
      <sentence id="d000.s3190" source="wordnet-danish">
         <wf lemma="For" pos="X">For</wf>
         <wf lemma="nylig" pos="X">nylig</wf>
         <wf lemma="læste" pos="X">læste</wf>
         <wf lemma="jeg" pos="X">jeg</wf>
         <wf lemma="i" pos="X">i</wf>
         <wf lemma="en" pos="X">en</wf>
         <wf lemma="statistik" pos="X">statistik</wf>
         <wf lemma="," pos="X">,</wf>
         <wf lemma="at" pos="X">at</wf>
         <wf lemma="over" pos="X">over</wf>
         <wf lemma="fyrre" pos="X">fyrre</wf>
         <instance id="d000.s3190.t000" lemma="procent" pos="NOUN">procent</instance>
         <wf lemma="af" pos="X">af</wf>
         <wf lemma="alle" pos="X">alle</wf>
         <wf lemma="skolebørn" pos="X">skolebørn</wf>
         <wf lemma="har" pos="X">har</wf>
         <wf lemma="mistet" pos="X">mistet</wf>
         <wf lemma="den" pos="X">den</wf>
         <wf lemma="ene" pos="X">ene</wf>
         <wf lemma="af" pos="X">af</wf>
         <wf lemma="forældrene" pos="X">forældrene</wf>
         <wf lemma="ved" pos="X">ved</wf>
         <wf lemma="død" pos="X">død</wf>
         <wf lemma="eller" pos="X">eller</wf>
         <wf lemma="skilsmisse" pos="X">skilsmisse</wf>
         <wf lemma="." pos="X">.</wf>
      </sentence>
      <sentence id="d000.s3191" source="wordnet-danish">
         <wf lemma="de" pos="X">de</wf>
         <wf lemma="havde" pos="X">havde</wf>
         <wf lemma="pumpet" pos="X">pumpet</wf>
         <instance id="d000.s3191.t000" lemma="uafbrudt" pos="ADJ">uafbrudt</instance>
         <wf lemma="for" pos="X">for</wf>
         <wf lemma="at" pos="X">at</wf>
         <wf lemma="holde" pos="X">holde</wf>
         <wf lemma="vandet" pos="X">vandet</wf>
         <wf lemma="ude" pos="X">ude</wf>
         <wf lemma="af" pos="X">af</wf>
         <wf lemma="lastrummet" pos="X">lastrummet</wf>
         <wf lemma="." pos="X">.</wf>
      </sentence>
      <sentence id="d000.s3192" source="wordnet-danish">
         <wf lemma="Hvor" pos="X">Hvor</wf>
         <wf lemma="stille" pos="X">stille</wf>
         <instance id="d000.s3192.t000" lemma="provinsiel" pos="ADJ">provinsiel</instance>
         <wf lemma="kan" pos="X">kan</wf>
         <wf lemma="en" pos="X">en</wf>
         <wf lemma="formiddag" pos="X">formiddag</wf>
         <wf lemma="efter" pos="X">efter</wf>
         <wf lemma="en" pos="X">en</wf>
         <wf lemma="lang" pos="X">lang</wf>
         <wf lemma="søvn" pos="X">søvn</wf>
         <wf lemma="ikke" pos="X">ikke</wf>
         <wf lemma="være" pos="X">være</wf>
         <wf lemma="på" pos="X">på</wf>
         <wf lemma="en" pos="X">en</wf>
         <wf lemma="motelrestaurant" pos="X">motelrestaurant</wf>
         <wf lemma="i" pos="X">i</wf>
         <wf lemma="Oberfranken" pos="X">Oberfranken</wf>
         <wf lemma="." pos="X">.</wf>
      </sentence>
      <sentence id="d000.s3193" source="wordnet-danish">
         <wf lemma="Op" pos="X">Op</wf>
         <wf lemma="ad" pos="X">ad</wf>
         <wf lemma="baneskråningen" pos="X">baneskråningen</wf>
         <wf lemma="gled" pos="X">gled</wf>
         <wf lemma="far" pos="X">far</wf>
         <wf lemma="og" pos="X">og</wf>
         <wf lemma="blev" pos="X">blev</wf>
         <wf lemma="smurt" pos="X">smurt</wf>
         <wf lemma="ind" pos="X">ind</wf>
         <wf lemma="i" pos="X">i</wf>
         <instance id="d000.s3193.t000" lemma="pludder" pos="NOUN">pludder</instance>
         <wf lemma="," pos="X">,</wf>
         <wf lemma="og" pos="X">og</wf>
         <wf lemma="jeg" pos="X">jeg</wf>
         <wf lemma="var" pos="X">var</wf>
         <wf lemma="lige" pos="X">lige</wf>
         <wf lemma="ved" pos="X">ved</wf>
         <wf lemma="at" pos="X">at</wf>
         <wf lemma="komme" pos="X">komme</wf>
         <wf lemma="til" pos="X">til</wf>
         <wf lemma="at" pos="X">at</wf>
         <wf lemma="grine" pos="X">grine</wf>
         <wf lemma="." pos="X">.</wf>
      </sentence>
      <sentence id="d000.s3194" source="wordnet-danish">
         <wf lemma="jeg" pos="X">jeg</wf>
         <wf lemma="var" pos="X">var</wf>
         <wf lemma="tolv" pos="X">tolv</wf>
         <wf lemma="og" pos="X">og</wf>
         <instance id="d000.s3194.t000" lemma="stor" pos="ADJ">stor</instance>
         <wf lemma="af" pos="X">af</wf>
         <wf lemma="min" pos="X">min</wf>
         <wf lemma="alder" pos="X">alder</wf>
         <wf lemma="." pos="X">.</wf>
      </sentence>
      <sentence id="d000.s3195" source="wordnet-danish">
         <wf lemma="Bilsalget" pos="X">Bilsalget</wf>
         <wf lemma="i" pos="X">i</wf>
         <wf lemma="Tyskland" pos="X">Tyskland</wf>
         <wf lemma="går" pos="X">går</wf>
         <wf lemma="ned" pos="X">ned</wf>
         <wf lemma="med" pos="X">med</wf>
         <wf lemma="17" pos="X">17</wf>
         <wf lemma="procent" pos="X">procent</wf>
         <wf lemma="næste" pos="X">næste</wf>
         <wf lemma="år" pos="X">år</wf>
         <wf lemma="," pos="X">,</wf>
         <wf lemma="siger" pos="X">siger</wf>
         <wf lemma="en" pos="X">en</wf>
         <wf lemma="ny" pos="X">ny</wf>
         <instance id="d000.s3195.t000" lemma="prognose" pos="NOUN">prognose</instance>
         <wf lemma="." pos="X">.</wf>
      </sentence>
      <sentence id="d000.s3196" source="wordnet-danish">
         <wf lemma="En" pos="X">En</wf>
         <wf lemma="ny" pos="X">ny</wf>
         <wf lemma="computervirus" pos="X">computervirus</wf>
         <wf lemma="bølgede" pos="X">bølgede</wf>
         <wf lemma="i" pos="X">i</wf>
         <wf lemma="går" pos="X">går</wf>
         <wf lemma="ud" pos="X">ud</wf>
         <wf lemma="over" pos="X">over</wf>
         <wf lemma="alverdens" pos="X">alverdens</wf>
         <wf lemma="PCer" pos="X">PCer</wf>
         <wf lemma="." pos="X">.</wf>
         <wf lemma="." pos="X">.</wf>
         <instance id="d000.s3196.t000" lemma="orm" pos="NOUN">Ormen</instance>
         <wf lemma="Mydoom" pos="X">Mydoom</wf>
         <wf lemma="tømte" pos="X">tømte</wf>
         <wf lemma="adressebøger" pos="X">adressebøger</wf>
         <wf lemma="og" pos="X">og</wf>
         <wf lemma="sendte" pos="X">sendte</wf>
         <wf lemma="sig" pos="X">sig</wf>
         <wf lemma="selv" pos="X">selv</wf>
         <wf lemma="videre" pos="X">videre</wf>
         <wf lemma="som" pos="X">som</wf>
         <wf lemma="e-post" pos="X">e-post</wf>
         <wf lemma="til" pos="X">til</wf>
         <wf lemma="alle" pos="X">alle</wf>
         <wf lemma="," pos="X">,</wf>
         <wf lemma="der" pos="X">der</wf>
         <wf lemma="stod" pos="X">stod</wf>
         <wf lemma="nævnt" pos="X">nævnt</wf>
         <wf lemma="i" pos="X">i</wf>
         <wf lemma="dem" pos="X">dem</wf>
         <wf lemma="." pos="X">.</wf>
      </sentence>
      <sentence id="d000.s3197" source="wordnet-danish">
         <wf lemma="han" pos="X">han</wf>
         <wf lemma="er" pos="X">er</wf>
         <wf lemma="den" pos="X">den</wf>
         <wf lemma="klogeste" pos="X">klogeste</wf>
         <wf lemma="og" pos="X">og</wf>
         <wf lemma="smarteste" pos="X">smarteste</wf>
         <wf lemma="i" pos="X">i</wf>
         <wf lemma="familien" pos="X">familien</wf>
         <wf lemma="," pos="X">,</wf>
         <wf lemma="og" pos="X">og</wf>
         <wf lemma="alle" pos="X">alle</wf>
         <wf lemma="spørger" pos="X">spørger</wf>
         <wf lemma="ham" pos="X">ham</wf>
         <wf lemma="til" pos="X">til</wf>
         <wf lemma="råds" pos="X">råds</wf>
         <wf lemma="," pos="X">,</wf>
         <wf lemma="når" pos="X">når</wf>
         <wf lemma="de" pos="X">de</wf>
         <wf lemma="er" pos="X">er</wf>
         <wf lemma="i" pos="X">i</wf>
         <instance id="d000.s3197.t000" lemma="knibe" pos="NOUN">knibe</instance>
         <wf lemma="." pos="X">.</wf>
      </sentence>
      <sentence id="d000.s3198" source="wordnet-danish">
         <wf lemma="Sweateren" pos="X">Sweateren</wf>
         <wf lemma="her" pos="X">her</wf>
         <wf lemma="strikkes" pos="X">strikkes</wf>
         <wf lemma="med" pos="X">med</wf>
         <wf lemma=".." pos="X">..</wf>
         <instance id="d000.s3198.t000" lemma="rund" pos="ADJ">rund</instance>
         <wf lemma="hals" pos="X">hals</wf>
         <wf lemma="." pos="X">.</wf>
      </sentence>
      <sentence id="d000.s3199" source="wordnet-danish">
         <wf lemma="Der" pos="X">Der</wf>
         <wf lemma="ligger" pos="X">ligger</wf>
         <wf lemma="en" pos="X">en</wf>
         <wf lemma="anbefalet" pos="X">anbefalet</wf>
         <instance id="d000.s3199.t000" lemma="pakke" pos="NOUN">pakke</instance>
         <wf lemma="til" pos="X">til</wf>
         <wf lemma="Dem" pos="X">Dem</wf>
         <wf lemma="på" pos="X">på</wf>
         <wf lemma="posthuset" pos="X">posthuset</wf>
         <wf lemma="." pos="X">.</wf>
      </sentence>
      <sentence id="d000.s3200" source="wordnet-danish">
         <wf lemma="menneskemassen" pos="X">menneskemassen</wf>
         <wf lemma="," pos="X">,</wf>
         <wf lemma="der" pos="X">der</wf>
         <wf lemma="sang" pos="X">sang</wf>
         <wf lemma="'" pos="X">'</wf>
         <wf lemma="Vi" pos="X">Vi</wf>
         <wf lemma="ønsker" pos="X">ønsker</wf>
         <wf lemma="frihed'" pos="X">frihed'</wf>
         <wf lemma="," pos="X">,</wf>
         <wf lemma="opløstes" pos="X">opløstes</wf>
         <wf lemma="," pos="X">,</wf>
         <wf lemma="efter" pos="X">efter</wf>
         <wf lemma="at" pos="X">at</wf>
         <wf lemma="Milosevic" pos="X">Milosevic</wf>
         <instance id="d000.s3200.t000" lemma="berolige" pos="VERB">beroligede</instance>
         <wf lemma="dem" pos="X">dem</wf>
         <wf lemma="med" pos="X">med</wf>
         <wf lemma="en" pos="X">en</wf>
         <wf lemma="appel" pos="X">appel</wf>
         <wf lemma="fra" pos="X">fra</wf>
         <wf lemma="et" pos="X">et</wf>
         <wf lemma="vindue" pos="X">vindue</wf>
         <wf lemma="i" pos="X">i</wf>
         <wf lemma="centret" pos="X">centret</wf>
         <wf lemma="." pos="X">.</wf>
      </sentence>
      <sentence id="d000.s3201" source="wordnet-danish">
         <wf lemma="eksistentialismen" pos="X">eksistentialismen</wf>
         <wf lemma=".." pos="X">..</wf>
         <wf lemma="blev" pos="X">blev</wf>
         <wf lemma="grundlagt" pos="X">grundlagt</wf>
         <wf lemma="af" pos="X">af</wf>
         <wf lemma="den" pos="X">den</wf>
         <wf lemma="danske" pos="X">danske</wf>
         <instance id="d000.s3201.t000" lemma="filosof" pos="NOUN">filosof</instance>
         <wf lemma="Søren" pos="X">Søren</wf>
         <wf lemma="Kierkegaard" pos="X">Kierkegaard</wf>
         <wf lemma="i" pos="X">i</wf>
         <wf lemma="sidste" pos="X">sidste</wf>
         <wf lemma="århundrede" pos="X">århundrede</wf>
         <wf lemma="." pos="X">.</wf>
      </sentence>
      <sentence id="d000.s3202" source="wordnet-danish">
         <wf lemma="I" pos="X">I</wf>
         <wf lemma="den" pos="X">den</wf>
         <instance id="d000.s3202.t000" lemma="oral" pos="ADJ">orale</instance>
         <wf lemma="fase" pos="X">fase</wf>
         <wf lemma="(" pos="X">(</wf>
         <wf lemma="0-ca." pos="X">0-ca.</wf>
         <wf lemma="1" pos="X">1</wf>
         <wf lemma="år" pos="X">år</wf>
         <wf lemma=")" pos="X">)</wf>
         <wf lemma="stræber" pos="X">stræber</wf>
         <wf lemma="barnet" pos="X">barnet</wf>
         <wf lemma="efter" pos="X">efter</wf>
         <wf lemma="at" pos="X">at</wf>
         <wf lemma="få" pos="X">få</wf>
         <wf lemma="en" pos="X">en</wf>
         <wf lemma="sensuel" pos="X">sensuel</wf>
         <wf lemma="tilfredsstillelse" pos="X">tilfredsstillelse</wf>
         <wf lemma="," pos="X">,</wf>
         <wf lemma="hvor" pos="X">hvor</wf>
         <wf lemma="dets" pos="X">dets</wf>
         <wf lemma="sociale" pos="X">sociale</wf>
         <wf lemma="reaktioner" pos="X">reaktioner</wf>
         <wf lemma="hovedsagelig" pos="X">hovedsagelig</wf>
         <wf lemma="udtrykkes" pos="X">udtrykkes</wf>
         <wf lemma="gennem" pos="X">gennem</wf>
         <wf lemma="munden" pos="X">munden</wf>
         <wf lemma="." pos="X">.</wf>
      </sentence>
      <sentence id="d000.s3203" source="wordnet-danish">
         <wf lemma="Fire" pos="X">Fire</wf>
         <wf lemma="skarnbøtter" pos="X">skarnbøtter</wf>
         <wf lemma="skal" pos="X">skal</wf>
         <wf lemma="man" pos="X">man</wf>
         <wf lemma="have" pos="X">have</wf>
         <wf lemma="under" pos="X">under</wf>
         <wf lemma="køkkenvasken" pos="X">køkkenvasken</wf>
         <wf lemma="." pos="X">.</wf>
         <wf lemma="En" pos="X">En</wf>
         <wf lemma="til" pos="X">til</wf>
         <wf lemma="kompost" pos="X">kompost</wf>
         <wf lemma="og" pos="X">og</wf>
         <wf lemma="en" pos="X">en</wf>
         <wf lemma="til" pos="X">til</wf>
         <wf lemma="metal" pos="X">metal</wf>
         <wf lemma="," pos="X">,</wf>
         <wf lemma="en" pos="X">en</wf>
         <wf lemma="til" pos="X">til</wf>
         <instance id="d000.s3203.t000" lemma="papir" pos="NOUN">papir</instance>
         <wf lemma="og" pos="X">og</wf>
         <wf lemma="en" pos="X">en</wf>
         <wf lemma="til" pos="X">til</wf>
         <wf lemma="farligt" pos="X">farligt</wf>
         <wf lemma="affald" pos="X">affald</wf>
         <wf lemma="." pos="X">.</wf>
      </sentence>
      <sentence id="d000.s3204" source="wordnet-danish">
         <wf lemma="Vi" pos="X">Vi</wf>
         <wf lemma="tændte" pos="X">tændte</wf>
         <wf lemma="for" pos="X">for</wf>
         <instance id="d000.s3204.t000" lemma="fjerner" pos="NOUN">fjerneren</instance>
         <wf lemma="," pos="X">,</wf>
         <wf lemma="men" pos="X">men</wf>
         <wf lemma="det" pos="X">det</wf>
         <wf lemma="var" pos="X">var</wf>
         <wf lemma="et" pos="X">et</wf>
         <wf lemma="åndssvagt" pos="X">åndssvagt</wf>
         <wf lemma="program" pos="X">program</wf>
         <wf lemma="," pos="X">,</wf>
         <wf lemma="så" pos="X">så</wf>
         <wf lemma="vi" pos="X">vi</wf>
         <wf lemma="slukkede" pos="X">slukkede</wf>
         <wf lemma="igen" pos="X">igen</wf>
         <wf lemma="." pos="X">.</wf>
      </sentence>
      <sentence id="d000.s3205" source="wordnet-danish">
         <wf lemma="de" pos="X">de</wf>
         <wf lemma="fleste" pos="X">fleste</wf>
         <wf lemma="fremmede" pos="X">fremmede</wf>
         <wf lemma=".." pos="X">..</wf>
         <wf lemma="er" pos="X">er</wf>
         <wf lemma="ikke" pos="X">ikke</wf>
         <instance id="d000.s3205.t000" lemma="uvidende" pos="ADJ">uvidende</instance>
         <wf lemma="om" pos="X">om</wf>
         <wf lemma="at" pos="X">at</wf>
         <wf lemma="de" pos="X">de</wf>
         <wf lemma="nu" pos="X">nu</wf>
         <wf lemma="bor" pos="X">bor</wf>
         <wf lemma="i" pos="X">i</wf>
         <wf lemma="et" pos="X">et</wf>
         <wf lemma="land" pos="X">land</wf>
         <wf lemma="hvor" pos="X">hvor</wf>
         <wf lemma="de" pos="X">de</wf>
         <wf lemma="stilles" pos="X">stilles</wf>
         <wf lemma="over" pos="X">over</wf>
         <wf lemma="for" pos="X">for</wf>
         <wf lemma="flere" pos="X">flere</wf>
         <wf lemma="krav" pos="X">krav</wf>
         <wf lemma="end" pos="X">end</wf>
         <wf lemma="i" pos="X">i</wf>
         <wf lemma="landene" pos="X">landene</wf>
         <wf lemma="de" pos="X">de</wf>
         <wf lemma="kom" pos="X">kom</wf>
         <wf lemma="fra" pos="X">fra</wf>
         <wf lemma="." pos="X">.</wf>
      </sentence>
      <sentence id="d000.s3206" source="wordnet-danish">
         <instance id="d000.s3206.t000" lemma="rem" pos="NOUN">Remmen</instance>
         <wf lemma="på" pos="X">på</wf>
         <wf lemma="den" pos="X">den</wf>
         <wf lemma="ene" pos="X">ene</wf>
         <wf lemma="[sandal]" pos="X">[sandal]</wf>
         <wf lemma="var" pos="X">var</wf>
         <wf lemma="gået" pos="X">gået</wf>
         <wf lemma="i" pos="X">i</wf>
         <wf lemma="stykker" pos="X">stykker</wf>
         <wf lemma="," pos="X">,</wf>
         <wf lemma="så" pos="X">så</wf>
         <wf lemma="den" pos="X">den</wf>
         <wf lemma="hang" pos="X">hang</wf>
         <wf lemma="og" pos="X">og</wf>
         <wf lemma="dinglede" pos="X">dinglede</wf>
         <wf lemma="efter" pos="X">efter</wf>
         <wf lemma="ham" pos="X">ham</wf>
         <wf lemma="." pos="X">.</wf>
      </sentence>
      <sentence id="d000.s3207" source="wordnet-danish">
         <wf lemma="Venstre" pos="X">Venstre</wf>
         <wf lemma="har" pos="X">har</wf>
         <wf lemma="ikke" pos="X">ikke</wf>
         <wf lemma="nogen" pos="X">nogen</wf>
         <instance id="d000.s3207.t000" lemma="interesse" pos="NOUN">interesse</instance>
         <wf lemma="i" pos="X">i</wf>
         <wf lemma="en" pos="X">en</wf>
         <wf lemma="fremgang" pos="X">fremgang</wf>
         <wf lemma="på" pos="X">på</wf>
         <wf lemma="de" pos="X">de</wf>
         <wf lemma="konservatives" pos="X">konservatives</wf>
         <wf lemma="bekostning" pos="X">bekostning</wf>
         <wf lemma="." pos="X">.</wf>
      </sentence>
      <sentence id="d000.s3208" source="wordnet-danish">
         <wf lemma="Ifølge" pos="X">Ifølge</wf>
         <instance id="d000.s3208.t000" lemma="plan" pos="NOUN">planen</instance>
         <wf lemma="skal" pos="X">skal</wf>
         <wf lemma="stillingen" pos="X">stillingen</wf>
         <wf lemma="som" pos="X">som</wf>
         <wf lemma="teknisk" pos="X">teknisk</wf>
         <wf lemma="direktør" pos="X">direktør</wf>
         <wf lemma="nedlægges" pos="X">nedlægges</wf>
         <wf lemma="." pos="X">.</wf>
      </sentence>
      <sentence id="d000.s3209" source="wordnet-danish">
         <wf lemma="Kort" pos="X">Kort</wf>
         <wf lemma="efter" pos="X">efter</wf>
         <wf lemma="lød" pos="X">lød</wf>
         <instance id="d000.s3209.t000" lemma="råb" pos="NOUN">råb</instance>
         <wf lemma="og" pos="X">og</wf>
         <wf lemma="ophidsede" pos="X">ophidsede</wf>
         <wf lemma="stemmer" pos="X">stemmer</wf>
         <wf lemma="ude" pos="X">ude</wf>
         <wf lemma="fra" pos="X">fra</wf>
         <wf lemma="gården" pos="X">gården</wf>
         <wf lemma="." pos="X">.</wf>
         <wf lemma="Kommandoord" pos="X">Kommandoord</wf>
         <wf lemma="," pos="X">,</wf>
         <wf lemma="heste" pos="X">heste</wf>
         <wf lemma="der" pos="X">der</wf>
         <wf lemma="vrinskede" pos="X">vrinskede</wf>
         <wf lemma="." pos="X">.</wf>
      </sentence>
      <sentence id="d000.s3210" source="wordnet-danish">
         <wf lemma="den" pos="X">den</wf>
         <wf lemma="generation" pos="X">generation</wf>
         <wf lemma="," pos="X">,</wf>
         <wf lemma="vi" pos="X">vi</wf>
         <instance id="d000.s3210.t000" lemma="repræsentere" pos="VERB">repræsenterer</instance>
         <wf lemma="," pos="X">,</wf>
         <wf lemma="og" pos="X">og</wf>
         <wf lemma="vores" pos="X">vores</wf>
         <wf lemma="medlemmer" pos="X">medlemmer</wf>
         <wf lemma="er" pos="X">er</wf>
         <wf lemma="i" pos="X">i</wf>
         <wf lemma="gennemsnit" pos="X">gennemsnit</wf>
         <wf lemma="ikke" pos="X">ikke</wf>
         <wf lemma="over" pos="X">over</wf>
         <wf lemma="40." pos="X">40.</wf>
      </sentence>
      <sentence id="d000.s3211" source="wordnet-danish">
         <wf lemma="hendes" pos="X">hendes</wf>
         <wf lemma="hår" pos="X">hår</wf>
         <wf lemma="gror" pos="X">gror</wf>
         <wf lemma="som" pos="X">som</wf>
         <instance id="d000.s3211.t000" lemma="ukrudt" pos="NOUN">ukrudt</instance>
         <wf lemma="," pos="X">,</wf>
         <wf lemma="hvorfor" pos="X">hvorfor</wf>
         <wf lemma="hun" pos="X">hun</wf>
         <wf lemma="har" pos="X">har</wf>
         <wf lemma="nået" pos="X">nået</wf>
         <wf lemma="at" pos="X">at</wf>
         <wf lemma="være" pos="X">være</wf>
         <wf lemma="skiftevis" pos="X">skiftevis</wf>
         <wf lemma="karseklippet" pos="X">karseklippet</wf>
         <wf lemma="og" pos="X">og</wf>
         <wf lemma="langhåret" pos="X">langhåret</wf>
         <wf lemma="i" pos="X">i</wf>
         <wf lemma="de" pos="X">de</wf>
         <wf lemma="3" pos="X">3</wf>
         <wf lemma="år" pos="X">år</wf>
         <wf lemma="vi" pos="X">vi</wf>
         <wf lemma="har" pos="X">har</wf>
         <wf lemma="kendt" pos="X">kendt</wf>
         <wf lemma="hende" pos="X">hende</wf>
         <wf lemma="." pos="X">.</wf>
      </sentence>
      <sentence id="d000.s3212" source="wordnet-danish">
         <wf lemma="Peter" pos="X">Peter</wf>
         <wf lemma="havde" pos="X">havde</wf>
         <wf lemma="taget" pos="X">taget</wf>
         <wf lemma="sig" pos="X">sig</wf>
         <wf lemma="i" pos="X">i</wf>
         <wf lemma="det" pos="X">det</wf>
         <wf lemma="," pos="X">,</wf>
         <wf lemma="var" pos="X">var</wf>
         <wf lemma="blevet" pos="X">blevet</wf>
         <wf lemma="sit" pos="X">sit</wf>
         <wf lemma="reserverede" pos="X">reserverede</wf>
         <instance id="d000.s3212.t000" lemma="selv" pos="NOUN">selv</instance>
         <wf lemma="igen" pos="X">igen</wf>
         <wf lemma="," pos="X">,</wf>
         <wf lemma="og" pos="X">og</wf>
         <wf lemma="havde" pos="X">havde</wf>
         <wf lemma="rettet" pos="X">rettet</wf>
         <wf lemma="på" pos="X">på</wf>
         <wf lemma="benklæderne" pos="X">benklæderne</wf>
         <wf lemma="(" pos="X">(</wf>
         <wf lemma="velpressede" pos="X">velpressede</wf>
         <wf lemma=")" pos="X">)</wf>
         <wf lemma="og" pos="X">og</wf>
         <wf lemma="slipset" pos="X">slipset</wf>
         <wf lemma="." pos="X">.</wf>
      </sentence>
      <sentence id="d000.s3213" source="wordnet-danish">
         <wf lemma="hele" pos="X">hele</wf>
         <instance id="d000.s3213.t000" lemma="familie" pos="NOUN">familien</instance>
         <wf lemma="med" pos="X">med</wf>
         <wf lemma="mostre" pos="X">mostre</wf>
         <wf lemma="og" pos="X">og</wf>
         <wf lemma="tanter" pos="X">tanter</wf>
         <wf lemma="i" pos="X">i</wf>
         <wf lemma="spidsen" pos="X">spidsen</wf>
         <wf lemma="travede" pos="X">travede</wf>
         <wf lemma="ud" pos="X">ud</wf>
         <wf lemma="til" pos="X">til</wf>
         <wf lemma="stadion" pos="X">stadion</wf>
         <wf lemma="for" pos="X">for</wf>
         <wf lemma="at" pos="X">at</wf>
         <wf lemma="se" pos="X">se</wf>
         <wf lemma="konfirmanden" pos="X">konfirmanden</wf>
         <wf lemma="i" pos="X">i</wf>
         <wf lemma="aktion" pos="X">aktion</wf>
         <wf lemma="." pos="X">.</wf>
      </sentence>
      <sentence id="d000.s3214" source="wordnet-danish">
         <wf lemma="soldatens" pos="X">soldatens</wf>
         <wf lemma="første" pos="X">første</wf>
         <wf lemma="pligt" pos="X">pligt</wf>
         <wf lemma="er" pos="X">er</wf>
         <wf lemma="at" pos="X">at</wf>
         <instance id="d000.s3214.t000" lemma="adlyde" pos="VERB">adlyde</instance>
         <wf lemma="enhver" pos="X">enhver</wf>
         <wf lemma="lovlig" pos="X">lovlig</wf>
         <wf lemma="ordre" pos="X">ordre</wf>
         <wf lemma="." pos="X">.</wf>
      </sentence>
      <sentence id="d000.s3215" source="wordnet-danish">
         <wf lemma="den" pos="X">den</wf>
         <wf lemma="arabiske" pos="X">arabiske</wf>
         <wf lemma="kvindes" pos="X">kvindes</wf>
         <instance id="d000.s3215.t000" lemma="indflydelse" pos="NOUN">indflydelse</instance>
         <wf lemma="i" pos="X">i</wf>
         <wf lemma="hjemmet" pos="X">hjemmet</wf>
         <wf lemma="er" pos="X">er</wf>
         <wf lemma="stor" pos="X">stor</wf>
         <wf lemma="." pos="X">.</wf>
      </sentence>
      <sentence id="d000.s3216" source="wordnet-danish">
         <wf lemma="Shakespeares" pos="X">Shakespeares</wf>
         <instance id="d000.s3216.t000" lemma="tragedie" pos="NOUN">tragedie</instance>
         <wf lemma="om" pos="X">om</wf>
         <wf lemma="Kong" pos="X">Kong</wf>
         <wf lemma="Lear" pos="X">Lear</wf>
         <wf lemma="ender" pos="X">ender</wf>
         <wf lemma="forfærdeligt" pos="X">forfærdeligt</wf>
         <wf lemma="." pos="X">.</wf>
         <wf lemma="Cordelia" pos="X">Cordelia</wf>
         <wf lemma="henrettes" pos="X">henrettes</wf>
         <wf lemma="af" pos="X">af</wf>
         <wf lemma="sine" pos="X">sine</wf>
         <wf lemma="søstre" pos="X">søstre</wf>
         <wf lemma="og" pos="X">og</wf>
         <wf lemma="svogre" pos="X">svogre</wf>
         <wf lemma="," pos="X">,</wf>
         <wf lemma="og" pos="X">og</wf>
         <wf lemma="Kong" pos="X">Kong</wf>
         <wf lemma="Lear" pos="X">Lear</wf>
         <wf lemma="dør" pos="X">dør</wf>
         <wf lemma="," pos="X">,</wf>
         <wf lemma="da" pos="X">da</wf>
         <wf lemma="hans" pos="X">hans</wf>
         <wf lemma="hjerte" pos="X">hjerte</wf>
         <wf lemma="brister" pos="X">brister</wf>
         <wf lemma="af" pos="X">af</wf>
         <wf lemma="sorg" pos="X">sorg</wf>
         <wf lemma="." pos="X">.</wf>
      </sentence>
      <sentence id="d000.s3217" source="wordnet-danish">
         <wf lemma="En" pos="X">En</wf>
         <wf lemma="af" pos="X">af</wf>
         <wf lemma="parolerne" pos="X">parolerne</wf>
         <wf lemma="i" pos="X">i</wf>
         <wf lemma="retsopgøret" pos="X">retsopgøret</wf>
         <wf lemma="i" pos="X">i</wf>
         <wf lemma="Danmark" pos="X">Danmark</wf>
         <wf lemma="efter" pos="X">efter</wf>
         <instance id="d000.s3217.t000" lemma="besættelse" pos="NOUN">besættelsen</instance>
         <wf lemma="var" pos="X">var</wf>
         <wf lemma="'udrensning" pos="X">'udrensning</wf>
         <wf lemma="til" pos="X">til</wf>
         <wf lemma="top" pos="X">top</wf>
         <wf lemma="og" pos="X">og</wf>
         <wf lemma="til" pos="X">til</wf>
         <wf lemma="bunds'" pos="X">bunds'</wf>
         <wf lemma="." pos="X">.</wf>
      </sentence>
      <sentence id="d000.s3218" source="wordnet-danish">
         <wf lemma="pakningen" pos="X">pakningen</wf>
         <wf lemma="[har]" pos="X">[har]</wf>
         <wf lemma="en" pos="X">en</wf>
         <instance id="d000.s3218.t000" lemma="rød" pos="NOUN">rød</instance>
         <wf lemma="advarselstrekant" pos="X">advarselstrekant</wf>
         <wf lemma="." pos="X">.</wf>
         <wf lemma="Det" pos="X">Det</wf>
         <wf lemma="betyder" pos="X">betyder</wf>
         <wf lemma="," pos="X">,</wf>
         <wf lemma="at" pos="X">at</wf>
         <wf lemma="medicinen" pos="X">medicinen</wf>
         <wf lemma="er" pos="X">er</wf>
         <wf lemma="trafikfarlig" pos="X">trafikfarlig</wf>
         <wf lemma="." pos="X">.</wf>
      </sentence>
      <sentence id="d000.s3219" source="wordnet-danish">
         <wf lemma="Smeltevandet" pos="X">Smeltevandet</wf>
         <wf lemma=".." pos="X">..</wf>
         <wf lemma="løb" pos="X">løb</wf>
         <wf lemma="i" pos="X">i</wf>
         <wf lemma="tunneler" pos="X">tunneler</wf>
         <wf lemma="inde" pos="X">inde</wf>
         <wf lemma="under" pos="X">under</wf>
         <wf lemma="isen" pos="X">isen</wf>
         <wf lemma="og" pos="X">og</wf>
         <wf lemma="fossede" pos="X">fossede</wf>
         <wf lemma="frem" pos="X">frem</wf>
         <wf lemma="ved" pos="X">ved</wf>
         <wf lemma="dens" pos="X">dens</wf>
         <instance id="d000.s3219.t000" lemma="rand" pos="NOUN">rand</instance>
         <wf lemma="." pos="X">.</wf>
      </sentence>
      <sentence id="d000.s3220" source="wordnet-danish">
         <wf lemma="Di-Te-Pol-vaccination" pos="X">Di-Te-Pol-vaccination</wf>
         <wf lemma="er" pos="X">er</wf>
         <instance id="d000.s3220.t000" lemma="vaccination" pos="NOUN">vaccination</instance>
         <wf lemma="mod" pos="X">mod</wf>
         <wf lemma="difteri" pos="X">difteri</wf>
         <wf lemma="," pos="X">,</wf>
         <wf lemma="stivkrampe" pos="X">stivkrampe</wf>
         <wf lemma="(" pos="X">(</wf>
         <wf lemma="tetanus" pos="X">tetanus</wf>
         <wf lemma=")" pos="X">)</wf>
         <wf lemma="og" pos="X">og</wf>
         <wf lemma="polio" pos="X">polio</wf>
         <wf lemma="(" pos="X">(</wf>
         <wf lemma="børnelammelse" pos="X">børnelammelse</wf>
         <wf lemma=")" pos="X">)</wf>
         <wf lemma="." pos="X">.</wf>
         <wf lemma="MFR-vaccination" pos="X">MFR-vaccination</wf>
         <wf lemma="er" pos="X">er</wf>
         <wf lemma="vaccination" pos="X">vaccination</wf>
         <wf lemma="mod" pos="X">mod</wf>
         <wf lemma="mæslinger" pos="X">mæslinger</wf>
         <wf lemma="," pos="X">,</wf>
         <wf lemma="fåresyge" pos="X">fåresyge</wf>
         <wf lemma="og" pos="X">og</wf>
         <wf lemma="røde" pos="X">røde</wf>
         <wf lemma="hunde" pos="X">hunde</wf>
         <wf lemma="." pos="X">.</wf>
      </sentence>
      <sentence id="d000.s3221" source="wordnet-danish">
         <wf lemma="Gider" pos="X">Gider</wf>
         <wf lemma="I" pos="X">I</wf>
         <wf lemma="lige" pos="X">lige</wf>
         <instance id="d000.s3221.t000" lemma="høre" pos="VERB">høre</instance>
         <wf lemma="på" pos="X">på</wf>
         <wf lemma="mig" pos="X">mig</wf>
         <wf lemma="," pos="X">,</wf>
         <wf lemma="sagde" pos="X">sagde</wf>
         <wf lemma="jeg" pos="X">jeg</wf>
         <wf lemma="meget" pos="X">meget</wf>
         <wf lemma="højt" pos="X">højt</wf>
         <wf lemma="." pos="X">.</wf>
      </sentence>
      <sentence id="d000.s3222" source="wordnet-danish">
         <wf lemma="Var" pos="X">Var</wf>
         <wf lemma="det" pos="X">det</wf>
         <instance id="d000.s3222.t000" lemma="indbildning" pos="NOUN">indbildning</instance>
         <wf lemma="eller" pos="X">eller</wf>
         <wf lemma="hørte" pos="X">hørte</wf>
         <wf lemma="han" pos="X">han</wf>
         <wf lemma="en" pos="X">en</wf>
         <wf lemma="svag" pos="X">svag</wf>
         <wf lemma="hvisken" pos="X">hvisken</wf>
         <wf lemma="fra" pos="X">fra</wf>
         <wf lemma="den" pos="X">den</wf>
         <wf lemma="smalle" pos="X">smalle</wf>
         <wf lemma="gang" pos="X">gang</wf>
         <wf lemma="der" pos="X">der</wf>
         <wf lemma="gik" pos="X">gik</wf>
         <wf lemma="mod" pos="X">mod</wf>
         <wf lemma="nordøst" pos="X">nordøst</wf>
         <wf lemma="." pos="X">.</wf>
      </sentence>
      <sentence id="d000.s3223" source="wordnet-danish">
         <wf lemma="Den" pos="X">Den</wf>
         <wf lemma="gode" pos="X">gode</wf>
         <wf lemma="er" pos="X">er</wf>
         <wf lemma="at" pos="X">at</wf>
         <wf lemma="BZ-husene" pos="X">BZ-husene</wf>
         <wf lemma="på" pos="X">på</wf>
         <wf lemma="Vesterbro" pos="X">Vesterbro</wf>
         <wf lemma="i" pos="X">i</wf>
         <wf lemma="København" pos="X">København</wf>
         <wf lemma="endelig" pos="X">endelig</wf>
         <wf lemma="er" pos="X">er</wf>
         <wf lemma="blevet" pos="X">blevet</wf>
         <instance id="d000.s3223.t000" lemma="rydde" pos="VERB">ryddet</instance>
         <wf lemma="." pos="X">.</wf>
      </sentence>
      <sentence id="d000.s3224" source="wordnet-danish">
         <wf lemma="Olof" pos="X">Olof</wf>
         <wf lemma="Palme" pos="X">Palme</wf>
         <wf lemma="bar" pos="X">bar</wf>
         <wf lemma="en" pos="X">en</wf>
         <wf lemma="brændende" pos="X">brændende</wf>
         <instance id="d000.s3224.t000" lemma="fakkel" pos="NOUN">fakkel</instance>
         <wf lemma="gennem" pos="X">gennem</wf>
         <wf lemma="livet" pos="X">livet</wf>
         <wf lemma="." pos="X">.</wf>
         <wf lemma="Hans" pos="X">Hans</wf>
         <wf lemma="engagement" pos="X">engagement</wf>
         <wf lemma="for" pos="X">for</wf>
         <wf lemma="fred" pos="X">fred</wf>
         <wf lemma="," pos="X">,</wf>
         <wf lemma="frihed" pos="X">frihed</wf>
         <wf lemma="og" pos="X">og</wf>
         <wf lemma="social" pos="X">social</wf>
         <wf lemma="retfærdighed" pos="X">retfærdighed</wf>
         <wf lemma="gjorde" pos="X">gjorde</wf>
         <wf lemma="ham" pos="X">ham</wf>
         <wf lemma="både" pos="X">både</wf>
         <wf lemma="elsket" pos="X">elsket</wf>
         <wf lemma="og" pos="X">og</wf>
         <wf lemma="hadet" pos="X">hadet</wf>
         <wf lemma="som" pos="X">som</wf>
         <wf lemma="politiker" pos="X">politiker</wf>
         <wf lemma="." pos="X">.</wf>
      </sentence>
      <sentence id="d000.s3225" source="wordnet-danish">
         <wf lemma="Hun" pos="X">Hun</wf>
         <wf lemma="havde" pos="X">havde</wf>
         <wf lemma="et" pos="X">et</wf>
         <wf lemma="meget" pos="X">meget</wf>
         <wf lemma="smukt" pos="X">smukt</wf>
         <wf lemma="," pos="X">,</wf>
         <wf lemma="let" pos="X">let</wf>
         <wf lemma="orientalsk" pos="X">orientalsk</wf>
         <instance id="d000.s3225.t000" lemma="ansigt" pos="NOUN">ansigt</instance>
         <wf lemma="med" pos="X">med</wf>
         <wf lemma="høje" pos="X">høje</wf>
         <wf lemma="," pos="X">,</wf>
         <wf lemma="skrå" pos="X">skrå</wf>
         <wf lemma="kindben" pos="X">kindben</wf>
         <wf lemma="og" pos="X">og</wf>
         <wf lemma="øjne" pos="X">øjne</wf>
         <wf lemma="som" pos="X">som</wf>
         <wf lemma="en" pos="X">en</wf>
         <wf lemma="egyptisk" pos="X">egyptisk</wf>
         <wf lemma="dronning" pos="X">dronning</wf>
         <wf lemma="--" pos="X">--</wf>
         <wf lemma="bare" pos="X">bare</wf>
         <wf lemma="blå" pos="X">blå</wf>
         <wf lemma="." pos="X">.</wf>
      </sentence>
      <sentence id="d000.s3226" source="wordnet-danish">
         <wf lemma="Ved" pos="X">Ved</wf>
         <wf lemma="påkørslen" pos="X">påkørslen</wf>
         <wf lemma="gik" pos="X">gik</wf>
         <wf lemma="der" pos="X">der</wf>
         <instance id="d000.s3226.t000" lemma="panik" pos="NOUN">panik</instance>
         <wf lemma="i" pos="X">i</wf>
         <wf lemma="hestene" pos="X">hestene</wf>
         <wf lemma="." pos="X">.</wf>
         <wf lemma="To" pos="X">To</wf>
         <wf lemma="af" pos="X">af</wf>
         <wf lemma="dem" pos="X">dem</wf>
         <wf lemma="fortsatte" pos="X">fortsatte</wf>
         <wf lemma="direkte" pos="X">direkte</wf>
         <wf lemma="over" pos="X">over</wf>
         <wf lemma="i" pos="X">i</wf>
         <wf lemma="de" pos="X">de</wf>
         <wf lemma="to" pos="X">to</wf>
         <wf lemma="modsatte" pos="X">modsatte</wf>
         <wf lemma="vejbaner" pos="X">vejbaner</wf>
         <wf lemma="." pos="X">.</wf>
      </sentence>
      <sentence id="d000.s3227" source="wordnet-danish">
         <wf lemma="Han" pos="X">Han</wf>
         <wf lemma="følte" pos="X">følte</wf>
         <wf lemma="sig" pos="X">sig</wf>
         <wf lemma="som" pos="X">som</wf>
         <wf lemma="en" pos="X">en</wf>
         <wf lemma="forbryder" pos="X">forbryder</wf>
         <wf lemma="og" pos="X">og</wf>
         <wf lemma="måtte" pos="X">måtte</wf>
         <instance id="d000.s3227.t000" lemma="skamfuld" pos="ADJ">skamfuld</instance>
         <wf lemma="slå" pos="X">slå</wf>
         <wf lemma="øjnene" pos="X">øjnene</wf>
         <wf lemma="ned" pos="X">ned</wf>
         <wf lemma="." pos="X">.</wf>
      </sentence>
      <sentence id="d000.s3228" source="wordnet-danish">
         <wf lemma="Han" pos="X">Han</wf>
         <wf lemma="havde" pos="X">havde</wf>
         <wf lemma="været" pos="X">været</wf>
         <wf lemma="på" pos="X">på</wf>
         <wf lemma="posthuset" pos="X">posthuset</wf>
         <wf lemma="og" pos="X">og</wf>
         <wf lemma="betale" pos="X">betale</wf>
         <instance id="d000.s3228.t000" lemma="regning" pos="NOUN">regninger</instance>
         <wf lemma="." pos="X">.</wf>
      </sentence>
      <sentence id="d000.s3229" source="wordnet-danish">
         <wf lemma="Nu" pos="X">Nu</wf>
         <wf lemma="er" pos="X">er</wf>
         <wf lemma="det" pos="X">det</wf>
         <wf lemma="slut" pos="X">slut</wf>
         <wf lemma="med" pos="X">med</wf>
         <wf lemma="at" pos="X">at</wf>
         <wf lemma="se" pos="X">se</wf>
         <wf lemma="en" pos="X">en</wf>
         <wf lemma="rustvogn" pos="X">rustvogn</wf>
         <wf lemma="køre" pos="X">køre</wf>
         <wf lemma="igennem" pos="X">igennem</wf>
         <wf lemma="gaderne" pos="X">gaderne</wf>
         <wf lemma="med" pos="X">med</wf>
         <wf lemma="en" pos="X">en</wf>
         <instance id="d000.s3229.t000" lemma="bar" pos="ADJ">bar</instance>
         <wf lemma="kiste" pos="X">kiste</wf>
         <wf lemma="," pos="X">,</wf>
         <wf lemma="uden" pos="X">uden</wf>
         <wf lemma="blomsterpynt" pos="X">blomsterpynt</wf>
         <wf lemma="." pos="X">.</wf>
      </sentence>
      <sentence id="d000.s3230" source="wordnet-danish">
         <wf lemma="I" pos="X">I</wf>
         <wf lemma="min" pos="X">min</wf>
         <wf lemma="gæstestue" pos="X">gæstestue</wf>
         <wf lemma="har" pos="X">har</wf>
         <wf lemma="sofaen" pos="X">sofaen</wf>
         <wf lemma="lilla" pos="X">lilla</wf>
         <instance id="d000.s3230.t000" lemma="fløjl" pos="NOUN">fløjl</instance>
         <wf lemma="." pos="X">.</wf>
      </sentence>
      <sentence id="d000.s3231" source="wordnet-danish">
         <wf lemma="for" pos="X">for</wf>
         <wf lemma="et" pos="X">et</wf>
         <wf lemma="par" pos="X">par</wf>
         <wf lemma="år" pos="X">år</wf>
         <wf lemma="siden" pos="X">siden</wf>
         <wf lemma="løb" pos="X">løb</wf>
         <wf lemma="Nordisk" pos="X">Nordisk</wf>
         <wf lemma="Fjer" pos="X">Fjer</wf>
         <wf lemma="ind" pos="X">ind</wf>
         <wf lemma="i" pos="X">i</wf>
         <instance id="d000.s3231.t000" lemma="vanskelighed" pos="NOUN">vanskeligheder</instance>
         <wf lemma="og" pos="X">og</wf>
         <wf lemma="endte" pos="X">endte</wf>
         <wf lemma="i" pos="X">i</wf>
         <wf lemma="Sø-" pos="X">Sø-</wf>
         <wf lemma="og" pos="X">og</wf>
         <wf lemma="Handelsretten" pos="X">Handelsretten</wf>
         <wf lemma="med" pos="X">med</wf>
         <wf lemma="en" pos="X">en</wf>
         <wf lemma="dramatisk" pos="X">dramatisk</wf>
         <wf lemma="konkurs" pos="X">konkurs</wf>
         <wf lemma="." pos="X">.</wf>
      </sentence>
      <sentence id="d000.s3232" source="wordnet-danish">
         <wf lemma="Vi" pos="X">Vi</wf>
         <wf lemma="har" pos="X">har</wf>
         <wf lemma="altid" pos="X">altid</wf>
         <wf lemma="været" pos="X">været</wf>
         <wf lemma="gode" pos="X">gode</wf>
         <wf lemma="til" pos="X">til</wf>
         <wf lemma="at" pos="X">at</wf>
         <wf lemma="fortælle" pos="X">fortælle</wf>
         <wf lemma="kunderne" pos="X">kunderne</wf>
         <wf lemma="hvad" pos="X">hvad</wf>
         <wf lemma="en" pos="X">en</wf>
         <instance id="d000.s3232.t000" lemma="forsikring" pos="NOUN">forsikring</instance>
         <wf lemma="dækkede" pos="X">dækkede</wf>
         <wf lemma="," pos="X">,</wf>
         <wf lemma="vi" pos="X">vi</wf>
         <wf lemma="har" pos="X">har</wf>
         <wf lemma="nok" pos="X">nok</wf>
         <wf lemma="ikke" pos="X">ikke</wf>
         <wf lemma="fremhævet" pos="X">fremhævet</wf>
         <wf lemma="tydeligt" pos="X">tydeligt</wf>
         <wf lemma="nok" pos="X">nok</wf>
         <wf lemma="hvad" pos="X">hvad</wf>
         <wf lemma="en" pos="X">en</wf>
         <wf lemma="forsikring" pos="X">forsikring</wf>
         <wf lemma="ikke" pos="X">ikke</wf>
         <wf lemma="dækker" pos="X">dækker</wf>
         <wf lemma="." pos="X">.</wf>
      </sentence>
      <sentence id="d000.s3233" source="wordnet-danish">
         <wf lemma="Med" pos="X">Med</wf>
         <wf lemma="essayet" pos="X">essayet</wf>
         <wf lemma="'" pos="X">'</wf>
         <wf lemma="Hinsides" pos="X">Hinsides</wf>
         <wf lemma="lystprincippet'" pos="X">lystprincippet'</wf>
         <instance id="d000.s3233.t000" lemma="introducere" pos="VERB">introducerede</instance>
         <wf lemma="Freud" pos="X">Freud</wf>
         <wf lemma="i" pos="X">i</wf>
         <wf lemma="1920" pos="X">1920</wf>
         <wf lemma="begrebet" pos="X">begrebet</wf>
         <wf lemma="dødsdrift" pos="X">dødsdrift</wf>
         <wf lemma="." pos="X">.</wf>
      </sentence>
      <sentence id="d000.s3234" source="wordnet-danish">
         <wf lemma="Den" pos="X">Den</wf>
         <wf lemma="feudale" pos="X">feudale</wf>
         <wf lemma="struktur" pos="X">struktur</wf>
         <wf lemma="havde" pos="X">havde</wf>
         <instance id="d000.s3234.t000" lemma="form" pos="NOUN">form</instance>
         <wf lemma="af" pos="X">af</wf>
         <wf lemma="en" pos="X">en</wf>
         <wf lemma="hierarkisk" pos="X">hierarkisk</wf>
         <wf lemma="pyramide" pos="X">pyramide</wf>
         <wf lemma="." pos="X">.</wf>
      </sentence>
      <sentence id="d000.s3235" source="wordnet-danish">
         <wf lemma="Hun" pos="X">Hun</wf>
         <wf lemma="fik" pos="X">fik</wf>
         <wf lemma="sine" pos="X">sine</wf>
         <wf lemma="nye" pos="X">nye</wf>
         <wf lemma="sko" pos="X">sko</wf>
         <wf lemma="på" pos="X">på</wf>
         <wf lemma="og" pos="X">og</wf>
         <wf lemma="sin" pos="X">sin</wf>
         <wf lemma="lille" pos="X">lille</wf>
         <wf lemma="taske" pos="X">taske</wf>
         <wf lemma="med" pos="X">med</wf>
         <wf lemma="pixi-bøger" pos="X">pixi-bøger</wf>
         <wf lemma="og" pos="X">og</wf>
         <instance id="d000.s3235.t000" lemma="kassettebånd" pos="NOUN">kassettebånd</instance>
         <wf lemma="med" pos="X">med</wf>
         <wf lemma="'" pos="X">'</wf>
         <wf lemma="Kaj" pos="X">Kaj</wf>
         <wf lemma="&amp;amp" pos="X">&amp;amp</wf>
         <wf lemma=";" pos="X">;</wf>
         <wf lemma="Andrea'" pos="X">Andrea'</wf>
         <wf lemma="." pos="X">.</wf>
      </sentence>
      <sentence id="d000.s3236" source="wordnet-danish">
         <instance id="d000.s3236.t000" lemma="uenighed" pos="NOUN">Uenigheden</instance>
         <wf lemma="forplantede" pos="X">forplantede</wf>
         <wf lemma="sig" pos="X">sig</wf>
         <wf lemma="til" pos="X">til</wf>
         <wf lemma="regeringen" pos="X">regeringen</wf>
         <wf lemma="og" pos="X">og</wf>
         <wf lemma="gav" pos="X">gav</wf>
         <wf lemma="anledning" pos="X">anledning</wf>
         <wf lemma="til" pos="X">til</wf>
         <wf lemma="divergenser" pos="X">divergenser</wf>
         <wf lemma="mellem" pos="X">mellem</wf>
         <wf lemma="ministrene" pos="X">ministrene</wf>
         <wf lemma="." pos="X">.</wf>
      </sentence>
      <sentence id="d000.s3237" source="wordnet-danish">
         <wf lemma="De" pos="X">De</wf>
         <wf lemma="bandt" pos="X">bandt</wf>
         <wf lemma="røde" pos="X">røde</wf>
         <wf lemma="bånd" pos="X">bånd</wf>
         <wf lemma="om" pos="X">om</wf>
         <wf lemma="appelsiner" pos="X">appelsiner</wf>
         <wf lemma="og" pos="X">og</wf>
         <instance id="d000.s3237.t000" lemma="hænge" pos="VERB">hængte</instance>
         <wf lemma="dem" pos="X">dem</wf>
         <wf lemma="op" pos="X">op</wf>
         <wf lemma="," pos="X">,</wf>
         <wf lemma="så" pos="X">så</wf>
         <wf lemma="de" pos="X">de</wf>
         <wf lemma="kunne" pos="X">kunne</wf>
         <wf lemma="dufte" pos="X">dufte</wf>
         <wf lemma="over" pos="X">over</wf>
         <wf lemma="det" pos="X">det</wf>
         <wf lemma="hele" pos="X">hele</wf>
         <wf lemma="." pos="X">.</wf>
      </sentence>
      <sentence id="d000.s3238" source="wordnet-danish">
         <wf lemma="Han" pos="X">Han</wf>
         <wf lemma="husker" pos="X">husker</wf>
         <wf lemma="hendes" pos="X">hendes</wf>
         <wf lemma="rørende" pos="X">rørende</wf>
         <instance id="d000.s3238.t000" lemma="beretning" pos="NOUN">beretning</instance>
         <wf lemma="om" pos="X">om</wf>
         <wf lemma="," pos="X">,</wf>
         <wf lemma="hvordan" pos="X">hvordan</wf>
         <wf lemma="hun" pos="X">hun</wf>
         <wf lemma="som" pos="X">som</wf>
         <wf lemma="barn" pos="X">barn</wf>
         <wf lemma="faldt" pos="X">faldt</wf>
         <wf lemma="ned" pos="X">ned</wf>
         <wf lemma="af" pos="X">af</wf>
         <wf lemma="trappen" pos="X">trappen</wf>
         <wf lemma="." pos="X">.</wf>
      </sentence>
      <sentence id="d000.s3239" source="wordnet-danish">
         <wf lemma="Det" pos="X">Det</wf>
         <wf lemma="vigtigste" pos="X">vigtigste</wf>
         <instance id="d000.s3239.t000" lemma="værktøj" pos="NOUN">værktøj</instance>
         <wf lemma="," pos="X">,</wf>
         <wf lemma="De" pos="X">De</wf>
         <wf lemma="skal" pos="X">skal</wf>
         <wf lemma="bruge" pos="X">bruge</wf>
         <wf lemma="," pos="X">,</wf>
         <wf lemma="er" pos="X">er</wf>
         <wf lemma="en" pos="X">en</wf>
         <wf lemma="stiksav" pos="X">stiksav</wf>
         <wf lemma="," pos="X">,</wf>
         <wf lemma="en" pos="X">en</wf>
         <wf lemma="boremaskine" pos="X">boremaskine</wf>
         <wf lemma=".." pos="X">..</wf>
         <wf lemma="en" pos="X">en</wf>
         <wf lemma="skruetrækker" pos="X">skruetrækker</wf>
         <wf lemma="," pos="X">,</wf>
         <wf lemma="en" pos="X">en</wf>
         <wf lemma="hammer" pos="X">hammer</wf>
         <wf lemma="." pos="X">.</wf>
      </sentence>
      <sentence id="d000.s3240" source="wordnet-danish">
         <wf lemma="en" pos="X">en</wf>
         <wf lemma="række" pos="X">række</wf>
         <wf lemma="nye" pos="X">nye</wf>
         <wf lemma="og" pos="X">og</wf>
         <wf lemma="sværere" pos="X">sværere</wf>
         <wf lemma="vilkår" pos="X">vilkår</wf>
         <wf lemma="for" pos="X">for</wf>
         <wf lemma="at" pos="X">at</wf>
         <wf lemma="drive" pos="X">drive</wf>
         <wf lemma="landbrug" pos="X">landbrug</wf>
         <wf lemma="har" pos="X">har</wf>
         <wf lemma="forstærket" pos="X">forstærket</wf>
         <wf lemma="landmændenes" pos="X">landmændenes</wf>
         <instance id="d000.s3240.t000" lemma="frustration" pos="NOUN">frustrationer</instance>
         <wf lemma="." pos="X">.</wf>
      </sentence>
      <sentence id="d000.s3241" source="wordnet-danish">
         <wf lemma="Emma" pos="X">Emma</wf>
         <wf lemma="Gads" pos="X">Gads</wf>
         <instance id="d000.s3241.t000" lemma="dramatisk" pos="ADJ">dramatiske</instance>
         <wf lemma="arbejder" pos="X">arbejder</wf>
         <wf lemma="var" pos="X">var</wf>
         <wf lemma="lystspil" pos="X">lystspil</wf>
         <wf lemma="," pos="X">,</wf>
         <wf lemma="en" pos="X">en</wf>
         <wf lemma="betegnelse" pos="X">betegnelse</wf>
         <wf lemma="som" pos="X">som</wf>
         <wf lemma="mere" pos="X">mere</wf>
         <wf lemma="går" pos="X">går</wf>
         <wf lemma="på" pos="X">på</wf>
         <wf lemma="formen" pos="X">formen</wf>
         <wf lemma="end" pos="X">end</wf>
         <wf lemma="på" pos="X">på</wf>
         <wf lemma="indholdet" pos="X">indholdet</wf>
         <wf lemma="." pos="X">.</wf>
      </sentence>
      <sentence id="d000.s3242" source="wordnet-danish">
         <wf lemma="Han" pos="X">Han</wf>
         <instance id="d000.s3242.t000" lemma="forvente" pos="VERB">forventer</instance>
         <wf lemma="," pos="X">,</wf>
         <wf lemma="at" pos="X">at</wf>
         <wf lemma="der" pos="X">der</wf>
         <wf lemma="om" pos="X">om</wf>
         <wf lemma="to" pos="X">to</wf>
         <wf lemma="år" pos="X">år</wf>
         <wf lemma="vil" pos="X">vil</wf>
         <wf lemma="være" pos="X">være</wf>
         <wf lemma="ansat" pos="X">ansat</wf>
         <wf lemma="yderligere" pos="X">yderligere</wf>
         <wf lemma="1000" pos="X">1000</wf>
         <wf lemma="nye" pos="X">nye</wf>
         <wf lemma="medarbejdere" pos="X">medarbejdere</wf>
         <wf lemma="." pos="X">.</wf>
      </sentence>
      <sentence id="d000.s3243" source="wordnet-danish">
         <wf lemma="To" pos="X">To</wf>
         <wf lemma="unge" pos="X">unge</wf>
         <wf lemma="mænd" pos="X">mænd</wf>
         <wf lemma="blev" pos="X">blev</wf>
         <wf lemma="tidligt" pos="X">tidligt</wf>
         <wf lemma="søndag" pos="X">søndag</wf>
         <instance id="d000.s3243.t000" lemma="dræbe" pos="VERB">dræbt</instance>
         <wf lemma="på" pos="X">på</wf>
         <wf lemma="stedet" pos="X">stedet</wf>
         <wf lemma="," pos="X">,</wf>
         <wf lemma="da" pos="X">da</wf>
         <wf lemma="de" pos="X">de</wf>
         <wf lemma="på" pos="X">på</wf>
         <wf lemma="deres" pos="X">deres</wf>
         <wf lemma="motorcykel" pos="X">motorcykel</wf>
         <wf lemma="tørnede" pos="X">tørnede</wf>
         <wf lemma="mod" pos="X">mod</wf>
         <wf lemma="en" pos="X">en</wf>
         <wf lemma="husmur" pos="X">husmur</wf>
         <wf lemma="." pos="X">.</wf>
      </sentence>
      <sentence id="d000.s3244" source="wordnet-danish">
         <wf lemma="Han" pos="X">Han</wf>
         <wf lemma="skulle" pos="X">skulle</wf>
         <wf lemma="tage" pos="X">tage</wf>
         <wf lemma="et" pos="X">et</wf>
         <wf lemma="pulver" pos="X">pulver</wf>
         <wf lemma="," pos="X">,</wf>
         <wf lemma="der" pos="X">der</wf>
         <wf lemma="lå" pos="X">lå</wf>
         <wf lemma="i" pos="X">i</wf>
         <wf lemma="et" pos="X">et</wf>
         <instance id="d000.s3244.t000" lemma="brev" pos="NOUN">brev</instance>
         <wf lemma="af" pos="X">af</wf>
         <wf lemma="sølvpapir" pos="X">sølvpapir</wf>
         <wf lemma="." pos="X">.</wf>
         <wf lemma="Et" pos="X">Et</wf>
         <wf lemma="brev" pos="X">brev</wf>
         <wf lemma="fem" pos="X">fem</wf>
         <wf lemma="gange" pos="X">gange</wf>
         <wf lemma="om" pos="X">om</wf>
         <wf lemma="dagen" pos="X">dagen</wf>
         <wf lemma="." pos="X">.</wf>
         <wf lemma="Rørt" pos="X">Rørt</wf>
         <wf lemma="ud" pos="X">ud</wf>
         <wf lemma="i" pos="X">i</wf>
         <wf lemma="kogt" pos="X">kogt</wf>
         <wf lemma="vand" pos="X">vand</wf>
         <wf lemma="." pos="X">.</wf>
      </sentence>
      <sentence id="d000.s3245" source="wordnet-danish">
         <wf lemma="Den" pos="X">Den</wf>
         <wf lemma="grimme" pos="X">grimme</wf>
         <wf lemma="søster" pos="X">søster</wf>
         <wf lemma="med" pos="X">med</wf>
         <wf lemma="hareskåret" pos="X">hareskåret</wf>
         <wf lemma="var" pos="X">var</wf>
         <wf lemma="ikke" pos="X">ikke</wf>
         <wf lemma="bare" pos="X">bare</wf>
         <wf lemma="åndssvag" pos="X">åndssvag</wf>
         <wf lemma="," pos="X">,</wf>
         <wf lemma="hun" pos="X">hun</wf>
         <wf lemma="var" pos="X">var</wf>
         <wf lemma="også" pos="X">også</wf>
         <wf lemma="i" pos="X">i</wf>
         <wf lemma="videste" pos="X">videste</wf>
         <wf lemma="forstand" pos="X">forstand</wf>
         <wf lemma="anatomisk" pos="X">anatomisk</wf>
         <instance id="d000.s3245.t000" lemma="abnorm" pos="ADJ">abnorm</instance>
         <wf lemma="." pos="X">.</wf>
      </sentence>
      <sentence id="d000.s3246" source="wordnet-danish">
         <wf lemma="Jane" pos="X">Jane</wf>
         <wf lemma="Smiley" pos="X">Smiley</wf>
         <wf lemma="er" pos="X">er</wf>
         <instance id="d000.s3246.t000" lemma="doktor" pos="NOUN">doktor</instance>
         <wf lemma="i" pos="X">i</wf>
         <wf lemma="middelalderlitteratur" pos="X">middelalderlitteratur</wf>
         <wf lemma="ved" pos="X">ved</wf>
         <wf lemma="Iowa" pos="X">Iowa</wf>
         <wf lemma="State" pos="X">State</wf>
         <wf lemma="University" pos="X">University</wf>
         <wf lemma="i" pos="X">i</wf>
         <wf lemma="USA" pos="X">USA</wf>
         <wf lemma="." pos="X">.</wf>
      </sentence>
      <sentence id="d000.s3247" source="wordnet-danish">
         <wf lemma="Vi" pos="X">Vi</wf>
         <wf lemma="skulle" pos="X">skulle</wf>
         <wf lemma="til" pos="X">til</wf>
         <wf lemma="folkeafstemning" pos="X">folkeafstemning</wf>
         <wf lemma="om" pos="X">om</wf>
         <wf lemma="EF" pos="X">EF</wf>
         <wf lemma="medlemskabet" pos="X">medlemskabet</wf>
         <wf lemma="." pos="X">.</wf>
         <wf lemma="De" pos="X">De</wf>
         <wf lemma="mange" pos="X">mange</wf>
         <wf lemma="gyldne" pos="X">gyldne</wf>
         <wf lemma="løfter" pos="X">løfter</wf>
         <wf lemma="gav" pos="X">gav</wf>
         <wf lemma=".." pos="X">..</wf>
         <wf lemma="pote" pos="X">pote</wf>
         <wf lemma="," pos="X">,</wf>
         <wf lemma="et" pos="X">et</wf>
         <wf lemma="flertal" pos="X">flertal</wf>
         <wf lemma="på" pos="X">på</wf>
         <wf lemma="56,7" pos="X">56,7</wf>
         <wf lemma="%" pos="X">%</wf>
         <instance id="d000.s3247.t000" lemma="stemme" pos="VERB">stemte</instance>
         <wf lemma="ja" pos="X">ja</wf>
         <wf lemma="." pos="X">.</wf>
      </sentence>
      <sentence id="d000.s3248" source="wordnet-danish">
         <wf lemma="Jeg" pos="X">Jeg</wf>
         <wf lemma="har" pos="X">har</wf>
         <wf lemma="altid" pos="X">altid</wf>
         <wf lemma="været" pos="X">været</wf>
         <instance id="d000.s3248.t000" lemma="fascinere" pos="VERB">fascineret</instance>
         <wf lemma="af" pos="X">af</wf>
         <wf lemma="cirkus" pos="X">cirkus</wf>
         <wf lemma="," pos="X">,</wf>
         <wf lemma="gøgl" pos="X">gøgl</wf>
         <wf lemma="og" pos="X">og</wf>
         <wf lemma="teater" pos="X">teater</wf>
         <wf lemma="." pos="X">.</wf>
      </sentence>
      <sentence id="d000.s3249" source="wordnet-danish">
         <instance id="d000.s3249.t000" lemma="fotografi" pos="NOUN">Fotografierne</instance>
         <wf lemma="viser" pos="X">viser</wf>
         <wf lemma="," pos="X">,</wf>
         <wf lemma="hvordan" pos="X">hvordan</wf>
         <wf lemma="nogle" pos="X">nogle</wf>
         <wf lemma="mennesker" pos="X">mennesker</wf>
         <wf lemma="i" pos="X">i</wf>
         <wf lemma="Israel" pos="X">Israel</wf>
         <wf lemma="lever" pos="X">lever</wf>
         <wf lemma="i" pos="X">i</wf>
         <wf lemma="dag" pos="X">dag</wf>
         <wf lemma="." pos="X">.</wf>
      </sentence>
      <sentence id="d000.s3250" source="wordnet-danish">
         <wf lemma="Selv" pos="X">Selv</wf>
         <wf lemma="om" pos="X">om</wf>
         <wf lemma="ingen" pos="X">ingen</wf>
         <wf lemma="bryder" pos="X">bryder</wf>
         <wf lemma="sig" pos="X">sig</wf>
         <wf lemma="om" pos="X">om</wf>
         <wf lemma="at" pos="X">at</wf>
         <instance id="d000.s3250.t000" lemma="vedstå" pos="VERB">vedstå</instance>
         <wf lemma="det" pos="X">det</wf>
         <wf lemma="," pos="X">,</wf>
         <wf lemma="så" pos="X">så</wf>
         <wf lemma="finder" pos="X">finder</wf>
         <wf lemma="der" pos="X">der</wf>
         <wf lemma="en" pos="X">en</wf>
         <wf lemma="betydelig" pos="X">betydelig</wf>
         <wf lemma="stofhandel" pos="X">stofhandel</wf>
         <wf lemma="sted" pos="X">sted</wf>
         <wf lemma=".." pos="X">..</wf>
         <wf lemma="i" pos="X">i</wf>
         <wf lemma="de" pos="X">de</wf>
         <wf lemma="større" pos="X">større</wf>
         <wf lemma="lukkede" pos="X">lukkede</wf>
         <wf lemma="anstalter" pos="X">anstalter</wf>
         <wf lemma="." pos="X">.</wf>
      </sentence>
      <sentence id="d000.s3251" source="wordnet-danish">
         <wf lemma="saltet" pos="X">saltet</wf>
         <wf lemma="i" pos="X">i</wf>
         <wf lemma="sandet" pos="X">sandet</wf>
         <wf lemma="[bevirker" pos="X">[bevirker</wf>
         <wf lemma="at" pos="X">at</wf>
         <wf lemma="]" pos="X">]</wf>
         <wf lemma="få" pos="X">få</wf>
         <wf lemma="år" pos="X">år</wf>
         <wf lemma="gamle" pos="X">gamle</wf>
         <instance id="d000.s3251.t000" lemma="konstruktion" pos="NOUN">konstruktioner</instance>
         <wf lemma="af" pos="X">af</wf>
         <wf lemma="beton" pos="X">beton</wf>
         <wf lemma="falder" pos="X">falder</wf>
         <wf lemma="sammen" pos="X">sammen</wf>
         <wf lemma="." pos="X">.</wf>
      </sentence>
      <sentence id="d000.s3252" source="wordnet-danish">
         <wf lemma="hovedindtægtskilden" pos="X">hovedindtægtskilden</wf>
         <wf lemma="er" pos="X">er</wf>
         <wf lemma="det" pos="X">det</wf>
         <wf lemma="månedlige" pos="X">månedlige</wf>
         <wf lemma="loppemarked" pos="X">loppemarked</wf>
         <wf lemma="den" pos="X">den</wf>
         <wf lemma="første" pos="X">første</wf>
         <wf lemma="fredag" pos="X">fredag</wf>
         <wf lemma="i" pos="X">i</wf>
         <wf lemma="hver" pos="X">hver</wf>
         <instance id="d000.s3252.t000" lemma="måned" pos="NOUN">måned</instance>
         <wf lemma="." pos="X">.</wf>
      </sentence>
      <sentence id="d000.s3253" source="wordnet-danish">
         <wf lemma="den" pos="X">den</wf>
         <wf lemma="første" pos="X">første</wf>
         <wf lemma="danske" pos="X">danske</wf>
         <instance id="d000.s3253.t000" lemma="ordbog" pos="NOUN">ordbog</instance>
         <wf lemma="," pos="X">,</wf>
         <wf lemma="der" pos="X">der</wf>
         <wf lemma="registrerer" pos="X">registrerer</wf>
         <wf lemma="politiker" pos="X">politiker</wf>
         <wf lemma="," pos="X">,</wf>
         <wf lemma="er" pos="X">er</wf>
         <wf lemma="Svend" pos="X">Svend</wf>
         <wf lemma="Grundtvigs" pos="X">Grundtvigs</wf>
         <wf lemma="retskrivningsordbog" pos="X">retskrivningsordbog</wf>
         <wf lemma="fra" pos="X">fra</wf>
         <wf lemma="1872" pos="X">1872</wf>
         <wf lemma="." pos="X">.</wf>
      </sentence>
      <sentence id="d000.s3254" source="wordnet-danish">
         <wf lemma="Dejen" pos="X">Dejen</wf>
         <wf lemma="røres" pos="X">røres</wf>
         <wf lemma="sammen" pos="X">sammen</wf>
         <wf lemma="med" pos="X">med</wf>
         <wf lemma="en" pos="X">en</wf>
         <instance id="d000.s3254.t000" lemma="ske" pos="NOUN">ske</instance>
         <wf lemma="." pos="X">.</wf>
      </sentence>
      <sentence id="d000.s3255" source="wordnet-danish">
         <wf lemma="Fra" pos="X">Fra</wf>
         <instance id="d000.s3255.t000" lemma="historisk" pos="ADJ">historiske</instance>
         <wf lemma="kilder" pos="X">kilder</wf>
         <wf lemma="ved" pos="X">ved</wf>
         <wf lemma="man" pos="X">man</wf>
         <wf lemma="," pos="X">,</wf>
         <wf lemma="at" pos="X">at</wf>
         <wf lemma="der" pos="X">der</wf>
         <wf lemma="har" pos="X">har</wf>
         <wf lemma="været" pos="X">været</wf>
         <wf lemma="store" pos="X">store</wf>
         <wf lemma="kampe" pos="X">kampe</wf>
         <wf lemma="," pos="X">,</wf>
         <wf lemma="hvor" pos="X">hvor</wf>
         <wf lemma="vikingerne" pos="X">vikingerne</wf>
         <wf lemma="kom" pos="X">kom</wf>
         <wf lemma="frem" pos="X">frem</wf>
         <wf lemma="." pos="X">.</wf>
      </sentence>
      <sentence id="d000.s3256" source="wordnet-danish">
         <wf lemma="små" pos="X">små</wf>
         <wf lemma="bronzestykker" pos="X">bronzestykker</wf>
         <wf lemma=".." pos="X">..</wf>
         <wf lemma="skal" pos="X">skal</wf>
         <instance id="d000.s3256.t000" lemma="udfylde" pos="VERB">udfylde</instance>
         <wf lemma="forskellige" pos="X">forskellige</wf>
         <wf lemma="fordybninger" pos="X">fordybninger</wf>
         <wf lemma="eller" pos="X">eller</wf>
         <wf lemma="huler" pos="X">huler</wf>
         <wf lemma="i" pos="X">i</wf>
         <wf lemma="bronzegenstandens" pos="X">bronzegenstandens</wf>
         <wf lemma="overflade" pos="X">overflade</wf>
         <wf lemma="." pos="X">.</wf>
      </sentence>
      <sentence id="d000.s3257" source="wordnet-danish">
         <wf lemma="vi" pos="X">vi</wf>
         <wf lemma="[præsenterer" pos="X">[præsenterer</wf>
         <wf lemma="]" pos="X">]</wf>
         <wf lemma="et" pos="X">et</wf>
         <wf lemma="fabelagtigt" pos="X">fabelagtigt</wf>
         <wf lemma="show" pos="X">show</wf>
         <wf lemma="med" pos="X">med</wf>
         <wf lemma="masser" pos="X">masser</wf>
         <wf lemma="af" pos="X">af</wf>
         <wf lemma="dansk" pos="X">dansk</wf>
         <wf lemma="underholdning" pos="X">underholdning</wf>
         <wf lemma="og" pos="X">og</wf>
         <wf lemma="et" pos="X">et</wf>
         <wf lemma="væld" pos="X">væld</wf>
         <wf lemma="af" pos="X">af</wf>
         <wf lemma="kendte" pos="X">kendte</wf>
         <wf lemma="og" pos="X">og</wf>
         <wf lemma="populære" pos="X">populære</wf>
         <instance id="d000.s3257.t000" lemma="kunstner" pos="NOUN">kunstnere</instance>
         <wf lemma="." pos="X">.</wf>
      </sentence>
      <sentence id="d000.s3258" source="wordnet-danish">
         <wf lemma="Damerne" pos="X">Damerne</wf>
         <wf lemma="har" pos="X">har</wf>
         <wf lemma="hæklet" pos="X">hæklet</wf>
         <wf lemma="," pos="X">,</wf>
         <wf lemma="strikket" pos="X">strikket</wf>
         <wf lemma="og" pos="X">og</wf>
         <wf lemma="skabt" pos="X">skabt</wf>
         <instance id="d000.s3258.t000" lemma="keramik" pos="NOUN">keramik</instance>
         <wf lemma="og" pos="X">og</wf>
         <wf lemma="meget" pos="X">meget</wf>
         <wf lemma="andet" pos="X">andet</wf>
         <wf lemma="til" pos="X">til</wf>
         <wf lemma="en" pos="X">en</wf>
         <wf lemma="kæmpebod" pos="X">kæmpebod</wf>
         <wf lemma="." pos="X">.</wf>
      </sentence>
      <sentence id="d000.s3259" source="wordnet-danish">
         <wf lemma="Uroen" pos="X">Uroen</wf>
         <wf lemma="på" pos="X">på</wf>
         <wf lemma="arbejdsmarkedet" pos="X">arbejdsmarkedet</wf>
         <wf lemma="og" pos="X">og</wf>
         <wf lemma="den" pos="X">den</wf>
         <wf lemma="galoperende" pos="X">galoperende</wf>
         <wf lemma="inflation" pos="X">inflation</wf>
         <wf lemma="gjorde" pos="X">gjorde</wf>
         <wf lemma="ham" pos="X">ham</wf>
         <wf lemma="til" pos="X">til</wf>
         <wf lemma="en" pos="X">en</wf>
         <wf lemma="let" pos="X">let</wf>
         <wf lemma="skydeskive" pos="X">skydeskive</wf>
         <wf lemma="for" pos="X">for</wf>
         <instance id="d000.s3259.t000" lemma="opposition" pos="NOUN">oppositionen</instance>
         <wf lemma="." pos="X">.</wf>
      </sentence>
      <sentence id="d000.s3260" source="wordnet-danish">
         <wf lemma="Menneskets" pos="X">Menneskets</wf>
         <instance id="d000.s3260.t000" lemma="værdighed" pos="NOUN">værdighed</instance>
         <wf lemma="må" pos="X">må</wf>
         <wf lemma="ikke" pos="X">ikke</wf>
         <wf lemma="krænkes" pos="X">krænkes</wf>
         <wf lemma="," pos="X">,</wf>
         <wf lemma="men" pos="X">men</wf>
         <wf lemma="den" pos="X">den</wf>
         <wf lemma="bliver" pos="X">bliver</wf>
         <wf lemma="krænket" pos="X">krænket</wf>
         <wf lemma="," pos="X">,</wf>
         <wf lemma="når" pos="X">når</wf>
         <wf lemma="mennesket" pos="X">mennesket</wf>
         <wf lemma="holdes" pos="X">holdes</wf>
         <wf lemma="hen" pos="X">hen</wf>
         <wf lemma="i" pos="X">i</wf>
         <wf lemma="fattigdom" pos="X">fattigdom</wf>
         <wf lemma="," pos="X">,</wf>
         <wf lemma="umyndighed" pos="X">umyndighed</wf>
         <wf lemma="og" pos="X">og</wf>
         <wf lemma="indflydelsesløshed" pos="X">indflydelsesløshed</wf>
         <wf lemma="." pos="X">.</wf>
      </sentence>
      <sentence id="d000.s3261" source="wordnet-danish">
         <instance id="d000.s3261.t000" lemma="prøve" pos="VERB">Prøv</instance>
         <wf lemma="og" pos="X">og</wf>
         <wf lemma="fortæl" pos="X">fortæl</wf>
         <wf lemma="mig" pos="X">mig</wf>
         <wf lemma="," pos="X">,</wf>
         <wf lemma="hvad" pos="X">hvad</wf>
         <wf lemma="du" pos="X">du</wf>
         <wf lemma="tænker" pos="X">tænker</wf>
         <wf lemma="på" pos="X">på</wf>
         <wf lemma="." pos="X">.</wf>
      </sentence>
      <sentence id="d000.s3262" source="wordnet-danish">
         <wf lemma="centrum" pos="X">centrum</wf>
         <wf lemma="for" pos="X">for</wf>
         <wf lemma="den" pos="X">den</wf>
         <wf lemma="totale" pos="X">totale</wf>
         <wf lemma="psyke" pos="X">psyke</wf>
         <wf lemma="--" pos="X">--</wf>
         <wf lemma="det" pos="X">det</wf>
         <wf lemma="vil" pos="X">vil</wf>
         <wf lemma="sige" pos="X">sige</wf>
         <wf lemma="for" pos="X">for</wf>
         <wf lemma="både" pos="X">både</wf>
         <wf lemma="bevidstheden" pos="X">bevidstheden</wf>
         <wf lemma="og" pos="X">og</wf>
         <wf lemma="det" pos="X">det</wf>
         <wf lemma="ubevidste" pos="X">ubevidste</wf>
         <wf lemma="--" pos="X">--</wf>
         <wf lemma="kaldes" pos="X">kaldes</wf>
         <wf lemma="for" pos="X">for</wf>
         <instance id="d000.s3262.t000" lemma="selv" pos="NOUN">selvet</instance>
         <wf lemma="." pos="X">.</wf>
      </sentence>
      <sentence id="d000.s3263" source="wordnet-danish">
         <wf lemma="i" pos="X">i</wf>
         <wf lemma="hver" pos="X">hver</wf>
         <instance id="d000.s3263.t000" lemma="bås" pos="NOUN">bås</instance>
         <wf lemma="[" pos="X">[</wf>
         <wf lemma=":" pos="X">:</wf>
         <wf lemma="i" pos="X">i</wf>
         <wf lemma="cafeen" pos="X">cafeen</wf>
         <wf lemma="]" pos="X">]</wf>
         <wf lemma="stod" pos="X">stod</wf>
         <wf lemma="der" pos="X">der</wf>
         <wf lemma="et" pos="X">et</wf>
         <wf lemma="bord" pos="X">bord</wf>
         <wf lemma="med" pos="X">med</wf>
         <wf lemma="plads" pos="X">plads</wf>
         <wf lemma="til" pos="X">til</wf>
         <wf lemma="5-6" pos="X">5-6</wf>
         <wf lemma="mennesker" pos="X">mennesker</wf>
         <wf lemma="." pos="X">.</wf>
      </sentence>
      <sentence id="d000.s3264" source="wordnet-danish">
         <wf lemma="Formelt" pos="X">Formelt</wf>
         <wf lemma="er" pos="X">er</wf>
         <instance id="d000.s3264.t000" lemma="minister" pos="NOUN">ministeren</instance>
         <wf lemma="ubestridt" pos="X">ubestridt</wf>
         <wf lemma="den" pos="X">den</wf>
         <wf lemma="centrale" pos="X">centrale</wf>
         <wf lemma="person" pos="X">person</wf>
         <wf lemma="," pos="X">,</wf>
         <wf lemma="som" pos="X">som</wf>
         <wf lemma="alle" pos="X">alle</wf>
         <wf lemma="ministeriets" pos="X">ministeriets</wf>
         <wf lemma="eller" pos="X">eller</wf>
         <wf lemma="departementets" pos="X">departementets</wf>
         <wf lemma="aktiviteter" pos="X">aktiviteter</wf>
         <wf lemma="cirkler" pos="X">cirkler</wf>
         <wf lemma="om" pos="X">om</wf>
         <wf lemma="." pos="X">.</wf>
      </sentence>
      <sentence id="d000.s3265" source="wordnet-danish">
         <wf lemma="Fra" pos="X">Fra</wf>
         <wf lemma="hans" pos="X">hans</wf>
         <wf lemma="kontorer" pos="X">kontorer</wf>
         <wf lemma=".." pos="X">..</wf>
         <wf lemma="er" pos="X">er</wf>
         <wf lemma="der" pos="X">der</wf>
         <wf lemma="direkte" pos="X">direkte</wf>
         <instance id="d000.s3265.t000" lemma="udsigt" pos="NOUN">udsigt</instance>
         <wf lemma="ned" pos="X">ned</wf>
         <wf lemma="på" pos="X">på</wf>
         <wf lemma="det" pos="X">det</wf>
         <wf lemma="københavnske" pos="X">københavnske</wf>
         <wf lemma="strøg" pos="X">strøg</wf>
         <wf lemma="." pos="X">.</wf>
      </sentence>
      <sentence id="d000.s3266" source="wordnet-danish">
         <wf lemma="når" pos="X">når</wf>
         <wf lemma="jeg" pos="X">jeg</wf>
         <wf lemma="nu" pos="X">nu</wf>
         <wf lemma="i" pos="X">i</wf>
         <wf lemma="vores" pos="X">vores</wf>
         <wf lemma="nye" pos="X">nye</wf>
         <wf lemma="hjem" pos="X">hjem</wf>
         <wf lemma="ser" pos="X">ser</wf>
         <wf lemma="ting" pos="X">ting</wf>
         <wf lemma="som" pos="X">som</wf>
         <wf lemma="vi" pos="X">vi</wf>
         <wf lemma="har" pos="X">har</wf>
         <wf lemma="haft" pos="X">haft</wf>
         <wf lemma="alle" pos="X">alle</wf>
         <wf lemma="de" pos="X">de</wf>
         <wf lemma="steder" pos="X">steder</wf>
         <wf lemma="vi" pos="X">vi</wf>
         <wf lemma="har" pos="X">har</wf>
         <wf lemma="boet" pos="X">boet</wf>
         <wf lemma="," pos="X">,</wf>
         <instance id="d000.s3266.t000" lemma="bevæge" pos="VERB">bevæger</instance>
         <wf lemma="det" pos="X">det</wf>
         <wf lemma="mig" pos="X">mig</wf>
         <wf lemma="." pos="X">.</wf>
      </sentence>
      <sentence id="d000.s3267" source="wordnet-danish">
         <wf lemma="Hvor" pos="X">Hvor</wf>
         <wf lemma="den" pos="X">den</wf>
         <wf lemma="før" pos="X">før</wf>
         <wf lemma="stod" pos="X">stod</wf>
         <wf lemma="på" pos="X">på</wf>
         <wf lemma="pæne" pos="X">pæne</wf>
         <wf lemma="habitjakker" pos="X">habitjakker</wf>
         <wf lemma=".." pos="X">..</wf>
         <wf lemma="står" pos="X">står</wf>
         <wf lemma="den" pos="X">den</wf>
         <wf lemma="i" pos="X">i</wf>
         <wf lemma="dag" pos="X">dag</wf>
         <wf lemma="på" pos="X">på</wf>
         <wf lemma="3" pos="X">3</wf>
         <wf lemma="dage" pos="X">dage</wf>
         <wf lemma="gamle" pos="X">gamle</wf>
         <wf lemma="skægstubbe" pos="X">skægstubbe</wf>
         <wf lemma="," pos="X">,</wf>
         <wf lemma="forvaskede" pos="X">forvaskede</wf>
         <instance id="d000.s3267.t000" lemma="jeans" pos="NOUN">jeans</instance>
         <wf lemma="med" pos="X">med</wf>
         <wf lemma="cowboystøvler" pos="X">cowboystøvler</wf>
         <wf lemma="forneden" pos="X">forneden</wf>
         <wf lemma="." pos="X">.</wf>
      </sentence>
      <sentence id="d000.s3268" source="wordnet-danish">
         <wf lemma="Radioaktivt" pos="X">Radioaktivt</wf>
         <wf lemma="vand" pos="X">vand</wf>
         <wf lemma="er" pos="X">er</wf>
         <instance id="d000.s3268.t000" lemma="lække" pos="VERB">lækket</instance>
         <wf lemma="fra" pos="X">fra</wf>
         <wf lemma="et" pos="X">et</wf>
         <wf lemma="atomkraftværk" pos="X">atomkraftværk</wf>
         <wf lemma="i" pos="X">i</wf>
         <wf lemma="Ural" pos="X">Ural</wf>
         <wf lemma="." pos="X">.</wf>
      </sentence>
      <sentence id="d000.s3269" source="wordnet-danish">
         <wf lemma="Det" pos="X">Det</wf>
         <wf lemma="krævede" pos="X">krævede</wf>
         <wf lemma="en" pos="X">en</wf>
         <wf lemma="næsten" pos="X">næsten</wf>
         <wf lemma="overmenneskelig" pos="X">overmenneskelig</wf>
         <instance id="d000.s3269.t000" lemma="anstrengelse" pos="NOUN">anstrengelse</instance>
         <wf lemma="ikke" pos="X">ikke</wf>
         <wf lemma="at" pos="X">at</wf>
         <wf lemma="vise" pos="X">vise</wf>
         <wf lemma="," pos="X">,</wf>
         <wf lemma="hvad" pos="X">hvad</wf>
         <wf lemma="jeg" pos="X">jeg</wf>
         <wf lemma="følte" pos="X">følte</wf>
         <wf lemma="." pos="X">.</wf>
      </sentence>
      <sentence id="d000.s3270" source="wordnet-danish">
         <wf lemma="Sygeplejersken" pos="X">Sygeplejersken</wf>
         <wf lemma="var" pos="X">var</wf>
         <wf lemma="enestående" pos="X">enestående</wf>
         <wf lemma=".." pos="X">..</wf>
         <wf lemma="en" pos="X">en</wf>
         <wf lemma="af" pos="X">af</wf>
         <wf lemma="dem" pos="X">dem</wf>
         <wf lemma="der" pos="X">der</wf>
         <wf lemma="havde" pos="X">havde</wf>
         <wf lemma="arbejdet" pos="X">arbejdet</wf>
         <wf lemma="på" pos="X">på</wf>
         <wf lemma="intensiv" pos="X">intensiv</wf>
         <wf lemma="afdeling" pos="X">afdeling</wf>
         <wf lemma="i" pos="X">i</wf>
         <wf lemma="flere" pos="X">flere</wf>
         <wf lemma="år" pos="X">år</wf>
         <wf lemma="uden" pos="X">uden</wf>
         <wf lemma="at" pos="X">at</wf>
         <wf lemma="miste" pos="X">miste</wf>
         <wf lemma="sin" pos="X">sin</wf>
         <instance id="d000.s3270.t000" lemma="medfølelse" pos="NOUN">medfølelse</instance>
         <wf lemma="." pos="X">.</wf>
      </sentence>
      <sentence id="d000.s3271" source="wordnet-danish">
         <wf lemma="Tegningerne" pos="X">Tegningerne</wf>
         <wf lemma="skal" pos="X">skal</wf>
         <wf lemma="være" pos="X">være</wf>
         <wf lemma="enkle" pos="X">enkle</wf>
         <wf lemma="og" pos="X">og</wf>
         <wf lemma="tydelige" pos="X">tydelige</wf>
         <wf lemma="uden" pos="X">uden</wf>
         <wf lemma="overflødige" pos="X">overflødige</wf>
         <instance id="d000.s3271.t000" lemma="detalje" pos="NOUN">detaljer</instance>
         <wf lemma="." pos="X">.</wf>
      </sentence>
      <sentence id="d000.s3272" source="wordnet-danish">
         <wf lemma="Jernstativet" pos="X">Jernstativet</wf>
         <wf lemma="," pos="X">,</wf>
         <wf lemma="der" pos="X">der</wf>
         <wf lemma="skulle" pos="X">skulle</wf>
         <instance id="d000.s3272.t000" lemma="bære" pos="VERB">bære</instance>
         <wf lemma="de" pos="X">de</wf>
         <wf lemma="to" pos="X">to</wf>
         <wf lemma="figurer" pos="X">figurer</wf>
         <wf lemma="," pos="X">,</wf>
         <wf lemma="var" pos="X">var</wf>
         <wf lemma="ikke" pos="X">ikke</wf>
         <wf lemma="stabilt" pos="X">stabilt</wf>
         <wf lemma="nok" pos="X">nok</wf>
         <wf lemma="." pos="X">.</wf>
      </sentence>
      <sentence id="d000.s3273" source="wordnet-danish">
         <wf lemma="Deres" pos="X">Deres</wf>
         <wf lemma="byggesag" pos="X">byggesag</wf>
         <wf lemma="er" pos="X">er</wf>
         <wf lemma="under" pos="X">under</wf>
         <wf lemma="behandling" pos="X">behandling</wf>
         <wf lemma="og" pos="X">og</wf>
         <wf lemma="et" pos="X">et</wf>
         <instance id="d000.s3273.t000" lemma="positiv" pos="ADJ">positivt</instance>
         <wf lemma="resultat" pos="X">resultat</wf>
         <wf lemma="er" pos="X">er</wf>
         <wf lemma="sandsynligt" pos="X">sandsynligt</wf>
         <wf lemma="." pos="X">.</wf>
      </sentence>
      <sentence id="d000.s3274" source="wordnet-danish">
         <wf lemma="Skolen" pos="X">Skolen</wf>
         <wf lemma="skal" pos="X">skal</wf>
         <instance id="d000.s3274.t000" lemma="anspore" pos="VERB">anspore</instance>
         <wf lemma="eleverne" pos="X">eleverne</wf>
         <wf lemma="til" pos="X">til</wf>
         <wf lemma="at" pos="X">at</wf>
         <wf lemma="engagere" pos="X">engagere</wf>
         <wf lemma="sig" pos="X">sig</wf>
         <wf lemma="i" pos="X">i</wf>
         <wf lemma="det" pos="X">det</wf>
         <wf lemma="fælles" pos="X">fælles</wf>
         <wf lemma="liv" pos="X">liv</wf>
         <wf lemma="på" pos="X">på</wf>
         <wf lemma="stedet" pos="X">stedet</wf>
         <wf lemma="." pos="X">.</wf>
      </sentence>
      <sentence id="d000.s3275" source="wordnet-danish">
         <wf lemma="i" pos="X">i</wf>
         <wf lemma="en" pos="X">en</wf>
         <wf lemma="fælles" pos="X">fælles</wf>
         <instance id="d000.s3275.t000" lemma="erklæring" pos="NOUN">erklæring</instance>
         <wf lemma="[har" pos="X">[har</wf>
         <wf lemma="medlemslandene]" pos="X">medlemslandene]</wf>
         <wf lemma="fastslået" pos="X">fastslået</wf>
         <wf lemma="," pos="X">,</wf>
         <wf lemma="at" pos="X">at</wf>
         <wf lemma="EF-samarbejdet" pos="X">EF-samarbejdet</wf>
         <wf lemma="foregår" pos="X">foregår</wf>
         <wf lemma="mellem" pos="X">mellem</wf>
         <wf lemma="uafhængige" pos="X">uafhængige</wf>
         <wf lemma="og" pos="X">og</wf>
         <wf lemma="suveræne" pos="X">suveræne</wf>
         <wf lemma="stater" pos="X">stater</wf>
         <wf lemma="." pos="X">.</wf>
      </sentence>
      <sentence id="d000.s3276" source="wordnet-danish">
         <wf lemma="Nu" pos="X">Nu</wf>
         <wf lemma="vil" pos="X">vil</wf>
         <wf lemma="de" pos="X">de</wf>
         <wf lemma="handelsrejsende" pos="X">handelsrejsende</wf>
         <wf lemma="ikke" pos="X">ikke</wf>
         <wf lemma="hedde" pos="X">hedde</wf>
         <wf lemma="det" pos="X">det</wf>
         <wf lemma="mere" pos="X">mere</wf>
         <wf lemma="." pos="X">.</wf>
         <wf lemma="De" pos="X">De</wf>
         <wf lemma="vil" pos="X">vil</wf>
         <wf lemma="hedde" pos="X">hedde</wf>
         <instance id="d000.s3276.t000" lemma="sælger" pos="NOUN">sælgere</instance>
         <wf lemma="." pos="X">.</wf>
         <wf lemma="Sælgernes" pos="X">Sælgernes</wf>
         <wf lemma="organisation" pos="X">organisation</wf>
         <wf lemma="har" pos="X">har</wf>
         <wf lemma="skiftet" pos="X">skiftet</wf>
         <wf lemma="navn" pos="X">navn</wf>
         <wf lemma="fra" pos="X">fra</wf>
         <wf lemma="Danmarks" pos="X">Danmarks</wf>
         <wf lemma="Aktive" pos="X">Aktive</wf>
         <wf lemma="Handelsrejsende" pos="X">Handelsrejsende</wf>
         <wf lemma="til" pos="X">til</wf>
         <wf lemma="Danske" pos="X">Danske</wf>
         <wf lemma="Sælgere" pos="X">Sælgere</wf>
         <wf lemma="." pos="X">.</wf>
      </sentence>
      <sentence id="d000.s3277" source="wordnet-danish">
         <wf lemma="Selv" pos="X">Selv</wf>
         <wf lemma="om" pos="X">om</wf>
         <wf lemma="Sovjetunionen" pos="X">Sovjetunionen</wf>
         <wf lemma="kom" pos="X">kom</wf>
         <wf lemma="ud" pos="X">ud</wf>
         <wf lemma="af" pos="X">af</wf>
         <wf lemma="krigen" pos="X">krigen</wf>
         <wf lemma="med" pos="X">med</wf>
         <instance id="d000.s3277.t000" lemma="sejr" pos="NOUN">sejr</instance>
         <wf lemma="," pos="X">,</wf>
         <wf lemma="havde" pos="X">havde</wf>
         <wf lemma="lidelserne" pos="X">lidelserne</wf>
         <wf lemma="og" pos="X">og</wf>
         <wf lemma="tabene" pos="X">tabene</wf>
         <wf lemma="--" pos="X">--</wf>
         <wf lemma="endnu" pos="X">endnu</wf>
         <wf lemma="en" pos="X">en</wf>
         <wf lemma="gang" pos="X">gang</wf>
         <wf lemma="--" pos="X">--</wf>
         <wf lemma="været" pos="X">været</wf>
         <wf lemma="enorme" pos="X">enorme</wf>
         <wf lemma="." pos="X">.</wf>
      </sentence>
      <sentence id="d000.s3278" source="wordnet-danish">
         <wf lemma="Erik" pos="X">Erik</wf>
         <wf lemma="Mortensen" pos="X">Mortensen</wf>
         <wf lemma="førte" pos="X">førte</wf>
         <wf lemma="selv" pos="X">selv</wf>
         <wf lemma="bruden" pos="X">bruden</wf>
         <wf lemma="frem" pos="X">frem</wf>
         <wf lemma="på" pos="X">på</wf>
         <wf lemma="podiet" pos="X">podiet</wf>
         <wf lemma="til" pos="X">til</wf>
         <wf lemma="klapsalver" pos="X">klapsalver</wf>
         <wf lemma="fra" pos="X">fra</wf>
         <wf lemma="både" pos="X">både</wf>
         <wf lemma="de" pos="X">de</wf>
         <wf lemma="øvrige" pos="X">øvrige</wf>
         <instance id="d000.s3278.t000" lemma="model" pos="NOUN">modeller</instance>
         <wf lemma="og" pos="X">og</wf>
         <wf lemma="publikum" pos="X">publikum</wf>
         <wf lemma="." pos="X">.</wf>
      </sentence>
      <sentence id="d000.s3279" source="wordnet-danish">
         <wf lemma="Hun" pos="X">Hun</wf>
         <wf lemma="husker" pos="X">husker</wf>
         <wf lemma="endnu" pos="X">endnu</wf>
         <wf lemma="det" pos="X">det</wf>
         <instance id="d000.s3279.t000" lemma="postyr" pos="NOUN">postyr</instance>
         <wf lemma="," pos="X">,</wf>
         <wf lemma="[salmeteksten]" pos="X">[salmeteksten]</wf>
         <wf lemma="vakte" pos="X">vakte</wf>
         <wf lemma=":" pos="X">:</wf>
         <wf lemma="Det" pos="X">Det</wf>
         <wf lemma="var" pos="X">var</wf>
         <wf lemma="så" pos="X">så</wf>
         <wf lemma="stor" pos="X">stor</wf>
         <wf lemma="en" pos="X">en</wf>
         <wf lemma="sensation" pos="X">sensation</wf>
         <wf lemma="," pos="X">,</wf>
         <wf lemma="at" pos="X">at</wf>
         <wf lemma="den" pos="X">den</wf>
         <wf lemma="blev" pos="X">blev</wf>
         <wf lemma="omtalt" pos="X">omtalt</wf>
         <wf lemma="i" pos="X">i</wf>
         <wf lemma="Radioavisen" pos="X">Radioavisen</wf>
         <wf lemma="." pos="X">.</wf>
      </sentence>
      <sentence id="d000.s3280" source="wordnet-danish">
         <wf lemma="Men" pos="X">Men</wf>
         <wf lemma="russerne" pos="X">russerne</wf>
         <wf lemma="..." pos="X">...</wf>
         <wf lemma="de" pos="X">de</wf>
         <wf lemma="gik" pos="X">gik</wf>
         <wf lemma="jo" pos="X">jo</wf>
         <wf lemma="ikke" pos="X">ikke</wf>
         <wf lemma="i" pos="X">i</wf>
         <wf lemma="land" pos="X">land</wf>
         <wf lemma="på" pos="X">på</wf>
         <wf lemma="Sjælland" pos="X">Sjælland</wf>
         <wf lemma="," pos="X">,</wf>
         <wf lemma="da" pos="X">da</wf>
         <wf lemma="de" pos="X">de</wf>
         <wf lemma="besatte" pos="X">besatte</wf>
         <wf lemma="Bornholm" pos="X">Bornholm</wf>
         <wf lemma="." pos="X">.</wf>
         <wf lemma="Det" pos="X">Det</wf>
         <wf lemma="var" pos="X">var</wf>
         <wf lemma="et" pos="X">et</wf>
         <wf lemma="falsk" pos="X">falsk</wf>
         <instance id="d000.s3280.t000" lemma="rygte" pos="NOUN">rygte</instance>
         <wf lemma="," pos="X">,</wf>
         <wf lemma="viste" pos="X">viste</wf>
         <wf lemma="det" pos="X">det</wf>
         <wf lemma="sig" pos="X">sig</wf>
         <wf lemma="." pos="X">.</wf>
      </sentence>
      <sentence id="d000.s3281" source="wordnet-danish">
         <wf lemma="Hubert" pos="X">Hubert</wf>
         <wf lemma=".." pos="X">..</wf>
         <wf lemma="bandt" pos="X">bandt</wf>
         <wf lemma="det" pos="X">det</wf>
         <wf lemma="bøjede" pos="X">bøjede</wf>
         <wf lemma="søm" pos="X">søm</wf>
         <wf lemma="fast" pos="X">fast</wf>
         <wf lemma="i" pos="X">i</wf>
         <wf lemma="enden" pos="X">enden</wf>
         <wf lemma="af" pos="X">af</wf>
         <wf lemma="sejlgarnet" pos="X">sejlgarnet</wf>
         <wf lemma="med" pos="X">med</wf>
         <wf lemma="et" pos="X">et</wf>
         <wf lemma="par" pos="X">par</wf>
         <wf lemma="solide" pos="X">solide</wf>
         <instance id="d000.s3281.t000" lemma="knude" pos="NOUN">knuder</instance>
         <wf lemma="." pos="X">.</wf>
      </sentence>
      <sentence id="d000.s3282" source="wordnet-danish">
         <wf lemma="For" pos="X">For</wf>
         <wf lemma="249" pos="X">249</wf>
         <wf lemma="kr." pos="X">kr.</wf>
         <wf lemma="kan" pos="X">kan</wf>
         <wf lemma="man" pos="X">man</wf>
         <wf lemma="desuden" pos="X">desuden</wf>
         <wf lemma="få" pos="X">få</wf>
         <wf lemma="lov" pos="X">lov</wf>
         <wf lemma="at" pos="X">at</wf>
         <instance id="d000.s3282.t000" lemma="deltage" pos="VERB">deltage</instance>
         <wf lemma="i" pos="X">i</wf>
         <wf lemma="den" pos="X">den</wf>
         <wf lemma="livlige" pos="X">livlige</wf>
         <wf lemma="nattefest" pos="X">nattefest</wf>
         <wf lemma="bagefter" pos="X">bagefter</wf>
         <wf lemma="." pos="X">.</wf>
      </sentence>
      <sentence id="d000.s3283" source="wordnet-danish">
         <wf lemma="[han]" pos="X">[han]</wf>
         <wf lemma="lavede" pos="X">lavede</wf>
         <wf lemma="på" pos="X">på</wf>
         <wf lemma="10" pos="X">10</wf>
         <wf lemma="år" pos="X">år</wf>
         <wf lemma="over" pos="X">over</wf>
         <wf lemma="2000" pos="X">2000</wf>
         <wf lemma="reklamefilm" pos="X">reklamefilm</wf>
         <wf lemma="," pos="X">,</wf>
         <wf lemma="hvor" pos="X">hvor</wf>
         <wf lemma="adskillige" pos="X">adskillige</wf>
         <wf lemma="vandt" pos="X">vandt</wf>
         <wf lemma="ærefulde" pos="X">ærefulde</wf>
         <instance id="d000.s3283.t000" lemma="pris" pos="NOUN">priser</instance>
         <wf lemma="." pos="X">.</wf>
      </sentence>
      <sentence id="d000.s3284" source="wordnet-danish">
         <instance id="d000.s3284.t000" lemma="udlænding" pos="NOUN">udlændinge</instance>
         <wf lemma="i" pos="X">i</wf>
         <wf lemma="Danmark" pos="X">Danmark</wf>
         <wf lemma="skal" pos="X">skal</wf>
         <wf lemma="mødes" pos="X">mødes</wf>
         <wf lemma="med" pos="X">med</wf>
         <wf lemma="præcis" pos="X">præcis</wf>
         <wf lemma="den" pos="X">den</wf>
         <wf lemma="samme" pos="X">samme</wf>
         <wf lemma="respekt" pos="X">respekt</wf>
         <wf lemma="og" pos="X">og</wf>
         <wf lemma="efter" pos="X">efter</wf>
         <wf lemma="de" pos="X">de</wf>
         <wf lemma="samme" pos="X">samme</wf>
         <wf lemma="regler" pos="X">regler</wf>
         <wf lemma="," pos="X">,</wf>
         <wf lemma="der" pos="X">der</wf>
         <wf lemma="gælder" pos="X">gælder</wf>
         <wf lemma="for" pos="X">for</wf>
         <wf lemma="os" pos="X">os</wf>
         <wf lemma="alle" pos="X">alle</wf>
         <wf lemma="." pos="X">.</wf>
      </sentence>
      <sentence id="d000.s3285" source="wordnet-danish">
         <wf lemma="Forleden" pos="X">Forleden</wf>
         <wf lemma="købte" pos="X">købte</wf>
         <wf lemma="jeg" pos="X">jeg</wf>
         <wf lemma="billetter" pos="X">billetter</wf>
         <wf lemma="til" pos="X">til</wf>
         <wf lemma="Linie" pos="X">Linie</wf>
         <wf lemma="3's" pos="X">3's</wf>
         <instance id="d000.s3285.t000" lemma="optræden" pos="NOUN">optræden</instance>
         <wf lemma="i" pos="X">i</wf>
         <wf lemma="Falkoner" pos="X">Falkoner</wf>
         <wf lemma="Teatret" pos="X">Teatret</wf>
         <wf lemma="." pos="X">.</wf>
      </sentence>
      <sentence id="d000.s3286" source="wordnet-danish">
         <wf lemma="Øl" pos="X">Øl</wf>
         <wf lemma="var" pos="X">var</wf>
         <wf lemma="vigtigt" pos="X">vigtigt</wf>
         <wf lemma="i" pos="X">i</wf>
         <wf lemma="middelalderen" pos="X">middelalderen</wf>
         <wf lemma="," pos="X">,</wf>
         <wf lemma="hvor" pos="X">hvor</wf>
         <wf lemma="drikkevandet" pos="X">drikkevandet</wf>
         <wf lemma="var" pos="X">var</wf>
         <wf lemma="af" pos="X">af</wf>
         <wf lemma="tvivlsom" pos="X">tvivlsom</wf>
         <instance id="d000.s3286.t000" lemma="beskaffenhed" pos="NOUN">beskaffenhed</instance>
         <wf lemma="." pos="X">.</wf>
      </sentence>
      <sentence id="d000.s3287" source="wordnet-danish">
         <wf lemma="han" pos="X">han</wf>
         <wf lemma="havde" pos="X">havde</wf>
         <wf lemma="fået" pos="X">fået</wf>
         <wf lemma="koldbrand" pos="X">koldbrand</wf>
         <wf lemma="i" pos="X">i</wf>
         <wf lemma="det" pos="X">det</wf>
         <wf lemma="ene" pos="X">ene</wf>
         <wf lemma="ben" pos="X">ben</wf>
         <wf lemma="og" pos="X">og</wf>
         <wf lemma="måtte" pos="X">måtte</wf>
         <wf lemma="have" pos="X">have</wf>
         <wf lemma="foden" pos="X">foden</wf>
         <instance id="d000.s3287.t000" lemma="amputere" pos="VERB">amputeret</instance>
         <wf lemma="." pos="X">.</wf>
      </sentence>
      <sentence id="d000.s3288" source="wordnet-danish">
         <wf lemma="Pynt" pos="X">Pynt</wf>
         <wf lemma="pakkerne" pos="X">pakkerne</wf>
         <wf lemma="med" pos="X">med</wf>
         <wf lemma="fint" pos="X">fint</wf>
         <wf lemma="papir" pos="X">papir</wf>
         <wf lemma="og" pos="X">og</wf>
         <instance id="d000.s3288.t000" lemma="bånd" pos="NOUN">bånd</instance>
         <wf lemma="." pos="X">.</wf>
      </sentence>
      <sentence id="d000.s3289" source="wordnet-danish">
         <wf lemma="Har" pos="X">Har</wf>
         <wf lemma="du" pos="X">du</wf>
         <wf lemma="ikke" pos="X">ikke</wf>
         <wf lemma="hørt" pos="X">hørt</wf>
         <wf lemma="det" pos="X">det</wf>
         <wf lemma="?" pos="X">?</wf>
         <wf lemma="spurgte" pos="X">spurgte</wf>
         <wf lemma="han" pos="X">han</wf>
         <wf lemma="med" pos="X">med</wf>
         <wf lemma="sin" pos="X">sin</wf>
         <wf lemma="grådkvalte" pos="X">grådkvalte</wf>
         <instance id="d000.s3289.t000" lemma="stemme" pos="NOUN">stemme</instance>
         <wf lemma="." pos="X">.</wf>
         <wf lemma="-" pos="X">-</wf>
         <wf lemma="-" pos="X">-</wf>
         <wf lemma="Han" pos="X">Han</wf>
         <wf lemma="er" pos="X">er</wf>
         <wf lemma="død" pos="X">død</wf>
         <wf lemma="." pos="X">.</wf>
      </sentence>
      <sentence id="d000.s3290" source="wordnet-danish">
         <wf lemma="I" pos="X">I</wf>
         <wf lemma="'" pos="X">'</wf>
         <wf lemma="Let" pos="X">Let</wf>
         <wf lemma="på" pos="X">på</wf>
         <wf lemma="tå'" pos="X">tå'</wf>
         <wf lemma=".." pos="X">..</wf>
         <instance id="d000.s3290.t000" lemma="spille" pos="VERB">spiller</instance>
         <wf lemma="Fred" pos="X">Fred</wf>
         <wf lemma="Astaire" pos="X">Astaire</wf>
         <wf lemma="en" pos="X">en</wf>
         <wf lemma="aldrende" pos="X">aldrende</wf>
         <wf lemma="sanger" pos="X">sanger</wf>
         <wf lemma="og" pos="X">og</wf>
         <wf lemma="danser" pos="X">danser</wf>
         <wf lemma="." pos="X">.</wf>
      </sentence>
      <sentence id="d000.s3291" source="wordnet-danish">
         <wf lemma="regeringen" pos="X">regeringen</wf>
         <wf lemma="har" pos="X">har</wf>
         <wf lemma="ikke" pos="X">ikke</wf>
         <wf lemma="gjort" pos="X">gjort</wf>
         <wf lemma="sig" pos="X">sig</wf>
         <instance id="d000.s3291.t000" lemma="afhængig" pos="ADJ">afhængig</instance>
         <wf lemma="af" pos="X">af</wf>
         <wf lemma="Fremskridtspartiets" pos="X">Fremskridtspartiets</wf>
         <wf lemma="stemmer" pos="X">stemmer</wf>
         <wf lemma="." pos="X">.</wf>
      </sentence>
      <sentence id="d000.s3292" source="wordnet-danish">
         <wf lemma="Overfladebehandling" pos="X">Overfladebehandling</wf>
         <wf lemma="af" pos="X">af</wf>
         <wf lemma="træ" pos="X">træ</wf>
         <wf lemma="foretages" pos="X">foretages</wf>
         <wf lemma="oftest" pos="X">oftest</wf>
         <wf lemma="med" pos="X">med</wf>
         <wf lemma="forskellige" pos="X">forskellige</wf>
         <wf lemma="træbeskyttelsesmidler" pos="X">træbeskyttelsesmidler</wf>
         <wf lemma="," pos="X">,</wf>
         <wf lemma="der" pos="X">der</wf>
         <wf lemma="skal" pos="X">skal</wf>
         <wf lemma="beskytte" pos="X">beskytte</wf>
         <wf lemma="mod" pos="X">mod</wf>
         <instance id="d000.s3292.t000" lemma="sol" pos="NOUN">sol</instance>
         <wf lemma="og" pos="X">og</wf>
         <wf lemma="regn" pos="X">regn</wf>
         <wf lemma="." pos="X">.</wf>
      </sentence>
      <sentence id="d000.s3293" source="wordnet-danish">
         <wf lemma="ved" pos="X">ved</wf>
         <wf lemma="hjælp" pos="X">hjælp</wf>
         <wf lemma="af" pos="X">af</wf>
         <wf lemma="en" pos="X">en</wf>
         <wf lemma="robåd" pos="X">robåd</wf>
         <wf lemma="sættes" pos="X">sættes</wf>
         <wf lemma="[flygtningene]" pos="X">[flygtningene]</wf>
         <wf lemma="om" pos="X">om</wf>
         <wf lemma="bord" pos="X">bord</wf>
         <wf lemma="i" pos="X">i</wf>
         <wf lemma="et" pos="X">et</wf>
         <wf lemma="større" pos="X">større</wf>
         <instance id="d000.s3293.t000" lemma="fartøj" pos="NOUN">fartøj</instance>
         <wf lemma="." pos="X">.</wf>
      </sentence>
      <sentence id="d000.s3294" source="wordnet-danish">
         <wf lemma="Dyrene" pos="X">Dyrene</wf>
         <wf lemma="lever" pos="X">lever</wf>
         <wf lemma="året" pos="X">året</wf>
         <wf lemma="rundt" pos="X">rundt</wf>
         <wf lemma="udelukkende" pos="X">udelukkende</wf>
         <wf lemma="af" pos="X">af</wf>
         <instance id="d000.s3294.t000" lemma="hø" pos="NOUN">hø</instance>
         <wf lemma="og" pos="X">og</wf>
         <wf lemma="græs" pos="X">græs</wf>
         <wf lemma="fra" pos="X">fra</wf>
         <wf lemma="markerne" pos="X">markerne</wf>
         <wf lemma="." pos="X">.</wf>
      </sentence>
      <sentence id="d000.s3295" source="wordnet-danish">
         <instance id="d000.s3295.t000" lemma="ledelse" pos="NOUN">ledelsen</instance>
         <wf lemma="af" pos="X">af</wf>
         <wf lemma="centret" pos="X">centret</wf>
         <wf lemma="er" pos="X">er</wf>
         <wf lemma="ikke" pos="X">ikke</wf>
         <wf lemma="tilfreds" pos="X">tilfreds</wf>
         <wf lemma="med" pos="X">med</wf>
         <wf lemma="huslejen" pos="X">huslejen</wf>
         <wf lemma="og" pos="X">og</wf>
         <wf lemma="bygningsstandarden" pos="X">bygningsstandarden</wf>
         <wf lemma="." pos="X">.</wf>
      </sentence>
      <sentence id="d000.s3296" source="wordnet-danish">
         <wf lemma="Da" pos="X">Da</wf>
         <wf lemma="jeg" pos="X">jeg</wf>
         <wf lemma="fik" pos="X">fik</wf>
         <wf lemma="min" pos="X">min</wf>
         <instance id="d000.s3296.t000" lemma="officiel" pos="ADJ">officielle</instance>
         <wf lemma="afskedigelse" pos="X">afskedigelse</wf>
         <wf lemma="," pos="X">,</wf>
         <wf lemma="lød" pos="X">lød</wf>
         <wf lemma="den" pos="X">den</wf>
         <wf lemma="på" pos="X">på</wf>
         <wf lemma=":" pos="X">:</wf>
         <wf lemma="'" pos="X">'</wf>
         <wf lemma="Afskediget" pos="X">Afskediget</wf>
         <wf lemma="på" pos="X">på</wf>
         <wf lemma="grund" pos="X">grund</wf>
         <wf lemma="af" pos="X">af</wf>
         <wf lemma="samarbejdsvanskeligheder'" pos="X">samarbejdsvanskeligheder'</wf>
         <wf lemma="." pos="X">.</wf>
      </sentence>
      <sentence id="d000.s3297" source="wordnet-danish">
         <wf lemma="han" pos="X">han</wf>
         <wf lemma="måtte" pos="X">måtte</wf>
         <wf lemma="længere" pos="X">længere</wf>
         <wf lemma="og" pos="X">og</wf>
         <wf lemma="længere" pos="X">længere</wf>
         <wf lemma="væk" pos="X">væk</wf>
         <wf lemma="for" pos="X">for</wf>
         <wf lemma="at" pos="X">at</wf>
         <wf lemma="finde" pos="X">finde</wf>
         <wf lemma="brugbar" pos="X">brugbar</wf>
         <wf lemma="græsning" pos="X">græsning</wf>
         <wf lemma="til" pos="X">til</wf>
         <wf lemma="køerne" pos="X">køerne</wf>
         <wf lemma="." pos="X">.</wf>
         <instance id="d000.s3297.t000" lemma="græs" pos="NOUN">Græsset</instance>
         <wf lemma="var" pos="X">var</wf>
         <wf lemma="gult" pos="X">gult</wf>
         <wf lemma="og" pos="X">og</wf>
         <wf lemma="groede" pos="X">groede</wf>
         <wf lemma="ikke" pos="X">ikke</wf>
         <wf lemma="." pos="X">.</wf>
      </sentence>
      <sentence id="d000.s3298" source="wordnet-danish">
         <wf lemma="Fra" pos="X">Fra</wf>
         <wf lemma="1937" pos="X">1937</wf>
         <wf lemma="var" pos="X">var</wf>
         <wf lemma="det" pos="X">det</wf>
         <wf lemma="militæret" pos="X">militæret</wf>
         <wf lemma="," pos="X">,</wf>
         <wf lemma="der" pos="X">der</wf>
         <wf lemma="bestemte" pos="X">bestemte</wf>
         <wf lemma="i" pos="X">i</wf>
         <wf lemma="Japan" pos="X">Japan</wf>
         <wf lemma="," pos="X">,</wf>
         <wf lemma="og" pos="X">og</wf>
         <wf lemma="al" pos="X">al</wf>
         <wf lemma="åben" pos="X">åben</wf>
         <wf lemma="modstand" pos="X">modstand</wf>
         <wf lemma="blev" pos="X">blev</wf>
         <instance id="d000.s3298.t000" lemma="undertrykke" pos="VERB">undertrykt</instance>
         <wf lemma="." pos="X">.</wf>
      </sentence>
      <sentence id="d000.s3299" source="wordnet-danish">
         <wf lemma="Marbella" pos="X">Marbella</wf>
         <wf lemma="Clinic" pos="X">Clinic</wf>
         <wf lemma="har" pos="X">har</wf>
         <wf lemma="den" pos="X">den</wf>
         <wf lemma="største" pos="X">største</wf>
         <instance id="d000.s3299.t000" lemma="ekspertise" pos="NOUN">ekspertise</instance>
         <wf lemma="i" pos="X">i</wf>
         <wf lemma="behandling" pos="X">behandling</wf>
         <wf lemma="af" pos="X">af</wf>
         <wf lemma="ofre" pos="X">ofre</wf>
         <wf lemma="for" pos="X">for</wf>
         <wf lemma="bilulykker" pos="X">bilulykker</wf>
         <wf lemma="." pos="X">.</wf>
      </sentence>
      <sentence id="d000.s3300" source="wordnet-danish">
         <wf lemma="Jeg" pos="X">Jeg</wf>
         <wf lemma="ved" pos="X">ved</wf>
         <wf lemma="ikke" pos="X">ikke</wf>
         <wf lemma="," pos="X">,</wf>
         <wf lemma="om" pos="X">om</wf>
         <wf lemma="ulykken" pos="X">ulykken</wf>
         <instance id="d000.s3300.t000" lemma="forandre" pos="VERB">forandrede</instance>
         <wf lemma="ham" pos="X">ham</wf>
         <wf lemma="som" pos="X">som</wf>
         <wf lemma="menneske" pos="X">menneske</wf>
         <wf lemma="--" pos="X">--</wf>
         <wf lemma="det" pos="X">det</wf>
         <wf lemma="må" pos="X">må</wf>
         <wf lemma="han" pos="X">han</wf>
         <wf lemma="selv" pos="X">selv</wf>
         <wf lemma="udtale" pos="X">udtale</wf>
         <wf lemma="sig" pos="X">sig</wf>
         <wf lemma="om" pos="X">om</wf>
         <wf lemma="." pos="X">.</wf>
      </sentence>
      <sentence id="d000.s3301" source="wordnet-danish">
         <wf lemma="Undgå" pos="X">Undgå</wf>
         <wf lemma="at" pos="X">at</wf>
         <instance id="d000.s3301.t000" lemma="berøre" pos="VERB">berøre</instance>
         <wf lemma="såret" pos="X">såret</wf>
         <wf lemma="med" pos="X">med</wf>
         <wf lemma="fingrene" pos="X">fingrene</wf>
         <wf lemma="." pos="X">.</wf>
      </sentence>
      <sentence id="d000.s3302" source="wordnet-danish">
         <wf lemma="Hvis" pos="X">Hvis</wf>
         <wf lemma="fabrikken" pos="X">fabrikken</wf>
         <wf lemma="skulle" pos="X">skulle</wf>
         <wf lemma="fortsætte" pos="X">fortsætte</wf>
         <wf lemma="," pos="X">,</wf>
         <wf lemma="ville" pos="X">ville</wf>
         <wf lemma="det" pos="X">det</wf>
         <wf lemma="kræve" pos="X">kræve</wf>
         <instance id="d000.s3302.t000" lemma="investering" pos="NOUN">investeringer</instance>
         <wf lemma="på" pos="X">på</wf>
         <wf lemma="over" pos="X">over</wf>
         <wf lemma="100" pos="X">100</wf>
         <wf lemma="millioner" pos="X">millioner</wf>
         <wf lemma="kroner" pos="X">kroner</wf>
         <wf lemma="til" pos="X">til</wf>
         <wf lemma="miljøforanstaltninger" pos="X">miljøforanstaltninger</wf>
         <wf lemma="og" pos="X">og</wf>
         <wf lemma="150" pos="X">150</wf>
         <wf lemma="millioner" pos="X">millioner</wf>
         <wf lemma="i" pos="X">i</wf>
         <wf lemma="nyt" pos="X">nyt</wf>
         <wf lemma="produktionsudstyr" pos="X">produktionsudstyr</wf>
         <wf lemma="." pos="X">.</wf>
      </sentence>
      <sentence id="d000.s3303" source="wordnet-danish">
         <wf lemma="min" pos="X">min</wf>
         <wf lemma="toårige" pos="X">toårige</wf>
         <wf lemma="søn" pos="X">søn</wf>
         <wf lemma=".." pos="X">..</wf>
         <wf lemma="bød" pos="X">bød</wf>
         <wf lemma="mig" pos="X">mig</wf>
         <wf lemma="velkommen" pos="X">velkommen</wf>
         <wf lemma="hjem" pos="X">hjem</wf>
         <wf lemma="fra" pos="X">fra</wf>
         <wf lemma="en" pos="X">en</wf>
         <wf lemma="længere" pos="X">længere</wf>
         <wf lemma="rejse" pos="X">rejse</wf>
         <wf lemma="ved" pos="X">ved</wf>
         <wf lemma="at" pos="X">at</wf>
         <instance id="d000.s3303.t000" lemma="vinke" pos="VERB">vinke</instance>
         <wf lemma="med" pos="X">med</wf>
         <wf lemma="et" pos="X">et</wf>
         <wf lemma="lille" pos="X">lille</wf>
         <wf lemma="flag" pos="X">flag</wf>
         <wf lemma="." pos="X">.</wf>
      </sentence>
      <sentence id="d000.s3304" source="wordnet-danish">
         <instance id="d000.s3304.t000" lemma="borgmester" pos="NOUN">borgmester</instance>
         <wf lemma="Per" pos="X">Per</wf>
         <wf lemma="Møller" pos="X">Møller</wf>
         <wf lemma="vil" pos="X">vil</wf>
         <wf lemma="sammen" pos="X">sammen</wf>
         <wf lemma="med" pos="X">med</wf>
         <wf lemma="Rødovres" pos="X">Rødovres</wf>
         <wf lemma="postmester" pos="X">postmester</wf>
         <wf lemma="Svend" pos="X">Svend</wf>
         <wf lemma="Erik" pos="X">Erik</wf>
         <wf lemma="Hansen" pos="X">Hansen</wf>
         <wf lemma="tænde" pos="X">tænde</wf>
         <wf lemma="centrets" pos="X">centrets</wf>
         <wf lemma=".." pos="X">..</wf>
         <wf lemma="juletræ" pos="X">juletræ</wf>
         <wf lemma="kl." pos="X">kl.</wf>
         <wf lemma="12." pos="X">12.</wf>
      </sentence>
      <sentence id="d000.s3305" source="wordnet-danish">
         <wf lemma="Industrivareeksporten" pos="X">Industrivareeksporten</wf>
         <wf lemma="fra" pos="X">fra</wf>
         <wf lemma="ulandene" pos="X">ulandene</wf>
         <wf lemma="til" pos="X">til</wf>
         <wf lemma="i-landene" pos="X">i-landene</wf>
         <wf lemma="består" pos="X">består</wf>
         <wf lemma="især" pos="X">især</wf>
         <wf lemma="af" pos="X">af</wf>
         <instance id="d000.s3305.t000" lemma="tekstil" pos="NOUN">tekstiler</instance>
         <wf lemma="," pos="X">,</wf>
         <wf lemma="beklædning" pos="X">beklædning</wf>
         <wf lemma="," pos="X">,</wf>
         <wf lemma="skotøj" pos="X">skotøj</wf>
         <wf lemma="og" pos="X">og</wf>
         <wf lemma="elektroniske" pos="X">elektroniske</wf>
         <wf lemma="komponenter" pos="X">komponenter</wf>
         <wf lemma="." pos="X">.</wf>
      </sentence>
      <sentence id="d000.s3306" source="wordnet-danish">
         <wf lemma="jeg" pos="X">jeg</wf>
         <wf lemma="var" pos="X">var</wf>
         <instance id="d000.s3306.t000" lemma="inkompetent" pos="ADJ">inkompetent</instance>
         <wf lemma="til" pos="X">til</wf>
         <wf lemma="jobbet" pos="X">jobbet</wf>
         <wf lemma="," pos="X">,</wf>
         <wf lemma="fordi" pos="X">fordi</wf>
         <wf lemma="jeg" pos="X">jeg</wf>
         <wf lemma="ikke" pos="X">ikke</wf>
         <wf lemma="forstod" pos="X">forstod</wf>
         <wf lemma="en" pos="X">en</wf>
         <wf lemma="snus" pos="X">snus</wf>
         <wf lemma="af" pos="X">af</wf>
         <wf lemma="de" pos="X">de</wf>
         <wf lemma="tekniske" pos="X">tekniske</wf>
         <wf lemma="detaljer" pos="X">detaljer</wf>
         <wf lemma="." pos="X">.</wf>
      </sentence>
      <sentence id="d000.s3307" source="wordnet-danish">
         <wf lemma="[med" pos="X">[med</wf>
         <wf lemma="varmt" pos="X">varmt</wf>
         <wf lemma="sæbevand]" pos="X">sæbevand]</wf>
         <wf lemma="fjerner" pos="X">fjerner</wf>
         <wf lemma="du" pos="X">du</wf>
         <wf lemma="de" pos="X">de</wf>
         <wf lemma="fedtaflejringer" pos="X">fedtaflejringer</wf>
         <wf lemma="," pos="X">,</wf>
         <wf lemma="som" pos="X">som</wf>
         <wf lemma="sætter" pos="X">sætter</wf>
         <wf lemma="sig" pos="X">sig</wf>
         <wf lemma="i" pos="X">i</wf>
         <instance id="d000.s3307.t000" lemma="afløbsrør" pos="NOUN">afløbsrøret</instance>
         <wf lemma="." pos="X">.</wf>
      </sentence>
      <sentence id="d000.s3308" source="wordnet-danish">
         <wf lemma="Maja" pos="X">Maja</wf>
         <wf lemma="Stina" pos="X">Stina</wf>
         <wf lemma="tog" pos="X">tog</wf>
         <wf lemma="han" pos="X">han</wf>
         <wf lemma="afsked" pos="X">afsked</wf>
         <wf lemma="med" pos="X">med</wf>
         <wf lemma="i" pos="X">i</wf>
         <wf lemma="haven" pos="X">haven</wf>
         <wf lemma="under" pos="X">under</wf>
         <wf lemma="hyldetræet" pos="X">hyldetræet</wf>
         <wf lemma="," pos="X">,</wf>
         <wf lemma="der" pos="X">der</wf>
         <wf lemma="nu" pos="X">nu</wf>
         <wf lemma="bar" pos="X">bar</wf>
         <wf lemma="klaser" pos="X">klaser</wf>
         <wf lemma="med" pos="X">med</wf>
         <wf lemma="sorte" pos="X">sorte</wf>
         <instance id="d000.s3308.t000" lemma="bær" pos="NOUN">bær.</instance>
      </sentence>
      <sentence id="d000.s3309" source="wordnet-danish">
         <wf lemma="Før" pos="X">Før</wf>
         <wf lemma="var" pos="X">var</wf>
         <wf lemma="de" pos="X">de</wf>
         <wf lemma="56" pos="X">56</wf>
         <wf lemma="ansatte" pos="X">ansatte</wf>
         <wf lemma="til" pos="X">til</wf>
         <wf lemma="at" pos="X">at</wf>
         <wf lemma="klare" pos="X">klare</wf>
         <instance id="d000.s3309.t000" lemma="opsætning" pos="NOUN">opsætningen</instance>
         <wf lemma="af" pos="X">af</wf>
         <wf lemma="det" pos="X">det</wf>
         <wf lemma="jyske" pos="X">jyske</wf>
         <wf lemma="dagblad" pos="X">dagblad</wf>
         <wf lemma="." pos="X">.</wf>
         <wf lemma="." pos="X">.</wf>
         <wf lemma="Nu" pos="X">Nu</wf>
         <wf lemma="kan" pos="X">kan</wf>
         <wf lemma="14" pos="X">14</wf>
         <wf lemma="mand" pos="X">mand</wf>
         <wf lemma="klare" pos="X">klare</wf>
         <wf lemma="det" pos="X">det</wf>
         <wf lemma="." pos="X">.</wf>
      </sentence>
      <sentence id="d000.s3310" source="wordnet-danish">
         <wf lemma="Tante" pos="X">Tante</wf>
         <wf lemma="Hermine" pos="X">Hermine</wf>
         <wf lemma="sad" pos="X">sad</wf>
         <wf lemma="i" pos="X">i</wf>
         <wf lemma="en" pos="X">en</wf>
         <wf lemma="lænestol" pos="X">lænestol</wf>
         <wf lemma="under" pos="X">under</wf>
         <wf lemma="standerlampen" pos="X">standerlampen</wf>
         <wf lemma="med" pos="X">med</wf>
         <wf lemma="benene" pos="X">benene</wf>
         <wf lemma="oppe" pos="X">oppe</wf>
         <wf lemma="på" pos="X">på</wf>
         <wf lemma="en" pos="X">en</wf>
         <instance id="d000.s3310.t000" lemma="skammel" pos="NOUN">skammel</instance>
         <wf lemma="." pos="X">.</wf>
      </sentence>
      <sentence id="d000.s3311" source="wordnet-danish">
         <wf lemma="der" pos="X">der</wf>
         <wf lemma="var" pos="X">var</wf>
         <wf lemma="røgudvikling" pos="X">røgudvikling</wf>
         <wf lemma="." pos="X">.</wf>
         <wf lemma="Det" pos="X">Det</wf>
         <wf lemma="viste" pos="X">viste</wf>
         <wf lemma="sig" pos="X">sig</wf>
         <wf lemma="," pos="X">,</wf>
         <wf lemma="at" pos="X">at</wf>
         <wf lemma="nogle" pos="X">nogle</wf>
         <wf lemma="unger" pos="X">unger</wf>
         <wf lemma="havde" pos="X">havde</wf>
         <instance id="d000.s3311.t000" lemma="antænde" pos="VERB">antændt</instance>
         <wf lemma="en" pos="X">en</wf>
         <wf lemma="tændstikæske" pos="X">tændstikæske</wf>
         <wf lemma="fyldt" pos="X">fyldt</wf>
         <wf lemma="med" pos="X">med</wf>
         <wf lemma="røgpulver" pos="X">røgpulver</wf>
         <wf lemma="." pos="X">.</wf>
      </sentence>
      <sentence id="d000.s3312" source="wordnet-danish">
         <instance id="d000.s3312.t000" lemma="kreativitet" pos="NOUN">Kreativitet</instance>
         <wf lemma="er" pos="X">er</wf>
         <wf lemma="en" pos="X">en</wf>
         <wf lemma="evne" pos="X">evne</wf>
         <wf lemma="til" pos="X">til</wf>
         <wf lemma="skabende" pos="X">skabende</wf>
         <wf lemma="nytænkning" pos="X">nytænkning</wf>
         <wf lemma="og" pos="X">og</wf>
         <wf lemma="handling" pos="X">handling</wf>
         <wf lemma="." pos="X">.</wf>
      </sentence>
      <sentence id="d000.s3313" source="wordnet-danish">
         <wf lemma="[vi]" pos="X">[vi]</wf>
         <wf lemma="tvinges" pos="X">tvinges</wf>
         <wf lemma="til" pos="X">til</wf>
         <wf lemma="at" pos="X">at</wf>
         <wf lemma="indtage" pos="X">indtage</wf>
         <wf lemma="to" pos="X">to</wf>
         <wf lemma="portioner" pos="X">portioner</wf>
         <wf lemma="for" pos="X">for</wf>
         <wf lemma="at" pos="X">at</wf>
         <wf lemma="overbevise" pos="X">overbevise</wf>
         <wf lemma="vores" pos="X">vores</wf>
         <instance id="d000.s3313.t000" lemma="ængstelig" pos="ADJ">ængstelige</instance>
         <wf lemma="værtinde" pos="X">værtinde</wf>
         <wf lemma="om" pos="X">om</wf>
         <wf lemma="," pos="X">,</wf>
         <wf lemma="at" pos="X">at</wf>
         <wf lemma="vi" pos="X">vi</wf>
         <wf lemma="er" pos="X">er</wf>
         <wf lemma="mætte" pos="X">mætte</wf>
         <wf lemma="." pos="X">.</wf>
      </sentence>
      <sentence id="d000.s3314" source="wordnet-danish">
         <wf lemma="Selvfølgelig" pos="X">Selvfølgelig</wf>
         <wf lemma="er" pos="X">er</wf>
         <wf lemma="det" pos="X">det</wf>
         <wf lemma="ikke" pos="X">ikke</wf>
         <wf lemma="rimeligt" pos="X">rimeligt</wf>
         <wf lemma="," pos="X">,</wf>
         <wf lemma="at" pos="X">at</wf>
         <wf lemma="du" pos="X">du</wf>
         <wf lemma="skal" pos="X">skal</wf>
         <wf lemma="gøre" pos="X">gøre</wf>
         <wf lemma="alt" pos="X">alt</wf>
         <instance id="d000.s3314.t000" lemma="arbejde" pos="NOUN">arbejdet</instance>
         <wf lemma="hjemme" pos="X">hjemme</wf>
         <wf lemma="," pos="X">,</wf>
         <wf lemma="når" pos="X">når</wf>
         <wf lemma="du" pos="X">du</wf>
         <wf lemma="også" pos="X">også</wf>
         <wf lemma="har" pos="X">har</wf>
         <wf lemma="udearbejde" pos="X">udearbejde</wf>
         <wf lemma="." pos="X">.</wf>
      </sentence>
      <sentence id="d000.s3315" source="wordnet-danish">
         <wf lemma="Vi" pos="X">Vi</wf>
         <wf lemma="giftede" pos="X">giftede</wf>
         <wf lemma="os" pos="X">os</wf>
         <wf lemma="to" pos="X">to</wf>
         <wf lemma="måneder" pos="X">måneder</wf>
         <wf lemma="efter" pos="X">efter</wf>
         <wf lemma="det" pos="X">det</wf>
         <wf lemma="første" pos="X">første</wf>
         <instance id="d000.s3315.t000" lemma="møde" pos="NOUN">møde</instance>
         <wf lemma="." pos="X">.</wf>
      </sentence>
      <sentence id="d000.s3316" source="wordnet-danish">
         <wf lemma="Pistolen" pos="X">Pistolen</wf>
         <wf lemma=".." pos="X">..</wf>
         <wf lemma="blev" pos="X">blev</wf>
         <wf lemma="opbevaret" pos="X">opbevaret</wf>
         <wf lemma="helt" pos="X">helt</wf>
         <wf lemma="efter" pos="X">efter</wf>
         <wf lemma="forskrifterne" pos="X">forskrifterne</wf>
         <wf lemma="." pos="X">.</wf>
         <instance id="d000.s3316.t000" lemma="sikkerhed" pos="NOUN">Sikkerheden</instance>
         <wf lemma="har" pos="X">har</wf>
         <wf lemma="været" pos="X">været</wf>
         <wf lemma="fuldt" pos="X">fuldt</wf>
         <wf lemma="forsvarlig" pos="X">forsvarlig</wf>
         <wf lemma="." pos="X">.</wf>
      </sentence>
      <sentence id="d000.s3317" source="wordnet-danish">
         <wf lemma="Et" pos="X">Et</wf>
         <wf lemma="komikerpar" pos="X">komikerpar</wf>
         <wf lemma="der" pos="X">der</wf>
         <wf lemma="i" pos="X">i</wf>
         <wf lemma="høj" pos="X">høj</wf>
         <wf lemma="grad" pos="X">grad</wf>
         <instance id="d000.s3317.t000" lemma="repræsentere" pos="VERB">repræsenterer</instance>
         <wf lemma="sort" pos="X">sort</wf>
         <wf lemma="humor" pos="X">humor</wf>
         <wf lemma="," pos="X">,</wf>
         <wf lemma="er" pos="X">er</wf>
         <wf lemma="Monrad" pos="X">Monrad</wf>
         <wf lemma="&amp;amp" pos="X">&amp;amp</wf>
         <wf lemma=";" pos="X">;</wf>
         <wf lemma="Rislund" pos="X">Rislund</wf>
         <wf lemma="." pos="X">.</wf>
      </sentence>
      <sentence id="d000.s3318" source="wordnet-danish">
         <wf lemma="stræderne" pos="X">stræderne</wf>
         <wf lemma="er" pos="X">er</wf>
         <wf lemma="så" pos="X">så</wf>
         <wf lemma="smalle" pos="X">smalle</wf>
         <wf lemma="," pos="X">,</wf>
         <wf lemma="at" pos="X">at</wf>
         <wf lemma="man" pos="X">man</wf>
         <wf lemma="kan" pos="X">kan</wf>
         <instance id="d000.s3318.t000" lemma="nå" pos="VERB">nå</instance>
         <wf lemma="fra" pos="X">fra</wf>
         <wf lemma="hus" pos="X">hus</wf>
         <wf lemma="til" pos="X">til</wf>
         <wf lemma="hus" pos="X">hus</wf>
         <wf lemma="," pos="X">,</wf>
         <wf lemma="når" pos="X">når</wf>
         <wf lemma="man" pos="X">man</wf>
         <wf lemma="breder" pos="X">breder</wf>
         <wf lemma="armene" pos="X">armene</wf>
         <wf lemma="ud" pos="X">ud</wf>
         <wf lemma="." pos="X">.</wf>
      </sentence>
      <sentence id="d000.s3319" source="wordnet-danish">
         <wf lemma="Badeværelsesloftet" pos="X">Badeværelsesloftet</wf>
         <wf lemma="så" pos="X">så</wf>
         <wf lemma="lidt" pos="X">lidt</wf>
         <wf lemma="skrøbeligt" pos="X">skrøbeligt</wf>
         <wf lemma="ud" pos="X">ud</wf>
         <wf lemma="," pos="X">,</wf>
         <wf lemma="så" pos="X">så</wf>
         <wf lemma="det" pos="X">det</wf>
         <wf lemma="blev" pos="X">blev</wf>
         <instance id="d000.s3319.t000" lemma="forsegle" pos="VERB">forseglet</instance>
         <wf lemma="med" pos="X">med</wf>
         <wf lemma="glasfilt" pos="X">glasfilt</wf>
         <wf lemma="," pos="X">,</wf>
         <wf lemma="der" pos="X">der</wf>
         <wf lemma="lukker" pos="X">lukker</wf>
         <wf lemma="sig" pos="X">sig</wf>
         <wf lemma="over" pos="X">over</wf>
         <wf lemma="revner" pos="X">revner</wf>
         <wf lemma="og" pos="X">og</wf>
         <wf lemma="småskavanker" pos="X">småskavanker</wf>
         <wf lemma="." pos="X">.</wf>
      </sentence>
      <sentence id="d000.s3320" source="wordnet-danish">
         <wf lemma="overborgmesteren" pos="X">overborgmesteren</wf>
         <wf lemma="foreslås" pos="X">foreslås</wf>
         <wf lemma="udpeget" pos="X">udpeget</wf>
         <wf lemma="som" pos="X">som</wf>
         <wf lemma="kommunens" pos="X">kommunens</wf>
         <instance id="d000.s3320.t000" lemma="repræsentant" pos="NOUN">repræsentant</instance>
         <wf lemma="i" pos="X">i</wf>
         <wf lemma="fondens" pos="X">fondens</wf>
         <wf lemma="bestyrelse" pos="X">bestyrelse</wf>
         <wf lemma="." pos="X">.</wf>
      </sentence>
      <sentence id="d000.s3321" source="wordnet-danish">
         <wf lemma="At" pos="X">At</wf>
         <wf lemma="være" pos="X">være</wf>
         <instance id="d000.s3321.t000" lemma="deltids" pos="ADJ">deltids</instance>
         <wf lemma="showarbejder" pos="X">showarbejder</wf>
         <wf lemma="i" pos="X">i</wf>
         <wf lemma="Danmark" pos="X">Danmark</wf>
         <wf lemma="er" pos="X">er</wf>
         <wf lemma="ikke" pos="X">ikke</wf>
         <wf lemma="nogen" pos="X">nogen</wf>
         <wf lemma="dans" pos="X">dans</wf>
         <wf lemma="på" pos="X">på</wf>
         <wf lemma="roser" pos="X">roser</wf>
         <wf lemma="." pos="X">.</wf>
      </sentence>
      <sentence id="d000.s3322" source="wordnet-danish">
         <wf lemma="Det" pos="X">Det</wf>
         <wf lemma="var" pos="X">var</wf>
         <wf lemma="Helmut" pos="X">Helmut</wf>
         <wf lemma="en" pos="X">en</wf>
         <wf lemma="daglig" pos="X">daglig</wf>
         <instance id="d000.s3322.t000" lemma="pine" pos="NOUN">pine</instance>
         <wf lemma="at" pos="X">at</wf>
         <wf lemma="se" pos="X">se</wf>
         <wf lemma="gården" pos="X">gården</wf>
         <wf lemma="blomstre" pos="X">blomstre</wf>
         <wf lemma="og" pos="X">og</wf>
         <wf lemma="kaste" pos="X">kaste</wf>
         <wf lemma="stadig" pos="X">stadig</wf>
         <wf lemma="mere" pos="X">mere</wf>
         <wf lemma="af" pos="X">af</wf>
         <wf lemma="sig" pos="X">sig</wf>
         <wf lemma="," pos="X">,</wf>
         <wf lemma="altsammen" pos="X">altsammen</wf>
         <wf lemma="noget" pos="X">noget</wf>
         <wf lemma="som" pos="X">som</wf>
         <wf lemma="ville" pos="X">ville</wf>
         <wf lemma="tilfalde" pos="X">tilfalde</wf>
         <wf lemma="konen" pos="X">konen</wf>
         <wf lemma="." pos="X">.</wf>
      </sentence>
      <sentence id="d000.s3323" source="wordnet-danish">
         <wf lemma="Luciano" pos="X">Luciano</wf>
         <wf lemma="Pavarotti" pos="X">Pavarotti</wf>
         <wf lemma="gjorde" pos="X">gjorde</wf>
         <wf lemma="gode" pos="X">gode</wf>
         <instance id="d000.s3323.t000" lemma="fremskridt" pos="NOUN">fremskridt</instance>
         <wf lemma="som" pos="X">som</wf>
         <wf lemma="sanger" pos="X">sanger</wf>
         <wf lemma="." pos="X">.</wf>
      </sentence>
      <sentence id="d000.s3324" source="wordnet-danish">
         <wf lemma="Jo" pos="X">Jo</wf>
         <wf lemma="ivrigere" pos="X">ivrigere</wf>
         <wf lemma="hunden" pos="X">hunden</wf>
         <wf lemma="bliver" pos="X">bliver</wf>
         <wf lemma="," pos="X">,</wf>
         <wf lemma="desto" pos="X">desto</wf>
         <wf lemma="højere" pos="X">højere</wf>
         <wf lemma="løftes" pos="X">løftes</wf>
         <instance id="d000.s3324.t000" lemma="hale" pos="NOUN">halen</instance>
         <wf lemma="i" pos="X">i</wf>
         <wf lemma="vejret" pos="X">vejret</wf>
         <wf lemma="." pos="X">.</wf>
      </sentence>
      <sentence id="d000.s3325" source="wordnet-danish">
         <wf lemma="Jeg" pos="X">Jeg</wf>
         <instance id="d000.s3325.t000" lemma="forstå" pos="VERB">forstår</instance>
         <wf lemma="udmærket" pos="X">udmærket</wf>
         <wf lemma="," pos="X">,</wf>
         <wf lemma="at" pos="X">at</wf>
         <wf lemma="folk" pos="X">folk</wf>
         <wf lemma="får" pos="X">får</wf>
         <wf lemma="lavet" pos="X">lavet</wf>
         <wf lemma="sort" pos="X">sort</wf>
         <wf lemma="arbejde" pos="X">arbejde</wf>
         <wf lemma=";" pos="X">;</wf>
         <wf lemma="det" pos="X">det</wf>
         <wf lemma="er" pos="X">er</wf>
         <wf lemma="jo" pos="X">jo</wf>
         <wf lemma="svært" pos="X">svært</wf>
         <wf lemma="at" pos="X">at</wf>
         <wf lemma="få" pos="X">få</wf>
         <wf lemma="råd" pos="X">råd</wf>
         <wf lemma="til" pos="X">til</wf>
         <wf lemma="andet" pos="X">andet</wf>
         <wf lemma="." pos="X">.</wf>
      </sentence>
      <sentence id="d000.s3326" source="wordnet-danish">
         <wf lemma="Voldgraven" pos="X">Voldgraven</wf>
         <wf lemma="har" pos="X">har</wf>
         <wf lemma="en" pos="X">en</wf>
         <instance id="d000.s3326.t000" lemma="bredde" pos="NOUN">bredde</instance>
         <wf lemma="på" pos="X">på</wf>
         <wf lemma="18" pos="X">18</wf>
         <wf lemma="m" pos="X">m</wf>
         <wf lemma="," pos="X">,</wf>
         <wf lemma="og" pos="X">og</wf>
         <wf lemma="den" pos="X">den</wf>
         <wf lemma="er" pos="X">er</wf>
         <wf lemma="3" pos="X">3</wf>
         <wf lemma="m" pos="X">m</wf>
         <wf lemma="dyb." pos="X">dyb.</wf>
      </sentence>
      <sentence id="d000.s3327" source="wordnet-danish">
         <wf lemma="Græspollen" pos="X">Græspollen</wf>
         <wf lemma="begynder" pos="X">begynder</wf>
         <wf lemma="i" pos="X">i</wf>
         <wf lemma="maj" pos="X">maj</wf>
         <wf lemma="," pos="X">,</wf>
         <wf lemma="når" pos="X">når</wf>
         <wf lemma="sit" pos="X">sit</wf>
         <instance id="d000.s3327.t000" lemma="maksimum" pos="NOUN">maksimum</instance>
         <wf lemma="i" pos="X">i</wf>
         <wf lemma="juni" pos="X">juni</wf>
         <wf lemma="og" pos="X">og</wf>
         <wf lemma="slutter" pos="X">slutter</wf>
         <wf lemma="først" pos="X">først</wf>
         <wf lemma="sæsonen" pos="X">sæsonen</wf>
         <wf lemma="i" pos="X">i</wf>
         <wf lemma="løbet" pos="X">løbet</wf>
         <wf lemma="af" pos="X">af</wf>
         <wf lemma="august" pos="X">august</wf>
         <wf lemma="." pos="X">.</wf>
      </sentence>
      <sentence id="d000.s3328" source="wordnet-danish">
         <wf lemma="[de" pos="X">[de</wf>
         <wf lemma="to" pos="X">to</wf>
         <wf lemma="rederier]" pos="X">rederier]</wf>
         <wf lemma="har" pos="X">har</wf>
         <wf lemma="indgået" pos="X">indgået</wf>
         <wf lemma="en" pos="X">en</wf>
         <wf lemma="opsigtsvækkende" pos="X">opsigtsvækkende</wf>
         <wf lemma="aftale" pos="X">aftale</wf>
         <wf lemma="om" pos="X">om</wf>
         <wf lemma="snævert" pos="X">snævert</wf>
         <instance id="d000.s3328.t000" lemma="operationel" pos="ADJ">operationelt</instance>
         <wf lemma="samarbejde" pos="X">samarbejde</wf>
         <wf lemma="på" pos="X">på</wf>
         <wf lemma="ruterne" pos="X">ruterne</wf>
         <wf lemma="mellem" pos="X">mellem</wf>
         <wf lemma="Europa" pos="X">Europa</wf>
         <wf lemma="og" pos="X">og</wf>
         <wf lemma="Fjernøsten" pos="X">Fjernøsten</wf>
         <wf lemma="." pos="X">.</wf>
      </sentence>
      <sentence id="d000.s3329" source="wordnet-danish">
         <wf lemma="pigen" pos="X">pigen</wf>
         <wf lemma=".." pos="X">..</wf>
         <wf lemma="voksede" pos="X">voksede</wf>
         <wf lemma="op" pos="X">op</wf>
         <wf lemma="som" pos="X">som</wf>
         <wf lemma="Tornerose" pos="X">Tornerose</wf>
         <wf lemma="," pos="X">,</wf>
         <wf lemma="sovende" pos="X">sovende</wf>
         <wf lemma="," pos="X">,</wf>
         <instance id="d000.s3329.t000" lemma="ren" pos="ADJ">ren</instance>
         <wf lemma="," pos="X">,</wf>
         <wf lemma="kysk" pos="X">kysk</wf>
         <wf lemma="og" pos="X">og</wf>
         <wf lemma="mærkeligt" pos="X">mærkeligt</wf>
         <wf lemma="alene" pos="X">alene</wf>
         <wf lemma="." pos="X">.</wf>
      </sentence>
      <sentence id="d000.s3330" source="wordnet-danish">
         <wf lemma="Han" pos="X">Han</wf>
         <wf lemma="havde" pos="X">havde</wf>
         <wf lemma="hørt" pos="X">hørt</wf>
         <wf lemma="om" pos="X">om</wf>
         <wf lemma="mange" pos="X">mange</wf>
         <wf lemma="forunderlige" pos="X">forunderlige</wf>
         <instance id="d000.s3330.t000" lemma="hændelse" pos="NOUN">hændelser</instance>
         <wf lemma="og" pos="X">og</wf>
         <wf lemma="vidste" pos="X">vidste</wf>
         <wf lemma="besked" pos="X">besked</wf>
         <wf lemma="med" pos="X">med</wf>
         <wf lemma="jærtegn" pos="X">jærtegn</wf>
         <wf lemma="og" pos="X">og</wf>
         <wf lemma="varsler" pos="X">varsler</wf>
         <wf lemma="." pos="X">.</wf>
      </sentence>
      <sentence id="d000.s3331" source="wordnet-danish">
         <wf lemma="Altertavlen" pos="X">Altertavlen</wf>
         <wf lemma="er" pos="X">er</wf>
         <wf lemma="1933" pos="X">1933</wf>
         <wf lemma="sammenstykket" pos="X">sammenstykket</wf>
         <wf lemma="af" pos="X">af</wf>
         <instance id="d000.s3331.t000" lemma="middelalderlig" pos="ADJ">middelalderlige</instance>
         <wf lemma="træskulpturer" pos="X">træskulpturer</wf>
         <wf lemma="," pos="X">,</wf>
         <wf lemma="der" pos="X">der</wf>
         <wf lemma="fra" pos="X">fra</wf>
         <wf lemma="gammel" pos="X">gammel</wf>
         <wf lemma="tid" pos="X">tid</wf>
         <wf lemma="fandtes" pos="X">fandtes</wf>
         <wf lemma="ved" pos="X">ved</wf>
         <wf lemma="kirken" pos="X">kirken</wf>
         <wf lemma="." pos="X">.</wf>
      </sentence>
      <sentence id="d000.s3332" source="wordnet-danish">
         <wf lemma="Vi" pos="X">Vi</wf>
         <wf lemma="slutter" pos="X">slutter</wf>
         <wf lemma="rundrejsen" pos="X">rundrejsen</wf>
         <wf lemma="på" pos="X">på</wf>
         <wf lemma="Skagen" pos="X">Skagen</wf>
         <wf lemma=".." pos="X">..</wf>
         <wf lemma="med" pos="X">med</wf>
         <wf lemma="det" pos="X">det</wf>
         <wf lemma="hyggelige" pos="X">hyggelige</wf>
         <wf lemma="gamle" pos="X">gamle</wf>
         <wf lemma="miljø" pos="X">miljø</wf>
         <wf lemma="og" pos="X">og</wf>
         <wf lemma="specielle" pos="X">specielle</wf>
         <wf lemma="lys" pos="X">lys</wf>
         <wf lemma="," pos="X">,</wf>
         <wf lemma="som" pos="X">som</wf>
         <wf lemma="til" pos="X">til</wf>
         <wf lemma="alle" pos="X">alle</wf>
         <wf lemma="tider" pos="X">tider</wf>
         <wf lemma="har" pos="X">har</wf>
         <wf lemma="draget" pos="X">draget</wf>
         <wf lemma="og" pos="X">og</wf>
         <wf lemma="inspireret" pos="X">inspireret</wf>
         <instance id="d000.s3332.t000" lemma="maler" pos="NOUN">malere</instance>
         <wf lemma="og" pos="X">og</wf>
         <wf lemma="forfattere" pos="X">forfattere</wf>
         <wf lemma="." pos="X">.</wf>
      </sentence>
      <sentence id="d000.s3333" source="wordnet-danish">
         <instance id="d000.s3333.t000" lemma="komet" pos="NOUN">kometerne</instance>
         <wf lemma="[består" pos="X">[består</wf>
         <wf lemma="mest]" pos="X">mest]</wf>
         <wf lemma="af" pos="X">af</wf>
         <wf lemma="i" pos="X">i</wf>
         <wf lemma="s" pos="X">s</wf>
         <wf lemma="," pos="X">,</wf>
         <wf lemma="støv" pos="X">støv</wf>
         <wf lemma="og" pos="X">og</wf>
         <wf lemma="andre" pos="X">andre</wf>
         <wf lemma="stoffer" pos="X">stoffer</wf>
         <wf lemma="," pos="X">,</wf>
         <wf lemma="som" pos="X">som</wf>
         <wf lemma="blev" pos="X">blev</wf>
         <wf lemma="til" pos="X">til</wf>
         <wf lemma="overs" pos="X">overs</wf>
         <wf lemma="," pos="X">,</wf>
         <wf lemma="da" pos="X">da</wf>
         <wf lemma="solsystemet" pos="X">solsystemet</wf>
         <wf lemma="blev" pos="X">blev</wf>
         <wf lemma="dannet" pos="X">dannet</wf>
         <wf lemma="." pos="X">.</wf>
      </sentence>
      <sentence id="d000.s3334" source="wordnet-danish">
         <wf lemma="Hans" pos="X">Hans</wf>
         <wf lemma="foretrukne" pos="X">foretrukne</wf>
         <instance id="d000.s3334.t000" lemma="interesse" pos="NOUN">interesser</instance>
         <wf lemma="var" pos="X">var</wf>
         <wf lemma="akvariefisk" pos="X">akvariefisk</wf>
         <wf lemma="," pos="X">,</wf>
         <wf lemma="modelfly" pos="X">modelfly</wf>
         <wf lemma="og" pos="X">og</wf>
         <wf lemma="voldsfilm" pos="X">voldsfilm</wf>
         <wf lemma="!" pos="X">!</wf>
      </sentence>
      <sentence id="d000.s3335" source="wordnet-danish">
         <wf lemma="Der" pos="X">Der</wf>
         <wf lemma="er" pos="X">er</wf>
         <wf lemma="kun" pos="X">kun</wf>
         <wf lemma="en" pos="X">en</wf>
         <wf lemma="ting" pos="X">ting</wf>
         <wf lemma="at" pos="X">at</wf>
         <wf lemma="gøre" pos="X">gøre</wf>
         <wf lemma="ved" pos="X">ved</wf>
         <wf lemma="de" pos="X">de</wf>
         <wf lemma="forsvarsspillere" pos="X">forsvarsspillere</wf>
         <wf lemma="," pos="X">,</wf>
         <wf lemma="der" pos="X">der</wf>
         <wf lemma="laver" pos="X">laver</wf>
         <wf lemma="svinestregerne" pos="X">svinestregerne</wf>
         <wf lemma="," pos="X">,</wf>
         <wf lemma="og" pos="X">og</wf>
         <wf lemma="det" pos="X">det</wf>
         <wf lemma="er" pos="X">er</wf>
         <wf lemma="at" pos="X">at</wf>
         <instance id="d000.s3335.t000" lemma="udvise" pos="VERB">udvise</instance>
         <wf lemma="dem" pos="X">dem</wf>
         <wf lemma="." pos="X">.</wf>
      </sentence>
      <sentence id="d000.s3336" source="wordnet-danish">
         <wf lemma="I" pos="X">I</wf>
         <wf lemma="dag" pos="X">dag</wf>
         <wf lemma="kan" pos="X">kan</wf>
         <wf lemma="de" pos="X">de</wf>
         <wf lemma="politiske" pos="X">politiske</wf>
         <wf lemma="partiers" pos="X">partiers</wf>
         <instance id="d000.s3336.t000" lemma="vælger" pos="NOUN">vælgere</instance>
         <wf lemma="ikke" pos="X">ikke</wf>
         <wf lemma="puttes" pos="X">puttes</wf>
         <wf lemma="i" pos="X">i</wf>
         <wf lemma="bestemte" pos="X">bestemte</wf>
         <wf lemma="båse" pos="X">båse</wf>
         <wf lemma="efter" pos="X">efter</wf>
         <wf lemma="erhverv" pos="X">erhverv</wf>
         <wf lemma="og" pos="X">og</wf>
         <wf lemma="indtægt" pos="X">indtægt</wf>
         <wf lemma="." pos="X">.</wf>
      </sentence>
      <sentence id="d000.s3337" source="wordnet-danish">
         <wf lemma="Han" pos="X">Han</wf>
         <wf lemma="arbejdede" pos="X">arbejdede</wf>
         <wf lemma="en" pos="X">en</wf>
         <wf lemma="halv" pos="X">halv</wf>
         <wf lemma="time" pos="X">time</wf>
         <wf lemma="," pos="X">,</wf>
         <wf lemma="men" pos="X">men</wf>
         <wf lemma="han" pos="X">han</wf>
         <wf lemma="duede" pos="X">duede</wf>
         <wf lemma="hverken" pos="X">hverken</wf>
         <wf lemma="til" pos="X">til</wf>
         <wf lemma="at" pos="X">at</wf>
         <wf lemma="save" pos="X">save</wf>
         <wf lemma="lige" pos="X">lige</wf>
         <wf lemma="eller" pos="X">eller</wf>
         <wf lemma="slå" pos="X">slå</wf>
         <instance id="d000.s3337.t000" lemma="søm" pos="NOUN">søm</instance>
         <wf lemma="i" pos="X">i</wf>
         <wf lemma="," pos="X">,</wf>
         <wf lemma="uden" pos="X">uden</wf>
         <wf lemma="de" pos="X">de</wf>
         <wf lemma="bøjede" pos="X">bøjede</wf>
         <wf lemma="sig" pos="X">sig</wf>
         <wf lemma="." pos="X">.</wf>
      </sentence>
      <sentence id="d000.s3338" source="wordnet-danish">
         <wf lemma="Mange" pos="X">Mange</wf>
         <wf lemma="er" pos="X">er</wf>
         <wf lemma="nødt" pos="X">nødt</wf>
         <wf lemma="til" pos="X">til</wf>
         <wf lemma="at" pos="X">at</wf>
         <instance id="d000.s3338.t000" lemma="flytte" pos="VERB">flytte</instance>
         <wf lemma="for" pos="X">for</wf>
         <wf lemma="at" pos="X">at</wf>
         <wf lemma="få" pos="X">få</wf>
         <wf lemma="den" pos="X">den</wf>
         <wf lemma="uddannelse" pos="X">uddannelse</wf>
         <wf lemma="," pos="X">,</wf>
         <wf lemma="de" pos="X">de</wf>
         <wf lemma="ønsker" pos="X">ønsker</wf>
         <wf lemma="sig" pos="X">sig</wf>
         <wf lemma="." pos="X">.</wf>
      </sentence>
      <sentence id="d000.s3339" source="wordnet-danish">
         <wf lemma="Drikker" pos="X">Drikker</wf>
         <wf lemma="du" pos="X">du</wf>
         <instance id="d000.s3339.t000" lemma="alkohol" pos="NOUN">alkohol</instance>
         <wf lemma="--" pos="X">--</wf>
         <wf lemma="rigeligt" pos="X">rigeligt</wf>
         <wf lemma="og" pos="X">og</wf>
         <wf lemma="stærkt" pos="X">stærkt</wf>
         <wf lemma="--" pos="X">--</wf>
         <wf lemma="risikerer" pos="X">risikerer</wf>
         <wf lemma="du" pos="X">du</wf>
         <wf lemma="en" pos="X">en</wf>
         <wf lemma="akut" pos="X">akut</wf>
         <wf lemma="forgiftning" pos="X">forgiftning</wf>
         <wf lemma="," pos="X">,</wf>
         <wf lemma="som" pos="X">som</wf>
         <wf lemma="kan" pos="X">kan</wf>
         <wf lemma="være" pos="X">være</wf>
         <wf lemma="livsfarlig" pos="X">livsfarlig</wf>
         <wf lemma="." pos="X">.</wf>
      </sentence>
      <sentence id="d000.s3340" source="wordnet-danish">
         <wf lemma="Lad" pos="X">Lad</wf>
         <wf lemma="den" pos="X">den</wf>
         <wf lemma="jævnede" pos="X">jævnede</wf>
         <wf lemma="sauce" pos="X">sauce</wf>
         <wf lemma="koge" pos="X">koge</wf>
         <wf lemma="i" pos="X">i</wf>
         <wf lemma="ca." pos="X">ca.</wf>
         <wf lemma="2" pos="X">2</wf>
         <instance id="d000.s3340.t000" lemma="minut" pos="NOUN">minutter</instance>
         <wf lemma="," pos="X">,</wf>
         <wf lemma="mens" pos="X">mens</wf>
         <wf lemma="der" pos="X">der</wf>
         <wf lemma="røres" pos="X">røres</wf>
         <wf lemma="i" pos="X">i</wf>
         <wf lemma="gryden" pos="X">gryden</wf>
         <wf lemma="." pos="X">.</wf>
      </sentence>
      <sentence id="d000.s3341" source="wordnet-danish">
         <wf lemma="Ingen" pos="X">Ingen</wf>
         <wf lemma="kan" pos="X">kan</wf>
         <instance id="d000.s3341.t000" lemma="vinde" pos="VERB">vinde</instance>
         <wf lemma="en" pos="X">en</wf>
         <wf lemma="atomkrig" pos="X">atomkrig</wf>
         <wf lemma="." pos="X">.</wf>
      </sentence>
      <sentence id="d000.s3342" source="wordnet-danish">
         <wf lemma="Han" pos="X">Han</wf>
         <wf lemma="er" pos="X">er</wf>
         <wf lemma="smidig" pos="X">smidig</wf>
         <wf lemma="som" pos="X">som</wf>
         <wf lemma="en" pos="X">en</wf>
         <instance id="d000.s3342.t000" lemma="kat" pos="NOUN">kat</instance>
         <wf lemma="," pos="X">,</wf>
         <wf lemma="der" pos="X">der</wf>
         <wf lemma="langsomt" pos="X">langsomt</wf>
         <wf lemma="sniger" pos="X">sniger</wf>
         <wf lemma="sig" pos="X">sig</wf>
         <wf lemma="ind" pos="X">ind</wf>
         <wf lemma="på" pos="X">på</wf>
         <wf lemma="sit" pos="X">sit</wf>
         <wf lemma="bytte" pos="X">bytte</wf>
         <wf lemma="." pos="X">.</wf>
      </sentence>
      <sentence id="d000.s3343" source="wordnet-danish">
         <wf lemma="Pigens" pos="X">Pigens</wf>
         <wf lemma="mor" pos="X">mor</wf>
         <wf lemma="kom" pos="X">kom</wf>
         <wf lemma="ved" pos="X">ved</wf>
         <wf lemma="middagstid" pos="X">middagstid</wf>
         <wf lemma="løbende" pos="X">løbende</wf>
         <wf lemma="over" pos="X">over</wf>
         <wf lemma="til" pos="X">til</wf>
         <wf lemma="nogle" pos="X">nogle</wf>
         <wf lemma="genboer" pos="X">genboer</wf>
         <wf lemma="og" pos="X">og</wf>
         <wf lemma="bad" pos="X">bad</wf>
         <wf lemma="dem" pos="X">dem</wf>
         <instance id="d000.s3343.t000" lemma="ringe" pos="VERB">ringe</instance>
         <wf lemma="000." pos="X">000.</wf>
      </sentence>
      <sentence id="d000.s3344" source="wordnet-danish">
         <wf lemma="Lisa" pos="X">Lisa</wf>
         <wf lemma="ventede" pos="X">ventede</wf>
         <instance id="d000.s3344.t000" lemma="tiltage" pos="VERB">tiltagende</instance>
         <wf lemma="utålmodig" pos="X">utålmodig</wf>
         <wf lemma="på" pos="X">på</wf>
         <wf lemma="," pos="X">,</wf>
         <wf lemma="at" pos="X">at</wf>
         <wf lemma="det" pos="X">det</wf>
         <wf lemma="blev" pos="X">blev</wf>
         <wf lemma="hendes" pos="X">hendes</wf>
         <wf lemma="tur." pos="X">tur.</wf>
      </sentence>
      <sentence id="d000.s3345" source="wordnet-danish">
         <wf lemma="Reagan" pos="X">Reagan</wf>
         <wf lemma="og" pos="X">og</wf>
         <wf lemma="Gorbatjov" pos="X">Gorbatjov</wf>
         <wf lemma="blev" pos="X">blev</wf>
         <wf lemma="på" pos="X">på</wf>
         <wf lemma="deres" pos="X">deres</wf>
         <wf lemma="første" pos="X">første</wf>
         <instance id="d000.s3345.t000" lemma="topmøde" pos="NOUN">topmøde</instance>
         <wf lemma=".." pos="X">..</wf>
         <wf lemma="enige" pos="X">enige</wf>
         <wf lemma="om" pos="X">om</wf>
         <wf lemma="at" pos="X">at</wf>
         <wf lemma="genoptage" pos="X">genoptage</wf>
         <wf lemma="forhandlingerne" pos="X">forhandlingerne</wf>
         <wf lemma="om" pos="X">om</wf>
         <wf lemma="våbenkontrol" pos="X">våbenkontrol</wf>
         <wf lemma="mellem" pos="X">mellem</wf>
         <wf lemma="supermagterne" pos="X">supermagterne</wf>
         <wf lemma="." pos="X">.</wf>
      </sentence>
      <sentence id="d000.s3346" source="wordnet-danish">
         <wf lemma="jeg" pos="X">jeg</wf>
         <wf lemma="går" pos="X">går</wf>
         <wf lemma="en" pos="X">en</wf>
         <wf lemma="del" pos="X">del</wf>
         <wf lemma="op" pos="X">op</wf>
         <wf lemma="i" pos="X">i</wf>
         <wf lemma="min" pos="X">min</wf>
         <instance id="d000.s3346.t000" lemma="ære" pos="NOUN">ære</instance>
         <wf lemma="." pos="X">.</wf>
         <wf lemma="Jeg" pos="X">Jeg</wf>
         <wf lemma="vil" pos="X">vil</wf>
         <wf lemma="ikke" pos="X">ikke</wf>
         <wf lemma="have" pos="X">have</wf>
         <wf lemma="," pos="X">,</wf>
         <wf lemma="at" pos="X">at</wf>
         <wf lemma="den" pos="X">den</wf>
         <wf lemma="bliver" pos="X">bliver</wf>
         <wf lemma="krænket" pos="X">krænket</wf>
         <wf lemma="eller" pos="X">eller</wf>
         <wf lemma="plettet" pos="X">plettet</wf>
         <wf lemma="." pos="X">.</wf>
      </sentence>
      <sentence id="d000.s3347" source="wordnet-danish">
         <instance id="d000.s3347.t000" lemma="spiller" pos="NOUN">Spillernes</instance>
         <wf lemma="og" pos="X">og</wf>
         <wf lemma="kameraets" pos="X">kameraets</wf>
         <wf lemma="bevægelser" pos="X">bevægelser</wf>
         <wf lemma="blev" pos="X">blev</wf>
         <wf lemma="minutiøst" pos="X">minutiøst</wf>
         <wf lemma="tegnet" pos="X">tegnet</wf>
         <wf lemma="op" pos="X">op</wf>
         <wf lemma="med" pos="X">med</wf>
         <wf lemma="kridtmærker" pos="X">kridtmærker</wf>
         <wf lemma="på" pos="X">på</wf>
         <wf lemma="gulvet" pos="X">gulvet</wf>
         <wf lemma="." pos="X">.</wf>
      </sentence>
      <sentence id="d000.s3348" source="wordnet-danish">
         <wf lemma="Inga" pos="X">Inga</wf>
         <wf lemma="Nielsen" pos="X">Nielsen</wf>
         <wf lemma="har" pos="X">har</wf>
         <wf lemma="for" pos="X">for</wf>
         <wf lemma="et" pos="X">et</wf>
         <wf lemma="år" pos="X">år</wf>
         <wf lemma="siden" pos="X">siden</wf>
         <wf lemma="skiftet" pos="X">skiftet</wf>
         <instance id="d000.s3348.t000" lemma="agent" pos="NOUN">agent</instance>
         <wf lemma="," pos="X">,</wf>
         <wf lemma="der" pos="X">der</wf>
         <wf lemma="nu" pos="X">nu</wf>
         <wf lemma="bl.a." pos="X">bl.a.</wf>
         <wf lemma="forhandler" pos="X">forhandler</wf>
         <wf lemma="om" pos="X">om</wf>
         <wf lemma="et" pos="X">et</wf>
         <wf lemma="engagement" pos="X">engagement</wf>
         <wf lemma="på" pos="X">på</wf>
         <wf lemma="Metropolitan" pos="X">Metropolitan</wf>
         <wf lemma="Operaen" pos="X">Operaen</wf>
         <wf lemma="i" pos="X">i</wf>
         <wf lemma="New" pos="X">New</wf>
         <wf lemma="York" pos="X">York</wf>
         <wf lemma="." pos="X">.</wf>
      </sentence>
      <sentence id="d000.s3349" source="wordnet-danish">
         <wf lemma="man" pos="X">man</wf>
         <wf lemma="søgte" pos="X">søgte</wf>
         <wf lemma="en" pos="X">en</wf>
         <wf lemma="kamel" pos="X">kamel</wf>
         <wf lemma="til" pos="X">til</wf>
         <wf lemma="et" pos="X">et</wf>
         <wf lemma="bryllup" pos="X">bryllup</wf>
         <wf lemma="," pos="X">,</wf>
         <wf lemma="hvor" pos="X">hvor</wf>
         <wf lemma="brudens" pos="X">brudens</wf>
         <wf lemma="far" pos="X">far</wf>
         <wf lemma="på" pos="X">på</wf>
         <wf lemma="arabisk" pos="X">arabisk</wf>
         <wf lemma="vis" pos="X">vis</wf>
         <wf lemma="skulle" pos="X">skulle</wf>
         <wf lemma="have" pos="X">have</wf>
         <wf lemma="en" pos="X">en</wf>
         <wf lemma="kamel" pos="X">kamel</wf>
         <wf lemma="i" pos="X">i</wf>
         <instance id="d000.s3349.t000" lemma="bytte" pos="NOUN">bytte</instance>
         <wf lemma="for" pos="X">for</wf>
         <wf lemma="sin" pos="X">sin</wf>
         <wf lemma="datter" pos="X">datter</wf>
         <wf lemma="." pos="X">.</wf>
      </sentence>
      <sentence id="d000.s3350" source="wordnet-danish">
         <wf lemma="Natur" pos="X">Natur</wf>
         <wf lemma="og" pos="X">og</wf>
         <wf lemma="Miljø" pos="X">Miljø</wf>
         <wf lemma="bliver" pos="X">bliver</wf>
         <wf lemma="ikke" pos="X">ikke</wf>
         <instance id="d000.s3350.t000" lemma="trykke" pos="VERB">trykt</instance>
         <wf lemma="på" pos="X">på</wf>
         <wf lemma="genbrugspapir" pos="X">genbrugspapir</wf>
         <wf lemma="fordi" pos="X">fordi</wf>
         <wf lemma="det" pos="X">det</wf>
         <wf lemma="vil" pos="X">vil</wf>
         <wf lemma="koste" pos="X">koste</wf>
         <wf lemma="flere" pos="X">flere</wf>
         <wf lemma="hundrede" pos="X">hundrede</wf>
         <wf lemma="tusinde" pos="X">tusinde</wf>
         <wf lemma="kroner" pos="X">kroner</wf>
         <wf lemma="ekstra" pos="X">ekstra</wf>
         <wf lemma="." pos="X">.</wf>
      </sentence>
      <sentence id="d000.s3351" source="wordnet-danish">
         <wf lemma="på" pos="X">på</wf>
         <wf lemma="bryllupsdagen" pos="X">bryllupsdagen</wf>
         <wf lemma="optrådte" pos="X">optrådte</wf>
         <wf lemma="[hun" pos="X">[hun</wf>
         <wf lemma="]" pos="X">]</wf>
         <wf lemma="som" pos="X">som</wf>
         <wf lemma="en" pos="X">en</wf>
         <wf lemma="overpyntet" pos="X">overpyntet</wf>
         <wf lemma="kransekagefigur" pos="X">kransekagefigur</wf>
         <wf lemma="i" pos="X">i</wf>
         <wf lemma="alt" pos="X">alt</wf>
         <wf lemma="for" pos="X">for</wf>
         <wf lemma="mange" pos="X">mange</wf>
         <instance id="d000.s3351.t000" lemma="knipling" pos="NOUN">kniplinger</instance>
         <wf lemma="," pos="X">,</wf>
         <wf lemma="flæser" pos="X">flæser</wf>
         <wf lemma="," pos="X">,</wf>
         <wf lemma="blonder" pos="X">blonder</wf>
         <wf lemma="og" pos="X">og</wf>
         <wf lemma="blomster" pos="X">blomster</wf>
         <wf lemma="." pos="X">.</wf>
      </sentence>
      <sentence id="d000.s3352" source="wordnet-danish">
         <wf lemma="En" pos="X">En</wf>
         <wf lemma="heltids" pos="X">heltids</wf>
         <wf lemma="telefondame" pos="X">telefondame</wf>
         <wf lemma="omstiller" pos="X">omstiller</wf>
         <wf lemma="250" pos="X">250</wf>
         <instance id="d000.s3352.t000" lemma="samtale" pos="NOUN">samtaler</instance>
         <wf lemma="dagligt" pos="X">dagligt</wf>
         <wf lemma="." pos="X">.</wf>
      </sentence>
      <sentence id="d000.s3353" source="wordnet-danish">
         <wf lemma="Talrige" pos="X">Talrige</wf>
         <wf lemma="gange" pos="X">gange</wf>
         <wf lemma="før" pos="X">før</wf>
         <wf lemma="er" pos="X">er</wf>
         <wf lemma="broen" pos="X">broen</wf>
         <wf lemma="," pos="X">,</wf>
         <wf lemma="der" pos="X">der</wf>
         <wf lemma="ellers" pos="X">ellers</wf>
         <wf lemma="kun" pos="X">kun</wf>
         <wf lemma="er" pos="X">er</wf>
         <wf lemma="passabel" pos="X">passabel</wf>
         <wf lemma="for" pos="X">for</wf>
         <wf lemma="militærfolk" pos="X">militærfolk</wf>
         <wf lemma="," pos="X">,</wf>
         <wf lemma="blevet" pos="X">blevet</wf>
         <wf lemma="brugt" pos="X">brugt</wf>
         <wf lemma="til" pos="X">til</wf>
         <instance id="d000.s3353.t000" lemma="udveksling" pos="NOUN">udveksling</instance>
         <wf lemma="af" pos="X">af</wf>
         <wf lemma="agenter" pos="X">agenter</wf>
         <wf lemma="." pos="X">.</wf>
      </sentence>
      <sentence id="d000.s3354" source="wordnet-danish">
         <wf lemma="rigtig" pos="X">rigtig</wf>
         <instance id="d000.s3354.t000" lemma="rock" pos="NOUN">rock</instance>
         <wf lemma="er" pos="X">er</wf>
         <wf lemma="en" pos="X">en</wf>
         <wf lemma="god" pos="X">god</wf>
         <wf lemma="rytmesektion" pos="X">rytmesektion</wf>
         <wf lemma="og" pos="X">og</wf>
         <wf lemma="en" pos="X">en</wf>
         <wf lemma="guitar" pos="X">guitar</wf>
         <wf lemma="," pos="X">,</wf>
         <wf lemma="der" pos="X">der</wf>
         <wf lemma="spiller" pos="X">spiller</wf>
         <wf lemma="uden" pos="X">uden</wf>
         <wf lemma="omsvøb" pos="X">omsvøb</wf>
         <wf lemma="." pos="X">.</wf>
      </sentence>
      <sentence id="d000.s3355" source="wordnet-danish">
         <wf lemma="Surrealismens" pos="X">Surrealismens</wf>
         <wf lemma="udgangspunkt" pos="X">udgangspunkt</wf>
         <wf lemma="var" pos="X">var</wf>
         <wf lemma="dadaismen" pos="X">dadaismen</wf>
         <wf lemma="og" pos="X">og</wf>
         <wf lemma="dens" pos="X">dens</wf>
         <wf lemma="program" pos="X">program</wf>
         <wf lemma="formuleredes" pos="X">formuleredes</wf>
         <wf lemma="1924" pos="X">1924</wf>
         <wf lemma="i" pos="X">i</wf>
         <wf lemma="et" pos="X">et</wf>
         <instance id="d000.s3355.t000" lemma="manifest" pos="NOUN">manifest</instance>
         <wf lemma="af" pos="X">af</wf>
         <wf lemma="André" pos="X">André</wf>
         <wf lemma="Breton" pos="X">Breton</wf>
         <wf lemma="." pos="X">.</wf>
      </sentence>
      <sentence id="d000.s3356" source="wordnet-danish">
         <wf lemma="Han" pos="X">Han</wf>
         <wf lemma="er" pos="X">er</wf>
         <wf lemma="begyndt" pos="X">begyndt</wf>
         <wf lemma="at" pos="X">at</wf>
         <wf lemma="køre" pos="X">køre</wf>
         <instance id="d000.s3356.t000" lemma="taxi" pos="NOUN">taxi</instance>
         <wf lemma="nogle" pos="X">nogle</wf>
         <wf lemma="nætter" pos="X">nætter</wf>
         <wf lemma="om" pos="X">om</wf>
         <wf lemma="ugen" pos="X">ugen</wf>
         <wf lemma="for" pos="X">for</wf>
         <wf lemma="at" pos="X">at</wf>
         <wf lemma="hjælpe" pos="X">hjælpe</wf>
         <wf lemma="lidt" pos="X">lidt</wf>
         <wf lemma="på" pos="X">på</wf>
         <wf lemma="vores" pos="X">vores</wf>
         <wf lemma="økonomi" pos="X">økonomi</wf>
         <wf lemma="." pos="X">.</wf>
      </sentence>
      <sentence id="d000.s3357" source="wordnet-danish">
         <wf lemma="Da" pos="X">Da</wf>
         <instance id="d000.s3357.t000" lemma="ordensmagt" pos="NOUN">ordensmagten</instance>
         <wf lemma="nåede" pos="X">nåede</wf>
         <wf lemma="frem" pos="X">frem</wf>
         <wf lemma="," pos="X">,</wf>
         <wf lemma="var" pos="X">var</wf>
         <wf lemma="de" pos="X">de</wf>
         <wf lemma="to" pos="X">to</wf>
         <wf lemma="skydende" pos="X">skydende</wf>
         <wf lemma="rockere" pos="X">rockere</wf>
         <wf lemma="forsvundet" pos="X">forsvundet</wf>
         <wf lemma="." pos="X">.</wf>
      </sentence>
      <sentence id="d000.s3358" source="wordnet-danish">
         <wf lemma="Hver" pos="X">Hver</wf>
         <wf lemma="femte" pos="X">femte</wf>
         <wf lemma="af" pos="X">af</wf>
         <wf lemma="de" pos="X">de</wf>
         <wf lemma="ældre" pos="X">ældre</wf>
         <wf lemma="har" pos="X">har</wf>
         <instance id="d000.s3358.t000" lemma="behov" pos="NOUN">behov</instance>
         <wf lemma="for" pos="X">for</wf>
         <wf lemma="madudbringning" pos="X">madudbringning</wf>
         <wf lemma="," pos="X">,</wf>
         <wf lemma="hjemmehjælp" pos="X">hjemmehjælp</wf>
         <wf lemma="eller" pos="X">eller</wf>
         <wf lemma="lignende" pos="X">lignende</wf>
         <wf lemma="." pos="X">.</wf>
      </sentence>
      <sentence id="d000.s3359" source="wordnet-danish">
         <wf lemma="[han]" pos="X">[han]</wf>
         <wf lemma="tog" pos="X">tog</wf>
         <wf lemma="en" pos="X">en</wf>
         <instance id="d000.s3359.t000" lemma="stang" pos="NOUN">stang</instance>
         <wf lemma="og" pos="X">og</wf>
         <wf lemma="pirkede" pos="X">pirkede</wf>
         <wf lemma="op" pos="X">op</wf>
         <wf lemma="i" pos="X">i</wf>
         <wf lemma="brændeknuderne" pos="X">brændeknuderne</wf>
         <wf lemma="." pos="X">.</wf>
      </sentence>
      <sentence id="d000.s3360" source="wordnet-danish">
         <wf lemma="Der" pos="X">Der</wf>
         <wf lemma="var" pos="X">var</wf>
         <wf lemma="masser" pos="X">masser</wf>
         <wf lemma="af" pos="X">af</wf>
         <instance id="d000.s3360.t000" lemma="stor" pos="ADJ">større</instance>
         <wf lemma="og" pos="X">og</wf>
         <wf lemma="mindre" pos="X">mindre</wf>
         <wf lemma="både" pos="X">både</wf>
         <wf lemma="i" pos="X">i</wf>
         <wf lemma="vigen" pos="X">vigen</wf>
         <wf lemma="." pos="X">.</wf>
      </sentence>
      <sentence id="d000.s3361" source="wordnet-danish">
         <wf lemma="gaden" pos="X">gaden</wf>
         <wf lemma="var" pos="X">var</wf>
         <wf lemma="tom" pos="X">tom</wf>
         <wf lemma="og" pos="X">og</wf>
         <wf lemma="næsten" pos="X">næsten</wf>
         <wf lemma="helt" pos="X">helt</wf>
         <wf lemma="stille" pos="X">stille</wf>
         <wf lemma="," pos="X">,</wf>
         <wf lemma="kun" pos="X">kun</wf>
         <wf lemma="den" pos="X">den</wf>
         <wf lemma="fjerne" pos="X">fjerne</wf>
         <instance id="d000.s3361.t000" lemma="lyd" pos="NOUN">lyd</instance>
         <wf lemma="af" pos="X">af</wf>
         <wf lemma="legende" pos="X">legende</wf>
         <wf lemma="børn" pos="X">børn</wf>
         <wf lemma="nåede" pos="X">nåede</wf>
         <wf lemma="hende" pos="X">hende</wf>
         <wf lemma="gennem" pos="X">gennem</wf>
         <wf lemma="tusmørket" pos="X">tusmørket</wf>
         <wf lemma="." pos="X">.</wf>
      </sentence>
      <sentence id="d000.s3362" source="wordnet-danish">
         <wf lemma="i" pos="X">i</wf>
         <wf lemma="de" pos="X">de</wf>
         <wf lemma="ældre" pos="X">ældre</wf>
         <wf lemma="klasser" pos="X">klasser</wf>
         <wf lemma="kan" pos="X">kan</wf>
         <wf lemma="film" pos="X">film</wf>
         <wf lemma="bruges" pos="X">bruges</wf>
         <wf lemma="som" pos="X">som</wf>
         <wf lemma="afsæt" pos="X">afsæt</wf>
         <wf lemma="til" pos="X">til</wf>
         <instance id="d000.s3362.t000" lemma="behandling" pos="NOUN">behandling</instance>
         <wf lemma="af" pos="X">af</wf>
         <wf lemma="alle" pos="X">alle</wf>
         <wf lemma="tænkelige" pos="X">tænkelige</wf>
         <wf lemma="emner" pos="X">emner</wf>
         <wf lemma="." pos="X">.</wf>
      </sentence>
      <sentence id="d000.s3363" source="wordnet-danish">
         <wf lemma="det" pos="X">det</wf>
         <wf lemma="var" pos="X">var</wf>
         <wf lemma="langt" pos="X">langt</wf>
         <wf lemma="mere" pos="X">mere</wf>
         <wf lemma="nærværende" pos="X">nærværende</wf>
         <wf lemma="bekymringer" pos="X">bekymringer</wf>
         <wf lemma="," pos="X">,</wf>
         <wf lemma="der" pos="X">der</wf>
         <wf lemma="optog" pos="X">optog</wf>
         <wf lemma="hendes" pos="X">hendes</wf>
         <instance id="d000.s3363.t000" lemma="sind" pos="NOUN">sind</instance>
         <wf lemma="." pos="X">.</wf>
      </sentence>
      <sentence id="d000.s3364" source="wordnet-danish">
         <wf lemma="Nye" pos="X">Nye</wf>
         <instance id="d000.s3364.t000" lemma="forsyning" pos="NOUN">forsyninger</instance>
         <wf lemma="af" pos="X">af</wf>
         <wf lemma="nødhjælp" pos="X">nødhjælp</wf>
         <wf lemma="ventes" pos="X">ventes</wf>
         <wf lemma="pr." pos="X">pr.</wf>
         <wf lemma="skib" pos="X">skib</wf>
         <wf lemma=".." pos="X">..</wf>
         <wf lemma="sidst" pos="X">sidst</wf>
         <wf lemma="i" pos="X">i</wf>
         <wf lemma="november" pos="X">november</wf>
         <wf lemma="." pos="X">.</wf>
      </sentence>
      <sentence id="d000.s3365" source="wordnet-danish">
         <wf lemma="Han" pos="X">Han</wf>
         <wf lemma="kunne" pos="X">kunne</wf>
         <wf lemma="ikke" pos="X">ikke</wf>
         <wf lemma="se" pos="X">se</wf>
         <wf lemma="manden" pos="X">manden</wf>
         <wf lemma="i" pos="X">i</wf>
         <wf lemma="mørket" pos="X">mørket</wf>
         <wf lemma="," pos="X">,</wf>
         <wf lemma="men" pos="X">men</wf>
         <instance id="d000.s3365.t000" lemma="føle" pos="VERB">føle</instance>
         <wf lemma="hans" pos="X">hans</wf>
         <wf lemma="arme" pos="X">arme</wf>
         <wf lemma="," pos="X">,</wf>
         <wf lemma="der" pos="X">der</wf>
         <wf lemma="som" pos="X">som</wf>
         <wf lemma="en" pos="X">en</wf>
         <wf lemma="skruestik" pos="X">skruestik</wf>
         <wf lemma="knugede" pos="X">knugede</wf>
         <wf lemma="om" pos="X">om</wf>
         <wf lemma="hans" pos="X">hans</wf>
         <wf lemma="knæ" pos="X">knæ</wf>
         <wf lemma="." pos="X">.</wf>
      </sentence>
      <sentence id="d000.s3366" source="wordnet-danish">
         <wf lemma="Det" pos="X">Det</wf>
         <wf lemma="er" pos="X">er</wf>
         <wf lemma="ikke" pos="X">ikke</wf>
         <wf lemma="tilstrækkeligt" pos="X">tilstrækkeligt</wf>
         <wf lemma="at" pos="X">at</wf>
         <wf lemma="lægen" pos="X">lægen</wf>
         <wf lemma="giver" pos="X">giver</wf>
         <wf lemma="en" pos="X">en</wf>
         <instance id="d000.s3366.t000" lemma="rationel" pos="ADJ">rationel</instance>
         <wf lemma="," pos="X">,</wf>
         <wf lemma="teknisk" pos="X">teknisk</wf>
         <wf lemma="betonet" pos="X">betonet</wf>
         <wf lemma="information" pos="X">information</wf>
         <wf lemma="udfra" pos="X">udfra</wf>
         <wf lemma="en" pos="X">en</wf>
         <wf lemma="såkaldt" pos="X">såkaldt</wf>
         <wf lemma="'instrumentel'" pos="X">'instrumentel'</wf>
         <wf lemma="holdning" pos="X">holdning</wf>
         <wf lemma="." pos="X">.</wf>
      </sentence>
      <sentence id="d000.s3367" source="wordnet-danish">
         <wf lemma="Der" pos="X">Der</wf>
         <wf lemma="skal" pos="X">skal</wf>
         <wf lemma="være" pos="X">være</wf>
         <wf lemma="et" pos="X">et</wf>
         <wf lemma="individuelt" pos="X">individuelt</wf>
         <wf lemma="bevis" pos="X">bevis</wf>
         <wf lemma="for" pos="X">for</wf>
         <instance id="d000.s3367.t000" lemma="skyld" pos="NOUN">skyld</instance>
         <wf lemma="." pos="X">.</wf>
         <wf lemma="Det" pos="X">Det</wf>
         <wf lemma="fastslog" pos="X">fastslog</wf>
         <wf lemma="retsformand" pos="X">retsformand</wf>
         <wf lemma="Bent" pos="X">Bent</wf>
         <wf lemma="Otken" pos="X">Otken</wf>
         <wf lemma="i" pos="X">i</wf>
         <wf lemma="sin" pos="X">sin</wf>
         <wf lemma="retsbelæring" pos="X">retsbelæring</wf>
         <wf lemma="." pos="X">.</wf>
      </sentence>
      <sentence id="d000.s3368" source="wordnet-danish">
         <wf lemma="Det" pos="X">Det</wf>
         <wf lemma="danske" pos="X">danske</wf>
         <wf lemma="sprog" pos="X">sprog</wf>
         <wf lemma="er" pos="X">er</wf>
         <wf lemma="på" pos="X">på</wf>
         <wf lemma="mindst" pos="X">mindst</wf>
         <wf lemma="et" pos="X">et</wf>
         <instance id="d000.s3368.t000" lemma="punkt" pos="NOUN">punkt</instance>
         <wf lemma="rigere" pos="X">rigere</wf>
         <wf lemma="end" pos="X">end</wf>
         <wf lemma="flertallet" pos="X">flertallet</wf>
         <wf lemma="af" pos="X">af</wf>
         <wf lemma="sprog" pos="X">sprog</wf>
         <wf lemma="i" pos="X">i</wf>
         <wf lemma="verden" pos="X">verden</wf>
         <wf lemma="." pos="X">.</wf>
         <wf lemma="Vi" pos="X">Vi</wf>
         <wf lemma="har" pos="X">har</wf>
         <wf lemma="mange" pos="X">mange</wf>
         <wf lemma="--" pos="X">--</wf>
         <wf lemma="rigtig" pos="X">rigtig</wf>
         <wf lemma="mange" pos="X">mange</wf>
         <wf lemma="--" pos="X">--</wf>
         <wf lemma="vokaler" pos="X">vokaler</wf>
         <wf lemma="." pos="X">.</wf>
      </sentence>
      <sentence id="d000.s3369" source="wordnet-danish">
         <wf lemma="Mange" pos="X">Mange</wf>
         <wf lemma="tak" pos="X">tak</wf>
         <wf lemma="for" pos="X">for</wf>
         <wf lemma="dine" pos="X">dine</wf>
         <wf lemma="to" pos="X">to</wf>
         <instance id="d000.s3369.t000" lemma="epistel" pos="NOUN">epistler</instance>
         <wf lemma="," pos="X">,</wf>
         <wf lemma="den" pos="X">den</wf>
         <wf lemma="sidste" pos="X">sidste</wf>
         <wf lemma="nåede" pos="X">nåede</wf>
         <wf lemma="mig" pos="X">mig</wf>
         <wf lemma="på" pos="X">på</wf>
         <wf lemma="selve" pos="X">selve</wf>
         <wf lemma="fødselsdagen" pos="X">fødselsdagen</wf>
         <wf lemma="." pos="X">.</wf>
      </sentence>
      <sentence id="d000.s3370" source="wordnet-danish">
         <wf lemma="i" pos="X">i</wf>
         <wf lemma="Frankrig" pos="X">Frankrig</wf>
         <wf lemma="forbød" pos="X">forbød</wf>
         <wf lemma="myndighederne" pos="X">myndighederne</wf>
         <wf lemma="forevisning" pos="X">forevisning</wf>
         <wf lemma="af" pos="X">af</wf>
         <wf lemma="filmen" pos="X">filmen</wf>
         <wf lemma="[" pos="X">[</wf>
         <wf lemma=":" pos="X">:</wf>
         <wf lemma="Weekend]" pos="X">Weekend]</wf>
         <wf lemma="--" pos="X">--</wf>
         <instance id="d000.s3370.t000" lemma="dialog" pos="NOUN">dialogen</instance>
         <wf lemma="var" pos="X">var</wf>
         <wf lemma="for" pos="X">for</wf>
         <wf lemma="dristig" pos="X">dristig</wf>
         <wf lemma="." pos="X">.</wf>
      </sentence>
      <sentence id="d000.s3371" source="wordnet-danish">
         <wf lemma="En" pos="X">En</wf>
         <wf lemma="dreng" pos="X">dreng</wf>
         <wf lemma="i" pos="X">i</wf>
         <wf lemma="blå" pos="X">blå</wf>
         <wf lemma="kittel" pos="X">kittel</wf>
         <wf lemma="tømte" pos="X">tømte</wf>
         <wf lemma="en" pos="X">en</wf>
         <wf lemma="spand" pos="X">spand</wf>
         <wf lemma="dampende" pos="X">dampende</wf>
         <wf lemma="vand" pos="X">vand</wf>
         <wf lemma="i" pos="X">i</wf>
         <instance id="d000.s3371.t000" lemma="rendesten" pos="NOUN">rendestenen</instance>
         <wf lemma="uden" pos="X">uden</wf>
         <wf lemma="for" pos="X">for</wf>
         <wf lemma="en" pos="X">en</wf>
         <wf lemma="købmandsforretning" pos="X">købmandsforretning</wf>
         <wf lemma="." pos="X">.</wf>
      </sentence>
      <sentence id="d000.s3372" source="wordnet-danish">
         <wf lemma="Nina" pos="X">Nina</wf>
         <wf lemma="tog" pos="X">tog</wf>
         <wf lemma="pastillen" pos="X">pastillen</wf>
         <wf lemma="og" pos="X">og</wf>
         <instance id="d000.s3372.t000" lemma="bide" pos="VERB">bed</instance>
         <wf lemma="den" pos="X">den</wf>
         <wf lemma="over" pos="X">over</wf>
         <wf lemma="." pos="X">.</wf>
      </sentence>
      <sentence id="d000.s3373" source="wordnet-danish">
         <wf lemma="Han" pos="X">Han</wf>
         <wf lemma="lavede" pos="X">lavede</wf>
         <wf lemma="faktisk" pos="X">faktisk</wf>
         <wf lemma="ikke" pos="X">ikke</wf>
         <wf lemma="en" pos="X">en</wf>
         <wf lemma="eneste" pos="X">eneste</wf>
         <instance id="d000.s3373.t000" lemma="fejl" pos="NOUN">fejl</instance>
         <wf lemma="i" pos="X">i</wf>
         <wf lemma="hele" pos="X">hele</wf>
         <wf lemma="kampen" pos="X">kampen</wf>
         <wf lemma="." pos="X">.</wf>
      </sentence>
      <sentence id="d000.s3374" source="wordnet-danish">
         <wf lemma="Hver" pos="X">Hver</wf>
         <wf lemma="dansker" pos="X">dansker</wf>
         <wf lemma="smider" pos="X">smider</wf>
         <wf lemma="hvert" pos="X">hvert</wf>
         <wf lemma="år" pos="X">år</wf>
         <wf lemma="3" pos="X">3</wf>
         <wf lemma="kg" pos="X">kg</wf>
         <instance id="d000.s3374.t000" lemma="aluminium" pos="NOUN">aluminium</instance>
         <wf lemma="i" pos="X">i</wf>
         <wf lemma="skraldespanden" pos="X">skraldespanden</wf>
         <wf lemma="i" pos="X">i</wf>
         <wf lemma="form" pos="X">form</wf>
         <wf lemma="af" pos="X">af</wf>
         <wf lemma="husholdningsfolie" pos="X">husholdningsfolie</wf>
         <wf lemma="," pos="X">,</wf>
         <wf lemma="leverpostejbakker" pos="X">leverpostejbakker</wf>
         <wf lemma="," pos="X">,</wf>
         <wf lemma="makreldåser" pos="X">makreldåser</wf>
         <wf lemma="osv." pos="X">osv.</wf>
      </sentence>
      <sentence id="d000.s3375" source="wordnet-danish">
         <wf lemma="Der" pos="X">Der</wf>
         <wf lemma="var" pos="X">var</wf>
         <wf lemma="to" pos="X">to</wf>
         <wf lemma="hold" pos="X">hold</wf>
         <instance id="d000.s3375.t000" lemma="gardin" pos="NOUN">gardiner</instance>
         <wf lemma="for" pos="X">for</wf>
         <wf lemma="hvert" pos="X">hvert</wf>
         <wf lemma="vindue" pos="X">vindue</wf>
         <wf lemma="," pos="X">,</wf>
         <wf lemma="de" pos="X">de</wf>
         <wf lemma="gennemsigtige" pos="X">gennemsigtige</wf>
         <wf lemma="og" pos="X">og</wf>
         <wf lemma="dem" pos="X">dem</wf>
         <wf lemma="af" pos="X">af</wf>
         <wf lemma="mørkegrøn" pos="X">mørkegrøn</wf>
         <wf lemma="velour" pos="X">velour</wf>
         <wf lemma="." pos="X">.</wf>
      </sentence>
      <sentence id="d000.s3376" source="wordnet-danish">
         <wf lemma="I" pos="X">I</wf>
         <wf lemma="nyere" pos="X">nyere</wf>
         <wf lemma="tid" pos="X">tid</wf>
         <wf lemma="har" pos="X">har</wf>
         <wf lemma="enzymer" pos="X">enzymer</wf>
         <wf lemma=".." pos="X">..</wf>
         <wf lemma="fundet" pos="X">fundet</wf>
         <instance id="d000.s3376.t000" lemma="anvendelse" pos="NOUN">anvendelse</instance>
         <wf lemma="ved" pos="X">ved</wf>
         <wf lemma="fremstilling" pos="X">fremstilling</wf>
         <wf lemma="af" pos="X">af</wf>
         <wf lemma="f.eks." pos="X">f.eks.</wf>
         <wf lemma="sukker" pos="X">sukker</wf>
         <wf lemma="og" pos="X">og</wf>
         <wf lemma="frugtsaft" pos="X">frugtsaft</wf>
         <wf lemma="." pos="X">.</wf>
      </sentence>
      <sentence id="d000.s3377" source="wordnet-danish">
         <wf lemma="[det" pos="X">[det</wf>
         <wf lemma="]" pos="X">]</wf>
         <wf lemma="er" pos="X">er</wf>
         <wf lemma="en" pos="X">en</wf>
         <wf lemma="meget" pos="X">meget</wf>
         <wf lemma="tæt" pos="X">tæt</wf>
         <wf lemma="og" pos="X">og</wf>
         <wf lemma="konstrueret" pos="X">konstrueret</wf>
         <wf lemma="roman" pos="X">roman</wf>
         <wf lemma="," pos="X">,</wf>
         <wf lemma="fuld" pos="X">fuld</wf>
         <wf lemma="af" pos="X">af</wf>
         <wf lemma="koder" pos="X">koder</wf>
         <wf lemma="og" pos="X">og</wf>
         <instance id="d000.s3377.t000" lemma="reference" pos="NOUN">referencer</instance>
         <wf lemma="til" pos="X">til</wf>
         <wf lemma="klassiske" pos="X">klassiske</wf>
         <wf lemma="og" pos="X">og</wf>
         <wf lemma="moderne" pos="X">moderne</wf>
         <wf lemma="myter" pos="X">myter</wf>
         <wf lemma="." pos="X">.</wf>
      </sentence>
      <sentence id="d000.s3378" source="wordnet-danish">
         <wf lemma="Livet" pos="X">Livet</wf>
         <wf lemma="i" pos="X">i</wf>
         <wf lemma="de" pos="X">de</wf>
         <wf lemma="danske" pos="X">danske</wf>
         <instance id="d000.s3378.t000" lemma="fængsel" pos="NOUN">fængsler</instance>
         <wf lemma="er" pos="X">er</wf>
         <wf lemma="så" pos="X">så</wf>
         <wf lemma="barsk" pos="X">barsk</wf>
         <wf lemma="," pos="X">,</wf>
         <wf lemma="at" pos="X">at</wf>
         <wf lemma="mange" pos="X">mange</wf>
         <wf lemma="frivilligt" pos="X">frivilligt</wf>
         <wf lemma="søger" pos="X">søger</wf>
         <wf lemma="tilflugt" pos="X">tilflugt</wf>
         <wf lemma="i" pos="X">i</wf>
         <wf lemma="isolationsceller" pos="X">isolationsceller</wf>
         <wf lemma="." pos="X">.</wf>
      </sentence>
      <sentence id="d000.s3379" source="wordnet-danish">
         <wf lemma="Den" pos="X">Den</wf>
         <wf lemma="forældreløse" pos="X">forældreløse</wf>
         <wf lemma="," pos="X">,</wf>
         <wf lemma="18-årige" pos="X">18-årige</wf>
         <wf lemma="Bonnie" pos="X">Bonnie</wf>
         <wf lemma="er" pos="X">er</wf>
         <wf lemma="ved" pos="X">ved</wf>
         <wf lemma="at" pos="X">at</wf>
         <wf lemma="blive" pos="X">blive</wf>
         <wf lemma="forvandlet" pos="X">forvandlet</wf>
         <wf lemma="til" pos="X">til</wf>
         <wf lemma="en" pos="X">en</wf>
         <wf lemma="dame" pos="X">dame</wf>
         <wf lemma="efter" pos="X">efter</wf>
         <wf lemma="at" pos="X">at</wf>
         <wf lemma="være" pos="X">være</wf>
         <wf lemma="blevet" pos="X">blevet</wf>
         <wf lemma="Damien" pos="X">Damien</wf>
         <wf lemma="Warwicks" pos="X">Warwicks</wf>
         <instance id="d000.s3379.t000" lemma="myndling" pos="NOUN">myndling</instance>
         <wf lemma="og" pos="X">og</wf>
         <wf lemma="have" pos="X">have</wf>
         <wf lemma="fået" pos="X">fået</wf>
         <wf lemma="ophold" pos="X">ophold</wf>
         <wf lemma="på" pos="X">på</wf>
         <wf lemma="hans" pos="X">hans</wf>
         <wf lemma="gods" pos="X">gods</wf>
         <wf lemma="." pos="X">.</wf>
      </sentence>
      <sentence id="d000.s3380" source="wordnet-danish">
         <wf lemma="om" pos="X">om</wf>
         <wf lemma="et" pos="X">et</wf>
         <wf lemma="argument" pos="X">argument</wf>
         <wf lemma="er" pos="X">er</wf>
         <instance id="d000.s3380.t000" lemma="seriøs" pos="ADJ">seriøst</instance>
         <wf lemma="og" pos="X">og</wf>
         <wf lemma="kan" pos="X">kan</wf>
         <wf lemma="holde" pos="X">holde</wf>
         <wf lemma="," pos="X">,</wf>
         <wf lemma="viser" pos="X">viser</wf>
         <wf lemma="sig" pos="X">sig</wf>
         <wf lemma="først" pos="X">først</wf>
         <wf lemma="," pos="X">,</wf>
         <wf lemma="når" pos="X">når</wf>
         <wf lemma="det" pos="X">det</wf>
         <wf lemma="konfronteres" pos="X">konfronteres</wf>
         <wf lemma="med" pos="X">med</wf>
         <wf lemma="dets" pos="X">dets</wf>
         <wf lemma="modsætning" pos="X">modsætning</wf>
         <wf lemma="." pos="X">.</wf>
      </sentence>
      <sentence id="d000.s3381" source="wordnet-danish">
         <wf lemma="Det" pos="X">Det</wf>
         <wf lemma="bliver" pos="X">bliver</wf>
         <wf lemma="en" pos="X">en</wf>
         <wf lemma="ganske" pos="X">ganske</wf>
         <wf lemma="hyggelig" pos="X">hyggelig</wf>
         <wf lemma="og" pos="X">og</wf>
         <wf lemma="sikkert" pos="X">sikkert</wf>
         <wf lemma="også" pos="X">også</wf>
         <instance id="d000.s3381.t000" lemma="selskabelig" pos="ADJ">selskabelig</instance>
         <wf lemma="uge" pos="X">uge</wf>
         <wf lemma="," pos="X">,</wf>
         <wf lemma="du" pos="X">du</wf>
         <wf lemma="går" pos="X">går</wf>
         <wf lemma="ind" pos="X">ind</wf>
         <wf lemma="i" pos="X">i</wf>
         <wf lemma="." pos="X">.</wf>
      </sentence>
      <sentence id="d000.s3382" source="wordnet-danish">
         <wf lemma="Rejs" pos="X">Rejs</wf>
         <wf lemma="dig" pos="X">dig</wf>
         <wf lemma="op" pos="X">op</wf>
         <wf lemma="!" pos="X">!</wf>
         <instance id="d000.s3382.t000" lemma="befale" pos="VERB">befalede</instance>
         <wf lemma="han" pos="X">han</wf>
         <wf lemma="." pos="X">.</wf>
      </sentence>
      <sentence id="d000.s3383" source="wordnet-danish">
         <wf lemma="Morgenlyset" pos="X">Morgenlyset</wf>
         <wf lemma="faldt" pos="X">faldt</wf>
         <wf lemma="ind" pos="X">ind</wf>
         <wf lemma="gennem" pos="X">gennem</wf>
         <wf lemma="de" pos="X">de</wf>
         <wf lemma="store" pos="X">store</wf>
         <instance id="d000.s3383.t000" lemma="vindue" pos="NOUN">vinduer</instance>
         <wf lemma="." pos="X">.</wf>
      </sentence>
      <sentence id="d000.s3384" source="wordnet-danish">
         <wf lemma="En" pos="X">En</wf>
         <wf lemma="virus" pos="X">virus</wf>
         <wf lemma="er" pos="X">er</wf>
         <wf lemma="et" pos="X">et</wf>
         <wf lemma="destruktivt" pos="X">destruktivt</wf>
         <wf lemma="program" pos="X">program</wf>
         <wf lemma="," pos="X">,</wf>
         <wf lemma="som" pos="X">som</wf>
         <wf lemma="kan" pos="X">kan</wf>
         <wf lemma="flytte" pos="X">flytte</wf>
         <wf lemma="sig" pos="X">sig</wf>
         <wf lemma="selv" pos="X">selv</wf>
         <wf lemma="fra" pos="X">fra</wf>
         <wf lemma="fil" pos="X">fil</wf>
         <wf lemma="til" pos="X">til</wf>
         <wf lemma="fil" pos="X">fil</wf>
         <wf lemma="." pos="X">.</wf>
         <wf lemma="." pos="X">.</wf>
         <wf lemma="En" pos="X">En</wf>
         <instance id="d000.s3384.t000" lemma="orm" pos="NOUN">orm</instance>
         <wf lemma="er" pos="X">er</wf>
         <wf lemma="derimod" pos="X">derimod</wf>
         <wf lemma="et" pos="X">et</wf>
         <wf lemma="destruktivt" pos="X">destruktivt</wf>
         <wf lemma="program" pos="X">program</wf>
         <wf lemma="," pos="X">,</wf>
         <wf lemma="som" pos="X">som</wf>
         <wf lemma="kan" pos="X">kan</wf>
         <wf lemma="flytte" pos="X">flytte</wf>
         <wf lemma="sig" pos="X">sig</wf>
         <wf lemma="fra" pos="X">fra</wf>
         <wf lemma="computer" pos="X">computer</wf>
         <wf lemma="til" pos="X">til</wf>
         <wf lemma="computer" pos="X">computer</wf>
         <wf lemma="i" pos="X">i</wf>
         <wf lemma="et" pos="X">et</wf>
         <wf lemma="netværk" pos="X">netværk</wf>
         <wf lemma="." pos="X">.</wf>
      </sentence>
      <sentence id="d000.s3385" source="wordnet-danish">
         <wf lemma="Der" pos="X">Der</wf>
         <wf lemma="var" pos="X">var</wf>
         <wf lemma="bare" pos="X">bare</wf>
         <wf lemma="det" pos="X">det</wf>
         <wf lemma="besværlige" pos="X">besværlige</wf>
         <wf lemma="ved" pos="X">ved</wf>
         <wf lemma="roserne" pos="X">roserne</wf>
         <wf lemma="," pos="X">,</wf>
         <wf lemma="at" pos="X">at</wf>
         <instance id="d000.s3385.t000" lemma="torn" pos="NOUN">tornene</instance>
         <wf lemma="sad" pos="X">sad</wf>
         <wf lemma="på" pos="X">på</wf>
         <wf lemma="de" pos="X">de</wf>
         <wf lemma="lange" pos="X">lange</wf>
         <wf lemma="grene" pos="X">grene</wf>
         <wf lemma="og" pos="X">og</wf>
         <wf lemma="stak" pos="X">stak</wf>
         <wf lemma="," pos="X">,</wf>
         <wf lemma="hvis" pos="X">hvis</wf>
         <wf lemma="man" pos="X">man</wf>
         <wf lemma="ikke" pos="X">ikke</wf>
         <wf lemma="var" pos="X">var</wf>
         <wf lemma="forsigtig" pos="X">forsigtig</wf>
         <wf lemma="." pos="X">.</wf>
      </sentence>
      <sentence id="d000.s3386" source="wordnet-danish">
         <wf lemma="Som" pos="X">Som</wf>
         <wf lemma="det" pos="X">det</wf>
         <wf lemma="sømmer" pos="X">sømmer</wf>
         <wf lemma="sig" pos="X">sig</wf>
         <wf lemma="for" pos="X">for</wf>
         <wf lemma="et" pos="X">et</wf>
         <wf lemma="rigtigt" pos="X">rigtigt</wf>
         <wf lemma="bibliotek" pos="X">bibliotek</wf>
         <wf lemma="," pos="X">,</wf>
         <wf lemma="har" pos="X">har</wf>
         <wf lemma="rummet" pos="X">rummet</wf>
         <wf lemma="en" pos="X">en</wf>
         <wf lemma="pompøs" pos="X">pompøs</wf>
         <instance id="d000.s3386.t000" lemma="kamin" pos="NOUN">kamin</instance>
         <wf lemma="med" pos="X">med</wf>
         <wf lemma="front" pos="X">front</wf>
         <wf lemma="i" pos="X">i</wf>
         <wf lemma="sort" pos="X">sort</wf>
         <wf lemma="marmor" pos="X">marmor</wf>
         <wf lemma="." pos="X">.</wf>
      </sentence>
      <sentence id="d000.s3387" source="wordnet-danish">
         <wf lemma="Stolpen" pos="X">Stolpen</wf>
         <wf lemma="i" pos="X">i</wf>
         <wf lemma="midten" pos="X">midten</wf>
         <wf lemma="deler" pos="X">deler</wf>
         <wf lemma="billedet" pos="X">billedet</wf>
         <wf lemma="op" pos="X">op</wf>
         <wf lemma="i" pos="X">i</wf>
         <wf lemma="to" pos="X">to</wf>
         <instance id="d000.s3387.t000" lemma="halvdel" pos="NOUN">halvdele</instance>
         <wf lemma="." pos="X">.</wf>
      </sentence>
      <sentence id="d000.s3388" source="wordnet-danish">
         <wf lemma="Musikken" pos="X">Musikken</wf>
         <wf lemma="bliver" pos="X">bliver</wf>
         <wf lemma="udgivet" pos="X">udgivet</wf>
         <wf lemma="på" pos="X">på</wf>
         <wf lemma="CD" pos="X">CD</wf>
         <wf lemma="," pos="X">,</wf>
         <instance id="d000.s3388.t000" lemma="kassette" pos="NOUN">kassette</instance>
         <wf lemma="og" pos="X">og</wf>
         <wf lemma="vinyl" pos="X">vinyl</wf>
         <wf lemma="i" pos="X">i</wf>
         <wf lemma="en" pos="X">en</wf>
         <wf lemma="pakke" pos="X">pakke</wf>
         <wf lemma="sammen" pos="X">sammen</wf>
         <wf lemma="med" pos="X">med</wf>
         <wf lemma="et" pos="X">et</wf>
         <wf lemma="teksthæfte" pos="X">teksthæfte</wf>
         <wf lemma="." pos="X">.</wf>
      </sentence>
      <sentence id="d000.s3389" source="wordnet-danish">
         <wf lemma="den" pos="X">den</wf>
         <wf lemma="blomsterrige" pos="X">blomsterrige</wf>
         <wf lemma="have" pos="X">have</wf>
         <wf lemma="indbyder" pos="X">indbyder</wf>
         <wf lemma="til" pos="X">til</wf>
         <wf lemma="et" pos="X">et</wf>
         <wf lemma="rigtigt" pos="X">rigtigt</wf>
         <wf lemma="sommerparty" pos="X">sommerparty</wf>
         <wf lemma="med" pos="X">med</wf>
         <instance id="d000.s3389.t000" lemma="punch" pos="NOUN">punch</instance>
         <wf lemma="," pos="X">,</wf>
         <wf lemma="fakler" pos="X">fakler</wf>
         <wf lemma="og" pos="X">og</wf>
         <wf lemma="lyslevende" pos="X">lyslevende</wf>
         <wf lemma="græskarmænd" pos="X">græskarmænd</wf>
         <wf lemma="." pos="X">.</wf>
      </sentence>
      <sentence id="d000.s3390" source="wordnet-danish">
         <wf lemma="I" pos="X">I</wf>
         <wf lemma="den" pos="X">den</wf>
         <wf lemma="sidste" pos="X">sidste</wf>
         <wf lemma="tid" pos="X">tid</wf>
         <wf lemma="har" pos="X">har</wf>
         <wf lemma="jeg" pos="X">jeg</wf>
         <wf lemma="været" pos="X">været</wf>
         <wf lemma="plaget" pos="X">plaget</wf>
         <wf lemma="af" pos="X">af</wf>
         <instance id="d000.s3390.t000" lemma="skade" pos="NOUN">skader</instance>
         <wf lemma="og" pos="X">og</wf>
         <wf lemma="har" pos="X">har</wf>
         <wf lemma="ikke" pos="X">ikke</wf>
         <wf lemma="kunnet" pos="X">kunnet</wf>
         <wf lemma="træne" pos="X">træne</wf>
         <wf lemma="så" pos="X">så</wf>
         <wf lemma="meget" pos="X">meget</wf>
         <wf lemma="." pos="X">.</wf>
      </sentence>
      <sentence id="d000.s3391" source="wordnet-danish">
         <wf lemma="Han" pos="X">Han</wf>
         <instance id="d000.s3391.t000" lemma="løfte" pos="VERB">løftede</instance>
         <wf lemma="kikkerten" pos="X">kikkerten</wf>
         <wf lemma="op" pos="X">op</wf>
         <wf lemma="foran" pos="X">foran</wf>
         <wf lemma="sine" pos="X">sine</wf>
         <wf lemma="øjne" pos="X">øjne</wf>
         <wf lemma="." pos="X">.</wf>
      </sentence>
      <sentence id="d000.s3392" source="wordnet-danish">
         <wf lemma="en" pos="X">en</wf>
         <wf lemma="flok" pos="X">flok</wf>
         <wf lemma="unger" pos="X">unger</wf>
         <wf lemma="af" pos="X">af</wf>
         <wf lemma="meget" pos="X">meget</wf>
         <wf lemma="blandet" pos="X">blandet</wf>
         <instance id="d000.s3392.t000" lemma="nationalitet" pos="NOUN">nationalitet</instance>
         <wf lemma="(" pos="X">(</wf>
         <wf lemma="ja" pos="X">ja</wf>
         <wf lemma="," pos="X">,</wf>
         <wf lemma="en" pos="X">en</wf>
         <wf lemma="enkelt" pos="X">enkelt</wf>
         <wf lemma="var" pos="X">var</wf>
         <wf lemma="endda" pos="X">endda</wf>
         <wf lemma="neger" pos="X">neger</wf>
         <wf lemma=")" pos="X">)</wf>
         <wf lemma="underholdt" pos="X">underholdt</wf>
         <wf lemma="det" pos="X">det</wf>
         <wf lemma="halve" pos="X">halve</wf>
         <wf lemma="af" pos="X">af</wf>
         <wf lemma="bussen" pos="X">bussen</wf>
         <wf lemma="på" pos="X">på</wf>
         <wf lemma="en" pos="X">en</wf>
         <wf lemma="yderst" pos="X">yderst</wf>
         <wf lemma="charmerende" pos="X">charmerende</wf>
         <wf lemma="måde" pos="X">måde</wf>
         <wf lemma="." pos="X">.</wf>
      </sentence>
      <sentence id="d000.s3393" source="wordnet-danish">
         <wf lemma="I" pos="X">I</wf>
         <wf lemma="de" pos="X">de</wf>
         <wf lemma="sidste" pos="X">sidste</wf>
         <wf lemma="skoleår" pos="X">skoleår</wf>
         <wf lemma="var" pos="X">var</wf>
         <wf lemma="jeg" pos="X">jeg</wf>
         <wf lemma="den" pos="X">den</wf>
         <wf lemma="absolut" pos="X">absolut</wf>
         <instance id="d000.s3393.t000" lemma="høj" pos="ADJ">højeste</instance>
         <wf lemma="i" pos="X">i</wf>
         <wf lemma="klassen" pos="X">klassen</wf>
         <wf lemma="--" pos="X">--</wf>
         <wf lemma="med" pos="X">med</wf>
         <wf lemma="mine" pos="X">mine</wf>
         <wf lemma="1,90" pos="X">1,90</wf>
         <wf lemma="meter" pos="X">meter</wf>
         <wf lemma="." pos="X">.</wf>
      </sentence>
      <sentence id="d000.s3394" source="wordnet-danish">
         <wf lemma="[jeg" pos="X">[jeg</wf>
         <wf lemma="fik]" pos="X">fik]</wf>
         <wf lemma="flækket" pos="X">flækket</wf>
         <wf lemma="mit" pos="X">mit</wf>
         <wf lemma="ene" pos="X">ene</wf>
         <instance id="d000.s3394.t000" lemma="øjenbryn" pos="NOUN">øjenbryn</instance>
         <wf lemma="," pos="X">,</wf>
         <wf lemma="og" pos="X">og</wf>
         <wf lemma="det" pos="X">det</wf>
         <wf lemma="måtte" pos="X">måtte</wf>
         <wf lemma="syes" pos="X">syes</wf>
         <wf lemma="med" pos="X">med</wf>
         <wf lemma="seks" pos="X">seks</wf>
         <wf lemma="sting" pos="X">sting</wf>
         <wf lemma="." pos="X">.</wf>
      </sentence>
      <sentence id="d000.s3395" source="wordnet-danish">
         <wf lemma="Der" pos="X">Der</wf>
         <wf lemma="kræves" pos="X">kræves</wf>
         <wf lemma="meget" pos="X">meget</wf>
         <wf lemma="høje" pos="X">høje</wf>
         <instance id="d000.s3395.t000" lemma="karakter" pos="NOUN">karakterer</instance>
         <wf lemma="for" pos="X">for</wf>
         <wf lemma="at" pos="X">at</wf>
         <wf lemma="blive" pos="X">blive</wf>
         <wf lemma="optaget" pos="X">optaget</wf>
         <wf lemma="på" pos="X">på</wf>
         <wf lemma="de" pos="X">de</wf>
         <wf lemma="fleste" pos="X">fleste</wf>
         <wf lemma="højere" pos="X">højere</wf>
         <wf lemma="uddannelser" pos="X">uddannelser</wf>
         <wf lemma="." pos="X">.</wf>
      </sentence>
      <sentence id="d000.s3396" source="wordnet-danish">
         <wf lemma="Nyt" pos="X">Nyt</wf>
         <wf lemma="er" pos="X">er</wf>
         <wf lemma="at" pos="X">at</wf>
         <wf lemma="der" pos="X">der</wf>
         <wf lemma=".." pos="X">..</wf>
         <wf lemma="som" pos="X">som</wf>
         <wf lemma="led" pos="X">led</wf>
         <wf lemma="i" pos="X">i</wf>
         <wf lemma="hastighedskampagnen" pos="X">hastighedskampagnen</wf>
         <wf lemma="gennemføres" pos="X">gennemføres</wf>
         <wf lemma="forsøg" pos="X">forsøg</wf>
         <wf lemma="med" pos="X">med</wf>
         <wf lemma="en" pos="X">en</wf>
         <instance id="d000.s3396.t000" lemma="elektronisk" pos="ADJ">elektronisk</instance>
         <wf lemma="fartmåler" pos="X">fartmåler</wf>
         <wf lemma="." pos="X">.</wf>
      </sentence>
      <sentence id="d000.s3397" source="wordnet-danish">
         <wf lemma="Nu" pos="X">Nu</wf>
         <wf lemma="har" pos="X">har</wf>
         <wf lemma="vi" pos="X">vi</wf>
         <wf lemma="fået" pos="X">fået</wf>
         <wf lemma="ryddet" pos="X">ryddet</wf>
         <wf lemma="op" pos="X">op</wf>
         <wf lemma="og" pos="X">og</wf>
         <wf lemma="fanget" pos="X">fanget</wf>
         <wf lemma="dem" pos="X">dem</wf>
         <wf lemma="," pos="X">,</wf>
         <wf lemma="der" pos="X">der</wf>
         <wf lemma="bevidst" pos="X">bevidst</wf>
         <instance id="d000.s3397.t000" lemma="udnytte" pos="VERB">udnyttede</instance>
         <wf lemma="systemet" pos="X">systemet</wf>
         <wf lemma="." pos="X">.</wf>
      </sentence>
      <sentence id="d000.s3398" source="wordnet-danish">
         <wf lemma="enhver" pos="X">enhver</wf>
         <wf lemma="kunne" pos="X">kunne</wf>
         <wf lemma="se" pos="X">se</wf>
         <wf lemma="på" pos="X">på</wf>
         <wf lemma="Richard" pos="X">Richard</wf>
         <wf lemma="," pos="X">,</wf>
         <wf lemma="at" pos="X">at</wf>
         <wf lemma="han" pos="X">han</wf>
         <wf lemma="var" pos="X">var</wf>
         <wf lemma="af" pos="X">af</wf>
         <wf lemma="arabisk" pos="X">arabisk</wf>
         <instance id="d000.s3398.t000" lemma="afstamning" pos="NOUN">afstamning</instance>
         <wf lemma="(" pos="X">(</wf>
         <wf lemma="han" pos="X">han</wf>
         <wf lemma="var" pos="X">var</wf>
         <wf lemma="født" pos="X">født</wf>
         <wf lemma="i" pos="X">i</wf>
         <wf lemma="Tunesien" pos="X">Tunesien</wf>
         <wf lemma=")" pos="X">)</wf>
         <wf lemma="." pos="X">.</wf>
      </sentence>
      <sentence id="d000.s3399" source="wordnet-danish">
         <wf lemma="Der" pos="X">Der</wf>
         <wf lemma="var" pos="X">var</wf>
         <wf lemma="aldrig" pos="X">aldrig</wf>
         <wf lemma="rigtig" pos="X">rigtig</wf>
         <wf lemma="kommet" pos="X">kommet</wf>
         <wf lemma="kød" pos="X">kød</wf>
         <wf lemma="på" pos="X">på</wf>
         <wf lemma="hans" pos="X">hans</wf>
         <instance id="d000.s3399.t000" lemma="knogle" pos="NOUN">knogler</instance>
         <wf lemma="igen" pos="X">igen</wf>
         <wf lemma="," pos="X">,</wf>
         <wf lemma="efter" pos="X">efter</wf>
         <wf lemma="koncentrationslejren" pos="X">koncentrationslejren</wf>
         <wf lemma="." pos="X">.</wf>
      </sentence>
      <sentence id="d000.s3400" source="wordnet-danish">
         <wf lemma="et" pos="X">et</wf>
         <wf lemma="varmt" pos="X">varmt</wf>
         <instance id="d000.s3400.t000" lemma="sprøjt" pos="NOUN">sprøjt</instance>
         <wf lemma="af" pos="X">af</wf>
         <wf lemma="blod" pos="X">blod</wf>
         <wf lemma="ramte" pos="X">ramte</wf>
         <wf lemma="hans" pos="X">hans</wf>
         <wf lemma="hånd" pos="X">hånd</wf>
         <wf lemma="." pos="X">.</wf>
      </sentence>
      <sentence id="d000.s3401" source="wordnet-danish">
         <instance id="d000.s3401.t000" lemma="ansøgning" pos="NOUN">Ansøgning</instance>
         <wf lemma="og" pos="X">og</wf>
         <wf lemma="bilag" pos="X">bilag</wf>
         <wf lemma="i" pos="X">i</wf>
         <wf lemma="5" pos="X">5</wf>
         <wf lemma="eksemplarer" pos="X">eksemplarer</wf>
         <wf lemma="," pos="X">,</wf>
         <wf lemma="mærket" pos="X">mærket</wf>
         <wf lemma="'Stilling" pos="X">'Stilling</wf>
         <wf lemma="nr." pos="X">nr.</wf>
         <wf lemma="92006" pos="X">92006</wf>
         <wf lemma="'" pos="X">'</wf>
         <wf lemma=".." pos="X">..</wf>
         <wf lemma="skal" pos="X">skal</wf>
         <wf lemma="være" pos="X">være</wf>
         <wf lemma="Personalekontoret" pos="X">Personalekontoret</wf>
         <wf lemma="i" pos="X">i</wf>
         <wf lemma="hænde" pos="X">hænde</wf>
         <wf lemma="senest" pos="X">senest</wf>
         <wf lemma="den" pos="X">den</wf>
         <wf lemma="17." pos="X">17.</wf>
         <wf lemma="februar" pos="X">februar</wf>
         <wf lemma="." pos="X">.</wf>
      </sentence>
      <sentence id="d000.s3402" source="wordnet-danish">
         <wf lemma="Senere" pos="X">Senere</wf>
         <wf lemma="etablerer" pos="X">etablerer</wf>
         <wf lemma="Lillian" pos="X">Lillian</wf>
         <wf lemma="et" pos="X">et</wf>
         <instance id="d000.s3402.t000" lemma="væddemål" pos="NOUN">væddemål</instance>
         <wf lemma="om" pos="X">om</wf>
         <wf lemma="navnet" pos="X">navnet</wf>
         <wf lemma="på" pos="X">på</wf>
         <wf lemma="en" pos="X">en</wf>
         <wf lemma="eksotisk" pos="X">eksotisk</wf>
         <wf lemma="haveplante" pos="X">haveplante</wf>
         <wf lemma="." pos="X">.</wf>
         <wf lemma="Indsatsen" pos="X">Indsatsen</wf>
         <wf lemma="er" pos="X">er</wf>
         <wf lemma="en" pos="X">en</wf>
         <wf lemma="flaske" pos="X">flaske</wf>
         <wf lemma="whisky" pos="X">whisky</wf>
         <wf lemma="." pos="X">.</wf>
      </sentence>
      <sentence id="d000.s3403" source="wordnet-danish">
         <wf lemma="hvad" pos="X">hvad</wf>
         <wf lemma="vil" pos="X">vil</wf>
         <wf lemma="de" pos="X">de</wf>
         <wf lemma="andre" pos="X">andre</wf>
         <wf lemma="ikke" pos="X">ikke</wf>
         <instance id="d000.s3403.t000" lemma="tænke" pos="VERB">tænke</instance>
         <wf lemma="." pos="X">.</wf>
         <wf lemma="At" pos="X">At</wf>
         <wf lemma="jeg" pos="X">jeg</wf>
         <wf lemma="er" pos="X">er</wf>
         <wf lemma="pervers" pos="X">pervers</wf>
         <wf lemma="eller" pos="X">eller</wf>
         <wf lemma="sådan" pos="X">sådan</wf>
         <wf lemma="noget" pos="X">noget</wf>
         <wf lemma="." pos="X">.</wf>
      </sentence>
      <sentence id="d000.s3404" source="wordnet-danish">
         <wf lemma="Jeg" pos="X">Jeg</wf>
         <wf lemma="sagde" pos="X">sagde</wf>
         <wf lemma="at" pos="X">at</wf>
         <wf lemma="vi" pos="X">vi</wf>
         <wf lemma="ville" pos="X">ville</wf>
         <instance id="d000.s3404.t000" lemma="vente" pos="VERB">vente</instance>
         <wf lemma="her" pos="X">her</wf>
         <wf lemma="," pos="X">,</wf>
         <wf lemma="så" pos="X">så</wf>
         <wf lemma="ville" pos="X">ville</wf>
         <wf lemma="hun" pos="X">hun</wf>
         <wf lemma="være" pos="X">være</wf>
         <wf lemma="her" pos="X">her</wf>
         <wf lemma="i" pos="X">i</wf>
         <wf lemma="løbet" pos="X">løbet</wf>
         <wf lemma="af" pos="X">af</wf>
         <wf lemma="en" pos="X">en</wf>
         <wf lemma="times" pos="X">times</wf>
         <wf lemma="tid" pos="X">tid</wf>
         <wf lemma="." pos="X">.</wf>
      </sentence>
      <sentence id="d000.s3405" source="wordnet-danish">
         <wf lemma="Disse" pos="X">Disse</wf>
         <wf lemma="paroler" pos="X">paroler</wf>
         <wf lemma="passer" pos="X">passer</wf>
         <wf lemma="ikke" pos="X">ikke</wf>
         <wf lemma="rigtig" pos="X">rigtig</wf>
         <wf lemma="til" pos="X">til</wf>
         <wf lemma="vores" pos="X">vores</wf>
         <wf lemma="nordiske" pos="X">nordiske</wf>
         <instance id="d000.s3405.t000" lemma="sindelag" pos="NOUN">sindelag</instance>
         <wf lemma="." pos="X">.</wf>
      </sentence>
      <sentence id="d000.s3406" source="wordnet-danish">
         <wf lemma="Lungekræft" pos="X">Lungekræft</wf>
         <wf lemma="kan" pos="X">kan</wf>
         <wf lemma="helbredes" pos="X">helbredes</wf>
         <wf lemma="ved" pos="X">ved</wf>
         <instance id="d000.s3406.t000" lemma="kirurgi" pos="NOUN">kirurgi</instance>
         <wf lemma="," pos="X">,</wf>
         <wf lemma="men" pos="X">men</wf>
         <wf lemma="ofte" pos="X">ofte</wf>
         <wf lemma="opdages" pos="X">opdages</wf>
         <wf lemma="sygdommen" pos="X">sygdommen</wf>
         <wf lemma="så" pos="X">så</wf>
         <wf lemma="sent" pos="X">sent</wf>
         <wf lemma="," pos="X">,</wf>
         <wf lemma="at" pos="X">at</wf>
         <wf lemma="det" pos="X">det</wf>
         <wf lemma="ikke" pos="X">ikke</wf>
         <wf lemma="nytter" pos="X">nytter</wf>
         <wf lemma="at" pos="X">at</wf>
         <wf lemma="operere" pos="X">operere</wf>
         <wf lemma="." pos="X">.</wf>
      </sentence>
      <sentence id="d000.s3407" source="wordnet-danish">
         <wf lemma="det" pos="X">det</wf>
         <wf lemma="er" pos="X">er</wf>
         <wf lemma="måske" pos="X">måske</wf>
         <wf lemma="indianernes" pos="X">indianernes</wf>
         <wf lemma="største" pos="X">største</wf>
         <wf lemma="hævn" pos="X">hævn</wf>
         <wf lemma="over" pos="X">over</wf>
         <wf lemma="den" pos="X">den</wf>
         <wf lemma="hvide" pos="X">hvide</wf>
         <instance id="d000.s3407.t000" lemma="race" pos="NOUN">race</instance>
         <wf lemma="," pos="X">,</wf>
         <wf lemma="at" pos="X">at</wf>
         <wf lemma="de" pos="X">de</wf>
         <wf lemma="lærte" pos="X">lærte</wf>
         <wf lemma="os" pos="X">os</wf>
         <wf lemma="tobakkens" pos="X">tobakkens</wf>
         <wf lemma="forbandelser" pos="X">forbandelser</wf>
         <wf lemma="at" pos="X">at</wf>
         <wf lemma="kende" pos="X">kende</wf>
         <wf lemma="." pos="X">.</wf>
      </sentence>
      <sentence id="d000.s3408" source="wordnet-danish">
         <instance id="d000.s3408.t000" lemma="læge" pos="NOUN">Lægerne</instance>
         <wf lemma="flokkedes" pos="X">flokkedes</wf>
         <wf lemma="om" pos="X">om</wf>
         <wf lemma="hans" pos="X">hans</wf>
         <wf lemma="seng" pos="X">seng</wf>
         <wf lemma="," pos="X">,</wf>
         <wf lemma="blandt" pos="X">blandt</wf>
         <wf lemma="dem" pos="X">dem</wf>
         <wf lemma="ærkebisp" pos="X">ærkebisp</wf>
         <wf lemma="Romuald" pos="X">Romuald</wf>
         <wf lemma="der" pos="X">der</wf>
         <wf lemma=".." pos="X">..</wf>
         <wf lemma="har" pos="X">har</wf>
         <wf lemma="godt" pos="X">godt</wf>
         <wf lemma="ry" pos="X">ry</wf>
         <wf lemma="som" pos="X">som</wf>
         <wf lemma="medikus" pos="X">medikus</wf>
         <wf lemma="." pos="X">.</wf>
      </sentence>
      <sentence id="d000.s3409" source="wordnet-danish">
         <wf lemma="Min" pos="X">Min</wf>
         <wf lemma="far" pos="X">far</wf>
         <wf lemma="er" pos="X">er</wf>
         <wf lemma="meget" pos="X">meget</wf>
         <instance id="d000.s3409.t000" lemma="musikalsk" pos="ADJ">musikalsk</instance>
         <wf lemma="," pos="X">,</wf>
         <wf lemma="han" pos="X">han</wf>
         <wf lemma="kan" pos="X">kan</wf>
         <wf lemma="spille" pos="X">spille</wf>
         <wf lemma="alle" pos="X">alle</wf>
         <wf lemma="instrumenter" pos="X">instrumenter</wf>
         <wf lemma="." pos="X">.</wf>
      </sentence>
      <sentence id="d000.s3410" source="wordnet-danish">
         <wf lemma="Mikkeli" pos="X">Mikkeli</wf>
         <wf lemma="svulmede" pos="X">svulmede</wf>
         <wf lemma="af" pos="X">af</wf>
         <instance id="d000.s3410.t000" lemma="stolthed" pos="NOUN">stolthed</instance>
         <wf lemma="over" pos="X">over</wf>
         <wf lemma="sit" pos="X">sit</wf>
         <wf lemma="smukke" pos="X">smukke</wf>
         <wf lemma="land" pos="X">land</wf>
         <wf lemma="." pos="X">.</wf>
      </sentence>
      <sentence id="d000.s3411" source="wordnet-danish">
         <wf lemma="Tag" pos="X">Tag</wf>
         <wf lemma="nu" pos="X">nu</wf>
         <wf lemma="en" pos="X">en</wf>
         <wf lemma="småkage" pos="X">småkage</wf>
         <wf lemma="til" pos="X">til</wf>
         <wf lemma="," pos="X">,</wf>
         <wf lemma="sagde" pos="X">sagde</wf>
         <wf lemma="præsten" pos="X">præsten</wf>
         <instance id="d000.s3411.t000" lemma="overtale" pos="VERB">overtalende</instance>
         <wf lemma="og" pos="X">og</wf>
         <wf lemma="tog" pos="X">tog</wf>
         <wf lemma="selv" pos="X">selv</wf>
         <wf lemma="en" pos="X">en</wf>
         <wf lemma="." pos="X">.</wf>
      </sentence>
      <sentence id="d000.s3412" source="wordnet-danish">
         <wf lemma="Bilister" pos="X">Bilister</wf>
         <wf lemma="skal" pos="X">skal</wf>
         <wf lemma="vise" pos="X">vise</wf>
         <instance id="d000.s3412.t000" lemma="forsigtighed" pos="NOUN">forsigtighed</instance>
         <wf lemma="." pos="X">.</wf>
         <wf lemma="Vejene" pos="X">Vejene</wf>
         <wf lemma="er" pos="X">er</wf>
         <wf lemma="glatte" pos="X">glatte</wf>
         <wf lemma="." pos="X">.</wf>
      </sentence>
      <sentence id="d000.s3413" source="wordnet-danish">
         <instance id="d000.s3413.t000" lemma="homoseksuel" pos="ADJ">Homoseksuelle</instance>
         <wf lemma="drenge/mænd" pos="X">drenge/mænd</wf>
         <wf lemma="kalder" pos="X">kalder</wf>
         <wf lemma="sig" pos="X">sig</wf>
         <wf lemma="bøsser" pos="X">bøsser</wf>
         <wf lemma="." pos="X">.</wf>
         <wf lemma="Homoseksuelle" pos="X">Homoseksuelle</wf>
         <wf lemma="piger/kvinder" pos="X">piger/kvinder</wf>
         <wf lemma="kalder" pos="X">kalder</wf>
         <wf lemma="sig" pos="X">sig</wf>
         <wf lemma="lesbiske" pos="X">lesbiske</wf>
         <wf lemma="." pos="X">.</wf>
      </sentence>
      <sentence id="d000.s3414" source="wordnet-danish">
         <wf lemma="De" pos="X">De</wf>
         <wf lemma="små" pos="X">små</wf>
         <wf lemma="løber" pos="X">løber</wf>
         <wf lemma="og" pos="X">og</wf>
         <wf lemma="leger" pos="X">leger</wf>
         <wf lemma="." pos="X">.</wf>
         <wf lemma="De" pos="X">De</wf>
         <wf lemma="voksne" pos="X">voksne</wf>
         <instance id="d000.s3414.t000" lemma="sidde" pos="VERB">sidder</instance>
         <wf lemma="i" pos="X">i</wf>
         <wf lemma="skyggen" pos="X">skyggen</wf>
         <wf lemma="og" pos="X">og</wf>
         <wf lemma="slapper" pos="X">slapper</wf>
         <wf lemma="af" pos="X">af</wf>
         <wf lemma="." pos="X">.</wf>
      </sentence>
      <sentence id="d000.s3415" source="wordnet-danish">
         <wf lemma="Her" pos="X">Her</wf>
         <wf lemma="er" pos="X">er</wf>
         <wf lemma="alt" pos="X">alt</wf>
         <wf lemma="til" pos="X">til</wf>
         <wf lemma="satellitmodtagelse" pos="X">satellitmodtagelse</wf>
         <wf lemma="." pos="X">.</wf>
         <wf lemma="Antenne" pos="X">Antenne</wf>
         <wf lemma="," pos="X">,</wf>
         <wf lemma="modtager" pos="X">modtager</wf>
         <wf lemma="(" pos="X">(</wf>
         <wf lemma="'black" pos="X">'black</wf>
         <wf lemma="box'" pos="X">box'</wf>
         <wf lemma=")" pos="X">)</wf>
         <wf lemma="og" pos="X">og</wf>
         <wf lemma="kontrolpanel" pos="X">kontrolpanel</wf>
         <wf lemma="med" pos="X">med</wf>
         <wf lemma="display" pos="X">display</wf>
         <wf lemma="samt" pos="X">samt</wf>
         <instance id="d000.s3415.t000" lemma="manual" pos="NOUN">manual</instance>
         <wf lemma="og" pos="X">og</wf>
         <wf lemma="kabler" pos="X">kabler</wf>
         <wf lemma="." pos="X">.</wf>
      </sentence>
      <sentence id="d000.s3416" source="wordnet-danish">
         <wf lemma="Begge" pos="X">Begge</wf>
         <wf lemma="investerede" pos="X">investerede</wf>
         <wf lemma="--" pos="X">--</wf>
         <wf lemma="først" pos="X">først</wf>
         <wf lemma="med" pos="X">med</wf>
         <instance id="d000.s3416.t000" lemma="succes" pos="NOUN">succes</instance>
         <wf lemma="," pos="X">,</wf>
         <wf lemma="siden" pos="X">siden</wf>
         <wf lemma="med" pos="X">med</wf>
         <wf lemma="fatale" pos="X">fatale</wf>
         <wf lemma="følger" pos="X">følger</wf>
         <wf lemma="--" pos="X">--</wf>
         <wf lemma="deres" pos="X">deres</wf>
         <wf lemma="midler" pos="X">midler</wf>
         <wf lemma="i" pos="X">i</wf>
         <wf lemma="valutaspekulation" pos="X">valutaspekulation</wf>
         <wf lemma="." pos="X">.</wf>
      </sentence>
      <sentence id="d000.s3417" source="wordnet-danish">
         <wf lemma="Stadig" pos="X">Stadig</wf>
         <wf lemma="flere" pos="X">flere</wf>
         <wf lemma="danskere" pos="X">danskere</wf>
         <wf lemma="bliver" pos="X">bliver</wf>
         <instance id="d000.s3417.t000" lemma="syg" pos="ADJ">syge</instance>
         <wf lemma="af" pos="X">af</wf>
         <wf lemma="salmonellainfektioner" pos="X">salmonellainfektioner</wf>
         <wf lemma="," pos="X">,</wf>
         <wf lemma="som" pos="X">som</wf>
         <wf lemma="de" pos="X">de</wf>
         <wf lemma="får" pos="X">får</wf>
         <wf lemma="gennem" pos="X">gennem</wf>
         <wf lemma="det" pos="X">det</wf>
         <wf lemma="kød" pos="X">kød</wf>
         <wf lemma="," pos="X">,</wf>
         <wf lemma="de" pos="X">de</wf>
         <wf lemma="spiser" pos="X">spiser</wf>
         <wf lemma="." pos="X">.</wf>
      </sentence>
      <sentence id="d000.s3418" source="wordnet-danish">
         <wf lemma="Som" pos="X">Som</wf>
         <wf lemma="yngre" pos="X">yngre</wf>
         <wf lemma="var" pos="X">var</wf>
         <wf lemma="jeg" pos="X">jeg</wf>
         <wf lemma="klart" pos="X">klart</wf>
         <instance id="d000.s3418.t000" lemma="kritisk" pos="ADJ">kritisk</instance>
         <wf lemma="over" pos="X">over</wf>
         <wf lemma="for" pos="X">for</wf>
         <wf lemma="næsten" pos="X">næsten</wf>
         <wf lemma="hvad" pos="X">hvad</wf>
         <wf lemma="som" pos="X">som</wf>
         <wf lemma="helst" pos="X">helst</wf>
         <wf lemma="." pos="X">.</wf>
         <wf lemma="Det" pos="X">Det</wf>
         <wf lemma="skulle" pos="X">skulle</wf>
         <wf lemma="helst" pos="X">helst</wf>
         <wf lemma="laves" pos="X">laves</wf>
         <wf lemma="om" pos="X">om</wf>
         <wf lemma="og" pos="X">og</wf>
         <wf lemma="helst" pos="X">helst</wf>
         <wf lemma="nu" pos="X">nu</wf>
         <wf lemma="!" pos="X">!</wf>
      </sentence>
      <sentence id="d000.s3419" source="wordnet-danish">
         <wf lemma="De" pos="X">De</wf>
         <wf lemma="fleste" pos="X">fleste</wf>
         <wf lemma="danskere" pos="X">danskere</wf>
         <wf lemma="vil" pos="X">vil</wf>
         <wf lemma=".." pos="X">..</wf>
         <wf lemma="i" pos="X">i</wf>
         <wf lemma="deres" pos="X">deres</wf>
         <instance id="d000.s3419.t000" lemma="slægt" pos="NOUN">slægt</instance>
         <wf lemma="kunne" pos="X">kunne</wf>
         <wf lemma="finde" pos="X">finde</wf>
         <wf lemma="personer" pos="X">personer</wf>
         <wf lemma="," pos="X">,</wf>
         <wf lemma="der" pos="X">der</wf>
         <wf lemma="er" pos="X">er</wf>
         <wf lemma="kommet" pos="X">kommet</wf>
         <wf lemma="fra" pos="X">fra</wf>
         <wf lemma="andre" pos="X">andre</wf>
         <wf lemma="lande" pos="X">lande</wf>
         <wf lemma="." pos="X">.</wf>
      </sentence>
      <sentence id="d000.s3420" source="wordnet-danish">
         <wf lemma="Nina" pos="X">Nina</wf>
         <wf lemma="nikkede" pos="X">nikkede</wf>
         <wf lemma="og" pos="X">og</wf>
         <instance id="d000.s3420.t000" lemma="sparke" pos="VERB">sparkede</instance>
         <wf lemma="til" pos="X">til</wf>
         <wf lemma="en" pos="X">en</wf>
         <wf lemma="tom" pos="X">tom</wf>
         <wf lemma="øldåse" pos="X">øldåse</wf>
         <wf lemma="," pos="X">,</wf>
         <wf lemma="så" pos="X">så</wf>
         <wf lemma="en" pos="X">en</wf>
         <wf lemma="kat" pos="X">kat</wf>
         <wf lemma="på" pos="X">på</wf>
         <wf lemma="et" pos="X">et</wf>
         <wf lemma="skraldespandslåg" pos="X">skraldespandslåg</wf>
         <wf lemma="forskrækket" pos="X">forskrækket</wf>
         <wf lemma="for" pos="X">for</wf>
         <wf lemma="sammen" pos="X">sammen</wf>
         <wf lemma="." pos="X">.</wf>
      </sentence>
      <sentence id="d000.s3421" source="wordnet-danish">
         <wf lemma="Den" pos="X">Den</wf>
         <instance id="d000.s3421.t000" lemma="nuværende" pos="ADJ">nuværende</instance>
         <wf lemma="ordning" pos="X">ordning</wf>
         <wf lemma="medfører" pos="X">medfører</wf>
         <wf lemma="en" pos="X">en</wf>
         <wf lemma="del" pos="X">del</wf>
         <wf lemma="ulemper" pos="X">ulemper</wf>
         <wf lemma="både" pos="X">både</wf>
         <wf lemma="for" pos="X">for</wf>
         <wf lemma="skattemyndighederne" pos="X">skattemyndighederne</wf>
         <wf lemma="og" pos="X">og</wf>
         <wf lemma="for" pos="X">for</wf>
         <wf lemma="pensionisterne" pos="X">pensionisterne</wf>
         <wf lemma="." pos="X">.</wf>
      </sentence>
      <sentence id="d000.s3422" source="wordnet-danish">
         <wf lemma="Mens" pos="X">Mens</wf>
         <wf lemma="man" pos="X">man</wf>
         <wf lemma="ved" pos="X">ved</wf>
         <wf lemma="den" pos="X">den</wf>
         <instance id="d000.s3422.t000" lemma="manuel" pos="ADJ">manuelle</instance>
         <wf lemma="undersøgelse" pos="X">undersøgelse</wf>
         <wf lemma="(" pos="X">(</wf>
         <wf lemma="palpationen" pos="X">palpationen</wf>
         <wf lemma=")" pos="X">)</wf>
         <wf lemma="kun" pos="X">kun</wf>
         <wf lemma="kan" pos="X">kan</wf>
         <wf lemma="konstatere" pos="X">konstatere</wf>
         <wf lemma="en" pos="X">en</wf>
         <wf lemma="svulst" pos="X">svulst</wf>
         <wf lemma="af" pos="X">af</wf>
         <wf lemma="en" pos="X">en</wf>
         <wf lemma="størrelse" pos="X">størrelse</wf>
         <wf lemma="på" pos="X">på</wf>
         <wf lemma="mindst" pos="X">mindst</wf>
         <wf lemma="10" pos="X">10</wf>
         <wf lemma="mm" pos="X">mm</wf>
         <wf lemma="," pos="X">,</wf>
         <wf lemma="kan" pos="X">kan</wf>
         <wf lemma="mammografien" pos="X">mammografien</wf>
         <wf lemma="afsløre" pos="X">afsløre</wf>
         <wf lemma="svulstvæv" pos="X">svulstvæv</wf>
         <wf lemma="af" pos="X">af</wf>
         <wf lemma="kun" pos="X">kun</wf>
         <wf lemma="4-5" pos="X">4-5</wf>
         <wf lemma="mm's" pos="X">mm's</wf>
         <wf lemma="omfang" pos="X">omfang</wf>
         <wf lemma="." pos="X">.</wf>
      </sentence>
      <sentence id="d000.s3423" source="wordnet-danish">
         <wf lemma="Jeg" pos="X">Jeg</wf>
         <wf lemma="har" pos="X">har</wf>
         <wf lemma="altid" pos="X">altid</wf>
         <wf lemma="været" pos="X">været</wf>
         <instance id="d000.s3423.t000" lemma="ærlig" pos="ADJ">ærlig</instance>
         <wf lemma="over" pos="X">over</wf>
         <wf lemma="for" pos="X">for</wf>
         <wf lemma="medarbejdere" pos="X">medarbejdere</wf>
         <wf lemma="," pos="X">,</wf>
         <wf lemma="bank" pos="X">bank</wf>
         <wf lemma="og" pos="X">og</wf>
         <wf lemma="kunder" pos="X">kunder</wf>
         <wf lemma="." pos="X">.</wf>
      </sentence>
      <sentence id="d000.s3424" source="wordnet-danish">
         <wf lemma="Det" pos="X">Det</wf>
         <wf lemma="var" pos="X">var</wf>
         <instance id="d000.s3424.t000" lemma="træk" pos="NOUN">trækken</instance>
         <wf lemma="gennem" pos="X">gennem</wf>
         <wf lemma="huset" pos="X">huset</wf>
         <wf lemma="," pos="X">,</wf>
         <wf lemma="der" pos="X">der</wf>
         <wf lemma="havde" pos="X">havde</wf>
         <wf lemma="smækket" pos="X">smækket</wf>
         <wf lemma="døren" pos="X">døren</wf>
         <wf lemma="." pos="X">.</wf>
      </sentence>
      <sentence id="d000.s3425" source="wordnet-danish">
         <wf lemma="Til" pos="X">Til</wf>
         <wf lemma="studerende" pos="X">studerende</wf>
         <wf lemma="," pos="X">,</wf>
         <wf lemma="der" pos="X">der</wf>
         <wf lemma="har" pos="X">har</wf>
         <instance id="d000.s3425.t000" lemma="bestå" pos="VERB">bestået</instance>
         <wf lemma="en" pos="X">en</wf>
         <wf lemma="samlet" pos="X">samlet</wf>
         <wf lemma="højere" pos="X">højere</wf>
         <wf lemma="forberedelseseksamen" pos="X">forberedelseseksamen</wf>
         <wf lemma="," pos="X">,</wf>
         <wf lemma="udstedes" pos="X">udstedes</wf>
         <wf lemma="et" pos="X">et</wf>
         <wf lemma="bevis" pos="X">bevis</wf>
         <wf lemma="for" pos="X">for</wf>
         <wf lemma="eksamen" pos="X">eksamen</wf>
         <wf lemma="." pos="X">.</wf>
      </sentence>
      <sentence id="d000.s3426" source="wordnet-danish">
         <wf lemma="Vestbroens" pos="X">Vestbroens</wf>
         <wf lemma="gennemsejlingshøjde" pos="X">gennemsejlingshøjde</wf>
         <wf lemma="bliver" pos="X">bliver</wf>
         <wf lemma="18" pos="X">18</wf>
         <wf lemma="meter" pos="X">meter</wf>
         <wf lemma="med" pos="X">med</wf>
         <wf lemma="to" pos="X">to</wf>
         <wf lemma="gennemsejlingsruter" pos="X">gennemsejlingsruter</wf>
         <wf lemma="i" pos="X">i</wf>
         <wf lemma="70" pos="X">70</wf>
         <wf lemma="meters" pos="X">meters</wf>
         <instance id="d000.s3426.t000" lemma="bredde" pos="NOUN">bredde</instance>
         <wf lemma="." pos="X">.</wf>
      </sentence>
      <sentence id="d000.s3427" source="wordnet-danish">
         <wf lemma="Alexander" pos="X">Alexander</wf>
         <wf lemma="åbnede" pos="X">åbnede</wf>
         <wf lemma="døren" pos="X">døren</wf>
         <wf lemma="til" pos="X">til</wf>
         <wf lemma="børneværelset" pos="X">børneværelset</wf>
         <wf lemma="," pos="X">,</wf>
         <wf lemma="solen" pos="X">solen</wf>
         <wf lemma="skinnede" pos="X">skinnede</wf>
         <wf lemma="ind" pos="X">ind</wf>
         <wf lemma="gennem" pos="X">gennem</wf>
         <wf lemma="vinduet" pos="X">vinduet</wf>
         <wf lemma="," pos="X">,</wf>
         <wf lemma="der" pos="X">der</wf>
         <wf lemma="lå" pos="X">lå</wf>
         <wf lemma="et" pos="X">et</wf>
         <wf lemma="halvfærdigt" pos="X">halvfærdigt</wf>
         <instance id="d000.s3427.t000" lemma="puslespil" pos="NOUN">puslespil</instance>
         <wf lemma="på" pos="X">på</wf>
         <wf lemma="gulvet" pos="X">gulvet</wf>
         <wf lemma="." pos="X">.</wf>
      </sentence>
      <sentence id="d000.s3428" source="wordnet-danish">
         <wf lemma="I" pos="X">I</wf>
         <wf lemma="kvindernes" pos="X">kvindernes</wf>
         <wf lemma="drømme" pos="X">drømme</wf>
         <wf lemma="og" pos="X">og</wf>
         <instance id="d000.s3428.t000" lemma="fantasi" pos="NOUN">fantasier</instance>
         <wf lemma="om" pos="X">om</wf>
         <wf lemma="mænd" pos="X">mænd</wf>
         <wf lemma="er" pos="X">er</wf>
         <wf lemma="der" pos="X">der</wf>
         <wf lemma="ingen" pos="X">ingen</wf>
         <wf lemma="grænser" pos="X">grænser</wf>
         <wf lemma="for" pos="X">for</wf>
         <wf lemma="," pos="X">,</wf>
         <wf lemma="hvad" pos="X">hvad</wf>
         <wf lemma="de" pos="X">de</wf>
         <wf lemma="kan" pos="X">kan</wf>
         <wf lemma="opleve" pos="X">opleve</wf>
         <wf lemma="og" pos="X">og</wf>
         <wf lemma="nå" pos="X">nå</wf>
         <wf lemma="." pos="X">.</wf>
      </sentence>
      <sentence id="d000.s3429" source="wordnet-danish">
         <wf lemma="Man" pos="X">Man</wf>
         <wf lemma="har" pos="X">har</wf>
         <wf lemma="mellem" pos="X">mellem</wf>
         <wf lemma="100.000" pos="X">100.000</wf>
         <wf lemma="og" pos="X">og</wf>
         <wf lemma="150.000" pos="X">150.000</wf>
         <instance id="d000.s3429.t000" lemma="hår" pos="NOUN">hår</instance>
         <wf lemma="på" pos="X">på</wf>
         <wf lemma="hovedet" pos="X">hovedet</wf>
         <wf lemma="." pos="X">.</wf>
      </sentence>
      <sentence id="d000.s3430" source="wordnet-danish">
         <wf lemma="Hvis" pos="X">Hvis</wf>
         <wf lemma="du" pos="X">du</wf>
         <wf lemma="ikke" pos="X">ikke</wf>
         <wf lemma="bringer" pos="X">bringer</wf>
         <wf lemma="dig" pos="X">dig</wf>
         <wf lemma="i" pos="X">i</wf>
         <instance id="d000.s3430.t000" lemma="sikkerhed" pos="NOUN">sikkerhed</instance>
         <wf lemma="i" pos="X">i</wf>
         <wf lemma="nat" pos="X">nat</wf>
         <wf lemma="," pos="X">,</wf>
         <wf lemma="er" pos="X">er</wf>
         <wf lemma="du" pos="X">du</wf>
         <wf lemma="en" pos="X">en</wf>
         <wf lemma="død" pos="X">død</wf>
         <wf lemma="mand" pos="X">mand</wf>
         <wf lemma="i" pos="X">i</wf>
         <wf lemma="morgen" pos="X">morgen</wf>
         <wf lemma="." pos="X">.</wf>
      </sentence>
      <sentence id="d000.s3431" source="wordnet-danish">
         <wf lemma="Først" pos="X">Først</wf>
         <wf lemma="når" pos="X">når</wf>
         <wf lemma="barnet" pos="X">barnet</wf>
         <wf lemma="har" pos="X">har</wf>
         <wf lemma="fornemmelse" pos="X">fornemmelse</wf>
         <wf lemma="af" pos="X">af</wf>
         <wf lemma="tonaliteten" pos="X">tonaliteten</wf>
         <wf lemma="," pos="X">,</wf>
         <wf lemma="kan" pos="X">kan</wf>
         <wf lemma="det" pos="X">det</wf>
         <wf lemma="gengive" pos="X">gengive</wf>
         <wf lemma="en" pos="X">en</wf>
         <wf lemma="bestemt" pos="X">bestemt</wf>
         <wf lemma="melodi" pos="X">melodi</wf>
         <wf lemma="i" pos="X">i</wf>
         <wf lemma="en" pos="X">en</wf>
         <wf lemma="bestemt" pos="X">bestemt</wf>
         <instance id="d000.s3431.t000" lemma="toneart" pos="NOUN">toneart</instance>
         <wf lemma="." pos="X">.</wf>
      </sentence>
      <sentence id="d000.s3432" source="wordnet-danish">
         <wf lemma="hun" pos="X">hun</wf>
         <wf lemma="havde" pos="X">havde</wf>
         <wf lemma="en" pos="X">en</wf>
         <wf lemma="elfenbenshvid" pos="X">elfenbenshvid</wf>
         <wf lemma="velourdragt" pos="X">velourdragt</wf>
         <wf lemma="på" pos="X">på</wf>
         <wf lemma="," pos="X">,</wf>
         <wf lemma="som" pos="X">som</wf>
         <wf lemma="klædte" pos="X">klædte</wf>
         <wf lemma="hendes" pos="X">hendes</wf>
         <instance id="d000.s3432.t000" lemma="fin" pos="ADJ">fine</instance>
         <wf lemma="hud" pos="X">hud</wf>
         <wf lemma="." pos="X">.</wf>
      </sentence>
      <sentence id="d000.s3433" source="wordnet-danish">
         <instance id="d000.s3433.t000" lemma="brud" pos="NOUN">Bruden</instance>
         <wf lemma="var" pos="X">var</wf>
         <wf lemma="yndig" pos="X">yndig</wf>
         <wf lemma="," pos="X">,</wf>
         <wf lemma="gommen" pos="X">gommen</wf>
         <wf lemma="flot" pos="X">flot</wf>
         <wf lemma="og" pos="X">og</wf>
         <wf lemma="babyen" pos="X">babyen</wf>
         <wf lemma="," pos="X">,</wf>
         <wf lemma="der" pos="X">der</wf>
         <wf lemma="skulle" pos="X">skulle</wf>
         <wf lemma="døbes" pos="X">døbes</wf>
         <wf lemma="samme" pos="X">samme</wf>
         <wf lemma="dag" pos="X">dag</wf>
         <wf lemma="," pos="X">,</wf>
         <wf lemma="lignede" pos="X">lignede</wf>
         <wf lemma="en" pos="X">en</wf>
         <wf lemma="engel" pos="X">engel</wf>
         <wf lemma="." pos="X">.</wf>
      </sentence>
      <sentence id="d000.s3434" source="wordnet-danish">
         <wf lemma="der" pos="X">der</wf>
         <wf lemma="var" pos="X">var</wf>
         <wf lemma="tuberkulose" pos="X">tuberkulose</wf>
         <wf lemma="i" pos="X">i</wf>
         <instance id="d000.s3434.t000" lemma="besætning" pos="NOUN">besætningen</instance>
         <wf lemma="," pos="X">,</wf>
         <wf lemma="så" pos="X">så</wf>
         <wf lemma="høvederne" pos="X">høvederne</wf>
         <wf lemma="døde" pos="X">døde</wf>
         <wf lemma="." pos="X">.</wf>
      </sentence>
      <sentence id="d000.s3435" source="wordnet-danish">
         <instance id="d000.s3435.t000" lemma="loft" pos="NOUN">Loftet</instance>
         <wf lemma="var" pos="X">var</wf>
         <wf lemma="fyldt" pos="X">fyldt</wf>
         <wf lemma="med" pos="X">med</wf>
         <wf lemma="tusind" pos="X">tusind</wf>
         <wf lemma="gamle" pos="X">gamle</wf>
         <wf lemma="ting" pos="X">ting</wf>
         <wf lemma="og" pos="X">og</wf>
         <wf lemma="sager" pos="X">sager</wf>
         <wf lemma="fra" pos="X">fra</wf>
         <wf lemma="de" pos="X">de</wf>
         <wf lemma="tre" pos="X">tre</wf>
         <wf lemma="hundrede" pos="X">hundrede</wf>
         <wf lemma="år" pos="X">år</wf>
         <wf lemma="," pos="X">,</wf>
         <wf lemma="familien" pos="X">familien</wf>
         <wf lemma="havde" pos="X">havde</wf>
         <wf lemma="boet" pos="X">boet</wf>
         <wf lemma="på" pos="X">på</wf>
         <wf lemma="Bredegården" pos="X">Bredegården</wf>
         <wf lemma="." pos="X">.</wf>
      </sentence>
      <sentence id="d000.s3436" source="wordnet-danish">
         <wf lemma="Alfabetet" pos="X">Alfabetet</wf>
         <wf lemma="består" pos="X">består</wf>
         <wf lemma="af" pos="X">af</wf>
         <wf lemma="29" pos="X">29</wf>
         <instance id="d000.s3436.t000" lemma="bogstav" pos="NOUN">bogstaver</instance>
         <wf lemma="," pos="X">,</wf>
         <wf lemma="som" pos="X">som</wf>
         <wf lemma="inddeles" pos="X">inddeles</wf>
         <wf lemma="i" pos="X">i</wf>
         <wf lemma="2" pos="X">2</wf>
         <wf lemma="grupper" pos="X">grupper</wf>
         <wf lemma=":" pos="X">:</wf>
         <wf lemma="selvlyde" pos="X">selvlyde</wf>
         <wf lemma="og" pos="X">og</wf>
         <wf lemma="medlyde" pos="X">medlyde</wf>
         <wf lemma="." pos="X">.</wf>
      </sentence>
      <sentence id="d000.s3437" source="wordnet-danish">
         <wf lemma="Overalt" pos="X">Overalt</wf>
         <wf lemma="," pos="X">,</wf>
         <wf lemma="hvor" pos="X">hvor</wf>
         <wf lemma="der" pos="X">der</wf>
         <wf lemma="går" pos="X">går</wf>
         <wf lemma="en" pos="X">en</wf>
         <wf lemma="elektrisk" pos="X">elektrisk</wf>
         <wf lemma="strøm" pos="X">strøm</wf>
         <wf lemma="," pos="X">,</wf>
         <wf lemma="findes" pos="X">findes</wf>
         <wf lemma="der" pos="X">der</wf>
         <wf lemma="et" pos="X">et</wf>
         <instance id="d000.s3437.t000" lemma="magnetisk" pos="ADJ">magnetisk</instance>
         <wf lemma="felt" pos="X">felt</wf>
         <wf lemma="." pos="X">.</wf>
      </sentence>
      <sentence id="d000.s3438" source="wordnet-danish">
         <wf lemma="Den" pos="X">Den</wf>
         <wf lemma="blå" pos="X">blå</wf>
         <instance id="d000.s3438.t000" lemma="spand" pos="NOUN">spand</instance>
         <wf lemma="er" pos="X">er</wf>
         <wf lemma="til" pos="X">til</wf>
         <wf lemma="genbrugsaffald" pos="X">genbrugsaffald</wf>
         <wf lemma="," pos="X">,</wf>
         <wf lemma="såsom" pos="X">såsom</wf>
         <wf lemma="plastic" pos="X">plastic</wf>
         <wf lemma="," pos="X">,</wf>
         <wf lemma="papir" pos="X">papir</wf>
         <wf lemma="," pos="X">,</wf>
         <wf lemma="metal" pos="X">metal</wf>
         <wf lemma="m.v." pos="X">m.v.</wf>
      </sentence>
      <sentence id="d000.s3439" source="wordnet-danish">
         <wf lemma="En" pos="X">En</wf>
         <wf lemma="leder" pos="X">leder</wf>
         <wf lemma="skal" pos="X">skal</wf>
         <wf lemma="helst" pos="X">helst</wf>
         <wf lemma="føle" pos="X">føle</wf>
         <wf lemma="sig" pos="X">sig</wf>
         <wf lemma="usikker" pos="X">usikker</wf>
         <wf lemma="." pos="X">.</wf>
         <wf lemma="Dette" pos="X">Dette</wf>
         <wf lemma="er" pos="X">er</wf>
         <instance id="d000.s3439.t000" lemma="drivkraft" pos="NOUN">drivkraften</instance>
         <wf lemma="bag" pos="X">bag</wf>
         <wf lemma="nytænkning" pos="X">nytænkning</wf>
         <wf lemma="og" pos="X">og</wf>
         <wf lemma="fornyelse" pos="X">fornyelse</wf>
         <wf lemma="." pos="X">.</wf>
      </sentence>
      <sentence id="d000.s3440" source="wordnet-danish">
         <wf lemma="babyen" pos="X">babyen</wf>
         <wf lemma="på" pos="X">på</wf>
         <wf lemma="2.350" pos="X">2.350</wf>
         <wf lemma="gram" pos="X">gram</wf>
         <wf lemma="har" pos="X">har</wf>
         <wf lemma="det" pos="X">det</wf>
         <wf lemma="godt" pos="X">godt</wf>
         <wf lemma="efter" pos="X">efter</wf>
         <wf lemma="den" pos="X">den</wf>
         <instance id="d000.s3440.t000" lemma="usædvanlig" pos="ADJ">usædvanlige</instance>
         <wf lemma="fødsel" pos="X">fødsel</wf>
         <wf lemma="på" pos="X">på</wf>
         <wf lemma="bagsædet" pos="X">bagsædet</wf>
         <wf lemma="af" pos="X">af</wf>
         <wf lemma="bilen" pos="X">bilen</wf>
         <wf lemma="." pos="X">.</wf>
      </sentence>
      <sentence id="d000.s3441" source="wordnet-danish">
         <wf lemma="det" pos="X">det</wf>
         <wf lemma="danske" pos="X">danske</wf>
         <wf lemma="kommunistparti" pos="X">kommunistparti</wf>
         <wf lemma="[blev]" pos="X">[blev]</wf>
         <wf lemma="erklæret" pos="X">erklæret</wf>
         <wf lemma="ulovligt" pos="X">ulovligt</wf>
         <wf lemma="," pos="X">,</wf>
         <wf lemma="og" pos="X">og</wf>
         <wf lemma="over" pos="X">over</wf>
         <wf lemma="100" pos="X">100</wf>
         <wf lemma="kommunister" pos="X">kommunister</wf>
         <wf lemma="blev" pos="X">blev</wf>
         <instance id="d000.s3441.t000" lemma="indespærre" pos="VERB">indespærret</instance>
         <wf lemma="i" pos="X">i</wf>
         <wf lemma="Horserød-lejren" pos="X">Horserød-lejren</wf>
         <wf lemma="i" pos="X">i</wf>
         <wf lemma="Nordsjælland" pos="X">Nordsjælland</wf>
         <wf lemma="." pos="X">.</wf>
      </sentence>
      <sentence id="d000.s3442" source="wordnet-danish">
         <wf lemma="Har" pos="X">Har</wf>
         <wf lemma="De" pos="X">De</wf>
         <wf lemma="et" pos="X">et</wf>
         <wf lemma="stykke" pos="X">stykke</wf>
         <wf lemma="papir" pos="X">papir</wf>
         <wf lemma="og" pos="X">og</wf>
         <wf lemma="en" pos="X">en</wf>
         <instance id="d000.s3442.t000" lemma="pen" pos="NOUN">pen</instance>
         <wf lemma="," pos="X">,</wf>
         <wf lemma="så" pos="X">så</wf>
         <wf lemma="skriver" pos="X">skriver</wf>
         <wf lemma="jeg" pos="X">jeg</wf>
         <wf lemma="lige" pos="X">lige</wf>
         <wf lemma="et" pos="X">et</wf>
         <wf lemma="ord" pos="X">ord</wf>
         <wf lemma="til" pos="X">til</wf>
         <wf lemma="min" pos="X">min</wf>
         <wf lemma="kone" pos="X">kone</wf>
         <wf lemma="." pos="X">.</wf>
      </sentence>
      <sentence id="d000.s3443" source="wordnet-danish">
         <wf lemma="Stil" pos="X">Stil</wf>
         <wf lemma="fadet" pos="X">fadet</wf>
         <wf lemma="i" pos="X">i</wf>
         <wf lemma="en" pos="X">en</wf>
         <wf lemma="varm" pos="X">varm</wf>
         <instance id="d000.s3443.t000" lemma="ovn" pos="NOUN">ovn</instance>
         <wf lemma="," pos="X">,</wf>
         <wf lemma="ca." pos="X">ca.</wf>
         <wf lemma="160" pos="X">160</wf>
         <wf lemma="grader" pos="X">grader</wf>
         <wf lemma="," pos="X">,</wf>
         <wf lemma="i" pos="X">i</wf>
         <wf lemma="ca." pos="X">ca.</wf>
         <wf lemma="30" pos="X">30</wf>
         <wf lemma="minutter" pos="X">minutter</wf>
         <wf lemma="." pos="X">.</wf>
      </sentence>
      <sentence id="d000.s3444" source="wordnet-danish">
         <wf lemma="Den" pos="X">Den</wf>
         <wf lemma="mængde" pos="X">mængde</wf>
         <wf lemma="," pos="X">,</wf>
         <wf lemma="der" pos="X">der</wf>
         <wf lemma="består" pos="X">består</wf>
         <wf lemma="af" pos="X">af</wf>
         <wf lemma="alle" pos="X">alle</wf>
         <wf lemma="de" pos="X">de</wf>
         <wf lemma="naturlige" pos="X">naturlige</wf>
         <wf lemma="tal" pos="X">tal</wf>
         <wf lemma="er" pos="X">er</wf>
         <wf lemma=".." pos="X">..</wf>
         <instance id="d000.s3444.t000" lemma="uendelig" pos="ADJ">uendelig</instance>
         <wf lemma="." pos="X">.</wf>
      </sentence>
      <sentence id="d000.s3445" source="wordnet-danish">
         <wf lemma="Du" pos="X">Du</wf>
         <wf lemma="skal" pos="X">skal</wf>
         <wf lemma="aflevere" pos="X">aflevere</wf>
         <instance id="d000.s3445.t000" lemma="opgave" pos="NOUN">opgaven</instance>
         <wf lemma="i" pos="X">i</wf>
         <wf lemma="to" pos="X">to</wf>
         <wf lemma="underskrevne" pos="X">underskrevne</wf>
         <wf lemma="eksemplarer" pos="X">eksemplarer</wf>
         <wf lemma="," pos="X">,</wf>
         <wf lemma="originalen" pos="X">originalen</wf>
         <wf lemma="og" pos="X">og</wf>
         <wf lemma="en" pos="X">en</wf>
         <wf lemma="kopi." pos="X">kopi.</wf>
      </sentence>
      <sentence id="d000.s3446" source="wordnet-danish">
         <wf lemma="Skomagerpigen" pos="X">Skomagerpigen</wf>
         <wf lemma="skar" pos="X">skar</wf>
         <wf lemma="det" pos="X">det</wf>
         <wf lemma="lille" pos="X">lille</wf>
         <wf lemma="stykke" pos="X">stykke</wf>
         <wf lemma="gummi" pos="X">gummi</wf>
         <wf lemma="til" pos="X">til</wf>
         <wf lemma="og" pos="X">og</wf>
         <wf lemma="slog" pos="X">slog</wf>
         <wf lemma="det" pos="X">det</wf>
         <wf lemma="med" pos="X">med</wf>
         <wf lemma="præcise" pos="X">præcise</wf>
         <wf lemma="slag" pos="X">slag</wf>
         <wf lemma="af" pos="X">af</wf>
         <wf lemma="sin" pos="X">sin</wf>
         <instance id="d000.s3446.t000" lemma="hammer" pos="NOUN">hammer</instance>
         <wf lemma="på" pos="X">på</wf>
         <wf lemma="skoen" pos="X">skoen</wf>
         <wf lemma="med" pos="X">med</wf>
         <wf lemma="små" pos="X">små</wf>
         <wf lemma="blå" pos="X">blå</wf>
         <wf lemma="søm" pos="X">søm</wf>
         <wf lemma="." pos="X">.</wf>
      </sentence>
      <sentence id="d000.s3447" source="wordnet-danish">
         <wf lemma="Kender" pos="X">Kender</wf>
         <wf lemma="børn" pos="X">børn</wf>
         <wf lemma="overhovedet" pos="X">overhovedet</wf>
         <wf lemma="hestevogne" pos="X">hestevogne</wf>
         <wf lemma="i" pos="X">i</wf>
         <wf lemma="vore" pos="X">vore</wf>
         <wf lemma="dage" pos="X">dage</wf>
         <wf lemma="?" pos="X">?</wf>
         <wf lemma="De" pos="X">De</wf>
         <wf lemma="er" pos="X">er</wf>
         <wf lemma="i" pos="X">i</wf>
         <wf lemma="hvert" pos="X">hvert</wf>
         <wf lemma="tilfælde" pos="X">tilfælde</wf>
         <wf lemma="et" pos="X">et</wf>
         <instance id="d000.s3447.t000" lemma="sjælden" pos="ADJ">sjældent</instance>
         <wf lemma="syn" pos="X">syn</wf>
         <wf lemma="i" pos="X">i</wf>
         <wf lemma="vores" pos="X">vores</wf>
         <wf lemma="gader" pos="X">gader</wf>
         <wf lemma="." pos="X">.</wf>
      </sentence>
      <sentence id="d000.s3448" source="wordnet-danish">
         <wf lemma="Den" pos="X">Den</wf>
         <wf lemma="lille" pos="X">lille</wf>
         <wf lemma="hvalp" pos="X">hvalp</wf>
         <wf lemma="var" pos="X">var</wf>
         <instance id="d000.s3448.t000" lemma="sød" pos="ADJ">sød</instance>
         <wf lemma="," pos="X">,</wf>
         <wf lemma="hun" pos="X">hun</wf>
         <wf lemma="var" pos="X">var</wf>
         <wf lemma="lige" pos="X">lige</wf>
         <wf lemma="ved" pos="X">ved</wf>
         <wf lemma="at" pos="X">at</wf>
         <wf lemma="sige" pos="X">sige</wf>
         <wf lemma=":" pos="X">:</wf>
         <wf lemma="Lad" pos="X">Lad</wf>
         <wf lemma="mig" pos="X">mig</wf>
         <wf lemma="få" pos="X">få</wf>
         <wf lemma="den" pos="X">den</wf>
         <wf lemma="!" pos="X">!</wf>
      </sentence>
      <sentence id="d000.s3449" source="wordnet-danish">
         <wf lemma="Her" pos="X">Her</wf>
         <wf lemma="er" pos="X">er</wf>
         <wf lemma="den" pos="X">den</wf>
         <instance id="d000.s3449.t000" lemma="komplet" pos="ADJ">komplette</instance>
         <wf lemma="guide" pos="X">guide</wf>
         <wf lemma="til" pos="X">til</wf>
         <wf lemma="dig" pos="X">dig</wf>
         <wf lemma="," pos="X">,</wf>
         <wf lemma="som" pos="X">som</wf>
         <wf lemma="tør" pos="X">tør</wf>
         <wf lemma="vove" pos="X">vove</wf>
         <wf lemma="dig" pos="X">dig</wf>
         <wf lemma="ud" pos="X">ud</wf>
         <wf lemma="i" pos="X">i</wf>
         <wf lemma="Århus" pos="X">Århus</wf>
         <wf lemma="på" pos="X">på</wf>
         <wf lemma="de" pos="X">de</wf>
         <wf lemma="sene" pos="X">sene</wf>
         <wf lemma="nattetimer" pos="X">nattetimer</wf>
         <wf lemma="." pos="X">.</wf>
      </sentence>
      <sentence id="d000.s3450" source="wordnet-danish">
         <wf lemma="Det" pos="X">Det</wf>
         <wf lemma="kræver" pos="X">kræver</wf>
         <wf lemma="helt" pos="X">helt</wf>
         <wf lemma="specielle" pos="X">specielle</wf>
         <wf lemma="evner" pos="X">evner</wf>
         <wf lemma="at" pos="X">at</wf>
         <wf lemma="holde" pos="X">holde</wf>
         <wf lemma="en" pos="X">en</wf>
         <wf lemma="så" pos="X">så</wf>
         <instance id="d000.s3450.t000" lemma="stor" pos="ADJ">stor</instance>
         <wf lemma="forsamlings" pos="X">forsamlings</wf>
         <wf lemma="opmærksomhed" pos="X">opmærksomhed</wf>
         <wf lemma="fanget" pos="X">fanget</wf>
         <wf lemma="." pos="X">.</wf>
      </sentence>
      <sentence id="d000.s3451" source="wordnet-danish">
         <wf lemma="Mona" pos="X">Mona</wf>
         <wf lemma="Christensen" pos="X">Christensen</wf>
         <wf lemma="har" pos="X">har</wf>
         <wf lemma="vovet" pos="X">vovet</wf>
         <wf lemma="sig" pos="X">sig</wf>
         <wf lemma="ind" pos="X">ind</wf>
         <wf lemma="blandt" pos="X">blandt</wf>
         <wf lemma="mandschauvinisterne" pos="X">mandschauvinisterne</wf>
         <wf lemma="i" pos="X">i</wf>
         <wf lemma="eksportbranchen" pos="X">eksportbranchen</wf>
         <wf lemma="--" pos="X">--</wf>
         <wf lemma="som" pos="X">som</wf>
         <instance id="d000.s3451.t000" lemma="direktør" pos="NOUN">direktør</instance>
         <wf lemma="for" pos="X">for</wf>
         <wf lemma="eget" pos="X">eget</wf>
         <wf lemma="firma" pos="X">firma</wf>
         <wf lemma="." pos="X">.</wf>
         <wf lemma="Manden" pos="X">Manden</wf>
         <wf lemma="og" pos="X">og</wf>
         <wf lemma="døtrene" pos="X">døtrene</wf>
         <wf lemma="er" pos="X">er</wf>
         <wf lemma="blandt" pos="X">blandt</wf>
         <wf lemma="de" pos="X">de</wf>
         <wf lemma="underordnede" pos="X">underordnede</wf>
         <wf lemma="." pos="X">.</wf>
      </sentence>
      <sentence id="d000.s3452" source="wordnet-danish">
         <wf lemma="Familien" pos="X">Familien</wf>
         <instance id="d000.s3452.t000" lemma="forstå" pos="VERB">forstod</instance>
         <wf lemma="ham" pos="X">ham</wf>
         <wf lemma="ikke" pos="X">ikke</wf>
         <wf lemma="," pos="X">,</wf>
         <wf lemma="da" pos="X">da</wf>
         <wf lemma="han" pos="X">han</wf>
         <wf lemma="valgte" pos="X">valgte</wf>
         <wf lemma="at" pos="X">at</wf>
         <wf lemma="blive" pos="X">blive</wf>
         <wf lemma="landsbypræst" pos="X">landsbypræst</wf>
         <wf lemma="på" pos="X">på</wf>
         <wf lemma="Fyn." pos="X">Fyn.</wf>
      </sentence>
      <sentence id="d000.s3453" source="wordnet-danish">
         <wf lemma="En" pos="X">En</wf>
         <wf lemma="alkoholiker" pos="X">alkoholiker</wf>
         <wf lemma="kan" pos="X">kan</wf>
         <instance id="d000.s3453.t000" lemma="definere" pos="VERB">defineres</instance>
         <wf lemma="som" pos="X">som</wf>
         <wf lemma="en" pos="X">en</wf>
         <wf lemma="person" pos="X">person</wf>
         <wf lemma="," pos="X">,</wf>
         <wf lemma="der" pos="X">der</wf>
         <wf lemma="er" pos="X">er</wf>
         <wf lemma="ude" pos="X">ude</wf>
         <wf lemma="af" pos="X">af</wf>
         <wf lemma="stand" pos="X">stand</wf>
         <wf lemma="til" pos="X">til</wf>
         <wf lemma="at" pos="X">at</wf>
         <wf lemma="kontrollere" pos="X">kontrollere</wf>
         <wf lemma="indtagelsen" pos="X">indtagelsen</wf>
         <wf lemma="af" pos="X">af</wf>
         <wf lemma="spiritus" pos="X">spiritus</wf>
         <wf lemma="." pos="X">.</wf>
      </sentence>
      <sentence id="d000.s3454" source="wordnet-danish">
         <wf lemma="Varmetæppet" pos="X">Varmetæppet</wf>
         <wf lemma="måler" pos="X">måler</wf>
         <wf lemma="75x130" pos="X">75x130</wf>
         <wf lemma="cm" pos="X">cm</wf>
         <wf lemma="og" pos="X">og</wf>
         <wf lemma="har" pos="X">har</wf>
         <wf lemma="et" pos="X">et</wf>
         <instance id="d000.s3454.t000" lemma="diskret" pos="ADJ">diskret</instance>
         <wf lemma="pastelfarvet" pos="X">pastelfarvet</wf>
         <wf lemma="mønster" pos="X">mønster</wf>
         <wf lemma="." pos="X">.</wf>
      </sentence>
      <sentence id="d000.s3455" source="wordnet-danish">
         <wf lemma="Han" pos="X">Han</wf>
         <wf lemma="bliver" pos="X">bliver</wf>
         <wf lemma="optaget" pos="X">optaget</wf>
         <wf lemma="i" pos="X">i</wf>
         <wf lemma="Det" pos="X">Det</wf>
         <wf lemma="kejserlige" pos="X">kejserlige</wf>
         <wf lemma="Luftvåben" pos="X">Luftvåben</wf>
         <wf lemma="efter" pos="X">efter</wf>
         <wf lemma="en" pos="X">en</wf>
         <wf lemma="ærefuld" pos="X">ærefuld</wf>
         <instance id="d000.s3455.t000" lemma="ceremoni" pos="NOUN">ceremoni</instance>
         <wf lemma="," pos="X">,</wf>
         <wf lemma="hvor" pos="X">hvor</wf>
         <wf lemma="Ushijima" pos="X">Ushijima</wf>
         <wf lemma="overrækker" pos="X">overrækker</wf>
         <wf lemma="ham" pos="X">ham</wf>
         <wf lemma="samurai-sværdet" pos="X">samurai-sværdet</wf>
         <wf lemma="," pos="X">,</wf>
         <wf lemma="skærf" pos="X">skærf</wf>
         <wf lemma="og" pos="X">og</wf>
         <wf lemma="hovedbånd" pos="X">hovedbånd</wf>
         <wf lemma="." pos="X">.</wf>
      </sentence>
      <sentence id="d000.s3456" source="wordnet-danish">
         <wf lemma="Over" pos="X">Over</wf>
         <wf lemma="200.000" pos="X">200.000</wf>
         <instance id="d000.s3456.t000" lemma="mønt" pos="NOUN">mønter</instance>
         <wf lemma="kendes" pos="X">kendes</wf>
         <wf lemma="fra" pos="X">fra</wf>
         <wf lemma="nordiske" pos="X">nordiske</wf>
         <wf lemma="vikingetidsfund" pos="X">vikingetidsfund</wf>
         <wf lemma="." pos="X">.</wf>
      </sentence>
      <sentence id="d000.s3457" source="wordnet-danish">
         <wf lemma="lektoren" pos="X">lektoren</wf>
         <instance id="d000.s3457.t000" lemma="affærdige" pos="VERB">affærdigede</instance>
         <wf lemma="sensationen" pos="X">sensationen</wf>
         <wf lemma="som" pos="X">som</wf>
         <wf lemma="en" pos="X">en</wf>
         <wf lemma="sag" pos="X">sag</wf>
         <wf lemma="," pos="X">,</wf>
         <wf lemma="der" pos="X">der</wf>
         <wf lemma="skal" pos="X">skal</wf>
         <wf lemma="tages" pos="X">tages</wf>
         <wf lemma="med" pos="X">med</wf>
         <wf lemma="forbehold" pos="X">forbehold</wf>
         <wf lemma="." pos="X">.</wf>
      </sentence>
      <sentence id="d000.s3458" source="wordnet-danish">
         <instance id="d000.s3458.t000" lemma="knuse" pos="VERB">Knus</instance>
         <wf lemma="1" pos="X">1</wf>
         <wf lemma="tsk." pos="X">tsk.</wf>
         <wf lemma="spidskommen" pos="X">spidskommen</wf>
         <wf lemma="let" pos="X">let</wf>
         <wf lemma="i" pos="X">i</wf>
         <wf lemma="en" pos="X">en</wf>
         <wf lemma="morter" pos="X">morter</wf>
         <wf lemma="." pos="X">.</wf>
      </sentence>
      <sentence id="d000.s3459" source="wordnet-danish">
         <wf lemma="Det" pos="X">Det</wf>
         <wf lemma="er" pos="X">er</wf>
         <wf lemma="kommunernes" pos="X">kommunernes</wf>
         <wf lemma="ansvar" pos="X">ansvar</wf>
         <wf lemma="," pos="X">,</wf>
         <wf lemma="at" pos="X">at</wf>
         <instance id="d000.s3459.t000" lemma="borger" pos="NOUN">borgerne</instance>
         <wf lemma="får" pos="X">får</wf>
         <wf lemma="mulighed" pos="X">mulighed</wf>
         <wf lemma="for" pos="X">for</wf>
         <wf lemma="at" pos="X">at</wf>
         <wf lemma="komme" pos="X">komme</wf>
         <wf lemma="af" pos="X">af</wf>
         <wf lemma="med" pos="X">med</wf>
         <wf lemma="det" pos="X">det</wf>
         <wf lemma="miljøfarlige" pos="X">miljøfarlige</wf>
         <wf lemma="affald" pos="X">affald</wf>
         <wf lemma="." pos="X">.</wf>
      </sentence>
      <sentence id="d000.s3460" source="wordnet-danish">
         <wf lemma="En" pos="X">En</wf>
         <wf lemma="to" pos="X">to</wf>
         <wf lemma="tre" pos="X">tre</wf>
         <wf lemma="," pos="X">,</wf>
         <wf lemma="det" pos="X">det</wf>
         <wf lemma="er" pos="X">er</wf>
         <wf lemma="en" pos="X">en</wf>
         <instance id="d000.s3460.t000" lemma="prøve" pos="NOUN">prøve</instance>
         <wf lemma="." pos="X">.</wf>
      </sentence>
      <sentence id="d000.s3461" source="wordnet-danish">
         <wf lemma="Proppen" pos="X">Proppen</wf>
         <instance id="d000.s3461.t000" lemma="mangle" pos="VERB">mangler</instance>
         <wf lemma="til" pos="X">til</wf>
         <wf lemma="badekarret" pos="X">badekarret</wf>
         <wf lemma="." pos="X">.</wf>
      </sentence>
      <sentence id="d000.s3462" source="wordnet-danish">
         <wf lemma="Kvinder" pos="X">Kvinder</wf>
         <wf lemma="forsøger" pos="X">forsøger</wf>
         <wf lemma="at" pos="X">at</wf>
         <instance id="d000.s3462.t000" lemma="balancere" pos="VERB">balancere</instance>
         <wf lemma="familie" pos="X">familie</wf>
         <wf lemma="og" pos="X">og</wf>
         <wf lemma="karriere" pos="X">karriere</wf>
         <wf lemma="." pos="X">.</wf>
      </sentence>
      <sentence id="d000.s3463" source="wordnet-danish">
         <wf lemma="I" pos="X">I</wf>
         <instance id="d000.s3463.t000" lemma="drivhus" pos="NOUN">drivhuset</instance>
         <wf lemma="kan" pos="X">kan</wf>
         <wf lemma="De" pos="X">De</wf>
         <wf lemma="i" pos="X">i</wf>
         <wf lemma="sæsonen" pos="X">sæsonen</wf>
         <wf lemma="dyrke" pos="X">dyrke</wf>
         <wf lemma="masser" pos="X">masser</wf>
         <wf lemma="af" pos="X">af</wf>
         <wf lemma="agurker" pos="X">agurker</wf>
         <wf lemma="," pos="X">,</wf>
         <wf lemma="tomater" pos="X">tomater</wf>
         <wf lemma="," pos="X">,</wf>
         <wf lemma="peber" pos="X">peber</wf>
         <wf lemma="," pos="X">,</wf>
         <wf lemma="auberginer" pos="X">auberginer</wf>
         <wf lemma="og" pos="X">og</wf>
         <wf lemma="meloner" pos="X">meloner</wf>
         <wf lemma="." pos="X">.</wf>
      </sentence>
      <sentence id="d000.s3464" source="wordnet-danish">
         <wf lemma="Om" pos="X">Om</wf>
         <wf lemma="forløbet" pos="X">forløbet</wf>
         <wf lemma="af" pos="X">af</wf>
         <wf lemma="dette" pos="X">dette</wf>
         <wf lemma="møde" pos="X">møde</wf>
         <wf lemma="foreligger" pos="X">foreligger</wf>
         <wf lemma="der" pos="X">der</wf>
         <wf lemma="kun" pos="X">kun</wf>
         <wf lemma="vage" pos="X">vage</wf>
         <wf lemma="og" pos="X">og</wf>
         <wf lemma="ikke" pos="X">ikke</wf>
         <wf lemma="ganske" pos="X">ganske</wf>
         <wf lemma="overensstemmende" pos="X">overensstemmende</wf>
         <instance id="d000.s3464.t000" lemma="udsagn" pos="NOUN">udsagn</instance>
         <wf lemma="fra" pos="X">fra</wf>
         <wf lemma="de" pos="X">de</wf>
         <wf lemma="to" pos="X">to</wf>
         <wf lemma="deltagere" pos="X">deltagere</wf>
         <wf lemma="." pos="X">.</wf>
      </sentence>
      <sentence id="d000.s3465" source="wordnet-danish">
         <wf lemma="Jytte" pos="X">Jytte</wf>
         <wf lemma="synes" pos="X">synes</wf>
         <wf lemma="," pos="X">,</wf>
         <wf lemma="hun" pos="X">hun</wf>
         <wf lemma="klæ'r" pos="X">klæ'r</wf>
         <wf lemma="sig" pos="X">sig</wf>
         <wf lemma="for" pos="X">for</wf>
         <wf lemma="damet" pos="X">damet</wf>
         <wf lemma="og" pos="X">og</wf>
         <wf lemma="vil" pos="X">vil</wf>
         <wf lemma="gerne" pos="X">gerne</wf>
         <wf lemma="have" pos="X">have</wf>
         <wf lemma="inspiration" pos="X">inspiration</wf>
         <wf lemma="til" pos="X">til</wf>
         <wf lemma="at" pos="X">at</wf>
         <wf lemma="finde" pos="X">finde</wf>
         <wf lemma="lidt" pos="X">lidt</wf>
         <wf lemma="mindre" pos="X">mindre</wf>
         <instance id="d000.s3465.t000" lemma="konservativ" pos="ADJ">konservativt</instance>
         <wf lemma="tøj" pos="X">tøj</wf>
         <wf lemma="." pos="X">.</wf>
      </sentence>
      <sentence id="d000.s3466" source="wordnet-danish">
         <wf lemma="Både" pos="X">Både</wf>
         <wf lemma="kunstgødning" pos="X">kunstgødning</wf>
         <wf lemma="og" pos="X">og</wf>
         <wf lemma="sprøjtemidler" pos="X">sprøjtemidler</wf>
         <wf lemma="indeholder" pos="X">indeholder</wf>
         <wf lemma="stoffer" pos="X">stoffer</wf>
         <wf lemma="," pos="X">,</wf>
         <wf lemma="der" pos="X">der</wf>
         <wf lemma="er" pos="X">er</wf>
         <instance id="d000.s3466.t000" lemma="giftig" pos="ADJ">giftige</instance>
         <wf lemma="for" pos="X">for</wf>
         <wf lemma="mennesket" pos="X">mennesket</wf>
         <wf lemma="." pos="X">.</wf>
      </sentence>
      <sentence id="d000.s3467" source="wordnet-danish">
         <wf lemma="Helena" pos="X">Helena</wf>
         <wf lemma="er" pos="X">er</wf>
         <wf lemma="Menelaos" pos="X">Menelaos</wf>
         <instance id="d000.s3467.t000" lemma="overlegen" pos="ADJ">overlegen</instance>
         <wf lemma="i" pos="X">i</wf>
         <wf lemma="byrd" pos="X">byrd</wf>
         <wf lemma="," pos="X">,</wf>
         <wf lemma="udseende" pos="X">udseende</wf>
         <wf lemma="og" pos="X">og</wf>
         <wf lemma="klogskab" pos="X">klogskab</wf>
         <wf lemma="." pos="X">.</wf>
      </sentence>
      <sentence id="d000.s3468" source="wordnet-danish">
         <wf lemma="Læsesalen" pos="X">Læsesalen</wf>
         <wf lemma="giver" pos="X">giver</wf>
         <wf lemma="mindelser" pos="X">mindelser</wf>
         <wf lemma="om" pos="X">om</wf>
         <wf lemma="et" pos="X">et</wf>
         <wf lemma="kirkerum" pos="X">kirkerum</wf>
         <wf lemma="med" pos="X">med</wf>
         <wf lemma=".." pos="X">..</wf>
         <wf lemma="hvidmalede" pos="X">hvidmalede</wf>
         <instance id="d000.s3468.t000" lemma="søjle" pos="NOUN">søjler</instance>
         <wf lemma="og" pos="X">og</wf>
         <wf lemma="loftmalerier" pos="X">loftmalerier</wf>
         <wf lemma="." pos="X">.</wf>
      </sentence>
      <sentence id="d000.s3469" source="wordnet-danish">
         <wf lemma="Et" pos="X">Et</wf>
         <wf lemma="par" pos="X">par</wf>
         <wf lemma="flasker" pos="X">flasker</wf>
         <instance id="d000.s3469.t000" lemma="rulle" pos="VERB">ruller</instance>
         <wf lemma="klirrende" pos="X">klirrende</wf>
         <wf lemma="under" pos="X">under</wf>
         <wf lemma="et" pos="X">et</wf>
         <wf lemma="sæde" pos="X">sæde</wf>
         <wf lemma="." pos="X">.</wf>
      </sentence>
      <sentence id="d000.s3470" source="wordnet-danish">
         <wf lemma="Nogle" pos="X">Nogle</wf>
         <wf lemma="mennesker" pos="X">mennesker</wf>
         <wf lemma="har" pos="X">har</wf>
         <wf lemma="så" pos="X">så</wf>
         <wf lemma="svært" pos="X">svært</wf>
         <wf lemma="ved" pos="X">ved</wf>
         <wf lemma="at" pos="X">at</wf>
         <wf lemma="blive" pos="X">blive</wf>
         <wf lemma="konfronteret" pos="X">konfronteret</wf>
         <wf lemma="med" pos="X">med</wf>
         <wf lemma="den" pos="X">den</wf>
         <wf lemma="syge" pos="X">syge</wf>
         <wf lemma="," pos="X">,</wf>
         <wf lemma="at" pos="X">at</wf>
         <wf lemma="de" pos="X">de</wf>
         <wf lemma="bliver" pos="X">bliver</wf>
         <wf lemma="nødt" pos="X">nødt</wf>
         <wf lemma="til" pos="X">til</wf>
         <wf lemma="at" pos="X">at</wf>
         <wf lemma="nedsætte" pos="X">nedsætte</wf>
         <wf lemma="besøgsfrekvensen" pos="X">besøgsfrekvensen</wf>
         <wf lemma="til" pos="X">til</wf>
         <wf lemma="det" pos="X">det</wf>
         <instance id="d000.s3470.t000" lemma="minimal" pos="ADJ">minimale</instance>
         <wf lemma="." pos="X">.</wf>
      </sentence>
      <sentence id="d000.s3471" source="wordnet-danish">
         <wf lemma="Tim" pos="X">Tim</wf>
         <wf lemma="er" pos="X">er</wf>
         <wf lemma="meget" pos="X">meget</wf>
         <instance id="d000.s3471.t000" lemma="entusiastisk" pos="ADJ">entusiastisk</instance>
         <wf lemma="når" pos="X">når</wf>
         <wf lemma="han" pos="X">han</wf>
         <wf lemma="taler" pos="X">taler</wf>
         <wf lemma="om" pos="X">om</wf>
         <wf lemma="sin" pos="X">sin</wf>
         <wf lemma="hobby" pos="X">hobby</wf>
         <wf lemma="." pos="X">.</wf>
      </sentence>
      <sentence id="d000.s3472" source="wordnet-danish">
         <instance id="d000.s3472.t000" lemma="dør" pos="NOUN">Dørene</instance>
         <wf lemma="var" pos="X">var</wf>
         <wf lemma="slået" pos="X">slået</wf>
         <wf lemma="op" pos="X">op</wf>
         <wf lemma="ud" pos="X">ud</wf>
         <wf lemma="mod" pos="X">mod</wf>
         <wf lemma="haven" pos="X">haven</wf>
         <wf lemma="." pos="X">.</wf>
      </sentence>
      <sentence id="d000.s3473" source="wordnet-danish">
         <wf lemma="Når" pos="X">Når</wf>
         <wf lemma="du" pos="X">du</wf>
         <wf lemma="trækker" pos="X">trækker</wf>
         <wf lemma="vejret" pos="X">vejret</wf>
         <wf lemma="ind" pos="X">ind</wf>
         <wf lemma="," pos="X">,</wf>
         <instance id="d000.s3473.t000" lemma="udvide" pos="VERB">udvides</instance>
         <wf lemma="brystkassen" pos="X">brystkassen</wf>
         <wf lemma="." pos="X">.</wf>
      </sentence>
      <sentence id="d000.s3474" source="wordnet-danish">
         <wf lemma="Overgartneren" pos="X">Overgartneren</wf>
         <wf lemma="fortæller" pos="X">fortæller</wf>
         <wf lemma="," pos="X">,</wf>
         <wf lemma="at" pos="X">at</wf>
         <wf lemma="han" pos="X">han</wf>
         <wf lemma="altid" pos="X">altid</wf>
         <wf lemma="sender" pos="X">sender</wf>
         <wf lemma="slåmaskinen" pos="X">slåmaskinen</wf>
         <wf lemma="til" pos="X">til</wf>
         <instance id="d000.s3474.t000" lemma="service" pos="NOUN">service</instance>
         <wf lemma="nu" pos="X">nu</wf>
         <wf lemma="," pos="X">,</wf>
         <wf lemma="hvor" pos="X">hvor</wf>
         <wf lemma="alle" pos="X">alle</wf>
         <wf lemma="har" pos="X">har</wf>
         <wf lemma="god" pos="X">god</wf>
         <wf lemma="tid" pos="X">tid</wf>
         <wf lemma="til" pos="X">til</wf>
         <wf lemma="et" pos="X">et</wf>
         <wf lemma="grundigt" pos="X">grundigt</wf>
         <wf lemma="eftersyn" pos="X">eftersyn</wf>
         <wf lemma="." pos="X">.</wf>
      </sentence>
      <sentence id="d000.s3475" source="wordnet-danish">
         <wf lemma="Under" pos="X">Under</wf>
         <wf lemma="samværet" pos="X">samværet</wf>
         <wf lemma="i" pos="X">i</wf>
         <wf lemma="Paris" pos="X">Paris</wf>
         <wf lemma="opstår" pos="X">opstår</wf>
         <wf lemma="der" pos="X">der</wf>
         <wf lemma="et" pos="X">et</wf>
         <wf lemma="varmt" pos="X">varmt</wf>
         <wf lemma="forhold" pos="X">forhold</wf>
         <wf lemma="mellem" pos="X">mellem</wf>
         <instance id="d000.s3475.t000" lemma="søster" pos="NOUN">søstrene</instance>
         <wf lemma="," pos="X">,</wf>
         <wf lemma="der" pos="X">der</wf>
         <wf lemma="ligner" pos="X">ligner</wf>
         <wf lemma="hinanden" pos="X">hinanden</wf>
         <wf lemma="som" pos="X">som</wf>
         <wf lemma="to" pos="X">to</wf>
         <wf lemma="dråber" pos="X">dråber</wf>
         <wf lemma="vand" pos="X">vand</wf>
         <wf lemma="." pos="X">.</wf>
      </sentence>
      <sentence id="d000.s3476" source="wordnet-danish">
         <wf lemma="Inden" pos="X">Inden</wf>
         <wf lemma="en" pos="X">en</wf>
         <instance id="d000.s3476.t000" lemma="klump" pos="NOUN">klump</instance>
         <wf lemma="rav" pos="X">rav</wf>
         <wf lemma="kan" pos="X">kan</wf>
         <wf lemma="indfattes" pos="X">indfattes</wf>
         <wf lemma="i" pos="X">i</wf>
         <wf lemma="sølv" pos="X">sølv</wf>
         <wf lemma="," pos="X">,</wf>
         <wf lemma="skal" pos="X">skal</wf>
         <wf lemma="den" pos="X">den</wf>
         <wf lemma="vaskes" pos="X">vaskes</wf>
         <wf lemma="og" pos="X">og</wf>
         <wf lemma="slibes" pos="X">slibes</wf>
         <wf lemma="." pos="X">.</wf>
      </sentence>
      <sentence id="d000.s3477" source="wordnet-danish">
         <wf lemma="Hvis" pos="X">Hvis</wf>
         <wf lemma="De" pos="X">De</wf>
         <wf lemma="har" pos="X">har</wf>
         <wf lemma="vundet" pos="X">vundet</wf>
         <wf lemma="," pos="X">,</wf>
         <wf lemma="skal" pos="X">skal</wf>
         <wf lemma="De" pos="X">De</wf>
         <wf lemma="udfylde" pos="X">udfylde</wf>
         <wf lemma="kuponen" pos="X">kuponen</wf>
         <wf lemma="på" pos="X">på</wf>
         <wf lemma="side" pos="X">side</wf>
         <wf lemma="176" pos="X">176</wf>
         <wf lemma="og" pos="X">og</wf>
         <wf lemma="sende" pos="X">sende</wf>
         <wf lemma="den" pos="X">den</wf>
         <wf lemma="til" pos="X">til</wf>
         <wf lemma="Hjemmet" pos="X">Hjemmet</wf>
         <wf lemma="." pos="X">.</wf>
         <wf lemma="Husk" pos="X">Husk</wf>
         <wf lemma="også" pos="X">også</wf>
         <wf lemma="at" pos="X">at</wf>
         <wf lemma="løse" pos="X">løse</wf>
         <wf lemma="den" pos="X">den</wf>
         <wf lemma="lille" pos="X">lille</wf>
         <instance id="d000.s3477.t000" lemma="opgave" pos="NOUN">opgave</instance>
         <wf lemma="på" pos="X">på</wf>
         <wf lemma="kuponen" pos="X">kuponen</wf>
         <wf lemma="." pos="X">.</wf>
      </sentence>
      <sentence id="d000.s3478" source="wordnet-danish">
         <wf lemma="han" pos="X">han</wf>
         <wf lemma="[skulle]" pos="X">[skulle]</wf>
         <wf lemma="være" pos="X">være</wf>
         <wf lemma="en" pos="X">en</wf>
         <instance id="d000.s3478.t000" lemma="farlig" pos="ADJ">farlig</instance>
         <wf lemma="angriber" pos="X">angriber</wf>
         <wf lemma="med" pos="X">med</wf>
         <wf lemma="mål" pos="X">mål</wf>
         <wf lemma="i" pos="X">i</wf>
         <wf lemma="--" pos="X">--</wf>
         <wf lemma="noget" pos="X">noget</wf>
         <wf lemma="KIF" pos="X">KIF</wf>
         <wf lemma="lige" pos="X">lige</wf>
         <wf lemma="kan" pos="X">kan</wf>
         <wf lemma="bruge" pos="X">bruge</wf>
         <wf lemma="." pos="X">.</wf>
      </sentence>
      <sentence id="d000.s3479" source="wordnet-danish">
         <wf lemma="Kulturministeriet" pos="X">Kulturministeriet</wf>
         <wf lemma="har" pos="X">har</wf>
         <wf lemma="for" pos="X">for</wf>
         <wf lemma="nylig" pos="X">nylig</wf>
         <wf lemma="sendt" pos="X">sendt</wf>
         <wf lemma="Sky" pos="X">Sky</wf>
         <wf lemma="Radio" pos="X">Radio</wf>
         <wf lemma="en" pos="X">en</wf>
         <wf lemma="slags" pos="X">slags</wf>
         <instance id="d000.s3479.t000" lemma="guideline" pos="NOUN">guideline</instance>
         <wf lemma="for" pos="X">for</wf>
         <wf lemma="," pos="X">,</wf>
         <wf lemma="hvorledes" pos="X">hvorledes</wf>
         <wf lemma="public" pos="X">public</wf>
         <wf lemma="service" pos="X">service</wf>
         <wf lemma="virksomhed" pos="X">virksomhed</wf>
         <wf lemma="fortolkes" pos="X">fortolkes</wf>
         <wf lemma="i" pos="X">i</wf>
         <wf lemma="Danmark" pos="X">Danmark</wf>
         <wf lemma="." pos="X">.</wf>
      </sentence>
      <sentence id="d000.s3480" source="wordnet-danish">
         <wf lemma="Buret" pos="X">Buret</wf>
         <wf lemma="er" pos="X">er</wf>
         <wf lemma="aflåst" pos="X">aflåst</wf>
         <wf lemma="med" pos="X">med</wf>
         <wf lemma="en" pos="X">en</wf>
         <instance id="d000.s3480.t000" lemma="tyk" pos="ADJ">tyk</instance>
         <wf lemma="jernstang" pos="X">jernstang</wf>
         <wf lemma="." pos="X">.</wf>
      </sentence>
      <sentence id="d000.s3481" source="wordnet-danish">
         <wf lemma="En" pos="X">En</wf>
         <wf lemma="langvarig" pos="X">langvarig</wf>
         <wf lemma="konflikt" pos="X">konflikt</wf>
         <wf lemma="vil" pos="X">vil</wf>
         <wf lemma="kunne" pos="X">kunne</wf>
         <wf lemma="give" pos="X">give</wf>
         <wf lemma="et" pos="X">et</wf>
         <wf lemma="alvorligt" pos="X">alvorligt</wf>
         <wf lemma="skub" pos="X">skub</wf>
         <wf lemma="til" pos="X">til</wf>
         <instance id="d000.s3481.t000" lemma="recession" pos="NOUN">recessionen</instance>
         <wf lemma="og" pos="X">og</wf>
         <wf lemma="oliepriserne" pos="X">oliepriserne</wf>
         <wf lemma="." pos="X">.</wf>
      </sentence>
      <sentence id="d000.s3482" source="wordnet-danish">
         <wf lemma="Dønningerne" pos="X">Dønningerne</wf>
         <wf lemma="blev" pos="X">blev</wf>
         <wf lemma="stærkere" pos="X">stærkere</wf>
         <wf lemma="og" pos="X">og</wf>
         <wf lemma="kom" pos="X">kom</wf>
         <wf lemma="længere" pos="X">længere</wf>
         <wf lemma="og" pos="X">og</wf>
         <wf lemma="længere" pos="X">længere</wf>
         <wf lemma="op" pos="X">op</wf>
         <wf lemma="på" pos="X">på</wf>
         <instance id="d000.s3482.t000" lemma="strand" pos="NOUN">stranden</instance>
         <wf lemma="." pos="X">.</wf>
      </sentence>
      <sentence id="d000.s3483" source="wordnet-danish">
         <wf lemma="Birgitte" pos="X">Birgitte</wf>
         <wf lemma="havde" pos="X">havde</wf>
         <wf lemma="også" pos="X">også</wf>
         <wf lemma="fortalt" pos="X">fortalt</wf>
         <wf lemma="," pos="X">,</wf>
         <wf lemma="at" pos="X">at</wf>
         <wf lemma="hun" pos="X">hun</wf>
         <wf lemma="læste" pos="X">læste</wf>
         <instance id="d000.s3483.t000" lemma="økonomi" pos="NOUN">økonomi</instance>
         <wf lemma="om" pos="X">om</wf>
         <wf lemma="aftenen" pos="X">aftenen</wf>
         <wf lemma="." pos="X">.</wf>
      </sentence>
      <sentence id="d000.s3484" source="wordnet-danish">
         <wf lemma="han" pos="X">han</wf>
         <wf lemma="ville" pos="X">ville</wf>
         <wf lemma="lære" pos="X">lære</wf>
         <wf lemma="mere" pos="X">mere</wf>
         <wf lemma="gennem" pos="X">gennem</wf>
         <wf lemma="en" pos="X">en</wf>
         <wf lemma="måneds" pos="X">måneds</wf>
         <wf lemma="ophold" pos="X">ophold</wf>
         <wf lemma="i" pos="X">i</wf>
         <wf lemma="Afrika" pos="X">Afrika</wf>
         <wf lemma="end" pos="X">end</wf>
         <wf lemma="[ved]" pos="X">[ved]</wf>
         <wf lemma="en" pos="X">en</wf>
         <wf lemma="måneds" pos="X">måneds</wf>
         <wf lemma="skoleundervisning" pos="X">skoleundervisning</wf>
         <wf lemma="i" pos="X">i</wf>
         <instance id="d000.s3484.t000" lemma="geografi" pos="NOUN">geografi</instance>
         <wf lemma="." pos="X">.</wf>
      </sentence>
      <sentence id="d000.s3485" source="wordnet-danish">
         <wf lemma="Jeg" pos="X">Jeg</wf>
         <wf lemma="kan" pos="X">kan</wf>
         <wf lemma="varmt" pos="X">varmt</wf>
         <instance id="d000.s3485.t000" lemma="anbefale" pos="VERB">anbefale</instance>
         <wf lemma="denne" pos="X">denne</wf>
         <wf lemma="bog" pos="X">bog</wf>
         <wf lemma="til" pos="X">til</wf>
         <wf lemma="højtlæsning" pos="X">højtlæsning</wf>
         <wf lemma="for" pos="X">for</wf>
         <wf lemma="børnene" pos="X">børnene</wf>
         <wf lemma="." pos="X">.</wf>
      </sentence>
      <sentence id="d000.s3486" source="wordnet-danish">
         <wf lemma="trods" pos="X">trods</wf>
         <wf lemma="skrabede" pos="X">skrabede</wf>
         <instance id="d000.s3486.t000" lemma="bevilling" pos="NOUN">bevillinger</instance>
         <wf lemma="bugner" pos="X">bugner</wf>
         <wf lemma="de" pos="X">de</wf>
         <wf lemma="fleste" pos="X">fleste</wf>
         <wf lemma="større" pos="X">større</wf>
         <wf lemma="biblioteker" pos="X">biblioteker</wf>
         <wf lemma="af" pos="X">af</wf>
         <wf lemma="materialer" pos="X">materialer</wf>
         <wf lemma="til" pos="X">til</wf>
         <wf lemma="ordblinde" pos="X">ordblinde</wf>
         <wf lemma="." pos="X">.</wf>
      </sentence>
      <sentence id="d000.s3487" source="wordnet-danish">
         <wf lemma="Der" pos="X">Der</wf>
         <wf lemma="er" pos="X">er</wf>
         <wf lemma="så" pos="X">så</wf>
         <wf lemma="mange" pos="X">mange</wf>
         <wf lemma="biler" pos="X">biler</wf>
         <wf lemma="," pos="X">,</wf>
         <wf lemma="der" pos="X">der</wf>
         <wf lemma="skal" pos="X">skal</wf>
         <wf lemma="ned" pos="X">ned</wf>
         <wf lemma="på" pos="X">på</wf>
         <wf lemma="motorvejen" pos="X">motorvejen</wf>
         <wf lemma="," pos="X">,</wf>
         <wf lemma="at" pos="X">at</wf>
         <instance id="d000.s3487.t000" lemma="trafik" pos="NOUN">trafikken</instance>
         <wf lemma="faktisk" pos="X">faktisk</wf>
         <wf lemma="går" pos="X">går</wf>
         <wf lemma="helt" pos="X">helt</wf>
         <wf lemma="i" pos="X">i</wf>
         <wf lemma="stå" pos="X">stå</wf>
         <wf lemma="." pos="X">.</wf>
      </sentence>
      <sentence id="d000.s3488" source="wordnet-danish">
         <wf lemma="Bliver" pos="X">Bliver</wf>
         <wf lemma="din" pos="X">din</wf>
         <wf lemma="såkaldt" pos="X">såkaldt</wf>
         <wf lemma="barske" pos="X">barske</wf>
         <wf lemma="indkomstpolitik" pos="X">indkomstpolitik</wf>
         <instance id="d000.s3488.t000" lemma="appetitlig" pos="ADJ">appetitlig</instance>
         <wf lemma="for" pos="X">for</wf>
         <wf lemma="arbejdsmarkedets" pos="X">arbejdsmarkedets</wf>
         <wf lemma="parter" pos="X">parter</wf>
         <wf lemma=".." pos="X">..</wf>
         <wf lemma="hvis" pos="X">hvis</wf>
         <wf lemma="ikke" pos="X">ikke</wf>
         <wf lemma="de" pos="X">de</wf>
         <wf lemma="ved" pos="X">ved</wf>
         <wf lemma="," pos="X">,</wf>
         <wf lemma="hvad" pos="X">hvad</wf>
         <wf lemma="der" pos="X">der</wf>
         <wf lemma="vil" pos="X">vil</wf>
         <wf lemma="ske" pos="X">ske</wf>
         <wf lemma="på" pos="X">på</wf>
         <wf lemma="skatteområdet" pos="X">skatteområdet</wf>
         <wf lemma="?" pos="X">?</wf>
      </sentence>
      <sentence id="d000.s3489" source="wordnet-danish">
         <wf lemma="Barks" pos="X">Barks</wf>
         <wf lemma="har" pos="X">har</wf>
         <wf lemma="lovet" pos="X">lovet</wf>
         <wf lemma="dem" pos="X">dem</wf>
         <wf lemma="30" pos="X">30</wf>
         <wf lemma="procent" pos="X">procent</wf>
         <instance id="d000.s3489.t000" lemma="kommission" pos="NOUN">kommission</instance>
         <wf lemma="for" pos="X">for</wf>
         <wf lemma="salg" pos="X">salg</wf>
         <wf lemma="af" pos="X">af</wf>
         <wf lemma="kunst" pos="X">kunst</wf>
         <wf lemma="for" pos="X">for</wf>
         <wf lemma="126.000" pos="X">126.000</wf>
         <wf lemma="dollars" pos="X">dollars</wf>
         <wf lemma="." pos="X">.</wf>
      </sentence>
      <sentence id="d000.s3490" source="wordnet-danish">
         <wf lemma="Den" pos="X">Den</wf>
         <wf lemma="endegyldige" pos="X">endegyldige</wf>
         <wf lemma="positive" pos="X">positive</wf>
         <wf lemma="accept" pos="X">accept</wf>
         <wf lemma="af" pos="X">af</wf>
         <wf lemma="darwinismen" pos="X">darwinismen</wf>
         <wf lemma="og" pos="X">og</wf>
         <instance id="d000.s3490.t000" lemma="menneskedyr" pos="NOUN">menneskedyret</instance>
         <wf lemma=".." pos="X">..</wf>
         <wf lemma="var" pos="X">var</wf>
         <wf lemma="et" pos="X">et</wf>
         <wf lemma="vigtigt" pos="X">vigtigt</wf>
         <wf lemma="element" pos="X">element</wf>
         <wf lemma="i" pos="X">i</wf>
         <wf lemma="udviklingen" pos="X">udviklingen</wf>
         <wf lemma="af" pos="X">af</wf>
         <wf lemma="den" pos="X">den</wf>
         <wf lemma="moderne" pos="X">moderne</wf>
         <wf lemma="selvforståelse" pos="X">selvforståelse</wf>
         <wf lemma="." pos="X">.</wf>
      </sentence>
      <sentence id="d000.s3491" source="wordnet-danish">
         <wf lemma="hele" pos="X">hele</wf>
         <wf lemma="hans" pos="X">hans</wf>
         <wf lemma="ansigt" pos="X">ansigt</wf>
         <wf lemma="fortrak" pos="X">fortrak</wf>
         <wf lemma="sig" pos="X">sig</wf>
         <wf lemma="i" pos="X">i</wf>
         <wf lemma="rædsel" pos="X">rædsel</wf>
         <wf lemma="," pos="X">,</wf>
         <wf lemma="som" pos="X">som</wf>
         <wf lemma="om" pos="X">om</wf>
         <wf lemma="han" pos="X">han</wf>
         <wf lemma="havde" pos="X">havde</wf>
         <wf lemma="mødt" pos="X">mødt</wf>
         <wf lemma="et" pos="X">et</wf>
         <instance id="d000.s3491.t000" lemma="genfærd" pos="NOUN">genfærd</instance>
         <wf lemma="." pos="X">.</wf>
      </sentence>
      <sentence id="d000.s3492" source="wordnet-danish">
         <wf lemma="Døvnælde" pos="X">Døvnælde</wf>
         <wf lemma="har" pos="X">har</wf>
         <wf lemma="fået" pos="X">fået</wf>
         <wf lemma="sit" pos="X">sit</wf>
         <wf lemma="navn" pos="X">navn</wf>
         <wf lemma="," pos="X">,</wf>
         <wf lemma="fordi" pos="X">fordi</wf>
         <wf lemma="dens" pos="X">dens</wf>
         <wf lemma="blade" pos="X">blade</wf>
         <instance id="d000.s3492.t000" lemma="ligne" pos="VERB">ligner</instance>
         <wf lemma="brændenældens" pos="X">brændenældens</wf>
         <wf lemma="." pos="X">.</wf>
      </sentence>
      <sentence id="d000.s3493" source="wordnet-danish">
         <wf lemma="Hvis" pos="X">Hvis</wf>
         <wf lemma="vi" pos="X">vi</wf>
         <wf lemma="ikke" pos="X">ikke</wf>
         <wf lemma="får" pos="X">får</wf>
         <wf lemma="tilstrækkeligt" pos="X">tilstrækkeligt</wf>
         <wf lemma="med" pos="X">med</wf>
         <instance id="d000.s3493.t000" lemma="varme" pos="NOUN">varme</instance>
         <wf lemma="og" pos="X">og</wf>
         <wf lemma="kærlighed" pos="X">kærlighed</wf>
         <wf lemma="," pos="X">,</wf>
         <wf lemma="bliver" pos="X">bliver</wf>
         <wf lemma="vi" pos="X">vi</wf>
         <wf lemma="følelsesmæssigt" pos="X">følelsesmæssigt</wf>
         <wf lemma="underernærede" pos="X">underernærede</wf>
         <wf lemma="." pos="X">.</wf>
      </sentence>
      <sentence id="d000.s3494" source="wordnet-danish">
         <wf lemma="Lange" pos="X">Lange</wf>
         <wf lemma="alleer" pos="X">alleer</wf>
         <wf lemma="fører" pos="X">fører</wf>
         <wf lemma="mod" pos="X">mod</wf>
         <wf lemma="centrum" pos="X">centrum</wf>
         <wf lemma="--" pos="X">--</wf>
         <wf lemma="snorlige" pos="X">snorlige</wf>
         <wf lemma="som" pos="X">som</wf>
         <wf lemma="trukket" pos="X">trukket</wf>
         <wf lemma="efter" pos="X">efter</wf>
         <wf lemma="en" pos="X">en</wf>
         <instance id="d000.s3494.t000" lemma="lineal" pos="NOUN">lineal</instance>
         <wf lemma="." pos="X">.</wf>
      </sentence>
      <sentence id="d000.s3495" source="wordnet-danish">
         <wf lemma="Jeg" pos="X">Jeg</wf>
         <wf lemma="er" pos="X">er</wf>
         <wf lemma="15" pos="X">15</wf>
         <wf lemma="år" pos="X">år</wf>
         <wf lemma="," pos="X">,</wf>
         <instance id="d000.s3495.t000" lemma="veje" pos="VERB">vejer</instance>
         <wf lemma="65" pos="X">65</wf>
         <wf lemma="kg" pos="X">kg</wf>
         <wf lemma="og" pos="X">og</wf>
         <wf lemma="er" pos="X">er</wf>
         <wf lemma="175" pos="X">175</wf>
         <wf lemma="cm" pos="X">cm</wf>
         <wf lemma="høj" pos="X">høj</wf>
         <wf lemma="." pos="X">.</wf>
         <wf lemma="Er" pos="X">Er</wf>
         <wf lemma="jeg" pos="X">jeg</wf>
         <wf lemma="for" pos="X">for</wf>
         <wf lemma="fed" pos="X">fed</wf>
         <wf lemma="?" pos="X">?</wf>
      </sentence>
      <sentence id="d000.s3496" source="wordnet-danish">
         <wf lemma="De" pos="X">De</wf>
         <instance id="d000.s3496.t000" lemma="miljømæssig" pos="ADJ">miljømæssige</instance>
         <wf lemma="ulemper" pos="X">ulemper</wf>
         <wf lemma="forårsaget" pos="X">forårsaget</wf>
         <wf lemma="af" pos="X">af</wf>
         <wf lemma="landbrugsdrift" pos="X">landbrugsdrift</wf>
         <wf lemma="skal" pos="X">skal</wf>
         <wf lemma="begrænses" pos="X">begrænses</wf>
         <wf lemma="til" pos="X">til</wf>
         <wf lemma="det" pos="X">det</wf>
         <wf lemma="mindst" pos="X">mindst</wf>
         <wf lemma="mulige" pos="X">mulige</wf>
         <wf lemma="." pos="X">.</wf>
      </sentence>
      <sentence id="d000.s3497" source="wordnet-danish">
         <instance id="d000.s3497.t000" lemma="statistisk" pos="ADJ">statistisk</instance>
         <wf lemma="set" pos="X">set</wf>
         <wf lemma="rammes" pos="X">rammes</wf>
         <wf lemma="jorden" pos="X">jorden</wf>
         <wf lemma="af" pos="X">af</wf>
         <wf lemma="et" pos="X">et</wf>
         <wf lemma="himmellegeme" pos="X">himmellegeme</wf>
         <wf lemma="som" pos="X">som</wf>
         <wf lemma="Swift" pos="X">Swift</wf>
         <wf lemma="Turtle" pos="X">Turtle</wf>
         <wf lemma="kometen" pos="X">kometen</wf>
         <wf lemma="en" pos="X">en</wf>
         <wf lemma="gang" pos="X">gang</wf>
         <wf lemma="per" pos="X">per</wf>
         <wf lemma="en" pos="X">en</wf>
         <wf lemma="million" pos="X">million</wf>
         <wf lemma="år" pos="X">år</wf>
         <wf lemma="." pos="X">.</wf>
      </sentence>
      <sentence id="d000.s3498" source="wordnet-danish">
         <wf lemma="skolefolk" pos="X">skolefolk</wf>
         <instance id="d000.s3498.t000" lemma="klage" pos="VERB">klager</instance>
         <wf lemma="over" pos="X">over</wf>
         <wf lemma="børnenes" pos="X">børnenes</wf>
         <wf lemma="opdragelse" pos="X">opdragelse</wf>
         <wf lemma="hjemmefra" pos="X">hjemmefra</wf>
         <wf lemma="og" pos="X">og</wf>
         <wf lemma="giver" pos="X">giver</wf>
         <wf lemma="forældrene" pos="X">forældrene</wf>
         <wf lemma="skylden" pos="X">skylden</wf>
         <wf lemma="for" pos="X">for</wf>
         <wf lemma="skolens" pos="X">skolens</wf>
         <wf lemma="problemer" pos="X">problemer</wf>
         <wf lemma="." pos="X">.</wf>
      </sentence>
      <sentence id="d000.s3499" source="wordnet-danish">
         <wf lemma="De" pos="X">De</wf>
         <wf lemma="300" pos="X">300</wf>
         <wf lemma="eksemplarer" pos="X">eksemplarer</wf>
         <wf lemma="," pos="X">,</wf>
         <wf lemma="der" pos="X">der</wf>
         <wf lemma="sendes" pos="X">sendes</wf>
         <wf lemma="til" pos="X">til</wf>
         <wf lemma="Folketinget" pos="X">Folketinget</wf>
         <wf lemma="," pos="X">,</wf>
         <wf lemma="blev" pos="X">blev</wf>
         <instance id="d000.s3499.t000" lemma="fordele" pos="VERB">fordelt</instance>
         <wf lemma="til" pos="X">til</wf>
         <wf lemma="samtlige" pos="X">samtlige</wf>
         <wf lemma="medlemmer" pos="X">medlemmer</wf>
         <wf lemma="," pos="X">,</wf>
         <wf lemma="partigrupperne" pos="X">partigrupperne</wf>
         <wf lemma="og" pos="X">og</wf>
         <wf lemma="pressen" pos="X">pressen</wf>
         <wf lemma="." pos="X">.</wf>
      </sentence>
      <sentence id="d000.s3500" source="wordnet-danish">
         <instance id="d000.s3500.t000" lemma="domstol" pos="NOUN">Domstolene</instance>
         <wf lemma="udgør" pos="X">udgør</wf>
         <wf lemma="den" pos="X">den</wf>
         <wf lemma="dømmende" pos="X">dømmende</wf>
         <wf lemma="magt" pos="X">magt</wf>
         <wf lemma="herhjemme" pos="X">herhjemme</wf>
         <wf lemma="." pos="X">.</wf>
      </sentence>
      <sentence id="d000.s3501" source="wordnet-danish">
         <wf lemma="Selvom" pos="X">Selvom</wf>
         <wf lemma="Liselott" pos="X">Liselott</wf>
         <wf lemma="Nissen" pos="X">Nissen</wf>
         <wf lemma="er" pos="X">er</wf>
         <instance id="d000.s3501.t000" lemma="bedstemor" pos="NOUN">bedstemor</instance>
         <wf lemma="," pos="X">,</wf>
         <wf lemma="så" pos="X">så</wf>
         <wf lemma="er" pos="X">er</wf>
         <wf lemma="problemer" pos="X">problemer</wf>
         <wf lemma="med" pos="X">med</wf>
         <wf lemma="overgangsalder" pos="X">overgangsalder</wf>
         <wf lemma="ikke" pos="X">ikke</wf>
         <wf lemma="noget" pos="X">noget</wf>
         <wf lemma="," pos="X">,</wf>
         <wf lemma="hun" pos="X">hun</wf>
         <wf lemma="har" pos="X">har</wf>
         <wf lemma="mærket" pos="X">mærket</wf>
         <wf lemma="meget" pos="X">meget</wf>
         <wf lemma="til" pos="X">til</wf>
         <wf lemma="." pos="X">.</wf>
      </sentence>
   </text>
</corpus>
