<?xml version="1.0" encoding="iso-8859-1" ?>
<corpus lang="en">
<text id="d000">
<sentence id="d000.s000">
<wf lemma="you" pos="PRON">Your</wf>
<wf lemma="oct" pos="NOUN">Oct</wf>
<wf lemma="." pos=".">.</wf>
<wf lemma="6" pos="NUM">6</wf>
<instance id="d000.s000.t000" lemma="editorial" pos="NOUN">editorial</instance>
<wf lemma="``" pos=".">``</wf>
<wf lemma="the" pos="DET">The</wf>
<instance id="d000.s000.t001" lemma="ill" pos="ADJ">Ill</instance>
<instance id="d000.s000.t002" lemma="homeless" pos="NOUN">Homeless</instance>
<wf lemma="''" pos=".">''</wf>
<wf lemma="refer" pos="VERB">referred</wf>
<wf lemma="to" pos="PRT">to</wf>
<wf lemma="research" pos="NOUN">research</wf>
<wf lemma="by" pos="ADP">by</wf>
<wf lemma="we" pos="PRON">us</wf>
<wf lemma="and" pos="CONJ">and</wf>
<instance id="d000.s000.t005" lemma="six" pos="ADJ">six</instance>
<wf lemma="of" pos="ADP">of</wf>
<wf lemma="we" pos="PRON">our</wf>
<instance id="d000.s000.t006" lemma="colleague" pos="NOUN">colleagues</instance>
<wf lemma="that" pos="DET">that</wf>
<wf lemma="be" pos="VERB">was</wf>
<wf lemma="report" pos="VERB">reported</wf>
<wf lemma="in" pos="ADP">in</wf>
<wf lemma="the" pos="DET">the</wf>
<wf lemma="sept" pos="NOUN">Sept</wf>
<wf lemma="." pos=".">.</wf>
<wf lemma="8" pos="NUM">8</wf>
<instance id="d000.s000.t008" lemma="issue" pos="NOUN">issue</instance>
<wf lemma="of" pos="ADP">of</wf>
<wf lemma="the" pos="DET">the</wf>
<wf lemma="journal" pos="NOUN">Journal</wf>
<wf lemma="of" pos="ADP">of</wf>
<wf lemma="the" pos="DET">the</wf>
<wf lemma="american" pos="NOUN">American</wf>
<wf lemma="medical" pos="NOUN">Medical</wf>
<wf lemma="association" pos="NOUN">Association</wf>
<wf lemma="." pos=".">.</wf>
</sentence>
<sentence id="d000.s001">
<wf lemma="you" pos="PRON">Your</wf>
<wf lemma="comment" pos="NOUN">comments</wf>
<wf lemma="imply" pos="VERB">implied</wf>
<wf lemma="we" pos="PRON">we</wf>
<wf lemma="have" pos="VERB">had</wf>
<wf lemma="discover" pos="VERB">discovered</wf>
<wf lemma="that" pos="ADP">that</wf>
<wf lemma="the" pos="DET">the</wf>
<wf lemma="``" pos=".">``</wf>
<instance id="d000.s001.t003" lemma="principal" pos="ADJ">principal</instance>
<wf lemma="cause" pos="NOUN">cause</wf>
<wf lemma="''" pos=".">''</wf>
<wf lemma="of" pos="ADP">of</wf>
<instance id="d000.s001.t005" lemma="homelessness" pos="NOUN">homelessness</instance>
<instance id="d000.s001.t006" lemma="be" pos="VERB">is</instance>
<wf lemma="to" pos="PRT">to</wf>
<wf lemma="be" pos="VERB">be</wf>
<wf lemma="find" pos="VERB">found</wf>
<wf lemma="in" pos="ADP">in</wf>
<wf lemma="the" pos="DET">the</wf>
<instance id="d000.s001.t008" lemma="large" pos="ADJ">large</instance>
<instance id="d000.s001.t009" lemma="number" pos="NOUN">numbers</instance>
<wf lemma="of" pos="ADP">of</wf>
<instance id="d000.s001.t010" lemma="mentally" pos="ADV">mentally</instance>
<instance id="d000.s001.t011" lemma="ill" pos="ADJ">ill</instance>
<wf lemma="and" pos="CONJ">and</wf>
<wf lemma="substance-abusing" pos="ADJ">substance-abusing</wf>
<instance id="d000.s001.t012" lemma="people" pos="NOUN">people</instance>
<wf lemma="in" pos="ADP">in</wf>
<wf lemma="the" pos="DET">the</wf>
<instance id="d000.s001.t013" lemma="homeless" pos="ADJ">homeless</instance>
<instance id="d000.s001.t014" lemma="population" pos="NOUN">population</instance>
<wf lemma="." pos=".">.</wf>
</sentence>
<sentence id="d000.s002">
<wf lemma="we" pos="PRON">We</wf>
<wf lemma="have" pos="VERB">have</wf>
<wf lemma="make" pos="VERB">made</wf>
<wf lemma="no" pos="DET">no</wf>
<wf lemma="such" pos="ADJ">such</wf>
<wf lemma="statement" pos="NOUN">statement</wf>
<wf lemma="." pos=".">.</wf>
</sentence>
<sentence id="d000.s003">
<wf lemma="it" pos="PRON">It</wf>
<wf lemma="be" pos="VERB">is</wf>
<instance id="d000.s003.t000" lemma="clear" pos="ADJ">clear</instance>
<wf lemma="that" pos="ADP">that</wf>
<wf lemma="most" pos="ADV">most</wf>
<instance id="d000.s003.t001" lemma="mentally" pos="ADV">mentally</instance>
<instance id="d000.s003.t002" lemma="ill" pos="ADJ">ill</instance>
<instance id="d000.s003.t003" lemma="people" pos="NOUN">people</instance>
<wf lemma="and" pos="CONJ">and</wf>
<wf lemma="most" pos="ADJ">most</wf>
<instance id="d000.s003.t004" lemma="alcoholic" pos="NOUN">alcoholics</instance>
<wf lemma="do" pos="VERB">do</wf>
<wf lemma="not" pos="ADV">not</wf>
<wf lemma="become" pos="VERB">become</wf>
<instance id="d000.s003.t006" lemma="homeless" pos="ADJ">homeless</instance>
<wf lemma="." pos=".">.</wf>
</sentence>
<sentence id="d000.s004">
<wf lemma="the" pos="DET">The</wf>
<wf lemma="``" pos=".">``</wf>
<wf lemma="cause" pos="NOUN">causes</wf>
<wf lemma="''" pos=".">''</wf>
<wf lemma="of" pos="ADP">of</wf>
<instance id="d000.s004.t001" lemma="homelessness" pos="NOUN">homelessness</instance>
<wf lemma="be" pos="VERB">are</wf>
<instance id="d000.s004.t002" lemma="poorly" pos="ADV">poorly</instance>
<wf lemma="understand" pos="VERB">understood</wf>
<wf lemma="and" pos="CONJ">and</wf>
<instance id="d000.s004.t004" lemma="complex" pos="ADJ">complex</instance>
<wf lemma="in" pos="ADP">in</wf>
<wf lemma="any" pos="DET">any</wf>
<instance id="d000.s004.t005" lemma="individual" pos="ADJ">individual</instance>
<instance id="d000.s004.t006" lemma="case" pos="NOUN">case</instance>
<wf lemma="." pos=".">.</wf>
</sentence>
<sentence id="d000.s005">
<wf lemma="in" pos="ADP">In</wf>
<wf lemma="quote" pos="VERB">quoting</wf>
<wf lemma="from" pos="ADP">from</wf>
<wf lemma="we" pos="PRON">our</wf>
<instance id="d000.s005.t001" lemma="research" pos="NOUN">research</instance>
<wf lemma="you" pos="PRON">you</wf>
<wf lemma="emphasize" pos="VERB">emphasized</wf>
<wf lemma="the" pos="DET">the</wf>
<instance id="d000.s005.t003" lemma="high" pos="ADJ">high</instance>
<instance id="d000.s005.t004" lemma="prevalence" pos="NOUN">prevalence</instance>
<wf lemma="of" pos="ADP">of</wf>
<instance id="d000.s005.t005" lemma="mental" pos="ADJ">mental</instance>
<instance id="d000.s005.t006" lemma="illness" pos="NOUN">illness</instance>
<wf lemma="and" pos="CONJ">and</wf>
<instance id="d000.s005.t007" lemma="alcoholism" pos="NOUN">alcoholism</instance>
<wf lemma="." pos=".">.</wf>
</sentence>
<sentence id="d000.s006">
<wf lemma="you" pos="PRON">You</wf>
<wf lemma="do" pos="VERB">did</wf>
<wf lemma="not" pos="ADV">not</wf>
<wf lemma="note" pos="VERB">note</wf>
<wf lemma="that" pos="ADP">that</wf>
<wf lemma="the" pos="DET">the</wf>
<instance id="d000.s006.t001" lemma="homeless" pos="ADJ">homeless</instance>
<wf lemma="people" pos="NOUN">people</wf>
<wf lemma="we" pos="PRON">we</wf>
<wf lemma="examine" pos="VERB">examined</wf>
<wf lemma="have" pos="VERB">had</wf>
<wf lemma="a" pos="DET">a</wf>
<wf lemma="multitude" pos="NOUN">multitude</wf>
<wf lemma="of" pos="ADP">of</wf>
<instance id="d000.s006.t006" lemma="physical" pos="ADJ">physical</instance>
<instance id="d000.s006.t007" lemma="disorder" pos="NOUN">disorders</instance>
<wf lemma="in" pos="ADP">in</wf>
<wf lemma="addition" pos="NOUN">addition</wf>
<wf lemma="to" pos="PRT">to</wf>
<wf lemma="they" pos="PRON">their</wf>
<instance id="d000.s006.t008" lemma="psychiatric" pos="ADJ">psychiatric</instance>
<instance id="d000.s006.t009" lemma="problem" pos="NOUN">problems</instance>
<wf lemma="and" pos="CONJ">and</wf>
<instance id="d000.s006.t010" lemma="substance_abuse" pos="NOUN">substance abuse</instance>
<wf lemma="." pos=".">.</wf>
</sentence>
<sentence id="d000.s007">
<wf lemma="they" pos="PRON">They</wf>
<wf lemma="suffer" pos="VERB">suffered</wf>
<wf lemma="from" pos="ADP">from</wf>
<instance id="d000.s007.t001" lemma="malnutrition" pos="NOUN">malnutrition</instance>
<wf lemma="," pos=".">,</wf>
<instance id="d000.s007.t002" lemma="chest" pos="NOUN">chest</instance>
<instance id="d000.s007.t003" lemma="disease" pos="NOUN">diseases</instance>
<wf lemma="," pos=".">,</wf>
<instance id="d000.s007.t004" lemma="cardiovascular" pos="ADJ">cardiovascular</instance>
<instance id="d000.s007.t005" lemma="disorder" pos="NOUN">disorders</instance>
<wf lemma="," pos=".">,</wf>
<instance id="d000.s007.t006" lemma="skin" pos="NOUN">skin</instance>
<instance id="d000.s007.t007" lemma="problem" pos="NOUN">problems</instance>
<wf lemma="," pos=".">,</wf>
<instance id="d000.s007.t008" lemma="infectious" pos="ADJ">infectious</instance>
<instance id="d000.s007.t009" lemma="disease" pos="NOUN">diseases</instance>
<wf lemma="and" pos="CONJ">and</wf>
<wf lemma="the" pos="DET">the</wf>
<instance id="d000.s007.t010" lemma="aftereffect" pos="NOUN">aftereffects</instance>
<wf lemma="of" pos="ADP">of</wf>
<instance id="d000.s007.t011" lemma="assault" pos="NOUN">assaults</instance>
<wf lemma="and" pos="CONJ">and</wf>
<instance id="d000.s007.t012" lemma="rape" pos="NOUN">rape</instance>
<wf lemma="." pos=".">.</wf>
</sentence>
<sentence id="d000.s008">
<instance id="d000.s008.t000" lemma="homeless" pos="ADJ">Homeless</instance>
<wf lemma="people" pos="NOUN">people</wf>
<wf lemma="not" pos="ADV">not</wf>
<wf lemma="only" pos="ADV">only</wf>
<wf lemma="lack" pos="VERB">lack</wf>
<instance id="d000.s008.t003" lemma="safety" pos="NOUN">safety</instance>
<wf lemma="," pos=".">,</wf>
<instance id="d000.s008.t004" lemma="privacy" pos="NOUN">privacy</instance>
<wf lemma="and" pos="CONJ">and</wf>
<wf lemma="shelter" pos="NOUN">shelter</wf>
<wf lemma="," pos=".">,</wf>
<wf lemma="they" pos="PRON">they</wf>
<instance id="d000.s008.t006" lemma="also" pos="ADV">also</instance>
<wf lemma="lack" pos="VERB">lack</wf>
<wf lemma="the" pos="DET">the</wf>
<instance id="d000.s008.t008" lemma="elementary" pos="ADJ">elementary</instance>
<wf lemma="necessity" pos="NOUN">necessities</wf>
<wf lemma="of" pos="ADP">of</wf>
<instance id="d000.s008.t010" lemma="nutrition" pos="NOUN">nutrition</instance>
<wf lemma="," pos=".">,</wf>
<wf lemma="cleanliness" pos="NOUN">cleanliness</wf>
<wf lemma="and" pos="CONJ">and</wf>
<instance id="d000.s008.t011" lemma="basic" pos="ADJ">basic</instance>
<instance id="d000.s008.t012" lemma="health_care" pos="NOUN">health care</instance>
<wf lemma="." pos=".">.</wf>
</sentence>
<sentence id="d000.s009">
<wf lemma="in" pos="ADP">In</wf>
<wf lemma="a" pos="DET">a</wf>
<instance id="d000.s009.t000" lemma="recent" pos="ADJ">recent</instance>
<instance id="d000.s009.t001" lemma="report" pos="NOUN">report</instance>
<wf lemma="," pos=".">,</wf>
<wf lemma="the" pos="DET">the</wf>
<wf lemma="institute" pos="NOUN">Institute</wf>
<wf lemma="of" pos="ADP">of</wf>
<wf lemma="medicine" pos="NOUN">Medicine</wf>
<wf lemma="point_out" pos="VERB">pointed out</wf>
<wf lemma="that" pos="ADP">that</wf>
<instance id="d000.s009.t003" lemma="certain" pos="ADJ">certain</instance>
<instance id="d000.s009.t004" lemma="health" pos="NOUN">health</instance>
<wf lemma="problem" pos="NOUN">problems</wf>
<wf lemma="may" pos="VERB">may</wf>
<wf lemma="predispose" pos="VERB">predispose</wf>
<wf lemma="a" pos="DET">a</wf>
<wf lemma="person" pos="NOUN">person</wf>
<wf lemma="to" pos="PRT">to</wf>
<instance id="d000.s009.t008" lemma="homelessness" pos="NOUN">homelessness</instance>
<wf lemma="," pos=".">,</wf>
<wf lemma="others" pos="NOUN">others</wf>
<wf lemma="may" pos="VERB">may</wf>
<instance id="d000.s009.t009" lemma="be" pos="VERB">be</instance>
<wf lemma="a" pos="DET">a</wf>
<instance id="d000.s009.t010" lemma="consequence" pos="NOUN">consequence</instance>
<wf lemma="of" pos="ADP">of</wf>
<wf lemma="it" pos="PRON">it</wf>
<wf lemma="," pos=".">,</wf>
<wf lemma="and" pos="CONJ">and</wf>
<wf lemma="a" pos="DET">a</wf>
<instance id="d000.s009.t011" lemma="third" pos="ADJ">third</instance>
<wf lemma="category" pos="NOUN">category</wf>
<wf lemma="be" pos="VERB">is</wf>
<wf lemma="compose" pos="VERB">composed</wf>
<wf lemma="of" pos="ADP">of</wf>
<instance id="d000.s009.t014" lemma="disorder" pos="NOUN">disorders</instance>
<wf lemma="whose" pos="PRON">whose</wf>
<instance id="d000.s009.t015" lemma="treatment" pos="NOUN">treatment</instance>
<instance id="d000.s009.t016" lemma="be" pos="VERB">is</instance>
<instance id="d000.s009.t017" lemma="difficult" pos="ADJ">difficult</instance>
<wf lemma="or" pos="CONJ">or</wf>
<instance id="d000.s009.t018" lemma="impossible" pos="ADJ">impossible</instance>
<wf lemma="if" pos="ADP">if</wf>
<wf lemma="a" pos="DET">a</wf>
<instance id="d000.s009.t019" lemma="person" pos="NOUN">person</instance>
<wf lemma="lack" pos="VERB">lacks</wf>
<instance id="d000.s009.t021" lemma="adequate" pos="ADJ">adequate</instance>
<wf lemma="shelter" pos="NOUN">shelter</wf>
<wf lemma="." pos=".">.</wf>
</sentence>
<sentence id="d000.s010">
<wf lemma="the" pos="DET">The</wf>
<wf lemma="interaction" pos="NOUN">interactions</wf>
<wf lemma="between" pos="ADP">between</wf>
<instance id="d000.s010.t001" lemma="health" pos="NOUN">health</instance>
<wf lemma="and" pos="CONJ">and</wf>
<instance id="d000.s010.t002" lemma="homelessness" pos="NOUN">homelessness</instance>
<instance id="d000.s010.t003" lemma="be" pos="VERB">are</instance>
<instance id="d000.s010.t004" lemma="complex" pos="ADJ">complex</instance>
<wf lemma="," pos=".">,</wf>
<wf lemma="defy" pos="VERB">defying</wf>
<instance id="d000.s010.t006" lemma="sweeping" pos="ADJ">sweeping</instance>
<wf lemma="generalization" pos="NOUN">generalizations</wf>
<wf lemma="as" pos="ADP">as</wf>
<wf lemma="to" pos="PRT">to</wf>
<wf lemma="``" pos=".">``</wf>
<instance id="d000.s010.t008" lemma="cause" pos="NOUN">cause</instance>
<wf lemma="''" pos=".">''</wf>
<wf lemma="or" pos="CONJ">or</wf>
<wf lemma="``" pos=".">``</wf>
<instance id="d000.s010.t009" lemma="effect" pos="NOUN">effect</instance>
<wf lemma="." pos=".">.</wf>
<wf lemma="''" pos=".">''</wf>
</sentence>
<sentence id="d000.s011">
<wf lemma="if" pos="ADP">If</wf>
<wf lemma="we" pos="PRON">we</wf>
<wf lemma="look" pos="VERB">look</wf>
<wf lemma="to" pos="PRT">to</wf>
<wf lemma="the" pos="DET">the</wf>
<instance id="d000.s011.t001" lemma="future" pos="NOUN">future</instance>
<wf lemma="," pos=".">,</wf>
<wf lemma="prevent" pos="VERB">preventing</wf>
<instance id="d000.s011.t003" lemma="homelessness" pos="NOUN">homelessness</instance>
<instance id="d000.s011.t004" lemma="be" pos="VERB">is</instance>
<wf lemma="a" pos="DET">an</wf>
<instance id="d000.s011.t005" lemma="important" pos="ADJ">important</instance>
<instance id="d000.s011.t006" lemma="objective" pos="NOUN">objective</instance>
<wf lemma="." pos=".">.</wf>
</sentence>
<sentence id="d000.s012">
<wf lemma="this" pos="DET">This</wf>
<wf lemma="will" pos="VERB">will</wf>
<wf lemma="require" pos="VERB">require</wf>
<wf lemma="we" pos="PRON">us</wf>
<wf lemma="to" pos="PRT">to</wf>
<wf lemma="develop" pos="VERB">develop</wf>
<wf lemma="a" pos="DET">a</wf>
<wf lemma="much" pos="ADV">much</wf>
<wf lemma="more" pos="ADV">more</wf>
<instance id="d000.s012.t002" lemma="sophisticated" pos="ADJ">sophisticated</instance>
<wf lemma="understanding" pos="NOUN">understanding</wf>
<wf lemma="of" pos="ADP">of</wf>
<wf lemma="the" pos="DET">the</wf>
<instance id="d000.s012.t004" lemma="dynamic" pos="NOUN">dynamics</instance>
<wf lemma="of" pos="ADP">of</wf>
<instance id="d000.s012.t005" lemma="homelessness" pos="NOUN">homelessness</instance>
<wf lemma="than" pos="ADP">than</wf>
<wf lemma="we" pos="PRON">we</wf>
<instance id="d000.s012.t006" lemma="currently" pos="ADV">currently</instance>
<wf lemma="possess" pos="VERB">possess</wf>
<wf lemma="," pos=".">,</wf>
<wf lemma="a" pos="DET">an</wf>
<instance id="d000.s012.t008" lemma="understanding" pos="NOUN">understanding</instance>
<wf lemma="that" pos="DET">that</wf>
<wf lemma="can" pos="VERB">can</wf>
<wf lemma="be" pos="VERB">be</wf>
<wf lemma="develop" pos="VERB">developed</wf>
<instance id="d000.s012.t010" lemma="only" pos="ADV">only</instance>
<wf lemma="through" pos="ADP">through</wf>
<instance id="d000.s012.t011" lemma="careful" pos="ADJ">careful</instance>
<instance id="d000.s012.t012" lemma="study" pos="NOUN">study</instance>
<wf lemma="and" pos="CONJ">and</wf>
<instance id="d000.s012.t013" lemma="research" pos="NOUN">research</instance>
<wf lemma="." pos=".">.</wf>
</sentence>
<sentence id="d000.s013">
<wf lemma="william" pos="NOUN">William</wf>
<wf lemma="r" pos="NOUN">R</wf>
<wf lemma="." pos=".">.</wf>
<wf lemma="breakey" pos="NOUN">Breakey</wf>
<wf lemma="m" pos="NOUN">M</wf>
<wf lemma="." pos=".">.</wf>
<wf lemma="d" pos="NOUN">D</wf>
<wf lemma="." pos=".">.</wf>
<wf lemma="pamela" pos="NOUN">Pamela</wf>
<wf lemma="j" pos="NOUN">J</wf>
<wf lemma="." pos=".">.</wf>
<wf lemma="fischer" pos="NOUN">Fischer</wf>
<wf lemma="m" pos="NOUN">M</wf>
<wf lemma="." pos=".">.</wf>
<wf lemma="d" pos="NOUN">D</wf>
<wf lemma="." pos=".">.</wf>
<wf lemma="department" pos="NOUN">Department</wf>
<wf lemma="of" pos="ADP">of</wf>
<wf lemma="psychiatry" pos="NOUN">Psychiatry</wf>
<wf lemma="johns" pos="NOUN">Johns</wf>
<wf lemma="hopkins" pos="NOUN">Hopkins</wf>
<wf lemma="university" pos="NOUN">University</wf>
<wf lemma="school" pos="NOUN">School</wf>
<wf lemma="of" pos="ADP">of</wf>
<wf lemma="medicine" pos="NOUN">Medicine</wf>
<wf lemma="baltimore" pos="NOUN">Baltimore</wf>
</sentence>
<sentence id="d000.s014">
<wf lemma="a" pos="DET">A</wf>
<wf lemma="study" pos="NOUN">study</wf>
<wf lemma="by" pos="ADP">by</wf>
<wf lemma="tulane" pos="NOUN">Tulane</wf>
<wf lemma="prof" pos="NOUN">Prof</wf>
<wf lemma="." pos=".">.</wf>
<wf lemma="james" pos="NOUN">James</wf>
<wf lemma="wright" pos="NOUN">Wright</wf>
<wf lemma="say" pos="VERB">says</wf>
<instance id="d000.s014.t002" lemma="homelessness" pos="NOUN">homelessness</instance>
<instance id="d000.s014.t003" lemma="be" pos="VERB">is</instance>
<wf lemma="due" pos="ADJ">due</wf>
<wf lemma="to" pos="PRT">to</wf>
<wf lemma="a" pos="DET">a</wf>
<instance id="d000.s014.t004" lemma="complex" pos="ADJ">complex</instance>
<instance id="d000.s014.t005" lemma="array" pos="NOUN">array</instance>
<wf lemma="of" pos="ADP">of</wf>
<instance id="d000.s014.t006" lemma="problem" pos="NOUN">problems</instance>
<wf lemma="," pos=".">,</wf>
<wf lemma="with" pos="ADP">with</wf>
<wf lemma="the" pos="DET">the</wf>
<instance id="d000.s014.t007" lemma="common" pos="ADJ">common</instance>
<instance id="d000.s014.t008" lemma="thread" pos="NOUN">thread</instance>
<wf lemma="of" pos="ADP">of</wf>
<instance id="d000.s014.t009" lemma="poverty" pos="NOUN">poverty</instance>
<wf lemma="." pos=".">.</wf>
</sentence>
<sentence id="d000.s015">
<wf lemma="the" pos="DET">The</wf>
<wf lemma="study" pos="NOUN">study</wf>
<wf lemma="show" pos="VERB">shows</wf>
<wf lemma="that" pos="ADP">that</wf>
<instance id="d000.s015.t002" lemma="nearly" pos="ADV">nearly</instance>
<wf lemma="40" pos="NUM">40</wf>
<wf lemma="%" pos=".">%</wf>
<wf lemma="of" pos="ADP">of</wf>
<wf lemma="the" pos="DET">the</wf>
<instance id="d000.s015.t003" lemma="homeless" pos="ADJ">homeless</instance>
<instance id="d000.s015.t004" lemma="population" pos="NOUN">population</instance>
<wf lemma="be" pos="VERB">is</wf>
<wf lemma="make_up" pos="VERB">made up</wf>
<wf lemma="of" pos="ADP">of</wf>
<instance id="d000.s015.t006" lemma="woman" pos="NOUN">women</instance>
<wf lemma="and" pos="CONJ">and</wf>
<instance id="d000.s015.t007" lemma="child" pos="NOUN">children</instance>
<wf lemma="and" pos="CONJ">and</wf>
<wf lemma="that" pos="ADP">that</wf>
<instance id="d000.s015.t008" lemma="only" pos="ADV">only</instance>
<wf lemma="25" pos="NUM">25</wf>
<wf lemma="%" pos=".">%</wf>
<wf lemma="of" pos="ADP">of</wf>
<wf lemma="the" pos="DET">the</wf>
<instance id="d000.s015.t009" lemma="homeless" pos="NOUN">homeless</instance>
<wf lemma="exhibit" pos="VERB">exhibits</wf>
<wf lemma="some" pos="DET">some</wf>
<wf lemma="combination" pos="NOUN">combination</wf>
<wf lemma="of" pos="ADP">of</wf>
<instance id="d000.s015.t012" lemma="drug" pos="NOUN">drug</instance>
<wf lemma="," pos=".">,</wf>
<instance id="d000.s015.t013" lemma="alcohol" pos="NOUN">alcohol</instance>
<wf lemma="and" pos="CONJ">and</wf>
<instance id="d000.s015.t014" lemma="mental" pos="ADJ">mental</instance>
<instance id="d000.s015.t015" lemma="problem" pos="NOUN">problems</instance>
<wf lemma="." pos=".">.</wf>
</sentence>
<sentence id="d000.s016">
<instance id="d000.s016.t000" lemma="according" pos="ADJ">According</instance>
<wf lemma="to" pos="PRT">to</wf>
<wf lemma="dr" pos="NOUN">Dr</wf>
<wf lemma="." pos=".">.</wf>
<wf lemma="wright" pos="NOUN">Wright</wf>
<wf lemma="," pos=".">,</wf>
<instance id="d000.s016.t001" lemma="homelessness" pos="NOUN">homelessness</instance>
<instance id="d000.s016.t002" lemma="be" pos="VERB">is</instance>
<wf lemma="``" pos=".">``</wf>
<instance id="d000.s016.t003" lemma="simultaneously" pos="ADV">simultaneously</instance>
<wf lemma="a" pos="DET">a</wf>
<instance id="d000.s016.t004" lemma="housing" pos="NOUN">housing</instance>
<wf lemma="problem" pos="NOUN">problem</wf>
<wf lemma="," pos=".">,</wf>
<wf lemma="a" pos="DET">an</wf>
<instance id="d000.s016.t006" lemma="employment" pos="NOUN">employment</instance>
<instance id="d000.s016.t007" lemma="problem" pos="NOUN">problem</instance>
<wf lemma="," pos=".">,</wf>
<wf lemma="a" pos="DET">a</wf>
<instance id="d000.s016.t008" lemma="demographic" pos="ADJ">demographic</instance>
<instance id="d000.s016.t009" lemma="problem" pos="NOUN">problem</instance>
<wf lemma="," pos=".">,</wf>
<wf lemma="a" pos="DET">a</wf>
<instance id="d000.s016.t010" lemma="problem" pos="NOUN">problem</instance>
<wf lemma="of" pos="ADP">of</wf>
<instance id="d000.s016.t011" lemma="social" pos="ADJ">social</instance>
<wf lemma="disaffiliation" pos="NOUN">disaffiliation</wf>
<wf lemma="," pos=".">,</wf>
<wf lemma="a" pos="DET">a</wf>
<instance id="d000.s016.t012" lemma="mental" pos="ADJ">mental</instance>
<instance id="d000.s016.t013" lemma="health" pos="NOUN">health</instance>
<instance id="d000.s016.t014" lemma="problem" pos="NOUN">problem</instance>
<wf lemma="," pos=".">,</wf>
<wf lemma="a" pos="DET">a</wf>
<instance id="d000.s016.t015" lemma="family" pos="NOUN">family</instance>
<instance id="d000.s016.t016" lemma="violence" pos="NOUN">violence</instance>
<instance id="d000.s016.t017" lemma="problem" pos="NOUN">problem</instance>
<wf lemma="," pos=".">,</wf>
<wf lemma="a" pos="DET">a</wf>
<instance id="d000.s016.t018" lemma="problem" pos="NOUN">problem</instance>
<wf lemma="create" pos="VERB">created</wf>
<wf lemma="by" pos="ADP">by</wf>
<wf lemma="the" pos="DET">the</wf>
<instance id="d000.s016.t020" lemma="cutback" pos="NOUN">cutbacks</instance>
<wf lemma="in" pos="ADP">in</wf>
<instance id="d000.s016.t021" lemma="social" pos="ADJ">social</instance>
<instance id="d000.s016.t022" lemma="welfare" pos="NOUN">welfare</instance>
<instance id="d000.s016.t023" lemma="spending" pos="NOUN">spending</instance>
<wf lemma="," pos=".">,</wf>
<wf lemma="a" pos="DET">a</wf>
<instance id="d000.s016.t024" lemma="problem" pos="NOUN">problem</instance>
<wf lemma="result" pos="VERB">resulting</wf>
<wf lemma="from" pos="ADP">from</wf>
<wf lemma="the" pos="DET">the</wf>
<instance id="d000.s016.t026" lemma="decay" pos="NOUN">decay</instance>
<wf lemma="of" pos="ADP">of</wf>
<wf lemma="the" pos="DET">the</wf>
<instance id="d000.s016.t027" lemma="traditional" pos="ADJ">traditional</instance>
<instance id="d000.s016.t028" lemma="nuclear_family" pos="NOUN">nuclear family</instance>
<wf lemma="," pos=".">,</wf>
<wf lemma="and" pos="CONJ">and</wf>
<wf lemma="a" pos="DET">a</wf>
<instance id="d000.s016.t029" lemma="problem" pos="NOUN">problem</instance>
<instance id="d000.s016.t030" lemma="intimately" pos="ADV">intimately</instance>
<wf lemma="connected" pos="ADJ">connected</wf>
<wf lemma="to" pos="PRT">to</wf>
<wf lemma="the" pos="DET">the</wf>
<instance id="d000.s016.t032" lemma="recent" pos="ADJ">recent</instance>
<instance id="d000.s016.t033" lemma="increase" pos="NOUN">increase</instance>
<wf lemma="in" pos="ADP">in</wf>
<wf lemma="the" pos="DET">the</wf>
<instance id="d000.s016.t034" lemma="number" pos="NOUN">number</instance>
<wf lemma="of" pos="ADP">of</wf>
<wf lemma="person" pos="NOUN">persons</wf>
<wf lemma="live" pos="VERB">living</wf>
<wf lemma="below" pos="ADP">below</wf>
<wf lemma="the" pos="DET">the</wf>
<instance id="d000.s016.t037" lemma="poverty" pos="NOUN">poverty</instance>
<instance id="d000.s016.t038" lemma="level" pos="NOUN">level</instance>
<wf lemma="." pos=".">.</wf>
<wf lemma="''" pos=".">''</wf>
</sentence>
<sentence id="d000.s017">
<wf lemma="leighton" pos="NOUN">Leighton</wf>
<wf lemma="e" pos="NOUN">E</wf>
<wf lemma="." pos=".">.</wf>
<wf lemma="cluff" pos="NOUN">Cluff</wf>
<wf lemma="m" pos="NOUN">M</wf>
<wf lemma="." pos=".">.</wf>
<wf lemma="d" pos="NOUN">D</wf>
<wf lemma="." pos=".">.</wf>
<wf lemma="president" pos="NOUN">President</wf>
<wf lemma="robert" pos="NOUN">Robert</wf>
<wf lemma="wood" pos="NOUN">Wood</wf>
<wf lemma="johnson" pos="NOUN">Johnson</wf>
<wf lemma="foundation" pos="NOUN">Foundation</wf>
<wf lemma="princeton" pos="NOUN">Princeton</wf>
<wf lemma="," pos=".">,</wf>
<wf lemma="n" pos="NOUN">N</wf>
<wf lemma="." pos=".">.</wf>
<wf lemma="j" pos="NOUN">J</wf>
<wf lemma="." pos=".">.</wf>
</sentence>
<sentence id="d000.s018">
<wf lemma="to" pos="PRT">To</wf>
<wf lemma="quote" pos="VERB">quote</wf>
<wf lemma="the" pos="DET">the</wf>
<instance id="d000.s018.t001" lemma="highly" pos="ADV">highly</instance>
<instance id="d000.s018.t002" lemma="regard" pos="VERB">regarded</instance>
<wf lemma="director" pos="NOUN">director</wf>
<wf lemma="of" pos="ADP">of</wf>
<wf lemma="a" pos="DET">a</wf>
<instance id="d000.s018.t004" lemma="privately" pos="ADV">privately</instance>
<instance id="d000.s018.t005" lemma="funded" pos="ADJ">funded</instance>
<wf lemma="drop-in" pos="ADJ">drop-in</wf>
<wf lemma="center" pos="NOUN">center</wf>
<wf lemma="for" pos="ADP">for</wf>
<wf lemma="the" pos="DET">the</wf>
<instance id="d000.s018.t007" lemma="homeless" pos="NOUN">homeless</instance>
<wf lemma="in" pos="ADP">in</wf>
<wf lemma="new" pos="NOUN">New</wf>
<wf lemma="york" pos="NOUN">York</wf>
<wf lemma=":" pos=".">:</wf>
<wf lemma="``" pos=".">``</wf>
<wf lemma="if" pos="ADP">If</wf>
<wf lemma="you" pos="PRON">you</wf>
<wf lemma="be" pos="VERB">'re</wf>
<instance id="d000.s018.t008" lemma="homeless" pos="ADJ">homeless</instance>
<wf lemma="," pos=".">,</wf>
<wf lemma="you" pos="PRON">you</wf>
<wf lemma="do" pos="VERB">do</wf>
<wf lemma="n't" pos="ADV">n't</wf>
<wf lemma="sleep" pos="VERB">sleep</wf>
<wf lemma="for" pos="ADP">for</wf>
<instance id="d000.s018.t010" lemma="fear" pos="NOUN">fear</instance>
<wf lemma="of" pos="ADP">of</wf>
<wf lemma="be" pos="VERB">being</wf>
<wf lemma="rob" pos="VERB">robbed</wf>
<wf lemma="or" pos="CONJ">or</wf>
<instance id="d000.s018.t012" lemma="murder" pos="VERB">murdered</instance>
<wf lemma="." pos=".">.</wf>
</sentence>
<sentence id="d000.s019">
<wf lemma="after" pos="ADP">After</wf>
<wf lemma="you" pos="PRON">your</wf>
<instance id="d000.s019.t000" lemma="first" pos="ADJ">first</instance>
<instance id="d000.s019.t001" lemma="three" pos="ADJ">three</instance>
<instance id="d000.s019.t002" lemma="week" pos="NOUN">weeks</instance>
<wf lemma="of" pos="ADP">of</wf>
<instance id="d000.s019.t003" lemma="sleep" pos="NOUN">sleep</instance>
<instance id="d000.s019.t004" lemma="deprivation" pos="NOUN">deprivation</instance>
<wf lemma="," pos=".">,</wf>
<wf lemma="you" pos="PRON">you</wf>
<wf lemma="be" pos="VERB">'re</wf>
<instance id="d000.s019.t005" lemma="scarcely" pos="ADV">scarcely</instance>
<wf lemma="in" pos="ADP">in</wf>
<wf lemma="touch" pos="NOUN">touch</wf>
<wf lemma="with" pos="ADP">with</wf>
<instance id="d000.s019.t006" lemma="reality" pos="NOUN">reality</instance>
<wf lemma="any" pos="DET">any</wf>
<wf lemma="more" pos="ADJ">more</wf>
<wf lemma=";" pos=".">;</wf>
<wf lemma="without" pos="ADP">without</wf>
<instance id="d000.s019.t007" lemma="psychiatric" pos="ADJ">psychiatric</instance>
<instance id="d000.s019.t008" lemma="treatment" pos="NOUN">treatment</instance>
<wf lemma="," pos=".">,</wf>
<wf lemma="you" pos="PRON">you</wf>
<wf lemma="may" pos="VERB">may</wf>
<instance id="d000.s019.t009" lemma="well" pos="ADV">well</instance>
<instance id="d000.s019.t010" lemma="be" pos="VERB">be</instance>
<instance id="d000.s019.t011" lemma="unable" pos="ADJ">unable</instance>
<wf lemma="to" pos="PRT">to</wf>
<wf lemma="fend" pos="VERB">fend</wf>
<wf lemma="for" pos="ADP">for</wf>
<wf lemma="yourself" pos="PRON">yourself</wf>
<instance id="d000.s019.t013" lemma="ever" pos="ADV">ever</instance>
<instance id="d000.s019.t014" lemma="again" pos="ADV">again</instance>
<wf lemma="." pos=".">.</wf>
<wf lemma="''" pos=".">''</wf>
</sentence>
<sentence id="d000.s020">
<wf lemma="some" pos="DET">Some</wf>
<wf lemma="of" pos="ADP">of</wf>
<wf lemma="the" pos="DET">the</wf>
<instance id="d000.s020.t000" lemma="homeless" pos="NOUN">homeless</instance>
<wf lemma="," pos=".">,</wf>
<instance id="d000.s020.t001" lemma="obviously" pos="ADV">obviously</instance>
<wf lemma="," pos=".">,</wf>
<wf lemma="have" pos="VERB">had</wf>
<instance id="d000.s020.t003" lemma="pre-existing" pos="ADJ">pre-existing</instance>
<instance id="d000.s020.t004" lemma="mental" pos="ADJ">mental</instance>
<instance id="d000.s020.t005" lemma="illness" pos="NOUN">illness</instance>
<wf lemma="or" pos="CONJ">or</wf>
<wf lemma="addiction" pos="NOUN">addiction</wf>
<wf lemma="." pos=".">.</wf>
</sentence>
<sentence id="d000.s021">
<wf lemma="but" pos="CONJ">But</wf>
<wf lemma="many" pos="ADJ">many</wf>
<wf lemma="others" pos="NOUN">others</wf>
<wf lemma="have" pos="VERB">have</wf>
<wf lemma="fall" pos="VERB">fallen</wf>
<wf lemma="through" pos="ADP">through</wf>
<wf lemma="cracks" pos="NOUN">cracks</wf>
<wf lemma="in" pos="ADP">in</wf>
<wf lemma="the" pos="DET">the</wf>
<instance id="d000.s021.t001" lemma="economy" pos="NOUN">economy</instance>
<wf lemma="into" pos="ADP">into</wf>
<wf lemma="the" pos="DET">the</wf>
<instance id="d000.s021.t002" lemma="grim" pos="ADJ">grim</instance>
<wf lemma="," pos=".">,</wf>
<instance id="d000.s021.t003" lemma="brutal" pos="ADJ">brutal</instance>
<instance id="d000.s021.t004" lemma="world" pos="NOUN">world</instance>
<wf lemma="of" pos="ADP">of</wf>
<wf lemma="we" pos="PRON">our</wf>
<instance id="d000.s021.t005" lemma="city" pos="NOUN">city</instance>
<instance id="d000.s021.t006" lemma="street" pos="NOUN">streets</instance>
<wf lemma="." pos=".">.</wf>
</sentence>
<sentence id="d000.s022">
<instance id="d000.s022.t000" lemma="once" pos="ADV">Once</instance>
<instance id="d000.s022.t001" lemma="there" pos="ADV">there</instance>
<wf lemma="," pos=".">,</wf>
<wf lemma="what" pos="PRON">what</wf>
<instance id="d000.s022.t002" lemma="way" pos="NOUN">ways</instance>
<wf lemma="of" pos="ADP">of</wf>
<instance id="d000.s022.t003" lemma="escape" pos="NOUN">escape</instance>
<instance id="d000.s022.t004" lemma="be" pos="VERB">are</instance>
<instance id="d000.s022.t005" lemma="open" pos="ADJ">open</instance>
<wf lemma="to" pos="PRT">to</wf>
<wf lemma="they" pos="PRON">them</wf>
<wf lemma="other" pos="ADJ">other</wf>
<wf lemma="than" pos="ADP">than</wf>
<instance id="d000.s022.t006" lemma="drink" pos="NOUN">drink</instance>
<wf lemma="," pos=".">,</wf>
<instance id="d000.s022.t007" lemma="drug" pos="NOUN">drugs</instance>
<wf lemma="or" pos="CONJ">or</wf>
<instance id="d000.s022.t008" lemma="insanity" pos="NOUN">insanity</instance>
<wf lemma="?" pos=".">?</wf>
</sentence>
<sentence id="d000.s023">
<wf lemma="maxwell" pos="NOUN">Maxwell</wf>
<wf lemma="r" pos="NOUN">R</wf>
<wf lemma="." pos=".">.</wf>
<wf lemma="d" pos="NOUN">D</wf>
<wf lemma="." pos=".">.</wf>
<wf lemma="vos" pos="NOUN">Vos</wf>
<wf lemma="brooklyn" pos="NOUN">Brooklyn</wf>
<wf lemma="," pos=".">,</wf>
<wf lemma="n" pos="NOUN">N</wf>
<wf lemma="." pos=".">.</wf>
<wf lemma="y" pos="NOUN">Y</wf>
<wf lemma="." pos=".">.</wf>
</sentence>
<sentence id="d000.s024">
<wf lemma="you" pos="PRON">You</wf>
<wf lemma="dismiss" pos="VERB">dismiss</wf>
<wf lemma="as" pos="ADP">as</wf>
<wf lemma="``" pos=".">``</wf>
<instance id="d000.s024.t001" lemma="sentimental" pos="ADJ">sentimental</instance>
<wf lemma="''" pos=".">''</wf>
<wf lemma="the" pos="DET">the</wf>
<wf lemma="view" pos="NOUN">view</wf>
<wf lemma="that" pos="ADP">that</wf>
<wf lemma="the" pos="DET">the</wf>
<wf lemma="reduction" pos="NOUN">reduction</wf>
<wf lemma="of" pos="ADP">of</wf>
<instance id="d000.s024.t004" lemma="federal" pos="ADJ">federal</instance>
<wf lemma="housing-assistance" pos="ADJ">housing-assistance</wf>
<instance id="d000.s024.t005" lemma="program" pos="NOUN">programs</instance>
<wf lemma="by" pos="ADP">by</wf>
<wf lemma="77" pos="NUM">77</wf>
<wf lemma="%" pos=".">%</wf>
<wf lemma="might" pos="VERB">might</wf>
<wf lemma="have" pos="VERB">have</wf>
<wf lemma="play" pos="VERB">played</wf>
<wf lemma="a" pos="DET">a</wf>
<instance id="d000.s024.t007" lemma="significant" pos="ADJ">significant</instance>
<wf lemma="role" pos="NOUN">role</wf>
<wf lemma="in" pos="ADP">in</wf>
<wf lemma="the" pos="DET">the</wf>
<instance id="d000.s024.t009" lemma="increased" pos="ADJ">increased</instance>
<wf lemma="number" pos="NOUN">number</wf>
<wf lemma="of" pos="ADP">of</wf>
<instance id="d000.s024.t011" lemma="man" pos="NOUN">men</instance>
<wf lemma="and" pos="CONJ">and</wf>
<wf lemma="woman" pos="NOUN">women</wf>
<instance id="d000.s024.t013" lemma="sleep" pos="VERB">sleeping</instance>
<wf lemma="on" pos="ADP">on</wf>
<wf lemma="we" pos="PRON">our</wf>
<instance id="d000.s024.t014" lemma="city" pos="NOUN">city</instance>
<instance id="d000.s024.t015" lemma="street" pos="NOUN">streets</instance>
<wf lemma="during" pos="ADP">during</wf>
<wf lemma="the" pos="DET">the</wf>
<wf lemma="reagan-bush" pos="ADJ">Reagan-Bush</wf>
<instance id="d000.s024.t016" lemma="year" pos="NOUN">years</instance>
<wf lemma="." pos=".">.</wf>
</sentence>
<sentence id="d000.s025">
<wf lemma="there" pos="DET">There</wf>
<instance id="d000.s025.t000" lemma="be" pos="VERB">is</instance>
<wf lemma="no" pos="DET">no</wf>
<instance id="d000.s025.t001" lemma="sign" pos="NOUN">sign</instance>
<wf lemma="that" pos="ADP">that</wf>
<wf lemma="you" pos="PRON">you</wf>
<wf lemma="bother" pos="VERB">bothered</wf>
<wf lemma="to" pos="PRT">to</wf>
<wf lemma="consider" pos="VERB">consider</wf>
<wf lemma="the" pos="DET">the</wf>
<instance id="d000.s025.t004" lemma="inverse" pos="NOUN">inverse</instance>
<wf lemma="of" pos="ADP">of</wf>
<wf lemma="you" pos="PRON">your</wf>
<instance id="d000.s025.t005" lemma="logic" pos="NOUN">logic</instance>
<wf lemma=":" pos=".">:</wf>
<instance id="d000.s025.t006" lemma="namely" pos="ADV">namely</instance>
<wf lemma="," pos=".">,</wf>
<wf lemma="that" pos="ADP">that</wf>
<instance id="d000.s025.t007" lemma="mental" pos="ADJ">mental</instance>
<instance id="d000.s025.t008" lemma="illness" pos="NOUN">illness</instance>
<wf lemma="and" pos="CONJ">and</wf>
<instance id="d000.s025.t009" lemma="substance_abuse" pos="NOUN">substance abuse</instance>
<wf lemma="might" pos="VERB">might</wf>
<instance id="d000.s025.t010" lemma="be" pos="VERB">be</instance>
<wf lemma="to" pos="PRT">to</wf>
<wf lemma="some" pos="DET">some</wf>
<instance id="d000.s025.t011" lemma="degree" pos="NOUN">degree</instance>
<instance id="d000.s025.t012" lemma="consequence" pos="NOUN">consequences</instance>
<instance id="d000.s025.t013" lemma="rather" pos="ADV">rather</instance>
<wf lemma="than" pos="ADP">than</wf>
<instance id="d000.s025.t014" lemma="cause" pos="NOUN">causes</instance>
<wf lemma="of" pos="ADP">of</wf>
<instance id="d000.s025.t015" lemma="homelessness" pos="NOUN">homelessness</instance>
<wf lemma="." pos=".">.</wf>
</sentence>
<sentence id="d000.s026">
<wf lemma="you" pos="PRON">Your</wf>
<wf lemma="research" pos="NOUN">research</wf>
<wf lemma="stop" pos="VERB">stopped</wf>
<wf lemma="when" pos="ADV">when</wf>
<wf lemma="a" pos="DET">a</wf>
<instance id="d000.s026.t002" lemma="convenient" pos="ADJ">convenient</instance>
<wf lemma="assertion" pos="NOUN">assertion</wf>
<wf lemma="could" pos="VERB">could</wf>
<wf lemma="be" pos="VERB">be</wf>
<wf lemma="make" pos="VERB">made</wf>
<wf lemma="." pos=".">.</wf>
</sentence>
<sentence id="d000.s027">
<wf lemma="robert" pos="NOUN">Robert</wf>
<wf lemma="s" pos="NOUN">S</wf>
<wf lemma="." pos=".">.</wf>
<wf lemma="jenkins" pos="NOUN">Jenkins</wf>
<wf lemma="cambridge" pos="NOUN">Cambridge</wf>
<wf lemma="," pos=".">,</wf>
<wf lemma="mass" pos="NOUN">Mass</wf>
<wf lemma="." pos=".">.</wf>
</sentence>
<sentence id="d000.s028">
<wf lemma="of" pos="ADP">Of</wf>
<wf lemma="the" pos="DET">the</wf>
<instance id="d000.s028.t000" lemma="approximately" pos="ADV">approximately</instance>
<wf lemma="200" pos="NUM">200</wf>
<instance id="d000.s028.t001" lemma="sponsor" pos="NOUN">sponsors</instance>
<wf lemma="of" pos="ADP">of</wf>
<wf lemma="the" pos="DET">the</wf>
<instance id="d000.s028.t002" lemma="recent" pos="ADJ">recent</instance>
<wf lemma="march" pos="NOUN">march</wf>
<wf lemma="in" pos="ADP">in</wf>
<wf lemma="washington" pos="NOUN">Washington</wf>
<wf lemma="for" pos="ADP">for</wf>
<wf lemma="the" pos="DET">the</wf>
<instance id="d000.s028.t004" lemma="homeless" pos="NOUN">homeless</instance>
<wf lemma="," pos=".">,</wf>
<wf lemma="you" pos="PRON">you</wf>
<wf lemma="choose" pos="VERB">chose</wf>
<wf lemma="to" pos="PRT">to</wf>
<wf lemma="cite" pos="VERB">cite</wf>
<wf lemma="such" pos="ADJ">such</wf>
<wf lemma="group" pos="NOUN">groups</wf>
<wf lemma="as" pos="ADP">as</wf>
<wf lemma="the" pos="DET">the</wf>
<wf lemma="national" pos="NOUN">National</wf>
<wf lemma="association" pos="NOUN">Association</wf>
<wf lemma="of" pos="ADP">of</wf>
<wf lemma="home" pos="NOUN">Home</wf>
<wf lemma="builders" pos="NOUN">Builders</wf>
<wf lemma="and" pos="CONJ">and</wf>
<wf lemma="the" pos="DET">the</wf>
<wf lemma="international" pos="NOUN">International</wf>
<wf lemma="union" pos="NOUN">Union</wf>
<wf lemma="of" pos="ADP">of</wf>
<wf lemma="bricklayers" pos="NOUN">Bricklayers</wf>
<wf lemma="and" pos="CONJ">and</wf>
<wf lemma="allied" pos="NOUN">Allied</wf>
<wf lemma="craftsmen" pos="NOUN">Craftsmen</wf>
<wf lemma="," pos=".">,</wf>
<wf lemma="insinuate" pos="VERB">insinuating</wf>
<wf lemma="that" pos="ADP">that</wf>
<wf lemma="the" pos="DET">the</wf>
<instance id="d000.s028.t009" lemma="march" pos="NOUN">march</instance>
<wf lemma="get" pos="VERB">got</wf>
<wf lemma="its" pos="PRON">its</wf>
<instance id="d000.s028.t011" lemma="major" pos="ADJ">major</instance>
<wf lemma="support" pos="NOUN">support</wf>
<wf lemma="from" pos="ADP">from</wf>
<instance id="d000.s028.t013" lemma="self-serving" pos="ADJ">self-serving</instance>
<instance id="d000.s028.t014" lemma="group" pos="NOUN">groups</instance>
<wf lemma="that" pos="ADP">that</wf>
<wf lemma="``" pos=".">``</wf>
<wf lemma="know" pos="VERB">know</wf>
<wf lemma="a" pos="DET">a</wf>
<instance id="d000.s028.t016" lemma="good" pos="ADJ">good</instance>
<wf lemma="thing" pos="NOUN">thing</wf>
<wf lemma="when" pos="ADV">when</wf>
<wf lemma="they" pos="PRON">they</wf>
<wf lemma="see" pos="VERB">see</wf>
<wf lemma="it" pos="PRON">it</wf>
<wf lemma="," pos=".">,</wf>
<wf lemma="''" pos=".">''</wf>
<wf lemma="and" pos="CONJ">and</wf>
<wf lemma="that" pos="ADP">that</wf>
<wf lemma="the" pos="DET">the</wf>
<wf lemma="crusade" pos="NOUN">crusade</wf>
<wf lemma="be" pos="VERB">was</wf>
<wf lemma="base" pos="VERB">based</wf>
<wf lemma="on" pos="ADP">on</wf>
<instance id="d000.s028.t021" lemma="greed" pos="NOUN">greed</instance>
<wf lemma="or" pos="CONJ">or</wf>
<wf lemma="the" pos="DET">the</wf>
<instance id="d000.s028.t022" lemma="profit" pos="NOUN">profit</instance>
<instance id="d000.s028.t023" lemma="motive" pos="NOUN">motive</instance>
<wf lemma="." pos=".">.</wf>
</sentence>
<sentence id="d000.s029">
<wf lemma="but" pos="CONJ">But</wf>
<instance id="d000.s029.t000" lemma="be" pos="VERB">is</instance>
<wf lemma="n't" pos="ADV">n't</wf>
<wf lemma="the" pos="DET">the</wf>
<instance id="d000.s029.t001" lemma="desire" pos="NOUN">desire</instance>
<wf lemma="for" pos="ADP">for</wf>
<instance id="d000.s029.t002" lemma="profit" pos="NOUN">profit</instance>
<wf lemma="the" pos="DET">the</wf>
<instance id="d000.s029.t003" lemma="driving" pos="ADJ">driving</instance>
<wf lemma="force" pos="NOUN">force</wf>
<wf lemma="behind" pos="ADP">behind</wf>
<wf lemma="those" pos="DET">those</wf>
<wf lemma="who" pos="PRON">who</wf>
<wf lemma="subscribe" pos="VERB">subscribe</wf>
<wf lemma="to" pos="PRT">to</wf>
<wf lemma="," pos=".">,</wf>
<wf lemma="and" pos="CONJ">and</wf>
<wf lemma="advertise" pos="VERB">advertise</wf>
<wf lemma="in" pos="ADP">in</wf>
<wf lemma="," pos=".">,</wf>
<wf lemma="you" pos="PRON">your</wf>
<instance id="d000.s029.t007" lemma="paper" pos="NOUN">paper</instance>
<wf lemma="?" pos=".">?</wf>
</sentence>
<sentence id="d000.s030">
<wf lemma="why" pos="ADV">Why</wf>
<wf lemma="do" pos="VERB">did</wf>
<wf lemma="n't" pos="ADV">n't</wf>
<wf lemma="you" pos="PRON">you</wf>
<wf lemma="mention" pos="VERB">mention</wf>
<wf lemma="the" pos="DET">the</wf>
<wf lemma="ymca" pos="NOUN">YMCA</wf>
<wf lemma="or" pos="CONJ">or</wf>
<wf lemma="the" pos="DET">the</wf>
<wf lemma="ywca" pos="NOUN">YWCA</wf>
<wf lemma="or" pos="CONJ">or</wf>
<wf lemma="catholic" pos="NOUN">Catholic</wf>
<wf lemma="charities" pos="NOUN">Charities</wf>
<wf lemma="usa" pos="NOUN">USA</wf>
<wf lemma="or" pos="CONJ">or</wf>
<wf lemma="a" pos="DET">a</wf>
<wf lemma="hundred" pos="NUM">hundred</wf>
<instance id="d000.s030.t001" lemma="other" pos="ADJ">other</instance>
<instance id="d000.s030.t002" lemma="nonprofit" pos="ADJ">nonprofit</instance>
<wf lemma="organization" pos="NOUN">organizations</wf>
<wf lemma="that" pos="DET">that</wf>
<wf lemma="participate" pos="VERB">participated</wf>
<wf lemma="in" pos="ADP">in</wf>
<wf lemma="the" pos="DET">the</wf>
<instance id="d000.s030.t005" lemma="march" pos="NOUN">march</instance>
<wf lemma="?" pos=".">?</wf>
</sentence>
<sentence id="d000.s031">
<wf lemma="as" pos="ADP">As</wf>
<wf lemma="for" pos="ADP">for</wf>
<wf lemma="the" pos="DET">the</wf>
<instance id="d000.s031.t000" lemma="finding" pos="NOUN">findings</instance>
<wf lemma="on" pos="ADP">on</wf>
<wf lemma="the" pos="DET">the</wf>
<wf lemma="203" pos="NUM">203</wf>
<wf lemma="baltimore" pos="NOUN">Baltimore</wf>
<wf lemma="homeless" pos="NOUN">homeless</wf>
<wf lemma="who" pos="PRON">who</wf>
<wf lemma="undergo" pos="VERB">underwent</wf>
<instance id="d000.s031.t003" lemma="psychiatric" pos="ADJ">psychiatric</instance>
<wf lemma="examination" pos="NOUN">examinations</wf>
<wf lemma="," pos=".">,</wf>
<wf lemma="I" pos="PRON">I</wf>
<wf lemma="suggest" pos="VERB">suggest</wf>
<wf lemma="you" pos="PRON">you</wf>
<wf lemma="conduct" pos="VERB">conduct</wf>
<wf lemma="you" pos="PRON">your</wf>
<instance id="d000.s031.t007" lemma="own" pos="ADJ">own</instance>
<wf lemma="survey" pos="NOUN">survey</wf>
<wf lemma="." pos=".">.</wf>
</sentence>
<sentence id="d000.s032">
<wf lemma="choose" pos="VERB">Choose</wf>
<wf lemma="203" pos="NUM">203</wf>
<instance id="d000.s032.t001" lemma="business" pos="NOUN">business</instance>
<wf lemma="executive" pos="NOUN">executives</wf>
<wf lemma="," pos=".">,</wf>
<wf lemma="include" pos="VERB">including</wf>
<wf lemma="," pos=".">,</wf>
<instance id="d000.s032.t003" lemma="perhaps" pos="ADV">perhaps</instance>
<wf lemma="," pos=".">,</wf>
<wf lemma="someone" pos="NOUN">someone</wf>
<wf lemma="from" pos="ADP">from</wf>
<wf lemma="you" pos="PRON">your</wf>
<instance id="d000.s032.t004" lemma="own" pos="ADJ">own</instance>
<instance id="d000.s032.t005" lemma="staff" pos="NOUN">staff</instance>
<wf lemma="," pos=".">,</wf>
<wf lemma="and" pos="CONJ">and</wf>
<wf lemma="put" pos="VERB">put</wf>
<wf lemma="they" pos="PRON">them</wf>
<wf lemma="out" pos="PRT">out</wf>
<wf lemma="on" pos="ADP">on</wf>
<wf lemma="the" pos="DET">the</wf>
<instance id="d000.s032.t007" lemma="street" pos="NOUN">streets</instance>
<wf lemma="," pos=".">,</wf>
<wf lemma="to" pos="PRT">to</wf>
<wf lemma="be" pos="VERB">be</wf>
<wf lemma="deprive" pos="VERB">deprived</wf>
<wf lemma="for" pos="ADP">for</wf>
<instance id="d000.s032.t009" lemma="one" pos="ADJ">one</instance>
<instance id="d000.s032.t010" lemma="month" pos="NOUN">month</instance>
<wf lemma="of" pos="ADP">of</wf>
<wf lemma="they" pos="PRON">their</wf>
<instance id="d000.s032.t011" lemma="home" pos="NOUN">homes</instance>
<wf lemma="," pos=".">,</wf>
<instance id="d000.s032.t012" lemma="family" pos="NOUN">families</instance>
<wf lemma="and" pos="CONJ">and</wf>
<instance id="d000.s032.t013" lemma="income" pos="NOUN">income</instance>
<wf lemma="." pos=".">.</wf>
</sentence>
<sentence id="d000.s033">
<wf lemma="I" pos="PRON">I</wf>
<wf lemma="would" pos="VERB">would</wf>
<wf lemma="predict" pos="VERB">predict</wf>
<wf lemma="that" pos="ADP">that</wf>
<wf lemma="within" pos="ADP">within</wf>
<wf lemma="a" pos="DET">a</wf>
<instance id="d000.s033.t001" lemma="short" pos="ADJ">short</instance>
<instance id="d000.s033.t002" lemma="time" pos="NOUN">time</instance>
<wf lemma="most" pos="ADJ">most</wf>
<wf lemma="of" pos="ADP">of</wf>
<wf lemma="they" pos="PRON">them</wf>
<wf lemma="would" pos="VERB">would</wf>
<wf lemma="find" pos="VERB">find</wf>
<wf lemma="thunderbird" pos="NOUN">Thunderbird</wf>
<wf lemma="a" pos="DET">a</wf>
<instance id="d000.s033.t004" lemma="satisfactory" pos="ADJ">satisfactory</instance>
<instance id="d000.s033.t005" lemma="substitute" pos="NOUN">substitute</instance>
<wf lemma="for" pos="ADP">for</wf>
<wf lemma="chivas" pos="NOUN">Chivas</wf>
<wf lemma="regal" pos="NOUN">Regal</wf>
<wf lemma="and" pos="CONJ">and</wf>
<wf lemma="that" pos="ADP">that</wf>
<wf lemma="they" pos="PRON">their</wf>
<wf lemma="``" pos=".">``</wf>
<instance id="d000.s033.t006" lemma="normal" pos="ADJ">normal</instance>
<wf lemma="''" pos=".">''</wf>
<instance id="d000.s033.t007" lemma="phobia" pos="NOUN">phobias</instance>
<wf lemma="," pos=".">,</wf>
<instance id="d000.s033.t008" lemma="anxiety" pos="NOUN">anxieties</instance>
<wf lemma="," pos=".">,</wf>
<instance id="d000.s033.t009" lemma="depression" pos="NOUN">depressions</instance>
<wf lemma="and" pos="CONJ">and</wf>
<instance id="d000.s033.t010" lemma="substance_abuse" pos="NOUN">substance abuse</instance>
<wf lemma="would" pos="VERB">would</wf>
<wf lemma="increase" pos="VERB">increase</wf>
<instance id="d000.s033.t012" lemma="dramatically" pos="ADV">dramatically</instance>
<wf lemma="." pos=".">.</wf>
</sentence>
<sentence id="d000.s034">
<wf lemma="ruth" pos="NOUN">Ruth</wf>
<wf lemma="k" pos="NOUN">K</wf>
<wf lemma="." pos=".">.</wf>
<wf lemma="nelson" pos="NOUN">Nelson</wf>
<wf lemma="cullowhee" pos="NOUN">Cullowhee</wf>
<wf lemma="," pos=".">,</wf>
<wf lemma="n" pos="NOUN">N</wf>
<wf lemma="." pos=".">.</wf>
<wf lemma="c" pos="NOUN">C</wf>
<wf lemma="." pos=".">.</wf>
</sentence>
</text>
<text id="d001">
<sentence id="d001.s000">
<wf lemma="``" pos=".">``</wf>
<wf lemma="feeding" pos="NOUN">Feeding</wf>
<wf lemma="frenzy" pos="NOUN">Frenzy</wf>
<wf lemma="''" pos=".">''</wf>
<wf lemma="(" pos=".">(</wf>
<wf lemma="henry" pos="NOUN">Henry</wf>
<wf lemma="holt" pos="NOUN">Holt</wf>
<wf lemma="," pos=".">,</wf>
<wf lemma="326" pos="NUM">326</wf>
<instance id="d001.s000.t000" lemma="page" pos="NOUN">pages</instance>
<wf lemma="," pos=".">,</wf>
<wf lemma="$" pos=".">$</wf>
<wf lemma="19" pos="NUM">19</wf>
<wf lemma="." pos=".">.</wf>
<wf lemma="95" pos="NUM">95</wf>
<wf lemma=")" pos=".">)</wf>
<wf lemma="," pos=".">,</wf>
<wf lemma="a" pos="DET">a</wf>
<instance id="d001.s000.t001" lemma="highly" pos="ADV">highly</instance>
<instance id="d001.s000.t002" lemma="detailed" pos="ADJ">detailed</instance>
<wf lemma="account" pos="NOUN">account</wf>
<wf lemma="of" pos="ADP">of</wf>
<wf lemma="the" pos="DET">the</wf>
<wf lemma="wedtech" pos="NOUN">Wedtech</wf>
<instance id="d001.s000.t004" lemma="scandal" pos="NOUN">scandal</instance>
<wf lemma="," pos=".">,</wf>
<wf lemma="begin" pos="VERB">begins</wf>
<wf lemma="on" pos="ADP">on</wf>
<wf lemma="a" pos="DET">a</wf>
<instance id="d001.s000.t006" lemma="reassuring" pos="ADJ">reassuring</instance>
<instance id="d001.s000.t007" lemma="note" pos="NOUN">note</instance>
<wf lemma="." pos=".">.</wf>
</sentence>
<sentence id="d001.s001">
<instance id="d001.s001.t000" lemma="right" pos="ADV">Right</instance>
<wf lemma="up" pos="ADP">up</wf>
<wf lemma="front" pos="NOUN">front</wf>
<wf lemma="in" pos="ADP">in</wf>
<wf lemma="the" pos="DET">the</wf>
<instance id="d001.s001.t001" lemma="preface" pos="NOUN">preface</instance>
<wf lemma="," pos=".">,</wf>
<instance id="d001.s001.t002" lemma="coauthor" pos="NOUN">co-author</instance>
<wf lemma="william" pos="NOUN">William</wf>
<wf lemma="sternberg" pos="NOUN">Sternberg</wf>
<wf lemma="give" pos="VERB">gives</wf>
<wf lemma="we" pos="PRON">us</wf>
<wf lemma="a" pos="DET">an</wf>
<wf lemma="example" pos="NOUN">example</wf>
<wf lemma="of" pos="ADP">of</wf>
<wf lemma="he" pos="PRON">his</wf>
<instance id="d001.s001.t005" lemma="own" pos="ADJ">own</instance>
<instance id="d001.s001.t006" lemma="integrity" pos="NOUN">integrity</instance>
<wf lemma="." pos=".">.</wf>
</sentence>
<sentence id="d001.s002">
<wf lemma="when" pos="ADV">When</wf>
<wf lemma="offer" pos="VERB">offered</wf>
<wf lemma="a" pos="DET">a</wf>
<instance id="d001.s002.t001" lemma="free" pos="ADJ">free</instance>
<wf lemma="trip" pos="NOUN">trip</wf>
<wf lemma="from" pos="ADP">from</wf>
<wf lemma="the" pos="DET">the</wf>
<wf lemma="bronx" pos="NOUN">Bronx</wf>
<wf lemma="," pos=".">,</wf>
<wf lemma="wedtech" pos="NOUN">Wedtech</wf>
<wf lemma="'s" pos="PRT">'s</wf>
<instance id="d001.s002.t003" lemma="home" pos="NOUN">home</instance>
<wf lemma="," pos=".">,</wf>
<wf lemma="to" pos="PRT">to</wf>
<wf lemma="washington" pos="NOUN">Washington</wf>
<wf lemma="," pos=".">,</wf>
<wf lemma="d" pos="NOUN">D</wf>
<wf lemma="." pos=".">.</wf>
<wf lemma="c" pos="NOUN">C</wf>
<wf lemma="." pos=".">.</wf>
<wf lemma="," pos=".">,</wf>
<wf lemma="by" pos="ADP">by</wf>
<instance id="d001.s002.t004" lemma="one" pos="ADJ">one</instance>
<wf lemma="of" pos="ADP">of</wf>
<wf lemma="wedtech" pos="NOUN">Wedtech</wf>
<wf lemma="'s" pos="PRT">'s</wf>
<instance id="d001.s002.t005" lemma="principal" pos="NOUN">principals</instance>
<wf lemma="," pos=".">,</wf>
<wf lemma="he" pos="PRON">he</wf>
<wf lemma="tell" pos="VERB">tells</wf>
<wf lemma="the" pos="DET">the</wf>
<wf lemma="reader" pos="NOUN">reader</wf>
<wf lemma="," pos=".">,</wf>
<wf lemma="``" pos=".">``</wf>
<instance id="d001.s002.t008" lemma="mindful" pos="ADJ">mindful</instance>
<wf lemma="of" pos="ADP">of</wf>
<wf lemma="accept" pos="VERB">accepting</wf>
<wf lemma="anything" pos="NOUN">anything</wf>
<wf lemma="of" pos="ADP">of</wf>
<instance id="d001.s002.t010" lemma="value" pos="NOUN">value</instance>
<wf lemma="from" pos="ADP">from</wf>
<wf lemma="those" pos="DET">those</wf>
<wf lemma="I" pos="PRON">I</wf>
<wf lemma="be" pos="VERB">was</wf>
<wf lemma="write" pos="VERB">writing</wf>
<wf lemma="about" pos="ADP">about</wf>
<wf lemma="," pos=".">,</wf>
<wf lemma="I" pos="PRON">I</wf>
<wf lemma="decline" pos="VERB">declined</wf>
<wf lemma="." pos=".">.</wf>
<wf lemma="''" pos=".">''</wf>
</sentence>
<sentence id="d001.s003">
<wf lemma="any" pos="DET">Any</wf>
<wf lemma="question" pos="NOUN">question</wf>
<wf lemma="as" pos="ADP">as</wf>
<wf lemma="to" pos="PRT">to</wf>
<wf lemma="why" pos="ADV">why</wf>
<wf lemma="a" pos="DET">an</wf>
<wf lemma="author" pos="NOUN">author</wf>
<wf lemma="would" pos="VERB">would</wf>
<wf lemma="believe" pos="VERB">believe</wf>
<wf lemma="this" pos="DET">this</wf>
<wf lemma="plaintive" pos="ADJ">plaintive</wf>
<wf lemma="," pos=".">,</wf>
<instance id="d001.s003.t003" lemma="high-minded" pos="ADJ">high-minded</instance>
<instance id="d001.s003.t004" lemma="note" pos="NOUN">note</instance>
<wf lemma="of" pos="ADP">of</wf>
<instance id="d001.s003.t005" lemma="assurance" pos="NOUN">assurance</instance>
<instance id="d001.s003.t006" lemma="be" pos="VERB">is</instance>
<instance id="d001.s003.t007" lemma="necessary" pos="ADJ">necessary</instance>
<wf lemma="be" pos="VERB">is</wf>
<wf lemma="answer" pos="VERB">answered</wf>
<wf lemma="by" pos="ADP">by</wf>
<wf lemma="read" pos="VERB">reading</wf>
<wf lemma="this" pos="DET">this</wf>
<wf lemma="book" pos="NOUN">book</wf>
<wf lemma="about" pos="ADP">about</wf>
<wf lemma="sticky" pos="ADJ">sticky</wf>
<wf lemma="fingers" pos="NOUN">fingers</wf>
<wf lemma="and" pos="CONJ">and</wf>
<wf lemma="sweaty" pos="ADJ">sweaty</wf>
<instance id="d001.s003.t011" lemma="scammer" pos="NOUN">scammers</instance>
<wf lemma="." pos=".">.</wf>
</sentence>
<sentence id="d001.s004">
<instance id="d001.s004.t000" lemma="bribe" pos="NOUN">Bribe</instance>
<wf lemma="by" pos="ADP">by</wf>
<instance id="d001.s004.t001" lemma="bribe" pos="NOUN">bribe</instance>
<wf lemma="," pos=".">,</wf>
<wf lemma="mr" pos="NOUN">Mr</wf>
<wf lemma="." pos=".">.</wf>
<wf lemma="sternberg" pos="NOUN">Sternberg</wf>
<wf lemma="and" pos="CONJ">and</wf>
<wf lemma="he" pos="PRON">his</wf>
<instance id="d001.s004.t002" lemma="coauthor" pos="NOUN">co-author</instance>
<wf lemma="," pos=".">,</wf>
<wf lemma="matthew" pos="NOUN">Matthew</wf>
<wf lemma="c" pos="NOUN">C</wf>
<wf lemma="." pos=".">.</wf>
<wf lemma="harrison" pos="NOUN">Harrison</wf>
<wf lemma="jr" pos="NOUN">Jr</wf>
<wf lemma="." pos=".">.</wf>
<wf lemma="," pos=".">,</wf>
<wf lemma="lead" pos="VERB">lead</wf>
<wf lemma="we" pos="PRON">us</wf>
<wf lemma="along" pos="ADP">along</wf>
<wf lemma="the" pos="DET">the</wf>
<wf lemma="path" pos="NOUN">path</wf>
<wf lemma="wedtech" pos="NOUN">Wedtech</wf>
<wf lemma="travel" pos="VERB">traveled</wf>
<wf lemma="," pos=".">,</wf>
<wf lemma="from" pos="ADP">from</wf>
<wf lemma="its" pos="PRON">its</wf>
<instance id="d001.s004.t006" lemma="inception" pos="NOUN">inception</instance>
<wf lemma="as" pos="ADP">as</wf>
<wf lemma="a" pos="DET">a</wf>
<instance id="d001.s004.t007" lemma="small" pos="ADJ">small</instance>
<instance id="d001.s004.t008" lemma="manufacture" pos="VERB">manufacturing</instance>
<wf lemma="company" pos="NOUN">company</wf>
<wf lemma="to" pos="PRT">to</wf>
<wf lemma="the" pos="DET">the</wf>
<instance id="d001.s004.t010" lemma="status" pos="NOUN">status</instance>
<wf lemma="of" pos="ADP">of</wf>
<instance id="d001.s004.t011" lemma="full-fledged" pos="ADJ">full-fledged</instance>
<instance id="d001.s004.t012" lemma="defense" pos="NOUN">defense</instance>
<wf lemma="contractor" pos="NOUN">contractor</wf>
<wf lemma="," pos=".">,</wf>
<wf lemma="entrust" pos="VERB">entrusted</wf>
<wf lemma="with" pos="ADP">with</wf>
<wf lemma="the" pos="DET">the</wf>
<instance id="d001.s004.t015" lemma="task" pos="NOUN">task</instance>
<wf lemma="of" pos="ADP">of</wf>
<wf lemma="produce" pos="VERB">producing</wf>
<instance id="d001.s004.t017" lemma="vital" pos="ADJ">vital</instance>
<instance id="d001.s004.t018" lemma="equipment" pos="NOUN">equipment</instance>
<wf lemma="for" pos="ADP">for</wf>
<wf lemma="the" pos="DET">the</wf>
<wf lemma="army" pos="NOUN">Army</wf>
<wf lemma="and" pos="CONJ">and</wf>
<wf lemma="navy" pos="NOUN">Navy</wf>
<wf lemma="." pos=".">.</wf>
</sentence>
<sentence id="d001.s005">
<wf lemma="the" pos="DET">The</wf>
<wf lemma="book" pos="NOUN">book</wf>
<wf lemma="revolve" pos="VERB">revolves</wf>
<wf lemma="around" pos="ADP">around</wf>
<wf lemma="john" pos="NOUN">John</wf>
<wf lemma="mariotta" pos="NOUN">Mariotta</wf>
<wf lemma="," pos=".">,</wf>
<wf lemma="the" pos="DET">the</wf>
<instance id="d001.s005.t002" lemma="founder" pos="NOUN">founder</instance>
<wf lemma="of" pos="ADP">of</wf>
<wf lemma="the" pos="DET">the</wf>
<instance id="d001.s005.t003" lemma="company" pos="NOUN">company</instance>
<wf lemma="," pos=".">,</wf>
<wf lemma="and" pos="CONJ">and</wf>
<wf lemma="fred" pos="NOUN">Fred</wf>
<wf lemma="neuberger" pos="NOUN">Neuberger</wf>
<wf lemma="," pos=".">,</wf>
<wf lemma="who" pos="PRON">who</wf>
<wf lemma="become" pos="VERB">became</wf>
<wf lemma="he" pos="PRON">his</wf>
<wf lemma="partner" pos="NOUN">partner</wf>
<instance id="d001.s005.t006" lemma="soon" pos="ADV">soon</instance>
<wf lemma="after" pos="ADP">after</wf>
<wf lemma="wedtech" pos="NOUN">Wedtech</wf>
<wf lemma="'s" pos="PRT">'s</wf>
<instance id="d001.s005.t007" lemma="creation" pos="NOUN">creation</instance>
<wf lemma="." pos=".">.</wf>
</sentence>
<sentence id="d001.s006">
<wf lemma="although" pos="ADP">Although</wf>
<wf lemma="start" pos="VERB">started</wf>
<wf lemma="in" pos="ADP">in</wf>
<wf lemma="1965" pos="NUM">1965</wf>
<wf lemma="," pos=".">,</wf>
<wf lemma="wedtech" pos="NOUN">Wedtech</wf>
<wf lemma="do" pos="VERB">did</wf>
<wf lemma="n't" pos="ADV">n't</wf>
<instance id="d001.s006.t001" lemma="really" pos="ADV">really</instance>
<wf lemma="get_rolling" pos="VERB">get rolling</wf>
<wf lemma="until" pos="ADP">until</wf>
<wf lemma="1975" pos="NUM">1975</wf>
<wf lemma="," pos=".">,</wf>
<wf lemma="when" pos="ADV">when</wf>
<wf lemma="mr" pos="NOUN">Mr</wf>
<wf lemma="." pos=".">.</wf>
<wf lemma="neuberger" pos="NOUN">Neuberger</wf>
<wf lemma="discover" pos="VERB">discovered</wf>
<wf lemma="the" pos="DET">the</wf>
<instance id="d001.s006.t004" lemma="federal" pos="ADJ">federal</instance>
<instance id="d001.s006.t005" lemma="government" pos="NOUN">government</instance>
<wf lemma="'s" pos="PRT">'s</wf>
<instance id="d001.s006.t006" lemma="section" pos="NOUN">Section</instance>
<wf lemma="8" pos="NUM">8</wf>
<wf lemma="(" pos=".">(</wf>
<wf lemma="a" pos="NOUN">A</wf>
<wf lemma=")" pos=".">)</wf>
<instance id="d001.s006.t007" lemma="minority" pos="NOUN">minority</instance>
<instance id="d001.s006.t008" lemma="business" pos="NOUN">business</instance>
<wf lemma="program" pos="NOUN">program</wf>
<wf lemma="." pos=".">.</wf>
</sentence>
<sentence id="d001.s007">
<wf lemma="this" pos="DET">This</wf>
<instance id="d001.s007.t000" lemma="be" pos="VERB">is</instance>
<wf lemma="a" pos="DET">a</wf>
<wf lemma="johnson-" pos="ADJ">Johnson-</wf>
<instance id="d001.s007.t001" lemma="era" pos="NOUN">era</instance>
<wf lemma="," pos=".">,</wf>
<wf lemma="great" pos="NOUN">Great</wf>
<wf lemma="society" pos="NOUN">Society</wf>
<wf lemma="creation" pos="NOUN">creation</wf>
<wf lemma="that" pos="DET">that</wf>
<wf lemma="mandate" pos="VERB">mandates</wf>
<instance id="d001.s007.t004" lemma="certain" pos="ADJ">certain</instance>
<instance id="d001.s007.t005" lemma="government" pos="NOUN">government</instance>
<wf lemma="contract" pos="NOUN">contracts</wf>
<wf lemma="be" pos="VERB">be</wf>
<wf lemma="award" pos="VERB">awarded</wf>
<instance id="d001.s007.t008" lemma="noncompetitively" pos="ADV">noncompetitively</instance>
<wf lemma="to" pos="PRT">to</wf>
<instance id="d001.s007.t009" lemma="minority" pos="NOUN">minority</instance>
<instance id="d001.s007.t010" lemma="business" pos="NOUN">businesses</instance>
<wf lemma="." pos=".">.</wf>
</sentence>
<sentence id="d001.s008">
<wf lemma="mr" pos="NOUN">Mr</wf>
<wf lemma="." pos=".">.</wf>
<wf lemma="neuberger" pos="NOUN">Neuberger</wf>
<wf lemma="realize" pos="VERB">realized</wf>
<wf lemma="that" pos="ADP">that</wf>
<wf lemma="," pos=".">,</wf>
<wf lemma="although" pos="ADP">although</wf>
<wf lemma="of" pos="ADP">of</wf>
<instance id="d001.s008.t001" lemma="italian" pos="ADJ">Italian</instance>
<instance id="d001.s008.t002" lemma="ancestry" pos="NOUN">ancestry</instance>
<wf lemma="," pos=".">,</wf>
<wf lemma="mr" pos="NOUN">Mr</wf>
<wf lemma="." pos=".">.</wf>
<wf lemma="mariotta" pos="NOUN">Mariotta</wf>
<instance id="d001.s008.t003" lemma="still" pos="ADV">still</instance>
<wf lemma="could" pos="VERB">could</wf>
<wf lemma="qualify" pos="VERB">qualify</wf>
<wf lemma="as" pos="ADP">as</wf>
<wf lemma="a" pos="DET">a</wf>
<instance id="d001.s008.t005" lemma="minority" pos="NOUN">minority</instance>
<instance id="d001.s008.t006" lemma="person" pos="NOUN">person</instance>
<wf lemma="since" pos="ADP">since</wf>
<wf lemma="he" pos="PRON">he</wf>
<wf lemma="be" pos="VERB">was</wf>
<instance id="d001.s008.t007" lemma="bear" pos="VERB">born</instance>
<wf lemma="in" pos="ADP">in</wf>
<wf lemma="puerto" pos="NOUN">Puerto</wf>
<wf lemma="rico" pos="NOUN">Rico</wf>
<wf lemma="." pos=".">.</wf>
</sentence>
<sentence id="d001.s009">
<wf lemma="the" pos="DET">The</wf>
<instance id="d001.s009.t000" lemma="two" pos="ADJ">two</instance>
<wf lemma="partner" pos="NOUN">partners</wf>
<instance id="d001.s009.t002" lemma="merely" pos="ADV">merely</instance>
<wf lemma="have" pos="VERB">had</wf>
<wf lemma="to" pos="PRT">to</wf>
<wf lemma="falsify" pos="VERB">falsify</wf>
<wf lemma="the" pos="DET">the</wf>
<instance id="d001.s009.t004" lemma="true" pos="ADJ">true</instance>
<wf lemma="ownership" pos="NOUN">ownership</wf>
<wf lemma="of" pos="ADP">of</wf>
<wf lemma="the" pos="DET">the</wf>
<instance id="d001.s009.t006" lemma="corporation" pos="NOUN">corporation</instance>
<wf lemma="." pos=".">.</wf>
</sentence>
<sentence id="d001.s010">
<instance id="d001.s010.t000" lemma="instead" pos="ADV">Instead</instance>
<wf lemma="of" pos="ADP">of</wf>
<wf lemma="50/50" pos="NUM">50/50</wf>
<wf lemma="it" pos="PRON">it</wf>
<wf lemma="become" pos="VERB">became</wf>
<wf lemma="," pos=".">,</wf>
<wf lemma="on" pos="ADP">on</wf>
<instance id="d001.s010.t002" lemma="paper" pos="NOUN">paper</instance>
<instance id="d001.s010.t003" lemma="only" pos="ADV">only</instance>
<wf lemma="," pos=".">,</wf>
<wf lemma="two-thirds" pos="ADJ">two-thirds</wf>
<wf lemma="mariotta" pos="NOUN">Mariotta</wf>
<wf lemma="," pos=".">,</wf>
<wf lemma="one-third" pos="ADJ">one-third</wf>
<wf lemma="neuberger" pos="NOUN">Neuberger</wf>
<wf lemma="," pos=".">,</wf>
<wf lemma="and" pos="CONJ">and</wf>
<wf lemma="they" pos="PRON">they</wf>
<instance id="d001.s010.t004" lemma="be" pos="VERB">were</instance>
<wf lemma="in" pos="ADP">in</wf>
<wf lemma="the" pos="DET">the</wf>
<instance id="d001.s010.t005" lemma="program" pos="NOUN">program</instance>
<wf lemma="and" pos="CONJ">and</wf>
<wf lemma="off" pos="ADP">off</wf>
<wf lemma="to" pos="PRT">to</wf>
<wf lemma="the" pos="DET">the</wf>
<wf lemma="races" pos="NOUN">races</wf>
<wf lemma="." pos=".">.</wf>
</sentence>
<sentence id="d001.s011">
<instance id="d001.s011.t000" lemma="besides" pos="ADV">Besides</instance>
<instance id="d001.s011.t001" lemma="be" pos="VERB">being</instance>
<wf lemma="a" pos="DET">a</wf>
<wf lemma="``" pos=".">``</wf>
<wf lemma="minority-owned" pos="ADJ">minority-owned</wf>
<instance id="d001.s011.t002" lemma="company" pos="NOUN">company</instance>
<wf lemma="''" pos=".">''</wf>
<wf lemma="wedtech" pos="NOUN">Wedtech</wf>
<wf lemma="be" pos="VERB">was</wf>
<wf lemma="locate" pos="VERB">located</wf>
<wf lemma="in" pos="ADP">in</wf>
<wf lemma="the" pos="DET">the</wf>
<wf lemma="south" pos="NOUN">South</wf>
<wf lemma="bronx" pos="NOUN">Bronx</wf>
<wf lemma="," pos=".">,</wf>
<wf lemma="a" pos="DET">a</wf>
<instance id="d001.s011.t004" lemma="blighted" pos="ADJ">blighted</instance>
<wf lemma="area" pos="NOUN">area</wf>
<wf lemma="," pos=".">,</wf>
<wf lemma="make" pos="VERB">made</wf>
<instance id="d001.s011.t007" lemma="famous" pos="ADJ">famous</instance>
<wf lemma="by" pos="ADP">by</wf>
<wf lemma="jimmy" pos="NOUN">Jimmy</wf>
<wf lemma="carter" pos="NOUN">Carter</wf>
<wf lemma="in" pos="ADP">in</wf>
<wf lemma="he" pos="PRON">his</wf>
<wf lemma="1976" pos="NUM">1976</wf>
<instance id="d001.s011.t008" lemma="presidential" pos="ADJ">presidential</instance>
<instance id="d001.s011.t009" lemma="campaign" pos="NOUN">campaign</instance>
<wf lemma="." pos=".">.</wf>
</sentence>
<sentence id="d001.s012">
<wf lemma="the" pos="DET">The</wf>
<wf lemma="company" pos="NOUN">company</wf>
<wf lemma="plug" pos="VERB">plugged</wf>
<wf lemma="itself" pos="PRON">itself</wf>
<instance id="d001.s012.t001" lemma="right" pos="ADV">right</instance>
<wf lemma="into" pos="ADP">into</wf>
<wf lemma="carter" pos="NOUN">Carter</wf>
<instance id="d001.s012.t002" lemma="campaign" pos="NOUN">campaign</instance>
<instance id="d001.s012.t003" lemma="rhetoric" pos="NOUN">rhetoric</instance>
<wf lemma="about" pos="ADP">about</wf>
<wf lemma="rebuild" pos="VERB">rebuilding</wf>
<wf lemma="the" pos="DET">the</wf>
<wf lemma="south" pos="NOUN">South</wf>
<wf lemma="bronx" pos="NOUN">Bronx</wf>
<wf lemma="and" pos="CONJ">and</wf>
<wf lemma="keep" pos="VERB">kept</wf>
<wf lemma="use" pos="VERB">using</wf>
<wf lemma="the" pos="DET">the</wf>
<instance id="d001.s012.t007" lemma="minority" pos="NOUN">minority</instance>
<wf lemma="--" pos=".">--</wf>
<wf lemma="south" pos="NOUN">South</wf>
<wf lemma="bronx" pos="NOUN">Bronx</wf>
<wf lemma="angle" pos="NOUN">angle</wf>
<wf lemma="through" pos="ADP">through</wf>
<wf lemma="the" pos="DET">the</wf>
<wf lemma="reagan" pos="NOUN">Reagan</wf>
<wf lemma="'80s" pos="NUM">'80s</wf>
<wf lemma="." pos=".">.</wf>
</sentence>
<sentence id="d001.s013">
<wf lemma="start" pos="VERB">Starting</wf>
<wf lemma="with" pos="ADP">with</wf>
<wf lemma="congressman" pos="NOUN">Congressman</wf>
<wf lemma="mario" pos="NOUN">Mario</wf>
<wf lemma="biaggi" pos="NOUN">Biaggi</wf>
<wf lemma="(" pos=".">(</wf>
<instance id="d001.s013.t001" lemma="now" pos="ADV">now</instance>
<wf lemma="serve" pos="VERB">serving</wf>
<wf lemma="a" pos="DET">a</wf>
<instance id="d001.s013.t003" lemma="jail" pos="NOUN">jail</instance>
<wf lemma="sentence" pos="NOUN">sentence</wf>
<wf lemma=")" pos=".">)</wf>
<wf lemma="," pos=".">,</wf>
<wf lemma="the" pos="DET">the</wf>
<wf lemma="company" pos="NOUN">company</wf>
<wf lemma="begin" pos="VERB">began</wf>
<wf lemma="a" pos="DET">a</wf>
<wf lemma="career" pos="NOUN">career</wf>
<wf lemma="of" pos="ADP">of</wf>
<wf lemma="bribe" pos="VERB">bribing</wf>
<instance id="d001.s013.t009" lemma="federal" pos="ADJ">federal</instance>
<wf lemma="," pos=".">,</wf>
<instance id="d001.s013.t010" lemma="state" pos="NOUN">state</instance>
<wf lemma="and" pos="CONJ">and</wf>
<instance id="d001.s013.t011" lemma="local" pos="ADJ">local</instance>
<wf lemma="public" pos="ADJ">public</wf>
<instance id="d001.s013.t013" lemma="official" pos="NOUN">officials</instance>
<wf lemma="and" pos="CONJ">and</wf>
<wf lemma="those" pos="DET">those</wf>
<instance id="d001.s013.t014" lemma="close" pos="ADJ">close</instance>
<wf lemma="to" pos="PRT">to</wf>
<instance id="d001.s013.t015" lemma="public" pos="ADJ">public</instance>
<instance id="d001.s013.t016" lemma="official" pos="NOUN">officials</instance>
<wf lemma="," pos=".">,</wf>
<instance id="d001.s013.t017" lemma="right" pos="ADV">right</instance>
<wf lemma="up" pos="ADP">up</wf>
<wf lemma="to" pos="PRT">to</wf>
<wf lemma="and" pos="CONJ">and</wf>
<wf lemma="include" pos="VERB">including</wf>
<wf lemma="e" pos="NOUN">E</wf>
<wf lemma="." pos=".">.</wf>
<wf lemma="robert" pos="NOUN">Robert</wf>
<wf lemma="wallach" pos="NOUN">Wallach</wf>
<wf lemma="," pos=".">,</wf>
<instance id="d001.s013.t018" lemma="close" pos="ADJ">close</instance>
<instance id="d001.s013.t019" lemma="friend" pos="NOUN">friend</instance>
<wf lemma="and" pos="CONJ">and</wf>
<instance id="d001.s013.t020" lemma="adviser" pos="NOUN">adviser</instance>
<wf lemma="to" pos="PRT">to</wf>
<instance id="d001.s013.t021" lemma="former" pos="ADJ">former</instance>
<instance id="d001.s013.t022" lemma="attorney_general" pos="NOUN">Attorney General</instance>
<wf lemma="ed" pos="NOUN">Ed</wf>
<wf lemma="meese" pos="NOUN">Meese</wf>
<wf lemma="." pos=".">.</wf>
</sentence>
<sentence id="d001.s014">
<wf lemma="wedtech" pos="NOUN">Wedtech</wf>
<wf lemma="do" pos="VERB">did</wf>
<wf lemma="n't" pos="ADV">n't</wf>
<instance id="d001.s014.t000" lemma="just" pos="ADV">just</instance>
<wf lemma="use" pos="VERB">use</wf>
<wf lemma="old" pos="ADJ">old</wf>
<wf lemma="fashion" pos="VERB">fashioned</wf>
<instance id="d001.s014.t002" lemma="bribery" pos="NOUN">bribery</instance>
<wf lemma="." pos=".">.</wf>
</sentence>
<sentence id="d001.s015">
<wf lemma="it" pos="PRON">It</wf>
<wf lemma="make" pos="VERB">made</wf>
<instance id="d001.s015.t001" lemma="ample" pos="ADJ">ample</instance>
<wf lemma="use" pos="NOUN">use</wf>
<wf lemma="of" pos="ADP">of</wf>
<wf lemma="the" pos="DET">the</wf>
<instance id="d001.s015.t003" lemma="modern" pos="ADJ">modern</instance>
<instance id="d001.s015.t004" lemma="technique" pos="NOUN">techniques</instance>
<wf lemma="of" pos="ADP">of</wf>
<instance id="d001.s015.t005" lemma="influence" pos="NOUN">influence</instance>
<instance id="d001.s015.t006" lemma="peddling" pos="NOUN">peddling</instance>
<wf lemma="," pos=".">,</wf>
<wf lemma="retain" pos="VERB">retaining</wf>
<instance id="d001.s015.t008" lemma="politically" pos="ADV">politically</instance>
<instance id="d001.s015.t009" lemma="connected" pos="ADJ">connected</instance>
<wf lemma="``" pos=".">``</wf>
<instance id="d001.s015.t010" lemma="respectable" pos="ADJ">respectable</instance>
<wf lemma="''" pos=".">''</wf>
<instance id="d001.s015.t011" lemma="law" pos="NOUN">law</instance>
<instance id="d001.s015.t012" lemma="firm" pos="NOUN">firms</instance>
<wf lemma="," pos=".">,</wf>
<instance id="d001.s015.t013" lemma="investment" pos="NOUN">investment</instance>
<instance id="d001.s015.t014" lemma="banker" pos="NOUN">bankers</instance>
<wf lemma="and" pos="CONJ">and</wf>
<instance id="d001.s015.t015" lemma="political" pos="ADJ">political</instance>
<instance id="d001.s015.t016" lemma="consultant" pos="NOUN">consultants</instance>
<wf lemma="," pos=".">,</wf>
<wf lemma="include" pos="VERB">including</wf>
<wf lemma="reagan" pos="NOUN">Reagan</wf>
<instance id="d001.s015.t017" lemma="confidant" pos="NOUN">confidant</instance>
<wf lemma="lyn" pos="NOUN">Lyn</wf>
<wf lemma="nofzinger" pos="NOUN">Nofzinger</wf>
<wf lemma="." pos=".">.</wf>
</sentence>
<sentence id="d001.s016">
<wf lemma="when" pos="ADV">When</wf>
<instance id="d001.s016.t000" lemma="necessary" pos="ADJ">necessary</instance>
<wf lemma="," pos=".">,</wf>
<wf lemma="it" pos="PRON">it</wf>
<wf lemma="seek" pos="VERB">sought</wf>
<wf lemma="and" pos="CONJ">and</wf>
<wf lemma="receive" pos="VERB">received</wf>
<wf lemma="assistance" pos="NOUN">assistance</wf>
<wf lemma="from" pos="ADP">from</wf>
<instance id="d001.s016.t004" lemma="organized" pos="ADJ">organized</instance>
<instance id="d001.s016.t005" lemma="crime" pos="NOUN">crime</instance>
<wf lemma="." pos=".">.</wf>
</sentence>
<sentence id="d001.s017">
<instance id="d001.s017.t000" lemma="sometimes" pos="ADV">Sometimes</instance>
<wf lemma="the" pos="DET">the</wf>
<wf lemma="bribe" pos="VERB">bribed</wf>
<wf lemma="become" pos="VERB">became</wf>
<wf lemma="partner" pos="NOUN">partners</wf>
<wf lemma="in" pos="ADP">in</wf>
<wf lemma="the" pos="DET">the</wf>
<instance id="d001.s017.t003" lemma="company" pos="NOUN">company</instance>
<wf lemma="." pos=".">.</wf>
</sentence>
<sentence id="d001.s018">
<wf lemma="wedtech" pos="NOUN">Wedtech</wf>
<wf lemma="management" pos="NOUN">management</wf>
<wf lemma="use" pos="VERB">used</wf>
<wf lemma="the" pos="DET">the</wf>
<instance id="d001.s018.t002" lemma="merit" pos="NOUN">merit</instance>
<wf lemma="system" pos="NOUN">system</wf>
<wf lemma="." pos=".">.</wf>
</sentence>
<sentence id="d001.s019">
<wf lemma="if" pos="ADP">If</wf>
<wf lemma="you" pos="PRON">you</wf>
<instance id="d001.s019.t000" lemma="be" pos="VERB">were</instance>
<instance id="d001.s019.t001" lemma="especially" pos="ADV">especially</instance>
<instance id="d001.s019.t002" lemma="helpful" pos="ADJ">helpful</instance>
<wf lemma="in" pos="ADP">in</wf>
<wf lemma="a" pos="DET">a</wf>
<instance id="d001.s019.t003" lemma="corrupt" pos="ADJ">corrupt</instance>
<instance id="d001.s019.t004" lemma="scheme" pos="NOUN">scheme</instance>
<wf lemma="you" pos="PRON">you</wf>
<wf lemma="receive" pos="VERB">received</wf>
<wf lemma="not" pos="ADV">not</wf>
<instance id="d001.s019.t006" lemma="just" pos="ADV">just</instance>
<instance id="d001.s019.t007" lemma="cash" pos="NOUN">cash</instance>
<wf lemma="in" pos="ADP">in</wf>
<wf lemma="a" pos="DET">a</wf>
<instance id="d001.s019.t008" lemma="bag" pos="NOUN">bag</instance>
<wf lemma="," pos=".">,</wf>
<wf lemma="but" pos="CONJ">but</wf>
<wf lemma="equity" pos="NOUN">equity</wf>
<wf lemma="." pos=".">.</wf>
</sentence>
<sentence id="d001.s020">
<wf lemma="if" pos="ADP">If</wf>
<wf lemma="you" pos="PRON">you</wf>
<instance id="d001.s020.t000" lemma="be" pos="VERB">were</instance>
<wf lemma="not" pos="ADV">not</wf>
<wf lemma="a" pos="DET">an</wf>
<instance id="d001.s020.t001" lemma="effective" pos="ADJ">effective</instance>
<instance id="d001.s020.t002" lemma="crook" pos="NOUN">crook</instance>
<wf lemma="," pos=".">,</wf>
<wf lemma="you" pos="PRON">you</wf>
<wf lemma="find" pos="VERB">found</wf>
<wf lemma="yourself" pos="PRON">yourself</wf>
<wf lemma="out" pos="PRT">out</wf>
<wf lemma="in" pos="ADP">in</wf>
<wf lemma="the" pos="DET">the</wf>
<wf lemma="cold" pos="NOUN">cold</wf>
<wf lemma="," pos=".">,</wf>
<wf lemma="a" pos="DET">a</wf>
<wf lemma="fate" pos="NOUN">fate</wf>
<wf lemma="that" pos="DET">that</wf>
<instance id="d001.s020.t005" lemma="eventually" pos="ADV">eventually</instance>
<wf lemma="befall" pos="VERB">befell</wf>
<wf lemma="mr" pos="NOUN">Mr</wf>
<wf lemma="." pos=".">.</wf>
<wf lemma="mariotta" pos="NOUN">Mariotta</wf>
<wf lemma="," pos=".">,</wf>
<wf lemma="the" pos="DET">the</wf>
<instance id="d001.s020.t007" lemma="firm" pos="NOUN">firm</instance>
<wf lemma="'s" pos="PRT">'s</wf>
<instance id="d001.s020.t008" lemma="semiliterate" pos="ADJ">semiliterate</instance>
<wf lemma="``" pos=".">``</wf>
<instance id="d001.s020.t009" lemma="minority" pos="NOUN">minority</instance>
<wf lemma="''" pos=".">''</wf>
<wf lemma="person" pos="NOUN">person</wf>
<wf lemma="." pos=".">.</wf>
</sentence>
<sentence id="d001.s021">
<wf lemma="but" pos="CONJ">But</wf>
<wf lemma="despite" pos="ADP">despite</wf>
<wf lemma="the" pos="DET">the</wf>
<instance id="d001.s021.t000" lemma="sensational" pos="ADJ">sensational</instance>
<instance id="d001.s021.t001" lemma="nature" pos="NOUN">nature</instance>
<wf lemma="of" pos="ADP">of</wf>
<wf lemma="the" pos="DET">the</wf>
<instance id="d001.s021.t002" lemma="revelation" pos="NOUN">revelations</instance>
<wf lemma="and" pos="CONJ">and</wf>
<wf lemma="the" pos="DET">the</wf>
<instance id="d001.s021.t003" lemma="breezy" pos="ADJ">breezy</instance>
<wf lemma="," pos=".">,</wf>
<wf lemma="easy-to-read" pos="ADJ">easy-to-read</wf>
<instance id="d001.s021.t004" lemma="tabloid" pos="NOUN">tabloid</instance>
<instance id="d001.s021.t005" lemma="writing" pos="NOUN">writing</instance>
<instance id="d001.s021.t006" lemma="style" pos="NOUN">style</instance>
<wf lemma="," pos=".">,</wf>
<wf lemma="``" pos=".">``</wf>
<wf lemma="feeding" pos="NOUN">Feeding</wf>
<wf lemma="frenzy" pos="NOUN">Frenzy</wf>
<wf lemma="''" pos=".">''</wf>
<instance id="d001.s021.t007" lemma="often" pos="ADV">often</instance>
<wf lemma="fall_short_of" pos="VERB">falls short of</wf>
<instance id="d001.s021.t009" lemma="gripping" pos="ADJ">gripping</instance>
<instance id="d001.s021.t010" lemma="reading" pos="NOUN">reading</instance>
<wf lemma="." pos=".">.</wf>
</sentence>
<sentence id="d001.s022">
<wf lemma="none" pos="NOUN">None</wf>
<wf lemma="of" pos="ADP">of</wf>
<wf lemma="the" pos="DET">the</wf>
<instance id="d001.s022.t000" lemma="scam" pos="NOUN">scams</instance>
<wf lemma="show" pos="VERB">show</wf>
<wf lemma="much" pos="ADJ">much</wf>
<wf lemma="ingenuity" pos="NOUN">ingenuity</wf>
<wf lemma=":" pos=".">:</wf>
<instance id="d001.s022.t003" lemma="auditor" pos="NOUN">Auditors</instance>
<wf lemma="find" pos="VERB">found</wf>
<wf lemma="crookery" pos="NOUN">crookery</wf>
<wf lemma="the" pos="DET">the</wf>
<instance id="d001.s022.t005" lemma="first" pos="ADJ">first</instance>
<instance id="d001.s022.t006" lemma="day" pos="NOUN">day</instance>
<wf lemma="on" pos="ADP">on</wf>
<wf lemma="the" pos="DET">the</wf>
<instance id="d001.s022.t007" lemma="job" pos="NOUN">job</instance>
<wf lemma="." pos=".">.</wf>
</sentence>
<sentence id="d001.s023">
<wf lemma="wedtech" pos="NOUN">Wedtech</wf>
<wf lemma="'s" pos="PRT">'s</wf>
<instance id="d001.s023.t000" lemma="scammer" pos="NOUN">scammers</instance>
<instance id="d001.s023.t001" lemma="simply" pos="ADV">simply</instance>
<wf lemma="bribe" pos="VERB">bribed</wf>
<wf lemma="they" pos="PRON">them</wf>
<wf lemma="to" pos="PRT">to</wf>
<wf lemma="shut_up" pos="VERB">shut up</wf>
<wf lemma="." pos=".">.</wf>
</sentence>
<sentence id="d001.s024">
<wf lemma="the" pos="DET">The</wf>
<instance id="d001.s024.t000" lemma="scammer" pos="NOUN">scammers</instance>
<wf lemma="themselves" pos="PRON">themselves</wf>
<instance id="d001.s024.t001" lemma="be" pos="VERB">were</instance>
<wf lemma="garden-variety" pos="NOUN">garden-variety</wf>
<instance id="d001.s024.t002" lemma="lowlife" pos="NOUN">low lifes</instance>
<wf lemma="," pos=".">,</wf>
<instance id="d001.s024.t003" lemma="conspicuous" pos="ADJ">conspicuous</instance>
<instance id="d001.s024.t004" lemma="consumer" pos="NOUN">consumers</instance>
<wf lemma="who" pos="PRON">who</wf>
<wf lemma="want" pos="VERB">wanted</wf>
<instance id="d001.s024.t006" lemma="big" pos="ADJ">big</instance>
<instance id="d001.s024.t007" lemma="house" pos="NOUN">houses</instance>
<wf lemma="," pos=".">,</wf>
<wf lemma="mercedes" pos="NOUN">Mercedes</wf>
<instance id="d001.s024.t008" lemma="car" pos="NOUN">cars</instance>
<wf lemma="," pos=".">,</wf>
<instance id="d001.s024.t009" lemma="beautiful" pos="ADJ">beautiful</instance>
<instance id="d001.s024.t010" lemma="woman" pos="NOUN">women</instance>
<wf lemma="," pos=".">,</wf>
<instance id="d001.s024.t011" lemma="expensive" pos="ADJ">expensive</instance>
<wf lemma="clothes" pos="NOUN">clothes</wf>
<wf lemma="." pos=".">.</wf>
</sentence>
<sentence id="d001.s025">
<wf lemma="among" pos="ADP">Among</wf>
<wf lemma="the" pos="DET">the</wf>
<instance id="d001.s025.t000" lemma="lot" pos="NOUN">lot</instance>
<wf lemma="of" pos="ADP">of</wf>
<wf lemma="they" pos="PRON">them</wf>
<wf lemma="," pos=".">,</wf>
<wf lemma="not" pos="ADV">not</wf>
<wf lemma="one" pos="NUM">one</wf>
<wf lemma="be" pos="VERB">is</wf>
<wf lemma="wrestle" pos="VERB">wrestling</wf>
<wf lemma="with" pos="ADP">with</wf>
<instance id="d001.s025.t002" lemma="good" pos="NOUN">good</instance>
<wf lemma="and" pos="CONJ">and</wf>
<instance id="d001.s025.t003" lemma="evil" pos="NOUN">evil</instance>
<wf lemma="," pos=".">,</wf>
<wf lemma="or" pos="CONJ">or</wf>
<instance id="d001.s025.t004" lemma="especially" pos="ADV">especially</instance>
<instance id="d001.s025.t005" lemma="intelligent" pos="ADJ">intelligent</instance>
<wf lemma="or" pos="CONJ">or</wf>
<instance id="d001.s025.t006" lemma="even" pos="ADV">even</instance>
<instance id="d001.s025.t007" lemma="temporarily" pos="ADV">temporarily</instance>
<instance id="d001.s025.t008" lemma="insane" pos="ADJ">insane</instance>
<wf lemma="." pos=".">.</wf>
</sentence>
<sentence id="d001.s026">
<wf lemma="the" pos="DET">The</wf>
<instance id="d001.s026.t000" lemma="one" pos="ADJ">one</instance>
<instance id="d001.s026.t001" lemma="character" pos="NOUN">character</instance>
<instance id="d001.s026.t002" lemma="at_least" pos="ADV">at least</instance>
<instance id="d001.s026.t003" lemma="somewhat" pos="ADV">somewhat</instance>
<instance id="d001.s026.t004" lemma="interesting" pos="ADJ">interesting</instance>
<instance id="d001.s026.t005" lemma="be" pos="VERB">was</instance>
<wf lemma="irving" pos="NOUN">Irving</wf>
<wf lemma="louis" pos="NOUN">Louis</wf>
<wf lemma="lobsenz" pos="NOUN">Lobsenz</wf>
<wf lemma="," pos=".">,</wf>
<wf lemma="a" pos="DET">a</wf>
<instance id="d001.s026.t006" lemma="pediatrician" pos="NOUN">pediatrician</instance>
<wf lemma="who" pos="PRON">who</wf>
<wf lemma="change" pos="VERB">changed</wf>
<wf lemma="he" pos="PRON">his</wf>
<wf lemma="name" pos="NOUN">name</wf>
<wf lemma="to" pos="PRT">to</wf>
<wf lemma="rusty" pos="NOUN">Rusty</wf>
<wf lemma="kent" pos="NOUN">Kent</wf>
<wf lemma="london" pos="NOUN">London</wf>
<wf lemma="and" pos="CONJ">and</wf>
<wf lemma="become" pos="VERB">became</wf>
<wf lemma="a" pos="DET">a</wf>
<instance id="d001.s026.t010" lemma="master" pos="NOUN">master</instance>
<instance id="d001.s026.t011" lemma="gambler" pos="NOUN">gambler</instance>
<wf lemma="and" pos="CONJ">and</wf>
<wf lemma="author" pos="NOUN">author</wf>
<wf lemma="of" pos="ADP">of</wf>
<wf lemma="a" pos="DET">a</wf>
<instance id="d001.s026.t013" lemma="book" pos="NOUN">book</instance>
<wf lemma="on" pos="ADP">on</wf>
<instance id="d001.s026.t014" lemma="blackjack" pos="NOUN">blackjack</instance>
<wf lemma="." pos=".">.</wf>
</sentence>
<sentence id="d001.s027">
<wf lemma="he" pos="PRON">He</wf>
<wf lemma="enter" pos="VERB">enters</wf>
<wf lemma="the" pos="DET">the</wf>
<instance id="d001.s027.t001" lemma="story" pos="NOUN">story</instance>
<wf lemma="toward" pos="ADP">toward</wf>
<wf lemma="the" pos="DET">the</wf>
<instance id="d001.s027.t002" lemma="end" pos="NOUN">end</instance>
<wf lemma="," pos=".">,</wf>
<instance id="d001.s027.t003" lemma="just" pos="ADV">just</instance>
<instance id="d001.s027.t004" lemma="in_time" pos="ADV">in time</instance>
<wf lemma="to" pos="PRT">to</wf>
<wf lemma="get" pos="VERB">get</wf>
<wf lemma="arrest" pos="VERB">arrested</wf>
<wf lemma="." pos=".">.</wf>
</sentence>
<sentence id="d001.s028">
<wf lemma="absorb" pos="VERB">Absorbed</wf>
<wf lemma="in" pos="ADP">in</wf>
<instance id="d001.s028.t001" lemma="dole_out" pos="VERB">doling out</instance>
<wf lemma="``" pos=".">``</wf>
<wf lemma="feeding" pos="NOUN">Feeding</wf>
<wf lemma="frenzy" pos="NOUN">Frenzy</wf>
<wf lemma="'s" pos="PRT">'s</wf>
<wf lemma="''" pos=".">''</wf>
<instance id="d001.s028.t002" lemma="tidbit" pos="NOUN">tidbits</instance>
<wf lemma="," pos=".">,</wf>
<wf lemma="the" pos="DET">the</wf>
<wf lemma="author" pos="NOUN">authors</wf>
<wf lemma="gloss_over" pos="VERB">gloss over</wf>
<wf lemma="the" pos="DET">the</wf>
<instance id="d001.s028.t005" lemma="root" pos="NOUN">root</instance>
<instance id="d001.s028.t006" lemma="cause" pos="NOUN">causes</instance>
<wf lemma="of" pos="ADP">of</wf>
<wf lemma="wedtech" pos="NOUN">Wedtech</wf>
<wf lemma="," pos=".">,</wf>
<instance id="d001.s028.t007" lemma="namely" pos="ADV">namely</instance>
<wf lemma="the" pos="DET">the</wf>
<instance id="d001.s028.t008" lemma="section" pos="NOUN">Section</instance>
<wf lemma="8" pos="NUM">8</wf>
<wf lemma="(" pos=".">(</wf>
<wf lemma="a" pos="NOUN">A</wf>
<wf lemma=")" pos=".">)</wf>
<instance id="d001.s028.t009" lemma="federal" pos="ADJ">federal</instance>
<wf lemma="program" pos="NOUN">program</wf>
<wf lemma="under" pos="ADP">under</wf>
<wf lemma="whose" pos="PRON">whose</wf>
<instance id="d001.s028.t011" lemma="auspices" pos="NOUN">auspices</instance>
<wf lemma="the" pos="DET">the</wf>
<wf lemma="scandal" pos="NOUN">scandal</wf>
<wf lemma="take_place" pos="VERB">took place</wf>
<wf lemma="." pos=".">.</wf>
</sentence>
<sentence id="d001.s029">
<wf lemma="they" pos="PRON">They</wf>
<wf lemma="do" pos="VERB">do</wf>
<instance id="d001.s029.t000" lemma="at_least" pos="ADV">at least</instance>
<wf lemma="come_around" pos="VERB">come around</wf>
<wf lemma="to" pos="PRT">to</wf>
<wf lemma="say" pos="VERB">saying</wf>
<wf lemma="that" pos="ADP">that</wf>
<wf lemma="the" pos="DET">the</wf>
<wf lemma="court" pos="NOUN">courts</wf>
<wf lemma="might" pos="VERB">might</wf>
<wf lemma="want" pos="VERB">want</wf>
<wf lemma="to" pos="PRT">to</wf>
<wf lemma="end" pos="VERB">end</wf>
<wf lemma="``" pos=".">``</wf>
<instance id="d001.s029.t006" lemma="rigid" pos="ADJ">rigid</instance>
<instance id="d001.s029.t007" lemma="affirmative_action" pos="NOUN">affirmative action</instance>
<wf lemma="program" pos="NOUN">programs</wf>
<wf lemma="." pos=".">.</wf>
<wf lemma="''" pos=".">''</wf>
</sentence>
<sentence id="d001.s030">
<instance id="d001.s030.t000" lemma="program" pos="NOUN">Programs</instance>
<wf lemma="like" pos="ADP">like</wf>
<instance id="d001.s030.t001" lemma="section" pos="NOUN">Section</instance>
<wf lemma="8" pos="NUM">8</wf>
<wf lemma="(" pos=".">(</wf>
<wf lemma="a" pos="NOUN">A</wf>
<wf lemma=")" pos=".">)</wf>
<instance id="d001.s030.t002" lemma="be" pos="VERB">are</instance>
<instance id="d001.s030.t003" lemma="a_little" pos="ADV">a little</instance>
<wf lemma="like" pos="ADP">like</wf>
<wf lemma="leave" pos="VERB">leaving</wf>
<wf lemma="gold" pos="NOUN">gold</wf>
<wf lemma="in" pos="ADP">in</wf>
<wf lemma="the" pos="DET">the</wf>
<instance id="d001.s030.t006" lemma="street" pos="NOUN">street</instance>
<wf lemma="and" pos="CONJ">and</wf>
<instance id="d001.s030.t007" lemma="then" pos="ADV">then</instance>
<wf lemma="express" pos="VERB">expressing</wf>
<wf lemma="surprise" pos="NOUN">surprise</wf>
<wf lemma="when" pos="ADV">when</wf>
<instance id="d001.s030.t010" lemma="thief" pos="NOUN">thieves</instance>
<wf lemma="walk" pos="VERB">walk</wf>
<wf lemma="by" pos="ADP">by</wf>
<wf lemma="to" pos="PRT">to</wf>
<wf lemma="scoop" pos="VERB">scoop</wf>
<wf lemma="it" pos="PRON">it</wf>
<wf lemma="up" pos="PRT">up</wf>
<wf lemma="." pos=".">.</wf>
</sentence>
<sentence id="d001.s031">
<instance id="d001.s031.t000" lemma="numerous" pos="ADJ">Numerous</instance>
<instance id="d001.s031.t001" lemma="other" pos="ADJ">other</instance>
<instance id="d001.s031.t002" lemma="scandal" pos="NOUN">scandals</instance>
<wf lemma="," pos=".">,</wf>
<wf lemma="among" pos="ADP">among</wf>
<wf lemma="they" pos="PRON">them</wf>
<wf lemma="the" pos="DET">the</wf>
<wf lemma="ones" pos="NOUN">ones</wf>
<wf lemma="at" pos="ADP">at</wf>
<wf lemma="hud" pos="NOUN">HUD</wf>
<wf lemma="," pos=".">,</wf>
<wf lemma="have" pos="VERB">have</wf>
<wf lemma="the" pos="DET">the</wf>
<wf lemma="same" pos="ADJ">same</wf>
<wf lemma="characteristic" pos="NOUN">characteristics</wf>
<wf lemma="as" pos="ADP">as</wf>
<wf lemma="wedtech" pos="NOUN">Wedtech</wf>
<wf lemma="." pos=".">.</wf>
</sentence>
<sentence id="d001.s032">
<wf lemma="they" pos="PRON">They</wf>
<wf lemma="take_place" pos="VERB">take place</wf>
<wf lemma="in" pos="ADP">in</wf>
<instance id="d001.s032.t001" lemma="government" pos="NOUN">government</instance>
<wf lemma="program" pos="NOUN">programs</wf>
<wf lemma="that" pos="DET">that</wf>
<wf lemma="seem" pos="VERB">seem</wf>
<wf lemma="tailor-made" pos="ADJ">tailor-made</wf>
<wf lemma="for" pos="ADP">for</wf>
<instance id="d001.s032.t004" lemma="corruption" pos="NOUN">corruption</instance>
<wf lemma="." pos=".">.</wf>
</sentence>
<sentence id="d001.s033">
<wf lemma="why" pos="ADV">Why</wf>
<wf lemma="be" pos="VERB">are</wf>
<wf lemma="program" pos="NOUN">programs</wf>
<wf lemma="like" pos="ADP">like</wf>
<wf lemma="this" pos="DET">this</wf>
<wf lemma="not" pos="ADV">not</wf>
<wf lemma="eliminate" pos="VERB">eliminated</wf>
<wf lemma="?" pos=".">?</wf>
</sentence>
<sentence id="d001.s034">
<wf lemma="``" pos=".">``</wf>
<wf lemma="feeding" pos="NOUN">Feeding</wf>
<wf lemma="frenzy" pos="NOUN">Frenzy</wf>
<wf lemma="''" pos=".">''</wf>
<wf lemma="do" pos="VERB">does</wf>
<wf lemma="provide" pos="VERB">provide</wf>
<wf lemma="a" pos="DET">a</wf>
<wf lemma="few" pos="ADJ">few</wf>
<wf lemma="clue" pos="NOUN">clues</wf>
<wf lemma="." pos=".">.</wf>
</sentence>
<sentence id="d001.s035">
<wf lemma="in" pos="ADP">In</wf>
<wf lemma="and" pos="CONJ">and</wf>
<wf lemma="around" pos="ADP">around</wf>
<wf lemma="all" pos="DET">all</wf>
<instance id="d001.s035.t000" lemma="level" pos="NOUN">levels</instance>
<wf lemma="of" pos="ADP">of</wf>
<instance id="d001.s035.t001" lemma="government" pos="NOUN">government</instance>
<wf lemma="in" pos="ADP">in</wf>
<wf lemma="the" pos="DET">the</wf>
<wf lemma="u" pos="NOUN">U</wf>
<wf lemma="." pos=".">.</wf>
<wf lemma="s" pos="NOUN">S</wf>
<wf lemma="." pos=".">.</wf>
<instance id="d001.s035.t002" lemma="be" pos="VERB">are</instance>
<wf lemma="group" pos="NOUN">groups</wf>
<wf lemma="of" pos="ADP">of</wf>
<wf lemma="people" pos="NOUN">people</wf>
<wf lemma="who" pos="PRON">who</wf>
<wf lemma="can" pos="VERB">can</wf>
<wf lemma="best" pos="ADV">best</wf>
<wf lemma="be" pos="VERB">be</wf>
<wf lemma="describe" pos="VERB">described</wf>
<wf lemma="as" pos="ADP">as</wf>
<wf lemma="belong_to" pos="VERB">belonging to</wf>
<wf lemma="a" pos="DET">a</wf>
<instance id="d001.s035.t007" lemma="political" pos="ADJ">political</instance>
<instance id="d001.s035.t008" lemma="insider" pos="NOUN">insider</instance>
<instance id="d001.s035.t009" lemma="commercial" pos="ADJ">commercial</instance>
<instance id="d001.s035.t010" lemma="party" pos="NOUN">party</instance>
<wf lemma="." pos=".">.</wf>
</sentence>
<sentence id="d001.s036">
<wf lemma="they" pos="PRON">They</wf>
<wf lemma="know" pos="VERB">know</wf>
<wf lemma="that" pos="ADP">that</wf>
<wf lemma="whenever" pos="ADV">whenever</wf>
<wf lemma="government" pos="NOUN">government</wf>
<wf lemma="be" pos="VERB">is</wf>
<wf lemma="redistribute" pos="VERB">redistributing</wf>
<wf lemma="wealth" pos="NOUN">wealth</wf>
<wf lemma="," pos=".">,</wf>
<wf lemma="regulate" pos="VERB">regulating</wf>
<wf lemma="commerce" pos="NOUN">commerce</wf>
<wf lemma="or" pos="CONJ">or</wf>
<wf lemma="maintain" pos="VERB">maintaining</wf>
<wf lemma="a" pos="DET">a</wf>
<instance id="d001.s036.t007" lemma="large" pos="ADJ">large</instance>
<instance id="d001.s036.t008" lemma="defense" pos="NOUN">defense</instance>
<wf lemma="establishment" pos="NOUN">establishment</wf>
<wf lemma="," pos=".">,</wf>
<wf lemma="there" pos="DET">there</wf>
<instance id="d001.s036.t010" lemma="be" pos="VERB">is</instance>
<instance id="d001.s036.t011" lemma="big" pos="ADJ">big</instance>
<wf lemma="money" pos="NOUN">money</wf>
<wf lemma="to" pos="PRT">to</wf>
<wf lemma="be" pos="VERB">be</wf>
<wf lemma="make" pos="VERB">made</wf>
<wf lemma="in" pos="ADP">in</wf>
<wf lemma="influence" pos="VERB">influencing</wf>
<wf lemma="," pos=".">,</wf>
<wf lemma="broker" pos="VERB">brokering</wf>
<wf lemma="or" pos="CONJ">or</wf>
<instance id="d001.s036.t016" lemma="sell" pos="VERB">selling</instance>
<wf lemma="the" pos="DET">the</wf>
<instance id="d001.s036.t017" lemma="process" pos="NOUN">processes</instance>
<wf lemma="and" pos="CONJ">and</wf>
<wf lemma="decision" pos="NOUN">decisions</wf>
<wf lemma="of" pos="ADP">of</wf>
<instance id="d001.s036.t019" lemma="government" pos="NOUN">government</instance>
<wf lemma="." pos=".">.</wf>
</sentence>
<sentence id="d001.s037">
<wf lemma="they" pos="PRON">They</wf>
<instance id="d001.s037.t000" lemma="be" pos="VERB">are</instance>
<wf lemma="we" pos="PRON">our</wf>
<instance id="d001.s037.t001" lemma="version" pos="NOUN">version</instance>
<wf lemma="of" pos="ADP">of</wf>
<wf lemma="the" pos="DET">the</wf>
<wf lemma="east" pos="NOUN">East</wf>
<instance id="d001.s037.t002" lemma="bloc" pos="NOUN">bloc</instance>
<wf lemma="'s" pos="PRT">'s</wf>
<instance id="d001.s037.t003" lemma="nomenklatura" pos="NOUN">Nomenklatura</instance>
<wf lemma="and" pos="CONJ">and</wf>
<wf lemma="they" pos="PRON">they</wf>
<wf lemma="have" pos="VERB">have</wf>
<instance id="d001.s037.t005" lemma="absolutely" pos="ADV">absolutely</instance>
<wf lemma="no" pos="DET">no</wf>
<wf lemma="wish" pos="NOUN">wish</wf>
<wf lemma="to" pos="PRT">to</wf>
<wf lemma="see" pos="VERB">see</wf>
<wf lemma="anything" pos="NOUN">anything</wf>
<wf lemma="change" pos="VERB">change</wf>
<wf lemma="." pos=".">.</wf>
</sentence>
<sentence id="d001.s038">
<wf lemma="how" pos="ADV">How</wf>
<wf lemma="many" pos="ADJ">many</wf>
<instance id="d001.s038.t000" lemma="government" pos="NOUN">government</instance>
<instance id="d001.s038.t001" lemma="program" pos="NOUN">programs</instance>
<wf lemma="and" pos="CONJ">and</wf>
<instance id="d001.s038.t002" lemma="policy" pos="NOUN">policies</instance>
<wf lemma="exist" pos="VERB">exist</wf>
<wf lemma="because" pos="ADP">because</wf>
<wf lemma="they" pos="PRON">they</wf>
<wf lemma="line" pos="VERB">line</wf>
<wf lemma="the" pos="DET">the</wf>
<wf lemma="pocket" pos="NOUN">pockets</wf>
<wf lemma="of" pos="ADP">of</wf>
<instance id="d001.s038.t006" lemma="political" pos="ADJ">political</instance>
<instance id="d001.s038.t007" lemma="insider" pos="NOUN">insiders</instance>
<wf lemma="?" pos=".">?</wf>
</sentence>
<sentence id="d001.s039">
<wf lemma="this" pos="DET">This</wf>
<wf lemma="be" pos="VERB">is</wf>
<wf lemma="the" pos="DET">the</wf>
<instance id="d001.s039.t000" lemma="real" pos="ADJ">real</instance>
<wf lemma="issue" pos="NOUN">issue</wf>
<wf lemma="raise" pos="VERB">raised</wf>
<wf lemma="by" pos="ADP">by</wf>
<wf lemma="the" pos="DET">the</wf>
<wf lemma="wedtech" pos="NOUN">Wedtech</wf>
<instance id="d001.s039.t003" lemma="scandal" pos="NOUN">scandal</instance>
<wf lemma="." pos=".">.</wf>
</sentence>
<sentence id="d001.s040">
<wf lemma="mr" pos="NOUN">Mr</wf>
<wf lemma="." pos=".">.</wf>
<wf lemma="stern" pos="NOUN">Stern</wf>
<instance id="d001.s040.t000" lemma="be" pos="VERB">was</instance>
<instance id="d001.s040.t001" lemma="chairman" pos="NOUN">chairman</instance>
<wf lemma="and" pos="CONJ">and</wf>
<instance id="d001.s040.t002" lemma="chief_executive_officer" pos="NOUN">chief executive officer</instance>
<wf lemma="of" pos="ADP">of</wf>
<wf lemma="the" pos="DET">the</wf>
<wf lemma="new" pos="NOUN">New</wf>
<wf lemma="york" pos="NOUN">York</wf>
<wf lemma="state" pos="NOUN">State</wf>
<wf lemma="urban" pos="NOUN">Urban</wf>
<wf lemma="development" pos="NOUN">Development</wf>
<wf lemma="corp" pos="NOUN">Corp</wf>
<wf lemma="." pos=".">.</wf>
<wf lemma="," pos=".">,</wf>
<wf lemma="1983-85" pos="NUM">1983-85</wf>
<wf lemma="." pos=".">.</wf>
</sentence>
</text>
<text id="d002">
<sentence id="d002.s000">
<wf lemma="I" pos="PRON">I</wf>
<wf lemma="have" pos="VERB">had</wf>
<wf lemma="to" pos="PRT">to</wf>
<wf lemma="reach" pos="VERB">reach</wf>
<instance id="d002.s000.t001" lemma="back" pos="ADV">back</instance>
<wf lemma="to" pos="PRT">to</wf>
<instance id="d002.s000.t002" lemma="french" pos="ADJ">French</instance>
<wf lemma="101" pos="NUM">101</wf>
<wf lemma="when" pos="ADV">when</wf>
<wf lemma="the" pos="DET">the</wf>
<instance id="d002.s000.t003" lemma="monsieur" pos="NOUN">monsieur</instance>
<wf lemma="avec" pos="X">avec</wf>
<instance id="d002.s000.t004" lemma="clipboard" pos="NOUN">clipboard</instance>
<wf lemma="lean" pos="VERB">leaned</wf>
<wf lemma="over" pos="ADP">over</wf>
<wf lemma="my" pos="PRON">my</wf>
<instance id="d002.s000.t006" lemma="shoulder" pos="NOUN">shoulder</instance>
<wf lemma="during" pos="ADP">during</wf>
<wf lemma="the" pos="DET">the</wf>
<instance id="d002.s000.t007" lemma="coffee" pos="NOUN">coffee</instance>
<instance id="d002.s000.t008" lemma="phase" pos="NOUN">phase</instance>
<wf lemma="of" pos="ADP">of</wf>
<instance id="d002.s000.t009" lemma="dinner" pos="NOUN">dinner</instance>
<wf lemma="and" pos="CONJ">and</wf>
<wf lemma="ask" pos="VERB">asked</wf>
<wf lemma="whether" pos="ADP">whether</wf>
<wf lemma="I" pos="PRON">I</wf>
<wf lemma="want" pos="VERB">wanted</wf>
<wf lemma="to" pos="PRT">to</wf>
<wf lemma="ride" pos="VERB">ride</wf>
<wf lemma="in" pos="ADP">in</wf>
<wf lemma="a" pos="DET">a</wf>
<wf lemma="montgolfiere" pos="X">montgolfiere</wf>
<wf lemma="." pos=".">.</wf>
</sentence>
<sentence id="d002.s001">
<wf lemma="I" pos="PRON">I</wf>
<instance id="d002.s001.t000" lemma="be" pos="VERB">was</instance>
<wf lemma="a" pos="DET">a</wf>
<instance id="d002.s001.t001" lemma="last-minute" pos="ADJ">last-minute</instance>
<wf lemma="(" pos=".">(</wf>
<wf lemma="read" pos="VERB">read</wf>
<wf lemma="interlope" pos="VERB">interloping</wf>
<wf lemma=")" pos=".">)</wf>
<instance id="d002.s001.t003" lemma="attendee" pos="NOUN">attendee</instance>
<wf lemma="at" pos="ADP">at</wf>
<wf lemma="a" pos="DET">a</wf>
<instance id="d002.s001.t004" lemma="french" pos="ADJ">French</instance>
<instance id="d002.s001.t005" lemma="journalism" pos="NOUN">journalism</instance>
<instance id="d002.s001.t006" lemma="convention" pos="NOUN">convention</instance>
<wf lemma="and" pos="CONJ">and</wf>
<instance id="d002.s001.t007" lemma="so_far" pos="ADV">so far</instance>
<wf lemma="the" pos="DET">the</wf>
<instance id="d002.s001.t008" lemma="festivity" pos="NOUN">festivities</instance>
<wf lemma="have" pos="VERB">had</wf>
<wf lemma="be" pos="VERB">been</wf>
<wf lemma="take_up" pos="VERB">taken up</wf>
<instance id="d002.s001.t010" lemma="entirely" pos="ADV">entirely</instance>
<wf lemma="by" pos="ADP">by</wf>
<instance id="d002.s001.t011" lemma="eating" pos="NOUN">eating</instance>
<wf lemma="," pos=".">,</wf>
<instance id="d002.s001.t012" lemma="drinking" pos="NOUN">drinking</instance>
<wf lemma="," pos=".">,</wf>
<instance id="d002.s001.t013" lemma="smoking" pos="NOUN">smoking</instance>
<wf lemma="," pos=".">,</wf>
<instance id="d002.s001.t014" lemma="sleeping" pos="NOUN">sleeping</instance>
<wf lemma="and" pos="CONJ">and</wf>
<instance id="d002.s001.t015" lemma="drinking" pos="NOUN">drinking</instance>
<wf lemma="." pos=".">.</wf>
</sentence>
<sentence id="d002.s002">
<wf lemma="the" pos="DET">The</wf>
<wf lemma="man" pos="NOUN">man</wf>
<wf lemma="with" pos="ADP">with</wf>
<wf lemma="the" pos="DET">the</wf>
<instance id="d002.s002.t001" lemma="clipboard" pos="NOUN">clipboard</instance>
<wf lemma="represent" pos="VERB">represented</wf>
<wf lemma="a" pos="DET">a</wf>
<instance id="d002.s002.t003" lemma="halfhearted" pos="ADJ">halfhearted</instance>
<wf lemma="attempt" pos="NOUN">attempt</wf>
<wf lemma="to" pos="PRT">to</wf>
<wf lemma="introduce" pos="VERB">introduce</wf>
<wf lemma="a" pos="DET">a</wf>
<wf lemma="bit" pos="NOUN">bit</wf>
<wf lemma="of" pos="ADP">of</wf>
<wf lemma="les" pos="X">les</wf>
<wf lemma="sportif" pos="X">sportif</wf>
<wf lemma="into" pos="ADP">into</wf>
<wf lemma="we" pos="PRON">our</wf>
<wf lemma="itinerary" pos="NOUN">itinerary</wf>
<wf lemma="." pos=".">.</wf>
</sentence>
<sentence id="d002.s003">
<wf lemma="but" pos="CONJ">But</wf>
<wf lemma="as" pos="ADP">as</wf>
<wf lemma="the" pos="DET">the</wf>
<instance id="d002.s003.t000" lemma="french" pos="NOUN">French</instance>
<wf lemma="embody" pos="VERB">embody</wf>
<wf lemma="a" pos="DET">a</wf>
<wf lemma="zen-like" pos="ADJ">Zen-like</wf>
<wf lemma="state" pos="NOUN">state</wf>
<wf lemma="of" pos="ADP">of</wf>
<wf lemma="blase" pos="NOUN">blase</wf>
<wf lemma="when" pos="ADV">when</wf>
<wf lemma="it" pos="PRON">it</wf>
<wf lemma="come_to" pos="VERB">comes to</wf>
<instance id="d002.s003.t004" lemma="athletics" pos="NOUN">athletics</instance>
<wf lemma="(" pos=".">(</wf>
<wf lemma="try" pos="VERB">try</wf>
<wf lemma="find" pos="VERB">finding</wf>
<wf lemma="a" pos="DET">a</wf>
<wf lemma="nautilus" pos="ADJ">Nautilus</wf>
<wf lemma="machine" pos="NOUN">machine</wf>
<wf lemma="in" pos="ADP">in</wf>
<wf lemma="paris" pos="NOUN">Paris</wf>
<wf lemma=")" pos=".">)</wf>
<wf lemma="," pos=".">,</wf>
<wf lemma="my" pos="PRON">my</wf>
<wf lemma="fellow" pos="ADJ">fellow</wf>
<wf lemma="conventioners" pos="NOUN">conventioners</wf>
<wf lemma="be" pos="VERB">were</wf>
<wf lemma="have" pos="VERB">having</wf>
<wf lemma="none" pos="NOUN">none</wf>
<wf lemma="of" pos="ADP">of</wf>
<wf lemma="it" pos="PRON">it</wf>
<wf lemma="." pos=".">.</wf>
</sentence>
<sentence id="d002.s004">
<wf lemma="the" pos="DET">The</wf>
<wf lemma="diner" pos="NOUN">diners</wf>
<wf lemma="at" pos="ADP">at</wf>
<wf lemma="my" pos="PRON">my</wf>
<instance id="d002.s004.t001" lemma="table" pos="NOUN">table</instance>
<instance id="d002.s004.t002" lemma="simply" pos="ADV">simply</instance>
<wf lemma="light" pos="VERB">lit</wf>
<wf lemma="more" pos="ADJ">more</wf>
<wf lemma="gauloises" pos="NOUN">Gauloises</wf>
<wf lemma="and" pos="CONJ">and</wf>
<wf lemma="scoff" pos="VERB">scoffed</wf>
<wf lemma="at" pos="ADP">at</wf>
<wf lemma="the" pos="DET">the</wf>
<instance id="d002.s004.t005" lemma="suggestion" pos="NOUN">suggestion</instance>
<wf lemma="of" pos="ADP">of</wf>
<wf lemma="interrupt" pos="VERB">interrupting</wf>
<wf lemma="a" pos="DET">a</wf>
<instance id="d002.s004.t007" lemma="perfectly" pos="ADV">perfectly</instance>
<instance id="d002.s004.t008" lemma="good" pos="ADJ">good</instance>
<instance id="d002.s004.t009" lemma="saturday" pos="NOUN">Saturday</instance>
<wf lemma="morning" pos="NOUN">morning</wf>
<wf lemma="to" pos="PRT">to</wf>
<instance id="d002.s004.t011" lemma="go" pos="VERB">go</instance>
<instance id="d002.s004.t012" lemma="golf" pos="VERB">golfing</instance>
<wf lemma="or" pos="CONJ">or</wf>
<instance id="d002.s004.t013" lemma="even" pos="ADV">even</instance>
<wf lemma="montgolfing" pos="NOUN">montgolfing</wf>
<wf lemma="(" pos=".">(</wf>
<instance id="d002.s004.t014" lemma="ballooning" pos="NOUN">ballooning</instance>
<wf lemma="to" pos="PRT">to</wf>
<wf lemma="you" pos="PRON">you</wf>
<wf lemma=";" pos=".">;</wf>
<wf lemma="the" pos="DET">the</wf>
<instance id="d002.s004.t015" lemma="brother" pos="NOUN">brothers</instance>
<wf lemma="montgolfier" pos="NOUN">Montgolfier</wf>
<wf lemma="," pos=".">,</wf>
<instance id="d002.s004.t016" lemma="french" pos="ADJ">French</instance>
<instance id="d002.s004.t017" lemma="of_course" pos="ADV">of course</instance>
<wf lemma="," pos=".">,</wf>
<instance id="d002.s004.t018" lemma="be" pos="VERB">were</instance>
<wf lemma="the" pos="DET">the</wf>
<instance id="d002.s004.t019" lemma="world" pos="NOUN">world</instance>
<wf lemma="'s" pos="PRT">'s</wf>
<instance id="d002.s004.t020" lemma="first" pos="ADJ">first</instance>
<wf lemma="hot-air" pos="ADJ">hot-air</wf>
<instance id="d002.s004.t021" lemma="balloonist" pos="NOUN">balloonists</instance>
<wf lemma=")" pos=".">)</wf>
<wf lemma="." pos=".">.</wf>
</sentence>
<sentence id="d002.s005">
<instance id="d002.s005.t000" lemma="back" pos="ADV">Back</instance>
<wf lemma="in" pos="ADP">in</wf>
<wf lemma="the" pos="DET">the</wf>
<wf lemma="u" pos="NOUN">U</wf>
<wf lemma="." pos=".">.</wf>
<wf lemma="s" pos="NOUN">S</wf>
<wf lemma="." pos=".">.</wf>
<wf lemma="a" pos="DET">A</wf>
<wf lemma="." pos=".">.</wf>
<wf lemma="this" pos="DET">this</wf>
<instance id="d002.s005.t001" lemma="kind" pos="NOUN">kind</instance>
<wf lemma="of" pos="ADP">of</wf>
<instance id="d002.s005.t002" lemma="chichi" pos="ADJ">chi-chi</instance>
<instance id="d002.s005.t003" lemma="airborne" pos="ADJ">airborne</instance>
<instance id="d002.s005.t004" lemma="activity" pos="NOUN">activity</instance>
<wf lemma="win" pos="VERB">wins</wf>
<wf lemma="heartwarmingly" pos="ADV">heartwarmingly</wf>
<instance id="d002.s005.t006" lemma="covetous" pos="ADJ">covetous</instance>
<wf lemma="response" pos="NOUN">responses</wf>
<wf lemma="." pos=".">.</wf>
</sentence>
<sentence id="d002.s006">
<wf lemma="as" pos="ADP">As</wf>
<wf lemma="in" pos="ADP">in</wf>
<wf lemma=":" pos=".">:</wf>
<wf lemma="``" pos=".">``</wf>
<wf lemma="you" pos="PRON">You</wf>
<instance id="d002.s006.t000" lemma="go" pos="VERB">went</instance>
<wf lemma="ballooning" pos="NOUN">ballooning</wf>
<wf lemma="?" pos=".">?</wf>
<wf lemma="?" pos=".">?</wf>
<wf lemma="!" pos=".">!</wf>
<wf lemma="!" pos=".">!</wf>
</sentence>
<sentence id="d002.s007">
<wf lemma="in" pos="ADP">In</wf>
<wf lemma="france" pos="NOUN">France</wf>
<wf lemma="?" pos=".">?</wf>
<wf lemma="?" pos=".">?</wf>
<wf lemma="!" pos=".">!</wf>
<wf lemma="!" pos=".">!</wf>
<wf lemma="''" pos=".">''</wf>
</sentence>
<sentence id="d002.s008">
<instance id="d002.s008.t000" lemma="american" pos="NOUN">Americans</instance>
<wf lemma="it" pos="PRON">it</wf>
<wf lemma="seem" pos="VERB">seems</wf>
<wf lemma="have" pos="VERB">have</wf>
<wf lemma="follow" pos="VERB">followed</wf>
<wf lemma="malcolm" pos="NOUN">Malcolm</wf>
<wf lemma="forbes" pos="NOUN">Forbes</wf>
<wf lemma="'s" pos="PRT">'s</wf>
<wf lemma="hot-air" pos="ADJ">hot-air</wf>
<wf lemma="lead" pos="NOUN">lead</wf>
<wf lemma="and" pos="CONJ">and</wf>
<wf lemma="take_to" pos="VERB">taken to</wf>
<instance id="d002.s008.t005" lemma="ballooning" pos="NOUN">ballooning</instance>
<wf lemma="in" pos="ADP">in</wf>
<wf lemma="a" pos="DET">a</wf>
<instance id="d002.s008.t006" lemma="heady" pos="ADJ">heady</instance>
<instance id="d002.s008.t007" lemma="way" pos="NOUN">way</instance>
<wf lemma="." pos=".">.</wf>
</sentence>
<sentence id="d002.s009">
<wf lemma="during" pos="ADP">During</wf>
<wf lemma="the" pos="DET">the</wf>
<instance id="d002.s009.t000" lemma="past" pos="ADJ">past</instance>
<wf lemma="25" pos="NUM">25</wf>
<instance id="d002.s009.t001" lemma="year" pos="NOUN">years</instance>
<wf lemma="," pos=".">,</wf>
<wf lemma="the" pos="DET">the</wf>
<wf lemma="number" pos="NOUN">number</wf>
<wf lemma="of" pos="ADP">of</wf>
<instance id="d002.s009.t003" lemma="balloonist" pos="NOUN">balloonists</instance>
<wf lemma="(" pos=".">(</wf>
<wf lemma="those" pos="DET">those</wf>
<wf lemma="who" pos="PRON">who</wf>
<wf lemma="have" pos="VERB">have</wf>
<wf lemma="pass" pos="VERB">passed</wf>
<wf lemma="a" pos="DET">a</wf>
<wf lemma="federal" pos="NOUN">Federal</wf>
<wf lemma="aviation" pos="NOUN">Aviation</wf>
<wf lemma="authority" pos="NOUN">Authority</wf>
<instance id="d002.s009.t005" lemma="lighter-than-air" pos="ADJ">lighter-than-air</instance>
<wf lemma="test" pos="NOUN">test</wf>
<wf lemma=")" pos=".">)</wf>
<wf lemma="have" pos="VERB">have</wf>
<wf lemma="swell" pos="VERB">swelled</wf>
<wf lemma="from" pos="ADP">from</wf>
<wf lemma="a" pos="DET">a</wf>
<instance id="d002.s009.t008" lemma="couple" pos="NOUN">couple</instance>
<wf lemma="hundred" pos="NUM">hundred</wf>
<wf lemma="to" pos="PRT">to</wf>
<wf lemma="several" pos="ADJ">several</wf>
<instance id="d002.s009.t009" lemma="thousand" pos="NOUN">thousand</instance>
<wf lemma="," pos=".">,</wf>
<wf lemma="with" pos="ADP">with</wf>
<wf lemma="some" pos="DET">some</wf>
<wf lemma="estimate" pos="NOUN">estimates</wf>
<wf lemma="run" pos="VERB">running</wf>
<wf lemma="as" pos="ADV">as</wf>
<instance id="d002.s009.t012" lemma="high" pos="ADJ">high</instance>
<wf lemma="as" pos="ADP">as</wf>
<wf lemma="10" pos="NUM">10</wf>
<wf lemma="," pos=".">,</wf>
<wf lemma="000" pos="NUM">000</wf>
<wf lemma="." pos=".">.</wf>
</sentence>
<sentence id="d002.s010">
<wf lemma="some" pos="DET">Some</wf>
<wf lemma="30" pos="NUM">30</wf>
<instance id="d002.s010.t000" lemma="balloon" pos="NOUN">balloon</instance>
<instance id="d002.s010.t001" lemma="show" pos="NOUN">shows</instance>
<wf lemma="be" pos="VERB">are</wf>
<wf lemma="hold" pos="VERB">held</wf>
<instance id="d002.s010.t003" lemma="annually" pos="ADV">annually</instance>
<wf lemma="in" pos="ADP">in</wf>
<wf lemma="the" pos="DET">the</wf>
<wf lemma="u" pos="NOUN">U</wf>
<wf lemma="." pos=".">.</wf>
<wf lemma="s" pos="NOUN">S</wf>
<wf lemma="." pos=".">.</wf>
<wf lemma="," pos=".">,</wf>
<wf lemma="include" pos="VERB">including</wf>
<wf lemma="the" pos="DET">the</wf>
<instance id="d002.s010.t004" lemma="world" pos="NOUN">world</instance>
<wf lemma="'s" pos="PRT">'s</wf>
<instance id="d002.s010.t005" lemma="large" pos="ADJ">largest</instance>
<instance id="d002.s010.t006" lemma="convocation" pos="NOUN">convocation</instance>
<wf lemma="of" pos="ADP">of</wf>
<instance id="d002.s010.t007" lemma="ersatz" pos="ADJ">ersatz</instance>
<wf lemma="phineas" pos="NOUN">Phineas</wf>
<wf lemma="foggs" pos="NOUN">Foggs</wf>
<wf lemma="--" pos=".">--</wf>
<wf lemma="the" pos="DET">the</wf>
<wf lemma="nine-day" pos="ADJ">nine-day</wf>
<wf lemma="albuquerque" pos="NOUN">Albuquerque</wf>
<wf lemma="international" pos="NOUN">International</wf>
<wf lemma="balloon" pos="NOUN">Balloon</wf>
<wf lemma="fiesta" pos="NOUN">Fiesta</wf>
<wf lemma="that" pos="DET">that</wf>
<wf lemma="attract" pos="VERB">attracts</wf>
<wf lemma="some" pos="DET">some</wf>
<wf lemma="800" pos="NUM">800</wf>
<wf lemma="," pos=".">,</wf>
<wf lemma="000" pos="NUM">000</wf>
<instance id="d002.s010.t009" lemma="enthusiast" pos="NOUN">enthusiasts</instance>
<wf lemma="and" pos="CONJ">and</wf>
<wf lemma="more" pos="ADJ">more</wf>
<wf lemma="than" pos="ADP">than</wf>
<wf lemma="500" pos="NUM">500</wf>
<wf lemma="balloon" pos="NOUN">balloons</wf>
<wf lemma="," pos=".">,</wf>
<wf lemma="some" pos="DET">some</wf>
<wf lemma="of" pos="ADP">of</wf>
<wf lemma="which" pos="DET">which</wf>
<wf lemma="be" pos="VERB">are</wf>
<wf lemma="fetchingly" pos="ADV">fetchingly</wf>
<wf lemma="shape" pos="VERB">shaped</wf>
<wf lemma="to" pos="PRT">to</wf>
<wf lemma="resemble" pos="VERB">resemble</wf>
<wf lemma="carmen" pos="NOUN">Carmen</wf>
<wf lemma="miranda" pos="NOUN">Miranda</wf>
<wf lemma="," pos=".">,</wf>
<wf lemma="garfield" pos="NOUN">Garfield</wf>
<wf lemma="or" pos="CONJ">or</wf>
<wf lemma="a" pos="DET">a</wf>
<wf lemma="12-story-high" pos="ADJ">12-story-high</wf>
<instance id="d002.s010.t013" lemma="condom" pos="NOUN">condom</instance>
<wf lemma="." pos=".">.</wf>
</sentence>
<sentence id="d002.s011">
<wf lemma="(" pos=".">(</wf>
<wf lemma="the" pos="DET">The</wf>
<instance id="d002.s011.t000" lemma="condom" pos="NOUN">condom</instance>
<wf lemma="balloon" pos="NOUN">balloon</wf>
<wf lemma="be" pos="VERB">was</wf>
<wf lemma="deny" pos="VERB">denied</wf>
<instance id="d002.s011.t003" lemma="official" pos="ADJ">official</instance>
<instance id="d002.s011.t004" lemma="entry" pos="NOUN">entry</instance>
<wf lemma="status" pos="NOUN">status</wf>
<wf lemma="this" pos="DET">this</wf>
<instance id="d002.s011.t006" lemma="year" pos="NOUN">year</instance>
<wf lemma="." pos=".">.</wf>
<wf lemma=")" pos=".">)</wf>
</sentence>
<sentence id="d002.s012">
<wf lemma="but" pos="CONJ">But</wf>
<wf lemma="in" pos="ADP">in</wf>
<wf lemma="epinal" pos="NOUN">Epinal</wf>
<wf lemma="," pos=".">,</wf>
<wf lemma="a" pos="DET">a</wf>
<instance id="d002.s012.t000" lemma="gray" pos="ADJ">gray</instance>
<wf lemma="16th-century" pos="ADJ">16th-century</wf>
<instance id="d002.s012.t001" lemma="river" pos="NOUN">river</instance>
<instance id="d002.s012.t002" lemma="town" pos="NOUN">town</instance>
<instance id="d002.s012.t003" lemma="adjacent" pos="ADJ">adjacent</instance>
<wf lemma="to" pos="PRT">to</wf>
<wf lemma="france" pos="NOUN">France</wf>
<wf lemma="'s" pos="PRT">'s</wf>
<wf lemma="vosges" pos="NOUN">Vosges</wf>
<instance id="d002.s012.t004" lemma="mountain" pos="NOUN">mountain</instance>
<instance id="d002.s012.t005" lemma="region" pos="NOUN">region</instance>
<wf lemma="," pos=".">,</wf>
<wf lemma="none" pos="NOUN">none</wf>
<wf lemma="of" pos="ADP">of</wf>
<wf lemma="these" pos="DET">these</wf>
<wf lemma="yankee-come-lately" pos="ADJ">Yankee-come-lately</wf>
<instance id="d002.s012.t006" lemma="enthusiasm" pos="NOUN">enthusiasms</instance>
<wf lemma="for" pos="ADP">for</wf>
<instance id="d002.s012.t007" lemma="thing" pos="NOUN">things</instance>
<wf lemma="aloft" pos="ADV">aloft</wf>
<instance id="d002.s012.t008" lemma="be" pos="VERB">was</instance>
<instance id="d002.s012.t009" lemma="evident" pos="ADJ">evident</instance>
<wf lemma="." pos=".">.</wf>
</sentence>
<sentence id="d002.s013">
<instance id="d002.s013.t000" lemma="ballooning" pos="NOUN">Ballooning</instance>
<wf lemma="at" pos="ADP">at</wf>
<wf lemma="the" pos="DET">the</wf>
<instance id="d002.s013.t001" lemma="de_rigueur" pos="ADJ">de rigueur</instance>
<instance id="d002.s013.t002" lemma="hour" pos="NOUN">hour</instance>
<wf lemma="of" pos="ADP">of</wf>
<wf lemma="6" pos="NUM">6</wf>
<wf lemma="a" pos="DET">a</wf>
<wf lemma="." pos=".">.</wf>
<wf lemma="m" pos="NOUN">m</wf>
<wf lemma="." pos=".">.</wf>
<wf lemma="hold" pos="VERB">held</wf>
<wf lemma="all" pos="DET">all</wf>
<wf lemma="the" pos="DET">the</wf>
<wf lemma="attraction" pos="NOUN">attraction</wf>
<wf lemma="for" pos="ADP">for</wf>
<wf lemma="most" pos="ADJ">most</wf>
<instance id="d002.s013.t005" lemma="people" pos="NOUN">people</instance>
<wf lemma="of" pos="ADP">of</wf>
<instance id="d002.s013.t006" lemma="sunrise" pos="NOUN">sunrise</instance>
<wf lemma="root-canal" pos="NOUN">root-canal</wf>
<instance id="d002.s013.t007" lemma="work" pos="NOUN">work</instance>
<wf lemma="." pos=".">.</wf>
</sentence>
<sentence id="d002.s014">
<wf lemma="feel" pos="VERB">Feeling</wf>
<wf lemma="the" pos="DET">the</wf>
<wf lemma="naggings" pos="NOUN">naggings</wf>
<wf lemma="of" pos="ADP">of</wf>
<wf lemma="a" pos="DET">a</wf>
<instance id="d002.s014.t001" lemma="culture" pos="NOUN">culture</instance>
<instance id="d002.s014.t002" lemma="imperative" pos="NOUN">imperative</instance>
<wf lemma="," pos=".">,</wf>
<wf lemma="I" pos="PRON">I</wf>
<instance id="d002.s014.t003" lemma="promptly" pos="ADV">promptly</instance>
<wf lemma="sign_up" pos="VERB">signed up</wf>
<wf lemma="." pos=".">.</wf>
</sentence>
<sentence id="d002.s015">
<wf lemma="the" pos="DET">The</wf>
<instance id="d002.s015.t000" lemma="first" pos="ADJ">first</instance>
<wf lemma="thing" pos="NOUN">thing</wf>
<wf lemma="anybody" pos="NOUN">anybody</wf>
<wf lemma="will" pos="VERB">will</wf>
<wf lemma="tell" pos="VERB">tell</wf>
<wf lemma="you" pos="PRON">you</wf>
<wf lemma="about" pos="ADP">about</wf>
<instance id="d002.s015.t003" lemma="ballooning" pos="NOUN">ballooning</instance>
<instance id="d002.s015.t004" lemma="be" pos="VERB">is</instance>
<wf lemma="that" pos="ADP">that</wf>
<wf lemma="it" pos="PRON">it</wf>
<wf lemma="require" pos="VERB">requires</wf>
<wf lemma="zip" pos="NOUN">zip</wf>
<wf lemma="in" pos="ADP">in</wf>
<wf lemma="the" pos="DET">the</wf>
<instance id="d002.s015.t007" lemma="way" pos="NOUN">way</instance>
<wf lemma="of" pos="ADP">of</wf>
<instance id="d002.s015.t008" lemma="athletic" pos="ADJ">athletic</instance>
<instance id="d002.s015.t009" lemma="prowess" pos="NOUN">prowess</instance>
<wf lemma="," pos=".">,</wf>
<wf lemma="or" pos="CONJ">or</wf>
<instance id="d002.s015.t010" lemma="even" pos="ADV">even</instance>
<wf lemma="a" pos="DET">a</wf>
<instance id="d002.s015.t011" lemma="measure" pos="NOUN">measure</instance>
<wf lemma="of" pos="ADP">of</wf>
<instance id="d002.s015.t012" lemma="derring-do" pos="NOUN">derring-do</instance>
<wf lemma="." pos=".">.</wf>
</sentence>
<sentence id="d002.s016">
<wf lemma="(" pos=".">(</wf>
<wf lemma="so" pos="ADV">So</wf>
<wf lemma="long" pos="ADV">long</wf>
<wf lemma="as" pos="ADP">as</wf>
<wf lemma="you" pos="PRON">you</wf>
<wf lemma="do" pos="VERB">do</wf>
<wf lemma="n't" pos="ADV">n't</wf>
<wf lemma="look" pos="VERB">look</wf>
<instance id="d002.s016.t001" lemma="down" pos="ADV">down</instance>
<wf lemma="." pos=".">.</wf>
<wf lemma=")" pos=".">)</wf>
</sentence>
<sentence id="d002.s017">
<wf lemma="they" pos="PRON">They</wf>
<wf lemma="will" pos="VERB">will</wf>
<instance id="d002.s017.t000" lemma="also" pos="ADV">also</instance>
<wf lemma="tell" pos="VERB">tell</wf>
<wf lemma="you" pos="PRON">you</wf>
<wf lemma="that" pos="ADP">that</wf>
<instance id="d002.s017.t002" lemma="even" pos="ADV">even</instance>
<wf lemma="if" pos="ADP">if</wf>
<wf lemma="you" pos="PRON">you</wf>
<wf lemma="hate" pos="VERB">hate</wf>
<instance id="d002.s017.t004" lemma="heights" pos="NOUN">heights</instance>
<wf lemma="," pos=".">,</wf>
<wf lemma="you" pos="PRON">you</wf>
<wf lemma="can" pos="VERB">can</wf>
<instance id="d002.s017.t005" lemma="still" pos="ADV">still</instance>
<wf lemma="balloon" pos="VERB">balloon</wf>
<wf lemma="." pos=".">.</wf>
</sentence>
<sentence id="d002.s018">
<wf lemma="(" pos=".">(</wf>
<wf lemma="I" pos="PRON">I</wf>
<instance id="d002.s018.t000" lemma="still" pos="ADV">still</instance>
<wf lemma="say" pos="VERB">say</wf>
<wf lemma="do" pos="VERB">do</wf>
<wf lemma="n't" pos="ADV">n't</wf>
<wf lemma="look" pos="VERB">look</wf>
<instance id="d002.s018.t003" lemma="down" pos="ADV">down</instance>
<wf lemma="." pos=".">.</wf>
</sentence>
<sentence id="d002.s019">
<instance id="d002.s019.t000" lemma="at_least" pos="ADV">At least</instance>
<wf lemma="not" pos="ADV">not</wf>
<wf lemma="when" pos="ADV">when</wf>
<wf lemma="you" pos="PRON">you</wf>
<wf lemma="be" pos="VERB">are</wf>
<wf lemma="ascend" pos="VERB">ascending</wf>
<wf lemma="." pos=".">.</wf>
<wf lemma=")" pos=".">)</wf>
</sentence>
<sentence id="d002.s020">
<wf lemma="what" pos="PRON">What</wf>
<wf lemma="they" pos="PRON">they</wf>
<wf lemma="wo" pos="VERB">wo</wf>
<wf lemma="n't" pos="ADV">n't</wf>
<wf lemma="tell" pos="VERB">tell</wf>
<wf lemma="you" pos="PRON">you</wf>
<instance id="d002.s020.t001" lemma="be" pos="VERB">is</instance>
<wf lemma="not" pos="ADV">not</wf>
<wf lemma="to" pos="PRT">to</wf>
<wf lemma="go" pos="VERB">go</wf>
<instance id="d002.s020.t003" lemma="aloft" pos="ADV">aloft</instance>
<wf lemma="in" pos="ADP">in</wf>
<wf lemma="anything" pos="NOUN">anything</wf>
<wf lemma="you" pos="PRON">you</wf>
<wf lemma="do" pos="VERB">do</wf>
<wf lemma="n't" pos="ADV">n't</wf>
<wf lemma="want" pos="VERB">want</wf>
<wf lemma="to" pos="PRT">to</wf>
<wf lemma="get" pos="VERB">get</wf>
<instance id="d002.s020.t006" lemma="wet" pos="ADJ">wet</instance>
<wf lemma="." pos=".">.</wf>
</sentence>
<sentence id="d002.s021">
<wf lemma="I" pos="PRON">I</wf>
<wf lemma="be" pos="VERB">'m</wf>
<wf lemma="not" pos="ADV">not</wf>
<wf lemma="refer" pos="VERB">referring</wf>
<wf lemma="to" pos="PRT">to</wf>
<wf lemma="the" pos="DET">the</wf>
<instance id="d002.s021.t001" lemma="traditional" pos="ADJ">traditional</instance>
<instance id="d002.s021.t002" lemma="champagne" pos="NOUN">champagne</instance>
<wf lemma="drenching" pos="NOUN">drenching</wf>
<wf lemma="during" pos="ADP">during</wf>
<wf lemma="the" pos="DET">the</wf>
<wf lemma="back-on-terra-firma" pos="ADJ">back-on-terra-firma</wf>
<instance id="d002.s021.t003" lemma="toast" pos="NOUN">toast</instance>
<wf lemma="." pos=".">.</wf>
</sentence>
<sentence id="d002.s022">
<wf lemma="I" pos="PRON">I</wf>
<wf lemma="be" pos="VERB">'m</wf>
<wf lemma="talk" pos="VERB">talking</wf>
<wf lemma="about" pos="ADP">about</wf>
<instance id="d002.s022.t001" lemma="landing" pos="NOUN">landing</instance>
<wf lemma="in" pos="ADP">in</wf>
<wf lemma="a" pos="DET">a</wf>
<instance id="d002.s022.t002" lemma="canal" pos="NOUN">canal</instance>
<wf lemma="." pos=".">.</wf>
</sentence>
<sentence id="d002.s023">
<wf lemma="in" pos="ADP">In</wf>
<wf lemma="a" pos="DET">a</wf>
<instance id="d002.s023.t000" lemma="porous" pos="ADJ">porous</instance>
<instance id="d002.s023.t001" lemma="wicker" pos="NOUN">wicker</instance>
<instance id="d002.s023.t002" lemma="basket" pos="NOUN">basket</instance>
<wf lemma="." pos=".">.</wf>
</sentence>
<sentence id="d002.s024">
<wf lemma="with" pos="ADP">With</wf>
<wf lemma="a" pos="DET">a</wf>
<wf lemma="pilot" pos="NOUN">pilot</wf>
<wf lemma="who" pos="PRON">who</wf>
<wf lemma="speak" pos="VERB">speaks</wf>
<wf lemma="no" pos="DET">no</wf>
<instance id="d002.s024.t002" lemma="english" pos="NOUN">English</instance>
<wf lemma="." pos=".">.</wf>
</sentence>
<sentence id="d002.s025">
<wf lemma="to" pos="PRT">To</wf>
<wf lemma="wit" pos="NOUN">wit</wf>
<wf lemma="," pos=".">,</wf>
<wf lemma="my" pos="PRON">my</wf>
<instance id="d002.s025.t000" lemma="maiden" pos="ADJ">maiden</instance>
<instance id="d002.s025.t001" lemma="voyage" pos="NOUN">voyage</instance>
<wf lemma="(" pos=".">(</wf>
<wf lemma="and" pos="CONJ">and</wf>
<instance id="d002.s025.t002" lemma="novitiate" pos="NOUN">novitiates</instance>
<wf lemma="be" pos="VERB">are</wf>
<wf lemma="refer" pos="VERB">referred</wf>
<wf lemma="to" pos="PRT">to</wf>
<wf lemma="as" pos="ADP">as</wf>
<wf lemma="virgins" pos="NOUN">virgins</wf>
<wf lemma=")" pos=".">)</wf>
<wf lemma="begin" pos="VERB">began</wf>
<wf lemma="at" pos="ADP">at</wf>
<instance id="d002.s025.t004" lemma="dawn" pos="NOUN">dawn</instance>
<wf lemma="on" pos="ADP">on</wf>
<wf lemma="a" pos="DET">a</wf>
<wf lemma="dew-sodden" pos="ADJ">dew-sodden</wf>
<instance id="d002.s025.t005" lemma="fairway" pos="NOUN">fairway</instance>
<wf lemma="and" pos="CONJ">and</wf>
<wf lemma="end" pos="VERB">ended</wf>
<wf lemma="at" pos="ADP">at</wf>
<instance id="d002.s025.t007" lemma="noon" pos="NOUN">noon</instance>
<wf lemma="in" pos="ADP">in</wf>
<wf lemma="a" pos="DET">a</wf>
<instance id="d002.s025.t008" lemma="soggy" pos="ADJ">soggy</instance>
<instance id="d002.s025.t009" lemma="field" pos="NOUN">field</instance>
<wf lemma="." pos=".">.</wf>
</sentence>
<sentence id="d002.s026">
<wf lemma="(" pos=".">(</wf>
<instance id="d002.s026.t000" lemma="balloon" pos="NOUN">Balloon</instance>
<wf lemma="flight" pos="NOUN">flights</wf>
<instance id="d002.s026.t002" lemma="almost" pos="ADV">almost</instance>
<instance id="d002.s026.t003" lemma="always" pos="ADV">always</instance>
<wf lemma="occur" pos="VERB">occur</wf>
<wf lemma="at" pos="ADP">at</wf>
<instance id="d002.s026.t005" lemma="dawn" pos="NOUN">dawn</instance>
<wf lemma="or" pos="CONJ">or</wf>
<instance id="d002.s026.t006" lemma="dusk" pos="NOUN">dusk</instance>
<wf lemma="," pos=".">,</wf>
<wf lemma="when" pos="ADV">when</wf>
<wf lemma="the" pos="DET">the</wf>
<instance id="d002.s026.t007" lemma="wind" pos="NOUN">winds</instance>
<instance id="d002.s026.t008" lemma="be" pos="VERB">are</instance>
<instance id="d002.s026.t009" lemma="light" pos="ADJ">lightest</instance>
<wf lemma="." pos=".">.</wf>
<wf lemma=")" pos=".">)</wf>
</sentence>
<sentence id="d002.s027">
<wf lemma="in" pos="ADP">In</wf>
<instance id="d002.s027.t000" lemma="between" pos="ADV">between</instance>
<wf lemma="come" pos="VERB">came</wf>
<wf lemma="lots" pos="NOUN">lots</wf>
<wf lemma="of" pos="ADP">of</wf>
<instance id="d002.s027.t003" lemma="coffee" pos="NOUN">coffee</instance>
<instance id="d002.s027.t004" lemma="drinking" pos="NOUN">drinking</instance>
<wf lemma="while" pos="ADP">while</wf>
<wf lemma="watch" pos="VERB">watching</wf>
<wf lemma="the" pos="DET">the</wf>
<wf lemma="balloon" pos="NOUN">balloons</wf>
<wf lemma="inflate" pos="VERB">inflate</wf>
<wf lemma="and" pos="CONJ">and</wf>
<instance id="d002.s027.t008" lemma="lots" pos="NOUN">lots</instance>
<wf lemma="of" pos="ADP">of</wf>
<wf lemma="standing" pos="NOUN">standing</wf>
<wf lemma="around" pos="ADV">around</wf>
<wf lemma="deciding" pos="NOUN">deciding</wf>
<wf lemma="who" pos="PRON">who</wf>
<wf lemma="would" pos="VERB">would</wf>
<wf lemma="fly" pos="VERB">fly</wf>
<wf lemma="in" pos="ADP">in</wf>
<wf lemma="what" pos="DET">what</wf>
<instance id="d002.s027.t012" lemma="balloon" pos="NOUN">balloon</instance>
<wf lemma="and" pos="CONJ">and</wf>
<wf lemma="in" pos="ADP">in</wf>
<wf lemma="what" pos="DET">what</wf>
<instance id="d002.s027.t013" lemma="order" pos="NOUN">order</instance>
<wf lemma="(" pos=".">(</wf>
<wf lemma="the" pos="DET">the</wf>
<wf lemma="basket" pos="NOUN">baskets</wf>
<wf lemma="hold" pos="VERB">hold</wf>
<wf lemma="no" pos="ADV">no</wf>
<wf lemma="more" pos="ADJ">more</wf>
<wf lemma="than" pos="ADP">than</wf>
<instance id="d002.s027.t016" lemma="four" pos="ADJ">four</instance>
<instance id="d002.s027.t017" lemma="passenger" pos="NOUN">passengers</instance>
<wf lemma=")" pos=".">)</wf>
<wf lemma="." pos=".">.</wf>
</sentence>
<sentence id="d002.s028">
<wf lemma="when" pos="ADV">When</wf>
<wf lemma="it" pos="PRON">it</wf>
<wf lemma="be" pos="VERB">was</wf>
<wf lemma="n't" pos="ADV">n't</wf>
<wf lemma="my" pos="PRON">my</wf>
<instance id="d002.s028.t000" lemma="turn" pos="NOUN">turn</instance>
<wf lemma="in" pos="ADP">in</wf>
<wf lemma="the" pos="DET">the</wf>
<instance id="d002.s028.t001" lemma="balloon" pos="NOUN">balloon</instance>
<wf lemma="I" pos="PRON">I</wf>
<wf lemma="follow" pos="VERB">followed</wf>
<wf lemma="its" pos="PRON">its</wf>
<wf lemma="progress" pos="NOUN">progress</wf>
<wf lemma="from" pos="ADP">from</wf>
<wf lemma="the" pos="DET">the</wf>
<wf lemma="``" pos=".">``</wf>
<wf lemma="chase" pos="ADJ">chase</wf>
<instance id="d002.s028.t004" lemma="car" pos="NOUN">car</instance>
<wf lemma="," pos=".">,</wf>
<wf lemma="''" pos=".">''</wf>
<wf lemma="listen" pos="VERB">listening</wf>
<wf lemma="to" pos="PRT">to</wf>
<wf lemma="the" pos="DET">the</wf>
<wf lemma="driver" pos="NOUN">driver</wf>
<wf lemma="holler" pos="VERB">holler</wf>
<wf lemma="into" pos="ADP">into</wf>
<wf lemma="a" pos="DET">a</wf>
<instance id="d002.s028.t008" lemma="walkie-talkie" pos="NOUN">walkie-talkie</instance>
<wf lemma="." pos=".">.</wf>
</sentence>
<sentence id="d002.s029">
<wf lemma="after" pos="ADP">After</wf>
<instance id="d002.s029.t000" lemma="long" pos="ADJ">long</instance>
<instance id="d002.s029.t001" lemma="stretch" pos="NOUN">stretches</instance>
<wf lemma="of" pos="ADP">of</wf>
<wf lemma="this" pos="DET">this</wf>
<instance id="d002.s029.t002" lemma="attendant" pos="ADJ">attendant</instance>
<wf lemma="ground" pos="NOUN">ground</wf>
<instance id="d002.s029.t003" lemma="activity" pos="NOUN">activity</instance>
<wf lemma="come" pos="VERB">came</wf>
<wf lemma="20" pos="NUM">20</wf>
<wf lemma="or" pos="CONJ">or</wf>
<wf lemma="so" pos="ADV">so</wf>
<instance id="d002.s029.t005" lemma="lovely" pos="ADJ">lovely</instance>
<wf lemma="minute" pos="NOUN">minutes</wf>
<wf lemma="of" pos="ADP">of</wf>
<wf lemma="drifting" pos="NOUN">drifting</wf>
<wf lemma="above" pos="ADP">above</wf>
<wf lemma="the" pos="DET">the</wf>
<wf lemma="vosges" pos="NOUN">Vosges</wf>
<wf lemma="watch" pos="VERB">watching</wf>
<wf lemma="the" pos="DET">the</wf>
<instance id="d002.s029.t009" lemma="silver" pos="ADJ">silver</instance>
<instance id="d002.s029.t010" lemma="mist" pos="NOUN">mists</instance>
<wf lemma="rise" pos="VERB">rise</wf>
<wf lemma="off" pos="ADP">off</wf>
<wf lemma="the" pos="DET">the</wf>
<instance id="d002.s029.t012" lemma="river" pos="NOUN">river</instance>
<wf lemma="and" pos="CONJ">and</wf>
<wf lemma="the" pos="DET">the</wf>
<instance id="d002.s029.t013" lemma="french" pos="ADJ">French</instance>
<wf lemma="cow" pos="NOUN">cows</wf>
<wf lemma="amble" pos="VERB">amble</wf>
<wf lemma="about" pos="ADP">about</wf>
<wf lemma="the" pos="DET">the</wf>
<instance id="d002.s029.t016" lemma="field" pos="NOUN">fields</instance>
<wf lemma="." pos=".">.</wf>
</sentence>
<sentence id="d002.s030">
<wf lemma="it" pos="PRON">It</wf>
<wf lemma="'" pos="VERB">'s</wf>
<instance id="d002.s030.t000" lemma="hard" pos="ADJ">hard</instance>
<wf lemma="not" pos="ADV">not</wf>
<wf lemma="to" pos="PRT">to</wf>
<wf lemma="feel" pos="VERB">feel</wf>
<wf lemma="that" pos="ADP">that</wf>
<instance id="d002.s030.t002" lemma="god" pos="NOUN">God</instance>
<wf lemma="'s" pos="PRT">'s</wf>
<wf lemma="in" pos="ADP">in</wf>
<wf lemma="he" pos="PRON">his</wf>
<instance id="d002.s030.t003" lemma="heaven" pos="NOUN">heaven</instance>
<wf lemma="with" pos="ADP">with</wf>
<wf lemma="this" pos="DET">this</wf>
<instance id="d002.s030.t004" lemma="kind" pos="NOUN">kind</instance>
<wf lemma="of" pos="ADP">of</wf>
<instance id="d002.s030.t005" lemma="bird's-eye" pos="ADJ">bird's-eye</instance>
<instance id="d002.s030.t006" lemma="view" pos="NOUN">view</instance>
<wf lemma="of" pos="ADP">of</wf>
<wf lemma="the" pos="DET">the</wf>
<instance id="d002.s030.t007" lemma="world" pos="NOUN">world</instance>
<wf lemma="," pos=".">,</wf>
<instance id="d002.s030.t008" lemma="even" pos="ADV">even</instance>
<wf lemma="if" pos="ADP">if</wf>
<wf lemma="you" pos="PRON">your</wf>
<wf lemma="pilote" pos="X">pilote</wf>
<wf lemma="in" pos="ADP">in</wf>
<instance id="d002.s030.t009" lemma="silly" pos="ADJ">silly</instance>
<instance id="d002.s030.t010" lemma="plaid" pos="NOUN">plaid</instance>
<instance id="d002.s030.t011" lemma="beret" pos="NOUN">beret</instance>
<wf lemma="keep" pos="VERB">kept</wf>
<wf lemma="point_out" pos="VERB">pointing out</wf>
<wf lemma="how" pos="ADV">how</wf>
<wf lemma="``" pos=".">``</wf>
<wf lemma="belle" pos="X">belle</wf>
<wf lemma="''" pos=".">''</wf>
<wf lemma="it" pos="PRON">it</wf>
<wf lemma="all" pos="DET">all</wf>
<instance id="d002.s030.t014" lemma="be" pos="VERB">was</instance>
<wf lemma="." pos=".">.</wf>
</sentence>
<sentence id="d002.s031">
<instance id="d002.s031.t000" lemma="eventually" pos="ADV">Eventually</instance>
<instance id="d002.s031.t001" lemma="little" pos="ADJ">little</instance>
<instance id="d002.s031.t002" lemma="french" pos="ADJ">French</instance>
<instance id="d002.s031.t003" lemma="farmer" pos="NOUN">farmers</instance>
<wf lemma="and" pos="CONJ">and</wf>
<wf lemma="they" pos="PRON">their</wf>
<instance id="d002.s031.t004" lemma="little" pos="ADJ">little</instance>
<instance id="d002.s031.t005" lemma="french" pos="ADJ">French</instance>
<wf lemma="farmwives" pos="NOUN">farmwives</wf>
<wf lemma="come" pos="VERB">came</wf>
<wf lemma="out" pos="ADP">out</wf>
<wf lemma="of" pos="ADP">of</wf>
<wf lemma="they" pos="PRON">their</wf>
<instance id="d002.s031.t007" lemma="stone" pos="NOUN">stone</instance>
<instance id="d002.s031.t008" lemma="house" pos="NOUN">houses</instance>
<wf lemma="and" pos="CONJ">and</wf>
<wf lemma="put" pos="VERB">put</wf>
<wf lemma="they" pos="PRON">their</wf>
<wf lemma="hand" pos="NOUN">hands</wf>
<wf lemma="above" pos="ADP">above</wf>
<wf lemma="they" pos="PRON">their</wf>
<instance id="d002.s031.t011" lemma="tiny" pos="ADJ">tiny</instance>
<instance id="d002.s031.t012" lemma="eye" pos="NOUN">eyes</instance>
<wf lemma="and" pos="CONJ">and</wf>
<wf lemma="squint" pos="VERB">squinted</wf>
<wf lemma="at" pos="ADP">at</wf>
<wf lemma="we" pos="PRON">us</wf>
<wf lemma="." pos=".">.</wf>
</sentence>
<sentence id="d002.s032">
<wf lemma="no" pos="DET">No</wf>
<instance id="d002.s032.t000" lemma="wonder" pos="NOUN">wonder</instance>
<wf lemma="." pos=".">.</wf>
</sentence>
<sentence id="d002.s033">
<wf lemma="we" pos="PRON">We</wf>
<wf lemma="be" pos="VERB">were</wf>
<wf lemma="come_down" pos="VERB">coming down</wf>
<instance id="d002.s033.t001" lemma="straight" pos="ADV">straight</instance>
<wf lemma="into" pos="ADP">into</wf>
<wf lemma="they" pos="PRON">their</wf>
<instance id="d002.s033.t002" lemma="canal" pos="NOUN">canal</instance>
<wf lemma="." pos=".">.</wf>
</sentence>
<sentence id="d002.s034">
<wf lemma="see" pos="VERB">See</wf>
<wf lemma="," pos=".">,</wf>
<wf lemma="the" pos="DET">the</wf>
<instance id="d002.s034.t001" lemma="other" pos="ADJ">other</instance>
<instance id="d002.s034.t002" lemma="rule_of_thumb" pos="NOUN">rule of thumb</instance>
<wf lemma="about" pos="ADP">about</wf>
<instance id="d002.s034.t003" lemma="ballooning" pos="NOUN">ballooning</instance>
<instance id="d002.s034.t004" lemma="be" pos="VERB">is</instance>
<wf lemma="that" pos="ADP">that</wf>
<wf lemma="you" pos="PRON">you</wf>
<wf lemma="ca" pos="VERB">ca</wf>
<wf lemma="n't" pos="ADV">n't</wf>
<wf lemma="steer" pos="VERB">steer</wf>
<wf lemma="." pos=".">.</wf>
</sentence>
<sentence id="d002.s035">
<wf lemma="and" pos="CONJ">And</wf>
<wf lemma="neither" pos="DET">neither</wf>
<wf lemma="can" pos="VERB">can</wf>
<wf lemma="you" pos="PRON">your</wf>
<instance id="d002.s035.t000" lemma="pilot" pos="NOUN">pilot</instance>
<wf lemma="." pos=".">.</wf>
</sentence>
<sentence id="d002.s036">
<wf lemma="you" pos="PRON">You</wf>
<wf lemma="can" pos="VERB">can</wf>
<wf lemma="go" pos="VERB">go</wf>
<instance id="d002.s036.t001" lemma="only" pos="ADV">only</instance>
<wf lemma="up" pos="ADV">up</wf>
<wf lemma="or" pos="CONJ">or</wf>
<wf lemma="down" pos="ADV">down</wf>
<wf lemma="(" pos=".">(</wf>
<wf lemma="by" pos="ADP">by</wf>
<wf lemma="heat" pos="VERB">heating</wf>
<wf lemma="the" pos="DET">the</wf>
<instance id="d002.s036.t003" lemma="balloon" pos="NOUN">balloon</instance>
<wf lemma="'s" pos="PRT">'s</wf>
<wf lemma="air" pos="NOUN">air</wf>
<wf lemma="with" pos="ADP">with</wf>
<wf lemma="a" pos="DET">a</wf>
<instance id="d002.s036.t005" lemma="propane" pos="NOUN">propane</instance>
<wf lemma="burner" pos="NOUN">burner</wf>
<wf lemma="," pos=".">,</wf>
<wf lemma="which" pos="DET">which</wf>
<wf lemma="do" pos="VERB">does</wf>
<wf lemma="make" pos="VERB">make</wf>
<wf lemma="the" pos="DET">the</wf>
<wf lemma="top" pos="NOUN">top</wf>
<wf lemma="of" pos="ADP">of</wf>
<wf lemma="you" pos="PRON">your</wf>
<instance id="d002.s036.t009" lemma="head" pos="NOUN">head</instance>
<wf lemma="feel" pos="VERB">feel</wf>
<instance id="d002.s036.t011" lemma="hot" pos="ADJ">hot</instance>
<wf lemma=")" pos=".">)</wf>
<wf lemma="and" pos="CONJ">and</wf>
<wf lemma="ride" pos="VERB">ride</wf>
<wf lemma="the" pos="DET">the</wf>
<instance id="d002.s036.t013" lemma="air" pos="NOUN">air</instance>
<wf lemma="current" pos="NOUN">currents</wf>
<wf lemma="." pos=".">.</wf>
</sentence>
<sentence id="d002.s037">
<wf lemma="which" pos="DET">Which</wf>
<wf lemma="make" pos="VERB">makes</wf>
<wf lemma="the" pos="DET">the</wf>
<wf lemma="chase" pos="ADJ">chase</wf>
<wf lemma="car" pos="NOUN">car</wf>
<instance id="d002.s037.t002" lemma="necessary" pos="ADJ">necessary</instance>
<wf lemma="." pos=".">.</wf>
</sentence>
<sentence id="d002.s038">
<wf lemma="most" pos="ADJ">Most</wf>
<instance id="d002.s038.t000" lemma="balloonist" pos="NOUN">balloonists</instance>
<instance id="d002.s038.t001" lemma="seldom" pos="ADV">seldom</instance>
<wf lemma="go" pos="VERB">go</wf>
<instance id="d002.s038.t003" lemma="high" pos="ADJ">higher</instance>
<wf lemma="than" pos="ADP">than</wf>
<wf lemma="2" pos="NUM">2</wf>
<wf lemma="," pos=".">,</wf>
<wf lemma="000" pos="NUM">000</wf>
<instance id="d002.s038.t004" lemma="foot" pos="NOUN">feet</instance>
<wf lemma="and" pos="CONJ">and</wf>
<wf lemma="most" pos="ADV">most</wf>
<wf lemma="average" pos="VERB">average</wf>
<wf lemma="a" pos="DET">a</wf>
<instance id="d002.s038.t006" lemma="leisurely" pos="ADJ">leisurely</instance>
<wf lemma="5-10" pos="NUM">5-10</wf>
<instance id="d002.s038.t007" lemma="mile" pos="NOUN">miles</instance>
<wf lemma="a" pos="DET">an</wf>
<wf lemma="hour" pos="NOUN">hour</wf>
<wf lemma="." pos=".">.</wf>
</sentence>
<sentence id="d002.s039">
<wf lemma="when" pos="ADV">When</wf>
<wf lemma="the" pos="DET">the</wf>
<wf lemma="balloon" pos="NOUN">balloon</wf>
<wf lemma="be" pos="VERB">is</wf>
<wf lemma="cruise" pos="VERB">cruising</wf>
<instance id="d002.s039.t002" lemma="along" pos="ADV">along</instance>
<wf lemma="at" pos="ADP">at</wf>
<wf lemma="a" pos="DET">a</wf>
<instance id="d002.s039.t003" lemma="steady" pos="ADJ">steady</instance>
<instance id="d002.s039.t004" lemma="altitude" pos="NOUN">altitude</instance>
<wf lemma="there" pos="DET">there</wf>
<instance id="d002.s039.t005" lemma="be" pos="VERB">is</instance>
<instance id="d002.s039.t006" lemma="little" pos="ADJ">little</instance>
<instance id="d002.s039.t007" lemma="sense" pos="NOUN">sense</instance>
<wf lemma="of" pos="ADP">of</wf>
<instance id="d002.s039.t008" lemma="motion" pos="NOUN">motion</instance>
<wf lemma="." pos=".">.</wf>
</sentence>
<sentence id="d002.s040">
<instance id="d002.s040.t000" lemma="only" pos="ADV">Only</instance>
<wf lemma="when" pos="ADV">when</wf>
<wf lemma="one" pos="NUM">one</wf>
<wf lemma="be" pos="VERB">is</wf>
<wf lemma="ascend" pos="VERB">ascending</wf>
<wf lemma="--" pos=".">--</wf>
<wf lemma="or" pos="CONJ">or</wf>
<wf lemma="in" pos="ADP">in</wf>
<wf lemma="we" pos="PRON">our</wf>
<instance id="d002.s040.t002" lemma="case" pos="NOUN">case</instance>
<wf lemma="descend" pos="VERB">descending</wf>
<wf lemma="a" pos="DET">a</wf>
<wf lemma="tad" pos="NOUN">tad</wf>
<wf lemma="trop" pos="X">trop</wf>
<wf lemma="rapidement" pos="X">rapidement</wf>
<wf lemma="--" pos=".">--</wf>
<wf lemma="do" pos="VERB">does</wf>
<wf lemma="one" pos="NUM">one</wf>
<instance id="d002.s040.t004" lemma="feel" pos="VERB">feel</instance>
<wf lemma="," pos=".">,</wf>
<wf lemma="well" pos="ADV">well</wf>
<wf lemma="," pos=".">,</wf>
<instance id="d002.s040.t005" lemma="airborne" pos="ADJ">airborne</instance>
<wf lemma="in" pos="ADP">in</wf>
<wf lemma="a" pos="DET">a</wf>
<instance id="d002.s040.t006" lemma="picnic" pos="NOUN">picnic</instance>
<instance id="d002.s040.t007" lemma="basket" pos="NOUN">basket</instance>
<wf lemma="." pos=".">.</wf>
</sentence>
<sentence id="d002.s041">
<wf lemma="``" pos=".">``</wf>
<wf lemma="what" pos="PRON">What</wf>
<wf lemma="'" pos="VERB">'s</wf>
<wf lemma="he" pos="PRON">he</wf>
<wf lemma="do" pos="VERB">doing</wf>
<wf lemma="?" pos=".">?</wf>
<wf lemma="''" pos=".">''</wf>
<wf lemma="hiss" pos="VERB">hissed</wf>
<wf lemma="my" pos="PRON">my</wf>
<wf lemma="companion" pos="NOUN">companion</wf>
<wf lemma="," pos=".">,</wf>
<wf lemma="who" pos="PRON">who</wf>
<instance id="d002.s041.t002" lemma="be" pos="VERB">was</instance>
<wf lemma="the" pos="DET">the</wf>
<instance id="d002.s041.t003" lemma="only" pos="ADV">only</instance>
<wf lemma="other" pos="ADJ">other</wf>
<instance id="d002.s041.t004" lemma="english-speaking" pos="ADJ">English-speaking</instance>
<instance id="d002.s041.t005" lemma="member" pos="NOUN">member</instance>
<wf lemma="of" pos="ADP">of</wf>
<wf lemma="the" pos="DET">the</wf>
<instance id="d002.s041.t006" lemma="convention" pos="NOUN">convention</instance>
<wf lemma="and" pos="CONJ">and</wf>
<wf lemma="whose" pos="PRON">whose</wf>
<instance id="d002.s041.t007" lemma="knuckle" pos="NOUN">knuckles</instance>
<instance id="d002.s041.t008" lemma="be" pos="VERB">were</instance>
<instance id="d002.s041.t009" lemma="white" pos="ADJ">white</instance>
<wf lemma="." pos=".">.</wf>
</sentence>
<sentence id="d002.s042">
<wf lemma="``" pos=".">``</wf>
<wf lemma="attention" pos="NOUN">Attention</wf>
<wf lemma="," pos=".">,</wf>
<wf lemma="''" pos=".">''</wf>
<wf lemma="yell" pos="VERB">yelled</wf>
<wf lemma="we" pos="PRON">our</wf>
<wf lemma="pilot" pos="NOUN">pilot</wf>
<wf lemma="as" pos="ADP">as</wf>
<wf lemma="we" pos="PRON">our</wf>
<wf lemma="basket" pos="NOUN">basket</wf>
<wf lemma="plunge" pos="VERB">plunged</wf>
<wf lemma="into" pos="ADP">into</wf>
<wf lemma="the" pos="DET">the</wf>
<instance id="d002.s042.t004" lemma="canal" pos="NOUN">canal</instance>
<wf lemma="." pos=".">.</wf>
</sentence>
<sentence id="d002.s043">
<wf lemma="``" pos=".">``</wf>
<wf lemma="you" pos="PRON">You</wf>
<wf lemma="bet" pos="VERB">bet</wf>
<wf lemma="attention" pos="NOUN">attention</wf>
<wf lemma="," pos=".">,</wf>
<wf lemma="''" pos=".">''</wf>
<wf lemma="I" pos="PRON">I</wf>
<wf lemma="yell" pos="VERB">yelled</wf>
<instance id="d002.s043.t001" lemma="back" pos="ADV">back</instance>
<wf lemma="," pos=".">,</wf>
<wf lemma="leap" pos="VERB">leaping</wf>
<instance id="d002.s043.t003" lemma="atop" pos="ADV">atop</instance>
<wf lemma="the" pos="DET">the</wf>
<instance id="d002.s043.t004" lemma="propane" pos="NOUN">propane</instance>
<instance id="d002.s043.t005" lemma="tank" pos="NOUN">tanks</instance>
<wf lemma="," pos=".">,</wf>
<wf lemma="``" pos=".">``</wf>
<wf lemma="I" pos="PRON">I</wf>
<wf lemma="be" pos="VERB">'m</wf>
<wf lemma="wear" pos="VERB">wearing</wf>
<instance id="d002.s043.t007" lemma="alligator" pos="NOUN">alligator</instance>
<wf lemma="loafer" pos="NOUN">loafers</wf>
<wf lemma="!" pos=".">!</wf>
<wf lemma="''" pos=".">''</wf>
</sentence>
<sentence id="d002.s044">
<wf lemma="we" pos="PRON">Our</wf>
<wf lemma="pilot" pos="NOUN">pilot</wf>
<instance id="d002.s044.t001" lemma="simply" pos="ADV">simply</instance>
<wf lemma="laugh" pos="VERB">laughed</wf>
<wf lemma="," pos=".">,</wf>
<wf lemma="fire" pos="VERB">fired</wf>
<wf lemma="up" pos="PRT">up</wf>
<wf lemma="the" pos="DET">the</wf>
<wf lemma="burner" pos="NOUN">burner</wf>
<wf lemma="and" pos="CONJ">and</wf>
<wf lemma="with" pos="ADP">with</wf>
<wf lemma="another" pos="DET">another</wf>
<instance id="d002.s044.t004" lemma="blast" pos="NOUN">blast</instance>
<wf lemma="of" pos="ADP">of</wf>
<instance id="d002.s044.t005" lemma="flame" pos="NOUN">flame</instance>
<wf lemma="lift" pos="VERB">lifted</wf>
<wf lemma="we" pos="PRON">us</wf>
<wf lemma="," pos=".">,</wf>
<wf lemma="oh" pos="X">oh</wf>
<wf lemma="," pos=".">,</wf>
<wf lemma="a" pos="DET">a</wf>
<instance id="d002.s044.t007" lemma="good" pos="ADJ">good</instance>
<wf lemma="12-inches" pos="NOUN">12-inches</wf>
<wf lemma="above" pos="ADP">above</wf>
<wf lemma="the" pos="DET">the</wf>
<instance id="d002.s044.t008" lemma="water" pos="NOUN">water</instance>
<instance id="d002.s044.t009" lemma="level" pos="NOUN">level</instance>
<wf lemma="." pos=".">.</wf>
</sentence>
<sentence id="d002.s045">
<wf lemma="we" pos="PRON">We</wf>
<wf lemma="scuttle" pos="VERB">scuttled</wf>
<instance id="d002.s045.t001" lemma="along" pos="ADV">along</instance>
<wf lemma="for" pos="ADP">for</wf>
<wf lemma="a" pos="DET">a</wf>
<wf lemma="few" pos="ADJ">few</wf>
<instance id="d002.s045.t002" lemma="foot" pos="NOUN">feet</instance>
<wf lemma="before" pos="ADP">before</wf>
<wf lemma="he" pos="PRON">he</wf>
<wf lemma="plunge" pos="VERB">plunged</wf>
<wf lemma="we" pos="PRON">us</wf>
<wf lemma="into" pos="ADP">into</wf>
<wf lemma="the" pos="DET">the</wf>
<instance id="d002.s045.t004" lemma="drink" pos="NOUN">drink</instance>
<instance id="d002.s045.t005" lemma="again" pos="ADV">again</instance>
<wf lemma="." pos=".">.</wf>
</sentence>
<sentence id="d002.s046">
<instance id="d002.s046.t000" lemma="eventually" pos="ADV">Eventually</instance>
<wf lemma="we" pos="PRON">we</wf>
<wf lemma="come" pos="VERB">came</wf>
<wf lemma="to" pos="PRT">to</wf>
<wf lemma="rest" pos="VERB">rest</wf>
<wf lemma="in" pos="ADP">in</wf>
<wf lemma="a" pos="DET">a</wf>
<instance id="d002.s046.t003" lemma="soggy" pos="ADJ">soggy</instance>
<instance id="d002.s046.t004" lemma="patch" pos="NOUN">patch</instance>
<wf lemma="of" pos="ADP">of</wf>
<instance id="d002.s046.t005" lemma="field" pos="NOUN">field</instance>
<wf lemma="where" pos="ADV">where</wf>
<wf lemma="we" pos="PRON">we</wf>
<wf lemma="have" pos="VERB">had</wf>
<wf lemma="the" pos="DET">the</wf>
<instance id="d002.s046.t007" lemma="exquisite" pos="ADJ">exquisite</instance>
<wf lemma="pleasure" pos="NOUN">pleasure</wf>
<wf lemma="of" pos="ADP">of</wf>
<wf lemma="scramble" pos="VERB">scrambling</wf>
<wf lemma="out" pos="ADP">out</wf>
<wf lemma="of" pos="ADP">of</wf>
<wf lemma="the" pos="DET">the</wf>
<instance id="d002.s046.t010" lemma="basket" pos="NOUN">basket</instance>
<wf lemma="into" pos="ADP">into</wf>
<wf lemma="the" pos="DET">the</wf>
<instance id="d002.s046.t011" lemma="mud" pos="NOUN">mud</instance>
<wf lemma="while" pos="ADP">while</wf>
<wf lemma="the" pos="DET">the</wf>
<instance id="d002.s046.t012" lemma="french" pos="ADJ">French</instance>
<wf lemma="half" pos="NOUN">half</wf>
<wf lemma="of" pos="ADP">of</wf>
<wf lemma="we" pos="PRON">our</wf>
<instance id="d002.s046.t014" lemma="ballooning" pos="NOUN">ballooning</instance>
<instance id="d002.s046.t015" lemma="tag" pos="NOUN">tag</instance>
<instance id="d002.s046.t016" lemma="team" pos="NOUN">team</instance>
<wf lemma="scramble" pos="VERB">scrambled</wf>
<wf lemma="in" pos="ADP">in</wf>
<wf lemma="." pos=".">.</wf>
</sentence>
<sentence id="d002.s047">
<wf lemma="I" pos="PRON">I</wf>
<wf lemma="look" pos="VERB">looked</wf>
<wf lemma="at" pos="ADP">at</wf>
<wf lemma="my" pos="PRON">my</wf>
<instance id="d002.s047.t001" lemma="watch" pos="NOUN">watch</instance>
<wf lemma="." pos=".">.</wf>
</sentence>
<sentence id="d002.s048">
<instance id="d002.s048.t000" lemma="barely" pos="ADV">Barely</instance>
<wf lemma="half-an-hour" pos="NOUN">half-an-hour</wf>
<instance id="d002.s048.t001" lemma="aloft" pos="ADV">aloft</instance>
<wf lemma="." pos=".">.</wf>
</sentence>
<sentence id="d002.s049">
<instance id="d002.s049.t000" lemma="back" pos="ADV">Back</instance>
<wf lemma="in" pos="ADP">in</wf>
<wf lemma="the" pos="DET">the</wf>
<wf lemma="chase" pos="NOUN">chase</wf>
<instance id="d002.s049.t001" lemma="car" pos="NOUN">car</instance>
<wf lemma="," pos=".">,</wf>
<wf lemma="we" pos="PRON">we</wf>
<wf lemma="drive" pos="VERB">drove</wf>
<wf lemma="around" pos="ADP">around</wf>
<wf lemma="some" pos="DET">some</wf>
<wf lemma="more" pos="ADJ">more</wf>
<wf lemma="," pos=".">,</wf>
<wf lemma="get" pos="VERB">got</wf>
<wf lemma="stick" pos="VERB">stuck</wf>
<wf lemma="in" pos="ADP">in</wf>
<wf lemma="a" pos="DET">a</wf>
<instance id="d002.s049.t005" lemma="ditch" pos="NOUN">ditch</instance>
<wf lemma="," pos=".">,</wf>
<wf lemma="enlist" pos="VERB">enlisted</wf>
<wf lemma="the" pos="DET">the</wf>
<wf lemma="aid" pos="NOUN">aid</wf>
<wf lemma="of" pos="ADP">of</wf>
<wf lemma="a" pos="DET">a</wf>
<instance id="d002.s049.t008" lemma="local" pos="ADJ">local</instance>
<wf lemma="farmer" pos="NOUN">farmer</wf>
<wf lemma="to" pos="PRT">to</wf>
<wf lemma="get_out" pos="VERB">get out</wf>
<wf lemma="the" pos="DET">the</wf>
<instance id="d002.s049.t011" lemma="trailer" pos="NOUN">trailer</instance>
<wf lemma="hitch" pos="NOUN">hitch</wf>
<wf lemma="and" pos="CONJ">and</wf>
<wf lemma="pull" pos="VERB">pull</wf>
<wf lemma="we" pos="PRON">us</wf>
<wf lemma="out" pos="ADP">out</wf>
<wf lemma="of" pos="ADP">of</wf>
<wf lemma="the" pos="DET">the</wf>
<instance id="d002.s049.t014" lemma="ditch" pos="NOUN">ditch</instance>
<wf lemma="." pos=".">.</wf>
</sentence>
<sentence id="d002.s050">
<wf lemma="we" pos="PRON">We</wf>
<instance id="d002.s050.t000" lemma="finally" pos="ADV">finally</instance>
<wf lemma="rendezvous" pos="VERB">rendezvoused</wf>
<wf lemma="with" pos="ADP">with</wf>
<wf lemma="we" pos="PRON">our</wf>
<wf lemma="balloon" pos="NOUN">balloon</wf>
<wf lemma="," pos=".">,</wf>
<wf lemma="which" pos="DET">which</wf>
<wf lemma="have" pos="VERB">had</wf>
<wf lemma="come" pos="VERB">come</wf>
<wf lemma="to" pos="PRT">to</wf>
<wf lemma="rest" pos="VERB">rest</wf>
<wf lemma="on" pos="ADP">on</wf>
<wf lemma="a" pos="DET">a</wf>
<instance id="d002.s050.t005" lemma="dirt" pos="NOUN">dirt</instance>
<instance id="d002.s050.t006" lemma="road" pos="NOUN">road</instance>
<wf lemma="amid" pos="ADP">amid</wf>
<wf lemma="a" pos="DET">a</wf>
<instance id="d002.s050.t007" lemma="clutch" pos="NOUN">clutch</instance>
<wf lemma="of" pos="ADP">of</wf>
<wf lemma="epinalers" pos="NOUN">Epinalers</wf>
<wf lemma="who" pos="PRON">who</wf>
<wf lemma="watch" pos="VERB">watched</wf>
<wf lemma="we" pos="PRON">us</wf>
<wf lemma="disassemble" pos="VERB">disassemble</wf>
<wf lemma="we" pos="PRON">our</wf>
<wf lemma="craft" pos="NOUN">craft</wf>
<wf lemma="--" pos=".">--</wf>
<wf lemma="another" pos="DET">another</wf>
<wf lemma="half-an-hour" pos="NOUN">half-an-hour</wf>
<wf lemma="of" pos="ADP">of</wf>
<wf lemma="non-flight" pos="ADJ">non-flight</wf>
<wf lemma="activity" pos="NOUN">activity</wf>
<wf lemma="--" pos=".">--</wf>
<wf lemma="that" pos="DET">that</wf>
<wf lemma="include" pos="VERB">included</wf>
<wf lemma="the" pos="DET">the</wf>
<instance id="d002.s050.t013" lemma="precision" pos="NOUN">precision</instance>
<wf lemma="routine" pos="NOUN">routine</wf>
<wf lemma="of" pos="ADP">of</wf>
<wf lemma="yank" pos="VERB">yanking</wf>
<wf lemma="the" pos="DET">the</wf>
<instance id="d002.s050.t016" lemma="balloon" pos="NOUN">balloon</instance>
<wf lemma="to" pos="PRT">to</wf>
<wf lemma="the" pos="DET">the</wf>
<instance id="d002.s050.t017" lemma="ground" pos="NOUN">ground</instance>
<wf lemma="," pos=".">,</wf>
<wf lemma="punch" pos="VERB">punching</wf>
<wf lemma="all" pos="DET">all</wf>
<wf lemma="the" pos="DET">the</wf>
<wf lemma="air" pos="NOUN">air</wf>
<wf lemma="out" pos="ADP">out</wf>
<wf lemma="of" pos="ADP">of</wf>
<wf lemma="it" pos="PRON">it</wf>
<wf lemma="," pos=".">,</wf>
<wf lemma="roll" pos="VERB">rolling</wf>
<wf lemma="it" pos="PRON">it</wf>
<wf lemma="up" pos="PRT">up</wf>
<wf lemma="and" pos="CONJ">and</wf>
<wf lemma="cram" pos="VERB">cramming</wf>
<wf lemma="it" pos="PRON">it</wf>
<wf lemma="and" pos="CONJ">and</wf>
<wf lemma="the" pos="DET">the</wf>
<wf lemma="basket" pos="NOUN">basket</wf>
<wf lemma="into" pos="ADP">into</wf>
<wf lemma="the" pos="DET">the</wf>
<instance id="d002.s050.t023" lemma="trailer" pos="NOUN">trailer</instance>
<wf lemma="." pos=".">.</wf>
</sentence>
<sentence id="d002.s051">
<wf lemma="it" pos="PRON">It</wf>
<instance id="d002.s051.t000" lemma="be" pos="VERB">was</instance>
<wf lemma="the" pos="DET">the</wf>
<wf lemma="most" pos="ADJ">most</wf>
<wf lemma="exercise" pos="NOUN">exercise</wf>
<wf lemma="we" pos="PRON">we</wf>
<wf lemma="'d" pos="VERB">'d</wf>
<wf lemma="have" pos="VERB">had</wf>
<wf lemma="all" pos="DET">all</wf>
<instance id="d002.s051.t003" lemma="morning" pos="NOUN">morning</instance>
<wf lemma="and" pos="CONJ">and</wf>
<wf lemma="it" pos="PRON">it</wf>
<wf lemma="be" pos="VERB">was</wf>
<wf lemma="follow" pos="VERB">followed</wf>
<wf lemma="by" pos="ADP">by</wf>
<wf lemma="we" pos="PRON">our</wf>
<wf lemma="driving" pos="NOUN">driving</wf>
<instance id="d002.s051.t006" lemma="immediately" pos="ADV">immediately</instance>
<wf lemma="to" pos="PRT">to</wf>
<wf lemma="the" pos="DET">the</wf>
<instance id="d002.s051.t007" lemma="near" pos="ADJ">nearest</instance>
<instance id="d002.s051.t008" lemma="watering_hole" pos="NOUN">watering hole</instance>
<wf lemma="." pos=".">.</wf>
</sentence>
<sentence id="d002.s052">
<wf lemma="this" pos="DET">This</wf>
<wf lemma="mean" pos="VERB">meant</wf>
<wf lemma="return" pos="VERB">returning</wf>
<wf lemma="to" pos="PRT">to</wf>
<wf lemma="the" pos="DET">the</wf>
<instance id="d002.s052.t002" lemma="golf_course" pos="NOUN">golf course</instance>
<wf lemma="," pos=".">,</wf>
<wf lemma="where" pos="ADV">where</wf>
<wf lemma="we" pos="PRON">we</wf>
<wf lemma="watch" pos="VERB">watched</wf>
<wf lemma="a" pos="DET">a</wf>
<wf lemma="few" pos="ADJ">few</wf>
<instance id="d002.s052.t004" lemma="french" pos="ADJ">French</instance>
<wf lemma="duffer" pos="NOUN">duffers</wf>
<wf lemma="maul" pos="VERB">maul</wf>
<wf lemma="the" pos="DET">the</wf>
<instance id="d002.s052.t007" lemma="first" pos="ADJ">first</instance>
<wf lemma="tee" pos="NOUN">tee</wf>
<wf lemma="while" pos="ADP">while</wf>
<wf lemma="we" pos="PRON">we</wf>
<wf lemma="sit" pos="VERB">sat</wf>
<wf lemma="under" pos="ADP">under</wf>
<wf lemma="cinzano" pos="NOUN">Cinzano</wf>
<instance id="d002.s052.t010" lemma="umbrella" pos="NOUN">umbrellas</instance>
<wf lemma="," pos=".">,</wf>
<wf lemma="I" pos="PRON">me</wf>
<instance id="d002.s052.t011" lemma="nurse" pos="VERB">nursing</instance>
<wf lemma="a" pos="DET">an</wf>
<instance id="d002.s052.t012" lemma="espresso" pos="NOUN">espresso</instance>
<wf lemma="and" pos="CONJ">and</wf>
<wf lemma="my" pos="PRON">my</wf>
<wf lemma="ego" pos="NOUN">ego</wf>
<wf lemma="." pos=".">.</wf>
</sentence>
<sentence id="d002.s053">
<wf lemma="a" pos="DET">A</wf>
<instance id="d002.s053.t000" lemma="whole" pos="ADJ">whole</instance>
<instance id="d002.s053.t001" lemma="morning" pos="NOUN">morning</instance>
<wf lemma="of" pos="ADP">of</wf>
<instance id="d002.s053.t002" lemma="ballooning" pos="NOUN">ballooning</instance>
<wf lemma="and" pos="CONJ">and</wf>
<wf lemma="I" pos="PRON">I</wf>
<wf lemma="have" pos="VERB">had</wf>
<wf lemma="be" pos="VERB">been</wf>
<wf lemma="off" pos="ADP">off</wf>
<wf lemma="the" pos="DET">the</wf>
<instance id="d002.s053.t003" lemma="ground" pos="NOUN">ground</instance>
<instance id="d002.s053.t004" lemma="barely" pos="ADV">barely</instance>
<wf lemma="30" pos="NUM">30</wf>
<instance id="d002.s053.t005" lemma="minute" pos="NOUN">minutes</instance>
<wf lemma="." pos=".">.</wf>
</sentence>
<sentence id="d002.s054">
<instance id="d002.s054.t000" lemma="still" pos="ADV">Still</instance>
<wf lemma="," pos=".">,</wf>
<wf lemma="I" pos="PRON">I</wf>
<wf lemma="figure" pos="VERB">figured</wf>
<wf lemma="the" pos="DET">the</wf>
<instance id="d002.s054.t002" lemma="event" pos="NOUN">event</instance>
<wf lemma="'s" pos="PRT">'s</wf>
<wf lemma="envy-quotient" pos="NOUN">envy-quotient</wf>
<instance id="d002.s054.t003" lemma="back" pos="ADV">back</instance>
<wf lemma="in" pos="ADP">in</wf>
<wf lemma="the" pos="DET">the</wf>
<wf lemma="u" pos="NOUN">U</wf>
<wf lemma="." pos=".">.</wf>
<wf lemma="s" pos="NOUN">S</wf>
<wf lemma="." pos=".">.</wf>
<wf lemma="a" pos="NOUN">A</wf>
<wf lemma="." pos=".">.</wf>
<instance id="d002.s054.t004" lemma="be" pos="VERB">was</instance>
<instance id="d002.s054.t005" lemma="near" pos="ADV">near</instance>
<instance id="d002.s054.t006" lemma="peerless" pos="ADJ">peerless</instance>
<wf lemma="." pos=".">.</wf>
</sentence>
<sentence id="d002.s055">
<wf lemma="as" pos="ADP">As</wf>
<wf lemma="for" pos="ADP">for</wf>
<wf lemma="the" pos="DET">the</wf>
<instance id="d002.s055.t000" lemma="ride" pos="NOUN">ride</instance>
<instance id="d002.s055.t001" lemma="back" pos="ADV">back</instance>
<wf lemma="to" pos="PRT">to</wf>
<instance id="d002.s055.t002" lemma="camp" pos="NOUN">camp</instance>
<wf lemma="," pos=".">,</wf>
<wf lemma="we" pos="PRON">our</wf>
<instance id="d002.s055.t003" lemma="pilot" pos="NOUN">pilot</instance>
<wf lemma="and" pos="CONJ">and</wf>
<wf lemma="all" pos="DET">all</wf>
<wf lemma="the" pos="DET">the</wf>
<instance id="d002.s055.t004" lemma="other" pos="ADJ">other</instance>
<instance id="d002.s055.t005" lemma="french-speaking" pos="ADJ">French-speaking</instance>
<instance id="d002.s055.t006" lemma="passenger" pos="NOUN">passengers</instance>
<wf lemma="clamber" pos="VERB">clambered</wf>
<wf lemma="into" pos="ADP">into</wf>
<wf lemma="the" pos="DET">the</wf>
<wf lemma="chase" pos="ADJ">chase</wf>
<instance id="d002.s055.t008" lemma="car" pos="NOUN">car</instance>
<wf lemma="." pos=".">.</wf>
</sentence>
<sentence id="d002.s056">
<wf lemma="my" pos="PRON">My</wf>
<instance id="d002.s056.t000" lemma="american" pos="ADJ">American</instance>
<instance id="d002.s056.t001" lemma="companion" pos="NOUN">companion</instance>
<wf lemma="and" pos="CONJ">and</wf>
<wf lemma="I" pos="PRON">I</wf>
<wf lemma="be" pos="VERB">were</wf>
<wf lemma="leave" pos="VERB">left</wf>
<wf lemma="to" pos="PRT">to</wf>
<wf lemma="ride" pos="VERB">ride</wf>
<instance id="d002.s056.t004" lemma="alfresco" pos="ADV">alfresco</instance>
<wf lemma="in" pos="ADP">in</wf>
<wf lemma="the" pos="DET">the</wf>
<instance id="d002.s056.t005" lemma="wicker" pos="NOUN">wicker</instance>
<instance id="d002.s056.t006" lemma="basket" pos="NOUN">basket</instance>
<wf lemma="." pos=".">.</wf>
</sentence>
<sentence id="d002.s057">
<wf lemma="as" pos="ADP">As</wf>
<wf lemma="we" pos="PRON">we</wf>
<wf lemma="streak" pos="VERB">streaked</wf>
<wf lemma="by" pos="ADP">by</wf>
<wf lemma="a" pos="DET">a</wf>
<wf lemma="blase" pos="ADJ">blase</wf>
<instance id="d002.s057.t001" lemma="gendarme" pos="NOUN">gendarme</instance>
<wf lemma="," pos=".">,</wf>
<wf lemma="I" pos="PRON">I</wf>
<wf lemma="could" pos="VERB">could</wf>
<wf lemma="n't" pos="ADV">n't</wf>
<wf lemma="resist" pos="VERB">resist</wf>
<wf lemma="rear" pos="VERB">rearing</wf>
<wf lemma="up" pos="PRT">up</wf>
<wf lemma="on" pos="ADP">on</wf>
<wf lemma="my" pos="PRON">my</wf>
<instance id="d002.s057.t004" lemma="soggy" pos="ADJ">soggy</instance>
<instance id="d002.s057.t005" lemma="loafer" pos="NOUN">loafers</instance>
<wf lemma="and" pos="CONJ">and</wf>
<wf lemma="salute" pos="VERB">saluting</wf>
<wf lemma="." pos=".">.</wf>
</sentence>
<sentence id="d002.s058">
<wf lemma="ms" pos="NOUN">Ms</wf>
<wf lemma="." pos=".">.</wf>
<wf lemma="de" pos="ADP">de</wf>
<wf lemma="vries" pos="NOUN">Vries</wf>
<instance id="d002.s058.t000" lemma="be" pos="VERB">is</instance>
<wf lemma="a" pos="DET">a</wf>
<instance id="d002.s058.t001" lemma="freelance" pos="ADJ">free-lance</instance>
<instance id="d002.s058.t002" lemma="writer" pos="NOUN">writer</instance>
<wf lemma="." pos=".">.</wf>
</sentence>
</text>
<text id="d003">
<sentence id="d003.s000">
<instance id="d003.s000.t000" lemma="computer" pos="NOUN">Computer</instance>
<instance id="d003.s000.t001" lemma="programming" pos="NOUN">programming</instance>
</sentence>
<sentence id="d003.s001">
<instance id="d003.s001.t000" lemma="computer" pos="NOUN">Computer</instance>
<instance id="d003.s001.t001" lemma="programming" pos="NOUN">programming</instance>
<wf lemma="(" pos=".">(</wf>
<instance id="d003.s001.t002" lemma="often" pos="ADV">often</instance>
<instance id="d003.s001.t003" lemma="shorten" pos="VERB">shortened</instance>
<wf lemma="to" pos="PRT">to</wf>
<instance id="d003.s001.t004" lemma="programming" pos="NOUN">programming</instance>
<wf lemma="or" pos="CONJ">or</wf>
<wf lemma="code" pos="VERB">coding</wf>
<wf lemma=")" pos=".">)</wf>
<instance id="d003.s001.t005" lemma="be" pos="VERB">is</instance>
<wf lemma="the" pos="DET">the</wf>
<instance id="d003.s001.t006" lemma="process" pos="NOUN">process</instance>
<wf lemma="of" pos="ADP">of</wf>
<instance id="d003.s001.t007" lemma="writing" pos="NOUN">writing</instance>
<wf lemma="," pos=".">,</wf>
<instance id="d003.s001.t008" lemma="testing" pos="NOUN">testing</instance>
<wf lemma="," pos=".">,</wf>
<wf lemma="and" pos="CONJ">and</wf>
<wf lemma="maintain" pos="VERB">maintaining</wf>
<wf lemma="the" pos="DET">the</wf>
<instance id="d003.s001.t009" lemma="source_code" pos="NOUN">source code</instance>
<wf lemma="of" pos="ADP">of</wf>
<instance id="d003.s001.t010" lemma="computer" pos="NOUN">computer</instance>
<instance id="d003.s001.t011" lemma="program" pos="NOUN">programs</instance>
<wf lemma="." pos=".">.</wf>
</sentence>
<sentence id="d003.s002">
<wf lemma="the" pos="DET">The</wf>
<instance id="d003.s002.t000" lemma="source_code" pos="NOUN">source code</instance>
<wf lemma="be" pos="VERB">is</wf>
<instance id="d003.s002.t001" lemma="write" pos="VERB">written</instance>
<wf lemma="in" pos="ADP">in</wf>
<wf lemma="a" pos="DET">a</wf>
<instance id="d003.s002.t002" lemma="programming" pos="NOUN">programming</instance>
<instance id="d003.s002.t003" lemma="language" pos="NOUN">language</instance>
<wf lemma="." pos=".">.</wf>
</sentence>
<sentence id="d003.s003">
<wf lemma="this" pos="DET">This</wf>
<instance id="d003.s003.t000" lemma="code" pos="NOUN">code</instance>
<wf lemma="may" pos="VERB">may</wf>
<instance id="d003.s003.t001" lemma="be" pos="VERB">be</instance>
<wf lemma="a" pos="DET">a</wf>
<instance id="d003.s003.t002" lemma="modification" pos="NOUN">modification</instance>
<wf lemma="of" pos="ADP">of</wf>
<instance id="d003.s003.t003" lemma="existing" pos="ADJ">existing</instance>
<wf lemma="source" pos="NOUN">source</wf>
<wf lemma="or" pos="CONJ">or</wf>
<wf lemma="something" pos="NOUN">something</wf>
<instance id="d003.s003.t004" lemma="completely" pos="ADV">completely</instance>
<instance id="d003.s003.t005" lemma="new" pos="ADJ">new</instance>
<wf lemma="." pos=".">.</wf>
</sentence>
<sentence id="d003.s004">
<wf lemma="the" pos="DET">The</wf>
<instance id="d003.s004.t000" lemma="process" pos="NOUN">process</instance>
<wf lemma="of" pos="ADP">of</wf>
<instance id="d003.s004.t001" lemma="write" pos="VERB">writing</instance>
<instance id="d003.s004.t002" lemma="source_code" pos="NOUN">source code</instance>
<instance id="d003.s004.t003" lemma="require" pos="VERB">requires</instance>
<instance id="d003.s004.t004" lemma="expertise" pos="NOUN">expertise</instance>
<wf lemma="in" pos="ADP">in</wf>
<wf lemma="many" pos="ADJ">many</wf>
<instance id="d003.s004.t005" lemma="different" pos="ADJ">different</instance>
<instance id="d003.s004.t006" lemma="subject" pos="NOUN">subjects</instance>
<wf lemma="," pos=".">,</wf>
<wf lemma="include" pos="VERB">including</wf>
<instance id="d003.s004.t007" lemma="knowledge" pos="NOUN">knowledge</instance>
<wf lemma="of" pos="ADP">of</wf>
<wf lemma="the" pos="DET">the</wf>
<instance id="d003.s004.t008" lemma="application" pos="NOUN">application</instance>
<instance id="d003.s004.t009" lemma="domain" pos="NOUN">domain</instance>
<wf lemma="and" pos="CONJ">and</wf>
<instance id="d003.s004.t010" lemma="algorithm" pos="NOUN">algorithms</instance>
<wf lemma="to" pos="PRT">to</wf>
<instance id="d003.s004.t011" lemma="implement" pos="VERB">implement</instance>
<wf lemma="the" pos="DET">the</wf>
<instance id="d003.s004.t012" lemma="desired" pos="ADJ">desired</instance>
<instance id="d003.s004.t013" lemma="behavior" pos="NOUN">behavior</instance>
<wf lemma="." pos=".">.</wf>
</sentence>
<sentence id="d003.s005">
<wf lemma="within" pos="ADP">Within</wf>
<instance id="d003.s005.t000" lemma="software" pos="NOUN">software</instance>
<instance id="d003.s005.t001" lemma="engineering" pos="NOUN">engineering</instance>
<wf lemma="," pos=".">,</wf>
<instance id="d003.s005.t002" lemma="programming" pos="NOUN">programming</instance>
<wf lemma="(" pos=".">(</wf>
<wf lemma="the" pos="DET">the</wf>
<instance id="d003.s005.t003" lemma="implementation" pos="NOUN">implementation</instance>
<wf lemma=")" pos=".">)</wf>
<wf lemma="be" pos="VERB">is</wf>
<instance id="d003.s005.t004" lemma="regard_as" pos="VERB">regarded as</instance>
<instance id="d003.s005.t005" lemma="one" pos="ADJ">one</instance>
<instance id="d003.s005.t006" lemma="phase" pos="NOUN">phase</instance>
<wf lemma="in" pos="ADP">in</wf>
<wf lemma="a" pos="DET">a</wf>
<instance id="d003.s005.t007" lemma="software" pos="NOUN">software</instance>
<instance id="d003.s005.t008" lemma="development" pos="NOUN">development</instance>
<instance id="d003.s005.t009" lemma="process" pos="NOUN">process</instance>
<wf lemma="." pos=".">.</wf>
</sentence>
<sentence id="d003.s006">
<wf lemma="in" pos="ADP">In</wf>
<wf lemma="some" pos="DET">some</wf>
<wf lemma="specialist" pos="NOUN">specialist</wf>
<instance id="d003.s006.t000" lemma="application" pos="NOUN">applications</instance>
<wf lemma="or" pos="CONJ">or</wf>
<instance id="d003.s006.t001" lemma="extreme" pos="ADJ">extreme</instance>
<instance id="d003.s006.t002" lemma="situation" pos="NOUN">situations</instance>
<wf lemma="a" pos="DET">a</wf>
<instance id="d003.s006.t003" lemma="program" pos="NOUN">program</instance>
<wf lemma="may" pos="VERB">may</wf>
<wf lemma="be" pos="VERB">be</wf>
<instance id="d003.s006.t004" lemma="write" pos="VERB">written</instance>
<wf lemma="or" pos="CONJ">or</wf>
<instance id="d003.s006.t005" lemma="modify" pos="VERB">modified</instance>
<wf lemma="(" pos=".">(</wf>
<wf lemma="know" pos="VERB">known</wf>
<wf lemma="as" pos="ADP">as</wf>
<wf lemma="patching" pos="X">patching</wf>
<wf lemma=")" pos=".">)</wf>
<wf lemma="by" pos="ADP">by</wf>
<instance id="d003.s006.t006" lemma="directly" pos="ADV">directly</instance>
<instance id="d003.s006.t007" lemma="store" pos="VERB">storing</instance>
<wf lemma="the" pos="DET">the</wf>
<instance id="d003.s006.t008" lemma="numeric" pos="ADJ">numeric</instance>
<instance id="d003.s006.t009" lemma="value" pos="NOUN">values</instance>
<wf lemma="of" pos="ADP">of</wf>
<wf lemma="the" pos="DET">the</wf>
<instance id="d003.s006.t010" lemma="machine_code" pos="NOUN">machine code</instance>
<instance id="d003.s006.t011" lemma="instruction" pos="NOUN">instructions</instance>
<wf lemma="to" pos="PRT">to</wf>
<wf lemma="be" pos="VERB">be</wf>
<instance id="d003.s006.t012" lemma="execute" pos="VERB">executed</instance>
<wf lemma="into" pos="ADP">into</wf>
<instance id="d003.s006.t013" lemma="memory" pos="NOUN">memory</instance>
<wf lemma="." pos=".">.</wf>
</sentence>
<sentence id="d003.s007">
<wf lemma="there" pos="DET">There</wf>
<instance id="d003.s007.t000" lemma="be" pos="VERB">is</instance>
<wf lemma="a" pos="DET">an</wf>
<instance id="d003.s007.t001" lemma="ongoing" pos="ADJ">ongoing</instance>
<instance id="d003.s007.t002" lemma="debate" pos="NOUN">debate</instance>
<wf lemma="on" pos="ADP">on</wf>
<wf lemma="the" pos="DET">the</wf>
<instance id="d003.s007.t003" lemma="extent" pos="NOUN">extent</instance>
<wf lemma="to" pos="PRT">to</wf>
<wf lemma="which" pos="DET">which</wf>
<wf lemma="the" pos="DET">the</wf>
<instance id="d003.s007.t004" lemma="writing" pos="NOUN">writing</instance>
<wf lemma="of" pos="ADP">of</wf>
<instance id="d003.s007.t005" lemma="program" pos="NOUN">programs</instance>
<instance id="d003.s007.t006" lemma="be" pos="VERB">is</instance>
<wf lemma="a" pos="DET">an</wf>
<instance id="d003.s007.t007" lemma="art" pos="NOUN">art</instance>
<wf lemma="," pos=".">,</wf>
<wf lemma="a" pos="DET">a</wf>
<instance id="d003.s007.t008" lemma="craft" pos="NOUN">craft</instance>
<wf lemma="or" pos="CONJ">or</wf>
<wf lemma="a" pos="DET">an</wf>
<instance id="d003.s007.t009" lemma="engineering" pos="NOUN">engineering</instance>
<instance id="d003.s007.t010" lemma="discipline" pos="NOUN">discipline</instance>
<wf lemma="." pos=".">.</wf>
<wf lemma="[1]" pos="NUM">[1]</wf>
</sentence>
<sentence id="d003.s008">
<wf lemma="another" pos="DET">Another</wf>
<instance id="d003.s008.t000" lemma="ongoing" pos="ADJ">ongoing</instance>
<instance id="d003.s008.t001" lemma="debate" pos="NOUN">debate</instance>
<instance id="d003.s008.t002" lemma="be" pos="VERB">is</instance>
<wf lemma="the" pos="DET">the</wf>
<instance id="d003.s008.t003" lemma="extent" pos="NOUN">extent</instance>
<wf lemma="to" pos="PRT">to</wf>
<wf lemma="which" pos="DET">which</wf>
<wf lemma="the" pos="DET">the</wf>
<instance id="d003.s008.t004" lemma="programming" pos="NOUN">programming</instance>
<instance id="d003.s008.t005" lemma="language" pos="NOUN">language</instance>
<instance id="d003.s008.t006" lemma="use" pos="VERB">used</instance>
<wf lemma="in" pos="ADP">in</wf>
<instance id="d003.s008.t007" lemma="write" pos="VERB">writing</instance>
<instance id="d003.s008.t008" lemma="program" pos="NOUN">programs</instance>
<instance id="d003.s008.t009" lemma="affect" pos="VERB">affects</instance>
<wf lemma="the" pos="DET">the</wf>
<instance id="d003.s008.t010" lemma="form" pos="NOUN">form</instance>
<wf lemma="that" pos="ADP">that</wf>
<wf lemma="the" pos="DET">the</wf>
<instance id="d003.s008.t011" lemma="final" pos="ADJ">final</instance>
<instance id="d003.s008.t012" lemma="program" pos="NOUN">program</instance>
<instance id="d003.s008.t013" lemma="take" pos="VERB">takes</instance>
<wf lemma="." pos=".">.</wf>
</sentence>
<sentence id="d003.s009">
<wf lemma="this" pos="DET">This</wf>
<instance id="d003.s009.t000" lemma="debate" pos="NOUN">debate</instance>
<instance id="d003.s009.t001" lemma="be" pos="VERB">is</instance>
<instance id="d003.s009.t002" lemma="analogous" pos="ADJ">analogous</instance>
<wf lemma="to" pos="PRT">to</wf>
<wf lemma="that" pos="DET">that</wf>
<instance id="d003.s009.t003" lemma="surround" pos="VERB">surrounding</instance>
<wf lemma="the" pos="DET">the</wf>
<wf lemma="sapir" pos="NOUN">Sapir</wf>
<wf lemma="whorf" pos="NOUN">Whorf</wf>
<instance id="d003.s009.t004" lemma="hypothesis" pos="NOUN">hypothesis</instance>
<wf lemma="in" pos="ADP">in</wf>
<instance id="d003.s009.t005" lemma="linguistics" pos="NOUN">linguistics</instance>
<wf lemma="." pos=".">.</wf>
</sentence>
<sentence id="d003.s010">
<instance id="d003.s010.t000" lemma="programmer" pos="NOUN">Programmers</instance>
</sentence>
<sentence id="d003.s011">
<instance id="d003.s011.t000" lemma="computer" pos="NOUN">Computer</instance>
<instance id="d003.s011.t001" lemma="programmer" pos="NOUN">programmers</instance>
<instance id="d003.s011.t002" lemma="be" pos="VERB">are</instance>
<wf lemma="those" pos="DET">those</wf>
<wf lemma="who" pos="PRON">who</wf>
<instance id="d003.s011.t003" lemma="write" pos="VERB">write</instance>
<instance id="d003.s011.t004" lemma="computer_software" pos="NOUN">computer software</instance>
<wf lemma="." pos=".">.</wf>
</sentence>
<sentence id="d003.s012">
<wf lemma="they" pos="PRON">Their</wf>
<instance id="d003.s012.t000" lemma="job" pos="NOUN">job</instance>
<instance id="d003.s012.t001" lemma="usually" pos="ADV">usually</instance>
<instance id="d003.s012.t002" lemma="involve" pos="VERB">involves</instance>
<wf lemma=":" pos=".">:</wf>
<instance id="d003.s012.t003" lemma="requirement" pos="NOUN">Requirements</instance>
<instance id="d003.s012.t004" lemma="analysis" pos="NOUN">analysis</instance>
<wf lemma="," pos=".">,</wf>
<instance id="d003.s012.t005" lemma="specification" pos="NOUN">Specification</instance>
<wf lemma="," pos=".">,</wf>
<instance id="d003.s012.t006" lemma="software" pos="NOUN">Software</instance>
<instance id="d003.s012.t007" lemma="architecture" pos="NOUN">architecture</instance>
<wf lemma="," pos=".">,</wf>
<wf lemma="coding" pos="NOUN">Coding</wf>
<wf lemma="," pos=".">,</wf>
<instance id="d003.s012.t008" lemma="compilation" pos="NOUN">Compilation</instance>
<wf lemma="," pos=".">,</wf>
<instance id="d003.s012.t009" lemma="software" pos="NOUN">Software</instance>
<instance id="d003.s012.t010" lemma="testing" pos="NOUN">testing</instance>
<wf lemma="," pos=".">,</wf>
<instance id="d003.s012.t011" lemma="documentation" pos="NOUN">Documentation</instance>
<wf lemma="," pos=".">,</wf>
<instance id="d003.s012.t012" lemma="integration" pos="NOUN">Integration</instance>
<wf lemma="," pos=".">,</wf>
<instance id="d003.s012.t013" lemma="maintenance" pos="NOUN">Maintenance</instance>
<wf lemma="." pos=".">.</wf>
</sentence>
<sentence id="d003.s013">
<instance id="d003.s013.t000" lemma="programming" pos="NOUN">Programming</instance>
<instance id="d003.s013.t001" lemma="language" pos="NOUN">languages</instance>
</sentence>
<sentence id="d003.s014">
<instance id="d003.s014.t000" lemma="different" pos="ADJ">Different</instance>
<instance id="d003.s014.t001" lemma="programming" pos="NOUN">programming</instance>
<instance id="d003.s014.t002" lemma="language" pos="NOUN">languages</instance>
<wf lemma="support" pos="VERB">support</wf>
<instance id="d003.s014.t003" lemma="different" pos="ADJ">different</instance>
<instance id="d003.s014.t004" lemma="style" pos="NOUN">styles</instance>
<wf lemma="of" pos="ADP">of</wf>
<instance id="d003.s014.t005" lemma="programming" pos="NOUN">programming</instance>
<wf lemma="(" pos=".">(</wf>
<instance id="d003.s014.t006" lemma="call" pos="VERB">called</instance>
<instance id="d003.s014.t007" lemma="programming" pos="NOUN">programming</instance>
<instance id="d003.s014.t008" lemma="paradigm" pos="NOUN">paradigms</instance>
<wf lemma=")" pos=".">)</wf>
<wf lemma="." pos=".">.</wf>
</sentence>
<sentence id="d003.s015">
<wf lemma="the" pos="DET">The</wf>
<instance id="d003.s015.t000" lemma="choice" pos="NOUN">choice</instance>
<wf lemma="of" pos="ADP">of</wf>
<instance id="d003.s015.t001" lemma="language" pos="NOUN">language</instance>
<instance id="d003.s015.t002" lemma="use" pos="VERB">used</instance>
<wf lemma="may" pos="VERB">may</wf>
<instance id="d003.s015.t003" lemma="be" pos="VERB">be</instance>
<wf lemma="a" pos="DET">an</wf>
<instance id="d003.s015.t004" lemma="individual" pos="NOUN">individual</instance>
<wf lemma="'s" pos="PRT">'s</wf>
<instance id="d003.s015.t005" lemma="choice" pos="NOUN">choice</instance>
<wf lemma="or" pos="CONJ">or</wf>
<wf lemma="may" pos="VERB">may</wf>
<wf lemma="be" pos="VERB">be</wf>
<instance id="d003.s015.t006" lemma="dictate" pos="VERB">dictated</instance>
<wf lemma="by" pos="ADP">by</wf>
<instance id="d003.s015.t007" lemma="company" pos="NOUN">company</instance>
<instance id="d003.s015.t008" lemma="policy" pos="NOUN">policy</instance>
<wf lemma="." pos=".">.</wf>
</sentence>
<sentence id="d003.s016">
<instance id="d003.s016.t000" lemma="ideally" pos="ADV">Ideally</instance>
<wf lemma="the" pos="DET">the</wf>
<instance id="d003.s016.t001" lemma="programming" pos="NOUN">programming</instance>
<instance id="d003.s016.t002" lemma="language" pos="NOUN">language</instance>
<instance id="d003.s016.t003" lemma="best" pos="ADV">best</instance>
<instance id="d003.s016.t004" lemma="suited" pos="ADJ">suited</instance>
<wf lemma="for" pos="ADP">for</wf>
<wf lemma="the" pos="DET">the</wf>
<instance id="d003.s016.t005" lemma="task" pos="NOUN">task</instance>
<instance id="d003.s016.t006" lemma="at_hand" pos="ADJ">at hand</instance>
<wf lemma="will" pos="VERB">will</wf>
<wf lemma="be" pos="VERB">be</wf>
<instance id="d003.s016.t007" lemma="select" pos="VERB">selected</instance>
<wf lemma="." pos=".">.</wf>
</sentence>
<sentence id="d003.s017">
<instance id="d003.s017.t000" lemma="trade-off" pos="NOUN">Trade-offs</instance>
<wf lemma="from" pos="ADP">from</wf>
<wf lemma="this" pos="DET">this</wf>
<instance id="d003.s017.t001" lemma="ideal" pos="NOUN">ideal</instance>
<instance id="d003.s017.t002" lemma="involve" pos="VERB">involve</instance>
<instance id="d003.s017.t003" lemma="find" pos="VERB">finding</instance>
<wf lemma="enough" pos="ADJ">enough</wf>
<instance id="d003.s017.t004" lemma="programmer" pos="NOUN">programmers</instance>
<wf lemma="," pos=".">,</wf>
<wf lemma="who" pos="PRON">who</wf>
<instance id="d003.s017.t005" lemma="know" pos="VERB">know</instance>
<wf lemma="the" pos="DET">the</wf>
<instance id="d003.s017.t006" lemma="language" pos="NOUN">language</instance>
<wf lemma="," pos=".">,</wf>
<wf lemma="to" pos="PRT">to</wf>
<instance id="d003.s017.t007" lemma="build" pos="VERB">build</instance>
<wf lemma="a" pos="DET">a</wf>
<instance id="d003.s017.t008" lemma="team" pos="NOUN">team</instance>
<wf lemma="," pos=".">,</wf>
<wf lemma="the" pos="DET">the</wf>
<instance id="d003.s017.t009" lemma="availability" pos="NOUN">availability</instance>
<wf lemma="of" pos="ADP">of</wf>
<instance id="d003.s017.t010" lemma="compiler" pos="NOUN">compilers</instance>
<wf lemma="for" pos="ADP">for</wf>
<wf lemma="that" pos="DET">that</wf>
<instance id="d003.s017.t011" lemma="language" pos="NOUN">language</instance>
<wf lemma="," pos=".">,</wf>
<wf lemma="and" pos="CONJ">and</wf>
<wf lemma="the" pos="DET">the</wf>
<instance id="d003.s017.t012" lemma="efficiency" pos="NOUN">efficiency</instance>
<wf lemma="with" pos="ADP">with</wf>
<wf lemma="which" pos="DET">which</wf>
<instance id="d003.s017.t013" lemma="program" pos="NOUN">programs</instance>
<instance id="d003.s017.t014" lemma="write" pos="VERB">written</instance>
<wf lemma="in" pos="ADP">in</wf>
<wf lemma="a" pos="DET">a</wf>
<instance id="d003.s017.t015" lemma="given" pos="ADJ">given</instance>
<instance id="d003.s017.t016" lemma="language" pos="NOUN">language</instance>
<instance id="d003.s017.t017" lemma="execute" pos="VERB">execute</instance>
<wf lemma="." pos=".">.</wf>
</sentence>
<sentence id="d003.s018">
<instance id="d003.s018.t000" lemma="history" pos="NOUN">History</instance>
<wf lemma="of" pos="ADP">of</wf>
<instance id="d003.s018.t001" lemma="programming" pos="NOUN">programming</instance>
</sentence>
<sentence id="d003.s019">
<wf lemma="the" pos="DET">The</wf>
<instance id="d003.s019.t000" lemma="earliest" pos="ADJ">earliest</instance>
<wf lemma="programmable" pos="ADJ">programmable</wf>
<instance id="d003.s019.t001" lemma="machine" pos="NOUN">machine</instance>
<wf lemma="(" pos=".">(</wf>
<wf lemma="that" pos="DET">that</wf>
<wf lemma="be" pos="VERB">is</wf>
<wf lemma="," pos=".">,</wf>
<wf lemma="a" pos="DET">a</wf>
<instance id="d003.s019.t002" lemma="machine" pos="NOUN">machine</instance>
<wf lemma="that" pos="DET">that</wf>
<wf lemma="can" pos="VERB">can</wf>
<instance id="d003.s019.t003" lemma="adjust" pos="VERB">adjust</instance>
<wf lemma="its" pos="PRON">its</wf>
<instance id="d003.s019.t004" lemma="capability" pos="NOUN">capabilities</instance>
<instance id="d003.s019.t005" lemma="base" pos="VERB">based</instance>
<wf lemma="upon" pos="ADP">upon</wf>
<instance id="d003.s019.t006" lemma="change" pos="VERB">changing</instance>
<wf lemma="its" pos="PRON">its</wf>
<wf lemma="''" pos=".">''</wf>
<instance id="d003.s019.t007" lemma="program" pos="NOUN">program</instance>
<wf lemma="''" pos=".">''</wf>
<wf lemma=")" pos=".">)</wf>
<wf lemma="can" pos="VERB">can</wf>
<wf lemma="be" pos="VERB">be</wf>
<instance id="d003.s019.t008" lemma="say" pos="VERB">said</instance>
<wf lemma="to" pos="PRT">to</wf>
<instance id="d003.s019.t009" lemma="be" pos="VERB">be</instance>
<wf lemma="the" pos="DET">the</wf>
<instance id="d003.s019.t010" lemma="jacquard_loom" pos="NOUN">Jacquard Loom</instance>
<wf lemma="," pos=".">,</wf>
<wf lemma="which" pos="DET">which</wf>
<wf lemma="be" pos="VERB">was</wf>
<instance id="d003.s019.t011" lemma="develop" pos="VERB">developed</instance>
<wf lemma="in" pos="ADP">in</wf>
<wf lemma="1801" pos="NUM">1801</wf>
<wf lemma="." pos=".">.</wf>
</sentence>
<sentence id="d003.s020">
<wf lemma="the" pos="DET">The</wf>
<instance id="d003.s020.t000" lemma="machine" pos="NOUN">machine</instance>
<instance id="d003.s020.t001" lemma="use" pos="VERB">used</instance>
<wf lemma="a" pos="DET">a</wf>
<instance id="d003.s020.t002" lemma="series" pos="NOUN">series</instance>
<wf lemma="of" pos="ADP">of</wf>
<instance id="d003.s020.t003" lemma="pasteboard" pos="NOUN">pasteboard</instance>
<instance id="d003.s020.t004" lemma="card" pos="NOUN">cards</instance>
<wf lemma="with" pos="ADP">with</wf>
<instance id="d003.s020.t005" lemma="hole" pos="NOUN">holes</instance>
<instance id="d003.s020.t006" lemma="punch" pos="VERB">punched</instance>
<wf lemma="in" pos="ADP">in</wf>
<wf lemma="they" pos="PRON">them</wf>
<wf lemma="." pos=".">.</wf>
</sentence>
<sentence id="d003.s021">
<wf lemma="the" pos="DET">The</wf>
<instance id="d003.s021.t000" lemma="hole" pos="NOUN">hole</instance>
<instance id="d003.s021.t001" lemma="pattern" pos="NOUN">pattern</instance>
<instance id="d003.s021.t002" lemma="represent" pos="VERB">represented</instance>
<wf lemma="the" pos="DET">the</wf>
<instance id="d003.s021.t003" lemma="pattern" pos="NOUN">pattern</instance>
<wf lemma="that" pos="ADP">that</wf>
<wf lemma="the" pos="DET">the</wf>
<instance id="d003.s021.t004" lemma="loom" pos="NOUN">loom</instance>
<wf lemma="have" pos="VERB">had</wf>
<wf lemma="to" pos="PRT">to</wf>
<instance id="d003.s021.t005" lemma="follow" pos="VERB">follow</instance>
<wf lemma="in" pos="ADP">in</wf>
<instance id="d003.s021.t006" lemma="weave" pos="VERB">weaving</instance>
<instance id="d003.s021.t007" lemma="cloth" pos="NOUN">cloth</instance>
<wf lemma="." pos=".">.</wf>
</sentence>
<sentence id="d003.s022">
<wf lemma="the" pos="DET">The</wf>
<instance id="d003.s022.t000" lemma="loom" pos="NOUN">loom</instance>
<wf lemma="could" pos="VERB">could</wf>
<instance id="d003.s022.t001" lemma="produce" pos="VERB">produce</instance>
<instance id="d003.s022.t002" lemma="entirely" pos="ADV">entirely</instance>
<instance id="d003.s022.t003" lemma="different" pos="ADJ">different</instance>
<instance id="d003.s022.t004" lemma="weave" pos="NOUN">weaves</instance>
<instance id="d003.s022.t005" lemma="use" pos="VERB">using</instance>
<instance id="d003.s022.t006" lemma="different" pos="ADJ">different</instance>
<instance id="d003.s022.t007" lemma="set" pos="NOUN">sets</instance>
<wf lemma="of" pos="ADP">of</wf>
<instance id="d003.s022.t008" lemma="card" pos="NOUN">cards</instance>
<wf lemma="." pos=".">.</wf>
</sentence>
<sentence id="d003.s023">
<wf lemma="this" pos="DET">This</wf>
<instance id="d003.s023.t000" lemma="innovation" pos="NOUN">innovation</instance>
<wf lemma="be" pos="VERB">was</wf>
<instance id="d003.s023.t001" lemma="later" pos="ADV">later</instance>
<instance id="d003.s023.t002" lemma="refine" pos="VERB">refined</instance>
<wf lemma="by" pos="ADP">by</wf>
<wf lemma="herman" pos="NOUN">Herman</wf>
<wf lemma="hollerith" pos="NOUN">Hollerith</wf>
<wf lemma="of" pos="ADP">of</wf>
<wf lemma="ibm" pos="NOUN">IBM</wf>
<wf lemma="in" pos="ADP">in</wf>
<wf lemma="the" pos="DET">the</wf>
<instance id="d003.s023.t003" lemma="development" pos="NOUN">development</instance>
<wf lemma="of" pos="ADP">of</wf>
<wf lemma="the" pos="DET">the</wf>
<instance id="d003.s023.t004" lemma="famous" pos="ADJ">famous</instance>
<wf lemma="ibm" pos="NOUN">IBM</wf>
<instance id="d003.s023.t005" lemma="punch_card" pos="NOUN">punch card</instance>
<wf lemma="." pos=".">.</wf>
</sentence>
<sentence id="d003.s024">
<wf lemma="these" pos="DET">These</wf>
<wf lemma="be" pos="VERB">were</wf>
<instance id="d003.s024.t000" lemma="use" pos="VERB">used</instance>
<wf lemma="with" pos="ADP">with</wf>
<wf lemma="a" pos="DET">a</wf>
<instance id="d003.s024.t001" lemma="variety" pos="NOUN">variety</instance>
<wf lemma="of" pos="ADP">of</wf>
<instance id="d003.s024.t002" lemma="machine" pos="NOUN">machines</instance>
<instance id="d003.s024.t003" lemma="call" pos="VERB">called</instance>
<instance id="d003.s024.t004" lemma="unit" pos="NOUN">unit</instance>
<instance id="d003.s024.t005" lemma="record" pos="NOUN">record</instance>
<instance id="d003.s024.t006" lemma="equipment" pos="NOUN">equipment</instance>
<wf lemma="to" pos="PRT">to</wf>
<instance id="d003.s024.t007" lemma="perform" pos="VERB">perform</instance>
<instance id="d003.s024.t008" lemma="data_processing" pos="NOUN">data processing</instance>
<instance id="d003.s024.t009" lemma="task" pos="NOUN">tasks</instance>
<wf lemma="." pos=".">.</wf>
</sentence>
<sentence id="d003.s025">
<wf lemma="the" pos="DET">The</wf>
<instance id="d003.s025.t000" lemma="unit" pos="NOUN">unit</instance>
<instance id="d003.s025.t001" lemma="record" pos="NOUN">record</instance>
<instance id="d003.s025.t002" lemma="equipment" pos="NOUN">equipment</instance>
<wf lemma="be" pos="VERB">were</wf>
<instance id="d003.s025.t003" lemma="program" pos="VERB">programmed</instance>
<wf lemma="by" pos="ADP">by</wf>
<instance id="d003.s025.t004" lemma="change" pos="VERB">changing</instance>
<wf lemma="the" pos="DET">the</wf>
<instance id="d003.s025.t005" lemma="wiring" pos="NOUN">wiring</instance>
<wf lemma="of" pos="ADP">of</wf>
<instance id="d003.s025.t006" lemma="plugboard" pos="NOUN">plugboards</instance>
<wf lemma="." pos=".">.</wf>
</sentence>
<sentence id="d003.s026">
<instance id="d003.s026.t000" lemma="early" pos="ADJ">Early</instance>
<instance id="d003.s026.t001" lemma="computer" pos="NOUN">computers</instance>
<instance id="d003.s026.t002" lemma="use" pos="VERB">used</instance>
<instance id="d003.s026.t003" lemma="similar" pos="ADJ">similar</instance>
<instance id="d003.s026.t004" lemma="programming" pos="NOUN">programming</instance>
<instance id="d003.s026.t005" lemma="method" pos="NOUN">methods</instance>
<wf lemma="." pos=".">.</wf>
</sentence>
<sentence id="d003.s027">
<wf lemma="the" pos="DET">The</wf>
<instance id="d003.s027.t000" lemma="invention" pos="NOUN">invention</instance>
<wf lemma="of" pos="ADP">of</wf>
<wf lemma="the" pos="DET">the</wf>
<wf lemma="von" pos="NOUN">Von</wf>
<wf lemma="neumann" pos="NOUN">Neumann</wf>
<instance id="d003.s027.t001" lemma="architecture" pos="NOUN">architecture</instance>
<instance id="d003.s027.t002" lemma="allow" pos="VERB">allowed</instance>
<instance id="d003.s027.t003" lemma="program" pos="NOUN">programs</instance>
<wf lemma="to" pos="PRT">to</wf>
<wf lemma="be" pos="VERB">be</wf>
<instance id="d003.s027.t004" lemma="store" pos="VERB">stored</instance>
<wf lemma="in" pos="ADP">in</wf>
<instance id="d003.s027.t005" lemma="computer" pos="NOUN">computer</instance>
<instance id="d003.s027.t006" lemma="memory" pos="NOUN">memory</instance>
<wf lemma="." pos=".">.</wf>
</sentence>
<sentence id="d003.s028">
<instance id="d003.s028.t000" lemma="early" pos="ADJ">Early</instance>
<instance id="d003.s028.t001" lemma="program" pos="NOUN">programs</instance>
<wf lemma="have" pos="VERB">had</wf>
<wf lemma="to" pos="PRT">to</wf>
<wf lemma="be" pos="VERB">be</wf>
<instance id="d003.s028.t002" lemma="painstakingly" pos="ADV">painstakingly</instance>
<instance id="d003.s028.t003" lemma="craft" pos="VERB">crafted</instance>
<instance id="d003.s028.t004" lemma="use" pos="VERB">using</instance>
<wf lemma="the" pos="DET">the</wf>
<instance id="d003.s028.t005" lemma="instruction" pos="NOUN">instructions</instance>
<wf lemma="of" pos="ADP">of</wf>
<wf lemma="the" pos="DET">the</wf>
<instance id="d003.s028.t006" lemma="particular" pos="ADJ">particular</instance>
<instance id="d003.s028.t007" lemma="machine" pos="NOUN">machine</instance>
<wf lemma="," pos=".">,</wf>
<instance id="d003.s028.t008" lemma="often" pos="ADV">often</instance>
<wf lemma="in" pos="ADP">in</wf>
<instance id="d003.s028.t009" lemma="binary" pos="ADJ">binary</instance>
<instance id="d003.s028.t010" lemma="notation" pos="NOUN">notation</instance>
<wf lemma="." pos=".">.</wf>
</sentence>
<sentence id="d003.s029">
<wf lemma="every" pos="DET">Every</wf>
<instance id="d003.s029.t000" lemma="model" pos="NOUN">model</instance>
<wf lemma="of" pos="ADP">of</wf>
<instance id="d003.s029.t001" lemma="computer" pos="NOUN">computer</instance>
<wf lemma="would" pos="VERB">would</wf>
<instance id="d003.s029.t002" lemma="be" pos="VERB">be</instance>
<instance id="d003.s029.t003" lemma="likely" pos="ADJ">likely</instance>
<wf lemma="to" pos="PRT">to</wf>
<instance id="d003.s029.t004" lemma="need" pos="VERB">need</instance>
<instance id="d003.s029.t005" lemma="different" pos="ADJ">different</instance>
<instance id="d003.s029.t006" lemma="instruction" pos="NOUN">instructions</instance>
<wf lemma="to" pos="PRT">to</wf>
<instance id="d003.s029.t007" lemma="do" pos="VERB">do</instance>
<wf lemma="the" pos="DET">the</wf>
<wf lemma="same" pos="ADJ">same</wf>
<instance id="d003.s029.t008" lemma="task" pos="NOUN">task</instance>
<wf lemma="." pos=".">.</wf>
</sentence>
<sentence id="d003.s030">
<instance id="d003.s030.t000" lemma="later" pos="ADV">Later</instance>
<instance id="d003.s030.t001" lemma="assembly_language" pos="NOUN">assembly languages</instance>
<wf lemma="be" pos="VERB">were</wf>
<instance id="d003.s030.t002" lemma="develop" pos="VERB">developed</instance>
<wf lemma="that" pos="DET">that</wf>
<instance id="d003.s030.t003" lemma="let" pos="VERB">let</instance>
<wf lemma="the" pos="DET">the</wf>
<instance id="d003.s030.t004" lemma="programmer" pos="NOUN">programmer</instance>
<instance id="d003.s030.t005" lemma="specify" pos="VERB">specify</instance>
<wf lemma="each" pos="DET">each</wf>
<instance id="d003.s030.t006" lemma="instruction" pos="NOUN">instruction</instance>
<wf lemma="in" pos="ADP">in</wf>
<wf lemma="a" pos="DET">a</wf>
<instance id="d003.s030.t007" lemma="text" pos="NOUN">text</instance>
<instance id="d003.s030.t008" lemma="format" pos="NOUN">format</instance>
<wf lemma="," pos=".">,</wf>
<instance id="d003.s030.t009" lemma="enter" pos="VERB">entering</instance>
<instance id="d003.s030.t010" lemma="abbreviation" pos="NOUN">abbreviations</instance>
<wf lemma="for" pos="ADP">for</wf>
<wf lemma="each" pos="DET">each</wf>
<instance id="d003.s030.t011" lemma="operation" pos="NOUN">operation</instance>
<instance id="d003.s030.t012" lemma="code" pos="NOUN">code</instance>
<instance id="d003.s030.t013" lemma="instead" pos="ADV">instead</instance>
<wf lemma="of" pos="ADP">of</wf>
<wf lemma="a" pos="DET">a</wf>
<instance id="d003.s030.t014" lemma="number" pos="NOUN">number</instance>
<wf lemma="and" pos="CONJ">and</wf>
<instance id="d003.s030.t015" lemma="specify" pos="VERB">specifying</instance>
<instance id="d003.s030.t016" lemma="address" pos="NOUN">addresses</instance>
<wf lemma="in" pos="ADP">in</wf>
<instance id="d003.s030.t017" lemma="symbolic" pos="ADJ">symbolic</instance>
<instance id="d003.s030.t018" lemma="form" pos="NOUN">form</instance>
<wf lemma="(" pos=".">(</wf>
<wf lemma="e" pos="X">e</wf>
<wf lemma="." pos=".">.</wf>
<wf lemma="g" pos="NOUN">g</wf>
<wf lemma="." pos=".">.</wf>
<wf lemma="add" pos="NOUN">ADD</wf>
<wf lemma="x" pos="NOUN">X</wf>
<wf lemma="," pos=".">,</wf>
<wf lemma="total" pos="X">TOTAL</wf>
<wf lemma=")" pos=".">)</wf>
<wf lemma="." pos=".">.</wf>
</sentence>
<sentence id="d003.s031">
<wf lemma="in" pos="ADP">In</wf>
<wf lemma="1954" pos="NUM">1954</wf>
<wf lemma="fortran" pos="NOUN">Fortran</wf>
<wf lemma="," pos=".">,</wf>
<wf lemma="the" pos="DET">the</wf>
<instance id="d003.s031.t000" lemma="first" pos="ADJ">first</instance>
<instance id="d003.s031.t001" lemma="higher" pos="ADJ">higher</instance>
<instance id="d003.s031.t002" lemma="level" pos="NOUN">level</instance>
<instance id="d003.s031.t003" lemma="programming" pos="NOUN">programming</instance>
<instance id="d003.s031.t004" lemma="language" pos="NOUN">language</instance>
<wf lemma="," pos=".">,</wf>
<wf lemma="be" pos="VERB">was</wf>
<instance id="d003.s031.t005" lemma="invent" pos="VERB">invented</instance>
<wf lemma="." pos=".">.</wf>
</sentence>
<sentence id="d003.s032">
<wf lemma="this" pos="DET">This</wf>
<instance id="d003.s032.t000" lemma="allow" pos="VERB">allowed</instance>
<instance id="d003.s032.t001" lemma="programmer" pos="NOUN">programmers</instance>
<wf lemma="to" pos="PRT">to</wf>
<instance id="d003.s032.t002" lemma="specify" pos="VERB">specify</instance>
<instance id="d003.s032.t003" lemma="calculation" pos="NOUN">calculations</instance>
<wf lemma="by" pos="ADP">by</wf>
<instance id="d003.s032.t004" lemma="enter" pos="VERB">entering</instance>
<wf lemma="a" pos="DET">a</wf>
<instance id="d003.s032.t005" lemma="formula" pos="NOUN">formula</instance>
<instance id="d003.s032.t006" lemma="directly" pos="ADV">directly</instance>
<wf lemma="(" pos=".">(</wf>
<wf lemma="e" pos="X">e</wf>
<wf lemma="." pos=".">.</wf>
<wf lemma="g" pos="NOUN">g</wf>
<wf lemma="." pos=".">.</wf>
<wf lemma="y" pos="NOUN">Y</wf>
<wf lemma="=" pos=".">=</wf>
<wf lemma="x*2" pos="NOUN">X*2</wf>
<wf lemma="+" pos=".">+</wf>
<wf lemma="5*x" pos="NOUN">5*X</wf>
<wf lemma="+" pos=".">+</wf>
<wf lemma="9" pos="NUM">9</wf>
<wf lemma=")" pos=".">)</wf>
<wf lemma="." pos=".">.</wf>
</sentence>
<sentence id="d003.s033">
<wf lemma="the" pos="DET">The</wf>
<instance id="d003.s033.t000" lemma="program" pos="NOUN">program</instance>
<instance id="d003.s033.t001" lemma="text" pos="NOUN">text</instance>
<wf lemma="," pos=".">,</wf>
<wf lemma="or" pos="CONJ">or</wf>
<wf lemma="source" pos="NOUN">source</wf>
<wf lemma="," pos=".">,</wf>
<wf lemma="be" pos="VERB">was</wf>
<instance id="d003.s033.t002" lemma="convert" pos="VERB">converted</instance>
<wf lemma="into" pos="ADP">into</wf>
<instance id="d003.s033.t003" lemma="machine" pos="NOUN">machine</instance>
<instance id="d003.s033.t004" lemma="instruction" pos="NOUN">instructions</instance>
<instance id="d003.s033.t005" lemma="use" pos="VERB">using</instance>
<wf lemma="a" pos="DET">a</wf>
<instance id="d003.s033.t006" lemma="special" pos="ADJ">special</instance>
<instance id="d003.s033.t007" lemma="program" pos="NOUN">program</instance>
<instance id="d003.s033.t008" lemma="call" pos="VERB">called</instance>
<wf lemma="a" pos="DET">a</wf>
<instance id="d003.s033.t009" lemma="compiler" pos="NOUN">compiler</instance>
<wf lemma="." pos=".">.</wf>
</sentence>
<sentence id="d003.s034">
<wf lemma="many" pos="ADJ">Many</wf>
<instance id="d003.s034.t000" lemma="other" pos="ADJ">other</instance>
<instance id="d003.s034.t001" lemma="language" pos="NOUN">languages</instance>
<wf lemma="be" pos="VERB">were</wf>
<instance id="d003.s034.t002" lemma="develop" pos="VERB">developed</instance>
<wf lemma="," pos=".">,</wf>
<wf lemma="include" pos="VERB">including</wf>
<wf lemma="ones" pos="NOUN">ones</wf>
<wf lemma="for" pos="ADP">for</wf>
<instance id="d003.s034.t003" lemma="commercial" pos="ADJ">commercial</instance>
<instance id="d003.s034.t004" lemma="programming" pos="NOUN">programming</instance>
<wf lemma="," pos=".">,</wf>
<wf lemma="such" pos="ADJ">such</wf>
<wf lemma="as" pos="ADP">as</wf>
<wf lemma="cobol" pos="NOUN">COBOL</wf>
<wf lemma="." pos=".">.</wf>
</sentence>
<sentence id="d003.s035">
<instance id="d003.s035.t000" lemma="program" pos="NOUN">Programs</instance>
<wf lemma="be" pos="VERB">were</wf>
<instance id="d003.s035.t001" lemma="mostly" pos="ADV">mostly</instance>
<instance id="d003.s035.t002" lemma="still" pos="ADV">still</instance>
<instance id="d003.s035.t003" lemma="enter" pos="VERB">entered</instance>
<instance id="d003.s035.t004" lemma="use" pos="VERB">using</instance>
<instance id="d003.s035.t005" lemma="punch_card" pos="NOUN">punch cards</instance>
<wf lemma="or" pos="CONJ">or</wf>
<instance id="d003.s035.t006" lemma="paper_tape" pos="NOUN">paper tape</instance>
<wf lemma="." pos=".">.</wf>
</sentence>
<sentence id="d003.s036">
<wf lemma="(" pos=".">(</wf>
<instance id="d003.s036.t000" lemma="see" pos="VERB">See</instance>
<instance id="d003.s036.t001" lemma="computer" pos="NOUN">computer</instance>
<instance id="d003.s036.t002" lemma="programming" pos="NOUN">programming</instance>
<wf lemma="in" pos="ADP">in</wf>
<wf lemma="the" pos="DET">the</wf>
<instance id="d003.s036.t003" lemma="punch_card" pos="NOUN">punch card</instance>
<instance id="d003.s036.t004" lemma="era" pos="NOUN">era</instance>
<wf lemma=")" pos=".">)</wf>
<wf lemma="." pos=".">.</wf>
</sentence>
<sentence id="d003.s037">
<wf lemma="in" pos="ADP">In</wf>
<wf lemma="the" pos="DET">the</wf>
<wf lemma="mid-1970s" pos="NOUN">mid-1970s</wf>
<wf lemma="," pos=".">,</wf>
<instance id="d003.s037.t000" lemma="mass" pos="ADJ">mass</instance>
<instance id="d003.s037.t001" lemma="storage" pos="NOUN">storage</instance>
<instance id="d003.s037.t002" lemma="device" pos="NOUN">devices</instance>
<wf lemma="and" pos="CONJ">and</wf>
<instance id="d003.s037.t003" lemma="computer" pos="NOUN">computer</instance>
<instance id="d003.s037.t004" lemma="terminal" pos="NOUN">terminals</instance>
<instance id="d003.s037.t005" lemma="become" pos="VERB">became</instance>
<instance id="d003.s037.t006" lemma="inexpensive" pos="ADJ">inexpensive</instance>
<instance id="d003.s037.t007" lemma="enough" pos="ADV">enough</instance>
<instance id="d003.s037.t008" lemma="so" pos="ADV">so</instance>
<instance id="d003.s037.t009" lemma="program" pos="NOUN">programs</instance>
<wf lemma="could" pos="VERB">could</wf>
<wf lemma="be" pos="VERB">be</wf>
<instance id="d003.s037.t010" lemma="create" pos="VERB">created</instance>
<wf lemma="by" pos="ADP">by</wf>
<instance id="d003.s037.t011" lemma="typing" pos="NOUN">typing</instance>
<instance id="d003.s037.t012" lemma="directly" pos="ADV">directly</instance>
<wf lemma="into" pos="ADP">into</wf>
<wf lemma="the" pos="DET">the</wf>
<instance id="d003.s037.t013" lemma="computer" pos="NOUN">computers</instance>
<wf lemma="." pos=".">.</wf>
</sentence>
<sentence id="d003.s038">
<instance id="d003.s038.t000" lemma="text" pos="NOUN">Text</instance>
<instance id="d003.s038.t001" lemma="editor" pos="NOUN">editors</instance>
<wf lemma="be" pos="VERB">were</wf>
<instance id="d003.s038.t002" lemma="develop" pos="VERB">developed</instance>
<wf lemma="that" pos="DET">that</wf>
<instance id="d003.s038.t003" lemma="allow" pos="VERB">allowed</instance>
<instance id="d003.s038.t004" lemma="change" pos="NOUN">changes</instance>
<wf lemma="and" pos="CONJ">and</wf>
<instance id="d003.s038.t005" lemma="correction" pos="NOUN">corrections</instance>
<wf lemma="to" pos="PRT">to</wf>
<wf lemma="be" pos="VERB">be</wf>
<instance id="d003.s038.t006" lemma="make" pos="VERB">made</instance>
<wf lemma="much" pos="ADV">much</wf>
<wf lemma="more" pos="ADV">more</wf>
<instance id="d003.s038.t007" lemma="easily" pos="ADV">easily</instance>
<wf lemma="than" pos="ADP">than</wf>
<wf lemma="with" pos="ADP">with</wf>
<instance id="d003.s038.t008" lemma="punch_card" pos="NOUN">punch cards</instance>
<wf lemma="." pos=".">.</wf>
</sentence>
<sentence id="d003.s039">
<wf lemma="as" pos="ADP">As</wf>
<instance id="d003.s039.t000" lemma="time" pos="NOUN">time</instance>
<wf lemma="have" pos="VERB">has</wf>
<instance id="d003.s039.t001" lemma="progress" pos="VERB">progressed</instance>
<instance id="d003.s039.t002" lemma="computer" pos="NOUN">computers</instance>
<wf lemma="have" pos="VERB">have</wf>
<instance id="d003.s039.t003" lemma="make" pos="VERB">made</instance>
<instance id="d003.s039.t004" lemma="giant" pos="ADJ">giant</instance>
<instance id="d003.s039.t005" lemma="leap" pos="NOUN">leaps</instance>
<wf lemma="in" pos="ADP">in</wf>
<wf lemma="the" pos="DET">the</wf>
<instance id="d003.s039.t006" lemma="area" pos="NOUN">area</instance>
<wf lemma="of" pos="ADP">of</wf>
<instance id="d003.s039.t007" lemma="processing" pos="NOUN">processing</instance>
<instance id="d003.s039.t008" lemma="power" pos="NOUN">power</instance>
<wf lemma="." pos=".">.</wf>
</sentence>
<sentence id="d003.s040">
<wf lemma="this" pos="DET">This</wf>
<wf lemma="have" pos="VERB">has</wf>
<instance id="d003.s040.t000" lemma="bring_about" pos="VERB">brought about</instance>
<instance id="d003.s040.t001" lemma="new" pos="ADJ">newer</instance>
<instance id="d003.s040.t002" lemma="programming" pos="NOUN">programming</instance>
<instance id="d003.s040.t003" lemma="language" pos="NOUN">languages</instance>
<wf lemma="that" pos="DET">that</wf>
<instance id="d003.s040.t004" lemma="be" pos="VERB">are</instance>
<instance id="d003.s040.t005" lemma="more" pos="ADV">more</instance>
<wf lemma="abstracted" pos="ADJ">abstracted</wf>
<wf lemma="from" pos="ADP">from</wf>
<wf lemma="the" pos="DET">the</wf>
<instance id="d003.s040.t006" lemma="underlying" pos="ADJ">underlying</instance>
<instance id="d003.s040.t007" lemma="hardware" pos="NOUN">hardware</instance>
<wf lemma="." pos=".">.</wf>
</sentence>
<sentence id="d003.s041">
<wf lemma="although" pos="ADP">Although</wf>
<wf lemma="these" pos="DET">these</wf>
<wf lemma="more" pos="ADV">more</wf>
<wf lemma="abstracted" pos="ADJ">abstracted</wf>
<instance id="d003.s041.t000" lemma="language" pos="NOUN">languages</instance>
<instance id="d003.s041.t001" lemma="require" pos="VERB">require</instance>
<instance id="d003.s041.t002" lemma="additional" pos="ADJ">additional</instance>
<instance id="d003.s041.t003" lemma="overhead" pos="NOUN">overhead</instance>
<wf lemma="," pos=".">,</wf>
<wf lemma="in" pos="ADP">in</wf>
<wf lemma="most" pos="ADJ">most</wf>
<instance id="d003.s041.t004" lemma="case" pos="NOUN">cases</instance>
<wf lemma="the" pos="DET">the</wf>
<instance id="d003.s041.t005" lemma="huge" pos="ADJ">huge</instance>
<instance id="d003.s041.t006" lemma="increase" pos="NOUN">increase</instance>
<wf lemma="in" pos="ADP">in</wf>
<instance id="d003.s041.t007" lemma="speed" pos="NOUN">speed</instance>
<wf lemma="of" pos="ADP">of</wf>
<instance id="d003.s041.t008" lemma="modern" pos="ADJ">modern</instance>
<instance id="d003.s041.t009" lemma="computer" pos="NOUN">computers</instance>
<wf lemma="have" pos="VERB">has</wf>
<instance id="d003.s041.t010" lemma="bring_about" pos="VERB">brought about</instance>
<wf lemma="little" pos="ADJ">little</wf>
<instance id="d003.s041.t011" lemma="performance" pos="NOUN">performance</instance>
<instance id="d003.s041.t012" lemma="decrease" pos="NOUN">decrease</instance>
<instance id="d003.s041.t013" lemma="compare" pos="VERB">compared</instance>
<wf lemma="to" pos="PRT">to</wf>
<instance id="d003.s041.t014" lemma="earlier" pos="ADJ">earlier</instance>
<instance id="d003.s041.t015" lemma="counterpart" pos="NOUN">counterparts</instance>
<wf lemma="." pos=".">.</wf>
</sentence>
<sentence id="d003.s042">
<wf lemma="the" pos="DET">The</wf>
<instance id="d003.s042.t000" lemma="benefit" pos="NOUN">benefits</instance>
<wf lemma="of" pos="ADP">of</wf>
<wf lemma="these" pos="DET">these</wf>
<wf lemma="more" pos="ADV">more</wf>
<wf lemma="abstracted" pos="ADJ">abstracted</wf>
<instance id="d003.s042.t001" lemma="language" pos="NOUN">languages</instance>
<instance id="d003.s042.t002" lemma="be" pos="VERB">is</instance>
<wf lemma="that" pos="ADP">that</wf>
<wf lemma="they" pos="PRON">they</wf>
<instance id="d003.s042.t003" lemma="allow" pos="VERB">allow</instance>
<wf lemma="both" pos="DET">both</wf>
<wf lemma="a" pos="DET">an</wf>
<instance id="d003.s042.t004" lemma="easy" pos="ADJ">easier</instance>
<instance id="d003.s042.t005" lemma="learning" pos="NOUN">learning</instance>
<instance id="d003.s042.t006" lemma="curve" pos="NOUN">curve</instance>
<wf lemma="for" pos="ADP">for</wf>
<instance id="d003.s042.t007" lemma="people" pos="NOUN">people</instance>
<wf lemma="less" pos="ADV">less</wf>
<wf lemma="familiar" pos="ADJ">familiar</wf>
<wf lemma="with" pos="ADP">with</wf>
<wf lemma="the" pos="DET">the</wf>
<instance id="d003.s042.t008" lemma="older" pos="ADJ">older</instance>
<wf lemma="lower-level" pos="ADJ">lower-level</wf>
<instance id="d003.s042.t009" lemma="programming" pos="NOUN">programming</instance>
<instance id="d003.s042.t010" lemma="language" pos="NOUN">languages</instance>
<wf lemma="," pos=".">,</wf>
<wf lemma="and" pos="CONJ">and</wf>
<wf lemma="they" pos="PRON">they</wf>
<instance id="d003.s042.t011" lemma="also" pos="ADV">also</instance>
<instance id="d003.s042.t012" lemma="allow" pos="VERB">allow</instance>
<wf lemma="a" pos="DET">a</wf>
<wf lemma="more" pos="ADV">more</wf>
<instance id="d003.s042.t013" lemma="experienced" pos="ADJ">experienced</instance>
<instance id="d003.s042.t014" lemma="programmer" pos="NOUN">programmer</instance>
<wf lemma="to" pos="PRT">to</wf>
<instance id="d003.s042.t015" lemma="develop" pos="VERB">develop</instance>
<instance id="d003.s042.t016" lemma="simple" pos="ADJ">simple</instance>
<instance id="d003.s042.t017" lemma="application" pos="NOUN">applications</instance>
<instance id="d003.s042.t018" lemma="quickly" pos="ADV">quickly</instance>
<wf lemma="." pos=".">.</wf>
</sentence>
<sentence id="d003.s043">
<wf lemma="despite" pos="ADP">Despite</wf>
<wf lemma="these" pos="DET">these</wf>
<instance id="d003.s043.t000" lemma="benefit" pos="NOUN">benefits</instance>
<wf lemma="," pos=".">,</wf>
<instance id="d003.s043.t001" lemma="large" pos="ADJ">large</instance>
<instance id="d003.s043.t002" lemma="complicated" pos="ADJ">complicated</instance>
<instance id="d003.s043.t003" lemma="program" pos="NOUN">programs</instance>
<wf lemma="," pos=".">,</wf>
<wf lemma="and" pos="CONJ">and</wf>
<instance id="d003.s043.t004" lemma="program" pos="NOUN">programs</instance>
<wf lemma="that" pos="DET">that</wf>
<instance id="d003.s043.t005" lemma="be" pos="VERB">are</instance>
<wf lemma="more" pos="ADV">more</wf>
<instance id="d003.s043.t006" lemma="dependent_on" pos="ADJ">dependent on</instance>
<instance id="d003.s043.t007" lemma="speed" pos="NOUN">speed</instance>
<instance id="d003.s043.t008" lemma="still" pos="ADV">still</instance>
<instance id="d003.s043.t009" lemma="require" pos="VERB">require</instance>
<wf lemma="the" pos="DET">the</wf>
<instance id="d003.s043.t010" lemma="fast" pos="ADJ">faster</instance>
<wf lemma="and" pos="CONJ">and</wf>
<instance id="d003.s043.t011" lemma="relatively" pos="ADV">relatively</instance>
<wf lemma="lower-level" pos="ADJ">lower-level</wf>
<instance id="d003.s043.t012" lemma="language" pos="NOUN">languages</instance>
<wf lemma="with" pos="ADP">with</wf>
<instance id="d003.s043.t013" lemma="today" pos="NOUN">todays</instance>
<instance id="d003.s043.t014" lemma="hardware" pos="NOUN">hardware</instance>
<wf lemma="." pos=".">.</wf>
</sentence>
<sentence id="d003.s044">
<wf lemma="(" pos=".">(</wf>
<wf lemma="the" pos="DET">The</wf>
<wf lemma="same" pos="ADJ">same</wf>
<instance id="d003.s044.t000" lemma="concern" pos="NOUN">concerns</instance>
<wf lemma="be" pos="VERB">were</wf>
<instance id="d003.s044.t001" lemma="raise" pos="VERB">raised</instance>
<wf lemma="about" pos="ADP">about</wf>
<wf lemma="the" pos="DET">the</wf>
<instance id="d003.s044.t002" lemma="original" pos="ADJ">original</instance>
<wf lemma="fortran" pos="NOUN">Fortran</wf>
<instance id="d003.s044.t003" lemma="language" pos="NOUN">language</instance>
<wf lemma="." pos=".">.</wf>
<wf lemma=")" pos=".">)</wf>
</sentence>
<sentence id="d003.s045">
<wf lemma="throughout" pos="ADP">Throughout</wf>
<wf lemma="the" pos="DET">the</wf>
<instance id="d003.s045.t000" lemma="second" pos="ADJ">second</instance>
<instance id="d003.s045.t001" lemma="half" pos="NOUN">half</instance>
<wf lemma="of" pos="ADP">of</wf>
<wf lemma="the" pos="DET">the</wf>
<instance id="d003.s045.t002" lemma="twentieth" pos="ADJ">twentieth</instance>
<instance id="d003.s045.t003" lemma="century" pos="NOUN">century</instance>
<wf lemma="," pos=".">,</wf>
<instance id="d003.s045.t004" lemma="programming" pos="NOUN">programming</instance>
<instance id="d003.s045.t005" lemma="be" pos="VERB">was</instance>
<wf lemma="a" pos="DET">an</wf>
<instance id="d003.s045.t006" lemma="attractive" pos="ADJ">attractive</instance>
<instance id="d003.s045.t007" lemma="career" pos="NOUN">career</instance>
<wf lemma="in" pos="ADP">in</wf>
<wf lemma="most" pos="ADJ">most</wf>
<instance id="d003.s045.t008" lemma="developed" pos="ADJ">developed</instance>
<instance id="d003.s045.t009" lemma="country" pos="NOUN">countries</instance>
<wf lemma="." pos=".">.</wf>
</sentence>
<sentence id="d003.s046">
<wf lemma="some" pos="DET">Some</wf>
<instance id="d003.s046.t000" lemma="form" pos="NOUN">forms</instance>
<wf lemma="of" pos="ADP">of</wf>
<instance id="d003.s046.t001" lemma="programming" pos="NOUN">programming</instance>
<wf lemma="have" pos="VERB">have</wf>
<instance id="d003.s046.t002" lemma="be" pos="VERB">been</instance>
<instance id="d003.s046.t003" lemma="increasingly" pos="ADV">increasingly</instance>
<instance id="d003.s046.t004" lemma="subject" pos="ADJ">subject</instance>
<wf lemma="to" pos="PRT">to</wf>
<wf lemma="offshore" pos="ADJ">offshore</wf>
<wf lemma="outsourcing" pos="NOUN">outsourcing</wf>
<wf lemma="(" pos=".">(</wf>
<instance id="d003.s046.t005" lemma="import" pos="VERB">importing</instance>
<instance id="d003.s046.t006" lemma="software" pos="NOUN">software</instance>
<wf lemma="and" pos="CONJ">and</wf>
<instance id="d003.s046.t007" lemma="service" pos="NOUN">services</instance>
<wf lemma="from" pos="ADP">from</wf>
<instance id="d003.s046.t008" lemma="other" pos="ADJ">other</instance>
<instance id="d003.s046.t009" lemma="country" pos="NOUN">countries</instance>
<wf lemma="," pos=".">,</wf>
<instance id="d003.s046.t010" lemma="usually" pos="ADV">usually</instance>
<wf lemma="at" pos="ADP">at</wf>
<wf lemma="a" pos="DET">a</wf>
<instance id="d003.s046.t011" lemma="low" pos="ADJ">lower</instance>
<instance id="d003.s046.t012" lemma="wage" pos="NOUN">wage</instance>
<wf lemma=")" pos=".">)</wf>
<wf lemma="," pos=".">,</wf>
<instance id="d003.s046.t013" lemma="make" pos="VERB">making</instance>
<instance id="d003.s046.t014" lemma="programming" pos="NOUN">programming</instance>
<instance id="d003.s046.t015" lemma="career" pos="NOUN">career</instance>
<instance id="d003.s046.t016" lemma="decision" pos="NOUN">decisions</instance>
<wf lemma="in" pos="ADP">in</wf>
<instance id="d003.s046.t017" lemma="developed" pos="ADJ">developed</instance>
<instance id="d003.s046.t018" lemma="country" pos="NOUN">countries</instance>
<wf lemma="more" pos="ADV">more</wf>
<instance id="d003.s046.t019" lemma="complicated" pos="ADJ">complicated</instance>
<wf lemma="," pos=".">,</wf>
<wf lemma="while" pos="ADP">while</wf>
<instance id="d003.s046.t020" lemma="increase" pos="VERB">increasing</instance>
<instance id="d003.s046.t021" lemma="economic" pos="ADJ">economic</instance>
<instance id="d003.s046.t022" lemma="opportunity" pos="NOUN">opportunities</instance>
<wf lemma="in" pos="ADP">in</wf>
<wf lemma="less" pos="ADJ">less</wf>
<instance id="d003.s046.t023" lemma="developed" pos="ADJ">developed</instance>
<instance id="d003.s046.t024" lemma="area" pos="NOUN">areas</instance>
<wf lemma="." pos=".">.</wf>
</sentence>
<sentence id="d003.s047">
<wf lemma="it" pos="PRON">It</wf>
<wf lemma="be" pos="VERB">is</wf>
<instance id="d003.s047.t000" lemma="unclear" pos="ADJ">unclear</instance>
<wf lemma="how" pos="ADV">how</wf>
<instance id="d003.s047.t001" lemma="far" pos="ADV">far</instance>
<wf lemma="this" pos="DET">this</wf>
<instance id="d003.s047.t002" lemma="trend" pos="NOUN">trend</instance>
<wf lemma="will" pos="VERB">will</wf>
<instance id="d003.s047.t003" lemma="continue" pos="VERB">continue</instance>
<wf lemma="and" pos="CONJ">and</wf>
<wf lemma="how" pos="ADV">how</wf>
<instance id="d003.s047.t004" lemma="deeply" pos="ADV">deeply</instance>
<wf lemma="it" pos="PRON">it</wf>
<wf lemma="will" pos="VERB">will</wf>
<instance id="d003.s047.t005" lemma="impact" pos="VERB">impact</instance>
<instance id="d003.s047.t006" lemma="programmer" pos="NOUN">programmer</instance>
<instance id="d003.s047.t007" lemma="wage" pos="NOUN">wages</instance>
<wf lemma="and" pos="CONJ">and</wf>
<instance id="d003.s047.t008" lemma="opportunity" pos="NOUN">opportunities</instance>
<wf lemma="." pos=".">.</wf>
</sentence>
<sentence id="d003.s048">
<wf lemma="despite" pos="ADP">Despite</wf>
<wf lemma="the" pos="DET">the</wf>
<wf lemma="''" pos=".">''</wf>
<wf lemma="outsourcing" pos="NOUN">outsourcing</wf>
<instance id="d003.s048.t000" lemma="trend" pos="NOUN">trend</instance>
<wf lemma="''" pos=".">''</wf>
<wf lemma="it" pos="PRON">it</wf>
<wf lemma="can" pos="VERB">can</wf>
<wf lemma="be" pos="VERB">be</wf>
<instance id="d003.s048.t001" lemma="argue" pos="VERB">argued</instance>
<wf lemma="that" pos="ADP">that</wf>
<wf lemma="some" pos="DET">some</wf>
<wf lemma="of" pos="ADP">of</wf>
<wf lemma="the" pos="DET">the</wf>
<instance id="d003.s048.t002" lemma="rich" pos="ADJ">richest</instance>
<instance id="d003.s048.t003" lemma="person" pos="NOUN">persons</instance>
<wf lemma="on" pos="ADP">on</wf>
<wf lemma="the" pos="DET">the</wf>
<instance id="d003.s048.t004" lemma="globe" pos="NOUN">globe</instance>
<instance id="d003.s048.t005" lemma="be" pos="VERB">are</instance>
<instance id="d003.s048.t006" lemma="programmer" pos="NOUN">programmers</instance>
<wf lemma="by" pos="ADP">by</wf>
<instance id="d003.s048.t007" lemma="profession" pos="NOUN">profession</instance>
<wf lemma="." pos=".">.</wf>
</sentence>
<sentence id="d003.s049">
<instance id="d003.s049.t000" lemma="example" pos="NOUN">Examples</instance>
<wf lemma=":" pos=".">:</wf>
<wf lemma="bill" pos="NOUN">Bill</wf>
<wf lemma="gates" pos="NOUN">Gates</wf>
<wf lemma="(" pos=".">(</wf>
<wf lemma="microsoft" pos="NOUN">Microsoft</wf>
<wf lemma=")" pos=".">)</wf>
<wf lemma="," pos=".">,</wf>
<wf lemma="larry" pos="NOUN">Larry</wf>
<wf lemma="ellison" pos="NOUN">Ellison</wf>
<wf lemma="(" pos=".">(</wf>
<wf lemma="oracle" pos="NOUN">Oracle</wf>
<wf lemma=")" pos=".">)</wf>
<wf lemma="," pos=".">,</wf>
<wf lemma="larry" pos="NOUN">Larry</wf>
<wf lemma="page" pos="NOUN">Page</wf>
<wf lemma="(" pos=".">(</wf>
<wf lemma="google" pos="NOUN">Google</wf>
<wf lemma=")" pos=".">)</wf>
<wf lemma="," pos=".">,</wf>
<wf lemma="hasso" pos="NOUN">Hasso</wf>
<wf lemma="plattner" pos="NOUN">Plattner</wf>
<wf lemma="(" pos=".">(</wf>
<wf lemma="sap" pos="NOUN">SAP</wf>
<wf lemma=")" pos=".">)</wf>
<instance id="d003.s049.t001" lemma="and_so_on" pos="ADV">and so on</instance>
<wf lemma="." pos=".">.</wf>
</sentence>
<sentence id="d003.s050">
<instance id="d003.s050.t000" lemma="programming" pos="NOUN">Programming</instance>
<instance id="d003.s050.t001" lemma="be" pos="VERB">is</instance>
<instance id="d003.s050.t002" lemma="clearly" pos="ADV">clearly</instance>
<wf lemma="a" pos="DET">a</wf>
<wf lemma="leading-edge" pos="ADJ">leading-edge</wf>
<instance id="d003.s050.t003" lemma="craftsmanship" pos="NOUN">craftsmanship</instance>
<wf lemma="that" pos="DET">that</wf>
<instance id="d003.s050.t004" lemma="continue" pos="VERB">continues</instance>
<wf lemma="to" pos="PRT">to</wf>
<instance id="d003.s050.t005" lemma="reward" pos="VERB">reward</instance>
<wf lemma="its" pos="PRON">its</wf>
<instance id="d003.s050.t006" lemma="practitioner" pos="NOUN">practitioners</instance>
<wf lemma="both" pos="CONJ">both</wf>
<wf lemma="in" pos="ADP">in</wf>
<instance id="d003.s050.t007" lemma="country" pos="NOUN">countries</instance>
<wf lemma="such" pos="ADJ">such</wf>
<wf lemma="as" pos="ADP">as</wf>
<wf lemma="india" pos="NOUN">India</wf>
<wf lemma="and" pos="CONJ">and</wf>
<instance id="d003.s050.t008" lemma="developed" pos="ADJ">developed</instance>
<instance id="d003.s050.t009" lemma="country" pos="NOUN">countries</instance>
<wf lemma="like" pos="ADP">like</wf>
<wf lemma="the" pos="DET">the</wf>
<wf lemma="usa" pos="NOUN">USA</wf>
<wf lemma="or" pos="CONJ">or</wf>
<wf lemma="germany" pos="NOUN">Germany</wf>
<wf lemma="." pos=".">.</wf>
</sentence>
<sentence id="d003.s051">
<instance id="d003.s051.t000" lemma="modern" pos="ADJ">Modern</instance>
<instance id="d003.s051.t001" lemma="programming" pos="NOUN">Programming</instance>
</sentence>
<sentence id="d003.s052">
<instance id="d003.s052.t000" lemma="methodology" pos="NOUN">Methodologies</instance>
</sentence>
<sentence id="d003.s053">
<wf lemma="the" pos="DET">The</wf>
<instance id="d003.s053.t000" lemma="first" pos="ADJ">first</instance>
<instance id="d003.s053.t001" lemma="step" pos="NOUN">step</instance>
<wf lemma="in" pos="ADP">in</wf>
<wf lemma="every" pos="DET">every</wf>
<instance id="d003.s053.t002" lemma="software" pos="NOUN">software</instance>
<instance id="d003.s053.t003" lemma="development" pos="NOUN">development</instance>
<instance id="d003.s053.t004" lemma="project" pos="NOUN">project</instance>
<wf lemma="should" pos="VERB">should</wf>
<instance id="d003.s053.t005" lemma="be" pos="VERB">be</instance>
<instance id="d003.s053.t006" lemma="requirement" pos="NOUN">requirements</instance>
<instance id="d003.s053.t007" lemma="analysis" pos="NOUN">analysis</instance>
<wf lemma="," pos=".">,</wf>
<instance id="d003.s053.t008" lemma="follow" pos="VERB">followed</instance>
<wf lemma="by" pos="ADP">by</wf>
<wf lemma="modeling" pos="NOUN">modeling</wf>
<wf lemma="," pos=".">,</wf>
<instance id="d003.s053.t009" lemma="implementation" pos="NOUN">implementation</instance>
<wf lemma="and" pos="CONJ">and</wf>
<instance id="d003.s053.t010" lemma="failure" pos="NOUN">failure</instance>
<instance id="d003.s053.t011" lemma="elimination" pos="NOUN">elimination</instance>
<wf lemma="(" pos=".">(</wf>
<wf lemma="debug" pos="VERB">debugging</wf>
<wf lemma=")" pos=".">)</wf>
<wf lemma="." pos=".">.</wf>
</sentence>
<sentence id="d003.s054">
<wf lemma="there" pos="DET">There</wf>
<instance id="d003.s054.t000" lemma="exist" pos="VERB">exist</instance>
<instance id="d003.s054.t001" lemma="a_lot" pos="ADV">a lot</instance>
<wf lemma="of" pos="ADP">of</wf>
<wf lemma="differ" pos="VERB">differing</wf>
<instance id="d003.s054.t002" lemma="approach" pos="NOUN">approaches</instance>
<wf lemma="for" pos="ADP">for</wf>
<wf lemma="each" pos="DET">each</wf>
<wf lemma="of" pos="ADP">of</wf>
<wf lemma="those" pos="DET">those</wf>
<instance id="d003.s054.t003" lemma="task" pos="NOUN">tasks</instance>
<wf lemma=";" pos=".">;</wf>
<wf lemma="with" pos="ADP">with</wf>
<wf lemma="the" pos="DET">the</wf>
<wf lemma="most" pos="ADV">most</wf>
<instance id="d003.s054.t004" lemma="popular" pos="ADJ">popular</instance>
<wf lemma="modeling" pos="NOUN">modeling</wf>
<instance id="d003.s054.t005" lemma="technique" pos="NOUN">technique</instance>
<instance id="d003.s054.t006" lemma="be" pos="VERB">being</instance>
<wf lemma="object-oriented" pos="NOUN">Object-Oriented</wf>
<instance id="d003.s054.t007" lemma="analysis" pos="NOUN">Analysis</instance>
<wf lemma="and" pos="CONJ">and</wf>
<instance id="d003.s054.t008" lemma="design" pos="NOUN">Design</instance>
<wf lemma="(" pos=".">(</wf>
<wf lemma="ooad" pos="NOUN">OOAD</wf>
<wf lemma=")" pos=".">)</wf>
<wf lemma="and" pos="CONJ">and</wf>
<wf lemma="model-driven" pos="NOUN">Model-Driven</wf>
<instance id="d003.s054.t009" lemma="architecture" pos="NOUN">Architecture</instance>
<wf lemma="(" pos=".">(</wf>
<wf lemma="mda" pos="NOUN">MDA</wf>
<wf lemma=")" pos=".">)</wf>
<wf lemma="." pos=".">.</wf>
</sentence>
<sentence id="d003.s055">
<wf lemma="the" pos="DET">The</wf>
<wf lemma="unified" pos="ADJ">Unified</wf>
<wf lemma="modeling" pos="NOUN">Modeling</wf>
<wf lemma="language" pos="NOUN">language</wf>
<wf lemma="(" pos=".">(</wf>
<wf lemma="uml" pos="X">UML</wf>
<wf lemma=")" pos=".">)</wf>
<instance id="d003.s055.t000" lemma="be" pos="VERB">is</instance>
<wf lemma="a" pos="DET">a</wf>
<instance id="d003.s055.t001" lemma="notation" pos="NOUN">notation</instance>
<instance id="d003.s055.t002" lemma="use" pos="VERB">used</instance>
<wf lemma="for" pos="ADP">for</wf>
<wf lemma="ooad" pos="NOUN">OOAD</wf>
<wf lemma="." pos=".">.</wf>
</sentence>
<sentence id="d003.s056">
<wf lemma="a" pos="DET">A</wf>
<instance id="d003.s056.t000" lemma="similar" pos="ADJ">similar</instance>
<instance id="d003.s056.t001" lemma="technique" pos="NOUN">technique</instance>
<instance id="d003.s056.t002" lemma="use" pos="VERB">used</instance>
<wf lemma="for" pos="ADP">for</wf>
<instance id="d003.s056.t003" lemma="database" pos="NOUN">database</instance>
<instance id="d003.s056.t004" lemma="design" pos="NOUN">design</instance>
<instance id="d003.s056.t005" lemma="be" pos="VERB">is</instance>
<wf lemma="entity-relationship" pos="NOUN">Entity-Relationship</wf>
<wf lemma="modeling" pos="NOUN">Modeling</wf>
<wf lemma="(" pos=".">(</wf>
<wf lemma="er" pos="NOUN">ER</wf>
<wf lemma="modeling" pos="NOUN">Modeling</wf>
<wf lemma=")" pos=".">)</wf>
<wf lemma="." pos=".">.</wf>
</sentence>
<sentence id="d003.s057">
<instance id="d003.s057.t000" lemma="implementation" pos="NOUN">Implementation</instance>
<instance id="d003.s057.t001" lemma="technique" pos="NOUN">techniques</instance>
<instance id="d003.s057.t002" lemma="include" pos="VERB">include</instance>
<wf lemma="imperative" pos="ADJ">imperative</wf>
<instance id="d003.s057.t003" lemma="language" pos="NOUN">languages</instance>
<wf lemma="(" pos=".">(</wf>
<wf lemma="object-oriented" pos="ADJ">object-oriented</wf>
<wf lemma="or" pos="CONJ">or</wf>
<instance id="d003.s057.t004" lemma="procedural" pos="ADJ">procedural</instance>
<wf lemma=")" pos=".">)</wf>
<wf lemma="," pos=".">,</wf>
<instance id="d003.s057.t005" lemma="functional" pos="ADJ">functional</instance>
<instance id="d003.s057.t006" lemma="language" pos="NOUN">languages</instance>
<wf lemma="and" pos="CONJ">and</wf>
<instance id="d003.s057.t007" lemma="logic" pos="NOUN">logic</instance>
<instance id="d003.s057.t008" lemma="language" pos="NOUN">languages</instance>
<wf lemma="." pos=".">.</wf>
</sentence>
<sentence id="d003.s058">
<wf lemma="debugging" pos="NOUN">Debugging</wf>
<wf lemma="be" pos="VERB">is</wf>
<instance id="d003.s058.t000" lemma="most" pos="ADV">most</instance>
<instance id="d003.s058.t001" lemma="often" pos="ADV">often</instance>
<instance id="d003.s058.t002" lemma="do" pos="VERB">done</instance>
<wf lemma="with" pos="ADP">with</wf>
<wf lemma="ides" pos="NOUN">IDEs</wf>
<wf lemma="like" pos="ADP">like</wf>
<wf lemma="visual" pos="NOUN">Visual</wf>
<wf lemma="studio" pos="NOUN">Studio</wf>
<wf lemma="," pos=".">,</wf>
<wf lemma="and" pos="CONJ">and</wf>
<wf lemma="eclipse" pos="NOUN">Eclipse</wf>
<wf lemma="." pos=".">.</wf>
</sentence>
<sentence id="d003.s059">
<instance id="d003.s059.t000" lemma="separate" pos="ADJ">Separate</instance>
<instance id="d003.s059.t001" lemma="debugger" pos="NOUN">debuggers</instance>
<wf lemma="like" pos="ADP">like</wf>
<wf lemma="gdb" pos="NOUN">gdb</wf>
<wf lemma="be" pos="VERB">are</wf>
<instance id="d003.s059.t002" lemma="also" pos="ADV">also</instance>
<instance id="d003.s059.t003" lemma="use" pos="VERB">used</instance>
<wf lemma="." pos=".">.</wf>
</sentence>
<sentence id="d003.s060">
<instance id="d003.s060.t000" lemma="modern" pos="ADJ">Modern</instance>
<instance id="d003.s060.t001" lemma="language" pos="NOUN">Languages</instance>
</sentence>
<sentence id="d003.s061">
<wf lemma="the" pos="DET">The</wf>
<wf lemma="most" pos="ADV">most</wf>
<instance id="d003.s061.t000" lemma="popular" pos="ADJ">popular</instance>
<instance id="d003.s061.t001" lemma="programming" pos="NOUN">programming</instance>
<instance id="d003.s061.t002" lemma="language" pos="NOUN">languages</instance>
<wf lemma="in" pos="ADP">in</wf>
<wf lemma="the" pos="DET">the</wf>
<wf lemma="21st" pos="ADJ">21st</wf>
<instance id="d003.s061.t003" lemma="century" pos="NOUN">century</instance>
<instance id="d003.s061.t004" lemma="be" pos="VERB">are</instance>
<wf lemma="c" pos="NOUN">C</wf>
<wf lemma="," pos=".">,</wf>
<wf lemma="c++" pos="NOUN">C++</wf>
<wf lemma="," pos=".">,</wf>
<wf lemma="c" pos="NOUN">C</wf>
<wf lemma="sharp" pos="ADJ">sharp</wf>
<wf lemma="," pos=".">,</wf>
<wf lemma="cobol" pos="NOUN">Cobol</wf>
<wf lemma="," pos=".">,</wf>
<wf lemma="fortran" pos="NOUN">Fortran</wf>
<wf lemma="," pos=".">,</wf>
<wf lemma="java" pos="NOUN">Java</wf>
<wf lemma="," pos=".">,</wf>
<wf lemma="php" pos="NOUN">PHP</wf>
<wf lemma="and" pos="CONJ">and</wf>
<wf lemma="python" pos="NOUN">Python</wf>
<wf lemma="." pos=".">.</wf>
</sentence>
<sentence id="d003.s062">
<wf lemma="many" pos="ADJ">Many</wf>
<instance id="d003.s062.t000" lemma="language" pos="NOUN">languages</instance>
<wf lemma="have" pos="VERB">have</wf>
<instance id="d003.s062.t001" lemma="evolve" pos="VERB">evolved</instance>
<wf lemma="from" pos="ADP">from</wf>
<wf lemma="c" pos="NOUN">C</wf>
<wf lemma="," pos=".">,</wf>
<wf lemma="such" pos="ADJ">such</wf>
<wf lemma="as" pos="ADP">as</wf>
<wf lemma="c++" pos="NOUN">C++</wf>
<wf lemma="," pos=".">,</wf>
<wf lemma="," pos=".">,</wf>
<wf lemma="and" pos="CONJ">and</wf>
<wf lemma="java" pos="NOUN">Java</wf>
<wf lemma="." pos=".">.</wf>
</sentence>
<sentence id="d003.s063">
<wf lemma="java" pos="NOUN">Java</wf>
<wf lemma="," pos=".">,</wf>
<wf lemma="and" pos="CONJ">and</wf>
<wf lemma="python" pos="NOUN">Python</wf>
<instance id="d003.s063.t000" lemma="be" pos="VERB">are</instance>
<instance id="d003.s063.t001" lemma="popular" pos="ADJ">popular</instance>
<wf lemma="because" pos="ADP">because</wf>
<instance id="d003.s063.t002" lemma="program" pos="NOUN">programs</instance>
<instance id="d003.s063.t003" lemma="write" pos="VERB">written</instance>
<wf lemma="in" pos="ADP">in</wf>
<wf lemma="they" pos="PRON">them</wf>
<wf lemma="be" pos="VERB">are</wf>
<instance id="d003.s063.t004" lemma="execute" pos="VERB">executed</instance>
<wf lemma="in" pos="ADP">in</wf>
<wf lemma="a" pos="DET">a</wf>
<instance id="d003.s063.t005" lemma="virtual" pos="ADJ">virtual</instance>
<instance id="d003.s063.t006" lemma="machine" pos="NOUN">machine</instance>
<wf lemma="," pos=".">,</wf>
<instance id="d003.s063.t007" lemma="avoid" pos="VERB">avoiding</instance>
<wf lemma="many" pos="ADJ">many</wf>
<wf lemma="of" pos="ADP">of</wf>
<wf lemma="the" pos="DET">the</wf>
<instance id="d003.s063.t008" lemma="problem" pos="NOUN">problems</instance>
<wf lemma="of" pos="ADP">of</wf>
<wf lemma="lower-level" pos="ADJ">lower-level</wf>
<instance id="d003.s063.t009" lemma="language" pos="NOUN">languages</instance>
<wf lemma="such" pos="ADJ">such</wf>
<wf lemma="as" pos="ADP">as</wf>
<wf lemma="c" pos="NOUN">C</wf>
<wf lemma="," pos=".">,</wf>
<wf lemma="c++" pos="NOUN">C++</wf>
<wf lemma="or" pos="CONJ">or</wf>
<instance id="d003.s063.t010" lemma="assembler" pos="NOUN">Assembler</instance>
<wf lemma="," pos=".">,</wf>
<wf lemma="such" pos="ADJ">such</wf>
<wf lemma="as" pos="ADP">as</wf>
<instance id="d003.s063.t011" lemma="buffer" pos="NOUN">buffer</instance>
<wf lemma="overruns" pos="NOUN">overruns</wf>
<wf lemma="and" pos="CONJ">and</wf>
<instance id="d003.s063.t012" lemma="invalid" pos="ADJ">invalid</instance>
<instance id="d003.s063.t013" lemma="pointer" pos="NOUN">pointers</instance>
<wf lemma="." pos=".">.</wf>
</sentence>
<sentence id="d003.s064">
<instance id="d003.s064.t000" lemma="however" pos="ADV">However</instance>
<wf lemma="," pos=".">,</wf>
<wf lemma="most" pos="ADJ">most</wf>
<instance id="d003.s064.t001" lemma="pc" pos="NOUN">PC</instance>
<instance id="d003.s064.t002" lemma="desktop" pos="NOUN">desktop</instance>
<instance id="d003.s064.t003" lemma="application" pos="NOUN">applications</instance>
<wf lemma="such" pos="ADJ">such</wf>
<wf lemma="as" pos="ADP">as</wf>
<instance id="d003.s064.t004" lemma="word_processor" pos="NOUN">word processors</instance>
<wf lemma="or" pos="CONJ">or</wf>
<instance id="d003.s064.t005" lemma="image" pos="NOUN">image</instance>
<instance id="d003.s064.t006" lemma="manipulation" pos="NOUN">manipulation</instance>
<instance id="d003.s064.t007" lemma="program" pos="NOUN">programs</instance>
<wf lemma="be" pos="VERB">are</wf>
<instance id="d003.s064.t008" lemma="write" pos="VERB">written</instance>
<wf lemma="in" pos="ADP">in</wf>
<wf lemma="more" pos="ADJ">more</wf>
<wf lemma="runtime" pos="NOUN">runtime</wf>
<wf lemma="and" pos="CONJ">and</wf>
<instance id="d003.s064.t009" lemma="memory" pos="NOUN">memory</instance>
<instance id="d003.s064.t010" lemma="efficient" pos="ADJ">efficient</instance>
<instance id="d003.s064.t011" lemma="language" pos="NOUN">languages</instance>
<wf lemma="like" pos="ADP">like</wf>
<wf lemma="c" pos="NOUN">C</wf>
<wf lemma="," pos=".">,</wf>
<wf lemma="c++" pos="NOUN">C++</wf>
<wf lemma="," pos=".">,</wf>
<wf lemma="and" pos="CONJ">and</wf>
<wf lemma="delphi" pos="NOUN">Delphi</wf>
<wf lemma="." pos=".">.</wf>
</sentence>
<sentence id="d003.s065">
<instance id="d003.s065.t000" lemma="operating_system" pos="NOUN">Operating systems</instance>
<wf lemma="be" pos="VERB">are</wf>
<instance id="d003.s065.t001" lemma="almost" pos="ADV">almost</instance>
<instance id="d003.s065.t002" lemma="exclusively" pos="ADV">exclusively</instance>
<instance id="d003.s065.t003" lemma="write" pos="VERB">written</instance>
<wf lemma="in" pos="ADP">in</wf>
<instance id="d003.s065.t004" lemma="low-level" pos="ADJ">low-level</instance>
<instance id="d003.s065.t005" lemma="programming" pos="NOUN">programming</instance>
<instance id="d003.s065.t006" lemma="language" pos="NOUN">languages</instance>
<wf lemma="like" pos="ADP">like</wf>
<wf lemma="c" pos="NOUN">C</wf>
<wf lemma="," pos=".">,</wf>
<wf lemma="c++" pos="NOUN">C++</wf>
<wf lemma="," pos=".">,</wf>
<wf lemma="or" pos="CONJ">or</wf>
<instance id="d003.s065.t007" lemma="assembler" pos="NOUN">Assembler</instance>
<wf lemma="," pos=".">,</wf>
<wf lemma="since" pos="ADP">since</wf>
<instance id="d003.s065.t008" lemma="speed" pos="NOUN">speed</instance>
<instance id="d003.s065.t009" lemma="be" pos="VERB">is</instance>
<instance id="d003.s065.t010" lemma="necessary" pos="ADJ">necessary</instance>
<wf lemma="in" pos="ADP">in</wf>
<instance id="d003.s065.t011" lemma="component" pos="NOUN">components</instance>
<wf lemma="like" pos="ADP">like</wf>
<instance id="d003.s065.t012" lemma="context" pos="NOUN">context</instance>
<instance id="d003.s065.t013" lemma="switching" pos="NOUN">switching</instance>
<wf lemma="," pos=".">,</wf>
<instance id="d003.s065.t014" lemma="process" pos="NOUN">process</instance>
<wf lemma="and" pos="CONJ">and</wf>
<instance id="d003.s065.t015" lemma="thread" pos="NOUN">thread</instance>
<instance id="d003.s065.t016" lemma="management" pos="NOUN">management</instance>
<wf lemma="," pos=".">,</wf>
<wf lemma="and" pos="CONJ">and</wf>
<instance id="d003.s065.t017" lemma="memory" pos="NOUN">memory</instance>
<instance id="d003.s065.t018" lemma="management" pos="NOUN">management</instance>
<wf lemma="." pos=".">.</wf>
</sentence>
<sentence id="d003.s066">
<instance id="d003.s066.t000" lemma="scientific" pos="ADJ">Scientific</instance>
<instance id="d003.s066.t001" lemma="application" pos="NOUN">applications</instance>
<wf lemma="be" pos="VERB">are</wf>
<instance id="d003.s066.t002" lemma="often" pos="ADV">often</instance>
<instance id="d003.s066.t003" lemma="implement" pos="VERB">implemented</instance>
<wf lemma="in" pos="ADP">in</wf>
<wf lemma="fortran" pos="NOUN">Fortran</wf>
<wf lemma="because" pos="ADP">because</wf>
<instance id="d003.s066.t004" lemma="very" pos="ADV">very</instance>
<instance id="d003.s066.t005" lemma="efficient" pos="ADJ">efficient</instance>
<instance id="d003.s066.t006" lemma="optimization" pos="NOUN">optimization</instance>
<wf lemma="(" pos=".">(</wf>
<instance id="d003.s066.t007" lemma="use" pos="VERB">using</instance>
<wf lemma="optimize" pos="VERB">optimizing</wf>
<instance id="d003.s066.t008" lemma="compiler" pos="NOUN">Compilers</instance>
<wf lemma=")" pos=".">)</wf>
<instance id="d003.s066.t009" lemma="be" pos="VERB">is</instance>
<instance id="d003.s066.t010" lemma="possible" pos="ADJ">possible</instance>
<wf lemma="for" pos="ADP">for</wf>
<instance id="d003.s066.t011" lemma="arithmetic" pos="NOUN">arithmetic</instance>
<wf lemma="." pos=".">.</wf>
</sentence>
<sentence id="d003.s067">
<wf lemma="cobol" pos="NOUN">Cobol</wf>
<instance id="d003.s067.t000" lemma="be" pos="VERB">is</instance>
<instance id="d003.s067.t001" lemma="still" pos="ADV">still</instance>
<instance id="d003.s067.t002" lemma="very" pos="ADV">very</instance>
<instance id="d003.s067.t003" lemma="strong" pos="ADJ">strong</instance>
<wf lemma="in" pos="ADP">in</wf>
<wf lemma="the" pos="DET">the</wf>
<instance id="d003.s067.t004" lemma="corporate" pos="ADJ">corporate</instance>
<instance id="d003.s067.t005" lemma="data" pos="NOUN">data</instance>
<instance id="d003.s067.t006" lemma="center" pos="NOUN">center</instance>
<wf lemma="," pos=".">,</wf>
<instance id="d003.s067.t007" lemma="mainly" pos="ADV">mainly</instance>
<wf lemma="on" pos="ADP">on</wf>
<instance id="d003.s067.t008" lemma="large" pos="ADJ">large</instance>
<instance id="d003.s067.t009" lemma="mainframe" pos="NOUN">Mainframe</instance>
<instance id="d003.s067.t010" lemma="computer" pos="NOUN">computers</instance>
<wf lemma="." pos=".">.</wf>
</sentence>
<sentence id="d003.s068">
<wf lemma="php" pos="NOUN">PHP</wf>
<wf lemma="and" pos="CONJ">and</wf>
<wf lemma="java" pos="NOUN">Java</wf>
<instance id="d003.s068.t000" lemma="excel" pos="VERB">excel</instance>
<wf lemma="in" pos="ADP">in</wf>
<wf lemma="database-oriented" pos="ADJ">database-oriented</wf>
<instance id="d003.s068.t001" lemma="application" pos="NOUN">applications</instance>
<wf lemma="which" pos="DET">which</wf>
<wf lemma="be" pos="VERB">are</wf>
<instance id="d003.s068.t002" lemma="often" pos="ADV">often</instance>
<instance id="d003.s068.t003" lemma="deliver" pos="VERB">delivered</instance>
<wf lemma="over" pos="ADP">over</wf>
<wf lemma="the" pos="DET">the</wf>
<instance id="d003.s068.t004" lemma="internet" pos="NOUN">internet</instance>
<wf lemma="or" pos="CONJ">or</wf>
<instance id="d003.s068.t005" lemma="corporate" pos="ADJ">corporate</instance>
<instance id="d003.s068.t006" lemma="intranet" pos="NOUN">intranets</instance>
<wf lemma="." pos=".">.</wf>
</sentence>
<sentence id="d003.s069">
<wf lemma="python" pos="NOUN">Python</wf>
<wf lemma="," pos=".">,</wf>
<wf lemma="while" pos="ADP">while</wf>
<instance id="d003.s069.t000" lemma="be" pos="VERB">being</instance>
<wf lemma="a" pos="DET">a</wf>
<instance id="d003.s069.t001" lemma="general-purpose" pos="ADJ">general-purpose</instance>
<instance id="d003.s069.t002" lemma="programming" pos="NOUN">programming</instance>
<instance id="d003.s069.t003" lemma="language" pos="NOUN">language</instance>
<wf lemma="," pos=".">,</wf>
<wf lemma="be" pos="VERB">is</wf>
<instance id="d003.s069.t004" lemma="mostly" pos="ADV">mostly</instance>
<instance id="d003.s069.t005" lemma="use" pos="VERB">used</instance>
<wf lemma="in" pos="ADP">in</wf>
<instance id="d003.s069.t006" lemma="system" pos="NOUN">system</instance>
<instance id="d003.s069.t007" lemma="administration" pos="NOUN">administration</instance>
<wf lemma="and" pos="CONJ">and</wf>
<instance id="d003.s069.t008" lemma="web" pos="NOUN">web</instance>
<instance id="d003.s069.t009" lemma="programming" pos="NOUN">programming</instance>
<wf lemma="." pos=".">.</wf>
</sentence>
<sentence id="d003.s070">
<wf lemma="debug" pos="VERB">Debugging</wf>
</sentence>
<sentence id="d003.s071">
<wf lemma="debugging" pos="NOUN">Debugging</wf>
<instance id="d003.s071.t000" lemma="be" pos="VERB">is</instance>
<wf lemma="a" pos="DET">a</wf>
<instance id="d003.s071.t001" lemma="very" pos="ADV">very</instance>
<instance id="d003.s071.t002" lemma="important" pos="ADJ">important</instance>
<instance id="d003.s071.t003" lemma="task" pos="NOUN">task</instance>
<wf lemma="for" pos="ADP">for</wf>
<wf lemma="every" pos="DET">every</wf>
<instance id="d003.s071.t004" lemma="programmer" pos="NOUN">programmer</instance>
<wf lemma="," pos=".">,</wf>
<wf lemma="because" pos="ADP">because</wf>
<wf lemma="a" pos="DET">an</wf>
<instance id="d003.s071.t005" lemma="erroneous" pos="ADJ">erroneous</instance>
<instance id="d003.s071.t006" lemma="program" pos="NOUN">program</instance>
<instance id="d003.s071.t007" lemma="be" pos="VERB">is</instance>
<instance id="d003.s071.t008" lemma="often" pos="ADV">often</instance>
<instance id="d003.s071.t009" lemma="useless" pos="ADJ">useless</instance>
<wf lemma="." pos=".">.</wf>
</sentence>
<sentence id="d003.s072">
<instance id="d003.s072.t000" lemma="language" pos="NOUN">Languages</instance>
<wf lemma="like" pos="ADP">like</wf>
<wf lemma="c++" pos="NOUN">C++</wf>
<wf lemma="and" pos="CONJ">and</wf>
<instance id="d003.s072.t001" lemma="assembler" pos="NOUN">Assembler</instance>
<instance id="d003.s072.t002" lemma="be" pos="VERB">are</instance>
<instance id="d003.s072.t003" lemma="very" pos="ADV">very</instance>
<instance id="d003.s072.t004" lemma="challenging" pos="ADJ">challenging</instance>
<instance id="d003.s072.t005" lemma="even" pos="ADV">even</instance>
<wf lemma="to" pos="PRT">to</wf>
<instance id="d003.s072.t006" lemma="expert" pos="ADJ">expert</instance>
<instance id="d003.s072.t007" lemma="programmer" pos="NOUN">programmers</instance>
<wf lemma="because" pos="ADP">because</wf>
<wf lemma="of" pos="ADP">of</wf>
<instance id="d003.s072.t008" lemma="failure" pos="NOUN">failure</instance>
<instance id="d003.s072.t009" lemma="mode" pos="NOUN">modes</instance>
<wf lemma="like" pos="ADP">like</wf>
<instance id="d003.s072.t010" lemma="buffer" pos="NOUN">Buffer</instance>
<wf lemma="overruns" pos="NOUN">overruns</wf>
<wf lemma="," pos=".">,</wf>
<instance id="d003.s072.t011" lemma="bad" pos="ADJ">bad</instance>
<instance id="d003.s072.t012" lemma="pointer" pos="NOUN">pointers</instance>
<wf lemma="or" pos="CONJ">or</wf>
<wf lemma="uninitialized" pos="ADJ">uninitialized</wf>
<instance id="d003.s072.t013" lemma="memory" pos="NOUN">memory</instance>
<wf lemma="." pos=".">.</wf>
</sentence>
<sentence id="d003.s073">
<wf lemma="a" pos="DET">A</wf>
<instance id="d003.s073.t000" lemma="buffer" pos="NOUN">buffer</instance>
<wf lemma="overrun" pos="NOUN">overrun</wf>
<wf lemma="can" pos="VERB">can</wf>
<instance id="d003.s073.t001" lemma="damage" pos="VERB">damage</instance>
<instance id="d003.s073.t002" lemma="adjacent" pos="ADJ">adjacent</instance>
<instance id="d003.s073.t003" lemma="memory" pos="NOUN">memory</instance>
<instance id="d003.s073.t004" lemma="region" pos="NOUN">regions</instance>
<wf lemma="and" pos="CONJ">and</wf>
<instance id="d003.s073.t005" lemma="cause" pos="VERB">cause</instance>
<wf lemma="a" pos="DET">a</wf>
<instance id="d003.s073.t006" lemma="failure" pos="NOUN">failure</instance>
<wf lemma="in" pos="ADP">in</wf>
<wf lemma="a" pos="DET">a</wf>
<instance id="d003.s073.t007" lemma="totally" pos="ADV">totally</instance>
<instance id="d003.s073.t008" lemma="different" pos="ADJ">different</instance>
<instance id="d003.s073.t009" lemma="program" pos="NOUN">program</instance>
<instance id="d003.s073.t010" lemma="line" pos="NOUN">line</instance>
<wf lemma="." pos=".">.</wf>
</sentence>
<sentence id="d003.s074">
<wf lemma="because" pos="ADP">Because</wf>
<wf lemma="of" pos="ADP">of</wf>
<wf lemma="those" pos="DET">those</wf>
<instance id="d003.s074.t000" lemma="memory" pos="NOUN">memory</instance>
<instance id="d003.s074.t001" lemma="issue" pos="NOUN">issues</instance>
<instance id="d003.s074.t002" lemma="tool" pos="NOUN">tools</instance>
<wf lemma="like" pos="ADP">like</wf>
<wf lemma="valgrind" pos="NOUN">Valgrind</wf>
<wf lemma="," pos=".">,</wf>
<wf lemma="purify" pos="NOUN">Purify</wf>
<wf lemma="or" pos="CONJ">or</wf>
<wf lemma="boundschecker" pos="NOUN">Boundschecker</wf>
<instance id="d003.s074.t003" lemma="be" pos="VERB">are</instance>
<instance id="d003.s074.t004" lemma="virtually" pos="ADV">virtually</instance>
<wf lemma="a" pos="DET">a</wf>
<instance id="d003.s074.t005" lemma="necessity" pos="NOUN">necessity</instance>
<wf lemma="for" pos="ADP">for</wf>
<instance id="d003.s074.t006" lemma="modern" pos="ADJ">modern</instance>
<instance id="d003.s074.t007" lemma="software" pos="NOUN">software</instance>
<instance id="d003.s074.t008" lemma="development" pos="NOUN">development</instance>
<wf lemma="in" pos="ADP">in</wf>
<wf lemma="the" pos="DET">the</wf>
<wf lemma="c++" pos="NOUN">C++</wf>
<instance id="d003.s074.t009" lemma="language" pos="NOUN">language</instance>
<wf lemma="." pos=".">.</wf>
</sentence>
<sentence id="d003.s075">
<instance id="d003.s075.t000" lemma="language" pos="NOUN">Languages</instance>
<wf lemma="such" pos="ADJ">such</wf>
<wf lemma="as" pos="ADP">as</wf>
<wf lemma="java" pos="NOUN">Java</wf>
<wf lemma="," pos=".">,</wf>
<wf lemma="php" pos="NOUN">PHP</wf>
<wf lemma="and" pos="CONJ">and</wf>
<wf lemma="python" pos="NOUN">Python</wf>
<instance id="d003.s075.t001" lemma="protect" pos="VERB">protect</instance>
<wf lemma="the" pos="DET">the</wf>
<instance id="d003.s075.t002" lemma="programmer" pos="NOUN">programmer</instance>
<wf lemma="from" pos="ADP">from</wf>
<wf lemma="most" pos="ADJ">most</wf>
<wf lemma="of" pos="ADP">of</wf>
<wf lemma="these" pos="DET">these</wf>
<wf lemma="runtime" pos="ADJ">runtime</wf>
<instance id="d003.s075.t003" lemma="failure" pos="NOUN">failure</instance>
<instance id="d003.s075.t004" lemma="mode" pos="NOUN">modes</instance>
<wf lemma="," pos=".">,</wf>
<wf lemma="but" pos="CONJ">but</wf>
<wf lemma="this" pos="DET">this</wf>
<instance id="d003.s075.t005" lemma="come" pos="VERB">comes</instance>
<wf lemma="at" pos="ADP">at</wf>
<wf lemma="the" pos="DET">the</wf>
<instance id="d003.s075.t006" lemma="price" pos="NOUN">price</instance>
<wf lemma="of" pos="ADP">of</wf>
<wf lemma="a" pos="DET">a</wf>
<instance id="d003.s075.t007" lemma="dramatically" pos="ADV">dramatically</instance>
<instance id="d003.s075.t008" lemma="low" pos="ADJ">lower</instance>
<instance id="d003.s075.t009" lemma="execution" pos="NOUN">execution</instance>
<instance id="d003.s075.t010" lemma="speed" pos="NOUN">speed</instance>
<wf lemma="of" pos="ADP">of</wf>
<wf lemma="the" pos="DET">the</wf>
<wf lemma="result" pos="VERB">resulting</wf>
<instance id="d003.s075.t011" lemma="program" pos="NOUN">program</instance>
<wf lemma="." pos=".">.</wf>
</sentence>
</text>
<text id="d004">
<sentence id="d004.s000">
<wf lemma="masaccio" pos="NOUN">MASACCIO</wf>
</sentence>
<sentence id="d004.s001">
<wf lemma="it" pos="PRON">It</wf>
<wf lemma="must" pos="VERB">must</wf>
<wf lemma="have" pos="VERB">have</wf>
<instance id="d004.s001.t000" lemma="be" pos="VERB">been</instance>
<wf lemma="about" pos="ADP">about</wf>
<wf lemma="the" pos="DET">the</wf>
<wf lemma="same" pos="ADJ">same</wf>
<instance id="d004.s001.t001" lemma="time" pos="NOUN">time</instance>
<wf lemma="when" pos="ADV">when</wf>
<wf lemma="fra" pos="NOUN">Fra</wf>
<wf lemma="angelico" pos="NOUN">Angelico</wf>
<wf lemma="be" pos="VERB">was</wf>
<instance id="d004.s001.t002" lemma="cover" pos="VERB">covering</instance>
<wf lemma="the" pos="DET">the</wf>
<instance id="d004.s001.t003" lemma="wall" pos="NOUN">walls</instance>
<wf lemma="of" pos="ADP">of</wf>
<wf lemma="san" pos="NOUN">San</wf>
<wf lemma="marco" pos="NOUN">Marco</wf>
<wf lemma="with" pos="ADP">with</wf>
<wf lemma="he" pos="PRON">his</wf>
<instance id="d004.s001.t004" lemma="angel" pos="NOUN">angel</instance>
<instance id="d004.s001.t005" lemma="picture" pos="NOUN">pictures</instance>
<wf lemma="," pos=".">,</wf>
<wf lemma="that" pos="ADP">that</wf>
<wf lemma="a" pos="DET">a</wf>
<instance id="d004.s001.t006" lemma="very" pos="ADV">very</instance>
<instance id="d004.s001.t007" lemma="different" pos="ADJ">different</instance>
<instance id="d004.s001.t008" lemma="kind" pos="NOUN">kind</instance>
<wf lemma="of" pos="ADP">of</wf>
<instance id="d004.s001.t009" lemma="painter" pos="NOUN">painter</instance>
<wf lemma="be" pos="VERB">was</wf>
<instance id="d004.s001.t010" lemma="work" pos="VERB">working</instance>
<wf lemma="in" pos="ADP">in</wf>
<wf lemma="the" pos="DET">the</wf>
<wf lemma="carmine" pos="NOUN">Carmine</wf>
<instance id="d004.s001.t011" lemma="church" pos="NOUN">church</instance>
<wf lemma="in" pos="ADP">in</wf>
<wf lemma="florence" pos="NOUN">Florence</wf>
<wf lemma="." pos=".">.</wf>
</sentence>
<sentence id="d004.s002">
<wf lemma="this" pos="DET">This</wf>
<instance id="d004.s002.t000" lemma="be" pos="VERB">was</instance>
<wf lemma="no" pos="DET">no</wf>
<instance id="d004.s002.t001" lemma="gentle" pos="ADJ">gentle</instance>
<wf lemma="," pos=".">,</wf>
<instance id="d004.s002.t002" lemma="refined" pos="ADJ">refined</instance>
<instance id="d004.s002.t003" lemma="monk" pos="NOUN">monk</instance>
<wf lemma="," pos=".">,</wf>
<wf lemma="but" pos="CONJ">but</wf>
<instance id="d004.s002.t004" lemma="just" pos="ADV">just</instance>
<wf lemma="a" pos="DET">an</wf>
<instance id="d004.s002.t005" lemma="ordinary" pos="ADJ">ordinary</instance>
<instance id="d004.s002.t006" lemma="man" pos="NOUN">man</instance>
<wf lemma="of" pos="ADP">of</wf>
<wf lemma="the" pos="DET">the</wf>
<instance id="d004.s002.t007" lemma="world" pos="NOUN">world</instance>
<wf lemma="a" pos="DET">an</wf>
<instance id="d004.s002.t008" lemma="awkward" pos="ADJ">awkward</instance>
<wf lemma="," pos=".">,</wf>
<instance id="d004.s002.t009" lemma="good-natured" pos="ADJ">good-natured</instance>
<instance id="d004.s002.t010" lemma="person" pos="NOUN">person</instance>
<wf lemma="," pos=".">,</wf>
<wf lemma="who" pos="PRON">who</wf>
<wf lemma="," pos=".">,</wf>
<wf lemma="as" pos="ADV">as</wf>
<wf lemma="long" pos="ADV">long</wf>
<wf lemma="as" pos="ADP">as</wf>
<wf lemma="he" pos="PRON">he</wf>
<wf lemma="have" pos="VERB">had</wf>
<instance id="d004.s002.t011" lemma="picture" pos="NOUN">pictures</instance>
<wf lemma="to" pos="PRT">to</wf>
<instance id="d004.s002.t012" lemma="paint" pos="VERB">paint</instance>
<wf lemma="," pos=".">,</wf>
<instance id="d004.s002.t013" lemma="care" pos="VERB">cared</instance>
<wf lemma="for" pos="ADP">for</wf>
<instance id="d004.s002.t014" lemma="little" pos="ADJ">little</instance>
<wf lemma="else" pos="NOUN">else</wf>
<wf lemma="." pos=".">.</wf>
</sentence>
<sentence id="d004.s003">
<wf lemma="why" pos="ADV">Why</wf>
<wf lemma="," pos=".">,</wf>
<wf lemma="he" pos="PRON">he</wf>
<wf lemma="would" pos="VERB">would</wf>
<instance id="d004.s003.t000" lemma="even" pos="ADV">even</instance>
<instance id="d004.s003.t001" lemma="forget" pos="VERB">forget</instance>
<wf lemma="to" pos="PRT">to</wf>
<instance id="d004.s003.t002" lemma="ask" pos="VERB">ask</instance>
<wf lemma="for" pos="ADP">for</wf>
<instance id="d004.s003.t003" lemma="payment" pos="NOUN">payment</instance>
<wf lemma="when" pos="ADV">when</wf>
<wf lemma="he" pos="PRON">his</wf>
<instance id="d004.s003.t004" lemma="work" pos="NOUN">work</instance>
<wf lemma="be" pos="VERB">was</wf>
<instance id="d004.s003.t005" lemma="do" pos="VERB">done</instance>
<wf lemma=";" pos=".">;</wf>
<wf lemma="and" pos="CONJ">and</wf>
<wf lemma="as" pos="ADP">as</wf>
<wf lemma="to" pos="PRT">to</wf>
<instance id="d004.s003.t006" lemma="take_care" pos="VERB">taking care</instance>
<wf lemma="of" pos="ADP">of</wf>
<wf lemma="he" pos="PRON">his</wf>
<instance id="d004.s003.t007" lemma="clothes" pos="NOUN">clothes</instance>
<wf lemma="," pos=".">,</wf>
<wf lemma="or" pos="CONJ">or</wf>
<instance id="d004.s003.t008" lemma="try" pos="VERB">trying</instance>
<wf lemma="to" pos="PRT">to</wf>
<instance id="d004.s003.t009" lemma="keep" pos="VERB">keep</instance>
<wf lemma="himself" pos="PRON">himself</wf>
<instance id="d004.s003.t010" lemma="tidy" pos="ADJ">tidy</instance>
<wf lemma="," pos=".">,</wf>
<wf lemma="that" pos="DET">that</wf>
<instance id="d004.s003.t011" lemma="be" pos="VERB">was</instance>
<wf lemma="a" pos="DET">a</wf>
<instance id="d004.s003.t012" lemma="thing" pos="NOUN">thing</instance>
<wf lemma="he" pos="PRON">he</wf>
<instance id="d004.s003.t013" lemma="never" pos="ADV">never</instance>
<instance id="d004.s003.t014" lemma="think_of" pos="VERB">thought of</instance>
<wf lemma="!" pos=".">!</wf>
</sentence>
<sentence id="d004.s004">
<wf lemma="what" pos="DET">What</wf>
<instance id="d004.s004.t000" lemma="trouble" pos="NOUN">trouble</instance>
<wf lemma="he" pos="PRON">his</wf>
<instance id="d004.s004.t001" lemma="mother" pos="NOUN">mother</instance>
<wf lemma="must" pos="VERB">must</wf>
<wf lemma="have" pos="VERB">have</wf>
<instance id="d004.s004.t002" lemma="have" pos="VERB">had</instance>
<wf lemma="with" pos="ADP">with</wf>
<wf lemma="he" pos="PRON">him</wf>
<wf lemma="when" pos="ADV">when</wf>
<wf lemma="he" pos="PRON">he</wf>
<instance id="d004.s004.t003" lemma="be" pos="VERB">was</instance>
<wf lemma="a" pos="DET">a</wf>
<instance id="d004.s004.t004" lemma="boy" pos="NOUN">boy</instance>
<wf lemma="!" pos=".">!</wf>
</sentence>
<sentence id="d004.s005">
<wf lemma="it" pos="PRON">It</wf>
<wf lemma="be" pos="VERB">was</wf>
<wf lemma="no" pos="DET">no</wf>
<wf lemma="use" pos="NOUN">use</wf>
<instance id="d004.s005.t000" lemma="send" pos="VERB">sending</instance>
<wf lemma="he" pos="PRON">him</wf>
<wf lemma="on" pos="ADP">on</wf>
<wf lemma="a" pos="DET">an</wf>
<instance id="d004.s005.t001" lemma="errand" pos="NOUN">errand</instance>
<wf lemma="," pos=".">,</wf>
<wf lemma="he" pos="PRON">he</wf>
<wf lemma="would" pos="VERB">would</wf>
<instance id="d004.s005.t002" lemma="forget" pos="VERB">forget</instance>
<wf lemma="it" pos="PRON">it</wf>
<instance id="d004.s005.t003" lemma="before" pos="ADV">before</instance>
<wf lemma="he" pos="PRON">he</wf>
<wf lemma="have" pos="VERB">had</wf>
<instance id="d004.s005.t004" lemma="go" pos="VERB">gone</instance>
<wf lemma="a" pos="DET">a</wf>
<instance id="d004.s005.t005" lemma="hundred" pos="NOUN">hundred</instance>
<instance id="d004.s005.t006" lemma="yard" pos="NOUN">yards</instance>
<wf lemma="," pos=".">,</wf>
<wf lemma="and" pos="CONJ">and</wf>
<wf lemma="he" pos="PRON">he</wf>
<instance id="d004.s005.t007" lemma="be" pos="VERB">was</instance>
<instance id="d004.s005.t008" lemma="so" pos="ADV">so</instance>
<instance id="d004.s005.t009" lemma="careless" pos="ADJ">careless</instance>
<wf lemma="and" pos="CONJ">and</wf>
<instance id="d004.s005.t010" lemma="untidy" pos="ADJ">untidy</instance>
<wf lemma="that" pos="ADP">that</wf>
<wf lemma="it" pos="PRON">it</wf>
<wf lemma="be" pos="VERB">was</wf>
<instance id="d004.s005.t011" lemma="enough" pos="ADV">enough</instance>
<wf lemma="to" pos="PRT">to</wf>
<instance id="d004.s005.t012" lemma="make" pos="VERB">make</instance>
<wf lemma="any" pos="DET">any</wf>
<wf lemma="one" pos="NUM">one</wf>
<instance id="d004.s005.t013" lemma="lose" pos="VERB">lose</instance>
<instance id="d004.s005.t014" lemma="patience" pos="NOUN">patience</instance>
<wf lemma="with" pos="ADP">with</wf>
<wf lemma="he" pos="PRON">him</wf>
<wf lemma="." pos=".">.</wf>
</sentence>
<sentence id="d004.s006">
<wf lemma="but" pos="CONJ">But</wf>
<instance id="d004.s006.t000" lemma="only" pos="ADV">only</instance>
<instance id="d004.s006.t001" lemma="let" pos="VERB">let</instance>
<wf lemma="he" pos="PRON">him</wf>
<instance id="d004.s006.t002" lemma="have" pos="VERB">have</instance>
<wf lemma="a" pos="DET">a</wf>
<instance id="d004.s006.t003" lemma="pencil" pos="NOUN">pencil</instance>
<wf lemma="and" pos="CONJ">and</wf>
<wf lemma="a" pos="DET">a</wf>
<instance id="d004.s006.t004" lemma="smooth" pos="ADJ">smooth</instance>
<instance id="d004.s006.t005" lemma="surface" pos="NOUN">surface</instance>
<wf lemma="on" pos="ADP">on</wf>
<wf lemma="which" pos="DET">which</wf>
<wf lemma="to" pos="PRT">to</wf>
<instance id="d004.s006.t006" lemma="draw" pos="VERB">draw</instance>
<wf lemma="," pos=".">,</wf>
<wf lemma="and" pos="CONJ">and</wf>
<wf lemma="he" pos="PRON">he</wf>
<instance id="d004.s006.t007" lemma="be" pos="VERB">was</instance>
<wf lemma="a" pos="DET">a</wf>
<instance id="d004.s006.t008" lemma="different" pos="ADJ">different</instance>
<instance id="d004.s006.t009" lemma="boy" pos="NOUN">boy</instance>
<wf lemma="." pos=".">.</wf>
</sentence>
<sentence id="d004.s007">
<wf lemma="it" pos="PRON">It</wf>
<wf lemma="be" pos="VERB">is</wf>
<instance id="d004.s007.t000" lemma="say" pos="VERB">said</instance>
<wf lemma="that" pos="ADP">that</wf>
<instance id="d004.s007.t001" lemma="even" pos="ADV">even</instance>
<instance id="d004.s007.t002" lemma="now" pos="ADV">now</instance>
<wf lemma="," pos=".">,</wf>
<wf lemma="in" pos="ADP">in</wf>
<wf lemma="the" pos="DET">the</wf>
<instance id="d004.s007.t003" lemma="little" pos="ADJ">little</instance>
<instance id="d004.s007.t004" lemma="town" pos="NOUN">town</instance>
<wf lemma="of" pos="ADP">of</wf>
<wf lemma="castello" pos="NOUN">Castello</wf>
<wf lemma="san" pos="NOUN">San</wf>
<wf lemma="giovanni" pos="NOUN">Giovanni</wf>
<wf lemma="," pos=".">,</wf>
<wf lemma="some" pos="DET">some</wf>
<instance id="d004.s007.t005" lemma="eighteen" pos="ADJ">eighteen</instance>
<instance id="d004.s007.t006" lemma="mile" pos="NOUN">miles</instance>
<wf lemma="from" pos="ADP">from</wf>
<wf lemma="florence" pos="NOUN">Florence</wf>
<wf lemma="," pos=".">,</wf>
<wf lemma="where" pos="ADV">where</wf>
<wf lemma="tommaso" pos="NOUN">Tommaso</wf>
<wf lemma="be" pos="VERB">was</wf>
<instance id="d004.s007.t007" lemma="bear" pos="VERB">born</instance>
<wf lemma="," pos=".">,</wf>
<wf lemma="there" pos="DET">there</wf>
<instance id="d004.s007.t008" lemma="be" pos="VERB">are</instance>
<instance id="d004.s007.t009" lemma="still" pos="ADV">still</instance>
<wf lemma="some" pos="DET">some</wf>
<instance id="d004.s007.t010" lemma="wonderfully" pos="ADV">wonderfully</instance>
<instance id="d004.s007.t011" lemma="good" pos="ADJ">good</instance>
<instance id="d004.s007.t012" lemma="figure" pos="NOUN">figures</instance>
<wf lemma="to" pos="PRT">to</wf>
<wf lemma="be" pos="VERB">be</wf>
<instance id="d004.s007.t013" lemma="see" pos="VERB">seen</instance>
<wf lemma="," pos=".">,</wf>
<instance id="d004.s007.t014" lemma="draw" pos="VERB">drawn</instance>
<wf lemma="by" pos="ADP">by</wf>
<wf lemma="he" pos="PRON">him</wf>
<wf lemma="when" pos="ADV">when</wf>
<wf lemma="he" pos="PRON">he</wf>
<instance id="d004.s007.t015" lemma="be" pos="VERB">was</instance>
<instance id="d004.s007.t016" lemma="quite" pos="ADV">quite</instance>
<wf lemma="a" pos="DET">a</wf>
<instance id="d004.s007.t017" lemma="little" pos="ADJ">little</instance>
<instance id="d004.s007.t018" lemma="boy" pos="NOUN">boy</instance>
<wf lemma="." pos=".">.</wf>
</sentence>
<sentence id="d004.s008">
<instance id="d004.s008.t000" lemma="certainly" pos="ADV">Certainly</instance>
<wf lemma="there" pos="DET">there</wf>
<instance id="d004.s008.t001" lemma="be" pos="VERB">was</instance>
<wf lemma="no" pos="DET">no</wf>
<instance id="d004.s008.t002" lemma="carelessness" pos="NOUN">carelessness</instance>
<wf lemma="and" pos="CONJ">and</wf>
<wf lemma="nothing" pos="NOUN">nothing</wf>
<instance id="d004.s008.t003" lemma="untidy" pos="ADJ">untidy</instance>
<wf lemma="about" pos="ADP">about</wf>
<wf lemma="he" pos="PRON">his</wf>
<instance id="d004.s008.t004" lemma="work" pos="NOUN">work</instance>
<wf lemma="." pos=".">.</wf>
</sentence>
<sentence id="d004.s009">
<wf lemma="as" pos="ADP">As</wf>
<wf lemma="the" pos="DET">the</wf>
<instance id="d004.s009.t000" lemma="boy" pos="NOUN">boy</instance>
<instance id="d004.s009.t001" lemma="grow" pos="VERB">grew</instance>
<instance id="d004.s009.t002" lemma="older" pos="ADJ">older</instance>
<wf lemma="all" pos="DET">all</wf>
<wf lemma="he" pos="PRON">his</wf>
<instance id="d004.s009.t003" lemma="longing" pos="NOUN">longings</instance>
<wf lemma="would" pos="VERB">would</wf>
<instance id="d004.s009.t004" lemma="turn" pos="VERB">turn</instance>
<wf lemma="towards" pos="ADP">towards</wf>
<wf lemma="florence" pos="NOUN">Florence</wf>
<wf lemma="," pos=".">,</wf>
<wf lemma="the" pos="DET">the</wf>
<instance id="d004.s009.t005" lemma="beautiful" pos="ADJ">beautiful</instance>
<instance id="d004.s009.t006" lemma="city" pos="NOUN">city</instance>
<wf lemma="where" pos="ADV">where</wf>
<wf lemma="there" pos="DET">there</wf>
<instance id="d004.s009.t007" lemma="be" pos="VERB">was</instance>
<wf lemma="everything" pos="NOUN">everything</wf>
<wf lemma="to" pos="PRT">to</wf>
<instance id="d004.s009.t008" lemma="learn" pos="VERB">learn</instance>
<wf lemma="and" pos="CONJ">and</wf>
<wf lemma="to" pos="PRT">to</wf>
<instance id="d004.s009.t009" lemma="see" pos="VERB">see</instance>
<wf lemma="," pos=".">,</wf>
<wf lemma="and" pos="CONJ">and</wf>
<instance id="d004.s009.t010" lemma="so" pos="ADV">so</instance>
<wf lemma="he" pos="PRON">he</wf>
<wf lemma="be" pos="VERB">was</wf>
<instance id="d004.s009.t011" lemma="send" pos="VERB">sent</instance>
<wf lemma="to" pos="PRT">to</wf>
<instance id="d004.s009.t012" lemma="become" pos="VERB">become</instance>
<wf lemma="a" pos="DET">a</wf>
<instance id="d004.s009.t013" lemma="pupil" pos="NOUN">pupil</instance>
<wf lemma="in" pos="ADP">in</wf>
<wf lemma="the" pos="DET">the</wf>
<instance id="d004.s009.t014" lemma="studio" pos="NOUN">studio</instance>
<wf lemma="of" pos="ADP">of</wf>
<wf lemma="masolino" pos="NOUN">Masolino</wf>
<wf lemma="," pos=".">,</wf>
<wf lemma="a" pos="DET">a</wf>
<instance id="d004.s009.t015" lemma="great" pos="ADJ">great</instance>
<instance id="d004.s009.t016" lemma="florentine" pos="ADJ">Florentine</instance>
<instance id="d004.s009.t017" lemma="painter" pos="NOUN">painter</instance>
<wf lemma="." pos=".">.</wf>
</sentence>
<sentence id="d004.s010">
<wf lemma="but" pos="CONJ">But</wf>
<wf lemma="though" pos="ADP">though</wf>
<wf lemma="he" pos="PRON">his</wf>
<instance id="d004.s010.t000" lemma="drawing" pos="NOUN">drawings</instance>
<instance id="d004.s010.t001" lemma="improve" pos="VERB">improved</instance>
<wf lemma="," pos=".">,</wf>
<wf lemma="he" pos="PRON">his</wf>
<instance id="d004.s010.t002" lemma="careless" pos="ADJ">careless</instance>
<instance id="d004.s010.t003" lemma="habit" pos="NOUN">habits</instance>
<instance id="d004.s010.t004" lemma="continue" pos="VERB">continued</instance>
<wf lemma="the" pos="DET">the</wf>
<wf lemma="same" pos="ADJ">same</wf>
<wf lemma="." pos=".">.</wf>
</sentence>
<sentence id="d004.s011">
<wf lemma="`" pos=".">`</wf>
<wf lemma="there" pos="DET">There</wf>
<instance id="d004.s011.t000" lemma="go" pos="VERB">goes</instance>
<wf lemma="tommaso" pos="NOUN">Tommaso</wf>
<wf lemma="the" pos="DET">the</wf>
<instance id="d004.s011.t001" lemma="painter" pos="NOUN">painter</instance>
<wf lemma="," pos=".">,</wf>
<wf lemma="'" pos=".">'</wf>
<wf lemma="the" pos="DET">the</wf>
<instance id="d004.s011.t002" lemma="people" pos="NOUN">people</instance>
<wf lemma="would" pos="VERB">would</wf>
<instance id="d004.s011.t003" lemma="say" pos="VERB">say</instance>
<wf lemma="," pos=".">,</wf>
<instance id="d004.s011.t004" lemma="watch" pos="VERB">watching</instance>
<wf lemma="the" pos="DET">the</wf>
<instance id="d004.s011.t005" lemma="big" pos="ADJ">big</instance>
<instance id="d004.s011.t006" lemma="awkward" pos="ADJ">awkward</instance>
<instance id="d004.s011.t007" lemma="figure" pos="NOUN">figure</instance>
<instance id="d004.s011.t008" lemma="pass_through" pos="VERB">passing through</instance>
<wf lemma="the" pos="DET">the</wf>
<instance id="d004.s011.t009" lemma="street" pos="NOUN">streets</instance>
<wf lemma="on" pos="ADP">on</wf>
<wf lemma="he" pos="PRON">his</wf>
<instance id="d004.s011.t010" lemma="way" pos="NOUN">way</instance>
<wf lemma="to" pos="PRT">to</wf>
<instance id="d004.s011.t011" lemma="work" pos="VERB">work</instance>
<wf lemma="." pos=".">.</wf>
</sentence>
<sentence id="d004.s012">
<wf lemma="`" pos=".">`</wf>
<instance id="d004.s012.t000" lemma="truly" pos="ADV">Truly</instance>
<wf lemma="he" pos="PRON">he</wf>
<instance id="d004.s012.t001" lemma="pay" pos="VERB">pays</instance>
<wf lemma="but" pos="CONJ">but</wf>
<instance id="d004.s012.t002" lemma="little" pos="ADJ">little</instance>
<instance id="d004.s012.t003" lemma="heed" pos="NOUN">heed</instance>
<wf lemma="to" pos="PRT">to</wf>
<wf lemma="he" pos="PRON">his</wf>
<instance id="d004.s012.t004" lemma="appearance" pos="NOUN">appearance</instance>
<wf lemma="." pos=".">.</wf>
</sentence>
<sentence id="d004.s013">
<instance id="d004.s013.t000" lemma="look" pos="VERB">Look</instance>
<wf lemma="but" pos="CONJ">but</wf>
<wf lemma="at" pos="ADP">at</wf>
<wf lemma="he" pos="PRON">his</wf>
<instance id="d004.s013.t001" lemma="untidy" pos="ADJ">untidy</instance>
<instance id="d004.s013.t002" lemma="hair" pos="NOUN">hair</instance>
<wf lemma="and" pos="CONJ">and</wf>
<wf lemma="the" pos="DET">the</wf>
<instance id="d004.s013.t003" lemma="hole" pos="NOUN">holes</instance>
<wf lemma="in" pos="ADP">in</wf>
<wf lemma="he" pos="PRON">his</wf>
<instance id="d004.s013.t004" lemma="boot" pos="NOUN">boots</instance>
<wf lemma="." pos=".">.</wf>
<wf lemma="'" pos=".">'</wf>
</sentence>
<sentence id="d004.s014">
<wf lemma="`" pos=".">`</wf>
<wf lemma="ay" pos="NOUN">Ay</wf>
<wf lemma="," pos=".">,</wf>
<instance id="d004.s014.t000" lemma="indeed" pos="ADV">indeed</instance>
<wf lemma="!" pos=".">!</wf>
<wf lemma="'" pos=".">'</wf>
<wf lemma="another" pos="DET">another</wf>
<wf lemma="would" pos="VERB">would</wf>
<instance id="d004.s014.t001" lemma="answer" pos="VERB">answer</instance>
<wf lemma=";" pos=".">;</wf>
</sentence>
<sentence id="d004.s015">
<wf lemma="`" pos=".">`</wf>
<wf lemma="and" pos="CONJ">and</wf>
<instance id="d004.s015.t000" lemma="yet" pos="ADV">yet</instance>
<wf lemma="it" pos="PRON">it</wf>
<wf lemma="be" pos="VERB">is</wf>
<instance id="d004.s015.t001" lemma="say" pos="VERB">said</instance>
<wf lemma="if" pos="ADP">if</wf>
<instance id="d004.s015.t002" lemma="only" pos="ADV">only</instance>
<instance id="d004.s015.t003" lemma="people" pos="NOUN">people</instance>
<instance id="d004.s015.t004" lemma="pay" pos="VERB">paid</instance>
<wf lemma="he" pos="PRON">him</wf>
<wf lemma="all" pos="DET">all</wf>
<wf lemma="they" pos="PRON">they</wf>
<instance id="d004.s015.t005" lemma="owe" pos="VERB">owed</instance>
<wf lemma="he" pos="PRON">he</wf>
<wf lemma="would" pos="VERB">would</wf>
<instance id="d004.s015.t006" lemma="have" pos="VERB">have</instance>
<instance id="d004.s015.t007" lemma="gold" pos="NOUN">gold</instance>
<instance id="d004.s015.t008" lemma="enough" pos="ADV">enough</instance>
<wf lemma="and" pos="CONJ">and</wf>
<wf lemma="to" pos="PRT">to</wf>
<instance id="d004.s015.t009" lemma="spare" pos="VERB">spare</instance>
<wf lemma="." pos=".">.</wf>
</sentence>
<sentence id="d004.s016">
<wf lemma="but" pos="CONJ">But</wf>
<wf lemma="what" pos="PRON">what</wf>
<instance id="d004.s016.t000" lemma="care" pos="VERB">cares</instance>
<wf lemma="he" pos="PRON">he</wf>
<wf lemma="so" pos="ADV">so</wf>
<wf lemma="long" pos="ADV">long</wf>
<wf lemma="as" pos="ADP">as</wf>
<wf lemma="he" pos="PRON">he</wf>
<instance id="d004.s016.t001" lemma="have" pos="VERB">has</instance>
<wf lemma="he" pos="PRON">his</wf>
<instance id="d004.s016.t002" lemma="paint" pos="NOUN">paints</instance>
<wf lemma="and" pos="CONJ">and</wf>
<instance id="d004.s016.t003" lemma="brush" pos="NOUN">brushes</instance>
<wf lemma="?" pos=".">?</wf>
</sentence>
<sentence id="d004.s017">
<wf lemma="``" pos=".">``</wf>
<wf lemma="masaccio" pos="NOUN">Masaccio</wf>
<wf lemma="''" pos=".">''</wf>
<wf lemma="would" pos="VERB">would</wf>
<instance id="d004.s017.t000" lemma="be" pos="VERB">be</instance>
<wf lemma="a" pos="DET">a</wf>
<instance id="d004.s017.t001" lemma="fit" pos="ADJ">fitter</instance>
<instance id="d004.s017.t002" lemma="name" pos="NOUN">name</instance>
<wf lemma="for" pos="ADP">for</wf>
<wf lemma="he" pos="PRON">him</wf>
<wf lemma="than" pos="ADP">than</wf>
<wf lemma="tommaso" pos="NOUN">Tommaso</wf>
<wf lemma="." pos=".">.</wf>
<wf lemma="'" pos=".">'</wf>
</sentence>
<sentence id="d004.s018">
<instance id="d004.s018.t000" lemma="so" pos="ADV">So</instance>
<wf lemma="the" pos="DET">the</wf>
<instance id="d004.s018.t001" lemma="name" pos="NOUN">name</instance>
<wf lemma="masaccio" pos="NOUN">Masaccio</wf>
<wf lemma="," pos=".">,</wf>
<wf lemma="or" pos="CONJ">or</wf>
<wf lemma="ugly" pos="NOUN">Ugly</wf>
<wf lemma="tom" pos="NOUN">Tom</wf>
<wf lemma="," pos=".">,</wf>
<instance id="d004.s018.t002" lemma="come" pos="VERB">came</instance>
<wf lemma="to" pos="PRT">to</wf>
<instance id="d004.s018.t003" lemma="be" pos="VERB">be</instance>
<wf lemma="that" pos="ADP">that</wf>
<wf lemma="by" pos="ADP">by</wf>
<wf lemma="which" pos="DET">which</wf>
<wf lemma="the" pos="DET">the</wf>
<instance id="d004.s018.t004" lemma="big" pos="ADJ">big</instance>
<instance id="d004.s018.t005" lemma="awkward" pos="ADJ">awkward</instance>
<instance id="d004.s018.t006" lemma="painter" pos="NOUN">painter</instance>
<wf lemma="be" pos="VERB">was</wf>
<instance id="d004.s018.t007" lemma="know" pos="VERB">known</instance>
<wf lemma="." pos=".">.</wf>
</sentence>
<sentence id="d004.s019">
<wf lemma="but" pos="CONJ">But</wf>
<wf lemma="no" pos="DET">no</wf>
<wf lemma="one" pos="NOUN">one</wf>
<instance id="d004.s019.t000" lemma="think_of" pos="VERB">thinks of</instance>
<wf lemma="the" pos="DET">the</wf>
<instance id="d004.s019.t001" lemma="unkind" pos="ADJ">unkind</instance>
<instance id="d004.s019.t002" lemma="meaning" pos="NOUN">meaning</instance>
<wf lemma="of" pos="ADP">of</wf>
<wf lemma="the" pos="DET">the</wf>
<instance id="d004.s019.t003" lemma="nickname" pos="NOUN">nickname</instance>
<instance id="d004.s019.t004" lemma="now" pos="ADV">now</instance>
<wf lemma="," pos=".">,</wf>
<wf lemma="for" pos="ADP">for</wf>
<wf lemma="masaccio" pos="NOUN">Masaccio</wf>
<wf lemma="be" pos="VERB">is</wf>
<instance id="d004.s019.t005" lemma="honour" pos="VERB">honoured</instance>
<wf lemma="as" pos="ADP">as</wf>
<instance id="d004.s019.t006" lemma="one" pos="ADJ">one</instance>
<wf lemma="of" pos="ADP">of</wf>
<wf lemma="the" pos="DET">the</wf>
<instance id="d004.s019.t007" lemma="great" pos="ADJ">great</instance>
<instance id="d004.s019.t008" lemma="name" pos="NOUN">names</instance>
<wf lemma="in" pos="ADP">in</wf>
<wf lemma="the" pos="DET">the</wf>
<instance id="d004.s019.t009" lemma="history" pos="NOUN">history</instance>
<wf lemma="of" pos="ADP">of</wf>
<instance id="d004.s019.t010" lemma="art" pos="NOUN">Art</instance>
<wf lemma="." pos=".">.</wf>
</sentence>
<sentence id="d004.s020">
<wf lemma="this" pos="DET">This</wf>
<instance id="d004.s020.t000" lemma="painter" pos="NOUN">painter</instance>
<wf lemma="," pos=".">,</wf>
<instance id="d004.s020.t001" lemma="careless" pos="ADJ">careless</instance>
<wf lemma="of" pos="ADP">of</wf>
<wf lemma="many" pos="ADJ">many</wf>
<instance id="d004.s020.t002" lemma="thing" pos="NOUN">things</instance>
<wf lemma="," pos=".">,</wf>
<instance id="d004.s020.t003" lemma="care" pos="VERB">cared</instance>
<wf lemma="with" pos="ADP">with</wf>
<wf lemma="all" pos="DET">all</wf>
<wf lemma="he" pos="PRON">his</wf>
<instance id="d004.s020.t004" lemma="heart_and_soul" pos="NOUN">heart and soul</instance>
<wf lemma="for" pos="ADP">for</wf>
<wf lemma="the" pos="DET">the</wf>
<instance id="d004.s020.t005" lemma="work" pos="NOUN">work</instance>
<wf lemma="he" pos="PRON">he</wf>
<wf lemma="have" pos="VERB">had</wf>
<instance id="d004.s020.t006" lemma="choose" pos="VERB">chosen</instance>
<wf lemma="to" pos="PRT">to</wf>
<instance id="d004.s020.t007" lemma="do" pos="VERB">do</instance>
<wf lemma="." pos=".">.</wf>
</sentence>
<sentence id="d004.s021">
<wf lemma="it" pos="PRON">It</wf>
<instance id="d004.s021.t000" lemma="seem" pos="VERB">seemed</instance>
<wf lemma="to" pos="PRT">to</wf>
<wf lemma="he" pos="PRON">him</wf>
<wf lemma="that" pos="ADP">that</wf>
<instance id="d004.s021.t001" lemma="painter" pos="NOUN">painters</instance>
<wf lemma="have" pos="VERB">had</wf>
<instance id="d004.s021.t002" lemma="always" pos="ADV">always</instance>
<instance id="d004.s021.t003" lemma="fail" pos="VERB">failed</instance>
<wf lemma="to" pos="PRT">to</wf>
<instance id="d004.s021.t004" lemma="make" pos="VERB">make</instance>
<wf lemma="they" pos="PRON">their</wf>
<instance id="d004.s021.t005" lemma="picture" pos="NOUN">pictures</instance>
<wf lemma="like" pos="ADP">like</wf>
<instance id="d004.s021.t006" lemma="living" pos="ADJ">living</instance>
<instance id="d004.s021.t007" lemma="thing" pos="NOUN">things</instance>
<wf lemma="." pos=".">.</wf>
</sentence>
<sentence id="d004.s022">
<wf lemma="the" pos="DET">The</wf>
<instance id="d004.s022.t000" lemma="picture" pos="NOUN">pictures</instance>
<wf lemma="they" pos="PRON">they</wf>
<instance id="d004.s022.t001" lemma="paint" pos="VERB">painted</instance>
<instance id="d004.s022.t002" lemma="be" pos="VERB">were</instance>
<instance id="d004.s022.t003" lemma="flat" pos="ADJ">flat</instance>
<wf lemma="," pos=".">,</wf>
<wf lemma="not" pos="ADV">not</wf>
<wf lemma="round" pos="ADJ">round</wf>
<wf lemma="as" pos="ADP">as</wf>
<wf lemma="a" pos="DET">a</wf>
<instance id="d004.s022.t004" lemma="figure" pos="NOUN">figure</instance>
<wf lemma="should" pos="VERB">should</wf>
<instance id="d004.s022.t005" lemma="be" pos="VERB">be</instance>
<wf lemma="," pos=".">,</wf>
<wf lemma="and" pos="CONJ">and</wf>
<instance id="d004.s022.t006" lemma="very" pos="ADV">very</instance>
<instance id="d004.s022.t007" lemma="often" pos="ADV">often</instance>
<wf lemma="the" pos="DET">the</wf>
<instance id="d004.s022.t008" lemma="foot" pos="NOUN">feet</instance>
<wf lemma="do" pos="VERB">did</wf>
<wf lemma="not" pos="ADV">not</wf>
<instance id="d004.s022.t009" lemma="look" pos="VERB">look</instance>
<wf lemma="as" pos="ADP">as</wf>
<wf lemma="if" pos="ADP">if</wf>
<wf lemma="they" pos="PRON">they</wf>
<wf lemma="be" pos="VERB">were</wf>
<instance id="d004.s022.t010" lemma="stand" pos="VERB">standing</instance>
<wf lemma="on" pos="ADP">on</wf>
<wf lemma="the" pos="DET">the</wf>
<instance id="d004.s022.t011" lemma="ground" pos="NOUN">ground</instance>
<instance id="d004.s022.t012" lemma="at_all" pos="ADV">at all</instance>
<wf lemma="," pos=".">,</wf>
<wf lemma="but" pos="CONJ">but</wf>
<instance id="d004.s022.t013" lemma="point" pos="VERB">pointed</instance>
<instance id="d004.s022.t014" lemma="downwards" pos="ADV">downwards</instance>
<wf lemma="as" pos="ADP">as</wf>
<wf lemma="if" pos="ADP">if</wf>
<wf lemma="they" pos="PRON">they</wf>
<wf lemma="be" pos="VERB">were</wf>
<instance id="d004.s022.t015" lemma="hang" pos="VERB">hanging</instance>
<wf lemma="in" pos="ADP">in</wf>
<wf lemma="the" pos="DET">the</wf>
<instance id="d004.s022.t016" lemma="air" pos="NOUN">air</instance>
<wf lemma="." pos=".">.</wf>
</sentence>
<sentence id="d004.s023">
<instance id="d004.s023.t000" lemma="so" pos="ADV">So</instance>
<wf lemma="he" pos="PRON">he</wf>
<instance id="d004.s023.t001" lemma="work" pos="VERB">worked</instance>
<wf lemma="with" pos="ADP">with</wf>
<instance id="d004.s023.t002" lemma="light" pos="NOUN">light</instance>
<wf lemma="and" pos="CONJ">and</wf>
<instance id="d004.s023.t003" lemma="shadow" pos="NOUN">shadow</instance>
<wf lemma="and" pos="CONJ">and</wf>
<instance id="d004.s023.t004" lemma="careful" pos="ADJ">careful</instance>
<instance id="d004.s023.t005" lemma="drawing" pos="NOUN">drawing</instance>
<wf lemma="until" pos="ADP">until</wf>
<wf lemma="the" pos="DET">the</wf>
<instance id="d004.s023.t006" lemma="figure" pos="NOUN">figures</instance>
<wf lemma="he" pos="PRON">he</wf>
<instance id="d004.s023.t007" lemma="draw" pos="VERB">drew</instance>
<instance id="d004.s023.t008" lemma="look" pos="VERB">looked</instance>
<wf lemma="round" pos="VERB">rounded</wf>
<instance id="d004.s023.t009" lemma="instead" pos="ADV">instead</instance>
<wf lemma="of" pos="ADP">of</wf>
<instance id="d004.s023.t010" lemma="flat" pos="ADJ">flat</instance>
<wf lemma="," pos=".">,</wf>
<wf lemma="and" pos="CONJ">and</wf>
<wf lemma="they" pos="PRON">their</wf>
<instance id="d004.s023.t011" lemma="foot" pos="NOUN">feet</instance>
<wf lemma="be" pos="VERB">were</wf>
<instance id="d004.s023.t012" lemma="plant" pos="VERB">planted</instance>
<instance id="d004.s023.t013" lemma="firmly" pos="ADV">firmly</instance>
<wf lemma="on" pos="ADP">on</wf>
<wf lemma="the" pos="DET">the</wf>
<instance id="d004.s023.t014" lemma="ground" pos="NOUN">ground</instance>
<wf lemma="." pos=".">.</wf>
</sentence>
<sentence id="d004.s024">
<wf lemma="he" pos="PRON">His</wf>
<instance id="d004.s024.t000" lemma="model" pos="NOUN">models</instance>
<wf lemma="be" pos="VERB">were</wf>
<instance id="d004.s024.t001" lemma="take" pos="VERB">taken</instance>
<wf lemma="from" pos="ADP">from</wf>
<wf lemma="the" pos="DET">the</wf>
<instance id="d004.s024.t002" lemma="ordinary" pos="ADJ">ordinary</instance>
<instance id="d004.s024.t003" lemma="florentine" pos="ADJ">Florentine</instance>
<instance id="d004.s024.t004" lemma="youth" pos="NOUN">youths</instance>
<wf lemma="whom" pos="PRON">whom</wf>
<wf lemma="he" pos="PRON">he</wf>
<instance id="d004.s024.t005" lemma="see" pos="VERB">saw</instance>
<instance id="d004.s024.t006" lemma="daily" pos="ADV">daily</instance>
<wf lemma="in" pos="ADP">in</wf>
<wf lemma="the" pos="DET">the</wf>
<instance id="d004.s024.t007" lemma="studio" pos="NOUN">studio</instance>
<wf lemma="," pos=".">,</wf>
<wf lemma="but" pos="CONJ">but</wf>
<wf lemma="he" pos="PRON">he</wf>
<instance id="d004.s024.t008" lemma="draw" pos="VERB">drew</instance>
<wf lemma="they" pos="PRON">them</wf>
<wf lemma="as" pos="ADP">as</wf>
<wf lemma="no" pos="DET">no</wf>
<wf lemma="one" pos="NOUN">one</wf>
<wf lemma="have" pos="VERB">had</wf>
<instance id="d004.s024.t009" lemma="draw" pos="VERB">drawn</instance>
<instance id="d004.s024.t010" lemma="figure" pos="NOUN">figures</instance>
<instance id="d004.s024.t011" lemma="before" pos="ADV">before</instance>
<wf lemma="." pos=".">.</wf>
</sentence>
<sentence id="d004.s025">
<wf lemma="the" pos="DET">The</wf>
<instance id="d004.s025.t000" lemma="building" pos="NOUN">buildings</instance>
<wf lemma="," pos=".">,</wf>
<instance id="d004.s025.t001" lemma="too" pos="ADV">too</instance>
<wf lemma="," pos=".">,</wf>
<wf lemma="he" pos="PRON">he</wf>
<instance id="d004.s025.t002" lemma="make" pos="VERB">made</instance>
<wf lemma="to" pos="PRT">to</wf>
<instance id="d004.s025.t003" lemma="look_like" pos="VERB">look like</instance>
<instance id="d004.s025.t004" lemma="real" pos="ADJ">real</instance>
<instance id="d004.s025.t005" lemma="house" pos="NOUN">houses</instance>
<instance id="d004.s025.t006" lemma="lead" pos="VERB">leading</instance>
<instance id="d004.s025.t007" lemma="away" pos="ADV">away</instance>
<wf lemma="into" pos="ADP">into</wf>
<wf lemma="the" pos="DET">the</wf>
<instance id="d004.s025.t008" lemma="distance" pos="NOUN">distance</instance>
<wf lemma="," pos=".">,</wf>
<wf lemma="and" pos="CONJ">and</wf>
<wf lemma="not" pos="ADV">not</wf>
<instance id="d004.s025.t009" lemma="just" pos="ADV">just</instance>
<wf lemma="like" pos="ADP">like</wf>
<wf lemma="a" pos="DET">a</wf>
<instance id="d004.s025.t010" lemma="flat" pos="ADJ">flat</instance>
<instance id="d004.s025.t011" lemma="picture" pos="NOUN">picture</instance>
<wf lemma="." pos=".">.</wf>
</sentence>
<sentence id="d004.s026">
<wf lemma="he" pos="PRON">He</wf>
<instance id="d004.s026.t000" lemma="paint" pos="VERB">painted</instance>
<wf lemma="many" pos="ADJ">many</wf>
<instance id="d004.s026.t001" lemma="fresco" pos="NOUN">frescoes</instance>
<wf lemma="both" pos="CONJ">both</wf>
<wf lemma="in" pos="ADP">in</wf>
<wf lemma="florence" pos="NOUN">Florence</wf>
<wf lemma="and" pos="CONJ">and</wf>
<wf lemma="rome" pos="NOUN">Rome</wf>
<wf lemma="," pos=".">,</wf>
<wf lemma="this" pos="DET">this</wf>
<wf lemma="ugly" pos="NOUN">Ugly</wf>
<wf lemma="tom" pos="NOUN">Tom</wf>
<wf lemma="," pos=".">,</wf>
<wf lemma="but" pos="CONJ">but</wf>
<wf lemma="at" pos="ADP">at</wf>
<wf lemma="the" pos="DET">the</wf>
<instance id="d004.s026.t002" lemma="time" pos="NOUN">time</instance>
<wf lemma="the" pos="DET">the</wf>
<instance id="d004.s026.t003" lemma="people" pos="NOUN">people</instance>
<wf lemma="do" pos="VERB">did</wf>
<wf lemma="not" pos="ADV">not</wf>
<instance id="d004.s026.t004" lemma="pay" pos="VERB">pay</instance>
<wf lemma="he" pos="PRON">him</wf>
<wf lemma="much" pos="ADJ">much</wf>
<instance id="d004.s026.t005" lemma="honour" pos="NOUN">honour</instance>
<wf lemma="," pos=".">,</wf>
<wf lemma="for" pos="ADP">for</wf>
<wf lemma="they" pos="PRON">they</wf>
<instance id="d004.s026.t006" lemma="think" pos="VERB">thought</instance>
<wf lemma="he" pos="PRON">him</wf>
<instance id="d004.s026.t007" lemma="just" pos="ADV">just</instance>
<wf lemma="a" pos="DET">a</wf>
<instance id="d004.s026.t008" lemma="great" pos="ADJ">great</instance>
<instance id="d004.s026.t009" lemma="awkward" pos="ADJ">awkward</instance>
<instance id="d004.s026.t010" lemma="fellow" pos="NOUN">fellow</instance>
<wf lemma="with" pos="ADP">with</wf>
<wf lemma="he" pos="PRON">his</wf>
<instance id="d004.s026.t011" lemma="head" pos="NOUN">head</instance>
<instance id="d004.s026.t012" lemma="always" pos="ADV">always</instance>
<wf lemma="in" pos="ADP">in</wf>
<wf lemma="the" pos="DET">the</wf>
<instance id="d004.s026.t013" lemma="cloud" pos="NOUN">clouds</instance>
<wf lemma="." pos=".">.</wf>
</sentence>
<sentence id="d004.s027">
<instance id="d004.s027.t000" lemma="perhaps" pos="ADV">Perhaps</instance>
<wf lemma="if" pos="ADP">if</wf>
<wf lemma="he" pos="PRON">he</wf>
<wf lemma="have" pos="VERB">had</wf>
<instance id="d004.s027.t001" lemma="live" pos="VERB">lived</instance>
<instance id="d004.s027.t002" lemma="longer" pos="ADV">longer</instance>
<instance id="d004.s027.t003" lemma="fame" pos="NOUN">fame</instance>
<wf lemma="and" pos="CONJ">and</wf>
<instance id="d004.s027.t004" lemma="wealth" pos="NOUN">wealth</instance>
<wf lemma="would" pos="VERB">would</wf>
<wf lemma="have" pos="VERB">have</wf>
<instance id="d004.s027.t005" lemma="come" pos="VERB">come</instance>
<wf lemma="to" pos="PRT">to</wf>
<wf lemma="he" pos="PRON">him</wf>
<wf lemma="," pos=".">,</wf>
<wf lemma="but" pos="CONJ">but</wf>
<wf lemma="he" pos="PRON">he</wf>
<instance id="d004.s027.t006" lemma="die" pos="VERB">died</instance>
<wf lemma="when" pos="ADV">when</wf>
<wf lemma="he" pos="PRON">he</wf>
<instance id="d004.s027.t007" lemma="be" pos="VERB">was</instance>
<instance id="d004.s027.t008" lemma="still" pos="ADV">still</instance>
<wf lemma="a" pos="DET">a</wf>
<instance id="d004.s027.t009" lemma="young_man" pos="NOUN">young man</instance>
<wf lemma="," pos=".">,</wf>
<wf lemma="and" pos="CONJ">and</wf>
<instance id="d004.s027.t010" lemma="only" pos="ADV">only</instance>
<wf lemma="a" pos="DET">a</wf>
<wf lemma="few" pos="ADJ">few</wf>
<instance id="d004.s027.t011" lemma="realise" pos="VERB">realised</instance>
<wf lemma="how" pos="ADV">how</wf>
<instance id="d004.s027.t012" lemma="great" pos="ADJ">great</instance>
<wf lemma="he" pos="PRON">he</wf>
<instance id="d004.s027.t013" lemma="be" pos="VERB">was</instance>
<wf lemma="." pos=".">.</wf>
</sentence>
<sentence id="d004.s028">
<wf lemma="but" pos="CONJ">But</wf>
<wf lemma="in" pos="ADP">in</wf>
<wf lemma="after" pos="ADP">after</wf>
<instance id="d004.s028.t000" lemma="year" pos="NOUN">years</instance>
<wf lemma="," pos=".">,</wf>
<instance id="d004.s028.t001" lemma="one_by_one" pos="ADV">one by one</instance>
<wf lemma="," pos=".">,</wf>
<wf lemma="all" pos="DET">all</wf>
<wf lemma="the" pos="DET">the</wf>
<instance id="d004.s028.t002" lemma="great" pos="ADJ">great</instance>
<instance id="d004.s028.t003" lemma="artist" pos="NOUN">artists</instance>
<wf lemma="would" pos="VERB">would</wf>
<instance id="d004.s028.t004" lemma="come" pos="VERB">come</instance>
<wf lemma="to" pos="PRT">to</wf>
<wf lemma="that" pos="DET">that</wf>
<instance id="d004.s028.t005" lemma="little" pos="ADJ">little</instance>
<instance id="d004.s028.t006" lemma="chapel" pos="NOUN">chapel</instance>
<wf lemma="of" pos="ADP">of</wf>
<wf lemma="the" pos="DET">the</wf>
<wf lemma="carmine" pos="NOUN">Carmine</wf>
<instance id="d004.s028.t007" lemma="there" pos="ADV">there</instance>
<wf lemma="to" pos="PRT">to</wf>
<instance id="d004.s028.t008" lemma="learn" pos="VERB">learn</instance>
<wf lemma="they" pos="PRON">their</wf>
<instance id="d004.s028.t009" lemma="first" pos="ADJ">first</instance>
<instance id="d004.s028.t010" lemma="lesson" pos="NOUN">lessons</instance>
<wf lemma="from" pos="ADP">from</wf>
<wf lemma="those" pos="DET">those</wf>
<instance id="d004.s028.t011" lemma="lifelike" pos="ADJ">life-like</instance>
<instance id="d004.s028.t012" lemma="figure" pos="NOUN">figures</instance>
<wf lemma="." pos=".">.</wf>
</sentence>
<sentence id="d004.s029">
<instance id="d004.s029.t000" lemma="especially" pos="ADV">Especially</instance>
<wf lemma="they" pos="PRON">they</wf>
<wf lemma="would" pos="VERB">would</wf>
<instance id="d004.s029.t001" lemma="stand" pos="VERB">stand</instance>
<wf lemma="before" pos="ADP">before</wf>
<wf lemma="the" pos="DET">the</wf>
<instance id="d004.s029.t002" lemma="fresco" pos="NOUN">fresco</instance>
<wf lemma="which" pos="DET">which</wf>
<instance id="d004.s029.t003" lemma="show" pos="VERB">shows</instance>
<wf lemma="st" pos="NOUN">St</wf>
<wf lemma="." pos=".">.</wf>
<wf lemma="peter" pos="NOUN">Peter</wf>
<instance id="d004.s029.t004" lemma="baptize" pos="VERB">baptizing</instance>
<wf lemma="a" pos="DET">a</wf>
<instance id="d004.s029.t005" lemma="crowd" pos="NOUN">crowd</instance>
<wf lemma="of" pos="ADP">of</wf>
<instance id="d004.s029.t006" lemma="people" pos="NOUN">people</instance>
<wf lemma="." pos=".">.</wf>
</sentence>
<sentence id="d004.s030">
<wf lemma="and" pos="CONJ">And</wf>
<wf lemma="in" pos="ADP">in</wf>
<wf lemma="that" pos="DET">that</wf>
<instance id="d004.s030.t000" lemma="fresco" pos="NOUN">fresco</instance>
<wf lemma="they" pos="PRON">they</wf>
<wf lemma="would" pos="VERB">would</wf>
<instance id="d004.s030.t001" lemma="study" pos="VERB">study</instance>
<instance id="d004.s030.t002" lemma="more_than" pos="ADJ">more than</instance>
<wf lemma="all" pos="DET">all</wf>
<wf lemma="the" pos="DET">the</wf>
<instance id="d004.s030.t003" lemma="figure" pos="NOUN">figure</instance>
<wf lemma="of" pos="ADP">of</wf>
<wf lemma="a" pos="DET">a</wf>
<instance id="d004.s030.t004" lemma="boy" pos="NOUN">boy</instance>
<wf lemma="who" pos="PRON">who</wf>
<wf lemma="have" pos="VERB">has</wf>
<instance id="d004.s030.t005" lemma="just" pos="ADV">just</instance>
<instance id="d004.s030.t006" lemma="come" pos="VERB">come</instance>
<wf lemma="out" pos="ADP">out</wf>
<wf lemma="of" pos="ADP">of</wf>
<wf lemma="the" pos="DET">the</wf>
<instance id="d004.s030.t007" lemma="water" pos="NOUN">water</instance>
<wf lemma="," pos=".">,</wf>
<instance id="d004.s030.t008" lemma="shiver" pos="VERB">shivering</instance>
<wf lemma="with" pos="ADP">with</wf>
<instance id="d004.s030.t009" lemma="cold" pos="NOUN">cold</instance>
<wf lemma="," pos=".">,</wf>
<wf lemma="the" pos="DET">the</wf>
<wf lemma="most" pos="ADV">most</wf>
<instance id="d004.s030.t010" lemma="natural" pos="ADJ">natural</instance>
<instance id="d004.s030.t011" lemma="figure" pos="NOUN">figure</instance>
<wf lemma="that" pos="DET">that</wf>
<wf lemma="have" pos="VERB">had</wf>
<instance id="d004.s030.t012" lemma="ever" pos="ADV">ever</instance>
<wf lemma="be" pos="VERB">been</wf>
<instance id="d004.s030.t013" lemma="paint" pos="VERB">painted</instance>
<wf lemma="up" pos="ADP">up</wf>
<wf lemma="to" pos="PRT">to</wf>
<wf lemma="that" pos="DET">that</wf>
<instance id="d004.s030.t014" lemma="time" pos="NOUN">time</instance>
<wf lemma="." pos=".">.</wf>
</sentence>
<sentence id="d004.s031">
<wf lemma="all" pos="DET">All</wf>
<instance id="d004.s031.t000" lemma="thing" pos="NOUN">things</instance>
<wf lemma="must" pos="VERB">must</wf>
<wf lemma="be" pos="VERB">be</wf>
<instance id="d004.s031.t001" lemma="learn" pos="VERB">learnt</instance>
<instance id="d004.s031.t002" lemma="little_by_little" pos="ADV">little by little</instance>
<wf lemma="," pos=".">,</wf>
<wf lemma="and" pos="CONJ">and</wf>
<wf lemma="each" pos="DET">each</wf>
<instance id="d004.s031.t003" lemma="new" pos="ADJ">new</instance>
<instance id="d004.s031.t004" lemma="thing" pos="NOUN">thing</instance>
<wf lemma="we" pos="PRON">we</wf>
<instance id="d004.s031.t005" lemma="know" pos="VERB">know</instance>
<instance id="d004.s031.t006" lemma="be" pos="VERB">is</instance>
<wf lemma="a" pos="DET">a</wf>
<instance id="d004.s031.t007" lemma="step" pos="NOUN">step</instance>
<instance id="d004.s031.t008" lemma="onwards" pos="ADV">onwards</instance>
<wf lemma="." pos=".">.</wf>
</sentence>
<sentence id="d004.s032">
<instance id="d004.s032.t000" lemma="so" pos="ADV">So</instance>
<wf lemma="this" pos="DET">this</wf>
<instance id="d004.s032.t001" lemma="figure" pos="NOUN">figure</instance>
<wf lemma="of" pos="ADP">of</wf>
<wf lemma="the" pos="DET">the</wf>
<instance id="d004.s032.t002" lemma="shivering" pos="ADJ">shivering</instance>
<instance id="d004.s032.t003" lemma="boy" pos="NOUN">boy</instance>
<instance id="d004.s032.t004" lemma="mark" pos="VERB">marks</instance>
<wf lemma="a" pos="DET">a</wf>
<instance id="d004.s032.t005" lemma="higher" pos="ADJ">higher</instance>
<instance id="d004.s032.t006" lemma="step" pos="NOUN">step</instance>
<wf lemma="of" pos="ADP">of</wf>
<wf lemma="the" pos="DET">the</wf>
<instance id="d004.s032.t007" lemma="golden" pos="ADJ">golden</instance>
<instance id="d004.s032.t008" lemma="ladder" pos="NOUN">ladder</instance>
<wf lemma="of" pos="ADP">of</wf>
<instance id="d004.s032.t009" lemma="art" pos="NOUN">Art</instance>
<wf lemma="than" pos="ADP">than</wf>
<wf lemma="any" pos="DET">any</wf>
<wf lemma="that" pos="DET">that</wf>
<wf lemma="have" pos="VERB">had</wf>
<wf lemma="be" pos="VERB">been</wf>
<instance id="d004.s032.t010" lemma="touch" pos="VERB">touched</instance>
<instance id="d004.s032.t011" lemma="before" pos="ADV">before</instance>
<wf lemma="." pos=".">.</wf>
</sentence>
<sentence id="d004.s033">
<wf lemma="and" pos="CONJ">And</wf>
<wf lemma="this" pos="DET">this</wf>
<instance id="d004.s033.t000" lemma="alone" pos="ADV">alone</instance>
<wf lemma="would" pos="VERB">would</wf>
<wf lemma="have" pos="VERB">have</wf>
<instance id="d004.s033.t001" lemma="make" pos="VERB">made</instance>
<wf lemma="the" pos="DET">the</wf>
<instance id="d004.s033.t002" lemma="name" pos="NOUN">name</instance>
<wf lemma="of" pos="ADP">of</wf>
<wf lemma="masaccio" pos="NOUN">Masaccio</wf>
<instance id="d004.s033.t003" lemma="worthy" pos="ADJ">worthy</instance>
<wf lemma="to" pos="PRT">to</wf>
<wf lemma="be" pos="VERB">be</wf>
<instance id="d004.s033.t004" lemma="place" pos="VERB">placed</instance>
<wf lemma="upon" pos="ADP">upon</wf>
<wf lemma="the" pos="DET">the</wf>
<instance id="d004.s033.t005" lemma="list" pos="NOUN">list</instance>
<wf lemma="of" pos="ADP">of</wf>
<instance id="d004.s033.t006" lemma="world" pos="NOUN">world</instance>
<wf lemma="'s" pos="PRT">'s</wf>
<instance id="d004.s033.t007" lemma="great" pos="ADJ">great</instance>
<instance id="d004.s033.t008" lemma="painter" pos="NOUN">painters</instance>
<wf lemma="." pos=".">.</wf>
</sentence>
</text>
</corpus>
